<?xml version="1.0" encoding="UTF-8" ?>
<testsuite errors="0" failures="0" hostname="travis-job-1c6560bb-4901-4970-b542-733f5326be05" name="ptolemy.domains.modal.test.junit.JUnitTclTest" skipped="0" tests="148" time="10.892" timestamp="2020-08-14T15:28:59">
  <properties>
[...]
</properties>
  <testcase classname="ptolemy.util.test.junit.TclTests" name="[0] /home/travis/build/icyphy/ptII/ptolemy/domains/modal/test/SystemLevelType.tcl (RunTclFile)" time="2.043" />
  <testcase classname="ptolemy.util.test.junit.AutoKnownFailedTests" name="[0] /home/travis/build/icyphy/ptII/ptolemy/domains/modal/test/auto/knownFailedTests/CannotAnalysisWithPreemption.xml (RunModel)" time="0.309" />
  <testcase classname="ptolemy.util.test.junit.AutoNameArchTests" name="[0] ThereAreNoAutoArchTests (RunModel)" time="0.004" />
  <testcase classname="ptolemy.util.test.junit.AutoTests" name="[0] /home/travis/build/icyphy/ptII/ptolemy/domains/modal/test/auto/ABPTest.xml (RunModel)" time="0.826" />
  <testcase classname="ptolemy.util.test.junit.AutoTests" name="[1] /home/travis/build/icyphy/ptII/ptolemy/domains/modal/test/auto/ABROFlat.xml (RunModel)" time="0.09" />
  <testcase classname="ptolemy.util.test.junit.AutoTests" name="[2] /home/travis/build/icyphy/ptII/ptolemy/domains/modal/test/auto/ABROFlat2.xml (RunModel)" time="0.058" />
  <testcase classname="ptolemy.util.test.junit.AutoTests" name="[3] /home/travis/build/icyphy/ptII/ptolemy/domains/modal/test/auto/ABRO_present_hmm.xml (RunModel)" time="0.128" />
  <testcase classname="ptolemy.util.test.junit.AutoTests" name="[4] /home/travis/build/icyphy/ptII/ptolemy/domains/modal/test/auto/AMICoderExample.xml (RunModel)" time="0.088" />
  <testcase classname="ptolemy.util.test.junit.AutoTests" name="[5] /home/travis/build/icyphy/ptII/ptolemy/domains/modal/test/auto/AbsentToPresent.xml (RunModel)" time="0.023" />
  <testcase classname="ptolemy.util.test.junit.AutoTests" name="[6] /home/travis/build/icyphy/ptII/ptolemy/domains/modal/test/auto/Blending.xml (RunModel)" time="0.305" />
  <testcase classname="ptolemy.util.test.junit.AutoTests" name="[7] /home/travis/build/icyphy/ptII/ptolemy/domains/modal/test/auto/Broadcast.xml (RunModel)" time="0.044" />
  <testcase classname="ptolemy.util.test.junit.AutoTests" name="[8] /home/travis/build/icyphy/ptII/ptolemy/domains/modal/test/auto/BroadcastHierarchy.xml (RunModel)" time="0.062" />
  <testcase classname="ptolemy.util.test.junit.AutoTests" name="[9] /home/travis/build/icyphy/ptII/ptolemy/domains/modal/test/auto/BroadcastHierarchy2.xml (RunModel)" time="0.128" />
  <testcase classname="ptolemy.util.test.junit.AutoTests" name="[10] /home/travis/build/icyphy/ptII/ptolemy/domains/modal/test/auto/BroadcastHierarchy3.xml (RunModel)" time="0.099" />
  <testcase classname="ptolemy.util.test.junit.AutoTests" name="[11] /home/travis/build/icyphy/ptII/ptolemy/domains/modal/test/auto/BroadcastHierarchy4.xml (RunModel)" time="0.111" />
  <testcase classname="ptolemy.util.test.junit.AutoTests" name="[12] /home/travis/build/icyphy/ptII/ptolemy/domains/modal/test/auto/CannotAnalysisWithPreemption2.xml (RunModel)" time="0.039" />
  <testcase classname="ptolemy.util.test.junit.AutoTests" name="[13] /home/travis/build/icyphy/ptII/ptolemy/domains/modal/test/auto/CannotAnalysisWithPreemption3.xml (RunModel)" time="0.042" />
  <testcase classname="ptolemy.util.test.junit.AutoTests" name="[14] /home/travis/build/icyphy/ptII/ptolemy/domains/modal/test/auto/CannotProduce.xml (RunModel)" time="0.036" />
  <testcase classname="ptolemy.util.test.junit.AutoTests" name="[15] /home/travis/build/icyphy/ptII/ptolemy/domains/modal/test/auto/CannotProduceModal.xml (RunModel)" time="0.039" />
  <testcase classname="ptolemy.util.test.junit.AutoTests" name="[16] /home/travis/build/icyphy/ptII/ptolemy/domains/modal/test/auto/Case.xml (RunModel)" time="0.074" />
  <testcase classname="ptolemy.util.test.junit.AutoTests" name="[17] /home/travis/build/icyphy/ptII/ptolemy/domains/modal/test/auto/Case1.xml (RunModel)" time="0.03" />
  <testcase classname="ptolemy.util.test.junit.AutoTests" name="[18] /home/travis/build/icyphy/ptII/ptolemy/domains/modal/test/auto/Case2.xml (RunModel)" time="0.072" />
  <testcase classname="ptolemy.util.test.junit.AutoTests" name="[19] /home/travis/build/icyphy/ptII/ptolemy/domains/modal/test/auto/CausalityInterface1.xml (RunModel)" time="0.02" />
  <testcase classname="ptolemy.util.test.junit.AutoTests" name="[20] /home/travis/build/icyphy/ptII/ptolemy/domains/modal/test/auto/CausalityInterface10.xml (RunModel)" time="0.054" />
  <testcase classname="ptolemy.util.test.junit.AutoTests" name="[21] /home/travis/build/icyphy/ptII/ptolemy/domains/modal/test/auto/CausalityInterface11.xml (RunModel)" time="0.053" />
  <testcase classname="ptolemy.util.test.junit.AutoTests" name="[22] /home/travis/build/icyphy/ptII/ptolemy/domains/modal/test/auto/CausalityInterface12.xml (RunModel)" time="0.045" />
  <testcase classname="ptolemy.util.test.junit.AutoTests" name="[23] /home/travis/build/icyphy/ptII/ptolemy/domains/modal/test/auto/CausalityInterface13.xml (RunModel)" time="0.057" />
  <testcase classname="ptolemy.util.test.junit.AutoTests" name="[24] /home/travis/build/icyphy/ptII/ptolemy/domains/modal/test/auto/CausalityInterface14.xml (RunModel)" time="0.048" />
  <testcase classname="ptolemy.util.test.junit.AutoTests" name="[25] /home/travis/build/icyphy/ptII/ptolemy/domains/modal/test/auto/CausalityInterface2.xml (RunModel)" time="0.025" />
  <testcase classname="ptolemy.util.test.junit.AutoTests" name="[26] /home/travis/build/icyphy/ptII/ptolemy/domains/modal/test/auto/CausalityInterface3.xml (RunModel)" time="0.024" />
  <testcase classname="ptolemy.util.test.junit.AutoTests" name="[27] /home/travis/build/icyphy/ptII/ptolemy/domains/modal/test/auto/CausalityInterface4.xml (RunModel)" time="0.028" />
  <testcase classname="ptolemy.util.test.junit.AutoTests" name="[28] /home/travis/build/icyphy/ptII/ptolemy/domains/modal/test/auto/CausalityInterface5.xml (RunModel)" time="0.03" />
  <testcase classname="ptolemy.util.test.junit.AutoTests" name="[29] /home/travis/build/icyphy/ptII/ptolemy/domains/modal/test/auto/CausalityInterface6.xml (RunModel)" time="0.058" />
  <testcase classname="ptolemy.util.test.junit.AutoTests" name="[30] /home/travis/build/icyphy/ptII/ptolemy/domains/modal/test/auto/CausalityInterface7.xml (RunModel)" time="0.033" />
  <testcase classname="ptolemy.util.test.junit.AutoTests" name="[31] /home/travis/build/icyphy/ptII/ptolemy/domains/modal/test/auto/CausalityInterface8.xml (RunModel)" time="0.029" />
  <testcase classname="ptolemy.util.test.junit.AutoTests" name="[32] /home/travis/build/icyphy/ptII/ptolemy/domains/modal/test/auto/CausalityInterface9.xml (RunModel)" time="0.042" />
  <testcase classname="ptolemy.util.test.junit.AutoTests" name="[33] /home/travis/build/icyphy/ptII/ptolemy/domains/modal/test/auto/ChainedTransitions.xml (RunModel)" time="0.165" />
  <testcase classname="ptolemy.util.test.junit.AutoTests" name="[34] /home/travis/build/icyphy/ptII/ptolemy/domains/modal/test/auto/CycleOfImmediateTransitionsFSM.xml (RunModel)" time="0.019" />
  <testcase classname="ptolemy.util.test.junit.AutoTests" name="[35] /home/travis/build/icyphy/ptII/ptolemy/domains/modal/test/auto/CycleOfImmediateTransitionsModal.xml (RunModel)" time="0.021" />
  <testcase classname="ptolemy.util.test.junit.AutoTests" name="[36] /home/travis/build/icyphy/ptII/ptolemy/domains/modal/test/auto/CycleOfImmediateTransitionsModal2.xml (RunModel)" time="0.027" />
  <testcase classname="ptolemy.util.test.junit.AutoTests" name="[37] /home/travis/build/icyphy/ptII/ptolemy/domains/modal/test/auto/CycleOfImmediateTransitionsModal3.xml (RunModel)" time="0.078" />
  <testcase classname="ptolemy.util.test.junit.AutoTests" name="[38] /home/travis/build/icyphy/ptII/ptolemy/domains/modal/test/auto/DeepModal1.xml (RunModel)" time="0.056" />
  <testcase classname="ptolemy.util.test.junit.AutoTests" name="[39] /home/travis/build/icyphy/ptII/ptolemy/domains/modal/test/auto/DeepModal2.xml (RunModel)" time="0.074" />
  <testcase classname="ptolemy.util.test.junit.AutoTests" name="[40] /home/travis/build/icyphy/ptII/ptolemy/domains/modal/test/auto/DeepModal3.xml (RunModel)" time="0.054" />
  <testcase classname="ptolemy.util.test.junit.AutoTests" name="[41] /home/travis/build/icyphy/ptII/ptolemy/domains/modal/test/auto/DeepModal4.xml (RunModel)" time="0.071" />
  <testcase classname="ptolemy.util.test.junit.AutoTests" name="[42] /home/travis/build/icyphy/ptII/ptolemy/domains/modal/test/auto/Default1.xml (RunModel)" time="0.021" />
  <testcase classname="ptolemy.util.test.junit.AutoTests" name="[43] /home/travis/build/icyphy/ptII/ptolemy/domains/modal/test/auto/Default2.xml (RunModel)" time="0.021" />
  <testcase classname="ptolemy.util.test.junit.AutoTests" name="[44] /home/travis/build/icyphy/ptII/ptolemy/domains/modal/test/auto/Default3.xml (RunModel)" time="0.02" />
  <testcase classname="ptolemy.util.test.junit.AutoTests" name="[45] /home/travis/build/icyphy/ptII/ptolemy/domains/modal/test/auto/Default4.xml (RunModel)" time="0.02" />
  <testcase classname="ptolemy.util.test.junit.AutoTests" name="[46] /home/travis/build/icyphy/ptII/ptolemy/domains/modal/test/auto/Default5.xml (RunModel)" time="0.024" />
  <testcase classname="ptolemy.util.test.junit.AutoTests" name="[47] /home/travis/build/icyphy/ptII/ptolemy/domains/modal/test/auto/EmptyGuard.xml (RunModel)" time="0.03" />
  <testcase classname="ptolemy.util.test.junit.AutoTests" name="[48] /home/travis/build/icyphy/ptII/ptolemy/domains/modal/test/auto/ErrorTransition1.xml (RunModel)" time="0.034" />
  <testcase classname="ptolemy.util.test.junit.AutoTests" name="[49] /home/travis/build/icyphy/ptII/ptolemy/domains/modal/test/auto/ErrorTransition10.xml (RunModel)" time="0.063" />
  <testcase classname="ptolemy.util.test.junit.AutoTests" name="[50] /home/travis/build/icyphy/ptII/ptolemy/domains/modal/test/auto/ErrorTransition11.xml (RunModel)" time="0.042" />
  <testcase classname="ptolemy.util.test.junit.AutoTests" name="[51] /home/travis/build/icyphy/ptII/ptolemy/domains/modal/test/auto/ErrorTransition2.xml (RunModel)" time="0.037" />
  <testcase classname="ptolemy.util.test.junit.AutoTests" name="[52] /home/travis/build/icyphy/ptII/ptolemy/domains/modal/test/auto/ErrorTransition3.xml (RunModel)" time="0.051" />
  <testcase classname="ptolemy.util.test.junit.AutoTests" name="[53] /home/travis/build/icyphy/ptII/ptolemy/domains/modal/test/auto/ErrorTransition4.xml (RunModel)" time="0.044" />
  <testcase classname="ptolemy.util.test.junit.AutoTests" name="[54] /home/travis/build/icyphy/ptII/ptolemy/domains/modal/test/auto/ErrorTransition5.xml (RunModel)" time="0.039" />
  <testcase classname="ptolemy.util.test.junit.AutoTests" name="[55] /home/travis/build/icyphy/ptII/ptolemy/domains/modal/test/auto/ErrorTransition6.xml (RunModel)" time="0.029" />
  <testcase classname="ptolemy.util.test.junit.AutoTests" name="[56] /home/travis/build/icyphy/ptII/ptolemy/domains/modal/test/auto/ErrorTransition7.xml (RunModel)" time="0.045" />
  <testcase classname="ptolemy.util.test.junit.AutoTests" name="[57] /home/travis/build/icyphy/ptII/ptolemy/domains/modal/test/auto/ErrorTransition8.xml (RunModel)" time="0.049" />
  <testcase classname="ptolemy.util.test.junit.AutoTests" name="[58] /home/travis/build/icyphy/ptII/ptolemy/domains/modal/test/auto/ErrorTransition9.xml (RunModel)" time="0.048" />
  <testcase classname="ptolemy.util.test.junit.AutoTests" name="[59] /home/travis/build/icyphy/ptII/ptolemy/domains/modal/test/auto/ExtendedFSM.xml (RunModel)" time="0.022" />
  <testcase classname="ptolemy.util.test.junit.AutoTests" name="[60] /home/travis/build/icyphy/ptII/ptolemy/domains/modal/test/auto/FinalStates.xml (RunModel)" time="0.025" />
  <testcase classname="ptolemy.util.test.junit.AutoTests" name="[61] /home/travis/build/icyphy/ptII/ptolemy/domains/modal/test/auto/FixedPointFSM.xml (RunModel)" time="0.056" />
  <testcase classname="ptolemy.util.test.junit.AutoTests" name="[62] /home/travis/build/icyphy/ptII/ptolemy/domains/modal/test/auto/FixedPointIterationFSMActor.xml (RunModel)" time="0.036" />
  <testcase classname="ptolemy.util.test.junit.AutoTests" name="[63] /home/travis/build/icyphy/ptII/ptolemy/domains/modal/test/auto/FixedPointIterationFSMActor2.xml (RunModel)" time="0.031" />
  <testcase classname="ptolemy.util.test.junit.AutoTests" name="[64] /home/travis/build/icyphy/ptII/ptolemy/domains/modal/test/auto/ForbiddenInstantanousLoop.xml (RunModel)" time="0.042" />
  <testcase classname="ptolemy.util.test.junit.AutoTests" name="[65] /home/travis/build/icyphy/ptII/ptolemy/domains/modal/test/auto/FunctionDependencyOfFSMActorTest.xml (RunModel)" time="0.029" />
  <testcase classname="ptolemy.util.test.junit.AutoTests" name="[66] /home/travis/build/icyphy/ptII/ptolemy/domains/modal/test/auto/GuardExpression.xml (RunModel)" time="0.015" />
  <testcase classname="ptolemy.util.test.junit.AutoTests" name="[67] /home/travis/build/icyphy/ptII/ptolemy/domains/modal/test/auto/GuardNotEvaluated.xml (RunModel)" time="0.029" />
  <testcase classname="ptolemy.util.test.junit.AutoTests" name="[68] /home/travis/build/icyphy/ptII/ptolemy/domains/modal/test/auto/GuardNotEvaluated2.xml (RunModel)" time="0.026" />
  <testcase classname="ptolemy.util.test.junit.AutoTests" name="[69] /home/travis/build/icyphy/ptII/ptolemy/domains/modal/test/auto/GuardOnAbsent.xml (RunModel)" time="0.024" />
  <testcase classname="ptolemy.util.test.junit.AutoTests" name="[70] /home/travis/build/icyphy/ptII/ptolemy/domains/modal/test/auto/HierarchicalFSMTypeInference.xml (RunModel)" time="0.03" />
  <testcase classname="ptolemy.util.test.junit.AutoTests" name="[71] /home/travis/build/icyphy/ptII/ptolemy/domains/modal/test/auto/Hysteresis.xml (RunModel)" time="0.045" />
  <testcase classname="ptolemy.util.test.junit.AutoTests" name="[72] /home/travis/build/icyphy/ptII/ptolemy/domains/modal/test/auto/HysteresisWithDefault.xml (RunModel)" time="0.072" />
  <testcase classname="ptolemy.util.test.junit.AutoTests" name="[73] /home/travis/build/icyphy/ptII/ptolemy/domains/modal/test/auto/HysteresisWithDefault2.xml (RunModel)" time="0.097" />
  <testcase classname="ptolemy.util.test.junit.AutoTests" name="[74] /home/travis/build/icyphy/ptII/ptolemy/domains/modal/test/auto/ImmediateNonConstructiveness.xml (RunModel)" time="0.022" />
  <testcase classname="ptolemy.util.test.junit.AutoTests" name="[75] /home/travis/build/icyphy/ptII/ptolemy/domains/modal/test/auto/ImmediateNonConstructiveness2.xml (RunModel)" time="0.021" />
  <testcase classname="ptolemy.util.test.junit.AutoTests" name="[76] /home/travis/build/icyphy/ptII/ptolemy/domains/modal/test/auto/ImmediateTransitionReset.xml (RunModel)" time="0.039" />
  <testcase classname="ptolemy.util.test.junit.AutoTests" name="[77] /home/travis/build/icyphy/ptII/ptolemy/domains/modal/test/auto/ImmediateTransitions1.xml (RunModel)" time="0.013" />
  <testcase classname="ptolemy.util.test.junit.AutoTests" name="[78] /home/travis/build/icyphy/ptII/ptolemy/domains/modal/test/auto/ImmediateTransitionsInstantaneousCommunication.xml (RunModel)" time="0.029" />
  <testcase classname="ptolemy.util.test.junit.AutoTests" name="[79] /home/travis/build/icyphy/ptII/ptolemy/domains/modal/test/auto/InitialImmediateTransition.xml (RunModel)" time="0.017" />
  <testcase classname="ptolemy.util.test.junit.AutoTests" name="[80] /home/travis/build/icyphy/ptII/ptolemy/domains/modal/test/auto/InitialOutputs.xml (RunModel)" time="0.016" />
  <testcase classname="ptolemy.util.test.junit.AutoTests" name="[81] /home/travis/build/icyphy/ptII/ptolemy/domains/modal/test/auto/InitialStateTransition1.xml (RunModel)" time="0.019" />
  <testcase classname="ptolemy.util.test.junit.AutoTests" name="[82] /home/travis/build/icyphy/ptII/ptolemy/domains/modal/test/auto/InitialStateTransition2.xml (RunModel)" time="0.041" />
  <testcase classname="ptolemy.util.test.junit.AutoTests" name="[83] /home/travis/build/icyphy/ptII/ptolemy/domains/modal/test/auto/InitialStateTransition3.xml (RunModel)" time="0.027" />
  <testcase classname="ptolemy.util.test.junit.AutoTests" name="[84] /home/travis/build/icyphy/ptII/ptolemy/domains/modal/test/auto/InitialStateTransition4.xml (RunModel)" time="0.031" />
  <testcase classname="ptolemy.util.test.junit.AutoTests" name="[85] /home/travis/build/icyphy/ptII/ptolemy/domains/modal/test/auto/MalformedGuardExpressionNotCaught.xml (RunModel)" time="0.026" />
  <testcase classname="ptolemy.util.test.junit.AutoTests" name="[86] /home/travis/build/icyphy/ptII/ptolemy/domains/modal/test/auto/ModalBSC.xml (RunModel)" time="0.1" />
  <testcase classname="ptolemy.util.test.junit.AutoTests" name="[87] /home/travis/build/icyphy/ptII/ptolemy/domains/modal/test/auto/ModalClocks.xml (RunModel)" time="0.076" />
  <testcase classname="ptolemy.util.test.junit.AutoTests" name="[88] /home/travis/build/icyphy/ptII/ptolemy/domains/modal/test/auto/ModalDelay.xml (RunModel)" time="0.049" />
  <testcase classname="ptolemy.util.test.junit.AutoTests" name="[89] /home/travis/build/icyphy/ptII/ptolemy/domains/modal/test/auto/ModalDelay2.xml (RunModel)" time="0.046" />
  <testcase classname="ptolemy.util.test.junit.AutoTests" name="[90] /home/travis/build/icyphy/ptII/ptolemy/domains/modal/test/auto/ModalModelFromMemo.xml (RunModel)" time="0.056" />
  <testcase classname="ptolemy.util.test.junit.AutoTests" name="[91] /home/travis/build/icyphy/ptII/ptolemy/domains/modal/test/auto/ModalModelWithMultirateTransient.xml (RunModel)" time="0.049" />
  <testcase classname="ptolemy.util.test.junit.AutoTests" name="[92] /home/travis/build/icyphy/ptII/ptolemy/domains/modal/test/auto/ModalModelWithReset.xml (RunModel)" time="0.052" />
  <testcase classname="ptolemy.util.test.junit.AutoTests" name="[93] /home/travis/build/icyphy/ptII/ptolemy/domains/modal/test/auto/MouseClickFSM.xml (RunModel)" time="0.043" />
  <testcase classname="ptolemy.util.test.junit.AutoTests" name="[94] /home/travis/build/icyphy/ptII/ptolemy/domains/modal/test/auto/MouseClickFSMModal.xml (RunModel)" time="0.049" />
  <testcase classname="ptolemy.util.test.junit.AutoTests" name="[95] /home/travis/build/icyphy/ptII/ptolemy/domains/modal/test/auto/NonStrictFSM_FeedbackLoop.xml (RunModel)" time="0.049" />
  <testcase classname="ptolemy.util.test.junit.AutoTests" name="[96] /home/travis/build/icyphy/ptII/ptolemy/domains/modal/test/auto/NonStrictFSM_FeedbackLoop_Refinement.xml (RunModel)" time="0.085" />
  <testcase classname="ptolemy.util.test.junit.AutoTests" name="[97] /home/travis/build/icyphy/ptII/ptolemy/domains/modal/test/auto/NonStrictFSM_FeedbackLoop_preemptive.xml (RunModel)" time="0.061" />
  <testcase classname="ptolemy.util.test.junit.AutoTests" name="[98] /home/travis/build/icyphy/ptII/ptolemy/domains/modal/test/auto/NormalTermination.xml (RunModel)" time="0.047" />
  <testcase classname="ptolemy.util.test.junit.AutoTests" name="[99] /home/travis/build/icyphy/ptII/ptolemy/domains/modal/test/auto/Pong.xml (RunModel)" time="0.079" />
  <testcase classname="ptolemy.util.test.junit.AutoTests" name="[100] /home/travis/build/icyphy/ptII/ptolemy/domains/modal/test/auto/Pong_test.xml (RunModel)" time="0.1" />
  <testcase classname="ptolemy.util.test.junit.AutoTests" name="[101] /home/travis/build/icyphy/ptII/ptolemy/domains/modal/test/auto/PreemptionHierarchy.xml (RunModel)" time="0.023" />
  <testcase classname="ptolemy.util.test.junit.AutoTests" name="[102] /home/travis/build/icyphy/ptII/ptolemy/domains/modal/test/auto/PreemptionHierarchy2.xml (RunModel)" time="0.03" />
  <testcase classname="ptolemy.util.test.junit.AutoTests" name="[103] /home/travis/build/icyphy/ptII/ptolemy/domains/modal/test/auto/PreemptiveTransition.xml (RunModel)" time="0.023" />
  <testcase classname="ptolemy.util.test.junit.AutoTests" name="[104] /home/travis/build/icyphy/ptII/ptolemy/domains/modal/test/auto/Priorities.xml (RunModel)" time="0.097" />
  <testcase classname="ptolemy.util.test.junit.AutoTests" name="[105] /home/travis/build/icyphy/ptII/ptolemy/domains/modal/test/auto/ResetFinal.xml (RunModel)" time="0.046" />
  <testcase classname="ptolemy.util.test.junit.AutoTests" name="[106] /home/travis/build/icyphy/ptII/ptolemy/domains/modal/test/auto/ResetFinal2.xml (RunModel)" time="0.03" />
  <testcase classname="ptolemy.util.test.junit.AutoTests" name="[107] /home/travis/build/icyphy/ptII/ptolemy/domains/modal/test/auto/ResetTransitionWithStartTime.xml (RunModel)" time="0.03" />
  <testcase classname="ptolemy.util.test.junit.AutoTests" name="[108] /home/travis/build/icyphy/ptII/ptolemy/domains/modal/test/auto/SDF-FSMComposite.xml (RunModel)" time="0.022" />
  <testcase classname="ptolemy.util.test.junit.AutoTests" name="[109] /home/travis/build/icyphy/ptII/ptolemy/domains/modal/test/auto/SeeminglyNondeterminate.xml (RunModel)" time="0.074" />
  <testcase classname="ptolemy.util.test.junit.AutoTests" name="[110] /home/travis/build/icyphy/ptII/ptolemy/domains/modal/test/auto/SeeminglyNondeterminate2.xml (RunModel)" time="0.073" />
  <testcase classname="ptolemy.util.test.junit.AutoTests" name="[111] /home/travis/build/icyphy/ptII/ptolemy/domains/modal/test/auto/SpontaneousFSM.xml (RunModel)" time="0.046" />
  <testcase classname="ptolemy.util.test.junit.AutoTests" name="[112] /home/travis/build/icyphy/ptII/ptolemy/domains/modal/test/auto/SpontaneousFSM2.xml (RunModel)" time="0.029" />
  <testcase classname="ptolemy.util.test.junit.AutoTests" name="[113] /home/travis/build/icyphy/ptII/ptolemy/domains/modal/test/auto/SpontaneousFSM3.xml (RunModel)" time="0.046" />
  <testcase classname="ptolemy.util.test.junit.AutoTests" name="[114] /home/travis/build/icyphy/ptII/ptolemy/domains/modal/test/auto/SpontaneousFSM4.xml (RunModel)" time="0.058" />
  <testcase classname="ptolemy.util.test.junit.AutoTests" name="[115] /home/travis/build/icyphy/ptII/ptolemy/domains/modal/test/auto/StateTrackerTest.xml (RunModel)" time="0.044" />
  <testcase classname="ptolemy.util.test.junit.AutoTests" name="[116] /home/travis/build/icyphy/ptII/ptolemy/domains/modal/test/auto/StrongImmediateTransition.xml (RunModel)" time="0.018" />
  <testcase classname="ptolemy.util.test.junit.AutoTests" name="[117] /home/travis/build/icyphy/ptII/ptolemy/domains/modal/test/auto/SustainHierarchy.xml (RunModel)" time="0.03" />
  <testcase classname="ptolemy.util.test.junit.AutoTests" name="[118] /home/travis/build/icyphy/ptII/ptolemy/domains/modal/test/auto/TerminationTransition1.xml (RunModel)" time="0.019" />
  <testcase classname="ptolemy.util.test.junit.AutoTests" name="[119] /home/travis/build/icyphy/ptII/ptolemy/domains/modal/test/auto/TerminationTransition2.xml (RunModel)" time="0.025" />
  <testcase classname="ptolemy.util.test.junit.AutoTests" name="[120] /home/travis/build/icyphy/ptII/ptolemy/domains/modal/test/auto/TerminationTransition3.xml (RunModel)" time="0.023" />
  <testcase classname="ptolemy.util.test.junit.AutoTests" name="[121] /home/travis/build/icyphy/ptII/ptolemy/domains/modal/test/auto/TerminationTransition4.xml (RunModel)" time="0.036" />
  <testcase classname="ptolemy.util.test.junit.AutoTests" name="[122] /home/travis/build/icyphy/ptII/ptolemy/domains/modal/test/auto/TerminationTransition5.xml (RunModel)" time="0.031" />
  <testcase classname="ptolemy.util.test.junit.AutoTests" name="[123] /home/travis/build/icyphy/ptII/ptolemy/domains/modal/test/auto/TerminationTransition6.xml (RunModel)" time="0.021" />
  <testcase classname="ptolemy.util.test.junit.AutoTests" name="[124] /home/travis/build/icyphy/ptII/ptolemy/domains/modal/test/auto/TerminationTransition7.xml (RunModel)" time="0.021" />
  <testcase classname="ptolemy.util.test.junit.AutoTests" name="[125] /home/travis/build/icyphy/ptII/ptolemy/domains/modal/test/auto/TerminationTransition8.xml (RunModel)" time="0.023" />
  <testcase classname="ptolemy.util.test.junit.AutoTests" name="[126] /home/travis/build/icyphy/ptII/ptolemy/domains/modal/test/auto/Thermostat_NoHysteresis.xml (RunModel)" time="0.058" />
  <testcase classname="ptolemy.util.test.junit.AutoTests" name="[127] /home/travis/build/icyphy/ptII/ptolemy/domains/modal/test/auto/TimedFSM.xml (RunModel)" time="0.032" />
  <testcase classname="ptolemy.util.test.junit.AutoTests" name="[128] /home/travis/build/icyphy/ptII/ptolemy/domains/modal/test/auto/Timeout1.xml (RunModel)" time="0.016" />
  <testcase classname="ptolemy.util.test.junit.AutoTests" name="[129] /home/travis/build/icyphy/ptII/ptolemy/domains/modal/test/auto/Timeout2.xml (RunModel)" time="0.032" />
  <testcase classname="ptolemy.util.test.junit.AutoTests" name="[130] /home/travis/build/icyphy/ptII/ptolemy/domains/modal/test/auto/Timeout3.xml (RunModel)" time="0.011" />
  <testcase classname="ptolemy.util.test.junit.AutoTests" name="[131] /home/travis/build/icyphy/ptII/ptolemy/domains/modal/test/auto/Timeout4.xml (RunModel)" time="0.011" />
  <testcase classname="ptolemy.util.test.junit.AutoTests" name="[132] /home/travis/build/icyphy/ptII/ptolemy/domains/modal/test/auto/TransientstateModelAdvanced.xml (RunModel)" time="0.028" />
  <testcase classname="ptolemy.util.test.junit.AutoTests" name="[133] /home/travis/build/icyphy/ptII/ptolemy/domains/modal/test/auto/TransientstateModelAdvanced2.xml (RunModel)" time="0.029" />
  <testcase classname="ptolemy.util.test.junit.AutoTests" name="[134] /home/travis/build/icyphy/ptII/ptolemy/domains/modal/test/auto/TransitionRefinements.xml (RunModel)" time="0.022" />
  <testcase classname="ptolemy.util.test.junit.AutoTests" name="[135] /home/travis/build/icyphy/ptII/ptolemy/domains/modal/test/auto/TwoRefinements1.xml (RunModel)" time="0.024" />
  <testcase classname="ptolemy.util.test.junit.AutoTests" name="[136] /home/travis/build/icyphy/ptII/ptolemy/domains/modal/test/auto/TwoRefinements2.xml (RunModel)" time="0.023" />
  <testcase classname="ptolemy.util.test.junit.AutoTests" name="[137] /home/travis/build/icyphy/ptII/ptolemy/domains/modal/test/auto/WeakImmediateTransition.xml (RunModel)" time="0.028" />
  <testcase classname="ptolemy.util.test.junit.AutoTests" name="[138] /home/travis/build/icyphy/ptII/ptolemy/domains/modal/test/auto/booleanSelect.xml (RunModel)" time="0.074" />
  <testcase classname="ptolemy.util.test.junit.AutoTests" name="[139] /home/travis/build/icyphy/ptII/ptolemy/domains/modal/test/auto/modalChangingParams.xml (RunModel)" time="0.329" />
  <testcase classname="ptolemy.util.test.junit.AutoTests" name="[140] /home/travis/build/icyphy/ptII/ptolemy/domains/modal/test/auto/modalModel.xml (RunModel)" time="0.03" />
  <testcase classname="ptolemy.util.test.junit.AutoTests" name="[141] /home/travis/build/icyphy/ptII/ptolemy/domains/modal/test/auto/modalModel2.xml (RunModel)" time="0.043" />
  <testcase classname="ptolemy.util.test.junit.AutoTests" name="[142] /home/travis/build/icyphy/ptII/ptolemy/domains/modal/test/auto/modalModel3.xml (RunModel)" time="0.053" />
  <testcase classname="ptolemy.util.test.junit.AutoTests" name="[143] /home/travis/build/icyphy/ptII/ptolemy/domains/modal/test/auto/model1.xml (RunModel)" time="0.027" />
  <testcase classname="ptolemy.util.test.junit.AutoTests" name="[144] /home/travis/build/icyphy/ptII/ptolemy/domains/modal/test/auto/test-direct-in-out.xml (RunModel)" time="0.035" />
  <system-out><![CDATA[/home/travis/build/icyphy/ptII/ptolemy/domains/modal/test/SystemLevelType.tcl
testDefs.tcl: setting time out to 9000 seconds at Fri Aug 14 15:29:00 UTC 2020
08/14/20 03:29:02
Failed: 0  Total Tests: 1  ((Passed: 1, Newly Passed: 0)  Known Failed: 0) /home/travis/build/icyphy/ptII/ptolemy/domains/modal/test
----------------- testing (KnownFailure) /home/travis/build/icyphy/ptII/ptolemy/domains/modal/test/auto/knownFailedTests/CannotAnalysisWithPreemption.xml
150 ms. Memory: 162816K Free: 121598K (75%)
Known Failure: java.lang.reflect.InvocationTargetException
No auto/linux-amd64/*.xml tests in /home/travis/build/icyphy/ptII/ptolemy/domains/modal/test
AutoTests.java: About to close Vertx.
AutoTests.java: Vertx closed.

===========================================================================================
----------------- testing Fri Aug 14 15:29:02 UTC 2020 /home/travis/build/icyphy/ptII/ptolemy/domains/modal/test/auto/ABPTest.xml
----------------- Instantiating /home/travis/build/icyphy/ptII/ptolemy/domains/modal/test/auto/ABPTest.xml
359 ms. Memory: 162816K Free: 121227K (74%)
----------------- Invoking toplevel() on ptolemy.moml.MoMLSimpleApplication@7741117b
----------------- Done invoking toplevel() on ptolemy.moml.MoMLSimpleApplication@7741117b
reloadAllAccessors: .ABPTest

===========================================================================================
----------------- testing Fri Aug 14 15:29:03 UTC 2020 /home/travis/build/icyphy/ptII/ptolemy/domains/modal/test/auto/ABROFlat.xml
----------------- Instantiating /home/travis/build/icyphy/ptII/ptolemy/domains/modal/test/auto/ABROFlat.xml
25 ms. Memory: 162816K Free: 105336K (65%)
----------------- Invoking toplevel() on ptolemy.moml.MoMLSimpleApplication@6597d693
----------------- Done invoking toplevel() on ptolemy.moml.MoMLSimpleApplication@6597d693
reloadAllAccessors: .ABROFlat

===========================================================================================
----------------- testing Fri Aug 14 15:29:03 UTC 2020 /home/travis/build/icyphy/ptII/ptolemy/domains/modal/test/auto/ABROFlat2.xml
----------------- Instantiating /home/travis/build/icyphy/ptII/ptolemy/domains/modal/test/auto/ABROFlat2.xml
12 ms. Memory: 162816K Free: 88952K (55%)
----------------- Invoking toplevel() on ptolemy.moml.MoMLSimpleApplication@10e7588e
----------------- Done invoking toplevel() on ptolemy.moml.MoMLSimpleApplication@10e7588e
reloadAllAccessors: .ABROFlat2

===========================================================================================
----------------- testing Fri Aug 14 15:29:03 UTC 2020 /home/travis/build/icyphy/ptII/ptolemy/domains/modal/test/auto/ABRO_present_hmm.xml
----------------- Instantiating /home/travis/build/icyphy/ptII/ptolemy/domains/modal/test/auto/ABRO_present_hmm.xml
36 ms. Memory: 162816K Free: 61799K (38%)
----------------- Invoking toplevel() on ptolemy.moml.MoMLSimpleApplication@77305a04
----------------- Done invoking toplevel() on ptolemy.moml.MoMLSimpleApplication@77305a04
reloadAllAccessors: .ABRO_present_hmm

===========================================================================================
----------------- testing Fri Aug 14 15:29:03 UTC 2020 /home/travis/build/icyphy/ptII/ptolemy/domains/modal/test/auto/AMICoderExample.xml
----------------- Instantiating /home/travis/build/icyphy/ptII/ptolemy/domains/modal/test/auto/AMICoderExample.xml
38 ms. Memory: 162816K Free: 138640K (85%)
----------------- Invoking toplevel() on ptolemy.moml.MoMLSimpleApplication@2ef773db
----------------- Done invoking toplevel() on ptolemy.moml.MoMLSimpleApplication@2ef773db
reloadAllAccessors: .AMICoderExample

===========================================================================================
----------------- testing Fri Aug 14 15:29:03 UTC 2020 /home/travis/build/icyphy/ptII/ptolemy/domains/modal/test/auto/AbsentToPresent.xml
----------------- Instantiating /home/travis/build/icyphy/ptII/ptolemy/domains/modal/test/auto/AbsentToPresent.xml
6 ms. Memory: 162816K Free: 134088K (82%)
----------------- Invoking toplevel() on ptolemy.moml.MoMLSimpleApplication@6bb8c5c1
----------------- Done invoking toplevel() on ptolemy.moml.MoMLSimpleApplication@6bb8c5c1
reloadAllAccessors: .AbsentToPresent

===========================================================================================
----------------- testing Fri Aug 14 15:29:03 UTC 2020 /home/travis/build/icyphy/ptII/ptolemy/domains/modal/test/auto/Blending.xml
----------------- Instantiating /home/travis/build/icyphy/ptII/ptolemy/domains/modal/test/auto/Blending.xml
159 ms. Memory: 162816K Free: 89518K (55%)
----------------- Invoking toplevel() on ptolemy.moml.MoMLSimpleApplication@1edd5bd5
----------------- Done invoking toplevel() on ptolemy.moml.MoMLSimpleApplication@1edd5bd5
reloadAllAccessors: .Blending

===========================================================================================
----------------- testing Fri Aug 14 15:29:04 UTC 2020 /home/travis/build/icyphy/ptII/ptolemy/domains/modal/test/auto/Broadcast.xml
----------------- Instantiating /home/travis/build/icyphy/ptII/ptolemy/domains/modal/test/auto/Broadcast.xml
9 ms. Memory: 162816K Free: 79814K (49%)
----------------- Invoking toplevel() on ptolemy.moml.MoMLSimpleApplication@4aa7651c
----------------- Done invoking toplevel() on ptolemy.moml.MoMLSimpleApplication@4aa7651c
reloadAllAccessors: .Broadcast

===========================================================================================
----------------- testing Fri Aug 14 15:29:04 UTC 2020 /home/travis/build/icyphy/ptII/ptolemy/domains/modal/test/auto/BroadcastHierarchy.xml
----------------- Instantiating /home/travis/build/icyphy/ptII/ptolemy/domains/modal/test/auto/BroadcastHierarchy.xml
12 ms. Memory: 162816K Free: 66504K (41%)
----------------- Invoking toplevel() on ptolemy.moml.MoMLSimpleApplication@34788c71
----------------- Done invoking toplevel() on ptolemy.moml.MoMLSimpleApplication@34788c71
reloadAllAccessors: .BroadcastHierarchy

===========================================================================================
----------------- testing Fri Aug 14 15:29:04 UTC 2020 /home/travis/build/icyphy/ptII/ptolemy/domains/modal/test/auto/BroadcastHierarchy2.xml
----------------- Instantiating /home/travis/build/icyphy/ptII/ptolemy/domains/modal/test/auto/BroadcastHierarchy2.xml
28 ms. Memory: 195584K Free: 163704K (84%)
----------------- Invoking toplevel() on ptolemy.moml.MoMLSimpleApplication@26cdeae2
----------------- Done invoking toplevel() on ptolemy.moml.MoMLSimpleApplication@26cdeae2
reloadAllAccessors: .BroadcastHierarchy2

===========================================================================================
----------------- testing Fri Aug 14 15:29:04 UTC 2020 /home/travis/build/icyphy/ptII/ptolemy/domains/modal/test/auto/BroadcastHierarchy3.xml
----------------- Instantiating /home/travis/build/icyphy/ptII/ptolemy/domains/modal/test/auto/BroadcastHierarchy3.xml
23 ms. Memory: 195584K Free: 143224K (73%)
----------------- Invoking toplevel() on ptolemy.moml.MoMLSimpleApplication@7421528e
----------------- Done invoking toplevel() on ptolemy.moml.MoMLSimpleApplication@7421528e
reloadAllAccessors: .BroadcastHierarchy3

===========================================================================================
----------------- testing Fri Aug 14 15:29:04 UTC 2020 /home/travis/build/icyphy/ptII/ptolemy/domains/modal/test/auto/BroadcastHierarchy4.xml
----------------- Instantiating /home/travis/build/icyphy/ptII/ptolemy/domains/modal/test/auto/BroadcastHierarchy4.xml
21 ms. Memory: 195584K Free: 119158K (61%)
----------------- Invoking toplevel() on ptolemy.moml.MoMLSimpleApplication@17630dfc
----------------- Done invoking toplevel() on ptolemy.moml.MoMLSimpleApplication@17630dfc
reloadAllAccessors: .BroadcastHierarchy4

===========================================================================================
----------------- testing Fri Aug 14 15:29:04 UTC 2020 /home/travis/build/icyphy/ptII/ptolemy/domains/modal/test/auto/CannotAnalysisWithPreemption2.xml
----------------- Instantiating /home/travis/build/icyphy/ptII/ptolemy/domains/modal/test/auto/CannotAnalysisWithPreemption2.xml
4 ms. Memory: 195584K Free: 111975K (57%)
----------------- Invoking toplevel() on ptolemy.moml.MoMLSimpleApplication@6ef68d85
----------------- Done invoking toplevel() on ptolemy.moml.MoMLSimpleApplication@6ef68d85
reloadAllAccessors: .CannotAnalysisWithPreemption2

===========================================================================================
----------------- testing Fri Aug 14 15:29:04 UTC 2020 /home/travis/build/icyphy/ptII/ptolemy/domains/modal/test/auto/CannotAnalysisWithPreemption3.xml
----------------- Instantiating /home/travis/build/icyphy/ptII/ptolemy/domains/modal/test/auto/CannotAnalysisWithPreemption3.xml
7 ms. Memory: 195584K Free: 101719K (52%)
----------------- Invoking toplevel() on ptolemy.moml.MoMLSimpleApplication@5bf78c3c
----------------- Done invoking toplevel() on ptolemy.moml.MoMLSimpleApplication@5bf78c3c
reloadAllAccessors: .CannotAnalysisWithPreemption3

===========================================================================================
----------------- testing Fri Aug 14 15:29:04 UTC 2020 /home/travis/build/icyphy/ptII/ptolemy/domains/modal/test/auto/CannotProduce.xml
----------------- Instantiating /home/travis/build/icyphy/ptII/ptolemy/domains/modal/test/auto/CannotProduce.xml
17 ms. Memory: 195584K Free: 95096K (49%)
----------------- Invoking toplevel() on ptolemy.moml.MoMLSimpleApplication@25a15334
----------------- Done invoking toplevel() on ptolemy.moml.MoMLSimpleApplication@25a15334
reloadAllAccessors: .CannotProduce

===========================================================================================
----------------- testing Fri Aug 14 15:29:04 UTC 2020 /home/travis/build/icyphy/ptII/ptolemy/domains/modal/test/auto/CannotProduceModal.xml
----------------- Instantiating /home/travis/build/icyphy/ptII/ptolemy/domains/modal/test/auto/CannotProduceModal.xml
17 ms. Memory: 195584K Free: 88952K (45%)
----------------- Invoking toplevel() on ptolemy.moml.MoMLSimpleApplication@5d662d51
----------------- Done invoking toplevel() on ptolemy.moml.MoMLSimpleApplication@5d662d51
reloadAllAccessors: .CannotProduceModal

===========================================================================================
----------------- testing Fri Aug 14 15:29:04 UTC 2020 /home/travis/build/icyphy/ptII/ptolemy/domains/modal/test/auto/Case.xml
----------------- Instantiating /home/travis/build/icyphy/ptII/ptolemy/domains/modal/test/auto/Case.xml
31 ms. Memory: 195584K Free: 77688K (40%)
----------------- Invoking toplevel() on ptolemy.moml.MoMLSimpleApplication@3bb8f3e0
----------------- Done invoking toplevel() on ptolemy.moml.MoMLSimpleApplication@3bb8f3e0
reloadAllAccessors: .Case

===========================================================================================
----------------- testing Fri Aug 14 15:29:04 UTC 2020 /home/travis/build/icyphy/ptII/ptolemy/domains/modal/test/auto/Case1.xml
----------------- Instantiating /home/travis/build/icyphy/ptII/ptolemy/domains/modal/test/auto/Case1.xml
5 ms. Memory: 195584K Free: 70520K (36%)
----------------- Invoking toplevel() on ptolemy.moml.MoMLSimpleApplication@120d4107
----------------- Done invoking toplevel() on ptolemy.moml.MoMLSimpleApplication@120d4107
reloadAllAccessors: .Case1

===========================================================================================
----------------- testing Fri Aug 14 15:29:04 UTC 2020 /home/travis/build/icyphy/ptII/ptolemy/domains/modal/test/auto/Case2.xml
----------------- Instantiating /home/travis/build/icyphy/ptII/ptolemy/domains/modal/test/auto/Case2.xml
22 ms. Memory: 195584K Free: 170870K (87%)
----------------- Invoking toplevel() on ptolemy.moml.MoMLSimpleApplication@7634a778
----------------- Done invoking toplevel() on ptolemy.moml.MoMLSimpleApplication@7634a778
reloadAllAccessors: .Case2

===========================================================================================
----------------- testing Fri Aug 14 15:29:05 UTC 2020 /home/travis/build/icyphy/ptII/ptolemy/domains/modal/test/auto/CausalityInterface1.xml
----------------- Instantiating /home/travis/build/icyphy/ptII/ptolemy/domains/modal/test/auto/CausalityInterface1.xml
3 ms. Memory: 195584K Free: 165750K (85%)
----------------- Invoking toplevel() on ptolemy.moml.MoMLSimpleApplication@20d9bbfd
----------------- Done invoking toplevel() on ptolemy.moml.MoMLSimpleApplication@20d9bbfd
reloadAllAccessors: .CausalityInterface1

===========================================================================================
----------------- testing Fri Aug 14 15:29:05 UTC 2020 /home/travis/build/icyphy/ptII/ptolemy/domains/modal/test/auto/CausalityInterface10.xml
----------------- Instantiating /home/travis/build/icyphy/ptII/ptolemy/domains/modal/test/auto/CausalityInterface10.xml
12 ms. Memory: 195584K Free: 152423K (78%)
----------------- Invoking toplevel() on ptolemy.moml.MoMLSimpleApplication@6ee5ee97
----------------- Done invoking toplevel() on ptolemy.moml.MoMLSimpleApplication@6ee5ee97
reloadAllAccessors: .CausalityInterface10

===========================================================================================
----------------- testing Fri Aug 14 15:29:05 UTC 2020 /home/travis/build/icyphy/ptII/ptolemy/domains/modal/test/auto/CausalityInterface11.xml
----------------- Instantiating /home/travis/build/icyphy/ptII/ptolemy/domains/modal/test/auto/CausalityInterface11.xml
6 ms. Memory: 195584K Free: 139095K (71%)
----------------- Invoking toplevel() on ptolemy.moml.MoMLSimpleApplication@7a0d3e6
----------------- Done invoking toplevel() on ptolemy.moml.MoMLSimpleApplication@7a0d3e6
reloadAllAccessors: .CausalityInterface11

===========================================================================================
----------------- testing Fri Aug 14 15:29:05 UTC 2020 /home/travis/build/icyphy/ptII/ptolemy/domains/modal/test/auto/CausalityInterface12.xml
----------------- Instantiating /home/travis/build/icyphy/ptII/ptolemy/domains/modal/test/auto/CausalityInterface12.xml
7 ms. Memory: 195584K Free: 125783K (64%)
----------------- Invoking toplevel() on ptolemy.moml.MoMLSimpleApplication@2f416e6f
----------------- Done invoking toplevel() on ptolemy.moml.MoMLSimpleApplication@2f416e6f
reloadAllAccessors: .CausalityInterface12

===========================================================================================
----------------- testing Fri Aug 14 15:29:05 UTC 2020 /home/travis/build/icyphy/ptII/ptolemy/domains/modal/test/auto/CausalityInterface13.xml
----------------- Instantiating /home/travis/build/icyphy/ptII/ptolemy/domains/modal/test/auto/CausalityInterface13.xml
17 ms. Memory: 195584K Free: 111992K (57%)
----------------- Invoking toplevel() on ptolemy.moml.MoMLSimpleApplication@128d47d9
----------------- Done invoking toplevel() on ptolemy.moml.MoMLSimpleApplication@128d47d9
reloadAllAccessors: .CausalityInterface13

===========================================================================================
----------------- testing Fri Aug 14 15:29:05 UTC 2020 /home/travis/build/icyphy/ptII/ptolemy/domains/modal/test/auto/CausalityInterface14.xml
----------------- Instantiating /home/travis/build/icyphy/ptII/ptolemy/domains/modal/test/auto/CausalityInterface14.xml
7 ms. Memory: 195584K Free: 98151K (50%)
----------------- Invoking toplevel() on ptolemy.moml.MoMLSimpleApplication@1ebbdecd
----------------- Done invoking toplevel() on ptolemy.moml.MoMLSimpleApplication@1ebbdecd
reloadAllAccessors: .CausalityInterface14

===========================================================================================
----------------- testing Fri Aug 14 15:29:05 UTC 2020 /home/travis/build/icyphy/ptII/ptolemy/domains/modal/test/auto/CausalityInterface2.xml
----------------- Instantiating /home/travis/build/icyphy/ptII/ptolemy/domains/modal/test/auto/CausalityInterface2.xml
3 ms. Memory: 195584K Free: 92007K (47%)
----------------- Invoking toplevel() on ptolemy.moml.MoMLSimpleApplication@144c8328
----------------- Done invoking toplevel() on ptolemy.moml.MoMLSimpleApplication@144c8328
reloadAllAccessors: .CausalityInterface2

===========================================================================================
----------------- testing Fri Aug 14 15:29:05 UTC 2020 /home/travis/build/icyphy/ptII/ptolemy/domains/modal/test/auto/CausalityInterface3.xml
----------------- Instantiating /home/travis/build/icyphy/ptII/ptolemy/domains/modal/test/auto/CausalityInterface3.xml
3 ms. Memory: 195584K Free: 85847K (44%)
----------------- Invoking toplevel() on ptolemy.moml.MoMLSimpleApplication@2df7fd8c
----------------- Done invoking toplevel() on ptolemy.moml.MoMLSimpleApplication@2df7fd8c
reloadAllAccessors: .CausalityInterface3

===========================================================================================
----------------- testing Fri Aug 14 15:29:05 UTC 2020 /home/travis/build/icyphy/ptII/ptolemy/domains/modal/test/auto/CausalityInterface4.xml
----------------- Instantiating /home/travis/build/icyphy/ptII/ptolemy/domains/modal/test/auto/CausalityInterface4.xml
5 ms. Memory: 195584K Free: 79224K (41%)
----------------- Invoking toplevel() on ptolemy.moml.MoMLSimpleApplication@35b65459
----------------- Done invoking toplevel() on ptolemy.moml.MoMLSimpleApplication@35b65459
reloadAllAccessors: .CausalityInterface4

===========================================================================================
----------------- testing Fri Aug 14 15:29:05 UTC 2020 /home/travis/build/icyphy/ptII/ptolemy/domains/modal/test/auto/CausalityInterface5.xml
----------------- Instantiating /home/travis/build/icyphy/ptII/ptolemy/domains/modal/test/auto/CausalityInterface5.xml
5 ms. Memory: 195584K Free: 71032K (36%)
----------------- Invoking toplevel() on ptolemy.moml.MoMLSimpleApplication@4eaae3a2
----------------- Done invoking toplevel() on ptolemy.moml.MoMLSimpleApplication@4eaae3a2
reloadAllAccessors: .CausalityInterface5

===========================================================================================
----------------- testing Fri Aug 14 15:29:05 UTC 2020 /home/travis/build/icyphy/ptII/ptolemy/domains/modal/test/auto/CausalityInterface6.xml
----------------- Instantiating /home/travis/build/icyphy/ptII/ptolemy/domains/modal/test/auto/CausalityInterface6.xml
5 ms. Memory: 195584K Free: 172920K (88%)
----------------- Invoking toplevel() on ptolemy.moml.MoMLSimpleApplication@177286a0
----------------- Done invoking toplevel() on ptolemy.moml.MoMLSimpleApplication@177286a0
reloadAllAccessors: .CausalityInterface6

===========================================================================================
----------------- testing Fri Aug 14 15:29:05 UTC 2020 /home/travis/build/icyphy/ptII/ptolemy/domains/modal/test/auto/CausalityInterface7.xml
----------------- Instantiating /home/travis/build/icyphy/ptII/ptolemy/domains/modal/test/auto/CausalityInterface7.xml
6 ms. Memory: 195584K Free: 164183K (84%)
----------------- Invoking toplevel() on ptolemy.moml.MoMLSimpleApplication@3b302e93
----------------- Done invoking toplevel() on ptolemy.moml.MoMLSimpleApplication@3b302e93
reloadAllAccessors: .CausalityInterface7

===========================================================================================
----------------- testing Fri Aug 14 15:29:05 UTC 2020 /home/travis/build/icyphy/ptII/ptolemy/domains/modal/test/auto/CausalityInterface8.xml
----------------- Instantiating /home/travis/build/icyphy/ptII/ptolemy/domains/modal/test/auto/CausalityInterface8.xml
5 ms. Memory: 195584K Free: 155512K (80%)
----------------- Invoking toplevel() on ptolemy.moml.MoMLSimpleApplication@2d20e6cd
----------------- Done invoking toplevel() on ptolemy.moml.MoMLSimpleApplication@2d20e6cd
reloadAllAccessors: .CausalityInterface8

===========================================================================================
----------------- testing Fri Aug 14 15:29:05 UTC 2020 /home/travis/build/icyphy/ptII/ptolemy/domains/modal/test/auto/CausalityInterface9.xml
----------------- Instantiating /home/travis/build/icyphy/ptII/ptolemy/domains/modal/test/auto/CausalityInterface9.xml
6 ms. Memory: 195584K Free: 146296K (75%)
----------------- Invoking toplevel() on ptolemy.moml.MoMLSimpleApplication@34682412
----------------- Done invoking toplevel() on ptolemy.moml.MoMLSimpleApplication@34682412
reloadAllAccessors: .CausalityInterface9

===========================================================================================
----------------- testing Fri Aug 14 15:29:05 UTC 2020 /home/travis/build/icyphy/ptII/ptolemy/domains/modal/test/auto/ChainedTransitions.xml
----------------- Instantiating /home/travis/build/icyphy/ptII/ptolemy/domains/modal/test/auto/ChainedTransitions.xml
108 ms. Memory: 195584K Free: 121720K (62%)
----------------- Invoking toplevel() on ptolemy.moml.MoMLSimpleApplication@5db9e791
----------------- Done invoking toplevel() on ptolemy.moml.MoMLSimpleApplication@5db9e791
reloadAllAccessors: .ChainedTransitions

===========================================================================================
----------------- testing Fri Aug 14 15:29:05 UTC 2020 /home/travis/build/icyphy/ptII/ptolemy/domains/modal/test/auto/CycleOfImmediateTransitionsFSM.xml
----------------- Instantiating /home/travis/build/icyphy/ptII/ptolemy/domains/modal/test/auto/CycleOfImmediateTransitionsFSM.xml
3 ms. Memory: 195584K Free: 116086K (59%)
----------------- Invoking toplevel() on ptolemy.moml.MoMLSimpleApplication@68a19fb4
----------------- Done invoking toplevel() on ptolemy.moml.MoMLSimpleApplication@68a19fb4
reloadAllAccessors: .CycleOfImmediateTransitionsFSM

===========================================================================================
----------------- testing Fri Aug 14 15:29:05 UTC 2020 /home/travis/build/icyphy/ptII/ptolemy/domains/modal/test/auto/CycleOfImmediateTransitionsModal.xml
----------------- Instantiating /home/travis/build/icyphy/ptII/ptolemy/domains/modal/test/auto/CycleOfImmediateTransitionsModal.xml
3 ms. Memory: 195584K Free: 109942K (56%)
----------------- Invoking toplevel() on ptolemy.moml.MoMLSimpleApplication@67e593cd
----------------- Done invoking toplevel() on ptolemy.moml.MoMLSimpleApplication@67e593cd
reloadAllAccessors: .CycleOfImmediateTransitionsModal

===========================================================================================
----------------- testing Fri Aug 14 15:29:05 UTC 2020 /home/travis/build/icyphy/ptII/ptolemy/domains/modal/test/auto/CycleOfImmediateTransitionsModal2.xml
----------------- Instantiating /home/travis/build/icyphy/ptII/ptolemy/domains/modal/test/auto/CycleOfImmediateTransitionsModal2.xml
4 ms. Memory: 195584K Free: 103798K (53%)
----------------- Invoking toplevel() on ptolemy.moml.MoMLSimpleApplication@7f894090
----------------- Done invoking toplevel() on ptolemy.moml.MoMLSimpleApplication@7f894090
reloadAllAccessors: .CycleOfImmediateTransitionsModal2

===========================================================================================
----------------- testing Fri Aug 14 15:29:05 UTC 2020 /home/travis/build/icyphy/ptII/ptolemy/domains/modal/test/auto/CycleOfImmediateTransitionsModal3.xml
----------------- Instantiating /home/travis/build/icyphy/ptII/ptolemy/domains/modal/test/auto/CycleOfImmediateTransitionsModal3.xml
15 ms. Memory: 195584K Free: 81255K (42%)
----------------- Invoking toplevel() on ptolemy.moml.MoMLSimpleApplication@7f406a0f
----------------- Done invoking toplevel() on ptolemy.moml.MoMLSimpleApplication@7f406a0f
reloadAllAccessors: .CycleOfImmediateTransitionsModal3

===========================================================================================
----------------- testing Fri Aug 14 15:29:05 UTC 2020 /home/travis/build/icyphy/ptII/ptolemy/domains/modal/test/auto/DeepModal1.xml
----------------- Instantiating /home/travis/build/icyphy/ptII/ptolemy/domains/modal/test/auto/DeepModal1.xml
29 ms. Memory: 195584K Free: 67448K (34%)
----------------- Invoking toplevel() on ptolemy.moml.MoMLSimpleApplication@1caa653d
----------------- Done invoking toplevel() on ptolemy.moml.MoMLSimpleApplication@1caa653d
reloadAllAccessors: .DeepModal1

===========================================================================================
----------------- testing Fri Aug 14 15:29:05 UTC 2020 /home/travis/build/icyphy/ptII/ptolemy/domains/modal/test/auto/DeepModal2.xml
----------------- Instantiating /home/travis/build/icyphy/ptII/ptolemy/domains/modal/test/auto/DeepModal2.xml
27 ms. Memory: 195584K Free: 160103K (82%)
----------------- Invoking toplevel() on ptolemy.moml.MoMLSimpleApplication@2e293e46
----------------- Done invoking toplevel() on ptolemy.moml.MoMLSimpleApplication@2e293e46
reloadAllAccessors: .DeepModal2

===========================================================================================
----------------- testing Fri Aug 14 15:29:06 UTC 2020 /home/travis/build/icyphy/ptII/ptolemy/domains/modal/test/auto/DeepModal3.xml
----------------- Instantiating /home/travis/build/icyphy/ptII/ptolemy/domains/modal/test/auto/DeepModal3.xml
19 ms. Memory: 195584K Free: 141176K (72%)
----------------- Invoking toplevel() on ptolemy.moml.MoMLSimpleApplication@1a242b09
----------------- Done invoking toplevel() on ptolemy.moml.MoMLSimpleApplication@1a242b09
reloadAllAccessors: .DeepModal3

===========================================================================================
----------------- testing Fri Aug 14 15:29:06 UTC 2020 /home/travis/build/icyphy/ptII/ptolemy/domains/modal/test/auto/DeepModal4.xml
----------------- Instantiating /home/travis/build/icyphy/ptII/ptolemy/domains/modal/test/auto/DeepModal4.xml
32 ms. Memory: 195584K Free: 122230K (62%)
----------------- Invoking toplevel() on ptolemy.moml.MoMLSimpleApplication@62a45822
----------------- Done invoking toplevel() on ptolemy.moml.MoMLSimpleApplication@62a45822
reloadAllAccessors: .DeepModal4

===========================================================================================
----------------- testing Fri Aug 14 15:29:06 UTC 2020 /home/travis/build/icyphy/ptII/ptolemy/domains/modal/test/auto/Default1.xml
----------------- Instantiating /home/travis/build/icyphy/ptII/ptolemy/domains/modal/test/auto/Default1.xml
2 ms. Memory: 195584K Free: 116086K (59%)
----------------- Invoking toplevel() on ptolemy.moml.MoMLSimpleApplication@766ed718
----------------- Done invoking toplevel() on ptolemy.moml.MoMLSimpleApplication@766ed718
reloadAllAccessors: .Default1

===========================================================================================
----------------- testing Fri Aug 14 15:29:06 UTC 2020 /home/travis/build/icyphy/ptII/ptolemy/domains/modal/test/auto/Default2.xml
----------------- Instantiating /home/travis/build/icyphy/ptII/ptolemy/domains/modal/test/auto/Default2.xml
9 ms. Memory: 195584K Free: 110454K (56%)
----------------- Invoking toplevel() on ptolemy.moml.MoMLSimpleApplication@40fdbdf8
----------------- Done invoking toplevel() on ptolemy.moml.MoMLSimpleApplication@40fdbdf8
reloadAllAccessors: .Default2

===========================================================================================
----------------- testing Fri Aug 14 15:29:06 UTC 2020 /home/travis/build/icyphy/ptII/ptolemy/domains/modal/test/auto/Default3.xml
----------------- Instantiating /home/travis/build/icyphy/ptII/ptolemy/domains/modal/test/auto/Default3.xml
6 ms. Memory: 195584K Free: 104312K (53%)
----------------- Invoking toplevel() on ptolemy.moml.MoMLSimpleApplication@1b76e2ae
----------------- Done invoking toplevel() on ptolemy.moml.MoMLSimpleApplication@1b76e2ae
reloadAllAccessors: .Default3

===========================================================================================
----------------- testing Fri Aug 14 15:29:06 UTC 2020 /home/travis/build/icyphy/ptII/ptolemy/domains/modal/test/auto/Default4.xml
----------------- Instantiating /home/travis/build/icyphy/ptII/ptolemy/domains/modal/test/auto/Default4.xml
2 ms. Memory: 195584K Free: 98168K (50%)
----------------- Invoking toplevel() on ptolemy.moml.MoMLSimpleApplication@b39398d
----------------- Done invoking toplevel() on ptolemy.moml.MoMLSimpleApplication@b39398d
reloadAllAccessors: .Default4

===========================================================================================
----------------- testing Fri Aug 14 15:29:06 UTC 2020 /home/travis/build/icyphy/ptII/ptolemy/domains/modal/test/auto/Default5.xml
----------------- Instantiating /home/travis/build/icyphy/ptII/ptolemy/domains/modal/test/auto/Default5.xml
7 ms. Memory: 195584K Free: 89976K (46%)
----------------- Invoking toplevel() on ptolemy.moml.MoMLSimpleApplication@2845e379
----------------- Done invoking toplevel() on ptolemy.moml.MoMLSimpleApplication@2845e379
reloadAllAccessors: .Default5

===========================================================================================
----------------- testing Fri Aug 14 15:29:06 UTC 2020 /home/travis/build/icyphy/ptII/ptolemy/domains/modal/test/auto/EmptyGuard.xml
----------------- Instantiating /home/travis/build/icyphy/ptII/ptolemy/domains/modal/test/auto/EmptyGuard.xml
13 ms. Memory: 195584K Free: 82287K (42%)
----------------- Invoking toplevel() on ptolemy.moml.MoMLSimpleApplication@22a7e02c
----------------- Done invoking toplevel() on ptolemy.moml.MoMLSimpleApplication@22a7e02c
reloadAllAccessors: .EmptyGuard

===========================================================================================
----------------- testing Fri Aug 14 15:29:06 UTC 2020 /home/travis/build/icyphy/ptII/ptolemy/domains/modal/test/auto/ErrorTransition1.xml
----------------- Instantiating /home/travis/build/icyphy/ptII/ptolemy/domains/modal/test/auto/ErrorTransition1.xml
11 ms. Memory: 195584K Free: 73078K (37%)
----------------- Invoking toplevel() on ptolemy.moml.MoMLSimpleApplication@3eb34676
----------------- Done invoking toplevel() on ptolemy.moml.MoMLSimpleApplication@3eb34676
reloadAllAccessors: .ErrorTransition1

===========================================================================================
----------------- testing Fri Aug 14 15:29:06 UTC 2020 /home/travis/build/icyphy/ptII/ptolemy/domains/modal/test/auto/ErrorTransition10.xml
----------------- Instantiating /home/travis/build/icyphy/ptII/ptolemy/domains/modal/test/auto/ErrorTransition10.xml
17 ms. Memory: 236544K Free: 211830K (90%)
----------------- Invoking toplevel() on ptolemy.moml.MoMLSimpleApplication@7b8d63c4
----------------- Done invoking toplevel() on ptolemy.moml.MoMLSimpleApplication@7b8d63c4
reloadAllAccessors: .ErrorTransition10

===========================================================================================
----------------- testing Fri Aug 14 15:29:06 UTC 2020 /home/travis/build/icyphy/ptII/ptolemy/domains/modal/test/auto/ErrorTransition11.xml
----------------- Instantiating /home/travis/build/icyphy/ptII/ptolemy/domains/modal/test/auto/ErrorTransition11.xml
5 ms. Memory: 236544K Free: 200566K (85%)
----------------- Invoking toplevel() on ptolemy.moml.MoMLSimpleApplication@1f8ed04d
----------------- Done invoking toplevel() on ptolemy.moml.MoMLSimpleApplication@1f8ed04d
reloadAllAccessors: .ErrorTransition11

===========================================================================================
----------------- testing Fri Aug 14 15:29:06 UTC 2020 /home/travis/build/icyphy/ptII/ptolemy/domains/modal/test/auto/ErrorTransition2.xml
----------------- Instantiating /home/travis/build/icyphy/ptII/ptolemy/domains/modal/test/auto/ErrorTransition2.xml
7 ms. Memory: 236544K Free: 191864K (81%)
----------------- Invoking toplevel() on ptolemy.moml.MoMLSimpleApplication@5ab9b47b
----------------- Done invoking toplevel() on ptolemy.moml.MoMLSimpleApplication@5ab9b47b
reloadAllAccessors: .ErrorTransition2

===========================================================================================
----------------- testing Fri Aug 14 15:29:06 UTC 2020 /home/travis/build/icyphy/ptII/ptolemy/domains/modal/test/auto/ErrorTransition3.xml
----------------- Instantiating /home/travis/build/icyphy/ptII/ptolemy/domains/modal/test/auto/ErrorTransition3.xml
22 ms. Memory: 236544K Free: 182134K (77%)
----------------- Invoking toplevel() on ptolemy.moml.MoMLSimpleApplication@14e4afd2
----------------- Done invoking toplevel() on ptolemy.moml.MoMLSimpleApplication@14e4afd2
reloadAllAccessors: .ErrorTransition3

===========================================================================================
----------------- testing Fri Aug 14 15:29:06 UTC 2020 /home/travis/build/icyphy/ptII/ptolemy/domains/modal/test/auto/ErrorTransition4.xml
----------------- Instantiating /home/travis/build/icyphy/ptII/ptolemy/domains/modal/test/auto/ErrorTransition4.xml
12 ms. Memory: 236544K Free: 170870K (72%)
----------------- Invoking toplevel() on ptolemy.moml.MoMLSimpleApplication@56c24fa5
----------------- Done invoking toplevel() on ptolemy.moml.MoMLSimpleApplication@56c24fa5
reloadAllAccessors: .ErrorTransition4

===========================================================================================
----------------- testing Fri Aug 14 15:29:06 UTC 2020 /home/travis/build/icyphy/ptII/ptolemy/domains/modal/test/auto/ErrorTransition5.xml
----------------- Instantiating /home/travis/build/icyphy/ptII/ptolemy/domains/modal/test/auto/ErrorTransition5.xml
17 ms. Memory: 236544K Free: 160623K (68%)
----------------- Invoking toplevel() on ptolemy.moml.MoMLSimpleApplication@4cde6577
----------------- Done invoking toplevel() on ptolemy.moml.MoMLSimpleApplication@4cde6577
reloadAllAccessors: .ErrorTransition5

===========================================================================================
----------------- testing Fri Aug 14 15:29:06 UTC 2020 /home/travis/build/icyphy/ptII/ptolemy/domains/modal/test/auto/ErrorTransition6.xml
----------------- Instantiating /home/travis/build/icyphy/ptII/ptolemy/domains/modal/test/auto/ErrorTransition6.xml
7 ms. Memory: 236544K Free: 149880K (63%)
----------------- Invoking toplevel() on ptolemy.moml.MoMLSimpleApplication@214ae663
----------------- Done invoking toplevel() on ptolemy.moml.MoMLSimpleApplication@214ae663
reloadAllAccessors: .ErrorTransition6

===========================================================================================
----------------- testing Fri Aug 14 15:29:06 UTC 2020 /home/travis/build/icyphy/ptII/ptolemy/domains/modal/test/auto/ErrorTransition7.xml
----------------- Instantiating /home/travis/build/icyphy/ptII/ptolemy/domains/modal/test/auto/ErrorTransition7.xml
16 ms. Memory: 236544K Free: 137071K (58%)
----------------- Invoking toplevel() on ptolemy.moml.MoMLSimpleApplication@31a1236e
----------------- Done invoking toplevel() on ptolemy.moml.MoMLSimpleApplication@31a1236e
reloadAllAccessors: .ErrorTransition7

===========================================================================================
----------------- testing Fri Aug 14 15:29:06 UTC 2020 /home/travis/build/icyphy/ptII/ptolemy/domains/modal/test/auto/ErrorTransition8.xml
----------------- Instantiating /home/travis/build/icyphy/ptII/ptolemy/domains/modal/test/auto/ErrorTransition8.xml
24 ms. Memory: 236544K Free: 123766K (52%)
----------------- Invoking toplevel() on ptolemy.moml.MoMLSimpleApplication@2b8c8163
----------------- Done invoking toplevel() on ptolemy.moml.MoMLSimpleApplication@2b8c8163
reloadAllAccessors: .ErrorTransition8

===========================================================================================
----------------- testing Fri Aug 14 15:29:06 UTC 2020 /home/travis/build/icyphy/ptII/ptolemy/domains/modal/test/auto/ErrorTransition9.xml
----------------- Instantiating /home/travis/build/icyphy/ptII/ptolemy/domains/modal/test/auto/ErrorTransition9.xml
14 ms. Memory: 236544K Free: 110439K (47%)
----------------- Invoking toplevel() on ptolemy.moml.MoMLSimpleApplication@580c3cc9
----------------- Done invoking toplevel() on ptolemy.moml.MoMLSimpleApplication@580c3cc9
reloadAllAccessors: .ErrorTransition9

===========================================================================================
----------------- testing Fri Aug 14 15:29:06 UTC 2020 /home/travis/build/icyphy/ptII/ptolemy/domains/modal/test/auto/ExtendedFSM.xml
----------------- Instantiating /home/travis/build/icyphy/ptII/ptolemy/domains/modal/test/auto/ExtendedFSM.xml
7 ms. Memory: 236544K Free: 102247K (43%)
----------------- Invoking toplevel() on ptolemy.moml.MoMLSimpleApplication@357992ba
----------------- Done invoking toplevel() on ptolemy.moml.MoMLSimpleApplication@357992ba
reloadAllAccessors: .ExtendedFSM

===========================================================================================
----------------- testing Fri Aug 14 15:29:06 UTC 2020 /home/travis/build/icyphy/ptII/ptolemy/domains/modal/test/auto/FinalStates.xml
----------------- Instantiating /home/travis/build/icyphy/ptII/ptolemy/domains/modal/test/auto/FinalStates.xml
7 ms. Memory: 236544K Free: 94070K (40%)
----------------- Invoking toplevel() on ptolemy.moml.MoMLSimpleApplication@4c767ff8
----------------- Done invoking toplevel() on ptolemy.moml.MoMLSimpleApplication@4c767ff8
reloadAllAccessors: .FinalStates

===========================================================================================
----------------- testing Fri Aug 14 15:29:06 UTC 2020 /home/travis/build/icyphy/ptII/ptolemy/domains/modal/test/auto/FixedPointFSM.xml
----------------- Instantiating /home/travis/build/icyphy/ptII/ptolemy/domains/modal/test/auto/FixedPointFSM.xml
27 ms. Memory: 236544K Free: 213504K (90%)
----------------- Invoking toplevel() on ptolemy.moml.MoMLSimpleApplication@3a013f16
----------------- Done invoking toplevel() on ptolemy.moml.MoMLSimpleApplication@3a013f16
reloadAllAccessors: .FixedPointFSM

===========================================================================================
----------------- testing Fri Aug 14 15:29:06 UTC 2020 /home/travis/build/icyphy/ptII/ptolemy/domains/modal/test/auto/FixedPointIterationFSMActor.xml
----------------- Instantiating /home/travis/build/icyphy/ptII/ptolemy/domains/modal/test/auto/FixedPointIterationFSMActor.xml
8 ms. Memory: 236544K Free: 202614K (86%)
----------------- Invoking toplevel() on ptolemy.moml.MoMLSimpleApplication@2d1718e2
----------------- Done invoking toplevel() on ptolemy.moml.MoMLSimpleApplication@2d1718e2
reloadAllAccessors: .FixedPointIterationFSMActor

===========================================================================================
----------------- testing Fri Aug 14 15:29:06 UTC 2020 /home/travis/build/icyphy/ptII/ptolemy/domains/modal/test/auto/FixedPointIterationFSMActor2.xml
----------------- Instantiating /home/travis/build/icyphy/ptII/ptolemy/domains/modal/test/auto/FixedPointIterationFSMActor2.xml
9 ms. Memory: 236544K Free: 190319K (80%)
----------------- Invoking toplevel() on ptolemy.moml.MoMLSimpleApplication@27df176c
----------------- Done invoking toplevel() on ptolemy.moml.MoMLSimpleApplication@27df176c
reloadAllAccessors: .FixedPointIterationFSMActor2

===========================================================================================
----------------- testing Fri Aug 14 15:29:07 UTC 2020 /home/travis/build/icyphy/ptII/ptolemy/domains/modal/test/auto/ForbiddenInstantanousLoop.xml
----------------- Instantiating /home/travis/build/icyphy/ptII/ptolemy/domains/modal/test/auto/ForbiddenInstantanousLoop.xml
6 ms. Memory: 236544K Free: 178552K (75%)
----------------- Invoking toplevel() on ptolemy.moml.MoMLSimpleApplication@5d20de39
----------------- Done invoking toplevel() on ptolemy.moml.MoMLSimpleApplication@5d20de39
reloadAllAccessors: .ForbiddenInstantanousLoop

===========================================================================================
----------------- testing Fri Aug 14 15:29:07 UTC 2020 /home/travis/build/icyphy/ptII/ptolemy/domains/modal/test/auto/FunctionDependencyOfFSMActorTest.xml
----------------- Instantiating /home/travis/build/icyphy/ptII/ptolemy/domains/modal/test/auto/FunctionDependencyOfFSMActorTest.xml
9 ms. Memory: 236544K Free: 171384K (72%)
----------------- Invoking toplevel() on ptolemy.moml.MoMLSimpleApplication@12bdde1d
----------------- Done invoking toplevel() on ptolemy.moml.MoMLSimpleApplication@12bdde1d
reloadAllAccessors: .FunctionDependencyOfFSMActorTest

===========================================================================================
----------------- testing Fri Aug 14 15:29:07 UTC 2020 /home/travis/build/icyphy/ptII/ptolemy/domains/modal/test/auto/GuardExpression.xml
----------------- Instantiating /home/travis/build/icyphy/ptII/ptolemy/domains/modal/test/auto/GuardExpression.xml
2 ms. Memory: 236544K Free: 166264K (70%)
----------------- Invoking toplevel() on ptolemy.moml.MoMLSimpleApplication@2b491802
----------------- Done invoking toplevel() on ptolemy.moml.MoMLSimpleApplication@2b491802
reloadAllAccessors: .GuardExpression

===========================================================================================
----------------- testing Fri Aug 14 15:29:07 UTC 2020 /home/travis/build/icyphy/ptII/ptolemy/domains/modal/test/auto/GuardNotEvaluated.xml
----------------- Instantiating /home/travis/build/icyphy/ptII/ptolemy/domains/modal/test/auto/GuardNotEvaluated.xml
7 ms. Memory: 236544K Free: 157558K (67%)
----------------- Invoking toplevel() on ptolemy.moml.MoMLSimpleApplication@6ce11fe3
----------------- Done invoking toplevel() on ptolemy.moml.MoMLSimpleApplication@6ce11fe3
reloadAllAccessors: .GuardNotEvaluated

===========================================================================================
----------------- testing Fri Aug 14 15:29:07 UTC 2020 /home/travis/build/icyphy/ptII/ptolemy/domains/modal/test/auto/GuardNotEvaluated2.xml
----------------- Instantiating /home/travis/build/icyphy/ptII/ptolemy/domains/modal/test/auto/GuardNotEvaluated2.xml
9 ms. Memory: 236544K Free: 147832K (62%)
----------------- Invoking toplevel() on ptolemy.moml.MoMLSimpleApplication@3c473f2b
----------------- Done invoking toplevel() on ptolemy.moml.MoMLSimpleApplication@3c473f2b
reloadAllAccessors: .GuardNotEvaluated2

===========================================================================================
----------------- testing Fri Aug 14 15:29:07 UTC 2020 /home/travis/build/icyphy/ptII/ptolemy/domains/modal/test/auto/GuardOnAbsent.xml
----------------- Instantiating /home/travis/build/icyphy/ptII/ptolemy/domains/modal/test/auto/GuardOnAbsent.xml
11 ms. Memory: 236544K Free: 140135K (59%)
----------------- Invoking toplevel() on ptolemy.moml.MoMLSimpleApplication@37084562
----------------- Done invoking toplevel() on ptolemy.moml.MoMLSimpleApplication@37084562
reloadAllAccessors: .GuardOnAbsent

===========================================================================================
----------------- testing Fri Aug 14 15:29:07 UTC 2020 /home/travis/build/icyphy/ptII/ptolemy/domains/modal/test/auto/HierarchicalFSMTypeInference.xml
----------------- Instantiating /home/travis/build/icyphy/ptII/ptolemy/domains/modal/test/auto/HierarchicalFSMTypeInference.xml
5 ms. Memory: 236544K Free: 129910K (55%)
----------------- Invoking toplevel() on ptolemy.moml.MoMLSimpleApplication@57941d4d
----------------- Done invoking toplevel() on ptolemy.moml.MoMLSimpleApplication@57941d4d
reloadAllAccessors: .HierarchicalFSMTypeInference

===========================================================================================
----------------- testing Fri Aug 14 15:29:07 UTC 2020 /home/travis/build/icyphy/ptII/ptolemy/domains/modal/test/auto/Hysteresis.xml
----------------- Instantiating /home/travis/build/icyphy/ptII/ptolemy/domains/modal/test/auto/Hysteresis.xml
16 ms. Memory: 236544K Free: 116583K (49%)
----------------- Invoking toplevel() on ptolemy.moml.MoMLSimpleApplication@134e0bd
----------------- Done invoking toplevel() on ptolemy.moml.MoMLSimpleApplication@134e0bd
reloadAllAccessors: .Hysteresis

===========================================================================================
----------------- testing Fri Aug 14 15:29:07 UTC 2020 /home/travis/build/icyphy/ptII/ptolemy/domains/modal/test/auto/HysteresisWithDefault.xml
----------------- Instantiating /home/travis/build/icyphy/ptII/ptolemy/domains/modal/test/auto/HysteresisWithDefault.xml
42 ms. Memory: 236544K Free: 93560K (40%)
----------------- Invoking toplevel() on ptolemy.moml.MoMLSimpleApplication@6a7addf9
----------------- Done invoking toplevel() on ptolemy.moml.MoMLSimpleApplication@6a7addf9
reloadAllAccessors: .HysteresisWithDefault

===========================================================================================
----------------- testing Fri Aug 14 15:29:07 UTC 2020 /home/travis/build/icyphy/ptII/ptolemy/domains/modal/test/auto/HysteresisWithDefault2.xml
----------------- Instantiating /home/travis/build/icyphy/ptII/ptolemy/domains/modal/test/auto/HysteresisWithDefault2.xml
69 ms. Memory: 236544K Free: 198452K (84%)
----------------- Invoking toplevel() on ptolemy.moml.MoMLSimpleApplication@633c96ea
----------------- Done invoking toplevel() on ptolemy.moml.MoMLSimpleApplication@633c96ea
reloadAllAccessors: .HysteresisWithDefault2

===========================================================================================
----------------- testing Fri Aug 14 15:29:07 UTC 2020 /home/travis/build/icyphy/ptII/ptolemy/domains/modal/test/auto/ImmediateNonConstructiveness.xml
----------------- Instantiating /home/travis/build/icyphy/ptII/ptolemy/domains/modal/test/auto/ImmediateNonConstructiveness.xml
3 ms. Memory: 236544K Free: 190840K (81%)
----------------- Invoking toplevel() on ptolemy.moml.MoMLSimpleApplication@5207d268
----------------- Done invoking toplevel() on ptolemy.moml.MoMLSimpleApplication@5207d268
reloadAllAccessors: .ImmediateNonConstructiveness

===========================================================================================
----------------- testing Fri Aug 14 15:29:07 UTC 2020 /home/travis/build/icyphy/ptII/ptolemy/domains/modal/test/auto/ImmediateNonConstructiveness2.xml
----------------- Instantiating /home/travis/build/icyphy/ptII/ptolemy/domains/modal/test/auto/ImmediateNonConstructiveness2.xml
3 ms. Memory: 236544K Free: 184182K (78%)
----------------- Invoking toplevel() on ptolemy.moml.MoMLSimpleApplication@16ca0d0a
----------------- Done invoking toplevel() on ptolemy.moml.MoMLSimpleApplication@16ca0d0a
reloadAllAccessors: .ImmediateNonConstructiveness2

===========================================================================================
----------------- testing Fri Aug 14 15:29:07 UTC 2020 /home/travis/build/icyphy/ptII/ptolemy/domains/modal/test/auto/ImmediateTransitionReset.xml
----------------- Instantiating /home/travis/build/icyphy/ptII/ptolemy/domains/modal/test/auto/ImmediateTransitionReset.xml
8 ms. Memory: 236544K Free: 172408K (73%)
----------------- Invoking toplevel() on ptolemy.moml.MoMLSimpleApplication@46d65136
----------------- Done invoking toplevel() on ptolemy.moml.MoMLSimpleApplication@46d65136
reloadAllAccessors: .ImmediateTransitionReset

===========================================================================================
----------------- testing Fri Aug 14 15:29:07 UTC 2020 /home/travis/build/icyphy/ptII/ptolemy/domains/modal/test/auto/ImmediateTransitions1.xml
----------------- Instantiating /home/travis/build/icyphy/ptII/ptolemy/domains/modal/test/auto/ImmediateTransitions1.xml
1 ms. Memory: 236544K Free: 167288K (71%)
----------------- Invoking toplevel() on ptolemy.moml.MoMLSimpleApplication@362b5e61
----------------- Done invoking toplevel() on ptolemy.moml.MoMLSimpleApplication@362b5e61
reloadAllAccessors: .ImmediateTransitions1

===========================================================================================
----------------- testing Fri Aug 14 15:29:07 UTC 2020 /home/travis/build/icyphy/ptII/ptolemy/domains/modal/test/auto/ImmediateTransitionsInstantaneousCommunication.xml
----------------- Instantiating /home/travis/build/icyphy/ptII/ptolemy/domains/modal/test/auto/ImmediateTransitionsInstantaneousCommunication.xml
4 ms. Memory: 236544K Free: 155000K (66%)
----------------- Invoking toplevel() on ptolemy.moml.MoMLSimpleApplication@5cab4c06
----------------- Done invoking toplevel() on ptolemy.moml.MoMLSimpleApplication@5cab4c06
reloadAllAccessors: .ImmediateTransitionsInstantaneousCommunication

===========================================================================================
----------------- testing Fri Aug 14 15:29:07 UTC 2020 /home/travis/build/icyphy/ptII/ptolemy/domains/modal/test/auto/InitialImmediateTransition.xml
----------------- Instantiating /home/travis/build/icyphy/ptII/ptolemy/domains/modal/test/auto/InitialImmediateTransition.xml
3 ms. Memory: 236544K Free: 147832K (62%)
----------------- Invoking toplevel() on ptolemy.moml.MoMLSimpleApplication@24ccbf9f
----------------- Done invoking toplevel() on ptolemy.moml.MoMLSimpleApplication@24ccbf9f
reloadAllAccessors: .InitialImmediateTransition

===========================================================================================
----------------- testing Fri Aug 14 15:29:07 UTC 2020 /home/travis/build/icyphy/ptII/ptolemy/domains/modal/test/auto/InitialOutputs.xml
----------------- Instantiating /home/travis/build/icyphy/ptII/ptolemy/domains/modal/test/auto/InitialOutputs.xml
5 ms. Memory: 236544K Free: 141688K (60%)
----------------- Invoking toplevel() on ptolemy.moml.MoMLSimpleApplication@37f24679
----------------- Done invoking toplevel() on ptolemy.moml.MoMLSimpleApplication@37f24679
reloadAllAccessors: .InitialOutputs

===========================================================================================
----------------- testing Fri Aug 14 15:29:07 UTC 2020 /home/travis/build/icyphy/ptII/ptolemy/domains/modal/test/auto/InitialStateTransition1.xml
----------------- Instantiating /home/travis/build/icyphy/ptII/ptolemy/domains/modal/test/auto/InitialStateTransition1.xml
2 ms. Memory: 236544K Free: 134520K (57%)
----------------- Invoking toplevel() on ptolemy.moml.MoMLSimpleApplication@6e012954
----------------- Done invoking toplevel() on ptolemy.moml.MoMLSimpleApplication@6e012954
reloadAllAccessors: .InitialStateTransition1

===========================================================================================
----------------- testing Fri Aug 14 15:29:07 UTC 2020 /home/travis/build/icyphy/ptII/ptolemy/domains/modal/test/auto/InitialStateTransition2.xml
----------------- Instantiating /home/travis/build/icyphy/ptII/ptolemy/domains/modal/test/auto/InitialStateTransition2.xml
.InitialStateTransition2.TestExceptionAttributeNonConstructive: initialize() was not invoked, but wrapup() was.  This is unusual, but not always a problem.  For example, exporting JNLP will do this.
4 ms. Memory: 236544K Free: 127352K (54%)
----------------- Invoking toplevel() on ptolemy.moml.MoMLSimpleApplication@2426b2b0
----------------- Done invoking toplevel() on ptolemy.moml.MoMLSimpleApplication@2426b2b0
reloadAllAccessors: .InitialStateTransition2

===========================================================================================
----------------- testing Fri Aug 14 15:29:07 UTC 2020 /home/travis/build/icyphy/ptII/ptolemy/domains/modal/test/auto/InitialStateTransition3.xml
----------------- Instantiating /home/travis/build/icyphy/ptII/ptolemy/domains/modal/test/auto/InitialStateTransition3.xml
4 ms. Memory: 236544K Free: 119158K (50%)
----------------- Invoking toplevel() on ptolemy.moml.MoMLSimpleApplication@37fae12f
----------------- Done invoking toplevel() on ptolemy.moml.MoMLSimpleApplication@37fae12f
reloadAllAccessors: .InitialStateTransition3

===========================================================================================
----------------- testing Fri Aug 14 15:29:07 UTC 2020 /home/travis/build/icyphy/ptII/ptolemy/domains/modal/test/auto/InitialStateTransition4.xml
----------------- Instantiating /home/travis/build/icyphy/ptII/ptolemy/domains/modal/test/auto/InitialStateTransition4.xml
3 ms. Memory: 236544K Free: 109430K (46%)
----------------- Invoking toplevel() on ptolemy.moml.MoMLSimpleApplication@6e9d9cd3
----------------- Done invoking toplevel() on ptolemy.moml.MoMLSimpleApplication@6e9d9cd3
[...]
reloadAllAccessors: .TerminationTransition3

===========================================================================================
----------------- testing Fri Aug 14 15:29:09 UTC 2020 /home/travis/build/icyphy/ptII/ptolemy/domains/modal/test/auto/TerminationTransition4.xml
----------------- Instantiating /home/travis/build/icyphy/ptII/ptolemy/domains/modal/test/auto/TerminationTransition4.xml
6 ms. Memory: 293888K Free: 188192K (64%)
----------------- Invoking toplevel() on ptolemy.moml.MoMLSimpleApplication@78c0580a
----------------- Done invoking toplevel() on ptolemy.moml.MoMLSimpleApplication@78c0580a
reloadAllAccessors: .TerminationTransition4

===========================================================================================
----------------- testing Fri Aug 14 15:29:09 UTC 2020 /home/travis/build/icyphy/ptII/ptolemy/domains/modal/test/auto/TerminationTransition5.xml
----------------- Instantiating /home/travis/build/icyphy/ptII/ptolemy/domains/modal/test/auto/TerminationTransition5.xml
3 ms. Memory: 293888K Free: 174366K (59%)
----------------- Invoking toplevel() on ptolemy.moml.MoMLSimpleApplication@83efe5f
----------------- Done invoking toplevel() on ptolemy.moml.MoMLSimpleApplication@83efe5f
reloadAllAccessors: .TerminationTransition5

===========================================================================================
----------------- testing Fri Aug 14 15:29:09 UTC 2020 /home/travis/build/icyphy/ptII/ptolemy/domains/modal/test/auto/TerminationTransition6.xml
----------------- Instantiating /home/travis/build/icyphy/ptII/ptolemy/domains/modal/test/auto/TerminationTransition6.xml
2 ms. Memory: 293888K Free: 165664K (56%)
----------------- Invoking toplevel() on ptolemy.moml.MoMLSimpleApplication@1d6d30ed
----------------- Done invoking toplevel() on ptolemy.moml.MoMLSimpleApplication@1d6d30ed
reloadAllAccessors: .TerminationTransition6

===========================================================================================
----------------- testing Fri Aug 14 15:29:09 UTC 2020 /home/travis/build/icyphy/ptII/ptolemy/domains/modal/test/auto/TerminationTransition7.xml
----------------- Instantiating /home/travis/build/icyphy/ptII/ptolemy/domains/modal/test/auto/TerminationTransition7.xml
2 ms. Memory: 293888K Free: 155934K (53%)
----------------- Invoking toplevel() on ptolemy.moml.MoMLSimpleApplication@7e604a34
----------------- Done invoking toplevel() on ptolemy.moml.MoMLSimpleApplication@7e604a34
reloadAllAccessors: .TerminationTransition7

===========================================================================================
----------------- testing Fri Aug 14 15:29:09 UTC 2020 /home/travis/build/icyphy/ptII/ptolemy/domains/modal/test/auto/TerminationTransition8.xml
----------------- Instantiating /home/travis/build/icyphy/ptII/ptolemy/domains/modal/test/auto/TerminationTransition8.xml
1 ms. Memory: 293888K Free: 146718K (50%)
----------------- Invoking toplevel() on ptolemy.moml.MoMLSimpleApplication@1b245c6b
----------------- Done invoking toplevel() on ptolemy.moml.MoMLSimpleApplication@1b245c6b
reloadAllAccessors: .TerminationTransition8

===========================================================================================
----------------- testing Fri Aug 14 15:29:09 UTC 2020 /home/travis/build/icyphy/ptII/ptolemy/domains/modal/test/auto/Thermostat_NoHysteresis.xml
----------------- Instantiating /home/travis/build/icyphy/ptII/ptolemy/domains/modal/test/auto/Thermostat_NoHysteresis.xml
26 ms. Memory: 293888K Free: 122142K (42%)
----------------- Invoking toplevel() on ptolemy.moml.MoMLSimpleApplication@34ce7ae5
----------------- Done invoking toplevel() on ptolemy.moml.MoMLSimpleApplication@34ce7ae5
reloadAllAccessors: .Thermostat_NoHysteresis

===========================================================================================
----------------- testing Fri Aug 14 15:29:09 UTC 2020 /home/travis/build/icyphy/ptII/ptolemy/domains/modal/test/auto/TimedFSM.xml
----------------- Instantiating /home/travis/build/icyphy/ptII/ptolemy/domains/modal/test/auto/TimedFSM.xml
8 ms. Memory: 293888K Free: 110368K (38%)
----------------- Invoking toplevel() on ptolemy.moml.MoMLSimpleApplication@6f78896b
----------------- Done invoking toplevel() on ptolemy.moml.MoMLSimpleApplication@6f78896b
reloadAllAccessors: .TimedFSM

===========================================================================================
----------------- testing Fri Aug 14 15:29:09 UTC 2020 /home/travis/build/icyphy/ptII/ptolemy/domains/modal/test/auto/Timeout1.xml
----------------- Instantiating /home/travis/build/icyphy/ptII/ptolemy/domains/modal/test/auto/Timeout1.xml
3 ms. Memory: 293888K Free: 104720K (36%)
----------------- Invoking toplevel() on ptolemy.moml.MoMLSimpleApplication@6a4b445c
----------------- Done invoking toplevel() on ptolemy.moml.MoMLSimpleApplication@6a4b445c
reloadAllAccessors: .Timeout1

===========================================================================================
----------------- testing Fri Aug 14 15:29:09 UTC 2020 /home/travis/build/icyphy/ptII/ptolemy/domains/modal/test/auto/Timeout2.xml
----------------- Instantiating /home/travis/build/icyphy/ptII/ptolemy/domains/modal/test/auto/Timeout2.xml
8 ms. Memory: 293888K Free: 267156K (91%)
----------------- Invoking toplevel() on ptolemy.moml.MoMLSimpleApplication@7ae5a55a
----------------- Done invoking toplevel() on ptolemy.moml.MoMLSimpleApplication@7ae5a55a
reloadAllAccessors: .Timeout2

===========================================================================================
----------------- testing Fri Aug 14 15:29:09 UTC 2020 /home/travis/build/icyphy/ptII/ptolemy/domains/modal/test/auto/Timeout3.xml
----------------- Instantiating /home/travis/build/icyphy/ptII/ptolemy/domains/modal/test/auto/Timeout3.xml
2 ms. Memory: 293888K Free: 262036K (89%)
----------------- Invoking toplevel() on ptolemy.moml.MoMLSimpleApplication@5fb5d9dc
----------------- Done invoking toplevel() on ptolemy.moml.MoMLSimpleApplication@5fb5d9dc
reloadAllAccessors: .Timeout3

===========================================================================================
----------------- testing Fri Aug 14 15:29:09 UTC 2020 /home/travis/build/icyphy/ptII/ptolemy/domains/modal/test/auto/Timeout4.xml
----------------- Instantiating /home/travis/build/icyphy/ptII/ptolemy/domains/modal/test/auto/Timeout4.xml
2 ms. Memory: 293888K Free: 256916K (87%)
----------------- Invoking toplevel() on ptolemy.moml.MoMLSimpleApplication@33c5126f
----------------- Done invoking toplevel() on ptolemy.moml.MoMLSimpleApplication@33c5126f
reloadAllAccessors: .Timeout4

===========================================================================================
----------------- testing Fri Aug 14 15:29:09 UTC 2020 /home/travis/build/icyphy/ptII/ptolemy/domains/modal/test/auto/TransientstateModelAdvanced.xml
----------------- Instantiating /home/travis/build/icyphy/ptII/ptolemy/domains/modal/test/auto/TransientstateModelAdvanced.xml
4 ms. Memory: 293888K Free: 244628K (83%)
----------------- Invoking toplevel() on ptolemy.moml.MoMLSimpleApplication@1a9ebc13
----------------- Done invoking toplevel() on ptolemy.moml.MoMLSimpleApplication@1a9ebc13
reloadAllAccessors: .TransientstateModelAdvanced

===========================================================================================
----------------- testing Fri Aug 14 15:29:09 UTC 2020 /home/travis/build/icyphy/ptII/ptolemy/domains/modal/test/auto/TransientstateModelAdvanced2.xml
----------------- Instantiating /home/travis/build/icyphy/ptII/ptolemy/domains/modal/test/auto/TransientstateModelAdvanced2.xml
3 ms. Memory: 293888K Free: 230292K (78%)
----------------- Invoking toplevel() on ptolemy.moml.MoMLSimpleApplication@284e9dad
----------------- Done invoking toplevel() on ptolemy.moml.MoMLSimpleApplication@284e9dad
reloadAllAccessors: .transientstatemodelAdvanced

===========================================================================================
----------------- testing Fri Aug 14 15:29:10 UTC 2020 /home/travis/build/icyphy/ptII/ptolemy/domains/modal/test/auto/TransitionRefinements.xml
----------------- Instantiating /home/travis/build/icyphy/ptII/ptolemy/domains/modal/test/auto/TransitionRefinements.xml
7 ms. Memory: 293888K Free: 220548K (75%)
----------------- Invoking toplevel() on ptolemy.moml.MoMLSimpleApplication@a57ce44
----------------- Done invoking toplevel() on ptolemy.moml.MoMLSimpleApplication@a57ce44
reloadAllAccessors: .TransitionRefinements

===========================================================================================
----------------- testing Fri Aug 14 15:29:10 UTC 2020 /home/travis/build/icyphy/ptII/ptolemy/domains/modal/test/auto/TwoRefinements1.xml
----------------- Instantiating /home/travis/build/icyphy/ptII/ptolemy/domains/modal/test/auto/TwoRefinements1.xml
3 ms. Memory: 293888K Free: 210322K (72%)
----------------- Invoking toplevel() on ptolemy.moml.MoMLSimpleApplication@25493717
----------------- Done invoking toplevel() on ptolemy.moml.MoMLSimpleApplication@25493717
reloadAllAccessors: .TwoRefinements1

===========================================================================================
----------------- testing Fri Aug 14 15:29:10 UTC 2020 /home/travis/build/icyphy/ptII/ptolemy/domains/modal/test/auto/TwoRefinements2.xml
----------------- Instantiating /home/travis/build/icyphy/ptII/ptolemy/domains/modal/test/auto/TwoRefinements2.xml
2 ms. Memory: 293888K Free: 200596K (68%)
----------------- Invoking toplevel() on ptolemy.moml.MoMLSimpleApplication@d4784e8
----------------- Done invoking toplevel() on ptolemy.moml.MoMLSimpleApplication@d4784e8
reloadAllAccessors: .TwoRefinements2

===========================================================================================
----------------- testing Fri Aug 14 15:29:10 UTC 2020 /home/travis/build/icyphy/ptII/ptolemy/domains/modal/test/auto/WeakImmediateTransition.xml
----------------- Instantiating /home/travis/build/icyphy/ptII/ptolemy/domains/modal/test/auto/WeakImmediateTransition.xml
3 ms. Memory: 293888K Free: 191890K (65%)
----------------- Invoking toplevel() on ptolemy.moml.MoMLSimpleApplication@18217a04
----------------- Done invoking toplevel() on ptolemy.moml.MoMLSimpleApplication@18217a04
reloadAllAccessors: .WeakImmediateTransition

===========================================================================================
----------------- testing Fri Aug 14 15:29:10 UTC 2020 /home/travis/build/icyphy/ptII/ptolemy/domains/modal/test/auto/booleanSelect.xml
----------------- Instantiating /home/travis/build/icyphy/ptII/ptolemy/domains/modal/test/auto/booleanSelect.xml
34 ms. Memory: 293888K Free: 173972K (59%)
----------------- Invoking toplevel() on ptolemy.moml.MoMLSimpleApplication@1c7bea95
----------------- Done invoking toplevel() on ptolemy.moml.MoMLSimpleApplication@1c7bea95
reloadAllAccessors: .booleanSelect

===========================================================================================
----------------- testing Fri Aug 14 15:29:10 UTC 2020 /home/travis/build/icyphy/ptII/ptolemy/domains/modal/test/auto/modalChangingParams.xml
----------------- Instantiating /home/travis/build/icyphy/ptII/ptolemy/domains/modal/test/auto/modalChangingParams.xml
0
1
0
2
4
6
8
7
0
2
4
6
8
13
0
2
4
6
8
19
0
2
4
6
8
25
0
2
4
6
8
31
0
2
4
6
8
37
0
2
4
6
8
43
0
2
4
6
8
49
0
2
4
6
8
55
0
2
4
6
8
61
0
2
4
6
8
67
0
2
4
6
8
73
0
2
4
6
8
79
0
2
4
6
8
85
0
2
4
6
8
91
0
2
4
6
8
97
0
2
4
6
8
103
0
2
4
6
8
109
0
2
4
6
8
115
0
2
4
6
8
121
0
2
4
6
8
127
0
2
4
6
8
133
0
2
4
6
8
139
0
2
4
6
8
145
0
2
4
6
8
151
0
2
4
6
8
157
0
2
4
6
8
163
0
2
4
6
8
169
0
2
4
6
8
175
0
2
4
6
8
181
0
2
4
6
8
187
0
2
4
6
8
193
0
2
4
6
8
199
0
2
4
6
8
205
0
2
4
6
8
211
0
2
4
6
8
217
0
2
4
6
8
223
0
2
4
6
8
229
0
2
4
6
8
235
0
2
4
6
8
241
0
2
4
6
8
247
0
2
4
6
8
253
0
2
4
6
8
259
0
2
4
6
8
265
0
2
4
6
8
271
0
2
4
6
8
277
0
2
4
6
8
283
0
2
4
6
8
289
0
2
4
6
8
295
0
2
4
6
8
301
0
2
4
6
8
307
0
2
4
6
8
313
0
2
4
6
8
319
0
2
4
6
8
325
0
2
4
6
8
331
0
2
4
6
8
337
0
2
4
6
8
343
0
2
4
6
8
349
0
2
4
6
8
355
0
2
4
6
8
361
0
2
4
6
8
367
0
2
4
6
8
373
0
2
4
6
8
379
0
2
4
6
8
385
0
2
4
6
8
391
0
2
4
6
8
397
0
2
4
6
8
403
0
2
4
6
8
409
0
2
4
6
8
415
0
2
4
6
8
421
0
2
4
6
8
427
0
2
4
6
8
433
0
2
4
6
8
439
0
2
4
6
8
445
0
2
4
6
8
451
0
2
4
6
8
457
0
2
4
6
8
463
0
2
4
6
8
469
0
2
4
6
8
475
0
2
4
6
8
481
0
2
4
6
8
487
0
2
4
6
8
493
0
2
4
6
8
499
0
2
4
6
8
505
0
2
4
6
8
511
0
2
4
6
8
517
0
2
4
6
8
523
0
2
4
6
8
529
0
2
4
6
8
535
0
2
4
6
8
541
0
2
4
6
8
547
0
2
4
6
8
553
0
2
4
6
8
559
0
2
4
6
8
565
0
2
4
6
8
571
0
2
4
6
8
577
0
2
4
6
8
583
0
2
4
6
8
589
0
2
4
6
8
595
0
2
4
6
8
601
0
2
4
6
8
607
0
2
4
6
8
613
0
2
4
6
8
619
0
2
4
6
8
625
0
2
4
6
8
631
0
2
4
6
8
637
0
2
4
6
8
643
0
2
4
6
8
649
0
2
4
6
8
655
0
2
4
6
8
661
0
2
4
6
8
667
0
2
4
6
8
673
0
2
4
6
8
679
0
2
4
6
8
685
0
2
4
6
8
691
0
2
4
6
8
697
0
2
4
6
8
703
0
2
4
6
8
709
0
2
4
6
8
715
0
2
4
6
8
721
0
2
4
6
8
727
0
2
4
6
8
733
0
2
4
6
8
739
0
2
4
6
8
745
0
2
4
6
8
751
0
2
4
6
8
757
0
2
4
6
8
763
0
2
4
6
8
769
0
2
4
6
8
775
0
2
4
6
8
781
0
2
4
6
8
787
0
2
4
6
8
793
0
2
4
6
8
799
0
2
4
6
8
805
0
2
4
6
8
811
0
2
4
6
8
817
0
2
4
6
8
823
0
2
4
6
8
829
0
2
4
6
8
835
0
2
4
6
8
841
0
2
4
6
8
847
0
2
4
6
8
853
0
2
4
6
8
859
0
2
4
6
8
865
0
2
4
6
8
871
0
2
4
6
8
877
0
2
4
6
8
883
0
2
4
6
8
889
0
2
4
6
8
895
0
2
4
6
8
901
0
2
4
6
8
907
0
2
4
6
8
913
0
2
4
6
8
919
0
2
4
6
8
925
0
2
4
6
8
931
0
2
4
6
8
937
0
2
4
6
8
943
0
2
4
6
8
949
0
2
4
6
8
955
0
2
4
6
8
961
0
2
4
6
8
967
0
2
4
6
8
973
0
2
4
6
8
979
0
2
4
6
8
985
0
2
4
6
8
991
0
2
4
6
8
997
0
2
303 ms. Memory: 353280K Free: 290630K (82%)
----------------- Invoking toplevel() on ptolemy.moml.MoMLSimpleApplication@565ce9c3
----------------- Done invoking toplevel() on ptolemy.moml.MoMLSimpleApplication@565ce9c3
reloadAllAccessors: .modalChangingParams

===========================================================================================
----------------- testing Fri Aug 14 15:29:10 UTC 2020 /home/travis/build/icyphy/ptII/ptolemy/domains/modal/test/auto/modalModel.xml
----------------- Instantiating /home/travis/build/icyphy/ptII/ptolemy/domains/modal/test/auto/modalModel.xml
6 ms. Memory: 353280K Free: 281414K (80%)
----------------- Invoking toplevel() on ptolemy.moml.MoMLSimpleApplication@408c3e33
----------------- Done invoking toplevel() on ptolemy.moml.MoMLSimpleApplication@408c3e33
reloadAllAccessors: .modalModel

===========================================================================================
----------------- testing Fri Aug 14 15:29:10 UTC 2020 /home/travis/build/icyphy/ptII/ptolemy/domains/modal/test/auto/modalModel2.xml
----------------- Instantiating /home/travis/build/icyphy/ptII/ptolemy/domains/modal/test/auto/modalModel2.xml
17 ms. Memory: 353280K Free: 270646K (77%)
----------------- Invoking toplevel() on ptolemy.moml.MoMLSimpleApplication@4d0f6ae
----------------- Done invoking toplevel() on ptolemy.moml.MoMLSimpleApplication@4d0f6ae
reloadAllAccessors: .modalModel2

===========================================================================================
----------------- testing Fri Aug 14 15:29:10 UTC 2020 /home/travis/build/icyphy/ptII/ptolemy/domains/modal/test/auto/modalModel3.xml
----------------- Instantiating /home/travis/build/icyphy/ptII/ptolemy/domains/modal/test/auto/modalModel3.xml
0	0	0
3	2	1
6	4	2
9	6	3
4	0	4
7	2	5
10	4	6
13	6	7
8	0	8
11	2	9
14	4	10
17	6	11
12	0	12
15	2	13
18	4	14
22 ms. Memory: 353280K Free: 255814K (72%)
----------------- Invoking toplevel() on ptolemy.moml.MoMLSimpleApplication@4d5ce953
----------------- Done invoking toplevel() on ptolemy.moml.MoMLSimpleApplication@4d5ce953
reloadAllAccessors: .modalModel3

===========================================================================================
----------------- testing Fri Aug 14 15:29:10 UTC 2020 /home/travis/build/icyphy/ptII/ptolemy/domains/modal/test/auto/model1.xml
----------------- Instantiating /home/travis/build/icyphy/ptII/ptolemy/domains/modal/test/auto/model1.xml
16 ms. Memory: 353280K Free: 250166K (71%)
----------------- Invoking toplevel() on ptolemy.moml.MoMLSimpleApplication@14439de9
----------------- Done invoking toplevel() on ptolemy.moml.MoMLSimpleApplication@14439de9
reloadAllAccessors: .model1

===========================================================================================
----------------- testing Fri Aug 14 15:29:10 UTC 2020 /home/travis/build/icyphy/ptII/ptolemy/domains/modal/test/auto/test-direct-in-out.xml
----------------- Instantiating /home/travis/build/icyphy/ptII/ptolemy/domains/modal/test/auto/test-direct-in-out.xml
6 ms. Memory: 353280K Free: 242502K (69%)
----------------- Invoking toplevel() on ptolemy.moml.MoMLSimpleApplication@5064bb3b
----------------- Done invoking toplevel() on ptolemy.moml.MoMLSimpleApplication@5064bb3b
reloadAllAccessors: .test-direct-in-out
AutoTests.java: About to close Vertx.
AutoTests.java: Vertx closed.
]]></system-out>
  <system-err><![CDATA[java.lang.RuntimeException: Execution failed
	at ptolemy.moml.MoMLSimpleApplication$UnloadThread.run(MoMLSimpleApplication.java:402)
Caused by: ptolemy.kernel.util.IllegalActionException: Unknown inputs remain. Possible causality loop:
L_model_1893289564i

  in .CannotAnalysisWithPreemption.model_1893289564_region_1 and .CannotAnalysisWithPreemption.model_1893289564_region_1.L_model_1893289564i
	at ptolemy.actor.sched.FixedPointDirector.postfire(FixedPointDirector.java:515)
	at ptolemy.domains.sr.kernel.SRDirector.postfire(SRDirector.java:417)
	at ptolemy.actor.CompositeActor.postfire(CompositeActor.java:1668)
	at ptolemy.actor.Manager.iterate(Manager.java:852)
	at ptolemy.actor.Manager.execute(Manager.java:369)
	at ptolemy.actor.Manager.run(Manager.java:1263)
	at ptolemy.actor.Manager$PtolemyRunThread.run(Manager.java:1933)
java.lang.reflect.InvocationTargetException
	at java.base/jdk.internal.reflect.NativeConstructorAccessorImpl.newInstance0(Native Method)
	at java.base/jdk.internal.reflect.NativeConstructorAccessorImpl.newInstance(NativeConstructorAccessorImpl.java:62)
	at java.base/jdk.internal.reflect.DelegatingConstructorAccessorImpl.newInstance(DelegatingConstructorAccessorImpl.java:45)
	at java.base/java.lang.reflect.Constructor.newInstance(Constructor.java:490)
	at ptolemy.util.test.junit.AutoKnownFailedTests.RunModel(AutoKnownFailedTests.java:105)
	at java.base/jdk.internal.reflect.NativeMethodAccessorImpl.invoke0(Native Method)
	at java.base/jdk.internal.reflect.NativeMethodAccessorImpl.invoke(NativeMethodAccessorImpl.java:62)
	at java.base/jdk.internal.reflect.DelegatingMethodAccessorImpl.invoke(DelegatingMethodAccessorImpl.java:43)
	at java.base/java.lang.reflect.Method.invoke(Method.java:566)
	at org.junit.runners.model.FrameworkMethod$1.runReflectiveCall(FrameworkMethod.java:44)
	at org.junit.internal.runners.model.ReflectiveCallable.run(ReflectiveCallable.java:15)
	at org.junit.runners.model.FrameworkMethod.invokeExplosively(FrameworkMethod.java:41)
	at junitparams.internal.InvokeParameterisedMethod.evaluate(InvokeParameterisedMethod.java:102)
	at org.junit.internal.runners.statements.FailOnTimeout$1.run(FailOnTimeout.java:28)
Caused by: ptolemy.kernel.util.IllegalActionException: Unknown inputs remain. Possible causality loop:
L_model_1893289564i

  in .CannotAnalysisWithPreemption.model_1893289564_region_1 and .CannotAnalysisWithPreemption.model_1893289564_region_1.L_model_1893289564i
	at ptolemy.actor.sched.FixedPointDirector.postfire(FixedPointDirector.java:515)
	at ptolemy.domains.sr.kernel.SRDirector.postfire(SRDirector.java:417)
	at ptolemy.actor.CompositeActor.postfire(CompositeActor.java:1668)
	at ptolemy.actor.Manager.iterate(Manager.java:852)
	at ptolemy.actor.Manager.execute(Manager.java:369)
	at ptolemy.actor.Manager.run(Manager.java:1263)
	at ptolemy.actor.Manager$PtolemyRunThread.run(Manager.java:1933)
]]></system-err>
</testsuite>
