<?xml version="1.0" encoding="UTF-8" ?>
<testsuite errors="0" failures="0" hostname="travis-job-9286ee20-fa7a-4dc6-b0d9-501aefd3b791" name="ptolemy.domains.sdf.test.junit.JUnitTclTest" skipped="0" tests="66" time="19.919" timestamp="2018-07-03T01:36:55">
  <properties>
[...]
</properties>
  <testcase classname="ptolemy.util.test.junit.TclTests" name="[0] /home/travis/build/icyphy/ptII/ptolemy/domains/sdf/test/SDFSchedulerErrors.tcl (RunTclFile)" time="0.681" />
  <testcase classname="ptolemy.util.test.junit.TclTests" name="[1] /home/travis/build/icyphy/ptII/ptolemy/domains/sdf/test/composition.tcl (RunTclFile)" time="0.204" />
  <testcase classname="ptolemy.util.test.junit.TclTests" name="[2] /home/travis/build/icyphy/ptII/ptolemy/domains/sdf/test/cycle.tcl (RunTclFile)" time="0.063" />
  <testcase classname="ptolemy.util.test.junit.AutoKnownFailedTests" name="[0] ThereAreNoKnowFailedTests (RunModel)" time="0.002" />
  <testcase classname="ptolemy.util.test.junit.AutoNameArchTests" name="[0] ThereAreNoAutoArchTests (RunModel)" time="0.001" />
  <testcase classname="ptolemy.util.test.junit.AutoTests" name="[0] /home/travis/build/icyphy/ptII/ptolemy/domains/sdf/test/auto/Array.xml (RunModel)" time="0.175" />
  <testcase classname="ptolemy.util.test.junit.AutoTests" name="[1] /home/travis/build/icyphy/ptII/ptolemy/domains/sdf/test/auto/Butterfly.xml (RunModel)" time="0.207" />
  <testcase classname="ptolemy.util.test.junit.AutoTests" name="[2] /home/travis/build/icyphy/ptII/ptolemy/domains/sdf/test/auto/Expression.xml (RunModel)" time="0.089" />
  <testcase classname="ptolemy.util.test.junit.AutoTests" name="[3] /home/travis/build/icyphy/ptII/ptolemy/domains/sdf/test/auto/Eye.xml (RunModel)" time="0.341" />
  <testcase classname="ptolemy.util.test.junit.AutoTests" name="[4] /home/travis/build/icyphy/ptII/ptolemy/domains/sdf/test/auto/FixFIR.xml (RunModel)" time="0.343" />
  <testcase classname="ptolemy.util.test.junit.AutoTests" name="[5] /home/travis/build/icyphy/ptII/ptolemy/domains/sdf/test/auto/FixPoint.xml (RunModel)" time="0.028" />
  <testcase classname="ptolemy.util.test.junit.AutoTests" name="[6] /home/travis/build/icyphy/ptII/ptolemy/domains/sdf/test/auto/Gravitation.xml (RunModel)" time="3.245" />
  <testcase classname="ptolemy.util.test.junit.AutoTests" name="[7] /home/travis/build/icyphy/ptII/ptolemy/domains/sdf/test/auto/GravitationWithCollisionDetection.xml (RunModel)" time="5.94" />
  <testcase classname="ptolemy.util.test.junit.AutoTests" name="[8] /home/travis/build/icyphy/ptII/ptolemy/domains/sdf/test/auto/HDF.xml (RunModel)" time="0.122" />
  <testcase classname="ptolemy.util.test.junit.AutoTests" name="[9] /home/travis/build/icyphy/ptII/ptolemy/domains/sdf/test/auto/HDFwithTransientStates.xml (RunModel)" time="0.108" />
  <testcase classname="ptolemy.util.test.junit.AutoTests" name="[10] /home/travis/build/icyphy/ptII/ptolemy/domains/sdf/test/auto/HTVQ.xml (RunModel)" time="0.959" />
  <testcase classname="ptolemy.util.test.junit.AutoTests" name="[11] /home/travis/build/icyphy/ptII/ptolemy/domains/sdf/test/auto/InferInitProduction.xml (RunModel)" time="0.05" />
  <testcase classname="ptolemy.util.test.junit.AutoTests" name="[12] /home/travis/build/icyphy/ptII/ptolemy/domains/sdf/test/auto/InferInitProductionDeeper.xml (RunModel)" time="0.044" />
  <testcase classname="ptolemy.util.test.junit.AutoTests" name="[13] /home/travis/build/icyphy/ptII/ptolemy/domains/sdf/test/auto/LMSAdaptive.xml (RunModel)" time="0.104" />
  <testcase classname="ptolemy.util.test.junit.AutoTests" name="[14] /home/travis/build/icyphy/ptII/ptolemy/domains/sdf/test/auto/LogisticMap.xml (RunModel)" time="0.486" />
  <testcase classname="ptolemy.util.test.junit.AutoTests" name="[15] /home/travis/build/icyphy/ptII/ptolemy/domains/sdf/test/auto/MaximumEntropySpectrum.xml (RunModel)" time="0.276" />
  <testcase classname="ptolemy.util.test.junit.AutoTests" name="[16] /home/travis/build/icyphy/ptII/ptolemy/domains/sdf/test/auto/MultirateSDF.xml (RunModel)" time="0.067" />
  <testcase classname="ptolemy.util.test.junit.AutoTests" name="[17] /home/travis/build/icyphy/ptII/ptolemy/domains/sdf/test/auto/MultirateSDFwithTransientStates.xml (RunModel)" time="0.084" />
  <testcase classname="ptolemy.util.test.junit.AutoTests" name="[18] /home/travis/build/icyphy/ptII/ptolemy/domains/sdf/test/auto/NoisySinewave.xml (RunModel)" time="0.072" />
  <testcase classname="ptolemy.util.test.junit.AutoTests" name="[19] /home/travis/build/icyphy/ptII/ptolemy/domains/sdf/test/auto/Objects.xml (RunModel)" time="0.064" />
  <testcase classname="ptolemy.util.test.junit.AutoTests" name="[20] /home/travis/build/icyphy/ptII/ptolemy/domains/sdf/test/auto/OrthogonalCom.xml (RunModel)" time="0.049" />
  <testcase classname="ptolemy.util.test.junit.AutoTests" name="[21] /home/travis/build/icyphy/ptII/ptolemy/domains/sdf/test/auto/RijndaelEncryption.xml (RunModel)" time="0.59" />
  <testcase classname="ptolemy.util.test.junit.AutoTests" name="[22] /home/travis/build/icyphy/ptII/ptolemy/domains/sdf/test/auto/SDFEmptyIterations.xml (RunModel)" time="0.013" />
  <testcase classname="ptolemy.util.test.junit.AutoTests" name="[23] /home/travis/build/icyphy/ptII/ptolemy/domains/sdf/test/auto/Spectrum.xml (RunModel)" time="0.084" />
  <testcase classname="ptolemy.util.test.junit.AutoTests" name="[24] /home/travis/build/icyphy/ptII/ptolemy/domains/sdf/test/auto/de_inside_sdf.xml (RunModel)" time="0.03" />
  <testcase classname="ptolemy.util.test.junit.AutoTests" name="[25] /home/travis/build/icyphy/ptII/ptolemy/domains/sdf/test/auto/disconnectedHierarchicalSDF.xml (RunModel)" time="0.019" />
  <testcase classname="ptolemy.util.test.junit.AutoTests" name="[26] /home/travis/build/icyphy/ptII/ptolemy/domains/sdf/test/auto/disconnectedSDF.xml (RunModel)" time="0.016" />
  <testcase classname="ptolemy.util.test.junit.AutoTests" name="[27] /home/travis/build/icyphy/ptII/ptolemy/domains/sdf/test/auto/emptyRefinement.xml (RunModel)" time="0.02" />
  <testcase classname="ptolemy.util.test.junit.AutoTests" name="[28] /home/travis/build/icyphy/ptII/ptolemy/domains/sdf/test/auto/filePortParameter.xml (RunModel)" time="0.045" />
  <testcase classname="ptolemy.util.test.junit.AutoTests" name="[29] /home/travis/build/icyphy/ptII/ptolemy/domains/sdf/test/auto/inferRelationWidth1.xml (RunModel)" time="0.017" />
  <testcase classname="ptolemy.util.test.junit.AutoTests" name="[30] /home/travis/build/icyphy/ptII/ptolemy/domains/sdf/test/auto/initProductionInference.xml (RunModel)" time="0.024" />
  <testcase classname="ptolemy.util.test.junit.AutoTests" name="[31] /home/travis/build/icyphy/ptII/ptolemy/domains/sdf/test/auto/relationGroup.xml (RunModel)" time="0.016" />
  <testcase classname="ptolemy.util.test.junit.AutoTests" name="[32] /home/travis/build/icyphy/ptII/ptolemy/domains/sdf/test/auto/relationGroup10.xml (RunModel)" time="0.023" />
  <testcase classname="ptolemy.util.test.junit.AutoTests" name="[33] /home/travis/build/icyphy/ptII/ptolemy/domains/sdf/test/auto/relationGroup11.xml (RunModel)" time="0.019" />
  <testcase classname="ptolemy.util.test.junit.AutoTests" name="[34] /home/travis/build/icyphy/ptII/ptolemy/domains/sdf/test/auto/relationGroup12.xml (RunModel)" time="0.017" />
  <testcase classname="ptolemy.util.test.junit.AutoTests" name="[35] /home/travis/build/icyphy/ptII/ptolemy/domains/sdf/test/auto/relationGroup13.xml (RunModel)" time="0.027" />
  <testcase classname="ptolemy.util.test.junit.AutoTests" name="[36] /home/travis/build/icyphy/ptII/ptolemy/domains/sdf/test/auto/relationGroup14.xml (RunModel)" time="0.014" />
  <testcase classname="ptolemy.util.test.junit.AutoTests" name="[37] /home/travis/build/icyphy/ptII/ptolemy/domains/sdf/test/auto/relationGroup15.xml (RunModel)" time="0.017" />
  <testcase classname="ptolemy.util.test.junit.AutoTests" name="[38] /home/travis/build/icyphy/ptII/ptolemy/domains/sdf/test/auto/relationGroup2.xml (RunModel)" time="0.018" />
  <testcase classname="ptolemy.util.test.junit.AutoTests" name="[39] /home/travis/build/icyphy/ptII/ptolemy/domains/sdf/test/auto/relationGroup3.xml (RunModel)" time="0.012" />
  <testcase classname="ptolemy.util.test.junit.AutoTests" name="[40] /home/travis/build/icyphy/ptII/ptolemy/domains/sdf/test/auto/relationGroup4.xml (RunModel)" time="0.021" />
  <testcase classname="ptolemy.util.test.junit.AutoTests" name="[41] /home/travis/build/icyphy/ptII/ptolemy/domains/sdf/test/auto/relationGroup5.xml (RunModel)" time="0.015" />
  <testcase classname="ptolemy.util.test.junit.AutoTests" name="[42] /home/travis/build/icyphy/ptII/ptolemy/domains/sdf/test/auto/relationGroup6.xml (RunModel)" time="0.015" />
  <testcase classname="ptolemy.util.test.junit.AutoTests" name="[43] /home/travis/build/icyphy/ptII/ptolemy/domains/sdf/test/auto/relationGroup7.xml (RunModel)" time="0.01" />
  <testcase classname="ptolemy.util.test.junit.AutoTests" name="[44] /home/travis/build/icyphy/ptII/ptolemy/domains/sdf/test/auto/relationGroup8.xml (RunModel)" time="0.014" />
  <testcase classname="ptolemy.util.test.junit.AutoTests" name="[45] /home/travis/build/icyphy/ptII/ptolemy/domains/sdf/test/auto/relationGroup9.xml (RunModel)" time="0.018" />
  <testcase classname="ptolemy.util.test.junit.AutoTests" name="[46] /home/travis/build/icyphy/ptII/ptolemy/domains/sdf/test/auto/sdf_inside_de.xml (RunModel)" time="0.061" />
  <testcase classname="ptolemy.util.test.junit.AutoTests" name="[47] /home/travis/build/icyphy/ptII/ptolemy/domains/sdf/test/auto/sdf_inside_pn.xml (RunModel)" time="0.067" />
  <testcase classname="ptolemy.util.test.junit.AutoTests" name="[48] /home/travis/build/icyphy/ptII/ptolemy/domains/sdf/test/auto/sdf_sdf1.xml (RunModel)" time="0.025" />
  <testcase classname="ptolemy.util.test.junit.AutoTests" name="[49] /home/travis/build/icyphy/ptII/ptolemy/domains/sdf/test/auto/test1.xml (RunModel)" time="0.016" />
  <testcase classname="ptolemy.util.test.junit.AutoTests" name="[50] /home/travis/build/icyphy/ptII/ptolemy/domains/sdf/test/auto/time1.xml (RunModel)" time="0.011" />
  <testcase classname="ptolemy.util.test.junit.AutoTests" name="[51] /home/travis/build/icyphy/ptII/ptolemy/domains/sdf/test/auto/time2.xml (RunModel)" time="0.011" />
  <testcase classname="ptolemy.util.test.junit.AutoTests" name="[52] /home/travis/build/icyphy/ptII/ptolemy/domains/sdf/test/auto/time3.xml (RunModel)" time="0.021" />
  <testcase classname="ptolemy.util.test.junit.AutoTests" name="[53] /home/travis/build/icyphy/ptII/ptolemy/domains/sdf/test/auto/time4.xml (RunModel)" time="0.019" />
  <testcase classname="ptolemy.util.test.junit.AutoTests" name="[54] /home/travis/build/icyphy/ptII/ptolemy/domains/sdf/test/auto/time5.xml (RunModel)" time="4.011" />
  <testcase classname="ptolemy.util.test.junit.AutoTests" name="[55] /home/travis/build/icyphy/ptII/ptolemy/domains/sdf/test/auto/typeSystem_Const_Integer_smallest_Type.xml (RunModel)" time="0.027" />
  <testcase classname="ptolemy.util.test.junit.AutoTests" name="[56] /home/travis/build/icyphy/ptII/ptolemy/domains/sdf/test/auto/typeSystem_declared_Inports_OutportTypeException.xml (RunModel)" time="0.02" />
  <testcase classname="ptolemy.util.test.junit.AutoTests" name="[57] /home/travis/build/icyphy/ptII/ptolemy/domains/sdf/test/auto/typeSystem_oneDeclaredInportType_wrongTypeOutport.xml (RunModel)" time="0.028" />
  <testcase classname="ptolemy.util.test.junit.AutoTests" name="[58] /home/travis/build/icyphy/ptII/ptolemy/domains/sdf/test/auto/width.xml (RunModel)" time="0.017" />
  <testcase classname="ptolemy.util.test.junit.AutoTests" name="[59] /home/travis/build/icyphy/ptII/ptolemy/domains/sdf/test/auto/width2.xml (RunModel)" time="0.039" />
  <testcase classname="ptolemy.util.test.junit.AutoTests" name="[60] /home/travis/build/icyphy/ptII/ptolemy/domains/sdf/test/auto/width3.xml (RunModel)" time="0.042" />
  <system-out><![CDATA[/home/travis/build/icyphy/ptII/ptolemy/domains/sdf/test/SDFSchedulerErrors.tcl
testDefs.tcl: setting time out to 9000 seconds at Tue Jul 03 01:36:56 UTC 2018
27 ms. Memory: 116224K Free: 105625K (91%)
5 ms. Memory: 116224K Free: 98561K (85%)
3 ms. Memory: 116224K Free: 91481K (79%)
11 ms. Memory: 116224K Free: 88420K (76%)
/home/travis/build/icyphy/ptII/ptolemy/domains/sdf/test/composition.tcl
41 ms. Memory: 116224K Free: 84832K (73%)
7 ms. Memory: 116224K Free: 82435K (71%)
/home/travis/build/icyphy/ptII/ptolemy/domains/sdf/test/cycle.tcl
.Toplevel.Director Preinitializing ...
Invoking preinitialize():  .Toplevel.Actor1
Invoking preinitialize():  .Toplevel.Actor2
Invoking preinitialize():  .Toplevel.Delay
.Toplevel.Director Finished preinitialize().
### Schedule:
Execute Schedule{
Fire Actor ptolemy.domains.sdf.kernel.test.SDFTestDelay {.Toplevel.Actor1}
Fire Actor ptolemy.domains.sdf.kernel.test.SDFTestDelay {.Toplevel.Actor2}
Fire Actor ptolemy.domains.sdf.lib.SampleDelay {.Toplevel.Delay}
}
### End schedule
Called initialize().
Invoking initialize():  .Toplevel.Actor1
Initializing actor: .Toplevel.Actor1.
Invoking initialize():  .Toplevel.Actor2
Initializing actor: .Toplevel.Actor2.
Invoking initialize():  .Toplevel.Delay
Initializing actor: .Toplevel.Delay.
Director: Called prefire().
-- Setting current time to 0.0
Director prefire returns true.
The actor .Toplevel.Actor1 will be iterated.
The actor .Toplevel.Actor1 was iterated.
The actor .Toplevel.Actor2 will be iterated.
The actor .Toplevel.Actor2 was iterated.
The actor .Toplevel.Delay will be iterated.
The actor .Toplevel.Delay was iterated.
Director: Called postfire().
Postfire returns: true
Director: Called prefire().
-- Setting current time to 0.0
Director prefire returns true.
The actor .Toplevel.Actor1 will be iterated.
The actor .Toplevel.Actor1 was iterated.
The actor .Toplevel.Actor2 will be iterated.
The actor .Toplevel.Actor2 was iterated.
The actor .Toplevel.Delay will be iterated.
The actor .Toplevel.Delay was iterated.
Director: Called postfire().
Postfire returns: true
Director: Called prefire().
-- Setting current time to 0.0
Director prefire returns true.
The actor .Toplevel.Actor1 will be iterated.
The actor .Toplevel.Actor1 was iterated.
The actor .Toplevel.Actor2 will be iterated.
The actor .Toplevel.Actor2 was iterated.
The actor .Toplevel.Delay will be iterated.
The actor .Toplevel.Delay was iterated.
Director: Called postfire().
Postfire returns: true
Director: Called prefire().
-- Setting current time to 0.0
Director prefire returns true.
The actor .Toplevel.Actor1 will be iterated.
The actor .Toplevel.Actor1 was iterated.
The actor .Toplevel.Actor2 will be iterated.
The actor .Toplevel.Actor2 was iterated.
The actor .Toplevel.Delay will be iterated.
The actor .Toplevel.Delay was iterated.
Director: Called postfire().
Postfire returns: true
Director: Called prefire().
-- Setting current time to 0.0
Director prefire returns true.
The actor .Toplevel.Actor1 will be iterated.
The actor .Toplevel.Actor1 was iterated.
The actor .Toplevel.Actor2 will be iterated.
The actor .Toplevel.Actor2 was iterated.
The actor .Toplevel.Delay will be iterated.
The actor .Toplevel.Delay was iterated.
Director: Called postfire().
Postfire returns: true
Director: Called prefire().
-- Setting current time to 0.0
Director prefire returns true.
The actor .Toplevel.Actor1 will be iterated.
The actor .Toplevel.Actor1 was iterated.
The actor .Toplevel.Actor2 will be iterated.
The actor .Toplevel.Actor2 was iterated.
The actor .Toplevel.Delay will be iterated.
The actor .Toplevel.Delay was iterated.
Reached specified number of iterations: 6
Director: Called wrapup().
20 ms. Memory: 146944K Free: 141109K (96%)
07/03/18 01:36:56
Failed: 0  Total Tests: 8  ((Passed: 8, Newly Passed: 0)  Known Failed: 0) /home/travis/build/icyphy/ptII/ptolemy/domains/sdf/test
No auto/knownFailedTests/*.xml tests in /home/travis/build/icyphy/ptII/ptolemy/domains/sdf/test
No auto/linux-amd64/*.xml tests in /home/travis/build/icyphy/ptII/ptolemy/domains/sdf/test
AutoTests.java: About to close Vertx.
AutoTests.java: Vertx closed.

===========================================================================================
----------------- testing Tue Jul 03 01:36:57 UTC 2018 /home/travis/build/icyphy/ptII/ptolemy/domains/sdf/test/auto/Array.xml
----------------- Instantiating /home/travis/build/icyphy/ptII/ptolemy/domains/sdf/test/auto/Array.xml
31 ms. Memory: 146944K Free: 100647K (68%)
----------------- Invoking toplevel() on ptolemy.moml.MoMLSimpleApplication@6da8ae30
----------------- Done invoking toplevel() on ptolemy.moml.MoMLSimpleApplication@6da8ae30
reloadAllAccessors: .Array

===========================================================================================
----------------- testing Tue Jul 03 01:36:57 UTC 2018 /home/travis/build/icyphy/ptII/ptolemy/domains/sdf/test/auto/Butterfly.xml
----------------- Instantiating /home/travis/build/icyphy/ptII/ptolemy/domains/sdf/test/auto/Butterfly.xml
128 ms. Memory: 146944K Free: 93999K (64%)
----------------- Invoking toplevel() on ptolemy.moml.MoMLSimpleApplication@16c66c6c
----------------- Done invoking toplevel() on ptolemy.moml.MoMLSimpleApplication@16c66c6c
reloadAllAccessors: .Butterfly

===========================================================================================
----------------- testing Tue Jul 03 01:36:57 UTC 2018 /home/travis/build/icyphy/ptII/ptolemy/domains/sdf/test/auto/Expression.xml
----------------- Instantiating /home/travis/build/icyphy/ptII/ptolemy/domains/sdf/test/auto/Expression.xml
61 ms. Memory: 146944K Free: 89059K (61%)
----------------- Invoking toplevel() on ptolemy.moml.MoMLSimpleApplication@66047441
----------------- Done invoking toplevel() on ptolemy.moml.MoMLSimpleApplication@66047441
reloadAllAccessors: .Expression

===========================================================================================
----------------- testing Tue Jul 03 01:36:57 UTC 2018 /home/travis/build/icyphy/ptII/ptolemy/domains/sdf/test/auto/Eye.xml
----------------- Instantiating /home/travis/build/icyphy/ptII/ptolemy/domains/sdf/test/auto/Eye.xml
156 ms. Memory: 146944K Free: 120808K (82%)
----------------- Invoking toplevel() on ptolemy.moml.MoMLSimpleApplication@1c2411f6
----------------- Done invoking toplevel() on ptolemy.moml.MoMLSimpleApplication@1c2411f6
reloadAllAccessors: .Eye

===========================================================================================
----------------- testing Tue Jul 03 01:36:58 UTC 2018 /home/travis/build/icyphy/ptII/ptolemy/domains/sdf/test/auto/FixFIR.xml
----------------- Instantiating /home/travis/build/icyphy/ptII/ptolemy/domains/sdf/test/auto/FixFIR.xml
151 ms. Memory: 146944K Free: 84053K (57%)
----------------- Invoking toplevel() on ptolemy.moml.MoMLSimpleApplication@31ce3cf0
----------------- Done invoking toplevel() on ptolemy.moml.MoMLSimpleApplication@31ce3cf0
reloadAllAccessors: .FixFIR

===========================================================================================
----------------- testing Tue Jul 03 01:36:58 UTC 2018 /home/travis/build/icyphy/ptII/ptolemy/domains/sdf/test/auto/FixPoint.xml
----------------- Instantiating /home/travis/build/icyphy/ptII/ptolemy/domains/sdf/test/auto/FixPoint.xml
10 ms. Memory: 146944K Free: 79410K (54%)
----------------- Invoking toplevel() on ptolemy.moml.MoMLSimpleApplication@1b353928
----------------- Done invoking toplevel() on ptolemy.moml.MoMLSimpleApplication@1b353928
reloadAllAccessors: .FixPoint

===========================================================================================
----------------- testing Tue Jul 03 01:36:58 UTC 2018 /home/travis/build/icyphy/ptII/ptolemy/domains/sdf/test/auto/Gravitation.xml
----------------- Instantiating /home/travis/build/icyphy/ptII/ptolemy/domains/sdf/test/auto/Gravitation.xml
3121 ms. Memory: 208384K Free: 105581K (51%)
----------------- Invoking toplevel() on ptolemy.moml.MoMLSimpleApplication@3f811e0a
----------------- Done invoking toplevel() on ptolemy.moml.MoMLSimpleApplication@3f811e0a
reloadAllAccessors: .Gravitation

===========================================================================================
----------------- testing Tue Jul 03 01:37:01 UTC 2018 /home/travis/build/icyphy/ptII/ptolemy/domains/sdf/test/auto/GravitationWithCollisionDetection.xml
----------------- Instantiating /home/travis/build/icyphy/ptII/ptolemy/domains/sdf/test/auto/GravitationWithCollisionDetection.xml
5795 ms. Memory: 874496K Free: 353264K (40%)
----------------- Invoking toplevel() on ptolemy.moml.MoMLSimpleApplication@7f1d26e8
----------------- Done invoking toplevel() on ptolemy.moml.MoMLSimpleApplication@7f1d26e8
reloadAllAccessors: .GravitationWithCollisionDetection

===========================================================================================
----------------- testing Tue Jul 03 01:37:07 UTC 2018 /home/travis/build/icyphy/ptII/ptolemy/domains/sdf/test/auto/HDF.xml
----------------- Instantiating /home/travis/build/icyphy/ptII/ptolemy/domains/sdf/test/auto/HDF.xml
38 ms. Memory: 874496K Free: 320250K (37%)
----------------- Invoking toplevel() on ptolemy.moml.MoMLSimpleApplication@406e5253
----------------- Done invoking toplevel() on ptolemy.moml.MoMLSimpleApplication@406e5253
reloadAllAccessors: .HDF

===========================================================================================
----------------- testing Tue Jul 03 01:37:07 UTC 2018 /home/travis/build/icyphy/ptII/ptolemy/domains/sdf/test/auto/HDFwithTransientStates.xml
----------------- Instantiating /home/travis/build/icyphy/ptII/ptolemy/domains/sdf/test/auto/HDFwithTransientStates.xml
38 ms. Memory: 874496K Free: 296656K (34%)
----------------- Invoking toplevel() on ptolemy.moml.MoMLSimpleApplication@2bdcfe95
----------------- Done invoking toplevel() on ptolemy.moml.MoMLSimpleApplication@2bdcfe95
reloadAllAccessors: .HDFwithTransientStates

===========================================================================================
----------------- testing Tue Jul 03 01:37:07 UTC 2018 /home/travis/build/icyphy/ptII/ptolemy/domains/sdf/test/auto/HTVQ.xml
----------------- Instantiating /home/travis/build/icyphy/ptII/ptolemy/domains/sdf/test/auto/HTVQ.xml
909 ms. Memory: 874496K Free: 123736K (14%)
----------------- Invoking toplevel() on ptolemy.moml.MoMLSimpleApplication@19b22f6
----------------- Done invoking toplevel() on ptolemy.moml.MoMLSimpleApplication@19b22f6
reloadAllAccessors: .HTVQ

===========================================================================================
----------------- testing Tue Jul 03 01:37:08 UTC 2018 /home/travis/build/icyphy/ptII/ptolemy/domains/sdf/test/auto/InferInitProduction.xml
----------------- Instantiating /home/travis/build/icyphy/ptII/ptolemy/domains/sdf/test/auto/InferInitProduction.xml
5 ms. Memory: 874496K Free: 108018K (12%)
----------------- Invoking toplevel() on ptolemy.moml.MoMLSimpleApplication@740801de
----------------- Done invoking toplevel() on ptolemy.moml.MoMLSimpleApplication@740801de
reloadAllAccessors: .InferInitProduction

===========================================================================================
----------------- testing Tue Jul 03 01:37:08 UTC 2018 /home/travis/build/icyphy/ptII/ptolemy/domains/sdf/test/auto/InferInitProductionDeeper.xml
----------------- Instantiating /home/travis/build/icyphy/ptII/ptolemy/domains/sdf/test/auto/InferInitProductionDeeper.xml
4 ms. Memory: 874496K Free: 92300K (11%)
----------------- Invoking toplevel() on ptolemy.moml.MoMLSimpleApplication@1ab46b1d
----------------- Done invoking toplevel() on ptolemy.moml.MoMLSimpleApplication@1ab46b1d
reloadAllAccessors: .InferInitProductionDeeper

===========================================================================================
----------------- testing Tue Jul 03 01:37:09 UTC 2018 /home/travis/build/icyphy/ptII/ptolemy/domains/sdf/test/auto/LMSAdaptive.xml
----------------- Instantiating /home/travis/build/icyphy/ptII/ptolemy/domains/sdf/test/auto/LMSAdaptive.xml
20 ms. Memory: 875008K Free: 858422K (98%)
----------------- Invoking toplevel() on ptolemy.moml.MoMLSimpleApplication@1d796ae8
----------------- Done invoking toplevel() on ptolemy.moml.MoMLSimpleApplication@1d796ae8
reloadAllAccessors: .LMSAdaptive

===========================================================================================
----------------- testing Tue Jul 03 01:37:09 UTC 2018 /home/travis/build/icyphy/ptII/ptolemy/domains/sdf/test/auto/LogisticMap.xml
----------------- Instantiating /home/travis/build/icyphy/ptII/ptolemy/domains/sdf/test/auto/LogisticMap.xml
438 ms. Memory: 875008K Free: 840538K (96%)
----------------- Invoking toplevel() on ptolemy.moml.MoMLSimpleApplication@66ea78b3
----------------- Done invoking toplevel() on ptolemy.moml.MoMLSimpleApplication@66ea78b3
reloadAllAccessors: .LogisticMap

===========================================================================================
----------------- testing Tue Jul 03 01:37:09 UTC 2018 /home/travis/build/icyphy/ptII/ptolemy/domains/sdf/test/auto/MaximumEntropySpectrum.xml
----------------- Instantiating /home/travis/build/icyphy/ptII/ptolemy/domains/sdf/test/auto/MaximumEntropySpectrum.xml
76 ms. Memory: 875008K Free: 772343K (88%)
----------------- Invoking toplevel() on ptolemy.moml.MoMLSimpleApplication@6672ca1d
----------------- Done invoking toplevel() on ptolemy.moml.MoMLSimpleApplication@6672ca1d
reloadAllAccessors: .MaximumEntropySpectrum

===========================================================================================
----------------- testing Tue Jul 03 01:37:09 UTC 2018 /home/travis/build/icyphy/ptII/ptolemy/domains/sdf/test/auto/MultirateSDF.xml
----------------- Instantiating /home/travis/build/icyphy/ptII/ptolemy/domains/sdf/test/auto/MultirateSDF.xml
22 ms. Memory: 875008K Free: 751377K (86%)
----------------- Invoking toplevel() on ptolemy.moml.MoMLSimpleApplication@2c35c334
----------------- Done invoking toplevel() on ptolemy.moml.MoMLSimpleApplication@2c35c334
reloadAllAccessors: .MultirateSDF

===========================================================================================
----------------- testing Tue Jul 03 01:37:09 UTC 2018 /home/travis/build/icyphy/ptII/ptolemy/domains/sdf/test/auto/MultirateSDFwithTransientStates.xml
----------------- Instantiating /home/travis/build/icyphy/ptII/ptolemy/domains/sdf/test/auto/MultirateSDFwithTransientStates.xml
18 ms. Memory: 875008K Free: 725156K (83%)
----------------- Invoking toplevel() on ptolemy.moml.MoMLSimpleApplication@6a32f317
----------------- Done invoking toplevel() on ptolemy.moml.MoMLSimpleApplication@6a32f317
reloadAllAccessors: .MultirateSDFwithTransientStates

===========================================================================================
----------------- testing Tue Jul 03 01:37:10 UTC 2018 /home/travis/build/icyphy/ptII/ptolemy/domains/sdf/test/auto/NoisySinewave.xml
----------------- Instantiating /home/travis/build/icyphy/ptII/ptolemy/domains/sdf/test/auto/NoisySinewave.xml
15 ms. Memory: 875008K Free: 704166K (80%)
----------------- Invoking toplevel() on ptolemy.moml.MoMLSimpleApplication@278c0254
----------------- Done invoking toplevel() on ptolemy.moml.MoMLSimpleApplication@278c0254
reloadAllAccessors: .NoisySinewave

===========================================================================================
----------------- testing Tue Jul 03 01:37:10 UTC 2018 /home/travis/build/icyphy/ptII/ptolemy/domains/sdf/test/auto/Objects.xml
----------------- Instantiating /home/travis/build/icyphy/ptII/ptolemy/domains/sdf/test/auto/Objects.xml
3 ms. Memory: 875008K Free: 688431K (79%)
----------------- Invoking toplevel() on ptolemy.moml.MoMLSimpleApplication@65b00714
----------------- Done invoking toplevel() on ptolemy.moml.MoMLSimpleApplication@65b00714
reloadAllAccessors: .Objects

===========================================================================================
----------------- testing Tue Jul 03 01:37:10 UTC 2018 /home/travis/build/icyphy/ptII/ptolemy/domains/sdf/test/auto/OrthogonalCom.xml
----------------- Instantiating /home/travis/build/icyphy/ptII/ptolemy/domains/sdf/test/auto/OrthogonalCom.xml
8 ms. Memory: 875008K Free: 672705K (77%)
----------------- Invoking toplevel() on ptolemy.moml.MoMLSimpleApplication@5a1becb8
----------------- Done invoking toplevel() on ptolemy.moml.MoMLSimpleApplication@5a1becb8
reloadAllAccessors: .OrthogonalCom

===========================================================================================
----------------- testing Tue Jul 03 01:37:10 UTC 2018 /home/travis/build/icyphy/ptII/ptolemy/domains/sdf/test/auto/RijndaelEncryption.xml
----------------- Instantiating /home/travis/build/icyphy/ptII/ptolemy/domains/sdf/test/auto/RijndaelEncryption.xml
298 ms. Memory: 875008K Free: 509977K (58%)
----------------- Invoking toplevel() on ptolemy.moml.MoMLSimpleApplication@2463327d
----------------- Done invoking toplevel() on ptolemy.moml.MoMLSimpleApplication@2463327d
reloadAllAccessors: .RijndaelEncryption

===========================================================================================
----------------- testing Tue Jul 03 01:37:10 UTC 2018 /home/travis/build/icyphy/ptII/ptolemy/domains/sdf/test/auto/SDFEmptyIterations.xml
----------------- Instantiating /home/travis/build/icyphy/ptII/ptolemy/domains/sdf/test/auto/SDFEmptyIterations.xml
4 ms. Memory: 875008K Free: 499498K (57%)
----------------- Invoking toplevel() on ptolemy.moml.MoMLSimpleApplication@4bd5f84b
----------------- Done invoking toplevel() on ptolemy.moml.MoMLSimpleApplication@4bd5f84b
reloadAllAccessors: .SDFEmptyIterations

===========================================================================================
----------------- testing Tue Jul 03 01:37:10 UTC 2018 /home/travis/build/icyphy/ptII/ptolemy/domains/sdf/test/auto/Spectrum.xml
----------------- Instantiating /home/travis/build/icyphy/ptII/ptolemy/domains/sdf/test/auto/Spectrum.xml
34 ms. Memory: 875008K Free: 475377K (54%)
----------------- Invoking toplevel() on ptolemy.moml.MoMLSimpleApplication@454a9024
----------------- Done invoking toplevel() on ptolemy.moml.MoMLSimpleApplication@454a9024
reloadAllAccessors: .Spectrum

===========================================================================================
----------------- testing Tue Jul 03 01:37:10 UTC 2018 /home/travis/build/icyphy/ptII/ptolemy/domains/sdf/test/auto/de_inside_sdf.xml
----------------- Instantiating /home/travis/build/icyphy/ptII/ptolemy/domains/sdf/test/auto/de_inside_sdf.xml
7 ms. Memory: 875008K Free: 464898K (53%)
----------------- Invoking toplevel() on ptolemy.moml.MoMLSimpleApplication@725dcccb
----------------- Done invoking toplevel() on ptolemy.moml.MoMLSimpleApplication@725dcccb
reloadAllAccessors: .de_inside_sdf

===========================================================================================
----------------- testing Tue Jul 03 01:37:10 UTC 2018 /home/travis/build/icyphy/ptII/ptolemy/domains/sdf/test/auto/disconnectedHierarchicalSDF.xml
----------------- Instantiating /home/travis/build/icyphy/ptII/ptolemy/domains/sdf/test/auto/disconnectedHierarchicalSDF.xml
4 ms. Memory: 875008K Free: 454419K (52%)
----------------- Invoking toplevel() on ptolemy.moml.MoMLSimpleApplication@2a085d61
----------------- Done invoking toplevel() on ptolemy.moml.MoMLSimpleApplication@2a085d61
reloadAllAccessors: .disconnectedHierarchicalSDF

===========================================================================================
----------------- testing Tue Jul 03 01:37:10 UTC 2018 /home/travis/build/icyphy/ptII/ptolemy/domains/sdf/test/auto/disconnectedSDF.xml
----------------- Instantiating /home/travis/build/icyphy/ptII/ptolemy/domains/sdf/test/auto/disconnectedSDF.xml
3 ms. Memory: 875008K Free: 443940K (51%)
----------------- Invoking toplevel() on ptolemy.moml.MoMLSimpleApplication@6c9ddc13
----------------- Done invoking toplevel() on ptolemy.moml.MoMLSimpleApplication@6c9ddc13
reloadAllAccessors: .disconnectedSDF

===========================================================================================
----------------- testing Tue Jul 03 01:37:11 UTC 2018 /home/travis/build/icyphy/ptII/ptolemy/domains/sdf/test/auto/emptyRefinement.xml
----------------- Instantiating /home/travis/build/icyphy/ptII/ptolemy/domains/sdf/test/auto/emptyRefinement.xml
5 ms. Memory: 875008K Free: 433461K (50%)
----------------- Invoking toplevel() on ptolemy.moml.MoMLSimpleApplication@7dc6158a
----------------- Done invoking toplevel() on ptolemy.moml.MoMLSimpleApplication@7dc6158a
reloadAllAccessors: .emptyRefinement

===========================================================================================
----------------- testing Tue Jul 03 01:37:11 UTC 2018 /home/travis/build/icyphy/ptII/ptolemy/domains/sdf/test/auto/filePortParameter.xml
----------------- Instantiating /home/travis/build/icyphy/ptII/ptolemy/domains/sdf/test/auto/filePortParameter.xml
10 ms. Memory: 875008K Free: 417727K (48%)
----------------- Invoking toplevel() on ptolemy.moml.MoMLSimpleApplication@4b775ad3
----------------- Done invoking toplevel() on ptolemy.moml.MoMLSimpleApplication@4b775ad3
reloadAllAccessors: .filePortParameter

===========================================================================================
----------------- testing Tue Jul 03 01:37:11 UTC 2018 /home/travis/build/icyphy/ptII/ptolemy/domains/sdf/test/auto/inferRelationWidth1.xml
----------------- Instantiating /home/travis/build/icyphy/ptII/ptolemy/domains/sdf/test/auto/inferRelationWidth1.xml
2 ms. Memory: 875008K Free: 407248K (47%)
----------------- Invoking toplevel() on ptolemy.moml.MoMLSimpleApplication@541ba19b
----------------- Done invoking toplevel() on ptolemy.moml.MoMLSimpleApplication@541ba19b
reloadAllAccessors: .inferRelationWidth1

===========================================================================================
----------------- testing Tue Jul 03 01:37:11 UTC 2018 /home/travis/build/icyphy/ptII/ptolemy/domains/sdf/test/auto/initProductionInference.xml
----------------- Instantiating /home/travis/build/icyphy/ptII/ptolemy/domains/sdf/test/auto/initProductionInference.xml
11 ms. Memory: 875008K Free: 396769K (45%)
----------------- Invoking toplevel() on ptolemy.moml.MoMLSimpleApplication@3be3121e
----------------- Done invoking toplevel() on ptolemy.moml.MoMLSimpleApplication@3be3121e
reloadAllAccessors: .initProductionInference

===========================================================================================
----------------- testing Tue Jul 03 01:37:11 UTC 2018 /home/travis/build/icyphy/ptII/ptolemy/domains/sdf/test/auto/relationGroup.xml
----------------- Instantiating /home/travis/build/icyphy/ptII/ptolemy/domains/sdf/test/auto/relationGroup.xml
3 ms. Memory: 875008K Free: 386290K (44%)
----------------- Invoking toplevel() on ptolemy.moml.MoMLSimpleApplication@34c8158
----------------- Done invoking toplevel() on ptolemy.moml.MoMLSimpleApplication@34c8158
reloadAllAccessors: .relationGroup

===========================================================================================
----------------- testing Tue Jul 03 01:37:11 UTC 2018 /home/travis/build/icyphy/ptII/ptolemy/domains/sdf/test/auto/relationGroup10.xml
----------------- Instantiating /home/travis/build/icyphy/ptII/ptolemy/domains/sdf/test/auto/relationGroup10.xml
2 ms. Memory: 875008K Free: 375811K (43%)
----------------- Invoking toplevel() on ptolemy.moml.MoMLSimpleApplication@4d863212
----------------- Done invoking toplevel() on ptolemy.moml.MoMLSimpleApplication@4d863212
reloadAllAccessors: .relationGroup10

===========================================================================================
----------------- testing Tue Jul 03 01:37:11 UTC 2018 /home/travis/build/icyphy/ptII/ptolemy/domains/sdf/test/auto/relationGroup11.xml
----------------- Instantiating /home/travis/build/icyphy/ptII/ptolemy/domains/sdf/test/auto/relationGroup11.xml
3 ms. Memory: 875008K Free: 362185K (41%)
----------------- Invoking toplevel() on ptolemy.moml.MoMLSimpleApplication@3cffeff8
----------------- Done invoking toplevel() on ptolemy.moml.MoMLSimpleApplication@3cffeff8
reloadAllAccessors: .relationGroup11

===========================================================================================
----------------- testing Tue Jul 03 01:37:11 UTC 2018 /home/travis/build/icyphy/ptII/ptolemy/domains/sdf/test/auto/relationGroup12.xml
----------------- Instantiating /home/travis/build/icyphy/ptII/ptolemy/domains/sdf/test/auto/relationGroup12.xml
3 ms. Memory: 875008K Free: 351707K (40%)
----------------- Invoking toplevel() on ptolemy.moml.MoMLSimpleApplication@4776110e
----------------- Done invoking toplevel() on ptolemy.moml.MoMLSimpleApplication@4776110e
reloadAllAccessors: .relationGroup12

===========================================================================================
----------------- testing Tue Jul 03 01:37:11 UTC 2018 /home/travis/build/icyphy/ptII/ptolemy/domains/sdf/test/auto/relationGroup13.xml
----------------- Instantiating /home/travis/build/icyphy/ptII/ptolemy/domains/sdf/test/auto/relationGroup13.xml
6 ms. Memory: 875008K Free: 341228K (39%)
----------------- Invoking toplevel() on ptolemy.moml.MoMLSimpleApplication@2302f680
----------------- Done invoking toplevel() on ptolemy.moml.MoMLSimpleApplication@2302f680
reloadAllAccessors: .relationGroup13

===========================================================================================
----------------- testing Tue Jul 03 01:37:11 UTC 2018 /home/travis/build/icyphy/ptII/ptolemy/domains/sdf/test/auto/relationGroup14.xml
----------------- Instantiating /home/travis/build/icyphy/ptII/ptolemy/domains/sdf/test/auto/relationGroup14.xml
4 ms. Memory: 875008K Free: 330749K (38%)
----------------- Invoking toplevel() on ptolemy.moml.MoMLSimpleApplication@1f023e0b
----------------- Done invoking toplevel() on ptolemy.moml.MoMLSimpleApplication@1f023e0b
reloadAllAccessors: .relationGroup14

===========================================================================================
----------------- testing Tue Jul 03 01:37:11 UTC 2018 /home/travis/build/icyphy/ptII/ptolemy/domains/sdf/test/auto/relationGroup15.xml
----------------- Instantiating /home/travis/build/icyphy/ptII/ptolemy/domains/sdf/test/auto/relationGroup15.xml
2 ms. Memory: 875008K Free: 320270K (37%)
----------------- Invoking toplevel() on ptolemy.moml.MoMLSimpleApplication@556a01e9
----------------- Done invoking toplevel() on ptolemy.moml.MoMLSimpleApplication@556a01e9
reloadAllAccessors: .relationGroup15

===========================================================================================
----------------- testing Tue Jul 03 01:37:11 UTC 2018 /home/travis/build/icyphy/ptII/ptolemy/domains/sdf/test/auto/relationGroup2.xml
----------------- Instantiating /home/travis/build/icyphy/ptII/ptolemy/domains/sdf/test/auto/relationGroup2.xml
2 ms. Memory: 875008K Free: 309791K (35%)
----------------- Invoking toplevel() on ptolemy.moml.MoMLSimpleApplication@769cda47
----------------- Done invoking toplevel() on ptolemy.moml.MoMLSimpleApplication@769cda47
reloadAllAccessors: .relationGroup2

===========================================================================================
----------------- testing Tue Jul 03 01:37:11 UTC 2018 /home/travis/build/icyphy/ptII/ptolemy/domains/sdf/test/auto/relationGroup3.xml
----------------- Instantiating /home/travis/build/icyphy/ptII/ptolemy/domains/sdf/test/auto/relationGroup3.xml
1 ms. Memory: 875008K Free: 299312K (34%)
----------------- Invoking toplevel() on ptolemy.moml.MoMLSimpleApplication@4480b1e3
----------------- Done invoking toplevel() on ptolemy.moml.MoMLSimpleApplication@4480b1e3
reloadAllAccessors: .relationGroup3

===========================================================================================
----------------- testing Tue Jul 03 01:37:11 UTC 2018 /home/travis/build/icyphy/ptII/ptolemy/domains/sdf/test/auto/relationGroup4.xml
----------------- Instantiating /home/travis/build/icyphy/ptII/ptolemy/domains/sdf/test/auto/relationGroup4.xml
6 ms. Memory: 875008K Free: 288833K (33%)
----------------- Invoking toplevel() on ptolemy.moml.MoMLSimpleApplication@11a2228f
----------------- Done invoking toplevel() on ptolemy.moml.MoMLSimpleApplication@11a2228f
reloadAllAccessors: .relationGroup4

===========================================================================================
----------------- testing Tue Jul 03 01:37:11 UTC 2018 /home/travis/build/icyphy/ptII/ptolemy/domains/sdf/test/auto/relationGroup5.xml
----------------- Instantiating /home/travis/build/icyphy/ptII/ptolemy/domains/sdf/test/auto/relationGroup5.xml
4 ms. Memory: 875008K Free: 278354K (32%)
----------------- Invoking toplevel() on ptolemy.moml.MoMLSimpleApplication@7ce7e51
----------------- Done invoking toplevel() on ptolemy.moml.MoMLSimpleApplication@7ce7e51
reloadAllAccessors: .relationGroup5

===========================================================================================
----------------- testing Tue Jul 03 01:37:11 UTC 2018 /home/travis/build/icyphy/ptII/ptolemy/domains/sdf/test/auto/relationGroup6.xml
----------------- Instantiating /home/travis/build/icyphy/ptII/ptolemy/domains/sdf/test/auto/relationGroup6.xml
3 ms. Memory: 875008K Free: 264728K (30%)
----------------- Invoking toplevel() on ptolemy.moml.MoMLSimpleApplication@256cf8f5
----------------- Done invoking toplevel() on ptolemy.moml.MoMLSimpleApplication@256cf8f5
reloadAllAccessors: .relationGroup6

===========================================================================================
----------------- testing Tue Jul 03 01:37:11 UTC 2018 /home/travis/build/icyphy/ptII/ptolemy/domains/sdf/test/auto/relationGroup7.xml
----------------- Instantiating /home/travis/build/icyphy/ptII/ptolemy/domains/sdf/test/auto/relationGroup7.xml
2 ms. Memory: 875008K Free: 254249K (29%)
----------------- Invoking toplevel() on ptolemy.moml.MoMLSimpleApplication@42927ce6
----------------- Done invoking toplevel() on ptolemy.moml.MoMLSimpleApplication@42927ce6
reloadAllAccessors: .relationGroup7

===========================================================================================
----------------- testing Tue Jul 03 01:37:11 UTC 2018 /home/travis/build/icyphy/ptII/ptolemy/domains/sdf/test/auto/relationGroup8.xml
----------------- Instantiating /home/travis/build/icyphy/ptII/ptolemy/domains/sdf/test/auto/relationGroup8.xml
5 ms. Memory: 875008K Free: 243770K (28%)
----------------- Invoking toplevel() on ptolemy.moml.MoMLSimpleApplication@1ef28416
----------------- Done invoking toplevel() on ptolemy.moml.MoMLSimpleApplication@1ef28416
reloadAllAccessors: .relationGroup8

===========================================================================================
----------------- testing Tue Jul 03 01:37:11 UTC 2018 /home/travis/build/icyphy/ptII/ptolemy/domains/sdf/test/auto/relationGroup9.xml
----------------- Instantiating /home/travis/build/icyphy/ptII/ptolemy/domains/sdf/test/auto/relationGroup9.xml
3 ms. Memory: 875008K Free: 233291K (27%)
----------------- Invoking toplevel() on ptolemy.moml.MoMLSimpleApplication@5891794d
----------------- Done invoking toplevel() on ptolemy.moml.MoMLSimpleApplication@5891794d
reloadAllAccessors: .relationGroup9

===========================================================================================
----------------- testing Tue Jul 03 01:37:11 UTC 2018 /home/travis/build/icyphy/ptII/ptolemy/domains/sdf/test/auto/sdf_inside_de.xml
----------------- Instantiating /home/travis/build/icyphy/ptII/ptolemy/domains/sdf/test/auto/sdf_inside_de.xml
19 ms. Memory: 875008K Free: 217565K (25%)
----------------- Invoking toplevel() on ptolemy.moml.MoMLSimpleApplication@20b91106
----------------- Done invoking toplevel() on ptolemy.moml.MoMLSimpleApplication@20b91106
reloadAllAccessors: .sdf_inside_de

===========================================================================================
----------------- testing Tue Jul 03 01:37:11 UTC 2018 /home/travis/build/icyphy/ptII/ptolemy/domains/sdf/test/auto/sdf_inside_pn.xml
----------------- Instantiating /home/travis/build/icyphy/ptII/ptolemy/domains/sdf/test/auto/sdf_inside_pn.xml
45 ms. Memory: 875008K Free: 175633K (20%)
----------------- Invoking toplevel() on ptolemy.moml.MoMLSimpleApplication@5db19ccd
----------------- Done invoking toplevel() on ptolemy.moml.MoMLSimpleApplication@5db19ccd
reloadAllAccessors: .sdf_inside_pn

===========================================================================================
----------------- testing Tue Jul 03 01:37:11 UTC 2018 /home/travis/build/icyphy/ptII/ptolemy/domains/sdf/test/auto/sdf_sdf1.xml
----------------- Instantiating /home/travis/build/icyphy/ptII/ptolemy/domains/sdf/test/auto/sdf_sdf1.xml
3 ms. Memory: 875008K Free: 165154K (19%)
----------------- Invoking toplevel() on ptolemy.moml.MoMLSimpleApplication@3eef9a5d
----------------- Done invoking toplevel() on ptolemy.moml.MoMLSimpleApplication@3eef9a5d
reloadAllAccessors: .sdf_sdf1

===========================================================================================
----------------- testing Tue Jul 03 01:37:11 UTC 2018 /home/travis/build/icyphy/ptII/ptolemy/domains/sdf/test/auto/test1.xml
----------------- Instantiating /home/travis/build/icyphy/ptII/ptolemy/domains/sdf/test/auto/test1.xml
3 ms. Memory: 875008K Free: 154675K (18%)
----------------- Invoking toplevel() on ptolemy.moml.MoMLSimpleApplication@72ed3a3b
----------------- Done invoking toplevel() on ptolemy.moml.MoMLSimpleApplication@72ed3a3b
reloadAllAccessors: .test1

===========================================================================================
----------------- testing Tue Jul 03 01:37:11 UTC 2018 /home/travis/build/icyphy/ptII/ptolemy/domains/sdf/test/auto/time1.xml
----------------- Instantiating /home/travis/build/icyphy/ptII/ptolemy/domains/sdf/test/auto/time1.xml
2 ms. Memory: 875008K Free: 141049K (16%)
----------------- Invoking toplevel() on ptolemy.moml.MoMLSimpleApplication@20fa0670
----------------- Done invoking toplevel() on ptolemy.moml.MoMLSimpleApplication@20fa0670
reloadAllAccessors: .time1

===========================================================================================
----------------- testing Tue Jul 03 01:37:11 UTC 2018 /home/travis/build/icyphy/ptII/ptolemy/domains/sdf/test/auto/time2.xml
----------------- Instantiating /home/travis/build/icyphy/ptII/ptolemy/domains/sdf/test/auto/time2.xml
3 ms. Memory: 875008K Free: 130570K (15%)
----------------- Invoking toplevel() on ptolemy.moml.MoMLSimpleApplication@5d961ffd
----------------- Done invoking toplevel() on ptolemy.moml.MoMLSimpleApplication@5d961ffd
reloadAllAccessors: .time2

===========================================================================================
----------------- testing Tue Jul 03 01:37:11 UTC 2018 /home/travis/build/icyphy/ptII/ptolemy/domains/sdf/test/auto/time3.xml
----------------- Instantiating /home/travis/build/icyphy/ptII/ptolemy/domains/sdf/test/auto/time3.xml
8 ms. Memory: 875008K Free: 120091K (14%)
----------------- Invoking toplevel() on ptolemy.moml.MoMLSimpleApplication@5380246f
----------------- Done invoking toplevel() on ptolemy.moml.MoMLSimpleApplication@5380246f
reloadAllAccessors: .time3

===========================================================================================
----------------- testing Tue Jul 03 01:37:11 UTC 2018 /home/travis/build/icyphy/ptII/ptolemy/domains/sdf/test/auto/time4.xml
----------------- Instantiating /home/travis/build/icyphy/ptII/ptolemy/domains/sdf/test/auto/time4.xml
5 ms. Memory: 875008K Free: 109612K (13%)
----------------- Invoking toplevel() on ptolemy.moml.MoMLSimpleApplication@5ec8ca4f
----------------- Done invoking toplevel() on ptolemy.moml.MoMLSimpleApplication@5ec8ca4f
reloadAllAccessors: .time4

===========================================================================================
----------------- testing Tue Jul 03 01:37:11 UTC 2018 /home/travis/build/icyphy/ptII/ptolemy/domains/sdf/test/auto/time5.xml
----------------- Instantiating /home/travis/build/icyphy/ptII/ptolemy/domains/sdf/test/auto/time5.xml
4002 ms. Memory: 875008K Free: 99133K (11%)
----------------- Invoking toplevel() on ptolemy.moml.MoMLSimpleApplication@439789c8
----------------- Done invoking toplevel() on ptolemy.moml.MoMLSimpleApplication@439789c8
reloadAllAccessors: .time5

===========================================================================================
----------------- testing Tue Jul 03 01:37:15 UTC 2018 /home/travis/build/icyphy/ptII/ptolemy/domains/sdf/test/auto/typeSystem_Const_Integer_smallest_Type.xml
----------------- Instantiating /home/travis/build/icyphy/ptII/ptolemy/domains/sdf/test/auto/typeSystem_Const_Integer_smallest_Type.xml
7 ms. Memory: 875008K Free: 88654K (10%)
----------------- Invoking toplevel() on ptolemy.moml.MoMLSimpleApplication@10a34418
----------------- Done invoking toplevel() on ptolemy.moml.MoMLSimpleApplication@10a34418
reloadAllAccessors: .typeSystem_Const_Integer_smallest_Type

===========================================================================================
----------------- testing Tue Jul 03 01:37:15 UTC 2018 /home/travis/build/icyphy/ptII/ptolemy/domains/sdf/test/auto/typeSystem_declared_Inports_OutportTypeException.xml
----------------- Instantiating /home/travis/build/icyphy/ptII/ptolemy/domains/sdf/test/auto/typeSystem_declared_Inports_OutportTypeException.xml
.typeSystem_declared_Inports_OutportTypeException.TestExceptionAttribute: initialize() was not invoked, but wrapup() was.  This is unusual, but not always a problem.  For example, exporting JNLP will do this.
3 ms. Memory: 875008K Free: 78175K (9%)
----------------- Invoking toplevel() on ptolemy.moml.MoMLSimpleApplication@2d6e7d16
----------------- Done invoking toplevel() on ptolemy.moml.MoMLSimpleApplication@2d6e7d16
reloadAllAccessors: .typeSystem_declared_Inports_OutportTypeException

===========================================================================================
----------------- testing Tue Jul 03 01:37:15 UTC 2018 /home/travis/build/icyphy/ptII/ptolemy/domains/sdf/test/auto/typeSystem_oneDeclaredInportType_wrongTypeOutport.xml
----------------- Instantiating /home/travis/build/icyphy/ptII/ptolemy/domains/sdf/test/auto/typeSystem_oneDeclaredInportType_wrongTypeOutport.xml
3 ms. Memory: 830976K Free: 809787K (97%)
----------------- Invoking toplevel() on ptolemy.moml.MoMLSimpleApplication@24568bda
----------------- Done invoking toplevel() on ptolemy.moml.MoMLSimpleApplication@24568bda
reloadAllAccessors: .typeSystem_oneDeclaredInportType_wrongTypeOutport

===========================================================================================
----------------- testing Tue Jul 03 01:37:15 UTC 2018 /home/travis/build/icyphy/ptII/ptolemy/domains/sdf/test/auto/width.xml
----------------- Instantiating /home/travis/build/icyphy/ptII/ptolemy/domains/sdf/test/auto/width.xml
6 ms. Memory: 830976K Free: 797762K (96%)
----------------- Invoking toplevel() on ptolemy.moml.MoMLSimpleApplication@5c96587f
----------------- Done invoking toplevel() on ptolemy.moml.MoMLSimpleApplication@5c96587f
reloadAllAccessors: .width

===========================================================================================
----------------- testing Tue Jul 03 01:37:15 UTC 2018 /home/travis/build/icyphy/ptII/ptolemy/domains/sdf/test/auto/width2.xml
----------------- Instantiating /home/travis/build/icyphy/ptII/ptolemy/domains/sdf/test/auto/width2.xml
29 ms. Memory: 830976K Free: 787781K (95%)
----------------- Invoking toplevel() on ptolemy.moml.MoMLSimpleApplication@35a0c556
----------------- Done invoking toplevel() on ptolemy.moml.MoMLSimpleApplication@35a0c556
reloadAllAccessors: .width2

===========================================================================================
----------------- testing Tue Jul 03 01:37:15 UTC 2018 /home/travis/build/icyphy/ptII/ptolemy/domains/sdf/test/auto/width3.xml
----------------- Instantiating /home/travis/build/icyphy/ptII/ptolemy/domains/sdf/test/auto/width3.xml
28 ms. Memory: 830976K Free: 777645K (94%)
----------------- Invoking toplevel() on ptolemy.moml.MoMLSimpleApplication@5edad08
----------------- Done invoking toplevel() on ptolemy.moml.MoMLSimpleApplication@5edad08
reloadAllAccessors: .width3
AutoTests.java: About to close Vertx.
AutoTests.java: Vertx closed.
]]></system-out>
  <system-err><![CDATA[java.lang.RuntimeException: Execution failed
	at ptolemy.moml.MoMLSimpleApplication$UnloadThread.run(MoMLSimpleApplication.java:402)
Caused by: ptolemy.actor.sched.NotSchedulableException: No solution exists for the balance equations.
Graph is not consistent under the SDF domain detected on external port .rateConsistency.actor.port2
  in .rateConsistency.SDF Director.Scheduler
	at ptolemy.domains.sdf.kernel.SDFScheduler._propagatePort(SDFScheduler.java:1425)
	at ptolemy.domains.sdf.kernel.SDFScheduler._solveBalanceEquations(SDFScheduler.java:710)
	at ptolemy.domains.sdf.kernel.SDFScheduler._getSchedule(SDFScheduler.java:566)
	at ptolemy.actor.sched.Scheduler.getSchedule(Scheduler.java:189)
	at ptolemy.domains.sdf.kernel.SDFDirector.createSchedule(SDFDirector.java:408)
	at ptolemy.domains.sdf.kernel.SDFDirector.preinitialize(SDFDirector.java:764)
	at ptolemy.actor.CompositeActor.preinitialize(CompositeActor.java:1828)
	at ptolemy.actor.Manager.preinitializeAndResolveTypes(Manager.java:1040)
	at ptolemy.actor.Manager.initialize(Manager.java:710)
	at ptolemy.actor.Manager.execute(Manager.java:356)
	at ptolemy.actor.Manager.run(Manager.java:1263)
	at ptolemy.actor.Manager$PtolemyRunThread.run(Manager.java:1915)
java.lang.RuntimeException: Execution failed
	at ptolemy.moml.MoMLSimpleApplication$UnloadThread.run(MoMLSimpleApplication.java:402)
Caused by: ptolemy.kernel.util.IllegalActionException: Failed to compute schedule:
  in .badRateChanges.typed composite actor.SDF Director
Because:
The SDF rate parameter may change. This is not allowed in SDF models that will be run through the code generator.  If you don't care about code generation, then you might consider setting the allowRateChanges parameter of the SDF director to false.
  in .badRateChanges.typed composite actor.Repeat.output.tokenProductionRate
	at ptolemy.domains.sdf.kernel.SDFDirector.createSchedule(SDFDirector.java:418)
	at ptolemy.domains.sdf.kernel.SDFDirector.preinitialize(SDFDirector.java:764)
	at ptolemy.actor.CompositeActor.preinitialize(CompositeActor.java:1828)
	at ptolemy.actor.Director.preinitialize(Director.java:1302)
	at ptolemy.actor.Director.preinitialize(Director.java:1257)
	at ptolemy.domains.sdf.kernel.SDFDirector.preinitialize(SDFDirector.java:763)
	at ptolemy.actor.CompositeActor.preinitialize(CompositeActor.java:1828)
	at ptolemy.actor.Manager.preinitializeAndResolveTypes(Manager.java:1040)
	at ptolemy.actor.Manager.initialize(Manager.java:710)
	at ptolemy.actor.Manager.execute(Manager.java:356)
	at ptolemy.actor.Manager.run(Manager.java:1263)
	at ptolemy.actor.Manager$PtolemyRunThread.run(Manager.java:1915)
Caused by: ptolemy.kernel.util.IllegalActionException: The SDF rate parameter may change. This is not allowed in SDF models that will be run through the code generator.  If you don't care about code generation, then you might consider setting the allowRateChanges parameter of the SDF director to false.
  in .badRateChanges.typed composite actor.Repeat.output.tokenProductionRate
	at ptolemy.domains.sdf.kernel.SDFScheduler._assertDynamicRateVariable(SDFScheduler.java:931)
	at ptolemy.domains.sdf.kernel.SDFScheduler._checkDynamicRateVariables(SDFScheduler.java:339)
	at ptolemy.domains.sdf.kernel.SDFScheduler._getSchedule(SDFScheduler.java:527)
	at ptolemy.actor.sched.Scheduler.getSchedule(Scheduler.java:189)
	at ptolemy.domains.sdf.kernel.SDFDirector.createSchedule(SDFDirector.java:408)
	... 11 more
java.lang.RuntimeException: Execution failed
	at ptolemy.moml.MoMLSimpleApplication$UnloadThread.run(MoMLSimpleApplication.java:402)
Caused by: ptolemy.kernel.util.IllegalActionException: Failed to compute schedule:
  in .badRateChanges2.typed composite actor.SDF Director
Because:
The SDF rate parameter may change. This is not allowed in SDF models that will be run through the code generator.  If you don't care about code generation, then you might consider setting the allowRateChanges parameter of the SDF director to false.
  in .badRateChanges2.typed composite actor.Repeat.output.tokenProductionRate
	at ptolemy.domains.sdf.kernel.SDFDirector.createSchedule(SDFDirector.java:418)
	at ptolemy.domains.sdf.kernel.SDFDirector.preinitialize(SDFDirector.java:764)
	at ptolemy.actor.CompositeActor.preinitialize(CompositeActor.java:1828)
	at ptolemy.actor.Director.preinitialize(Director.java:1302)
	at ptolemy.actor.Director.preinitialize(Director.java:1257)
	at ptolemy.domains.sdf.kernel.SDFDirector.preinitialize(SDFDirector.java:763)
	at ptolemy.actor.CompositeActor.preinitialize(CompositeActor.java:1828)
	at ptolemy.actor.Manager.preinitializeAndResolveTypes(Manager.java:1040)
	at ptolemy.actor.Manager.initialize(Manager.java:710)
	at ptolemy.actor.Manager.execute(Manager.java:356)
	at ptolemy.actor.Manager.run(Manager.java:1263)
	at ptolemy.actor.Manager$PtolemyRunThread.run(Manager.java:1915)
Caused by: ptolemy.kernel.util.IllegalActionException: The SDF rate parameter may change. This is not allowed in SDF models that will be run through the code generator.  If you don't care about code generation, then you might consider setting the allowRateChanges parameter of the SDF director to false.
  in .badRateChanges2.typed composite actor.Repeat.output.tokenProductionRate
	at ptolemy.domains.sdf.kernel.SDFScheduler._assertDynamicRateVariable(SDFScheduler.java:931)
	at ptolemy.domains.sdf.kernel.SDFScheduler._checkDynamicRateVariables(SDFScheduler.java:339)
	at ptolemy.domains.sdf.kernel.SDFScheduler._getSchedule(SDFScheduler.java:527)
	at ptolemy.actor.sched.Scheduler.getSchedule(Scheduler.java:189)
	at ptolemy.domains.sdf.kernel.SDFDirector.createSchedule(SDFDirector.java:408)
	... 11 more
java.lang.RuntimeException: Execution failed
	at ptolemy.moml.MoMLSimpleApplication$UnloadThread.run(MoMLSimpleApplication.java:402)
Caused by: ptolemy.actor.sched.NotSchedulableException: Actors remain that cannot be scheduled!

There are several possible reasons:
* SDF Graphs with feedback loops should have an actor with a delay in the loop, such as a SampleDelay.
* The SDF director has an "allowDisconnectedGraphs"parameter, which, when true, permits disconnected SDF graphs.
* The token consumption rate and production rates might be mismatched.
Usually, actors produce one token or consume one token on a port.  To produce or consume multiple tokens per firing, add a "tokenConsumptionRate" or "tokenProductionRate" parameter to the appropriate port.
Unscheduled actors:
.partiallyConnected.Const2 
Scheduled actors:
.partiallyConnected.Const 
  in .partiallyConnected.SDF Director.Scheduler
	at ptolemy.domains.sdf.kernel.SDFScheduler._scheduleConnectedActors(SDFScheduler.java:1828)
	at ptolemy.domains.sdf.kernel.SDFScheduler._getSchedule(SDFScheduler.java:587)
	at ptolemy.actor.sched.Scheduler.getSchedule(Scheduler.java:189)
	at ptolemy.domains.sdf.kernel.SDFDirector.createSchedule(SDFDirector.java:408)
	at ptolemy.domains.sdf.kernel.SDFDirector.preinitialize(SDFDirector.java:764)
	at ptolemy.actor.CompositeActor.preinitialize(CompositeActor.java:1828)
	at ptolemy.actor.Manager.preinitializeAndResolveTypes(Manager.java:1040)
	at ptolemy.actor.Manager.initialize(Manager.java:710)
	at ptolemy.actor.Manager.execute(Manager.java:356)
	at ptolemy.actor.Manager.run(Manager.java:1263)
	at ptolemy.actor.Manager$PtolemyRunThread.run(Manager.java:1915)
]]></system-err>
</testsuite>
