<?xml version="1.0" encoding="UTF-8" ?>
<testsuite errors="0" failures="0" hostname="travis-job-75f99eed-e6bb-4cba-8c13-e621e81a8a14" name="ptolemy.actor.lib.hoc.test.junit.JUnitTclTest" skipped="0" tests="58" time="25.126" timestamp="2018-06-30T01:25:30">
  <properties>
[...]
</properties>
  <testcase classname="ptolemy.util.test.junit.TclTests" name="[0] /home/travis/build/icyphy/ptII/ptolemy/actor/lib/hoc/test/IterateOverArray.tcl (RunTclFile)" time="0.272" />
  <testcase classname="ptolemy.util.test.junit.AutoKnownFailedTests" name="[0] /home/travis/build/icyphy/ptII/ptolemy/actor/lib/hoc/test/auto/knownFailedTests/PreinitializeMustBeInvokedRunComposite.xml (RunModel)" time="0.22" />
  <testcase classname="ptolemy.util.test.junit.AutoNameArchTests" name="[0] ThereAreNoAutoArchTests (RunModel)" time="0.001" />
  <testcase classname="ptolemy.util.test.junit.AutoTests" name="[0] /home/travis/build/icyphy/ptII/ptolemy/actor/lib/hoc/test/auto/AllToAllMultiInstanceComposite.xml (RunModel)" time="0.271" />
  <testcase classname="ptolemy.util.test.junit.AutoTests" name="[1] /home/travis/build/icyphy/ptII/ptolemy/actor/lib/hoc/test/auto/ApplyFFTTest.xml (RunModel)" time="0.296" />
  <testcase classname="ptolemy.util.test.junit.AutoTests" name="[2] /home/travis/build/icyphy/ptII/ptolemy/actor/lib/hoc/test/auto/ApplyFunction.xml (RunModel)" time="0.043" />
  <testcase classname="ptolemy.util.test.junit.AutoTests" name="[3] /home/travis/build/icyphy/ptII/ptolemy/actor/lib/hoc/test/auto/BackgroundExecution.xml (RunModel)" time="0.718" />
  <testcase classname="ptolemy.util.test.junit.AutoTests" name="[4] /home/travis/build/icyphy/ptII/ptolemy/actor/lib/hoc/test/auto/Case.xml (RunModel)" time="0.101" />
  <testcase classname="ptolemy.util.test.junit.AutoTests" name="[5] /home/travis/build/icyphy/ptII/ptolemy/actor/lib/hoc/test/auto/Case1.xml (RunModel)" time="0.058" />
  <testcase classname="ptolemy.util.test.junit.AutoTests" name="[6] /home/travis/build/icyphy/ptII/ptolemy/actor/lib/hoc/test/auto/Case2.xml (RunModel)" time="0.108" />
  <testcase classname="ptolemy.util.test.junit.AutoTests" name="[7] /home/travis/build/icyphy/ptII/ptolemy/actor/lib/hoc/test/auto/Case3.xml (RunModel)" time="0.074" />
  <testcase classname="ptolemy.util.test.junit.AutoTests" name="[8] /home/travis/build/icyphy/ptII/ptolemy/actor/lib/hoc/test/auto/Case4.xml (RunModel)" time="0.073" />
  <testcase classname="ptolemy.util.test.junit.AutoTests" name="[9] /home/travis/build/icyphy/ptII/ptolemy/actor/lib/hoc/test/auto/Case5.xml (RunModel)" time="0.091" />
  <testcase classname="ptolemy.util.test.junit.AutoTests" name="[10] /home/travis/build/icyphy/ptII/ptolemy/actor/lib/hoc/test/auto/Case6.xml (RunModel)" time="0.085" />
  <testcase classname="ptolemy.util.test.junit.AutoTests" name="[11] /home/travis/build/icyphy/ptII/ptolemy/actor/lib/hoc/test/auto/CaseString2.xml (RunModel)" time="0.034" />
  <testcase classname="ptolemy.util.test.junit.AutoTests" name="[12] /home/travis/build/icyphy/ptII/ptolemy/actor/lib/hoc/test/auto/CatchUpComposite1.xml (RunModel)" time="0.062" />
  <testcase classname="ptolemy.util.test.junit.AutoTests" name="[13] /home/travis/build/icyphy/ptII/ptolemy/actor/lib/hoc/test/auto/CatchUpComposite2.xml (RunModel)" time="0.069" />
  <testcase classname="ptolemy.util.test.junit.AutoTests" name="[14] /home/travis/build/icyphy/ptII/ptolemy/actor/lib/hoc/test/auto/CatchUpComposite3.xml (RunModel)" time="0.076" />
  <testcase classname="ptolemy.util.test.junit.AutoTests" name="[15] /home/travis/build/icyphy/ptII/ptolemy/actor/lib/hoc/test/auto/CatchUpComposite4.xml (RunModel)" time="0.069" />
  <testcase classname="ptolemy.util.test.junit.AutoTests" name="[16] /home/travis/build/icyphy/ptII/ptolemy/actor/lib/hoc/test/auto/CatchUpComposite5.xml (RunModel)" time="0.05" />
  <testcase classname="ptolemy.util.test.junit.AutoTests" name="[17] /home/travis/build/icyphy/ptII/ptolemy/actor/lib/hoc/test/auto/CatchUpComposite6.xml (RunModel)" time="0.181" />
  <testcase classname="ptolemy.util.test.junit.AutoTests" name="[18] /home/travis/build/icyphy/ptII/ptolemy/actor/lib/hoc/test/auto/CatchUpComposite7.xml (RunModel)" time="0.116" />
  <testcase classname="ptolemy.util.test.junit.AutoTests" name="[19] /home/travis/build/icyphy/ptII/ptolemy/actor/lib/hoc/test/auto/ConcurrentExecutionTimeSDF.xml (RunModel)" time="1.364" />
  <testcase classname="ptolemy.util.test.junit.AutoTests" name="[20] /home/travis/build/icyphy/ptII/ptolemy/actor/lib/hoc/test/auto/ConcurrentSleep.xml (RunModel)" time="0.797" />
  <testcase classname="ptolemy.util.test.junit.AutoTests" name="[21] /home/travis/build/icyphy/ptII/ptolemy/actor/lib/hoc/test/auto/DEInPNInRunCompositeActor.xml (RunModel)" time="0.047" />
  <testcase classname="ptolemy.util.test.junit.AutoTests" name="[22] /home/travis/build/icyphy/ptII/ptolemy/actor/lib/hoc/test/auto/DFTSubSetTest.xml (RunModel)" time="0.311" />
  <testcase classname="ptolemy.util.test.junit.AutoTests" name="[23] /home/travis/build/icyphy/ptII/ptolemy/actor/lib/hoc/test/auto/HocDE.xml (RunModel)" time="0.205" />
  <testcase classname="ptolemy.util.test.junit.AutoTests" name="[24] /home/travis/build/icyphy/ptII/ptolemy/actor/lib/hoc/test/auto/IterateOverArray.xml (RunModel)" time="0.027" />
  <testcase classname="ptolemy.util.test.junit.AutoTests" name="[25] /home/travis/build/icyphy/ptII/ptolemy/actor/lib/hoc/test/auto/IterateOverArray10.xml (RunModel)" time="0.035" />
  <testcase classname="ptolemy.util.test.junit.AutoTests" name="[26] /home/travis/build/icyphy/ptII/ptolemy/actor/lib/hoc/test/auto/IterateOverArray11.xml (RunModel)" time="0.033" />
  <testcase classname="ptolemy.util.test.junit.AutoTests" name="[27] /home/travis/build/icyphy/ptII/ptolemy/actor/lib/hoc/test/auto/IterateOverArray12.xml (RunModel)" time="0.051" />
  <testcase classname="ptolemy.util.test.junit.AutoTests" name="[28] /home/travis/build/icyphy/ptII/ptolemy/actor/lib/hoc/test/auto/IterateOverArray13.xml (RunModel)" time="0.2" />
  <testcase classname="ptolemy.util.test.junit.AutoTests" name="[29] /home/travis/build/icyphy/ptII/ptolemy/actor/lib/hoc/test/auto/IterateOverArray14.xml (RunModel)" time="0.159" />
  <testcase classname="ptolemy.util.test.junit.AutoTests" name="[30] /home/travis/build/icyphy/ptII/ptolemy/actor/lib/hoc/test/auto/IterateOverArray2.xml (RunModel)" time="0.018" />
  <testcase classname="ptolemy.util.test.junit.AutoTests" name="[31] /home/travis/build/icyphy/ptII/ptolemy/actor/lib/hoc/test/auto/IterateOverArray3.xml (RunModel)" time="0.047" />
  <testcase classname="ptolemy.util.test.junit.AutoTests" name="[32] /home/travis/build/icyphy/ptII/ptolemy/actor/lib/hoc/test/auto/IterateOverArray4.xml (RunModel)" time="0.021" />
  <testcase classname="ptolemy.util.test.junit.AutoTests" name="[33] /home/travis/build/icyphy/ptII/ptolemy/actor/lib/hoc/test/auto/IterateOverArray5.xml (RunModel)" time="0.022" />
  <testcase classname="ptolemy.util.test.junit.AutoTests" name="[34] /home/travis/build/icyphy/ptII/ptolemy/actor/lib/hoc/test/auto/IterateOverArray6.xml (RunModel)" time="0.014" />
  <testcase classname="ptolemy.util.test.junit.AutoTests" name="[35] /home/travis/build/icyphy/ptII/ptolemy/actor/lib/hoc/test/auto/IterateOverArray7.xml (RunModel)" time="0.021" />
  <testcase classname="ptolemy.util.test.junit.AutoTests" name="[36] /home/travis/build/icyphy/ptII/ptolemy/actor/lib/hoc/test/auto/IterateOverArray8.xml (RunModel)" time="0.021" />
  <testcase classname="ptolemy.util.test.junit.AutoTests" name="[37] /home/travis/build/icyphy/ptII/ptolemy/actor/lib/hoc/test/auto/IterateOverArray9.xml (RunModel)" time="0.025" />
  <testcase classname="ptolemy.util.test.junit.AutoTests" name="[38] /home/travis/build/icyphy/ptII/ptolemy/actor/lib/hoc/test/auto/IterateOverArrayCoercedOutputType.xml (RunModel)" time="0.038" />
  <testcase classname="ptolemy.util.test.junit.AutoTests" name="[39] /home/travis/build/icyphy/ptII/ptolemy/actor/lib/hoc/test/auto/IterateOverArrayInferredOutputType.xml (RunModel)" time="0.047" />
  <testcase classname="ptolemy.util.test.junit.AutoTests" name="[40] /home/travis/build/icyphy/ptII/ptolemy/actor/lib/hoc/test/auto/MobileFunctionTest.xml (RunModel)" time="0.025" />
  <testcase classname="ptolemy.util.test.junit.AutoTests" name="[41] /home/travis/build/icyphy/ptII/ptolemy/actor/lib/hoc/test/auto/MobileModelTest.xml (RunModel)" time="0.118" />
  <testcase classname="ptolemy.util.test.junit.AutoTests" name="[42] /home/travis/build/icyphy/ptII/ptolemy/actor/lib/hoc/test/auto/ModelReference.xml (RunModel)" time="0.07" />
  <testcase classname="ptolemy.util.test.junit.AutoTests" name="[43] /home/travis/build/icyphy/ptII/ptolemy/actor/lib/hoc/test/auto/ModelReference3.xml (RunModel)" time="0.05" />
  <testcase classname="ptolemy.util.test.junit.AutoTests" name="[44] /home/travis/build/icyphy/ptII/ptolemy/actor/lib/hoc/test/auto/ModelReference4.xml (RunModel)" time="10.043" />
  <testcase classname="ptolemy.util.test.junit.AutoTests" name="[45] /home/travis/build/icyphy/ptII/ptolemy/actor/lib/hoc/test/auto/MultiInstanceComposite.xml (RunModel)" time="0.049" />
  <testcase classname="ptolemy.util.test.junit.AutoTests" name="[46] /home/travis/build/icyphy/ptII/ptolemy/actor/lib/hoc/test/auto/MultiInstanceComposite2.xml (RunModel)" time="0.042" />
  <testcase classname="ptolemy.util.test.junit.AutoTests" name="[47] /home/travis/build/icyphy/ptII/ptolemy/actor/lib/hoc/test/auto/MulticoreExecution.xml (RunModel)" time="1.099" />
  <testcase classname="ptolemy.util.test.junit.AutoTests" name="[48] /home/travis/build/icyphy/ptII/ptolemy/actor/lib/hoc/test/auto/ParallelExecution.xml (RunModel)" time="0.945" />
  <testcase classname="ptolemy.util.test.junit.AutoTests" name="[49] /home/travis/build/icyphy/ptII/ptolemy/actor/lib/hoc/test/auto/RunCompositeActor.xml (RunModel)" time="0.029" />
  <testcase classname="ptolemy.util.test.junit.AutoTests" name="[50] /home/travis/build/icyphy/ptII/ptolemy/actor/lib/hoc/test/auto/RunCompositeActor2.xml (RunModel)" time="0.028" />
  <testcase classname="ptolemy.util.test.junit.AutoTests" name="[51] /home/travis/build/icyphy/ptII/ptolemy/actor/lib/hoc/test/auto/RunCompositeActor3.xml (RunModel)" time="0.042" />
  <testcase classname="ptolemy.util.test.junit.AutoTests" name="[52] /home/travis/build/icyphy/ptII/ptolemy/actor/lib/hoc/test/auto/RunCompositeActor4.xml (RunModel)" time="0.025" />
  <testcase classname="ptolemy.util.test.junit.AutoTests" name="[53] /home/travis/build/icyphy/ptII/ptolemy/actor/lib/hoc/test/auto/RunCompositeIterateOverArray.xml (RunModel)" time="0.022" />
  <testcase classname="ptolemy.util.test.junit.AutoTests" name="[54] /home/travis/build/icyphy/ptII/ptolemy/actor/lib/hoc/test/auto/ThreadedJS.xml (RunModel)" time="5.411" />
  <system-out><![CDATA[/home/travis/build/icyphy/ptII/ptolemy/actor/lib/hoc/test/IterateOverArray.tcl
testDefs.tcl: setting time out to 9000 seconds at Sat Jun 30 01:25:30 UTC 2018
06/30/18 01:25:30
Failed: 0  Total Tests: 2  ((Passed: 2, Newly Passed: 0)  Known Failed: 0) /home/travis/build/icyphy/ptII/ptolemy/actor/lib/hoc/test
----------------- testing (KnownFailure) /home/travis/build/icyphy/ptII/ptolemy/actor/lib/hoc/test/auto/knownFailedTests/PreinitializeMustBeInvokedRunComposite.xml
34 ms. Memory: 116224K Free: 103520K (89%)
Known Failure: java.lang.reflect.InvocationTargetException
No auto/linux-amd64/*.xml tests in /home/travis/build/icyphy/ptII/ptolemy/actor/lib/hoc/test
AutoTests.java: About to close Vertx.
AutoTests.java: Vertx closed.

===========================================================================================
----------------- testing Sat Jun 30 01:25:31 UTC 2018 /home/travis/build/icyphy/ptII/ptolemy/actor/lib/hoc/test/auto/AllToAllMultiInstanceComposite.xml
----------------- Instantiating /home/travis/build/icyphy/ptII/ptolemy/actor/lib/hoc/test/auto/AllToAllMultiInstanceComposite.xml
140 ms. Memory: 146944K Free: 108212K (74%)
----------------- Invoking toplevel() on ptolemy.moml.MoMLSimpleApplication@40793f3c
----------------- Done invoking toplevel() on ptolemy.moml.MoMLSimpleApplication@40793f3c
reloadAllAccessors: .AllToAllMultiInstanceComposite

===========================================================================================
----------------- testing Sat Jun 30 01:25:31 UTC 2018 /home/travis/build/icyphy/ptII/ptolemy/actor/lib/hoc/test/auto/ApplyFFTTest.xml
----------------- Instantiating /home/travis/build/icyphy/ptII/ptolemy/actor/lib/hoc/test/auto/ApplyFFTTest.xml
107 ms. Memory: 146944K Free: 88356K (60%)
----------------- Invoking toplevel() on ptolemy.moml.MoMLSimpleApplication@46f52f43
----------------- Done invoking toplevel() on ptolemy.moml.MoMLSimpleApplication@46f52f43
reloadAllAccessors: .ApplyFFTTest

===========================================================================================
----------------- testing Sat Jun 30 01:25:31 UTC 2018 /home/travis/build/icyphy/ptII/ptolemy/actor/lib/hoc/test/auto/ApplyFunction.xml
----------------- Instantiating /home/travis/build/icyphy/ptII/ptolemy/actor/lib/hoc/test/auto/ApplyFunction.xml
9 ms. Memory: 146944K Free: 84637K (58%)
----------------- Invoking toplevel() on ptolemy.moml.MoMLSimpleApplication@5682e6db
----------------- Done invoking toplevel() on ptolemy.moml.MoMLSimpleApplication@5682e6db
reloadAllAccessors: .ApplyFunction

===========================================================================================
----------------- testing Sat Jun 30 01:25:31 UTC 2018 /home/travis/build/icyphy/ptII/ptolemy/actor/lib/hoc/test/auto/BackgroundExecution.xml
----------------- Instantiating /home/travis/build/icyphy/ptII/ptolemy/actor/lib/hoc/test/auto/BackgroundExecution.xml
636 ms. Memory: 146944K Free: 136361K (93%)
----------------- Invoking toplevel() on ptolemy.moml.MoMLSimpleApplication@3aed5845
----------------- Done invoking toplevel() on ptolemy.moml.MoMLSimpleApplication@3aed5845
reloadAllAccessors: .BackgroundExecution

===========================================================================================
----------------- testing Sat Jun 30 01:25:32 UTC 2018 /home/travis/build/icyphy/ptII/ptolemy/actor/lib/hoc/test/auto/Case.xml
----------------- Instantiating /home/travis/build/icyphy/ptII/ptolemy/actor/lib/hoc/test/auto/Case.xml
30 ms. Memory: 146944K Free: 128076K (87%)
----------------- Invoking toplevel() on ptolemy.moml.MoMLSimpleApplication@17de9116
----------------- Done invoking toplevel() on ptolemy.moml.MoMLSimpleApplication@17de9116
reloadAllAccessors: .Case

===========================================================================================
----------------- testing Sat Jun 30 01:25:32 UTC 2018 /home/travis/build/icyphy/ptII/ptolemy/actor/lib/hoc/test/auto/Case1.xml
----------------- Instantiating /home/travis/build/icyphy/ptII/ptolemy/actor/lib/hoc/test/auto/Case1.xml
13 ms. Memory: 146944K Free: 121345K (83%)
----------------- Invoking toplevel() on ptolemy.moml.MoMLSimpleApplication@29c1e754
----------------- Done invoking toplevel() on ptolemy.moml.MoMLSimpleApplication@29c1e754
reloadAllAccessors: .Case1

===========================================================================================
----------------- testing Sat Jun 30 01:25:32 UTC 2018 /home/travis/build/icyphy/ptII/ptolemy/actor/lib/hoc/test/auto/Case2.xml
----------------- Instantiating /home/travis/build/icyphy/ptII/ptolemy/actor/lib/hoc/test/auto/Case2.xml
62 ms. Memory: 146944K Free: 109734K (75%)
----------------- Invoking toplevel() on ptolemy.moml.MoMLSimpleApplication@5482cdbd
----------------- Done invoking toplevel() on ptolemy.moml.MoMLSimpleApplication@5482cdbd
reloadAllAccessors: .Case2

===========================================================================================
----------------- testing Sat Jun 30 01:25:32 UTC 2018 /home/travis/build/icyphy/ptII/ptolemy/actor/lib/hoc/test/auto/Case3.xml
----------------- Instantiating /home/travis/build/icyphy/ptII/ptolemy/actor/lib/hoc/test/auto/Case3.xml
18 ms. Memory: 146944K Free: 103059K (70%)
----------------- Invoking toplevel() on ptolemy.moml.MoMLSimpleApplication@1a7b1bb6
----------------- Done invoking toplevel() on ptolemy.moml.MoMLSimpleApplication@1a7b1bb6
reloadAllAccessors: .Case3

===========================================================================================
----------------- testing Sat Jun 30 01:25:32 UTC 2018 /home/travis/build/icyphy/ptII/ptolemy/actor/lib/hoc/test/auto/Case4.xml
----------------- Instantiating /home/travis/build/icyphy/ptII/ptolemy/actor/lib/hoc/test/auto/Case4.xml
24 ms. Memory: 146944K Free: 94010K (64%)
----------------- Invoking toplevel() on ptolemy.moml.MoMLSimpleApplication@50c4b756
----------------- Done invoking toplevel() on ptolemy.moml.MoMLSimpleApplication@50c4b756
reloadAllAccessors: .Case4

===========================================================================================
----------------- testing Sat Jun 30 01:25:32 UTC 2018 /home/travis/build/icyphy/ptII/ptolemy/actor/lib/hoc/test/auto/Case5.xml
----------------- Instantiating /home/travis/build/icyphy/ptII/ptolemy/actor/lib/hoc/test/auto/Case5.xml
61 ms. Memory: 146944K Free: 86855K (59%)
----------------- Invoking toplevel() on ptolemy.moml.MoMLSimpleApplication@76cf3742
----------------- Done invoking toplevel() on ptolemy.moml.MoMLSimpleApplication@76cf3742
reloadAllAccessors: .junk

===========================================================================================
----------------- testing Sat Jun 30 01:25:32 UTC 2018 /home/travis/build/icyphy/ptII/ptolemy/actor/lib/hoc/test/auto/Case6.xml
----------------- Instantiating /home/travis/build/icyphy/ptII/ptolemy/actor/lib/hoc/test/auto/Case6.xml
27 ms. Memory: 208384K Free: 196014K (94%)
----------------- Invoking toplevel() on ptolemy.moml.MoMLSimpleApplication@7b4c5c38
----------------- Done invoking toplevel() on ptolemy.moml.MoMLSimpleApplication@7b4c5c38
reloadAllAccessors: .Case6

===========================================================================================
----------------- testing Sat Jun 30 01:25:32 UTC 2018 /home/travis/build/icyphy/ptII/ptolemy/actor/lib/hoc/test/auto/CaseString2.xml
----------------- Instantiating /home/travis/build/icyphy/ptII/ptolemy/actor/lib/hoc/test/auto/CaseString2.xml
11 ms. Memory: 208384K Free: 186467K (89%)
----------------- Invoking toplevel() on ptolemy.moml.MoMLSimpleApplication@254f47df
----------------- Done invoking toplevel() on ptolemy.moml.MoMLSimpleApplication@254f47df
reloadAllAccessors: .CaseString2

===========================================================================================
----------------- testing Sat Jun 30 01:25:33 UTC 2018 /home/travis/build/icyphy/ptII/ptolemy/actor/lib/hoc/test/auto/CatchUpComposite1.xml
----------------- Instantiating /home/travis/build/icyphy/ptII/ptolemy/actor/lib/hoc/test/auto/CatchUpComposite1.xml
17 ms. Memory: 208384K Free: 176604K (85%)
----------------- Invoking toplevel() on ptolemy.moml.MoMLSimpleApplication@4b29b884
----------------- Done invoking toplevel() on ptolemy.moml.MoMLSimpleApplication@4b29b884
reloadAllAccessors: .CatchUpComposite1

===========================================================================================
----------------- testing Sat Jun 30 01:25:33 UTC 2018 /home/travis/build/icyphy/ptII/ptolemy/actor/lib/hoc/test/auto/CatchUpComposite2.xml
----------------- Instantiating /home/travis/build/icyphy/ptII/ptolemy/actor/lib/hoc/test/auto/CatchUpComposite2.xml
14 ms. Memory: 208384K Free: 166709K (80%)
----------------- Invoking toplevel() on ptolemy.moml.MoMLSimpleApplication@3b60bfed
----------------- Done invoking toplevel() on ptolemy.moml.MoMLSimpleApplication@3b60bfed
reloadAllAccessors: .CatchUpComposite2

===========================================================================================
----------------- testing Sat Jun 30 01:25:33 UTC 2018 /home/travis/build/icyphy/ptII/ptolemy/actor/lib/hoc/test/auto/CatchUpComposite3.xml
----------------- Instantiating /home/travis/build/icyphy/ptII/ptolemy/actor/lib/hoc/test/auto/CatchUpComposite3.xml
14 ms. Memory: 208384K Free: 156517K (75%)
----------------- Invoking toplevel() on ptolemy.moml.MoMLSimpleApplication@e7f7c1b
----------------- Done invoking toplevel() on ptolemy.moml.MoMLSimpleApplication@e7f7c1b
reloadAllAccessors: .CatchUpComposite3

===========================================================================================
----------------- testing Sat Jun 30 01:25:33 UTC 2018 /home/travis/build/icyphy/ptII/ptolemy/actor/lib/hoc/test/auto/CatchUpComposite4.xml
----------------- Instantiating /home/travis/build/icyphy/ptII/ptolemy/actor/lib/hoc/test/auto/CatchUpComposite4.xml
19 ms. Memory: 208384K Free: 147284K (71%)
----------------- Invoking toplevel() on ptolemy.moml.MoMLSimpleApplication@13a7a264
----------------- Done invoking toplevel() on ptolemy.moml.MoMLSimpleApplication@13a7a264
reloadAllAccessors: .CatchUpComposite4

===========================================================================================
----------------- testing Sat Jun 30 01:25:33 UTC 2018 /home/travis/build/icyphy/ptII/ptolemy/actor/lib/hoc/test/auto/CatchUpComposite5.xml
----------------- Instantiating /home/travis/build/icyphy/ptII/ptolemy/actor/lib/hoc/test/auto/CatchUpComposite5.xml
13 ms. Memory: 208384K Free: 138650K (67%)
----------------- Invoking toplevel() on ptolemy.moml.MoMLSimpleApplication@2f906465
----------------- Done invoking toplevel() on ptolemy.moml.MoMLSimpleApplication@2f906465
reloadAllAccessors: .CatchUpComposite5

===========================================================================================
----------------- testing Sat Jun 30 01:25:33 UTC 2018 /home/travis/build/icyphy/ptII/ptolemy/actor/lib/hoc/test/auto/CatchUpComposite6.xml
----------------- Instantiating /home/travis/build/icyphy/ptII/ptolemy/actor/lib/hoc/test/auto/CatchUpComposite6.xml
WARNING: The execution aspects in this model can influence the timing of actors by delaying the 
execution, potentially changing the behavior. There is no guarantee that actors fire at the 
time they request to be fired. 
Use Ptides for deterministic DE behavior that is not influenced by execution aspects. 

100 ms. Memory: 208384K Free: 119758K (57%)
----------------- Invoking toplevel() on ptolemy.moml.MoMLSimpleApplication@6ab3ea20
----------------- Done invoking toplevel() on ptolemy.moml.MoMLSimpleApplication@6ab3ea20
reloadAllAccessors: .CatchUpComposite6

===========================================================================================
----------------- testing Sat Jun 30 01:25:33 UTC 2018 /home/travis/build/icyphy/ptII/ptolemy/actor/lib/hoc/test/auto/CatchUpComposite7.xml
----------------- Instantiating /home/travis/build/icyphy/ptII/ptolemy/actor/lib/hoc/test/auto/CatchUpComposite7.xml
WARNING: The execution aspects in this model can influence the timing of actors by delaying the 
execution, potentially changing the behavior. There is no guarantee that actors fire at the 
time they request to be fired. 
Use Ptides for deterministic DE behavior that is not influenced by execution aspects. 

57 ms. Memory: 208384K Free: 102425K (49%)
----------------- Invoking toplevel() on ptolemy.moml.MoMLSimpleApplication@4444f2b2
----------------- Done invoking toplevel() on ptolemy.moml.MoMLSimpleApplication@4444f2b2
reloadAllAccessors: .CatchUpComposite7

===========================================================================================
----------------- testing Sat Jun 30 01:25:33 UTC 2018 /home/travis/build/icyphy/ptII/ptolemy/actor/lib/hoc/test/auto/ConcurrentExecutionTimeSDF.xml
----------------- Instantiating /home/travis/build/icyphy/ptII/ptolemy/actor/lib/hoc/test/auto/ConcurrentExecutionTimeSDF.xml
Fired ExecutionTime: 40400000
Fired ExecutionTime: 40400000
Fired ExecutionTime: 40400000
Fired ExecutionTime: 40400000
Fired ExecutionTime: 40400000
Fired ExecutionTime: 40400000
Fired ExecutionTime: 40400000
Fired ExecutionTime: 40400000
Fired ExecutionTime: 40400000
Fired ExecutionTime: 40400000
Fired ExecutionTime: 40400000
Fired ExecutionTime: 40400000
Fired ExecutionTime: 40400000
Fired ExecutionTime: 40400000
Fired ExecutionTime: 40400000
Fired ExecutionTime: 40400000
Fired ExecutionTime: 40400000
Fired ExecutionTime: 40400000
Fired ExecutionTime: 40400000
Fired ExecutionTime: 40400000
1338 ms. Memory: 208384K Free: 93775K (45%)
----------------- Invoking toplevel() on ptolemy.moml.MoMLSimpleApplication@3f85692a
----------------- Done invoking toplevel() on ptolemy.moml.MoMLSimpleApplication@3f85692a
reloadAllAccessors: .ConcurrentExecutionTimeSDF

===========================================================================================
----------------- testing Sat Jun 30 01:25:35 UTC 2018 /home/travis/build/icyphy/ptII/ptolemy/actor/lib/hoc/test/auto/ConcurrentSleep.xml
----------------- Instantiating /home/travis/build/icyphy/ptII/ptolemy/actor/lib/hoc/test/auto/ConcurrentSleep.xml
755 ms. Memory: 208384K Free: 200605K (96%)
----------------- Invoking toplevel() on ptolemy.moml.MoMLSimpleApplication@3da81e09
----------------- Done invoking toplevel() on ptolemy.moml.MoMLSimpleApplication@3da81e09
reloadAllAccessors: .ConcurrentSleep

===========================================================================================
----------------- testing Sat Jun 30 01:25:35 UTC 2018 /home/travis/build/icyphy/ptII/ptolemy/actor/lib/hoc/test/auto/DEInPNInRunCompositeActor.xml
----------------- Instantiating /home/travis/build/icyphy/ptII/ptolemy/actor/lib/hoc/test/auto/DEInPNInRunCompositeActor.xml
12 ms. Memory: 208384K Free: 193167K (93%)
----------------- Invoking toplevel() on ptolemy.moml.MoMLSimpleApplication@57d5354e
----------------- Done invoking toplevel() on ptolemy.moml.MoMLSimpleApplication@57d5354e
reloadAllAccessors: .DEInPNInRunCompositeActor

===========================================================================================
----------------- testing Sat Jun 30 01:25:35 UTC 2018 /home/travis/build/icyphy/ptII/ptolemy/actor/lib/hoc/test/auto/DFTSubSetTest.xml
----------------- Instantiating /home/travis/build/icyphy/ptII/ptolemy/actor/lib/hoc/test/auto/DFTSubSetTest.xml
176 ms. Memory: 208384K Free: 146369K (70%)
----------------- Invoking toplevel() on ptolemy.moml.MoMLSimpleApplication@428a0f36
----------------- Done invoking toplevel() on ptolemy.moml.MoMLSimpleApplication@428a0f36
reloadAllAccessors: .DFTSubSetTest

===========================================================================================
----------------- testing Sat Jun 30 01:25:36 UTC 2018 /home/travis/build/icyphy/ptII/ptolemy/actor/lib/hoc/test/auto/HocDE.xml
----------------- Instantiating /home/travis/build/icyphy/ptII/ptolemy/actor/lib/hoc/test/auto/HocDE.xml
156 ms. Memory: 208384K Free: 118894K (57%)
----------------- Invoking toplevel() on ptolemy.moml.MoMLSimpleApplication@3848663e
----------------- Done invoking toplevel() on ptolemy.moml.MoMLSimpleApplication@3848663e
reloadAllAccessors: .HocDE

===========================================================================================
----------------- testing Sat Jun 30 01:25:36 UTC 2018 /home/travis/build/icyphy/ptII/ptolemy/actor/lib/hoc/test/auto/IterateOverArray.xml
----------------- Instantiating /home/travis/build/icyphy/ptII/ptolemy/actor/lib/hoc/test/auto/IterateOverArray.xml
6 ms. Memory: 208384K Free: 114471K (55%)
----------------- Invoking toplevel() on ptolemy.moml.MoMLSimpleApplication@75085ee7
----------------- Done invoking toplevel() on ptolemy.moml.MoMLSimpleApplication@75085ee7
reloadAllAccessors: .IterateOverArray

===========================================================================================
----------------- testing Sat Jun 30 01:25:36 UTC 2018 /home/travis/build/icyphy/ptII/ptolemy/actor/lib/hoc/test/auto/IterateOverArray10.xml
----------------- Instantiating /home/travis/build/icyphy/ptII/ptolemy/actor/lib/hoc/test/auto/IterateOverArray10.xml
5 ms. Memory: 208384K Free: 110370K (53%)
----------------- Invoking toplevel() on ptolemy.moml.MoMLSimpleApplication@69c0c0c
----------------- Done invoking toplevel() on ptolemy.moml.MoMLSimpleApplication@69c0c0c
reloadAllAccessors: .IterateOverArray10

===========================================================================================
----------------- testing Sat Jun 30 01:25:36 UTC 2018 /home/travis/build/icyphy/ptII/ptolemy/actor/lib/hoc/test/auto/IterateOverArray11.xml
----------------- Instantiating /home/travis/build/icyphy/ptII/ptolemy/actor/lib/hoc/test/auto/IterateOverArray11.xml
11 ms. Memory: 208384K Free: 105914K (51%)
----------------- Invoking toplevel() on ptolemy.moml.MoMLSimpleApplication@2a284d9
----------------- Done invoking toplevel() on ptolemy.moml.MoMLSimpleApplication@2a284d9
reloadAllAccessors: .IterateOverArray11

===========================================================================================
----------------- testing Sat Jun 30 01:25:36 UTC 2018 /home/travis/build/icyphy/ptII/ptolemy/actor/lib/hoc/test/auto/IterateOverArray12.xml
----------------- Instantiating /home/travis/build/icyphy/ptII/ptolemy/actor/lib/hoc/test/auto/IterateOverArray12.xml
23 ms. Memory: 208384K Free: 98865K (47%)
----------------- Invoking toplevel() on ptolemy.moml.MoMLSimpleApplication@5fdeca4d
----------------- Done invoking toplevel() on ptolemy.moml.MoMLSimpleApplication@5fdeca4d
reloadAllAccessors: .IterateOverArray12

===========================================================================================
----------------- testing Sat Jun 30 01:25:36 UTC 2018 /home/travis/build/icyphy/ptII/ptolemy/actor/lib/hoc/test/auto/IterateOverArray13.xml
----------------- Instantiating /home/travis/build/icyphy/ptII/ptolemy/actor/lib/hoc/test/auto/IterateOverArray13.xml
115 ms. Memory: 331776K Free: 315153K (95%)
----------------- Invoking toplevel() on ptolemy.moml.MoMLSimpleApplication@5baa2f30
----------------- Done invoking toplevel() on ptolemy.moml.MoMLSimpleApplication@5baa2f30
reloadAllAccessors: .IterateOverArray13

===========================================================================================
----------------- testing Sat Jun 30 01:25:36 UTC 2018 /home/travis/build/icyphy/ptII/ptolemy/actor/lib/hoc/test/auto/IterateOverArray14.xml
----------------- Instantiating /home/travis/build/icyphy/ptII/ptolemy/actor/lib/hoc/test/auto/IterateOverArray14.xml
66 ms. Memory: 331776K Free: 276186K (83%)
----------------- Invoking toplevel() on ptolemy.moml.MoMLSimpleApplication@1396c630
----------------- Done invoking toplevel() on ptolemy.moml.MoMLSimpleApplication@1396c630
reloadAllAccessors: .IterateOverArray14

===========================================================================================
----------------- testing Sat Jun 30 01:25:36 UTC 2018 /home/travis/build/icyphy/ptII/ptolemy/actor/lib/hoc/test/auto/IterateOverArray2.xml
----------------- Instantiating /home/travis/build/icyphy/ptII/ptolemy/actor/lib/hoc/test/auto/IterateOverArray2.xml
5 ms. Memory: 331776K Free: 271250K (82%)
----------------- Invoking toplevel() on ptolemy.moml.MoMLSimpleApplication@5dcb7a2d
----------------- Done invoking toplevel() on ptolemy.moml.MoMLSimpleApplication@5dcb7a2d
reloadAllAccessors: .IterateOverArray2

===========================================================================================
----------------- testing Sat Jun 30 01:25:36 UTC 2018 /home/travis/build/icyphy/ptII/ptolemy/actor/lib/hoc/test/auto/IterateOverArray3.xml
----------------- Instantiating /home/travis/build/icyphy/ptII/ptolemy/actor/lib/hoc/test/auto/IterateOverArray3.xml
18 ms. Memory: 331776K Free: 263539K (79%)
----------------- Invoking toplevel() on ptolemy.moml.MoMLSimpleApplication@34ca7580
----------------- Done invoking toplevel() on ptolemy.moml.MoMLSimpleApplication@34ca7580
reloadAllAccessors: .IterateOverArray3

===========================================================================================
----------------- testing Sat Jun 30 01:25:36 UTC 2018 /home/travis/build/icyphy/ptII/ptolemy/actor/lib/hoc/test/auto/IterateOverArray4.xml
----------------- Instantiating /home/travis/build/icyphy/ptII/ptolemy/actor/lib/hoc/test/auto/IterateOverArray4.xml
6 ms. Memory: 331776K Free: 259616K (78%)
----------------- Invoking toplevel() on ptolemy.moml.MoMLSimpleApplication@5dda4c34
----------------- Done invoking toplevel() on ptolemy.moml.MoMLSimpleApplication@5dda4c34
reloadAllAccessors: .IterateOverArray4

===========================================================================================
----------------- testing Sat Jun 30 01:25:36 UTC 2018 /home/travis/build/icyphy/ptII/ptolemy/actor/lib/hoc/test/auto/IterateOverArray5.xml
----------------- Instantiating /home/travis/build/icyphy/ptII/ptolemy/actor/lib/hoc/test/auto/IterateOverArray5.xml
3 ms. Memory: 331776K Free: 253729K (76%)
----------------- Invoking toplevel() on ptolemy.moml.MoMLSimpleApplication@423424a6
----------------- Done invoking toplevel() on ptolemy.moml.MoMLSimpleApplication@423424a6
reloadAllAccessors: .IterateOverArray5

===========================================================================================
----------------- testing Sat Jun 30 01:25:37 UTC 2018 /home/travis/build/icyphy/ptII/ptolemy/actor/lib/hoc/test/auto/IterateOverArray6.xml
----------------- Instantiating /home/travis/build/icyphy/ptII/ptolemy/actor/lib/hoc/test/auto/IterateOverArray6.xml
2 ms. Memory: 331776K Free: 248962K (75%)
----------------- Invoking toplevel() on ptolemy.moml.MoMLSimpleApplication@3cf51c81
----------------- Done invoking toplevel() on ptolemy.moml.MoMLSimpleApplication@3cf51c81
reloadAllAccessors: .IterateOverArray6

===========================================================================================
----------------- testing Sat Jun 30 01:25:37 UTC 2018 /home/travis/build/icyphy/ptII/ptolemy/actor/lib/hoc/test/auto/IterateOverArray7.xml
----------------- Instantiating /home/travis/build/icyphy/ptII/ptolemy/actor/lib/hoc/test/auto/IterateOverArray7.xml
5 ms. Memory: 331776K Free: 243069K (73%)
----------------- Invoking toplevel() on ptolemy.moml.MoMLSimpleApplication@6bb31db5
----------------- Done invoking toplevel() on ptolemy.moml.MoMLSimpleApplication@6bb31db5
reloadAllAccessors: .IterateOverArray7

===========================================================================================
----------------- testing Sat Jun 30 01:25:37 UTC 2018 /home/travis/build/icyphy/ptII/ptolemy/actor/lib/hoc/test/auto/IterateOverArray8.xml
----------------- Instantiating /home/travis/build/icyphy/ptII/ptolemy/actor/lib/hoc/test/auto/IterateOverArray8.xml
4 ms. Memory: 331776K Free: 238302K (72%)
----------------- Invoking toplevel() on ptolemy.moml.MoMLSimpleApplication@166c350f
----------------- Done invoking toplevel() on ptolemy.moml.MoMLSimpleApplication@166c350f
reloadAllAccessors: .IterateOverArray8

===========================================================================================
----------------- testing Sat Jun 30 01:25:37 UTC 2018 /home/travis/build/icyphy/ptII/ptolemy/actor/lib/hoc/test/auto/IterateOverArray9.xml
----------------- Instantiating /home/travis/build/icyphy/ptII/ptolemy/actor/lib/hoc/test/auto/IterateOverArray9.xml
7 ms. Memory: 331776K Free: 234378K (71%)
----------------- Invoking toplevel() on ptolemy.moml.MoMLSimpleApplication@34ca12d2
----------------- Done invoking toplevel() on ptolemy.moml.MoMLSimpleApplication@34ca12d2
reloadAllAccessors: .IterateOverArray9

===========================================================================================
----------------- testing Sat Jun 30 01:25:37 UTC 2018 /home/travis/build/icyphy/ptII/ptolemy/actor/lib/hoc/test/auto/IterateOverArrayCoercedOutputType.xml
----------------- Instantiating /home/travis/build/icyphy/ptII/ptolemy/actor/lib/hoc/test/auto/IterateOverArrayCoercedOutputType.xml
4 ms. Memory: 331776K Free: 228492K (69%)
----------------- Invoking toplevel() on ptolemy.moml.MoMLSimpleApplication@6d6e0326
----------------- Done invoking toplevel() on ptolemy.moml.MoMLSimpleApplication@6d6e0326
reloadAllAccessors: .IterateOverArrayCoercedOutputType

===========================================================================================
----------------- testing Sat Jun 30 01:25:37 UTC 2018 /home/travis/build/icyphy/ptII/ptolemy/actor/lib/hoc/test/auto/IterateOverArrayInferredOutputType.xml
----------------- Instantiating /home/travis/build/icyphy/ptII/ptolemy/actor/lib/hoc/test/auto/IterateOverArrayInferredOutputType.xml
15 ms. Memory: 331776K Free: 221763K (67%)
----------------- Invoking toplevel() on ptolemy.moml.MoMLSimpleApplication@48789db2
----------------- Done invoking toplevel() on ptolemy.moml.MoMLSimpleApplication@48789db2
reloadAllAccessors: .IterateOverArrayInferredOutputType

===========================================================================================
----------------- testing Sat Jun 30 01:25:37 UTC 2018 /home/travis/build/icyphy/ptII/ptolemy/actor/lib/hoc/test/auto/MobileFunctionTest.xml
----------------- Instantiating /home/travis/build/icyphy/ptII/ptolemy/actor/lib/hoc/test/auto/MobileFunctionTest.xml
5 ms. Memory: 331776K Free: 216826K (65%)
----------------- Invoking toplevel() on ptolemy.moml.MoMLSimpleApplication@47c21de9
----------------- Done invoking toplevel() on ptolemy.moml.MoMLSimpleApplication@47c21de9
reloadAllAccessors: .MobileFunctionTest

===========================================================================================
----------------- testing Sat Jun 30 01:25:37 UTC 2018 /home/travis/build/icyphy/ptII/ptolemy/actor/lib/hoc/test/auto/MobileModelTest.xml
----------------- Instantiating /home/travis/build/icyphy/ptII/ptolemy/actor/lib/hoc/test/auto/MobileModelTest.xml
75 ms. Memory: 331776K Free: 195374K (59%)
----------------- Invoking toplevel() on ptolemy.moml.MoMLSimpleApplication@4e2beff
----------------- Done invoking toplevel() on ptolemy.moml.MoMLSimpleApplication@4e2beff
reloadAllAccessors: .MobileModelTest

===========================================================================================
----------------- testing Sat Jun 30 01:25:37 UTC 2018 /home/travis/build/icyphy/ptII/ptolemy/actor/lib/hoc/test/auto/ModelReference.xml
----------------- Instantiating /home/travis/build/icyphy/ptII/ptolemy/actor/lib/hoc/test/auto/ModelReference.xml
3 ms. Memory: 331776K Free: 187526K (57%)
2 ms. Memory: 331776K Free: 186545K (56%)
2 ms. Memory: 331776K Free: 185564K (56%)
2 ms. Memory: 331776K Free: 184583K (56%)
3 ms. Memory: 331776K Free: 183602K (55%)
2 ms. Memory: 331776K Free: 183602K (55%)
2 ms. Memory: 331776K Free: 182621K (55%)
1 ms. Memory: 331776K Free: 181640K (55%)
1 ms. Memory: 331776K Free: 180659K (54%)
2 ms. Memory: 331776K Free: 179678K (54%)
29 ms. Memory: 331776K Free: 179678K (54%)
----------------- Invoking toplevel() on ptolemy.moml.MoMLSimpleApplication@28e7810e
----------------- Done invoking toplevel() on ptolemy.moml.MoMLSimpleApplication@28e7810e
reloadAllAccessors: .ModelReference

===========================================================================================
----------------- testing Sat Jun 30 01:25:37 UTC 2018 /home/travis/build/icyphy/ptII/ptolemy/actor/lib/hoc/test/auto/ModelReference3.xml
----------------- Instantiating /home/travis/build/icyphy/ptII/ptolemy/actor/lib/hoc/test/auto/ModelReference3.xml
2 ms. Memory: 331776K Free: 174773K (53%)
2 ms. Memory: 331776K Free: 173792K (52%)
1 ms. Memory: 331776K Free: 172811K (52%)
2 ms. Memory: 331776K Free: 171830K (52%)
2 ms. Memory: 331776K Free: 171830K (52%)
4 ms. Memory: 331776K Free: 170817K (51%)
2 ms. Memory: 331776K Free: 169836K (51%)
2 ms. Memory: 331776K Free: 168855K (51%)
7 ms. Memory: 331776K Free: 167874K (51%)
1 ms. Memory: 331776K Free: 166893K (50%)
33 ms. Memory: 331776K Free: 166893K (50%)
----------------- Invoking toplevel() on ptolemy.moml.MoMLSimpleApplication@185888bb
----------------- Done invoking toplevel() on ptolemy.moml.MoMLSimpleApplication@185888bb
reloadAllAccessors: .ModelReference3

===========================================================================================
----------------- testing Sat Jun 30 01:25:37 UTC 2018 /home/travis/build/icyphy/ptII/ptolemy/actor/lib/hoc/test/auto/ModelReference4.xml
----------------- Instantiating /home/travis/build/icyphy/ptII/ptolemy/actor/lib/hoc/test/auto/ModelReference4.xml
3 ms. Memory: 331776K Free: 161145K (49%)
3 ms. Memory: 331776K Free: 159183K (48%)
5 ms. Memory: 331776K Free: 158202K (48%)
3 ms. Memory: 331776K Free: 157221K (47%)
2 ms. Memory: 331776K Free: 156240K (47%)
3 ms. Memory: 331776K Free: 154278K (47%)
2 ms. Memory: 331776K Free: 153297K (46%)
2 ms. Memory: 331776K Free: 152316K (46%)
3 ms. Memory: 331776K Free: 151335K (46%)
11 ms. Memory: 331776K Free: 150354K (45%)
10025 ms. Memory: 331776K Free: 150354K (45%)
----------------- Invoking toplevel() on ptolemy.moml.MoMLSimpleApplication@21f59957
----------------- Done invoking toplevel() on ptolemy.moml.MoMLSimpleApplication@21f59957
reloadAllAccessors: .ModelReference4

===========================================================================================
----------------- testing Sat Jun 30 01:25:47 UTC 2018 /home/travis/build/icyphy/ptII/ptolemy/actor/lib/hoc/test/auto/MultiInstanceComposite.xml
----------------- Instantiating /home/travis/build/icyphy/ptII/ptolemy/actor/lib/hoc/test/auto/MultiInstanceComposite.xml
28 ms. Memory: 331776K Free: 132696K (40%)
----------------- Invoking toplevel() on ptolemy.moml.MoMLSimpleApplication@2ba7ee77
----------------- Done invoking toplevel() on ptolemy.moml.MoMLSimpleApplication@2ba7ee77
reloadAllAccessors: .MultiInstanceComposite

===========================================================================================
----------------- testing Sat Jun 30 01:25:47 UTC 2018 /home/travis/build/icyphy/ptII/ptolemy/actor/lib/hoc/test/auto/MultiInstanceComposite2.xml
----------------- Instantiating /home/travis/build/icyphy/ptII/ptolemy/actor/lib/hoc/test/auto/MultiInstanceComposite2.xml
15 ms. Memory: 331776K Free: 119100K (36%)
----------------- Invoking toplevel() on ptolemy.moml.MoMLSimpleApplication@286fb69a
----------------- Done invoking toplevel() on ptolemy.moml.MoMLSimpleApplication@286fb69a
reloadAllAccessors: .MultiInstanceComposite2

===========================================================================================
----------------- testing Sat Jun 30 01:25:47 UTC 2018 /home/travis/build/icyphy/ptII/ptolemy/actor/lib/hoc/test/auto/MulticoreExecution.xml
----------------- Instantiating /home/travis/build/icyphy/ptII/ptolemy/actor/lib/hoc/test/auto/MulticoreExecution.xml
Fired ExecutionTime: 4000000
Fired ExecutionTime: 2000000
Fired ExecutionTime: 52000000
Fired ExecutionTime: 66000000
Fired ExecutionTime: 69200000
Fired ExecutionTime: 67200000
Fired ExecutionTime: 69200000
Fired ExecutionTime: 68000000
Fired ExecutionTime: 72800000
Fired ExecutionTime: 45200000
Fired ExecutionTime: 56800000
Fired ExecutionTime: 69600000
Fired ExecutionTime: 68400000
Fired ExecutionTime: 73600000
Fired ExecutionTime: 68000000
Fired ExecutionTime: 69200000
Fired ExecutionTime: 68400000
Fired ExecutionTime: 69600000
Fired ExecutionTime: 63600000
Fired ExecutionTime: 68000000
1060 ms. Memory: 331776K Free: 107312K (32%)
----------------- Invoking toplevel() on ptolemy.moml.MoMLSimpleApplication@297823c9
----------------- Done invoking toplevel() on ptolemy.moml.MoMLSimpleApplication@297823c9
reloadAllAccessors: .MulticoreExecution

===========================================================================================
----------------- testing Sat Jun 30 01:25:48 UTC 2018 /home/travis/build/icyphy/ptII/ptolemy/actor/lib/hoc/test/auto/ParallelExecution.xml
----------------- Instantiating /home/travis/build/icyphy/ptII/ptolemy/actor/lib/hoc/test/auto/ParallelExecution.xml
920 ms. Memory: 331776K Free: 97502K (29%)
----------------- Invoking toplevel() on ptolemy.moml.MoMLSimpleApplication@7859b7a0
----------------- Done invoking toplevel() on ptolemy.moml.MoMLSimpleApplication@7859b7a0
reloadAllAccessors: .ParallelExecution

===========================================================================================
----------------- testing Sat Jun 30 01:25:49 UTC 2018 /home/travis/build/icyphy/ptII/ptolemy/actor/lib/hoc/test/auto/RunCompositeActor.xml
----------------- Instantiating /home/travis/build/icyphy/ptII/ptolemy/actor/lib/hoc/test/auto/RunCompositeActor.xml
12 ms. Memory: 331776K Free: 88795K (27%)
----------------- Invoking toplevel() on ptolemy.moml.MoMLSimpleApplication@5539a97d
----------------- Done invoking toplevel() on ptolemy.moml.MoMLSimpleApplication@5539a97d
reloadAllAccessors: .RunCompositeActor

===========================================================================================
----------------- testing Sat Jun 30 01:25:49 UTC 2018 /home/travis/build/icyphy/ptII/ptolemy/actor/lib/hoc/test/auto/RunCompositeActor2.xml
----------------- Instantiating /home/travis/build/icyphy/ptII/ptolemy/actor/lib/hoc/test/auto/RunCompositeActor2.xml
6 ms. Memory: 331776K Free: 81896K (25%)
----------------- Invoking toplevel() on ptolemy.moml.MoMLSimpleApplication@1492fff
----------------- Done invoking toplevel() on ptolemy.moml.MoMLSimpleApplication@1492fff
reloadAllAccessors: .RunCompositeActor2

===========================================================================================
----------------- testing Sat Jun 30 01:25:49 UTC 2018 /home/travis/build/icyphy/ptII/ptolemy/actor/lib/hoc/test/auto/RunCompositeActor3.xml
----------------- Instantiating /home/travis/build/icyphy/ptII/ptolemy/actor/lib/hoc/test/auto/RunCompositeActor3.xml
3 ms. Memory: 316928K Free: 305292K (96%)
----------------- Invoking toplevel() on ptolemy.moml.MoMLSimpleApplication@40b5fa7a
----------------- Done invoking toplevel() on ptolemy.moml.MoMLSimpleApplication@40b5fa7a
reloadAllAccessors: .RunCompositeActor3

===========================================================================================
----------------- testing Sat Jun 30 01:25:49 UTC 2018 /home/travis/build/icyphy/ptII/ptolemy/actor/lib/hoc/test/auto/RunCompositeActor4.xml
----------------- Instantiating /home/travis/build/icyphy/ptII/ptolemy/actor/lib/hoc/test/auto/RunCompositeActor4.xml
9 ms. Memory: 316928K Free: 295100K (93%)
----------------- Invoking toplevel() on ptolemy.moml.MoMLSimpleApplication@1530bb7b
----------------- Done invoking toplevel() on ptolemy.moml.MoMLSimpleApplication@1530bb7b
reloadAllAccessors: .RunCompositeActor4

===========================================================================================
----------------- testing Sat Jun 30 01:25:49 UTC 2018 /home/travis/build/icyphy/ptII/ptolemy/actor/lib/hoc/test/auto/RunCompositeIterateOverArray.xml
----------------- Instantiating /home/travis/build/icyphy/ptII/ptolemy/actor/lib/hoc/test/auto/RunCompositeIterateOverArray.xml
4 ms. Memory: 316928K Free: 287462K (91%)
----------------- Invoking toplevel() on ptolemy.moml.MoMLSimpleApplication@2aa10e82
----------------- Done invoking toplevel() on ptolemy.moml.MoMLSimpleApplication@2aa10e82
reloadAllAccessors: .RunCompositeIterateOverArray

===========================================================================================
----------------- testing Sat Jun 30 01:25:49 UTC 2018 /home/travis/build/icyphy/ptII/ptolemy/actor/lib/hoc/test/auto/ThreadedJS.xml
----------------- Instantiating /home/travis/build/icyphy/ptII/ptolemy/actor/lib/hoc/test/auto/ThreadedJS.xml
2067 ms. Memory: 290304K Free: 139837K (48%)
----------------- Invoking toplevel() on ptolemy.moml.MoMLSimpleApplication@3bf8f263
----------------- Done invoking toplevel() on ptolemy.moml.MoMLSimpleApplication@3bf8f263
reloadAllAccessors: .ThreadedJS
AutoTests.java: About to close Vertx.
AutoTests.java: Vertx closed.
]]></system-out>
  <system-err><![CDATA[java.lang.RuntimeException: Execution failed
	at ptolemy.moml.MoMLSimpleApplication$UnloadThread.run(MoMLSimpleApplication.java:402)
Caused by: ptolemy.kernel.util.IllegalActionException: initialize() was called after wrapup() was called but preinitialize() was not called after wrapup().
	at ptolemy.actor.lib.hoc.test.PreinitializeMustBeInvoked.initialize(PreinitializeMustBeInvoked.java:78)
	at ptolemy.actor.Director.initialize(Director.java:938)
	at ptolemy.actor.Director.initialize(Director.java:907)
	at ptolemy.actor.sched.StaticSchedulingDirector.initialize(StaticSchedulingDirector.java:159)
	at ptolemy.domains.sdf.kernel.SDFDirector.initialize(SDFDirector.java:544)
	at ptolemy.actor.CompositeActor.initialize(CompositeActor.java:935)
	at ptolemy.actor.lib.hoc.LifeCycleManager._executeInsideModel(LifeCycleManager.java:339)
	at ptolemy.actor.lib.hoc.RunCompositeActor.fire(RunCompositeActor.java:205)
	at ptolemy.actor.CompositeActor.iterate(CompositeActor.java:1146)
	at ptolemy.actor.sched.StaticSchedulingDirector.fire(StaticSchedulingDirector.java:216)
	at ptolemy.domains.sdf.kernel.SDFDirector.fire(SDFDirector.java:500)
	at ptolemy.actor.CompositeActor.fire(CompositeActor.java:455)
	at ptolemy.actor.Manager.iterate(Manager.java:851)
	at ptolemy.actor.Manager.execute(Manager.java:369)
	at ptolemy.actor.Manager.run(Manager.java:1263)
	at ptolemy.actor.Manager$PtolemyRunThread.run(Manager.java:1915)
java.lang.reflect.InvocationTargetException
	at sun.reflect.NativeConstructorAccessorImpl.newInstance0(Native Method)
	at sun.reflect.NativeConstructorAccessorImpl.newInstance(NativeConstructorAccessorImpl.java:62)
	at sun.reflect.DelegatingConstructorAccessorImpl.newInstance(DelegatingConstructorAccessorImpl.java:45)
	at java.lang.reflect.Constructor.newInstance(Constructor.java:423)
	at ptolemy.util.test.junit.AutoKnownFailedTests.RunModel(AutoKnownFailedTests.java:107)
	at sun.reflect.NativeMethodAccessorImpl.invoke0(Native Method)
	at sun.reflect.NativeMethodAccessorImpl.invoke(NativeMethodAccessorImpl.java:62)
	at sun.reflect.DelegatingMethodAccessorImpl.invoke(DelegatingMethodAccessorImpl.java:43)
	at java.lang.reflect.Method.invoke(Method.java:498)
	at org.junit.runners.model.FrameworkMethod$1.runReflectiveCall(FrameworkMethod.java:44)
	at org.junit.internal.runners.model.ReflectiveCallable.run(ReflectiveCallable.java:15)
	at org.junit.runners.model.FrameworkMethod.invokeExplosively(FrameworkMethod.java:41)
	at junitparams.internal.InvokeParameterisedMethod.evaluate(InvokeParameterisedMethod.java:102)
	at org.junit.internal.runners.statements.FailOnTimeout$1.run(FailOnTimeout.java:28)
Caused by: ptolemy.kernel.util.IllegalActionException: initialize() was called after wrapup() was called but preinitialize() was not called after wrapup().
	at ptolemy.actor.lib.hoc.test.PreinitializeMustBeInvoked.initialize(PreinitializeMustBeInvoked.java:78)
	at ptolemy.actor.Director.initialize(Director.java:938)
	at ptolemy.actor.Director.initialize(Director.java:907)
	at ptolemy.actor.sched.StaticSchedulingDirector.initialize(StaticSchedulingDirector.java:159)
	at ptolemy.domains.sdf.kernel.SDFDirector.initialize(SDFDirector.java:544)
	at ptolemy.actor.CompositeActor.initialize(CompositeActor.java:935)
	at ptolemy.actor.lib.hoc.LifeCycleManager._executeInsideModel(LifeCycleManager.java:339)
	at ptolemy.actor.lib.hoc.RunCompositeActor.fire(RunCompositeActor.java:205)
	at ptolemy.actor.CompositeActor.iterate(CompositeActor.java:1146)
	at ptolemy.actor.sched.StaticSchedulingDirector.fire(StaticSchedulingDirector.java:216)
	at ptolemy.domains.sdf.kernel.SDFDirector.fire(SDFDirector.java:500)
	at ptolemy.actor.CompositeActor.fire(CompositeActor.java:455)
	at ptolemy.actor.Manager.iterate(Manager.java:851)
	at ptolemy.actor.Manager.execute(Manager.java:369)
	at ptolemy.actor.Manager.run(Manager.java:1263)
	at ptolemy.actor.Manager$PtolemyRunThread.run(Manager.java:1915)
]]></system-err>
</testsuite>
