<?xml version="1.0" encoding="UTF-8" ?>
<testsuite errors="0" failures="0" hostname="travis-job-f7c3a7ec-e7d8-4be6-97bf-edb2e1f3c143" name="ptolemy.cg.lib.test.junit.JUnitTclTest" skipped="0" tests="37" time="98.877" timestamp="2019-04-30T04:14:52">
  <properties>
[...]
</properties>
  <testcase classname="ptolemy.util.test.junit.TclTests" name="[0] /home/travis/build/icyphy/ptII/ptolemy/cg/lib/test/ModularCodeGenTypedCompositeActor.tcl (RunTclFile)" time="9.885" />
  <testcase classname="ptolemy.util.test.junit.AutoKnownFailedTests" name="[0] ThereAreNoKnowFailedTests (RunModel)" time="0.0" />
  <testcase classname="ptolemy.util.test.junit.AutoNameArchTests" name="[0] ThereAreNoAutoArchTests (RunModel)" time="0.01" />
  <testcase classname="ptolemy.util.test.junit.AutoTests" name="[0] /home/travis/build/icyphy/ptII/ptolemy/cg/lib/test/auto/CompiledCompositeActor.xml (RunModel)" time="1.076" />
  <testcase classname="ptolemy.util.test.junit.AutoTests" name="[1] /home/travis/build/icyphy/ptII/ptolemy/cg/lib/test/auto/DECGClockRamp.xml (RunModel)" time="0.085" />
  <testcase classname="ptolemy.util.test.junit.AutoTests" name="[2] /home/travis/build/icyphy/ptII/ptolemy/cg/lib/test/auto/DECGDelay.xml (RunModel)" time="0.094" />
  <testcase classname="ptolemy.util.test.junit.AutoTests" name="[3] /home/travis/build/icyphy/ptII/ptolemy/cg/lib/test/auto/DECGHelloWorld.xml (RunModel)" time="0.058" />
  <testcase classname="ptolemy.util.test.junit.AutoTests" name="[4] /home/travis/build/icyphy/ptII/ptolemy/cg/lib/test/auto/DECGHeterogeneous.xml (RunModel)" time="0.156" />
  <testcase classname="ptolemy.util.test.junit.AutoTests" name="[5] /home/travis/build/icyphy/ptII/ptolemy/cg/lib/test/auto/DECGHeterogeneousMk2.xml (RunModel)" time="0.146" />
  <testcase classname="ptolemy.util.test.junit.AutoTests" name="[6] /home/travis/build/icyphy/ptII/ptolemy/cg/lib/test/auto/DECGMath.xml (RunModel)" time="0.085" />
  <testcase classname="ptolemy.util.test.junit.AutoTests" name="[7] /home/travis/build/icyphy/ptII/ptolemy/cg/lib/test/auto/DECGPi.xml (RunModel)" time="0.187" />
  <testcase classname="ptolemy.util.test.junit.AutoTests" name="[8] /home/travis/build/icyphy/ptII/ptolemy/cg/lib/test/auto/DECGPiSquare.xml (RunModel)" time="0.229" />
  <testcase classname="ptolemy.util.test.junit.AutoTests" name="[9] /home/travis/build/icyphy/ptII/ptolemy/cg/lib/test/auto/DECGPoisson.xml (RunModel)" time="0.039" />
  <testcase classname="ptolemy.util.test.junit.AutoTests" name="[10] /home/travis/build/icyphy/ptII/ptolemy/cg/lib/test/auto/JavaCompiledCompositeActor5.xml (RunModel)" time="1.045" />
  <testcase classname="ptolemy.util.test.junit.AutoTests" name="[11] /home/travis/build/icyphy/ptII/ptolemy/cg/lib/test/auto/JavaCompiledCompositeTest1.xml (RunModel)" time="0.923" />
  <testcase classname="ptolemy.util.test.junit.AutoTests" name="[12] /home/travis/build/icyphy/ptII/ptolemy/cg/lib/test/auto/JavaCompiledCompositeTest2.xml (RunModel)" time="0.899" />
  <testcase classname="ptolemy.util.test.junit.AutoTests" name="[13] /home/travis/build/icyphy/ptII/ptolemy/cg/lib/test/auto/JavaCompiledCompositeTest3.xml (RunModel)" time="0.98" />
  <testcase classname="ptolemy.util.test.junit.AutoTests" name="[14] /home/travis/build/icyphy/ptII/ptolemy/cg/lib/test/auto/JavaCompiledCompositeTest4.xml (RunModel)" time="0.85" />
  <testcase classname="ptolemy.util.test.junit.AutoTests" name="[15] /home/travis/build/icyphy/ptII/ptolemy/cg/lib/test/auto/ModularCG.xml (RunModel)" time="13.421" />
  <testcase classname="ptolemy.util.test.junit.AutoTests" name="[16] /home/travis/build/icyphy/ptII/ptolemy/cg/lib/test/auto/ModularCGPubSub.xml (RunModel)" time="4.029" />
  <testcase classname="ptolemy.util.test.junit.AutoTests" name="[17] /home/travis/build/icyphy/ptII/ptolemy/cg/lib/test/auto/ModularCodeGen.xml (RunModel)" time="2.179" />
  <testcase classname="ptolemy.util.test.junit.AutoTests" name="[18] /home/travis/build/icyphy/ptII/ptolemy/cg/lib/test/auto/ModularCodeGen2.xml (RunModel)" time="4.647" />
  <testcase classname="ptolemy.util.test.junit.AutoTests" name="[19] /home/travis/build/icyphy/ptII/ptolemy/cg/lib/test/auto/ModularCodeGen3.xml (RunModel)" time="12.429" />
  <testcase classname="ptolemy.util.test.junit.AutoTests" name="[20] /home/travis/build/icyphy/ptII/ptolemy/cg/lib/test/auto/ModularCodeGen4.xml (RunModel)" time="12.213" />
  <testcase classname="ptolemy.util.test.junit.AutoTests" name="[21] /home/travis/build/icyphy/ptII/ptolemy/cg/lib/test/auto/ModularCodeGen5.xml (RunModel)" time="4.58" />
  <testcase classname="ptolemy.util.test.junit.AutoTests" name="[22] /home/travis/build/icyphy/ptII/ptolemy/cg/lib/test/auto/ModularCodeGen6.xml (RunModel)" time="6.374" />
  <testcase classname="ptolemy.util.test.junit.AutoTests" name="[23] /home/travis/build/icyphy/ptII/ptolemy/cg/lib/test/auto/ModularCodeGenLazyPubSub.xml (RunModel)" time="2.143" />
  <testcase classname="ptolemy.util.test.junit.AutoTests" name="[24] /home/travis/build/icyphy/ptII/ptolemy/cg/lib/test/auto/ModularCodeGenLazyPubSubGlobal.xml (RunModel)" time="2.196" />
  <testcase classname="ptolemy.util.test.junit.AutoTests" name="[25] /home/travis/build/icyphy/ptII/ptolemy/cg/lib/test/auto/ModularCodeGenPubSub1.xml (RunModel)" time="2.349" />
  <testcase classname="ptolemy.util.test.junit.AutoTests" name="[26] /home/travis/build/icyphy/ptII/ptolemy/cg/lib/test/auto/ModularCodeGenPubSub2.xml (RunModel)" time="4.227" />
  <testcase classname="ptolemy.util.test.junit.AutoTests" name="[27] /home/travis/build/icyphy/ptII/ptolemy/cg/lib/test/auto/ModularCodeGenPubSub3.xml (RunModel)" time="4.049" />
  <testcase classname="ptolemy.util.test.junit.AutoTests" name="[28] /home/travis/build/icyphy/ptII/ptolemy/cg/lib/test/auto/ModularCodeGenPubSub4.xml (RunModel)" time="3.922" />
  <testcase classname="ptolemy.util.test.junit.AutoTests" name="[29] /home/travis/build/icyphy/ptII/ptolemy/cg/lib/test/auto/PubSubAggLazy.xml (RunModel)" time="0.024" />
  <testcase classname="ptolemy.util.test.junit.AutoTests" name="[30] /home/travis/build/icyphy/ptII/ptolemy/cg/lib/test/auto/PubSubAggModularCodeGen.xml (RunModel)" time="2.062" />
  <testcase classname="ptolemy.util.test.junit.AutoTests" name="[31] /home/travis/build/icyphy/ptII/ptolemy/cg/lib/test/auto/PubSubAggTypedComposite.xml (RunModel)" time="0.024" />
  <testcase classname="ptolemy.util.test.junit.AutoTests" name="[32] /home/travis/build/icyphy/ptII/ptolemy/cg/lib/test/auto/PubSubAggTypedCompositeWidth2.xml (RunModel)" time="0.028" />
  <testcase classname="ptolemy.util.test.junit.AutoTests" name="[33] /home/travis/build/icyphy/ptII/ptolemy/cg/lib/test/auto/ScaleJava.xml (RunModel)" time="0.848" />
  <system-out><![CDATA[/home/travis/build/icyphy/ptII/ptolemy/cg/lib/test/ModularCodeGenTypedCompositeActor.tcl
testDefs.tcl: setting time out to 9000 seconds at Tue Apr 30 04:14:53 UTC 2019
Warning: failed to delete /home/travis/cg: error deleting "/home/travis/cg/node_modules/.bin":  best guess at reason: permission denied
In "/home/travis/cg", about to execute:
    pwd
In "/home/travis/cg", about to execute:
    ls -l
/home/travis/cg
In "/home/travis/cg", about to execute:
    javac -classpath
.:/home/travis/build/icyphy/ptII:/home/travis/build/icyphy/ptII/lib/bsh-2.0b4.j
ar:/home/travis/build/icyphy/ptII/lib/ptCal.jar:/home/travis/build/icyphy/ptII/
lib/java_cup.jar:/home/travis/build/icyphy/ptII/lib/saxon8.jar:/home/travis/bui
ld/icyphy/ptII/lib/saxon8-dom.jar:/home/travis/build/icyphy/ptII/lib/chic.jar:/
home/travis/build/icyphy/ptII/lib/ptcolt.jar:/usr/lib/jvm/java-8-oracle/lib/too
ls.jar:/home/travis/build/icyphy/ptII/vendors/misc/itext/iText.jar:/home/travis
/build/icyphy/ptII/lib/g4ltl.jar:/home/travis/build/icyphy/ptII/lib/StructuralC
oder.jar:/home/travis/build/icyphy/ptII/vendors/jai-1_1_2_01/lib/jai_core.jar:/
home/travis/build/icyphy/ptII/vendors/jai-1_1_2_01/lib/jai_codec.jar:/home/trav
is/build/icyphy/ptII/lib/jcerti.jar:/home/travis/build/icyphy/ptII/lib/javax.ma
il.jar:/home/travis/build/icyphy/ptII/vendors/JMF-2.1.1e/lib/jmf.jar:/home/trav
is/build/icyphy/ptII/lib/jna-4.0.0-variadic.jar:/home/travis/build/icyphy/ptII/
vendors/misc/joystick/Joystick.jar:/home/travis/build/icyphy/ptII/lib/ptjacl.ja
r:/home/travis/build/icyphy/ptII/lib/jsoup-1.8.2.jar:/home/travis/build/icyphy/
ptII/lib/junit-4.8.2.jar:/home/travis/build/icyphy/ptII/lib/JUnitParams-0.4.0.j
ar:/home/travis/build/icyphy/ptII/ptolemy/actor/lib/excel/jxl.jar:/home/travis/
build/icyphy/ptII/lib/jython.jar:/home/travis/build/icyphy/ptII/lib/kieler.jar:
/home/travis/build/icyphy/ptII/vendors/opencv/share/OpenCV/java/opencv-341.jar:
/home/travis/build/icyphy/ptII/lib/oscP5.jar:/home/travis/build/icyphy/ptII/lib
/nrjavaserial-3.11.0.devel.jar:/home/travis/build/icyphy/ptII/vendors/j3d/lib/j
3dcore.jar:/home/travis/build/icyphy/ptII/vendors/j3d/lib/j3dutils.jar:/home/tr
avis/build/icyphy/ptII/vendors/j3d/lib/vecmath.jar:/home/travis/build/icyphy/pt
II/ptolemy/distributed/jini/jar/jini-core.jar:/home/travis/build/icyphy/ptII/pt
olemy/distributed/jini/jar/jini-ext.jar:/home/travis/build/icyphy/ptII/ptolemy/
distributed/jini/jar/sun-util.jar:/home/travis/build/icyphy/ptII/lib/protobuf-j
ava-2.4.1.jar:/home/travis/build/icyphy/ptII/lib/org.eclipse.paho.client.mqttv3
.jar:/home/travis/build/icyphy/ptII/lib/mapss.jar:/home/travis/build/icyphy/ptI
I/ptolemy/actor/ptalon/antlr/antlr.jar:/home/travis/build/icyphy/ptII/lib/JRI.j
ar:/home/travis/build/icyphy/ptII/lib/commons-lang-2.6.jar:/home/travis/build/i
cyphy/ptII/lib/commons-logging-1.1.1.jar:/home/travis/build/icyphy/ptII/lib/soo
tclasses.jar:/home/travis/build/icyphy/ptII/ptolemy/actor/lib/database/mysql-co
nnector-java-5.1.6-bin.jar:/home/travis/build/icyphy/ptII/vendors/misc/sphinx4/
sphinx4-data-5prealpha.jar:/home/travis/build/icyphy/ptII/vendors/misc/sphinx4/
sphinx4-core-5prealpha.jar:/home/travis/build/icyphy/ptII/lib/PDFRenderer.jar:/
home/travis/build/icyphy/ptII/lib/svgSalamander.jar:/home/travis/build/icyphy/p
tII/lib/rsyntaxtextarea-2.6.0-SNAPSHOT.jar:/home/travis/build/icyphy/ptII/lib/h
azelcast-3.8.2.jar:/home/travis/build/icyphy/ptII/lib/jackson-annotations-2.9.0
.jar:/home/travis/build/icyphy/ptII/lib/jackson-core-2.9.3.jar:/home/travis/bui
ld/icyphy/ptII/lib/jackson-databind-2.9.3.jar:/home/travis/build/icyphy/ptII/li
b/netty-buffer-4.1.19.Final.jar:/home/travis/build/icyphy/ptII/lib/netty-codec-
4.1.19.Final.jar:/home/travis/build/icyphy/ptII/lib/netty-codec-dns-4.1.19.Fina
l.jar:/home/travis/build/icyphy/ptII/lib/netty-codec-http-4.1.19.Final.jar:/hom
e/travis/build/icyphy/ptII/lib/netty-codec-http2-4.1.19.Final.jar:/home/travis/
build/icyphy/ptII/lib/netty-common-4.1.19.Final.jar:/home/travis/build/icyphy/p
tII/lib/netty-handler-4.1.19.Final.jar:/home/travis/build/icyphy/ptII/lib/netty
-resolver-4.1.19.Final.jar:/home/travis/build/icyphy/ptII/lib/netty-resolver-dn
s-4.1.19.Final.jar:/home/travis/build/icyphy/ptII/lib/netty-transport-4.1.19.Fi
nal.jar:/home/travis/build/icyphy/ptII/lib/vertx-codegen-3.5.1.jar:/home/travis
/build/icyphy/ptII/lib/vertx-core-3.5.2-SNAPSHOT.jar:/home/travis/build/icyphy/
ptII/lib/vertx-hazelcast-3.5.1.jar:/home/travis/build/icyphy/ptII/lib/vertx-lan
g-js-3.5.1.jar:/home/travis/build/icyphy/ptII/lib/vertx-service-proxy-3.5.1.jar
:/home/travis/build/icyphy/ptII/lib/vertx-web-3.5.1.jar:/home/travis/build/icyp
hy/ptII/lib/slf4j-api-1.7.13.jar:/home/travis/build/icyphy/ptII/lib/slf4j-simpl
e-1.7.13.jar:/home/travis/build/icyphy/ptII/lib/webcam-capture-0.3.12.jar:/home
/travis/build/icyphy/ptII/lib/bridj-0.7.0.jar:/home/travis/build/icyphy/ptII/li
b/xbjlib-1.1.0.nrjavaserial.jar:/home/travis/build/icyphy/ptII/ptolemy/moml/tes
t:/home/travis/build/icyphy/ptII/ant/lib/ant-launcher.jar:/home/travis/build/ic
yphy/ptII/ant/lib/ant.jar:/home/travis/build/icyphy/ptII/ant/lib/ant-junit.jar:
/home/travis/build/icyphy/ptII/ant/lib/ant-junit4.jar:/home/travis/build/icyphy
/ptII ModularCodeGenTest_A1_A2_profile.java
total 844
drwxrwxr-x   3 travis travis 12288 Apr 30 04:11 AbsoluteValue
drwxrwxr-x   3 travis travis 16384 Apr 30 04:10 Case1
drwxrwxr-x   3 travis travis 32768 Apr 30 04:10 Case2
drwxrwxr-x   3 travis travis 24576 Apr 30 04:12 DeScrambler
drwxrwxr-x   3 travis travis 16384 Apr 30 04:14 DotProduct
drwxrwxr-x   3 travis travis 12288 Apr 30 04:11 FileWriter1
drwxrwxr-x   3 travis travis 20480 Apr 30 04:10 FixToDoubleAndBack
drwxrwxr-x   3 travis travis 16384 Apr 30 04:11 Gaussian1
drwxrwxr-x   3 travis travis 20480 Apr 30 04:11 Gaussian2
drwxrwxr-x   3 travis travis 12288 Apr 30 04:11 LookupTable
drwxrwxr-x   3 travis travis 20480 Apr 30 04:11 MaxIndex
-rw-rw-r--   1 travis travis  1228 Apr 30 04:14 ModularCodeGenTest_A1_A2_profile.java
drwxrwxr-x   3 travis travis 36864 Apr 30 04:14 modulation2
drwxrwxr-x   3 travis travis 20480 Apr 30 04:11 Multiplexor
drwxrwxr-x 242 travis travis 12288 Apr 30 04:14 node_modules
drwxrwxr-x   3 travis travis 20480 Apr 30 04:12 PhaseUnwrap
-rw-rw-r--   1 travis travis   520 Apr 30 04:14 Repeat$_fireFunction_Repeat_Repeat$__f_sL_0.class
-rw-rw-r--   1 travis travis   522 Apr 30 04:14 Repeat$_fireFunction_Repeat_Repeat$__f_sL_10.class
-rw-rw-r--   1 travis travis   666 Apr 30 04:14 Repeat$_fireFunction_Repeat_Repeat$__f_sL_11.class
-rw-rw-r--   1 travis travis   522 Apr 30 04:14 Repeat$_fireFunction_Repeat_Repeat$__f_sL_13.class
-rw-rw-r--   1 travis travis   665 Apr 30 04:14 Repeat$_fireFunction_Repeat_Repeat$__f_sL_1.class
-rw-rw-r--   1 travis travis   520 Apr 30 04:14 Repeat$_fireFunction_Repeat_Repeat$__f_sL_2.class
-rw-rw-r--   1 travis travis   520 Apr 30 04:14 Repeat$_fireFunction_Repeat_Repeat$__f_sL_3.class
-rw-rw-r--   1 travis travis   520 Apr 30 04:14 Repeat$_fireFunction_Repeat_Repeat$__f_sL_5.class
-rw-rw-r--   1 travis travis   671 Apr 30 04:14 Repeat$_fireFunction_Repeat_Repeat$__f_sL_7.class
-rw-rw-r--   1 travis travis   520 Apr 30 04:14 Repeat$_fireFunction_Repeat_Repeat$__f_sL_9.class
-rw-rw-r--   1 travis travis   813 Apr 30 04:14 Repeat$_initialize_Repeat.class
-rw-rw-r--   1 travis travis   475 Apr 30 04:14 Repeat$_initialize_Repeat$__i_sL_0.class
-rw-rw-r--   1 travis travis   519 Apr 30 04:14 Repeat$_initialize_Repeat$__i_sL_3.class
-rw-rw-r--   1 travis travis 39778 Apr 30 04:14 Repeat.java
-rw-rw-r--   1 travis travis  1281 Apr 30 04:14 Repeat.mk
-rw-rw-r--   1 travis travis   520 Apr 30 04:14 Repeat$_preinitializeMethod_Repeat$__p_sL_0.class
-rw-rw-r--   1 travis travis   520 Apr 30 04:14 Repeat$_preinitializeMethod_Repeat$__p_sL_1.class
-rw-rw-r--   1 travis travis  1083 Apr 30 04:14 Repeat$_Repeat$_fireFunction_Repeat_AddSubtract_Repeat.class
-rw-rw-r--   1 travis travis   791 Apr 30 04:14 Repeat$_Repeat$_fireFunction_Repeat_AddSubtract_Repeat$__f_sL_0.class
-rw-rw-r--   1 travis travis   909 Apr 30 04:14 Repeat$_Repeat$_fireFunction_Repeat_AddSubtract_Repeat$__f_sL_1.class
-rw-rw-r--   1 travis travis   915 Apr 30 04:14 Repeat$_Repeat$_fireFunction_Repeat_AddSubtract_Repeat$__f_sL_2.class
-rw-rw-r--   1 travis travis   838 Apr 30 04:14 Repeat$_Repeat$_fireFunction_Repeat_Ramp2_Repeat$__f_sL_1.class
-rw-rw-r--   1 travis travis  1785 Apr 30 04:14 Repeat$_Repeat$_fireFunction_Repeat_Test_Repeat$__f_sL_2.class
-rw-rw-r--   1 travis travis   685 Apr 30 04:14 Repeat$_Repeat_SDF_Director_run_Repeat$__R_sL_0.class
-rw-rw-r--   1 travis travis   540 Apr 30 04:14 Repeat$_Repeat_SDF_Director_run_Repeat$__R_sL_1.class
-rw-rw-r--   1 travis travis   540 Apr 30 04:14 Repeat$_Repeat_SDF_Director_run_Repeat$__R_sL_2.class
-rw-rw-r--   1 travis travis   540 Apr 30 04:14 Repeat$_Repeat_SDF_Director_run_Repeat$__R_sL_4.class
-rw-rw-r--   1 travis travis   540 Apr 30 04:14 Repeat$_Repeat_SDF_Director_run_Repeat$__R_sL_5.class
-rw-rw-r--   1 travis travis   691 Apr 30 04:14 Repeat$_Repeat_SDF_Director_run_Repeat$__R_sL_6.class
-rw-rw-r--   1 travis travis   540 Apr 30 04:14 Repeat$_Repeat_SDF_Director_run_Repeat$__R_sL_7.class
-rw-rw-r--   1 travis travis   863 Apr 30 04:14 Repeat$_varinit_Repeat.class
-rw-rw-r--   1 travis travis   530 Apr 30 04:14 Repeat$_varinit_Repeat$__v_sL_1.class
-rw-rw-r--   1 travis travis   531 Apr 30 04:14 Repeat$_varinit_Repeat$__v_sL_2.class
-rw-rw-r--   1 travis travis   905 Apr 30 04:14 Repeat$_varinit_Repeat$__v_sL_4.class
-rw-rw-r--   1 travis travis   635 Apr 30 04:14 Repeat$_wrapup_Repeat.class
-rw-rw-r--   1 travis travis   965 Apr 30 04:14 Repeat$_wrapup_Repeat$__w_sL_1.class
-rw-rw-r--   1 travis travis   289 Apr 30 04:10 result.csv
drwxrwxr-x   3 travis travis 12288 Apr 30 04:13 Scrambler1
drwxrwxr-x   3 travis travis 20480 Apr 30 04:12 Sinewave2
drwxrwxr-x   3 travis travis 69632 Apr 30 04:13 StringCompare
drwxrwxr-x   3 travis travis 32768 Apr 30 04:13 StringFunction
drwxrwxr-x   3 travis travis 12288 Apr 30 04:13 StringLength
drwxrwxr-x   3 travis travis 57344 Apr 30 04:13 StringSimpleReplace
drwxrwxr-x   3 travis travis 12288 Apr 30 04:14 time2
drwxrwxr-x   3 travis travis 12288 Apr 30 04:14 time5
-rw-rw-r--   1 travis travis   432 Apr 30 04:14 Token.class
-rw-rw-r--   1 travis travis   251 Apr 30 04:14 Token.java
-rw-rw-r--   1 travis travis     0 Apr 30 04:14 top.
-rw-rw-r--   1 travis travis 20502 Apr 30 04:10 top.c
-rw-rw-r--   1 travis travis  3567 Apr 30 04:14 top.class
-rw-rw-r--   1 travis travis   169 Apr 30 04:09 top.html
-rw-rw-r--   1 travis travis  7552 Apr 30 04:14 top.java
-rw-rw-r--   1 travis travis 38888 Apr 30 04:10 top.o
drwxrwxr-x   3 travis travis 57344 Apr 30 04:12 UnaryMathFunction
All Done
Writing ModularCodeGenTest_A1_A2.java in file:/home/travis/cg/ (9163 characters)
Reading "ptolemy/cg/kernel/generic/program/procedural/java/modular/makefile.in",
    writing "/home/travis/cg/ModularCodeGenTest_A1_A2.mk"
Using ptolemy/cg/kernel/generic/program/procedural/java/modular/makefile.in
In "/home/travis/cg", about to execute:
    make -f ModularCodeGenTest_A1_A2.mk
javac -classpath ".:.."    ModularCodeGenTest_A1_A2.java
All Done
In "/home/travis/cg", about to execute:
    pwd
In "/home/travis/cg", about to execute:
    ls -l
/home/travis/cg
In "/home/travis/cg", about to execute:
    javac -classpath
.:/home/travis/build/icyphy/ptII:/home/travis/build/icyphy/ptII/lib/bsh-2.0b4.j
ar:/home/travis/build/icyphy/ptII/lib/ptCal.jar:/home/travis/build/icyphy/ptII/
lib/java_cup.jar:/home/travis/build/icyphy/ptII/lib/saxon8.jar:/home/travis/bui
ld/icyphy/ptII/lib/saxon8-dom.jar:/home/travis/build/icyphy/ptII/lib/chic.jar:/
home/travis/build/icyphy/ptII/lib/ptcolt.jar:/usr/lib/jvm/java-8-oracle/lib/too
ls.jar:/home/travis/build/icyphy/ptII/vendors/misc/itext/iText.jar:/home/travis
/build/icyphy/ptII/lib/g4ltl.jar:/home/travis/build/icyphy/ptII/lib/StructuralC
oder.jar:/home/travis/build/icyphy/ptII/vendors/jai-1_1_2_01/lib/jai_core.jar:/
home/travis/build/icyphy/ptII/vendors/jai-1_1_2_01/lib/jai_codec.jar:/home/trav
is/build/icyphy/ptII/lib/jcerti.jar:/home/travis/build/icyphy/ptII/lib/javax.ma
il.jar:/home/travis/build/icyphy/ptII/vendors/JMF-2.1.1e/lib/jmf.jar:/home/trav
is/build/icyphy/ptII/lib/jna-4.0.0-variadic.jar:/home/travis/build/icyphy/ptII/
vendors/misc/joystick/Joystick.jar:/home/travis/build/icyphy/ptII/lib/ptjacl.ja
r:/home/travis/build/icyphy/ptII/lib/jsoup-1.8.2.jar:/home/travis/build/icyphy/
ptII/lib/junit-4.8.2.jar:/home/travis/build/icyphy/ptII/lib/JUnitParams-0.4.0.j
ar:/home/travis/build/icyphy/ptII/ptolemy/actor/lib/excel/jxl.jar:/home/travis/
build/icyphy/ptII/lib/jython.jar:/home/travis/build/icyphy/ptII/lib/kieler.jar:
/home/travis/build/icyphy/ptII/vendors/opencv/share/OpenCV/java/opencv-341.jar:
/home/travis/build/icyphy/ptII/lib/oscP5.jar:/home/travis/build/icyphy/ptII/lib
/nrjavaserial-3.11.0.devel.jar:/home/travis/build/icyphy/ptII/vendors/j3d/lib/j
3dcore.jar:/home/travis/build/icyphy/ptII/vendors/j3d/lib/j3dutils.jar:/home/tr
avis/build/icyphy/ptII/vendors/j3d/lib/vecmath.jar:/home/travis/build/icyphy/pt
II/ptolemy/distributed/jini/jar/jini-core.jar:/home/travis/build/icyphy/ptII/pt
olemy/distributed/jini/jar/jini-ext.jar:/home/travis/build/icyphy/ptII/ptolemy/
distributed/jini/jar/sun-util.jar:/home/travis/build/icyphy/ptII/lib/protobuf-j
ava-2.4.1.jar:/home/travis/build/icyphy/ptII/lib/org.eclipse.paho.client.mqttv3
.jar:/home/travis/build/icyphy/ptII/lib/mapss.jar:/home/travis/build/icyphy/ptI
I/ptolemy/actor/ptalon/antlr/antlr.jar:/home/travis/build/icyphy/ptII/lib/JRI.j
ar:/home/travis/build/icyphy/ptII/lib/commons-lang-2.6.jar:/home/travis/build/i
cyphy/ptII/lib/commons-logging-1.1.1.jar:/home/travis/build/icyphy/ptII/lib/soo
tclasses.jar:/home/travis/build/icyphy/ptII/ptolemy/actor/lib/database/mysql-co
nnector-java-5.1.6-bin.jar:/home/travis/build/icyphy/ptII/vendors/misc/sphinx4/
sphinx4-data-5prealpha.jar:/home/travis/build/icyphy/ptII/vendors/misc/sphinx4/
sphinx4-core-5prealpha.jar:/home/travis/build/icyphy/ptII/lib/PDFRenderer.jar:/
home/travis/build/icyphy/ptII/lib/svgSalamander.jar:/home/travis/build/icyphy/p
tII/lib/rsyntaxtextarea-2.6.0-SNAPSHOT.jar:/home/travis/build/icyphy/ptII/lib/h
azelcast-3.8.2.jar:/home/travis/build/icyphy/ptII/lib/jackson-annotations-2.9.0
.jar:/home/travis/build/icyphy/ptII/lib/jackson-core-2.9.3.jar:/home/travis/bui
ld/icyphy/ptII/lib/jackson-databind-2.9.3.jar:/home/travis/build/icyphy/ptII/li
b/netty-buffer-4.1.19.Final.jar:/home/travis/build/icyphy/ptII/lib/netty-codec-
4.1.19.Final.jar:/home/travis/build/icyphy/ptII/lib/netty-codec-dns-4.1.19.Fina
l.jar:/home/travis/build/icyphy/ptII/lib/netty-codec-http-4.1.19.Final.jar:/hom
e/travis/build/icyphy/ptII/lib/netty-codec-http2-4.1.19.Final.jar:/home/travis/
build/icyphy/ptII/lib/netty-common-4.1.19.Final.jar:/home/travis/build/icyphy/p
tII/lib/netty-handler-4.1.19.Final.jar:/home/travis/build/icyphy/ptII/lib/netty
-resolver-4.1.19.Final.jar:/home/travis/build/icyphy/ptII/lib/netty-resolver-dn
s-4.1.19.Final.jar:/home/travis/build/icyphy/ptII/lib/netty-transport-4.1.19.Fi
nal.jar:/home/travis/build/icyphy/ptII/lib/vertx-codegen-3.5.1.jar:/home/travis
/build/icyphy/ptII/lib/vertx-core-3.5.2-SNAPSHOT.jar:/home/travis/build/icyphy/
ptII/lib/vertx-hazelcast-3.5.1.jar:/home/travis/build/icyphy/ptII/lib/vertx-lan
g-js-3.5.1.jar:/home/travis/build/icyphy/ptII/lib/vertx-service-proxy-3.5.1.jar
:/home/travis/build/icyphy/ptII/lib/vertx-web-3.5.1.jar:/home/travis/build/icyp
hy/ptII/lib/slf4j-api-1.7.13.jar:/home/travis/build/icyphy/ptII/lib/slf4j-simpl
e-1.7.13.jar:/home/travis/build/icyphy/ptII/lib/webcam-capture-0.3.12.jar:/home
/travis/build/icyphy/ptII/lib/bridj-0.7.0.jar:/home/travis/build/icyphy/ptII/li
b/xbjlib-1.1.0.nrjavaserial.jar:/home/travis/build/icyphy/ptII/ptolemy/moml/tes
t:/home/travis/build/icyphy/ptII/ant/lib/ant-launcher.jar:/home/travis/build/ic
yphy/ptII/ant/lib/ant.jar:/home/travis/build/icyphy/ptII/ant/lib/ant-junit.jar:
/home/travis/build/icyphy/ptII/ant/lib/ant-junit4.jar:/home/travis/build/icyphy
/ptII ModularCodeGenTest_A1_profile.java
total 872
drwxrwxr-x   3 travis travis 12288 Apr 30 04:11 AbsoluteValue
drwxrwxr-x   3 travis travis 16384 Apr 30 04:10 Case1
drwxrwxr-x   3 travis travis 32768 Apr 30 04:10 Case2
drwxrwxr-x   3 travis travis 24576 Apr 30 04:12 DeScrambler
drwxrwxr-x   3 travis travis 16384 Apr 30 04:14 DotProduct
drwxrwxr-x   3 travis travis 12288 Apr 30 04:11 FileWriter1
drwxrwxr-x   3 travis travis 20480 Apr 30 04:10 FixToDoubleAndBack
drwxrwxr-x   3 travis travis 16384 Apr 30 04:11 Gaussian1
drwxrwxr-x   3 travis travis 20480 Apr 30 04:11 Gaussian2
drwxrwxr-x   3 travis travis 12288 Apr 30 04:11 LookupTable
drwxrwxr-x   3 travis travis 20480 Apr 30 04:11 MaxIndex
-rw-rw-r--   1 travis travis  3491 Apr 30 04:14 ModularCodeGenTest_A1_A2.class
-rw-rw-r--   1 travis travis  9163 Apr 30 04:14 ModularCodeGenTest_A1_A2.java
-rw-rw-r--   1 travis travis   904 Apr 30 04:14 ModularCodeGenTest_A1_A2.mk
-rw-rw-r--   1 travis travis  1306 Apr 30 04:14 ModularCodeGenTest_A1_A2_profile.class
-rw-rw-r--   1 travis travis  1228 Apr 30 04:14 ModularCodeGenTest_A1_A2_profile.java
-rw-rw-r--   1 travis travis  1394 Apr 30 04:14 ModularCodeGenTest_A1_profile.java
drwxrwxr-x   3 travis travis 36864 Apr 30 04:14 modulation2
drwxrwxr-x   3 travis travis 20480 Apr 30 04:11 Multiplexor
drwxrwxr-x 242 travis travis 12288 Apr 30 04:14 node_modules
drwxrwxr-x   3 travis travis 20480 Apr 30 04:12 PhaseUnwrap
-rw-rw-r--   1 travis travis   520 Apr 30 04:14 Repeat$_fireFunction_Repeat_Repeat$__f_sL_0.class
-rw-rw-r--   1 travis travis   522 Apr 30 04:14 Repeat$_fireFunction_Repeat_Repeat$__f_sL_10.class
-rw-rw-r--   1 travis travis   666 Apr 30 04:14 Repeat$_fireFunction_Repeat_Repeat$__f_sL_11.class
-rw-rw-r--   1 travis travis   522 Apr 30 04:14 Repeat$_fireFunction_Repeat_Repeat$__f_sL_13.class
-rw-rw-r--   1 travis travis   665 Apr 30 04:14 Repeat$_fireFunction_Repeat_Repeat$__f_sL_1.class
-rw-rw-r--   1 travis travis   520 Apr 30 04:14 Repeat$_fireFunction_Repeat_Repeat$__f_sL_2.class
-rw-rw-r--   1 travis travis   520 Apr 30 04:14 Repeat$_fireFunction_Repeat_Repeat$__f_sL_3.class
-rw-rw-r--   1 travis travis   520 Apr 30 04:14 Repeat$_fireFunction_Repeat_Repeat$__f_sL_5.class
-rw-rw-r--   1 travis travis   671 Apr 30 04:14 Repeat$_fireFunction_Repeat_Repeat$__f_sL_7.class
-rw-rw-r--   1 travis travis   520 Apr 30 04:14 Repeat$_fireFunction_Repeat_Repeat$__f_sL_9.class
-rw-rw-r--   1 travis travis   813 Apr 30 04:14 Repeat$_initialize_Repeat.class
-rw-rw-r--   1 travis travis   475 Apr 30 04:14 Repeat$_initialize_Repeat$__i_sL_0.class
-rw-rw-r--   1 travis travis   519 Apr 30 04:14 Repeat$_initialize_Repeat$__i_sL_3.class
-rw-rw-r--   1 travis travis 39778 Apr 30 04:14 Repeat.java
-rw-rw-r--   1 travis travis  1281 Apr 30 04:14 Repeat.mk
-rw-rw-r--   1 travis travis   520 Apr 30 04:14 Repeat$_preinitializeMethod_Repeat$__p_sL_0.class
-rw-rw-r--   1 travis travis   520 Apr 30 04:14 Repeat$_preinitializeMethod_Repeat$__p_sL_1.class
-rw-rw-r--   1 travis travis  1083 Apr 30 04:14 Repeat$_Repeat$_fireFunction_Repeat_AddSubtract_Repeat.class
-rw-rw-r--   1 travis travis   791 Apr 30 04:14 Repeat$_Repeat$_fireFunction_Repeat_AddSubtract_Repeat$__f_sL_0.class
-rw-rw-r--   1 travis travis   909 Apr 30 04:14 Repeat$_Repeat$_fireFunction_Repeat_AddSubtract_Repeat$__f_sL_1.class
-rw-rw-r--   1 travis travis   915 Apr 30 04:14 Repeat$_Repeat$_fireFunction_Repeat_AddSubtract_Repeat$__f_sL_2.class
-rw-rw-r--   1 travis travis   838 Apr 30 04:14 Repeat$_Repeat$_fireFunction_Repeat_Ramp2_Repeat$__f_sL_1.class
-rw-rw-r--   1 travis travis  1785 Apr 30 04:14 Repeat$_Repeat$_fireFunction_Repeat_Test_Repeat$__f_sL_2.class
-rw-rw-r--   1 travis travis   685 Apr 30 04:14 Repeat$_Repeat_SDF_Director_run_Repeat$__R_sL_0.class
-rw-rw-r--   1 travis travis   540 Apr 30 04:14 Repeat$_Repeat_SDF_Director_run_Repeat$__R_sL_1.class
-rw-rw-r--   1 travis travis   540 Apr 30 04:14 Repeat$_Repeat_SDF_Director_run_Repeat$__R_sL_2.class
-rw-rw-r--   1 travis travis   540 Apr 30 04:14 Repeat$_Repeat_SDF_Director_run_Repeat$__R_sL_4.class
-rw-rw-r--   1 travis travis   540 Apr 30 04:14 Repeat$_Repeat_SDF_Director_run_Repeat$__R_sL_5.class
-rw-rw-r--   1 travis travis   691 Apr 30 04:14 Repeat$_Repeat_SDF_Director_run_Repeat$__R_sL_6.class
-rw-rw-r--   1 travis travis   540 Apr 30 04:14 Repeat$_Repeat_SDF_Director_run_Repeat$__R_sL_7.class
-rw-rw-r--   1 travis travis   863 Apr 30 04:14 Repeat$_varinit_Repeat.class
-rw-rw-r--   1 travis travis   530 Apr 30 04:14 Repeat$_varinit_Repeat$__v_sL_1.class
-rw-rw-r--   1 travis travis   531 Apr 30 04:14 Repeat$_varinit_Repeat$__v_sL_2.class
-rw-rw-r--   1 travis travis   905 Apr 30 04:14 Repeat$_varinit_Repeat$__v_sL_4.class
-rw-rw-r--   1 travis travis   635 Apr 30 04:14 Repeat$_wrapup_Repeat.class
-rw-rw-r--   1 travis travis   965 Apr 30 04:14 Repeat$_wrapup_Repeat$__w_sL_1.class
-rw-rw-r--   1 travis travis   289 Apr 30 04:10 result.csv
drwxrwxr-x   3 travis travis 12288 Apr 30 04:13 Scrambler1
drwxrwxr-x   3 travis travis 20480 Apr 30 04:12 Sinewave2
drwxrwxr-x   3 travis travis 69632 Apr 30 04:13 StringCompare
drwxrwxr-x   3 travis travis 32768 Apr 30 04:13 StringFunction
drwxrwxr-x   3 travis travis 12288 Apr 30 04:13 StringLength
drwxrwxr-x   3 travis travis 57344 Apr 30 04:13 StringSimpleReplace
drwxrwxr-x   3 travis travis 12288 Apr 30 04:14 time2
drwxrwxr-x   3 travis travis 12288 Apr 30 04:14 time5
-rw-rw-r--   1 travis travis   432 Apr 30 04:14 Token.class
-rw-rw-r--   1 travis travis   251 Apr 30 04:14 Token.java
-rw-rw-r--   1 travis travis     0 Apr 30 04:14 top.
-rw-rw-r--   1 travis travis 20502 Apr 30 04:10 top.c
-rw-rw-r--   1 travis travis  3567 Apr 30 04:14 top.class
-rw-rw-r--   1 travis travis   169 Apr 30 04:09 top.html
-rw-rw-r--   1 travis travis  7552 Apr 30 04:14 top.java
-rw-rw-r--   1 travis travis 38888 Apr 30 04:10 top.o
drwxrwxr-x   3 travis travis 57344 Apr 30 04:12 UnaryMathFunction
All Done
Writing ModularCodeGenTest_A1.java in file:/home/travis/cg/ (9968 characters)
Reading "ptolemy/cg/kernel/generic/program/procedural/java/modular/makefile.in",
    writing "/home/travis/cg/ModularCodeGenTest_A1.mk"
Using ptolemy/cg/kernel/generic/program/procedural/java/modular/makefile.in
In "/home/travis/cg", about to execute:
    make -f ModularCodeGenTest_A1.mk
javac -classpath ".:.."    ModularCodeGenTest_A1.java
All Done
4443 ms. Memory: 146944K Free: 100129K (68%)
8 ms. Memory: 146944K Free: 97812K (67%)
In "/home/travis/cg", about to execute:
    pwd
In "/home/travis/cg", about to execute:
    ls -l
/home/travis/cg
In "/home/travis/cg", about to execute:
    javac -classpath
.:/home/travis/build/icyphy/ptII:/home/travis/build/icyphy/ptII/lib/bsh-2.0b4.j
ar:/home/travis/build/icyphy/ptII/lib/ptCal.jar:/home/travis/build/icyphy/ptII/
lib/java_cup.jar:/home/travis/build/icyphy/ptII/lib/saxon8.jar:/home/travis/bui
ld/icyphy/ptII/lib/saxon8-dom.jar:/home/travis/build/icyphy/ptII/lib/chic.jar:/
home/travis/build/icyphy/ptII/lib/ptcolt.jar:/usr/lib/jvm/java-8-oracle/lib/too
ls.jar:/home/travis/build/icyphy/ptII/vendors/misc/itext/iText.jar:/home/travis
/build/icyphy/ptII/lib/g4ltl.jar:/home/travis/build/icyphy/ptII/lib/StructuralC
oder.jar:/home/travis/build/icyphy/ptII/vendors/jai-1_1_2_01/lib/jai_core.jar:/
home/travis/build/icyphy/ptII/vendors/jai-1_1_2_01/lib/jai_codec.jar:/home/trav
is/build/icyphy/ptII/lib/jcerti.jar:/home/travis/build/icyphy/ptII/lib/javax.ma
il.jar:/home/travis/build/icyphy/ptII/vendors/JMF-2.1.1e/lib/jmf.jar:/home/trav
is/build/icyphy/ptII/lib/jna-4.0.0-variadic.jar:/home/travis/build/icyphy/ptII/
vendors/misc/joystick/Joystick.jar:/home/travis/build/icyphy/ptII/lib/ptjacl.ja
r:/home/travis/build/icyphy/ptII/lib/jsoup-1.8.2.jar:/home/travis/build/icyphy/
ptII/lib/junit-4.8.2.jar:/home/travis/build/icyphy/ptII/lib/JUnitParams-0.4.0.j
ar:/home/travis/build/icyphy/ptII/ptolemy/actor/lib/excel/jxl.jar:/home/travis/
build/icyphy/ptII/lib/jython.jar:/home/travis/build/icyphy/ptII/lib/kieler.jar:
/home/travis/build/icyphy/ptII/vendors/opencv/share/OpenCV/java/opencv-341.jar:
/home/travis/build/icyphy/ptII/lib/oscP5.jar:/home/travis/build/icyphy/ptII/lib
/nrjavaserial-3.11.0.devel.jar:/home/travis/build/icyphy/ptII/vendors/j3d/lib/j
3dcore.jar:/home/travis/build/icyphy/ptII/vendors/j3d/lib/j3dutils.jar:/home/tr
avis/build/icyphy/ptII/vendors/j3d/lib/vecmath.jar:/home/travis/build/icyphy/pt
II/ptolemy/distributed/jini/jar/jini-core.jar:/home/travis/build/icyphy/ptII/pt
olemy/distributed/jini/jar/jini-ext.jar:/home/travis/build/icyphy/ptII/ptolemy/
distributed/jini/jar/sun-util.jar:/home/travis/build/icyphy/ptII/lib/protobuf-j
ava-2.4.1.jar:/home/travis/build/icyphy/ptII/lib/org.eclipse.paho.client.mqttv3
.jar:/home/travis/build/icyphy/ptII/lib/mapss.jar:/home/travis/build/icyphy/ptI
I/ptolemy/actor/ptalon/antlr/antlr.jar:/home/travis/build/icyphy/ptII/lib/JRI.j
ar:/home/travis/build/icyphy/ptII/lib/commons-lang-2.6.jar:/home/travis/build/i
cyphy/ptII/lib/commons-logging-1.1.1.jar:/home/travis/build/icyphy/ptII/lib/soo
tclasses.jar:/home/travis/build/icyphy/ptII/ptolemy/actor/lib/database/mysql-co
nnector-java-5.1.6-bin.jar:/home/travis/build/icyphy/ptII/vendors/misc/sphinx4/
sphinx4-data-5prealpha.jar:/home/travis/build/icyphy/ptII/vendors/misc/sphinx4/
sphinx4-core-5prealpha.jar:/home/travis/build/icyphy/ptII/lib/PDFRenderer.jar:/
home/travis/build/icyphy/ptII/lib/svgSalamander.jar:/home/travis/build/icyphy/p
tII/lib/rsyntaxtextarea-2.6.0-SNAPSHOT.jar:/home/travis/build/icyphy/ptII/lib/h
azelcast-3.8.2.jar:/home/travis/build/icyphy/ptII/lib/jackson-annotations-2.9.0
.jar:/home/travis/build/icyphy/ptII/lib/jackson-core-2.9.3.jar:/home/travis/bui
ld/icyphy/ptII/lib/jackson-databind-2.9.3.jar:/home/travis/build/icyphy/ptII/li
b/netty-buffer-4.1.19.Final.jar:/home/travis/build/icyphy/ptII/lib/netty-codec-
4.1.19.Final.jar:/home/travis/build/icyphy/ptII/lib/netty-codec-dns-4.1.19.Fina
l.jar:/home/travis/build/icyphy/ptII/lib/netty-codec-http-4.1.19.Final.jar:/hom
e/travis/build/icyphy/ptII/lib/netty-codec-http2-4.1.19.Final.jar:/home/travis/
build/icyphy/ptII/lib/netty-common-4.1.19.Final.jar:/home/travis/build/icyphy/p
tII/lib/netty-handler-4.1.19.Final.jar:/home/travis/build/icyphy/ptII/lib/netty
-resolver-4.1.19.Final.jar:/home/travis/build/icyphy/ptII/lib/netty-resolver-dn
s-4.1.19.Final.jar:/home/travis/build/icyphy/ptII/lib/netty-transport-4.1.19.Fi
nal.jar:/home/travis/build/icyphy/ptII/lib/vertx-codegen-3.5.1.jar:/home/travis
/build/icyphy/ptII/lib/vertx-core-3.5.2-SNAPSHOT.jar:/home/travis/build/icyphy/
ptII/lib/vertx-hazelcast-3.5.1.jar:/home/travis/build/icyphy/ptII/lib/vertx-lan
g-js-3.5.1.jar:/home/travis/build/icyphy/ptII/lib/vertx-service-proxy-3.5.1.jar
:/home/travis/build/icyphy/ptII/lib/vertx-web-3.5.1.jar:/home/travis/build/icyp
hy/ptII/lib/slf4j-api-1.7.13.jar:/home/travis/build/icyphy/ptII/lib/slf4j-simpl
e-1.7.13.jar:/home/travis/build/icyphy/ptII/lib/webcam-capture-0.3.12.jar:/home
/travis/build/icyphy/ptII/lib/bridj-0.7.0.jar:/home/travis/build/icyphy/ptII/li
b/xbjlib-1.1.0.nrjavaserial.jar:/home/travis/build/icyphy/ptII/ptolemy/moml/tes
t:/home/travis/build/icyphy/ptII/ant/lib/ant-launcher.jar:/home/travis/build/ic
yphy/ptII/ant/lib/ant.jar:/home/travis/build/icyphy/ptII/ant/lib/ant-junit.jar:
/home/travis/build/icyphy/ptII/ant/lib/ant-junit4.jar:/home/travis/build/icyphy
/ptII ModularCodeGenTest_A1_A2_profile.java
total 896
drwxrwxr-x   3 travis travis 12288 Apr 30 04:11 AbsoluteValue
drwxrwxr-x   3 travis travis 16384 Apr 30 04:10 Case1
drwxrwxr-x   3 travis travis 32768 Apr 30 04:10 Case2
drwxrwxr-x   3 travis travis 24576 Apr 30 04:12 DeScrambler
drwxrwxr-x   3 travis travis 16384 Apr 30 04:14 DotProduct
drwxrwxr-x   3 travis travis 12288 Apr 30 04:11 FileWriter1
drwxrwxr-x   3 travis travis 20480 Apr 30 04:10 FixToDoubleAndBack
drwxrwxr-x   3 travis travis 16384 Apr 30 04:11 Gaussian1
drwxrwxr-x   3 travis travis 20480 Apr 30 04:11 Gaussian2
drwxrwxr-x   3 travis travis 12288 Apr 30 04:11 LookupTable
drwxrwxr-x   3 travis travis 20480 Apr 30 04:11 MaxIndex
-rw-rw-r--   1 travis travis  3491 Apr 30 04:14 ModularCodeGenTest_A1_A2.class
-rw-rw-r--   1 travis travis  9163 Apr 30 04:14 ModularCodeGenTest_A1_A2.java
-rw-rw-r--   1 travis travis   904 Apr 30 04:14 ModularCodeGenTest_A1_A2.mk
-rw-rw-r--   1 travis travis  1306 Apr 30 04:14 ModularCodeGenTest_A1_A2_profile.class
-rw-rw-r--   1 travis travis  1228 Apr 30 04:14 ModularCodeGenTest_A1_A2_profile.java
-rw-rw-r--   1 travis travis  3823 Apr 30 04:14 ModularCodeGenTest_A1.class
-rw-rw-r--   1 travis travis  9968 Apr 30 04:14 ModularCodeGenTest_A1.java
-rw-rw-r--   1 travis travis   880 Apr 30 04:14 ModularCodeGenTest_A1.mk
-rw-rw-r--   1 travis travis  1352 Apr 30 04:14 ModularCodeGenTest_A1_profile.class
-rw-rw-r--   1 travis travis  1394 Apr 30 04:14 ModularCodeGenTest_A1_profile.java
drwxrwxr-x   3 travis travis 36864 Apr 30 04:14 modulation2
drwxrwxr-x   3 travis travis 20480 Apr 30 04:11 Multiplexor
drwxrwxr-x 242 travis travis 12288 Apr 30 04:14 node_modules
drwxrwxr-x   3 travis travis 20480 Apr 30 04:12 PhaseUnwrap
-rw-rw-r--   1 travis travis   520 Apr 30 04:14 Repeat$_fireFunction_Repeat_Repeat$__f_sL_0.class
-rw-rw-r--   1 travis travis   522 Apr 30 04:14 Repeat$_fireFunction_Repeat_Repeat$__f_sL_10.class
-rw-rw-r--   1 travis travis   666 Apr 30 04:14 Repeat$_fireFunction_Repeat_Repeat$__f_sL_11.class
-rw-rw-r--   1 travis travis   522 Apr 30 04:14 Repeat$_fireFunction_Repeat_Repeat$__f_sL_13.class
-rw-rw-r--   1 travis travis   665 Apr 30 04:14 Repeat$_fireFunction_Repeat_Repeat$__f_sL_1.class
-rw-rw-r--   1 travis travis   520 Apr 30 04:14 Repeat$_fireFunction_Repeat_Repeat$__f_sL_2.class
-rw-rw-r--   1 travis travis   520 Apr 30 04:14 Repeat$_fireFunction_Repeat_Repeat$__f_sL_3.class
-rw-rw-r--   1 travis travis   520 Apr 30 04:14 Repeat$_fireFunction_Repeat_Repeat$__f_sL_5.class
-rw-rw-r--   1 travis travis   671 Apr 30 04:14 Repeat$_fireFunction_Repeat_Repeat$__f_sL_7.class
-rw-rw-r--   1 travis travis   520 Apr 30 04:14 Repeat$_fireFunction_Repeat_Repeat$__f_sL_9.class
-rw-rw-r--   1 travis travis   813 Apr 30 04:14 Repeat$_initialize_Repeat.class
-rw-rw-r--   1 travis travis   475 Apr 30 04:14 Repeat$_initialize_Repeat$__i_sL_0.class
-rw-rw-r--   1 travis travis   519 Apr 30 04:14 Repeat$_initialize_Repeat$__i_sL_3.class
-rw-rw-r--   1 travis travis 39778 Apr 30 04:14 Repeat.java
-rw-rw-r--   1 travis travis  1281 Apr 30 04:14 Repeat.mk
-rw-rw-r--   1 travis travis   520 Apr 30 04:14 Repeat$_preinitializeMethod_Repeat$__p_sL_0.class
-rw-rw-r--   1 travis travis   520 Apr 30 04:14 Repeat$_preinitializeMethod_Repeat$__p_sL_1.class
-rw-rw-r--   1 travis travis  1083 Apr 30 04:14 Repeat$_Repeat$_fireFunction_Repeat_AddSubtract_Repeat.class
-rw-rw-r--   1 travis travis   791 Apr 30 04:14 Repeat$_Repeat$_fireFunction_Repeat_AddSubtract_Repeat$__f_sL_0.class
-rw-rw-r--   1 travis travis   909 Apr 30 04:14 Repeat$_Repeat$_fireFunction_Repeat_AddSubtract_Repeat$__f_sL_1.class
-rw-rw-r--   1 travis travis   915 Apr 30 04:14 Repeat$_Repeat$_fireFunction_Repeat_AddSubtract_Repeat$__f_sL_2.class
-rw-rw-r--   1 travis travis   838 Apr 30 04:14 Repeat$_Repeat$_fireFunction_Repeat_Ramp2_Repeat$__f_sL_1.class
-rw-rw-r--   1 travis travis  1785 Apr 30 04:14 Repeat$_Repeat$_fireFunction_Repeat_Test_Repeat$__f_sL_2.class
-rw-rw-r--   1 travis travis   685 Apr 30 04:14 Repeat$_Repeat_SDF_Director_run_Repeat$__R_sL_0.class
-rw-rw-r--   1 travis travis   540 Apr 30 04:14 Repeat$_Repeat_SDF_Director_run_Repeat$__R_sL_1.class
-rw-rw-r--   1 travis travis   540 Apr 30 04:14 Repeat$_Repeat_SDF_Director_run_Repeat$__R_sL_2.class
-rw-rw-r--   1 travis travis   540 Apr 30 04:14 Repeat$_Repeat_SDF_Director_run_Repeat$__R_sL_4.class
-rw-rw-r--   1 travis travis   540 Apr 30 04:14 Repeat$_Repeat_SDF_Director_run_Repeat$__R_sL_5.class
-rw-rw-r--   1 travis travis   691 Apr 30 04:14 Repeat$_Repeat_SDF_Director_run_Repeat$__R_sL_6.class
-rw-rw-r--   1 travis travis   540 Apr 30 04:14 Repeat$_Repeat_SDF_Director_run_Repeat$__R_sL_7.class
-rw-rw-r--   1 travis travis   863 Apr 30 04:14 Repeat$_varinit_Repeat.class
-rw-rw-r--   1 travis travis   530 Apr 30 04:14 Repeat$_varinit_Repeat$__v_sL_1.class
-rw-rw-r--   1 travis travis   531 Apr 30 04:14 Repeat$_varinit_Repeat$__v_sL_2.class
-rw-rw-r--   1 travis travis   905 Apr 30 04:14 Repeat$_varinit_Repeat$__v_sL_4.class
-rw-rw-r--   1 travis travis   635 Apr 30 04:14 Repeat$_wrapup_Repeat.class
-rw-rw-r--   1 travis travis   965 Apr 30 04:14 Repeat$_wrapup_Repeat$__w_sL_1.class
-rw-rw-r--   1 travis travis   289 Apr 30 04:10 result.csv
drwxrwxr-x   3 travis travis 12288 Apr 30 04:13 Scrambler1
drwxrwxr-x   3 travis travis 20480 Apr 30 04:12 Sinewave2
drwxrwxr-x   3 travis travis 69632 Apr 30 04:13 StringCompare
drwxrwxr-x   3 travis travis 32768 Apr 30 04:13 StringFunction
drwxrwxr-x   3 travis travis 12288 Apr 30 04:13 StringLength
drwxrwxr-x   3 travis travis 57344 Apr 30 04:13 StringSimpleReplace
drwxrwxr-x   3 travis travis 12288 Apr 30 04:14 time2
drwxrwxr-x   3 travis travis 12288 Apr 30 04:14 time5
-rw-rw-r--   1 travis travis   432 Apr 30 04:14 Token.class
-rw-rw-r--   1 travis travis   251 Apr 30 04:14 Token.java
-rw-rw-r--   1 travis travis     0 Apr 30 04:14 top.
-rw-rw-r--   1 travis travis 20502 Apr 30 04:10 top.c
-rw-rw-r--   1 travis travis  3567 Apr 30 04:14 top.class
-rw-rw-r--   1 travis travis   169 Apr 30 04:09 top.html
-rw-rw-r--   1 travis travis  7552 Apr 30 04:14 top.java
-rw-rw-r--   1 travis travis 38888 Apr 30 04:10 top.o
drwxrwxr-x   3 travis travis 57344 Apr 30 04:12 UnaryMathFunction
All Done
Writing ModularCodeGenTest_A1_A2.java in file:/home/travis/cg/ (9164 characters)
Reading "ptolemy/cg/kernel/generic/program/procedural/java/modular/makefile.in",
    writing "/home/travis/cg/ModularCodeGenTest_A1_A2.mk"
Using ptolemy/cg/kernel/generic/program/procedural/java/modular/makefile.in
In "/home/travis/cg", about to execute:
    make -f ModularCodeGenTest_A1_A2.mk
javac -classpath ".:.."    ModularCodeGenTest_A1_A2.java
All Done
2288 ms. Memory: 144896K Free: 83929K (58%)
Warning: failed to delete /home/travis/cg: error deleting "/home/travis/cg/node_modules/.bin":  best guess at reason: permission denied
In "/home/travis/cg", about to execute:
    pwd
In "/home/travis/cg", about to execute:
    ls -l
/home/travis/cg
In "/home/travis/cg", about to execute:
    javac -classpath
.:/home/travis/build/icyphy/ptII:/home/travis/build/icyphy/ptII/lib/bsh-2.0b4.j
ar:/home/travis/build/icyphy/ptII/lib/ptCal.jar:/home/travis/build/icyphy/ptII/
lib/java_cup.jar:/home/travis/build/icyphy/ptII/lib/saxon8.jar:/home/travis/bui
ld/icyphy/ptII/lib/saxon8-dom.jar:/home/travis/build/icyphy/ptII/lib/chic.jar:/
home/travis/build/icyphy/ptII/lib/ptcolt.jar:/usr/lib/jvm/java-8-oracle/lib/too
ls.jar:/home/travis/build/icyphy/ptII/vendors/misc/itext/iText.jar:/home/travis
/build/icyphy/ptII/lib/g4ltl.jar:/home/travis/build/icyphy/ptII/lib/StructuralC
oder.jar:/home/travis/build/icyphy/ptII/vendors/jai-1_1_2_01/lib/jai_core.jar:/
home/travis/build/icyphy/ptII/vendors/jai-1_1_2_01/lib/jai_codec.jar:/home/trav
is/build/icyphy/ptII/lib/jcerti.jar:/home/travis/build/icyphy/ptII/lib/javax.ma
il.jar:/home/travis/build/icyphy/ptII/vendors/JMF-2.1.1e/lib/jmf.jar:/home/trav
is/build/icyphy/ptII/lib/jna-4.0.0-variadic.jar:/home/travis/build/icyphy/ptII/
vendors/misc/joystick/Joystick.jar:/home/travis/build/icyphy/ptII/lib/ptjacl.ja
r:/home/travis/build/icyphy/ptII/lib/jsoup-1.8.2.jar:/home/travis/build/icyphy/
ptII/lib/junit-4.8.2.jar:/home/travis/build/icyphy/ptII/lib/JUnitParams-0.4.0.j
ar:/home/travis/build/icyphy/ptII/ptolemy/actor/lib/excel/jxl.jar:/home/travis/
build/icyphy/ptII/lib/jython.jar:/home/travis/build/icyphy/ptII/lib/kieler.jar:
/home/travis/build/icyphy/ptII/vendors/opencv/share/OpenCV/java/opencv-341.jar:
/home/travis/build/icyphy/ptII/lib/oscP5.jar:/home/travis/build/icyphy/ptII/lib
/nrjavaserial-3.11.0.devel.jar:/home/travis/build/icyphy/ptII/vendors/j3d/lib/j
3dcore.jar:/home/travis/build/icyphy/ptII/vendors/j3d/lib/j3dutils.jar:/home/tr
avis/build/icyphy/ptII/vendors/j3d/lib/vecmath.jar:/home/travis/build/icyphy/pt
II/ptolemy/distributed/jini/jar/jini-core.jar:/home/travis/build/icyphy/ptII/pt
olemy/distributed/jini/jar/jini-ext.jar:/home/travis/build/icyphy/ptII/ptolemy/
distributed/jini/jar/sun-util.jar:/home/travis/build/icyphy/ptII/lib/protobuf-j
ava-2.4.1.jar:/home/travis/build/icyphy/ptII/lib/org.eclipse.paho.client.mqttv3
.jar:/home/travis/build/icyphy/ptII/lib/mapss.jar:/home/travis/build/icyphy/ptI
I/ptolemy/actor/ptalon/antlr/antlr.jar:/home/travis/build/icyphy/ptII/lib/JRI.j
ar:/home/travis/build/icyphy/ptII/lib/commons-lang-2.6.jar:/home/travis/build/i
cyphy/ptII/lib/commons-logging-1.1.1.jar:/home/travis/build/icyphy/ptII/lib/soo
tclasses.jar:/home/travis/build/icyphy/ptII/ptolemy/actor/lib/database/mysql-co
nnector-java-5.1.6-bin.jar:/home/travis/build/icyphy/ptII/vendors/misc/sphinx4/
sphinx4-data-5prealpha.jar:/home/travis/build/icyphy/ptII/vendors/misc/sphinx4/
sphinx4-core-5prealpha.jar:/home/travis/build/icyphy/ptII/lib/PDFRenderer.jar:/
home/travis/build/icyphy/ptII/lib/svgSalamander.jar:/home/travis/build/icyphy/p
tII/lib/rsyntaxtextarea-2.6.0-SNAPSHOT.jar:/home/travis/build/icyphy/ptII/lib/h
azelcast-3.8.2.jar:/home/travis/build/icyphy/ptII/lib/jackson-annotations-2.9.0
.jar:/home/travis/build/icyphy/ptII/lib/jackson-core-2.9.3.jar:/home/travis/bui
ld/icyphy/ptII/lib/jackson-databind-2.9.3.jar:/home/travis/build/icyphy/ptII/li
b/netty-buffer-4.1.19.Final.jar:/home/travis/build/icyphy/ptII/lib/netty-codec-
4.1.19.Final.jar:/home/travis/build/icyphy/ptII/lib/netty-codec-dns-4.1.19.Fina
l.jar:/home/travis/build/icyphy/ptII/lib/netty-codec-http-4.1.19.Final.jar:/hom
e/travis/build/icyphy/ptII/lib/netty-codec-http2-4.1.19.Final.jar:/home/travis/
build/icyphy/ptII/lib/netty-common-4.1.19.Final.jar:/home/travis/build/icyphy/p
tII/lib/netty-handler-4.1.19.Final.jar:/home/travis/build/icyphy/ptII/lib/netty
-resolver-4.1.19.Final.jar:/home/travis/build/icyphy/ptII/lib/netty-resolver-dn
s-4.1.19.Final.jar:/home/travis/build/icyphy/ptII/lib/netty-transport-4.1.19.Fi
nal.jar:/home/travis/build/icyphy/ptII/lib/vertx-codegen-3.5.1.jar:/home/travis
/build/icyphy/ptII/lib/vertx-core-3.5.2-SNAPSHOT.jar:/home/travis/build/icyphy/
ptII/lib/vertx-hazelcast-3.5.1.jar:/home/travis/build/icyphy/ptII/lib/vertx-lan
g-js-3.5.1.jar:/home/travis/build/icyphy/ptII/lib/vertx-service-proxy-3.5.1.jar
:/home/travis/build/icyphy/ptII/lib/vertx-web-3.5.1.jar:/home/travis/build/icyp
hy/ptII/lib/slf4j-api-1.7.13.jar:/home/travis/build/icyphy/ptII/lib/slf4j-simpl
e-1.7.13.jar:/home/travis/build/icyphy/ptII/lib/webcam-capture-0.3.12.jar:/home
/travis/build/icyphy/ptII/lib/bridj-0.7.0.jar:/home/travis/build/icyphy/ptII/li
b/xbjlib-1.1.0.nrjavaserial.jar:/home/travis/build/icyphy/ptII/ptolemy/moml/tes
t:/home/travis/build/icyphy/ptII/ant/lib/ant-launcher.jar:/home/travis/build/ic
yphy/ptII/ant/lib/ant.jar:/home/travis/build/icyphy/ptII/ant/lib/ant-junit.jar:
/home/travis/build/icyphy/ptII/ant/lib/ant-junit4.jar:/home/travis/build/icyphy
/ptII ModularCodeGenTest_A1_profile.java
total 872
drwxrwxr-x   3 travis travis 12288 Apr 30 04:11 AbsoluteValue
drwxrwxr-x   3 travis travis 16384 Apr 30 04:10 Case1
drwxrwxr-x   3 travis travis 32768 Apr 30 04:10 Case2
drwxrwxr-x   3 travis travis 24576 Apr 30 04:12 DeScrambler
drwxrwxr-x   3 travis travis 16384 Apr 30 04:14 DotProduct
drwxrwxr-x   3 travis travis 12288 Apr 30 04:11 FileWriter1
drwxrwxr-x   3 travis travis 20480 Apr 30 04:10 FixToDoubleAndBack
drwxrwxr-x   3 travis travis 16384 Apr 30 04:11 Gaussian1
drwxrwxr-x   3 travis travis 20480 Apr 30 04:11 Gaussian2
drwxrwxr-x   3 travis travis 12288 Apr 30 04:11 LookupTable
drwxrwxr-x   3 travis travis 20480 Apr 30 04:11 MaxIndex
-rw-rw-r--   1 travis travis  3492 Apr 30 04:15 ModularCodeGenTest_A1_A2.class
-rw-rw-r--   1 travis travis   904 Apr 30 04:14 ModularCodeGenTest_A1_A2.mk
-rw-rw-r--   1 travis travis  1306 Apr 30 04:14 ModularCodeGenTest_A1_A2_profile.class
-rw-rw-r--   1 travis travis  9968 Apr 30 04:14 ModularCodeGenTest_A1.java
-rw-rw-r--   1 travis travis   880 Apr 30 04:14 ModularCodeGenTest_A1.mk
-rw-rw-r--   1 travis travis  1394 Apr 30 04:15 ModularCodeGenTest_A1_profile.java
drwxrwxr-x   3 travis travis 36864 Apr 30 04:14 modulation2
drwxrwxr-x   3 travis travis 20480 Apr 30 04:11 Multiplexor
drwxrwxr-x 242 travis travis 12288 Apr 30 04:14 node_modules
drwxrwxr-x   3 travis travis 20480 Apr 30 04:12 PhaseUnwrap
-rw-rw-r--   1 travis travis   520 Apr 30 04:14 Repeat$_fireFunction_Repeat_Repeat$__f_sL_0.class
-rw-rw-r--   1 travis travis   522 Apr 30 04:14 Repeat$_fireFunction_Repeat_Repeat$__f_sL_10.class
-rw-rw-r--   1 travis travis   666 Apr 30 04:14 Repeat$_fireFunction_Repeat_Repeat$__f_sL_11.class
-rw-rw-r--   1 travis travis   522 Apr 30 04:14 Repeat$_fireFunction_Repeat_Repeat$__f_sL_13.class
-rw-rw-r--   1 travis travis   665 Apr 30 04:14 Repeat$_fireFunction_Repeat_Repeat$__f_sL_1.class
-rw-rw-r--   1 travis travis   520 Apr 30 04:14 Repeat$_fireFunction_Repeat_Repeat$__f_sL_2.class
-rw-rw-r--   1 travis travis   520 Apr 30 04:14 Repeat$_fireFunction_Repeat_Repeat$__f_sL_3.class
-rw-rw-r--   1 travis travis   520 Apr 30 04:14 Repeat$_fireFunction_Repeat_Repeat$__f_sL_5.class
-rw-rw-r--   1 travis travis   671 Apr 30 04:14 Repeat$_fireFunction_Repeat_Repeat$__f_sL_7.class
-rw-rw-r--   1 travis travis   520 Apr 30 04:14 Repeat$_fireFunction_Repeat_Repeat$__f_sL_9.class
-rw-rw-r--   1 travis travis   813 Apr 30 04:14 Repeat$_initialize_Repeat.class
-rw-rw-r--   1 travis travis   475 Apr 30 04:14 Repeat$_initialize_Repeat$__i_sL_0.class
-rw-rw-r--   1 travis travis   519 Apr 30 04:14 Repeat$_initialize_Repeat$__i_sL_3.class
-rw-rw-r--   1 travis travis 39778 Apr 30 04:14 Repeat.java
-rw-rw-r--   1 travis travis  1281 Apr 30 04:14 Repeat.mk
-rw-rw-r--   1 travis travis   520 Apr 30 04:14 Repeat$_preinitializeMethod_Repeat$__p_sL_0.class
-rw-rw-r--   1 travis travis   520 Apr 30 04:14 Repeat$_preinitializeMethod_Repeat$__p_sL_1.class
-rw-rw-r--   1 travis travis  1083 Apr 30 04:14 Repeat$_Repeat$_fireFunction_Repeat_AddSubtract_Repeat.class
-rw-rw-r--   1 travis travis   791 Apr 30 04:14 Repeat$_Repeat$_fireFunction_Repeat_AddSubtract_Repeat$__f_sL_0.class
-rw-rw-r--   1 travis travis   909 Apr 30 04:14 Repeat$_Repeat$_fireFunction_Repeat_AddSubtract_Repeat$__f_sL_1.class
-rw-rw-r--   1 travis travis   915 Apr 30 04:14 Repeat$_Repeat$_fireFunction_Repeat_AddSubtract_Repeat$__f_sL_2.class
-rw-rw-r--   1 travis travis   838 Apr 30 04:14 Repeat$_Repeat$_fireFunction_Repeat_Ramp2_Repeat$__f_sL_1.class
-rw-rw-r--   1 travis travis  1785 Apr 30 04:14 Repeat$_Repeat$_fireFunction_Repeat_Test_Repeat$__f_sL_2.class
-rw-rw-r--   1 travis travis   685 Apr 30 04:14 Repeat$_Repeat_SDF_Director_run_Repeat$__R_sL_0.class
-rw-rw-r--   1 travis travis   540 Apr 30 04:14 Repeat$_Repeat_SDF_Director_run_Repeat$__R_sL_1.class
-rw-rw-r--   1 travis travis   540 Apr 30 04:14 Repeat$_Repeat_SDF_Director_run_Repeat$__R_sL_2.class
-rw-rw-r--   1 travis travis   540 Apr 30 04:14 Repeat$_Repeat_SDF_Director_run_Repeat$__R_sL_4.class
-rw-rw-r--   1 travis travis   540 Apr 30 04:14 Repeat$_Repeat_SDF_Director_run_Repeat$__R_sL_5.class
-rw-rw-r--   1 travis travis   691 Apr 30 04:14 Repeat$_Repeat_SDF_Director_run_Repeat$__R_sL_6.class
-rw-rw-r--   1 travis travis   540 Apr 30 04:14 Repeat$_Repeat_SDF_Director_run_Repeat$__R_sL_7.class
-rw-rw-r--   1 travis travis   863 Apr 30 04:14 Repeat$_varinit_Repeat.class
-rw-rw-r--   1 travis travis   530 Apr 30 04:14 Repeat$_varinit_Repeat$__v_sL_1.class
-rw-rw-r--   1 travis travis   531 Apr 30 04:14 Repeat$_varinit_Repeat$__v_sL_2.class
-rw-rw-r--   1 travis travis   905 Apr 30 04:14 Repeat$_varinit_Repeat$__v_sL_4.class
-rw-rw-r--   1 travis travis   635 Apr 30 04:14 Repeat$_wrapup_Repeat.class
-rw-rw-r--   1 travis travis   965 Apr 30 04:14 Repeat$_wrapup_Repeat$__w_sL_1.class
-rw-rw-r--   1 travis travis   289 Apr 30 04:10 result.csv
drwxrwxr-x   3 travis travis 12288 Apr 30 04:13 Scrambler1
drwxrwxr-x   3 travis travis 20480 Apr 30 04:12 Sinewave2
drwxrwxr-x   3 travis travis 69632 Apr 30 04:13 StringCompare
drwxrwxr-x   3 travis travis 32768 Apr 30 04:13 StringFunction
drwxrwxr-x   3 travis travis 12288 Apr 30 04:13 StringLength
drwxrwxr-x   3 travis travis 57344 Apr 30 04:13 StringSimpleReplace
drwxrwxr-x   3 travis travis 12288 Apr 30 04:14 time2
drwxrwxr-x   3 travis travis 12288 Apr 30 04:14 time5
-rw-rw-r--   1 travis travis   432 Apr 30 04:15 Token.class
-rw-rw-r--   1 travis travis   251 Apr 30 04:14 Token.java
-rw-rw-r--   1 travis travis     0 Apr 30 04:14 top.
-rw-rw-r--   1 travis travis 20502 Apr 30 04:10 top.c
-rw-rw-r--   1 travis travis  3567 Apr 30 04:14 top.class
-rw-rw-r--   1 travis travis   169 Apr 30 04:09 top.html
-rw-rw-r--   1 travis travis  7552 Apr 30 04:14 top.java
-rw-rw-r--   1 travis travis 38888 Apr 30 04:10 top.o
drwxrwxr-x   3 travis travis 57344 Apr 30 04:12 UnaryMathFunction
All Done
Writing ModularCodeGenTest_A1.java in file:/home/travis/cg/ (9968 characters)
Reading "ptolemy/cg/kernel/generic/program/procedural/java/modular/makefile.in",
    writing "/home/travis/cg/ModularCodeGenTest_A1.mk"
Using ptolemy/cg/kernel/generic/program/procedural/java/modular/makefile.in
In "/home/travis/cg", about to execute:
    make -f ModularCodeGenTest_A1.mk
javac -classpath ".:.."    ModularCodeGenTest_A1.java
All Done
2115 ms. Memory: 142848K Free: 84127K (59%)
04/30/19 04:15:02
Failed: 0  Total Tests: 3  ((Passed: 3, Newly Passed: 0)  Known Failed: 0) /home/travis/build/icyphy/ptII/ptolemy/cg/lib/test
No auto/knownFailedTests/*.xml tests in /home/travis/build/icyphy/ptII/ptolemy/cg/lib/test
No auto/linux-amd64/*.xml tests in /home/travis/build/icyphy/ptII/ptolemy/cg/lib/test
AutoTests.java: About to close Vertx.
AutoTests.java: Vertx closed.

===========================================================================================
----------------- testing Tue Apr 30 04:15:03 UTC 2019 /home/travis/build/icyphy/ptII/ptolemy/cg/lib/test/auto/CompiledCompositeActor.xml
----------------- Instantiating /home/travis/build/icyphy/ptII/ptolemy/cg/lib/test/auto/CompiledCompositeActor.xml
CompiledCompositeActor: Building shared object: The sharedObjectFile has a modification time that is earlier than the modelFile modification time.
Writing CompiledCompositeActor_CompiledCompositeActor.java in file:/home/travis/cg/ (13466 characters)
Reading "ptolemy/cg/kernel/generic/program/procedural/java/makefile.in",
    writing "/home/travis/cg/CompiledCompositeActor_CompiledCompositeActor.mk"
Using ptolemy/cg/kernel/generic/program/procedural/java/makefile.in
In "/home/travis/cg", about to execute:
    make -f CompiledCompositeActor_CompiledCompositeActor.mk
javac -classpath ".:."    CompiledCompositeActor_CompiledCompositeActor.java
All Done
937 ms. Memory: 139776K Free: 80499K (58%)
----------------- Invoking toplevel() on ptolemy.moml.MoMLSimpleApplication@25b682d5
----------------- Done invoking toplevel() on ptolemy.moml.MoMLSimpleApplication@25b682d5
reloadAllAccessors: .CompiledCompositeActor

===========================================================================================
----------------- testing Tue Apr 30 04:15:04 UTC 2019 /home/travis/build/icyphy/ptII/ptolemy/cg/lib/test/auto/DECGClockRamp.xml
----------------- Instantiating /home/travis/build/icyphy/ptII/ptolemy/cg/lib/test/auto/DECGClockRamp.xml
12 ms. Memory: 140288K Free: 129828K (93%)
----------------- Invoking toplevel() on ptolemy.moml.MoMLSimpleApplication@26ccb8fe
----------------- Done invoking toplevel() on ptolemy.moml.MoMLSimpleApplication@26ccb8fe
reloadAllAccessors: .DECGClockRamp

===========================================================================================
----------------- testing Tue Apr 30 04:15:04 UTC 2019 /home/travis/build/icyphy/ptII/ptolemy/cg/lib/test/auto/DECGDelay.xml
----------------- Instantiating /home/travis/build/icyphy/ptII/ptolemy/cg/lib/test/auto/DECGDelay.xml
23 ms. Memory: 140288K Free: 122306K (87%)
----------------- Invoking toplevel() on ptolemy.moml.MoMLSimpleApplication@672a865b
----------------- Done invoking toplevel() on ptolemy.moml.MoMLSimpleApplication@672a865b
reloadAllAccessors: .DECGDelay

===========================================================================================
----------------- testing Tue Apr 30 04:15:04 UTC 2019 /home/travis/build/icyphy/ptII/ptolemy/cg/lib/test/auto/DECGHelloWorld.xml
----------------- Instantiating /home/travis/build/icyphy/ptII/ptolemy/cg/lib/test/auto/DECGHelloWorld.xml
8 ms. Memory: 140288K Free: 118218K (84%)
----------------- Invoking toplevel() on ptolemy.moml.MoMLSimpleApplication@54bafa79
----------------- Done invoking toplevel() on ptolemy.moml.MoMLSimpleApplication@54bafa79
reloadAllAccessors: .DECGHelloWorld

===========================================================================================
----------------- testing Tue Apr 30 04:15:04 UTC 2019 /home/travis/build/icyphy/ptII/ptolemy/cg/lib/test/auto/DECGHeterogeneous.xml
----------------- Instantiating /home/travis/build/icyphy/ptII/ptolemy/cg/lib/test/auto/DECGHeterogeneous.xml
27 ms. Memory: 140288K Free: 104347K (74%)
----------------- Invoking toplevel() on ptolemy.moml.MoMLSimpleApplication@53f4a86e
----------------- Done invoking toplevel() on ptolemy.moml.MoMLSimpleApplication@53f4a86e
reloadAllAccessors: .DECGHeterogeneous

===========================================================================================
----------------- testing Tue Apr 30 04:15:04 UTC 2019 /home/travis/build/icyphy/ptII/ptolemy/cg/lib/test/auto/DECGHeterogeneousMk2.xml
----------------- Instantiating /home/travis/build/icyphy/ptII/ptolemy/cg/lib/test/auto/DECGHeterogeneousMk2.xml
54 ms. Memory: 140288K Free: 89242K (64%)
----------------- Invoking toplevel() on ptolemy.moml.MoMLSimpleApplication@6cfbdcfc
----------------- Done invoking toplevel() on ptolemy.moml.MoMLSimpleApplication@6cfbdcfc
reloadAllAccessors: .DECGHeterogeneousMk2

===========================================================================================
----------------- testing Tue Apr 30 04:15:04 UTC 2019 /home/travis/build/icyphy/ptII/ptolemy/cg/lib/test/auto/DECGMath.xml
----------------- Instantiating /home/travis/build/icyphy/ptII/ptolemy/cg/lib/test/auto/DECGMath.xml
15 ms. Memory: 140288K Free: 81606K (58%)
----------------- Invoking toplevel() on ptolemy.moml.MoMLSimpleApplication@26910f4f
----------------- Done invoking toplevel() on ptolemy.moml.MoMLSimpleApplication@26910f4f
reloadAllAccessors: .DECGMath

===========================================================================================
----------------- testing Tue Apr 30 04:15:04 UTC 2019 /home/travis/build/icyphy/ptII/ptolemy/cg/lib/test/auto/DECGPi.xml
----------------- Instantiating /home/travis/build/icyphy/ptII/ptolemy/cg/lib/test/auto/DECGPi.xml
76 ms. Memory: 137216K Free: 122305K (89%)
----------------- Invoking toplevel() on ptolemy.moml.MoMLSimpleApplication@67b32af4
----------------- Done invoking toplevel() on ptolemy.moml.MoMLSimpleApplication@67b32af4
reloadAllAccessors: .DECGPi

===========================================================================================
----------------- testing Tue Apr 30 04:15:05 UTC 2019 /home/travis/build/icyphy/ptII/ptolemy/cg/lib/test/auto/DECGPiSquare.xml
----------------- Instantiating /home/travis/build/icyphy/ptII/ptolemy/cg/lib/test/auto/DECGPiSquare.xml
187 ms. Memory: 137216K Free: 108094K (79%)
----------------- Invoking toplevel() on ptolemy.moml.MoMLSimpleApplication@1b9d10d9
----------------- Done invoking toplevel() on ptolemy.moml.MoMLSimpleApplication@1b9d10d9
reloadAllAccessors: .DECGPiSquare

===========================================================================================
----------------- testing Tue Apr 30 04:15:05 UTC 2019 /home/travis/build/icyphy/ptII/ptolemy/cg/lib/test/auto/DECGPoisson.xml
----------------- Instantiating /home/travis/build/icyphy/ptII/ptolemy/cg/lib/test/auto/DECGPoisson.xml
8 ms. Memory: 137216K Free: 103796K (76%)
----------------- Invoking toplevel() on ptolemy.moml.MoMLSimpleApplication@20590cd8
----------------- Done invoking toplevel() on ptolemy.moml.MoMLSimpleApplication@20590cd8
reloadAllAccessors: .DECGPoisson

===========================================================================================
----------------- testing Tue Apr 30 04:15:05 UTC 2019 /home/travis/build/icyphy/ptII/ptolemy/cg/lib/test/auto/JavaCompiledCompositeActor5.xml
----------------- Instantiating /home/travis/build/icyphy/ptII/ptolemy/cg/lib/test/auto/JavaCompiledCompositeActor5.xml
CompiledCompositeActor: Building shared object: No effigy.  This can happen when CodeGenerator.generateCode() is called from within the test suite.  The code will be recompiled.
Writing CompiledCompositeActor_CompiledCompositeActor.java in file:/home/travis/cg/ (13466 characters)
Reading "ptolemy/cg/kernel/generic/program/procedural/java/makefile.in",
    writing "/home/travis/cg/CompiledCompositeActor_CompiledCompositeActor.mk"
Using ptolemy/cg/kernel/generic/program/procedural/java/makefile.in
In "/home/travis/cg", about to execute:
    make -f CompiledCompositeActor_CompiledCompositeActor.mk
javac -classpath ".:."    CompiledCompositeActor_CompiledCompositeActor.java
All Done
996 ms. Memory: 137728K Free: 121462K (88%)
----------------- Invoking toplevel() on ptolemy.moml.MoMLSimpleApplication@157d9942
----------------- Done invoking toplevel() on ptolemy.moml.MoMLSimpleApplication@157d9942
reloadAllAccessors: .CompiledCompositeActor

===========================================================================================
----------------- testing Tue Apr 30 04:15:06 UTC 2019 /home/travis/build/icyphy/ptII/ptolemy/cg/lib/test/auto/JavaCompiledCompositeTest1.xml
----------------- Instantiating /home/travis/build/icyphy/ptII/ptolemy/cg/lib/test/auto/JavaCompiledCompositeTest1.xml
CompiledCompositeActor: Building shared object: The sharedObjectFile has a modification time that is earlier than the modelFile modification time.
Writing JavaCompiledCompositeTest1_CompiledCompositeActor.java in file:/home/travis/cg/ (11637 characters)
Reading "ptolemy/cg/kernel/generic/program/procedural/java/makefile.in",
    writing "/home/travis/cg/JavaCompiledCompositeTest1_CompiledCompositeActor.mk"
Using ptolemy/cg/kernel/generic/program/procedural/java/makefile.in
In "/home/travis/cg", about to execute:
    make -f JavaCompiledCompositeTest1_CompiledCompositeActor.mk
javac -classpath ".:."    JavaCompiledCompositeTest1_CompiledCompositeActor.java
All Done
901 ms. Memory: 137728K Free: 93702K (68%)
----------------- Invoking toplevel() on ptolemy.moml.MoMLSimpleApplication@4129d4fe
----------------- Done invoking toplevel() on ptolemy.moml.MoMLSimpleApplication@4129d4fe
reloadAllAccessors: .JavaCompiledCompositeTest1

===========================================================================================
----------------- testing Tue Apr 30 04:15:07 UTC 2019 /home/travis/build/icyphy/ptII/ptolemy/cg/lib/test/auto/JavaCompiledCompositeTest2.xml
----------------- Instantiating /home/travis/build/icyphy/ptII/ptolemy/cg/lib/test/auto/JavaCompiledCompositeTest2.xml
CompiledCompositeActor: Building shared object: The sharedObjectFile has a modification time that is earlier than the modelFile modification time.
Writing JavaCompiledCompositeTest2_CompiledCompositeActor.java in file:/home/travis/cg/ (14919 characters)
Reading "ptolemy/cg/kernel/generic/program/procedural/java/makefile.in",
    writing "/home/travis/cg/JavaCompiledCompositeTest2_CompiledCompositeActor.mk"
Using ptolemy/cg/kernel/generic/program/procedural/java/makefile.in
In "/home/travis/cg", about to execute:
    make -f JavaCompiledCompositeTest2_CompiledCompositeActor.mk
javac -classpath ".:."    JavaCompiledCompositeTest2_CompiledCompositeActor.java
All Done
876 ms. Memory: 133120K Free: 98714K (74%)
----------------- Invoking toplevel() on ptolemy.moml.MoMLSimpleApplication@50c1182f
----------------- Done invoking toplevel() on ptolemy.moml.MoMLSimpleApplication@50c1182f
reloadAllAccessors: .JavaCompiledCompositeTest2

===========================================================================================
----------------- testing Tue Apr 30 04:15:08 UTC 2019 /home/travis/build/icyphy/ptII/ptolemy/cg/lib/test/auto/JavaCompiledCompositeTest3.xml
----------------- Instantiating /home/travis/build/icyphy/ptII/ptolemy/cg/lib/test/auto/JavaCompiledCompositeTest3.xml
CompiledCompositeActor: Building shared object: The sharedObjectFile has a modification time that is earlier than the modelFile modification time.
Writing JavaCompiledCompositeTest3_CompiledCompositeActor.java in file:/home/travis/cg/ (13080 characters)
Reading "ptolemy/cg/kernel/generic/program/procedural/java/makefile.in",
    writing "/home/travis/cg/JavaCompiledCompositeTest3_CompiledCompositeActor.mk"
Using ptolemy/cg/kernel/generic/program/procedural/java/makefile.in
In "/home/travis/cg", about to execute:
    make -f JavaCompiledCompositeTest3_CompiledCompositeActor.mk
javac -classpath ".:."    JavaCompiledCompositeTest3_CompiledCompositeActor.java
All Done
954 ms. Memory: 134144K Free: 117085K (87%)
----------------- Invoking toplevel() on ptolemy.moml.MoMLSimpleApplication@7a0ed514
----------------- Done invoking toplevel() on ptolemy.moml.MoMLSimpleApplication@7a0ed514
reloadAllAccessors: .JavaCompiledCompositeTest3

===========================================================================================
----------------- testing Tue Apr 30 04:15:09 UTC 2019 /home/travis/build/icyphy/ptII/ptolemy/cg/lib/test/auto/JavaCompiledCompositeTest4.xml
----------------- Instantiating /home/travis/build/icyphy/ptII/ptolemy/cg/lib/test/auto/JavaCompiledCompositeTest4.xml
CompiledCompositeActor: Building shared object: The sharedObjectFile has a modification time that is earlier than the modelFile modification time.
Writing JavaCompiledCompositeTest4_CompiledCompositeActor.java in file:/home/travis/cg/ (9687 characters)
Reading "ptolemy/cg/kernel/generic/program/procedural/java/makefile.in",
    writing "/home/travis/cg/JavaCompiledCompositeTest4_CompiledCompositeActor.mk"
Using ptolemy/cg/kernel/generic/program/procedural/java/makefile.in
In "/home/travis/cg", about to execute:
    make -f JavaCompiledCompositeTest4_CompiledCompositeActor.mk
javac -classpath ".:."    JavaCompiledCompositeTest4_CompiledCompositeActor.java
All Done
834 ms. Memory: 134144K Free: 93675K (70%)
----------------- Invoking toplevel() on ptolemy.moml.MoMLSimpleApplication@60624560
----------------- Done invoking toplevel() on ptolemy.moml.MoMLSimpleApplication@60624560
reloadAllAccessors: .JavaCompiledCompositeTest4

===========================================================================================
----------------- testing Tue Apr 30 04:15:10 UTC 2019 /home/travis/build/icyphy/ptII/ptolemy/cg/lib/test/auto/ModularCG.xml
----------------- Instantiating /home/travis/build/icyphy/ptII/ptolemy/cg/lib/test/auto/ModularCG.xml
In "/home/travis/cg", about to execute:
    pwd
In "/home/travis/cg", about to execute:
    ls -l
/home/travis/cg
In "/home/travis/cg", about to execute:
    javac -classpath
.:/home/travis/build/icyphy/ptII:/home/travis/build/icyphy/ptII/lib/bsh-2.0b4.j
ar:/home/travis/build/icyphy/ptII/lib/ptCal.jar:/home/travis/build/icyphy/ptII/
lib/java_cup.jar:/home/travis/build/icyphy/ptII/lib/saxon8.jar:/home/travis/bui
ld/icyphy/ptII/lib/saxon8-dom.jar:/home/travis/build/icyphy/ptII/lib/chic.jar:/
home/travis/build/icyphy/ptII/lib/ptcolt.jar:/usr/lib/jvm/java-8-oracle/lib/too
ls.jar:/home/travis/build/icyphy/ptII/vendors/misc/itext/iText.jar:/home/travis
/build/icyphy/ptII/lib/g4ltl.jar:/home/travis/build/icyphy/ptII/lib/StructuralC
oder.jar:/home/travis/build/icyphy/ptII/vendors/jai-1_1_2_01/lib/jai_core.jar:/
home/travis/build/icyphy/ptII/vendors/jai-1_1_2_01/lib/jai_codec.jar:/home/trav
is/build/icyphy/ptII/lib/jcerti.jar:/home/travis/build/icyphy/ptII/lib/javax.ma
il.jar:/home/travis/build/icyphy/ptII/vendors/JMF-2.1.1e/lib/jmf.jar:/home/trav
is/build/icyphy/ptII/lib/jna-4.0.0-variadic.jar:/home/travis/build/icyphy/ptII/
vendors/misc/joystick/Joystick.jar:/home/travis/build/icyphy/ptII/lib/ptjacl.ja
r:/home/travis/build/icyphy/ptII/lib/jsoup-1.8.2.jar:/home/travis/build/icyphy/
ptII/lib/junit-4.8.2.jar:/home/travis/build/icyphy/ptII/lib/JUnitParams-0.4.0.j
ar:/home/travis/build/icyphy/ptII/ptolemy/actor/lib/excel/jxl.jar:/home/travis/
build/icyphy/ptII/lib/jython.jar:/home/travis/build/icyphy/ptII/lib/kieler.jar:
/home/travis/build/icyphy/ptII/vendors/opencv/share/OpenCV/java/opencv-341.jar:
/home/travis/build/icyphy/ptII/lib/oscP5.jar:/home/travis/build/icyphy/ptII/lib
/nrjavaserial-3.11.0.devel.jar:/home/travis/build/icyphy/ptII/vendors/j3d/lib/j
3dcore.jar:/home/travis/build/icyphy/ptII/vendors/j3d/lib/j3dutils.jar:/home/tr
avis/build/icyphy/ptII/vendors/j3d/lib/vecmath.jar:/home/travis/build/icyphy/pt
II/ptolemy/distributed/jini/jar/jini-core.jar:/home/travis/build/icyphy/ptII/pt
olemy/distributed/jini/jar/jini-ext.jar:/home/travis/build/icyphy/ptII/ptolemy/
distributed/jini/jar/sun-util.jar:/home/travis/build/icyphy/ptII/lib/protobuf-j
ava-2.4.1.jar:/home/travis/build/icyphy/ptII/lib/org.eclipse.paho.client.mqttv3
.jar:/home/travis/build/icyphy/ptII/lib/mapss.jar:/home/travis/build/icyphy/ptI
I/ptolemy/actor/ptalon/antlr/antlr.jar:/home/travis/build/icyphy/ptII/lib/JRI.j
ar:/home/travis/build/icyphy/ptII/lib/commons-lang-2.6.jar:/home/travis/build/i
cyphy/ptII/lib/commons-logging-1.1.1.jar:/home/travis/build/icyphy/ptII/lib/soo
tclasses.jar:/home/travis/build/icyphy/ptII/ptolemy/actor/lib/database/mysql-co
nnector-java-5.1.6-bin.jar:/home/travis/build/icyphy/ptII/vendors/misc/sphinx4/
sphinx4-data-5prealpha.jar:/home/travis/build/icyphy/ptII/vendors/misc/sphinx4/
sphinx4-core-5prealpha.jar:/home/travis/build/icyphy/ptII/lib/PDFRenderer.jar:/
home/travis/build/icyphy/ptII/lib/svgSalamander.jar:/home/travis/build/icyphy/p
tII/lib/rsyntaxtextarea-2.6.0-SNAPSHOT.jar:/home/travis/build/icyphy/ptII/lib/h
azelcast-3.8.2.jar:/home/travis/build/icyphy/ptII/lib/jackson-annotations-2.9.0
.jar:/home/travis/build/icyphy/ptII/lib/jackson-core-2.9.3.jar:/home/travis/bui
ld/icyphy/ptII/lib/jackson-databind-2.9.3.jar:/home/travis/build/icyphy/ptII/li
b/netty-buffer-4.1.19.Final.jar:/home/travis/build/icyphy/ptII/lib/netty-codec-
4.1.19.Final.jar:/home/travis/build/icyphy/ptII/lib/netty-codec-dns-4.1.19.Fina
l.jar:/home/travis/build/icyphy/ptII/lib/netty-codec-http-4.1.19.Final.jar:/hom
e/travis/build/icyphy/ptII/lib/netty-codec-http2-4.1.19.Final.jar:/home/travis/
build/icyphy/ptII/lib/netty-common-4.1.19.Final.jar:/home/travis/build/icyphy/p
tII/lib/netty-handler-4.1.19.Final.jar:/home/travis/build/icyphy/ptII/lib/netty
-resolver-4.1.19.Final.jar:/home/travis/build/icyphy/ptII/lib/netty-resolver-dn
s-4.1.19.Final.jar:/home/travis/build/icyphy/ptII/lib/netty-transport-4.1.19.Fi
nal.jar:/home/travis/build/icyphy/ptII/lib/vertx-codegen-3.5.1.jar:/home/travis
/build/icyphy/ptII/lib/vertx-core-3.5.2-SNAPSHOT.jar:/home/travis/build/icyphy/
ptII/lib/vertx-hazelcast-3.5.1.jar:/home/travis/build/icyphy/ptII/lib/vertx-lan
g-js-3.5.1.jar:/home/travis/build/icyphy/ptII/lib/vertx-service-proxy-3.5.1.jar
:/home/travis/build/icyphy/ptII/lib/vertx-web-3.5.1.jar:/home/travis/build/icyp
hy/ptII/lib/slf4j-api-1.7.13.jar:/home/travis/build/icyphy/ptII/lib/slf4j-simpl
e-1.7.13.jar:/home/travis/build/icyphy/ptII/lib/webcam-capture-0.3.12.jar:/home
/travis/build/icyphy/ptII/lib/bridj-0.7.0.jar:/home/travis/build/icyphy/ptII/li
b/xbjlib-1.1.0.nrjavaserial.jar:/home/travis/build/icyphy/ptII/ptolemy/moml/tes
t:/home/travis/build/icyphy/ptII/ant/lib/ant-launcher.jar:/home/travis/build/ic
yphy/ptII/ant/lib/ant.jar:/home/travis/build/icyphy/ptII/ant/lib/ant-junit.jar:
/home/travis/build/icyphy/ptII/ant/lib/ant-junit4.jar:/home/travis/build/icyphy
/ptII ModularCG_A1_B1_profile.java
total 1032
drwxrwxr-x   3 travis travis 12288 Apr 30 04:11 AbsoluteValue
drwxrwxr-x   3 travis travis 16384 Apr 30 04:10 Case1
drwxrwxr-x   3 travis travis 32768 Apr 30 04:10 Case2
-rw-rw-r--   1 travis travis  4895 Apr 30 04:15 CompiledCompositeActor_CompiledCompositeActor.class
-rw-rw-r--   1 travis travis  1592 Apr 30 04:15 CompiledCompositeActor_CompiledCompositeActor$_CompiledCompositeActor_CompiledCompositeActor.class
-rw-rw-r--   1 travis travis 13466 Apr 30 04:15 CompiledCompositeActor_CompiledCompositeActor.java
-rw-rw-r--   1 travis travis  1593 Apr 30 04:15 CompiledCompositeActor_CompiledCompositeActor.mk
drwxrwxr-x   3 travis travis 24576 Apr 30 04:12 DeScrambler
drwxrwxr-x   3 travis travis 16384 Apr 30 04:14 DotProduct
drwxrwxr-x   3 travis travis 12288 Apr 30 04:11 FileWriter1
drwxrwxr-x   3 travis travis 20480 Apr 30 04:10 FixToDoubleAndBack
drwxrwxr-x   3 travis travis 16384 Apr 30 04:11 Gaussian1
drwxrwxr-x   3 travis travis 20480 Apr 30 04:11 Gaussian2
-rw-rw-r--   1 travis travis  4457 Apr 30 04:15 JavaCompiledCompositeTest1_CompiledCompositeActor.class
-rw-rw-r--   1 travis travis 11637 Apr 30 04:15 JavaCompiledCompositeTest1_CompiledCompositeActor.java
-rw-rw-r--   1 travis travis  1198 Apr 30 04:15 JavaCompiledCompositeTest1_CompiledCompositeActor$_JavaCompiledCompositeTest1_CompiledCompositeActor.class
-rw-rw-r--   1 travis travis  1625 Apr 30 04:15 JavaCompiledCompositeTest1_CompiledCompositeActor.mk
-rw-rw-r--   1 travis travis  4888 Apr 30 04:15 JavaCompiledCompositeTest2_CompiledCompositeActor.class
-rw-rw-r--   1 travis travis 14919 Apr 30 04:15 JavaCompiledCompositeTest2_CompiledCompositeActor.java
-rw-rw-r--   1 travis travis  1793 Apr 30 04:15 JavaCompiledCompositeTest2_CompiledCompositeActor$_JavaCompiledCompositeTest2_CompiledCompositeActor.class
-rw-rw-r--   1 travis travis  1625 Apr 30 04:15 JavaCompiledCompositeTest2_CompiledCompositeActor.mk
-rw-rw-r--   1 travis travis  4505 Apr 30 04:15 JavaCompiledCompositeTest3_CompiledCompositeActor.class
-rw-rw-r--   1 travis travis 13080 Apr 30 04:15 JavaCompiledCompositeTest3_CompiledCompositeActor.java
-rw-rw-r--   1 travis travis  1378 Apr 30 04:15 JavaCompiledCompositeTest3_CompiledCompositeActor$_JavaCompiledCompositeTest3_CompiledCompositeActor.class
-rw-rw-r--   1 travis travis  1625 Apr 30 04:15 JavaCompiledCompositeTest3_CompiledCompositeActor.mk
-rw-rw-r--   1 travis travis  3953 Apr 30 04:15 JavaCompiledCompositeTest4_CompiledCompositeActor.class
-rw-rw-r--   1 travis travis  9687 Apr 30 04:15 JavaCompiledCompositeTest4_CompiledCompositeActor.java
-rw-rw-r--   1 travis travis   857 Apr 30 04:15 JavaCompiledCompositeTest4_CompiledCompositeActor$_JavaCompiledCompositeTest4_CompiledCompositeActor.class
-rw-rw-r--   1 travis travis  1625 Apr 30 04:15 JavaCompiledCompositeTest4_CompiledCompositeActor.mk
drwxrwxr-x   3 travis travis 12288 Apr 30 04:11 LookupTable
drwxrwxr-x   3 travis travis 20480 Apr 30 04:11 MaxIndex
-rw-rw-r--   1 travis travis  1262 Apr 30 04:15 ModularCG_A1_B1_profile.java
-rw-rw-r--   1 travis travis  3492 Apr 30 04:15 ModularCodeGenTest_A1_A2.class
-rw-rw-r--   1 travis travis   904 Apr 30 04:14 ModularCodeGenTest_A1_A2.mk
-rw-rw-r--   1 travis travis  1306 Apr 30 04:14 ModularCodeGenTest_A1_A2_profile.class
-rw-rw-r--   1 travis travis  3823 Apr 30 04:15 ModularCodeGenTest_A1.class
-rw-rw-r--   1 travis travis  9968 Apr 30 04:15 ModularCodeGenTest_A1.java
-rw-rw-r--   1 travis travis   880 Apr 30 04:15 ModularCodeGenTest_A1.mk
-rw-rw-r--   1 travis travis  1352 Apr 30 04:15 ModularCodeGenTest_A1_profile.class
-rw-rw-r--   1 travis travis  1394 Apr 30 04:15 ModularCodeGenTest_A1_profile.java
drwxrwxr-x   3 travis travis 36864 Apr 30 04:14 modulation2
drwxrwxr-x   3 travis travis 20480 Apr 30 04:11 Multiplexor
drwxrwxr-x 242 travis travis 12288 Apr 30 04:14 node_modules
drwxrwxr-x   3 travis travis 20480 Apr 30 04:12 PhaseUnwrap
-rw-rw-r--   1 travis travis   520 Apr 30 04:14 Repeat$_fireFunction_Repeat_Repeat$__f_sL_0.class
-rw-rw-r--   1 travis travis   522 Apr 30 04:14 Repeat$_fireFunction_Repeat_Repeat$__f_sL_10.class
-rw-rw-r--   1 travis travis   666 Apr 30 04:14 Repeat$_fireFunction_Repeat_Repeat$__f_sL_11.class
-rw-rw-r--   1 travis travis   522 Apr 30 04:14 Repeat$_fireFunction_Repeat_Repeat$__f_sL_13.class
-rw-rw-r--   1 travis travis   665 Apr 30 04:14 Repeat$_fireFunction_Repeat_Repeat$__f_sL_1.class
-rw-rw-r--   1 travis travis   520 Apr 30 04:14 Repeat$_fireFunction_Repeat_Repeat$__f_sL_2.class
-rw-rw-r--   1 travis travis   520 Apr 30 04:14 Repeat$_fireFunction_Repeat_Repeat$__f_sL_3.class
-rw-rw-r--   1 travis travis   520 Apr 30 04:14 Repeat$_fireFunction_Repeat_Repeat$__f_sL_5.class
-rw-rw-r--   1 travis travis   671 Apr 30 04:14 Repeat$_fireFunction_Repeat_Repeat$__f_sL_7.class
-rw-rw-r--   1 travis travis   520 Apr 30 04:14 Repeat$_fireFunction_Repeat_Repeat$__f_sL_9.class
-rw-rw-r--   1 travis travis   813 Apr 30 04:14 Repeat$_initialize_Repeat.class
-rw-rw-r--   1 travis travis   475 Apr 30 04:14 Repeat$_initialize_Repeat$__i_sL_0.class
-rw-rw-r--   1 travis travis   519 Apr 30 04:14 Repeat$_initialize_Repeat$__i_sL_3.class
-rw-rw-r--   1 travis travis 39778 Apr 30 04:14 Repeat.java
-rw-rw-r--   1 travis travis  1281 Apr 30 04:14 Repeat.mk
-rw-rw-r--   1 travis travis   520 Apr 30 04:14 Repeat$_preinitializeMethod_Repeat$__p_sL_0.class
-rw-rw-r--   1 travis travis   520 Apr 30 04:14 Repeat$_preinitializeMethod_Repeat$__p_sL_1.class
-rw-rw-r--   1 travis travis  1083 Apr 30 04:14 Repeat$_Repeat$_fireFunction_Repeat_AddSubtract_Repeat.class
-rw-rw-r--   1 travis travis   791 Apr 30 04:14 Repeat$_Repeat$_fireFunction_Repeat_AddSubtract_Repeat$__f_sL_0.class
-rw-rw-r--   1 travis travis   909 Apr 30 04:14 Repeat$_Repeat$_fireFunction_Repeat_AddSubtract_Repeat$__f_sL_1.class
-rw-rw-r--   1 travis travis   915 Apr 30 04:14 Repeat$_Repeat$_fireFunction_Repeat_AddSubtract_Repeat$__f_sL_2.class
-rw-rw-r--   1 travis travis   838 Apr 30 04:14 Repeat$_Repeat$_fireFunction_Repeat_Ramp2_Repeat$__f_sL_1.class
-rw-rw-r--   1 travis travis  1785 Apr 30 04:14 Repeat$_Repeat$_fireFunction_Repeat_Test_Repeat$__f_sL_2.class
-rw-rw-r--   1 travis travis   685 Apr 30 04:14 Repeat$_Repeat_SDF_Director_run_Repeat$__R_sL_0.class
-rw-rw-r--   1 travis travis   540 Apr 30 04:14 Repeat$_Repeat_SDF_Director_run_Repeat$__R_sL_1.class
-rw-rw-r--   1 travis travis   540 Apr 30 04:14 Repeat$_Repeat_SDF_Director_run_Repeat$__R_sL_2.class
-rw-rw-r--   1 travis travis   540 Apr 30 04:14 Repeat$_Repeat_SDF_Director_run_Repeat$__R_sL_4.class
-rw-rw-r--   1 travis travis   540 Apr 30 04:14 Repeat$_Repeat_SDF_Director_run_Repeat$__R_sL_5.class
-rw-rw-r--   1 travis travis   691 Apr 30 04:14 Repeat$_Repeat_SDF_Director_run_Repeat$__R_sL_6.class
-rw-rw-r--   1 travis travis   540 Apr 30 04:14 Repeat$_Repeat_SDF_Director_run_Repeat$__R_sL_7.class
-rw-rw-r--   1 travis travis   863 Apr 30 04:14 Repeat$_varinit_Repeat.class
-rw-rw-r--   1 travis travis   530 Apr 30 04:14 Repeat$_varinit_Repeat$__v_sL_1.class
-rw-rw-r--   1 travis travis   531 Apr 30 04:14 Repeat$_varinit_Repeat$__v_sL_2.class
-rw-rw-r--   1 travis travis   905 Apr 30 04:14 Repeat$_varinit_Repeat$__v_sL_4.class
-rw-rw-r--   1 travis travis   635 Apr 30 04:14 Repeat$_wrapup_Repeat.class
-rw-rw-r--   1 travis travis   965 Apr 30 04:14 Repeat$_wrapup_Repeat$__w_sL_1.class
-rw-rw-r--   1 travis travis   289 Apr 30 04:10 result.csv
drwxrwxr-x   3 travis travis 12288 Apr 30 04:13 Scrambler1
drwxrwxr-x   3 travis travis 20480 Apr 30 04:12 Sinewave2
drwxrwxr-x   3 travis travis 69632 Apr 30 04:13 StringCompare
drwxrwxr-x   3 travis travis 32768 Apr 30 04:13 StringFunction
drwxrwxr-x   3 travis travis 12288 Apr 30 04:13 StringLength
drwxrwxr-x   3 travis travis 57344 Apr 30 04:13 StringSimpleReplace
drwxrwxr-x   3 travis travis 12288 Apr 30 04:14 time2
drwxrwxr-x   3 travis travis 12288 Apr 30 04:14 time5
-rw-rw-r--   1 travis travis   432 Apr 30 04:15 Token.class
-rw-rw-r--   1 travis travis   251 Apr 30 04:15 Token.java
-rw-rw-r--   1 travis travis     0 Apr 30 04:14 top.
-rw-rw-r--   1 travis travis 20502 Apr 30 04:10 top.c
-rw-rw-r--   1 travis travis  3567 Apr 30 04:14 top.class
-rw-rw-r--   1 travis travis   169 Apr 30 04:09 top.html
-rw-rw-r--   1 travis travis  7552 Apr 30 04:14 top.java
-rw-rw-r--   1 travis travis 38888 Apr 30 04:10 top.o
drwxrwxr-x   3 travis travis 57344 Apr 30 04:12 UnaryMathFunction
All Done
Writing ModularCG_A1_B1.java in file:/home/travis/cg/ (9730 characters)
Reading "ptolemy/cg/kernel/generic/program/procedural/java/modular/makefile.in",
    writing "/home/travis/cg/ModularCG_A1_B1.mk"
Using ptolemy/cg/kernel/generic/program/procedural/java/modular/makefile.in
In "/home/travis/cg", about to execute:
    make -f ModularCG_A1_B1.mk
javac -classpath ".:.."    ModularCG_A1_B1.java
All Done
In "/home/travis/cg", about to execute:
    pwd
In "/home/travis/cg", about to execute:
    ls -l
/home/travis/cg
total 1060
drwxrwxr-x   3 travis travis 12288 Apr 30 04:11 AbsoluteValue
drwxrwxr-x   3 travis travis 16384 Apr 30 04:10 Case1
[...]
-rw-rw-r--   1 travis travis  3741 Apr 30 04:15 ModularCodeGen3_A1_B1.class
-rw-rw-r--   1 travis travis  9958 Apr 30 04:15 ModularCodeGen3_A1_B1.java
-rw-rw-r--   1 travis travis   880 Apr 30 04:15 ModularCodeGen3_A1_B1.mk
-rw-rw-r--   1 travis travis  1330 Apr 30 04:15 ModularCodeGen3_A1_B1_profile.class
-rw-rw-r--   1 travis travis  1274 Apr 30 04:15 ModularCodeGen3_A1_B1_profile.java
-rw-rw-r--   1 travis travis  3741 Apr 30 04:15 ModularCodeGen3_A1_B2.class
-rw-rw-r--   1 travis travis  9958 Apr 30 04:15 ModularCodeGen3_A1_B2.java
-rw-rw-r--   1 travis travis   880 Apr 30 04:15 ModularCodeGen3_A1_B2.mk
-rw-rw-r--   1 travis travis  1330 Apr 30 04:15 ModularCodeGen3_A1_B2_profile.class
-rw-rw-r--   1 travis travis  1274 Apr 30 04:15 ModularCodeGen3_A1_B2_profile.java
-rw-rw-r--   1 travis travis  4961 Apr 30 04:15 ModularCodeGen3_A1.class
-rw-rw-r--   1 travis travis 15564 Apr 30 04:15 ModularCodeGen3_A1.java
-rw-rw-r--   1 travis travis   856 Apr 30 04:15 ModularCodeGen3_A1.mk
-rw-rw-r--   1 travis travis  1445 Apr 30 04:15 ModularCodeGen3_A1_profile.class
-rw-rw-r--   1 travis travis  1716 Apr 30 04:15 ModularCodeGen3_A1_profile.java
-rw-rw-r--   1 travis travis  3887 Apr 30 04:15 ModularCodeGen3_A2_B1.class
-rw-rw-r--   1 travis travis 10955 Apr 30 04:15 ModularCodeGen3_A2_B1.java
-rw-rw-r--   1 travis travis   880 Apr 30 04:15 ModularCodeGen3_A2_B1.mk
-rw-rw-r--   1 travis travis  1393 Apr 30 04:15 ModularCodeGen3_A2_B1_profile.class
-rw-rw-r--   1 travis travis  1458 Apr 30 04:15 ModularCodeGen3_A2_B1_profile.java
-rw-rw-r--   1 travis travis  3741 Apr 30 04:15 ModularCodeGen3_A2_B2.class
-rw-rw-r--   1 travis travis  9958 Apr 30 04:15 ModularCodeGen3_A2_B2.java
-rw-rw-r--   1 travis travis   880 Apr 30 04:15 ModularCodeGen3_A2_B2.mk
-rw-rw-r--   1 travis travis  1330 Apr 30 04:15 ModularCodeGen3_A2_B2_profile.class
-rw-rw-r--   1 travis travis  1274 Apr 30 04:15 ModularCodeGen3_A2_B2_profile.java
-rw-rw-r--   1 travis travis  5038 Apr 30 04:15 ModularCodeGen3_A2.class
-rw-rw-r--   1 travis travis 15957 Apr 30 04:15 ModularCodeGen3_A2.java
-rw-rw-r--   1 travis travis   856 Apr 30 04:15 ModularCodeGen3_A2.mk
-rw-rw-r--   1 travis travis  1445 Apr 30 04:15 ModularCodeGen3_A2_profile.class
-rw-rw-r--   1 travis travis  1716 Apr 30 04:15 ModularCodeGen3_A2_profile.java
-rw-rw-r--   1 travis travis  3794 Apr 30 04:15 ModularCodeGen4_A1_B1.class
-rw-rw-r--   1 travis travis 10312 Apr 30 04:15 ModularCodeGen4_A1_B1.java
-rw-rw-r--   1 travis travis   880 Apr 30 04:15 ModularCodeGen4_A1_B1.mk
-rw-rw-r--   1 travis travis  1330 Apr 30 04:15 ModularCodeGen4_A1_B1_profile.class
-rw-rw-r--   1 travis travis  1273 Apr 30 04:15 ModularCodeGen4_A1_B1_profile.java
-rw-rw-r--   1 travis travis  3794 Apr 30 04:15 ModularCodeGen4_A1_B2.class
-rw-rw-r--   1 travis travis 10312 Apr 30 04:15 ModularCodeGen4_A1_B2.java
-rw-rw-r--   1 travis travis   880 Apr 30 04:15 ModularCodeGen4_A1_B2.mk
-rw-rw-r--   1 travis travis  1330 Apr 30 04:15 ModularCodeGen4_A1_B2_profile.class
-rw-rw-r--   1 travis travis  1273 Apr 30 04:15 ModularCodeGen4_A1_B2_profile.java
-rw-rw-r--   1 travis travis  5101 Apr 30 04:15 ModularCodeGen4_A1.class
-rw-rw-r--   1 travis travis 16245 Apr 30 04:15 ModularCodeGen4_A1.java
-rw-rw-r--   1 travis travis   856 Apr 30 04:15 ModularCodeGen4_A1.mk
-rw-rw-r--   1 travis travis  1445 Apr 30 04:15 ModularCodeGen4_A1_profile.class
-rw-rw-r--   1 travis travis  1712 Apr 30 04:15 ModularCodeGen4_A1_profile.java
-rw-rw-r--   1 travis travis  3988 Apr 30 04:15 ModularCodeGen4_A2_B1.class
-rw-rw-r--   1 travis travis 11375 Apr 30 04:15 ModularCodeGen4_A2_B1.java
-rw-rw-r--   1 travis travis   880 Apr 30 04:15 ModularCodeGen4_A2_B1.mk
-rw-rw-r--   1 travis travis  1393 Apr 30 04:15 ModularCodeGen4_A2_B1_profile.class
-rw-rw-r--   1 travis travis  1454 Apr 30 04:15 ModularCodeGen4_A2_B1_profile.java
-rw-rw-r--   1 travis travis  3842 Apr 30 04:15 ModularCodeGen4_A2_B2.class
-rw-rw-r--   1 travis travis 10378 Apr 30 04:15 ModularCodeGen4_A2_B2.java
-rw-rw-r--   1 travis travis   880 Apr 30 04:15 ModularCodeGen4_A2_B2.mk
-rw-rw-r--   1 travis travis  1330 Apr 30 04:15 ModularCodeGen4_A2_B2_profile.class
-rw-rw-r--   1 travis travis  1270 Apr 30 04:15 ModularCodeGen4_A2_B2_profile.java
-rw-rw-r--   1 travis travis  5274 Apr 30 04:15 ModularCodeGen4_A2.class
-rw-rw-r--   1 travis travis 16770 Apr 30 04:15 ModularCodeGen4_A2.java
-rw-rw-r--   1 travis travis   856 Apr 30 04:15 ModularCodeGen4_A2.mk
-rw-rw-r--   1 travis travis  1445 Apr 30 04:15 ModularCodeGen4_A2_profile.class
-rw-rw-r--   1 travis travis  1712 Apr 30 04:15 ModularCodeGen4_A2_profile.java
-rw-rw-r--   1 travis travis  6838 Apr 30 04:16 ModularCodeGen5_A_A.class
-rw-rw-r--   1 travis travis 28721 Apr 30 04:16 ModularCodeGen5_A_A.java
-rw-rw-r--   1 travis travis   864 Apr 30 04:16 ModularCodeGen5_A_A.mk
-rw-rw-r--   1 travis travis  1520 Apr 30 04:16 ModularCodeGen5_A_A_profile.class
-rw-rw-r--   1 travis travis  1815 Apr 30 04:15 ModularCodeGen5_A_A_profile.java
-rw-rw-r--   1 travis travis  5115 Apr 30 04:16 ModularCodeGen5_A.class
-rw-rw-r--   1 travis travis 13769 Apr 30 04:16 ModularCodeGen5_A.java
-rw-rw-r--   1 travis travis   848 Apr 30 04:16 ModularCodeGen5_A.mk
-rw-rw-r--   1 travis travis  1422 Apr 30 04:16 ModularCodeGen5_A_profile.class
-rw-rw-r--   1 travis travis  1605 Apr 30 04:16 ModularCodeGen5_A_profile.java
-rw-rw-r--   1 travis travis  4125 Apr 30 04:16 ModularCodeGen6_A_A2.class
-rw-rw-r--   1 travis travis 11329 Apr 30 04:16 ModularCodeGen6_A_A2.java
-rw-rw-r--   1 travis travis   872 Apr 30 04:16 ModularCodeGen6_A_A2.mk
-rw-rw-r--   1 travis travis  1351 Apr 30 04:16 ModularCodeGen6_A_A2_profile.class
-rw-rw-r--   1 travis travis  1364 Apr 30 04:16 ModularCodeGen6_A_A2_profile.java
-rw-rw-r--   1 travis travis  4108 Apr 30 04:16 ModularCodeGen6_A_A.class
-rw-rw-r--   1 travis travis 11221 Apr 30 04:16 ModularCodeGen6_A_A.java
-rw-rw-r--   1 travis travis   864 Apr 30 04:16 ModularCodeGen6_A_A.mk
-rw-rw-r--   1 travis travis  1348 Apr 30 04:16 ModularCodeGen6_A_A_profile.class
-rw-rw-r--   1 travis travis  1361 Apr 30 04:16 ModularCodeGen6_A_A_profile.java
-rw-rw-r--   1 travis travis  7237 Apr 30 04:16 ModularCodeGen6_A.class
-rw-rw-r--   1 travis travis 26535 Apr 30 04:16 ModularCodeGen6_A.java
-rw-rw-r--   1 travis travis   848 Apr 30 04:16 ModularCodeGen6_A.mk
-rw-rw-r--   1 travis travis  1483 Apr 30 04:16 ModularCodeGen6_A_profile.class
-rw-rw-r--   1 travis travis  1810 Apr 30 04:16 ModularCodeGen6_A_profile.java
-rw-rw-r--   1 travis travis  9439 Apr 30 04:16 ModularCodeGenLazyPubSubGlobal_CompositeActor_ModularCodeGenTypedComposite.class
-rw-rw-r--   1 travis travis 30161 Apr 30 04:16 ModularCodeGenLazyPubSubGlobal_CompositeActor_ModularCodeGenTypedComposite.java
-rw-rw-r--   1 travis travis  1304 Apr 30 04:16 ModularCodeGenLazyPubSubGlobal_CompositeActor_ModularCodeGenTypedComposite.mk
-rw-rw-r--   1 travis travis  1438 Apr 30 04:16 ModularCodeGenLazyPubSubGlobal_CompositeActor_ModularCodeGenTypedComposite_profile.class
-rw-rw-r--   1 travis travis  1384 Apr 30 04:16 ModularCodeGenLazyPubSubGlobal_CompositeActor_ModularCodeGenTypedComposite_profile.java
-rw-rw-r--   1 travis travis  3952 Apr 30 04:16 ModularCodeGenLazyPubSub_LazyCompositeActor.class
-rw-rw-r--   1 travis travis 11122 Apr 30 04:16 ModularCodeGenLazyPubSub_LazyCompositeActor.java
-rw-rw-r--   1 travis travis  1056 Apr 30 04:16 ModularCodeGenLazyPubSub_LazyCompositeActor.mk
-rw-rw-r--   1 travis travis  1286 Apr 30 04:16 ModularCodeGenLazyPubSub_LazyCompositeActor_profile.class
-rw-rw-r--   1 travis travis  1091 Apr 30 04:16 ModularCodeGenLazyPubSub_LazyCompositeActor_profile.java
-rw-rw-r--   1 travis travis  3954 Apr 30 04:15 ModularCodeGen_ModularCodeGenTypedCompositeActor.class
-rw-rw-r--   1 travis travis 10970 Apr 30 04:15 ModularCodeGen_ModularCodeGenTypedCompositeActor.java
-rw-rw-r--   1 travis travis  1096 Apr 30 04:15 ModularCodeGen_ModularCodeGenTypedCompositeActor.mk
-rw-rw-r--   1 travis travis  1384 Apr 30 04:15 ModularCodeGen_ModularCodeGenTypedCompositeActor_profile.class
-rw-rw-r--   1 travis travis  1328 Apr 30 04:15 ModularCodeGen_ModularCodeGenTypedCompositeActor_profile.java
-rw-rw-r--   1 travis travis  3441 Apr 30 04:16 ModularCodeGenPubSub2_A1_A.class
-rw-rw-r--   1 travis travis  8578 Apr 30 04:16 ModularCodeGenPubSub2_A1_A.java
-rw-rw-r--   1 travis travis   920 Apr 30 04:16 ModularCodeGenPubSub2_A1_A.mk
-rw-rw-r--   1 travis travis  1274 Apr 30 04:16 ModularCodeGenPubSub2_A1_A_profile.class
-rw-rw-r--   1 travis travis  1128 Apr 30 04:16 ModularCodeGenPubSub2_A1_A_profile.java
-rw-rw-r--   1 travis travis  3733 Apr 30 04:16 ModularCodeGenPubSub2_A1.class
-rw-rw-r--   1 travis travis  9781 Apr 30 04:16 ModularCodeGenPubSub2_A1.java
-rw-rw-r--   1 travis travis   904 Apr 30 04:16 ModularCodeGenPubSub2_A1.mk
-rw-rw-r--   1 travis travis  1268 Apr 30 04:16 ModularCodeGenPubSub2_A1_profile.class
-rw-rw-r--   1 travis travis  1196 Apr 30 04:16 ModularCodeGenPubSub2_A1_profile.java
-rw-rw-r--   1 travis travis  3437 Apr 30 04:16 ModularCodeGenPubSub3_A1_A2.class
-rw-rw-r--   1 travis travis  8599 Apr 30 04:16 ModularCodeGenPubSub3_A1_A2.java
-rw-rw-r--   1 travis travis   928 Apr 30 04:16 ModularCodeGenPubSub3_A1_A2.mk
-rw-rw-r--   1 travis travis  1287 Apr 30 04:16 ModularCodeGenPubSub3_A1_A2_profile.class
-rw-rw-r--   1 travis travis  1132 Apr 30 04:16 ModularCodeGenPubSub3_A1_A2_profile.java
-rw-rw-r--   1 travis travis  3856 Apr 30 04:16 ModularCodeGenPubSub3_A1.class
-rw-rw-r--   1 travis travis 10100 Apr 30 04:16 ModularCodeGenPubSub3_A1.java
-rw-rw-r--   1 travis travis   904 Apr 30 04:16 ModularCodeGenPubSub3_A1.mk
-rw-rw-r--   1 travis travis  1358 Apr 30 04:16 ModularCodeGenPubSub3_A1_profile.class
-rw-rw-r--   1 travis travis  1400 Apr 30 04:16 ModularCodeGenPubSub3_A1_profile.java
-rw-rw-r--   1 travis travis  3441 Apr 30 04:16 ModularCodeGenPubSub4_A1_A.class
-rw-rw-r--   1 travis travis  8578 Apr 30 04:16 ModularCodeGenPubSub4_A1_A.java
-rw-rw-r--   1 travis travis   920 Apr 30 04:16 ModularCodeGenPubSub4_A1_A.mk
-rw-rw-r--   1 travis travis  1274 Apr 30 04:16 ModularCodeGenPubSub4_A1_A_profile.class
-rw-rw-r--   1 travis travis  1128 Apr 30 04:16 ModularCodeGenPubSub4_A1_A_profile.java
-rw-rw-r--   1 travis travis  3683 Apr 30 04:16 ModularCodeGenPubSub4_A1.class
-rw-rw-r--   1 travis travis  9231 Apr 30 04:16 ModularCodeGenPubSub4_A1.java
-rw-rw-r--   1 travis travis   904 Apr 30 04:16 ModularCodeGenPubSub4_A1.mk
-rw-rw-r--   1 travis travis  1247 Apr 30 04:16 ModularCodeGenPubSub4_A1_profile.class
-rw-rw-r--   1 travis travis  1137 Apr 30 04:16 ModularCodeGenPubSub4_A1_profile.java
-rw-rw-r--   1 travis travis  3475 Apr 30 04:16 ModularCodeGenPubSub_A1.class
-rw-rw-r--   1 travis travis  9060 Apr 30 04:16 ModularCodeGenPubSub_A1.java
-rw-rw-r--   1 travis travis   896 Apr 30 04:16 ModularCodeGenPubSub_A1.mk
-rw-rw-r--   1 travis travis  1278 Apr 30 04:16 ModularCodeGenPubSub_A1_profile.class
-rw-rw-r--   1 travis travis  1195 Apr 30 04:16 ModularCodeGenPubSub_A1_profile.java
-rw-rw-r--   1 travis travis  3492 Apr 30 04:15 ModularCodeGenTest_A1_A2.class
-rw-rw-r--   1 travis travis   904 Apr 30 04:14 ModularCodeGenTest_A1_A2.mk
-rw-rw-r--   1 travis travis  1306 Apr 30 04:14 ModularCodeGenTest_A1_A2_profile.class
-rw-rw-r--   1 travis travis  3823 Apr 30 04:15 ModularCodeGenTest_A1.class
-rw-rw-r--   1 travis travis  9968 Apr 30 04:15 ModularCodeGenTest_A1.java
-rw-rw-r--   1 travis travis   880 Apr 30 04:15 ModularCodeGenTest_A1.mk
-rw-rw-r--   1 travis travis  1352 Apr 30 04:15 ModularCodeGenTest_A1_profile.class
-rw-rw-r--   1 travis travis  1394 Apr 30 04:15 ModularCodeGenTest_A1_profile.java
drwxrwxr-x   3 travis travis 36864 Apr 30 04:14 modulation2
drwxrwxr-x   3 travis travis 20480 Apr 30 04:11 Multiplexor
drwxrwxr-x 242 travis travis 12288 Apr 30 04:14 node_modules
drwxrwxr-x   3 travis travis 20480 Apr 30 04:12 PhaseUnwrap
-rw-rw-r--   1 travis travis  1007 Apr 30 04:16 PubSubAggModularCodeGen_ModularCodeGenTypedComposite_profile.java
-rw-rw-r--   1 travis travis   520 Apr 30 04:14 Repeat$_fireFunction_Repeat_Repeat$__f_sL_0.class
-rw-rw-r--   1 travis travis   522 Apr 30 04:14 Repeat$_fireFunction_Repeat_Repeat$__f_sL_10.class
-rw-rw-r--   1 travis travis   666 Apr 30 04:14 Repeat$_fireFunction_Repeat_Repeat$__f_sL_11.class
-rw-rw-r--   1 travis travis   522 Apr 30 04:14 Repeat$_fireFunction_Repeat_Repeat$__f_sL_13.class
-rw-rw-r--   1 travis travis   665 Apr 30 04:14 Repeat$_fireFunction_Repeat_Repeat$__f_sL_1.class
-rw-rw-r--   1 travis travis   520 Apr 30 04:14 Repeat$_fireFunction_Repeat_Repeat$__f_sL_2.class
-rw-rw-r--   1 travis travis   520 Apr 30 04:14 Repeat$_fireFunction_Repeat_Repeat$__f_sL_3.class
-rw-rw-r--   1 travis travis   520 Apr 30 04:14 Repeat$_fireFunction_Repeat_Repeat$__f_sL_5.class
-rw-rw-r--   1 travis travis   671 Apr 30 04:14 Repeat$_fireFunction_Repeat_Repeat$__f_sL_7.class
-rw-rw-r--   1 travis travis   520 Apr 30 04:14 Repeat$_fireFunction_Repeat_Repeat$__f_sL_9.class
-rw-rw-r--   1 travis travis   813 Apr 30 04:14 Repeat$_initialize_Repeat.class
-rw-rw-r--   1 travis travis   475 Apr 30 04:14 Repeat$_initialize_Repeat$__i_sL_0.class
-rw-rw-r--   1 travis travis   519 Apr 30 04:14 Repeat$_initialize_Repeat$__i_sL_3.class
-rw-rw-r--   1 travis travis 39778 Apr 30 04:14 Repeat.java
-rw-rw-r--   1 travis travis  1281 Apr 30 04:14 Repeat.mk
-rw-rw-r--   1 travis travis   520 Apr 30 04:14 Repeat$_preinitializeMethod_Repeat$__p_sL_0.class
-rw-rw-r--   1 travis travis   520 Apr 30 04:14 Repeat$_preinitializeMethod_Repeat$__p_sL_1.class
-rw-rw-r--   1 travis travis  1083 Apr 30 04:14 Repeat$_Repeat$_fireFunction_Repeat_AddSubtract_Repeat.class
-rw-rw-r--   1 travis travis   791 Apr 30 04:14 Repeat$_Repeat$_fireFunction_Repeat_AddSubtract_Repeat$__f_sL_0.class
-rw-rw-r--   1 travis travis   909 Apr 30 04:14 Repeat$_Repeat$_fireFunction_Repeat_AddSubtract_Repeat$__f_sL_1.class
-rw-rw-r--   1 travis travis   915 Apr 30 04:14 Repeat$_Repeat$_fireFunction_Repeat_AddSubtract_Repeat$__f_sL_2.class
-rw-rw-r--   1 travis travis   838 Apr 30 04:14 Repeat$_Repeat$_fireFunction_Repeat_Ramp2_Repeat$__f_sL_1.class
-rw-rw-r--   1 travis travis  1785 Apr 30 04:14 Repeat$_Repeat$_fireFunction_Repeat_Test_Repeat$__f_sL_2.class
-rw-rw-r--   1 travis travis   685 Apr 30 04:14 Repeat$_Repeat_SDF_Director_run_Repeat$__R_sL_0.class
-rw-rw-r--   1 travis travis   540 Apr 30 04:14 Repeat$_Repeat_SDF_Director_run_Repeat$__R_sL_1.class
-rw-rw-r--   1 travis travis   540 Apr 30 04:14 Repeat$_Repeat_SDF_Director_run_Repeat$__R_sL_2.class
-rw-rw-r--   1 travis travis   540 Apr 30 04:14 Repeat$_Repeat_SDF_Director_run_Repeat$__R_sL_4.class
-rw-rw-r--   1 travis travis   540 Apr 30 04:14 Repeat$_Repeat_SDF_Director_run_Repeat$__R_sL_5.class
-rw-rw-r--   1 travis travis   691 Apr 30 04:14 Repeat$_Repeat_SDF_Director_run_Repeat$__R_sL_6.class
-rw-rw-r--   1 travis travis   540 Apr 30 04:14 Repeat$_Repeat_SDF_Director_run_Repeat$__R_sL_7.class
-rw-rw-r--   1 travis travis   863 Apr 30 04:14 Repeat$_varinit_Repeat.class
-rw-rw-r--   1 travis travis   530 Apr 30 04:14 Repeat$_varinit_Repeat$__v_sL_1.class
-rw-rw-r--   1 travis travis   531 Apr 30 04:14 Repeat$_varinit_Repeat$__v_sL_2.class
-rw-rw-r--   1 travis travis   905 Apr 30 04:14 Repeat$_varinit_Repeat$__v_sL_4.class
-rw-rw-r--   1 travis travis   635 Apr 30 04:14 Repeat$_wrapup_Repeat.class
-rw-rw-r--   1 travis travis   965 Apr 30 04:14 Repeat$_wrapup_Repeat$__w_sL_1.class
-rw-rw-r--   1 travis travis   289 Apr 30 04:10 result.csv
drwxrwxr-x   3 travis travis 12288 Apr 30 04:13 Scrambler1
drwxrwxr-x   3 travis travis 20480 Apr 30 04:12 Sinewave2
drwxrwxr-x   3 travis travis 69632 Apr 30 04:13 StringCompare
drwxrwxr-x   3 travis travis 32768 Apr 30 04:13 StringFunction
drwxrwxr-x   3 travis travis 12288 Apr 30 04:13 StringLength
drwxrwxr-x   3 travis travis 57344 Apr 30 04:13 StringSimpleReplace
drwxrwxr-x   3 travis travis 12288 Apr 30 04:14 time2
drwxrwxr-x   3 travis travis 12288 Apr 30 04:14 time5
-rw-rw-r--   1 travis travis   432 Apr 30 04:16 Token.class
-rw-rw-r--   1 travis travis   251 Apr 30 04:16 Token.java
-rw-rw-r--   1 travis travis     0 Apr 30 04:14 top.
-rw-rw-r--   1 travis travis 20502 Apr 30 04:10 top.c
-rw-rw-r--   1 travis travis  3567 Apr 30 04:14 top.class
-rw-rw-r--   1 travis travis   169 Apr 30 04:09 top.html
-rw-rw-r--   1 travis travis  7552 Apr 30 04:14 top.java
-rw-rw-r--   1 travis travis 38888 Apr 30 04:10 top.o
drwxrwxr-x   3 travis travis 57344 Apr 30 04:12 UnaryMathFunction
All Done
Writing PubSubAggModularCodeGen_ModularCodeGenTypedComposite.java in file:/home/travis/cg/ (27850 characters)
Reading "ptolemy/cg/kernel/generic/program/procedural/java/modular/makefile.in",
    writing "/home/travis/cg/PubSubAggModularCodeGen_ModularCodeGenTypedComposite.mk"
Using ptolemy/cg/kernel/generic/program/procedural/java/modular/makefile.in
In "/home/travis/cg", about to execute:
    make -f PubSubAggModularCodeGen_ModularCodeGenTypedComposite.mk
javac -classpath ".:.."    PubSubAggModularCodeGen_ModularCodeGenTypedComposite.java
All Done
2048 ms. Memory: 108544K Free: 33288K (31%)
----------------- Invoking toplevel() on ptolemy.moml.MoMLSimpleApplication@44a9fe34
----------------- Done invoking toplevel() on ptolemy.moml.MoMLSimpleApplication@44a9fe34
reloadAllAccessors: .PubSubAggModularCodeGen

===========================================================================================
----------------- testing Tue Apr 30 04:16:30 UTC 2019 /home/travis/build/icyphy/ptII/ptolemy/cg/lib/test/auto/PubSubAggTypedComposite.xml
----------------- Instantiating /home/travis/build/icyphy/ptII/ptolemy/cg/lib/test/auto/PubSubAggTypedComposite.xml
8 ms. Memory: 109056K Free: 73794K (68%)
----------------- Invoking toplevel() on ptolemy.moml.MoMLSimpleApplication@2208b3cd
----------------- Done invoking toplevel() on ptolemy.moml.MoMLSimpleApplication@2208b3cd
reloadAllAccessors: .PubSubAggTypedComposite

===========================================================================================
----------------- testing Tue Apr 30 04:16:30 UTC 2019 /home/travis/build/icyphy/ptII/ptolemy/cg/lib/test/auto/PubSubAggTypedCompositeWidth2.xml
----------------- Instantiating /home/travis/build/icyphy/ptII/ptolemy/cg/lib/test/auto/PubSubAggTypedCompositeWidth2.xml
6 ms. Memory: 109056K Free: 64993K (60%)
----------------- Invoking toplevel() on ptolemy.moml.MoMLSimpleApplication@31a1baf0
----------------- Done invoking toplevel() on ptolemy.moml.MoMLSimpleApplication@31a1baf0
reloadAllAccessors: .PubSubAggTypedCompositeWidth2

===========================================================================================
----------------- testing Tue Apr 30 04:16:30 UTC 2019 /home/travis/build/icyphy/ptII/ptolemy/cg/lib/test/auto/ScaleJava.xml
----------------- Instantiating /home/travis/build/icyphy/ptII/ptolemy/cg/lib/test/auto/ScaleJava.xml
CompiledCompositeActor: Building shared object: The sharedObjectFile has a modification time that is earlier than the modelFile modification time.
Writing ScaleJava_EmbeddedActor.java in file:/home/travis/cg/ (9202 characters)
Reading "ptolemy/cg/kernel/generic/program/procedural/java/makefile.in",
    writing "/home/travis/cg/ScaleJava_EmbeddedActor.mk"
Using ptolemy/cg/kernel/generic/program/procedural/java/makefile.in
In "/home/travis/cg", about to execute:
    make -f ScaleJava_EmbeddedActor.mk
javac -classpath ".:."    ScaleJava_EmbeddedActor.java
All Done
817 ms. Memory: 109056K Free: 44830K (41%)
----------------- Invoking toplevel() on ptolemy.moml.MoMLSimpleApplication@18455c07
----------------- Done invoking toplevel() on ptolemy.moml.MoMLSimpleApplication@18455c07
reloadAllAccessors: .ScaleJava
AutoTests.java: About to close Vertx.
AutoTests.java: Vertx closed.
]]></system-out>
  <system-err><![CDATA[]]></system-err>
</testsuite>
