<?xml version="1.0" encoding="UTF-8" ?>
<testsuite errors="0" failures="0" hostname="travis-job-ef9a895a-17cb-43ba-bb88-4da68b43ca22" name="ptolemy.domains.continuous.test.junit.JUnitTclTest" skipped="0" tests="155" time="73.091" timestamp="2018-07-08T01:33:26">
  <properties>
[...]
</properties>
  <testcase classname="ptolemy.util.test.junit.TclTests" name="[0] ThereAreNoTclTests (RunTclFile)" time="0.001" />
  <testcase classname="ptolemy.util.test.junit.AutoKnownFailedTests" name="[0] ThereAreNoKnowFailedTests (RunModel)" time="0.001" />
  <testcase classname="ptolemy.util.test.junit.AutoNameArchTests" name="[0] ThereAreNoAutoArchTests (RunModel)" time="0.001" />
  <testcase classname="ptolemy.util.test.junit.AutoTests" name="[0] /home/travis/build/icyphy/ptII/ptolemy/domains/continuous/test/auto/BouncingBall.xml (RunModel)" time="2.722" />
  <testcase classname="ptolemy.util.test.junit.AutoTests" name="[1] /home/travis/build/icyphy/ptII/ptolemy/domains/continuous/test/auto/BouncingBallWithoutGR.xml (RunModel)" time="0.747" />
  <testcase classname="ptolemy.util.test.junit.AutoTests" name="[2] /home/travis/build/icyphy/ptII/ptolemy/domains/continuous/test/auto/Brownian.xml (RunModel)" time="0.117" />
  <testcase classname="ptolemy.util.test.junit.AutoTests" name="[3] /home/travis/build/icyphy/ptII/ptolemy/domains/continuous/test/auto/CarTracking.xml (RunModel)" time="3.49" />
  <testcase classname="ptolemy.util.test.junit.AutoTests" name="[4] /home/travis/build/icyphy/ptII/ptolemy/domains/continuous/test/auto/CartPendulum.xml (RunModel)" time="0.549" />
  <testcase classname="ptolemy.util.test.junit.AutoTests" name="[5] /home/travis/build/icyphy/ptII/ptolemy/domains/continuous/test/auto/CausalityInterface10.xml (RunModel)" time="0.053" />
  <testcase classname="ptolemy.util.test.junit.AutoTests" name="[6] /home/travis/build/icyphy/ptII/ptolemy/domains/continuous/test/auto/CausalityInterface11.xml (RunModel)" time="0.034" />
  <testcase classname="ptolemy.util.test.junit.AutoTests" name="[7] /home/travis/build/icyphy/ptII/ptolemy/domains/continuous/test/auto/CausalityInterface12.xml (RunModel)" time="0.034" />
  <testcase classname="ptolemy.util.test.junit.AutoTests" name="[8] /home/travis/build/icyphy/ptII/ptolemy/domains/continuous/test/auto/CausalityInterface13.xml (RunModel)" time="0.028" />
  <testcase classname="ptolemy.util.test.junit.AutoTests" name="[9] /home/travis/build/icyphy/ptII/ptolemy/domains/continuous/test/auto/CausalityInterface14.xml (RunModel)" time="0.025" />
  <testcase classname="ptolemy.util.test.junit.AutoTests" name="[10] /home/travis/build/icyphy/ptII/ptolemy/domains/continuous/test/auto/CausalityInterface4.xml (RunModel)" time="0.036" />
  <testcase classname="ptolemy.util.test.junit.AutoTests" name="[11] /home/travis/build/icyphy/ptII/ptolemy/domains/continuous/test/auto/CausalityInterface5.xml (RunModel)" time="0.047" />
  <testcase classname="ptolemy.util.test.junit.AutoTests" name="[12] /home/travis/build/icyphy/ptII/ptolemy/domains/continuous/test/auto/CausalityInterface6.xml (RunModel)" time="0.029" />
  <testcase classname="ptolemy.util.test.junit.AutoTests" name="[13] /home/travis/build/icyphy/ptII/ptolemy/domains/continuous/test/auto/CausalityInterface7.xml (RunModel)" time="0.042" />
  <testcase classname="ptolemy.util.test.junit.AutoTests" name="[14] /home/travis/build/icyphy/ptII/ptolemy/domains/continuous/test/auto/CausalityInterface8.xml (RunModel)" time="0.043" />
  <testcase classname="ptolemy.util.test.junit.AutoTests" name="[15] /home/travis/build/icyphy/ptII/ptolemy/domains/continuous/test/auto/CausalityInterface9.xml (RunModel)" time="0.042" />
  <testcase classname="ptolemy.util.test.junit.AutoTests" name="[16] /home/travis/build/icyphy/ptII/ptolemy/domains/continuous/test/auto/CausalityInterfaceFeedback1.xml (RunModel)" time="0.029" />
  <testcase classname="ptolemy.util.test.junit.AutoTests" name="[17] /home/travis/build/icyphy/ptII/ptolemy/domains/continuous/test/auto/CausalityInterfaceFeedback2.xml (RunModel)" time="0.032" />
  <testcase classname="ptolemy.util.test.junit.AutoTests" name="[18] /home/travis/build/icyphy/ptII/ptolemy/domains/continuous/test/auto/CompareWithCurrentTime.xml (RunModel)" time="0.027" />
  <testcase classname="ptolemy.util.test.junit.AutoTests" name="[19] /home/travis/build/icyphy/ptII/ptolemy/domains/continuous/test/auto/ComparedClocks.xml (RunModel)" time="0.051" />
  <testcase classname="ptolemy.util.test.junit.AutoTests" name="[20] /home/travis/build/icyphy/ptII/ptolemy/domains/continuous/test/auto/ContinuousAOCClone.xml (RunModel)" time="2.487" />
  <testcase classname="ptolemy.util.test.junit.AutoTests" name="[21] /home/travis/build/icyphy/ptII/ptolemy/domains/continuous/test/auto/ContinuousClock.xml (RunModel)" time="0.116" />
  <testcase classname="ptolemy.util.test.junit.AutoTests" name="[22] /home/travis/build/icyphy/ptII/ptolemy/domains/continuous/test/auto/ContinuousInContinuous.xml (RunModel)" time="0.093" />
  <testcase classname="ptolemy.util.test.junit.AutoTests" name="[23] /home/travis/build/icyphy/ptII/ptolemy/domains/continuous/test/auto/ContinuousInContinuousInContinuous.xml (RunModel)" time="0.028" />
  <testcase classname="ptolemy.util.test.junit.AutoTests" name="[24] /home/travis/build/icyphy/ptII/ptolemy/domains/continuous/test/auto/ContinuousInDE.xml (RunModel)" time="0.141" />
  <testcase classname="ptolemy.util.test.junit.AutoTests" name="[25] /home/travis/build/icyphy/ptII/ptolemy/domains/continuous/test/auto/ContinuousInDE2.xml (RunModel)" time="0.059" />
  <testcase classname="ptolemy.util.test.junit.AutoTests" name="[26] /home/travis/build/icyphy/ptII/ptolemy/domains/continuous/test/auto/ContinuousInDE3.xml (RunModel)" time="0.064" />
  <testcase classname="ptolemy.util.test.junit.AutoTests" name="[27] /home/travis/build/icyphy/ptII/ptolemy/domains/continuous/test/auto/ContinuousInDE4.xml (RunModel)" time="0.036" />
  <testcase classname="ptolemy.util.test.junit.AutoTests" name="[28] /home/travis/build/icyphy/ptII/ptolemy/domains/continuous/test/auto/ContinuousInDEDifferentRefinements.xml (RunModel)" time="0.105" />
  <testcase classname="ptolemy.util.test.junit.AutoTests" name="[29] /home/travis/build/icyphy/ptII/ptolemy/domains/continuous/test/auto/ContinuousInDEDifferentRefinementsPreemptive.xml (RunModel)" time="0.085" />
  <testcase classname="ptolemy.util.test.junit.AutoTests" name="[30] /home/travis/build/icyphy/ptII/ptolemy/domains/continuous/test/auto/ContinuousInDEInContinuous2.xml (RunModel)" time="0.059" />
  <testcase classname="ptolemy.util.test.junit.AutoTests" name="[31] /home/travis/build/icyphy/ptII/ptolemy/domains/continuous/test/auto/ContinuousInDEInContinuous3.xml (RunModel)" time="0.061" />
  <testcase classname="ptolemy.util.test.junit.AutoTests" name="[32] /home/travis/build/icyphy/ptII/ptolemy/domains/continuous/test/auto/ContinuousInDEInput.xml (RunModel)" time="0.058" />
  <testcase classname="ptolemy.util.test.junit.AutoTests" name="[33] /home/travis/build/icyphy/ptII/ptolemy/domains/continuous/test/auto/ContinuousInDEInput2.xml (RunModel)" time="0.03" />
  <testcase classname="ptolemy.util.test.junit.AutoTests" name="[34] /home/travis/build/icyphy/ptII/ptolemy/domains/continuous/test/auto/ContinuousInDEInput3.xml (RunModel)" time="0.025" />
  <testcase classname="ptolemy.util.test.junit.AutoTests" name="[35] /home/travis/build/icyphy/ptII/ptolemy/domains/continuous/test/auto/ContinuousInDESharingRefinement.xml (RunModel)" time="0.176" />
  <testcase classname="ptolemy.util.test.junit.AutoTests" name="[36] /home/travis/build/icyphy/ptII/ptolemy/domains/continuous/test/auto/ContinuousInDEwithNoPorts.xml (RunModel)" time="0.024" />
  <testcase classname="ptolemy.util.test.junit.AutoTests" name="[37] /home/travis/build/icyphy/ptII/ptolemy/domains/continuous/test/auto/ContinuousInsideDE.xml (RunModel)" time="0.09" />
  <testcase classname="ptolemy.util.test.junit.AutoTests" name="[38] /home/travis/build/icyphy/ptII/ptolemy/domains/continuous/test/auto/ContinuousMerge1.xml (RunModel)" time="0.016" />
  <testcase classname="ptolemy.util.test.junit.AutoTests" name="[39] /home/travis/build/icyphy/ptII/ptolemy/domains/continuous/test/auto/ContinuousMerge2.xml (RunModel)" time="0.044" />
  <testcase classname="ptolemy.util.test.junit.AutoTests" name="[40] /home/travis/build/icyphy/ptII/ptolemy/domains/continuous/test/auto/ContinuousMerge3.xml (RunModel)" time="0.074" />
  <testcase classname="ptolemy.util.test.junit.AutoTests" name="[41] /home/travis/build/icyphy/ptII/ptolemy/domains/continuous/test/auto/ContinuousWithinContinuous.xml (RunModel)" time="0.056" />
  <testcase classname="ptolemy.util.test.junit.AutoTests" name="[42] /home/travis/build/icyphy/ptII/ptolemy/domains/continuous/test/auto/ContinuousWithinContinuous2.xml (RunModel)" time="0.067" />
  <testcase classname="ptolemy.util.test.junit.AutoTests" name="[43] /home/travis/build/icyphy/ptII/ptolemy/domains/continuous/test/auto/ContinuousWithinContinuous3.xml (RunModel)" time="0.033" />
  <testcase classname="ptolemy.util.test.junit.AutoTests" name="[44] /home/travis/build/icyphy/ptII/ptolemy/domains/continuous/test/auto/ContinuousWithinContinuous4.xml (RunModel)" time="0.079" />
  <testcase classname="ptolemy.util.test.junit.AutoTests" name="[45] /home/travis/build/icyphy/ptII/ptolemy/domains/continuous/test/auto/ContinuousWithinContinuous5.xml (RunModel)" time="0.03" />
  <testcase classname="ptolemy.util.test.junit.AutoTests" name="[46] /home/travis/build/icyphy/ptII/ptolemy/domains/continuous/test/auto/ContinuousWithinContinuous6.xml (RunModel)" time="0.026" />
  <testcase classname="ptolemy.util.test.junit.AutoTests" name="[47] /home/travis/build/icyphy/ptII/ptolemy/domains/continuous/test/auto/ContinuousWithinContinuous7.xml (RunModel)" time="0.065" />
  <testcase classname="ptolemy.util.test.junit.AutoTests" name="[48] /home/travis/build/icyphy/ptII/ptolemy/domains/continuous/test/auto/DCMotor.xml (RunModel)" time="14.032" />
  <testcase classname="ptolemy.util.test.junit.AutoTests" name="[49] /home/travis/build/icyphy/ptII/ptolemy/domains/continuous/test/auto/DEInContinuous.xml (RunModel)" time="0.015" />
  <testcase classname="ptolemy.util.test.junit.AutoTests" name="[50] /home/travis/build/icyphy/ptII/ptolemy/domains/continuous/test/auto/DEinContinuous2.xml (RunModel)" time="0.021" />
  <testcase classname="ptolemy.util.test.junit.AutoTests" name="[51] /home/travis/build/icyphy/ptII/ptolemy/domains/continuous/test/auto/Derivative.xml (RunModel)" time="0.196" />
  <testcase classname="ptolemy.util.test.junit.AutoTests" name="[52] /home/travis/build/icyphy/ptII/ptolemy/domains/continuous/test/auto/Derivative1.xml (RunModel)" time="0.035" />
  <testcase classname="ptolemy.util.test.junit.AutoTests" name="[53] /home/travis/build/icyphy/ptII/ptolemy/domains/continuous/test/auto/DiscreteClock.xml (RunModel)" time="0.011" />
  <testcase classname="ptolemy.util.test.junit.AutoTests" name="[54] /home/travis/build/icyphy/ptII/ptolemy/domains/continuous/test/auto/EfficiencyCurve.xml (RunModel)" time="0.111" />
  <testcase classname="ptolemy.util.test.junit.AutoTests" name="[55] /home/travis/build/icyphy/ptII/ptolemy/domains/continuous/test/auto/ExponentialResponse.xml (RunModel)" time="0.124" />
  <testcase classname="ptolemy.util.test.junit.AutoTests" name="[56] /home/travis/build/icyphy/ptII/ptolemy/domains/continuous/test/auto/ExponentialResponseRK45.xml (RunModel)" time="0.036" />
  <testcase classname="ptolemy.util.test.junit.AutoTests" name="[57] /home/travis/build/icyphy/ptII/ptolemy/domains/continuous/test/auto/Friction.xml (RunModel)" time="1.444" />
  <testcase classname="ptolemy.util.test.junit.AutoTests" name="[58] /home/travis/build/icyphy/ptII/ptolemy/domains/continuous/test/auto/FurutaPendulum.xml (RunModel)" time="3.733" />
  <testcase classname="ptolemy.util.test.junit.AutoTests" name="[59] /home/travis/build/icyphy/ptII/ptolemy/domains/continuous/test/auto/HierarchicalExecution.xml (RunModel)" time="2.227" />
  <testcase classname="ptolemy.util.test.junit.AutoTests" name="[60] /home/travis/build/icyphy/ptII/ptolemy/domains/continuous/test/auto/HybridPlant.xml (RunModel)" time="0.582" />
  <testcase classname="ptolemy.util.test.junit.AutoTests" name="[61] /home/travis/build/icyphy/ptII/ptolemy/domains/continuous/test/auto/Hysteresis.xml (RunModel)" time="0.178" />
  <testcase classname="ptolemy.util.test.junit.AutoTests" name="[62] /home/travis/build/icyphy/ptII/ptolemy/domains/continuous/test/auto/HysteresisWithRandomDelay.xml (RunModel)" time="0.216" />
  <testcase classname="ptolemy.util.test.junit.AutoTests" name="[63] /home/travis/build/icyphy/ptII/ptolemy/domains/continuous/test/auto/HysteresisWithRandomLosses.xml (RunModel)" time="2.4" />
  <testcase classname="ptolemy.util.test.junit.AutoTests" name="[64] /home/travis/build/icyphy/ptII/ptolemy/domains/continuous/test/auto/ImmediateTransitions.xml (RunModel)" time="0.036" />
  <testcase classname="ptolemy.util.test.junit.AutoTests" name="[65] /home/travis/build/icyphy/ptII/ptolemy/domains/continuous/test/auto/ImpulseFeedback.xml (RunModel)" time="0.038" />
  <testcase classname="ptolemy.util.test.junit.AutoTests" name="[66] /home/travis/build/icyphy/ptII/ptolemy/domains/continuous/test/auto/ImpulseFeedback2.xml (RunModel)" time="0.016" />
  <testcase classname="ptolemy.util.test.junit.AutoTests" name="[67] /home/travis/build/icyphy/ptII/ptolemy/domains/continuous/test/auto/IncreasingRatePoisson.xml (RunModel)" time="0.699" />
  <testcase classname="ptolemy.util.test.junit.AutoTests" name="[68] /home/travis/build/icyphy/ptII/ptolemy/domains/continuous/test/auto/InitialStateFeedback.xml (RunModel)" time="0.015" />
  <testcase classname="ptolemy.util.test.junit.AutoTests" name="[69] /home/travis/build/icyphy/ptII/ptolemy/domains/continuous/test/auto/Integration.xml (RunModel)" time="0.009" />
  <testcase classname="ptolemy.util.test.junit.AutoTests" name="[70] /home/travis/build/icyphy/ptII/ptolemy/domains/continuous/test/auto/Integration2.xml (RunModel)" time="0.091" />
  <testcase classname="ptolemy.util.test.junit.AutoTests" name="[71] /home/travis/build/icyphy/ptII/ptolemy/domains/continuous/test/auto/Integration3.xml (RunModel)" time="0.013" />
  <testcase classname="ptolemy.util.test.junit.AutoTests" name="[72] /home/travis/build/icyphy/ptII/ptolemy/domains/continuous/test/auto/Integration5.xml (RunModel)" time="0.024" />
  <testcase classname="ptolemy.util.test.junit.AutoTests" name="[73] /home/travis/build/icyphy/ptII/ptolemy/domains/continuous/test/auto/IntegratorImpulse.xml (RunModel)" time="0.011" />
  <testcase classname="ptolemy.util.test.junit.AutoTests" name="[74] /home/travis/build/icyphy/ptII/ptolemy/domains/continuous/test/auto/IntegratorImpulse2.xml (RunModel)" time="0.012" />
  <testcase classname="ptolemy.util.test.junit.AutoTests" name="[75] /home/travis/build/icyphy/ptII/ptolemy/domains/continuous/test/auto/LevelCrossing1.xml (RunModel)" time="0.011" />
  <testcase classname="ptolemy.util.test.junit.AutoTests" name="[76] /home/travis/build/icyphy/ptII/ptolemy/domains/continuous/test/auto/LevelCrossing2.xml (RunModel)" time="0.012" />
  <testcase classname="ptolemy.util.test.junit.AutoTests" name="[77] /home/travis/build/icyphy/ptII/ptolemy/domains/continuous/test/auto/LevelCrossing3.xml (RunModel)" time="0.015" />
  <testcase classname="ptolemy.util.test.junit.AutoTests" name="[78] /home/travis/build/icyphy/ptII/ptolemy/domains/continuous/test/auto/LevelCrossing4.xml (RunModel)" time="0.016" />
  <testcase classname="ptolemy.util.test.junit.AutoTests" name="[79] /home/travis/build/icyphy/ptII/ptolemy/domains/continuous/test/auto/LevelCrossing5.xml (RunModel)" time="0.022" />
  <testcase classname="ptolemy.util.test.junit.AutoTests" name="[80] /home/travis/build/icyphy/ptII/ptolemy/domains/continuous/test/auto/LevelCrossing6.xml (RunModel)" time="0.036" />
  <testcase classname="ptolemy.util.test.junit.AutoTests" name="[81] /home/travis/build/icyphy/ptII/ptolemy/domains/continuous/test/auto/LevelCrossingDetector.xml (RunModel)" time="0.037" />
  <testcase classname="ptolemy.util.test.junit.AutoTests" name="[82] /home/travis/build/icyphy/ptII/ptolemy/domains/continuous/test/auto/LevelCrossingDetectorDetectingDirections.xml (RunModel)" time="0.078" />
  <testcase classname="ptolemy.util.test.junit.AutoTests" name="[83] /home/travis/build/icyphy/ptII/ptolemy/domains/continuous/test/auto/LevelCrossingDetectorDetectsGlitches.xml (RunModel)" time="0.058" />
  <testcase classname="ptolemy.util.test.junit.AutoTests" name="[84] /home/travis/build/icyphy/ptII/ptolemy/domains/continuous/test/auto/LevelCrossingNoInitialOuput.xml (RunModel)" time="0.012" />
  <testcase classname="ptolemy.util.test.junit.AutoTests" name="[85] /home/travis/build/icyphy/ptII/ptolemy/domains/continuous/test/auto/LinearStateSpaceExample.xml (RunModel)" time="0.042" />
  <testcase classname="ptolemy.util.test.junit.AutoTests" name="[86] /home/travis/build/icyphy/ptII/ptolemy/domains/continuous/test/auto/Lorenz.xml (RunModel)" time="4.181" />
  <testcase classname="ptolemy.util.test.junit.AutoTests" name="[87] /home/travis/build/icyphy/ptII/ptolemy/domains/continuous/test/auto/LorenzDifferentialSystem.xml (RunModel)" time="1.111" />
  <testcase classname="ptolemy.util.test.junit.AutoTests" name="[88] /home/travis/build/icyphy/ptII/ptolemy/domains/continuous/test/auto/LorenzDifferentialSystemWithInput.xml (RunModel)" time="1.349" />
  <testcase classname="ptolemy.util.test.junit.AutoTests" name="[89] /home/travis/build/icyphy/ptII/ptolemy/domains/continuous/test/auto/LorenzDifferentialSystemWithTime.xml (RunModel)" time="0.731" />
  <testcase classname="ptolemy.util.test.junit.AutoTests" name="[90] /home/travis/build/icyphy/ptII/ptolemy/domains/continuous/test/auto/Microsteps.xml (RunModel)" time="0.016" />
  <testcase classname="ptolemy.util.test.junit.AutoTests" name="[91] /home/travis/build/icyphy/ptII/ptolemy/domains/continuous/test/auto/Modal1.xml (RunModel)" time="0.032" />
  <testcase classname="ptolemy.util.test.junit.AutoTests" name="[92] /home/travis/build/icyphy/ptII/ptolemy/domains/continuous/test/auto/Modal2.xml (RunModel)" time="0.034" />
  <testcase classname="ptolemy.util.test.junit.AutoTests" name="[93] /home/travis/build/icyphy/ptII/ptolemy/domains/continuous/test/auto/ModalTransitionGuardWithReset.xml (RunModel)" time="0.023" />
  <testcase classname="ptolemy.util.test.junit.AutoTests" name="[94] /home/travis/build/icyphy/ptII/ptolemy/domains/continuous/test/auto/ModalTransitionGuardWithResetUsingPreemptiveTransition.xml (RunModel)" time="0.022" />
  <testcase classname="ptolemy.util.test.junit.AutoTests" name="[95] /home/travis/build/icyphy/ptII/ptolemy/domains/continuous/test/auto/ModalTransitionGuardWithResetUsingPreemptiveTransition2.xml (RunModel)" time="0.025" />
  <testcase classname="ptolemy.util.test.junit.AutoTests" name="[96] /home/travis/build/icyphy/ptII/ptolemy/domains/continuous/test/auto/ModalTransitionGuardWithResetUsingPreemptiveTransition3.xml (RunModel)" time="0.028" />
  <testcase classname="ptolemy.util.test.junit.AutoTests" name="[97] /home/travis/build/icyphy/ptII/ptolemy/domains/continuous/test/auto/NewtonsCradle.xml (RunModel)" time="0.819" />
  <testcase classname="ptolemy.util.test.junit.AutoTests" name="[98] /home/travis/build/icyphy/ptII/ptolemy/domains/continuous/test/auto/NewtonsCradleAnimated.xml (RunModel)" time="1.278" />
  <testcase classname="ptolemy.util.test.junit.AutoTests" name="[99] /home/travis/build/icyphy/ptII/ptolemy/domains/continuous/test/auto/NewtonsCradleComplicated.xml (RunModel)" time="0.885" />
  <testcase classname="ptolemy.util.test.junit.AutoTests" name="[100] /home/travis/build/icyphy/ptII/ptolemy/domains/continuous/test/auto/NewtonsCradleNondeterministic.xml (RunModel)" time="0.724" />
  <testcase classname="ptolemy.util.test.junit.AutoTests" name="[101] /home/travis/build/icyphy/ptII/ptolemy/domains/continuous/test/auto/NewtonsCradlePerfectlyInelastic1.xml (RunModel)" time="1.263" />
  <testcase classname="ptolemy.util.test.junit.AutoTests" name="[102] /home/travis/build/icyphy/ptII/ptolemy/domains/continuous/test/auto/Noise.xml (RunModel)" time="0.162" />
  <testcase classname="ptolemy.util.test.junit.AutoTests" name="[103] /home/travis/build/icyphy/ptII/ptolemy/domains/continuous/test/auto/NoiseSpectrum.xml (RunModel)" time="0.753" />
  <testcase classname="ptolemy.util.test.junit.AutoTests" name="[104] /home/travis/build/icyphy/ptII/ptolemy/domains/continuous/test/auto/ParameterizedNewtonsCradleAnimated.xml (RunModel)" time="0.373" />
  <testcase classname="ptolemy.util.test.junit.AutoTests" name="[105] /home/travis/build/icyphy/ptII/ptolemy/domains/continuous/test/auto/ParameterizedNewtonsCradleAnimatedNondeterministic.xml (RunModel)" time="1.173" />
  <testcase classname="ptolemy.util.test.junit.AutoTests" name="[106] /home/travis/build/icyphy/ptII/ptolemy/domains/continuous/test/auto/Pendulum3D.xml (RunModel)" time="0.186" />
  <testcase classname="ptolemy.util.test.junit.AutoTests" name="[107] /home/travis/build/icyphy/ptII/ptolemy/domains/continuous/test/auto/PeriodicSampler.xml (RunModel)" time="0.01" />
  <testcase classname="ptolemy.util.test.junit.AutoTests" name="[108] /home/travis/build/icyphy/ptII/ptolemy/domains/continuous/test/auto/PeriodicSampler1.xml (RunModel)" time="0.048" />
  <testcase classname="ptolemy.util.test.junit.AutoTests" name="[109] /home/travis/build/icyphy/ptII/ptolemy/domains/continuous/test/auto/PeriodicSampler2.xml (RunModel)" time="0.088" />
  <testcase classname="ptolemy.util.test.junit.AutoTests" name="[110] /home/travis/build/icyphy/ptII/ptolemy/domains/continuous/test/auto/Poisson.xml (RunModel)" time="0.444" />
  <testcase classname="ptolemy.util.test.junit.AutoTests" name="[111] /home/travis/build/icyphy/ptII/ptolemy/domains/continuous/test/auto/PoissonClock.xml (RunModel)" time="0.01" />
  <testcase classname="ptolemy.util.test.junit.AutoTests" name="[112] /home/travis/build/icyphy/ptII/ptolemy/domains/continuous/test/auto/PoissonClock2.xml (RunModel)" time="0.011" />
  <testcase classname="ptolemy.util.test.junit.AutoTests" name="[113] /home/travis/build/icyphy/ptII/ptolemy/domains/continuous/test/auto/PortParameterHierarchy.xml (RunModel)" time="0.013" />
  <testcase classname="ptolemy.util.test.junit.AutoTests" name="[114] /home/travis/build/icyphy/ptII/ptolemy/domains/continuous/test/auto/RandomHybridPlant.xml (RunModel)" time="0.495" />
  <testcase classname="ptolemy.util.test.junit.AutoTests" name="[115] /home/travis/build/icyphy/ptII/ptolemy/domains/continuous/test/auto/ResetTransitionWithStartTime1.xml (RunModel)" time="0.024" />
  <testcase classname="ptolemy.util.test.junit.AutoTests" name="[116] /home/travis/build/icyphy/ptII/ptolemy/domains/continuous/test/auto/ResetTransitionWithStartTime2.xml (RunModel)" time="0.031" />
  <testcase classname="ptolemy.util.test.junit.AutoTests" name="[117] /home/travis/build/icyphy/ptII/ptolemy/domains/continuous/test/auto/ResetTransitionWithStartTime3.xml (RunModel)" time="0.032" />
  <testcase classname="ptolemy.util.test.junit.AutoTests" name="[118] /home/travis/build/icyphy/ptII/ptolemy/domains/continuous/test/auto/ResetTransitionWithStartTime4.xml (RunModel)" time="0.025" />
  <testcase classname="ptolemy.util.test.junit.AutoTests" name="[119] /home/travis/build/icyphy/ptII/ptolemy/domains/continuous/test/auto/ResetTransitionWithStartTime5.xml (RunModel)" time="0.03" />
  <testcase classname="ptolemy.util.test.junit.AutoTests" name="[120] /home/travis/build/icyphy/ptII/ptolemy/domains/continuous/test/auto/ResetTransitionWithStartTime6.xml (RunModel)" time="0.022" />
  <testcase classname="ptolemy.util.test.junit.AutoTests" name="[121] /home/travis/build/icyphy/ptII/ptolemy/domains/continuous/test/auto/SRinContinuous.xml (RunModel)" time="0.02" />
  <testcase classname="ptolemy.util.test.junit.AutoTests" name="[122] /home/travis/build/icyphy/ptII/ptolemy/domains/continuous/test/auto/SampledClocks.xml (RunModel)" time="0.019" />
  <testcase classname="ptolemy.util.test.junit.AutoTests" name="[123] /home/travis/build/icyphy/ptII/ptolemy/domains/continuous/test/auto/Satellite.xml (RunModel)" time="0.827" />
  <testcase classname="ptolemy.util.test.junit.AutoTests" name="[124] /home/travis/build/icyphy/ptII/ptolemy/domains/continuous/test/auto/SigmaDelta.xml (RunModel)" time="2.427" />
  <testcase classname="ptolemy.util.test.junit.AutoTests" name="[125] /home/travis/build/icyphy/ptII/ptolemy/domains/continuous/test/auto/SinuBouncingBall.xml (RunModel)" time="0.846" />
  <testcase classname="ptolemy.util.test.junit.AutoTests" name="[126] /home/travis/build/icyphy/ptII/ptolemy/domains/continuous/test/auto/Sinusoid.xml (RunModel)" time="0.026" />
  <testcase classname="ptolemy.util.test.junit.AutoTests" name="[127] /home/travis/build/icyphy/ptII/ptolemy/domains/continuous/test/auto/SinusoidInNoise.xml (RunModel)" time="0.87" />
  <testcase classname="ptolemy.util.test.junit.AutoTests" name="[128] /home/travis/build/icyphy/ptII/ptolemy/domains/continuous/test/auto/SinusoidRK45.xml (RunModel)" time="0.009" />
  <testcase classname="ptolemy.util.test.junit.AutoTests" name="[129] /home/travis/build/icyphy/ptII/ptolemy/domains/continuous/test/auto/SinusoidWithMultipleImpulses.xml (RunModel)" time="0.01" />
  <testcase classname="ptolemy.util.test.junit.AutoTests" name="[130] /home/travis/build/icyphy/ptII/ptolemy/domains/continuous/test/auto/SquareWave.xml (RunModel)" time="0.173" />
  <testcase classname="ptolemy.util.test.junit.AutoTests" name="[131] /home/travis/build/icyphy/ptII/ptolemy/domains/continuous/test/auto/Starmac.xml (RunModel)" time="3.357" />
  <testcase classname="ptolemy.util.test.junit.AutoTests" name="[132] /home/travis/build/icyphy/ptII/ptolemy/domains/continuous/test/auto/StaticUnits.xml (RunModel)" time="2.488" />
  <testcase classname="ptolemy.util.test.junit.AutoTests" name="[133] /home/travis/build/icyphy/ptII/ptolemy/domains/continuous/test/auto/StickyMasses.xml (RunModel)" time="0.16" />
  <testcase classname="ptolemy.util.test.junit.AutoTests" name="[134] /home/travis/build/icyphy/ptII/ptolemy/domains/continuous/test/auto/StopTime.xml (RunModel)" time="0.065" />
  <testcase classname="ptolemy.util.test.junit.AutoTests" name="[135] /home/travis/build/icyphy/ptII/ptolemy/domains/continuous/test/auto/StopTime2.xml (RunModel)" time="0.054" />
  <testcase classname="ptolemy.util.test.junit.AutoTests" name="[136] /home/travis/build/icyphy/ptII/ptolemy/domains/continuous/test/auto/Switch.xml (RunModel)" time="0.067" />
  <testcase classname="ptolemy.util.test.junit.AutoTests" name="[137] /home/travis/build/icyphy/ptII/ptolemy/domains/continuous/test/auto/Thermostat.xml (RunModel)" time="0.205" />
  <testcase classname="ptolemy.util.test.junit.AutoTests" name="[138] /home/travis/build/icyphy/ptII/ptolemy/domains/continuous/test/auto/TimeDelay.xml (RunModel)" time="0.015" />
  <testcase classname="ptolemy.util.test.junit.AutoTests" name="[139] /home/travis/build/icyphy/ptII/ptolemy/domains/continuous/test/auto/TimeDelay2.xml (RunModel)" time="0.021" />
  <testcase classname="ptolemy.util.test.junit.AutoTests" name="[140] /home/travis/build/icyphy/ptII/ptolemy/domains/continuous/test/auto/TimeDelay3.xml (RunModel)" time="0.009" />
  <testcase classname="ptolemy.util.test.junit.AutoTests" name="[141] /home/travis/build/icyphy/ptII/ptolemy/domains/continuous/test/auto/TransferAbsentToInside.xml (RunModel)" time="0.109" />
  <testcase classname="ptolemy.util.test.junit.AutoTests" name="[142] /home/travis/build/icyphy/ptII/ptolemy/domains/continuous/test/auto/Transmission.xml (RunModel)" time="0.74" />
  <testcase classname="ptolemy.util.test.junit.AutoTests" name="[143] /home/travis/build/icyphy/ptII/ptolemy/domains/continuous/test/auto/TriggeredContinuousClock.xml (RunModel)" time="0.066" />
  <testcase classname="ptolemy.util.test.junit.AutoTests" name="[144] /home/travis/build/icyphy/ptII/ptolemy/domains/continuous/test/auto/TwoMachineInfiniteBusControl.xml (RunModel)" time="3.054" />
  <testcase classname="ptolemy.util.test.junit.AutoTests" name="[145] /home/travis/build/icyphy/ptII/ptolemy/domains/continuous/test/auto/V2V.xml (RunModel)" time="0.795" />
  <testcase classname="ptolemy.util.test.junit.AutoTests" name="[146] /home/travis/build/icyphy/ptII/ptolemy/domains/continuous/test/auto/hierarchicalModalModel.xml (RunModel)" time="0.038" />
  <testcase classname="ptolemy.util.test.junit.AutoTests" name="[147] /home/travis/build/icyphy/ptII/ptolemy/domains/continuous/test/auto/hierarchicalModalModel1.xml (RunModel)" time="0.029" />
  <testcase classname="ptolemy.util.test.junit.AutoTests" name="[148] /home/travis/build/icyphy/ptII/ptolemy/domains/continuous/test/auto/hierarchicalModalModel2.xml (RunModel)" time="0.027" />
  <testcase classname="ptolemy.util.test.junit.AutoTests" name="[149] /home/travis/build/icyphy/ptII/ptolemy/domains/continuous/test/auto/hierarchicalModalModel3.xml (RunModel)" time="0.022" />
  <testcase classname="ptolemy.util.test.junit.AutoTests" name="[150] /home/travis/build/icyphy/ptII/ptolemy/domains/continuous/test/auto/hierarchicalModalModel4.xml (RunModel)" time="0.025" />
  <testcase classname="ptolemy.util.test.junit.AutoTests" name="[151] /home/travis/build/icyphy/ptII/ptolemy/domains/continuous/test/auto/junk.xml (RunModel)" time="0.155" />
  <system-out><![CDATA[No tcl tests in /home/travis/build/icyphy/ptII/ptolemy/domains/continuous/test
No auto/knownFailedTests/*.xml tests in /home/travis/build/icyphy/ptII/ptolemy/domains/continuous/test
No auto/linux-amd64/*.xml tests in /home/travis/build/icyphy/ptII/ptolemy/domains/continuous/test
AutoTests.java: About to close Vertx.
AutoTests.java: Vertx closed.

===========================================================================================
----------------- testing Sun Jul 08 01:33:27 UTC 2018 /home/travis/build/icyphy/ptII/ptolemy/domains/continuous/test/auto/BouncingBall.xml
----------------- Instantiating /home/travis/build/icyphy/ptII/ptolemy/domains/continuous/test/auto/BouncingBall.xml
2259 ms. Memory: 331776K Free: 250377K (75%)
----------------- Invoking toplevel() on ptolemy.moml.MoMLSimpleApplication@5ef12a1e
----------------- Done invoking toplevel() on ptolemy.moml.MoMLSimpleApplication@5ef12a1e
reloadAllAccessors: .BouncingBall

===========================================================================================
----------------- testing Sun Jul 08 01:33:29 UTC 2018 /home/travis/build/icyphy/ptII/ptolemy/domains/continuous/test/auto/BouncingBallWithoutGR.xml
----------------- Instantiating /home/travis/build/icyphy/ptII/ptolemy/domains/continuous/test/auto/BouncingBallWithoutGR.xml
666 ms. Memory: 331776K Free: 307625K (93%)
----------------- Invoking toplevel() on ptolemy.moml.MoMLSimpleApplication@c737008
----------------- Done invoking toplevel() on ptolemy.moml.MoMLSimpleApplication@c737008
reloadAllAccessors: .BouncingBallWithoutGR

===========================================================================================
----------------- testing Sun Jul 08 01:33:30 UTC 2018 /home/travis/build/icyphy/ptII/ptolemy/domains/continuous/test/auto/Brownian.xml
----------------- Instantiating /home/travis/build/icyphy/ptII/ptolemy/domains/continuous/test/auto/Brownian.xml
33 ms. Memory: 331776K Free: 293702K (89%)
----------------- Invoking toplevel() on ptolemy.moml.MoMLSimpleApplication@1bf96c87
----------------- Done invoking toplevel() on ptolemy.moml.MoMLSimpleApplication@1bf96c87
reloadAllAccessors: .Brownian

===========================================================================================
----------------- testing Sun Jul 08 01:33:30 UTC 2018 /home/travis/build/icyphy/ptII/ptolemy/domains/continuous/test/auto/CarTracking.xml
----------------- Instantiating /home/travis/build/icyphy/ptII/ptolemy/domains/continuous/test/auto/CarTracking.xml
3102 ms. Memory: 578048K Free: 449468K (78%)
----------------- Invoking toplevel() on ptolemy.moml.MoMLSimpleApplication@40661ed1
----------------- Done invoking toplevel() on ptolemy.moml.MoMLSimpleApplication@40661ed1
reloadAllAccessors: .CarTracking

===========================================================================================
----------------- testing Sun Jul 08 01:33:34 UTC 2018 /home/travis/build/icyphy/ptII/ptolemy/domains/continuous/test/auto/CartPendulum.xml
----------------- Instantiating /home/travis/build/icyphy/ptII/ptolemy/domains/continuous/test/auto/CartPendulum.xml
412 ms. Memory: 578048K Free: 338312K (59%)
----------------- Invoking toplevel() on ptolemy.moml.MoMLSimpleApplication@3f2f4090
----------------- Done invoking toplevel() on ptolemy.moml.MoMLSimpleApplication@3f2f4090
reloadAllAccessors: .CartPendulum

===========================================================================================
----------------- testing Sun Jul 08 01:33:34 UTC 2018 /home/travis/build/icyphy/ptII/ptolemy/domains/continuous/test/auto/CausalityInterface10.xml
----------------- Instantiating /home/travis/build/icyphy/ptII/ptolemy/domains/continuous/test/auto/CausalityInterface10.xml
9 ms. Memory: 578048K Free: 325202K (56%)
----------------- Invoking toplevel() on ptolemy.moml.MoMLSimpleApplication@70940ee4
----------------- Done invoking toplevel() on ptolemy.moml.MoMLSimpleApplication@70940ee4
reloadAllAccessors: .CausalityInterface10

===========================================================================================
----------------- testing Sun Jul 08 01:33:34 UTC 2018 /home/travis/build/icyphy/ptII/ptolemy/domains/continuous/test/auto/CausalityInterface11.xml
----------------- Instantiating /home/travis/build/icyphy/ptII/ptolemy/domains/continuous/test/auto/CausalityInterface11.xml
8 ms. Memory: 578048K Free: 315382K (55%)
----------------- Invoking toplevel() on ptolemy.moml.MoMLSimpleApplication@3057f4df
----------------- Done invoking toplevel() on ptolemy.moml.MoMLSimpleApplication@3057f4df
reloadAllAccessors: .CausalityInterface11

===========================================================================================
----------------- testing Sun Jul 08 01:33:34 UTC 2018 /home/travis/build/icyphy/ptII/ptolemy/domains/continuous/test/auto/CausalityInterface12.xml
----------------- Instantiating /home/travis/build/icyphy/ptII/ptolemy/domains/continuous/test/auto/CausalityInterface12.xml
9 ms. Memory: 578048K Free: 305546K (53%)
----------------- Invoking toplevel() on ptolemy.moml.MoMLSimpleApplication@44284504
----------------- Done invoking toplevel() on ptolemy.moml.MoMLSimpleApplication@44284504
reloadAllAccessors: .CausalityInterface12

===========================================================================================
----------------- testing Sun Jul 08 01:33:34 UTC 2018 /home/travis/build/icyphy/ptII/ptolemy/domains/continuous/test/auto/CausalityInterface13.xml
----------------- Instantiating /home/travis/build/icyphy/ptII/ptolemy/domains/continuous/test/auto/CausalityInterface13.xml
6 ms. Memory: 578048K Free: 292517K (51%)
----------------- Invoking toplevel() on ptolemy.moml.MoMLSimpleApplication@24248a44
----------------- Done invoking toplevel() on ptolemy.moml.MoMLSimpleApplication@24248a44
reloadAllAccessors: .CausalityInterface13

===========================================================================================
----------------- testing Sun Jul 08 01:33:34 UTC 2018 /home/travis/build/icyphy/ptII/ptolemy/domains/continuous/test/auto/CausalityInterface14.xml
----------------- Instantiating /home/travis/build/icyphy/ptII/ptolemy/domains/continuous/test/auto/CausalityInterface14.xml
3 ms. Memory: 578048K Free: 282689K (49%)
----------------- Invoking toplevel() on ptolemy.moml.MoMLSimpleApplication@2c3ac3eb
----------------- Done invoking toplevel() on ptolemy.moml.MoMLSimpleApplication@2c3ac3eb
reloadAllAccessors: .CausalityInterface14

===========================================================================================
----------------- testing Sun Jul 08 01:33:34 UTC 2018 /home/travis/build/icyphy/ptII/ptolemy/domains/continuous/test/auto/CausalityInterface4.xml
----------------- Instantiating /home/travis/build/icyphy/ptII/ptolemy/domains/continuous/test/auto/CausalityInterface4.xml
5 ms. Memory: 578048K Free: 272853K (47%)
----------------- Invoking toplevel() on ptolemy.moml.MoMLSimpleApplication@2f25d3ea
----------------- Done invoking toplevel() on ptolemy.moml.MoMLSimpleApplication@2f25d3ea
reloadAllAccessors: .CausalityInterface4

===========================================================================================
----------------- testing Sun Jul 08 01:33:35 UTC 2018 /home/travis/build/icyphy/ptII/ptolemy/domains/continuous/test/auto/CausalityInterface5.xml
----------------- Instantiating /home/travis/build/icyphy/ptII/ptolemy/domains/continuous/test/auto/CausalityInterface5.xml
7 ms. Memory: 578048K Free: 259759K (45%)
----------------- Invoking toplevel() on ptolemy.moml.MoMLSimpleApplication@6e867737
----------------- Done invoking toplevel() on ptolemy.moml.MoMLSimpleApplication@6e867737
reloadAllAccessors: .CausalityInterface5

===========================================================================================
----------------- testing Sun Jul 08 01:33:35 UTC 2018 /home/travis/build/icyphy/ptII/ptolemy/domains/continuous/test/auto/CausalityInterface6.xml
----------------- Instantiating /home/travis/build/icyphy/ptII/ptolemy/domains/continuous/test/auto/CausalityInterface6.xml
5 ms. Memory: 578048K Free: 246746K (43%)
----------------- Invoking toplevel() on ptolemy.moml.MoMLSimpleApplication@38cf240c
----------------- Done invoking toplevel() on ptolemy.moml.MoMLSimpleApplication@38cf240c
reloadAllAccessors: .CausalityInterface6

===========================================================================================
----------------- testing Sun Jul 08 01:33:35 UTC 2018 /home/travis/build/icyphy/ptII/ptolemy/domains/continuous/test/auto/CausalityInterface7.xml
----------------- Instantiating /home/travis/build/icyphy/ptII/ptolemy/domains/continuous/test/auto/CausalityInterface7.xml
11 ms. Memory: 578048K Free: 233636K (40%)
----------------- Invoking toplevel() on ptolemy.moml.MoMLSimpleApplication@341e9e99
----------------- Done invoking toplevel() on ptolemy.moml.MoMLSimpleApplication@341e9e99
reloadAllAccessors: .CausalityInterface7

===========================================================================================
----------------- testing Sun Jul 08 01:33:35 UTC 2018 /home/travis/build/icyphy/ptII/ptolemy/domains/continuous/test/auto/CausalityInterface8.xml
----------------- Instantiating /home/travis/build/icyphy/ptII/ptolemy/domains/continuous/test/auto/CausalityInterface8.xml
7 ms. Memory: 578048K Free: 220526K (38%)
----------------- Invoking toplevel() on ptolemy.moml.MoMLSimpleApplication@d7b0ff
----------------- Done invoking toplevel() on ptolemy.moml.MoMLSimpleApplication@d7b0ff
reloadAllAccessors: .CausalityInterface8

===========================================================================================
----------------- testing Sun Jul 08 01:33:35 UTC 2018 /home/travis/build/icyphy/ptII/ptolemy/domains/continuous/test/auto/CausalityInterface9.xml
----------------- Instantiating /home/travis/build/icyphy/ptII/ptolemy/domains/continuous/test/auto/CausalityInterface9.xml
6 ms. Memory: 578048K Free: 204143K (35%)
----------------- Invoking toplevel() on ptolemy.moml.MoMLSimpleApplication@5f184f55
----------------- Done invoking toplevel() on ptolemy.moml.MoMLSimpleApplication@5f184f55
reloadAllAccessors: .CausalityInterface9

===========================================================================================
----------------- testing Sun Jul 08 01:33:35 UTC 2018 /home/travis/build/icyphy/ptII/ptolemy/domains/continuous/test/auto/CausalityInterfaceFeedback1.xml
----------------- Instantiating /home/travis/build/icyphy/ptII/ptolemy/domains/continuous/test/auto/CausalityInterfaceFeedback1.xml
5 ms. Memory: 578048K Free: 191130K (33%)
----------------- Invoking toplevel() on ptolemy.moml.MoMLSimpleApplication@56d9d289
----------------- Done invoking toplevel() on ptolemy.moml.MoMLSimpleApplication@56d9d289
reloadAllAccessors: .CausalityInterfaceFeedback1

===========================================================================================
----------------- testing Sun Jul 08 01:33:35 UTC 2018 /home/travis/build/icyphy/ptII/ptolemy/domains/continuous/test/auto/CausalityInterfaceFeedback2.xml
----------------- Instantiating /home/travis/build/icyphy/ptII/ptolemy/domains/continuous/test/auto/CausalityInterfaceFeedback2.xml
5 ms. Memory: 578048K Free: 181310K (31%)
----------------- Invoking toplevel() on ptolemy.moml.MoMLSimpleApplication@1c48f993
----------------- Done invoking toplevel() on ptolemy.moml.MoMLSimpleApplication@1c48f993
reloadAllAccessors: .CausalityInterfaceFeedback2

===========================================================================================
----------------- testing Sun Jul 08 01:33:35 UTC 2018 /home/travis/build/icyphy/ptII/ptolemy/domains/continuous/test/auto/CompareWithCurrentTime.xml
----------------- Instantiating /home/travis/build/icyphy/ptII/ptolemy/domains/continuous/test/auto/CompareWithCurrentTime.xml
3 ms. Memory: 578048K Free: 174763K (30%)
----------------- Invoking toplevel() on ptolemy.moml.MoMLSimpleApplication@1575f693
----------------- Done invoking toplevel() on ptolemy.moml.MoMLSimpleApplication@1575f693
reloadAllAccessors: .CompareWithCurrentTime

===========================================================================================
----------------- testing Sun Jul 08 01:33:35 UTC 2018 /home/travis/build/icyphy/ptII/ptolemy/domains/continuous/test/auto/ComparedClocks.xml
----------------- Instantiating /home/travis/build/icyphy/ptII/ptolemy/domains/continuous/test/auto/ComparedClocks.xml
6 ms. Memory: 578048K Free: 155107K (27%)
----------------- Invoking toplevel() on ptolemy.moml.MoMLSimpleApplication@49553562
----------------- Done invoking toplevel() on ptolemy.moml.MoMLSimpleApplication@49553562
reloadAllAccessors: .ComparedClocks

===========================================================================================
----------------- testing Sun Jul 08 01:33:35 UTC 2018 /home/travis/build/icyphy/ptII/ptolemy/domains/continuous/test/auto/ContinuousAOCClone.xml
----------------- Instantiating /home/travis/build/icyphy/ptII/ptolemy/domains/continuous/test/auto/ContinuousAOCClone.xml
2338 ms. Memory: 872448K Free: 399627K (46%)
----------------- Invoking toplevel() on ptolemy.moml.MoMLSimpleApplication@2af0757
----------------- Done invoking toplevel() on ptolemy.moml.MoMLSimpleApplication@2af0757
reloadAllAccessors: .ContinuousAOCClone

===========================================================================================
----------------- testing Sun Jul 08 01:33:37 UTC 2018 /home/travis/build/icyphy/ptII/ptolemy/domains/continuous/test/auto/ContinuousClock.xml
----------------- Instantiating /home/travis/build/icyphy/ptII/ptolemy/domains/continuous/test/auto/ContinuousClock.xml
36 ms. Memory: 872448K Free: 366392K (42%)
----------------- Invoking toplevel() on ptolemy.moml.MoMLSimpleApplication@32daaf8e
----------------- Done invoking toplevel() on ptolemy.moml.MoMLSimpleApplication@32daaf8e
reloadAllAccessors: .ContinuousClock

===========================================================================================
----------------- testing Sun Jul 08 01:33:38 UTC 2018 /home/travis/build/icyphy/ptII/ptolemy/domains/continuous/test/auto/ContinuousInContinuous.xml
----------------- Instantiating /home/travis/build/icyphy/ptII/ptolemy/domains/continuous/test/auto/ContinuousInContinuous.xml
45 ms. Memory: 872448K Free: 334927K (38%)
----------------- Invoking toplevel() on ptolemy.moml.MoMLSimpleApplication@5a14291e
----------------- Done invoking toplevel() on ptolemy.moml.MoMLSimpleApplication@5a14291e
reloadAllAccessors: .ContinuousInContinuous

===========================================================================================
----------------- testing Sun Jul 08 01:33:38 UTC 2018 /home/travis/build/icyphy/ptII/ptolemy/domains/continuous/test/auto/ContinuousInContinuousInContinuous.xml
----------------- Instantiating /home/travis/build/icyphy/ptII/ptolemy/domains/continuous/test/auto/ContinuousInContinuousInContinuous.xml
7 ms. Memory: 872448K Free: 319203K (37%)
----------------- Invoking toplevel() on ptolemy.moml.MoMLSimpleApplication@3d919171
----------------- Done invoking toplevel() on ptolemy.moml.MoMLSimpleApplication@3d919171
reloadAllAccessors: .ContinuousInContinuousInContinuous

===========================================================================================
----------------- testing Sun Jul 08 01:33:38 UTC 2018 /home/travis/build/icyphy/ptII/ptolemy/domains/continuous/test/auto/ContinuousInDE.xml
----------------- Instantiating /home/travis/build/icyphy/ptII/ptolemy/domains/continuous/test/auto/ContinuousInDE.xml
108 ms. Memory: 872448K Free: 303495K (35%)
----------------- Invoking toplevel() on ptolemy.moml.MoMLSimpleApplication@31d9fca9
----------------- Done invoking toplevel() on ptolemy.moml.MoMLSimpleApplication@31d9fca9
reloadAllAccessors: .ContinuousInDE

===========================================================================================
----------------- testing Sun Jul 08 01:33:38 UTC 2018 /home/travis/build/icyphy/ptII/ptolemy/domains/continuous/test/auto/ContinuousInDE2.xml
----------------- Instantiating /home/travis/build/icyphy/ptII/ptolemy/domains/continuous/test/auto/ContinuousInDE2.xml
41 ms. Memory: 872448K Free: 284325K (33%)
----------------- Invoking toplevel() on ptolemy.moml.MoMLSimpleApplication@7120957e
----------------- Done invoking toplevel() on ptolemy.moml.MoMLSimpleApplication@7120957e
reloadAllAccessors: .ContinuousInDE2

===========================================================================================
----------------- testing Sun Jul 08 01:33:38 UTC 2018 /home/travis/build/icyphy/ptII/ptolemy/domains/continuous/test/auto/ContinuousInDE3.xml
----------------- Instantiating /home/travis/build/icyphy/ptII/ptolemy/domains/continuous/test/auto/ContinuousInDE3.xml
38 ms. Memory: 872448K Free: 268617K (31%)
----------------- Invoking toplevel() on ptolemy.moml.MoMLSimpleApplication@7bbbb271
----------------- Done invoking toplevel() on ptolemy.moml.MoMLSimpleApplication@7bbbb271
reloadAllAccessors: .ContinuousInDE3

===========================================================================================
----------------- testing Sun Jul 08 01:33:38 UTC 2018 /home/travis/build/icyphy/ptII/ptolemy/domains/continuous/test/auto/ContinuousInDE4.xml
----------------- Instantiating /home/travis/build/icyphy/ptII/ptolemy/domains/continuous/test/auto/ContinuousInDE4.xml
16 ms. Memory: 872448K Free: 258144K (30%)
----------------- Invoking toplevel() on ptolemy.moml.MoMLSimpleApplication@1b91222d
----------------- Done invoking toplevel() on ptolemy.moml.MoMLSimpleApplication@1b91222d
reloadAllAccessors: .ContinuousInDE4

===========================================================================================
----------------- testing Sun Jul 08 01:33:38 UTC 2018 /home/travis/build/icyphy/ptII/ptolemy/domains/continuous/test/auto/ContinuousInDEDifferentRefinements.xml
----------------- Instantiating /home/travis/build/icyphy/ptII/ptolemy/domains/continuous/test/auto/ContinuousInDEDifferentRefinements.xml
45 ms. Memory: 872448K Free: 221452K (25%)
----------------- Invoking toplevel() on ptolemy.moml.MoMLSimpleApplication@3f74354d
----------------- Done invoking toplevel() on ptolemy.moml.MoMLSimpleApplication@3f74354d
reloadAllAccessors: .ContinuousInDEDifferentRefinements

===========================================================================================
----------------- testing Sun Jul 08 01:33:38 UTC 2018 /home/travis/build/icyphy/ptII/ptolemy/domains/continuous/test/auto/ContinuousInDEDifferentRefinementsPreemptive.xml
----------------- Instantiating /home/travis/build/icyphy/ptII/ptolemy/domains/continuous/test/auto/ContinuousInDEDifferentRefinementsPreemptive.xml
47 ms. Memory: 872448K Free: 181312K (21%)
----------------- Invoking toplevel() on ptolemy.moml.MoMLSimpleApplication@1003d07
----------------- Done invoking toplevel() on ptolemy.moml.MoMLSimpleApplication@1003d07
reloadAllAccessors: .ContinuousInDEDifferentRefinementsPreemptive

===========================================================================================
----------------- testing Sun Jul 08 01:33:38 UTC 2018 /home/travis/build/icyphy/ptII/ptolemy/domains/continuous/test/auto/ContinuousInDEInContinuous2.xml
----------------- Instantiating /home/travis/build/icyphy/ptII/ptolemy/domains/continuous/test/auto/ContinuousInDEInContinuous2.xml
32 ms. Memory: 872448K Free: 165604K (19%)
----------------- Invoking toplevel() on ptolemy.moml.MoMLSimpleApplication@4f524c30
----------------- Done invoking toplevel() on ptolemy.moml.MoMLSimpleApplication@4f524c30
reloadAllAccessors: .ContinuousInDEInContinuous2

===========================================================================================
----------------- testing Sun Jul 08 01:33:38 UTC 2018 /home/travis/build/icyphy/ptII/ptolemy/domains/continuous/test/auto/ContinuousInDEInContinuous3.xml
----------------- Instantiating /home/travis/build/icyphy/ptII/ptolemy/domains/continuous/test/auto/ContinuousInDEInContinuous3.xml
36 ms. Memory: 872448K Free: 144643K (17%)
----------------- Invoking toplevel() on ptolemy.moml.MoMLSimpleApplication@10944bb8
----------------- Done invoking toplevel() on ptolemy.moml.MoMLSimpleApplication@10944bb8
reloadAllAccessors: .ContinuousInDEInContinuous3

===========================================================================================
----------------- testing Sun Jul 08 01:33:38 UTC 2018 /home/travis/build/icyphy/ptII/ptolemy/domains/continuous/test/auto/ContinuousInDEInput.xml
----------------- Instantiating /home/travis/build/icyphy/ptII/ptolemy/domains/continuous/test/auto/ContinuousInDEInput.xml
26 ms. Memory: 872448K Free: 134171K (15%)
----------------- Invoking toplevel() on ptolemy.moml.MoMLSimpleApplication@2ce547ce
----------------- Done invoking toplevel() on ptolemy.moml.MoMLSimpleApplication@2ce547ce
reloadAllAccessors: .ContinuousInDEInput

===========================================================================================
----------------- testing Sun Jul 08 01:33:38 UTC 2018 /home/travis/build/icyphy/ptII/ptolemy/domains/continuous/test/auto/ContinuousInDEInput2.xml
----------------- Instantiating /home/travis/build/icyphy/ptII/ptolemy/domains/continuous/test/auto/ContinuousInDEInput2.xml
12 ms. Memory: 872448K Free: 118463K (14%)
----------------- Invoking toplevel() on ptolemy.moml.MoMLSimpleApplication@4465fdce
----------------- Done invoking toplevel() on ptolemy.moml.MoMLSimpleApplication@4465fdce
reloadAllAccessors: .ContinuousInDEInput2

===========================================================================================
----------------- testing Sun Jul 08 01:33:38 UTC 2018 /home/travis/build/icyphy/ptII/ptolemy/domains/continuous/test/auto/ContinuousInDEInput3.xml
----------------- Instantiating /home/travis/build/icyphy/ptII/ptolemy/domains/continuous/test/auto/ContinuousInDEInput3.xml
12 ms. Memory: 872448K Free: 104528K (12%)
----------------- Invoking toplevel() on ptolemy.moml.MoMLSimpleApplication@449e7d34
----------------- Done invoking toplevel() on ptolemy.moml.MoMLSimpleApplication@449e7d34
reloadAllAccessors: .ContinuousInDEInput3

===========================================================================================
----------------- testing Sun Jul 08 01:33:38 UTC 2018 /home/travis/build/icyphy/ptII/ptolemy/domains/continuous/test/auto/ContinuousInDESharingRefinement.xml
----------------- Instantiating /home/travis/build/icyphy/ptII/ptolemy/domains/continuous/test/auto/ContinuousInDESharingRefinement.xml
150 ms. Memory: 872960K Free: 792639K (91%)
----------------- Invoking toplevel() on ptolemy.moml.MoMLSimpleApplication@5fd3e86e
----------------- Done invoking toplevel() on ptolemy.moml.MoMLSimpleApplication@5fd3e86e
reloadAllAccessors: .ContinuousInDESharingRefinement

===========================================================================================
----------------- testing Sun Jul 08 01:33:39 UTC 2018 /home/travis/build/icyphy/ptII/ptolemy/domains/continuous/test/auto/ContinuousInDEwithNoPorts.xml
----------------- Instantiating /home/travis/build/icyphy/ptII/ptolemy/domains/continuous/test/auto/ContinuousInDEwithNoPorts.xml
6 ms. Memory: 872960K Free: 779789K (89%)
----------------- Invoking toplevel() on ptolemy.moml.MoMLSimpleApplication@30f1bceb
----------------- Done invoking toplevel() on ptolemy.moml.MoMLSimpleApplication@30f1bceb
reloadAllAccessors: .ContinuousInDEwithNoPorts

===========================================================================================
----------------- testing Sun Jul 08 01:33:39 UTC 2018 /home/travis/build/icyphy/ptII/ptolemy/domains/continuous/test/auto/ContinuousInsideDE.xml
----------------- Instantiating /home/travis/build/icyphy/ptII/ptolemy/domains/continuous/test/auto/ContinuousInsideDE.xml
49 ms. Memory: 872960K Free: 760137K (87%)
----------------- Invoking toplevel() on ptolemy.moml.MoMLSimpleApplication@40ae7817
----------------- Done invoking toplevel() on ptolemy.moml.MoMLSimpleApplication@40ae7817
reloadAllAccessors: .ContinuousInsideDE

===========================================================================================
----------------- testing Sun Jul 08 01:33:39 UTC 2018 /home/travis/build/icyphy/ptII/ptolemy/domains/continuous/test/auto/ContinuousMerge1.xml
----------------- Instantiating /home/travis/build/icyphy/ptII/ptolemy/domains/continuous/test/auto/ContinuousMerge1.xml
4 ms. Memory: 872960K Free: 749957K (86%)
----------------- Invoking toplevel() on ptolemy.moml.MoMLSimpleApplication@74b1b25a
----------------- Done invoking toplevel() on ptolemy.moml.MoMLSimpleApplication@74b1b25a
reloadAllAccessors: .ContinuousMerge1

===========================================================================================
----------------- testing Sun Jul 08 01:33:39 UTC 2018 /home/travis/build/icyphy/ptII/ptolemy/domains/continuous/test/auto/ContinuousMerge2.xml
----------------- Instantiating /home/travis/build/icyphy/ptII/ptolemy/domains/continuous/test/auto/ContinuousMerge2.xml
14 ms. Memory: 872960K Free: 734054K (84%)
----------------- Invoking toplevel() on ptolemy.moml.MoMLSimpleApplication@73c2da5c
----------------- Done invoking toplevel() on ptolemy.moml.MoMLSimpleApplication@73c2da5c
reloadAllAccessors: .ContinuousMerge2

===========================================================================================
----------------- testing Sun Jul 08 01:33:39 UTC 2018 /home/travis/build/icyphy/ptII/ptolemy/domains/continuous/test/auto/ContinuousMerge3.xml
----------------- Instantiating /home/travis/build/icyphy/ptII/ptolemy/domains/continuous/test/auto/ContinuousMerge3.xml
40 ms. Memory: 872960K Free: 718330K (82%)
----------------- Invoking toplevel() on ptolemy.moml.MoMLSimpleApplication@5a78cf97
----------------- Done invoking toplevel() on ptolemy.moml.MoMLSimpleApplication@5a78cf97
reloadAllAccessors: .ContinuousMerge3

===========================================================================================
----------------- testing Sun Jul 08 01:33:39 UTC 2018 /home/travis/build/icyphy/ptII/ptolemy/domains/continuous/test/auto/ContinuousWithinContinuous.xml
----------------- Instantiating /home/travis/build/icyphy/ptII/ptolemy/domains/continuous/test/auto/ContinuousWithinContinuous.xml
38 ms. Memory: 872960K Free: 700280K (80%)
----------------- Invoking toplevel() on ptolemy.moml.MoMLSimpleApplication@1b6ddbee
----------------- Done invoking toplevel() on ptolemy.moml.MoMLSimpleApplication@1b6ddbee
reloadAllAccessors: .ContinuousWithinContinuous

===========================================================================================
----------------- testing Sun Jul 08 01:33:39 UTC 2018 /home/travis/build/icyphy/ptII/ptolemy/domains/continuous/test/auto/ContinuousWithinContinuous2.xml
----------------- Instantiating /home/travis/build/icyphy/ptII/ptolemy/domains/continuous/test/auto/ContinuousWithinContinuous2.xml
56 ms. Memory: 872960K Free: 688499K (79%)
----------------- Invoking toplevel() on ptolemy.moml.MoMLSimpleApplication@6bb168ee
----------------- Done invoking toplevel() on ptolemy.moml.MoMLSimpleApplication@6bb168ee
reloadAllAccessors: .ContinuousWithinContinuous2

===========================================================================================
----------------- testing Sun Jul 08 01:33:39 UTC 2018 /home/travis/build/icyphy/ptII/ptolemy/domains/continuous/test/auto/ContinuousWithinContinuous3.xml
----------------- Instantiating /home/travis/build/icyphy/ptII/ptolemy/domains/continuous/test/auto/ContinuousWithinContinuous3.xml
16 ms. Memory: 872960K Free: 676718K (78%)
----------------- Invoking toplevel() on ptolemy.moml.MoMLSimpleApplication@472c88ef
----------------- Done invoking toplevel() on ptolemy.moml.MoMLSimpleApplication@472c88ef
reloadAllAccessors: .ContinuousWithinContinuous3

===========================================================================================
----------------- testing Sun Jul 08 01:33:39 UTC 2018 /home/travis/build/icyphy/ptII/ptolemy/domains/continuous/test/auto/ContinuousWithinContinuous4.xml
----------------- Instantiating /home/travis/build/icyphy/ptII/ptolemy/domains/continuous/test/auto/ContinuousWithinContinuous4.xml
65 ms. Memory: 872960K Free: 654741K (75%)
----------------- Invoking toplevel() on ptolemy.moml.MoMLSimpleApplication@2c6c5f46
----------------- Done invoking toplevel() on ptolemy.moml.MoMLSimpleApplication@2c6c5f46
reloadAllAccessors: .ContinuousWithinContinuous4

===========================================================================================
----------------- testing Sun Jul 08 01:33:39 UTC 2018 /home/travis/build/icyphy/ptII/ptolemy/domains/continuous/test/auto/ContinuousWithinContinuous5.xml
----------------- Instantiating /home/travis/build/icyphy/ptII/ptolemy/domains/continuous/test/auto/ContinuousWithinContinuous5.xml
11 ms. Memory: 872960K Free: 642951K (74%)
----------------- Invoking toplevel() on ptolemy.moml.MoMLSimpleApplication@602a760e
----------------- Done invoking toplevel() on ptolemy.moml.MoMLSimpleApplication@602a760e
reloadAllAccessors: .ContinuousWithinContinuous5

===========================================================================================
----------------- testing Sun Jul 08 01:33:39 UTC 2018 /home/travis/build/icyphy/ptII/ptolemy/domains/continuous/test/auto/ContinuousWithinContinuous6.xml
----------------- Instantiating /home/travis/build/icyphy/ptII/ptolemy/domains/continuous/test/auto/ContinuousWithinContinuous6.xml
11 ms. Memory: 872960K Free: 631162K (72%)
----------------- Invoking toplevel() on ptolemy.moml.MoMLSimpleApplication@185ba4d9
----------------- Done invoking toplevel() on ptolemy.moml.MoMLSimpleApplication@185ba4d9
reloadAllAccessors: .ContinuousWithinContinuous6

===========================================================================================
----------------- testing Sun Jul 08 01:33:39 UTC 2018 /home/travis/build/icyphy/ptII/ptolemy/domains/continuous/test/auto/ContinuousWithinContinuous7.xml
----------------- Instantiating /home/travis/build/icyphy/ptII/ptolemy/domains/continuous/test/auto/ContinuousWithinContinuous7.xml
52 ms. Memory: 872960K Free: 617056K (71%)
----------------- Invoking toplevel() on ptolemy.moml.MoMLSimpleApplication@700aa6ac
----------------- Done invoking toplevel() on ptolemy.moml.MoMLSimpleApplication@700aa6ac
reloadAllAccessors: .ContinuousWithinContinuous7

===========================================================================================
----------------- testing Sun Jul 08 01:33:39 UTC 2018 /home/travis/build/icyphy/ptII/ptolemy/domains/continuous/test/auto/DCMotor.xml
----------------- Instantiating /home/travis/build/icyphy/ptII/ptolemy/domains/continuous/test/auto/DCMotor.xml
13947 ms. Memory: 696832K Free: 594658K (85%)
----------------- Invoking toplevel() on ptolemy.moml.MoMLSimpleApplication@200eb180
----------------- Done invoking toplevel() on ptolemy.moml.MoMLSimpleApplication@200eb180
reloadAllAccessors: .DCMotor

===========================================================================================
----------------- testing Sun Jul 08 01:33:53 UTC 2018 /home/travis/build/icyphy/ptII/ptolemy/domains/continuous/test/auto/DEInContinuous.xml
----------------- Instantiating /home/travis/build/icyphy/ptII/ptolemy/domains/continuous/test/auto/DEInContinuous.xml
6 ms. Memory: 696832K Free: 579321K (83%)
----------------- Invoking toplevel() on ptolemy.moml.MoMLSimpleApplication@67a274f8
----------------- Done invoking toplevel() on ptolemy.moml.MoMLSimpleApplication@67a274f8
reloadAllAccessors: .DEInContinuous

===========================================================================================
----------------- testing Sun Jul 08 01:33:53 UTC 2018 /home/travis/build/icyphy/ptII/ptolemy/domains/continuous/test/auto/DEinContinuous2.xml
----------------- Instantiating /home/travis/build/icyphy/ptII/ptolemy/domains/continuous/test/auto/DEinContinuous2.xml
5 ms. Memory: 696832K Free: 559598K (80%)
----------------- Invoking toplevel() on ptolemy.moml.MoMLSimpleApplication@68b4efd3
----------------- Done invoking toplevel() on ptolemy.moml.MoMLSimpleApplication@68b4efd3
reloadAllAccessors: .DEinContinuous2

===========================================================================================
----------------- testing Sun Jul 08 01:33:53 UTC 2018 /home/travis/build/icyphy/ptII/ptolemy/domains/continuous/test/auto/Derivative.xml
----------------- Instantiating /home/travis/build/icyphy/ptII/ptolemy/domains/continuous/test/auto/Derivative.xml
153 ms. Memory: 696832K Free: 522571K (75%)
----------------- Invoking toplevel() on ptolemy.moml.MoMLSimpleApplication@7ece679a
----------------- Done invoking toplevel() on ptolemy.moml.MoMLSimpleApplication@7ece679a
reloadAllAccessors: .Derivative2

===========================================================================================
----------------- testing Sun Jul 08 01:33:53 UTC 2018 /home/travis/build/icyphy/ptII/ptolemy/domains/continuous/test/auto/Derivative1.xml
----------------- Instantiating /home/travis/build/icyphy/ptII/ptolemy/domains/continuous/test/auto/Derivative1.xml
11 ms. Memory: 696832K Free: 502848K (72%)
----------------- Invoking toplevel() on ptolemy.moml.MoMLSimpleApplication@7e782997
----------------- Done invoking toplevel() on ptolemy.moml.MoMLSimpleApplication@7e782997
reloadAllAccessors: .Derivative1

===========================================================================================
----------------- testing Sun Jul 08 01:33:54 UTC 2018 /home/travis/build/icyphy/ptII/ptolemy/domains/continuous/test/auto/DiscreteClock.xml
----------------- Instantiating /home/travis/build/icyphy/ptII/ptolemy/domains/continuous/test/auto/DiscreteClock.xml
3 ms. Memory: 696832K Free: 489296K (70%)
----------------- Invoking toplevel() on ptolemy.moml.MoMLSimpleApplication@19ab4d50
----------------- Done invoking toplevel() on ptolemy.moml.MoMLSimpleApplication@19ab4d50
reloadAllAccessors: .DiscreteClock

===========================================================================================
----------------- testing Sun Jul 08 01:33:54 UTC 2018 /home/travis/build/icyphy/ptII/ptolemy/domains/continuous/test/auto/EfficiencyCurve.xml
----------------- Instantiating /home/travis/build/icyphy/ptII/ptolemy/domains/continuous/test/auto/EfficiencyCurve.xml
56 ms. Memory: 696832K Free: 476987K (68%)
----------------- Invoking toplevel() on ptolemy.moml.MoMLSimpleApplication@156da480
----------------- Done invoking toplevel() on ptolemy.moml.MoMLSimpleApplication@156da480
reloadAllAccessors: .EfficiencyCurve

===========================================================================================
----------------- testing Sun Jul 08 01:33:54 UTC 2018 /home/travis/build/icyphy/ptII/ptolemy/domains/continuous/test/auto/ExponentialResponse.xml
----------------- Instantiating /home/travis/build/icyphy/ptII/ptolemy/domains/continuous/test/auto/ExponentialResponse.xml
109 ms. Memory: 696832K Free: 451126K (65%)
----------------- Invoking toplevel() on ptolemy.moml.MoMLSimpleApplication@456468e3
----------------- Done invoking toplevel() on ptolemy.moml.MoMLSimpleApplication@456468e3
reloadAllAccessors: .ExponentialResponse

===========================================================================================
----------------- testing Sun Jul 08 01:33:54 UTC 2018 /home/travis/build/icyphy/ptII/ptolemy/domains/continuous/test/auto/ExponentialResponseRK45.xml
----------------- Instantiating /home/travis/build/icyphy/ptII/ptolemy/domains/continuous/test/auto/ExponentialResponseRK45.xml
27 ms. Memory: 696832K Free: 437574K (63%)
----------------- Invoking toplevel() on ptolemy.moml.MoMLSimpleApplication@4571144a
----------------- Done invoking toplevel() on ptolemy.moml.MoMLSimpleApplication@4571144a
reloadAllAccessors: .ExponentialResponseRK45

===========================================================================================
----------------- testing Sun Jul 08 01:33:54 UTC 2018 /home/travis/build/icyphy/ptII/ptolemy/domains/continuous/test/auto/Friction.xml
----------------- Instantiating /home/travis/build/icyphy/ptII/ptolemy/domains/continuous/test/auto/Friction.xml
1351 ms. Memory: 674304K Free: 556569K (83%)
----------------- Invoking toplevel() on ptolemy.moml.MoMLSimpleApplication@b82105c
----------------- Done invoking toplevel() on ptolemy.moml.MoMLSimpleApplication@b82105c
reloadAllAccessors: .Friction

===========================================================================================
----------------- testing Sun Jul 08 01:33:55 UTC 2018 /home/travis/build/icyphy/ptII/ptolemy/domains/continuous/test/auto/FurutaPendulum.xml
----------------- Instantiating /home/travis/build/icyphy/ptII/ptolemy/domains/continuous/test/auto/FurutaPendulum.xml
3571 ms. Memory: 643072K Free: 566840K (88%)
----------------- Invoking toplevel() on ptolemy.moml.MoMLSimpleApplication@2febea8a
----------------- Done invoking toplevel() on ptolemy.moml.MoMLSimpleApplication@2febea8a
reloadAllAccessors: .FurutaPendulum

===========================================================================================
----------------- testing Sun Jul 08 01:33:59 UTC 2018 /home/travis/build/icyphy/ptII/ptolemy/domains/continuous/test/auto/HierarchicalExecution.xml
----------------- Instantiating /home/travis/build/icyphy/ptII/ptolemy/domains/continuous/test/auto/HierarchicalExecution.xml
1923 ms. Memory: 643072K Free: 255058K (40%)
----------------- Invoking toplevel() on ptolemy.moml.MoMLSimpleApplication@5621596e
----------------- Done invoking toplevel() on ptolemy.moml.MoMLSimpleApplication@5621596e
reloadAllAccessors: .HierarchicalExecution

===========================================================================================
----------------- testing Sun Jul 08 01:34:01 UTC 2018 /home/travis/build/icyphy/ptII/ptolemy/domains/continuous/test/auto/HybridPlant.xml
----------------- Instantiating /home/travis/build/icyphy/ptII/ptolemy/domains/continuous/test/auto/HybridPlant.xml
517 ms. Memory: 614400K Free: 503638K (82%)
----------------- Invoking toplevel() on ptolemy.moml.MoMLSimpleApplication@3f048960
----------------- Done invoking toplevel() on ptolemy.moml.MoMLSimpleApplication@3f048960
reloadAllAccessors: .HybridPlant

===========================================================================================
----------------- testing Sun Jul 08 01:34:02 UTC 2018 /home/travis/build/icyphy/ptII/ptolemy/domains/continuous/test/auto/Hysteresis.xml
----------------- Instantiating /home/travis/build/icyphy/ptII/ptolemy/domains/continuous/test/auto/Hysteresis.xml
141 ms. Memory: 614400K Free: 437026K (71%)
----------------- Invoking toplevel() on ptolemy.moml.MoMLSimpleApplication@5ff4d435
----------------- Done invoking toplevel() on ptolemy.moml.MoMLSimpleApplication@5ff4d435
reloadAllAccessors: .Hysteresis

===========================================================================================
----------------- testing Sun Jul 08 01:34:02 UTC 2018 /home/travis/build/icyphy/ptII/ptolemy/domains/continuous/test/auto/HysteresisWithRandomDelay.xml
----------------- Instantiating /home/travis/build/icyphy/ptII/ptolemy/domains/continuous/test/auto/HysteresisWithRandomDelay.xml
162 ms. Memory: 614400K Free: 355941K (58%)
----------------- Invoking toplevel() on ptolemy.moml.MoMLSimpleApplication@6f793f5
----------------- Done invoking toplevel() on ptolemy.moml.MoMLSimpleApplication@6f793f5
reloadAllAccessors: .HysteresisWithRandomDelay

===========================================================================================
----------------- testing Sun Jul 08 01:34:02 UTC 2018 /home/travis/build/icyphy/ptII/ptolemy/domains/continuous/test/auto/HysteresisWithRandomLosses.xml
----------------- Instantiating /home/travis/build/icyphy/ptII/ptolemy/domains/continuous/test/auto/HysteresisWithRandomLosses.xml
2320 ms. Memory: 591360K Free: 74668K (13%)
----------------- Invoking toplevel() on ptolemy.moml.MoMLSimpleApplication@1628bd5a
----------------- Done invoking toplevel() on ptolemy.moml.MoMLSimpleApplication@1628bd5a
reloadAllAccessors: .HysteresisWithRandomLosses

===========================================================================================
----------------- testing Sun Jul 08 01:34:05 UTC 2018 /home/travis/build/icyphy/ptII/ptolemy/domains/continuous/test/auto/ImmediateTransitions.xml
----------------- Instantiating /home/travis/build/icyphy/ptII/ptolemy/domains/continuous/test/auto/ImmediateTransitions.xml
18 ms. Memory: 565248K Free: 542151K (96%)
----------------- Invoking toplevel() on ptolemy.moml.MoMLSimpleApplication@7a159ed5
----------------- Done invoking toplevel() on ptolemy.moml.MoMLSimpleApplication@7a159ed5
reloadAllAccessors: .ImmediateTransitions

===========================================================================================
----------------- testing Sun Jul 08 01:34:05 UTC 2018 /home/travis/build/icyphy/ptII/ptolemy/domains/continuous/test/auto/ImpulseFeedback.xml
----------------- Instantiating /home/travis/build/icyphy/ptII/ptolemy/domains/continuous/test/auto/ImpulseFeedback.xml
16 ms. Memory: 565248K Free: 532755K (94%)
----------------- Invoking toplevel() on ptolemy.moml.MoMLSimpleApplication@429bfae8
----------------- Done invoking toplevel() on ptolemy.moml.MoMLSimpleApplication@429bfae8
reloadAllAccessors: .ImpulseFeedback

===========================================================================================
----------------- testing Sun Jul 08 01:34:05 UTC 2018 /home/travis/build/icyphy/ptII/ptolemy/domains/continuous/test/auto/ImpulseFeedback2.xml
----------------- Instantiating /home/travis/build/icyphy/ptII/ptolemy/domains/continuous/test/auto/ImpulseFeedback2.xml
5 ms. Memory: 565248K Free: 524625K (93%)
----------------- Invoking toplevel() on ptolemy.moml.MoMLSimpleApplication@39d5d136
----------------- Done invoking toplevel() on ptolemy.moml.MoMLSimpleApplication@39d5d136
reloadAllAccessors: .ImpulseFeedback2

===========================================================================================
----------------- testing Sun Jul 08 01:34:05 UTC 2018 /home/travis/build/icyphy/ptII/ptolemy/domains/continuous/test/auto/IncreasingRatePoisson.xml
----------------- Instantiating /home/travis/build/icyphy/ptII/ptolemy/domains/continuous/test/auto/IncreasingRatePoisson.xml
671 ms. Memory: 565248K Free: 212753K (38%)
----------------- Invoking toplevel() on ptolemy.moml.MoMLSimpleApplication@689e01b5
----------------- Done invoking toplevel() on ptolemy.moml.MoMLSimpleApplication@689e01b5
reloadAllAccessors: .IncreasingRatePoisson

===========================================================================================
----------------- testing Sun Jul 08 01:34:05 UTC 2018 /home/travis/build/icyphy/ptII/ptolemy/domains/continuous/test/auto/InitialStateFeedback.xml
----------------- Instantiating /home/travis/build/icyphy/ptII/ptolemy/domains/continuous/test/auto/InitialStateFeedback.xml
5 ms. Memory: 565248K Free: 204622K (36%)
----------------- Invoking toplevel() on ptolemy.moml.MoMLSimpleApplication@5728820d
----------------- Done invoking toplevel() on ptolemy.moml.MoMLSimpleApplication@5728820d
reloadAllAccessors: .InitialStateFeedback

===========================================================================================
----------------- testing Sun Jul 08 01:34:05 UTC 2018 /home/travis/build/icyphy/ptII/ptolemy/domains/continuous/test/auto/Integration.xml
----------------- Instantiating /home/travis/build/icyphy/ptII/ptolemy/domains/continuous/test/auto/Integration.xml
1 ms. Memory: 565248K Free: 196491K (35%)
----------------- Invoking toplevel() on ptolemy.moml.MoMLSimpleApplication@1d9a965b
----------------- Done invoking toplevel() on ptolemy.moml.MoMLSimpleApplication@1d9a965b
reloadAllAccessors: .Integration

===========================================================================================
----------------- testing Sun Jul 08 01:34:05 UTC 2018 /home/travis/build/icyphy/ptII/ptolemy/domains/continuous/test/auto/Integration2.xml
----------------- Instantiating /home/travis/build/icyphy/ptII/ptolemy/domains/continuous/test/auto/Integration2.xml
80 ms. Memory: 565248K Free: 178699K (32%)
----------------- Invoking toplevel() on ptolemy.moml.MoMLSimpleApplication@5b2f7766
----------------- Done invoking toplevel() on ptolemy.moml.MoMLSimpleApplication@5b2f7766
reloadAllAccessors: .Integration2

===========================================================================================
----------------- testing Sun Jul 08 01:34:06 UTC 2018 /home/travis/build/icyphy/ptII/ptolemy/domains/continuous/test/auto/Integration3.xml
----------------- Instantiating /home/travis/build/icyphy/ptII/ptolemy/domains/continuous/test/auto/Integration3.xml
3 ms. Memory: 565248K Free: 170568K (30%)
----------------- Invoking toplevel() on ptolemy.moml.MoMLSimpleApplication@39619165
----------------- Done invoking toplevel() on ptolemy.moml.MoMLSimpleApplication@39619165
reloadAllAccessors: .Integration3

===========================================================================================
----------------- testing Sun Jul 08 01:34:06 UTC 2018 /home/travis/build/icyphy/ptII/ptolemy/domains/continuous/test/auto/Integration5.xml
----------------- Instantiating /home/travis/build/icyphy/ptII/ptolemy/domains/continuous/test/auto/Integration5.xml
2 ms. Memory: 565248K Free: 162446K (29%)
----------------- Invoking toplevel() on ptolemy.moml.MoMLSimpleApplication@7cd54796
----------------- Done invoking toplevel() on ptolemy.moml.MoMLSimpleApplication@7cd54796
reloadAllAccessors: .Integration5

===========================================================================================
----------------- testing Sun Jul 08 01:34:06 UTC 2018 /home/travis/build/icyphy/ptII/ptolemy/domains/continuous/test/auto/IntegratorImpulse.xml
----------------- Instantiating /home/travis/build/icyphy/ptII/ptolemy/domains/continuous/test/auto/IntegratorImpulse.xml
2 ms. Memory: 565248K Free: 154330K (27%)
----------------- Invoking toplevel() on ptolemy.moml.MoMLSimpleApplication@396b10d7
----------------- Done invoking toplevel() on ptolemy.moml.MoMLSimpleApplication@396b10d7
reloadAllAccessors: .IntegratorImpulse

===========================================================================================
----------------- testing Sun Jul 08 01:34:06 UTC 2018 /home/travis/build/icyphy/ptII/ptolemy/domains/continuous/test/auto/IntegratorImpulse2.xml
----------------- Instantiating /home/travis/build/icyphy/ptII/ptolemy/domains/continuous/test/auto/IntegratorImpulse2.xml
3 ms. Memory: 565248K Free: 146216K (26%)
----------------- Invoking toplevel() on ptolemy.moml.MoMLSimpleApplication@305883c
----------------- Done invoking toplevel() on ptolemy.moml.MoMLSimpleApplication@305883c
reloadAllAccessors: .IntegratorImpulse2

===========================================================================================
----------------- testing Sun Jul 08 01:34:06 UTC 2018 /home/travis/build/icyphy/ptII/ptolemy/domains/continuous/test/auto/LevelCrossing1.xml
----------------- Instantiating /home/travis/build/icyphy/ptII/ptolemy/domains/continuous/test/auto/LevelCrossing1.xml
2 ms. Memory: 565248K Free: 138086K (24%)
----------------- Invoking toplevel() on ptolemy.moml.MoMLSimpleApplication@741b36f7
----------------- Done invoking toplevel() on ptolemy.moml.MoMLSimpleApplication@741b36f7
reloadAllAccessors: .LevelCrossing1

===========================================================================================
----------------- testing Sun Jul 08 01:34:06 UTC 2018 /home/travis/build/icyphy/ptII/ptolemy/domains/continuous/test/auto/LevelCrossing2.xml
----------------- Instantiating /home/travis/build/icyphy/ptII/ptolemy/domains/continuous/test/auto/LevelCrossing2.xml
3 ms. Memory: 565248K Free: 129955K (23%)
----------------- Invoking toplevel() on ptolemy.moml.MoMLSimpleApplication@47d6f450
----------------- Done invoking toplevel() on ptolemy.moml.MoMLSimpleApplication@47d6f450
reloadAllAccessors: .LevelCrossing2

===========================================================================================
----------------- testing Sun Jul 08 01:34:06 UTC 2018 /home/travis/build/icyphy/ptII/ptolemy/domains/continuous/test/auto/LevelCrossing3.xml
----------------- Instantiating /home/travis/build/icyphy/ptII/ptolemy/domains/continuous/test/auto/LevelCrossing3.xml
2 ms. Memory: 565248K Free: 121824K (22%)
----------------- Invoking toplevel() on ptolemy.moml.MoMLSimpleApplication@118fb240
----------------- Done invoking toplevel() on ptolemy.moml.MoMLSimpleApplication@118fb240
reloadAllAccessors: .LevelCrossing3

===========================================================================================
----------------- testing Sun Jul 08 01:34:06 UTC 2018 /home/travis/build/icyphy/ptII/ptolemy/domains/continuous/test/auto/LevelCrossing4.xml
----------------- Instantiating /home/travis/build/icyphy/ptII/ptolemy/domains/continuous/test/auto/LevelCrossing4.xml
7 ms. Memory: 565248K Free: 113710K (20%)
----------------- Invoking toplevel() on ptolemy.moml.MoMLSimpleApplication@4587453d
----------------- Done invoking toplevel() on ptolemy.moml.MoMLSimpleApplication@4587453d
reloadAllAccessors: .LevelCrossing4

===========================================================================================
----------------- testing Sun Jul 08 01:34:06 UTC 2018 /home/travis/build/icyphy/ptII/ptolemy/domains/continuous/test/auto/LevelCrossing5.xml
----------------- Instantiating /home/travis/build/icyphy/ptII/ptolemy/domains/continuous/test/auto/LevelCrossing5.xml
3 ms. Memory: 565248K Free: 105580K (19%)
----------------- Invoking toplevel() on ptolemy.moml.MoMLSimpleApplication@5ba22570
----------------- Done invoking toplevel() on ptolemy.moml.MoMLSimpleApplication@5ba22570
reloadAllAccessors: .LevelCrossing5

===========================================================================================
----------------- testing Sun Jul 08 01:34:06 UTC 2018 /home/travis/build/icyphy/ptII/ptolemy/domains/continuous/test/auto/LevelCrossing6.xml
----------------- Instantiating /home/travis/build/icyphy/ptII/ptolemy/domains/continuous/test/auto/LevelCrossing6.xml
[...]
reloadAllAccessors: .ResetTransitionWithStartTime5

===========================================================================================
----------------- testing Sun Jul 08 01:34:22 UTC 2018 /home/travis/build/icyphy/ptII/ptolemy/domains/continuous/test/auto/ResetTransitionWithStartTime6.xml
----------------- Instantiating /home/travis/build/icyphy/ptII/ptolemy/domains/continuous/test/auto/ResetTransitionWithStartTime6.xml
9 ms. Memory: 473600K Free: 389126K (82%)
----------------- Invoking toplevel() on ptolemy.moml.MoMLSimpleApplication@51b2feac
----------------- Done invoking toplevel() on ptolemy.moml.MoMLSimpleApplication@51b2feac
reloadAllAccessors: .ResetTransitionWithStartTime6

===========================================================================================
----------------- testing Sun Jul 08 01:34:22 UTC 2018 /home/travis/build/icyphy/ptII/ptolemy/domains/continuous/test/auto/SRinContinuous.xml
----------------- Instantiating /home/travis/build/icyphy/ptII/ptolemy/domains/continuous/test/auto/SRinContinuous.xml
4 ms. Memory: 473600K Free: 377718K (80%)
----------------- Invoking toplevel() on ptolemy.moml.MoMLSimpleApplication@52f8dabf
----------------- Done invoking toplevel() on ptolemy.moml.MoMLSimpleApplication@52f8dabf
reloadAllAccessors: .SRinContinuous

===========================================================================================
----------------- testing Sun Jul 08 01:34:23 UTC 2018 /home/travis/build/icyphy/ptII/ptolemy/domains/continuous/test/auto/SampledClocks.xml
----------------- Instantiating /home/travis/build/icyphy/ptII/ptolemy/domains/continuous/test/auto/SampledClocks.xml
3 ms. Memory: 473600K Free: 366327K (77%)
----------------- Invoking toplevel() on ptolemy.moml.MoMLSimpleApplication@6791fd19
----------------- Done invoking toplevel() on ptolemy.moml.MoMLSimpleApplication@6791fd19
reloadAllAccessors: .SampledClocks

===========================================================================================
----------------- testing Sun Jul 08 01:34:23 UTC 2018 /home/travis/build/icyphy/ptII/ptolemy/domains/continuous/test/auto/Satellite.xml
----------------- Instantiating /home/travis/build/icyphy/ptII/ptolemy/domains/continuous/test/auto/Satellite.xml
808 ms. Memory: 473600K Free: 182328K (38%)
----------------- Invoking toplevel() on ptolemy.moml.MoMLSimpleApplication@4b5c6f1b
----------------- Done invoking toplevel() on ptolemy.moml.MoMLSimpleApplication@4b5c6f1b
reloadAllAccessors: .Satellite

===========================================================================================
----------------- testing Sun Jul 08 01:34:23 UTC 2018 /home/travis/build/icyphy/ptII/ptolemy/domains/continuous/test/auto/SigmaDelta.xml
----------------- Instantiating /home/travis/build/icyphy/ptII/ptolemy/domains/continuous/test/auto/SigmaDelta.xml
2299 ms. Memory: 462336K Free: 184149K (40%)
----------------- Invoking toplevel() on ptolemy.moml.MoMLSimpleApplication@18bf0836
----------------- Done invoking toplevel() on ptolemy.moml.MoMLSimpleApplication@18bf0836
reloadAllAccessors: .SigmaDelta

===========================================================================================
----------------- testing Sun Jul 08 01:34:26 UTC 2018 /home/travis/build/icyphy/ptII/ptolemy/domains/continuous/test/auto/SinuBouncingBall.xml
----------------- Instantiating /home/travis/build/icyphy/ptII/ptolemy/domains/continuous/test/auto/SinuBouncingBall.xml
772 ms. Memory: 440320K Free: 311000K (71%)
----------------- Invoking toplevel() on ptolemy.moml.MoMLSimpleApplication@5065828b
----------------- Done invoking toplevel() on ptolemy.moml.MoMLSimpleApplication@5065828b
reloadAllAccessors: .SinuBouncingBall

===========================================================================================
----------------- testing Sun Jul 08 01:34:27 UTC 2018 /home/travis/build/icyphy/ptII/ptolemy/domains/continuous/test/auto/Sinusoid.xml
----------------- Instantiating /home/travis/build/icyphy/ptII/ptolemy/domains/continuous/test/auto/Sinusoid.xml
5 ms. Memory: 440320K Free: 301681K (69%)
----------------- Invoking toplevel() on ptolemy.moml.MoMLSimpleApplication@28acbb97
----------------- Done invoking toplevel() on ptolemy.moml.MoMLSimpleApplication@28acbb97
reloadAllAccessors: .Sinusoid

===========================================================================================
----------------- testing Sun Jul 08 01:34:27 UTC 2018 /home/travis/build/icyphy/ptII/ptolemy/domains/continuous/test/auto/SinusoidInNoise.xml
----------------- Instantiating /home/travis/build/icyphy/ptII/ptolemy/domains/continuous/test/auto/SinusoidInNoise.xml
831 ms. Memory: 440320K Free: 100598K (23%)
----------------- Invoking toplevel() on ptolemy.moml.MoMLSimpleApplication@6e09be6c
----------------- Done invoking toplevel() on ptolemy.moml.MoMLSimpleApplication@6e09be6c
reloadAllAccessors: .SinusoidInNoise

===========================================================================================
----------------- testing Sun Jul 08 01:34:28 UTC 2018 /home/travis/build/icyphy/ptII/ptolemy/domains/continuous/test/auto/SinusoidRK45.xml
----------------- Instantiating /home/travis/build/icyphy/ptII/ptolemy/domains/continuous/test/auto/SinusoidRK45.xml
2 ms. Memory: 440320K Free: 92505K (21%)
----------------- Invoking toplevel() on ptolemy.moml.MoMLSimpleApplication@4d46b8a8
----------------- Done invoking toplevel() on ptolemy.moml.MoMLSimpleApplication@4d46b8a8
reloadAllAccessors: .SinusoidRK45

===========================================================================================
----------------- testing Sun Jul 08 01:34:28 UTC 2018 /home/travis/build/icyphy/ptII/ptolemy/domains/continuous/test/auto/SinusoidWithMultipleImpulses.xml
----------------- Instantiating /home/travis/build/icyphy/ptII/ptolemy/domains/continuous/test/auto/SinusoidWithMultipleImpulses.xml
3 ms. Memory: 440320K Free: 84413K (19%)
----------------- Invoking toplevel() on ptolemy.moml.MoMLSimpleApplication@46315521
----------------- Done invoking toplevel() on ptolemy.moml.MoMLSimpleApplication@46315521
reloadAllAccessors: .SinusoidWithMultipleImpulses

===========================================================================================
----------------- testing Sun Jul 08 01:34:28 UTC 2018 /home/travis/build/icyphy/ptII/ptolemy/domains/continuous/test/auto/SquareWave.xml
----------------- Instantiating /home/travis/build/icyphy/ptII/ptolemy/domains/continuous/test/auto/SquareWave.xml
153 ms. Memory: 440320K Free: 54852K (12%)
----------------- Invoking toplevel() on ptolemy.moml.MoMLSimpleApplication@665fe8cf
----------------- Done invoking toplevel() on ptolemy.moml.MoMLSimpleApplication@665fe8cf
reloadAllAccessors: .SquareWave

===========================================================================================
----------------- testing Sun Jul 08 01:34:28 UTC 2018 /home/travis/build/icyphy/ptII/ptolemy/domains/continuous/test/auto/Starmac.xml
----------------- Instantiating /home/travis/build/icyphy/ptII/ptolemy/domains/continuous/test/auto/Starmac.xml
3040 ms. Memory: 423936K Free: 32858K (8%)
----------------- Invoking toplevel() on ptolemy.moml.MoMLSimpleApplication@f7d6b9c
----------------- Done invoking toplevel() on ptolemy.moml.MoMLSimpleApplication@f7d6b9c
reloadAllAccessors: .Starmac

===========================================================================================
----------------- testing Sun Jul 08 01:34:31 UTC 2018 /home/travis/build/icyphy/ptII/ptolemy/domains/continuous/test/auto/StaticUnits.xml
----------------- Instantiating /home/travis/build/icyphy/ptII/ptolemy/domains/continuous/test/auto/StaticUnits.xml
2058 ms. Memory: 396288K Free: 211375K (53%)
----------------- Invoking toplevel() on ptolemy.moml.MoMLSimpleApplication@450f0644
----------------- Done invoking toplevel() on ptolemy.moml.MoMLSimpleApplication@450f0644
reloadAllAccessors: .StaticUnits

===========================================================================================
----------------- testing Sun Jul 08 01:34:34 UTC 2018 /home/travis/build/icyphy/ptII/ptolemy/domains/continuous/test/auto/StickyMasses.xml
----------------- Instantiating /home/travis/build/icyphy/ptII/ptolemy/domains/continuous/test/auto/StickyMasses.xml
103 ms. Memory: 396288K Free: 155119K (39%)
----------------- Invoking toplevel() on ptolemy.moml.MoMLSimpleApplication@7540ce7c
----------------- Done invoking toplevel() on ptolemy.moml.MoMLSimpleApplication@7540ce7c
reloadAllAccessors: .StickyMasses

===========================================================================================
----------------- testing Sun Jul 08 01:34:34 UTC 2018 /home/travis/build/icyphy/ptII/ptolemy/domains/continuous/test/auto/StopTime.xml
----------------- Instantiating /home/travis/build/icyphy/ptII/ptolemy/domains/continuous/test/auto/StopTime.xml
36 ms. Memory: 396288K Free: 127166K (32%)
----------------- Invoking toplevel() on ptolemy.moml.MoMLSimpleApplication@450ca0c8
----------------- Done invoking toplevel() on ptolemy.moml.MoMLSimpleApplication@450ca0c8
reloadAllAccessors: .StopTime

===========================================================================================
----------------- testing Sun Jul 08 01:34:34 UTC 2018 /home/travis/build/icyphy/ptII/ptolemy/domains/continuous/test/auto/StopTime2.xml
----------------- Instantiating /home/travis/build/icyphy/ptII/ptolemy/domains/continuous/test/auto/StopTime2.xml
33 ms. Memory: 396288K Free: 103382K (26%)
----------------- Invoking toplevel() on ptolemy.moml.MoMLSimpleApplication@28ac536e
----------------- Done invoking toplevel() on ptolemy.moml.MoMLSimpleApplication@28ac536e
reloadAllAccessors: .StopTime2

===========================================================================================
----------------- testing Sun Jul 08 01:34:34 UTC 2018 /home/travis/build/icyphy/ptII/ptolemy/domains/continuous/test/auto/Switch.xml
----------------- Instantiating /home/travis/build/icyphy/ptII/ptolemy/domains/continuous/test/auto/Switch.xml
43 ms. Memory: 396288K Free: 73297K (18%)
----------------- Invoking toplevel() on ptolemy.moml.MoMLSimpleApplication@740dd71c
----------------- Done invoking toplevel() on ptolemy.moml.MoMLSimpleApplication@740dd71c
reloadAllAccessors: .Switch

===========================================================================================
----------------- testing Sun Jul 08 01:34:34 UTC 2018 /home/travis/build/icyphy/ptII/ptolemy/domains/continuous/test/auto/Thermostat.xml
----------------- Instantiating /home/travis/build/icyphy/ptII/ptolemy/domains/continuous/test/auto/Thermostat.xml
181 ms. Memory: 378368K Free: 290570K (77%)
----------------- Invoking toplevel() on ptolemy.moml.MoMLSimpleApplication@5e40f197
----------------- Done invoking toplevel() on ptolemy.moml.MoMLSimpleApplication@5e40f197
reloadAllAccessors: .Thermostat

===========================================================================================
----------------- testing Sun Jul 08 01:34:34 UTC 2018 /home/travis/build/icyphy/ptII/ptolemy/domains/continuous/test/auto/TimeDelay.xml
----------------- Instantiating /home/travis/build/icyphy/ptII/ptolemy/domains/continuous/test/auto/TimeDelay.xml
6 ms. Memory: 378368K Free: 282598K (75%)
----------------- Invoking toplevel() on ptolemy.moml.MoMLSimpleApplication@3874283
----------------- Done invoking toplevel() on ptolemy.moml.MoMLSimpleApplication@3874283
reloadAllAccessors: .TimeDelay

===========================================================================================
----------------- testing Sun Jul 08 01:34:34 UTC 2018 /home/travis/build/icyphy/ptII/ptolemy/domains/continuous/test/auto/TimeDelay2.xml
----------------- Instantiating /home/travis/build/icyphy/ptII/ptolemy/domains/continuous/test/auto/TimeDelay2.xml
7 ms. Memory: 378368K Free: 273717K (72%)
----------------- Invoking toplevel() on ptolemy.moml.MoMLSimpleApplication@277acbae
----------------- Done invoking toplevel() on ptolemy.moml.MoMLSimpleApplication@277acbae
reloadAllAccessors: .TimeDelay2

===========================================================================================
----------------- testing Sun Jul 08 01:34:34 UTC 2018 /home/travis/build/icyphy/ptII/ptolemy/domains/continuous/test/auto/TimeDelay3.xml
----------------- Instantiating /home/travis/build/icyphy/ptII/ptolemy/domains/continuous/test/auto/TimeDelay3.xml
3 ms. Memory: 378368K Free: 266777K (71%)
----------------- Invoking toplevel() on ptolemy.moml.MoMLSimpleApplication@67162556
----------------- Done invoking toplevel() on ptolemy.moml.MoMLSimpleApplication@67162556
reloadAllAccessors: .TimeDelay3

===========================================================================================
----------------- testing Sun Jul 08 01:34:34 UTC 2018 /home/travis/build/icyphy/ptII/ptolemy/domains/continuous/test/auto/TransferAbsentToInside.xml
----------------- Instantiating /home/travis/build/icyphy/ptII/ptolemy/domains/continuous/test/auto/TransferAbsentToInside.xml
26 ms. Memory: 378368K Free: 208288K (55%)
----------------- Invoking toplevel() on ptolemy.moml.MoMLSimpleApplication@a1b7724
----------------- Done invoking toplevel() on ptolemy.moml.MoMLSimpleApplication@a1b7724
reloadAllAccessors: .TransferAbsentToInside

===========================================================================================
----------------- testing Sun Jul 08 01:34:34 UTC 2018 /home/travis/build/icyphy/ptII/ptolemy/domains/continuous/test/auto/Transmission.xml
----------------- Instantiating /home/travis/build/icyphy/ptII/ptolemy/domains/continuous/test/auto/Transmission.xml
706 ms. Memory: 372736K Free: 261352K (70%)
----------------- Invoking toplevel() on ptolemy.moml.MoMLSimpleApplication@4b413d77
----------------- Done invoking toplevel() on ptolemy.moml.MoMLSimpleApplication@4b413d77
reloadAllAccessors: .Transmission

===========================================================================================
----------------- testing Sun Jul 08 01:34:35 UTC 2018 /home/travis/build/icyphy/ptII/ptolemy/domains/continuous/test/auto/TriggeredContinuousClock.xml
----------------- Instantiating /home/travis/build/icyphy/ptII/ptolemy/domains/continuous/test/auto/TriggeredContinuousClock.xml
36 ms. Memory: 372736K Free: 227064K (61%)
----------------- Invoking toplevel() on ptolemy.moml.MoMLSimpleApplication@7fed0a54
----------------- Done invoking toplevel() on ptolemy.moml.MoMLSimpleApplication@7fed0a54
reloadAllAccessors: .TriggeredContinuousClock

===========================================================================================
----------------- testing Sun Jul 08 01:34:35 UTC 2018 /home/travis/build/icyphy/ptII/ptolemy/domains/continuous/test/auto/TwoMachineInfiniteBusControl.xml
----------------- Instantiating /home/travis/build/icyphy/ptII/ptolemy/domains/continuous/test/auto/TwoMachineInfiniteBusControl.xml
2911 ms. Memory: 340992K Free: 178119K (52%)
----------------- Invoking toplevel() on ptolemy.moml.MoMLSimpleApplication@1079a353
----------------- Done invoking toplevel() on ptolemy.moml.MoMLSimpleApplication@1079a353
reloadAllAccessors: .TwoMachineInfiniteBusControl

===========================================================================================
----------------- testing Sun Jul 08 01:34:38 UTC 2018 /home/travis/build/icyphy/ptII/ptolemy/domains/continuous/test/auto/V2V.xml
----------------- Instantiating /home/travis/build/icyphy/ptII/ptolemy/domains/continuous/test/auto/V2V.xml
703 ms. Memory: 330240K Free: 229261K (69%)
----------------- Invoking toplevel() on ptolemy.moml.MoMLSimpleApplication@76b32f7c
----------------- Done invoking toplevel() on ptolemy.moml.MoMLSimpleApplication@76b32f7c
reloadAllAccessors: .V2V

===========================================================================================
----------------- testing Sun Jul 08 01:34:39 UTC 2018 /home/travis/build/icyphy/ptII/ptolemy/domains/continuous/test/auto/hierarchicalModalModel.xml
----------------- Instantiating /home/travis/build/icyphy/ptII/ptolemy/domains/continuous/test/auto/hierarchicalModalModel.xml
9 ms. Memory: 330240K Free: 210559K (64%)
----------------- Invoking toplevel() on ptolemy.moml.MoMLSimpleApplication@6d2057ce
----------------- Done invoking toplevel() on ptolemy.moml.MoMLSimpleApplication@6d2057ce
reloadAllAccessors: .hierarchicalModalModel

===========================================================================================
----------------- testing Sun Jul 08 01:34:39 UTC 2018 /home/travis/build/icyphy/ptII/ptolemy/domains/continuous/test/auto/hierarchicalModalModel1.xml
----------------- Instantiating /home/travis/build/icyphy/ptII/ptolemy/domains/continuous/test/auto/hierarchicalModalModel1.xml
8 ms. Memory: 330240K Free: 194669K (59%)
----------------- Invoking toplevel() on ptolemy.moml.MoMLSimpleApplication@b3887d
----------------- Done invoking toplevel() on ptolemy.moml.MoMLSimpleApplication@b3887d
reloadAllAccessors: .hierarchicalModalModel1

===========================================================================================
----------------- testing Sun Jul 08 01:34:39 UTC 2018 /home/travis/build/icyphy/ptII/ptolemy/domains/continuous/test/auto/hierarchicalModalModel2.xml
----------------- Instantiating /home/travis/build/icyphy/ptII/ptolemy/domains/continuous/test/auto/hierarchicalModalModel2.xml
6 ms. Memory: 330240K Free: 178714K (54%)
----------------- Invoking toplevel() on ptolemy.moml.MoMLSimpleApplication@4bc280f6
----------------- Done invoking toplevel() on ptolemy.moml.MoMLSimpleApplication@4bc280f6
reloadAllAccessors: .hierarchicalModalModel2

===========================================================================================
----------------- testing Sun Jul 08 01:34:39 UTC 2018 /home/travis/build/icyphy/ptII/ptolemy/domains/continuous/test/auto/hierarchicalModalModel3.xml
----------------- Instantiating /home/travis/build/icyphy/ptII/ptolemy/domains/continuous/test/auto/hierarchicalModalModel3.xml
5 ms. Memory: 330240K Free: 164456K (50%)
----------------- Invoking toplevel() on ptolemy.moml.MoMLSimpleApplication@c82d8e9
----------------- Done invoking toplevel() on ptolemy.moml.MoMLSimpleApplication@c82d8e9
reloadAllAccessors: .hierarchicalModalModel3

===========================================================================================
----------------- testing Sun Jul 08 01:34:39 UTC 2018 /home/travis/build/icyphy/ptII/ptolemy/domains/continuous/test/auto/hierarchicalModalModel4.xml
----------------- Instantiating /home/travis/build/icyphy/ptII/ptolemy/domains/continuous/test/auto/hierarchicalModalModel4.xml
4 ms. Memory: 330240K Free: 148599K (45%)
----------------- Invoking toplevel() on ptolemy.moml.MoMLSimpleApplication@6925a66d
----------------- Done invoking toplevel() on ptolemy.moml.MoMLSimpleApplication@6925a66d
reloadAllAccessors: .hierarchicalModalModel4

===========================================================================================
----------------- testing Sun Jul 08 01:34:39 UTC 2018 /home/travis/build/icyphy/ptII/ptolemy/domains/continuous/test/auto/junk.xml
----------------- Instantiating /home/travis/build/icyphy/ptII/ptolemy/domains/continuous/test/auto/junk.xml
138 ms. Memory: 330240K Free: 116156K (35%)
----------------- Invoking toplevel() on ptolemy.moml.MoMLSimpleApplication@268860ec
----------------- Done invoking toplevel() on ptolemy.moml.MoMLSimpleApplication@268860ec
reloadAllAccessors: .junk
AutoTests.java: About to close Vertx.
AutoTests.java: Vertx closed.
]]></system-out>
  <system-err><![CDATA[Warning: '.IncreasingRatePoisson.NonStrictTest' The test produced only 383 tokens, yet the correctValues parameter was expecting 402 tokens.
Warning: '.Poisson.NonStrictTest' The test produced only 412 tokens, yet the correctValues parameter was expecting 430 tokens.
]]></system-err>
</testsuite>
