<?xml version="1.0" encoding="UTF-8" ?>
<testsuite errors="0" failures="0" hostname="travis-job-cca45f1a-30e9-441f-8253-820a47152e66" name="ptolemy.actor.lib.hoc.test.junit.JUnitTclTest" skipped="0" tests="58" time="33.763" timestamp="2019-11-03T06:15:53">
  <properties>
[...]
</properties>
  <testcase classname="ptolemy.util.test.junit.TclTests" name="[0] /home/travis/build/icyphy/ptII/ptolemy/actor/lib/hoc/test/IterateOverArray.tcl (RunTclFile)" time="0.334" />
  <testcase classname="ptolemy.util.test.junit.AutoKnownFailedTests" name="[0] /home/travis/build/icyphy/ptII/ptolemy/actor/lib/hoc/test/auto/knownFailedTests/PreinitializeMustBeInvokedRunComposite.xml (RunModel)" time="0.466" />
  <testcase classname="ptolemy.util.test.junit.AutoNameArchTests" name="[0] ThereAreNoAutoArchTests (RunModel)" time="0.012" />
  <testcase classname="ptolemy.util.test.junit.AutoTests" name="[0] /home/travis/build/icyphy/ptII/ptolemy/actor/lib/hoc/test/auto/AllToAllMultiInstanceComposite.xml (RunModel)" time="0.49" />
  <testcase classname="ptolemy.util.test.junit.AutoTests" name="[1] /home/travis/build/icyphy/ptII/ptolemy/actor/lib/hoc/test/auto/ApplyFFTTest.xml (RunModel)" time="0.489" />
  <testcase classname="ptolemy.util.test.junit.AutoTests" name="[2] /home/travis/build/icyphy/ptII/ptolemy/actor/lib/hoc/test/auto/ApplyFunction.xml (RunModel)" time="0.059" />
  <testcase classname="ptolemy.util.test.junit.AutoTests" name="[3] /home/travis/build/icyphy/ptII/ptolemy/actor/lib/hoc/test/auto/BackgroundExecution.xml (RunModel)" time="0.701" />
  <testcase classname="ptolemy.util.test.junit.AutoTests" name="[4] /home/travis/build/icyphy/ptII/ptolemy/actor/lib/hoc/test/auto/Case.xml (RunModel)" time="0.061" />
  <testcase classname="ptolemy.util.test.junit.AutoTests" name="[5] /home/travis/build/icyphy/ptII/ptolemy/actor/lib/hoc/test/auto/Case1.xml (RunModel)" time="0.051" />
  <testcase classname="ptolemy.util.test.junit.AutoTests" name="[6] /home/travis/build/icyphy/ptII/ptolemy/actor/lib/hoc/test/auto/Case2.xml (RunModel)" time="0.137" />
  <testcase classname="ptolemy.util.test.junit.AutoTests" name="[7] /home/travis/build/icyphy/ptII/ptolemy/actor/lib/hoc/test/auto/Case3.xml (RunModel)" time="0.077" />
  <testcase classname="ptolemy.util.test.junit.AutoTests" name="[8] /home/travis/build/icyphy/ptII/ptolemy/actor/lib/hoc/test/auto/Case4.xml (RunModel)" time="0.077" />
  <testcase classname="ptolemy.util.test.junit.AutoTests" name="[9] /home/travis/build/icyphy/ptII/ptolemy/actor/lib/hoc/test/auto/Case5.xml (RunModel)" time="0.064" />
  <testcase classname="ptolemy.util.test.junit.AutoTests" name="[10] /home/travis/build/icyphy/ptII/ptolemy/actor/lib/hoc/test/auto/Case6.xml (RunModel)" time="0.099" />
  <testcase classname="ptolemy.util.test.junit.AutoTests" name="[11] /home/travis/build/icyphy/ptII/ptolemy/actor/lib/hoc/test/auto/CaseString2.xml (RunModel)" time="0.053" />
  <testcase classname="ptolemy.util.test.junit.AutoTests" name="[12] /home/travis/build/icyphy/ptII/ptolemy/actor/lib/hoc/test/auto/CatchUpComposite1.xml (RunModel)" time="0.094" />
  <testcase classname="ptolemy.util.test.junit.AutoTests" name="[13] /home/travis/build/icyphy/ptII/ptolemy/actor/lib/hoc/test/auto/CatchUpComposite2.xml (RunModel)" time="0.077" />
  <testcase classname="ptolemy.util.test.junit.AutoTests" name="[14] /home/travis/build/icyphy/ptII/ptolemy/actor/lib/hoc/test/auto/CatchUpComposite3.xml (RunModel)" time="0.077" />
  <testcase classname="ptolemy.util.test.junit.AutoTests" name="[15] /home/travis/build/icyphy/ptII/ptolemy/actor/lib/hoc/test/auto/CatchUpComposite4.xml (RunModel)" time="0.047" />
  <testcase classname="ptolemy.util.test.junit.AutoTests" name="[16] /home/travis/build/icyphy/ptII/ptolemy/actor/lib/hoc/test/auto/CatchUpComposite5.xml (RunModel)" time="0.04" />
  <testcase classname="ptolemy.util.test.junit.AutoTests" name="[17] /home/travis/build/icyphy/ptII/ptolemy/actor/lib/hoc/test/auto/CatchUpComposite6.xml (RunModel)" time="0.226" />
  <testcase classname="ptolemy.util.test.junit.AutoTests" name="[18] /home/travis/build/icyphy/ptII/ptolemy/actor/lib/hoc/test/auto/CatchUpComposite7.xml (RunModel)" time="0.107" />
  <testcase classname="ptolemy.util.test.junit.AutoTests" name="[19] /home/travis/build/icyphy/ptII/ptolemy/actor/lib/hoc/test/auto/ConcurrentExecutionTimeSDF.xml (RunModel)" time="0.841" />
  <testcase classname="ptolemy.util.test.junit.AutoTests" name="[20] /home/travis/build/icyphy/ptII/ptolemy/actor/lib/hoc/test/auto/ConcurrentSleep.xml (RunModel)" time="0.777" />
  <testcase classname="ptolemy.util.test.junit.AutoTests" name="[21] /home/travis/build/icyphy/ptII/ptolemy/actor/lib/hoc/test/auto/DEInPNInRunCompositeActor.xml (RunModel)" time="0.04" />
  <testcase classname="ptolemy.util.test.junit.AutoTests" name="[22] /home/travis/build/icyphy/ptII/ptolemy/actor/lib/hoc/test/auto/DFTSubSetTest.xml (RunModel)" time="0.219" />
  <testcase classname="ptolemy.util.test.junit.AutoTests" name="[23] /home/travis/build/icyphy/ptII/ptolemy/actor/lib/hoc/test/auto/HocDE.xml (RunModel)" time="0.182" />
  <testcase classname="ptolemy.util.test.junit.AutoTests" name="[24] /home/travis/build/icyphy/ptII/ptolemy/actor/lib/hoc/test/auto/IterateOverArray.xml (RunModel)" time="0.018" />
  <testcase classname="ptolemy.util.test.junit.AutoTests" name="[25] /home/travis/build/icyphy/ptII/ptolemy/actor/lib/hoc/test/auto/IterateOverArray10.xml (RunModel)" time="0.034" />
  <testcase classname="ptolemy.util.test.junit.AutoTests" name="[26] /home/travis/build/icyphy/ptII/ptolemy/actor/lib/hoc/test/auto/IterateOverArray11.xml (RunModel)" time="0.022" />
  <testcase classname="ptolemy.util.test.junit.AutoTests" name="[27] /home/travis/build/icyphy/ptII/ptolemy/actor/lib/hoc/test/auto/IterateOverArray12.xml (RunModel)" time="0.038" />
  <testcase classname="ptolemy.util.test.junit.AutoTests" name="[28] /home/travis/build/icyphy/ptII/ptolemy/actor/lib/hoc/test/auto/IterateOverArray13.xml (RunModel)" time="0.152" />
  <testcase classname="ptolemy.util.test.junit.AutoTests" name="[29] /home/travis/build/icyphy/ptII/ptolemy/actor/lib/hoc/test/auto/IterateOverArray14.xml (RunModel)" time="0.149" />
  <testcase classname="ptolemy.util.test.junit.AutoTests" name="[30] /home/travis/build/icyphy/ptII/ptolemy/actor/lib/hoc/test/auto/IterateOverArray2.xml (RunModel)" time="0.024" />
  <testcase classname="ptolemy.util.test.junit.AutoTests" name="[31] /home/travis/build/icyphy/ptII/ptolemy/actor/lib/hoc/test/auto/IterateOverArray3.xml (RunModel)" time="0.025" />
  <testcase classname="ptolemy.util.test.junit.AutoTests" name="[32] /home/travis/build/icyphy/ptII/ptolemy/actor/lib/hoc/test/auto/IterateOverArray4.xml (RunModel)" time="0.021" />
  <testcase classname="ptolemy.util.test.junit.AutoTests" name="[33] /home/travis/build/icyphy/ptII/ptolemy/actor/lib/hoc/test/auto/IterateOverArray5.xml (RunModel)" time="0.018" />
  <testcase classname="ptolemy.util.test.junit.AutoTests" name="[34] /home/travis/build/icyphy/ptII/ptolemy/actor/lib/hoc/test/auto/IterateOverArray6.xml (RunModel)" time="0.016" />
  <testcase classname="ptolemy.util.test.junit.AutoTests" name="[35] /home/travis/build/icyphy/ptII/ptolemy/actor/lib/hoc/test/auto/IterateOverArray7.xml (RunModel)" time="0.016" />
  <testcase classname="ptolemy.util.test.junit.AutoTests" name="[36] /home/travis/build/icyphy/ptII/ptolemy/actor/lib/hoc/test/auto/IterateOverArray8.xml (RunModel)" time="0.025" />
  <testcase classname="ptolemy.util.test.junit.AutoTests" name="[37] /home/travis/build/icyphy/ptII/ptolemy/actor/lib/hoc/test/auto/IterateOverArray9.xml (RunModel)" time="0.03" />
  <testcase classname="ptolemy.util.test.junit.AutoTests" name="[38] /home/travis/build/icyphy/ptII/ptolemy/actor/lib/hoc/test/auto/IterateOverArrayCoercedOutputType.xml (RunModel)" time="0.052" />
  <testcase classname="ptolemy.util.test.junit.AutoTests" name="[39] /home/travis/build/icyphy/ptII/ptolemy/actor/lib/hoc/test/auto/IterateOverArrayInferredOutputType.xml (RunModel)" time="0.031" />
  <testcase classname="ptolemy.util.test.junit.AutoTests" name="[40] /home/travis/build/icyphy/ptII/ptolemy/actor/lib/hoc/test/auto/MobileFunctionTest.xml (RunModel)" time="0.031" />
  <testcase classname="ptolemy.util.test.junit.AutoTests" name="[41] /home/travis/build/icyphy/ptII/ptolemy/actor/lib/hoc/test/auto/MobileModelTest.xml (RunModel)" time="0.209" />
  <testcase classname="ptolemy.util.test.junit.AutoTests" name="[42] /home/travis/build/icyphy/ptII/ptolemy/actor/lib/hoc/test/auto/ModelReference.xml (RunModel)" time="0.07" />
  <testcase classname="ptolemy.util.test.junit.AutoTests" name="[43] /home/travis/build/icyphy/ptII/ptolemy/actor/lib/hoc/test/auto/ModelReference3.xml (RunModel)" time="0.05" />
  <testcase classname="ptolemy.util.test.junit.AutoTests" name="[44] /home/travis/build/icyphy/ptII/ptolemy/actor/lib/hoc/test/auto/ModelReference4.xml (RunModel)" time="10.036" />
  <testcase classname="ptolemy.util.test.junit.AutoTests" name="[45] /home/travis/build/icyphy/ptII/ptolemy/actor/lib/hoc/test/auto/MultiInstanceComposite.xml (RunModel)" time="0.054" />
  <testcase classname="ptolemy.util.test.junit.AutoTests" name="[46] /home/travis/build/icyphy/ptII/ptolemy/actor/lib/hoc/test/auto/MultiInstanceComposite2.xml (RunModel)" time="0.041" />
  <testcase classname="ptolemy.util.test.junit.AutoTests" name="[47] /home/travis/build/icyphy/ptII/ptolemy/actor/lib/hoc/test/auto/MulticoreExecution.xml (RunModel)" time="1.095" />
  <testcase classname="ptolemy.util.test.junit.AutoTests" name="[48] /home/travis/build/icyphy/ptII/ptolemy/actor/lib/hoc/test/auto/ParallelExecution.xml (RunModel)" time="0.952" />
  <testcase classname="ptolemy.util.test.junit.AutoTests" name="[49] /home/travis/build/icyphy/ptII/ptolemy/actor/lib/hoc/test/auto/RunCompositeActor.xml (RunModel)" time="0.025" />
  <testcase classname="ptolemy.util.test.junit.AutoTests" name="[50] /home/travis/build/icyphy/ptII/ptolemy/actor/lib/hoc/test/auto/RunCompositeActor2.xml (RunModel)" time="0.019" />
  <testcase classname="ptolemy.util.test.junit.AutoTests" name="[51] /home/travis/build/icyphy/ptII/ptolemy/actor/lib/hoc/test/auto/RunCompositeActor3.xml (RunModel)" time="0.019" />
  <testcase classname="ptolemy.util.test.junit.AutoTests" name="[52] /home/travis/build/icyphy/ptII/ptolemy/actor/lib/hoc/test/auto/RunCompositeActor4.xml (RunModel)" time="0.023" />
  <testcase classname="ptolemy.util.test.junit.AutoTests" name="[53] /home/travis/build/icyphy/ptII/ptolemy/actor/lib/hoc/test/auto/RunCompositeIterateOverArray.xml (RunModel)" time="0.046" />
  <testcase classname="ptolemy.util.test.junit.AutoTests" name="[54] /home/travis/build/icyphy/ptII/ptolemy/actor/lib/hoc/test/auto/ThreadedJS.xml (RunModel)" time="13.763" />
  <system-out><![CDATA[/home/travis/build/icyphy/ptII/ptolemy/actor/lib/hoc/test/IterateOverArray.tcl
testDefs.tcl: setting time out to 9000 seconds at Sun Nov 03 06:15:53 UTC 2019
11/03/19 06:15:53
Failed: 0  Total Tests: 2  ((Passed: 2, Newly Passed: 0)  Known Failed: 0) /home/travis/build/icyphy/ptII/ptolemy/actor/lib/hoc/test
----------------- testing (KnownFailure) /home/travis/build/icyphy/ptII/ptolemy/actor/lib/hoc/test/auto/knownFailedTests/PreinitializeMustBeInvokedRunComposite.xml
146 ms. Memory: 120832K Free: 79812K (66%)
Known Failure: java.lang.reflect.InvocationTargetException
No auto/linux-amd64/*.xml tests in /home/travis/build/icyphy/ptII/ptolemy/actor/lib/hoc/test
AutoTests.java: About to close Vertx.
AutoTests.java: Vertx closed.

===========================================================================================
----------------- testing Sun Nov 03 06:15:54 UTC 2019 /home/travis/build/icyphy/ptII/ptolemy/actor/lib/hoc/test/auto/AllToAllMultiInstanceComposite.xml
----------------- Instantiating /home/travis/build/icyphy/ptII/ptolemy/actor/lib/hoc/test/auto/AllToAllMultiInstanceComposite.xml
184 ms. Memory: 120832K Free: 95482K (79%)
----------------- Invoking toplevel() on ptolemy.moml.MoMLSimpleApplication@14bc7061
----------------- Done invoking toplevel() on ptolemy.moml.MoMLSimpleApplication@14bc7061
reloadAllAccessors: .AllToAllMultiInstanceComposite

===========================================================================================
----------------- testing Sun Nov 03 06:15:55 UTC 2019 /home/travis/build/icyphy/ptII/ptolemy/actor/lib/hoc/test/auto/ApplyFFTTest.xml
----------------- Instantiating /home/travis/build/icyphy/ptII/ptolemy/actor/lib/hoc/test/auto/ApplyFFTTest.xml
190 ms. Memory: 120832K Free: 104903K (87%)
----------------- Invoking toplevel() on ptolemy.moml.MoMLSimpleApplication@300d0174
----------------- Done invoking toplevel() on ptolemy.moml.MoMLSimpleApplication@300d0174
reloadAllAccessors: .ApplyFFTTest

===========================================================================================
----------------- testing Sun Nov 03 06:15:55 UTC 2019 /home/travis/build/icyphy/ptII/ptolemy/actor/lib/hoc/test/auto/ApplyFunction.xml
----------------- Instantiating /home/travis/build/icyphy/ptII/ptolemy/actor/lib/hoc/test/auto/ApplyFunction.xml
5 ms. Memory: 120832K Free: 101399K (84%)
----------------- Invoking toplevel() on ptolemy.moml.MoMLSimpleApplication@126b111d
----------------- Done invoking toplevel() on ptolemy.moml.MoMLSimpleApplication@126b111d
reloadAllAccessors: .ApplyFunction

===========================================================================================
----------------- testing Sun Nov 03 06:15:55 UTC 2019 /home/travis/build/icyphy/ptII/ptolemy/actor/lib/hoc/test/auto/BackgroundExecution.xml
----------------- Instantiating /home/travis/build/icyphy/ptII/ptolemy/actor/lib/hoc/test/auto/BackgroundExecution.xml
638 ms. Memory: 120832K Free: 94434K (78%)
----------------- Invoking toplevel() on ptolemy.moml.MoMLSimpleApplication@48e5d9b1
----------------- Done invoking toplevel() on ptolemy.moml.MoMLSimpleApplication@48e5d9b1
reloadAllAccessors: .BackgroundExecution

===========================================================================================
----------------- testing Sun Nov 03 06:15:56 UTC 2019 /home/travis/build/icyphy/ptII/ptolemy/actor/lib/hoc/test/auto/Case.xml
----------------- Instantiating /home/travis/build/icyphy/ptII/ptolemy/actor/lib/hoc/test/auto/Case.xml
16 ms. Memory: 120832K Free: 87057K (72%)
----------------- Invoking toplevel() on ptolemy.moml.MoMLSimpleApplication@6116e874
----------------- Done invoking toplevel() on ptolemy.moml.MoMLSimpleApplication@6116e874
reloadAllAccessors: .Case

===========================================================================================
----------------- testing Sun Nov 03 06:15:56 UTC 2019 /home/travis/build/icyphy/ptII/ptolemy/actor/lib/hoc/test/auto/Case1.xml
----------------- Instantiating /home/travis/build/icyphy/ptII/ptolemy/actor/lib/hoc/test/auto/Case1.xml
26 ms. Memory: 120832K Free: 80905K (67%)
----------------- Invoking toplevel() on ptolemy.moml.MoMLSimpleApplication@48155e78
----------------- Done invoking toplevel() on ptolemy.moml.MoMLSimpleApplication@48155e78
reloadAllAccessors: .Case1

===========================================================================================
----------------- testing Sun Nov 03 06:15:56 UTC 2019 /home/travis/build/icyphy/ptII/ptolemy/actor/lib/hoc/test/auto/Case2.xml
----------------- Instantiating /home/travis/build/icyphy/ptII/ptolemy/actor/lib/hoc/test/auto/Case2.xml
63 ms. Memory: 120832K Free: 70499K (58%)
----------------- Invoking toplevel() on ptolemy.moml.MoMLSimpleApplication@17072ef0
----------------- Done invoking toplevel() on ptolemy.moml.MoMLSimpleApplication@17072ef0
reloadAllAccessors: .Case2

===========================================================================================
----------------- testing Sun Nov 03 06:15:56 UTC 2019 /home/travis/build/icyphy/ptII/ptolemy/actor/lib/hoc/test/auto/Case3.xml
----------------- Instantiating /home/travis/build/icyphy/ptII/ptolemy/actor/lib/hoc/test/auto/Case3.xml
18 ms. Memory: 157696K Free: 138928K (88%)
----------------- Invoking toplevel() on ptolemy.moml.MoMLSimpleApplication@190d88b6
----------------- Done invoking toplevel() on ptolemy.moml.MoMLSimpleApplication@190d88b6
reloadAllAccessors: .Case3

===========================================================================================
----------------- testing Sun Nov 03 06:15:56 UTC 2019 /home/travis/build/icyphy/ptII/ptolemy/actor/lib/hoc/test/auto/Case4.xml
----------------- Instantiating /home/travis/build/icyphy/ptII/ptolemy/actor/lib/hoc/test/auto/Case4.xml
19 ms. Memory: 157696K Free: 131061K (83%)
----------------- Invoking toplevel() on ptolemy.moml.MoMLSimpleApplication@7855fee1
----------------- Done invoking toplevel() on ptolemy.moml.MoMLSimpleApplication@7855fee1
reloadAllAccessors: .Case4

===========================================================================================
----------------- testing Sun Nov 03 06:15:57 UTC 2019 /home/travis/build/icyphy/ptII/ptolemy/actor/lib/hoc/test/auto/Case5.xml
----------------- Instantiating /home/travis/build/icyphy/ptII/ptolemy/actor/lib/hoc/test/auto/Case5.xml
34 ms. Memory: 157696K Free: 124241K (79%)
----------------- Invoking toplevel() on ptolemy.moml.MoMLSimpleApplication@2c71ed40
----------------- Done invoking toplevel() on ptolemy.moml.MoMLSimpleApplication@2c71ed40
reloadAllAccessors: .junk

===========================================================================================
----------------- testing Sun Nov 03 06:15:57 UTC 2019 /home/travis/build/icyphy/ptII/ptolemy/actor/lib/hoc/test/auto/Case6.xml
----------------- Instantiating /home/travis/build/icyphy/ptII/ptolemy/actor/lib/hoc/test/auto/Case6.xml
48 ms. Memory: 157696K Free: 112643K (71%)
----------------- Invoking toplevel() on ptolemy.moml.MoMLSimpleApplication@74f06be5
----------------- Done invoking toplevel() on ptolemy.moml.MoMLSimpleApplication@74f06be5
reloadAllAccessors: .Case6

===========================================================================================
----------------- testing Sun Nov 03 06:15:57 UTC 2019 /home/travis/build/icyphy/ptII/ptolemy/actor/lib/hoc/test/auto/CaseString2.xml
----------------- Instantiating /home/travis/build/icyphy/ptII/ptolemy/actor/lib/hoc/test/auto/CaseString2.xml
11 ms. Memory: 157696K Free: 104778K (66%)
----------------- Invoking toplevel() on ptolemy.moml.MoMLSimpleApplication@53156363
----------------- Done invoking toplevel() on ptolemy.moml.MoMLSimpleApplication@53156363
reloadAllAccessors: .CaseString2

===========================================================================================
----------------- testing Sun Nov 03 06:15:57 UTC 2019 /home/travis/build/icyphy/ptII/ptolemy/actor/lib/hoc/test/auto/CatchUpComposite1.xml
----------------- Instantiating /home/travis/build/icyphy/ptII/ptolemy/actor/lib/hoc/test/auto/CatchUpComposite1.xml
38 ms. Memory: 157696K Free: 95920K (61%)
----------------- Invoking toplevel() on ptolemy.moml.MoMLSimpleApplication@7cc4a715
----------------- Done invoking toplevel() on ptolemy.moml.MoMLSimpleApplication@7cc4a715
reloadAllAccessors: .CatchUpComposite1

===========================================================================================
----------------- testing Sun Nov 03 06:15:57 UTC 2019 /home/travis/build/icyphy/ptII/ptolemy/actor/lib/hoc/test/auto/CatchUpComposite2.xml
----------------- Instantiating /home/travis/build/icyphy/ptII/ptolemy/actor/lib/hoc/test/auto/CatchUpComposite2.xml
17 ms. Memory: 157696K Free: 138960K (88%)
----------------- Invoking toplevel() on ptolemy.moml.MoMLSimpleApplication@1671ef7c
----------------- Done invoking toplevel() on ptolemy.moml.MoMLSimpleApplication@1671ef7c
reloadAllAccessors: .CatchUpComposite2

===========================================================================================
----------------- testing Sun Nov 03 06:15:57 UTC 2019 /home/travis/build/icyphy/ptII/ptolemy/actor/lib/hoc/test/auto/CatchUpComposite3.xml
----------------- Instantiating /home/travis/build/icyphy/ptII/ptolemy/actor/lib/hoc/test/auto/CatchUpComposite3.xml
23 ms. Memory: 157696K Free: 130256K (83%)
----------------- Invoking toplevel() on ptolemy.moml.MoMLSimpleApplication@58a1f6c2
----------------- Done invoking toplevel() on ptolemy.moml.MoMLSimpleApplication@58a1f6c2
reloadAllAccessors: .CatchUpComposite3

===========================================================================================
----------------- testing Sun Nov 03 06:15:57 UTC 2019 /home/travis/build/icyphy/ptII/ptolemy/actor/lib/hoc/test/auto/CatchUpComposite4.xml
----------------- Instantiating /home/travis/build/icyphy/ptII/ptolemy/actor/lib/hoc/test/auto/CatchUpComposite4.xml
10 ms. Memory: 157696K Free: 122578K (78%)
----------------- Invoking toplevel() on ptolemy.moml.MoMLSimpleApplication@464e3782
----------------- Done invoking toplevel() on ptolemy.moml.MoMLSimpleApplication@464e3782
reloadAllAccessors: .CatchUpComposite4

===========================================================================================
----------------- testing Sun Nov 03 06:15:57 UTC 2019 /home/travis/build/icyphy/ptII/ptolemy/actor/lib/hoc/test/auto/CatchUpComposite5.xml
----------------- Instantiating /home/travis/build/icyphy/ptII/ptolemy/actor/lib/hoc/test/auto/CatchUpComposite5.xml
8 ms. Memory: 157696K Free: 114386K (73%)
----------------- Invoking toplevel() on ptolemy.moml.MoMLSimpleApplication@2a318dc4
----------------- Done invoking toplevel() on ptolemy.moml.MoMLSimpleApplication@2a318dc4
reloadAllAccessors: .CatchUpComposite5

===========================================================================================
----------------- testing Sun Nov 03 06:15:57 UTC 2019 /home/travis/build/icyphy/ptII/ptolemy/actor/lib/hoc/test/auto/CatchUpComposite6.xml
----------------- Instantiating /home/travis/build/icyphy/ptII/ptolemy/actor/lib/hoc/test/auto/CatchUpComposite6.xml
WARNING: The execution aspects in this model can influence the timing of actors by delaying the 
execution, potentially changing the behavior. There is no guarantee that actors fire at the 
time they request to be fired. 
Use Ptides for deterministic DE behavior that is not influenced by execution aspects. 

119 ms. Memory: 157696K Free: 99536K (63%)
----------------- Invoking toplevel() on ptolemy.moml.MoMLSimpleApplication@2df167b3
----------------- Done invoking toplevel() on ptolemy.moml.MoMLSimpleApplication@2df167b3
reloadAllAccessors: .CatchUpComposite6

===========================================================================================
----------------- testing Sun Nov 03 06:15:57 UTC 2019 /home/travis/build/icyphy/ptII/ptolemy/actor/lib/hoc/test/auto/CatchUpComposite7.xml
----------------- Instantiating /home/travis/build/icyphy/ptII/ptolemy/actor/lib/hoc/test/auto/CatchUpComposite7.xml
WARNING: The execution aspects in this model can influence the timing of actors by delaying the 
execution, potentially changing the behavior. There is no guarantee that actors fire at the 
time they request to be fired. 
Use Ptides for deterministic DE behavior that is not influenced by execution aspects. 

47 ms. Memory: 157696K Free: 85714K (54%)
----------------- Invoking toplevel() on ptolemy.moml.MoMLSimpleApplication@5db68188
----------------- Done invoking toplevel() on ptolemy.moml.MoMLSimpleApplication@5db68188
reloadAllAccessors: .CatchUpComposite7

===========================================================================================
----------------- testing Sun Nov 03 06:15:57 UTC 2019 /home/travis/build/icyphy/ptII/ptolemy/actor/lib/hoc/test/auto/ConcurrentExecutionTimeSDF.xml
----------------- Instantiating /home/travis/build/icyphy/ptII/ptolemy/actor/lib/hoc/test/auto/ConcurrentExecutionTimeSDF.xml
Fired ExecutionTime: 40400000
Fired ExecutionTime: 40400000
Fired ExecutionTime: 40400000
Fired ExecutionTime: 40400000
Fired ExecutionTime: 40400000
Fired ExecutionTime: 40400000
Fired ExecutionTime: 40400000
Fired ExecutionTime: 40400000
Fired ExecutionTime: 40400000
Fired ExecutionTime: 40400000
Fired ExecutionTime: 40400000
Fired ExecutionTime: 40400000
Fired ExecutionTime: 40400000
Fired ExecutionTime: 40400000
Fired ExecutionTime: 40400000
Fired ExecutionTime: 40400000
Fired ExecutionTime: 40400000
Fired ExecutionTime: 40400000
Fired ExecutionTime: 40400000
Fired ExecutionTime: 40400000
806 ms. Memory: 157696K Free: 78546K (50%)
----------------- Invoking toplevel() on ptolemy.moml.MoMLSimpleApplication@14f17572
----------------- Done invoking toplevel() on ptolemy.moml.MoMLSimpleApplication@14f17572
reloadAllAccessors: .ConcurrentExecutionTimeSDF

===========================================================================================
----------------- testing Sun Nov 03 06:15:58 UTC 2019 /home/travis/build/icyphy/ptII/ptolemy/actor/lib/hoc/test/auto/ConcurrentSleep.xml
----------------- Instantiating /home/travis/build/icyphy/ptII/ptolemy/actor/lib/hoc/test/auto/ConcurrentSleep.xml
738 ms. Memory: 157696K Free: 67282K (43%)
----------------- Invoking toplevel() on ptolemy.moml.MoMLSimpleApplication@65ede16c
----------------- Done invoking toplevel() on ptolemy.moml.MoMLSimpleApplication@65ede16c
reloadAllAccessors: .ConcurrentSleep

===========================================================================================
----------------- testing Sun Nov 03 06:15:59 UTC 2019 /home/travis/build/icyphy/ptII/ptolemy/actor/lib/hoc/test/auto/DEInPNInRunCompositeActor.xml
----------------- Instantiating /home/travis/build/icyphy/ptII/ptolemy/actor/lib/hoc/test/auto/DEInPNInRunCompositeActor.xml
5 ms. Memory: 157696K Free: 61138K (39%)
----------------- Invoking toplevel() on ptolemy.moml.MoMLSimpleApplication@4cc4693
----------------- Done invoking toplevel() on ptolemy.moml.MoMLSimpleApplication@4cc4693
reloadAllAccessors: .DEInPNInRunCompositeActor

===========================================================================================
----------------- testing Sun Nov 03 06:15:59 UTC 2019 /home/travis/build/icyphy/ptII/ptolemy/actor/lib/hoc/test/auto/DFTSubSetTest.xml
----------------- Instantiating /home/travis/build/icyphy/ptII/ptolemy/actor/lib/hoc/test/auto/DFTSubSetTest.xml
117 ms. Memory: 157696K Free: 110278K (70%)
----------------- Invoking toplevel() on ptolemy.moml.MoMLSimpleApplication@c20754e
----------------- Done invoking toplevel() on ptolemy.moml.MoMLSimpleApplication@c20754e
reloadAllAccessors: .DFTSubSetTest

===========================================================================================
----------------- testing Sun Nov 03 06:15:59 UTC 2019 /home/travis/build/icyphy/ptII/ptolemy/actor/lib/hoc/test/auto/HocDE.xml
----------------- Instantiating /home/travis/build/icyphy/ptII/ptolemy/actor/lib/hoc/test/auto/HocDE.xml
133 ms. Memory: 157696K Free: 85192K (54%)
----------------- Invoking toplevel() on ptolemy.moml.MoMLSimpleApplication@7867f119
----------------- Done invoking toplevel() on ptolemy.moml.MoMLSimpleApplication@7867f119
reloadAllAccessors: .HocDE

===========================================================================================
----------------- testing Sun Nov 03 06:16:00 UTC 2019 /home/travis/build/icyphy/ptII/ptolemy/actor/lib/hoc/test/auto/IterateOverArray.xml
----------------- Instantiating /home/travis/build/icyphy/ptII/ptolemy/actor/lib/hoc/test/auto/IterateOverArray.xml
5 ms. Memory: 157696K Free: 80582K (51%)
----------------- Invoking toplevel() on ptolemy.moml.MoMLSimpleApplication@4c7daacd
----------------- Done invoking toplevel() on ptolemy.moml.MoMLSimpleApplication@4c7daacd
reloadAllAccessors: .IterateOverArray

===========================================================================================
----------------- testing Sun Nov 03 06:16:00 UTC 2019 /home/travis/build/icyphy/ptII/ptolemy/actor/lib/hoc/test/auto/IterateOverArray10.xml
----------------- Instantiating /home/travis/build/icyphy/ptII/ptolemy/actor/lib/hoc/test/auto/IterateOverArray10.xml
2 ms. Memory: 157696K Free: 77000K (49%)
----------------- Invoking toplevel() on ptolemy.moml.MoMLSimpleApplication@292c36c5
----------------- Done invoking toplevel() on ptolemy.moml.MoMLSimpleApplication@292c36c5
reloadAllAccessors: .IterateOverArray10

===========================================================================================
----------------- testing Sun Nov 03 06:16:00 UTC 2019 /home/travis/build/icyphy/ptII/ptolemy/actor/lib/hoc/test/auto/IterateOverArray11.xml
----------------- Instantiating /home/travis/build/icyphy/ptII/ptolemy/actor/lib/hoc/test/auto/IterateOverArray11.xml
8 ms. Memory: 157696K Free: 72904K (46%)
----------------- Invoking toplevel() on ptolemy.moml.MoMLSimpleApplication@22cef676
----------------- Done invoking toplevel() on ptolemy.moml.MoMLSimpleApplication@22cef676
reloadAllAccessors: .IterateOverArray11

===========================================================================================
----------------- testing Sun Nov 03 06:16:00 UTC 2019 /home/travis/build/icyphy/ptII/ptolemy/actor/lib/hoc/test/auto/IterateOverArray12.xml
----------------- Instantiating /home/travis/build/icyphy/ptII/ptolemy/actor/lib/hoc/test/auto/IterateOverArray12.xml
16 ms. Memory: 157696K Free: 67270K (43%)
----------------- Invoking toplevel() on ptolemy.moml.MoMLSimpleApplication@50474a24
----------------- Done invoking toplevel() on ptolemy.moml.MoMLSimpleApplication@50474a24
reloadAllAccessors: .IterateOverArray12

===========================================================================================
----------------- testing Sun Nov 03 06:16:00 UTC 2019 /home/travis/build/icyphy/ptII/ptolemy/actor/lib/hoc/test/auto/IterateOverArray13.xml
----------------- Instantiating /home/travis/build/icyphy/ptII/ptolemy/actor/lib/hoc/test/auto/IterateOverArray13.xml
70 ms. Memory: 157696K Free: 132083K (84%)
----------------- Invoking toplevel() on ptolemy.moml.MoMLSimpleApplication@6c1f61b8
----------------- Done invoking toplevel() on ptolemy.moml.MoMLSimpleApplication@6c1f61b8
reloadAllAccessors: .IterateOverArray13

===========================================================================================
----------------- testing Sun Nov 03 06:16:00 UTC 2019 /home/travis/build/icyphy/ptII/ptolemy/actor/lib/hoc/test/auto/IterateOverArray14.xml
----------------- Instantiating /home/travis/build/icyphy/ptII/ptolemy/actor/lib/hoc/test/auto/IterateOverArray14.xml
63 ms. Memory: 157696K Free: 98805K (63%)
----------------- Invoking toplevel() on ptolemy.moml.MoMLSimpleApplication@29bce43
----------------- Done invoking toplevel() on ptolemy.moml.MoMLSimpleApplication@29bce43
reloadAllAccessors: .IterateOverArray14

===========================================================================================
----------------- testing Sun Nov 03 06:16:00 UTC 2019 /home/travis/build/icyphy/ptII/ptolemy/actor/lib/hoc/test/auto/IterateOverArray2.xml
----------------- Instantiating /home/travis/build/icyphy/ptII/ptolemy/actor/lib/hoc/test/auto/IterateOverArray2.xml
5 ms. Memory: 157696K Free: 94195K (60%)
----------------- Invoking toplevel() on ptolemy.moml.MoMLSimpleApplication@276229d2
----------------- Done invoking toplevel() on ptolemy.moml.MoMLSimpleApplication@276229d2
reloadAllAccessors: .IterateOverArray2

===========================================================================================
----------------- testing Sun Nov 03 06:16:00 UTC 2019 /home/travis/build/icyphy/ptII/ptolemy/actor/lib/hoc/test/auto/IterateOverArray3.xml
----------------- Instantiating /home/travis/build/icyphy/ptII/ptolemy/actor/lib/hoc/test/auto/IterateOverArray3.xml
6 ms. Memory: 157696K Free: 88565K (56%)
----------------- Invoking toplevel() on ptolemy.moml.MoMLSimpleApplication@2e22c420
----------------- Done invoking toplevel() on ptolemy.moml.MoMLSimpleApplication@2e22c420
reloadAllAccessors: .IterateOverArray3

===========================================================================================
----------------- testing Sun Nov 03 06:16:00 UTC 2019 /home/travis/build/icyphy/ptII/ptolemy/actor/lib/hoc/test/auto/IterateOverArray4.xml
----------------- Instantiating /home/travis/build/icyphy/ptII/ptolemy/actor/lib/hoc/test/auto/IterateOverArray4.xml
4 ms. Memory: 157696K Free: 84469K (54%)
----------------- Invoking toplevel() on ptolemy.moml.MoMLSimpleApplication@7613290e
----------------- Done invoking toplevel() on ptolemy.moml.MoMLSimpleApplication@7613290e
reloadAllAccessors: .IterateOverArray4

===========================================================================================
----------------- testing Sun Nov 03 06:16:00 UTC 2019 /home/travis/build/icyphy/ptII/ptolemy/actor/lib/hoc/test/auto/IterateOverArray5.xml
----------------- Instantiating /home/travis/build/icyphy/ptII/ptolemy/actor/lib/hoc/test/auto/IterateOverArray5.xml
3 ms. Memory: 157696K Free: 80373K (51%)
----------------- Invoking toplevel() on ptolemy.moml.MoMLSimpleApplication@229d70dc
----------------- Done invoking toplevel() on ptolemy.moml.MoMLSimpleApplication@229d70dc
reloadAllAccessors: .IterateOverArray5

===========================================================================================
----------------- testing Sun Nov 03 06:16:00 UTC 2019 /home/travis/build/icyphy/ptII/ptolemy/actor/lib/hoc/test/auto/IterateOverArray6.xml
----------------- Instantiating /home/travis/build/icyphy/ptII/ptolemy/actor/lib/hoc/test/auto/IterateOverArray6.xml
3 ms. Memory: 157696K Free: 76787K (49%)
----------------- Invoking toplevel() on ptolemy.moml.MoMLSimpleApplication@46dacb49
----------------- Done invoking toplevel() on ptolemy.moml.MoMLSimpleApplication@46dacb49
reloadAllAccessors: .IterateOverArray6

===========================================================================================
----------------- testing Sun Nov 03 06:16:00 UTC 2019 /home/travis/build/icyphy/ptII/ptolemy/actor/lib/hoc/test/auto/IterateOverArray7.xml
----------------- Instantiating /home/travis/build/icyphy/ptII/ptolemy/actor/lib/hoc/test/auto/IterateOverArray7.xml
3 ms. Memory: 157696K Free: 72181K (46%)
----------------- Invoking toplevel() on ptolemy.moml.MoMLSimpleApplication@683ea834
----------------- Done invoking toplevel() on ptolemy.moml.MoMLSimpleApplication@683ea834
reloadAllAccessors: .IterateOverArray7

===========================================================================================
----------------- testing Sun Nov 03 06:16:00 UTC 2019 /home/travis/build/icyphy/ptII/ptolemy/actor/lib/hoc/test/auto/IterateOverArray8.xml
----------------- Instantiating /home/travis/build/icyphy/ptII/ptolemy/actor/lib/hoc/test/auto/IterateOverArray8.xml
3 ms. Memory: 157696K Free: 68085K (43%)
----------------- Invoking toplevel() on ptolemy.moml.MoMLSimpleApplication@bf98b0c
----------------- Done invoking toplevel() on ptolemy.moml.MoMLSimpleApplication@bf98b0c
reloadAllAccessors: .IterateOverArray8

===========================================================================================
----------------- testing Sun Nov 03 06:16:00 UTC 2019 /home/travis/build/icyphy/ptII/ptolemy/actor/lib/hoc/test/auto/IterateOverArray9.xml
----------------- Instantiating /home/travis/build/icyphy/ptII/ptolemy/actor/lib/hoc/test/auto/IterateOverArray9.xml
7 ms. Memory: 157696K Free: 63989K (41%)
----------------- Invoking toplevel() on ptolemy.moml.MoMLSimpleApplication@60bcd29a
----------------- Done invoking toplevel() on ptolemy.moml.MoMLSimpleApplication@60bcd29a
reloadAllAccessors: .IterateOverArray9

===========================================================================================
----------------- testing Sun Nov 03 06:16:00 UTC 2019 /home/travis/build/icyphy/ptII/ptolemy/actor/lib/hoc/test/auto/IterateOverArrayCoercedOutputType.xml
----------------- Instantiating /home/travis/build/icyphy/ptII/ptolemy/actor/lib/hoc/test/auto/IterateOverArrayCoercedOutputType.xml
23 ms. Memory: 157696K Free: 58869K (37%)
----------------- Invoking toplevel() on ptolemy.moml.MoMLSimpleApplication@6400151
----------------- Done invoking toplevel() on ptolemy.moml.MoMLSimpleApplication@6400151
reloadAllAccessors: .IterateOverArrayCoercedOutputType

===========================================================================================
----------------- testing Sun Nov 03 06:16:00 UTC 2019 /home/travis/build/icyphy/ptII/ptolemy/actor/lib/hoc/test/auto/IterateOverArrayInferredOutputType.xml
----------------- Instantiating /home/travis/build/icyphy/ptII/ptolemy/actor/lib/hoc/test/auto/IterateOverArrayInferredOutputType.xml
8 ms. Memory: 157696K Free: 54259K (34%)
----------------- Invoking toplevel() on ptolemy.moml.MoMLSimpleApplication@f59dec6
----------------- Done invoking toplevel() on ptolemy.moml.MoMLSimpleApplication@f59dec6
reloadAllAccessors: .IterateOverArrayInferredOutputType

===========================================================================================
----------------- testing Sun Nov 03 06:16:00 UTC 2019 /home/travis/build/icyphy/ptII/ptolemy/actor/lib/hoc/test/auto/MobileFunctionTest.xml
----------------- Instantiating /home/travis/build/icyphy/ptII/ptolemy/actor/lib/hoc/test/auto/MobileFunctionTest.xml
4 ms. Memory: 157696K Free: 142199K (90%)
----------------- Invoking toplevel() on ptolemy.moml.MoMLSimpleApplication@55ac34a1
----------------- Done invoking toplevel() on ptolemy.moml.MoMLSimpleApplication@55ac34a1
reloadAllAccessors: .MobileFunctionTest

===========================================================================================
----------------- testing Sun Nov 03 06:16:00 UTC 2019 /home/travis/build/icyphy/ptII/ptolemy/actor/lib/hoc/test/auto/MobileModelTest.xml
----------------- Instantiating /home/travis/build/icyphy/ptII/ptolemy/actor/lib/hoc/test/auto/MobileModelTest.xml
170 ms. Memory: 157696K Free: 121209K (77%)
----------------- Invoking toplevel() on ptolemy.moml.MoMLSimpleApplication@fc7a846
----------------- Done invoking toplevel() on ptolemy.moml.MoMLSimpleApplication@fc7a846
reloadAllAccessors: .MobileModelTest

===========================================================================================
----------------- testing Sun Nov 03 06:16:00 UTC 2019 /home/travis/build/icyphy/ptII/ptolemy/actor/lib/hoc/test/auto/ModelReference.xml
----------------- Instantiating /home/travis/build/icyphy/ptII/ptolemy/actor/lib/hoc/test/auto/ModelReference.xml
3 ms. Memory: 157696K Free: 114551K (73%)
3 ms. Memory: 157696K Free: 114041K (72%)
2 ms. Memory: 157696K Free: 113017K (72%)
9 ms. Memory: 157696K Free: 111993K (71%)
2 ms. Memory: 157696K Free: 111465K (71%)
1 ms. Memory: 157696K Free: 110455K (70%)
1 ms. Memory: 157696K Free: 109945K (70%)
3 ms. Memory: 157696K Free: 108921K (69%)
2 ms. Memory: 157696K Free: 108377K (69%)
4 ms. Memory: 157696K Free: 107369K (68%)
35 ms. Memory: 157696K Free: 107369K (68%)
----------------- Invoking toplevel() on ptolemy.moml.MoMLSimpleApplication@650bcc46
----------------- Done invoking toplevel() on ptolemy.moml.MoMLSimpleApplication@650bcc46
reloadAllAccessors: .ModelReference

===========================================================================================
----------------- testing Sun Nov 03 06:16:01 UTC 2019 /home/travis/build/icyphy/ptII/ptolemy/actor/lib/hoc/test/auto/ModelReference3.xml
----------------- Instantiating /home/travis/build/icyphy/ptII/ptolemy/actor/lib/hoc/test/auto/ModelReference3.xml
2 ms. Memory: 157696K Free: 102233K (65%)
4 ms. Memory: 157696K Free: 101753K (65%)
1 ms. Memory: 157696K Free: 100729K (64%)
3 ms. Memory: 157696K Free: 100185K (64%)
1 ms. Memory: 157696K Free: 99177K (63%)
1 ms. Memory: 157696K Free: 98153K (62%)
4 ms. Memory: 157696K Free: 97657K (62%)
4 ms. Memory: 157696K Free: 96633K (61%)
2 ms. Memory: 157696K Free: 96089K (61%)
2 ms. Memory: 157696K Free: 95081K (60%)
35 ms. Memory: 157696K Free: 95081K (60%)
----------------- Invoking toplevel() on ptolemy.moml.MoMLSimpleApplication@1bbcd136
----------------- Done invoking toplevel() on ptolemy.moml.MoMLSimpleApplication@1bbcd136
reloadAllAccessors: .ModelReference3

===========================================================================================
----------------- testing Sun Nov 03 06:16:01 UTC 2019 /home/travis/build/icyphy/ptII/ptolemy/actor/lib/hoc/test/auto/ModelReference4.xml
----------------- Instantiating /home/travis/build/icyphy/ptII/ptolemy/actor/lib/hoc/test/auto/ModelReference4.xml
2 ms. Memory: 157696K Free: 90489K (57%)
3 ms. Memory: 157696K Free: 88945K (56%)
3 ms. Memory: 157696K Free: 87913K (56%)
2 ms. Memory: 157696K Free: 86903K (55%)
2 ms. Memory: 157696K Free: 85369K (54%)
2 ms. Memory: 157696K Free: 84345K (53%)
2 ms. Memory: 157696K Free: 82801K (53%)
3 ms. Memory: 157696K Free: 81769K (52%)
2 ms. Memory: 157696K Free: 80249K (51%)
1 ms. Memory: 157696K Free: 79225K (50%)
10020 ms. Memory: 157696K Free: 79225K (50%)
----------------- Invoking toplevel() on ptolemy.moml.MoMLSimpleApplication@7b9266fa
----------------- Done invoking toplevel() on ptolemy.moml.MoMLSimpleApplication@7b9266fa
reloadAllAccessors: .ModelReference4

===========================================================================================
----------------- testing Sun Nov 03 06:16:11 UTC 2019 /home/travis/build/icyphy/ptII/ptolemy/actor/lib/hoc/test/auto/MultiInstanceComposite.xml
----------------- Instantiating /home/travis/build/icyphy/ptII/ptolemy/actor/lib/hoc/test/auto/MultiInstanceComposite.xml
27 ms. Memory: 157696K Free: 60279K (38%)
----------------- Invoking toplevel() on ptolemy.moml.MoMLSimpleApplication@5742e598
----------------- Done invoking toplevel() on ptolemy.moml.MoMLSimpleApplication@5742e598
reloadAllAccessors: .MultiInstanceComposite

===========================================================================================
----------------- testing Sun Nov 03 06:16:11 UTC 2019 /home/travis/build/icyphy/ptII/ptolemy/actor/lib/hoc/test/auto/MultiInstanceComposite2.xml
----------------- Instantiating /home/travis/build/icyphy/ptII/ptolemy/actor/lib/hoc/test/auto/MultiInstanceComposite2.xml
26 ms. Memory: 157696K Free: 140941K (89%)
----------------- Invoking toplevel() on ptolemy.moml.MoMLSimpleApplication@2f9ddd5d
----------------- Done invoking toplevel() on ptolemy.moml.MoMLSimpleApplication@2f9ddd5d
reloadAllAccessors: .MultiInstanceComposite2

===========================================================================================
----------------- testing Sun Nov 03 06:16:11 UTC 2019 /home/travis/build/icyphy/ptII/ptolemy/actor/lib/hoc/test/auto/MulticoreExecution.xml
----------------- Instantiating /home/travis/build/icyphy/ptII/ptolemy/actor/lib/hoc/test/auto/MulticoreExecution.xml
Fired ExecutionTime: 2000000
Fired ExecutionTime: 4000000
Fired ExecutionTime: 2400000
Fired ExecutionTime: 4000000
Fired ExecutionTime: 9600000
Fired ExecutionTime: 16000000
Fired ExecutionTime: 89200000
Fired ExecutionTime: 88800000
Fired ExecutionTime: 80000000
Fired ExecutionTime: 92400000
Fired ExecutionTime: 88000000
Fired ExecutionTime: 89200000
Fired ExecutionTime: 88400000
Fired ExecutionTime: 95600000
Fired ExecutionTime: 60800000
Fired ExecutionTime: 71200000
Fired ExecutionTime: 88800000
Fired ExecutionTime: 88400000
Fired ExecutionTime: 89600000
Fired ExecutionTime: 90000000
1071 ms. Memory: 157696K Free: 131500K (83%)
----------------- Invoking toplevel() on ptolemy.moml.MoMLSimpleApplication@45b3ff81
----------------- Done invoking toplevel() on ptolemy.moml.MoMLSimpleApplication@45b3ff81
reloadAllAccessors: .MulticoreExecution

===========================================================================================
----------------- testing Sun Nov 03 06:16:12 UTC 2019 /home/travis/build/icyphy/ptII/ptolemy/actor/lib/hoc/test/auto/ParallelExecution.xml
----------------- Instantiating /home/travis/build/icyphy/ptII/ptolemy/actor/lib/hoc/test/auto/ParallelExecution.xml
919 ms. Memory: 157696K Free: 123308K (78%)
----------------- Invoking toplevel() on ptolemy.moml.MoMLSimpleApplication@4647004c
----------------- Done invoking toplevel() on ptolemy.moml.MoMLSimpleApplication@4647004c
reloadAllAccessors: .ParallelExecution

===========================================================================================
----------------- testing Sun Nov 03 06:16:13 UTC 2019 /home/travis/build/icyphy/ptII/ptolemy/actor/lib/hoc/test/auto/RunCompositeActor.xml
----------------- Instantiating /home/travis/build/icyphy/ptII/ptolemy/actor/lib/hoc/test/auto/RunCompositeActor.xml
10 ms. Memory: 157696K Free: 116126K (74%)
----------------- Invoking toplevel() on ptolemy.moml.MoMLSimpleApplication@a88142d
----------------- Done invoking toplevel() on ptolemy.moml.MoMLSimpleApplication@a88142d
reloadAllAccessors: .RunCompositeActor

===========================================================================================
----------------- testing Sun Nov 03 06:16:13 UTC 2019 /home/travis/build/icyphy/ptII/ptolemy/actor/lib/hoc/test/auto/RunCompositeActor2.xml
----------------- Instantiating /home/travis/build/icyphy/ptII/ptolemy/actor/lib/hoc/test/auto/RunCompositeActor2.xml
4 ms. Memory: 157696K Free: 109990K (70%)
----------------- Invoking toplevel() on ptolemy.moml.MoMLSimpleApplication@5692615b
----------------- Done invoking toplevel() on ptolemy.moml.MoMLSimpleApplication@5692615b
reloadAllAccessors: .RunCompositeActor2

===========================================================================================
----------------- testing Sun Nov 03 06:16:13 UTC 2019 /home/travis/build/icyphy/ptII/ptolemy/actor/lib/hoc/test/auto/RunCompositeActor3.xml
----------------- Instantiating /home/travis/build/icyphy/ptII/ptolemy/actor/lib/hoc/test/auto/RunCompositeActor3.xml
3 ms. Memory: 157696K Free: 104366K (66%)
----------------- Invoking toplevel() on ptolemy.moml.MoMLSimpleApplication@7c3f3700
----------------- Done invoking toplevel() on ptolemy.moml.MoMLSimpleApplication@7c3f3700
reloadAllAccessors: .RunCompositeActor3

===========================================================================================
----------------- testing Sun Nov 03 06:16:13 UTC 2019 /home/travis/build/icyphy/ptII/ptolemy/actor/lib/hoc/test/auto/RunCompositeActor4.xml
----------------- Instantiating /home/travis/build/icyphy/ptII/ptolemy/actor/lib/hoc/test/auto/RunCompositeActor4.xml
11 ms. Memory: 157696K Free: 96174K (61%)
----------------- Invoking toplevel() on ptolemy.moml.MoMLSimpleApplication@5a307644
----------------- Done invoking toplevel() on ptolemy.moml.MoMLSimpleApplication@5a307644
reloadAllAccessors: .RunCompositeActor4

===========================================================================================
----------------- testing Sun Nov 03 06:16:13 UTC 2019 /home/travis/build/icyphy/ptII/ptolemy/actor/lib/hoc/test/auto/RunCompositeIterateOverArray.xml
----------------- Instantiating /home/travis/build/icyphy/ptII/ptolemy/actor/lib/hoc/test/auto/RunCompositeIterateOverArray.xml
8 ms. Memory: 157696K Free: 90030K (57%)
----------------- Invoking toplevel() on ptolemy.moml.MoMLSimpleApplication@260bc9ce
----------------- Done invoking toplevel() on ptolemy.moml.MoMLSimpleApplication@260bc9ce
reloadAllAccessors: .RunCompositeIterateOverArray

===========================================================================================
----------------- testing Sun Nov 03 06:16:13 UTC 2019 /home/travis/build/icyphy/ptII/ptolemy/actor/lib/hoc/test/auto/ThreadedJS.xml
----------------- Instantiating /home/travis/build/icyphy/ptII/ptolemy/actor/lib/hoc/test/auto/ThreadedJS.xml
6795 ms. Memory: 227328K Free: 55298K (24%)
----------------- Invoking toplevel() on ptolemy.moml.MoMLSimpleApplication@5c2a87ba
----------------- Done invoking toplevel() on ptolemy.moml.MoMLSimpleApplication@5c2a87ba
reloadAllAccessors: .ThreadedJS
AutoTests.java: About to close Vertx.
AutoTests.java: Vertx closed.
]]></system-out>
  <system-err><![CDATA[java.lang.RuntimeException: Execution failed
	at ptolemy.moml.MoMLSimpleApplication$UnloadThread.run(MoMLSimpleApplication.java:402)
Caused by: ptolemy.kernel.util.IllegalActionException: initialize() was called after wrapup() was called but preinitialize() was not called after wrapup().
	at ptolemy.actor.lib.hoc.test.PreinitializeMustBeInvoked.initialize(PreinitializeMustBeInvoked.java:78)
	at ptolemy.actor.Director.initialize(Director.java:938)
	at ptolemy.actor.Director.initialize(Director.java:907)
	at ptolemy.actor.sched.StaticSchedulingDirector.initialize(StaticSchedulingDirector.java:159)
	at ptolemy.domains.sdf.kernel.SDFDirector.initialize(SDFDirector.java:544)
	at ptolemy.actor.CompositeActor.initialize(CompositeActor.java:935)
	at ptolemy.actor.lib.hoc.LifeCycleManager._executeInsideModel(LifeCycleManager.java:339)
	at ptolemy.actor.lib.hoc.RunCompositeActor.fire(RunCompositeActor.java:205)
	at ptolemy.actor.CompositeActor.iterate(CompositeActor.java:1146)
	at ptolemy.actor.sched.StaticSchedulingDirector.fire(StaticSchedulingDirector.java:216)
	at ptolemy.domains.sdf.kernel.SDFDirector.fire(SDFDirector.java:500)
	at ptolemy.actor.CompositeActor.fire(CompositeActor.java:455)
	at ptolemy.actor.Manager.iterate(Manager.java:851)
	at ptolemy.actor.Manager.execute(Manager.java:369)
	at ptolemy.actor.Manager.run(Manager.java:1263)
	at ptolemy.actor.Manager$PtolemyRunThread.run(Manager.java:1933)
java.lang.reflect.InvocationTargetException
	at java.base/jdk.internal.reflect.NativeConstructorAccessorImpl.newInstance0(Native Method)
	at java.base/jdk.internal.reflect.NativeConstructorAccessorImpl.newInstance(NativeConstructorAccessorImpl.java:62)
	at java.base/jdk.internal.reflect.DelegatingConstructorAccessorImpl.newInstance(DelegatingConstructorAccessorImpl.java:45)
	at java.base/java.lang.reflect.Constructor.newInstance(Constructor.java:490)
	at ptolemy.util.test.junit.AutoKnownFailedTests.RunModel(AutoKnownFailedTests.java:105)
	at java.base/jdk.internal.reflect.NativeMethodAccessorImpl.invoke0(Native Method)
	at java.base/jdk.internal.reflect.NativeMethodAccessorImpl.invoke(NativeMethodAccessorImpl.java:62)
	at java.base/jdk.internal.reflect.DelegatingMethodAccessorImpl.invoke(DelegatingMethodAccessorImpl.java:43)
	at java.base/java.lang.reflect.Method.invoke(Method.java:566)
	at org.junit.runners.model.FrameworkMethod$1.runReflectiveCall(FrameworkMethod.java:44)
	at org.junit.internal.runners.model.ReflectiveCallable.run(ReflectiveCallable.java:15)
	at org.junit.runners.model.FrameworkMethod.invokeExplosively(FrameworkMethod.java:41)
	at junitparams.internal.InvokeParameterisedMethod.evaluate(InvokeParameterisedMethod.java:102)
	at org.junit.internal.runners.statements.FailOnTimeout$1.run(FailOnTimeout.java:28)
Caused by: ptolemy.kernel.util.IllegalActionException: initialize() was called after wrapup() was called but preinitialize() was not called after wrapup().
	at ptolemy.actor.lib.hoc.test.PreinitializeMustBeInvoked.initialize(PreinitializeMustBeInvoked.java:78)
	at ptolemy.actor.Director.initialize(Director.java:938)
	at ptolemy.actor.Director.initialize(Director.java:907)
	at ptolemy.actor.sched.StaticSchedulingDirector.initialize(StaticSchedulingDirector.java:159)
	at ptolemy.domains.sdf.kernel.SDFDirector.initialize(SDFDirector.java:544)
	at ptolemy.actor.CompositeActor.initialize(CompositeActor.java:935)
	at ptolemy.actor.lib.hoc.LifeCycleManager._executeInsideModel(LifeCycleManager.java:339)
	at ptolemy.actor.lib.hoc.RunCompositeActor.fire(RunCompositeActor.java:205)
	at ptolemy.actor.CompositeActor.iterate(CompositeActor.java:1146)
	at ptolemy.actor.sched.StaticSchedulingDirector.fire(StaticSchedulingDirector.java:216)
	at ptolemy.domains.sdf.kernel.SDFDirector.fire(SDFDirector.java:500)
	at ptolemy.actor.CompositeActor.fire(CompositeActor.java:455)
	at ptolemy.actor.Manager.iterate(Manager.java:851)
	at ptolemy.actor.Manager.execute(Manager.java:369)
	at ptolemy.actor.Manager.run(Manager.java:1263)
	at ptolemy.actor.Manager$PtolemyRunThread.run(Manager.java:1933)
Warning: Nashorn engine is planned to be removed from a future JDK release
Warning: Nashorn engine is planned to be removed from a future JDK release
Warning: Nashorn engine is planned to be removed from a future JDK release
Warning: Nashorn engine is planned to be removed from a future JDK release
Warning: Nashorn engine is planned to be removed from a future JDK release
Warning: Nashorn engine is planned to be removed from a future JDK release
Warning: Nashorn engine is planned to be removed from a future JDK release
Warning: Nashorn engine is planned to be removed from a future JDK release
]]></system-err>
</testsuite>
