<?xml version="1.0" encoding="UTF-8" ?>
<testsuite errors="0" failures="0" hostname="travis-job-85ec603b-ec7f-45a8-8a1b-c79122bd0b99" name="ptolemy.domains.de.test.junit.JUnitTclTest" skipped="0" tests="101" time="129.045" timestamp="2019-04-27T04:08:57">
  <properties>
[...]
</properties>
  <testcase classname="ptolemy.util.test.junit.TclTests" name="[0] /home/travis/build/icyphy/ptII/ptolemy/domains/de/test/DependencyLoop.tcl (RunTclFile)" time="0.803" />
  <testcase classname="ptolemy.util.test.junit.TclTests" name="[1] /home/travis/build/icyphy/ptII/ptolemy/domains/de/test/RunDETestsAsQSS.tcl (RunTclFile)" time="89.657" />
  <testcase classname="ptolemy.util.test.junit.AutoKnownFailedTests" name="[0] /home/travis/build/icyphy/ptII/ptolemy/domains/de/test/auto/knownFailedTests/DESDFClockTest.xml (RunModel)" time="2.03" />
  <testcase classname="ptolemy.util.test.junit.AutoKnownFailedTests" name="[1] /home/travis/build/icyphy/ptII/ptolemy/domains/de/test/auto/knownFailedTests/DirectFeedback.xml (RunModel)" time="0.009" />
  <testcase classname="ptolemy.util.test.junit.AutoKnownFailedTests" name="[2] /home/travis/build/icyphy/ptII/ptolemy/domains/de/test/auto/knownFailedTests/FSMSource.xml (RunModel)" time="0.024" />
  <testcase classname="ptolemy.util.test.junit.AutoKnownFailedTests" name="[3] /home/travis/build/icyphy/ptII/ptolemy/domains/de/test/auto/knownFailedTests/HierarchicalModel.xml (RunModel)" time="0.043" />
  <testcase classname="ptolemy.util.test.junit.AutoKnownFailedTests" name="[4] /home/travis/build/icyphy/ptII/ptolemy/domains/de/test/auto/knownFailedTests/dependencyLoop.xml (RunModel)" time="0.033" />
  <testcase classname="ptolemy.util.test.junit.AutoKnownFailedTests" name="[5] /home/travis/build/icyphy/ptII/ptolemy/domains/de/test/auto/knownFailedTests/dependencyLoop2.xml (RunModel)" time="0.042" />
  <testcase classname="ptolemy.util.test.junit.AutoNameArchTests" name="[0] ThereAreNoAutoArchTests (RunModel)" time="0.0" />
  <testcase classname="ptolemy.util.test.junit.AutoTests" name="[0] /home/travis/build/icyphy/ptII/ptolemy/domains/de/test/auto/ActorDepthCalculation_actorWithoutPorts.xml (RunModel)" time="0.018" />
  <testcase classname="ptolemy.util.test.junit.AutoTests" name="[1] /home/travis/build/icyphy/ptII/ptolemy/domains/de/test/auto/AssemblyLine.xml (RunModel)" time="0.019" />
  <testcase classname="ptolemy.util.test.junit.AutoTests" name="[2] /home/travis/build/icyphy/ptII/ptolemy/domains/de/test/auto/CQBug1.xml (RunModel)" time="0.01" />
  <testcase classname="ptolemy.util.test.junit.AutoTests" name="[3] /home/travis/build/icyphy/ptII/ptolemy/domains/de/test/auto/CancelFireAt.xml (RunModel)" time="0.005" />
  <testcase classname="ptolemy.util.test.junit.AutoTests" name="[4] /home/travis/build/icyphy/ptII/ptolemy/domains/de/test/auto/CausalityAndComposabilityAnalysis.xml (RunModel)" time="0.009" />
  <testcase classname="ptolemy.util.test.junit.AutoTests" name="[5] /home/travis/build/icyphy/ptII/ptolemy/domains/de/test/auto/CausalityInterface1.xml (RunModel)" time="0.011" />
  <testcase classname="ptolemy.util.test.junit.AutoTests" name="[6] /home/travis/build/icyphy/ptII/ptolemy/domains/de/test/auto/CausalityInterface15.xml (RunModel)" time="0.011" />
  <testcase classname="ptolemy.util.test.junit.AutoTests" name="[7] /home/travis/build/icyphy/ptII/ptolemy/domains/de/test/auto/CausalityInterface2.xml (RunModel)" time="0.01" />
  <testcase classname="ptolemy.util.test.junit.AutoTests" name="[8] /home/travis/build/icyphy/ptII/ptolemy/domains/de/test/auto/CausalityInterface3.xml (RunModel)" time="0.01" />
  <testcase classname="ptolemy.util.test.junit.AutoTests" name="[9] /home/travis/build/icyphy/ptII/ptolemy/domains/de/test/auto/ClockDrift.xml (RunModel)" time="0.04" />
  <testcase classname="ptolemy.util.test.junit.AutoTests" name="[10] /home/travis/build/icyphy/ptII/ptolemy/domains/de/test/auto/ClockDriftAndValueChange.xml (RunModel)" time="0.029" />
  <testcase classname="ptolemy.util.test.junit.AutoTests" name="[11] /home/travis/build/icyphy/ptII/ptolemy/domains/de/test/auto/ClockDriftChange.xml (RunModel)" time="0.029" />
  <testcase classname="ptolemy.util.test.junit.AutoTests" name="[12] /home/travis/build/icyphy/ptII/ptolemy/domains/de/test/auto/ComposableCausalityAnalysis.xml (RunModel)" time="0.017" />
  <testcase classname="ptolemy.util.test.junit.AutoTests" name="[13] /home/travis/build/icyphy/ptII/ptolemy/domains/de/test/auto/DEFixedPointLimitation.xml (RunModel)" time="0.009" />
  <testcase classname="ptolemy.util.test.junit.AutoTests" name="[14] /home/travis/build/icyphy/ptII/ptolemy/domains/de/test/auto/DEScheduleTest.xml (RunModel)" time="0.012" />
  <testcase classname="ptolemy.util.test.junit.AutoTests" name="[15] /home/travis/build/icyphy/ptII/ptolemy/domains/de/test/auto/DEinDEwithStartTimes.xml (RunModel)" time="0.016" />
  <testcase classname="ptolemy.util.test.junit.AutoTests" name="[16] /home/travis/build/icyphy/ptII/ptolemy/domains/de/test/auto/DEinDEwithStartTimes2.xml (RunModel)" time="0.01" />
  <testcase classname="ptolemy.util.test.junit.AutoTests" name="[17] /home/travis/build/icyphy/ptII/ptolemy/domains/de/test/auto/DateDemo.xml (RunModel)" time="0.019" />
  <testcase classname="ptolemy.util.test.junit.AutoTests" name="[18] /home/travis/build/icyphy/ptII/ptolemy/domains/de/test/auto/DateToEvent.xml (RunModel)" time="2.028" />
  <testcase classname="ptolemy.util.test.junit.AutoTests" name="[19] /home/travis/build/icyphy/ptII/ptolemy/domains/de/test/auto/DepthTest1.xml (RunModel)" time="0.008" />
  <testcase classname="ptolemy.util.test.junit.AutoTests" name="[20] /home/travis/build/icyphy/ptII/ptolemy/domains/de/test/auto/DepthTest2.xml (RunModel)" time="0.022" />
  <testcase classname="ptolemy.util.test.junit.AutoTests" name="[21] /home/travis/build/icyphy/ptII/ptolemy/domains/de/test/auto/DepthTest3.xml (RunModel)" time="0.006" />
  <testcase classname="ptolemy.util.test.junit.AutoTests" name="[22] /home/travis/build/icyphy/ptII/ptolemy/domains/de/test/auto/DepthTest4.xml (RunModel)" time="0.007" />
  <testcase classname="ptolemy.util.test.junit.AutoTests" name="[23] /home/travis/build/icyphy/ptII/ptolemy/domains/de/test/auto/DepthTest5.xml (RunModel)" time="0.008" />
  <testcase classname="ptolemy.util.test.junit.AutoTests" name="[24] /home/travis/build/icyphy/ptII/ptolemy/domains/de/test/auto/DepthTest6.xml (RunModel)" time="0.008" />
  <testcase classname="ptolemy.util.test.junit.AutoTests" name="[25] /home/travis/build/icyphy/ptII/ptolemy/domains/de/test/auto/DepthTest7.xml (RunModel)" time="0.007" />
  <testcase classname="ptolemy.util.test.junit.AutoTests" name="[26] /home/travis/build/icyphy/ptII/ptolemy/domains/de/test/auto/EventToDate.xml (RunModel)" time="3.022" />
  <testcase classname="ptolemy.util.test.junit.AutoTests" name="[27] /home/travis/build/icyphy/ptII/ptolemy/domains/de/test/auto/FSM1.xml (RunModel)" time="0.023" />
  <testcase classname="ptolemy.util.test.junit.AutoTests" name="[28] /home/travis/build/icyphy/ptII/ptolemy/domains/de/test/auto/FSM7.xml (RunModel)" time="0.025" />
  <testcase classname="ptolemy.util.test.junit.AutoTests" name="[29] /home/travis/build/icyphy/ptII/ptolemy/domains/de/test/auto/Inspection.xml (RunModel)" time="0.031" />
  <testcase classname="ptolemy.util.test.junit.AutoTests" name="[30] /home/travis/build/icyphy/ptII/ptolemy/domains/de/test/auto/Iteration.xml (RunModel)" time="0.014" />
  <testcase classname="ptolemy.util.test.junit.AutoTests" name="[31] /home/travis/build/icyphy/ptII/ptolemy/domains/de/test/auto/LineFault.xml (RunModel)" time="0.414" />
  <testcase classname="ptolemy.util.test.junit.AutoTests" name="[32] /home/travis/build/icyphy/ptII/ptolemy/domains/de/test/auto/MergeModel1Add.xml (RunModel)" time="0.04" />
  <testcase classname="ptolemy.util.test.junit.AutoTests" name="[33] /home/travis/build/icyphy/ptII/ptolemy/domains/de/test/auto/MergeModel2Add.xml (RunModel)" time="0.031" />
  <testcase classname="ptolemy.util.test.junit.AutoTests" name="[34] /home/travis/build/icyphy/ptII/ptolemy/domains/de/test/auto/MergeModel3Add.xml (RunModel)" time="0.035" />
  <testcase classname="ptolemy.util.test.junit.AutoTests" name="[35] /home/travis/build/icyphy/ptII/ptolemy/domains/de/test/auto/MergeWithoutDiscard.xml (RunModel)" time="0.008" />
  <testcase classname="ptolemy.util.test.junit.AutoTests" name="[36] /home/travis/build/icyphy/ptII/ptolemy/domains/de/test/auto/Modal1.xml (RunModel)" time="0.022" />
  <testcase classname="ptolemy.util.test.junit.AutoTests" name="[37] /home/travis/build/icyphy/ptII/ptolemy/domains/de/test/auto/Modal2.xml (RunModel)" time="0.023" />
  <testcase classname="ptolemy.util.test.junit.AutoTests" name="[38] /home/travis/build/icyphy/ptII/ptolemy/domains/de/test/auto/Modal3.xml (RunModel)" time="0.027" />
  <testcase classname="ptolemy.util.test.junit.AutoTests" name="[39] /home/travis/build/icyphy/ptII/ptolemy/domains/de/test/auto/Modal4.xml (RunModel)" time="0.023" />
  <testcase classname="ptolemy.util.test.junit.AutoTests" name="[40] /home/travis/build/icyphy/ptII/ptolemy/domains/de/test/auto/Modal5.xml (RunModel)" time="0.022" />
  <testcase classname="ptolemy.util.test.junit.AutoTests" name="[41] /home/travis/build/icyphy/ptII/ptolemy/domains/de/test/auto/Modal6.xml (RunModel)" time="0.02" />
  <testcase classname="ptolemy.util.test.junit.AutoTests" name="[42] /home/travis/build/icyphy/ptII/ptolemy/domains/de/test/auto/Modal7.xml (RunModel)" time="0.022" />
  <testcase classname="ptolemy.util.test.junit.AutoTests" name="[43] /home/travis/build/icyphy/ptII/ptolemy/domains/de/test/auto/ModalModel.xml (RunModel)" time="0.135" />
  <testcase classname="ptolemy.util.test.junit.AutoTests" name="[44] /home/travis/build/icyphy/ptII/ptolemy/domains/de/test/auto/ModalSource.xml (RunModel)" time="0.017" />
  <testcase classname="ptolemy.util.test.junit.AutoTests" name="[45] /home/travis/build/icyphy/ptII/ptolemy/domains/de/test/auto/NonInterruptibleTimerZeroDelay.xml (RunModel)" time="0.005" />
  <testcase classname="ptolemy.util.test.junit.AutoTests" name="[46] /home/travis/build/icyphy/ptII/ptolemy/domains/de/test/auto/OpenQueueingNetwork.xml (RunModel)" time="1.805" />
  <testcase classname="ptolemy.util.test.junit.AutoTests" name="[47] /home/travis/build/icyphy/ptII/ptolemy/domains/de/test/auto/OpenQueuingNetwork.xml (RunModel)" time="0.266" />
  <testcase classname="ptolemy.util.test.junit.AutoTests" name="[48] /home/travis/build/icyphy/ptII/ptolemy/domains/de/test/auto/PeriodicSampler.xml (RunModel)" time="0.007" />
  <testcase classname="ptolemy.util.test.junit.AutoTests" name="[49] /home/travis/build/icyphy/ptII/ptolemy/domains/de/test/auto/PersistentIO.xml (RunModel)" time="0.018" />
  <testcase classname="ptolemy.util.test.junit.AutoTests" name="[50] /home/travis/build/icyphy/ptII/ptolemy/domains/de/test/auto/PortParameterResetOnInitialize.xml (RunModel)" time="0.011" />
  <testcase classname="ptolemy.util.test.junit.AutoTests" name="[51] /home/travis/build/icyphy/ptII/ptolemy/domains/de/test/auto/PortParameterUpdates.xml (RunModel)" time="0.013" />
  <testcase classname="ptolemy.util.test.junit.AutoTests" name="[52] /home/travis/build/icyphy/ptII/ptolemy/domains/de/test/auto/QueueAndServer.xml (RunModel)" time="0.02" />
  <testcase classname="ptolemy.util.test.junit.AutoTests" name="[53] /home/travis/build/icyphy/ptII/ptolemy/domains/de/test/auto/Records.xml (RunModel)" time="0.017" />
  <testcase classname="ptolemy.util.test.junit.AutoTests" name="[54] /home/travis/build/icyphy/ptII/ptolemy/domains/de/test/auto/ResetTransitionWithStartTime1.xml (RunModel)" time="0.02" />
  <testcase classname="ptolemy.util.test.junit.AutoTests" name="[55] /home/travis/build/icyphy/ptII/ptolemy/domains/de/test/auto/ResetTransitionWithStartTime2.xml (RunModel)" time="0.017" />
  <testcase classname="ptolemy.util.test.junit.AutoTests" name="[56] /home/travis/build/icyphy/ptII/ptolemy/domains/de/test/auto/ResetTransitionWithStartTime3.xml (RunModel)" time="0.018" />
  <testcase classname="ptolemy.util.test.junit.AutoTests" name="[57] /home/travis/build/icyphy/ptII/ptolemy/domains/de/test/auto/ResetTransitionWithStartTime4.xml (RunModel)" time="0.022" />
  <testcase classname="ptolemy.util.test.junit.AutoTests" name="[58] /home/travis/build/icyphy/ptII/ptolemy/domains/de/test/auto/ResettableTimer1.xml (RunModel)" time="0.009" />
  <testcase classname="ptolemy.util.test.junit.AutoTests" name="[59] /home/travis/build/icyphy/ptII/ptolemy/domains/de/test/auto/ResettableTimer2.xml (RunModel)" time="0.007" />
  <testcase classname="ptolemy.util.test.junit.AutoTests" name="[60] /home/travis/build/icyphy/ptII/ptolemy/domains/de/test/auto/ResettableTimer3.xml (RunModel)" time="0.008" />
  <testcase classname="ptolemy.util.test.junit.AutoTests" name="[61] /home/travis/build/icyphy/ptII/ptolemy/domains/de/test/auto/ResettableTimer4.xml (RunModel)" time="0.008" />
  <testcase classname="ptolemy.util.test.junit.AutoTests" name="[62] /home/travis/build/icyphy/ptII/ptolemy/domains/de/test/auto/ResettableTimer5.xml (RunModel)" time="0.008" />
  <testcase classname="ptolemy.util.test.junit.AutoTests" name="[63] /home/travis/build/icyphy/ptII/ptolemy/domains/de/test/auto/ResettableTimer6.xml (RunModel)" time="0.015" />
  <testcase classname="ptolemy.util.test.junit.AutoTests" name="[64] /home/travis/build/icyphy/ptII/ptolemy/domains/de/test/auto/ServerZeroDelay.xml (RunModel)" time="0.009" />
  <testcase classname="ptolemy.util.test.junit.AutoTests" name="[65] /home/travis/build/icyphy/ptII/ptolemy/domains/de/test/auto/SmartSender.xml (RunModel)" time="3.006" />
  <testcase classname="ptolemy.util.test.junit.AutoTests" name="[66] /home/travis/build/icyphy/ptII/ptolemy/domains/de/test/auto/ThreadedComposite.xml (RunModel)" time="0.202" />
  <testcase classname="ptolemy.util.test.junit.AutoTests" name="[67] /home/travis/build/icyphy/ptII/ptolemy/domains/de/test/auto/Time.xml (RunModel)" time="0.452" />
  <testcase classname="ptolemy.util.test.junit.AutoTests" name="[68] /home/travis/build/icyphy/ptII/ptolemy/domains/de/test/auto/TimeDelayZeroDelay.xml (RunModel)" time="0.011" />
  <testcase classname="ptolemy.util.test.junit.AutoTests" name="[69] /home/travis/build/icyphy/ptII/ptolemy/domains/de/test/auto/TimerZeroDelay.xml (RunModel)" time="0.008" />
  <testcase classname="ptolemy.util.test.junit.AutoTests" name="[70] /home/travis/build/icyphy/ptII/ptolemy/domains/de/test/auto/TimingParadox.xml (RunModel)" time="0.347" />
  <testcase classname="ptolemy.util.test.junit.AutoTests" name="[71] /home/travis/build/icyphy/ptII/ptolemy/domains/de/test/auto/TransferInputs.xml (RunModel)" time="0.014" />
  <testcase classname="ptolemy.util.test.junit.AutoTests" name="[72] /home/travis/build/icyphy/ptII/ptolemy/domains/de/test/auto/TransferOutputs2.xml (RunModel)" time="0.014" />
  <testcase classname="ptolemy.util.test.junit.AutoTests" name="[73] /home/travis/build/icyphy/ptII/ptolemy/domains/de/test/auto/Trilateration.xml (RunModel)" time="11.125" />
  <testcase classname="ptolemy.util.test.junit.AutoTests" name="[74] /home/travis/build/icyphy/ptII/ptolemy/domains/de/test/auto/TwoSigmaDelta.xml (RunModel)" time="2.071" />
  <testcase classname="ptolemy.util.test.junit.AutoTests" name="[75] /home/travis/build/icyphy/ptII/ptolemy/domains/de/test/auto/VariableDelay.xml (RunModel)" time="0.011" />
  <testcase classname="ptolemy.util.test.junit.AutoTests" name="[76] /home/travis/build/icyphy/ptII/ptolemy/domains/de/test/auto/VariableDelay2.xml (RunModel)" time="0.009" />
  <testcase classname="ptolemy.util.test.junit.AutoTests" name="[77] /home/travis/build/icyphy/ptII/ptolemy/domains/de/test/auto/VariableDelayZeroDelay.xml (RunModel)" time="0.012" />
  <testcase classname="ptolemy.util.test.junit.AutoTests" name="[78] /home/travis/build/icyphy/ptII/ptolemy/domains/de/test/auto/VariableDelayZeroDelay2.xml (RunModel)" time="0.028" />
  <testcase classname="ptolemy.util.test.junit.AutoTests" name="[79] /home/travis/build/icyphy/ptII/ptolemy/domains/de/test/auto/deInCt.xml (RunModel)" time="0.015" />
  <testcase classname="ptolemy.util.test.junit.AutoTests" name="[80] /home/travis/build/icyphy/ptII/ptolemy/domains/de/test/auto/deInCt2.xml (RunModel)" time="0.011" />
  <testcase classname="ptolemy.util.test.junit.AutoTests" name="[81] /home/travis/build/icyphy/ptII/ptolemy/domains/de/test/auto/dynamicCausalityInterface1.xml (RunModel)" time="0.016" />
  <testcase classname="ptolemy.util.test.junit.AutoTests" name="[82] /home/travis/build/icyphy/ptII/ptolemy/domains/de/test/auto/fsm_de_test.xml (RunModel)" time="0.022" />
  <testcase classname="ptolemy.util.test.junit.AutoTests" name="[83] /home/travis/build/icyphy/ptII/ptolemy/domains/de/test/auto/functionDependencyReconstruction.xml (RunModel)" time="0.029" />
  <testcase classname="ptolemy.util.test.junit.AutoTests" name="[84] /home/travis/build/icyphy/ptII/ptolemy/domains/de/test/auto/multirate.xml (RunModel)" time="0.014" />
  <testcase classname="ptolemy.util.test.junit.AutoTests" name="[85] /home/travis/build/icyphy/ptII/ptolemy/domains/de/test/auto/multirate2.xml (RunModel)" time="0.018" />
  <testcase classname="ptolemy.util.test.junit.AutoTests" name="[86] /home/travis/build/icyphy/ptII/ptolemy/domains/de/test/auto/realtime.xml (RunModel)" time="10.01" />
  <testcase classname="ptolemy.util.test.junit.AutoTests" name="[87] /home/travis/build/icyphy/ptII/ptolemy/domains/de/test/auto/relationGroup.xml (RunModel)" time="0.007" />
  <testcase classname="ptolemy.util.test.junit.AutoTests" name="[88] /home/travis/build/icyphy/ptII/ptolemy/domains/de/test/auto/relationGroup2.xml (RunModel)" time="0.009" />
  <testcase classname="ptolemy.util.test.junit.AutoTests" name="[89] /home/travis/build/icyphy/ptII/ptolemy/domains/de/test/auto/sortWithOpaquePorts.xml (RunModel)" time="0.006" />
  <testcase classname="ptolemy.util.test.junit.AutoTests" name="[90] /home/travis/build/icyphy/ptII/ptolemy/domains/de/test/auto/transferInputsandOutputs.xml (RunModel)" time="0.019" />
  <testcase classname="ptolemy.util.test.junit.AutoTests" name="[91] /home/travis/build/icyphy/ptII/ptolemy/domains/de/test/auto/triggerType.xml (RunModel)" time="0.008" />
  <system-out><![CDATA[/home/travis/build/icyphy/ptII/ptolemy/domains/de/test/DependencyLoop.tcl
testDefs.tcl: setting time out to 9000 seconds at Sat Apr 27 04:08:57 UTC 2019
15 ms. Memory: 116224K Free: 97643K (84%)
26 ms. Memory: 146944K Free: 142445K (97%)
/home/travis/build/icyphy/ptII/ptolemy/domains/de/test/RunDETestsAsQSS.tcl
Run the DE tests using ptolemy.domains.qss.test.QSSDirectorTest, which extends QSSDirector and prints a message in the constructors.
------------------ testing $PTII/ptolemy/domains/de/test/auto/knownFailedTests/dependencyLoop.xml (Known Failure) 
15 ms. Memory: 146944K Free: 136971K (93%)


==== $PTIIhome/travis/build/icyphy/ptII/ptolemy/domains/de/test/../../../../: Auto Automatic test in file $PTII/ptolemy/domains/de/test/auto/knownFailedTests/dependencyLoop.xml
==== Contents of test case:

	    # FIXME: we should use $relativeFilename here, but it
	    # might have backslashes under Windows, which causes no end
	    # of trouble.
	    createAndExecute $file
	    list {}
	
.... Test generated KNOWN error:
    while executing
ptolemy.kernel.util.IllegalActionException: Found a zero delay loop containing .dependencyLoop.original
  in .dependencyLoop and .dependencyLoop.original
	at ptolemy.actor.util.CausalityInterfaceForComposites._computeOutputPortDepth(CausalityInterfaceForComposites.java:759)
	at ptolemy.actor.util.CausalityInterfaceForComposites._computeInputDepth(CausalityInterfaceForComposites.java:696)
	at ptolemy.actor.util.CausalityInterfaceForComposites._computeOutputPortDepth(CausalityInterfaceForComposites.java:765)
	at ptolemy.actor.util.CausalityInterfaceForComposites._computeInputDepth(CausalityInterfaceForComposites.java:696)
	at ptolemy.actor.util.CausalityInterfaceForComposites._computeOutputPortDepth(CausalityInterfaceForComposites.java:765)
	at ptolemy.actor.util.CausalityInterfaceForComposites._computeInputDepth(CausalityInterfaceForComposites.java:696)
	at ptolemy.actor.util.CausalityInterfaceForComposites._computeActorDepth(CausalityInterfaceForComposites.java:532)
	at ptolemy.actor.util.CausalityInterfaceForComposites.checkForCycles(CausalityInterfaceForComposites.java:96)
	at ptolemy.domains.de.kernel.DEDirector.preinitialize(DEDirector.java:1338)
	at ptolemy.actor.CompositeActor.preinitialize(CompositeActor.java:1828)
	at ptolemy.actor.Manager.preinitializeAndResolveTypes(Manager.java:1040)
	at ptolemy.actor.Manager.initialize(Manager.java:710)
	at ptolemy.actor.Manager.execute(Manager.java:356)
	at ptolemy.actor.Manager.run(Manager.java:1263)
	at ptolemy.actor.Manager$PtolemyRunThread.run(Manager.java:1915)

    while executing
ptolemy.kernel.util.IllegalActionException: Found a zero delay loop containing .dependencyLoop.original
  in .dependencyLoop and .dependencyLoop.original
    while executing
"java::new ptolemy.moml.MoMLSimpleApplication $file
"
    (procedure "createAndExecute" line 2)
    invoked from within
"createAndExecute $file"
    ("uplevel" body line 5)
    invoked from within
"uplevel $contents_of_test"
------------------ testing $PTII/ptolemy/domains/de/test/auto/knownFailedTests/DESDFClockTest.xml (Known Failure) 
2083 ms. Memory: 146944K Free: 121407K (83%)


==== $PTIIhome/travis/build/icyphy/ptII/ptolemy/domains/de/test/../../../../: Auto Automatic test in file $PTII/ptolemy/domains/de/test/auto/knownFailedTests/DESDFClockTest.xml
==== Contents of test case:

	    # FIXME: we should use $relativeFilename here, but it
	    # might have backslashes under Windows, which causes no end
	    # of trouble.
	    createAndExecute $file
	    list {}
	
.... Test generated KNOWN error:
    while executing
ptolemy.kernel.util.IllegalActionException: Actor is not ready to fire.  Perhaps UpSample.prefire() returned false? Try debugging the actor by selecting "Listen to Actor".  Also, for SDF check moml for tokenConsumptionRate on input.
  in .DESDFClockTest.Play Bell.Copy1:SDF Director and .DESDFClockTest.Play Bell.UpSample
	at ptolemy.actor.sched.StaticSchedulingDirector.fire(StaticSchedulingDirector.java:227)
	at ptolemy.domains.sdf.kernel.SDFDirector.fire(SDFDirector.java:500)
	at ptolemy.actor.CompositeActor.fire(CompositeActor.java:455)
	at ptolemy.domains.de.kernel.DEDirector._fire(DEDirector.java:1949)
	at ptolemy.domains.de.kernel.DEDirector.fire(DEDirector.java:502)
	at ptolemy.actor.CompositeActor.fire(CompositeActor.java:455)
	at ptolemy.actor.Manager.iterate(Manager.java:851)
	at ptolemy.actor.Manager.execute(Manager.java:369)
	at ptolemy.actor.Manager.run(Manager.java:1263)
	at ptolemy.actor.Manager$PtolemyRunThread.run(Manager.java:1915)

    while executing
ptolemy.kernel.util.IllegalActionException: Actor is not ready to fire.  Perhaps UpSample.prefire() returned false? Try debugging the actor by selecting "Listen to Actor".  Also, for SDF check moml for tokenConsumptionRate on input.
  in .DESDFClockTest.Play Bell.Copy1:SDF Director and .DESDFClockTest.Play Bell.UpSample
    while executing
"java::new ptolemy.moml.MoMLSimpleApplication $file
"
    (procedure "createAndExecute" line 2)
    invoked from within
"createAndExecute $file"
    ("uplevel" body line 5)
    invoked from within
"uplevel $contents_of_test"
------------------ testing $PTII/ptolemy/domains/de/test/auto/knownFailedTests/FSMSource.xml (Known Failure) 
21 ms. Memory: 146944K Free: 112580K (77%)
!!!! Auto was marked as failing, but now passes
------------------ testing $PTII/ptolemy/domains/de/test/auto/knownFailedTests/dependencyLoop2.xml (Known Failure) 
7 ms. Memory: 146944K Free: 110696K (75%)


==== $PTIIhome/travis/build/icyphy/ptII/ptolemy/domains/de/test/../../../../: Auto Automatic test in file $PTII/ptolemy/domains/de/test/auto/knownFailedTests/dependencyLoop2.xml
==== Contents of test case:

	    # FIXME: we should use $relativeFilename here, but it
	    # might have backslashes under Windows, which causes no end
	    # of trouble.
	    createAndExecute $file
	    list {}
	
.... Test generated KNOWN error:
    while executing
ptolemy.kernel.util.IllegalActionException: Found a zero delay loop containing .dependencyLoop2.original
  in .dependencyLoop2 and .dependencyLoop2.original
	at ptolemy.actor.util.CausalityInterfaceForComposites._computeOutputPortDepth(CausalityInterfaceForComposites.java:759)
	at ptolemy.actor.util.CausalityInterfaceForComposites._computeInputDepth(CausalityInterfaceForComposites.java:696)
	at ptolemy.actor.util.CausalityInterfaceForComposites._computeOutputPortDepth(CausalityInterfaceForComposites.java:765)
	at ptolemy.actor.util.CausalityInterfaceForComposites._computeInputDepth(CausalityInterfaceForComposites.java:696)
	at ptolemy.actor.util.CausalityInterfaceForComposites._computeOutputPortDepth(CausalityInterfaceForComposites.java:765)
	at ptolemy.actor.util.CausalityInterfaceForComposites._computeInputDepth(CausalityInterfaceForComposites.java:696)
	at ptolemy.actor.util.CausalityInterfaceForComposites._computeActorDepth(CausalityInterfaceForComposites.java:532)
	at ptolemy.actor.util.CausalityInterfaceForComposites.checkForCycles(CausalityInterfaceForComposites.java:96)
	at ptolemy.domains.de.kernel.DEDirector.preinitialize(DEDirector.java:1338)
	at ptolemy.actor.CompositeActor.preinitialize(CompositeActor.java:1828)
	at ptolemy.actor.Manager.preinitializeAndResolveTypes(Manager.java:1040)
	at ptolemy.actor.Manager.initialize(Manager.java:710)
	at ptolemy.actor.Manager.execute(Manager.java:356)
	at ptolemy.actor.Manager.run(Manager.java:1263)
	at ptolemy.actor.Manager$PtolemyRunThread.run(Manager.java:1915)

    while executing
ptolemy.kernel.util.IllegalActionException: Found a zero delay loop containing .dependencyLoop2.original
  in .dependencyLoop2 and .dependencyLoop2.original
    while executing
"java::new ptolemy.moml.MoMLSimpleApplication $file
"
    (procedure "createAndExecute" line 2)
    invoked from within
"createAndExecute $file"
    ("uplevel" body line 5)
    invoked from within
"uplevel $contents_of_test"
------------------ testing $PTII/ptolemy/domains/de/test/auto/knownFailedTests/HierarchicalModel.xml (Known Failure) 
10 ms. Memory: 146944K Free: 90471K (62%)


==== $PTIIhome/travis/build/icyphy/ptII/ptolemy/domains/de/test/../../../../: Auto Automatic test in file $PTII/ptolemy/domains/de/test/auto/knownFailedTests/HierarchicalModel.xml
==== Contents of test case:

	    # FIXME: we should use $relativeFilename here, but it
	    # might have backslashes under Windows, which causes no end
	    # of trouble.
	    createAndExecute $file
	    list {}
	
.... Test generated KNOWN error:
    while executing
ptolemy.kernel.util.IllegalActionException: Found a zero delay loop containing .HierarchicalModel.A
  in .HierarchicalModel and .HierarchicalModel.A
	at ptolemy.actor.util.CausalityInterfaceForComposites._computeOutputPortDepth(CausalityInterfaceForComposites.java:759)
	at ptolemy.actor.util.CausalityInterfaceForComposites._computeInputDepth(CausalityInterfaceForComposites.java:696)
	at ptolemy.actor.util.CausalityInterfaceForComposites._computeOutputPortDepth(CausalityInterfaceForComposites.java:765)
	at ptolemy.actor.util.CausalityInterfaceForComposites._computeInputDepth(CausalityInterfaceForComposites.java:696)
	at ptolemy.actor.util.CausalityInterfaceForComposites._computeOutputPortDepth(CausalityInterfaceForComposites.java:765)
	at ptolemy.actor.util.CausalityInterfaceForComposites._computeInputDepth(CausalityInterfaceForComposites.java:696)
	at ptolemy.actor.util.CausalityInterfaceForComposites._computeActorDepth(CausalityInterfaceForComposites.java:532)
	at ptolemy.actor.util.CausalityInterfaceForComposites.checkForCycles(CausalityInterfaceForComposites.java:96)
	at ptolemy.domains.de.kernel.DEDirector.preinitialize(DEDirector.java:1338)
	at ptolemy.actor.CompositeActor.preinitialize(CompositeActor.java:1828)
	at ptolemy.actor.Manager.preinitializeAndResolveTypes(Manager.java:1040)
	at ptolemy.actor.Manager.initialize(Manager.java:710)
	at ptolemy.actor.Manager.execute(Manager.java:356)
	at ptolemy.actor.Manager.run(Manager.java:1263)
	at ptolemy.actor.Manager$PtolemyRunThread.run(Manager.java:1915)

    while executing
ptolemy.kernel.util.IllegalActionException: Found a zero delay loop containing .HierarchicalModel.A
  in .HierarchicalModel and .HierarchicalModel.A
    while executing
"java::new ptolemy.moml.MoMLSimpleApplication $file
"
    (procedure "createAndExecute" line 2)
    invoked from within
"createAndExecute $file"
    ("uplevel" body line 5)
    invoked from within
"uplevel $contents_of_test"
------------------ testing $PTII/ptolemy/domains/de/test/auto/knownFailedTests/DirectFeedback.xml (Known Failure) 
5 ms. Memory: 146944K Free: 86361K (59%)


==== $PTIIhome/travis/build/icyphy/ptII/ptolemy/domains/de/test/../../../../: Auto Automatic test in file $PTII/ptolemy/domains/de/test/auto/knownFailedTests/DirectFeedback.xml
==== Contents of test case:

	    # FIXME: we should use $relativeFilename here, but it
	    # might have backslashes under Windows, which causes no end
	    # of trouble.
	    createAndExecute $file
	    list {}
	
.... Test generated KNOWN error:
    while executing
ptolemy.kernel.util.IllegalActionException: Test fails in iteration 1.
Value was: 1.0. Should have been: 2.0
  in .DirectFeedback.Test
	at ptolemy.actor.lib.Test.fire(Test.java:268)
	at ptolemy.domains.de.kernel.DEDirector._fire(DEDirector.java:1949)
	at ptolemy.domains.de.kernel.DEDirector.fire(DEDirector.java:502)
	at ptolemy.actor.CompositeActor.fire(CompositeActor.java:455)
	at ptolemy.actor.Manager.iterate(Manager.java:851)
	at ptolemy.actor.Manager.execute(Manager.java:369)
	at ptolemy.actor.Manager.run(Manager.java:1263)
	at ptolemy.actor.Manager$PtolemyRunThread.run(Manager.java:1915)

    while executing
ptolemy.kernel.util.IllegalActionException: Test fails in iteration 1.
Value was: 1.0. Should have been: 2.0
  in .DirectFeedback.Test
    while executing
"java::new ptolemy.moml.MoMLSimpleApplication $file
"
    (procedure "createAndExecute" line 2)
    invoked from within
"createAndExecute $file"
    ("uplevel" body line 5)
    invoked from within
"uplevel $contents_of_test"
------------------ testing $PTII/ptolemy/domains/de/test/auto/ActorDepthCalculation_actorWithoutPorts.xml
auto.tcl: Setting watchdog for 200 seconds at Sat Apr 27 04:09:00 UTC 2019
8 ms. Memory: 146944K Free: 138670K (94%)
ptolemy.util.test.WatchDog.cancel(): canceling Sat Apr 27 04:09:01 UTC 2019
auto.tcl: Setting watchdog for 200 seconds at Sat Apr 27 04:09:01 UTC 2019
4 ms. Memory: 146944K Free: 137650K (94%)
ptolemy.util.test.WatchDog.cancel(): canceling Sat Apr 27 04:09:01 UTC 2019
------------------ testing $PTII/ptolemy/domains/de/test/auto/AssemblyLine.xml
auto.tcl: Setting watchdog for 200 seconds at Sat Apr 27 04:09:01 UTC 2019
25 ms. Memory: 208384K Free: 183392K (88%)
ptolemy.util.test.WatchDog.cancel(): canceling Sat Apr 27 04:09:01 UTC 2019
auto.tcl: Setting watchdog for 200 seconds at Sat Apr 27 04:09:01 UTC 2019
11 ms. Memory: 208384K Free: 183392K (88%)
ptolemy.util.test.WatchDog.cancel(): canceling Sat Apr 27 04:09:01 UTC 2019
------------------ testing $PTII/ptolemy/domains/de/test/auto/CQBug1.xml
auto.tcl: Setting watchdog for 200 seconds at Sat Apr 27 04:09:01 UTC 2019
4 ms. Memory: 208384K Free: 197896K (95%)
ptolemy.util.test.WatchDog.cancel(): canceling Sat Apr 27 04:09:01 UTC 2019
auto.tcl: Setting watchdog for 200 seconds at Sat Apr 27 04:09:01 UTC 2019
2 ms. Memory: 208384K Free: 197896K (95%)
ptolemy.util.test.WatchDog.cancel(): canceling Sat Apr 27 04:09:01 UTC 2019
------------------ testing $PTII/ptolemy/domains/de/test/auto/CancelFireAt.xml
auto.tcl: Setting watchdog for 200 seconds at Sat Apr 27 04:09:01 UTC 2019
6 ms. Memory: 208384K Free: 201555K (97%)
ptolemy.util.test.WatchDog.cancel(): canceling Sat Apr 27 04:09:01 UTC 2019
auto.tcl: Setting watchdog for 200 seconds at Sat Apr 27 04:09:01 UTC 2019
9 ms. Memory: 208384K Free: 199515K (96%)
ptolemy.util.test.WatchDog.cancel(): canceling Sat Apr 27 04:09:01 UTC 2019
------------------ testing $PTII/ptolemy/domains/de/test/auto/CausalityAndComposabilityAnalysis.xml
auto.tcl: Setting watchdog for 200 seconds at Sat Apr 27 04:09:01 UTC 2019
9 ms. Memory: 208384K Free: 198593K (95%)
ptolemy.util.test.WatchDog.cancel(): canceling Sat Apr 27 04:09:01 UTC 2019
auto.tcl: Setting watchdog for 200 seconds at Sat Apr 27 04:09:01 UTC 2019
5 ms. Memory: 208384K Free: 196553K (94%)
ptolemy.util.test.WatchDog.cancel(): canceling Sat Apr 27 04:09:01 UTC 2019
------------------ testing $PTII/ptolemy/domains/de/test/auto/CausalityInterface1.xml
auto.tcl: Setting watchdog for 200 seconds at Sat Apr 27 04:09:01 UTC 2019
8 ms. Memory: 208384K Free: 196491K (94%)
ptolemy.util.test.WatchDog.cancel(): canceling Sat Apr 27 04:09:01 UTC 2019
auto.tcl: Setting watchdog for 200 seconds at Sat Apr 27 04:09:01 UTC 2019
4 ms. Memory: 208384K Free: 196491K (94%)
ptolemy.util.test.WatchDog.cancel(): canceling Sat Apr 27 04:09:01 UTC 2019
------------------ testing $PTII/ptolemy/domains/de/test/auto/CausalityInterface15.xml
auto.tcl: Setting watchdog for 200 seconds at Sat Apr 27 04:09:02 UTC 2019
9 ms. Memory: 208384K Free: 196450K (94%)
ptolemy.util.test.WatchDog.cancel(): canceling Sat Apr 27 04:09:02 UTC 2019
auto.tcl: Setting watchdog for 200 seconds at Sat Apr 27 04:09:02 UTC 2019
7 ms. Memory: 208384K Free: 196450K (94%)
ptolemy.util.test.WatchDog.cancel(): canceling Sat Apr 27 04:09:02 UTC 2019
------------------ testing $PTII/ptolemy/domains/de/test/auto/CausalityInterface2.xml
auto.tcl: Setting watchdog for 200 seconds at Sat Apr 27 04:09:02 UTC 2019
6 ms. Memory: 208384K Free: 196466K (94%)
ptolemy.util.test.WatchDog.cancel(): canceling Sat Apr 27 04:09:02 UTC 2019
auto.tcl: Setting watchdog for 200 seconds at Sat Apr 27 04:09:02 UTC 2019
4 ms. Memory: 208384K Free: 196466K (94%)
ptolemy.util.test.WatchDog.cancel(): canceling Sat Apr 27 04:09:02 UTC 2019
------------------ testing $PTII/ptolemy/domains/de/test/auto/CausalityInterface3.xml
auto.tcl: Setting watchdog for 200 seconds at Sat Apr 27 04:09:02 UTC 2019
4 ms. Memory: 208384K Free: 196479K (94%)
ptolemy.util.test.WatchDog.cancel(): canceling Sat Apr 27 04:09:02 UTC 2019
auto.tcl: Setting watchdog for 200 seconds at Sat Apr 27 04:09:02 UTC 2019
11 ms. Memory: 208384K Free: 196479K (94%)
ptolemy.util.test.WatchDog.cancel(): canceling Sat Apr 27 04:09:02 UTC 2019
------------------ testing $PTII/ptolemy/domains/de/test/auto/ClockDrift.xml
auto.tcl: Setting watchdog for 200 seconds at Sat Apr 27 04:09:02 UTC 2019
89 ms. Memory: 208384K Free: 187891K (90%)
ptolemy.util.test.WatchDog.cancel(): canceling Sat Apr 27 04:09:02 UTC 2019
auto.tcl: Setting watchdog for 200 seconds at Sat Apr 27 04:09:02 UTC 2019
61 ms. Memory: 208384K Free: 185851K (89%)
ptolemy.util.test.WatchDog.cancel(): canceling Sat Apr 27 04:09:02 UTC 2019
------------------ testing $PTII/ptolemy/domains/de/test/auto/ClockDriftAndValueChange.xml
auto.tcl: Setting watchdog for 200 seconds at Sat Apr 27 04:09:02 UTC 2019
38 ms. Memory: 208384K Free: 187724K (90%)
ptolemy.util.test.WatchDog.cancel(): canceling Sat Apr 27 04:09:02 UTC 2019
auto.tcl: Setting watchdog for 200 seconds at Sat Apr 27 04:09:02 UTC 2019
26 ms. Memory: 208384K Free: 185684K (89%)
ptolemy.util.test.WatchDog.cancel(): canceling Sat Apr 27 04:09:02 UTC 2019
------------------ testing $PTII/ptolemy/domains/de/test/auto/ClockDriftChange.xml
auto.tcl: Setting watchdog for 200 seconds at Sat Apr 27 04:09:02 UTC 2019
24 ms. Memory: 208384K Free: 190992K (92%)
ptolemy.util.test.WatchDog.cancel(): canceling Sat Apr 27 04:09:02 UTC 2019
auto.tcl: Setting watchdog for 200 seconds at Sat Apr 27 04:09:02 UTC 2019
33 ms. Memory: 208384K Free: 188952K (91%)
ptolemy.util.test.WatchDog.cancel(): canceling Sat Apr 27 04:09:02 UTC 2019
------------------ testing $PTII/ptolemy/domains/de/test/auto/ComposableCausalityAnalysis.xml
auto.tcl: Setting watchdog for 200 seconds at Sat Apr 27 04:09:02 UTC 2019
3 ms. Memory: 208384K Free: 196858K (94%)
ptolemy.util.test.WatchDog.cancel(): canceling Sat Apr 27 04:09:02 UTC 2019
auto.tcl: Setting watchdog for 200 seconds at Sat Apr 27 04:09:02 UTC 2019
1 ms. Memory: 208384K Free: 194818K (93%)
ptolemy.util.test.WatchDog.cancel(): canceling Sat Apr 27 04:09:02 UTC 2019
------------------ testing $PTII/ptolemy/domains/de/test/auto/DEFixedPointLimitation.xml
auto.tcl: Setting watchdog for 200 seconds at Sat Apr 27 04:09:03 UTC 2019
3 ms. Memory: 208384K Free: 198460K (95%)
ptolemy.util.test.WatchDog.cancel(): canceling Sat Apr 27 04:09:03 UTC 2019
auto.tcl: Setting watchdog for 200 seconds at Sat Apr 27 04:09:03 UTC 2019
1 ms. Memory: 208384K Free: 196420K (94%)
ptolemy.util.test.WatchDog.cancel(): canceling Sat Apr 27 04:09:03 UTC 2019
------------------ testing $PTII/ptolemy/domains/de/test/auto/DEScheduleTest.xml
auto.tcl: Setting watchdog for 200 seconds at Sat Apr 27 04:09:03 UTC 2019
8 ms. Memory: 208384K Free: 198496K (95%)
ptolemy.util.test.WatchDog.cancel(): canceling Sat Apr 27 04:09:03 UTC 2019
auto.tcl: Setting watchdog for 200 seconds at Sat Apr 27 04:09:03 UTC 2019
3 ms. Memory: 208384K Free: 196456K (94%)
ptolemy.util.test.WatchDog.cancel(): canceling Sat Apr 27 04:09:03 UTC 2019
------------------ testing $PTII/ptolemy/domains/de/test/auto/DEinDEwithStartTimes.xml
auto.tcl: Setting watchdog for 200 seconds at Sat Apr 27 04:09:03 UTC 2019
4 ms. Memory: 208384K Free: 196425K (94%)
ptolemy.util.test.WatchDog.cancel(): canceling Sat Apr 27 04:09:03 UTC 2019
auto.tcl: Setting watchdog for 200 seconds at Sat Apr 27 04:09:03 UTC 2019
8 ms. Memory: 208384K Free: 196425K (94%)
ptolemy.util.test.WatchDog.cancel(): canceling Sat Apr 27 04:09:03 UTC 2019
------------------ testing $PTII/ptolemy/domains/de/test/auto/DEinDEwithStartTimes2.xml
auto.tcl: Setting watchdog for 200 seconds at Sat Apr 27 04:09:03 UTC 2019
8 ms. Memory: 208384K Free: 196405K (94%)
ptolemy.util.test.WatchDog.cancel(): canceling Sat Apr 27 04:09:03 UTC 2019
auto.tcl: Setting watchdog for 200 seconds at Sat Apr 27 04:09:03 UTC 2019
5 ms. Memory: 208384K Free: 194365K (93%)
ptolemy.util.test.WatchDog.cancel(): canceling Sat Apr 27 04:09:03 UTC 2019
------------------ testing $PTII/ptolemy/domains/de/test/auto/DateDemo.xml
auto.tcl: Setting watchdog for 200 seconds at Sat Apr 27 04:09:03 UTC 2019
8 ms. Memory: 208384K Free: 189014K (91%)
ptolemy.util.test.WatchDog.cancel(): canceling Sat Apr 27 04:09:03 UTC 2019
auto.tcl: Setting watchdog for 200 seconds at Sat Apr 27 04:09:03 UTC 2019
6 ms. Memory: 208384K Free: 186974K (90%)
ptolemy.util.test.WatchDog.cancel(): canceling Sat Apr 27 04:09:03 UTC 2019
------------------ testing $PTII/ptolemy/domains/de/test/auto/DateToEvent.xml
auto.tcl: Setting watchdog for 200 seconds at Sat Apr 27 04:09:03 UTC 2019
2011 ms. Memory: 208384K Free: 183901K (88%)
ptolemy.util.test.WatchDog.cancel(): canceling Sat Apr 27 04:09:05 UTC 2019
auto.tcl: Setting watchdog for 200 seconds at Sat Apr 27 04:09:05 UTC 2019
2005 ms. Memory: 208384K Free: 183901K (88%)
ptolemy.util.test.WatchDog.cancel(): canceling Sat Apr 27 04:09:07 UTC 2019
------------------ testing $PTII/ptolemy/domains/de/test/auto/DepthTest1.xml
auto.tcl: Setting watchdog for 200 seconds at Sat Apr 27 04:09:07 UTC 2019
2 ms. Memory: 208384K Free: 198024K (95%)
ptolemy.util.test.WatchDog.cancel(): canceling Sat Apr 27 04:09:07 UTC 2019
auto.tcl: Setting watchdog for 200 seconds at Sat Apr 27 04:09:07 UTC 2019
4 ms. Memory: 208384K Free: 198024K (95%)
ptolemy.util.test.WatchDog.cancel(): canceling Sat Apr 27 04:09:07 UTC 2019
------------------ testing $PTII/ptolemy/domains/de/test/auto/DepthTest2.xml
auto.tcl: Setting watchdog for 200 seconds at Sat Apr 27 04:09:07 UTC 2019
10 ms. Memory: 208384K Free: 194377K (93%)
ptolemy.util.test.WatchDog.cancel(): canceling Sat Apr 27 04:09:07 UTC 2019
auto.tcl: Setting watchdog for 200 seconds at Sat Apr 27 04:09:07 UTC 2019
5 ms. Memory: 208384K Free: 194377K (93%)
ptolemy.util.test.WatchDog.cancel(): canceling Sat Apr 27 04:09:07 UTC 2019
------------------ testing $PTII/ptolemy/domains/de/test/auto/DepthTest3.xml
auto.tcl: Setting watchdog for 200 seconds at Sat Apr 27 04:09:07 UTC 2019
9 ms. Memory: 208384K Free: 198877K (95%)
ptolemy.util.test.WatchDog.cancel(): canceling Sat Apr 27 04:09:07 UTC 2019
auto.tcl: Setting watchdog for 200 seconds at Sat Apr 27 04:09:07 UTC 2019
2 ms. Memory: 208384K Free: 198877K (95%)
ptolemy.util.test.WatchDog.cancel(): canceling Sat Apr 27 04:09:07 UTC 2019
------------------ testing $PTII/ptolemy/domains/de/test/auto/DepthTest4.xml
auto.tcl: Setting watchdog for 200 seconds at Sat Apr 27 04:09:07 UTC 2019
6 ms. Memory: 208384K Free: 196406K (94%)
ptolemy.util.test.WatchDog.cancel(): canceling Sat Apr 27 04:09:07 UTC 2019
auto.tcl: Setting watchdog for 200 seconds at Sat Apr 27 04:09:07 UTC 2019
2 ms. Memory: 208384K Free: 196406K (94%)
ptolemy.util.test.WatchDog.cancel(): canceling Sat Apr 27 04:09:07 UTC 2019
------------------ testing $PTII/ptolemy/domains/de/test/auto/DepthTest5.xml
auto.tcl: Setting watchdog for 200 seconds at Sat Apr 27 04:09:07 UTC 2019
5 ms. Memory: 208384K Free: 196353K (94%)
ptolemy.util.test.WatchDog.cancel(): canceling Sat Apr 27 04:09:07 UTC 2019
auto.tcl: Setting watchdog for 200 seconds at Sat Apr 27 04:09:07 UTC 2019
2 ms. Memory: 208384K Free: 196353K (94%)
ptolemy.util.test.WatchDog.cancel(): canceling Sat Apr 27 04:09:07 UTC 2019
------------------ testing $PTII/ptolemy/domains/de/test/auto/DepthTest6.xml
auto.tcl: Setting watchdog for 200 seconds at Sat Apr 27 04:09:07 UTC 2019
6 ms. Memory: 208384K Free: 196848K (94%)
ptolemy.util.test.WatchDog.cancel(): canceling Sat Apr 27 04:09:07 UTC 2019
auto.tcl: Setting watchdog for 200 seconds at Sat Apr 27 04:09:07 UTC 2019
3 ms. Memory: 208384K Free: 196328K (94%)
ptolemy.util.test.WatchDog.cancel(): canceling Sat Apr 27 04:09:07 UTC 2019
------------------ testing $PTII/ptolemy/domains/de/test/auto/DepthTest7.xml
auto.tcl: Setting watchdog for 200 seconds at Sat Apr 27 04:09:08 UTC 2019
3 ms. Memory: 208384K Free: 196309K (94%)
ptolemy.util.test.WatchDog.cancel(): canceling Sat Apr 27 04:09:08 UTC 2019
auto.tcl: Setting watchdog for 200 seconds at Sat Apr 27 04:09:08 UTC 2019
2 ms. Memory: 208384K Free: 196309K (94%)
ptolemy.util.test.WatchDog.cancel(): canceling Sat Apr 27 04:09:08 UTC 2019
------------------ testing $PTII/ptolemy/domains/de/test/auto/EventToDate.xml
auto.tcl: Setting watchdog for 200 seconds at Sat Apr 27 04:09:08 UTC 2019
3010 ms. Memory: 208384K Free: 186123K (89%)
ptolemy.util.test.WatchDog.cancel(): canceling Sat Apr 27 04:09:11 UTC 2019
auto.tcl: Setting watchdog for 200 seconds at Sat Apr 27 04:09:11 UTC 2019
3004 ms. Memory: 208384K Free: 186123K (89%)
ptolemy.util.test.WatchDog.cancel(): canceling Sat Apr 27 04:09:14 UTC 2019
------------------ testing $PTII/ptolemy/domains/de/test/auto/FSM1.xml
auto.tcl: Setting watchdog for 200 seconds at Sat Apr 27 04:09:14 UTC 2019
37 ms. Memory: 208384K Free: 189480K (91%)
ptolemy.util.test.WatchDog.cancel(): canceling Sat Apr 27 04:09:14 UTC 2019
auto.tcl: Setting watchdog for 200 seconds at Sat Apr 27 04:09:14 UTC 2019
22 ms. Memory: 208384K Free: 185400K (89%)
ptolemy.util.test.WatchDog.cancel(): canceling Sat Apr 27 04:09:14 UTC 2019
------------------ testing $PTII/ptolemy/domains/de/test/auto/FSM7.xml
auto.tcl: Setting watchdog for 200 seconds at Sat Apr 27 04:09:14 UTC 2019
25 ms. Memory: 208384K Free: 189685K (91%)
ptolemy.util.test.WatchDog.cancel(): canceling Sat Apr 27 04:09:14 UTC 2019
auto.tcl: Setting watchdog for 200 seconds at Sat Apr 27 04:09:14 UTC 2019
19 ms. Memory: 208384K Free: 185604K (89%)
ptolemy.util.test.WatchDog.cancel(): canceling Sat Apr 27 04:09:14 UTC 2019
------------------ testing $PTII/ptolemy/domains/de/test/auto/Inspection.xml
auto.tcl: Setting watchdog for 200 seconds at Sat Apr 27 04:09:14 UTC 2019
47 ms. Memory: 208384K Free: 189369K (91%)
ptolemy.util.test.WatchDog.cancel(): canceling Sat Apr 27 04:09:14 UTC 2019
auto.tcl: Setting watchdog for 200 seconds at Sat Apr 27 04:09:14 UTC 2019
17 ms. Memory: 208384K Free: 187329K (90%)
ptolemy.util.test.WatchDog.cancel(): canceling Sat Apr 27 04:09:14 UTC 2019
------------------ testing $PTII/ptolemy/domains/de/test/auto/Iteration.xml
auto.tcl: Setting watchdog for 200 seconds at Sat Apr 27 04:09:14 UTC 2019
9 ms. Memory: 208384K Free: 196635K (94%)
ptolemy.util.test.WatchDog.cancel(): canceling Sat Apr 27 04:09:14 UTC 2019
auto.tcl: Setting watchdog for 200 seconds at Sat Apr 27 04:09:14 UTC 2019
5 ms. Memory: 208384K Free: 194595K (93%)
ptolemy.util.test.WatchDog.cancel(): canceling Sat Apr 27 04:09:14 UTC 2019
------------------ testing $PTII/ptolemy/domains/de/test/auto/LineFault.xml
auto.tcl: Setting watchdog for 200 seconds at Sat Apr 27 04:09:14 UTC 2019
699 ms. Memory: 208384K Free: 199782K (96%)
ptolemy.util.test.WatchDog.cancel(): canceling Sat Apr 27 04:09:15 UTC 2019
auto.tcl: Setting watchdog for 200 seconds at Sat Apr 27 04:09:15 UTC 2019
615 ms. Memory: 208384K Free: 142742K (68%)
ptolemy.util.test.WatchDog.cancel(): canceling Sat Apr 27 04:09:16 UTC 2019
------------------ testing $PTII/ptolemy/domains/de/test/auto/MergeModel1Add.xml
auto.tcl: Setting watchdog for 200 seconds at Sat Apr 27 04:09:16 UTC 2019
22 ms. Memory: 331264K Free: 300499K (91%)
ptolemy.util.test.WatchDog.cancel(): canceling Sat Apr 27 04:09:16 UTC 2019
auto.tcl: Setting watchdog for 200 seconds at Sat Apr 27 04:09:16 UTC 2019
9 ms. Memory: 331264K Free: 300499K (91%)
ptolemy.util.test.WatchDog.cancel(): canceling Sat Apr 27 04:09:16 UTC 2019
------------------ testing $PTII/ptolemy/domains/de/test/auto/MergeModel2Add.xml
auto.tcl: Setting watchdog for 200 seconds at Sat Apr 27 04:09:16 UTC 2019
11 ms. Memory: 331264K Free: 305435K (92%)
ptolemy.util.test.WatchDog.cancel(): canceling Sat Apr 27 04:09:16 UTC 2019
auto.tcl: Setting watchdog for 200 seconds at Sat Apr 27 04:09:16 UTC 2019
14 ms. Memory: 331264K Free: 301870K (91%)
ptolemy.util.test.WatchDog.cancel(): canceling Sat Apr 27 04:09:16 UTC 2019
------------------ testing $PTII/ptolemy/domains/de/test/auto/MergeModel3Add.xml
auto.tcl: Setting watchdog for 200 seconds at Sat Apr 27 04:09:16 UTC 2019
10 ms. Memory: 331264K Free: 305445K (92%)
ptolemy.util.test.WatchDog.cancel(): canceling Sat Apr 27 04:09:16 UTC 2019
auto.tcl: Setting watchdog for 200 seconds at Sat Apr 27 04:09:16 UTC 2019
9 ms. Memory: 331264K Free: 301880K (91%)
ptolemy.util.test.WatchDog.cancel(): canceling Sat Apr 27 04:09:16 UTC 2019
------------------ testing $PTII/ptolemy/domains/de/test/auto/MergeWithoutDiscard.xml
auto.tcl: Setting watchdog for 200 seconds at Sat Apr 27 04:09:16 UTC 2019
3 ms. Memory: 331264K Free: 316137K (95%)
ptolemy.util.test.WatchDog.cancel(): canceling Sat Apr 27 04:09:16 UTC 2019
auto.tcl: Setting watchdog for 200 seconds at Sat Apr 27 04:09:16 UTC 2019
2 ms. Memory: 331264K Free: 316137K (95%)
ptolemy.util.test.WatchDog.cancel(): canceling Sat Apr 27 04:09:16 UTC 2019
------------------ testing $PTII/ptolemy/domains/de/test/auto/Modal1.xml
auto.tcl: Setting watchdog for 200 seconds at Sat Apr 27 04:09:16 UTC 2019
12 ms. Memory: 331264K Free: 310396K (94%)
ptolemy.util.test.WatchDog.cancel(): canceling Sat Apr 27 04:09:17 UTC 2019
auto.tcl: Setting watchdog for 200 seconds at Sat Apr 27 04:09:17 UTC 2019
11 ms. Memory: 331264K Free: 306831K (93%)
ptolemy.util.test.WatchDog.cancel(): canceling Sat Apr 27 04:09:17 UTC 2019
------------------ testing $PTII/ptolemy/domains/de/test/auto/Modal2.xml
auto.tcl: Setting watchdog for 200 seconds at Sat Apr 27 04:09:17 UTC 2019
11 ms. Memory: 331264K Free: 310270K (94%)
ptolemy.util.test.WatchDog.cancel(): canceling Sat Apr 27 04:09:17 UTC 2019
auto.tcl: Setting watchdog for 200 seconds at Sat Apr 27 04:09:17 UTC 2019
17 ms. Memory: 331264K Free: 301790K (91%)
ptolemy.util.test.WatchDog.cancel(): canceling Sat Apr 27 04:09:17 UTC 2019
------------------ testing $PTII/ptolemy/domains/de/test/auto/Modal3.xml
auto.tcl: Setting watchdog for 200 seconds at Sat Apr 27 04:09:17 UTC 2019
17 ms. Memory: 331264K Free: 310269K (94%)
ptolemy.util.test.WatchDog.cancel(): canceling Sat Apr 27 04:09:17 UTC 2019
auto.tcl: Setting watchdog for 200 seconds at Sat Apr 27 04:09:17 UTC 2019
10 ms. Memory: 331264K Free: 306704K (93%)
ptolemy.util.test.WatchDog.cancel(): canceling Sat Apr 27 04:09:17 UTC 2019
------------------ testing $PTII/ptolemy/domains/de/test/auto/Modal4.xml
auto.tcl: Setting watchdog for 200 seconds at Sat Apr 27 04:09:17 UTC 2019
25 ms. Memory: 331264K Free: 310298K (94%)
ptolemy.util.test.WatchDog.cancel(): canceling Sat Apr 27 04:09:17 UTC 2019
auto.tcl: Setting watchdog for 200 seconds at Sat Apr 27 04:09:17 UTC 2019
18 ms. Memory: 331264K Free: 306733K (93%)
ptolemy.util.test.WatchDog.cancel(): canceling Sat Apr 27 04:09:17 UTC 2019
------------------ testing $PTII/ptolemy/domains/de/test/auto/Modal5.xml
auto.tcl: Setting watchdog for 200 seconds at Sat Apr 27 04:09:17 UTC 2019
16 ms. Memory: 331264K Free: 310277K (94%)
ptolemy.util.test.WatchDog.cancel(): canceling Sat Apr 27 04:09:17 UTC 2019
auto.tcl: Setting watchdog for 200 seconds at Sat Apr 27 04:09:17 UTC 2019
12 ms. Memory: 331264K Free: 306712K (93%)
ptolemy.util.test.WatchDog.cancel(): canceling Sat Apr 27 04:09:17 UTC 2019
------------------ testing $PTII/ptolemy/domains/de/test/auto/Modal6.xml
auto.tcl: Setting watchdog for 200 seconds at Sat Apr 27 04:09:17 UTC 2019
12 ms. Memory: 331264K Free: 310282K (94%)
ptolemy.util.test.WatchDog.cancel(): canceling Sat Apr 27 04:09:17 UTC 2019
auto.tcl: Setting watchdog for 200 seconds at Sat Apr 27 04:09:17 UTC 2019
13 ms. Memory: 331264K Free: 306717K (93%)
ptolemy.util.test.WatchDog.cancel(): canceling Sat Apr 27 04:09:17 UTC 2019
------------------ testing $PTII/ptolemy/domains/de/test/auto/Modal7.xml
auto.tcl: Setting watchdog for 200 seconds at Sat Apr 27 04:09:17 UTC 2019
20 ms. Memory: 331264K Free: 306717K (93%)
ptolemy.util.test.WatchDog.cancel(): canceling Sat Apr 27 04:09:17 UTC 2019
auto.tcl: Setting watchdog for 200 seconds at Sat Apr 27 04:09:17 UTC 2019
21 ms. Memory: 331264K Free: 303152K (92%)
ptolemy.util.test.WatchDog.cancel(): canceling Sat Apr 27 04:09:17 UTC 2019
------------------ testing $PTII/ptolemy/domains/de/test/auto/ModalModel.xml
auto.tcl: Setting watchdog for 200 seconds at Sat Apr 27 04:09:17 UTC 2019
185 ms. Memory: 331264K Free: 247945K (75%)
ptolemy.util.test.WatchDog.cancel(): canceling Sat Apr 27 04:09:18 UTC 2019
auto.tcl: Setting watchdog for 200 seconds at Sat Apr 27 04:09:18 UTC 2019
185 ms. Memory: 331264K Free: 190905K (58%)
ptolemy.util.test.WatchDog.cancel(): canceling Sat Apr 27 04:09:18 UTC 2019
------------------ testing $PTII/ptolemy/domains/de/test/auto/ModalSource.xml
auto.tcl: Setting watchdog for 200 seconds at Sat Apr 27 04:09:18 UTC 2019
9 ms. Memory: 331264K Free: 316747K (96%)
ptolemy.util.test.WatchDog.cancel(): canceling Sat Apr 27 04:09:18 UTC 2019
auto.tcl: Setting watchdog for 200 seconds at Sat Apr 27 04:09:18 UTC 2019
5 ms. Memory: 331264K Free: 313481K (95%)
ptolemy.util.test.WatchDog.cancel(): canceling Sat Apr 27 04:09:18 UTC 2019
------------------ testing $PTII/ptolemy/domains/de/test/auto/NonInterruptibleTimerZeroDelay.xml
auto.tcl: Setting watchdog for 200 seconds at Sat Apr 27 04:09:18 UTC 2019
4 ms. Memory: 331264K Free: 320664K (97%)
ptolemy.util.test.WatchDog.cancel(): canceling Sat Apr 27 04:09:18 UTC 2019
auto.tcl: Setting watchdog for 200 seconds at Sat Apr 27 04:09:18 UTC 2019
2 ms. Memory: 331264K Free: 317398K (96%)
ptolemy.util.test.WatchDog.cancel(): canceling Sat Apr 27 04:09:18 UTC 2019
------------------ testing $PTII/ptolemy/domains/de/test/auto/OpenQueueingNetwork.xml
auto.tcl: Setting watchdog for 200 seconds at Sat Apr 27 04:09:18 UTC 2019
2818 ms. Memory: 573952K Free: 409755K (71%)
ptolemy.util.test.WatchDog.cancel(): canceling Sat Apr 27 04:09:21 UTC 2019
auto.tcl: Setting watchdog for 200 seconds at Sat Apr 27 04:09:21 UTC 2019
2229 ms. Memory: 550912K Free: 315727K (57%)
ptolemy.util.test.WatchDog.cancel(): canceling Sat Apr 27 04:09:23 UTC 2019
------------------ testing $PTII/ptolemy/domains/de/test/auto/OpenQueuingNetwork.xml
auto.tcl: Setting watchdog for 200 seconds at Sat Apr 27 04:09:23 UTC 2019
213 ms. Memory: 549888K Free: 446074K (81%)
ptolemy.util.test.WatchDog.cancel(): canceling Sat Apr 27 04:09:23 UTC 2019
auto.tcl: Setting watchdog for 200 seconds at Sat Apr 27 04:09:23 UTC 2019
209 ms. Memory: 549888K Free: 383773K (70%)
ptolemy.util.test.WatchDog.cancel(): canceling Sat Apr 27 04:09:24 UTC 2019
------------------ testing $PTII/ptolemy/domains/de/test/auto/PeriodicSampler.xml
auto.tcl: Setting watchdog for 200 seconds at Sat Apr 27 04:09:24 UTC 2019
2 ms. Memory: 551936K Free: 536028K (97%)
ptolemy.util.test.WatchDog.cancel(): canceling Sat Apr 27 04:09:24 UTC 2019
auto.tcl: Setting watchdog for 200 seconds at Sat Apr 27 04:09:24 UTC 2019
2 ms. Memory: 551936K Free: 536028K (97%)
ptolemy.util.test.WatchDog.cancel(): canceling Sat Apr 27 04:09:24 UTC 2019
------------------ testing $PTII/ptolemy/domains/de/test/auto/PersistentIO.xml
auto.tcl: Setting watchdog for 200 seconds at Sat Apr 27 04:09:24 UTC 2019
4 ms. Memory: 549376K Free: 529402K (96%)
ptolemy.util.test.WatchDog.cancel(): canceling Sat Apr 27 04:09:24 UTC 2019
auto.tcl: Setting watchdog for 200 seconds at Sat Apr 27 04:09:24 UTC 2019
3 ms. Memory: 549376K Free: 529402K (96%)
ptolemy.util.test.WatchDog.cancel(): canceling Sat Apr 27 04:09:24 UTC 2019
------------------ testing $PTII/ptolemy/domains/de/test/auto/PortParameterResetOnInitialize.xml
auto.tcl: Setting watchdog for 200 seconds at Sat Apr 27 04:09:24 UTC 2019
2 ms. Memory: 551424K Free: 531297K (96%)
ptolemy.util.test.WatchDog.cancel(): canceling Sat Apr 27 04:09:24 UTC 2019
auto.tcl: Setting watchdog for 200 seconds at Sat Apr 27 04:09:24 UTC 2019
2 ms. Memory: 551424K Free: 531297K (96%)
ptolemy.util.test.WatchDog.cancel(): canceling Sat Apr 27 04:09:24 UTC 2019
------------------ testing $PTII/ptolemy/domains/de/test/auto/PortParameterUpdates.xml
auto.tcl: Setting watchdog for 200 seconds at Sat Apr 27 04:09:24 UTC 2019
5 ms. Memory: 549376K Free: 534062K (97%)
ptolemy.util.test.WatchDog.cancel(): canceling Sat Apr 27 04:09:24 UTC 2019
auto.tcl: Setting watchdog for 200 seconds at Sat Apr 27 04:09:24 UTC 2019
5 ms. Memory: 549376K Free: 528854K (96%)
ptolemy.util.test.WatchDog.cancel(): canceling Sat Apr 27 04:09:24 UTC 2019
------------------ testing $PTII/ptolemy/domains/de/test/auto/QueueAndServer.xml
auto.tcl: Setting watchdog for 200 seconds at Sat Apr 27 04:09:24 UTC 2019
13 ms. Memory: 551424K Free: 530881K (96%)
ptolemy.util.test.WatchDog.cancel(): canceling Sat Apr 27 04:09:24 UTC 2019
auto.tcl: Setting watchdog for 200 seconds at Sat Apr 27 04:09:24 UTC 2019
5 ms. Memory: 551424K Free: 530881K (96%)
ptolemy.util.test.WatchDog.cancel(): canceling Sat Apr 27 04:09:24 UTC 2019
------------------ testing $PTII/ptolemy/domains/de/test/auto/Records.xml
auto.tcl: Setting watchdog for 200 seconds at Sat Apr 27 04:09:24 UTC 2019
7 ms. Memory: 549376K Free: 533967K (97%)
ptolemy.util.test.WatchDog.cancel(): canceling Sat Apr 27 04:09:24 UTC 2019
auto.tcl: Setting watchdog for 200 seconds at Sat Apr 27 04:09:24 UTC 2019
2 ms. Memory: 549376K Free: 528775K (96%)
ptolemy.util.test.WatchDog.cancel(): canceling Sat Apr 27 04:09:24 UTC 2019
------------------ testing $PTII/ptolemy/domains/de/test/auto/ResetTransitionWithStartTime1.xml
auto.tcl: Setting watchdog for 200 seconds at Sat Apr 27 04:09:24 UTC 2019
13 ms. Memory: 551424K Free: 530840K (96%)
ptolemy.util.test.WatchDog.cancel(): canceling Sat Apr 27 04:09:24 UTC 2019
auto.tcl: Setting watchdog for 200 seconds at Sat Apr 27 04:09:24 UTC 2019
6 ms. Memory: 551424K Free: 530840K (96%)
ptolemy.util.test.WatchDog.cancel(): canceling Sat Apr 27 04:09:24 UTC 2019
------------------ testing $PTII/ptolemy/domains/de/test/auto/ResetTransitionWithStartTime2.xml
auto.tcl: Setting watchdog for 200 seconds at Sat Apr 27 04:09:24 UTC 2019
10 ms. Memory: 549376K Free: 529319K (96%)
ptolemy.util.test.WatchDog.cancel(): canceling Sat Apr 27 04:09:24 UTC 2019
auto.tcl: Setting watchdog for 200 seconds at Sat Apr 27 04:09:24 UTC 2019
10 ms. Memory: 549376K Free: 529319K (96%)
ptolemy.util.test.WatchDog.cancel(): canceling Sat Apr 27 04:09:24 UTC 2019
------------------ testing $PTII/ptolemy/domains/de/test/auto/ResetTransitionWithStartTime3.xml
auto.tcl: Setting watchdog for 200 seconds at Sat Apr 27 04:09:24 UTC 2019
5 ms. Memory: 550912K Free: 530319K (96%)
ptolemy.util.test.WatchDog.cancel(): canceling Sat Apr 27 04:09:24 UTC 2019
auto.tcl: Setting watchdog for 200 seconds at Sat Apr 27 04:09:24 UTC 2019
5 ms. Memory: 550912K Free: 530319K (96%)
ptolemy.util.test.WatchDog.cancel(): canceling Sat Apr 27 04:09:24 UTC 2019
------------------ testing $PTII/ptolemy/domains/de/test/auto/ResetTransitionWithStartTime4.xml
auto.tcl: Setting watchdog for 200 seconds at Sat Apr 27 04:09:24 UTC 2019
4 ms. Memory: 549376K Free: 528773K (96%)
ptolemy.util.test.WatchDog.cancel(): canceling Sat Apr 27 04:09:24 UTC 2019
auto.tcl: Setting watchdog for 200 seconds at Sat Apr 27 04:09:24 UTC 2019
3 ms. Memory: 549376K Free: 528773K (96%)
ptolemy.util.test.WatchDog.cancel(): canceling Sat Apr 27 04:09:24 UTC 2019
------------------ testing $PTII/ptolemy/domains/de/test/auto/ResettableTimer1.xml
auto.tcl: Setting watchdog for 200 seconds at Sat Apr 27 04:09:25 UTC 2019
2 ms. Memory: 550912K Free: 535512K (97%)
ptolemy.util.test.WatchDog.cancel(): canceling Sat Apr 27 04:09:25 UTC 2019
auto.tcl: Setting watchdog for 200 seconds at Sat Apr 27 04:09:25 UTC 2019
2 ms. Memory: 550912K Free: 535512K (97%)
ptolemy.util.test.WatchDog.cancel(): canceling Sat Apr 27 04:09:25 UTC 2019
------------------ testing $PTII/ptolemy/domains/de/test/auto/ResettableTimer2.xml
auto.tcl: Setting watchdog for 200 seconds at Sat Apr 27 04:09:25 UTC 2019
5 ms. Memory: 549376K Free: 534577K (97%)
ptolemy.util.test.WatchDog.cancel(): canceling Sat Apr 27 04:09:25 UTC 2019
auto.tcl: Setting watchdog for 200 seconds at Sat Apr 27 04:09:25 UTC 2019
2 ms. Memory: 549376K Free: 534577K (97%)
ptolemy.util.test.WatchDog.cancel(): canceling Sat Apr 27 04:09:25 UTC 2019
------------------ testing $PTII/ptolemy/domains/de/test/auto/ResettableTimer3.xml
auto.tcl: Setting watchdog for 200 seconds at Sat Apr 27 04:09:25 UTC 2019
1 ms. Memory: 550912K Free: 535569K (97%)
ptolemy.util.test.WatchDog.cancel(): canceling Sat Apr 27 04:09:25 UTC 2019
auto.tcl: Setting watchdog for 200 seconds at Sat Apr 27 04:09:25 UTC 2019
1 ms. Memory: 550912K Free: 535569K (97%)
ptolemy.util.test.WatchDog.cancel(): canceling Sat Apr 27 04:09:25 UTC 2019
------------------ testing $PTII/ptolemy/domains/de/test/auto/ResettableTimer4.xml
auto.tcl: Setting watchdog for 200 seconds at Sat Apr 27 04:09:25 UTC 2019
5 ms. Memory: 549376K Free: 534589K (97%)
ptolemy.util.test.WatchDog.cancel(): canceling Sat Apr 27 04:09:25 UTC 2019
auto.tcl: Setting watchdog for 200 seconds at Sat Apr 27 04:09:25 UTC 2019
1 ms. Memory: 549376K Free: 534589K (97%)
ptolemy.util.test.WatchDog.cancel(): canceling Sat Apr 27 04:09:25 UTC 2019
------------------ testing $PTII/ptolemy/domains/de/test/auto/ResettableTimer5.xml
auto.tcl: Setting watchdog for 200 seconds at Sat Apr 27 04:09:25 UTC 2019
1 ms. Memory: 550400K Free: 530932K (96%)
ptolemy.util.test.WatchDog.cancel(): canceling Sat Apr 27 04:09:25 UTC 2019
auto.tcl: Setting watchdog for 200 seconds at Sat Apr 27 04:09:25 UTC 2019
1 ms. Memory: 550400K Free: 530932K (96%)
ptolemy.util.test.WatchDog.cancel(): canceling Sat Apr 27 04:09:25 UTC 2019
------------------ testing $PTII/ptolemy/domains/de/test/auto/ResettableTimer6.xml
auto.tcl: Setting watchdog for 200 seconds at Sat Apr 27 04:09:25 UTC 2019
1 ms. Memory: 549376K Free: 529314K (96%)
ptolemy.util.test.WatchDog.cancel(): canceling Sat Apr 27 04:09:25 UTC 2019
auto.tcl: Setting watchdog for 200 seconds at Sat Apr 27 04:09:25 UTC 2019
2 ms. Memory: 549376K Free: 529314K (96%)
ptolemy.util.test.WatchDog.cancel(): canceling Sat Apr 27 04:09:25 UTC 2019
------------------ testing $PTII/ptolemy/domains/de/test/auto/ServerZeroDelay.xml
auto.tcl: Setting watchdog for 200 seconds at Sat Apr 27 04:09:25 UTC 2019
3 ms. Memory: 550400K Free: 535551K (97%)
ptolemy.util.test.WatchDog.cancel(): canceling Sat Apr 27 04:09:25 UTC 2019
auto.tcl: Setting watchdog for 200 seconds at Sat Apr 27 04:09:25 UTC 2019
3 ms. Memory: 550400K Free: 535551K (97%)
ptolemy.util.test.WatchDog.cancel(): canceling Sat Apr 27 04:09:25 UTC 2019
------------------ testing $PTII/ptolemy/domains/de/test/auto/SmartSender.xml
auto.tcl: Setting watchdog for 200 seconds at Sat Apr 27 04:09:25 UTC 2019
3001 ms. Memory: 549376K Free: 529843K (96%)
ptolemy.util.test.WatchDog.cancel(): canceling Sat Apr 27 04:09:28 UTC 2019
auto.tcl: Setting watchdog for 200 seconds at Sat Apr 27 04:09:28 UTC 2019
3002 ms. Memory: 549376K Free: 529843K (96%)
ptolemy.util.test.WatchDog.cancel(): canceling Sat Apr 27 04:09:31 UTC 2019
------------------ testing $PTII/ptolemy/domains/de/test/auto/ThreadedComposite.xml
auto.tcl: Setting watchdog for 200 seconds at Sat Apr 27 04:09:31 UTC 2019
196 ms. Memory: 550400K Free: 510563K (93%)
ptolemy.util.test.WatchDog.cancel(): canceling Sat Apr 27 04:09:31 UTC 2019
auto.tcl: Setting watchdog for 200 seconds at Sat Apr 27 04:09:31 UTC 2019
181 ms. Memory: 550400K Free: 486652K (88%)
ptolemy.util.test.WatchDog.cancel(): canceling Sat Apr 27 04:09:31 UTC 2019
------------------ testing $PTII/ptolemy/domains/de/test/auto/Time.xml
auto.tcl: Setting watchdog for 200 seconds at Sat Apr 27 04:09:32 UTC 2019
530 ms. Memory: 549376K Free: 482227K (88%)
ptolemy.util.test.WatchDog.cancel(): canceling Sat Apr 27 04:09:32 UTC 2019
auto.tcl: Setting watchdog for 200 seconds at Sat Apr 27 04:09:32 UTC 2019
481 ms. Memory: 549376K Free: 425118K (77%)
ptolemy.util.test.WatchDog.cancel(): canceling Sat Apr 27 04:09:33 UTC 2019
------------------ testing $PTII/ptolemy/domains/de/test/auto/TimeDelayZeroDelay.xml
auto.tcl: Setting watchdog for 200 seconds at Sat Apr 27 04:09:33 UTC 2019
2 ms. Memory: 550400K Free: 534926K (97%)
ptolemy.util.test.WatchDog.cancel(): canceling Sat Apr 27 04:09:33 UTC 2019
auto.tcl: Setting watchdog for 200 seconds at Sat Apr 27 04:09:33 UTC 2019
2 ms. Memory: 550400K Free: 534926K (97%)
ptolemy.util.test.WatchDog.cancel(): canceling Sat Apr 27 04:09:33 UTC 2019
------------------ testing $PTII/ptolemy/domains/de/test/auto/TimerZeroDelay.xml
auto.tcl: Setting watchdog for 200 seconds at Sat Apr 27 04:09:33 UTC 2019
4 ms. Memory: 549376K Free: 534489K (97%)
ptolemy.util.test.WatchDog.cancel(): canceling Sat Apr 27 04:09:33 UTC 2019
auto.tcl: Setting watchdog for 200 seconds at Sat Apr 27 04:09:33 UTC 2019
2 ms. Memory: 549376K Free: 534489K (97%)
ptolemy.util.test.WatchDog.cancel(): canceling Sat Apr 27 04:09:33 UTC 2019
------------------ testing $PTII/ptolemy/domains/de/test/auto/TimingParadox.xml
auto.tcl: Setting watchdog for 200 seconds at Sat Apr 27 04:09:33 UTC 2019
340 ms. Memory: 549888K Free: 470525K (86%)
ptolemy.util.test.WatchDog.cancel(): canceling Sat Apr 27 04:09:33 UTC 2019
auto.tcl: Setting watchdog for 200 seconds at Sat Apr 27 04:09:33 UTC 2019
333 ms. Memory: 549888K Free: 434183K (79%)
ptolemy.util.test.WatchDog.cancel(): canceling Sat Apr 27 04:09:33 UTC 2019
------------------ testing $PTII/ptolemy/domains/de/test/auto/TransferInputs.xml
auto.tcl: Setting watchdog for 200 seconds at Sat Apr 27 04:09:34 UTC 2019
2 ms. Memory: 549888K Free: 533963K (97%)
ptolemy.util.test.WatchDog.cancel(): canceling Sat Apr 27 04:09:34 UTC 2019
auto.tcl: Setting watchdog for 200 seconds at Sat Apr 27 04:09:34 UTC 2019
1 ms. Memory: 549888K Free: 533963K (97%)
ptolemy.util.test.WatchDog.cancel(): canceling Sat Apr 27 04:09:34 UTC 2019
------------------ testing $PTII/ptolemy/domains/de/test/auto/TransferOutputs2.xml
auto.tcl: Setting watchdog for 200 seconds at Sat Apr 27 04:09:34 UTC 2019
3 ms. Memory: 549376K Free: 524664K (96%)
ptolemy.util.test.WatchDog.cancel(): canceling Sat Apr 27 04:09:34 UTC 2019
auto.tcl: Setting watchdog for 200 seconds at Sat Apr 27 04:09:34 UTC 2019
3 ms. Memory: 549376K Free: 524664K (96%)
ptolemy.util.test.WatchDog.cancel(): canceling Sat Apr 27 04:09:34 UTC 2019
------------------ testing $PTII/ptolemy/domains/de/test/auto/Trilateration.xml
auto.tcl: Setting watchdog for 200 seconds at Sat Apr 27 04:09:34 UTC 2019
14497 ms. Memory: 766976K Free: 236784K (31%)
ptolemy.util.test.WatchDog.cancel(): canceling Sat Apr 27 04:09:49 UTC 2019
auto.tcl: Setting watchdog for 200 seconds at Sat Apr 27 04:09:49 UTC 2019
12090 ms. Memory: 646144K Free: 72678K (11%)
ptolemy.util.test.WatchDog.cancel(): canceling Sat Apr 27 04:10:01 UTC 2019
------------------ testing $PTII/ptolemy/domains/de/test/auto/TwoSigmaDelta.xml
auto.tcl: Setting watchdog for 200 seconds at Sat Apr 27 04:10:01 UTC 2019
2734 ms. Memory: 619520K Free: 293114K (47%)
ptolemy.util.test.WatchDog.cancel(): canceling Sat Apr 27 04:10:04 UTC 2019
auto.tcl: Setting watchdog for 200 seconds at Sat Apr 27 04:10:04 UTC 2019
2142 ms. Memory: 619520K Free: 67646K (11%)
ptolemy.util.test.WatchDog.cancel(): canceling Sat Apr 27 04:10:06 UTC 2019
------------------ testing $PTII/ptolemy/domains/de/test/auto/VariableDelay.xml
auto.tcl: Setting watchdog for 200 seconds at Sat Apr 27 04:10:06 UTC 2019
2 ms. Memory: 623104K Free: 604057K (97%)
ptolemy.util.test.WatchDog.cancel(): canceling Sat Apr 27 04:10:06 UTC 2019
auto.tcl: Setting watchdog for 200 seconds at Sat Apr 27 04:10:06 UTC 2019
2 ms. Memory: 623104K Free: 604057K (97%)
ptolemy.util.test.WatchDog.cancel(): canceling Sat Apr 27 04:10:06 UTC 2019
------------------ testing $PTII/ptolemy/domains/de/test/auto/VariableDelay2.xml
auto.tcl: Setting watchdog for 200 seconds at Sat Apr 27 04:10:06 UTC 2019
2 ms. Memory: 619520K Free: 600959K (97%)
ptolemy.util.test.WatchDog.cancel(): canceling Sat Apr 27 04:10:06 UTC 2019
auto.tcl: Setting watchdog for 200 seconds at Sat Apr 27 04:10:06 UTC 2019
2 ms. Memory: 619520K Free: 600959K (97%)
ptolemy.util.test.WatchDog.cancel(): canceling Sat Apr 27 04:10:07 UTC 2019
------------------ testing $PTII/ptolemy/domains/de/test/auto/VariableDelayZeroDelay.xml
auto.tcl: Setting watchdog for 200 seconds at Sat Apr 27 04:10:07 UTC 2019
4 ms. Memory: 622592K Free: 598648K (96%)
ptolemy.util.test.WatchDog.cancel(): canceling Sat Apr 27 04:10:07 UTC 2019
auto.tcl: Setting watchdog for 200 seconds at Sat Apr 27 04:10:07 UTC 2019
2 ms. Memory: 622592K Free: 598648K (96%)
ptolemy.util.test.WatchDog.cancel(): canceling Sat Apr 27 04:10:07 UTC 2019
------------------ testing $PTII/ptolemy/domains/de/test/auto/VariableDelayZeroDelay2.xml
auto.tcl: Setting watchdog for 200 seconds at Sat Apr 27 04:10:07 UTC 2019
2 ms. Memory: 619520K Free: 595574K (96%)
ptolemy.util.test.WatchDog.cancel(): canceling Sat Apr 27 04:10:07 UTC 2019
auto.tcl: Setting watchdog for 200 seconds at Sat Apr 27 04:10:07 UTC 2019
2 ms. Memory: 619520K Free: 595574K (96%)
ptolemy.util.test.WatchDog.cancel(): canceling Sat Apr 27 04:10:07 UTC 2019
------------------ testing $PTII/ptolemy/domains/de/test/auto/deInCt.xml
auto.tcl: Setting watchdog for 200 seconds at Sat Apr 27 04:10:07 UTC 2019
0
1
1
1
0
0
0
0
0
0
0
0
1
1
1
0
0
0
1
1
1
1
1
0
0
0
8 ms. Memory: 622080K Free: 598059K (96%)
ptolemy.util.test.WatchDog.cancel(): canceling Sat Apr 27 04:10:07 UTC 2019
auto.tcl: Setting watchdog for 200 seconds at Sat Apr 27 04:10:07 UTC 2019
0
1
1
1
0
0
0
1
1
1
0
0
0
1
1
1
0
0
0
0
0
1
1
1
1
0
0
0
1
1
1
1
0
0
0
1
1
1
0
0
0
0
6 ms. Memory: 622080K Free: 598059K (96%)
ptolemy.util.test.WatchDog.cancel(): canceling Sat Apr 27 04:10:07 UTC 2019
------------------ testing $PTII/ptolemy/domains/de/test/auto/deInCt2.xml
auto.tcl: Setting watchdog for 200 seconds at Sat Apr 27 04:10:07 UTC 2019
0
1
1
1
0
0
1
1
1
0
0
1
1
1
0
0
1
1
1
0
0
1
1
1
0
0
1
1
1
0
0
1
1
1
0
0
1
1
1
0
0
0
9 ms. Memory: 619520K Free: 595498K (96%)
ptolemy.util.test.WatchDog.cancel(): canceling Sat Apr 27 04:10:07 UTC 2019
auto.tcl: Setting watchdog for 200 seconds at Sat Apr 27 04:10:07 UTC 2019
0
1
1
1
0
0
1
1
1
0
0
1
1
1
0
0
1
1
1
0
0
1
1
1
0
0
1
1
1
0
0
1
1
1
0
0
1
1
1
0
0
0
7 ms. Memory: 619520K Free: 595498K (96%)
ptolemy.util.test.WatchDog.cancel(): canceling Sat Apr 27 04:10:07 UTC 2019
------------------ testing $PTII/ptolemy/domains/de/test/auto/dynamicCausalityInterface1.xml
auto.tcl: Setting watchdog for 200 seconds at Sat Apr 27 04:10:07 UTC 2019
3 ms. Memory: 621568K Free: 594881K (96%)
ptolemy.util.test.WatchDog.cancel(): canceling Sat Apr 27 04:10:07 UTC 2019
auto.tcl: Setting watchdog for 200 seconds at Sat Apr 27 04:10:07 UTC 2019
0 ms. Memory: 621568K Free: 594881K (96%)
ptolemy.util.test.WatchDog.cancel(): canceling Sat Apr 27 04:10:07 UTC 2019
------------------ testing $PTII/ptolemy/domains/de/test/auto/fsm_de_test.xml
auto.tcl: Setting watchdog for 200 seconds at Sat Apr 27 04:10:07 UTC 2019
13 ms. Memory: 619520K Free: 595461K (96%)
ptolemy.util.test.WatchDog.cancel(): canceling Sat Apr 27 04:10:07 UTC 2019
auto.tcl: Setting watchdog for 200 seconds at Sat Apr 27 04:10:07 UTC 2019
5 ms. Memory: 619520K Free: 587362K (95%)
ptolemy.util.test.WatchDog.cancel(): canceling Sat Apr 27 04:10:07 UTC 2019
------------------ testing $PTII/ptolemy/domains/de/test/auto/functionDependencyReconstruction.xml
auto.tcl: Setting watchdog for 200 seconds at Sat Apr 27 04:10:07 UTC 2019
2 ms. Memory: 621568K Free: 594782K (96%)
ptolemy.util.test.WatchDog.cancel(): canceling Sat Apr 27 04:10:07 UTC 2019
auto.tcl: Setting watchdog for 200 seconds at Sat Apr 27 04:10:07 UTC 2019
2 ms. Memory: 621568K Free: 586676K (94%)
ptolemy.util.test.WatchDog.cancel(): canceling Sat Apr 27 04:10:07 UTC 2019
------------------ testing $PTII/ptolemy/domains/de/test/auto/multirate.xml
auto.tcl: Setting watchdog for 200 seconds at Sat Apr 27 04:10:07 UTC 2019
3 ms. Memory: 619520K Free: 595327K (96%)
ptolemy.util.test.WatchDog.cancel(): canceling Sat Apr 27 04:10:07 UTC 2019
auto.tcl: Setting watchdog for 200 seconds at Sat Apr 27 04:10:07 UTC 2019
3 ms. Memory: 619520K Free: 595327K (96%)
ptolemy.util.test.WatchDog.cancel(): canceling Sat Apr 27 04:10:07 UTC 2019
------------------ testing $PTII/ptolemy/domains/de/test/auto/multirate2.xml
auto.tcl: Setting watchdog for 200 seconds at Sat Apr 27 04:10:07 UTC 2019
3 ms. Memory: 621056K Free: 597051K (96%)
ptolemy.util.test.WatchDog.cancel(): canceling Sat Apr 27 04:10:07 UTC 2019
auto.tcl: Setting watchdog for 200 seconds at Sat Apr 27 04:10:07 UTC 2019
3 ms. Memory: 621056K Free: 597051K (96%)
ptolemy.util.test.WatchDog.cancel(): canceling Sat Apr 27 04:10:07 UTC 2019
------------------ testing $PTII/ptolemy/domains/de/test/auto/realtime.xml
auto.tcl: Setting watchdog for 200 seconds at Sat Apr 27 04:10:07 UTC 2019
10001 ms. Memory: 619520K Free: 595442K (96%)
ptolemy.util.test.WatchDog.cancel(): canceling Sat Apr 27 04:10:17 UTC 2019
auto.tcl: Setting watchdog for 200 seconds at Sat Apr 27 04:10:17 UTC 2019
10002 ms. Memory: 619520K Free: 595442K (96%)
ptolemy.util.test.WatchDog.cancel(): canceling Sat Apr 27 04:10:27 UTC 2019
------------------ testing $PTII/ptolemy/domains/de/test/auto/relationGroup.xml
auto.tcl: Setting watchdog for 200 seconds at Sat Apr 27 04:10:27 UTC 2019
2 ms. Memory: 621056K Free: 597075K (96%)
ptolemy.util.test.WatchDog.cancel(): canceling Sat Apr 27 04:10:27 UTC 2019
auto.tcl: Setting watchdog for 200 seconds at Sat Apr 27 04:10:27 UTC 2019
2 ms. Memory: 621056K Free: 597075K (96%)
ptolemy.util.test.WatchDog.cancel(): canceling Sat Apr 27 04:10:27 UTC 2019
------------------ testing $PTII/ptolemy/domains/de/test/auto/relationGroup2.xml
auto.tcl: Setting watchdog for 200 seconds at Sat Apr 27 04:10:27 UTC 2019
1 ms. Memory: 619520K Free: 595565K (96%)
ptolemy.util.test.WatchDog.cancel(): canceling Sat Apr 27 04:10:27 UTC 2019
auto.tcl: Setting watchdog for 200 seconds at Sat Apr 27 04:10:27 UTC 2019
1 ms. Memory: 619520K Free: 595565K (96%)
ptolemy.util.test.WatchDog.cancel(): canceling Sat Apr 27 04:10:27 UTC 2019
------------------ testing $PTII/ptolemy/domains/de/test/auto/sortWithOpaquePorts.xml
auto.tcl: Setting watchdog for 200 seconds at Sat Apr 27 04:10:27 UTC 2019
1 ms. Memory: 620544K Free: 596591K (96%)
ptolemy.util.test.WatchDog.cancel(): canceling Sat Apr 27 04:10:27 UTC 2019
auto.tcl: Setting watchdog for 200 seconds at Sat Apr 27 04:10:27 UTC 2019
1 ms. Memory: 620544K Free: 596591K (96%)
ptolemy.util.test.WatchDog.cancel(): canceling Sat Apr 27 04:10:27 UTC 2019
------------------ testing $PTII/ptolemy/domains/de/test/auto/transferInputsandOutputs.xml
auto.tcl: Setting watchdog for 200 seconds at Sat Apr 27 04:10:27 UTC 2019
3 ms. Memory: 619520K Free: 595553K (96%)
ptolemy.util.test.WatchDog.cancel(): canceling Sat Apr 27 04:10:27 UTC 2019
auto.tcl: Setting watchdog for 200 seconds at Sat Apr 27 04:10:27 UTC 2019
2 ms. Memory: 619520K Free: 595553K (96%)
ptolemy.util.test.WatchDog.cancel(): canceling Sat Apr 27 04:10:27 UTC 2019
------------------ testing $PTII/ptolemy/domains/de/test/auto/triggerType.xml
auto.tcl: Setting watchdog for 200 seconds at Sat Apr 27 04:10:27 UTC 2019
2 ms. Memory: 620544K Free: 596528K (96%)
ptolemy.util.test.WatchDog.cancel(): canceling Sat Apr 27 04:10:28 UTC 2019
auto.tcl: Setting watchdog for 200 seconds at Sat Apr 27 04:10:28 UTC 2019
1 ms. Memory: 620544K Free: 596528K (96%)
ptolemy.util.test.WatchDog.cancel(): canceling Sat Apr 27 04:10:28 UTC 2019
04/27/19 04:10:28
Failed: 0  Total Tests: 192  ((Passed: 187, Newly Passed: 1)  Known Failed: 5) /home/travis/build/icyphy/ptII/ptolemy/domains/de/test
04/27/19 04:10:28
Failed: 0  Total Tests: 192  ((Passed: 187, Newly Passed: 1)  Known Failed: 5) /home/travis/build/icyphy/ptII/ptolemy/domains/de/test
----------------- testing (KnownFailure) /home/travis/build/icyphy/ptII/ptolemy/domains/de/test/auto/knownFailedTests/DESDFClockTest.xml
2009 ms. Memory: 619520K Free: 584722K (94%)
Known Failure: java.lang.reflect.InvocationTargetException
----------------- testing (KnownFailure) /home/travis/build/icyphy/ptII/ptolemy/domains/de/test/auto/knownFailedTests/DirectFeedback.xml
2 ms. Memory: 619520K Free: 541673K (87%)
Known Failure: java.lang.reflect.InvocationTargetException
----------------- testing (KnownFailure) /home/travis/build/icyphy/ptII/ptolemy/domains/de/test/auto/knownFailedTests/FSMSource.xml
10 ms. Memory: 619520K Free: 498624K (80%)
----------------- testing (KnownFailure) /home/travis/build/icyphy/ptII/ptolemy/domains/de/test/auto/knownFailedTests/HierarchicalModel.xml
2 ms. Memory: 619520K Free: 466321K (75%)
Known Failure: java.lang.reflect.InvocationTargetException
----------------- testing (KnownFailure) /home/travis/build/icyphy/ptII/ptolemy/domains/de/test/auto/knownFailedTests/dependencyLoop.xml
2 ms. Memory: 619520K Free: 412494K (67%)
Known Failure: java.lang.reflect.InvocationTargetException
----------------- testing (KnownFailure) /home/travis/build/icyphy/ptII/ptolemy/domains/de/test/auto/knownFailedTests/dependencyLoop2.xml
3 ms. Memory: 619520K Free: 358666K (58%)
Known Failure: java.lang.reflect.InvocationTargetException
No auto/linux-amd64/*.xml tests in /home/travis/build/icyphy/ptII/ptolemy/domains/de/test
AutoTests.java: About to close Vertx.
AutoTests.java: Vertx closed.

===========================================================================================
----------------- testing Sat Apr 27 04:10:30 UTC 2019 /home/travis/build/icyphy/ptII/ptolemy/domains/de/test/auto/ActorDepthCalculation_actorWithoutPorts.xml
----------------- Instantiating /home/travis/build/icyphy/ptII/ptolemy/domains/de/test/auto/ActorDepthCalculation_actorWithoutPorts.xml
3 ms. Memory: 619520K Free: 304855K (49%)
----------------- Invoking toplevel() on ptolemy.moml.MoMLSimpleApplication@7961567a
----------------- Done invoking toplevel() on ptolemy.moml.MoMLSimpleApplication@7961567a
reloadAllAccessors: .ActorDepthCalculation_actorWithoutPorts

===========================================================================================
----------------- testing Sat Apr 27 04:10:30 UTC 2019 /home/travis/build/icyphy/ptII/ptolemy/domains/de/test/auto/AssemblyLine.xml
----------------- Instantiating /home/travis/build/icyphy/ptII/ptolemy/domains/de/test/auto/AssemblyLine.xml
2 ms. Memory: 619520K Free: 283330K (46%)
----------------- Invoking toplevel() on ptolemy.moml.MoMLSimpleApplication@6d9754fd
----------------- Done invoking toplevel() on ptolemy.moml.MoMLSimpleApplication@6d9754fd
reloadAllAccessors: .AssemblyLine

===========================================================================================
----------------- testing Sat Apr 27 04:10:30 UTC 2019 /home/travis/build/icyphy/ptII/ptolemy/domains/de/test/auto/CQBug1.xml
----------------- Instantiating /home/travis/build/icyphy/ptII/ptolemy/domains/de/test/auto/CQBug1.xml
1 ms. Memory: 619520K Free: 261806K (42%)
----------------- Invoking toplevel() on ptolemy.moml.MoMLSimpleApplication@7ae68ca
----------------- Done invoking toplevel() on ptolemy.moml.MoMLSimpleApplication@7ae68ca
reloadAllAccessors: .CQBug1

===========================================================================================
----------------- testing Sat Apr 27 04:10:30 UTC 2019 /home/travis/build/icyphy/ptII/ptolemy/domains/de/test/auto/CancelFireAt.xml
----------------- Instantiating /home/travis/build/icyphy/ptII/ptolemy/domains/de/test/auto/CancelFireAt.xml
1 ms. Memory: 619520K Free: 240281K (39%)
----------------- Invoking toplevel() on ptolemy.moml.MoMLSimpleApplication@73754903
----------------- Done invoking toplevel() on ptolemy.moml.MoMLSimpleApplication@73754903
reloadAllAccessors: .CancelFireAt

===========================================================================================
----------------- testing Sat Apr 27 04:10:30 UTC 2019 /home/travis/build/icyphy/ptII/ptolemy/domains/de/test/auto/CausalityAndComposabilityAnalysis.xml
----------------- Instantiating /home/travis/build/icyphy/ptII/ptolemy/domains/de/test/auto/CausalityAndComposabilityAnalysis.xml
2 ms. Memory: 619520K Free: 218757K (35%)
----------------- Invoking toplevel() on ptolemy.moml.MoMLSimpleApplication@5ad775d0
----------------- Done invoking toplevel() on ptolemy.moml.MoMLSimpleApplication@5ad775d0
reloadAllAccessors: .CausalityAndComposabilityAnalysis

===========================================================================================
----------------- testing Sat Apr 27 04:10:30 UTC 2019 /home/travis/build/icyphy/ptII/ptolemy/domains/de/test/auto/CausalityInterface1.xml
----------------- Instantiating /home/travis/build/icyphy/ptII/ptolemy/domains/de/test/auto/CausalityInterface1.xml
4 ms. Memory: 619520K Free: 197232K (32%)
----------------- Invoking toplevel() on ptolemy.moml.MoMLSimpleApplication@136a1232
----------------- Done invoking toplevel() on ptolemy.moml.MoMLSimpleApplication@136a1232
reloadAllAccessors: .CausalityInterface1

===========================================================================================
----------------- testing Sat Apr 27 04:10:30 UTC 2019 /home/travis/build/icyphy/ptII/ptolemy/domains/de/test/auto/CausalityInterface15.xml
----------------- Instantiating /home/travis/build/icyphy/ptII/ptolemy/domains/de/test/auto/CausalityInterface15.xml
1 ms. Memory: 619520K Free: 175708K (28%)
----------------- Invoking toplevel() on ptolemy.moml.MoMLSimpleApplication@24fbf65e
----------------- Done invoking toplevel() on ptolemy.moml.MoMLSimpleApplication@24fbf65e
reloadAllAccessors: .CausalityInterface15

[...]
java.lang.RuntimeException: Execution failed
	at ptolemy.moml.MoMLSimpleApplication$UnloadThread.run(MoMLSimpleApplication.java:402)
Caused by: ptolemy.kernel.util.IllegalActionException: Test fails in iteration 1.
Value was: 1.0. Should have been: 2.0
  in .DirectFeedback.Test
	at ptolemy.actor.lib.Test.fire(Test.java:268)
	at ptolemy.domains.de.kernel.DEDirector._fire(DEDirector.java:1949)
	at ptolemy.domains.de.kernel.DEDirector.fire(DEDirector.java:502)
	at ptolemy.actor.CompositeActor.fire(CompositeActor.java:455)
	at ptolemy.actor.Manager.iterate(Manager.java:851)
	at ptolemy.actor.Manager.execute(Manager.java:369)
	at ptolemy.actor.Manager.run(Manager.java:1263)
	at ptolemy.actor.Manager$PtolemyRunThread.run(Manager.java:1915)
java.lang.RuntimeException: Execution failed
	at ptolemy.moml.MoMLSimpleApplication$UnloadThread.run(MoMLSimpleApplication.java:402)
Caused by: ptolemy.kernel.util.IllegalActionException: Actor is not ready to fire.  Perhaps UpSample.prefire() returned false? Try debugging the actor by selecting "Listen to Actor".  Also, for SDF check moml for tokenConsumptionRate on input.
  in .DESDFClockTest.Play Bell.Copy1:SDF Director and .DESDFClockTest.Play Bell.UpSample
	at ptolemy.actor.sched.StaticSchedulingDirector.fire(StaticSchedulingDirector.java:227)
	at ptolemy.domains.sdf.kernel.SDFDirector.fire(SDFDirector.java:500)
	at ptolemy.actor.CompositeActor.fire(CompositeActor.java:455)
	at ptolemy.domains.de.kernel.DEDirector._fire(DEDirector.java:1949)
	at ptolemy.domains.de.kernel.DEDirector.fire(DEDirector.java:502)
	at ptolemy.actor.CompositeActor.fire(CompositeActor.java:455)
	at ptolemy.actor.Manager.iterate(Manager.java:851)
	at ptolemy.actor.Manager.execute(Manager.java:369)
	at ptolemy.actor.Manager.run(Manager.java:1263)
	at ptolemy.actor.Manager$PtolemyRunThread.run(Manager.java:1915)
java.lang.reflect.InvocationTargetException
	at sun.reflect.NativeConstructorAccessorImpl.newInstance0(Native Method)
	at sun.reflect.NativeConstructorAccessorImpl.newInstance(NativeConstructorAccessorImpl.java:62)
	at sun.reflect.DelegatingConstructorAccessorImpl.newInstance(DelegatingConstructorAccessorImpl.java:45)
	at java.lang.reflect.Constructor.newInstance(Constructor.java:423)
	at ptolemy.util.test.junit.AutoKnownFailedTests.RunModel(AutoKnownFailedTests.java:105)
	at sun.reflect.NativeMethodAccessorImpl.invoke0(Native Method)
	at sun.reflect.NativeMethodAccessorImpl.invoke(NativeMethodAccessorImpl.java:62)
	at sun.reflect.DelegatingMethodAccessorImpl.invoke(DelegatingMethodAccessorImpl.java:43)
	at java.lang.reflect.Method.invoke(Method.java:498)
	at org.junit.runners.model.FrameworkMethod$1.runReflectiveCall(FrameworkMethod.java:44)
	at org.junit.internal.runners.model.ReflectiveCallable.run(ReflectiveCallable.java:15)
	at org.junit.runners.model.FrameworkMethod.invokeExplosively(FrameworkMethod.java:41)
	at junitparams.internal.InvokeParameterisedMethod.evaluate(InvokeParameterisedMethod.java:102)
	at org.junit.internal.runners.statements.FailOnTimeout$1.run(FailOnTimeout.java:28)
Caused by: ptolemy.kernel.util.IllegalActionException: Actor is not ready to fire.  Perhaps UpSample.prefire() returned false? Try debugging the actor by selecting "Listen to Actor".  Also, for SDF check moml for tokenConsumptionRate on input.
  in .DESDFClockTest.Play Bell.Copy1:SDF Director and .DESDFClockTest.Play Bell.UpSample
	at ptolemy.actor.sched.StaticSchedulingDirector.fire(StaticSchedulingDirector.java:227)
	at ptolemy.domains.sdf.kernel.SDFDirector.fire(SDFDirector.java:500)
	at ptolemy.actor.CompositeActor.fire(CompositeActor.java:455)
	at ptolemy.domains.de.kernel.DEDirector._fire(DEDirector.java:1949)
	at ptolemy.domains.de.kernel.DEDirector.fire(DEDirector.java:502)
	at ptolemy.actor.CompositeActor.fire(CompositeActor.java:455)
	at ptolemy.actor.Manager.iterate(Manager.java:851)
	at ptolemy.actor.Manager.execute(Manager.java:369)
	at ptolemy.actor.Manager.run(Manager.java:1263)
	at ptolemy.actor.Manager$PtolemyRunThread.run(Manager.java:1915)
java.lang.RuntimeException: Execution failed
	at ptolemy.moml.MoMLSimpleApplication$UnloadThread.run(MoMLSimpleApplication.java:402)
Caused by: ptolemy.kernel.util.IllegalActionException: Test fails in iteration 1.
Value was: 1.0. Should have been: 2.0
  in .DirectFeedback.Test
	at ptolemy.actor.lib.Test.fire(Test.java:268)
	at ptolemy.domains.de.kernel.DEDirector._fire(DEDirector.java:1949)
	at ptolemy.domains.de.kernel.DEDirector.fire(DEDirector.java:502)
	at ptolemy.actor.CompositeActor.fire(CompositeActor.java:455)
	at ptolemy.actor.Manager.iterate(Manager.java:851)
	at ptolemy.actor.Manager.execute(Manager.java:369)
	at ptolemy.actor.Manager.run(Manager.java:1263)
	at ptolemy.actor.Manager$PtolemyRunThread.run(Manager.java:1915)
java.lang.reflect.InvocationTargetException
	at sun.reflect.NativeConstructorAccessorImpl.newInstance0(Native Method)
	at sun.reflect.NativeConstructorAccessorImpl.newInstance(NativeConstructorAccessorImpl.java:62)
	at sun.reflect.DelegatingConstructorAccessorImpl.newInstance(DelegatingConstructorAccessorImpl.java:45)
	at java.lang.reflect.Constructor.newInstance(Constructor.java:423)
	at ptolemy.util.test.junit.AutoKnownFailedTests.RunModel(AutoKnownFailedTests.java:105)
	at sun.reflect.NativeMethodAccessorImpl.invoke0(Native Method)
	at sun.reflect.NativeMethodAccessorImpl.invoke(NativeMethodAccessorImpl.java:62)
	at sun.reflect.DelegatingMethodAccessorImpl.invoke(DelegatingMethodAccessorImpl.java:43)
	at java.lang.reflect.Method.invoke(Method.java:498)
	at org.junit.runners.model.FrameworkMethod$1.runReflectiveCall(FrameworkMethod.java:44)
	at org.junit.internal.runners.model.ReflectiveCallable.run(ReflectiveCallable.java:15)
	at org.junit.runners.model.FrameworkMethod.invokeExplosively(FrameworkMethod.java:41)
	at junitparams.internal.InvokeParameterisedMethod.evaluate(InvokeParameterisedMethod.java:102)
	at org.junit.internal.runners.statements.FailOnTimeout$1.run(FailOnTimeout.java:28)
Caused by: ptolemy.kernel.util.IllegalActionException: Test fails in iteration 1.
Value was: 1.0. Should have been: 2.0
  in .DirectFeedback.Test
	at ptolemy.actor.lib.Test.fire(Test.java:268)
	at ptolemy.domains.de.kernel.DEDirector._fire(DEDirector.java:1949)
	at ptolemy.domains.de.kernel.DEDirector.fire(DEDirector.java:502)
	at ptolemy.actor.CompositeActor.fire(CompositeActor.java:455)
	at ptolemy.actor.Manager.iterate(Manager.java:851)
	at ptolemy.actor.Manager.execute(Manager.java:369)
	at ptolemy.actor.Manager.run(Manager.java:1263)
	at ptolemy.actor.Manager$PtolemyRunThread.run(Manager.java:1915)
java.lang.RuntimeException: Execution failed
	at ptolemy.moml.MoMLSimpleApplication$UnloadThread.run(MoMLSimpleApplication.java:402)
Caused by: ptolemy.kernel.util.IllegalActionException: Found a zero delay loop containing .HierarchicalModel.A
  in .HierarchicalModel and .HierarchicalModel.A
	at ptolemy.actor.util.CausalityInterfaceForComposites._computeOutputPortDepth(CausalityInterfaceForComposites.java:759)
	at ptolemy.actor.util.CausalityInterfaceForComposites._computeInputDepth(CausalityInterfaceForComposites.java:696)
	at ptolemy.actor.util.CausalityInterfaceForComposites._computeOutputPortDepth(CausalityInterfaceForComposites.java:765)
	at ptolemy.actor.util.CausalityInterfaceForComposites._computeInputDepth(CausalityInterfaceForComposites.java:696)
	at ptolemy.actor.util.CausalityInterfaceForComposites._computeOutputPortDepth(CausalityInterfaceForComposites.java:765)
	at ptolemy.actor.util.CausalityInterfaceForComposites._computeInputDepth(CausalityInterfaceForComposites.java:696)
	at ptolemy.actor.util.CausalityInterfaceForComposites._computeActorDepth(CausalityInterfaceForComposites.java:532)
	at ptolemy.actor.util.CausalityInterfaceForComposites.checkForCycles(CausalityInterfaceForComposites.java:96)
	at ptolemy.domains.de.kernel.DEDirector.preinitialize(DEDirector.java:1338)
	at ptolemy.actor.CompositeActor.preinitialize(CompositeActor.java:1828)
	at ptolemy.actor.Manager.preinitializeAndResolveTypes(Manager.java:1040)
	at ptolemy.actor.Manager.initialize(Manager.java:710)
	at ptolemy.actor.Manager.execute(Manager.java:356)
	at ptolemy.actor.Manager.run(Manager.java:1263)
	at ptolemy.actor.Manager$PtolemyRunThread.run(Manager.java:1915)
java.lang.reflect.InvocationTargetException
	at sun.reflect.NativeConstructorAccessorImpl.newInstance0(Native Method)
	at sun.reflect.NativeConstructorAccessorImpl.newInstance(NativeConstructorAccessorImpl.java:62)
	at sun.reflect.DelegatingConstructorAccessorImpl.newInstance(DelegatingConstructorAccessorImpl.java:45)
	at java.lang.reflect.Constructor.newInstance(Constructor.java:423)
	at ptolemy.util.test.junit.AutoKnownFailedTests.RunModel(AutoKnownFailedTests.java:105)
	at sun.reflect.NativeMethodAccessorImpl.invoke0(Native Method)
	at sun.reflect.NativeMethodAccessorImpl.invoke(NativeMethodAccessorImpl.java:62)
	at sun.reflect.DelegatingMethodAccessorImpl.invoke(DelegatingMethodAccessorImpl.java:43)
	at java.lang.reflect.Method.invoke(Method.java:498)
	at org.junit.runners.model.FrameworkMethod$1.runReflectiveCall(FrameworkMethod.java:44)
	at org.junit.internal.runners.model.ReflectiveCallable.run(ReflectiveCallable.java:15)
	at org.junit.runners.model.FrameworkMethod.invokeExplosively(FrameworkMethod.java:41)
	at junitparams.internal.InvokeParameterisedMethod.evaluate(InvokeParameterisedMethod.java:102)
	at org.junit.internal.runners.statements.FailOnTimeout$1.run(FailOnTimeout.java:28)
Caused by: ptolemy.kernel.util.IllegalActionException: Found a zero delay loop containing .HierarchicalModel.A
  in .HierarchicalModel and .HierarchicalModel.A
	at ptolemy.actor.util.CausalityInterfaceForComposites._computeOutputPortDepth(CausalityInterfaceForComposites.java:759)
	at ptolemy.actor.util.CausalityInterfaceForComposites._computeInputDepth(CausalityInterfaceForComposites.java:696)
	at ptolemy.actor.util.CausalityInterfaceForComposites._computeOutputPortDepth(CausalityInterfaceForComposites.java:765)
	at ptolemy.actor.util.CausalityInterfaceForComposites._computeInputDepth(CausalityInterfaceForComposites.java:696)
	at ptolemy.actor.util.CausalityInterfaceForComposites._computeOutputPortDepth(CausalityInterfaceForComposites.java:765)
	at ptolemy.actor.util.CausalityInterfaceForComposites._computeInputDepth(CausalityInterfaceForComposites.java:696)
	at ptolemy.actor.util.CausalityInterfaceForComposites._computeActorDepth(CausalityInterfaceForComposites.java:532)
	at ptolemy.actor.util.CausalityInterfaceForComposites.checkForCycles(CausalityInterfaceForComposites.java:96)
	at ptolemy.domains.de.kernel.DEDirector.preinitialize(DEDirector.java:1338)
	at ptolemy.actor.CompositeActor.preinitialize(CompositeActor.java:1828)
	at ptolemy.actor.Manager.preinitializeAndResolveTypes(Manager.java:1040)
	at ptolemy.actor.Manager.initialize(Manager.java:710)
	at ptolemy.actor.Manager.execute(Manager.java:356)
	at ptolemy.actor.Manager.run(Manager.java:1263)
	at ptolemy.actor.Manager$PtolemyRunThread.run(Manager.java:1915)
java.lang.RuntimeException: Execution failed
	at ptolemy.moml.MoMLSimpleApplication$UnloadThread.run(MoMLSimpleApplication.java:402)
Caused by: ptolemy.kernel.util.IllegalActionException: Found a zero delay loop containing .dependencyLoop.original
  in .dependencyLoop and .dependencyLoop.original
	at ptolemy.actor.util.CausalityInterfaceForComposites._computeOutputPortDepth(CausalityInterfaceForComposites.java:759)
	at ptolemy.actor.util.CausalityInterfaceForComposites._computeInputDepth(CausalityInterfaceForComposites.java:696)
	at ptolemy.actor.util.CausalityInterfaceForComposites._computeOutputPortDepth(CausalityInterfaceForComposites.java:765)
	at ptolemy.actor.util.CausalityInterfaceForComposites._computeInputDepth(CausalityInterfaceForComposites.java:696)
	at ptolemy.actor.util.CausalityInterfaceForComposites._computeOutputPortDepth(CausalityInterfaceForComposites.java:765)
	at ptolemy.actor.util.CausalityInterfaceForComposites._computeInputDepth(CausalityInterfaceForComposites.java:696)
	at ptolemy.actor.util.CausalityInterfaceForComposites._computeActorDepth(CausalityInterfaceForComposites.java:532)
	at ptolemy.actor.util.CausalityInterfaceForComposites.checkForCycles(CausalityInterfaceForComposites.java:96)
	at ptolemy.domains.de.kernel.DEDirector.preinitialize(DEDirector.java:1338)
	at ptolemy.actor.CompositeActor.preinitialize(CompositeActor.java:1828)
	at ptolemy.actor.Manager.preinitializeAndResolveTypes(Manager.java:1040)
	at ptolemy.actor.Manager.initialize(Manager.java:710)
	at ptolemy.actor.Manager.execute(Manager.java:356)
	at ptolemy.actor.Manager.run(Manager.java:1263)
	at ptolemy.actor.Manager$PtolemyRunThread.run(Manager.java:1915)
java.lang.reflect.InvocationTargetException
	at sun.reflect.NativeConstructorAccessorImpl.newInstance0(Native Method)
	at sun.reflect.NativeConstructorAccessorImpl.newInstance(NativeConstructorAccessorImpl.java:62)
	at sun.reflect.DelegatingConstructorAccessorImpl.newInstance(DelegatingConstructorAccessorImpl.java:45)
	at java.lang.reflect.Constructor.newInstance(Constructor.java:423)
	at ptolemy.util.test.junit.AutoKnownFailedTests.RunModel(AutoKnownFailedTests.java:105)
	at sun.reflect.NativeMethodAccessorImpl.invoke0(Native Method)
	at sun.reflect.NativeMethodAccessorImpl.invoke(NativeMethodAccessorImpl.java:62)
	at sun.reflect.DelegatingMethodAccessorImpl.invoke(DelegatingMethodAccessorImpl.java:43)
	at java.lang.reflect.Method.invoke(Method.java:498)
	at org.junit.runners.model.FrameworkMethod$1.runReflectiveCall(FrameworkMethod.java:44)
	at org.junit.internal.runners.model.ReflectiveCallable.run(ReflectiveCallable.java:15)
	at org.junit.runners.model.FrameworkMethod.invokeExplosively(FrameworkMethod.java:41)
	at junitparams.internal.InvokeParameterisedMethod.evaluate(InvokeParameterisedMethod.java:102)
	at org.junit.internal.runners.statements.FailOnTimeout$1.run(FailOnTimeout.java:28)
Caused by: ptolemy.kernel.util.IllegalActionException: Found a zero delay loop containing .dependencyLoop.original
  in .dependencyLoop and .dependencyLoop.original
	at ptolemy.actor.util.CausalityInterfaceForComposites._computeOutputPortDepth(CausalityInterfaceForComposites.java:759)
	at ptolemy.actor.util.CausalityInterfaceForComposites._computeInputDepth(CausalityInterfaceForComposites.java:696)
	at ptolemy.actor.util.CausalityInterfaceForComposites._computeOutputPortDepth(CausalityInterfaceForComposites.java:765)
	at ptolemy.actor.util.CausalityInterfaceForComposites._computeInputDepth(CausalityInterfaceForComposites.java:696)
	at ptolemy.actor.util.CausalityInterfaceForComposites._computeOutputPortDepth(CausalityInterfaceForComposites.java:765)
	at ptolemy.actor.util.CausalityInterfaceForComposites._computeInputDepth(CausalityInterfaceForComposites.java:696)
	at ptolemy.actor.util.CausalityInterfaceForComposites._computeActorDepth(CausalityInterfaceForComposites.java:532)
	at ptolemy.actor.util.CausalityInterfaceForComposites.checkForCycles(CausalityInterfaceForComposites.java:96)
	at ptolemy.domains.de.kernel.DEDirector.preinitialize(DEDirector.java:1338)
	at ptolemy.actor.CompositeActor.preinitialize(CompositeActor.java:1828)
	at ptolemy.actor.Manager.preinitializeAndResolveTypes(Manager.java:1040)
	at ptolemy.actor.Manager.initialize(Manager.java:710)
	at ptolemy.actor.Manager.execute(Manager.java:356)
	at ptolemy.actor.Manager.run(Manager.java:1263)
	at ptolemy.actor.Manager$PtolemyRunThread.run(Manager.java:1915)
java.lang.RuntimeException: Execution failed
	at ptolemy.moml.MoMLSimpleApplication$UnloadThread.run(MoMLSimpleApplication.java:402)
Caused by: ptolemy.kernel.util.IllegalActionException: Found a zero delay loop containing .dependencyLoop2.original
  in .dependencyLoop2 and .dependencyLoop2.original
	at ptolemy.actor.util.CausalityInterfaceForComposites._computeOutputPortDepth(CausalityInterfaceForComposites.java:759)
	at ptolemy.actor.util.CausalityInterfaceForComposites._computeInputDepth(CausalityInterfaceForComposites.java:696)
	at ptolemy.actor.util.CausalityInterfaceForComposites._computeOutputPortDepth(CausalityInterfaceForComposites.java:765)
	at ptolemy.actor.util.CausalityInterfaceForComposites._computeInputDepth(CausalityInterfaceForComposites.java:696)
	at ptolemy.actor.util.CausalityInterfaceForComposites._computeOutputPortDepth(CausalityInterfaceForComposites.java:765)
	at ptolemy.actor.util.CausalityInterfaceForComposites._computeInputDepth(CausalityInterfaceForComposites.java:696)
	at ptolemy.actor.util.CausalityInterfaceForComposites._computeActorDepth(CausalityInterfaceForComposites.java:532)
	at ptolemy.actor.util.CausalityInterfaceForComposites.checkForCycles(CausalityInterfaceForComposites.java:96)
	at ptolemy.domains.de.kernel.DEDirector.preinitialize(DEDirector.java:1338)
	at ptolemy.actor.CompositeActor.preinitialize(CompositeActor.java:1828)
	at ptolemy.actor.Manager.preinitializeAndResolveTypes(Manager.java:1040)
	at ptolemy.actor.Manager.initialize(Manager.java:710)
	at ptolemy.actor.Manager.execute(Manager.java:356)
	at ptolemy.actor.Manager.run(Manager.java:1263)
	at ptolemy.actor.Manager$PtolemyRunThread.run(Manager.java:1915)
java.lang.reflect.InvocationTargetException
	at sun.reflect.NativeConstructorAccessorImpl.newInstance0(Native Method)
	at sun.reflect.NativeConstructorAccessorImpl.newInstance(NativeConstructorAccessorImpl.java:62)
	at sun.reflect.DelegatingConstructorAccessorImpl.newInstance(DelegatingConstructorAccessorImpl.java:45)
	at java.lang.reflect.Constructor.newInstance(Constructor.java:423)
	at ptolemy.util.test.junit.AutoKnownFailedTests.RunModel(AutoKnownFailedTests.java:105)
	at sun.reflect.NativeMethodAccessorImpl.invoke0(Native Method)
	at sun.reflect.NativeMethodAccessorImpl.invoke(NativeMethodAccessorImpl.java:62)
	at sun.reflect.DelegatingMethodAccessorImpl.invoke(DelegatingMethodAccessorImpl.java:43)
	at java.lang.reflect.Method.invoke(Method.java:498)
	at org.junit.runners.model.FrameworkMethod$1.runReflectiveCall(FrameworkMethod.java:44)
	at org.junit.internal.runners.model.ReflectiveCallable.run(ReflectiveCallable.java:15)
	at org.junit.runners.model.FrameworkMethod.invokeExplosively(FrameworkMethod.java:41)
	at junitparams.internal.InvokeParameterisedMethod.evaluate(InvokeParameterisedMethod.java:102)
	at org.junit.internal.runners.statements.FailOnTimeout$1.run(FailOnTimeout.java:28)
Caused by: ptolemy.kernel.util.IllegalActionException: Found a zero delay loop containing .dependencyLoop2.original
  in .dependencyLoop2 and .dependencyLoop2.original
	at ptolemy.actor.util.CausalityInterfaceForComposites._computeOutputPortDepth(CausalityInterfaceForComposites.java:759)
	at ptolemy.actor.util.CausalityInterfaceForComposites._computeInputDepth(CausalityInterfaceForComposites.java:696)
	at ptolemy.actor.util.CausalityInterfaceForComposites._computeOutputPortDepth(CausalityInterfaceForComposites.java:765)
	at ptolemy.actor.util.CausalityInterfaceForComposites._computeInputDepth(CausalityInterfaceForComposites.java:696)
	at ptolemy.actor.util.CausalityInterfaceForComposites._computeOutputPortDepth(CausalityInterfaceForComposites.java:765)
	at ptolemy.actor.util.CausalityInterfaceForComposites._computeInputDepth(CausalityInterfaceForComposites.java:696)
	at ptolemy.actor.util.CausalityInterfaceForComposites._computeActorDepth(CausalityInterfaceForComposites.java:532)
	at ptolemy.actor.util.CausalityInterfaceForComposites.checkForCycles(CausalityInterfaceForComposites.java:96)
	at ptolemy.domains.de.kernel.DEDirector.preinitialize(DEDirector.java:1338)
	at ptolemy.actor.CompositeActor.preinitialize(CompositeActor.java:1828)
	at ptolemy.actor.Manager.preinitializeAndResolveTypes(Manager.java:1040)
	at ptolemy.actor.Manager.initialize(Manager.java:710)
	at ptolemy.actor.Manager.execute(Manager.java:356)
	at ptolemy.actor.Manager.run(Manager.java:1263)
	at ptolemy.actor.Manager$PtolemyRunThread.run(Manager.java:1915)
]]></system-err>
</testsuite>
