<?xml version="1.0" encoding="UTF-8" ?>
<testsuite errors="0" failures="0" hostname="travis-job-53ba9ec3-ed23-41aa-8b88-d56bb5e77e76" name="ptolemy.domains.continuous.test.junit.JUnitTclTest" skipped="0" tests="156" time="102.684" timestamp="2020-01-26T06:46:51">
  <properties>
[...]
</properties>
  <testcase classname="ptolemy.util.test.junit.TclTests" name="[0] ThereAreNoTclTests (RunTclFile)" time="0.02" />
  <testcase classname="ptolemy.util.test.junit.AutoKnownFailedTests" name="[0] ThereAreNoKnowFailedTests (RunModel)" time="0.004" />
  <testcase classname="ptolemy.util.test.junit.AutoNameArchTests" name="[0] ThereAreNoAutoArchTests (RunModel)" time="0.019" />
  <testcase classname="ptolemy.util.test.junit.AutoTests" name="[0] /home/travis/build/icyphy/ptII/ptolemy/domains/continuous/test/auto/BouncingBall.xml (RunModel)" time="3.072" />
  <testcase classname="ptolemy.util.test.junit.AutoTests" name="[1] /home/travis/build/icyphy/ptII/ptolemy/domains/continuous/test/auto/BouncingBallWithoutGR.xml (RunModel)" time="0.917" />
  <testcase classname="ptolemy.util.test.junit.AutoTests" name="[2] /home/travis/build/icyphy/ptII/ptolemy/domains/continuous/test/auto/Brownian.xml (RunModel)" time="0.064" />
  <testcase classname="ptolemy.util.test.junit.AutoTests" name="[3] /home/travis/build/icyphy/ptII/ptolemy/domains/continuous/test/auto/CarTracking.xml (RunModel)" time="3.795" />
  <testcase classname="ptolemy.util.test.junit.AutoTests" name="[4] /home/travis/build/icyphy/ptII/ptolemy/domains/continuous/test/auto/CartPendulum.xml (RunModel)" time="0.457" />
  <testcase classname="ptolemy.util.test.junit.AutoTests" name="[5] /home/travis/build/icyphy/ptII/ptolemy/domains/continuous/test/auto/CausalityInterface10.xml (RunModel)" time="0.057" />
  <testcase classname="ptolemy.util.test.junit.AutoTests" name="[6] /home/travis/build/icyphy/ptII/ptolemy/domains/continuous/test/auto/CausalityInterface11.xml (RunModel)" time="0.032" />
  <testcase classname="ptolemy.util.test.junit.AutoTests" name="[7] /home/travis/build/icyphy/ptII/ptolemy/domains/continuous/test/auto/CausalityInterface12.xml (RunModel)" time="0.027" />
  <testcase classname="ptolemy.util.test.junit.AutoTests" name="[8] /home/travis/build/icyphy/ptII/ptolemy/domains/continuous/test/auto/CausalityInterface13.xml (RunModel)" time="0.03" />
  <testcase classname="ptolemy.util.test.junit.AutoTests" name="[9] /home/travis/build/icyphy/ptII/ptolemy/domains/continuous/test/auto/CausalityInterface14.xml (RunModel)" time="0.021" />
  <testcase classname="ptolemy.util.test.junit.AutoTests" name="[10] /home/travis/build/icyphy/ptII/ptolemy/domains/continuous/test/auto/CausalityInterface4.xml (RunModel)" time="0.03" />
  <testcase classname="ptolemy.util.test.junit.AutoTests" name="[11] /home/travis/build/icyphy/ptII/ptolemy/domains/continuous/test/auto/CausalityInterface5.xml (RunModel)" time="0.03" />
  <testcase classname="ptolemy.util.test.junit.AutoTests" name="[12] /home/travis/build/icyphy/ptII/ptolemy/domains/continuous/test/auto/CausalityInterface6.xml (RunModel)" time="0.024" />
  <testcase classname="ptolemy.util.test.junit.AutoTests" name="[13] /home/travis/build/icyphy/ptII/ptolemy/domains/continuous/test/auto/CausalityInterface7.xml (RunModel)" time="0.04" />
  <testcase classname="ptolemy.util.test.junit.AutoTests" name="[14] /home/travis/build/icyphy/ptII/ptolemy/domains/continuous/test/auto/CausalityInterface8.xml (RunModel)" time="0.03" />
  <testcase classname="ptolemy.util.test.junit.AutoTests" name="[15] /home/travis/build/icyphy/ptII/ptolemy/domains/continuous/test/auto/CausalityInterface9.xml (RunModel)" time="0.047" />
  <testcase classname="ptolemy.util.test.junit.AutoTests" name="[16] /home/travis/build/icyphy/ptII/ptolemy/domains/continuous/test/auto/CausalityInterfaceFeedback1.xml (RunModel)" time="0.02" />
  <testcase classname="ptolemy.util.test.junit.AutoTests" name="[17] /home/travis/build/icyphy/ptII/ptolemy/domains/continuous/test/auto/CausalityInterfaceFeedback2.xml (RunModel)" time="0.032" />
  <testcase classname="ptolemy.util.test.junit.AutoTests" name="[18] /home/travis/build/icyphy/ptII/ptolemy/domains/continuous/test/auto/CompareWithCurrentTime.xml (RunModel)" time="0.016" />
  <testcase classname="ptolemy.util.test.junit.AutoTests" name="[19] /home/travis/build/icyphy/ptII/ptolemy/domains/continuous/test/auto/ComparedClocks.xml (RunModel)" time="0.102" />
  <testcase classname="ptolemy.util.test.junit.AutoTests" name="[20] /home/travis/build/icyphy/ptII/ptolemy/domains/continuous/test/auto/ContinuousAOCClone.xml (RunModel)" time="4.446" />
  <testcase classname="ptolemy.util.test.junit.AutoTests" name="[21] /home/travis/build/icyphy/ptII/ptolemy/domains/continuous/test/auto/ContinuousClock.xml (RunModel)" time="0.173" />
  <testcase classname="ptolemy.util.test.junit.AutoTests" name="[22] /home/travis/build/icyphy/ptII/ptolemy/domains/continuous/test/auto/ContinuousInContinuous.xml (RunModel)" time="0.161" />
  <testcase classname="ptolemy.util.test.junit.AutoTests" name="[23] /home/travis/build/icyphy/ptII/ptolemy/domains/continuous/test/auto/ContinuousInContinuousInContinuous.xml (RunModel)" time="0.064" />
  <testcase classname="ptolemy.util.test.junit.AutoTests" name="[24] /home/travis/build/icyphy/ptII/ptolemy/domains/continuous/test/auto/ContinuousInDE.xml (RunModel)" time="0.205" />
  <testcase classname="ptolemy.util.test.junit.AutoTests" name="[25] /home/travis/build/icyphy/ptII/ptolemy/domains/continuous/test/auto/ContinuousInDE2.xml (RunModel)" time="0.112" />
  <testcase classname="ptolemy.util.test.junit.AutoTests" name="[26] /home/travis/build/icyphy/ptII/ptolemy/domains/continuous/test/auto/ContinuousInDE3.xml (RunModel)" time="0.127" />
  <testcase classname="ptolemy.util.test.junit.AutoTests" name="[27] /home/travis/build/icyphy/ptII/ptolemy/domains/continuous/test/auto/ContinuousInDE4.xml (RunModel)" time="0.065" />
  <testcase classname="ptolemy.util.test.junit.AutoTests" name="[28] /home/travis/build/icyphy/ptII/ptolemy/domains/continuous/test/auto/ContinuousInDEDifferentRefinements.xml (RunModel)" time="0.195" />
  <testcase classname="ptolemy.util.test.junit.AutoTests" name="[29] /home/travis/build/icyphy/ptII/ptolemy/domains/continuous/test/auto/ContinuousInDEDifferentRefinementsPreemptive.xml (RunModel)" time="0.182" />
  <testcase classname="ptolemy.util.test.junit.AutoTests" name="[30] /home/travis/build/icyphy/ptII/ptolemy/domains/continuous/test/auto/ContinuousInDEInContinuous2.xml (RunModel)" time="0.107" />
  <testcase classname="ptolemy.util.test.junit.AutoTests" name="[31] /home/travis/build/icyphy/ptII/ptolemy/domains/continuous/test/auto/ContinuousInDEInContinuous3.xml (RunModel)" time="0.126" />
  <testcase classname="ptolemy.util.test.junit.AutoTests" name="[32] /home/travis/build/icyphy/ptII/ptolemy/domains/continuous/test/auto/ContinuousInDEInput.xml (RunModel)" time="0.072" />
  <testcase classname="ptolemy.util.test.junit.AutoTests" name="[33] /home/travis/build/icyphy/ptII/ptolemy/domains/continuous/test/auto/ContinuousInDEInput2.xml (RunModel)" time="0.065" />
  <testcase classname="ptolemy.util.test.junit.AutoTests" name="[34] /home/travis/build/icyphy/ptII/ptolemy/domains/continuous/test/auto/ContinuousInDEInput3.xml (RunModel)" time="0.061" />
  <testcase classname="ptolemy.util.test.junit.AutoTests" name="[35] /home/travis/build/icyphy/ptII/ptolemy/domains/continuous/test/auto/ContinuousInDESharingRefinement.xml (RunModel)" time="0.392" />
  <testcase classname="ptolemy.util.test.junit.AutoTests" name="[36] /home/travis/build/icyphy/ptII/ptolemy/domains/continuous/test/auto/ContinuousInDEwithNoPorts.xml (RunModel)" time="0.05" />
  <testcase classname="ptolemy.util.test.junit.AutoTests" name="[37] /home/travis/build/icyphy/ptII/ptolemy/domains/continuous/test/auto/ContinuousInsideDE.xml (RunModel)" time="0.157" />
  <testcase classname="ptolemy.util.test.junit.AutoTests" name="[38] /home/travis/build/icyphy/ptII/ptolemy/domains/continuous/test/auto/ContinuousMerge1.xml (RunModel)" time="0.044" />
  <testcase classname="ptolemy.util.test.junit.AutoTests" name="[39] /home/travis/build/icyphy/ptII/ptolemy/domains/continuous/test/auto/ContinuousMerge2.xml (RunModel)" time="0.084" />
  <testcase classname="ptolemy.util.test.junit.AutoTests" name="[40] /home/travis/build/icyphy/ptII/ptolemy/domains/continuous/test/auto/ContinuousMerge3.xml (RunModel)" time="0.139" />
  <testcase classname="ptolemy.util.test.junit.AutoTests" name="[41] /home/travis/build/icyphy/ptII/ptolemy/domains/continuous/test/auto/ContinuousWithinContinuous.xml (RunModel)" time="0.12" />
  <testcase classname="ptolemy.util.test.junit.AutoTests" name="[42] /home/travis/build/icyphy/ptII/ptolemy/domains/continuous/test/auto/ContinuousWithinContinuous2.xml (RunModel)" time="0.159" />
  <testcase classname="ptolemy.util.test.junit.AutoTests" name="[43] /home/travis/build/icyphy/ptII/ptolemy/domains/continuous/test/auto/ContinuousWithinContinuous3.xml (RunModel)" time="0.067" />
  <testcase classname="ptolemy.util.test.junit.AutoTests" name="[44] /home/travis/build/icyphy/ptII/ptolemy/domains/continuous/test/auto/ContinuousWithinContinuous4.xml (RunModel)" time="0.185" />
  <testcase classname="ptolemy.util.test.junit.AutoTests" name="[45] /home/travis/build/icyphy/ptII/ptolemy/domains/continuous/test/auto/ContinuousWithinContinuous5.xml (RunModel)" time="0.065" />
  <testcase classname="ptolemy.util.test.junit.AutoTests" name="[46] /home/travis/build/icyphy/ptII/ptolemy/domains/continuous/test/auto/ContinuousWithinContinuous6.xml (RunModel)" time="0.061" />
  <testcase classname="ptolemy.util.test.junit.AutoTests" name="[47] /home/travis/build/icyphy/ptII/ptolemy/domains/continuous/test/auto/ContinuousWithinContinuous7.xml (RunModel)" time="0.149" />
  <testcase classname="ptolemy.util.test.junit.AutoTests" name="[48] /home/travis/build/icyphy/ptII/ptolemy/domains/continuous/test/auto/DCMotor.xml (RunModel)" time="26.451" />
  <testcase classname="ptolemy.util.test.junit.AutoTests" name="[49] /home/travis/build/icyphy/ptII/ptolemy/domains/continuous/test/auto/DEInContinuous.xml (RunModel)" time="0.087" />
  <testcase classname="ptolemy.util.test.junit.AutoTests" name="[50] /home/travis/build/icyphy/ptII/ptolemy/domains/continuous/test/auto/DEinContinuous2.xml (RunModel)" time="0.069" />
  <testcase classname="ptolemy.util.test.junit.AutoTests" name="[51] /home/travis/build/icyphy/ptII/ptolemy/domains/continuous/test/auto/Derivative.xml (RunModel)" time="0.473" />
  <testcase classname="ptolemy.util.test.junit.AutoTests" name="[52] /home/travis/build/icyphy/ptII/ptolemy/domains/continuous/test/auto/Derivative1.xml (RunModel)" time="0.111" />
  <testcase classname="ptolemy.util.test.junit.AutoTests" name="[53] /home/travis/build/icyphy/ptII/ptolemy/domains/continuous/test/auto/DiscreteClock.xml (RunModel)" time="0.031" />
  <testcase classname="ptolemy.util.test.junit.AutoTests" name="[54] /home/travis/build/icyphy/ptII/ptolemy/domains/continuous/test/auto/EfficiencyCurve.xml (RunModel)" time="0.195" />
  <testcase classname="ptolemy.util.test.junit.AutoTests" name="[55] /home/travis/build/icyphy/ptII/ptolemy/domains/continuous/test/auto/ExponentialResponse.xml (RunModel)" time="0.296" />
  <testcase classname="ptolemy.util.test.junit.AutoTests" name="[56] /home/travis/build/icyphy/ptII/ptolemy/domains/continuous/test/auto/ExponentialResponseRK45.xml (RunModel)" time="0.074" />
  <testcase classname="ptolemy.util.test.junit.AutoTests" name="[57] /home/travis/build/icyphy/ptII/ptolemy/domains/continuous/test/auto/Friction.xml (RunModel)" time="3.736" />
  <testcase classname="ptolemy.util.test.junit.AutoTests" name="[58] /home/travis/build/icyphy/ptII/ptolemy/domains/continuous/test/auto/FurutaPendulum.xml (RunModel)" time="6.579" />
  <testcase classname="ptolemy.util.test.junit.AutoTests" name="[59] /home/travis/build/icyphy/ptII/ptolemy/domains/continuous/test/auto/HierarchicalExecution.xml (RunModel)" time="3.868" />
  <testcase classname="ptolemy.util.test.junit.AutoTests" name="[60] /home/travis/build/icyphy/ptII/ptolemy/domains/continuous/test/auto/HybridPlant.xml (RunModel)" time="1.107" />
  <testcase classname="ptolemy.util.test.junit.AutoTests" name="[61] /home/travis/build/icyphy/ptII/ptolemy/domains/continuous/test/auto/Hysteresis.xml (RunModel)" time="0.317" />
  <testcase classname="ptolemy.util.test.junit.AutoTests" name="[62] /home/travis/build/icyphy/ptII/ptolemy/domains/continuous/test/auto/HysteresisWithRandomDelay.xml (RunModel)" time="0.413" />
  <testcase classname="ptolemy.util.test.junit.AutoTests" name="[63] /home/travis/build/icyphy/ptII/ptolemy/domains/continuous/test/auto/HysteresisWithRandomLosses.xml (RunModel)" time="5.085" />
  <testcase classname="ptolemy.util.test.junit.AutoTests" name="[64] /home/travis/build/icyphy/ptII/ptolemy/domains/continuous/test/auto/ImmediateTransitions.xml (RunModel)" time="0.063" />
  <testcase classname="ptolemy.util.test.junit.AutoTests" name="[65] /home/travis/build/icyphy/ptII/ptolemy/domains/continuous/test/auto/ImpulseFeedback.xml (RunModel)" time="0.038" />
  <testcase classname="ptolemy.util.test.junit.AutoTests" name="[66] /home/travis/build/icyphy/ptII/ptolemy/domains/continuous/test/auto/ImpulseFeedback2.xml (RunModel)" time="0.043" />
  <testcase classname="ptolemy.util.test.junit.AutoTests" name="[67] /home/travis/build/icyphy/ptII/ptolemy/domains/continuous/test/auto/IncreasingRatePoisson.xml (RunModel)" time="1.58" />
  <testcase classname="ptolemy.util.test.junit.AutoTests" name="[68] /home/travis/build/icyphy/ptII/ptolemy/domains/continuous/test/auto/InitialStateFeedback.xml (RunModel)" time="0.029" />
  <testcase classname="ptolemy.util.test.junit.AutoTests" name="[69] /home/travis/build/icyphy/ptII/ptolemy/domains/continuous/test/auto/Integration.xml (RunModel)" time="0.021" />
  <testcase classname="ptolemy.util.test.junit.AutoTests" name="[70] /home/travis/build/icyphy/ptII/ptolemy/domains/continuous/test/auto/Integration2.xml (RunModel)" time="0.169" />
  <testcase classname="ptolemy.util.test.junit.AutoTests" name="[71] /home/travis/build/icyphy/ptII/ptolemy/domains/continuous/test/auto/Integration3.xml (RunModel)" time="0.043" />
  <testcase classname="ptolemy.util.test.junit.AutoTests" name="[72] /home/travis/build/icyphy/ptII/ptolemy/domains/continuous/test/auto/Integration5.xml (RunModel)" time="0.027" />
  <testcase classname="ptolemy.util.test.junit.AutoTests" name="[73] /home/travis/build/icyphy/ptII/ptolemy/domains/continuous/test/auto/IntegratorImpulse.xml (RunModel)" time="0.022" />
  <testcase classname="ptolemy.util.test.junit.AutoTests" name="[74] /home/travis/build/icyphy/ptII/ptolemy/domains/continuous/test/auto/IntegratorImpulse2.xml (RunModel)" time="0.03" />
  <testcase classname="ptolemy.util.test.junit.AutoTests" name="[75] /home/travis/build/icyphy/ptII/ptolemy/domains/continuous/test/auto/LevelCrossing1.xml (RunModel)" time="0.026" />
  <testcase classname="ptolemy.util.test.junit.AutoTests" name="[76] /home/travis/build/icyphy/ptII/ptolemy/domains/continuous/test/auto/LevelCrossing2.xml (RunModel)" time="0.037" />
  <testcase classname="ptolemy.util.test.junit.AutoTests" name="[77] /home/travis/build/icyphy/ptII/ptolemy/domains/continuous/test/auto/LevelCrossing3.xml (RunModel)" time="0.023" />
  <testcase classname="ptolemy.util.test.junit.AutoTests" name="[78] /home/travis/build/icyphy/ptII/ptolemy/domains/continuous/test/auto/LevelCrossing4.xml (RunModel)" time="0.027" />
  <testcase classname="ptolemy.util.test.junit.AutoTests" name="[79] /home/travis/build/icyphy/ptII/ptolemy/domains/continuous/test/auto/LevelCrossing5.xml (RunModel)" time="0.033" />
  <testcase classname="ptolemy.util.test.junit.AutoTests" name="[80] /home/travis/build/icyphy/ptII/ptolemy/domains/continuous/test/auto/LevelCrossing6.xml (RunModel)" time="0.034" />
  <testcase classname="ptolemy.util.test.junit.AutoTests" name="[81] /home/travis/build/icyphy/ptII/ptolemy/domains/continuous/test/auto/LevelCrossingDetector.xml (RunModel)" time="0.085" />
  <testcase classname="ptolemy.util.test.junit.AutoTests" name="[82] /home/travis/build/icyphy/ptII/ptolemy/domains/continuous/test/auto/LevelCrossingDetectorDetectingDirections.xml (RunModel)" time="0.184" />
  <testcase classname="ptolemy.util.test.junit.AutoTests" name="[83] /home/travis/build/icyphy/ptII/ptolemy/domains/continuous/test/auto/LevelCrossingDetectorDetectsGlitches.xml (RunModel)" time="0.134" />
  <testcase classname="ptolemy.util.test.junit.AutoTests" name="[84] /home/travis/build/icyphy/ptII/ptolemy/domains/continuous/test/auto/LevelCrossingNoInitialOuput.xml (RunModel)" time="0.028" />
  <testcase classname="ptolemy.util.test.junit.AutoTests" name="[85] /home/travis/build/icyphy/ptII/ptolemy/domains/continuous/test/auto/LinearStateSpaceExample.xml (RunModel)" time="0.098" />
  <testcase classname="ptolemy.util.test.junit.AutoTests" name="[86] /home/travis/build/icyphy/ptII/ptolemy/domains/continuous/test/auto/Lorenz.xml (RunModel)" time="5.305" />
  <testcase classname="ptolemy.util.test.junit.AutoTests" name="[87] /home/travis/build/icyphy/ptII/ptolemy/domains/continuous/test/auto/LorenzDifferentialSystem.xml (RunModel)" time="1.089" />
  <testcase classname="ptolemy.util.test.junit.AutoTests" name="[88] /home/travis/build/icyphy/ptII/ptolemy/domains/continuous/test/auto/LorenzDifferentialSystemWithInput.xml (RunModel)" time="1.297" />
  <testcase classname="ptolemy.util.test.junit.AutoTests" name="[89] /home/travis/build/icyphy/ptII/ptolemy/domains/continuous/test/auto/LorenzDifferentialSystemWithTime.xml (RunModel)" time="0.72" />
  <testcase classname="ptolemy.util.test.junit.AutoTests" name="[90] /home/travis/build/icyphy/ptII/ptolemy/domains/continuous/test/auto/Microsteps.xml (RunModel)" time="0.037" />
  <testcase classname="ptolemy.util.test.junit.AutoTests" name="[91] /home/travis/build/icyphy/ptII/ptolemy/domains/continuous/test/auto/Modal1.xml (RunModel)" time="0.038" />
  <testcase classname="ptolemy.util.test.junit.AutoTests" name="[92] /home/travis/build/icyphy/ptII/ptolemy/domains/continuous/test/auto/Modal2.xml (RunModel)" time="0.046" />
  <testcase classname="ptolemy.util.test.junit.AutoTests" name="[93] /home/travis/build/icyphy/ptII/ptolemy/domains/continuous/test/auto/ModalTransitionGuardWithReset.xml (RunModel)" time="0.022" />
  <testcase classname="ptolemy.util.test.junit.AutoTests" name="[94] /home/travis/build/icyphy/ptII/ptolemy/domains/continuous/test/auto/ModalTransitionGuardWithResetUsingPreemptiveTransition.xml (RunModel)" time="0.025" />
  <testcase classname="ptolemy.util.test.junit.AutoTests" name="[95] /home/travis/build/icyphy/ptII/ptolemy/domains/continuous/test/auto/ModalTransitionGuardWithResetUsingPreemptiveTransition2.xml (RunModel)" time="0.024" />
  <testcase classname="ptolemy.util.test.junit.AutoTests" name="[96] /home/travis/build/icyphy/ptII/ptolemy/domains/continuous/test/auto/ModalTransitionGuardWithResetUsingPreemptiveTransition3.xml (RunModel)" time="0.024" />
  <testcase classname="ptolemy.util.test.junit.AutoTests" name="[97] /home/travis/build/icyphy/ptII/ptolemy/domains/continuous/test/auto/NewtonsCradle.xml (RunModel)" time="0.78" />
  <testcase classname="ptolemy.util.test.junit.AutoTests" name="[98] /home/travis/build/icyphy/ptII/ptolemy/domains/continuous/test/auto/NewtonsCradleAnimated.xml (RunModel)" time="1.185" />
  <testcase classname="ptolemy.util.test.junit.AutoTests" name="[99] /home/travis/build/icyphy/ptII/ptolemy/domains/continuous/test/auto/NewtonsCradleComplicated.xml (RunModel)" time="0.817" />
  <testcase classname="ptolemy.util.test.junit.AutoTests" name="[100] /home/travis/build/icyphy/ptII/ptolemy/domains/continuous/test/auto/NewtonsCradleNondeterministic.xml (RunModel)" time="0.584" />
  <testcase classname="ptolemy.util.test.junit.AutoTests" name="[101] /home/travis/build/icyphy/ptII/ptolemy/domains/continuous/test/auto/NewtonsCradlePerfectlyInelastic1.xml (RunModel)" time="1.193" />
  <testcase classname="ptolemy.util.test.junit.AutoTests" name="[102] /home/travis/build/icyphy/ptII/ptolemy/domains/continuous/test/auto/Noise.xml (RunModel)" time="0.199" />
  <testcase classname="ptolemy.util.test.junit.AutoTests" name="[103] /home/travis/build/icyphy/ptII/ptolemy/domains/continuous/test/auto/NoiseSpectrum.xml (RunModel)" time="0.732" />
  <testcase classname="ptolemy.util.test.junit.AutoTests" name="[104] /home/travis/build/icyphy/ptII/ptolemy/domains/continuous/test/auto/ParameterizedNewtonsCradleAnimated.xml (RunModel)" time="0.363" />
  <testcase classname="ptolemy.util.test.junit.AutoTests" name="[105] /home/travis/build/icyphy/ptII/ptolemy/domains/continuous/test/auto/ParameterizedNewtonsCradleAnimatedNondeterministic.xml (RunModel)" time="1.128" />
  <testcase classname="ptolemy.util.test.junit.AutoTests" name="[106] /home/travis/build/icyphy/ptII/ptolemy/domains/continuous/test/auto/Pendulum3D.xml (RunModel)" time="0.174" />
  <testcase classname="ptolemy.util.test.junit.AutoTests" name="[107] /home/travis/build/icyphy/ptII/ptolemy/domains/continuous/test/auto/PeriodicSampler.xml (RunModel)" time="0.015" />
  <testcase classname="ptolemy.util.test.junit.AutoTests" name="[108] /home/travis/build/icyphy/ptII/ptolemy/domains/continuous/test/auto/PeriodicSampler1.xml (RunModel)" time="0.045" />
  <testcase classname="ptolemy.util.test.junit.AutoTests" name="[109] /home/travis/build/icyphy/ptII/ptolemy/domains/continuous/test/auto/PeriodicSampler2.xml (RunModel)" time="0.077" />
  <testcase classname="ptolemy.util.test.junit.AutoTests" name="[110] /home/travis/build/icyphy/ptII/ptolemy/domains/continuous/test/auto/Poisson.xml (RunModel)" time="0.487" />
  <testcase classname="ptolemy.util.test.junit.AutoTests" name="[111] /home/travis/build/icyphy/ptII/ptolemy/domains/continuous/test/auto/PoissonClock.xml (RunModel)" time="0.017" />
  <testcase classname="ptolemy.util.test.junit.AutoTests" name="[112] /home/travis/build/icyphy/ptII/ptolemy/domains/continuous/test/auto/PoissonClock2.xml (RunModel)" time="0.012" />
  <testcase classname="ptolemy.util.test.junit.AutoTests" name="[113] /home/travis/build/icyphy/ptII/ptolemy/domains/continuous/test/auto/PortParameterHierarchy.xml (RunModel)" time="0.025" />
  <testcase classname="ptolemy.util.test.junit.AutoTests" name="[114] /home/travis/build/icyphy/ptII/ptolemy/domains/continuous/test/auto/RandomHybridPlant.xml (RunModel)" time="0.561" />
  <testcase classname="ptolemy.util.test.junit.AutoTests" name="[115] /home/travis/build/icyphy/ptII/ptolemy/domains/continuous/test/auto/ResetTransitionWithStartTime1.xml (RunModel)" time="0.049" />
  <testcase classname="ptolemy.util.test.junit.AutoTests" name="[116] /home/travis/build/icyphy/ptII/ptolemy/domains/continuous/test/auto/ResetTransitionWithStartTime2.xml (RunModel)" time="0.036" />
  <testcase classname="ptolemy.util.test.junit.AutoTests" name="[117] /home/travis/build/icyphy/ptII/ptolemy/domains/continuous/test/auto/ResetTransitionWithStartTime3.xml (RunModel)" time="0.041" />
  <testcase classname="ptolemy.util.test.junit.AutoTests" name="[118] /home/travis/build/icyphy/ptII/ptolemy/domains/continuous/test/auto/ResetTransitionWithStartTime4.xml (RunModel)" time="0.028" />
  <testcase classname="ptolemy.util.test.junit.AutoTests" name="[119] /home/travis/build/icyphy/ptII/ptolemy/domains/continuous/test/auto/ResetTransitionWithStartTime5.xml (RunModel)" time="0.034" />
  <testcase classname="ptolemy.util.test.junit.AutoTests" name="[120] /home/travis/build/icyphy/ptII/ptolemy/domains/continuous/test/auto/ResetTransitionWithStartTime6.xml (RunModel)" time="0.024" />
  <testcase classname="ptolemy.util.test.junit.AutoTests" name="[121] /home/travis/build/icyphy/ptII/ptolemy/domains/continuous/test/auto/SRinContinuous.xml (RunModel)" time="0.022" />
  <testcase classname="ptolemy.util.test.junit.AutoTests" name="[122] /home/travis/build/icyphy/ptII/ptolemy/domains/continuous/test/auto/SampledClocks.xml (RunModel)" time="0.031" />
  <testcase classname="ptolemy.util.test.junit.AutoTests" name="[123] /home/travis/build/icyphy/ptII/ptolemy/domains/continuous/test/auto/Satellite.xml (RunModel)" time="0.644" />
  <testcase classname="ptolemy.util.test.junit.AutoTests" name="[124] /home/travis/build/icyphy/ptII/ptolemy/domains/continuous/test/auto/SigmaDelta.xml (RunModel)" time="1.916" />
  <testcase classname="ptolemy.util.test.junit.AutoTests" name="[125] /home/travis/build/icyphy/ptII/ptolemy/domains/continuous/test/auto/SingleRefinement.xml (RunModel)" time="0.552" />
  <testcase classname="ptolemy.util.test.junit.AutoTests" name="[126] /home/travis/build/icyphy/ptII/ptolemy/domains/continuous/test/auto/SinuBouncingBall.xml (RunModel)" time="0.987" />
  <testcase classname="ptolemy.util.test.junit.AutoTests" name="[127] /home/travis/build/icyphy/ptII/ptolemy/domains/continuous/test/auto/Sinusoid.xml (RunModel)" time="0.011" />
  <testcase classname="ptolemy.util.test.junit.AutoTests" name="[128] /home/travis/build/icyphy/ptII/ptolemy/domains/continuous/test/auto/SinusoidInNoise.xml (RunModel)" time="0.777" />
  <testcase classname="ptolemy.util.test.junit.AutoTests" name="[129] /home/travis/build/icyphy/ptII/ptolemy/domains/continuous/test/auto/SinusoidRK45.xml (RunModel)" time="0.015" />
  <testcase classname="ptolemy.util.test.junit.AutoTests" name="[130] /home/travis/build/icyphy/ptII/ptolemy/domains/continuous/test/auto/SinusoidWithMultipleImpulses.xml (RunModel)" time="0.014" />
  <testcase classname="ptolemy.util.test.junit.AutoTests" name="[131] /home/travis/build/icyphy/ptII/ptolemy/domains/continuous/test/auto/SquareWave.xml (RunModel)" time="0.165" />
  <testcase classname="ptolemy.util.test.junit.AutoTests" name="[132] /home/travis/build/icyphy/ptII/ptolemy/domains/continuous/test/auto/Starmac.xml (RunModel)" time="3.39" />
  <testcase classname="ptolemy.util.test.junit.AutoTests" name="[133] /home/travis/build/icyphy/ptII/ptolemy/domains/continuous/test/auto/StaticUnits.xml (RunModel)" time="2.429" />
  <testcase classname="ptolemy.util.test.junit.AutoTests" name="[134] /home/travis/build/icyphy/ptII/ptolemy/domains/continuous/test/auto/StickyMasses.xml (RunModel)" time="0.186" />
  <testcase classname="ptolemy.util.test.junit.AutoTests" name="[135] /home/travis/build/icyphy/ptII/ptolemy/domains/continuous/test/auto/StopTime.xml (RunModel)" time="0.073" />
  <testcase classname="ptolemy.util.test.junit.AutoTests" name="[136] /home/travis/build/icyphy/ptII/ptolemy/domains/continuous/test/auto/StopTime2.xml (RunModel)" time="0.056" />
  <testcase classname="ptolemy.util.test.junit.AutoTests" name="[137] /home/travis/build/icyphy/ptII/ptolemy/domains/continuous/test/auto/Switch.xml (RunModel)" time="0.061" />
  <testcase classname="ptolemy.util.test.junit.AutoTests" name="[138] /home/travis/build/icyphy/ptII/ptolemy/domains/continuous/test/auto/Thermostat.xml (RunModel)" time="0.218" />
  <testcase classname="ptolemy.util.test.junit.AutoTests" name="[139] /home/travis/build/icyphy/ptII/ptolemy/domains/continuous/test/auto/TimeDelay.xml (RunModel)" time="0.013" />
  <testcase classname="ptolemy.util.test.junit.AutoTests" name="[140] /home/travis/build/icyphy/ptII/ptolemy/domains/continuous/test/auto/TimeDelay2.xml (RunModel)" time="0.024" />
  <testcase classname="ptolemy.util.test.junit.AutoTests" name="[141] /home/travis/build/icyphy/ptII/ptolemy/domains/continuous/test/auto/TimeDelay3.xml (RunModel)" time="0.03" />
  <testcase classname="ptolemy.util.test.junit.AutoTests" name="[142] /home/travis/build/icyphy/ptII/ptolemy/domains/continuous/test/auto/TransferAbsentToInside.xml (RunModel)" time="0.135" />
  <testcase classname="ptolemy.util.test.junit.AutoTests" name="[143] /home/travis/build/icyphy/ptII/ptolemy/domains/continuous/test/auto/Transmission.xml (RunModel)" time="0.819" />
  <testcase classname="ptolemy.util.test.junit.AutoTests" name="[144] /home/travis/build/icyphy/ptII/ptolemy/domains/continuous/test/auto/TriggeredContinuousClock.xml (RunModel)" time="0.065" />
  <testcase classname="ptolemy.util.test.junit.AutoTests" name="[145] /home/travis/build/icyphy/ptII/ptolemy/domains/continuous/test/auto/TwoMachineInfiniteBusControl.xml (RunModel)" time="2.407" />
  <testcase classname="ptolemy.util.test.junit.AutoTests" name="[146] /home/travis/build/icyphy/ptII/ptolemy/domains/continuous/test/auto/V2V.xml (RunModel)" time="0.881" />
  <testcase classname="ptolemy.util.test.junit.AutoTests" name="[147] /home/travis/build/icyphy/ptII/ptolemy/domains/continuous/test/auto/hierarchicalModalModel.xml (RunModel)" time="0.03" />
  <testcase classname="ptolemy.util.test.junit.AutoTests" name="[148] /home/travis/build/icyphy/ptII/ptolemy/domains/continuous/test/auto/hierarchicalModalModel1.xml (RunModel)" time="0.03" />
  <testcase classname="ptolemy.util.test.junit.AutoTests" name="[149] /home/travis/build/icyphy/ptII/ptolemy/domains/continuous/test/auto/hierarchicalModalModel2.xml (RunModel)" time="0.025" />
  <testcase classname="ptolemy.util.test.junit.AutoTests" name="[150] /home/travis/build/icyphy/ptII/ptolemy/domains/continuous/test/auto/hierarchicalModalModel3.xml (RunModel)" time="0.022" />
  <testcase classname="ptolemy.util.test.junit.AutoTests" name="[151] /home/travis/build/icyphy/ptII/ptolemy/domains/continuous/test/auto/hierarchicalModalModel4.xml (RunModel)" time="0.024" />
  <testcase classname="ptolemy.util.test.junit.AutoTests" name="[152] /home/travis/build/icyphy/ptII/ptolemy/domains/continuous/test/auto/junk.xml (RunModel)" time="0.154" />
  <system-out><![CDATA[No tcl tests in /home/travis/build/icyphy/ptII/ptolemy/domains/continuous/test
No auto/knownFailedTests/*.xml tests in /home/travis/build/icyphy/ptII/ptolemy/domains/continuous/test
No auto/linux-amd64/*.xml tests in /home/travis/build/icyphy/ptII/ptolemy/domains/continuous/test
AutoTests.java: About to close Vertx.
AutoTests.java: Vertx closed.

===========================================================================================
----------------- testing Sun Jan 26 06:46:52 UTC 2020 /home/travis/build/icyphy/ptII/ptolemy/domains/continuous/test/auto/BouncingBall.xml
----------------- Instantiating /home/travis/build/icyphy/ptII/ptolemy/domains/continuous/test/auto/BouncingBall.xml
2384 ms. Memory: 166912K Free: 93265K (56%)
----------------- Invoking toplevel() on ptolemy.moml.MoMLSimpleApplication@6a78548f
----------------- Done invoking toplevel() on ptolemy.moml.MoMLSimpleApplication@6a78548f
reloadAllAccessors: .BouncingBall

===========================================================================================
----------------- testing Sun Jan 26 06:46:55 UTC 2020 /home/travis/build/icyphy/ptII/ptolemy/domains/continuous/test/auto/BouncingBallWithoutGR.xml
----------------- Instantiating /home/travis/build/icyphy/ptII/ptolemy/domains/continuous/test/auto/BouncingBallWithoutGR.xml
782 ms. Memory: 166912K Free: 100772K (60%)
----------------- Invoking toplevel() on ptolemy.moml.MoMLSimpleApplication@2103f7f
----------------- Done invoking toplevel() on ptolemy.moml.MoMLSimpleApplication@2103f7f
reloadAllAccessors: .BouncingBallWithoutGR

===========================================================================================
----------------- testing Sun Jan 26 06:46:55 UTC 2020 /home/travis/build/icyphy/ptII/ptolemy/domains/continuous/test/auto/Brownian.xml
----------------- Instantiating /home/travis/build/icyphy/ptII/ptolemy/domains/continuous/test/auto/Brownian.xml
22 ms. Memory: 166912K Free: 91556K (55%)
----------------- Invoking toplevel() on ptolemy.moml.MoMLSimpleApplication@51e8e70d
----------------- Done invoking toplevel() on ptolemy.moml.MoMLSimpleApplication@51e8e70d
reloadAllAccessors: .Brownian

===========================================================================================
----------------- testing Sun Jan 26 06:46:56 UTC 2020 /home/travis/build/icyphy/ptII/ptolemy/domains/continuous/test/auto/CarTracking.xml
----------------- Instantiating /home/travis/build/icyphy/ptII/ptolemy/domains/continuous/test/auto/CarTracking.xml
3481 ms. Memory: 200704K Free: 132288K (66%)
----------------- Invoking toplevel() on ptolemy.moml.MoMLSimpleApplication@46bb7b1b
----------------- Done invoking toplevel() on ptolemy.moml.MoMLSimpleApplication@46bb7b1b
reloadAllAccessors: .CarTracking

===========================================================================================
----------------- testing Sun Jan 26 06:46:59 UTC 2020 /home/travis/build/icyphy/ptII/ptolemy/domains/continuous/test/auto/CartPendulum.xml
----------------- Instantiating /home/travis/build/icyphy/ptII/ptolemy/domains/continuous/test/auto/CartPendulum.xml
367 ms. Memory: 241664K Free: 199335K (82%)
----------------- Invoking toplevel() on ptolemy.moml.MoMLSimpleApplication@20d33990
----------------- Done invoking toplevel() on ptolemy.moml.MoMLSimpleApplication@20d33990
reloadAllAccessors: .CartPendulum

===========================================================================================
----------------- testing Sun Jan 26 06:47:00 UTC 2020 /home/travis/build/icyphy/ptII/ptolemy/domains/continuous/test/auto/CausalityInterface10.xml
----------------- Instantiating /home/travis/build/icyphy/ptII/ptolemy/domains/continuous/test/auto/CausalityInterface10.xml
13 ms. Memory: 241664K Free: 188600K (78%)
----------------- Invoking toplevel() on ptolemy.moml.MoMLSimpleApplication@7449cf69
----------------- Done invoking toplevel() on ptolemy.moml.MoMLSimpleApplication@7449cf69
reloadAllAccessors: .CausalityInterface10

===========================================================================================
----------------- testing Sun Jan 26 06:47:00 UTC 2020 /home/travis/build/icyphy/ptII/ptolemy/domains/continuous/test/auto/CausalityInterface11.xml
----------------- Instantiating /home/travis/build/icyphy/ptII/ptolemy/domains/continuous/test/auto/CausalityInterface11.xml
8 ms. Memory: 241664K Free: 182456K (75%)
----------------- Invoking toplevel() on ptolemy.moml.MoMLSimpleApplication@6707e14a
----------------- Done invoking toplevel() on ptolemy.moml.MoMLSimpleApplication@6707e14a
reloadAllAccessors: .CausalityInterface11

===========================================================================================
----------------- testing Sun Jan 26 06:47:00 UTC 2020 /home/travis/build/icyphy/ptII/ptolemy/domains/continuous/test/auto/CausalityInterface12.xml
----------------- Instantiating /home/travis/build/icyphy/ptII/ptolemy/domains/continuous/test/auto/CausalityInterface12.xml
7 ms. Memory: 241664K Free: 176312K (73%)
----------------- Invoking toplevel() on ptolemy.moml.MoMLSimpleApplication@426b4538
----------------- Done invoking toplevel() on ptolemy.moml.MoMLSimpleApplication@426b4538
reloadAllAccessors: .CausalityInterface12

===========================================================================================
----------------- testing Sun Jan 26 06:47:00 UTC 2020 /home/travis/build/icyphy/ptII/ptolemy/domains/continuous/test/auto/CausalityInterface13.xml
----------------- Instantiating /home/travis/build/icyphy/ptII/ptolemy/domains/continuous/test/auto/CausalityInterface13.xml
6 ms. Memory: 241664K Free: 170168K (70%)
----------------- Invoking toplevel() on ptolemy.moml.MoMLSimpleApplication@313bcb2c
----------------- Done invoking toplevel() on ptolemy.moml.MoMLSimpleApplication@313bcb2c
reloadAllAccessors: .CausalityInterface13

===========================================================================================
----------------- testing Sun Jan 26 06:47:00 UTC 2020 /home/travis/build/icyphy/ptII/ptolemy/domains/continuous/test/auto/CausalityInterface14.xml
----------------- Instantiating /home/travis/build/icyphy/ptII/ptolemy/domains/continuous/test/auto/CausalityInterface14.xml
4 ms. Memory: 241664K Free: 164503K (68%)
----------------- Invoking toplevel() on ptolemy.moml.MoMLSimpleApplication@3dde2474
----------------- Done invoking toplevel() on ptolemy.moml.MoMLSimpleApplication@3dde2474
reloadAllAccessors: .CausalityInterface14

===========================================================================================
----------------- testing Sun Jan 26 06:47:00 UTC 2020 /home/travis/build/icyphy/ptII/ptolemy/domains/continuous/test/auto/CausalityInterface4.xml
----------------- Instantiating /home/travis/build/icyphy/ptII/ptolemy/domains/continuous/test/auto/CausalityInterface4.xml
3 ms. Memory: 241664K Free: 157366K (65%)
----------------- Invoking toplevel() on ptolemy.moml.MoMLSimpleApplication@1b844633
----------------- Done invoking toplevel() on ptolemy.moml.MoMLSimpleApplication@1b844633
reloadAllAccessors: .CausalityInterface4

===========================================================================================
----------------- testing Sun Jan 26 06:47:00 UTC 2020 /home/travis/build/icyphy/ptII/ptolemy/domains/continuous/test/auto/CausalityInterface5.xml
----------------- Instantiating /home/travis/build/icyphy/ptII/ptolemy/domains/continuous/test/auto/CausalityInterface5.xml
6 ms. Memory: 241664K Free: 149174K (62%)
----------------- Invoking toplevel() on ptolemy.moml.MoMLSimpleApplication@d532474
----------------- Done invoking toplevel() on ptolemy.moml.MoMLSimpleApplication@d532474
reloadAllAccessors: .CausalityInterface5

===========================================================================================
----------------- testing Sun Jan 26 06:47:00 UTC 2020 /home/travis/build/icyphy/ptII/ptolemy/domains/continuous/test/auto/CausalityInterface6.xml
----------------- Instantiating /home/travis/build/icyphy/ptII/ptolemy/domains/continuous/test/auto/CausalityInterface6.xml
3 ms. Memory: 241664K Free: 144039K (60%)
----------------- Invoking toplevel() on ptolemy.moml.MoMLSimpleApplication@24f2d74f
----------------- Done invoking toplevel() on ptolemy.moml.MoMLSimpleApplication@24f2d74f
reloadAllAccessors: .CausalityInterface6

===========================================================================================
----------------- testing Sun Jan 26 06:47:00 UTC 2020 /home/travis/build/icyphy/ptII/ptolemy/domains/continuous/test/auto/CausalityInterface7.xml
----------------- Instantiating /home/travis/build/icyphy/ptII/ptolemy/domains/continuous/test/auto/CausalityInterface7.xml
9 ms. Memory: 241664K Free: 135352K (56%)
----------------- Invoking toplevel() on ptolemy.moml.MoMLSimpleApplication@c69cbf9
----------------- Done invoking toplevel() on ptolemy.moml.MoMLSimpleApplication@c69cbf9
reloadAllAccessors: .CausalityInterface7

===========================================================================================
----------------- testing Sun Jan 26 06:47:00 UTC 2020 /home/travis/build/icyphy/ptII/ptolemy/domains/continuous/test/auto/CausalityInterface8.xml
----------------- Instantiating /home/travis/build/icyphy/ptII/ptolemy/domains/continuous/test/auto/CausalityInterface8.xml
5 ms. Memory: 241664K Free: 126136K (52%)
----------------- Invoking toplevel() on ptolemy.moml.MoMLSimpleApplication@7c28d4d5
----------------- Done invoking toplevel() on ptolemy.moml.MoMLSimpleApplication@7c28d4d5
reloadAllAccessors: .CausalityInterface8

===========================================================================================
----------------- testing Sun Jan 26 06:47:00 UTC 2020 /home/travis/build/icyphy/ptII/ptolemy/domains/continuous/test/auto/CausalityInterface9.xml
----------------- Instantiating /home/travis/build/icyphy/ptII/ptolemy/domains/continuous/test/auto/CausalityInterface9.xml
4 ms. Memory: 241664K Free: 115382K (48%)
----------------- Invoking toplevel() on ptolemy.moml.MoMLSimpleApplication@77dc69f5
----------------- Done invoking toplevel() on ptolemy.moml.MoMLSimpleApplication@77dc69f5
reloadAllAccessors: .CausalityInterface9

===========================================================================================
----------------- testing Sun Jan 26 06:47:00 UTC 2020 /home/travis/build/icyphy/ptII/ptolemy/domains/continuous/test/auto/CausalityInterfaceFeedback1.xml
----------------- Instantiating /home/travis/build/icyphy/ptII/ptolemy/domains/continuous/test/auto/CausalityInterfaceFeedback1.xml
2 ms. Memory: 241664K Free: 108728K (45%)
----------------- Invoking toplevel() on ptolemy.moml.MoMLSimpleApplication@67c038fc
----------------- Done invoking toplevel() on ptolemy.moml.MoMLSimpleApplication@67c038fc
reloadAllAccessors: .CausalityInterfaceFeedback1

===========================================================================================
----------------- testing Sun Jan 26 06:47:00 UTC 2020 /home/travis/build/icyphy/ptII/ptolemy/domains/continuous/test/auto/CausalityInterfaceFeedback2.xml
----------------- Instantiating /home/travis/build/icyphy/ptII/ptolemy/domains/continuous/test/auto/CausalityInterfaceFeedback2.xml
3 ms. Memory: 241664K Free: 102055K (42%)
----------------- Invoking toplevel() on ptolemy.moml.MoMLSimpleApplication@120be65a
----------------- Done invoking toplevel() on ptolemy.moml.MoMLSimpleApplication@120be65a
reloadAllAccessors: .CausalityInterfaceFeedback2

===========================================================================================
----------------- testing Sun Jan 26 06:47:00 UTC 2020 /home/travis/build/icyphy/ptII/ptolemy/domains/continuous/test/auto/CompareWithCurrentTime.xml
----------------- Instantiating /home/travis/build/icyphy/ptII/ptolemy/domains/continuous/test/auto/CompareWithCurrentTime.xml
3 ms. Memory: 241664K Free: 97974K (41%)
----------------- Invoking toplevel() on ptolemy.moml.MoMLSimpleApplication@56808853
----------------- Done invoking toplevel() on ptolemy.moml.MoMLSimpleApplication@56808853
reloadAllAccessors: .CompareWithCurrentTime

===========================================================================================
----------------- testing Sun Jan 26 06:47:00 UTC 2020 /home/travis/build/icyphy/ptII/ptolemy/domains/continuous/test/auto/ComparedClocks.xml
----------------- Instantiating /home/travis/build/icyphy/ptII/ptolemy/domains/continuous/test/auto/ComparedClocks.xml
10 ms. Memory: 241664K Free: 226056K (94%)
----------------- Invoking toplevel() on ptolemy.moml.MoMLSimpleApplication@5d7cb65b
----------------- Done invoking toplevel() on ptolemy.moml.MoMLSimpleApplication@5d7cb65b
reloadAllAccessors: .ComparedClocks

===========================================================================================
----------------- testing Sun Jan 26 06:47:00 UTC 2020 /home/travis/build/icyphy/ptII/ptolemy/domains/continuous/test/auto/ContinuousAOCClone.xml
----------------- Instantiating /home/travis/build/icyphy/ptII/ptolemy/domains/continuous/test/auto/ContinuousAOCClone.xml
4230 ms. Memory: 241664K Free: 133733K (55%)
----------------- Invoking toplevel() on ptolemy.moml.MoMLSimpleApplication@fab350f
----------------- Done invoking toplevel() on ptolemy.moml.MoMLSimpleApplication@fab350f
reloadAllAccessors: .ContinuousAOCClone

===========================================================================================
----------------- testing Sun Jan 26 06:47:05 UTC 2020 /home/travis/build/icyphy/ptII/ptolemy/domains/continuous/test/auto/ContinuousClock.xml
----------------- Instantiating /home/travis/build/icyphy/ptII/ptolemy/domains/continuous/test/auto/ContinuousClock.xml
54 ms. Memory: 241664K Free: 111701K (46%)
----------------- Invoking toplevel() on ptolemy.moml.MoMLSimpleApplication@7a6810dd
----------------- Done invoking toplevel() on ptolemy.moml.MoMLSimpleApplication@7a6810dd
reloadAllAccessors: .ContinuousClock

===========================================================================================
----------------- testing Sun Jan 26 06:47:05 UTC 2020 /home/travis/build/icyphy/ptII/ptolemy/domains/continuous/test/auto/ContinuousInContinuous.xml
----------------- Instantiating /home/travis/build/icyphy/ptII/ptolemy/domains/continuous/test/auto/ContinuousInContinuous.xml
74 ms. Memory: 241664K Free: 88163K (36%)
----------------- Invoking toplevel() on ptolemy.moml.MoMLSimpleApplication@7204f188
----------------- Done invoking toplevel() on ptolemy.moml.MoMLSimpleApplication@7204f188
reloadAllAccessors: .ContinuousInContinuous

===========================================================================================
----------------- testing Sun Jan 26 06:47:05 UTC 2020 /home/travis/build/icyphy/ptII/ptolemy/domains/continuous/test/auto/ContinuousInContinuousInContinuous.xml
----------------- Instantiating /home/travis/build/icyphy/ptII/ptolemy/domains/continuous/test/auto/ContinuousInContinuousInContinuous.xml
7 ms. Memory: 241664K Free: 223320K (92%)
----------------- Invoking toplevel() on ptolemy.moml.MoMLSimpleApplication@9d8106a
----------------- Done invoking toplevel() on ptolemy.moml.MoMLSimpleApplication@9d8106a
reloadAllAccessors: .ContinuousInContinuousInContinuous

===========================================================================================
----------------- testing Sun Jan 26 06:47:05 UTC 2020 /home/travis/build/icyphy/ptII/ptolemy/domains/continuous/test/auto/ContinuousInDE.xml
----------------- Instantiating /home/travis/build/icyphy/ptII/ptolemy/domains/continuous/test/auto/ContinuousInDE.xml
161 ms. Memory: 241664K Free: 212568K (88%)
----------------- Invoking toplevel() on ptolemy.moml.MoMLSimpleApplication@6b156829
----------------- Done invoking toplevel() on ptolemy.moml.MoMLSimpleApplication@6b156829
reloadAllAccessors: .ContinuousInDE

===========================================================================================
----------------- testing Sun Jan 26 06:47:05 UTC 2020 /home/travis/build/icyphy/ptII/ptolemy/domains/continuous/test/auto/ContinuousInDE2.xml
----------------- Instantiating /home/travis/build/icyphy/ptII/ptolemy/domains/continuous/test/auto/ContinuousInDE2.xml
73 ms. Memory: 241664K Free: 202842K (84%)
----------------- Invoking toplevel() on ptolemy.moml.MoMLSimpleApplication@6d1ee21c
----------------- Done invoking toplevel() on ptolemy.moml.MoMLSimpleApplication@6d1ee21c
reloadAllAccessors: .ContinuousInDE2

===========================================================================================
----------------- testing Sun Jan 26 06:47:06 UTC 2020 /home/travis/build/icyphy/ptII/ptolemy/domains/continuous/test/auto/ContinuousInDE3.xml
----------------- Instantiating /home/travis/build/icyphy/ptII/ptolemy/domains/continuous/test/auto/ContinuousInDE3.xml
72 ms. Memory: 241664K Free: 193112K (80%)
----------------- Invoking toplevel() on ptolemy.moml.MoMLSimpleApplication@3662d4b
----------------- Done invoking toplevel() on ptolemy.moml.MoMLSimpleApplication@3662d4b
reloadAllAccessors: .ContinuousInDE3

===========================================================================================
----------------- testing Sun Jan 26 06:47:06 UTC 2020 /home/travis/build/icyphy/ptII/ptolemy/domains/continuous/test/auto/ContinuousInDE4.xml
----------------- Instantiating /home/travis/build/icyphy/ptII/ptolemy/domains/continuous/test/auto/ContinuousInDE4.xml
23 ms. Memory: 241664K Free: 186968K (77%)
----------------- Invoking toplevel() on ptolemy.moml.MoMLSimpleApplication@730ed6e4
----------------- Done invoking toplevel() on ptolemy.moml.MoMLSimpleApplication@730ed6e4
reloadAllAccessors: .ContinuousInDE4

===========================================================================================
----------------- testing Sun Jan 26 06:47:06 UTC 2020 /home/travis/build/icyphy/ptII/ptolemy/domains/continuous/test/auto/ContinuousInDEDifferentRefinements.xml
----------------- Instantiating /home/travis/build/icyphy/ptII/ptolemy/domains/continuous/test/auto/ContinuousInDEDifferentRefinements.xml
101 ms. Memory: 241664K Free: 155738K (64%)
----------------- Invoking toplevel() on ptolemy.moml.MoMLSimpleApplication@7e9264ad
----------------- Done invoking toplevel() on ptolemy.moml.MoMLSimpleApplication@7e9264ad
reloadAllAccessors: .ContinuousInDEDifferentRefinements

===========================================================================================
----------------- testing Sun Jan 26 06:47:06 UTC 2020 /home/travis/build/icyphy/ptII/ptolemy/domains/continuous/test/auto/ContinuousInDEDifferentRefinementsPreemptive.xml
----------------- Instantiating /home/travis/build/icyphy/ptII/ptolemy/domains/continuous/test/auto/ContinuousInDEDifferentRefinementsPreemptive.xml
98 ms. Memory: 241664K Free: 125018K (52%)
----------------- Invoking toplevel() on ptolemy.moml.MoMLSimpleApplication@561e86a6
----------------- Done invoking toplevel() on ptolemy.moml.MoMLSimpleApplication@561e86a6
reloadAllAccessors: .ContinuousInDEDifferentRefinementsPreemptive

===========================================================================================
----------------- testing Sun Jan 26 06:47:06 UTC 2020 /home/travis/build/icyphy/ptII/ptolemy/domains/continuous/test/auto/ContinuousInDEInContinuous2.xml
----------------- Instantiating /home/travis/build/icyphy/ptII/ptolemy/domains/continuous/test/auto/ContinuousInDEInContinuous2.xml
64 ms. Memory: 241664K Free: 113754K (47%)
----------------- Invoking toplevel() on ptolemy.moml.MoMLSimpleApplication@31eea5d4
----------------- Done invoking toplevel() on ptolemy.moml.MoMLSimpleApplication@31eea5d4
reloadAllAccessors: .ContinuousInDEInContinuous2

===========================================================================================
----------------- testing Sun Jan 26 06:47:06 UTC 2020 /home/travis/build/icyphy/ptII/ptolemy/domains/continuous/test/auto/ContinuousInDEInContinuous3.xml
----------------- Instantiating /home/travis/build/icyphy/ptII/ptolemy/domains/continuous/test/auto/ContinuousInDEInContinuous3.xml
73 ms. Memory: 241664K Free: 101466K (42%)
----------------- Invoking toplevel() on ptolemy.moml.MoMLSimpleApplication@2e2d0078
----------------- Done invoking toplevel() on ptolemy.moml.MoMLSimpleApplication@2e2d0078
reloadAllAccessors: .ContinuousInDEInContinuous3

===========================================================================================
----------------- testing Sun Jan 26 06:47:06 UTC 2020 /home/travis/build/icyphy/ptII/ptolemy/domains/continuous/test/auto/ContinuousInDEInput.xml
----------------- Instantiating /home/travis/build/icyphy/ptII/ptolemy/domains/continuous/test/auto/ContinuousInDEInput.xml
30 ms. Memory: 241664K Free: 94298K (39%)
----------------- Invoking toplevel() on ptolemy.moml.MoMLSimpleApplication@31ce807a
----------------- Done invoking toplevel() on ptolemy.moml.MoMLSimpleApplication@31ce807a
reloadAllAccessors: .ContinuousInDEInput

===========================================================================================
----------------- testing Sun Jan 26 06:47:06 UTC 2020 /home/travis/build/icyphy/ptII/ptolemy/domains/continuous/test/auto/ContinuousInDEInput2.xml
----------------- Instantiating /home/travis/build/icyphy/ptII/ptolemy/domains/continuous/test/auto/ContinuousInDEInput2.xml
16 ms. Memory: 241664K Free: 87130K (36%)
----------------- Invoking toplevel() on ptolemy.moml.MoMLSimpleApplication@2f8583a0
----------------- Done invoking toplevel() on ptolemy.moml.MoMLSimpleApplication@2f8583a0
reloadAllAccessors: .ContinuousInDEInput2

===========================================================================================
----------------- testing Sun Jan 26 06:47:07 UTC 2020 /home/travis/build/icyphy/ptII/ptolemy/domains/continuous/test/auto/ContinuousInDEInput3.xml
----------------- Instantiating /home/travis/build/icyphy/ptII/ptolemy/domains/continuous/test/auto/ContinuousInDEInput3.xml
22 ms. Memory: 241664K Free: 222968K (92%)
----------------- Invoking toplevel() on ptolemy.moml.MoMLSimpleApplication@1be27070
----------------- Done invoking toplevel() on ptolemy.moml.MoMLSimpleApplication@1be27070
reloadAllAccessors: .ContinuousInDEInput3

===========================================================================================
----------------- testing Sun Jan 26 06:47:07 UTC 2020 /home/travis/build/icyphy/ptII/ptolemy/domains/continuous/test/auto/ContinuousInDESharingRefinement.xml
----------------- Instantiating /home/travis/build/icyphy/ptII/ptolemy/domains/continuous/test/auto/ContinuousInDESharingRefinement.xml
336 ms. Memory: 241664K Free: 128746K (53%)
----------------- Invoking toplevel() on ptolemy.moml.MoMLSimpleApplication@60961fb8
----------------- Done invoking toplevel() on ptolemy.moml.MoMLSimpleApplication@60961fb8
reloadAllAccessors: .ContinuousInDESharingRefinement

===========================================================================================
----------------- testing Sun Jan 26 06:47:07 UTC 2020 /home/travis/build/icyphy/ptII/ptolemy/domains/continuous/test/auto/ContinuousInDEwithNoPorts.xml
----------------- Instantiating /home/travis/build/icyphy/ptII/ptolemy/domains/continuous/test/auto/ContinuousInDEwithNoPorts.xml
15 ms. Memory: 241664K Free: 124634K (52%)
----------------- Invoking toplevel() on ptolemy.moml.MoMLSimpleApplication@342fdd15
----------------- Done invoking toplevel() on ptolemy.moml.MoMLSimpleApplication@342fdd15
reloadAllAccessors: .ContinuousInDEwithNoPorts

===========================================================================================
----------------- testing Sun Jan 26 06:47:07 UTC 2020 /home/travis/build/icyphy/ptII/ptolemy/domains/continuous/test/auto/ContinuousInsideDE.xml
----------------- Instantiating /home/travis/build/icyphy/ptII/ptolemy/domains/continuous/test/auto/ContinuousInsideDE.xml
71 ms. Memory: 241664K Free: 112890K (47%)
----------------- Invoking toplevel() on ptolemy.moml.MoMLSimpleApplication@506dbe08
----------------- Done invoking toplevel() on ptolemy.moml.MoMLSimpleApplication@506dbe08
reloadAllAccessors: .ContinuousInsideDE

===========================================================================================
----------------- testing Sun Jan 26 06:47:07 UTC 2020 /home/travis/build/icyphy/ptII/ptolemy/domains/continuous/test/auto/ContinuousMerge1.xml
----------------- Instantiating /home/travis/build/icyphy/ptII/ptolemy/domains/continuous/test/auto/ContinuousMerge1.xml
7 ms. Memory: 241664K Free: 108280K (45%)
----------------- Invoking toplevel() on ptolemy.moml.MoMLSimpleApplication@52dc3930
----------------- Done invoking toplevel() on ptolemy.moml.MoMLSimpleApplication@52dc3930
reloadAllAccessors: .ContinuousMerge1

===========================================================================================
----------------- testing Sun Jan 26 06:47:07 UTC 2020 /home/travis/build/icyphy/ptII/ptolemy/domains/continuous/test/auto/ContinuousMerge2.xml
----------------- Instantiating /home/travis/build/icyphy/ptII/ptolemy/domains/continuous/test/auto/ContinuousMerge2.xml
15 ms. Memory: 241664K Free: 98040K (41%)
----------------- Invoking toplevel() on ptolemy.moml.MoMLSimpleApplication@5f7b940d
----------------- Done invoking toplevel() on ptolemy.moml.MoMLSimpleApplication@5f7b940d
reloadAllAccessors: .ContinuousMerge2

===========================================================================================
----------------- testing Sun Jan 26 06:47:07 UTC 2020 /home/travis/build/icyphy/ptII/ptolemy/domains/continuous/test/auto/ContinuousMerge3.xml
----------------- Instantiating /home/travis/build/icyphy/ptII/ptolemy/domains/continuous/test/auto/ContinuousMerge3.xml
84 ms. Memory: 241664K Free: 87290K (36%)
----------------- Invoking toplevel() on ptolemy.moml.MoMLSimpleApplication@6140e4bd
----------------- Done invoking toplevel() on ptolemy.moml.MoMLSimpleApplication@6140e4bd
reloadAllAccessors: .ContinuousMerge3

===========================================================================================
----------------- testing Sun Jan 26 06:47:07 UTC 2020 /home/travis/build/icyphy/ptII/ptolemy/domains/continuous/test/auto/ContinuousWithinContinuous.xml
----------------- Instantiating /home/travis/build/icyphy/ptII/ptolemy/domains/continuous/test/auto/ContinuousWithinContinuous.xml
70 ms. Memory: 241664K Free: 221507K (92%)
----------------- Invoking toplevel() on ptolemy.moml.MoMLSimpleApplication@619f63d3
----------------- Done invoking toplevel() on ptolemy.moml.MoMLSimpleApplication@619f63d3
reloadAllAccessors: .ContinuousWithinContinuous

===========================================================================================
----------------- testing Sun Jan 26 06:47:08 UTC 2020 /home/travis/build/icyphy/ptII/ptolemy/domains/continuous/test/auto/ContinuousWithinContinuous2.xml
----------------- Instantiating /home/travis/build/icyphy/ptII/ptolemy/domains/continuous/test/auto/ContinuousWithinContinuous2.xml
128 ms. Memory: 241664K Free: 210243K (87%)
----------------- Invoking toplevel() on ptolemy.moml.MoMLSimpleApplication@4fa32122
----------------- Done invoking toplevel() on ptolemy.moml.MoMLSimpleApplication@4fa32122
reloadAllAccessors: .ContinuousWithinContinuous2

===========================================================================================
----------------- testing Sun Jan 26 06:47:08 UTC 2020 /home/travis/build/icyphy/ptII/ptolemy/domains/continuous/test/auto/ContinuousWithinContinuous3.xml
----------------- Instantiating /home/travis/build/icyphy/ptII/ptolemy/domains/continuous/test/auto/ContinuousWithinContinuous3.xml
22 ms. Memory: 241664K Free: 203585K (84%)
----------------- Invoking toplevel() on ptolemy.moml.MoMLSimpleApplication@18c40bb1
----------------- Done invoking toplevel() on ptolemy.moml.MoMLSimpleApplication@18c40bb1
reloadAllAccessors: .ContinuousWithinContinuous3

===========================================================================================
----------------- testing Sun Jan 26 06:47:08 UTC 2020 /home/travis/build/icyphy/ptII/ptolemy/domains/continuous/test/auto/ContinuousWithinContinuous4.xml
----------------- Instantiating /home/travis/build/icyphy/ptII/ptolemy/domains/continuous/test/auto/ContinuousWithinContinuous4.xml
156 ms. Memory: 241664K Free: 191297K (79%)
----------------- Invoking toplevel() on ptolemy.moml.MoMLSimpleApplication@3f1c1f92
----------------- Done invoking toplevel() on ptolemy.moml.MoMLSimpleApplication@3f1c1f92
reloadAllAccessors: .ContinuousWithinContinuous4

===========================================================================================
----------------- testing Sun Jan 26 06:47:08 UTC 2020 /home/travis/build/icyphy/ptII/ptolemy/domains/continuous/test/auto/ContinuousWithinContinuous5.xml
----------------- Instantiating /home/travis/build/icyphy/ptII/ptolemy/domains/continuous/test/auto/ContinuousWithinContinuous5.xml
26 ms. Memory: 241664K Free: 184129K (76%)
----------------- Invoking toplevel() on ptolemy.moml.MoMLSimpleApplication@1417ca40
----------------- Done invoking toplevel() on ptolemy.moml.MoMLSimpleApplication@1417ca40
reloadAllAccessors: .ContinuousWithinContinuous5

===========================================================================================
----------------- testing Sun Jan 26 06:47:08 UTC 2020 /home/travis/build/icyphy/ptII/ptolemy/domains/continuous/test/auto/ContinuousWithinContinuous6.xml
----------------- Instantiating /home/travis/build/icyphy/ptII/ptolemy/domains/continuous/test/auto/ContinuousWithinContinuous6.xml
21 ms. Memory: 241664K Free: 176961K (73%)
----------------- Invoking toplevel() on ptolemy.moml.MoMLSimpleApplication@32bcd185
----------------- Done invoking toplevel() on ptolemy.moml.MoMLSimpleApplication@32bcd185
reloadAllAccessors: .ContinuousWithinContinuous6

===========================================================================================
----------------- testing Sun Jan 26 06:47:08 UTC 2020 /home/travis/build/icyphy/ptII/ptolemy/domains/continuous/test/auto/ContinuousWithinContinuous7.xml
----------------- Instantiating /home/travis/build/icyphy/ptII/ptolemy/domains/continuous/test/auto/ContinuousWithinContinuous7.xml
123 ms. Memory: 241664K Free: 166211K (69%)
----------------- Invoking toplevel() on ptolemy.moml.MoMLSimpleApplication@6fcade24
----------------- Done invoking toplevel() on ptolemy.moml.MoMLSimpleApplication@6fcade24
reloadAllAccessors: .ContinuousWithinContinuous7

===========================================================================================
----------------- testing Sun Jan 26 06:47:08 UTC 2020 /home/travis/build/icyphy/ptII/ptolemy/domains/continuous/test/auto/DCMotor.xml
----------------- Instantiating /home/travis/build/icyphy/ptII/ptolemy/domains/continuous/test/auto/DCMotor.xml
26276 ms. Memory: 241664K Free: 221940K (92%)
----------------- Invoking toplevel() on ptolemy.moml.MoMLSimpleApplication@77e3ce9b
----------------- Done invoking toplevel() on ptolemy.moml.MoMLSimpleApplication@77e3ce9b
reloadAllAccessors: .DCMotor

===========================================================================================
----------------- testing Sun Jan 26 06:47:35 UTC 2020 /home/travis/build/icyphy/ptII/ptolemy/domains/continuous/test/auto/DEInContinuous.xml
----------------- Instantiating /home/travis/build/icyphy/ptII/ptolemy/domains/continuous/test/auto/DEInContinuous.xml
34 ms. Memory: 241664K Free: 215796K (89%)
----------------- Invoking toplevel() on ptolemy.moml.MoMLSimpleApplication@5f5aa893
----------------- Done invoking toplevel() on ptolemy.moml.MoMLSimpleApplication@5f5aa893
reloadAllAccessors: .DEInContinuous

===========================================================================================
----------------- testing Sun Jan 26 06:47:35 UTC 2020 /home/travis/build/icyphy/ptII/ptolemy/domains/continuous/test/auto/DEinContinuous2.xml
----------------- Instantiating /home/travis/build/icyphy/ptII/ptolemy/domains/continuous/test/auto/DEinContinuous2.xml
15 ms. Memory: 241664K Free: 207604K (86%)
----------------- Invoking toplevel() on ptolemy.moml.MoMLSimpleApplication@71b5a446
----------------- Done invoking toplevel() on ptolemy.moml.MoMLSimpleApplication@71b5a446
reloadAllAccessors: .DEinContinuous2

===========================================================================================
----------------- testing Sun Jan 26 06:47:35 UTC 2020 /home/travis/build/icyphy/ptII/ptolemy/domains/continuous/test/auto/Derivative.xml
----------------- Instantiating /home/travis/build/icyphy/ptII/ptolemy/domains/continuous/test/auto/Derivative.xml
368 ms. Memory: 241664K Free: 178418K (74%)
----------------- Invoking toplevel() on ptolemy.moml.MoMLSimpleApplication@4a67a3fe
----------------- Done invoking toplevel() on ptolemy.moml.MoMLSimpleApplication@4a67a3fe
reloadAllAccessors: .Derivative2

===========================================================================================
----------------- testing Sun Jan 26 06:47:35 UTC 2020 /home/travis/build/icyphy/ptII/ptolemy/domains/continuous/test/auto/Derivative1.xml
----------------- Instantiating /home/travis/build/icyphy/ptII/ptolemy/domains/continuous/test/auto/Derivative1.xml
49 ms. Memory: 241664K Free: 164082K (68%)
----------------- Invoking toplevel() on ptolemy.moml.MoMLSimpleApplication@543e6afe
----------------- Done invoking toplevel() on ptolemy.moml.MoMLSimpleApplication@543e6afe
reloadAllAccessors: .Derivative1

===========================================================================================
----------------- testing Sun Jan 26 06:47:35 UTC 2020 /home/travis/build/icyphy/ptII/ptolemy/domains/continuous/test/auto/DiscreteClock.xml
----------------- Instantiating /home/travis/build/icyphy/ptII/ptolemy/domains/continuous/test/auto/DiscreteClock.xml
4 ms. Memory: 241664K Free: 158962K (66%)
----------------- Invoking toplevel() on ptolemy.moml.MoMLSimpleApplication@50935a9b
----------------- Done invoking toplevel() on ptolemy.moml.MoMLSimpleApplication@50935a9b
reloadAllAccessors: .DiscreteClock

===========================================================================================
----------------- testing Sun Jan 26 06:47:36 UTC 2020 /home/travis/build/icyphy/ptII/ptolemy/domains/continuous/test/auto/EfficiencyCurve.xml
----------------- Instantiating /home/travis/build/icyphy/ptII/ptolemy/domains/continuous/test/auto/EfficiencyCurve.xml
128 ms. Memory: 241664K Free: 149746K (62%)
----------------- Invoking toplevel() on ptolemy.moml.MoMLSimpleApplication@765ecd03
----------------- Done invoking toplevel() on ptolemy.moml.MoMLSimpleApplication@765ecd03
reloadAllAccessors: .EfficiencyCurve

===========================================================================================
----------------- testing Sun Jan 26 06:47:36 UTC 2020 /home/travis/build/icyphy/ptII/ptolemy/domains/continuous/test/auto/ExponentialResponse.xml
----------------- Instantiating /home/travis/build/icyphy/ptII/ptolemy/domains/continuous/test/auto/ExponentialResponse.xml
251 ms. Memory: 241664K Free: 133876K (55%)
----------------- Invoking toplevel() on ptolemy.moml.MoMLSimpleApplication@727c20ef
----------------- Done invoking toplevel() on ptolemy.moml.MoMLSimpleApplication@727c20ef
reloadAllAccessors: .ExponentialResponse

===========================================================================================
----------------- testing Sun Jan 26 06:47:36 UTC 2020 /home/travis/build/icyphy/ptII/ptolemy/domains/continuous/test/auto/ExponentialResponseRK45.xml
----------------- Instantiating /home/travis/build/icyphy/ptII/ptolemy/domains/continuous/test/auto/ExponentialResponseRK45.xml
53 ms. Memory: 241664K Free: 127218K (53%)
----------------- Invoking toplevel() on ptolemy.moml.MoMLSimpleApplication@4e9f5a74
----------------- Done invoking toplevel() on ptolemy.moml.MoMLSimpleApplication@4e9f5a74
reloadAllAccessors: .ExponentialResponseRK45

===========================================================================================
----------------- testing Sun Jan 26 06:47:36 UTC 2020 /home/travis/build/icyphy/ptII/ptolemy/domains/continuous/test/auto/Friction.xml
----------------- Instantiating /home/travis/build/icyphy/ptII/ptolemy/domains/continuous/test/auto/Friction.xml
3513 ms. Memory: 241664K Free: 130731K (54%)
----------------- Invoking toplevel() on ptolemy.moml.MoMLSimpleApplication@5725cb44
----------------- Done invoking toplevel() on ptolemy.moml.MoMLSimpleApplication@5725cb44
reloadAllAccessors: .Friction

===========================================================================================
----------------- testing Sun Jan 26 06:47:40 UTC 2020 /home/travis/build/icyphy/ptII/ptolemy/domains/continuous/test/auto/FurutaPendulum.xml
----------------- Instantiating /home/travis/build/icyphy/ptII/ptolemy/domains/continuous/test/auto/FurutaPendulum.xml
6188 ms. Memory: 241664K Free: 205426K (85%)
----------------- Invoking toplevel() on ptolemy.moml.MoMLSimpleApplication@1a51c048
----------------- Done invoking toplevel() on ptolemy.moml.MoMLSimpleApplication@1a51c048
reloadAllAccessors: .FurutaPendulum

===========================================================================================
----------------- testing Sun Jan 26 06:47:46 UTC 2020 /home/travis/build/icyphy/ptII/ptolemy/domains/continuous/test/auto/HierarchicalExecution.xml
----------------- Instantiating /home/travis/build/icyphy/ptII/ptolemy/domains/continuous/test/auto/HierarchicalExecution.xml
3374 ms. Memory: 241664K Free: 205048K (85%)
----------------- Invoking toplevel() on ptolemy.moml.MoMLSimpleApplication@5ced2332
----------------- Done invoking toplevel() on ptolemy.moml.MoMLSimpleApplication@5ced2332
reloadAllAccessors: .HierarchicalExecution

===========================================================================================
----------------- testing Sun Jan 26 06:47:50 UTC 2020 /home/travis/build/icyphy/ptII/ptolemy/domains/continuous/test/auto/HybridPlant.xml
----------------- Instantiating /home/travis/build/icyphy/ptII/ptolemy/domains/continuous/test/auto/HybridPlant.xml
1037 ms. Memory: 241664K Free: 84214K (35%)
----------------- Invoking toplevel() on ptolemy.moml.MoMLSimpleApplication@236b5089
----------------- Done invoking toplevel() on ptolemy.moml.MoMLSimpleApplication@236b5089
reloadAllAccessors: .HybridPlant

===========================================================================================
----------------- testing Sun Jan 26 06:47:51 UTC 2020 /home/travis/build/icyphy/ptII/ptolemy/domains/continuous/test/auto/Hysteresis.xml
----------------- Instantiating /home/travis/build/icyphy/ptII/ptolemy/domains/continuous/test/auto/Hysteresis.xml
215 ms. Memory: 241664K Free: 165293K (68%)
----------------- Invoking toplevel() on ptolemy.moml.MoMLSimpleApplication@428fb966
----------------- Done invoking toplevel() on ptolemy.moml.MoMLSimpleApplication@428fb966
reloadAllAccessors: .Hysteresis

===========================================================================================
----------------- testing Sun Jan 26 06:47:52 UTC 2020 /home/travis/build/icyphy/ptII/ptolemy/domains/continuous/test/auto/HysteresisWithRandomDelay.xml
----------------- Instantiating /home/travis/build/icyphy/ptII/ptolemy/domains/continuous/test/auto/HysteresisWithRandomDelay.xml
363 ms. Memory: 241664K Free: 94127K (39%)
----------------- Invoking toplevel() on ptolemy.moml.MoMLSimpleApplication@273bb962
----------------- Done invoking toplevel() on ptolemy.moml.MoMLSimpleApplication@273bb962
reloadAllAccessors: .HysteresisWithRandomDelay

===========================================================================================
----------------- testing Sun Jan 26 06:47:52 UTC 2020 /home/travis/build/icyphy/ptII/ptolemy/domains/continuous/test/auto/HysteresisWithRandomLosses.xml
----------------- Instantiating /home/travis/build/icyphy/ptII/ptolemy/domains/continuous/test/auto/HysteresisWithRandomLosses.xml
4923 ms. Memory: 241664K Free: 212085K (88%)
----------------- Invoking toplevel() on ptolemy.moml.MoMLSimpleApplication@3cee7bc2
----------------- Done invoking toplevel() on ptolemy.moml.MoMLSimpleApplication@3cee7bc2
reloadAllAccessors: .HysteresisWithRandomLosses

===========================================================================================
----------------- testing Sun Jan 26 06:47:57 UTC 2020 /home/travis/build/icyphy/ptII/ptolemy/domains/continuous/test/auto/ImmediateTransitions.xml
----------------- Instantiating /home/travis/build/icyphy/ptII/ptolemy/domains/continuous/test/auto/ImmediateTransitions.xml
17 ms. Memory: 241664K Free: 201350K (83%)
----------------- Invoking toplevel() on ptolemy.moml.MoMLSimpleApplication@13e83de7
----------------- Done invoking toplevel() on ptolemy.moml.MoMLSimpleApplication@13e83de7
reloadAllAccessors: .ImmediateTransitions

===========================================================================================
----------------- testing Sun Jan 26 06:47:57 UTC 2020 /home/travis/build/icyphy/ptII/ptolemy/domains/continuous/test/auto/ImpulseFeedback.xml
----------------- Instantiating /home/travis/build/icyphy/ptII/ptolemy/domains/continuous/test/auto/ImpulseFeedback.xml
9 ms. Memory: 241664K Free: 195716K (81%)
----------------- Invoking toplevel() on ptolemy.moml.MoMLSimpleApplication@26470148
----------------- Done invoking toplevel() on ptolemy.moml.MoMLSimpleApplication@26470148
reloadAllAccessors: .ImpulseFeedback

===========================================================================================
----------------- testing Sun Jan 26 06:47:57 UTC 2020 /home/travis/build/icyphy/ptII/ptolemy/domains/continuous/test/auto/ImpulseFeedback2.xml
----------------- Instantiating /home/travis/build/icyphy/ptII/ptolemy/domains/continuous/test/auto/ImpulseFeedback2.xml
15 ms. Memory: 241664K Free: 190086K (79%)
----------------- Invoking toplevel() on ptolemy.moml.MoMLSimpleApplication@313f4f3d
----------------- Done invoking toplevel() on ptolemy.moml.MoMLSimpleApplication@313f4f3d
reloadAllAccessors: .ImpulseFeedback2

===========================================================================================
----------------- testing Sun Jan 26 06:47:57 UTC 2020 /home/travis/build/icyphy/ptII/ptolemy/domains/continuous/test/auto/IncreasingRatePoisson.xml
----------------- Instantiating /home/travis/build/icyphy/ptII/ptolemy/domains/continuous/test/auto/IncreasingRatePoisson.xml
1535 ms. Memory: 241664K Free: 150596K (62%)
----------------- Invoking toplevel() on ptolemy.moml.MoMLSimpleApplication@77c4c72e
----------------- Done invoking toplevel() on ptolemy.moml.MoMLSimpleApplication@77c4c72e
reloadAllAccessors: .IncreasingRatePoisson

===========================================================================================
----------------- testing Sun Jan 26 06:47:59 UTC 2020 /home/travis/build/icyphy/ptII/ptolemy/domains/continuous/test/auto/InitialStateFeedback.xml
----------------- Instantiating /home/travis/build/icyphy/ptII/ptolemy/domains/continuous/test/auto/InitialStateFeedback.xml
3 ms. Memory: 241664K Free: 145986K (60%)
----------------- Invoking toplevel() on ptolemy.moml.MoMLSimpleApplication@68c5111
----------------- Done invoking toplevel() on ptolemy.moml.MoMLSimpleApplication@68c5111
reloadAllAccessors: .InitialStateFeedback

===========================================================================================
----------------- testing Sun Jan 26 06:47:59 UTC 2020 /home/travis/build/icyphy/ptII/ptolemy/domains/continuous/test/auto/Integration.xml
----------------- Instantiating /home/travis/build/icyphy/ptII/ptolemy/domains/continuous/test/auto/Integration.xml
5 ms. Memory: 241664K Free: 141890K (59%)
----------------- Invoking toplevel() on ptolemy.moml.MoMLSimpleApplication@fdc4afb
----------------- Done invoking toplevel() on ptolemy.moml.MoMLSimpleApplication@fdc4afb
reloadAllAccessors: .Integration

===========================================================================================
----------------- testing Sun Jan 26 06:47:59 UTC 2020 /home/travis/build/icyphy/ptII/ptolemy/domains/continuous/test/auto/Integration2.xml
----------------- Instantiating /home/travis/build/icyphy/ptII/ptolemy/domains/continuous/test/auto/Integration2.xml
146 ms. Memory: 241664K Free: 127554K (53%)
----------------- Invoking toplevel() on ptolemy.moml.MoMLSimpleApplication@36395cf
----------------- Done invoking toplevel() on ptolemy.moml.MoMLSimpleApplication@36395cf
reloadAllAccessors: .Integration2

===========================================================================================
----------------- testing Sun Jan 26 06:47:59 UTC 2020 /home/travis/build/icyphy/ptII/ptolemy/domains/continuous/test/auto/Integration3.xml
----------------- Instantiating /home/travis/build/icyphy/ptII/ptolemy/domains/continuous/test/auto/Integration3.xml
3 ms. Memory: 241664K Free: 122948K (51%)
----------------- Invoking toplevel() on ptolemy.moml.MoMLSimpleApplication@224f2fe5
----------------- Done invoking toplevel() on ptolemy.moml.MoMLSimpleApplication@224f2fe5
reloadAllAccessors: .Integration3

===========================================================================================
----------------- testing Sun Jan 26 06:47:59 UTC 2020 /home/travis/build/icyphy/ptII/ptolemy/domains/continuous/test/auto/Integration5.xml
----------------- Instantiating /home/travis/build/icyphy/ptII/ptolemy/domains/continuous/test/auto/Integration5.xml
3 ms. Memory: 241664K Free: 118852K (49%)
----------------- Invoking toplevel() on ptolemy.moml.MoMLSimpleApplication@4fb905e
----------------- Done invoking toplevel() on ptolemy.moml.MoMLSimpleApplication@4fb905e
reloadAllAccessors: .Integration5

===========================================================================================
----------------- testing Sun Jan 26 06:47:59 UTC 2020 /home/travis/build/icyphy/ptII/ptolemy/domains/continuous/test/auto/IntegratorImpulse.xml
----------------- Instantiating /home/travis/build/icyphy/ptII/ptolemy/domains/continuous/test/auto/IntegratorImpulse.xml
3 ms. Memory: 241664K Free: 114756K (47%)
----------------- Invoking toplevel() on ptolemy.moml.MoMLSimpleApplication@9b33be
----------------- Done invoking toplevel() on ptolemy.moml.MoMLSimpleApplication@9b33be
reloadAllAccessors: .IntegratorImpulse

===========================================================================================
----------------- testing Sun Jan 26 06:47:59 UTC 2020 /home/travis/build/icyphy/ptII/ptolemy/domains/continuous/test/auto/IntegratorImpulse2.xml
----------------- Instantiating /home/travis/build/icyphy/ptII/ptolemy/domains/continuous/test/auto/IntegratorImpulse2.xml
3 ms. Memory: 241664K Free: 110132K (46%)
----------------- Invoking toplevel() on ptolemy.moml.MoMLSimpleApplication@d6decd1
----------------- Done invoking toplevel() on ptolemy.moml.MoMLSimpleApplication@d6decd1
reloadAllAccessors: .IntegratorImpulse2

===========================================================================================
----------------- testing Sun Jan 26 06:47:59 UTC 2020 /home/travis/build/icyphy/ptII/ptolemy/domains/continuous/test/auto/LevelCrossing1.xml
----------------- Instantiating /home/travis/build/icyphy/ptII/ptolemy/domains/continuous/test/auto/LevelCrossing1.xml
9 ms. Memory: 241664K Free: 105012K (43%)
----------------- Invoking toplevel() on ptolemy.moml.MoMLSimpleApplication@7dcab84
----------------- Done invoking toplevel() on ptolemy.moml.MoMLSimpleApplication@7dcab84
reloadAllAccessors: .LevelCrossing1

===========================================================================================
----------------- testing Sun Jan 26 06:47:59 UTC 2020 /home/travis/build/icyphy/ptII/ptolemy/domains/continuous/test/auto/LevelCrossing2.xml
----------------- Instantiating /home/travis/build/icyphy/ptII/ptolemy/domains/continuous/test/auto/LevelCrossing2.xml
3 ms. Memory: 241664K Free: 99906K (41%)
----------------- Invoking toplevel() on ptolemy.moml.MoMLSimpleApplication@73bfd0b5
----------------- Done invoking toplevel() on ptolemy.moml.MoMLSimpleApplication@73bfd0b5
reloadAllAccessors: .LevelCrossing2

===========================================================================================
----------------- testing Sun Jan 26 06:47:59 UTC 2020 /home/travis/build/icyphy/ptII/ptolemy/domains/continuous/test/auto/LevelCrossing3.xml
----------------- Instantiating /home/travis/build/icyphy/ptII/ptolemy/domains/continuous/test/auto/LevelCrossing3.xml
10 ms. Memory: 241664K Free: 94780K (39%)
----------------- Invoking toplevel() on ptolemy.moml.MoMLSimpleApplication@561ad8eb
----------------- Done invoking toplevel() on ptolemy.moml.MoMLSimpleApplication@561ad8eb
reloadAllAccessors: .LevelCrossing3

===========================================================================================
----------------- testing Sun Jan 26 06:47:59 UTC 2020 /home/travis/build/icyphy/ptII/ptolemy/domains/continuous/test/auto/LevelCrossing4.xml
----------------- Instantiating /home/travis/build/icyphy/ptII/ptolemy/domains/continuous/test/auto/LevelCrossing4.xml
8 ms. Memory: 241664K Free: 89666K (37%)
----------------- Invoking toplevel() on ptolemy.moml.MoMLSimpleApplication@16bfb49b
----------------- Done invoking toplevel() on ptolemy.moml.MoMLSimpleApplication@16bfb49b
reloadAllAccessors: .LevelCrossing4

===========================================================================================
----------------- testing Sun Jan 26 06:47:59 UTC 2020 /home/travis/build/icyphy/ptII/ptolemy/domains/continuous/test/auto/LevelCrossing5.xml
----------------- Instantiating /home/travis/build/icyphy/ptII/ptolemy/domains/continuous/test/auto/LevelCrossing5.xml
7 ms. Memory: 241664K Free: 84540K (35%)
----------------- Invoking toplevel() on ptolemy.moml.MoMLSimpleApplication@4acc383c
----------------- Done invoking toplevel() on ptolemy.moml.MoMLSimpleApplication@4acc383c
reloadAllAccessors: .LevelCrossing5

===========================================================================================
[...]
----------------- Instantiating /home/travis/build/icyphy/ptII/ptolemy/domains/continuous/test/auto/SRinContinuous.xml
3 ms. Memory: 290816K Free: 252132K (87%)
----------------- Invoking toplevel() on ptolemy.moml.MoMLSimpleApplication@1c2e7950
----------------- Done invoking toplevel() on ptolemy.moml.MoMLSimpleApplication@1c2e7950
reloadAllAccessors: .SRinContinuous

===========================================================================================
----------------- testing Sun Jan 26 06:48:17 UTC 2020 /home/travis/build/icyphy/ptII/ptolemy/domains/continuous/test/auto/SampledClocks.xml
----------------- Instantiating /home/travis/build/icyphy/ptII/ptolemy/domains/continuous/test/auto/SampledClocks.xml
10 ms. Memory: 290816K Free: 239334K (82%)
----------------- Invoking toplevel() on ptolemy.moml.MoMLSimpleApplication@252298b4
----------------- Done invoking toplevel() on ptolemy.moml.MoMLSimpleApplication@252298b4
reloadAllAccessors: .SampledClocks

===========================================================================================
----------------- testing Sun Jan 26 06:48:17 UTC 2020 /home/travis/build/icyphy/ptII/ptolemy/domains/continuous/test/auto/Satellite.xml
----------------- Instantiating /home/travis/build/icyphy/ptII/ptolemy/domains/continuous/test/auto/Satellite.xml
628 ms. Memory: 290816K Free: 212914K (73%)
----------------- Invoking toplevel() on ptolemy.moml.MoMLSimpleApplication@42e3889d
----------------- Done invoking toplevel() on ptolemy.moml.MoMLSimpleApplication@42e3889d
reloadAllAccessors: .Satellite

===========================================================================================
----------------- testing Sun Jan 26 06:48:18 UTC 2020 /home/travis/build/icyphy/ptII/ptolemy/domains/continuous/test/auto/SigmaDelta.xml
----------------- Instantiating /home/travis/build/icyphy/ptII/ptolemy/domains/continuous/test/auto/SigmaDelta.xml
1795 ms. Memory: 290816K Free: 124233K (43%)
----------------- Invoking toplevel() on ptolemy.moml.MoMLSimpleApplication@18511
----------------- Done invoking toplevel() on ptolemy.moml.MoMLSimpleApplication@18511
reloadAllAccessors: .SigmaDelta

===========================================================================================
----------------- testing Sun Jan 26 06:48:20 UTC 2020 /home/travis/build/icyphy/ptII/ptolemy/domains/continuous/test/auto/SingleRefinement.xml
----------------- Instantiating /home/travis/build/icyphy/ptII/ptolemy/domains/continuous/test/auto/SingleRefinement.xml
454 ms. Memory: 290816K Free: 112238K (39%)
----------------- Invoking toplevel() on ptolemy.moml.MoMLSimpleApplication@6642497d
----------------- Done invoking toplevel() on ptolemy.moml.MoMLSimpleApplication@6642497d
reloadAllAccessors: .SingleRefinement

===========================================================================================
----------------- testing Sun Jan 26 06:48:21 UTC 2020 /home/travis/build/icyphy/ptII/ptolemy/domains/continuous/test/auto/SinuBouncingBall.xml
----------------- Instantiating /home/travis/build/icyphy/ptII/ptolemy/domains/continuous/test/auto/SinuBouncingBall.xml
906 ms. Memory: 290816K Free: 241109K (83%)
----------------- Invoking toplevel() on ptolemy.moml.MoMLSimpleApplication@1bb798c9
----------------- Done invoking toplevel() on ptolemy.moml.MoMLSimpleApplication@1bb798c9
reloadAllAccessors: .SinuBouncingBall

===========================================================================================
----------------- testing Sun Jan 26 06:48:22 UTC 2020 /home/travis/build/icyphy/ptII/ptolemy/domains/continuous/test/auto/Sinusoid.xml
----------------- Instantiating /home/travis/build/icyphy/ptII/ptolemy/domains/continuous/test/auto/Sinusoid.xml
4 ms. Memory: 290816K Free: 236485K (81%)
----------------- Invoking toplevel() on ptolemy.moml.MoMLSimpleApplication@5fdec165
----------------- Done invoking toplevel() on ptolemy.moml.MoMLSimpleApplication@5fdec165
reloadAllAccessors: .Sinusoid

===========================================================================================
----------------- testing Sun Jan 26 06:48:22 UTC 2020 /home/travis/build/icyphy/ptII/ptolemy/domains/continuous/test/auto/SinusoidInNoise.xml
----------------- Instantiating /home/travis/build/icyphy/ptII/ptolemy/domains/continuous/test/auto/SinusoidInNoise.xml
739 ms. Memory: 290816K Free: 103379K (36%)
----------------- Invoking toplevel() on ptolemy.moml.MoMLSimpleApplication@464d7935
----------------- Done invoking toplevel() on ptolemy.moml.MoMLSimpleApplication@464d7935
reloadAllAccessors: .SinusoidInNoise

===========================================================================================
----------------- testing Sun Jan 26 06:48:22 UTC 2020 /home/travis/build/icyphy/ptII/ptolemy/domains/continuous/test/auto/SinusoidRK45.xml
----------------- Instantiating /home/travis/build/icyphy/ptII/ptolemy/domains/continuous/test/auto/SinusoidRK45.xml
2 ms. Memory: 290816K Free: 272705K (94%)
----------------- Invoking toplevel() on ptolemy.moml.MoMLSimpleApplication@4fce4266
----------------- Done invoking toplevel() on ptolemy.moml.MoMLSimpleApplication@4fce4266
reloadAllAccessors: .SinusoidRK45

===========================================================================================
----------------- testing Sun Jan 26 06:48:22 UTC 2020 /home/travis/build/icyphy/ptII/ptolemy/domains/continuous/test/auto/SinusoidWithMultipleImpulses.xml
----------------- Instantiating /home/travis/build/icyphy/ptII/ptolemy/domains/continuous/test/auto/SinusoidWithMultipleImpulses.xml
3 ms. Memory: 290816K Free: 268095K (92%)
----------------- Invoking toplevel() on ptolemy.moml.MoMLSimpleApplication@6971d2d9
----------------- Done invoking toplevel() on ptolemy.moml.MoMLSimpleApplication@6971d2d9
reloadAllAccessors: .SinusoidWithMultipleImpulses

===========================================================================================
----------------- testing Sun Jan 26 06:48:22 UTC 2020 /home/travis/build/icyphy/ptII/ptolemy/domains/continuous/test/auto/SquareWave.xml
----------------- Instantiating /home/travis/build/icyphy/ptII/ptolemy/domains/continuous/test/auto/SquareWave.xml
137 ms. Memory: 290816K Free: 240961K (83%)
----------------- Invoking toplevel() on ptolemy.moml.MoMLSimpleApplication@2eb60bc9
----------------- Done invoking toplevel() on ptolemy.moml.MoMLSimpleApplication@2eb60bc9
reloadAllAccessors: .SquareWave

===========================================================================================
----------------- testing Sun Jan 26 06:48:23 UTC 2020 /home/travis/build/icyphy/ptII/ptolemy/domains/continuous/test/auto/Starmac.xml
----------------- Instantiating /home/travis/build/icyphy/ptII/ptolemy/domains/continuous/test/auto/Starmac.xml
3080 ms. Memory: 290816K Free: 266290K (92%)
----------------- Invoking toplevel() on ptolemy.moml.MoMLSimpleApplication@54e96236
----------------- Done invoking toplevel() on ptolemy.moml.MoMLSimpleApplication@54e96236
reloadAllAccessors: .Starmac

===========================================================================================
----------------- testing Sun Jan 26 06:48:26 UTC 2020 /home/travis/build/icyphy/ptII/ptolemy/domains/continuous/test/auto/StaticUnits.xml
----------------- Instantiating /home/travis/build/icyphy/ptII/ptolemy/domains/continuous/test/auto/StaticUnits.xml
1708 ms. Memory: 290816K Free: 142299K (49%)
----------------- Invoking toplevel() on ptolemy.moml.MoMLSimpleApplication@377b3347
----------------- Done invoking toplevel() on ptolemy.moml.MoMLSimpleApplication@377b3347
reloadAllAccessors: .StaticUnits

===========================================================================================
----------------- testing Sun Jan 26 06:48:28 UTC 2020 /home/travis/build/icyphy/ptII/ptolemy/domains/continuous/test/auto/StickyMasses.xml
----------------- Instantiating /home/travis/build/icyphy/ptII/ptolemy/domains/continuous/test/auto/StickyMasses.xml
135 ms. Memory: 290816K Free: 261127K (90%)
----------------- Invoking toplevel() on ptolemy.moml.MoMLSimpleApplication@12f38f74
----------------- Done invoking toplevel() on ptolemy.moml.MoMLSimpleApplication@12f38f74
reloadAllAccessors: .StickyMasses

===========================================================================================
----------------- testing Sun Jan 26 06:48:29 UTC 2020 /home/travis/build/icyphy/ptII/ptolemy/domains/continuous/test/auto/StopTime.xml
----------------- Instantiating /home/travis/build/icyphy/ptII/ptolemy/domains/continuous/test/auto/StopTime.xml
46 ms. Memory: 290816K Free: 236506K (81%)
----------------- Invoking toplevel() on ptolemy.moml.MoMLSimpleApplication@4f4b1ff
----------------- Done invoking toplevel() on ptolemy.moml.MoMLSimpleApplication@4f4b1ff
reloadAllAccessors: .StopTime

===========================================================================================
----------------- testing Sun Jan 26 06:48:29 UTC 2020 /home/travis/build/icyphy/ptII/ptolemy/domains/continuous/test/auto/StopTime2.xml
----------------- Instantiating /home/travis/build/icyphy/ptII/ptolemy/domains/continuous/test/auto/StopTime2.xml
36 ms. Memory: 290816K Free: 214474K (74%)
----------------- Invoking toplevel() on ptolemy.moml.MoMLSimpleApplication@686595e3
----------------- Done invoking toplevel() on ptolemy.moml.MoMLSimpleApplication@686595e3
reloadAllAccessors: .StopTime2

===========================================================================================
----------------- testing Sun Jan 26 06:48:29 UTC 2020 /home/travis/build/icyphy/ptII/ptolemy/domains/continuous/test/auto/Switch.xml
----------------- Instantiating /home/travis/build/icyphy/ptII/ptolemy/domains/continuous/test/auto/Switch.xml
41 ms. Memory: 290816K Free: 189402K (65%)
----------------- Invoking toplevel() on ptolemy.moml.MoMLSimpleApplication@68aa7d90
----------------- Done invoking toplevel() on ptolemy.moml.MoMLSimpleApplication@68aa7d90
reloadAllAccessors: .Switch

===========================================================================================
----------------- testing Sun Jan 26 06:48:29 UTC 2020 /home/travis/build/icyphy/ptII/ptolemy/domains/continuous/test/auto/Thermostat.xml
----------------- Instantiating /home/travis/build/icyphy/ptII/ptolemy/domains/continuous/test/auto/Thermostat.xml
192 ms. Memory: 290816K Free: 117178K (40%)
----------------- Invoking toplevel() on ptolemy.moml.MoMLSimpleApplication@74cd9221
----------------- Done invoking toplevel() on ptolemy.moml.MoMLSimpleApplication@74cd9221
reloadAllAccessors: .Thermostat

===========================================================================================
----------------- testing Sun Jan 26 06:48:29 UTC 2020 /home/travis/build/icyphy/ptII/ptolemy/domains/continuous/test/auto/TimeDelay.xml
----------------- Instantiating /home/travis/build/icyphy/ptII/ptolemy/domains/continuous/test/auto/TimeDelay.xml
5 ms. Memory: 290816K Free: 112602K (39%)
----------------- Invoking toplevel() on ptolemy.moml.MoMLSimpleApplication@691486c
----------------- Done invoking toplevel() on ptolemy.moml.MoMLSimpleApplication@691486c
reloadAllAccessors: .TimeDelay

===========================================================================================
----------------- testing Sun Jan 26 06:48:29 UTC 2020 /home/travis/build/icyphy/ptII/ptolemy/domains/continuous/test/auto/TimeDelay2.xml
----------------- Instantiating /home/travis/build/icyphy/ptII/ptolemy/domains/continuous/test/auto/TimeDelay2.xml
7 ms. Memory: 290816K Free: 102872K (35%)
----------------- Invoking toplevel() on ptolemy.moml.MoMLSimpleApplication@6a16e414
----------------- Done invoking toplevel() on ptolemy.moml.MoMLSimpleApplication@6a16e414
reloadAllAccessors: .TimeDelay2

===========================================================================================
----------------- testing Sun Jan 26 06:48:29 UTC 2020 /home/travis/build/icyphy/ptII/ptolemy/domains/continuous/test/auto/TimeDelay3.xml
----------------- Instantiating /home/travis/build/icyphy/ptII/ptolemy/domains/continuous/test/auto/TimeDelay3.xml
4 ms. Memory: 290816K Free: 267191K (92%)
----------------- Invoking toplevel() on ptolemy.moml.MoMLSimpleApplication@2b33485c
----------------- Done invoking toplevel() on ptolemy.moml.MoMLSimpleApplication@2b33485c
reloadAllAccessors: .TimeDelay3

===========================================================================================
----------------- testing Sun Jan 26 06:48:29 UTC 2020 /home/travis/build/icyphy/ptII/ptolemy/domains/continuous/test/auto/TransferAbsentToInside.xml
----------------- Instantiating /home/travis/build/icyphy/ptII/ptolemy/domains/continuous/test/auto/TransferAbsentToInside.xml
28 ms. Memory: 290816K Free: 213945K (74%)
----------------- Invoking toplevel() on ptolemy.moml.MoMLSimpleApplication@651bd2d5
----------------- Done invoking toplevel() on ptolemy.moml.MoMLSimpleApplication@651bd2d5
reloadAllAccessors: .TransferAbsentToInside

===========================================================================================
----------------- testing Sun Jan 26 06:48:29 UTC 2020 /home/travis/build/icyphy/ptII/ptolemy/domains/continuous/test/auto/Transmission.xml
----------------- Instantiating /home/travis/build/icyphy/ptII/ptolemy/domains/continuous/test/auto/Transmission.xml
789 ms. Memory: 290816K Free: 151485K (52%)
----------------- Invoking toplevel() on ptolemy.moml.MoMLSimpleApplication@3c69177f
----------------- Done invoking toplevel() on ptolemy.moml.MoMLSimpleApplication@3c69177f
reloadAllAccessors: .Transmission

===========================================================================================
----------------- testing Sun Jan 26 06:48:30 UTC 2020 /home/travis/build/icyphy/ptII/ptolemy/domains/continuous/test/auto/TriggeredContinuousClock.xml
----------------- Instantiating /home/travis/build/icyphy/ptII/ptolemy/domains/continuous/test/auto/TriggeredContinuousClock.xml
36 ms. Memory: 290816K Free: 121789K (42%)
----------------- Invoking toplevel() on ptolemy.moml.MoMLSimpleApplication@6bb8060c
----------------- Done invoking toplevel() on ptolemy.moml.MoMLSimpleApplication@6bb8060c
reloadAllAccessors: .TriggeredContinuousClock

===========================================================================================
----------------- testing Sun Jan 26 06:48:30 UTC 2020 /home/travis/build/icyphy/ptII/ptolemy/domains/continuous/test/auto/TwoMachineInfiniteBusControl.xml
----------------- Instantiating /home/travis/build/icyphy/ptII/ptolemy/domains/continuous/test/auto/TwoMachineInfiniteBusControl.xml
2280 ms. Memory: 290816K Free: 193423K (67%)
----------------- Invoking toplevel() on ptolemy.moml.MoMLSimpleApplication@ae1c0f9
----------------- Done invoking toplevel() on ptolemy.moml.MoMLSimpleApplication@ae1c0f9
reloadAllAccessors: .TwoMachineInfiniteBusControl

===========================================================================================
----------------- testing Sun Jan 26 06:48:32 UTC 2020 /home/travis/build/icyphy/ptII/ptolemy/domains/continuous/test/auto/V2V.xml
----------------- Instantiating /home/travis/build/icyphy/ptII/ptolemy/domains/continuous/test/auto/V2V.xml
807 ms. Memory: 290816K Free: 173432K (60%)
----------------- Invoking toplevel() on ptolemy.moml.MoMLSimpleApplication@46e9b29d
----------------- Done invoking toplevel() on ptolemy.moml.MoMLSimpleApplication@46e9b29d
reloadAllAccessors: .V2V

===========================================================================================
----------------- testing Sun Jan 26 06:48:33 UTC 2020 /home/travis/build/icyphy/ptII/ptolemy/domains/continuous/test/auto/hierarchicalModalModel.xml
----------------- Instantiating /home/travis/build/icyphy/ptII/ptolemy/domains/continuous/test/auto/hierarchicalModalModel.xml
8 ms. Memory: 290816K Free: 159104K (55%)
----------------- Invoking toplevel() on ptolemy.moml.MoMLSimpleApplication@13ef93bf
----------------- Done invoking toplevel() on ptolemy.moml.MoMLSimpleApplication@13ef93bf
reloadAllAccessors: .hierarchicalModalModel

===========================================================================================
----------------- testing Sun Jan 26 06:48:33 UTC 2020 /home/travis/build/icyphy/ptII/ptolemy/domains/continuous/test/auto/hierarchicalModalModel1.xml
----------------- Instantiating /home/travis/build/icyphy/ptII/ptolemy/domains/continuous/test/auto/hierarchicalModalModel1.xml
8 ms. Memory: 290816K Free: 144775K (50%)
----------------- Invoking toplevel() on ptolemy.moml.MoMLSimpleApplication@2987e20c
----------------- Done invoking toplevel() on ptolemy.moml.MoMLSimpleApplication@2987e20c
reloadAllAccessors: .hierarchicalModalModel1

===========================================================================================
----------------- testing Sun Jan 26 06:48:33 UTC 2020 /home/travis/build/icyphy/ptII/ptolemy/domains/continuous/test/auto/hierarchicalModalModel2.xml
----------------- Instantiating /home/travis/build/icyphy/ptII/ptolemy/domains/continuous/test/auto/hierarchicalModalModel2.xml
6 ms. Memory: 290816K Free: 132472K (46%)
----------------- Invoking toplevel() on ptolemy.moml.MoMLSimpleApplication@39b15646
----------------- Done invoking toplevel() on ptolemy.moml.MoMLSimpleApplication@39b15646
reloadAllAccessors: .hierarchicalModalModel2

===========================================================================================
----------------- testing Sun Jan 26 06:48:33 UTC 2020 /home/travis/build/icyphy/ptII/ptolemy/domains/continuous/test/auto/hierarchicalModalModel3.xml
----------------- Instantiating /home/travis/build/icyphy/ptII/ptolemy/domains/continuous/test/auto/hierarchicalModalModel3.xml
6 ms. Memory: 290816K Free: 121737K (42%)
----------------- Invoking toplevel() on ptolemy.moml.MoMLSimpleApplication@67846b41
----------------- Done invoking toplevel() on ptolemy.moml.MoMLSimpleApplication@67846b41
reloadAllAccessors: .hierarchicalModalModel3

===========================================================================================
----------------- testing Sun Jan 26 06:48:33 UTC 2020 /home/travis/build/icyphy/ptII/ptolemy/domains/continuous/test/auto/hierarchicalModalModel4.xml
----------------- Instantiating /home/travis/build/icyphy/ptII/ptolemy/domains/continuous/test/auto/hierarchicalModalModel4.xml
5 ms. Memory: 290816K Free: 109959K (38%)
----------------- Invoking toplevel() on ptolemy.moml.MoMLSimpleApplication@4d954f0f
----------------- Done invoking toplevel() on ptolemy.moml.MoMLSimpleApplication@4d954f0f
reloadAllAccessors: .hierarchicalModalModel4

===========================================================================================
----------------- testing Sun Jan 26 06:48:33 UTC 2020 /home/travis/build/icyphy/ptII/ptolemy/domains/continuous/test/auto/junk.xml
----------------- Instantiating /home/travis/build/icyphy/ptII/ptolemy/domains/continuous/test/auto/junk.xml
140 ms. Memory: 349184K Free: 311336K (89%)
----------------- Invoking toplevel() on ptolemy.moml.MoMLSimpleApplication@45b66c87
----------------- Done invoking toplevel() on ptolemy.moml.MoMLSimpleApplication@45b66c87
reloadAllAccessors: .junk
AutoTests.java: About to close Vertx.
AutoTests.java: Vertx closed.
]]></system-out>
  <system-err><![CDATA[Warning: '.HysteresisWithRandomDelay.NonStrictTest' The test produced only 221 tokens, yet the correctValues parameter was expecting 222 tokens.
Warning: '.HysteresisWithRandomDelay.NonStrictTest2' The test produced only 220 tokens, yet the correctValues parameter was expecting 221 tokens.
Warning: '.HysteresisWithRandomDelay.NonStrictTest3' The test produced only 23 tokens, yet the correctValues parameter was expecting 30 tokens.
Warning: '.Poisson.NonStrictTest' The test produced only 390 tokens, yet the correctValues parameter was expecting 430 tokens.
]]></system-err>
</testsuite>
