<?xml version="1.0" encoding="UTF-8" ?>
<testsuite errors="0" failures="0" hostname="travis-job-34782e7d-a111-4949-9eee-780ee7eb0750" name="ptolemy.cg.kernel.generic.accessor.test.junit.JUnitTclTest" skipped="0" tests="9" time="127.745" timestamp="2021-12-06T02:04:04">
  <properties>
[...]
</properties>
  <testcase classname="ptolemy.util.test.junit.TclTests" name="[0] /home/travis/build/icyphy/ptII/ptolemy/cg/kernel/generic/accessor/test/AccessorSSHCodeGenerator.tcl (RunTclFile)" time="52.555" />
  <testcase classname="ptolemy.util.test.junit.AutoKnownFailedTests" name="[0] ThereAreNoKnowFailedTests (RunModel)" time="0.009" />
  <testcase classname="ptolemy.util.test.junit.AutoNameArchTests" name="[0] ThereAreNoAutoArchTests (RunModel)" time="0.002" />
  <testcase classname="ptolemy.util.test.junit.AutoTests" name="[0] /home/travis/build/icyphy/ptII/ptolemy/cg/kernel/generic/accessor/test/auto/AccessorStatusTest.xml (RunModel)" time="25.934" />
  <testcase classname="ptolemy.util.test.junit.AutoTests" name="[1] /home/travis/build/icyphy/ptII/ptolemy/cg/kernel/generic/accessor/test/auto/RampJSDisplay.xml (RunModel)" time="10.37" />
  <testcase classname="ptolemy.util.test.junit.AutoTests" name="[2] /home/travis/build/icyphy/ptII/ptolemy/cg/kernel/generic/accessor/test/auto/RampJSInspect.xml (RunModel)" time="12.0" />
  <testcase classname="ptolemy.util.test.junit.AutoTests" name="[3] /home/travis/build/icyphy/ptII/ptolemy/cg/kernel/generic/accessor/test/auto/RampJSTest.xml (RunModel)" time="11.099" />
  <testcase classname="ptolemy.util.test.junit.AutoTests" name="[4] /home/travis/build/icyphy/ptII/ptolemy/cg/kernel/generic/accessor/test/auto/RampJSTextDisplay.xml (RunModel)" time="12.541" />
  <testcase classname="ptolemy.util.test.junit.AutoTests" name="[5] /home/travis/build/icyphy/ptII/ptolemy/cg/kernel/generic/accessor/test/auto/TestComposite.xml (RunModel)" time="2.745" />
  <system-out><![CDATA[/home/travis/build/icyphy/ptII/ptolemy/cg/kernel/generic/accessor/test/AccessorSSHCodeGenerator.tcl
testDefs.tcl: setting time out to 9000 seconds at Mon Dec 06 02:04:05 UTC 2021
JSAccessor: found node
RunnableCodeGenerator: run command: (cd /home/travis/build/icyphy/ptII/org/terraswarm/accessor/accessors/web/cg; /home/travis/build/icyphy/ptII/ptolemy/cg/kernel/generic/accessor/accessorInvokeSSH localhost /home/travis/build/icyphy/ptII/org/terraswarm/accessor/accessors/web/cg/top.js   npmInstall  )
In "/home/travis/build/icyphy/ptII/org/terraswarm/accessor/accessors/web/cg", about to execute:
    /home/travis/build/icyphy/ptII/ptolemy/cg/kernel/generic/accessor/accessorInvok
eSSH localhost
/home/travis/build/icyphy/ptII/org/terraswarm/accessor/accessors/web/cg/top.js
npmInstall
/home/travis/build/icyphy/ptII/ptolemy/cg/kernel/generic/accessor/accessorInvokeSSH: Note that the timeout defaults to 15000
### accessorInvokeSSH: Creating cg/node_modules and cg/top on localhost
### accessorInvokeSSH: Running npm install @terraswarm/accessors pm2 
### accessorInvokeSSH:   Ignore messages like: 'npm WARN enoent ENOENT: no such file or directory, open cg/top/package.json'
/home/travis/pthla/certi-tools/share/scripts:/home/travis/.rvm/gems/ruby-2.6.5/bin:/home/travis/.rvm/gems/ruby-2.6.5@global/bin:/home/travis/.rvm/rubies/ruby-2.6.5/bin:/home/travis/.rvm/bin:./node_modules/.bin:/home/travis/build/icyphy/ptII/bin:/home/travis/pthla/certi-tools/bin:/home/travis/bin:/home/travis/.local/bin:/usr/local/lib/jvm/openjdk11/bin:/opt/pyenv/shims:/home/travis/.phpenv/shims:/home/travis/perl5/perlbrew/bin:/home/travis/.nvm/versions/node/v7.10.1/bin:/home/travis/.kiex/elixirs/elixir-1.7.4/bin:/home/travis/.kiex/bin:/home/travis/gopath/bin:/home/travis/.gimme/versions/go1.11.1.linux.amd64/bin:/usr/local/maven-3.6.3/bin:/usr/local/cmake-3.12.4/bin:/usr/local/clang-7.0.0/bin:/usr/local/sbin:/usr/local/bin:/usr/sbin:/usr/bin:/sbin:/bin:/snap/bin:/home/travis/.phpenv/bin:/opt/pyenv/bin:/home/travis/.yarn/bin
/home/travis/build/icyphy/ptII/bin/npm
/home/travis/build/icyphy/ptII/bin/npm: Running /home/travis/.nvm/versions/node/v7.10.1/bin/npm install @terraswarm/accessors pm2
/home/travis/build/icyphy/ptII/bin/node: Running /home/travis/.nvm/versions/node/v7.10.1/bin/node /home/travis/.nvm/versions/node/v7.10.1/bin/npm install @terraswarm/accessors pm2
npm WARN deprecated uuid@3.4.0: Please upgrade  to version 7 or higher.  Older versions may use Math.random() in certain circumstances, which is known to be problematic.  See https://v8.dev/blog/math-random for details.
npm WARN lifecycle The node binary used for scripts is /home/travis/build/icyphy/ptII/bin/node but npm is using /home/travis/.nvm/versions/node/v7.10.1/bin/node itself. Use the `--scripts-prepend-node-path` option to include the path for the node binary npm was executed with.
/home/travis/cg
├─┬ @terraswarm/accessors@0.0.27 
│ ├── @accessors-hosts/common@0.1.0 
│ ├── @accessors-modules/local-storage@0.1.1 
│ ├─┬ express@4.17.1 
│ │ ├─┬ accepts@1.3.7 
│ │ │ ├─┬ mime-types@2.1.34 
│ │ │ │ └── mime-db@1.51.0 
│ │ │ └── negotiator@0.6.2 
│ │ ├── array-flatten@1.1.1 
│ │ ├─┬ body-parser@1.19.0 
│ │ │ ├── bytes@3.1.0 
│ │ │ ├─┬ http-errors@1.7.2 
│ │ │ │ └── toidentifier@1.0.0 
│ │ │ └── raw-body@2.4.0 
│ │ ├── content-disposition@0.5.3 
│ │ ├── content-type@1.0.4 
│ │ ├── cookie@0.4.0 
│ │ ├── cookie-signature@1.0.6 
│ │ ├─┬ debug@2.6.9 
│ │ │ └── ms@2.0.0 
│ │ ├── depd@1.1.2 
│ │ ├── encodeurl@1.0.2 
│ │ ├── escape-html@1.0.3 
│ │ ├── etag@1.8.1 
│ │ ├─┬ finalhandler@1.1.2 
│ │ │ └── unpipe@1.0.0 
│ │ ├── fresh@0.5.2 
│ │ ├── merge-descriptors@1.0.1 
│ │ ├── methods@1.1.2 
│ │ ├─┬ on-finished@2.3.0 
│ │ │ └── ee-first@1.1.1 
│ │ ├── parseurl@1.3.3 
│ │ ├── path-to-regexp@0.1.7 
│ │ ├─┬ proxy-addr@2.0.7 
│ │ │ ├── forwarded@0.2.0 
│ │ │ └── ipaddr.js@1.9.1 
│ │ ├── qs@6.7.0 
│ │ ├── range-parser@1.2.1 
│ │ ├── safe-buffer@5.1.2 
│ │ ├─┬ send@0.17.1 
│ │ │ ├── destroy@1.0.4 
│ │ │ ├── mime@1.6.0 
│ │ │ └── ms@2.1.1 
│ │ ├── serve-static@1.14.1 
│ │ ├── setprototypeof@1.1.1 
│ │ ├── statuses@1.5.0 
│ │ ├─┬ type-is@1.6.18 
│ │ │ └── media-typer@0.3.0 
│ │ ├── utils-merge@1.0.1 
│ │ └── vary@1.1.2 
│ ├─┬ helmet@3.23.3 
│ │ ├── depd@2.0.0 
│ │ ├── dont-sniff-mimetype@1.1.0 
│ │ ├── feature-policy@0.3.0 
│ │ ├── helmet-crossdomain@0.4.0 
│ │ ├─┬ helmet-csp@2.10.0 
│ │ │ ├── bowser@2.9.0 
│ │ │ ├── camelize@1.0.0 
│ │ │ ├── content-security-policy-builder@2.1.0 
│ │ │ └── dasherize@2.0.0 
npm WARN optional SKIPPING OPTIONAL DEPENDENCY: fsevents@~2.3.2 (node_modules/chokidar/node_modules/fsevents):
│ │ ├── hide-powered-by@1.1.0 
│ │ ├── hpkp@2.0.0 
│ │ ├─┬ hsts@2.2.0 
│ │ │ └── depd@2.0.0 
│ │ ├── nocache@2.1.0 
│ │ ├── referrer-policy@1.2.0 
│ │ └── x-xss-protection@1.3.0 
npm WARN notsup SKIPPING OPTIONAL DEPENDENCY: Unsupported platform for fsevents@2.3.2: wanted {"os":"darwin","arch":"any"} (current: {"os":"linux","arch":"x64"})
│ ├─┬ node-localstorage@1.3.1 
│ │ └─┬ write-file-atomic@1.3.4 
│ │   ├── graceful-fs@4.2.8 
│ │   ├── imurmurhash@0.1.4 
│ │   └── slide@1.1.6 
│ └─┬ portscanner@2.2.0 
npm WARN enoent ENOENT: no such file or directory, open '/home/travis/cg/package.json'
│   └─┬ is-number-like@1.0.8 
│     └── lodash.isfinite@3.3.2 
└─┬ pm2@5.1.2 
  ├─┬ @pm2/agent@2.0.1 
  │ ├── async@3.2.2 
  │ ├── UNMET PEER DEPENDENCY bufferutil@^4.0.1
  │ ├─┬ debug@4.3.3 
npm WARN ws@7.4.6 requires a peer of bufferutil@^4.0.1 but none was installed.
  │ │ └── ms@2.1.2 
  │ ├── fast-json-patch@3.1.0 
  │ ├─┬ nssocket@0.6.0 
  │ │ ├── eventemitter2@0.4.14 
  │ │ └── lazy@1.0.11 
  │ ├─┬ proxy-agent@5.0.0 
  │ │ ├─┬ agent-base@6.0.2 
npm WARN ws@7.4.6 requires a peer of utf-8-validate@^5.0.2 but none was installed.
  │ │ │ └─┬ debug@4.3.3 
  │ │ │   └── ms@2.1.2 
  │ │ ├─┬ debug@4.3.3 
  │ │ │ └── ms@2.1.2 
  │ │ ├─┬ http-proxy-agent@4.0.1 
  │ │ │ ├── @tootallnate/once@1.1.2 
  │ │ │ └─┬ debug@4.3.3 
  │ │ │   └── ms@2.1.2 
npm WARN cg No description
  │ │ ├─┬ https-proxy-agent@5.0.0 
  │ │ │ └─┬ debug@4.3.3 
  │ │ │   └── ms@2.1.2 
  │ │ ├─┬ lru-cache@5.1.1 
  │ │ │ └── yallist@3.1.1 
  │ │ ├─┬ pac-proxy-agent@5.0.0 
  │ │ │ ├─┬ debug@4.3.3 
  │ │ │ │ └── ms@2.1.2 
  │ │ │ ├─┬ get-uri@3.0.2 
npm WARN cg No repository field.
  │ │ │ │ ├── data-uri-to-buffer@3.0.1 
  │ │ │ │ ├─┬ debug@4.3.3 
  │ │ │ │ │ └── ms@2.1.2 
  │ │ │ │ ├── file-uri-to-path@2.0.0 
  │ │ │ │ ├─┬ fs-extra@8.1.0 
  │ │ │ │ │ ├── jsonfile@4.0.0 
  │ │ │ │ │ └── universalify@0.1.2 
npm WARN cg No README data
  │ │ │ │ └─┬ ftp@0.3.10 
  │ │ │ │   ├─┬ readable-stream@1.1.14 
  │ │ │ │   │ ├── core-util-is@1.0.3 
  │ │ │ │   │ ├── isarray@0.0.1 
  │ │ │ │   │ └── string_decoder@0.10.31 
  │ │ │ │   └── xregexp@2.0.0 
npm WARN cg No license field.
  │ │ │ └─┬ pac-resolver@5.0.0 
  │ │ │   ├─┬ degenerator@3.0.1 
  │ │ │   │ ├─┬ ast-types@0.13.4 
  │ │ │   │ │ └── tslib@2.3.1 
  │ │ │   │ ├─┬ escodegen@1.14.3 
  │ │ │   │ │ ├── estraverse@4.3.0 
  │ │ │   │ │ ├── esutils@2.0.3 
  │ │ │   │ │ └─┬ optionator@0.8.3 
  │ │ │   │ │   ├── deep-is@0.1.4 
  │ │ │   │ │   ├── fast-levenshtein@2.0.6 
  │ │ │   │ │   ├── levn@0.3.0 
  │ │ │   │ │   ├── prelude-ls@1.1.2 
  │ │ │   │ │   ├── type-check@0.3.2 
  │ │ │   │ │   └── word-wrap@1.2.3 
  │ │ │   │ ├── esprima@4.0.1 
  │ │ │   │ └── vm2@3.9.5 
  │ │ │   ├── ip@1.1.5 
  │ │ │   └── netmask@2.0.2 
  │ │ ├── proxy-from-env@1.1.0 
  │ │ └─┬ socks-proxy-agent@5.0.1 
  │ │   ├─┬ debug@4.3.3 
  │ │   │ └── ms@2.1.2 
  │ │   └─┬ socks@2.6.1 
  │ │     └── smart-buffer@4.2.0 
  │ ├── semver@7.2.3 
  │ ├── UNMET PEER DEPENDENCY utf-8-validate@^5.0.2
  │ └── ws@7.4.6 
  ├─┬ @pm2/io@5.0.0 
  │ ├─┬ @opencensus/core@0.0.9 
  │ │ ├─┬ continuation-local-storage@3.2.1 
  │ │ │ ├─┬ async-listener@0.6.10 
  │ │ │ │ └── semver@5.7.1 
  │ │ │ └── emitter-listener@1.1.2 
  │ │ ├── log-driver@1.2.7 
  │ │ ├── semver@5.7.1 
  │ │ └── uuid@3.4.0 
  │ ├─┬ @opencensus/propagation-b3@0.0.8 
  │ │ └─┬ @opencensus/core@0.0.8 
  │ │   └── semver@5.7.1 
  │ ├─┬ async@2.6.3 
  │ │ └── lodash@4.17.21 
  │ ├─┬ debug@4.3.3 
  │ │ └── ms@2.1.2 
  │ ├── eventemitter2@6.4.5 
  │ ├─┬ require-in-the-middle@5.1.0 
  │ │ ├─┬ debug@4.3.3 
  │ │ │ └── ms@2.1.2 
  │ │ ├── module-details-from-path@1.0.3 
  │ │ └─┬ resolve@1.20.0 
  │ │   ├─┬ is-core-module@2.8.0 
  │ │   │ └─┬ has@1.0.3 
  │ │   │   └── function-bind@1.1.1 
  │ │   └── path-parse@1.0.7 
  │ ├── semver@6.3.0 
  │ ├── shimmer@1.2.1 
  │ ├── signal-exit@3.0.6 
  │ └── tslib@1.9.3 
  ├─┬ @pm2/js-api@0.6.7 
  │ ├─┬ axios@0.21.4 
  │ │ └── follow-redirects@1.14.5 
  │ ├── UNMET PEER DEPENDENCY bufferutil@^4.0.1
  │ ├─┬ debug@4.3.3 
  │ │ └── ms@2.1.2 
  │ ├── eventemitter2@6.4.5 
  │ └── UNMET PEER DEPENDENCY utf-8-validate@^5.0.2
  ├─┬ @pm2/pm2-version-check@1.0.4 
  │ └─┬ debug@4.3.3 
  │   └── ms@2.1.2 
  ├── async@3.2.2 
  ├── blessed@0.1.81 
  ├─┬ chalk@3.0.0 
  │ ├─┬ ansi-styles@4.3.0 
  │ │ └─┬ color-convert@2.0.1 
  │ │   └── color-name@1.1.4 
  │ └─┬ supports-color@7.2.0 
  │   └── has-flag@4.0.0 
  ├─┬ chokidar@3.5.2 
  │ ├─┬ anymatch@3.1.2 
  │ │ └── picomatch@2.3.0 
  │ ├─┬ braces@3.0.2 
  │ │ └─┬ fill-range@7.0.1 
  │ │   └─┬ to-regex-range@5.0.1 
  │ │     └── is-number@7.0.0 
  │ ├── glob-parent@5.1.2 
  │ ├─┬ is-binary-path@2.1.0 
  │ │ └── binary-extensions@2.2.0 
  │ ├─┬ is-glob@4.0.3 
  │ │ └── is-extglob@2.1.1 
  │ ├── normalize-path@3.0.0 
  │ └── readdirp@3.6.0 
  ├── cli-tableau@2.0.1 
  ├── commander@2.15.1 
  ├─┬ cron@1.8.2 
  │ └─┬ moment-timezone@0.5.34 
  │   └── moment@2.29.1 
  ├── dayjs@1.8.36 
  ├─┬ debug@4.3.3 
  │ └── ms@2.1.2 
  ├─┬ enquirer@2.3.6 
  │ └── ansi-colors@4.1.1 
  ├── eventemitter2@5.0.1 
  ├── fclone@1.0.11 
  ├── mkdirp@1.0.4 
  ├─┬ needle@2.4.0 
  │ ├─┬ debug@3.2.7 
  │ │ └── ms@2.1.3 
  │ ├─┬ iconv-lite@0.4.24 
  │ │ └── safer-buffer@2.1.2 
  │ └── sax@1.2.4 
  ├─┬ pidusage@2.0.21 
  │ └── safe-buffer@5.2.1 
  ├─┬ pm2-axon@4.0.1 
  │ ├── amp@0.3.1 
  │ ├── amp-message@0.1.2 
  │ ├─┬ debug@4.3.3 
  │ │ └── ms@2.1.2 
  │ └── escape-string-regexp@4.0.0 
  ├─┬ pm2-axon-rpc@0.7.1 
  │ └─┬ debug@4.3.3 
  │   └── ms@2.1.2 
  ├─┬ pm2-deploy@1.0.2 
  │ ├── run-series@1.1.9 
  │ └── tv4@1.3.0 
  ├─┬ pm2-multimeter@0.1.2 
  │ └── charm@0.1.2 
  ├─┬ pm2-sysmonit@1.2.8 
  │ ├── async@3.2.2 
  │ ├─┬ debug@4.3.3 
  │ │ └── ms@2.1.2 
  │ ├── systeminformation@5.9.16 
  │ └─┬ tx2@1.0.5 
  │   └── json-stringify-safe@5.0.1 
  ├─┬ promptly@2.2.0 
  │ └─┬ read@1.0.7 
  │   └── mute-stream@0.0.8 
  ├─┬ semver@7.3.5 
  │ └─┬ lru-cache@6.0.0 
  │   └── yallist@4.0.0 
  ├─┬ source-map-support@0.5.19 
  │ ├── buffer-from@1.1.2 
  │ └── source-map@0.6.1 
  ├── sprintf-js@1.1.2 
  ├─┬ vizion@2.2.1 
  │ ├── git-node-fs@1.0.0 
  │ ├── ini@1.3.8 
  │ └─┬ js-git@0.7.8 
  │   ├── bodec@0.1.0 
  │   ├── culvert@0.1.2 
  │   ├── git-sha1@0.1.2 
  │   └── pako@0.2.9 
  └─┬ yamljs@0.3.0 
    ├─┬ argparse@1.0.10 
    │ └── sprintf-js@1.0.3 
    └─┬ glob@7.2.0 
      ├── fs.realpath@1.0.0 
      ├─┬ inflight@1.0.6 
      │ └── wrappy@1.0.2 
      ├── inherits@2.0.3 
      ├─┬ minimatch@3.0.4 
      │ └─┬ brace-expansion@1.1.11 
      │   ├── balanced-match@1.0.2 
      │   └── concat-map@0.0.1 
      ├── once@1.4.0 
      └── path-is-absolute@1.0.1 

### accessorInvokeSSH: Running npm update @terraswarm/accessors pm2 
/home/travis/build/icyphy/ptII/bin/npm: Running /home/travis/.nvm/versions/node/v7.10.1/bin/npm update @terraswarm/accessors pm2
/home/travis/build/icyphy/ptII/bin/node: Running /home/travis/.nvm/versions/node/v7.10.1/bin/node /home/travis/.nvm/versions/node/v7.10.1/bin/npm update @terraswarm/accessors pm2
### accessorInvokeSSH: Creating cg/top/invoke.js
### accessorInvokeSSH: Copying the accessor to cg/top
### accessorInvokeSSH: Creating the runit.sh command in cg/top
### accessorInvokeSSH: Invoking cg/top/runit.sh   on localhost
Running top.js *once* for 15000 ms.
/home/travis/build/icyphy/ptII/bin/node: Running /home/travis/.nvm/versions/node/v7.10.1/bin/node /home/travis/cg/top/invoke.js -timeout 15000 /home/travis/cg/top/top.js
commonHost.js: processCommandLineArguments(): Setting timeout to stop after 15000 ms.
commonHost.js: processCommandLineArguments(): Maximum time reached. Calling stopAllAccessors().
commonHost.js: invoking wrapup() for accessor: top
All initialized accessors have wrapped up. Terminating.
### accessorInvokeSSH: ssh cg/top/runit.sh returned.
All Done
12/06/21 02:04:57
Failed: 0  Total Tests: 2  ((Passed: 2, Newly Passed: 0)  Known Failed: 0) /home/travis/build/icyphy/ptII/ptolemy/cg/kernel/generic/accessor/test
No auto/knownFailedTests/*.xml tests in /home/travis/build/icyphy/ptII/ptolemy/cg/kernel/generic/accessor/test
No auto/linux-amd64/*.xml tests in /home/travis/build/icyphy/ptII/ptolemy/cg/kernel/generic/accessor/test
AutoTests.java: About to close Vertx.
AutoTests.java: Vertx closed.

===========================================================================================
----------------- testing Mon Dec 06 02:04:57 UTC 2021 /home/travis/build/icyphy/ptII/ptolemy/cg/kernel/generic/accessor/test/auto/AccessorStatusTest.xml
----------------- Instantiating /home/travis/build/icyphy/ptII/ptolemy/cg/kernel/generic/accessor/test/auto/AccessorStatusTest.xml
JSAccessor: PT_NO_NET environment variable is set, so git pull and ptdoc are not being run.
TextDisplayHelper: [ { utilization: 0,
    startMonitoringTime: 1638756315650,
    initialize: { count: 0, utilization: 0, latestStart: 0, latestEnd: 0 },
    react: { count: 0, utilization: 0, latestStart: 0, latestEnd: 0 },
    wrapup: { count: 0, utilization: 0, latestStart: 0, latestEnd: 0 },
    accessorName: 'monitor',
    currentMonitoringTime: 1638756316687,
    containedAccessors: [] },
  { utilization: 0.0019455252918287938,
    startMonitoringTime: 1638756315664,
    initialize: { count: 0, utilization: 0, latestStart: 0, latestEnd: 0 },
    react: 
     { count: 1,
       utilization: 0.0019455252918287938,
       latestStart: 1638756316652,
       latestEnd: 1638756316654 },
    wrapup: { count: 0, utilization: 0, latestStart: 0, latestEnd: 0 },
    accessorName: 'TestSpontaneous2',
    currentMonitoringTime: 1638756316692,
    containedAccessors: [] },
  { utilization: 0,
    startMonitoringTime: 1638756315681,
    initialize: { count: 0, utilization: 0, latestStart: 0, latestEnd: 0 },
    react: { count: 0, utilization: 0, latestStart: 0, latestEnd: 0 },
    wrapup: { count: 0, utilization: 0, latestStart: 0, latestEnd: 0 },
    accessorName: 'TextDisplay',
    currentMonitoringTime: 1638756316699,
    containedAccessors: [] },
  { utilization: 0.001976284584980237,
    startMonitoringTime: 1638756315694,
    initialize: { count: 0, utilization: 0, latestStart: 0, latestEnd: 0 },
    react: 
     { count: 1,
       utilization: 0.001976284584980237,
       latestStart: 1638756316675,
       latestEnd: 1638756316677 },
    wrapup: { count: 0, utilization: 0, latestStart: 0, latestEnd: 0 },
    accessorName: 'TestSpontaneous',
    currentMonitoringTime: 1638756316706,
    containedAccessors: [] },
  { utilization: 0,
    startMonitoringTime: 1638756315705,
    initialize: { count: 0, utilization: 0, latestStart: 0, latestEnd: 0 },
    react: { count: 0, utilization: 0, latestStart: 0, latestEnd: 0 },
    wrapup: { count: 0, utilization: 0, latestStart: 0, latestEnd: 0 },
    accessorName: 'JavaScriptRamp',
    currentMonitoringTime: 1638756316712,
    containedAccessors: [] },
  { utilization: 0.002,
    startMonitoringTime: 1638756315717,
    initialize: { count: 0, utilization: 0, latestStart: 0, latestEnd: 0 },
    react: 
     { count: 1,
       utilization: 0.002,
       latestStart: 1638756315742,
       latestEnd: 1638756315744 },
    wrapup: { count: 0, utilization: 0, latestStart: 0, latestEnd: 0 },
    accessorName: 'AccessorStatus',
    currentMonitoringTime: 1638756316717,
    containedAccessors: [] },
  { utilization: 0,
    startMonitoringTime: 1638756315728,
    initialize: { count: 0, utilization: 0, latestStart: 0, latestEnd: 0 },
    react: { count: 0, utilization: 0, latestStart: 0, latestEnd: 0 },
    wrapup: { count: 0, utilization: 0, latestStart: 0, latestEnd: 0 },
    accessorName: 'status',
    currentMonitoringTime: 1638756316723,
    containedAccessors: [] } ]
TextDisplayHelper: [ { accessorClass: 'https://accessors.org/utilities/TextDisplay.js',
    accessorName: 'monitor',
    initialized: true },
  { accessorClass: 'https://accessors.org/test/TestSpontaneous.js',
    accessorName: 'TestSpontaneous2',
    initialized: true },
  { accessorClass: 'https://accessors.org/utilities/TextDisplay.js',
    accessorName: 'TextDisplay',
    initialized: true },
  { accessorClass: 'https://accessors.org/test/TestSpontaneous.js',
    accessorName: 'TestSpontaneous',
    initialized: true },
  { accessorClass: 'JavaScript',
    accessorName: 'JavaScriptRamp',
    initialized: true },
  { accessorClass: 'https://accessors.org/trusted/AccessorStatus.js',
    accessorName: 'AccessorStatus',
    initialized: true },
  { accessorClass: 'https://accessors.org/utilities/TextDisplay.js',
    accessorName: 'status',
    initialized: true } ]
TextDisplayHelper: 1
TextDisplayHelper: [ { utilization: 0.12550813008130082,
    startMonitoringTime: 1638756315650,
    initialize: { count: 0, utilization: 0, latestStart: 0, latestEnd: 0 },
    react: 
     { count: 1,
       utilization: 0.12550813008130082,
       latestStart: 1638756316849,
       latestEnd: 1638756317096 },
    wrapup: { count: 0, utilization: 0, latestStart: 0, latestEnd: 0 },
    accessorName: 'monitor',
    currentMonitoringTime: 1638756317618,
    containedAccessors: [] },
  { utilization: 0.000986716208458251,
    startMonitoringTime: 1638756315664,
    initialize: { count: 0, utilization: 0, latestStart: 0, latestEnd: 0 },
    react: 
     { count: 2,
       utilization: 0.000986716208458251,
       latestStart: 1638756317616,
       latestEnd: 1638756317616 },
    wrapup: { count: 0, utilization: 0, latestStart: 0, latestEnd: 0 },
    accessorName: 'TestSpontaneous2',
    currentMonitoringTime: 1638756317618,
    containedAccessors: [] },
  { utilization: 0.04437564499484004,
    startMonitoringTime: 1638756315681,
    initialize: { count: 0, utilization: 0, latestStart: 0, latestEnd: 0 },
    react: 
     { count: 1,
       utilization: 0.04437564499484004,
       latestStart: 1638756317321,
       latestEnd: 1638756317407 },
    wrapup: { count: 0, utilization: 0, latestStart: 0, latestEnd: 0 },
    accessorName: 'TextDisplay',
    currentMonitoringTime: 1638756317619,
    containedAccessors: [] },
  { utilization: 0.0010102380379800172,
    startMonitoringTime: 1638756315694,
    initialize: { count: 0, utilization: 0, latestStart: 0, latestEnd: 0 },
    react: 
     { count: 2,
       utilization: 0.0010102380379800172,
       latestStart: 1638756317617,
       latestEnd: 1638756317617 },
    wrapup: { count: 0, utilization: 0, latestStart: 0, latestEnd: 0 },
    accessorName: 'TestSpontaneous',
    currentMonitoringTime: 1638756317620,
    containedAccessors: [] },
  { utilization: 0.007832898172323759,
    startMonitoringTime: 1638756315705,
    initialize: { count: 0, utilization: 0, latestStart: 0, latestEnd: 0 },
    react: 
     { count: 1,
       utilization: 0.007832898172323759,
       latestStart: 1638756316821,
       latestEnd: 1638756316836 },
    wrapup: { count: 0, utilization: 0, latestStart: 0, latestEnd: 0 },
    accessorName: 'JavaScriptRamp',
    currentMonitoringTime: 1638756317620,
    containedAccessors: [] },
  { utilization: 0.021516771488469602,
    startMonitoringTime: 1638756315717,
    initialize: { count: 0, utilization: 0, latestStart: 0, latestEnd: 0 },
    react: 
     { count: 2,
       utilization: 0.021516771488469602,
       latestStart: 1638756316765,
       latestEnd: 1638756316806 },
    wrapup: { count: 0, utilization: 0, latestStart: 0, latestEnd: 0 },
    accessorName: 'AccessorStatus',
    currentMonitoringTime: 1638756317625,
    containedAccessors: [] },
  { utilization: 0.045310853530031614,
    startMonitoringTime: 1638756315728,
    initialize: { count: 0, utilization: 0, latestStart: 0, latestEnd: 0 },
    react: 
     { count: 1,
       utilization: 0.045310853530031614,
       latestStart: 1638756317220,
       latestEnd: 1638756317306 },
    wrapup: { count: 0, utilization: 0, latestStart: 0, latestEnd: 0 },
    accessorName: 'status',
    currentMonitoringTime: 1638756317626,
    containedAccessors: [] } ]
TextDisplayHelper: [ { accessorClass: 'https://accessors.org/utilities/TextDisplay.js',
    accessorName: 'monitor',
    initialized: true },
  { accessorClass: 'https://accessors.org/test/TestSpontaneous.js',
    accessorName: 'TestSpontaneous2',
    initialized: true },
  { accessorClass: 'https://accessors.org/utilities/TextDisplay.js',
    accessorName: 'TextDisplay',
    initialized: true },
  { accessorClass: 'https://accessors.org/test/TestSpontaneous.js',
    accessorName: 'TestSpontaneous',
    initialized: true },
  { accessorClass: 'JavaScript',
    accessorName: 'JavaScriptRamp',
    initialized: true },
  { accessorClass: 'https://accessors.org/trusted/AccessorStatus.js',
    accessorName: 'AccessorStatus',
    initialized: true },
  { accessorClass: 'https://accessors.org/utilities/TextDisplay.js',
    accessorName: 'status',
    initialized: true } ]
TextDisplayHelper: 2
TextDisplayHelper: [ { utilization: 0.08607976957464993,
    startMonitoringTime: 1638756315650,
    initialize: { count: 0, utilization: 0, latestStart: 0, latestEnd: 0 },
    react: 
     { count: 2,
       utilization: 0.08607976957464993,
       latestStart: 1638756317659,
       latestEnd: 1638756317733 },
    wrapup: { count: 0, utilization: 0, latestStart: 0, latestEnd: 0 },
    accessorName: 'monitor',
    currentMonitoringTime: 1638756318618,
    containedAccessors: [] },
  { utilization: 0.0009905450368688238,
    startMonitoringTime: 1638756315664,
    initialize: { count: 0, utilization: 0, latestStart: 0, latestEnd: 0 },
    react: 
     { count: 3,
       utilization: 0.0009905450368688238,
       latestStart: 1638756318615,
       latestEnd: 1638756318616 },
    wrapup: { count: 0, utilization: 0, latestStart: 0, latestEnd: 0 },
    accessorName: 'TestSpontaneous2',
    currentMonitoringTime: 1638756318618,
    containedAccessors: [] },
  { utilization: 0.026759401859412293,
    startMonitoringTime: 1638756315681,
    initialize: { count: 0, utilization: 0, latestStart: 0, latestEnd: 0 },
    react: 
     { count: 2,
       utilization: 0.026759401859412293,
       latestStart: 1638756317754,
       latestEnd: 1638756317756 },
    wrapup: { count: 0, utilization: 0, latestStart: 0, latestEnd: 0 },
    accessorName: 'TextDisplay',
    currentMonitoringTime: 1638756318618,
    containedAccessors: [] },
  { utilization: 0.0006646211929646162,
    startMonitoringTime: 1638756315694,
    initialize: { count: 0, utilization: 0, latestStart: 0, latestEnd: 0 },
    react: 
     { count: 3,
       utilization: 0.0006646211929646162,
       latestStart: 1638756318617,
       latestEnd: 1638756318617 },
    wrapup: { count: 0, utilization: 0, latestStart: 0, latestEnd: 0 },
    accessorName: 'TestSpontaneous',
    currentMonitoringTime: 1638756318618,
    containedAccessors: [] },
  { utilization: 0.004756008178757094,
    startMonitoringTime: 1638756315705,
    initialize: { count: 0, utilization: 0, latestStart: 0, latestEnd: 0 },
    react: 
     { count: 2,
       utilization: 0.004756008178757094,
       latestStart: 1638756317654,
       latestEnd: 1638756317659 },
    wrapup: { count: 0, utilization: 0, latestStart: 0, latestEnd: 0 },
    accessorName: 'JavaScriptRamp',
    currentMonitoringTime: 1638756318619,
    containedAccessors: [] },
  { utilization: 0.009797299845259613,
    startMonitoringTime: 1638756315717,
    initialize: { count: 0, utilization: 0, latestStart: 0, latestEnd: 0 },
    react: 
     { count: 3,
       utilization: 0.009797299845259613,
       latestStart: 1638756317648,
       latestEnd: 1638756317653 },
    wrapup: { count: 0, utilization: 0, latestStart: 0, latestEnd: 0 },
    accessorName: 'AccessorStatus',
    currentMonitoringTime: 1638756318619,
    containedAccessors: [] },
  { utilization: 0.028882921781525385,
    startMonitoringTime: 1638756315728,
    initialize: { count: 0, utilization: 0, latestStart: 0, latestEnd: 0 },
    react: 
     { count: 2,
       utilization: 0.028882921781525385,
       latestStart: 1638756317741,
       latestEnd: 1638756317753 },
    wrapup: { count: 0, utilization: 0, latestStart: 0, latestEnd: 0 },
    accessorName: 'status',
    currentMonitoringTime: 1638756318619,
    containedAccessors: [] } ]
TextDisplayHelper: [ { accessorClass: 'https://accessors.org/utilities/TextDisplay.js',
    accessorName: 'monitor',
    initialized: true },
  { accessorClass: 'https://accessors.org/test/TestSpontaneous.js',
    accessorName: 'TestSpontaneous2',
    initialized: true },
  { accessorClass: 'https://accessors.org/utilities/TextDisplay.js',
    accessorName: 'TextDisplay',
    initialized: true },
  { accessorClass: 'https://accessors.org/test/TestSpontaneous.js',
    accessorName: 'TestSpontaneous',
    initialized: true },
  { accessorClass: 'JavaScript',
    accessorName: 'JavaScriptRamp',
    initialized: true },
  { accessorClass: 'https://accessors.org/trusted/AccessorStatus.js',
    accessorName: 'AccessorStatus',
    initialized: true },
  { accessorClass: 'https://accessors.org/utilities/TextDisplay.js',
    accessorName: 'status',
    initialized: true } ]
TextDisplayHelper: 3
TextDisplayHelper: [ { utilization: 0.059063312332744096,
    startMonitoringTime: 1638756315650,
    initialize: { count: 0, utilization: 0, latestStart: 0, latestEnd: 0 },
    react: 
     { count: 3,
       utilization: 0.059063312332744096,
       latestStart: 1638756318645,
       latestEnd: 1638756318700 },
    wrapup: { count: 0, utilization: 0, latestStart: 0, latestEnd: 0 },
    accessorName: 'monitor',
    currentMonitoringTime: 1638756319617,
    containedAccessors: [] },
  { utilization: 0.0007399010498068744,
    startMonitoringTime: 1638756315664,
    initialize: { count: 0, utilization: 0, latestStart: 0, latestEnd: 0 },
    react: 
     { count: 4,
       utilization: 0.0007399010498068744,
       latestStart: 1638756319616,
       latestEnd: 1638756319616 },
    wrapup: { count: 0, utilization: 0, latestStart: 0, latestEnd: 0 },
    accessorName: 'TestSpontaneous2',
    currentMonitoringTime: 1638756319618,
    containedAccessors: [] },
  { utilization: 0.015119572989149227,
    startMonitoringTime: 1638756315681,
    initialize: { count: 0, utilization: 0, latestStart: 0, latestEnd: 0 },
    react: 
     { count: 3,
       utilization: 0.015119572989149227,
       latestStart: 1638756318719,
       latestEnd: 1638756318723 },
    wrapup: { count: 0, utilization: 0, latestStart: 0, latestEnd: 0 },
    accessorName: 'TextDisplay',
    currentMonitoringTime: 1638756319618,
    containedAccessors: [] },
  { utilization: 0.000495204625805652,
    startMonitoringTime: 1638756315694,
    initialize: { count: 0, utilization: 0, latestStart: 0, latestEnd: 0 },
    react: 
     { count: 4,
       utilization: 0.000495204625805652,
       latestStart: 1638756319617,
       latestEnd: 1638756319617 },
    wrapup: { count: 0, utilization: 0, latestStart: 0, latestEnd: 0 },
    accessorName: 'TestSpontaneous',
    currentMonitoringTime: 1638756319618,
    containedAccessors: [] },
  { utilization: 0.0026305238899287917,
    startMonitoringTime: 1638756315705,
    initialize: { count: 0, utilization: 0, latestStart: 0, latestEnd: 0 },
    react: 
     { count: 3,
       utilization: 0.0026305238899287917,
       latestStart: 1638756318644,
       latestEnd: 1638756318645 },
    wrapup: { count: 0, utilization: 0, latestStart: 0, latestEnd: 0 },
    accessorName: 'JavaScriptRamp',
    currentMonitoringTime: 1638756319618,
    containedAccessors: [] },
  { utilization: 0.006656645091110642,
    startMonitoringTime: 1638756315717,
    initialize: { count: 0, utilization: 0, latestStart: 0, latestEnd: 0 },
    react: 
     { count: 4,
       utilization: 0.006656645091110642,
       latestStart: 1638756318637,
       latestEnd: 1638756318644 },
    wrapup: { count: 0, utilization: 0, latestStart: 0, latestEnd: 0 },
    accessorName: 'AccessorStatus',
    currentMonitoringTime: 1638756319618,
    containedAccessors: [] },
  { utilization: 0.019662703498094836,
    startMonitoringTime: 1638756315728,
    initialize: { count: 0, utilization: 0, latestStart: 0, latestEnd: 0 },
    react: 
     { count: 3,
       utilization: 0.019662703498094836,
       latestStart: 1638756318701,
       latestEnd: 1638756318719 },
    wrapup: { count: 0, utilization: 0, latestStart: 0, latestEnd: 0 },
    accessorName: 'status',
    currentMonitoringTime: 1638756319618,
    containedAccessors: [] } ]
TextDisplayHelper: [ { accessorClass: 'https://accessors.org/utilities/TextDisplay.js',
    accessorName: 'monitor',
    initialized: true },
  { accessorClass: 'https://accessors.org/test/TestSpontaneous.js',
    accessorName: 'TestSpontaneous2',
    initialized: true },
  { accessorClass: 'https://accessors.org/utilities/TextDisplay.js',
    accessorName: 'TextDisplay',
    initialized: true },
  { accessorClass: 'https://accessors.org/test/TestSpontaneous.js',
    accessorName: 'TestSpontaneous',
    initialized: true },
  { accessorClass: 'JavaScript',
    accessorName: 'JavaScriptRamp',
    initialized: true },
  { accessorClass: 'https://accessors.org/trusted/AccessorStatus.js',
    accessorName: 'AccessorStatus',
    initialized: true },
  { accessorClass: 'https://accessors.org/utilities/TextDisplay.js',
    accessorName: 'status',
    initialized: true } ]
TextDisplayHelper: 4
TextDisplayHelper: [ { utilization: 0.044522468817167205,
    startMonitoringTime: 1638756315650,
    initialize: { count: 0, utilization: 0, latestStart: 0, latestEnd: 0 },
    react: 
     { count: 4,
       utilization: 0.044522468817167205,
       latestStart: 1638756319636,
       latestEnd: 1638756319677 },
    wrapup: { count: 0, utilization: 0, latestStart: 0, latestEnd: 0 },
    accessorName: 'monitor',
    currentMonitoringTime: 1638756320617,
    containedAccessors: [] },
  { utilization: 0.0005906057258809872,
    startMonitoringTime: 1638756315664,
    initialize: { count: 0, utilization: 0, latestStart: 0, latestEnd: 0 },
    react: 
     { count: 5,
       utilization: 0.0005906057258809872,
       latestStart: 1638756320615,
       latestEnd: 1638756320615 },
    wrapup: { count: 0, utilization: 0, latestStart: 0, latestEnd: 0 },
    accessorName: 'TestSpontaneous2',
    currentMonitoringTime: 1638756320617,
    containedAccessors: [] },
  { utilization: 0.01033098481219448,
    startMonitoringTime: 1638756315681,
    initialize: { count: 0, utilization: 0, latestStart: 0, latestEnd: 0 },
    react: 
     { count: 4,
       utilization: 0.01033098481219448,
       latestStart: 1638756319700,
       latestEnd: 1638756319705 },
    wrapup: { count: 0, utilization: 0, latestStart: 0, latestEnd: 0 },
    accessorName: 'TextDisplay',
    currentMonitoringTime: 1638756320617,
    containedAccessors: [] },
  { utilization: 0.0005976213946051124,
    startMonitoringTime: 1638756315694,
    initialize: { count: 0, utilization: 0, latestStart: 0, latestEnd: 0 },
    react: 
     { count: 5,
       utilization: 0.0005976213946051124,
       latestStart: 1638756320616,
       latestEnd: 1638756320617 },
    wrapup: { count: 0, utilization: 0, latestStart: 0, latestEnd: 0 },
    accessorName: 'TestSpontaneous',
    currentMonitoringTime: 1638756320618,
    containedAccessors: [] },
  { utilization: 0.0017776796735987479,
    startMonitoringTime: 1638756315705,
    initialize: { count: 0, utilization: 0, latestStart: 0, latestEnd: 0 },
    react: 
     { count: 4,
       utilization: 0.0017776796735987479,
       latestStart: 1638756319635,
       latestEnd: 1638756319636 },
    wrapup: { count: 0, utilization: 0, latestStart: 0, latestEnd: 0 },
    accessorName: 'JavaScriptRamp',
    currentMonitoringTime: 1638756320618,
    containedAccessors: [] },
  { utilization: 0.006219955148271955,
    startMonitoringTime: 1638756315717,
    initialize: { count: 0, utilization: 0, latestStart: 0, latestEnd: 0 },
    react: 
     { count: 5,
       utilization: 0.006219955148271955,
       latestStart: 1638756319623,
       latestEnd: 1638756319634 },
    wrapup: { count: 0, utilization: 0, latestStart: 0, latestEnd: 0 },
    accessorName: 'AccessorStatus',
    currentMonitoringTime: 1638756320618,
    containedAccessors: [] },
  { utilization: 0.01632129778380402,
    startMonitoringTime: 1638756315728,
    initialize: { count: 0, utilization: 0, latestStart: 0, latestEnd: 0 },
    react: 
     { count: 4,
       utilization: 0.01632129778380402,
       latestStart: 1638756319678,
       latestEnd: 1638756319699 },
    wrapup: { count: 0, utilization: 0, latestStart: 0, latestEnd: 0 },
    accessorName: 'status',
    currentMonitoringTime: 1638756320618,
    containedAccessors: [] } ]
TextDisplayHelper: [ { accessorClass: 'https://accessors.org/utilities/TextDisplay.js',
    accessorName: 'monitor',
    initialized: true },
  { accessorClass: 'https://accessors.org/test/TestSpontaneous.js',
    accessorName: 'TestSpontaneous2',
    initialized: true },
  { accessorClass: 'https://accessors.org/utilities/TextDisplay.js',
    accessorName: 'TextDisplay',
    initialized: true },
  { accessorClass: 'https://accessors.org/test/TestSpontaneous.js',
    accessorName: 'TestSpontaneous',
    initialized: true },
  { accessorClass: 'JavaScript',
    accessorName: 'JavaScriptRamp',
    initialized: true },
  { accessorClass: 'https://accessors.org/trusted/AccessorStatus.js',
    accessorName: 'AccessorStatus',
    initialized: true },
  { accessorClass: 'https://accessors.org/utilities/TextDisplay.js',
    accessorName: 'status',
    initialized: true } ]
TextDisplayHelper: 5
AccessorStatus: *** Final monitoring information: (Thread[AccessorStatusTest,1,main])
AccessorStatus: { utilization: 0.04162625911552687,
  startMonitoringTime: 1638756315650,
  initialize: { count: 0, utilization: 0, latestStart: 0, latestEnd: 0 },
  react: 
   { count: 5,
     utilization: 0.040460757950025704,
     latestStart: 1638756320630,
     latestEnd: 1638756320659 },
  wrapup: 
   { count: 2,
     utilization: 0.0011655011655011655,
     latestStart: 1638756320695,
     latestEnd: 1638756320701 },
  accessorName: 'monitor',
  currentMonitoringTime: 1638756320798,
  containedAccessors: [] } (Thread[AccessorStatusTest,1,main])
AccessorStatus: { utilization: 0.003658090388457674,
  startMonitoringTime: 1638756315664,
  initialize: { count: 0, utilization: 0, latestStart: 0, latestEnd: 0 },
  react: 
   { count: 5,
     utilization: 0.0005906057258809872,
     latestStart: 1638756320615,
     latestEnd: 1638756320615 },
  wrapup: 
   { count: 2,
     utilization: 0.003067484662576687,
     latestStart: 1638756320718,
     latestEnd: 1638756320734 },
  accessorName: 'TestSpontaneous2',
  currentMonitoringTime: 1638756320880,
  containedAccessors: [] } (Thread[AccessorStatusTest,1,main])
AccessorStatus: { utilization: 0.009113387525722334,
  startMonitoringTime: 1638756315681,
  initialize: { count: 0, utilization: 0, latestStart: 0, latestEnd: 0 },
  react: 
   { count: 5,
     utilization: 0.008538674882044173,
     latestStart: 1638756320683,
     latestEnd: 1638756320686 },
  wrapup: 
   { count: 2,
     utilization: 0.0005747126436781609,
     latestStart: 1638756320748,
     latestEnd: 1638756320751 },
  accessorName: 'TextDisplay',
  currentMonitoringTime: 1638756320901,
  containedAccessors: [] } (Thread[AccessorStatusTest,1,main])
AccessorStatus: { utilization: 0.0013278672772840414,
  startMonitoringTime: 1638756315694,
  initialize: { count: 0, utilization: 0, latestStart: 0, latestEnd: 0 },
  react: 
   { count: 5,
     utilization: 0.0005627563361975839,
     latestStart: 1638756320616,
     latestEnd: 1638756320617 },
  wrapup: 
   { count: 2,
     utilization: 0.0007651109410864575,
     latestStart: 1638756320757,
     latestEnd: 1638756320761 },
  accessorName: 'TestSpontaneous',
  currentMonitoringTime: 1638756320922,
  containedAccessors: [] } (Thread[AccessorStatusTest,1,main])
AccessorStatus: { utilization: 0.0019035751471158141,
  startMonitoringTime: 1638756315705,
  initialize: { count: 0, utilization: 0, latestStart: 0, latestEnd: 0 },
  react: 
   { count: 5,
     utilization: 0.001522404954624867,
     latestStart: 1638756320629,
     latestEnd: 1638756320630 },
  wrapup: 
   { count: 2,
     utilization: 0.0003811701924909472,
     latestStart: 1638756320772,
     latestEnd: 1638756320774 },
  accessorName: 'JavaScriptRamp',
  currentMonitoringTime: 1638756320952,
  containedAccessors: [] } (Thread[AccessorStatusTest,1,main])
AccessorStatus: { utilization: 0.04083115510776786,
  startMonitoringTime: 1638756315717,
  initialize: { count: 0, utilization: 0, latestStart: 0, latestEnd: 0 },
  react: 
   { count: 6,
     utilization: 0.005212107488720238,
     latestStart: 1638756320626,
     latestEnd: 1638756320629 },
  wrapup: 
   { count: 1,
     utilization: 0.03561904761904762,
     latestStart: 1638756320780,
     latestEnd: 0 },
  accessorName: 'AccessorStatus',
  currentMonitoringTime: 1638756320967,
  containedAccessors: [] } (Thread[AccessorStatusTest,1,main])
AccessorStatus: { utilization: 0.016710156707799385,
  startMonitoringTime: 1638756315728,
  initialize: { count: 0, utilization: 0, latestStart: 0, latestEnd: 0 },
  react: 
   { count: 5,
     utilization: 0.016710156707799385,
     latestStart: 1638756320660,
     latestEnd: 1638756320683 },
  wrapup: { count: 0, utilization: 0, latestStart: 0, latestEnd: 0 },
  accessorName: 'status',
  currentMonitoringTime: 1638756320983,
  containedAccessors: [] } (Thread[AccessorStatusTest,1,main])
14528 ms. Memory: 703488K Free: 502270K (71%)
----------------- Invoking toplevel() on ptolemy.moml.MoMLSimpleApplication@4c98a330
----------------- Done invoking toplevel() on ptolemy.moml.MoMLSimpleApplication@4c98a330
reloadAllAccessors: .AccessorStatusTest
This is the first time that the reloadAllAccessors method has been invoked in this JVM, so the the accessors repo will be checked out or updated and JSDoc invoked. Note that running the tests may end up invoking a new JVM for each directory, so the repo may be checked out or updated and JSDoc invoked more than once when the tests are run.
-------------- Reloaded accessors, but skipping rerun for now. Mon Dec 06 02:05:23 UTC 2021 /home/travis/build/icyphy/ptII/ptolemy/cg/kernel/generic/accessor/test/auto/AccessorStatusTest.xml

===========================================================================================
----------------- testing Mon Dec 06 02:05:23 UTC 2021 /home/travis/build/icyphy/ptII/ptolemy/cg/kernel/generic/accessor/test/auto/RampJSDisplay.xml
----------------- Instantiating /home/travis/build/icyphy/ptII/ptolemy/cg/kernel/generic/accessor/test/auto/RampJSDisplay.xml
TextDisplayHelper: 1
TextDisplayHelper: 2
TextDisplayHelper: 3
TextDisplayHelper: 4
TextDisplayHelper: 5
7850 ms. Memory: 949248K Free: 752126K (79%)
----------------- Invoking toplevel() on ptolemy.moml.MoMLSimpleApplication@7bb6eb61
----------------- Done invoking toplevel() on ptolemy.moml.MoMLSimpleApplication@7bb6eb61
reloadAllAccessors: .RampJSDisplay
-------------- Reloaded accessors, but skipping rerun for now. Mon Dec 06 02:05:34 UTC 2021 /home/travis/build/icyphy/ptII/ptolemy/cg/kernel/generic/accessor/test/auto/RampJSDisplay.xml

===========================================================================================
----------------- testing Mon Dec 06 02:05:34 UTC 2021 /home/travis/build/icyphy/ptII/ptolemy/cg/kernel/generic/accessor/test/auto/RampJSInspect.xml
----------------- Instantiating /home/travis/build/icyphy/ptII/ptolemy/cg/kernel/generic/accessor/test/auto/RampJSInspect.xml
8495 ms. Memory: 949248K Free: 536576K (57%)
----------------- Invoking toplevel() on ptolemy.moml.MoMLSimpleApplication@a70d435
----------------- Done invoking toplevel() on ptolemy.moml.MoMLSimpleApplication@a70d435
reloadAllAccessors: .RampJSInspect
-------------- Reloaded accessors, but skipping rerun for now. Mon Dec 06 02:05:46 UTC 2021 /home/travis/build/icyphy/ptII/ptolemy/cg/kernel/generic/accessor/test/auto/RampJSInspect.xml

===========================================================================================
----------------- testing Mon Dec 06 02:05:46 UTC 2021 /home/travis/build/icyphy/ptII/ptolemy/cg/kernel/generic/accessor/test/auto/RampJSTest.xml
----------------- Instantiating /home/travis/build/icyphy/ptII/ptolemy/cg/kernel/generic/accessor/test/auto/RampJSTest.xml
8022 ms. Memory: 949248K Free: 228864K (24%)
----------------- Invoking toplevel() on ptolemy.moml.MoMLSimpleApplication@2a4f1d8c
----------------- Done invoking toplevel() on ptolemy.moml.MoMLSimpleApplication@2a4f1d8c
reloadAllAccessors: .RampJSTest
-------------- Reloaded accessors, but skipping rerun for now. Mon Dec 06 02:05:57 UTC 2021 /home/travis/build/icyphy/ptII/ptolemy/cg/kernel/generic/accessor/test/auto/RampJSTest.xml

===========================================================================================
----------------- testing Mon Dec 06 02:05:57 UTC 2021 /home/travis/build/icyphy/ptII/ptolemy/cg/kernel/generic/accessor/test/auto/RampJSTextDisplay.xml
----------------- Instantiating /home/travis/build/icyphy/ptII/ptolemy/cg/kernel/generic/accessor/test/auto/RampJSTextDisplay.xml
TextDisplayHelper: 1
TextDisplayHelper: 2
TextDisplayHelper: 3
TextDisplayHelper: 4
TextDisplayHelper: 5
8906 ms. Memory: 949248K Free: 533504K (56%)
----------------- Invoking toplevel() on ptolemy.moml.MoMLSimpleApplication@3d2b9e94
----------------- Done invoking toplevel() on ptolemy.moml.MoMLSimpleApplication@3d2b9e94
reloadAllAccessors: .RampJSTextDisplay
-------------- Reloaded accessors, but skipping rerun for now. Mon Dec 06 02:06:09 UTC 2021 /home/travis/build/icyphy/ptII/ptolemy/cg/kernel/generic/accessor/test/auto/RampJSTextDisplay.xml

===========================================================================================
----------------- testing Mon Dec 06 02:06:09 UTC 2021 /home/travis/build/icyphy/ptII/ptolemy/cg/kernel/generic/accessor/test/auto/TestComposite.xml
----------------- Instantiating /home/travis/build/icyphy/ptII/ptolemy/cg/kernel/generic/accessor/test/auto/TestComposite.xml
1409 ms. Memory: 949248K Free: 512510K (54%)
----------------- Invoking toplevel() on ptolemy.moml.MoMLSimpleApplication@322d421e
----------------- Done invoking toplevel() on ptolemy.moml.MoMLSimpleApplication@322d421e
reloadAllAccessors: .TestComposite
-------------- Reloaded accessors, but skipping rerun for now. Mon Dec 06 02:06:12 UTC 2021 /home/travis/build/icyphy/ptII/ptolemy/cg/kernel/generic/accessor/test/auto/TestComposite.xml
AutoTests.java: About to close Vertx.
AutoTests.java: Vertx closed.
]]></system-out>
  <system-err><![CDATA[WARNING: TestSpontaneous2: Model stopped before executing actions (e.g. producing outputs) scheduled for execution at times [6.0]
WARNING: TestSpontaneous: Model stopped before executing actions (e.g. producing outputs) scheduled for execution at times [6.0]
WARNING: AccessorStatus: Model stopped before executing actions (e.g. producing outputs) scheduled for execution at times [6.0]
WARNING: TestSpontaneous: Model stopped before executing actions (e.g. producing outputs) scheduled for execution at times [6.0]
WARNING: TestSpontaneous: Model stopped before executing actions (e.g. producing outputs) scheduled for execution at times [5.0]
WARNING: TestSpontaneous: Model stopped before executing actions (e.g. producing outputs) scheduled for execution at times [5.0]
WARNING: TestSpontaneous: Model stopped before executing actions (e.g. producing outputs) scheduled for execution at times [6.0]
]]></system-err>
</testsuite>
