<?xml version="1.0" encoding="UTF-8" ?>
<testsuite errors="0" failures="0" hostname="travis-job-772172f6-2abb-4715-9cc1-f1c03c1408ed" name="ptolemy.domains.hdf.kernel.test.junit.JUnitTclTest" skipped="0" tests="39" time="5.461" timestamp="2019-05-08T01:27:08">
  <properties>
[...]
</properties>
  <testcase classname="ptolemy.util.test.junit.TclTests" name="[0] /home/travis/build/icyphy/ptII/ptolemy/domains/hdf/kernel/test/RateErrorChecking.tcl (RunTclFile)" time="0.194" />
  <testcase classname="ptolemy.util.test.junit.AutoKnownFailedTests" name="[0] /home/travis/build/icyphy/ptII/ptolemy/domains/hdf/kernel/test/auto/knownFailedTests/badFSMRateChanges.xml (RunModel)" time="0.421" />
  <testcase classname="ptolemy.util.test.junit.AutoNameArchTests" name="[0] ThereAreNoAutoArchTests (RunModel)" time="0.001" />
  <testcase classname="ptolemy.util.test.junit.AutoTests" name="[0] /home/travis/build/icyphy/ptII/ptolemy/domains/hdf/kernel/test/auto/ConstVariableRateTest.xml (RunModel)" time="0.191" />
  <testcase classname="ptolemy.util.test.junit.AutoTests" name="[1] /home/travis/build/icyphy/ptII/ptolemy/domains/hdf/kernel/test/auto/DifferentRefinedRates.xml (RunModel)" time="0.097" />
  <testcase classname="ptolemy.util.test.junit.AutoTests" name="[2] /home/travis/build/icyphy/ptII/ptolemy/domains/hdf/kernel/test/auto/DifferentRefinedRates2.xml (RunModel)" time="0.123" />
  <testcase classname="ptolemy.util.test.junit.AutoTests" name="[3] /home/travis/build/icyphy/ptII/ptolemy/domains/hdf/kernel/test/auto/DifferentRefinedRates3.xml (RunModel)" time="0.114" />
  <testcase classname="ptolemy.util.test.junit.AutoTests" name="[4] /home/travis/build/icyphy/ptII/ptolemy/domains/hdf/kernel/test/auto/DifferentRefinedRates4.xml (RunModel)" time="0.133" />
  <testcase classname="ptolemy.util.test.junit.AutoTests" name="[5] /home/travis/build/icyphy/ptII/ptolemy/domains/hdf/kernel/test/auto/DifferentRefinedRates5.xml (RunModel)" time="0.177" />
  <testcase classname="ptolemy.util.test.junit.AutoTests" name="[6] /home/travis/build/icyphy/ptII/ptolemy/domains/hdf/kernel/test/auto/DifferentRefinedRates6.xml (RunModel)" time="0.153" />
  <testcase classname="ptolemy.util.test.junit.AutoTests" name="[7] /home/travis/build/icyphy/ptII/ptolemy/domains/hdf/kernel/test/auto/DownSample_PowerOfTwo.xml (RunModel)" time="0.241" />
  <testcase classname="ptolemy.util.test.junit.AutoTests" name="[8] /home/travis/build/icyphy/ptII/ptolemy/domains/hdf/kernel/test/auto/FibonacciWithNullInitial.xml (RunModel)" time="0.205" />
  <testcase classname="ptolemy.util.test.junit.AutoTests" name="[9] /home/travis/build/icyphy/ptII/ptolemy/domains/hdf/kernel/test/auto/FibonacciWithNullInitial1.xml (RunModel)" time="0.175" />
  <testcase classname="ptolemy.util.test.junit.AutoTests" name="[10] /home/travis/build/icyphy/ptII/ptolemy/domains/hdf/kernel/test/auto/FibonacciWithTransientStates.xml (RunModel)" time="0.15" />
  <testcase classname="ptolemy.util.test.junit.AutoTests" name="[11] /home/travis/build/icyphy/ptII/ptolemy/domains/hdf/kernel/test/auto/FibonacciWithTransientStates2.xml (RunModel)" time="0.12" />
  <testcase classname="ptolemy.util.test.junit.AutoTests" name="[12] /home/travis/build/icyphy/ptII/ptolemy/domains/hdf/kernel/test/auto/FibonacciWithoutHistoryInitial.xml (RunModel)" time="0.142" />
  <testcase classname="ptolemy.util.test.junit.AutoTests" name="[13] /home/travis/build/icyphy/ptII/ptolemy/domains/hdf/kernel/test/auto/GuardUsingPastTokens.xml (RunModel)" time="0.08" />
  <testcase classname="ptolemy.util.test.junit.AutoTests" name="[14] /home/travis/build/icyphy/ptII/ptolemy/domains/hdf/kernel/test/auto/GuardWithResets.xml (RunModel)" time="0.095" />
  <testcase classname="ptolemy.util.test.junit.AutoTests" name="[15] /home/travis/build/icyphy/ptII/ptolemy/domains/hdf/kernel/test/auto/Hierarchy_2Level_Test1.xml (RunModel)" time="0.065" />
  <testcase classname="ptolemy.util.test.junit.AutoTests" name="[16] /home/travis/build/icyphy/ptII/ptolemy/domains/hdf/kernel/test/auto/Hierarchy_2Level_Test2.xml (RunModel)" time="0.07" />
  <testcase classname="ptolemy.util.test.junit.AutoTests" name="[17] /home/travis/build/icyphy/ptII/ptolemy/domains/hdf/kernel/test/auto/Hysteresis.xml (RunModel)" time="0.052" />
  <testcase classname="ptolemy.util.test.junit.AutoTests" name="[18] /home/travis/build/icyphy/ptII/ptolemy/domains/hdf/kernel/test/auto/InitTransient.xml (RunModel)" time="0.101" />
  <testcase classname="ptolemy.util.test.junit.AutoTests" name="[19] /home/travis/build/icyphy/ptII/ptolemy/domains/hdf/kernel/test/auto/Merge.xml (RunModel)" time="0.069" />
  <testcase classname="ptolemy.util.test.junit.AutoTests" name="[20] /home/travis/build/icyphy/ptII/ptolemy/domains/hdf/kernel/test/auto/ModalModelBooleanSwitch.xml (RunModel)" time="0.083" />
  <testcase classname="ptolemy.util.test.junit.AutoTests" name="[21] /home/travis/build/icyphy/ptII/ptolemy/domains/hdf/kernel/test/auto/SameRates.xml (RunModel)" time="0.051" />
  <testcase classname="ptolemy.util.test.junit.AutoTests" name="[22] /home/travis/build/icyphy/ptII/ptolemy/domains/hdf/kernel/test/auto/SameRefinedRates.xml (RunModel)" time="0.064" />
  <testcase classname="ptolemy.util.test.junit.AutoTests" name="[23] /home/travis/build/icyphy/ptII/ptolemy/domains/hdf/kernel/test/auto/SameRefinedRates2.xml (RunModel)" time="0.066" />
  <testcase classname="ptolemy.util.test.junit.AutoTests" name="[24] /home/travis/build/icyphy/ptII/ptolemy/domains/hdf/kernel/test/auto/TransientStates.xml (RunModel)" time="0.086" />
  <testcase classname="ptolemy.util.test.junit.AutoTests" name="[25] /home/travis/build/icyphy/ptII/ptolemy/domains/hdf/kernel/test/auto/TwoHammingCodec.xml (RunModel)" time="0.101" />
  <testcase classname="ptolemy.util.test.junit.AutoTests" name="[26] /home/travis/build/icyphy/ptII/ptolemy/domains/hdf/kernel/test/auto/TwoHammingCodec1.xml (RunModel)" time="0.096" />
  <testcase classname="ptolemy.util.test.junit.AutoTests" name="[27] /home/travis/build/icyphy/ptII/ptolemy/domains/hdf/kernel/test/auto/TwoLevelHierarchy.xml (RunModel)" time="0.168" />
  <testcase classname="ptolemy.util.test.junit.AutoTests" name="[28] /home/travis/build/icyphy/ptII/ptolemy/domains/hdf/kernel/test/auto/TwoLevelHierarchy1.xml (RunModel)" time="0.173" />
  <testcase classname="ptolemy.util.test.junit.AutoTests" name="[29] /home/travis/build/icyphy/ptII/ptolemy/domains/hdf/kernel/test/auto/TwoLevelHierarchy2.xml (RunModel)" time="0.137" />
  <testcase classname="ptolemy.util.test.junit.AutoTests" name="[30] /home/travis/build/icyphy/ptII/ptolemy/domains/hdf/kernel/test/auto/TwoLevelHierarchyNullStates.xml (RunModel)" time="0.149" />
  <testcase classname="ptolemy.util.test.junit.AutoTests" name="[31] /home/travis/build/icyphy/ptII/ptolemy/domains/hdf/kernel/test/auto/TwoLevelHierarchyWithResets.xml (RunModel)" time="0.171" />
  <testcase classname="ptolemy.util.test.junit.AutoTests" name="[32] /home/travis/build/icyphy/ptII/ptolemy/domains/hdf/kernel/test/auto/TwoLevelHierarchyWithResetsNullStates.xml (RunModel)" time="0.177" />
  <testcase classname="ptolemy.util.test.junit.AutoTests" name="[33] /home/travis/build/icyphy/ptII/ptolemy/domains/hdf/kernel/test/auto/WaterTank_HDF.xml (RunModel)" time="0.13" />
  <testcase classname="ptolemy.util.test.junit.AutoTests" name="[34] /home/travis/build/icyphy/ptII/ptolemy/domains/hdf/kernel/test/auto/WaterTank_HDF2.xml (RunModel)" time="0.13" />
  <testcase classname="ptolemy.util.test.junit.AutoTests" name="[35] /home/travis/build/icyphy/ptII/ptolemy/domains/hdf/kernel/test/auto/badFSMRateChanges.xml (RunModel)" time="0.054" />
  <system-out><![CDATA[/home/travis/build/icyphy/ptII/ptolemy/domains/hdf/kernel/test/RateErrorChecking.tcl
testDefs.tcl: setting time out to 9000 seconds at Wed May 08 01:27:08 UTC 2019


==== $PTII/ptolemy/domains/hdf/kernel/test/RateErrorChecking.tcl: RateErrorChecking-1.0 
==== Contents of test case:

    catch {createAndExecute "badFSMRateChanges.xml"} foo
    list $foo

==== Result was:
{java.io.FileNotFoundException: /home/travis/build/icyphy/ptII/ptolemy/domains/hdf/kernel/test/badFSMRateChanges.xml (No such file or directory)}
---- KNOWN Failure, Result should have been:
{ptolemy.kernel.util.IllegalActionException: Failed to compute schedule:
  in .badFSMRateChanges.SDF Director
Because:
The SDF rate parameter may change. This is not allowed in SDF models that will be run through the code generator.  If you don't care about code generation, then you might consider setting the allowRateChanges parameter of the SDF director to false.
    in .badFSMRateChanges.typed composite actor.output.tokenProductionRate}
---- RateErrorChecking-1.0 Failed, but this is a KNOWN failure
05/08/19 01:27:09
Failed: 0  Total Tests: 1  ((Passed: 0, Newly Passed: 0)  Known Failed: 1) /home/travis/build/icyphy/ptII/ptolemy/domains/hdf/kernel/test
----------------- testing (KnownFailure) /home/travis/build/icyphy/ptII/ptolemy/domains/hdf/kernel/test/auto/knownFailedTests/badFSMRateChanges.xml
111 ms. Memory: 116224K Free: 98110K (84%)
No auto/linux-amd64/*.xml tests in /home/travis/build/icyphy/ptII/ptolemy/domains/hdf/kernel/test
AutoTests.java: About to close Vertx.
AutoTests.java: Vertx closed.

===========================================================================================
----------------- testing Wed May 08 01:27:09 UTC 2019 /home/travis/build/icyphy/ptII/ptolemy/domains/hdf/kernel/test/auto/ConstVariableRateTest.xml
----------------- Instantiating /home/travis/build/icyphy/ptII/ptolemy/domains/hdf/kernel/test/auto/ConstVariableRateTest.xml
65 ms. Memory: 146944K Free: 119603K (81%)
----------------- Invoking toplevel() on ptolemy.moml.MoMLSimpleApplication@4b5d6cca
----------------- Done invoking toplevel() on ptolemy.moml.MoMLSimpleApplication@4b5d6cca
reloadAllAccessors: .ConstVariableRateTest

===========================================================================================
----------------- testing Wed May 08 01:27:09 UTC 2019 /home/travis/build/icyphy/ptII/ptolemy/domains/hdf/kernel/test/auto/DifferentRefinedRates.xml
----------------- Instantiating /home/travis/build/icyphy/ptII/ptolemy/domains/hdf/kernel/test/auto/DifferentRefinedRates.xml
32 ms. Memory: 146944K Free: 105251K (72%)
----------------- Invoking toplevel() on ptolemy.moml.MoMLSimpleApplication@15ed2ffe
----------------- Done invoking toplevel() on ptolemy.moml.MoMLSimpleApplication@15ed2ffe
reloadAllAccessors: .DifferentRefinedRates

===========================================================================================
----------------- testing Wed May 08 01:27:10 UTC 2019 /home/travis/build/icyphy/ptII/ptolemy/domains/hdf/kernel/test/auto/DifferentRefinedRates2.xml
----------------- Instantiating /home/travis/build/icyphy/ptII/ptolemy/domains/hdf/kernel/test/auto/DifferentRefinedRates2.xml
31 ms. Memory: 146944K Free: 88974K (61%)
----------------- Invoking toplevel() on ptolemy.moml.MoMLSimpleApplication@3bfae622
----------------- Done invoking toplevel() on ptolemy.moml.MoMLSimpleApplication@3bfae622
reloadAllAccessors: .DifferentRefinedRates2

===========================================================================================
----------------- testing Wed May 08 01:27:10 UTC 2019 /home/travis/build/icyphy/ptII/ptolemy/domains/hdf/kernel/test/auto/DifferentRefinedRates3.xml
----------------- Instantiating /home/travis/build/icyphy/ptII/ptolemy/domains/hdf/kernel/test/auto/DifferentRefinedRates3.xml
43 ms. Memory: 146944K Free: 138755K (94%)
----------------- Invoking toplevel() on ptolemy.moml.MoMLSimpleApplication@6200032
----------------- Done invoking toplevel() on ptolemy.moml.MoMLSimpleApplication@6200032
reloadAllAccessors: .DifferentRefinedRates3

===========================================================================================
----------------- testing Wed May 08 01:27:10 UTC 2019 /home/travis/build/icyphy/ptII/ptolemy/domains/hdf/kernel/test/auto/DifferentRefinedRates4.xml
----------------- Instantiating /home/travis/build/icyphy/ptII/ptolemy/domains/hdf/kernel/test/auto/DifferentRefinedRates4.xml
37 ms. Memory: 146944K Free: 120171K (82%)
----------------- Invoking toplevel() on ptolemy.moml.MoMLSimpleApplication@5e799566
----------------- Done invoking toplevel() on ptolemy.moml.MoMLSimpleApplication@5e799566
reloadAllAccessors: .NewHDFtest1

===========================================================================================
----------------- testing Wed May 08 01:27:10 UTC 2019 /home/travis/build/icyphy/ptII/ptolemy/domains/hdf/kernel/test/auto/DifferentRefinedRates5.xml
----------------- Instantiating /home/travis/build/icyphy/ptII/ptolemy/domains/hdf/kernel/test/auto/DifferentRefinedRates5.xml
67 ms. Memory: 146944K Free: 103505K (70%)
----------------- Invoking toplevel() on ptolemy.moml.MoMLSimpleApplication@6ea189f
----------------- Done invoking toplevel() on ptolemy.moml.MoMLSimpleApplication@6ea189f
reloadAllAccessors: .NewHDFtest2

===========================================================================================
----------------- testing Wed May 08 01:27:10 UTC 2019 /home/travis/build/icyphy/ptII/ptolemy/domains/hdf/kernel/test/auto/DifferentRefinedRates6.xml
----------------- Instantiating /home/travis/build/icyphy/ptII/ptolemy/domains/hdf/kernel/test/auto/DifferentRefinedRates6.xml
63 ms. Memory: 146944K Free: 88475K (60%)
----------------- Invoking toplevel() on ptolemy.moml.MoMLSimpleApplication@274ae71a
----------------- Done invoking toplevel() on ptolemy.moml.MoMLSimpleApplication@274ae71a
reloadAllAccessors: .DifferentRefinedRates6

===========================================================================================
----------------- testing Wed May 08 01:27:10 UTC 2019 /home/travis/build/icyphy/ptII/ptolemy/domains/hdf/kernel/test/auto/DownSample_PowerOfTwo.xml
----------------- Instantiating /home/travis/build/icyphy/ptII/ptolemy/domains/hdf/kernel/test/auto/DownSample_PowerOfTwo.xml
165 ms. Memory: 208384K Free: 184393K (88%)
----------------- Invoking toplevel() on ptolemy.moml.MoMLSimpleApplication@529dd4bd
----------------- Done invoking toplevel() on ptolemy.moml.MoMLSimpleApplication@529dd4bd
reloadAllAccessors: .SDFDownSample

===========================================================================================
----------------- testing Wed May 08 01:27:11 UTC 2019 /home/travis/build/icyphy/ptII/ptolemy/domains/hdf/kernel/test/auto/FibonacciWithNullInitial.xml
----------------- Instantiating /home/travis/build/icyphy/ptII/ptolemy/domains/hdf/kernel/test/auto/FibonacciWithNullInitial.xml
160 ms. Memory: 208384K Free: 158318K (76%)
----------------- Invoking toplevel() on ptolemy.moml.MoMLSimpleApplication@6692b583
----------------- Done invoking toplevel() on ptolemy.moml.MoMLSimpleApplication@6692b583
reloadAllAccessors: .FibonacciWithNullInitial

===========================================================================================
----------------- testing Wed May 08 01:27:11 UTC 2019 /home/travis/build/icyphy/ptII/ptolemy/domains/hdf/kernel/test/auto/FibonacciWithNullInitial1.xml
----------------- Instantiating /home/travis/build/icyphy/ptII/ptolemy/domains/hdf/kernel/test/auto/FibonacciWithNullInitial1.xml
144 ms. Memory: 208384K Free: 133030K (64%)
----------------- Invoking toplevel() on ptolemy.moml.MoMLSimpleApplication@792d8bfb
----------------- Done invoking toplevel() on ptolemy.moml.MoMLSimpleApplication@792d8bfb
reloadAllAccessors: .FibonacciWithNullInitial1

===========================================================================================
----------------- testing Wed May 08 01:27:11 UTC 2019 /home/travis/build/icyphy/ptII/ptolemy/domains/hdf/kernel/test/auto/FibonacciWithTransientStates.xml
----------------- Instantiating /home/travis/build/icyphy/ptII/ptolemy/domains/hdf/kernel/test/auto/FibonacciWithTransientStates.xml
92 ms. Memory: 208384K Free: 106562K (51%)
----------------- Invoking toplevel() on ptolemy.moml.MoMLSimpleApplication@316dbeb7
----------------- Done invoking toplevel() on ptolemy.moml.MoMLSimpleApplication@316dbeb7
reloadAllAccessors: .FibonacciWithTransientStates

===========================================================================================
----------------- testing Wed May 08 01:27:11 UTC 2019 /home/travis/build/icyphy/ptII/ptolemy/domains/hdf/kernel/test/auto/FibonacciWithTransientStates2.xml
----------------- Instantiating /home/travis/build/icyphy/ptII/ptolemy/domains/hdf/kernel/test/auto/FibonacciWithTransientStates2.xml
46 ms. Memory: 208384K Free: 83447K (40%)
----------------- Invoking toplevel() on ptolemy.moml.MoMLSimpleApplication@d06a2b
----------------- Done invoking toplevel() on ptolemy.moml.MoMLSimpleApplication@d06a2b
reloadAllAccessors: .FibonacciWithTransientStates2

===========================================================================================
----------------- testing Wed May 08 01:27:11 UTC 2019 /home/travis/build/icyphy/ptII/ptolemy/domains/hdf/kernel/test/auto/FibonacciWithoutHistoryInitial.xml
----------------- Instantiating /home/travis/build/icyphy/ptII/ptolemy/domains/hdf/kernel/test/auto/FibonacciWithoutHistoryInitial.xml
86 ms. Memory: 208384K Free: 185245K (89%)
----------------- Invoking toplevel() on ptolemy.moml.MoMLSimpleApplication@49a3698a
----------------- Done invoking toplevel() on ptolemy.moml.MoMLSimpleApplication@49a3698a
reloadAllAccessors: .FibonacciWithoutHistoryInitial

===========================================================================================
----------------- testing Wed May 08 01:27:11 UTC 2019 /home/travis/build/icyphy/ptII/ptolemy/domains/hdf/kernel/test/auto/GuardUsingPastTokens.xml
----------------- Instantiating /home/travis/build/icyphy/ptII/ptolemy/domains/hdf/kernel/test/auto/GuardUsingPastTokens.xml
27 ms. Memory: 208384K Free: 169200K (81%)
----------------- Invoking toplevel() on ptolemy.moml.MoMLSimpleApplication@6126f1dd
----------------- Done invoking toplevel() on ptolemy.moml.MoMLSimpleApplication@6126f1dd
reloadAllAccessors: .GuardUsingPastTokens

===========================================================================================
----------------- testing Wed May 08 01:27:11 UTC 2019 /home/travis/build/icyphy/ptII/ptolemy/domains/hdf/kernel/test/auto/GuardWithResets.xml
----------------- Instantiating /home/travis/build/icyphy/ptII/ptolemy/domains/hdf/kernel/test/auto/GuardWithResets.xml
29 ms. Memory: 208384K Free: 150496K (72%)
----------------- Invoking toplevel() on ptolemy.moml.MoMLSimpleApplication@3624d995
----------------- Done invoking toplevel() on ptolemy.moml.MoMLSimpleApplication@3624d995
reloadAllAccessors: .GuardWithResets

===========================================================================================
----------------- testing Wed May 08 01:27:12 UTC 2019 /home/travis/build/icyphy/ptII/ptolemy/domains/hdf/kernel/test/auto/Hierarchy_2Level_Test1.xml
----------------- Instantiating /home/travis/build/icyphy/ptII/ptolemy/domains/hdf/kernel/test/auto/Hierarchy_2Level_Test1.xml
18 ms. Memory: 208384K Free: 131314K (63%)
----------------- Invoking toplevel() on ptolemy.moml.MoMLSimpleApplication@72c75a71
----------------- Done invoking toplevel() on ptolemy.moml.MoMLSimpleApplication@72c75a71
reloadAllAccessors: .Hierarchy_2Level_Test1

===========================================================================================
----------------- testing Wed May 08 01:27:12 UTC 2019 /home/travis/build/icyphy/ptII/ptolemy/domains/hdf/kernel/test/auto/Hierarchy_2Level_Test2.xml
----------------- Instantiating /home/travis/build/icyphy/ptII/ptolemy/domains/hdf/kernel/test/auto/Hierarchy_2Level_Test2.xml
28 ms. Memory: 208384K Free: 112074K (54%)
----------------- Invoking toplevel() on ptolemy.moml.MoMLSimpleApplication@389420c5
----------------- Done invoking toplevel() on ptolemy.moml.MoMLSimpleApplication@389420c5
reloadAllAccessors: .Hierarchy_4Level_Test2

===========================================================================================
----------------- testing Wed May 08 01:27:12 UTC 2019 /home/travis/build/icyphy/ptII/ptolemy/domains/hdf/kernel/test/auto/Hysteresis.xml
----------------- Instantiating /home/travis/build/icyphy/ptII/ptolemy/domains/hdf/kernel/test/auto/Hysteresis.xml
19 ms. Memory: 208384K Free: 100442K (48%)
----------------- Invoking toplevel() on ptolemy.moml.MoMLSimpleApplication@325887c7
----------------- Done invoking toplevel() on ptolemy.moml.MoMLSimpleApplication@325887c7
reloadAllAccessors: .Hysteresis

===========================================================================================
----------------- testing Wed May 08 01:27:12 UTC 2019 /home/travis/build/icyphy/ptII/ptolemy/domains/hdf/kernel/test/auto/InitTransient.xml
----------------- Instantiating /home/travis/build/icyphy/ptII/ptolemy/domains/hdf/kernel/test/auto/InitTransient.xml
36 ms. Memory: 331776K Free: 325621K (98%)
----------------- Invoking toplevel() on ptolemy.moml.MoMLSimpleApplication@72e075ae
----------------- Done invoking toplevel() on ptolemy.moml.MoMLSimpleApplication@72e075ae
reloadAllAccessors: .InitTransient

===========================================================================================
----------------- testing Wed May 08 01:27:12 UTC 2019 /home/travis/build/icyphy/ptII/ptolemy/domains/hdf/kernel/test/auto/Merge.xml
----------------- Instantiating /home/travis/build/icyphy/ptII/ptolemy/domains/hdf/kernel/test/auto/Merge.xml
29 ms. Memory: 331776K Free: 304381K (92%)
----------------- Invoking toplevel() on ptolemy.moml.MoMLSimpleApplication@7c62a3e3
----------------- Done invoking toplevel() on ptolemy.moml.MoMLSimpleApplication@7c62a3e3
reloadAllAccessors: .Merge

===========================================================================================
----------------- testing Wed May 08 01:27:12 UTC 2019 /home/travis/build/icyphy/ptII/ptolemy/domains/hdf/kernel/test/auto/ModalModelBooleanSwitch.xml
----------------- Instantiating /home/travis/build/icyphy/ptII/ptolemy/domains/hdf/kernel/test/auto/ModalModelBooleanSwitch.xml
27 ms. Memory: 331776K Free: 282262K (85%)
----------------- Invoking toplevel() on ptolemy.moml.MoMLSimpleApplication@33f610f7
----------------- Done invoking toplevel() on ptolemy.moml.MoMLSimpleApplication@33f610f7
reloadAllAccessors: .BooleanSwitchWithModel

===========================================================================================
----------------- testing Wed May 08 01:27:12 UTC 2019 /home/travis/build/icyphy/ptII/ptolemy/domains/hdf/kernel/test/auto/SameRates.xml
----------------- Instantiating /home/travis/build/icyphy/ptII/ptolemy/domains/hdf/kernel/test/auto/SameRates.xml
21 ms. Memory: 331776K Free: 267516K (81%)
----------------- Invoking toplevel() on ptolemy.moml.MoMLSimpleApplication@4954cce3
----------------- Done invoking toplevel() on ptolemy.moml.MoMLSimpleApplication@4954cce3
reloadAllAccessors: .SameRates

===========================================================================================
----------------- testing Wed May 08 01:27:12 UTC 2019 /home/travis/build/icyphy/ptII/ptolemy/domains/hdf/kernel/test/auto/SameRefinedRates.xml
----------------- Instantiating /home/travis/build/icyphy/ptII/ptolemy/domains/hdf/kernel/test/auto/SameRefinedRates.xml
24 ms. Memory: 331776K Free: 252091K (76%)
----------------- Invoking toplevel() on ptolemy.moml.MoMLSimpleApplication@46000d0b
----------------- Done invoking toplevel() on ptolemy.moml.MoMLSimpleApplication@46000d0b
reloadAllAccessors: .SameRefinedRates

===========================================================================================
----------------- testing Wed May 08 01:27:12 UTC 2019 /home/travis/build/icyphy/ptII/ptolemy/domains/hdf/kernel/test/auto/SameRefinedRates2.xml
----------------- Instantiating /home/travis/build/icyphy/ptII/ptolemy/domains/hdf/kernel/test/auto/SameRefinedRates2.xml
26 ms. Memory: 331776K Free: 236109K (71%)
----------------- Invoking toplevel() on ptolemy.moml.MoMLSimpleApplication@270ef48f
----------------- Done invoking toplevel() on ptolemy.moml.MoMLSimpleApplication@270ef48f
reloadAllAccessors: .SameRefinedRates2

===========================================================================================
----------------- testing Wed May 08 01:27:12 UTC 2019 /home/travis/build/icyphy/ptII/ptolemy/domains/hdf/kernel/test/auto/TransientStates.xml
----------------- Instantiating /home/travis/build/icyphy/ptII/ptolemy/domains/hdf/kernel/test/auto/TransientStates.xml
27 ms. Memory: 331776K Free: 213303K (64%)
----------------- Invoking toplevel() on ptolemy.moml.MoMLSimpleApplication@3a68407c
----------------- Done invoking toplevel() on ptolemy.moml.MoMLSimpleApplication@3a68407c
reloadAllAccessors: .TransientStates

===========================================================================================
----------------- testing Wed May 08 01:27:12 UTC 2019 /home/travis/build/icyphy/ptII/ptolemy/domains/hdf/kernel/test/auto/TwoHammingCodec.xml
----------------- Instantiating /home/travis/build/icyphy/ptII/ptolemy/domains/hdf/kernel/test/auto/TwoHammingCodec.xml
47 ms. Memory: 331776K Free: 191184K (58%)
----------------- Invoking toplevel() on ptolemy.moml.MoMLSimpleApplication@749a62ad
----------------- Done invoking toplevel() on ptolemy.moml.MoMLSimpleApplication@749a62ad
reloadAllAccessors: .TwoHammingCodec

===========================================================================================
----------------- testing Wed May 08 01:27:12 UTC 2019 /home/travis/build/icyphy/ptII/ptolemy/domains/hdf/kernel/test/auto/TwoHammingCodec1.xml
----------------- Instantiating /home/travis/build/icyphy/ptII/ptolemy/domains/hdf/kernel/test/auto/TwoHammingCodec1.xml
42 ms. Memory: 331776K Free: 165363K (50%)
----------------- Invoking toplevel() on ptolemy.moml.MoMLSimpleApplication@7b187a37
----------------- Done invoking toplevel() on ptolemy.moml.MoMLSimpleApplication@7b187a37
reloadAllAccessors: .twoHammingCodec1

===========================================================================================
----------------- testing Wed May 08 01:27:12 UTC 2019 /home/travis/build/icyphy/ptII/ptolemy/domains/hdf/kernel/test/auto/TwoLevelHierarchy.xml
----------------- Instantiating /home/travis/build/icyphy/ptII/ptolemy/domains/hdf/kernel/test/auto/TwoLevelHierarchy.xml
58 ms. Memory: 331776K Free: 117901K (36%)
----------------- Invoking toplevel() on ptolemy.moml.MoMLSimpleApplication@2770210a
----------------- Done invoking toplevel() on ptolemy.moml.MoMLSimpleApplication@2770210a
reloadAllAccessors: .TwoLevelHierarchy

===========================================================================================
----------------- testing Wed May 08 01:27:13 UTC 2019 /home/travis/build/icyphy/ptII/ptolemy/domains/hdf/kernel/test/auto/TwoLevelHierarchy1.xml
----------------- Instantiating /home/travis/build/icyphy/ptII/ptolemy/domains/hdf/kernel/test/auto/TwoLevelHierarchy1.xml
74 ms. Memory: 331776K Free: 316748K (95%)
----------------- Invoking toplevel() on ptolemy.moml.MoMLSimpleApplication@3a13d6c5
----------------- Done invoking toplevel() on ptolemy.moml.MoMLSimpleApplication@3a13d6c5
reloadAllAccessors: .TwoLevelHierarchy1

===========================================================================================
----------------- testing Wed May 08 01:27:13 UTC 2019 /home/travis/build/icyphy/ptII/ptolemy/domains/hdf/kernel/test/auto/TwoLevelHierarchy2.xml
----------------- Instantiating /home/travis/build/icyphy/ptII/ptolemy/domains/hdf/kernel/test/auto/TwoLevelHierarchy2.xml
49 ms. Memory: 331776K Free: 277244K (84%)
----------------- Invoking toplevel() on ptolemy.moml.MoMLSimpleApplication@6b47532d
----------------- Done invoking toplevel() on ptolemy.moml.MoMLSimpleApplication@6b47532d
reloadAllAccessors: .TwoLevelHierarchy2

===========================================================================================
----------------- testing Wed May 08 01:27:13 UTC 2019 /home/travis/build/icyphy/ptII/ptolemy/domains/hdf/kernel/test/auto/TwoLevelHierarchyNullStates.xml
----------------- Instantiating /home/travis/build/icyphy/ptII/ptolemy/domains/hdf/kernel/test/auto/TwoLevelHierarchyNullStates.xml
50 ms. Memory: 331776K Free: 222709K (67%)
----------------- Invoking toplevel() on ptolemy.moml.MoMLSimpleApplication@3fb194aa
----------------- Done invoking toplevel() on ptolemy.moml.MoMLSimpleApplication@3fb194aa
reloadAllAccessors: .TwoLevelHierarchyNullStates

===========================================================================================
----------------- testing Wed May 08 01:27:13 UTC 2019 /home/travis/build/icyphy/ptII/ptolemy/domains/hdf/kernel/test/auto/TwoLevelHierarchyWithResets.xml
----------------- Instantiating /home/travis/build/icyphy/ptII/ptolemy/domains/hdf/kernel/test/auto/TwoLevelHierarchyWithResets.xml
68 ms. Memory: 331776K Free: 172327K (52%)
----------------- Invoking toplevel() on ptolemy.moml.MoMLSimpleApplication@3100e62e
----------------- Done invoking toplevel() on ptolemy.moml.MoMLSimpleApplication@3100e62e
reloadAllAccessors: .TwoLevelHierarchy1

===========================================================================================
----------------- testing Wed May 08 01:27:13 UTC 2019 /home/travis/build/icyphy/ptII/ptolemy/domains/hdf/kernel/test/auto/TwoLevelHierarchyWithResetsNullStates.xml
----------------- Instantiating /home/travis/build/icyphy/ptII/ptolemy/domains/hdf/kernel/test/auto/TwoLevelHierarchyWithResetsNullStates.xml
65 ms. Memory: 331776K Free: 107970K (33%)
----------------- Invoking toplevel() on ptolemy.moml.MoMLSimpleApplication@77e93a9c
----------------- Done invoking toplevel() on ptolemy.moml.MoMLSimpleApplication@77e93a9c
reloadAllAccessors: .TwoLevelHierarchyWithResetsNullStates

===========================================================================================
----------------- testing Wed May 08 01:27:13 UTC 2019 /home/travis/build/icyphy/ptII/ptolemy/domains/hdf/kernel/test/auto/WaterTank_HDF.xml
----------------- Instantiating /home/travis/build/icyphy/ptII/ptolemy/domains/hdf/kernel/test/auto/WaterTank_HDF.xml
69 ms. Memory: 577536K Free: 567227K (98%)
----------------- Invoking toplevel() on ptolemy.moml.MoMLSimpleApplication@19ce79aa
----------------- Done invoking toplevel() on ptolemy.moml.MoMLSimpleApplication@19ce79aa
reloadAllAccessors: .WaterTank_HDF

===========================================================================================
----------------- testing Wed May 08 01:27:14 UTC 2019 /home/travis/build/icyphy/ptII/ptolemy/domains/hdf/kernel/test/auto/WaterTank_HDF2.xml
----------------- Instantiating /home/travis/build/icyphy/ptII/ptolemy/domains/hdf/kernel/test/auto/WaterTank_HDF2.xml
47 ms. Memory: 577536K Free: 528146K (91%)
----------------- Invoking toplevel() on ptolemy.moml.MoMLSimpleApplication@1d6ae7fe
----------------- Done invoking toplevel() on ptolemy.moml.MoMLSimpleApplication@1d6ae7fe
reloadAllAccessors: .WaterTank_HDF2

===========================================================================================
----------------- testing Wed May 08 01:27:14 UTC 2019 /home/travis/build/icyphy/ptII/ptolemy/domains/hdf/kernel/test/auto/badFSMRateChanges.xml
----------------- Instantiating /home/travis/build/icyphy/ptII/ptolemy/domains/hdf/kernel/test/auto/badFSMRateChanges.xml
13 ms. Memory: 577536K Free: 510960K (88%)
----------------- Invoking toplevel() on ptolemy.moml.MoMLSimpleApplication@52cb51b8
----------------- Done invoking toplevel() on ptolemy.moml.MoMLSimpleApplication@52cb51b8
reloadAllAccessors: .badFSMRateChanges
AutoTests.java: About to close Vertx.
AutoTests.java: Vertx closed.
]]></system-out>
  <system-err><![CDATA[]]></system-err>
</testsuite>
