<?xml version="1.0" encoding="UTF-8" ?>
<testsuite errors="0" failures="0" hostname="travis-job-b95872f9-4b8a-4009-afeb-95be52b5b08e" name="ptolemy.actor.lib.hoc.test.junit.JUnitTclTest" skipped="0" tests="58" time="25.402" timestamp="2019-03-14T18:32:39">
  <properties>
[...]
</properties>
  <testcase classname="ptolemy.util.test.junit.TclTests" name="[0] /home/travis/build/icyphy/ptII/ptolemy/actor/lib/hoc/test/IterateOverArray.tcl (RunTclFile)" time="0.264" />
  <testcase classname="ptolemy.util.test.junit.AutoKnownFailedTests" name="[0] /home/travis/build/icyphy/ptII/ptolemy/actor/lib/hoc/test/auto/knownFailedTests/PreinitializeMustBeInvokedRunComposite.xml (RunModel)" time="0.246" />
  <testcase classname="ptolemy.util.test.junit.AutoNameArchTests" name="[0] ThereAreNoAutoArchTests (RunModel)" time="0.002" />
  <testcase classname="ptolemy.util.test.junit.AutoTests" name="[0] /home/travis/build/icyphy/ptII/ptolemy/actor/lib/hoc/test/auto/AllToAllMultiInstanceComposite.xml (RunModel)" time="0.365" />
  <testcase classname="ptolemy.util.test.junit.AutoTests" name="[1] /home/travis/build/icyphy/ptII/ptolemy/actor/lib/hoc/test/auto/ApplyFFTTest.xml (RunModel)" time="0.336" />
  <testcase classname="ptolemy.util.test.junit.AutoTests" name="[2] /home/travis/build/icyphy/ptII/ptolemy/actor/lib/hoc/test/auto/ApplyFunction.xml (RunModel)" time="0.034" />
  <testcase classname="ptolemy.util.test.junit.AutoTests" name="[3] /home/travis/build/icyphy/ptII/ptolemy/actor/lib/hoc/test/auto/BackgroundExecution.xml (RunModel)" time="0.684" />
  <testcase classname="ptolemy.util.test.junit.AutoTests" name="[4] /home/travis/build/icyphy/ptII/ptolemy/actor/lib/hoc/test/auto/Case.xml (RunModel)" time="0.048" />
  <testcase classname="ptolemy.util.test.junit.AutoTests" name="[5] /home/travis/build/icyphy/ptII/ptolemy/actor/lib/hoc/test/auto/Case1.xml (RunModel)" time="0.074" />
  <testcase classname="ptolemy.util.test.junit.AutoTests" name="[6] /home/travis/build/icyphy/ptII/ptolemy/actor/lib/hoc/test/auto/Case2.xml (RunModel)" time="0.053" />
  <testcase classname="ptolemy.util.test.junit.AutoTests" name="[7] /home/travis/build/icyphy/ptII/ptolemy/actor/lib/hoc/test/auto/Case3.xml (RunModel)" time="0.051" />
  <testcase classname="ptolemy.util.test.junit.AutoTests" name="[8] /home/travis/build/icyphy/ptII/ptolemy/actor/lib/hoc/test/auto/Case4.xml (RunModel)" time="0.067" />
  <testcase classname="ptolemy.util.test.junit.AutoTests" name="[9] /home/travis/build/icyphy/ptII/ptolemy/actor/lib/hoc/test/auto/Case5.xml (RunModel)" time="0.061" />
  <testcase classname="ptolemy.util.test.junit.AutoTests" name="[10] /home/travis/build/icyphy/ptII/ptolemy/actor/lib/hoc/test/auto/Case6.xml (RunModel)" time="0.122" />
  <testcase classname="ptolemy.util.test.junit.AutoTests" name="[11] /home/travis/build/icyphy/ptII/ptolemy/actor/lib/hoc/test/auto/CaseString2.xml (RunModel)" time="0.036" />
  <testcase classname="ptolemy.util.test.junit.AutoTests" name="[12] /home/travis/build/icyphy/ptII/ptolemy/actor/lib/hoc/test/auto/CatchUpComposite1.xml (RunModel)" time="0.092" />
  <testcase classname="ptolemy.util.test.junit.AutoTests" name="[13] /home/travis/build/icyphy/ptII/ptolemy/actor/lib/hoc/test/auto/CatchUpComposite2.xml (RunModel)" time="0.082" />
  <testcase classname="ptolemy.util.test.junit.AutoTests" name="[14] /home/travis/build/icyphy/ptII/ptolemy/actor/lib/hoc/test/auto/CatchUpComposite3.xml (RunModel)" time="0.053" />
  <testcase classname="ptolemy.util.test.junit.AutoTests" name="[15] /home/travis/build/icyphy/ptII/ptolemy/actor/lib/hoc/test/auto/CatchUpComposite4.xml (RunModel)" time="0.064" />
  <testcase classname="ptolemy.util.test.junit.AutoTests" name="[16] /home/travis/build/icyphy/ptII/ptolemy/actor/lib/hoc/test/auto/CatchUpComposite5.xml (RunModel)" time="0.046" />
  <testcase classname="ptolemy.util.test.junit.AutoTests" name="[17] /home/travis/build/icyphy/ptII/ptolemy/actor/lib/hoc/test/auto/CatchUpComposite6.xml (RunModel)" time="0.179" />
  <testcase classname="ptolemy.util.test.junit.AutoTests" name="[18] /home/travis/build/icyphy/ptII/ptolemy/actor/lib/hoc/test/auto/CatchUpComposite7.xml (RunModel)" time="0.095" />
  <testcase classname="ptolemy.util.test.junit.AutoTests" name="[19] /home/travis/build/icyphy/ptII/ptolemy/actor/lib/hoc/test/auto/ConcurrentExecutionTimeSDF.xml (RunModel)" time="1.771" />
  <testcase classname="ptolemy.util.test.junit.AutoTests" name="[20] /home/travis/build/icyphy/ptII/ptolemy/actor/lib/hoc/test/auto/ConcurrentSleep.xml (RunModel)" time="0.779" />
  <testcase classname="ptolemy.util.test.junit.AutoTests" name="[21] /home/travis/build/icyphy/ptII/ptolemy/actor/lib/hoc/test/auto/DEInPNInRunCompositeActor.xml (RunModel)" time="0.038" />
  <testcase classname="ptolemy.util.test.junit.AutoTests" name="[22] /home/travis/build/icyphy/ptII/ptolemy/actor/lib/hoc/test/auto/DFTSubSetTest.xml (RunModel)" time="0.283" />
  <testcase classname="ptolemy.util.test.junit.AutoTests" name="[23] /home/travis/build/icyphy/ptII/ptolemy/actor/lib/hoc/test/auto/HocDE.xml (RunModel)" time="0.179" />
  <testcase classname="ptolemy.util.test.junit.AutoTests" name="[24] /home/travis/build/icyphy/ptII/ptolemy/actor/lib/hoc/test/auto/IterateOverArray.xml (RunModel)" time="0.043" />
  <testcase classname="ptolemy.util.test.junit.AutoTests" name="[25] /home/travis/build/icyphy/ptII/ptolemy/actor/lib/hoc/test/auto/IterateOverArray10.xml (RunModel)" time="0.018" />
  <testcase classname="ptolemy.util.test.junit.AutoTests" name="[26] /home/travis/build/icyphy/ptII/ptolemy/actor/lib/hoc/test/auto/IterateOverArray11.xml (RunModel)" time="0.028" />
  <testcase classname="ptolemy.util.test.junit.AutoTests" name="[27] /home/travis/build/icyphy/ptII/ptolemy/actor/lib/hoc/test/auto/IterateOverArray12.xml (RunModel)" time="0.048" />
  <testcase classname="ptolemy.util.test.junit.AutoTests" name="[28] /home/travis/build/icyphy/ptII/ptolemy/actor/lib/hoc/test/auto/IterateOverArray13.xml (RunModel)" time="0.157" />
  <testcase classname="ptolemy.util.test.junit.AutoTests" name="[29] /home/travis/build/icyphy/ptII/ptolemy/actor/lib/hoc/test/auto/IterateOverArray14.xml (RunModel)" time="0.164" />
  <testcase classname="ptolemy.util.test.junit.AutoTests" name="[30] /home/travis/build/icyphy/ptII/ptolemy/actor/lib/hoc/test/auto/IterateOverArray2.xml (RunModel)" time="0.024" />
  <testcase classname="ptolemy.util.test.junit.AutoTests" name="[31] /home/travis/build/icyphy/ptII/ptolemy/actor/lib/hoc/test/auto/IterateOverArray3.xml (RunModel)" time="0.035" />
  <testcase classname="ptolemy.util.test.junit.AutoTests" name="[32] /home/travis/build/icyphy/ptII/ptolemy/actor/lib/hoc/test/auto/IterateOverArray4.xml (RunModel)" time="0.033" />
  <testcase classname="ptolemy.util.test.junit.AutoTests" name="[33] /home/travis/build/icyphy/ptII/ptolemy/actor/lib/hoc/test/auto/IterateOverArray5.xml (RunModel)" time="0.02" />
  <testcase classname="ptolemy.util.test.junit.AutoTests" name="[34] /home/travis/build/icyphy/ptII/ptolemy/actor/lib/hoc/test/auto/IterateOverArray6.xml (RunModel)" time="0.015" />
  <testcase classname="ptolemy.util.test.junit.AutoTests" name="[35] /home/travis/build/icyphy/ptII/ptolemy/actor/lib/hoc/test/auto/IterateOverArray7.xml (RunModel)" time="0.019" />
  <testcase classname="ptolemy.util.test.junit.AutoTests" name="[36] /home/travis/build/icyphy/ptII/ptolemy/actor/lib/hoc/test/auto/IterateOverArray8.xml (RunModel)" time="0.026" />
  <testcase classname="ptolemy.util.test.junit.AutoTests" name="[37] /home/travis/build/icyphy/ptII/ptolemy/actor/lib/hoc/test/auto/IterateOverArray9.xml (RunModel)" time="0.025" />
  <testcase classname="ptolemy.util.test.junit.AutoTests" name="[38] /home/travis/build/icyphy/ptII/ptolemy/actor/lib/hoc/test/auto/IterateOverArrayCoercedOutputType.xml (RunModel)" time="0.027" />
  <testcase classname="ptolemy.util.test.junit.AutoTests" name="[39] /home/travis/build/icyphy/ptII/ptolemy/actor/lib/hoc/test/auto/IterateOverArrayInferredOutputType.xml (RunModel)" time="0.046" />
  <testcase classname="ptolemy.util.test.junit.AutoTests" name="[40] /home/travis/build/icyphy/ptII/ptolemy/actor/lib/hoc/test/auto/MobileFunctionTest.xml (RunModel)" time="0.026" />
  <testcase classname="ptolemy.util.test.junit.AutoTests" name="[41] /home/travis/build/icyphy/ptII/ptolemy/actor/lib/hoc/test/auto/MobileModelTest.xml (RunModel)" time="0.108" />
  <testcase classname="ptolemy.util.test.junit.AutoTests" name="[42] /home/travis/build/icyphy/ptII/ptolemy/actor/lib/hoc/test/auto/ModelReference.xml (RunModel)" time="0.092" />
  <testcase classname="ptolemy.util.test.junit.AutoTests" name="[43] /home/travis/build/icyphy/ptII/ptolemy/actor/lib/hoc/test/auto/ModelReference3.xml (RunModel)" time="0.052" />
  <testcase classname="ptolemy.util.test.junit.AutoTests" name="[44] /home/travis/build/icyphy/ptII/ptolemy/actor/lib/hoc/test/auto/ModelReference4.xml (RunModel)" time="10.049" />
  <testcase classname="ptolemy.util.test.junit.AutoTests" name="[45] /home/travis/build/icyphy/ptII/ptolemy/actor/lib/hoc/test/auto/MultiInstanceComposite.xml (RunModel)" time="0.054" />
  <testcase classname="ptolemy.util.test.junit.AutoTests" name="[46] /home/travis/build/icyphy/ptII/ptolemy/actor/lib/hoc/test/auto/MultiInstanceComposite2.xml (RunModel)" time="0.044" />
  <testcase classname="ptolemy.util.test.junit.AutoTests" name="[47] /home/travis/build/icyphy/ptII/ptolemy/actor/lib/hoc/test/auto/MulticoreExecution.xml (RunModel)" time="1.076" />
  <testcase classname="ptolemy.util.test.junit.AutoTests" name="[48] /home/travis/build/icyphy/ptII/ptolemy/actor/lib/hoc/test/auto/ParallelExecution.xml (RunModel)" time="0.93" />
  <testcase classname="ptolemy.util.test.junit.AutoTests" name="[49] /home/travis/build/icyphy/ptII/ptolemy/actor/lib/hoc/test/auto/RunCompositeActor.xml (RunModel)" time="0.023" />
  <testcase classname="ptolemy.util.test.junit.AutoTests" name="[50] /home/travis/build/icyphy/ptII/ptolemy/actor/lib/hoc/test/auto/RunCompositeActor2.xml (RunModel)" time="0.018" />
  <testcase classname="ptolemy.util.test.junit.AutoTests" name="[51] /home/travis/build/icyphy/ptII/ptolemy/actor/lib/hoc/test/auto/RunCompositeActor3.xml (RunModel)" time="0.044" />
  <testcase classname="ptolemy.util.test.junit.AutoTests" name="[52] /home/travis/build/icyphy/ptII/ptolemy/actor/lib/hoc/test/auto/RunCompositeActor4.xml (RunModel)" time="0.063" />
  <testcase classname="ptolemy.util.test.junit.AutoTests" name="[53] /home/travis/build/icyphy/ptII/ptolemy/actor/lib/hoc/test/auto/RunCompositeIterateOverArray.xml (RunModel)" time="0.033" />
  <testcase classname="ptolemy.util.test.junit.AutoTests" name="[54] /home/travis/build/icyphy/ptII/ptolemy/actor/lib/hoc/test/auto/ThreadedJS.xml (RunModel)" time="5.296" />
  <system-out><![CDATA[/home/travis/build/icyphy/ptII/ptolemy/actor/lib/hoc/test/IterateOverArray.tcl
testDefs.tcl: setting time out to 9000 seconds at Thu Mar 14 18:32:39 UTC 2019
03/14/19 06:32:39
Failed: 0  Total Tests: 2  ((Passed: 2, Newly Passed: 0)  Known Failed: 0) /home/travis/build/icyphy/ptII/ptolemy/actor/lib/hoc/test
----------------- testing (KnownFailure) /home/travis/build/icyphy/ptII/ptolemy/actor/lib/hoc/test/auto/knownFailedTests/PreinitializeMustBeInvokedRunComposite.xml
54 ms. Memory: 116224K Free: 106924K (92%)
Known Failure: java.lang.reflect.InvocationTargetException
No auto/linux-amd64/*.xml tests in /home/travis/build/icyphy/ptII/ptolemy/actor/lib/hoc/test
AutoTests.java: About to close Vertx.
AutoTests.java: Vertx closed.

===========================================================================================
----------------- testing Thu Mar 14 18:32:40 UTC 2019 /home/travis/build/icyphy/ptII/ptolemy/actor/lib/hoc/test/auto/AllToAllMultiInstanceComposite.xml
----------------- Instantiating /home/travis/build/icyphy/ptII/ptolemy/actor/lib/hoc/test/auto/AllToAllMultiInstanceComposite.xml
131 ms. Memory: 146944K Free: 120324K (82%)
----------------- Invoking toplevel() on ptolemy.moml.MoMLSimpleApplication@41864935
----------------- Done invoking toplevel() on ptolemy.moml.MoMLSimpleApplication@41864935
reloadAllAccessors: .AllToAllMultiInstanceComposite

===========================================================================================
----------------- testing Thu Mar 14 18:32:40 UTC 2019 /home/travis/build/icyphy/ptII/ptolemy/actor/lib/hoc/test/auto/ApplyFFTTest.xml
----------------- Instantiating /home/travis/build/icyphy/ptII/ptolemy/actor/lib/hoc/test/auto/ApplyFFTTest.xml
168 ms. Memory: 146944K Free: 100001K (68%)
----------------- Invoking toplevel() on ptolemy.moml.MoMLSimpleApplication@1c52b3d8
----------------- Done invoking toplevel() on ptolemy.moml.MoMLSimpleApplication@1c52b3d8
reloadAllAccessors: .ApplyFFTTest

===========================================================================================
----------------- testing Thu Mar 14 18:32:41 UTC 2019 /home/travis/build/icyphy/ptII/ptolemy/actor/lib/hoc/test/auto/ApplyFunction.xml
----------------- Instantiating /home/travis/build/icyphy/ptII/ptolemy/actor/lib/hoc/test/auto/ApplyFunction.xml
5 ms. Memory: 146944K Free: 96659K (66%)
----------------- Invoking toplevel() on ptolemy.moml.MoMLSimpleApplication@2bb486c9
----------------- Done invoking toplevel() on ptolemy.moml.MoMLSimpleApplication@2bb486c9
reloadAllAccessors: .ApplyFunction

===========================================================================================
----------------- testing Thu Mar 14 18:32:41 UTC 2019 /home/travis/build/icyphy/ptII/ptolemy/actor/lib/hoc/test/auto/BackgroundExecution.xml
----------------- Instantiating /home/travis/build/icyphy/ptII/ptolemy/actor/lib/hoc/test/auto/BackgroundExecution.xml
620 ms. Memory: 146944K Free: 89124K (61%)
----------------- Invoking toplevel() on ptolemy.moml.MoMLSimpleApplication@3ac81bb7
----------------- Done invoking toplevel() on ptolemy.moml.MoMLSimpleApplication@3ac81bb7
reloadAllAccessors: .BackgroundExecution

===========================================================================================
----------------- testing Thu Mar 14 18:32:41 UTC 2019 /home/travis/build/icyphy/ptII/ptolemy/actor/lib/hoc/test/auto/Case.xml
----------------- Instantiating /home/travis/build/icyphy/ptII/ptolemy/actor/lib/hoc/test/auto/Case.xml
15 ms. Memory: 146944K Free: 80617K (55%)
----------------- Invoking toplevel() on ptolemy.moml.MoMLSimpleApplication@2522c44c
----------------- Done invoking toplevel() on ptolemy.moml.MoMLSimpleApplication@2522c44c
reloadAllAccessors: .Case

===========================================================================================
----------------- testing Thu Mar 14 18:32:41 UTC 2019 /home/travis/build/icyphy/ptII/ptolemy/actor/lib/hoc/test/auto/Case1.xml
----------------- Instantiating /home/travis/build/icyphy/ptII/ptolemy/actor/lib/hoc/test/auto/Case1.xml
18 ms. Memory: 146944K Free: 135735K (92%)
----------------- Invoking toplevel() on ptolemy.moml.MoMLSimpleApplication@6e744830
----------------- Done invoking toplevel() on ptolemy.moml.MoMLSimpleApplication@6e744830
reloadAllAccessors: .Case1

===========================================================================================
----------------- testing Thu Mar 14 18:32:41 UTC 2019 /home/travis/build/icyphy/ptII/ptolemy/actor/lib/hoc/test/auto/Case2.xml
----------------- Instantiating /home/travis/build/icyphy/ptII/ptolemy/actor/lib/hoc/test/auto/Case2.xml
24 ms. Memory: 146944K Free: 124571K (85%)
----------------- Invoking toplevel() on ptolemy.moml.MoMLSimpleApplication@6317d46d
----------------- Done invoking toplevel() on ptolemy.moml.MoMLSimpleApplication@6317d46d
reloadAllAccessors: .Case2

===========================================================================================
----------------- testing Thu Mar 14 18:32:41 UTC 2019 /home/travis/build/icyphy/ptII/ptolemy/actor/lib/hoc/test/auto/Case3.xml
----------------- Instantiating /home/travis/build/icyphy/ptII/ptolemy/actor/lib/hoc/test/auto/Case3.xml
16 ms. Memory: 146944K Free: 118226K (80%)
----------------- Invoking toplevel() on ptolemy.moml.MoMLSimpleApplication@17f3946
----------------- Done invoking toplevel() on ptolemy.moml.MoMLSimpleApplication@17f3946
reloadAllAccessors: .Case3

===========================================================================================
----------------- testing Thu Mar 14 18:32:42 UTC 2019 /home/travis/build/icyphy/ptII/ptolemy/actor/lib/hoc/test/auto/Case4.xml
----------------- Instantiating /home/travis/build/icyphy/ptII/ptolemy/actor/lib/hoc/test/auto/Case4.xml
16 ms. Memory: 146944K Free: 109552K (75%)
----------------- Invoking toplevel() on ptolemy.moml.MoMLSimpleApplication@694d114
----------------- Done invoking toplevel() on ptolemy.moml.MoMLSimpleApplication@694d114
reloadAllAccessors: .Case4

===========================================================================================
----------------- testing Thu Mar 14 18:32:42 UTC 2019 /home/travis/build/icyphy/ptII/ptolemy/actor/lib/hoc/test/auto/Case5.xml
----------------- Instantiating /home/travis/build/icyphy/ptII/ptolemy/actor/lib/hoc/test/auto/Case5.xml
34 ms. Memory: 146944K Free: 102852K (70%)
----------------- Invoking toplevel() on ptolemy.moml.MoMLSimpleApplication@7c24664d
----------------- Done invoking toplevel() on ptolemy.moml.MoMLSimpleApplication@7c24664d
reloadAllAccessors: .junk

===========================================================================================
----------------- testing Thu Mar 14 18:32:42 UTC 2019 /home/travis/build/icyphy/ptII/ptolemy/actor/lib/hoc/test/auto/Case6.xml
----------------- Instantiating /home/travis/build/icyphy/ptII/ptolemy/actor/lib/hoc/test/auto/Case6.xml
41 ms. Memory: 146944K Free: 89310K (61%)
----------------- Invoking toplevel() on ptolemy.moml.MoMLSimpleApplication@13455e55
----------------- Done invoking toplevel() on ptolemy.moml.MoMLSimpleApplication@13455e55
reloadAllAccessors: .Case6

===========================================================================================
----------------- testing Thu Mar 14 18:32:42 UTC 2019 /home/travis/build/icyphy/ptII/ptolemy/actor/lib/hoc/test/auto/CaseString2.xml
----------------- Instantiating /home/travis/build/icyphy/ptII/ptolemy/actor/lib/hoc/test/auto/CaseString2.xml
9 ms. Memory: 146944K Free: 81030K (55%)
----------------- Invoking toplevel() on ptolemy.moml.MoMLSimpleApplication@2a5d73af
----------------- Done invoking toplevel() on ptolemy.moml.MoMLSimpleApplication@2a5d73af
reloadAllAccessors: .CaseString2

===========================================================================================
----------------- testing Thu Mar 14 18:32:42 UTC 2019 /home/travis/build/icyphy/ptII/ptolemy/actor/lib/hoc/test/auto/CatchUpComposite1.xml
----------------- Instantiating /home/travis/build/icyphy/ptII/ptolemy/actor/lib/hoc/test/auto/CatchUpComposite1.xml
26 ms. Memory: 208384K Free: 194020K (93%)
----------------- Invoking toplevel() on ptolemy.moml.MoMLSimpleApplication@55998e0d
----------------- Done invoking toplevel() on ptolemy.moml.MoMLSimpleApplication@55998e0d
reloadAllAccessors: .CatchUpComposite1

===========================================================================================
----------------- testing Thu Mar 14 18:32:42 UTC 2019 /home/travis/build/icyphy/ptII/ptolemy/actor/lib/hoc/test/auto/CatchUpComposite2.xml
----------------- Instantiating /home/travis/build/icyphy/ptII/ptolemy/actor/lib/hoc/test/auto/CatchUpComposite2.xml
24 ms. Memory: 208384K Free: 184118K (88%)
----------------- Invoking toplevel() on ptolemy.moml.MoMLSimpleApplication@7c69c3d9
----------------- Done invoking toplevel() on ptolemy.moml.MoMLSimpleApplication@7c69c3d9
reloadAllAccessors: .CatchUpComposite2

===========================================================================================
----------------- testing Thu Mar 14 18:32:42 UTC 2019 /home/travis/build/icyphy/ptII/ptolemy/actor/lib/hoc/test/auto/CatchUpComposite3.xml
----------------- Instantiating /home/travis/build/icyphy/ptII/ptolemy/actor/lib/hoc/test/auto/CatchUpComposite3.xml
10 ms. Memory: 208384K Free: 174274K (84%)
----------------- Invoking toplevel() on ptolemy.moml.MoMLSimpleApplication@7b681956
----------------- Done invoking toplevel() on ptolemy.moml.MoMLSimpleApplication@7b681956
reloadAllAccessors: .CatchUpComposite3

===========================================================================================
----------------- testing Thu Mar 14 18:32:42 UTC 2019 /home/travis/build/icyphy/ptII/ptolemy/actor/lib/hoc/test/auto/CatchUpComposite4.xml
----------------- Instantiating /home/travis/build/icyphy/ptII/ptolemy/actor/lib/hoc/test/auto/CatchUpComposite4.xml
20 ms. Memory: 208384K Free: 164404K (79%)
----------------- Invoking toplevel() on ptolemy.moml.MoMLSimpleApplication@284f2a76
----------------- Done invoking toplevel() on ptolemy.moml.MoMLSimpleApplication@284f2a76
reloadAllAccessors: .CatchUpComposite4

===========================================================================================
----------------- testing Thu Mar 14 18:32:42 UTC 2019 /home/travis/build/icyphy/ptII/ptolemy/actor/lib/hoc/test/auto/CatchUpComposite5.xml
----------------- Instantiating /home/travis/build/icyphy/ptII/ptolemy/actor/lib/hoc/test/auto/CatchUpComposite5.xml
14 ms. Memory: 208384K Free: 155392K (75%)
----------------- Invoking toplevel() on ptolemy.moml.MoMLSimpleApplication@1641cf9f
----------------- Done invoking toplevel() on ptolemy.moml.MoMLSimpleApplication@1641cf9f
reloadAllAccessors: .CatchUpComposite5

===========================================================================================
----------------- testing Thu Mar 14 18:32:42 UTC 2019 /home/travis/build/icyphy/ptII/ptolemy/actor/lib/hoc/test/auto/CatchUpComposite6.xml
----------------- Instantiating /home/travis/build/icyphy/ptII/ptolemy/actor/lib/hoc/test/auto/CatchUpComposite6.xml
WARNING: The execution aspects in this model can influence the timing of actors by delaying the 
execution, potentially changing the behavior. There is no guarantee that actors fire at the 
time they request to be fired. 
Use Ptides for deterministic DE behavior that is not influenced by execution aspects. 

98 ms. Memory: 208384K Free: 138027K (66%)
----------------- Invoking toplevel() on ptolemy.moml.MoMLSimpleApplication@76073a09
----------------- Done invoking toplevel() on ptolemy.moml.MoMLSimpleApplication@76073a09
reloadAllAccessors: .CatchUpComposite6

===========================================================================================
----------------- testing Thu Mar 14 18:32:42 UTC 2019 /home/travis/build/icyphy/ptII/ptolemy/actor/lib/hoc/test/auto/CatchUpComposite7.xml
----------------- Instantiating /home/travis/build/icyphy/ptII/ptolemy/actor/lib/hoc/test/auto/CatchUpComposite7.xml
WARNING: The execution aspects in this model can influence the timing of actors by delaying the 
execution, potentially changing the behavior. There is no guarantee that actors fire at the 
time they request to be fired. 
Use Ptides for deterministic DE behavior that is not influenced by execution aspects. 

44 ms. Memory: 208384K Free: 121536K (58%)
----------------- Invoking toplevel() on ptolemy.moml.MoMLSimpleApplication@31ef761f
----------------- Done invoking toplevel() on ptolemy.moml.MoMLSimpleApplication@31ef761f
reloadAllAccessors: .CatchUpComposite7

===========================================================================================
----------------- testing Thu Mar 14 18:32:42 UTC 2019 /home/travis/build/icyphy/ptII/ptolemy/actor/lib/hoc/test/auto/ConcurrentExecutionTimeSDF.xml
----------------- Instantiating /home/travis/build/icyphy/ptII/ptolemy/actor/lib/hoc/test/auto/ConcurrentExecutionTimeSDF.xml
Fired ExecutionTime: 40400000
Fired ExecutionTime: 40400000
Fired ExecutionTime: 40400000
Fired ExecutionTime: 40400000
Fired ExecutionTime: 40400000
Fired ExecutionTime: 40400000
Fired ExecutionTime: 40400000
Fired ExecutionTime: 40400000
Fired ExecutionTime: 40400000
Fired ExecutionTime: 40400000
Fired ExecutionTime: 40400000
Fired ExecutionTime: 40400000
Fired ExecutionTime: 40400000
Fired ExecutionTime: 40400000
Fired ExecutionTime: 40400000
Fired ExecutionTime: 40400000
Fired ExecutionTime: 40400000
Fired ExecutionTime: 40400000
Fired ExecutionTime: 40400000
Fired ExecutionTime: 40400000
1749 ms. Memory: 208384K Free: 113343K (54%)
----------------- Invoking toplevel() on ptolemy.moml.MoMLSimpleApplication@5346f599
----------------- Done invoking toplevel() on ptolemy.moml.MoMLSimpleApplication@5346f599
reloadAllAccessors: .ConcurrentExecutionTimeSDF

===========================================================================================
----------------- testing Thu Mar 14 18:32:44 UTC 2019 /home/travis/build/icyphy/ptII/ptolemy/actor/lib/hoc/test/auto/ConcurrentSleep.xml
----------------- Instantiating /home/travis/build/icyphy/ptII/ptolemy/actor/lib/hoc/test/auto/ConcurrentSleep.xml
744 ms. Memory: 208384K Free: 99400K (48%)
----------------- Invoking toplevel() on ptolemy.moml.MoMLSimpleApplication@dee4a0e
----------------- Done invoking toplevel() on ptolemy.moml.MoMLSimpleApplication@dee4a0e
reloadAllAccessors: .ConcurrentSleep

===========================================================================================
----------------- testing Thu Mar 14 18:32:45 UTC 2019 /home/travis/build/icyphy/ptII/ptolemy/actor/lib/hoc/test/auto/DEInPNInRunCompositeActor.xml
----------------- Instantiating /home/travis/build/icyphy/ptII/ptolemy/actor/lib/hoc/test/auto/DEInPNInRunCompositeActor.xml
18 ms. Memory: 208384K Free: 91153K (44%)
----------------- Invoking toplevel() on ptolemy.moml.MoMLSimpleApplication@2f73b928
----------------- Done invoking toplevel() on ptolemy.moml.MoMLSimpleApplication@2f73b928
reloadAllAccessors: .DEInPNInRunCompositeActor

===========================================================================================
----------------- testing Thu Mar 14 18:32:45 UTC 2019 /home/travis/build/icyphy/ptII/ptolemy/actor/lib/hoc/test/auto/DFTSubSetTest.xml
----------------- Instantiating /home/travis/build/icyphy/ptII/ptolemy/actor/lib/hoc/test/auto/DFTSubSetTest.xml
192 ms. Memory: 208384K Free: 167923K (81%)
----------------- Invoking toplevel() on ptolemy.moml.MoMLSimpleApplication@5fa7103c
----------------- Done invoking toplevel() on ptolemy.moml.MoMLSimpleApplication@5fa7103c
reloadAllAccessors: .DFTSubSetTest

===========================================================================================
----------------- testing Thu Mar 14 18:32:45 UTC 2019 /home/travis/build/icyphy/ptII/ptolemy/actor/lib/hoc/test/auto/HocDE.xml
----------------- Instantiating /home/travis/build/icyphy/ptII/ptolemy/actor/lib/hoc/test/auto/HocDE.xml
131 ms. Memory: 208384K Free: 141132K (68%)
----------------- Invoking toplevel() on ptolemy.moml.MoMLSimpleApplication@761c8aa1
----------------- Done invoking toplevel() on ptolemy.moml.MoMLSimpleApplication@761c8aa1
reloadAllAccessors: .HocDE

===========================================================================================
----------------- testing Thu Mar 14 18:32:45 UTC 2019 /home/travis/build/icyphy/ptII/ptolemy/actor/lib/hoc/test/auto/IterateOverArray.xml
----------------- Instantiating /home/travis/build/icyphy/ptII/ptolemy/actor/lib/hoc/test/auto/IterateOverArray.xml
6 ms. Memory: 208384K Free: 135575K (65%)
----------------- Invoking toplevel() on ptolemy.moml.MoMLSimpleApplication@76ba9b3f
----------------- Done invoking toplevel() on ptolemy.moml.MoMLSimpleApplication@76ba9b3f
reloadAllAccessors: .IterateOverArray

===========================================================================================
----------------- testing Thu Mar 14 18:32:46 UTC 2019 /home/travis/build/icyphy/ptII/ptolemy/actor/lib/hoc/test/auto/IterateOverArray10.xml
----------------- Instantiating /home/travis/build/icyphy/ptII/ptolemy/actor/lib/hoc/test/auto/IterateOverArray10.xml
4 ms. Memory: 208384K Free: 131479K (63%)
----------------- Invoking toplevel() on ptolemy.moml.MoMLSimpleApplication@6608bcae
----------------- Done invoking toplevel() on ptolemy.moml.MoMLSimpleApplication@6608bcae
reloadAllAccessors: .IterateOverArray10

===========================================================================================
----------------- testing Thu Mar 14 18:32:46 UTC 2019 /home/travis/build/icyphy/ptII/ptolemy/actor/lib/hoc/test/auto/IterateOverArray11.xml
----------------- Instantiating /home/travis/build/icyphy/ptII/ptolemy/actor/lib/hoc/test/auto/IterateOverArray11.xml
7 ms. Memory: 208384K Free: 125939K (60%)
----------------- Invoking toplevel() on ptolemy.moml.MoMLSimpleApplication@37d78672
----------------- Done invoking toplevel() on ptolemy.moml.MoMLSimpleApplication@37d78672
reloadAllAccessors: .IterateOverArray11

===========================================================================================
----------------- testing Thu Mar 14 18:32:46 UTC 2019 /home/travis/build/icyphy/ptII/ptolemy/actor/lib/hoc/test/auto/IterateOverArray12.xml
----------------- Instantiating /home/travis/build/icyphy/ptII/ptolemy/actor/lib/hoc/test/auto/IterateOverArray12.xml
22 ms. Memory: 208384K Free: 119385K (57%)
----------------- Invoking toplevel() on ptolemy.moml.MoMLSimpleApplication@38c919b4
----------------- Done invoking toplevel() on ptolemy.moml.MoMLSimpleApplication@38c919b4
reloadAllAccessors: .IterateOverArray12

===========================================================================================
----------------- testing Thu Mar 14 18:32:46 UTC 2019 /home/travis/build/icyphy/ptII/ptolemy/actor/lib/hoc/test/auto/IterateOverArray13.xml
----------------- Instantiating /home/travis/build/icyphy/ptII/ptolemy/actor/lib/hoc/test/auto/IterateOverArray13.xml
76 ms. Memory: 208384K Free: 90907K (44%)
----------------- Invoking toplevel() on ptolemy.moml.MoMLSimpleApplication@1fe0c324
----------------- Done invoking toplevel() on ptolemy.moml.MoMLSimpleApplication@1fe0c324
reloadAllAccessors: .IterateOverArray13

===========================================================================================
----------------- testing Thu Mar 14 18:32:46 UTC 2019 /home/travis/build/icyphy/ptII/ptolemy/actor/lib/hoc/test/auto/IterateOverArray14.xml
----------------- Instantiating /home/travis/build/icyphy/ptII/ptolemy/actor/lib/hoc/test/auto/IterateOverArray14.xml
66 ms. Memory: 331776K Free: 299732K (90%)
----------------- Invoking toplevel() on ptolemy.moml.MoMLSimpleApplication@325d6dd6
----------------- Done invoking toplevel() on ptolemy.moml.MoMLSimpleApplication@325d6dd6
reloadAllAccessors: .IterateOverArray14

===========================================================================================
----------------- testing Thu Mar 14 18:32:46 UTC 2019 /home/travis/build/icyphy/ptII/ptolemy/actor/lib/hoc/test/auto/IterateOverArray2.xml
----------------- Instantiating /home/travis/build/icyphy/ptII/ptolemy/actor/lib/hoc/test/auto/IterateOverArray2.xml
8 ms. Memory: 331776K Free: 292421K (88%)
----------------- Invoking toplevel() on ptolemy.moml.MoMLSimpleApplication@2e5766f1
----------------- Done invoking toplevel() on ptolemy.moml.MoMLSimpleApplication@2e5766f1
reloadAllAccessors: .IterateOverArray2

===========================================================================================
----------------- testing Thu Mar 14 18:32:46 UTC 2019 /home/travis/build/icyphy/ptII/ptolemy/actor/lib/hoc/test/auto/IterateOverArray3.xml
----------------- Instantiating /home/travis/build/icyphy/ptII/ptolemy/actor/lib/hoc/test/auto/IterateOverArray3.xml
12 ms. Memory: 331776K Free: 285894K (86%)
----------------- Invoking toplevel() on ptolemy.moml.MoMLSimpleApplication@79b26e8b
----------------- Done invoking toplevel() on ptolemy.moml.MoMLSimpleApplication@79b26e8b
reloadAllAccessors: .IterateOverArray3

===========================================================================================
----------------- testing Thu Mar 14 18:32:46 UTC 2019 /home/travis/build/icyphy/ptII/ptolemy/actor/lib/hoc/test/auto/IterateOverArray4.xml
----------------- Instantiating /home/travis/build/icyphy/ptII/ptolemy/actor/lib/hoc/test/auto/IterateOverArray4.xml
13 ms. Memory: 331776K Free: 280222K (84%)
----------------- Invoking toplevel() on ptolemy.moml.MoMLSimpleApplication@5b92da70
----------------- Done invoking toplevel() on ptolemy.moml.MoMLSimpleApplication@5b92da70
reloadAllAccessors: .IterateOverArray4

===========================================================================================
----------------- testing Thu Mar 14 18:32:46 UTC 2019 /home/travis/build/icyphy/ptII/ptolemy/actor/lib/hoc/test/auto/IterateOverArray5.xml
----------------- Instantiating /home/travis/build/icyphy/ptII/ptolemy/actor/lib/hoc/test/auto/IterateOverArray5.xml
3 ms. Memory: 331776K Free: 275328K (83%)
----------------- Invoking toplevel() on ptolemy.moml.MoMLSimpleApplication@4c62c387
----------------- Done invoking toplevel() on ptolemy.moml.MoMLSimpleApplication@4c62c387
reloadAllAccessors: .IterateOverArray5

===========================================================================================
----------------- testing Thu Mar 14 18:32:46 UTC 2019 /home/travis/build/icyphy/ptII/ptolemy/actor/lib/hoc/test/auto/IterateOverArray6.xml
----------------- Instantiating /home/travis/build/icyphy/ptII/ptolemy/actor/lib/hoc/test/auto/IterateOverArray6.xml
3 ms. Memory: 331776K Free: 269656K (81%)
----------------- Invoking toplevel() on ptolemy.moml.MoMLSimpleApplication@5deccbe
----------------- Done invoking toplevel() on ptolemy.moml.MoMLSimpleApplication@5deccbe
reloadAllAccessors: .IterateOverArray6

===========================================================================================
----------------- testing Thu Mar 14 18:32:46 UTC 2019 /home/travis/build/icyphy/ptII/ptolemy/actor/lib/hoc/test/auto/IterateOverArray7.xml
----------------- Instantiating /home/travis/build/icyphy/ptII/ptolemy/actor/lib/hoc/test/auto/IterateOverArray7.xml
3 ms. Memory: 331776K Free: 264761K (80%)
----------------- Invoking toplevel() on ptolemy.moml.MoMLSimpleApplication@7a08d900
----------------- Done invoking toplevel() on ptolemy.moml.MoMLSimpleApplication@7a08d900
reloadAllAccessors: .IterateOverArray7

===========================================================================================
----------------- testing Thu Mar 14 18:32:46 UTC 2019 /home/travis/build/icyphy/ptII/ptolemy/actor/lib/hoc/test/auto/IterateOverArray8.xml
----------------- Instantiating /home/travis/build/icyphy/ptII/ptolemy/actor/lib/hoc/test/auto/IterateOverArray8.xml
6 ms. Memory: 331776K Free: 259867K (78%)
----------------- Invoking toplevel() on ptolemy.moml.MoMLSimpleApplication@2af723b4
----------------- Done invoking toplevel() on ptolemy.moml.MoMLSimpleApplication@2af723b4
reloadAllAccessors: .IterateOverArray8

===========================================================================================
----------------- testing Thu Mar 14 18:32:46 UTC 2019 /home/travis/build/icyphy/ptII/ptolemy/actor/lib/hoc/test/auto/IterateOverArray9.xml
----------------- Instantiating /home/travis/build/icyphy/ptII/ptolemy/actor/lib/hoc/test/auto/IterateOverArray9.xml
8 ms. Memory: 331776K Free: 254195K (77%)
----------------- Invoking toplevel() on ptolemy.moml.MoMLSimpleApplication@4a170be5
----------------- Done invoking toplevel() on ptolemy.moml.MoMLSimpleApplication@4a170be5
reloadAllAccessors: .IterateOverArray9

===========================================================================================
----------------- testing Thu Mar 14 18:32:46 UTC 2019 /home/travis/build/icyphy/ptII/ptolemy/actor/lib/hoc/test/auto/IterateOverArrayCoercedOutputType.xml
----------------- Instantiating /home/travis/build/icyphy/ptII/ptolemy/actor/lib/hoc/test/auto/IterateOverArrayCoercedOutputType.xml
5 ms. Memory: 331776K Free: 247669K (75%)
----------------- Invoking toplevel() on ptolemy.moml.MoMLSimpleApplication@4dc34e54
----------------- Done invoking toplevel() on ptolemy.moml.MoMLSimpleApplication@4dc34e54
reloadAllAccessors: .IterateOverArrayCoercedOutputType

===========================================================================================
----------------- testing Thu Mar 14 18:32:46 UTC 2019 /home/travis/build/icyphy/ptII/ptolemy/actor/lib/hoc/test/auto/IterateOverArrayInferredOutputType.xml
----------------- Instantiating /home/travis/build/icyphy/ptII/ptolemy/actor/lib/hoc/test/auto/IterateOverArrayInferredOutputType.xml
13 ms. Memory: 331776K Free: 240365K (72%)
----------------- Invoking toplevel() on ptolemy.moml.MoMLSimpleApplication@399fbcf6
----------------- Done invoking toplevel() on ptolemy.moml.MoMLSimpleApplication@399fbcf6
reloadAllAccessors: .IterateOverArrayInferredOutputType

===========================================================================================
----------------- testing Thu Mar 14 18:32:46 UTC 2019 /home/travis/build/icyphy/ptII/ptolemy/actor/lib/hoc/test/auto/MobileFunctionTest.xml
----------------- Instantiating /home/travis/build/icyphy/ptII/ptolemy/actor/lib/hoc/test/auto/MobileFunctionTest.xml
9 ms. Memory: 331776K Free: 235455K (71%)
----------------- Invoking toplevel() on ptolemy.moml.MoMLSimpleApplication@1ceb1d0a
----------------- Done invoking toplevel() on ptolemy.moml.MoMLSimpleApplication@1ceb1d0a
reloadAllAccessors: .MobileFunctionTest

===========================================================================================
----------------- testing Thu Mar 14 18:32:46 UTC 2019 /home/travis/build/icyphy/ptII/ptolemy/actor/lib/hoc/test/auto/MobileModelTest.xml
----------------- Instantiating /home/travis/build/icyphy/ptII/ptolemy/actor/lib/hoc/test/auto/MobileModelTest.xml
79 ms. Memory: 331776K Free: 213386K (64%)
----------------- Invoking toplevel() on ptolemy.moml.MoMLSimpleApplication@69e63a6e
----------------- Done invoking toplevel() on ptolemy.moml.MoMLSimpleApplication@69e63a6e
reloadAllAccessors: .MobileModelTest

===========================================================================================
----------------- testing Thu Mar 14 18:32:46 UTC 2019 /home/travis/build/icyphy/ptII/ptolemy/actor/lib/hoc/test/auto/ModelReference.xml
----------------- Instantiating /home/travis/build/icyphy/ptII/ptolemy/actor/lib/hoc/test/auto/ModelReference.xml
5 ms. Memory: 331776K Free: 205197K (62%)
3 ms. Memory: 331776K Free: 205197K (62%)
1 ms. Memory: 331776K Free: 203549K (61%)
8 ms. Memory: 331776K Free: 203549K (61%)
2 ms. Memory: 331776K Free: 201917K (61%)
2 ms. Memory: 331776K Free: 201917K (61%)
1 ms. Memory: 331776K Free: 200286K (60%)
1 ms. Memory: 331776K Free: 200286K (60%)
1 ms. Memory: 331776K Free: 198654K (60%)
5 ms. Memory: 331776K Free: 198654K (60%)
42 ms. Memory: 331776K Free: 198654K (60%)
----------------- Invoking toplevel() on ptolemy.moml.MoMLSimpleApplication@1b681af2
----------------- Done invoking toplevel() on ptolemy.moml.MoMLSimpleApplication@1b681af2
reloadAllAccessors: .ModelReference

===========================================================================================
----------------- testing Thu Mar 14 18:32:46 UTC 2019 /home/travis/build/icyphy/ptII/ptolemy/actor/lib/hoc/test/auto/ModelReference3.xml
----------------- Instantiating /home/travis/build/icyphy/ptII/ptolemy/actor/lib/hoc/test/auto/ModelReference3.xml
2 ms. Memory: 331776K Free: 193751K (58%)
7 ms. Memory: 331776K Free: 192104K (58%)
2 ms. Memory: 331776K Free: 192104K (58%)
4 ms. Memory: 331776K Free: 190472K (57%)
2 ms. Memory: 331776K Free: 190472K (57%)
2 ms. Memory: 331776K Free: 188833K (57%)
2 ms. Memory: 331776K Free: 188833K (57%)
3 ms. Memory: 331776K Free: 187185K (56%)
2 ms. Memory: 331776K Free: 187185K (56%)
3 ms. Memory: 331776K Free: 185537K (56%)
34 ms. Memory: 331776K Free: 185537K (56%)
----------------- Invoking toplevel() on ptolemy.moml.MoMLSimpleApplication@702a660b
----------------- Done invoking toplevel() on ptolemy.moml.MoMLSimpleApplication@702a660b
reloadAllAccessors: .ModelReference3

===========================================================================================
----------------- testing Thu Mar 14 18:32:47 UTC 2019 /home/travis/build/icyphy/ptII/ptolemy/actor/lib/hoc/test/auto/ModelReference4.xml
----------------- Instantiating /home/travis/build/icyphy/ptII/ptolemy/actor/lib/hoc/test/auto/ModelReference4.xml
3 ms. Memory: 331776K Free: 178218K (54%)
2 ms. Memory: 331776K Free: 176586K (53%)
8 ms. Memory: 331776K Free: 174955K (53%)
3 ms. Memory: 331776K Free: 173323K (52%)
2 ms. Memory: 331776K Free: 170044K (51%)
1 ms. Memory: 331776K Free: 168413K (51%)
2 ms. Memory: 331776K Free: 166781K (50%)
2 ms. Memory: 331776K Free: 165149K (50%)
2 ms. Memory: 331776K Free: 163518K (49%)
5 ms. Memory: 331776K Free: 161886K (49%)
10031 ms. Memory: 331776K Free: 161886K (49%)
----------------- Invoking toplevel() on ptolemy.moml.MoMLSimpleApplication@4e1bddef
----------------- Done invoking toplevel() on ptolemy.moml.MoMLSimpleApplication@4e1bddef
reloadAllAccessors: .ModelReference4

===========================================================================================
----------------- testing Thu Mar 14 18:32:57 UTC 2019 /home/travis/build/icyphy/ptII/ptolemy/actor/lib/hoc/test/auto/MultiInstanceComposite.xml
----------------- Instantiating /home/travis/build/icyphy/ptII/ptolemy/actor/lib/hoc/test/auto/MultiInstanceComposite.xml
29 ms. Memory: 331776K Free: 145490K (44%)
----------------- Invoking toplevel() on ptolemy.moml.MoMLSimpleApplication@7611bde2
----------------- Done invoking toplevel() on ptolemy.moml.MoMLSimpleApplication@7611bde2
reloadAllAccessors: .MultiInstanceComposite

===========================================================================================
----------------- testing Thu Mar 14 18:32:57 UTC 2019 /home/travis/build/icyphy/ptII/ptolemy/actor/lib/hoc/test/auto/MultiInstanceComposite2.xml
----------------- Instantiating /home/travis/build/icyphy/ptII/ptolemy/actor/lib/hoc/test/auto/MultiInstanceComposite2.xml
15 ms. Memory: 331776K Free: 131620K (40%)
----------------- Invoking toplevel() on ptolemy.moml.MoMLSimpleApplication@f6f0ef1
----------------- Done invoking toplevel() on ptolemy.moml.MoMLSimpleApplication@f6f0ef1
reloadAllAccessors: .MultiInstanceComposite2

===========================================================================================
----------------- testing Thu Mar 14 18:32:57 UTC 2019 /home/travis/build/icyphy/ptII/ptolemy/actor/lib/hoc/test/auto/MulticoreExecution.xml
----------------- Instantiating /home/travis/build/icyphy/ptII/ptolemy/actor/lib/hoc/test/auto/MulticoreExecution.xml
Fired ExecutionTime: 2800000
Fired ExecutionTime: 3200000
Fired ExecutionTime: 4400000
Fired ExecutionTime: 2000000
Fired ExecutionTime: 64000000
Fired ExecutionTime: 71200000
Fired ExecutionTime: 68800000
Fired ExecutionTime: 68800000
Fired ExecutionTime: 66000000
Fired ExecutionTime: 68000000
Fired ExecutionTime: 66400000
Fired ExecutionTime: 66400000
Fired ExecutionTime: 67200000
Fired ExecutionTime: 62400000
Fired ExecutionTime: 66400000
Fired ExecutionTime: 66800000
Fired ExecutionTime: 75600000
Fired ExecutionTime: 42800000
Fired ExecutionTime: 64400000
Fired ExecutionTime: 64000000
1052 ms. Memory: 331776K Free: 118543K (36%)
----------------- Invoking toplevel() on ptolemy.moml.MoMLSimpleApplication@540f0d5b
----------------- Done invoking toplevel() on ptolemy.moml.MoMLSimpleApplication@540f0d5b
reloadAllAccessors: .MulticoreExecution

===========================================================================================
----------------- testing Thu Mar 14 18:32:58 UTC 2019 /home/travis/build/icyphy/ptII/ptolemy/actor/lib/hoc/test/auto/ParallelExecution.xml
----------------- Instantiating /home/travis/build/icyphy/ptII/ptolemy/actor/lib/hoc/test/auto/ParallelExecution.xml
913 ms. Memory: 331776K Free: 106305K (32%)
----------------- Invoking toplevel() on ptolemy.moml.MoMLSimpleApplication@6abccb93
----------------- Done invoking toplevel() on ptolemy.moml.MoMLSimpleApplication@6abccb93
reloadAllAccessors: .ParallelExecution

===========================================================================================
----------------- testing Thu Mar 14 18:32:59 UTC 2019 /home/travis/build/icyphy/ptII/ptolemy/actor/lib/hoc/test/auto/RunCompositeActor.xml
----------------- Instantiating /home/travis/build/icyphy/ptII/ptolemy/actor/lib/hoc/test/auto/RunCompositeActor.xml
7 ms. Memory: 331776K Free: 98131K (30%)
----------------- Invoking toplevel() on ptolemy.moml.MoMLSimpleApplication@198dad17
----------------- Done invoking toplevel() on ptolemy.moml.MoMLSimpleApplication@198dad17
reloadAllAccessors: .RunCompositeActor

===========================================================================================
----------------- testing Thu Mar 14 18:32:59 UTC 2019 /home/travis/build/icyphy/ptII/ptolemy/actor/lib/hoc/test/auto/RunCompositeActor2.xml
----------------- Instantiating /home/travis/build/icyphy/ptII/ptolemy/actor/lib/hoc/test/auto/RunCompositeActor2.xml
3 ms. Memory: 331776K Free: 91589K (28%)
----------------- Invoking toplevel() on ptolemy.moml.MoMLSimpleApplication@711de68e
----------------- Done invoking toplevel() on ptolemy.moml.MoMLSimpleApplication@711de68e
reloadAllAccessors: .RunCompositeActor2

===========================================================================================
----------------- testing Thu Mar 14 18:32:59 UTC 2019 /home/travis/build/icyphy/ptII/ptolemy/actor/lib/hoc/test/auto/RunCompositeActor3.xml
----------------- Instantiating /home/travis/build/icyphy/ptII/ptolemy/actor/lib/hoc/test/auto/RunCompositeActor3.xml
6 ms. Memory: 331776K Free: 84277K (25%)
----------------- Invoking toplevel() on ptolemy.moml.MoMLSimpleApplication@9ddecba
----------------- Done invoking toplevel() on ptolemy.moml.MoMLSimpleApplication@9ddecba
reloadAllAccessors: .RunCompositeActor3

===========================================================================================
----------------- testing Thu Mar 14 18:32:59 UTC 2019 /home/travis/build/icyphy/ptII/ptolemy/actor/lib/hoc/test/auto/RunCompositeActor4.xml
----------------- Instantiating /home/travis/build/icyphy/ptII/ptolemy/actor/lib/hoc/test/auto/RunCompositeActor4.xml
43 ms. Memory: 332800K Free: 318094K (96%)
----------------- Invoking toplevel() on ptolemy.moml.MoMLSimpleApplication@74dcaab8
----------------- Done invoking toplevel() on ptolemy.moml.MoMLSimpleApplication@74dcaab8
reloadAllAccessors: .RunCompositeActor4

===========================================================================================
----------------- testing Thu Mar 14 18:32:59 UTC 2019 /home/travis/build/icyphy/ptII/ptolemy/actor/lib/hoc/test/auto/RunCompositeIterateOverArray.xml
----------------- Instantiating /home/travis/build/icyphy/ptII/ptolemy/actor/lib/hoc/test/auto/RunCompositeIterateOverArray.xml
10 ms. Memory: 332800K Free: 310130K (93%)
----------------- Invoking toplevel() on ptolemy.moml.MoMLSimpleApplication@50399f9d
----------------- Done invoking toplevel() on ptolemy.moml.MoMLSimpleApplication@50399f9d
reloadAllAccessors: .RunCompositeIterateOverArray

===========================================================================================
----------------- testing Thu Mar 14 18:32:59 UTC 2019 /home/travis/build/icyphy/ptII/ptolemy/actor/lib/hoc/test/auto/ThreadedJS.xml
----------------- Instantiating /home/travis/build/icyphy/ptII/ptolemy/actor/lib/hoc/test/auto/ThreadedJS.xml
1882 ms. Memory: 540160K Free: 159597K (30%)
----------------- Invoking toplevel() on ptolemy.moml.MoMLSimpleApplication@d6f08a6
----------------- Done invoking toplevel() on ptolemy.moml.MoMLSimpleApplication@d6f08a6
reloadAllAccessors: .ThreadedJS
AutoTests.java: About to close Vertx.
AutoTests.java: Vertx closed.
]]></system-out>
  <system-err><![CDATA[java.lang.RuntimeException: Execution failed
	at ptolemy.moml.MoMLSimpleApplication$UnloadThread.run(MoMLSimpleApplication.java:402)
Caused by: ptolemy.kernel.util.IllegalActionException: initialize() was called after wrapup() was called but preinitialize() was not called after wrapup().
	at ptolemy.actor.lib.hoc.test.PreinitializeMustBeInvoked.initialize(PreinitializeMustBeInvoked.java:78)
	at ptolemy.actor.Director.initialize(Director.java:938)
	at ptolemy.actor.Director.initialize(Director.java:907)
	at ptolemy.actor.sched.StaticSchedulingDirector.initialize(StaticSchedulingDirector.java:159)
	at ptolemy.domains.sdf.kernel.SDFDirector.initialize(SDFDirector.java:544)
	at ptolemy.actor.CompositeActor.initialize(CompositeActor.java:935)
	at ptolemy.actor.lib.hoc.LifeCycleManager._executeInsideModel(LifeCycleManager.java:339)
	at ptolemy.actor.lib.hoc.RunCompositeActor.fire(RunCompositeActor.java:205)
	at ptolemy.actor.CompositeActor.iterate(CompositeActor.java:1146)
	at ptolemy.actor.sched.StaticSchedulingDirector.fire(StaticSchedulingDirector.java:216)
	at ptolemy.domains.sdf.kernel.SDFDirector.fire(SDFDirector.java:500)
	at ptolemy.actor.CompositeActor.fire(CompositeActor.java:455)
	at ptolemy.actor.Manager.iterate(Manager.java:851)
	at ptolemy.actor.Manager.execute(Manager.java:369)
	at ptolemy.actor.Manager.run(Manager.java:1263)
	at ptolemy.actor.Manager$PtolemyRunThread.run(Manager.java:1915)
java.lang.reflect.InvocationTargetException
	at sun.reflect.NativeConstructorAccessorImpl.newInstance0(Native Method)
	at sun.reflect.NativeConstructorAccessorImpl.newInstance(NativeConstructorAccessorImpl.java:62)
	at sun.reflect.DelegatingConstructorAccessorImpl.newInstance(DelegatingConstructorAccessorImpl.java:45)
	at java.lang.reflect.Constructor.newInstance(Constructor.java:423)
	at ptolemy.util.test.junit.AutoKnownFailedTests.RunModel(AutoKnownFailedTests.java:105)
	at sun.reflect.NativeMethodAccessorImpl.invoke0(Native Method)
	at sun.reflect.NativeMethodAccessorImpl.invoke(NativeMethodAccessorImpl.java:62)
	at sun.reflect.DelegatingMethodAccessorImpl.invoke(DelegatingMethodAccessorImpl.java:43)
	at java.lang.reflect.Method.invoke(Method.java:498)
	at org.junit.runners.model.FrameworkMethod$1.runReflectiveCall(FrameworkMethod.java:44)
	at org.junit.internal.runners.model.ReflectiveCallable.run(ReflectiveCallable.java:15)
	at org.junit.runners.model.FrameworkMethod.invokeExplosively(FrameworkMethod.java:41)
	at junitparams.internal.InvokeParameterisedMethod.evaluate(InvokeParameterisedMethod.java:102)
	at org.junit.internal.runners.statements.FailOnTimeout$1.run(FailOnTimeout.java:28)
Caused by: ptolemy.kernel.util.IllegalActionException: initialize() was called after wrapup() was called but preinitialize() was not called after wrapup().
	at ptolemy.actor.lib.hoc.test.PreinitializeMustBeInvoked.initialize(PreinitializeMustBeInvoked.java:78)
	at ptolemy.actor.Director.initialize(Director.java:938)
	at ptolemy.actor.Director.initialize(Director.java:907)
	at ptolemy.actor.sched.StaticSchedulingDirector.initialize(StaticSchedulingDirector.java:159)
	at ptolemy.domains.sdf.kernel.SDFDirector.initialize(SDFDirector.java:544)
	at ptolemy.actor.CompositeActor.initialize(CompositeActor.java:935)
	at ptolemy.actor.lib.hoc.LifeCycleManager._executeInsideModel(LifeCycleManager.java:339)
	at ptolemy.actor.lib.hoc.RunCompositeActor.fire(RunCompositeActor.java:205)
	at ptolemy.actor.CompositeActor.iterate(CompositeActor.java:1146)
	at ptolemy.actor.sched.StaticSchedulingDirector.fire(StaticSchedulingDirector.java:216)
	at ptolemy.domains.sdf.kernel.SDFDirector.fire(SDFDirector.java:500)
	at ptolemy.actor.CompositeActor.fire(CompositeActor.java:455)
	at ptolemy.actor.Manager.iterate(Manager.java:851)
	at ptolemy.actor.Manager.execute(Manager.java:369)
	at ptolemy.actor.Manager.run(Manager.java:1263)
	at ptolemy.actor.Manager$PtolemyRunThread.run(Manager.java:1915)
]]></system-err>
</testsuite>
