<?xml version="1.0" encoding="UTF-8" ?>
<testsuite errors="0" failures="0" hostname="travis-job-e8d06915-ceb6-47eb-b2d6-411221e158bc" name="ptolemy.domains.pn.test.junit.JUnitTclTest" skipped="0" tests="43" time="7.683" timestamp="2019-11-11T06:53:02">
  <properties>
[...]
</properties>
  <testcase classname="ptolemy.util.test.junit.TclTests" name="[0] /home/travis/build/icyphy/ptII/ptolemy/domains/pn/test/PNDirector.tcl (RunTclFile)" time="0.713" />
  <testcase classname="ptolemy.util.test.junit.TclTests" name="[1] /home/travis/build/icyphy/ptII/ptolemy/domains/pn/test/TimedPNDirector.tcl (RunTclFile)" time="0.026" />
  <testcase classname="ptolemy.util.test.junit.AutoKnownFailedTests" name="[0] ThereAreNoKnowFailedTests (RunModel)" time="0.003" />
  <testcase classname="ptolemy.util.test.junit.AutoNameArchTests" name="[0] ThereAreNoAutoArchTests (RunModel)" time="0.002" />
  <testcase classname="ptolemy.util.test.junit.AutoTests" name="[0] /home/travis/build/icyphy/ptII/ptolemy/domains/pn/test/auto/Branching-switch-PN-ptolemy-2.xml (RunModel)" time="0.236" />
  <testcase classname="ptolemy.util.test.junit.AutoTests" name="[1] /home/travis/build/icyphy/ptII/ptolemy/domains/pn/test/auto/Branching-switch-PN-ptolemy.xml (RunModel)" time="0.166" />
  <testcase classname="ptolemy.util.test.junit.AutoTests" name="[2] /home/travis/build/icyphy/ptII/ptolemy/domains/pn/test/auto/BrockAckermanTest.xml (RunModel)" time="0.456" />
  <testcase classname="ptolemy.util.test.junit.AutoTests" name="[3] /home/travis/build/icyphy/ptII/ptolemy/domains/pn/test/auto/CounterMachine.xml (RunModel)" time="1.575" />
  <testcase classname="ptolemy.util.test.junit.AutoTests" name="[4] /home/travis/build/icyphy/ptII/ptolemy/domains/pn/test/auto/CounterMachine1.xml (RunModel)" time="1.263" />
  <testcase classname="ptolemy.util.test.junit.AutoTests" name="[5] /home/travis/build/icyphy/ptII/ptolemy/domains/pn/test/auto/CounterMachineWithException.xml (RunModel)" time="0.867" />
  <testcase classname="ptolemy.util.test.junit.AutoTests" name="[6] /home/travis/build/icyphy/ptII/ptolemy/domains/pn/test/auto/FinalState.xml (RunModel)" time="0.1" />
  <testcase classname="ptolemy.util.test.junit.AutoTests" name="[7] /home/travis/build/icyphy/ptII/ptolemy/domains/pn/test/auto/FourExpressions.xml (RunModel)" time="0.071" />
  <testcase classname="ptolemy.util.test.junit.AutoTests" name="[8] /home/travis/build/icyphy/ptII/ptolemy/domains/pn/test/auto/Identity.xml (RunModel)" time="0.066" />
  <testcase classname="ptolemy.util.test.junit.AutoTests" name="[9] /home/travis/build/icyphy/ptII/ptolemy/domains/pn/test/auto/IdentityWithFeedback.xml (RunModel)" time="0.058" />
  <testcase classname="ptolemy.util.test.junit.AutoTests" name="[10] /home/travis/build/icyphy/ptII/ptolemy/domains/pn/test/auto/NondeterministicMergeTest.xml (RunModel)" time="0.053" />
  <testcase classname="ptolemy.util.test.junit.AutoTests" name="[11] /home/travis/build/icyphy/ptII/ptolemy/domains/pn/test/auto/OrderedMerge.xml (RunModel)" time="0.174" />
  <testcase classname="ptolemy.util.test.junit.AutoTests" name="[12] /home/travis/build/icyphy/ptII/ptolemy/domains/pn/test/auto/PNAbstractReceiverTest.xml (RunModel)" time="0.037" />
  <testcase classname="ptolemy.util.test.junit.AutoTests" name="[13] /home/travis/build/icyphy/ptII/ptolemy/domains/pn/test/auto/QR.xml (RunModel)" time="0.067" />
  <testcase classname="ptolemy.util.test.junit.AutoTests" name="[14] /home/travis/build/icyphy/ptII/ptolemy/domains/pn/test/auto/RemoveNilTokens.xml (RunModel)" time="0.062" />
  <testcase classname="ptolemy.util.test.junit.AutoTests" name="[15] /home/travis/build/icyphy/ptII/ptolemy/domains/pn/test/auto/Stack.xml (RunModel)" time="0.172" />
  <testcase classname="ptolemy.util.test.junit.AutoTests" name="[16] /home/travis/build/icyphy/ptII/ptolemy/domains/pn/test/auto/TestRemoveNilTokens.xml (RunModel)" time="0.051" />
  <testcase classname="ptolemy.util.test.junit.AutoTests" name="[17] /home/travis/build/icyphy/ptII/ptolemy/domains/pn/test/auto/TestSeq2Array.xml (RunModel)" time="0.049" />
  <testcase classname="ptolemy.util.test.junit.AutoTests" name="[18] /home/travis/build/icyphy/ptII/ptolemy/domains/pn/test/auto/TrivialIdentity.xml (RunModel)" time="0.025" />
  <testcase classname="ptolemy.util.test.junit.AutoTests" name="[19] /home/travis/build/icyphy/ptII/ptolemy/domains/pn/test/auto/WidthInferenceTest1.xml (RunModel)" time="0.052" />
  <testcase classname="ptolemy.util.test.junit.AutoTests" name="[20] /home/travis/build/icyphy/ptII/ptolemy/domains/pn/test/auto/WidthInferenceTest2.xml (RunModel)" time="0.034" />
  <testcase classname="ptolemy.util.test.junit.AutoTests" name="[21] /home/travis/build/icyphy/ptII/ptolemy/domains/pn/test/auto/WidthInferenceTest3.xml (RunModel)" time="0.075" />
  <testcase classname="ptolemy.util.test.junit.AutoTests" name="[22] /home/travis/build/icyphy/ptII/ptolemy/domains/pn/test/auto/WidthInferenceTest4.xml (RunModel)" time="0.093" />
  <testcase classname="ptolemy.util.test.junit.AutoTests" name="[23] /home/travis/build/icyphy/ptII/ptolemy/domains/pn/test/auto/WidthInferenceTest5.xml (RunModel)" time="0.057" />
  <testcase classname="ptolemy.util.test.junit.AutoTests" name="[24] /home/travis/build/icyphy/ptII/ptolemy/domains/pn/test/auto/controlled_kahnnet.xml (RunModel)" time="0.034" />
  <testcase classname="ptolemy.util.test.junit.AutoTests" name="[25] /home/travis/build/icyphy/ptII/ptolemy/domains/pn/test/auto/demandDriven.xml (RunModel)" time="0.024" />
  <testcase classname="ptolemy.util.test.junit.AutoTests" name="[26] /home/travis/build/icyphy/ptII/ptolemy/domains/pn/test/auto/feedback.xml (RunModel)" time="0.027" />
  <testcase classname="ptolemy.util.test.junit.AutoTests" name="[27] /home/travis/build/icyphy/ptII/ptolemy/domains/pn/test/auto/helloWorld.xml (RunModel)" time="0.023" />
  <testcase classname="ptolemy.util.test.junit.AutoTests" name="[28] /home/travis/build/icyphy/ptII/ptolemy/domains/pn/test/auto/helloWorld2.xml (RunModel)" time="0.033" />
  <testcase classname="ptolemy.util.test.junit.AutoTests" name="[29] /home/travis/build/icyphy/ptII/ptolemy/domains/pn/test/auto/noOutput.xml (RunModel)" time="0.05" />
  <testcase classname="ptolemy.util.test.junit.AutoTests" name="[30] /home/travis/build/icyphy/ptII/ptolemy/domains/pn/test/auto/relationGroup.xml (RunModel)" time="0.02" />
  <testcase classname="ptolemy.util.test.junit.AutoTests" name="[31] /home/travis/build/icyphy/ptII/ptolemy/domains/pn/test/auto/relationGroup2.xml (RunModel)" time="0.019" />
  <testcase classname="ptolemy.util.test.junit.AutoTests" name="[32] /home/travis/build/icyphy/ptII/ptolemy/domains/pn/test/auto/relationGroup3.xml (RunModel)" time="0.023" />
  <testcase classname="ptolemy.util.test.junit.AutoTests" name="[33] /home/travis/build/icyphy/ptII/ptolemy/domains/pn/test/auto/relationGroup4.xml (RunModel)" time="0.013" />
  <testcase classname="ptolemy.util.test.junit.AutoTests" name="[34] /home/travis/build/icyphy/ptII/ptolemy/domains/pn/test/auto/relationGroup5.xml (RunModel)" time="0.016" />
  <testcase classname="ptolemy.util.test.junit.AutoTests" name="[35] /home/travis/build/icyphy/ptII/ptolemy/domains/pn/test/auto/relationGroup6.xml (RunModel)" time="0.027" />
  <testcase classname="ptolemy.util.test.junit.AutoTests" name="[36] /home/travis/build/icyphy/ptII/ptolemy/domains/pn/test/auto/relationGroup7.xml (RunModel)" time="0.018" />
  <testcase classname="ptolemy.util.test.junit.AutoTests" name="[37] /home/travis/build/icyphy/ptII/ptolemy/domains/pn/test/auto/relationGroup8.xml (RunModel)" time="0.022" />
  <testcase classname="ptolemy.util.test.junit.AutoTests" name="[38] /home/travis/build/icyphy/ptII/ptolemy/domains/pn/test/auto/widthTest.xml (RunModel)" time="0.039" />
  <system-out><![CDATA[/home/travis/build/icyphy/ptII/ptolemy/domains/pn/test/PNDirector.tcl
testDefs.tcl: setting time out to 9000 seconds at Mon Nov 11 06:53:02 UTC 2019
101 ms. Memory: 120832K Free: 89546K (74%)
91 ms. Memory: 120832K Free: 81868K (68%)
/home/travis/build/icyphy/ptII/ptolemy/domains/pn/test/TimedPNDirector.tcl


==== $PTII/ptolemy/domains/pn/test/TimedPNDirector.tcl: TimedPNDirector-6.1 Test an application
==== Contents of test case:


    set e0 [java::new ptolemy.actor.TypedCompositeActor]
    set manager [java::new ptolemy.actor.Manager]
    set director [java::new ptolemy.domains.pn.kernel.TimedPNDirector]
    $e0 setDirector $director
    $e0 setName top
    $e0 setManager $manager

    # FIXME: why doesn't the getParameter option work.
    set ramp [java::new ptolemy.actor.lib.Ramp $e0 ramp]
    set param [java::cast ptolemy.data.expr.Parameter  [$ramp getAttribute  firingCountLimit]]
    $param setExpression 20

    set rec [java::new ptolemy.actor.lib.Recorder $e0 rec]
    $e0 connect  [java::field [java::cast ptolemy.actor.lib.Source $ramp] output]  [java::field [java::cast ptolemy.actor.lib.Sink $rec] input]

    error "Running this test sometimes causes an endless loop" 

#    [$e0 getManager] execute
#    enumToTokenValues [$rec getRecord 0]


.... Test generated KNOWN error:
Running this test sometimes causes an endless loop
    while executing
"error "Running this test sometimes causes an endless loop" "
    ("uplevel" body line 18)
    invoked from within
"uplevel $contents_of_test"
11/11/19 06:53:03
Failed: 0  Total Tests: 3  ((Passed: 2, Newly Passed: 0)  Known Failed: 1) /home/travis/build/icyphy/ptII/ptolemy/domains/pn/test
No auto/knownFailedTests/*.xml tests in /home/travis/build/icyphy/ptII/ptolemy/domains/pn/test
No auto/linux-amd64/*.xml tests in /home/travis/build/icyphy/ptII/ptolemy/domains/pn/test
AutoTests.java: About to close Vertx.
AutoTests.java: Vertx closed.

===========================================================================================
----------------- testing Mon Nov 11 06:53:03 UTC 2019 /home/travis/build/icyphy/ptII/ptolemy/domains/pn/test/auto/Branching-switch-PN-ptolemy-2.xml
----------------- Instantiating /home/travis/build/icyphy/ptII/ptolemy/domains/pn/test/auto/Branching-switch-PN-ptolemy-2.xml
67 ms. Memory: 120832K Free: 95873K (79%)
----------------- Invoking toplevel() on ptolemy.moml.MoMLSimpleApplication@5c4361d
----------------- Done invoking toplevel() on ptolemy.moml.MoMLSimpleApplication@5c4361d
reloadAllAccessors: .Branching-switch-PN-ptolemy-2

===========================================================================================
----------------- testing Mon Nov 11 06:53:03 UTC 2019 /home/travis/build/icyphy/ptII/ptolemy/domains/pn/test/auto/Branching-switch-PN-ptolemy.xml
----------------- Instantiating /home/travis/build/icyphy/ptII/ptolemy/domains/pn/test/auto/Branching-switch-PN-ptolemy.xml
46 ms. Memory: 120832K Free: 102371K (85%)
----------------- Invoking toplevel() on ptolemy.moml.MoMLSimpleApplication@713a5218
----------------- Done invoking toplevel() on ptolemy.moml.MoMLSimpleApplication@713a5218
reloadAllAccessors: .Branching-switch-PN-ptolemy

===========================================================================================
----------------- testing Mon Nov 11 06:53:04 UTC 2019 /home/travis/build/icyphy/ptII/ptolemy/domains/pn/test/auto/BrockAckermanTest.xml
----------------- Instantiating /home/travis/build/icyphy/ptII/ptolemy/domains/pn/test/auto/BrockAckermanTest.xml
250 ms. Memory: 120832K Free: 87550K (72%)
----------------- Invoking toplevel() on ptolemy.moml.MoMLSimpleApplication@5c2c55b
----------------- Done invoking toplevel() on ptolemy.moml.MoMLSimpleApplication@5c2c55b
reloadAllAccessors: .BrockAckermanTest

===========================================================================================
----------------- testing Mon Nov 11 06:53:04 UTC 2019 /home/travis/build/icyphy/ptII/ptolemy/domains/pn/test/auto/CounterMachine.xml
----------------- Instantiating /home/travis/build/icyphy/ptII/ptolemy/domains/pn/test/auto/CounterMachine.xml
935 ms. Memory: 150528K Free: 94358K (63%)
----------------- Invoking toplevel() on ptolemy.moml.MoMLSimpleApplication@50388603
----------------- Done invoking toplevel() on ptolemy.moml.MoMLSimpleApplication@50388603
reloadAllAccessors: .CounterMachine

===========================================================================================
----------------- testing Mon Nov 11 06:53:06 UTC 2019 /home/travis/build/icyphy/ptII/ptolemy/domains/pn/test/auto/CounterMachine1.xml
----------------- Instantiating /home/travis/build/icyphy/ptII/ptolemy/domains/pn/test/auto/CounterMachine1.xml
884 ms. Memory: 150528K Free: 126337K (84%)
----------------- Invoking toplevel() on ptolemy.moml.MoMLSimpleApplication@22311898
----------------- Done invoking toplevel() on ptolemy.moml.MoMLSimpleApplication@22311898
reloadAllAccessors: .CounterMachine1

===========================================================================================
----------------- testing Mon Nov 11 06:53:07 UTC 2019 /home/travis/build/icyphy/ptII/ptolemy/domains/pn/test/auto/CounterMachineWithException.xml
----------------- Instantiating /home/travis/build/icyphy/ptII/ptolemy/domains/pn/test/auto/CounterMachineWithException.xml
551 ms. Memory: 150528K Free: 98032K (65%)
----------------- Invoking toplevel() on ptolemy.moml.MoMLSimpleApplication@803eff8
----------------- Done invoking toplevel() on ptolemy.moml.MoMLSimpleApplication@803eff8
reloadAllAccessors: .CounterMachineWithException

===========================================================================================
----------------- testing Mon Nov 11 06:53:08 UTC 2019 /home/travis/build/icyphy/ptII/ptolemy/domains/pn/test/auto/FinalState.xml
----------------- Instantiating /home/travis/build/icyphy/ptII/ptolemy/domains/pn/test/auto/FinalState.xml
32 ms. Memory: 150528K Free: 91591K (61%)
----------------- Invoking toplevel() on ptolemy.moml.MoMLSimpleApplication@340169da
----------------- Done invoking toplevel() on ptolemy.moml.MoMLSimpleApplication@340169da
reloadAllAccessors: .FinalState

===========================================================================================
----------------- testing Mon Nov 11 06:53:08 UTC 2019 /home/travis/build/icyphy/ptII/ptolemy/domains/pn/test/auto/FourExpressions.xml
----------------- Instantiating /home/travis/build/icyphy/ptII/ptolemy/domains/pn/test/auto/FourExpressions.xml
25 ms. Memory: 150528K Free: 86099K (57%)
----------------- Invoking toplevel() on ptolemy.moml.MoMLSimpleApplication@2d4c0351
----------------- Done invoking toplevel() on ptolemy.moml.MoMLSimpleApplication@2d4c0351
reloadAllAccessors: .FourExpressions

===========================================================================================
----------------- testing Mon Nov 11 06:53:08 UTC 2019 /home/travis/build/icyphy/ptII/ptolemy/domains/pn/test/auto/Identity.xml
----------------- Instantiating /home/travis/build/icyphy/ptII/ptolemy/domains/pn/test/auto/Identity.xml
16 ms. Memory: 150528K Free: 81318K (54%)
----------------- Invoking toplevel() on ptolemy.moml.MoMLSimpleApplication@6260b128
----------------- Done invoking toplevel() on ptolemy.moml.MoMLSimpleApplication@6260b128
reloadAllAccessors: .Identity

===========================================================================================
----------------- testing Mon Nov 11 06:53:08 UTC 2019 /home/travis/build/icyphy/ptII/ptolemy/domains/pn/test/auto/IdentityWithFeedback.xml
----------------- Instantiating /home/travis/build/icyphy/ptII/ptolemy/domains/pn/test/auto/IdentityWithFeedback.xml
10 ms. Memory: 150528K Free: 78138K (52%)
----------------- Invoking toplevel() on ptolemy.moml.MoMLSimpleApplication@75339617
----------------- Done invoking toplevel() on ptolemy.moml.MoMLSimpleApplication@75339617
reloadAllAccessors: .IdentityWithFeedback

===========================================================================================
----------------- testing Mon Nov 11 06:53:08 UTC 2019 /home/travis/build/icyphy/ptII/ptolemy/domains/pn/test/auto/NondeterministicMergeTest.xml
----------------- Instantiating /home/travis/build/icyphy/ptII/ptolemy/domains/pn/test/auto/NondeterministicMergeTest.xml
20 ms. Memory: 150528K Free: 73735K (49%)
----------------- Invoking toplevel() on ptolemy.moml.MoMLSimpleApplication@2c108b3c
----------------- Done invoking toplevel() on ptolemy.moml.MoMLSimpleApplication@2c108b3c
reloadAllAccessors: .NondeterministicMergeTest

===========================================================================================
----------------- testing Mon Nov 11 06:53:08 UTC 2019 /home/travis/build/icyphy/ptII/ptolemy/domains/pn/test/auto/OrderedMerge.xml
----------------- Instantiating /home/travis/build/icyphy/ptII/ptolemy/domains/pn/test/auto/OrderedMerge.xml
131 ms. Memory: 150528K Free: 65819K (44%)
----------------- Invoking toplevel() on ptolemy.moml.MoMLSimpleApplication@9a9757e
----------------- Done invoking toplevel() on ptolemy.moml.MoMLSimpleApplication@9a9757e
reloadAllAccessors: .OrderedMerge

===========================================================================================
----------------- testing Mon Nov 11 06:53:08 UTC 2019 /home/travis/build/icyphy/ptII/ptolemy/domains/pn/test/auto/PNAbstractReceiverTest.xml
----------------- Instantiating /home/travis/build/icyphy/ptII/ptolemy/domains/pn/test/auto/PNAbstractReceiverTest.xml
3 ms. Memory: 150528K Free: 63271K (42%)
----------------- Invoking toplevel() on ptolemy.moml.MoMLSimpleApplication@3795e6b6
----------------- Done invoking toplevel() on ptolemy.moml.MoMLSimpleApplication@3795e6b6
reloadAllAccessors: .PNAbstractReceiverTest

===========================================================================================
----------------- testing Mon Nov 11 06:53:08 UTC 2019 /home/travis/build/icyphy/ptII/ptolemy/domains/pn/test/auto/QR.xml
----------------- Instantiating /home/travis/build/icyphy/ptII/ptolemy/domains/pn/test/auto/QR.xml
20 ms. Memory: 150528K Free: 55258K (37%)
----------------- Invoking toplevel() on ptolemy.moml.MoMLSimpleApplication@db14884
----------------- Done invoking toplevel() on ptolemy.moml.MoMLSimpleApplication@db14884
reloadAllAccessors: .QR

===========================================================================================
----------------- testing Mon Nov 11 06:53:08 UTC 2019 /home/travis/build/icyphy/ptII/ptolemy/domains/pn/test/auto/RemoveNilTokens.xml
----------------- Instantiating /home/travis/build/icyphy/ptII/ptolemy/domains/pn/test/auto/RemoveNilTokens.xml
21 ms. Memory: 150528K Free: 48564K (32%)
----------------- Invoking toplevel() on ptolemy.moml.MoMLSimpleApplication@2bee2f75
----------------- Done invoking toplevel() on ptolemy.moml.MoMLSimpleApplication@2bee2f75
reloadAllAccessors: .RemoveNilTokens

===========================================================================================
----------------- testing Mon Nov 11 06:53:08 UTC 2019 /home/travis/build/icyphy/ptII/ptolemy/domains/pn/test/auto/Stack.xml
----------------- Instantiating /home/travis/build/icyphy/ptII/ptolemy/domains/pn/test/auto/Stack.xml
74 ms. Memory: 181248K Free: 147782K (82%)
----------------- Invoking toplevel() on ptolemy.moml.MoMLSimpleApplication@5fdc848
----------------- Done invoking toplevel() on ptolemy.moml.MoMLSimpleApplication@5fdc848
reloadAllAccessors: .Stack

===========================================================================================
----------------- testing Mon Nov 11 06:53:09 UTC 2019 /home/travis/build/icyphy/ptII/ptolemy/domains/pn/test/auto/TestRemoveNilTokens.xml
----------------- Instantiating /home/travis/build/icyphy/ptII/ptolemy/domains/pn/test/auto/TestRemoveNilTokens.xml
17 ms. Memory: 181248K Free: 142052K (78%)
----------------- Invoking toplevel() on ptolemy.moml.MoMLSimpleApplication@5f8fef70
----------------- Done invoking toplevel() on ptolemy.moml.MoMLSimpleApplication@5f8fef70
reloadAllAccessors: .TestRemoveNilTokens

===========================================================================================
----------------- testing Mon Nov 11 06:53:09 UTC 2019 /home/travis/build/icyphy/ptII/ptolemy/domains/pn/test/auto/TestSeq2Array.xml
----------------- Instantiating /home/travis/build/icyphy/ptII/ptolemy/domains/pn/test/auto/TestSeq2Array.xml
20 ms. Memory: 181248K Free: 137605K (76%)
----------------- Invoking toplevel() on ptolemy.moml.MoMLSimpleApplication@f033fd5
----------------- Done invoking toplevel() on ptolemy.moml.MoMLSimpleApplication@f033fd5
reloadAllAccessors: .TestSeq2Array

===========================================================================================
----------------- testing Mon Nov 11 06:53:09 UTC 2019 /home/travis/build/icyphy/ptII/ptolemy/domains/pn/test/auto/TrivialIdentity.xml
----------------- Instantiating /home/travis/build/icyphy/ptII/ptolemy/domains/pn/test/auto/TrivialIdentity.xml
6 ms. Memory: 181248K Free: 134016K (74%)
----------------- Invoking toplevel() on ptolemy.moml.MoMLSimpleApplication@41dd0096
----------------- Done invoking toplevel() on ptolemy.moml.MoMLSimpleApplication@41dd0096
reloadAllAccessors: .TrivialIdentity

===========================================================================================
----------------- testing Mon Nov 11 06:53:09 UTC 2019 /home/travis/build/icyphy/ptII/ptolemy/domains/pn/test/auto/WidthInferenceTest1.xml
----------------- Instantiating /home/travis/build/icyphy/ptII/ptolemy/domains/pn/test/auto/WidthInferenceTest1.xml
15 ms. Memory: 181248K Free: 128912K (71%)
----------------- Invoking toplevel() on ptolemy.moml.MoMLSimpleApplication@36119693
----------------- Done invoking toplevel() on ptolemy.moml.MoMLSimpleApplication@36119693
reloadAllAccessors: .1

===========================================================================================
----------------- testing Mon Nov 11 06:53:09 UTC 2019 /home/travis/build/icyphy/ptII/ptolemy/domains/pn/test/auto/WidthInferenceTest2.xml
----------------- Instantiating /home/travis/build/icyphy/ptII/ptolemy/domains/pn/test/auto/WidthInferenceTest2.xml
13 ms. Memory: 181248K Free: 124488K (69%)
----------------- Invoking toplevel() on ptolemy.moml.MoMLSimpleApplication@5502a3af
----------------- Done invoking toplevel() on ptolemy.moml.MoMLSimpleApplication@5502a3af
reloadAllAccessors: .2

===========================================================================================
----------------- testing Mon Nov 11 06:53:09 UTC 2019 /home/travis/build/icyphy/ptII/ptolemy/domains/pn/test/auto/WidthInferenceTest3.xml
----------------- Instantiating /home/travis/build/icyphy/ptII/ptolemy/domains/pn/test/auto/WidthInferenceTest3.xml
23 ms. Memory: 181248K Free: 111692K (62%)
----------------- Invoking toplevel() on ptolemy.moml.MoMLSimpleApplication@407d585e
----------------- Done invoking toplevel() on ptolemy.moml.MoMLSimpleApplication@407d585e
reloadAllAccessors: .3

===========================================================================================
----------------- testing Mon Nov 11 06:53:09 UTC 2019 /home/travis/build/icyphy/ptII/ptolemy/domains/pn/test/auto/WidthInferenceTest4.xml
----------------- Instantiating /home/travis/build/icyphy/ptII/ptolemy/domains/pn/test/auto/WidthInferenceTest4.xml
30 ms. Memory: 181248K Free: 100850K (56%)
----------------- Invoking toplevel() on ptolemy.moml.MoMLSimpleApplication@385a963b
----------------- Done invoking toplevel() on ptolemy.moml.MoMLSimpleApplication@385a963b
reloadAllAccessors: .WidthInferenceTest4

===========================================================================================
----------------- testing Mon Nov 11 06:53:09 UTC 2019 /home/travis/build/icyphy/ptII/ptolemy/domains/pn/test/auto/WidthInferenceTest5.xml
----------------- Instantiating /home/travis/build/icyphy/ptII/ptolemy/domains/pn/test/auto/WidthInferenceTest5.xml
26 ms. Memory: 181248K Free: 90524K (50%)
----------------- Invoking toplevel() on ptolemy.moml.MoMLSimpleApplication@6b86364f
----------------- Done invoking toplevel() on ptolemy.moml.MoMLSimpleApplication@6b86364f
reloadAllAccessors: .WidthInferenceTest5

===========================================================================================
----------------- testing Mon Nov 11 06:53:09 UTC 2019 /home/travis/build/icyphy/ptII/ptolemy/domains/pn/test/auto/controlled_kahnnet.xml
----------------- Instantiating /home/travis/build/icyphy/ptII/ptolemy/domains/pn/test/auto/controlled_kahnnet.xml
12 ms. Memory: 181248K Free: 86944K (48%)
----------------- Invoking toplevel() on ptolemy.moml.MoMLSimpleApplication@497b8952
----------------- Done invoking toplevel() on ptolemy.moml.MoMLSimpleApplication@497b8952
reloadAllAccessors: .controlled_kahnnet

===========================================================================================
----------------- testing Mon Nov 11 06:53:09 UTC 2019 /home/travis/build/icyphy/ptII/ptolemy/domains/pn/test/auto/demandDriven.xml
----------------- Instantiating /home/travis/build/icyphy/ptII/ptolemy/domains/pn/test/auto/demandDriven.xml
5 ms. Memory: 181248K Free: 83770K (46%)
----------------- Invoking toplevel() on ptolemy.moml.MoMLSimpleApplication@32b37be1
----------------- Done invoking toplevel() on ptolemy.moml.MoMLSimpleApplication@32b37be1
reloadAllAccessors: .demandDriven

===========================================================================================
----------------- testing Mon Nov 11 06:53:09 UTC 2019 /home/travis/build/icyphy/ptII/ptolemy/domains/pn/test/auto/feedback.xml
----------------- Instantiating /home/travis/build/icyphy/ptII/ptolemy/domains/pn/test/auto/feedback.xml
11 ms. Memory: 181248K Free: 81060K (45%)
----------------- Invoking toplevel() on ptolemy.moml.MoMLSimpleApplication@6728e69a
----------------- Done invoking toplevel() on ptolemy.moml.MoMLSimpleApplication@6728e69a
reloadAllAccessors: .feedback

===========================================================================================
----------------- testing Mon Nov 11 06:53:09 UTC 2019 /home/travis/build/icyphy/ptII/ptolemy/domains/pn/test/auto/helloWorld.xml
----------------- Instantiating /home/travis/build/icyphy/ptII/ptolemy/domains/pn/test/auto/helloWorld.xml
8 ms. Memory: 181248K Free: 79147K (44%)
----------------- Invoking toplevel() on ptolemy.moml.MoMLSimpleApplication@27b03ff1
----------------- Done invoking toplevel() on ptolemy.moml.MoMLSimpleApplication@27b03ff1
reloadAllAccessors: .helloWorld

===========================================================================================
----------------- testing Mon Nov 11 06:53:09 UTC 2019 /home/travis/build/icyphy/ptII/ptolemy/domains/pn/test/auto/helloWorld2.xml
----------------- Instantiating /home/travis/build/icyphy/ptII/ptolemy/domains/pn/test/auto/helloWorld2.xml
11 ms. Memory: 181248K Free: 75836K (42%)
----------------- Invoking toplevel() on ptolemy.moml.MoMLSimpleApplication@13e1bd7d
----------------- Done invoking toplevel() on ptolemy.moml.MoMLSimpleApplication@13e1bd7d
reloadAllAccessors: .helloWorld2

===========================================================================================
----------------- testing Mon Nov 11 06:53:09 UTC 2019 /home/travis/build/icyphy/ptII/ptolemy/domains/pn/test/auto/noOutput.xml
----------------- Instantiating /home/travis/build/icyphy/ptII/ptolemy/domains/pn/test/auto/noOutput.xml
30 ms. Memory: 181248K Free: 72162K (40%)
----------------- Invoking toplevel() on ptolemy.moml.MoMLSimpleApplication@5956213b
----------------- Done invoking toplevel() on ptolemy.moml.MoMLSimpleApplication@5956213b
reloadAllAccessors: .noOutput

===========================================================================================
----------------- testing Mon Nov 11 06:53:09 UTC 2019 /home/travis/build/icyphy/ptII/ptolemy/domains/pn/test/auto/relationGroup.xml
----------------- Instantiating /home/travis/build/icyphy/ptII/ptolemy/domains/pn/test/auto/relationGroup.xml
5 ms. Memory: 181248K Free: 70153K (39%)
----------------- Invoking toplevel() on ptolemy.moml.MoMLSimpleApplication@e64552f
----------------- Done invoking toplevel() on ptolemy.moml.MoMLSimpleApplication@e64552f
reloadAllAccessors: .relationGroup

===========================================================================================
----------------- testing Mon Nov 11 06:53:09 UTC 2019 /home/travis/build/icyphy/ptII/ptolemy/domains/pn/test/auto/relationGroup2.xml
----------------- Instantiating /home/travis/build/icyphy/ptII/ptolemy/domains/pn/test/auto/relationGroup2.xml
4 ms. Memory: 181248K Free: 68150K (38%)
----------------- Invoking toplevel() on ptolemy.moml.MoMLSimpleApplication@3665b8f7
----------------- Done invoking toplevel() on ptolemy.moml.MoMLSimpleApplication@3665b8f7
reloadAllAccessors: .relationGroup2

===========================================================================================
----------------- testing Mon Nov 11 06:53:09 UTC 2019 /home/travis/build/icyphy/ptII/ptolemy/domains/pn/test/auto/relationGroup3.xml
----------------- Instantiating /home/travis/build/icyphy/ptII/ptolemy/domains/pn/test/auto/relationGroup3.xml
12 ms. Memory: 181248K Free: 66448K (37%)
----------------- Invoking toplevel() on ptolemy.moml.MoMLSimpleApplication@5c6cd75c
----------------- Done invoking toplevel() on ptolemy.moml.MoMLSimpleApplication@5c6cd75c
reloadAllAccessors: .relationGroup3

===========================================================================================
----------------- testing Mon Nov 11 06:53:09 UTC 2019 /home/travis/build/icyphy/ptII/ptolemy/domains/pn/test/auto/relationGroup4.xml
----------------- Instantiating /home/travis/build/icyphy/ptII/ptolemy/domains/pn/test/auto/relationGroup4.xml
5 ms. Memory: 181248K Free: 64494K (36%)
----------------- Invoking toplevel() on ptolemy.moml.MoMLSimpleApplication@de46e5
----------------- Done invoking toplevel() on ptolemy.moml.MoMLSimpleApplication@de46e5
reloadAllAccessors: .relationGroup4

===========================================================================================
----------------- testing Mon Nov 11 06:53:09 UTC 2019 /home/travis/build/icyphy/ptII/ptolemy/domains/pn/test/auto/relationGroup5.xml
----------------- Instantiating /home/travis/build/icyphy/ptII/ptolemy/domains/pn/test/auto/relationGroup5.xml
5 ms. Memory: 181248K Free: 62628K (35%)
----------------- Invoking toplevel() on ptolemy.moml.MoMLSimpleApplication@7dc46429
----------------- Done invoking toplevel() on ptolemy.moml.MoMLSimpleApplication@7dc46429
reloadAllAccessors: .relationGroup5

===========================================================================================
----------------- testing Mon Nov 11 06:53:09 UTC 2019 /home/travis/build/icyphy/ptII/ptolemy/domains/pn/test/auto/relationGroup6.xml
----------------- Instantiating /home/travis/build/icyphy/ptII/ptolemy/domains/pn/test/auto/relationGroup6.xml
14 ms. Memory: 181248K Free: 167616K (92%)
----------------- Invoking toplevel() on ptolemy.moml.MoMLSimpleApplication@6f6af983
----------------- Done invoking toplevel() on ptolemy.moml.MoMLSimpleApplication@6f6af983
reloadAllAccessors: .relationGroup6

===========================================================================================
----------------- testing Mon Nov 11 06:53:09 UTC 2019 /home/travis/build/icyphy/ptII/ptolemy/domains/pn/test/auto/relationGroup7.xml
----------------- Instantiating /home/travis/build/icyphy/ptII/ptolemy/domains/pn/test/auto/relationGroup7.xml
9 ms. Memory: 181248K Free: 164934K (91%)
----------------- Invoking toplevel() on ptolemy.moml.MoMLSimpleApplication@68143c51
----------------- Done invoking toplevel() on ptolemy.moml.MoMLSimpleApplication@68143c51
reloadAllAccessors: .relationGroup7

===========================================================================================
----------------- testing Mon Nov 11 06:53:09 UTC 2019 /home/travis/build/icyphy/ptII/ptolemy/domains/pn/test/auto/relationGroup8.xml
----------------- Instantiating /home/travis/build/icyphy/ptII/ptolemy/domains/pn/test/auto/relationGroup8.xml
2 ms. Memory: 181248K Free: 162391K (90%)
----------------- Invoking toplevel() on ptolemy.moml.MoMLSimpleApplication@1db701ad
----------------- Done invoking toplevel() on ptolemy.moml.MoMLSimpleApplication@1db701ad
reloadAllAccessors: .relationGroup8

===========================================================================================
----------------- testing Mon Nov 11 06:53:09 UTC 2019 /home/travis/build/icyphy/ptII/ptolemy/domains/pn/test/auto/widthTest.xml
----------------- Instantiating /home/travis/build/icyphy/ptII/ptolemy/domains/pn/test/auto/widthTest.xml
14 ms. Memory: 181248K Free: 158676K (88%)
----------------- Invoking toplevel() on ptolemy.moml.MoMLSimpleApplication@1daf0bfe
----------------- Done invoking toplevel() on ptolemy.moml.MoMLSimpleApplication@1daf0bfe
reloadAllAccessors: .widthTest
AutoTests.java: About to close Vertx.
AutoTests.java: Vertx closed.
]]></system-out>
  <system-err><![CDATA[java.lang.RuntimeException: Execution failed
	at ptolemy.moml.MoMLSimpleApplication$UnloadThread.run(MoMLSimpleApplication.java:402)
Caused by: ptolemy.kernel.util.IllegalActionException: At the current time, process-oriented domains (PN and CSP) cannot be nested inside firing-based domains (SDF, DE, CT, etc.).
  in .PNInsideDE.CompositeActor.port
Because:
class ptolemy.domains.de.kernel.DEReceiver cannot be cast to class ptolemy.actor.process.ProcessReceiver (ptolemy.domains.de.kernel.DEReceiver and ptolemy.actor.process.ProcessReceiver are in unnamed module of loader 'app')
	at ptolemy.actor.process.BranchController.addBranches(BranchController.java:182)
	at ptolemy.actor.process.CompositeProcessDirector.createBranchController(CompositeProcessDirector.java:221)
	at ptolemy.actor.process.CompositeProcessDirector.initialize(CompositeProcessDirector.java:289)
	at ptolemy.domains.pn.kernel.PNDirector.initialize(PNDirector.java:241)
	at ptolemy.actor.CompositeActor.initialize(CompositeActor.java:935)
	at ptolemy.actor.Director.initialize(Director.java:938)
	at ptolemy.actor.Director.initialize(Director.java:907)
	at ptolemy.domains.de.kernel.DEDirector.initialize(DEDirector.java:944)
	at ptolemy.actor.CompositeActor.initialize(CompositeActor.java:935)
	at ptolemy.actor.Manager.initialize(Manager.java:724)
	at ptolemy.actor.Manager.execute(Manager.java:356)
	at ptolemy.actor.Manager.run(Manager.java:1263)
	at ptolemy.actor.Manager$PtolemyRunThread.run(Manager.java:1933)
Caused by: java.lang.ClassCastException: class ptolemy.domains.de.kernel.DEReceiver cannot be cast to class ptolemy.actor.process.ProcessReceiver (ptolemy.domains.de.kernel.DEReceiver and ptolemy.actor.process.ProcessReceiver are in unnamed module of loader 'app')
	at ptolemy.actor.process.BranchController.addBranches(BranchController.java:178)
	... 12 more
Warning: '.RemoveNilTokens.Test2' The test produced only 7 tokens, yet the correctValues parameter was expecting 8 tokens.
Warning: '.RemoveNilTokens.Test' The test produced only 9 tokens, yet the correctValues parameter was expecting 13 tokens.
]]></system-err>
</testsuite>
