<?xml version="1.0" encoding="UTF-8" ?>
<testsuite errors="0" failures="0" hostname="travis-job-9d6165cb-7a70-4d05-ad57-faf44a790eee" name="ptolemy.vergil.basic.export.test.junit.ExportModelJUnitTestBatch2" skipped="0" tests="60" time="1968.028" timestamp="2020-05-26T14:57:37">
  <properties>
[...]
</properties>
  <testcase classname="ptolemy.vergil.basic.export.test.junit.ExportModelJUnitTestBatch2" name="[0] ptolemy/actor/lib/javasound/demo/KarplusStrong/KarplusStrong.xml (RunExportModel)" time="6.163" />
  <testcase classname="ptolemy.vergil.basic.export.test.junit.ExportModelJUnitTestBatch2" name="[1] ptolemy/actor/lib/jjs/demo/Factorial/Factorial.xml (RunExportModel)" time="21.474" />
  <testcase classname="ptolemy.vergil.basic.export.test.junit.ExportModelJUnitTestBatch2" name="[2] ptolemy/actor/lib/jjs/demo/JavaScriptShell/JavaScriptShell.xml (RunExportModel)" time="11.255" />
  <testcase classname="ptolemy.vergil.basic.export.test.junit.ExportModelJUnitTestBatch2" name="[3] ptolemy/actor/lib/jjs/demo/ModelBuilder/ModelBuilder.xml (RunExportModel)" time="23.291" />
  <testcase classname="ptolemy.vergil.basic.export.test.junit.ExportModelJUnitTestBatch2" name="[4] ptolemy/actor/lib/jjs/modules/aprilTags/demo/AprilTags/AprilTags.xml (RunExportModel)" time="48.118" />
  <testcase classname="ptolemy.vergil.basic.export.test.junit.ExportModelJUnitTestBatch2" name="[5] ptolemy/actor/lib/jjs/modules/aprilTags/demo/Kubi/Kubi.xml (RunExportModel)" time="55.218" />
  <testcase classname="ptolemy.vergil.basic.export.test.junit.ExportModelJUnitTestBatch2" name="[6] ptolemy/actor/lib/jjs/modules/audio/demo/Audio/Audio.xml (RunExportModel)" time="8.245" />
  <testcase classname="ptolemy.vergil.basic.export.test.junit.ExportModelJUnitTestBatch2" name="[7] ptolemy/actor/lib/jjs/modules/audio/demo/Audio/AudioCapture.xml (RunExportModel)" time="10.955" />
  <testcase classname="ptolemy.vergil.basic.export.test.junit.ExportModelJUnitTestBatch2" name="[8] ptolemy/actor/lib/jjs/modules/audio/demo/Audio/AudioClipPlayer.xml (RunExportModel)" time="10.337" />
  <testcase classname="ptolemy.vergil.basic.export.test.junit.ExportModelJUnitTestBatch2" name="[9] ptolemy/actor/lib/jjs/modules/audio/demo/Audio/AudioRecorder.xml (RunExportModel)" time="14.125" />
  <testcase classname="ptolemy.vergil.basic.export.test.junit.ExportModelJUnitTestBatch2" name="[10] ptolemy/actor/lib/jjs/modules/audio/demo/Audio/AudioSynthesis.xml (RunExportModel)" time="11.392" />
  <testcase classname="ptolemy.vergil.basic.export.test.junit.ExportModelJUnitTestBatch2" name="[11] ptolemy/actor/lib/jjs/modules/audio/demo/Audio/SpeechSynthesis.xml (RunExportModel)" time="48.206" />
  <testcase classname="ptolemy.vergil.basic.export.test.junit.ExportModelJUnitTestBatch2" name="[12] ptolemy/actor/lib/jjs/modules/cameras/demo/Camera/Camera.xml (RunExportModel)" time="43.027" />
  <testcase classname="ptolemy.vergil.basic.export.test.junit.ExportModelJUnitTestBatch2" name="[13] ptolemy/actor/lib/jjs/modules/cameras/demo/Camera/CaptureOpenLoop.xml (RunExportModel)" time="38.301" />
  <testcase classname="ptolemy.vergil.basic.export.test.junit.ExportModelJUnitTestBatch2" name="[14] ptolemy/actor/lib/jjs/modules/cameras/demo/CameraWebSocket/CameraWebSocket.xml (RunExportModel)" time="46.394" />
  <testcase classname="ptolemy.vergil.basic.export.test.junit.ExportModelJUnitTestBatch2" name="[15] ptolemy/actor/lib/jjs/modules/cameras/demo/Foscam/Foscam.xml (RunExportModel)" time="41.058" />
  <testcase classname="ptolemy.vergil.basic.export.test.junit.ExportModelJUnitTestBatch2" name="[16] ptolemy/actor/lib/jjs/modules/computerVision/demo/ComputerVision/ComputerVision.xml (RunExportModel)" time="64.346" />
  <testcase classname="ptolemy.vergil.basic.export.test.junit.ExportModelJUnitTestBatch2" name="[17] ptolemy/actor/lib/jjs/modules/contextAware/demo/ContextAware/ContextAware.xml (RunExportModel)" time="10.166" />
  <testcase classname="ptolemy.vergil.basic.export.test.junit.ExportModelJUnitTestBatch2" name="[18] ptolemy/actor/lib/jjs/modules/crypto/demo/AsymmetricEncrypt/AsymmetricEncrypt.xml (RunExportModel)" time="55.072" />
  <testcase classname="ptolemy.vergil.basic.export.test.junit.ExportModelJUnitTestBatch2" name="[19] ptolemy/actor/lib/jjs/modules/crypto/demo/MessageDigest/MessageDigest.xml (RunExportModel)" time="35.477" />
  <testcase classname="ptolemy.vergil.basic.export.test.junit.ExportModelJUnitTestBatch2" name="[20] ptolemy/actor/lib/jjs/modules/crypto/demo/RandomBytes/RandomBytes.xml (RunExportModel)" time="17.089" />
  <testcase classname="ptolemy.vergil.basic.export.test.junit.ExportModelJUnitTestBatch2" name="[21] ptolemy/actor/lib/jjs/modules/crypto/demo/SymmetricEncrypt/SymmetricEncrypt.xml (RunExportModel)" time="25.851" />
  <testcase classname="ptolemy.vergil.basic.export.test.junit.ExportModelJUnitTestBatch2" name="[22] ptolemy/actor/lib/jjs/modules/discovery/demo/Discovery/Discovery.xml (RunExportModel)" time="8.226" />
  <testcase classname="ptolemy.vergil.basic.export.test.junit.ExportModelJUnitTestBatch2" name="[23] ptolemy/actor/lib/jjs/modules/discovery/demo/Discovery/DiscoveryJS.xml (RunExportModel)" time="31.112" />
  <testcase classname="ptolemy.vergil.basic.export.test.junit.ExportModelJUnitTestBatch2" name="[24] ptolemy/actor/lib/jjs/modules/discovery/demo/Discovery/PopulateSwarmboxMap.xml (RunExportModel)" time="60.159" />
  <testcase classname="ptolemy.vergil.basic.export.test.junit.ExportModelJUnitTestBatch2" name="[25] ptolemy/actor/lib/jjs/modules/discovery/demo/Discovery/PostSwarmboxDevices.xml (RunExportModel)" time="43.736" />
  <testcase classname="ptolemy.vergil.basic.export.test.junit.ExportModelJUnitTestBatch2" name="[26] ptolemy/actor/lib/jjs/modules/discovery/demo/Heartbeat/Heartbeat.xml (RunExportModel)" time="32.073" />
  <testcase classname="ptolemy.vergil.basic.export.test.junit.ExportModelJUnitTestBatch2" name="[27] ptolemy/actor/lib/jjs/modules/dsp/demo/AudioFFT/AudioFFT.xml (RunExportModel)" time="13.329" />
  <testcase classname="ptolemy.vergil.basic.export.test.junit.ExportModelJUnitTestBatch2" name="[28] ptolemy/actor/lib/jjs/modules/dsp/demo/AudioFFT/SinusoidFFT.xml (RunExportModel)" time="18.794" />
  <testcase classname="ptolemy.vergil.basic.export.test.junit.ExportModelJUnitTestBatch2" name="[29] ptolemy/actor/lib/jjs/modules/eventbus/demo/VertxBus/VertxBus.xml (RunExportModel)" time="29.467" />
  <testcase classname="ptolemy.vergil.basic.export.test.junit.ExportModelJUnitTestBatch2" name="[30] ptolemy/actor/lib/jjs/modules/eventbus/demo/VertxChat/VertxChat.xml (RunExportModel)" time="13.889" />
  <testcase classname="ptolemy.vergil.basic.export.test.junit.ExportModelJUnitTestBatch2" name="[31] ptolemy/actor/lib/jjs/modules/faceDetector/demo/FaceDetector/FaceDetector.xml (RunExportModel)" time="14.996" />
  <testcase classname="ptolemy.vergil.basic.export.test.junit.ExportModelJUnitTestBatch2" name="[32] ptolemy/actor/lib/jjs/modules/faceDetector/demo/FaceDetectorCamera/FaceDetectorCamera.xml (RunExportModel)" time="43.456" />
  <testcase classname="ptolemy.vergil.basic.export.test.junit.ExportModelJUnitTestBatch2" name="[33] ptolemy/actor/lib/jjs/modules/faceDetector/demo/OccupancyCount/OccupancyCount.xml (RunExportModel)" time="42.506" />
  <testcase classname="ptolemy.vergil.basic.export.test.junit.ExportModelJUnitTestBatch2" name="[34] ptolemy/actor/lib/jjs/modules/httpClient/demo/REST/REST.xml (RunExportModel)" time="8.218" />
  <testcase classname="ptolemy.vergil.basic.export.test.junit.ExportModelJUnitTestBatch2" name="[35] ptolemy/actor/lib/jjs/modules/httpClient/demo/REST/RESTSimple.xml (RunExportModel)" time="15.202" />
  <testcase classname="ptolemy.vergil.basic.export.test.junit.ExportModelJUnitTestBatch2" name="[36] ptolemy/actor/lib/jjs/modules/httpClient/demo/REST/Weather.xml (RunExportModel)" time="11.852" />
  <testcase classname="ptolemy.vergil.basic.export.test.junit.ExportModelJUnitTestBatch2" name="[37] ptolemy/actor/lib/jjs/modules/httpServer/demo/HttpServer/HttpServer.xml (RunExportModel)" time="40.892" />
  <testcase classname="ptolemy.vergil.basic.export.test.junit.ExportModelJUnitTestBatch2" name="[38] ptolemy/actor/lib/jjs/modules/httpServer/demo/KeyValueStoreClient/KeyValueStoreClient.xml (RunExportModel)" time="44.094" />
  <testcase classname="ptolemy.vergil.basic.export.test.junit.ExportModelJUnitTestBatch2" name="[39] ptolemy/actor/lib/jjs/modules/httpServer/demo/KeyValueStoreClient/KeyValueStoreServer.xml (RunExportModel)" time="50.502" />
  <testcase classname="ptolemy.vergil.basic.export.test.junit.ExportModelJUnitTestBatch2" name="[40] ptolemy/actor/lib/jjs/modules/httpServer/demo/KeyValueStoreClient/KeyValueStoreServerTerra.xml (RunExportModel)" time="54.375" />
  <testcase classname="ptolemy.vergil.basic.export.test.junit.ExportModelJUnitTestBatch2" name="[41] ptolemy/actor/lib/jjs/modules/httpServer/demo/WebServer/WebServer.xml (RunExportModel)" time="46.131" />
  <testcase classname="ptolemy.vergil.basic.export.test.junit.ExportModelJUnitTestBatch2" name="[42] ptolemy/actor/lib/jjs/modules/imageFilters/demo/ImageAnnotate/ImageAnnotate.xml (RunExportModel)" time="45.665" />
  <testcase classname="ptolemy.vergil.basic.export.test.junit.ExportModelJUnitTestBatch2" name="[43] ptolemy/actor/lib/jjs/modules/imageFilters/demo/ImageFilters/Annotate.xml (RunExportModel)" time="39.323" />
  <testcase classname="ptolemy.vergil.basic.export.test.junit.ExportModelJUnitTestBatch2" name="[44] ptolemy/actor/lib/jjs/modules/imageFilters/demo/ImageFilters/Average.xml (RunExportModel)" time="38.959" />
  <testcase classname="ptolemy.vergil.basic.export.test.junit.ExportModelJUnitTestBatch2" name="[45] ptolemy/actor/lib/jjs/modules/imageFilters/demo/ImageFilters/BicubicScale.xml (RunExportModel)" time="39.29" />
  <testcase classname="ptolemy.vergil.basic.export.test.junit.ExportModelJUnitTestBatch2" name="[46] ptolemy/actor/lib/jjs/modules/imageFilters/demo/ImageFilters/Block.xml (RunExportModel)" time="39.046" />
  <testcase classname="ptolemy.vergil.basic.export.test.junit.ExportModelJUnitTestBatch2" name="[47] ptolemy/actor/lib/jjs/modules/imageFilters/demo/ImageFilters/Border.xml (RunExportModel)" time="39.416" />
  <testcase classname="ptolemy.vergil.basic.export.test.junit.ExportModelJUnitTestBatch2" name="[48] ptolemy/actor/lib/jjs/modules/imageFilters/demo/ImageFilters/BoxBlur.xml (RunExportModel)" time="39.43" />
  <testcase classname="ptolemy.vergil.basic.export.test.junit.ExportModelJUnitTestBatch2" name="[49] ptolemy/actor/lib/jjs/modules/imageFilters/demo/ImageFilters/Bump.xml (RunExportModel)" time="39.956" />
  <testcase classname="ptolemy.vergil.basic.export.test.junit.ExportModelJUnitTestBatch2" name="[50] ptolemy/actor/lib/jjs/modules/imageFilters/demo/ImageFilters/ChannelMix.xml (RunExportModel)" time="40.012" />
  <testcase classname="ptolemy.vergil.basic.export.test.junit.ExportModelJUnitTestBatch2" name="[51] ptolemy/actor/lib/jjs/modules/imageFilters/demo/ImageFilters/Chrome.xml (RunExportModel)" time="42.821" />
  <testcase classname="ptolemy.vergil.basic.export.test.junit.ExportModelJUnitTestBatch2" name="[52] ptolemy/actor/lib/jjs/modules/imageFilters/demo/ImageFilters/Circle.xml (RunExportModel)" time="40.418" />
  <testcase classname="ptolemy.vergil.basic.export.test.junit.ExportModelJUnitTestBatch2" name="[53] ptolemy/actor/lib/jjs/modules/imageFilters/demo/ImageFilters/ColorHalftone.xml (RunExportModel)" time="40.855" />
  <testcase classname="ptolemy.vergil.basic.export.test.junit.ExportModelJUnitTestBatch2" name="[54] ptolemy/actor/lib/jjs/modules/imageFilters/demo/ImageFilters/Contour.xml (RunExportModel)" time="40.399" />
  <testcase classname="ptolemy.vergil.basic.export.test.junit.ExportModelJUnitTestBatch2" name="[55] ptolemy/actor/lib/jjs/modules/imageFilters/demo/ImageFilters/Contrast.xml (RunExportModel)" time="41.469" />
  <testcase classname="ptolemy.vergil.basic.export.test.junit.ExportModelJUnitTestBatch2" name="[56] ptolemy/actor/lib/jjs/modules/imageFilters/demo/ImageFilters/Crop.xml (RunExportModel)" time="41.534" />
  <testcase classname="ptolemy.vergil.basic.export.test.junit.ExportModelJUnitTestBatch2" name="[57] ptolemy/actor/lib/jjs/modules/imageFilters/demo/ImageFilters/Crystallize.xml (RunExportModel)" time="41.104" />
  <testcase classname="ptolemy.vergil.basic.export.test.junit.ExportModelJUnitTestBatch2" name="[58] ptolemy/actor/lib/jjs/modules/imageFilters/demo/ImageFilters/Gray.xml (RunExportModel)" time="41.243" />
  <testcase classname="ptolemy.vergil.basic.export.test.junit.ExportModelJUnitTestBatch2" name="[59] ptolemy/actor/lib/jjs/modules/imageFilters/demo/ImageFilters/ImageFilters.xml (RunExportModel)" time="8.269" />
  <system-out><![CDATA[ExportModeJUnitTestBatch: There are 741 demos. Exporting demos: 141 to 200.
####### 1 Tue May 26 14:57:37 UTC 2020 $PTII/bin/ptinvoke ptolemy.vergil.basic.export.ExportModel -force htm  -openComposites -timeOut 30000 -whiteBackground ptolemy/actor/lib/javasound/demo/KarplusStrong/KarplusStrong.xml $PTII/ptolemy/actor/lib/javasound/demo/KarplusStrong/KarplusStrong
Warning: not running ptolemy/actor/lib/javasound/demo/KarplusStrong/KarplusStrong.xml. See ptolemy/vergil/basic/export/test/junit/ExportModelJUnitTest.java
Exported /home/travis/build/icyphy/ptII/ptolemy/actor/lib/javasound/demo/KarplusStrong/KarplusStrong/index.html
6054 ms. Memory: 160768K Free: 103698K (65%)
####### 2 Tue May 26 14:57:43 UTC 2020 $PTII/bin/ptinvoke ptolemy.vergil.basic.export.ExportModel -force htm -run -openComposites -timeOut 30000 -whiteBackground ptolemy/actor/lib/jjs/demo/Factorial/Factorial.xml $PTII/ptolemy/actor/lib/jjs/demo/Factorial/Factorial
----------------- Tue May 26 14:57:43 UTC 2020 About to sleep for 5.0 seconds before running or rerunning.  Test is: /home/travis/build/icyphy/ptII/ptolemy/actor/lib/jjs/demo/Factorial/Factorial.xml
Done sleeping
Running .Factorial
5143 ms. Memory: 279552K Free: 201726K (72%)
Exported /home/travis/build/icyphy/ptII/ptolemy/actor/lib/jjs/demo/Factorial/Factorial/index.html
16452 ms. Memory: 279552K Free: 171520K (61%)
####### 3 Tue May 26 14:58:05 UTC 2020 $PTII/bin/ptinvoke ptolemy.vergil.basic.export.ExportModel -force htm -run -openComposites -timeOut 30000 -whiteBackground ptolemy/actor/lib/jjs/demo/JavaScriptShell/JavaScriptShell.xml $PTII/ptolemy/actor/lib/jjs/demo/JavaScriptShell/JavaScriptShell
----------------- Tue May 26 14:58:05 UTC 2020 About to sleep for 5.0 seconds before running or rerunning.  Test is: /home/travis/build/icyphy/ptII/ptolemy/actor/lib/jjs/demo/JavaScriptShell/JavaScriptShell.xml
Done sleeping
.JavaScriptShell.InteractiveShell invoked SwingUtilities.invokeAndWait()
Model ".JavaScriptShell" contains actors such cannot be run  as part of the export process from ExportModel or it has a WebExportParameters value that runBeforeExport set to false. To export run this model and export it, use vergil.
Exported /home/travis/build/icyphy/ptII/ptolemy/actor/lib/jjs/demo/JavaScriptShell/JavaScriptShell/index.html
6254 ms. Memory: 335872K Free: 171219K (51%)
####### 4 Tue May 26 14:58:16 UTC 2020 $PTII/bin/ptinvoke ptolemy.vergil.basic.export.ExportModel -force htm -run -openComposites -timeOut 30000 -whiteBackground ptolemy/actor/lib/jjs/demo/ModelBuilder/ModelBuilder.xml $PTII/ptolemy/actor/lib/jjs/demo/ModelBuilder/ModelBuilder
----------------- Tue May 26 14:58:16 UTC 2020 About to sleep for 5.0 seconds before running or rerunning.  Test is: /home/travis/build/icyphy/ptII/ptolemy/actor/lib/jjs/demo/ModelBuilder/ModelBuilder.xml
Done sleeping
Running .ModelBuilder
0
1
2
3
4
5
6
7
8
9
10
11
12
13
14
15
16
17
18
19
20
21
22
23
24
25
26
27
28
29
30
31
32
33
34
35
36
37
38
39
40
41
42
43
44
45
46
47
48
49
50
51
52
53
54
55
56
57
58
59
60
61
62
63
64
65
66
67
68
69
70
71
72
73
74
75
76
77
78
79
80
81
82
83
84
85
86
87
88
89
90
91
92
93
94
95
96
97
98
99
55 ms. Memory: 403456K Free: 200702K (50%)
8876 ms. Memory: 403456K Free: 187904K (47%)
Exported /home/travis/build/icyphy/ptII/ptolemy/actor/lib/jjs/demo/ModelBuilder/ModelBuilder/index.html
18290 ms. Memory: 403456K Free: 128995K (32%)
####### 5 Tue May 26 14:58:39 UTC 2020 $PTII/bin/ptinvoke ptolemy.vergil.basic.export.ExportModel -force htm -run -openComposites -timeOut 30000 -whiteBackground ptolemy/actor/lib/jjs/modules/aprilTags/demo/AprilTags/AprilTags.xml $PTII/ptolemy/actor/lib/jjs/modules/aprilTags/demo/AprilTags/AprilTags
----------------- Tue May 26 14:58:39 UTC 2020 About to sleep for 5.0 seconds before running or rerunning.  Test is: /home/travis/build/icyphy/ptII/ptolemy/actor/lib/jjs/modules/aprilTags/demo/AprilTags/AprilTags.xml
Done sleeping
JSAccessor: PT_NO_NET environment variable is set, so git pull and ptdoc are not being run.
No physical cameras found, using WebcamDummyDriver.
Running .AprilTags
ExportHTMLTimer went off after 30000 ms., calling getDirector().finish and getDirector().stopFire()
30083 ms. Memory: 3276800K Free: 1685595K (51%)
Exported /home/travis/build/icyphy/ptII/ptolemy/actor/lib/jjs/modules/aprilTags/demo/AprilTags/AprilTags/index.html
43118 ms. Memory: 3276800K Free: 1658441K (51%)
####### 6 Tue May 26 14:59:27 UTC 2020 $PTII/bin/ptinvoke ptolemy.vergil.basic.export.ExportModel -force htm -run -openComposites -timeOut 30000 -whiteBackground ptolemy/actor/lib/jjs/modules/aprilTags/demo/Kubi/Kubi.xml $PTII/ptolemy/actor/lib/jjs/modules/aprilTags/demo/Kubi/Kubi
----------------- Tue May 26 14:59:27 UTC 2020 About to sleep for 5.0 seconds before running or rerunning.  Test is: /home/travis/build/icyphy/ptII/ptolemy/actor/lib/jjs/modules/aprilTags/demo/Kubi/Kubi.xml
Done sleeping
Opened file:/home/travis/build/icyphy/ptII/ptolemy/actor/lib/jjs/modules/aprilTags/demo/Kubi/Kubi.xml in 15639 ms.
Size Statistics for .Kubi
AtomicEntities: 11
CompositeEntities: 0
OpaqueCompositeEntities: 0
Relations: 8
Attributes: 107
Atomic Actor Names and Counts:
ptolemy.actor.lib.jjs.JavaScript 4
org.terraswarm.accessor.JSAccessor 3
ptolemy.actor.lib.image.ImageDisplay 2
ptolemy.actor.lib.gui.MonitorValue 1
ptolemy.actor.lib.gui.TimedDisplay 1

Composite Entity Depths and Counts:

Running .Kubi
preinitialize() finished: 15100 ms. Memory: 3276800K Free: 2790398K (85%)
Kubi: Kubi.js: Initializing... (Thread[AWT-EventQueue-0,6,main])
Kubi: Kubi.js: Handler added (Thread[AWT-EventQueue-0,6,main])
Kubi: Kubi.js: Connecting... (Thread[AWT-EventQueue-0,6,main])
Kubi2: Kubi.js: Initializing... (Thread[AWT-EventQueue-0,6,main])
Kubi2: Kubi.js: Handler added (Thread[AWT-EventQueue-0,6,main])
Kubi2: Kubi.js: Connecting... (Thread[AWT-EventQueue-0,6,main])
Manager.initialize() finished: 24043 ms. Memory: 3276800K Free: 2361964K (72%)
ExportHTMLTimer went off after 30000 ms., calling getDirector().finish and getDirector().stopFire()
30232 ms. Memory: 3276800K Free: 2884457K (88%)
Exported /home/travis/build/icyphy/ptII/ptolemy/actor/lib/jjs/modules/aprilTags/demo/Kubi/Kubi/index.html
50216 ms. Memory: 3276800K Free: 2842156K (87%)
####### 7 Tue May 26 15:00:23 UTC 2020 $PTII/bin/ptinvoke ptolemy.vergil.basic.export.ExportModel -force htm  -openComposites -timeOut 30000 -whiteBackground ptolemy/actor/lib/jjs/modules/audio/demo/Audio/Audio.xml $PTII/ptolemy/actor/lib/jjs/modules/audio/demo/Audio/Audio
Warning: not running ptolemy/actor/lib/jjs/modules/audio/demo/Audio/Audio.xml. See ptolemy/vergil/basic/export/test/junit/ExportModelJUnitTest.java
----------------- Tue May 26 15:00:23 UTC 2020 About to sleep for 5.0 seconds before running or rerunning.  Test is: /home/travis/build/icyphy/ptII/ptolemy/actor/lib/jjs/modules/audio/demo/Audio/Audio.xml
Done sleeping
Exported /home/travis/build/icyphy/ptII/ptolemy/actor/lib/jjs/modules/audio/demo/Audio/Audio/index.html
3243 ms. Memory: 3276800K Free: 2729570K (83%)
####### 8 Tue May 26 15:00:31 UTC 2020 $PTII/bin/ptinvoke ptolemy.vergil.basic.export.ExportModel -force htm  -openComposites -timeOut 30000 -whiteBackground ptolemy/actor/lib/jjs/modules/audio/demo/Audio/AudioCapture.xml $PTII/ptolemy/actor/lib/jjs/modules/audio/demo/Audio/AudioCapture
Warning: not running ptolemy/actor/lib/jjs/modules/audio/demo/Audio/AudioCapture.xml. See ptolemy/vergil/basic/export/test/junit/ExportModelJUnitTest.java
----------------- Tue May 26 15:00:31 UTC 2020 About to sleep for 5.0 seconds before running or rerunning.  Test is: /home/travis/build/icyphy/ptII/ptolemy/actor/lib/jjs/modules/audio/demo/Audio/AudioCapture.xml
Done sleeping
Prism pipeline init order: es2 sw 
Using Double Precision Marlin Rasterizer
Using dirty region optimizations
Not using texture mask for primitives
Not forcing power of 2 sizes for textures
Using hardware CLAMP_TO_ZERO mode
Opting in for HiDPI pixel scaling
Prism pipeline name = com.sun.prism.es2.ES2Pipeline
Loading ES2 native library ... prism_es2
	succeeded.
GLFactory using com.sun.prism.es2.X11GLFactory
(X) Got class = class com.sun.prism.es2.ES2Pipeline
Prism pipeline name = com.sun.prism.sw.SWPipeline
(X) Got class = class com.sun.prism.sw.SWPipeline
Initialized prism pipeline: com.sun.prism.sw.SWPipeline
Exported /home/travis/build/icyphy/ptII/ptolemy/actor/lib/jjs/modules/audio/demo/Audio/AudioCapture/index.html
5954 ms. Memory: 3276800K Free: 2115669K (65%)
####### 9 Tue May 26 15:00:42 UTC 2020 $PTII/bin/ptinvoke ptolemy.vergil.basic.export.ExportModel -force htm  -openComposites -timeOut 30000 -whiteBackground ptolemy/actor/lib/jjs/modules/audio/demo/Audio/AudioClipPlayer.xml $PTII/ptolemy/actor/lib/jjs/modules/audio/demo/Audio/AudioClipPlayer
Warning: not running ptolemy/actor/lib/jjs/modules/audio/demo/Audio/AudioClipPlayer.xml. See ptolemy/vergil/basic/export/test/junit/ExportModelJUnitTest.java
----------------- Tue May 26 15:00:42 UTC 2020 About to sleep for 5.0 seconds before running or rerunning.  Test is: /home/travis/build/icyphy/ptII/ptolemy/actor/lib/jjs/modules/audio/demo/Audio/AudioClipPlayer.xml
Done sleeping
Exported /home/travis/build/icyphy/ptII/ptolemy/actor/lib/jjs/modules/audio/demo/Audio/AudioClipPlayer/index.html
5336 ms. Memory: 3276800K Free: 2388581K (73%)
####### 10 Tue May 26 15:00:52 UTC 2020 $PTII/bin/ptinvoke ptolemy.vergil.basic.export.ExportModel -force htm  -openComposites -timeOut 30000 -whiteBackground ptolemy/actor/lib/jjs/modules/audio/demo/Audio/AudioRecorder.xml $PTII/ptolemy/actor/lib/jjs/modules/audio/demo/Audio/AudioRecorder
Warning: not running ptolemy/actor/lib/jjs/modules/audio/demo/Audio/AudioRecorder.xml. See ptolemy/vergil/basic/export/test/junit/ExportModelJUnitTest.java
----------------- Tue May 26 15:00:52 UTC 2020 About to sleep for 5.0 seconds before running or rerunning.  Test is: /home/travis/build/icyphy/ptII/ptolemy/actor/lib/jjs/modules/audio/demo/Audio/AudioRecorder.xml
Done sleeping
Exported /home/travis/build/icyphy/ptII/ptolemy/actor/lib/jjs/modules/audio/demo/Audio/AudioRecorder/index.html
9124 ms. Memory: 3276800K Free: 2695158K (82%)
####### 11 Tue May 26 15:01:06 UTC 2020 $PTII/bin/ptinvoke ptolemy.vergil.basic.export.ExportModel -force htm  -openComposites -timeOut 30000 -whiteBackground ptolemy/actor/lib/jjs/modules/audio/demo/Audio/AudioSynthesis.xml $PTII/ptolemy/actor/lib/jjs/modules/audio/demo/Audio/AudioSynthesis
Warning: not running ptolemy/actor/lib/jjs/modules/audio/demo/Audio/AudioSynthesis.xml. See ptolemy/vergil/basic/export/test/junit/ExportModelJUnitTest.java
----------------- Tue May 26 15:01:06 UTC 2020 About to sleep for 5.0 seconds before running or rerunning.  Test is: /home/travis/build/icyphy/ptII/ptolemy/actor/lib/jjs/modules/audio/demo/Audio/AudioSynthesis.xml
Done sleeping
Exported /home/travis/build/icyphy/ptII/ptolemy/actor/lib/jjs/modules/audio/demo/Audio/AudioSynthesis/index.html
6391 ms. Memory: 3276800K Free: 2611702K (80%)
####### 12 Tue May 26 15:01:18 UTC 2020 $PTII/bin/ptinvoke ptolemy.vergil.basic.export.ExportModel -force htm -run -openComposites -timeOut 30000 -whiteBackground ptolemy/actor/lib/jjs/modules/audio/demo/Audio/SpeechSynthesis.xml $PTII/ptolemy/actor/lib/jjs/modules/audio/demo/Audio/SpeechSynthesis
----------------- Tue May 26 15:01:18 UTC 2020 About to sleep for 5.0 seconds before running or rerunning.  Test is: /home/travis/build/icyphy/ptII/ptolemy/actor/lib/jjs/modules/audio/demo/Audio/SpeechSynthesis.xml
Done sleeping
Running .SpeechSynthesis
Manager.initialize() finished: 13600 ms. Memory: 3276800K Free: 2118884K (65%)
ExportHTMLTimer went off after 30000 ms., calling getDirector().finish and getDirector().stopFire()
30042 ms. Memory: 3276800K Free: 2062564K (63%)
Exported /home/travis/build/icyphy/ptII/ptolemy/actor/lib/jjs/modules/audio/demo/Audio/SpeechSynthesis/index.html
43204 ms. Memory: 3276800K Free: 2034377K (62%)
####### 13 Tue May 26 15:02:06 UTC 2020 $PTII/bin/ptinvoke ptolemy.vergil.basic.export.ExportModel -force htm -run -openComposites -timeOut 30000 -whiteBackground ptolemy/actor/lib/jjs/modules/cameras/demo/Camera/Camera.xml $PTII/ptolemy/actor/lib/jjs/modules/cameras/demo/Camera/Camera
----------------- Tue May 26 15:02:06 UTC 2020 About to sleep for 5.0 seconds before running or rerunning.  Test is: /home/travis/build/icyphy/ptII/ptolemy/actor/lib/jjs/modules/cameras/demo/Camera/Camera.xml
Done sleeping
Running .Camera
28639 ms. Memory: 3276800K Free: 1371136K (42%)
Exported /home/travis/build/icyphy/ptII/ptolemy/actor/lib/jjs/modules/cameras/demo/Camera/Camera/index.html
38025 ms. Memory: 3276800K Free: 1339894K (41%)
####### 14 Tue May 26 15:02:49 UTC 2020 $PTII/bin/ptinvoke ptolemy.vergil.basic.export.ExportModel -force htm -run -openComposites -timeOut 30000 -whiteBackground ptolemy/actor/lib/jjs/modules/cameras/demo/Camera/CaptureOpenLoop.xml $PTII/ptolemy/actor/lib/jjs/modules/cameras/demo/Camera/CaptureOpenLoop
----------------- Tue May 26 15:02:49 UTC 2020 About to sleep for 5.0 seconds before running or rerunning.  Test is: /home/travis/build/icyphy/ptII/ptolemy/actor/lib/jjs/modules/cameras/demo/Camera/CaptureOpenLoop.xml
Done sleeping
Running .CaptureOpenLoop
25581 ms. Memory: 3276800K Free: 1513472K (46%)
Exported /home/travis/build/icyphy/ptII/ptolemy/actor/lib/jjs/modules/cameras/demo/Camera/CaptureOpenLoop/index.html
33301 ms. Memory: 3276800K Free: 1482197K (45%)
####### 15 Tue May 26 15:03:27 UTC 2020 $PTII/bin/ptinvoke ptolemy.vergil.basic.export.ExportModel -force htm -run -openComposites -timeOut 30000 -whiteBackground ptolemy/actor/lib/jjs/modules/cameras/demo/CameraWebSocket/CameraWebSocket.xml $PTII/ptolemy/actor/lib/jjs/modules/cameras/demo/CameraWebSocket/CameraWebSocket
----------------- Tue May 26 15:03:27 UTC 2020 About to sleep for 5.0 seconds before running or rerunning.  Test is: /home/travis/build/icyphy/ptII/ptolemy/actor/lib/jjs/modules/cameras/demo/CameraWebSocket/CameraWebSocket.xml
Done sleeping
Running .CameraWebSocket
WebSocketClient: Connection failed. Will try again: Connection refused: localhost/127.0.0.1:8071
Connection refused (Thread[vert.x-eventloop-thread-0,6,main])
WebSocketClient: Connection failed. Will try again: Connection refused: localhost/127.0.0.1:8071
Connection refused (Thread[vert.x-eventloop-thread-0,6,main])
WebSocketClient: Connection failed. Will try again: Connection refused: localhost/127.0.0.1:8071
Connection refused (Thread[vert.x-eventloop-thread-0,6,main])
WebSocketClient: Connection failed. Will try again: Connection refused: localhost/127.0.0.1:8071
Connection refused (Thread[vert.x-eventloop-thread-0,6,main])
WebSocketClient: Connection failed. Will try again: Connection refused: localhost/127.0.0.1:8071
Connection refused (Thread[vert.x-eventloop-thread-0,6,main])
WebSocketClient: undefined: WebSocketClient.js: Error: Connection failed after 6 tries: Connection refused: localhost/127.0.0.1:8071
Connection refused (Thread[vert.x-eventloop-thread-0,6,main])
Manager.initialize() finished: 12085 ms. Memory: 3276800K Free: 2449398K (75%)
ExportHTMLTimer went off after 30000 ms., calling getDirector().finish and getDirector().stopFire()
WebSocketClient: Connection closed because model is no longer running. (Thread[AWT-EventQueue-0,6,main])
WebSocketClient: undefined: WebSocketClient.js: Error: Unsent messages remain that were queued before the socket opened: [����JFIF��C		
 $.' ",#(7),01444'9=82<.342��C			2!!22222222222222222222222222222222222222222222222222����"��	
���}!1AQa"q2���#B��R��$3br�	
%&'()*456789:CDEFGHIJSTUVWXYZcdefghijstuvwxyz���������������������������������������������������������������������������	
���w!1AQaq"2�B����	#3R�br�
$4�%�&'()*56789:CDEFGHIJSTUVWXYZcdefghijstuvwxyz��������������������������������������������������������������������������?Ȣ�+��(��(��(��(��(��(��(��(��(��(��(��(��(��(��(��(���53��\��M�\Z*?0�Q�j��ӡ��{xQQ��ڏ0�Q��C��oJ*?0�Q�j?��y����IEG�j<��G��?�=�	(����OS��mCJ��a�Q�;!h���4
(��
(��
(��
(��=�E�t�t-:I4�'w����$��$�U����&����(��]�?��/�V�x���W:�V8/�Z]������Hn�KE
�#k�:p+�v������#�Ƚo�_k��=y}oG*�">���e��*�ɢ��*6����z+o�*��պ_����*6����z(�§��?պ_����*6����z(�§��?պ_���u*}�M���9>�<%G:i�Tx(*��N�Ek�_J�[���r�$3o�ѐa�2qS�pxgľT:L�������H�JH�����װ�E�����as��d�%��M��p��Lg9ӱ���v�zAg���|�A�<�1]�Eo7��F�*lJp�*O�3��8���Z�:S�2�̥�����I�v=�V�x/�h�1Ҧħ���#?/㊂_�0��["�>Q�!u�Rp~��.��Ȣ���k�;���}��?6iZEUE=I}_��������A+�!��n�.T�����zރ�"��^���+#E��<�L>i�l�[XKm�d�)���Z�P��E�Ωs0.��WR���;㨯"T�{�i����^���������w�:E���F�V�3$�FU�v�a�;�+����֩��n��Y�o_Q6Ί�8�E����az���`d�A_��
����3���U��#Pӯōդ��66Ǎų��:�kP��������' �H�w4{��������]̊+e|)�>�5%�ݭ
y�é;}v�?�-����N��;�	�q"v���}z��������ыEm��5�����ɖ(s���u g${�Ħ��̸T����x})��uD�WZ�×7z���|�Ɵf�G�'q<����s%'�'x��q��H#� ��Ӄ������>Ա�'����k�]^\�mo��4�ym�'�U�8�?�H�.��M�j2ؤe-tyM��"�0GS�VE���L۲{mk�F�S�l4��K�?�%��R@P?L�'�[���g�_$��qoci�5���Uc�S���T����"��)r16�����G{���wM�[��Q�㜱*[8��]V���V��c�P��K;=I��U)e�_'��g���G sh��A�ZYo�w��Xgt�e�i%n9�����ծ��P�Gا��X�z����r!�0��r�Ͼ+
���������S�g) PJ�u�~b�P���+{]��@��^-R��N]�m�C�c#�y���Y�%��n�ey�fVo�s�隡3����}y=���<�g���O��qVZ�g��WW�.Ҭ,5K�]+��{YVE����
�y��K���f���_[^A�Au#�yD�'y<�Q�і0�����t����@�^\��t���7�WV�z�ԛP�]��e|����7*䬞b�����W!�V���������u��r�|��u~�%�.�n��TMv?��^���������L$=�>s��`J|���v~�Sm�=&��>����P�ѭ�����戼�lT?���}+��4mL�Y����N�yS�V{����"�P�s��P�]j����C�Ԕ�망�]C�u�*�������&��G�D����!  ��#�����A{����kId����{q(%_|~[���O�***c�Iݳ:yb���������;}[L��^��M�Z���-�\)�8Ū�]������Ib�5�1%��d���r�ҝ%��>Pi��ߍ�u�7>+.����n��Mg#�y�Ƌ����G��6+�/Z{�c1=���&3�<��~��Y����J������k�\�����O-��r�{�[�\�J��%�ջ�GGER<���(��(��(��(�t�t����@�Y����g�zE��
Я_;���E���_�����>#�Ƚo�_k��=y}{��>g�e���ՅQ]ǢQEQEs���'�s��b}��֞����\��5��}~���?ܾL�j����Q_|�QEQEQEQE�:���g�zE��
Ь��E�3��"��hW�/���c����"���}���������^���������ܿ�3�2��u�(���
(��
(��9�{�?�����k1>��kO^�����c���O��Z�j�_&x���NΊ(��>`(��(��(��(����E�3��"��hV~��"��^���+ė��ű��Z���¶�F�z����+ƿ����?���ߌ��(Z���+ë��J�	Jq��=,5i��O�����Ə�����Ʋ�o�X�F�X��Ƨ������?�G������?�YtQ�,?� ��_�5?����?��?����?��ˢ��a���*�1=�ܗ��$
]�(�>�
}���R��_�iR*e�fDd�4���E�΅Q@Q@Q@Q@��Ȼ�פ_��
���h6�5����e��4u�\�����o�����?���%J|�Fu�Fۜ��_�-?��?�\����_5�?�����>�:]���0�g,�EyW�M�������k�x~�*X%�I��ݎ�5 ��E**��M�������h�ɾ������{\����������e������7����_��&��x���4}s�?#������}�**��M�������h�ɾ������\������=�?�_yJ�-"�	$���7����_�m����v�
���æ~��l^ӒUϪo�����, ����JFIF��C		
 $.' ",#(7),01444'9=82<.342��C			2!!22222222222222222222222222222222222222222222222222����"��	
���}!1AQa"q2���#B��R��$3br�	
%&'()*456789:CDEFGHIJSTUVWXYZcdefghijstuvwxyz���������������������������������������������������������������������������	
���w!1AQaq"2�B����	#3R�br�
$4�%�&'()*56789:CDEFGHIJSTUVWXYZcdefghijstuvwxyz��������������������������������������������������������������������������?�(��g�QEQEw���������_�&��Bt���w�}��]%vG��C�����	�������M��������_�&�J(��a��^��k;I��nH��;)���rU�>)��n�����y�K<֌)VQ����(�y�EPEPEPEPEPEPEP�\\EkM3m�q��q�;U�H4�����m�x��@w��W^�
�r�{���Ыi��$_���6�
?� �����!��WEt�g�������}���:mV���.-���+�ڻgq�\J�˸n\�ȭ
(Yu+����ŉȰ��M��O�+}�?V���~��Պ+��t?������h�%��y'=Ȩ��7�?QZ�����e+�=���:ϟX�+[�L��4���Ef�����+?��]���D��?�޿���4���E5�x�c=9�:�{�,��Xb0T�Rs�wGg�᰸YV��ڶ�uiv*QE�&U�}*{�Tx¶p	9�J�����~g�+UB�WH������3h�/�K����������~g�)�
���G�36���Ĺ��_��
l�=�Q<��aT��=�
^¢��J��A� ;����+����������B�z����?_�?G�����QE�v�QB�J(��8�R�
Z�[�T���*M�^��?��U��{�,��\���K���>}�"��/�)(����N�J��l?��5r�x#M�W����i)|��2p�}*��<?�1z_������	Ir2cc�>��B�c��[B�aJʿ#&���&��^:���PY�&P��c9����li�}�����Z|�z%kc*�yB��æ@���S�^:�ΉTI]~fCw�S��6�Uڶ��"�O�lxp�����~8��0��z4���0��4p�K��'��c�ޱ�y4���N�4]�TV����?�?���kS��q��+D��ܨX� ��:���ϥs2ŭA�	|-�-ϔf`_�R���
��M�^���`�v�I/�	]�[��Y�]š���?6iZUE<��9���j�:��ɣiBW�Cn�Ҫ�A�x85�,EH��6�Gd�s�e'�}Q�Q^��ce��~k���1.ff�O�me4�Ns�v�CXR���xMU�9e��K+_*�܅������"�ce�nM�����Ms8r��߾�/En[�?�V�.g�+�N@,=B���
����Z����mn.o�Q6���8�E����az���,E(��.Ö"�U��oO^�<)kam5j�f�Ң���*�q�'��O����BsJ��u�t�m���S�' 6G$k
�ڒ�I����by,�N�j��*����n�7�O�i,%��B���ݑ�ұ�<#�ꖐ�Yi�,(�D�89��^��B�i��|Ѭ1pi�����Ī�������ӷ��B��\��2�w� ���q\������e��eB\��~g��ՅL��$����*Q]�~��Z����W^���ğf�G\�m���GOQҸ�x.%�A�"��q��H#��#��A�s��{wma���W�[��%i%��"��'�L������t��<I��S���]Sr�H�`GS�²4�����3W+ԍ'(���H��4�*P�v�R/�5?
�Z��c�^��.�'����R@P?L�'�[6:ƃo�����VZ�\N&UX�h�l��I8��C�]Y=?�X�an�S���t��-��k-��y�>����e�i%n9��������ڞ��k~
�����Z�ZeAnM���G��}뜨n������ʉ�՝��,ML2QmZX���?��+W2���L��,J�϶{S[[�IO�)�7^���܈f�(e�Wp��lx��@w��Wgys���wg)��3��(b��#�a()�r��?���A�w�����K{]O��t���n�����T ������￳5���C2���L�幼�����{�ɰi��E@�M%vТ�M���;�xGN��]\�������V�t�xz�J�m.�t뻛뇵�dT�%(�H<2ŸY�+�LI��I�-/m���F��dUi$+���X�V5�0J..�~&��Ӕ%�{;�7����x���U�X��|g�Ɔ6լ��@m�q��c�K�<s����O���_��D����0	���X��#�Py5��R�	7g�}�Q�c�e�_���S����a�[��G������uwo�DZB6*����W9�h�6�o4���~�w<��C+=��y��E��灶��ZG	��O_O;����5%-z�+o}C�t�C��g�m�!��m���j���Q?�;��H:�A��y����
��/Y!�����e����l�8g�>���TC�.f�̩��Nw+�}W�����ƙ7���VmN�� o!n��L1�-T����7�Ͻy�����c�6�I=�QZ�R��Y�?ҳ��T�6�D��4�G���������n.<=s���gs�KhYẞ�F?iF��:�%#��-���]_I���e�(z��#>?��+�>.u9��t�W��a�����k�}��!�7m�;��>�7���;���j�)�)($�C�hfhR�e-R]oCf������o���G���;���j��R����ia���l�7��?�so�Y�����������k^l2G�|oR���#�S,M&��533�J_��"����yq$m�^V ����m���*ѭr��?_����	&���� ��+�>�(��(��(��(��*������[��������ɍ��_�����/���ґR�(���(��(��(��Ub�N�>�7��AQQW���[F��U�Zsq^M�_�����Q�����
���oW�����1���_��2_�����Q�����
��=�_�{�g�����̗�3�}�o������oW�����C�?e��?�%�L���i����������g��������O��~�7��AG�f���**(�����?�1���_��2_�����S^W��qӊe�V���&ש1���p�I4�6�QE��QEQEQEQEQEQEQEQEQEQEQEQEQEQEQEQEQEQEQEQEQEQE��, ����JFIF��C		
 $.' ",#(7),01444'9=82<.342��C			2!!22222222222222222222222222222222222222222222222222����"��	
���}!1AQa"q2���#B��R��$3br�	
%&'()*456789:CDEFGHIJSTUVWXYZcdefghijstuvwxyz���������������������������������������������������������������������������	
���w!1AQaq"2�B����	#3R�br�
$4�%�&'()*56789:CDEFGHIJSTUVWXYZcdefghijstuvwxyz��������������������������������������������������������������������������?�(��1
(��%�����`�7�����g�_��sU��_����G�?�=m���Mw����},M'9�{�O��߅�¬������>��Ə�G5_���ȋ�5��]���;�������]���8/�G5_���ȋ�5΋�Z@��o�5�[z�d㱯B��������
ʶSF�)M7t���DT�ӌ�z/��QE��Q]�û;��/��Aq�����nw���V�i:�P]L1�
n�W���E��QEQEQEQEQE����[���]�y�r��H���FS�?��N������z��8jn7���ۆ�*0�h�z+�?��������������?�?���ƻ?���+:?�c����_���s��Ѕq��w���s�[�i�_]��[��Ui	��f�NPQz�������m��Q]��.����4��=��{���&���k�>��W�����U�,��Hǥz�0^ʢ�5��i��*U���v���5Q_MQX�f�{���vf{���|�E}5Eٿ��?���g���'̴W�U�-r�p�����.'�-��QEs�EPEP]����oP��b���;��T#�F~N��_Hxg�EM��a��rb�J�N&5�╏-��G���ޛ�$��(��G���ޛ�$��+��/��0��<c���?zo���������?zo������g����o3�?�Q��������?����]O��׷��I۴@B�NK)�ע�s}�����Rx�E�:�U��O�Q_h}`QEQEW̵��|�^^e�~��fg��Q^a������)_I4v�>f���q�6a�ATv����)�l<?�k6:���5x�1���wF~R}M�
�Ҹ�5;M.]J{]��^���uȜ.�s���{ի뺑�E���u;�?��y�W�έ���٠V0���ȩ��׌?�����cKwo��r�	��+��{������:^�s�{�H�oS��8�{��td⬌1m-	談J�I�o��t�"�{��0�{d	��a�}zכ�/��㗒]��R�l�ybKh�;��ES��T����"*���c۹����h�%&�pQm�܆����X�kk�+��f�R,�ݷ�)���#Y�z��6�+jQAn���2�f<�?�w���M95�gf
5�'�uv=&�X<��s����Q�+���$����I�`(�L���
�G�����>�Ղ��j*i�'���<�2�q��Nzc-Ιyio���,����N�i��Mw<t�r�s�.��j���v쎞��i`�o�bIa��>v����֏i�=�;��|�_S6�|��3[2�y�I�_,י�J2���fc(˖Ͽ�W���
�ꖞԵmN?\�-Hm`�E�F����r={W�]��c{qi8�5���є�G�+α�c��W}i��I�nﮠ�����4�E�.X�9 ~5��h>�v�g�k>/����4V�<��I�^Us�dO�^}E�F���=6�Y�t}JM}����|��d��P��ʺ�#P�|7��Ěe�tz�ڮVuT��s�d���!I��dW��N��;?����6Y�Q�~l�j��Y�J|ݠ���y�n��^Դ��<oyk[�~�{�iUDJL]��A��O�^��}!��4���@ˉ�����5jr٘�gm�%y�+�m��;�v�t�ʆQ��F|�g���]Zi�"�Ս���ӯ�b _:�Q���ޮR���������d����Ԟ����?�{[�~ �H�Ҽ/���s�N�mcl�����l�M�]�/epOӽe�i�����{˛�뭢[��R�W;TUFO��TW��4�&�Ni^=�{�/�K��:�����F7W2�iC�m$�8�8<2żU.%��^�4�>���.���J����6:2�]G7�Z�p�|TU�k�v���b"�ԭ�j6+�.�u?X������Z�0�5Ks�m՘$�5oY�����ks�\\��F�K���q�fX�U��Fsֵh��X4���V'�"�u�9�U�E�M֙�����0���Q�m�[�p�4�
�1������M<[��/w4�b����7�wp6�CE\p�i����bㆳN��V$����4[�o|#k�@2A�GqyK����<�/m%���x
��h�Z[�m��&`X���&	��J�(��)]��Lp�J��Q�uΕ?č[����I�̷O2���mc.�������$'0F�ʾ���k�ESQ���\���T�m�W=v��9�x������M��Souua+�t�Ċ6$x��(9�嚥��u��H���]Kq���-�֪�\-�-�(��QEMigsr��v�\\>v�
f����5��e��(�|Mh�Q9�P8§�S�%+H����%��z�mlѕI���̟g���<|S�|�Q������?���}7EG����y2}��'���O��qUo�|m�@�����&m�K��5-�q��p�_Rך|p��*���)��䦹[�q�ݬx��$���5/���k��k�jz���"��n�c��&���pO^O�^q]��.����4��,b�GC�
����QE}�AEPEP_2��U�-yy�����������QEy��QEQEv_
�i���D�}/_4|)�����o����e=�j�QEA^i���D�?������.�����V�O�%8�\>$xw_
�h���'��ҸZ+����Ի������j�����?������=�?��?�����h��K�����������j����?�������?��?����Z(�\N'��KX���}�����(�c�(��(�����J�?���z�^�h�S�%+H����%��z�{�վ ��*������V�O�%z]y������"��.Jqܸ|H�(��:(��(��(��(��(��(��(���O���#��藯��揅?�R���m��^������[�
(���+�>8ȕg�a��rW�ך|p��*���)���ˇď��+s�(��(��(��(��(����, ����JFIF��C		
 $.' ",#(7),01444'9=82<.342��C			2!!22222222222222222222222222222222222222222222222222����"��	
���}!1AQa"q2���#B��R��$3br�	
%&'()*456789:CDEFGHIJSTUVWXYZcdefghijstuvwxyz���������������������������������������������������������������������������	
���w!1AQaq"2�B����	#3R�br�
$4�%�&'()*56789:CDEFGHIJSTUVWXYZcdefghijstuvwxyz��������������������������������������������������������������������������?�(���Q@Q@Q@Q@Q@Q@Q@Q@Q@Q@Q@�34��O�Y�Λ��������?��׬�&�����S�)w3?����~g�(�Λ�����:*y���&g�t��O�����y?3��E�>�D��Λ������:o�'�´裝��h����y?3�gM�����V�s����+GK�������ci���F��MB�ƌ\���Et?�6���o���6���o��v�d�{/���L種����zM������zM����'�}��&s�WC��k�=&���V�b+�c\��Tg��>#W��R%M�r:(��H
(��,Y����5�Y_�����k�U7=���O����(��ࢊ(��(��(��?�/��X�����x���Z�2�����&|��tQE}a�QE������to�]ur7���q�]�׋�>�>#dAEW��Et>�m|M�"�I����7�$cf$�Gj���_x�T��uf�P��.�F9��3��A����B��>����z�Q���ў�e�w�b�]r'X��� �1[��կ�M[{P�M��PD_������=�HF�m�_�ʢ�G���!c�ω������?/㊯'���u�4y4�[�ԴQ$�����gb�R{I}�â�G���!c�ω������?/㊯7���53�K�2]�-8�ȟ2�Np�A�`���_z0�V�u�������?6yZEUE�I�`95��m�^��N��Yd���yl�UK(9���)ɽ�1(������no�g�;�]���F
%�D�m9RO�:O��]��f��;;DVI+��pI�S�f_\���}U��qu����x���Z�i���w�P��[�-Yw�eC2��'q�5��/	\����mnnu	5Cg$a�$q,%������Ezx
�������:���l�E^�ѵ7P[�I#�lm��g��g?�[�<)�iVn���`@.YNܜ�r9 s_W�i��-v�s��CMw1�������P��Nv�d��Rv���J,<!�j����i�,(�D�89��^��:���2����~dbW#y���ѿ�z[x7�)k=��S,P�yl1ԁ���+�/?�����7�7�	ӏ+���/u܂��8��5[_j���$��2^8���$�������z����K;��fe�F�A��H#���3R��~�Zi�����mm���<�s��<HoBѼ?���-_W�v�~le��G���4�ʮ@F@����Q@��ӱ�ZE폊<'{e�i�F�������q��)P��ʺ�7T������t�{}L��	�R2�yl���8�2+����?��ר����6	դ��h�ku���_+�=��f��7ڼ�z�bY̓)���Nqڻ�i�>���Y�KT]��5�wT��,��~E�O)�>����6��?�עW���0��R���O+|��`#�N׷O+�9]"���#.�������F�Q�c�˒���`{Vȉ4��Y��1�.��y@-��Ue�T\�qZ4����A-��)W;dP	S�~b�Ş�z=7�N��ۢ��I��Z�.����2|M��{W�u¬z��j���.��b#����j���`jֺ���V�A3+Q��ww��%����������-��R�W�
�<:�MW�@����'��j��5�b�+GN����JP��7������SZ�4?xr�Hԭ.�,/�/��e�TI)TBT�V-�����\?�z���^��Kwy+�̲*�����Tb��+���U<�BQ�5����}Ǩ����Q�-��2��6��!S�[0��`T��M�����Ϥk��4�閒�x�{�YX��{2>BK,y��쏔s^][^������CK�׌/o�mO�9Y3�m�G�i�)���6�5���^[��������zz��\��e���v�w<��C+=��y��E��灶��_C+RR׮�w�t;#��i�����G��z�����\C{��K�y#ƢO�wo��u䃑�z����/<�=<^$�Aiss=��#���l�8g�>���Vt���9_[���dC�.f���cM����6�j�7��Mp���Ywgh�g޼B݋[D�rJI�Ws\���\�F�u�f8EBi��&T+Y����sS.<O�Z������$Q�#��	A���3��mOT��Yf��[����r��3U�$��]�QE��K�̲c8횷���L����P���{�S�T��u^��Og����w�^�^I��l���j����!Ib�o�_�;�U�H�l(���M��k�C��m!���ڡ�ȿ�׬���h>�M�]I���L����������U
+��H�\��߂
�������}\G�?����_���2�G>2�ɞ~�YF�Վ�(��=���(�F��?�?�:뫑�������μ\��q�9�"
(��x�
(��
(��7��#m�����m^�^I��l���j����"�z��W��C	�?P��+�:��k��/�_��/��j�P�?�_Կ��_�ִ?�U��/��+EW野}I\G�?����_���z�>!��7����9/��>�<���~�8z(����0��(�F��?�?�:뫑�������μ\��q�9�"
(��x�
(��
(��6�%<6�'��yR(�~^F
�é�P���?�)e��	�5�W���a���JMY[��3zU�5d�j���?�)e��	�4ni�������Z+��\�����r�{W���AK/�O�ZƱ�ˡ�ǩY�������$�8f����p�(IK��'��V�QE�'!�%q���m�J�����0��k��T�����L����L�袊���(����������뮮F��?�?�:�s������l�(����(��(��(��(��(��(������:=�����7��ϝ��z�*��¤�˚����'x�3��|�3��U��]M�|%}}cm�\���1��A��:]�r���BԿ���J�;�y/���\�r{�g��k���q�{�����/�U*+����{=nyw.�k���qª;����,Ē}�TN�J�NM��97�
(����, ����JFIF��C		
 $.' ",#(7),01444'9=82<.342��C			2!!22222222222222222222222222222222222222222222222222����"��	
���}!1AQa"q2���#B��R��$3br�	
%&'()*456789:CDEFGHIJSTUVWXYZcdefghijstuvwxyz���������������������������������������������������������������������������	
���w!1AQaq"2�B����	#3R�br�
$4�%�&'()*56789:CDEFGHIJSTUVWXYZcdefghijstuvwxyz��������������������������������������������������������������������������?���*�Т�(��(��(��(��(��(��(��(��(��(��(��(��(��t�x�/�S�ۇ�V=t�_�����$#9ZK��i�?e������G�m�%����T�W��:�"?���K�}��1iv��t�=��J��=���u�|-(��%E&ʿ���ߗ��G�=������V���ؾTg�c��~_��ĉ9�A�+3�����������7�1�R�"i-�����2
(��
(��
(��
(��
(��
�n�����\�t�_��������Cff�E�+J��=���u�VffM!����\���Rs}?��"���z��v��� �>��ו��,Bm+X�6%WM�ks7_��7�to�]5s7_��7�to�O�5��Q\f!EPEPEl�WI�\�-��r�$3o��a�2�=*ƙk����&�쮧P���Q�RRFB�2v�ނ\�v9�*Ԛu�6�X�[��g��A�)�� zv5b�@��OH-þ�%6��2����|P;�6���%E���6%8\$}@?/㊯'�����t�,YofR��]p�I�t�̻����ǳ�΢x�&:Lؔ�pT�����+b����J�MjEǖe�]yQԃ����$���i	F�S�����[�;���}��1$Ҵ���z�:��M�V�{72y�����A�<��R1M��m#.����3~�m�oC�ִ	/��U���V+�"i6���~��6���7��3������S�=�[�N��+��ք�N)��kTJ���Gk�p��E�u�V`�w�o4w����x2�A�c�\�������MCK���Ԏ�m%eTH�;������EyRQ�'-5G.��ttu������ѿ�vZm�സ�t�8�u-���Z��<-��˨^X<V���S���r2H��^%���Ԓ��¢���:��CSM9�̧�:���ns�Qa�{T����Oi`�1G i��O���\�<˹�En7�|B��\��2�w��#H���i�WX����.���ȉ�H�O�A#��F��O#���\���M$N0�;F�є�G�A�JI�o���O����6�щK�3�D[rI�U�����Ӟ��Zv�=�Q����7/4��`p2:��r�������뤯4�
r��o�j|�w��)�J�V�,�y7��5mN�K�Mb]VO�K�?ޤ��~�O��g��0����\�����Ri�*�`�\�~�p2+����f6|����w������{����)iW6��/�K���W}?�-.�nZIW���X�-�v�j�t�KKӵ��׶v�Y�j/p�*��7ǰ�?(��'ް��I���~�w��(f��M�����-*����e��v�^j�����-�I*��9������[���q���-����m���
G �ƪT�\Oi:�m)�d�$�������>ťR7W������	��/vq��7����{m*����2+éܝN]�m�C�c#�y���Z5��v�gw��Vo�s��է��������|	'�a����('�SO�4?��M{tx�N2��~Kӹ�G�0�M5'�_�^��4�7�:�������77����"��)HАxe�x"��au�C{��:N�iy��wR���"�;��I�X�Rk ZiS��"��댰뒵�K�I%��;g'�[ҫG��ZWә;�����s��*�*��N�]k���[��Acs�C��j�1Ɔ6���퐐@m�M��E.���R�g�N�e=߈�O9��w1���$���n��@'5�q�����`S˓�ޖ��n�m��e�.hP���{a�Z��հ�wa�P�m�7N��Ҹ�SD���g��O��W�J��)Y�0ȽW�;�kb��=&�q��su����n.\����DF]���\�ym���K��i�)���������G�D�,��!  ��#����w�^x+�zx�Id����{u���G峮x����]v=N��m�����U�S�{�[��Sq�U,�����^}�1m"ɘ��{����AQ�)�\]xy�T<_u�+h�ẚ�F?h�#�b'W��S\J�I{-�챘���k��d��?MاQ@F6d�������뤮n��>��}�t�����#�|���EW�|�QEQEQE�������!\u��~���#]���s��Ѕq������}�G�"ʾ���Q�Y7���_�k����������?��_��
���/S��|,�������U��Is����ʹ��2_�������O�(���ϣ
(��
(��%�����_�]%sv������뤯�ο�C丏���
(��C��(��(��(��������
�m��'Y6��x�;Wm������!\-}��O8�g'�#�r$�I��4$��ȝ<�nR3���Y�Q^�=*	�j�=�S�4�="��=&�q��su�\�Ǥ��7�n�3%��O�?�?P��+�>�(��(�����>��}�t�����?�w:�$}��?���(����
(��
(��
(��3<C� ;����+����?������B�Z���t���䏮�?ݥ�'� ��+�l�������U��Is����ʹ��\��r�<>��B�(�l�0��(��(��(��(��(��(��(���yI�1X���R~�V%zx/�S9�QEvt�QEx�EPEPEP��, ����JFIF��C		
 $.' ",#(7),01444'9=82<.342��C			2!!22222222222222222222222222222222222222222222222222����"��	
���}!1AQa"q2���#B��R��$3br�	
%&'()*456789:CDEFGHIJSTUVWXYZcdefghijstuvwxyz���������������������������������������������������������������������������	
���w!1AQaq"2�B����	#3R�br�
$4�%�&'()*56789:CDEFGHIJSTUVWXYZcdefghijstuvwxyz��������������������������������������������������������������������������?�(��g�QU�'kxC���5�*R�5���ECc��ah���ی���a��9��Y������
���S�N�	��ҏq�S��4����/���*��A=��/�,��v��QO'�g�4��[����K�.�Y?ړ�v?���ړ�v?���k�����Mj+'�R�����R������}�kQY?ړ�v?���ړ�v?����خ��Z���ԟ���G�h�ԟ���G�h���v_x�VO���ݏ�?�Z�Ɋ���[�uQE�EPEPT�O��_���5v��/�R͓�����Mwe��T-�j.W��EWڒQEQEQEQEQE��9]|��.��Q_:0��(��(��O���|��ԕ3ZG}��r��6��s�:dz�v[8�I�PNM��娮�Kt���^T���ϧ�Z����"��X���kc��־��k��)TZ�Jֽ��gEz�*�����gX����R��v�����$�u>��K�����[�I���J*������M������_������_�����D�V��W�6����e�o�w��G�����@gQZ?�_���������M�������?����Eh�e�o�w��G�W�6����k`����utu����M�����iW�����9=����˸Q^0(����o����M�yR��h�0��u�kL�V�<������ԣ������d�Ͻƛ��9�*Ժu�:y�� �����gP|ॊc9����Y����x�rAn�)�_5�G��'�{�y^�:��o��o�k���
xoW��V2D��YT�N
�PZ�6+v��,L�!wG?�k���j<D������PEj�|o�!����&�K:M�
M�|���Ep�0е+�Em�i����z���g<�5іQ�E���]7���[X�]��]ªm�#�g��UT^�䑜�MhxoJ�Z���V�J��p��UIPr���Qm�c�]W�|3c�x~{���ght����e4�NA�;c��U��_nO4�=�V����T���'
;b����s>�ܷ�o�n��}�3ەܭ���RrSXxV�V��W�m����jF��YBG����v�>a@�$��z�F�t�Al.��鱶<n-�1��sQ��n���`@.YNܜ�r9 s@�_c��Ok�i#TM9�ͣ��Rv���J]?����iݖ��A0b�	���'�}z��|��a�[���%��/�N�A��c�9#�Vi��SA�#�!����5�7�i�h$uܨ�;��t�+��6�iaq�"v�ǣ) ���@�΃�����ln�na���J^i�" �ےO����?�?�^�>(��,U-tyM��"�0GS�V���Ί�Kmw�2[jZ���}��.��l�dDH�
�_���;U����� ��-�mu#qp'UX��~U$0�8ȯ?���n�jt~��U7���%ֱ�YE+��e�2K�3��(_8��o4�'���[�KK{=.�Y����v��_��x��בQ\΄����_;�)bl�;{���Q��ֶ�p�̻e�ieC(�rģ>}��S�Q��xY�j�rXAt�k�fH�G@F�?�j{+۝:�;�9�7� P�N1�G�)R��M���.��A,Eլt^5��E�m�>Ux�{��96��pa��M��chW�ٚ���p�ά����5F�k��BmB��k�ɀ4�g���O��]Fu'y]t:��_M�<O��+R���ӯ.o��e�S̔�! ���Efx�}29��I�-/m���V��dUi$+���X�V*�MX�}G�67Z�ͦ��[O.41��f�m��2�`��X˥��Ӯ�M�ZIu�	�TNM�wQ�O�$��Ѝ�*�ɮ^����Ga�4�;�>���=F�E��;���"��P�@O_^+���]L�����N�>Heg��o0ȽT��6�*(%־�=;J�<+�x����ZXv��5|��|����'9w�=��������K$�73۬��?��ι�|Eu�V��A��|q��f��^����b�K.��yl�מil[I�f9&$��E[��'S���.|='���^"�������c��$q��D���c��k��L��\�����&�1���Hσ�݊Z(	��V�QE�Q@�^���K���#��烏Oj�����������+{ÿ�����F��5�*k�+������,\Z�ʙ�+��;oe��r�^u��=[v_}����%�=����
?���������A���_�1������_�1���o&o���%�3��������'��J��{[�M��%�=����
��'�B��c����'�B��c����7�E����cg?�������%�=����
�^���3�nV4.@f�ϥ3�'�B��c����|}��Y�����#&�?8���i��2悷��Ʋl����c�fm����L����ڟ�����W��g�����'��Ѣ���?��=�֫�K�B�m۞��L��*����p��-�_�$��* ��(��(��(��(�����m��_���0��V�����X����m��_���0��V�����|�?�b����~�Ft�ƿ��yUQ_~~�QEQEQE�c�q�?��5l��ǜ��5�#�<"�u�����QEq�QEQEQEQEw������B5_��*���?�5������B5_��*���?�5�����W��������Η�����*��+��؂�(��(��(��l��?���ƭ�����f��|'��_����b�(�3��(��(��(��(��ÿ�����F����E[�����cÿ�����F��Z|Z��-�����B���J�QS�s�e;����cG
��3M�'s�h�G��J��������?�ҿ�����_�&���{����_�^]��ǜQ^����?�����4���������M��>����.����(�G��J������������e���$�e���댁��ӎy��I7�qV\ݮ����_���'�?���'�?½/o��{���Ul��ǜ��5�l?ޓ��Vb�a�F��=k*�#(�Vq���T)^��o&>�(�s��(��(���, ����JFIF��C		
 $.' ",#(7),01444'9=82<.342��C			2!!22222222222222222222222222222222222222222222222222����"��	
���}!1AQa"q2���#B��R��$3br�	
%&'()*456789:CDEFGHIJSTUVWXYZcdefghijstuvwxyz���������������������������������������������������������������������������	
���w!1AQaq"2�B����	#3R�br�
$4�%�&'()*56789:CDEFGHIJSTUVWXYZcdefghijstuvwxyz��������������������������������������������������������������������������?�*(���
(��
(��
*�U��+40��G�sRa�?������Һ7������Eha�?�����������Ͽ�>��E������r���Eha�?�����������Ͽ�>��E�}O�>��3>��������_��Q���}Ƌ���#�}��f}�����Ͽ�>��G���>�����A�<G������+C�Q���}ƪ��Og �t��n ��}(�&xz��4���L��(�bQEQEQEQEv:������F�k;C��<�/�֍b�>���O�+�
(����xb���y��&ݘޠ㯭s���O�_?��5c�v�ɖ���u�����ߥ�
?�������/�U�+��s;���������/�Q��c�>v���¬�G4������?��o�~��*)t]*f.�e#��
N?*�E��)%g��Q_@|QEQEQEQE�������Ѭ��@����#Z5������?��(��GHWK�?�|�����WK�?�|���Ն'�L�lt�V��/�_Im�]�1�y��@=1�U�.��������ȳ
�U!N髭c����Κ���.�������Cm7�-a�n�1�9�Fk��b�qR�'���4��QEp�Ҋ(��>(��(�������ga���4v�f����ll��:��[~��̖>Ե�Fa����Q�ld.���O�����tp�V�ƅ�Z�rjS�l���ˮD�Kۜ��cޭX�G\�N�-,�ëy�br7��Yվ\{�=�@�^�1(���x�4��@���**H'����V_��[hR�n��ʳ�H�8�CgoOz�]��������F�kKK�'�-t�5�G�ZB@\�#$����늚_kPj�[[�(����:�s���-;�q��Ma����W_#����{�;���}��?6iZEUE<�G_AW�;�ì�Oc!�J�Hm�0�Uʃ�x84�tʤb�om̚�|'�/�������k���y�K�����X(�QI��ö:o�d��ë��y��;t�}��ǃ�.O�Y׃t�F2���7�߉���\���Y����ׯn�/��d�!H`W,6�����U;�j���M����}Dں+(H��r?��돘W��1Ta���%�b���߱n�8���s��zo���?��"���Q�u����;����x�s�W�E��~�m%ݳD�+#��0y�+�⶧B�����:��U�w�"�������ۿv����-��u
K�x�;[p�p{��{9�f^֞���>f����s���/B�X-�y���6�!s��\�{�´��Ez4~
i�GUԣ�-�q��D��	dPR6��O#��ڼ���[+��'f�F�A��H#���;�W���M7�6�w}u��~v���".ap2ǁ���Z���Y�ǋ�{�2���1��i�\���WEFi+4z�՗�<��ךΛ��Rk�k���q2Ȍ�Cc�,*���Gú6����/i�Pi��j�Y�R2��$m��n�Ex��ukS���a�i�5�T��dQ^|K9iO����I�;WY�-sJ���fn�[(��Z���n|�l��������{W�Q@*��<=�?+ᇋ���(���͓|�f�/1�{�Rs����c[����-������嶆A�!���Pr���g�'�U�&��MN[yLR���E�?? G�+Z1R��5qs�7����;_�VV"��V{L��jwAI�C�c>��߳R�VVZn�ky;Z)g{t���5���7�7�7��;D�K_��(
�d��j�w���F�J�|Ƴ��ͥ�����#K�6�Ś6��_Z�[iS�^�ֳTy%)1�X��*��iɬ�F�}iw����Z�U�Q�dJpNc��T�$4��-�,Ϋ����b滪��l.����)cT0��`��0p�b���6�j��K�<s����O���_��D����0	���X��#�Py5s\��<���W^�,S�����}���K�A��:�٧n�Y�m����b���=F�F��;���"��P�@O_²u�?��2k��j��dlW�חR	�H�2�#~	 m�dW�!������.q��:prww~^{/S|�K	�.�ߢ��S����a|]m�G��*�N�,��5,�g!ܐu�u5���������-�MŗچRUh�9$\H�FG�t�8��G�c����[���	�/�&�&�j�Lja[�r�B��9]�ۏ0��}�� 9�����(�0�Nc�n$���[OO�6��.�ldr.�X�Fď0%#ּ�R�:������ԷU����j(�s+X(��
�-���It�/?�~Ͳc�'~p�s���ߥr5��Y�������N���T�:|�����O�Q��������O�Q�������h��g������m�
����+���燼'����~������fݹ�9�ߥu�Z��?��I����5��?vOB�Q^�AEP~�� y��?��:�s�@����!\u{Yo�菻��9��H+�������uo�k��"��B?�տ����p�5���R�Q_.|�QEQEQEW��-��f����@J�J�����,�����	S=�<o��ފ(��*���~5f�]��]8?�G��]?��EW�t�Q@���������B���u�����Ѕq��e��~��>�����'� �"��B?�տ��޸���\��V�f�3�����?�=J�QE|��EPEPEP^���E����o�+�+���ȳs�_���%L�8��;z(��<`����՚�w��t����t�"�Q^��QEg������
㫡�������F-x�i����^��o��\�4��O��w������!������z+�0̾�[[���7��_[��-���(����0(��(��(��+���ȳs�_���%y%z����n������7�GoEVG��U����P�Z�����O�/�N���]�v|�����Z���h���?�-}���5�Eo�.��rǱr}[R�����.剾�I32���j�Rm�ƒ[QHaEPEPEP��, ����JFIF��C		
 $.' ",#(7),01444'9=82<.342��C			2!!22222222222222222222222222222222222222222222222222����"��	
���}!1AQa"q2���#B��R��$3br�	
%&'()*456789:CDEFGHIJSTUVWXYZcdefghijstuvwxyz���������������������������������������������������������������������������	
���w!1AQaq"2�B����	#3R�br�
$4�%�&'()*56789:CDEFGHIJSTUVWXYZcdefghijstuvwxyz��������������������������������������������������������������������������?�(���Q@Q@Q@Q@Q@Q@�&�yn��o�6�z��㹩�տ���"'��U��[���#Z��O8ɤ��4�I6���[�}?�"����������k����;!{y�#z����D�?�տ���"'��E]������7�ϧ�DO��J���W�[�t5�Q��
(���B�(��(��(��(��A��WP���}ܱ7�x�fSۂS�a�G������F5EI�+�9r��]����&����(���?�}�����4V>��3�ϱ��PMk�[�q�J��$�U��O ֍[���#/���T�2���9���
(�����(�+�T�+�C��_�Ӈ�Q^��L���u�ҷ���Y��rH�R�'Q�������J+����a�����?���"����+�˹��%��j+����a�����?���"����(�����%��j+����a�����?���"����(�����%��j+����a�����?���"����(�����%��j�ȟa�m?�cV��#�/�,?�?®Akok
�oQD�u#@�;�EL��r'����GEXڿ��W����'����:_�r����e�?���wW�&��?��U�֏%IG�g�R<�q�QEf@QEW�תW�ס��_/����
��ș���O���~����|k����M�ϙ��`m��`�GU���<=��v��k0B���&��)�I��o9�^�J3m�;hV�'�v-�N(E�\�U��6�Y�&@�@V?���ⱸ�[H�T�v�4dP\&�	�2?1�^�4m{�����tV���@�T!6R|�Ϟ?����K&����G=�Ɨ<{�V�����TV�h��&�O��`�����Q>�}Ѷx6�#2m.�tw�G<{��M�%����Ug5����I3Ȫ����8�Zu���$8f���V�����qM�$�aʤb�omʔU�"��Q������@��A���yM ^�����l�PG��MIQ�{븭��0Q�R�ǃ� '�J�k�g��wj�[�EhE�jS[���FA��é�Ǧ�\�ֳYZ�q4��	6�b&}��^��
�R+�R�N*���i֓����n�q֢}&�!"�}�Ƶ�,�mn��в�q��Nzci��=������1Őd�g�95ˈ�C��\��>�º����v���̳��?����[]ԭu��xnv�Ĉ��Nb�W�R6?m�m��ݸ}�\g5��W��WW�n���7W)D��v�U�����8�x�iF���)��S����V�������G�$������4�
���1��������w�[h#oR9a����ʟ��(=�j��I����CO�����[}R������G�k��%���Ƞ�m���G#׵y�ݬ�7���٭�h����?1UF?
��(?����Zi�t����-m���<�s��<H�z'��м��Cw�;U���-��!�i�qe����^^��O�4��i�����r�I�CzT�9�Y[Cr�"��6gYԬ�˸�i�I��&��*J
�e�v֕����ZK}j�k{M;Qy�XԼ?3g�*�'����Eu�>�OO�7��J��������
�Y.V+�e��+v�t�ʞo9������i��^��/
[}���=7P�x̪���a��}��U(����^V�1i������©VK���Y}8J�]��4����rĩ|�g�o}��L��+mc$
��7���0�/�\����IO�i����b�s�E�>�G�(�����^_���d^&����;�V��Υ0^6��sdzo#��ս>�욍���I?L��Vdl��7�7�7��;D�K_��(
�d��j�U*n1��e��8Sj{��!���h�~��Z��i\�L�Ҭ��R�� ���EU���MgL����[�})n����YI6D��X�*�äӾ�p����m��qsZ�,��U���^5Cj�yk� y�[��h����I�<���H�γqr��.�]�Y%�!�a�#
���4RXT�fk.Qn����%���7��"6x���*�X�.m�ai�b!��n���Xi��m�X��uI��w�����S�E�����+j�'�5��ӓ�G�y��I�g��cN��Úw�c�k�Z��D+I�L��,6/�#��^+�kK7�OX��+�C��`]�6u ᘌ��W�W�k��1j��/��k˧S�K]*wg�i����ɭZ������/���NWvv��'����������T�+S��]�k6���?�4�[u6�WV�K,H�bG�����^[�_�WY�Ԋ��Է��r��j�)��+�<	�"f��m?�cW�״x�D�?���Ʈ����/����(�H�
(��
(��
(��
(��
(��
l�pө�}�X�?�/G�W��xv��#��_r��f�Ƽ;^���S����3^��Qݙ�QEt��Q@{G�?�L�����j�z+Z5}��k�ҩ��{EQ_:�]?\���t}o��*��֊>����>��}E|�E\���[�>���u���w���EQ_:װ�#�D��i����?�_����D�ܪ�����U���?����3�������M�������<yw]��<4\yw��������Z��}�������{�F-O������q�ݜ�wf}Q]&�EPEPEPEPEPEP^�����?���j���ȟa�m?�cV5�*�	�QE�s�Q@xv��#��_r��f�Ƽ;^���S����3]7f�wf}Q]&�EPEPEPEPEPEP]&��mKH�b���Ѣ�;L�Ź$����I�=��{���,�c�}�����T���?�������\}>����a�#X��k����U�5������o��WE���=���F��>�?������n�^��{���F�����~u�R�j)lQEP(���, ����JFIF��C		
 $.' ",#(7),01444'9=82<.342��C			2!!22222222222222222222222222222222222222222222222222����"��	
���}!1AQa"q2���#B��R��$3br�	
%&'()*456789:CDEFGHIJSTUVWXYZcdefghijstuvwxyz���������������������������������������������������������������������������	
���w!1AQaq"2�B����	#3R�br�
$4�%�&'()*56789:CDEFGHIJSTUVWXYZcdefghijstuvwxyz��������������������������������������������������������������������������?娢�G�QEQEQEQEQEQEQEQEQEQE���3�|��"��¹95�W1�?�G�\��5�?�ί�P�u���O�n��������WE��vX�u���O�n��������Qde��^���������������EAvX�u���O�n��������Qde��^�������W�M}n�s1S*��f�U��[�U�b�J�M����;B�(��(��(��(�����B?��?�������B?��?��)|Fu�"�(���(��(��(�����]*��'c�,�	?1��wc���*��]���Ջ�[�U�b��Y�Ϥ��R����e��09F2j�Ϲ�,��%���Ty�gOS\N�_h��ū�ȫEZ�:z��W/>̙d�#���)�U�F]��ɟ�!�S���2��3�d6�SI\��$�O6�7Nn�W1�?�G�\��5�>�-����O*C6����c ��v�O�x7�7�Zh����j�h��q��J����O��E7frV�K��J+J�@��4�u9�Lv�^���uȜ.�s���{ի�ڑ�E���u;�?��y�W�έ��Ō��t��0论O��6�-ݼ=s��*d$��W���7��O�m�t�MJ�Yቤ@$
	$>�=���T�d���y�]D��m[�xz��T
�H'�����7���53�K�2]�-8�ȟ2�Np�A�K�8�x�����y��.��_���W�#G�@��Xn�#��k�]^��]����q����*�/@rH�{ɭ�	�0kw��V�K%���#�U�������JM����s0��u#d���їEu��Ŏ����'�;�����F
%�D�m9�펆���|�܆S4��ZZ��
IR�O�(���л]�S�~�C�����߱
}��
ul�xC_��R�2f��e9��P�������֫��o4�Y�o_Q6���8�E����az���ɫ��X�<#w5�O]�����m�h����-�ݤ��66Ǎų��:������'O�}��$6��\���8�r@�ֺp�J�b�^���-v�C��O��i+�&��f���é%}v�w�K��;_�l໲Ӛky�� i��O���]>��&�M��4�naQ[�����O�αA���RrG��`�))lʅXT�$��aZJ����X��ww���eD�$q'٠��r��;��t�+��6�ya�bH�h�z2��5��jUG��+B�i8=��w���,.�na���J^i�"(�<
n�k��	��G�^�%��Gk��nd�D`����z���wN�O`a��n �5;*�u�5i�"��8��.*������	K}v���M��湜LQY�n9軷`��\�?�����WO\�1q��9�m,5yP�n���#�����v�g�cK�y����"I�YG�גJ��3�=�u3Y�:߁�5(�,u)���(�2��q�rpNҥ��X�v<��������9-)�>j�}F4�ןOZr$���y�y$��<�V�����iewho��/f�%��fh1�,Gc���O�i����b�s�E�>�G�(X�O8�Q�����_��O�	aj<3�K5[��LN@���<}��p�~���KH�����b�uv�%s���ނ͒���������h���b��TT�MZ�,\���c��9�N��o�Ԣ�kk�N�5;�}&���領:��)D���E�k3�66��:��=F��=���hf��JV$%s�T���O-l���Vז)v��1���d��jv���-UF�l��D�0B��,@�~9t�s�}�t�Y.���TO�x���Ie���>U�V%�-f��i&�X��d���G,������
�X�V՟OC9�a�G}>��M=u���%�����f���=B�F��;���"��P�@O_¹��i�O(���O�/�fE����v2)�*�*��xk{��?��?��?¶**���58�> ¥�79{�mY+��-{�]'Q��[�/|i��v�Ș�I�������q޼��P�������$�k����PY�O-�A�|�Ϣ�aP����kM���6�j�|�[��Sq�U,�����^s��m*͘���j��>C������,O�x���'xn�����D��.�N��9��Ss%���������k��d��?Mآ��]�QE�O��|������1��|�����י��#?>�?��|���QEby!EPEPEPEPEP��E쟫�Q@Q@Q@?�?�����WO\Ǆ?�����WO^f#����<�����PQE��Q@Q@Q@Q@Q@cEW�~�QEQEQEn�sQ���O�e�����g=�o�C����Co���xx�\���Y&Y֛w}��ݎ��+�~�����_������+�������o	�������$:W���6�
?�!ҿ���!��W	EU�v�������;��Ht�����m��C����Co��>��?ռ'�K�_�w��_������(���J�������\%}V��xO�޿����!ҿ���!��Q�	��?_��¸J(��;��V��/�����C����Co��+�~���p�Q�Xwa���?�_z� ��+����(��(��(��(��(��(��(��(��(��(��(��(��(��, ����JFIF��C		
 $.' ",#(7),01444'9=82<.342��C			2!!22222222222222222222222222222222222222222222222222����"��	
���}!1AQa"q2���#B��R��$3br�	
%&'()*456789:CDEFGHIJSTUVWXYZcdefghijstuvwxyz���������������������������������������������������������������������������	
���w!1AQaq"2�B����	#3R�br�
$4�%�&'()*56789:CDEFGHIJSTUVWXYZcdefghijstuvwxyz��������������������������������������������������������������������������?̢�)�HQEQEQETR4q�v*z�{����]$��f�T�Z)���7��AWmݞf9'?γ+J��=���uӈ�TtG��҄)'��oRj(���(��(��(��(��(��+;�S������jѮz��C�=�ok[W��ʤ����O�c��������?���Z�������3?i#C�S������j?�?��=�֬�(����'���=���O�c����9�����?z��Md�$����*�	)E�<��Z���F��;���U**��`�����5���Ur�W^������?���Z��O�c����>���\�~/��=��8��*yX�@����^�+�������v�s:�Q�T���u���ӓkP��+�4
(��
(��
(��(\j�[NкHYq��c�}k�q�7�K��No���*�z�ML*n�ڵ���ذ���s�q�7�G���oʩ�]�������R.}�?F���\~��U:(����_p}J�s�q�7�G���oʩ�G��'����T��k�ѿ*>��~UN�?��=��R�\�\~��S���>�F���^�����"uc՛Ko2*a)���ҷ�����ηk
��>b�|:ݮ~#�,=[Q_8jQEQEV��4�5�Z��/"C6��2#7����|5�_*&M^���C[h�E%$d��n}�.4ܕ��z��������"�Vγ�^Ɠ��1w�#!uϜqM��@�8���~�Z�Y�mPLlǚ����u<c����Q����Eu���Ѥ��&  I��W��U��~!�]��e�]5�-M"�I���U��5�=x�:�ti6�q��RA�h��q_A4N�4le]�_�ׇ��>N]w�2��K�!�{�g�;TP�3�=�qR�r�i�J#cn۹����kÍ9I����Ux/�����c;��L��[o��SH8?§�:�P�U�1��s.��:�f�s�V8��>�R��{�i�R�i�7��޵�p,��j����+�`B�S���#r�����ѩ'd�u捒O-�ҝ,C�"�\��GRp?Z�g=t���º��cR[kB�`p�N�]���Kc�MsR�������`�:�v���}z��_$��V�xG_KY�_L�b�;��RrG��Z�[��&�����n.u�D�,q�٠��r�d�'t�+�u)$������FRA�P9A�so�څ�����똭��J^i�" �۫�U�A��	�au�x�K�%�H�Z����D`����~��Y�?ҩը]\J����γN���|(����c�_.�.��l�dg�I@�2��k隟����
(<C�\���ڙ����{���?(-�q�dW�R7�?J褥�4��_��X�'�Z���B�R�>%Y����?~lKp^_��',v��v���zƕe�|=Y�+8��S7!�U��~O�8�=��h���O	&���Ӵy��)������еT�ᏉVm@G}���ߛ���������ؖK=;���``�m���kX�ηJ������{׃W�g~���ѹP	S�2������ʛ�ڿM����;0�\�O����mw�������ͨ��m�o�FG�����S�s#����H�۫��.����WL�ʮv�
���'�SZ���)�N-�Õ����zm�����O!��8���m���y����G���N���_[^A��u+�yD�7y<���і0���h�'�rRV����͍��?���<��_!�M0�����9���֩o��O
i6�޷��T����bke��L�h����r�76���ʊ��m+���H�,/|Wm��>������ܴ��Q�b���o�-l������v���-�"FL���y��d��(��{WmEg,_2i�=|����u�+�������F��G�D����!  ��#���\^�{�����9d����{q(%_|b7u�3��|TtW�p:�X뭵m2o�Z��6�j�6��u�i��b�K.��yl���Hb�-�1%��d���r��Ns������A�e߈lm��Hn�����<��Eډ����#���ݙ�&��%���&6�d��?Mة(�'S�Z�;��g��J�W/����*�m�Y���OҖ����V��TI^�(��L¾�����J�8������z8���B�(��=��(��(��(�(�����
(��
(��)���?��U:Ҟ?oͷ횇�����#$����)�7�?J���i���q� �~�߁�U�N���Z��Ȓ��tQE}�Wҕ�]})_�������OG��_�QE�'�QEQEQExeQ_Vy!EPEPEPQ������*J*�RP�]�b?���<c��Eg��x��|����oW���Dg��x��|��z���:��j��'3���م[�Q^9�QEQEQExeQ_Vy!EPEPEPEPEP^�^^�^Vg�>�ׅ�QEy'XQEQEQE�QE}Y�Q@Q@��] (Thread[vert.x-eventloop-thread-0,6,main])
30110 ms. Memory: 3276800K Free: 2350066K (72%)
Exported /home/travis/build/icyphy/ptII/ptolemy/actor/lib/jjs/modules/cameras/demo/CameraWebSocket/CameraWebSocket/index.html
41393 ms. Memory: 3276800K Free: 2321898K (71%)
####### 16 Tue May 26 15:04:14 UTC 2020 $PTII/bin/ptinvoke ptolemy.vergil.basic.export.ExportModel -force htm -run -openComposites -timeOut 30000 -whiteBackground ptolemy/actor/lib/jjs/modules/cameras/demo/Foscam/Foscam.xml $PTII/ptolemy/actor/lib/jjs/modules/cameras/demo/Foscam/Foscam
----------------- Tue May 26 15:04:14 UTC 2020 About to sleep for 5.0 seconds before running or rerunning.  Test is: /home/travis/build/icyphy/ptII/ptolemy/actor/lib/jjs/modules/cameras/demo/Foscam/Foscam.xml
Done sleeping
Running .Foscam
Foscam2: snapshot.cgi?user=admin&pwd=&undefined= (Thread[AWT-EventQueue-0,6,main])
Foscam2: Making an HTTP request. (Thread[AWT-EventQueue-0,6,main])
ExportHTMLTimer went off after 30000 ms., calling getDirector().finish and getDirector().stopFire()
Foscam2: undefined.cgi?user=admin&pwd=&undefined= (Thread[AWT-EventQueue-0,6,main])
Foscam2: Making an HTTP request. (Thread[AWT-EventQueue-0,6,main])
30026 ms. Memory: 3276800K Free: 1818622K (55%)
Exported /home/travis/build/icyphy/ptII/ptolemy/actor/lib/jjs/modules/cameras/demo/Foscam/Foscam/index.html
36056 ms. Memory: 3276800K Free: 1789417K (55%)
####### 17 Tue May 26 15:04:55 UTC 2020 $PTII/bin/ptinvoke ptolemy.vergil.basic.export.ExportModel -force htm -run -openComposites -timeOut 30000 -whiteBackground ptolemy/actor/lib/jjs/modules/computerVision/demo/ComputerVision/ComputerVision.xml $PTII/ptolemy/actor/lib/jjs/modules/computerVision/demo/ComputerVision/ComputerVision
----------------- Tue May 26 15:04:55 UTC 2020 About to sleep for 5.0 seconds before running or rerunning.  Test is: /home/travis/build/icyphy/ptII/ptolemy/actor/lib/jjs/modules/computerVision/demo/ComputerVision/ComputerVision.xml
Done sleeping
Opened file:/home/travis/build/icyphy/ptII/ptolemy/actor/lib/jjs/modules/computerVision/demo/ComputerVision/ComputerVision.xml in 21715 ms.
Size Statistics for .ComputerVision
AtomicEntities: 26
CompositeEntities: 0
OpaqueCompositeEntities: 0
Relations: 14
Attributes: 224
Atomic Actor Names and Counts:
org.terraswarm.accessor.JSAccessor 12
ptolemy.actor.lib.image.ImageDisplay 12
ptolemy.actor.lib.SingleEvent 1
ptolemy.actor.lib.image.ImageReader 1

Composite Entity Depths and Counts:

Running .ComputerVision
preinitialize() finished: 19551 ms. Memory: 3276800K Free: 1924606K (59%)
ExportHTMLTimer went off after 30000 ms., calling getDirector().finish and getDirector().stopFire()
Manager.initialize() finished: 33133 ms. Memory: 3276800K Free: 2049534K (63%)
33235 ms. Memory: 3276800K Free: 2029568K (62%)
Exported /home/travis/build/icyphy/ptII/ptolemy/actor/lib/jjs/modules/computerVision/demo/ComputerVision/ComputerVision/index.html
59345 ms. Memory: 3276800K Free: 1987324K (61%)
####### 18 Tue May 26 15:05:59 UTC 2020 $PTII/bin/ptinvoke ptolemy.vergil.basic.export.ExportModel -force htm  -openComposites -timeOut 30000 -whiteBackground ptolemy/actor/lib/jjs/modules/contextAware/demo/ContextAware/ContextAware.xml $PTII/ptolemy/actor/lib/jjs/modules/contextAware/demo/ContextAware/ContextAware
Warning: not running ptolemy/actor/lib/jjs/modules/contextAware/demo/ContextAware/ContextAware.xml. See ptolemy/vergil/basic/export/test/junit/ExportModelJUnitTest.java
----------------- Tue May 26 15:05:59 UTC 2020 About to sleep for 5.0 seconds before running or rerunning.  Test is: /home/travis/build/icyphy/ptII/ptolemy/actor/lib/jjs/modules/contextAware/demo/ContextAware/ContextAware.xml
Done sleeping
Exported /home/travis/build/icyphy/ptII/ptolemy/actor/lib/jjs/modules/contextAware/demo/ContextAware/ContextAware/index.html
5165 ms. Memory: 3276800K Free: 2283507K (70%)
####### 19 Tue May 26 15:06:09 UTC 2020 $PTII/bin/ptinvoke ptolemy.vergil.basic.export.ExportModel -force htm -run -openComposites -timeOut 30000 -whiteBackground ptolemy/actor/lib/jjs/modules/crypto/demo/AsymmetricEncrypt/AsymmetricEncrypt.xml $PTII/ptolemy/actor/lib/jjs/modules/crypto/demo/AsymmetricEncrypt/AsymmetricEncrypt
----------------- Tue May 26 15:06:09 UTC 2020 About to sleep for 5.0 seconds before running or rerunning.  Test is: /home/travis/build/icyphy/ptII/ptolemy/actor/lib/jjs/modules/crypto/demo/AsymmetricEncrypt/AsymmetricEncrypt.xml
Done sleeping
Opened file:/home/travis/build/icyphy/ptII/ptolemy/actor/lib/jjs/modules/crypto/demo/AsymmetricEncrypt/AsymmetricEncrypt.xml in 15664 ms.
Size Statistics for .AsymmetricEncrypt
AtomicEntities: 25
CompositeEntities: 0
OpaqueCompositeEntities: 0
Relations: 17
Attributes: 203
Atomic Actor Names and Counts:
ptolemy.actor.lib.gui.Display 11
ptolemy.actor.lib.jjs.JavaScript 9
ptolemy.actor.lib.ArrayUpdate 1
ptolemy.actor.lib.Const 1
ptolemy.actor.lib.DiscreteClock 1
ptolemy.actor.lib.Ramp 1
ptolemy.actor.lib.Sequence 1

Composite Entity Depths and Counts:

Running .AsymmetricEncrypt
preinitialize() finished: 16049 ms. Memory: 3276800K Free: 1786368K (55%)
Manager.initialize() finished: 28682 ms. Memory: 3276800K Free: 2248192K (69%)
RandomBytes: [ -60 ] (Thread[AWT-EventQueue-0,6,main])
EncryptWithHash: ### it is a string: hello world! (Thread[AWT-EventQueue-0,6,main])
ExportHTMLTimer went off after 30000 ms., calling getDirector().finish and getDirector().stopFire()
30179 ms. Memory: 3276800K Free: 2368510K (72%)
Exported /home/travis/build/icyphy/ptII/ptolemy/actor/lib/jjs/modules/crypto/demo/AsymmetricEncrypt/AsymmetricEncrypt/index.html
50071 ms. Memory: 3276800K Free: 2241241K (68%)
####### 20 Tue May 26 15:07:04 UTC 2020 $PTII/bin/ptinvoke ptolemy.vergil.basic.export.ExportModel -force htm -run -openComposites -timeOut 30000 -whiteBackground ptolemy/actor/lib/jjs/modules/crypto/demo/MessageDigest/MessageDigest.xml $PTII/ptolemy/actor/lib/jjs/modules/crypto/demo/MessageDigest/MessageDigest
----------------- Tue May 26 15:07:04 UTC 2020 About to sleep for 5.0 seconds before running or rerunning.  Test is: /home/travis/build/icyphy/ptII/ptolemy/actor/lib/jjs/modules/crypto/demo/MessageDigest/MessageDigest.xml
Done sleeping
Running .MessageDigest
Manager.initialize() finished: 13897 ms. Memory: 3276800K Free: 1975296K (60%)
RandomBytes: [ 77 ] (Thread[AWT-EventQueue-0,6,main])
EncryptWithHash: ### it is a string: hello world! (Thread[AWT-EventQueue-0,6,main])
EncryptWithHash: [ 104,
  101,
  108,
  108,
  111,
  32,
  119,
  111,
  114,
  108,
  100,
  33,
  117,
  9,
  -27,
  -67,
  -96,
  -57,
  98,
  -46,
  -70,
  -57,
  -7,
  13,
  117,
  -117,
  91,
  34,
  99,
  -6,
  1,
  -52,
  -68,
  84,
  42,
  -75,
  -29,
  -33,
  22,
  59,
  -32,
  -114,
  108,
  -87 ] (Thread[AWT-EventQueue-0,6,main])
DecryptWithHash: [ 104, 101, 108, 108, 111, 32, 119, 111, 114, 108, 100, 33 ] (Thread[AWT-EventQueue-0,6,main])
DecryptWithHash: [ 117,
  9,
  -27,
  -67,
  -96,
  -57,
  98,
  -46,
  -70,
  -57,
  -7,
  13,
  117,
  -117,
  91,
  34,
  99,
  -6,
  1,
  -52,
  -68,
  84,
  42,
  -75,
  -29,
  -33,
  22,
  59,
  -32,
  -114,
  108,
  -87 ] (Thread[AWT-EventQueue-0,6,main])
DecryptWithHash: [ 117,
  9,
  -27,
  -67,
  -96,
  -57,
  98,
  -46,
  -70,
  -57,
  -7,
  13,
  117,
  -117,
  91,
  34,
  99,
  -6,
  1,
  -52,
  -68,
  84,
  42,
  -75,
  -29,
  -33,
  22,
  59,
  -32,
  -114,
  108,
  -87 ] (Thread[AWT-EventQueue-0,6,main])
RandomBytes: [ 107, -113 ] (Thread[AWT-EventQueue-0,6,main])
EncryptWithHash: ### it is a string: bye world! (Thread[AWT-EventQueue-0,6,main])
EncryptWithHash: [ 98,
  121,
  101,
  32,
  119,
  111,
  114,
  108,
  100,
  33,
  87,
  -40,
  61,
  -97,
  47,
  -93,
  111,
  -126,
  41,
  -41,
  5,
  71,
  -116,
  -126,
  88,
  -110,
  -25,
  18,
  9,
  123,
  68,
  24,
  11,
  -64,
  -67,
  36,
  -65,
  21,
  -14,
  -69,
  -122,
  53 ] (Thread[AWT-EventQueue-0,6,main])
DecryptWithHash: [ 98, 121, 101, 32, 119, 111, 114, 108, 100, 33 ] (Thread[AWT-EventQueue-0,6,main])
DecryptWithHash: [ 87,
  -40,
  61,
  -97,
  47,
  -93,
  111,
  -126,
  41,
  -41,
  5,
  71,
  -116,
  -126,
  88,
  -110,
  -25,
  18,
  9,
  123,
  68,
  24,
  11,
  -64,
  -67,
  36,
  -65,
  21,
  -14,
  -69,
  -122,
  53 ] (Thread[AWT-EventQueue-0,6,main])
DecryptWithHash: [ 87,
  -40,
  61,
  -97,
  47,
  -93,
  111,
  -126,
  41,
  -41,
  5,
  71,
  -116,
  -126,
  88,
  -110,
  -25,
  18,
  9,
  123,
  68,
  24,
  11,
  -64,
  -67,
  36,
  -65,
  21,
  -14,
  -69,
  -122,
  53 ] (Thread[AWT-EventQueue-0,6,main])
RandomBytes: [ -24, 7, -95 ] (Thread[AWT-EventQueue-0,6,main])
RandomBytes: [ -11, 85, 23, -108 ] (Thread[AWT-EventQueue-0,6,main])
16946 ms. Memory: 3276800K Free: 1738238K (53%)
Exported /home/travis/build/icyphy/ptII/ptolemy/actor/lib/jjs/modules/crypto/demo/MessageDigest/MessageDigest/index.html
30476 ms. Memory: 3276800K Free: 1666994K (51%)
####### 21 Tue May 26 15:07:40 UTC 2020 $PTII/bin/ptinvoke ptolemy.vergil.basic.export.ExportModel -force htm -run -openComposites -timeOut 30000 -whiteBackground ptolemy/actor/lib/jjs/modules/crypto/demo/RandomBytes/RandomBytes.xml $PTII/ptolemy/actor/lib/jjs/modules/crypto/demo/RandomBytes/RandomBytes
----------------- Tue May 26 15:07:40 UTC 2020 About to sleep for 5.0 seconds before running or rerunning.  Test is: /home/travis/build/icyphy/ptII/ptolemy/actor/lib/jjs/modules/crypto/demo/RandomBytes/RandomBytes.xml
Done sleeping
Running .RandomBytes
RandomBytes: [ 82 ] (Thread[AWT-EventQueue-0,6,main])
RandomBytes: [ 106, 106 ] (Thread[AWT-EventQueue-0,6,main])
RandomBytes: [ -62, -58, -48 ] (Thread[AWT-EventQueue-0,6,main])
RandomBytes: [ 36, 15, -24, 12 ] (Thread[AWT-EventQueue-0,6,main])
6216 ms. Memory: 3276800K Free: 2160126K (66%)
Exported /home/travis/build/icyphy/ptII/ptolemy/actor/lib/jjs/modules/crypto/demo/RandomBytes/RandomBytes/index.html
12088 ms. Memory: 3276800K Free: 2135014K (65%)
####### 22 Tue May 26 15:07:57 UTC 2020 $PTII/bin/ptinvoke ptolemy.vergil.basic.export.ExportModel -force htm -run -openComposites -timeOut 30000 -whiteBackground ptolemy/actor/lib/jjs/modules/crypto/demo/SymmetricEncrypt/SymmetricEncrypt.xml $PTII/ptolemy/actor/lib/jjs/modules/crypto/demo/SymmetricEncrypt/SymmetricEncrypt
----------------- Tue May 26 15:07:57 UTC 2020 About to sleep for 5.0 seconds before running or rerunning.  Test is: /home/travis/build/icyphy/ptII/ptolemy/actor/lib/jjs/modules/crypto/demo/SymmetricEncrypt/SymmetricEncrypt.xml
Done sleeping
Running .SymmetricEncrypt
RandomBytes: [ -103 ] (Thread[AWT-EventQueue-0,6,main])
RandomBytes: [ 111, 8 ] (Thread[AWT-EventQueue-0,6,main])
RandomBytes: [ 64, -98, 112 ] (Thread[AWT-EventQueue-0,6,main])
RandomBytes: [ 123, 18, -43, 27 ] (Thread[AWT-EventQueue-0,6,main])
11772 ms. Memory: 3276800K Free: 2279422K (70%)
Exported /home/travis/build/icyphy/ptII/ptolemy/actor/lib/jjs/modules/crypto/demo/SymmetricEncrypt/SymmetricEncrypt/index.html
20850 ms. Memory: 3276800K Free: 2229716K (68%)
####### 23 Tue May 26 15:08:23 UTC 2020 $PTII/bin/ptinvoke ptolemy.vergil.basic.export.ExportModel -force htm  -openComposites -timeOut 30000 -whiteBackground ptolemy/actor/lib/jjs/modules/discovery/demo/Discovery/Discovery.xml $PTII/ptolemy/actor/lib/jjs/modules/discovery/demo/Discovery/Discovery
Warning: not running ptolemy/actor/lib/jjs/modules/discovery/demo/Discovery/Discovery.xml. See ptolemy/vergil/basic/export/test/junit/ExportModelJUnitTest.java
----------------- Tue May 26 15:08:23 UTC 2020 About to sleep for 5.0 seconds before running or rerunning.  Test is: /home/travis/build/icyphy/ptII/ptolemy/actor/lib/jjs/modules/discovery/demo/Discovery/Discovery.xml
Done sleeping
Exported /home/travis/build/icyphy/ptII/ptolemy/actor/lib/jjs/modules/discovery/demo/Discovery/Discovery/index.html
3225 ms. Memory: 3276800K Free: 2089968K (64%)
####### 24 Tue May 26 15:08:31 UTC 2020 $PTII/bin/ptinvoke ptolemy.vergil.basic.export.ExportModel -force htm -run -openComposites -timeOut 30000 -whiteBackground ptolemy/actor/lib/jjs/modules/discovery/demo/Discovery/DiscoveryJS.xml $PTII/ptolemy/actor/lib/jjs/modules/discovery/demo/Discovery/DiscoveryJS
----------------- Tue May 26 15:08:31 UTC 2020 About to sleep for 5.0 seconds before running or rerunning.  Test is: /home/travis/build/icyphy/ptII/ptolemy/actor/lib/jjs/modules/discovery/demo/Discovery/DiscoveryJS.xml
Done sleeping
Running .DiscoveryJS
18148 ms. Memory: 3276800K Free: 1618430K (49%)
Exported /home/travis/build/icyphy/ptII/ptolemy/actor/lib/jjs/modules/discovery/demo/Discovery/DiscoveryJS/index.html
26111 ms. Memory: 3276800K Free: 1584102K (48%)
####### 25 Tue May 26 15:09:02 UTC 2020 $PTII/bin/ptinvoke ptolemy.vergil.basic.export.ExportModel -force htm -run -openComposites -timeOut 30000 -whiteBackground ptolemy/actor/lib/jjs/modules/discovery/demo/Discovery/PopulateSwarmboxMap.xml $PTII/ptolemy/actor/lib/jjs/modules/discovery/demo/Discovery/PopulateSwarmboxMap
----------------- Tue May 26 15:09:02 UTC 2020 About to sleep for 5.0 seconds before running or rerunning.  Test is: /home/travis/build/icyphy/ptII/ptolemy/actor/lib/jjs/modules/discovery/demo/Discovery/PopulateSwarmboxMap.xml
Done sleeping
Opened file:/home/travis/build/icyphy/ptII/ptolemy/actor/lib/jjs/modules/discovery/demo/Discovery/PopulateSwarmboxMap.xml in 16624 ms.
Size Statistics for .PopulateSwarmboxMap
AtomicEntities: 48
CompositeEntities: 2
OpaqueCompositeEntities: 0
Relations: 47
Attributes: 345
Atomic Actor Names and Counts:
ptolemy.actor.lib.Const 20
org.terraswarm.accessor.JSAccessor 9
ptolemy.actor.lib.Expression 9
ptolemy.actor.lib.conversions.json.TokenToJSON 4
ptolemy.actor.lib.gui.Display 3
ptolemy.actor.lib.MicrostepDelay 1
ptolemy.actor.lib.SingleEvent 1
ptolemy.actor.lib.Stop 1

Composite Entity Depths and Counts:
Depth: 1 # of Composites at that depth: 2

Running .PopulateSwarmboxMap
preinitialize() finished: 18405 ms. Memory: 3276800K Free: 1691648K (52%)
ExportHTMLTimer went off after 30000 ms., calling getDirector().finish and getDirector().stopFire()
Manager.initialize() finished: 34034 ms. Memory: 3276800K Free: 2608017K (80%)
34126 ms. Memory: 3276800K Free: 2591123K (79%)
Exported /home/travis/build/icyphy/ptII/ptolemy/actor/lib/jjs/modules/discovery/demo/Discovery/PopulateSwarmboxMap/index.html
55158 ms. Memory: 3276800K Free: 2468204K (75%)
####### 26 Tue May 26 15:10:02 UTC 2020 $PTII/bin/ptinvoke ptolemy.vergil.basic.export.ExportModel -force htm -run -openComposites -timeOut 30000 -whiteBackground ptolemy/actor/lib/jjs/modules/discovery/demo/Discovery/PostSwarmboxDevices.xml $PTII/ptolemy/actor/lib/jjs/modules/discovery/demo/Discovery/PostSwarmboxDevices
----------------- Tue May 26 15:10:02 UTC 2020 About to sleep for 5.0 seconds before running or rerunning.  Test is: /home/travis/build/icyphy/ptII/ptolemy/actor/lib/jjs/modules/discovery/demo/Discovery/PostSwarmboxDevices.xml
Done sleeping
Running .PostSwarmboxDevices
REST: Making an HTTP request. (Thread[AWT-EventQueue-0,6,main])
ExportHTMLTimer went off after 30000 ms., calling getDirector().finish and getDirector().stopFire()
30036 ms. Memory: 3276800K Free: 2546174K (78%)
Exported /home/travis/build/icyphy/ptII/ptolemy/actor/lib/jjs/modules/discovery/demo/Discovery/PostSwarmboxDevices/index.html
38735 ms. Memory: 3276800K Free: 2502064K (76%)
####### 27 Tue May 26 15:10:46 UTC 2020 $PTII/bin/ptinvoke ptolemy.vergil.basic.export.ExportModel -force htm -run -openComposites -timeOut 30000 -whiteBackground ptolemy/actor/lib/jjs/modules/discovery/demo/Heartbeat/Heartbeat.xml $PTII/ptolemy/actor/lib/jjs/modules/discovery/demo/Heartbeat/Heartbeat
----------------- Tue May 26 15:10:46 UTC 2020 About to sleep for 5.0 seconds before running or rerunning.  Test is: /home/travis/build/icyphy/ptII/ptolemy/actor/lib/jjs/modules/discovery/demo/Heartbeat/Heartbeat.xml
Done sleeping
Running .Heartbeat
Heartbeat: HeartBeat: pingMothership (Thread[AWT-EventQueue-0,6,main])
Heartbeat: Making an HTTP request. (Thread[AWT-EventQueue-0,6,main])
Heartbeat: Request problem: Unable to check in with server: Error: Search domain query failed. Original hostname: 'terra.eecs.berkeley.edu' failed to resolve 'terra.eecs.berkeley.edu.google.internal' after 2 queries  (Thread[AWT-EventQueue-0,6,main])
Heartbeat: HeartBeat: pingMothership (Thread[AWT-EventQueue-0,6,main])
Heartbeat: Making an HTTP request. (Thread[AWT-EventQueue-0,6,main])
Heartbeat: Request problem: Unable to check in with server: Error: Search domain query failed. Original hostname: 'terra.eecs.berkeley.edu' failed to resolve 'terra.eecs.berkeley.edu.google.internal' after 2 queries  (Thread[AWT-EventQueue-0,6,main])
Heartbeat: HeartBeat: pingMothership (Thread[AWT-EventQueue-0,6,main])
Heartbeat: Making an HTTP request. (Thread[AWT-EventQueue-0,6,main])
Heartbeat: Request problem: Unable to check in with server: Error: Search domain query failed. Original hostname: 'terra.eecs.berkeley.edu' failed to resolve 'terra.eecs.berkeley.edu.google.internal' after 2 queries  (Thread[AWT-EventQueue-0,6,main])
Heartbeat: HeartBeat: pingMothership (Thread[AWT-EventQueue-0,6,main])
Heartbeat: Making an HTTP request. (Thread[AWT-EventQueue-0,6,main])
Heartbeat: Request problem: Unable to check in with server: Error: Search domain query failed. Original hostname: 'terra.eecs.berkeley.edu' failed to resolve 'terra.eecs.berkeley.edu.google.internal' after 2 queries  (Thread[AWT-EventQueue-0,6,main])
Heartbeat: HeartBeat: pingMothership (Thread[AWT-EventQueue-0,6,main])
Heartbeat: Making an HTTP request. (Thread[AWT-EventQueue-0,6,main])
Heartbeat: Request problem: Unable to check in with server: Error: Search domain query failed. Original hostname: 'terra.eecs.berkeley.edu' failed to resolve 'terra.eecs.berkeley.edu.google.internal' after 2 queries  (Thread[AWT-EventQueue-0,6,main])
Heartbeat: HeartBeat: pingMothership (Thread[AWT-EventQueue-0,6,main])
Heartbeat: Making an HTTP request. (Thread[AWT-EventQueue-0,6,main])
Heartbeat: Request problem: Unable to check in with server: Error: Search domain query failed. Original hostname: 'terra.eecs.berkeley.edu' failed to resolve 'terra.eecs.berkeley.edu.google.internal' after 2 queries  (Thread[AWT-EventQueue-0,6,main])
Heartbeat: HeartBeat: pingMothership (Thread[AWT-EventQueue-0,6,main])
Heartbeat: Making an HTTP request. (Thread[AWT-EventQueue-0,6,main])
Heartbeat: Request problem: Unable to check in with server: Error: Search domain query failed. Original hostname: 'terra.eecs.berkeley.edu' failed to resolve 'terra.eecs.berkeley.edu.google.internal' after 2 queries  (Thread[AWT-EventQueue-0,6,main])
Heartbeat: HeartBeat: pingMothership (Thread[AWT-EventQueue-0,6,main])
Heartbeat: Making an HTTP request. (Thread[AWT-EventQueue-0,6,main])
Heartbeat: Request problem: Unable to check in with server: Error: Search domain query failed. Original hostname: 'terra.eecs.berkeley.edu' failed to resolve 'terra.eecs.berkeley.edu.google.internal' after 2 queries  (Thread[AWT-EventQueue-0,6,main])
Heartbeat: HeartBeat: pingMothership (Thread[AWT-EventQueue-0,6,main])
Heartbeat: Making an HTTP request. (Thread[AWT-EventQueue-0,6,main])
Heartbeat: Request problem: Unable to check in with server: Error: Search domain query failed. Original hostname: 'terra.eecs.berkeley.edu' failed to resolve 'terra.eecs.berkeley.edu.google.internal' after 2 queries  (Thread[AWT-EventQueue-0,6,main])
Heartbeat: HeartBeat: pingMothership (Thread[AWT-EventQueue-0,6,main])
Heartbeat: Making an HTTP request. (Thread[AWT-EventQueue-0,6,main])
18208 ms. Memory: 3276800K Free: 2277374K (69%)
Exported /home/travis/build/icyphy/ptII/ptolemy/actor/lib/jjs/modules/discovery/demo/Heartbeat/Heartbeat/index.html
27071 ms. Memory: 3276800K Free: 2244081K (68%)
####### 28 Tue May 26 15:11:18 UTC 2020 $PTII/bin/ptinvoke ptolemy.vergil.basic.export.ExportModel -force htm  -openComposites -timeOut 30000 -whiteBackground ptolemy/actor/lib/jjs/modules/dsp/demo/AudioFFT/AudioFFT.xml $PTII/ptolemy/actor/lib/jjs/modules/dsp/demo/AudioFFT/AudioFFT
Warning: not running ptolemy/actor/lib/jjs/modules/dsp/demo/AudioFFT/AudioFFT.xml. See ptolemy/vergil/basic/export/test/junit/ExportModelJUnitTest.java
----------------- Tue May 26 15:11:18 UTC 2020 About to sleep for 5.0 seconds before running or rerunning.  Test is: /home/travis/build/icyphy/ptII/ptolemy/actor/lib/jjs/modules/dsp/demo/AudioFFT/AudioFFT.xml
Done sleeping
Exported /home/travis/build/icyphy/ptII/ptolemy/actor/lib/jjs/modules/dsp/demo/AudioFFT/AudioFFT/index.html
8327 ms. Memory: 3276800K Free: 1643841K (50%)
####### 29 Tue May 26 15:11:31 UTC 2020 $PTII/bin/ptinvoke ptolemy.vergil.basic.export.ExportModel -force htm -run -openComposites -timeOut 30000 -whiteBackground ptolemy/actor/lib/jjs/modules/dsp/demo/AudioFFT/SinusoidFFT.xml $PTII/ptolemy/actor/lib/jjs/modules/dsp/demo/AudioFFT/SinusoidFFT
----------------- Tue May 26 15:11:31 UTC 2020 About to sleep for 5.0 seconds before running or rerunning.  Test is: /home/travis/build/icyphy/ptII/ptolemy/actor/lib/jjs/modules/dsp/demo/AudioFFT/SinusoidFFT.xml
Done sleeping
Running .SinusoidFFT
6106 ms. Memory: 3276800K Free: 1718782K (52%)
Exported /home/travis/build/icyphy/ptII/ptolemy/actor/lib/jjs/modules/dsp/demo/AudioFFT/SinusoidFFT/index.html
13793 ms. Memory: 3276800K Free: 1624375K (50%)
####### 30 Tue May 26 15:11:50 UTC 2020 $PTII/bin/ptinvoke ptolemy.vergil.basic.export.ExportModel -force htm -run -openComposites -timeOut 30000 -whiteBackground ptolemy/actor/lib/jjs/modules/eventbus/demo/VertxBus/VertxBus.xml $PTII/ptolemy/actor/lib/jjs/modules/eventbus/demo/VertxBus/VertxBus
----------------- Tue May 26 15:11:50 UTC 2020 About to sleep for 5.0 seconds before running or rerunning.  Test is: /home/travis/build/icyphy/ptII/ptolemy/actor/lib/jjs/modules/eventbus/demo/VertxBus/VertxBus.xml
Done sleeping
Running .VertxBus
16427 ms. Memory: 3276800K Free: 1636864K (50%)
Exported /home/travis/build/icyphy/ptII/ptolemy/actor/lib/jjs/modules/eventbus/demo/VertxBus/VertxBus/index.html
24467 ms. Memory: 3276800K Free: 1607654K (49%)
####### 31 Tue May 26 15:12:20 UTC 2020 $PTII/bin/ptinvoke ptolemy.vergil.basic.export.ExportModel -force htm -run -openComposites -timeOut 30000 -whiteBackground ptolemy/actor/lib/jjs/modules/eventbus/demo/VertxChat/VertxChat.xml $PTII/ptolemy/actor/lib/jjs/modules/eventbus/demo/VertxChat/VertxChat
[...]
Warning: Nashorn engine is planned to be removed from a future JDK release
Warning: Nashorn engine is planned to be removed from a future JDK release
Warning: Nashorn engine is planned to be removed from a future JDK release
Warning: Nashorn engine is planned to be removed from a future JDK release
Warning: Nashorn engine is planned to be removed from a future JDK release
Warning: Nashorn engine is planned to be removed from a future JDK release
Warning: Nashorn engine is planned to be removed from a future JDK release
Warning: Nashorn engine is planned to be removed from a future JDK release
Warning: Nashorn engine is planned to be removed from a future JDK release
Warning: Nashorn engine is planned to be removed from a future JDK release
Warning: Nashorn engine is planned to be removed from a future JDK release
Warning: Nashorn engine is planned to be removed from a future JDK release
Warning: Nashorn engine is planned to be removed from a future JDK release
[atomic-processor-1] INFO com.github.sarxos.webcam.ds.cgt.WebcamOpenTask - Opening webcam Dummy Webcam 0
Warning: Nashorn engine is planned to be removed from a future JDK release
Warning: Nashorn engine is planned to be removed from a future JDK release
WARNING: Invoking send() too late (probably in a callback), so Camera is not able to send the token {type="class ptolemy.data.AWTImageToken", width="640", height="480"} to the output image. Token is discarded.
[atomic-processor-1] INFO com.github.sarxos.webcam.ds.cgt.WebcamCloseTask - Closing Dummy Webcam 0
Warning: Nashorn engine is planned to be removed from a future JDK release
Warning: Nashorn engine is planned to be removed from a future JDK release
Warning: Nashorn engine is planned to be removed from a future JDK release
Warning: Nashorn engine is planned to be removed from a future JDK release
Warning: Nashorn engine is planned to be removed from a future JDK release
Warning: Nashorn engine is planned to be removed from a future JDK release
Warning: Nashorn engine is planned to be removed from a future JDK release
Warning: Nashorn engine is planned to be removed from a future JDK release
Warning: Nashorn engine is planned to be removed from a future JDK release
Warning: Nashorn engine is planned to be removed from a future JDK release
Warning: Nashorn engine is planned to be removed from a future JDK release
Warning: Nashorn engine is planned to be removed from a future JDK release
Warning: Nashorn engine is planned to be removed from a future JDK release
Warning: Nashorn engine is planned to be removed from a future JDK release
[atomic-processor-1] INFO com.github.sarxos.webcam.ds.cgt.WebcamOpenTask - Opening webcam Dummy Webcam 0
Warning: Nashorn engine is planned to be removed from a future JDK release
Warning: Nashorn engine is planned to be removed from a future JDK release
[atomic-processor-1] INFO com.github.sarxos.webcam.ds.cgt.WebcamCloseTask - Closing Dummy Webcam 0
Warning: Nashorn engine is planned to be removed from a future JDK release
Warning: Nashorn engine is planned to be removed from a future JDK release
Warning: Nashorn engine is planned to be removed from a future JDK release
Warning: Nashorn engine is planned to be removed from a future JDK release
Warning: Nashorn engine is planned to be removed from a future JDK release
Warning: Nashorn engine is planned to be removed from a future JDK release
Warning: Nashorn engine is planned to be removed from a future JDK release
Warning: Nashorn engine is planned to be removed from a future JDK release
Warning: Nashorn engine is planned to be removed from a future JDK release
Warning: Nashorn engine is planned to be removed from a future JDK release
Warning: Nashorn engine is planned to be removed from a future JDK release
Warning: Nashorn engine is planned to be removed from a future JDK release
Warning: Nashorn engine is planned to be removed from a future JDK release
Warning: Nashorn engine is planned to be removed from a future JDK release
[atomic-processor-1] INFO com.github.sarxos.webcam.ds.cgt.WebcamOpenTask - Opening webcam Dummy Webcam 0
Warning: Nashorn engine is planned to be removed from a future JDK release
Warning: Nashorn engine is planned to be removed from a future JDK release
WARNING: Invoking send() too late (probably in a callback), so Camera is not able to send the token {type="class ptolemy.data.AWTImageToken", width="640", height="480"} to the output image. Token is discarded.
[atomic-processor-1] INFO com.github.sarxos.webcam.ds.cgt.WebcamCloseTask - Closing Dummy Webcam 0
Warning: Nashorn engine is planned to be removed from a future JDK release
Warning: Nashorn engine is planned to be removed from a future JDK release
Warning: Nashorn engine is planned to be removed from a future JDK release
Warning: Nashorn engine is planned to be removed from a future JDK release
Warning: Nashorn engine is planned to be removed from a future JDK release
Warning: Nashorn engine is planned to be removed from a future JDK release
Warning: Nashorn engine is planned to be removed from a future JDK release
Warning: Nashorn engine is planned to be removed from a future JDK release
Warning: Nashorn engine is planned to be removed from a future JDK release
Warning: Nashorn engine is planned to be removed from a future JDK release
Warning: Nashorn engine is planned to be removed from a future JDK release
Warning: Nashorn engine is planned to be removed from a future JDK release
Warning: Nashorn engine is planned to be removed from a future JDK release
Warning: Nashorn engine is planned to be removed from a future JDK release
[atomic-processor-1] INFO com.github.sarxos.webcam.ds.cgt.WebcamOpenTask - Opening webcam Dummy Webcam 0
Warning: Nashorn engine is planned to be removed from a future JDK release
Warning: Nashorn engine is planned to be removed from a future JDK release
[atomic-processor-1] INFO com.github.sarxos.webcam.ds.cgt.WebcamCloseTask - Closing Dummy Webcam 0
Warning: Nashorn engine is planned to be removed from a future JDK release
Warning: Nashorn engine is planned to be removed from a future JDK release
Warning: Nashorn engine is planned to be removed from a future JDK release
Warning: Nashorn engine is planned to be removed from a future JDK release
Warning: Nashorn engine is planned to be removed from a future JDK release
Warning: Nashorn engine is planned to be removed from a future JDK release
Warning: Nashorn engine is planned to be removed from a future JDK release
Warning: Nashorn engine is planned to be removed from a future JDK release
Warning: Nashorn engine is planned to be removed from a future JDK release
Warning: Nashorn engine is planned to be removed from a future JDK release
Warning: Nashorn engine is planned to be removed from a future JDK release
Warning: Nashorn engine is planned to be removed from a future JDK release
Warning: Nashorn engine is planned to be removed from a future JDK release
Warning: Nashorn engine is planned to be removed from a future JDK release
[atomic-processor-1] INFO com.github.sarxos.webcam.ds.cgt.WebcamOpenTask - Opening webcam Dummy Webcam 0
Warning: Nashorn engine is planned to be removed from a future JDK release
Warning: Nashorn engine is planned to be removed from a future JDK release
[atomic-processor-1] INFO com.github.sarxos.webcam.ds.cgt.WebcamCloseTask - Closing Dummy Webcam 0
Warning: Nashorn engine is planned to be removed from a future JDK release
Warning: Nashorn engine is planned to be removed from a future JDK release
Warning: Nashorn engine is planned to be removed from a future JDK release
Warning: Nashorn engine is planned to be removed from a future JDK release
Warning: Nashorn engine is planned to be removed from a future JDK release
Warning: Nashorn engine is planned to be removed from a future JDK release
Warning: Nashorn engine is planned to be removed from a future JDK release
Warning: Nashorn engine is planned to be removed from a future JDK release
Warning: Nashorn engine is planned to be removed from a future JDK release
Warning: Nashorn engine is planned to be removed from a future JDK release
Warning: Nashorn engine is planned to be removed from a future JDK release
Warning: Nashorn engine is planned to be removed from a future JDK release
Warning: Nashorn engine is planned to be removed from a future JDK release
Warning: Nashorn engine is planned to be removed from a future JDK release
[atomic-processor-1] INFO com.github.sarxos.webcam.ds.cgt.WebcamOpenTask - Opening webcam Dummy Webcam 0
Warning: Nashorn engine is planned to be removed from a future JDK release
Warning: Nashorn engine is planned to be removed from a future JDK release
WARNING: Invoking send() too late (probably in a callback), so Camera is not able to send the token {type="class ptolemy.data.AWTImageToken", width="640", height="480"} to the output image. Token is discarded.
[atomic-processor-1] INFO com.github.sarxos.webcam.ds.cgt.WebcamCloseTask - Closing Dummy Webcam 0
WARNING: Camera: Model stopped before executing actions (e.g. producing outputs) scheduled for execution at times [20.155, 22.098000000000003, 20.461000000000002, 21.589000000000002, 21.792, 21.283, 22.311, 21.072, 21.487000000000002, 21.996000000000002, 20.766000000000002, 19.747, 20.053, 22.2, 20.359, 20.562, 21.894000000000002, 21.385, 20.868000000000002, 20.971, 22.517, 20.664, 19.645, 19.951, 20.257, 22.415, 21.69, 21.181, 19.849]
Warning: Nashorn engine is planned to be removed from a future JDK release
Warning: Nashorn engine is planned to be removed from a future JDK release
Warning: Nashorn engine is planned to be removed from a future JDK release
Warning: Nashorn engine is planned to be removed from a future JDK release
Warning: Nashorn engine is planned to be removed from a future JDK release
Warning: Nashorn engine is planned to be removed from a future JDK release
Warning: Nashorn engine is planned to be removed from a future JDK release
Warning: Nashorn engine is planned to be removed from a future JDK release
Warning: Nashorn engine is planned to be removed from a future JDK release
Warning: Nashorn engine is planned to be removed from a future JDK release
Warning: Nashorn engine is planned to be removed from a future JDK release
Warning: Nashorn engine is planned to be removed from a future JDK release
Warning: Nashorn engine is planned to be removed from a future JDK release
Warning: Nashorn engine is planned to be removed from a future JDK release
[atomic-processor-1] INFO com.github.sarxos.webcam.ds.cgt.WebcamOpenTask - Opening webcam Dummy Webcam 0
Warning: Nashorn engine is planned to be removed from a future JDK release
Warning: Nashorn engine is planned to be removed from a future JDK release
[atomic-processor-1] INFO com.github.sarxos.webcam.ds.cgt.WebcamCloseTask - Closing Dummy Webcam 0
Warning: Nashorn engine is planned to be removed from a future JDK release
Warning: Nashorn engine is planned to be removed from a future JDK release
Warning: Nashorn engine is planned to be removed from a future JDK release
Warning: Nashorn engine is planned to be removed from a future JDK release
Warning: Nashorn engine is planned to be removed from a future JDK release
Warning: Nashorn engine is planned to be removed from a future JDK release
Warning: Nashorn engine is planned to be removed from a future JDK release
Warning: Nashorn engine is planned to be removed from a future JDK release
Warning: Nashorn engine is planned to be removed from a future JDK release
Warning: Nashorn engine is planned to be removed from a future JDK release
Warning: Nashorn engine is planned to be removed from a future JDK release
Warning: Nashorn engine is planned to be removed from a future JDK release
Warning: Nashorn engine is planned to be removed from a future JDK release
Warning: Nashorn engine is planned to be removed from a future JDK release
[atomic-processor-1] INFO com.github.sarxos.webcam.ds.cgt.WebcamOpenTask - Opening webcam Dummy Webcam 0
Warning: Nashorn engine is planned to be removed from a future JDK release
Warning: Nashorn engine is planned to be removed from a future JDK release
[atomic-processor-1] INFO com.github.sarxos.webcam.ds.cgt.WebcamCloseTask - Closing Dummy Webcam 0
WARNING: Camera: Model stopped before executing actions (e.g. producing outputs) scheduled for execution at times [20.578, 20.271, 20.067, 20.891000000000002, 20.476, 20.993000000000002, 21.136, 20.374000000000002, 20.784000000000002, 20.68, 21.246000000000002, 20.169, 21.355]
Warning: Nashorn engine is planned to be removed from a future JDK release
Warning: Nashorn engine is planned to be removed from a future JDK release
Warning: Nashorn engine is planned to be removed from a future JDK release
Warning: Nashorn engine is planned to be removed from a future JDK release
Warning: Nashorn engine is planned to be removed from a future JDK release
Warning: Nashorn engine is planned to be removed from a future JDK release
Warning: Nashorn engine is planned to be removed from a future JDK release
Warning: Nashorn engine is planned to be removed from a future JDK release
Warning: Nashorn engine is planned to be removed from a future JDK release
Warning: Nashorn engine is planned to be removed from a future JDK release
Warning: Nashorn engine is planned to be removed from a future JDK release
Warning: Nashorn engine is planned to be removed from a future JDK release
Warning: Nashorn engine is planned to be removed from a future JDK release
Warning: Nashorn engine is planned to be removed from a future JDK release
[atomic-processor-1] INFO com.github.sarxos.webcam.ds.cgt.WebcamOpenTask - Opening webcam Dummy Webcam 0
Warning: Nashorn engine is planned to be removed from a future JDK release
Warning: Nashorn engine is planned to be removed from a future JDK release
[atomic-processor-1] INFO com.github.sarxos.webcam.ds.cgt.WebcamCloseTask - Closing Dummy Webcam 0
Warning: Nashorn engine is planned to be removed from a future JDK release
Warning: Nashorn engine is planned to be removed from a future JDK release
Warning: Nashorn engine is planned to be removed from a future JDK release
Warning: Nashorn engine is planned to be removed from a future JDK release
Warning: Nashorn engine is planned to be removed from a future JDK release
Warning: Nashorn engine is planned to be removed from a future JDK release
Warning: Nashorn engine is planned to be removed from a future JDK release
Warning: Nashorn engine is planned to be removed from a future JDK release
Warning: Nashorn engine is planned to be removed from a future JDK release
Warning: Nashorn engine is planned to be removed from a future JDK release
Warning: Nashorn engine is planned to be removed from a future JDK release
Warning: Nashorn engine is planned to be removed from a future JDK release
Warning: Nashorn engine is planned to be removed from a future JDK release
Warning: Nashorn engine is planned to be removed from a future JDK release
[atomic-processor-1] INFO com.github.sarxos.webcam.ds.cgt.WebcamOpenTask - Opening webcam Dummy Webcam 0
Warning: Nashorn engine is planned to be removed from a future JDK release
Warning: Nashorn engine is planned to be removed from a future JDK release
[atomic-processor-1] INFO com.github.sarxos.webcam.ds.cgt.WebcamCloseTask - Closing Dummy Webcam 0
Warning: Nashorn engine is planned to be removed from a future JDK release
Warning: Nashorn engine is planned to be removed from a future JDK release
Warning: Nashorn engine is planned to be removed from a future JDK release
Warning: Nashorn engine is planned to be removed from a future JDK release
Warning: Nashorn engine is planned to be removed from a future JDK release
Warning: Nashorn engine is planned to be removed from a future JDK release
Warning: Nashorn engine is planned to be removed from a future JDK release
Warning: Nashorn engine is planned to be removed from a future JDK release
Warning: Nashorn engine is planned to be removed from a future JDK release
Warning: Nashorn engine is planned to be removed from a future JDK release
Warning: Nashorn engine is planned to be removed from a future JDK release
Warning: Nashorn engine is planned to be removed from a future JDK release
Warning: Nashorn engine is planned to be removed from a future JDK release
Warning: Nashorn engine is planned to be removed from a future JDK release
[atomic-processor-1] INFO com.github.sarxos.webcam.ds.cgt.WebcamOpenTask - Opening webcam Dummy Webcam 0
Warning: Nashorn engine is planned to be removed from a future JDK release
Warning: Nashorn engine is planned to be removed from a future JDK release
[atomic-processor-1] INFO com.github.sarxos.webcam.ds.cgt.WebcamCloseTask - Closing Dummy Webcam 0
Warning: Nashorn engine is planned to be removed from a future JDK release
Warning: Nashorn engine is planned to be removed from a future JDK release
Warning: Nashorn engine is planned to be removed from a future JDK release
Warning: Nashorn engine is planned to be removed from a future JDK release
Warning: Nashorn engine is planned to be removed from a future JDK release
Warning: Nashorn engine is planned to be removed from a future JDK release
Warning: Nashorn engine is planned to be removed from a future JDK release
Warning: Nashorn engine is planned to be removed from a future JDK release
Warning: Nashorn engine is planned to be removed from a future JDK release
Warning: Nashorn engine is planned to be removed from a future JDK release
Warning: Nashorn engine is planned to be removed from a future JDK release
Warning: Nashorn engine is planned to be removed from a future JDK release
Warning: Nashorn engine is planned to be removed from a future JDK release
Warning: Nashorn engine is planned to be removed from a future JDK release
[atomic-processor-1] INFO com.github.sarxos.webcam.ds.cgt.WebcamOpenTask - Opening webcam Dummy Webcam 0
Warning: Nashorn engine is planned to be removed from a future JDK release
Warning: Nashorn engine is planned to be removed from a future JDK release
WARNING: Invoking send() too late (probably in a callback), so Camera is not able to send the token {type="class ptolemy.data.AWTImageToken", width="640", height="480"} to the output image. Token is discarded.
[atomic-processor-1] INFO com.github.sarxos.webcam.ds.cgt.WebcamCloseTask - Closing Dummy Webcam 0
WARNING: Camera: Model stopped before executing actions (e.g. producing outputs) scheduled for execution at times [20.019000000000002, 20.129, 20.35, 20.240000000000002]
Warning: Nashorn engine is planned to be removed from a future JDK release
Warning: Nashorn engine is planned to be removed from a future JDK release
Warning: Nashorn engine is planned to be removed from a future JDK release
Warning: Nashorn engine is planned to be removed from a future JDK release
Warning: Nashorn engine is planned to be removed from a future JDK release
Warning: Nashorn engine is planned to be removed from a future JDK release
Warning: Nashorn engine is planned to be removed from a future JDK release
Warning: Nashorn engine is planned to be removed from a future JDK release
Warning: Nashorn engine is planned to be removed from a future JDK release
Warning: Nashorn engine is planned to be removed from a future JDK release
Warning: Nashorn engine is planned to be removed from a future JDK release
Warning: Nashorn engine is planned to be removed from a future JDK release
Warning: Nashorn engine is planned to be removed from a future JDK release
Warning: Nashorn engine is planned to be removed from a future JDK release
[atomic-processor-1] INFO com.github.sarxos.webcam.ds.cgt.WebcamOpenTask - Opening webcam Dummy Webcam 0
Warning: Nashorn engine is planned to be removed from a future JDK release
Warning: Nashorn engine is planned to be removed from a future JDK release
[atomic-processor-1] INFO com.github.sarxos.webcam.ds.cgt.WebcamCloseTask - Closing Dummy Webcam 0
]]></system-err>
</testsuite>
