<?xml version="1.0" encoding="UTF-8" ?>
<testsuite errors="0" failures="0" hostname="travis-job-db9b9e0b-3ccf-44e3-bd0c-04bd37b29ef8" name="ptolemy.domains.sdf.lib.test.junit.JUnitTclTest" skipped="0" tests="82" time="10.999" timestamp="2018-06-13T14:40:03">
  <properties>
[...]
</properties>
  <testcase classname="ptolemy.util.test.junit.TclTests" name="[0] /home/travis/build/icyphy/ptII/ptolemy/domains/sdf/lib/test/ArrayToSequence.tcl (RunTclFile)" time="0.569" />
  <testcase classname="ptolemy.util.test.junit.TclTests" name="[1] /home/travis/build/icyphy/ptII/ptolemy/domains/sdf/lib/test/BitsToInt.tcl (RunTclFile)" time="0.065" />
  <testcase classname="ptolemy.util.test.junit.TclTests" name="[2] /home/travis/build/icyphy/ptII/ptolemy/domains/sdf/lib/test/DelayLine.tcl (RunTclFile)" time="0.049" />
  <testcase classname="ptolemy.util.test.junit.TclTests" name="[3] /home/travis/build/icyphy/ptII/ptolemy/domains/sdf/lib/test/FFT.tcl (RunTclFile)" time="0.034" />
  <testcase classname="ptolemy.util.test.junit.TclTests" name="[4] /home/travis/build/icyphy/ptII/ptolemy/domains/sdf/lib/test/FIR.tcl (RunTclFile)" time="0.105" />
  <testcase classname="ptolemy.util.test.junit.TclTests" name="[5] /home/travis/build/icyphy/ptII/ptolemy/domains/sdf/lib/test/IntToBits.tcl (RunTclFile)" time="0.044" />
  <testcase classname="ptolemy.util.test.junit.TclTests" name="[6] /home/travis/build/icyphy/ptII/ptolemy/domains/sdf/lib/test/MaximumEntropySpectrum.tcl (RunTclFile)" time="0.258" />
  <testcase classname="ptolemy.util.test.junit.TclTests" name="[7] /home/travis/build/icyphy/ptII/ptolemy/domains/sdf/lib/test/Repeat.tcl (RunTclFile)" time="0.045" />
  <testcase classname="ptolemy.util.test.junit.TclTests" name="[8] /home/travis/build/icyphy/ptII/ptolemy/domains/sdf/lib/test/SampleDelay.tcl (RunTclFile)" time="0.088" />
  <testcase classname="ptolemy.util.test.junit.TclTests" name="[9] /home/travis/build/icyphy/ptII/ptolemy/domains/sdf/lib/test/SequenceToArray.tcl (RunTclFile)" time="0.085" />
  <testcase classname="ptolemy.util.test.junit.AutoKnownFailedTests" name="[0] ThereAreNoKnowFailedTests (RunModel)" time="0.009" />
  <testcase classname="ptolemy.util.test.junit.AutoNameArchTests" name="[0] ThereAreNoAutoArchTests (RunModel)" time="0.001" />
  <testcase classname="ptolemy.util.test.junit.AutoTests" name="[0] /home/travis/build/icyphy/ptII/ptolemy/domains/sdf/lib/test/auto/ArrayToSequence.xml (RunModel)" time="0.195" />
  <testcase classname="ptolemy.util.test.junit.AutoTests" name="[1] /home/travis/build/icyphy/ptII/ptolemy/domains/sdf/lib/test/auto/ArrayToSequenceTest.xml (RunModel)" time="0.074" />
  <testcase classname="ptolemy.util.test.junit.AutoTests" name="[2] /home/travis/build/icyphy/ptII/ptolemy/domains/sdf/lib/test/auto/Autocorrelation.xml (RunModel)" time="0.032" />
  <testcase classname="ptolemy.util.test.junit.AutoTests" name="[3] /home/travis/build/icyphy/ptII/ptolemy/domains/sdf/lib/test/auto/Autocorrelation2.xml (RunModel)" time="0.061" />
  <testcase classname="ptolemy.util.test.junit.AutoTests" name="[4] /home/travis/build/icyphy/ptII/ptolemy/domains/sdf/lib/test/auto/Autocorrelation3.xml (RunModel)" time="0.048" />
  <testcase classname="ptolemy.util.test.junit.AutoTests" name="[5] /home/travis/build/icyphy/ptII/ptolemy/domains/sdf/lib/test/auto/Autocorrelation4.xml (RunModel)" time="0.022" />
  <testcase classname="ptolemy.util.test.junit.AutoTests" name="[6] /home/travis/build/icyphy/ptII/ptolemy/domains/sdf/lib/test/auto/Autocorrelation5.xml (RunModel)" time="0.093" />
  <testcase classname="ptolemy.util.test.junit.AutoTests" name="[7] /home/travis/build/icyphy/ptII/ptolemy/domains/sdf/lib/test/auto/BitsToInt.xml (RunModel)" time="0.046" />
  <testcase classname="ptolemy.util.test.junit.AutoTests" name="[8] /home/travis/build/icyphy/ptII/ptolemy/domains/sdf/lib/test/auto/BooleanJoin.xml (RunModel)" time="0.057" />
  <testcase classname="ptolemy.util.test.junit.AutoTests" name="[9] /home/travis/build/icyphy/ptII/ptolemy/domains/sdf/lib/test/auto/BootstrapSampleDelay.xml (RunModel)" time="0.044" />
  <testcase classname="ptolemy.util.test.junit.AutoTests" name="[10] /home/travis/build/icyphy/ptII/ptolemy/domains/sdf/lib/test/auto/Chop.xml (RunModel)" time="0.082" />
  <testcase classname="ptolemy.util.test.junit.AutoTests" name="[11] /home/travis/build/icyphy/ptII/ptolemy/domains/sdf/lib/test/auto/Chop2.xml (RunModel)" time="0.052" />
  <testcase classname="ptolemy.util.test.junit.AutoTests" name="[12] /home/travis/build/icyphy/ptII/ptolemy/domains/sdf/lib/test/auto/ComplexJoin.xml (RunModel)" time="0.041" />
  <testcase classname="ptolemy.util.test.junit.AutoTests" name="[13] /home/travis/build/icyphy/ptII/ptolemy/domains/sdf/lib/test/auto/CountTrues.xml (RunModel)" time="0.041" />
  <testcase classname="ptolemy.util.test.junit.AutoTests" name="[14] /home/travis/build/icyphy/ptII/ptolemy/domains/sdf/lib/test/auto/DelayLine.xml (RunModel)" time="0.045" />
  <testcase classname="ptolemy.util.test.junit.AutoTests" name="[15] /home/travis/build/icyphy/ptII/ptolemy/domains/sdf/lib/test/auto/DotProduct.xml (RunModel)" time="0.029" />
  <testcase classname="ptolemy.util.test.junit.AutoTests" name="[16] /home/travis/build/icyphy/ptII/ptolemy/domains/sdf/lib/test/auto/DotProductMatrix.xml (RunModel)" time="0.029" />
  <testcase classname="ptolemy.util.test.junit.AutoTests" name="[17] /home/travis/build/icyphy/ptII/ptolemy/domains/sdf/lib/test/auto/DownSample1.xml (RunModel)" time="0.025" />
  <testcase classname="ptolemy.util.test.junit.AutoTests" name="[18] /home/travis/build/icyphy/ptII/ptolemy/domains/sdf/lib/test/auto/DynamicRateChange.xml (RunModel)" time="0.037" />
  <testcase classname="ptolemy.util.test.junit.AutoTests" name="[19] /home/travis/build/icyphy/ptII/ptolemy/domains/sdf/lib/test/auto/DynamicRates.xml (RunModel)" time="0.04" />
  <testcase classname="ptolemy.util.test.junit.AutoTests" name="[20] /home/travis/build/icyphy/ptII/ptolemy/domains/sdf/lib/test/auto/FFT1.xml (RunModel)" time="0.06" />
  <testcase classname="ptolemy.util.test.junit.AutoTests" name="[21] /home/travis/build/icyphy/ptII/ptolemy/domains/sdf/lib/test/auto/FIR1.xml (RunModel)" time="0.104" />
  <testcase classname="ptolemy.util.test.junit.AutoTests" name="[22] /home/travis/build/icyphy/ptII/ptolemy/domains/sdf/lib/test/auto/FIR2.xml (RunModel)" time="0.025" />
  <testcase classname="ptolemy.util.test.junit.AutoTests" name="[23] /home/travis/build/icyphy/ptII/ptolemy/domains/sdf/lib/test/auto/FIR4.xml (RunModel)" time="0.047" />
  <testcase classname="ptolemy.util.test.junit.AutoTests" name="[24] /home/travis/build/icyphy/ptII/ptolemy/domains/sdf/lib/test/auto/FixJoin.xml (RunModel)" time="0.043" />
  <testcase classname="ptolemy.util.test.junit.AutoTests" name="[25] /home/travis/build/icyphy/ptII/ptolemy/domains/sdf/lib/test/auto/IntJoin1.xml (RunModel)" time="0.021" />
  <testcase classname="ptolemy.util.test.junit.AutoTests" name="[26] /home/travis/build/icyphy/ptII/ptolemy/domains/sdf/lib/test/auto/IntJoin2.xml (RunModel)" time="0.025" />
  <testcase classname="ptolemy.util.test.junit.AutoTests" name="[27] /home/travis/build/icyphy/ptII/ptolemy/domains/sdf/lib/test/auto/IntJoin3.xml (RunModel)" time="0.028" />
  <testcase classname="ptolemy.util.test.junit.AutoTests" name="[28] /home/travis/build/icyphy/ptII/ptolemy/domains/sdf/lib/test/auto/IntJoin4.xml (RunModel)" time="0.025" />
  <testcase classname="ptolemy.util.test.junit.AutoTests" name="[29] /home/travis/build/icyphy/ptII/ptolemy/domains/sdf/lib/test/auto/IntJoin5.xml (RunModel)" time="0.024" />
  <testcase classname="ptolemy.util.test.junit.AutoTests" name="[30] /home/travis/build/icyphy/ptII/ptolemy/domains/sdf/lib/test/auto/IntToBits.xml (RunModel)" time="0.021" />
  <testcase classname="ptolemy.util.test.junit.AutoTests" name="[31] /home/travis/build/icyphy/ptII/ptolemy/domains/sdf/lib/test/auto/LMSAdaptive.xml (RunModel)" time="0.068" />
  <testcase classname="ptolemy.util.test.junit.AutoTests" name="[32] /home/travis/build/icyphy/ptII/ptolemy/domains/sdf/lib/test/auto/LMSAdaptiveFIR.xml (RunModel)" time="0.473" />
  <testcase classname="ptolemy.util.test.junit.AutoTests" name="[33] /home/travis/build/icyphy/ptII/ptolemy/domains/sdf/lib/test/auto/LMSAdaptiveFIR2.xml (RunModel)" time="0.599" />
  <testcase classname="ptolemy.util.test.junit.AutoTests" name="[34] /home/travis/build/icyphy/ptII/ptolemy/domains/sdf/lib/test/auto/LongJoin.xml (RunModel)" time="0.034" />
  <testcase classname="ptolemy.util.test.junit.AutoTests" name="[35] /home/travis/build/icyphy/ptII/ptolemy/domains/sdf/lib/test/auto/Matrix1.xml (RunModel)" time="0.02" />
  <testcase classname="ptolemy.util.test.junit.AutoTests" name="[36] /home/travis/build/icyphy/ptII/ptolemy/domains/sdf/lib/test/auto/Matrix2.xml (RunModel)" time="0.022" />
  <testcase classname="ptolemy.util.test.junit.AutoTests" name="[37] /home/travis/build/icyphy/ptII/ptolemy/domains/sdf/lib/test/auto/MatrixJoin1.xml (RunModel)" time="0.042" />
  <testcase classname="ptolemy.util.test.junit.AutoTests" name="[38] /home/travis/build/icyphy/ptII/ptolemy/domains/sdf/lib/test/auto/MatrixJoin2.xml (RunModel)" time="0.026" />
  <testcase classname="ptolemy.util.test.junit.AutoTests" name="[39] /home/travis/build/icyphy/ptII/ptolemy/domains/sdf/lib/test/auto/MatrixJoin3.xml (RunModel)" time="0.031" />
  <testcase classname="ptolemy.util.test.junit.AutoTests" name="[40] /home/travis/build/icyphy/ptII/ptolemy/domains/sdf/lib/test/auto/MatrixJoin4.xml (RunModel)" time="0.024" />
  <testcase classname="ptolemy.util.test.junit.AutoTests" name="[41] /home/travis/build/icyphy/ptII/ptolemy/domains/sdf/lib/test/auto/MatrixJoin5.xml (RunModel)" time="0.029" />
  <testcase classname="ptolemy.util.test.junit.AutoTests" name="[42] /home/travis/build/icyphy/ptII/ptolemy/domains/sdf/lib/test/auto/MatrixSplit1.xml (RunModel)" time="0.035" />
  <testcase classname="ptolemy.util.test.junit.AutoTests" name="[43] /home/travis/build/icyphy/ptII/ptolemy/domains/sdf/lib/test/auto/MatrixSplit10.xml (RunModel)" time="0.028" />
  <testcase classname="ptolemy.util.test.junit.AutoTests" name="[44] /home/travis/build/icyphy/ptII/ptolemy/domains/sdf/lib/test/auto/MatrixSplit11.xml (RunModel)" time="0.02" />
  <testcase classname="ptolemy.util.test.junit.AutoTests" name="[45] /home/travis/build/icyphy/ptII/ptolemy/domains/sdf/lib/test/auto/MatrixSplit12.xml (RunModel)" time="0.021" />
  <testcase classname="ptolemy.util.test.junit.AutoTests" name="[46] /home/travis/build/icyphy/ptII/ptolemy/domains/sdf/lib/test/auto/MatrixSplit13.xml (RunModel)" time="0.028" />
  <testcase classname="ptolemy.util.test.junit.AutoTests" name="[47] /home/travis/build/icyphy/ptII/ptolemy/domains/sdf/lib/test/auto/MatrixSplit14.xml (RunModel)" time="0.019" />
  <testcase classname="ptolemy.util.test.junit.AutoTests" name="[48] /home/travis/build/icyphy/ptII/ptolemy/domains/sdf/lib/test/auto/MatrixSplit2.xml (RunModel)" time="0.021" />
  <testcase classname="ptolemy.util.test.junit.AutoTests" name="[49] /home/travis/build/icyphy/ptII/ptolemy/domains/sdf/lib/test/auto/MatrixSplit3.xml (RunModel)" time="0.031" />
  <testcase classname="ptolemy.util.test.junit.AutoTests" name="[50] /home/travis/build/icyphy/ptII/ptolemy/domains/sdf/lib/test/auto/MatrixSplit4.xml (RunModel)" time="0.026" />
  <testcase classname="ptolemy.util.test.junit.AutoTests" name="[51] /home/travis/build/icyphy/ptII/ptolemy/domains/sdf/lib/test/auto/MatrixSplit5.xml (RunModel)" time="0.016" />
  <testcase classname="ptolemy.util.test.junit.AutoTests" name="[52] /home/travis/build/icyphy/ptII/ptolemy/domains/sdf/lib/test/auto/MatrixSplit6.xml (RunModel)" time="0.031" />
  <testcase classname="ptolemy.util.test.junit.AutoTests" name="[53] /home/travis/build/icyphy/ptII/ptolemy/domains/sdf/lib/test/auto/MatrixSplit7.xml (RunModel)" time="0.019" />
  <testcase classname="ptolemy.util.test.junit.AutoTests" name="[54] /home/travis/build/icyphy/ptII/ptolemy/domains/sdf/lib/test/auto/MatrixSplit8.xml (RunModel)" time="0.019" />
  <testcase classname="ptolemy.util.test.junit.AutoTests" name="[55] /home/travis/build/icyphy/ptII/ptolemy/domains/sdf/lib/test/auto/MatrixSplit9.xml (RunModel)" time="0.032" />
  <testcase classname="ptolemy.util.test.junit.AutoTests" name="[56] /home/travis/build/icyphy/ptII/ptolemy/domains/sdf/lib/test/auto/MatrixToSequence.xml (RunModel)" time="0.045" />
  <testcase classname="ptolemy.util.test.junit.AutoTests" name="[57] /home/travis/build/icyphy/ptII/ptolemy/domains/sdf/lib/test/auto/MaximumEntropySpectrum.xml (RunModel)" time="0.104" />
  <testcase classname="ptolemy.util.test.junit.AutoTests" name="[58] /home/travis/build/icyphy/ptII/ptolemy/domains/sdf/lib/test/auto/SampleDelayConversion.xml (RunModel)" time="0.024" />
  <testcase classname="ptolemy.util.test.junit.AutoTests" name="[59] /home/travis/build/icyphy/ptII/ptolemy/domains/sdf/lib/test/auto/SequenceToArray.xml (RunModel)" time="0.05" />
  <testcase classname="ptolemy.util.test.junit.AutoTests" name="[60] /home/travis/build/icyphy/ptII/ptolemy/domains/sdf/lib/test/auto/SequenceToMatrix.xml (RunModel)" time="5.31" />
  <testcase classname="ptolemy.util.test.junit.AutoTests" name="[61] /home/travis/build/icyphy/ptII/ptolemy/domains/sdf/lib/test/auto/SmoothedPeriodogram.xml (RunModel)" time="0.075" />
  <testcase classname="ptolemy.util.test.junit.AutoTests" name="[62] /home/travis/build/icyphy/ptII/ptolemy/domains/sdf/lib/test/auto/UpDownSample1.xml (RunModel)" time="0.024" />
  <testcase classname="ptolemy.util.test.junit.AutoTests" name="[63] /home/travis/build/icyphy/ptII/ptolemy/domains/sdf/lib/test/auto/UpSample1.xml (RunModel)" time="0.021" />
  <testcase classname="ptolemy.util.test.junit.AutoTests" name="[64] /home/travis/build/icyphy/ptII/ptolemy/domains/sdf/lib/test/auto/VariableFIR.xml (RunModel)" time="0.038" />
  <testcase classname="ptolemy.util.test.junit.AutoTests" name="[65] /home/travis/build/icyphy/ptII/ptolemy/domains/sdf/lib/test/auto/VariableFIR2.xml (RunModel)" time="0.033" />
  <testcase classname="ptolemy.util.test.junit.AutoTests" name="[66] /home/travis/build/icyphy/ptII/ptolemy/domains/sdf/lib/test/auto/VariableLattice.xml (RunModel)" time="0.04" />
  <testcase classname="ptolemy.util.test.junit.AutoTests" name="[67] /home/travis/build/icyphy/ptII/ptolemy/domains/sdf/lib/test/auto/VariableLattice2.xml (RunModel)" time="0.021" />
  <testcase classname="ptolemy.util.test.junit.AutoTests" name="[68] /home/travis/build/icyphy/ptII/ptolemy/domains/sdf/lib/test/auto/VariableRecursiveLattice.xml (RunModel)" time="0.028" />
  <testcase classname="ptolemy.util.test.junit.AutoTests" name="[69] /home/travis/build/icyphy/ptII/ptolemy/domains/sdf/lib/test/auto/VariableRecursiveLattice2.xml (RunModel)" time="0.022" />
  <system-out><![CDATA[/home/travis/build/icyphy/ptII/ptolemy/domains/sdf/lib/test/ArrayToSequence.tcl
testDefs.tcl: setting time out to 9000 seconds at Wed Jun 13 14:40:03 UTC 2018
63 ms. Memory: 116224K Free: 85716K (74%)
9 ms. Memory: 116224K Free: 110135K (95%)
25 ms. Memory: 116224K Free: 107689K (93%)
13 ms. Memory: 116224K Free: 106470K (92%)
/home/travis/build/icyphy/ptII/ptolemy/domains/sdf/lib/test/BitsToInt.tcl
10 ms. Memory: 116224K Free: 104660K (90%)
17 ms. Memory: 116224K Free: 102852K (88%)
/home/travis/build/icyphy/ptII/ptolemy/domains/sdf/lib/test/DelayLine.tcl
13 ms. Memory: 116224K Free: 101003K (87%)
/home/travis/build/icyphy/ptII/ptolemy/domains/sdf/lib/test/FFT.tcl
10 ms. Memory: 116224K Free: 99174K (85%)
/home/travis/build/icyphy/ptII/ptolemy/domains/sdf/lib/test/FIR.tcl
7 ms. Memory: 116224K Free: 97374K (84%)
8 ms. Memory: 116224K Free: 96146K (83%)
ptolemy.kernel.util.IllegalActionException: multiplyReverse method not supported between ptolemy.data.FixToken 'fix(-0.0625,6,2)' and ptolemy.data.IntToken '1' because the types are incomparable.
  in .top.FIRclone
Because:
multiplyReverse method not supported between ptolemy.data.FixToken 'fix(-0.0625,6,2)' and ptolemy.data.IntToken '1' because the types are incomparable.
27 ms. Memory: 116224K Free: 93724K (81%)
/home/travis/build/icyphy/ptII/ptolemy/domains/sdf/lib/test/IntToBits.tcl
8 ms. Memory: 116224K Free: 92513K (80%)
5 ms. Memory: 116224K Free: 90704K (78%)
/home/travis/build/icyphy/ptII/ptolemy/domains/sdf/lib/test/MaximumEntropySpectrum.tcl
/home/travis/build/icyphy/ptII/ptolemy/domains/sdf/lib/test/Repeat.tcl
7 ms. Memory: 116224K Free: 91446K (79%)
/home/travis/build/icyphy/ptII/ptolemy/domains/sdf/lib/test/SampleDelay.tcl
10 ms. Memory: 116224K Free: 89025K (77%)
4 ms. Memory: 116224K Free: 88381K (76%)
3 ms. Memory: 116224K Free: 87762K (76%)
14 ms. Memory: 116224K Free: 86555K (74%)
3 ms. Memory: 116224K Free: 85951K (74%)
1 ms. Memory: 116224K Free: 85951K (74%)
/home/travis/build/icyphy/ptII/ptolemy/domains/sdf/lib/test/SequenceToArray.tcl
10 ms. Memory: 116224K Free: 84141K (72%)
4 ms. Memory: 116224K Free: 82918K (71%)
6 ms. Memory: 116224K Free: 81711K (70%)
22 ms. Memory: 116224K Free: 110888K (95%)
06/13/18 02:40:04
Failed: 0  Total Tests: 41  ((Passed: 41, Newly Passed: 0)  Known Failed: 0) /home/travis/build/icyphy/ptII/ptolemy/domains/sdf/lib/test
No auto/knownFailedTests/*.xml tests in /home/travis/build/icyphy/ptII/ptolemy/domains/sdf/lib/test
No auto/linux-amd64/*.xml tests in /home/travis/build/icyphy/ptII/ptolemy/domains/sdf/lib/test
AutoTests.java: About to close Vertx.
AutoTests.java: Vertx closed.

===========================================================================================
----------------- testing Wed Jun 13 14:40:05 UTC 2018 /home/travis/build/icyphy/ptII/ptolemy/domains/sdf/lib/test/auto/ArrayToSequence.xml
----------------- Instantiating /home/travis/build/icyphy/ptII/ptolemy/domains/sdf/lib/test/auto/ArrayToSequence.xml
27 ms. Memory: 146944K Free: 130668K (89%)
----------------- Invoking toplevel() on ptolemy.moml.MoMLSimpleApplication@56452bf3
----------------- Done invoking toplevel() on ptolemy.moml.MoMLSimpleApplication@56452bf3
reloadAllAccessors: .ArrayToSequence

===========================================================================================
----------------- testing Wed Jun 13 14:40:05 UTC 2018 /home/travis/build/icyphy/ptII/ptolemy/domains/sdf/lib/test/auto/ArrayToSequenceTest.xml
----------------- Instantiating /home/travis/build/icyphy/ptII/ptolemy/domains/sdf/lib/test/auto/ArrayToSequenceTest.xml
16 ms. Memory: 146944K Free: 122875K (84%)
----------------- Invoking toplevel() on ptolemy.moml.MoMLSimpleApplication@6a1eb0ed
----------------- Done invoking toplevel() on ptolemy.moml.MoMLSimpleApplication@6a1eb0ed
reloadAllAccessors: .ArrayToSequenceTest

===========================================================================================
----------------- testing Wed Jun 13 14:40:05 UTC 2018 /home/travis/build/icyphy/ptII/ptolemy/domains/sdf/lib/test/auto/Autocorrelation.xml
----------------- Instantiating /home/travis/build/icyphy/ptII/ptolemy/domains/sdf/lib/test/auto/Autocorrelation.xml
5 ms. Memory: 146944K Free: 118289K (80%)
----------------- Invoking toplevel() on ptolemy.moml.MoMLSimpleApplication@205ae469
----------------- Done invoking toplevel() on ptolemy.moml.MoMLSimpleApplication@205ae469
reloadAllAccessors: .Autocorrelation

===========================================================================================
----------------- testing Wed Jun 13 14:40:05 UTC 2018 /home/travis/build/icyphy/ptII/ptolemy/domains/sdf/lib/test/auto/Autocorrelation2.xml
----------------- Instantiating /home/travis/build/icyphy/ptII/ptolemy/domains/sdf/lib/test/auto/Autocorrelation2.xml
12 ms. Memory: 146944K Free: 113357K (77%)
----------------- Invoking toplevel() on ptolemy.moml.MoMLSimpleApplication@3932e196
----------------- Done invoking toplevel() on ptolemy.moml.MoMLSimpleApplication@3932e196
reloadAllAccessors: .Autocorrelation2

===========================================================================================
----------------- testing Wed Jun 13 14:40:05 UTC 2018 /home/travis/build/icyphy/ptII/ptolemy/domains/sdf/lib/test/auto/Autocorrelation3.xml
----------------- Instantiating /home/travis/build/icyphy/ptII/ptolemy/domains/sdf/lib/test/auto/Autocorrelation3.xml
3 ms. Memory: 146944K Free: 108086K (74%)
----------------- Invoking toplevel() on ptolemy.moml.MoMLSimpleApplication@4418d2c3
----------------- Done invoking toplevel() on ptolemy.moml.MoMLSimpleApplication@4418d2c3
reloadAllAccessors: .Autocorrelation3

===========================================================================================
----------------- testing Wed Jun 13 14:40:05 UTC 2018 /home/travis/build/icyphy/ptII/ptolemy/domains/sdf/lib/test/auto/Autocorrelation4.xml
----------------- Instantiating /home/travis/build/icyphy/ptII/ptolemy/domains/sdf/lib/test/auto/Autocorrelation4.xml
4 ms. Memory: 146944K Free: 103507K (70%)
----------------- Invoking toplevel() on ptolemy.moml.MoMLSimpleApplication@656d5f61
----------------- Done invoking toplevel() on ptolemy.moml.MoMLSimpleApplication@656d5f61
reloadAllAccessors: .Autocorrelation4

===========================================================================================
----------------- testing Wed Jun 13 14:40:05 UTC 2018 /home/travis/build/icyphy/ptII/ptolemy/domains/sdf/lib/test/auto/Autocorrelation5.xml
----------------- Instantiating /home/travis/build/icyphy/ptII/ptolemy/domains/sdf/lib/test/auto/Autocorrelation5.xml
58 ms. Memory: 146944K Free: 96054K (65%)
----------------- Invoking toplevel() on ptolemy.moml.MoMLSimpleApplication@ba56cbf
----------------- Done invoking toplevel() on ptolemy.moml.MoMLSimpleApplication@ba56cbf
reloadAllAccessors: .Autocorrelation5

===========================================================================================
----------------- testing Wed Jun 13 14:40:05 UTC 2018 /home/travis/build/icyphy/ptII/ptolemy/domains/sdf/lib/test/auto/BitsToInt.xml
----------------- Instantiating /home/travis/build/icyphy/ptII/ptolemy/domains/sdf/lib/test/auto/BitsToInt.xml
5 ms. Memory: 146944K Free: 91674K (62%)
----------------- Invoking toplevel() on ptolemy.moml.MoMLSimpleApplication@1f61889e
----------------- Done invoking toplevel() on ptolemy.moml.MoMLSimpleApplication@1f61889e
reloadAllAccessors: .BitsToInt

===========================================================================================
----------------- testing Wed Jun 13 14:40:05 UTC 2018 /home/travis/build/icyphy/ptII/ptolemy/domains/sdf/lib/test/auto/BooleanJoin.xml
----------------- Instantiating /home/travis/build/icyphy/ptII/ptolemy/domains/sdf/lib/test/auto/BooleanJoin.xml
7 ms. Memory: 146944K Free: 87072K (59%)
----------------- Invoking toplevel() on ptolemy.moml.MoMLSimpleApplication@22426599
----------------- Done invoking toplevel() on ptolemy.moml.MoMLSimpleApplication@22426599
reloadAllAccessors: .BooleanJoin

===========================================================================================
----------------- testing Wed Jun 13 14:40:05 UTC 2018 /home/travis/build/icyphy/ptII/ptolemy/domains/sdf/lib/test/auto/BootstrapSampleDelay.xml
----------------- Instantiating /home/travis/build/icyphy/ptII/ptolemy/domains/sdf/lib/test/auto/BootstrapSampleDelay.xml
9 ms. Memory: 146944K Free: 83337K (57%)
----------------- Invoking toplevel() on ptolemy.moml.MoMLSimpleApplication@da6ec32
----------------- Done invoking toplevel() on ptolemy.moml.MoMLSimpleApplication@da6ec32
reloadAllAccessors: .BootstrapSampleDelay

===========================================================================================
----------------- testing Wed Jun 13 14:40:05 UTC 2018 /home/travis/build/icyphy/ptII/ptolemy/domains/sdf/lib/test/auto/Chop.xml
----------------- Instantiating /home/travis/build/icyphy/ptII/ptolemy/domains/sdf/lib/test/auto/Chop.xml
13 ms. Memory: 146944K Free: 135377K (92%)
----------------- Invoking toplevel() on ptolemy.moml.MoMLSimpleApplication@7b3cfa86
----------------- Done invoking toplevel() on ptolemy.moml.MoMLSimpleApplication@7b3cfa86
reloadAllAccessors: .Chop

===========================================================================================
----------------- testing Wed Jun 13 14:40:05 UTC 2018 /home/travis/build/icyphy/ptII/ptolemy/domains/sdf/lib/test/auto/Chop2.xml
----------------- Instantiating /home/travis/build/icyphy/ptII/ptolemy/domains/sdf/lib/test/auto/Chop2.xml
11 ms. Memory: 146944K Free: 128241K (87%)
----------------- Invoking toplevel() on ptolemy.moml.MoMLSimpleApplication@4e748e22
----------------- Done invoking toplevel() on ptolemy.moml.MoMLSimpleApplication@4e748e22
reloadAllAccessors: .Chop2

===========================================================================================
----------------- testing Wed Jun 13 14:40:06 UTC 2018 /home/travis/build/icyphy/ptII/ptolemy/domains/sdf/lib/test/auto/ComplexJoin.xml
----------------- Instantiating /home/travis/build/icyphy/ptII/ptolemy/domains/sdf/lib/test/auto/ComplexJoin.xml
8 ms. Memory: 146944K Free: 123655K (84%)
----------------- Invoking toplevel() on ptolemy.moml.MoMLSimpleApplication@7b5f0c2
----------------- Done invoking toplevel() on ptolemy.moml.MoMLSimpleApplication@7b5f0c2
reloadAllAccessors: .ComplexJoin

===========================================================================================
----------------- testing Wed Jun 13 14:40:06 UTC 2018 /home/travis/build/icyphy/ptII/ptolemy/domains/sdf/lib/test/auto/CountTrues.xml
----------------- Instantiating /home/travis/build/icyphy/ptII/ptolemy/domains/sdf/lib/test/auto/CountTrues.xml
10 ms. Memory: 146944K Free: 119507K (81%)
----------------- Invoking toplevel() on ptolemy.moml.MoMLSimpleApplication@55ce336c
----------------- Done invoking toplevel() on ptolemy.moml.MoMLSimpleApplication@55ce336c
reloadAllAccessors: .CountTrues

===========================================================================================
----------------- testing Wed Jun 13 14:40:06 UTC 2018 /home/travis/build/icyphy/ptII/ptolemy/domains/sdf/lib/test/auto/DelayLine.xml
----------------- Instantiating /home/travis/build/icyphy/ptII/ptolemy/domains/sdf/lib/test/auto/DelayLine.xml
8 ms. Memory: 146944K Free: 113612K (77%)
----------------- Invoking toplevel() on ptolemy.moml.MoMLSimpleApplication@4f968ffe
----------------- Done invoking toplevel() on ptolemy.moml.MoMLSimpleApplication@4f968ffe
reloadAllAccessors: .DelayLine

===========================================================================================
----------------- testing Wed Jun 13 14:40:06 UTC 2018 /home/travis/build/icyphy/ptII/ptolemy/domains/sdf/lib/test/auto/DotProduct.xml
----------------- Instantiating /home/travis/build/icyphy/ptII/ptolemy/domains/sdf/lib/test/auto/DotProduct.xml
4 ms. Memory: 146944K Free: 109523K (75%)
----------------- Invoking toplevel() on ptolemy.moml.MoMLSimpleApplication@11d154f4
----------------- Done invoking toplevel() on ptolemy.moml.MoMLSimpleApplication@11d154f4
reloadAllAccessors: .DotProduct

===========================================================================================
----------------- testing Wed Jun 13 14:40:06 UTC 2018 /home/travis/build/icyphy/ptII/ptolemy/domains/sdf/lib/test/auto/DotProductMatrix.xml
----------------- Instantiating /home/travis/build/icyphy/ptII/ptolemy/domains/sdf/lib/test/auto/DotProductMatrix.xml
5 ms. Memory: 146944K Free: 106246K (72%)
----------------- Invoking toplevel() on ptolemy.moml.MoMLSimpleApplication@1d8397bc
----------------- Done invoking toplevel() on ptolemy.moml.MoMLSimpleApplication@1d8397bc
reloadAllAccessors: .DotProductMatrix

===========================================================================================
----------------- testing Wed Jun 13 14:40:06 UTC 2018 /home/travis/build/icyphy/ptII/ptolemy/domains/sdf/lib/test/auto/DownSample1.xml
----------------- Instantiating /home/travis/build/icyphy/ptII/ptolemy/domains/sdf/lib/test/auto/DownSample1.xml
2 ms. Memory: 146944K Free: 102114K (69%)
----------------- Invoking toplevel() on ptolemy.moml.MoMLSimpleApplication@7491049c
----------------- Done invoking toplevel() on ptolemy.moml.MoMLSimpleApplication@7491049c
reloadAllAccessors: .DownSample1

===========================================================================================
----------------- testing Wed Jun 13 14:40:06 UTC 2018 /home/travis/build/icyphy/ptII/ptolemy/domains/sdf/lib/test/auto/DynamicRateChange.xml
----------------- Instantiating /home/travis/build/icyphy/ptII/ptolemy/domains/sdf/lib/test/auto/DynamicRateChange.xml
13 ms. Memory: 146944K Free: 95953K (65%)
----------------- Invoking toplevel() on ptolemy.moml.MoMLSimpleApplication@4abd290f
----------------- Done invoking toplevel() on ptolemy.moml.MoMLSimpleApplication@4abd290f
reloadAllAccessors: .DynamicRateChange

===========================================================================================
----------------- testing Wed Jun 13 14:40:06 UTC 2018 /home/travis/build/icyphy/ptII/ptolemy/domains/sdf/lib/test/auto/DynamicRates.xml
----------------- Instantiating /home/travis/build/icyphy/ptII/ptolemy/domains/sdf/lib/test/auto/DynamicRates.xml
12 ms. Memory: 146944K Free: 89821K (61%)
----------------- Invoking toplevel() on ptolemy.moml.MoMLSimpleApplication@40ba27ac
----------------- Done invoking toplevel() on ptolemy.moml.MoMLSimpleApplication@40ba27ac
reloadAllAccessors: .DynamicRates

===========================================================================================
----------------- testing Wed Jun 13 14:40:06 UTC 2018 /home/travis/build/icyphy/ptII/ptolemy/domains/sdf/lib/test/auto/FFT1.xml
----------------- Instantiating /home/travis/build/icyphy/ptII/ptolemy/domains/sdf/lib/test/auto/FFT1.xml
14 ms. Memory: 146944K Free: 85242K (58%)
----------------- Invoking toplevel() on ptolemy.moml.MoMLSimpleApplication@6a483320
----------------- Done invoking toplevel() on ptolemy.moml.MoMLSimpleApplication@6a483320
reloadAllAccessors: .FFT1

===========================================================================================
----------------- testing Wed Jun 13 14:40:06 UTC 2018 /home/travis/build/icyphy/ptII/ptolemy/domains/sdf/lib/test/auto/FIR1.xml
----------------- Instantiating /home/travis/build/icyphy/ptII/ptolemy/domains/sdf/lib/test/auto/FIR1.xml
41 ms. Memory: 210432K Free: 201763K (96%)
----------------- Invoking toplevel() on ptolemy.moml.MoMLSimpleApplication@5ffc772d
----------------- Done invoking toplevel() on ptolemy.moml.MoMLSimpleApplication@5ffc772d
reloadAllAccessors: .FIR1

===========================================================================================
----------------- testing Wed Jun 13 14:40:06 UTC 2018 /home/travis/build/icyphy/ptII/ptolemy/domains/sdf/lib/test/auto/FIR2.xml
----------------- Instantiating /home/travis/build/icyphy/ptII/ptolemy/domains/sdf/lib/test/auto/FIR2.xml
4 ms. Memory: 210432K Free: 196530K (93%)
----------------- Invoking toplevel() on ptolemy.moml.MoMLSimpleApplication@1719a7dc
----------------- Done invoking toplevel() on ptolemy.moml.MoMLSimpleApplication@1719a7dc
reloadAllAccessors: .FIR2

===========================================================================================
----------------- testing Wed Jun 13 14:40:06 UTC 2018 /home/travis/build/icyphy/ptII/ptolemy/domains/sdf/lib/test/auto/FIR4.xml
----------------- Instantiating /home/travis/build/icyphy/ptII/ptolemy/domains/sdf/lib/test/auto/FIR4.xml
7 ms. Memory: 210432K Free: 187880K (89%)
----------------- Invoking toplevel() on ptolemy.moml.MoMLSimpleApplication@33248c86
----------------- Done invoking toplevel() on ptolemy.moml.MoMLSimpleApplication@33248c86
reloadAllAccessors: .FIR4

===========================================================================================
----------------- testing Wed Jun 13 14:40:06 UTC 2018 /home/travis/build/icyphy/ptII/ptolemy/domains/sdf/lib/test/auto/FixJoin.xml
----------------- Instantiating /home/travis/build/icyphy/ptII/ptolemy/domains/sdf/lib/test/auto/FixJoin.xml
4 ms. Memory: 210432K Free: 181911K (86%)
----------------- Invoking toplevel() on ptolemy.moml.MoMLSimpleApplication@1457ebfe
----------------- Done invoking toplevel() on ptolemy.moml.MoMLSimpleApplication@1457ebfe
reloadAllAccessors: .FixJoin

===========================================================================================
----------------- testing Wed Jun 13 14:40:06 UTC 2018 /home/travis/build/icyphy/ptII/ptolemy/domains/sdf/lib/test/auto/IntJoin1.xml
----------------- Instantiating /home/travis/build/icyphy/ptII/ptolemy/domains/sdf/lib/test/auto/IntJoin1.xml
3 ms. Memory: 210432K Free: 177577K (84%)
----------------- Invoking toplevel() on ptolemy.moml.MoMLSimpleApplication@4141c6a2
----------------- Done invoking toplevel() on ptolemy.moml.MoMLSimpleApplication@4141c6a2
reloadAllAccessors: .IntJoin1

===========================================================================================
----------------- testing Wed Jun 13 14:40:06 UTC 2018 /home/travis/build/icyphy/ptII/ptolemy/domains/sdf/lib/test/auto/IntJoin2.xml
----------------- Instantiating /home/travis/build/icyphy/ptII/ptolemy/domains/sdf/lib/test/auto/IntJoin2.xml
5 ms. Memory: 210432K Free: 172646K (82%)
----------------- Invoking toplevel() on ptolemy.moml.MoMLSimpleApplication@5bf7b2fb
----------------- Done invoking toplevel() on ptolemy.moml.MoMLSimpleApplication@5bf7b2fb
reloadAllAccessors: .IntJoin2

===========================================================================================
----------------- testing Wed Jun 13 14:40:06 UTC 2018 /home/travis/build/icyphy/ptII/ptolemy/domains/sdf/lib/test/auto/IntJoin3.xml
----------------- Instantiating /home/travis/build/icyphy/ptII/ptolemy/domains/sdf/lib/test/auto/IntJoin3.xml
4 ms. Memory: 210432K Free: 166701K (79%)
----------------- Invoking toplevel() on ptolemy.moml.MoMLSimpleApplication@2c4e98a2
----------------- Done invoking toplevel() on ptolemy.moml.MoMLSimpleApplication@2c4e98a2
reloadAllAccessors: .IntJoin3

===========================================================================================
----------------- testing Wed Jun 13 14:40:06 UTC 2018 /home/travis/build/icyphy/ptII/ptolemy/domains/sdf/lib/test/auto/IntJoin4.xml
----------------- Instantiating /home/travis/build/icyphy/ptII/ptolemy/domains/sdf/lib/test/auto/IntJoin4.xml
5 ms. Memory: 210432K Free: 162352K (77%)
----------------- Invoking toplevel() on ptolemy.moml.MoMLSimpleApplication@1bb3a87
----------------- Done invoking toplevel() on ptolemy.moml.MoMLSimpleApplication@1bb3a87
reloadAllAccessors: .IntJoin4

===========================================================================================
----------------- testing Wed Jun 13 14:40:06 UTC 2018 /home/travis/build/icyphy/ptII/ptolemy/domains/sdf/lib/test/auto/IntJoin5.xml
----------------- Instantiating /home/travis/build/icyphy/ptII/ptolemy/domains/sdf/lib/test/auto/IntJoin5.xml
1 ms. Memory: 210432K Free: 157428K (75%)
----------------- Invoking toplevel() on ptolemy.moml.MoMLSimpleApplication@628a0d64
----------------- Done invoking toplevel() on ptolemy.moml.MoMLSimpleApplication@628a0d64
reloadAllAccessors: .IntJoin5

===========================================================================================
----------------- testing Wed Jun 13 14:40:06 UTC 2018 /home/travis/build/icyphy/ptII/ptolemy/domains/sdf/lib/test/auto/IntToBits.xml
----------------- Instantiating /home/travis/build/icyphy/ptII/ptolemy/domains/sdf/lib/test/auto/IntToBits.xml
10 ms. Memory: 210432K Free: 153335K (73%)
----------------- Invoking toplevel() on ptolemy.moml.MoMLSimpleApplication@21817a23
----------------- Done invoking toplevel() on ptolemy.moml.MoMLSimpleApplication@21817a23
reloadAllAccessors: .IntToBits

===========================================================================================
----------------- testing Wed Jun 13 14:40:06 UTC 2018 /home/travis/build/icyphy/ptII/ptolemy/domains/sdf/lib/test/auto/LMSAdaptive.xml
----------------- Instantiating /home/travis/build/icyphy/ptII/ptolemy/domains/sdf/lib/test/auto/LMSAdaptive.xml
14 ms. Memory: 210432K Free: 144685K (69%)
----------------- Invoking toplevel() on ptolemy.moml.MoMLSimpleApplication@4826da65
----------------- Done invoking toplevel() on ptolemy.moml.MoMLSimpleApplication@4826da65
reloadAllAccessors: .LMSAdaptive

===========================================================================================
----------------- testing Wed Jun 13 14:40:06 UTC 2018 /home/travis/build/icyphy/ptII/ptolemy/domains/sdf/lib/test/auto/LMSAdaptiveFIR.xml
----------------- Instantiating /home/travis/build/icyphy/ptII/ptolemy/domains/sdf/lib/test/auto/LMSAdaptiveFIR.xml
366 ms. Memory: 210432K Free: 104293K (50%)
----------------- Invoking toplevel() on ptolemy.moml.MoMLSimpleApplication@c5a35c1
----------------- Done invoking toplevel() on ptolemy.moml.MoMLSimpleApplication@c5a35c1
reloadAllAccessors: .LMSAdaptiveFIR

===========================================================================================
----------------- testing Wed Jun 13 14:40:07 UTC 2018 /home/travis/build/icyphy/ptII/ptolemy/domains/sdf/lib/test/auto/LMSAdaptiveFIR2.xml
----------------- Instantiating /home/travis/build/icyphy/ptII/ptolemy/domains/sdf/lib/test/auto/LMSAdaptiveFIR2.xml
495 ms. Memory: 210432K Free: 165566K (79%)
----------------- Invoking toplevel() on ptolemy.moml.MoMLSimpleApplication@73dfed89
----------------- Done invoking toplevel() on ptolemy.moml.MoMLSimpleApplication@73dfed89
reloadAllAccessors: .LMSAdaptiveFIR2

===========================================================================================
----------------- testing Wed Jun 13 14:40:07 UTC 2018 /home/travis/build/icyphy/ptII/ptolemy/domains/sdf/lib/test/auto/LongJoin.xml
----------------- Instantiating /home/travis/build/icyphy/ptII/ptolemy/domains/sdf/lib/test/auto/LongJoin.xml
6 ms. Memory: 210432K Free: 160006K (76%)
----------------- Invoking toplevel() on ptolemy.moml.MoMLSimpleApplication@3fd733b7
----------------- Done invoking toplevel() on ptolemy.moml.MoMLSimpleApplication@3fd733b7
reloadAllAccessors: .LongJoin

===========================================================================================
----------------- testing Wed Jun 13 14:40:07 UTC 2018 /home/travis/build/icyphy/ptII/ptolemy/domains/sdf/lib/test/auto/Matrix1.xml
----------------- Instantiating /home/travis/build/icyphy/ptII/ptolemy/domains/sdf/lib/test/auto/Matrix1.xml
3 ms. Memory: 210432K Free: 154963K (74%)
----------------- Invoking toplevel() on ptolemy.moml.MoMLSimpleApplication@5e9f2df4
----------------- Done invoking toplevel() on ptolemy.moml.MoMLSimpleApplication@5e9f2df4
reloadAllAccessors: .Matrix1

===========================================================================================
----------------- testing Wed Jun 13 14:40:07 UTC 2018 /home/travis/build/icyphy/ptII/ptolemy/domains/sdf/lib/test/auto/Matrix2.xml
----------------- Instantiating /home/travis/build/icyphy/ptII/ptolemy/domains/sdf/lib/test/auto/Matrix2.xml
4 ms. Memory: 210432K Free: 150614K (72%)
----------------- Invoking toplevel() on ptolemy.moml.MoMLSimpleApplication@29a955ec
----------------- Done invoking toplevel() on ptolemy.moml.MoMLSimpleApplication@29a955ec
reloadAllAccessors: .Matrix2

===========================================================================================
----------------- testing Wed Jun 13 14:40:07 UTC 2018 /home/travis/build/icyphy/ptII/ptolemy/domains/sdf/lib/test/auto/MatrixJoin1.xml
----------------- Instantiating /home/travis/build/icyphy/ptII/ptolemy/domains/sdf/lib/test/auto/MatrixJoin1.xml
4 ms. Memory: 210432K Free: 144988K (69%)
----------------- Invoking toplevel() on ptolemy.moml.MoMLSimpleApplication@1fbca476
----------------- Done invoking toplevel() on ptolemy.moml.MoMLSimpleApplication@1fbca476
reloadAllAccessors: .MatrixJoin1

===========================================================================================
----------------- testing Wed Jun 13 14:40:08 UTC 2018 /home/travis/build/icyphy/ptII/ptolemy/domains/sdf/lib/test/auto/MatrixJoin2.xml
----------------- Instantiating /home/travis/build/icyphy/ptII/ptolemy/domains/sdf/lib/test/auto/MatrixJoin2.xml
5 ms. Memory: 210432K Free: 140049K (67%)
----------------- Invoking toplevel() on ptolemy.moml.MoMLSimpleApplication@3c948c63
----------------- Done invoking toplevel() on ptolemy.moml.MoMLSimpleApplication@3c948c63
reloadAllAccessors: .MatrixJoin2

===========================================================================================
----------------- testing Wed Jun 13 14:40:08 UTC 2018 /home/travis/build/icyphy/ptII/ptolemy/domains/sdf/lib/test/auto/MatrixJoin3.xml
----------------- Instantiating /home/travis/build/icyphy/ptII/ptolemy/domains/sdf/lib/test/auto/MatrixJoin3.xml
4 ms. Memory: 210432K Free: 134423K (64%)
----------------- Invoking toplevel() on ptolemy.moml.MoMLSimpleApplication@14b785af
----------------- Done invoking toplevel() on ptolemy.moml.MoMLSimpleApplication@14b785af
reloadAllAccessors: .MatrixJoin3

===========================================================================================
----------------- testing Wed Jun 13 14:40:08 UTC 2018 /home/travis/build/icyphy/ptII/ptolemy/domains/sdf/lib/test/auto/MatrixJoin4.xml
----------------- Instantiating /home/travis/build/icyphy/ptII/ptolemy/domains/sdf/lib/test/auto/MatrixJoin4.xml
2 ms. Memory: 210432K Free: 130106K (62%)
----------------- Invoking toplevel() on ptolemy.moml.MoMLSimpleApplication@49f9c9ad
----------------- Done invoking toplevel() on ptolemy.moml.MoMLSimpleApplication@49f9c9ad
reloadAllAccessors: .MatrixJoin4

===========================================================================================
----------------- testing Wed Jun 13 14:40:08 UTC 2018 /home/travis/build/icyphy/ptII/ptolemy/domains/sdf/lib/test/auto/MatrixJoin5.xml
----------------- Instantiating /home/travis/build/icyphy/ptII/ptolemy/domains/sdf/lib/test/auto/MatrixJoin5.xml
2 ms. Memory: 210432K Free: 125063K (59%)
----------------- Invoking toplevel() on ptolemy.moml.MoMLSimpleApplication@619bc7ea
----------------- Done invoking toplevel() on ptolemy.moml.MoMLSimpleApplication@619bc7ea
reloadAllAccessors: .MatrixJoin5

===========================================================================================
----------------- testing Wed Jun 13 14:40:08 UTC 2018 /home/travis/build/icyphy/ptII/ptolemy/domains/sdf/lib/test/auto/MatrixSplit1.xml
----------------- Instantiating /home/travis/build/icyphy/ptII/ptolemy/domains/sdf/lib/test/auto/MatrixSplit1.xml
5 ms. Memory: 210432K Free: 119421K (57%)
----------------- Invoking toplevel() on ptolemy.moml.MoMLSimpleApplication@462c3203
----------------- Done invoking toplevel() on ptolemy.moml.MoMLSimpleApplication@462c3203
reloadAllAccessors: .MatrixSplit1

===========================================================================================
----------------- testing Wed Jun 13 14:40:08 UTC 2018 /home/travis/build/icyphy/ptII/ptolemy/domains/sdf/lib/test/auto/MatrixSplit10.xml
----------------- Instantiating /home/travis/build/icyphy/ptII/ptolemy/domains/sdf/lib/test/auto/MatrixSplit10.xml
6 ms. Memory: 210432K Free: 115120K (55%)
----------------- Invoking toplevel() on ptolemy.moml.MoMLSimpleApplication@46593ff
----------------- Done invoking toplevel() on ptolemy.moml.MoMLSimpleApplication@46593ff
reloadAllAccessors: .MatrixSplit10

===========================================================================================
----------------- testing Wed Jun 13 14:40:08 UTC 2018 /home/travis/build/icyphy/ptII/ptolemy/domains/sdf/lib/test/auto/MatrixSplit11.xml
----------------- Instantiating /home/travis/build/icyphy/ptII/ptolemy/domains/sdf/lib/test/auto/MatrixSplit11.xml
2 ms. Memory: 210432K Free: 110707K (53%)
----------------- Invoking toplevel() on ptolemy.moml.MoMLSimpleApplication@49daafab
----------------- Done invoking toplevel() on ptolemy.moml.MoMLSimpleApplication@49daafab
reloadAllAccessors: .MatrixSplit11

===========================================================================================
----------------- testing Wed Jun 13 14:40:08 UTC 2018 /home/travis/build/icyphy/ptII/ptolemy/domains/sdf/lib/test/auto/MatrixSplit12.xml
----------------- Instantiating /home/travis/build/icyphy/ptII/ptolemy/domains/sdf/lib/test/auto/MatrixSplit12.xml
2 ms. Memory: 210432K Free: 107004K (51%)
----------------- Invoking toplevel() on ptolemy.moml.MoMLSimpleApplication@6ff08f
----------------- Done invoking toplevel() on ptolemy.moml.MoMLSimpleApplication@6ff08f
reloadAllAccessors: .MatrixSplit12

===========================================================================================
----------------- testing Wed Jun 13 14:40:08 UTC 2018 /home/travis/build/icyphy/ptII/ptolemy/domains/sdf/lib/test/auto/MatrixSplit13.xml
----------------- Instantiating /home/travis/build/icyphy/ptII/ptolemy/domains/sdf/lib/test/auto/MatrixSplit13.xml
3 ms. Memory: 210432K Free: 102607K (49%)
----------------- Invoking toplevel() on ptolemy.moml.MoMLSimpleApplication@68bbec25
----------------- Done invoking toplevel() on ptolemy.moml.MoMLSimpleApplication@68bbec25
reloadAllAccessors: .MatrixSplit13

===========================================================================================
----------------- testing Wed Jun 13 14:40:08 UTC 2018 /home/travis/build/icyphy/ptII/ptolemy/domains/sdf/lib/test/auto/MatrixSplit14.xml
----------------- Instantiating /home/travis/build/icyphy/ptII/ptolemy/domains/sdf/lib/test/auto/MatrixSplit14.xml
2 ms. Memory: 210432K Free: 98226K (47%)
----------------- Invoking toplevel() on ptolemy.moml.MoMLSimpleApplication@74e5fc50
----------------- Done invoking toplevel() on ptolemy.moml.MoMLSimpleApplication@74e5fc50
reloadAllAccessors: .MatrixSplit14

===========================================================================================
----------------- testing Wed Jun 13 14:40:08 UTC 2018 /home/travis/build/icyphy/ptII/ptolemy/domains/sdf/lib/test/auto/MatrixSplit2.xml
----------------- Instantiating /home/travis/build/icyphy/ptII/ptolemy/domains/sdf/lib/test/auto/MatrixSplit2.xml
3 ms. Memory: 210432K Free: 94523K (45%)
----------------- Invoking toplevel() on ptolemy.moml.MoMLSimpleApplication@175fab03
----------------- Done invoking toplevel() on ptolemy.moml.MoMLSimpleApplication@175fab03
reloadAllAccessors: .MatrixSplit2

===========================================================================================
----------------- testing Wed Jun 13 14:40:08 UTC 2018 /home/travis/build/icyphy/ptII/ptolemy/domains/sdf/lib/test/auto/MatrixSplit3.xml
----------------- Instantiating /home/travis/build/icyphy/ptII/ptolemy/domains/sdf/lib/test/auto/MatrixSplit3.xml
6 ms. Memory: 210432K Free: 90142K (43%)
----------------- Invoking toplevel() on ptolemy.moml.MoMLSimpleApplication@550f08e6
----------------- Done invoking toplevel() on ptolemy.moml.MoMLSimpleApplication@550f08e6
reloadAllAccessors: .MatrixSplit3

===========================================================================================
----------------- testing Wed Jun 13 14:40:08 UTC 2018 /home/travis/build/icyphy/ptII/ptolemy/domains/sdf/lib/test/auto/MatrixSplit4.xml
----------------- Instantiating /home/travis/build/icyphy/ptII/ptolemy/domains/sdf/lib/test/auto/MatrixSplit4.xml
7 ms. Memory: 210432K Free: 86440K (41%)
----------------- Invoking toplevel() on ptolemy.moml.MoMLSimpleApplication@77ce3ad9
----------------- Done invoking toplevel() on ptolemy.moml.MoMLSimpleApplication@77ce3ad9
reloadAllAccessors: .MatrixSplit4

===========================================================================================
----------------- testing Wed Jun 13 14:40:08 UTC 2018 /home/travis/build/icyphy/ptII/ptolemy/domains/sdf/lib/test/auto/MatrixSplit5.xml
----------------- Instantiating /home/travis/build/icyphy/ptII/ptolemy/domains/sdf/lib/test/auto/MatrixSplit5.xml
2 ms. Memory: 210432K Free: 82059K (39%)
----------------- Invoking toplevel() on ptolemy.moml.MoMLSimpleApplication@2c49ef36
----------------- Done invoking toplevel() on ptolemy.moml.MoMLSimpleApplication@2c49ef36
reloadAllAccessors: .MatrixSplit5

===========================================================================================
----------------- testing Wed Jun 13 14:40:08 UTC 2018 /home/travis/build/icyphy/ptII/ptolemy/domains/sdf/lib/test/auto/MatrixSplit6.xml
----------------- Instantiating /home/travis/build/icyphy/ptII/ptolemy/domains/sdf/lib/test/auto/MatrixSplit6.xml
10 ms. Memory: 333312K Free: 324968K (97%)
----------------- Invoking toplevel() on ptolemy.moml.MoMLSimpleApplication@6a0faaf2
----------------- Done invoking toplevel() on ptolemy.moml.MoMLSimpleApplication@6a0faaf2
reloadAllAccessors: .MatrixSplit6

===========================================================================================
----------------- testing Wed Jun 13 14:40:08 UTC 2018 /home/travis/build/icyphy/ptII/ptolemy/domains/sdf/lib/test/auto/MatrixSplit7.xml
----------------- Instantiating /home/travis/build/icyphy/ptII/ptolemy/domains/sdf/lib/test/auto/MatrixSplit7.xml
1 ms. Memory: 333312K Free: 318275K (95%)
----------------- Invoking toplevel() on ptolemy.moml.MoMLSimpleApplication@1588c921
----------------- Done invoking toplevel() on ptolemy.moml.MoMLSimpleApplication@1588c921
reloadAllAccessors: .MatrixSplit7

===========================================================================================
----------------- testing Wed Jun 13 14:40:08 UTC 2018 /home/travis/build/icyphy/ptII/ptolemy/domains/sdf/lib/test/auto/MatrixSplit8.xml
----------------- Instantiating /home/travis/build/icyphy/ptII/ptolemy/domains/sdf/lib/test/auto/MatrixSplit8.xml
2 ms. Memory: 333312K Free: 313370K (94%)
----------------- Invoking toplevel() on ptolemy.moml.MoMLSimpleApplication@63114a66
----------------- Done invoking toplevel() on ptolemy.moml.MoMLSimpleApplication@63114a66
reloadAllAccessors: .MatrixSplit8

===========================================================================================
----------------- testing Wed Jun 13 14:40:08 UTC 2018 /home/travis/build/icyphy/ptII/ptolemy/domains/sdf/lib/test/auto/MatrixSplit9.xml
----------------- Instantiating /home/travis/build/icyphy/ptII/ptolemy/domains/sdf/lib/test/auto/MatrixSplit9.xml
2 ms. Memory: 333312K Free: 307461K (92%)
----------------- Invoking toplevel() on ptolemy.moml.MoMLSimpleApplication@4eca194d
----------------- Done invoking toplevel() on ptolemy.moml.MoMLSimpleApplication@4eca194d
reloadAllAccessors: .MatrixSplit9

===========================================================================================
----------------- testing Wed Jun 13 14:40:08 UTC 2018 /home/travis/build/icyphy/ptII/ptolemy/domains/sdf/lib/test/auto/MatrixToSequence.xml
----------------- Instantiating /home/travis/build/icyphy/ptII/ptolemy/domains/sdf/lib/test/auto/MatrixToSequence.xml
5 ms. Memory: 333312K Free: 297651K (89%)
----------------- Invoking toplevel() on ptolemy.moml.MoMLSimpleApplication@2e525b85
----------------- Done invoking toplevel() on ptolemy.moml.MoMLSimpleApplication@2e525b85
reloadAllAccessors: .MatrixToSequence

===========================================================================================
----------------- testing Wed Jun 13 14:40:08 UTC 2018 /home/travis/build/icyphy/ptII/ptolemy/domains/sdf/lib/test/auto/MaximumEntropySpectrum.xml
----------------- Instantiating /home/travis/build/icyphy/ptII/ptolemy/domains/sdf/lib/test/auto/MaximumEntropySpectrum.xml
12 ms. Memory: 333312K Free: 273345K (82%)
----------------- Invoking toplevel() on ptolemy.moml.MoMLSimpleApplication@426883b3
----------------- Done invoking toplevel() on ptolemy.moml.MoMLSimpleApplication@426883b3
reloadAllAccessors: .MaximumEntropySpectrum

===========================================================================================
----------------- testing Wed Jun 13 14:40:08 UTC 2018 /home/travis/build/icyphy/ptII/ptolemy/domains/sdf/lib/test/auto/SampleDelayConversion.xml
----------------- Instantiating /home/travis/build/icyphy/ptII/ptolemy/domains/sdf/lib/test/auto/SampleDelayConversion.xml
3 ms. Memory: 333312K Free: 268440K (81%)
----------------- Invoking toplevel() on ptolemy.moml.MoMLSimpleApplication@1bd5a878
----------------- Done invoking toplevel() on ptolemy.moml.MoMLSimpleApplication@1bd5a878
reloadAllAccessors: .SampleDelayConversion

===========================================================================================
----------------- testing Wed Jun 13 14:40:08 UTC 2018 /home/travis/build/icyphy/ptII/ptolemy/domains/sdf/lib/test/auto/SequenceToArray.xml
----------------- Instantiating /home/travis/build/icyphy/ptII/ptolemy/domains/sdf/lib/test/auto/SequenceToArray.xml
10 ms. Memory: 333312K Free: 254951K (76%)
----------------- Invoking toplevel() on ptolemy.moml.MoMLSimpleApplication@3541cd05
----------------- Done invoking toplevel() on ptolemy.moml.MoMLSimpleApplication@3541cd05
reloadAllAccessors: .SequenceToArray

===========================================================================================
----------------- testing Wed Jun 13 14:40:08 UTC 2018 /home/travis/build/icyphy/ptII/ptolemy/domains/sdf/lib/test/auto/SequenceToMatrix.xml
----------------- Instantiating /home/travis/build/icyphy/ptII/ptolemy/domains/sdf/lib/test/auto/SequenceToMatrix.xml
5281 ms. Memory: 480768K Free: 462739K (96%)
----------------- Invoking toplevel() on ptolemy.moml.MoMLSimpleApplication@bbc8662
----------------- Done invoking toplevel() on ptolemy.moml.MoMLSimpleApplication@bbc8662
reloadAllAccessors: .SequenceToMatrix

===========================================================================================
----------------- testing Wed Jun 13 14:40:14 UTC 2018 /home/travis/build/icyphy/ptII/ptolemy/domains/sdf/lib/test/auto/SmoothedPeriodogram.xml
----------------- Instantiating /home/travis/build/icyphy/ptII/ptolemy/domains/sdf/lib/test/auto/SmoothedPeriodogram.xml
16 ms. Memory: 480768K Free: 442845K (92%)
----------------- Invoking toplevel() on ptolemy.moml.MoMLSimpleApplication@3ce340c3
----------------- Done invoking toplevel() on ptolemy.moml.MoMLSimpleApplication@3ce340c3
reloadAllAccessors: .SmoothedPeriodogram

===========================================================================================
----------------- testing Wed Jun 13 14:40:14 UTC 2018 /home/travis/build/icyphy/ptII/ptolemy/domains/sdf/lib/test/auto/UpDownSample1.xml
----------------- Instantiating /home/travis/build/icyphy/ptII/ptolemy/domains/sdf/lib/test/auto/UpDownSample1.xml
2 ms. Memory: 480768K Free: 436962K (91%)
----------------- Invoking toplevel() on ptolemy.moml.MoMLSimpleApplication@75cf12b8
----------------- Done invoking toplevel() on ptolemy.moml.MoMLSimpleApplication@75cf12b8
reloadAllAccessors: .UpDownSample1

===========================================================================================
----------------- testing Wed Jun 13 14:40:14 UTC 2018 /home/travis/build/icyphy/ptII/ptolemy/domains/sdf/lib/test/auto/UpSample1.xml
----------------- Instantiating /home/travis/build/icyphy/ptII/ptolemy/domains/sdf/lib/test/auto/UpSample1.xml
2 ms. Memory: 480768K Free: 429993K (89%)
----------------- Invoking toplevel() on ptolemy.moml.MoMLSimpleApplication@7cd76754
----------------- Done invoking toplevel() on ptolemy.moml.MoMLSimpleApplication@7cd76754
reloadAllAccessors: .UpSample1

===========================================================================================
----------------- testing Wed Jun 13 14:40:14 UTC 2018 /home/travis/build/icyphy/ptII/ptolemy/domains/sdf/lib/test/auto/VariableFIR.xml
----------------- Instantiating /home/travis/build/icyphy/ptII/ptolemy/domains/sdf/lib/test/auto/VariableFIR.xml
11 ms. Memory: 480768K Free: 422150K (88%)
----------------- Invoking toplevel() on ptolemy.moml.MoMLSimpleApplication@1e791a4
----------------- Done invoking toplevel() on ptolemy.moml.MoMLSimpleApplication@1e791a4
reloadAllAccessors: .VariableFIR

===========================================================================================
----------------- testing Wed Jun 13 14:40:14 UTC 2018 /home/travis/build/icyphy/ptII/ptolemy/domains/sdf/lib/test/auto/VariableFIR2.xml
----------------- Instantiating /home/travis/build/icyphy/ptII/ptolemy/domains/sdf/lib/test/auto/VariableFIR2.xml
6 ms. Memory: 480768K Free: 414306K (86%)
----------------- Invoking toplevel() on ptolemy.moml.MoMLSimpleApplication@4b8e35b8
----------------- Done invoking toplevel() on ptolemy.moml.MoMLSimpleApplication@4b8e35b8
reloadAllAccessors: .VariableFIR2

===========================================================================================
----------------- testing Wed Jun 13 14:40:14 UTC 2018 /home/travis/build/icyphy/ptII/ptolemy/domains/sdf/lib/test/auto/VariableLattice.xml
----------------- Instantiating /home/travis/build/icyphy/ptII/ptolemy/domains/sdf/lib/test/auto/VariableLattice.xml
7 ms. Memory: 480768K Free: 405376K (84%)
----------------- Invoking toplevel() on ptolemy.moml.MoMLSimpleApplication@1e382e07
----------------- Done invoking toplevel() on ptolemy.moml.MoMLSimpleApplication@1e382e07
reloadAllAccessors: .VariableLattice

===========================================================================================
----------------- testing Wed Jun 13 14:40:14 UTC 2018 /home/travis/build/icyphy/ptII/ptolemy/domains/sdf/lib/test/auto/VariableLattice2.xml
----------------- Instantiating /home/travis/build/icyphy/ptII/ptolemy/domains/sdf/lib/test/auto/VariableLattice2.xml
1.0
-1.999999602036
1.9099998677481
-0.9099996420674
0.205
0.0
0.0
1.0
-0.25
-0.5
0.0
0.0
0.0
0.0
4 ms. Memory: 480768K Free: 399493K (83%)
----------------- Invoking toplevel() on ptolemy.moml.MoMLSimpleApplication@6a206d47
----------------- Done invoking toplevel() on ptolemy.moml.MoMLSimpleApplication@6a206d47
reloadAllAccessors: .VariableLattice2

===========================================================================================
----------------- testing Wed Jun 13 14:40:14 UTC 2018 /home/travis/build/icyphy/ptII/ptolemy/domains/sdf/lib/test/auto/VariableRecursiveLattice.xml
----------------- Instantiating /home/travis/build/icyphy/ptII/ptolemy/domains/sdf/lib/test/auto/VariableRecursiveLattice.xml
7 ms. Memory: 480768K Free: 392525K (82%)
----------------- Invoking toplevel() on ptolemy.moml.MoMLSimpleApplication@51f5648
----------------- Done invoking toplevel() on ptolemy.moml.MoMLSimpleApplication@51f5648
reloadAllAccessors: .VariableRecursiveLattice

===========================================================================================
----------------- testing Wed Jun 13 14:40:14 UTC 2018 /home/travis/build/icyphy/ptII/ptolemy/domains/sdf/lib/test/auto/VariableRecursiveLattice2.xml
----------------- Instantiating /home/travis/build/icyphy/ptII/ptolemy/domains/sdf/lib/test/auto/VariableRecursiveLattice2.xml
3 ms. Memory: 480768K Free: 386642K (80%)
----------------- Invoking toplevel() on ptolemy.moml.MoMLSimpleApplication@eb31ee0
----------------- Done invoking toplevel() on ptolemy.moml.MoMLSimpleApplication@eb31ee0
reloadAllAccessors: .VariableRecursiveLattice2
AutoTests.java: About to close Vertx.
AutoTests.java: Vertx closed.
]]></system-out>
  <system-err><![CDATA[]]></system-err>
</testsuite>
