<?xml version="1.0" encoding="UTF-8" ?>
<testsuite errors="0" failures="0" hostname="travis-job-fe4f3b6b-21e5-4d9f-98ea-8f837885d5ff" name="ptolemy.actor.lib.hoc.test.junit.JUnitTclTest" skipped="0" tests="58" time="30.445" timestamp="2020-02-01T06:54:55">
  <properties>
[...]
</properties>
  <testcase classname="ptolemy.util.test.junit.TclTests" name="[0] /home/travis/build/icyphy/ptII/ptolemy/actor/lib/hoc/test/IterateOverArray.tcl (RunTclFile)" time="0.285" />
  <testcase classname="ptolemy.util.test.junit.AutoKnownFailedTests" name="[0] /home/travis/build/icyphy/ptII/ptolemy/actor/lib/hoc/test/auto/knownFailedTests/PreinitializeMustBeInvokedRunComposite.xml (RunModel)" time="0.311" />
  <testcase classname="ptolemy.util.test.junit.AutoNameArchTests" name="[0] ThereAreNoAutoArchTests (RunModel)" time="0.003" />
  <testcase classname="ptolemy.util.test.junit.AutoTests" name="[0] /home/travis/build/icyphy/ptII/ptolemy/actor/lib/hoc/test/auto/AllToAllMultiInstanceComposite.xml (RunModel)" time="0.492" />
  <testcase classname="ptolemy.util.test.junit.AutoTests" name="[1] /home/travis/build/icyphy/ptII/ptolemy/actor/lib/hoc/test/auto/ApplyFFTTest.xml (RunModel)" time="0.381" />
  <testcase classname="ptolemy.util.test.junit.AutoTests" name="[2] /home/travis/build/icyphy/ptII/ptolemy/actor/lib/hoc/test/auto/ApplyFunction.xml (RunModel)" time="0.049" />
  <testcase classname="ptolemy.util.test.junit.AutoTests" name="[3] /home/travis/build/icyphy/ptII/ptolemy/actor/lib/hoc/test/auto/BackgroundExecution.xml (RunModel)" time="0.719" />
  <testcase classname="ptolemy.util.test.junit.AutoTests" name="[4] /home/travis/build/icyphy/ptII/ptolemy/actor/lib/hoc/test/auto/Case.xml (RunModel)" time="0.061" />
  <testcase classname="ptolemy.util.test.junit.AutoTests" name="[5] /home/travis/build/icyphy/ptII/ptolemy/actor/lib/hoc/test/auto/Case1.xml (RunModel)" time="0.063" />
  <testcase classname="ptolemy.util.test.junit.AutoTests" name="[6] /home/travis/build/icyphy/ptII/ptolemy/actor/lib/hoc/test/auto/Case2.xml (RunModel)" time="0.094" />
  <testcase classname="ptolemy.util.test.junit.AutoTests" name="[7] /home/travis/build/icyphy/ptII/ptolemy/actor/lib/hoc/test/auto/Case3.xml (RunModel)" time="0.032" />
  <testcase classname="ptolemy.util.test.junit.AutoTests" name="[8] /home/travis/build/icyphy/ptII/ptolemy/actor/lib/hoc/test/auto/Case4.xml (RunModel)" time="0.051" />
  <testcase classname="ptolemy.util.test.junit.AutoTests" name="[9] /home/travis/build/icyphy/ptII/ptolemy/actor/lib/hoc/test/auto/Case5.xml (RunModel)" time="0.069" />
  <testcase classname="ptolemy.util.test.junit.AutoTests" name="[10] /home/travis/build/icyphy/ptII/ptolemy/actor/lib/hoc/test/auto/Case6.xml (RunModel)" time="0.108" />
  <testcase classname="ptolemy.util.test.junit.AutoTests" name="[11] /home/travis/build/icyphy/ptII/ptolemy/actor/lib/hoc/test/auto/CaseString2.xml (RunModel)" time="0.055" />
  <testcase classname="ptolemy.util.test.junit.AutoTests" name="[12] /home/travis/build/icyphy/ptII/ptolemy/actor/lib/hoc/test/auto/CatchUpComposite1.xml (RunModel)" time="0.091" />
  <testcase classname="ptolemy.util.test.junit.AutoTests" name="[13] /home/travis/build/icyphy/ptII/ptolemy/actor/lib/hoc/test/auto/CatchUpComposite2.xml (RunModel)" time="0.069" />
  <testcase classname="ptolemy.util.test.junit.AutoTests" name="[14] /home/travis/build/icyphy/ptII/ptolemy/actor/lib/hoc/test/auto/CatchUpComposite3.xml (RunModel)" time="0.039" />
  <testcase classname="ptolemy.util.test.junit.AutoTests" name="[15] /home/travis/build/icyphy/ptII/ptolemy/actor/lib/hoc/test/auto/CatchUpComposite4.xml (RunModel)" time="0.032" />
  <testcase classname="ptolemy.util.test.junit.AutoTests" name="[16] /home/travis/build/icyphy/ptII/ptolemy/actor/lib/hoc/test/auto/CatchUpComposite5.xml (RunModel)" time="0.046" />
  <testcase classname="ptolemy.util.test.junit.AutoTests" name="[17] /home/travis/build/icyphy/ptII/ptolemy/actor/lib/hoc/test/auto/CatchUpComposite6.xml (RunModel)" time="0.127" />
  <testcase classname="ptolemy.util.test.junit.AutoTests" name="[18] /home/travis/build/icyphy/ptII/ptolemy/actor/lib/hoc/test/auto/CatchUpComposite7.xml (RunModel)" time="0.087" />
  <testcase classname="ptolemy.util.test.junit.AutoTests" name="[19] /home/travis/build/icyphy/ptII/ptolemy/actor/lib/hoc/test/auto/ConcurrentExecutionTimeSDF.xml (RunModel)" time="0.933" />
  <testcase classname="ptolemy.util.test.junit.AutoTests" name="[20] /home/travis/build/icyphy/ptII/ptolemy/actor/lib/hoc/test/auto/ConcurrentSleep.xml (RunModel)" time="0.762" />
  <testcase classname="ptolemy.util.test.junit.AutoTests" name="[21] /home/travis/build/icyphy/ptII/ptolemy/actor/lib/hoc/test/auto/DEInPNInRunCompositeActor.xml (RunModel)" time="0.026" />
  <testcase classname="ptolemy.util.test.junit.AutoTests" name="[22] /home/travis/build/icyphy/ptII/ptolemy/actor/lib/hoc/test/auto/DFTSubSetTest.xml (RunModel)" time="0.273" />
  <testcase classname="ptolemy.util.test.junit.AutoTests" name="[23] /home/travis/build/icyphy/ptII/ptolemy/actor/lib/hoc/test/auto/HocDE.xml (RunModel)" time="0.159" />
  <testcase classname="ptolemy.util.test.junit.AutoTests" name="[24] /home/travis/build/icyphy/ptII/ptolemy/actor/lib/hoc/test/auto/IterateOverArray.xml (RunModel)" time="0.03" />
  <testcase classname="ptolemy.util.test.junit.AutoTests" name="[25] /home/travis/build/icyphy/ptII/ptolemy/actor/lib/hoc/test/auto/IterateOverArray10.xml (RunModel)" time="0.021" />
  <testcase classname="ptolemy.util.test.junit.AutoTests" name="[26] /home/travis/build/icyphy/ptII/ptolemy/actor/lib/hoc/test/auto/IterateOverArray11.xml (RunModel)" time="0.027" />
  <testcase classname="ptolemy.util.test.junit.AutoTests" name="[27] /home/travis/build/icyphy/ptII/ptolemy/actor/lib/hoc/test/auto/IterateOverArray12.xml (RunModel)" time="0.031" />
  <testcase classname="ptolemy.util.test.junit.AutoTests" name="[28] /home/travis/build/icyphy/ptII/ptolemy/actor/lib/hoc/test/auto/IterateOverArray13.xml (RunModel)" time="0.127" />
  <testcase classname="ptolemy.util.test.junit.AutoTests" name="[29] /home/travis/build/icyphy/ptII/ptolemy/actor/lib/hoc/test/auto/IterateOverArray14.xml (RunModel)" time="0.14" />
  <testcase classname="ptolemy.util.test.junit.AutoTests" name="[30] /home/travis/build/icyphy/ptII/ptolemy/actor/lib/hoc/test/auto/IterateOverArray2.xml (RunModel)" time="0.026" />
  <testcase classname="ptolemy.util.test.junit.AutoTests" name="[31] /home/travis/build/icyphy/ptII/ptolemy/actor/lib/hoc/test/auto/IterateOverArray3.xml (RunModel)" time="0.039" />
  <testcase classname="ptolemy.util.test.junit.AutoTests" name="[32] /home/travis/build/icyphy/ptII/ptolemy/actor/lib/hoc/test/auto/IterateOverArray4.xml (RunModel)" time="0.026" />
  <testcase classname="ptolemy.util.test.junit.AutoTests" name="[33] /home/travis/build/icyphy/ptII/ptolemy/actor/lib/hoc/test/auto/IterateOverArray5.xml (RunModel)" time="0.017" />
  <testcase classname="ptolemy.util.test.junit.AutoTests" name="[34] /home/travis/build/icyphy/ptII/ptolemy/actor/lib/hoc/test/auto/IterateOverArray6.xml (RunModel)" time="0.014" />
  <testcase classname="ptolemy.util.test.junit.AutoTests" name="[35] /home/travis/build/icyphy/ptII/ptolemy/actor/lib/hoc/test/auto/IterateOverArray7.xml (RunModel)" time="0.017" />
  <testcase classname="ptolemy.util.test.junit.AutoTests" name="[36] /home/travis/build/icyphy/ptII/ptolemy/actor/lib/hoc/test/auto/IterateOverArray8.xml (RunModel)" time="0.017" />
  <testcase classname="ptolemy.util.test.junit.AutoTests" name="[37] /home/travis/build/icyphy/ptII/ptolemy/actor/lib/hoc/test/auto/IterateOverArray9.xml (RunModel)" time="0.025" />
  <testcase classname="ptolemy.util.test.junit.AutoTests" name="[38] /home/travis/build/icyphy/ptII/ptolemy/actor/lib/hoc/test/auto/IterateOverArrayCoercedOutputType.xml (RunModel)" time="0.031" />
  <testcase classname="ptolemy.util.test.junit.AutoTests" name="[39] /home/travis/build/icyphy/ptII/ptolemy/actor/lib/hoc/test/auto/IterateOverArrayInferredOutputType.xml (RunModel)" time="0.024" />
  <testcase classname="ptolemy.util.test.junit.AutoTests" name="[40] /home/travis/build/icyphy/ptII/ptolemy/actor/lib/hoc/test/auto/MobileFunctionTest.xml (RunModel)" time="0.022" />
  <testcase classname="ptolemy.util.test.junit.AutoTests" name="[41] /home/travis/build/icyphy/ptII/ptolemy/actor/lib/hoc/test/auto/MobileModelTest.xml (RunModel)" time="0.151" />
  <testcase classname="ptolemy.util.test.junit.AutoTests" name="[42] /home/travis/build/icyphy/ptII/ptolemy/actor/lib/hoc/test/auto/ModelReference.xml (RunModel)" time="0.08" />
  <testcase classname="ptolemy.util.test.junit.AutoTests" name="[43] /home/travis/build/icyphy/ptII/ptolemy/actor/lib/hoc/test/auto/ModelReference3.xml (RunModel)" time="0.043" />
  <testcase classname="ptolemy.util.test.junit.AutoTests" name="[44] /home/travis/build/icyphy/ptII/ptolemy/actor/lib/hoc/test/auto/ModelReference4.xml (RunModel)" time="10.029" />
  <testcase classname="ptolemy.util.test.junit.AutoTests" name="[45] /home/travis/build/icyphy/ptII/ptolemy/actor/lib/hoc/test/auto/MultiInstanceComposite.xml (RunModel)" time="0.056" />
  <testcase classname="ptolemy.util.test.junit.AutoTests" name="[46] /home/travis/build/icyphy/ptII/ptolemy/actor/lib/hoc/test/auto/MultiInstanceComposite2.xml (RunModel)" time="0.028" />
  <testcase classname="ptolemy.util.test.junit.AutoTests" name="[47] /home/travis/build/icyphy/ptII/ptolemy/actor/lib/hoc/test/auto/MulticoreExecution.xml (RunModel)" time="1.13" />
  <testcase classname="ptolemy.util.test.junit.AutoTests" name="[48] /home/travis/build/icyphy/ptII/ptolemy/actor/lib/hoc/test/auto/ParallelExecution.xml (RunModel)" time="0.93" />
  <testcase classname="ptolemy.util.test.junit.AutoTests" name="[49] /home/travis/build/icyphy/ptII/ptolemy/actor/lib/hoc/test/auto/RunCompositeActor.xml (RunModel)" time="0.026" />
  <testcase classname="ptolemy.util.test.junit.AutoTests" name="[50] /home/travis/build/icyphy/ptII/ptolemy/actor/lib/hoc/test/auto/RunCompositeActor2.xml (RunModel)" time="0.038" />
  <testcase classname="ptolemy.util.test.junit.AutoTests" name="[51] /home/travis/build/icyphy/ptII/ptolemy/actor/lib/hoc/test/auto/RunCompositeActor3.xml (RunModel)" time="0.018" />
  <testcase classname="ptolemy.util.test.junit.AutoTests" name="[52] /home/travis/build/icyphy/ptII/ptolemy/actor/lib/hoc/test/auto/RunCompositeActor4.xml (RunModel)" time="0.025" />
  <testcase classname="ptolemy.util.test.junit.AutoTests" name="[53] /home/travis/build/icyphy/ptII/ptolemy/actor/lib/hoc/test/auto/RunCompositeIterateOverArray.xml (RunModel)" time="0.021" />
  <testcase classname="ptolemy.util.test.junit.AutoTests" name="[54] /home/travis/build/icyphy/ptII/ptolemy/actor/lib/hoc/test/auto/ThreadedJS.xml (RunModel)" time="11.185" />
  <system-out><![CDATA[/home/travis/build/icyphy/ptII/ptolemy/actor/lib/hoc/test/IterateOverArray.tcl
testDefs.tcl: setting time out to 9000 seconds at Sat Feb 01 06:54:56 UTC 2020
02/01/20 06:54:56
Failed: 0  Total Tests: 2  ((Passed: 2, Newly Passed: 0)  Known Failed: 0) /home/travis/build/icyphy/ptII/ptolemy/actor/lib/hoc/test
----------------- testing (KnownFailure) /home/travis/build/icyphy/ptII/ptolemy/actor/lib/hoc/test/auto/knownFailedTests/PreinitializeMustBeInvokedRunComposite.xml
84 ms. Memory: 129024K Free: 86466K (67%)
Known Failure: java.lang.reflect.InvocationTargetException
No auto/linux-amd64/*.xml tests in /home/travis/build/icyphy/ptII/ptolemy/actor/lib/hoc/test
AutoTests.java: About to close Vertx.
AutoTests.java: Vertx closed.

===========================================================================================
----------------- testing Sat Feb 01 06:54:56 UTC 2020 /home/travis/build/icyphy/ptII/ptolemy/actor/lib/hoc/test/auto/AllToAllMultiInstanceComposite.xml
----------------- Instantiating /home/travis/build/icyphy/ptII/ptolemy/actor/lib/hoc/test/auto/AllToAllMultiInstanceComposite.xml
193 ms. Memory: 129024K Free: 106345K (82%)
----------------- Invoking toplevel() on ptolemy.moml.MoMLSimpleApplication@22bec895
----------------- Done invoking toplevel() on ptolemy.moml.MoMLSimpleApplication@22bec895
reloadAllAccessors: .AllToAllMultiInstanceComposite

===========================================================================================
----------------- testing Sat Feb 01 06:54:57 UTC 2020 /home/travis/build/icyphy/ptII/ptolemy/actor/lib/hoc/test/auto/ApplyFFTTest.xml
----------------- Instantiating /home/travis/build/icyphy/ptII/ptolemy/actor/lib/hoc/test/auto/ApplyFFTTest.xml
140 ms. Memory: 129024K Free: 87327K (68%)
----------------- Invoking toplevel() on ptolemy.moml.MoMLSimpleApplication@24798be4
----------------- Done invoking toplevel() on ptolemy.moml.MoMLSimpleApplication@24798be4
reloadAllAccessors: .ApplyFFTTest

===========================================================================================
----------------- testing Sat Feb 01 06:54:57 UTC 2020 /home/travis/build/icyphy/ptII/ptolemy/actor/lib/hoc/test/auto/ApplyFunction.xml
----------------- Instantiating /home/travis/build/icyphy/ptII/ptolemy/actor/lib/hoc/test/auto/ApplyFunction.xml
5 ms. Memory: 129024K Free: 84227K (65%)
----------------- Invoking toplevel() on ptolemy.moml.MoMLSimpleApplication@6ce1c5ad
----------------- Done invoking toplevel() on ptolemy.moml.MoMLSimpleApplication@6ce1c5ad
reloadAllAccessors: .ApplyFunction

===========================================================================================
----------------- testing Sat Feb 01 06:54:57 UTC 2020 /home/travis/build/icyphy/ptII/ptolemy/actor/lib/hoc/test/auto/BackgroundExecution.xml
----------------- Instantiating /home/travis/build/icyphy/ptII/ptolemy/actor/lib/hoc/test/auto/BackgroundExecution.xml
624 ms. Memory: 129024K Free: 76365K (59%)
----------------- Invoking toplevel() on ptolemy.moml.MoMLSimpleApplication@53b60b3
----------------- Done invoking toplevel() on ptolemy.moml.MoMLSimpleApplication@53b60b3
reloadAllAccessors: .BackgroundExecution

===========================================================================================
----------------- testing Sat Feb 01 06:54:58 UTC 2020 /home/travis/build/icyphy/ptII/ptolemy/actor/lib/hoc/test/auto/Case.xml
----------------- Instantiating /home/travis/build/icyphy/ptII/ptolemy/actor/lib/hoc/test/auto/Case.xml
22 ms. Memory: 129024K Free: 113850K (88%)
----------------- Invoking toplevel() on ptolemy.moml.MoMLSimpleApplication@2bc14f62
----------------- Done invoking toplevel() on ptolemy.moml.MoMLSimpleApplication@2bc14f62
reloadAllAccessors: .Case

===========================================================================================
----------------- testing Sat Feb 01 06:54:58 UTC 2020 /home/travis/build/icyphy/ptII/ptolemy/actor/lib/hoc/test/auto/Case1.xml
----------------- Instantiating /home/travis/build/icyphy/ptII/ptolemy/actor/lib/hoc/test/auto/Case1.xml
17 ms. Memory: 129024K Free: 106954K (83%)
----------------- Invoking toplevel() on ptolemy.moml.MoMLSimpleApplication@44fc38be
----------------- Done invoking toplevel() on ptolemy.moml.MoMLSimpleApplication@44fc38be
reloadAllAccessors: .Case1

===========================================================================================
----------------- testing Sat Feb 01 06:54:58 UTC 2020 /home/travis/build/icyphy/ptII/ptolemy/actor/lib/hoc/test/auto/Case2.xml
----------------- Instantiating /home/travis/build/icyphy/ptII/ptolemy/actor/lib/hoc/test/auto/Case2.xml
35 ms. Memory: 129024K Free: 96472K (75%)
----------------- Invoking toplevel() on ptolemy.moml.MoMLSimpleApplication@40fa2395
----------------- Done invoking toplevel() on ptolemy.moml.MoMLSimpleApplication@40fa2395
reloadAllAccessors: .Case2

===========================================================================================
----------------- testing Sat Feb 01 06:54:58 UTC 2020 /home/travis/build/icyphy/ptII/ptolemy/actor/lib/hoc/test/auto/Case3.xml
----------------- Instantiating /home/travis/build/icyphy/ptII/ptolemy/actor/lib/hoc/test/auto/Case3.xml
6 ms. Memory: 129024K Free: 90584K (70%)
----------------- Invoking toplevel() on ptolemy.moml.MoMLSimpleApplication@3ba721ae
----------------- Done invoking toplevel() on ptolemy.moml.MoMLSimpleApplication@3ba721ae
reloadAllAccessors: .Case3

===========================================================================================
----------------- testing Sat Feb 01 06:54:58 UTC 2020 /home/travis/build/icyphy/ptII/ptolemy/actor/lib/hoc/test/auto/Case4.xml
----------------- Instantiating /home/travis/build/icyphy/ptII/ptolemy/actor/lib/hoc/test/auto/Case4.xml
21 ms. Memory: 129024K Free: 83160K (64%)
----------------- Invoking toplevel() on ptolemy.moml.MoMLSimpleApplication@2d57edd1
----------------- Done invoking toplevel() on ptolemy.moml.MoMLSimpleApplication@2d57edd1
reloadAllAccessors: .Case4

===========================================================================================
----------------- testing Sat Feb 01 06:54:58 UTC 2020 /home/travis/build/icyphy/ptII/ptolemy/actor/lib/hoc/test/auto/Case5.xml
----------------- Instantiating /home/travis/build/icyphy/ptII/ptolemy/actor/lib/hoc/test/auto/Case5.xml
39 ms. Memory: 129024K Free: 76506K (59%)
----------------- Invoking toplevel() on ptolemy.moml.MoMLSimpleApplication@355cf30d
----------------- Done invoking toplevel() on ptolemy.moml.MoMLSimpleApplication@355cf30d
reloadAllAccessors: .junk

===========================================================================================
----------------- testing Sat Feb 01 06:54:58 UTC 2020 /home/travis/build/icyphy/ptII/ptolemy/actor/lib/hoc/test/auto/Case6.xml
----------------- Instantiating /home/travis/build/icyphy/ptII/ptolemy/actor/lib/hoc/test/auto/Case6.xml
42 ms. Memory: 129024K Free: 65260K (51%)
----------------- Invoking toplevel() on ptolemy.moml.MoMLSimpleApplication@7333510c
----------------- Done invoking toplevel() on ptolemy.moml.MoMLSimpleApplication@7333510c
reloadAllAccessors: .Case6

===========================================================================================
----------------- testing Sat Feb 01 06:54:59 UTC 2020 /home/travis/build/icyphy/ptII/ptolemy/actor/lib/hoc/test/auto/CaseString2.xml
----------------- Instantiating /home/travis/build/icyphy/ptII/ptolemy/actor/lib/hoc/test/auto/CaseString2.xml
11 ms. Memory: 129024K Free: 107484K (83%)
----------------- Invoking toplevel() on ptolemy.moml.MoMLSimpleApplication@4a814aed
----------------- Done invoking toplevel() on ptolemy.moml.MoMLSimpleApplication@4a814aed
reloadAllAccessors: .CaseString2

===========================================================================================
----------------- testing Sat Feb 01 06:54:59 UTC 2020 /home/travis/build/icyphy/ptII/ptolemy/actor/lib/hoc/test/auto/CatchUpComposite1.xml
----------------- Instantiating /home/travis/build/icyphy/ptII/ptolemy/actor/lib/hoc/test/auto/CatchUpComposite1.xml
40 ms. Memory: 129024K Free: 98306K (76%)
----------------- Invoking toplevel() on ptolemy.moml.MoMLSimpleApplication@1cf27292
----------------- Done invoking toplevel() on ptolemy.moml.MoMLSimpleApplication@1cf27292
reloadAllAccessors: .CatchUpComposite1

===========================================================================================
----------------- testing Sat Feb 01 06:54:59 UTC 2020 /home/travis/build/icyphy/ptII/ptolemy/actor/lib/hoc/test/auto/CatchUpComposite2.xml
----------------- Instantiating /home/travis/build/icyphy/ptII/ptolemy/actor/lib/hoc/test/auto/CatchUpComposite2.xml
17 ms. Memory: 129024K Free: 90089K (70%)
----------------- Invoking toplevel() on ptolemy.moml.MoMLSimpleApplication@ae05ee5
----------------- Done invoking toplevel() on ptolemy.moml.MoMLSimpleApplication@ae05ee5
reloadAllAccessors: .CatchUpComposite2

===========================================================================================
----------------- testing Sat Feb 01 06:54:59 UTC 2020 /home/travis/build/icyphy/ptII/ptolemy/actor/lib/hoc/test/auto/CatchUpComposite3.xml
----------------- Instantiating /home/travis/build/icyphy/ptII/ptolemy/actor/lib/hoc/test/auto/CatchUpComposite3.xml
13 ms. Memory: 129024K Free: 81556K (63%)
----------------- Invoking toplevel() on ptolemy.moml.MoMLSimpleApplication@303f168a
----------------- Done invoking toplevel() on ptolemy.moml.MoMLSimpleApplication@303f168a
reloadAllAccessors: .CatchUpComposite3

===========================================================================================
----------------- testing Sat Feb 01 06:54:59 UTC 2020 /home/travis/build/icyphy/ptII/ptolemy/actor/lib/hoc/test/auto/CatchUpComposite4.xml
----------------- Instantiating /home/travis/build/icyphy/ptII/ptolemy/actor/lib/hoc/test/auto/CatchUpComposite4.xml
8 ms. Memory: 129024K Free: 74033K (57%)
----------------- Invoking toplevel() on ptolemy.moml.MoMLSimpleApplication@791dc3cf
----------------- Done invoking toplevel() on ptolemy.moml.MoMLSimpleApplication@791dc3cf
reloadAllAccessors: .CatchUpComposite4

===========================================================================================
----------------- testing Sat Feb 01 06:54:59 UTC 2020 /home/travis/build/icyphy/ptII/ptolemy/actor/lib/hoc/test/auto/CatchUpComposite5.xml
----------------- Instantiating /home/travis/build/icyphy/ptII/ptolemy/actor/lib/hoc/test/auto/CatchUpComposite5.xml
9 ms. Memory: 129024K Free: 66460K (52%)
----------------- Invoking toplevel() on ptolemy.moml.MoMLSimpleApplication@5f67b0d1
----------------- Done invoking toplevel() on ptolemy.moml.MoMLSimpleApplication@5f67b0d1
reloadAllAccessors: .CatchUpComposite5

===========================================================================================
----------------- testing Sat Feb 01 06:54:59 UTC 2020 /home/travis/build/icyphy/ptII/ptolemy/actor/lib/hoc/test/auto/CatchUpComposite6.xml
----------------- Instantiating /home/travis/build/icyphy/ptII/ptolemy/actor/lib/hoc/test/auto/CatchUpComposite6.xml
WARNING: The execution aspects in this model can influence the timing of actors by delaying the 
execution, potentially changing the behavior. There is no guarantee that actors fire at the 
time they request to be fired. 
Use Ptides for deterministic DE behavior that is not influenced by execution aspects. 

58 ms. Memory: 129024K Free: 51909K (40%)
----------------- Invoking toplevel() on ptolemy.moml.MoMLSimpleApplication@7f375e30
----------------- Done invoking toplevel() on ptolemy.moml.MoMLSimpleApplication@7f375e30
reloadAllAccessors: .CatchUpComposite6

===========================================================================================
----------------- testing Sat Feb 01 06:54:59 UTC 2020 /home/travis/build/icyphy/ptII/ptolemy/actor/lib/hoc/test/auto/CatchUpComposite7.xml
----------------- Instantiating /home/travis/build/icyphy/ptII/ptolemy/actor/lib/hoc/test/auto/CatchUpComposite7.xml
WARNING: The execution aspects in this model can influence the timing of actors by delaying the 
execution, potentially changing the behavior. There is no guarantee that actors fire at the 
time they request to be fired. 
Use Ptides for deterministic DE behavior that is not influenced by execution aspects. 

28 ms. Memory: 155648K Free: 127840K (82%)
----------------- Invoking toplevel() on ptolemy.moml.MoMLSimpleApplication@67b13497
----------------- Done invoking toplevel() on ptolemy.moml.MoMLSimpleApplication@67b13497
reloadAllAccessors: .CatchUpComposite7

===========================================================================================
----------------- testing Sat Feb 01 06:54:59 UTC 2020 /home/travis/build/icyphy/ptII/ptolemy/actor/lib/hoc/test/auto/ConcurrentExecutionTimeSDF.xml
----------------- Instantiating /home/travis/build/icyphy/ptII/ptolemy/actor/lib/hoc/test/auto/ConcurrentExecutionTimeSDF.xml
Fired ExecutionTime: 40400000
Fired ExecutionTime: 40400000
Fired ExecutionTime: 40400000
Fired ExecutionTime: 40400000
Fired ExecutionTime: 40400000
Fired ExecutionTime: 40400000
Fired ExecutionTime: 40400000
Fired ExecutionTime: 40400000
Fired ExecutionTime: 40400000
Fired ExecutionTime: 40400000
Fired ExecutionTime: 40400000
Fired ExecutionTime: 40400000
Fired ExecutionTime: 40400000
Fired ExecutionTime: 40400000
Fired ExecutionTime: 40400000
Fired ExecutionTime: 40400000
Fired ExecutionTime: 40400000
Fired ExecutionTime: 40400000
Fired ExecutionTime: 40400000
Fired ExecutionTime: 40400000
901 ms. Memory: 155648K Free: 120672K (78%)
----------------- Invoking toplevel() on ptolemy.moml.MoMLSimpleApplication@6b017245
----------------- Done invoking toplevel() on ptolemy.moml.MoMLSimpleApplication@6b017245
reloadAllAccessors: .ConcurrentExecutionTimeSDF

===========================================================================================
----------------- testing Sat Feb 01 06:55:00 UTC 2020 /home/travis/build/icyphy/ptII/ptolemy/actor/lib/hoc/test/auto/ConcurrentSleep.xml
----------------- Instantiating /home/travis/build/icyphy/ptII/ptolemy/actor/lib/hoc/test/auto/ConcurrentSleep.xml
723 ms. Memory: 155648K Free: 109408K (70%)
----------------- Invoking toplevel() on ptolemy.moml.MoMLSimpleApplication@1c2baf98
----------------- Done invoking toplevel() on ptolemy.moml.MoMLSimpleApplication@1c2baf98
reloadAllAccessors: .ConcurrentSleep

===========================================================================================
----------------- testing Sat Feb 01 06:55:01 UTC 2020 /home/travis/build/icyphy/ptII/ptolemy/actor/lib/hoc/test/auto/DEInPNInRunCompositeActor.xml
----------------- Instantiating /home/travis/build/icyphy/ptII/ptolemy/actor/lib/hoc/test/auto/DEInPNInRunCompositeActor.xml
7 ms. Memory: 155648K Free: 103264K (66%)
----------------- Invoking toplevel() on ptolemy.moml.MoMLSimpleApplication@4d541fa3
----------------- Done invoking toplevel() on ptolemy.moml.MoMLSimpleApplication@4d541fa3
reloadAllAccessors: .DEInPNInRunCompositeActor

===========================================================================================
----------------- testing Sat Feb 01 06:55:01 UTC 2020 /home/travis/build/icyphy/ptII/ptolemy/actor/lib/hoc/test/auto/DFTSubSetTest.xml
----------------- Instantiating /home/travis/build/icyphy/ptII/ptolemy/actor/lib/hoc/test/auto/DFTSubSetTest.xml
176 ms. Memory: 155648K Free: 136738K (88%)
----------------- Invoking toplevel() on ptolemy.moml.MoMLSimpleApplication@3e3712ff
----------------- Done invoking toplevel() on ptolemy.moml.MoMLSimpleApplication@3e3712ff
reloadAllAccessors: .DFTSubSetTest

===========================================================================================
----------------- testing Sat Feb 01 06:55:01 UTC 2020 /home/travis/build/icyphy/ptII/ptolemy/actor/lib/hoc/test/auto/HocDE.xml
----------------- Instantiating /home/travis/build/icyphy/ptII/ptolemy/actor/lib/hoc/test/auto/HocDE.xml
119 ms. Memory: 155648K Free: 111215K (71%)
----------------- Invoking toplevel() on ptolemy.moml.MoMLSimpleApplication@66fd9f90
----------------- Done invoking toplevel() on ptolemy.moml.MoMLSimpleApplication@66fd9f90
reloadAllAccessors: .HocDE

===========================================================================================
----------------- testing Sat Feb 01 06:55:01 UTC 2020 /home/travis/build/icyphy/ptII/ptolemy/actor/lib/hoc/test/auto/IterateOverArray.xml
----------------- Instantiating /home/travis/build/icyphy/ptII/ptolemy/actor/lib/hoc/test/auto/IterateOverArray.xml
5 ms. Memory: 155648K Free: 106645K (69%)
----------------- Invoking toplevel() on ptolemy.moml.MoMLSimpleApplication@136b2e8e
----------------- Done invoking toplevel() on ptolemy.moml.MoMLSimpleApplication@136b2e8e
reloadAllAccessors: .IterateOverArray

===========================================================================================
----------------- testing Sat Feb 01 06:55:01 UTC 2020 /home/travis/build/icyphy/ptII/ptolemy/actor/lib/hoc/test/auto/IterateOverArray10.xml
----------------- Instantiating /home/travis/build/icyphy/ptII/ptolemy/actor/lib/hoc/test/auto/IterateOverArray10.xml
4 ms. Memory: 155648K Free: 103460K (66%)
----------------- Invoking toplevel() on ptolemy.moml.MoMLSimpleApplication@69fb7fa5
----------------- Done invoking toplevel() on ptolemy.moml.MoMLSimpleApplication@69fb7fa5
reloadAllAccessors: .IterateOverArray10

===========================================================================================
----------------- testing Sat Feb 01 06:55:01 UTC 2020 /home/travis/build/icyphy/ptII/ptolemy/actor/lib/hoc/test/auto/IterateOverArray11.xml
----------------- Instantiating /home/travis/build/icyphy/ptII/ptolemy/actor/lib/hoc/test/auto/IterateOverArray11.xml
9 ms. Memory: 155648K Free: 99502K (64%)
----------------- Invoking toplevel() on ptolemy.moml.MoMLSimpleApplication@68f39df4
----------------- Done invoking toplevel() on ptolemy.moml.MoMLSimpleApplication@68f39df4
reloadAllAccessors: .IterateOverArray11

===========================================================================================
----------------- testing Sat Feb 01 06:55:01 UTC 2020 /home/travis/build/icyphy/ptII/ptolemy/actor/lib/hoc/test/auto/IterateOverArray12.xml
----------------- Instantiating /home/travis/build/icyphy/ptII/ptolemy/actor/lib/hoc/test/auto/IterateOverArray12.xml
13 ms. Memory: 155648K Free: 93807K (60%)
----------------- Invoking toplevel() on ptolemy.moml.MoMLSimpleApplication@7d0702b9
----------------- Done invoking toplevel() on ptolemy.moml.MoMLSimpleApplication@7d0702b9
reloadAllAccessors: .IterateOverArray12

===========================================================================================
----------------- testing Sat Feb 01 06:55:01 UTC 2020 /home/travis/build/icyphy/ptII/ptolemy/actor/lib/hoc/test/auto/IterateOverArray13.xml
----------------- Instantiating /home/travis/build/icyphy/ptII/ptolemy/actor/lib/hoc/test/auto/IterateOverArray13.xml
63 ms. Memory: 155648K Free: 68207K (44%)
----------------- Invoking toplevel() on ptolemy.moml.MoMLSimpleApplication@5a5ba695
----------------- Done invoking toplevel() on ptolemy.moml.MoMLSimpleApplication@5a5ba695
reloadAllAccessors: .IterateOverArray13

===========================================================================================
----------------- testing Sat Feb 01 06:55:02 UTC 2020 /home/travis/build/icyphy/ptII/ptolemy/actor/lib/hoc/test/auto/IterateOverArray14.xml
----------------- Instantiating /home/travis/build/icyphy/ptII/ptolemy/actor/lib/hoc/test/auto/IterateOverArray14.xml
59 ms. Memory: 155648K Free: 121378K (78%)
----------------- Invoking toplevel() on ptolemy.moml.MoMLSimpleApplication@4d2ea332
----------------- Done invoking toplevel() on ptolemy.moml.MoMLSimpleApplication@4d2ea332
reloadAllAccessors: .IterateOverArray14

===========================================================================================
----------------- testing Sat Feb 01 06:55:02 UTC 2020 /home/travis/build/icyphy/ptII/ptolemy/actor/lib/hoc/test/auto/IterateOverArray2.xml
----------------- Instantiating /home/travis/build/icyphy/ptII/ptolemy/actor/lib/hoc/test/auto/IterateOverArray2.xml
5 ms. Memory: 155648K Free: 116772K (75%)
----------------- Invoking toplevel() on ptolemy.moml.MoMLSimpleApplication@310b5ab0
----------------- Done invoking toplevel() on ptolemy.moml.MoMLSimpleApplication@310b5ab0
reloadAllAccessors: .IterateOverArray2

===========================================================================================
----------------- testing Sat Feb 01 06:55:02 UTC 2020 /home/travis/build/icyphy/ptII/ptolemy/actor/lib/hoc/test/auto/IterateOverArray3.xml
----------------- Instantiating /home/travis/build/icyphy/ptII/ptolemy/actor/lib/hoc/test/auto/IterateOverArray3.xml
16 ms. Memory: 155648K Free: 111138K (71%)
----------------- Invoking toplevel() on ptolemy.moml.MoMLSimpleApplication@7f9f1fd1
----------------- Done invoking toplevel() on ptolemy.moml.MoMLSimpleApplication@7f9f1fd1
reloadAllAccessors: .IterateOverArray3

===========================================================================================
----------------- testing Sat Feb 01 06:55:02 UTC 2020 /home/travis/build/icyphy/ptII/ptolemy/actor/lib/hoc/test/auto/IterateOverArray4.xml
----------------- Instantiating /home/travis/build/icyphy/ptII/ptolemy/actor/lib/hoc/test/auto/IterateOverArray4.xml
4 ms. Memory: 155648K Free: 107042K (69%)
----------------- Invoking toplevel() on ptolemy.moml.MoMLSimpleApplication@ed3d3ca
----------------- Done invoking toplevel() on ptolemy.moml.MoMLSimpleApplication@ed3d3ca
reloadAllAccessors: .IterateOverArray4

===========================================================================================
----------------- testing Sat Feb 01 06:55:02 UTC 2020 /home/travis/build/icyphy/ptII/ptolemy/actor/lib/hoc/test/auto/IterateOverArray5.xml
----------------- Instantiating /home/travis/build/icyphy/ptII/ptolemy/actor/lib/hoc/test/auto/IterateOverArray5.xml
3 ms. Memory: 155648K Free: 102946K (66%)
----------------- Invoking toplevel() on ptolemy.moml.MoMLSimpleApplication@28b2d185
----------------- Done invoking toplevel() on ptolemy.moml.MoMLSimpleApplication@28b2d185
reloadAllAccessors: .IterateOverArray5

===========================================================================================
----------------- testing Sat Feb 01 06:55:02 UTC 2020 /home/travis/build/icyphy/ptII/ptolemy/actor/lib/hoc/test/auto/IterateOverArray6.xml
----------------- Instantiating /home/travis/build/icyphy/ptII/ptolemy/actor/lib/hoc/test/auto/IterateOverArray6.xml
2 ms. Memory: 155648K Free: 99874K (64%)
----------------- Invoking toplevel() on ptolemy.moml.MoMLSimpleApplication@30814021
----------------- Done invoking toplevel() on ptolemy.moml.MoMLSimpleApplication@30814021
reloadAllAccessors: .IterateOverArray6

===========================================================================================
----------------- testing Sat Feb 01 06:55:02 UTC 2020 /home/travis/build/icyphy/ptII/ptolemy/actor/lib/hoc/test/auto/IterateOverArray7.xml
----------------- Instantiating /home/travis/build/icyphy/ptII/ptolemy/actor/lib/hoc/test/auto/IterateOverArray7.xml
4 ms. Memory: 155648K Free: 95268K (61%)
----------------- Invoking toplevel() on ptolemy.moml.MoMLSimpleApplication@564f08f7
----------------- Done invoking toplevel() on ptolemy.moml.MoMLSimpleApplication@564f08f7
reloadAllAccessors: .IterateOverArray7

===========================================================================================
----------------- testing Sat Feb 01 06:55:02 UTC 2020 /home/travis/build/icyphy/ptII/ptolemy/actor/lib/hoc/test/auto/IterateOverArray8.xml
----------------- Instantiating /home/travis/build/icyphy/ptII/ptolemy/actor/lib/hoc/test/auto/IterateOverArray8.xml
3 ms. Memory: 155648K Free: 91172K (59%)
----------------- Invoking toplevel() on ptolemy.moml.MoMLSimpleApplication@417590c8
----------------- Done invoking toplevel() on ptolemy.moml.MoMLSimpleApplication@417590c8
reloadAllAccessors: .IterateOverArray8

===========================================================================================
----------------- testing Sat Feb 01 06:55:02 UTC 2020 /home/travis/build/icyphy/ptII/ptolemy/actor/lib/hoc/test/auto/IterateOverArray9.xml
----------------- Instantiating /home/travis/build/icyphy/ptII/ptolemy/actor/lib/hoc/test/auto/IterateOverArray9.xml
5 ms. Memory: 155648K Free: 87076K (56%)
----------------- Invoking toplevel() on ptolemy.moml.MoMLSimpleApplication@10b63ac5
----------------- Done invoking toplevel() on ptolemy.moml.MoMLSimpleApplication@10b63ac5
reloadAllAccessors: .IterateOverArray9

===========================================================================================
----------------- testing Sat Feb 01 06:55:02 UTC 2020 /home/travis/build/icyphy/ptII/ptolemy/actor/lib/hoc/test/auto/IterateOverArrayCoercedOutputType.xml
----------------- Instantiating /home/travis/build/icyphy/ptII/ptolemy/actor/lib/hoc/test/auto/IterateOverArrayCoercedOutputType.xml
4 ms. Memory: 155648K Free: 81956K (53%)
----------------- Invoking toplevel() on ptolemy.moml.MoMLSimpleApplication@75a978c
----------------- Done invoking toplevel() on ptolemy.moml.MoMLSimpleApplication@75a978c
reloadAllAccessors: .IterateOverArrayCoercedOutputType

===========================================================================================
----------------- testing Sat Feb 01 06:55:02 UTC 2020 /home/travis/build/icyphy/ptII/ptolemy/actor/lib/hoc/test/auto/IterateOverArrayInferredOutputType.xml
----------------- Instantiating /home/travis/build/icyphy/ptII/ptolemy/actor/lib/hoc/test/auto/IterateOverArrayInferredOutputType.xml
6 ms. Memory: 155648K Free: 76836K (49%)
----------------- Invoking toplevel() on ptolemy.moml.MoMLSimpleApplication@76d6c165
----------------- Done invoking toplevel() on ptolemy.moml.MoMLSimpleApplication@76d6c165
reloadAllAccessors: .IterateOverArrayInferredOutputType

===========================================================================================
----------------- testing Sat Feb 01 06:55:02 UTC 2020 /home/travis/build/icyphy/ptII/ptolemy/actor/lib/hoc/test/auto/MobileFunctionTest.xml
----------------- Instantiating /home/travis/build/icyphy/ptII/ptolemy/actor/lib/hoc/test/auto/MobileFunctionTest.xml
5 ms. Memory: 155648K Free: 72740K (47%)
----------------- Invoking toplevel() on ptolemy.moml.MoMLSimpleApplication@12e0ef3a
----------------- Done invoking toplevel() on ptolemy.moml.MoMLSimpleApplication@12e0ef3a
reloadAllAccessors: .MobileFunctionTest

===========================================================================================
----------------- testing Sat Feb 01 06:55:02 UTC 2020 /home/travis/build/icyphy/ptII/ptolemy/actor/lib/hoc/test/auto/MobileModelTest.xml
----------------- Instantiating /home/travis/build/icyphy/ptII/ptolemy/actor/lib/hoc/test/auto/MobileModelTest.xml
127 ms. Memory: 155648K Free: 51746K (33%)
----------------- Invoking toplevel() on ptolemy.moml.MoMLSimpleApplication@14df69a4
----------------- Done invoking toplevel() on ptolemy.moml.MoMLSimpleApplication@14df69a4
reloadAllAccessors: .MobileModelTest

===========================================================================================
----------------- testing Sat Feb 01 06:55:02 UTC 2020 /home/travis/build/icyphy/ptII/ptolemy/actor/lib/hoc/test/auto/ModelReference.xml
----------------- Instantiating /home/travis/build/icyphy/ptII/ptolemy/actor/lib/hoc/test/auto/ModelReference.xml
2 ms. Memory: 155648K Free: 135539K (87%)
2 ms. Memory: 155648K Free: 135025K (87%)
2 ms. Memory: 155648K Free: 134001K (86%)
2 ms. Memory: 155648K Free: 133491K (86%)
1 ms. Memory: 155648K Free: 132467K (85%)
2 ms. Memory: 155648K Free: 131443K (84%)
1 ms. Memory: 155648K Free: 130923K (84%)
2 ms. Memory: 155648K Free: 129905K (83%)
3 ms. Memory: 155648K Free: 129395K (83%)
1 ms. Memory: 155648K Free: 128371K (82%)
27 ms. Memory: 155648K Free: 128371K (82%)
----------------- Invoking toplevel() on ptolemy.moml.MoMLSimpleApplication@56e1b062
----------------- Done invoking toplevel() on ptolemy.moml.MoMLSimpleApplication@56e1b062
reloadAllAccessors: .ModelReference

===========================================================================================
----------------- testing Sat Feb 01 06:55:02 UTC 2020 /home/travis/build/icyphy/ptII/ptolemy/actor/lib/hoc/test/auto/ModelReference3.xml
----------------- Instantiating /home/travis/build/icyphy/ptII/ptolemy/actor/lib/hoc/test/auto/ModelReference3.xml
2 ms. Memory: 155648K Free: 123251K (79%)
5 ms. Memory: 155648K Free: 122694K (79%)
1 ms. Memory: 155648K Free: 121713K (78%)
3 ms. Memory: 155648K Free: 121203K (78%)
2 ms. Memory: 155648K Free: 120179K (77%)
2 ms. Memory: 155648K Free: 119155K (77%)
3 ms. Memory: 155648K Free: 118635K (76%)
3 ms. Memory: 155648K Free: 117617K (76%)
2 ms. Memory: 155648K Free: 117107K (75%)
2 ms. Memory: 155648K Free: 116083K (75%)
31 ms. Memory: 155648K Free: 116083K (75%)
----------------- Invoking toplevel() on ptolemy.moml.MoMLSimpleApplication@1602e932
----------------- Done invoking toplevel() on ptolemy.moml.MoMLSimpleApplication@1602e932
reloadAllAccessors: .ModelReference3

===========================================================================================
----------------- testing Sat Feb 01 06:55:02 UTC 2020 /home/travis/build/icyphy/ptII/ptolemy/actor/lib/hoc/test/auto/ModelReference4.xml
----------------- Instantiating /home/travis/build/icyphy/ptII/ptolemy/actor/lib/hoc/test/auto/ModelReference4.xml
2 ms. Memory: 155648K Free: 111459K (72%)
2 ms. Memory: 155648K Free: 109939K (71%)
2 ms. Memory: 155648K Free: 108915K (70%)
2 ms. Memory: 155648K Free: 107371K (69%)
4 ms. Memory: 155648K Free: 105843K (68%)
3 ms. Memory: 155648K Free: 104819K (67%)
3 ms. Memory: 155648K Free: 103275K (66%)
3 ms. Memory: 155648K Free: 102243K (66%)
2 ms. Memory: 155648K Free: 100723K (65%)
3 ms. Memory: 155648K Free: 99699K (64%)
10020 ms. Memory: 155648K Free: 99699K (64%)
----------------- Invoking toplevel() on ptolemy.moml.MoMLSimpleApplication@2d191aec
----------------- Done invoking toplevel() on ptolemy.moml.MoMLSimpleApplication@2d191aec
reloadAllAccessors: .ModelReference4

===========================================================================================
----------------- testing Sat Feb 01 06:55:12 UTC 2020 /home/travis/build/icyphy/ptII/ptolemy/actor/lib/hoc/test/auto/MultiInstanceComposite.xml
----------------- Instantiating /home/travis/build/icyphy/ptII/ptolemy/actor/lib/hoc/test/auto/MultiInstanceComposite.xml
23 ms. Memory: 155648K Free: 80753K (52%)
----------------- Invoking toplevel() on ptolemy.moml.MoMLSimpleApplication@14d0bed4
----------------- Done invoking toplevel() on ptolemy.moml.MoMLSimpleApplication@14d0bed4
reloadAllAccessors: .MultiInstanceComposite

===========================================================================================
----------------- testing Sat Feb 01 06:55:12 UTC 2020 /home/travis/build/icyphy/ptII/ptolemy/actor/lib/hoc/test/auto/MultiInstanceComposite2.xml
----------------- Instantiating /home/travis/build/icyphy/ptII/ptolemy/actor/lib/hoc/test/auto/MultiInstanceComposite2.xml
15 ms. Memory: 155648K Free: 69489K (45%)
----------------- Invoking toplevel() on ptolemy.moml.MoMLSimpleApplication@59df25ed
----------------- Done invoking toplevel() on ptolemy.moml.MoMLSimpleApplication@59df25ed
reloadAllAccessors: .MultiInstanceComposite2

===========================================================================================
----------------- testing Sat Feb 01 06:55:12 UTC 2020 /home/travis/build/icyphy/ptII/ptolemy/actor/lib/hoc/test/auto/MulticoreExecution.xml
----------------- Instantiating /home/travis/build/icyphy/ptII/ptolemy/actor/lib/hoc/test/auto/MulticoreExecution.xml
Fired ExecutionTime: 2400000
Fired ExecutionTime: 4000000
Fired ExecutionTime: 2800000
Fired ExecutionTime: 2800000
Fired ExecutionTime: 4400000
Fired ExecutionTime: 2400000
Fired ExecutionTime: 8000000
Fired ExecutionTime: 20800000
Fired ExecutionTime: 63600000
Fired ExecutionTime: 31200000
Fired ExecutionTime: 46000000
Fired ExecutionTime: 37200000
Fired ExecutionTime: 62400000
Fired ExecutionTime: 32800000
Fired ExecutionTime: 63600000
Fired ExecutionTime: 103600000
Fired ExecutionTime: 109200000
Fired ExecutionTime: 110000000
Fired ExecutionTime: 100800000
Fired ExecutionTime: 108000000
1109 ms. Memory: 155648K Free: 60787K (39%)
----------------- Invoking toplevel() on ptolemy.moml.MoMLSimpleApplication@47a43d7c
----------------- Done invoking toplevel() on ptolemy.moml.MoMLSimpleApplication@47a43d7c
reloadAllAccessors: .MulticoreExecution

===========================================================================================
----------------- testing Sat Feb 01 06:55:14 UTC 2020 /home/travis/build/icyphy/ptII/ptolemy/actor/lib/hoc/test/auto/ParallelExecution.xml
----------------- Instantiating /home/travis/build/icyphy/ptII/ptolemy/actor/lib/hoc/test/auto/ParallelExecution.xml
913 ms. Memory: 155648K Free: 53105K (34%)
----------------- Invoking toplevel() on ptolemy.moml.MoMLSimpleApplication@128a171c
----------------- Done invoking toplevel() on ptolemy.moml.MoMLSimpleApplication@128a171c
reloadAllAccessors: .ParallelExecution

===========================================================================================
----------------- testing Sat Feb 01 06:55:14 UTC 2020 /home/travis/build/icyphy/ptII/ptolemy/actor/lib/hoc/test/auto/RunCompositeActor.xml
----------------- Instantiating /home/travis/build/icyphy/ptII/ptolemy/actor/lib/hoc/test/auto/RunCompositeActor.xml
6 ms. Memory: 155648K Free: 136533K (88%)
----------------- Invoking toplevel() on ptolemy.moml.MoMLSimpleApplication@2f93ff26
----------------- Done invoking toplevel() on ptolemy.moml.MoMLSimpleApplication@2f93ff26
reloadAllAccessors: .RunCompositeActor

===========================================================================================
----------------- testing Sat Feb 01 06:55:14 UTC 2020 /home/travis/build/icyphy/ptII/ptolemy/actor/lib/hoc/test/auto/RunCompositeActor2.xml
----------------- Instantiating /home/travis/build/icyphy/ptII/ptolemy/actor/lib/hoc/test/auto/RunCompositeActor2.xml
8 ms. Memory: 155648K Free: 130403K (84%)
----------------- Invoking toplevel() on ptolemy.moml.MoMLSimpleApplication@72ba9968
----------------- Done invoking toplevel() on ptolemy.moml.MoMLSimpleApplication@72ba9968
reloadAllAccessors: .RunCompositeActor2

===========================================================================================
----------------- testing Sat Feb 01 06:55:15 UTC 2020 /home/travis/build/icyphy/ptII/ptolemy/actor/lib/hoc/test/auto/RunCompositeActor3.xml
----------------- Instantiating /home/travis/build/icyphy/ptII/ptolemy/actor/lib/hoc/test/auto/RunCompositeActor3.xml
5 ms. Memory: 155648K Free: 124794K (80%)
----------------- Invoking toplevel() on ptolemy.moml.MoMLSimpleApplication@57627da6
----------------- Done invoking toplevel() on ptolemy.moml.MoMLSimpleApplication@57627da6
reloadAllAccessors: .RunCompositeActor3

===========================================================================================
----------------- testing Sat Feb 01 06:55:15 UTC 2020 /home/travis/build/icyphy/ptII/ptolemy/actor/lib/hoc/test/auto/RunCompositeActor4.xml
----------------- Instantiating /home/travis/build/icyphy/ptII/ptolemy/actor/lib/hoc/test/auto/RunCompositeActor4.xml
11 ms. Memory: 155648K Free: 116602K (75%)
----------------- Invoking toplevel() on ptolemy.moml.MoMLSimpleApplication@3780ec7c
----------------- Done invoking toplevel() on ptolemy.moml.MoMLSimpleApplication@3780ec7c
reloadAllAccessors: .RunCompositeActor4

===========================================================================================
----------------- testing Sat Feb 01 06:55:15 UTC 2020 /home/travis/build/icyphy/ptII/ptolemy/actor/lib/hoc/test/auto/RunCompositeIterateOverArray.xml
----------------- Instantiating /home/travis/build/icyphy/ptII/ptolemy/actor/lib/hoc/test/auto/RunCompositeIterateOverArray.xml
6 ms. Memory: 155648K Free: 110947K (71%)
----------------- Invoking toplevel() on ptolemy.moml.MoMLSimpleApplication@560f7cc1
----------------- Done invoking toplevel() on ptolemy.moml.MoMLSimpleApplication@560f7cc1
reloadAllAccessors: .RunCompositeIterateOverArray

===========================================================================================
----------------- testing Sat Feb 01 06:55:15 UTC 2020 /home/travis/build/icyphy/ptII/ptolemy/actor/lib/hoc/test/auto/ThreadedJS.xml
----------------- Instantiating /home/travis/build/icyphy/ptII/ptolemy/actor/lib/hoc/test/auto/ThreadedJS.xml
5091 ms. Memory: 225280K Free: 157907K (70%)
----------------- Invoking toplevel() on ptolemy.moml.MoMLSimpleApplication@2058e3d5
----------------- Done invoking toplevel() on ptolemy.moml.MoMLSimpleApplication@2058e3d5
reloadAllAccessors: .ThreadedJS
AutoTests.java: About to close Vertx.
AutoTests.java: Vertx closed.
]]></system-out>
  <system-err><![CDATA[java.lang.RuntimeException: Execution failed
	at ptolemy.moml.MoMLSimpleApplication$UnloadThread.run(MoMLSimpleApplication.java:402)
Caused by: ptolemy.kernel.util.IllegalActionException: initialize() was called after wrapup() was called but preinitialize() was not called after wrapup().
	at ptolemy.actor.lib.hoc.test.PreinitializeMustBeInvoked.initialize(PreinitializeMustBeInvoked.java:78)
	at ptolemy.actor.Director.initialize(Director.java:938)
	at ptolemy.actor.Director.initialize(Director.java:907)
	at ptolemy.actor.sched.StaticSchedulingDirector.initialize(StaticSchedulingDirector.java:159)
	at ptolemy.domains.sdf.kernel.SDFDirector.initialize(SDFDirector.java:544)
	at ptolemy.actor.CompositeActor.initialize(CompositeActor.java:935)
	at ptolemy.actor.lib.hoc.LifeCycleManager._executeInsideModel(LifeCycleManager.java:339)
	at ptolemy.actor.lib.hoc.RunCompositeActor.fire(RunCompositeActor.java:205)
	at ptolemy.actor.CompositeActor.iterate(CompositeActor.java:1146)
	at ptolemy.actor.sched.StaticSchedulingDirector.fire(StaticSchedulingDirector.java:216)
	at ptolemy.domains.sdf.kernel.SDFDirector.fire(SDFDirector.java:500)
	at ptolemy.actor.CompositeActor.fire(CompositeActor.java:455)
	at ptolemy.actor.Manager.iterate(Manager.java:851)
	at ptolemy.actor.Manager.execute(Manager.java:369)
	at ptolemy.actor.Manager.run(Manager.java:1263)
	at ptolemy.actor.Manager$PtolemyRunThread.run(Manager.java:1933)
java.lang.reflect.InvocationTargetException
	at java.base/jdk.internal.reflect.NativeConstructorAccessorImpl.newInstance0(Native Method)
	at java.base/jdk.internal.reflect.NativeConstructorAccessorImpl.newInstance(NativeConstructorAccessorImpl.java:62)
	at java.base/jdk.internal.reflect.DelegatingConstructorAccessorImpl.newInstance(DelegatingConstructorAccessorImpl.java:45)
	at java.base/java.lang.reflect.Constructor.newInstance(Constructor.java:490)
	at ptolemy.util.test.junit.AutoKnownFailedTests.RunModel(AutoKnownFailedTests.java:105)
	at java.base/jdk.internal.reflect.NativeMethodAccessorImpl.invoke0(Native Method)
	at java.base/jdk.internal.reflect.NativeMethodAccessorImpl.invoke(NativeMethodAccessorImpl.java:62)
	at java.base/jdk.internal.reflect.DelegatingMethodAccessorImpl.invoke(DelegatingMethodAccessorImpl.java:43)
	at java.base/java.lang.reflect.Method.invoke(Method.java:566)
	at org.junit.runners.model.FrameworkMethod$1.runReflectiveCall(FrameworkMethod.java:44)
	at org.junit.internal.runners.model.ReflectiveCallable.run(ReflectiveCallable.java:15)
	at org.junit.runners.model.FrameworkMethod.invokeExplosively(FrameworkMethod.java:41)
	at junitparams.internal.InvokeParameterisedMethod.evaluate(InvokeParameterisedMethod.java:102)
	at org.junit.internal.runners.statements.FailOnTimeout$1.run(FailOnTimeout.java:28)
Caused by: ptolemy.kernel.util.IllegalActionException: initialize() was called after wrapup() was called but preinitialize() was not called after wrapup().
	at ptolemy.actor.lib.hoc.test.PreinitializeMustBeInvoked.initialize(PreinitializeMustBeInvoked.java:78)
	at ptolemy.actor.Director.initialize(Director.java:938)
	at ptolemy.actor.Director.initialize(Director.java:907)
	at ptolemy.actor.sched.StaticSchedulingDirector.initialize(StaticSchedulingDirector.java:159)
	at ptolemy.domains.sdf.kernel.SDFDirector.initialize(SDFDirector.java:544)
	at ptolemy.actor.CompositeActor.initialize(CompositeActor.java:935)
	at ptolemy.actor.lib.hoc.LifeCycleManager._executeInsideModel(LifeCycleManager.java:339)
	at ptolemy.actor.lib.hoc.RunCompositeActor.fire(RunCompositeActor.java:205)
	at ptolemy.actor.CompositeActor.iterate(CompositeActor.java:1146)
	at ptolemy.actor.sched.StaticSchedulingDirector.fire(StaticSchedulingDirector.java:216)
	at ptolemy.domains.sdf.kernel.SDFDirector.fire(SDFDirector.java:500)
	at ptolemy.actor.CompositeActor.fire(CompositeActor.java:455)
	at ptolemy.actor.Manager.iterate(Manager.java:851)
	at ptolemy.actor.Manager.execute(Manager.java:369)
	at ptolemy.actor.Manager.run(Manager.java:1263)
	at ptolemy.actor.Manager$PtolemyRunThread.run(Manager.java:1933)
Warning: Nashorn engine is planned to be removed from a future JDK release
Warning: Nashorn engine is planned to be removed from a future JDK release
Warning: Nashorn engine is planned to be removed from a future JDK release
Warning: Nashorn engine is planned to be removed from a future JDK release
Warning: Nashorn engine is planned to be removed from a future JDK release
Warning: Nashorn engine is planned to be removed from a future JDK release
Warning: Nashorn engine is planned to be removed from a future JDK release
Warning: Nashorn engine is planned to be removed from a future JDK release
]]></system-err>
</testsuite>
