<?xml version="1.0" encoding="UTF-8" ?>
<testsuite errors="0" failures="0" hostname="travis-job-c8456778-40a2-4074-bf8b-48d2f27beaf3" name="ptolemy.domains.continuous.test.junit.JUnitTclTest" skipped="0" tests="156" time="80.342" timestamp="2019-07-14T04:47:50">
  <properties>
[...]
</properties>
  <testcase classname="ptolemy.util.test.junit.TclTests" name="[0] ThereAreNoTclTests (RunTclFile)" time="0.008" />
  <testcase classname="ptolemy.util.test.junit.AutoKnownFailedTests" name="[0] ThereAreNoKnowFailedTests (RunModel)" time="0.003" />
  <testcase classname="ptolemy.util.test.junit.AutoNameArchTests" name="[0] ThereAreNoAutoArchTests (RunModel)" time="0.024" />
  <testcase classname="ptolemy.util.test.junit.AutoTests" name="[0] /home/travis/build/icyphy/ptII/ptolemy/domains/continuous/test/auto/BouncingBall.xml (RunModel)" time="3.279" />
  <testcase classname="ptolemy.util.test.junit.AutoTests" name="[1] /home/travis/build/icyphy/ptII/ptolemy/domains/continuous/test/auto/BouncingBallWithoutGR.xml (RunModel)" time="1.059" />
  <testcase classname="ptolemy.util.test.junit.AutoTests" name="[2] /home/travis/build/icyphy/ptII/ptolemy/domains/continuous/test/auto/Brownian.xml (RunModel)" time="0.101" />
  <testcase classname="ptolemy.util.test.junit.AutoTests" name="[3] /home/travis/build/icyphy/ptII/ptolemy/domains/continuous/test/auto/CarTracking.xml (RunModel)" time="4.133" />
  <testcase classname="ptolemy.util.test.junit.AutoTests" name="[4] /home/travis/build/icyphy/ptII/ptolemy/domains/continuous/test/auto/CartPendulum.xml (RunModel)" time="0.566" />
  <testcase classname="ptolemy.util.test.junit.AutoTests" name="[5] /home/travis/build/icyphy/ptII/ptolemy/domains/continuous/test/auto/CausalityInterface10.xml (RunModel)" time="0.065" />
  <testcase classname="ptolemy.util.test.junit.AutoTests" name="[6] /home/travis/build/icyphy/ptII/ptolemy/domains/continuous/test/auto/CausalityInterface11.xml (RunModel)" time="0.037" />
  <testcase classname="ptolemy.util.test.junit.AutoTests" name="[7] /home/travis/build/icyphy/ptII/ptolemy/domains/continuous/test/auto/CausalityInterface12.xml (RunModel)" time="0.033" />
  <testcase classname="ptolemy.util.test.junit.AutoTests" name="[8] /home/travis/build/icyphy/ptII/ptolemy/domains/continuous/test/auto/CausalityInterface13.xml (RunModel)" time="0.06" />
  <testcase classname="ptolemy.util.test.junit.AutoTests" name="[9] /home/travis/build/icyphy/ptII/ptolemy/domains/continuous/test/auto/CausalityInterface14.xml (RunModel)" time="0.026" />
  <testcase classname="ptolemy.util.test.junit.AutoTests" name="[10] /home/travis/build/icyphy/ptII/ptolemy/domains/continuous/test/auto/CausalityInterface4.xml (RunModel)" time="0.04" />
  <testcase classname="ptolemy.util.test.junit.AutoTests" name="[11] /home/travis/build/icyphy/ptII/ptolemy/domains/continuous/test/auto/CausalityInterface5.xml (RunModel)" time="0.041" />
  <testcase classname="ptolemy.util.test.junit.AutoTests" name="[12] /home/travis/build/icyphy/ptII/ptolemy/domains/continuous/test/auto/CausalityInterface6.xml (RunModel)" time="0.029" />
  <testcase classname="ptolemy.util.test.junit.AutoTests" name="[13] /home/travis/build/icyphy/ptII/ptolemy/domains/continuous/test/auto/CausalityInterface7.xml (RunModel)" time="0.037" />
  <testcase classname="ptolemy.util.test.junit.AutoTests" name="[14] /home/travis/build/icyphy/ptII/ptolemy/domains/continuous/test/auto/CausalityInterface8.xml (RunModel)" time="0.072" />
  <testcase classname="ptolemy.util.test.junit.AutoTests" name="[15] /home/travis/build/icyphy/ptII/ptolemy/domains/continuous/test/auto/CausalityInterface9.xml (RunModel)" time="0.084" />
  <testcase classname="ptolemy.util.test.junit.AutoTests" name="[16] /home/travis/build/icyphy/ptII/ptolemy/domains/continuous/test/auto/CausalityInterfaceFeedback1.xml (RunModel)" time="0.072" />
  <testcase classname="ptolemy.util.test.junit.AutoTests" name="[17] /home/travis/build/icyphy/ptII/ptolemy/domains/continuous/test/auto/CausalityInterfaceFeedback2.xml (RunModel)" time="0.084" />
  <testcase classname="ptolemy.util.test.junit.AutoTests" name="[18] /home/travis/build/icyphy/ptII/ptolemy/domains/continuous/test/auto/CompareWithCurrentTime.xml (RunModel)" time="0.061" />
  <testcase classname="ptolemy.util.test.junit.AutoTests" name="[19] /home/travis/build/icyphy/ptII/ptolemy/domains/continuous/test/auto/ComparedClocks.xml (RunModel)" time="0.135" />
  <testcase classname="ptolemy.util.test.junit.AutoTests" name="[20] /home/travis/build/icyphy/ptII/ptolemy/domains/continuous/test/auto/ContinuousAOCClone.xml (RunModel)" time="2.87" />
  <testcase classname="ptolemy.util.test.junit.AutoTests" name="[21] /home/travis/build/icyphy/ptII/ptolemy/domains/continuous/test/auto/ContinuousClock.xml (RunModel)" time="0.114" />
  <testcase classname="ptolemy.util.test.junit.AutoTests" name="[22] /home/travis/build/icyphy/ptII/ptolemy/domains/continuous/test/auto/ContinuousInContinuous.xml (RunModel)" time="0.094" />
  <testcase classname="ptolemy.util.test.junit.AutoTests" name="[23] /home/travis/build/icyphy/ptII/ptolemy/domains/continuous/test/auto/ContinuousInContinuousInContinuous.xml (RunModel)" time="0.025" />
  <testcase classname="ptolemy.util.test.junit.AutoTests" name="[24] /home/travis/build/icyphy/ptII/ptolemy/domains/continuous/test/auto/ContinuousInDE.xml (RunModel)" time="0.114" />
  <testcase classname="ptolemy.util.test.junit.AutoTests" name="[25] /home/travis/build/icyphy/ptII/ptolemy/domains/continuous/test/auto/ContinuousInDE2.xml (RunModel)" time="0.063" />
  <testcase classname="ptolemy.util.test.junit.AutoTests" name="[26] /home/travis/build/icyphy/ptII/ptolemy/domains/continuous/test/auto/ContinuousInDE3.xml (RunModel)" time="0.063" />
  <testcase classname="ptolemy.util.test.junit.AutoTests" name="[27] /home/travis/build/icyphy/ptII/ptolemy/domains/continuous/test/auto/ContinuousInDE4.xml (RunModel)" time="0.035" />
  <testcase classname="ptolemy.util.test.junit.AutoTests" name="[28] /home/travis/build/icyphy/ptII/ptolemy/domains/continuous/test/auto/ContinuousInDEDifferentRefinements.xml (RunModel)" time="0.088" />
  <testcase classname="ptolemy.util.test.junit.AutoTests" name="[29] /home/travis/build/icyphy/ptII/ptolemy/domains/continuous/test/auto/ContinuousInDEDifferentRefinementsPreemptive.xml (RunModel)" time="0.076" />
  <testcase classname="ptolemy.util.test.junit.AutoTests" name="[30] /home/travis/build/icyphy/ptII/ptolemy/domains/continuous/test/auto/ContinuousInDEInContinuous2.xml (RunModel)" time="0.06" />
  <testcase classname="ptolemy.util.test.junit.AutoTests" name="[31] /home/travis/build/icyphy/ptII/ptolemy/domains/continuous/test/auto/ContinuousInDEInContinuous3.xml (RunModel)" time="0.052" />
  <testcase classname="ptolemy.util.test.junit.AutoTests" name="[32] /home/travis/build/icyphy/ptII/ptolemy/domains/continuous/test/auto/ContinuousInDEInput.xml (RunModel)" time="0.029" />
  <testcase classname="ptolemy.util.test.junit.AutoTests" name="[33] /home/travis/build/icyphy/ptII/ptolemy/domains/continuous/test/auto/ContinuousInDEInput2.xml (RunModel)" time="0.035" />
  <testcase classname="ptolemy.util.test.junit.AutoTests" name="[34] /home/travis/build/icyphy/ptII/ptolemy/domains/continuous/test/auto/ContinuousInDEInput3.xml (RunModel)" time="0.033" />
  <testcase classname="ptolemy.util.test.junit.AutoTests" name="[35] /home/travis/build/icyphy/ptII/ptolemy/domains/continuous/test/auto/ContinuousInDESharingRefinement.xml (RunModel)" time="0.185" />
  <testcase classname="ptolemy.util.test.junit.AutoTests" name="[36] /home/travis/build/icyphy/ptII/ptolemy/domains/continuous/test/auto/ContinuousInDEwithNoPorts.xml (RunModel)" time="0.02" />
  <testcase classname="ptolemy.util.test.junit.AutoTests" name="[37] /home/travis/build/icyphy/ptII/ptolemy/domains/continuous/test/auto/ContinuousInsideDE.xml (RunModel)" time="0.095" />
  <testcase classname="ptolemy.util.test.junit.AutoTests" name="[38] /home/travis/build/icyphy/ptII/ptolemy/domains/continuous/test/auto/ContinuousMerge1.xml (RunModel)" time="0.024" />
  <testcase classname="ptolemy.util.test.junit.AutoTests" name="[39] /home/travis/build/icyphy/ptII/ptolemy/domains/continuous/test/auto/ContinuousMerge2.xml (RunModel)" time="0.064" />
  <testcase classname="ptolemy.util.test.junit.AutoTests" name="[40] /home/travis/build/icyphy/ptII/ptolemy/domains/continuous/test/auto/ContinuousMerge3.xml (RunModel)" time="0.067" />
  <testcase classname="ptolemy.util.test.junit.AutoTests" name="[41] /home/travis/build/icyphy/ptII/ptolemy/domains/continuous/test/auto/ContinuousWithinContinuous.xml (RunModel)" time="0.055" />
  <testcase classname="ptolemy.util.test.junit.AutoTests" name="[42] /home/travis/build/icyphy/ptII/ptolemy/domains/continuous/test/auto/ContinuousWithinContinuous2.xml (RunModel)" time="0.075" />
  <testcase classname="ptolemy.util.test.junit.AutoTests" name="[43] /home/travis/build/icyphy/ptII/ptolemy/domains/continuous/test/auto/ContinuousWithinContinuous3.xml (RunModel)" time="0.035" />
  <testcase classname="ptolemy.util.test.junit.AutoTests" name="[44] /home/travis/build/icyphy/ptII/ptolemy/domains/continuous/test/auto/ContinuousWithinContinuous4.xml (RunModel)" time="0.081" />
  <testcase classname="ptolemy.util.test.junit.AutoTests" name="[45] /home/travis/build/icyphy/ptII/ptolemy/domains/continuous/test/auto/ContinuousWithinContinuous5.xml (RunModel)" time="0.037" />
  <testcase classname="ptolemy.util.test.junit.AutoTests" name="[46] /home/travis/build/icyphy/ptII/ptolemy/domains/continuous/test/auto/ContinuousWithinContinuous6.xml (RunModel)" time="0.031" />
  <testcase classname="ptolemy.util.test.junit.AutoTests" name="[47] /home/travis/build/icyphy/ptII/ptolemy/domains/continuous/test/auto/ContinuousWithinContinuous7.xml (RunModel)" time="0.07" />
  <testcase classname="ptolemy.util.test.junit.AutoTests" name="[48] /home/travis/build/icyphy/ptII/ptolemy/domains/continuous/test/auto/DCMotor.xml (RunModel)" time="14.724" />
  <testcase classname="ptolemy.util.test.junit.AutoTests" name="[49] /home/travis/build/icyphy/ptII/ptolemy/domains/continuous/test/auto/DEInContinuous.xml (RunModel)" time="0.042" />
  <testcase classname="ptolemy.util.test.junit.AutoTests" name="[50] /home/travis/build/icyphy/ptII/ptolemy/domains/continuous/test/auto/DEinContinuous2.xml (RunModel)" time="0.025" />
  <testcase classname="ptolemy.util.test.junit.AutoTests" name="[51] /home/travis/build/icyphy/ptII/ptolemy/domains/continuous/test/auto/Derivative.xml (RunModel)" time="0.185" />
  <testcase classname="ptolemy.util.test.junit.AutoTests" name="[52] /home/travis/build/icyphy/ptII/ptolemy/domains/continuous/test/auto/Derivative1.xml (RunModel)" time="0.045" />
  <testcase classname="ptolemy.util.test.junit.AutoTests" name="[53] /home/travis/build/icyphy/ptII/ptolemy/domains/continuous/test/auto/DiscreteClock.xml (RunModel)" time="0.013" />
  <testcase classname="ptolemy.util.test.junit.AutoTests" name="[54] /home/travis/build/icyphy/ptII/ptolemy/domains/continuous/test/auto/EfficiencyCurve.xml (RunModel)" time="0.09" />
  <testcase classname="ptolemy.util.test.junit.AutoTests" name="[55] /home/travis/build/icyphy/ptII/ptolemy/domains/continuous/test/auto/ExponentialResponse.xml (RunModel)" time="0.131" />
  <testcase classname="ptolemy.util.test.junit.AutoTests" name="[56] /home/travis/build/icyphy/ptII/ptolemy/domains/continuous/test/auto/ExponentialResponseRK45.xml (RunModel)" time="0.037" />
  <testcase classname="ptolemy.util.test.junit.AutoTests" name="[57] /home/travis/build/icyphy/ptII/ptolemy/domains/continuous/test/auto/Friction.xml (RunModel)" time="1.718" />
  <testcase classname="ptolemy.util.test.junit.AutoTests" name="[58] /home/travis/build/icyphy/ptII/ptolemy/domains/continuous/test/auto/FurutaPendulum.xml (RunModel)" time="3.946" />
  <testcase classname="ptolemy.util.test.junit.AutoTests" name="[59] /home/travis/build/icyphy/ptII/ptolemy/domains/continuous/test/auto/HierarchicalExecution.xml (RunModel)" time="2.358" />
  <testcase classname="ptolemy.util.test.junit.AutoTests" name="[60] /home/travis/build/icyphy/ptII/ptolemy/domains/continuous/test/auto/HybridPlant.xml (RunModel)" time="0.651" />
  <testcase classname="ptolemy.util.test.junit.AutoTests" name="[61] /home/travis/build/icyphy/ptII/ptolemy/domains/continuous/test/auto/Hysteresis.xml (RunModel)" time="0.205" />
  <testcase classname="ptolemy.util.test.junit.AutoTests" name="[62] /home/travis/build/icyphy/ptII/ptolemy/domains/continuous/test/auto/HysteresisWithRandomDelay.xml (RunModel)" time="0.26" />
  <testcase classname="ptolemy.util.test.junit.AutoTests" name="[63] /home/travis/build/icyphy/ptII/ptolemy/domains/continuous/test/auto/HysteresisWithRandomLosses.xml (RunModel)" time="2.574" />
  <testcase classname="ptolemy.util.test.junit.AutoTests" name="[64] /home/travis/build/icyphy/ptII/ptolemy/domains/continuous/test/auto/ImmediateTransitions.xml (RunModel)" time="0.039" />
  <testcase classname="ptolemy.util.test.junit.AutoTests" name="[65] /home/travis/build/icyphy/ptII/ptolemy/domains/continuous/test/auto/ImpulseFeedback.xml (RunModel)" time="0.024" />
  <testcase classname="ptolemy.util.test.junit.AutoTests" name="[66] /home/travis/build/icyphy/ptII/ptolemy/domains/continuous/test/auto/ImpulseFeedback2.xml (RunModel)" time="0.021" />
  <testcase classname="ptolemy.util.test.junit.AutoTests" name="[67] /home/travis/build/icyphy/ptII/ptolemy/domains/continuous/test/auto/IncreasingRatePoisson.xml (RunModel)" time="0.815" />
  <testcase classname="ptolemy.util.test.junit.AutoTests" name="[68] /home/travis/build/icyphy/ptII/ptolemy/domains/continuous/test/auto/InitialStateFeedback.xml (RunModel)" time="0.017" />
  <testcase classname="ptolemy.util.test.junit.AutoTests" name="[69] /home/travis/build/icyphy/ptII/ptolemy/domains/continuous/test/auto/Integration.xml (RunModel)" time="0.012" />
  <testcase classname="ptolemy.util.test.junit.AutoTests" name="[70] /home/travis/build/icyphy/ptII/ptolemy/domains/continuous/test/auto/Integration2.xml (RunModel)" time="0.101" />
  <testcase classname="ptolemy.util.test.junit.AutoTests" name="[71] /home/travis/build/icyphy/ptII/ptolemy/domains/continuous/test/auto/Integration3.xml (RunModel)" time="0.014" />
  <testcase classname="ptolemy.util.test.junit.AutoTests" name="[72] /home/travis/build/icyphy/ptII/ptolemy/domains/continuous/test/auto/Integration5.xml (RunModel)" time="0.015" />
  <testcase classname="ptolemy.util.test.junit.AutoTests" name="[73] /home/travis/build/icyphy/ptII/ptolemy/domains/continuous/test/auto/IntegratorImpulse.xml (RunModel)" time="0.009" />
  <testcase classname="ptolemy.util.test.junit.AutoTests" name="[74] /home/travis/build/icyphy/ptII/ptolemy/domains/continuous/test/auto/IntegratorImpulse2.xml (RunModel)" time="0.014" />
  <testcase classname="ptolemy.util.test.junit.AutoTests" name="[75] /home/travis/build/icyphy/ptII/ptolemy/domains/continuous/test/auto/LevelCrossing1.xml (RunModel)" time="0.013" />
  <testcase classname="ptolemy.util.test.junit.AutoTests" name="[76] /home/travis/build/icyphy/ptII/ptolemy/domains/continuous/test/auto/LevelCrossing2.xml (RunModel)" time="0.016" />
  <testcase classname="ptolemy.util.test.junit.AutoTests" name="[77] /home/travis/build/icyphy/ptII/ptolemy/domains/continuous/test/auto/LevelCrossing3.xml (RunModel)" time="0.012" />
  <testcase classname="ptolemy.util.test.junit.AutoTests" name="[78] /home/travis/build/icyphy/ptII/ptolemy/domains/continuous/test/auto/LevelCrossing4.xml (RunModel)" time="0.016" />
  <testcase classname="ptolemy.util.test.junit.AutoTests" name="[79] /home/travis/build/icyphy/ptII/ptolemy/domains/continuous/test/auto/LevelCrossing5.xml (RunModel)" time="0.015" />
  <testcase classname="ptolemy.util.test.junit.AutoTests" name="[80] /home/travis/build/icyphy/ptII/ptolemy/domains/continuous/test/auto/LevelCrossing6.xml (RunModel)" time="0.013" />
  <testcase classname="ptolemy.util.test.junit.AutoTests" name="[81] /home/travis/build/icyphy/ptII/ptolemy/domains/continuous/test/auto/LevelCrossingDetector.xml (RunModel)" time="0.036" />
  <testcase classname="ptolemy.util.test.junit.AutoTests" name="[82] /home/travis/build/icyphy/ptII/ptolemy/domains/continuous/test/auto/LevelCrossingDetectorDetectingDirections.xml (RunModel)" time="0.093" />
  <testcase classname="ptolemy.util.test.junit.AutoTests" name="[83] /home/travis/build/icyphy/ptII/ptolemy/domains/continuous/test/auto/LevelCrossingDetectorDetectsGlitches.xml (RunModel)" time="0.062" />
  <testcase classname="ptolemy.util.test.junit.AutoTests" name="[84] /home/travis/build/icyphy/ptII/ptolemy/domains/continuous/test/auto/LevelCrossingNoInitialOuput.xml (RunModel)" time="0.019" />
  <testcase classname="ptolemy.util.test.junit.AutoTests" name="[85] /home/travis/build/icyphy/ptII/ptolemy/domains/continuous/test/auto/LinearStateSpaceExample.xml (RunModel)" time="0.07" />
  <testcase classname="ptolemy.util.test.junit.AutoTests" name="[86] /home/travis/build/icyphy/ptII/ptolemy/domains/continuous/test/auto/Lorenz.xml (RunModel)" time="4.124" />
  <testcase classname="ptolemy.util.test.junit.AutoTests" name="[87] /home/travis/build/icyphy/ptII/ptolemy/domains/continuous/test/auto/LorenzDifferentialSystem.xml (RunModel)" time="1.203" />
  <testcase classname="ptolemy.util.test.junit.AutoTests" name="[88] /home/travis/build/icyphy/ptII/ptolemy/domains/continuous/test/auto/LorenzDifferentialSystemWithInput.xml (RunModel)" time="1.411" />
  <testcase classname="ptolemy.util.test.junit.AutoTests" name="[89] /home/travis/build/icyphy/ptII/ptolemy/domains/continuous/test/auto/LorenzDifferentialSystemWithTime.xml (RunModel)" time="0.812" />
  <testcase classname="ptolemy.util.test.junit.AutoTests" name="[90] /home/travis/build/icyphy/ptII/ptolemy/domains/continuous/test/auto/Microsteps.xml (RunModel)" time="0.033" />
  <testcase classname="ptolemy.util.test.junit.AutoTests" name="[91] /home/travis/build/icyphy/ptII/ptolemy/domains/continuous/test/auto/Modal1.xml (RunModel)" time="0.045" />
  <testcase classname="ptolemy.util.test.junit.AutoTests" name="[92] /home/travis/build/icyphy/ptII/ptolemy/domains/continuous/test/auto/Modal2.xml (RunModel)" time="0.06" />
  <testcase classname="ptolemy.util.test.junit.AutoTests" name="[93] /home/travis/build/icyphy/ptII/ptolemy/domains/continuous/test/auto/ModalTransitionGuardWithReset.xml (RunModel)" time="0.028" />
  <testcase classname="ptolemy.util.test.junit.AutoTests" name="[94] /home/travis/build/icyphy/ptII/ptolemy/domains/continuous/test/auto/ModalTransitionGuardWithResetUsingPreemptiveTransition.xml (RunModel)" time="0.034" />
  <testcase classname="ptolemy.util.test.junit.AutoTests" name="[95] /home/travis/build/icyphy/ptII/ptolemy/domains/continuous/test/auto/ModalTransitionGuardWithResetUsingPreemptiveTransition2.xml (RunModel)" time="0.028" />
  <testcase classname="ptolemy.util.test.junit.AutoTests" name="[96] /home/travis/build/icyphy/ptII/ptolemy/domains/continuous/test/auto/ModalTransitionGuardWithResetUsingPreemptiveTransition3.xml (RunModel)" time="0.026" />
  <testcase classname="ptolemy.util.test.junit.AutoTests" name="[97] /home/travis/build/icyphy/ptII/ptolemy/domains/continuous/test/auto/NewtonsCradle.xml (RunModel)" time="0.858" />
  <testcase classname="ptolemy.util.test.junit.AutoTests" name="[98] /home/travis/build/icyphy/ptII/ptolemy/domains/continuous/test/auto/NewtonsCradleAnimated.xml (RunModel)" time="1.333" />
  <testcase classname="ptolemy.util.test.junit.AutoTests" name="[99] /home/travis/build/icyphy/ptII/ptolemy/domains/continuous/test/auto/NewtonsCradleComplicated.xml (RunModel)" time="1.136" />
  <testcase classname="ptolemy.util.test.junit.AutoTests" name="[100] /home/travis/build/icyphy/ptII/ptolemy/domains/continuous/test/auto/NewtonsCradleNondeterministic.xml (RunModel)" time="0.762" />
  <testcase classname="ptolemy.util.test.junit.AutoTests" name="[101] /home/travis/build/icyphy/ptII/ptolemy/domains/continuous/test/auto/NewtonsCradlePerfectlyInelastic1.xml (RunModel)" time="1.394" />
  <testcase classname="ptolemy.util.test.junit.AutoTests" name="[102] /home/travis/build/icyphy/ptII/ptolemy/domains/continuous/test/auto/Noise.xml (RunModel)" time="0.222" />
  <testcase classname="ptolemy.util.test.junit.AutoTests" name="[103] /home/travis/build/icyphy/ptII/ptolemy/domains/continuous/test/auto/NoiseSpectrum.xml (RunModel)" time="0.739" />
  <testcase classname="ptolemy.util.test.junit.AutoTests" name="[104] /home/travis/build/icyphy/ptII/ptolemy/domains/continuous/test/auto/ParameterizedNewtonsCradleAnimated.xml (RunModel)" time="0.402" />
  <testcase classname="ptolemy.util.test.junit.AutoTests" name="[105] /home/travis/build/icyphy/ptII/ptolemy/domains/continuous/test/auto/ParameterizedNewtonsCradleAnimatedNondeterministic.xml (RunModel)" time="1.246" />
  <testcase classname="ptolemy.util.test.junit.AutoTests" name="[106] /home/travis/build/icyphy/ptII/ptolemy/domains/continuous/test/auto/Pendulum3D.xml (RunModel)" time="0.182" />
  <testcase classname="ptolemy.util.test.junit.AutoTests" name="[107] /home/travis/build/icyphy/ptII/ptolemy/domains/continuous/test/auto/PeriodicSampler.xml (RunModel)" time="0.013" />
  <testcase classname="ptolemy.util.test.junit.AutoTests" name="[108] /home/travis/build/icyphy/ptII/ptolemy/domains/continuous/test/auto/PeriodicSampler1.xml (RunModel)" time="0.041" />
  <testcase classname="ptolemy.util.test.junit.AutoTests" name="[109] /home/travis/build/icyphy/ptII/ptolemy/domains/continuous/test/auto/PeriodicSampler2.xml (RunModel)" time="0.091" />
  <testcase classname="ptolemy.util.test.junit.AutoTests" name="[110] /home/travis/build/icyphy/ptII/ptolemy/domains/continuous/test/auto/Poisson.xml (RunModel)" time="0.501" />
  <testcase classname="ptolemy.util.test.junit.AutoTests" name="[111] /home/travis/build/icyphy/ptII/ptolemy/domains/continuous/test/auto/PoissonClock.xml (RunModel)" time="0.018" />
  <testcase classname="ptolemy.util.test.junit.AutoTests" name="[112] /home/travis/build/icyphy/ptII/ptolemy/domains/continuous/test/auto/PoissonClock2.xml (RunModel)" time="0.014" />
  <testcase classname="ptolemy.util.test.junit.AutoTests" name="[113] /home/travis/build/icyphy/ptII/ptolemy/domains/continuous/test/auto/PortParameterHierarchy.xml (RunModel)" time="0.029" />
  <testcase classname="ptolemy.util.test.junit.AutoTests" name="[114] /home/travis/build/icyphy/ptII/ptolemy/domains/continuous/test/auto/RandomHybridPlant.xml (RunModel)" time="0.554" />
  <testcase classname="ptolemy.util.test.junit.AutoTests" name="[115] /home/travis/build/icyphy/ptII/ptolemy/domains/continuous/test/auto/ResetTransitionWithStartTime1.xml (RunModel)" time="0.03" />
  <testcase classname="ptolemy.util.test.junit.AutoTests" name="[116] /home/travis/build/icyphy/ptII/ptolemy/domains/continuous/test/auto/ResetTransitionWithStartTime2.xml (RunModel)" time="0.04" />
  <testcase classname="ptolemy.util.test.junit.AutoTests" name="[117] /home/travis/build/icyphy/ptII/ptolemy/domains/continuous/test/auto/ResetTransitionWithStartTime3.xml (RunModel)" time="0.039" />
  <testcase classname="ptolemy.util.test.junit.AutoTests" name="[118] /home/travis/build/icyphy/ptII/ptolemy/domains/continuous/test/auto/ResetTransitionWithStartTime4.xml (RunModel)" time="0.03" />
  <testcase classname="ptolemy.util.test.junit.AutoTests" name="[119] /home/travis/build/icyphy/ptII/ptolemy/domains/continuous/test/auto/ResetTransitionWithStartTime5.xml (RunModel)" time="0.036" />
  <testcase classname="ptolemy.util.test.junit.AutoTests" name="[120] /home/travis/build/icyphy/ptII/ptolemy/domains/continuous/test/auto/ResetTransitionWithStartTime6.xml (RunModel)" time="0.026" />
  <testcase classname="ptolemy.util.test.junit.AutoTests" name="[121] /home/travis/build/icyphy/ptII/ptolemy/domains/continuous/test/auto/SRinContinuous.xml (RunModel)" time="0.025" />
  <testcase classname="ptolemy.util.test.junit.AutoTests" name="[122] /home/travis/build/icyphy/ptII/ptolemy/domains/continuous/test/auto/SampledClocks.xml (RunModel)" time="0.035" />
  <testcase classname="ptolemy.util.test.junit.AutoTests" name="[123] /home/travis/build/icyphy/ptII/ptolemy/domains/continuous/test/auto/Satellite.xml (RunModel)" time="0.909" />
  <testcase classname="ptolemy.util.test.junit.AutoTests" name="[124] /home/travis/build/icyphy/ptII/ptolemy/domains/continuous/test/auto/SigmaDelta.xml (RunModel)" time="2.605" />
  <testcase classname="ptolemy.util.test.junit.AutoTests" name="[125] /home/travis/build/icyphy/ptII/ptolemy/domains/continuous/test/auto/SingleRefinement.xml (RunModel)" time="0.458" />
  <testcase classname="ptolemy.util.test.junit.AutoTests" name="[126] /home/travis/build/icyphy/ptII/ptolemy/domains/continuous/test/auto/SinuBouncingBall.xml (RunModel)" time="0.862" />
  <testcase classname="ptolemy.util.test.junit.AutoTests" name="[127] /home/travis/build/icyphy/ptII/ptolemy/domains/continuous/test/auto/Sinusoid.xml (RunModel)" time="0.016" />
  <testcase classname="ptolemy.util.test.junit.AutoTests" name="[128] /home/travis/build/icyphy/ptII/ptolemy/domains/continuous/test/auto/SinusoidInNoise.xml (RunModel)" time="1.067" />
  <testcase classname="ptolemy.util.test.junit.AutoTests" name="[129] /home/travis/build/icyphy/ptII/ptolemy/domains/continuous/test/auto/SinusoidRK45.xml (RunModel)" time="0.019" />
  <testcase classname="ptolemy.util.test.junit.AutoTests" name="[130] /home/travis/build/icyphy/ptII/ptolemy/domains/continuous/test/auto/SinusoidWithMultipleImpulses.xml (RunModel)" time="0.02" />
  <testcase classname="ptolemy.util.test.junit.AutoTests" name="[131] /home/travis/build/icyphy/ptII/ptolemy/domains/continuous/test/auto/SquareWave.xml (RunModel)" time="0.189" />
  <testcase classname="ptolemy.util.test.junit.AutoTests" name="[132] /home/travis/build/icyphy/ptII/ptolemy/domains/continuous/test/auto/Starmac.xml (RunModel)" time="3.43" />
  <testcase classname="ptolemy.util.test.junit.AutoTests" name="[133] /home/travis/build/icyphy/ptII/ptolemy/domains/continuous/test/auto/StaticUnits.xml (RunModel)" time="2.63" />
  <testcase classname="ptolemy.util.test.junit.AutoTests" name="[134] /home/travis/build/icyphy/ptII/ptolemy/domains/continuous/test/auto/StickyMasses.xml (RunModel)" time="0.221" />
  <testcase classname="ptolemy.util.test.junit.AutoTests" name="[135] /home/travis/build/icyphy/ptII/ptolemy/domains/continuous/test/auto/StopTime.xml (RunModel)" time="0.075" />
  <testcase classname="ptolemy.util.test.junit.AutoTests" name="[136] /home/travis/build/icyphy/ptII/ptolemy/domains/continuous/test/auto/StopTime2.xml (RunModel)" time="0.059" />
  <testcase classname="ptolemy.util.test.junit.AutoTests" name="[137] /home/travis/build/icyphy/ptII/ptolemy/domains/continuous/test/auto/Switch.xml (RunModel)" time="0.079" />
  <testcase classname="ptolemy.util.test.junit.AutoTests" name="[138] /home/travis/build/icyphy/ptII/ptolemy/domains/continuous/test/auto/Thermostat.xml (RunModel)" time="0.215" />
  <testcase classname="ptolemy.util.test.junit.AutoTests" name="[139] /home/travis/build/icyphy/ptII/ptolemy/domains/continuous/test/auto/TimeDelay.xml (RunModel)" time="0.017" />
  <testcase classname="ptolemy.util.test.junit.AutoTests" name="[140] /home/travis/build/icyphy/ptII/ptolemy/domains/continuous/test/auto/TimeDelay2.xml (RunModel)" time="0.044" />
  <testcase classname="ptolemy.util.test.junit.AutoTests" name="[141] /home/travis/build/icyphy/ptII/ptolemy/domains/continuous/test/auto/TimeDelay3.xml (RunModel)" time="0.012" />
  <testcase classname="ptolemy.util.test.junit.AutoTests" name="[142] /home/travis/build/icyphy/ptII/ptolemy/domains/continuous/test/auto/TransferAbsentToInside.xml (RunModel)" time="0.114" />
  <testcase classname="ptolemy.util.test.junit.AutoTests" name="[143] /home/travis/build/icyphy/ptII/ptolemy/domains/continuous/test/auto/Transmission.xml (RunModel)" time="0.848" />
  <testcase classname="ptolemy.util.test.junit.AutoTests" name="[144] /home/travis/build/icyphy/ptII/ptolemy/domains/continuous/test/auto/TriggeredContinuousClock.xml (RunModel)" time="0.066" />
  <testcase classname="ptolemy.util.test.junit.AutoTests" name="[145] /home/travis/build/icyphy/ptII/ptolemy/domains/continuous/test/auto/TwoMachineInfiniteBusControl.xml (RunModel)" time="3.336" />
  <testcase classname="ptolemy.util.test.junit.AutoTests" name="[146] /home/travis/build/icyphy/ptII/ptolemy/domains/continuous/test/auto/V2V.xml (RunModel)" time="0.927" />
  <testcase classname="ptolemy.util.test.junit.AutoTests" name="[147] /home/travis/build/icyphy/ptII/ptolemy/domains/continuous/test/auto/hierarchicalModalModel.xml (RunModel)" time="0.047" />
  <testcase classname="ptolemy.util.test.junit.AutoTests" name="[148] /home/travis/build/icyphy/ptII/ptolemy/domains/continuous/test/auto/hierarchicalModalModel1.xml (RunModel)" time="0.048" />
  <testcase classname="ptolemy.util.test.junit.AutoTests" name="[149] /home/travis/build/icyphy/ptII/ptolemy/domains/continuous/test/auto/hierarchicalModalModel2.xml (RunModel)" time="0.037" />
  <testcase classname="ptolemy.util.test.junit.AutoTests" name="[150] /home/travis/build/icyphy/ptII/ptolemy/domains/continuous/test/auto/hierarchicalModalModel3.xml (RunModel)" time="0.034" />
  <testcase classname="ptolemy.util.test.junit.AutoTests" name="[151] /home/travis/build/icyphy/ptII/ptolemy/domains/continuous/test/auto/hierarchicalModalModel4.xml (RunModel)" time="0.033" />
  <testcase classname="ptolemy.util.test.junit.AutoTests" name="[152] /home/travis/build/icyphy/ptII/ptolemy/domains/continuous/test/auto/junk.xml (RunModel)" time="0.188" />
  <system-out><![CDATA[No tcl tests in /home/travis/build/icyphy/ptII/ptolemy/domains/continuous/test
No auto/knownFailedTests/*.xml tests in /home/travis/build/icyphy/ptII/ptolemy/domains/continuous/test
No auto/linux-amd64/*.xml tests in /home/travis/build/icyphy/ptII/ptolemy/domains/continuous/test
AutoTests.java: About to close Vertx.
AutoTests.java: Vertx closed.

===========================================================================================
----------------- testing Sun Jul 14 04:47:50 UTC 2019 /home/travis/build/icyphy/ptII/ptolemy/domains/continuous/test/auto/BouncingBall.xml
----------------- Instantiating /home/travis/build/icyphy/ptII/ptolemy/domains/continuous/test/auto/BouncingBall.xml
2557 ms. Memory: 120832K Free: 78544K (65%)
----------------- Invoking toplevel() on ptolemy.moml.MoMLSimpleApplication@6a78548f
----------------- Done invoking toplevel() on ptolemy.moml.MoMLSimpleApplication@6a78548f
reloadAllAccessors: .BouncingBall

===========================================================================================
----------------- testing Sun Jul 14 04:47:54 UTC 2019 /home/travis/build/icyphy/ptII/ptolemy/domains/continuous/test/auto/BouncingBallWithoutGR.xml
----------------- Instantiating /home/travis/build/icyphy/ptII/ptolemy/domains/continuous/test/auto/BouncingBallWithoutGR.xml
892 ms. Memory: 145408K Free: 60094K (41%)
----------------- Invoking toplevel() on ptolemy.moml.MoMLSimpleApplication@556b5632
----------------- Done invoking toplevel() on ptolemy.moml.MoMLSimpleApplication@556b5632
reloadAllAccessors: .BouncingBallWithoutGR

===========================================================================================
----------------- testing Sun Jul 14 04:47:55 UTC 2019 /home/travis/build/icyphy/ptII/ptolemy/domains/continuous/test/auto/Brownian.xml
----------------- Instantiating /home/travis/build/icyphy/ptII/ptolemy/domains/continuous/test/auto/Brownian.xml
34 ms. Memory: 145408K Free: 51388K (35%)
----------------- Invoking toplevel() on ptolemy.moml.MoMLSimpleApplication@7a614a50
----------------- Done invoking toplevel() on ptolemy.moml.MoMLSimpleApplication@7a614a50
reloadAllAccessors: .Brownian

===========================================================================================
----------------- testing Sun Jul 14 04:47:55 UTC 2019 /home/travis/build/icyphy/ptII/ptolemy/domains/continuous/test/auto/CarTracking.xml
----------------- Instantiating /home/travis/build/icyphy/ptII/ptolemy/domains/continuous/test/auto/CarTracking.xml
3689 ms. Memory: 219136K Free: 150766K (69%)
----------------- Invoking toplevel() on ptolemy.moml.MoMLSimpleApplication@6cee3043
----------------- Done invoking toplevel() on ptolemy.moml.MoMLSimpleApplication@6cee3043
reloadAllAccessors: .CarTracking

===========================================================================================
----------------- testing Sun Jul 14 04:47:59 UTC 2019 /home/travis/build/icyphy/ptII/ptolemy/domains/continuous/test/auto/CartPendulum.xml
----------------- Instantiating /home/travis/build/icyphy/ptII/ptolemy/domains/continuous/test/auto/CartPendulum.xml
435 ms. Memory: 219136K Free: 184802K (84%)
----------------- Invoking toplevel() on ptolemy.moml.MoMLSimpleApplication@6051f0e9
----------------- Done invoking toplevel() on ptolemy.moml.MoMLSimpleApplication@6051f0e9
reloadAllAccessors: .CartPendulum

===========================================================================================
----------------- testing Sun Jul 14 04:47:59 UTC 2019 /home/travis/build/icyphy/ptII/ptolemy/domains/continuous/test/auto/CausalityInterface10.xml
----------------- Instantiating /home/travis/build/icyphy/ptII/ptolemy/domains/continuous/test/auto/CausalityInterface10.xml
15 ms. Memory: 219136K Free: 174064K (79%)
----------------- Invoking toplevel() on ptolemy.moml.MoMLSimpleApplication@1e88ebf3
----------------- Done invoking toplevel() on ptolemy.moml.MoMLSimpleApplication@1e88ebf3
reloadAllAccessors: .CausalityInterface10

===========================================================================================
----------------- testing Sun Jul 14 04:48:00 UTC 2019 /home/travis/build/icyphy/ptII/ptolemy/domains/continuous/test/auto/CausalityInterface11.xml
----------------- Instantiating /home/travis/build/icyphy/ptII/ptolemy/domains/continuous/test/auto/CausalityInterface11.xml
9 ms. Memory: 219136K Free: 167922K (77%)
----------------- Invoking toplevel() on ptolemy.moml.MoMLSimpleApplication@7bdc13b2
----------------- Done invoking toplevel() on ptolemy.moml.MoMLSimpleApplication@7bdc13b2
reloadAllAccessors: .CausalityInterface11

===========================================================================================
----------------- testing Sun Jul 14 04:48:00 UTC 2019 /home/travis/build/icyphy/ptII/ptolemy/domains/continuous/test/auto/CausalityInterface12.xml
----------------- Instantiating /home/travis/build/icyphy/ptII/ptolemy/domains/continuous/test/auto/CausalityInterface12.xml
5 ms. Memory: 219136K Free: 161778K (74%)
----------------- Invoking toplevel() on ptolemy.moml.MoMLSimpleApplication@f79e342
----------------- Done invoking toplevel() on ptolemy.moml.MoMLSimpleApplication@f79e342
reloadAllAccessors: .CausalityInterface12

===========================================================================================
----------------- testing Sun Jul 14 04:48:00 UTC 2019 /home/travis/build/icyphy/ptII/ptolemy/domains/continuous/test/auto/CausalityInterface13.xml
----------------- Instantiating /home/travis/build/icyphy/ptII/ptolemy/domains/continuous/test/auto/CausalityInterface13.xml
14 ms. Memory: 219136K Free: 155634K (71%)
----------------- Invoking toplevel() on ptolemy.moml.MoMLSimpleApplication@1662f600
----------------- Done invoking toplevel() on ptolemy.moml.MoMLSimpleApplication@1662f600
reloadAllAccessors: .CausalityInterface13

===========================================================================================
----------------- testing Sun Jul 14 04:48:00 UTC 2019 /home/travis/build/icyphy/ptII/ptolemy/domains/continuous/test/auto/CausalityInterface14.xml
----------------- Instantiating /home/travis/build/icyphy/ptII/ptolemy/domains/continuous/test/auto/CausalityInterface14.xml
4 ms. Memory: 219136K Free: 149986K (68%)
----------------- Invoking toplevel() on ptolemy.moml.MoMLSimpleApplication@392f8060
----------------- Done invoking toplevel() on ptolemy.moml.MoMLSimpleApplication@392f8060
reloadAllAccessors: .CausalityInterface14

===========================================================================================
----------------- testing Sun Jul 14 04:48:00 UTC 2019 /home/travis/build/icyphy/ptII/ptolemy/domains/continuous/test/auto/CausalityInterface4.xml
----------------- Instantiating /home/travis/build/icyphy/ptII/ptolemy/domains/continuous/test/auto/CausalityInterface4.xml
4 ms. Memory: 219136K Free: 142818K (65%)
----------------- Invoking toplevel() on ptolemy.moml.MoMLSimpleApplication@3af2d2af
----------------- Done invoking toplevel() on ptolemy.moml.MoMLSimpleApplication@3af2d2af
reloadAllAccessors: .CausalityInterface4

===========================================================================================
----------------- testing Sun Jul 14 04:48:00 UTC 2019 /home/travis/build/icyphy/ptII/ptolemy/domains/continuous/test/auto/CausalityInterface5.xml
----------------- Instantiating /home/travis/build/icyphy/ptII/ptolemy/domains/continuous/test/auto/CausalityInterface5.xml
7 ms. Memory: 219136K Free: 134640K (61%)
----------------- Invoking toplevel() on ptolemy.moml.MoMLSimpleApplication@44b30e92
----------------- Done invoking toplevel() on ptolemy.moml.MoMLSimpleApplication@44b30e92
reloadAllAccessors: .CausalityInterface5

===========================================================================================
----------------- testing Sun Jul 14 04:48:00 UTC 2019 /home/travis/build/icyphy/ptII/ptolemy/domains/continuous/test/auto/CausalityInterface6.xml
----------------- Instantiating /home/travis/build/icyphy/ptII/ptolemy/domains/continuous/test/auto/CausalityInterface6.xml
7 ms. Memory: 219136K Free: 129506K (59%)
----------------- Invoking toplevel() on ptolemy.moml.MoMLSimpleApplication@26ed42b5
----------------- Done invoking toplevel() on ptolemy.moml.MoMLSimpleApplication@26ed42b5
reloadAllAccessors: .CausalityInterface6

===========================================================================================
----------------- testing Sun Jul 14 04:48:00 UTC 2019 /home/travis/build/icyphy/ptII/ptolemy/domains/continuous/test/auto/CausalityInterface7.xml
----------------- Instantiating /home/travis/build/icyphy/ptII/ptolemy/domains/continuous/test/auto/CausalityInterface7.xml
10 ms. Memory: 219136K Free: 120818K (55%)
----------------- Invoking toplevel() on ptolemy.moml.MoMLSimpleApplication@41c3345b
----------------- Done invoking toplevel() on ptolemy.moml.MoMLSimpleApplication@41c3345b
reloadAllAccessors: .CausalityInterface7

===========================================================================================
----------------- testing Sun Jul 14 04:48:00 UTC 2019 /home/travis/build/icyphy/ptII/ptolemy/domains/continuous/test/auto/CausalityInterface8.xml
----------------- Instantiating /home/travis/build/icyphy/ptII/ptolemy/domains/continuous/test/auto/CausalityInterface8.xml
5 ms. Memory: 219136K Free: 111602K (51%)
----------------- Invoking toplevel() on ptolemy.moml.MoMLSimpleApplication@7730d45b
----------------- Done invoking toplevel() on ptolemy.moml.MoMLSimpleApplication@7730d45b
reloadAllAccessors: .CausalityInterface8

===========================================================================================
----------------- testing Sun Jul 14 04:48:00 UTC 2019 /home/travis/build/icyphy/ptII/ptolemy/domains/continuous/test/auto/CausalityInterface9.xml
----------------- Instantiating /home/travis/build/icyphy/ptII/ptolemy/domains/continuous/test/auto/CausalityInterface9.xml
5 ms. Memory: 219136K Free: 100848K (46%)
----------------- Invoking toplevel() on ptolemy.moml.MoMLSimpleApplication@7e706976
----------------- Done invoking toplevel() on ptolemy.moml.MoMLSimpleApplication@7e706976
reloadAllAccessors: .CausalityInterface9

===========================================================================================
----------------- testing Sun Jul 14 04:48:00 UTC 2019 /home/travis/build/icyphy/ptII/ptolemy/domains/continuous/test/auto/CausalityInterfaceFeedback1.xml
----------------- Instantiating /home/travis/build/icyphy/ptII/ptolemy/domains/continuous/test/auto/CausalityInterfaceFeedback1.xml
5 ms. Memory: 219136K Free: 94194K (43%)
----------------- Invoking toplevel() on ptolemy.moml.MoMLSimpleApplication@7ea5ff45
----------------- Done invoking toplevel() on ptolemy.moml.MoMLSimpleApplication@7ea5ff45
reloadAllAccessors: .CausalityInterfaceFeedback1

===========================================================================================
----------------- testing Sun Jul 14 04:48:00 UTC 2019 /home/travis/build/icyphy/ptII/ptolemy/domains/continuous/test/auto/CausalityInterfaceFeedback2.xml
----------------- Instantiating /home/travis/build/icyphy/ptII/ptolemy/domains/continuous/test/auto/CausalityInterfaceFeedback2.xml
4 ms. Memory: 219136K Free: 87522K (40%)
----------------- Invoking toplevel() on ptolemy.moml.MoMLSimpleApplication@754a2491
----------------- Done invoking toplevel() on ptolemy.moml.MoMLSimpleApplication@754a2491
reloadAllAccessors: .CausalityInterfaceFeedback2

===========================================================================================
----------------- testing Sun Jul 14 04:48:00 UTC 2019 /home/travis/build/icyphy/ptII/ptolemy/domains/continuous/test/auto/CompareWithCurrentTime.xml
----------------- Instantiating /home/travis/build/icyphy/ptII/ptolemy/domains/continuous/test/auto/CompareWithCurrentTime.xml
4 ms. Memory: 219136K Free: 83440K (38%)
----------------- Invoking toplevel() on ptolemy.moml.MoMLSimpleApplication@20ac095
----------------- Done invoking toplevel() on ptolemy.moml.MoMLSimpleApplication@20ac095
reloadAllAccessors: .CompareWithCurrentTime

===========================================================================================
----------------- testing Sun Jul 14 04:48:00 UTC 2019 /home/travis/build/icyphy/ptII/ptolemy/domains/continuous/test/auto/ComparedClocks.xml
----------------- Instantiating /home/travis/build/icyphy/ptII/ptolemy/domains/continuous/test/auto/ComparedClocks.xml
7 ms. Memory: 219136K Free: 197433K (90%)
----------------- Invoking toplevel() on ptolemy.moml.MoMLSimpleApplication@97db45
----------------- Done invoking toplevel() on ptolemy.moml.MoMLSimpleApplication@97db45
reloadAllAccessors: .ComparedClocks

===========================================================================================
----------------- testing Sun Jul 14 04:48:00 UTC 2019 /home/travis/build/icyphy/ptII/ptolemy/domains/continuous/test/auto/ContinuousAOCClone.xml
----------------- Instantiating /home/travis/build/icyphy/ptII/ptolemy/domains/continuous/test/auto/ContinuousAOCClone.xml
2606 ms. Memory: 263168K Free: 95398K (36%)
----------------- Invoking toplevel() on ptolemy.moml.MoMLSimpleApplication@1d7c3da1
----------------- Done invoking toplevel() on ptolemy.moml.MoMLSimpleApplication@1d7c3da1
reloadAllAccessors: .ContinuousAOCClone

===========================================================================================
----------------- testing Sun Jul 14 04:48:03 UTC 2019 /home/travis/build/icyphy/ptII/ptolemy/domains/continuous/test/auto/ContinuousClock.xml
----------------- Instantiating /home/travis/build/icyphy/ptII/ptolemy/domains/continuous/test/auto/ContinuousClock.xml
31 ms. Memory: 263168K Free: 229965K (87%)
----------------- Invoking toplevel() on ptolemy.moml.MoMLSimpleApplication@5fe98c11
----------------- Done invoking toplevel() on ptolemy.moml.MoMLSimpleApplication@5fe98c11
reloadAllAccessors: .ContinuousClock

===========================================================================================
----------------- testing Sun Jul 14 04:48:03 UTC 2019 /home/travis/build/icyphy/ptII/ptolemy/domains/continuous/test/auto/ContinuousInContinuous.xml
----------------- Instantiating /home/travis/build/icyphy/ptII/ptolemy/domains/continuous/test/auto/ContinuousInContinuous.xml
49 ms. Memory: 263168K Free: 206413K (78%)
----------------- Invoking toplevel() on ptolemy.moml.MoMLSimpleApplication@4fa48e9c
----------------- Done invoking toplevel() on ptolemy.moml.MoMLSimpleApplication@4fa48e9c
reloadAllAccessors: .ContinuousInContinuous

===========================================================================================
----------------- testing Sun Jul 14 04:48:03 UTC 2019 /home/travis/build/icyphy/ptII/ptolemy/domains/continuous/test/auto/ContinuousInContinuousInContinuous.xml
----------------- Instantiating /home/travis/build/icyphy/ptII/ptolemy/domains/continuous/test/auto/ContinuousInContinuousInContinuous.xml
6 ms. Memory: 263168K Free: 198750K (76%)
----------------- Invoking toplevel() on ptolemy.moml.MoMLSimpleApplication@1a41acb
----------------- Done invoking toplevel() on ptolemy.moml.MoMLSimpleApplication@1a41acb
reloadAllAccessors: .ContinuousInContinuousInContinuous

===========================================================================================
----------------- testing Sun Jul 14 04:48:03 UTC 2019 /home/travis/build/icyphy/ptII/ptolemy/domains/continuous/test/auto/ContinuousInDE.xml
----------------- Instantiating /home/travis/build/icyphy/ptII/ptolemy/domains/continuous/test/auto/ContinuousInDE.xml
93 ms. Memory: 263168K Free: 187996K (71%)
----------------- Invoking toplevel() on ptolemy.moml.MoMLSimpleApplication@2b547e45
----------------- Done invoking toplevel() on ptolemy.moml.MoMLSimpleApplication@2b547e45
reloadAllAccessors: .ContinuousInDE

===========================================================================================
----------------- testing Sun Jul 14 04:48:04 UTC 2019 /home/travis/build/icyphy/ptII/ptolemy/domains/continuous/test/auto/ContinuousInDE2.xml
----------------- Instantiating /home/travis/build/icyphy/ptII/ptolemy/domains/continuous/test/auto/ContinuousInDE2.xml
51 ms. Memory: 263168K Free: 178270K (68%)
----------------- Invoking toplevel() on ptolemy.moml.MoMLSimpleApplication@1d2b2f74
----------------- Done invoking toplevel() on ptolemy.moml.MoMLSimpleApplication@1d2b2f74
reloadAllAccessors: .ContinuousInDE2

===========================================================================================
----------------- testing Sun Jul 14 04:48:04 UTC 2019 /home/travis/build/icyphy/ptII/ptolemy/domains/continuous/test/auto/ContinuousInDE3.xml
----------------- Instantiating /home/travis/build/icyphy/ptII/ptolemy/domains/continuous/test/auto/ContinuousInDE3.xml
41 ms. Memory: 263168K Free: 168540K (64%)
----------------- Invoking toplevel() on ptolemy.moml.MoMLSimpleApplication@1932f33d
----------------- Done invoking toplevel() on ptolemy.moml.MoMLSimpleApplication@1932f33d
reloadAllAccessors: .ContinuousInDE3

===========================================================================================
----------------- testing Sun Jul 14 04:48:04 UTC 2019 /home/travis/build/icyphy/ptII/ptolemy/domains/continuous/test/auto/ContinuousInDE4.xml
----------------- Instantiating /home/travis/build/icyphy/ptII/ptolemy/domains/continuous/test/auto/ContinuousInDE4.xml
16 ms. Memory: 263168K Free: 162396K (62%)
----------------- Invoking toplevel() on ptolemy.moml.MoMLSimpleApplication@3308cc
----------------- Done invoking toplevel() on ptolemy.moml.MoMLSimpleApplication@3308cc
reloadAllAccessors: .ContinuousInDE4

===========================================================================================
----------------- testing Sun Jul 14 04:48:04 UTC 2019 /home/travis/build/icyphy/ptII/ptolemy/domains/continuous/test/auto/ContinuousInDEDifferentRefinements.xml
----------------- Instantiating /home/travis/build/icyphy/ptII/ptolemy/domains/continuous/test/auto/ContinuousInDEDifferentRefinements.xml
43 ms. Memory: 263168K Free: 131166K (50%)
----------------- Invoking toplevel() on ptolemy.moml.MoMLSimpleApplication@52fd0b5a
----------------- Done invoking toplevel() on ptolemy.moml.MoMLSimpleApplication@52fd0b5a
reloadAllAccessors: .ContinuousInDEDifferentRefinements

===========================================================================================
----------------- testing Sun Jul 14 04:48:04 UTC 2019 /home/travis/build/icyphy/ptII/ptolemy/domains/continuous/test/auto/ContinuousInDEDifferentRefinementsPreemptive.xml
----------------- Instantiating /home/travis/build/icyphy/ptII/ptolemy/domains/continuous/test/auto/ContinuousInDEDifferentRefinementsPreemptive.xml
40 ms. Memory: 263168K Free: 100941K (38%)
----------------- Invoking toplevel() on ptolemy.moml.MoMLSimpleApplication@12a6a8ab
----------------- Done invoking toplevel() on ptolemy.moml.MoMLSimpleApplication@12a6a8ab
reloadAllAccessors: .ContinuousInDEDifferentRefinementsPreemptive

===========================================================================================
----------------- testing Sun Jul 14 04:48:04 UTC 2019 /home/travis/build/icyphy/ptII/ptolemy/domains/continuous/test/auto/ContinuousInDEInContinuous2.xml
----------------- Instantiating /home/travis/build/icyphy/ptII/ptolemy/domains/continuous/test/auto/ContinuousInDEInContinuous2.xml
37 ms. Memory: 263168K Free: 246149K (94%)
----------------- Invoking toplevel() on ptolemy.moml.MoMLSimpleApplication@21833d1e
----------------- Done invoking toplevel() on ptolemy.moml.MoMLSimpleApplication@21833d1e
reloadAllAccessors: .ContinuousInDEInContinuous2

===========================================================================================
----------------- testing Sun Jul 14 04:48:04 UTC 2019 /home/travis/build/icyphy/ptII/ptolemy/domains/continuous/test/auto/ContinuousInDEInContinuous3.xml
----------------- Instantiating /home/travis/build/icyphy/ptII/ptolemy/domains/continuous/test/auto/ContinuousInDEInContinuous3.xml
30 ms. Memory: 263168K Free: 233861K (89%)
----------------- Invoking toplevel() on ptolemy.moml.MoMLSimpleApplication@502abce5
----------------- Done invoking toplevel() on ptolemy.moml.MoMLSimpleApplication@502abce5
reloadAllAccessors: .ContinuousInDEInContinuous3

===========================================================================================
----------------- testing Sun Jul 14 04:48:04 UTC 2019 /home/travis/build/icyphy/ptII/ptolemy/domains/continuous/test/auto/ContinuousInDEInput.xml
----------------- Instantiating /home/travis/build/icyphy/ptII/ptolemy/domains/continuous/test/auto/ContinuousInDEInput.xml
15 ms. Memory: 263168K Free: 226693K (86%)
----------------- Invoking toplevel() on ptolemy.moml.MoMLSimpleApplication@58ba98db
----------------- Done invoking toplevel() on ptolemy.moml.MoMLSimpleApplication@58ba98db
reloadAllAccessors: .ContinuousInDEInput

===========================================================================================
----------------- testing Sun Jul 14 04:48:04 UTC 2019 /home/travis/build/icyphy/ptII/ptolemy/domains/continuous/test/auto/ContinuousInDEInput2.xml
----------------- Instantiating /home/travis/build/icyphy/ptII/ptolemy/domains/continuous/test/auto/ContinuousInDEInput2.xml
13 ms. Memory: 263168K Free: 219525K (83%)
----------------- Invoking toplevel() on ptolemy.moml.MoMLSimpleApplication@1c2da88e
----------------- Done invoking toplevel() on ptolemy.moml.MoMLSimpleApplication@1c2da88e
reloadAllAccessors: .ContinuousInDEInput2

===========================================================================================
----------------- testing Sun Jul 14 04:48:04 UTC 2019 /home/travis/build/icyphy/ptII/ptolemy/domains/continuous/test/auto/ContinuousInDEInput3.xml
----------------- Instantiating /home/travis/build/icyphy/ptII/ptolemy/domains/continuous/test/auto/ContinuousInDEInput3.xml
12 ms. Memory: 263168K Free: 212357K (81%)
----------------- Invoking toplevel() on ptolemy.moml.MoMLSimpleApplication@103e96
----------------- Done invoking toplevel() on ptolemy.moml.MoMLSimpleApplication@103e96
reloadAllAccessors: .ContinuousInDEInput3

===========================================================================================
----------------- testing Sun Jul 14 04:48:04 UTC 2019 /home/travis/build/icyphy/ptII/ptolemy/domains/continuous/test/auto/ContinuousInDESharingRefinement.xml
----------------- Instantiating /home/travis/build/icyphy/ptII/ptolemy/domains/continuous/test/auto/ContinuousInDESharingRefinement.xml
156 ms. Memory: 263168K Free: 118149K (45%)
----------------- Invoking toplevel() on ptolemy.moml.MoMLSimpleApplication@16ee63bc
----------------- Done invoking toplevel() on ptolemy.moml.MoMLSimpleApplication@16ee63bc
reloadAllAccessors: .ContinuousInDESharingRefinement

===========================================================================================
----------------- testing Sun Jul 14 04:48:04 UTC 2019 /home/travis/build/icyphy/ptII/ptolemy/domains/continuous/test/auto/ContinuousInDEwithNoPorts.xml
----------------- Instantiating /home/travis/build/icyphy/ptII/ptolemy/domains/continuous/test/auto/ContinuousInDEwithNoPorts.xml
5 ms. Memory: 263168K Free: 114053K (43%)
----------------- Invoking toplevel() on ptolemy.moml.MoMLSimpleApplication@16c1339d
----------------- Done invoking toplevel() on ptolemy.moml.MoMLSimpleApplication@16c1339d
reloadAllAccessors: .ContinuousInDEwithNoPorts

===========================================================================================
----------------- testing Sun Jul 14 04:48:04 UTC 2019 /home/travis/build/icyphy/ptII/ptolemy/domains/continuous/test/auto/ContinuousInsideDE.xml
----------------- Instantiating /home/travis/build/icyphy/ptII/ptolemy/domains/continuous/test/auto/ContinuousInsideDE.xml
34 ms. Memory: 263168K Free: 102789K (39%)
----------------- Invoking toplevel() on ptolemy.moml.MoMLSimpleApplication@e58bda
----------------- Done invoking toplevel() on ptolemy.moml.MoMLSimpleApplication@e58bda
reloadAllAccessors: .ContinuousInsideDE

===========================================================================================
----------------- testing Sun Jul 14 04:48:04 UTC 2019 /home/travis/build/icyphy/ptII/ptolemy/domains/continuous/test/auto/ContinuousMerge1.xml
----------------- Instantiating /home/travis/build/icyphy/ptII/ptolemy/domains/continuous/test/auto/ContinuousMerge1.xml
3 ms. Memory: 263168K Free: 98165K (37%)
----------------- Invoking toplevel() on ptolemy.moml.MoMLSimpleApplication@72e803eb
----------------- Done invoking toplevel() on ptolemy.moml.MoMLSimpleApplication@72e803eb
reloadAllAccessors: .ContinuousMerge1

===========================================================================================
----------------- testing Sun Jul 14 04:48:05 UTC 2019 /home/travis/build/icyphy/ptII/ptolemy/domains/continuous/test/auto/ContinuousMerge2.xml
----------------- Instantiating /home/travis/build/icyphy/ptII/ptolemy/domains/continuous/test/auto/ContinuousMerge2.xml
22 ms. Memory: 263168K Free: 244449K (93%)
----------------- Invoking toplevel() on ptolemy.moml.MoMLSimpleApplication@d25da89
----------------- Done invoking toplevel() on ptolemy.moml.MoMLSimpleApplication@d25da89
reloadAllAccessors: .ContinuousMerge2

===========================================================================================
----------------- testing Sun Jul 14 04:48:05 UTC 2019 /home/travis/build/icyphy/ptII/ptolemy/domains/continuous/test/auto/ContinuousMerge3.xml
----------------- Instantiating /home/travis/build/icyphy/ptII/ptolemy/domains/continuous/test/auto/ContinuousMerge3.xml
41 ms. Memory: 263168K Free: 233699K (89%)
----------------- Invoking toplevel() on ptolemy.moml.MoMLSimpleApplication@b38d4ee
----------------- Done invoking toplevel() on ptolemy.moml.MoMLSimpleApplication@b38d4ee
reloadAllAccessors: .ContinuousMerge3

===========================================================================================
----------------- testing Sun Jul 14 04:48:05 UTC 2019 /home/travis/build/icyphy/ptII/ptolemy/domains/continuous/test/auto/ContinuousWithinContinuous.xml
----------------- Instantiating /home/travis/build/icyphy/ptII/ptolemy/domains/continuous/test/auto/ContinuousWithinContinuous.xml
36 ms. Memory: 263168K Free: 223969K (85%)
----------------- Invoking toplevel() on ptolemy.moml.MoMLSimpleApplication@40193a31
----------------- Done invoking toplevel() on ptolemy.moml.MoMLSimpleApplication@40193a31
reloadAllAccessors: .ContinuousWithinContinuous

===========================================================================================
----------------- testing Sun Jul 14 04:48:05 UTC 2019 /home/travis/build/icyphy/ptII/ptolemy/domains/continuous/test/auto/ContinuousWithinContinuous2.xml
----------------- Instantiating /home/travis/build/icyphy/ptII/ptolemy/domains/continuous/test/auto/ContinuousWithinContinuous2.xml
63 ms. Memory: 263168K Free: 212705K (81%)
----------------- Invoking toplevel() on ptolemy.moml.MoMLSimpleApplication@78f695ac
----------------- Done invoking toplevel() on ptolemy.moml.MoMLSimpleApplication@78f695ac
reloadAllAccessors: .ContinuousWithinContinuous2

===========================================================================================
----------------- testing Sun Jul 14 04:48:05 UTC 2019 /home/travis/build/icyphy/ptII/ptolemy/domains/continuous/test/auto/ContinuousWithinContinuous3.xml
----------------- Instantiating /home/travis/build/icyphy/ptII/ptolemy/domains/continuous/test/auto/ContinuousWithinContinuous3.xml
12 ms. Memory: 263168K Free: 206051K (78%)
----------------- Invoking toplevel() on ptolemy.moml.MoMLSimpleApplication@58cc5495
----------------- Done invoking toplevel() on ptolemy.moml.MoMLSimpleApplication@58cc5495
reloadAllAccessors: .ContinuousWithinContinuous3

===========================================================================================
----------------- testing Sun Jul 14 04:48:05 UTC 2019 /home/travis/build/icyphy/ptII/ptolemy/domains/continuous/test/auto/ContinuousWithinContinuous4.xml
----------------- Instantiating /home/travis/build/icyphy/ptII/ptolemy/domains/continuous/test/auto/ContinuousWithinContinuous4.xml
69 ms. Memory: 263168K Free: 193763K (74%)
----------------- Invoking toplevel() on ptolemy.moml.MoMLSimpleApplication@3e5ebb05
----------------- Done invoking toplevel() on ptolemy.moml.MoMLSimpleApplication@3e5ebb05
reloadAllAccessors: .ContinuousWithinContinuous4

===========================================================================================
----------------- testing Sun Jul 14 04:48:05 UTC 2019 /home/travis/build/icyphy/ptII/ptolemy/domains/continuous/test/auto/ContinuousWithinContinuous5.xml
----------------- Instantiating /home/travis/build/icyphy/ptII/ptolemy/domains/continuous/test/auto/ContinuousWithinContinuous5.xml
15 ms. Memory: 263168K Free: 186081K (71%)
----------------- Invoking toplevel() on ptolemy.moml.MoMLSimpleApplication@6eea1877
----------------- Done invoking toplevel() on ptolemy.moml.MoMLSimpleApplication@6eea1877
reloadAllAccessors: .ContinuousWithinContinuous5

===========================================================================================
----------------- testing Sun Jul 14 04:48:05 UTC 2019 /home/travis/build/icyphy/ptII/ptolemy/domains/continuous/test/auto/ContinuousWithinContinuous6.xml
----------------- Instantiating /home/travis/build/icyphy/ptII/ptolemy/domains/continuous/test/auto/ContinuousWithinContinuous6.xml
11 ms. Memory: 263168K Free: 178913K (68%)
----------------- Invoking toplevel() on ptolemy.moml.MoMLSimpleApplication@726f7bb4
----------------- Done invoking toplevel() on ptolemy.moml.MoMLSimpleApplication@726f7bb4
reloadAllAccessors: .ContinuousWithinContinuous6

===========================================================================================
----------------- testing Sun Jul 14 04:48:05 UTC 2019 /home/travis/build/icyphy/ptII/ptolemy/domains/continuous/test/auto/ContinuousWithinContinuous7.xml
----------------- Instantiating /home/travis/build/icyphy/ptII/ptolemy/domains/continuous/test/auto/ContinuousWithinContinuous7.xml
57 ms. Memory: 263168K Free: 168163K (64%)
----------------- Invoking toplevel() on ptolemy.moml.MoMLSimpleApplication@4c5893b6
----------------- Done invoking toplevel() on ptolemy.moml.MoMLSimpleApplication@4c5893b6
reloadAllAccessors: .ContinuousWithinContinuous7

===========================================================================================
----------------- testing Sun Jul 14 04:48:05 UTC 2019 /home/travis/build/icyphy/ptII/ptolemy/domains/continuous/test/auto/DCMotor.xml
----------------- Instantiating /home/travis/build/icyphy/ptII/ptolemy/domains/continuous/test/auto/DCMotor.xml
14633 ms. Memory: 263168K Free: 164124K (62%)
----------------- Invoking toplevel() on ptolemy.moml.MoMLSimpleApplication@7cc63ebe
----------------- Done invoking toplevel() on ptolemy.moml.MoMLSimpleApplication@7cc63ebe
reloadAllAccessors: .DCMotor

===========================================================================================
----------------- testing Sun Jul 14 04:48:20 UTC 2019 /home/travis/build/icyphy/ptII/ptolemy/domains/continuous/test/auto/DEInContinuous.xml
----------------- Instantiating /home/travis/build/icyphy/ptII/ptolemy/domains/continuous/test/auto/DEInContinuous.xml
23 ms. Memory: 263168K Free: 158010K (60%)
----------------- Invoking toplevel() on ptolemy.moml.MoMLSimpleApplication@e63cd23
----------------- Done invoking toplevel() on ptolemy.moml.MoMLSimpleApplication@e63cd23
reloadAllAccessors: .DEInContinuous

===========================================================================================
----------------- testing Sun Jul 14 04:48:20 UTC 2019 /home/travis/build/icyphy/ptII/ptolemy/domains/continuous/test/auto/DEinContinuous2.xml
----------------- Instantiating /home/travis/build/icyphy/ptII/ptolemy/domains/continuous/test/auto/DEinContinuous2.xml
5 ms. Memory: 263168K Free: 150332K (57%)
----------------- Invoking toplevel() on ptolemy.moml.MoMLSimpleApplication@ff248f7
----------------- Done invoking toplevel() on ptolemy.moml.MoMLSimpleApplication@ff248f7
reloadAllAccessors: .DEinContinuous2

===========================================================================================
----------------- testing Sun Jul 14 04:48:20 UTC 2019 /home/travis/build/icyphy/ptII/ptolemy/domains/continuous/test/auto/Derivative.xml
----------------- Instantiating /home/travis/build/icyphy/ptII/ptolemy/domains/continuous/test/auto/Derivative.xml
138 ms. Memory: 263168K Free: 121660K (46%)
----------------- Invoking toplevel() on ptolemy.moml.MoMLSimpleApplication@6707670d
----------------- Done invoking toplevel() on ptolemy.moml.MoMLSimpleApplication@6707670d
reloadAllAccessors: .Derivative2

===========================================================================================
----------------- testing Sun Jul 14 04:48:20 UTC 2019 /home/travis/build/icyphy/ptII/ptolemy/domains/continuous/test/auto/Derivative1.xml
----------------- Instantiating /home/travis/build/icyphy/ptII/ptolemy/domains/continuous/test/auto/Derivative1.xml
17 ms. Memory: 263168K Free: 107324K (41%)
----------------- Invoking toplevel() on ptolemy.moml.MoMLSimpleApplication@5feea10c
----------------- Done invoking toplevel() on ptolemy.moml.MoMLSimpleApplication@5feea10c
reloadAllAccessors: .Derivative1

===========================================================================================
----------------- testing Sun Jul 14 04:48:20 UTC 2019 /home/travis/build/icyphy/ptII/ptolemy/domains/continuous/test/auto/DiscreteClock.xml
----------------- Instantiating /home/travis/build/icyphy/ptII/ptolemy/domains/continuous/test/auto/DiscreteClock.xml
3 ms. Memory: 263168K Free: 102204K (39%)
----------------- Invoking toplevel() on ptolemy.moml.MoMLSimpleApplication@5523f6a9
----------------- Done invoking toplevel() on ptolemy.moml.MoMLSimpleApplication@5523f6a9
reloadAllAccessors: .DiscreteClock

===========================================================================================
----------------- testing Sun Jul 14 04:48:20 UTC 2019 /home/travis/build/icyphy/ptII/ptolemy/domains/continuous/test/auto/EfficiencyCurve.xml
----------------- Instantiating /home/travis/build/icyphy/ptII/ptolemy/domains/continuous/test/auto/EfficiencyCurve.xml
67 ms. Memory: 263168K Free: 93498K (36%)
----------------- Invoking toplevel() on ptolemy.moml.MoMLSimpleApplication@6542e48c
----------------- Done invoking toplevel() on ptolemy.moml.MoMLSimpleApplication@6542e48c
reloadAllAccessors: .EfficiencyCurve

===========================================================================================
----------------- testing Sun Jul 14 04:48:20 UTC 2019 /home/travis/build/icyphy/ptII/ptolemy/domains/continuous/test/auto/ExponentialResponse.xml
----------------- Instantiating /home/travis/build/icyphy/ptII/ptolemy/domains/continuous/test/auto/ExponentialResponse.xml
107 ms. Memory: 263168K Free: 235009K (89%)
----------------- Invoking toplevel() on ptolemy.moml.MoMLSimpleApplication@74b4554c
----------------- Done invoking toplevel() on ptolemy.moml.MoMLSimpleApplication@74b4554c
reloadAllAccessors: .ExponentialResponse

===========================================================================================
----------------- testing Sun Jul 14 04:48:20 UTC 2019 /home/travis/build/icyphy/ptII/ptolemy/domains/continuous/test/auto/ExponentialResponseRK45.xml
----------------- Instantiating /home/travis/build/icyphy/ptII/ptolemy/domains/continuous/test/auto/ExponentialResponseRK45.xml
28 ms. Memory: 263168K Free: 228351K (87%)
----------------- Invoking toplevel() on ptolemy.moml.MoMLSimpleApplication@30cb617f
----------------- Done invoking toplevel() on ptolemy.moml.MoMLSimpleApplication@30cb617f
reloadAllAccessors: .ExponentialResponseRK45

===========================================================================================
----------------- testing Sun Jul 14 04:48:20 UTC 2019 /home/travis/build/icyphy/ptII/ptolemy/domains/continuous/test/auto/Friction.xml
----------------- Instantiating /home/travis/build/icyphy/ptII/ptolemy/domains/continuous/test/auto/Friction.xml
1581 ms. Memory: 263168K Free: 111153K (42%)
----------------- Invoking toplevel() on ptolemy.moml.MoMLSimpleApplication@2fb39767
----------------- Done invoking toplevel() on ptolemy.moml.MoMLSimpleApplication@2fb39767
reloadAllAccessors: .Friction

===========================================================================================
----------------- testing Sun Jul 14 04:48:22 UTC 2019 /home/travis/build/icyphy/ptII/ptolemy/domains/continuous/test/auto/FurutaPendulum.xml
----------------- Instantiating /home/travis/build/icyphy/ptII/ptolemy/domains/continuous/test/auto/FurutaPendulum.xml
3788 ms. Memory: 263168K Free: 208575K (79%)
----------------- Invoking toplevel() on ptolemy.moml.MoMLSimpleApplication@4a88a531
----------------- Done invoking toplevel() on ptolemy.moml.MoMLSimpleApplication@4a88a531
reloadAllAccessors: .FurutaPendulum

===========================================================================================
----------------- testing Sun Jul 14 04:48:26 UTC 2019 /home/travis/build/icyphy/ptII/ptolemy/domains/continuous/test/auto/HierarchicalExecution.xml
----------------- Instantiating /home/travis/build/icyphy/ptII/ptolemy/domains/continuous/test/auto/HierarchicalExecution.xml
1897 ms. Memory: 316416K Free: 292662K (92%)
----------------- Invoking toplevel() on ptolemy.moml.MoMLSimpleApplication@6b921963
----------------- Done invoking toplevel() on ptolemy.moml.MoMLSimpleApplication@6b921963
reloadAllAccessors: .HierarchicalExecution

===========================================================================================
----------------- testing Sun Jul 14 04:48:28 UTC 2019 /home/travis/build/icyphy/ptII/ptolemy/domains/continuous/test/auto/HybridPlant.xml
----------------- Instantiating /home/travis/build/icyphy/ptII/ptolemy/domains/continuous/test/auto/HybridPlant.xml
567 ms. Memory: 316416K Free: 216422K (68%)
----------------- Invoking toplevel() on ptolemy.moml.MoMLSimpleApplication@68cde843
----------------- Done invoking toplevel() on ptolemy.moml.MoMLSimpleApplication@68cde843
reloadAllAccessors: .HybridPlant

===========================================================================================
----------------- testing Sun Jul 14 04:48:29 UTC 2019 /home/travis/build/icyphy/ptII/ptolemy/domains/continuous/test/auto/Hysteresis.xml
----------------- Instantiating /home/travis/build/icyphy/ptII/ptolemy/domains/continuous/test/auto/Hysteresis.xml
155 ms. Memory: 316416K Free: 153448K (48%)
----------------- Invoking toplevel() on ptolemy.moml.MoMLSimpleApplication@6b31a663
----------------- Done invoking toplevel() on ptolemy.moml.MoMLSimpleApplication@6b31a663
reloadAllAccessors: .Hysteresis

===========================================================================================
----------------- testing Sun Jul 14 04:48:29 UTC 2019 /home/travis/build/icyphy/ptII/ptolemy/domains/continuous/test/auto/HysteresisWithRandomDelay.xml
----------------- Instantiating /home/travis/build/icyphy/ptII/ptolemy/domains/continuous/test/auto/HysteresisWithRandomDelay.xml
210 ms. Memory: 316416K Free: 269784K (85%)
----------------- Invoking toplevel() on ptolemy.moml.MoMLSimpleApplication@54e72b93
----------------- Done invoking toplevel() on ptolemy.moml.MoMLSimpleApplication@54e72b93
reloadAllAccessors: .HysteresisWithRandomDelay

===========================================================================================
----------------- testing Sun Jul 14 04:48:30 UTC 2019 /home/travis/build/icyphy/ptII/ptolemy/domains/continuous/test/auto/HysteresisWithRandomLosses.xml
----------------- Instantiating /home/travis/build/icyphy/ptII/ptolemy/domains/continuous/test/auto/HysteresisWithRandomLosses.xml
2500 ms. Memory: 316416K Free: 275950K (87%)
----------------- Invoking toplevel() on ptolemy.moml.MoMLSimpleApplication@5cdce637
----------------- Done invoking toplevel() on ptolemy.moml.MoMLSimpleApplication@5cdce637
reloadAllAccessors: .HysteresisWithRandomLosses

===========================================================================================
----------------- testing Sun Jul 14 04:48:32 UTC 2019 /home/travis/build/icyphy/ptII/ptolemy/domains/continuous/test/auto/ImmediateTransitions.xml
----------------- Instantiating /home/travis/build/icyphy/ptII/ptolemy/domains/continuous/test/auto/ImmediateTransitions.xml
14 ms. Memory: 316416K Free: 264686K (84%)
----------------- Invoking toplevel() on ptolemy.moml.MoMLSimpleApplication@6a83e537
----------------- Done invoking toplevel() on ptolemy.moml.MoMLSimpleApplication@6a83e537
reloadAllAccessors: .ImmediateTransitions

===========================================================================================
----------------- testing Sun Jul 14 04:48:32 UTC 2019 /home/travis/build/icyphy/ptII/ptolemy/domains/continuous/test/auto/ImpulseFeedback.xml
----------------- Instantiating /home/travis/build/icyphy/ptII/ptolemy/domains/continuous/test/auto/ImpulseFeedback.xml
7 ms. Memory: 316416K Free: 259052K (82%)
----------------- Invoking toplevel() on ptolemy.moml.MoMLSimpleApplication@29b745be
----------------- Done invoking toplevel() on ptolemy.moml.MoMLSimpleApplication@29b745be
reloadAllAccessors: .ImpulseFeedback

===========================================================================================
----------------- testing Sun Jul 14 04:48:32 UTC 2019 /home/travis/build/icyphy/ptII/ptolemy/domains/continuous/test/auto/ImpulseFeedback2.xml
----------------- Instantiating /home/travis/build/icyphy/ptII/ptolemy/domains/continuous/test/auto/ImpulseFeedback2.xml
6 ms. Memory: 316416K Free: 253422K (80%)
----------------- Invoking toplevel() on ptolemy.moml.MoMLSimpleApplication@685ce9bd
----------------- Done invoking toplevel() on ptolemy.moml.MoMLSimpleApplication@685ce9bd
reloadAllAccessors: .ImpulseFeedback2

===========================================================================================
----------------- testing Sun Jul 14 04:48:32 UTC 2019 /home/travis/build/icyphy/ptII/ptolemy/domains/continuous/test/auto/IncreasingRatePoisson.xml
----------------- Instantiating /home/travis/build/icyphy/ptII/ptolemy/domains/continuous/test/auto/IncreasingRatePoisson.xml
785 ms. Memory: 316416K Free: 121905K (39%)
----------------- Invoking toplevel() on ptolemy.moml.MoMLSimpleApplication@578b7ee2
----------------- Done invoking toplevel() on ptolemy.moml.MoMLSimpleApplication@578b7ee2
reloadAllAccessors: .IncreasingRatePoisson

===========================================================================================
----------------- testing Sun Jul 14 04:48:33 UTC 2019 /home/travis/build/icyphy/ptII/ptolemy/domains/continuous/test/auto/InitialStateFeedback.xml
----------------- Instantiating /home/travis/build/icyphy/ptII/ptolemy/domains/continuous/test/auto/InitialStateFeedback.xml
7 ms. Memory: 316416K Free: 117295K (37%)
----------------- Invoking toplevel() on ptolemy.moml.MoMLSimpleApplication@53314045
----------------- Done invoking toplevel() on ptolemy.moml.MoMLSimpleApplication@53314045
reloadAllAccessors: .InitialStateFeedback

===========================================================================================
----------------- testing Sun Jul 14 04:48:33 UTC 2019 /home/travis/build/icyphy/ptII/ptolemy/domains/continuous/test/auto/Integration.xml
----------------- Instantiating /home/travis/build/icyphy/ptII/ptolemy/domains/continuous/test/auto/Integration.xml
1 ms. Memory: 316416K Free: 113199K (36%)
----------------- Invoking toplevel() on ptolemy.moml.MoMLSimpleApplication@1f250440
----------------- Done invoking toplevel() on ptolemy.moml.MoMLSimpleApplication@1f250440
reloadAllAccessors: .Integration

===========================================================================================
----------------- testing Sun Jul 14 04:48:33 UTC 2019 /home/travis/build/icyphy/ptII/ptolemy/domains/continuous/test/auto/Integration2.xml
----------------- Instantiating /home/travis/build/icyphy/ptII/ptolemy/domains/continuous/test/auto/Integration2.xml
82 ms. Memory: 316416K Free: 287594K (91%)
----------------- Invoking toplevel() on ptolemy.moml.MoMLSimpleApplication@72e2b8cb
----------------- Done invoking toplevel() on ptolemy.moml.MoMLSimpleApplication@72e2b8cb
reloadAllAccessors: .Integration2

===========================================================================================
----------------- testing Sun Jul 14 04:48:33 UTC 2019 /home/travis/build/icyphy/ptII/ptolemy/domains/continuous/test/auto/Integration3.xml
----------------- Instantiating /home/travis/build/icyphy/ptII/ptolemy/domains/continuous/test/auto/Integration3.xml
3 ms. Memory: 316416K Free: 282988K (89%)
----------------- Invoking toplevel() on ptolemy.moml.MoMLSimpleApplication@45b7d068
----------------- Done invoking toplevel() on ptolemy.moml.MoMLSimpleApplication@45b7d068
reloadAllAccessors: .Integration3

===========================================================================================
----------------- testing Sun Jul 14 04:48:33 UTC 2019 /home/travis/build/icyphy/ptII/ptolemy/domains/continuous/test/auto/Integration5.xml
----------------- Instantiating /home/travis/build/icyphy/ptII/ptolemy/domains/continuous/test/auto/Integration5.xml
3 ms. Memory: 316416K Free: 278892K (88%)
----------------- Invoking toplevel() on ptolemy.moml.MoMLSimpleApplication@26b66bcd
----------------- Done invoking toplevel() on ptolemy.moml.MoMLSimpleApplication@26b66bcd
reloadAllAccessors: .Integration5

===========================================================================================
----------------- testing Sun Jul 14 04:48:33 UTC 2019 /home/travis/build/icyphy/ptII/ptolemy/domains/continuous/test/auto/IntegratorImpulse.xml
----------------- Instantiating /home/travis/build/icyphy/ptII/ptolemy/domains/continuous/test/auto/IntegratorImpulse.xml
2 ms. Memory: 316416K Free: 274796K (87%)
----------------- Invoking toplevel() on ptolemy.moml.MoMLSimpleApplication@4c652165
----------------- Done invoking toplevel() on ptolemy.moml.MoMLSimpleApplication@4c652165
reloadAllAccessors: .IntegratorImpulse

===========================================================================================
----------------- testing Sun Jul 14 04:48:33 UTC 2019 /home/travis/build/icyphy/ptII/ptolemy/domains/continuous/test/auto/IntegratorImpulse2.xml
----------------- Instantiating /home/travis/build/icyphy/ptII/ptolemy/domains/continuous/test/auto/IntegratorImpulse2.xml
6 ms. Memory: 316416K Free: 270172K (85%)
----------------- Invoking toplevel() on ptolemy.moml.MoMLSimpleApplication@3c366490
----------------- Done invoking toplevel() on ptolemy.moml.MoMLSimpleApplication@3c366490
reloadAllAccessors: .IntegratorImpulse2

===========================================================================================
----------------- testing Sun Jul 14 04:48:33 UTC 2019 /home/travis/build/icyphy/ptII/ptolemy/domains/continuous/test/auto/LevelCrossing1.xml
----------------- Instantiating /home/travis/build/icyphy/ptII/ptolemy/domains/continuous/test/auto/LevelCrossing1.xml
2 ms. Memory: 316416K Free: 265066K (84%)
----------------- Invoking toplevel() on ptolemy.moml.MoMLSimpleApplication@3518b346
----------------- Done invoking toplevel() on ptolemy.moml.MoMLSimpleApplication@3518b346
reloadAllAccessors: .LevelCrossing1

===========================================================================================
----------------- testing Sun Jul 14 04:48:33 UTC 2019 /home/travis/build/icyphy/ptII/ptolemy/domains/continuous/test/auto/LevelCrossing2.xml
----------------- Instantiating /home/travis/build/icyphy/ptII/ptolemy/domains/continuous/test/auto/LevelCrossing2.xml
3 ms. Memory: 316416K Free: 259946K (82%)
----------------- Invoking toplevel() on ptolemy.moml.MoMLSimpleApplication@15c80cae
----------------- Done invoking toplevel() on ptolemy.moml.MoMLSimpleApplication@15c80cae
reloadAllAccessors: .LevelCrossing2

===========================================================================================
----------------- testing Sun Jul 14 04:48:33 UTC 2019 /home/travis/build/icyphy/ptII/ptolemy/domains/continuous/test/auto/LevelCrossing3.xml
----------------- Instantiating /home/travis/build/icyphy/ptII/ptolemy/domains/continuous/test/auto/LevelCrossing3.xml
3 ms. Memory: 316416K Free: 254812K (81%)
----------------- Invoking toplevel() on ptolemy.moml.MoMLSimpleApplication@51968ccd
----------------- Done invoking toplevel() on ptolemy.moml.MoMLSimpleApplication@51968ccd
reloadAllAccessors: .LevelCrossing3

===========================================================================================
----------------- testing Sun Jul 14 04:48:33 UTC 2019 /home/travis/build/icyphy/ptII/ptolemy/domains/continuous/test/auto/LevelCrossing4.xml
----------------- Instantiating /home/travis/build/icyphy/ptII/ptolemy/domains/continuous/test/auto/LevelCrossing4.xml
3 ms. Memory: 316416K Free: 249706K (79%)
----------------- Invoking toplevel() on ptolemy.moml.MoMLSimpleApplication@34c21244
----------------- Done invoking toplevel() on ptolemy.moml.MoMLSimpleApplication@34c21244
reloadAllAccessors: .LevelCrossing4

===========================================================================================
----------------- testing Sun Jul 14 04:48:33 UTC 2019 /home/travis/build/icyphy/ptII/ptolemy/domains/continuous/test/auto/LevelCrossing5.xml
----------------- Instantiating /home/travis/build/icyphy/ptII/ptolemy/domains/continuous/test/auto/LevelCrossing5.xml
4 ms. Memory: 316416K Free: 244572K (77%)
----------------- Invoking toplevel() on ptolemy.moml.MoMLSimpleApplication@3b984357
----------------- Done invoking toplevel() on ptolemy.moml.MoMLSimpleApplication@3b984357
reloadAllAccessors: .LevelCrossing5

===========================================================================================
[...]
----------------- Instantiating /home/travis/build/icyphy/ptII/ptolemy/domains/continuous/test/auto/SRinContinuous.xml
4 ms. Memory: 379904K Free: 350438K (92%)
----------------- Invoking toplevel() on ptolemy.moml.MoMLSimpleApplication@2aa92f8a
----------------- Done invoking toplevel() on ptolemy.moml.MoMLSimpleApplication@2aa92f8a
reloadAllAccessors: .SRinContinuous

===========================================================================================
----------------- testing Sun Jul 14 04:48:51 UTC 2019 /home/travis/build/icyphy/ptII/ptolemy/domains/continuous/test/auto/SampledClocks.xml
----------------- Instantiating /home/travis/build/icyphy/ptII/ptolemy/domains/continuous/test/auto/SampledClocks.xml
7 ms. Memory: 379904K Free: 337640K (89%)
----------------- Invoking toplevel() on ptolemy.moml.MoMLSimpleApplication@1d1294c3
----------------- Done invoking toplevel() on ptolemy.moml.MoMLSimpleApplication@1d1294c3
reloadAllAccessors: .SampledClocks

===========================================================================================
----------------- testing Sun Jul 14 04:48:51 UTC 2019 /home/travis/build/icyphy/ptII/ptolemy/domains/continuous/test/auto/Satellite.xml
----------------- Instantiating /home/travis/build/icyphy/ptII/ptolemy/domains/continuous/test/auto/Satellite.xml
892 ms. Memory: 379904K Free: 140518K (37%)
----------------- Invoking toplevel() on ptolemy.moml.MoMLSimpleApplication@52aead1
----------------- Done invoking toplevel() on ptolemy.moml.MoMLSimpleApplication@52aead1
reloadAllAccessors: .Satellite

===========================================================================================
----------------- testing Sun Jul 14 04:48:52 UTC 2019 /home/travis/build/icyphy/ptII/ptolemy/domains/continuous/test/auto/SigmaDelta.xml
----------------- Instantiating /home/travis/build/icyphy/ptII/ptolemy/domains/continuous/test/auto/SigmaDelta.xml
2458 ms. Memory: 379904K Free: 324619K (85%)
----------------- Invoking toplevel() on ptolemy.moml.MoMLSimpleApplication@4879ae77
----------------- Done invoking toplevel() on ptolemy.moml.MoMLSimpleApplication@4879ae77
reloadAllAccessors: .SigmaDelta

===========================================================================================
----------------- testing Sun Jul 14 04:48:55 UTC 2019 /home/travis/build/icyphy/ptII/ptolemy/domains/continuous/test/auto/SingleRefinement.xml
----------------- Instantiating /home/travis/build/icyphy/ptII/ptolemy/domains/continuous/test/auto/SingleRefinement.xml
352 ms. Memory: 379904K Free: 141833K (37%)
----------------- Invoking toplevel() on ptolemy.moml.MoMLSimpleApplication@7f60e96f
----------------- Done invoking toplevel() on ptolemy.moml.MoMLSimpleApplication@7f60e96f
reloadAllAccessors: .SingleRefinement

===========================================================================================
----------------- testing Sun Jul 14 04:48:55 UTC 2019 /home/travis/build/icyphy/ptII/ptolemy/domains/continuous/test/auto/SinuBouncingBall.xml
----------------- Instantiating /home/travis/build/icyphy/ptII/ptolemy/domains/continuous/test/auto/SinuBouncingBall.xml
784 ms. Memory: 379904K Free: 150726K (40%)
----------------- Invoking toplevel() on ptolemy.moml.MoMLSimpleApplication@573777f7
----------------- Done invoking toplevel() on ptolemy.moml.MoMLSimpleApplication@573777f7
reloadAllAccessors: .SinuBouncingBall

===========================================================================================
----------------- testing Sun Jul 14 04:48:56 UTC 2019 /home/travis/build/icyphy/ptII/ptolemy/domains/continuous/test/auto/Sinusoid.xml
----------------- Instantiating /home/travis/build/icyphy/ptII/ptolemy/domains/continuous/test/auto/Sinusoid.xml
5 ms. Memory: 379904K Free: 146630K (39%)
----------------- Invoking toplevel() on ptolemy.moml.MoMLSimpleApplication@4461e0ca
----------------- Done invoking toplevel() on ptolemy.moml.MoMLSimpleApplication@4461e0ca
reloadAllAccessors: .Sinusoid

===========================================================================================
----------------- testing Sun Jul 14 04:48:56 UTC 2019 /home/travis/build/icyphy/ptII/ptolemy/domains/continuous/test/auto/SinusoidInNoise.xml
----------------- Instantiating /home/travis/build/icyphy/ptII/ptolemy/domains/continuous/test/auto/SinusoidInNoise.xml
1017 ms. Memory: 379904K Free: 236960K (62%)
----------------- Invoking toplevel() on ptolemy.moml.MoMLSimpleApplication@34fac319
----------------- Done invoking toplevel() on ptolemy.moml.MoMLSimpleApplication@34fac319
reloadAllAccessors: .SinusoidInNoise

===========================================================================================
----------------- testing Sun Jul 14 04:48:57 UTC 2019 /home/travis/build/icyphy/ptII/ptolemy/domains/continuous/test/auto/SinusoidRK45.xml
----------------- Instantiating /home/travis/build/icyphy/ptII/ptolemy/domains/continuous/test/auto/SinusoidRK45.xml
4 ms. Memory: 379904K Free: 232850K (61%)
----------------- Invoking toplevel() on ptolemy.moml.MoMLSimpleApplication@61bca132
----------------- Done invoking toplevel() on ptolemy.moml.MoMLSimpleApplication@61bca132
reloadAllAccessors: .SinusoidRK45

===========================================================================================
----------------- testing Sun Jul 14 04:48:57 UTC 2019 /home/travis/build/icyphy/ptII/ptolemy/domains/continuous/test/auto/SinusoidWithMultipleImpulses.xml
----------------- Instantiating /home/travis/build/icyphy/ptII/ptolemy/domains/continuous/test/auto/SinusoidWithMultipleImpulses.xml
3 ms. Memory: 379904K Free: 228258K (60%)
----------------- Invoking toplevel() on ptolemy.moml.MoMLSimpleApplication@17583c9
----------------- Done invoking toplevel() on ptolemy.moml.MoMLSimpleApplication@17583c9
reloadAllAccessors: .SinusoidWithMultipleImpulses

===========================================================================================
----------------- testing Sun Jul 14 04:48:57 UTC 2019 /home/travis/build/icyphy/ptII/ptolemy/domains/continuous/test/auto/SquareWave.xml
----------------- Instantiating /home/travis/build/icyphy/ptII/ptolemy/domains/continuous/test/auto/SquareWave.xml
153 ms. Memory: 379904K Free: 201120K (53%)
----------------- Invoking toplevel() on ptolemy.moml.MoMLSimpleApplication@3a03427f
----------------- Done invoking toplevel() on ptolemy.moml.MoMLSimpleApplication@3a03427f
reloadAllAccessors: .SquareWave

===========================================================================================
----------------- testing Sun Jul 14 04:48:57 UTC 2019 /home/travis/build/icyphy/ptII/ptolemy/domains/continuous/test/auto/Starmac.xml
----------------- Instantiating /home/travis/build/icyphy/ptII/ptolemy/domains/continuous/test/auto/Starmac.xml
3045 ms. Memory: 379904K Free: 342239K (90%)
----------------- Invoking toplevel() on ptolemy.moml.MoMLSimpleApplication@3a36783c
----------------- Done invoking toplevel() on ptolemy.moml.MoMLSimpleApplication@3a36783c
reloadAllAccessors: .Starmac

===========================================================================================
----------------- testing Sun Jul 14 04:49:01 UTC 2019 /home/travis/build/icyphy/ptII/ptolemy/domains/continuous/test/auto/StaticUnits.xml
----------------- Instantiating /home/travis/build/icyphy/ptII/ptolemy/domains/continuous/test/auto/StaticUnits.xml
2132 ms. Memory: 379904K Free: 341638K (90%)
----------------- Invoking toplevel() on ptolemy.moml.MoMLSimpleApplication@255d8d04
----------------- Done invoking toplevel() on ptolemy.moml.MoMLSimpleApplication@255d8d04
reloadAllAccessors: .StaticUnits

===========================================================================================
----------------- testing Sun Jul 14 04:49:03 UTC 2019 /home/travis/build/icyphy/ptII/ptolemy/domains/continuous/test/auto/StickyMasses.xml
----------------- Instantiating /home/travis/build/icyphy/ptII/ptolemy/domains/continuous/test/auto/StickyMasses.xml
163 ms. Memory: 379904K Free: 291976K (77%)
----------------- Invoking toplevel() on ptolemy.moml.MoMLSimpleApplication@65dd290f
----------------- Done invoking toplevel() on ptolemy.moml.MoMLSimpleApplication@65dd290f
reloadAllAccessors: .StickyMasses

===========================================================================================
----------------- testing Sun Jul 14 04:49:04 UTC 2019 /home/travis/build/icyphy/ptII/ptolemy/domains/continuous/test/auto/StopTime.xml
----------------- Instantiating /home/travis/build/icyphy/ptII/ptolemy/domains/continuous/test/auto/StopTime.xml
50 ms. Memory: 379904K Free: 267400K (70%)
----------------- Invoking toplevel() on ptolemy.moml.MoMLSimpleApplication@7ec89856
----------------- Done invoking toplevel() on ptolemy.moml.MoMLSimpleApplication@7ec89856
reloadAllAccessors: .StopTime

===========================================================================================
----------------- testing Sun Jul 14 04:49:04 UTC 2019 /home/travis/build/icyphy/ptII/ptolemy/domains/continuous/test/auto/StopTime2.xml
----------------- Instantiating /home/travis/build/icyphy/ptII/ptolemy/domains/continuous/test/auto/StopTime2.xml
36 ms. Memory: 379904K Free: 245376K (65%)
----------------- Invoking toplevel() on ptolemy.moml.MoMLSimpleApplication@40f6050c
----------------- Done invoking toplevel() on ptolemy.moml.MoMLSimpleApplication@40f6050c
reloadAllAccessors: .StopTime2

===========================================================================================
----------------- testing Sun Jul 14 04:49:04 UTC 2019 /home/travis/build/icyphy/ptII/ptolemy/domains/continuous/test/auto/Switch.xml
----------------- Instantiating /home/travis/build/icyphy/ptII/ptolemy/domains/continuous/test/auto/Switch.xml
45 ms. Memory: 379904K Free: 220800K (58%)
----------------- Invoking toplevel() on ptolemy.moml.MoMLSimpleApplication@721a0e29
----------------- Done invoking toplevel() on ptolemy.moml.MoMLSimpleApplication@721a0e29
reloadAllAccessors: .Switch

===========================================================================================
----------------- testing Sun Jul 14 04:49:04 UTC 2019 /home/travis/build/icyphy/ptII/ptolemy/domains/continuous/test/auto/Thermostat.xml
----------------- Instantiating /home/travis/build/icyphy/ptII/ptolemy/domains/continuous/test/auto/Thermostat.xml
190 ms. Memory: 379904K Free: 148088K (39%)
----------------- Invoking toplevel() on ptolemy.moml.MoMLSimpleApplication@56a4717
----------------- Done invoking toplevel() on ptolemy.moml.MoMLSimpleApplication@56a4717
reloadAllAccessors: .Thermostat

===========================================================================================
----------------- testing Sun Jul 14 04:49:04 UTC 2019 /home/travis/build/icyphy/ptII/ptolemy/domains/continuous/test/auto/TimeDelay.xml
----------------- Instantiating /home/travis/build/icyphy/ptII/ptolemy/domains/continuous/test/auto/TimeDelay.xml
6 ms. Memory: 379904K Free: 143496K (38%)
----------------- Invoking toplevel() on ptolemy.moml.MoMLSimpleApplication@9f33790
----------------- Done invoking toplevel() on ptolemy.moml.MoMLSimpleApplication@9f33790
reloadAllAccessors: .TimeDelay

===========================================================================================
----------------- testing Sun Jul 14 04:49:04 UTC 2019 /home/travis/build/icyphy/ptII/ptolemy/domains/continuous/test/auto/TimeDelay2.xml
----------------- Instantiating /home/travis/build/icyphy/ptII/ptolemy/domains/continuous/test/auto/TimeDelay2.xml
8 ms. Memory: 379904K Free: 355970K (94%)
----------------- Invoking toplevel() on ptolemy.moml.MoMLSimpleApplication@64984886
----------------- Done invoking toplevel() on ptolemy.moml.MoMLSimpleApplication@64984886
reloadAllAccessors: .TimeDelay2

===========================================================================================
----------------- testing Sun Jul 14 04:49:04 UTC 2019 /home/travis/build/icyphy/ptII/ptolemy/domains/continuous/test/auto/TimeDelay3.xml
----------------- Instantiating /home/travis/build/icyphy/ptII/ptolemy/domains/continuous/test/auto/TimeDelay3.xml
5 ms. Memory: 379904K Free: 351362K (92%)
----------------- Invoking toplevel() on ptolemy.moml.MoMLSimpleApplication@567a50f5
----------------- Done invoking toplevel() on ptolemy.moml.MoMLSimpleApplication@567a50f5
reloadAllAccessors: .TimeDelay3

===========================================================================================
----------------- testing Sun Jul 14 04:49:04 UTC 2019 /home/travis/build/icyphy/ptII/ptolemy/domains/continuous/test/auto/TransferAbsentToInside.xml
----------------- Instantiating /home/travis/build/icyphy/ptII/ptolemy/domains/continuous/test/auto/TransferAbsentToInside.xml
33 ms. Memory: 379904K Free: 298611K (79%)
----------------- Invoking toplevel() on ptolemy.moml.MoMLSimpleApplication@92e274
----------------- Done invoking toplevel() on ptolemy.moml.MoMLSimpleApplication@92e274
reloadAllAccessors: .TransferAbsentToInside

===========================================================================================
----------------- testing Sun Jul 14 04:49:04 UTC 2019 /home/travis/build/icyphy/ptII/ptolemy/domains/continuous/test/auto/Transmission.xml
----------------- Instantiating /home/travis/build/icyphy/ptII/ptolemy/domains/continuous/test/auto/Transmission.xml
818 ms. Memory: 379904K Free: 287285K (76%)
----------------- Invoking toplevel() on ptolemy.moml.MoMLSimpleApplication@4200a90a
----------------- Done invoking toplevel() on ptolemy.moml.MoMLSimpleApplication@4200a90a
reloadAllAccessors: .Transmission

===========================================================================================
----------------- testing Sun Jul 14 04:49:05 UTC 2019 /home/travis/build/icyphy/ptII/ptolemy/domains/continuous/test/auto/TriggeredContinuousClock.xml
----------------- Instantiating /home/travis/build/icyphy/ptII/ptolemy/domains/continuous/test/auto/TriggeredContinuousClock.xml
36 ms. Memory: 379904K Free: 257589K (68%)
----------------- Invoking toplevel() on ptolemy.moml.MoMLSimpleApplication@58c1c7bc
----------------- Done invoking toplevel() on ptolemy.moml.MoMLSimpleApplication@58c1c7bc
reloadAllAccessors: .TriggeredContinuousClock

===========================================================================================
----------------- testing Sun Jul 14 04:49:05 UTC 2019 /home/travis/build/icyphy/ptII/ptolemy/domains/continuous/test/auto/TwoMachineInfiniteBusControl.xml
----------------- Instantiating /home/travis/build/icyphy/ptII/ptolemy/domains/continuous/test/auto/TwoMachineInfiniteBusControl.xml
3196 ms. Memory: 379904K Free: 338972K (89%)
----------------- Invoking toplevel() on ptolemy.moml.MoMLSimpleApplication@41d7de54
----------------- Done invoking toplevel() on ptolemy.moml.MoMLSimpleApplication@41d7de54
reloadAllAccessors: .TwoMachineInfiniteBusControl

===========================================================================================
----------------- testing Sun Jul 14 04:49:09 UTC 2019 /home/travis/build/icyphy/ptII/ptolemy/domains/continuous/test/auto/V2V.xml
----------------- Instantiating /home/travis/build/icyphy/ptII/ptolemy/domains/continuous/test/auto/V2V.xml
845 ms. Memory: 379904K Free: 150556K (40%)
----------------- Invoking toplevel() on ptolemy.moml.MoMLSimpleApplication@34b1d7c3
----------------- Done invoking toplevel() on ptolemy.moml.MoMLSimpleApplication@34b1d7c3
reloadAllAccessors: .V2V

===========================================================================================
----------------- testing Sun Jul 14 04:49:10 UTC 2019 /home/travis/build/icyphy/ptII/ptolemy/domains/continuous/test/auto/hierarchicalModalModel.xml
----------------- Instantiating /home/travis/build/icyphy/ptII/ptolemy/domains/continuous/test/auto/hierarchicalModalModel.xml
23 ms. Memory: 456704K Free: 434848K (95%)
----------------- Invoking toplevel() on ptolemy.moml.MoMLSimpleApplication@75f87b4e
----------------- Done invoking toplevel() on ptolemy.moml.MoMLSimpleApplication@75f87b4e
reloadAllAccessors: .hierarchicalModalModel

===========================================================================================
----------------- testing Sun Jul 14 04:49:10 UTC 2019 /home/travis/build/icyphy/ptII/ptolemy/domains/continuous/test/auto/hierarchicalModalModel1.xml
----------------- Instantiating /home/travis/build/icyphy/ptII/ptolemy/domains/continuous/test/auto/hierarchicalModalModel1.xml
11 ms. Memory: 456704K Free: 419856K (92%)
----------------- Invoking toplevel() on ptolemy.moml.MoMLSimpleApplication@51aff001
----------------- Done invoking toplevel() on ptolemy.moml.MoMLSimpleApplication@51aff001
reloadAllAccessors: .hierarchicalModalModel1

===========================================================================================
----------------- testing Sun Jul 14 04:49:10 UTC 2019 /home/travis/build/icyphy/ptII/ptolemy/domains/continuous/test/auto/hierarchicalModalModel2.xml
----------------- Instantiating /home/travis/build/icyphy/ptII/ptolemy/domains/continuous/test/auto/hierarchicalModalModel2.xml
10 ms. Memory: 456704K Free: 407568K (89%)
----------------- Invoking toplevel() on ptolemy.moml.MoMLSimpleApplication@535079e0
----------------- Done invoking toplevel() on ptolemy.moml.MoMLSimpleApplication@535079e0
reloadAllAccessors: .hierarchicalModalModel2

===========================================================================================
----------------- testing Sun Jul 14 04:49:10 UTC 2019 /home/travis/build/icyphy/ptII/ptolemy/domains/continuous/test/auto/hierarchicalModalModel3.xml
----------------- Instantiating /home/travis/build/icyphy/ptII/ptolemy/domains/continuous/test/auto/hierarchicalModalModel3.xml
7 ms. Memory: 456704K Free: 396814K (87%)
----------------- Invoking toplevel() on ptolemy.moml.MoMLSimpleApplication@617b652c
----------------- Done invoking toplevel() on ptolemy.moml.MoMLSimpleApplication@617b652c
reloadAllAccessors: .hierarchicalModalModel3

===========================================================================================
----------------- testing Sun Jul 14 04:49:10 UTC 2019 /home/travis/build/icyphy/ptII/ptolemy/domains/continuous/test/auto/hierarchicalModalModel4.xml
----------------- Instantiating /home/travis/build/icyphy/ptII/ptolemy/domains/continuous/test/auto/hierarchicalModalModel4.xml
7 ms. Memory: 456704K Free: 385040K (84%)
----------------- Invoking toplevel() on ptolemy.moml.MoMLSimpleApplication@71230374
----------------- Done invoking toplevel() on ptolemy.moml.MoMLSimpleApplication@71230374
reloadAllAccessors: .hierarchicalModalModel4

===========================================================================================
----------------- testing Sun Jul 14 04:49:10 UTC 2019 /home/travis/build/icyphy/ptII/ptolemy/domains/continuous/test/auto/junk.xml
----------------- Instantiating /home/travis/build/icyphy/ptII/ptolemy/domains/continuous/test/auto/junk.xml
157 ms. Memory: 456704K Free: 356878K (78%)
----------------- Invoking toplevel() on ptolemy.moml.MoMLSimpleApplication@664cd4f6
----------------- Done invoking toplevel() on ptolemy.moml.MoMLSimpleApplication@664cd4f6
reloadAllAccessors: .junk
AutoTests.java: About to close Vertx.
AutoTests.java: Vertx closed.
]]></system-out>
  <system-err><![CDATA[Warning: '.HysteresisWithRandomDelay.NonStrictTest' The test produced only 221 tokens, yet the correctValues parameter was expecting 222 tokens.
Warning: '.HysteresisWithRandomDelay.NonStrictTest2' The test produced only 220 tokens, yet the correctValues parameter was expecting 221 tokens.
Warning: '.HysteresisWithRandomDelay.NonStrictTest3' The test produced only 24 tokens, yet the correctValues parameter was expecting 30 tokens.
Warning: '.Poisson.NonStrictTest' The test produced only 426 tokens, yet the correctValues parameter was expecting 430 tokens.
]]></system-err>
</testsuite>
