<?xml version="1.0" encoding="UTF-8" ?>
<testsuite errors="0" failures="0" hostname="travis-job-a46cad16-1bf9-4916-bb9b-a467ea126166" name="ptolemy.domains.modal.test.junit.JUnitTclTest" skipped="0" tests="148" time="12.098" timestamp="2020-03-30T13:42:18">
  <properties>
[...]
</properties>
  <testcase classname="ptolemy.util.test.junit.TclTests" name="[0] /home/travis/build/icyphy/ptII/ptolemy/domains/modal/test/SystemLevelType.tcl (RunTclFile)" time="2.144" />
  <testcase classname="ptolemy.util.test.junit.AutoKnownFailedTests" name="[0] /home/travis/build/icyphy/ptII/ptolemy/domains/modal/test/auto/knownFailedTests/CannotAnalysisWithPreemption.xml (RunModel)" time="0.294" />
  <testcase classname="ptolemy.util.test.junit.AutoNameArchTests" name="[0] ThereAreNoAutoArchTests (RunModel)" time="0.003" />
  <testcase classname="ptolemy.util.test.junit.AutoTests" name="[0] /home/travis/build/icyphy/ptII/ptolemy/domains/modal/test/auto/ABPTest.xml (RunModel)" time="0.813" />
  <testcase classname="ptolemy.util.test.junit.AutoTests" name="[1] /home/travis/build/icyphy/ptII/ptolemy/domains/modal/test/auto/ABROFlat.xml (RunModel)" time="0.12" />
  <testcase classname="ptolemy.util.test.junit.AutoTests" name="[2] /home/travis/build/icyphy/ptII/ptolemy/domains/modal/test/auto/ABROFlat2.xml (RunModel)" time="0.073" />
  <testcase classname="ptolemy.util.test.junit.AutoTests" name="[3] /home/travis/build/icyphy/ptII/ptolemy/domains/modal/test/auto/ABRO_present_hmm.xml (RunModel)" time="0.135" />
  <testcase classname="ptolemy.util.test.junit.AutoTests" name="[4] /home/travis/build/icyphy/ptII/ptolemy/domains/modal/test/auto/AMICoderExample.xml (RunModel)" time="0.107" />
  <testcase classname="ptolemy.util.test.junit.AutoTests" name="[5] /home/travis/build/icyphy/ptII/ptolemy/domains/modal/test/auto/AbsentToPresent.xml (RunModel)" time="0.033" />
  <testcase classname="ptolemy.util.test.junit.AutoTests" name="[6] /home/travis/build/icyphy/ptII/ptolemy/domains/modal/test/auto/Blending.xml (RunModel)" time="0.394" />
  <testcase classname="ptolemy.util.test.junit.AutoTests" name="[7] /home/travis/build/icyphy/ptII/ptolemy/domains/modal/test/auto/Broadcast.xml (RunModel)" time="0.052" />
  <testcase classname="ptolemy.util.test.junit.AutoTests" name="[8] /home/travis/build/icyphy/ptII/ptolemy/domains/modal/test/auto/BroadcastHierarchy.xml (RunModel)" time="0.085" />
  <testcase classname="ptolemy.util.test.junit.AutoTests" name="[9] /home/travis/build/icyphy/ptII/ptolemy/domains/modal/test/auto/BroadcastHierarchy2.xml (RunModel)" time="0.128" />
  <testcase classname="ptolemy.util.test.junit.AutoTests" name="[10] /home/travis/build/icyphy/ptII/ptolemy/domains/modal/test/auto/BroadcastHierarchy3.xml (RunModel)" time="0.098" />
  <testcase classname="ptolemy.util.test.junit.AutoTests" name="[11] /home/travis/build/icyphy/ptII/ptolemy/domains/modal/test/auto/BroadcastHierarchy4.xml (RunModel)" time="0.097" />
  <testcase classname="ptolemy.util.test.junit.AutoTests" name="[12] /home/travis/build/icyphy/ptII/ptolemy/domains/modal/test/auto/CannotAnalysisWithPreemption2.xml (RunModel)" time="0.037" />
  <testcase classname="ptolemy.util.test.junit.AutoTests" name="[13] /home/travis/build/icyphy/ptII/ptolemy/domains/modal/test/auto/CannotAnalysisWithPreemption3.xml (RunModel)" time="0.049" />
  <testcase classname="ptolemy.util.test.junit.AutoTests" name="[14] /home/travis/build/icyphy/ptII/ptolemy/domains/modal/test/auto/CannotProduce.xml (RunModel)" time="0.046" />
  <testcase classname="ptolemy.util.test.junit.AutoTests" name="[15] /home/travis/build/icyphy/ptII/ptolemy/domains/modal/test/auto/CannotProduceModal.xml (RunModel)" time="0.043" />
  <testcase classname="ptolemy.util.test.junit.AutoTests" name="[16] /home/travis/build/icyphy/ptII/ptolemy/domains/modal/test/auto/Case.xml (RunModel)" time="0.11" />
  <testcase classname="ptolemy.util.test.junit.AutoTests" name="[17] /home/travis/build/icyphy/ptII/ptolemy/domains/modal/test/auto/Case1.xml (RunModel)" time="0.034" />
  <testcase classname="ptolemy.util.test.junit.AutoTests" name="[18] /home/travis/build/icyphy/ptII/ptolemy/domains/modal/test/auto/Case2.xml (RunModel)" time="0.086" />
  <testcase classname="ptolemy.util.test.junit.AutoTests" name="[19] /home/travis/build/icyphy/ptII/ptolemy/domains/modal/test/auto/CausalityInterface1.xml (RunModel)" time="0.045" />
  <testcase classname="ptolemy.util.test.junit.AutoTests" name="[20] /home/travis/build/icyphy/ptII/ptolemy/domains/modal/test/auto/CausalityInterface10.xml (RunModel)" time="0.089" />
  <testcase classname="ptolemy.util.test.junit.AutoTests" name="[21] /home/travis/build/icyphy/ptII/ptolemy/domains/modal/test/auto/CausalityInterface11.xml (RunModel)" time="0.055" />
  <testcase classname="ptolemy.util.test.junit.AutoTests" name="[22] /home/travis/build/icyphy/ptII/ptolemy/domains/modal/test/auto/CausalityInterface12.xml (RunModel)" time="0.055" />
  <testcase classname="ptolemy.util.test.junit.AutoTests" name="[23] /home/travis/build/icyphy/ptII/ptolemy/domains/modal/test/auto/CausalityInterface13.xml (RunModel)" time="0.079" />
  <testcase classname="ptolemy.util.test.junit.AutoTests" name="[24] /home/travis/build/icyphy/ptII/ptolemy/domains/modal/test/auto/CausalityInterface14.xml (RunModel)" time="0.054" />
  <testcase classname="ptolemy.util.test.junit.AutoTests" name="[25] /home/travis/build/icyphy/ptII/ptolemy/domains/modal/test/auto/CausalityInterface2.xml (RunModel)" time="0.037" />
  <testcase classname="ptolemy.util.test.junit.AutoTests" name="[26] /home/travis/build/icyphy/ptII/ptolemy/domains/modal/test/auto/CausalityInterface3.xml (RunModel)" time="0.024" />
  <testcase classname="ptolemy.util.test.junit.AutoTests" name="[27] /home/travis/build/icyphy/ptII/ptolemy/domains/modal/test/auto/CausalityInterface4.xml (RunModel)" time="0.033" />
  <testcase classname="ptolemy.util.test.junit.AutoTests" name="[28] /home/travis/build/icyphy/ptII/ptolemy/domains/modal/test/auto/CausalityInterface5.xml (RunModel)" time="0.041" />
  <testcase classname="ptolemy.util.test.junit.AutoTests" name="[29] /home/travis/build/icyphy/ptII/ptolemy/domains/modal/test/auto/CausalityInterface6.xml (RunModel)" time="0.042" />
  <testcase classname="ptolemy.util.test.junit.AutoTests" name="[30] /home/travis/build/icyphy/ptII/ptolemy/domains/modal/test/auto/CausalityInterface7.xml (RunModel)" time="0.04" />
  <testcase classname="ptolemy.util.test.junit.AutoTests" name="[31] /home/travis/build/icyphy/ptII/ptolemy/domains/modal/test/auto/CausalityInterface8.xml (RunModel)" time="0.035" />
  <testcase classname="ptolemy.util.test.junit.AutoTests" name="[32] /home/travis/build/icyphy/ptII/ptolemy/domains/modal/test/auto/CausalityInterface9.xml (RunModel)" time="0.053" />
  <testcase classname="ptolemy.util.test.junit.AutoTests" name="[33] /home/travis/build/icyphy/ptII/ptolemy/domains/modal/test/auto/ChainedTransitions.xml (RunModel)" time="0.168" />
  <testcase classname="ptolemy.util.test.junit.AutoTests" name="[34] /home/travis/build/icyphy/ptII/ptolemy/domains/modal/test/auto/CycleOfImmediateTransitionsFSM.xml (RunModel)" time="0.018" />
  <testcase classname="ptolemy.util.test.junit.AutoTests" name="[35] /home/travis/build/icyphy/ptII/ptolemy/domains/modal/test/auto/CycleOfImmediateTransitionsModal.xml (RunModel)" time="0.023" />
  <testcase classname="ptolemy.util.test.junit.AutoTests" name="[36] /home/travis/build/icyphy/ptII/ptolemy/domains/modal/test/auto/CycleOfImmediateTransitionsModal2.xml (RunModel)" time="0.031" />
  <testcase classname="ptolemy.util.test.junit.AutoTests" name="[37] /home/travis/build/icyphy/ptII/ptolemy/domains/modal/test/auto/CycleOfImmediateTransitionsModal3.xml (RunModel)" time="0.096" />
  <testcase classname="ptolemy.util.test.junit.AutoTests" name="[38] /home/travis/build/icyphy/ptII/ptolemy/domains/modal/test/auto/DeepModal1.xml (RunModel)" time="0.064" />
  <testcase classname="ptolemy.util.test.junit.AutoTests" name="[39] /home/travis/build/icyphy/ptII/ptolemy/domains/modal/test/auto/DeepModal2.xml (RunModel)" time="0.083" />
  <testcase classname="ptolemy.util.test.junit.AutoTests" name="[40] /home/travis/build/icyphy/ptII/ptolemy/domains/modal/test/auto/DeepModal3.xml (RunModel)" time="0.07" />
  <testcase classname="ptolemy.util.test.junit.AutoTests" name="[41] /home/travis/build/icyphy/ptII/ptolemy/domains/modal/test/auto/DeepModal4.xml (RunModel)" time="0.052" />
  <testcase classname="ptolemy.util.test.junit.AutoTests" name="[42] /home/travis/build/icyphy/ptII/ptolemy/domains/modal/test/auto/Default1.xml (RunModel)" time="0.018" />
  <testcase classname="ptolemy.util.test.junit.AutoTests" name="[43] /home/travis/build/icyphy/ptII/ptolemy/domains/modal/test/auto/Default2.xml (RunModel)" time="0.024" />
  <testcase classname="ptolemy.util.test.junit.AutoTests" name="[44] /home/travis/build/icyphy/ptII/ptolemy/domains/modal/test/auto/Default3.xml (RunModel)" time="0.022" />
  <testcase classname="ptolemy.util.test.junit.AutoTests" name="[45] /home/travis/build/icyphy/ptII/ptolemy/domains/modal/test/auto/Default4.xml (RunModel)" time="0.023" />
  <testcase classname="ptolemy.util.test.junit.AutoTests" name="[46] /home/travis/build/icyphy/ptII/ptolemy/domains/modal/test/auto/Default5.xml (RunModel)" time="0.024" />
  <testcase classname="ptolemy.util.test.junit.AutoTests" name="[47] /home/travis/build/icyphy/ptII/ptolemy/domains/modal/test/auto/EmptyGuard.xml (RunModel)" time="0.035" />
  <testcase classname="ptolemy.util.test.junit.AutoTests" name="[48] /home/travis/build/icyphy/ptII/ptolemy/domains/modal/test/auto/ErrorTransition1.xml (RunModel)" time="0.032" />
  <testcase classname="ptolemy.util.test.junit.AutoTests" name="[49] /home/travis/build/icyphy/ptII/ptolemy/domains/modal/test/auto/ErrorTransition10.xml (RunModel)" time="0.039" />
  <testcase classname="ptolemy.util.test.junit.AutoTests" name="[50] /home/travis/build/icyphy/ptII/ptolemy/domains/modal/test/auto/ErrorTransition11.xml (RunModel)" time="0.062" />
  <testcase classname="ptolemy.util.test.junit.AutoTests" name="[51] /home/travis/build/icyphy/ptII/ptolemy/domains/modal/test/auto/ErrorTransition2.xml (RunModel)" time="0.03" />
  <testcase classname="ptolemy.util.test.junit.AutoTests" name="[52] /home/travis/build/icyphy/ptII/ptolemy/domains/modal/test/auto/ErrorTransition3.xml (RunModel)" time="0.044" />
  <testcase classname="ptolemy.util.test.junit.AutoTests" name="[53] /home/travis/build/icyphy/ptII/ptolemy/domains/modal/test/auto/ErrorTransition4.xml (RunModel)" time="0.037" />
  <testcase classname="ptolemy.util.test.junit.AutoTests" name="[54] /home/travis/build/icyphy/ptII/ptolemy/domains/modal/test/auto/ErrorTransition5.xml (RunModel)" time="0.032" />
  <testcase classname="ptolemy.util.test.junit.AutoTests" name="[55] /home/travis/build/icyphy/ptII/ptolemy/domains/modal/test/auto/ErrorTransition6.xml (RunModel)" time="0.035" />
  <testcase classname="ptolemy.util.test.junit.AutoTests" name="[56] /home/travis/build/icyphy/ptII/ptolemy/domains/modal/test/auto/ErrorTransition7.xml (RunModel)" time="0.048" />
  <testcase classname="ptolemy.util.test.junit.AutoTests" name="[57] /home/travis/build/icyphy/ptII/ptolemy/domains/modal/test/auto/ErrorTransition8.xml (RunModel)" time="0.05" />
  <testcase classname="ptolemy.util.test.junit.AutoTests" name="[58] /home/travis/build/icyphy/ptII/ptolemy/domains/modal/test/auto/ErrorTransition9.xml (RunModel)" time="0.044" />
  <testcase classname="ptolemy.util.test.junit.AutoTests" name="[59] /home/travis/build/icyphy/ptII/ptolemy/domains/modal/test/auto/ExtendedFSM.xml (RunModel)" time="0.028" />
  <testcase classname="ptolemy.util.test.junit.AutoTests" name="[60] /home/travis/build/icyphy/ptII/ptolemy/domains/modal/test/auto/FinalStates.xml (RunModel)" time="0.025" />
  <testcase classname="ptolemy.util.test.junit.AutoTests" name="[61] /home/travis/build/icyphy/ptII/ptolemy/domains/modal/test/auto/FixedPointFSM.xml (RunModel)" time="0.084" />
  <testcase classname="ptolemy.util.test.junit.AutoTests" name="[62] /home/travis/build/icyphy/ptII/ptolemy/domains/modal/test/auto/FixedPointIterationFSMActor.xml (RunModel)" time="0.048" />
  <testcase classname="ptolemy.util.test.junit.AutoTests" name="[63] /home/travis/build/icyphy/ptII/ptolemy/domains/modal/test/auto/FixedPointIterationFSMActor2.xml (RunModel)" time="0.043" />
  <testcase classname="ptolemy.util.test.junit.AutoTests" name="[64] /home/travis/build/icyphy/ptII/ptolemy/domains/modal/test/auto/ForbiddenInstantanousLoop.xml (RunModel)" time="0.044" />
  <testcase classname="ptolemy.util.test.junit.AutoTests" name="[65] /home/travis/build/icyphy/ptII/ptolemy/domains/modal/test/auto/FunctionDependencyOfFSMActorTest.xml (RunModel)" time="0.035" />
  <testcase classname="ptolemy.util.test.junit.AutoTests" name="[66] /home/travis/build/icyphy/ptII/ptolemy/domains/modal/test/auto/GuardExpression.xml (RunModel)" time="0.021" />
  <testcase classname="ptolemy.util.test.junit.AutoTests" name="[67] /home/travis/build/icyphy/ptII/ptolemy/domains/modal/test/auto/GuardNotEvaluated.xml (RunModel)" time="0.034" />
  <testcase classname="ptolemy.util.test.junit.AutoTests" name="[68] /home/travis/build/icyphy/ptII/ptolemy/domains/modal/test/auto/GuardNotEvaluated2.xml (RunModel)" time="0.028" />
  <testcase classname="ptolemy.util.test.junit.AutoTests" name="[69] /home/travis/build/icyphy/ptII/ptolemy/domains/modal/test/auto/GuardOnAbsent.xml (RunModel)" time="0.027" />
  <testcase classname="ptolemy.util.test.junit.AutoTests" name="[70] /home/travis/build/icyphy/ptII/ptolemy/domains/modal/test/auto/HierarchicalFSMTypeInference.xml (RunModel)" time="0.036" />
  <testcase classname="ptolemy.util.test.junit.AutoTests" name="[71] /home/travis/build/icyphy/ptII/ptolemy/domains/modal/test/auto/Hysteresis.xml (RunModel)" time="0.052" />
  <testcase classname="ptolemy.util.test.junit.AutoTests" name="[72] /home/travis/build/icyphy/ptII/ptolemy/domains/modal/test/auto/HysteresisWithDefault.xml (RunModel)" time="0.07" />
  <testcase classname="ptolemy.util.test.junit.AutoTests" name="[73] /home/travis/build/icyphy/ptII/ptolemy/domains/modal/test/auto/HysteresisWithDefault2.xml (RunModel)" time="0.1" />
  <testcase classname="ptolemy.util.test.junit.AutoTests" name="[74] /home/travis/build/icyphy/ptII/ptolemy/domains/modal/test/auto/ImmediateNonConstructiveness.xml (RunModel)" time="0.02" />
  <testcase classname="ptolemy.util.test.junit.AutoTests" name="[75] /home/travis/build/icyphy/ptII/ptolemy/domains/modal/test/auto/ImmediateNonConstructiveness2.xml (RunModel)" time="0.021" />
  <testcase classname="ptolemy.util.test.junit.AutoTests" name="[76] /home/travis/build/icyphy/ptII/ptolemy/domains/modal/test/auto/ImmediateTransitionReset.xml (RunModel)" time="0.043" />
  <testcase classname="ptolemy.util.test.junit.AutoTests" name="[77] /home/travis/build/icyphy/ptII/ptolemy/domains/modal/test/auto/ImmediateTransitions1.xml (RunModel)" time="0.013" />
  <testcase classname="ptolemy.util.test.junit.AutoTests" name="[78] /home/travis/build/icyphy/ptII/ptolemy/domains/modal/test/auto/ImmediateTransitionsInstantaneousCommunication.xml (RunModel)" time="0.03" />
  <testcase classname="ptolemy.util.test.junit.AutoTests" name="[79] /home/travis/build/icyphy/ptII/ptolemy/domains/modal/test/auto/InitialImmediateTransition.xml (RunModel)" time="0.019" />
  <testcase classname="ptolemy.util.test.junit.AutoTests" name="[80] /home/travis/build/icyphy/ptII/ptolemy/domains/modal/test/auto/InitialOutputs.xml (RunModel)" time="0.02" />
  <testcase classname="ptolemy.util.test.junit.AutoTests" name="[81] /home/travis/build/icyphy/ptII/ptolemy/domains/modal/test/auto/InitialStateTransition1.xml (RunModel)" time="0.019" />
  <testcase classname="ptolemy.util.test.junit.AutoTests" name="[82] /home/travis/build/icyphy/ptII/ptolemy/domains/modal/test/auto/InitialStateTransition2.xml (RunModel)" time="0.02" />
  <testcase classname="ptolemy.util.test.junit.AutoTests" name="[83] /home/travis/build/icyphy/ptII/ptolemy/domains/modal/test/auto/InitialStateTransition3.xml (RunModel)" time="0.029" />
  <testcase classname="ptolemy.util.test.junit.AutoTests" name="[84] /home/travis/build/icyphy/ptII/ptolemy/domains/modal/test/auto/InitialStateTransition4.xml (RunModel)" time="0.034" />
  <testcase classname="ptolemy.util.test.junit.AutoTests" name="[85] /home/travis/build/icyphy/ptII/ptolemy/domains/modal/test/auto/MalformedGuardExpressionNotCaught.xml (RunModel)" time="0.017" />
  <testcase classname="ptolemy.util.test.junit.AutoTests" name="[86] /home/travis/build/icyphy/ptII/ptolemy/domains/modal/test/auto/ModalBSC.xml (RunModel)" time="0.102" />
  <testcase classname="ptolemy.util.test.junit.AutoTests" name="[87] /home/travis/build/icyphy/ptII/ptolemy/domains/modal/test/auto/ModalClocks.xml (RunModel)" time="0.091" />
  <testcase classname="ptolemy.util.test.junit.AutoTests" name="[88] /home/travis/build/icyphy/ptII/ptolemy/domains/modal/test/auto/ModalDelay.xml (RunModel)" time="0.049" />
  <testcase classname="ptolemy.util.test.junit.AutoTests" name="[89] /home/travis/build/icyphy/ptII/ptolemy/domains/modal/test/auto/ModalDelay2.xml (RunModel)" time="0.044" />
  <testcase classname="ptolemy.util.test.junit.AutoTests" name="[90] /home/travis/build/icyphy/ptII/ptolemy/domains/modal/test/auto/ModalModelFromMemo.xml (RunModel)" time="0.056" />
  <testcase classname="ptolemy.util.test.junit.AutoTests" name="[91] /home/travis/build/icyphy/ptII/ptolemy/domains/modal/test/auto/ModalModelWithMultirateTransient.xml (RunModel)" time="0.06" />
  <testcase classname="ptolemy.util.test.junit.AutoTests" name="[92] /home/travis/build/icyphy/ptII/ptolemy/domains/modal/test/auto/ModalModelWithReset.xml (RunModel)" time="0.061" />
  <testcase classname="ptolemy.util.test.junit.AutoTests" name="[93] /home/travis/build/icyphy/ptII/ptolemy/domains/modal/test/auto/MouseClickFSM.xml (RunModel)" time="0.045" />
  <testcase classname="ptolemy.util.test.junit.AutoTests" name="[94] /home/travis/build/icyphy/ptII/ptolemy/domains/modal/test/auto/MouseClickFSMModal.xml (RunModel)" time="0.037" />
  <testcase classname="ptolemy.util.test.junit.AutoTests" name="[95] /home/travis/build/icyphy/ptII/ptolemy/domains/modal/test/auto/NonStrictFSM_FeedbackLoop.xml (RunModel)" time="0.074" />
  <testcase classname="ptolemy.util.test.junit.AutoTests" name="[96] /home/travis/build/icyphy/ptII/ptolemy/domains/modal/test/auto/NonStrictFSM_FeedbackLoop_Refinement.xml (RunModel)" time="0.079" />
  <testcase classname="ptolemy.util.test.junit.AutoTests" name="[97] /home/travis/build/icyphy/ptII/ptolemy/domains/modal/test/auto/NonStrictFSM_FeedbackLoop_preemptive.xml (RunModel)" time="0.048" />
  <testcase classname="ptolemy.util.test.junit.AutoTests" name="[98] /home/travis/build/icyphy/ptII/ptolemy/domains/modal/test/auto/NormalTermination.xml (RunModel)" time="0.049" />
  <testcase classname="ptolemy.util.test.junit.AutoTests" name="[99] /home/travis/build/icyphy/ptII/ptolemy/domains/modal/test/auto/Pong.xml (RunModel)" time="0.096" />
  <testcase classname="ptolemy.util.test.junit.AutoTests" name="[100] /home/travis/build/icyphy/ptII/ptolemy/domains/modal/test/auto/Pong_test.xml (RunModel)" time="0.129" />
  <testcase classname="ptolemy.util.test.junit.AutoTests" name="[101] /home/travis/build/icyphy/ptII/ptolemy/domains/modal/test/auto/PreemptionHierarchy.xml (RunModel)" time="0.026" />
  <testcase classname="ptolemy.util.test.junit.AutoTests" name="[102] /home/travis/build/icyphy/ptII/ptolemy/domains/modal/test/auto/PreemptionHierarchy2.xml (RunModel)" time="0.034" />
  <testcase classname="ptolemy.util.test.junit.AutoTests" name="[103] /home/travis/build/icyphy/ptII/ptolemy/domains/modal/test/auto/PreemptiveTransition.xml (RunModel)" time="0.025" />
  <testcase classname="ptolemy.util.test.junit.AutoTests" name="[104] /home/travis/build/icyphy/ptII/ptolemy/domains/modal/test/auto/Priorities.xml (RunModel)" time="0.112" />
  <testcase classname="ptolemy.util.test.junit.AutoTests" name="[105] /home/travis/build/icyphy/ptII/ptolemy/domains/modal/test/auto/ResetFinal.xml (RunModel)" time="0.057" />
  <testcase classname="ptolemy.util.test.junit.AutoTests" name="[106] /home/travis/build/icyphy/ptII/ptolemy/domains/modal/test/auto/ResetFinal2.xml (RunModel)" time="0.042" />
  <testcase classname="ptolemy.util.test.junit.AutoTests" name="[107] /home/travis/build/icyphy/ptII/ptolemy/domains/modal/test/auto/ResetTransitionWithStartTime.xml (RunModel)" time="0.037" />
  <testcase classname="ptolemy.util.test.junit.AutoTests" name="[108] /home/travis/build/icyphy/ptII/ptolemy/domains/modal/test/auto/SDF-FSMComposite.xml (RunModel)" time="0.023" />
  <testcase classname="ptolemy.util.test.junit.AutoTests" name="[109] /home/travis/build/icyphy/ptII/ptolemy/domains/modal/test/auto/SeeminglyNondeterminate.xml (RunModel)" time="0.073" />
  <testcase classname="ptolemy.util.test.junit.AutoTests" name="[110] /home/travis/build/icyphy/ptII/ptolemy/domains/modal/test/auto/SeeminglyNondeterminate2.xml (RunModel)" time="0.077" />
  <testcase classname="ptolemy.util.test.junit.AutoTests" name="[111] /home/travis/build/icyphy/ptII/ptolemy/domains/modal/test/auto/SpontaneousFSM.xml (RunModel)" time="0.052" />
  <testcase classname="ptolemy.util.test.junit.AutoTests" name="[112] /home/travis/build/icyphy/ptII/ptolemy/domains/modal/test/auto/SpontaneousFSM2.xml (RunModel)" time="0.036" />
  <testcase classname="ptolemy.util.test.junit.AutoTests" name="[113] /home/travis/build/icyphy/ptII/ptolemy/domains/modal/test/auto/SpontaneousFSM3.xml (RunModel)" time="0.068" />
  <testcase classname="ptolemy.util.test.junit.AutoTests" name="[114] /home/travis/build/icyphy/ptII/ptolemy/domains/modal/test/auto/SpontaneousFSM4.xml (RunModel)" time="0.055" />
  <testcase classname="ptolemy.util.test.junit.AutoTests" name="[115] /home/travis/build/icyphy/ptII/ptolemy/domains/modal/test/auto/StateTrackerTest.xml (RunModel)" time="0.07" />
  <testcase classname="ptolemy.util.test.junit.AutoTests" name="[116] /home/travis/build/icyphy/ptII/ptolemy/domains/modal/test/auto/StrongImmediateTransition.xml (RunModel)" time="0.026" />
  <testcase classname="ptolemy.util.test.junit.AutoTests" name="[117] /home/travis/build/icyphy/ptII/ptolemy/domains/modal/test/auto/SustainHierarchy.xml (RunModel)" time="0.032" />
  <testcase classname="ptolemy.util.test.junit.AutoTests" name="[118] /home/travis/build/icyphy/ptII/ptolemy/domains/modal/test/auto/TerminationTransition1.xml (RunModel)" time="0.022" />
  <testcase classname="ptolemy.util.test.junit.AutoTests" name="[119] /home/travis/build/icyphy/ptII/ptolemy/domains/modal/test/auto/TerminationTransition2.xml (RunModel)" time="0.031" />
  <testcase classname="ptolemy.util.test.junit.AutoTests" name="[120] /home/travis/build/icyphy/ptII/ptolemy/domains/modal/test/auto/TerminationTransition3.xml (RunModel)" time="0.026" />
  <testcase classname="ptolemy.util.test.junit.AutoTests" name="[121] /home/travis/build/icyphy/ptII/ptolemy/domains/modal/test/auto/TerminationTransition4.xml (RunModel)" time="0.036" />
  <testcase classname="ptolemy.util.test.junit.AutoTests" name="[122] /home/travis/build/icyphy/ptII/ptolemy/domains/modal/test/auto/TerminationTransition5.xml (RunModel)" time="0.034" />
  <testcase classname="ptolemy.util.test.junit.AutoTests" name="[123] /home/travis/build/icyphy/ptII/ptolemy/domains/modal/test/auto/TerminationTransition6.xml (RunModel)" time="0.023" />
  <testcase classname="ptolemy.util.test.junit.AutoTests" name="[124] /home/travis/build/icyphy/ptII/ptolemy/domains/modal/test/auto/TerminationTransition7.xml (RunModel)" time="0.024" />
  <testcase classname="ptolemy.util.test.junit.AutoTests" name="[125] /home/travis/build/icyphy/ptII/ptolemy/domains/modal/test/auto/TerminationTransition8.xml (RunModel)" time="0.024" />
  <testcase classname="ptolemy.util.test.junit.AutoTests" name="[126] /home/travis/build/icyphy/ptII/ptolemy/domains/modal/test/auto/Thermostat_NoHysteresis.xml (RunModel)" time="0.054" />
  <testcase classname="ptolemy.util.test.junit.AutoTests" name="[127] /home/travis/build/icyphy/ptII/ptolemy/domains/modal/test/auto/TimedFSM.xml (RunModel)" time="0.035" />
  <testcase classname="ptolemy.util.test.junit.AutoTests" name="[128] /home/travis/build/icyphy/ptII/ptolemy/domains/modal/test/auto/Timeout1.xml (RunModel)" time="0.027" />
  <testcase classname="ptolemy.util.test.junit.AutoTests" name="[129] /home/travis/build/icyphy/ptII/ptolemy/domains/modal/test/auto/Timeout2.xml (RunModel)" time="0.027" />
  <testcase classname="ptolemy.util.test.junit.AutoTests" name="[130] /home/travis/build/icyphy/ptII/ptolemy/domains/modal/test/auto/Timeout3.xml (RunModel)" time="0.013" />
  <testcase classname="ptolemy.util.test.junit.AutoTests" name="[131] /home/travis/build/icyphy/ptII/ptolemy/domains/modal/test/auto/Timeout4.xml (RunModel)" time="0.014" />
  <testcase classname="ptolemy.util.test.junit.AutoTests" name="[132] /home/travis/build/icyphy/ptII/ptolemy/domains/modal/test/auto/TransientstateModelAdvanced.xml (RunModel)" time="0.031" />
  <testcase classname="ptolemy.util.test.junit.AutoTests" name="[133] /home/travis/build/icyphy/ptII/ptolemy/domains/modal/test/auto/TransientstateModelAdvanced2.xml (RunModel)" time="0.03" />
  <testcase classname="ptolemy.util.test.junit.AutoTests" name="[134] /home/travis/build/icyphy/ptII/ptolemy/domains/modal/test/auto/TransitionRefinements.xml (RunModel)" time="0.029" />
  <testcase classname="ptolemy.util.test.junit.AutoTests" name="[135] /home/travis/build/icyphy/ptII/ptolemy/domains/modal/test/auto/TwoRefinements1.xml (RunModel)" time="0.033" />
  <testcase classname="ptolemy.util.test.junit.AutoTests" name="[136] /home/travis/build/icyphy/ptII/ptolemy/domains/modal/test/auto/TwoRefinements2.xml (RunModel)" time="0.043" />
  <testcase classname="ptolemy.util.test.junit.AutoTests" name="[137] /home/travis/build/icyphy/ptII/ptolemy/domains/modal/test/auto/WeakImmediateTransition.xml (RunModel)" time="0.059" />
  <testcase classname="ptolemy.util.test.junit.AutoTests" name="[138] /home/travis/build/icyphy/ptII/ptolemy/domains/modal/test/auto/booleanSelect.xml (RunModel)" time="0.077" />
  <testcase classname="ptolemy.util.test.junit.AutoTests" name="[139] /home/travis/build/icyphy/ptII/ptolemy/domains/modal/test/auto/modalChangingParams.xml (RunModel)" time="0.42" />
  <testcase classname="ptolemy.util.test.junit.AutoTests" name="[140] /home/travis/build/icyphy/ptII/ptolemy/domains/modal/test/auto/modalModel.xml (RunModel)" time="0.028" />
  <testcase classname="ptolemy.util.test.junit.AutoTests" name="[141] /home/travis/build/icyphy/ptII/ptolemy/domains/modal/test/auto/modalModel2.xml (RunModel)" time="0.031" />
  <testcase classname="ptolemy.util.test.junit.AutoTests" name="[142] /home/travis/build/icyphy/ptII/ptolemy/domains/modal/test/auto/modalModel3.xml (RunModel)" time="0.046" />
  <testcase classname="ptolemy.util.test.junit.AutoTests" name="[143] /home/travis/build/icyphy/ptII/ptolemy/domains/modal/test/auto/model1.xml (RunModel)" time="0.02" />
  <testcase classname="ptolemy.util.test.junit.AutoTests" name="[144] /home/travis/build/icyphy/ptII/ptolemy/domains/modal/test/auto/test-direct-in-out.xml (RunModel)" time="0.022" />
  <system-out><![CDATA[/home/travis/build/icyphy/ptII/ptolemy/domains/modal/test/SystemLevelType.tcl
testDefs.tcl: setting time out to 9000 seconds at Mon Mar 30 13:42:18 UTC 2020
03/30/20 01:42:20
Failed: 0  Total Tests: 1  ((Passed: 1, Newly Passed: 0)  Known Failed: 0) /home/travis/build/icyphy/ptII/ptolemy/domains/modal/test
----------------- testing (KnownFailure) /home/travis/build/icyphy/ptII/ptolemy/domains/modal/test/auto/knownFailedTests/CannotAnalysisWithPreemption.xml
165 ms. Memory: 129024K Free: 82530K (64%)
Known Failure: java.lang.reflect.InvocationTargetException
No auto/linux-amd64/*.xml tests in /home/travis/build/icyphy/ptII/ptolemy/domains/modal/test
AutoTests.java: About to close Vertx.
AutoTests.java: Vertx closed.

===========================================================================================
----------------- testing Mon Mar 30 13:42:21 UTC 2020 /home/travis/build/icyphy/ptII/ptolemy/domains/modal/test/auto/ABPTest.xml
----------------- Instantiating /home/travis/build/icyphy/ptII/ptolemy/domains/modal/test/auto/ABPTest.xml
353 ms. Memory: 168960K Free: 126404K (75%)
----------------- Invoking toplevel() on ptolemy.moml.MoMLSimpleApplication@39cd473
----------------- Done invoking toplevel() on ptolemy.moml.MoMLSimpleApplication@39cd473
reloadAllAccessors: .ABPTest

===========================================================================================
----------------- testing Mon Mar 30 13:42:22 UTC 2020 /home/travis/build/icyphy/ptII/ptolemy/domains/modal/test/auto/ABROFlat.xml
----------------- Instantiating /home/travis/build/icyphy/ptII/ptolemy/domains/modal/test/auto/ABROFlat.xml
41 ms. Memory: 168960K Free: 110910K (66%)
----------------- Invoking toplevel() on ptolemy.moml.MoMLSimpleApplication@5089cb96
----------------- Done invoking toplevel() on ptolemy.moml.MoMLSimpleApplication@5089cb96
reloadAllAccessors: .ABROFlat

===========================================================================================
----------------- testing Mon Mar 30 13:42:22 UTC 2020 /home/travis/build/icyphy/ptII/ptolemy/domains/modal/test/auto/ABROFlat2.xml
----------------- Instantiating /home/travis/build/icyphy/ptII/ptolemy/domains/modal/test/auto/ABROFlat2.xml
22 ms. Memory: 168960K Free: 94528K (56%)
----------------- Invoking toplevel() on ptolemy.moml.MoMLSimpleApplication@5cfe194e
----------------- Done invoking toplevel() on ptolemy.moml.MoMLSimpleApplication@5cfe194e
reloadAllAccessors: .ABROFlat2

===========================================================================================
----------------- testing Mon Mar 30 13:42:22 UTC 2020 /home/travis/build/icyphy/ptII/ptolemy/domains/modal/test/auto/ABRO_present_hmm.xml
----------------- Instantiating /home/travis/build/icyphy/ptII/ptolemy/domains/modal/test/auto/ABRO_present_hmm.xml
19 ms. Memory: 168960K Free: 67904K (40%)
----------------- Invoking toplevel() on ptolemy.moml.MoMLSimpleApplication@24aa627c
----------------- Done invoking toplevel() on ptolemy.moml.MoMLSimpleApplication@24aa627c
reloadAllAccessors: .ABRO_present_hmm

===========================================================================================
----------------- testing Mon Mar 30 13:42:22 UTC 2020 /home/travis/build/icyphy/ptII/ptolemy/domains/modal/test/auto/AMICoderExample.xml
----------------- Instantiating /home/travis/build/icyphy/ptII/ptolemy/domains/modal/test/auto/AMICoderExample.xml
55 ms. Memory: 168960K Free: 146108K (86%)
----------------- Invoking toplevel() on ptolemy.moml.MoMLSimpleApplication@12cd33de
----------------- Done invoking toplevel() on ptolemy.moml.MoMLSimpleApplication@12cd33de
reloadAllAccessors: .AMICoderExample

===========================================================================================
----------------- testing Mon Mar 30 13:42:22 UTC 2020 /home/travis/build/icyphy/ptII/ptolemy/domains/modal/test/auto/AbsentToPresent.xml
----------------- Instantiating /home/travis/build/icyphy/ptII/ptolemy/domains/modal/test/auto/AbsentToPresent.xml
10 ms. Memory: 168960K Free: 141532K (84%)
----------------- Invoking toplevel() on ptolemy.moml.MoMLSimpleApplication@78586d6d
----------------- Done invoking toplevel() on ptolemy.moml.MoMLSimpleApplication@78586d6d
reloadAllAccessors: .AbsentToPresent

===========================================================================================
----------------- testing Mon Mar 30 13:42:22 UTC 2020 /home/travis/build/icyphy/ptII/ptolemy/domains/modal/test/auto/Blending.xml
----------------- Instantiating /home/travis/build/icyphy/ptII/ptolemy/domains/modal/test/auto/Blending.xml
233 ms. Memory: 168960K Free: 96476K (57%)
----------------- Invoking toplevel() on ptolemy.moml.MoMLSimpleApplication@27ca1607
----------------- Done invoking toplevel() on ptolemy.moml.MoMLSimpleApplication@27ca1607
reloadAllAccessors: .Blending

===========================================================================================
----------------- testing Mon Mar 30 13:42:23 UTC 2020 /home/travis/build/icyphy/ptII/ptolemy/domains/modal/test/auto/Broadcast.xml
----------------- Instantiating /home/travis/build/icyphy/ptII/ptolemy/domains/modal/test/auto/Broadcast.xml
17 ms. Memory: 168960K Free: 86236K (51%)
----------------- Invoking toplevel() on ptolemy.moml.MoMLSimpleApplication@36d947e7
----------------- Done invoking toplevel() on ptolemy.moml.MoMLSimpleApplication@36d947e7
reloadAllAccessors: .Broadcast

===========================================================================================
----------------- testing Mon Mar 30 13:42:23 UTC 2020 /home/travis/build/icyphy/ptII/ptolemy/domains/modal/test/auto/BroadcastHierarchy.xml
----------------- Instantiating /home/travis/build/icyphy/ptII/ptolemy/domains/modal/test/auto/BroadcastHierarchy.xml
28 ms. Memory: 168960K Free: 72396K (43%)
----------------- Invoking toplevel() on ptolemy.moml.MoMLSimpleApplication@31f8ca7a
----------------- Done invoking toplevel() on ptolemy.moml.MoMLSimpleApplication@31f8ca7a
reloadAllAccessors: .BroadcastHierarchy

===========================================================================================
----------------- testing Mon Mar 30 13:42:23 UTC 2020 /home/travis/build/icyphy/ptII/ptolemy/domains/modal/test/auto/BroadcastHierarchy2.xml
----------------- Instantiating /home/travis/build/icyphy/ptII/ptolemy/domains/modal/test/auto/BroadcastHierarchy2.xml
26 ms. Memory: 168960K Free: 139997K (83%)
----------------- Invoking toplevel() on ptolemy.moml.MoMLSimpleApplication@2a7afa69
----------------- Done invoking toplevel() on ptolemy.moml.MoMLSimpleApplication@2a7afa69
reloadAllAccessors: .BroadcastHierarchy2

===========================================================================================
----------------- testing Mon Mar 30 13:42:23 UTC 2020 /home/travis/build/icyphy/ptII/ptolemy/domains/modal/test/auto/BroadcastHierarchy3.xml
----------------- Instantiating /home/travis/build/icyphy/ptII/ptolemy/domains/modal/test/auto/BroadcastHierarchy3.xml
28 ms. Memory: 168960K Free: 119556K (71%)
----------------- Invoking toplevel() on ptolemy.moml.MoMLSimpleApplication@6c88c9a5
----------------- Done invoking toplevel() on ptolemy.moml.MoMLSimpleApplication@6c88c9a5
reloadAllAccessors: .BroadcastHierarchy3

===========================================================================================
----------------- testing Mon Mar 30 13:42:23 UTC 2020 /home/travis/build/icyphy/ptII/ptolemy/domains/modal/test/auto/BroadcastHierarchy4.xml
----------------- Instantiating /home/travis/build/icyphy/ptII/ptolemy/domains/modal/test/auto/BroadcastHierarchy4.xml
19 ms. Memory: 168960K Free: 95002K (56%)
----------------- Invoking toplevel() on ptolemy.moml.MoMLSimpleApplication@3218dcea
----------------- Done invoking toplevel() on ptolemy.moml.MoMLSimpleApplication@3218dcea
reloadAllAccessors: .BroadcastHierarchy4

===========================================================================================
----------------- testing Mon Mar 30 13:42:23 UTC 2020 /home/travis/build/icyphy/ptII/ptolemy/domains/modal/test/auto/CannotAnalysisWithPreemption2.xml
----------------- Instantiating /home/travis/build/icyphy/ptII/ptolemy/domains/modal/test/auto/CannotAnalysisWithPreemption2.xml
3 ms. Memory: 168960K Free: 87842K (52%)
----------------- Invoking toplevel() on ptolemy.moml.MoMLSimpleApplication@1124f31a
----------------- Done invoking toplevel() on ptolemy.moml.MoMLSimpleApplication@1124f31a
reloadAllAccessors: .CannotAnalysisWithPreemption2

===========================================================================================
----------------- testing Mon Mar 30 13:42:23 UTC 2020 /home/travis/build/icyphy/ptII/ptolemy/domains/modal/test/auto/CannotAnalysisWithPreemption3.xml
----------------- Instantiating /home/travis/build/icyphy/ptII/ptolemy/domains/modal/test/auto/CannotAnalysisWithPreemption3.xml
6 ms. Memory: 168960K Free: 77572K (46%)
----------------- Invoking toplevel() on ptolemy.moml.MoMLSimpleApplication@20570f20
----------------- Done invoking toplevel() on ptolemy.moml.MoMLSimpleApplication@20570f20
reloadAllAccessors: .CannotAnalysisWithPreemption3

===========================================================================================
----------------- testing Mon Mar 30 13:42:23 UTC 2020 /home/travis/build/icyphy/ptII/ptolemy/domains/modal/test/auto/CannotProduce.xml
----------------- Instantiating /home/travis/build/icyphy/ptII/ptolemy/domains/modal/test/auto/CannotProduce.xml
21 ms. Memory: 168960K Free: 71443K (42%)
----------------- Invoking toplevel() on ptolemy.moml.MoMLSimpleApplication@bd7c763
----------------- Done invoking toplevel() on ptolemy.moml.MoMLSimpleApplication@bd7c763
reloadAllAccessors: .CannotProduce

===========================================================================================
----------------- testing Mon Mar 30 13:42:23 UTC 2020 /home/travis/build/icyphy/ptII/ptolemy/domains/modal/test/auto/CannotProduceModal.xml
----------------- Instantiating /home/travis/build/icyphy/ptII/ptolemy/domains/modal/test/auto/CannotProduceModal.xml
10 ms. Memory: 168960K Free: 64252K (38%)
----------------- Invoking toplevel() on ptolemy.moml.MoMLSimpleApplication@7af5b821
----------------- Done invoking toplevel() on ptolemy.moml.MoMLSimpleApplication@7af5b821
reloadAllAccessors: .CannotProduceModal

===========================================================================================
----------------- testing Mon Mar 30 13:42:23 UTC 2020 /home/travis/build/icyphy/ptII/ptolemy/domains/modal/test/auto/Case.xml
----------------- Instantiating /home/travis/build/icyphy/ptII/ptolemy/domains/modal/test/auto/Case.xml
53 ms. Memory: 207872K Free: 187627K (90%)
----------------- Invoking toplevel() on ptolemy.moml.MoMLSimpleApplication@6ae8d334
----------------- Done invoking toplevel() on ptolemy.moml.MoMLSimpleApplication@6ae8d334
reloadAllAccessors: .Case

===========================================================================================
----------------- testing Mon Mar 30 13:42:24 UTC 2020 /home/travis/build/icyphy/ptII/ptolemy/domains/modal/test/auto/Case1.xml
----------------- Instantiating /home/travis/build/icyphy/ptII/ptolemy/domains/modal/test/auto/Case1.xml
7 ms. Memory: 207872K Free: 180444K (87%)
----------------- Invoking toplevel() on ptolemy.moml.MoMLSimpleApplication@24232c38
----------------- Done invoking toplevel() on ptolemy.moml.MoMLSimpleApplication@24232c38
reloadAllAccessors: .Case1

===========================================================================================
----------------- testing Mon Mar 30 13:42:24 UTC 2020 /home/travis/build/icyphy/ptII/ptolemy/domains/modal/test/auto/Case2.xml
----------------- Instantiating /home/travis/build/icyphy/ptII/ptolemy/domains/modal/test/auto/Case2.xml
42 ms. Memory: 207872K Free: 169180K (81%)
----------------- Invoking toplevel() on ptolemy.moml.MoMLSimpleApplication@1f54660d
----------------- Done invoking toplevel() on ptolemy.moml.MoMLSimpleApplication@1f54660d
reloadAllAccessors: .Case2

===========================================================================================
----------------- testing Mon Mar 30 13:42:24 UTC 2020 /home/travis/build/icyphy/ptII/ptolemy/domains/modal/test/auto/CausalityInterface1.xml
----------------- Instantiating /home/travis/build/icyphy/ptII/ptolemy/domains/modal/test/auto/CausalityInterface1.xml
8 ms. Memory: 207872K Free: 164060K (79%)
----------------- Invoking toplevel() on ptolemy.moml.MoMLSimpleApplication@3fd9a32
----------------- Done invoking toplevel() on ptolemy.moml.MoMLSimpleApplication@3fd9a32
reloadAllAccessors: .CausalityInterface1

===========================================================================================
----------------- testing Mon Mar 30 13:42:24 UTC 2020 /home/travis/build/icyphy/ptII/ptolemy/domains/modal/test/auto/CausalityInterface10.xml
----------------- Instantiating /home/travis/build/icyphy/ptII/ptolemy/domains/modal/test/auto/CausalityInterface10.xml
20 ms. Memory: 207872K Free: 150748K (73%)
----------------- Invoking toplevel() on ptolemy.moml.MoMLSimpleApplication@59174e46
----------------- Done invoking toplevel() on ptolemy.moml.MoMLSimpleApplication@59174e46
reloadAllAccessors: .CausalityInterface10

===========================================================================================
----------------- testing Mon Mar 30 13:42:24 UTC 2020 /home/travis/build/icyphy/ptII/ptolemy/domains/modal/test/auto/CausalityInterface11.xml
----------------- Instantiating /home/travis/build/icyphy/ptII/ptolemy/domains/modal/test/auto/CausalityInterface11.xml
10 ms. Memory: 207872K Free: 137436K (66%)
----------------- Invoking toplevel() on ptolemy.moml.MoMLSimpleApplication@72042779
----------------- Done invoking toplevel() on ptolemy.moml.MoMLSimpleApplication@72042779
reloadAllAccessors: .CausalityInterface11

===========================================================================================
----------------- testing Mon Mar 30 13:42:24 UTC 2020 /home/travis/build/icyphy/ptII/ptolemy/domains/modal/test/auto/CausalityInterface12.xml
----------------- Instantiating /home/travis/build/icyphy/ptII/ptolemy/domains/modal/test/auto/CausalityInterface12.xml
9 ms. Memory: 207872K Free: 124124K (60%)
----------------- Invoking toplevel() on ptolemy.moml.MoMLSimpleApplication@2390ae94
----------------- Done invoking toplevel() on ptolemy.moml.MoMLSimpleApplication@2390ae94
reloadAllAccessors: .CausalityInterface12

===========================================================================================
----------------- testing Mon Mar 30 13:42:24 UTC 2020 /home/travis/build/icyphy/ptII/ptolemy/domains/modal/test/auto/CausalityInterface13.xml
----------------- Instantiating /home/travis/build/icyphy/ptII/ptolemy/domains/modal/test/auto/CausalityInterface13.xml
14 ms. Memory: 207872K Free: 110284K (53%)
----------------- Invoking toplevel() on ptolemy.moml.MoMLSimpleApplication@5689e92c
----------------- Done invoking toplevel() on ptolemy.moml.MoMLSimpleApplication@5689e92c
reloadAllAccessors: .CausalityInterface13

===========================================================================================
----------------- testing Mon Mar 30 13:42:24 UTC 2020 /home/travis/build/icyphy/ptII/ptolemy/domains/modal/test/auto/CausalityInterface14.xml
----------------- Instantiating /home/travis/build/icyphy/ptII/ptolemy/domains/modal/test/auto/CausalityInterface14.xml
10 ms. Memory: 207872K Free: 96476K (46%)
----------------- Invoking toplevel() on ptolemy.moml.MoMLSimpleApplication@23139497
----------------- Done invoking toplevel() on ptolemy.moml.MoMLSimpleApplication@23139497
reloadAllAccessors: .CausalityInterface14

===========================================================================================
----------------- testing Mon Mar 30 13:42:24 UTC 2020 /home/travis/build/icyphy/ptII/ptolemy/domains/modal/test/auto/CausalityInterface2.xml
----------------- Instantiating /home/travis/build/icyphy/ptII/ptolemy/domains/modal/test/auto/CausalityInterface2.xml
10 ms. Memory: 207872K Free: 90332K (43%)
----------------- Invoking toplevel() on ptolemy.moml.MoMLSimpleApplication@7d3c5af0
----------------- Done invoking toplevel() on ptolemy.moml.MoMLSimpleApplication@7d3c5af0
reloadAllAccessors: .CausalityInterface2

===========================================================================================
----------------- testing Mon Mar 30 13:42:24 UTC 2020 /home/travis/build/icyphy/ptII/ptolemy/domains/modal/test/auto/CausalityInterface3.xml
----------------- Instantiating /home/travis/build/icyphy/ptII/ptolemy/domains/modal/test/auto/CausalityInterface3.xml
3 ms. Memory: 207872K Free: 84188K (40%)
----------------- Invoking toplevel() on ptolemy.moml.MoMLSimpleApplication@16120e85
----------------- Done invoking toplevel() on ptolemy.moml.MoMLSimpleApplication@16120e85
reloadAllAccessors: .CausalityInterface3

===========================================================================================
----------------- testing Mon Mar 30 13:42:24 UTC 2020 /home/travis/build/icyphy/ptII/ptolemy/domains/modal/test/auto/CausalityInterface4.xml
----------------- Instantiating /home/travis/build/icyphy/ptII/ptolemy/domains/modal/test/auto/CausalityInterface4.xml
13 ms. Memory: 207872K Free: 78044K (38%)
----------------- Invoking toplevel() on ptolemy.moml.MoMLSimpleApplication@538b1705
----------------- Done invoking toplevel() on ptolemy.moml.MoMLSimpleApplication@538b1705
reloadAllAccessors: .CausalityInterface4

===========================================================================================
----------------- testing Mon Mar 30 13:42:24 UTC 2020 /home/travis/build/icyphy/ptII/ptolemy/domains/modal/test/auto/CausalityInterface5.xml
----------------- Instantiating /home/travis/build/icyphy/ptII/ptolemy/domains/modal/test/auto/CausalityInterface5.xml
16 ms. Memory: 207872K Free: 187100K (90%)
----------------- Invoking toplevel() on ptolemy.moml.MoMLSimpleApplication@556231bd
----------------- Done invoking toplevel() on ptolemy.moml.MoMLSimpleApplication@556231bd
reloadAllAccessors: .CausalityInterface5

===========================================================================================
----------------- testing Mon Mar 30 13:42:24 UTC 2020 /home/travis/build/icyphy/ptII/ptolemy/domains/modal/test/auto/CausalityInterface6.xml
----------------- Instantiating /home/travis/build/icyphy/ptII/ptolemy/domains/modal/test/auto/CausalityInterface6.xml
6 ms. Memory: 207872K Free: 178364K (86%)
----------------- Invoking toplevel() on ptolemy.moml.MoMLSimpleApplication@1d5ee1d9
----------------- Done invoking toplevel() on ptolemy.moml.MoMLSimpleApplication@1d5ee1d9
reloadAllAccessors: .CausalityInterface6

===========================================================================================
----------------- testing Mon Mar 30 13:42:24 UTC 2020 /home/travis/build/icyphy/ptII/ptolemy/domains/modal/test/auto/CausalityInterface7.xml
----------------- Instantiating /home/travis/build/icyphy/ptII/ptolemy/domains/modal/test/auto/CausalityInterface7.xml
6 ms. Memory: 207872K Free: 170188K (82%)
----------------- Invoking toplevel() on ptolemy.moml.MoMLSimpleApplication@3df4b2df
----------------- Done invoking toplevel() on ptolemy.moml.MoMLSimpleApplication@3df4b2df
reloadAllAccessors: .CausalityInterface7

===========================================================================================
----------------- testing Mon Mar 30 13:42:24 UTC 2020 /home/travis/build/icyphy/ptII/ptolemy/domains/modal/test/auto/CausalityInterface8.xml
----------------- Instantiating /home/travis/build/icyphy/ptII/ptolemy/domains/modal/test/auto/CausalityInterface8.xml
4 ms. Memory: 207872K Free: 161500K (78%)
----------------- Invoking toplevel() on ptolemy.moml.MoMLSimpleApplication@2aa13f4b
----------------- Done invoking toplevel() on ptolemy.moml.MoMLSimpleApplication@2aa13f4b
reloadAllAccessors: .CausalityInterface8

===========================================================================================
----------------- testing Mon Mar 30 13:42:24 UTC 2020 /home/travis/build/icyphy/ptII/ptolemy/domains/modal/test/auto/CausalityInterface9.xml
----------------- Instantiating /home/travis/build/icyphy/ptII/ptolemy/domains/modal/test/auto/CausalityInterface9.xml
4 ms. Memory: 207872K Free: 152284K (73%)
----------------- Invoking toplevel() on ptolemy.moml.MoMLSimpleApplication@2c1aa92d
----------------- Done invoking toplevel() on ptolemy.moml.MoMLSimpleApplication@2c1aa92d
reloadAllAccessors: .CausalityInterface9

===========================================================================================
----------------- testing Mon Mar 30 13:42:24 UTC 2020 /home/travis/build/icyphy/ptII/ptolemy/domains/modal/test/auto/ChainedTransitions.xml
----------------- Instantiating /home/travis/build/icyphy/ptII/ptolemy/domains/modal/test/auto/ChainedTransitions.xml
104 ms. Memory: 207872K Free: 127708K (61%)
----------------- Invoking toplevel() on ptolemy.moml.MoMLSimpleApplication@2df3220
----------------- Done invoking toplevel() on ptolemy.moml.MoMLSimpleApplication@2df3220
reloadAllAccessors: .ChainedTransitions

===========================================================================================
----------------- testing Mon Mar 30 13:42:25 UTC 2020 /home/travis/build/icyphy/ptII/ptolemy/domains/modal/test/auto/CycleOfImmediateTransitionsFSM.xml
----------------- Instantiating /home/travis/build/icyphy/ptII/ptolemy/domains/modal/test/auto/CycleOfImmediateTransitionsFSM.xml
3 ms. Memory: 207872K Free: 122074K (59%)
----------------- Invoking toplevel() on ptolemy.moml.MoMLSimpleApplication@d4848a3
----------------- Done invoking toplevel() on ptolemy.moml.MoMLSimpleApplication@d4848a3
reloadAllAccessors: .CycleOfImmediateTransitionsFSM

===========================================================================================
----------------- testing Mon Mar 30 13:42:25 UTC 2020 /home/travis/build/icyphy/ptII/ptolemy/domains/modal/test/auto/CycleOfImmediateTransitionsModal.xml
----------------- Instantiating /home/travis/build/icyphy/ptII/ptolemy/domains/modal/test/auto/CycleOfImmediateTransitionsModal.xml
2 ms. Memory: 207872K Free: 115930K (56%)
----------------- Invoking toplevel() on ptolemy.moml.MoMLSimpleApplication@68e0c5b4
----------------- Done invoking toplevel() on ptolemy.moml.MoMLSimpleApplication@68e0c5b4
reloadAllAccessors: .CycleOfImmediateTransitionsModal

===========================================================================================
----------------- testing Mon Mar 30 13:42:25 UTC 2020 /home/travis/build/icyphy/ptII/ptolemy/domains/modal/test/auto/CycleOfImmediateTransitionsModal2.xml
----------------- Instantiating /home/travis/build/icyphy/ptII/ptolemy/domains/modal/test/auto/CycleOfImmediateTransitionsModal2.xml
9 ms. Memory: 207872K Free: 109276K (53%)
----------------- Invoking toplevel() on ptolemy.moml.MoMLSimpleApplication@3ce4949a
----------------- Done invoking toplevel() on ptolemy.moml.MoMLSimpleApplication@3ce4949a
reloadAllAccessors: .CycleOfImmediateTransitionsModal2

===========================================================================================
----------------- testing Mon Mar 30 13:42:25 UTC 2020 /home/travis/build/icyphy/ptII/ptolemy/domains/modal/test/auto/CycleOfImmediateTransitionsModal3.xml
----------------- Instantiating /home/travis/build/icyphy/ptII/ptolemy/domains/modal/test/auto/CycleOfImmediateTransitionsModal3.xml
18 ms. Memory: 207872K Free: 86748K (42%)
----------------- Invoking toplevel() on ptolemy.moml.MoMLSimpleApplication@5d1d7d23
----------------- Done invoking toplevel() on ptolemy.moml.MoMLSimpleApplication@5d1d7d23
reloadAllAccessors: .CycleOfImmediateTransitionsModal3

===========================================================================================
----------------- testing Mon Mar 30 13:42:25 UTC 2020 /home/travis/build/icyphy/ptII/ptolemy/domains/modal/test/auto/DeepModal1.xml
----------------- Instantiating /home/travis/build/icyphy/ptII/ptolemy/domains/modal/test/auto/DeepModal1.xml
34 ms. Memory: 207872K Free: 72892K (35%)
----------------- Invoking toplevel() on ptolemy.moml.MoMLSimpleApplication@3106f297
----------------- Done invoking toplevel() on ptolemy.moml.MoMLSimpleApplication@3106f297
reloadAllAccessors: .DeepModal1

===========================================================================================
----------------- testing Mon Mar 30 13:42:25 UTC 2020 /home/travis/build/icyphy/ptII/ptolemy/domains/modal/test/auto/DeepModal2.xml
----------------- Instantiating /home/travis/build/icyphy/ptII/ptolemy/domains/modal/test/auto/DeepModal2.xml
23 ms. Memory: 207872K Free: 172764K (83%)
----------------- Invoking toplevel() on ptolemy.moml.MoMLSimpleApplication@732c9783
----------------- Done invoking toplevel() on ptolemy.moml.MoMLSimpleApplication@732c9783
reloadAllAccessors: .DeepModal2

===========================================================================================
----------------- testing Mon Mar 30 13:42:25 UTC 2020 /home/travis/build/icyphy/ptII/ptolemy/domains/modal/test/auto/DeepModal3.xml
----------------- Instantiating /home/travis/build/icyphy/ptII/ptolemy/domains/modal/test/auto/DeepModal3.xml
29 ms. Memory: 207872K Free: 153308K (74%)
----------------- Invoking toplevel() on ptolemy.moml.MoMLSimpleApplication@75f8046e
----------------- Done invoking toplevel() on ptolemy.moml.MoMLSimpleApplication@75f8046e
reloadAllAccessors: .DeepModal3

===========================================================================================
----------------- testing Mon Mar 30 13:42:25 UTC 2020 /home/travis/build/icyphy/ptII/ptolemy/domains/modal/test/auto/DeepModal4.xml
----------------- Instantiating /home/travis/build/icyphy/ptII/ptolemy/domains/modal/test/auto/DeepModal4.xml
18 ms. Memory: 207872K Free: 133852K (64%)
----------------- Invoking toplevel() on ptolemy.moml.MoMLSimpleApplication@2328c83b
----------------- Done invoking toplevel() on ptolemy.moml.MoMLSimpleApplication@2328c83b
reloadAllAccessors: .DeepModal4

===========================================================================================
----------------- testing Mon Mar 30 13:42:25 UTC 2020 /home/travis/build/icyphy/ptII/ptolemy/domains/modal/test/auto/Default1.xml
----------------- Instantiating /home/travis/build/icyphy/ptII/ptolemy/domains/modal/test/auto/Default1.xml
3 ms. Memory: 207872K Free: 127708K (61%)
----------------- Invoking toplevel() on ptolemy.moml.MoMLSimpleApplication@28cf8233
----------------- Done invoking toplevel() on ptolemy.moml.MoMLSimpleApplication@28cf8233
reloadAllAccessors: .Default1

===========================================================================================
----------------- testing Mon Mar 30 13:42:25 UTC 2020 /home/travis/build/icyphy/ptII/ptolemy/domains/modal/test/auto/Default2.xml
----------------- Instantiating /home/travis/build/icyphy/ptII/ptolemy/domains/modal/test/auto/Default2.xml
8 ms. Memory: 207872K Free: 122074K (59%)
----------------- Invoking toplevel() on ptolemy.moml.MoMLSimpleApplication@628fe3e8
----------------- Done invoking toplevel() on ptolemy.moml.MoMLSimpleApplication@628fe3e8
reloadAllAccessors: .Default2

===========================================================================================
----------------- testing Mon Mar 30 13:42:25 UTC 2020 /home/travis/build/icyphy/ptII/ptolemy/domains/modal/test/auto/Default3.xml
----------------- Instantiating /home/travis/build/icyphy/ptII/ptolemy/domains/modal/test/auto/Default3.xml
6 ms. Memory: 207872K Free: 115930K (56%)
----------------- Invoking toplevel() on ptolemy.moml.MoMLSimpleApplication@40f9ee4e
----------------- Done invoking toplevel() on ptolemy.moml.MoMLSimpleApplication@40f9ee4e
reloadAllAccessors: .Default3

===========================================================================================
----------------- testing Mon Mar 30 13:42:25 UTC 2020 /home/travis/build/icyphy/ptII/ptolemy/domains/modal/test/auto/Default4.xml
----------------- Instantiating /home/travis/build/icyphy/ptII/ptolemy/domains/modal/test/auto/Default4.xml
5 ms. Memory: 207872K Free: 109786K (53%)
----------------- Invoking toplevel() on ptolemy.moml.MoMLSimpleApplication@43f622d3
----------------- Done invoking toplevel() on ptolemy.moml.MoMLSimpleApplication@43f622d3
reloadAllAccessors: .Default4

===========================================================================================
----------------- testing Mon Mar 30 13:42:25 UTC 2020 /home/travis/build/icyphy/ptII/ptolemy/domains/modal/test/auto/Default5.xml
----------------- Instantiating /home/travis/build/icyphy/ptII/ptolemy/domains/modal/test/auto/Default5.xml
6 ms. Memory: 207872K Free: 101594K (49%)
----------------- Invoking toplevel() on ptolemy.moml.MoMLSimpleApplication@66d801e9
----------------- Done invoking toplevel() on ptolemy.moml.MoMLSimpleApplication@66d801e9
reloadAllAccessors: .Default5

===========================================================================================
----------------- testing Mon Mar 30 13:42:25 UTC 2020 /home/travis/build/icyphy/ptII/ptolemy/domains/modal/test/auto/EmptyGuard.xml
----------------- Instantiating /home/travis/build/icyphy/ptII/ptolemy/domains/modal/test/auto/EmptyGuard.xml
12 ms. Memory: 207872K Free: 93916K (45%)
----------------- Invoking toplevel() on ptolemy.moml.MoMLSimpleApplication@5b496acc
----------------- Done invoking toplevel() on ptolemy.moml.MoMLSimpleApplication@5b496acc
reloadAllAccessors: .EmptyGuard

===========================================================================================
----------------- testing Mon Mar 30 13:42:25 UTC 2020 /home/travis/build/icyphy/ptII/ptolemy/domains/modal/test/auto/ErrorTransition1.xml
----------------- Instantiating /home/travis/build/icyphy/ptII/ptolemy/domains/modal/test/auto/ErrorTransition1.xml
8 ms. Memory: 207872K Free: 85210K (41%)
----------------- Invoking toplevel() on ptolemy.moml.MoMLSimpleApplication@274e3597
----------------- Done invoking toplevel() on ptolemy.moml.MoMLSimpleApplication@274e3597
reloadAllAccessors: .ErrorTransition1

===========================================================================================
----------------- testing Mon Mar 30 13:42:25 UTC 2020 /home/travis/build/icyphy/ptII/ptolemy/domains/modal/test/auto/ErrorTransition10.xml
----------------- Instantiating /home/travis/build/icyphy/ptII/ptolemy/domains/modal/test/auto/ErrorTransition10.xml
14 ms. Memory: 207872K Free: 71388K (34%)
----------------- Invoking toplevel() on ptolemy.moml.MoMLSimpleApplication@4216ef6b
----------------- Done invoking toplevel() on ptolemy.moml.MoMLSimpleApplication@4216ef6b
reloadAllAccessors: .ErrorTransition10

===========================================================================================
----------------- testing Mon Mar 30 13:42:25 UTC 2020 /home/travis/build/icyphy/ptII/ptolemy/domains/modal/test/auto/ErrorTransition11.xml
----------------- Instantiating /home/travis/build/icyphy/ptII/ptolemy/domains/modal/test/auto/ErrorTransition11.xml
5 ms. Memory: 207872K Free: 177884K (86%)
----------------- Invoking toplevel() on ptolemy.moml.MoMLSimpleApplication@12cc9def
----------------- Done invoking toplevel() on ptolemy.moml.MoMLSimpleApplication@12cc9def
reloadAllAccessors: .ErrorTransition11

===========================================================================================
----------------- testing Mon Mar 30 13:42:25 UTC 2020 /home/travis/build/icyphy/ptII/ptolemy/domains/modal/test/auto/ErrorTransition2.xml
----------------- Instantiating /home/travis/build/icyphy/ptII/ptolemy/domains/modal/test/auto/ErrorTransition2.xml
10 ms. Memory: 207872K Free: 169178K (81%)
----------------- Invoking toplevel() on ptolemy.moml.MoMLSimpleApplication@351e66ef
----------------- Done invoking toplevel() on ptolemy.moml.MoMLSimpleApplication@351e66ef
reloadAllAccessors: .ErrorTransition2

===========================================================================================
----------------- testing Mon Mar 30 13:42:25 UTC 2020 /home/travis/build/icyphy/ptII/ptolemy/domains/modal/test/auto/ErrorTransition3.xml
----------------- Instantiating /home/travis/build/icyphy/ptII/ptolemy/domains/modal/test/auto/ErrorTransition3.xml
20 ms. Memory: 207872K Free: 159452K (77%)
----------------- Invoking toplevel() on ptolemy.moml.MoMLSimpleApplication@6853244d
----------------- Done invoking toplevel() on ptolemy.moml.MoMLSimpleApplication@6853244d
reloadAllAccessors: .ErrorTransition3

===========================================================================================
----------------- testing Mon Mar 30 13:42:25 UTC 2020 /home/travis/build/icyphy/ptII/ptolemy/domains/modal/test/auto/ErrorTransition4.xml
----------------- Instantiating /home/travis/build/icyphy/ptII/ptolemy/domains/modal/test/auto/ErrorTransition4.xml
11 ms. Memory: 207872K Free: 148188K (71%)
----------------- Invoking toplevel() on ptolemy.moml.MoMLSimpleApplication@6a4e7fc9
----------------- Done invoking toplevel() on ptolemy.moml.MoMLSimpleApplication@6a4e7fc9
reloadAllAccessors: .ErrorTransition4

===========================================================================================
----------------- testing Mon Mar 30 13:42:25 UTC 2020 /home/travis/build/icyphy/ptII/ptolemy/domains/modal/test/auto/ErrorTransition5.xml
----------------- Instantiating /home/travis/build/icyphy/ptII/ptolemy/domains/modal/test/auto/ErrorTransition5.xml
12 ms. Memory: 207872K Free: 137948K (66%)
----------------- Invoking toplevel() on ptolemy.moml.MoMLSimpleApplication@3258cfeb
----------------- Done invoking toplevel() on ptolemy.moml.MoMLSimpleApplication@3258cfeb
reloadAllAccessors: .ErrorTransition5

===========================================================================================
----------------- testing Mon Mar 30 13:42:25 UTC 2020 /home/travis/build/icyphy/ptII/ptolemy/domains/modal/test/auto/ErrorTransition6.xml
----------------- Instantiating /home/travis/build/icyphy/ptII/ptolemy/domains/modal/test/auto/ErrorTransition6.xml
11 ms. Memory: 207872K Free: 127194K (61%)
----------------- Invoking toplevel() on ptolemy.moml.MoMLSimpleApplication@39fcf0f5
----------------- Done invoking toplevel() on ptolemy.moml.MoMLSimpleApplication@39fcf0f5
reloadAllAccessors: .ErrorTransition6

===========================================================================================
----------------- testing Mon Mar 30 13:42:25 UTC 2020 /home/travis/build/icyphy/ptII/ptolemy/domains/modal/test/auto/ErrorTransition7.xml
----------------- Instantiating /home/travis/build/icyphy/ptII/ptolemy/domains/modal/test/auto/ErrorTransition7.xml
17 ms. Memory: 207872K Free: 114396K (55%)
----------------- Invoking toplevel() on ptolemy.moml.MoMLSimpleApplication@202ef4c5
----------------- Done invoking toplevel() on ptolemy.moml.MoMLSimpleApplication@202ef4c5
reloadAllAccessors: .ErrorTransition7

===========================================================================================
----------------- testing Mon Mar 30 13:42:26 UTC 2020 /home/travis/build/icyphy/ptII/ptolemy/domains/modal/test/auto/ErrorTransition8.xml
----------------- Instantiating /home/travis/build/icyphy/ptII/ptolemy/domains/modal/test/auto/ErrorTransition8.xml
24 ms. Memory: 207872K Free: 101594K (49%)
----------------- Invoking toplevel() on ptolemy.moml.MoMLSimpleApplication@7df559ec
----------------- Done invoking toplevel() on ptolemy.moml.MoMLSimpleApplication@7df559ec
reloadAllAccessors: .ErrorTransition8

===========================================================================================
----------------- testing Mon Mar 30 13:42:26 UTC 2020 /home/travis/build/icyphy/ptII/ptolemy/domains/modal/test/auto/ErrorTransition9.xml
----------------- Instantiating /home/travis/build/icyphy/ptII/ptolemy/domains/modal/test/auto/ErrorTransition9.xml
15 ms. Memory: 207872K Free: 88268K (42%)
----------------- Invoking toplevel() on ptolemy.moml.MoMLSimpleApplication@5e6645bf
----------------- Done invoking toplevel() on ptolemy.moml.MoMLSimpleApplication@5e6645bf
reloadAllAccessors: .ErrorTransition9

===========================================================================================
----------------- testing Mon Mar 30 13:42:26 UTC 2020 /home/travis/build/icyphy/ptII/ptolemy/domains/modal/test/auto/ExtendedFSM.xml
----------------- Instantiating /home/travis/build/icyphy/ptII/ptolemy/domains/modal/test/auto/ExtendedFSM.xml
9 ms. Memory: 207872K Free: 79580K (38%)
----------------- Invoking toplevel() on ptolemy.moml.MoMLSimpleApplication@5d815e3
----------------- Done invoking toplevel() on ptolemy.moml.MoMLSimpleApplication@5d815e3
reloadAllAccessors: .ExtendedFSM

===========================================================================================
----------------- testing Mon Mar 30 13:42:26 UTC 2020 /home/travis/build/icyphy/ptII/ptolemy/domains/modal/test/auto/FinalStates.xml
----------------- Instantiating /home/travis/build/icyphy/ptII/ptolemy/domains/modal/test/auto/FinalStates.xml
8 ms. Memory: 207872K Free: 71388K (34%)
----------------- Invoking toplevel() on ptolemy.moml.MoMLSimpleApplication@2f131dec
----------------- Done invoking toplevel() on ptolemy.moml.MoMLSimpleApplication@2f131dec
reloadAllAccessors: .FinalStates

===========================================================================================
----------------- testing Mon Mar 30 13:42:26 UTC 2020 /home/travis/build/icyphy/ptII/ptolemy/domains/modal/test/auto/FixedPointFSM.xml
----------------- Instantiating /home/travis/build/icyphy/ptII/ptolemy/domains/modal/test/auto/FixedPointFSM.xml
32 ms. Memory: 249856K Free: 215756K (86%)
----------------- Invoking toplevel() on ptolemy.moml.MoMLSimpleApplication@4d279598
----------------- Done invoking toplevel() on ptolemy.moml.MoMLSimpleApplication@4d279598
reloadAllAccessors: .FixedPointFSM

===========================================================================================
----------------- testing Mon Mar 30 13:42:26 UTC 2020 /home/travis/build/icyphy/ptII/ptolemy/domains/modal/test/auto/FixedPointIterationFSMActor.xml
----------------- Instantiating /home/travis/build/icyphy/ptII/ptolemy/domains/modal/test/auto/FixedPointIterationFSMActor.xml
11 ms. Memory: 249856K Free: 205524K (82%)
----------------- Invoking toplevel() on ptolemy.moml.MoMLSimpleApplication@75e22814
----------------- Done invoking toplevel() on ptolemy.moml.MoMLSimpleApplication@75e22814
reloadAllAccessors: .FixedPointIterationFSMActor

===========================================================================================
----------------- testing Mon Mar 30 13:42:26 UTC 2020 /home/travis/build/icyphy/ptII/ptolemy/domains/modal/test/auto/FixedPointIterationFSMActor2.xml
----------------- Instantiating /home/travis/build/icyphy/ptII/ptolemy/domains/modal/test/auto/FixedPointIterationFSMActor2.xml
14 ms. Memory: 249856K Free: 193236K (77%)
----------------- Invoking toplevel() on ptolemy.moml.MoMLSimpleApplication@62bfdc01
----------------- Done invoking toplevel() on ptolemy.moml.MoMLSimpleApplication@62bfdc01
reloadAllAccessors: .FixedPointIterationFSMActor2

===========================================================================================
----------------- testing Mon Mar 30 13:42:26 UTC 2020 /home/travis/build/icyphy/ptII/ptolemy/domains/modal/test/auto/ForbiddenInstantanousLoop.xml
----------------- Instantiating /home/travis/build/icyphy/ptII/ptolemy/domains/modal/test/auto/ForbiddenInstantanousLoop.xml
10 ms. Memory: 249856K Free: 180940K (72%)
----------------- Invoking toplevel() on ptolemy.moml.MoMLSimpleApplication@77cd0ade
----------------- Done invoking toplevel() on ptolemy.moml.MoMLSimpleApplication@77cd0ade
reloadAllAccessors: .ForbiddenInstantanousLoop

===========================================================================================
----------------- testing Mon Mar 30 13:42:26 UTC 2020 /home/travis/build/icyphy/ptII/ptolemy/domains/modal/test/auto/FunctionDependencyOfFSMActorTest.xml
----------------- Instantiating /home/travis/build/icyphy/ptII/ptolemy/domains/modal/test/auto/FunctionDependencyOfFSMActorTest.xml
17 ms. Memory: 249856K Free: 173767K (70%)
----------------- Invoking toplevel() on ptolemy.moml.MoMLSimpleApplication@22dafcdc
----------------- Done invoking toplevel() on ptolemy.moml.MoMLSimpleApplication@22dafcdc
reloadAllAccessors: .FunctionDependencyOfFSMActorTest

===========================================================================================
----------------- testing Mon Mar 30 13:42:26 UTC 2020 /home/travis/build/icyphy/ptII/ptolemy/domains/modal/test/auto/GuardExpression.xml
----------------- Instantiating /home/travis/build/icyphy/ptII/ptolemy/domains/modal/test/auto/GuardExpression.xml
2 ms. Memory: 249856K Free: 168666K (68%)
----------------- Invoking toplevel() on ptolemy.moml.MoMLSimpleApplication@45e8d6d5
----------------- Done invoking toplevel() on ptolemy.moml.MoMLSimpleApplication@45e8d6d5
reloadAllAccessors: .GuardExpression

===========================================================================================
----------------- testing Mon Mar 30 13:42:26 UTC 2020 /home/travis/build/icyphy/ptII/ptolemy/domains/modal/test/auto/GuardNotEvaluated.xml
----------------- Instantiating /home/travis/build/icyphy/ptII/ptolemy/domains/modal/test/auto/GuardNotEvaluated.xml
8 ms. Memory: 249856K Free: 159964K (64%)
----------------- Invoking toplevel() on ptolemy.moml.MoMLSimpleApplication@5eb060e6
----------------- Done invoking toplevel() on ptolemy.moml.MoMLSimpleApplication@5eb060e6
reloadAllAccessors: .GuardNotEvaluated

===========================================================================================
----------------- testing Mon Mar 30 13:42:26 UTC 2020 /home/travis/build/icyphy/ptII/ptolemy/domains/modal/test/auto/GuardNotEvaluated2.xml
----------------- Instantiating /home/travis/build/icyphy/ptII/ptolemy/domains/modal/test/auto/GuardNotEvaluated2.xml
9 ms. Memory: 249856K Free: 150234K (60%)
----------------- Invoking toplevel() on ptolemy.moml.MoMLSimpleApplication@41016a2e
----------------- Done invoking toplevel() on ptolemy.moml.MoMLSimpleApplication@41016a2e
reloadAllAccessors: .GuardNotEvaluated2

===========================================================================================
----------------- testing Mon Mar 30 13:42:26 UTC 2020 /home/travis/build/icyphy/ptII/ptolemy/domains/modal/test/auto/GuardOnAbsent.xml
----------------- Instantiating /home/travis/build/icyphy/ptII/ptolemy/domains/modal/test/auto/GuardOnAbsent.xml
10 ms. Memory: 249856K Free: 143036K (57%)
----------------- Invoking toplevel() on ptolemy.moml.MoMLSimpleApplication@12fd2ec3
----------------- Done invoking toplevel() on ptolemy.moml.MoMLSimpleApplication@12fd2ec3
reloadAllAccessors: .GuardOnAbsent

===========================================================================================
----------------- testing Mon Mar 30 13:42:26 UTC 2020 /home/travis/build/icyphy/ptII/ptolemy/domains/modal/test/auto/HierarchicalFSMTypeInference.xml
----------------- Instantiating /home/travis/build/icyphy/ptII/ptolemy/domains/modal/test/auto/HierarchicalFSMTypeInference.xml
6 ms. Memory: 249856K Free: 132316K (53%)
----------------- Invoking toplevel() on ptolemy.moml.MoMLSimpleApplication@2a8735ef
----------------- Done invoking toplevel() on ptolemy.moml.MoMLSimpleApplication@2a8735ef
reloadAllAccessors: .HierarchicalFSMTypeInference

===========================================================================================
----------------- testing Mon Mar 30 13:42:26 UTC 2020 /home/travis/build/icyphy/ptII/ptolemy/domains/modal/test/auto/Hysteresis.xml
----------------- Instantiating /home/travis/build/icyphy/ptII/ptolemy/domains/modal/test/auto/Hysteresis.xml
15 ms. Memory: 249856K Free: 119004K (48%)
----------------- Invoking toplevel() on ptolemy.moml.MoMLSimpleApplication@571f3a26
----------------- Done invoking toplevel() on ptolemy.moml.MoMLSimpleApplication@571f3a26
reloadAllAccessors: .Hysteresis

===========================================================================================
----------------- testing Mon Mar 30 13:42:26 UTC 2020 /home/travis/build/icyphy/ptII/ptolemy/domains/modal/test/auto/HysteresisWithDefault.xml
----------------- Instantiating /home/travis/build/icyphy/ptII/ptolemy/domains/modal/test/auto/HysteresisWithDefault.xml
42 ms. Memory: 249856K Free: 95948K (38%)
----------------- Invoking toplevel() on ptolemy.moml.MoMLSimpleApplication@4993a58f
----------------- Done invoking toplevel() on ptolemy.moml.MoMLSimpleApplication@4993a58f
reloadAllAccessors: .HysteresisWithDefault

===========================================================================================
----------------- testing Mon Mar 30 13:42:26 UTC 2020 /home/travis/build/icyphy/ptII/ptolemy/domains/modal/test/auto/HysteresisWithDefault2.xml
----------------- Instantiating /home/travis/build/icyphy/ptII/ptolemy/domains/modal/test/auto/HysteresisWithDefault2.xml
48 ms. Memory: 249856K Free: 208602K (83%)
----------------- Invoking toplevel() on ptolemy.moml.MoMLSimpleApplication@445d86cf
----------------- Done invoking toplevel() on ptolemy.moml.MoMLSimpleApplication@445d86cf
reloadAllAccessors: .HysteresisWithDefault2

===========================================================================================
----------------- testing Mon Mar 30 13:42:26 UTC 2020 /home/travis/build/icyphy/ptII/ptolemy/domains/modal/test/auto/ImmediateNonConstructiveness.xml
----------------- Instantiating /home/travis/build/icyphy/ptII/ptolemy/domains/modal/test/auto/ImmediateNonConstructiveness.xml
4 ms. Memory: 249856K Free: 201420K (81%)
----------------- Invoking toplevel() on ptolemy.moml.MoMLSimpleApplication@f303508
----------------- Done invoking toplevel() on ptolemy.moml.MoMLSimpleApplication@f303508
reloadAllAccessors: .ImmediateNonConstructiveness

===========================================================================================
----------------- testing Mon Mar 30 13:42:26 UTC 2020 /home/travis/build/icyphy/ptII/ptolemy/domains/modal/test/auto/ImmediateNonConstructiveness2.xml
----------------- Instantiating /home/travis/build/icyphy/ptII/ptolemy/domains/modal/test/auto/ImmediateNonConstructiveness2.xml
2 ms. Memory: 249856K Free: 194780K (78%)
----------------- Invoking toplevel() on ptolemy.moml.MoMLSimpleApplication@530dcc2f
----------------- Done invoking toplevel() on ptolemy.moml.MoMLSimpleApplication@530dcc2f
reloadAllAccessors: .ImmediateNonConstructiveness2

===========================================================================================
----------------- testing Mon Mar 30 13:42:26 UTC 2020 /home/travis/build/icyphy/ptII/ptolemy/domains/modal/test/auto/ImmediateTransitionReset.xml
----------------- Instantiating /home/travis/build/icyphy/ptII/ptolemy/domains/modal/test/auto/ImmediateTransitionReset.xml
9 ms. Memory: 249856K Free: 183002K (73%)
----------------- Invoking toplevel() on ptolemy.moml.MoMLSimpleApplication@269969c3
----------------- Done invoking toplevel() on ptolemy.moml.MoMLSimpleApplication@269969c3
reloadAllAccessors: .ImmediateTransitionReset

===========================================================================================
----------------- testing Mon Mar 30 13:42:26 UTC 2020 /home/travis/build/icyphy/ptII/ptolemy/domains/modal/test/auto/ImmediateTransitions1.xml
----------------- Instantiating /home/travis/build/icyphy/ptII/ptolemy/domains/modal/test/auto/ImmediateTransitions1.xml
2 ms. Memory: 249856K Free: 177882K (71%)
----------------- Invoking toplevel() on ptolemy.moml.MoMLSimpleApplication@27b30eab
----------------- Done invoking toplevel() on ptolemy.moml.MoMLSimpleApplication@27b30eab
reloadAllAccessors: .ImmediateTransitions1

===========================================================================================
----------------- testing Mon Mar 30 13:42:26 UTC 2020 /home/travis/build/icyphy/ptII/ptolemy/domains/modal/test/auto/ImmediateTransitionsInstantaneousCommunication.xml
----------------- Instantiating /home/travis/build/icyphy/ptII/ptolemy/domains/modal/test/auto/ImmediateTransitionsInstantaneousCommunication.xml
4 ms. Memory: 249856K Free: 165594K (66%)
----------------- Invoking toplevel() on ptolemy.moml.MoMLSimpleApplication@3f69456f
----------------- Done invoking toplevel() on ptolemy.moml.MoMLSimpleApplication@3f69456f
reloadAllAccessors: .ImmediateTransitionsInstantaneousCommunication

===========================================================================================
----------------- testing Mon Mar 30 13:42:26 UTC 2020 /home/travis/build/icyphy/ptII/ptolemy/domains/modal/test/auto/InitialImmediateTransition.xml
----------------- Instantiating /home/travis/build/icyphy/ptII/ptolemy/domains/modal/test/auto/InitialImmediateTransition.xml
4 ms. Memory: 249856K Free: 158420K (63%)
----------------- Invoking toplevel() on ptolemy.moml.MoMLSimpleApplication@81dbc09
----------------- Done invoking toplevel() on ptolemy.moml.MoMLSimpleApplication@81dbc09
reloadAllAccessors: .InitialImmediateTransition

===========================================================================================
----------------- testing Mon Mar 30 13:42:26 UTC 2020 /home/travis/build/icyphy/ptII/ptolemy/domains/modal/test/auto/InitialOutputs.xml
----------------- Instantiating /home/travis/build/icyphy/ptII/ptolemy/domains/modal/test/auto/InitialOutputs.xml
3 ms. Memory: 249856K Free: 152268K (61%)
----------------- Invoking toplevel() on ptolemy.moml.MoMLSimpleApplication@7d2de5c
----------------- Done invoking toplevel() on ptolemy.moml.MoMLSimpleApplication@7d2de5c
reloadAllAccessors: .InitialOutputs

===========================================================================================
----------------- testing Mon Mar 30 13:42:27 UTC 2020 /home/travis/build/icyphy/ptII/ptolemy/domains/modal/test/auto/InitialStateTransition1.xml
----------------- Instantiating /home/travis/build/icyphy/ptII/ptolemy/domains/modal/test/auto/InitialStateTransition1.xml
3 ms. Memory: 249856K Free: 145114K (58%)
----------------- Invoking toplevel() on ptolemy.moml.MoMLSimpleApplication@268e217a
----------------- Done invoking toplevel() on ptolemy.moml.MoMLSimpleApplication@268e217a
reloadAllAccessors: .InitialStateTransition1

===========================================================================================
----------------- testing Mon Mar 30 13:42:27 UTC 2020 /home/travis/build/icyphy/ptII/ptolemy/domains/modal/test/auto/InitialStateTransition2.xml
----------------- Instantiating /home/travis/build/icyphy/ptII/ptolemy/domains/modal/test/auto/InitialStateTransition2.xml
.InitialStateTransition2.TestExceptionAttributeNonConstructive: initialize() was not invoked, but wrapup() was.  This is unusual, but not always a problem.  For example, exporting JNLP will do this.
1 ms. Memory: 249856K Free: 137946K (55%)
----------------- Invoking toplevel() on ptolemy.moml.MoMLSimpleApplication@5d00f196
----------------- Done invoking toplevel() on ptolemy.moml.MoMLSimpleApplication@5d00f196
reloadAllAccessors: .InitialStateTransition2

===========================================================================================
----------------- testing Mon Mar 30 13:42:27 UTC 2020 /home/travis/build/icyphy/ptII/ptolemy/domains/modal/test/auto/InitialStateTransition3.xml
----------------- Instantiating /home/travis/build/icyphy/ptII/ptolemy/domains/modal/test/auto/InitialStateTransition3.xml
6 ms. Memory: 249856K Free: 129754K (52%)
----------------- Invoking toplevel() on ptolemy.moml.MoMLSimpleApplication@337e108b
----------------- Done invoking toplevel() on ptolemy.moml.MoMLSimpleApplication@337e108b
reloadAllAccessors: .InitialStateTransition3

===========================================================================================
----------------- testing Mon Mar 30 13:42:27 UTC 2020 /home/travis/build/icyphy/ptII/ptolemy/domains/modal/test/auto/InitialStateTransition4.xml
----------------- Instantiating /home/travis/build/icyphy/ptII/ptolemy/domains/modal/test/auto/InitialStateTransition4.xml
5 ms. Memory: 249856K Free: 120028K (48%)
----------------- Invoking toplevel() on ptolemy.moml.MoMLSimpleApplication@58f50b5f
----------------- Done invoking toplevel() on ptolemy.moml.MoMLSimpleApplication@58f50b5f
[...]
reloadAllAccessors: .TerminationTransition3

===========================================================================================
----------------- testing Mon Mar 30 13:42:29 UTC 2020 /home/travis/build/icyphy/ptII/ptolemy/domains/modal/test/auto/TerminationTransition4.xml
----------------- Instantiating /home/travis/build/icyphy/ptII/ptolemy/domains/modal/test/auto/TerminationTransition4.xml
6 ms. Memory: 306176K Free: 190059K (62%)
----------------- Invoking toplevel() on ptolemy.moml.MoMLSimpleApplication@810fada
----------------- Done invoking toplevel() on ptolemy.moml.MoMLSimpleApplication@810fada
reloadAllAccessors: .TerminationTransition4

===========================================================================================
----------------- testing Mon Mar 30 13:42:29 UTC 2020 /home/travis/build/icyphy/ptII/ptolemy/domains/modal/test/auto/TerminationTransition5.xml
----------------- Instantiating /home/travis/build/icyphy/ptII/ptolemy/domains/modal/test/auto/TerminationTransition5.xml
3 ms. Memory: 306176K Free: 176233K (58%)
----------------- Invoking toplevel() on ptolemy.moml.MoMLSimpleApplication@d429e1e
----------------- Done invoking toplevel() on ptolemy.moml.MoMLSimpleApplication@d429e1e
reloadAllAccessors: .TerminationTransition5

===========================================================================================
----------------- testing Mon Mar 30 13:42:29 UTC 2020 /home/travis/build/icyphy/ptII/ptolemy/domains/modal/test/auto/TerminationTransition6.xml
----------------- Instantiating /home/travis/build/icyphy/ptII/ptolemy/domains/modal/test/auto/TerminationTransition6.xml
1 ms. Memory: 306176K Free: 168041K (55%)
----------------- Invoking toplevel() on ptolemy.moml.MoMLSimpleApplication@6070d037
----------------- Done invoking toplevel() on ptolemy.moml.MoMLSimpleApplication@6070d037
reloadAllAccessors: .TerminationTransition6

===========================================================================================
----------------- testing Mon Mar 30 13:42:29 UTC 2020 /home/travis/build/icyphy/ptII/ptolemy/domains/modal/test/auto/TerminationTransition7.xml
----------------- Instantiating /home/travis/build/icyphy/ptII/ptolemy/domains/modal/test/auto/TerminationTransition7.xml
2 ms. Memory: 306176K Free: 158315K (52%)
----------------- Invoking toplevel() on ptolemy.moml.MoMLSimpleApplication@2b32ba45
----------------- Done invoking toplevel() on ptolemy.moml.MoMLSimpleApplication@2b32ba45
reloadAllAccessors: .TerminationTransition7

===========================================================================================
----------------- testing Mon Mar 30 13:42:29 UTC 2020 /home/travis/build/icyphy/ptII/ptolemy/domains/modal/test/auto/TerminationTransition8.xml
----------------- Instantiating /home/travis/build/icyphy/ptII/ptolemy/domains/modal/test/auto/TerminationTransition8.xml
2 ms. Memory: 306176K Free: 148570K (49%)
----------------- Invoking toplevel() on ptolemy.moml.MoMLSimpleApplication@1f03f8b5
----------------- Done invoking toplevel() on ptolemy.moml.MoMLSimpleApplication@1f03f8b5
reloadAllAccessors: .TerminationTransition8

===========================================================================================
----------------- testing Mon Mar 30 13:42:29 UTC 2020 /home/travis/build/icyphy/ptII/ptolemy/domains/modal/test/auto/Thermostat_NoHysteresis.xml
----------------- Instantiating /home/travis/build/icyphy/ptII/ptolemy/domains/modal/test/auto/Thermostat_NoHysteresis.xml
23 ms. Memory: 306176K Free: 123994K (40%)
----------------- Invoking toplevel() on ptolemy.moml.MoMLSimpleApplication@4c5fcc01
----------------- Done invoking toplevel() on ptolemy.moml.MoMLSimpleApplication@4c5fcc01
reloadAllAccessors: .Thermostat_NoHysteresis

===========================================================================================
----------------- testing Mon Mar 30 13:42:29 UTC 2020 /home/travis/build/icyphy/ptII/ptolemy/domains/modal/test/auto/TimedFSM.xml
----------------- Instantiating /home/travis/build/icyphy/ptII/ptolemy/domains/modal/test/auto/TimedFSM.xml
8 ms. Memory: 306176K Free: 112235K (37%)
----------------- Invoking toplevel() on ptolemy.moml.MoMLSimpleApplication@5baf45a
----------------- Done invoking toplevel() on ptolemy.moml.MoMLSimpleApplication@5baf45a
reloadAllAccessors: .TimedFSM

===========================================================================================
----------------- testing Mon Mar 30 13:42:29 UTC 2020 /home/travis/build/icyphy/ptII/ptolemy/domains/modal/test/auto/Timeout1.xml
----------------- Instantiating /home/travis/build/icyphy/ptII/ptolemy/domains/modal/test/auto/Timeout1.xml
15 ms. Memory: 306176K Free: 285193K (93%)
----------------- Invoking toplevel() on ptolemy.moml.MoMLSimpleApplication@2fa13c3c
----------------- Done invoking toplevel() on ptolemy.moml.MoMLSimpleApplication@2fa13c3c
reloadAllAccessors: .Timeout1

===========================================================================================
----------------- testing Mon Mar 30 13:42:29 UTC 2020 /home/travis/build/icyphy/ptII/ptolemy/domains/modal/test/auto/Timeout2.xml
----------------- Instantiating /home/travis/build/icyphy/ptII/ptolemy/domains/modal/test/auto/Timeout2.xml
9 ms. Memory: 306176K Free: 276261K (90%)
----------------- Invoking toplevel() on ptolemy.moml.MoMLSimpleApplication@1947b1f
----------------- Done invoking toplevel() on ptolemy.moml.MoMLSimpleApplication@1947b1f
reloadAllAccessors: .Timeout2

===========================================================================================
----------------- testing Mon Mar 30 13:42:29 UTC 2020 /home/travis/build/icyphy/ptII/ptolemy/domains/modal/test/auto/Timeout3.xml
----------------- Instantiating /home/travis/build/icyphy/ptII/ptolemy/domains/modal/test/auto/Timeout3.xml
3 ms. Memory: 306176K Free: 271141K (89%)
----------------- Invoking toplevel() on ptolemy.moml.MoMLSimpleApplication@43a9d3ba
----------------- Done invoking toplevel() on ptolemy.moml.MoMLSimpleApplication@43a9d3ba
reloadAllAccessors: .Timeout3

===========================================================================================
----------------- testing Mon Mar 30 13:42:29 UTC 2020 /home/travis/build/icyphy/ptII/ptolemy/domains/modal/test/auto/Timeout4.xml
----------------- Instantiating /home/travis/build/icyphy/ptII/ptolemy/domains/modal/test/auto/Timeout4.xml
2 ms. Memory: 306176K Free: 266021K (87%)
----------------- Invoking toplevel() on ptolemy.moml.MoMLSimpleApplication@1fe281a4
----------------- Done invoking toplevel() on ptolemy.moml.MoMLSimpleApplication@1fe281a4
reloadAllAccessors: .Timeout4

===========================================================================================
----------------- testing Mon Mar 30 13:42:29 UTC 2020 /home/travis/build/icyphy/ptII/ptolemy/domains/modal/test/auto/TransientstateModelAdvanced.xml
----------------- Instantiating /home/travis/build/icyphy/ptII/ptolemy/domains/modal/test/auto/TransientstateModelAdvanced.xml
3 ms. Memory: 306176K Free: 253733K (83%)
----------------- Invoking toplevel() on ptolemy.moml.MoMLSimpleApplication@239b1186
----------------- Done invoking toplevel() on ptolemy.moml.MoMLSimpleApplication@239b1186
reloadAllAccessors: .TransientstateModelAdvanced

===========================================================================================
----------------- testing Mon Mar 30 13:42:29 UTC 2020 /home/travis/build/icyphy/ptII/ptolemy/domains/modal/test/auto/TransientstateModelAdvanced2.xml
----------------- Instantiating /home/travis/build/icyphy/ptII/ptolemy/domains/modal/test/auto/TransientstateModelAdvanced2.xml
4 ms. Memory: 306176K Free: 239397K (78%)
----------------- Invoking toplevel() on ptolemy.moml.MoMLSimpleApplication@4bf9748a
----------------- Done invoking toplevel() on ptolemy.moml.MoMLSimpleApplication@4bf9748a
reloadAllAccessors: .transientstatemodelAdvanced

===========================================================================================
----------------- testing Mon Mar 30 13:42:29 UTC 2020 /home/travis/build/icyphy/ptII/ptolemy/domains/modal/test/auto/TransitionRefinements.xml
----------------- Instantiating /home/travis/build/icyphy/ptII/ptolemy/domains/modal/test/auto/TransitionRefinements.xml
9 ms. Memory: 306176K Free: 229661K (75%)
----------------- Invoking toplevel() on ptolemy.moml.MoMLSimpleApplication@59acd6a4
----------------- Done invoking toplevel() on ptolemy.moml.MoMLSimpleApplication@59acd6a4
reloadAllAccessors: .TransitionRefinements

===========================================================================================
----------------- testing Mon Mar 30 13:42:29 UTC 2020 /home/travis/build/icyphy/ptII/ptolemy/domains/modal/test/auto/TwoRefinements1.xml
----------------- Instantiating /home/travis/build/icyphy/ptII/ptolemy/domains/modal/test/auto/TwoRefinements1.xml
3 ms. Memory: 306176K Free: 219427K (72%)
----------------- Invoking toplevel() on ptolemy.moml.MoMLSimpleApplication@6d696e4b
----------------- Done invoking toplevel() on ptolemy.moml.MoMLSimpleApplication@6d696e4b
reloadAllAccessors: .TwoRefinements1

===========================================================================================
----------------- testing Mon Mar 30 13:42:29 UTC 2020 /home/travis/build/icyphy/ptII/ptolemy/domains/modal/test/auto/TwoRefinements2.xml
----------------- Instantiating /home/travis/build/icyphy/ptII/ptolemy/domains/modal/test/auto/TwoRefinements2.xml
17 ms. Memory: 306176K Free: 209701K (68%)
----------------- Invoking toplevel() on ptolemy.moml.MoMLSimpleApplication@73949318
----------------- Done invoking toplevel() on ptolemy.moml.MoMLSimpleApplication@73949318
reloadAllAccessors: .TwoRefinements2

===========================================================================================
----------------- testing Mon Mar 30 13:42:29 UTC 2020 /home/travis/build/icyphy/ptII/ptolemy/domains/modal/test/auto/WeakImmediateTransition.xml
----------------- Instantiating /home/travis/build/icyphy/ptII/ptolemy/domains/modal/test/auto/WeakImmediateTransition.xml
4 ms. Memory: 306176K Free: 200995K (66%)
----------------- Invoking toplevel() on ptolemy.moml.MoMLSimpleApplication@3d394454
----------------- Done invoking toplevel() on ptolemy.moml.MoMLSimpleApplication@3d394454
reloadAllAccessors: .WeakImmediateTransition

===========================================================================================
----------------- testing Mon Mar 30 13:42:29 UTC 2020 /home/travis/build/icyphy/ptII/ptolemy/domains/modal/test/auto/booleanSelect.xml
----------------- Instantiating /home/travis/build/icyphy/ptII/ptolemy/domains/modal/test/auto/booleanSelect.xml
35 ms. Memory: 306176K Free: 182549K (60%)
----------------- Invoking toplevel() on ptolemy.moml.MoMLSimpleApplication@1355e78b
----------------- Done invoking toplevel() on ptolemy.moml.MoMLSimpleApplication@1355e78b
reloadAllAccessors: .booleanSelect

===========================================================================================
----------------- testing Mon Mar 30 13:42:29 UTC 2020 /home/travis/build/icyphy/ptII/ptolemy/domains/modal/test/auto/modalChangingParams.xml
----------------- Instantiating /home/travis/build/icyphy/ptII/ptolemy/domains/modal/test/auto/modalChangingParams.xml
0
1
0
2
4
6
8
7
0
2
4
6
8
13
0
2
4
6
8
19
0
2
4
6
8
25
0
2
4
6
8
31
0
2
4
6
8
37
0
2
4
6
8
43
0
2
4
6
8
49
0
2
4
6
8
55
0
2
4
6
8
61
0
2
4
6
8
67
0
2
4
6
8
73
0
2
4
6
8
79
0
2
4
6
8
85
0
2
4
6
8
91
0
2
4
6
8
97
0
2
4
6
8
103
0
2
4
6
8
109
0
2
4
6
8
115
0
2
4
6
8
121
0
2
4
6
8
127
0
2
4
6
8
133
0
2
4
6
8
139
0
2
4
6
8
145
0
2
4
6
8
151
0
2
4
6
8
157
0
2
4
6
8
163
0
2
4
6
8
169
0
2
4
6
8
175
0
2
4
6
8
181
0
2
4
6
8
187
0
2
4
6
8
193
0
2
4
6
8
199
0
2
4
6
8
205
0
2
4
6
8
211
0
2
4
6
8
217
0
2
4
6
8
223
0
2
4
6
8
229
0
2
4
6
8
235
0
2
4
6
8
241
0
2
4
6
8
247
0
2
4
6
8
253
0
2
4
6
8
259
0
2
4
6
8
265
0
2
4
6
8
271
0
2
4
6
8
277
0
2
4
6
8
283
0
2
4
6
8
289
0
2
4
6
8
295
0
2
4
6
8
301
0
2
4
6
8
307
0
2
4
6
8
313
0
2
4
6
8
319
0
2
4
6
8
325
0
2
4
6
8
331
0
2
4
6
8
337
0
2
4
6
8
343
0
2
4
6
8
349
0
2
4
6
8
355
0
2
4
6
8
361
0
2
4
6
8
367
0
2
4
6
8
373
0
2
4
6
8
379
0
2
4
6
8
385
0
2
4
6
8
391
0
2
4
6
8
397
0
2
4
6
8
403
0
2
4
6
8
409
0
2
4
6
8
415
0
2
4
6
8
421
0
2
4
6
8
427
0
2
4
6
8
433
0
2
4
6
8
439
0
2
4
6
8
445
0
2
4
6
8
451
0
2
4
6
8
457
0
2
4
6
8
463
0
2
4
6
8
469
0
2
4
6
8
475
0
2
4
6
8
481
0
2
4
6
8
487
0
2
4
6
8
493
0
2
4
6
8
499
0
2
4
6
8
505
0
2
4
6
8
511
0
2
4
6
8
517
0
2
4
6
8
523
0
2
4
6
8
529
0
2
4
6
8
535
0
2
4
6
8
541
0
2
4
6
8
547
0
2
4
6
8
553
0
2
4
6
8
559
0
2
4
6
8
565
0
2
4
6
8
571
0
2
4
6
8
577
0
2
4
6
8
583
0
2
4
6
8
589
0
2
4
6
8
595
0
2
4
6
8
601
0
2
4
6
8
607
0
2
4
6
8
613
0
2
4
6
8
619
0
2
4
6
8
625
0
2
4
6
8
631
0
2
4
6
8
637
0
2
4
6
8
643
0
2
4
6
8
649
0
2
4
6
8
655
0
2
4
6
8
661
0
2
4
6
8
667
0
2
4
6
8
673
0
2
4
6
8
679
0
2
4
6
8
685
0
2
4
6
8
691
0
2
4
6
8
697
0
2
4
6
8
703
0
2
4
6
8
709
0
2
4
6
8
715
0
2
4
6
8
721
0
2
4
6
8
727
0
2
4
6
8
733
0
2
4
6
8
739
0
2
4
6
8
745
0
2
4
6
8
751
0
2
4
6
8
757
0
2
4
6
8
763
0
2
4
6
8
769
0
2
4
6
8
775
0
2
4
6
8
781
0
2
4
6
8
787
0
2
4
6
8
793
0
2
4
6
8
799
0
2
4
6
8
805
0
2
4
6
8
811
0
2
4
6
8
817
0
2
4
6
8
823
0
2
4
6
8
829
0
2
4
6
8
835
0
2
4
6
8
841
0
2
4
6
8
847
0
2
4
6
8
853
0
2
4
6
8
859
0
2
4
6
8
865
0
2
4
6
8
871
0
2
4
6
8
877
0
2
4
6
8
883
0
2
4
6
8
889
0
2
4
6
8
895
0
2
4
6
8
901
0
2
4
6
8
907
0
2
4
6
8
913
0
2
4
6
8
919
0
2
4
6
8
925
0
2
4
6
8
931
0
2
4
6
8
937
0
2
4
6
8
943
0
2
4
6
8
949
0
2
4
6
8
955
0
2
4
6
8
961
0
2
4
6
8
967
0
2
4
6
8
973
0
2
4
6
8
979
0
2
4
6
8
985
0
2
4
6
8
991
0
2
4
6
8
997
0
2
382 ms. Memory: 306176K Free: 247100K (81%)
----------------- Invoking toplevel() on ptolemy.moml.MoMLSimpleApplication@7b7afc17
----------------- Done invoking toplevel() on ptolemy.moml.MoMLSimpleApplication@7b7afc17
reloadAllAccessors: .modalChangingParams

===========================================================================================
----------------- testing Mon Mar 30 13:42:30 UTC 2020 /home/travis/build/icyphy/ptII/ptolemy/domains/modal/test/auto/modalModel.xml
----------------- Instantiating /home/travis/build/icyphy/ptII/ptolemy/domains/modal/test/auto/modalModel.xml
6 ms. Memory: 306176K Free: 237388K (78%)
----------------- Invoking toplevel() on ptolemy.moml.MoMLSimpleApplication@38e3b407
----------------- Done invoking toplevel() on ptolemy.moml.MoMLSimpleApplication@38e3b407
reloadAllAccessors: .modalModel

===========================================================================================
----------------- testing Mon Mar 30 13:42:30 UTC 2020 /home/travis/build/icyphy/ptII/ptolemy/domains/modal/test/auto/modalModel2.xml
----------------- Instantiating /home/travis/build/icyphy/ptII/ptolemy/domains/modal/test/auto/modalModel2.xml
7 ms. Memory: 306176K Free: 226620K (74%)
----------------- Invoking toplevel() on ptolemy.moml.MoMLSimpleApplication@61e633e8
----------------- Done invoking toplevel() on ptolemy.moml.MoMLSimpleApplication@61e633e8
reloadAllAccessors: .modalModel2

===========================================================================================
----------------- testing Mon Mar 30 13:42:30 UTC 2020 /home/travis/build/icyphy/ptII/ptolemy/domains/modal/test/auto/modalModel3.xml
----------------- Instantiating /home/travis/build/icyphy/ptII/ptolemy/domains/modal/test/auto/modalModel3.xml
0	0	0
1	0	1
4	2	2
7	4	3
10	6	4
5	0	5
8	2	6
11	4	7
14	6	8
9	0	9
12	2	10
15	4	11
18	6	12
13	0	13
16	2	14
18 ms. Memory: 306176K Free: 211788K (69%)
----------------- Invoking toplevel() on ptolemy.moml.MoMLSimpleApplication@fc7705e
----------------- Done invoking toplevel() on ptolemy.moml.MoMLSimpleApplication@fc7705e
reloadAllAccessors: .modalModel3

===========================================================================================
----------------- testing Mon Mar 30 13:42:30 UTC 2020 /home/travis/build/icyphy/ptII/ptolemy/domains/modal/test/auto/model1.xml
----------------- Instantiating /home/travis/build/icyphy/ptII/ptolemy/domains/modal/test/auto/model1.xml
11 ms. Memory: 306176K Free: 206154K (67%)
----------------- Invoking toplevel() on ptolemy.moml.MoMLSimpleApplication@7154e254
----------------- Done invoking toplevel() on ptolemy.moml.MoMLSimpleApplication@7154e254
reloadAllAccessors: .model1

===========================================================================================
----------------- testing Mon Mar 30 13:42:30 UTC 2020 /home/travis/build/icyphy/ptII/ptolemy/domains/modal/test/auto/test-direct-in-out.xml
----------------- Instantiating /home/travis/build/icyphy/ptII/ptolemy/domains/modal/test/auto/test-direct-in-out.xml
5 ms. Memory: 306176K Free: 197962K (65%)
----------------- Invoking toplevel() on ptolemy.moml.MoMLSimpleApplication@4250072e
----------------- Done invoking toplevel() on ptolemy.moml.MoMLSimpleApplication@4250072e
reloadAllAccessors: .test-direct-in-out
AutoTests.java: About to close Vertx.
AutoTests.java: Vertx closed.
]]></system-out>
  <system-err><![CDATA[java.lang.RuntimeException: Execution failed
	at ptolemy.moml.MoMLSimpleApplication$UnloadThread.run(MoMLSimpleApplication.java:402)
Caused by: ptolemy.kernel.util.IllegalActionException: Unknown inputs remain. Possible causality loop:
L_model_1893289564i

  in .CannotAnalysisWithPreemption.model_1893289564_region_1 and .CannotAnalysisWithPreemption.model_1893289564_region_1.L_model_1893289564i
	at ptolemy.actor.sched.FixedPointDirector.postfire(FixedPointDirector.java:515)
	at ptolemy.domains.sr.kernel.SRDirector.postfire(SRDirector.java:417)
	at ptolemy.actor.CompositeActor.postfire(CompositeActor.java:1668)
	at ptolemy.actor.Manager.iterate(Manager.java:852)
	at ptolemy.actor.Manager.execute(Manager.java:369)
	at ptolemy.actor.Manager.run(Manager.java:1263)
	at ptolemy.actor.Manager$PtolemyRunThread.run(Manager.java:1933)
java.lang.reflect.InvocationTargetException
	at java.base/jdk.internal.reflect.NativeConstructorAccessorImpl.newInstance0(Native Method)
	at java.base/jdk.internal.reflect.NativeConstructorAccessorImpl.newInstance(NativeConstructorAccessorImpl.java:62)
	at java.base/jdk.internal.reflect.DelegatingConstructorAccessorImpl.newInstance(DelegatingConstructorAccessorImpl.java:45)
	at java.base/java.lang.reflect.Constructor.newInstance(Constructor.java:490)
	at ptolemy.util.test.junit.AutoKnownFailedTests.RunModel(AutoKnownFailedTests.java:105)
	at java.base/jdk.internal.reflect.NativeMethodAccessorImpl.invoke0(Native Method)
	at java.base/jdk.internal.reflect.NativeMethodAccessorImpl.invoke(NativeMethodAccessorImpl.java:62)
	at java.base/jdk.internal.reflect.DelegatingMethodAccessorImpl.invoke(DelegatingMethodAccessorImpl.java:43)
	at java.base/java.lang.reflect.Method.invoke(Method.java:566)
	at org.junit.runners.model.FrameworkMethod$1.runReflectiveCall(FrameworkMethod.java:44)
	at org.junit.internal.runners.model.ReflectiveCallable.run(ReflectiveCallable.java:15)
	at org.junit.runners.model.FrameworkMethod.invokeExplosively(FrameworkMethod.java:41)
	at junitparams.internal.InvokeParameterisedMethod.evaluate(InvokeParameterisedMethod.java:102)
	at org.junit.internal.runners.statements.FailOnTimeout$1.run(FailOnTimeout.java:28)
Caused by: ptolemy.kernel.util.IllegalActionException: Unknown inputs remain. Possible causality loop:
L_model_1893289564i

  in .CannotAnalysisWithPreemption.model_1893289564_region_1 and .CannotAnalysisWithPreemption.model_1893289564_region_1.L_model_1893289564i
	at ptolemy.actor.sched.FixedPointDirector.postfire(FixedPointDirector.java:515)
	at ptolemy.domains.sr.kernel.SRDirector.postfire(SRDirector.java:417)
	at ptolemy.actor.CompositeActor.postfire(CompositeActor.java:1668)
	at ptolemy.actor.Manager.iterate(Manager.java:852)
	at ptolemy.actor.Manager.execute(Manager.java:369)
	at ptolemy.actor.Manager.run(Manager.java:1263)
	at ptolemy.actor.Manager$PtolemyRunThread.run(Manager.java:1933)
]]></system-err>
</testsuite>
