<?xml version="1.0" encoding="UTF-8" ?>
<testsuite errors="0" failures="0" hostname="travis-job-b749086f-316f-4d00-b3f2-ecd9ff2416d7" name="ptolemy.domains.de.test.junit.JUnitTclTest" skipped="0" tests="101" time="127.974" timestamp="2018-08-22T01:58:58">
  <properties>
[...]
</properties>
  <testcase classname="ptolemy.util.test.junit.TclTests" name="[0] /home/travis/build/icyphy/ptII/ptolemy/domains/de/test/DependencyLoop.tcl (RunTclFile)" time="0.731" />
  <testcase classname="ptolemy.util.test.junit.TclTests" name="[1] /home/travis/build/icyphy/ptII/ptolemy/domains/de/test/RunDETestsAsQSS.tcl (RunTclFile)" time="88.228" />
  <testcase classname="ptolemy.util.test.junit.AutoKnownFailedTests" name="[0] /home/travis/build/icyphy/ptII/ptolemy/domains/de/test/auto/knownFailedTests/DESDFClockTest.xml (RunModel)" time="2.047" />
  <testcase classname="ptolemy.util.test.junit.AutoKnownFailedTests" name="[1] /home/travis/build/icyphy/ptII/ptolemy/domains/de/test/auto/knownFailedTests/DirectFeedback.xml (RunModel)" time="0.008" />
  <testcase classname="ptolemy.util.test.junit.AutoKnownFailedTests" name="[2] /home/travis/build/icyphy/ptII/ptolemy/domains/de/test/auto/knownFailedTests/FSMSource.xml (RunModel)" time="0.018" />
  <testcase classname="ptolemy.util.test.junit.AutoKnownFailedTests" name="[3] /home/travis/build/icyphy/ptII/ptolemy/domains/de/test/auto/knownFailedTests/HierarchicalModel.xml (RunModel)" time="0.047" />
  <testcase classname="ptolemy.util.test.junit.AutoKnownFailedTests" name="[4] /home/travis/build/icyphy/ptII/ptolemy/domains/de/test/auto/knownFailedTests/dependencyLoop.xml (RunModel)" time="0.032" />
  <testcase classname="ptolemy.util.test.junit.AutoKnownFailedTests" name="[5] /home/travis/build/icyphy/ptII/ptolemy/domains/de/test/auto/knownFailedTests/dependencyLoop2.xml (RunModel)" time="0.037" />
  <testcase classname="ptolemy.util.test.junit.AutoNameArchTests" name="[0] ThereAreNoAutoArchTests (RunModel)" time="0.005" />
  <testcase classname="ptolemy.util.test.junit.AutoTests" name="[0] /home/travis/build/icyphy/ptII/ptolemy/domains/de/test/auto/ActorDepthCalculation_actorWithoutPorts.xml (RunModel)" time="0.015" />
  <testcase classname="ptolemy.util.test.junit.AutoTests" name="[1] /home/travis/build/icyphy/ptII/ptolemy/domains/de/test/auto/AssemblyLine.xml (RunModel)" time="0.016" />
  <testcase classname="ptolemy.util.test.junit.AutoTests" name="[2] /home/travis/build/icyphy/ptII/ptolemy/domains/de/test/auto/CQBug1.xml (RunModel)" time="0.007" />
  <testcase classname="ptolemy.util.test.junit.AutoTests" name="[3] /home/travis/build/icyphy/ptII/ptolemy/domains/de/test/auto/CancelFireAt.xml (RunModel)" time="0.006" />
  <testcase classname="ptolemy.util.test.junit.AutoTests" name="[4] /home/travis/build/icyphy/ptII/ptolemy/domains/de/test/auto/CausalityAndComposabilityAnalysis.xml (RunModel)" time="0.013" />
  <testcase classname="ptolemy.util.test.junit.AutoTests" name="[5] /home/travis/build/icyphy/ptII/ptolemy/domains/de/test/auto/CausalityInterface1.xml (RunModel)" time="0.013" />
  <testcase classname="ptolemy.util.test.junit.AutoTests" name="[6] /home/travis/build/icyphy/ptII/ptolemy/domains/de/test/auto/CausalityInterface15.xml (RunModel)" time="0.024" />
  <testcase classname="ptolemy.util.test.junit.AutoTests" name="[7] /home/travis/build/icyphy/ptII/ptolemy/domains/de/test/auto/CausalityInterface2.xml (RunModel)" time="0.014" />
  <testcase classname="ptolemy.util.test.junit.AutoTests" name="[8] /home/travis/build/icyphy/ptII/ptolemy/domains/de/test/auto/CausalityInterface3.xml (RunModel)" time="0.011" />
  <testcase classname="ptolemy.util.test.junit.AutoTests" name="[9] /home/travis/build/icyphy/ptII/ptolemy/domains/de/test/auto/ClockDrift.xml (RunModel)" time="0.04" />
  <testcase classname="ptolemy.util.test.junit.AutoTests" name="[10] /home/travis/build/icyphy/ptII/ptolemy/domains/de/test/auto/ClockDriftAndValueChange.xml (RunModel)" time="0.035" />
  <testcase classname="ptolemy.util.test.junit.AutoTests" name="[11] /home/travis/build/icyphy/ptII/ptolemy/domains/de/test/auto/ClockDriftChange.xml (RunModel)" time="0.035" />
  <testcase classname="ptolemy.util.test.junit.AutoTests" name="[12] /home/travis/build/icyphy/ptII/ptolemy/domains/de/test/auto/ComposableCausalityAnalysis.xml (RunModel)" time="0.015" />
  <testcase classname="ptolemy.util.test.junit.AutoTests" name="[13] /home/travis/build/icyphy/ptII/ptolemy/domains/de/test/auto/DEFixedPointLimitation.xml (RunModel)" time="0.008" />
  <testcase classname="ptolemy.util.test.junit.AutoTests" name="[14] /home/travis/build/icyphy/ptII/ptolemy/domains/de/test/auto/DEScheduleTest.xml (RunModel)" time="0.008" />
  <testcase classname="ptolemy.util.test.junit.AutoTests" name="[15] /home/travis/build/icyphy/ptII/ptolemy/domains/de/test/auto/DEinDEwithStartTimes.xml (RunModel)" time="0.011" />
  <testcase classname="ptolemy.util.test.junit.AutoTests" name="[16] /home/travis/build/icyphy/ptII/ptolemy/domains/de/test/auto/DEinDEwithStartTimes2.xml (RunModel)" time="0.011" />
  <testcase classname="ptolemy.util.test.junit.AutoTests" name="[17] /home/travis/build/icyphy/ptII/ptolemy/domains/de/test/auto/DateDemo.xml (RunModel)" time="0.021" />
  <testcase classname="ptolemy.util.test.junit.AutoTests" name="[18] /home/travis/build/icyphy/ptII/ptolemy/domains/de/test/auto/DateToEvent.xml (RunModel)" time="2.028" />
  <testcase classname="ptolemy.util.test.junit.AutoTests" name="[19] /home/travis/build/icyphy/ptII/ptolemy/domains/de/test/auto/DepthTest1.xml (RunModel)" time="0.006" />
  <testcase classname="ptolemy.util.test.junit.AutoTests" name="[20] /home/travis/build/icyphy/ptII/ptolemy/domains/de/test/auto/DepthTest2.xml (RunModel)" time="0.016" />
  <testcase classname="ptolemy.util.test.junit.AutoTests" name="[21] /home/travis/build/icyphy/ptII/ptolemy/domains/de/test/auto/DepthTest3.xml (RunModel)" time="0.006" />
  <testcase classname="ptolemy.util.test.junit.AutoTests" name="[22] /home/travis/build/icyphy/ptII/ptolemy/domains/de/test/auto/DepthTest4.xml (RunModel)" time="0.011" />
  <testcase classname="ptolemy.util.test.junit.AutoTests" name="[23] /home/travis/build/icyphy/ptII/ptolemy/domains/de/test/auto/DepthTest5.xml (RunModel)" time="0.013" />
  <testcase classname="ptolemy.util.test.junit.AutoTests" name="[24] /home/travis/build/icyphy/ptII/ptolemy/domains/de/test/auto/DepthTest6.xml (RunModel)" time="0.012" />
  <testcase classname="ptolemy.util.test.junit.AutoTests" name="[25] /home/travis/build/icyphy/ptII/ptolemy/domains/de/test/auto/DepthTest7.xml (RunModel)" time="0.011" />
  <testcase classname="ptolemy.util.test.junit.AutoTests" name="[26] /home/travis/build/icyphy/ptII/ptolemy/domains/de/test/auto/EventToDate.xml (RunModel)" time="3.036" />
  <testcase classname="ptolemy.util.test.junit.AutoTests" name="[27] /home/travis/build/icyphy/ptII/ptolemy/domains/de/test/auto/FSM1.xml (RunModel)" time="0.029" />
  <testcase classname="ptolemy.util.test.junit.AutoTests" name="[28] /home/travis/build/icyphy/ptII/ptolemy/domains/de/test/auto/FSM7.xml (RunModel)" time="0.026" />
  <testcase classname="ptolemy.util.test.junit.AutoTests" name="[29] /home/travis/build/icyphy/ptII/ptolemy/domains/de/test/auto/Inspection.xml (RunModel)" time="0.035" />
  <testcase classname="ptolemy.util.test.junit.AutoTests" name="[30] /home/travis/build/icyphy/ptII/ptolemy/domains/de/test/auto/Iteration.xml (RunModel)" time="0.017" />
  <testcase classname="ptolemy.util.test.junit.AutoTests" name="[31] /home/travis/build/icyphy/ptII/ptolemy/domains/de/test/auto/LineFault.xml (RunModel)" time="0.516" />
  <testcase classname="ptolemy.util.test.junit.AutoTests" name="[32] /home/travis/build/icyphy/ptII/ptolemy/domains/de/test/auto/MergeModel1Add.xml (RunModel)" time="0.039" />
  <testcase classname="ptolemy.util.test.junit.AutoTests" name="[33] /home/travis/build/icyphy/ptII/ptolemy/domains/de/test/auto/MergeModel2Add.xml (RunModel)" time="0.035" />
  <testcase classname="ptolemy.util.test.junit.AutoTests" name="[34] /home/travis/build/icyphy/ptII/ptolemy/domains/de/test/auto/MergeModel3Add.xml (RunModel)" time="0.032" />
  <testcase classname="ptolemy.util.test.junit.AutoTests" name="[35] /home/travis/build/icyphy/ptII/ptolemy/domains/de/test/auto/MergeWithoutDiscard.xml (RunModel)" time="0.008" />
  <testcase classname="ptolemy.util.test.junit.AutoTests" name="[36] /home/travis/build/icyphy/ptII/ptolemy/domains/de/test/auto/Modal1.xml (RunModel)" time="0.025" />
  <testcase classname="ptolemy.util.test.junit.AutoTests" name="[37] /home/travis/build/icyphy/ptII/ptolemy/domains/de/test/auto/Modal2.xml (RunModel)" time="0.029" />
  <testcase classname="ptolemy.util.test.junit.AutoTests" name="[38] /home/travis/build/icyphy/ptII/ptolemy/domains/de/test/auto/Modal3.xml (RunModel)" time="0.025" />
  <testcase classname="ptolemy.util.test.junit.AutoTests" name="[39] /home/travis/build/icyphy/ptII/ptolemy/domains/de/test/auto/Modal4.xml (RunModel)" time="0.025" />
  <testcase classname="ptolemy.util.test.junit.AutoTests" name="[40] /home/travis/build/icyphy/ptII/ptolemy/domains/de/test/auto/Modal5.xml (RunModel)" time="0.025" />
  <testcase classname="ptolemy.util.test.junit.AutoTests" name="[41] /home/travis/build/icyphy/ptII/ptolemy/domains/de/test/auto/Modal6.xml (RunModel)" time="0.024" />
  <testcase classname="ptolemy.util.test.junit.AutoTests" name="[42] /home/travis/build/icyphy/ptII/ptolemy/domains/de/test/auto/Modal7.xml (RunModel)" time="0.026" />
  <testcase classname="ptolemy.util.test.junit.AutoTests" name="[43] /home/travis/build/icyphy/ptII/ptolemy/domains/de/test/auto/ModalModel.xml (RunModel)" time="0.139" />
  <testcase classname="ptolemy.util.test.junit.AutoTests" name="[44] /home/travis/build/icyphy/ptII/ptolemy/domains/de/test/auto/ModalSource.xml (RunModel)" time="0.015" />
  <testcase classname="ptolemy.util.test.junit.AutoTests" name="[45] /home/travis/build/icyphy/ptII/ptolemy/domains/de/test/auto/NonInterruptibleTimerZeroDelay.xml (RunModel)" time="0.008" />
  <testcase classname="ptolemy.util.test.junit.AutoTests" name="[46] /home/travis/build/icyphy/ptII/ptolemy/domains/de/test/auto/OpenQueueingNetwork.xml (RunModel)" time="2.189" />
  <testcase classname="ptolemy.util.test.junit.AutoTests" name="[47] /home/travis/build/icyphy/ptII/ptolemy/domains/de/test/auto/OpenQueuingNetwork.xml (RunModel)" time="0.261" />
  <testcase classname="ptolemy.util.test.junit.AutoTests" name="[48] /home/travis/build/icyphy/ptII/ptolemy/domains/de/test/auto/PeriodicSampler.xml (RunModel)" time="0.011" />
  <testcase classname="ptolemy.util.test.junit.AutoTests" name="[49] /home/travis/build/icyphy/ptII/ptolemy/domains/de/test/auto/PersistentIO.xml (RunModel)" time="0.017" />
  <testcase classname="ptolemy.util.test.junit.AutoTests" name="[50] /home/travis/build/icyphy/ptII/ptolemy/domains/de/test/auto/PortParameterResetOnInitialize.xml (RunModel)" time="0.014" />
  <testcase classname="ptolemy.util.test.junit.AutoTests" name="[51] /home/travis/build/icyphy/ptII/ptolemy/domains/de/test/auto/PortParameterUpdates.xml (RunModel)" time="0.012" />
  <testcase classname="ptolemy.util.test.junit.AutoTests" name="[52] /home/travis/build/icyphy/ptII/ptolemy/domains/de/test/auto/QueueAndServer.xml (RunModel)" time="0.017" />
  <testcase classname="ptolemy.util.test.junit.AutoTests" name="[53] /home/travis/build/icyphy/ptII/ptolemy/domains/de/test/auto/Records.xml (RunModel)" time="0.012" />
  <testcase classname="ptolemy.util.test.junit.AutoTests" name="[54] /home/travis/build/icyphy/ptII/ptolemy/domains/de/test/auto/ResetTransitionWithStartTime1.xml (RunModel)" time="0.016" />
  <testcase classname="ptolemy.util.test.junit.AutoTests" name="[55] /home/travis/build/icyphy/ptII/ptolemy/domains/de/test/auto/ResetTransitionWithStartTime2.xml (RunModel)" time="0.014" />
  <testcase classname="ptolemy.util.test.junit.AutoTests" name="[56] /home/travis/build/icyphy/ptII/ptolemy/domains/de/test/auto/ResetTransitionWithStartTime3.xml (RunModel)" time="0.016" />
  <testcase classname="ptolemy.util.test.junit.AutoTests" name="[57] /home/travis/build/icyphy/ptII/ptolemy/domains/de/test/auto/ResetTransitionWithStartTime4.xml (RunModel)" time="0.015" />
  <testcase classname="ptolemy.util.test.junit.AutoTests" name="[58] /home/travis/build/icyphy/ptII/ptolemy/domains/de/test/auto/ResettableTimer1.xml (RunModel)" time="0.009" />
  <testcase classname="ptolemy.util.test.junit.AutoTests" name="[59] /home/travis/build/icyphy/ptII/ptolemy/domains/de/test/auto/ResettableTimer2.xml (RunModel)" time="0.008" />
  <testcase classname="ptolemy.util.test.junit.AutoTests" name="[60] /home/travis/build/icyphy/ptII/ptolemy/domains/de/test/auto/ResettableTimer3.xml (RunModel)" time="0.008" />
  <testcase classname="ptolemy.util.test.junit.AutoTests" name="[61] /home/travis/build/icyphy/ptII/ptolemy/domains/de/test/auto/ResettableTimer4.xml (RunModel)" time="0.007" />
  <testcase classname="ptolemy.util.test.junit.AutoTests" name="[62] /home/travis/build/icyphy/ptII/ptolemy/domains/de/test/auto/ResettableTimer5.xml (RunModel)" time="0.008" />
  <testcase classname="ptolemy.util.test.junit.AutoTests" name="[63] /home/travis/build/icyphy/ptII/ptolemy/domains/de/test/auto/ResettableTimer6.xml (RunModel)" time="0.009" />
  <testcase classname="ptolemy.util.test.junit.AutoTests" name="[64] /home/travis/build/icyphy/ptII/ptolemy/domains/de/test/auto/ServerZeroDelay.xml (RunModel)" time="0.009" />
  <testcase classname="ptolemy.util.test.junit.AutoTests" name="[65] /home/travis/build/icyphy/ptII/ptolemy/domains/de/test/auto/SmartSender.xml (RunModel)" time="3.007" />
  <testcase classname="ptolemy.util.test.junit.AutoTests" name="[66] /home/travis/build/icyphy/ptII/ptolemy/domains/de/test/auto/ThreadedComposite.xml (RunModel)" time="0.119" />
  <testcase classname="ptolemy.util.test.junit.AutoTests" name="[67] /home/travis/build/icyphy/ptII/ptolemy/domains/de/test/auto/Time.xml (RunModel)" time="0.405" />
  <testcase classname="ptolemy.util.test.junit.AutoTests" name="[68] /home/travis/build/icyphy/ptII/ptolemy/domains/de/test/auto/TimeDelayZeroDelay.xml (RunModel)" time="0.011" />
  <testcase classname="ptolemy.util.test.junit.AutoTests" name="[69] /home/travis/build/icyphy/ptII/ptolemy/domains/de/test/auto/TimerZeroDelay.xml (RunModel)" time="0.009" />
  <testcase classname="ptolemy.util.test.junit.AutoTests" name="[70] /home/travis/build/icyphy/ptII/ptolemy/domains/de/test/auto/TimingParadox.xml (RunModel)" time="0.335" />
  <testcase classname="ptolemy.util.test.junit.AutoTests" name="[71] /home/travis/build/icyphy/ptII/ptolemy/domains/de/test/auto/TransferInputs.xml (RunModel)" time="0.013" />
  <testcase classname="ptolemy.util.test.junit.AutoTests" name="[72] /home/travis/build/icyphy/ptII/ptolemy/domains/de/test/auto/TransferOutputs2.xml (RunModel)" time="0.016" />
  <testcase classname="ptolemy.util.test.junit.AutoTests" name="[73] /home/travis/build/icyphy/ptII/ptolemy/domains/de/test/auto/Trilateration.xml (RunModel)" time="11.176" />
  <testcase classname="ptolemy.util.test.junit.AutoTests" name="[74] /home/travis/build/icyphy/ptII/ptolemy/domains/de/test/auto/TwoSigmaDelta.xml (RunModel)" time="2.072" />
  <testcase classname="ptolemy.util.test.junit.AutoTests" name="[75] /home/travis/build/icyphy/ptII/ptolemy/domains/de/test/auto/VariableDelay.xml (RunModel)" time="0.017" />
  <testcase classname="ptolemy.util.test.junit.AutoTests" name="[76] /home/travis/build/icyphy/ptII/ptolemy/domains/de/test/auto/VariableDelay2.xml (RunModel)" time="0.008" />
  <testcase classname="ptolemy.util.test.junit.AutoTests" name="[77] /home/travis/build/icyphy/ptII/ptolemy/domains/de/test/auto/VariableDelayZeroDelay.xml (RunModel)" time="0.009" />
  <testcase classname="ptolemy.util.test.junit.AutoTests" name="[78] /home/travis/build/icyphy/ptII/ptolemy/domains/de/test/auto/VariableDelayZeroDelay2.xml (RunModel)" time="0.009" />
  <testcase classname="ptolemy.util.test.junit.AutoTests" name="[79] /home/travis/build/icyphy/ptII/ptolemy/domains/de/test/auto/deInCt.xml (RunModel)" time="0.014" />
  <testcase classname="ptolemy.util.test.junit.AutoTests" name="[80] /home/travis/build/icyphy/ptII/ptolemy/domains/de/test/auto/deInCt2.xml (RunModel)" time="0.015" />
  <testcase classname="ptolemy.util.test.junit.AutoTests" name="[81] /home/travis/build/icyphy/ptII/ptolemy/domains/de/test/auto/dynamicCausalityInterface1.xml (RunModel)" time="0.018" />
  <testcase classname="ptolemy.util.test.junit.AutoTests" name="[82] /home/travis/build/icyphy/ptII/ptolemy/domains/de/test/auto/fsm_de_test.xml (RunModel)" time="0.036" />
  <testcase classname="ptolemy.util.test.junit.AutoTests" name="[83] /home/travis/build/icyphy/ptII/ptolemy/domains/de/test/auto/functionDependencyReconstruction.xml (RunModel)" time="0.035" />
  <testcase classname="ptolemy.util.test.junit.AutoTests" name="[84] /home/travis/build/icyphy/ptII/ptolemy/domains/de/test/auto/multirate.xml (RunModel)" time="0.015" />
  <testcase classname="ptolemy.util.test.junit.AutoTests" name="[85] /home/travis/build/icyphy/ptII/ptolemy/domains/de/test/auto/multirate2.xml (RunModel)" time="0.022" />
  <testcase classname="ptolemy.util.test.junit.AutoTests" name="[86] /home/travis/build/icyphy/ptII/ptolemy/domains/de/test/auto/realtime.xml (RunModel)" time="10.01" />
  <testcase classname="ptolemy.util.test.junit.AutoTests" name="[87] /home/travis/build/icyphy/ptII/ptolemy/domains/de/test/auto/relationGroup.xml (RunModel)" time="0.007" />
  <testcase classname="ptolemy.util.test.junit.AutoTests" name="[88] /home/travis/build/icyphy/ptII/ptolemy/domains/de/test/auto/relationGroup2.xml (RunModel)" time="0.006" />
  <testcase classname="ptolemy.util.test.junit.AutoTests" name="[89] /home/travis/build/icyphy/ptII/ptolemy/domains/de/test/auto/sortWithOpaquePorts.xml (RunModel)" time="0.008" />
  <testcase classname="ptolemy.util.test.junit.AutoTests" name="[90] /home/travis/build/icyphy/ptII/ptolemy/domains/de/test/auto/transferInputsandOutputs.xml (RunModel)" time="0.013" />
  <testcase classname="ptolemy.util.test.junit.AutoTests" name="[91] /home/travis/build/icyphy/ptII/ptolemy/domains/de/test/auto/triggerType.xml (RunModel)" time="0.007" />
  <system-out><![CDATA[/home/travis/build/icyphy/ptII/ptolemy/domains/de/test/DependencyLoop.tcl
testDefs.tcl: setting time out to 9000 seconds at Wed Aug 22 01:58:58 UTC 2018
38 ms. Memory: 116224K Free: 93459K (80%)
6 ms. Memory: 146944K Free: 135456K (92%)
/home/travis/build/icyphy/ptII/ptolemy/domains/de/test/RunDETestsAsQSS.tcl
Run the DE tests using ptolemy.domains.qss.test.QSSDirectorTest, which extends QSSDirector and prints a message in the constructors.
------------------ testing $PTII/ptolemy/domains/de/test/auto/knownFailedTests/dependencyLoop.xml (Known Failure) 
6 ms. Memory: 146944K Free: 132344K (90%)


==== $PTIIhome/travis/build/icyphy/ptII/ptolemy/domains/de/test/../../../../: Auto Automatic test in file $PTII/ptolemy/domains/de/test/auto/knownFailedTests/dependencyLoop.xml
==== Contents of test case:

	    # FIXME: we should use $relativeFilename here, but it
	    # might have backslashes under Windows, which causes no end
	    # of trouble.
	    createAndExecute $file
	    list {}
	
.... Test generated KNOWN error:
    while executing
ptolemy.kernel.util.IllegalActionException: Found a zero delay loop containing .dependencyLoop.original
  in .dependencyLoop and .dependencyLoop.original
	at ptolemy.actor.util.CausalityInterfaceForComposites._computeOutputPortDepth(CausalityInterfaceForComposites.java:759)
	at ptolemy.actor.util.CausalityInterfaceForComposites._computeInputDepth(CausalityInterfaceForComposites.java:696)
	at ptolemy.actor.util.CausalityInterfaceForComposites._computeOutputPortDepth(CausalityInterfaceForComposites.java:765)
	at ptolemy.actor.util.CausalityInterfaceForComposites._computeInputDepth(CausalityInterfaceForComposites.java:696)
	at ptolemy.actor.util.CausalityInterfaceForComposites._computeOutputPortDepth(CausalityInterfaceForComposites.java:765)
	at ptolemy.actor.util.CausalityInterfaceForComposites._computeInputDepth(CausalityInterfaceForComposites.java:696)
	at ptolemy.actor.util.CausalityInterfaceForComposites._computeActorDepth(CausalityInterfaceForComposites.java:532)
	at ptolemy.actor.util.CausalityInterfaceForComposites.checkForCycles(CausalityInterfaceForComposites.java:96)
	at ptolemy.domains.de.kernel.DEDirector.preinitialize(DEDirector.java:1338)
	at ptolemy.actor.CompositeActor.preinitialize(CompositeActor.java:1828)
	at ptolemy.actor.Manager.preinitializeAndResolveTypes(Manager.java:1040)
	at ptolemy.actor.Manager.initialize(Manager.java:710)
	at ptolemy.actor.Manager.execute(Manager.java:356)
	at ptolemy.actor.Manager.run(Manager.java:1263)
	at ptolemy.actor.Manager$PtolemyRunThread.run(Manager.java:1915)

    while executing
ptolemy.kernel.util.IllegalActionException: Found a zero delay loop containing .dependencyLoop.original
  in .dependencyLoop and .dependencyLoop.original
    while executing
"java::new ptolemy.moml.MoMLSimpleApplication $file
"
    (procedure "createAndExecute" line 2)
    invoked from within
"createAndExecute $file"
    ("uplevel" body line 5)
    invoked from within
"uplevel $contents_of_test"
------------------ testing $PTII/ptolemy/domains/de/test/auto/knownFailedTests/DESDFClockTest.xml (Known Failure) 
2059 ms. Memory: 146944K Free: 116523K (79%)


==== $PTIIhome/travis/build/icyphy/ptII/ptolemy/domains/de/test/../../../../: Auto Automatic test in file $PTII/ptolemy/domains/de/test/auto/knownFailedTests/DESDFClockTest.xml
==== Contents of test case:

	    # FIXME: we should use $relativeFilename here, but it
	    # might have backslashes under Windows, which causes no end
	    # of trouble.
	    createAndExecute $file
	    list {}
	
.... Test generated KNOWN error:
    while executing
ptolemy.kernel.util.IllegalActionException: Actor is not ready to fire.  Perhaps UpSample.prefire() returned false? Try debugging the actor by selecting "Listen to Actor".  Also, for SDF check moml for tokenConsumptionRate on input.
  in .DESDFClockTest.Play Bell.Copy1:SDF Director and .DESDFClockTest.Play Bell.UpSample
	at ptolemy.actor.sched.StaticSchedulingDirector.fire(StaticSchedulingDirector.java:227)
	at ptolemy.domains.sdf.kernel.SDFDirector.fire(SDFDirector.java:500)
	at ptolemy.actor.CompositeActor.fire(CompositeActor.java:455)
	at ptolemy.domains.de.kernel.DEDirector._fire(DEDirector.java:1949)
	at ptolemy.domains.de.kernel.DEDirector.fire(DEDirector.java:502)
	at ptolemy.actor.CompositeActor.fire(CompositeActor.java:455)
	at ptolemy.actor.Manager.iterate(Manager.java:851)
	at ptolemy.actor.Manager.execute(Manager.java:369)
	at ptolemy.actor.Manager.run(Manager.java:1263)
	at ptolemy.actor.Manager$PtolemyRunThread.run(Manager.java:1915)

    while executing
ptolemy.kernel.util.IllegalActionException: Actor is not ready to fire.  Perhaps UpSample.prefire() returned false? Try debugging the actor by selecting "Listen to Actor".  Also, for SDF check moml for tokenConsumptionRate on input.
  in .DESDFClockTest.Play Bell.Copy1:SDF Director and .DESDFClockTest.Play Bell.UpSample
    while executing
"java::new ptolemy.moml.MoMLSimpleApplication $file
"
    (procedure "createAndExecute" line 2)
    invoked from within
"createAndExecute $file"
    ("uplevel" body line 5)
    invoked from within
"uplevel $contents_of_test"
------------------ testing $PTII/ptolemy/domains/de/test/auto/knownFailedTests/FSMSource.xml (Known Failure) 
38 ms. Memory: 146944K Free: 106999K (73%)
!!!! Auto was marked as failing, but now passes
------------------ testing $PTII/ptolemy/domains/de/test/auto/knownFailedTests/dependencyLoop2.xml (Known Failure) 
8 ms. Memory: 146944K Free: 105139K (72%)


==== $PTIIhome/travis/build/icyphy/ptII/ptolemy/domains/de/test/../../../../: Auto Automatic test in file $PTII/ptolemy/domains/de/test/auto/knownFailedTests/dependencyLoop2.xml
==== Contents of test case:

	    # FIXME: we should use $relativeFilename here, but it
	    # might have backslashes under Windows, which causes no end
	    # of trouble.
	    createAndExecute $file
	    list {}
	
.... Test generated KNOWN error:
    while executing
ptolemy.kernel.util.IllegalActionException: Found a zero delay loop containing .dependencyLoop2.original
  in .dependencyLoop2 and .dependencyLoop2.original
	at ptolemy.actor.util.CausalityInterfaceForComposites._computeOutputPortDepth(CausalityInterfaceForComposites.java:759)
	at ptolemy.actor.util.CausalityInterfaceForComposites._computeInputDepth(CausalityInterfaceForComposites.java:696)
	at ptolemy.actor.util.CausalityInterfaceForComposites._computeOutputPortDepth(CausalityInterfaceForComposites.java:765)
	at ptolemy.actor.util.CausalityInterfaceForComposites._computeInputDepth(CausalityInterfaceForComposites.java:696)
	at ptolemy.actor.util.CausalityInterfaceForComposites._computeOutputPortDepth(CausalityInterfaceForComposites.java:765)
	at ptolemy.actor.util.CausalityInterfaceForComposites._computeInputDepth(CausalityInterfaceForComposites.java:696)
	at ptolemy.actor.util.CausalityInterfaceForComposites._computeActorDepth(CausalityInterfaceForComposites.java:532)
	at ptolemy.actor.util.CausalityInterfaceForComposites.checkForCycles(CausalityInterfaceForComposites.java:96)
	at ptolemy.domains.de.kernel.DEDirector.preinitialize(DEDirector.java:1338)
	at ptolemy.actor.CompositeActor.preinitialize(CompositeActor.java:1828)
	at ptolemy.actor.Manager.preinitializeAndResolveTypes(Manager.java:1040)
	at ptolemy.actor.Manager.initialize(Manager.java:710)
	at ptolemy.actor.Manager.execute(Manager.java:356)
	at ptolemy.actor.Manager.run(Manager.java:1263)
	at ptolemy.actor.Manager$PtolemyRunThread.run(Manager.java:1915)

    while executing
ptolemy.kernel.util.IllegalActionException: Found a zero delay loop containing .dependencyLoop2.original
  in .dependencyLoop2 and .dependencyLoop2.original
    while executing
"java::new ptolemy.moml.MoMLSimpleApplication $file
"
    (procedure "createAndExecute" line 2)
    invoked from within
"createAndExecute $file"
    ("uplevel" body line 5)
    invoked from within
"uplevel $contents_of_test"
------------------ testing $PTII/ptolemy/domains/de/test/auto/knownFailedTests/HierarchicalModel.xml (Known Failure) 
6 ms. Memory: 146944K Free: 84574K (58%)


==== $PTIIhome/travis/build/icyphy/ptII/ptolemy/domains/de/test/../../../../: Auto Automatic test in file $PTII/ptolemy/domains/de/test/auto/knownFailedTests/HierarchicalModel.xml
==== Contents of test case:

	    # FIXME: we should use $relativeFilename here, but it
	    # might have backslashes under Windows, which causes no end
	    # of trouble.
	    createAndExecute $file
	    list {}
	
.... Test generated KNOWN error:
    while executing
ptolemy.kernel.util.IllegalActionException: Found a zero delay loop containing .HierarchicalModel.A
  in .HierarchicalModel and .HierarchicalModel.A
	at ptolemy.actor.util.CausalityInterfaceForComposites._computeOutputPortDepth(CausalityInterfaceForComposites.java:759)
	at ptolemy.actor.util.CausalityInterfaceForComposites._computeInputDepth(CausalityInterfaceForComposites.java:696)
	at ptolemy.actor.util.CausalityInterfaceForComposites._computeOutputPortDepth(CausalityInterfaceForComposites.java:765)
	at ptolemy.actor.util.CausalityInterfaceForComposites._computeInputDepth(CausalityInterfaceForComposites.java:696)
	at ptolemy.actor.util.CausalityInterfaceForComposites._computeOutputPortDepth(CausalityInterfaceForComposites.java:765)
	at ptolemy.actor.util.CausalityInterfaceForComposites._computeInputDepth(CausalityInterfaceForComposites.java:696)
	at ptolemy.actor.util.CausalityInterfaceForComposites._computeActorDepth(CausalityInterfaceForComposites.java:532)
	at ptolemy.actor.util.CausalityInterfaceForComposites.checkForCycles(CausalityInterfaceForComposites.java:96)
	at ptolemy.domains.de.kernel.DEDirector.preinitialize(DEDirector.java:1338)
	at ptolemy.actor.CompositeActor.preinitialize(CompositeActor.java:1828)
	at ptolemy.actor.Manager.preinitializeAndResolveTypes(Manager.java:1040)
	at ptolemy.actor.Manager.initialize(Manager.java:710)
	at ptolemy.actor.Manager.execute(Manager.java:356)
	at ptolemy.actor.Manager.run(Manager.java:1263)
	at ptolemy.actor.Manager$PtolemyRunThread.run(Manager.java:1915)

    while executing
ptolemy.kernel.util.IllegalActionException: Found a zero delay loop containing .HierarchicalModel.A
  in .HierarchicalModel and .HierarchicalModel.A
    while executing
"java::new ptolemy.moml.MoMLSimpleApplication $file
"
    (procedure "createAndExecute" line 2)
    invoked from within
"createAndExecute $file"
    ("uplevel" body line 5)
    invoked from within
"uplevel $contents_of_test"
------------------ testing $PTII/ptolemy/domains/de/test/auto/knownFailedTests/DirectFeedback.xml (Known Failure) 
7 ms. Memory: 146944K Free: 140090K (95%)


==== $PTIIhome/travis/build/icyphy/ptII/ptolemy/domains/de/test/../../../../: Auto Automatic test in file $PTII/ptolemy/domains/de/test/auto/knownFailedTests/DirectFeedback.xml
==== Contents of test case:

	    # FIXME: we should use $relativeFilename here, but it
	    # might have backslashes under Windows, which causes no end
	    # of trouble.
	    createAndExecute $file
	    list {}
	
.... Test generated KNOWN error:
    while executing
ptolemy.kernel.util.IllegalActionException: Test fails in iteration 1.
Value was: 1.0. Should have been: 2.0
  in .DirectFeedback.Test
	at ptolemy.actor.lib.Test.fire(Test.java:268)
	at ptolemy.domains.de.kernel.DEDirector._fire(DEDirector.java:1949)
	at ptolemy.domains.de.kernel.DEDirector.fire(DEDirector.java:502)
	at ptolemy.actor.CompositeActor.fire(CompositeActor.java:455)
	at ptolemy.actor.Manager.iterate(Manager.java:851)
	at ptolemy.actor.Manager.execute(Manager.java:369)
	at ptolemy.actor.Manager.run(Manager.java:1263)
	at ptolemy.actor.Manager$PtolemyRunThread.run(Manager.java:1915)

    while executing
ptolemy.kernel.util.IllegalActionException: Test fails in iteration 1.
Value was: 1.0. Should have been: 2.0
  in .DirectFeedback.Test
    while executing
"java::new ptolemy.moml.MoMLSimpleApplication $file
"
    (procedure "createAndExecute" line 2)
    invoked from within
"createAndExecute $file"
    ("uplevel" body line 5)
    invoked from within
"uplevel $contents_of_test"
------------------ testing $PTII/ptolemy/domains/de/test/auto/ActorDepthCalculation_actorWithoutPorts.xml
auto.tcl: Setting watchdog for 200 seconds at Wed Aug 22 01:59:01 UTC 2018
8 ms. Memory: 146944K Free: 132410K (90%)
ptolemy.util.test.WatchDog.cancel(): canceling Wed Aug 22 01:59:01 UTC 2018
auto.tcl: Setting watchdog for 200 seconds at Wed Aug 22 01:59:01 UTC 2018
3 ms. Memory: 146944K Free: 131366K (89%)
ptolemy.util.test.WatchDog.cancel(): canceling Wed Aug 22 01:59:01 UTC 2018
------------------ testing $PTII/ptolemy/domains/de/test/auto/AssemblyLine.xml
auto.tcl: Setting watchdog for 200 seconds at Wed Aug 22 01:59:02 UTC 2018
13 ms. Memory: 208384K Free: 186313K (89%)
ptolemy.util.test.WatchDog.cancel(): canceling Wed Aug 22 01:59:02 UTC 2018
auto.tcl: Setting watchdog for 200 seconds at Wed Aug 22 01:59:02 UTC 2018
6 ms. Memory: 208384K Free: 186313K (89%)
ptolemy.util.test.WatchDog.cancel(): canceling Wed Aug 22 01:59:02 UTC 2018
------------------ testing $PTII/ptolemy/domains/de/test/auto/CQBug1.xml
auto.tcl: Setting watchdog for 200 seconds at Wed Aug 22 01:59:02 UTC 2018
7 ms. Memory: 208384K Free: 197729K (95%)
ptolemy.util.test.WatchDog.cancel(): canceling Wed Aug 22 01:59:02 UTC 2018
auto.tcl: Setting watchdog for 200 seconds at Wed Aug 22 01:59:02 UTC 2018
2 ms. Memory: 208384K Free: 197729K (95%)
ptolemy.util.test.WatchDog.cancel(): canceling Wed Aug 22 01:59:02 UTC 2018
------------------ testing $PTII/ptolemy/domains/de/test/auto/CancelFireAt.xml
auto.tcl: Setting watchdog for 200 seconds at Wed Aug 22 01:59:02 UTC 2018
9 ms. Memory: 208384K Free: 201441K (97%)
ptolemy.util.test.WatchDog.cancel(): canceling Wed Aug 22 01:59:02 UTC 2018
auto.tcl: Setting watchdog for 200 seconds at Wed Aug 22 01:59:02 UTC 2018
3 ms. Memory: 208384K Free: 199344K (96%)
ptolemy.util.test.WatchDog.cancel(): canceling Wed Aug 22 01:59:02 UTC 2018
------------------ testing $PTII/ptolemy/domains/de/test/auto/CausalityAndComposabilityAnalysis.xml
auto.tcl: Setting watchdog for 200 seconds at Wed Aug 22 01:59:02 UTC 2018
14 ms. Memory: 208384K Free: 196849K (94%)
ptolemy.util.test.WatchDog.cancel(): canceling Wed Aug 22 01:59:02 UTC 2018
auto.tcl: Setting watchdog for 200 seconds at Wed Aug 22 01:59:02 UTC 2018
5 ms. Memory: 208384K Free: 196511K (94%)
ptolemy.util.test.WatchDog.cancel(): canceling Wed Aug 22 01:59:02 UTC 2018
------------------ testing $PTII/ptolemy/domains/de/test/auto/CausalityInterface1.xml
auto.tcl: Setting watchdog for 200 seconds at Wed Aug 22 01:59:02 UTC 2018
8 ms. Memory: 208384K Free: 196448K (94%)
ptolemy.util.test.WatchDog.cancel(): canceling Wed Aug 22 01:59:02 UTC 2018
auto.tcl: Setting watchdog for 200 seconds at Wed Aug 22 01:59:02 UTC 2018
4 ms. Memory: 208384K Free: 196448K (94%)
ptolemy.util.test.WatchDog.cancel(): canceling Wed Aug 22 01:59:02 UTC 2018
------------------ testing $PTII/ptolemy/domains/de/test/auto/CausalityInterface15.xml
auto.tcl: Setting watchdog for 200 seconds at Wed Aug 22 01:59:02 UTC 2018
8 ms. Memory: 208384K Free: 196440K (94%)
ptolemy.util.test.WatchDog.cancel(): canceling Wed Aug 22 01:59:02 UTC 2018
auto.tcl: Setting watchdog for 200 seconds at Wed Aug 22 01:59:02 UTC 2018
6 ms. Memory: 208384K Free: 196440K (94%)
ptolemy.util.test.WatchDog.cancel(): canceling Wed Aug 22 01:59:02 UTC 2018
------------------ testing $PTII/ptolemy/domains/de/test/auto/CausalityInterface2.xml
auto.tcl: Setting watchdog for 200 seconds at Wed Aug 22 01:59:03 UTC 2018
11 ms. Memory: 208384K Free: 196424K (94%)
ptolemy.util.test.WatchDog.cancel(): canceling Wed Aug 22 01:59:03 UTC 2018
auto.tcl: Setting watchdog for 200 seconds at Wed Aug 22 01:59:03 UTC 2018
3 ms. Memory: 208384K Free: 196424K (94%)
ptolemy.util.test.WatchDog.cancel(): canceling Wed Aug 22 01:59:03 UTC 2018
------------------ testing $PTII/ptolemy/domains/de/test/auto/CausalityInterface3.xml
auto.tcl: Setting watchdog for 200 seconds at Wed Aug 22 01:59:03 UTC 2018
8 ms. Memory: 208384K Free: 196437K (94%)
ptolemy.util.test.WatchDog.cancel(): canceling Wed Aug 22 01:59:03 UTC 2018
auto.tcl: Setting watchdog for 200 seconds at Wed Aug 22 01:59:03 UTC 2018
4 ms. Memory: 208384K Free: 196437K (94%)
ptolemy.util.test.WatchDog.cancel(): canceling Wed Aug 22 01:59:03 UTC 2018
------------------ testing $PTII/ptolemy/domains/de/test/auto/ClockDrift.xml
auto.tcl: Setting watchdog for 200 seconds at Wed Aug 22 01:59:03 UTC 2018
89 ms. Memory: 208384K Free: 187683K (90%)
ptolemy.util.test.WatchDog.cancel(): canceling Wed Aug 22 01:59:03 UTC 2018
auto.tcl: Setting watchdog for 200 seconds at Wed Aug 22 01:59:03 UTC 2018
48 ms. Memory: 208384K Free: 185588K (89%)
ptolemy.util.test.WatchDog.cancel(): canceling Wed Aug 22 01:59:03 UTC 2018
------------------ testing $PTII/ptolemy/domains/de/test/auto/ClockDriftAndValueChange.xml
auto.tcl: Setting watchdog for 200 seconds at Wed Aug 22 01:59:03 UTC 2018
48 ms. Memory: 208384K Free: 187516K (90%)
ptolemy.util.test.WatchDog.cancel(): canceling Wed Aug 22 01:59:03 UTC 2018
auto.tcl: Setting watchdog for 200 seconds at Wed Aug 22 01:59:03 UTC 2018
27 ms. Memory: 208384K Free: 185421K (89%)
ptolemy.util.test.WatchDog.cancel(): canceling Wed Aug 22 01:59:03 UTC 2018
------------------ testing $PTII/ptolemy/domains/de/test/auto/ClockDriftChange.xml
auto.tcl: Setting watchdog for 200 seconds at Wed Aug 22 01:59:03 UTC 2018
28 ms. Memory: 208384K Free: 190835K (92%)
ptolemy.util.test.WatchDog.cancel(): canceling Wed Aug 22 01:59:03 UTC 2018
auto.tcl: Setting watchdog for 200 seconds at Wed Aug 22 01:59:03 UTC 2018
22 ms. Memory: 208384K Free: 188740K (91%)
ptolemy.util.test.WatchDog.cancel(): canceling Wed Aug 22 01:59:03 UTC 2018
------------------ testing $PTII/ptolemy/domains/de/test/auto/ComposableCausalityAnalysis.xml
auto.tcl: Setting watchdog for 200 seconds at Wed Aug 22 01:59:03 UTC 2018
2 ms. Memory: 208384K Free: 196291K (94%)
ptolemy.util.test.WatchDog.cancel(): canceling Wed Aug 22 01:59:03 UTC 2018
auto.tcl: Setting watchdog for 200 seconds at Wed Aug 22 01:59:03 UTC 2018
3 ms. Memory: 208384K Free: 194196K (93%)
ptolemy.util.test.WatchDog.cancel(): canceling Wed Aug 22 01:59:03 UTC 2018
------------------ testing $PTII/ptolemy/domains/de/test/auto/DEFixedPointLimitation.xml
auto.tcl: Setting watchdog for 200 seconds at Wed Aug 22 01:59:03 UTC 2018
6 ms. Memory: 208384K Free: 196372K (94%)
ptolemy.util.test.WatchDog.cancel(): canceling Wed Aug 22 01:59:03 UTC 2018
auto.tcl: Setting watchdog for 200 seconds at Wed Aug 22 01:59:03 UTC 2018
2 ms. Memory: 208384K Free: 196372K (94%)
ptolemy.util.test.WatchDog.cancel(): canceling Wed Aug 22 01:59:03 UTC 2018
------------------ testing $PTII/ptolemy/domains/de/test/auto/DEScheduleTest.xml
auto.tcl: Setting watchdog for 200 seconds at Wed Aug 22 01:59:03 UTC 2018
3 ms. Memory: 208384K Free: 198840K (95%)
ptolemy.util.test.WatchDog.cancel(): canceling Wed Aug 22 01:59:03 UTC 2018
auto.tcl: Setting watchdog for 200 seconds at Wed Aug 22 01:59:03 UTC 2018
2 ms. Memory: 208384K Free: 196744K (94%)
ptolemy.util.test.WatchDog.cancel(): canceling Wed Aug 22 01:59:03 UTC 2018
------------------ testing $PTII/ptolemy/domains/de/test/auto/DEinDEwithStartTimes.xml
auto.tcl: Setting watchdog for 200 seconds at Wed Aug 22 01:59:03 UTC 2018
5 ms. Memory: 208384K Free: 196377K (94%)
ptolemy.util.test.WatchDog.cancel(): canceling Wed Aug 22 01:59:04 UTC 2018
auto.tcl: Setting watchdog for 200 seconds at Wed Aug 22 01:59:04 UTC 2018
4 ms. Memory: 208384K Free: 194282K (93%)
ptolemy.util.test.WatchDog.cancel(): canceling Wed Aug 22 01:59:04 UTC 2018
------------------ testing $PTII/ptolemy/domains/de/test/auto/DEinDEwithStartTimes2.xml
auto.tcl: Setting watchdog for 200 seconds at Wed Aug 22 01:59:04 UTC 2018
4 ms. Memory: 208384K Free: 196695K (94%)
ptolemy.util.test.WatchDog.cancel(): canceling Wed Aug 22 01:59:04 UTC 2018
auto.tcl: Setting watchdog for 200 seconds at Wed Aug 22 01:59:04 UTC 2018
4 ms. Memory: 208384K Free: 194262K (93%)
ptolemy.util.test.WatchDog.cancel(): canceling Wed Aug 22 01:59:04 UTC 2018
------------------ testing $PTII/ptolemy/domains/de/test/auto/DateDemo.xml
auto.tcl: Setting watchdog for 200 seconds at Wed Aug 22 01:59:04 UTC 2018
14 ms. Memory: 208384K Free: 188810K (91%)
ptolemy.util.test.WatchDog.cancel(): canceling Wed Aug 22 01:59:04 UTC 2018
auto.tcl: Setting watchdog for 200 seconds at Wed Aug 22 01:59:04 UTC 2018
10 ms. Memory: 208384K Free: 186715K (90%)
ptolemy.util.test.WatchDog.cancel(): canceling Wed Aug 22 01:59:04 UTC 2018
------------------ testing $PTII/ptolemy/domains/de/test/auto/DateToEvent.xml
auto.tcl: Setting watchdog for 200 seconds at Wed Aug 22 01:59:04 UTC 2018
2020 ms. Memory: 208384K Free: 183547K (88%)
ptolemy.util.test.WatchDog.cancel(): canceling Wed Aug 22 01:59:06 UTC 2018
auto.tcl: Setting watchdog for 200 seconds at Wed Aug 22 01:59:06 UTC 2018
2009 ms. Memory: 208384K Free: 183547K (88%)
ptolemy.util.test.WatchDog.cancel(): canceling Wed Aug 22 01:59:08 UTC 2018
------------------ testing $PTII/ptolemy/domains/de/test/auto/DepthTest1.xml
auto.tcl: Setting watchdog for 200 seconds at Wed Aug 22 01:59:08 UTC 2018
2 ms. Memory: 208384K Free: 197707K (95%)
ptolemy.util.test.WatchDog.cancel(): canceling Wed Aug 22 01:59:08 UTC 2018
auto.tcl: Setting watchdog for 200 seconds at Wed Aug 22 01:59:08 UTC 2018
6 ms. Memory: 208384K Free: 197707K (95%)
ptolemy.util.test.WatchDog.cancel(): canceling Wed Aug 22 01:59:08 UTC 2018
------------------ testing $PTII/ptolemy/domains/de/test/auto/DepthTest2.xml
auto.tcl: Setting watchdog for 200 seconds at Wed Aug 22 01:59:08 UTC 2018
4 ms. Memory: 208384K Free: 193916K (93%)
ptolemy.util.test.WatchDog.cancel(): canceling Wed Aug 22 01:59:08 UTC 2018
auto.tcl: Setting watchdog for 200 seconds at Wed Aug 22 01:59:08 UTC 2018
3 ms. Memory: 208384K Free: 193916K (93%)
ptolemy.util.test.WatchDog.cancel(): canceling Wed Aug 22 01:59:08 UTC 2018
------------------ testing $PTII/ptolemy/domains/de/test/auto/DepthTest3.xml
auto.tcl: Setting watchdog for 200 seconds at Wed Aug 22 01:59:08 UTC 2018
2 ms. Memory: 208384K Free: 198038K (95%)
ptolemy.util.test.WatchDog.cancel(): canceling Wed Aug 22 01:59:08 UTC 2018
auto.tcl: Setting watchdog for 200 seconds at Wed Aug 22 01:59:08 UTC 2018
2 ms. Memory: 208384K Free: 198038K (95%)
ptolemy.util.test.WatchDog.cancel(): canceling Wed Aug 22 01:59:08 UTC 2018
------------------ testing $PTII/ptolemy/domains/de/test/auto/DepthTest4.xml
auto.tcl: Setting watchdog for 200 seconds at Wed Aug 22 01:59:08 UTC 2018
8 ms. Memory: 208384K Free: 196030K (94%)
ptolemy.util.test.WatchDog.cancel(): canceling Wed Aug 22 01:59:08 UTC 2018
auto.tcl: Setting watchdog for 200 seconds at Wed Aug 22 01:59:08 UTC 2018
2 ms. Memory: 208384K Free: 196030K (94%)
ptolemy.util.test.WatchDog.cancel(): canceling Wed Aug 22 01:59:08 UTC 2018
------------------ testing $PTII/ptolemy/domains/de/test/auto/DepthTest5.xml
auto.tcl: Setting watchdog for 200 seconds at Wed Aug 22 01:59:08 UTC 2018
2 ms. Memory: 208384K Free: 195978K (94%)
ptolemy.util.test.WatchDog.cancel(): canceling Wed Aug 22 01:59:08 UTC 2018
auto.tcl: Setting watchdog for 200 seconds at Wed Aug 22 01:59:08 UTC 2018
3 ms. Memory: 208384K Free: 195978K (94%)
ptolemy.util.test.WatchDog.cancel(): canceling Wed Aug 22 01:59:08 UTC 2018
------------------ testing $PTII/ptolemy/domains/de/test/auto/DepthTest6.xml
auto.tcl: Setting watchdog for 200 seconds at Wed Aug 22 01:59:08 UTC 2018
7 ms. Memory: 208384K Free: 196283K (94%)
ptolemy.util.test.WatchDog.cancel(): canceling Wed Aug 22 01:59:08 UTC 2018
auto.tcl: Setting watchdog for 200 seconds at Wed Aug 22 01:59:08 UTC 2018
2 ms. Memory: 208384K Free: 196283K (94%)
ptolemy.util.test.WatchDog.cancel(): canceling Wed Aug 22 01:59:08 UTC 2018
------------------ testing $PTII/ptolemy/domains/de/test/auto/DepthTest7.xml
auto.tcl: Setting watchdog for 200 seconds at Wed Aug 22 01:59:08 UTC 2018
2 ms. Memory: 208384K Free: 195935K (94%)
ptolemy.util.test.WatchDog.cancel(): canceling Wed Aug 22 01:59:08 UTC 2018
auto.tcl: Setting watchdog for 200 seconds at Wed Aug 22 01:59:08 UTC 2018
3 ms. Memory: 208384K Free: 195935K (94%)
ptolemy.util.test.WatchDog.cancel(): canceling Wed Aug 22 01:59:08 UTC 2018
------------------ testing $PTII/ptolemy/domains/de/test/auto/EventToDate.xml
auto.tcl: Setting watchdog for 200 seconds at Wed Aug 22 01:59:08 UTC 2018
3006 ms. Memory: 208384K Free: 185481K (89%)
ptolemy.util.test.WatchDog.cancel(): canceling Wed Aug 22 01:59:11 UTC 2018
auto.tcl: Setting watchdog for 200 seconds at Wed Aug 22 01:59:11 UTC 2018
3005 ms. Memory: 208384K Free: 185481K (89%)
ptolemy.util.test.WatchDog.cancel(): canceling Wed Aug 22 01:59:14 UTC 2018
------------------ testing $PTII/ptolemy/domains/de/test/auto/FSM1.xml
auto.tcl: Setting watchdog for 200 seconds at Wed Aug 22 01:59:15 UTC 2018
19 ms. Memory: 208384K Free: 188997K (91%)
ptolemy.util.test.WatchDog.cancel(): canceling Wed Aug 22 01:59:15 UTC 2018
auto.tcl: Setting watchdog for 200 seconds at Wed Aug 22 01:59:15 UTC 2018
17 ms. Memory: 208384K Free: 184806K (89%)
ptolemy.util.test.WatchDog.cancel(): canceling Wed Aug 22 01:59:15 UTC 2018
------------------ testing $PTII/ptolemy/domains/de/test/auto/FSM7.xml
auto.tcl: Setting watchdog for 200 seconds at Wed Aug 22 01:59:15 UTC 2018
16 ms. Memory: 208384K Free: 187106K (90%)
ptolemy.util.test.WatchDog.cancel(): canceling Wed Aug 22 01:59:15 UTC 2018
auto.tcl: Setting watchdog for 200 seconds at Wed Aug 22 01:59:15 UTC 2018
13 ms. Memory: 208384K Free: 185011K (89%)
ptolemy.util.test.WatchDog.cancel(): canceling Wed Aug 22 01:59:15 UTC 2018
------------------ testing $PTII/ptolemy/domains/de/test/auto/Inspection.xml
auto.tcl: Setting watchdog for 200 seconds at Wed Aug 22 01:59:15 UTC 2018
19 ms. Memory: 208384K Free: 188321K (90%)
ptolemy.util.test.WatchDog.cancel(): canceling Wed Aug 22 01:59:15 UTC 2018
auto.tcl: Setting watchdog for 200 seconds at Wed Aug 22 01:59:15 UTC 2018
22 ms. Memory: 208384K Free: 186226K (89%)
ptolemy.util.test.WatchDog.cancel(): canceling Wed Aug 22 01:59:15 UTC 2018
------------------ testing $PTII/ptolemy/domains/de/test/auto/Iteration.xml
auto.tcl: Setting watchdog for 200 seconds at Wed Aug 22 01:59:15 UTC 2018
7 ms. Memory: 208384K Free: 196081K (94%)
ptolemy.util.test.WatchDog.cancel(): canceling Wed Aug 22 01:59:15 UTC 2018
auto.tcl: Setting watchdog for 200 seconds at Wed Aug 22 01:59:15 UTC 2018
6 ms. Memory: 208384K Free: 193986K (93%)
ptolemy.util.test.WatchDog.cancel(): canceling Wed Aug 22 01:59:15 UTC 2018
------------------ testing $PTII/ptolemy/domains/de/test/auto/LineFault.xml
auto.tcl: Setting watchdog for 200 seconds at Wed Aug 22 01:59:15 UTC 2018
738 ms. Memory: 208384K Free: 195856K (94%)
ptolemy.util.test.WatchDog.cancel(): canceling Wed Aug 22 01:59:16 UTC 2018
auto.tcl: Setting watchdog for 200 seconds at Wed Aug 22 01:59:16 UTC 2018
622 ms. Memory: 208384K Free: 138659K (67%)
ptolemy.util.test.WatchDog.cancel(): canceling Wed Aug 22 01:59:17 UTC 2018
------------------ testing $PTII/ptolemy/domains/de/test/auto/MergeModel1Add.xml
auto.tcl: Setting watchdog for 200 seconds at Wed Aug 22 01:59:17 UTC 2018
28 ms. Memory: 331264K Free: 298558K (90%)
ptolemy.util.test.WatchDog.cancel(): canceling Wed Aug 22 01:59:17 UTC 2018
auto.tcl: Setting watchdog for 200 seconds at Wed Aug 22 01:59:17 UTC 2018
9 ms. Memory: 331264K Free: 298558K (90%)
ptolemy.util.test.WatchDog.cancel(): canceling Wed Aug 22 01:59:17 UTC 2018
------------------ testing $PTII/ptolemy/domains/de/test/auto/MergeModel2Add.xml
auto.tcl: Setting watchdog for 200 seconds at Wed Aug 22 01:59:17 UTC 2018
10 ms. Memory: 331264K Free: 303841K (92%)
ptolemy.util.test.WatchDog.cancel(): canceling Wed Aug 22 01:59:17 UTC 2018
auto.tcl: Setting watchdog for 200 seconds at Wed Aug 22 01:59:17 UTC 2018
11 ms. Memory: 331264K Free: 299897K (91%)
ptolemy.util.test.WatchDog.cancel(): canceling Wed Aug 22 01:59:17 UTC 2018
------------------ testing $PTII/ptolemy/domains/de/test/auto/MergeModel3Add.xml
auto.tcl: Setting watchdog for 200 seconds at Wed Aug 22 01:59:17 UTC 2018
10 ms. Memory: 331264K Free: 303851K (92%)
ptolemy.util.test.WatchDog.cancel(): canceling Wed Aug 22 01:59:17 UTC 2018
auto.tcl: Setting watchdog for 200 seconds at Wed Aug 22 01:59:17 UTC 2018
9 ms. Memory: 331264K Free: 299906K (91%)
ptolemy.util.test.WatchDog.cancel(): canceling Wed Aug 22 01:59:17 UTC 2018
------------------ testing $PTII/ptolemy/domains/de/test/auto/MergeWithoutDiscard.xml
auto.tcl: Setting watchdog for 200 seconds at Wed Aug 22 01:59:17 UTC 2018
5 ms. Memory: 331264K Free: 319512K (96%)
ptolemy.util.test.WatchDog.cancel(): canceling Wed Aug 22 01:59:17 UTC 2018
auto.tcl: Setting watchdog for 200 seconds at Wed Aug 22 01:59:17 UTC 2018
1 ms. Memory: 331264K Free: 315567K (95%)
ptolemy.util.test.WatchDog.cancel(): canceling Wed Aug 22 01:59:17 UTC 2018
------------------ testing $PTII/ptolemy/domains/de/test/auto/Modal1.xml
auto.tcl: Setting watchdog for 200 seconds at Wed Aug 22 01:59:17 UTC 2018
19 ms. Memory: 331264K Free: 309193K (93%)
ptolemy.util.test.WatchDog.cancel(): canceling Wed Aug 22 01:59:17 UTC 2018
auto.tcl: Setting watchdog for 200 seconds at Wed Aug 22 01:59:17 UTC 2018
23 ms. Memory: 331264K Free: 305248K (92%)
ptolemy.util.test.WatchDog.cancel(): canceling Wed Aug 22 01:59:17 UTC 2018
------------------ testing $PTII/ptolemy/domains/de/test/auto/Modal2.xml
auto.tcl: Setting watchdog for 200 seconds at Wed Aug 22 01:59:17 UTC 2018
16 ms. Memory: 331264K Free: 309064K (93%)
ptolemy.util.test.WatchDog.cancel(): canceling Wed Aug 22 01:59:17 UTC 2018
auto.tcl: Setting watchdog for 200 seconds at Wed Aug 22 01:59:17 UTC 2018
18 ms. Memory: 331264K Free: 305119K (92%)
ptolemy.util.test.WatchDog.cancel(): canceling Wed Aug 22 01:59:17 UTC 2018
------------------ testing $PTII/ptolemy/domains/de/test/auto/Modal3.xml
auto.tcl: Setting watchdog for 200 seconds at Wed Aug 22 01:59:17 UTC 2018
9 ms. Memory: 331264K Free: 309333K (93%)
ptolemy.util.test.WatchDog.cancel(): canceling Wed Aug 22 01:59:17 UTC 2018
auto.tcl: Setting watchdog for 200 seconds at Wed Aug 22 01:59:17 UTC 2018
9 ms. Memory: 331264K Free: 305103K (92%)
ptolemy.util.test.WatchDog.cancel(): canceling Wed Aug 22 01:59:17 UTC 2018
------------------ testing $PTII/ptolemy/domains/de/test/auto/Modal4.xml
auto.tcl: Setting watchdog for 200 seconds at Wed Aug 22 01:59:18 UTC 2018
12 ms. Memory: 331264K Free: 309061K (93%)
ptolemy.util.test.WatchDog.cancel(): canceling Wed Aug 22 01:59:18 UTC 2018
auto.tcl: Setting watchdog for 200 seconds at Wed Aug 22 01:59:18 UTC 2018
13 ms. Memory: 331264K Free: 305116K (92%)
ptolemy.util.test.WatchDog.cancel(): canceling Wed Aug 22 01:59:18 UTC 2018
------------------ testing $PTII/ptolemy/domains/de/test/auto/Modal5.xml
auto.tcl: Setting watchdog for 200 seconds at Wed Aug 22 01:59:18 UTC 2018
19 ms. Memory: 331264K Free: 309048K (93%)
ptolemy.util.test.WatchDog.cancel(): canceling Wed Aug 22 01:59:18 UTC 2018
auto.tcl: Setting watchdog for 200 seconds at Wed Aug 22 01:59:18 UTC 2018
10 ms. Memory: 331264K Free: 305103K (92%)
ptolemy.util.test.WatchDog.cancel(): canceling Wed Aug 22 01:59:18 UTC 2018
------------------ testing $PTII/ptolemy/domains/de/test/auto/Modal6.xml
auto.tcl: Setting watchdog for 200 seconds at Wed Aug 22 01:59:18 UTC 2018
14 ms. Memory: 331264K Free: 309046K (93%)
ptolemy.util.test.WatchDog.cancel(): canceling Wed Aug 22 01:59:18 UTC 2018
auto.tcl: Setting watchdog for 200 seconds at Wed Aug 22 01:59:18 UTC 2018
12 ms. Memory: 331264K Free: 305101K (92%)
ptolemy.util.test.WatchDog.cancel(): canceling Wed Aug 22 01:59:18 UTC 2018
------------------ testing $PTII/ptolemy/domains/de/test/auto/Modal7.xml
auto.tcl: Setting watchdog for 200 seconds at Wed Aug 22 01:59:18 UTC 2018
9 ms. Memory: 331264K Free: 309046K (93%)
ptolemy.util.test.WatchDog.cancel(): canceling Wed Aug 22 01:59:18 UTC 2018
auto.tcl: Setting watchdog for 200 seconds at Wed Aug 22 01:59:18 UTC 2018
9 ms. Memory: 331264K Free: 305101K (92%)
ptolemy.util.test.WatchDog.cancel(): canceling Wed Aug 22 01:59:18 UTC 2018
------------------ testing $PTII/ptolemy/domains/de/test/auto/ModalModel.xml
auto.tcl: Setting watchdog for 200 seconds at Wed Aug 22 01:59:18 UTC 2018
189 ms. Memory: 331264K Free: 245570K (74%)
ptolemy.util.test.WatchDog.cancel(): canceling Wed Aug 22 01:59:18 UTC 2018
auto.tcl: Setting watchdog for 200 seconds at Wed Aug 22 01:59:18 UTC 2018
171 ms. Memory: 331264K Free: 190345K (57%)
ptolemy.util.test.WatchDog.cancel(): canceling Wed Aug 22 01:59:18 UTC 2018
------------------ testing $PTII/ptolemy/domains/de/test/auto/ModalSource.xml
auto.tcl: Setting watchdog for 200 seconds at Wed Aug 22 01:59:18 UTC 2018
9 ms. Memory: 331264K Free: 316014K (95%)
ptolemy.util.test.WatchDog.cancel(): canceling Wed Aug 22 01:59:18 UTC 2018
auto.tcl: Setting watchdog for 200 seconds at Wed Aug 22 01:59:18 UTC 2018
9 ms. Memory: 331264K Free: 312500K (94%)
ptolemy.util.test.WatchDog.cancel(): canceling Wed Aug 22 01:59:19 UTC 2018
------------------ testing $PTII/ptolemy/domains/de/test/auto/NonInterruptibleTimerZeroDelay.xml
auto.tcl: Setting watchdog for 200 seconds at Wed Aug 22 01:59:19 UTC 2018
3 ms. Memory: 331264K Free: 320179K (97%)
ptolemy.util.test.WatchDog.cancel(): canceling Wed Aug 22 01:59:19 UTC 2018
auto.tcl: Setting watchdog for 200 seconds at Wed Aug 22 01:59:19 UTC 2018
2 ms. Memory: 331264K Free: 316666K (96%)
ptolemy.util.test.WatchDog.cancel(): canceling Wed Aug 22 01:59:19 UTC 2018
------------------ testing $PTII/ptolemy/domains/de/test/auto/OpenQueueingNetwork.xml
auto.tcl: Setting watchdog for 200 seconds at Wed Aug 22 01:59:19 UTC 2018
2838 ms. Memory: 573952K Free: 400141K (70%)
ptolemy.util.test.WatchDog.cancel(): canceling Wed Aug 22 01:59:22 UTC 2018
auto.tcl: Setting watchdog for 200 seconds at Wed Aug 22 01:59:22 UTC 2018
2476 ms. Memory: 550912K Free: 278952K (51%)
ptolemy.util.test.WatchDog.cancel(): canceling Wed Aug 22 01:59:24 UTC 2018
------------------ testing $PTII/ptolemy/domains/de/test/auto/OpenQueuingNetwork.xml
auto.tcl: Setting watchdog for 200 seconds at Wed Aug 22 01:59:24 UTC 2018
237 ms. Memory: 549888K Free: 444784K (81%)
ptolemy.util.test.WatchDog.cancel(): canceling Wed Aug 22 01:59:24 UTC 2018
auto.tcl: Setting watchdog for 200 seconds at Wed Aug 22 01:59:24 UTC 2018
227 ms. Memory: 549888K Free: 385784K (70%)
ptolemy.util.test.WatchDog.cancel(): canceling Wed Aug 22 01:59:25 UTC 2018
------------------ testing $PTII/ptolemy/domains/de/test/auto/PeriodicSampler.xml
auto.tcl: Setting watchdog for 200 seconds at Wed Aug 22 01:59:25 UTC 2018
3 ms. Memory: 551936K Free: 530063K (96%)
ptolemy.util.test.WatchDog.cancel(): canceling Wed Aug 22 01:59:25 UTC 2018
auto.tcl: Setting watchdog for 200 seconds at Wed Aug 22 01:59:25 UTC 2018
2 ms. Memory: 551936K Free: 530063K (96%)
ptolemy.util.test.WatchDog.cancel(): canceling Wed Aug 22 01:59:25 UTC 2018
------------------ testing $PTII/ptolemy/domains/de/test/auto/PersistentIO.xml
auto.tcl: Setting watchdog for 200 seconds at Wed Aug 22 01:59:25 UTC 2018
9 ms. Memory: 549376K Free: 526439K (96%)
ptolemy.util.test.WatchDog.cancel(): canceling Wed Aug 22 01:59:25 UTC 2018
auto.tcl: Setting watchdog for 200 seconds at Wed Aug 22 01:59:25 UTC 2018
4 ms. Memory: 549376K Free: 526439K (96%)
ptolemy.util.test.WatchDog.cancel(): canceling Wed Aug 22 01:59:25 UTC 2018
------------------ testing $PTII/ptolemy/domains/de/test/auto/PortParameterResetOnInitialize.xml
auto.tcl: Setting watchdog for 200 seconds at Wed Aug 22 01:59:25 UTC 2018
2 ms. Memory: 551424K Free: 530012K (96%)
ptolemy.util.test.WatchDog.cancel(): canceling Wed Aug 22 01:59:25 UTC 2018
auto.tcl: Setting watchdog for 200 seconds at Wed Aug 22 01:59:25 UTC 2018
2 ms. Memory: 551424K Free: 530012K (96%)
ptolemy.util.test.WatchDog.cancel(): canceling Wed Aug 22 01:59:25 UTC 2018
------------------ testing $PTII/ptolemy/domains/de/test/auto/PortParameterUpdates.xml
auto.tcl: Setting watchdog for 200 seconds at Wed Aug 22 01:59:25 UTC 2018
3 ms. Memory: 549376K Free: 532776K (97%)
ptolemy.util.test.WatchDog.cancel(): canceling Wed Aug 22 01:59:25 UTC 2018
auto.tcl: Setting watchdog for 200 seconds at Wed Aug 22 01:59:25 UTC 2018
3 ms. Memory: 549376K Free: 526221K (96%)
ptolemy.util.test.WatchDog.cancel(): canceling Wed Aug 22 01:59:25 UTC 2018
------------------ testing $PTII/ptolemy/domains/de/test/auto/QueueAndServer.xml
auto.tcl: Setting watchdog for 200 seconds at Wed Aug 22 01:59:25 UTC 2018
10 ms. Memory: 551424K Free: 535018K (97%)
ptolemy.util.test.WatchDog.cancel(): canceling Wed Aug 22 01:59:25 UTC 2018
auto.tcl: Setting watchdog for 200 seconds at Wed Aug 22 01:59:25 UTC 2018
5 ms. Memory: 551424K Free: 528233K (96%)
ptolemy.util.test.WatchDog.cancel(): canceling Wed Aug 22 01:59:25 UTC 2018
------------------ testing $PTII/ptolemy/domains/de/test/auto/Records.xml
auto.tcl: Setting watchdog for 200 seconds at Wed Aug 22 01:59:25 UTC 2018
8 ms. Memory: 549376K Free: 532683K (97%)
ptolemy.util.test.WatchDog.cancel(): canceling Wed Aug 22 01:59:25 UTC 2018
auto.tcl: Setting watchdog for 200 seconds at Wed Aug 22 01:59:25 UTC 2018
2 ms. Memory: 549376K Free: 532683K (97%)
ptolemy.util.test.WatchDog.cancel(): canceling Wed Aug 22 01:59:25 UTC 2018
------------------ testing $PTII/ptolemy/domains/de/test/auto/ResetTransitionWithStartTime1.xml
auto.tcl: Setting watchdog for 200 seconds at Wed Aug 22 01:59:25 UTC 2018
13 ms. Memory: 551424K Free: 528415K (96%)
ptolemy.util.test.WatchDog.cancel(): canceling Wed Aug 22 01:59:25 UTC 2018
auto.tcl: Setting watchdog for 200 seconds at Wed Aug 22 01:59:25 UTC 2018
3 ms. Memory: 551424K Free: 528185K (96%)
ptolemy.util.test.WatchDog.cancel(): canceling Wed Aug 22 01:59:25 UTC 2018
------------------ testing $PTII/ptolemy/domains/de/test/auto/ResetTransitionWithStartTime2.xml
auto.tcl: Setting watchdog for 200 seconds at Wed Aug 22 01:59:25 UTC 2018
9 ms. Memory: 549376K Free: 526358K (96%)
ptolemy.util.test.WatchDog.cancel(): canceling Wed Aug 22 01:59:25 UTC 2018
auto.tcl: Setting watchdog for 200 seconds at Wed Aug 22 01:59:25 UTC 2018
6 ms. Memory: 549376K Free: 526358K (96%)
ptolemy.util.test.WatchDog.cancel(): canceling Wed Aug 22 01:59:25 UTC 2018
------------------ testing $PTII/ptolemy/domains/de/test/auto/ResetTransitionWithStartTime3.xml
auto.tcl: Setting watchdog for 200 seconds at Wed Aug 22 01:59:25 UTC 2018
7 ms. Memory: 550912K Free: 527662K (96%)
ptolemy.util.test.WatchDog.cancel(): canceling Wed Aug 22 01:59:25 UTC 2018
auto.tcl: Setting watchdog for 200 seconds at Wed Aug 22 01:59:25 UTC 2018
8 ms. Memory: 550912K Free: 527662K (96%)
ptolemy.util.test.WatchDog.cancel(): canceling Wed Aug 22 01:59:25 UTC 2018
------------------ testing $PTII/ptolemy/domains/de/test/auto/ResetTransitionWithStartTime4.xml
auto.tcl: Setting watchdog for 200 seconds at Wed Aug 22 01:59:25 UTC 2018
4 ms. Memory: 549376K Free: 526124K (96%)
ptolemy.util.test.WatchDog.cancel(): canceling Wed Aug 22 01:59:25 UTC 2018
auto.tcl: Setting watchdog for 200 seconds at Wed Aug 22 01:59:25 UTC 2018
3 ms. Memory: 549376K Free: 526124K (96%)
ptolemy.util.test.WatchDog.cancel(): canceling Wed Aug 22 01:59:25 UTC 2018
------------------ testing $PTII/ptolemy/domains/de/test/auto/ResettableTimer1.xml
auto.tcl: Setting watchdog for 200 seconds at Wed Aug 22 01:59:25 UTC 2018
2 ms. Memory: 550912K Free: 534226K (97%)
ptolemy.util.test.WatchDog.cancel(): canceling Wed Aug 22 01:59:25 UTC 2018
auto.tcl: Setting watchdog for 200 seconds at Wed Aug 22 01:59:25 UTC 2018
2 ms. Memory: 550912K Free: 534226K (97%)
ptolemy.util.test.WatchDog.cancel(): canceling Wed Aug 22 01:59:25 UTC 2018
------------------ testing $PTII/ptolemy/domains/de/test/auto/ResettableTimer2.xml
auto.tcl: Setting watchdog for 200 seconds at Wed Aug 22 01:59:26 UTC 2018
2 ms. Memory: 549376K Free: 532979K (97%)
ptolemy.util.test.WatchDog.cancel(): canceling Wed Aug 22 01:59:26 UTC 2018
auto.tcl: Setting watchdog for 200 seconds at Wed Aug 22 01:59:26 UTC 2018
2 ms. Memory: 549376K Free: 532979K (97%)
ptolemy.util.test.WatchDog.cancel(): canceling Wed Aug 22 01:59:26 UTC 2018
------------------ testing $PTII/ptolemy/domains/de/test/auto/ResettableTimer3.xml
auto.tcl: Setting watchdog for 200 seconds at Wed Aug 22 01:59:26 UTC 2018
1 ms. Memory: 550912K Free: 534285K (97%)
ptolemy.util.test.WatchDog.cancel(): canceling Wed Aug 22 01:59:26 UTC 2018
auto.tcl: Setting watchdog for 200 seconds at Wed Aug 22 01:59:26 UTC 2018
1 ms. Memory: 550912K Free: 534285K (97%)
ptolemy.util.test.WatchDog.cancel(): canceling Wed Aug 22 01:59:26 UTC 2018
------------------ testing $PTII/ptolemy/domains/de/test/auto/ResettableTimer4.xml
auto.tcl: Setting watchdog for 200 seconds at Wed Aug 22 01:59:26 UTC 2018
1 ms. Memory: 549376K Free: 532991K (97%)
ptolemy.util.test.WatchDog.cancel(): canceling Wed Aug 22 01:59:26 UTC 2018
auto.tcl: Setting watchdog for 200 seconds at Wed Aug 22 01:59:26 UTC 2018
1 ms. Memory: 549376K Free: 532991K (97%)
ptolemy.util.test.WatchDog.cancel(): canceling Wed Aug 22 01:59:26 UTC 2018
------------------ testing $PTII/ptolemy/domains/de/test/auto/ResettableTimer5.xml
auto.tcl: Setting watchdog for 200 seconds at Wed Aug 22 01:59:26 UTC 2018
1 ms. Memory: 550400K Free: 529334K (96%)
ptolemy.util.test.WatchDog.cancel(): canceling Wed Aug 22 01:59:26 UTC 2018
auto.tcl: Setting watchdog for 200 seconds at Wed Aug 22 01:59:26 UTC 2018
1 ms. Memory: 550400K Free: 529334K (96%)
ptolemy.util.test.WatchDog.cancel(): canceling Wed Aug 22 01:59:26 UTC 2018
------------------ testing $PTII/ptolemy/domains/de/test/auto/ResettableTimer6.xml
auto.tcl: Setting watchdog for 200 seconds at Wed Aug 22 01:59:26 UTC 2018
1 ms. Memory: 549376K Free: 528029K (96%)
ptolemy.util.test.WatchDog.cancel(): canceling Wed Aug 22 01:59:26 UTC 2018
auto.tcl: Setting watchdog for 200 seconds at Wed Aug 22 01:59:26 UTC 2018
1 ms. Memory: 549376K Free: 528029K (96%)
ptolemy.util.test.WatchDog.cancel(): canceling Wed Aug 22 01:59:26 UTC 2018
------------------ testing $PTII/ptolemy/domains/de/test/auto/ServerZeroDelay.xml
auto.tcl: Setting watchdog for 200 seconds at Wed Aug 22 01:59:26 UTC 2018
3 ms. Memory: 550400K Free: 533954K (97%)
ptolemy.util.test.WatchDog.cancel(): canceling Wed Aug 22 01:59:26 UTC 2018
auto.tcl: Setting watchdog for 200 seconds at Wed Aug 22 01:59:26 UTC 2018
2 ms. Memory: 550400K Free: 533954K (97%)
ptolemy.util.test.WatchDog.cancel(): canceling Wed Aug 22 01:59:26 UTC 2018
------------------ testing $PTII/ptolemy/domains/de/test/auto/SmartSender.xml
auto.tcl: Setting watchdog for 200 seconds at Wed Aug 22 01:59:26 UTC 2018
3002 ms. Memory: 549376K Free: 528245K (96%)
ptolemy.util.test.WatchDog.cancel(): canceling Wed Aug 22 01:59:29 UTC 2018
auto.tcl: Setting watchdog for 200 seconds at Wed Aug 22 01:59:29 UTC 2018
3001 ms. Memory: 549376K Free: 528245K (96%)
ptolemy.util.test.WatchDog.cancel(): canceling Wed Aug 22 01:59:32 UTC 2018
------------------ testing $PTII/ptolemy/domains/de/test/auto/ThreadedComposite.xml
auto.tcl: Setting watchdog for 200 seconds at Wed Aug 22 01:59:32 UTC 2018
172 ms. Memory: 550400K Free: 513121K (93%)
ptolemy.util.test.WatchDog.cancel(): canceling Wed Aug 22 01:59:32 UTC 2018
auto.tcl: Setting watchdog for 200 seconds at Wed Aug 22 01:59:32 UTC 2018
142 ms. Memory: 550400K Free: 497190K (90%)
ptolemy.util.test.WatchDog.cancel(): canceling Wed Aug 22 01:59:32 UTC 2018
------------------ testing $PTII/ptolemy/domains/de/test/auto/Time.xml
auto.tcl: Setting watchdog for 200 seconds at Wed Aug 22 01:59:32 UTC 2018
488 ms. Memory: 549376K Free: 476263K (87%)
ptolemy.util.test.WatchDog.cancel(): canceling Wed Aug 22 01:59:33 UTC 2018
auto.tcl: Setting watchdog for 200 seconds at Wed Aug 22 01:59:33 UTC 2018
461 ms. Memory: 549376K Free: 417263K (76%)
ptolemy.util.test.WatchDog.cancel(): canceling Wed Aug 22 01:59:33 UTC 2018
------------------ testing $PTII/ptolemy/domains/de/test/auto/TimeDelayZeroDelay.xml
auto.tcl: Setting watchdog for 200 seconds at Wed Aug 22 01:59:33 UTC 2018
2 ms. Memory: 550400K Free: 533638K (97%)
ptolemy.util.test.WatchDog.cancel(): canceling Wed Aug 22 01:59:33 UTC 2018
auto.tcl: Setting watchdog for 200 seconds at Wed Aug 22 01:59:33 UTC 2018
2 ms. Memory: 550400K Free: 533638K (97%)
ptolemy.util.test.WatchDog.cancel(): canceling Wed Aug 22 01:59:33 UTC 2018
------------------ testing $PTII/ptolemy/domains/de/test/auto/TimerZeroDelay.xml
auto.tcl: Setting watchdog for 200 seconds at Wed Aug 22 01:59:33 UTC 2018
4 ms. Memory: 549376K Free: 532888K (97%)
ptolemy.util.test.WatchDog.cancel(): canceling Wed Aug 22 01:59:33 UTC 2018
auto.tcl: Setting watchdog for 200 seconds at Wed Aug 22 01:59:33 UTC 2018
2 ms. Memory: 549376K Free: 532888K (97%)
ptolemy.util.test.WatchDog.cancel(): canceling Wed Aug 22 01:59:33 UTC 2018
------------------ testing $PTII/ptolemy/domains/de/test/auto/TimingParadox.xml
auto.tcl: Setting watchdog for 200 seconds at Wed Aug 22 01:59:34 UTC 2018
328 ms. Memory: 549888K Free: 467570K (85%)
ptolemy.util.test.WatchDog.cancel(): canceling Wed Aug 22 01:59:34 UTC 2018
auto.tcl: Setting watchdog for 200 seconds at Wed Aug 22 01:59:34 UTC 2018
293 ms. Memory: 549888K Free: 434792K (79%)
ptolemy.util.test.WatchDog.cancel(): canceling Wed Aug 22 01:59:34 UTC 2018
------------------ testing $PTII/ptolemy/domains/de/test/auto/TransferInputs.xml
auto.tcl: Setting watchdog for 200 seconds at Wed Aug 22 01:59:34 UTC 2018
1 ms. Memory: 549888K Free: 532304K (97%)
ptolemy.util.test.WatchDog.cancel(): canceling Wed Aug 22 01:59:34 UTC 2018
auto.tcl: Setting watchdog for 200 seconds at Wed Aug 22 01:59:34 UTC 2018
2 ms. Memory: 549888K Free: 532304K (97%)
ptolemy.util.test.WatchDog.cancel(): canceling Wed Aug 22 01:59:34 UTC 2018
------------------ testing $PTII/ptolemy/domains/de/test/auto/TransferOutputs2.xml
auto.tcl: Setting watchdog for 200 seconds at Wed Aug 22 01:59:34 UTC 2018
3 ms. Memory: 549376K Free: 521659K (95%)
ptolemy.util.test.WatchDog.cancel(): canceling Wed Aug 22 01:59:34 UTC 2018
auto.tcl: Setting watchdog for 200 seconds at Wed Aug 22 01:59:34 UTC 2018
3 ms. Memory: 549376K Free: 521659K (95%)
ptolemy.util.test.WatchDog.cancel(): canceling Wed Aug 22 01:59:34 UTC 2018
------------------ testing $PTII/ptolemy/domains/de/test/auto/Trilateration.xml
auto.tcl: Setting watchdog for 200 seconds at Wed Aug 22 01:59:34 UTC 2018
13923 ms. Memory: 453632K Free: 138510K (31%)
ptolemy.util.test.WatchDog.cancel(): canceling Wed Aug 22 01:59:49 UTC 2018
auto.tcl: Setting watchdog for 200 seconds at Wed Aug 22 01:59:49 UTC 2018
10951 ms. Memory: 331264K Free: 254652K (77%)
ptolemy.util.test.WatchDog.cancel(): canceling Wed Aug 22 02:00:00 UTC 2018
------------------ testing $PTII/ptolemy/domains/de/test/auto/TwoSigmaDelta.xml
auto.tcl: Setting watchdog for 200 seconds at Wed Aug 22 02:00:01 UTC 2018
2828 ms. Memory: 320000K Free: 257107K (80%)
ptolemy.util.test.WatchDog.cancel(): canceling Wed Aug 22 02:00:03 UTC 2018
auto.tcl: Setting watchdog for 200 seconds at Wed Aug 22 02:00:03 UTC 2018
2174 ms. Memory: 307712K Free: 247417K (80%)
ptolemy.util.test.WatchDog.cancel(): canceling Wed Aug 22 02:00:06 UTC 2018
------------------ testing $PTII/ptolemy/domains/de/test/auto/VariableDelay.xml
auto.tcl: Setting watchdog for 200 seconds at Wed Aug 22 02:00:06 UTC 2018
2 ms. Memory: 309760K Free: 292903K (95%)
ptolemy.util.test.WatchDog.cancel(): canceling Wed Aug 22 02:00:06 UTC 2018
auto.tcl: Setting watchdog for 200 seconds at Wed Aug 22 02:00:06 UTC 2018
2 ms. Memory: 309760K Free: 292903K (95%)
ptolemy.util.test.WatchDog.cancel(): canceling Wed Aug 22 02:00:06 UTC 2018
------------------ testing $PTII/ptolemy/domains/de/test/auto/VariableDelay2.xml
auto.tcl: Setting watchdog for 200 seconds at Wed Aug 22 02:00:06 UTC 2018
8 ms. Memory: 307712K Free: 293532K (95%)
ptolemy.util.test.WatchDog.cancel(): canceling Wed Aug 22 02:00:06 UTC 2018
auto.tcl: Setting watchdog for 200 seconds at Wed Aug 22 02:00:06 UTC 2018
2 ms. Memory: 307712K Free: 293532K (95%)
ptolemy.util.test.WatchDog.cancel(): canceling Wed Aug 22 02:00:06 UTC 2018
------------------ testing $PTII/ptolemy/domains/de/test/auto/VariableDelayZeroDelay.xml
auto.tcl: Setting watchdog for 200 seconds at Wed Aug 22 02:00:06 UTC 2018
6 ms. Memory: 309248K Free: 296080K (96%)
ptolemy.util.test.WatchDog.cancel(): canceling Wed Aug 22 02:00:06 UTC 2018
auto.tcl: Setting watchdog for 200 seconds at Wed Aug 22 02:00:06 UTC 2018
3 ms. Memory: 309248K Free: 292812K (95%)
ptolemy.util.test.WatchDog.cancel(): canceling Wed Aug 22 02:00:06 UTC 2018
------------------ testing $PTII/ptolemy/domains/de/test/auto/VariableDelayZeroDelay2.xml
auto.tcl: Setting watchdog for 200 seconds at Wed Aug 22 02:00:06 UTC 2018
4 ms. Memory: 307712K Free: 291283K (95%)
ptolemy.util.test.WatchDog.cancel(): canceling Wed Aug 22 02:00:06 UTC 2018
auto.tcl: Setting watchdog for 200 seconds at Wed Aug 22 02:00:06 UTC 2018
2 ms. Memory: 307712K Free: 291283K (95%)
ptolemy.util.test.WatchDog.cancel(): canceling Wed Aug 22 02:00:06 UTC 2018
------------------ testing $PTII/ptolemy/domains/de/test/auto/deInCt.xml
auto.tcl: Setting watchdog for 200 seconds at Wed Aug 22 02:00:06 UTC 2018
0
1
1
1
1
1
1
0
0
1
1
1
0
0
0
0
0
1
1
1
0
0
0
1
1
1
1
1
1
8 ms. Memory: 309248K Free: 292799K (95%)
ptolemy.util.test.WatchDog.cancel(): canceling Wed Aug 22 02:00:06 UTC 2018
auto.tcl: Setting watchdog for 200 seconds at Wed Aug 22 02:00:06 UTC 2018
0
1
1
1
0
0
0
0
1
1
1
1
0
0
0
1
1
1
1
0
0
0
1
1
1
0
0
0
0
1
1
1
0
0
0
1
1
1
0
0
0
1
1
0
0
0
1
1
1
13 ms. Memory: 309248K Free: 292799K (95%)
ptolemy.util.test.WatchDog.cancel(): canceling Wed Aug 22 02:00:06 UTC 2018
------------------ testing $PTII/ptolemy/domains/de/test/auto/deInCt2.xml
auto.tcl: Setting watchdog for 200 seconds at Wed Aug 22 02:00:06 UTC 2018
0
1
1
1
0
0
1
1
1
0
0
1
1
1
0
0
1
1
1
0
0
1
1
1
0
0
1
1
1
0
0
1
1
1
0
0
1
1
1
0
0
0
14 ms. Memory: 307712K Free: 291255K (95%)
ptolemy.util.test.WatchDog.cancel(): canceling Wed Aug 22 02:00:06 UTC 2018
auto.tcl: Setting watchdog for 200 seconds at Wed Aug 22 02:00:06 UTC 2018
0
1
1
1
0
0
1
1
1
0
0
1
1
1
0
0
1
1
1
0
0
1
1
1
0
0
1
1
1
0
0
1
1
1
0
0
1
1
1
0
0
0
5 ms. Memory: 307712K Free: 291255K (95%)
ptolemy.util.test.WatchDog.cancel(): canceling Wed Aug 22 02:00:06 UTC 2018
------------------ testing $PTII/ptolemy/domains/de/test/auto/dynamicCausalityInterface1.xml
auto.tcl: Setting watchdog for 200 seconds at Wed Aug 22 02:00:06 UTC 2018
6 ms. Memory: 308736K Free: 291302K (94%)
ptolemy.util.test.WatchDog.cancel(): canceling Wed Aug 22 02:00:06 UTC 2018
auto.tcl: Setting watchdog for 200 seconds at Wed Aug 22 02:00:06 UTC 2018
1 ms. Memory: 308736K Free: 288026K (93%)
ptolemy.util.test.WatchDog.cancel(): canceling Wed Aug 22 02:00:06 UTC 2018
------------------ testing $PTII/ptolemy/domains/de/test/auto/fsm_de_test.xml
auto.tcl: Setting watchdog for 200 seconds at Wed Aug 22 02:00:06 UTC 2018
14 ms. Memory: 307712K Free: 287910K (94%)
ptolemy.util.test.WatchDog.cancel(): canceling Wed Aug 22 02:00:06 UTC 2018
auto.tcl: Setting watchdog for 200 seconds at Wed Aug 22 02:00:06 UTC 2018
5 ms. Memory: 307712K Free: 284634K (93%)
ptolemy.util.test.WatchDog.cancel(): canceling Wed Aug 22 02:00:06 UTC 2018
------------------ testing $PTII/ptolemy/domains/de/test/auto/functionDependencyReconstruction.xml
auto.tcl: Setting watchdog for 200 seconds at Wed Aug 22 02:00:06 UTC 2018
2 ms. Memory: 308736K Free: 282373K (91%)
ptolemy.util.test.WatchDog.cancel(): canceling Wed Aug 22 02:00:06 UTC 2018
auto.tcl: Setting watchdog for 200 seconds at Wed Aug 22 02:00:06 UTC 2018
3 ms. Memory: 308736K Free: 279113K (90%)
ptolemy.util.test.WatchDog.cancel(): canceling Wed Aug 22 02:00:06 UTC 2018
------------------ testing $PTII/ptolemy/domains/de/test/auto/multirate.xml
auto.tcl: Setting watchdog for 200 seconds at Wed Aug 22 02:00:06 UTC 2018
6 ms. Memory: 307712K Free: 293282K (95%)
ptolemy.util.test.WatchDog.cancel(): canceling Wed Aug 22 02:00:06 UTC 2018
auto.tcl: Setting watchdog for 200 seconds at Wed Aug 22 02:00:06 UTC 2018
3 ms. Memory: 307712K Free: 290006K (94%)
ptolemy.util.test.WatchDog.cancel(): canceling Wed Aug 22 02:00:06 UTC 2018
------------------ testing $PTII/ptolemy/domains/de/test/auto/multirate2.xml
auto.tcl: Setting watchdog for 200 seconds at Wed Aug 22 02:00:07 UTC 2018
2 ms. Memory: 308736K Free: 292246K (95%)
ptolemy.util.test.WatchDog.cancel(): canceling Wed Aug 22 02:00:07 UTC 2018
auto.tcl: Setting watchdog for 200 seconds at Wed Aug 22 02:00:07 UTC 2018
3 ms. Memory: 308736K Free: 288970K (94%)
ptolemy.util.test.WatchDog.cancel(): canceling Wed Aug 22 02:00:07 UTC 2018
------------------ testing $PTII/ptolemy/domains/de/test/auto/realtime.xml
auto.tcl: Setting watchdog for 200 seconds at Wed Aug 22 02:00:07 UTC 2018
10001 ms. Memory: 307712K Free: 291212K (95%)
ptolemy.util.test.WatchDog.cancel(): canceling Wed Aug 22 02:00:17 UTC 2018
auto.tcl: Setting watchdog for 200 seconds at Wed Aug 22 02:00:17 UTC 2018
10000 ms. Memory: 307712K Free: 291212K (95%)
ptolemy.util.test.WatchDog.cancel(): canceling Wed Aug 22 02:00:27 UTC 2018
------------------ testing $PTII/ptolemy/domains/de/test/auto/relationGroup.xml
auto.tcl: Setting watchdog for 200 seconds at Wed Aug 22 02:00:27 UTC 2018
1 ms. Memory: 308224K Free: 295018K (96%)
ptolemy.util.test.WatchDog.cancel(): canceling Wed Aug 22 02:00:27 UTC 2018
auto.tcl: Setting watchdog for 200 seconds at Wed Aug 22 02:00:27 UTC 2018
2 ms. Memory: 308224K Free: 291758K (95%)
ptolemy.util.test.WatchDog.cancel(): canceling Wed Aug 22 02:00:27 UTC 2018
------------------ testing $PTII/ptolemy/domains/de/test/auto/relationGroup2.xml
auto.tcl: Setting watchdog for 200 seconds at Wed Aug 22 02:00:27 UTC 2018
1 ms. Memory: 307712K Free: 294532K (96%)
ptolemy.util.test.WatchDog.cancel(): canceling Wed Aug 22 02:00:27 UTC 2018
auto.tcl: Setting watchdog for 200 seconds at Wed Aug 22 02:00:27 UTC 2018
1 ms. Memory: 307712K Free: 294532K (96%)
ptolemy.util.test.WatchDog.cancel(): canceling Wed Aug 22 02:00:27 UTC 2018
------------------ testing $PTII/ptolemy/domains/de/test/auto/sortWithOpaquePorts.xml
auto.tcl: Setting watchdog for 200 seconds at Wed Aug 22 02:00:27 UTC 2018
2 ms. Memory: 308224K Free: 291785K (95%)
ptolemy.util.test.WatchDog.cancel(): canceling Wed Aug 22 02:00:27 UTC 2018
auto.tcl: Setting watchdog for 200 seconds at Wed Aug 22 02:00:27 UTC 2018
1 ms. Memory: 308224K Free: 291785K (95%)
ptolemy.util.test.WatchDog.cancel(): canceling Wed Aug 22 02:00:27 UTC 2018
------------------ testing $PTII/ptolemy/domains/de/test/auto/transferInputsandOutputs.xml
auto.tcl: Setting watchdog for 200 seconds at Wed Aug 22 02:00:27 UTC 2018
2 ms. Memory: 307712K Free: 291245K (95%)
ptolemy.util.test.WatchDog.cancel(): canceling Wed Aug 22 02:00:27 UTC 2018
auto.tcl: Setting watchdog for 200 seconds at Wed Aug 22 02:00:27 UTC 2018
2 ms. Memory: 307712K Free: 287985K (94%)
ptolemy.util.test.WatchDog.cancel(): canceling Wed Aug 22 02:00:27 UTC 2018
------------------ testing $PTII/ptolemy/domains/de/test/auto/triggerType.xml
auto.tcl: Setting watchdog for 200 seconds at Wed Aug 22 02:00:27 UTC 2018
1 ms. Memory: 308224K Free: 291708K (95%)
ptolemy.util.test.WatchDog.cancel(): canceling Wed Aug 22 02:00:27 UTC 2018
auto.tcl: Setting watchdog for 200 seconds at Wed Aug 22 02:00:27 UTC 2018
1 ms. Memory: 308224K Free: 291708K (95%)
ptolemy.util.test.WatchDog.cancel(): canceling Wed Aug 22 02:00:27 UTC 2018
08/22/18 02:00:27
Failed: 0  Total Tests: 192  ((Passed: 187, Newly Passed: 1)  Known Failed: 5) /home/travis/build/icyphy/ptII/ptolemy/domains/de/test
08/22/18 02:00:27
Failed: 0  Total Tests: 192  ((Passed: 187, Newly Passed: 1)  Known Failed: 5) /home/travis/build/icyphy/ptII/ptolemy/domains/de/test
----------------- testing (KnownFailure) /home/travis/build/icyphy/ptII/ptolemy/domains/de/test/auto/knownFailedTests/DESDFClockTest.xml
2012 ms. Memory: 307712K Free: 285457K (93%)
Known Failure: java.lang.reflect.InvocationTargetException
----------------- testing (KnownFailure) /home/travis/build/icyphy/ptII/ptolemy/domains/de/test/auto/knownFailedTests/DirectFeedback.xml
2 ms. Memory: 307712K Free: 267353K (87%)
Known Failure: java.lang.reflect.InvocationTargetException
----------------- testing (KnownFailure) /home/travis/build/icyphy/ptII/ptolemy/domains/de/test/auto/knownFailedTests/FSMSource.xml
5 ms. Memory: 307712K Free: 244706K (80%)
----------------- testing (KnownFailure) /home/travis/build/icyphy/ptII/ptolemy/domains/de/test/auto/knownFailedTests/HierarchicalModel.xml
2 ms. Memory: 307712K Free: 222035K (72%)
Known Failure: java.lang.reflect.InvocationTargetException
----------------- testing (KnownFailure) /home/travis/build/icyphy/ptII/ptolemy/domains/de/test/auto/knownFailedTests/dependencyLoop.xml
2 ms. Memory: 307712K Free: 190320K (62%)
Known Failure: java.lang.reflect.InvocationTargetException
----------------- testing (KnownFailure) /home/travis/build/icyphy/ptII/ptolemy/domains/de/test/auto/knownFailedTests/dependencyLoop2.xml
2 ms. Memory: 307712K Free: 158605K (52%)
Known Failure: java.lang.reflect.InvocationTargetException
No auto/linux-amd64/*.xml tests in /home/travis/build/icyphy/ptII/ptolemy/domains/de/test
AutoTests.java: About to close Vertx.
AutoTests.java: Vertx closed.

===========================================================================================
----------------- testing Wed Aug 22 02:00:29 UTC 2018 /home/travis/build/icyphy/ptII/ptolemy/domains/de/test/auto/ActorDepthCalculation_actorWithoutPorts.xml
----------------- Instantiating /home/travis/build/icyphy/ptII/ptolemy/domains/de/test/auto/ActorDepthCalculation_actorWithoutPorts.xml
2 ms. Memory: 307712K Free: 131432K (43%)
----------------- Invoking toplevel() on ptolemy.moml.MoMLSimpleApplication@371d42b2
----------------- Done invoking toplevel() on ptolemy.moml.MoMLSimpleApplication@371d42b2
reloadAllAccessors: .ActorDepthCalculation_actorWithoutPorts

===========================================================================================
----------------- testing Wed Aug 22 02:00:29 UTC 2018 /home/travis/build/icyphy/ptII/ptolemy/domains/de/test/auto/AssemblyLine.xml
----------------- Instantiating /home/travis/build/icyphy/ptII/ptolemy/domains/de/test/auto/AssemblyLine.xml
2 ms. Memory: 307712K Free: 117838K (38%)
----------------- Invoking toplevel() on ptolemy.moml.MoMLSimpleApplication@41f7040c
----------------- Done invoking toplevel() on ptolemy.moml.MoMLSimpleApplication@41f7040c
reloadAllAccessors: .AssemblyLine

===========================================================================================
----------------- testing Wed Aug 22 02:00:29 UTC 2018 /home/travis/build/icyphy/ptII/ptolemy/domains/de/test/auto/CQBug1.xml
----------------- Instantiating /home/travis/build/icyphy/ptII/ptolemy/domains/de/test/auto/CQBug1.xml
1 ms. Memory: 307712K Free: 108786K (35%)
----------------- Invoking toplevel() on ptolemy.moml.MoMLSimpleApplication@4df1d273
----------------- Done invoking toplevel() on ptolemy.moml.MoMLSimpleApplication@4df1d273
reloadAllAccessors: .CQBug1

===========================================================================================
----------------- testing Wed Aug 22 02:00:29 UTC 2018 /home/travis/build/icyphy/ptII/ptolemy/domains/de/test/auto/CancelFireAt.xml
----------------- Instantiating /home/travis/build/icyphy/ptII/ptolemy/domains/de/test/auto/CancelFireAt.xml
1 ms. Memory: 307712K Free: 99733K (32%)
----------------- Invoking toplevel() on ptolemy.moml.MoMLSimpleApplication@613b7af7
----------------- Done invoking toplevel() on ptolemy.moml.MoMLSimpleApplication@613b7af7
reloadAllAccessors: .CancelFireAt

===========================================================================================
----------------- testing Wed Aug 22 02:00:29 UTC 2018 /home/travis/build/icyphy/ptII/ptolemy/domains/de/test/auto/CausalityAndComposabilityAnalysis.xml
----------------- Instantiating /home/travis/build/icyphy/ptII/ptolemy/domains/de/test/auto/CausalityAndComposabilityAnalysis.xml
2 ms. Memory: 307712K Free: 90681K (29%)
----------------- Invoking toplevel() on ptolemy.moml.MoMLSimpleApplication@180385a7
----------------- Done invoking toplevel() on ptolemy.moml.MoMLSimpleApplication@180385a7
reloadAllAccessors: .CausalityAndComposabilityAnalysis

===========================================================================================
----------------- testing Wed Aug 22 02:00:29 UTC 2018 /home/travis/build/icyphy/ptII/ptolemy/domains/de/test/auto/CausalityInterface1.xml
----------------- Instantiating /home/travis/build/icyphy/ptII/ptolemy/domains/de/test/auto/CausalityInterface1.xml
5 ms. Memory: 307712K Free: 78369K (25%)
----------------- Invoking toplevel() on ptolemy.moml.MoMLSimpleApplication@23db37e0
----------------- Done invoking toplevel() on ptolemy.moml.MoMLSimpleApplication@23db37e0
reloadAllAccessors: .CausalityInterface1

===========================================================================================
----------------- testing Wed Aug 22 02:00:29 UTC 2018 /home/travis/build/icyphy/ptII/ptolemy/domains/de/test/auto/CausalityInterface15.xml
----------------- Instantiating /home/travis/build/icyphy/ptII/ptolemy/domains/de/test/auto/CausalityInterface15.xml
1 ms. Memory: 298496K Free: 286072K (96%)
----------------- Invoking toplevel() on ptolemy.moml.MoMLSimpleApplication@69eaa83b
----------------- Done invoking toplevel() on ptolemy.moml.MoMLSimpleApplication@69eaa83b
reloadAllAccessors: .CausalityInterface15

[...]
java.lang.RuntimeException: Execution failed
	at ptolemy.moml.MoMLSimpleApplication$UnloadThread.run(MoMLSimpleApplication.java:402)
Caused by: ptolemy.kernel.util.IllegalActionException: Test fails in iteration 1.
Value was: 1.0. Should have been: 2.0
  in .DirectFeedback.Test
	at ptolemy.actor.lib.Test.fire(Test.java:268)
	at ptolemy.domains.de.kernel.DEDirector._fire(DEDirector.java:1949)
	at ptolemy.domains.de.kernel.DEDirector.fire(DEDirector.java:502)
	at ptolemy.actor.CompositeActor.fire(CompositeActor.java:455)
	at ptolemy.actor.Manager.iterate(Manager.java:851)
	at ptolemy.actor.Manager.execute(Manager.java:369)
	at ptolemy.actor.Manager.run(Manager.java:1263)
	at ptolemy.actor.Manager$PtolemyRunThread.run(Manager.java:1915)
java.lang.RuntimeException: Execution failed
	at ptolemy.moml.MoMLSimpleApplication$UnloadThread.run(MoMLSimpleApplication.java:402)
Caused by: ptolemy.kernel.util.IllegalActionException: Actor is not ready to fire.  Perhaps UpSample.prefire() returned false? Try debugging the actor by selecting "Listen to Actor".  Also, for SDF check moml for tokenConsumptionRate on input.
  in .DESDFClockTest.Play Bell.Copy1:SDF Director and .DESDFClockTest.Play Bell.UpSample
	at ptolemy.actor.sched.StaticSchedulingDirector.fire(StaticSchedulingDirector.java:227)
	at ptolemy.domains.sdf.kernel.SDFDirector.fire(SDFDirector.java:500)
	at ptolemy.actor.CompositeActor.fire(CompositeActor.java:455)
	at ptolemy.domains.de.kernel.DEDirector._fire(DEDirector.java:1949)
	at ptolemy.domains.de.kernel.DEDirector.fire(DEDirector.java:502)
	at ptolemy.actor.CompositeActor.fire(CompositeActor.java:455)
	at ptolemy.actor.Manager.iterate(Manager.java:851)
	at ptolemy.actor.Manager.execute(Manager.java:369)
	at ptolemy.actor.Manager.run(Manager.java:1263)
	at ptolemy.actor.Manager$PtolemyRunThread.run(Manager.java:1915)
java.lang.reflect.InvocationTargetException
	at sun.reflect.NativeConstructorAccessorImpl.newInstance0(Native Method)
	at sun.reflect.NativeConstructorAccessorImpl.newInstance(NativeConstructorAccessorImpl.java:62)
	at sun.reflect.DelegatingConstructorAccessorImpl.newInstance(DelegatingConstructorAccessorImpl.java:45)
	at java.lang.reflect.Constructor.newInstance(Constructor.java:423)
	at ptolemy.util.test.junit.AutoKnownFailedTests.RunModel(AutoKnownFailedTests.java:107)
	at sun.reflect.NativeMethodAccessorImpl.invoke0(Native Method)
	at sun.reflect.NativeMethodAccessorImpl.invoke(NativeMethodAccessorImpl.java:62)
	at sun.reflect.DelegatingMethodAccessorImpl.invoke(DelegatingMethodAccessorImpl.java:43)
	at java.lang.reflect.Method.invoke(Method.java:498)
	at org.junit.runners.model.FrameworkMethod$1.runReflectiveCall(FrameworkMethod.java:44)
	at org.junit.internal.runners.model.ReflectiveCallable.run(ReflectiveCallable.java:15)
	at org.junit.runners.model.FrameworkMethod.invokeExplosively(FrameworkMethod.java:41)
	at junitparams.internal.InvokeParameterisedMethod.evaluate(InvokeParameterisedMethod.java:102)
	at org.junit.internal.runners.statements.FailOnTimeout$1.run(FailOnTimeout.java:28)
Caused by: ptolemy.kernel.util.IllegalActionException: Actor is not ready to fire.  Perhaps UpSample.prefire() returned false? Try debugging the actor by selecting "Listen to Actor".  Also, for SDF check moml for tokenConsumptionRate on input.
  in .DESDFClockTest.Play Bell.Copy1:SDF Director and .DESDFClockTest.Play Bell.UpSample
	at ptolemy.actor.sched.StaticSchedulingDirector.fire(StaticSchedulingDirector.java:227)
	at ptolemy.domains.sdf.kernel.SDFDirector.fire(SDFDirector.java:500)
	at ptolemy.actor.CompositeActor.fire(CompositeActor.java:455)
	at ptolemy.domains.de.kernel.DEDirector._fire(DEDirector.java:1949)
	at ptolemy.domains.de.kernel.DEDirector.fire(DEDirector.java:502)
	at ptolemy.actor.CompositeActor.fire(CompositeActor.java:455)
	at ptolemy.actor.Manager.iterate(Manager.java:851)
	at ptolemy.actor.Manager.execute(Manager.java:369)
	at ptolemy.actor.Manager.run(Manager.java:1263)
	at ptolemy.actor.Manager$PtolemyRunThread.run(Manager.java:1915)
java.lang.RuntimeException: Execution failed
	at ptolemy.moml.MoMLSimpleApplication$UnloadThread.run(MoMLSimpleApplication.java:402)
Caused by: ptolemy.kernel.util.IllegalActionException: Test fails in iteration 1.
Value was: 1.0. Should have been: 2.0
  in .DirectFeedback.Test
	at ptolemy.actor.lib.Test.fire(Test.java:268)
	at ptolemy.domains.de.kernel.DEDirector._fire(DEDirector.java:1949)
	at ptolemy.domains.de.kernel.DEDirector.fire(DEDirector.java:502)
	at ptolemy.actor.CompositeActor.fire(CompositeActor.java:455)
	at ptolemy.actor.Manager.iterate(Manager.java:851)
	at ptolemy.actor.Manager.execute(Manager.java:369)
	at ptolemy.actor.Manager.run(Manager.java:1263)
	at ptolemy.actor.Manager$PtolemyRunThread.run(Manager.java:1915)
java.lang.reflect.InvocationTargetException
	at sun.reflect.NativeConstructorAccessorImpl.newInstance0(Native Method)
	at sun.reflect.NativeConstructorAccessorImpl.newInstance(NativeConstructorAccessorImpl.java:62)
	at sun.reflect.DelegatingConstructorAccessorImpl.newInstance(DelegatingConstructorAccessorImpl.java:45)
	at java.lang.reflect.Constructor.newInstance(Constructor.java:423)
	at ptolemy.util.test.junit.AutoKnownFailedTests.RunModel(AutoKnownFailedTests.java:107)
	at sun.reflect.NativeMethodAccessorImpl.invoke0(Native Method)
	at sun.reflect.NativeMethodAccessorImpl.invoke(NativeMethodAccessorImpl.java:62)
	at sun.reflect.DelegatingMethodAccessorImpl.invoke(DelegatingMethodAccessorImpl.java:43)
	at java.lang.reflect.Method.invoke(Method.java:498)
	at org.junit.runners.model.FrameworkMethod$1.runReflectiveCall(FrameworkMethod.java:44)
	at org.junit.internal.runners.model.ReflectiveCallable.run(ReflectiveCallable.java:15)
	at org.junit.runners.model.FrameworkMethod.invokeExplosively(FrameworkMethod.java:41)
	at junitparams.internal.InvokeParameterisedMethod.evaluate(InvokeParameterisedMethod.java:102)
	at org.junit.internal.runners.statements.FailOnTimeout$1.run(FailOnTimeout.java:28)
Caused by: ptolemy.kernel.util.IllegalActionException: Test fails in iteration 1.
Value was: 1.0. Should have been: 2.0
  in .DirectFeedback.Test
	at ptolemy.actor.lib.Test.fire(Test.java:268)
	at ptolemy.domains.de.kernel.DEDirector._fire(DEDirector.java:1949)
	at ptolemy.domains.de.kernel.DEDirector.fire(DEDirector.java:502)
	at ptolemy.actor.CompositeActor.fire(CompositeActor.java:455)
	at ptolemy.actor.Manager.iterate(Manager.java:851)
	at ptolemy.actor.Manager.execute(Manager.java:369)
	at ptolemy.actor.Manager.run(Manager.java:1263)
	at ptolemy.actor.Manager$PtolemyRunThread.run(Manager.java:1915)
java.lang.RuntimeException: Execution failed
	at ptolemy.moml.MoMLSimpleApplication$UnloadThread.run(MoMLSimpleApplication.java:402)
Caused by: ptolemy.kernel.util.IllegalActionException: Found a zero delay loop containing .HierarchicalModel.A
  in .HierarchicalModel and .HierarchicalModel.A
	at ptolemy.actor.util.CausalityInterfaceForComposites._computeOutputPortDepth(CausalityInterfaceForComposites.java:759)
	at ptolemy.actor.util.CausalityInterfaceForComposites._computeInputDepth(CausalityInterfaceForComposites.java:696)
	at ptolemy.actor.util.CausalityInterfaceForComposites._computeOutputPortDepth(CausalityInterfaceForComposites.java:765)
	at ptolemy.actor.util.CausalityInterfaceForComposites._computeInputDepth(CausalityInterfaceForComposites.java:696)
	at ptolemy.actor.util.CausalityInterfaceForComposites._computeOutputPortDepth(CausalityInterfaceForComposites.java:765)
	at ptolemy.actor.util.CausalityInterfaceForComposites._computeInputDepth(CausalityInterfaceForComposites.java:696)
	at ptolemy.actor.util.CausalityInterfaceForComposites._computeActorDepth(CausalityInterfaceForComposites.java:532)
	at ptolemy.actor.util.CausalityInterfaceForComposites.checkForCycles(CausalityInterfaceForComposites.java:96)
	at ptolemy.domains.de.kernel.DEDirector.preinitialize(DEDirector.java:1338)
	at ptolemy.actor.CompositeActor.preinitialize(CompositeActor.java:1828)
	at ptolemy.actor.Manager.preinitializeAndResolveTypes(Manager.java:1040)
	at ptolemy.actor.Manager.initialize(Manager.java:710)
	at ptolemy.actor.Manager.execute(Manager.java:356)
	at ptolemy.actor.Manager.run(Manager.java:1263)
	at ptolemy.actor.Manager$PtolemyRunThread.run(Manager.java:1915)
java.lang.reflect.InvocationTargetException
	at sun.reflect.NativeConstructorAccessorImpl.newInstance0(Native Method)
	at sun.reflect.NativeConstructorAccessorImpl.newInstance(NativeConstructorAccessorImpl.java:62)
	at sun.reflect.DelegatingConstructorAccessorImpl.newInstance(DelegatingConstructorAccessorImpl.java:45)
	at java.lang.reflect.Constructor.newInstance(Constructor.java:423)
	at ptolemy.util.test.junit.AutoKnownFailedTests.RunModel(AutoKnownFailedTests.java:107)
	at sun.reflect.NativeMethodAccessorImpl.invoke0(Native Method)
	at sun.reflect.NativeMethodAccessorImpl.invoke(NativeMethodAccessorImpl.java:62)
	at sun.reflect.DelegatingMethodAccessorImpl.invoke(DelegatingMethodAccessorImpl.java:43)
	at java.lang.reflect.Method.invoke(Method.java:498)
	at org.junit.runners.model.FrameworkMethod$1.runReflectiveCall(FrameworkMethod.java:44)
	at org.junit.internal.runners.model.ReflectiveCallable.run(ReflectiveCallable.java:15)
	at org.junit.runners.model.FrameworkMethod.invokeExplosively(FrameworkMethod.java:41)
	at junitparams.internal.InvokeParameterisedMethod.evaluate(InvokeParameterisedMethod.java:102)
	at org.junit.internal.runners.statements.FailOnTimeout$1.run(FailOnTimeout.java:28)
Caused by: ptolemy.kernel.util.IllegalActionException: Found a zero delay loop containing .HierarchicalModel.A
  in .HierarchicalModel and .HierarchicalModel.A
	at ptolemy.actor.util.CausalityInterfaceForComposites._computeOutputPortDepth(CausalityInterfaceForComposites.java:759)
	at ptolemy.actor.util.CausalityInterfaceForComposites._computeInputDepth(CausalityInterfaceForComposites.java:696)
	at ptolemy.actor.util.CausalityInterfaceForComposites._computeOutputPortDepth(CausalityInterfaceForComposites.java:765)
	at ptolemy.actor.util.CausalityInterfaceForComposites._computeInputDepth(CausalityInterfaceForComposites.java:696)
	at ptolemy.actor.util.CausalityInterfaceForComposites._computeOutputPortDepth(CausalityInterfaceForComposites.java:765)
	at ptolemy.actor.util.CausalityInterfaceForComposites._computeInputDepth(CausalityInterfaceForComposites.java:696)
	at ptolemy.actor.util.CausalityInterfaceForComposites._computeActorDepth(CausalityInterfaceForComposites.java:532)
	at ptolemy.actor.util.CausalityInterfaceForComposites.checkForCycles(CausalityInterfaceForComposites.java:96)
	at ptolemy.domains.de.kernel.DEDirector.preinitialize(DEDirector.java:1338)
	at ptolemy.actor.CompositeActor.preinitialize(CompositeActor.java:1828)
	at ptolemy.actor.Manager.preinitializeAndResolveTypes(Manager.java:1040)
	at ptolemy.actor.Manager.initialize(Manager.java:710)
	at ptolemy.actor.Manager.execute(Manager.java:356)
	at ptolemy.actor.Manager.run(Manager.java:1263)
	at ptolemy.actor.Manager$PtolemyRunThread.run(Manager.java:1915)
java.lang.RuntimeException: Execution failed
	at ptolemy.moml.MoMLSimpleApplication$UnloadThread.run(MoMLSimpleApplication.java:402)
Caused by: ptolemy.kernel.util.IllegalActionException: Found a zero delay loop containing .dependencyLoop.original
  in .dependencyLoop and .dependencyLoop.original
	at ptolemy.actor.util.CausalityInterfaceForComposites._computeOutputPortDepth(CausalityInterfaceForComposites.java:759)
	at ptolemy.actor.util.CausalityInterfaceForComposites._computeInputDepth(CausalityInterfaceForComposites.java:696)
	at ptolemy.actor.util.CausalityInterfaceForComposites._computeOutputPortDepth(CausalityInterfaceForComposites.java:765)
	at ptolemy.actor.util.CausalityInterfaceForComposites._computeInputDepth(CausalityInterfaceForComposites.java:696)
	at ptolemy.actor.util.CausalityInterfaceForComposites._computeOutputPortDepth(CausalityInterfaceForComposites.java:765)
	at ptolemy.actor.util.CausalityInterfaceForComposites._computeInputDepth(CausalityInterfaceForComposites.java:696)
	at ptolemy.actor.util.CausalityInterfaceForComposites._computeActorDepth(CausalityInterfaceForComposites.java:532)
	at ptolemy.actor.util.CausalityInterfaceForComposites.checkForCycles(CausalityInterfaceForComposites.java:96)
	at ptolemy.domains.de.kernel.DEDirector.preinitialize(DEDirector.java:1338)
	at ptolemy.actor.CompositeActor.preinitialize(CompositeActor.java:1828)
	at ptolemy.actor.Manager.preinitializeAndResolveTypes(Manager.java:1040)
	at ptolemy.actor.Manager.initialize(Manager.java:710)
	at ptolemy.actor.Manager.execute(Manager.java:356)
	at ptolemy.actor.Manager.run(Manager.java:1263)
	at ptolemy.actor.Manager$PtolemyRunThread.run(Manager.java:1915)
java.lang.reflect.InvocationTargetException
	at sun.reflect.NativeConstructorAccessorImpl.newInstance0(Native Method)
	at sun.reflect.NativeConstructorAccessorImpl.newInstance(NativeConstructorAccessorImpl.java:62)
	at sun.reflect.DelegatingConstructorAccessorImpl.newInstance(DelegatingConstructorAccessorImpl.java:45)
	at java.lang.reflect.Constructor.newInstance(Constructor.java:423)
	at ptolemy.util.test.junit.AutoKnownFailedTests.RunModel(AutoKnownFailedTests.java:107)
	at sun.reflect.NativeMethodAccessorImpl.invoke0(Native Method)
	at sun.reflect.NativeMethodAccessorImpl.invoke(NativeMethodAccessorImpl.java:62)
	at sun.reflect.DelegatingMethodAccessorImpl.invoke(DelegatingMethodAccessorImpl.java:43)
	at java.lang.reflect.Method.invoke(Method.java:498)
	at org.junit.runners.model.FrameworkMethod$1.runReflectiveCall(FrameworkMethod.java:44)
	at org.junit.internal.runners.model.ReflectiveCallable.run(ReflectiveCallable.java:15)
	at org.junit.runners.model.FrameworkMethod.invokeExplosively(FrameworkMethod.java:41)
	at junitparams.internal.InvokeParameterisedMethod.evaluate(InvokeParameterisedMethod.java:102)
	at org.junit.internal.runners.statements.FailOnTimeout$1.run(FailOnTimeout.java:28)
Caused by: ptolemy.kernel.util.IllegalActionException: Found a zero delay loop containing .dependencyLoop.original
  in .dependencyLoop and .dependencyLoop.original
	at ptolemy.actor.util.CausalityInterfaceForComposites._computeOutputPortDepth(CausalityInterfaceForComposites.java:759)
	at ptolemy.actor.util.CausalityInterfaceForComposites._computeInputDepth(CausalityInterfaceForComposites.java:696)
	at ptolemy.actor.util.CausalityInterfaceForComposites._computeOutputPortDepth(CausalityInterfaceForComposites.java:765)
	at ptolemy.actor.util.CausalityInterfaceForComposites._computeInputDepth(CausalityInterfaceForComposites.java:696)
	at ptolemy.actor.util.CausalityInterfaceForComposites._computeOutputPortDepth(CausalityInterfaceForComposites.java:765)
	at ptolemy.actor.util.CausalityInterfaceForComposites._computeInputDepth(CausalityInterfaceForComposites.java:696)
	at ptolemy.actor.util.CausalityInterfaceForComposites._computeActorDepth(CausalityInterfaceForComposites.java:532)
	at ptolemy.actor.util.CausalityInterfaceForComposites.checkForCycles(CausalityInterfaceForComposites.java:96)
	at ptolemy.domains.de.kernel.DEDirector.preinitialize(DEDirector.java:1338)
	at ptolemy.actor.CompositeActor.preinitialize(CompositeActor.java:1828)
	at ptolemy.actor.Manager.preinitializeAndResolveTypes(Manager.java:1040)
	at ptolemy.actor.Manager.initialize(Manager.java:710)
	at ptolemy.actor.Manager.execute(Manager.java:356)
	at ptolemy.actor.Manager.run(Manager.java:1263)
	at ptolemy.actor.Manager$PtolemyRunThread.run(Manager.java:1915)
java.lang.RuntimeException: Execution failed
	at ptolemy.moml.MoMLSimpleApplication$UnloadThread.run(MoMLSimpleApplication.java:402)
Caused by: ptolemy.kernel.util.IllegalActionException: Found a zero delay loop containing .dependencyLoop2.original
  in .dependencyLoop2 and .dependencyLoop2.original
	at ptolemy.actor.util.CausalityInterfaceForComposites._computeOutputPortDepth(CausalityInterfaceForComposites.java:759)
	at ptolemy.actor.util.CausalityInterfaceForComposites._computeInputDepth(CausalityInterfaceForComposites.java:696)
	at ptolemy.actor.util.CausalityInterfaceForComposites._computeOutputPortDepth(CausalityInterfaceForComposites.java:765)
	at ptolemy.actor.util.CausalityInterfaceForComposites._computeInputDepth(CausalityInterfaceForComposites.java:696)
	at ptolemy.actor.util.CausalityInterfaceForComposites._computeOutputPortDepth(CausalityInterfaceForComposites.java:765)
	at ptolemy.actor.util.CausalityInterfaceForComposites._computeInputDepth(CausalityInterfaceForComposites.java:696)
	at ptolemy.actor.util.CausalityInterfaceForComposites._computeActorDepth(CausalityInterfaceForComposites.java:532)
	at ptolemy.actor.util.CausalityInterfaceForComposites.checkForCycles(CausalityInterfaceForComposites.java:96)
	at ptolemy.domains.de.kernel.DEDirector.preinitialize(DEDirector.java:1338)
	at ptolemy.actor.CompositeActor.preinitialize(CompositeActor.java:1828)
	at ptolemy.actor.Manager.preinitializeAndResolveTypes(Manager.java:1040)
	at ptolemy.actor.Manager.initialize(Manager.java:710)
	at ptolemy.actor.Manager.execute(Manager.java:356)
	at ptolemy.actor.Manager.run(Manager.java:1263)
	at ptolemy.actor.Manager$PtolemyRunThread.run(Manager.java:1915)
java.lang.reflect.InvocationTargetException
	at sun.reflect.NativeConstructorAccessorImpl.newInstance0(Native Method)
	at sun.reflect.NativeConstructorAccessorImpl.newInstance(NativeConstructorAccessorImpl.java:62)
	at sun.reflect.DelegatingConstructorAccessorImpl.newInstance(DelegatingConstructorAccessorImpl.java:45)
	at java.lang.reflect.Constructor.newInstance(Constructor.java:423)
	at ptolemy.util.test.junit.AutoKnownFailedTests.RunModel(AutoKnownFailedTests.java:107)
	at sun.reflect.NativeMethodAccessorImpl.invoke0(Native Method)
	at sun.reflect.NativeMethodAccessorImpl.invoke(NativeMethodAccessorImpl.java:62)
	at sun.reflect.DelegatingMethodAccessorImpl.invoke(DelegatingMethodAccessorImpl.java:43)
	at java.lang.reflect.Method.invoke(Method.java:498)
	at org.junit.runners.model.FrameworkMethod$1.runReflectiveCall(FrameworkMethod.java:44)
	at org.junit.internal.runners.model.ReflectiveCallable.run(ReflectiveCallable.java:15)
	at org.junit.runners.model.FrameworkMethod.invokeExplosively(FrameworkMethod.java:41)
	at junitparams.internal.InvokeParameterisedMethod.evaluate(InvokeParameterisedMethod.java:102)
	at org.junit.internal.runners.statements.FailOnTimeout$1.run(FailOnTimeout.java:28)
Caused by: ptolemy.kernel.util.IllegalActionException: Found a zero delay loop containing .dependencyLoop2.original
  in .dependencyLoop2 and .dependencyLoop2.original
	at ptolemy.actor.util.CausalityInterfaceForComposites._computeOutputPortDepth(CausalityInterfaceForComposites.java:759)
	at ptolemy.actor.util.CausalityInterfaceForComposites._computeInputDepth(CausalityInterfaceForComposites.java:696)
	at ptolemy.actor.util.CausalityInterfaceForComposites._computeOutputPortDepth(CausalityInterfaceForComposites.java:765)
	at ptolemy.actor.util.CausalityInterfaceForComposites._computeInputDepth(CausalityInterfaceForComposites.java:696)
	at ptolemy.actor.util.CausalityInterfaceForComposites._computeOutputPortDepth(CausalityInterfaceForComposites.java:765)
	at ptolemy.actor.util.CausalityInterfaceForComposites._computeInputDepth(CausalityInterfaceForComposites.java:696)
	at ptolemy.actor.util.CausalityInterfaceForComposites._computeActorDepth(CausalityInterfaceForComposites.java:532)
	at ptolemy.actor.util.CausalityInterfaceForComposites.checkForCycles(CausalityInterfaceForComposites.java:96)
	at ptolemy.domains.de.kernel.DEDirector.preinitialize(DEDirector.java:1338)
	at ptolemy.actor.CompositeActor.preinitialize(CompositeActor.java:1828)
	at ptolemy.actor.Manager.preinitializeAndResolveTypes(Manager.java:1040)
	at ptolemy.actor.Manager.initialize(Manager.java:710)
	at ptolemy.actor.Manager.execute(Manager.java:356)
	at ptolemy.actor.Manager.run(Manager.java:1263)
	at ptolemy.actor.Manager$PtolemyRunThread.run(Manager.java:1915)
]]></system-err>
</testsuite>
