<?xml version="1.0" encoding="UTF-8" ?>
<testsuite errors="0" failures="0" hostname="travis-job-b8df9269-3cfa-4d06-a7e6-bbafa4eecb1b" name="ptolemy.actor.lib.hoc.test.junit.JUnitTclTest" skipped="0" tests="58" time="24.439" timestamp="2018-09-06T02:02:06">
  <properties>
[...]
</properties>
  <testcase classname="ptolemy.util.test.junit.TclTests" name="[0] /home/travis/build/icyphy/ptII/ptolemy/actor/lib/hoc/test/IterateOverArray.tcl (RunTclFile)" time="0.274" />
  <testcase classname="ptolemy.util.test.junit.AutoKnownFailedTests" name="[0] /home/travis/build/icyphy/ptII/ptolemy/actor/lib/hoc/test/auto/knownFailedTests/PreinitializeMustBeInvokedRunComposite.xml (RunModel)" time="0.214" />
  <testcase classname="ptolemy.util.test.junit.AutoNameArchTests" name="[0] ThereAreNoAutoArchTests (RunModel)" time="0.001" />
  <testcase classname="ptolemy.util.test.junit.AutoTests" name="[0] /home/travis/build/icyphy/ptII/ptolemy/actor/lib/hoc/test/auto/AllToAllMultiInstanceComposite.xml (RunModel)" time="0.265" />
  <testcase classname="ptolemy.util.test.junit.AutoTests" name="[1] /home/travis/build/icyphy/ptII/ptolemy/actor/lib/hoc/test/auto/ApplyFFTTest.xml (RunModel)" time="0.228" />
  <testcase classname="ptolemy.util.test.junit.AutoTests" name="[2] /home/travis/build/icyphy/ptII/ptolemy/actor/lib/hoc/test/auto/ApplyFunction.xml (RunModel)" time="0.042" />
  <testcase classname="ptolemy.util.test.junit.AutoTests" name="[3] /home/travis/build/icyphy/ptII/ptolemy/actor/lib/hoc/test/auto/BackgroundExecution.xml (RunModel)" time="0.74" />
  <testcase classname="ptolemy.util.test.junit.AutoTests" name="[4] /home/travis/build/icyphy/ptII/ptolemy/actor/lib/hoc/test/auto/Case.xml (RunModel)" time="0.047" />
  <testcase classname="ptolemy.util.test.junit.AutoTests" name="[5] /home/travis/build/icyphy/ptII/ptolemy/actor/lib/hoc/test/auto/Case1.xml (RunModel)" time="0.079" />
  <testcase classname="ptolemy.util.test.junit.AutoTests" name="[6] /home/travis/build/icyphy/ptII/ptolemy/actor/lib/hoc/test/auto/Case2.xml (RunModel)" time="0.058" />
  <testcase classname="ptolemy.util.test.junit.AutoTests" name="[7] /home/travis/build/icyphy/ptII/ptolemy/actor/lib/hoc/test/auto/Case3.xml (RunModel)" time="0.06" />
  <testcase classname="ptolemy.util.test.junit.AutoTests" name="[8] /home/travis/build/icyphy/ptII/ptolemy/actor/lib/hoc/test/auto/Case4.xml (RunModel)" time="0.044" />
  <testcase classname="ptolemy.util.test.junit.AutoTests" name="[9] /home/travis/build/icyphy/ptII/ptolemy/actor/lib/hoc/test/auto/Case5.xml (RunModel)" time="0.108" />
  <testcase classname="ptolemy.util.test.junit.AutoTests" name="[10] /home/travis/build/icyphy/ptII/ptolemy/actor/lib/hoc/test/auto/Case6.xml (RunModel)" time="0.137" />
  <testcase classname="ptolemy.util.test.junit.AutoTests" name="[11] /home/travis/build/icyphy/ptII/ptolemy/actor/lib/hoc/test/auto/CaseString2.xml (RunModel)" time="0.052" />
  <testcase classname="ptolemy.util.test.junit.AutoTests" name="[12] /home/travis/build/icyphy/ptII/ptolemy/actor/lib/hoc/test/auto/CatchUpComposite1.xml (RunModel)" time="0.079" />
  <testcase classname="ptolemy.util.test.junit.AutoTests" name="[13] /home/travis/build/icyphy/ptII/ptolemy/actor/lib/hoc/test/auto/CatchUpComposite2.xml (RunModel)" time="0.068" />
  <testcase classname="ptolemy.util.test.junit.AutoTests" name="[14] /home/travis/build/icyphy/ptII/ptolemy/actor/lib/hoc/test/auto/CatchUpComposite3.xml (RunModel)" time="0.058" />
  <testcase classname="ptolemy.util.test.junit.AutoTests" name="[15] /home/travis/build/icyphy/ptII/ptolemy/actor/lib/hoc/test/auto/CatchUpComposite4.xml (RunModel)" time="0.056" />
  <testcase classname="ptolemy.util.test.junit.AutoTests" name="[16] /home/travis/build/icyphy/ptII/ptolemy/actor/lib/hoc/test/auto/CatchUpComposite5.xml (RunModel)" time="0.039" />
  <testcase classname="ptolemy.util.test.junit.AutoTests" name="[17] /home/travis/build/icyphy/ptII/ptolemy/actor/lib/hoc/test/auto/CatchUpComposite6.xml (RunModel)" time="0.152" />
  <testcase classname="ptolemy.util.test.junit.AutoTests" name="[18] /home/travis/build/icyphy/ptII/ptolemy/actor/lib/hoc/test/auto/CatchUpComposite7.xml (RunModel)" time="0.106" />
  <testcase classname="ptolemy.util.test.junit.AutoTests" name="[19] /home/travis/build/icyphy/ptII/ptolemy/actor/lib/hoc/test/auto/ConcurrentExecutionTimeSDF.xml (RunModel)" time="2.052" />
  <testcase classname="ptolemy.util.test.junit.AutoTests" name="[20] /home/travis/build/icyphy/ptII/ptolemy/actor/lib/hoc/test/auto/ConcurrentSleep.xml (RunModel)" time="0.778" />
  <testcase classname="ptolemy.util.test.junit.AutoTests" name="[21] /home/travis/build/icyphy/ptII/ptolemy/actor/lib/hoc/test/auto/DEInPNInRunCompositeActor.xml (RunModel)" time="0.033" />
  <testcase classname="ptolemy.util.test.junit.AutoTests" name="[22] /home/travis/build/icyphy/ptII/ptolemy/actor/lib/hoc/test/auto/DFTSubSetTest.xml (RunModel)" time="0.26" />
  <testcase classname="ptolemy.util.test.junit.AutoTests" name="[23] /home/travis/build/icyphy/ptII/ptolemy/actor/lib/hoc/test/auto/HocDE.xml (RunModel)" time="0.175" />
  <testcase classname="ptolemy.util.test.junit.AutoTests" name="[24] /home/travis/build/icyphy/ptII/ptolemy/actor/lib/hoc/test/auto/IterateOverArray.xml (RunModel)" time="0.027" />
  <testcase classname="ptolemy.util.test.junit.AutoTests" name="[25] /home/travis/build/icyphy/ptII/ptolemy/actor/lib/hoc/test/auto/IterateOverArray10.xml (RunModel)" time="0.029" />
  <testcase classname="ptolemy.util.test.junit.AutoTests" name="[26] /home/travis/build/icyphy/ptII/ptolemy/actor/lib/hoc/test/auto/IterateOverArray11.xml (RunModel)" time="0.016" />
  <testcase classname="ptolemy.util.test.junit.AutoTests" name="[27] /home/travis/build/icyphy/ptII/ptolemy/actor/lib/hoc/test/auto/IterateOverArray12.xml (RunModel)" time="0.043" />
  <testcase classname="ptolemy.util.test.junit.AutoTests" name="[28] /home/travis/build/icyphy/ptII/ptolemy/actor/lib/hoc/test/auto/IterateOverArray13.xml (RunModel)" time="0.154" />
  <testcase classname="ptolemy.util.test.junit.AutoTests" name="[29] /home/travis/build/icyphy/ptII/ptolemy/actor/lib/hoc/test/auto/IterateOverArray14.xml (RunModel)" time="0.139" />
  <testcase classname="ptolemy.util.test.junit.AutoTests" name="[30] /home/travis/build/icyphy/ptII/ptolemy/actor/lib/hoc/test/auto/IterateOverArray2.xml (RunModel)" time="0.029" />
  <testcase classname="ptolemy.util.test.junit.AutoTests" name="[31] /home/travis/build/icyphy/ptII/ptolemy/actor/lib/hoc/test/auto/IterateOverArray3.xml (RunModel)" time="0.023" />
  <testcase classname="ptolemy.util.test.junit.AutoTests" name="[32] /home/travis/build/icyphy/ptII/ptolemy/actor/lib/hoc/test/auto/IterateOverArray4.xml (RunModel)" time="0.014" />
  <testcase classname="ptolemy.util.test.junit.AutoTests" name="[33] /home/travis/build/icyphy/ptII/ptolemy/actor/lib/hoc/test/auto/IterateOverArray5.xml (RunModel)" time="0.013" />
  <testcase classname="ptolemy.util.test.junit.AutoTests" name="[34] /home/travis/build/icyphy/ptII/ptolemy/actor/lib/hoc/test/auto/IterateOverArray6.xml (RunModel)" time="0.019" />
  <testcase classname="ptolemy.util.test.junit.AutoTests" name="[35] /home/travis/build/icyphy/ptII/ptolemy/actor/lib/hoc/test/auto/IterateOverArray7.xml (RunModel)" time="0.017" />
  <testcase classname="ptolemy.util.test.junit.AutoTests" name="[36] /home/travis/build/icyphy/ptII/ptolemy/actor/lib/hoc/test/auto/IterateOverArray8.xml (RunModel)" time="0.023" />
  <testcase classname="ptolemy.util.test.junit.AutoTests" name="[37] /home/travis/build/icyphy/ptII/ptolemy/actor/lib/hoc/test/auto/IterateOverArray9.xml (RunModel)" time="0.026" />
  <testcase classname="ptolemy.util.test.junit.AutoTests" name="[38] /home/travis/build/icyphy/ptII/ptolemy/actor/lib/hoc/test/auto/IterateOverArrayCoercedOutputType.xml (RunModel)" time="0.036" />
  <testcase classname="ptolemy.util.test.junit.AutoTests" name="[39] /home/travis/build/icyphy/ptII/ptolemy/actor/lib/hoc/test/auto/IterateOverArrayInferredOutputType.xml (RunModel)" time="0.042" />
  <testcase classname="ptolemy.util.test.junit.AutoTests" name="[40] /home/travis/build/icyphy/ptII/ptolemy/actor/lib/hoc/test/auto/MobileFunctionTest.xml (RunModel)" time="0.017" />
  <testcase classname="ptolemy.util.test.junit.AutoTests" name="[41] /home/travis/build/icyphy/ptII/ptolemy/actor/lib/hoc/test/auto/MobileModelTest.xml (RunModel)" time="0.103" />
  <testcase classname="ptolemy.util.test.junit.AutoTests" name="[42] /home/travis/build/icyphy/ptII/ptolemy/actor/lib/hoc/test/auto/ModelReference.xml (RunModel)" time="0.067" />
  <testcase classname="ptolemy.util.test.junit.AutoTests" name="[43] /home/travis/build/icyphy/ptII/ptolemy/actor/lib/hoc/test/auto/ModelReference3.xml (RunModel)" time="0.052" />
  <testcase classname="ptolemy.util.test.junit.AutoTests" name="[44] /home/travis/build/icyphy/ptII/ptolemy/actor/lib/hoc/test/auto/ModelReference4.xml (RunModel)" time="10.042" />
  <testcase classname="ptolemy.util.test.junit.AutoTests" name="[45] /home/travis/build/icyphy/ptII/ptolemy/actor/lib/hoc/test/auto/MultiInstanceComposite.xml (RunModel)" time="0.041" />
  <testcase classname="ptolemy.util.test.junit.AutoTests" name="[46] /home/travis/build/icyphy/ptII/ptolemy/actor/lib/hoc/test/auto/MultiInstanceComposite2.xml (RunModel)" time="0.036" />
  <testcase classname="ptolemy.util.test.junit.AutoTests" name="[47] /home/travis/build/icyphy/ptII/ptolemy/actor/lib/hoc/test/auto/MulticoreExecution.xml (RunModel)" time="1.08" />
  <testcase classname="ptolemy.util.test.junit.AutoTests" name="[48] /home/travis/build/icyphy/ptII/ptolemy/actor/lib/hoc/test/auto/ParallelExecution.xml (RunModel)" time="0.953" />
  <testcase classname="ptolemy.util.test.junit.AutoTests" name="[49] /home/travis/build/icyphy/ptII/ptolemy/actor/lib/hoc/test/auto/RunCompositeActor.xml (RunModel)" time="0.023" />
  <testcase classname="ptolemy.util.test.junit.AutoTests" name="[50] /home/travis/build/icyphy/ptII/ptolemy/actor/lib/hoc/test/auto/RunCompositeActor2.xml (RunModel)" time="0.03" />
  <testcase classname="ptolemy.util.test.junit.AutoTests" name="[51] /home/travis/build/icyphy/ptII/ptolemy/actor/lib/hoc/test/auto/RunCompositeActor3.xml (RunModel)" time="0.039" />
  <testcase classname="ptolemy.util.test.junit.AutoTests" name="[52] /home/travis/build/icyphy/ptII/ptolemy/actor/lib/hoc/test/auto/RunCompositeActor4.xml (RunModel)" time="0.03" />
  <testcase classname="ptolemy.util.test.junit.AutoTests" name="[53] /home/travis/build/icyphy/ptII/ptolemy/actor/lib/hoc/test/auto/RunCompositeIterateOverArray.xml (RunModel)" time="0.046" />
  <testcase classname="ptolemy.util.test.junit.AutoTests" name="[54] /home/travis/build/icyphy/ptII/ptolemy/actor/lib/hoc/test/auto/ThreadedJS.xml (RunModel)" time="4.537" />
  <system-out><![CDATA[/home/travis/build/icyphy/ptII/ptolemy/actor/lib/hoc/test/IterateOverArray.tcl
testDefs.tcl: setting time out to 9000 seconds at Thu Sep 06 02:02:06 UTC 2018
09/06/18 02:02:06
Failed: 0  Total Tests: 2  ((Passed: 2, Newly Passed: 0)  Known Failed: 0) /home/travis/build/icyphy/ptII/ptolemy/actor/lib/hoc/test
----------------- testing (KnownFailure) /home/travis/build/icyphy/ptII/ptolemy/actor/lib/hoc/test/auto/knownFailedTests/PreinitializeMustBeInvokedRunComposite.xml
34 ms. Memory: 116224K Free: 103548K (89%)
Known Failure: java.lang.reflect.InvocationTargetException
No auto/linux-amd64/*.xml tests in /home/travis/build/icyphy/ptII/ptolemy/actor/lib/hoc/test
AutoTests.java: About to close Vertx.
AutoTests.java: Vertx closed.

===========================================================================================
----------------- testing Thu Sep 06 02:02:06 UTC 2018 /home/travis/build/icyphy/ptII/ptolemy/actor/lib/hoc/test/auto/AllToAllMultiInstanceComposite.xml
----------------- Instantiating /home/travis/build/icyphy/ptII/ptolemy/actor/lib/hoc/test/auto/AllToAllMultiInstanceComposite.xml
129 ms. Memory: 146944K Free: 108191K (74%)
----------------- Invoking toplevel() on ptolemy.moml.MoMLSimpleApplication@6c12e44c
----------------- Done invoking toplevel() on ptolemy.moml.MoMLSimpleApplication@6c12e44c
reloadAllAccessors: .AllToAllMultiInstanceComposite

===========================================================================================
----------------- testing Thu Sep 06 02:02:07 UTC 2018 /home/travis/build/icyphy/ptII/ptolemy/actor/lib/hoc/test/auto/ApplyFFTTest.xml
----------------- Instantiating /home/travis/build/icyphy/ptII/ptolemy/actor/lib/hoc/test/auto/ApplyFFTTest.xml
104 ms. Memory: 146944K Free: 88348K (60%)
----------------- Invoking toplevel() on ptolemy.moml.MoMLSimpleApplication@3e77cd3a
----------------- Done invoking toplevel() on ptolemy.moml.MoMLSimpleApplication@3e77cd3a
reloadAllAccessors: .ApplyFFTTest

===========================================================================================
----------------- testing Thu Sep 06 02:02:07 UTC 2018 /home/travis/build/icyphy/ptII/ptolemy/actor/lib/hoc/test/auto/ApplyFunction.xml
----------------- Instantiating /home/travis/build/icyphy/ptII/ptolemy/actor/lib/hoc/test/auto/ApplyFunction.xml
5 ms. Memory: 146944K Free: 84606K (58%)
----------------- Invoking toplevel() on ptolemy.moml.MoMLSimpleApplication@54cae684
----------------- Done invoking toplevel() on ptolemy.moml.MoMLSimpleApplication@54cae684
reloadAllAccessors: .ApplyFunction

===========================================================================================
----------------- testing Thu Sep 06 02:02:07 UTC 2018 /home/travis/build/icyphy/ptII/ptolemy/actor/lib/hoc/test/auto/BackgroundExecution.xml
----------------- Instantiating /home/travis/build/icyphy/ptII/ptolemy/actor/lib/hoc/test/auto/BackgroundExecution.xml
637 ms. Memory: 146944K Free: 137271K (93%)
----------------- Invoking toplevel() on ptolemy.moml.MoMLSimpleApplication@51210887
----------------- Done invoking toplevel() on ptolemy.moml.MoMLSimpleApplication@51210887
reloadAllAccessors: .BackgroundExecution

===========================================================================================
----------------- testing Thu Sep 06 02:02:08 UTC 2018 /home/travis/build/icyphy/ptII/ptolemy/actor/lib/hoc/test/auto/Case.xml
----------------- Instantiating /home/travis/build/icyphy/ptII/ptolemy/actor/lib/hoc/test/auto/Case.xml
15 ms. Memory: 146944K Free: 128890K (88%)
----------------- Invoking toplevel() on ptolemy.moml.MoMLSimpleApplication@17c6bab6
----------------- Done invoking toplevel() on ptolemy.moml.MoMLSimpleApplication@17c6bab6
reloadAllAccessors: .Case

===========================================================================================
----------------- testing Thu Sep 06 02:02:08 UTC 2018 /home/travis/build/icyphy/ptII/ptolemy/actor/lib/hoc/test/auto/Case1.xml
----------------- Instantiating /home/travis/build/icyphy/ptII/ptolemy/actor/lib/hoc/test/auto/Case1.xml
21 ms. Memory: 146944K Free: 121718K (83%)
----------------- Invoking toplevel() on ptolemy.moml.MoMLSimpleApplication@1c6dd740
----------------- Done invoking toplevel() on ptolemy.moml.MoMLSimpleApplication@1c6dd740
reloadAllAccessors: .Case1

===========================================================================================
----------------- testing Thu Sep 06 02:02:08 UTC 2018 /home/travis/build/icyphy/ptII/ptolemy/actor/lib/hoc/test/auto/Case2.xml
----------------- Instantiating /home/travis/build/icyphy/ptII/ptolemy/actor/lib/hoc/test/auto/Case2.xml
26 ms. Memory: 146944K Free: 110147K (75%)
----------------- Invoking toplevel() on ptolemy.moml.MoMLSimpleApplication@3543fd29
----------------- Done invoking toplevel() on ptolemy.moml.MoMLSimpleApplication@3543fd29
reloadAllAccessors: .Case2

===========================================================================================
----------------- testing Thu Sep 06 02:02:08 UTC 2018 /home/travis/build/icyphy/ptII/ptolemy/actor/lib/hoc/test/auto/Case3.xml
----------------- Instantiating /home/travis/build/icyphy/ptII/ptolemy/actor/lib/hoc/test/auto/Case3.xml
12 ms. Memory: 146944K Free: 103441K (70%)
----------------- Invoking toplevel() on ptolemy.moml.MoMLSimpleApplication@39b84868
----------------- Done invoking toplevel() on ptolemy.moml.MoMLSimpleApplication@39b84868
reloadAllAccessors: .Case3

===========================================================================================
----------------- testing Thu Sep 06 02:02:08 UTC 2018 /home/travis/build/icyphy/ptII/ptolemy/actor/lib/hoc/test/auto/Case4.xml
----------------- Instantiating /home/travis/build/icyphy/ptII/ptolemy/actor/lib/hoc/test/auto/Case4.xml
13 ms. Memory: 146944K Free: 94512K (64%)
----------------- Invoking toplevel() on ptolemy.moml.MoMLSimpleApplication@1237a383
----------------- Done invoking toplevel() on ptolemy.moml.MoMLSimpleApplication@1237a383
reloadAllAccessors: .Case4

===========================================================================================
----------------- testing Thu Sep 06 02:02:08 UTC 2018 /home/travis/build/icyphy/ptII/ptolemy/actor/lib/hoc/test/auto/Case5.xml
----------------- Instantiating /home/travis/build/icyphy/ptII/ptolemy/actor/lib/hoc/test/auto/Case5.xml
71 ms. Memory: 146944K Free: 87726K (60%)
----------------- Invoking toplevel() on ptolemy.moml.MoMLSimpleApplication@76e497ad
----------------- Done invoking toplevel() on ptolemy.moml.MoMLSimpleApplication@76e497ad
reloadAllAccessors: .junk

===========================================================================================
----------------- testing Thu Sep 06 02:02:08 UTC 2018 /home/travis/build/icyphy/ptII/ptolemy/actor/lib/hoc/test/auto/Case6.xml
----------------- Instantiating /home/travis/build/icyphy/ptII/ptolemy/actor/lib/hoc/test/auto/Case6.xml
53 ms. Memory: 208384K Free: 197030K (95%)
----------------- Invoking toplevel() on ptolemy.moml.MoMLSimpleApplication@2e20a116
----------------- Done invoking toplevel() on ptolemy.moml.MoMLSimpleApplication@2e20a116
reloadAllAccessors: .Case6

===========================================================================================
----------------- testing Thu Sep 06 02:02:08 UTC 2018 /home/travis/build/icyphy/ptII/ptolemy/actor/lib/hoc/test/auto/CaseString2.xml
----------------- Instantiating /home/travis/build/icyphy/ptII/ptolemy/actor/lib/hoc/test/auto/CaseString2.xml
16 ms. Memory: 208384K Free: 187470K (90%)
----------------- Invoking toplevel() on ptolemy.moml.MoMLSimpleApplication@6f2a8b14
----------------- Done invoking toplevel() on ptolemy.moml.MoMLSimpleApplication@6f2a8b14
reloadAllAccessors: .CaseString2

===========================================================================================
----------------- testing Thu Sep 06 02:02:08 UTC 2018 /home/travis/build/icyphy/ptII/ptolemy/actor/lib/hoc/test/auto/CatchUpComposite1.xml
----------------- Instantiating /home/travis/build/icyphy/ptII/ptolemy/actor/lib/hoc/test/auto/CatchUpComposite1.xml
26 ms. Memory: 208384K Free: 177622K (85%)
----------------- Invoking toplevel() on ptolemy.moml.MoMLSimpleApplication@427d080d
----------------- Done invoking toplevel() on ptolemy.moml.MoMLSimpleApplication@427d080d
reloadAllAccessors: .CatchUpComposite1

===========================================================================================
----------------- testing Thu Sep 06 02:02:08 UTC 2018 /home/travis/build/icyphy/ptII/ptolemy/actor/lib/hoc/test/auto/CatchUpComposite2.xml
----------------- Instantiating /home/travis/build/icyphy/ptII/ptolemy/actor/lib/hoc/test/auto/CatchUpComposite2.xml
15 ms. Memory: 208384K Free: 167744K (80%)
----------------- Invoking toplevel() on ptolemy.moml.MoMLSimpleApplication@3b6b5f36
----------------- Done invoking toplevel() on ptolemy.moml.MoMLSimpleApplication@3b6b5f36
reloadAllAccessors: .CatchUpComposite2

===========================================================================================
----------------- testing Thu Sep 06 02:02:08 UTC 2018 /home/travis/build/icyphy/ptII/ptolemy/actor/lib/hoc/test/auto/CatchUpComposite3.xml
----------------- Instantiating /home/travis/build/icyphy/ptII/ptolemy/actor/lib/hoc/test/auto/CatchUpComposite3.xml
10 ms. Memory: 208384K Free: 156954K (75%)
----------------- Invoking toplevel() on ptolemy.moml.MoMLSimpleApplication@d40d6b6
----------------- Done invoking toplevel() on ptolemy.moml.MoMLSimpleApplication@d40d6b6
reloadAllAccessors: .CatchUpComposite3

===========================================================================================
----------------- testing Thu Sep 06 02:02:08 UTC 2018 /home/travis/build/icyphy/ptII/ptolemy/actor/lib/hoc/test/auto/CatchUpComposite4.xml
----------------- Instantiating /home/travis/build/icyphy/ptII/ptolemy/actor/lib/hoc/test/auto/CatchUpComposite4.xml
16 ms. Memory: 208384K Free: 147722K (71%)
----------------- Invoking toplevel() on ptolemy.moml.MoMLSimpleApplication@1d79c376
----------------- Done invoking toplevel() on ptolemy.moml.MoMLSimpleApplication@1d79c376
reloadAllAccessors: .CatchUpComposite4

===========================================================================================
----------------- testing Thu Sep 06 02:02:09 UTC 2018 /home/travis/build/icyphy/ptII/ptolemy/actor/lib/hoc/test/auto/CatchUpComposite5.xml
----------------- Instantiating /home/travis/build/icyphy/ptII/ptolemy/actor/lib/hoc/test/auto/CatchUpComposite5.xml
9 ms. Memory: 208384K Free: 139088K (67%)
----------------- Invoking toplevel() on ptolemy.moml.MoMLSimpleApplication@4c9c934f
----------------- Done invoking toplevel() on ptolemy.moml.MoMLSimpleApplication@4c9c934f
reloadAllAccessors: .CatchUpComposite5

===========================================================================================
----------------- testing Thu Sep 06 02:02:09 UTC 2018 /home/travis/build/icyphy/ptII/ptolemy/actor/lib/hoc/test/auto/CatchUpComposite6.xml
----------------- Instantiating /home/travis/build/icyphy/ptII/ptolemy/actor/lib/hoc/test/auto/CatchUpComposite6.xml
WARNING: The execution aspects in this model can influence the timing of actors by delaying the 
execution, potentially changing the behavior. There is no guarantee that actors fire at the 
time they request to be fired. 
Use Ptides for deterministic DE behavior that is not influenced by execution aspects. 

81 ms. Memory: 208384K Free: 120278K (58%)
----------------- Invoking toplevel() on ptolemy.moml.MoMLSimpleApplication@36bc01f8
----------------- Done invoking toplevel() on ptolemy.moml.MoMLSimpleApplication@36bc01f8
reloadAllAccessors: .CatchUpComposite6

===========================================================================================
----------------- testing Thu Sep 06 02:02:09 UTC 2018 /home/travis/build/icyphy/ptII/ptolemy/actor/lib/hoc/test/auto/CatchUpComposite7.xml
----------------- Instantiating /home/travis/build/icyphy/ptII/ptolemy/actor/lib/hoc/test/auto/CatchUpComposite7.xml
WARNING: The execution aspects in this model can influence the timing of actors by delaying the 
execution, potentially changing the behavior. There is no guarantee that actors fire at the 
time they request to be fired. 
Use Ptides for deterministic DE behavior that is not influenced by execution aspects. 

48 ms. Memory: 208384K Free: 103527K (50%)
----------------- Invoking toplevel() on ptolemy.moml.MoMLSimpleApplication@5c61efbe
----------------- Done invoking toplevel() on ptolemy.moml.MoMLSimpleApplication@5c61efbe
reloadAllAccessors: .CatchUpComposite7

===========================================================================================
----------------- testing Thu Sep 06 02:02:09 UTC 2018 /home/travis/build/icyphy/ptII/ptolemy/actor/lib/hoc/test/auto/ConcurrentExecutionTimeSDF.xml
----------------- Instantiating /home/travis/build/icyphy/ptII/ptolemy/actor/lib/hoc/test/auto/ConcurrentExecutionTimeSDF.xml
Fired ExecutionTime: 40400000
Fired ExecutionTime: 40400000
Fired ExecutionTime: 40400000
Fired ExecutionTime: 40400000
Fired ExecutionTime: 40400000
Fired ExecutionTime: 40400000
Fired ExecutionTime: 40400000
Fired ExecutionTime: 40400000
Fired ExecutionTime: 40400000
Fired ExecutionTime: 40400000
Fired ExecutionTime: 40400000
Fired ExecutionTime: 40400000
Fired ExecutionTime: 40400000
Fired ExecutionTime: 40400000
Fired ExecutionTime: 40400000
Fired ExecutionTime: 40400000
Fired ExecutionTime: 40400000
Fired ExecutionTime: 40400000
Fired ExecutionTime: 40400000
Fired ExecutionTime: 40400000
2032 ms. Memory: 208384K Free: 94829K (46%)
----------------- Invoking toplevel() on ptolemy.moml.MoMLSimpleApplication@54671906
----------------- Done invoking toplevel() on ptolemy.moml.MoMLSimpleApplication@54671906
reloadAllAccessors: .ConcurrentExecutionTimeSDF

===========================================================================================
----------------- testing Thu Sep 06 02:02:11 UTC 2018 /home/travis/build/icyphy/ptII/ptolemy/actor/lib/hoc/test/auto/ConcurrentSleep.xml
----------------- Instantiating /home/travis/build/icyphy/ptII/ptolemy/actor/lib/hoc/test/auto/ConcurrentSleep.xml
741 ms. Memory: 208384K Free: 201211K (97%)
----------------- Invoking toplevel() on ptolemy.moml.MoMLSimpleApplication@3da81e09
----------------- Done invoking toplevel() on ptolemy.moml.MoMLSimpleApplication@3da81e09
reloadAllAccessors: .ConcurrentSleep

===========================================================================================
----------------- testing Thu Sep 06 02:02:12 UTC 2018 /home/travis/build/icyphy/ptII/ptolemy/actor/lib/hoc/test/auto/DEInPNInRunCompositeActor.xml
----------------- Instantiating /home/travis/build/icyphy/ptII/ptolemy/actor/lib/hoc/test/auto/DEInPNInRunCompositeActor.xml
12 ms. Memory: 208384K Free: 193784K (93%)
----------------- Invoking toplevel() on ptolemy.moml.MoMLSimpleApplication@c62e25b
----------------- Done invoking toplevel() on ptolemy.moml.MoMLSimpleApplication@c62e25b
reloadAllAccessors: .DEInPNInRunCompositeActor

===========================================================================================
----------------- testing Thu Sep 06 02:02:12 UTC 2018 /home/travis/build/icyphy/ptII/ptolemy/actor/lib/hoc/test/auto/DFTSubSetTest.xml
----------------- Instantiating /home/travis/build/icyphy/ptII/ptolemy/actor/lib/hoc/test/auto/DFTSubSetTest.xml
166 ms. Memory: 208384K Free: 146889K (70%)
----------------- Invoking toplevel() on ptolemy.moml.MoMLSimpleApplication@12d2fa74
----------------- Done invoking toplevel() on ptolemy.moml.MoMLSimpleApplication@12d2fa74
reloadAllAccessors: .DFTSubSetTest

===========================================================================================
----------------- testing Thu Sep 06 02:02:12 UTC 2018 /home/travis/build/icyphy/ptII/ptolemy/actor/lib/hoc/test/auto/HocDE.xml
----------------- Instantiating /home/travis/build/icyphy/ptII/ptolemy/actor/lib/hoc/test/auto/HocDE.xml
130 ms. Memory: 208384K Free: 119383K (57%)
----------------- Invoking toplevel() on ptolemy.moml.MoMLSimpleApplication@761c8aa1
----------------- Done invoking toplevel() on ptolemy.moml.MoMLSimpleApplication@761c8aa1
reloadAllAccessors: .HocDE

===========================================================================================
----------------- testing Thu Sep 06 02:02:12 UTC 2018 /home/travis/build/icyphy/ptII/ptolemy/actor/lib/hoc/test/auto/IterateOverArray.xml
----------------- Instantiating /home/travis/build/icyphy/ptII/ptolemy/actor/lib/hoc/test/auto/IterateOverArray.xml
10 ms. Memory: 208384K Free: 114927K (55%)
----------------- Invoking toplevel() on ptolemy.moml.MoMLSimpleApplication@43c0cf45
----------------- Done invoking toplevel() on ptolemy.moml.MoMLSimpleApplication@43c0cf45
reloadAllAccessors: .IterateOverArray

===========================================================================================
----------------- testing Thu Sep 06 02:02:12 UTC 2018 /home/travis/build/icyphy/ptII/ptolemy/actor/lib/hoc/test/auto/IterateOverArray10.xml
----------------- Instantiating /home/travis/build/icyphy/ptII/ptolemy/actor/lib/hoc/test/auto/IterateOverArray10.xml
2 ms. Memory: 208384K Free: 110860K (53%)
----------------- Invoking toplevel() on ptolemy.moml.MoMLSimpleApplication@7c8473a2
----------------- Done invoking toplevel() on ptolemy.moml.MoMLSimpleApplication@7c8473a2
reloadAllAccessors: .IterateOverArray10

===========================================================================================
----------------- testing Thu Sep 06 02:02:12 UTC 2018 /home/travis/build/icyphy/ptII/ptolemy/actor/lib/hoc/test/auto/IterateOverArray11.xml
----------------- Instantiating /home/travis/build/icyphy/ptII/ptolemy/actor/lib/hoc/test/auto/IterateOverArray11.xml
6 ms. Memory: 208384K Free: 106420K (51%)
----------------- Invoking toplevel() on ptolemy.moml.MoMLSimpleApplication@4c09b531
----------------- Done invoking toplevel() on ptolemy.moml.MoMLSimpleApplication@4c09b531
reloadAllAccessors: .IterateOverArray11

===========================================================================================
----------------- testing Thu Sep 06 02:02:12 UTC 2018 /home/travis/build/icyphy/ptII/ptolemy/actor/lib/hoc/test/auto/IterateOverArray12.xml
----------------- Instantiating /home/travis/build/icyphy/ptII/ptolemy/actor/lib/hoc/test/auto/IterateOverArray12.xml
19 ms. Memory: 208384K Free: 99372K (48%)
----------------- Invoking toplevel() on ptolemy.moml.MoMLSimpleApplication@78420e38
----------------- Done invoking toplevel() on ptolemy.moml.MoMLSimpleApplication@78420e38
reloadAllAccessors: .IterateOverArray12

===========================================================================================
----------------- testing Thu Sep 06 02:02:12 UTC 2018 /home/travis/build/icyphy/ptII/ptolemy/actor/lib/hoc/test/auto/IterateOverArray13.xml
----------------- Instantiating /home/travis/build/icyphy/ptII/ptolemy/actor/lib/hoc/test/auto/IterateOverArray13.xml
93 ms. Memory: 331776K Free: 315798K (95%)
----------------- Invoking toplevel() on ptolemy.moml.MoMLSimpleApplication@1fe0c324
----------------- Done invoking toplevel() on ptolemy.moml.MoMLSimpleApplication@1fe0c324
reloadAllAccessors: .IterateOverArray13

===========================================================================================
----------------- testing Thu Sep 06 02:02:12 UTC 2018 /home/travis/build/icyphy/ptII/ptolemy/actor/lib/hoc/test/auto/IterateOverArray14.xml
----------------- Instantiating /home/travis/build/icyphy/ptII/ptolemy/actor/lib/hoc/test/auto/IterateOverArray14.xml
67 ms. Memory: 331776K Free: 278779K (84%)
----------------- Invoking toplevel() on ptolemy.moml.MoMLSimpleApplication@69336538
----------------- Done invoking toplevel() on ptolemy.moml.MoMLSimpleApplication@69336538
reloadAllAccessors: .IterateOverArray14

===========================================================================================
----------------- testing Thu Sep 06 02:02:13 UTC 2018 /home/travis/build/icyphy/ptII/ptolemy/actor/lib/hoc/test/auto/IterateOverArray2.xml
----------------- Instantiating /home/travis/build/icyphy/ptII/ptolemy/actor/lib/hoc/test/auto/IterateOverArray2.xml
8 ms. Memory: 331776K Free: 273842K (83%)
----------------- Invoking toplevel() on ptolemy.moml.MoMLSimpleApplication@5817a5bc
----------------- Done invoking toplevel() on ptolemy.moml.MoMLSimpleApplication@5817a5bc
reloadAllAccessors: .IterateOverArray2

===========================================================================================
----------------- testing Thu Sep 06 02:02:13 UTC 2018 /home/travis/build/icyphy/ptII/ptolemy/actor/lib/hoc/test/auto/IterateOverArray3.xml
----------------- Instantiating /home/travis/build/icyphy/ptII/ptolemy/actor/lib/hoc/test/auto/IterateOverArray3.xml
6 ms. Memory: 331776K Free: 265153K (80%)
----------------- Invoking toplevel() on ptolemy.moml.MoMLSimpleApplication@6daeed58
----------------- Done invoking toplevel() on ptolemy.moml.MoMLSimpleApplication@6daeed58
reloadAllAccessors: .IterateOverArray3

===========================================================================================
----------------- testing Thu Sep 06 02:02:13 UTC 2018 /home/travis/build/icyphy/ptII/ptolemy/actor/lib/hoc/test/auto/IterateOverArray4.xml
----------------- Instantiating /home/travis/build/icyphy/ptII/ptolemy/actor/lib/hoc/test/auto/IterateOverArray4.xml
4 ms. Memory: 331776K Free: 261229K (79%)
----------------- Invoking toplevel() on ptolemy.moml.MoMLSimpleApplication@67a6e077
----------------- Done invoking toplevel() on ptolemy.moml.MoMLSimpleApplication@67a6e077
reloadAllAccessors: .IterateOverArray4

===========================================================================================
----------------- testing Thu Sep 06 02:02:13 UTC 2018 /home/travis/build/icyphy/ptII/ptolemy/actor/lib/hoc/test/auto/IterateOverArray5.xml
----------------- Instantiating /home/travis/build/icyphy/ptII/ptolemy/actor/lib/hoc/test/auto/IterateOverArray5.xml
3 ms. Memory: 331776K Free: 256324K (77%)
----------------- Invoking toplevel() on ptolemy.moml.MoMLSimpleApplication@554d665c
----------------- Done invoking toplevel() on ptolemy.moml.MoMLSimpleApplication@554d665c
reloadAllAccessors: .IterateOverArray5

===========================================================================================
----------------- testing Thu Sep 06 02:02:13 UTC 2018 /home/travis/build/icyphy/ptII/ptolemy/actor/lib/hoc/test/auto/IterateOverArray6.xml
----------------- Instantiating /home/travis/build/icyphy/ptII/ptolemy/actor/lib/hoc/test/auto/IterateOverArray6.xml
6 ms. Memory: 331776K Free: 251559K (76%)
----------------- Invoking toplevel() on ptolemy.moml.MoMLSimpleApplication@3b3ce752
----------------- Done invoking toplevel() on ptolemy.moml.MoMLSimpleApplication@3b3ce752
reloadAllAccessors: .IterateOverArray6

===========================================================================================
----------------- testing Thu Sep 06 02:02:13 UTC 2018 /home/travis/build/icyphy/ptII/ptolemy/actor/lib/hoc/test/auto/IterateOverArray7.xml
----------------- Instantiating /home/travis/build/icyphy/ptII/ptolemy/actor/lib/hoc/test/auto/IterateOverArray7.xml
3 ms. Memory: 331776K Free: 245657K (74%)
----------------- Invoking toplevel() on ptolemy.moml.MoMLSimpleApplication@96f21df
----------------- Done invoking toplevel() on ptolemy.moml.MoMLSimpleApplication@96f21df
reloadAllAccessors: .IterateOverArray7

===========================================================================================
----------------- testing Thu Sep 06 02:02:13 UTC 2018 /home/travis/build/icyphy/ptII/ptolemy/actor/lib/hoc/test/auto/IterateOverArray8.xml
----------------- Instantiating /home/travis/build/icyphy/ptII/ptolemy/actor/lib/hoc/test/auto/IterateOverArray8.xml
3 ms. Memory: 331776K Free: 239911K (72%)
----------------- Invoking toplevel() on ptolemy.moml.MoMLSimpleApplication@5db1844f
----------------- Done invoking toplevel() on ptolemy.moml.MoMLSimpleApplication@5db1844f
reloadAllAccessors: .IterateOverArray8

===========================================================================================
----------------- testing Thu Sep 06 02:02:13 UTC 2018 /home/travis/build/icyphy/ptII/ptolemy/actor/lib/hoc/test/auto/IterateOverArray9.xml
----------------- Instantiating /home/travis/build/icyphy/ptII/ptolemy/actor/lib/hoc/test/auto/IterateOverArray9.xml
5 ms. Memory: 331776K Free: 235987K (71%)
----------------- Invoking toplevel() on ptolemy.moml.MoMLSimpleApplication@65135d59
----------------- Done invoking toplevel() on ptolemy.moml.MoMLSimpleApplication@65135d59
reloadAllAccessors: .IterateOverArray9

===========================================================================================
----------------- testing Thu Sep 06 02:02:13 UTC 2018 /home/travis/build/icyphy/ptII/ptolemy/actor/lib/hoc/test/auto/IterateOverArrayCoercedOutputType.xml
----------------- Instantiating /home/travis/build/icyphy/ptII/ptolemy/actor/lib/hoc/test/auto/IterateOverArrayCoercedOutputType.xml
4 ms. Memory: 331776K Free: 230100K (69%)
----------------- Invoking toplevel() on ptolemy.moml.MoMLSimpleApplication@5557264f
----------------- Done invoking toplevel() on ptolemy.moml.MoMLSimpleApplication@5557264f
reloadAllAccessors: .IterateOverArrayCoercedOutputType

===========================================================================================
----------------- testing Thu Sep 06 02:02:13 UTC 2018 /home/travis/build/icyphy/ptII/ptolemy/actor/lib/hoc/test/auto/IterateOverArrayInferredOutputType.xml
----------------- Instantiating /home/travis/build/icyphy/ptII/ptolemy/actor/lib/hoc/test/auto/IterateOverArrayInferredOutputType.xml
11 ms. Memory: 331776K Free: 223373K (67%)
----------------- Invoking toplevel() on ptolemy.moml.MoMLSimpleApplication@1014fb26
----------------- Done invoking toplevel() on ptolemy.moml.MoMLSimpleApplication@1014fb26
reloadAllAccessors: .IterateOverArrayInferredOutputType

===========================================================================================
----------------- testing Thu Sep 06 02:02:13 UTC 2018 /home/travis/build/icyphy/ptII/ptolemy/actor/lib/hoc/test/auto/MobileFunctionTest.xml
----------------- Instantiating /home/travis/build/icyphy/ptII/ptolemy/actor/lib/hoc/test/auto/MobileFunctionTest.xml
4 ms. Memory: 331776K Free: 218468K (66%)
----------------- Invoking toplevel() on ptolemy.moml.MoMLSimpleApplication@6e7512d0
----------------- Done invoking toplevel() on ptolemy.moml.MoMLSimpleApplication@6e7512d0
reloadAllAccessors: .MobileFunctionTest

===========================================================================================
----------------- testing Thu Sep 06 02:02:13 UTC 2018 /home/travis/build/icyphy/ptII/ptolemy/actor/lib/hoc/test/auto/MobileModelTest.xml
----------------- Instantiating /home/travis/build/icyphy/ptII/ptolemy/actor/lib/hoc/test/auto/MobileModelTest.xml
70 ms. Memory: 331776K Free: 197026K (59%)
----------------- Invoking toplevel() on ptolemy.moml.MoMLSimpleApplication@219ae72f
----------------- Done invoking toplevel() on ptolemy.moml.MoMLSimpleApplication@219ae72f
reloadAllAccessors: .MobileModelTest

===========================================================================================
----------------- testing Thu Sep 06 02:02:13 UTC 2018 /home/travis/build/icyphy/ptII/ptolemy/actor/lib/hoc/test/auto/ModelReference.xml
----------------- Instantiating /home/travis/build/icyphy/ptII/ptolemy/actor/lib/hoc/test/auto/ModelReference.xml
6 ms. Memory: 331776K Free: 189178K (57%)
2 ms. Memory: 331776K Free: 188197K (57%)
2 ms. Memory: 331776K Free: 187216K (56%)
4 ms. Memory: 331776K Free: 186235K (56%)
2 ms. Memory: 331776K Free: 185246K (56%)
1 ms. Memory: 331776K Free: 185246K (56%)
2 ms. Memory: 331776K Free: 184265K (56%)
1 ms. Memory: 331776K Free: 183268K (55%)
2 ms. Memory: 331776K Free: 182279K (55%)
2 ms. Memory: 331776K Free: 181282K (55%)
39 ms. Memory: 331776K Free: 181282K (55%)
----------------- Invoking toplevel() on ptolemy.moml.MoMLSimpleApplication@63f8e9fc
----------------- Done invoking toplevel() on ptolemy.moml.MoMLSimpleApplication@63f8e9fc
reloadAllAccessors: .ModelReference

===========================================================================================
----------------- testing Thu Sep 06 02:02:13 UTC 2018 /home/travis/build/icyphy/ptII/ptolemy/actor/lib/hoc/test/auto/ModelReference3.xml
----------------- Instantiating /home/travis/build/icyphy/ptII/ptolemy/actor/lib/hoc/test/auto/ModelReference3.xml
4 ms. Memory: 331776K Free: 176369K (53%)
5 ms. Memory: 331776K Free: 175372K (53%)
1 ms. Memory: 331776K Free: 174375K (53%)
4 ms. Memory: 331776K Free: 173378K (52%)
2 ms. Memory: 331776K Free: 173378K (52%)
2 ms. Memory: 331776K Free: 172381K (52%)
1 ms. Memory: 331776K Free: 171384K (52%)
5 ms. Memory: 331776K Free: 170395K (51%)
2 ms. Memory: 331776K Free: 169398K (51%)
1 ms. Memory: 331776K Free: 168417K (51%)
30 ms. Memory: 331776K Free: 168417K (51%)
----------------- Invoking toplevel() on ptolemy.moml.MoMLSimpleApplication@30cd4c64
----------------- Done invoking toplevel() on ptolemy.moml.MoMLSimpleApplication@30cd4c64
reloadAllAccessors: .ModelReference3

===========================================================================================
----------------- testing Thu Sep 06 02:02:13 UTC 2018 /home/travis/build/icyphy/ptII/ptolemy/actor/lib/hoc/test/auto/ModelReference4.xml
----------------- Instantiating /home/travis/build/icyphy/ptII/ptolemy/actor/lib/hoc/test/auto/ModelReference4.xml
3 ms. Memory: 331776K Free: 162655K (49%)
2 ms. Memory: 331776K Free: 160685K (48%)
12 ms. Memory: 331776K Free: 159704K (48%)
2 ms. Memory: 331776K Free: 158723K (48%)
2 ms. Memory: 331776K Free: 157742K (48%)
2 ms. Memory: 331776K Free: 155764K (47%)
7 ms. Memory: 331776K Free: 154783K (47%)
3 ms. Memory: 331776K Free: 153802K (46%)
2 ms. Memory: 331776K Free: 152821K (46%)
2 ms. Memory: 331776K Free: 151840K (46%)
10026 ms. Memory: 331776K Free: 151840K (46%)
----------------- Invoking toplevel() on ptolemy.moml.MoMLSimpleApplication@55990e43
----------------- Done invoking toplevel() on ptolemy.moml.MoMLSimpleApplication@55990e43
reloadAllAccessors: .ModelReference4

===========================================================================================
----------------- testing Thu Sep 06 02:02:23 UTC 2018 /home/travis/build/icyphy/ptII/ptolemy/actor/lib/hoc/test/auto/MultiInstanceComposite.xml
----------------- Instantiating /home/travis/build/icyphy/ptII/ptolemy/actor/lib/hoc/test/auto/MultiInstanceComposite.xml
24 ms. Memory: 331776K Free: 135975K (41%)
----------------- Invoking toplevel() on ptolemy.moml.MoMLSimpleApplication@49bae5fe
----------------- Done invoking toplevel() on ptolemy.moml.MoMLSimpleApplication@49bae5fe
reloadAllAccessors: .MultiInstanceComposite

===========================================================================================
----------------- testing Thu Sep 06 02:02:23 UTC 2018 /home/travis/build/icyphy/ptII/ptolemy/actor/lib/hoc/test/auto/MultiInstanceComposite2.xml
----------------- Instantiating /home/travis/build/icyphy/ptII/ptolemy/actor/lib/hoc/test/auto/MultiInstanceComposite2.xml
15 ms. Memory: 331776K Free: 122309K (37%)
----------------- Invoking toplevel() on ptolemy.moml.MoMLSimpleApplication@517e07fe
----------------- Done invoking toplevel() on ptolemy.moml.MoMLSimpleApplication@517e07fe
reloadAllAccessors: .MultiInstanceComposite2

===========================================================================================
----------------- testing Thu Sep 06 02:02:23 UTC 2018 /home/travis/build/icyphy/ptII/ptolemy/actor/lib/hoc/test/auto/MulticoreExecution.xml
----------------- Instantiating /home/travis/build/icyphy/ptII/ptolemy/actor/lib/hoc/test/auto/MulticoreExecution.xml
Fired ExecutionTime: 2000000
Fired ExecutionTime: 4400000
Fired ExecutionTime: 18000000
Fired ExecutionTime: 32800000
Fired ExecutionTime: 46400000
Fired ExecutionTime: 47600000
Fired ExecutionTime: 66400000
Fired ExecutionTime: 66000000
Fired ExecutionTime: 66400000
Fired ExecutionTime: 66000000
Fired ExecutionTime: 94000000
Fired ExecutionTime: 97200000
Fired ExecutionTime: 131200000
Fired ExecutionTime: 132400000
Fired ExecutionTime: 128800000
Fired ExecutionTime: 131200000
Fired ExecutionTime: 131600000
Fired ExecutionTime: 132000000
Fired ExecutionTime: 125200000
Fired ExecutionTime: 124800000
1059 ms. Memory: 331776K Free: 110465K (33%)
----------------- Invoking toplevel() on ptolemy.moml.MoMLSimpleApplication@53571939
----------------- Done invoking toplevel() on ptolemy.moml.MoMLSimpleApplication@53571939
reloadAllAccessors: .MulticoreExecution

===========================================================================================
----------------- testing Thu Sep 06 02:02:24 UTC 2018 /home/travis/build/icyphy/ptII/ptolemy/actor/lib/hoc/test/auto/ParallelExecution.xml
----------------- Instantiating /home/travis/build/icyphy/ptII/ptolemy/actor/lib/hoc/test/auto/ParallelExecution.xml
922 ms. Memory: 331776K Free: 100614K (30%)
----------------- Invoking toplevel() on ptolemy.moml.MoMLSimpleApplication@2c89bc6b
----------------- Done invoking toplevel() on ptolemy.moml.MoMLSimpleApplication@2c89bc6b
reloadAllAccessors: .ParallelExecution

===========================================================================================
----------------- testing Thu Sep 06 02:02:25 UTC 2018 /home/travis/build/icyphy/ptII/ptolemy/actor/lib/hoc/test/auto/RunCompositeActor.xml
----------------- Instantiating /home/travis/build/icyphy/ptII/ptolemy/actor/lib/hoc/test/auto/RunCompositeActor.xml
5 ms. Memory: 331776K Free: 91893K (28%)
----------------- Invoking toplevel() on ptolemy.moml.MoMLSimpleApplication@638d5cae
----------------- Done invoking toplevel() on ptolemy.moml.MoMLSimpleApplication@638d5cae
reloadAllAccessors: .RunCompositeActor

===========================================================================================
----------------- testing Thu Sep 06 02:02:25 UTC 2018 /home/travis/build/icyphy/ptII/ptolemy/actor/lib/hoc/test/auto/RunCompositeActor2.xml
----------------- Instantiating /home/travis/build/icyphy/ptII/ptolemy/actor/lib/hoc/test/auto/RunCompositeActor2.xml
12 ms. Memory: 331776K Free: 84993K (26%)
----------------- Invoking toplevel() on ptolemy.moml.MoMLSimpleApplication@3e6ae9bb
----------------- Done invoking toplevel() on ptolemy.moml.MoMLSimpleApplication@3e6ae9bb
reloadAllAccessors: .RunCompositeActor2

===========================================================================================
----------------- testing Thu Sep 06 02:02:25 UTC 2018 /home/travis/build/icyphy/ptII/ptolemy/actor/lib/hoc/test/auto/RunCompositeActor3.xml
----------------- Instantiating /home/travis/build/icyphy/ptII/ptolemy/actor/lib/hoc/test/auto/RunCompositeActor3.xml
3 ms. Memory: 316928K Free: 308287K (97%)
----------------- Invoking toplevel() on ptolemy.moml.MoMLSimpleApplication@524f5b96
----------------- Done invoking toplevel() on ptolemy.moml.MoMLSimpleApplication@524f5b96
reloadAllAccessors: .RunCompositeActor3

===========================================================================================
----------------- testing Thu Sep 06 02:02:25 UTC 2018 /home/travis/build/icyphy/ptII/ptolemy/actor/lib/hoc/test/auto/RunCompositeActor4.xml
----------------- Instantiating /home/travis/build/icyphy/ptII/ptolemy/actor/lib/hoc/test/auto/RunCompositeActor4.xml
13 ms. Memory: 316928K Free: 298073K (94%)
----------------- Invoking toplevel() on ptolemy.moml.MoMLSimpleApplication@15013127
----------------- Done invoking toplevel() on ptolemy.moml.MoMLSimpleApplication@15013127
reloadAllAccessors: .RunCompositeActor4

===========================================================================================
----------------- testing Thu Sep 06 02:02:25 UTC 2018 /home/travis/build/icyphy/ptII/ptolemy/actor/lib/hoc/test/auto/RunCompositeIterateOverArray.xml
----------------- Instantiating /home/travis/build/icyphy/ptII/ptolemy/actor/lib/hoc/test/auto/RunCompositeIterateOverArray.xml
5 ms. Memory: 316928K Free: 290412K (92%)
----------------- Invoking toplevel() on ptolemy.moml.MoMLSimpleApplication@2e278a0f
----------------- Done invoking toplevel() on ptolemy.moml.MoMLSimpleApplication@2e278a0f
reloadAllAccessors: .RunCompositeIterateOverArray

===========================================================================================
----------------- testing Thu Sep 06 02:02:25 UTC 2018 /home/travis/build/icyphy/ptII/ptolemy/actor/lib/hoc/test/auto/ThreadedJS.xml
----------------- Instantiating /home/travis/build/icyphy/ptII/ptolemy/actor/lib/hoc/test/auto/ThreadedJS.xml
1736 ms. Memory: 292352K Free: 136073K (47%)
----------------- Invoking toplevel() on ptolemy.moml.MoMLSimpleApplication@58d3c90a
----------------- Done invoking toplevel() on ptolemy.moml.MoMLSimpleApplication@58d3c90a
reloadAllAccessors: .ThreadedJS
AutoTests.java: About to close Vertx.
AutoTests.java: Vertx closed.
]]></system-out>
  <system-err><![CDATA[java.lang.RuntimeException: Execution failed
	at ptolemy.moml.MoMLSimpleApplication$UnloadThread.run(MoMLSimpleApplication.java:402)
Caused by: ptolemy.kernel.util.IllegalActionException: initialize() was called after wrapup() was called but preinitialize() was not called after wrapup().
	at ptolemy.actor.lib.hoc.test.PreinitializeMustBeInvoked.initialize(PreinitializeMustBeInvoked.java:78)
	at ptolemy.actor.Director.initialize(Director.java:938)
	at ptolemy.actor.Director.initialize(Director.java:907)
	at ptolemy.actor.sched.StaticSchedulingDirector.initialize(StaticSchedulingDirector.java:159)
	at ptolemy.domains.sdf.kernel.SDFDirector.initialize(SDFDirector.java:544)
	at ptolemy.actor.CompositeActor.initialize(CompositeActor.java:935)
	at ptolemy.actor.lib.hoc.LifeCycleManager._executeInsideModel(LifeCycleManager.java:339)
	at ptolemy.actor.lib.hoc.RunCompositeActor.fire(RunCompositeActor.java:205)
	at ptolemy.actor.CompositeActor.iterate(CompositeActor.java:1146)
	at ptolemy.actor.sched.StaticSchedulingDirector.fire(StaticSchedulingDirector.java:216)
	at ptolemy.domains.sdf.kernel.SDFDirector.fire(SDFDirector.java:500)
	at ptolemy.actor.CompositeActor.fire(CompositeActor.java:455)
	at ptolemy.actor.Manager.iterate(Manager.java:851)
	at ptolemy.actor.Manager.execute(Manager.java:369)
	at ptolemy.actor.Manager.run(Manager.java:1263)
	at ptolemy.actor.Manager$PtolemyRunThread.run(Manager.java:1915)
java.lang.reflect.InvocationTargetException
	at sun.reflect.NativeConstructorAccessorImpl.newInstance0(Native Method)
	at sun.reflect.NativeConstructorAccessorImpl.newInstance(NativeConstructorAccessorImpl.java:62)
	at sun.reflect.DelegatingConstructorAccessorImpl.newInstance(DelegatingConstructorAccessorImpl.java:45)
	at java.lang.reflect.Constructor.newInstance(Constructor.java:423)
	at ptolemy.util.test.junit.AutoKnownFailedTests.RunModel(AutoKnownFailedTests.java:107)
	at sun.reflect.NativeMethodAccessorImpl.invoke0(Native Method)
	at sun.reflect.NativeMethodAccessorImpl.invoke(NativeMethodAccessorImpl.java:62)
	at sun.reflect.DelegatingMethodAccessorImpl.invoke(DelegatingMethodAccessorImpl.java:43)
	at java.lang.reflect.Method.invoke(Method.java:498)
	at org.junit.runners.model.FrameworkMethod$1.runReflectiveCall(FrameworkMethod.java:44)
	at org.junit.internal.runners.model.ReflectiveCallable.run(ReflectiveCallable.java:15)
	at org.junit.runners.model.FrameworkMethod.invokeExplosively(FrameworkMethod.java:41)
	at junitparams.internal.InvokeParameterisedMethod.evaluate(InvokeParameterisedMethod.java:102)
	at org.junit.internal.runners.statements.FailOnTimeout$1.run(FailOnTimeout.java:28)
Caused by: ptolemy.kernel.util.IllegalActionException: initialize() was called after wrapup() was called but preinitialize() was not called after wrapup().
	at ptolemy.actor.lib.hoc.test.PreinitializeMustBeInvoked.initialize(PreinitializeMustBeInvoked.java:78)
	at ptolemy.actor.Director.initialize(Director.java:938)
	at ptolemy.actor.Director.initialize(Director.java:907)
	at ptolemy.actor.sched.StaticSchedulingDirector.initialize(StaticSchedulingDirector.java:159)
	at ptolemy.domains.sdf.kernel.SDFDirector.initialize(SDFDirector.java:544)
	at ptolemy.actor.CompositeActor.initialize(CompositeActor.java:935)
	at ptolemy.actor.lib.hoc.LifeCycleManager._executeInsideModel(LifeCycleManager.java:339)
	at ptolemy.actor.lib.hoc.RunCompositeActor.fire(RunCompositeActor.java:205)
	at ptolemy.actor.CompositeActor.iterate(CompositeActor.java:1146)
	at ptolemy.actor.sched.StaticSchedulingDirector.fire(StaticSchedulingDirector.java:216)
	at ptolemy.domains.sdf.kernel.SDFDirector.fire(SDFDirector.java:500)
	at ptolemy.actor.CompositeActor.fire(CompositeActor.java:455)
	at ptolemy.actor.Manager.iterate(Manager.java:851)
	at ptolemy.actor.Manager.execute(Manager.java:369)
	at ptolemy.actor.Manager.run(Manager.java:1263)
	at ptolemy.actor.Manager$PtolemyRunThread.run(Manager.java:1915)
]]></system-err>
</testsuite>
