<?xml version="1.0" encoding="UTF-8" ?>
<testsuite errors="0" failures="0" hostname="travis-job-e7f9ba1f-9705-49a9-8fd4-d0c91eee6edc" name="ptolemy.domains.sdf.test.junit.JUnitTclTest" skipped="0" tests="66" time="18.79" timestamp="2019-01-25T03:27:59">
  <properties>
[...]
</properties>
  <testcase classname="ptolemy.util.test.junit.TclTests" name="[0] /home/travis/build/icyphy/ptII/ptolemy/domains/sdf/test/SDFSchedulerErrors.tcl (RunTclFile)" time="0.601" />
  <testcase classname="ptolemy.util.test.junit.TclTests" name="[1] /home/travis/build/icyphy/ptII/ptolemy/domains/sdf/test/composition.tcl (RunTclFile)" time="0.141" />
  <testcase classname="ptolemy.util.test.junit.TclTests" name="[2] /home/travis/build/icyphy/ptII/ptolemy/domains/sdf/test/cycle.tcl (RunTclFile)" time="0.046" />
  <testcase classname="ptolemy.util.test.junit.AutoKnownFailedTests" name="[0] ThereAreNoKnowFailedTests (RunModel)" time="0.0" />
  <testcase classname="ptolemy.util.test.junit.AutoNameArchTests" name="[0] ThereAreNoAutoArchTests (RunModel)" time="0.0" />
  <testcase classname="ptolemy.util.test.junit.AutoTests" name="[0] /home/travis/build/icyphy/ptII/ptolemy/domains/sdf/test/auto/Array.xml (RunModel)" time="0.219" />
  <testcase classname="ptolemy.util.test.junit.AutoTests" name="[1] /home/travis/build/icyphy/ptII/ptolemy/domains/sdf/test/auto/Butterfly.xml (RunModel)" time="0.14" />
  <testcase classname="ptolemy.util.test.junit.AutoTests" name="[2] /home/travis/build/icyphy/ptII/ptolemy/domains/sdf/test/auto/Expression.xml (RunModel)" time="0.123" />
  <testcase classname="ptolemy.util.test.junit.AutoTests" name="[3] /home/travis/build/icyphy/ptII/ptolemy/domains/sdf/test/auto/Eye.xml (RunModel)" time="0.257" />
  <testcase classname="ptolemy.util.test.junit.AutoTests" name="[4] /home/travis/build/icyphy/ptII/ptolemy/domains/sdf/test/auto/FixFIR.xml (RunModel)" time="0.245" />
  <testcase classname="ptolemy.util.test.junit.AutoTests" name="[5] /home/travis/build/icyphy/ptII/ptolemy/domains/sdf/test/auto/FixPoint.xml (RunModel)" time="0.026" />
  <testcase classname="ptolemy.util.test.junit.AutoTests" name="[6] /home/travis/build/icyphy/ptII/ptolemy/domains/sdf/test/auto/Gravitation.xml (RunModel)" time="3.298" />
  <testcase classname="ptolemy.util.test.junit.AutoTests" name="[7] /home/travis/build/icyphy/ptII/ptolemy/domains/sdf/test/auto/GravitationWithCollisionDetection.xml (RunModel)" time="5.756" />
  <testcase classname="ptolemy.util.test.junit.AutoTests" name="[8] /home/travis/build/icyphy/ptII/ptolemy/domains/sdf/test/auto/HDF.xml (RunModel)" time="0.129" />
  <testcase classname="ptolemy.util.test.junit.AutoTests" name="[9] /home/travis/build/icyphy/ptII/ptolemy/domains/sdf/test/auto/HDFwithTransientStates.xml (RunModel)" time="0.09" />
  <testcase classname="ptolemy.util.test.junit.AutoTests" name="[10] /home/travis/build/icyphy/ptII/ptolemy/domains/sdf/test/auto/HTVQ.xml (RunModel)" time="0.788" />
  <testcase classname="ptolemy.util.test.junit.AutoTests" name="[11] /home/travis/build/icyphy/ptII/ptolemy/domains/sdf/test/auto/InferInitProduction.xml (RunModel)" time="0.027" />
  <testcase classname="ptolemy.util.test.junit.AutoTests" name="[12] /home/travis/build/icyphy/ptII/ptolemy/domains/sdf/test/auto/InferInitProductionDeeper.xml (RunModel)" time="0.026" />
  <testcase classname="ptolemy.util.test.junit.AutoTests" name="[13] /home/travis/build/icyphy/ptII/ptolemy/domains/sdf/test/auto/LMSAdaptive.xml (RunModel)" time="0.082" />
  <testcase classname="ptolemy.util.test.junit.AutoTests" name="[14] /home/travis/build/icyphy/ptII/ptolemy/domains/sdf/test/auto/LogisticMap.xml (RunModel)" time="0.48" />
  <testcase classname="ptolemy.util.test.junit.AutoTests" name="[15] /home/travis/build/icyphy/ptII/ptolemy/domains/sdf/test/auto/MaximumEntropySpectrum.xml (RunModel)" time="0.243" />
  <testcase classname="ptolemy.util.test.junit.AutoTests" name="[16] /home/travis/build/icyphy/ptII/ptolemy/domains/sdf/test/auto/MultirateSDF.xml (RunModel)" time="0.069" />
  <testcase classname="ptolemy.util.test.junit.AutoTests" name="[17] /home/travis/build/icyphy/ptII/ptolemy/domains/sdf/test/auto/MultirateSDFwithTransientStates.xml (RunModel)" time="0.079" />
  <testcase classname="ptolemy.util.test.junit.AutoTests" name="[18] /home/travis/build/icyphy/ptII/ptolemy/domains/sdf/test/auto/NoisySinewave.xml (RunModel)" time="0.066" />
  <testcase classname="ptolemy.util.test.junit.AutoTests" name="[19] /home/travis/build/icyphy/ptII/ptolemy/domains/sdf/test/auto/Objects.xml (RunModel)" time="0.072" />
  <testcase classname="ptolemy.util.test.junit.AutoTests" name="[20] /home/travis/build/icyphy/ptII/ptolemy/domains/sdf/test/auto/OrthogonalCom.xml (RunModel)" time="0.041" />
  <testcase classname="ptolemy.util.test.junit.AutoTests" name="[21] /home/travis/build/icyphy/ptII/ptolemy/domains/sdf/test/auto/RijndaelEncryption.xml (RunModel)" time="0.426" />
  <testcase classname="ptolemy.util.test.junit.AutoTests" name="[22] /home/travis/build/icyphy/ptII/ptolemy/domains/sdf/test/auto/SDFEmptyIterations.xml (RunModel)" time="0.014" />
  <testcase classname="ptolemy.util.test.junit.AutoTests" name="[23] /home/travis/build/icyphy/ptII/ptolemy/domains/sdf/test/auto/Spectrum.xml (RunModel)" time="0.052" />
  <testcase classname="ptolemy.util.test.junit.AutoTests" name="[24] /home/travis/build/icyphy/ptII/ptolemy/domains/sdf/test/auto/de_inside_sdf.xml (RunModel)" time="0.02" />
  <testcase classname="ptolemy.util.test.junit.AutoTests" name="[25] /home/travis/build/icyphy/ptII/ptolemy/domains/sdf/test/auto/disconnectedHierarchicalSDF.xml (RunModel)" time="0.022" />
  <testcase classname="ptolemy.util.test.junit.AutoTests" name="[26] /home/travis/build/icyphy/ptII/ptolemy/domains/sdf/test/auto/disconnectedSDF.xml (RunModel)" time="0.021" />
  <testcase classname="ptolemy.util.test.junit.AutoTests" name="[27] /home/travis/build/icyphy/ptII/ptolemy/domains/sdf/test/auto/emptyRefinement.xml (RunModel)" time="0.02" />
  <testcase classname="ptolemy.util.test.junit.AutoTests" name="[28] /home/travis/build/icyphy/ptII/ptolemy/domains/sdf/test/auto/filePortParameter.xml (RunModel)" time="0.036" />
  <testcase classname="ptolemy.util.test.junit.AutoTests" name="[29] /home/travis/build/icyphy/ptII/ptolemy/domains/sdf/test/auto/inferRelationWidth1.xml (RunModel)" time="0.011" />
  <testcase classname="ptolemy.util.test.junit.AutoTests" name="[30] /home/travis/build/icyphy/ptII/ptolemy/domains/sdf/test/auto/initProductionInference.xml (RunModel)" time="0.016" />
  <testcase classname="ptolemy.util.test.junit.AutoTests" name="[31] /home/travis/build/icyphy/ptII/ptolemy/domains/sdf/test/auto/relationGroup.xml (RunModel)" time="0.015" />
  <testcase classname="ptolemy.util.test.junit.AutoTests" name="[32] /home/travis/build/icyphy/ptII/ptolemy/domains/sdf/test/auto/relationGroup10.xml (RunModel)" time="0.01" />
  <testcase classname="ptolemy.util.test.junit.AutoTests" name="[33] /home/travis/build/icyphy/ptII/ptolemy/domains/sdf/test/auto/relationGroup11.xml (RunModel)" time="0.012" />
  <testcase classname="ptolemy.util.test.junit.AutoTests" name="[34] /home/travis/build/icyphy/ptII/ptolemy/domains/sdf/test/auto/relationGroup12.xml (RunModel)" time="0.014" />
  <testcase classname="ptolemy.util.test.junit.AutoTests" name="[35] /home/travis/build/icyphy/ptII/ptolemy/domains/sdf/test/auto/relationGroup13.xml (RunModel)" time="0.016" />
  <testcase classname="ptolemy.util.test.junit.AutoTests" name="[36] /home/travis/build/icyphy/ptII/ptolemy/domains/sdf/test/auto/relationGroup14.xml (RunModel)" time="0.014" />
  <testcase classname="ptolemy.util.test.junit.AutoTests" name="[37] /home/travis/build/icyphy/ptII/ptolemy/domains/sdf/test/auto/relationGroup15.xml (RunModel)" time="0.013" />
  <testcase classname="ptolemy.util.test.junit.AutoTests" name="[38] /home/travis/build/icyphy/ptII/ptolemy/domains/sdf/test/auto/relationGroup2.xml (RunModel)" time="0.012" />
  <testcase classname="ptolemy.util.test.junit.AutoTests" name="[39] /home/travis/build/icyphy/ptII/ptolemy/domains/sdf/test/auto/relationGroup3.xml (RunModel)" time="0.01" />
  <testcase classname="ptolemy.util.test.junit.AutoTests" name="[40] /home/travis/build/icyphy/ptII/ptolemy/domains/sdf/test/auto/relationGroup4.xml (RunModel)" time="0.019" />
  <testcase classname="ptolemy.util.test.junit.AutoTests" name="[41] /home/travis/build/icyphy/ptII/ptolemy/domains/sdf/test/auto/relationGroup5.xml (RunModel)" time="0.017" />
  <testcase classname="ptolemy.util.test.junit.AutoTests" name="[42] /home/travis/build/icyphy/ptII/ptolemy/domains/sdf/test/auto/relationGroup6.xml (RunModel)" time="0.014" />
  <testcase classname="ptolemy.util.test.junit.AutoTests" name="[43] /home/travis/build/icyphy/ptII/ptolemy/domains/sdf/test/auto/relationGroup7.xml (RunModel)" time="0.009" />
  <testcase classname="ptolemy.util.test.junit.AutoTests" name="[44] /home/travis/build/icyphy/ptII/ptolemy/domains/sdf/test/auto/relationGroup8.xml (RunModel)" time="0.008" />
  <testcase classname="ptolemy.util.test.junit.AutoTests" name="[45] /home/travis/build/icyphy/ptII/ptolemy/domains/sdf/test/auto/relationGroup9.xml (RunModel)" time="0.02" />
  <testcase classname="ptolemy.util.test.junit.AutoTests" name="[46] /home/travis/build/icyphy/ptII/ptolemy/domains/sdf/test/auto/sdf_inside_de.xml (RunModel)" time="0.047" />
  <testcase classname="ptolemy.util.test.junit.AutoTests" name="[47] /home/travis/build/icyphy/ptII/ptolemy/domains/sdf/test/auto/sdf_inside_pn.xml (RunModel)" time="0.059" />
  <testcase classname="ptolemy.util.test.junit.AutoTests" name="[48] /home/travis/build/icyphy/ptII/ptolemy/domains/sdf/test/auto/sdf_sdf1.xml (RunModel)" time="0.02" />
  <testcase classname="ptolemy.util.test.junit.AutoTests" name="[49] /home/travis/build/icyphy/ptII/ptolemy/domains/sdf/test/auto/test1.xml (RunModel)" time="0.014" />
  <testcase classname="ptolemy.util.test.junit.AutoTests" name="[50] /home/travis/build/icyphy/ptII/ptolemy/domains/sdf/test/auto/time1.xml (RunModel)" time="0.009" />
  <testcase classname="ptolemy.util.test.junit.AutoTests" name="[51] /home/travis/build/icyphy/ptII/ptolemy/domains/sdf/test/auto/time2.xml (RunModel)" time="0.01" />
  <testcase classname="ptolemy.util.test.junit.AutoTests" name="[52] /home/travis/build/icyphy/ptII/ptolemy/domains/sdf/test/auto/time3.xml (RunModel)" time="0.023" />
  <testcase classname="ptolemy.util.test.junit.AutoTests" name="[53] /home/travis/build/icyphy/ptII/ptolemy/domains/sdf/test/auto/time4.xml (RunModel)" time="0.019" />
  <testcase classname="ptolemy.util.test.junit.AutoTests" name="[54] /home/travis/build/icyphy/ptII/ptolemy/domains/sdf/test/auto/time5.xml (RunModel)" time="4.009" />
  <testcase classname="ptolemy.util.test.junit.AutoTests" name="[55] /home/travis/build/icyphy/ptII/ptolemy/domains/sdf/test/auto/typeSystem_Const_Integer_smallest_Type.xml (RunModel)" time="0.026" />
  <testcase classname="ptolemy.util.test.junit.AutoTests" name="[56] /home/travis/build/icyphy/ptII/ptolemy/domains/sdf/test/auto/typeSystem_declared_Inports_OutportTypeException.xml (RunModel)" time="0.016" />
  <testcase classname="ptolemy.util.test.junit.AutoTests" name="[57] /home/travis/build/icyphy/ptII/ptolemy/domains/sdf/test/auto/typeSystem_oneDeclaredInportType_wrongTypeOutport.xml (RunModel)" time="0.022" />
  <testcase classname="ptolemy.util.test.junit.AutoTests" name="[58] /home/travis/build/icyphy/ptII/ptolemy/domains/sdf/test/auto/width.xml (RunModel)" time="0.009" />
  <testcase classname="ptolemy.util.test.junit.AutoTests" name="[59] /home/travis/build/icyphy/ptII/ptolemy/domains/sdf/test/auto/width2.xml (RunModel)" time="0.031" />
  <testcase classname="ptolemy.util.test.junit.AutoTests" name="[60] /home/travis/build/icyphy/ptII/ptolemy/domains/sdf/test/auto/width3.xml (RunModel)" time="0.031" />
  <system-out><![CDATA[/home/travis/build/icyphy/ptII/ptolemy/domains/sdf/test/SDFSchedulerErrors.tcl
testDefs.tcl: setting time out to 9000 seconds at Fri Jan 25 03:27:59 UTC 2019
15 ms. Memory: 116224K Free: 105555K (91%)
5 ms. Memory: 116224K Free: 98526K (85%)
4 ms. Memory: 116224K Free: 91545K (79%)
10 ms. Memory: 116224K Free: 88501K (76%)
/home/travis/build/icyphy/ptII/ptolemy/domains/sdf/test/composition.tcl
26 ms. Memory: 116224K Free: 84336K (73%)
4 ms. Memory: 116224K Free: 82529K (71%)
/home/travis/build/icyphy/ptII/ptolemy/domains/sdf/test/cycle.tcl
.Toplevel.Director Preinitializing ...
Invoking preinitialize():  .Toplevel.Actor1
Invoking preinitialize():  .Toplevel.Actor2
Invoking preinitialize():  .Toplevel.Delay
.Toplevel.Director Finished preinitialize().
### Schedule:
Execute Schedule{
Fire Actor ptolemy.domains.sdf.kernel.test.SDFTestDelay {.Toplevel.Actor1}
Fire Actor ptolemy.domains.sdf.kernel.test.SDFTestDelay {.Toplevel.Actor2}
Fire Actor ptolemy.domains.sdf.lib.SampleDelay {.Toplevel.Delay}
}
### End schedule
Called initialize().
Invoking initialize():  .Toplevel.Actor1
Initializing actor: .Toplevel.Actor1.
Invoking initialize():  .Toplevel.Actor2
Initializing actor: .Toplevel.Actor2.
Invoking initialize():  .Toplevel.Delay
Initializing actor: .Toplevel.Delay.
Director: Called prefire().
-- Setting current time to 0.0
Director prefire returns true.
The actor .Toplevel.Actor1 will be iterated.
The actor .Toplevel.Actor1 was iterated.
The actor .Toplevel.Actor2 will be iterated.
The actor .Toplevel.Actor2 was iterated.
The actor .Toplevel.Delay will be iterated.
The actor .Toplevel.Delay was iterated.
Director: Called postfire().
Postfire returns: true
Director: Called prefire().
-- Setting current time to 0.0
Director prefire returns true.
The actor .Toplevel.Actor1 will be iterated.
The actor .Toplevel.Actor1 was iterated.
The actor .Toplevel.Actor2 will be iterated.
The actor .Toplevel.Actor2 was iterated.
The actor .Toplevel.Delay will be iterated.
The actor .Toplevel.Delay was iterated.
Director: Called postfire().
Postfire returns: true
Director: Called prefire().
-- Setting current time to 0.0
Director prefire returns true.
The actor .Toplevel.Actor1 will be iterated.
The actor .Toplevel.Actor1 was iterated.
The actor .Toplevel.Actor2 will be iterated.
The actor .Toplevel.Actor2 was iterated.
The actor .Toplevel.Delay will be iterated.
The actor .Toplevel.Delay was iterated.
Director: Called postfire().
Postfire returns: true
Director: Called prefire().
-- Setting current time to 0.0
Director prefire returns true.
The actor .Toplevel.Actor1 will be iterated.
The actor .Toplevel.Actor1 was iterated.
The actor .Toplevel.Actor2 will be iterated.
The actor .Toplevel.Actor2 was iterated.
The actor .Toplevel.Delay will be iterated.
The actor .Toplevel.Delay was iterated.
Director: Called postfire().
Postfire returns: true
Director: Called prefire().
-- Setting current time to 0.0
Director prefire returns true.
The actor .Toplevel.Actor1 will be iterated.
The actor .Toplevel.Actor1 was iterated.
The actor .Toplevel.Actor2 will be iterated.
The actor .Toplevel.Actor2 was iterated.
The actor .Toplevel.Delay will be iterated.
The actor .Toplevel.Delay was iterated.
Director: Called postfire().
Postfire returns: true
Director: Called prefire().
-- Setting current time to 0.0
Director prefire returns true.
The actor .Toplevel.Actor1 will be iterated.
The actor .Toplevel.Actor1 was iterated.
The actor .Toplevel.Actor2 will be iterated.
The actor .Toplevel.Actor2 was iterated.
The actor .Toplevel.Delay will be iterated.
The actor .Toplevel.Delay was iterated.
Reached specified number of iterations: 6
Director: Called wrapup().
6 ms. Memory: 146944K Free: 142311K (97%)
01/25/19 03:28:00
Failed: 0  Total Tests: 8  ((Passed: 8, Newly Passed: 0)  Known Failed: 0) /home/travis/build/icyphy/ptII/ptolemy/domains/sdf/test
No auto/knownFailedTests/*.xml tests in /home/travis/build/icyphy/ptII/ptolemy/domains/sdf/test
No auto/linux-amd64/*.xml tests in /home/travis/build/icyphy/ptII/ptolemy/domains/sdf/test
AutoTests.java: About to close Vertx.
AutoTests.java: Vertx closed.

===========================================================================================
----------------- testing Fri Jan 25 03:28:01 UTC 2019 /home/travis/build/icyphy/ptII/ptolemy/domains/sdf/test/auto/Array.xml
----------------- Instantiating /home/travis/build/icyphy/ptII/ptolemy/domains/sdf/test/auto/Array.xml
61 ms. Memory: 146944K Free: 102561K (70%)
----------------- Invoking toplevel() on ptolemy.moml.MoMLSimpleApplication@149d777
----------------- Done invoking toplevel() on ptolemy.moml.MoMLSimpleApplication@149d777
reloadAllAccessors: .Array

===========================================================================================
----------------- testing Fri Jan 25 03:28:01 UTC 2019 /home/travis/build/icyphy/ptII/ptolemy/domains/sdf/test/auto/Butterfly.xml
----------------- Instantiating /home/travis/build/icyphy/ptII/ptolemy/domains/sdf/test/auto/Butterfly.xml
84 ms. Memory: 146944K Free: 95902K (65%)
----------------- Invoking toplevel() on ptolemy.moml.MoMLSimpleApplication@5994ae58
----------------- Done invoking toplevel() on ptolemy.moml.MoMLSimpleApplication@5994ae58
reloadAllAccessors: .Butterfly

===========================================================================================
----------------- testing Fri Jan 25 03:28:01 UTC 2019 /home/travis/build/icyphy/ptII/ptolemy/domains/sdf/test/auto/Expression.xml
----------------- Instantiating /home/travis/build/icyphy/ptII/ptolemy/domains/sdf/test/auto/Expression.xml
86 ms. Memory: 146944K Free: 90954K (62%)
----------------- Invoking toplevel() on ptolemy.moml.MoMLSimpleApplication@4566de3f
----------------- Done invoking toplevel() on ptolemy.moml.MoMLSimpleApplication@4566de3f
reloadAllAccessors: .Expression

===========================================================================================
----------------- testing Fri Jan 25 03:28:01 UTC 2019 /home/travis/build/icyphy/ptII/ptolemy/domains/sdf/test/auto/Eye.xml
----------------- Instantiating /home/travis/build/icyphy/ptII/ptolemy/domains/sdf/test/auto/Eye.xml
124 ms. Memory: 146944K Free: 120578K (82%)
----------------- Invoking toplevel() on ptolemy.moml.MoMLSimpleApplication@33a5a0de
----------------- Done invoking toplevel() on ptolemy.moml.MoMLSimpleApplication@33a5a0de
reloadAllAccessors: .Eye

===========================================================================================
----------------- testing Fri Jan 25 03:28:01 UTC 2019 /home/travis/build/icyphy/ptII/ptolemy/domains/sdf/test/auto/FixFIR.xml
----------------- Instantiating /home/travis/build/icyphy/ptII/ptolemy/domains/sdf/test/auto/FixFIR.xml
89 ms. Memory: 146944K Free: 83384K (57%)
----------------- Invoking toplevel() on ptolemy.moml.MoMLSimpleApplication@7473e07
----------------- Done invoking toplevel() on ptolemy.moml.MoMLSimpleApplication@7473e07
reloadAllAccessors: .FixFIR

===========================================================================================
----------------- testing Fri Jan 25 03:28:02 UTC 2019 /home/travis/build/icyphy/ptII/ptolemy/domains/sdf/test/auto/FixPoint.xml
----------------- Instantiating /home/travis/build/icyphy/ptII/ptolemy/domains/sdf/test/auto/FixPoint.xml
8 ms. Memory: 146944K Free: 78798K (54%)
----------------- Invoking toplevel() on ptolemy.moml.MoMLSimpleApplication@2cff50b
----------------- Done invoking toplevel() on ptolemy.moml.MoMLSimpleApplication@2cff50b
reloadAllAccessors: .FixPoint

===========================================================================================
----------------- testing Fri Jan 25 03:28:02 UTC 2019 /home/travis/build/icyphy/ptII/ptolemy/domains/sdf/test/auto/Gravitation.xml
----------------- Instantiating /home/travis/build/icyphy/ptII/ptolemy/domains/sdf/test/auto/Gravitation.xml
3178 ms. Memory: 208384K Free: 106588K (51%)
----------------- Invoking toplevel() on ptolemy.moml.MoMLSimpleApplication@3c9a60a1
----------------- Done invoking toplevel() on ptolemy.moml.MoMLSimpleApplication@3c9a60a1
reloadAllAccessors: .Gravitation

===========================================================================================
----------------- testing Fri Jan 25 03:28:05 UTC 2019 /home/travis/build/icyphy/ptII/ptolemy/domains/sdf/test/auto/GravitationWithCollisionDetection.xml
----------------- Instantiating /home/travis/build/icyphy/ptII/ptolemy/domains/sdf/test/auto/GravitationWithCollisionDetection.xml
5631 ms. Memory: 874496K Free: 340177K (39%)
----------------- Invoking toplevel() on ptolemy.moml.MoMLSimpleApplication@708bb85f
----------------- Done invoking toplevel() on ptolemy.moml.MoMLSimpleApplication@708bb85f
reloadAllAccessors: .GravitationWithCollisionDetection

===========================================================================================
----------------- testing Fri Jan 25 03:28:11 UTC 2019 /home/travis/build/icyphy/ptII/ptolemy/domains/sdf/test/auto/HDF.xml
----------------- Instantiating /home/travis/build/icyphy/ptII/ptolemy/domains/sdf/test/auto/HDF.xml
40 ms. Memory: 874496K Free: 307202K (35%)
----------------- Invoking toplevel() on ptolemy.moml.MoMLSimpleApplication@36b2cbe5
----------------- Done invoking toplevel() on ptolemy.moml.MoMLSimpleApplication@36b2cbe5
reloadAllAccessors: .HDF

===========================================================================================
----------------- testing Fri Jan 25 03:28:11 UTC 2019 /home/travis/build/icyphy/ptII/ptolemy/domains/sdf/test/auto/HDFwithTransientStates.xml
----------------- Instantiating /home/travis/build/icyphy/ptII/ptolemy/domains/sdf/test/auto/HDFwithTransientStates.xml
29 ms. Memory: 874496K Free: 283608K (32%)
----------------- Invoking toplevel() on ptolemy.moml.MoMLSimpleApplication@43089ed2
----------------- Done invoking toplevel() on ptolemy.moml.MoMLSimpleApplication@43089ed2
reloadAllAccessors: .HDFwithTransientStates

===========================================================================================
----------------- testing Fri Jan 25 03:28:11 UTC 2019 /home/travis/build/icyphy/ptII/ptolemy/domains/sdf/test/auto/HTVQ.xml
----------------- Instantiating /home/travis/build/icyphy/ptII/ptolemy/domains/sdf/test/auto/HTVQ.xml
741 ms. Memory: 874496K Free: 110597K (13%)
----------------- Invoking toplevel() on ptolemy.moml.MoMLSimpleApplication@4380501b
----------------- Done invoking toplevel() on ptolemy.moml.MoMLSimpleApplication@4380501b
reloadAllAccessors: .HTVQ

===========================================================================================
----------------- testing Fri Jan 25 03:28:12 UTC 2019 /home/travis/build/icyphy/ptII/ptolemy/domains/sdf/test/auto/InferInitProduction.xml
----------------- Instantiating /home/travis/build/icyphy/ptII/ptolemy/domains/sdf/test/auto/InferInitProduction.xml
8 ms. Memory: 874496K Free: 94879K (11%)
----------------- Invoking toplevel() on ptolemy.moml.MoMLSimpleApplication@7cc02a87
----------------- Done invoking toplevel() on ptolemy.moml.MoMLSimpleApplication@7cc02a87
reloadAllAccessors: .InferInitProduction

===========================================================================================
----------------- testing Fri Jan 25 03:28:12 UTC 2019 /home/travis/build/icyphy/ptII/ptolemy/domains/sdf/test/auto/InferInitProductionDeeper.xml
----------------- Instantiating /home/travis/build/icyphy/ptII/ptolemy/domains/sdf/test/auto/InferInitProductionDeeper.xml
4 ms. Memory: 874496K Free: 79161K (9%)
----------------- Invoking toplevel() on ptolemy.moml.MoMLSimpleApplication@29392cb7
----------------- Done invoking toplevel() on ptolemy.moml.MoMLSimpleApplication@29392cb7
reloadAllAccessors: .InferInitProductionDeeper

===========================================================================================
----------------- testing Fri Jan 25 03:28:12 UTC 2019 /home/travis/build/icyphy/ptII/ptolemy/domains/sdf/test/auto/LMSAdaptive.xml
----------------- Instantiating /home/travis/build/icyphy/ptII/ptolemy/domains/sdf/test/auto/LMSAdaptive.xml
15 ms. Memory: 875008K Free: 848858K (97%)
----------------- Invoking toplevel() on ptolemy.moml.MoMLSimpleApplication@1363ff27
----------------- Done invoking toplevel() on ptolemy.moml.MoMLSimpleApplication@1363ff27
reloadAllAccessors: .LMSAdaptive

===========================================================================================
----------------- testing Fri Jan 25 03:28:12 UTC 2019 /home/travis/build/icyphy/ptII/ptolemy/domains/sdf/test/auto/LogisticMap.xml
----------------- Instantiating /home/travis/build/icyphy/ptII/ptolemy/domains/sdf/test/auto/LogisticMap.xml
448 ms. Memory: 875008K Free: 834996K (95%)
----------------- Invoking toplevel() on ptolemy.moml.MoMLSimpleApplication@2fd477a
----------------- Done invoking toplevel() on ptolemy.moml.MoMLSimpleApplication@2fd477a
reloadAllAccessors: .LogisticMap

===========================================================================================
----------------- testing Fri Jan 25 03:28:12 UTC 2019 /home/travis/build/icyphy/ptII/ptolemy/domains/sdf/test/auto/MaximumEntropySpectrum.xml
----------------- Instantiating /home/travis/build/icyphy/ptII/ptolemy/domains/sdf/test/auto/MaximumEntropySpectrum.xml
65 ms. Memory: 875008K Free: 766746K (88%)
----------------- Invoking toplevel() on ptolemy.moml.MoMLSimpleApplication@15902ff5
----------------- Done invoking toplevel() on ptolemy.moml.MoMLSimpleApplication@15902ff5
reloadAllAccessors: .MaximumEntropySpectrum

===========================================================================================
----------------- testing Fri Jan 25 03:28:13 UTC 2019 /home/travis/build/icyphy/ptII/ptolemy/domains/sdf/test/auto/MultirateSDF.xml
----------------- Instantiating /home/travis/build/icyphy/ptII/ptolemy/domains/sdf/test/auto/MultirateSDF.xml
20 ms. Memory: 875008K Free: 745772K (85%)
----------------- Invoking toplevel() on ptolemy.moml.MoMLSimpleApplication@4ea69bf6
----------------- Done invoking toplevel() on ptolemy.moml.MoMLSimpleApplication@4ea69bf6
reloadAllAccessors: .MultirateSDF

===========================================================================================
----------------- testing Fri Jan 25 03:28:13 UTC 2019 /home/travis/build/icyphy/ptII/ptolemy/domains/sdf/test/auto/MultirateSDFwithTransientStates.xml
----------------- Instantiating /home/travis/build/icyphy/ptII/ptolemy/domains/sdf/test/auto/MultirateSDFwithTransientStates.xml
19 ms. Memory: 875008K Free: 719551K (82%)
----------------- Invoking toplevel() on ptolemy.moml.MoMLSimpleApplication@2ed14efe
----------------- Done invoking toplevel() on ptolemy.moml.MoMLSimpleApplication@2ed14efe
reloadAllAccessors: .MultirateSDFwithTransientStates

===========================================================================================
----------------- testing Fri Jan 25 03:28:13 UTC 2019 /home/travis/build/icyphy/ptII/ptolemy/domains/sdf/test/auto/NoisySinewave.xml
----------------- Instantiating /home/travis/build/icyphy/ptII/ptolemy/domains/sdf/test/auto/NoisySinewave.xml
16 ms. Memory: 875008K Free: 698577K (80%)
----------------- Invoking toplevel() on ptolemy.moml.MoMLSimpleApplication@24f9f18e
----------------- Done invoking toplevel() on ptolemy.moml.MoMLSimpleApplication@24f9f18e
reloadAllAccessors: .NoisySinewave

===========================================================================================
----------------- testing Fri Jan 25 03:28:13 UTC 2019 /home/travis/build/icyphy/ptII/ptolemy/domains/sdf/test/auto/Objects.xml
----------------- Instantiating /home/travis/build/icyphy/ptII/ptolemy/domains/sdf/test/auto/Objects.xml
3 ms. Memory: 875008K Free: 682843K (78%)
----------------- Invoking toplevel() on ptolemy.moml.MoMLSimpleApplication@78e1f2b8
----------------- Done invoking toplevel() on ptolemy.moml.MoMLSimpleApplication@78e1f2b8
reloadAllAccessors: .Objects

===========================================================================================
----------------- testing Fri Jan 25 03:28:13 UTC 2019 /home/travis/build/icyphy/ptII/ptolemy/domains/sdf/test/auto/OrthogonalCom.xml
----------------- Instantiating /home/travis/build/icyphy/ptII/ptolemy/domains/sdf/test/auto/OrthogonalCom.xml
6 ms. Memory: 875008K Free: 667108K (76%)
----------------- Invoking toplevel() on ptolemy.moml.MoMLSimpleApplication@6930a685
----------------- Done invoking toplevel() on ptolemy.moml.MoMLSimpleApplication@6930a685
reloadAllAccessors: .OrthogonalCom

===========================================================================================
----------------- testing Fri Jan 25 03:28:13 UTC 2019 /home/travis/build/icyphy/ptII/ptolemy/domains/sdf/test/auto/RijndaelEncryption.xml
----------------- Instantiating /home/travis/build/icyphy/ptII/ptolemy/domains/sdf/test/auto/RijndaelEncryption.xml
193 ms. Memory: 875008K Free: 504466K (58%)
----------------- Invoking toplevel() on ptolemy.moml.MoMLSimpleApplication@269682c8
----------------- Done invoking toplevel() on ptolemy.moml.MoMLSimpleApplication@269682c8
reloadAllAccessors: .RijndaelEncryption

===========================================================================================
----------------- testing Fri Jan 25 03:28:13 UTC 2019 /home/travis/build/icyphy/ptII/ptolemy/domains/sdf/test/auto/SDFEmptyIterations.xml
----------------- Instantiating /home/travis/build/icyphy/ptII/ptolemy/domains/sdf/test/auto/SDFEmptyIterations.xml
5 ms. Memory: 875008K Free: 493987K (56%)
----------------- Invoking toplevel() on ptolemy.moml.MoMLSimpleApplication@188a4afd
----------------- Done invoking toplevel() on ptolemy.moml.MoMLSimpleApplication@188a4afd
reloadAllAccessors: .SDFEmptyIterations

===========================================================================================
----------------- testing Fri Jan 25 03:28:13 UTC 2019 /home/travis/build/icyphy/ptII/ptolemy/domains/sdf/test/auto/Spectrum.xml
----------------- Instantiating /home/travis/build/icyphy/ptII/ptolemy/domains/sdf/test/auto/Spectrum.xml
20 ms. Memory: 875008K Free: 469897K (54%)
----------------- Invoking toplevel() on ptolemy.moml.MoMLSimpleApplication@29caa7eb
----------------- Done invoking toplevel() on ptolemy.moml.MoMLSimpleApplication@29caa7eb
reloadAllAccessors: .Spectrum

===========================================================================================
----------------- testing Fri Jan 25 03:28:13 UTC 2019 /home/travis/build/icyphy/ptII/ptolemy/domains/sdf/test/auto/de_inside_sdf.xml
----------------- Instantiating /home/travis/build/icyphy/ptII/ptolemy/domains/sdf/test/auto/de_inside_sdf.xml
4 ms. Memory: 875008K Free: 459418K (53%)
----------------- Invoking toplevel() on ptolemy.moml.MoMLSimpleApplication@3b8568f0
----------------- Done invoking toplevel() on ptolemy.moml.MoMLSimpleApplication@3b8568f0
reloadAllAccessors: .de_inside_sdf

===========================================================================================
----------------- testing Fri Jan 25 03:28:13 UTC 2019 /home/travis/build/icyphy/ptII/ptolemy/domains/sdf/test/auto/disconnectedHierarchicalSDF.xml
----------------- Instantiating /home/travis/build/icyphy/ptII/ptolemy/domains/sdf/test/auto/disconnectedHierarchicalSDF.xml
3 ms. Memory: 875008K Free: 448939K (51%)
----------------- Invoking toplevel() on ptolemy.moml.MoMLSimpleApplication@209d44bc
----------------- Done invoking toplevel() on ptolemy.moml.MoMLSimpleApplication@209d44bc
reloadAllAccessors: .disconnectedHierarchicalSDF

===========================================================================================
----------------- testing Fri Jan 25 03:28:13 UTC 2019 /home/travis/build/icyphy/ptII/ptolemy/domains/sdf/test/auto/disconnectedSDF.xml
----------------- Instantiating /home/travis/build/icyphy/ptII/ptolemy/domains/sdf/test/auto/disconnectedSDF.xml
3 ms. Memory: 875008K Free: 438460K (50%)
----------------- Invoking toplevel() on ptolemy.moml.MoMLSimpleApplication@6a4c9b73
----------------- Done invoking toplevel() on ptolemy.moml.MoMLSimpleApplication@6a4c9b73
reloadAllAccessors: .disconnectedSDF

===========================================================================================
----------------- testing Fri Jan 25 03:28:13 UTC 2019 /home/travis/build/icyphy/ptII/ptolemy/domains/sdf/test/auto/emptyRefinement.xml
----------------- Instantiating /home/travis/build/icyphy/ptII/ptolemy/domains/sdf/test/auto/emptyRefinement.xml
3 ms. Memory: 875008K Free: 427981K (49%)
----------------- Invoking toplevel() on ptolemy.moml.MoMLSimpleApplication@381c66b2
----------------- Done invoking toplevel() on ptolemy.moml.MoMLSimpleApplication@381c66b2
reloadAllAccessors: .emptyRefinement

===========================================================================================
----------------- testing Fri Jan 25 03:28:13 UTC 2019 /home/travis/build/icyphy/ptII/ptolemy/domains/sdf/test/auto/filePortParameter.xml
----------------- Instantiating /home/travis/build/icyphy/ptII/ptolemy/domains/sdf/test/auto/filePortParameter.xml
13 ms. Memory: 875008K Free: 412262K (47%)
----------------- Invoking toplevel() on ptolemy.moml.MoMLSimpleApplication@4e1e99a4
----------------- Done invoking toplevel() on ptolemy.moml.MoMLSimpleApplication@4e1e99a4
reloadAllAccessors: .filePortParameter

===========================================================================================
----------------- testing Fri Jan 25 03:28:14 UTC 2019 /home/travis/build/icyphy/ptII/ptolemy/domains/sdf/test/auto/inferRelationWidth1.xml
----------------- Instantiating /home/travis/build/icyphy/ptII/ptolemy/domains/sdf/test/auto/inferRelationWidth1.xml
2 ms. Memory: 875008K Free: 401784K (46%)
----------------- Invoking toplevel() on ptolemy.moml.MoMLSimpleApplication@e3482ec
----------------- Done invoking toplevel() on ptolemy.moml.MoMLSimpleApplication@e3482ec
reloadAllAccessors: .inferRelationWidth1

===========================================================================================
----------------- testing Fri Jan 25 03:28:14 UTC 2019 /home/travis/build/icyphy/ptII/ptolemy/domains/sdf/test/auto/initProductionInference.xml
----------------- Instantiating /home/travis/build/icyphy/ptII/ptolemy/domains/sdf/test/auto/initProductionInference.xml
7 ms. Memory: 875008K Free: 391305K (45%)
----------------- Invoking toplevel() on ptolemy.moml.MoMLSimpleApplication@3db11df7
----------------- Done invoking toplevel() on ptolemy.moml.MoMLSimpleApplication@3db11df7
reloadAllAccessors: .initProductionInference

===========================================================================================
----------------- testing Fri Jan 25 03:28:14 UTC 2019 /home/travis/build/icyphy/ptII/ptolemy/domains/sdf/test/auto/relationGroup.xml
----------------- Instantiating /home/travis/build/icyphy/ptII/ptolemy/domains/sdf/test/auto/relationGroup.xml
1 ms. Memory: 875008K Free: 380826K (44%)
----------------- Invoking toplevel() on ptolemy.moml.MoMLSimpleApplication@385903e
----------------- Done invoking toplevel() on ptolemy.moml.MoMLSimpleApplication@385903e
reloadAllAccessors: .relationGroup

===========================================================================================
----------------- testing Fri Jan 25 03:28:14 UTC 2019 /home/travis/build/icyphy/ptII/ptolemy/domains/sdf/test/auto/relationGroup10.xml
----------------- Instantiating /home/travis/build/icyphy/ptII/ptolemy/domains/sdf/test/auto/relationGroup10.xml
1 ms. Memory: 875008K Free: 367214K (42%)
----------------- Invoking toplevel() on ptolemy.moml.MoMLSimpleApplication@3d0daf20
----------------- Done invoking toplevel() on ptolemy.moml.MoMLSimpleApplication@3d0daf20
reloadAllAccessors: .relationGroup10

===========================================================================================
----------------- testing Fri Jan 25 03:28:14 UTC 2019 /home/travis/build/icyphy/ptII/ptolemy/domains/sdf/test/auto/relationGroup11.xml
----------------- Instantiating /home/travis/build/icyphy/ptII/ptolemy/domains/sdf/test/auto/relationGroup11.xml
2 ms. Memory: 875008K Free: 356735K (41%)
----------------- Invoking toplevel() on ptolemy.moml.MoMLSimpleApplication@1e7dc38f
----------------- Done invoking toplevel() on ptolemy.moml.MoMLSimpleApplication@1e7dc38f
reloadAllAccessors: .relationGroup11

===========================================================================================
----------------- testing Fri Jan 25 03:28:14 UTC 2019 /home/travis/build/icyphy/ptII/ptolemy/domains/sdf/test/auto/relationGroup12.xml
----------------- Instantiating /home/travis/build/icyphy/ptII/ptolemy/domains/sdf/test/auto/relationGroup12.xml
2 ms. Memory: 875008K Free: 346256K (40%)
----------------- Invoking toplevel() on ptolemy.moml.MoMLSimpleApplication@2bb6f175
----------------- Done invoking toplevel() on ptolemy.moml.MoMLSimpleApplication@2bb6f175
reloadAllAccessors: .relationGroup12

===========================================================================================
----------------- testing Fri Jan 25 03:28:14 UTC 2019 /home/travis/build/icyphy/ptII/ptolemy/domains/sdf/test/auto/relationGroup13.xml
----------------- Instantiating /home/travis/build/icyphy/ptII/ptolemy/domains/sdf/test/auto/relationGroup13.xml
3 ms. Memory: 875008K Free: 335777K (38%)
----------------- Invoking toplevel() on ptolemy.moml.MoMLSimpleApplication@679bd454
----------------- Done invoking toplevel() on ptolemy.moml.MoMLSimpleApplication@679bd454
reloadAllAccessors: .relationGroup13

===========================================================================================
----------------- testing Fri Jan 25 03:28:14 UTC 2019 /home/travis/build/icyphy/ptII/ptolemy/domains/sdf/test/auto/relationGroup14.xml
----------------- Instantiating /home/travis/build/icyphy/ptII/ptolemy/domains/sdf/test/auto/relationGroup14.xml
3 ms. Memory: 875008K Free: 325298K (37%)
----------------- Invoking toplevel() on ptolemy.moml.MoMLSimpleApplication@4ff84452
----------------- Done invoking toplevel() on ptolemy.moml.MoMLSimpleApplication@4ff84452
reloadAllAccessors: .relationGroup14

===========================================================================================
----------------- testing Fri Jan 25 03:28:14 UTC 2019 /home/travis/build/icyphy/ptII/ptolemy/domains/sdf/test/auto/relationGroup15.xml
----------------- Instantiating /home/travis/build/icyphy/ptII/ptolemy/domains/sdf/test/auto/relationGroup15.xml
1 ms. Memory: 875008K Free: 314820K (36%)
----------------- Invoking toplevel() on ptolemy.moml.MoMLSimpleApplication@88b77b4
----------------- Done invoking toplevel() on ptolemy.moml.MoMLSimpleApplication@88b77b4
reloadAllAccessors: .relationGroup15

===========================================================================================
----------------- testing Fri Jan 25 03:28:14 UTC 2019 /home/travis/build/icyphy/ptII/ptolemy/domains/sdf/test/auto/relationGroup2.xml
----------------- Instantiating /home/travis/build/icyphy/ptII/ptolemy/domains/sdf/test/auto/relationGroup2.xml
4 ms. Memory: 875008K Free: 304341K (35%)
----------------- Invoking toplevel() on ptolemy.moml.MoMLSimpleApplication@7f44e290
----------------- Done invoking toplevel() on ptolemy.moml.MoMLSimpleApplication@7f44e290
reloadAllAccessors: .relationGroup2

===========================================================================================
----------------- testing Fri Jan 25 03:28:14 UTC 2019 /home/travis/build/icyphy/ptII/ptolemy/domains/sdf/test/auto/relationGroup3.xml
----------------- Instantiating /home/travis/build/icyphy/ptII/ptolemy/domains/sdf/test/auto/relationGroup3.xml
1 ms. Memory: 875008K Free: 293862K (34%)
----------------- Invoking toplevel() on ptolemy.moml.MoMLSimpleApplication@2533d3d9
----------------- Done invoking toplevel() on ptolemy.moml.MoMLSimpleApplication@2533d3d9
reloadAllAccessors: .relationGroup3

===========================================================================================
----------------- testing Fri Jan 25 03:28:14 UTC 2019 /home/travis/build/icyphy/ptII/ptolemy/domains/sdf/test/auto/relationGroup4.xml
----------------- Instantiating /home/travis/build/icyphy/ptII/ptolemy/domains/sdf/test/auto/relationGroup4.xml
4 ms. Memory: 875008K Free: 283383K (32%)
----------------- Invoking toplevel() on ptolemy.moml.MoMLSimpleApplication@552a01ed
----------------- Done invoking toplevel() on ptolemy.moml.MoMLSimpleApplication@552a01ed
reloadAllAccessors: .relationGroup4

===========================================================================================
----------------- testing Fri Jan 25 03:28:14 UTC 2019 /home/travis/build/icyphy/ptII/ptolemy/domains/sdf/test/auto/relationGroup5.xml
----------------- Instantiating /home/travis/build/icyphy/ptII/ptolemy/domains/sdf/test/auto/relationGroup5.xml
2 ms. Memory: 875008K Free: 269771K (31%)
----------------- Invoking toplevel() on ptolemy.moml.MoMLSimpleApplication@7a0e2a62
----------------- Done invoking toplevel() on ptolemy.moml.MoMLSimpleApplication@7a0e2a62
reloadAllAccessors: .relationGroup5

===========================================================================================
----------------- testing Fri Jan 25 03:28:14 UTC 2019 /home/travis/build/icyphy/ptII/ptolemy/domains/sdf/test/auto/relationGroup6.xml
----------------- Instantiating /home/travis/build/icyphy/ptII/ptolemy/domains/sdf/test/auto/relationGroup6.xml
2 ms. Memory: 875008K Free: 259292K (30%)
----------------- Invoking toplevel() on ptolemy.moml.MoMLSimpleApplication@6dd8933d
----------------- Done invoking toplevel() on ptolemy.moml.MoMLSimpleApplication@6dd8933d
reloadAllAccessors: .relationGroup6

===========================================================================================
----------------- testing Fri Jan 25 03:28:14 UTC 2019 /home/travis/build/icyphy/ptII/ptolemy/domains/sdf/test/auto/relationGroup7.xml
----------------- Instantiating /home/travis/build/icyphy/ptII/ptolemy/domains/sdf/test/auto/relationGroup7.xml
1 ms. Memory: 875008K Free: 248813K (28%)
----------------- Invoking toplevel() on ptolemy.moml.MoMLSimpleApplication@373d0881
----------------- Done invoking toplevel() on ptolemy.moml.MoMLSimpleApplication@373d0881
reloadAllAccessors: .relationGroup7

===========================================================================================
----------------- testing Fri Jan 25 03:28:14 UTC 2019 /home/travis/build/icyphy/ptII/ptolemy/domains/sdf/test/auto/relationGroup8.xml
----------------- Instantiating /home/travis/build/icyphy/ptII/ptolemy/domains/sdf/test/auto/relationGroup8.xml
2 ms. Memory: 875008K Free: 238335K (27%)
----------------- Invoking toplevel() on ptolemy.moml.MoMLSimpleApplication@1dfa6fe1
----------------- Done invoking toplevel() on ptolemy.moml.MoMLSimpleApplication@1dfa6fe1
reloadAllAccessors: .relationGroup8

===========================================================================================
----------------- testing Fri Jan 25 03:28:14 UTC 2019 /home/travis/build/icyphy/ptII/ptolemy/domains/sdf/test/auto/relationGroup9.xml
----------------- Instantiating /home/travis/build/icyphy/ptII/ptolemy/domains/sdf/test/auto/relationGroup9.xml
5 ms. Memory: 875008K Free: 227856K (26%)
----------------- Invoking toplevel() on ptolemy.moml.MoMLSimpleApplication@b5a6201
----------------- Done invoking toplevel() on ptolemy.moml.MoMLSimpleApplication@b5a6201
reloadAllAccessors: .relationGroup9

===========================================================================================
----------------- testing Fri Jan 25 03:28:14 UTC 2019 /home/travis/build/icyphy/ptII/ptolemy/domains/sdf/test/auto/sdf_inside_de.xml
----------------- Instantiating /home/travis/build/icyphy/ptII/ptolemy/domains/sdf/test/auto/sdf_inside_de.xml
13 ms. Memory: 875008K Free: 212121K (24%)
----------------- Invoking toplevel() on ptolemy.moml.MoMLSimpleApplication@61102ccd
----------------- Done invoking toplevel() on ptolemy.moml.MoMLSimpleApplication@61102ccd
reloadAllAccessors: .sdf_inside_de

===========================================================================================
----------------- testing Fri Jan 25 03:28:14 UTC 2019 /home/travis/build/icyphy/ptII/ptolemy/domains/sdf/test/auto/sdf_inside_pn.xml
----------------- Instantiating /home/travis/build/icyphy/ptII/ptolemy/domains/sdf/test/auto/sdf_inside_pn.xml
38 ms. Memory: 875008K Free: 170205K (19%)
----------------- Invoking toplevel() on ptolemy.moml.MoMLSimpleApplication@6b0b4583
----------------- Done invoking toplevel() on ptolemy.moml.MoMLSimpleApplication@6b0b4583
reloadAllAccessors: .sdf_inside_pn

===========================================================================================
----------------- testing Fri Jan 25 03:28:14 UTC 2019 /home/travis/build/icyphy/ptII/ptolemy/domains/sdf/test/auto/sdf_sdf1.xml
----------------- Instantiating /home/travis/build/icyphy/ptII/ptolemy/domains/sdf/test/auto/sdf_sdf1.xml
4 ms. Memory: 875008K Free: 159726K (18%)
----------------- Invoking toplevel() on ptolemy.moml.MoMLSimpleApplication@5b8d8c7c
----------------- Done invoking toplevel() on ptolemy.moml.MoMLSimpleApplication@5b8d8c7c
reloadAllAccessors: .sdf_sdf1

===========================================================================================
----------------- testing Fri Jan 25 03:28:14 UTC 2019 /home/travis/build/icyphy/ptII/ptolemy/domains/sdf/test/auto/test1.xml
----------------- Instantiating /home/travis/build/icyphy/ptII/ptolemy/domains/sdf/test/auto/test1.xml
2 ms. Memory: 875008K Free: 149247K (17%)
----------------- Invoking toplevel() on ptolemy.moml.MoMLSimpleApplication@1eaf3207
----------------- Done invoking toplevel() on ptolemy.moml.MoMLSimpleApplication@1eaf3207
reloadAllAccessors: .test1

===========================================================================================
----------------- testing Fri Jan 25 03:28:14 UTC 2019 /home/travis/build/icyphy/ptII/ptolemy/domains/sdf/test/auto/time1.xml
----------------- Instantiating /home/travis/build/icyphy/ptII/ptolemy/domains/sdf/test/auto/time1.xml
2 ms. Memory: 875008K Free: 135636K (16%)
----------------- Invoking toplevel() on ptolemy.moml.MoMLSimpleApplication@1425be8d
----------------- Done invoking toplevel() on ptolemy.moml.MoMLSimpleApplication@1425be8d
reloadAllAccessors: .time1

===========================================================================================
----------------- testing Fri Jan 25 03:28:14 UTC 2019 /home/travis/build/icyphy/ptII/ptolemy/domains/sdf/test/auto/time2.xml
----------------- Instantiating /home/travis/build/icyphy/ptII/ptolemy/domains/sdf/test/auto/time2.xml
2 ms. Memory: 875008K Free: 125157K (14%)
----------------- Invoking toplevel() on ptolemy.moml.MoMLSimpleApplication@73836577
----------------- Done invoking toplevel() on ptolemy.moml.MoMLSimpleApplication@73836577
reloadAllAccessors: .time2

===========================================================================================
----------------- testing Fri Jan 25 03:28:14 UTC 2019 /home/travis/build/icyphy/ptII/ptolemy/domains/sdf/test/auto/time3.xml
----------------- Instantiating /home/travis/build/icyphy/ptII/ptolemy/domains/sdf/test/auto/time3.xml
7 ms. Memory: 875008K Free: 114678K (13%)
----------------- Invoking toplevel() on ptolemy.moml.MoMLSimpleApplication@742e122
----------------- Done invoking toplevel() on ptolemy.moml.MoMLSimpleApplication@742e122
reloadAllAccessors: .time3

===========================================================================================
----------------- testing Fri Jan 25 03:28:14 UTC 2019 /home/travis/build/icyphy/ptII/ptolemy/domains/sdf/test/auto/time4.xml
----------------- Instantiating /home/travis/build/icyphy/ptII/ptolemy/domains/sdf/test/auto/time4.xml
5 ms. Memory: 875008K Free: 104199K (12%)
----------------- Invoking toplevel() on ptolemy.moml.MoMLSimpleApplication@50bc50b6
----------------- Done invoking toplevel() on ptolemy.moml.MoMLSimpleApplication@50bc50b6
reloadAllAccessors: .time4

===========================================================================================
----------------- testing Fri Jan 25 03:28:14 UTC 2019 /home/travis/build/icyphy/ptII/ptolemy/domains/sdf/test/auto/time5.xml
----------------- Instantiating /home/travis/build/icyphy/ptII/ptolemy/domains/sdf/test/auto/time5.xml
4002 ms. Memory: 875008K Free: 93720K (11%)
----------------- Invoking toplevel() on ptolemy.moml.MoMLSimpleApplication@bfc6323
----------------- Done invoking toplevel() on ptolemy.moml.MoMLSimpleApplication@bfc6323
reloadAllAccessors: .time5

===========================================================================================
----------------- testing Fri Jan 25 03:28:18 UTC 2019 /home/travis/build/icyphy/ptII/ptolemy/domains/sdf/test/auto/typeSystem_Const_Integer_smallest_Type.xml
----------------- Instantiating /home/travis/build/icyphy/ptII/ptolemy/domains/sdf/test/auto/typeSystem_Const_Integer_smallest_Type.xml
6 ms. Memory: 875008K Free: 83241K (10%)
----------------- Invoking toplevel() on ptolemy.moml.MoMLSimpleApplication@cc8f773
----------------- Done invoking toplevel() on ptolemy.moml.MoMLSimpleApplication@cc8f773
reloadAllAccessors: .typeSystem_Const_Integer_smallest_Type

===========================================================================================
----------------- testing Fri Jan 25 03:28:18 UTC 2019 /home/travis/build/icyphy/ptII/ptolemy/domains/sdf/test/auto/typeSystem_declared_Inports_OutportTypeException.xml
----------------- Instantiating /home/travis/build/icyphy/ptII/ptolemy/domains/sdf/test/auto/typeSystem_declared_Inports_OutportTypeException.xml
.typeSystem_declared_Inports_OutportTypeException.TestExceptionAttribute: initialize() was not invoked, but wrapup() was.  This is unusual, but not always a problem.  For example, exporting JNLP will do this.
3 ms. Memory: 875008K Free: 76121K (9%)
----------------- Invoking toplevel() on ptolemy.moml.MoMLSimpleApplication@e7d67e8
----------------- Done invoking toplevel() on ptolemy.moml.MoMLSimpleApplication@e7d67e8
reloadAllAccessors: .typeSystem_declared_Inports_OutportTypeException

===========================================================================================
----------------- testing Fri Jan 25 03:28:18 UTC 2019 /home/travis/build/icyphy/ptII/ptolemy/domains/sdf/test/auto/typeSystem_oneDeclaredInportType_wrongTypeOutport.xml
----------------- Instantiating /home/travis/build/icyphy/ptII/ptolemy/domains/sdf/test/auto/typeSystem_oneDeclaredInportType_wrongTypeOutport.xml
2 ms. Memory: 830976K Free: 804350K (97%)
----------------- Invoking toplevel() on ptolemy.moml.MoMLSimpleApplication@340524ee
----------------- Done invoking toplevel() on ptolemy.moml.MoMLSimpleApplication@340524ee
reloadAllAccessors: .typeSystem_oneDeclaredInportType_wrongTypeOutport

===========================================================================================
----------------- testing Fri Jan 25 03:28:18 UTC 2019 /home/travis/build/icyphy/ptII/ptolemy/domains/sdf/test/auto/width.xml
----------------- Instantiating /home/travis/build/icyphy/ptII/ptolemy/domains/sdf/test/auto/width.xml
1 ms. Memory: 830976K Free: 787344K (95%)
----------------- Invoking toplevel() on ptolemy.moml.MoMLSimpleApplication@7f11a0e0
----------------- Done invoking toplevel() on ptolemy.moml.MoMLSimpleApplication@7f11a0e0
reloadAllAccessors: .width

===========================================================================================
----------------- testing Fri Jan 25 03:28:18 UTC 2019 /home/travis/build/icyphy/ptII/ptolemy/domains/sdf/test/auto/width2.xml
----------------- Instantiating /home/travis/build/icyphy/ptII/ptolemy/domains/sdf/test/auto/width2.xml
23 ms. Memory: 830976K Free: 772373K (93%)
----------------- Invoking toplevel() on ptolemy.moml.MoMLSimpleApplication@4ad5295e
----------------- Done invoking toplevel() on ptolemy.moml.MoMLSimpleApplication@4ad5295e
reloadAllAccessors: .width2

===========================================================================================
----------------- testing Fri Jan 25 03:28:18 UTC 2019 /home/travis/build/icyphy/ptII/ptolemy/domains/sdf/test/auto/width3.xml
----------------- Instantiating /home/travis/build/icyphy/ptII/ptolemy/domains/sdf/test/auto/width3.xml
22 ms. Memory: 830976K Free: 757247K (91%)
----------------- Invoking toplevel() on ptolemy.moml.MoMLSimpleApplication@32e20fdb
----------------- Done invoking toplevel() on ptolemy.moml.MoMLSimpleApplication@32e20fdb
reloadAllAccessors: .width3
AutoTests.java: About to close Vertx.
AutoTests.java: Vertx closed.
]]></system-out>
  <system-err><![CDATA[java.lang.RuntimeException: Execution failed
	at ptolemy.moml.MoMLSimpleApplication$UnloadThread.run(MoMLSimpleApplication.java:402)
Caused by: ptolemy.actor.sched.NotSchedulableException: No solution exists for the balance equations.
Graph is not consistent under the SDF domain detected on external port .rateConsistency.actor.port2
  in .rateConsistency.SDF Director.Scheduler
	at ptolemy.domains.sdf.kernel.SDFScheduler._propagatePort(SDFScheduler.java:1425)
	at ptolemy.domains.sdf.kernel.SDFScheduler._solveBalanceEquations(SDFScheduler.java:710)
	at ptolemy.domains.sdf.kernel.SDFScheduler._getSchedule(SDFScheduler.java:566)
	at ptolemy.actor.sched.Scheduler.getSchedule(Scheduler.java:189)
	at ptolemy.domains.sdf.kernel.SDFDirector.createSchedule(SDFDirector.java:408)
	at ptolemy.domains.sdf.kernel.SDFDirector.preinitialize(SDFDirector.java:764)
	at ptolemy.actor.CompositeActor.preinitialize(CompositeActor.java:1828)
	at ptolemy.actor.Manager.preinitializeAndResolveTypes(Manager.java:1040)
	at ptolemy.actor.Manager.initialize(Manager.java:710)
	at ptolemy.actor.Manager.execute(Manager.java:356)
	at ptolemy.actor.Manager.run(Manager.java:1263)
	at ptolemy.actor.Manager$PtolemyRunThread.run(Manager.java:1915)
java.lang.RuntimeException: Execution failed
	at ptolemy.moml.MoMLSimpleApplication$UnloadThread.run(MoMLSimpleApplication.java:402)
Caused by: ptolemy.kernel.util.IllegalActionException: Failed to compute schedule:
  in .badRateChanges.typed composite actor.SDF Director
Because:
The SDF rate parameter may change. This is not allowed in SDF models that will be run through the code generator.  If you don't care about code generation, then you might consider setting the allowRateChanges parameter of the SDF director to false.
  in .badRateChanges.typed composite actor.Repeat.output.tokenProductionRate
	at ptolemy.domains.sdf.kernel.SDFDirector.createSchedule(SDFDirector.java:418)
	at ptolemy.domains.sdf.kernel.SDFDirector.preinitialize(SDFDirector.java:764)
	at ptolemy.actor.CompositeActor.preinitialize(CompositeActor.java:1828)
	at ptolemy.actor.Director.preinitialize(Director.java:1302)
	at ptolemy.actor.Director.preinitialize(Director.java:1257)
	at ptolemy.domains.sdf.kernel.SDFDirector.preinitialize(SDFDirector.java:763)
	at ptolemy.actor.CompositeActor.preinitialize(CompositeActor.java:1828)
	at ptolemy.actor.Manager.preinitializeAndResolveTypes(Manager.java:1040)
	at ptolemy.actor.Manager.initialize(Manager.java:710)
	at ptolemy.actor.Manager.execute(Manager.java:356)
	at ptolemy.actor.Manager.run(Manager.java:1263)
	at ptolemy.actor.Manager$PtolemyRunThread.run(Manager.java:1915)
Caused by: ptolemy.kernel.util.IllegalActionException: The SDF rate parameter may change. This is not allowed in SDF models that will be run through the code generator.  If you don't care about code generation, then you might consider setting the allowRateChanges parameter of the SDF director to false.
  in .badRateChanges.typed composite actor.Repeat.output.tokenProductionRate
	at ptolemy.domains.sdf.kernel.SDFScheduler._assertDynamicRateVariable(SDFScheduler.java:931)
	at ptolemy.domains.sdf.kernel.SDFScheduler._checkDynamicRateVariables(SDFScheduler.java:339)
	at ptolemy.domains.sdf.kernel.SDFScheduler._getSchedule(SDFScheduler.java:527)
	at ptolemy.actor.sched.Scheduler.getSchedule(Scheduler.java:189)
	at ptolemy.domains.sdf.kernel.SDFDirector.createSchedule(SDFDirector.java:408)
	... 11 more
java.lang.RuntimeException: Execution failed
	at ptolemy.moml.MoMLSimpleApplication$UnloadThread.run(MoMLSimpleApplication.java:402)
Caused by: ptolemy.kernel.util.IllegalActionException: Failed to compute schedule:
  in .badRateChanges2.typed composite actor.SDF Director
Because:
The SDF rate parameter may change. This is not allowed in SDF models that will be run through the code generator.  If you don't care about code generation, then you might consider setting the allowRateChanges parameter of the SDF director to false.
  in .badRateChanges2.typed composite actor.Repeat.output.tokenProductionRate
	at ptolemy.domains.sdf.kernel.SDFDirector.createSchedule(SDFDirector.java:418)
	at ptolemy.domains.sdf.kernel.SDFDirector.preinitialize(SDFDirector.java:764)
	at ptolemy.actor.CompositeActor.preinitialize(CompositeActor.java:1828)
	at ptolemy.actor.Director.preinitialize(Director.java:1302)
	at ptolemy.actor.Director.preinitialize(Director.java:1257)
	at ptolemy.domains.sdf.kernel.SDFDirector.preinitialize(SDFDirector.java:763)
	at ptolemy.actor.CompositeActor.preinitialize(CompositeActor.java:1828)
	at ptolemy.actor.Manager.preinitializeAndResolveTypes(Manager.java:1040)
	at ptolemy.actor.Manager.initialize(Manager.java:710)
	at ptolemy.actor.Manager.execute(Manager.java:356)
	at ptolemy.actor.Manager.run(Manager.java:1263)
	at ptolemy.actor.Manager$PtolemyRunThread.run(Manager.java:1915)
Caused by: ptolemy.kernel.util.IllegalActionException: The SDF rate parameter may change. This is not allowed in SDF models that will be run through the code generator.  If you don't care about code generation, then you might consider setting the allowRateChanges parameter of the SDF director to false.
  in .badRateChanges2.typed composite actor.Repeat.output.tokenProductionRate
	at ptolemy.domains.sdf.kernel.SDFScheduler._assertDynamicRateVariable(SDFScheduler.java:931)
	at ptolemy.domains.sdf.kernel.SDFScheduler._checkDynamicRateVariables(SDFScheduler.java:339)
	at ptolemy.domains.sdf.kernel.SDFScheduler._getSchedule(SDFScheduler.java:527)
	at ptolemy.actor.sched.Scheduler.getSchedule(Scheduler.java:189)
	at ptolemy.domains.sdf.kernel.SDFDirector.createSchedule(SDFDirector.java:408)
	... 11 more
java.lang.RuntimeException: Execution failed
	at ptolemy.moml.MoMLSimpleApplication$UnloadThread.run(MoMLSimpleApplication.java:402)
Caused by: ptolemy.actor.sched.NotSchedulableException: Actors remain that cannot be scheduled!

There are several possible reasons:
* SDF Graphs with feedback loops should have an actor with a delay in the loop, such as a SampleDelay.
* The SDF director has an "allowDisconnectedGraphs"parameter, which, when true, permits disconnected SDF graphs.
* The token consumption rate and production rates might be mismatched.
Usually, actors produce one token or consume one token on a port.  To produce or consume multiple tokens per firing, add a "tokenConsumptionRate" or "tokenProductionRate" parameter to the appropriate port.
Unscheduled actors:
.partiallyConnected.Const2 
Scheduled actors:
.partiallyConnected.Const 
  in .partiallyConnected.SDF Director.Scheduler
	at ptolemy.domains.sdf.kernel.SDFScheduler._scheduleConnectedActors(SDFScheduler.java:1828)
	at ptolemy.domains.sdf.kernel.SDFScheduler._getSchedule(SDFScheduler.java:587)
	at ptolemy.actor.sched.Scheduler.getSchedule(Scheduler.java:189)
	at ptolemy.domains.sdf.kernel.SDFDirector.createSchedule(SDFDirector.java:408)
	at ptolemy.domains.sdf.kernel.SDFDirector.preinitialize(SDFDirector.java:764)
	at ptolemy.actor.CompositeActor.preinitialize(CompositeActor.java:1828)
	at ptolemy.actor.Manager.preinitializeAndResolveTypes(Manager.java:1040)
	at ptolemy.actor.Manager.initialize(Manager.java:710)
	at ptolemy.actor.Manager.execute(Manager.java:356)
	at ptolemy.actor.Manager.run(Manager.java:1263)
	at ptolemy.actor.Manager$PtolemyRunThread.run(Manager.java:1915)
]]></system-err>
</testsuite>
