<?xml version="1.0" encoding="UTF-8" ?>
<testsuite errors="0" failures="0" hostname="travis-job-93f49e09-a51b-43f3-9c44-ecebd2092236" name="ptolemy.domains.sdf.test.junit.JUnitTclTest" skipped="0" tests="66" time="19.193" timestamp="2020-03-06T07:28:31">
  <properties>
[...]
</properties>
  <testcase classname="ptolemy.util.test.junit.TclTests" name="[0] /home/travis/build/icyphy/ptII/ptolemy/domains/sdf/test/SDFSchedulerErrors.tcl (RunTclFile)" time="0.907" />
  <testcase classname="ptolemy.util.test.junit.TclTests" name="[1] /home/travis/build/icyphy/ptII/ptolemy/domains/sdf/test/composition.tcl (RunTclFile)" time="0.136" />
  <testcase classname="ptolemy.util.test.junit.TclTests" name="[2] /home/travis/build/icyphy/ptII/ptolemy/domains/sdf/test/cycle.tcl (RunTclFile)" time="0.072" />
  <testcase classname="ptolemy.util.test.junit.AutoKnownFailedTests" name="[0] ThereAreNoKnowFailedTests (RunModel)" time="0.004" />
  <testcase classname="ptolemy.util.test.junit.AutoNameArchTests" name="[0] ThereAreNoAutoArchTests (RunModel)" time="0.0" />
  <testcase classname="ptolemy.util.test.junit.AutoTests" name="[0] /home/travis/build/icyphy/ptII/ptolemy/domains/sdf/test/auto/Array.xml (RunModel)" time="0.243" />
  <testcase classname="ptolemy.util.test.junit.AutoTests" name="[1] /home/travis/build/icyphy/ptII/ptolemy/domains/sdf/test/auto/Butterfly.xml (RunModel)" time="0.139" />
  <testcase classname="ptolemy.util.test.junit.AutoTests" name="[2] /home/travis/build/icyphy/ptII/ptolemy/domains/sdf/test/auto/Expression.xml (RunModel)" time="0.083" />
  <testcase classname="ptolemy.util.test.junit.AutoTests" name="[3] /home/travis/build/icyphy/ptII/ptolemy/domains/sdf/test/auto/Eye.xml (RunModel)" time="0.254" />
  <testcase classname="ptolemy.util.test.junit.AutoTests" name="[4] /home/travis/build/icyphy/ptII/ptolemy/domains/sdf/test/auto/FixFIR.xml (RunModel)" time="0.371" />
  <testcase classname="ptolemy.util.test.junit.AutoTests" name="[5] /home/travis/build/icyphy/ptII/ptolemy/domains/sdf/test/auto/FixPoint.xml (RunModel)" time="0.039" />
  <testcase classname="ptolemy.util.test.junit.AutoTests" name="[6] /home/travis/build/icyphy/ptII/ptolemy/domains/sdf/test/auto/Gravitation.xml (RunModel)" time="3.254" />
  <testcase classname="ptolemy.util.test.junit.AutoTests" name="[7] /home/travis/build/icyphy/ptII/ptolemy/domains/sdf/test/auto/GravitationWithCollisionDetection.xml (RunModel)" time="5.575" />
  <testcase classname="ptolemy.util.test.junit.AutoTests" name="[8] /home/travis/build/icyphy/ptII/ptolemy/domains/sdf/test/auto/HDF.xml (RunModel)" time="0.1" />
  <testcase classname="ptolemy.util.test.junit.AutoTests" name="[9] /home/travis/build/icyphy/ptII/ptolemy/domains/sdf/test/auto/HDFwithTransientStates.xml (RunModel)" time="0.105" />
  <testcase classname="ptolemy.util.test.junit.AutoTests" name="[10] /home/travis/build/icyphy/ptII/ptolemy/domains/sdf/test/auto/HTVQ.xml (RunModel)" time="0.834" />
  <testcase classname="ptolemy.util.test.junit.AutoTests" name="[11] /home/travis/build/icyphy/ptII/ptolemy/domains/sdf/test/auto/InferInitProduction.xml (RunModel)" time="0.031" />
  <testcase classname="ptolemy.util.test.junit.AutoTests" name="[12] /home/travis/build/icyphy/ptII/ptolemy/domains/sdf/test/auto/InferInitProductionDeeper.xml (RunModel)" time="0.03" />
  <testcase classname="ptolemy.util.test.junit.AutoTests" name="[13] /home/travis/build/icyphy/ptII/ptolemy/domains/sdf/test/auto/LMSAdaptive.xml (RunModel)" time="0.082" />
  <testcase classname="ptolemy.util.test.junit.AutoTests" name="[14] /home/travis/build/icyphy/ptII/ptolemy/domains/sdf/test/auto/LogisticMap.xml (RunModel)" time="0.481" />
  <testcase classname="ptolemy.util.test.junit.AutoTests" name="[15] /home/travis/build/icyphy/ptII/ptolemy/domains/sdf/test/auto/MaximumEntropySpectrum.xml (RunModel)" time="0.275" />
  <testcase classname="ptolemy.util.test.junit.AutoTests" name="[16] /home/travis/build/icyphy/ptII/ptolemy/domains/sdf/test/auto/MultirateSDF.xml (RunModel)" time="0.06" />
  <testcase classname="ptolemy.util.test.junit.AutoTests" name="[17] /home/travis/build/icyphy/ptII/ptolemy/domains/sdf/test/auto/MultirateSDFwithTransientStates.xml (RunModel)" time="0.079" />
  <testcase classname="ptolemy.util.test.junit.AutoTests" name="[18] /home/travis/build/icyphy/ptII/ptolemy/domains/sdf/test/auto/NoisySinewave.xml (RunModel)" time="0.063" />
  <testcase classname="ptolemy.util.test.junit.AutoTests" name="[19] /home/travis/build/icyphy/ptII/ptolemy/domains/sdf/test/auto/Objects.xml (RunModel)" time="0.038" />
  <testcase classname="ptolemy.util.test.junit.AutoTests" name="[20] /home/travis/build/icyphy/ptII/ptolemy/domains/sdf/test/auto/OrthogonalCom.xml (RunModel)" time="0.047" />
  <testcase classname="ptolemy.util.test.junit.AutoTests" name="[21] /home/travis/build/icyphy/ptII/ptolemy/domains/sdf/test/auto/RijndaelEncryption.xml (RunModel)" time="0.455" />
  <testcase classname="ptolemy.util.test.junit.AutoTests" name="[22] /home/travis/build/icyphy/ptII/ptolemy/domains/sdf/test/auto/SDFEmptyIterations.xml (RunModel)" time="0.021" />
  <testcase classname="ptolemy.util.test.junit.AutoTests" name="[23] /home/travis/build/icyphy/ptII/ptolemy/domains/sdf/test/auto/Spectrum.xml (RunModel)" time="0.091" />
  <testcase classname="ptolemy.util.test.junit.AutoTests" name="[24] /home/travis/build/icyphy/ptII/ptolemy/domains/sdf/test/auto/de_inside_sdf.xml (RunModel)" time="0.025" />
  <testcase classname="ptolemy.util.test.junit.AutoTests" name="[25] /home/travis/build/icyphy/ptII/ptolemy/domains/sdf/test/auto/disconnectedHierarchicalSDF.xml (RunModel)" time="0.029" />
  <testcase classname="ptolemy.util.test.junit.AutoTests" name="[26] /home/travis/build/icyphy/ptII/ptolemy/domains/sdf/test/auto/disconnectedSDF.xml (RunModel)" time="0.015" />
  <testcase classname="ptolemy.util.test.junit.AutoTests" name="[27] /home/travis/build/icyphy/ptII/ptolemy/domains/sdf/test/auto/emptyRefinement.xml (RunModel)" time="0.021" />
  <testcase classname="ptolemy.util.test.junit.AutoTests" name="[28] /home/travis/build/icyphy/ptII/ptolemy/domains/sdf/test/auto/filePortParameter.xml (RunModel)" time="0.038" />
  <testcase classname="ptolemy.util.test.junit.AutoTests" name="[29] /home/travis/build/icyphy/ptII/ptolemy/domains/sdf/test/auto/inferRelationWidth1.xml (RunModel)" time="0.012" />
  <testcase classname="ptolemy.util.test.junit.AutoTests" name="[30] /home/travis/build/icyphy/ptII/ptolemy/domains/sdf/test/auto/initProductionInference.xml (RunModel)" time="0.017" />
  <testcase classname="ptolemy.util.test.junit.AutoTests" name="[31] /home/travis/build/icyphy/ptII/ptolemy/domains/sdf/test/auto/relationGroup.xml (RunModel)" time="0.012" />
  <testcase classname="ptolemy.util.test.junit.AutoTests" name="[32] /home/travis/build/icyphy/ptII/ptolemy/domains/sdf/test/auto/relationGroup10.xml (RunModel)" time="0.015" />
  <testcase classname="ptolemy.util.test.junit.AutoTests" name="[33] /home/travis/build/icyphy/ptII/ptolemy/domains/sdf/test/auto/relationGroup11.xml (RunModel)" time="0.013" />
  <testcase classname="ptolemy.util.test.junit.AutoTests" name="[34] /home/travis/build/icyphy/ptII/ptolemy/domains/sdf/test/auto/relationGroup12.xml (RunModel)" time="0.013" />
  <testcase classname="ptolemy.util.test.junit.AutoTests" name="[35] /home/travis/build/icyphy/ptII/ptolemy/domains/sdf/test/auto/relationGroup13.xml (RunModel)" time="0.021" />
  <testcase classname="ptolemy.util.test.junit.AutoTests" name="[36] /home/travis/build/icyphy/ptII/ptolemy/domains/sdf/test/auto/relationGroup14.xml (RunModel)" time="0.018" />
  <testcase classname="ptolemy.util.test.junit.AutoTests" name="[37] /home/travis/build/icyphy/ptII/ptolemy/domains/sdf/test/auto/relationGroup15.xml (RunModel)" time="0.01" />
  <testcase classname="ptolemy.util.test.junit.AutoTests" name="[38] /home/travis/build/icyphy/ptII/ptolemy/domains/sdf/test/auto/relationGroup2.xml (RunModel)" time="0.009" />
  <testcase classname="ptolemy.util.test.junit.AutoTests" name="[39] /home/travis/build/icyphy/ptII/ptolemy/domains/sdf/test/auto/relationGroup3.xml (RunModel)" time="0.007" />
  <testcase classname="ptolemy.util.test.junit.AutoTests" name="[40] /home/travis/build/icyphy/ptII/ptolemy/domains/sdf/test/auto/relationGroup4.xml (RunModel)" time="0.012" />
  <testcase classname="ptolemy.util.test.junit.AutoTests" name="[41] /home/travis/build/icyphy/ptII/ptolemy/domains/sdf/test/auto/relationGroup5.xml (RunModel)" time="0.011" />
  <testcase classname="ptolemy.util.test.junit.AutoTests" name="[42] /home/travis/build/icyphy/ptII/ptolemy/domains/sdf/test/auto/relationGroup6.xml (RunModel)" time="0.01" />
  <testcase classname="ptolemy.util.test.junit.AutoTests" name="[43] /home/travis/build/icyphy/ptII/ptolemy/domains/sdf/test/auto/relationGroup7.xml (RunModel)" time="0.016" />
  <testcase classname="ptolemy.util.test.junit.AutoTests" name="[44] /home/travis/build/icyphy/ptII/ptolemy/domains/sdf/test/auto/relationGroup8.xml (RunModel)" time="0.013" />
  <testcase classname="ptolemy.util.test.junit.AutoTests" name="[45] /home/travis/build/icyphy/ptII/ptolemy/domains/sdf/test/auto/relationGroup9.xml (RunModel)" time="0.017" />
  <testcase classname="ptolemy.util.test.junit.AutoTests" name="[46] /home/travis/build/icyphy/ptII/ptolemy/domains/sdf/test/auto/sdf_inside_de.xml (RunModel)" time="0.032" />
  <testcase classname="ptolemy.util.test.junit.AutoTests" name="[47] /home/travis/build/icyphy/ptII/ptolemy/domains/sdf/test/auto/sdf_inside_pn.xml (RunModel)" time="0.049" />
  <testcase classname="ptolemy.util.test.junit.AutoTests" name="[48] /home/travis/build/icyphy/ptII/ptolemy/domains/sdf/test/auto/sdf_sdf1.xml (RunModel)" time="0.015" />
  <testcase classname="ptolemy.util.test.junit.AutoTests" name="[49] /home/travis/build/icyphy/ptII/ptolemy/domains/sdf/test/auto/test1.xml (RunModel)" time="0.014" />
  <testcase classname="ptolemy.util.test.junit.AutoTests" name="[50] /home/travis/build/icyphy/ptII/ptolemy/domains/sdf/test/auto/time1.xml (RunModel)" time="0.01" />
  <testcase classname="ptolemy.util.test.junit.AutoTests" name="[51] /home/travis/build/icyphy/ptII/ptolemy/domains/sdf/test/auto/time2.xml (RunModel)" time="0.009" />
  <testcase classname="ptolemy.util.test.junit.AutoTests" name="[52] /home/travis/build/icyphy/ptII/ptolemy/domains/sdf/test/auto/time3.xml (RunModel)" time="0.02" />
  <testcase classname="ptolemy.util.test.junit.AutoTests" name="[53] /home/travis/build/icyphy/ptII/ptolemy/domains/sdf/test/auto/time4.xml (RunModel)" time="0.017" />
  <testcase classname="ptolemy.util.test.junit.AutoTests" name="[54] /home/travis/build/icyphy/ptII/ptolemy/domains/sdf/test/auto/time5.xml (RunModel)" time="4.007" />
  <testcase classname="ptolemy.util.test.junit.AutoTests" name="[55] /home/travis/build/icyphy/ptII/ptolemy/domains/sdf/test/auto/typeSystem_Const_Integer_smallest_Type.xml (RunModel)" time="0.036" />
  <testcase classname="ptolemy.util.test.junit.AutoTests" name="[56] /home/travis/build/icyphy/ptII/ptolemy/domains/sdf/test/auto/typeSystem_declared_Inports_OutportTypeException.xml (RunModel)" time="0.026" />
  <testcase classname="ptolemy.util.test.junit.AutoTests" name="[57] /home/travis/build/icyphy/ptII/ptolemy/domains/sdf/test/auto/typeSystem_oneDeclaredInportType_wrongTypeOutport.xml (RunModel)" time="0.026" />
  <testcase classname="ptolemy.util.test.junit.AutoTests" name="[58] /home/travis/build/icyphy/ptII/ptolemy/domains/sdf/test/auto/width.xml (RunModel)" time="0.01" />
  <testcase classname="ptolemy.util.test.junit.AutoTests" name="[59] /home/travis/build/icyphy/ptII/ptolemy/domains/sdf/test/auto/width2.xml (RunModel)" time="0.029" />
  <testcase classname="ptolemy.util.test.junit.AutoTests" name="[60] /home/travis/build/icyphy/ptII/ptolemy/domains/sdf/test/auto/width3.xml (RunModel)" time="0.031" />
  <system-out><![CDATA[/home/travis/build/icyphy/ptII/ptolemy/domains/sdf/test/SDFSchedulerErrors.tcl
testDefs.tcl: setting time out to 9000 seconds at Fri Mar 06 07:28:32 UTC 2020
98 ms. Memory: 129024K Free: 89419K (69%)
7 ms. Memory: 129024K Free: 81744K (63%)
15 ms. Memory: 129024K Free: 75071K (58%)
13 ms. Memory: 129024K Free: 72014K (56%)
/home/travis/build/icyphy/ptII/ptolemy/domains/sdf/test/composition.tcl
28 ms. Memory: 129024K Free: 67917K (53%)
17 ms. Memory: 129024K Free: 66384K (51%)
/home/travis/build/icyphy/ptII/ptolemy/domains/sdf/test/cycle.tcl
.Toplevel.Director Preinitializing ...
Invoking preinitialize():  .Toplevel.Actor1
Invoking preinitialize():  .Toplevel.Actor2
Invoking preinitialize():  .Toplevel.Delay
.Toplevel.Director Finished preinitialize().
### Schedule:
Execute Schedule{
Fire Actor ptolemy.domains.sdf.kernel.test.SDFTestDelay {.Toplevel.Actor1}
Fire Actor ptolemy.domains.sdf.kernel.test.SDFTestDelay {.Toplevel.Actor2}
Fire Actor ptolemy.domains.sdf.lib.SampleDelay {.Toplevel.Delay}
}
### End schedule
Called initialize().
Invoking initialize():  .Toplevel.Actor1
Initializing actor: .Toplevel.Actor1.
Invoking initialize():  .Toplevel.Actor2
Initializing actor: .Toplevel.Actor2.
Invoking initialize():  .Toplevel.Delay
Initializing actor: .Toplevel.Delay.
Director: Called prefire().
-- Setting current time to 0.0
Director prefire returns true.
The actor .Toplevel.Actor1 will be iterated.
The actor .Toplevel.Actor1 was iterated.
The actor .Toplevel.Actor2 will be iterated.
The actor .Toplevel.Actor2 was iterated.
The actor .Toplevel.Delay will be iterated.
The actor .Toplevel.Delay was iterated.
Director: Called postfire().
Postfire returns: true
Director: Called prefire().
-- Setting current time to 0.0
Director prefire returns true.
The actor .Toplevel.Actor1 will be iterated.
The actor .Toplevel.Actor1 was iterated.
The actor .Toplevel.Actor2 will be iterated.
The actor .Toplevel.Actor2 was iterated.
The actor .Toplevel.Delay will be iterated.
The actor .Toplevel.Delay was iterated.
Director: Called postfire().
Postfire returns: true
Director: Called prefire().
-- Setting current time to 0.0
Director prefire returns true.
The actor .Toplevel.Actor1 will be iterated.
The actor .Toplevel.Actor1 was iterated.
The actor .Toplevel.Actor2 will be iterated.
The actor .Toplevel.Actor2 was iterated.
The actor .Toplevel.Delay will be iterated.
The actor .Toplevel.Delay was iterated.
Director: Called postfire().
Postfire returns: true
Director: Called prefire().
-- Setting current time to 0.0
Director prefire returns true.
The actor .Toplevel.Actor1 will be iterated.
The actor .Toplevel.Actor1 was iterated.
The actor .Toplevel.Actor2 will be iterated.
The actor .Toplevel.Actor2 was iterated.
The actor .Toplevel.Delay will be iterated.
The actor .Toplevel.Delay was iterated.
Director: Called postfire().
Postfire returns: true
Director: Called prefire().
-- Setting current time to 0.0
Director prefire returns true.
The actor .Toplevel.Actor1 will be iterated.
The actor .Toplevel.Actor1 was iterated.
The actor .Toplevel.Actor2 will be iterated.
The actor .Toplevel.Actor2 was iterated.
The actor .Toplevel.Delay will be iterated.
The actor .Toplevel.Delay was iterated.
Director: Called postfire().
Postfire returns: true
Director: Called prefire().
-- Setting current time to 0.0
Director prefire returns true.
The actor .Toplevel.Actor1 will be iterated.
The actor .Toplevel.Actor1 was iterated.
The actor .Toplevel.Actor2 will be iterated.
The actor .Toplevel.Actor2 was iterated.
The actor .Toplevel.Delay will be iterated.
The actor .Toplevel.Delay was iterated.
Reached specified number of iterations: 6
Director: Called wrapup().
33 ms. Memory: 129024K Free: 63312K (49%)
03/06/20 07:28:33
Failed: 0  Total Tests: 8  ((Passed: 8, Newly Passed: 0)  Known Failed: 0) /home/travis/build/icyphy/ptII/ptolemy/domains/sdf/test
No auto/knownFailedTests/*.xml tests in /home/travis/build/icyphy/ptII/ptolemy/domains/sdf/test
No auto/linux-amd64/*.xml tests in /home/travis/build/icyphy/ptII/ptolemy/domains/sdf/test
AutoTests.java: About to close Vertx.
AutoTests.java: Vertx closed.

===========================================================================================
----------------- testing Fri Mar 06 07:28:33 UTC 2020 /home/travis/build/icyphy/ptII/ptolemy/domains/sdf/test/auto/Array.xml
----------------- Instantiating /home/travis/build/icyphy/ptII/ptolemy/domains/sdf/test/auto/Array.xml
35 ms. Memory: 129024K Free: 98791K (77%)
----------------- Invoking toplevel() on ptolemy.moml.MoMLSimpleApplication@3ce5e945
----------------- Done invoking toplevel() on ptolemy.moml.MoMLSimpleApplication@3ce5e945
reloadAllAccessors: .Array

===========================================================================================
----------------- testing Fri Mar 06 07:28:33 UTC 2020 /home/travis/build/icyphy/ptII/ptolemy/domains/sdf/test/auto/Butterfly.xml
----------------- Instantiating /home/travis/build/icyphy/ptII/ptolemy/domains/sdf/test/auto/Butterfly.xml
82 ms. Memory: 129024K Free: 112706K (87%)
----------------- Invoking toplevel() on ptolemy.moml.MoMLSimpleApplication@287b0412
----------------- Done invoking toplevel() on ptolemy.moml.MoMLSimpleApplication@287b0412
reloadAllAccessors: .Butterfly

===========================================================================================
----------------- testing Fri Mar 06 07:28:33 UTC 2020 /home/travis/build/icyphy/ptII/ptolemy/domains/sdf/test/auto/Expression.xml
----------------- Instantiating /home/travis/build/icyphy/ptII/ptolemy/domains/sdf/test/auto/Expression.xml
63 ms. Memory: 129024K Free: 107432K (83%)
----------------- Invoking toplevel() on ptolemy.moml.MoMLSimpleApplication@7aa68be1
----------------- Done invoking toplevel() on ptolemy.moml.MoMLSimpleApplication@7aa68be1
reloadAllAccessors: .Expression

===========================================================================================
----------------- testing Fri Mar 06 07:28:33 UTC 2020 /home/travis/build/icyphy/ptII/ptolemy/domains/sdf/test/auto/Eye.xml
----------------- Instantiating /home/travis/build/icyphy/ptII/ptolemy/domains/sdf/test/auto/Eye.xml
122 ms. Memory: 129024K Free: 83306K (65%)
----------------- Invoking toplevel() on ptolemy.moml.MoMLSimpleApplication@2096e7ff
----------------- Done invoking toplevel() on ptolemy.moml.MoMLSimpleApplication@2096e7ff
reloadAllAccessors: .Eye

===========================================================================================
----------------- testing Fri Mar 06 07:28:34 UTC 2020 /home/travis/build/icyphy/ptII/ptolemy/domains/sdf/test/auto/FixFIR.xml
----------------- Instantiating /home/travis/build/icyphy/ptII/ptolemy/domains/sdf/test/auto/FixFIR.xml
174 ms. Memory: 155648K Free: 110607K (71%)
----------------- Invoking toplevel() on ptolemy.moml.MoMLSimpleApplication@47f6744d
----------------- Done invoking toplevel() on ptolemy.moml.MoMLSimpleApplication@47f6744d
reloadAllAccessors: .FixFIR

===========================================================================================
----------------- testing Fri Mar 06 07:28:34 UTC 2020 /home/travis/build/icyphy/ptII/ptolemy/domains/sdf/test/auto/FixPoint.xml
----------------- Instantiating /home/travis/build/icyphy/ptII/ptolemy/domains/sdf/test/auto/FixPoint.xml
14 ms. Memory: 155648K Free: 106140K (68%)
----------------- Invoking toplevel() on ptolemy.moml.MoMLSimpleApplication@41753315
----------------- Done invoking toplevel() on ptolemy.moml.MoMLSimpleApplication@41753315
reloadAllAccessors: .FixPoint

===========================================================================================
----------------- testing Fri Mar 06 07:28:34 UTC 2020 /home/travis/build/icyphy/ptII/ptolemy/domains/sdf/test/auto/Gravitation.xml
----------------- Instantiating /home/travis/build/icyphy/ptII/ptolemy/domains/sdf/test/auto/Gravitation.xml
3135 ms. Memory: 155648K Free: 110773K (71%)
----------------- Invoking toplevel() on ptolemy.moml.MoMLSimpleApplication@6e7e80c2
----------------- Done invoking toplevel() on ptolemy.moml.MoMLSimpleApplication@6e7e80c2
reloadAllAccessors: .Gravitation

===========================================================================================
----------------- testing Fri Mar 06 07:28:37 UTC 2020 /home/travis/build/icyphy/ptII/ptolemy/domains/sdf/test/auto/GravitationWithCollisionDetection.xml
----------------- Instantiating /home/travis/build/icyphy/ptII/ptolemy/domains/sdf/test/auto/GravitationWithCollisionDetection.xml
5472 ms. Memory: 290816K Free: 262267K (90%)
----------------- Invoking toplevel() on ptolemy.moml.MoMLSimpleApplication@5c25119b
----------------- Done invoking toplevel() on ptolemy.moml.MoMLSimpleApplication@5c25119b
reloadAllAccessors: .GravitationWithCollisionDetection

===========================================================================================
----------------- testing Fri Mar 06 07:28:43 UTC 2020 /home/travis/build/icyphy/ptII/ptolemy/domains/sdf/test/auto/HDF.xml
----------------- Instantiating /home/travis/build/icyphy/ptII/ptolemy/domains/sdf/test/auto/HDF.xml
28 ms. Memory: 290816K Free: 246379K (85%)
----------------- Invoking toplevel() on ptolemy.moml.MoMLSimpleApplication@21ba847
----------------- Done invoking toplevel() on ptolemy.moml.MoMLSimpleApplication@21ba847
reloadAllAccessors: .HDF

===========================================================================================
----------------- testing Fri Mar 06 07:28:43 UTC 2020 /home/travis/build/icyphy/ptII/ptolemy/domains/sdf/test/auto/HDFwithTransientStates.xml
----------------- Instantiating /home/travis/build/icyphy/ptII/ptolemy/domains/sdf/test/auto/HDFwithTransientStates.xml
32 ms. Memory: 290816K Free: 227451K (78%)
----------------- Invoking toplevel() on ptolemy.moml.MoMLSimpleApplication@73b83e71
----------------- Done invoking toplevel() on ptolemy.moml.MoMLSimpleApplication@73b83e71
reloadAllAccessors: .HDFwithTransientStates

===========================================================================================
----------------- testing Fri Mar 06 07:28:43 UTC 2020 /home/travis/build/icyphy/ptII/ptolemy/domains/sdf/test/auto/HTVQ.xml
----------------- Instantiating /home/travis/build/icyphy/ptII/ptolemy/domains/sdf/test/auto/HTVQ.xml
803 ms. Memory: 372736K Free: 312306K (84%)
----------------- Invoking toplevel() on ptolemy.moml.MoMLSimpleApplication@54504395
----------------- Done invoking toplevel() on ptolemy.moml.MoMLSimpleApplication@54504395
reloadAllAccessors: .HTVQ

===========================================================================================
----------------- testing Fri Mar 06 07:28:44 UTC 2020 /home/travis/build/icyphy/ptII/ptolemy/domains/sdf/test/auto/InferInitProduction.xml
----------------- Instantiating /home/travis/build/icyphy/ptII/ptolemy/domains/sdf/test/auto/InferInitProduction.xml
4 ms. Memory: 372736K Free: 306261K (82%)
----------------- Invoking toplevel() on ptolemy.moml.MoMLSimpleApplication@6962a45c
----------------- Done invoking toplevel() on ptolemy.moml.MoMLSimpleApplication@6962a45c
reloadAllAccessors: .InferInitProduction

===========================================================================================
----------------- testing Fri Mar 06 07:28:44 UTC 2020 /home/travis/build/icyphy/ptII/ptolemy/domains/sdf/test/auto/InferInitProductionDeeper.xml
----------------- Instantiating /home/travis/build/icyphy/ptII/ptolemy/domains/sdf/test/auto/InferInitProductionDeeper.xml
5 ms. Memory: 372736K Free: 300597K (81%)
----------------- Invoking toplevel() on ptolemy.moml.MoMLSimpleApplication@647fab05
----------------- Done invoking toplevel() on ptolemy.moml.MoMLSimpleApplication@647fab05
reloadAllAccessors: .InferInitProductionDeeper

===========================================================================================
----------------- testing Fri Mar 06 07:28:44 UTC 2020 /home/travis/build/icyphy/ptII/ptolemy/domains/sdf/test/auto/LMSAdaptive.xml
----------------- Instantiating /home/travis/build/icyphy/ptII/ptolemy/domains/sdf/test/auto/LMSAdaptive.xml
14 ms. Memory: 372736K Free: 290901K (78%)
----------------- Invoking toplevel() on ptolemy.moml.MoMLSimpleApplication@3d12ee77
----------------- Done invoking toplevel() on ptolemy.moml.MoMLSimpleApplication@3d12ee77
reloadAllAccessors: .LMSAdaptive

===========================================================================================
----------------- testing Fri Mar 06 07:28:44 UTC 2020 /home/travis/build/icyphy/ptII/ptolemy/domains/sdf/test/auto/LogisticMap.xml
----------------- Instantiating /home/travis/build/icyphy/ptII/ptolemy/domains/sdf/test/auto/LogisticMap.xml
433 ms. Memory: 372736K Free: 285267K (77%)
----------------- Invoking toplevel() on ptolemy.moml.MoMLSimpleApplication@6fc5b4b9
----------------- Done invoking toplevel() on ptolemy.moml.MoMLSimpleApplication@6fc5b4b9
reloadAllAccessors: .LogisticMap

===========================================================================================
----------------- testing Fri Mar 06 07:28:45 UTC 2020 /home/travis/build/icyphy/ptII/ptolemy/domains/sdf/test/auto/MaximumEntropySpectrum.xml
----------------- Instantiating /home/travis/build/icyphy/ptII/ptolemy/domains/sdf/test/auto/MaximumEntropySpectrum.xml
63 ms. Memory: 372736K Free: 223827K (60%)
----------------- Invoking toplevel() on ptolemy.moml.MoMLSimpleApplication@6d537578
----------------- Done invoking toplevel() on ptolemy.moml.MoMLSimpleApplication@6d537578
reloadAllAccessors: .MaximumEntropySpectrum

===========================================================================================
----------------- testing Fri Mar 06 07:28:45 UTC 2020 /home/travis/build/icyphy/ptII/ptolemy/domains/sdf/test/auto/MultirateSDF.xml
----------------- Instantiating /home/travis/build/icyphy/ptII/ptolemy/domains/sdf/test/auto/MultirateSDF.xml
22 ms. Memory: 372736K Free: 208981K (56%)
----------------- Invoking toplevel() on ptolemy.moml.MoMLSimpleApplication@19287db7
----------------- Done invoking toplevel() on ptolemy.moml.MoMLSimpleApplication@19287db7
reloadAllAccessors: .MultirateSDF

===========================================================================================
----------------- testing Fri Mar 06 07:28:45 UTC 2020 /home/travis/build/icyphy/ptII/ptolemy/domains/sdf/test/auto/MultirateSDFwithTransientStates.xml
----------------- Instantiating /home/travis/build/icyphy/ptII/ptolemy/domains/sdf/test/auto/MultirateSDFwithTransientStates.xml
24 ms. Memory: 372736K Free: 190035K (51%)
----------------- Invoking toplevel() on ptolemy.moml.MoMLSimpleApplication@d97213b
----------------- Done invoking toplevel() on ptolemy.moml.MoMLSimpleApplication@d97213b
reloadAllAccessors: .MultirateSDFwithTransientStates

===========================================================================================
----------------- testing Fri Mar 06 07:28:45 UTC 2020 /home/travis/build/icyphy/ptII/ptolemy/domains/sdf/test/auto/NoisySinewave.xml
----------------- Instantiating /home/travis/build/icyphy/ptII/ptolemy/domains/sdf/test/auto/NoisySinewave.xml
16 ms. Memory: 372736K Free: 173651K (47%)
----------------- Invoking toplevel() on ptolemy.moml.MoMLSimpleApplication@46562e33
----------------- Done invoking toplevel() on ptolemy.moml.MoMLSimpleApplication@46562e33
reloadAllAccessors: .NoisySinewave

===========================================================================================
----------------- testing Fri Mar 06 07:28:45 UTC 2020 /home/travis/build/icyphy/ptII/ptolemy/domains/sdf/test/auto/Objects.xml
----------------- Instantiating /home/travis/build/icyphy/ptII/ptolemy/domains/sdf/test/auto/Objects.xml
2 ms. Memory: 372736K Free: 165459K (44%)
----------------- Invoking toplevel() on ptolemy.moml.MoMLSimpleApplication@46dfcd10
----------------- Done invoking toplevel() on ptolemy.moml.MoMLSimpleApplication@46dfcd10
reloadAllAccessors: .Objects

===========================================================================================
----------------- testing Fri Mar 06 07:28:45 UTC 2020 /home/travis/build/icyphy/ptII/ptolemy/domains/sdf/test/auto/OrthogonalCom.xml
----------------- Instantiating /home/travis/build/icyphy/ptII/ptolemy/domains/sdf/test/auto/OrthogonalCom.xml
6 ms. Memory: 372736K Free: 158291K (42%)
----------------- Invoking toplevel() on ptolemy.moml.MoMLSimpleApplication@32b61e09
----------------- Done invoking toplevel() on ptolemy.moml.MoMLSimpleApplication@32b61e09
reloadAllAccessors: .OrthogonalCom

===========================================================================================
----------------- testing Fri Mar 06 07:28:45 UTC 2020 /home/travis/build/icyphy/ptII/ptolemy/domains/sdf/test/auto/RijndaelEncryption.xml
----------------- Instantiating /home/travis/build/icyphy/ptII/ptolemy/domains/sdf/test/auto/RijndaelEncryption.xml
213 ms. Memory: 372736K Free: 229977K (62%)
----------------- Invoking toplevel() on ptolemy.moml.MoMLSimpleApplication@57ec7139
----------------- Done invoking toplevel() on ptolemy.moml.MoMLSimpleApplication@57ec7139
reloadAllAccessors: .RijndaelEncryption

===========================================================================================
----------------- testing Fri Mar 06 07:28:46 UTC 2020 /home/travis/build/icyphy/ptII/ptolemy/domains/sdf/test/auto/SDFEmptyIterations.xml
----------------- Instantiating /home/travis/build/icyphy/ptII/ptolemy/domains/sdf/test/auto/SDFEmptyIterations.xml
6 ms. Memory: 372736K Free: 225371K (60%)
----------------- Invoking toplevel() on ptolemy.moml.MoMLSimpleApplication@17f1f81b
----------------- Done invoking toplevel() on ptolemy.moml.MoMLSimpleApplication@17f1f81b
reloadAllAccessors: .SDFEmptyIterations

===========================================================================================
----------------- testing Fri Mar 06 07:28:46 UTC 2020 /home/travis/build/icyphy/ptII/ptolemy/domains/sdf/test/auto/Spectrum.xml
----------------- Instantiating /home/travis/build/icyphy/ptII/ptolemy/domains/sdf/test/auto/Spectrum.xml
26 ms. Memory: 372736K Free: 200281K (54%)
----------------- Invoking toplevel() on ptolemy.moml.MoMLSimpleApplication@2a653d7f
----------------- Done invoking toplevel() on ptolemy.moml.MoMLSimpleApplication@2a653d7f
reloadAllAccessors: .Spectrum

===========================================================================================
----------------- testing Fri Mar 06 07:28:46 UTC 2020 /home/travis/build/icyphy/ptII/ptolemy/domains/sdf/test/auto/de_inside_sdf.xml
----------------- Instantiating /home/travis/build/icyphy/ptII/ptolemy/domains/sdf/test/auto/de_inside_sdf.xml
7 ms. Memory: 372736K Free: 195131K (52%)
----------------- Invoking toplevel() on ptolemy.moml.MoMLSimpleApplication@5c8bbaac
----------------- Done invoking toplevel() on ptolemy.moml.MoMLSimpleApplication@5c8bbaac
reloadAllAccessors: .de_inside_sdf

===========================================================================================
----------------- testing Fri Mar 06 07:28:46 UTC 2020 /home/travis/build/icyphy/ptII/ptolemy/domains/sdf/test/auto/disconnectedHierarchicalSDF.xml
----------------- Instantiating /home/travis/build/icyphy/ptII/ptolemy/domains/sdf/test/auto/disconnectedHierarchicalSDF.xml
11 ms. Memory: 372736K Free: 188507K (51%)
----------------- Invoking toplevel() on ptolemy.moml.MoMLSimpleApplication@7f52351f
----------------- Done invoking toplevel() on ptolemy.moml.MoMLSimpleApplication@7f52351f
reloadAllAccessors: .disconnectedHierarchicalSDF

===========================================================================================
----------------- testing Fri Mar 06 07:28:46 UTC 2020 /home/travis/build/icyphy/ptII/ptolemy/domains/sdf/test/auto/disconnectedSDF.xml
----------------- Instantiating /home/travis/build/icyphy/ptII/ptolemy/domains/sdf/test/auto/disconnectedSDF.xml
2 ms. Memory: 372736K Free: 184921K (50%)
----------------- Invoking toplevel() on ptolemy.moml.MoMLSimpleApplication@6de7a8b0
----------------- Done invoking toplevel() on ptolemy.moml.MoMLSimpleApplication@6de7a8b0
reloadAllAccessors: .disconnectedSDF

===========================================================================================
----------------- testing Fri Mar 06 07:28:46 UTC 2020 /home/travis/build/icyphy/ptII/ptolemy/domains/sdf/test/auto/emptyRefinement.xml
----------------- Instantiating /home/travis/build/icyphy/ptII/ptolemy/domains/sdf/test/auto/emptyRefinement.xml
8 ms. Memory: 372736K Free: 180315K (48%)
----------------- Invoking toplevel() on ptolemy.moml.MoMLSimpleApplication@38fd3634
----------------- Done invoking toplevel() on ptolemy.moml.MoMLSimpleApplication@38fd3634
reloadAllAccessors: .emptyRefinement

===========================================================================================
----------------- testing Fri Mar 06 07:28:46 UTC 2020 /home/travis/build/icyphy/ptII/ptolemy/domains/sdf/test/auto/filePortParameter.xml
----------------- Instantiating /home/travis/build/icyphy/ptII/ptolemy/domains/sdf/test/auto/filePortParameter.xml
13 ms. Memory: 372736K Free: 173147K (46%)
----------------- Invoking toplevel() on ptolemy.moml.MoMLSimpleApplication@10744391
----------------- Done invoking toplevel() on ptolemy.moml.MoMLSimpleApplication@10744391
reloadAllAccessors: .filePortParameter

===========================================================================================
----------------- testing Fri Mar 06 07:28:46 UTC 2020 /home/travis/build/icyphy/ptII/ptolemy/domains/sdf/test/auto/inferRelationWidth1.xml
----------------- Instantiating /home/travis/build/icyphy/ptII/ptolemy/domains/sdf/test/auto/inferRelationWidth1.xml
1 ms. Memory: 372736K Free: 170075K (46%)
----------------- Invoking toplevel() on ptolemy.moml.MoMLSimpleApplication@742e5036
----------------- Done invoking toplevel() on ptolemy.moml.MoMLSimpleApplication@742e5036
reloadAllAccessors: .inferRelationWidth1

===========================================================================================
----------------- testing Fri Mar 06 07:28:46 UTC 2020 /home/travis/build/icyphy/ptII/ptolemy/domains/sdf/test/auto/initProductionInference.xml
----------------- Instantiating /home/travis/build/icyphy/ptII/ptolemy/domains/sdf/test/auto/initProductionInference.xml
4 ms. Memory: 372736K Free: 165979K (45%)
----------------- Invoking toplevel() on ptolemy.moml.MoMLSimpleApplication@21118274
----------------- Done invoking toplevel() on ptolemy.moml.MoMLSimpleApplication@21118274
reloadAllAccessors: .initProductionInference

===========================================================================================
----------------- testing Fri Mar 06 07:28:46 UTC 2020 /home/travis/build/icyphy/ptII/ptolemy/domains/sdf/test/auto/relationGroup.xml
----------------- Instantiating /home/travis/build/icyphy/ptII/ptolemy/domains/sdf/test/auto/relationGroup.xml
2 ms. Memory: 372736K Free: 162907K (44%)
----------------- Invoking toplevel() on ptolemy.moml.MoMLSimpleApplication@659fe221
----------------- Done invoking toplevel() on ptolemy.moml.MoMLSimpleApplication@659fe221
reloadAllAccessors: .relationGroup

===========================================================================================
----------------- testing Fri Mar 06 07:28:46 UTC 2020 /home/travis/build/icyphy/ptII/ptolemy/domains/sdf/test/auto/relationGroup10.xml
----------------- Instantiating /home/travis/build/icyphy/ptII/ptolemy/domains/sdf/test/auto/relationGroup10.xml
2 ms. Memory: 372736K Free: 159321K (43%)
----------------- Invoking toplevel() on ptolemy.moml.MoMLSimpleApplication@201cd147
----------------- Done invoking toplevel() on ptolemy.moml.MoMLSimpleApplication@201cd147
reloadAllAccessors: .relationGroup10

===========================================================================================
----------------- testing Fri Mar 06 07:28:46 UTC 2020 /home/travis/build/icyphy/ptII/ptolemy/domains/sdf/test/auto/relationGroup11.xml
----------------- Instantiating /home/travis/build/icyphy/ptII/ptolemy/domains/sdf/test/auto/relationGroup11.xml
2 ms. Memory: 372736K Free: 155739K (42%)
----------------- Invoking toplevel() on ptolemy.moml.MoMLSimpleApplication@5315c968
----------------- Done invoking toplevel() on ptolemy.moml.MoMLSimpleApplication@5315c968
reloadAllAccessors: .relationGroup11

===========================================================================================
----------------- testing Fri Mar 06 07:28:46 UTC 2020 /home/travis/build/icyphy/ptII/ptolemy/domains/sdf/test/auto/relationGroup12.xml
----------------- Instantiating /home/travis/build/icyphy/ptII/ptolemy/domains/sdf/test/auto/relationGroup12.xml
2 ms. Memory: 372736K Free: 151643K (41%)
----------------- Invoking toplevel() on ptolemy.moml.MoMLSimpleApplication@162ca11f
----------------- Done invoking toplevel() on ptolemy.moml.MoMLSimpleApplication@162ca11f
reloadAllAccessors: .relationGroup12

===========================================================================================
----------------- testing Fri Mar 06 07:28:46 UTC 2020 /home/travis/build/icyphy/ptII/ptolemy/domains/sdf/test/auto/relationGroup13.xml
----------------- Instantiating /home/travis/build/icyphy/ptII/ptolemy/domains/sdf/test/auto/relationGroup13.xml
13 ms. Memory: 372736K Free: 146523K (39%)
----------------- Invoking toplevel() on ptolemy.moml.MoMLSimpleApplication@3a601c2b
----------------- Done invoking toplevel() on ptolemy.moml.MoMLSimpleApplication@3a601c2b
reloadAllAccessors: .relationGroup13

===========================================================================================
----------------- testing Fri Mar 06 07:28:46 UTC 2020 /home/travis/build/icyphy/ptII/ptolemy/domains/sdf/test/auto/relationGroup14.xml
----------------- Instantiating /home/travis/build/icyphy/ptII/ptolemy/domains/sdf/test/auto/relationGroup14.xml
3 ms. Memory: 372736K Free: 141913K (38%)
----------------- Invoking toplevel() on ptolemy.moml.MoMLSimpleApplication@58e1212d
----------------- Done invoking toplevel() on ptolemy.moml.MoMLSimpleApplication@58e1212d
reloadAllAccessors: .relationGroup14

===========================================================================================
----------------- testing Fri Mar 06 07:28:46 UTC 2020 /home/travis/build/icyphy/ptII/ptolemy/domains/sdf/test/auto/relationGroup15.xml
----------------- Instantiating /home/travis/build/icyphy/ptII/ptolemy/domains/sdf/test/auto/relationGroup15.xml
2 ms. Memory: 372736K Free: 138331K (37%)
----------------- Invoking toplevel() on ptolemy.moml.MoMLSimpleApplication@2aca56e7
----------------- Done invoking toplevel() on ptolemy.moml.MoMLSimpleApplication@2aca56e7
reloadAllAccessors: .relationGroup15

===========================================================================================
----------------- testing Fri Mar 06 07:28:46 UTC 2020 /home/travis/build/icyphy/ptII/ptolemy/domains/sdf/test/auto/relationGroup2.xml
----------------- Instantiating /home/travis/build/icyphy/ptII/ptolemy/domains/sdf/test/auto/relationGroup2.xml
1 ms. Memory: 372736K Free: 135259K (36%)
----------------- Invoking toplevel() on ptolemy.moml.MoMLSimpleApplication@1f9c711b
----------------- Done invoking toplevel() on ptolemy.moml.MoMLSimpleApplication@1f9c711b
reloadAllAccessors: .relationGroup2

===========================================================================================
----------------- testing Fri Mar 06 07:28:46 UTC 2020 /home/travis/build/icyphy/ptII/ptolemy/domains/sdf/test/auto/relationGroup3.xml
----------------- Instantiating /home/travis/build/icyphy/ptII/ptolemy/domains/sdf/test/auto/relationGroup3.xml
2 ms. Memory: 372736K Free: 132187K (35%)
----------------- Invoking toplevel() on ptolemy.moml.MoMLSimpleApplication@10e048e9
----------------- Done invoking toplevel() on ptolemy.moml.MoMLSimpleApplication@10e048e9
reloadAllAccessors: .relationGroup3

===========================================================================================
----------------- testing Fri Mar 06 07:28:46 UTC 2020 /home/travis/build/icyphy/ptII/ptolemy/domains/sdf/test/auto/relationGroup4.xml
----------------- Instantiating /home/travis/build/icyphy/ptII/ptolemy/domains/sdf/test/auto/relationGroup4.xml
2 ms. Memory: 372736K Free: 348859K (94%)
----------------- Invoking toplevel() on ptolemy.moml.MoMLSimpleApplication@38003d9f
----------------- Done invoking toplevel() on ptolemy.moml.MoMLSimpleApplication@38003d9f
reloadAllAccessors: .relationGroup4

===========================================================================================
----------------- testing Fri Mar 06 07:28:46 UTC 2020 /home/travis/build/icyphy/ptII/ptolemy/domains/sdf/test/auto/relationGroup5.xml
----------------- Instantiating /home/travis/build/icyphy/ptII/ptolemy/domains/sdf/test/auto/relationGroup5.xml
2 ms. Memory: 372736K Free: 344733K (92%)
----------------- Invoking toplevel() on ptolemy.moml.MoMLSimpleApplication@6e82bd62
----------------- Done invoking toplevel() on ptolemy.moml.MoMLSimpleApplication@6e82bd62
reloadAllAccessors: .relationGroup5

===========================================================================================
----------------- testing Fri Mar 06 07:28:46 UTC 2020 /home/travis/build/icyphy/ptII/ptolemy/domains/sdf/test/auto/relationGroup6.xml
----------------- Instantiating /home/travis/build/icyphy/ptII/ptolemy/domains/sdf/test/auto/relationGroup6.xml
2 ms. Memory: 372736K Free: 340667K (91%)
----------------- Invoking toplevel() on ptolemy.moml.MoMLSimpleApplication@407acc86
----------------- Done invoking toplevel() on ptolemy.moml.MoMLSimpleApplication@407acc86
reloadAllAccessors: .relationGroup6

===========================================================================================
----------------- testing Fri Mar 06 07:28:46 UTC 2020 /home/travis/build/icyphy/ptII/ptolemy/domains/sdf/test/auto/relationGroup7.xml
----------------- Instantiating /home/travis/build/icyphy/ptII/ptolemy/domains/sdf/test/auto/relationGroup7.xml
1 ms. Memory: 372736K Free: 337595K (91%)
----------------- Invoking toplevel() on ptolemy.moml.MoMLSimpleApplication@68272880
----------------- Done invoking toplevel() on ptolemy.moml.MoMLSimpleApplication@68272880
reloadAllAccessors: .relationGroup7

===========================================================================================
----------------- testing Fri Mar 06 07:28:46 UTC 2020 /home/travis/build/icyphy/ptII/ptolemy/domains/sdf/test/auto/relationGroup8.xml
----------------- Instantiating /home/travis/build/icyphy/ptII/ptolemy/domains/sdf/test/auto/relationGroup8.xml
2 ms. Memory: 372736K Free: 334523K (90%)
----------------- Invoking toplevel() on ptolemy.moml.MoMLSimpleApplication@7fe1d959
----------------- Done invoking toplevel() on ptolemy.moml.MoMLSimpleApplication@7fe1d959
reloadAllAccessors: .relationGroup8

===========================================================================================
----------------- testing Fri Mar 06 07:28:46 UTC 2020 /home/travis/build/icyphy/ptII/ptolemy/domains/sdf/test/auto/relationGroup9.xml
----------------- Instantiating /home/travis/build/icyphy/ptII/ptolemy/domains/sdf/test/auto/relationGroup9.xml
10 ms. Memory: 372736K Free: 329917K (89%)
----------------- Invoking toplevel() on ptolemy.moml.MoMLSimpleApplication@275974e7
----------------- Done invoking toplevel() on ptolemy.moml.MoMLSimpleApplication@275974e7
reloadAllAccessors: .relationGroup9

===========================================================================================
----------------- testing Fri Mar 06 07:28:46 UTC 2020 /home/travis/build/icyphy/ptII/ptolemy/domains/sdf/test/auto/sdf_inside_de.xml
----------------- Instantiating /home/travis/build/icyphy/ptII/ptolemy/domains/sdf/test/auto/sdf_inside_de.xml
9 ms. Memory: 372736K Free: 321211K (86%)
----------------- Invoking toplevel() on ptolemy.moml.MoMLSimpleApplication@4bff8e95
----------------- Done invoking toplevel() on ptolemy.moml.MoMLSimpleApplication@4bff8e95
reloadAllAccessors: .sdf_inside_de

===========================================================================================
----------------- testing Fri Mar 06 07:28:46 UTC 2020 /home/travis/build/icyphy/ptII/ptolemy/domains/sdf/test/auto/sdf_inside_pn.xml
----------------- Instantiating /home/travis/build/icyphy/ptII/ptolemy/domains/sdf/test/auto/sdf_inside_pn.xml
29 ms. Memory: 372736K Free: 311995K (84%)
----------------- Invoking toplevel() on ptolemy.moml.MoMLSimpleApplication@6e285839
----------------- Done invoking toplevel() on ptolemy.moml.MoMLSimpleApplication@6e285839
reloadAllAccessors: .sdf_inside_pn

===========================================================================================
----------------- testing Fri Mar 06 07:28:46 UTC 2020 /home/travis/build/icyphy/ptII/ptolemy/domains/sdf/test/auto/sdf_sdf1.xml
----------------- Instantiating /home/travis/build/icyphy/ptII/ptolemy/domains/sdf/test/auto/sdf_sdf1.xml
3 ms. Memory: 372736K Free: 306365K (82%)
----------------- Invoking toplevel() on ptolemy.moml.MoMLSimpleApplication@29f20ea0
----------------- Done invoking toplevel() on ptolemy.moml.MoMLSimpleApplication@29f20ea0
reloadAllAccessors: .sdf_sdf1

===========================================================================================
----------------- testing Fri Mar 06 07:28:46 UTC 2020 /home/travis/build/icyphy/ptII/ptolemy/domains/sdf/test/auto/test1.xml
----------------- Instantiating /home/travis/build/icyphy/ptII/ptolemy/domains/sdf/test/auto/test1.xml
4 ms. Memory: 372736K Free: 301245K (81%)
----------------- Invoking toplevel() on ptolemy.moml.MoMLSimpleApplication@252a0f6e
----------------- Done invoking toplevel() on ptolemy.moml.MoMLSimpleApplication@252a0f6e
reloadAllAccessors: .test1

===========================================================================================
----------------- testing Fri Mar 06 07:28:46 UTC 2020 /home/travis/build/icyphy/ptII/ptolemy/domains/sdf/test/auto/time1.xml
----------------- Instantiating /home/travis/build/icyphy/ptII/ptolemy/domains/sdf/test/auto/time1.xml
3 ms. Memory: 372736K Free: 298173K (80%)
----------------- Invoking toplevel() on ptolemy.moml.MoMLSimpleApplication@62202e3c
----------------- Done invoking toplevel() on ptolemy.moml.MoMLSimpleApplication@62202e3c
reloadAllAccessors: .time1

===========================================================================================
----------------- testing Fri Mar 06 07:28:46 UTC 2020 /home/travis/build/icyphy/ptII/ptolemy/domains/sdf/test/auto/time2.xml
----------------- Instantiating /home/travis/build/icyphy/ptII/ptolemy/domains/sdf/test/auto/time2.xml
2 ms. Memory: 372736K Free: 294587K (79%)
----------------- Invoking toplevel() on ptolemy.moml.MoMLSimpleApplication@4299a579
----------------- Done invoking toplevel() on ptolemy.moml.MoMLSimpleApplication@4299a579
reloadAllAccessors: .time2

===========================================================================================
----------------- testing Fri Mar 06 07:28:46 UTC 2020 /home/travis/build/icyphy/ptII/ptolemy/domains/sdf/test/auto/time3.xml
----------------- Instantiating /home/travis/build/icyphy/ptII/ptolemy/domains/sdf/test/auto/time3.xml
6 ms. Memory: 372736K Free: 289467K (78%)
----------------- Invoking toplevel() on ptolemy.moml.MoMLSimpleApplication@c8a6976
----------------- Done invoking toplevel() on ptolemy.moml.MoMLSimpleApplication@c8a6976
reloadAllAccessors: .time3

===========================================================================================
----------------- testing Fri Mar 06 07:28:46 UTC 2020 /home/travis/build/icyphy/ptII/ptolemy/domains/sdf/test/auto/time4.xml
----------------- Instantiating /home/travis/build/icyphy/ptII/ptolemy/domains/sdf/test/auto/time4.xml
6 ms. Memory: 372736K Free: 283837K (76%)
----------------- Invoking toplevel() on ptolemy.moml.MoMLSimpleApplication@42519a61
----------------- Done invoking toplevel() on ptolemy.moml.MoMLSimpleApplication@42519a61
reloadAllAccessors: .time4

===========================================================================================
----------------- testing Fri Mar 06 07:28:46 UTC 2020 /home/travis/build/icyphy/ptII/ptolemy/domains/sdf/test/auto/time5.xml
----------------- Instantiating /home/travis/build/icyphy/ptII/ptolemy/domains/sdf/test/auto/time5.xml
4001 ms. Memory: 372736K Free: 280251K (75%)
----------------- Invoking toplevel() on ptolemy.moml.MoMLSimpleApplication@721b4711
----------------- Done invoking toplevel() on ptolemy.moml.MoMLSimpleApplication@721b4711
reloadAllAccessors: .time5

===========================================================================================
----------------- testing Fri Mar 06 07:28:50 UTC 2020 /home/travis/build/icyphy/ptII/ptolemy/domains/sdf/test/auto/typeSystem_Const_Integer_smallest_Type.xml
----------------- Instantiating /home/travis/build/icyphy/ptII/ptolemy/domains/sdf/test/auto/typeSystem_Const_Integer_smallest_Type.xml
3 ms. Memory: 372736K Free: 275131K (74%)
----------------- Invoking toplevel() on ptolemy.moml.MoMLSimpleApplication@207a6392
----------------- Done invoking toplevel() on ptolemy.moml.MoMLSimpleApplication@207a6392
reloadAllAccessors: .typeSystem_Const_Integer_smallest_Type

===========================================================================================
----------------- testing Fri Mar 06 07:28:50 UTC 2020 /home/travis/build/icyphy/ptII/ptolemy/domains/sdf/test/auto/typeSystem_declared_Inports_OutportTypeException.xml
----------------- Instantiating /home/travis/build/icyphy/ptII/ptolemy/domains/sdf/test/auto/typeSystem_declared_Inports_OutportTypeException.xml
.typeSystem_declared_Inports_OutportTypeException.TestExceptionAttribute: initialize() was not invoked, but wrapup() was.  This is unusual, but not always a problem.  For example, exporting JNLP will do this.
4 ms. Memory: 372736K Free: 271035K (73%)
----------------- Invoking toplevel() on ptolemy.moml.MoMLSimpleApplication@65f7be77
----------------- Done invoking toplevel() on ptolemy.moml.MoMLSimpleApplication@65f7be77
reloadAllAccessors: .typeSystem_declared_Inports_OutportTypeException

===========================================================================================
----------------- testing Fri Mar 06 07:28:50 UTC 2020 /home/travis/build/icyphy/ptII/ptolemy/domains/sdf/test/auto/typeSystem_oneDeclaredInportType_wrongTypeOutport.xml
----------------- Instantiating /home/travis/build/icyphy/ptII/ptolemy/domains/sdf/test/auto/typeSystem_oneDeclaredInportType_wrongTypeOutport.xml
3 ms. Memory: 372736K Free: 266939K (72%)
----------------- Invoking toplevel() on ptolemy.moml.MoMLSimpleApplication@672b94e3
----------------- Done invoking toplevel() on ptolemy.moml.MoMLSimpleApplication@672b94e3
reloadAllAccessors: .typeSystem_oneDeclaredInportType_wrongTypeOutport

===========================================================================================
----------------- testing Fri Mar 06 07:28:50 UTC 2020 /home/travis/build/icyphy/ptII/ptolemy/domains/sdf/test/auto/width.xml
----------------- Instantiating /home/travis/build/icyphy/ptII/ptolemy/domains/sdf/test/auto/width.xml
1 ms. Memory: 372736K Free: 263357K (71%)
----------------- Invoking toplevel() on ptolemy.moml.MoMLSimpleApplication@1efd0
----------------- Done invoking toplevel() on ptolemy.moml.MoMLSimpleApplication@1efd0
reloadAllAccessors: .width

===========================================================================================
----------------- testing Fri Mar 06 07:28:50 UTC 2020 /home/travis/build/icyphy/ptII/ptolemy/domains/sdf/test/auto/width2.xml
----------------- Instantiating /home/travis/build/icyphy/ptII/ptolemy/domains/sdf/test/auto/width2.xml
21 ms. Memory: 372736K Free: 258237K (69%)
----------------- Invoking toplevel() on ptolemy.moml.MoMLSimpleApplication@c876af7
----------------- Done invoking toplevel() on ptolemy.moml.MoMLSimpleApplication@c876af7
reloadAllAccessors: .width2

===========================================================================================
----------------- testing Fri Mar 06 07:28:50 UTC 2020 /home/travis/build/icyphy/ptII/ptolemy/domains/sdf/test/auto/width3.xml
----------------- Instantiating /home/travis/build/icyphy/ptII/ptolemy/domains/sdf/test/auto/width3.xml
22 ms. Memory: 372736K Free: 253117K (68%)
----------------- Invoking toplevel() on ptolemy.moml.MoMLSimpleApplication@76991b11
----------------- Done invoking toplevel() on ptolemy.moml.MoMLSimpleApplication@76991b11
reloadAllAccessors: .width3
AutoTests.java: About to close Vertx.
AutoTests.java: Vertx closed.
]]></system-out>
  <system-err><![CDATA[java.lang.RuntimeException: Execution failed
	at ptolemy.moml.MoMLSimpleApplication$UnloadThread.run(MoMLSimpleApplication.java:402)
Caused by: ptolemy.actor.sched.NotSchedulableException: No solution exists for the balance equations.
Graph is not consistent under the SDF domain detected on external port .rateConsistency.actor.port2
  in .rateConsistency.SDF Director.Scheduler
	at ptolemy.domains.sdf.kernel.SDFScheduler._propagatePort(SDFScheduler.java:1425)
	at ptolemy.domains.sdf.kernel.SDFScheduler._solveBalanceEquations(SDFScheduler.java:710)
	at ptolemy.domains.sdf.kernel.SDFScheduler._getSchedule(SDFScheduler.java:566)
	at ptolemy.actor.sched.Scheduler.getSchedule(Scheduler.java:189)
	at ptolemy.domains.sdf.kernel.SDFDirector.createSchedule(SDFDirector.java:408)
	at ptolemy.domains.sdf.kernel.SDFDirector.preinitialize(SDFDirector.java:764)
	at ptolemy.actor.CompositeActor.preinitialize(CompositeActor.java:1828)
	at ptolemy.actor.Manager.preinitializeAndResolveTypes(Manager.java:1040)
	at ptolemy.actor.Manager.initialize(Manager.java:710)
	at ptolemy.actor.Manager.execute(Manager.java:356)
	at ptolemy.actor.Manager.run(Manager.java:1263)
	at ptolemy.actor.Manager$PtolemyRunThread.run(Manager.java:1933)
java.lang.RuntimeException: Execution failed
	at ptolemy.moml.MoMLSimpleApplication$UnloadThread.run(MoMLSimpleApplication.java:402)
Caused by: ptolemy.kernel.util.IllegalActionException: Failed to compute schedule:
  in .badRateChanges.typed composite actor.SDF Director
Because:
The SDF rate parameter may change. This is not allowed in SDF models that will be run through the code generator.  If you don't care about code generation, then you might consider setting the allowRateChanges parameter of the SDF director to false.
  in .badRateChanges.typed composite actor.Repeat.output.tokenProductionRate
	at ptolemy.domains.sdf.kernel.SDFDirector.createSchedule(SDFDirector.java:418)
	at ptolemy.domains.sdf.kernel.SDFDirector.preinitialize(SDFDirector.java:764)
	at ptolemy.actor.CompositeActor.preinitialize(CompositeActor.java:1828)
	at ptolemy.actor.Director.preinitialize(Director.java:1302)
	at ptolemy.actor.Director.preinitialize(Director.java:1257)
	at ptolemy.domains.sdf.kernel.SDFDirector.preinitialize(SDFDirector.java:763)
	at ptolemy.actor.CompositeActor.preinitialize(CompositeActor.java:1828)
	at ptolemy.actor.Manager.preinitializeAndResolveTypes(Manager.java:1040)
	at ptolemy.actor.Manager.initialize(Manager.java:710)
	at ptolemy.actor.Manager.execute(Manager.java:356)
	at ptolemy.actor.Manager.run(Manager.java:1263)
	at ptolemy.actor.Manager$PtolemyRunThread.run(Manager.java:1933)
Caused by: ptolemy.kernel.util.IllegalActionException: The SDF rate parameter may change. This is not allowed in SDF models that will be run through the code generator.  If you don't care about code generation, then you might consider setting the allowRateChanges parameter of the SDF director to false.
  in .badRateChanges.typed composite actor.Repeat.output.tokenProductionRate
	at ptolemy.domains.sdf.kernel.SDFScheduler._assertDynamicRateVariable(SDFScheduler.java:931)
	at ptolemy.domains.sdf.kernel.SDFScheduler._checkDynamicRateVariables(SDFScheduler.java:339)
	at ptolemy.domains.sdf.kernel.SDFScheduler._getSchedule(SDFScheduler.java:527)
	at ptolemy.actor.sched.Scheduler.getSchedule(Scheduler.java:189)
	at ptolemy.domains.sdf.kernel.SDFDirector.createSchedule(SDFDirector.java:408)
	... 11 more
java.lang.RuntimeException: Execution failed
	at ptolemy.moml.MoMLSimpleApplication$UnloadThread.run(MoMLSimpleApplication.java:402)
Caused by: ptolemy.kernel.util.IllegalActionException: Failed to compute schedule:
  in .badRateChanges2.typed composite actor.SDF Director
Because:
The SDF rate parameter may change. This is not allowed in SDF models that will be run through the code generator.  If you don't care about code generation, then you might consider setting the allowRateChanges parameter of the SDF director to false.
  in .badRateChanges2.typed composite actor.Repeat.output.tokenProductionRate
	at ptolemy.domains.sdf.kernel.SDFDirector.createSchedule(SDFDirector.java:418)
	at ptolemy.domains.sdf.kernel.SDFDirector.preinitialize(SDFDirector.java:764)
	at ptolemy.actor.CompositeActor.preinitialize(CompositeActor.java:1828)
	at ptolemy.actor.Director.preinitialize(Director.java:1302)
	at ptolemy.actor.Director.preinitialize(Director.java:1257)
	at ptolemy.domains.sdf.kernel.SDFDirector.preinitialize(SDFDirector.java:763)
	at ptolemy.actor.CompositeActor.preinitialize(CompositeActor.java:1828)
	at ptolemy.actor.Manager.preinitializeAndResolveTypes(Manager.java:1040)
	at ptolemy.actor.Manager.initialize(Manager.java:710)
	at ptolemy.actor.Manager.execute(Manager.java:356)
	at ptolemy.actor.Manager.run(Manager.java:1263)
	at ptolemy.actor.Manager$PtolemyRunThread.run(Manager.java:1933)
Caused by: ptolemy.kernel.util.IllegalActionException: The SDF rate parameter may change. This is not allowed in SDF models that will be run through the code generator.  If you don't care about code generation, then you might consider setting the allowRateChanges parameter of the SDF director to false.
  in .badRateChanges2.typed composite actor.Repeat.output.tokenProductionRate
	at ptolemy.domains.sdf.kernel.SDFScheduler._assertDynamicRateVariable(SDFScheduler.java:931)
	at ptolemy.domains.sdf.kernel.SDFScheduler._checkDynamicRateVariables(SDFScheduler.java:339)
	at ptolemy.domains.sdf.kernel.SDFScheduler._getSchedule(SDFScheduler.java:527)
	at ptolemy.actor.sched.Scheduler.getSchedule(Scheduler.java:189)
	at ptolemy.domains.sdf.kernel.SDFDirector.createSchedule(SDFDirector.java:408)
	... 11 more
java.lang.RuntimeException: Execution failed
	at ptolemy.moml.MoMLSimpleApplication$UnloadThread.run(MoMLSimpleApplication.java:402)
Caused by: ptolemy.actor.sched.NotSchedulableException: Actors remain that cannot be scheduled!

There are several possible reasons:
* SDF Graphs with feedback loops should have an actor with a delay in the loop, such as a SampleDelay.
* The SDF director has an "allowDisconnectedGraphs"parameter, which, when true, permits disconnected SDF graphs.
* The token consumption rate and production rates might be mismatched.
Usually, actors produce one token or consume one token on a port.  To produce or consume multiple tokens per firing, add a "tokenConsumptionRate" or "tokenProductionRate" parameter to the appropriate port.
Unscheduled actors:
.partiallyConnected.Const2 
Scheduled actors:
.partiallyConnected.Const 
  in .partiallyConnected.SDF Director.Scheduler
	at ptolemy.domains.sdf.kernel.SDFScheduler._scheduleConnectedActors(SDFScheduler.java:1828)
	at ptolemy.domains.sdf.kernel.SDFScheduler._getSchedule(SDFScheduler.java:587)
	at ptolemy.actor.sched.Scheduler.getSchedule(Scheduler.java:189)
	at ptolemy.domains.sdf.kernel.SDFDirector.createSchedule(SDFDirector.java:408)
	at ptolemy.domains.sdf.kernel.SDFDirector.preinitialize(SDFDirector.java:764)
	at ptolemy.actor.CompositeActor.preinitialize(CompositeActor.java:1828)
	at ptolemy.actor.Manager.preinitializeAndResolveTypes(Manager.java:1040)
	at ptolemy.actor.Manager.initialize(Manager.java:710)
	at ptolemy.actor.Manager.execute(Manager.java:356)
	at ptolemy.actor.Manager.run(Manager.java:1263)
	at ptolemy.actor.Manager$PtolemyRunThread.run(Manager.java:1933)
]]></system-err>
</testsuite>
