<?xml version="1.0" encoding="UTF-8" ?>
<testsuite errors="0" failures="0" hostname="travis-job-7228b6e9-7916-4d28-9df8-787d2e1f9b6b" name="ptolemy.domains.continuous.test.junit.JUnitTclTest" skipped="0" tests="155" time="69.491" timestamp="2018-07-25T01:43:50">
  <properties>
[...]
</properties>
  <testcase classname="ptolemy.util.test.junit.TclTests" name="[0] ThereAreNoTclTests (RunTclFile)" time="0.001" />
  <testcase classname="ptolemy.util.test.junit.AutoKnownFailedTests" name="[0] ThereAreNoKnowFailedTests (RunModel)" time="0.0" />
  <testcase classname="ptolemy.util.test.junit.AutoNameArchTests" name="[0] ThereAreNoAutoArchTests (RunModel)" time="0.0" />
  <testcase classname="ptolemy.util.test.junit.AutoTests" name="[0] /home/travis/build/icyphy/ptII/ptolemy/domains/continuous/test/auto/BouncingBall.xml (RunModel)" time="2.719" />
  <testcase classname="ptolemy.util.test.junit.AutoTests" name="[1] /home/travis/build/icyphy/ptII/ptolemy/domains/continuous/test/auto/BouncingBallWithoutGR.xml (RunModel)" time="0.783" />
  <testcase classname="ptolemy.util.test.junit.AutoTests" name="[2] /home/travis/build/icyphy/ptII/ptolemy/domains/continuous/test/auto/Brownian.xml (RunModel)" time="0.119" />
  <testcase classname="ptolemy.util.test.junit.AutoTests" name="[3] /home/travis/build/icyphy/ptII/ptolemy/domains/continuous/test/auto/CarTracking.xml (RunModel)" time="3.42" />
  <testcase classname="ptolemy.util.test.junit.AutoTests" name="[4] /home/travis/build/icyphy/ptII/ptolemy/domains/continuous/test/auto/CartPendulum.xml (RunModel)" time="0.527" />
  <testcase classname="ptolemy.util.test.junit.AutoTests" name="[5] /home/travis/build/icyphy/ptII/ptolemy/domains/continuous/test/auto/CausalityInterface10.xml (RunModel)" time="0.037" />
  <testcase classname="ptolemy.util.test.junit.AutoTests" name="[6] /home/travis/build/icyphy/ptII/ptolemy/domains/continuous/test/auto/CausalityInterface11.xml (RunModel)" time="0.034" />
  <testcase classname="ptolemy.util.test.junit.AutoTests" name="[7] /home/travis/build/icyphy/ptII/ptolemy/domains/continuous/test/auto/CausalityInterface12.xml (RunModel)" time="0.039" />
  <testcase classname="ptolemy.util.test.junit.AutoTests" name="[8] /home/travis/build/icyphy/ptII/ptolemy/domains/continuous/test/auto/CausalityInterface13.xml (RunModel)" time="0.029" />
  <testcase classname="ptolemy.util.test.junit.AutoTests" name="[9] /home/travis/build/icyphy/ptII/ptolemy/domains/continuous/test/auto/CausalityInterface14.xml (RunModel)" time="0.032" />
  <testcase classname="ptolemy.util.test.junit.AutoTests" name="[10] /home/travis/build/icyphy/ptII/ptolemy/domains/continuous/test/auto/CausalityInterface4.xml (RunModel)" time="0.045" />
  <testcase classname="ptolemy.util.test.junit.AutoTests" name="[11] /home/travis/build/icyphy/ptII/ptolemy/domains/continuous/test/auto/CausalityInterface5.xml (RunModel)" time="0.046" />
  <testcase classname="ptolemy.util.test.junit.AutoTests" name="[12] /home/travis/build/icyphy/ptII/ptolemy/domains/continuous/test/auto/CausalityInterface6.xml (RunModel)" time="0.03" />
  <testcase classname="ptolemy.util.test.junit.AutoTests" name="[13] /home/travis/build/icyphy/ptII/ptolemy/domains/continuous/test/auto/CausalityInterface7.xml (RunModel)" time="0.036" />
  <testcase classname="ptolemy.util.test.junit.AutoTests" name="[14] /home/travis/build/icyphy/ptII/ptolemy/domains/continuous/test/auto/CausalityInterface8.xml (RunModel)" time="0.033" />
  <testcase classname="ptolemy.util.test.junit.AutoTests" name="[15] /home/travis/build/icyphy/ptII/ptolemy/domains/continuous/test/auto/CausalityInterface9.xml (RunModel)" time="0.046" />
  <testcase classname="ptolemy.util.test.junit.AutoTests" name="[16] /home/travis/build/icyphy/ptII/ptolemy/domains/continuous/test/auto/CausalityInterfaceFeedback1.xml (RunModel)" time="0.027" />
  <testcase classname="ptolemy.util.test.junit.AutoTests" name="[17] /home/travis/build/icyphy/ptII/ptolemy/domains/continuous/test/auto/CausalityInterfaceFeedback2.xml (RunModel)" time="0.028" />
  <testcase classname="ptolemy.util.test.junit.AutoTests" name="[18] /home/travis/build/icyphy/ptII/ptolemy/domains/continuous/test/auto/CompareWithCurrentTime.xml (RunModel)" time="0.018" />
  <testcase classname="ptolemy.util.test.junit.AutoTests" name="[19] /home/travis/build/icyphy/ptII/ptolemy/domains/continuous/test/auto/ComparedClocks.xml (RunModel)" time="0.064" />
  <testcase classname="ptolemy.util.test.junit.AutoTests" name="[20] /home/travis/build/icyphy/ptII/ptolemy/domains/continuous/test/auto/ContinuousAOCClone.xml (RunModel)" time="2.412" />
  <testcase classname="ptolemy.util.test.junit.AutoTests" name="[21] /home/travis/build/icyphy/ptII/ptolemy/domains/continuous/test/auto/ContinuousClock.xml (RunModel)" time="0.111" />
  <testcase classname="ptolemy.util.test.junit.AutoTests" name="[22] /home/travis/build/icyphy/ptII/ptolemy/domains/continuous/test/auto/ContinuousInContinuous.xml (RunModel)" time="0.098" />
  <testcase classname="ptolemy.util.test.junit.AutoTests" name="[23] /home/travis/build/icyphy/ptII/ptolemy/domains/continuous/test/auto/ContinuousInContinuousInContinuous.xml (RunModel)" time="0.03" />
  <testcase classname="ptolemy.util.test.junit.AutoTests" name="[24] /home/travis/build/icyphy/ptII/ptolemy/domains/continuous/test/auto/ContinuousInDE.xml (RunModel)" time="0.146" />
  <testcase classname="ptolemy.util.test.junit.AutoTests" name="[25] /home/travis/build/icyphy/ptII/ptolemy/domains/continuous/test/auto/ContinuousInDE2.xml (RunModel)" time="0.061" />
  <testcase classname="ptolemy.util.test.junit.AutoTests" name="[26] /home/travis/build/icyphy/ptII/ptolemy/domains/continuous/test/auto/ContinuousInDE3.xml (RunModel)" time="0.059" />
  <testcase classname="ptolemy.util.test.junit.AutoTests" name="[27] /home/travis/build/icyphy/ptII/ptolemy/domains/continuous/test/auto/ContinuousInDE4.xml (RunModel)" time="0.033" />
  <testcase classname="ptolemy.util.test.junit.AutoTests" name="[28] /home/travis/build/icyphy/ptII/ptolemy/domains/continuous/test/auto/ContinuousInDEDifferentRefinements.xml (RunModel)" time="0.098" />
  <testcase classname="ptolemy.util.test.junit.AutoTests" name="[29] /home/travis/build/icyphy/ptII/ptolemy/domains/continuous/test/auto/ContinuousInDEDifferentRefinementsPreemptive.xml (RunModel)" time="0.079" />
  <testcase classname="ptolemy.util.test.junit.AutoTests" name="[30] /home/travis/build/icyphy/ptII/ptolemy/domains/continuous/test/auto/ContinuousInDEInContinuous2.xml (RunModel)" time="0.058" />
  <testcase classname="ptolemy.util.test.junit.AutoTests" name="[31] /home/travis/build/icyphy/ptII/ptolemy/domains/continuous/test/auto/ContinuousInDEInContinuous3.xml (RunModel)" time="0.05" />
  <testcase classname="ptolemy.util.test.junit.AutoTests" name="[32] /home/travis/build/icyphy/ptII/ptolemy/domains/continuous/test/auto/ContinuousInDEInput.xml (RunModel)" time="0.029" />
  <testcase classname="ptolemy.util.test.junit.AutoTests" name="[33] /home/travis/build/icyphy/ptII/ptolemy/domains/continuous/test/auto/ContinuousInDEInput2.xml (RunModel)" time="0.054" />
  <testcase classname="ptolemy.util.test.junit.AutoTests" name="[34] /home/travis/build/icyphy/ptII/ptolemy/domains/continuous/test/auto/ContinuousInDEInput3.xml (RunModel)" time="0.034" />
  <testcase classname="ptolemy.util.test.junit.AutoTests" name="[35] /home/travis/build/icyphy/ptII/ptolemy/domains/continuous/test/auto/ContinuousInDESharingRefinement.xml (RunModel)" time="0.155" />
  <testcase classname="ptolemy.util.test.junit.AutoTests" name="[36] /home/travis/build/icyphy/ptII/ptolemy/domains/continuous/test/auto/ContinuousInDEwithNoPorts.xml (RunModel)" time="0.019" />
  <testcase classname="ptolemy.util.test.junit.AutoTests" name="[37] /home/travis/build/icyphy/ptII/ptolemy/domains/continuous/test/auto/ContinuousInsideDE.xml (RunModel)" time="0.079" />
  <testcase classname="ptolemy.util.test.junit.AutoTests" name="[38] /home/travis/build/icyphy/ptII/ptolemy/domains/continuous/test/auto/ContinuousMerge1.xml (RunModel)" time="0.015" />
  <testcase classname="ptolemy.util.test.junit.AutoTests" name="[39] /home/travis/build/icyphy/ptII/ptolemy/domains/continuous/test/auto/ContinuousMerge2.xml (RunModel)" time="0.049" />
  <testcase classname="ptolemy.util.test.junit.AutoTests" name="[40] /home/travis/build/icyphy/ptII/ptolemy/domains/continuous/test/auto/ContinuousMerge3.xml (RunModel)" time="0.064" />
  <testcase classname="ptolemy.util.test.junit.AutoTests" name="[41] /home/travis/build/icyphy/ptII/ptolemy/domains/continuous/test/auto/ContinuousWithinContinuous.xml (RunModel)" time="0.063" />
  <testcase classname="ptolemy.util.test.junit.AutoTests" name="[42] /home/travis/build/icyphy/ptII/ptolemy/domains/continuous/test/auto/ContinuousWithinContinuous2.xml (RunModel)" time="0.075" />
  <testcase classname="ptolemy.util.test.junit.AutoTests" name="[43] /home/travis/build/icyphy/ptII/ptolemy/domains/continuous/test/auto/ContinuousWithinContinuous3.xml (RunModel)" time="0.029" />
  <testcase classname="ptolemy.util.test.junit.AutoTests" name="[44] /home/travis/build/icyphy/ptII/ptolemy/domains/continuous/test/auto/ContinuousWithinContinuous4.xml (RunModel)" time="0.074" />
  <testcase classname="ptolemy.util.test.junit.AutoTests" name="[45] /home/travis/build/icyphy/ptII/ptolemy/domains/continuous/test/auto/ContinuousWithinContinuous5.xml (RunModel)" time="0.03" />
  <testcase classname="ptolemy.util.test.junit.AutoTests" name="[46] /home/travis/build/icyphy/ptII/ptolemy/domains/continuous/test/auto/ContinuousWithinContinuous6.xml (RunModel)" time="0.026" />
  <testcase classname="ptolemy.util.test.junit.AutoTests" name="[47] /home/travis/build/icyphy/ptII/ptolemy/domains/continuous/test/auto/ContinuousWithinContinuous7.xml (RunModel)" time="0.062" />
  <testcase classname="ptolemy.util.test.junit.AutoTests" name="[48] /home/travis/build/icyphy/ptII/ptolemy/domains/continuous/test/auto/DCMotor.xml (RunModel)" time="13.563" />
  <testcase classname="ptolemy.util.test.junit.AutoTests" name="[49] /home/travis/build/icyphy/ptII/ptolemy/domains/continuous/test/auto/DEInContinuous.xml (RunModel)" time="0.035" />
  <testcase classname="ptolemy.util.test.junit.AutoTests" name="[50] /home/travis/build/icyphy/ptII/ptolemy/domains/continuous/test/auto/DEinContinuous2.xml (RunModel)" time="0.031" />
  <testcase classname="ptolemy.util.test.junit.AutoTests" name="[51] /home/travis/build/icyphy/ptII/ptolemy/domains/continuous/test/auto/Derivative.xml (RunModel)" time="0.207" />
  <testcase classname="ptolemy.util.test.junit.AutoTests" name="[52] /home/travis/build/icyphy/ptII/ptolemy/domains/continuous/test/auto/Derivative1.xml (RunModel)" time="0.035" />
  <testcase classname="ptolemy.util.test.junit.AutoTests" name="[53] /home/travis/build/icyphy/ptII/ptolemy/domains/continuous/test/auto/DiscreteClock.xml (RunModel)" time="0.014" />
  <testcase classname="ptolemy.util.test.junit.AutoTests" name="[54] /home/travis/build/icyphy/ptII/ptolemy/domains/continuous/test/auto/EfficiencyCurve.xml (RunModel)" time="0.101" />
  <testcase classname="ptolemy.util.test.junit.AutoTests" name="[55] /home/travis/build/icyphy/ptII/ptolemy/domains/continuous/test/auto/ExponentialResponse.xml (RunModel)" time="0.121" />
  <testcase classname="ptolemy.util.test.junit.AutoTests" name="[56] /home/travis/build/icyphy/ptII/ptolemy/domains/continuous/test/auto/ExponentialResponseRK45.xml (RunModel)" time="0.035" />
  <testcase classname="ptolemy.util.test.junit.AutoTests" name="[57] /home/travis/build/icyphy/ptII/ptolemy/domains/continuous/test/auto/Friction.xml (RunModel)" time="1.426" />
  <testcase classname="ptolemy.util.test.junit.AutoTests" name="[58] /home/travis/build/icyphy/ptII/ptolemy/domains/continuous/test/auto/FurutaPendulum.xml (RunModel)" time="3.14" />
  <testcase classname="ptolemy.util.test.junit.AutoTests" name="[59] /home/travis/build/icyphy/ptII/ptolemy/domains/continuous/test/auto/HierarchicalExecution.xml (RunModel)" time="1.868" />
  <testcase classname="ptolemy.util.test.junit.AutoTests" name="[60] /home/travis/build/icyphy/ptII/ptolemy/domains/continuous/test/auto/HybridPlant.xml (RunModel)" time="0.547" />
  <testcase classname="ptolemy.util.test.junit.AutoTests" name="[61] /home/travis/build/icyphy/ptII/ptolemy/domains/continuous/test/auto/Hysteresis.xml (RunModel)" time="0.156" />
  <testcase classname="ptolemy.util.test.junit.AutoTests" name="[62] /home/travis/build/icyphy/ptII/ptolemy/domains/continuous/test/auto/HysteresisWithRandomDelay.xml (RunModel)" time="0.208" />
  <testcase classname="ptolemy.util.test.junit.AutoTests" name="[63] /home/travis/build/icyphy/ptII/ptolemy/domains/continuous/test/auto/HysteresisWithRandomLosses.xml (RunModel)" time="1.965" />
  <testcase classname="ptolemy.util.test.junit.AutoTests" name="[64] /home/travis/build/icyphy/ptII/ptolemy/domains/continuous/test/auto/ImmediateTransitions.xml (RunModel)" time="0.037" />
  <testcase classname="ptolemy.util.test.junit.AutoTests" name="[65] /home/travis/build/icyphy/ptII/ptolemy/domains/continuous/test/auto/ImpulseFeedback.xml (RunModel)" time="0.016" />
  <testcase classname="ptolemy.util.test.junit.AutoTests" name="[66] /home/travis/build/icyphy/ptII/ptolemy/domains/continuous/test/auto/ImpulseFeedback2.xml (RunModel)" time="0.013" />
  <testcase classname="ptolemy.util.test.junit.AutoTests" name="[67] /home/travis/build/icyphy/ptII/ptolemy/domains/continuous/test/auto/IncreasingRatePoisson.xml (RunModel)" time="0.564" />
  <testcase classname="ptolemy.util.test.junit.AutoTests" name="[68] /home/travis/build/icyphy/ptII/ptolemy/domains/continuous/test/auto/InitialStateFeedback.xml (RunModel)" time="0.012" />
  <testcase classname="ptolemy.util.test.junit.AutoTests" name="[69] /home/travis/build/icyphy/ptII/ptolemy/domains/continuous/test/auto/Integration.xml (RunModel)" time="0.013" />
  <testcase classname="ptolemy.util.test.junit.AutoTests" name="[70] /home/travis/build/icyphy/ptII/ptolemy/domains/continuous/test/auto/Integration2.xml (RunModel)" time="0.08" />
  <testcase classname="ptolemy.util.test.junit.AutoTests" name="[71] /home/travis/build/icyphy/ptII/ptolemy/domains/continuous/test/auto/Integration3.xml (RunModel)" time="0.012" />
  <testcase classname="ptolemy.util.test.junit.AutoTests" name="[72] /home/travis/build/icyphy/ptII/ptolemy/domains/continuous/test/auto/Integration5.xml (RunModel)" time="0.013" />
  <testcase classname="ptolemy.util.test.junit.AutoTests" name="[73] /home/travis/build/icyphy/ptII/ptolemy/domains/continuous/test/auto/IntegratorImpulse.xml (RunModel)" time="0.009" />
  <testcase classname="ptolemy.util.test.junit.AutoTests" name="[74] /home/travis/build/icyphy/ptII/ptolemy/domains/continuous/test/auto/IntegratorImpulse2.xml (RunModel)" time="0.011" />
  <testcase classname="ptolemy.util.test.junit.AutoTests" name="[75] /home/travis/build/icyphy/ptII/ptolemy/domains/continuous/test/auto/LevelCrossing1.xml (RunModel)" time="0.011" />
  <testcase classname="ptolemy.util.test.junit.AutoTests" name="[76] /home/travis/build/icyphy/ptII/ptolemy/domains/continuous/test/auto/LevelCrossing2.xml (RunModel)" time="0.012" />
  <testcase classname="ptolemy.util.test.junit.AutoTests" name="[77] /home/travis/build/icyphy/ptII/ptolemy/domains/continuous/test/auto/LevelCrossing3.xml (RunModel)" time="0.01" />
  <testcase classname="ptolemy.util.test.junit.AutoTests" name="[78] /home/travis/build/icyphy/ptII/ptolemy/domains/continuous/test/auto/LevelCrossing4.xml (RunModel)" time="0.011" />
  <testcase classname="ptolemy.util.test.junit.AutoTests" name="[79] /home/travis/build/icyphy/ptII/ptolemy/domains/continuous/test/auto/LevelCrossing5.xml (RunModel)" time="0.013" />
  <testcase classname="ptolemy.util.test.junit.AutoTests" name="[80] /home/travis/build/icyphy/ptII/ptolemy/domains/continuous/test/auto/LevelCrossing6.xml (RunModel)" time="0.012" />
  <testcase classname="ptolemy.util.test.junit.AutoTests" name="[81] /home/travis/build/icyphy/ptII/ptolemy/domains/continuous/test/auto/LevelCrossingDetector.xml (RunModel)" time="0.038" />
  <testcase classname="ptolemy.util.test.junit.AutoTests" name="[82] /home/travis/build/icyphy/ptII/ptolemy/domains/continuous/test/auto/LevelCrossingDetectorDetectingDirections.xml (RunModel)" time="0.104" />
  <testcase classname="ptolemy.util.test.junit.AutoTests" name="[83] /home/travis/build/icyphy/ptII/ptolemy/domains/continuous/test/auto/LevelCrossingDetectorDetectsGlitches.xml (RunModel)" time="0.065" />
  <testcase classname="ptolemy.util.test.junit.AutoTests" name="[84] /home/travis/build/icyphy/ptII/ptolemy/domains/continuous/test/auto/LevelCrossingNoInitialOuput.xml (RunModel)" time="0.014" />
  <testcase classname="ptolemy.util.test.junit.AutoTests" name="[85] /home/travis/build/icyphy/ptII/ptolemy/domains/continuous/test/auto/LinearStateSpaceExample.xml (RunModel)" time="0.04" />
  <testcase classname="ptolemy.util.test.junit.AutoTests" name="[86] /home/travis/build/icyphy/ptII/ptolemy/domains/continuous/test/auto/Lorenz.xml (RunModel)" time="4.092" />
  <testcase classname="ptolemy.util.test.junit.AutoTests" name="[87] /home/travis/build/icyphy/ptII/ptolemy/domains/continuous/test/auto/LorenzDifferentialSystem.xml (RunModel)" time="1.001" />
  <testcase classname="ptolemy.util.test.junit.AutoTests" name="[88] /home/travis/build/icyphy/ptII/ptolemy/domains/continuous/test/auto/LorenzDifferentialSystemWithInput.xml (RunModel)" time="1.358" />
  <testcase classname="ptolemy.util.test.junit.AutoTests" name="[89] /home/travis/build/icyphy/ptII/ptolemy/domains/continuous/test/auto/LorenzDifferentialSystemWithTime.xml (RunModel)" time="0.794" />
  <testcase classname="ptolemy.util.test.junit.AutoTests" name="[90] /home/travis/build/icyphy/ptII/ptolemy/domains/continuous/test/auto/Microsteps.xml (RunModel)" time="0.045" />
  <testcase classname="ptolemy.util.test.junit.AutoTests" name="[91] /home/travis/build/icyphy/ptII/ptolemy/domains/continuous/test/auto/Modal1.xml (RunModel)" time="0.034" />
  <testcase classname="ptolemy.util.test.junit.AutoTests" name="[92] /home/travis/build/icyphy/ptII/ptolemy/domains/continuous/test/auto/Modal2.xml (RunModel)" time="0.055" />
  <testcase classname="ptolemy.util.test.junit.AutoTests" name="[93] /home/travis/build/icyphy/ptII/ptolemy/domains/continuous/test/auto/ModalTransitionGuardWithReset.xml (RunModel)" time="0.025" />
  <testcase classname="ptolemy.util.test.junit.AutoTests" name="[94] /home/travis/build/icyphy/ptII/ptolemy/domains/continuous/test/auto/ModalTransitionGuardWithResetUsingPreemptiveTransition.xml (RunModel)" time="0.029" />
  <testcase classname="ptolemy.util.test.junit.AutoTests" name="[95] /home/travis/build/icyphy/ptII/ptolemy/domains/continuous/test/auto/ModalTransitionGuardWithResetUsingPreemptiveTransition2.xml (RunModel)" time="0.023" />
  <testcase classname="ptolemy.util.test.junit.AutoTests" name="[96] /home/travis/build/icyphy/ptII/ptolemy/domains/continuous/test/auto/ModalTransitionGuardWithResetUsingPreemptiveTransition3.xml (RunModel)" time="0.036" />
  <testcase classname="ptolemy.util.test.junit.AutoTests" name="[97] /home/travis/build/icyphy/ptII/ptolemy/domains/continuous/test/auto/NewtonsCradle.xml (RunModel)" time="0.614" />
  <testcase classname="ptolemy.util.test.junit.AutoTests" name="[98] /home/travis/build/icyphy/ptII/ptolemy/domains/continuous/test/auto/NewtonsCradleAnimated.xml (RunModel)" time="1.042" />
  <testcase classname="ptolemy.util.test.junit.AutoTests" name="[99] /home/travis/build/icyphy/ptII/ptolemy/domains/continuous/test/auto/NewtonsCradleComplicated.xml (RunModel)" time="0.812" />
  <testcase classname="ptolemy.util.test.junit.AutoTests" name="[100] /home/travis/build/icyphy/ptII/ptolemy/domains/continuous/test/auto/NewtonsCradleNondeterministic.xml (RunModel)" time="0.769" />
  <testcase classname="ptolemy.util.test.junit.AutoTests" name="[101] /home/travis/build/icyphy/ptII/ptolemy/domains/continuous/test/auto/NewtonsCradlePerfectlyInelastic1.xml (RunModel)" time="1.116" />
  <testcase classname="ptolemy.util.test.junit.AutoTests" name="[102] /home/travis/build/icyphy/ptII/ptolemy/domains/continuous/test/auto/Noise.xml (RunModel)" time="0.176" />
  <testcase classname="ptolemy.util.test.junit.AutoTests" name="[103] /home/travis/build/icyphy/ptII/ptolemy/domains/continuous/test/auto/NoiseSpectrum.xml (RunModel)" time="0.754" />
  <testcase classname="ptolemy.util.test.junit.AutoTests" name="[104] /home/travis/build/icyphy/ptII/ptolemy/domains/continuous/test/auto/ParameterizedNewtonsCradleAnimated.xml (RunModel)" time="0.326" />
  <testcase classname="ptolemy.util.test.junit.AutoTests" name="[105] /home/travis/build/icyphy/ptII/ptolemy/domains/continuous/test/auto/ParameterizedNewtonsCradleAnimatedNondeterministic.xml (RunModel)" time="1.102" />
  <testcase classname="ptolemy.util.test.junit.AutoTests" name="[106] /home/travis/build/icyphy/ptII/ptolemy/domains/continuous/test/auto/Pendulum3D.xml (RunModel)" time="0.178" />
  <testcase classname="ptolemy.util.test.junit.AutoTests" name="[107] /home/travis/build/icyphy/ptII/ptolemy/domains/continuous/test/auto/PeriodicSampler.xml (RunModel)" time="0.009" />
  <testcase classname="ptolemy.util.test.junit.AutoTests" name="[108] /home/travis/build/icyphy/ptII/ptolemy/domains/continuous/test/auto/PeriodicSampler1.xml (RunModel)" time="0.05" />
  <testcase classname="ptolemy.util.test.junit.AutoTests" name="[109] /home/travis/build/icyphy/ptII/ptolemy/domains/continuous/test/auto/PeriodicSampler2.xml (RunModel)" time="0.062" />
  <testcase classname="ptolemy.util.test.junit.AutoTests" name="[110] /home/travis/build/icyphy/ptII/ptolemy/domains/continuous/test/auto/Poisson.xml (RunModel)" time="0.422" />
  <testcase classname="ptolemy.util.test.junit.AutoTests" name="[111] /home/travis/build/icyphy/ptII/ptolemy/domains/continuous/test/auto/PoissonClock.xml (RunModel)" time="0.009" />
  <testcase classname="ptolemy.util.test.junit.AutoTests" name="[112] /home/travis/build/icyphy/ptII/ptolemy/domains/continuous/test/auto/PoissonClock2.xml (RunModel)" time="0.012" />
  <testcase classname="ptolemy.util.test.junit.AutoTests" name="[113] /home/travis/build/icyphy/ptII/ptolemy/domains/continuous/test/auto/PortParameterHierarchy.xml (RunModel)" time="0.019" />
  <testcase classname="ptolemy.util.test.junit.AutoTests" name="[114] /home/travis/build/icyphy/ptII/ptolemy/domains/continuous/test/auto/RandomHybridPlant.xml (RunModel)" time="0.496" />
  <testcase classname="ptolemy.util.test.junit.AutoTests" name="[115] /home/travis/build/icyphy/ptII/ptolemy/domains/continuous/test/auto/ResetTransitionWithStartTime1.xml (RunModel)" time="0.038" />
  <testcase classname="ptolemy.util.test.junit.AutoTests" name="[116] /home/travis/build/icyphy/ptII/ptolemy/domains/continuous/test/auto/ResetTransitionWithStartTime2.xml (RunModel)" time="0.044" />
  <testcase classname="ptolemy.util.test.junit.AutoTests" name="[117] /home/travis/build/icyphy/ptII/ptolemy/domains/continuous/test/auto/ResetTransitionWithStartTime3.xml (RunModel)" time="0.037" />
  <testcase classname="ptolemy.util.test.junit.AutoTests" name="[118] /home/travis/build/icyphy/ptII/ptolemy/domains/continuous/test/auto/ResetTransitionWithStartTime4.xml (RunModel)" time="0.025" />
  <testcase classname="ptolemy.util.test.junit.AutoTests" name="[119] /home/travis/build/icyphy/ptII/ptolemy/domains/continuous/test/auto/ResetTransitionWithStartTime5.xml (RunModel)" time="0.034" />
  <testcase classname="ptolemy.util.test.junit.AutoTests" name="[120] /home/travis/build/icyphy/ptII/ptolemy/domains/continuous/test/auto/ResetTransitionWithStartTime6.xml (RunModel)" time="0.028" />
  <testcase classname="ptolemy.util.test.junit.AutoTests" name="[121] /home/travis/build/icyphy/ptII/ptolemy/domains/continuous/test/auto/SRinContinuous.xml (RunModel)" time="0.027" />
  <testcase classname="ptolemy.util.test.junit.AutoTests" name="[122] /home/travis/build/icyphy/ptII/ptolemy/domains/continuous/test/auto/SampledClocks.xml (RunModel)" time="0.039" />
  <testcase classname="ptolemy.util.test.junit.AutoTests" name="[123] /home/travis/build/icyphy/ptII/ptolemy/domains/continuous/test/auto/Satellite.xml (RunModel)" time="0.777" />
  <testcase classname="ptolemy.util.test.junit.AutoTests" name="[124] /home/travis/build/icyphy/ptII/ptolemy/domains/continuous/test/auto/SigmaDelta.xml (RunModel)" time="2.289" />
  <testcase classname="ptolemy.util.test.junit.AutoTests" name="[125] /home/travis/build/icyphy/ptII/ptolemy/domains/continuous/test/auto/SinuBouncingBall.xml (RunModel)" time="0.731" />
  <testcase classname="ptolemy.util.test.junit.AutoTests" name="[126] /home/travis/build/icyphy/ptII/ptolemy/domains/continuous/test/auto/Sinusoid.xml (RunModel)" time="0.017" />
  <testcase classname="ptolemy.util.test.junit.AutoTests" name="[127] /home/travis/build/icyphy/ptII/ptolemy/domains/continuous/test/auto/SinusoidInNoise.xml (RunModel)" time="0.893" />
  <testcase classname="ptolemy.util.test.junit.AutoTests" name="[128] /home/travis/build/icyphy/ptII/ptolemy/domains/continuous/test/auto/SinusoidRK45.xml (RunModel)" time="0.008" />
  <testcase classname="ptolemy.util.test.junit.AutoTests" name="[129] /home/travis/build/icyphy/ptII/ptolemy/domains/continuous/test/auto/SinusoidWithMultipleImpulses.xml (RunModel)" time="0.01" />
  <testcase classname="ptolemy.util.test.junit.AutoTests" name="[130] /home/travis/build/icyphy/ptII/ptolemy/domains/continuous/test/auto/SquareWave.xml (RunModel)" time="0.189" />
  <testcase classname="ptolemy.util.test.junit.AutoTests" name="[131] /home/travis/build/icyphy/ptII/ptolemy/domains/continuous/test/auto/Starmac.xml (RunModel)" time="3.347" />
  <testcase classname="ptolemy.util.test.junit.AutoTests" name="[132] /home/travis/build/icyphy/ptII/ptolemy/domains/continuous/test/auto/StaticUnits.xml (RunModel)" time="2.367" />
  <testcase classname="ptolemy.util.test.junit.AutoTests" name="[133] /home/travis/build/icyphy/ptII/ptolemy/domains/continuous/test/auto/StickyMasses.xml (RunModel)" time="0.181" />
  <testcase classname="ptolemy.util.test.junit.AutoTests" name="[134] /home/travis/build/icyphy/ptII/ptolemy/domains/continuous/test/auto/StopTime.xml (RunModel)" time="0.057" />
  <testcase classname="ptolemy.util.test.junit.AutoTests" name="[135] /home/travis/build/icyphy/ptII/ptolemy/domains/continuous/test/auto/StopTime2.xml (RunModel)" time="0.059" />
  <testcase classname="ptolemy.util.test.junit.AutoTests" name="[136] /home/travis/build/icyphy/ptII/ptolemy/domains/continuous/test/auto/Switch.xml (RunModel)" time="0.067" />
  <testcase classname="ptolemy.util.test.junit.AutoTests" name="[137] /home/travis/build/icyphy/ptII/ptolemy/domains/continuous/test/auto/Thermostat.xml (RunModel)" time="0.2" />
  <testcase classname="ptolemy.util.test.junit.AutoTests" name="[138] /home/travis/build/icyphy/ptII/ptolemy/domains/continuous/test/auto/TimeDelay.xml (RunModel)" time="0.01" />
  <testcase classname="ptolemy.util.test.junit.AutoTests" name="[139] /home/travis/build/icyphy/ptII/ptolemy/domains/continuous/test/auto/TimeDelay2.xml (RunModel)" time="0.02" />
  <testcase classname="ptolemy.util.test.junit.AutoTests" name="[140] /home/travis/build/icyphy/ptII/ptolemy/domains/continuous/test/auto/TimeDelay3.xml (RunModel)" time="0.013" />
  <testcase classname="ptolemy.util.test.junit.AutoTests" name="[141] /home/travis/build/icyphy/ptII/ptolemy/domains/continuous/test/auto/TransferAbsentToInside.xml (RunModel)" time="0.116" />
  <testcase classname="ptolemy.util.test.junit.AutoTests" name="[142] /home/travis/build/icyphy/ptII/ptolemy/domains/continuous/test/auto/Transmission.xml (RunModel)" time="0.949" />
  <testcase classname="ptolemy.util.test.junit.AutoTests" name="[143] /home/travis/build/icyphy/ptII/ptolemy/domains/continuous/test/auto/TriggeredContinuousClock.xml (RunModel)" time="0.064" />
  <testcase classname="ptolemy.util.test.junit.AutoTests" name="[144] /home/travis/build/icyphy/ptII/ptolemy/domains/continuous/test/auto/TwoMachineInfiniteBusControl.xml (RunModel)" time="2.845" />
  <testcase classname="ptolemy.util.test.junit.AutoTests" name="[145] /home/travis/build/icyphy/ptII/ptolemy/domains/continuous/test/auto/V2V.xml (RunModel)" time="0.757" />
  <testcase classname="ptolemy.util.test.junit.AutoTests" name="[146] /home/travis/build/icyphy/ptII/ptolemy/domains/continuous/test/auto/hierarchicalModalModel.xml (RunModel)" time="0.035" />
  <testcase classname="ptolemy.util.test.junit.AutoTests" name="[147] /home/travis/build/icyphy/ptII/ptolemy/domains/continuous/test/auto/hierarchicalModalModel1.xml (RunModel)" time="0.032" />
  <testcase classname="ptolemy.util.test.junit.AutoTests" name="[148] /home/travis/build/icyphy/ptII/ptolemy/domains/continuous/test/auto/hierarchicalModalModel2.xml (RunModel)" time="0.028" />
  <testcase classname="ptolemy.util.test.junit.AutoTests" name="[149] /home/travis/build/icyphy/ptII/ptolemy/domains/continuous/test/auto/hierarchicalModalModel3.xml (RunModel)" time="0.022" />
  <testcase classname="ptolemy.util.test.junit.AutoTests" name="[150] /home/travis/build/icyphy/ptII/ptolemy/domains/continuous/test/auto/hierarchicalModalModel4.xml (RunModel)" time="0.025" />
  <testcase classname="ptolemy.util.test.junit.AutoTests" name="[151] /home/travis/build/icyphy/ptII/ptolemy/domains/continuous/test/auto/junk.xml (RunModel)" time="0.135" />
  <system-out><![CDATA[No tcl tests in /home/travis/build/icyphy/ptII/ptolemy/domains/continuous/test
No auto/knownFailedTests/*.xml tests in /home/travis/build/icyphy/ptII/ptolemy/domains/continuous/test
No auto/linux-amd64/*.xml tests in /home/travis/build/icyphy/ptII/ptolemy/domains/continuous/test
AutoTests.java: About to close Vertx.
AutoTests.java: Vertx closed.

===========================================================================================
----------------- testing Wed Jul 25 01:43:51 UTC 2018 /home/travis/build/icyphy/ptII/ptolemy/domains/continuous/test/auto/BouncingBall.xml
----------------- Instantiating /home/travis/build/icyphy/ptII/ptolemy/domains/continuous/test/auto/BouncingBall.xml
2317 ms. Memory: 331776K Free: 255043K (77%)
----------------- Invoking toplevel() on ptolemy.moml.MoMLSimpleApplication@16818c76
----------------- Done invoking toplevel() on ptolemy.moml.MoMLSimpleApplication@16818c76
reloadAllAccessors: .BouncingBall

===========================================================================================
----------------- testing Wed Jul 25 01:43:53 UTC 2018 /home/travis/build/icyphy/ptII/ptolemy/domains/continuous/test/auto/BouncingBallWithoutGR.xml
----------------- Instantiating /home/travis/build/icyphy/ptII/ptolemy/domains/continuous/test/auto/BouncingBallWithoutGR.xml
689 ms. Memory: 331776K Free: 310277K (94%)
----------------- Invoking toplevel() on ptolemy.moml.MoMLSimpleApplication@1db98a60
----------------- Done invoking toplevel() on ptolemy.moml.MoMLSimpleApplication@1db98a60
reloadAllAccessors: .BouncingBallWithoutGR

===========================================================================================
----------------- testing Wed Jul 25 01:43:54 UTC 2018 /home/travis/build/icyphy/ptII/ptolemy/domains/continuous/test/auto/Brownian.xml
----------------- Instantiating /home/travis/build/icyphy/ptII/ptolemy/domains/continuous/test/auto/Brownian.xml
41 ms. Memory: 331776K Free: 296364K (89%)
----------------- Invoking toplevel() on ptolemy.moml.MoMLSimpleApplication@2a3005c7
----------------- Done invoking toplevel() on ptolemy.moml.MoMLSimpleApplication@2a3005c7
reloadAllAccessors: .Brownian

===========================================================================================
----------------- testing Wed Jul 25 01:43:54 UTC 2018 /home/travis/build/icyphy/ptII/ptolemy/domains/continuous/test/auto/CarTracking.xml
----------------- Instantiating /home/travis/build/icyphy/ptII/ptolemy/domains/continuous/test/auto/CarTracking.xml
2973 ms. Memory: 578048K Free: 473409K (82%)
----------------- Invoking toplevel() on ptolemy.moml.MoMLSimpleApplication@73934980
----------------- Done invoking toplevel() on ptolemy.moml.MoMLSimpleApplication@73934980
reloadAllAccessors: .CarTracking

===========================================================================================
----------------- testing Wed Jul 25 01:43:58 UTC 2018 /home/travis/build/icyphy/ptII/ptolemy/domains/continuous/test/auto/CartPendulum.xml
----------------- Instantiating /home/travis/build/icyphy/ptII/ptolemy/domains/continuous/test/auto/CartPendulum.xml
378 ms. Memory: 578048K Free: 365421K (63%)
----------------- Invoking toplevel() on ptolemy.moml.MoMLSimpleApplication@655a58d
----------------- Done invoking toplevel() on ptolemy.moml.MoMLSimpleApplication@655a58d
reloadAllAccessors: .CartPendulum

===========================================================================================
----------------- testing Wed Jul 25 01:43:58 UTC 2018 /home/travis/build/icyphy/ptII/ptolemy/domains/continuous/test/auto/CausalityInterface10.xml
----------------- Instantiating /home/travis/build/icyphy/ptII/ptolemy/domains/continuous/test/auto/CausalityInterface10.xml
7 ms. Memory: 578048K Free: 352298K (61%)
----------------- Invoking toplevel() on ptolemy.moml.MoMLSimpleApplication@655cc1b
----------------- Done invoking toplevel() on ptolemy.moml.MoMLSimpleApplication@655cc1b
reloadAllAccessors: .CausalityInterface10

===========================================================================================
----------------- testing Wed Jul 25 01:43:58 UTC 2018 /home/travis/build/icyphy/ptII/ptolemy/domains/continuous/test/auto/CausalityInterface11.xml
----------------- Instantiating /home/travis/build/icyphy/ptII/ptolemy/domains/continuous/test/auto/CausalityInterface11.xml
8 ms. Memory: 578048K Free: 342451K (59%)
----------------- Invoking toplevel() on ptolemy.moml.MoMLSimpleApplication@2aac340
----------------- Done invoking toplevel() on ptolemy.moml.MoMLSimpleApplication@2aac340
reloadAllAccessors: .CausalityInterface11

===========================================================================================
----------------- testing Wed Jul 25 01:43:58 UTC 2018 /home/travis/build/icyphy/ptII/ptolemy/domains/continuous/test/auto/CausalityInterface12.xml
----------------- Instantiating /home/travis/build/icyphy/ptII/ptolemy/domains/continuous/test/auto/CausalityInterface12.xml
10 ms. Memory: 578048K Free: 332613K (58%)
----------------- Invoking toplevel() on ptolemy.moml.MoMLSimpleApplication@24883623
----------------- Done invoking toplevel() on ptolemy.moml.MoMLSimpleApplication@24883623
reloadAllAccessors: .CausalityInterface12

===========================================================================================
----------------- testing Wed Jul 25 01:43:58 UTC 2018 /home/travis/build/icyphy/ptII/ptolemy/domains/continuous/test/auto/CausalityInterface13.xml
----------------- Instantiating /home/travis/build/icyphy/ptII/ptolemy/domains/continuous/test/auto/CausalityInterface13.xml
4 ms. Memory: 578048K Free: 319611K (55%)
----------------- Invoking toplevel() on ptolemy.moml.MoMLSimpleApplication@6645d5f1
----------------- Done invoking toplevel() on ptolemy.moml.MoMLSimpleApplication@6645d5f1
reloadAllAccessors: .CausalityInterface13

===========================================================================================
----------------- testing Wed Jul 25 01:43:58 UTC 2018 /home/travis/build/icyphy/ptII/ptolemy/domains/continuous/test/auto/CausalityInterface14.xml
----------------- Instantiating /home/travis/build/icyphy/ptII/ptolemy/domains/continuous/test/auto/CausalityInterface14.xml
5 ms. Memory: 578048K Free: 309765K (54%)
----------------- Invoking toplevel() on ptolemy.moml.MoMLSimpleApplication@1036bc30
----------------- Done invoking toplevel() on ptolemy.moml.MoMLSimpleApplication@1036bc30
reloadAllAccessors: .CausalityInterface14

===========================================================================================
----------------- testing Wed Jul 25 01:43:58 UTC 2018 /home/travis/build/icyphy/ptII/ptolemy/domains/continuous/test/auto/CausalityInterface4.xml
----------------- Instantiating /home/travis/build/icyphy/ptII/ptolemy/domains/continuous/test/auto/CausalityInterface4.xml
6 ms. Memory: 578048K Free: 299918K (52%)
----------------- Invoking toplevel() on ptolemy.moml.MoMLSimpleApplication@769da966
----------------- Done invoking toplevel() on ptolemy.moml.MoMLSimpleApplication@769da966
reloadAllAccessors: .CausalityInterface4

===========================================================================================
----------------- testing Wed Jul 25 01:43:58 UTC 2018 /home/travis/build/icyphy/ptII/ptolemy/domains/continuous/test/auto/CausalityInterface5.xml
----------------- Instantiating /home/travis/build/icyphy/ptII/ptolemy/domains/continuous/test/auto/CausalityInterface5.xml
6 ms. Memory: 578048K Free: 286795K (50%)
----------------- Invoking toplevel() on ptolemy.moml.MoMLSimpleApplication@9736578
----------------- Done invoking toplevel() on ptolemy.moml.MoMLSimpleApplication@9736578
reloadAllAccessors: .CausalityInterface5

===========================================================================================
----------------- testing Wed Jul 25 01:43:58 UTC 2018 /home/travis/build/icyphy/ptII/ptolemy/domains/continuous/test/auto/CausalityInterface6.xml
----------------- Instantiating /home/travis/build/icyphy/ptII/ptolemy/domains/continuous/test/auto/CausalityInterface6.xml
5 ms. Memory: 578048K Free: 273785K (47%)
----------------- Invoking toplevel() on ptolemy.moml.MoMLSimpleApplication@28a02351
----------------- Done invoking toplevel() on ptolemy.moml.MoMLSimpleApplication@28a02351
reloadAllAccessors: .CausalityInterface6

===========================================================================================
----------------- testing Wed Jul 25 01:43:58 UTC 2018 /home/travis/build/icyphy/ptII/ptolemy/domains/continuous/test/auto/CausalityInterface7.xml
----------------- Instantiating /home/travis/build/icyphy/ptII/ptolemy/domains/continuous/test/auto/CausalityInterface7.xml
8 ms. Memory: 578048K Free: 260678K (45%)
----------------- Invoking toplevel() on ptolemy.moml.MoMLSimpleApplication@7b43ee14
----------------- Done invoking toplevel() on ptolemy.moml.MoMLSimpleApplication@7b43ee14
reloadAllAccessors: .CausalityInterface7

===========================================================================================
----------------- testing Wed Jul 25 01:43:58 UTC 2018 /home/travis/build/icyphy/ptII/ptolemy/domains/continuous/test/auto/CausalityInterface8.xml
----------------- Instantiating /home/travis/build/icyphy/ptII/ptolemy/domains/continuous/test/auto/CausalityInterface8.xml
3 ms. Memory: 578048K Free: 247570K (43%)
----------------- Invoking toplevel() on ptolemy.moml.MoMLSimpleApplication@32488c15
----------------- Done invoking toplevel() on ptolemy.moml.MoMLSimpleApplication@32488c15
reloadAllAccessors: .CausalityInterface8

===========================================================================================
----------------- testing Wed Jul 25 01:43:58 UTC 2018 /home/travis/build/icyphy/ptII/ptolemy/domains/continuous/test/auto/CausalityInterface9.xml
----------------- Instantiating /home/travis/build/icyphy/ptII/ptolemy/domains/continuous/test/auto/CausalityInterface9.xml
4 ms. Memory: 578048K Free: 231161K (40%)
----------------- Invoking toplevel() on ptolemy.moml.MoMLSimpleApplication@5f184f55
----------------- Done invoking toplevel() on ptolemy.moml.MoMLSimpleApplication@5f184f55
reloadAllAccessors: .CausalityInterface9

===========================================================================================
----------------- testing Wed Jul 25 01:43:58 UTC 2018 /home/travis/build/icyphy/ptII/ptolemy/domains/continuous/test/auto/CausalityInterfaceFeedback1.xml
----------------- Instantiating /home/travis/build/icyphy/ptII/ptolemy/domains/continuous/test/auto/CausalityInterfaceFeedback1.xml
4 ms. Memory: 578048K Free: 218160K (38%)
----------------- Invoking toplevel() on ptolemy.moml.MoMLSimpleApplication@22e7c7a0
----------------- Done invoking toplevel() on ptolemy.moml.MoMLSimpleApplication@22e7c7a0
reloadAllAccessors: .CausalityInterfaceFeedback1

===========================================================================================
----------------- testing Wed Jul 25 01:43:58 UTC 2018 /home/travis/build/icyphy/ptII/ptolemy/domains/continuous/test/auto/CausalityInterfaceFeedback2.xml
----------------- Instantiating /home/travis/build/icyphy/ptII/ptolemy/domains/continuous/test/auto/CausalityInterfaceFeedback2.xml
7 ms. Memory: 578048K Free: 208321K (36%)
----------------- Invoking toplevel() on ptolemy.moml.MoMLSimpleApplication@4ab71eb8
----------------- Done invoking toplevel() on ptolemy.moml.MoMLSimpleApplication@4ab71eb8
reloadAllAccessors: .CausalityInterfaceFeedback2

===========================================================================================
----------------- testing Wed Jul 25 01:43:59 UTC 2018 /home/travis/build/icyphy/ptII/ptolemy/domains/continuous/test/auto/CompareWithCurrentTime.xml
----------------- Instantiating /home/travis/build/icyphy/ptII/ptolemy/domains/continuous/test/auto/CompareWithCurrentTime.xml
5 ms. Memory: 578048K Free: 201768K (35%)
----------------- Invoking toplevel() on ptolemy.moml.MoMLSimpleApplication@4ee7b453
----------------- Done invoking toplevel() on ptolemy.moml.MoMLSimpleApplication@4ee7b453
reloadAllAccessors: .CompareWithCurrentTime

===========================================================================================
----------------- testing Wed Jul 25 01:43:59 UTC 2018 /home/travis/build/icyphy/ptII/ptolemy/domains/continuous/test/auto/ComparedClocks.xml
----------------- Instantiating /home/travis/build/icyphy/ptII/ptolemy/domains/continuous/test/auto/ComparedClocks.xml
5 ms. Memory: 578048K Free: 182075K (31%)
----------------- Invoking toplevel() on ptolemy.moml.MoMLSimpleApplication@3e260bf1
----------------- Done invoking toplevel() on ptolemy.moml.MoMLSimpleApplication@3e260bf1
reloadAllAccessors: .ComparedClocks

===========================================================================================
----------------- testing Wed Jul 25 01:43:59 UTC 2018 /home/travis/build/icyphy/ptII/ptolemy/domains/continuous/test/auto/ContinuousAOCClone.xml
----------------- Instantiating /home/travis/build/icyphy/ptII/ptolemy/domains/continuous/test/auto/ContinuousAOCClone.xml
2196 ms. Memory: 555008K Free: 117820K (21%)
----------------- Invoking toplevel() on ptolemy.moml.MoMLSimpleApplication@1fc056a6
----------------- Done invoking toplevel() on ptolemy.moml.MoMLSimpleApplication@1fc056a6
reloadAllAccessors: .ContinuousAOCClone

===========================================================================================
----------------- testing Wed Jul 25 01:44:01 UTC 2018 /home/travis/build/icyphy/ptII/ptolemy/domains/continuous/test/auto/ContinuousClock.xml
----------------- Instantiating /home/travis/build/icyphy/ptII/ptolemy/domains/continuous/test/auto/ContinuousClock.xml
31 ms. Memory: 555008K Free: 88641K (16%)
----------------- Invoking toplevel() on ptolemy.moml.MoMLSimpleApplication@7c8832e8
----------------- Done invoking toplevel() on ptolemy.moml.MoMLSimpleApplication@7c8832e8
reloadAllAccessors: .ContinuousClock

===========================================================================================
----------------- testing Wed Jul 25 01:44:01 UTC 2018 /home/travis/build/icyphy/ptII/ptolemy/domains/continuous/test/auto/ContinuousInContinuous.xml
----------------- Instantiating /home/travis/build/icyphy/ptII/ptolemy/domains/continuous/test/auto/ContinuousInContinuous.xml
52 ms. Memory: 528384K Free: 503636K (95%)
----------------- Invoking toplevel() on ptolemy.moml.MoMLSimpleApplication@12f28b0b
----------------- Done invoking toplevel() on ptolemy.moml.MoMLSimpleApplication@12f28b0b
reloadAllAccessors: .ContinuousInContinuous

===========================================================================================
----------------- testing Wed Jul 25 01:44:01 UTC 2018 /home/travis/build/icyphy/ptII/ptolemy/domains/continuous/test/auto/ContinuousInContinuousInContinuous.xml
----------------- Instantiating /home/travis/build/icyphy/ptII/ptolemy/domains/continuous/test/auto/ContinuousInContinuousInContinuous.xml
6 ms. Memory: 528384K Free: 491800K (93%)
----------------- Invoking toplevel() on ptolemy.moml.MoMLSimpleApplication@7c9dcf7a
----------------- Done invoking toplevel() on ptolemy.moml.MoMLSimpleApplication@7c9dcf7a
reloadAllAccessors: .ContinuousInContinuousInContinuous

===========================================================================================
----------------- testing Wed Jul 25 01:44:01 UTC 2018 /home/travis/build/icyphy/ptII/ptolemy/domains/continuous/test/auto/ContinuousInDE.xml
----------------- Instantiating /home/travis/build/icyphy/ptII/ptolemy/domains/continuous/test/auto/ContinuousInDE.xml
116 ms. Memory: 528384K Free: 477104K (90%)
----------------- Invoking toplevel() on ptolemy.moml.MoMLSimpleApplication@3895c806
----------------- Done invoking toplevel() on ptolemy.moml.MoMLSimpleApplication@3895c806
reloadAllAccessors: .ContinuousInDE

===========================================================================================
----------------- testing Wed Jul 25 01:44:01 UTC 2018 /home/travis/build/icyphy/ptII/ptolemy/domains/continuous/test/auto/ContinuousInDE2.xml
----------------- Instantiating /home/travis/build/icyphy/ptII/ptolemy/domains/continuous/test/auto/ContinuousInDE2.xml
44 ms. Memory: 528384K Free: 465913K (88%)
----------------- Invoking toplevel() on ptolemy.moml.MoMLSimpleApplication@466b1798
----------------- Done invoking toplevel() on ptolemy.moml.MoMLSimpleApplication@466b1798
reloadAllAccessors: .ContinuousInDE2

===========================================================================================
----------------- testing Wed Jul 25 01:44:01 UTC 2018 /home/travis/build/icyphy/ptII/ptolemy/domains/continuous/test/auto/ContinuousInDE3.xml
----------------- Instantiating /home/travis/build/icyphy/ptII/ptolemy/domains/continuous/test/auto/ContinuousInDE3.xml
36 ms. Memory: 528384K Free: 453451K (86%)
----------------- Invoking toplevel() on ptolemy.moml.MoMLSimpleApplication@76bbf118
----------------- Done invoking toplevel() on ptolemy.moml.MoMLSimpleApplication@76bbf118
reloadAllAccessors: .ContinuousInDE3

===========================================================================================
----------------- testing Wed Jul 25 01:44:02 UTC 2018 /home/travis/build/icyphy/ptII/ptolemy/domains/continuous/test/auto/ContinuousInDE4.xml
----------------- Instantiating /home/travis/build/icyphy/ptII/ptolemy/domains/continuous/test/auto/ContinuousInDE4.xml
14 ms. Memory: 528384K Free: 445460K (84%)
----------------- Invoking toplevel() on ptolemy.moml.MoMLSimpleApplication@427d2a42
----------------- Done invoking toplevel() on ptolemy.moml.MoMLSimpleApplication@427d2a42
reloadAllAccessors: .ContinuousInDE4

===========================================================================================
----------------- testing Wed Jul 25 01:44:02 UTC 2018 /home/travis/build/icyphy/ptII/ptolemy/domains/continuous/test/auto/ContinuousInDEDifferentRefinements.xml
----------------- Instantiating /home/travis/build/icyphy/ptII/ptolemy/domains/continuous/test/auto/ContinuousInDEDifferentRefinements.xml
47 ms. Memory: 528384K Free: 411824K (78%)
----------------- Invoking toplevel() on ptolemy.moml.MoMLSimpleApplication@3f74354d
----------------- Done invoking toplevel() on ptolemy.moml.MoMLSimpleApplication@3f74354d
reloadAllAccessors: .ContinuousInDEDifferentRefinements

===========================================================================================
----------------- testing Wed Jul 25 01:44:02 UTC 2018 /home/travis/build/icyphy/ptII/ptolemy/domains/continuous/test/auto/ContinuousInDEDifferentRefinementsPreemptive.xml
----------------- Instantiating /home/travis/build/icyphy/ptII/ptolemy/domains/continuous/test/auto/ContinuousInDEDifferentRefinementsPreemptive.xml
37 ms. Memory: 528384K Free: 376894K (71%)
----------------- Invoking toplevel() on ptolemy.moml.MoMLSimpleApplication@1bd57480
----------------- Done invoking toplevel() on ptolemy.moml.MoMLSimpleApplication@1bd57480
reloadAllAccessors: .ContinuousInDEDifferentRefinementsPreemptive

===========================================================================================
----------------- testing Wed Jul 25 01:44:02 UTC 2018 /home/travis/build/icyphy/ptII/ptolemy/domains/continuous/test/auto/ContinuousInDEInContinuous2.xml
----------------- Instantiating /home/travis/build/icyphy/ptII/ptolemy/domains/continuous/test/auto/ContinuousInDEInContinuous2.xml
34 ms. Memory: 528384K Free: 361249K (68%)
----------------- Invoking toplevel() on ptolemy.moml.MoMLSimpleApplication@516467a7
----------------- Done invoking toplevel() on ptolemy.moml.MoMLSimpleApplication@516467a7
reloadAllAccessors: .ContinuousInDEInContinuous2

===========================================================================================
----------------- testing Wed Jul 25 01:44:02 UTC 2018 /home/travis/build/icyphy/ptII/ptolemy/domains/continuous/test/auto/ContinuousInDEInContinuous3.xml
----------------- Instantiating /home/travis/build/icyphy/ptII/ptolemy/domains/continuous/test/auto/ContinuousInDEInContinuous3.xml
30 ms. Memory: 528384K Free: 344302K (65%)
----------------- Invoking toplevel() on ptolemy.moml.MoMLSimpleApplication@4b434133
----------------- Done invoking toplevel() on ptolemy.moml.MoMLSimpleApplication@4b434133
reloadAllAccessors: .ContinuousInDEInContinuous3

===========================================================================================
----------------- testing Wed Jul 25 01:44:02 UTC 2018 /home/travis/build/icyphy/ptII/ptolemy/domains/continuous/test/auto/ContinuousInDEInput.xml
----------------- Instantiating /home/travis/build/icyphy/ptII/ptolemy/domains/continuous/test/auto/ContinuousInDEInput.xml
12 ms. Memory: 528384K Free: 331824K (63%)
----------------- Invoking toplevel() on ptolemy.moml.MoMLSimpleApplication@488e7008
----------------- Done invoking toplevel() on ptolemy.moml.MoMLSimpleApplication@488e7008
reloadAllAccessors: .ContinuousInDEInput

===========================================================================================
----------------- testing Wed Jul 25 01:44:02 UTC 2018 /home/travis/build/icyphy/ptII/ptolemy/domains/continuous/test/auto/ContinuousInDEInput2.xml
----------------- Instantiating /home/travis/build/icyphy/ptII/ptolemy/domains/continuous/test/auto/ContinuousInDEInput2.xml
14 ms. Memory: 528384K Free: 322877K (61%)
----------------- Invoking toplevel() on ptolemy.moml.MoMLSimpleApplication@4d6b442
----------------- Done invoking toplevel() on ptolemy.moml.MoMLSimpleApplication@4d6b442
reloadAllAccessors: .ContinuousInDEInput2

===========================================================================================
----------------- testing Wed Jul 25 01:44:02 UTC 2018 /home/travis/build/icyphy/ptII/ptolemy/domains/continuous/test/auto/ContinuousInDEInput3.xml
----------------- Instantiating /home/travis/build/icyphy/ptII/ptolemy/domains/continuous/test/auto/ContinuousInDEInput3.xml
14 ms. Memory: 528384K Free: 312634K (59%)
----------------- Invoking toplevel() on ptolemy.moml.MoMLSimpleApplication@4c4276f0
----------------- Done invoking toplevel() on ptolemy.moml.MoMLSimpleApplication@4c4276f0
reloadAllAccessors: .ContinuousInDEInput3

===========================================================================================
----------------- testing Wed Jul 25 01:44:02 UTC 2018 /home/travis/build/icyphy/ptII/ptolemy/domains/continuous/test/auto/ContinuousInDESharingRefinement.xml
----------------- Instantiating /home/travis/build/icyphy/ptII/ptolemy/domains/continuous/test/auto/ContinuousInDESharingRefinement.xml
129 ms. Memory: 528384K Free: 214852K (41%)
----------------- Invoking toplevel() on ptolemy.moml.MoMLSimpleApplication@4e757986
----------------- Done invoking toplevel() on ptolemy.moml.MoMLSimpleApplication@4e757986
reloadAllAccessors: .ContinuousInDESharingRefinement

===========================================================================================
----------------- testing Wed Jul 25 01:44:02 UTC 2018 /home/travis/build/icyphy/ptII/ptolemy/domains/continuous/test/auto/ContinuousInDEwithNoPorts.xml
----------------- Instantiating /home/travis/build/icyphy/ptII/ptolemy/domains/continuous/test/auto/ContinuousInDEwithNoPorts.xml
4 ms. Memory: 528384K Free: 208131K (39%)
----------------- Invoking toplevel() on ptolemy.moml.MoMLSimpleApplication@4a46ecfe
----------------- Done invoking toplevel() on ptolemy.moml.MoMLSimpleApplication@4a46ecfe
reloadAllAccessors: .ContinuousInDEwithNoPorts

===========================================================================================
----------------- testing Wed Jul 25 01:44:02 UTC 2018 /home/travis/build/icyphy/ptII/ptolemy/domains/continuous/test/auto/ContinuousInsideDE.xml
----------------- Instantiating /home/travis/build/icyphy/ptII/ptolemy/domains/continuous/test/auto/ContinuousInsideDE.xml
42 ms. Memory: 528384K Free: 191191K (36%)
----------------- Invoking toplevel() on ptolemy.moml.MoMLSimpleApplication@415b9f7d
----------------- Done invoking toplevel() on ptolemy.moml.MoMLSimpleApplication@415b9f7d
reloadAllAccessors: .ContinuousInsideDE

===========================================================================================
----------------- testing Wed Jul 25 01:44:02 UTC 2018 /home/travis/build/icyphy/ptII/ptolemy/domains/continuous/test/auto/ContinuousMerge1.xml
----------------- Instantiating /home/travis/build/icyphy/ptII/ptolemy/domains/continuous/test/auto/ContinuousMerge1.xml
3 ms. Memory: 528384K Free: 183208K (35%)
----------------- Invoking toplevel() on ptolemy.moml.MoMLSimpleApplication@7c84ff3d
----------------- Done invoking toplevel() on ptolemy.moml.MoMLSimpleApplication@7c84ff3d
reloadAllAccessors: .ContinuousMerge1

===========================================================================================
----------------- testing Wed Jul 25 01:44:02 UTC 2018 /home/travis/build/icyphy/ptII/ptolemy/domains/continuous/test/auto/ContinuousMerge2.xml
----------------- Instantiating /home/travis/build/icyphy/ptII/ptolemy/domains/continuous/test/auto/ContinuousMerge2.xml
16 ms. Memory: 528384K Free: 169783K (32%)
----------------- Invoking toplevel() on ptolemy.moml.MoMLSimpleApplication@4051ec46
----------------- Done invoking toplevel() on ptolemy.moml.MoMLSimpleApplication@4051ec46
reloadAllAccessors: .ContinuousMerge2

===========================================================================================
----------------- testing Wed Jul 25 01:44:02 UTC 2018 /home/travis/build/icyphy/ptII/ptolemy/domains/continuous/test/auto/ContinuousMerge3.xml
----------------- Instantiating /home/travis/build/icyphy/ptII/ptolemy/domains/continuous/test/auto/ContinuousMerge3.xml
41 ms. Memory: 528384K Free: 155070K (29%)
----------------- Invoking toplevel() on ptolemy.moml.MoMLSimpleApplication@24fc46a3
----------------- Done invoking toplevel() on ptolemy.moml.MoMLSimpleApplication@24fc46a3
reloadAllAccessors: .ContinuousMerge3

===========================================================================================
----------------- testing Wed Jul 25 01:44:02 UTC 2018 /home/travis/build/icyphy/ptII/ptolemy/domains/continuous/test/auto/ContinuousWithinContinuous.xml
----------------- Instantiating /home/travis/build/icyphy/ptII/ptolemy/domains/continuous/test/auto/ContinuousWithinContinuous.xml
44 ms. Memory: 528384K Free: 141637K (27%)
----------------- Invoking toplevel() on ptolemy.moml.MoMLSimpleApplication@23fb3527
----------------- Done invoking toplevel() on ptolemy.moml.MoMLSimpleApplication@23fb3527
reloadAllAccessors: .ContinuousWithinContinuous

===========================================================================================
----------------- testing Wed Jul 25 01:44:02 UTC 2018 /home/travis/build/icyphy/ptII/ptolemy/domains/continuous/test/auto/ContinuousWithinContinuous2.xml
----------------- Instantiating /home/travis/build/icyphy/ptII/ptolemy/domains/continuous/test/auto/ContinuousWithinContinuous2.xml
60 ms. Memory: 528384K Free: 126940K (24%)
----------------- Invoking toplevel() on ptolemy.moml.MoMLSimpleApplication@205659df
----------------- Done invoking toplevel() on ptolemy.moml.MoMLSimpleApplication@205659df
reloadAllAccessors: .ContinuousWithinContinuous2

===========================================================================================
----------------- testing Wed Jul 25 01:44:03 UTC 2018 /home/travis/build/icyphy/ptII/ptolemy/domains/continuous/test/auto/ContinuousWithinContinuous3.xml
----------------- Instantiating /home/travis/build/icyphy/ptII/ptolemy/domains/continuous/test/auto/ContinuousWithinContinuous3.xml
13 ms. Memory: 528384K Free: 116714K (22%)
----------------- Invoking toplevel() on ptolemy.moml.MoMLSimpleApplication@55cbd2a9
----------------- Done invoking toplevel() on ptolemy.moml.MoMLSimpleApplication@55cbd2a9
reloadAllAccessors: .ContinuousWithinContinuous3

===========================================================================================
----------------- testing Wed Jul 25 01:44:03 UTC 2018 /home/travis/build/icyphy/ptII/ptolemy/domains/continuous/test/auto/ContinuousWithinContinuous4.xml
----------------- Instantiating /home/travis/build/icyphy/ptII/ptolemy/domains/continuous/test/auto/ContinuousWithinContinuous4.xml
59 ms. Memory: 528384K Free: 103296K (20%)
----------------- Invoking toplevel() on ptolemy.moml.MoMLSimpleApplication@44651386
----------------- Done invoking toplevel() on ptolemy.moml.MoMLSimpleApplication@44651386
reloadAllAccessors: .ContinuousWithinContinuous4

===========================================================================================
----------------- testing Wed Jul 25 01:44:03 UTC 2018 /home/travis/build/icyphy/ptII/ptolemy/domains/continuous/test/auto/ContinuousWithinContinuous5.xml
----------------- Instantiating /home/travis/build/icyphy/ptII/ptolemy/domains/continuous/test/auto/ContinuousWithinContinuous5.xml
11 ms. Memory: 528384K Free: 93078K (18%)
----------------- Invoking toplevel() on ptolemy.moml.MoMLSimpleApplication@69c06078
----------------- Done invoking toplevel() on ptolemy.moml.MoMLSimpleApplication@69c06078
reloadAllAccessors: .ContinuousWithinContinuous5

===========================================================================================
----------------- testing Wed Jul 25 01:44:03 UTC 2018 /home/travis/build/icyphy/ptII/ptolemy/domains/continuous/test/auto/ContinuousWithinContinuous6.xml
----------------- Instantiating /home/travis/build/icyphy/ptII/ptolemy/domains/continuous/test/auto/ContinuousWithinContinuous6.xml
11 ms. Memory: 528384K Free: 82852K (16%)
----------------- Invoking toplevel() on ptolemy.moml.MoMLSimpleApplication@1ab94077
----------------- Done invoking toplevel() on ptolemy.moml.MoMLSimpleApplication@1ab94077
reloadAllAccessors: .ContinuousWithinContinuous6

===========================================================================================
----------------- testing Wed Jul 25 01:44:03 UTC 2018 /home/travis/build/icyphy/ptII/ptolemy/domains/continuous/test/auto/ContinuousWithinContinuous7.xml
----------------- Instantiating /home/travis/build/icyphy/ptII/ptolemy/domains/continuous/test/auto/ContinuousWithinContinuous7.xml
50 ms. Memory: 528384K Free: 69426K (13%)
----------------- Invoking toplevel() on ptolemy.moml.MoMLSimpleApplication@1c46e241
----------------- Done invoking toplevel() on ptolemy.moml.MoMLSimpleApplication@1c46e241
reloadAllAccessors: .ContinuousWithinContinuous7

===========================================================================================
----------------- testing Wed Jul 25 01:44:03 UTC 2018 /home/travis/build/icyphy/ptII/ptolemy/domains/continuous/test/auto/DCMotor.xml
----------------- Instantiating /home/travis/build/icyphy/ptII/ptolemy/domains/continuous/test/auto/DCMotor.xml
13479 ms. Memory: 368640K Free: 210539K (57%)
----------------- Invoking toplevel() on ptolemy.moml.MoMLSimpleApplication@4d1745f
----------------- Done invoking toplevel() on ptolemy.moml.MoMLSimpleApplication@4d1745f
reloadAllAccessors: .DCMotor

===========================================================================================
----------------- testing Wed Jul 25 01:44:16 UTC 2018 /home/travis/build/icyphy/ptII/ptolemy/domains/continuous/test/auto/DEInContinuous.xml
----------------- Instantiating /home/travis/build/icyphy/ptII/ptolemy/domains/continuous/test/auto/DEInContinuous.xml
18 ms. Memory: 368640K Free: 197164K (53%)
----------------- Invoking toplevel() on ptolemy.moml.MoMLSimpleApplication@6d426da7
----------------- Done invoking toplevel() on ptolemy.moml.MoMLSimpleApplication@6d426da7
reloadAllAccessors: .DEInContinuous

===========================================================================================
----------------- testing Wed Jul 25 01:44:16 UTC 2018 /home/travis/build/icyphy/ptII/ptolemy/domains/continuous/test/auto/DEinContinuous2.xml
----------------- Instantiating /home/travis/build/icyphy/ptII/ptolemy/domains/continuous/test/auto/DEinContinuous2.xml
12 ms. Memory: 368640K Free: 179667K (49%)
----------------- Invoking toplevel() on ptolemy.moml.MoMLSimpleApplication@22c5af83
----------------- Done invoking toplevel() on ptolemy.moml.MoMLSimpleApplication@22c5af83
reloadAllAccessors: .DEinContinuous2

===========================================================================================
----------------- testing Wed Jul 25 01:44:16 UTC 2018 /home/travis/build/icyphy/ptII/ptolemy/domains/continuous/test/auto/Derivative.xml
----------------- Instantiating /home/travis/build/icyphy/ptII/ptolemy/domains/continuous/test/auto/Derivative.xml
153 ms. Memory: 368640K Free: 139018K (38%)
----------------- Invoking toplevel() on ptolemy.moml.MoMLSimpleApplication@7b826696
----------------- Done invoking toplevel() on ptolemy.moml.MoMLSimpleApplication@7b826696
reloadAllAccessors: .Derivative2

===========================================================================================
----------------- testing Wed Jul 25 01:44:17 UTC 2018 /home/travis/build/icyphy/ptII/ptolemy/domains/continuous/test/auto/Derivative1.xml
----------------- Instantiating /home/travis/build/icyphy/ptII/ptolemy/domains/continuous/test/auto/Derivative1.xml
12 ms. Memory: 368640K Free: 121520K (33%)
----------------- Invoking toplevel() on ptolemy.moml.MoMLSimpleApplication@8c1c054
----------------- Done invoking toplevel() on ptolemy.moml.MoMLSimpleApplication@8c1c054
reloadAllAccessors: .Derivative1

===========================================================================================
----------------- testing Wed Jul 25 01:44:17 UTC 2018 /home/travis/build/icyphy/ptII/ptolemy/domains/continuous/test/auto/DiscreteClock.xml
----------------- Instantiating /home/travis/build/icyphy/ptII/ptolemy/domains/continuous/test/auto/DiscreteClock.xml
4 ms. Memory: 368640K Free: 109661K (30%)
----------------- Invoking toplevel() on ptolemy.moml.MoMLSimpleApplication@635a7827
----------------- Done invoking toplevel() on ptolemy.moml.MoMLSimpleApplication@635a7827
reloadAllAccessors: .DiscreteClock

===========================================================================================
----------------- testing Wed Jul 25 01:44:17 UTC 2018 /home/travis/build/icyphy/ptII/ptolemy/domains/continuous/test/auto/EfficiencyCurve.xml
----------------- Instantiating /home/travis/build/icyphy/ptII/ptolemy/domains/continuous/test/auto/EfficiencyCurve.xml
66 ms. Memory: 368640K Free: 97185K (26%)
----------------- Invoking toplevel() on ptolemy.moml.MoMLSimpleApplication@4c8745a9
----------------- Done invoking toplevel() on ptolemy.moml.MoMLSimpleApplication@4c8745a9
reloadAllAccessors: .EfficiencyCurve

===========================================================================================
----------------- testing Wed Jul 25 01:44:17 UTC 2018 /home/travis/build/icyphy/ptII/ptolemy/domains/continuous/test/auto/ExponentialResponse.xml
----------------- Instantiating /home/travis/build/icyphy/ptII/ptolemy/domains/continuous/test/auto/ExponentialResponse.xml
105 ms. Memory: 368640K Free: 74081K (20%)
----------------- Invoking toplevel() on ptolemy.moml.MoMLSimpleApplication@af172d9
----------------- Done invoking toplevel() on ptolemy.moml.MoMLSimpleApplication@af172d9
reloadAllAccessors: .ExponentialResponse

===========================================================================================
----------------- testing Wed Jul 25 01:44:17 UTC 2018 /home/travis/build/icyphy/ptII/ptolemy/domains/continuous/test/auto/ExponentialResponseRK45.xml
----------------- Instantiating /home/travis/build/icyphy/ptII/ptolemy/domains/continuous/test/auto/ExponentialResponseRK45.xml
26 ms. Memory: 350208K Free: 325176K (93%)
----------------- Invoking toplevel() on ptolemy.moml.MoMLSimpleApplication@610c2c70
----------------- Done invoking toplevel() on ptolemy.moml.MoMLSimpleApplication@610c2c70
reloadAllAccessors: .ExponentialResponseRK45

===========================================================================================
----------------- testing Wed Jul 25 01:44:17 UTC 2018 /home/travis/build/icyphy/ptII/ptolemy/domains/continuous/test/auto/Friction.xml
----------------- Instantiating /home/travis/build/icyphy/ptII/ptolemy/domains/continuous/test/auto/Friction.xml
1303 ms. Memory: 344064K Free: 131062K (38%)
----------------- Invoking toplevel() on ptolemy.moml.MoMLSimpleApplication@411caff8
----------------- Done invoking toplevel() on ptolemy.moml.MoMLSimpleApplication@411caff8
reloadAllAccessors: .Friction

===========================================================================================
----------------- testing Wed Jul 25 01:44:18 UTC 2018 /home/travis/build/icyphy/ptII/ptolemy/domains/continuous/test/auto/FurutaPendulum.xml
----------------- Instantiating /home/travis/build/icyphy/ptII/ptolemy/domains/continuous/test/auto/FurutaPendulum.xml
2984 ms. Memory: 317440K Free: 86567K (27%)
----------------- Invoking toplevel() on ptolemy.moml.MoMLSimpleApplication@27a66ee9
----------------- Done invoking toplevel() on ptolemy.moml.MoMLSimpleApplication@27a66ee9
reloadAllAccessors: .FurutaPendulum

===========================================================================================
----------------- testing Wed Jul 25 01:44:21 UTC 2018 /home/travis/build/icyphy/ptII/ptolemy/domains/continuous/test/auto/HierarchicalExecution.xml
----------------- Instantiating /home/travis/build/icyphy/ptII/ptolemy/domains/continuous/test/auto/HierarchicalExecution.xml
1587 ms. Memory: 302592K Free: 222479K (74%)
----------------- Invoking toplevel() on ptolemy.moml.MoMLSimpleApplication@55eb5084
----------------- Done invoking toplevel() on ptolemy.moml.MoMLSimpleApplication@55eb5084
reloadAllAccessors: .HierarchicalExecution

===========================================================================================
----------------- testing Wed Jul 25 01:44:23 UTC 2018 /home/travis/build/icyphy/ptII/ptolemy/domains/continuous/test/auto/HybridPlant.xml
----------------- Instantiating /home/travis/build/icyphy/ptII/ptolemy/domains/continuous/test/auto/HybridPlant.xml
481 ms. Memory: 361472K Free: 218542K (60%)
----------------- Invoking toplevel() on ptolemy.moml.MoMLSimpleApplication@7cf445f6
----------------- Done invoking toplevel() on ptolemy.moml.MoMLSimpleApplication@7cf445f6
reloadAllAccessors: .HybridPlant

===========================================================================================
----------------- testing Wed Jul 25 01:44:24 UTC 2018 /home/travis/build/icyphy/ptII/ptolemy/domains/continuous/test/auto/Hysteresis.xml
----------------- Instantiating /home/travis/build/icyphy/ptII/ptolemy/domains/continuous/test/auto/Hysteresis.xml
126 ms. Memory: 361472K Free: 154678K (43%)
----------------- Invoking toplevel() on ptolemy.moml.MoMLSimpleApplication@56db7482
----------------- Done invoking toplevel() on ptolemy.moml.MoMLSimpleApplication@56db7482
reloadAllAccessors: .Hysteresis

===========================================================================================
----------------- testing Wed Jul 25 01:44:24 UTC 2018 /home/travis/build/icyphy/ptII/ptolemy/domains/continuous/test/auto/HysteresisWithRandomDelay.xml
----------------- Instantiating /home/travis/build/icyphy/ptII/ptolemy/domains/continuous/test/auto/HysteresisWithRandomDelay.xml
158 ms. Memory: 361472K Free: 75277K (21%)
----------------- Invoking toplevel() on ptolemy.moml.MoMLSimpleApplication@46961bc4
----------------- Done invoking toplevel() on ptolemy.moml.MoMLSimpleApplication@46961bc4
reloadAllAccessors: .HysteresisWithRandomDelay

===========================================================================================
----------------- testing Wed Jul 25 01:44:24 UTC 2018 /home/travis/build/icyphy/ptII/ptolemy/domains/continuous/test/auto/HysteresisWithRandomLosses.xml
----------------- Instantiating /home/travis/build/icyphy/ptII/ptolemy/domains/continuous/test/auto/HysteresisWithRandomLosses.xml
1897 ms. Memory: 555008K Free: 142172K (26%)
----------------- Invoking toplevel() on ptolemy.moml.MoMLSimpleApplication@194fc8b0
----------------- Done invoking toplevel() on ptolemy.moml.MoMLSimpleApplication@194fc8b0
reloadAllAccessors: .HysteresisWithRandomLosses

===========================================================================================
----------------- testing Wed Jul 25 01:44:26 UTC 2018 /home/travis/build/icyphy/ptII/ptolemy/domains/continuous/test/auto/ImmediateTransitions.xml
----------------- Instantiating /home/travis/build/icyphy/ptII/ptolemy/domains/continuous/test/auto/ImmediateTransitions.xml
8 ms. Memory: 555008K Free: 124163K (22%)
----------------- Invoking toplevel() on ptolemy.moml.MoMLSimpleApplication@2bc0b486
----------------- Done invoking toplevel() on ptolemy.moml.MoMLSimpleApplication@2bc0b486
reloadAllAccessors: .ImmediateTransitions

===========================================================================================
----------------- testing Wed Jul 25 01:44:26 UTC 2018 /home/travis/build/icyphy/ptII/ptolemy/domains/continuous/test/auto/ImpulseFeedback.xml
----------------- Instantiating /home/travis/build/icyphy/ptII/ptolemy/domains/continuous/test/auto/ImpulseFeedback.xml
5 ms. Memory: 555008K Free: 113890K (21%)
----------------- Invoking toplevel() on ptolemy.moml.MoMLSimpleApplication@23afe322
----------------- Done invoking toplevel() on ptolemy.moml.MoMLSimpleApplication@23afe322
reloadAllAccessors: .ImpulseFeedback

===========================================================================================
----------------- testing Wed Jul 25 01:44:26 UTC 2018 /home/travis/build/icyphy/ptII/ptolemy/domains/continuous/test/auto/ImpulseFeedback2.xml
----------------- Instantiating /home/travis/build/icyphy/ptII/ptolemy/domains/continuous/test/auto/ImpulseFeedback2.xml
4 ms. Memory: 555008K Free: 103612K (19%)
----------------- Invoking toplevel() on ptolemy.moml.MoMLSimpleApplication@26a9b2c9
----------------- Done invoking toplevel() on ptolemy.moml.MoMLSimpleApplication@26a9b2c9
reloadAllAccessors: .ImpulseFeedback2

===========================================================================================
----------------- testing Wed Jul 25 01:44:26 UTC 2018 /home/travis/build/icyphy/ptII/ptolemy/domains/continuous/test/auto/IncreasingRatePoisson.xml
----------------- Instantiating /home/travis/build/icyphy/ptII/ptolemy/domains/continuous/test/auto/IncreasingRatePoisson.xml
542 ms. Memory: 531968K Free: 221206K (42%)
----------------- Invoking toplevel() on ptolemy.moml.MoMLSimpleApplication@5ae633c0
----------------- Done invoking toplevel() on ptolemy.moml.MoMLSimpleApplication@5ae633c0
reloadAllAccessors: .IncreasingRatePoisson

===========================================================================================
----------------- testing Wed Jul 25 01:44:27 UTC 2018 /home/travis/build/icyphy/ptII/ptolemy/domains/continuous/test/auto/InitialStateFeedback.xml
----------------- Instantiating /home/travis/build/icyphy/ptII/ptolemy/domains/continuous/test/auto/InitialStateFeedback.xml
4 ms. Memory: 531968K Free: 212686K (40%)
----------------- Invoking toplevel() on ptolemy.moml.MoMLSimpleApplication@74714aaf
----------------- Done invoking toplevel() on ptolemy.moml.MoMLSimpleApplication@74714aaf
reloadAllAccessors: .InitialStateFeedback

===========================================================================================
----------------- testing Wed Jul 25 01:44:27 UTC 2018 /home/travis/build/icyphy/ptII/ptolemy/domains/continuous/test/auto/Integration.xml
----------------- Instantiating /home/travis/build/icyphy/ptII/ptolemy/domains/continuous/test/auto/Integration.xml
1 ms. Memory: 531968K Free: 205826K (39%)
----------------- Invoking toplevel() on ptolemy.moml.MoMLSimpleApplication@3f173c9d
----------------- Done invoking toplevel() on ptolemy.moml.MoMLSimpleApplication@3f173c9d
reloadAllAccessors: .Integration

===========================================================================================
----------------- testing Wed Jul 25 01:44:27 UTC 2018 /home/travis/build/icyphy/ptII/ptolemy/domains/continuous/test/auto/Integration2.xml
----------------- Instantiating /home/travis/build/icyphy/ptII/ptolemy/domains/continuous/test/auto/Integration2.xml
70 ms. Memory: 531968K Free: 187039K (35%)
----------------- Invoking toplevel() on ptolemy.moml.MoMLSimpleApplication@7478e862
----------------- Done invoking toplevel() on ptolemy.moml.MoMLSimpleApplication@7478e862
reloadAllAccessors: .Integration2

===========================================================================================
----------------- testing Wed Jul 25 01:44:27 UTC 2018 /home/travis/build/icyphy/ptII/ptolemy/domains/continuous/test/auto/Integration3.xml
----------------- Instantiating /home/travis/build/icyphy/ptII/ptolemy/domains/continuous/test/auto/Integration3.xml
2 ms. Memory: 531968K Free: 177158K (33%)
----------------- Invoking toplevel() on ptolemy.moml.MoMLSimpleApplication@31ae493a
----------------- Done invoking toplevel() on ptolemy.moml.MoMLSimpleApplication@31ae493a
reloadAllAccessors: .Integration3

===========================================================================================
----------------- testing Wed Jul 25 01:44:27 UTC 2018 /home/travis/build/icyphy/ptII/ptolemy/domains/continuous/test/auto/Integration5.xml
----------------- Instantiating /home/travis/build/icyphy/ptII/ptolemy/domains/continuous/test/auto/Integration5.xml
2 ms. Memory: 531968K Free: 170298K (32%)
----------------- Invoking toplevel() on ptolemy.moml.MoMLSimpleApplication@503e822e
----------------- Done invoking toplevel() on ptolemy.moml.MoMLSimpleApplication@503e822e
reloadAllAccessors: .Integration5

===========================================================================================
----------------- testing Wed Jul 25 01:44:27 UTC 2018 /home/travis/build/icyphy/ptII/ptolemy/domains/continuous/test/auto/IntegratorImpulse.xml
----------------- Instantiating /home/travis/build/icyphy/ptII/ptolemy/domains/continuous/test/auto/IntegratorImpulse.xml
2 ms. Memory: 531968K Free: 163437K (31%)
----------------- Invoking toplevel() on ptolemy.moml.MoMLSimpleApplication@707792e3
----------------- Done invoking toplevel() on ptolemy.moml.MoMLSimpleApplication@707792e3
reloadAllAccessors: .IntegratorImpulse

===========================================================================================
----------------- testing Wed Jul 25 01:44:27 UTC 2018 /home/travis/build/icyphy/ptII/ptolemy/domains/continuous/test/auto/IntegratorImpulse2.xml
----------------- Instantiating /home/travis/build/icyphy/ptII/ptolemy/domains/continuous/test/auto/IntegratorImpulse2.xml
3 ms. Memory: 531968K Free: 153451K (29%)
----------------- Invoking toplevel() on ptolemy.moml.MoMLSimpleApplication@7a6ea867
----------------- Done invoking toplevel() on ptolemy.moml.MoMLSimpleApplication@7a6ea867
reloadAllAccessors: .IntegratorImpulse2

===========================================================================================
----------------- testing Wed Jul 25 01:44:27 UTC 2018 /home/travis/build/icyphy/ptII/ptolemy/domains/continuous/test/auto/LevelCrossing1.xml
----------------- Instantiating /home/travis/build/icyphy/ptII/ptolemy/domains/continuous/test/auto/LevelCrossing1.xml
2 ms. Memory: 531968K Free: 143578K (27%)
----------------- Invoking toplevel() on ptolemy.moml.MoMLSimpleApplication@3c0d9b1f
----------------- Done invoking toplevel() on ptolemy.moml.MoMLSimpleApplication@3c0d9b1f
reloadAllAccessors: .LevelCrossing1

===========================================================================================
----------------- testing Wed Jul 25 01:44:27 UTC 2018 /home/travis/build/icyphy/ptII/ptolemy/domains/continuous/test/auto/LevelCrossing2.xml
----------------- Instantiating /home/travis/build/icyphy/ptII/ptolemy/domains/continuous/test/auto/LevelCrossing2.xml
2 ms. Memory: 531968K Free: 133706K (25%)
----------------- Invoking toplevel() on ptolemy.moml.MoMLSimpleApplication@255a3d9
----------------- Done invoking toplevel() on ptolemy.moml.MoMLSimpleApplication@255a3d9
reloadAllAccessors: .LevelCrossing2

===========================================================================================
----------------- testing Wed Jul 25 01:44:27 UTC 2018 /home/travis/build/icyphy/ptII/ptolemy/domains/continuous/test/auto/LevelCrossing3.xml
----------------- Instantiating /home/travis/build/icyphy/ptII/ptolemy/domains/continuous/test/auto/LevelCrossing3.xml
2 ms. Memory: 531968K Free: 123833K (23%)
----------------- Invoking toplevel() on ptolemy.moml.MoMLSimpleApplication@3182d63d
----------------- Done invoking toplevel() on ptolemy.moml.MoMLSimpleApplication@3182d63d
reloadAllAccessors: .LevelCrossing3

===========================================================================================
----------------- testing Wed Jul 25 01:44:27 UTC 2018 /home/travis/build/icyphy/ptII/ptolemy/domains/continuous/test/auto/LevelCrossing4.xml
----------------- Instantiating /home/travis/build/icyphy/ptII/ptolemy/domains/continuous/test/auto/LevelCrossing4.xml
3 ms. Memory: 531968K Free: 113977K (21%)
----------------- Invoking toplevel() on ptolemy.moml.MoMLSimpleApplication@387f6e23
----------------- Done invoking toplevel() on ptolemy.moml.MoMLSimpleApplication@387f6e23
reloadAllAccessors: .LevelCrossing4

===========================================================================================
----------------- testing Wed Jul 25 01:44:27 UTC 2018 /home/travis/build/icyphy/ptII/ptolemy/domains/continuous/test/auto/LevelCrossing5.xml
----------------- Instantiating /home/travis/build/icyphy/ptII/ptolemy/domains/continuous/test/auto/LevelCrossing5.xml
3 ms. Memory: 531968K Free: 104103K (20%)
----------------- Invoking toplevel() on ptolemy.moml.MoMLSimpleApplication@d08df74
----------------- Done invoking toplevel() on ptolemy.moml.MoMLSimpleApplication@d08df74
reloadAllAccessors: .LevelCrossing5

===========================================================================================
----------------- testing Wed Jul 25 01:44:27 UTC 2018 /home/travis/build/icyphy/ptII/ptolemy/domains/continuous/test/auto/LevelCrossing6.xml
----------------- Instantiating /home/travis/build/icyphy/ptII/ptolemy/domains/continuous/test/auto/LevelCrossing6.xml
2 ms. Memory: 531968K Free: 94239K (18%)
[...]
reloadAllAccessors: .ResetTransitionWithStartTime5

===========================================================================================
----------------- testing Wed Jul 25 01:44:43 UTC 2018 /home/travis/build/icyphy/ptII/ptolemy/domains/continuous/test/auto/ResetTransitionWithStartTime6.xml
----------------- Instantiating /home/travis/build/icyphy/ptII/ptolemy/domains/continuous/test/auto/ResetTransitionWithStartTime6.xml
13 ms. Memory: 627200K Free: 448697K (72%)
----------------- Invoking toplevel() on ptolemy.moml.MoMLSimpleApplication@39fc2375
----------------- Done invoking toplevel() on ptolemy.moml.MoMLSimpleApplication@39fc2375
reloadAllAccessors: .ResetTransitionWithStartTime6

===========================================================================================
----------------- testing Wed Jul 25 01:44:43 UTC 2018 /home/travis/build/icyphy/ptII/ptolemy/domains/continuous/test/auto/SRinContinuous.xml
----------------- Instantiating /home/travis/build/icyphy/ptII/ptolemy/domains/continuous/test/auto/SRinContinuous.xml
7 ms. Memory: 627200K Free: 436953K (70%)
----------------- Invoking toplevel() on ptolemy.moml.MoMLSimpleApplication@7deda0f8
----------------- Done invoking toplevel() on ptolemy.moml.MoMLSimpleApplication@7deda0f8
reloadAllAccessors: .SRinContinuous

===========================================================================================
----------------- testing Wed Jul 25 01:44:43 UTC 2018 /home/travis/build/icyphy/ptII/ptolemy/domains/continuous/test/auto/SampledClocks.xml
----------------- Instantiating /home/travis/build/icyphy/ptII/ptolemy/domains/continuous/test/auto/SampledClocks.xml
7 ms. Memory: 627200K Free: 419813K (67%)
----------------- Invoking toplevel() on ptolemy.moml.MoMLSimpleApplication@44fc7ed8
----------------- Done invoking toplevel() on ptolemy.moml.MoMLSimpleApplication@44fc7ed8
reloadAllAccessors: .SampledClocks

===========================================================================================
----------------- testing Wed Jul 25 01:44:43 UTC 2018 /home/travis/build/icyphy/ptII/ptolemy/domains/continuous/test/auto/Satellite.xml
----------------- Instantiating /home/travis/build/icyphy/ptII/ptolemy/domains/continuous/test/auto/Satellite.xml
755 ms. Memory: 627200K Free: 227543K (36%)
----------------- Invoking toplevel() on ptolemy.moml.MoMLSimpleApplication@72bdb1c6
----------------- Done invoking toplevel() on ptolemy.moml.MoMLSimpleApplication@72bdb1c6
reloadAllAccessors: .Satellite

===========================================================================================
----------------- testing Wed Jul 25 01:44:44 UTC 2018 /home/travis/build/icyphy/ptII/ptolemy/domains/continuous/test/auto/SigmaDelta.xml
----------------- Instantiating /home/travis/build/icyphy/ptII/ptolemy/domains/continuous/test/auto/SigmaDelta.xml
2165 ms. Memory: 745984K Free: 504033K (68%)
----------------- Invoking toplevel() on ptolemy.moml.MoMLSimpleApplication@1d6fab17
----------------- Done invoking toplevel() on ptolemy.moml.MoMLSimpleApplication@1d6fab17
reloadAllAccessors: .SigmaDelta

===========================================================================================
----------------- testing Wed Jul 25 01:44:46 UTC 2018 /home/travis/build/icyphy/ptII/ptolemy/domains/continuous/test/auto/SinuBouncingBall.xml
----------------- Instantiating /home/travis/build/icyphy/ptII/ptolemy/domains/continuous/test/auto/SinuBouncingBall.xml
659 ms. Memory: 745984K Free: 273411K (37%)
----------------- Invoking toplevel() on ptolemy.moml.MoMLSimpleApplication@3caa6082
----------------- Done invoking toplevel() on ptolemy.moml.MoMLSimpleApplication@3caa6082
reloadAllAccessors: .SinuBouncingBall

===========================================================================================
----------------- testing Wed Jul 25 01:44:47 UTC 2018 /home/travis/build/icyphy/ptII/ptolemy/domains/continuous/test/auto/Sinusoid.xml
----------------- Instantiating /home/travis/build/icyphy/ptII/ptolemy/domains/continuous/test/auto/Sinusoid.xml
7 ms. Memory: 745984K Free: 265956K (36%)
----------------- Invoking toplevel() on ptolemy.moml.MoMLSimpleApplication@410802d3
----------------- Done invoking toplevel() on ptolemy.moml.MoMLSimpleApplication@410802d3
reloadAllAccessors: .Sinusoid

===========================================================================================
----------------- testing Wed Jul 25 01:44:47 UTC 2018 /home/travis/build/icyphy/ptII/ptolemy/domains/continuous/test/auto/SinusoidInNoise.xml
----------------- Instantiating /home/travis/build/icyphy/ptII/ptolemy/domains/continuous/test/auto/SinusoidInNoise.xml
852 ms. Memory: 745984K Free: 64400K (9%)
----------------- Invoking toplevel() on ptolemy.moml.MoMLSimpleApplication@3dbb018f
----------------- Done invoking toplevel() on ptolemy.moml.MoMLSimpleApplication@3dbb018f
reloadAllAccessors: .SinusoidInNoise

===========================================================================================
----------------- testing Wed Jul 25 01:44:48 UTC 2018 /home/travis/build/icyphy/ptII/ptolemy/domains/continuous/test/auto/SinusoidRK45.xml
----------------- Instantiating /home/travis/build/icyphy/ptII/ptolemy/domains/continuous/test/auto/SinusoidRK45.xml
2 ms. Memory: 745984K Free: 56799K (8%)
----------------- Invoking toplevel() on ptolemy.moml.MoMLSimpleApplication@68f2a91f
----------------- Done invoking toplevel() on ptolemy.moml.MoMLSimpleApplication@68f2a91f
reloadAllAccessors: .SinusoidRK45

===========================================================================================
----------------- testing Wed Jul 25 01:44:48 UTC 2018 /home/travis/build/icyphy/ptII/ptolemy/domains/continuous/test/auto/SinusoidWithMultipleImpulses.xml
----------------- Instantiating /home/travis/build/icyphy/ptII/ptolemy/domains/continuous/test/auto/SinusoidWithMultipleImpulses.xml
3 ms. Memory: 745984K Free: 49343K (7%)
----------------- Invoking toplevel() on ptolemy.moml.MoMLSimpleApplication@5364970
----------------- Done invoking toplevel() on ptolemy.moml.MoMLSimpleApplication@5364970
reloadAllAccessors: .SinusoidWithMultipleImpulses

===========================================================================================
----------------- testing Wed Jul 25 01:44:48 UTC 2018 /home/travis/build/icyphy/ptII/ptolemy/domains/continuous/test/auto/SquareWave.xml
----------------- Instantiating /home/travis/build/icyphy/ptII/ptolemy/domains/continuous/test/auto/SquareWave.xml
157 ms. Memory: 768000K Free: 693790K (90%)
----------------- Invoking toplevel() on ptolemy.moml.MoMLSimpleApplication@76cf2ff5
----------------- Done invoking toplevel() on ptolemy.moml.MoMLSimpleApplication@76cf2ff5
reloadAllAccessors: .SquareWave

===========================================================================================
----------------- testing Wed Jul 25 01:44:48 UTC 2018 /home/travis/build/icyphy/ptII/ptolemy/domains/continuous/test/auto/Starmac.xml
----------------- Instantiating /home/travis/build/icyphy/ptII/ptolemy/domains/continuous/test/auto/Starmac.xml
3041 ms. Memory: 768000K Free: 319872K (42%)
----------------- Invoking toplevel() on ptolemy.moml.MoMLSimpleApplication@77aaeddb
----------------- Done invoking toplevel() on ptolemy.moml.MoMLSimpleApplication@77aaeddb
reloadAllAccessors: .Starmac

===========================================================================================
----------------- testing Wed Jul 25 01:44:51 UTC 2018 /home/travis/build/icyphy/ptII/ptolemy/domains/continuous/test/auto/StaticUnits.xml
----------------- Instantiating /home/travis/build/icyphy/ptII/ptolemy/domains/continuous/test/auto/StaticUnits.xml
2014 ms. Memory: 735744K Free: 494567K (67%)
----------------- Invoking toplevel() on ptolemy.moml.MoMLSimpleApplication@68bb13a3
----------------- Done invoking toplevel() on ptolemy.moml.MoMLSimpleApplication@68bb13a3
reloadAllAccessors: .StaticUnits

===========================================================================================
----------------- testing Wed Jul 25 01:44:54 UTC 2018 /home/travis/build/icyphy/ptII/ptolemy/domains/continuous/test/auto/StickyMasses.xml
----------------- Instantiating /home/travis/build/icyphy/ptII/ptolemy/domains/continuous/test/auto/StickyMasses.xml
130 ms. Memory: 735744K Free: 435602K (59%)
----------------- Invoking toplevel() on ptolemy.moml.MoMLSimpleApplication@5b7aa9fd
----------------- Done invoking toplevel() on ptolemy.moml.MoMLSimpleApplication@5b7aa9fd
reloadAllAccessors: .StickyMasses

===========================================================================================
----------------- testing Wed Jul 25 01:44:54 UTC 2018 /home/travis/build/icyphy/ptII/ptolemy/domains/continuous/test/auto/StopTime.xml
----------------- Instantiating /home/travis/build/icyphy/ptII/ptolemy/domains/continuous/test/auto/StopTime.xml
36 ms. Memory: 735744K Free: 405579K (55%)
----------------- Invoking toplevel() on ptolemy.moml.MoMLSimpleApplication@2c8d3a4b
----------------- Done invoking toplevel() on ptolemy.moml.MoMLSimpleApplication@2c8d3a4b
reloadAllAccessors: .StopTime

===========================================================================================
----------------- testing Wed Jul 25 01:44:54 UTC 2018 /home/travis/build/icyphy/ptII/ptolemy/domains/continuous/test/auto/StopTime2.xml
----------------- Instantiating /home/travis/build/icyphy/ptII/ptolemy/domains/continuous/test/auto/StopTime2.xml
34 ms. Memory: 735744K Free: 378802K (51%)
----------------- Invoking toplevel() on ptolemy.moml.MoMLSimpleApplication@50f156c6
----------------- Done invoking toplevel() on ptolemy.moml.MoMLSimpleApplication@50f156c6
reloadAllAccessors: .StopTime2

===========================================================================================
----------------- testing Wed Jul 25 01:44:54 UTC 2018 /home/travis/build/icyphy/ptII/ptolemy/domains/continuous/test/auto/Switch.xml
----------------- Instantiating /home/travis/build/icyphy/ptII/ptolemy/domains/continuous/test/auto/Switch.xml
45 ms. Memory: 735744K Free: 348780K (47%)
----------------- Invoking toplevel() on ptolemy.moml.MoMLSimpleApplication@1bdb9621
----------------- Done invoking toplevel() on ptolemy.moml.MoMLSimpleApplication@1bdb9621
reloadAllAccessors: .Switch

===========================================================================================
----------------- testing Wed Jul 25 01:44:54 UTC 2018 /home/travis/build/icyphy/ptII/ptolemy/domains/continuous/test/auto/Thermostat.xml
----------------- Instantiating /home/travis/build/icyphy/ptII/ptolemy/domains/continuous/test/auto/Thermostat.xml
177 ms. Memory: 735744K Free: 270128K (37%)
----------------- Invoking toplevel() on ptolemy.moml.MoMLSimpleApplication@71560207
----------------- Done invoking toplevel() on ptolemy.moml.MoMLSimpleApplication@71560207
reloadAllAccessors: .Thermostat

===========================================================================================
----------------- testing Wed Jul 25 01:44:54 UTC 2018 /home/travis/build/icyphy/ptII/ptolemy/domains/continuous/test/auto/TimeDelay.xml
----------------- Instantiating /home/travis/build/icyphy/ptII/ptolemy/domains/continuous/test/auto/TimeDelay.xml
4 ms. Memory: 735744K Free: 259554K (35%)
----------------- Invoking toplevel() on ptolemy.moml.MoMLSimpleApplication@6dfa7927
----------------- Done invoking toplevel() on ptolemy.moml.MoMLSimpleApplication@6dfa7927
reloadAllAccessors: .TimeDelay

===========================================================================================
----------------- testing Wed Jul 25 01:44:54 UTC 2018 /home/travis/build/icyphy/ptII/ptolemy/domains/continuous/test/auto/TimeDelay2.xml
----------------- Instantiating /home/travis/build/icyphy/ptII/ptolemy/domains/continuous/test/auto/TimeDelay2.xml
8 ms. Memory: 735744K Free: 248965K (34%)
----------------- Invoking toplevel() on ptolemy.moml.MoMLSimpleApplication@74bbdc3
----------------- Done invoking toplevel() on ptolemy.moml.MoMLSimpleApplication@74bbdc3
reloadAllAccessors: .TimeDelay2

===========================================================================================
----------------- testing Wed Jul 25 01:44:54 UTC 2018 /home/travis/build/icyphy/ptII/ptolemy/domains/continuous/test/auto/TimeDelay3.xml
----------------- Instantiating /home/travis/build/icyphy/ptII/ptolemy/domains/continuous/test/auto/TimeDelay3.xml
7 ms. Memory: 735744K Free: 241620K (33%)
----------------- Invoking toplevel() on ptolemy.moml.MoMLSimpleApplication@2cd6cf22
----------------- Done invoking toplevel() on ptolemy.moml.MoMLSimpleApplication@2cd6cf22
reloadAllAccessors: .TimeDelay3

===========================================================================================
----------------- testing Wed Jul 25 01:44:54 UTC 2018 /home/travis/build/icyphy/ptII/ptolemy/domains/continuous/test/auto/TransferAbsentToInside.xml
----------------- Instantiating /home/travis/build/icyphy/ptII/ptolemy/domains/continuous/test/auto/TransferAbsentToInside.xml
32 ms. Memory: 735744K Free: 179232K (24%)
----------------- Invoking toplevel() on ptolemy.moml.MoMLSimpleApplication@4fe9ee7a
----------------- Done invoking toplevel() on ptolemy.moml.MoMLSimpleApplication@4fe9ee7a
reloadAllAccessors: .TransferAbsentToInside

===========================================================================================
----------------- testing Wed Jul 25 01:44:55 UTC 2018 /home/travis/build/icyphy/ptII/ptolemy/domains/continuous/test/auto/Transmission.xml
----------------- Instantiating /home/travis/build/icyphy/ptII/ptolemy/domains/continuous/test/auto/Transmission.xml
883 ms. Memory: 670720K Free: 585476K (87%)
----------------- Invoking toplevel() on ptolemy.moml.MoMLSimpleApplication@65ea0bd0
----------------- Done invoking toplevel() on ptolemy.moml.MoMLSimpleApplication@65ea0bd0
reloadAllAccessors: .Transmission

===========================================================================================
----------------- testing Wed Jul 25 01:44:56 UTC 2018 /home/travis/build/icyphy/ptII/ptolemy/domains/continuous/test/auto/TriggeredContinuousClock.xml
----------------- Instantiating /home/travis/build/icyphy/ptII/ptolemy/domains/continuous/test/auto/TriggeredContinuousClock.xml
32 ms. Memory: 670720K Free: 548910K (82%)
----------------- Invoking toplevel() on ptolemy.moml.MoMLSimpleApplication@36dffe22
----------------- Done invoking toplevel() on ptolemy.moml.MoMLSimpleApplication@36dffe22
reloadAllAccessors: .TriggeredContinuousClock

===========================================================================================
----------------- testing Wed Jul 25 01:44:56 UTC 2018 /home/travis/build/icyphy/ptII/ptolemy/domains/continuous/test/auto/TwoMachineInfiniteBusControl.xml
----------------- Instantiating /home/travis/build/icyphy/ptII/ptolemy/domains/continuous/test/auto/TwoMachineInfiniteBusControl.xml
2720 ms. Memory: 643072K Free: 536690K (83%)
----------------- Invoking toplevel() on ptolemy.moml.MoMLSimpleApplication@15269126
----------------- Done invoking toplevel() on ptolemy.moml.MoMLSimpleApplication@15269126
reloadAllAccessors: .TwoMachineInfiniteBusControl

===========================================================================================
----------------- testing Wed Jul 25 01:44:58 UTC 2018 /home/travis/build/icyphy/ptII/ptolemy/domains/continuous/test/auto/V2V.xml
----------------- Instantiating /home/travis/build/icyphy/ptII/ptolemy/domains/continuous/test/auto/V2V.xml
674 ms. Memory: 643072K Free: 333797K (52%)
----------------- Invoking toplevel() on ptolemy.moml.MoMLSimpleApplication@1b95af4a
----------------- Done invoking toplevel() on ptolemy.moml.MoMLSimpleApplication@1b95af4a
reloadAllAccessors: .V2V

===========================================================================================
----------------- testing Wed Jul 25 01:44:59 UTC 2018 /home/travis/build/icyphy/ptII/ptolemy/domains/continuous/test/auto/hierarchicalModalModel.xml
----------------- Instantiating /home/travis/build/icyphy/ptII/ptolemy/domains/continuous/test/auto/hierarchicalModalModel.xml
10 ms. Memory: 643072K Free: 312373K (49%)
----------------- Invoking toplevel() on ptolemy.moml.MoMLSimpleApplication@4538791f
----------------- Done invoking toplevel() on ptolemy.moml.MoMLSimpleApplication@4538791f
reloadAllAccessors: .hierarchicalModalModel

===========================================================================================
----------------- testing Wed Jul 25 01:44:59 UTC 2018 /home/travis/build/icyphy/ptII/ptolemy/domains/continuous/test/auto/hierarchicalModalModel1.xml
----------------- Instantiating /home/travis/build/icyphy/ptII/ptolemy/domains/continuous/test/auto/hierarchicalModalModel1.xml
8 ms. Memory: 643072K Free: 293805K (46%)
----------------- Invoking toplevel() on ptolemy.moml.MoMLSimpleApplication@5df49412
----------------- Done invoking toplevel() on ptolemy.moml.MoMLSimpleApplication@5df49412
reloadAllAccessors: .hierarchicalModalModel1

===========================================================================================
----------------- testing Wed Jul 25 01:44:59 UTC 2018 /home/travis/build/icyphy/ptII/ptolemy/domains/continuous/test/auto/hierarchicalModalModel2.xml
----------------- Instantiating /home/travis/build/icyphy/ptII/ptolemy/domains/continuous/test/auto/hierarchicalModalModel2.xml
5 ms. Memory: 643072K Free: 278262K (43%)
----------------- Invoking toplevel() on ptolemy.moml.MoMLSimpleApplication@a340b67
----------------- Done invoking toplevel() on ptolemy.moml.MoMLSimpleApplication@a340b67
reloadAllAccessors: .hierarchicalModalModel2

===========================================================================================
----------------- testing Wed Jul 25 01:44:59 UTC 2018 /home/travis/build/icyphy/ptII/ptolemy/domains/continuous/test/auto/hierarchicalModalModel3.xml
----------------- Instantiating /home/travis/build/icyphy/ptII/ptolemy/domains/continuous/test/auto/hierarchicalModalModel3.xml
5 ms. Memory: 643072K Free: 265584K (41%)
----------------- Invoking toplevel() on ptolemy.moml.MoMLSimpleApplication@39be57d7
----------------- Done invoking toplevel() on ptolemy.moml.MoMLSimpleApplication@39be57d7
reloadAllAccessors: .hierarchicalModalModel3

===========================================================================================
----------------- testing Wed Jul 25 01:44:59 UTC 2018 /home/travis/build/icyphy/ptII/ptolemy/domains/continuous/test/auto/hierarchicalModalModel4.xml
----------------- Instantiating /home/travis/build/icyphy/ptII/ptolemy/domains/continuous/test/auto/hierarchicalModalModel4.xml
4 ms. Memory: 643072K Free: 250027K (39%)
----------------- Invoking toplevel() on ptolemy.moml.MoMLSimpleApplication@10a21773
----------------- Done invoking toplevel() on ptolemy.moml.MoMLSimpleApplication@10a21773
reloadAllAccessors: .hierarchicalModalModel4

===========================================================================================
----------------- testing Wed Jul 25 01:44:59 UTC 2018 /home/travis/build/icyphy/ptII/ptolemy/domains/continuous/test/auto/junk.xml
----------------- Instantiating /home/travis/build/icyphy/ptII/ptolemy/domains/continuous/test/auto/junk.xml
120 ms. Memory: 643072K Free: 216790K (34%)
----------------- Invoking toplevel() on ptolemy.moml.MoMLSimpleApplication@448751a1
----------------- Done invoking toplevel() on ptolemy.moml.MoMLSimpleApplication@448751a1
reloadAllAccessors: .junk
AutoTests.java: About to close Vertx.
AutoTests.java: Vertx closed.
]]></system-out>
  <system-err><![CDATA[Warning: '.HysteresisWithRandomDelay.NonStrictTest3' The test produced only 29 tokens, yet the correctValues parameter was expecting 30 tokens.
Warning: '.Poisson.NonStrictTest' The test produced only 391 tokens, yet the correctValues parameter was expecting 430 tokens.
]]></system-err>
</testsuite>
