<?xml version="1.0" encoding="UTF-8" ?>
<testsuite errors="0" failures="0" hostname="travis-job-c99ee07d-5b00-4b6c-a8d2-f5059d4ef448" name="ptolemy.domains.de.test.junit.JUnitTclTest" skipped="0" tests="101" time="127.508" timestamp="2019-03-02T00:14:16">
  <properties>
[...]
</properties>
  <testcase classname="ptolemy.util.test.junit.TclTests" name="[0] /home/travis/build/icyphy/ptII/ptolemy/domains/de/test/DependencyLoop.tcl (RunTclFile)" time="0.76" />
  <testcase classname="ptolemy.util.test.junit.TclTests" name="[1] /home/travis/build/icyphy/ptII/ptolemy/domains/de/test/RunDETestsAsQSS.tcl (RunTclFile)" time="86.74" />
  <testcase classname="ptolemy.util.test.junit.AutoKnownFailedTests" name="[0] /home/travis/build/icyphy/ptII/ptolemy/domains/de/test/auto/knownFailedTests/DESDFClockTest.xml (RunModel)" time="2.039" />
  <testcase classname="ptolemy.util.test.junit.AutoKnownFailedTests" name="[1] /home/travis/build/icyphy/ptII/ptolemy/domains/de/test/auto/knownFailedTests/DirectFeedback.xml (RunModel)" time="0.009" />
  <testcase classname="ptolemy.util.test.junit.AutoKnownFailedTests" name="[2] /home/travis/build/icyphy/ptII/ptolemy/domains/de/test/auto/knownFailedTests/FSMSource.xml (RunModel)" time="0.044" />
  <testcase classname="ptolemy.util.test.junit.AutoKnownFailedTests" name="[3] /home/travis/build/icyphy/ptII/ptolemy/domains/de/test/auto/knownFailedTests/HierarchicalModel.xml (RunModel)" time="0.052" />
  <testcase classname="ptolemy.util.test.junit.AutoKnownFailedTests" name="[4] /home/travis/build/icyphy/ptII/ptolemy/domains/de/test/auto/knownFailedTests/dependencyLoop.xml (RunModel)" time="0.035" />
  <testcase classname="ptolemy.util.test.junit.AutoKnownFailedTests" name="[5] /home/travis/build/icyphy/ptII/ptolemy/domains/de/test/auto/knownFailedTests/dependencyLoop2.xml (RunModel)" time="0.047" />
  <testcase classname="ptolemy.util.test.junit.AutoNameArchTests" name="[0] ThereAreNoAutoArchTests (RunModel)" time="0.006" />
  <testcase classname="ptolemy.util.test.junit.AutoTests" name="[0] /home/travis/build/icyphy/ptII/ptolemy/domains/de/test/auto/ActorDepthCalculation_actorWithoutPorts.xml (RunModel)" time="0.018" />
  <testcase classname="ptolemy.util.test.junit.AutoTests" name="[1] /home/travis/build/icyphy/ptII/ptolemy/domains/de/test/auto/AssemblyLine.xml (RunModel)" time="0.023" />
  <testcase classname="ptolemy.util.test.junit.AutoTests" name="[2] /home/travis/build/icyphy/ptII/ptolemy/domains/de/test/auto/CQBug1.xml (RunModel)" time="0.012" />
  <testcase classname="ptolemy.util.test.junit.AutoTests" name="[3] /home/travis/build/icyphy/ptII/ptolemy/domains/de/test/auto/CancelFireAt.xml (RunModel)" time="0.007" />
  <testcase classname="ptolemy.util.test.junit.AutoTests" name="[4] /home/travis/build/icyphy/ptII/ptolemy/domains/de/test/auto/CausalityAndComposabilityAnalysis.xml (RunModel)" time="0.012" />
  <testcase classname="ptolemy.util.test.junit.AutoTests" name="[5] /home/travis/build/icyphy/ptII/ptolemy/domains/de/test/auto/CausalityInterface1.xml (RunModel)" time="0.013" />
  <testcase classname="ptolemy.util.test.junit.AutoTests" name="[6] /home/travis/build/icyphy/ptII/ptolemy/domains/de/test/auto/CausalityInterface15.xml (RunModel)" time="0.014" />
  <testcase classname="ptolemy.util.test.junit.AutoTests" name="[7] /home/travis/build/icyphy/ptII/ptolemy/domains/de/test/auto/CausalityInterface2.xml (RunModel)" time="0.015" />
  <testcase classname="ptolemy.util.test.junit.AutoTests" name="[8] /home/travis/build/icyphy/ptII/ptolemy/domains/de/test/auto/CausalityInterface3.xml (RunModel)" time="0.01" />
  <testcase classname="ptolemy.util.test.junit.AutoTests" name="[9] /home/travis/build/icyphy/ptII/ptolemy/domains/de/test/auto/ClockDrift.xml (RunModel)" time="0.038" />
  <testcase classname="ptolemy.util.test.junit.AutoTests" name="[10] /home/travis/build/icyphy/ptII/ptolemy/domains/de/test/auto/ClockDriftAndValueChange.xml (RunModel)" time="0.029" />
  <testcase classname="ptolemy.util.test.junit.AutoTests" name="[11] /home/travis/build/icyphy/ptII/ptolemy/domains/de/test/auto/ClockDriftChange.xml (RunModel)" time="0.027" />
  <testcase classname="ptolemy.util.test.junit.AutoTests" name="[12] /home/travis/build/icyphy/ptII/ptolemy/domains/de/test/auto/ComposableCausalityAnalysis.xml (RunModel)" time="0.015" />
  <testcase classname="ptolemy.util.test.junit.AutoTests" name="[13] /home/travis/build/icyphy/ptII/ptolemy/domains/de/test/auto/DEFixedPointLimitation.xml (RunModel)" time="0.01" />
  <testcase classname="ptolemy.util.test.junit.AutoTests" name="[14] /home/travis/build/icyphy/ptII/ptolemy/domains/de/test/auto/DEScheduleTest.xml (RunModel)" time="0.03" />
  <testcase classname="ptolemy.util.test.junit.AutoTests" name="[15] /home/travis/build/icyphy/ptII/ptolemy/domains/de/test/auto/DEinDEwithStartTimes.xml (RunModel)" time="0.016" />
  <testcase classname="ptolemy.util.test.junit.AutoTests" name="[16] /home/travis/build/icyphy/ptII/ptolemy/domains/de/test/auto/DEinDEwithStartTimes2.xml (RunModel)" time="0.014" />
  <testcase classname="ptolemy.util.test.junit.AutoTests" name="[17] /home/travis/build/icyphy/ptII/ptolemy/domains/de/test/auto/DateDemo.xml (RunModel)" time="0.032" />
  <testcase classname="ptolemy.util.test.junit.AutoTests" name="[18] /home/travis/build/icyphy/ptII/ptolemy/domains/de/test/auto/DateToEvent.xml (RunModel)" time="2.03" />
  <testcase classname="ptolemy.util.test.junit.AutoTests" name="[19] /home/travis/build/icyphy/ptII/ptolemy/domains/de/test/auto/DepthTest1.xml (RunModel)" time="0.007" />
  <testcase classname="ptolemy.util.test.junit.AutoTests" name="[20] /home/travis/build/icyphy/ptII/ptolemy/domains/de/test/auto/DepthTest2.xml (RunModel)" time="0.015" />
  <testcase classname="ptolemy.util.test.junit.AutoTests" name="[21] /home/travis/build/icyphy/ptII/ptolemy/domains/de/test/auto/DepthTest3.xml (RunModel)" time="0.007" />
  <testcase classname="ptolemy.util.test.junit.AutoTests" name="[22] /home/travis/build/icyphy/ptII/ptolemy/domains/de/test/auto/DepthTest4.xml (RunModel)" time="0.012" />
  <testcase classname="ptolemy.util.test.junit.AutoTests" name="[23] /home/travis/build/icyphy/ptII/ptolemy/domains/de/test/auto/DepthTest5.xml (RunModel)" time="0.013" />
  <testcase classname="ptolemy.util.test.junit.AutoTests" name="[24] /home/travis/build/icyphy/ptII/ptolemy/domains/de/test/auto/DepthTest6.xml (RunModel)" time="0.014" />
  <testcase classname="ptolemy.util.test.junit.AutoTests" name="[25] /home/travis/build/icyphy/ptII/ptolemy/domains/de/test/auto/DepthTest7.xml (RunModel)" time="0.011" />
  <testcase classname="ptolemy.util.test.junit.AutoTests" name="[26] /home/travis/build/icyphy/ptII/ptolemy/domains/de/test/auto/EventToDate.xml (RunModel)" time="3.032" />
  <testcase classname="ptolemy.util.test.junit.AutoTests" name="[27] /home/travis/build/icyphy/ptII/ptolemy/domains/de/test/auto/FSM1.xml (RunModel)" time="0.028" />
  <testcase classname="ptolemy.util.test.junit.AutoTests" name="[28] /home/travis/build/icyphy/ptII/ptolemy/domains/de/test/auto/FSM7.xml (RunModel)" time="0.028" />
  <testcase classname="ptolemy.util.test.junit.AutoTests" name="[29] /home/travis/build/icyphy/ptII/ptolemy/domains/de/test/auto/Inspection.xml (RunModel)" time="0.038" />
  <testcase classname="ptolemy.util.test.junit.AutoTests" name="[30] /home/travis/build/icyphy/ptII/ptolemy/domains/de/test/auto/Iteration.xml (RunModel)" time="0.024" />
  <testcase classname="ptolemy.util.test.junit.AutoTests" name="[31] /home/travis/build/icyphy/ptII/ptolemy/domains/de/test/auto/LineFault.xml (RunModel)" time="0.566" />
  <testcase classname="ptolemy.util.test.junit.AutoTests" name="[32] /home/travis/build/icyphy/ptII/ptolemy/domains/de/test/auto/MergeModel1Add.xml (RunModel)" time="0.038" />
  <testcase classname="ptolemy.util.test.junit.AutoTests" name="[33] /home/travis/build/icyphy/ptII/ptolemy/domains/de/test/auto/MergeModel2Add.xml (RunModel)" time="0.036" />
  <testcase classname="ptolemy.util.test.junit.AutoTests" name="[34] /home/travis/build/icyphy/ptII/ptolemy/domains/de/test/auto/MergeModel3Add.xml (RunModel)" time="0.032" />
  <testcase classname="ptolemy.util.test.junit.AutoTests" name="[35] /home/travis/build/icyphy/ptII/ptolemy/domains/de/test/auto/MergeWithoutDiscard.xml (RunModel)" time="0.009" />
  <testcase classname="ptolemy.util.test.junit.AutoTests" name="[36] /home/travis/build/icyphy/ptII/ptolemy/domains/de/test/auto/Modal1.xml (RunModel)" time="0.024" />
  <testcase classname="ptolemy.util.test.junit.AutoTests" name="[37] /home/travis/build/icyphy/ptII/ptolemy/domains/de/test/auto/Modal2.xml (RunModel)" time="0.024" />
  <testcase classname="ptolemy.util.test.junit.AutoTests" name="[38] /home/travis/build/icyphy/ptII/ptolemy/domains/de/test/auto/Modal3.xml (RunModel)" time="0.024" />
  <testcase classname="ptolemy.util.test.junit.AutoTests" name="[39] /home/travis/build/icyphy/ptII/ptolemy/domains/de/test/auto/Modal4.xml (RunModel)" time="0.024" />
  <testcase classname="ptolemy.util.test.junit.AutoTests" name="[40] /home/travis/build/icyphy/ptII/ptolemy/domains/de/test/auto/Modal5.xml (RunModel)" time="0.024" />
  <testcase classname="ptolemy.util.test.junit.AutoTests" name="[41] /home/travis/build/icyphy/ptII/ptolemy/domains/de/test/auto/Modal6.xml (RunModel)" time="0.024" />
  <testcase classname="ptolemy.util.test.junit.AutoTests" name="[42] /home/travis/build/icyphy/ptII/ptolemy/domains/de/test/auto/Modal7.xml (RunModel)" time="0.025" />
  <testcase classname="ptolemy.util.test.junit.AutoTests" name="[43] /home/travis/build/icyphy/ptII/ptolemy/domains/de/test/auto/ModalModel.xml (RunModel)" time="0.137" />
  <testcase classname="ptolemy.util.test.junit.AutoTests" name="[44] /home/travis/build/icyphy/ptII/ptolemy/domains/de/test/auto/ModalSource.xml (RunModel)" time="0.015" />
  <testcase classname="ptolemy.util.test.junit.AutoTests" name="[45] /home/travis/build/icyphy/ptII/ptolemy/domains/de/test/auto/NonInterruptibleTimerZeroDelay.xml (RunModel)" time="0.008" />
  <testcase classname="ptolemy.util.test.junit.AutoTests" name="[46] /home/travis/build/icyphy/ptII/ptolemy/domains/de/test/auto/OpenQueueingNetwork.xml (RunModel)" time="2.246" />
  <testcase classname="ptolemy.util.test.junit.AutoTests" name="[47] /home/travis/build/icyphy/ptII/ptolemy/domains/de/test/auto/OpenQueuingNetwork.xml (RunModel)" time="0.263" />
  <testcase classname="ptolemy.util.test.junit.AutoTests" name="[48] /home/travis/build/icyphy/ptII/ptolemy/domains/de/test/auto/PeriodicSampler.xml (RunModel)" time="0.007" />
  <testcase classname="ptolemy.util.test.junit.AutoTests" name="[49] /home/travis/build/icyphy/ptII/ptolemy/domains/de/test/auto/PersistentIO.xml (RunModel)" time="0.019" />
  <testcase classname="ptolemy.util.test.junit.AutoTests" name="[50] /home/travis/build/icyphy/ptII/ptolemy/domains/de/test/auto/PortParameterResetOnInitialize.xml (RunModel)" time="0.013" />
  <testcase classname="ptolemy.util.test.junit.AutoTests" name="[51] /home/travis/build/icyphy/ptII/ptolemy/domains/de/test/auto/PortParameterUpdates.xml (RunModel)" time="0.013" />
  <testcase classname="ptolemy.util.test.junit.AutoTests" name="[52] /home/travis/build/icyphy/ptII/ptolemy/domains/de/test/auto/QueueAndServer.xml (RunModel)" time="0.021" />
  <testcase classname="ptolemy.util.test.junit.AutoTests" name="[53] /home/travis/build/icyphy/ptII/ptolemy/domains/de/test/auto/Records.xml (RunModel)" time="0.014" />
  <testcase classname="ptolemy.util.test.junit.AutoTests" name="[54] /home/travis/build/icyphy/ptII/ptolemy/domains/de/test/auto/ResetTransitionWithStartTime1.xml (RunModel)" time="0.024" />
  <testcase classname="ptolemy.util.test.junit.AutoTests" name="[55] /home/travis/build/icyphy/ptII/ptolemy/domains/de/test/auto/ResetTransitionWithStartTime2.xml (RunModel)" time="0.016" />
  <testcase classname="ptolemy.util.test.junit.AutoTests" name="[56] /home/travis/build/icyphy/ptII/ptolemy/domains/de/test/auto/ResetTransitionWithStartTime3.xml (RunModel)" time="0.015" />
  <testcase classname="ptolemy.util.test.junit.AutoTests" name="[57] /home/travis/build/icyphy/ptII/ptolemy/domains/de/test/auto/ResetTransitionWithStartTime4.xml (RunModel)" time="0.02" />
  <testcase classname="ptolemy.util.test.junit.AutoTests" name="[58] /home/travis/build/icyphy/ptII/ptolemy/domains/de/test/auto/ResettableTimer1.xml (RunModel)" time="0.011" />
  <testcase classname="ptolemy.util.test.junit.AutoTests" name="[59] /home/travis/build/icyphy/ptII/ptolemy/domains/de/test/auto/ResettableTimer2.xml (RunModel)" time="0.009" />
  <testcase classname="ptolemy.util.test.junit.AutoTests" name="[60] /home/travis/build/icyphy/ptII/ptolemy/domains/de/test/auto/ResettableTimer3.xml (RunModel)" time="0.007" />
  <testcase classname="ptolemy.util.test.junit.AutoTests" name="[61] /home/travis/build/icyphy/ptII/ptolemy/domains/de/test/auto/ResettableTimer4.xml (RunModel)" time="0.009" />
  <testcase classname="ptolemy.util.test.junit.AutoTests" name="[62] /home/travis/build/icyphy/ptII/ptolemy/domains/de/test/auto/ResettableTimer5.xml (RunModel)" time="0.009" />
  <testcase classname="ptolemy.util.test.junit.AutoTests" name="[63] /home/travis/build/icyphy/ptII/ptolemy/domains/de/test/auto/ResettableTimer6.xml (RunModel)" time="0.017" />
  <testcase classname="ptolemy.util.test.junit.AutoTests" name="[64] /home/travis/build/icyphy/ptII/ptolemy/domains/de/test/auto/ServerZeroDelay.xml (RunModel)" time="0.011" />
  <testcase classname="ptolemy.util.test.junit.AutoTests" name="[65] /home/travis/build/icyphy/ptII/ptolemy/domains/de/test/auto/SmartSender.xml (RunModel)" time="3.008" />
  <testcase classname="ptolemy.util.test.junit.AutoTests" name="[66] /home/travis/build/icyphy/ptII/ptolemy/domains/de/test/auto/ThreadedComposite.xml (RunModel)" time="0.183" />
  <testcase classname="ptolemy.util.test.junit.AutoTests" name="[67] /home/travis/build/icyphy/ptII/ptolemy/domains/de/test/auto/Time.xml (RunModel)" time="0.435" />
  <testcase classname="ptolemy.util.test.junit.AutoTests" name="[68] /home/travis/build/icyphy/ptII/ptolemy/domains/de/test/auto/TimeDelayZeroDelay.xml (RunModel)" time="0.009" />
  <testcase classname="ptolemy.util.test.junit.AutoTests" name="[69] /home/travis/build/icyphy/ptII/ptolemy/domains/de/test/auto/TimerZeroDelay.xml (RunModel)" time="0.008" />
  <testcase classname="ptolemy.util.test.junit.AutoTests" name="[70] /home/travis/build/icyphy/ptII/ptolemy/domains/de/test/auto/TimingParadox.xml (RunModel)" time="0.345" />
  <testcase classname="ptolemy.util.test.junit.AutoTests" name="[71] /home/travis/build/icyphy/ptII/ptolemy/domains/de/test/auto/TransferInputs.xml (RunModel)" time="0.009" />
  <testcase classname="ptolemy.util.test.junit.AutoTests" name="[72] /home/travis/build/icyphy/ptII/ptolemy/domains/de/test/auto/TransferOutputs2.xml (RunModel)" time="0.015" />
  <testcase classname="ptolemy.util.test.junit.AutoTests" name="[73] /home/travis/build/icyphy/ptII/ptolemy/domains/de/test/auto/Trilateration.xml (RunModel)" time="11.801" />
  <testcase classname="ptolemy.util.test.junit.AutoTests" name="[74] /home/travis/build/icyphy/ptII/ptolemy/domains/de/test/auto/TwoSigmaDelta.xml (RunModel)" time="2.141" />
  <testcase classname="ptolemy.util.test.junit.AutoTests" name="[75] /home/travis/build/icyphy/ptII/ptolemy/domains/de/test/auto/VariableDelay.xml (RunModel)" time="0.009" />
  <testcase classname="ptolemy.util.test.junit.AutoTests" name="[76] /home/travis/build/icyphy/ptII/ptolemy/domains/de/test/auto/VariableDelay2.xml (RunModel)" time="0.008" />
  <testcase classname="ptolemy.util.test.junit.AutoTests" name="[77] /home/travis/build/icyphy/ptII/ptolemy/domains/de/test/auto/VariableDelayZeroDelay.xml (RunModel)" time="0.008" />
  <testcase classname="ptolemy.util.test.junit.AutoTests" name="[78] /home/travis/build/icyphy/ptII/ptolemy/domains/de/test/auto/VariableDelayZeroDelay2.xml (RunModel)" time="0.009" />
  <testcase classname="ptolemy.util.test.junit.AutoTests" name="[79] /home/travis/build/icyphy/ptII/ptolemy/domains/de/test/auto/deInCt.xml (RunModel)" time="0.012" />
  <testcase classname="ptolemy.util.test.junit.AutoTests" name="[80] /home/travis/build/icyphy/ptII/ptolemy/domains/de/test/auto/deInCt2.xml (RunModel)" time="0.011" />
  <testcase classname="ptolemy.util.test.junit.AutoTests" name="[81] /home/travis/build/icyphy/ptII/ptolemy/domains/de/test/auto/dynamicCausalityInterface1.xml (RunModel)" time="0.016" />
  <testcase classname="ptolemy.util.test.junit.AutoTests" name="[82] /home/travis/build/icyphy/ptII/ptolemy/domains/de/test/auto/fsm_de_test.xml (RunModel)" time="0.019" />
  <testcase classname="ptolemy.util.test.junit.AutoTests" name="[83] /home/travis/build/icyphy/ptII/ptolemy/domains/de/test/auto/functionDependencyReconstruction.xml (RunModel)" time="0.028" />
  <testcase classname="ptolemy.util.test.junit.AutoTests" name="[84] /home/travis/build/icyphy/ptII/ptolemy/domains/de/test/auto/multirate.xml (RunModel)" time="0.013" />
  <testcase classname="ptolemy.util.test.junit.AutoTests" name="[85] /home/travis/build/icyphy/ptII/ptolemy/domains/de/test/auto/multirate2.xml (RunModel)" time="0.013" />
  <testcase classname="ptolemy.util.test.junit.AutoTests" name="[86] /home/travis/build/icyphy/ptII/ptolemy/domains/de/test/auto/realtime.xml (RunModel)" time="10.01" />
  <testcase classname="ptolemy.util.test.junit.AutoTests" name="[87] /home/travis/build/icyphy/ptII/ptolemy/domains/de/test/auto/relationGroup.xml (RunModel)" time="0.009" />
  <testcase classname="ptolemy.util.test.junit.AutoTests" name="[88] /home/travis/build/icyphy/ptII/ptolemy/domains/de/test/auto/relationGroup2.xml (RunModel)" time="0.005" />
  <testcase classname="ptolemy.util.test.junit.AutoTests" name="[89] /home/travis/build/icyphy/ptII/ptolemy/domains/de/test/auto/sortWithOpaquePorts.xml (RunModel)" time="0.008" />
  <testcase classname="ptolemy.util.test.junit.AutoTests" name="[90] /home/travis/build/icyphy/ptII/ptolemy/domains/de/test/auto/transferInputsandOutputs.xml (RunModel)" time="0.021" />
  <testcase classname="ptolemy.util.test.junit.AutoTests" name="[91] /home/travis/build/icyphy/ptII/ptolemy/domains/de/test/auto/triggerType.xml (RunModel)" time="0.011" />
  <system-out><![CDATA[/home/travis/build/icyphy/ptII/ptolemy/domains/de/test/DependencyLoop.tcl
testDefs.tcl: setting time out to 9000 seconds at Sat Mar 02 00:14:16 UTC 2019
18 ms. Memory: 116224K Free: 97540K (84%)
31 ms. Memory: 146944K Free: 142434K (97%)
/home/travis/build/icyphy/ptII/ptolemy/domains/de/test/RunDETestsAsQSS.tcl
Run the DE tests using ptolemy.domains.qss.test.QSSDirectorTest, which extends QSSDirector and prints a message in the constructors.
------------------ testing $PTII/ptolemy/domains/de/test/auto/knownFailedTests/dependencyLoop.xml (Known Failure) 
11 ms. Memory: 146944K Free: 136959K (93%)


==== $PTIIhome/travis/build/icyphy/ptII/ptolemy/domains/de/test/../../../../: Auto Automatic test in file $PTII/ptolemy/domains/de/test/auto/knownFailedTests/dependencyLoop.xml
==== Contents of test case:

	    # FIXME: we should use $relativeFilename here, but it
	    # might have backslashes under Windows, which causes no end
	    # of trouble.
	    createAndExecute $file
	    list {}
	
.... Test generated KNOWN error:
    while executing
ptolemy.kernel.util.IllegalActionException: Found a zero delay loop containing .dependencyLoop.original
  in .dependencyLoop and .dependencyLoop.original
	at ptolemy.actor.util.CausalityInterfaceForComposites._computeOutputPortDepth(CausalityInterfaceForComposites.java:759)
	at ptolemy.actor.util.CausalityInterfaceForComposites._computeInputDepth(CausalityInterfaceForComposites.java:696)
	at ptolemy.actor.util.CausalityInterfaceForComposites._computeOutputPortDepth(CausalityInterfaceForComposites.java:765)
	at ptolemy.actor.util.CausalityInterfaceForComposites._computeInputDepth(CausalityInterfaceForComposites.java:696)
	at ptolemy.actor.util.CausalityInterfaceForComposites._computeOutputPortDepth(CausalityInterfaceForComposites.java:765)
	at ptolemy.actor.util.CausalityInterfaceForComposites._computeInputDepth(CausalityInterfaceForComposites.java:696)
	at ptolemy.actor.util.CausalityInterfaceForComposites._computeActorDepth(CausalityInterfaceForComposites.java:532)
	at ptolemy.actor.util.CausalityInterfaceForComposites.checkForCycles(CausalityInterfaceForComposites.java:96)
	at ptolemy.domains.de.kernel.DEDirector.preinitialize(DEDirector.java:1338)
	at ptolemy.actor.CompositeActor.preinitialize(CompositeActor.java:1828)
	at ptolemy.actor.Manager.preinitializeAndResolveTypes(Manager.java:1040)
	at ptolemy.actor.Manager.initialize(Manager.java:710)
	at ptolemy.actor.Manager.execute(Manager.java:356)
	at ptolemy.actor.Manager.run(Manager.java:1263)
	at ptolemy.actor.Manager$PtolemyRunThread.run(Manager.java:1915)

    while executing
ptolemy.kernel.util.IllegalActionException: Found a zero delay loop containing .dependencyLoop.original
  in .dependencyLoop and .dependencyLoop.original
    while executing
"java::new ptolemy.moml.MoMLSimpleApplication $file
"
    (procedure "createAndExecute" line 2)
    invoked from within
"createAndExecute $file"
    ("uplevel" body line 5)
    invoked from within
"uplevel $contents_of_test"
------------------ testing $PTII/ptolemy/domains/de/test/auto/knownFailedTests/DESDFClockTest.xml (Known Failure) 
2056 ms. Memory: 146944K Free: 121396K (83%)


==== $PTIIhome/travis/build/icyphy/ptII/ptolemy/domains/de/test/../../../../: Auto Automatic test in file $PTII/ptolemy/domains/de/test/auto/knownFailedTests/DESDFClockTest.xml
==== Contents of test case:

	    # FIXME: we should use $relativeFilename here, but it
	    # might have backslashes under Windows, which causes no end
	    # of trouble.
	    createAndExecute $file
	    list {}
	
.... Test generated KNOWN error:
    while executing
ptolemy.kernel.util.IllegalActionException: Actor is not ready to fire.  Perhaps UpSample.prefire() returned false? Try debugging the actor by selecting "Listen to Actor".  Also, for SDF check moml for tokenConsumptionRate on input.
  in .DESDFClockTest.Play Bell.Copy1:SDF Director and .DESDFClockTest.Play Bell.UpSample
	at ptolemy.actor.sched.StaticSchedulingDirector.fire(StaticSchedulingDirector.java:227)
	at ptolemy.domains.sdf.kernel.SDFDirector.fire(SDFDirector.java:500)
	at ptolemy.actor.CompositeActor.fire(CompositeActor.java:455)
	at ptolemy.domains.de.kernel.DEDirector._fire(DEDirector.java:1949)
	at ptolemy.domains.de.kernel.DEDirector.fire(DEDirector.java:502)
	at ptolemy.actor.CompositeActor.fire(CompositeActor.java:455)
	at ptolemy.actor.Manager.iterate(Manager.java:851)
	at ptolemy.actor.Manager.execute(Manager.java:369)
	at ptolemy.actor.Manager.run(Manager.java:1263)
	at ptolemy.actor.Manager$PtolemyRunThread.run(Manager.java:1915)

    while executing
ptolemy.kernel.util.IllegalActionException: Actor is not ready to fire.  Perhaps UpSample.prefire() returned false? Try debugging the actor by selecting "Listen to Actor".  Also, for SDF check moml for tokenConsumptionRate on input.
  in .DESDFClockTest.Play Bell.Copy1:SDF Director and .DESDFClockTest.Play Bell.UpSample
    while executing
"java::new ptolemy.moml.MoMLSimpleApplication $file
"
    (procedure "createAndExecute" line 2)
    invoked from within
"createAndExecute $file"
    ("uplevel" body line 5)
    invoked from within
"uplevel $contents_of_test"
------------------ testing $PTII/ptolemy/domains/de/test/auto/knownFailedTests/FSMSource.xml (Known Failure) 
21 ms. Memory: 146944K Free: 112537K (77%)
!!!! Auto was marked as failing, but now passes
------------------ testing $PTII/ptolemy/domains/de/test/auto/knownFailedTests/dependencyLoop2.xml (Known Failure) 
6 ms. Memory: 146944K Free: 110654K (75%)


==== $PTIIhome/travis/build/icyphy/ptII/ptolemy/domains/de/test/../../../../: Auto Automatic test in file $PTII/ptolemy/domains/de/test/auto/knownFailedTests/dependencyLoop2.xml
==== Contents of test case:

	    # FIXME: we should use $relativeFilename here, but it
	    # might have backslashes under Windows, which causes no end
	    # of trouble.
	    createAndExecute $file
	    list {}
	
.... Test generated KNOWN error:
    while executing
ptolemy.kernel.util.IllegalActionException: Found a zero delay loop containing .dependencyLoop2.original
  in .dependencyLoop2 and .dependencyLoop2.original
	at ptolemy.actor.util.CausalityInterfaceForComposites._computeOutputPortDepth(CausalityInterfaceForComposites.java:759)
	at ptolemy.actor.util.CausalityInterfaceForComposites._computeInputDepth(CausalityInterfaceForComposites.java:696)
	at ptolemy.actor.util.CausalityInterfaceForComposites._computeOutputPortDepth(CausalityInterfaceForComposites.java:765)
	at ptolemy.actor.util.CausalityInterfaceForComposites._computeInputDepth(CausalityInterfaceForComposites.java:696)
	at ptolemy.actor.util.CausalityInterfaceForComposites._computeOutputPortDepth(CausalityInterfaceForComposites.java:765)
	at ptolemy.actor.util.CausalityInterfaceForComposites._computeInputDepth(CausalityInterfaceForComposites.java:696)
	at ptolemy.actor.util.CausalityInterfaceForComposites._computeActorDepth(CausalityInterfaceForComposites.java:532)
	at ptolemy.actor.util.CausalityInterfaceForComposites.checkForCycles(CausalityInterfaceForComposites.java:96)
	at ptolemy.domains.de.kernel.DEDirector.preinitialize(DEDirector.java:1338)
	at ptolemy.actor.CompositeActor.preinitialize(CompositeActor.java:1828)
	at ptolemy.actor.Manager.preinitializeAndResolveTypes(Manager.java:1040)
	at ptolemy.actor.Manager.initialize(Manager.java:710)
	at ptolemy.actor.Manager.execute(Manager.java:356)
	at ptolemy.actor.Manager.run(Manager.java:1263)
	at ptolemy.actor.Manager$PtolemyRunThread.run(Manager.java:1915)

    while executing
ptolemy.kernel.util.IllegalActionException: Found a zero delay loop containing .dependencyLoop2.original
  in .dependencyLoop2 and .dependencyLoop2.original
    while executing
"java::new ptolemy.moml.MoMLSimpleApplication $file
"
    (procedure "createAndExecute" line 2)
    invoked from within
"createAndExecute $file"
    ("uplevel" body line 5)
    invoked from within
"uplevel $contents_of_test"
------------------ testing $PTII/ptolemy/domains/de/test/auto/knownFailedTests/HierarchicalModel.xml (Known Failure) 
6 ms. Memory: 146944K Free: 90475K (62%)


==== $PTIIhome/travis/build/icyphy/ptII/ptolemy/domains/de/test/../../../../: Auto Automatic test in file $PTII/ptolemy/domains/de/test/auto/knownFailedTests/HierarchicalModel.xml
==== Contents of test case:

	    # FIXME: we should use $relativeFilename here, but it
	    # might have backslashes under Windows, which causes no end
	    # of trouble.
	    createAndExecute $file
	    list {}
	
.... Test generated KNOWN error:
    while executing
ptolemy.kernel.util.IllegalActionException: Found a zero delay loop containing .HierarchicalModel.A
  in .HierarchicalModel and .HierarchicalModel.A
	at ptolemy.actor.util.CausalityInterfaceForComposites._computeOutputPortDepth(CausalityInterfaceForComposites.java:759)
	at ptolemy.actor.util.CausalityInterfaceForComposites._computeInputDepth(CausalityInterfaceForComposites.java:696)
	at ptolemy.actor.util.CausalityInterfaceForComposites._computeOutputPortDepth(CausalityInterfaceForComposites.java:765)
	at ptolemy.actor.util.CausalityInterfaceForComposites._computeInputDepth(CausalityInterfaceForComposites.java:696)
	at ptolemy.actor.util.CausalityInterfaceForComposites._computeOutputPortDepth(CausalityInterfaceForComposites.java:765)
	at ptolemy.actor.util.CausalityInterfaceForComposites._computeInputDepth(CausalityInterfaceForComposites.java:696)
	at ptolemy.actor.util.CausalityInterfaceForComposites._computeActorDepth(CausalityInterfaceForComposites.java:532)
	at ptolemy.actor.util.CausalityInterfaceForComposites.checkForCycles(CausalityInterfaceForComposites.java:96)
	at ptolemy.domains.de.kernel.DEDirector.preinitialize(DEDirector.java:1338)
	at ptolemy.actor.CompositeActor.preinitialize(CompositeActor.java:1828)
	at ptolemy.actor.Manager.preinitializeAndResolveTypes(Manager.java:1040)
	at ptolemy.actor.Manager.initialize(Manager.java:710)
	at ptolemy.actor.Manager.execute(Manager.java:356)
	at ptolemy.actor.Manager.run(Manager.java:1263)
	at ptolemy.actor.Manager$PtolemyRunThread.run(Manager.java:1915)

    while executing
ptolemy.kernel.util.IllegalActionException: Found a zero delay loop containing .HierarchicalModel.A
  in .HierarchicalModel and .HierarchicalModel.A
    while executing
"java::new ptolemy.moml.MoMLSimpleApplication $file
"
    (procedure "createAndExecute" line 2)
    invoked from within
"createAndExecute $file"
    ("uplevel" body line 5)
    invoked from within
"uplevel $contents_of_test"
------------------ testing $PTII/ptolemy/domains/de/test/auto/knownFailedTests/DirectFeedback.xml (Known Failure) 
4 ms. Memory: 146944K Free: 86349K (59%)


==== $PTIIhome/travis/build/icyphy/ptII/ptolemy/domains/de/test/../../../../: Auto Automatic test in file $PTII/ptolemy/domains/de/test/auto/knownFailedTests/DirectFeedback.xml
==== Contents of test case:

	    # FIXME: we should use $relativeFilename here, but it
	    # might have backslashes under Windows, which causes no end
	    # of trouble.
	    createAndExecute $file
	    list {}
	
.... Test generated KNOWN error:
    while executing
ptolemy.kernel.util.IllegalActionException: Test fails in iteration 1.
Value was: 1.0. Should have been: 2.0
  in .DirectFeedback.Test
	at ptolemy.actor.lib.Test.fire(Test.java:268)
	at ptolemy.domains.de.kernel.DEDirector._fire(DEDirector.java:1949)
	at ptolemy.domains.de.kernel.DEDirector.fire(DEDirector.java:502)
	at ptolemy.actor.CompositeActor.fire(CompositeActor.java:455)
	at ptolemy.actor.Manager.iterate(Manager.java:851)
	at ptolemy.actor.Manager.execute(Manager.java:369)
	at ptolemy.actor.Manager.run(Manager.java:1263)
	at ptolemy.actor.Manager$PtolemyRunThread.run(Manager.java:1915)

    while executing
ptolemy.kernel.util.IllegalActionException: Test fails in iteration 1.
Value was: 1.0. Should have been: 2.0
  in .DirectFeedback.Test
    while executing
"java::new ptolemy.moml.MoMLSimpleApplication $file
"
    (procedure "createAndExecute" line 2)
    invoked from within
"createAndExecute $file"
    ("uplevel" body line 5)
    invoked from within
"uplevel $contents_of_test"
------------------ testing $PTII/ptolemy/domains/de/test/auto/ActorDepthCalculation_actorWithoutPorts.xml
auto.tcl: Setting watchdog for 200 seconds at Sat Mar 02 00:14:19 UTC 2019
6 ms. Memory: 146944K Free: 138910K (95%)
ptolemy.util.test.WatchDog.cancel(): canceling Sat Mar 02 00:14:19 UTC 2019
auto.tcl: Setting watchdog for 200 seconds at Sat Mar 02 00:14:19 UTC 2019
5 ms. Memory: 146944K Free: 137879K (94%)
ptolemy.util.test.WatchDog.cancel(): canceling Sat Mar 02 00:14:19 UTC 2019
------------------ testing $PTII/ptolemy/domains/de/test/auto/AssemblyLine.xml
auto.tcl: Setting watchdog for 200 seconds at Sat Mar 02 00:14:20 UTC 2019
19 ms. Memory: 208384K Free: 183448K (88%)
ptolemy.util.test.WatchDog.cancel(): canceling Sat Mar 02 00:14:20 UTC 2019
auto.tcl: Setting watchdog for 200 seconds at Sat Mar 02 00:14:20 UTC 2019
13 ms. Memory: 208384K Free: 183448K (88%)
ptolemy.util.test.WatchDog.cancel(): canceling Sat Mar 02 00:14:20 UTC 2019
------------------ testing $PTII/ptolemy/domains/de/test/auto/CQBug1.xml
auto.tcl: Setting watchdog for 200 seconds at Sat Mar 02 00:14:20 UTC 2019
8 ms. Memory: 208384K Free: 197928K (95%)
ptolemy.util.test.WatchDog.cancel(): canceling Sat Mar 02 00:14:20 UTC 2019
auto.tcl: Setting watchdog for 200 seconds at Sat Mar 02 00:14:20 UTC 2019
2 ms. Memory: 208384K Free: 197928K (95%)
ptolemy.util.test.WatchDog.cancel(): canceling Sat Mar 02 00:14:20 UTC 2019
------------------ testing $PTII/ptolemy/domains/de/test/auto/CancelFireAt.xml
auto.tcl: Setting watchdog for 200 seconds at Sat Mar 02 00:14:20 UTC 2019
5 ms. Memory: 208384K Free: 201579K (97%)
ptolemy.util.test.WatchDog.cancel(): canceling Sat Mar 02 00:14:20 UTC 2019
auto.tcl: Setting watchdog for 200 seconds at Sat Mar 02 00:14:20 UTC 2019
5 ms. Memory: 208384K Free: 199029K (96%)
ptolemy.util.test.WatchDog.cancel(): canceling Sat Mar 02 00:14:20 UTC 2019
------------------ testing $PTII/ptolemy/domains/de/test/auto/CausalityAndComposabilityAnalysis.xml
auto.tcl: Setting watchdog for 200 seconds at Sat Mar 02 00:14:20 UTC 2019
8 ms. Memory: 208384K Free: 198627K (95%)
ptolemy.util.test.WatchDog.cancel(): canceling Sat Mar 02 00:14:20 UTC 2019
auto.tcl: Setting watchdog for 200 seconds at Sat Mar 02 00:14:20 UTC 2019
11 ms. Memory: 208384K Free: 196597K (94%)
ptolemy.util.test.WatchDog.cancel(): canceling Sat Mar 02 00:14:20 UTC 2019
------------------ testing $PTII/ptolemy/domains/de/test/auto/CausalityInterface1.xml
auto.tcl: Setting watchdog for 200 seconds at Sat Mar 02 00:14:20 UTC 2019
20 ms. Memory: 208384K Free: 196534K (94%)
ptolemy.util.test.WatchDog.cancel(): canceling Sat Mar 02 00:14:20 UTC 2019
auto.tcl: Setting watchdog for 200 seconds at Sat Mar 02 00:14:20 UTC 2019
4 ms. Memory: 208384K Free: 196534K (94%)
ptolemy.util.test.WatchDog.cancel(): canceling Sat Mar 02 00:14:20 UTC 2019
------------------ testing $PTII/ptolemy/domains/de/test/auto/CausalityInterface15.xml
auto.tcl: Setting watchdog for 200 seconds at Sat Mar 02 00:14:20 UTC 2019
12 ms. Memory: 208384K Free: 196392K (94%)
ptolemy.util.test.WatchDog.cancel(): canceling Sat Mar 02 00:14:21 UTC 2019
auto.tcl: Setting watchdog for 200 seconds at Sat Mar 02 00:14:21 UTC 2019
5 ms. Memory: 208384K Free: 196392K (94%)
ptolemy.util.test.WatchDog.cancel(): canceling Sat Mar 02 00:14:21 UTC 2019
------------------ testing $PTII/ptolemy/domains/de/test/auto/CausalityInterface2.xml
auto.tcl: Setting watchdog for 200 seconds at Sat Mar 02 00:14:21 UTC 2019
4 ms. Memory: 208384K Free: 196406K (94%)
ptolemy.util.test.WatchDog.cancel(): canceling Sat Mar 02 00:14:21 UTC 2019
auto.tcl: Setting watchdog for 200 seconds at Sat Mar 02 00:14:21 UTC 2019
3 ms. Memory: 208384K Free: 196406K (94%)
ptolemy.util.test.WatchDog.cancel(): canceling Sat Mar 02 00:14:21 UTC 2019
------------------ testing $PTII/ptolemy/domains/de/test/auto/CausalityInterface3.xml
auto.tcl: Setting watchdog for 200 seconds at Sat Mar 02 00:14:21 UTC 2019
6 ms. Memory: 208384K Free: 196939K (95%)
ptolemy.util.test.WatchDog.cancel(): canceling Sat Mar 02 00:14:21 UTC 2019
auto.tcl: Setting watchdog for 200 seconds at Sat Mar 02 00:14:21 UTC 2019
3 ms. Memory: 208384K Free: 196419K (94%)
ptolemy.util.test.WatchDog.cancel(): canceling Sat Mar 02 00:14:21 UTC 2019
------------------ testing $PTII/ptolemy/domains/de/test/auto/ClockDrift.xml
auto.tcl: Setting watchdog for 200 seconds at Sat Mar 02 00:14:21 UTC 2019
95 ms. Memory: 208384K Free: 187861K (90%)
ptolemy.util.test.WatchDog.cancel(): canceling Sat Mar 02 00:14:21 UTC 2019
auto.tcl: Setting watchdog for 200 seconds at Sat Mar 02 00:14:21 UTC 2019
64 ms. Memory: 208384K Free: 185831K (89%)
ptolemy.util.test.WatchDog.cancel(): canceling Sat Mar 02 00:14:21 UTC 2019
------------------ testing $PTII/ptolemy/domains/de/test/auto/ClockDriftAndValueChange.xml
auto.tcl: Setting watchdog for 200 seconds at Sat Mar 02 00:14:21 UTC 2019
40 ms. Memory: 208384K Free: 187689K (90%)
ptolemy.util.test.WatchDog.cancel(): canceling Sat Mar 02 00:14:21 UTC 2019
auto.tcl: Setting watchdog for 200 seconds at Sat Mar 02 00:14:21 UTC 2019
22 ms. Memory: 208384K Free: 185659K (89%)
ptolemy.util.test.WatchDog.cancel(): canceling Sat Mar 02 00:14:21 UTC 2019
------------------ testing $PTII/ptolemy/domains/de/test/auto/ClockDriftChange.xml
auto.tcl: Setting watchdog for 200 seconds at Sat Mar 02 00:14:21 UTC 2019
25 ms. Memory: 208384K Free: 190947K (92%)
ptolemy.util.test.WatchDog.cancel(): canceling Sat Mar 02 00:14:21 UTC 2019
auto.tcl: Setting watchdog for 200 seconds at Sat Mar 02 00:14:21 UTC 2019
21 ms. Memory: 208384K Free: 188917K (91%)
ptolemy.util.test.WatchDog.cancel(): canceling Sat Mar 02 00:14:21 UTC 2019
------------------ testing $PTII/ptolemy/domains/de/test/auto/ComposableCausalityAnalysis.xml
auto.tcl: Setting watchdog for 200 seconds at Sat Mar 02 00:14:21 UTC 2019
2 ms. Memory: 208384K Free: 196274K (94%)
ptolemy.util.test.WatchDog.cancel(): canceling Sat Mar 02 00:14:21 UTC 2019
auto.tcl: Setting watchdog for 200 seconds at Sat Mar 02 00:14:21 UTC 2019
2 ms. Memory: 208384K Free: 194244K (93%)
ptolemy.util.test.WatchDog.cancel(): canceling Sat Mar 02 00:14:21 UTC 2019
------------------ testing $PTII/ptolemy/domains/de/test/auto/DEFixedPointLimitation.xml
auto.tcl: Setting watchdog for 200 seconds at Sat Mar 02 00:14:21 UTC 2019
2 ms. Memory: 208384K Free: 196354K (94%)
ptolemy.util.test.WatchDog.cancel(): canceling Sat Mar 02 00:14:21 UTC 2019
auto.tcl: Setting watchdog for 200 seconds at Sat Mar 02 00:14:21 UTC 2019
1 ms. Memory: 208384K Free: 196354K (94%)
ptolemy.util.test.WatchDog.cancel(): canceling Sat Mar 02 00:14:21 UTC 2019
------------------ testing $PTII/ptolemy/domains/de/test/auto/DEScheduleTest.xml
auto.tcl: Setting watchdog for 200 seconds at Sat Mar 02 00:14:22 UTC 2019
9 ms. Memory: 208384K Free: 198420K (95%)
ptolemy.util.test.WatchDog.cancel(): canceling Sat Mar 02 00:14:22 UTC 2019
auto.tcl: Setting watchdog for 200 seconds at Sat Mar 02 00:14:22 UTC 2019
3 ms. Memory: 208384K Free: 196390K (94%)
ptolemy.util.test.WatchDog.cancel(): canceling Sat Mar 02 00:14:22 UTC 2019
------------------ testing $PTII/ptolemy/domains/de/test/auto/DEinDEwithStartTimes.xml
auto.tcl: Setting watchdog for 200 seconds at Sat Mar 02 00:14:22 UTC 2019
3 ms. Memory: 208384K Free: 196359K (94%)
ptolemy.util.test.WatchDog.cancel(): canceling Sat Mar 02 00:14:22 UTC 2019
auto.tcl: Setting watchdog for 200 seconds at Sat Mar 02 00:14:22 UTC 2019
4 ms. Memory: 208384K Free: 194329K (93%)
ptolemy.util.test.WatchDog.cancel(): canceling Sat Mar 02 00:14:22 UTC 2019
------------------ testing $PTII/ptolemy/domains/de/test/auto/DEinDEwithStartTimes2.xml
auto.tcl: Setting watchdog for 200 seconds at Sat Mar 02 00:14:22 UTC 2019
7 ms. Memory: 208384K Free: 196339K (94%)
ptolemy.util.test.WatchDog.cancel(): canceling Sat Mar 02 00:14:22 UTC 2019
auto.tcl: Setting watchdog for 200 seconds at Sat Mar 02 00:14:22 UTC 2019
11 ms. Memory: 208384K Free: 194309K (93%)
ptolemy.util.test.WatchDog.cancel(): canceling Sat Mar 02 00:14:22 UTC 2019
------------------ testing $PTII/ptolemy/domains/de/test/auto/DateDemo.xml
auto.tcl: Setting watchdog for 200 seconds at Sat Mar 02 00:14:22 UTC 2019
9 ms. Memory: 208384K Free: 188978K (91%)
ptolemy.util.test.WatchDog.cancel(): canceling Sat Mar 02 00:14:22 UTC 2019
auto.tcl: Setting watchdog for 200 seconds at Sat Mar 02 00:14:22 UTC 2019
6 ms. Memory: 208384K Free: 186948K (90%)
ptolemy.util.test.WatchDog.cancel(): canceling Sat Mar 02 00:14:22 UTC 2019
------------------ testing $PTII/ptolemy/domains/de/test/auto/DateToEvent.xml
auto.tcl: Setting watchdog for 200 seconds at Sat Mar 02 00:14:22 UTC 2019
2009 ms. Memory: 208384K Free: 183895K (88%)
ptolemy.util.test.WatchDog.cancel(): canceling Sat Mar 02 00:14:24 UTC 2019
auto.tcl: Setting watchdog for 200 seconds at Sat Mar 02 00:14:24 UTC 2019
2005 ms. Memory: 208384K Free: 183895K (88%)
ptolemy.util.test.WatchDog.cancel(): canceling Sat Mar 02 00:14:26 UTC 2019
------------------ testing $PTII/ptolemy/domains/de/test/auto/DepthTest1.xml
auto.tcl: Setting watchdog for 200 seconds at Sat Mar 02 00:14:26 UTC 2019
4 ms. Memory: 208384K Free: 197948K (95%)
ptolemy.util.test.WatchDog.cancel(): canceling Sat Mar 02 00:14:26 UTC 2019
auto.tcl: Setting watchdog for 200 seconds at Sat Mar 02 00:14:26 UTC 2019
1 ms. Memory: 208384K Free: 197948K (95%)
ptolemy.util.test.WatchDog.cancel(): canceling Sat Mar 02 00:14:26 UTC 2019
------------------ testing $PTII/ptolemy/domains/de/test/auto/DepthTest2.xml
auto.tcl: Setting watchdog for 200 seconds at Sat Mar 02 00:14:26 UTC 2019
7 ms. Memory: 208384K Free: 194290K (93%)
ptolemy.util.test.WatchDog.cancel(): canceling Sat Mar 02 00:14:26 UTC 2019
auto.tcl: Setting watchdog for 200 seconds at Sat Mar 02 00:14:26 UTC 2019
4 ms. Memory: 208384K Free: 194290K (93%)
ptolemy.util.test.WatchDog.cancel(): canceling Sat Mar 02 00:14:26 UTC 2019
------------------ testing $PTII/ptolemy/domains/de/test/auto/DepthTest3.xml
auto.tcl: Setting watchdog for 200 seconds at Sat Mar 02 00:14:26 UTC 2019
4 ms. Memory: 208384K Free: 198803K (95%)
ptolemy.util.test.WatchDog.cancel(): canceling Sat Mar 02 00:14:26 UTC 2019
auto.tcl: Setting watchdog for 200 seconds at Sat Mar 02 00:14:26 UTC 2019
1 ms. Memory: 208384K Free: 198803K (95%)
ptolemy.util.test.WatchDog.cancel(): canceling Sat Mar 02 00:14:26 UTC 2019
------------------ testing $PTII/ptolemy/domains/de/test/auto/DepthTest4.xml
auto.tcl: Setting watchdog for 200 seconds at Sat Mar 02 00:14:26 UTC 2019
5 ms. Memory: 208384K Free: 196342K (94%)
ptolemy.util.test.WatchDog.cancel(): canceling Sat Mar 02 00:14:26 UTC 2019
auto.tcl: Setting watchdog for 200 seconds at Sat Mar 02 00:14:26 UTC 2019
2 ms. Memory: 208384K Free: 196342K (94%)
ptolemy.util.test.WatchDog.cancel(): canceling Sat Mar 02 00:14:26 UTC 2019
------------------ testing $PTII/ptolemy/domains/de/test/auto/DepthTest5.xml
auto.tcl: Setting watchdog for 200 seconds at Sat Mar 02 00:14:26 UTC 2019
6 ms. Memory: 208384K Free: 196808K (94%)
ptolemy.util.test.WatchDog.cancel(): canceling Sat Mar 02 00:14:26 UTC 2019
auto.tcl: Setting watchdog for 200 seconds at Sat Mar 02 00:14:26 UTC 2019
2 ms. Memory: 208384K Free: 196808K (94%)
ptolemy.util.test.WatchDog.cancel(): canceling Sat Mar 02 00:14:26 UTC 2019
------------------ testing $PTII/ptolemy/domains/de/test/auto/DepthTest6.xml
auto.tcl: Setting watchdog for 200 seconds at Sat Mar 02 00:14:26 UTC 2019
5 ms. Memory: 208384K Free: 196265K (94%)
ptolemy.util.test.WatchDog.cancel(): canceling Sat Mar 02 00:14:26 UTC 2019
auto.tcl: Setting watchdog for 200 seconds at Sat Mar 02 00:14:26 UTC 2019
2 ms. Memory: 208384K Free: 196265K (94%)
ptolemy.util.test.WatchDog.cancel(): canceling Sat Mar 02 00:14:26 UTC 2019
------------------ testing $PTII/ptolemy/domains/de/test/auto/DepthTest7.xml
auto.tcl: Setting watchdog for 200 seconds at Sat Mar 02 00:14:26 UTC 2019
2 ms. Memory: 208384K Free: 196246K (94%)
ptolemy.util.test.WatchDog.cancel(): canceling Sat Mar 02 00:14:27 UTC 2019
auto.tcl: Setting watchdog for 200 seconds at Sat Mar 02 00:14:27 UTC 2019
2 ms. Memory: 208384K Free: 196246K (94%)
ptolemy.util.test.WatchDog.cancel(): canceling Sat Mar 02 00:14:27 UTC 2019
------------------ testing $PTII/ptolemy/domains/de/test/auto/EventToDate.xml
auto.tcl: Setting watchdog for 200 seconds at Sat Mar 02 00:14:27 UTC 2019
3005 ms. Memory: 208384K Free: 186117K (89%)
ptolemy.util.test.WatchDog.cancel(): canceling Sat Mar 02 00:14:30 UTC 2019
auto.tcl: Setting watchdog for 200 seconds at Sat Mar 02 00:14:30 UTC 2019
3006 ms. Memory: 208384K Free: 186117K (89%)
ptolemy.util.test.WatchDog.cancel(): canceling Sat Mar 02 00:14:33 UTC 2019
------------------ testing $PTII/ptolemy/domains/de/test/auto/FSM1.xml
auto.tcl: Setting watchdog for 200 seconds at Sat Mar 02 00:14:33 UTC 2019
29 ms. Memory: 208384K Free: 186923K (90%)
ptolemy.util.test.WatchDog.cancel(): canceling Sat Mar 02 00:14:33 UTC 2019
auto.tcl: Setting watchdog for 200 seconds at Sat Mar 02 00:14:33 UTC 2019
20 ms. Memory: 208384K Free: 182831K (88%)
ptolemy.util.test.WatchDog.cancel(): canceling Sat Mar 02 00:14:33 UTC 2019
------------------ testing $PTII/ptolemy/domains/de/test/auto/FSM7.xml
auto.tcl: Setting watchdog for 200 seconds at Sat Mar 02 00:14:33 UTC 2019
33 ms. Memory: 208384K Free: 189591K (91%)
ptolemy.util.test.WatchDog.cancel(): canceling Sat Mar 02 00:14:33 UTC 2019
auto.tcl: Setting watchdog for 200 seconds at Sat Mar 02 00:14:33 UTC 2019
19 ms. Memory: 208384K Free: 185523K (89%)
ptolemy.util.test.WatchDog.cancel(): canceling Sat Mar 02 00:14:33 UTC 2019
------------------ testing $PTII/ptolemy/domains/de/test/auto/Inspection.xml
auto.tcl: Setting watchdog for 200 seconds at Sat Mar 02 00:14:33 UTC 2019
20 ms. Memory: 208384K Free: 189325K (91%)
ptolemy.util.test.WatchDog.cancel(): canceling Sat Mar 02 00:14:33 UTC 2019
auto.tcl: Setting watchdog for 200 seconds at Sat Mar 02 00:14:33 UTC 2019
23 ms. Memory: 208384K Free: 187279K (90%)
ptolemy.util.test.WatchDog.cancel(): canceling Sat Mar 02 00:14:33 UTC 2019
------------------ testing $PTII/ptolemy/domains/de/test/auto/Iteration.xml
auto.tcl: Setting watchdog for 200 seconds at Sat Mar 02 00:14:33 UTC 2019
9 ms. Memory: 208384K Free: 196553K (94%)
ptolemy.util.test.WatchDog.cancel(): canceling Sat Mar 02 00:14:33 UTC 2019
auto.tcl: Setting watchdog for 200 seconds at Sat Mar 02 00:14:33 UTC 2019
6 ms. Memory: 208384K Free: 194507K (93%)
ptolemy.util.test.WatchDog.cancel(): canceling Sat Mar 02 00:14:33 UTC 2019
------------------ testing $PTII/ptolemy/domains/de/test/auto/LineFault.xml
auto.tcl: Setting watchdog for 200 seconds at Sat Mar 02 00:14:33 UTC 2019
805 ms. Memory: 208384K Free: 199732K (96%)
ptolemy.util.test.WatchDog.cancel(): canceling Sat Mar 02 00:14:34 UTC 2019
auto.tcl: Setting watchdog for 200 seconds at Sat Mar 02 00:14:34 UTC 2019
627 ms. Memory: 208384K Free: 142550K (68%)
ptolemy.util.test.WatchDog.cancel(): canceling Sat Mar 02 00:14:35 UTC 2019
------------------ testing $PTII/ptolemy/domains/de/test/auto/MergeModel1Add.xml
auto.tcl: Setting watchdog for 200 seconds at Sat Mar 02 00:14:35 UTC 2019
32 ms. Memory: 331264K Free: 300799K (91%)
ptolemy.util.test.WatchDog.cancel(): canceling Sat Mar 02 00:14:35 UTC 2019
auto.tcl: Setting watchdog for 200 seconds at Sat Mar 02 00:14:35 UTC 2019
12 ms. Memory: 331264K Free: 300799K (91%)
ptolemy.util.test.WatchDog.cancel(): canceling Sat Mar 02 00:14:35 UTC 2019
------------------ testing $PTII/ptolemy/domains/de/test/auto/MergeModel2Add.xml
auto.tcl: Setting watchdog for 200 seconds at Sat Mar 02 00:14:35 UTC 2019
11 ms. Memory: 331264K Free: 305694K (92%)
ptolemy.util.test.WatchDog.cancel(): canceling Sat Mar 02 00:14:35 UTC 2019
auto.tcl: Setting watchdog for 200 seconds at Sat Mar 02 00:14:35 UTC 2019
14 ms. Memory: 331264K Free: 302129K (91%)
ptolemy.util.test.WatchDog.cancel(): canceling Sat Mar 02 00:14:35 UTC 2019
------------------ testing $PTII/ptolemy/domains/de/test/auto/MergeModel3Add.xml
auto.tcl: Setting watchdog for 200 seconds at Sat Mar 02 00:14:35 UTC 2019
14 ms. Memory: 331264K Free: 305681K (92%)
ptolemy.util.test.WatchDog.cancel(): canceling Sat Mar 02 00:14:35 UTC 2019
auto.tcl: Setting watchdog for 200 seconds at Sat Mar 02 00:14:35 UTC 2019
10 ms. Memory: 331264K Free: 302115K (91%)
ptolemy.util.test.WatchDog.cancel(): canceling Sat Mar 02 00:14:35 UTC 2019
------------------ testing $PTII/ptolemy/domains/de/test/auto/MergeWithoutDiscard.xml
auto.tcl: Setting watchdog for 200 seconds at Sat Mar 02 00:14:35 UTC 2019
5 ms. Memory: 331264K Free: 316360K (96%)
ptolemy.util.test.WatchDog.cancel(): canceling Sat Mar 02 00:14:35 UTC 2019
auto.tcl: Setting watchdog for 200 seconds at Sat Mar 02 00:14:35 UTC 2019
1 ms. Memory: 331264K Free: 316360K (96%)
ptolemy.util.test.WatchDog.cancel(): canceling Sat Mar 02 00:14:35 UTC 2019
------------------ testing $PTII/ptolemy/domains/de/test/auto/Modal1.xml
auto.tcl: Setting watchdog for 200 seconds at Sat Mar 02 00:14:35 UTC 2019
12 ms. Memory: 331264K Free: 310667K (94%)
ptolemy.util.test.WatchDog.cancel(): canceling Sat Mar 02 00:14:36 UTC 2019
auto.tcl: Setting watchdog for 200 seconds at Sat Mar 02 00:14:36 UTC 2019
18 ms. Memory: 331264K Free: 307109K (93%)
ptolemy.util.test.WatchDog.cancel(): canceling Sat Mar 02 00:14:36 UTC 2019
------------------ testing $PTII/ptolemy/domains/de/test/auto/Modal2.xml
auto.tcl: Setting watchdog for 200 seconds at Sat Mar 02 00:14:36 UTC 2019
10 ms. Memory: 331264K Free: 310524K (94%)
ptolemy.util.test.WatchDog.cancel(): canceling Sat Mar 02 00:14:36 UTC 2019
auto.tcl: Setting watchdog for 200 seconds at Sat Mar 02 00:14:36 UTC 2019
11 ms. Memory: 331264K Free: 306958K (93%)
ptolemy.util.test.WatchDog.cancel(): canceling Sat Mar 02 00:14:36 UTC 2019
------------------ testing $PTII/ptolemy/domains/de/test/auto/Modal3.xml
auto.tcl: Setting watchdog for 200 seconds at Sat Mar 02 00:14:36 UTC 2019
10 ms. Memory: 331264K Free: 310523K (94%)
ptolemy.util.test.WatchDog.cancel(): canceling Sat Mar 02 00:14:36 UTC 2019
auto.tcl: Setting watchdog for 200 seconds at Sat Mar 02 00:14:36 UTC 2019
10 ms. Memory: 331264K Free: 306973K (93%)
ptolemy.util.test.WatchDog.cancel(): canceling Sat Mar 02 00:14:36 UTC 2019
------------------ testing $PTII/ptolemy/domains/de/test/auto/Modal4.xml
auto.tcl: Setting watchdog for 200 seconds at Sat Mar 02 00:14:36 UTC 2019
24 ms. Memory: 331264K Free: 310535K (94%)
ptolemy.util.test.WatchDog.cancel(): canceling Sat Mar 02 00:14:36 UTC 2019
auto.tcl: Setting watchdog for 200 seconds at Sat Mar 02 00:14:36 UTC 2019
24 ms. Memory: 331264K Free: 306970K (93%)
ptolemy.util.test.WatchDog.cancel(): canceling Sat Mar 02 00:14:36 UTC 2019
------------------ testing $PTII/ptolemy/domains/de/test/auto/Modal5.xml
auto.tcl: Setting watchdog for 200 seconds at Sat Mar 02 00:14:36 UTC 2019
16 ms. Memory: 331264K Free: 310523K (94%)
ptolemy.util.test.WatchDog.cancel(): canceling Sat Mar 02 00:14:36 UTC 2019
auto.tcl: Setting watchdog for 200 seconds at Sat Mar 02 00:14:36 UTC 2019
12 ms. Memory: 331264K Free: 306957K (93%)
ptolemy.util.test.WatchDog.cancel(): canceling Sat Mar 02 00:14:36 UTC 2019
------------------ testing $PTII/ptolemy/domains/de/test/auto/Modal6.xml
auto.tcl: Setting watchdog for 200 seconds at Sat Mar 02 00:14:36 UTC 2019
11 ms. Memory: 331264K Free: 310520K (94%)
ptolemy.util.test.WatchDog.cancel(): canceling Sat Mar 02 00:14:36 UTC 2019
auto.tcl: Setting watchdog for 200 seconds at Sat Mar 02 00:14:36 UTC 2019
13 ms. Memory: 331264K Free: 306970K (93%)
ptolemy.util.test.WatchDog.cancel(): canceling Sat Mar 02 00:14:36 UTC 2019
------------------ testing $PTII/ptolemy/domains/de/test/auto/Modal7.xml
auto.tcl: Setting watchdog for 200 seconds at Sat Mar 02 00:14:36 UTC 2019
18 ms. Memory: 331264K Free: 306947K (93%)
ptolemy.util.test.WatchDog.cancel(): canceling Sat Mar 02 00:14:36 UTC 2019
auto.tcl: Setting watchdog for 200 seconds at Sat Mar 02 00:14:36 UTC 2019
12 ms. Memory: 331264K Free: 303397K (92%)
ptolemy.util.test.WatchDog.cancel(): canceling Sat Mar 02 00:14:36 UTC 2019
------------------ testing $PTII/ptolemy/domains/de/test/auto/ModalModel.xml
auto.tcl: Setting watchdog for 200 seconds at Sat Mar 02 00:14:36 UTC 2019
182 ms. Memory: 331264K Free: 247940K (75%)
ptolemy.util.test.WatchDog.cancel(): canceling Sat Mar 02 00:14:36 UTC 2019
auto.tcl: Setting watchdog for 200 seconds at Sat Mar 02 00:14:36 UTC 2019
200 ms. Memory: 331264K Free: 190992K (58%)
ptolemy.util.test.WatchDog.cancel(): canceling Sat Mar 02 00:14:37 UTC 2019
------------------ testing $PTII/ptolemy/domains/de/test/auto/ModalSource.xml
auto.tcl: Setting watchdog for 200 seconds at Sat Mar 02 00:14:37 UTC 2019
5 ms. Memory: 331264K Free: 316790K (96%)
ptolemy.util.test.WatchDog.cancel(): canceling Sat Mar 02 00:14:37 UTC 2019
auto.tcl: Setting watchdog for 200 seconds at Sat Mar 02 00:14:37 UTC 2019
6 ms. Memory: 331264K Free: 313521K (95%)
ptolemy.util.test.WatchDog.cancel(): canceling Sat Mar 02 00:14:37 UTC 2019
------------------ testing $PTII/ptolemy/domains/de/test/auto/NonInterruptibleTimerZeroDelay.xml
auto.tcl: Setting watchdog for 200 seconds at Sat Mar 02 00:14:37 UTC 2019
4 ms. Memory: 331264K Free: 321134K (97%)
ptolemy.util.test.WatchDog.cancel(): canceling Sat Mar 02 00:14:37 UTC 2019
auto.tcl: Setting watchdog for 200 seconds at Sat Mar 02 00:14:37 UTC 2019
3 ms. Memory: 331264K Free: 317873K (96%)
ptolemy.util.test.WatchDog.cancel(): canceling Sat Mar 02 00:14:37 UTC 2019
------------------ testing $PTII/ptolemy/domains/de/test/auto/OpenQueueingNetwork.xml
auto.tcl: Setting watchdog for 200 seconds at Sat Mar 02 00:14:37 UTC 2019
2837 ms. Memory: 573952K Free: 414322K (72%)
ptolemy.util.test.WatchDog.cancel(): canceling Sat Mar 02 00:14:40 UTC 2019
auto.tcl: Setting watchdog for 200 seconds at Sat Mar 02 00:14:40 UTC 2019
2323 ms. Memory: 574464K Free: 344119K (60%)
ptolemy.util.test.WatchDog.cancel(): canceling Sat Mar 02 00:14:42 UTC 2019
------------------ testing $PTII/ptolemy/domains/de/test/auto/OpenQueuingNetwork.xml
auto.tcl: Setting watchdog for 200 seconds at Sat Mar 02 00:14:42 UTC 2019
229 ms. Memory: 1064960K Free: 946424K (89%)
ptolemy.util.test.WatchDog.cancel(): canceling Sat Mar 02 00:14:43 UTC 2019
auto.tcl: Setting watchdog for 200 seconds at Sat Mar 02 00:14:43 UTC 2019
201 ms. Memory: 1064960K Free: 880886K (83%)
ptolemy.util.test.WatchDog.cancel(): canceling Sat Mar 02 00:14:43 UTC 2019
------------------ testing $PTII/ptolemy/domains/de/test/auto/PeriodicSampler.xml
auto.tcl: Setting watchdog for 200 seconds at Sat Mar 02 00:14:43 UTC 2019
2 ms. Memory: 1065472K Free: 1038562K (97%)
ptolemy.util.test.WatchDog.cancel(): canceling Sat Mar 02 00:14:43 UTC 2019
auto.tcl: Setting watchdog for 200 seconds at Sat Mar 02 00:14:43 UTC 2019
1 ms. Memory: 1065472K Free: 1038562K (97%)
ptolemy.util.test.WatchDog.cancel(): canceling Sat Mar 02 00:14:43 UTC 2019
------------------ testing $PTII/ptolemy/domains/de/test/auto/PersistentIO.xml
auto.tcl: Setting watchdog for 200 seconds at Sat Mar 02 00:14:43 UTC 2019
10 ms. Memory: 1065472K Free: 1040290K (98%)
ptolemy.util.test.WatchDog.cancel(): canceling Sat Mar 02 00:14:43 UTC 2019
auto.tcl: Setting watchdog for 200 seconds at Sat Mar 02 00:14:43 UTC 2019
4 ms. Memory: 1065472K Free: 1040290K (98%)
ptolemy.util.test.WatchDog.cancel(): canceling Sat Mar 02 00:14:43 UTC 2019
------------------ testing $PTII/ptolemy/domains/de/test/auto/PortParameterResetOnInitialize.xml
auto.tcl: Setting watchdog for 200 seconds at Sat Mar 02 00:14:43 UTC 2019
2 ms. Memory: 1065472K Free: 1030332K (97%)
ptolemy.util.test.WatchDog.cancel(): canceling Sat Mar 02 00:14:43 UTC 2019
auto.tcl: Setting watchdog for 200 seconds at Sat Mar 02 00:14:43 UTC 2019
1 ms. Memory: 1065472K Free: 1030332K (97%)
ptolemy.util.test.WatchDog.cancel(): canceling Sat Mar 02 00:14:43 UTC 2019
------------------ testing $PTII/ptolemy/domains/de/test/auto/PortParameterUpdates.xml
auto.tcl: Setting watchdog for 200 seconds at Sat Mar 02 00:14:43 UTC 2019
3 ms. Memory: 1065472K Free: 1030465K (97%)
ptolemy.util.test.WatchDog.cancel(): canceling Sat Mar 02 00:14:43 UTC 2019
auto.tcl: Setting watchdog for 200 seconds at Sat Mar 02 00:14:43 UTC 2019
3 ms. Memory: 1065472K Free: 1030465K (97%)
ptolemy.util.test.WatchDog.cancel(): canceling Sat Mar 02 00:14:43 UTC 2019
------------------ testing $PTII/ptolemy/domains/de/test/auto/QueueAndServer.xml
auto.tcl: Setting watchdog for 200 seconds at Sat Mar 02 00:14:43 UTC 2019
17 ms. Memory: 1065472K Free: 1039108K (98%)
ptolemy.util.test.WatchDog.cancel(): canceling Sat Mar 02 00:14:43 UTC 2019
auto.tcl: Setting watchdog for 200 seconds at Sat Mar 02 00:14:43 UTC 2019
6 ms. Memory: 1065472K Free: 1039108K (98%)
ptolemy.util.test.WatchDog.cancel(): canceling Sat Mar 02 00:14:43 UTC 2019
------------------ testing $PTII/ptolemy/domains/de/test/auto/Records.xml
auto.tcl: Setting watchdog for 200 seconds at Sat Mar 02 00:14:43 UTC 2019
11 ms. Memory: 1065472K Free: 1039051K (98%)
ptolemy.util.test.WatchDog.cancel(): canceling Sat Mar 02 00:14:43 UTC 2019
auto.tcl: Setting watchdog for 200 seconds at Sat Mar 02 00:14:43 UTC 2019
2 ms. Memory: 1065472K Free: 1039051K (98%)
ptolemy.util.test.WatchDog.cancel(): canceling Sat Mar 02 00:14:43 UTC 2019
------------------ testing $PTII/ptolemy/domains/de/test/auto/ResetTransitionWithStartTime1.xml
auto.tcl: Setting watchdog for 200 seconds at Sat Mar 02 00:14:43 UTC 2019
9 ms. Memory: 1065472K Free: 1040216K (98%)
ptolemy.util.test.WatchDog.cancel(): canceling Sat Mar 02 00:14:43 UTC 2019
auto.tcl: Setting watchdog for 200 seconds at Sat Mar 02 00:14:43 UTC 2019
4 ms. Memory: 1065472K Free: 1039076K (98%)
ptolemy.util.test.WatchDog.cancel(): canceling Sat Mar 02 00:14:43 UTC 2019
------------------ testing $PTII/ptolemy/domains/de/test/auto/ResetTransitionWithStartTime2.xml
auto.tcl: Setting watchdog for 200 seconds at Sat Mar 02 00:14:43 UTC 2019
8 ms. Memory: 1064448K Free: 1039183K (98%)
ptolemy.util.test.WatchDog.cancel(): canceling Sat Mar 02 00:14:43 UTC 2019
auto.tcl: Setting watchdog for 200 seconds at Sat Mar 02 00:14:43 UTC 2019
5 ms. Memory: 1064448K Free: 1039183K (98%)
ptolemy.util.test.WatchDog.cancel(): canceling Sat Mar 02 00:14:43 UTC 2019
------------------ testing $PTII/ptolemy/domains/de/test/auto/ResetTransitionWithStartTime3.xml
auto.tcl: Setting watchdog for 200 seconds at Sat Mar 02 00:14:43 UTC 2019
7 ms. Memory: 1064960K Free: 1038554K (98%)
ptolemy.util.test.WatchDog.cancel(): canceling Sat Mar 02 00:14:43 UTC 2019
auto.tcl: Setting watchdog for 200 seconds at Sat Mar 02 00:14:43 UTC 2019
6 ms. Memory: 1064960K Free: 1038554K (98%)
ptolemy.util.test.WatchDog.cancel(): canceling Sat Mar 02 00:14:43 UTC 2019
------------------ testing $PTII/ptolemy/domains/de/test/auto/ResetTransitionWithStartTime4.xml
auto.tcl: Setting watchdog for 200 seconds at Sat Mar 02 00:14:43 UTC 2019
5 ms. Memory: 1064960K Free: 1038553K (98%)
ptolemy.util.test.WatchDog.cancel(): canceling Sat Mar 02 00:14:44 UTC 2019
auto.tcl: Setting watchdog for 200 seconds at Sat Mar 02 00:14:44 UTC 2019
4 ms. Memory: 1064960K Free: 1038553K (98%)
ptolemy.util.test.WatchDog.cancel(): canceling Sat Mar 02 00:14:44 UTC 2019
------------------ testing $PTII/ptolemy/domains/de/test/auto/ResettableTimer1.xml
auto.tcl: Setting watchdog for 200 seconds at Sat Mar 02 00:14:44 UTC 2019
2 ms. Memory: 1064960K Free: 1038549K (98%)
ptolemy.util.test.WatchDog.cancel(): canceling Sat Mar 02 00:14:44 UTC 2019
auto.tcl: Setting watchdog for 200 seconds at Sat Mar 02 00:14:44 UTC 2019
2 ms. Memory: 1064960K Free: 1038549K (98%)
ptolemy.util.test.WatchDog.cancel(): canceling Sat Mar 02 00:14:44 UTC 2019
------------------ testing $PTII/ptolemy/domains/de/test/auto/ResettableTimer2.xml
auto.tcl: Setting watchdog for 200 seconds at Sat Mar 02 00:14:44 UTC 2019
3 ms. Memory: 1064960K Free: 1039746K (98%)
ptolemy.util.test.WatchDog.cancel(): canceling Sat Mar 02 00:14:44 UTC 2019
auto.tcl: Setting watchdog for 200 seconds at Sat Mar 02 00:14:44 UTC 2019
2 ms. Memory: 1064960K Free: 1039746K (98%)
ptolemy.util.test.WatchDog.cancel(): canceling Sat Mar 02 00:14:44 UTC 2019
------------------ testing $PTII/ptolemy/domains/de/test/auto/ResettableTimer3.xml
auto.tcl: Setting watchdog for 200 seconds at Sat Mar 02 00:14:44 UTC 2019
3 ms. Memory: 1064960K Free: 1038606K (98%)
ptolemy.util.test.WatchDog.cancel(): canceling Sat Mar 02 00:14:44 UTC 2019
auto.tcl: Setting watchdog for 200 seconds at Sat Mar 02 00:14:44 UTC 2019
1 ms. Memory: 1064960K Free: 1038606K (98%)
ptolemy.util.test.WatchDog.cancel(): canceling Sat Mar 02 00:14:44 UTC 2019
------------------ testing $PTII/ptolemy/domains/de/test/auto/ResettableTimer4.xml
auto.tcl: Setting watchdog for 200 seconds at Sat Mar 02 00:14:44 UTC 2019
2 ms. Memory: 1063936K Free: 1038735K (98%)
ptolemy.util.test.WatchDog.cancel(): canceling Sat Mar 02 00:14:44 UTC 2019
auto.tcl: Setting watchdog for 200 seconds at Sat Mar 02 00:14:44 UTC 2019
1 ms. Memory: 1063936K Free: 1038735K (98%)
ptolemy.util.test.WatchDog.cancel(): canceling Sat Mar 02 00:14:44 UTC 2019
------------------ testing $PTII/ptolemy/domains/de/test/auto/ResettableTimer5.xml
auto.tcl: Setting watchdog for 200 seconds at Sat Mar 02 00:14:44 UTC 2019
5 ms. Memory: 1064448K Free: 1029425K (97%)
ptolemy.util.test.WatchDog.cancel(): canceling Sat Mar 02 00:14:44 UTC 2019
auto.tcl: Setting watchdog for 200 seconds at Sat Mar 02 00:14:44 UTC 2019
2 ms. Memory: 1064448K Free: 1029425K (97%)
ptolemy.util.test.WatchDog.cancel(): canceling Sat Mar 02 00:14:44 UTC 2019
------------------ testing $PTII/ptolemy/domains/de/test/auto/ResettableTimer6.xml
auto.tcl: Setting watchdog for 200 seconds at Sat Mar 02 00:14:44 UTC 2019
4 ms. Memory: 1064448K Free: 1028235K (97%)
ptolemy.util.test.WatchDog.cancel(): canceling Sat Mar 02 00:14:44 UTC 2019
auto.tcl: Setting watchdog for 200 seconds at Sat Mar 02 00:14:44 UTC 2019
1 ms. Memory: 1064448K Free: 1028235K (97%)
ptolemy.util.test.WatchDog.cancel(): canceling Sat Mar 02 00:14:44 UTC 2019
------------------ testing $PTII/ptolemy/domains/de/test/auto/ServerZeroDelay.xml
auto.tcl: Setting watchdog for 200 seconds at Sat Mar 02 00:14:44 UTC 2019
2 ms. Memory: 1064448K Free: 1039184K (98%)
ptolemy.util.test.WatchDog.cancel(): canceling Sat Mar 02 00:14:44 UTC 2019
auto.tcl: Setting watchdog for 200 seconds at Sat Mar 02 00:14:44 UTC 2019
2 ms. Memory: 1064448K Free: 1039184K (98%)
ptolemy.util.test.WatchDog.cancel(): canceling Sat Mar 02 00:14:44 UTC 2019
------------------ testing $PTII/ptolemy/domains/de/test/auto/SmartSender.xml
auto.tcl: Setting watchdog for 200 seconds at Sat Mar 02 00:14:44 UTC 2019
3002 ms. Memory: 1064448K Free: 1028220K (97%)
ptolemy.util.test.WatchDog.cancel(): canceling Sat Mar 02 00:14:47 UTC 2019
auto.tcl: Setting watchdog for 200 seconds at Sat Mar 02 00:14:47 UTC 2019
3001 ms. Memory: 1064448K Free: 1028220K (97%)
ptolemy.util.test.WatchDog.cancel(): canceling Sat Mar 02 00:14:50 UTC 2019
------------------ testing $PTII/ptolemy/domains/de/test/auto/ThreadedComposite.xml
auto.tcl: Setting watchdog for 200 seconds at Sat Mar 02 00:14:50 UTC 2019
187 ms. Memory: 1064448K Free: 1017289K (96%)
ptolemy.util.test.WatchDog.cancel(): canceling Sat Mar 02 00:14:50 UTC 2019
auto.tcl: Setting watchdog for 200 seconds at Sat Mar 02 00:14:50 UTC 2019
148 ms. Memory: 1064448K Free: 987828K (93%)
ptolemy.util.test.WatchDog.cancel(): canceling Sat Mar 02 00:14:50 UTC 2019
------------------ testing $PTII/ptolemy/domains/de/test/auto/Time.xml
auto.tcl: Setting watchdog for 200 seconds at Sat Mar 02 00:14:50 UTC 2019
535 ms. Memory: 1064448K Free: 988664K (93%)
ptolemy.util.test.WatchDog.cancel(): canceling Sat Mar 02 00:14:51 UTC 2019
auto.tcl: Setting watchdog for 200 seconds at Sat Mar 02 00:14:51 UTC 2019
462 ms. Memory: 1064448K Free: 934020K (88%)
ptolemy.util.test.WatchDog.cancel(): canceling Sat Mar 02 00:14:51 UTC 2019
------------------ testing $PTII/ptolemy/domains/de/test/auto/TimeDelayZeroDelay.xml
auto.tcl: Setting watchdog for 200 seconds at Sat Mar 02 00:14:52 UTC 2019
2 ms. Memory: 1064448K Free: 1037962K (98%)
ptolemy.util.test.WatchDog.cancel(): canceling Sat Mar 02 00:14:52 UTC 2019
auto.tcl: Setting watchdog for 200 seconds at Sat Mar 02 00:14:52 UTC 2019
1 ms. Memory: 1064448K Free: 1037962K (98%)
ptolemy.util.test.WatchDog.cancel(): canceling Sat Mar 02 00:14:52 UTC 2019
------------------ testing $PTII/ptolemy/domains/de/test/auto/TimerZeroDelay.xml
auto.tcl: Setting watchdog for 200 seconds at Sat Mar 02 00:14:52 UTC 2019
2 ms. Memory: 1063424K Free: 1038121K (98%)
ptolemy.util.test.WatchDog.cancel(): canceling Sat Mar 02 00:14:52 UTC 2019
auto.tcl: Setting watchdog for 200 seconds at Sat Mar 02 00:14:52 UTC 2019
2 ms. Memory: 1063424K Free: 1038121K (98%)
ptolemy.util.test.WatchDog.cancel(): canceling Sat Mar 02 00:14:52 UTC 2019
------------------ testing $PTII/ptolemy/domains/de/test/auto/TimingParadox.xml
auto.tcl: Setting watchdog for 200 seconds at Sat Mar 02 00:14:52 UTC 2019
312 ms. Memory: 1063936K Free: 975231K (92%)
ptolemy.util.test.WatchDog.cancel(): canceling Sat Mar 02 00:14:52 UTC 2019
auto.tcl: Setting watchdog for 200 seconds at Sat Mar 02 00:14:52 UTC 2019
315 ms. Memory: 1063936K Free: 942445K (89%)
ptolemy.util.test.WatchDog.cancel(): canceling Sat Mar 02 00:14:52 UTC 2019
------------------ testing $PTII/ptolemy/domains/de/test/auto/TransferInputs.xml
auto.tcl: Setting watchdog for 200 seconds at Sat Mar 02 00:14:52 UTC 2019
1 ms. Memory: 1063424K Free: 1037094K (98%)
ptolemy.util.test.WatchDog.cancel(): canceling Sat Mar 02 00:14:52 UTC 2019
auto.tcl: Setting watchdog for 200 seconds at Sat Mar 02 00:14:52 UTC 2019
1 ms. Memory: 1063424K Free: 1037094K (98%)
ptolemy.util.test.WatchDog.cancel(): canceling Sat Mar 02 00:14:52 UTC 2019
------------------ testing $PTII/ptolemy/domains/de/test/auto/TransferOutputs2.xml
auto.tcl: Setting watchdog for 200 seconds at Sat Mar 02 00:14:53 UTC 2019
3 ms. Memory: 1063936K Free: 1038708K (98%)
ptolemy.util.test.WatchDog.cancel(): canceling Sat Mar 02 00:14:53 UTC 2019
auto.tcl: Setting watchdog for 200 seconds at Sat Mar 02 00:14:53 UTC 2019
3 ms. Memory: 1063936K Free: 1038708K (98%)
ptolemy.util.test.WatchDog.cancel(): canceling Sat Mar 02 00:14:53 UTC 2019
------------------ testing $PTII/ptolemy/domains/de/test/auto/Trilateration.xml
auto.tcl: Setting watchdog for 200 seconds at Sat Mar 02 00:14:53 UTC 2019
13593 ms. Memory: 933376K Free: 760644K (81%)
ptolemy.util.test.WatchDog.cancel(): canceling Sat Mar 02 00:15:07 UTC 2019
auto.tcl: Setting watchdog for 200 seconds at Sat Mar 02 00:15:07 UTC 2019
10678 ms. Memory: 812544K Free: 417764K (51%)
ptolemy.util.test.WatchDog.cancel(): canceling Sat Mar 02 00:15:18 UTC 2019
------------------ testing $PTII/ptolemy/domains/de/test/auto/TwoSigmaDelta.xml
auto.tcl: Setting watchdog for 200 seconds at Sat Mar 02 00:15:18 UTC 2019
2675 ms. Memory: 816640K Free: 510990K (63%)
ptolemy.util.test.WatchDog.cancel(): canceling Sat Mar 02 00:15:21 UTC 2019
auto.tcl: Setting watchdog for 200 seconds at Sat Mar 02 00:15:21 UTC 2019
1984 ms. Memory: 816640K Free: 279433K (34%)
ptolemy.util.test.WatchDog.cancel(): canceling Sat Mar 02 00:15:23 UTC 2019
------------------ testing $PTII/ptolemy/domains/de/test/auto/VariableDelay.xml
auto.tcl: Setting watchdog for 200 seconds at Sat Mar 02 00:15:23 UTC 2019
2 ms. Memory: 813056K Free: 789833K (97%)
ptolemy.util.test.WatchDog.cancel(): canceling Sat Mar 02 00:15:23 UTC 2019
auto.tcl: Setting watchdog for 200 seconds at Sat Mar 02 00:15:23 UTC 2019
2 ms. Memory: 813056K Free: 789833K (97%)
ptolemy.util.test.WatchDog.cancel(): canceling Sat Mar 02 00:15:23 UTC 2019
------------------ testing $PTII/ptolemy/domains/de/test/auto/VariableDelay2.xml
auto.tcl: Setting watchdog for 200 seconds at Sat Mar 02 00:15:23 UTC 2019
3 ms. Memory: 812544K Free: 789833K (97%)
ptolemy.util.test.WatchDog.cancel(): canceling Sat Mar 02 00:15:23 UTC 2019
auto.tcl: Setting watchdog for 200 seconds at Sat Mar 02 00:15:23 UTC 2019
1 ms. Memory: 812544K Free: 789833K (97%)
ptolemy.util.test.WatchDog.cancel(): canceling Sat Mar 02 00:15:23 UTC 2019
------------------ testing $PTII/ptolemy/domains/de/test/auto/VariableDelayZeroDelay.xml
auto.tcl: Setting watchdog for 200 seconds at Sat Mar 02 00:15:23 UTC 2019
2 ms. Memory: 812544K Free: 789832K (97%)
ptolemy.util.test.WatchDog.cancel(): canceling Sat Mar 02 00:15:23 UTC 2019
auto.tcl: Setting watchdog for 200 seconds at Sat Mar 02 00:15:23 UTC 2019
1 ms. Memory: 812544K Free: 789832K (97%)
ptolemy.util.test.WatchDog.cancel(): canceling Sat Mar 02 00:15:23 UTC 2019
------------------ testing $PTII/ptolemy/domains/de/test/auto/VariableDelayZeroDelay2.xml
auto.tcl: Setting watchdog for 200 seconds at Sat Mar 02 00:15:23 UTC 2019
2 ms. Memory: 816128K Free: 786102K (96%)
ptolemy.util.test.WatchDog.cancel(): canceling Sat Mar 02 00:15:23 UTC 2019
auto.tcl: Setting watchdog for 200 seconds at Sat Mar 02 00:15:23 UTC 2019
3 ms. Memory: 816128K Free: 786102K (96%)
ptolemy.util.test.WatchDog.cancel(): canceling Sat Mar 02 00:15:23 UTC 2019
------------------ testing $PTII/ptolemy/domains/de/test/auto/deInCt.xml
auto.tcl: Setting watchdog for 200 seconds at Sat Mar 02 00:15:23 UTC 2019
0
1
1
1
0
0
0
1
1
1
1
0
0
0
1
1
1
0
0
0
1
1
1
0
0
1
1
1
1
1
0
0
0
1
1
0
0
0
1
1
1
1
0
0
0
1
1
1
0
0
0
0
31 ms. Memory: 812544K Free: 782417K (96%)
ptolemy.util.test.WatchDog.cancel(): canceling Sat Mar 02 00:15:23 UTC 2019
auto.tcl: Setting watchdog for 200 seconds at Sat Mar 02 00:15:23 UTC 2019
0
1
1
1
1
0
0
0
0
1
1
1
0
0
0
0
0
1
1
1
0
0
0
0
1
1
1
0
0
0
0
1
1
1
1
1
9 ms. Memory: 812544K Free: 782417K (96%)
ptolemy.util.test.WatchDog.cancel(): canceling Sat Mar 02 00:15:23 UTC 2019
------------------ testing $PTII/ptolemy/domains/de/test/auto/deInCt2.xml
auto.tcl: Setting watchdog for 200 seconds at Sat Mar 02 00:15:23 UTC 2019
0
1
1
1
0
0
1
1
1
0
0
1
1
1
0
0
1
1
1
0
0
1
1
1
0
0
1
1
1
0
0
1
1
1
0
0
1
1
1
0
0
0
7 ms. Memory: 815616K Free: 785488K (96%)
ptolemy.util.test.WatchDog.cancel(): canceling Sat Mar 02 00:15:23 UTC 2019
auto.tcl: Setting watchdog for 200 seconds at Sat Mar 02 00:15:23 UTC 2019
0
1
1
1
0
0
1
1
1
0
0
1
1
1
0
0
1
1
1
0
0
1
1
1
0
0
1
1
1
0
0
1
1
1
0
0
1
1
1
0
0
0
4 ms. Memory: 815616K Free: 785488K (96%)
ptolemy.util.test.WatchDog.cancel(): canceling Sat Mar 02 00:15:23 UTC 2019
------------------ testing $PTII/ptolemy/domains/de/test/auto/dynamicCausalityInterface1.xml
auto.tcl: Setting watchdog for 200 seconds at Sat Mar 02 00:15:23 UTC 2019
2 ms. Memory: 812544K Free: 789821K (97%)
ptolemy.util.test.WatchDog.cancel(): canceling Sat Mar 02 00:15:23 UTC 2019
auto.tcl: Setting watchdog for 200 seconds at Sat Mar 02 00:15:23 UTC 2019
0 ms. Memory: 812544K Free: 789821K (97%)
ptolemy.util.test.WatchDog.cancel(): canceling Sat Mar 02 00:15:23 UTC 2019
------------------ testing $PTII/ptolemy/domains/de/test/auto/fsm_de_test.xml
auto.tcl: Setting watchdog for 200 seconds at Sat Mar 02 00:15:23 UTC 2019
9 ms. Memory: 815104K Free: 784965K (96%)
ptolemy.util.test.WatchDog.cancel(): canceling Sat Mar 02 00:15:23 UTC 2019
auto.tcl: Setting watchdog for 200 seconds at Sat Mar 02 00:15:23 UTC 2019
5 ms. Memory: 815104K Free: 784965K (96%)
ptolemy.util.test.WatchDog.cancel(): canceling Sat Mar 02 00:15:23 UTC 2019
------------------ testing $PTII/ptolemy/domains/de/test/auto/functionDependencyReconstruction.xml
auto.tcl: Setting watchdog for 200 seconds at Sat Mar 02 00:15:23 UTC 2019
2 ms. Memory: 812544K Free: 771623K (95%)
ptolemy.util.test.WatchDog.cancel(): canceling Sat Mar 02 00:15:23 UTC 2019
auto.tcl: Setting watchdog for 200 seconds at Sat Mar 02 00:15:23 UTC 2019
3 ms. Memory: 812544K Free: 771623K (95%)
ptolemy.util.test.WatchDog.cancel(): canceling Sat Mar 02 00:15:23 UTC 2019
------------------ testing $PTII/ptolemy/domains/de/test/auto/multirate.xml
auto.tcl: Setting watchdog for 200 seconds at Sat Mar 02 00:15:23 UTC 2019
3 ms. Memory: 814592K Free: 784319K (96%)
ptolemy.util.test.WatchDog.cancel(): canceling Sat Mar 02 00:15:23 UTC 2019
auto.tcl: Setting watchdog for 200 seconds at Sat Mar 02 00:15:23 UTC 2019
2 ms. Memory: 814592K Free: 784319K (96%)
ptolemy.util.test.WatchDog.cancel(): canceling Sat Mar 02 00:15:23 UTC 2019
------------------ testing $PTII/ptolemy/domains/de/test/auto/multirate2.xml
auto.tcl: Setting watchdog for 200 seconds at Sat Mar 02 00:15:23 UTC 2019
7 ms. Memory: 812544K Free: 782459K (96%)
ptolemy.util.test.WatchDog.cancel(): canceling Sat Mar 02 00:15:23 UTC 2019
auto.tcl: Setting watchdog for 200 seconds at Sat Mar 02 00:15:23 UTC 2019
3 ms. Memory: 812544K Free: 782459K (96%)
ptolemy.util.test.WatchDog.cancel(): canceling Sat Mar 02 00:15:23 UTC 2019
------------------ testing $PTII/ptolemy/domains/de/test/auto/realtime.xml
auto.tcl: Setting watchdog for 200 seconds at Sat Mar 02 00:15:23 UTC 2019
10002 ms. Memory: 814592K Free: 784407K (96%)
ptolemy.util.test.WatchDog.cancel(): canceling Sat Mar 02 00:15:33 UTC 2019
auto.tcl: Setting watchdog for 200 seconds at Sat Mar 02 00:15:33 UTC 2019
10001 ms. Memory: 814592K Free: 784407K (96%)
ptolemy.util.test.WatchDog.cancel(): canceling Sat Mar 02 00:15:43 UTC 2019
------------------ testing $PTII/ptolemy/domains/de/test/auto/relationGroup.xml
auto.tcl: Setting watchdog for 200 seconds at Sat Mar 02 00:15:43 UTC 2019
2 ms. Memory: 812544K Free: 782483K (96%)
ptolemy.util.test.WatchDog.cancel(): canceling Sat Mar 02 00:15:43 UTC 2019
auto.tcl: Setting watchdog for 200 seconds at Sat Mar 02 00:15:43 UTC 2019
1 ms. Memory: 812544K Free: 782483K (96%)
ptolemy.util.test.WatchDog.cancel(): canceling Sat Mar 02 00:15:43 UTC 2019
------------------ testing $PTII/ptolemy/domains/de/test/auto/relationGroup2.xml
auto.tcl: Setting watchdog for 200 seconds at Sat Mar 02 00:15:43 UTC 2019
1 ms. Memory: 814080K Free: 784046K (96%)
ptolemy.util.test.WatchDog.cancel(): canceling Sat Mar 02 00:15:43 UTC 2019
auto.tcl: Setting watchdog for 200 seconds at Sat Mar 02 00:15:43 UTC 2019
1 ms. Memory: 814080K Free: 784046K (96%)
ptolemy.util.test.WatchDog.cancel(): canceling Sat Mar 02 00:15:43 UTC 2019
------------------ testing $PTII/ptolemy/domains/de/test/auto/sortWithOpaquePorts.xml
auto.tcl: Setting watchdog for 200 seconds at Sat Mar 02 00:15:44 UTC 2019
1 ms. Memory: 812544K Free: 782412K (96%)
ptolemy.util.test.WatchDog.cancel(): canceling Sat Mar 02 00:15:44 UTC 2019
auto.tcl: Setting watchdog for 200 seconds at Sat Mar 02 00:15:44 UTC 2019
2 ms. Memory: 812544K Free: 782412K (96%)
ptolemy.util.test.WatchDog.cancel(): canceling Sat Mar 02 00:15:44 UTC 2019
------------------ testing $PTII/ptolemy/domains/de/test/auto/transferInputsandOutputs.xml
auto.tcl: Setting watchdog for 200 seconds at Sat Mar 02 00:15:44 UTC 2019
2 ms. Memory: 814080K Free: 784032K (96%)
ptolemy.util.test.WatchDog.cancel(): canceling Sat Mar 02 00:15:44 UTC 2019
auto.tcl: Setting watchdog for 200 seconds at Sat Mar 02 00:15:44 UTC 2019
2 ms. Memory: 814080K Free: 784032K (96%)
ptolemy.util.test.WatchDog.cancel(): canceling Sat Mar 02 00:15:44 UTC 2019
------------------ testing $PTII/ptolemy/domains/de/test/auto/triggerType.xml
auto.tcl: Setting watchdog for 200 seconds at Sat Mar 02 00:15:44 UTC 2019
1 ms. Memory: 812544K Free: 782446K (96%)
ptolemy.util.test.WatchDog.cancel(): canceling Sat Mar 02 00:15:44 UTC 2019
auto.tcl: Setting watchdog for 200 seconds at Sat Mar 02 00:15:44 UTC 2019
1 ms. Memory: 812544K Free: 782446K (96%)
ptolemy.util.test.WatchDog.cancel(): canceling Sat Mar 02 00:15:44 UTC 2019
03/02/19 12:15:44
Failed: 0  Total Tests: 192  ((Passed: 187, Newly Passed: 1)  Known Failed: 5) /home/travis/build/icyphy/ptII/ptolemy/domains/de/test
03/02/19 12:15:44
Failed: 0  Total Tests: 192  ((Passed: 187, Newly Passed: 1)  Known Failed: 5) /home/travis/build/icyphy/ptII/ptolemy/domains/de/test
----------------- testing (KnownFailure) /home/travis/build/icyphy/ptII/ptolemy/domains/de/test/auto/knownFailedTests/DESDFClockTest.xml
2014 ms. Memory: 813568K Free: 768802K (94%)
Known Failure: java.lang.reflect.InvocationTargetException
----------------- testing (KnownFailure) /home/travis/build/icyphy/ptII/ptolemy/domains/de/test/auto/knownFailedTests/DirectFeedback.xml
1 ms. Memory: 813568K Free: 710311K (87%)
Known Failure: java.lang.reflect.InvocationTargetException
----------------- testing (KnownFailure) /home/travis/build/icyphy/ptII/ptolemy/domains/de/test/auto/knownFailedTests/FSMSource.xml
19 ms. Memory: 813568K Free: 651820K (80%)
----------------- testing (KnownFailure) /home/travis/build/icyphy/ptII/ptolemy/domains/de/test/auto/knownFailedTests/HierarchicalModel.xml
3 ms. Memory: 813568K Free: 607936K (75%)
Known Failure: java.lang.reflect.InvocationTargetException
----------------- testing (KnownFailure) /home/travis/build/icyphy/ptII/ptolemy/domains/de/test/auto/knownFailedTests/dependencyLoop.xml
2 ms. Memory: 813568K Free: 549445K (68%)
Known Failure: java.lang.reflect.InvocationTargetException
----------------- testing (KnownFailure) /home/travis/build/icyphy/ptII/ptolemy/domains/de/test/auto/knownFailedTests/dependencyLoop2.xml
5 ms. Memory: 813568K Free: 490954K (60%)
Known Failure: java.lang.reflect.InvocationTargetException
No auto/linux-amd64/*.xml tests in /home/travis/build/icyphy/ptII/ptolemy/domains/de/test
AutoTests.java: About to close Vertx.
AutoTests.java: Vertx closed.

===========================================================================================
----------------- testing Sat Mar 02 00:15:46 UTC 2019 /home/travis/build/icyphy/ptII/ptolemy/domains/de/test/auto/ActorDepthCalculation_actorWithoutPorts.xml
----------------- Instantiating /home/travis/build/icyphy/ptII/ptolemy/domains/de/test/auto/ActorDepthCalculation_actorWithoutPorts.xml
2 ms. Memory: 813568K Free: 417840K (51%)
----------------- Invoking toplevel() on ptolemy.moml.MoMLSimpleApplication@50c2dd7b
----------------- Done invoking toplevel() on ptolemy.moml.MoMLSimpleApplication@50c2dd7b
reloadAllAccessors: .ActorDepthCalculation_actorWithoutPorts

===========================================================================================
----------------- testing Sat Mar 02 00:15:46 UTC 2019 /home/travis/build/icyphy/ptII/ptolemy/domains/de/test/auto/AssemblyLine.xml
----------------- Instantiating /home/travis/build/icyphy/ptII/ptolemy/domains/de/test/auto/AssemblyLine.xml
4 ms. Memory: 813568K Free: 388594K (48%)
----------------- Invoking toplevel() on ptolemy.moml.MoMLSimpleApplication@4001b0df
----------------- Done invoking toplevel() on ptolemy.moml.MoMLSimpleApplication@4001b0df
reloadAllAccessors: .AssemblyLine

===========================================================================================
----------------- testing Sat Mar 02 00:15:46 UTC 2019 /home/travis/build/icyphy/ptII/ptolemy/domains/de/test/auto/CQBug1.xml
----------------- Instantiating /home/travis/build/icyphy/ptII/ptolemy/domains/de/test/auto/CQBug1.xml
0 ms. Memory: 813568K Free: 359349K (44%)
----------------- Invoking toplevel() on ptolemy.moml.MoMLSimpleApplication@62b55fa6
----------------- Done invoking toplevel() on ptolemy.moml.MoMLSimpleApplication@62b55fa6
reloadAllAccessors: .CQBug1

===========================================================================================
----------------- testing Sat Mar 02 00:15:46 UTC 2019 /home/travis/build/icyphy/ptII/ptolemy/domains/de/test/auto/CancelFireAt.xml
----------------- Instantiating /home/travis/build/icyphy/ptII/ptolemy/domains/de/test/auto/CancelFireAt.xml
1 ms. Memory: 813568K Free: 330103K (41%)
----------------- Invoking toplevel() on ptolemy.moml.MoMLSimpleApplication@18c714d9
----------------- Done invoking toplevel() on ptolemy.moml.MoMLSimpleApplication@18c714d9
reloadAllAccessors: .CancelFireAt

===========================================================================================
----------------- testing Sat Mar 02 00:15:46 UTC 2019 /home/travis/build/icyphy/ptII/ptolemy/domains/de/test/auto/CausalityAndComposabilityAnalysis.xml
----------------- Instantiating /home/travis/build/icyphy/ptII/ptolemy/domains/de/test/auto/CausalityAndComposabilityAnalysis.xml
1 ms. Memory: 813568K Free: 300858K (37%)
----------------- Invoking toplevel() on ptolemy.moml.MoMLSimpleApplication@5ea9a037
----------------- Done invoking toplevel() on ptolemy.moml.MoMLSimpleApplication@5ea9a037
reloadAllAccessors: .CausalityAndComposabilityAnalysis

===========================================================================================
----------------- testing Sat Mar 02 00:15:46 UTC 2019 /home/travis/build/icyphy/ptII/ptolemy/domains/de/test/auto/CausalityInterface1.xml
----------------- Instantiating /home/travis/build/icyphy/ptII/ptolemy/domains/de/test/auto/CausalityInterface1.xml
5 ms. Memory: 813568K Free: 271612K (33%)
----------------- Invoking toplevel() on ptolemy.moml.MoMLSimpleApplication@41af9256
----------------- Done invoking toplevel() on ptolemy.moml.MoMLSimpleApplication@41af9256
reloadAllAccessors: .CausalityInterface1

===========================================================================================
----------------- testing Sat Mar 02 00:15:46 UTC 2019 /home/travis/build/icyphy/ptII/ptolemy/domains/de/test/auto/CausalityInterface15.xml
----------------- Instantiating /home/travis/build/icyphy/ptII/ptolemy/domains/de/test/auto/CausalityInterface15.xml
1 ms. Memory: 813568K Free: 242367K (30%)
----------------- Invoking toplevel() on ptolemy.moml.MoMLSimpleApplication@6c5dbab1
[...]
java.lang.RuntimeException: Execution failed
	at ptolemy.moml.MoMLSimpleApplication$UnloadThread.run(MoMLSimpleApplication.java:402)
Caused by: ptolemy.kernel.util.IllegalActionException: Test fails in iteration 1.
Value was: 1.0. Should have been: 2.0
  in .DirectFeedback.Test
	at ptolemy.actor.lib.Test.fire(Test.java:268)
	at ptolemy.domains.de.kernel.DEDirector._fire(DEDirector.java:1949)
	at ptolemy.domains.de.kernel.DEDirector.fire(DEDirector.java:502)
	at ptolemy.actor.CompositeActor.fire(CompositeActor.java:455)
	at ptolemy.actor.Manager.iterate(Manager.java:851)
	at ptolemy.actor.Manager.execute(Manager.java:369)
	at ptolemy.actor.Manager.run(Manager.java:1263)
	at ptolemy.actor.Manager$PtolemyRunThread.run(Manager.java:1915)
java.lang.RuntimeException: Execution failed
	at ptolemy.moml.MoMLSimpleApplication$UnloadThread.run(MoMLSimpleApplication.java:402)
Caused by: ptolemy.kernel.util.IllegalActionException: Actor is not ready to fire.  Perhaps UpSample.prefire() returned false? Try debugging the actor by selecting "Listen to Actor".  Also, for SDF check moml for tokenConsumptionRate on input.
  in .DESDFClockTest.Play Bell.Copy1:SDF Director and .DESDFClockTest.Play Bell.UpSample
	at ptolemy.actor.sched.StaticSchedulingDirector.fire(StaticSchedulingDirector.java:227)
	at ptolemy.domains.sdf.kernel.SDFDirector.fire(SDFDirector.java:500)
	at ptolemy.actor.CompositeActor.fire(CompositeActor.java:455)
	at ptolemy.domains.de.kernel.DEDirector._fire(DEDirector.java:1949)
	at ptolemy.domains.de.kernel.DEDirector.fire(DEDirector.java:502)
	at ptolemy.actor.CompositeActor.fire(CompositeActor.java:455)
	at ptolemy.actor.Manager.iterate(Manager.java:851)
	at ptolemy.actor.Manager.execute(Manager.java:369)
	at ptolemy.actor.Manager.run(Manager.java:1263)
	at ptolemy.actor.Manager$PtolemyRunThread.run(Manager.java:1915)
java.lang.reflect.InvocationTargetException
	at sun.reflect.NativeConstructorAccessorImpl.newInstance0(Native Method)
	at sun.reflect.NativeConstructorAccessorImpl.newInstance(NativeConstructorAccessorImpl.java:62)
	at sun.reflect.DelegatingConstructorAccessorImpl.newInstance(DelegatingConstructorAccessorImpl.java:45)
	at java.lang.reflect.Constructor.newInstance(Constructor.java:423)
	at ptolemy.util.test.junit.AutoKnownFailedTests.RunModel(AutoKnownFailedTests.java:105)
	at sun.reflect.NativeMethodAccessorImpl.invoke0(Native Method)
	at sun.reflect.NativeMethodAccessorImpl.invoke(NativeMethodAccessorImpl.java:62)
	at sun.reflect.DelegatingMethodAccessorImpl.invoke(DelegatingMethodAccessorImpl.java:43)
	at java.lang.reflect.Method.invoke(Method.java:498)
	at org.junit.runners.model.FrameworkMethod$1.runReflectiveCall(FrameworkMethod.java:44)
	at org.junit.internal.runners.model.ReflectiveCallable.run(ReflectiveCallable.java:15)
	at org.junit.runners.model.FrameworkMethod.invokeExplosively(FrameworkMethod.java:41)
	at junitparams.internal.InvokeParameterisedMethod.evaluate(InvokeParameterisedMethod.java:102)
	at org.junit.internal.runners.statements.FailOnTimeout$1.run(FailOnTimeout.java:28)
Caused by: ptolemy.kernel.util.IllegalActionException: Actor is not ready to fire.  Perhaps UpSample.prefire() returned false? Try debugging the actor by selecting "Listen to Actor".  Also, for SDF check moml for tokenConsumptionRate on input.
  in .DESDFClockTest.Play Bell.Copy1:SDF Director and .DESDFClockTest.Play Bell.UpSample
	at ptolemy.actor.sched.StaticSchedulingDirector.fire(StaticSchedulingDirector.java:227)
	at ptolemy.domains.sdf.kernel.SDFDirector.fire(SDFDirector.java:500)
	at ptolemy.actor.CompositeActor.fire(CompositeActor.java:455)
	at ptolemy.domains.de.kernel.DEDirector._fire(DEDirector.java:1949)
	at ptolemy.domains.de.kernel.DEDirector.fire(DEDirector.java:502)
	at ptolemy.actor.CompositeActor.fire(CompositeActor.java:455)
	at ptolemy.actor.Manager.iterate(Manager.java:851)
	at ptolemy.actor.Manager.execute(Manager.java:369)
	at ptolemy.actor.Manager.run(Manager.java:1263)
	at ptolemy.actor.Manager$PtolemyRunThread.run(Manager.java:1915)
java.lang.RuntimeException: Execution failed
	at ptolemy.moml.MoMLSimpleApplication$UnloadThread.run(MoMLSimpleApplication.java:402)
Caused by: ptolemy.kernel.util.IllegalActionException: Test fails in iteration 1.
Value was: 1.0. Should have been: 2.0
  in .DirectFeedback.Test
	at ptolemy.actor.lib.Test.fire(Test.java:268)
	at ptolemy.domains.de.kernel.DEDirector._fire(DEDirector.java:1949)
	at ptolemy.domains.de.kernel.DEDirector.fire(DEDirector.java:502)
	at ptolemy.actor.CompositeActor.fire(CompositeActor.java:455)
	at ptolemy.actor.Manager.iterate(Manager.java:851)
	at ptolemy.actor.Manager.execute(Manager.java:369)
	at ptolemy.actor.Manager.run(Manager.java:1263)
	at ptolemy.actor.Manager$PtolemyRunThread.run(Manager.java:1915)
java.lang.reflect.InvocationTargetException
	at sun.reflect.NativeConstructorAccessorImpl.newInstance0(Native Method)
	at sun.reflect.NativeConstructorAccessorImpl.newInstance(NativeConstructorAccessorImpl.java:62)
	at sun.reflect.DelegatingConstructorAccessorImpl.newInstance(DelegatingConstructorAccessorImpl.java:45)
	at java.lang.reflect.Constructor.newInstance(Constructor.java:423)
	at ptolemy.util.test.junit.AutoKnownFailedTests.RunModel(AutoKnownFailedTests.java:105)
	at sun.reflect.NativeMethodAccessorImpl.invoke0(Native Method)
	at sun.reflect.NativeMethodAccessorImpl.invoke(NativeMethodAccessorImpl.java:62)
	at sun.reflect.DelegatingMethodAccessorImpl.invoke(DelegatingMethodAccessorImpl.java:43)
	at java.lang.reflect.Method.invoke(Method.java:498)
	at org.junit.runners.model.FrameworkMethod$1.runReflectiveCall(FrameworkMethod.java:44)
	at org.junit.internal.runners.model.ReflectiveCallable.run(ReflectiveCallable.java:15)
	at org.junit.runners.model.FrameworkMethod.invokeExplosively(FrameworkMethod.java:41)
	at junitparams.internal.InvokeParameterisedMethod.evaluate(InvokeParameterisedMethod.java:102)
	at org.junit.internal.runners.statements.FailOnTimeout$1.run(FailOnTimeout.java:28)
Caused by: ptolemy.kernel.util.IllegalActionException: Test fails in iteration 1.
Value was: 1.0. Should have been: 2.0
  in .DirectFeedback.Test
	at ptolemy.actor.lib.Test.fire(Test.java:268)
	at ptolemy.domains.de.kernel.DEDirector._fire(DEDirector.java:1949)
	at ptolemy.domains.de.kernel.DEDirector.fire(DEDirector.java:502)
	at ptolemy.actor.CompositeActor.fire(CompositeActor.java:455)
	at ptolemy.actor.Manager.iterate(Manager.java:851)
	at ptolemy.actor.Manager.execute(Manager.java:369)
	at ptolemy.actor.Manager.run(Manager.java:1263)
	at ptolemy.actor.Manager$PtolemyRunThread.run(Manager.java:1915)
java.lang.RuntimeException: Execution failed
	at ptolemy.moml.MoMLSimpleApplication$UnloadThread.run(MoMLSimpleApplication.java:402)
Caused by: ptolemy.kernel.util.IllegalActionException: Found a zero delay loop containing .HierarchicalModel.A
  in .HierarchicalModel and .HierarchicalModel.A
	at ptolemy.actor.util.CausalityInterfaceForComposites._computeOutputPortDepth(CausalityInterfaceForComposites.java:759)
	at ptolemy.actor.util.CausalityInterfaceForComposites._computeInputDepth(CausalityInterfaceForComposites.java:696)
	at ptolemy.actor.util.CausalityInterfaceForComposites._computeOutputPortDepth(CausalityInterfaceForComposites.java:765)
	at ptolemy.actor.util.CausalityInterfaceForComposites._computeInputDepth(CausalityInterfaceForComposites.java:696)
	at ptolemy.actor.util.CausalityInterfaceForComposites._computeOutputPortDepth(CausalityInterfaceForComposites.java:765)
	at ptolemy.actor.util.CausalityInterfaceForComposites._computeInputDepth(CausalityInterfaceForComposites.java:696)
	at ptolemy.actor.util.CausalityInterfaceForComposites._computeActorDepth(CausalityInterfaceForComposites.java:532)
	at ptolemy.actor.util.CausalityInterfaceForComposites.checkForCycles(CausalityInterfaceForComposites.java:96)
	at ptolemy.domains.de.kernel.DEDirector.preinitialize(DEDirector.java:1338)
	at ptolemy.actor.CompositeActor.preinitialize(CompositeActor.java:1828)
	at ptolemy.actor.Manager.preinitializeAndResolveTypes(Manager.java:1040)
	at ptolemy.actor.Manager.initialize(Manager.java:710)
	at ptolemy.actor.Manager.execute(Manager.java:356)
	at ptolemy.actor.Manager.run(Manager.java:1263)
	at ptolemy.actor.Manager$PtolemyRunThread.run(Manager.java:1915)
java.lang.reflect.InvocationTargetException
	at sun.reflect.NativeConstructorAccessorImpl.newInstance0(Native Method)
	at sun.reflect.NativeConstructorAccessorImpl.newInstance(NativeConstructorAccessorImpl.java:62)
	at sun.reflect.DelegatingConstructorAccessorImpl.newInstance(DelegatingConstructorAccessorImpl.java:45)
	at java.lang.reflect.Constructor.newInstance(Constructor.java:423)
	at ptolemy.util.test.junit.AutoKnownFailedTests.RunModel(AutoKnownFailedTests.java:105)
	at sun.reflect.NativeMethodAccessorImpl.invoke0(Native Method)
	at sun.reflect.NativeMethodAccessorImpl.invoke(NativeMethodAccessorImpl.java:62)
	at sun.reflect.DelegatingMethodAccessorImpl.invoke(DelegatingMethodAccessorImpl.java:43)
	at java.lang.reflect.Method.invoke(Method.java:498)
	at org.junit.runners.model.FrameworkMethod$1.runReflectiveCall(FrameworkMethod.java:44)
	at org.junit.internal.runners.model.ReflectiveCallable.run(ReflectiveCallable.java:15)
	at org.junit.runners.model.FrameworkMethod.invokeExplosively(FrameworkMethod.java:41)
	at junitparams.internal.InvokeParameterisedMethod.evaluate(InvokeParameterisedMethod.java:102)
	at org.junit.internal.runners.statements.FailOnTimeout$1.run(FailOnTimeout.java:28)
Caused by: ptolemy.kernel.util.IllegalActionException: Found a zero delay loop containing .HierarchicalModel.A
  in .HierarchicalModel and .HierarchicalModel.A
	at ptolemy.actor.util.CausalityInterfaceForComposites._computeOutputPortDepth(CausalityInterfaceForComposites.java:759)
	at ptolemy.actor.util.CausalityInterfaceForComposites._computeInputDepth(CausalityInterfaceForComposites.java:696)
	at ptolemy.actor.util.CausalityInterfaceForComposites._computeOutputPortDepth(CausalityInterfaceForComposites.java:765)
	at ptolemy.actor.util.CausalityInterfaceForComposites._computeInputDepth(CausalityInterfaceForComposites.java:696)
	at ptolemy.actor.util.CausalityInterfaceForComposites._computeOutputPortDepth(CausalityInterfaceForComposites.java:765)
	at ptolemy.actor.util.CausalityInterfaceForComposites._computeInputDepth(CausalityInterfaceForComposites.java:696)
	at ptolemy.actor.util.CausalityInterfaceForComposites._computeActorDepth(CausalityInterfaceForComposites.java:532)
	at ptolemy.actor.util.CausalityInterfaceForComposites.checkForCycles(CausalityInterfaceForComposites.java:96)
	at ptolemy.domains.de.kernel.DEDirector.preinitialize(DEDirector.java:1338)
	at ptolemy.actor.CompositeActor.preinitialize(CompositeActor.java:1828)
	at ptolemy.actor.Manager.preinitializeAndResolveTypes(Manager.java:1040)
	at ptolemy.actor.Manager.initialize(Manager.java:710)
	at ptolemy.actor.Manager.execute(Manager.java:356)
	at ptolemy.actor.Manager.run(Manager.java:1263)
	at ptolemy.actor.Manager$PtolemyRunThread.run(Manager.java:1915)
java.lang.RuntimeException: Execution failed
	at ptolemy.moml.MoMLSimpleApplication$UnloadThread.run(MoMLSimpleApplication.java:402)
Caused by: ptolemy.kernel.util.IllegalActionException: Found a zero delay loop containing .dependencyLoop.original
  in .dependencyLoop and .dependencyLoop.original
	at ptolemy.actor.util.CausalityInterfaceForComposites._computeOutputPortDepth(CausalityInterfaceForComposites.java:759)
	at ptolemy.actor.util.CausalityInterfaceForComposites._computeInputDepth(CausalityInterfaceForComposites.java:696)
	at ptolemy.actor.util.CausalityInterfaceForComposites._computeOutputPortDepth(CausalityInterfaceForComposites.java:765)
	at ptolemy.actor.util.CausalityInterfaceForComposites._computeInputDepth(CausalityInterfaceForComposites.java:696)
	at ptolemy.actor.util.CausalityInterfaceForComposites._computeOutputPortDepth(CausalityInterfaceForComposites.java:765)
	at ptolemy.actor.util.CausalityInterfaceForComposites._computeInputDepth(CausalityInterfaceForComposites.java:696)
	at ptolemy.actor.util.CausalityInterfaceForComposites._computeActorDepth(CausalityInterfaceForComposites.java:532)
	at ptolemy.actor.util.CausalityInterfaceForComposites.checkForCycles(CausalityInterfaceForComposites.java:96)
	at ptolemy.domains.de.kernel.DEDirector.preinitialize(DEDirector.java:1338)
	at ptolemy.actor.CompositeActor.preinitialize(CompositeActor.java:1828)
	at ptolemy.actor.Manager.preinitializeAndResolveTypes(Manager.java:1040)
	at ptolemy.actor.Manager.initialize(Manager.java:710)
	at ptolemy.actor.Manager.execute(Manager.java:356)
	at ptolemy.actor.Manager.run(Manager.java:1263)
	at ptolemy.actor.Manager$PtolemyRunThread.run(Manager.java:1915)
java.lang.reflect.InvocationTargetException
	at sun.reflect.NativeConstructorAccessorImpl.newInstance0(Native Method)
	at sun.reflect.NativeConstructorAccessorImpl.newInstance(NativeConstructorAccessorImpl.java:62)
	at sun.reflect.DelegatingConstructorAccessorImpl.newInstance(DelegatingConstructorAccessorImpl.java:45)
	at java.lang.reflect.Constructor.newInstance(Constructor.java:423)
	at ptolemy.util.test.junit.AutoKnownFailedTests.RunModel(AutoKnownFailedTests.java:105)
	at sun.reflect.NativeMethodAccessorImpl.invoke0(Native Method)
	at sun.reflect.NativeMethodAccessorImpl.invoke(NativeMethodAccessorImpl.java:62)
	at sun.reflect.DelegatingMethodAccessorImpl.invoke(DelegatingMethodAccessorImpl.java:43)
	at java.lang.reflect.Method.invoke(Method.java:498)
	at org.junit.runners.model.FrameworkMethod$1.runReflectiveCall(FrameworkMethod.java:44)
	at org.junit.internal.runners.model.ReflectiveCallable.run(ReflectiveCallable.java:15)
	at org.junit.runners.model.FrameworkMethod.invokeExplosively(FrameworkMethod.java:41)
	at junitparams.internal.InvokeParameterisedMethod.evaluate(InvokeParameterisedMethod.java:102)
	at org.junit.internal.runners.statements.FailOnTimeout$1.run(FailOnTimeout.java:28)
Caused by: ptolemy.kernel.util.IllegalActionException: Found a zero delay loop containing .dependencyLoop.original
  in .dependencyLoop and .dependencyLoop.original
	at ptolemy.actor.util.CausalityInterfaceForComposites._computeOutputPortDepth(CausalityInterfaceForComposites.java:759)
	at ptolemy.actor.util.CausalityInterfaceForComposites._computeInputDepth(CausalityInterfaceForComposites.java:696)
	at ptolemy.actor.util.CausalityInterfaceForComposites._computeOutputPortDepth(CausalityInterfaceForComposites.java:765)
	at ptolemy.actor.util.CausalityInterfaceForComposites._computeInputDepth(CausalityInterfaceForComposites.java:696)
	at ptolemy.actor.util.CausalityInterfaceForComposites._computeOutputPortDepth(CausalityInterfaceForComposites.java:765)
	at ptolemy.actor.util.CausalityInterfaceForComposites._computeInputDepth(CausalityInterfaceForComposites.java:696)
	at ptolemy.actor.util.CausalityInterfaceForComposites._computeActorDepth(CausalityInterfaceForComposites.java:532)
	at ptolemy.actor.util.CausalityInterfaceForComposites.checkForCycles(CausalityInterfaceForComposites.java:96)
	at ptolemy.domains.de.kernel.DEDirector.preinitialize(DEDirector.java:1338)
	at ptolemy.actor.CompositeActor.preinitialize(CompositeActor.java:1828)
	at ptolemy.actor.Manager.preinitializeAndResolveTypes(Manager.java:1040)
	at ptolemy.actor.Manager.initialize(Manager.java:710)
	at ptolemy.actor.Manager.execute(Manager.java:356)
	at ptolemy.actor.Manager.run(Manager.java:1263)
	at ptolemy.actor.Manager$PtolemyRunThread.run(Manager.java:1915)
java.lang.RuntimeException: Execution failed
	at ptolemy.moml.MoMLSimpleApplication$UnloadThread.run(MoMLSimpleApplication.java:402)
Caused by: ptolemy.kernel.util.IllegalActionException: Found a zero delay loop containing .dependencyLoop2.original
  in .dependencyLoop2 and .dependencyLoop2.original
	at ptolemy.actor.util.CausalityInterfaceForComposites._computeOutputPortDepth(CausalityInterfaceForComposites.java:759)
	at ptolemy.actor.util.CausalityInterfaceForComposites._computeInputDepth(CausalityInterfaceForComposites.java:696)
	at ptolemy.actor.util.CausalityInterfaceForComposites._computeOutputPortDepth(CausalityInterfaceForComposites.java:765)
	at ptolemy.actor.util.CausalityInterfaceForComposites._computeInputDepth(CausalityInterfaceForComposites.java:696)
	at ptolemy.actor.util.CausalityInterfaceForComposites._computeOutputPortDepth(CausalityInterfaceForComposites.java:765)
	at ptolemy.actor.util.CausalityInterfaceForComposites._computeInputDepth(CausalityInterfaceForComposites.java:696)
	at ptolemy.actor.util.CausalityInterfaceForComposites._computeActorDepth(CausalityInterfaceForComposites.java:532)
	at ptolemy.actor.util.CausalityInterfaceForComposites.checkForCycles(CausalityInterfaceForComposites.java:96)
	at ptolemy.domains.de.kernel.DEDirector.preinitialize(DEDirector.java:1338)
	at ptolemy.actor.CompositeActor.preinitialize(CompositeActor.java:1828)
	at ptolemy.actor.Manager.preinitializeAndResolveTypes(Manager.java:1040)
	at ptolemy.actor.Manager.initialize(Manager.java:710)
	at ptolemy.actor.Manager.execute(Manager.java:356)
	at ptolemy.actor.Manager.run(Manager.java:1263)
	at ptolemy.actor.Manager$PtolemyRunThread.run(Manager.java:1915)
java.lang.reflect.InvocationTargetException
	at sun.reflect.NativeConstructorAccessorImpl.newInstance0(Native Method)
	at sun.reflect.NativeConstructorAccessorImpl.newInstance(NativeConstructorAccessorImpl.java:62)
	at sun.reflect.DelegatingConstructorAccessorImpl.newInstance(DelegatingConstructorAccessorImpl.java:45)
	at java.lang.reflect.Constructor.newInstance(Constructor.java:423)
	at ptolemy.util.test.junit.AutoKnownFailedTests.RunModel(AutoKnownFailedTests.java:105)
	at sun.reflect.NativeMethodAccessorImpl.invoke0(Native Method)
	at sun.reflect.NativeMethodAccessorImpl.invoke(NativeMethodAccessorImpl.java:62)
	at sun.reflect.DelegatingMethodAccessorImpl.invoke(DelegatingMethodAccessorImpl.java:43)
	at java.lang.reflect.Method.invoke(Method.java:498)
	at org.junit.runners.model.FrameworkMethod$1.runReflectiveCall(FrameworkMethod.java:44)
	at org.junit.internal.runners.model.ReflectiveCallable.run(ReflectiveCallable.java:15)
	at org.junit.runners.model.FrameworkMethod.invokeExplosively(FrameworkMethod.java:41)
	at junitparams.internal.InvokeParameterisedMethod.evaluate(InvokeParameterisedMethod.java:102)
	at org.junit.internal.runners.statements.FailOnTimeout$1.run(FailOnTimeout.java:28)
Caused by: ptolemy.kernel.util.IllegalActionException: Found a zero delay loop containing .dependencyLoop2.original
  in .dependencyLoop2 and .dependencyLoop2.original
	at ptolemy.actor.util.CausalityInterfaceForComposites._computeOutputPortDepth(CausalityInterfaceForComposites.java:759)
	at ptolemy.actor.util.CausalityInterfaceForComposites._computeInputDepth(CausalityInterfaceForComposites.java:696)
	at ptolemy.actor.util.CausalityInterfaceForComposites._computeOutputPortDepth(CausalityInterfaceForComposites.java:765)
	at ptolemy.actor.util.CausalityInterfaceForComposites._computeInputDepth(CausalityInterfaceForComposites.java:696)
	at ptolemy.actor.util.CausalityInterfaceForComposites._computeOutputPortDepth(CausalityInterfaceForComposites.java:765)
	at ptolemy.actor.util.CausalityInterfaceForComposites._computeInputDepth(CausalityInterfaceForComposites.java:696)
	at ptolemy.actor.util.CausalityInterfaceForComposites._computeActorDepth(CausalityInterfaceForComposites.java:532)
	at ptolemy.actor.util.CausalityInterfaceForComposites.checkForCycles(CausalityInterfaceForComposites.java:96)
	at ptolemy.domains.de.kernel.DEDirector.preinitialize(DEDirector.java:1338)
	at ptolemy.actor.CompositeActor.preinitialize(CompositeActor.java:1828)
	at ptolemy.actor.Manager.preinitializeAndResolveTypes(Manager.java:1040)
	at ptolemy.actor.Manager.initialize(Manager.java:710)
	at ptolemy.actor.Manager.execute(Manager.java:356)
	at ptolemy.actor.Manager.run(Manager.java:1263)
	at ptolemy.actor.Manager$PtolemyRunThread.run(Manager.java:1915)
]]></system-err>
</testsuite>
