<?xml version="1.0" encoding="UTF-8" ?>
<testsuite errors="0" failures="0" hostname="travis-job-98b0279c-f5a0-448e-abf1-dd5ec3543f52" name="ptolemy.domains.modal.test.junit.JUnitTclTest" skipped="0" tests="148" time="10.113" timestamp="2020-07-09T15:02:55">
  <properties>
[...]
</properties>
  <testcase classname="ptolemy.util.test.junit.TclTests" name="[0] /home/travis/build/icyphy/ptII/ptolemy/domains/modal/test/SystemLevelType.tcl (RunTclFile)" time="1.844" />
  <testcase classname="ptolemy.util.test.junit.AutoKnownFailedTests" name="[0] /home/travis/build/icyphy/ptII/ptolemy/domains/modal/test/auto/knownFailedTests/CannotAnalysisWithPreemption.xml (RunModel)" time="0.29" />
  <testcase classname="ptolemy.util.test.junit.AutoNameArchTests" name="[0] ThereAreNoAutoArchTests (RunModel)" time="0.001" />
  <testcase classname="ptolemy.util.test.junit.AutoTests" name="[0] /home/travis/build/icyphy/ptII/ptolemy/domains/modal/test/auto/ABPTest.xml (RunModel)" time="0.739" />
  <testcase classname="ptolemy.util.test.junit.AutoTests" name="[1] /home/travis/build/icyphy/ptII/ptolemy/domains/modal/test/auto/ABROFlat.xml (RunModel)" time="0.067" />
  <testcase classname="ptolemy.util.test.junit.AutoTests" name="[2] /home/travis/build/icyphy/ptII/ptolemy/domains/modal/test/auto/ABROFlat2.xml (RunModel)" time="0.069" />
  <testcase classname="ptolemy.util.test.junit.AutoTests" name="[3] /home/travis/build/icyphy/ptII/ptolemy/domains/modal/test/auto/ABRO_present_hmm.xml (RunModel)" time="0.091" />
  <testcase classname="ptolemy.util.test.junit.AutoTests" name="[4] /home/travis/build/icyphy/ptII/ptolemy/domains/modal/test/auto/AMICoderExample.xml (RunModel)" time="0.083" />
  <testcase classname="ptolemy.util.test.junit.AutoTests" name="[5] /home/travis/build/icyphy/ptII/ptolemy/domains/modal/test/auto/AbsentToPresent.xml (RunModel)" time="0.025" />
  <testcase classname="ptolemy.util.test.junit.AutoTests" name="[6] /home/travis/build/icyphy/ptII/ptolemy/domains/modal/test/auto/Blending.xml (RunModel)" time="0.202" />
  <testcase classname="ptolemy.util.test.junit.AutoTests" name="[7] /home/travis/build/icyphy/ptII/ptolemy/domains/modal/test/auto/Broadcast.xml (RunModel)" time="0.033" />
  <testcase classname="ptolemy.util.test.junit.AutoTests" name="[8] /home/travis/build/icyphy/ptII/ptolemy/domains/modal/test/auto/BroadcastHierarchy.xml (RunModel)" time="0.06" />
  <testcase classname="ptolemy.util.test.junit.AutoTests" name="[9] /home/travis/build/icyphy/ptII/ptolemy/domains/modal/test/auto/BroadcastHierarchy2.xml (RunModel)" time="0.135" />
  <testcase classname="ptolemy.util.test.junit.AutoTests" name="[10] /home/travis/build/icyphy/ptII/ptolemy/domains/modal/test/auto/BroadcastHierarchy3.xml (RunModel)" time="0.073" />
  <testcase classname="ptolemy.util.test.junit.AutoTests" name="[11] /home/travis/build/icyphy/ptII/ptolemy/domains/modal/test/auto/BroadcastHierarchy4.xml (RunModel)" time="0.076" />
  <testcase classname="ptolemy.util.test.junit.AutoTests" name="[12] /home/travis/build/icyphy/ptII/ptolemy/domains/modal/test/auto/CannotAnalysisWithPreemption2.xml (RunModel)" time="0.026" />
  <testcase classname="ptolemy.util.test.junit.AutoTests" name="[13] /home/travis/build/icyphy/ptII/ptolemy/domains/modal/test/auto/CannotAnalysisWithPreemption3.xml (RunModel)" time="0.036" />
  <testcase classname="ptolemy.util.test.junit.AutoTests" name="[14] /home/travis/build/icyphy/ptII/ptolemy/domains/modal/test/auto/CannotProduce.xml (RunModel)" time="0.03" />
  <testcase classname="ptolemy.util.test.junit.AutoTests" name="[15] /home/travis/build/icyphy/ptII/ptolemy/domains/modal/test/auto/CannotProduceModal.xml (RunModel)" time="0.026" />
  <testcase classname="ptolemy.util.test.junit.AutoTests" name="[16] /home/travis/build/icyphy/ptII/ptolemy/domains/modal/test/auto/Case.xml (RunModel)" time="0.091" />
  <testcase classname="ptolemy.util.test.junit.AutoTests" name="[17] /home/travis/build/icyphy/ptII/ptolemy/domains/modal/test/auto/Case1.xml (RunModel)" time="0.038" />
  <testcase classname="ptolemy.util.test.junit.AutoTests" name="[18] /home/travis/build/icyphy/ptII/ptolemy/domains/modal/test/auto/Case2.xml (RunModel)" time="0.067" />
  <testcase classname="ptolemy.util.test.junit.AutoTests" name="[19] /home/travis/build/icyphy/ptII/ptolemy/domains/modal/test/auto/CausalityInterface1.xml (RunModel)" time="0.038" />
  <testcase classname="ptolemy.util.test.junit.AutoTests" name="[20] /home/travis/build/icyphy/ptII/ptolemy/domains/modal/test/auto/CausalityInterface10.xml (RunModel)" time="0.069" />
  <testcase classname="ptolemy.util.test.junit.AutoTests" name="[21] /home/travis/build/icyphy/ptII/ptolemy/domains/modal/test/auto/CausalityInterface11.xml (RunModel)" time="0.055" />
  <testcase classname="ptolemy.util.test.junit.AutoTests" name="[22] /home/travis/build/icyphy/ptII/ptolemy/domains/modal/test/auto/CausalityInterface12.xml (RunModel)" time="0.052" />
  <testcase classname="ptolemy.util.test.junit.AutoTests" name="[23] /home/travis/build/icyphy/ptII/ptolemy/domains/modal/test/auto/CausalityInterface13.xml (RunModel)" time="0.061" />
  <testcase classname="ptolemy.util.test.junit.AutoTests" name="[24] /home/travis/build/icyphy/ptII/ptolemy/domains/modal/test/auto/CausalityInterface14.xml (RunModel)" time="0.047" />
  <testcase classname="ptolemy.util.test.junit.AutoTests" name="[25] /home/travis/build/icyphy/ptII/ptolemy/domains/modal/test/auto/CausalityInterface2.xml (RunModel)" time="0.029" />
  <testcase classname="ptolemy.util.test.junit.AutoTests" name="[26] /home/travis/build/icyphy/ptII/ptolemy/domains/modal/test/auto/CausalityInterface3.xml (RunModel)" time="0.024" />
  <testcase classname="ptolemy.util.test.junit.AutoTests" name="[27] /home/travis/build/icyphy/ptII/ptolemy/domains/modal/test/auto/CausalityInterface4.xml (RunModel)" time="0.02" />
  <testcase classname="ptolemy.util.test.junit.AutoTests" name="[28] /home/travis/build/icyphy/ptII/ptolemy/domains/modal/test/auto/CausalityInterface5.xml (RunModel)" time="0.046" />
  <testcase classname="ptolemy.util.test.junit.AutoTests" name="[29] /home/travis/build/icyphy/ptII/ptolemy/domains/modal/test/auto/CausalityInterface6.xml (RunModel)" time="0.031" />
  <testcase classname="ptolemy.util.test.junit.AutoTests" name="[30] /home/travis/build/icyphy/ptII/ptolemy/domains/modal/test/auto/CausalityInterface7.xml (RunModel)" time="0.036" />
  <testcase classname="ptolemy.util.test.junit.AutoTests" name="[31] /home/travis/build/icyphy/ptII/ptolemy/domains/modal/test/auto/CausalityInterface8.xml (RunModel)" time="0.029" />
  <testcase classname="ptolemy.util.test.junit.AutoTests" name="[32] /home/travis/build/icyphy/ptII/ptolemy/domains/modal/test/auto/CausalityInterface9.xml (RunModel)" time="0.037" />
  <testcase classname="ptolemy.util.test.junit.AutoTests" name="[33] /home/travis/build/icyphy/ptII/ptolemy/domains/modal/test/auto/ChainedTransitions.xml (RunModel)" time="0.152" />
  <testcase classname="ptolemy.util.test.junit.AutoTests" name="[34] /home/travis/build/icyphy/ptII/ptolemy/domains/modal/test/auto/CycleOfImmediateTransitionsFSM.xml (RunModel)" time="0.025" />
  <testcase classname="ptolemy.util.test.junit.AutoTests" name="[35] /home/travis/build/icyphy/ptII/ptolemy/domains/modal/test/auto/CycleOfImmediateTransitionsModal.xml (RunModel)" time="0.025" />
  <testcase classname="ptolemy.util.test.junit.AutoTests" name="[36] /home/travis/build/icyphy/ptII/ptolemy/domains/modal/test/auto/CycleOfImmediateTransitionsModal2.xml (RunModel)" time="0.033" />
  <testcase classname="ptolemy.util.test.junit.AutoTests" name="[37] /home/travis/build/icyphy/ptII/ptolemy/domains/modal/test/auto/CycleOfImmediateTransitionsModal3.xml (RunModel)" time="0.093" />
  <testcase classname="ptolemy.util.test.junit.AutoTests" name="[38] /home/travis/build/icyphy/ptII/ptolemy/domains/modal/test/auto/DeepModal1.xml (RunModel)" time="0.066" />
  <testcase classname="ptolemy.util.test.junit.AutoTests" name="[39] /home/travis/build/icyphy/ptII/ptolemy/domains/modal/test/auto/DeepModal2.xml (RunModel)" time="0.07" />
  <testcase classname="ptolemy.util.test.junit.AutoTests" name="[40] /home/travis/build/icyphy/ptII/ptolemy/domains/modal/test/auto/DeepModal3.xml (RunModel)" time="0.08" />
  <testcase classname="ptolemy.util.test.junit.AutoTests" name="[41] /home/travis/build/icyphy/ptII/ptolemy/domains/modal/test/auto/DeepModal4.xml (RunModel)" time="0.076" />
  <testcase classname="ptolemy.util.test.junit.AutoTests" name="[42] /home/travis/build/icyphy/ptII/ptolemy/domains/modal/test/auto/Default1.xml (RunModel)" time="0.018" />
  <testcase classname="ptolemy.util.test.junit.AutoTests" name="[43] /home/travis/build/icyphy/ptII/ptolemy/domains/modal/test/auto/Default2.xml (RunModel)" time="0.019" />
  <testcase classname="ptolemy.util.test.junit.AutoTests" name="[44] /home/travis/build/icyphy/ptII/ptolemy/domains/modal/test/auto/Default3.xml (RunModel)" time="0.024" />
  <testcase classname="ptolemy.util.test.junit.AutoTests" name="[45] /home/travis/build/icyphy/ptII/ptolemy/domains/modal/test/auto/Default4.xml (RunModel)" time="0.02" />
  <testcase classname="ptolemy.util.test.junit.AutoTests" name="[46] /home/travis/build/icyphy/ptII/ptolemy/domains/modal/test/auto/Default5.xml (RunModel)" time="0.024" />
  <testcase classname="ptolemy.util.test.junit.AutoTests" name="[47] /home/travis/build/icyphy/ptII/ptolemy/domains/modal/test/auto/EmptyGuard.xml (RunModel)" time="0.027" />
  <testcase classname="ptolemy.util.test.junit.AutoTests" name="[48] /home/travis/build/icyphy/ptII/ptolemy/domains/modal/test/auto/ErrorTransition1.xml (RunModel)" time="0.045" />
  <testcase classname="ptolemy.util.test.junit.AutoTests" name="[49] /home/travis/build/icyphy/ptII/ptolemy/domains/modal/test/auto/ErrorTransition10.xml (RunModel)" time="0.043" />
  <testcase classname="ptolemy.util.test.junit.AutoTests" name="[50] /home/travis/build/icyphy/ptII/ptolemy/domains/modal/test/auto/ErrorTransition11.xml (RunModel)" time="0.035" />
  <testcase classname="ptolemy.util.test.junit.AutoTests" name="[51] /home/travis/build/icyphy/ptII/ptolemy/domains/modal/test/auto/ErrorTransition2.xml (RunModel)" time="0.025" />
  <testcase classname="ptolemy.util.test.junit.AutoTests" name="[52] /home/travis/build/icyphy/ptII/ptolemy/domains/modal/test/auto/ErrorTransition3.xml (RunModel)" time="0.029" />
  <testcase classname="ptolemy.util.test.junit.AutoTests" name="[53] /home/travis/build/icyphy/ptII/ptolemy/domains/modal/test/auto/ErrorTransition4.xml (RunModel)" time="0.031" />
  <testcase classname="ptolemy.util.test.junit.AutoTests" name="[54] /home/travis/build/icyphy/ptII/ptolemy/domains/modal/test/auto/ErrorTransition5.xml (RunModel)" time="0.022" />
  <testcase classname="ptolemy.util.test.junit.AutoTests" name="[55] /home/travis/build/icyphy/ptII/ptolemy/domains/modal/test/auto/ErrorTransition6.xml (RunModel)" time="0.026" />
  <testcase classname="ptolemy.util.test.junit.AutoTests" name="[56] /home/travis/build/icyphy/ptII/ptolemy/domains/modal/test/auto/ErrorTransition7.xml (RunModel)" time="0.043" />
  <testcase classname="ptolemy.util.test.junit.AutoTests" name="[57] /home/travis/build/icyphy/ptII/ptolemy/domains/modal/test/auto/ErrorTransition8.xml (RunModel)" time="0.035" />
  <testcase classname="ptolemy.util.test.junit.AutoTests" name="[58] /home/travis/build/icyphy/ptII/ptolemy/domains/modal/test/auto/ErrorTransition9.xml (RunModel)" time="0.054" />
  <testcase classname="ptolemy.util.test.junit.AutoTests" name="[59] /home/travis/build/icyphy/ptII/ptolemy/domains/modal/test/auto/ExtendedFSM.xml (RunModel)" time="0.03" />
  <testcase classname="ptolemy.util.test.junit.AutoTests" name="[60] /home/travis/build/icyphy/ptII/ptolemy/domains/modal/test/auto/FinalStates.xml (RunModel)" time="0.025" />
  <testcase classname="ptolemy.util.test.junit.AutoTests" name="[61] /home/travis/build/icyphy/ptII/ptolemy/domains/modal/test/auto/FixedPointFSM.xml (RunModel)" time="0.055" />
  <testcase classname="ptolemy.util.test.junit.AutoTests" name="[62] /home/travis/build/icyphy/ptII/ptolemy/domains/modal/test/auto/FixedPointIterationFSMActor.xml (RunModel)" time="0.034" />
  <testcase classname="ptolemy.util.test.junit.AutoTests" name="[63] /home/travis/build/icyphy/ptII/ptolemy/domains/modal/test/auto/FixedPointIterationFSMActor2.xml (RunModel)" time="0.036" />
  <testcase classname="ptolemy.util.test.junit.AutoTests" name="[64] /home/travis/build/icyphy/ptII/ptolemy/domains/modal/test/auto/ForbiddenInstantanousLoop.xml (RunModel)" time="0.036" />
  <testcase classname="ptolemy.util.test.junit.AutoTests" name="[65] /home/travis/build/icyphy/ptII/ptolemy/domains/modal/test/auto/FunctionDependencyOfFSMActorTest.xml (RunModel)" time="0.028" />
  <testcase classname="ptolemy.util.test.junit.AutoTests" name="[66] /home/travis/build/icyphy/ptII/ptolemy/domains/modal/test/auto/GuardExpression.xml (RunModel)" time="0.014" />
  <testcase classname="ptolemy.util.test.junit.AutoTests" name="[67] /home/travis/build/icyphy/ptII/ptolemy/domains/modal/test/auto/GuardNotEvaluated.xml (RunModel)" time="0.026" />
  <testcase classname="ptolemy.util.test.junit.AutoTests" name="[68] /home/travis/build/icyphy/ptII/ptolemy/domains/modal/test/auto/GuardNotEvaluated2.xml (RunModel)" time="0.027" />
  <testcase classname="ptolemy.util.test.junit.AutoTests" name="[69] /home/travis/build/icyphy/ptII/ptolemy/domains/modal/test/auto/GuardOnAbsent.xml (RunModel)" time="0.025" />
  <testcase classname="ptolemy.util.test.junit.AutoTests" name="[70] /home/travis/build/icyphy/ptII/ptolemy/domains/modal/test/auto/HierarchicalFSMTypeInference.xml (RunModel)" time="0.029" />
  <testcase classname="ptolemy.util.test.junit.AutoTests" name="[71] /home/travis/build/icyphy/ptII/ptolemy/domains/modal/test/auto/Hysteresis.xml (RunModel)" time="0.046" />
  <testcase classname="ptolemy.util.test.junit.AutoTests" name="[72] /home/travis/build/icyphy/ptII/ptolemy/domains/modal/test/auto/HysteresisWithDefault.xml (RunModel)" time="0.098" />
  <testcase classname="ptolemy.util.test.junit.AutoTests" name="[73] /home/travis/build/icyphy/ptII/ptolemy/domains/modal/test/auto/HysteresisWithDefault2.xml (RunModel)" time="0.089" />
  <testcase classname="ptolemy.util.test.junit.AutoTests" name="[74] /home/travis/build/icyphy/ptII/ptolemy/domains/modal/test/auto/ImmediateNonConstructiveness.xml (RunModel)" time="0.02" />
  <testcase classname="ptolemy.util.test.junit.AutoTests" name="[75] /home/travis/build/icyphy/ptII/ptolemy/domains/modal/test/auto/ImmediateNonConstructiveness2.xml (RunModel)" time="0.017" />
  <testcase classname="ptolemy.util.test.junit.AutoTests" name="[76] /home/travis/build/icyphy/ptII/ptolemy/domains/modal/test/auto/ImmediateTransitionReset.xml (RunModel)" time="0.035" />
  <testcase classname="ptolemy.util.test.junit.AutoTests" name="[77] /home/travis/build/icyphy/ptII/ptolemy/domains/modal/test/auto/ImmediateTransitions1.xml (RunModel)" time="0.011" />
  <testcase classname="ptolemy.util.test.junit.AutoTests" name="[78] /home/travis/build/icyphy/ptII/ptolemy/domains/modal/test/auto/ImmediateTransitionsInstantaneousCommunication.xml (RunModel)" time="0.036" />
  <testcase classname="ptolemy.util.test.junit.AutoTests" name="[79] /home/travis/build/icyphy/ptII/ptolemy/domains/modal/test/auto/InitialImmediateTransition.xml (RunModel)" time="0.015" />
  <testcase classname="ptolemy.util.test.junit.AutoTests" name="[80] /home/travis/build/icyphy/ptII/ptolemy/domains/modal/test/auto/InitialOutputs.xml (RunModel)" time="0.013" />
  <testcase classname="ptolemy.util.test.junit.AutoTests" name="[81] /home/travis/build/icyphy/ptII/ptolemy/domains/modal/test/auto/InitialStateTransition1.xml (RunModel)" time="0.018" />
  <testcase classname="ptolemy.util.test.junit.AutoTests" name="[82] /home/travis/build/icyphy/ptII/ptolemy/domains/modal/test/auto/InitialStateTransition2.xml (RunModel)" time="0.023" />
  <testcase classname="ptolemy.util.test.junit.AutoTests" name="[83] /home/travis/build/icyphy/ptII/ptolemy/domains/modal/test/auto/InitialStateTransition3.xml (RunModel)" time="0.021" />
  <testcase classname="ptolemy.util.test.junit.AutoTests" name="[84] /home/travis/build/icyphy/ptII/ptolemy/domains/modal/test/auto/InitialStateTransition4.xml (RunModel)" time="0.022" />
  <testcase classname="ptolemy.util.test.junit.AutoTests" name="[85] /home/travis/build/icyphy/ptII/ptolemy/domains/modal/test/auto/MalformedGuardExpressionNotCaught.xml (RunModel)" time="0.022" />
  <testcase classname="ptolemy.util.test.junit.AutoTests" name="[86] /home/travis/build/icyphy/ptII/ptolemy/domains/modal/test/auto/ModalBSC.xml (RunModel)" time="0.083" />
  <testcase classname="ptolemy.util.test.junit.AutoTests" name="[87] /home/travis/build/icyphy/ptII/ptolemy/domains/modal/test/auto/ModalClocks.xml (RunModel)" time="0.079" />
  <testcase classname="ptolemy.util.test.junit.AutoTests" name="[88] /home/travis/build/icyphy/ptII/ptolemy/domains/modal/test/auto/ModalDelay.xml (RunModel)" time="0.041" />
  <testcase classname="ptolemy.util.test.junit.AutoTests" name="[89] /home/travis/build/icyphy/ptII/ptolemy/domains/modal/test/auto/ModalDelay2.xml (RunModel)" time="0.04" />
  <testcase classname="ptolemy.util.test.junit.AutoTests" name="[90] /home/travis/build/icyphy/ptII/ptolemy/domains/modal/test/auto/ModalModelFromMemo.xml (RunModel)" time="0.048" />
  <testcase classname="ptolemy.util.test.junit.AutoTests" name="[91] /home/travis/build/icyphy/ptII/ptolemy/domains/modal/test/auto/ModalModelWithMultirateTransient.xml (RunModel)" time="0.045" />
  <testcase classname="ptolemy.util.test.junit.AutoTests" name="[92] /home/travis/build/icyphy/ptII/ptolemy/domains/modal/test/auto/ModalModelWithReset.xml (RunModel)" time="0.047" />
  <testcase classname="ptolemy.util.test.junit.AutoTests" name="[93] /home/travis/build/icyphy/ptII/ptolemy/domains/modal/test/auto/MouseClickFSM.xml (RunModel)" time="0.048" />
  <testcase classname="ptolemy.util.test.junit.AutoTests" name="[94] /home/travis/build/icyphy/ptII/ptolemy/domains/modal/test/auto/MouseClickFSMModal.xml (RunModel)" time="0.03" />
  <testcase classname="ptolemy.util.test.junit.AutoTests" name="[95] /home/travis/build/icyphy/ptII/ptolemy/domains/modal/test/auto/NonStrictFSM_FeedbackLoop.xml (RunModel)" time="0.046" />
  <testcase classname="ptolemy.util.test.junit.AutoTests" name="[96] /home/travis/build/icyphy/ptII/ptolemy/domains/modal/test/auto/NonStrictFSM_FeedbackLoop_Refinement.xml (RunModel)" time="0.075" />
  <testcase classname="ptolemy.util.test.junit.AutoTests" name="[97] /home/travis/build/icyphy/ptII/ptolemy/domains/modal/test/auto/NonStrictFSM_FeedbackLoop_preemptive.xml (RunModel)" time="0.04" />
  <testcase classname="ptolemy.util.test.junit.AutoTests" name="[98] /home/travis/build/icyphy/ptII/ptolemy/domains/modal/test/auto/NormalTermination.xml (RunModel)" time="0.044" />
  <testcase classname="ptolemy.util.test.junit.AutoTests" name="[99] /home/travis/build/icyphy/ptII/ptolemy/domains/modal/test/auto/Pong.xml (RunModel)" time="0.078" />
  <testcase classname="ptolemy.util.test.junit.AutoTests" name="[100] /home/travis/build/icyphy/ptII/ptolemy/domains/modal/test/auto/Pong_test.xml (RunModel)" time="0.127" />
  <testcase classname="ptolemy.util.test.junit.AutoTests" name="[101] /home/travis/build/icyphy/ptII/ptolemy/domains/modal/test/auto/PreemptionHierarchy.xml (RunModel)" time="0.033" />
  <testcase classname="ptolemy.util.test.junit.AutoTests" name="[102] /home/travis/build/icyphy/ptII/ptolemy/domains/modal/test/auto/PreemptionHierarchy2.xml (RunModel)" time="0.031" />
  <testcase classname="ptolemy.util.test.junit.AutoTests" name="[103] /home/travis/build/icyphy/ptII/ptolemy/domains/modal/test/auto/PreemptiveTransition.xml (RunModel)" time="0.024" />
  <testcase classname="ptolemy.util.test.junit.AutoTests" name="[104] /home/travis/build/icyphy/ptII/ptolemy/domains/modal/test/auto/Priorities.xml (RunModel)" time="0.087" />
  <testcase classname="ptolemy.util.test.junit.AutoTests" name="[105] /home/travis/build/icyphy/ptII/ptolemy/domains/modal/test/auto/ResetFinal.xml (RunModel)" time="0.039" />
  <testcase classname="ptolemy.util.test.junit.AutoTests" name="[106] /home/travis/build/icyphy/ptII/ptolemy/domains/modal/test/auto/ResetFinal2.xml (RunModel)" time="0.026" />
  <testcase classname="ptolemy.util.test.junit.AutoTests" name="[107] /home/travis/build/icyphy/ptII/ptolemy/domains/modal/test/auto/ResetTransitionWithStartTime.xml (RunModel)" time="0.023" />
  <testcase classname="ptolemy.util.test.junit.AutoTests" name="[108] /home/travis/build/icyphy/ptII/ptolemy/domains/modal/test/auto/SDF-FSMComposite.xml (RunModel)" time="0.018" />
  <testcase classname="ptolemy.util.test.junit.AutoTests" name="[109] /home/travis/build/icyphy/ptII/ptolemy/domains/modal/test/auto/SeeminglyNondeterminate.xml (RunModel)" time="0.061" />
  <testcase classname="ptolemy.util.test.junit.AutoTests" name="[110] /home/travis/build/icyphy/ptII/ptolemy/domains/modal/test/auto/SeeminglyNondeterminate2.xml (RunModel)" time="0.076" />
  <testcase classname="ptolemy.util.test.junit.AutoTests" name="[111] /home/travis/build/icyphy/ptII/ptolemy/domains/modal/test/auto/SpontaneousFSM.xml (RunModel)" time="0.044" />
  <testcase classname="ptolemy.util.test.junit.AutoTests" name="[112] /home/travis/build/icyphy/ptII/ptolemy/domains/modal/test/auto/SpontaneousFSM2.xml (RunModel)" time="0.025" />
  <testcase classname="ptolemy.util.test.junit.AutoTests" name="[113] /home/travis/build/icyphy/ptII/ptolemy/domains/modal/test/auto/SpontaneousFSM3.xml (RunModel)" time="0.036" />
  <testcase classname="ptolemy.util.test.junit.AutoTests" name="[114] /home/travis/build/icyphy/ptII/ptolemy/domains/modal/test/auto/SpontaneousFSM4.xml (RunModel)" time="0.04" />
  <testcase classname="ptolemy.util.test.junit.AutoTests" name="[115] /home/travis/build/icyphy/ptII/ptolemy/domains/modal/test/auto/StateTrackerTest.xml (RunModel)" time="0.061" />
  <testcase classname="ptolemy.util.test.junit.AutoTests" name="[116] /home/travis/build/icyphy/ptII/ptolemy/domains/modal/test/auto/StrongImmediateTransition.xml (RunModel)" time="0.019" />
  <testcase classname="ptolemy.util.test.junit.AutoTests" name="[117] /home/travis/build/icyphy/ptII/ptolemy/domains/modal/test/auto/SustainHierarchy.xml (RunModel)" time="0.025" />
  <testcase classname="ptolemy.util.test.junit.AutoTests" name="[118] /home/travis/build/icyphy/ptII/ptolemy/domains/modal/test/auto/TerminationTransition1.xml (RunModel)" time="0.017" />
  <testcase classname="ptolemy.util.test.junit.AutoTests" name="[119] /home/travis/build/icyphy/ptII/ptolemy/domains/modal/test/auto/TerminationTransition2.xml (RunModel)" time="0.022" />
  <testcase classname="ptolemy.util.test.junit.AutoTests" name="[120] /home/travis/build/icyphy/ptII/ptolemy/domains/modal/test/auto/TerminationTransition3.xml (RunModel)" time="0.019" />
  <testcase classname="ptolemy.util.test.junit.AutoTests" name="[121] /home/travis/build/icyphy/ptII/ptolemy/domains/modal/test/auto/TerminationTransition4.xml (RunModel)" time="0.03" />
  <testcase classname="ptolemy.util.test.junit.AutoTests" name="[122] /home/travis/build/icyphy/ptII/ptolemy/domains/modal/test/auto/TerminationTransition5.xml (RunModel)" time="0.029" />
  <testcase classname="ptolemy.util.test.junit.AutoTests" name="[123] /home/travis/build/icyphy/ptII/ptolemy/domains/modal/test/auto/TerminationTransition6.xml (RunModel)" time="0.019" />
  <testcase classname="ptolemy.util.test.junit.AutoTests" name="[124] /home/travis/build/icyphy/ptII/ptolemy/domains/modal/test/auto/TerminationTransition7.xml (RunModel)" time="0.019" />
  <testcase classname="ptolemy.util.test.junit.AutoTests" name="[125] /home/travis/build/icyphy/ptII/ptolemy/domains/modal/test/auto/TerminationTransition8.xml (RunModel)" time="0.045" />
  <testcase classname="ptolemy.util.test.junit.AutoTests" name="[126] /home/travis/build/icyphy/ptII/ptolemy/domains/modal/test/auto/Thermostat_NoHysteresis.xml (RunModel)" time="0.051" />
  <testcase classname="ptolemy.util.test.junit.AutoTests" name="[127] /home/travis/build/icyphy/ptII/ptolemy/domains/modal/test/auto/TimedFSM.xml (RunModel)" time="0.023" />
  <testcase classname="ptolemy.util.test.junit.AutoTests" name="[128] /home/travis/build/icyphy/ptII/ptolemy/domains/modal/test/auto/Timeout1.xml (RunModel)" time="0.01" />
  <testcase classname="ptolemy.util.test.junit.AutoTests" name="[129] /home/travis/build/icyphy/ptII/ptolemy/domains/modal/test/auto/Timeout2.xml (RunModel)" time="0.018" />
  <testcase classname="ptolemy.util.test.junit.AutoTests" name="[130] /home/travis/build/icyphy/ptII/ptolemy/domains/modal/test/auto/Timeout3.xml (RunModel)" time="0.009" />
  <testcase classname="ptolemy.util.test.junit.AutoTests" name="[131] /home/travis/build/icyphy/ptII/ptolemy/domains/modal/test/auto/Timeout4.xml (RunModel)" time="0.009" />
  <testcase classname="ptolemy.util.test.junit.AutoTests" name="[132] /home/travis/build/icyphy/ptII/ptolemy/domains/modal/test/auto/TransientstateModelAdvanced.xml (RunModel)" time="0.025" />
  <testcase classname="ptolemy.util.test.junit.AutoTests" name="[133] /home/travis/build/icyphy/ptII/ptolemy/domains/modal/test/auto/TransientstateModelAdvanced2.xml (RunModel)" time="0.026" />
  <testcase classname="ptolemy.util.test.junit.AutoTests" name="[134] /home/travis/build/icyphy/ptII/ptolemy/domains/modal/test/auto/TransitionRefinements.xml (RunModel)" time="0.02" />
  <testcase classname="ptolemy.util.test.junit.AutoTests" name="[135] /home/travis/build/icyphy/ptII/ptolemy/domains/modal/test/auto/TwoRefinements1.xml (RunModel)" time="0.021" />
  <testcase classname="ptolemy.util.test.junit.AutoTests" name="[136] /home/travis/build/icyphy/ptII/ptolemy/domains/modal/test/auto/TwoRefinements2.xml (RunModel)" time="0.021" />
  <testcase classname="ptolemy.util.test.junit.AutoTests" name="[137] /home/travis/build/icyphy/ptII/ptolemy/domains/modal/test/auto/WeakImmediateTransition.xml (RunModel)" time="0.022" />
  <testcase classname="ptolemy.util.test.junit.AutoTests" name="[138] /home/travis/build/icyphy/ptII/ptolemy/domains/modal/test/auto/booleanSelect.xml (RunModel)" time="0.066" />
  <testcase classname="ptolemy.util.test.junit.AutoTests" name="[139] /home/travis/build/icyphy/ptII/ptolemy/domains/modal/test/auto/modalChangingParams.xml (RunModel)" time="0.278" />
  <testcase classname="ptolemy.util.test.junit.AutoTests" name="[140] /home/travis/build/icyphy/ptII/ptolemy/domains/modal/test/auto/modalModel.xml (RunModel)" time="0.029" />
  <testcase classname="ptolemy.util.test.junit.AutoTests" name="[141] /home/travis/build/icyphy/ptII/ptolemy/domains/modal/test/auto/modalModel2.xml (RunModel)" time="0.029" />
  <testcase classname="ptolemy.util.test.junit.AutoTests" name="[142] /home/travis/build/icyphy/ptII/ptolemy/domains/modal/test/auto/modalModel3.xml (RunModel)" time="0.036" />
  <testcase classname="ptolemy.util.test.junit.AutoTests" name="[143] /home/travis/build/icyphy/ptII/ptolemy/domains/modal/test/auto/model1.xml (RunModel)" time="0.016" />
  <testcase classname="ptolemy.util.test.junit.AutoTests" name="[144] /home/travis/build/icyphy/ptII/ptolemy/domains/modal/test/auto/test-direct-in-out.xml (RunModel)" time="0.019" />
  <system-out><![CDATA[/home/travis/build/icyphy/ptII/ptolemy/domains/modal/test/SystemLevelType.tcl
testDefs.tcl: setting time out to 9000 seconds at Thu Jul 09 15:02:55 UTC 2020
07/09/20 03:02:57
Failed: 0  Total Tests: 1  ((Passed: 1, Newly Passed: 0)  Known Failed: 0) /home/travis/build/icyphy/ptII/ptolemy/domains/modal/test
----------------- testing (KnownFailure) /home/travis/build/icyphy/ptII/ptolemy/domains/modal/test/auto/knownFailedTests/CannotAnalysisWithPreemption.xml
127 ms. Memory: 129024K Free: 66490K (52%)
Known Failure: java.lang.reflect.InvocationTargetException
No auto/linux-amd64/*.xml tests in /home/travis/build/icyphy/ptII/ptolemy/domains/modal/test
AutoTests.java: About to close Vertx.
AutoTests.java: Vertx closed.

===========================================================================================
----------------- testing Thu Jul 09 15:02:57 UTC 2020 /home/travis/build/icyphy/ptII/ptolemy/domains/modal/test/auto/ABPTest.xml
----------------- Instantiating /home/travis/build/icyphy/ptII/ptolemy/domains/modal/test/auto/ABPTest.xml
343 ms. Memory: 165888K Free: 123265K (74%)
----------------- Invoking toplevel() on ptolemy.moml.MoMLSimpleApplication@6eef9ffe
----------------- Done invoking toplevel() on ptolemy.moml.MoMLSimpleApplication@6eef9ffe
reloadAllAccessors: .ABPTest

===========================================================================================
----------------- testing Thu Jul 09 15:02:58 UTC 2020 /home/travis/build/icyphy/ptII/ptolemy/domains/modal/test/auto/ABROFlat.xml
----------------- Instantiating /home/travis/build/icyphy/ptII/ptolemy/domains/modal/test/auto/ABROFlat.xml
25 ms. Memory: 165888K Free: 107364K (65%)
----------------- Invoking toplevel() on ptolemy.moml.MoMLSimpleApplication@6597d693
----------------- Done invoking toplevel() on ptolemy.moml.MoMLSimpleApplication@6597d693
reloadAllAccessors: .ABROFlat

===========================================================================================
----------------- testing Thu Jul 09 15:02:58 UTC 2020 /home/travis/build/icyphy/ptII/ptolemy/domains/modal/test/auto/ABROFlat2.xml
----------------- Instantiating /home/travis/build/icyphy/ptII/ptolemy/domains/modal/test/auto/ABROFlat2.xml
24 ms. Memory: 165888K Free: 90980K (55%)
----------------- Invoking toplevel() on ptolemy.moml.MoMLSimpleApplication@6958dc6c
----------------- Done invoking toplevel() on ptolemy.moml.MoMLSimpleApplication@6958dc6c
reloadAllAccessors: .ABROFlat2

===========================================================================================
----------------- testing Thu Jul 09 15:02:58 UTC 2020 /home/travis/build/icyphy/ptII/ptolemy/domains/modal/test/auto/ABRO_present_hmm.xml
----------------- Instantiating /home/travis/build/icyphy/ptII/ptolemy/domains/modal/test/auto/ABRO_present_hmm.xml
16 ms. Memory: 165888K Free: 64356K (39%)
----------------- Invoking toplevel() on ptolemy.moml.MoMLSimpleApplication@328247df
----------------- Done invoking toplevel() on ptolemy.moml.MoMLSimpleApplication@328247df
reloadAllAccessors: .ABRO_present_hmm

===========================================================================================
----------------- testing Thu Jul 09 15:02:58 UTC 2020 /home/travis/build/icyphy/ptII/ptolemy/domains/modal/test/auto/AMICoderExample.xml
----------------- Instantiating /home/travis/build/icyphy/ptII/ptolemy/domains/modal/test/auto/AMICoderExample.xml
39 ms. Memory: 165888K Free: 143218K (86%)
----------------- Invoking toplevel() on ptolemy.moml.MoMLSimpleApplication@521d79a
----------------- Done invoking toplevel() on ptolemy.moml.MoMLSimpleApplication@521d79a
reloadAllAccessors: .AMICoderExample

===========================================================================================
----------------- testing Thu Jul 09 15:02:58 UTC 2020 /home/travis/build/icyphy/ptII/ptolemy/domains/modal/test/auto/AbsentToPresent.xml
----------------- Instantiating /home/travis/build/icyphy/ptII/ptolemy/domains/modal/test/auto/AbsentToPresent.xml
9 ms. Memory: 165888K Free: 138640K (84%)
----------------- Invoking toplevel() on ptolemy.moml.MoMLSimpleApplication@154d0178
----------------- Done invoking toplevel() on ptolemy.moml.MoMLSimpleApplication@154d0178
reloadAllAccessors: .AbsentToPresent

===========================================================================================
----------------- testing Thu Jul 09 15:02:58 UTC 2020 /home/travis/build/icyphy/ptII/ptolemy/domains/modal/test/auto/Blending.xml
----------------- Instantiating /home/travis/build/icyphy/ptII/ptolemy/domains/modal/test/auto/Blending.xml
127 ms. Memory: 165888K Free: 94096K (57%)
----------------- Invoking toplevel() on ptolemy.moml.MoMLSimpleApplication@271fcb2
----------------- Done invoking toplevel() on ptolemy.moml.MoMLSimpleApplication@271fcb2
reloadAllAccessors: .Blending

===========================================================================================
----------------- testing Thu Jul 09 15:02:59 UTC 2020 /home/travis/build/icyphy/ptII/ptolemy/domains/modal/test/auto/Broadcast.xml
----------------- Instantiating /home/travis/build/icyphy/ptII/ptolemy/domains/modal/test/auto/Broadcast.xml
6 ms. Memory: 165888K Free: 83842K (51%)
----------------- Invoking toplevel() on ptolemy.moml.MoMLSimpleApplication@62cd5b1d
----------------- Done invoking toplevel() on ptolemy.moml.MoMLSimpleApplication@62cd5b1d
reloadAllAccessors: .Broadcast

===========================================================================================
----------------- testing Thu Jul 09 15:02:59 UTC 2020 /home/travis/build/icyphy/ptII/ptolemy/domains/modal/test/auto/BroadcastHierarchy.xml
----------------- Instantiating /home/travis/build/icyphy/ptII/ptolemy/domains/modal/test/auto/BroadcastHierarchy.xml
13 ms. Memory: 165888K Free: 70040K (42%)
----------------- Invoking toplevel() on ptolemy.moml.MoMLSimpleApplication@3c7be91e
----------------- Done invoking toplevel() on ptolemy.moml.MoMLSimpleApplication@3c7be91e
reloadAllAccessors: .BroadcastHierarchy

===========================================================================================
----------------- testing Thu Jul 09 15:02:59 UTC 2020 /home/travis/build/icyphy/ptII/ptolemy/domains/modal/test/auto/BroadcastHierarchy2.xml
----------------- Instantiating /home/travis/build/icyphy/ptII/ptolemy/domains/modal/test/auto/BroadcastHierarchy2.xml
30 ms. Memory: 165888K Free: 136036K (82%)
----------------- Invoking toplevel() on ptolemy.moml.MoMLSimpleApplication@7ca3e4c
----------------- Done invoking toplevel() on ptolemy.moml.MoMLSimpleApplication@7ca3e4c
reloadAllAccessors: .BroadcastHierarchy2

===========================================================================================
----------------- testing Thu Jul 09 15:02:59 UTC 2020 /home/travis/build/icyphy/ptII/ptolemy/domains/modal/test/auto/BroadcastHierarchy3.xml
----------------- Instantiating /home/travis/build/icyphy/ptII/ptolemy/domains/modal/test/auto/BroadcastHierarchy3.xml
12 ms. Memory: 165888K Free: 116066K (70%)
----------------- Invoking toplevel() on ptolemy.moml.MoMLSimpleApplication@69ffa537
----------------- Done invoking toplevel() on ptolemy.moml.MoMLSimpleApplication@69ffa537
reloadAllAccessors: .BroadcastHierarchy3

===========================================================================================
----------------- testing Thu Jul 09 15:02:59 UTC 2020 /home/travis/build/icyphy/ptII/ptolemy/domains/modal/test/auto/BroadcastHierarchy4.xml
----------------- Instantiating /home/travis/build/icyphy/ptII/ptolemy/domains/modal/test/auto/BroadcastHierarchy4.xml
13 ms. Memory: 165888K Free: 92004K (55%)
----------------- Invoking toplevel() on ptolemy.moml.MoMLSimpleApplication@529b77be
----------------- Done invoking toplevel() on ptolemy.moml.MoMLSimpleApplication@529b77be
reloadAllAccessors: .BroadcastHierarchy4

===========================================================================================
----------------- testing Thu Jul 09 15:02:59 UTC 2020 /home/travis/build/icyphy/ptII/ptolemy/domains/modal/test/auto/CannotAnalysisWithPreemption2.xml
----------------- Instantiating /home/travis/build/icyphy/ptII/ptolemy/domains/modal/test/auto/CannotAnalysisWithPreemption2.xml
3 ms. Memory: 165888K Free: 84836K (51%)
----------------- Invoking toplevel() on ptolemy.moml.MoMLSimpleApplication@2e86615e
----------------- Done invoking toplevel() on ptolemy.moml.MoMLSimpleApplication@2e86615e
reloadAllAccessors: .CannotAnalysisWithPreemption2

===========================================================================================
----------------- testing Thu Jul 09 15:02:59 UTC 2020 /home/travis/build/icyphy/ptII/ptolemy/domains/modal/test/auto/CannotAnalysisWithPreemption3.xml
----------------- Instantiating /home/travis/build/icyphy/ptII/ptolemy/domains/modal/test/auto/CannotAnalysisWithPreemption3.xml
6 ms. Memory: 165888K Free: 74596K (45%)
----------------- Invoking toplevel() on ptolemy.moml.MoMLSimpleApplication@6ba0a1dd
----------------- Done invoking toplevel() on ptolemy.moml.MoMLSimpleApplication@6ba0a1dd
reloadAllAccessors: .CannotAnalysisWithPreemption3

===========================================================================================
----------------- testing Thu Jul 09 15:02:59 UTC 2020 /home/travis/build/icyphy/ptII/ptolemy/domains/modal/test/auto/CannotProduce.xml
----------------- Instantiating /home/travis/build/icyphy/ptII/ptolemy/domains/modal/test/auto/CannotProduce.xml
13 ms. Memory: 165888K Free: 67938K (41%)
----------------- Invoking toplevel() on ptolemy.moml.MoMLSimpleApplication@79c93839
----------------- Done invoking toplevel() on ptolemy.moml.MoMLSimpleApplication@79c93839
reloadAllAccessors: .CannotProduce

===========================================================================================
----------------- testing Thu Jul 09 15:02:59 UTC 2020 /home/travis/build/icyphy/ptII/ptolemy/domains/modal/test/auto/CannotProduceModal.xml
----------------- Instantiating /home/travis/build/icyphy/ptII/ptolemy/domains/modal/test/auto/CannotProduceModal.xml
5 ms. Memory: 165888K Free: 61284K (37%)
----------------- Invoking toplevel() on ptolemy.moml.MoMLSimpleApplication@27df4e9e
----------------- Done invoking toplevel() on ptolemy.moml.MoMLSimpleApplication@27df4e9e
reloadAllAccessors: .CannotProduceModal

===========================================================================================
----------------- testing Thu Jul 09 15:02:59 UTC 2020 /home/travis/build/icyphy/ptII/ptolemy/domains/modal/test/auto/Case.xml
----------------- Instantiating /home/travis/build/icyphy/ptII/ptolemy/domains/modal/test/auto/Case.xml
47 ms. Memory: 199680K Free: 176996K (89%)
----------------- Invoking toplevel() on ptolemy.moml.MoMLSimpleApplication@a6cd7b6
----------------- Done invoking toplevel() on ptolemy.moml.MoMLSimpleApplication@a6cd7b6
reloadAllAccessors: .Case

===========================================================================================
----------------- testing Thu Jul 09 15:02:59 UTC 2020 /home/travis/build/icyphy/ptII/ptolemy/domains/modal/test/auto/Case1.xml
----------------- Instantiating /home/travis/build/icyphy/ptII/ptolemy/domains/modal/test/auto/Case1.xml
13 ms. Memory: 199680K Free: 169314K (85%)
----------------- Invoking toplevel() on ptolemy.moml.MoMLSimpleApplication@2c46b81c
----------------- Done invoking toplevel() on ptolemy.moml.MoMLSimpleApplication@2c46b81c
reloadAllAccessors: .Case1

===========================================================================================
----------------- testing Thu Jul 09 15:02:59 UTC 2020 /home/travis/build/icyphy/ptII/ptolemy/domains/modal/test/auto/Case2.xml
----------------- Instantiating /home/travis/build/icyphy/ptII/ptolemy/domains/modal/test/auto/Case2.xml
30 ms. Memory: 199680K Free: 158564K (79%)
----------------- Invoking toplevel() on ptolemy.moml.MoMLSimpleApplication@4226044f
----------------- Done invoking toplevel() on ptolemy.moml.MoMLSimpleApplication@4226044f
reloadAllAccessors: .Case2

===========================================================================================
----------------- testing Thu Jul 09 15:02:59 UTC 2020 /home/travis/build/icyphy/ptII/ptolemy/domains/modal/test/auto/CausalityInterface1.xml
----------------- Instantiating /home/travis/build/icyphy/ptII/ptolemy/domains/modal/test/auto/CausalityInterface1.xml
5 ms. Memory: 199680K Free: 153444K (77%)
----------------- Invoking toplevel() on ptolemy.moml.MoMLSimpleApplication@3e62072c
----------------- Done invoking toplevel() on ptolemy.moml.MoMLSimpleApplication@3e62072c
reloadAllAccessors: .CausalityInterface1

===========================================================================================
----------------- testing Thu Jul 09 15:02:59 UTC 2020 /home/travis/build/icyphy/ptII/ptolemy/domains/modal/test/auto/CausalityInterface10.xml
----------------- Instantiating /home/travis/build/icyphy/ptII/ptolemy/domains/modal/test/auto/CausalityInterface10.xml
12 ms. Memory: 199680K Free: 139604K (70%)
----------------- Invoking toplevel() on ptolemy.moml.MoMLSimpleApplication@1e373eb
----------------- Done invoking toplevel() on ptolemy.moml.MoMLSimpleApplication@1e373eb
reloadAllAccessors: .CausalityInterface10

===========================================================================================
----------------- testing Thu Jul 09 15:03:00 UTC 2020 /home/travis/build/icyphy/ptII/ptolemy/domains/modal/test/auto/CausalityInterface11.xml
----------------- Instantiating /home/travis/build/icyphy/ptII/ptolemy/domains/modal/test/auto/CausalityInterface11.xml
7 ms. Memory: 199680K Free: 126276K (63%)
----------------- Invoking toplevel() on ptolemy.moml.MoMLSimpleApplication@383f32e9
----------------- Done invoking toplevel() on ptolemy.moml.MoMLSimpleApplication@383f32e9
reloadAllAccessors: .CausalityInterface11

===========================================================================================
----------------- testing Thu Jul 09 15:03:00 UTC 2020 /home/travis/build/icyphy/ptII/ptolemy/domains/modal/test/auto/CausalityInterface12.xml
----------------- Instantiating /home/travis/build/icyphy/ptII/ptolemy/domains/modal/test/auto/CausalityInterface12.xml
8 ms. Memory: 199680K Free: 112964K (57%)
----------------- Invoking toplevel() on ptolemy.moml.MoMLSimpleApplication@75e71139
----------------- Done invoking toplevel() on ptolemy.moml.MoMLSimpleApplication@75e71139
reloadAllAccessors: .CausalityInterface12

===========================================================================================
----------------- testing Thu Jul 09 15:03:00 UTC 2020 /home/travis/build/icyphy/ptII/ptolemy/domains/modal/test/auto/CausalityInterface13.xml
----------------- Instantiating /home/travis/build/icyphy/ptII/ptolemy/domains/modal/test/auto/CausalityInterface13.xml
11 ms. Memory: 199680K Free: 99172K (50%)
----------------- Invoking toplevel() on ptolemy.moml.MoMLSimpleApplication@8efc60d
----------------- Done invoking toplevel() on ptolemy.moml.MoMLSimpleApplication@8efc60d
reloadAllAccessors: .CausalityInterface13

===========================================================================================
----------------- testing Thu Jul 09 15:03:00 UTC 2020 /home/travis/build/icyphy/ptII/ptolemy/domains/modal/test/auto/CausalityInterface14.xml
----------------- Instantiating /home/travis/build/icyphy/ptII/ptolemy/domains/modal/test/auto/CausalityInterface14.xml
5 ms. Memory: 199680K Free: 85332K (43%)
----------------- Invoking toplevel() on ptolemy.moml.MoMLSimpleApplication@79640cab
----------------- Done invoking toplevel() on ptolemy.moml.MoMLSimpleApplication@79640cab
reloadAllAccessors: .CausalityInterface14

===========================================================================================
----------------- testing Thu Jul 09 15:03:00 UTC 2020 /home/travis/build/icyphy/ptII/ptolemy/domains/modal/test/auto/CausalityInterface2.xml
----------------- Instantiating /home/travis/build/icyphy/ptII/ptolemy/domains/modal/test/auto/CausalityInterface2.xml
8 ms. Memory: 199680K Free: 79172K (40%)
----------------- Invoking toplevel() on ptolemy.moml.MoMLSimpleApplication@5d185887
----------------- Done invoking toplevel() on ptolemy.moml.MoMLSimpleApplication@5d185887
reloadAllAccessors: .CausalityInterface2

===========================================================================================
----------------- testing Thu Jul 09 15:03:00 UTC 2020 /home/travis/build/icyphy/ptII/ptolemy/domains/modal/test/auto/CausalityInterface3.xml
----------------- Instantiating /home/travis/build/icyphy/ptII/ptolemy/domains/modal/test/auto/CausalityInterface3.xml
3 ms. Memory: 199680K Free: 73058K (37%)
----------------- Invoking toplevel() on ptolemy.moml.MoMLSimpleApplication@fe258d8
----------------- Done invoking toplevel() on ptolemy.moml.MoMLSimpleApplication@fe258d8
reloadAllAccessors: .CausalityInterface3

===========================================================================================
----------------- testing Thu Jul 09 15:03:00 UTC 2020 /home/travis/build/icyphy/ptII/ptolemy/domains/modal/test/auto/CausalityInterface4.xml
----------------- Instantiating /home/travis/build/icyphy/ptII/ptolemy/domains/modal/test/auto/CausalityInterface4.xml
3 ms. Memory: 199680K Free: 66900K (34%)
----------------- Invoking toplevel() on ptolemy.moml.MoMLSimpleApplication@402378f
----------------- Done invoking toplevel() on ptolemy.moml.MoMLSimpleApplication@402378f
reloadAllAccessors: .CausalityInterface4

===========================================================================================
----------------- testing Thu Jul 09 15:03:00 UTC 2020 /home/travis/build/icyphy/ptII/ptolemy/domains/modal/test/auto/CausalityInterface5.xml
----------------- Instantiating /home/travis/build/icyphy/ptII/ptolemy/domains/modal/test/auto/CausalityInterface5.xml
4 ms. Memory: 199680K Free: 172868K (87%)
----------------- Invoking toplevel() on ptolemy.moml.MoMLSimpleApplication@1726033d
----------------- Done invoking toplevel() on ptolemy.moml.MoMLSimpleApplication@1726033d
reloadAllAccessors: .CausalityInterface5

===========================================================================================
----------------- testing Thu Jul 09 15:03:00 UTC 2020 /home/travis/build/icyphy/ptII/ptolemy/domains/modal/test/auto/CausalityInterface6.xml
----------------- Instantiating /home/travis/build/icyphy/ptII/ptolemy/domains/modal/test/auto/CausalityInterface6.xml
4 ms. Memory: 199680K Free: 164706K (82%)
----------------- Invoking toplevel() on ptolemy.moml.MoMLSimpleApplication@534bf75
----------------- Done invoking toplevel() on ptolemy.moml.MoMLSimpleApplication@534bf75
reloadAllAccessors: .CausalityInterface6

===========================================================================================
----------------- testing Thu Jul 09 15:03:00 UTC 2020 /home/travis/build/icyphy/ptII/ptolemy/domains/modal/test/auto/CausalityInterface7.xml
----------------- Instantiating /home/travis/build/icyphy/ptII/ptolemy/domains/modal/test/auto/CausalityInterface7.xml
7 ms. Memory: 199680K Free: 156500K (78%)
----------------- Invoking toplevel() on ptolemy.moml.MoMLSimpleApplication@5baba282
----------------- Done invoking toplevel() on ptolemy.moml.MoMLSimpleApplication@5baba282
reloadAllAccessors: .CausalityInterface7

===========================================================================================
----------------- testing Thu Jul 09 15:03:00 UTC 2020 /home/travis/build/icyphy/ptII/ptolemy/domains/modal/test/auto/CausalityInterface8.xml
----------------- Instantiating /home/travis/build/icyphy/ptII/ptolemy/domains/modal/test/auto/CausalityInterface8.xml
4 ms. Memory: 199680K Free: 147812K (74%)
----------------- Invoking toplevel() on ptolemy.moml.MoMLSimpleApplication@76d23f98
----------------- Done invoking toplevel() on ptolemy.moml.MoMLSimpleApplication@76d23f98
reloadAllAccessors: .CausalityInterface8

===========================================================================================
----------------- testing Thu Jul 09 15:03:00 UTC 2020 /home/travis/build/icyphy/ptII/ptolemy/domains/modal/test/auto/CausalityInterface9.xml
----------------- Instantiating /home/travis/build/icyphy/ptII/ptolemy/domains/modal/test/auto/CausalityInterface9.xml
3 ms. Memory: 199680K Free: 138596K (69%)
----------------- Invoking toplevel() on ptolemy.moml.MoMLSimpleApplication@3528ede4
----------------- Done invoking toplevel() on ptolemy.moml.MoMLSimpleApplication@3528ede4
reloadAllAccessors: .CausalityInterface9

===========================================================================================
----------------- testing Thu Jul 09 15:03:00 UTC 2020 /home/travis/build/icyphy/ptII/ptolemy/domains/modal/test/auto/ChainedTransitions.xml
----------------- Instantiating /home/travis/build/icyphy/ptII/ptolemy/domains/modal/test/auto/ChainedTransitions.xml
97 ms. Memory: 199680K Free: 113492K (57%)
----------------- Invoking toplevel() on ptolemy.moml.MoMLSimpleApplication@121f36c6
----------------- Done invoking toplevel() on ptolemy.moml.MoMLSimpleApplication@121f36c6
reloadAllAccessors: .ChainedTransitions

===========================================================================================
----------------- testing Thu Jul 09 15:03:00 UTC 2020 /home/travis/build/icyphy/ptII/ptolemy/domains/modal/test/auto/CycleOfImmediateTransitionsFSM.xml
----------------- Instantiating /home/travis/build/icyphy/ptII/ptolemy/domains/modal/test/auto/CycleOfImmediateTransitionsFSM.xml
3 ms. Memory: 199680K Free: 107876K (54%)
----------------- Invoking toplevel() on ptolemy.moml.MoMLSimpleApplication@3f6d4128
----------------- Done invoking toplevel() on ptolemy.moml.MoMLSimpleApplication@3f6d4128
reloadAllAccessors: .CycleOfImmediateTransitionsFSM

===========================================================================================
----------------- testing Thu Jul 09 15:03:00 UTC 2020 /home/travis/build/icyphy/ptII/ptolemy/domains/modal/test/auto/CycleOfImmediateTransitionsModal.xml
----------------- Instantiating /home/travis/build/icyphy/ptII/ptolemy/domains/modal/test/auto/CycleOfImmediateTransitionsModal.xml
3 ms. Memory: 199680K Free: 101732K (51%)
----------------- Invoking toplevel() on ptolemy.moml.MoMLSimpleApplication@ae96660
----------------- Done invoking toplevel() on ptolemy.moml.MoMLSimpleApplication@ae96660
reloadAllAccessors: .CycleOfImmediateTransitionsModal

===========================================================================================
----------------- testing Thu Jul 09 15:03:00 UTC 2020 /home/travis/build/icyphy/ptII/ptolemy/domains/modal/test/auto/CycleOfImmediateTransitionsModal2.xml
----------------- Instantiating /home/travis/build/icyphy/ptII/ptolemy/domains/modal/test/auto/CycleOfImmediateTransitionsModal2.xml
8 ms. Memory: 199680K Free: 95588K (48%)
----------------- Invoking toplevel() on ptolemy.moml.MoMLSimpleApplication@58de1a6e
----------------- Done invoking toplevel() on ptolemy.moml.MoMLSimpleApplication@58de1a6e
reloadAllAccessors: .CycleOfImmediateTransitionsModal2

===========================================================================================
----------------- testing Thu Jul 09 15:03:00 UTC 2020 /home/travis/build/icyphy/ptII/ptolemy/domains/modal/test/auto/CycleOfImmediateTransitionsModal3.xml
----------------- Instantiating /home/travis/build/icyphy/ptII/ptolemy/domains/modal/test/auto/CycleOfImmediateTransitionsModal3.xml
11 ms. Memory: 199680K Free: 73060K (37%)
----------------- Invoking toplevel() on ptolemy.moml.MoMLSimpleApplication@6423dcd7
----------------- Done invoking toplevel() on ptolemy.moml.MoMLSimpleApplication@6423dcd7
reloadAllAccessors: .CycleOfImmediateTransitionsModal3

===========================================================================================
----------------- testing Thu Jul 09 15:03:00 UTC 2020 /home/travis/build/icyphy/ptII/ptolemy/domains/modal/test/auto/DeepModal1.xml
----------------- Instantiating /home/travis/build/icyphy/ptII/ptolemy/domains/modal/test/auto/DeepModal1.xml
27 ms. Memory: 199680K Free: 172356K (86%)
----------------- Invoking toplevel() on ptolemy.moml.MoMLSimpleApplication@5df5e98f
----------------- Done invoking toplevel() on ptolemy.moml.MoMLSimpleApplication@5df5e98f
reloadAllAccessors: .DeepModal1

===========================================================================================
----------------- testing Thu Jul 09 15:03:00 UTC 2020 /home/travis/build/icyphy/ptII/ptolemy/domains/modal/test/auto/DeepModal2.xml
----------------- Instantiating /home/travis/build/icyphy/ptII/ptolemy/domains/modal/test/auto/DeepModal2.xml
25 ms. Memory: 199680K Free: 153444K (77%)
----------------- Invoking toplevel() on ptolemy.moml.MoMLSimpleApplication@117c7a53
----------------- Done invoking toplevel() on ptolemy.moml.MoMLSimpleApplication@117c7a53
reloadAllAccessors: .DeepModal2

===========================================================================================
----------------- testing Thu Jul 09 15:03:01 UTC 2020 /home/travis/build/icyphy/ptII/ptolemy/domains/modal/test/auto/DeepModal3.xml
----------------- Instantiating /home/travis/build/icyphy/ptII/ptolemy/domains/modal/test/auto/DeepModal3.xml
29 ms. Memory: 199680K Free: 133988K (67%)
----------------- Invoking toplevel() on ptolemy.moml.MoMLSimpleApplication@2ae39448
----------------- Done invoking toplevel() on ptolemy.moml.MoMLSimpleApplication@2ae39448
reloadAllAccessors: .DeepModal3

===========================================================================================
----------------- testing Thu Jul 09 15:03:01 UTC 2020 /home/travis/build/icyphy/ptII/ptolemy/domains/modal/test/auto/DeepModal4.xml
----------------- Instantiating /home/travis/build/icyphy/ptII/ptolemy/domains/modal/test/auto/DeepModal4.xml
34 ms. Memory: 199680K Free: 114532K (57%)
----------------- Invoking toplevel() on ptolemy.moml.MoMLSimpleApplication@2e750eff
----------------- Done invoking toplevel() on ptolemy.moml.MoMLSimpleApplication@2e750eff
reloadAllAccessors: .DeepModal4

===========================================================================================
----------------- testing Thu Jul 09 15:03:01 UTC 2020 /home/travis/build/icyphy/ptII/ptolemy/domains/modal/test/auto/Default1.xml
----------------- Instantiating /home/travis/build/icyphy/ptII/ptolemy/domains/modal/test/auto/Default1.xml
2 ms. Memory: 199680K Free: 108388K (54%)
----------------- Invoking toplevel() on ptolemy.moml.MoMLSimpleApplication@53aa2e53
----------------- Done invoking toplevel() on ptolemy.moml.MoMLSimpleApplication@53aa2e53
reloadAllAccessors: .Default1

===========================================================================================
----------------- testing Thu Jul 09 15:03:01 UTC 2020 /home/travis/build/icyphy/ptII/ptolemy/domains/modal/test/auto/Default2.xml
----------------- Instantiating /home/travis/build/icyphy/ptII/ptolemy/domains/modal/test/auto/Default2.xml
7 ms. Memory: 199680K Free: 102754K (51%)
----------------- Invoking toplevel() on ptolemy.moml.MoMLSimpleApplication@3ef1e81f
----------------- Done invoking toplevel() on ptolemy.moml.MoMLSimpleApplication@3ef1e81f
reloadAllAccessors: .Default2

===========================================================================================
----------------- testing Thu Jul 09 15:03:01 UTC 2020 /home/travis/build/icyphy/ptII/ptolemy/domains/modal/test/auto/Default3.xml
----------------- Instantiating /home/travis/build/icyphy/ptII/ptolemy/domains/modal/test/auto/Default3.xml
5 ms. Memory: 199680K Free: 97124K (49%)
----------------- Invoking toplevel() on ptolemy.moml.MoMLSimpleApplication@2d38a1e
----------------- Done invoking toplevel() on ptolemy.moml.MoMLSimpleApplication@2d38a1e
reloadAllAccessors: .Default3

===========================================================================================
----------------- testing Thu Jul 09 15:03:01 UTC 2020 /home/travis/build/icyphy/ptII/ptolemy/domains/modal/test/auto/Default4.xml
----------------- Instantiating /home/travis/build/icyphy/ptII/ptolemy/domains/modal/test/auto/Default4.xml
7 ms. Memory: 199680K Free: 90980K (46%)
----------------- Invoking toplevel() on ptolemy.moml.MoMLSimpleApplication@1c885804
----------------- Done invoking toplevel() on ptolemy.moml.MoMLSimpleApplication@1c885804
reloadAllAccessors: .Default4

===========================================================================================
----------------- testing Thu Jul 09 15:03:01 UTC 2020 /home/travis/build/icyphy/ptII/ptolemy/domains/modal/test/auto/Default5.xml
----------------- Instantiating /home/travis/build/icyphy/ptII/ptolemy/domains/modal/test/auto/Default5.xml
6 ms. Memory: 199680K Free: 82788K (41%)
----------------- Invoking toplevel() on ptolemy.moml.MoMLSimpleApplication@f840dd5
----------------- Done invoking toplevel() on ptolemy.moml.MoMLSimpleApplication@f840dd5
reloadAllAccessors: .Default5

===========================================================================================
----------------- testing Thu Jul 09 15:03:01 UTC 2020 /home/travis/build/icyphy/ptII/ptolemy/domains/modal/test/auto/EmptyGuard.xml
----------------- Instantiating /home/travis/build/icyphy/ptII/ptolemy/domains/modal/test/auto/EmptyGuard.xml
5 ms. Memory: 199680K Free: 75100K (38%)
----------------- Invoking toplevel() on ptolemy.moml.MoMLSimpleApplication@32e3c389
----------------- Done invoking toplevel() on ptolemy.moml.MoMLSimpleApplication@32e3c389
reloadAllAccessors: .EmptyGuard

===========================================================================================
----------------- testing Thu Jul 09 15:03:01 UTC 2020 /home/travis/build/icyphy/ptII/ptolemy/domains/modal/test/auto/ErrorTransition1.xml
----------------- Instantiating /home/travis/build/icyphy/ptII/ptolemy/domains/modal/test/auto/ErrorTransition1.xml
20 ms. Memory: 199680K Free: 179795K (90%)
----------------- Invoking toplevel() on ptolemy.moml.MoMLSimpleApplication@134ae939
----------------- Done invoking toplevel() on ptolemy.moml.MoMLSimpleApplication@134ae939
reloadAllAccessors: .ErrorTransition1

===========================================================================================
----------------- testing Thu Jul 09 15:03:01 UTC 2020 /home/travis/build/icyphy/ptII/ptolemy/domains/modal/test/auto/ErrorTransition10.xml
----------------- Instantiating /home/travis/build/icyphy/ptII/ptolemy/domains/modal/test/auto/ErrorTransition10.xml
14 ms. Memory: 199680K Free: 165732K (83%)
----------------- Invoking toplevel() on ptolemy.moml.MoMLSimpleApplication@7a3ed659
----------------- Done invoking toplevel() on ptolemy.moml.MoMLSimpleApplication@7a3ed659
reloadAllAccessors: .ErrorTransition10

===========================================================================================
----------------- testing Thu Jul 09 15:03:01 UTC 2020 /home/travis/build/icyphy/ptII/ptolemy/domains/modal/test/auto/ErrorTransition11.xml
----------------- Instantiating /home/travis/build/icyphy/ptII/ptolemy/domains/modal/test/auto/ErrorTransition11.xml
4 ms. Memory: 199680K Free: 154468K (77%)
----------------- Invoking toplevel() on ptolemy.moml.MoMLSimpleApplication@505da475
----------------- Done invoking toplevel() on ptolemy.moml.MoMLSimpleApplication@505da475
reloadAllAccessors: .ErrorTransition11

===========================================================================================
----------------- testing Thu Jul 09 15:03:01 UTC 2020 /home/travis/build/icyphy/ptII/ptolemy/domains/modal/test/auto/ErrorTransition2.xml
----------------- Instantiating /home/travis/build/icyphy/ptII/ptolemy/domains/modal/test/auto/ErrorTransition2.xml
7 ms. Memory: 199680K Free: 145762K (73%)
----------------- Invoking toplevel() on ptolemy.moml.MoMLSimpleApplication@4075d69f
----------------- Done invoking toplevel() on ptolemy.moml.MoMLSimpleApplication@4075d69f
reloadAllAccessors: .ErrorTransition2

===========================================================================================
----------------- testing Thu Jul 09 15:03:01 UTC 2020 /home/travis/build/icyphy/ptII/ptolemy/domains/modal/test/auto/ErrorTransition3.xml
----------------- Instantiating /home/travis/build/icyphy/ptII/ptolemy/domains/modal/test/auto/ErrorTransition3.xml
14 ms. Memory: 199680K Free: 136036K (68%)
----------------- Invoking toplevel() on ptolemy.moml.MoMLSimpleApplication@428f1c7b
----------------- Done invoking toplevel() on ptolemy.moml.MoMLSimpleApplication@428f1c7b
reloadAllAccessors: .ErrorTransition3

===========================================================================================
----------------- testing Thu Jul 09 15:03:01 UTC 2020 /home/travis/build/icyphy/ptII/ptolemy/domains/modal/test/auto/ErrorTransition4.xml
----------------- Instantiating /home/travis/build/icyphy/ptII/ptolemy/domains/modal/test/auto/ErrorTransition4.xml
11 ms. Memory: 199680K Free: 124772K (62%)
----------------- Invoking toplevel() on ptolemy.moml.MoMLSimpleApplication@448056fd
----------------- Done invoking toplevel() on ptolemy.moml.MoMLSimpleApplication@448056fd
reloadAllAccessors: .ErrorTransition4

===========================================================================================
----------------- testing Thu Jul 09 15:03:01 UTC 2020 /home/travis/build/icyphy/ptII/ptolemy/domains/modal/test/auto/ErrorTransition5.xml
----------------- Instantiating /home/travis/build/icyphy/ptII/ptolemy/domains/modal/test/auto/ErrorTransition5.xml
5 ms. Memory: 199680K Free: 114532K (57%)
----------------- Invoking toplevel() on ptolemy.moml.MoMLSimpleApplication@394a995a
----------------- Done invoking toplevel() on ptolemy.moml.MoMLSimpleApplication@394a995a
reloadAllAccessors: .ErrorTransition5

===========================================================================================
----------------- testing Thu Jul 09 15:03:01 UTC 2020 /home/travis/build/icyphy/ptII/ptolemy/domains/modal/test/auto/ErrorTransition6.xml
----------------- Instantiating /home/travis/build/icyphy/ptII/ptolemy/domains/modal/test/auto/ErrorTransition6.xml
8 ms. Memory: 199680K Free: 103778K (52%)
----------------- Invoking toplevel() on ptolemy.moml.MoMLSimpleApplication@e0e26c8
----------------- Done invoking toplevel() on ptolemy.moml.MoMLSimpleApplication@e0e26c8
reloadAllAccessors: .ErrorTransition6

===========================================================================================
----------------- testing Thu Jul 09 15:03:01 UTC 2020 /home/travis/build/icyphy/ptII/ptolemy/domains/modal/test/auto/ErrorTransition7.xml
----------------- Instantiating /home/travis/build/icyphy/ptII/ptolemy/domains/modal/test/auto/ErrorTransition7.xml
10 ms. Memory: 199680K Free: 90980K (46%)
----------------- Invoking toplevel() on ptolemy.moml.MoMLSimpleApplication@1a191ff7
----------------- Done invoking toplevel() on ptolemy.moml.MoMLSimpleApplication@1a191ff7
reloadAllAccessors: .ErrorTransition7

===========================================================================================
----------------- testing Thu Jul 09 15:03:01 UTC 2020 /home/travis/build/icyphy/ptII/ptolemy/domains/modal/test/auto/ErrorTransition8.xml
----------------- Instantiating /home/travis/build/icyphy/ptII/ptolemy/domains/modal/test/auto/ErrorTransition8.xml
14 ms. Memory: 199680K Free: 77668K (39%)
----------------- Invoking toplevel() on ptolemy.moml.MoMLSimpleApplication@3ab667dd
----------------- Done invoking toplevel() on ptolemy.moml.MoMLSimpleApplication@3ab667dd
reloadAllAccessors: .ErrorTransition8

===========================================================================================
----------------- testing Thu Jul 09 15:03:01 UTC 2020 /home/travis/build/icyphy/ptII/ptolemy/domains/modal/test/auto/ErrorTransition9.xml
----------------- Instantiating /home/travis/build/icyphy/ptII/ptolemy/domains/modal/test/auto/ErrorTransition9.xml
30 ms. Memory: 239616K Free: 217105K (91%)
----------------- Invoking toplevel() on ptolemy.moml.MoMLSimpleApplication@36981d64
----------------- Done invoking toplevel() on ptolemy.moml.MoMLSimpleApplication@36981d64
reloadAllAccessors: .ErrorTransition9

===========================================================================================
----------------- testing Thu Jul 09 15:03:01 UTC 2020 /home/travis/build/icyphy/ptII/ptolemy/domains/modal/test/auto/ExtendedFSM.xml
----------------- Instantiating /home/travis/build/icyphy/ptII/ptolemy/domains/modal/test/auto/ExtendedFSM.xml
7 ms. Memory: 239616K Free: 208228K (87%)
----------------- Invoking toplevel() on ptolemy.moml.MoMLSimpleApplication@2f63e3ea
----------------- Done invoking toplevel() on ptolemy.moml.MoMLSimpleApplication@2f63e3ea
reloadAllAccessors: .ExtendedFSM

===========================================================================================
----------------- testing Thu Jul 09 15:03:01 UTC 2020 /home/travis/build/icyphy/ptII/ptolemy/domains/modal/test/auto/FinalStates.xml
----------------- Instantiating /home/travis/build/icyphy/ptII/ptolemy/domains/modal/test/auto/FinalStates.xml
7 ms. Memory: 239616K Free: 200036K (83%)
----------------- Invoking toplevel() on ptolemy.moml.MoMLSimpleApplication@6530c9e
----------------- Done invoking toplevel() on ptolemy.moml.MoMLSimpleApplication@6530c9e
reloadAllAccessors: .FinalStates

===========================================================================================
----------------- testing Thu Jul 09 15:03:01 UTC 2020 /home/travis/build/icyphy/ptII/ptolemy/domains/modal/test/auto/FixedPointFSM.xml
----------------- Instantiating /home/travis/build/icyphy/ptII/ptolemy/domains/modal/test/auto/FixedPointFSM.xml
25 ms. Memory: 239616K Free: 185180K (77%)
----------------- Invoking toplevel() on ptolemy.moml.MoMLSimpleApplication@315dcaf2
----------------- Done invoking toplevel() on ptolemy.moml.MoMLSimpleApplication@315dcaf2
reloadAllAccessors: .FixedPointFSM

===========================================================================================
----------------- testing Thu Jul 09 15:03:01 UTC 2020 /home/travis/build/icyphy/ptII/ptolemy/domains/modal/test/auto/FixedPointIterationFSMActor.xml
----------------- Instantiating /home/travis/build/icyphy/ptII/ptolemy/domains/modal/test/auto/FixedPointIterationFSMActor.xml
8 ms. Memory: 239616K Free: 174436K (73%)
----------------- Invoking toplevel() on ptolemy.moml.MoMLSimpleApplication@71862b65
----------------- Done invoking toplevel() on ptolemy.moml.MoMLSimpleApplication@71862b65
reloadAllAccessors: .FixedPointIterationFSMActor

===========================================================================================
----------------- testing Thu Jul 09 15:03:01 UTC 2020 /home/travis/build/icyphy/ptII/ptolemy/domains/modal/test/auto/FixedPointIterationFSMActor2.xml
----------------- Instantiating /home/travis/build/icyphy/ptII/ptolemy/domains/modal/test/auto/FixedPointIterationFSMActor2.xml
11 ms. Memory: 239616K Free: 162652K (68%)
----------------- Invoking toplevel() on ptolemy.moml.MoMLSimpleApplication@20534f65
----------------- Done invoking toplevel() on ptolemy.moml.MoMLSimpleApplication@20534f65
reloadAllAccessors: .FixedPointIterationFSMActor2

===========================================================================================
----------------- testing Thu Jul 09 15:03:01 UTC 2020 /home/travis/build/icyphy/ptII/ptolemy/domains/modal/test/auto/ForbiddenInstantanousLoop.xml
----------------- Instantiating /home/travis/build/icyphy/ptII/ptolemy/domains/modal/test/auto/ForbiddenInstantanousLoop.xml
10 ms. Memory: 239616K Free: 150852K (63%)
----------------- Invoking toplevel() on ptolemy.moml.MoMLSimpleApplication@630f427f
----------------- Done invoking toplevel() on ptolemy.moml.MoMLSimpleApplication@630f427f
reloadAllAccessors: .ForbiddenInstantanousLoop

===========================================================================================
----------------- testing Thu Jul 09 15:03:02 UTC 2020 /home/travis/build/icyphy/ptII/ptolemy/domains/modal/test/auto/FunctionDependencyOfFSMActorTest.xml
----------------- Instantiating /home/travis/build/icyphy/ptII/ptolemy/domains/modal/test/auto/FunctionDependencyOfFSMActorTest.xml
13 ms. Memory: 239616K Free: 143716K (60%)
----------------- Invoking toplevel() on ptolemy.moml.MoMLSimpleApplication@15bad00d
----------------- Done invoking toplevel() on ptolemy.moml.MoMLSimpleApplication@15bad00d
reloadAllAccessors: .FunctionDependencyOfFSMActorTest

===========================================================================================
----------------- testing Thu Jul 09 15:03:02 UTC 2020 /home/travis/build/icyphy/ptII/ptolemy/domains/modal/test/auto/GuardExpression.xml
----------------- Instantiating /home/travis/build/icyphy/ptII/ptolemy/domains/modal/test/auto/GuardExpression.xml
2 ms. Memory: 239616K Free: 138596K (58%)
----------------- Invoking toplevel() on ptolemy.moml.MoMLSimpleApplication@7500ed5
----------------- Done invoking toplevel() on ptolemy.moml.MoMLSimpleApplication@7500ed5
reloadAllAccessors: .GuardExpression

===========================================================================================
----------------- testing Thu Jul 09 15:03:02 UTC 2020 /home/travis/build/icyphy/ptII/ptolemy/domains/modal/test/auto/GuardNotEvaluated.xml
----------------- Instantiating /home/travis/build/icyphy/ptII/ptolemy/domains/modal/test/auto/GuardNotEvaluated.xml
7 ms. Memory: 239616K Free: 129876K (54%)
----------------- Invoking toplevel() on ptolemy.moml.MoMLSimpleApplication@162410bd
----------------- Done invoking toplevel() on ptolemy.moml.MoMLSimpleApplication@162410bd
reloadAllAccessors: .GuardNotEvaluated

===========================================================================================
----------------- testing Thu Jul 09 15:03:02 UTC 2020 /home/travis/build/icyphy/ptII/ptolemy/domains/modal/test/auto/GuardNotEvaluated2.xml
----------------- Instantiating /home/travis/build/icyphy/ptII/ptolemy/domains/modal/test/auto/GuardNotEvaluated2.xml
9 ms. Memory: 239616K Free: 120164K (50%)
----------------- Invoking toplevel() on ptolemy.moml.MoMLSimpleApplication@b10c84c
----------------- Done invoking toplevel() on ptolemy.moml.MoMLSimpleApplication@b10c84c
reloadAllAccessors: .GuardNotEvaluated2

===========================================================================================
----------------- testing Thu Jul 09 15:03:02 UTC 2020 /home/travis/build/icyphy/ptII/ptolemy/domains/modal/test/auto/GuardOnAbsent.xml
----------------- Instantiating /home/travis/build/icyphy/ptII/ptolemy/domains/modal/test/auto/GuardOnAbsent.xml
10 ms. Memory: 239616K Free: 112468K (47%)
----------------- Invoking toplevel() on ptolemy.moml.MoMLSimpleApplication@6c6c21f2
----------------- Done invoking toplevel() on ptolemy.moml.MoMLSimpleApplication@6c6c21f2
reloadAllAccessors: .GuardOnAbsent

===========================================================================================
----------------- testing Thu Jul 09 15:03:02 UTC 2020 /home/travis/build/icyphy/ptII/ptolemy/domains/modal/test/auto/HierarchicalFSMTypeInference.xml
----------------- Instantiating /home/travis/build/icyphy/ptII/ptolemy/domains/modal/test/auto/HierarchicalFSMTypeInference.xml
4 ms. Memory: 239616K Free: 101732K (42%)
----------------- Invoking toplevel() on ptolemy.moml.MoMLSimpleApplication@2784c334
----------------- Done invoking toplevel() on ptolemy.moml.MoMLSimpleApplication@2784c334
reloadAllAccessors: .HierarchicalFSMTypeInference

===========================================================================================
----------------- testing Thu Jul 09 15:03:02 UTC 2020 /home/travis/build/icyphy/ptII/ptolemy/domains/modal/test/auto/Hysteresis.xml
----------------- Instantiating /home/travis/build/icyphy/ptII/ptolemy/domains/modal/test/auto/Hysteresis.xml
14 ms. Memory: 239616K Free: 88420K (37%)
----------------- Invoking toplevel() on ptolemy.moml.MoMLSimpleApplication@4cc05de
----------------- Done invoking toplevel() on ptolemy.moml.MoMLSimpleApplication@4cc05de
reloadAllAccessors: .Hysteresis

===========================================================================================
----------------- testing Thu Jul 09 15:03:02 UTC 2020 /home/travis/build/icyphy/ptII/ptolemy/domains/modal/test/auto/HysteresisWithDefault.xml
----------------- Instantiating /home/travis/build/icyphy/ptII/ptolemy/domains/modal/test/auto/HysteresisWithDefault.xml
48 ms. Memory: 239616K Free: 201570K (84%)
----------------- Invoking toplevel() on ptolemy.moml.MoMLSimpleApplication@4f7bbe59
----------------- Done invoking toplevel() on ptolemy.moml.MoMLSimpleApplication@4f7bbe59
reloadAllAccessors: .HysteresisWithDefault

===========================================================================================
----------------- testing Thu Jul 09 15:03:02 UTC 2020 /home/travis/build/icyphy/ptII/ptolemy/domains/modal/test/auto/HysteresisWithDefault2.xml
----------------- Instantiating /home/travis/build/icyphy/ptII/ptolemy/domains/modal/test/auto/HysteresisWithDefault2.xml
56 ms. Memory: 239616K Free: 171871K (72%)
----------------- Invoking toplevel() on ptolemy.moml.MoMLSimpleApplication@1fec8c9f
----------------- Done invoking toplevel() on ptolemy.moml.MoMLSimpleApplication@1fec8c9f
reloadAllAccessors: .HysteresisWithDefault2

===========================================================================================
----------------- testing Thu Jul 09 15:03:02 UTC 2020 /home/travis/build/icyphy/ptII/ptolemy/domains/modal/test/auto/ImmediateNonConstructiveness.xml
----------------- Instantiating /home/travis/build/icyphy/ptII/ptolemy/domains/modal/test/auto/ImmediateNonConstructiveness.xml
3 ms. Memory: 239616K Free: 164692K (69%)
----------------- Invoking toplevel() on ptolemy.moml.MoMLSimpleApplication@237d1bf6
----------------- Done invoking toplevel() on ptolemy.moml.MoMLSimpleApplication@237d1bf6
reloadAllAccessors: .ImmediateNonConstructiveness

===========================================================================================
----------------- testing Thu Jul 09 15:03:02 UTC 2020 /home/travis/build/icyphy/ptII/ptolemy/domains/modal/test/auto/ImmediateNonConstructiveness2.xml
----------------- Instantiating /home/travis/build/icyphy/ptII/ptolemy/domains/modal/test/auto/ImmediateNonConstructiveness2.xml
2 ms. Memory: 239616K Free: 158052K (66%)
----------------- Invoking toplevel() on ptolemy.moml.MoMLSimpleApplication@d88b6d2
----------------- Done invoking toplevel() on ptolemy.moml.MoMLSimpleApplication@d88b6d2
reloadAllAccessors: .ImmediateNonConstructiveness2

===========================================================================================
----------------- testing Thu Jul 09 15:03:02 UTC 2020 /home/travis/build/icyphy/ptII/ptolemy/domains/modal/test/auto/ImmediateTransitionReset.xml
----------------- Instantiating /home/travis/build/icyphy/ptII/ptolemy/domains/modal/test/auto/ImmediateTransitionReset.xml
6 ms. Memory: 239616K Free: 146274K (61%)
----------------- Invoking toplevel() on ptolemy.moml.MoMLSimpleApplication@41a2fba0
----------------- Done invoking toplevel() on ptolemy.moml.MoMLSimpleApplication@41a2fba0
reloadAllAccessors: .ImmediateTransitionReset

===========================================================================================
----------------- testing Thu Jul 09 15:03:02 UTC 2020 /home/travis/build/icyphy/ptII/ptolemy/domains/modal/test/auto/ImmediateTransitions1.xml
----------------- Instantiating /home/travis/build/icyphy/ptII/ptolemy/domains/modal/test/auto/ImmediateTransitions1.xml
1 ms. Memory: 239616K Free: 141154K (59%)
----------------- Invoking toplevel() on ptolemy.moml.MoMLSimpleApplication@39d65b9d
----------------- Done invoking toplevel() on ptolemy.moml.MoMLSimpleApplication@39d65b9d
reloadAllAccessors: .ImmediateTransitions1

===========================================================================================
----------------- testing Thu Jul 09 15:03:02 UTC 2020 /home/travis/build/icyphy/ptII/ptolemy/domains/modal/test/auto/ImmediateTransitionsInstantaneousCommunication.xml
----------------- Instantiating /home/travis/build/icyphy/ptII/ptolemy/domains/modal/test/auto/ImmediateTransitionsInstantaneousCommunication.xml
3 ms. Memory: 239616K Free: 128852K (54%)
----------------- Invoking toplevel() on ptolemy.moml.MoMLSimpleApplication@6004b156
----------------- Done invoking toplevel() on ptolemy.moml.MoMLSimpleApplication@6004b156
reloadAllAccessors: .ImmediateTransitionsInstantaneousCommunication

===========================================================================================
----------------- testing Thu Jul 09 15:03:02 UTC 2020 /home/travis/build/icyphy/ptII/ptolemy/domains/modal/test/auto/InitialImmediateTransition.xml
----------------- Instantiating /home/travis/build/icyphy/ptII/ptolemy/domains/modal/test/auto/InitialImmediateTransition.xml
4 ms. Memory: 239616K Free: 121692K (51%)
----------------- Invoking toplevel() on ptolemy.moml.MoMLSimpleApplication@6b1ed748
----------------- Done invoking toplevel() on ptolemy.moml.MoMLSimpleApplication@6b1ed748
reloadAllAccessors: .InitialImmediateTransition

===========================================================================================
----------------- testing Thu Jul 09 15:03:02 UTC 2020 /home/travis/build/icyphy/ptII/ptolemy/domains/modal/test/auto/InitialOutputs.xml
----------------- Instantiating /home/travis/build/icyphy/ptII/ptolemy/domains/modal/test/auto/InitialOutputs.xml
3 ms. Memory: 239616K Free: 115548K (48%)
----------------- Invoking toplevel() on ptolemy.moml.MoMLSimpleApplication@70f99954
----------------- Done invoking toplevel() on ptolemy.moml.MoMLSimpleApplication@70f99954
reloadAllAccessors: .InitialOutputs

===========================================================================================
----------------- testing Thu Jul 09 15:03:02 UTC 2020 /home/travis/build/icyphy/ptII/ptolemy/domains/modal/test/auto/InitialStateTransition1.xml
----------------- Instantiating /home/travis/build/icyphy/ptII/ptolemy/domains/modal/test/auto/InitialStateTransition1.xml
2 ms. Memory: 239616K Free: 108386K (45%)
----------------- Invoking toplevel() on ptolemy.moml.MoMLSimpleApplication@44c8331
----------------- Done invoking toplevel() on ptolemy.moml.MoMLSimpleApplication@44c8331
reloadAllAccessors: .InitialStateTransition1

===========================================================================================
----------------- testing Thu Jul 09 15:03:02 UTC 2020 /home/travis/build/icyphy/ptII/ptolemy/domains/modal/test/auto/InitialStateTransition2.xml
----------------- Instantiating /home/travis/build/icyphy/ptII/ptolemy/domains/modal/test/auto/InitialStateTransition2.xml
.InitialStateTransition2.TestExceptionAttributeNonConstructive: initialize() was not invoked, but wrapup() was.  This is unusual, but not always a problem.  For example, exporting JNLP will do this.
3 ms. Memory: 239616K Free: 101218K (42%)
----------------- Invoking toplevel() on ptolemy.moml.MoMLSimpleApplication@cf753d3
----------------- Done invoking toplevel() on ptolemy.moml.MoMLSimpleApplication@cf753d3
reloadAllAccessors: .InitialStateTransition2

===========================================================================================
----------------- testing Thu Jul 09 15:03:02 UTC 2020 /home/travis/build/icyphy/ptII/ptolemy/domains/modal/test/auto/InitialStateTransition3.xml
----------------- Instantiating /home/travis/build/icyphy/ptII/ptolemy/domains/modal/test/auto/InitialStateTransition3.xml
3 ms. Memory: 239616K Free: 93026K (39%)
----------------- Invoking toplevel() on ptolemy.moml.MoMLSimpleApplication@1c7f719c
----------------- Done invoking toplevel() on ptolemy.moml.MoMLSimpleApplication@1c7f719c
reloadAllAccessors: .InitialStateTransition3

===========================================================================================
----------------- testing Thu Jul 09 15:03:02 UTC 2020 /home/travis/build/icyphy/ptII/ptolemy/domains/modal/test/auto/InitialStateTransition4.xml
----------------- Instantiating /home/travis/build/icyphy/ptII/ptolemy/domains/modal/test/auto/InitialStateTransition4.xml
3 ms. Memory: 239616K Free: 83300K (35%)
----------------- Invoking toplevel() on ptolemy.moml.MoMLSimpleApplication@7dddaa2d
----------------- Done invoking toplevel() on ptolemy.moml.MoMLSimpleApplication@7dddaa2d
reloadAllAccessors: .InitialStateTransition4

[...]
reloadAllAccessors: .TerminationTransition3

===========================================================================================
----------------- testing Thu Jul 09 15:03:04 UTC 2020 /home/travis/build/icyphy/ptII/ptolemy/domains/modal/test/auto/TerminationTransition4.xml
----------------- Instantiating /home/travis/build/icyphy/ptII/ptolemy/domains/modal/test/auto/TerminationTransition4.xml
5 ms. Memory: 300032K Free: 139774K (47%)
----------------- Invoking toplevel() on ptolemy.moml.MoMLSimpleApplication@60326fbf
----------------- Done invoking toplevel() on ptolemy.moml.MoMLSimpleApplication@60326fbf
reloadAllAccessors: .TerminationTransition4

===========================================================================================
----------------- testing Thu Jul 09 15:03:04 UTC 2020 /home/travis/build/icyphy/ptII/ptolemy/domains/modal/test/auto/TerminationTransition5.xml
----------------- Instantiating /home/travis/build/icyphy/ptII/ptolemy/domains/modal/test/auto/TerminationTransition5.xml
2 ms. Memory: 300032K Free: 125952K (42%)
----------------- Invoking toplevel() on ptolemy.moml.MoMLSimpleApplication@16fac06c
----------------- Done invoking toplevel() on ptolemy.moml.MoMLSimpleApplication@16fac06c
reloadAllAccessors: .TerminationTransition5

===========================================================================================
----------------- testing Thu Jul 09 15:03:04 UTC 2020 /home/travis/build/icyphy/ptII/ptolemy/domains/modal/test/auto/TerminationTransition6.xml
----------------- Instantiating /home/travis/build/icyphy/ptII/ptolemy/domains/modal/test/auto/TerminationTransition6.xml
1 ms. Memory: 300032K Free: 117246K (39%)
----------------- Invoking toplevel() on ptolemy.moml.MoMLSimpleApplication@7efb90ea
----------------- Done invoking toplevel() on ptolemy.moml.MoMLSimpleApplication@7efb90ea
reloadAllAccessors: .TerminationTransition6

===========================================================================================
----------------- testing Thu Jul 09 15:03:04 UTC 2020 /home/travis/build/icyphy/ptII/ptolemy/domains/modal/test/auto/TerminationTransition7.xml
----------------- Instantiating /home/travis/build/icyphy/ptII/ptolemy/domains/modal/test/auto/TerminationTransition7.xml
2 ms. Memory: 300032K Free: 108030K (36%)
----------------- Invoking toplevel() on ptolemy.moml.MoMLSimpleApplication@46b33efc
----------------- Done invoking toplevel() on ptolemy.moml.MoMLSimpleApplication@46b33efc
reloadAllAccessors: .TerminationTransition7

===========================================================================================
----------------- testing Thu Jul 09 15:03:04 UTC 2020 /home/travis/build/icyphy/ptII/ptolemy/domains/modal/test/auto/TerminationTransition8.xml
----------------- Instantiating /home/travis/build/icyphy/ptII/ptolemy/domains/modal/test/auto/TerminationTransition8.xml
1 ms. Memory: 300032K Free: 273036K (91%)
----------------- Invoking toplevel() on ptolemy.moml.MoMLSimpleApplication@17000b78
----------------- Done invoking toplevel() on ptolemy.moml.MoMLSimpleApplication@17000b78
reloadAllAccessors: .TerminationTransition8

===========================================================================================
----------------- testing Thu Jul 09 15:03:04 UTC 2020 /home/travis/build/icyphy/ptII/ptolemy/domains/modal/test/auto/Thermostat_NoHysteresis.xml
----------------- Instantiating /home/travis/build/icyphy/ptII/ptolemy/domains/modal/test/auto/Thermostat_NoHysteresis.xml
26 ms. Memory: 300032K Free: 248460K (83%)
----------------- Invoking toplevel() on ptolemy.moml.MoMLSimpleApplication@1daace5f
----------------- Done invoking toplevel() on ptolemy.moml.MoMLSimpleApplication@1daace5f
reloadAllAccessors: .Thermostat_NoHysteresis

===========================================================================================
----------------- testing Thu Jul 09 15:03:04 UTC 2020 /home/travis/build/icyphy/ptII/ptolemy/domains/modal/test/auto/TimedFSM.xml
----------------- Instantiating /home/travis/build/icyphy/ptII/ptolemy/domains/modal/test/auto/TimedFSM.xml
6 ms. Memory: 300032K Free: 236686K (79%)
----------------- Invoking toplevel() on ptolemy.moml.MoMLSimpleApplication@35dafb9c
----------------- Done invoking toplevel() on ptolemy.moml.MoMLSimpleApplication@35dafb9c
reloadAllAccessors: .TimedFSM

===========================================================================================
----------------- testing Thu Jul 09 15:03:04 UTC 2020 /home/travis/build/icyphy/ptII/ptolemy/domains/modal/test/auto/Timeout1.xml
----------------- Instantiating /home/travis/build/icyphy/ptII/ptolemy/domains/modal/test/auto/Timeout1.xml
2 ms. Memory: 300032K Free: 231038K (77%)
----------------- Invoking toplevel() on ptolemy.moml.MoMLSimpleApplication@39cecea5
----------------- Done invoking toplevel() on ptolemy.moml.MoMLSimpleApplication@39cecea5
reloadAllAccessors: .Timeout1

===========================================================================================
----------------- testing Thu Jul 09 15:03:04 UTC 2020 /home/travis/build/icyphy/ptII/ptolemy/domains/modal/test/auto/Timeout2.xml
----------------- Instantiating /home/travis/build/icyphy/ptII/ptolemy/domains/modal/test/auto/Timeout2.xml
7 ms. Memory: 300032K Free: 222350K (74%)
----------------- Invoking toplevel() on ptolemy.moml.MoMLSimpleApplication@47bf4a2c
----------------- Done invoking toplevel() on ptolemy.moml.MoMLSimpleApplication@47bf4a2c
reloadAllAccessors: .Timeout2

===========================================================================================
----------------- testing Thu Jul 09 15:03:04 UTC 2020 /home/travis/build/icyphy/ptII/ptolemy/domains/modal/test/auto/Timeout3.xml
----------------- Instantiating /home/travis/build/icyphy/ptII/ptolemy/domains/modal/test/auto/Timeout3.xml
2 ms. Memory: 300032K Free: 217230K (72%)
----------------- Invoking toplevel() on ptolemy.moml.MoMLSimpleApplication@192b4992
----------------- Done invoking toplevel() on ptolemy.moml.MoMLSimpleApplication@192b4992
reloadAllAccessors: .Timeout3

===========================================================================================
----------------- testing Thu Jul 09 15:03:04 UTC 2020 /home/travis/build/icyphy/ptII/ptolemy/domains/modal/test/auto/Timeout4.xml
----------------- Instantiating /home/travis/build/icyphy/ptII/ptolemy/domains/modal/test/auto/Timeout4.xml
2 ms. Memory: 300032K Free: 212110K (71%)
----------------- Invoking toplevel() on ptolemy.moml.MoMLSimpleApplication@639b01d4
----------------- Done invoking toplevel() on ptolemy.moml.MoMLSimpleApplication@639b01d4
reloadAllAccessors: .Timeout4

===========================================================================================
----------------- testing Thu Jul 09 15:03:04 UTC 2020 /home/travis/build/icyphy/ptII/ptolemy/domains/modal/test/auto/TransientstateModelAdvanced.xml
----------------- Instantiating /home/travis/build/icyphy/ptII/ptolemy/domains/modal/test/auto/TransientstateModelAdvanced.xml
3 ms. Memory: 300032K Free: 199822K (67%)
----------------- Invoking toplevel() on ptolemy.moml.MoMLSimpleApplication@7d7c79c6
----------------- Done invoking toplevel() on ptolemy.moml.MoMLSimpleApplication@7d7c79c6
reloadAllAccessors: .TransientstateModelAdvanced

===========================================================================================
----------------- testing Thu Jul 09 15:03:04 UTC 2020 /home/travis/build/icyphy/ptII/ptolemy/domains/modal/test/auto/TransientstateModelAdvanced2.xml
----------------- Instantiating /home/travis/build/icyphy/ptII/ptolemy/domains/modal/test/auto/TransientstateModelAdvanced2.xml
2 ms. Memory: 300032K Free: 185486K (62%)
----------------- Invoking toplevel() on ptolemy.moml.MoMLSimpleApplication@2f988e49
----------------- Done invoking toplevel() on ptolemy.moml.MoMLSimpleApplication@2f988e49
reloadAllAccessors: .transientstatemodelAdvanced

===========================================================================================
----------------- testing Thu Jul 09 15:03:04 UTC 2020 /home/travis/build/icyphy/ptII/ptolemy/domains/modal/test/auto/TransitionRefinements.xml
----------------- Instantiating /home/travis/build/icyphy/ptII/ptolemy/domains/modal/test/auto/TransitionRefinements.xml
6 ms. Memory: 300032K Free: 175742K (59%)
----------------- Invoking toplevel() on ptolemy.moml.MoMLSimpleApplication@4d85ca29
----------------- Done invoking toplevel() on ptolemy.moml.MoMLSimpleApplication@4d85ca29
reloadAllAccessors: .TransitionRefinements

===========================================================================================
----------------- testing Thu Jul 09 15:03:04 UTC 2020 /home/travis/build/icyphy/ptII/ptolemy/domains/modal/test/auto/TwoRefinements1.xml
----------------- Instantiating /home/travis/build/icyphy/ptII/ptolemy/domains/modal/test/auto/TwoRefinements1.xml
3 ms. Memory: 300032K Free: 165516K (55%)
----------------- Invoking toplevel() on ptolemy.moml.MoMLSimpleApplication@4dce4b94
----------------- Done invoking toplevel() on ptolemy.moml.MoMLSimpleApplication@4dce4b94
reloadAllAccessors: .TwoRefinements1

===========================================================================================
----------------- testing Thu Jul 09 15:03:04 UTC 2020 /home/travis/build/icyphy/ptII/ptolemy/domains/modal/test/auto/TwoRefinements2.xml
----------------- Instantiating /home/travis/build/icyphy/ptII/ptolemy/domains/modal/test/auto/TwoRefinements2.xml
2 ms. Memory: 300032K Free: 155276K (52%)
----------------- Invoking toplevel() on ptolemy.moml.MoMLSimpleApplication@afcddc3
----------------- Done invoking toplevel() on ptolemy.moml.MoMLSimpleApplication@afcddc3
reloadAllAccessors: .TwoRefinements2

===========================================================================================
----------------- testing Thu Jul 09 15:03:04 UTC 2020 /home/travis/build/icyphy/ptII/ptolemy/domains/modal/test/auto/WeakImmediateTransition.xml
----------------- Instantiating /home/travis/build/icyphy/ptII/ptolemy/domains/modal/test/auto/WeakImmediateTransition.xml
3 ms. Memory: 300032K Free: 146574K (49%)
----------------- Invoking toplevel() on ptolemy.moml.MoMLSimpleApplication@3482731e
----------------- Done invoking toplevel() on ptolemy.moml.MoMLSimpleApplication@3482731e
reloadAllAccessors: .WeakImmediateTransition

===========================================================================================
----------------- testing Thu Jul 09 15:03:04 UTC 2020 /home/travis/build/icyphy/ptII/ptolemy/domains/modal/test/auto/booleanSelect.xml
----------------- Instantiating /home/travis/build/icyphy/ptII/ptolemy/domains/modal/test/auto/booleanSelect.xml
30 ms. Memory: 300032K Free: 128142K (43%)
----------------- Invoking toplevel() on ptolemy.moml.MoMLSimpleApplication@51712820
----------------- Done invoking toplevel() on ptolemy.moml.MoMLSimpleApplication@51712820
reloadAllAccessors: .booleanSelect

===========================================================================================
----------------- testing Thu Jul 09 15:03:04 UTC 2020 /home/travis/build/icyphy/ptII/ptolemy/domains/modal/test/auto/modalChangingParams.xml
----------------- Instantiating /home/travis/build/icyphy/ptII/ptolemy/domains/modal/test/auto/modalChangingParams.xml
0
1
0
2
4
6
8
7
0
2
4
6
8
13
0
2
4
6
8
19
0
2
4
6
8
25
0
2
4
6
8
31
0
2
4
6
8
37
0
2
4
6
8
43
0
2
4
6
8
49
0
2
4
6
8
55
0
2
4
6
8
61
0
2
4
6
8
67
0
2
4
6
8
73
0
2
4
6
8
79
0
2
4
6
8
85
0
2
4
6
8
91
0
2
4
6
8
97
0
2
4
6
8
103
0
2
4
6
8
109
0
2
4
6
8
115
0
2
4
6
8
121
0
2
4
6
8
127
0
2
4
6
8
133
0
2
4
6
8
139
0
2
4
6
8
145
0
2
4
6
8
151
0
2
4
6
8
157
0
2
4
6
8
163
0
2
4
6
8
169
0
2
4
6
8
175
0
2
4
6
8
181
0
2
4
6
8
187
0
2
4
6
8
193
0
2
4
6
8
199
0
2
4
6
8
205
0
2
4
6
8
211
0
2
4
6
8
217
0
2
4
6
8
223
0
2
4
6
8
229
0
2
4
6
8
235
0
2
4
6
8
241
0
2
4
6
8
247
0
2
4
6
8
253
0
2
4
6
8
259
0
2
4
6
8
265
0
2
4
6
8
271
0
2
4
6
8
277
0
2
4
6
8
283
0
2
4
6
8
289
0
2
4
6
8
295
0
2
4
6
8
301
0
2
4
6
8
307
0
2
4
6
8
313
0
2
4
6
8
319
0
2
4
6
8
325
0
2
4
6
8
331
0
2
4
6
8
337
0
2
4
6
8
343
0
2
4
6
8
349
0
2
4
6
8
355
0
2
4
6
8
361
0
2
4
6
8
367
0
2
4
6
8
373
0
2
4
6
8
379
0
2
4
6
8
385
0
2
4
6
8
391
0
2
4
6
8
397
0
2
4
6
8
403
0
2
4
6
8
409
0
2
4
6
8
415
0
2
4
6
8
421
0
2
4
6
8
427
0
2
4
6
8
433
0
2
4
6
8
439
0
2
4
6
8
445
0
2
4
6
8
451
0
2
4
6
8
457
0
2
4
6
8
463
0
2
4
6
8
469
0
2
4
6
8
475
0
2
4
6
8
481
0
2
4
6
8
487
0
2
4
6
8
493
0
2
4
6
8
499
0
2
4
6
8
505
0
2
4
6
8
511
0
2
4
6
8
517
0
2
4
6
8
523
0
2
4
6
8
529
0
2
4
6
8
535
0
2
4
6
8
541
0
2
4
6
8
547
0
2
4
6
8
553
0
2
4
6
8
559
0
2
4
6
8
565
0
2
4
6
8
571
0
2
4
6
8
577
0
2
4
6
8
583
0
2
4
6
8
589
0
2
4
6
8
595
0
2
4
6
8
601
0
2
4
6
8
607
0
2
4
6
8
613
0
2
4
6
8
619
0
2
4
6
8
625
0
2
4
6
8
631
0
2
4
6
8
637
0
2
4
6
8
643
0
2
4
6
8
649
0
2
4
6
8
655
0
2
4
6
8
661
0
2
4
6
8
667
0
2
4
6
8
673
0
2
4
6
8
679
0
2
4
6
8
685
0
2
4
6
8
691
0
2
4
6
8
697
0
2
4
6
8
703
0
2
4
6
8
709
0
2
4
6
8
715
0
2
4
6
8
721
0
2
4
6
8
727
0
2
4
6
8
733
0
2
4
6
8
739
0
2
4
6
8
745
0
2
4
6
8
751
0
2
4
6
8
757
0
2
4
6
8
763
0
2
4
6
8
769
0
2
4
6
8
775
0
2
4
6
8
781
0
2
4
6
8
787
0
2
4
6
8
793
0
2
4
6
8
799
0
2
4
6
8
805
0
2
4
6
8
811
0
2
4
6
8
817
0
2
4
6
8
823
0
2
4
6
8
829
0
2
4
6
8
835
0
2
4
6
8
841
0
2
4
6
8
847
0
2
4
6
8
853
0
2
4
6
8
859
0
2
4
6
8
865
0
2
4
6
8
871
0
2
4
6
8
877
0
2
4
6
8
883
0
2
4
6
8
889
0
2
4
6
8
895
0
2
4
6
8
901
0
2
4
6
8
907
0
2
4
6
8
913
0
2
4
6
8
919
0
2
4
6
8
925
0
2
4
6
8
931
0
2
4
6
8
937
0
2
4
6
8
943
0
2
4
6
8
949
0
2
4
6
8
955
0
2
4
6
8
961
0
2
4
6
8
967
0
2
4
6
8
973
0
2
4
6
8
979
0
2
4
6
8
985
0
2
4
6
8
991
0
2
4
6
8
997
0
2
252 ms. Memory: 300032K Free: 188257K (63%)
----------------- Invoking toplevel() on ptolemy.moml.MoMLSimpleApplication@ec17f21
----------------- Done invoking toplevel() on ptolemy.moml.MoMLSimpleApplication@ec17f21
reloadAllAccessors: .modalChangingParams

===========================================================================================
----------------- testing Thu Jul 09 15:03:05 UTC 2020 /home/travis/build/icyphy/ptII/ptolemy/domains/modal/test/auto/modalModel.xml
----------------- Instantiating /home/travis/build/icyphy/ptII/ptolemy/domains/modal/test/auto/modalModel.xml
11 ms. Memory: 300032K Free: 179371K (60%)
----------------- Invoking toplevel() on ptolemy.moml.MoMLSimpleApplication@181a78f1
----------------- Done invoking toplevel() on ptolemy.moml.MoMLSimpleApplication@181a78f1
reloadAllAccessors: .modalModel

===========================================================================================
----------------- testing Thu Jul 09 15:03:05 UTC 2020 /home/travis/build/icyphy/ptII/ptolemy/domains/modal/test/auto/modalModel2.xml
----------------- Instantiating /home/travis/build/icyphy/ptII/ptolemy/domains/modal/test/auto/modalModel2.xml
10 ms. Memory: 300032K Free: 168635K (56%)
----------------- Invoking toplevel() on ptolemy.moml.MoMLSimpleApplication@372cd70b
----------------- Done invoking toplevel() on ptolemy.moml.MoMLSimpleApplication@372cd70b
reloadAllAccessors: .modalModel2

===========================================================================================
----------------- testing Thu Jul 09 15:03:05 UTC 2020 /home/travis/build/icyphy/ptII/ptolemy/domains/modal/test/auto/modalModel3.xml
----------------- Instantiating /home/travis/build/icyphy/ptII/ptolemy/domains/modal/test/auto/modalModel3.xml
0	0	0
1	0	1
4	2	2
7	4	3
10	6	4
5	0	5
8	2	6
11	4	7
14	6	8
9	0	9
12	2	10
15	4	11
18	6	12
13	0	13
16	2	14
14 ms. Memory: 300032K Free: 153785K (51%)
----------------- Invoking toplevel() on ptolemy.moml.MoMLSimpleApplication@41110722
----------------- Done invoking toplevel() on ptolemy.moml.MoMLSimpleApplication@41110722
reloadAllAccessors: .modalModel3

===========================================================================================
----------------- testing Thu Jul 09 15:03:05 UTC 2020 /home/travis/build/icyphy/ptII/ptolemy/domains/modal/test/auto/model1.xml
----------------- Instantiating /home/travis/build/icyphy/ptII/ptolemy/domains/modal/test/auto/model1.xml
9 ms. Memory: 300032K Free: 148155K (49%)
----------------- Invoking toplevel() on ptolemy.moml.MoMLSimpleApplication@7671d085
----------------- Done invoking toplevel() on ptolemy.moml.MoMLSimpleApplication@7671d085
reloadAllAccessors: .model1

===========================================================================================
----------------- testing Thu Jul 09 15:03:05 UTC 2020 /home/travis/build/icyphy/ptII/ptolemy/domains/modal/test/auto/test-direct-in-out.xml
----------------- Instantiating /home/travis/build/icyphy/ptII/ptolemy/domains/modal/test/auto/test-direct-in-out.xml
4 ms. Memory: 300032K Free: 140443K (47%)
----------------- Invoking toplevel() on ptolemy.moml.MoMLSimpleApplication@4e103464
----------------- Done invoking toplevel() on ptolemy.moml.MoMLSimpleApplication@4e103464
reloadAllAccessors: .test-direct-in-out
AutoTests.java: About to close Vertx.
AutoTests.java: Vertx closed.
]]></system-out>
  <system-err><![CDATA[java.lang.RuntimeException: Execution failed
	at ptolemy.moml.MoMLSimpleApplication$UnloadThread.run(MoMLSimpleApplication.java:402)
Caused by: ptolemy.kernel.util.IllegalActionException: Unknown inputs remain. Possible causality loop:
L_model_1893289564i

  in .CannotAnalysisWithPreemption.model_1893289564_region_1 and .CannotAnalysisWithPreemption.model_1893289564_region_1.L_model_1893289564i
	at ptolemy.actor.sched.FixedPointDirector.postfire(FixedPointDirector.java:515)
	at ptolemy.domains.sr.kernel.SRDirector.postfire(SRDirector.java:417)
	at ptolemy.actor.CompositeActor.postfire(CompositeActor.java:1668)
	at ptolemy.actor.Manager.iterate(Manager.java:852)
	at ptolemy.actor.Manager.execute(Manager.java:369)
	at ptolemy.actor.Manager.run(Manager.java:1263)
	at ptolemy.actor.Manager$PtolemyRunThread.run(Manager.java:1933)
java.lang.reflect.InvocationTargetException
	at java.base/jdk.internal.reflect.NativeConstructorAccessorImpl.newInstance0(Native Method)
	at java.base/jdk.internal.reflect.NativeConstructorAccessorImpl.newInstance(NativeConstructorAccessorImpl.java:62)
	at java.base/jdk.internal.reflect.DelegatingConstructorAccessorImpl.newInstance(DelegatingConstructorAccessorImpl.java:45)
	at java.base/java.lang.reflect.Constructor.newInstance(Constructor.java:490)
	at ptolemy.util.test.junit.AutoKnownFailedTests.RunModel(AutoKnownFailedTests.java:105)
	at java.base/jdk.internal.reflect.NativeMethodAccessorImpl.invoke0(Native Method)
	at java.base/jdk.internal.reflect.NativeMethodAccessorImpl.invoke(NativeMethodAccessorImpl.java:62)
	at java.base/jdk.internal.reflect.DelegatingMethodAccessorImpl.invoke(DelegatingMethodAccessorImpl.java:43)
	at java.base/java.lang.reflect.Method.invoke(Method.java:566)
	at org.junit.runners.model.FrameworkMethod$1.runReflectiveCall(FrameworkMethod.java:44)
	at org.junit.internal.runners.model.ReflectiveCallable.run(ReflectiveCallable.java:15)
	at org.junit.runners.model.FrameworkMethod.invokeExplosively(FrameworkMethod.java:41)
	at junitparams.internal.InvokeParameterisedMethod.evaluate(InvokeParameterisedMethod.java:102)
	at org.junit.internal.runners.statements.FailOnTimeout$1.run(FailOnTimeout.java:28)
Caused by: ptolemy.kernel.util.IllegalActionException: Unknown inputs remain. Possible causality loop:
L_model_1893289564i

  in .CannotAnalysisWithPreemption.model_1893289564_region_1 and .CannotAnalysisWithPreemption.model_1893289564_region_1.L_model_1893289564i
	at ptolemy.actor.sched.FixedPointDirector.postfire(FixedPointDirector.java:515)
	at ptolemy.domains.sr.kernel.SRDirector.postfire(SRDirector.java:417)
	at ptolemy.actor.CompositeActor.postfire(CompositeActor.java:1668)
	at ptolemy.actor.Manager.iterate(Manager.java:852)
	at ptolemy.actor.Manager.execute(Manager.java:369)
	at ptolemy.actor.Manager.run(Manager.java:1263)
	at ptolemy.actor.Manager$PtolemyRunThread.run(Manager.java:1933)
]]></system-err>
</testsuite>
