<?xml version="1.0" encoding="UTF-8" ?>
<testsuite errors="0" failures="0" hostname="travis-job-f917b644-76dd-464d-892f-f0cc7861f4ff" name="ptolemy.domains.modal.test.junit.JUnitTclTest" skipped="0" tests="148" time="11.336" timestamp="2019-07-09T04:47:46">
  <properties>
[...]
</properties>
  <testcase classname="ptolemy.util.test.junit.TclTests" name="[0] /home/travis/build/icyphy/ptII/ptolemy/domains/modal/test/SystemLevelType.tcl (RunTclFile)" time="2.062" />
  <testcase classname="ptolemy.util.test.junit.AutoKnownFailedTests" name="[0] /home/travis/build/icyphy/ptII/ptolemy/domains/modal/test/auto/knownFailedTests/CannotAnalysisWithPreemption.xml (RunModel)" time="0.382" />
  <testcase classname="ptolemy.util.test.junit.AutoNameArchTests" name="[0] ThereAreNoAutoArchTests (RunModel)" time="0.008" />
  <testcase classname="ptolemy.util.test.junit.AutoTests" name="[0] /home/travis/build/icyphy/ptII/ptolemy/domains/modal/test/auto/ABPTest.xml (RunModel)" time="0.952" />
  <testcase classname="ptolemy.util.test.junit.AutoTests" name="[1] /home/travis/build/icyphy/ptII/ptolemy/domains/modal/test/auto/ABROFlat.xml (RunModel)" time="0.08" />
  <testcase classname="ptolemy.util.test.junit.AutoTests" name="[2] /home/travis/build/icyphy/ptII/ptolemy/domains/modal/test/auto/ABROFlat2.xml (RunModel)" time="0.05" />
  <testcase classname="ptolemy.util.test.junit.AutoTests" name="[3] /home/travis/build/icyphy/ptII/ptolemy/domains/modal/test/auto/ABRO_present_hmm.xml (RunModel)" time="0.147" />
  <testcase classname="ptolemy.util.test.junit.AutoTests" name="[4] /home/travis/build/icyphy/ptII/ptolemy/domains/modal/test/auto/AMICoderExample.xml (RunModel)" time="0.055" />
  <testcase classname="ptolemy.util.test.junit.AutoTests" name="[5] /home/travis/build/icyphy/ptII/ptolemy/domains/modal/test/auto/AbsentToPresent.xml (RunModel)" time="0.016" />
  <testcase classname="ptolemy.util.test.junit.AutoTests" name="[6] /home/travis/build/icyphy/ptII/ptolemy/domains/modal/test/auto/Blending.xml (RunModel)" time="0.294" />
  <testcase classname="ptolemy.util.test.junit.AutoTests" name="[7] /home/travis/build/icyphy/ptII/ptolemy/domains/modal/test/auto/Broadcast.xml (RunModel)" time="0.035" />
  <testcase classname="ptolemy.util.test.junit.AutoTests" name="[8] /home/travis/build/icyphy/ptII/ptolemy/domains/modal/test/auto/BroadcastHierarchy.xml (RunModel)" time="0.048" />
  <testcase classname="ptolemy.util.test.junit.AutoTests" name="[9] /home/travis/build/icyphy/ptII/ptolemy/domains/modal/test/auto/BroadcastHierarchy2.xml (RunModel)" time="0.105" />
  <testcase classname="ptolemy.util.test.junit.AutoTests" name="[10] /home/travis/build/icyphy/ptII/ptolemy/domains/modal/test/auto/BroadcastHierarchy3.xml (RunModel)" time="0.09" />
  <testcase classname="ptolemy.util.test.junit.AutoTests" name="[11] /home/travis/build/icyphy/ptII/ptolemy/domains/modal/test/auto/BroadcastHierarchy4.xml (RunModel)" time="0.092" />
  <testcase classname="ptolemy.util.test.junit.AutoTests" name="[12] /home/travis/build/icyphy/ptII/ptolemy/domains/modal/test/auto/CannotAnalysisWithPreemption2.xml (RunModel)" time="0.046" />
  <testcase classname="ptolemy.util.test.junit.AutoTests" name="[13] /home/travis/build/icyphy/ptII/ptolemy/domains/modal/test/auto/CannotAnalysisWithPreemption3.xml (RunModel)" time="0.043" />
  <testcase classname="ptolemy.util.test.junit.AutoTests" name="[14] /home/travis/build/icyphy/ptII/ptolemy/domains/modal/test/auto/CannotProduce.xml (RunModel)" time="0.029" />
  <testcase classname="ptolemy.util.test.junit.AutoTests" name="[15] /home/travis/build/icyphy/ptII/ptolemy/domains/modal/test/auto/CannotProduceModal.xml (RunModel)" time="0.032" />
  <testcase classname="ptolemy.util.test.junit.AutoTests" name="[16] /home/travis/build/icyphy/ptII/ptolemy/domains/modal/test/auto/Case.xml (RunModel)" time="0.072" />
  <testcase classname="ptolemy.util.test.junit.AutoTests" name="[17] /home/travis/build/icyphy/ptII/ptolemy/domains/modal/test/auto/Case1.xml (RunModel)" time="0.032" />
  <testcase classname="ptolemy.util.test.junit.AutoTests" name="[18] /home/travis/build/icyphy/ptII/ptolemy/domains/modal/test/auto/Case2.xml (RunModel)" time="0.058" />
  <testcase classname="ptolemy.util.test.junit.AutoTests" name="[19] /home/travis/build/icyphy/ptII/ptolemy/domains/modal/test/auto/CausalityInterface1.xml (RunModel)" time="0.04" />
  <testcase classname="ptolemy.util.test.junit.AutoTests" name="[20] /home/travis/build/icyphy/ptII/ptolemy/domains/modal/test/auto/CausalityInterface10.xml (RunModel)" time="0.064" />
  <testcase classname="ptolemy.util.test.junit.AutoTests" name="[21] /home/travis/build/icyphy/ptII/ptolemy/domains/modal/test/auto/CausalityInterface11.xml (RunModel)" time="0.059" />
  <testcase classname="ptolemy.util.test.junit.AutoTests" name="[22] /home/travis/build/icyphy/ptII/ptolemy/domains/modal/test/auto/CausalityInterface12.xml (RunModel)" time="0.045" />
  <testcase classname="ptolemy.util.test.junit.AutoTests" name="[23] /home/travis/build/icyphy/ptII/ptolemy/domains/modal/test/auto/CausalityInterface13.xml (RunModel)" time="0.047" />
  <testcase classname="ptolemy.util.test.junit.AutoTests" name="[24] /home/travis/build/icyphy/ptII/ptolemy/domains/modal/test/auto/CausalityInterface14.xml (RunModel)" time="0.075" />
  <testcase classname="ptolemy.util.test.junit.AutoTests" name="[25] /home/travis/build/icyphy/ptII/ptolemy/domains/modal/test/auto/CausalityInterface2.xml (RunModel)" time="0.029" />
  <testcase classname="ptolemy.util.test.junit.AutoTests" name="[26] /home/travis/build/icyphy/ptII/ptolemy/domains/modal/test/auto/CausalityInterface3.xml (RunModel)" time="0.022" />
  <testcase classname="ptolemy.util.test.junit.AutoTests" name="[27] /home/travis/build/icyphy/ptII/ptolemy/domains/modal/test/auto/CausalityInterface4.xml (RunModel)" time="0.022" />
  <testcase classname="ptolemy.util.test.junit.AutoTests" name="[28] /home/travis/build/icyphy/ptII/ptolemy/domains/modal/test/auto/CausalityInterface5.xml (RunModel)" time="0.042" />
  <testcase classname="ptolemy.util.test.junit.AutoTests" name="[29] /home/travis/build/icyphy/ptII/ptolemy/domains/modal/test/auto/CausalityInterface6.xml (RunModel)" time="0.045" />
  <testcase classname="ptolemy.util.test.junit.AutoTests" name="[30] /home/travis/build/icyphy/ptII/ptolemy/domains/modal/test/auto/CausalityInterface7.xml (RunModel)" time="0.042" />
  <testcase classname="ptolemy.util.test.junit.AutoTests" name="[31] /home/travis/build/icyphy/ptII/ptolemy/domains/modal/test/auto/CausalityInterface8.xml (RunModel)" time="0.04" />
  <testcase classname="ptolemy.util.test.junit.AutoTests" name="[32] /home/travis/build/icyphy/ptII/ptolemy/domains/modal/test/auto/CausalityInterface9.xml (RunModel)" time="0.045" />
  <testcase classname="ptolemy.util.test.junit.AutoTests" name="[33] /home/travis/build/icyphy/ptII/ptolemy/domains/modal/test/auto/ChainedTransitions.xml (RunModel)" time="0.161" />
  <testcase classname="ptolemy.util.test.junit.AutoTests" name="[34] /home/travis/build/icyphy/ptII/ptolemy/domains/modal/test/auto/CycleOfImmediateTransitionsFSM.xml (RunModel)" time="0.02" />
  <testcase classname="ptolemy.util.test.junit.AutoTests" name="[35] /home/travis/build/icyphy/ptII/ptolemy/domains/modal/test/auto/CycleOfImmediateTransitionsModal.xml (RunModel)" time="0.029" />
  <testcase classname="ptolemy.util.test.junit.AutoTests" name="[36] /home/travis/build/icyphy/ptII/ptolemy/domains/modal/test/auto/CycleOfImmediateTransitionsModal2.xml (RunModel)" time="0.023" />
  <testcase classname="ptolemy.util.test.junit.AutoTests" name="[37] /home/travis/build/icyphy/ptII/ptolemy/domains/modal/test/auto/CycleOfImmediateTransitionsModal3.xml (RunModel)" time="0.066" />
  <testcase classname="ptolemy.util.test.junit.AutoTests" name="[38] /home/travis/build/icyphy/ptII/ptolemy/domains/modal/test/auto/DeepModal1.xml (RunModel)" time="0.07" />
  <testcase classname="ptolemy.util.test.junit.AutoTests" name="[39] /home/travis/build/icyphy/ptII/ptolemy/domains/modal/test/auto/DeepModal2.xml (RunModel)" time="0.077" />
  <testcase classname="ptolemy.util.test.junit.AutoTests" name="[40] /home/travis/build/icyphy/ptII/ptolemy/domains/modal/test/auto/DeepModal3.xml (RunModel)" time="0.077" />
  <testcase classname="ptolemy.util.test.junit.AutoTests" name="[41] /home/travis/build/icyphy/ptII/ptolemy/domains/modal/test/auto/DeepModal4.xml (RunModel)" time="0.076" />
  <testcase classname="ptolemy.util.test.junit.AutoTests" name="[42] /home/travis/build/icyphy/ptII/ptolemy/domains/modal/test/auto/Default1.xml (RunModel)" time="0.014" />
  <testcase classname="ptolemy.util.test.junit.AutoTests" name="[43] /home/travis/build/icyphy/ptII/ptolemy/domains/modal/test/auto/Default2.xml (RunModel)" time="0.013" />
  <testcase classname="ptolemy.util.test.junit.AutoTests" name="[44] /home/travis/build/icyphy/ptII/ptolemy/domains/modal/test/auto/Default3.xml (RunModel)" time="0.029" />
  <testcase classname="ptolemy.util.test.junit.AutoTests" name="[45] /home/travis/build/icyphy/ptII/ptolemy/domains/modal/test/auto/Default4.xml (RunModel)" time="0.028" />
  <testcase classname="ptolemy.util.test.junit.AutoTests" name="[46] /home/travis/build/icyphy/ptII/ptolemy/domains/modal/test/auto/Default5.xml (RunModel)" time="0.024" />
  <testcase classname="ptolemy.util.test.junit.AutoTests" name="[47] /home/travis/build/icyphy/ptII/ptolemy/domains/modal/test/auto/EmptyGuard.xml (RunModel)" time="0.023" />
  <testcase classname="ptolemy.util.test.junit.AutoTests" name="[48] /home/travis/build/icyphy/ptII/ptolemy/domains/modal/test/auto/ErrorTransition1.xml (RunModel)" time="0.035" />
  <testcase classname="ptolemy.util.test.junit.AutoTests" name="[49] /home/travis/build/icyphy/ptII/ptolemy/domains/modal/test/auto/ErrorTransition10.xml (RunModel)" time="0.042" />
  <testcase classname="ptolemy.util.test.junit.AutoTests" name="[50] /home/travis/build/icyphy/ptII/ptolemy/domains/modal/test/auto/ErrorTransition11.xml (RunModel)" time="0.041" />
  <testcase classname="ptolemy.util.test.junit.AutoTests" name="[51] /home/travis/build/icyphy/ptII/ptolemy/domains/modal/test/auto/ErrorTransition2.xml (RunModel)" time="0.024" />
  <testcase classname="ptolemy.util.test.junit.AutoTests" name="[52] /home/travis/build/icyphy/ptII/ptolemy/domains/modal/test/auto/ErrorTransition3.xml (RunModel)" time="0.037" />
  <testcase classname="ptolemy.util.test.junit.AutoTests" name="[53] /home/travis/build/icyphy/ptII/ptolemy/domains/modal/test/auto/ErrorTransition4.xml (RunModel)" time="0.049" />
  <testcase classname="ptolemy.util.test.junit.AutoTests" name="[54] /home/travis/build/icyphy/ptII/ptolemy/domains/modal/test/auto/ErrorTransition5.xml (RunModel)" time="0.039" />
  <testcase classname="ptolemy.util.test.junit.AutoTests" name="[55] /home/travis/build/icyphy/ptII/ptolemy/domains/modal/test/auto/ErrorTransition6.xml (RunModel)" time="0.036" />
  <testcase classname="ptolemy.util.test.junit.AutoTests" name="[56] /home/travis/build/icyphy/ptII/ptolemy/domains/modal/test/auto/ErrorTransition7.xml (RunModel)" time="0.05" />
  <testcase classname="ptolemy.util.test.junit.AutoTests" name="[57] /home/travis/build/icyphy/ptII/ptolemy/domains/modal/test/auto/ErrorTransition8.xml (RunModel)" time="0.055" />
  <testcase classname="ptolemy.util.test.junit.AutoTests" name="[58] /home/travis/build/icyphy/ptII/ptolemy/domains/modal/test/auto/ErrorTransition9.xml (RunModel)" time="0.048" />
  <testcase classname="ptolemy.util.test.junit.AutoTests" name="[59] /home/travis/build/icyphy/ptII/ptolemy/domains/modal/test/auto/ExtendedFSM.xml (RunModel)" time="0.029" />
  <testcase classname="ptolemy.util.test.junit.AutoTests" name="[60] /home/travis/build/icyphy/ptII/ptolemy/domains/modal/test/auto/FinalStates.xml (RunModel)" time="0.025" />
  <testcase classname="ptolemy.util.test.junit.AutoTests" name="[61] /home/travis/build/icyphy/ptII/ptolemy/domains/modal/test/auto/FixedPointFSM.xml (RunModel)" time="0.048" />
  <testcase classname="ptolemy.util.test.junit.AutoTests" name="[62] /home/travis/build/icyphy/ptII/ptolemy/domains/modal/test/auto/FixedPointIterationFSMActor.xml (RunModel)" time="0.031" />
  <testcase classname="ptolemy.util.test.junit.AutoTests" name="[63] /home/travis/build/icyphy/ptII/ptolemy/domains/modal/test/auto/FixedPointIterationFSMActor2.xml (RunModel)" time="0.04" />
  <testcase classname="ptolemy.util.test.junit.AutoTests" name="[64] /home/travis/build/icyphy/ptII/ptolemy/domains/modal/test/auto/ForbiddenInstantanousLoop.xml (RunModel)" time="0.035" />
  <testcase classname="ptolemy.util.test.junit.AutoTests" name="[65] /home/travis/build/icyphy/ptII/ptolemy/domains/modal/test/auto/FunctionDependencyOfFSMActorTest.xml (RunModel)" time="0.031" />
  <testcase classname="ptolemy.util.test.junit.AutoTests" name="[66] /home/travis/build/icyphy/ptII/ptolemy/domains/modal/test/auto/GuardExpression.xml (RunModel)" time="0.019" />
  <testcase classname="ptolemy.util.test.junit.AutoTests" name="[67] /home/travis/build/icyphy/ptII/ptolemy/domains/modal/test/auto/GuardNotEvaluated.xml (RunModel)" time="0.032" />
  <testcase classname="ptolemy.util.test.junit.AutoTests" name="[68] /home/travis/build/icyphy/ptII/ptolemy/domains/modal/test/auto/GuardNotEvaluated2.xml (RunModel)" time="0.06" />
  <testcase classname="ptolemy.util.test.junit.AutoTests" name="[69] /home/travis/build/icyphy/ptII/ptolemy/domains/modal/test/auto/GuardOnAbsent.xml (RunModel)" time="0.022" />
  <testcase classname="ptolemy.util.test.junit.AutoTests" name="[70] /home/travis/build/icyphy/ptII/ptolemy/domains/modal/test/auto/HierarchicalFSMTypeInference.xml (RunModel)" time="0.029" />
  <testcase classname="ptolemy.util.test.junit.AutoTests" name="[71] /home/travis/build/icyphy/ptII/ptolemy/domains/modal/test/auto/Hysteresis.xml (RunModel)" time="0.045" />
  <testcase classname="ptolemy.util.test.junit.AutoTests" name="[72] /home/travis/build/icyphy/ptII/ptolemy/domains/modal/test/auto/HysteresisWithDefault.xml (RunModel)" time="0.065" />
  <testcase classname="ptolemy.util.test.junit.AutoTests" name="[73] /home/travis/build/icyphy/ptII/ptolemy/domains/modal/test/auto/HysteresisWithDefault2.xml (RunModel)" time="0.098" />
  <testcase classname="ptolemy.util.test.junit.AutoTests" name="[74] /home/travis/build/icyphy/ptII/ptolemy/domains/modal/test/auto/ImmediateNonConstructiveness.xml (RunModel)" time="0.021" />
  <testcase classname="ptolemy.util.test.junit.AutoTests" name="[75] /home/travis/build/icyphy/ptII/ptolemy/domains/modal/test/auto/ImmediateNonConstructiveness2.xml (RunModel)" time="0.018" />
  <testcase classname="ptolemy.util.test.junit.AutoTests" name="[76] /home/travis/build/icyphy/ptII/ptolemy/domains/modal/test/auto/ImmediateTransitionReset.xml (RunModel)" time="0.037" />
  <testcase classname="ptolemy.util.test.junit.AutoTests" name="[77] /home/travis/build/icyphy/ptII/ptolemy/domains/modal/test/auto/ImmediateTransitions1.xml (RunModel)" time="0.013" />
  <testcase classname="ptolemy.util.test.junit.AutoTests" name="[78] /home/travis/build/icyphy/ptII/ptolemy/domains/modal/test/auto/ImmediateTransitionsInstantaneousCommunication.xml (RunModel)" time="0.028" />
  <testcase classname="ptolemy.util.test.junit.AutoTests" name="[79] /home/travis/build/icyphy/ptII/ptolemy/domains/modal/test/auto/InitialImmediateTransition.xml (RunModel)" time="0.016" />
  <testcase classname="ptolemy.util.test.junit.AutoTests" name="[80] /home/travis/build/icyphy/ptII/ptolemy/domains/modal/test/auto/InitialOutputs.xml (RunModel)" time="0.016" />
  <testcase classname="ptolemy.util.test.junit.AutoTests" name="[81] /home/travis/build/icyphy/ptII/ptolemy/domains/modal/test/auto/InitialStateTransition1.xml (RunModel)" time="0.019" />
  <testcase classname="ptolemy.util.test.junit.AutoTests" name="[82] /home/travis/build/icyphy/ptII/ptolemy/domains/modal/test/auto/InitialStateTransition2.xml (RunModel)" time="0.022" />
  <testcase classname="ptolemy.util.test.junit.AutoTests" name="[83] /home/travis/build/icyphy/ptII/ptolemy/domains/modal/test/auto/InitialStateTransition3.xml (RunModel)" time="0.046" />
  <testcase classname="ptolemy.util.test.junit.AutoTests" name="[84] /home/travis/build/icyphy/ptII/ptolemy/domains/modal/test/auto/InitialStateTransition4.xml (RunModel)" time="0.035" />
  <testcase classname="ptolemy.util.test.junit.AutoTests" name="[85] /home/travis/build/icyphy/ptII/ptolemy/domains/modal/test/auto/MalformedGuardExpressionNotCaught.xml (RunModel)" time="0.03" />
  <testcase classname="ptolemy.util.test.junit.AutoTests" name="[86] /home/travis/build/icyphy/ptII/ptolemy/domains/modal/test/auto/ModalBSC.xml (RunModel)" time="0.117" />
  <testcase classname="ptolemy.util.test.junit.AutoTests" name="[87] /home/travis/build/icyphy/ptII/ptolemy/domains/modal/test/auto/ModalClocks.xml (RunModel)" time="0.095" />
  <testcase classname="ptolemy.util.test.junit.AutoTests" name="[88] /home/travis/build/icyphy/ptII/ptolemy/domains/modal/test/auto/ModalDelay.xml (RunModel)" time="0.052" />
  <testcase classname="ptolemy.util.test.junit.AutoTests" name="[89] /home/travis/build/icyphy/ptII/ptolemy/domains/modal/test/auto/ModalDelay2.xml (RunModel)" time="0.047" />
  <testcase classname="ptolemy.util.test.junit.AutoTests" name="[90] /home/travis/build/icyphy/ptII/ptolemy/domains/modal/test/auto/ModalModelFromMemo.xml (RunModel)" time="0.059" />
  <testcase classname="ptolemy.util.test.junit.AutoTests" name="[91] /home/travis/build/icyphy/ptII/ptolemy/domains/modal/test/auto/ModalModelWithMultirateTransient.xml (RunModel)" time="0.058" />
  <testcase classname="ptolemy.util.test.junit.AutoTests" name="[92] /home/travis/build/icyphy/ptII/ptolemy/domains/modal/test/auto/ModalModelWithReset.xml (RunModel)" time="0.053" />
  <testcase classname="ptolemy.util.test.junit.AutoTests" name="[93] /home/travis/build/icyphy/ptII/ptolemy/domains/modal/test/auto/MouseClickFSM.xml (RunModel)" time="0.047" />
  <testcase classname="ptolemy.util.test.junit.AutoTests" name="[94] /home/travis/build/icyphy/ptII/ptolemy/domains/modal/test/auto/MouseClickFSMModal.xml (RunModel)" time="0.033" />
  <testcase classname="ptolemy.util.test.junit.AutoTests" name="[95] /home/travis/build/icyphy/ptII/ptolemy/domains/modal/test/auto/NonStrictFSM_FeedbackLoop.xml (RunModel)" time="0.045" />
  <testcase classname="ptolemy.util.test.junit.AutoTests" name="[96] /home/travis/build/icyphy/ptII/ptolemy/domains/modal/test/auto/NonStrictFSM_FeedbackLoop_Refinement.xml (RunModel)" time="0.087" />
  <testcase classname="ptolemy.util.test.junit.AutoTests" name="[97] /home/travis/build/icyphy/ptII/ptolemy/domains/modal/test/auto/NonStrictFSM_FeedbackLoop_preemptive.xml (RunModel)" time="0.05" />
  <testcase classname="ptolemy.util.test.junit.AutoTests" name="[98] /home/travis/build/icyphy/ptII/ptolemy/domains/modal/test/auto/NormalTermination.xml (RunModel)" time="0.046" />
  <testcase classname="ptolemy.util.test.junit.AutoTests" name="[99] /home/travis/build/icyphy/ptII/ptolemy/domains/modal/test/auto/Pong.xml (RunModel)" time="0.085" />
  <testcase classname="ptolemy.util.test.junit.AutoTests" name="[100] /home/travis/build/icyphy/ptII/ptolemy/domains/modal/test/auto/Pong_test.xml (RunModel)" time="0.101" />
  <testcase classname="ptolemy.util.test.junit.AutoTests" name="[101] /home/travis/build/icyphy/ptII/ptolemy/domains/modal/test/auto/PreemptionHierarchy.xml (RunModel)" time="0.024" />
  <testcase classname="ptolemy.util.test.junit.AutoTests" name="[102] /home/travis/build/icyphy/ptII/ptolemy/domains/modal/test/auto/PreemptionHierarchy2.xml (RunModel)" time="0.032" />
  <testcase classname="ptolemy.util.test.junit.AutoTests" name="[103] /home/travis/build/icyphy/ptII/ptolemy/domains/modal/test/auto/PreemptiveTransition.xml (RunModel)" time="0.025" />
  <testcase classname="ptolemy.util.test.junit.AutoTests" name="[104] /home/travis/build/icyphy/ptII/ptolemy/domains/modal/test/auto/Priorities.xml (RunModel)" time="0.095" />
  <testcase classname="ptolemy.util.test.junit.AutoTests" name="[105] /home/travis/build/icyphy/ptII/ptolemy/domains/modal/test/auto/ResetFinal.xml (RunModel)" time="0.043" />
  <testcase classname="ptolemy.util.test.junit.AutoTests" name="[106] /home/travis/build/icyphy/ptII/ptolemy/domains/modal/test/auto/ResetFinal2.xml (RunModel)" time="0.035" />
  <testcase classname="ptolemy.util.test.junit.AutoTests" name="[107] /home/travis/build/icyphy/ptII/ptolemy/domains/modal/test/auto/ResetTransitionWithStartTime.xml (RunModel)" time="0.026" />
  <testcase classname="ptolemy.util.test.junit.AutoTests" name="[108] /home/travis/build/icyphy/ptII/ptolemy/domains/modal/test/auto/SDF-FSMComposite.xml (RunModel)" time="0.021" />
  <testcase classname="ptolemy.util.test.junit.AutoTests" name="[109] /home/travis/build/icyphy/ptII/ptolemy/domains/modal/test/auto/SeeminglyNondeterminate.xml (RunModel)" time="0.098" />
  <testcase classname="ptolemy.util.test.junit.AutoTests" name="[110] /home/travis/build/icyphy/ptII/ptolemy/domains/modal/test/auto/SeeminglyNondeterminate2.xml (RunModel)" time="0.078" />
  <testcase classname="ptolemy.util.test.junit.AutoTests" name="[111] /home/travis/build/icyphy/ptII/ptolemy/domains/modal/test/auto/SpontaneousFSM.xml (RunModel)" time="0.057" />
  <testcase classname="ptolemy.util.test.junit.AutoTests" name="[112] /home/travis/build/icyphy/ptII/ptolemy/domains/modal/test/auto/SpontaneousFSM2.xml (RunModel)" time="0.031" />
  <testcase classname="ptolemy.util.test.junit.AutoTests" name="[113] /home/travis/build/icyphy/ptII/ptolemy/domains/modal/test/auto/SpontaneousFSM3.xml (RunModel)" time="0.039" />
  <testcase classname="ptolemy.util.test.junit.AutoTests" name="[114] /home/travis/build/icyphy/ptII/ptolemy/domains/modal/test/auto/SpontaneousFSM4.xml (RunModel)" time="0.045" />
  <testcase classname="ptolemy.util.test.junit.AutoTests" name="[115] /home/travis/build/icyphy/ptII/ptolemy/domains/modal/test/auto/StateTrackerTest.xml (RunModel)" time="0.065" />
  <testcase classname="ptolemy.util.test.junit.AutoTests" name="[116] /home/travis/build/icyphy/ptII/ptolemy/domains/modal/test/auto/StrongImmediateTransition.xml (RunModel)" time="0.024" />
  <testcase classname="ptolemy.util.test.junit.AutoTests" name="[117] /home/travis/build/icyphy/ptII/ptolemy/domains/modal/test/auto/SustainHierarchy.xml (RunModel)" time="0.03" />
  <testcase classname="ptolemy.util.test.junit.AutoTests" name="[118] /home/travis/build/icyphy/ptII/ptolemy/domains/modal/test/auto/TerminationTransition1.xml (RunModel)" time="0.019" />
  <testcase classname="ptolemy.util.test.junit.AutoTests" name="[119] /home/travis/build/icyphy/ptII/ptolemy/domains/modal/test/auto/TerminationTransition2.xml (RunModel)" time="0.026" />
  <testcase classname="ptolemy.util.test.junit.AutoTests" name="[120] /home/travis/build/icyphy/ptII/ptolemy/domains/modal/test/auto/TerminationTransition3.xml (RunModel)" time="0.026" />
  <testcase classname="ptolemy.util.test.junit.AutoTests" name="[121] /home/travis/build/icyphy/ptII/ptolemy/domains/modal/test/auto/TerminationTransition4.xml (RunModel)" time="0.038" />
  <testcase classname="ptolemy.util.test.junit.AutoTests" name="[122] /home/travis/build/icyphy/ptII/ptolemy/domains/modal/test/auto/TerminationTransition5.xml (RunModel)" time="0.034" />
  <testcase classname="ptolemy.util.test.junit.AutoTests" name="[123] /home/travis/build/icyphy/ptII/ptolemy/domains/modal/test/auto/TerminationTransition6.xml (RunModel)" time="0.022" />
  <testcase classname="ptolemy.util.test.junit.AutoTests" name="[124] /home/travis/build/icyphy/ptII/ptolemy/domains/modal/test/auto/TerminationTransition7.xml (RunModel)" time="0.023" />
  <testcase classname="ptolemy.util.test.junit.AutoTests" name="[125] /home/travis/build/icyphy/ptII/ptolemy/domains/modal/test/auto/TerminationTransition8.xml (RunModel)" time="0.041" />
  <testcase classname="ptolemy.util.test.junit.AutoTests" name="[126] /home/travis/build/icyphy/ptII/ptolemy/domains/modal/test/auto/Thermostat_NoHysteresis.xml (RunModel)" time="0.066" />
  <testcase classname="ptolemy.util.test.junit.AutoTests" name="[127] /home/travis/build/icyphy/ptII/ptolemy/domains/modal/test/auto/TimedFSM.xml (RunModel)" time="0.039" />
  <testcase classname="ptolemy.util.test.junit.AutoTests" name="[128] /home/travis/build/icyphy/ptII/ptolemy/domains/modal/test/auto/Timeout1.xml (RunModel)" time="0.014" />
  <testcase classname="ptolemy.util.test.junit.AutoTests" name="[129] /home/travis/build/icyphy/ptII/ptolemy/domains/modal/test/auto/Timeout2.xml (RunModel)" time="0.023" />
  <testcase classname="ptolemy.util.test.junit.AutoTests" name="[130] /home/travis/build/icyphy/ptII/ptolemy/domains/modal/test/auto/Timeout3.xml (RunModel)" time="0.013" />
  <testcase classname="ptolemy.util.test.junit.AutoTests" name="[131] /home/travis/build/icyphy/ptII/ptolemy/domains/modal/test/auto/Timeout4.xml (RunModel)" time="0.015" />
  <testcase classname="ptolemy.util.test.junit.AutoTests" name="[132] /home/travis/build/icyphy/ptII/ptolemy/domains/modal/test/auto/TransientstateModelAdvanced.xml (RunModel)" time="0.029" />
  <testcase classname="ptolemy.util.test.junit.AutoTests" name="[133] /home/travis/build/icyphy/ptII/ptolemy/domains/modal/test/auto/TransientstateModelAdvanced2.xml (RunModel)" time="0.034" />
  <testcase classname="ptolemy.util.test.junit.AutoTests" name="[134] /home/travis/build/icyphy/ptII/ptolemy/domains/modal/test/auto/TransitionRefinements.xml (RunModel)" time="0.025" />
  <testcase classname="ptolemy.util.test.junit.AutoTests" name="[135] /home/travis/build/icyphy/ptII/ptolemy/domains/modal/test/auto/TwoRefinements1.xml (RunModel)" time="0.024" />
  <testcase classname="ptolemy.util.test.junit.AutoTests" name="[136] /home/travis/build/icyphy/ptII/ptolemy/domains/modal/test/auto/TwoRefinements2.xml (RunModel)" time="0.023" />
  <testcase classname="ptolemy.util.test.junit.AutoTests" name="[137] /home/travis/build/icyphy/ptII/ptolemy/domains/modal/test/auto/WeakImmediateTransition.xml (RunModel)" time="0.029" />
  <testcase classname="ptolemy.util.test.junit.AutoTests" name="[138] /home/travis/build/icyphy/ptII/ptolemy/domains/modal/test/auto/booleanSelect.xml (RunModel)" time="0.076" />
  <testcase classname="ptolemy.util.test.junit.AutoTests" name="[139] /home/travis/build/icyphy/ptII/ptolemy/domains/modal/test/auto/modalChangingParams.xml (RunModel)" time="0.34" />
  <testcase classname="ptolemy.util.test.junit.AutoTests" name="[140] /home/travis/build/icyphy/ptII/ptolemy/domains/modal/test/auto/modalModel.xml (RunModel)" time="0.036" />
  <testcase classname="ptolemy.util.test.junit.AutoTests" name="[141] /home/travis/build/icyphy/ptII/ptolemy/domains/modal/test/auto/modalModel2.xml (RunModel)" time="0.034" />
  <testcase classname="ptolemy.util.test.junit.AutoTests" name="[142] /home/travis/build/icyphy/ptII/ptolemy/domains/modal/test/auto/modalModel3.xml (RunModel)" time="0.05" />
  <testcase classname="ptolemy.util.test.junit.AutoTests" name="[143] /home/travis/build/icyphy/ptII/ptolemy/domains/modal/test/auto/model1.xml (RunModel)" time="0.02" />
  <testcase classname="ptolemy.util.test.junit.AutoTests" name="[144] /home/travis/build/icyphy/ptII/ptolemy/domains/modal/test/auto/test-direct-in-out.xml (RunModel)" time="0.027" />
  <system-out><![CDATA[/home/travis/build/icyphy/ptII/ptolemy/domains/modal/test/SystemLevelType.tcl
testDefs.tcl: setting time out to 9000 seconds at Tue Jul 09 04:47:46 UTC 2019
07/09/19 04:47:48
Failed: 0  Total Tests: 1  ((Passed: 1, Newly Passed: 0)  Known Failed: 0) /home/travis/build/icyphy/ptII/ptolemy/domains/modal/test
----------------- testing (KnownFailure) /home/travis/build/icyphy/ptII/ptolemy/domains/modal/test/auto/knownFailedTests/CannotAnalysisWithPreemption.xml
170 ms. Memory: 156672K Free: 115992K (74%)
Known Failure: java.lang.reflect.InvocationTargetException
No auto/linux-amd64/*.xml tests in /home/travis/build/icyphy/ptII/ptolemy/domains/modal/test
AutoTests.java: About to close Vertx.
AutoTests.java: Vertx closed.

===========================================================================================
----------------- testing Tue Jul 09 04:47:49 UTC 2019 /home/travis/build/icyphy/ptII/ptolemy/domains/modal/test/auto/ABPTest.xml
----------------- Instantiating /home/travis/build/icyphy/ptII/ptolemy/domains/modal/test/auto/ABPTest.xml
395 ms. Memory: 206848K Free: 177418K (86%)
----------------- Invoking toplevel() on ptolemy.moml.MoMLSimpleApplication@2f62a27
----------------- Done invoking toplevel() on ptolemy.moml.MoMLSimpleApplication@2f62a27
reloadAllAccessors: .ABPTest

===========================================================================================
----------------- testing Tue Jul 09 04:47:50 UTC 2019 /home/travis/build/icyphy/ptII/ptolemy/domains/modal/test/auto/ABROFlat.xml
----------------- Instantiating /home/travis/build/icyphy/ptII/ptolemy/domains/modal/test/auto/ABROFlat.xml
16 ms. Memory: 206848K Free: 161562K (78%)
----------------- Invoking toplevel() on ptolemy.moml.MoMLSimpleApplication@17809fb
----------------- Done invoking toplevel() on ptolemy.moml.MoMLSimpleApplication@17809fb
reloadAllAccessors: .ABROFlat

===========================================================================================
----------------- testing Tue Jul 09 04:47:50 UTC 2019 /home/travis/build/icyphy/ptII/ptolemy/domains/modal/test/auto/ABROFlat2.xml
----------------- Instantiating /home/travis/build/icyphy/ptII/ptolemy/domains/modal/test/auto/ABROFlat2.xml
11 ms. Memory: 206848K Free: 145178K (70%)
----------------- Invoking toplevel() on ptolemy.moml.MoMLSimpleApplication@235f66c8
----------------- Done invoking toplevel() on ptolemy.moml.MoMLSimpleApplication@235f66c8
reloadAllAccessors: .ABROFlat2

===========================================================================================
----------------- testing Tue Jul 09 04:47:50 UTC 2019 /home/travis/build/icyphy/ptII/ptolemy/domains/modal/test/auto/ABRO_present_hmm.xml
----------------- Instantiating /home/travis/build/icyphy/ptII/ptolemy/domains/modal/test/auto/ABRO_present_hmm.xml
39 ms. Memory: 206848K Free: 118554K (57%)
----------------- Invoking toplevel() on ptolemy.moml.MoMLSimpleApplication@281930de
----------------- Done invoking toplevel() on ptolemy.moml.MoMLSimpleApplication@281930de
reloadAllAccessors: .ABRO_present_hmm

===========================================================================================
----------------- testing Tue Jul 09 04:47:50 UTC 2019 /home/travis/build/icyphy/ptII/ptolemy/domains/modal/test/auto/AMICoderExample.xml
----------------- Instantiating /home/travis/build/icyphy/ptII/ptolemy/domains/modal/test/auto/AMICoderExample.xml
30 ms. Memory: 206848K Free: 108818K (53%)
----------------- Invoking toplevel() on ptolemy.moml.MoMLSimpleApplication@5dbe5728
----------------- Done invoking toplevel() on ptolemy.moml.MoMLSimpleApplication@5dbe5728
reloadAllAccessors: .AMICoderExample

===========================================================================================
----------------- testing Tue Jul 09 04:47:51 UTC 2019 /home/travis/build/icyphy/ptII/ptolemy/domains/modal/test/auto/AbsentToPresent.xml
----------------- Instantiating /home/travis/build/icyphy/ptII/ptolemy/domains/modal/test/auto/AbsentToPresent.xml
3 ms. Memory: 206848K Free: 104714K (51%)
----------------- Invoking toplevel() on ptolemy.moml.MoMLSimpleApplication@7b236952
----------------- Done invoking toplevel() on ptolemy.moml.MoMLSimpleApplication@7b236952
reloadAllAccessors: .AbsentToPresent

===========================================================================================
----------------- testing Tue Jul 09 04:47:51 UTC 2019 /home/travis/build/icyphy/ptII/ptolemy/domains/modal/test/auto/Blending.xml
----------------- Instantiating /home/travis/build/icyphy/ptII/ptolemy/domains/modal/test/auto/Blending.xml
183 ms. Memory: 206848K Free: 173384K (84%)
----------------- Invoking toplevel() on ptolemy.moml.MoMLSimpleApplication@649d4f24
----------------- Done invoking toplevel() on ptolemy.moml.MoMLSimpleApplication@649d4f24
reloadAllAccessors: .Blending

===========================================================================================
----------------- testing Tue Jul 09 04:47:51 UTC 2019 /home/travis/build/icyphy/ptII/ptolemy/domains/modal/test/auto/Broadcast.xml
----------------- Instantiating /home/travis/build/icyphy/ptII/ptolemy/domains/modal/test/auto/Broadcast.xml
6 ms. Memory: 206848K Free: 163608K (79%)
----------------- Invoking toplevel() on ptolemy.moml.MoMLSimpleApplication@2f230e48
----------------- Done invoking toplevel() on ptolemy.moml.MoMLSimpleApplication@2f230e48
reloadAllAccessors: .Broadcast

===========================================================================================
----------------- testing Tue Jul 09 04:47:51 UTC 2019 /home/travis/build/icyphy/ptII/ptolemy/domains/modal/test/auto/BroadcastHierarchy.xml
----------------- Instantiating /home/travis/build/icyphy/ptII/ptolemy/domains/modal/test/auto/BroadcastHierarchy.xml
8 ms. Memory: 206848K Free: 149786K (72%)
----------------- Invoking toplevel() on ptolemy.moml.MoMLSimpleApplication@4e916b40
----------------- Done invoking toplevel() on ptolemy.moml.MoMLSimpleApplication@4e916b40
reloadAllAccessors: .BroadcastHierarchy

===========================================================================================
----------------- testing Tue Jul 09 04:47:51 UTC 2019 /home/travis/build/icyphy/ptII/ptolemy/domains/modal/test/auto/BroadcastHierarchy2.xml
----------------- Instantiating /home/travis/build/icyphy/ptII/ptolemy/domains/modal/test/auto/BroadcastHierarchy2.xml
18 ms. Memory: 206848K Free: 123162K (60%)
----------------- Invoking toplevel() on ptolemy.moml.MoMLSimpleApplication@7249ecb2
----------------- Done invoking toplevel() on ptolemy.moml.MoMLSimpleApplication@7249ecb2
reloadAllAccessors: .BroadcastHierarchy2

===========================================================================================
----------------- testing Tue Jul 09 04:47:51 UTC 2019 /home/travis/build/icyphy/ptII/ptolemy/domains/modal/test/auto/BroadcastHierarchy3.xml
----------------- Instantiating /home/travis/build/icyphy/ptII/ptolemy/domains/modal/test/auto/BroadcastHierarchy3.xml
24 ms. Memory: 206848K Free: 103192K (50%)
----------------- Invoking toplevel() on ptolemy.moml.MoMLSimpleApplication@285d7c2b
----------------- Done invoking toplevel() on ptolemy.moml.MoMLSimpleApplication@285d7c2b
reloadAllAccessors: .BroadcastHierarchy3

===========================================================================================
----------------- testing Tue Jul 09 04:47:51 UTC 2019 /home/travis/build/icyphy/ptII/ptolemy/domains/modal/test/auto/BroadcastHierarchy4.xml
----------------- Instantiating /home/travis/build/icyphy/ptII/ptolemy/domains/modal/test/auto/BroadcastHierarchy4.xml
25 ms. Memory: 206848K Free: 79130K (38%)
----------------- Invoking toplevel() on ptolemy.moml.MoMLSimpleApplication@4cce2376
----------------- Done invoking toplevel() on ptolemy.moml.MoMLSimpleApplication@4cce2376
reloadAllAccessors: .BroadcastHierarchy4

===========================================================================================
----------------- testing Tue Jul 09 04:47:51 UTC 2019 /home/travis/build/icyphy/ptII/ptolemy/domains/modal/test/auto/CannotAnalysisWithPreemption2.xml
----------------- Instantiating /home/travis/build/icyphy/ptII/ptolemy/domains/modal/test/auto/CannotAnalysisWithPreemption2.xml
16 ms. Memory: 206848K Free: 188936K (91%)
----------------- Invoking toplevel() on ptolemy.moml.MoMLSimpleApplication@74837764
----------------- Done invoking toplevel() on ptolemy.moml.MoMLSimpleApplication@74837764
reloadAllAccessors: .CannotAnalysisWithPreemption2

===========================================================================================
----------------- testing Tue Jul 09 04:47:51 UTC 2019 /home/travis/build/icyphy/ptII/ptolemy/domains/modal/test/auto/CannotAnalysisWithPreemption3.xml
----------------- Instantiating /home/travis/build/icyphy/ptII/ptolemy/domains/modal/test/auto/CannotAnalysisWithPreemption3.xml
6 ms. Memory: 206848K Free: 178442K (86%)
----------------- Invoking toplevel() on ptolemy.moml.MoMLSimpleApplication@6413abd2
----------------- Done invoking toplevel() on ptolemy.moml.MoMLSimpleApplication@6413abd2
reloadAllAccessors: .CannotAnalysisWithPreemption3

===========================================================================================
----------------- testing Tue Jul 09 04:47:51 UTC 2019 /home/travis/build/icyphy/ptII/ptolemy/domains/modal/test/auto/CannotProduce.xml
----------------- Instantiating /home/travis/build/icyphy/ptII/ptolemy/domains/modal/test/auto/CannotProduce.xml
8 ms. Memory: 206848K Free: 171802K (83%)
----------------- Invoking toplevel() on ptolemy.moml.MoMLSimpleApplication@d29d624
----------------- Done invoking toplevel() on ptolemy.moml.MoMLSimpleApplication@d29d624
reloadAllAccessors: .CannotProduce

===========================================================================================
----------------- testing Tue Jul 09 04:47:51 UTC 2019 /home/travis/build/icyphy/ptII/ptolemy/domains/modal/test/auto/CannotProduceModal.xml
----------------- Instantiating /home/travis/build/icyphy/ptII/ptolemy/domains/modal/test/auto/CannotProduceModal.xml
10 ms. Memory: 206848K Free: 165138K (80%)
----------------- Invoking toplevel() on ptolemy.moml.MoMLSimpleApplication@3033f9ca
----------------- Done invoking toplevel() on ptolemy.moml.MoMLSimpleApplication@3033f9ca
reloadAllAccessors: .CannotProduceModal

===========================================================================================
----------------- testing Tue Jul 09 04:47:51 UTC 2019 /home/travis/build/icyphy/ptII/ptolemy/domains/modal/test/auto/Case.xml
----------------- Instantiating /home/travis/build/icyphy/ptII/ptolemy/domains/modal/test/auto/Case.xml
33 ms. Memory: 206848K Free: 153880K (74%)
----------------- Invoking toplevel() on ptolemy.moml.MoMLSimpleApplication@2eaca6a8
----------------- Done invoking toplevel() on ptolemy.moml.MoMLSimpleApplication@2eaca6a8
reloadAllAccessors: .Case

===========================================================================================
----------------- testing Tue Jul 09 04:47:51 UTC 2019 /home/travis/build/icyphy/ptII/ptolemy/domains/modal/test/auto/Case1.xml
----------------- Instantiating /home/travis/build/icyphy/ptII/ptolemy/domains/modal/test/auto/Case1.xml
9 ms. Memory: 206848K Free: 146712K (71%)
----------------- Invoking toplevel() on ptolemy.moml.MoMLSimpleApplication@641448a9
----------------- Done invoking toplevel() on ptolemy.moml.MoMLSimpleApplication@641448a9
reloadAllAccessors: .Case1

===========================================================================================
----------------- testing Tue Jul 09 04:47:51 UTC 2019 /home/travis/build/icyphy/ptII/ptolemy/domains/modal/test/auto/Case2.xml
----------------- Instantiating /home/travis/build/icyphy/ptII/ptolemy/domains/modal/test/auto/Case2.xml
26 ms. Memory: 206848K Free: 135962K (66%)
----------------- Invoking toplevel() on ptolemy.moml.MoMLSimpleApplication@28d9fdbd
----------------- Done invoking toplevel() on ptolemy.moml.MoMLSimpleApplication@28d9fdbd
reloadAllAccessors: .Case2

===========================================================================================
----------------- testing Tue Jul 09 04:47:52 UTC 2019 /home/travis/build/icyphy/ptII/ptolemy/domains/modal/test/auto/CausalityInterface1.xml
----------------- Instantiating /home/travis/build/icyphy/ptII/ptolemy/domains/modal/test/auto/CausalityInterface1.xml
5 ms. Memory: 206848K Free: 131352K (64%)
----------------- Invoking toplevel() on ptolemy.moml.MoMLSimpleApplication@3ab3cdd1
----------------- Done invoking toplevel() on ptolemy.moml.MoMLSimpleApplication@3ab3cdd1
reloadAllAccessors: .CausalityInterface1

===========================================================================================
----------------- testing Tue Jul 09 04:47:52 UTC 2019 /home/travis/build/icyphy/ptII/ptolemy/domains/modal/test/auto/CausalityInterface10.xml
----------------- Instantiating /home/travis/build/icyphy/ptII/ptolemy/domains/modal/test/auto/CausalityInterface10.xml
16 ms. Memory: 206848K Free: 118026K (57%)
----------------- Invoking toplevel() on ptolemy.moml.MoMLSimpleApplication@5f5eb082
----------------- Done invoking toplevel() on ptolemy.moml.MoMLSimpleApplication@5f5eb082
reloadAllAccessors: .CausalityInterface10

===========================================================================================
----------------- testing Tue Jul 09 04:47:52 UTC 2019 /home/travis/build/icyphy/ptII/ptolemy/domains/modal/test/auto/CausalityInterface11.xml
----------------- Instantiating /home/travis/build/icyphy/ptII/ptolemy/domains/modal/test/auto/CausalityInterface11.xml
9 ms. Memory: 206848K Free: 104698K (51%)
----------------- Invoking toplevel() on ptolemy.moml.MoMLSimpleApplication@d1e4083
----------------- Done invoking toplevel() on ptolemy.moml.MoMLSimpleApplication@d1e4083
reloadAllAccessors: .CausalityInterface11

===========================================================================================
----------------- testing Tue Jul 09 04:47:52 UTC 2019 /home/travis/build/icyphy/ptII/ptolemy/domains/modal/test/auto/CausalityInterface12.xml
----------------- Instantiating /home/travis/build/icyphy/ptII/ptolemy/domains/modal/test/auto/CausalityInterface12.xml
7 ms. Memory: 206848K Free: 91386K (44%)
----------------- Invoking toplevel() on ptolemy.moml.MoMLSimpleApplication@3bbee0f4
----------------- Done invoking toplevel() on ptolemy.moml.MoMLSimpleApplication@3bbee0f4
reloadAllAccessors: .CausalityInterface12

===========================================================================================
----------------- testing Tue Jul 09 04:47:52 UTC 2019 /home/travis/build/icyphy/ptII/ptolemy/domains/modal/test/auto/CausalityInterface13.xml
----------------- Instantiating /home/travis/build/icyphy/ptII/ptolemy/domains/modal/test/auto/CausalityInterface13.xml
6 ms. Memory: 206848K Free: 78090K (38%)
----------------- Invoking toplevel() on ptolemy.moml.MoMLSimpleApplication@634d697b
----------------- Done invoking toplevel() on ptolemy.moml.MoMLSimpleApplication@634d697b
reloadAllAccessors: .CausalityInterface13

===========================================================================================
----------------- testing Tue Jul 09 04:47:52 UTC 2019 /home/travis/build/icyphy/ptII/ptolemy/domains/modal/test/auto/CausalityInterface14.xml
----------------- Instantiating /home/travis/build/icyphy/ptII/ptolemy/domains/modal/test/auto/CausalityInterface14.xml
6 ms. Memory: 279552K Free: 252696K (90%)
----------------- Invoking toplevel() on ptolemy.moml.MoMLSimpleApplication@2c50787f
----------------- Done invoking toplevel() on ptolemy.moml.MoMLSimpleApplication@2c50787f
reloadAllAccessors: .CausalityInterface14

===========================================================================================
----------------- testing Tue Jul 09 04:47:52 UTC 2019 /home/travis/build/icyphy/ptII/ptolemy/domains/modal/test/auto/CausalityInterface2.xml
----------------- Instantiating /home/travis/build/icyphy/ptII/ptolemy/domains/modal/test/auto/CausalityInterface2.xml
7 ms. Memory: 279552K Free: 246040K (88%)
----------------- Invoking toplevel() on ptolemy.moml.MoMLSimpleApplication@1460543b
----------------- Done invoking toplevel() on ptolemy.moml.MoMLSimpleApplication@1460543b
reloadAllAccessors: .CausalityInterface2

===========================================================================================
----------------- testing Tue Jul 09 04:47:52 UTC 2019 /home/travis/build/icyphy/ptII/ptolemy/domains/modal/test/auto/CausalityInterface3.xml
----------------- Instantiating /home/travis/build/icyphy/ptII/ptolemy/domains/modal/test/auto/CausalityInterface3.xml
3 ms. Memory: 279552K Free: 239898K (86%)
----------------- Invoking toplevel() on ptolemy.moml.MoMLSimpleApplication@3ecc4a34
----------------- Done invoking toplevel() on ptolemy.moml.MoMLSimpleApplication@3ecc4a34
reloadAllAccessors: .CausalityInterface3

===========================================================================================
----------------- testing Tue Jul 09 04:47:52 UTC 2019 /home/travis/build/icyphy/ptII/ptolemy/domains/modal/test/auto/CausalityInterface4.xml
----------------- Instantiating /home/travis/build/icyphy/ptII/ptolemy/domains/modal/test/auto/CausalityInterface4.xml
3 ms. Memory: 279552K Free: 233754K (84%)
----------------- Invoking toplevel() on ptolemy.moml.MoMLSimpleApplication@43b2963d
----------------- Done invoking toplevel() on ptolemy.moml.MoMLSimpleApplication@43b2963d
reloadAllAccessors: .CausalityInterface4

===========================================================================================
----------------- testing Tue Jul 09 04:47:52 UTC 2019 /home/travis/build/icyphy/ptII/ptolemy/domains/modal/test/auto/CausalityInterface5.xml
----------------- Instantiating /home/travis/build/icyphy/ptII/ptolemy/domains/modal/test/auto/CausalityInterface5.xml
6 ms. Memory: 279552K Free: 225562K (81%)
----------------- Invoking toplevel() on ptolemy.moml.MoMLSimpleApplication@6d45d874
----------------- Done invoking toplevel() on ptolemy.moml.MoMLSimpleApplication@6d45d874
reloadAllAccessors: .CausalityInterface5

===========================================================================================
----------------- testing Tue Jul 09 04:47:52 UTC 2019 /home/travis/build/icyphy/ptII/ptolemy/domains/modal/test/auto/CausalityInterface6.xml
----------------- Instantiating /home/travis/build/icyphy/ptII/ptolemy/domains/modal/test/auto/CausalityInterface6.xml
8 ms. Memory: 279552K Free: 217370K (78%)
----------------- Invoking toplevel() on ptolemy.moml.MoMLSimpleApplication@20929ad4
----------------- Done invoking toplevel() on ptolemy.moml.MoMLSimpleApplication@20929ad4
reloadAllAccessors: .CausalityInterface6

===========================================================================================
----------------- testing Tue Jul 09 04:47:52 UTC 2019 /home/travis/build/icyphy/ptII/ptolemy/domains/modal/test/auto/CausalityInterface7.xml
----------------- Instantiating /home/travis/build/icyphy/ptII/ptolemy/domains/modal/test/auto/CausalityInterface7.xml
7 ms. Memory: 279552K Free: 209178K (75%)
----------------- Invoking toplevel() on ptolemy.moml.MoMLSimpleApplication@6641550e
----------------- Done invoking toplevel() on ptolemy.moml.MoMLSimpleApplication@6641550e
reloadAllAccessors: .CausalityInterface7

===========================================================================================
----------------- testing Tue Jul 09 04:47:52 UTC 2019 /home/travis/build/icyphy/ptII/ptolemy/domains/modal/test/auto/CausalityInterface8.xml
----------------- Instantiating /home/travis/build/icyphy/ptII/ptolemy/domains/modal/test/auto/CausalityInterface8.xml
7 ms. Memory: 279552K Free: 200986K (72%)
----------------- Invoking toplevel() on ptolemy.moml.MoMLSimpleApplication@32922380
----------------- Done invoking toplevel() on ptolemy.moml.MoMLSimpleApplication@32922380
reloadAllAccessors: .CausalityInterface8

===========================================================================================
----------------- testing Tue Jul 09 04:47:52 UTC 2019 /home/travis/build/icyphy/ptII/ptolemy/domains/modal/test/auto/CausalityInterface9.xml
----------------- Instantiating /home/travis/build/icyphy/ptII/ptolemy/domains/modal/test/auto/CausalityInterface9.xml
7 ms. Memory: 279552K Free: 191770K (69%)
----------------- Invoking toplevel() on ptolemy.moml.MoMLSimpleApplication@32550b2a
----------------- Done invoking toplevel() on ptolemy.moml.MoMLSimpleApplication@32550b2a
reloadAllAccessors: .CausalityInterface9

===========================================================================================
----------------- testing Tue Jul 09 04:47:52 UTC 2019 /home/travis/build/icyphy/ptII/ptolemy/domains/modal/test/auto/ChainedTransitions.xml
----------------- Instantiating /home/travis/build/icyphy/ptII/ptolemy/domains/modal/test/auto/ChainedTransitions.xml
106 ms. Memory: 279552K Free: 167194K (60%)
----------------- Invoking toplevel() on ptolemy.moml.MoMLSimpleApplication@50364573
----------------- Done invoking toplevel() on ptolemy.moml.MoMLSimpleApplication@50364573
reloadAllAccessors: .ChainedTransitions

===========================================================================================
----------------- testing Tue Jul 09 04:47:52 UTC 2019 /home/travis/build/icyphy/ptII/ptolemy/domains/modal/test/auto/CycleOfImmediateTransitionsFSM.xml
----------------- Instantiating /home/travis/build/icyphy/ptII/ptolemy/domains/modal/test/auto/CycleOfImmediateTransitionsFSM.xml
4 ms. Memory: 279552K Free: 161560K (58%)
----------------- Invoking toplevel() on ptolemy.moml.MoMLSimpleApplication@b3f8f5d
----------------- Done invoking toplevel() on ptolemy.moml.MoMLSimpleApplication@b3f8f5d
reloadAllAccessors: .CycleOfImmediateTransitionsFSM

===========================================================================================
----------------- testing Tue Jul 09 04:47:52 UTC 2019 /home/travis/build/icyphy/ptII/ptolemy/domains/modal/test/auto/CycleOfImmediateTransitionsModal.xml
----------------- Instantiating /home/travis/build/icyphy/ptII/ptolemy/domains/modal/test/auto/CycleOfImmediateTransitionsModal.xml
10 ms. Memory: 279552K Free: 155416K (56%)
----------------- Invoking toplevel() on ptolemy.moml.MoMLSimpleApplication@a7c2fdb
----------------- Done invoking toplevel() on ptolemy.moml.MoMLSimpleApplication@a7c2fdb
reloadAllAccessors: .CycleOfImmediateTransitionsModal

===========================================================================================
----------------- testing Tue Jul 09 04:47:52 UTC 2019 /home/travis/build/icyphy/ptII/ptolemy/domains/modal/test/auto/CycleOfImmediateTransitionsModal2.xml
----------------- Instantiating /home/travis/build/icyphy/ptII/ptolemy/domains/modal/test/auto/CycleOfImmediateTransitionsModal2.xml
2 ms. Memory: 279552K Free: 148762K (53%)
----------------- Invoking toplevel() on ptolemy.moml.MoMLSimpleApplication@1addcebd
----------------- Done invoking toplevel() on ptolemy.moml.MoMLSimpleApplication@1addcebd
reloadAllAccessors: .CycleOfImmediateTransitionsModal2

===========================================================================================
----------------- testing Tue Jul 09 04:47:52 UTC 2019 /home/travis/build/icyphy/ptII/ptolemy/domains/modal/test/auto/CycleOfImmediateTransitionsModal3.xml
----------------- Instantiating /home/travis/build/icyphy/ptII/ptolemy/domains/modal/test/auto/CycleOfImmediateTransitionsModal3.xml
12 ms. Memory: 279552K Free: 126234K (45%)
----------------- Invoking toplevel() on ptolemy.moml.MoMLSimpleApplication@53f39dfa
----------------- Done invoking toplevel() on ptolemy.moml.MoMLSimpleApplication@53f39dfa
reloadAllAccessors: .CycleOfImmediateTransitionsModal3

===========================================================================================
----------------- testing Tue Jul 09 04:47:52 UTC 2019 /home/travis/build/icyphy/ptII/ptolemy/domains/modal/test/auto/DeepModal1.xml
----------------- Instantiating /home/travis/build/icyphy/ptII/ptolemy/domains/modal/test/auto/DeepModal1.xml
30 ms. Memory: 279552K Free: 256250K (92%)
----------------- Invoking toplevel() on ptolemy.moml.MoMLSimpleApplication@57b8a35
----------------- Done invoking toplevel() on ptolemy.moml.MoMLSimpleApplication@57b8a35
reloadAllAccessors: .DeepModal1

===========================================================================================
----------------- testing Tue Jul 09 04:47:53 UTC 2019 /home/travis/build/icyphy/ptII/ptolemy/domains/modal/test/auto/DeepModal2.xml
----------------- Instantiating /home/travis/build/icyphy/ptII/ptolemy/domains/modal/test/auto/DeepModal2.xml
27 ms. Memory: 279552K Free: 237338K (85%)
----------------- Invoking toplevel() on ptolemy.moml.MoMLSimpleApplication@6324250c
----------------- Done invoking toplevel() on ptolemy.moml.MoMLSimpleApplication@6324250c
reloadAllAccessors: .DeepModal2

===========================================================================================
----------------- testing Tue Jul 09 04:47:53 UTC 2019 /home/travis/build/icyphy/ptII/ptolemy/domains/modal/test/auto/DeepModal3.xml
----------------- Instantiating /home/travis/build/icyphy/ptII/ptolemy/domains/modal/test/auto/DeepModal3.xml
34 ms. Memory: 279552K Free: 217882K (78%)
----------------- Invoking toplevel() on ptolemy.moml.MoMLSimpleApplication@29f907ce
----------------- Done invoking toplevel() on ptolemy.moml.MoMLSimpleApplication@29f907ce
reloadAllAccessors: .DeepModal3

===========================================================================================
----------------- testing Tue Jul 09 04:47:53 UTC 2019 /home/travis/build/icyphy/ptII/ptolemy/domains/modal/test/auto/DeepModal4.xml
----------------- Instantiating /home/travis/build/icyphy/ptII/ptolemy/domains/modal/test/auto/DeepModal4.xml
31 ms. Memory: 279552K Free: 198936K (71%)
----------------- Invoking toplevel() on ptolemy.moml.MoMLSimpleApplication@7daa73e2
----------------- Done invoking toplevel() on ptolemy.moml.MoMLSimpleApplication@7daa73e2
reloadAllAccessors: .DeepModal4

===========================================================================================
----------------- testing Tue Jul 09 04:47:53 UTC 2019 /home/travis/build/icyphy/ptII/ptolemy/domains/modal/test/auto/Default1.xml
----------------- Instantiating /home/travis/build/icyphy/ptII/ptolemy/domains/modal/test/auto/Default1.xml
2 ms. Memory: 279552K Free: 192792K (69%)
----------------- Invoking toplevel() on ptolemy.moml.MoMLSimpleApplication@28555b14
----------------- Done invoking toplevel() on ptolemy.moml.MoMLSimpleApplication@28555b14
reloadAllAccessors: .Default1

===========================================================================================
----------------- testing Tue Jul 09 04:47:53 UTC 2019 /home/travis/build/icyphy/ptII/ptolemy/domains/modal/test/auto/Default2.xml
----------------- Instantiating /home/travis/build/icyphy/ptII/ptolemy/domains/modal/test/auto/Default2.xml
2 ms. Memory: 279552K Free: 187162K (67%)
----------------- Invoking toplevel() on ptolemy.moml.MoMLSimpleApplication@5e6d794a
----------------- Done invoking toplevel() on ptolemy.moml.MoMLSimpleApplication@5e6d794a
reloadAllAccessors: .Default2

===========================================================================================
----------------- testing Tue Jul 09 04:47:53 UTC 2019 /home/travis/build/icyphy/ptII/ptolemy/domains/modal/test/auto/Default3.xml
----------------- Instantiating /home/travis/build/icyphy/ptII/ptolemy/domains/modal/test/auto/Default3.xml
3 ms. Memory: 279552K Free: 180504K (65%)
----------------- Invoking toplevel() on ptolemy.moml.MoMLSimpleApplication@53971930
----------------- Done invoking toplevel() on ptolemy.moml.MoMLSimpleApplication@53971930
reloadAllAccessors: .Default3

===========================================================================================
----------------- testing Tue Jul 09 04:47:53 UTC 2019 /home/travis/build/icyphy/ptII/ptolemy/domains/modal/test/auto/Default4.xml
----------------- Instantiating /home/travis/build/icyphy/ptII/ptolemy/domains/modal/test/auto/Default4.xml
3 ms. Memory: 279552K Free: 174360K (62%)
----------------- Invoking toplevel() on ptolemy.moml.MoMLSimpleApplication@91f970a
----------------- Done invoking toplevel() on ptolemy.moml.MoMLSimpleApplication@91f970a
reloadAllAccessors: .Default4

===========================================================================================
----------------- testing Tue Jul 09 04:47:53 UTC 2019 /home/travis/build/icyphy/ptII/ptolemy/domains/modal/test/auto/Default5.xml
----------------- Instantiating /home/travis/build/icyphy/ptII/ptolemy/domains/modal/test/auto/Default5.xml
6 ms. Memory: 279552K Free: 166168K (59%)
----------------- Invoking toplevel() on ptolemy.moml.MoMLSimpleApplication@6f809c57
----------------- Done invoking toplevel() on ptolemy.moml.MoMLSimpleApplication@6f809c57
reloadAllAccessors: .Default5

===========================================================================================
----------------- testing Tue Jul 09 04:47:53 UTC 2019 /home/travis/build/icyphy/ptII/ptolemy/domains/modal/test/auto/EmptyGuard.xml
----------------- Instantiating /home/travis/build/icyphy/ptII/ptolemy/domains/modal/test/auto/EmptyGuard.xml
6 ms. Memory: 279552K Free: 158490K (57%)
----------------- Invoking toplevel() on ptolemy.moml.MoMLSimpleApplication@45cb84da
----------------- Done invoking toplevel() on ptolemy.moml.MoMLSimpleApplication@45cb84da
reloadAllAccessors: .EmptyGuard

===========================================================================================
----------------- testing Tue Jul 09 04:47:53 UTC 2019 /home/travis/build/icyphy/ptII/ptolemy/domains/modal/test/auto/ErrorTransition1.xml
----------------- Instantiating /home/travis/build/icyphy/ptII/ptolemy/domains/modal/test/auto/ErrorTransition1.xml
9 ms. Memory: 279552K Free: 149784K (54%)
----------------- Invoking toplevel() on ptolemy.moml.MoMLSimpleApplication@28692fd0
----------------- Done invoking toplevel() on ptolemy.moml.MoMLSimpleApplication@28692fd0
reloadAllAccessors: .ErrorTransition1

===========================================================================================
----------------- testing Tue Jul 09 04:47:53 UTC 2019 /home/travis/build/icyphy/ptII/ptolemy/domains/modal/test/auto/ErrorTransition10.xml
----------------- Instantiating /home/travis/build/icyphy/ptII/ptolemy/domains/modal/test/auto/ErrorTransition10.xml
15 ms. Memory: 279552K Free: 136442K (49%)
----------------- Invoking toplevel() on ptolemy.moml.MoMLSimpleApplication@6afc0805
----------------- Done invoking toplevel() on ptolemy.moml.MoMLSimpleApplication@6afc0805
reloadAllAccessors: .ErrorTransition10

===========================================================================================
----------------- testing Tue Jul 09 04:47:53 UTC 2019 /home/travis/build/icyphy/ptII/ptolemy/domains/modal/test/auto/ErrorTransition11.xml
----------------- Instantiating /home/travis/build/icyphy/ptII/ptolemy/domains/modal/test/auto/ErrorTransition11.xml
4 ms. Memory: 279552K Free: 125208K (45%)
----------------- Invoking toplevel() on ptolemy.moml.MoMLSimpleApplication@6b4f2d5d
----------------- Done invoking toplevel() on ptolemy.moml.MoMLSimpleApplication@6b4f2d5d
reloadAllAccessors: .ErrorTransition11

===========================================================================================
----------------- testing Tue Jul 09 04:47:53 UTC 2019 /home/travis/build/icyphy/ptII/ptolemy/domains/modal/test/auto/ErrorTransition2.xml
----------------- Instantiating /home/travis/build/icyphy/ptII/ptolemy/domains/modal/test/auto/ErrorTransition2.xml
6 ms. Memory: 279552K Free: 115992K (41%)
----------------- Invoking toplevel() on ptolemy.moml.MoMLSimpleApplication@7ffe79d3
----------------- Done invoking toplevel() on ptolemy.moml.MoMLSimpleApplication@7ffe79d3
reloadAllAccessors: .ErrorTransition2

===========================================================================================
----------------- testing Tue Jul 09 04:47:53 UTC 2019 /home/travis/build/icyphy/ptII/ptolemy/domains/modal/test/auto/ErrorTransition3.xml
----------------- Instantiating /home/travis/build/icyphy/ptII/ptolemy/domains/modal/test/auto/ErrorTransition3.xml
19 ms. Memory: 279552K Free: 106266K (38%)
----------------- Invoking toplevel() on ptolemy.moml.MoMLSimpleApplication@ad999d4
----------------- Done invoking toplevel() on ptolemy.moml.MoMLSimpleApplication@ad999d4
reloadAllAccessors: .ErrorTransition3

===========================================================================================
----------------- testing Tue Jul 09 04:47:53 UTC 2019 /home/travis/build/icyphy/ptII/ptolemy/domains/modal/test/auto/ErrorTransition4.xml
----------------- Instantiating /home/travis/build/icyphy/ptII/ptolemy/domains/modal/test/auto/ErrorTransition4.xml
8 ms. Memory: 279552K Free: 254744K (91%)
----------------- Invoking toplevel() on ptolemy.moml.MoMLSimpleApplication@2f527529
----------------- Done invoking toplevel() on ptolemy.moml.MoMLSimpleApplication@2f527529
reloadAllAccessors: .ErrorTransition4

===========================================================================================
----------------- testing Tue Jul 09 04:47:53 UTC 2019 /home/travis/build/icyphy/ptII/ptolemy/domains/modal/test/auto/ErrorTransition5.xml
----------------- Instantiating /home/travis/build/icyphy/ptII/ptolemy/domains/modal/test/auto/ErrorTransition5.xml
12 ms. Memory: 279552K Free: 244474K (87%)
----------------- Invoking toplevel() on ptolemy.moml.MoMLSimpleApplication@e94e6b5
----------------- Done invoking toplevel() on ptolemy.moml.MoMLSimpleApplication@e94e6b5
reloadAllAccessors: .ErrorTransition5

===========================================================================================
----------------- testing Tue Jul 09 04:47:53 UTC 2019 /home/travis/build/icyphy/ptII/ptolemy/domains/modal/test/auto/ErrorTransition6.xml
----------------- Instantiating /home/travis/build/icyphy/ptII/ptolemy/domains/modal/test/auto/ErrorTransition6.xml
14 ms. Memory: 279552K Free: 233754K (84%)
----------------- Invoking toplevel() on ptolemy.moml.MoMLSimpleApplication@612d8e57
----------------- Done invoking toplevel() on ptolemy.moml.MoMLSimpleApplication@612d8e57
reloadAllAccessors: .ErrorTransition6

===========================================================================================
----------------- testing Tue Jul 09 04:47:53 UTC 2019 /home/travis/build/icyphy/ptII/ptolemy/domains/modal/test/auto/ErrorTransition7.xml
----------------- Instantiating /home/travis/build/icyphy/ptII/ptolemy/domains/modal/test/auto/ErrorTransition7.xml
19 ms. Memory: 279552K Free: 220946K (79%)
----------------- Invoking toplevel() on ptolemy.moml.MoMLSimpleApplication@2b3da8fe
----------------- Done invoking toplevel() on ptolemy.moml.MoMLSimpleApplication@2b3da8fe
reloadAllAccessors: .ErrorTransition7

===========================================================================================
----------------- testing Tue Jul 09 04:47:53 UTC 2019 /home/travis/build/icyphy/ptII/ptolemy/domains/modal/test/auto/ErrorTransition8.xml
----------------- Instantiating /home/travis/build/icyphy/ptII/ptolemy/domains/modal/test/auto/ErrorTransition8.xml
32 ms. Memory: 279552K Free: 208154K (74%)
----------------- Invoking toplevel() on ptolemy.moml.MoMLSimpleApplication@8a3fae0
----------------- Done invoking toplevel() on ptolemy.moml.MoMLSimpleApplication@8a3fae0
reloadAllAccessors: .ErrorTransition8

===========================================================================================
----------------- testing Tue Jul 09 04:47:53 UTC 2019 /home/travis/build/icyphy/ptII/ptolemy/domains/modal/test/auto/ErrorTransition9.xml
----------------- Instantiating /home/travis/build/icyphy/ptII/ptolemy/domains/modal/test/auto/ErrorTransition9.xml
23 ms. Memory: 279552K Free: 194842K (70%)
----------------- Invoking toplevel() on ptolemy.moml.MoMLSimpleApplication@175082b0
----------------- Done invoking toplevel() on ptolemy.moml.MoMLSimpleApplication@175082b0
reloadAllAccessors: .ErrorTransition9

===========================================================================================
----------------- testing Tue Jul 09 04:47:53 UTC 2019 /home/travis/build/icyphy/ptII/ptolemy/domains/modal/test/auto/ExtendedFSM.xml
----------------- Instantiating /home/travis/build/icyphy/ptII/ptolemy/domains/modal/test/auto/ExtendedFSM.xml
7 ms. Memory: 279552K Free: 186122K (67%)
----------------- Invoking toplevel() on ptolemy.moml.MoMLSimpleApplication@8fe0986
----------------- Done invoking toplevel() on ptolemy.moml.MoMLSimpleApplication@8fe0986
reloadAllAccessors: .ExtendedFSM

===========================================================================================
----------------- testing Tue Jul 09 04:47:53 UTC 2019 /home/travis/build/icyphy/ptII/ptolemy/domains/modal/test/auto/FinalStates.xml
----------------- Instantiating /home/travis/build/icyphy/ptII/ptolemy/domains/modal/test/auto/FinalStates.xml
10 ms. Memory: 279552K Free: 178458K (64%)
----------------- Invoking toplevel() on ptolemy.moml.MoMLSimpleApplication@6b3afb41
----------------- Done invoking toplevel() on ptolemy.moml.MoMLSimpleApplication@6b3afb41
reloadAllAccessors: .FinalStates

===========================================================================================
----------------- testing Tue Jul 09 04:47:53 UTC 2019 /home/travis/build/icyphy/ptII/ptolemy/domains/modal/test/auto/FixedPointFSM.xml
----------------- Instantiating /home/travis/build/icyphy/ptII/ptolemy/domains/modal/test/auto/FixedPointFSM.xml
23 ms. Memory: 279552K Free: 163602K (59%)
----------------- Invoking toplevel() on ptolemy.moml.MoMLSimpleApplication@2bfd46b5
----------------- Done invoking toplevel() on ptolemy.moml.MoMLSimpleApplication@2bfd46b5
reloadAllAccessors: .FixedPointFSM

===========================================================================================
----------------- testing Tue Jul 09 04:47:54 UTC 2019 /home/travis/build/icyphy/ptII/ptolemy/domains/modal/test/auto/FixedPointIterationFSMActor.xml
----------------- Instantiating /home/travis/build/icyphy/ptII/ptolemy/domains/modal/test/auto/FixedPointIterationFSMActor.xml
7 ms. Memory: 279552K Free: 153362K (55%)
----------------- Invoking toplevel() on ptolemy.moml.MoMLSimpleApplication@32f01f56
----------------- Done invoking toplevel() on ptolemy.moml.MoMLSimpleApplication@32f01f56
reloadAllAccessors: .FixedPointIterationFSMActor

===========================================================================================
----------------- testing Tue Jul 09 04:47:54 UTC 2019 /home/travis/build/icyphy/ptII/ptolemy/domains/modal/test/auto/FixedPointIterationFSMActor2.xml
----------------- Instantiating /home/travis/build/icyphy/ptII/ptolemy/domains/modal/test/auto/FixedPointIterationFSMActor2.xml
13 ms. Memory: 279552K Free: 141074K (50%)
----------------- Invoking toplevel() on ptolemy.moml.MoMLSimpleApplication@42011a65
----------------- Done invoking toplevel() on ptolemy.moml.MoMLSimpleApplication@42011a65
reloadAllAccessors: .FixedPointIterationFSMActor2

===========================================================================================
----------------- testing Tue Jul 09 04:47:54 UTC 2019 /home/travis/build/icyphy/ptII/ptolemy/domains/modal/test/auto/ForbiddenInstantanousLoop.xml
----------------- Instantiating /home/travis/build/icyphy/ptII/ptolemy/domains/modal/test/auto/ForbiddenInstantanousLoop.xml
8 ms. Memory: 279552K Free: 129274K (46%)
----------------- Invoking toplevel() on ptolemy.moml.MoMLSimpleApplication@5ce15da9
----------------- Done invoking toplevel() on ptolemy.moml.MoMLSimpleApplication@5ce15da9
reloadAllAccessors: .ForbiddenInstantanousLoop

===========================================================================================
----------------- testing Tue Jul 09 04:47:54 UTC 2019 /home/travis/build/icyphy/ptII/ptolemy/domains/modal/test/auto/FunctionDependencyOfFSMActorTest.xml
----------------- Instantiating /home/travis/build/icyphy/ptII/ptolemy/domains/modal/test/auto/FunctionDependencyOfFSMActorTest.xml
17 ms. Memory: 279552K Free: 122138K (44%)
----------------- Invoking toplevel() on ptolemy.moml.MoMLSimpleApplication@1a85bcdb
----------------- Done invoking toplevel() on ptolemy.moml.MoMLSimpleApplication@1a85bcdb
reloadAllAccessors: .FunctionDependencyOfFSMActorTest

===========================================================================================
----------------- testing Tue Jul 09 04:47:54 UTC 2019 /home/travis/build/icyphy/ptII/ptolemy/domains/modal/test/auto/GuardExpression.xml
----------------- Instantiating /home/travis/build/icyphy/ptII/ptolemy/domains/modal/test/auto/GuardExpression.xml
2 ms. Memory: 279552K Free: 117018K (42%)
----------------- Invoking toplevel() on ptolemy.moml.MoMLSimpleApplication@7d1cac28
----------------- Done invoking toplevel() on ptolemy.moml.MoMLSimpleApplication@7d1cac28
reloadAllAccessors: .GuardExpression

===========================================================================================
----------------- testing Tue Jul 09 04:47:54 UTC 2019 /home/travis/build/icyphy/ptII/ptolemy/domains/modal/test/auto/GuardNotEvaluated.xml
----------------- Instantiating /home/travis/build/icyphy/ptII/ptolemy/domains/modal/test/auto/GuardNotEvaluated.xml
6 ms. Memory: 279552K Free: 108298K (39%)
----------------- Invoking toplevel() on ptolemy.moml.MoMLSimpleApplication@72606a5f
----------------- Done invoking toplevel() on ptolemy.moml.MoMLSimpleApplication@72606a5f
reloadAllAccessors: .GuardNotEvaluated

===========================================================================================
----------------- testing Tue Jul 09 04:47:54 UTC 2019 /home/travis/build/icyphy/ptII/ptolemy/domains/modal/test/auto/GuardNotEvaluated2.xml
----------------- Instantiating /home/travis/build/icyphy/ptII/ptolemy/domains/modal/test/auto/GuardNotEvaluated2.xml
8 ms. Memory: 279552K Free: 257816K (92%)
----------------- Invoking toplevel() on ptolemy.moml.MoMLSimpleApplication@4dec7a46
----------------- Done invoking toplevel() on ptolemy.moml.MoMLSimpleApplication@4dec7a46
reloadAllAccessors: .GuardNotEvaluated2

===========================================================================================
----------------- testing Tue Jul 09 04:47:54 UTC 2019 /home/travis/build/icyphy/ptII/ptolemy/domains/modal/test/auto/GuardOnAbsent.xml
----------------- Instantiating /home/travis/build/icyphy/ptII/ptolemy/domains/modal/test/auto/GuardOnAbsent.xml
9 ms. Memory: 279552K Free: 250136K (89%)
----------------- Invoking toplevel() on ptolemy.moml.MoMLSimpleApplication@ac20dc9
----------------- Done invoking toplevel() on ptolemy.moml.MoMLSimpleApplication@ac20dc9
reloadAllAccessors: .GuardOnAbsent

===========================================================================================
----------------- testing Tue Jul 09 04:47:54 UTC 2019 /home/travis/build/icyphy/ptII/ptolemy/domains/modal/test/auto/HierarchicalFSMTypeInference.xml
----------------- Instantiating /home/travis/build/icyphy/ptII/ptolemy/domains/modal/test/auto/HierarchicalFSMTypeInference.xml
5 ms. Memory: 279552K Free: 239898K (86%)
----------------- Invoking toplevel() on ptolemy.moml.MoMLSimpleApplication@7eb17e98
----------------- Done invoking toplevel() on ptolemy.moml.MoMLSimpleApplication@7eb17e98
reloadAllAccessors: .HierarchicalFSMTypeInference

===========================================================================================
----------------- testing Tue Jul 09 04:47:54 UTC 2019 /home/travis/build/icyphy/ptII/ptolemy/domains/modal/test/auto/Hysteresis.xml
----------------- Instantiating /home/travis/build/icyphy/ptII/ptolemy/domains/modal/test/auto/Hysteresis.xml
17 ms. Memory: 279552K Free: 226586K (81%)
----------------- Invoking toplevel() on ptolemy.moml.MoMLSimpleApplication@7d8cca33
----------------- Done invoking toplevel() on ptolemy.moml.MoMLSimpleApplication@7d8cca33
reloadAllAccessors: .Hysteresis

===========================================================================================
----------------- testing Tue Jul 09 04:47:54 UTC 2019 /home/travis/build/icyphy/ptII/ptolemy/domains/modal/test/auto/HysteresisWithDefault.xml
----------------- Instantiating /home/travis/build/icyphy/ptII/ptolemy/domains/modal/test/auto/HysteresisWithDefault.xml
39 ms. Memory: 279552K Free: 203530K (73%)
----------------- Invoking toplevel() on ptolemy.moml.MoMLSimpleApplication@71f51648
----------------- Done invoking toplevel() on ptolemy.moml.MoMLSimpleApplication@71f51648
reloadAllAccessors: .HysteresisWithDefault

===========================================================================================
----------------- testing Tue Jul 09 04:47:54 UTC 2019 /home/travis/build/icyphy/ptII/ptolemy/domains/modal/test/auto/HysteresisWithDefault2.xml
----------------- Instantiating /home/travis/build/icyphy/ptII/ptolemy/domains/modal/test/auto/HysteresisWithDefault2.xml
48 ms. Memory: 279552K Free: 174362K (62%)
----------------- Invoking toplevel() on ptolemy.moml.MoMLSimpleApplication@40400c89
----------------- Done invoking toplevel() on ptolemy.moml.MoMLSimpleApplication@40400c89
reloadAllAccessors: .HysteresisWithDefault2

===========================================================================================
----------------- testing Tue Jul 09 04:47:54 UTC 2019 /home/travis/build/icyphy/ptII/ptolemy/domains/modal/test/auto/ImmediateNonConstructiveness.xml
----------------- Instantiating /home/travis/build/icyphy/ptII/ptolemy/domains/modal/test/auto/ImmediateNonConstructiveness.xml
3 ms. Memory: 279552K Free: 167194K (60%)
----------------- Invoking toplevel() on ptolemy.moml.MoMLSimpleApplication@64fc8f0e
----------------- Done invoking toplevel() on ptolemy.moml.MoMLSimpleApplication@64fc8f0e
reloadAllAccessors: .ImmediateNonConstructiveness

===========================================================================================
----------------- testing Tue Jul 09 04:47:54 UTC 2019 /home/travis/build/icyphy/ptII/ptolemy/domains/modal/test/auto/ImmediateNonConstructiveness2.xml
----------------- Instantiating /home/travis/build/icyphy/ptII/ptolemy/domains/modal/test/auto/ImmediateNonConstructiveness2.xml
3 ms. Memory: 279552K Free: 161050K (58%)
----------------- Invoking toplevel() on ptolemy.moml.MoMLSimpleApplication@2db4899f
----------------- Done invoking toplevel() on ptolemy.moml.MoMLSimpleApplication@2db4899f
reloadAllAccessors: .ImmediateNonConstructiveness2

===========================================================================================
----------------- testing Tue Jul 09 04:47:54 UTC 2019 /home/travis/build/icyphy/ptII/ptolemy/domains/modal/test/auto/ImmediateTransitionReset.xml
----------------- Instantiating /home/travis/build/icyphy/ptII/ptolemy/domains/modal/test/auto/ImmediateTransitionReset.xml
8 ms. Memory: 279552K Free: 149272K (53%)
----------------- Invoking toplevel() on ptolemy.moml.MoMLSimpleApplication@603a3d65
----------------- Done invoking toplevel() on ptolemy.moml.MoMLSimpleApplication@603a3d65
reloadAllAccessors: .ImmediateTransitionReset

===========================================================================================
----------------- testing Tue Jul 09 04:47:54 UTC 2019 /home/travis/build/icyphy/ptII/ptolemy/domains/modal/test/auto/ImmediateTransitions1.xml
----------------- Instantiating /home/travis/build/icyphy/ptII/ptolemy/domains/modal/test/auto/ImmediateTransitions1.xml
1 ms. Memory: 279552K Free: 144152K (52%)
----------------- Invoking toplevel() on ptolemy.moml.MoMLSimpleApplication@741845dc
----------------- Done invoking toplevel() on ptolemy.moml.MoMLSimpleApplication@741845dc
reloadAllAccessors: .ImmediateTransitions1

===========================================================================================
----------------- testing Tue Jul 09 04:47:54 UTC 2019 /home/travis/build/icyphy/ptII/ptolemy/domains/modal/test/auto/ImmediateTransitionsInstantaneousCommunication.xml
----------------- Instantiating /home/travis/build/icyphy/ptII/ptolemy/domains/modal/test/auto/ImmediateTransitionsInstantaneousCommunication.xml
4 ms. Memory: 279552K Free: 131864K (47%)
----------------- Invoking toplevel() on ptolemy.moml.MoMLSimpleApplication@4d96d174
----------------- Done invoking toplevel() on ptolemy.moml.MoMLSimpleApplication@4d96d174
reloadAllAccessors: .ImmediateTransitionsInstantaneousCommunication

===========================================================================================
----------------- testing Tue Jul 09 04:47:54 UTC 2019 /home/travis/build/icyphy/ptII/ptolemy/domains/modal/test/auto/InitialImmediateTransition.xml
----------------- Instantiating /home/travis/build/icyphy/ptII/ptolemy/domains/modal/test/auto/InitialImmediateTransition.xml
4 ms. Memory: 279552K Free: 124690K (45%)
----------------- Invoking toplevel() on ptolemy.moml.MoMLSimpleApplication@29797b26
----------------- Done invoking toplevel() on ptolemy.moml.MoMLSimpleApplication@29797b26
reloadAllAccessors: .InitialImmediateTransition

===========================================================================================
----------------- testing Tue Jul 09 04:47:54 UTC 2019 /home/travis/build/icyphy/ptII/ptolemy/domains/modal/test/auto/InitialOutputs.xml
----------------- Instantiating /home/travis/build/icyphy/ptII/ptolemy/domains/modal/test/auto/InitialOutputs.xml
2 ms. Memory: 279552K Free: 118552K (42%)
----------------- Invoking toplevel() on ptolemy.moml.MoMLSimpleApplication@4ea841ff
----------------- Done invoking toplevel() on ptolemy.moml.MoMLSimpleApplication@4ea841ff
reloadAllAccessors: .InitialOutputs

===========================================================================================
----------------- testing Tue Jul 09 04:47:54 UTC 2019 /home/travis/build/icyphy/ptII/ptolemy/domains/modal/test/auto/InitialStateTransition1.xml
----------------- Instantiating /home/travis/build/icyphy/ptII/ptolemy/domains/modal/test/auto/InitialStateTransition1.xml
3 ms. Memory: 279552K Free: 111384K (40%)
----------------- Invoking toplevel() on ptolemy.moml.MoMLSimpleApplication@3ab6ac57
----------------- Done invoking toplevel() on ptolemy.moml.MoMLSimpleApplication@3ab6ac57
reloadAllAccessors: .InitialStateTransition1

===========================================================================================
----------------- testing Tue Jul 09 04:47:54 UTC 2019 /home/travis/build/icyphy/ptII/ptolemy/domains/modal/test/auto/InitialStateTransition2.xml
----------------- Instantiating /home/travis/build/icyphy/ptII/ptolemy/domains/modal/test/auto/InitialStateTransition2.xml
.InitialStateTransition2.TestExceptionAttributeNonConstructive: initialize() was not invoked, but wrapup() was.  This is unusual, but not always a problem.  For example, exporting JNLP will do this.
1 ms. Memory: 279552K Free: 104216K (37%)
----------------- Invoking toplevel() on ptolemy.moml.MoMLSimpleApplication@173d0c6
----------------- Done invoking toplevel() on ptolemy.moml.MoMLSimpleApplication@173d0c6
reloadAllAccessors: .InitialStateTransition2

===========================================================================================
----------------- testing Tue Jul 09 04:47:54 UTC 2019 /home/travis/build/icyphy/ptII/ptolemy/domains/modal/test/auto/InitialStateTransition3.xml
----------------- Instantiating /home/travis/build/icyphy/ptII/ptolemy/domains/modal/test/auto/InitialStateTransition3.xml
3 ms. Memory: 374784K Free: 349464K (93%)
----------------- Invoking toplevel() on ptolemy.moml.MoMLSimpleApplication@1079d4a2
----------------- Done invoking toplevel() on ptolemy.moml.MoMLSimpleApplication@1079d4a2
reloadAllAccessors: .InitialStateTransition3

===========================================================================================
----------------- testing Tue Jul 09 04:47:54 UTC 2019 /home/travis/build/icyphy/ptII/ptolemy/domains/modal/test/auto/InitialStateTransition4.xml
----------------- Instantiating /home/travis/build/icyphy/ptII/ptolemy/domains/modal/test/auto/InitialStateTransition4.xml
3 ms. Memory: 374784K Free: 339738K (91%)
----------------- Invoking toplevel() on ptolemy.moml.MoMLSimpleApplication@bece00a
----------------- Done invoking toplevel() on ptolemy.moml.MoMLSimpleApplication@bece00a
[...]
reloadAllAccessors: .TerminationTransition3

===========================================================================================
----------------- testing Tue Jul 09 04:47:56 UTC 2019 /home/travis/build/icyphy/ptII/ptolemy/domains/modal/test/auto/TerminationTransition4.xml
----------------- Instantiating /home/travis/build/icyphy/ptII/ptolemy/domains/modal/test/auto/TerminationTransition4.xml
6 ms. Memory: 374784K Free: 177739K (47%)
----------------- Invoking toplevel() on ptolemy.moml.MoMLSimpleApplication@35cd45be
----------------- Done invoking toplevel() on ptolemy.moml.MoMLSimpleApplication@35cd45be
reloadAllAccessors: .TerminationTransition4

===========================================================================================
----------------- testing Tue Jul 09 04:47:56 UTC 2019 /home/travis/build/icyphy/ptII/ptolemy/domains/modal/test/auto/TerminationTransition5.xml
----------------- Instantiating /home/travis/build/icyphy/ptII/ptolemy/domains/modal/test/auto/TerminationTransition5.xml
3 ms. Memory: 374784K Free: 163913K (44%)
----------------- Invoking toplevel() on ptolemy.moml.MoMLSimpleApplication@5662db81
----------------- Done invoking toplevel() on ptolemy.moml.MoMLSimpleApplication@5662db81
reloadAllAccessors: .TerminationTransition5

===========================================================================================
----------------- testing Tue Jul 09 04:47:56 UTC 2019 /home/travis/build/icyphy/ptII/ptolemy/domains/modal/test/auto/TerminationTransition6.xml
----------------- Instantiating /home/travis/build/icyphy/ptII/ptolemy/domains/modal/test/auto/TerminationTransition6.xml
1 ms. Memory: 374784K Free: 155211K (41%)
----------------- Invoking toplevel() on ptolemy.moml.MoMLSimpleApplication@4091122e
----------------- Done invoking toplevel() on ptolemy.moml.MoMLSimpleApplication@4091122e
reloadAllAccessors: .TerminationTransition6

===========================================================================================
----------------- testing Tue Jul 09 04:47:56 UTC 2019 /home/travis/build/icyphy/ptII/ptolemy/domains/modal/test/auto/TerminationTransition7.xml
----------------- Instantiating /home/travis/build/icyphy/ptII/ptolemy/domains/modal/test/auto/TerminationTransition7.xml
2 ms. Memory: 374784K Free: 145995K (39%)
----------------- Invoking toplevel() on ptolemy.moml.MoMLSimpleApplication@2f90b1c8
----------------- Done invoking toplevel() on ptolemy.moml.MoMLSimpleApplication@2f90b1c8
reloadAllAccessors: .TerminationTransition7

===========================================================================================
----------------- testing Tue Jul 09 04:47:56 UTC 2019 /home/travis/build/icyphy/ptII/ptolemy/domains/modal/test/auto/TerminationTransition8.xml
----------------- Instantiating /home/travis/build/icyphy/ptII/ptolemy/domains/modal/test/auto/TerminationTransition8.xml
2 ms. Memory: 374784K Free: 352587K (94%)
----------------- Invoking toplevel() on ptolemy.moml.MoMLSimpleApplication@6187f970
----------------- Done invoking toplevel() on ptolemy.moml.MoMLSimpleApplication@6187f970
reloadAllAccessors: .TerminationTransition8

===========================================================================================
----------------- testing Tue Jul 09 04:47:56 UTC 2019 /home/travis/build/icyphy/ptII/ptolemy/domains/modal/test/auto/Thermostat_NoHysteresis.xml
----------------- Instantiating /home/travis/build/icyphy/ptII/ptolemy/domains/modal/test/auto/Thermostat_NoHysteresis.xml
24 ms. Memory: 374784K Free: 327829K (87%)
----------------- Invoking toplevel() on ptolemy.moml.MoMLSimpleApplication@1d39222f
----------------- Done invoking toplevel() on ptolemy.moml.MoMLSimpleApplication@1d39222f
reloadAllAccessors: .Thermostat_NoHysteresis

===========================================================================================
----------------- testing Tue Jul 09 04:47:57 UTC 2019 /home/travis/build/icyphy/ptII/ptolemy/domains/modal/test/auto/TimedFSM.xml
----------------- Instantiating /home/travis/build/icyphy/ptII/ptolemy/domains/modal/test/auto/TimedFSM.xml
9 ms. Memory: 374784K Free: 316051K (84%)
----------------- Invoking toplevel() on ptolemy.moml.MoMLSimpleApplication@7077101d
----------------- Done invoking toplevel() on ptolemy.moml.MoMLSimpleApplication@7077101d
reloadAllAccessors: .TimedFSM

===========================================================================================
----------------- testing Tue Jul 09 04:47:57 UTC 2019 /home/travis/build/icyphy/ptII/ptolemy/domains/modal/test/auto/Timeout1.xml
----------------- Instantiating /home/travis/build/icyphy/ptII/ptolemy/domains/modal/test/auto/Timeout1.xml
3 ms. Memory: 374784K Free: 310421K (83%)
----------------- Invoking toplevel() on ptolemy.moml.MoMLSimpleApplication@60ed66bb
----------------- Done invoking toplevel() on ptolemy.moml.MoMLSimpleApplication@60ed66bb
reloadAllAccessors: .Timeout1

===========================================================================================
----------------- testing Tue Jul 09 04:47:57 UTC 2019 /home/travis/build/icyphy/ptII/ptolemy/domains/modal/test/auto/Timeout2.xml
----------------- Instantiating /home/travis/build/icyphy/ptII/ptolemy/domains/modal/test/auto/Timeout2.xml
8 ms. Memory: 374784K Free: 301701K (80%)
----------------- Invoking toplevel() on ptolemy.moml.MoMLSimpleApplication@1800b5b6
----------------- Done invoking toplevel() on ptolemy.moml.MoMLSimpleApplication@1800b5b6
reloadAllAccessors: .Timeout2

===========================================================================================
----------------- testing Tue Jul 09 04:47:57 UTC 2019 /home/travis/build/icyphy/ptII/ptolemy/domains/modal/test/auto/Timeout3.xml
----------------- Instantiating /home/travis/build/icyphy/ptII/ptolemy/domains/modal/test/auto/Timeout3.xml
2 ms. Memory: 374784K Free: 296595K (79%)
----------------- Invoking toplevel() on ptolemy.moml.MoMLSimpleApplication@16f5cb1d
----------------- Done invoking toplevel() on ptolemy.moml.MoMLSimpleApplication@16f5cb1d
reloadAllAccessors: .Timeout3

===========================================================================================
----------------- testing Tue Jul 09 04:47:57 UTC 2019 /home/travis/build/icyphy/ptII/ptolemy/domains/modal/test/auto/Timeout4.xml
----------------- Instantiating /home/travis/build/icyphy/ptII/ptolemy/domains/modal/test/auto/Timeout4.xml
2 ms. Memory: 374784K Free: 291461K (78%)
----------------- Invoking toplevel() on ptolemy.moml.MoMLSimpleApplication@3d9a34d7
----------------- Done invoking toplevel() on ptolemy.moml.MoMLSimpleApplication@3d9a34d7
reloadAllAccessors: .Timeout4

===========================================================================================
----------------- testing Tue Jul 09 04:47:57 UTC 2019 /home/travis/build/icyphy/ptII/ptolemy/domains/modal/test/auto/TransientstateModelAdvanced.xml
----------------- Instantiating /home/travis/build/icyphy/ptII/ptolemy/domains/modal/test/auto/TransientstateModelAdvanced.xml
4 ms. Memory: 374784K Free: 279173K (74%)
----------------- Invoking toplevel() on ptolemy.moml.MoMLSimpleApplication@3df2b38b
----------------- Done invoking toplevel() on ptolemy.moml.MoMLSimpleApplication@3df2b38b
reloadAllAccessors: .TransientstateModelAdvanced

===========================================================================================
----------------- testing Tue Jul 09 04:47:57 UTC 2019 /home/travis/build/icyphy/ptII/ptolemy/domains/modal/test/auto/TransientstateModelAdvanced2.xml
----------------- Instantiating /home/travis/build/icyphy/ptII/ptolemy/domains/modal/test/auto/TransientstateModelAdvanced2.xml
3 ms. Memory: 374784K Free: 265365K (71%)
----------------- Invoking toplevel() on ptolemy.moml.MoMLSimpleApplication@ff26ae5
----------------- Done invoking toplevel() on ptolemy.moml.MoMLSimpleApplication@ff26ae5
reloadAllAccessors: .transientstatemodelAdvanced

===========================================================================================
----------------- testing Tue Jul 09 04:47:57 UTC 2019 /home/travis/build/icyphy/ptII/ptolemy/domains/modal/test/auto/TransitionRefinements.xml
----------------- Instantiating /home/travis/build/icyphy/ptII/ptolemy/domains/modal/test/auto/TransitionRefinements.xml
7 ms. Memory: 374784K Free: 255621K (68%)
----------------- Invoking toplevel() on ptolemy.moml.MoMLSimpleApplication@1a09ccb5
----------------- Done invoking toplevel() on ptolemy.moml.MoMLSimpleApplication@1a09ccb5
reloadAllAccessors: .TransitionRefinements

===========================================================================================
----------------- testing Tue Jul 09 04:47:57 UTC 2019 /home/travis/build/icyphy/ptII/ptolemy/domains/modal/test/auto/TwoRefinements1.xml
----------------- Instantiating /home/travis/build/icyphy/ptII/ptolemy/domains/modal/test/auto/TwoRefinements1.xml
3 ms. Memory: 374784K Free: 245909K (66%)
----------------- Invoking toplevel() on ptolemy.moml.MoMLSimpleApplication@7aa8a2f2
----------------- Done invoking toplevel() on ptolemy.moml.MoMLSimpleApplication@7aa8a2f2
reloadAllAccessors: .TwoRefinements1

===========================================================================================
----------------- testing Tue Jul 09 04:47:57 UTC 2019 /home/travis/build/icyphy/ptII/ptolemy/domains/modal/test/auto/TwoRefinements2.xml
----------------- Instantiating /home/travis/build/icyphy/ptII/ptolemy/domains/modal/test/auto/TwoRefinements2.xml
2 ms. Memory: 374784K Free: 236179K (63%)
----------------- Invoking toplevel() on ptolemy.moml.MoMLSimpleApplication@6a921753
----------------- Done invoking toplevel() on ptolemy.moml.MoMLSimpleApplication@6a921753
reloadAllAccessors: .TwoRefinements2

===========================================================================================
----------------- testing Tue Jul 09 04:47:57 UTC 2019 /home/travis/build/icyphy/ptII/ptolemy/domains/modal/test/auto/WeakImmediateTransition.xml
----------------- Instantiating /home/travis/build/icyphy/ptII/ptolemy/domains/modal/test/auto/WeakImmediateTransition.xml
3 ms. Memory: 374784K Free: 227477K (61%)
----------------- Invoking toplevel() on ptolemy.moml.MoMLSimpleApplication@340d1bbc
----------------- Done invoking toplevel() on ptolemy.moml.MoMLSimpleApplication@340d1bbc
reloadAllAccessors: .WeakImmediateTransition

===========================================================================================
----------------- testing Tue Jul 09 04:47:57 UTC 2019 /home/travis/build/icyphy/ptII/ptolemy/domains/modal/test/auto/booleanSelect.xml
----------------- Instantiating /home/travis/build/icyphy/ptII/ptolemy/domains/modal/test/auto/booleanSelect.xml
36 ms. Memory: 374784K Free: 209541K (56%)
----------------- Invoking toplevel() on ptolemy.moml.MoMLSimpleApplication@2c88f1ed
----------------- Done invoking toplevel() on ptolemy.moml.MoMLSimpleApplication@2c88f1ed
reloadAllAccessors: .booleanSelect

===========================================================================================
----------------- testing Tue Jul 09 04:47:57 UTC 2019 /home/travis/build/icyphy/ptII/ptolemy/domains/modal/test/auto/modalChangingParams.xml
----------------- Instantiating /home/travis/build/icyphy/ptII/ptolemy/domains/modal/test/auto/modalChangingParams.xml
0
1
0
2
4
6
8
7
0
2
4
6
8
13
0
2
4
6
8
19
0
2
4
6
8
25
0
2
4
6
8
31
0
2
4
6
8
37
0
2
4
6
8
43
0
2
4
6
8
49
0
2
4
6
8
55
0
2
4
6
8
61
0
2
4
6
8
67
0
2
4
6
8
73
0
2
4
6
8
79
0
2
4
6
8
85
0
2
4
6
8
91
0
2
4
6
8
97
0
2
4
6
8
103
0
2
4
6
8
109
0
2
4
6
8
115
0
2
4
6
8
121
0
2
4
6
8
127
0
2
4
6
8
133
0
2
4
6
8
139
0
2
4
6
8
145
0
2
4
6
8
151
0
2
4
6
8
157
0
2
4
6
8
163
0
2
4
6
8
169
0
2
4
6
8
175
0
2
4
6
8
181
0
2
4
6
8
187
0
2
4
6
8
193
0
2
4
6
8
199
0
2
4
6
8
205
0
2
4
6
8
211
0
2
4
6
8
217
0
2
4
6
8
223
0
2
4
6
8
229
0
2
4
6
8
235
0
2
4
6
8
241
0
2
4
6
8
247
0
2
4
6
8
253
0
2
4
6
8
259
0
2
4
6
8
265
0
2
4
6
8
271
0
2
4
6
8
277
0
2
4
6
8
283
0
2
4
6
8
289
0
2
4
6
8
295
0
2
4
6
8
301
0
2
4
6
8
307
0
2
4
6
8
313
0
2
4
6
8
319
0
2
4
6
8
325
0
2
4
6
8
331
0
2
4
6
8
337
0
2
4
6
8
343
0
2
4
6
8
349
0
2
4
6
8
355
0
2
4
6
8
361
0
2
4
6
8
367
0
2
4
6
8
373
0
2
4
6
8
379
0
2
4
6
8
385
0
2
4
6
8
391
0
2
4
6
8
397
0
2
4
6
8
403
0
2
4
6
8
409
0
2
4
6
8
415
0
2
4
6
8
421
0
2
4
6
8
427
0
2
4
6
8
433
0
2
4
6
8
439
0
2
4
6
8
445
0
2
4
6
8
451
0
2
4
6
8
457
0
2
4
6
8
463
0
2
4
6
8
469
0
2
4
6
8
475
0
2
4
6
8
481
0
2
4
6
8
487
0
2
4
6
8
493
0
2
4
6
8
499
0
2
4
6
8
505
0
2
4
6
8
511
0
2
4
6
8
517
0
2
4
6
8
523
0
2
4
6
8
529
0
2
4
6
8
535
0
2
4
6
8
541
0
2
4
6
8
547
0
2
4
6
8
553
0
2
4
6
8
559
0
2
4
6
8
565
0
2
4
6
8
571
0
2
4
6
8
577
0
2
4
6
8
583
0
2
4
6
8
589
0
2
4
6
8
595
0
2
4
6
8
601
0
2
4
6
8
607
0
2
4
6
8
613
0
2
4
6
8
619
0
2
4
6
8
625
0
2
4
6
8
631
0
2
4
6
8
637
0
2
4
6
8
643
0
2
4
6
8
649
0
2
4
6
8
655
0
2
4
6
8
661
0
2
4
6
8
667
0
2
4
6
8
673
0
2
4
6
8
679
0
2
4
6
8
685
0
2
4
6
8
691
0
2
4
6
8
697
0
2
4
6
8
703
0
2
4
6
8
709
0
2
4
6
8
715
0
2
4
6
8
721
0
2
4
6
8
727
0
2
4
6
8
733
0
2
4
6
8
739
0
2
4
6
8
745
0
2
4
6
8
751
0
2
4
6
8
757
0
2
4
6
8
763
0
2
4
6
8
769
0
2
4
6
8
775
0
2
4
6
8
781
0
2
4
6
8
787
0
2
4
6
8
793
0
2
4
6
8
799
0
2
4
6
8
805
0
2
4
6
8
811
0
2
4
6
8
817
0
2
4
6
8
823
0
2
4
6
8
829
0
2
4
6
8
835
0
2
4
6
8
841
0
2
4
6
8
847
0
2
4
6
8
853
0
2
4
6
8
859
0
2
4
6
8
865
0
2
4
6
8
871
0
2
4
6
8
877
0
2
4
6
8
883
0
2
4
6
8
889
0
2
4
6
8
895
0
2
4
6
8
901
0
2
4
6
8
907
0
2
4
6
8
913
0
2
4
6
8
919
0
2
4
6
8
925
0
2
4
6
8
931
0
2
4
6
8
937
0
2
4
6
8
943
0
2
4
6
8
949
0
2
4
6
8
955
0
2
4
6
8
961
0
2
4
6
8
967
0
2
4
6
8
973
0
2
4
6
8
979
0
2
4
6
8
985
0
2
4
6
8
991
0
2
4
6
8
997
0
2
313 ms. Memory: 450560K Free: 387098K (86%)
----------------- Invoking toplevel() on ptolemy.moml.MoMLSimpleApplication@756ad3c9
----------------- Done invoking toplevel() on ptolemy.moml.MoMLSimpleApplication@756ad3c9
reloadAllAccessors: .modalChangingParams

===========================================================================================
----------------- testing Tue Jul 09 04:47:57 UTC 2019 /home/travis/build/icyphy/ptII/ptolemy/domains/modal/test/auto/modalModel.xml
----------------- Instantiating /home/travis/build/icyphy/ptII/ptolemy/domains/modal/test/auto/modalModel.xml
15 ms. Memory: 450560K Free: 377896K (84%)
----------------- Invoking toplevel() on ptolemy.moml.MoMLSimpleApplication@2b34e54a
----------------- Done invoking toplevel() on ptolemy.moml.MoMLSimpleApplication@2b34e54a
reloadAllAccessors: .modalModel

===========================================================================================
----------------- testing Tue Jul 09 04:47:57 UTC 2019 /home/travis/build/icyphy/ptII/ptolemy/domains/modal/test/auto/modalModel2.xml
----------------- Instantiating /home/travis/build/icyphy/ptII/ptolemy/domains/modal/test/auto/modalModel2.xml
10 ms. Memory: 450560K Free: 367642K (82%)
----------------- Invoking toplevel() on ptolemy.moml.MoMLSimpleApplication@750a77d4
----------------- Done invoking toplevel() on ptolemy.moml.MoMLSimpleApplication@750a77d4
reloadAllAccessors: .modalModel2

===========================================================================================
----------------- testing Tue Jul 09 04:47:57 UTC 2019 /home/travis/build/icyphy/ptII/ptolemy/domains/modal/test/auto/modalModel3.xml
----------------- Instantiating /home/travis/build/icyphy/ptII/ptolemy/domains/modal/test/auto/modalModel3.xml
0	0	0
1	0	1
4	2	2
7	4	3
10	6	4
5	0	5
8	2	6
11	4	7
14	6	8
9	0	9
12	2	10
15	4	11
18	6	12
13	0	13
16	2	14
22 ms. Memory: 450560K Free: 352296K (78%)
----------------- Invoking toplevel() on ptolemy.moml.MoMLSimpleApplication@63a34af5
----------------- Done invoking toplevel() on ptolemy.moml.MoMLSimpleApplication@63a34af5
reloadAllAccessors: .modalModel3

===========================================================================================
----------------- testing Tue Jul 09 04:47:57 UTC 2019 /home/travis/build/icyphy/ptII/ptolemy/domains/modal/test/auto/model1.xml
----------------- Instantiating /home/travis/build/icyphy/ptII/ptolemy/domains/modal/test/auto/model1.xml
11 ms. Memory: 450560K Free: 346666K (77%)
----------------- Invoking toplevel() on ptolemy.moml.MoMLSimpleApplication@2919d57e
----------------- Done invoking toplevel() on ptolemy.moml.MoMLSimpleApplication@2919d57e
reloadAllAccessors: .model1

===========================================================================================
----------------- testing Tue Jul 09 04:47:57 UTC 2019 /home/travis/build/icyphy/ptII/ptolemy/domains/modal/test/auto/test-direct-in-out.xml
----------------- Instantiating /home/travis/build/icyphy/ptII/ptolemy/domains/modal/test/auto/test-direct-in-out.xml
4 ms. Memory: 450560K Free: 338968K (75%)
----------------- Invoking toplevel() on ptolemy.moml.MoMLSimpleApplication@77c0a851
----------------- Done invoking toplevel() on ptolemy.moml.MoMLSimpleApplication@77c0a851
reloadAllAccessors: .test-direct-in-out
AutoTests.java: About to close Vertx.
AutoTests.java: Vertx closed.
]]></system-out>
  <system-err><![CDATA[java.lang.RuntimeException: Execution failed
	at ptolemy.moml.MoMLSimpleApplication$UnloadThread.run(MoMLSimpleApplication.java:402)
Caused by: ptolemy.kernel.util.IllegalActionException: Unknown inputs remain. Possible causality loop:
L_model_1893289564i

  in .CannotAnalysisWithPreemption.model_1893289564_region_1 and .CannotAnalysisWithPreemption.model_1893289564_region_1.L_model_1893289564i
	at ptolemy.actor.sched.FixedPointDirector.postfire(FixedPointDirector.java:515)
	at ptolemy.domains.sr.kernel.SRDirector.postfire(SRDirector.java:417)
	at ptolemy.actor.CompositeActor.postfire(CompositeActor.java:1668)
	at ptolemy.actor.Manager.iterate(Manager.java:852)
	at ptolemy.actor.Manager.execute(Manager.java:369)
	at ptolemy.actor.Manager.run(Manager.java:1263)
	at ptolemy.actor.Manager$PtolemyRunThread.run(Manager.java:1915)
java.lang.reflect.InvocationTargetException
	at java.base/jdk.internal.reflect.NativeConstructorAccessorImpl.newInstance0(Native Method)
	at java.base/jdk.internal.reflect.NativeConstructorAccessorImpl.newInstance(NativeConstructorAccessorImpl.java:62)
	at java.base/jdk.internal.reflect.DelegatingConstructorAccessorImpl.newInstance(DelegatingConstructorAccessorImpl.java:45)
	at java.base/java.lang.reflect.Constructor.newInstance(Constructor.java:490)
	at ptolemy.util.test.junit.AutoKnownFailedTests.RunModel(AutoKnownFailedTests.java:105)
	at java.base/jdk.internal.reflect.NativeMethodAccessorImpl.invoke0(Native Method)
	at java.base/jdk.internal.reflect.NativeMethodAccessorImpl.invoke(NativeMethodAccessorImpl.java:62)
	at java.base/jdk.internal.reflect.DelegatingMethodAccessorImpl.invoke(DelegatingMethodAccessorImpl.java:43)
	at java.base/java.lang.reflect.Method.invoke(Method.java:566)
	at org.junit.runners.model.FrameworkMethod$1.runReflectiveCall(FrameworkMethod.java:44)
	at org.junit.internal.runners.model.ReflectiveCallable.run(ReflectiveCallable.java:15)
	at org.junit.runners.model.FrameworkMethod.invokeExplosively(FrameworkMethod.java:41)
	at junitparams.internal.InvokeParameterisedMethod.evaluate(InvokeParameterisedMethod.java:102)
	at org.junit.internal.runners.statements.FailOnTimeout$1.run(FailOnTimeout.java:28)
Caused by: ptolemy.kernel.util.IllegalActionException: Unknown inputs remain. Possible causality loop:
L_model_1893289564i

  in .CannotAnalysisWithPreemption.model_1893289564_region_1 and .CannotAnalysisWithPreemption.model_1893289564_region_1.L_model_1893289564i
	at ptolemy.actor.sched.FixedPointDirector.postfire(FixedPointDirector.java:515)
	at ptolemy.domains.sr.kernel.SRDirector.postfire(SRDirector.java:417)
	at ptolemy.actor.CompositeActor.postfire(CompositeActor.java:1668)
	at ptolemy.actor.Manager.iterate(Manager.java:852)
	at ptolemy.actor.Manager.execute(Manager.java:369)
	at ptolemy.actor.Manager.run(Manager.java:1263)
	at ptolemy.actor.Manager$PtolemyRunThread.run(Manager.java:1915)
]]></system-err>
</testsuite>
