<?xml version="1.0" encoding="UTF-8" ?>
<testsuite errors="0" failures="0" hostname="travis-job-e2df73b4-3f8b-443d-b88a-12df1506c98e" name="ptolemy.domains.modal.test.junit.JUnitTclTest" skipped="0" tests="148" time="11.228" timestamp="2018-06-07T18:36:02">
  <properties>
[...]
</properties>
  <testcase classname="ptolemy.util.test.junit.TclTests" name="[0] /home/travis/build/icyphy/ptII/ptolemy/domains/modal/test/SystemLevelType.tcl (RunTclFile)" time="1.959" />
  <testcase classname="ptolemy.util.test.junit.AutoKnownFailedTests" name="[0] /home/travis/build/icyphy/ptII/ptolemy/domains/modal/test/auto/knownFailedTests/CannotAnalysisWithPreemption.xml (RunModel)" time="0.165" />
  <testcase classname="ptolemy.util.test.junit.AutoNameArchTests" name="[0] ThereAreNoAutoArchTests (RunModel)" time="0.004" />
  <testcase classname="ptolemy.util.test.junit.AutoTests" name="[0] /home/travis/build/icyphy/ptII/ptolemy/domains/modal/test/auto/ABPTest.xml (RunModel)" time="0.862" />
  <testcase classname="ptolemy.util.test.junit.AutoTests" name="[1] /home/travis/build/icyphy/ptII/ptolemy/domains/modal/test/auto/ABROFlat.xml (RunModel)" time="0.09" />
  <testcase classname="ptolemy.util.test.junit.AutoTests" name="[2] /home/travis/build/icyphy/ptII/ptolemy/domains/modal/test/auto/ABROFlat2.xml (RunModel)" time="0.093" />
  <testcase classname="ptolemy.util.test.junit.AutoTests" name="[3] /home/travis/build/icyphy/ptII/ptolemy/domains/modal/test/auto/ABRO_present_hmm.xml (RunModel)" time="0.175" />
  <testcase classname="ptolemy.util.test.junit.AutoTests" name="[4] /home/travis/build/icyphy/ptII/ptolemy/domains/modal/test/auto/AMICoderExample.xml (RunModel)" time="0.056" />
  <testcase classname="ptolemy.util.test.junit.AutoTests" name="[5] /home/travis/build/icyphy/ptII/ptolemy/domains/modal/test/auto/AbsentToPresent.xml (RunModel)" time="0.028" />
  <testcase classname="ptolemy.util.test.junit.AutoTests" name="[6] /home/travis/build/icyphy/ptII/ptolemy/domains/modal/test/auto/Blending.xml (RunModel)" time="0.304" />
  <testcase classname="ptolemy.util.test.junit.AutoTests" name="[7] /home/travis/build/icyphy/ptII/ptolemy/domains/modal/test/auto/Broadcast.xml (RunModel)" time="0.041" />
  <testcase classname="ptolemy.util.test.junit.AutoTests" name="[8] /home/travis/build/icyphy/ptII/ptolemy/domains/modal/test/auto/BroadcastHierarchy.xml (RunModel)" time="0.055" />
  <testcase classname="ptolemy.util.test.junit.AutoTests" name="[9] /home/travis/build/icyphy/ptII/ptolemy/domains/modal/test/auto/BroadcastHierarchy2.xml (RunModel)" time="0.142" />
  <testcase classname="ptolemy.util.test.junit.AutoTests" name="[10] /home/travis/build/icyphy/ptII/ptolemy/domains/modal/test/auto/BroadcastHierarchy3.xml (RunModel)" time="0.092" />
  <testcase classname="ptolemy.util.test.junit.AutoTests" name="[11] /home/travis/build/icyphy/ptII/ptolemy/domains/modal/test/auto/BroadcastHierarchy4.xml (RunModel)" time="0.1" />
  <testcase classname="ptolemy.util.test.junit.AutoTests" name="[12] /home/travis/build/icyphy/ptII/ptolemy/domains/modal/test/auto/CannotAnalysisWithPreemption2.xml (RunModel)" time="0.041" />
  <testcase classname="ptolemy.util.test.junit.AutoTests" name="[13] /home/travis/build/icyphy/ptII/ptolemy/domains/modal/test/auto/CannotAnalysisWithPreemption3.xml (RunModel)" time="0.071" />
  <testcase classname="ptolemy.util.test.junit.AutoTests" name="[14] /home/travis/build/icyphy/ptII/ptolemy/domains/modal/test/auto/CannotProduce.xml (RunModel)" time="0.031" />
  <testcase classname="ptolemy.util.test.junit.AutoTests" name="[15] /home/travis/build/icyphy/ptII/ptolemy/domains/modal/test/auto/CannotProduceModal.xml (RunModel)" time="0.026" />
  <testcase classname="ptolemy.util.test.junit.AutoTests" name="[16] /home/travis/build/icyphy/ptII/ptolemy/domains/modal/test/auto/Case.xml (RunModel)" time="0.069" />
  <testcase classname="ptolemy.util.test.junit.AutoTests" name="[17] /home/travis/build/icyphy/ptII/ptolemy/domains/modal/test/auto/Case1.xml (RunModel)" time="0.031" />
  <testcase classname="ptolemy.util.test.junit.AutoTests" name="[18] /home/travis/build/icyphy/ptII/ptolemy/domains/modal/test/auto/Case2.xml (RunModel)" time="0.067" />
  <testcase classname="ptolemy.util.test.junit.AutoTests" name="[19] /home/travis/build/icyphy/ptII/ptolemy/domains/modal/test/auto/CausalityInterface1.xml (RunModel)" time="0.025" />
  <testcase classname="ptolemy.util.test.junit.AutoTests" name="[20] /home/travis/build/icyphy/ptII/ptolemy/domains/modal/test/auto/CausalityInterface10.xml (RunModel)" time="0.072" />
  <testcase classname="ptolemy.util.test.junit.AutoTests" name="[21] /home/travis/build/icyphy/ptII/ptolemy/domains/modal/test/auto/CausalityInterface11.xml (RunModel)" time="0.052" />
  <testcase classname="ptolemy.util.test.junit.AutoTests" name="[22] /home/travis/build/icyphy/ptII/ptolemy/domains/modal/test/auto/CausalityInterface12.xml (RunModel)" time="0.053" />
  <testcase classname="ptolemy.util.test.junit.AutoTests" name="[23] /home/travis/build/icyphy/ptII/ptolemy/domains/modal/test/auto/CausalityInterface13.xml (RunModel)" time="0.085" />
  <testcase classname="ptolemy.util.test.junit.AutoTests" name="[24] /home/travis/build/icyphy/ptII/ptolemy/domains/modal/test/auto/CausalityInterface14.xml (RunModel)" time="0.054" />
  <testcase classname="ptolemy.util.test.junit.AutoTests" name="[25] /home/travis/build/icyphy/ptII/ptolemy/domains/modal/test/auto/CausalityInterface2.xml (RunModel)" time="0.027" />
  <testcase classname="ptolemy.util.test.junit.AutoTests" name="[26] /home/travis/build/icyphy/ptII/ptolemy/domains/modal/test/auto/CausalityInterface3.xml (RunModel)" time="0.029" />
  <testcase classname="ptolemy.util.test.junit.AutoTests" name="[27] /home/travis/build/icyphy/ptII/ptolemy/domains/modal/test/auto/CausalityInterface4.xml (RunModel)" time="0.033" />
  <testcase classname="ptolemy.util.test.junit.AutoTests" name="[28] /home/travis/build/icyphy/ptII/ptolemy/domains/modal/test/auto/CausalityInterface5.xml (RunModel)" time="0.043" />
  <testcase classname="ptolemy.util.test.junit.AutoTests" name="[29] /home/travis/build/icyphy/ptII/ptolemy/domains/modal/test/auto/CausalityInterface6.xml (RunModel)" time="0.043" />
  <testcase classname="ptolemy.util.test.junit.AutoTests" name="[30] /home/travis/build/icyphy/ptII/ptolemy/domains/modal/test/auto/CausalityInterface7.xml (RunModel)" time="0.044" />
  <testcase classname="ptolemy.util.test.junit.AutoTests" name="[31] /home/travis/build/icyphy/ptII/ptolemy/domains/modal/test/auto/CausalityInterface8.xml (RunModel)" time="0.046" />
  <testcase classname="ptolemy.util.test.junit.AutoTests" name="[32] /home/travis/build/icyphy/ptII/ptolemy/domains/modal/test/auto/CausalityInterface9.xml (RunModel)" time="0.033" />
  <testcase classname="ptolemy.util.test.junit.AutoTests" name="[33] /home/travis/build/icyphy/ptII/ptolemy/domains/modal/test/auto/ChainedTransitions.xml (RunModel)" time="0.167" />
  <testcase classname="ptolemy.util.test.junit.AutoTests" name="[34] /home/travis/build/icyphy/ptII/ptolemy/domains/modal/test/auto/CycleOfImmediateTransitionsFSM.xml (RunModel)" time="0.025" />
  <testcase classname="ptolemy.util.test.junit.AutoTests" name="[35] /home/travis/build/icyphy/ptII/ptolemy/domains/modal/test/auto/CycleOfImmediateTransitionsModal.xml (RunModel)" time="0.038" />
  <testcase classname="ptolemy.util.test.junit.AutoTests" name="[36] /home/travis/build/icyphy/ptII/ptolemy/domains/modal/test/auto/CycleOfImmediateTransitionsModal2.xml (RunModel)" time="0.03" />
  <testcase classname="ptolemy.util.test.junit.AutoTests" name="[37] /home/travis/build/icyphy/ptII/ptolemy/domains/modal/test/auto/CycleOfImmediateTransitionsModal3.xml (RunModel)" time="0.089" />
  <testcase classname="ptolemy.util.test.junit.AutoTests" name="[38] /home/travis/build/icyphy/ptII/ptolemy/domains/modal/test/auto/DeepModal1.xml (RunModel)" time="0.066" />
  <testcase classname="ptolemy.util.test.junit.AutoTests" name="[39] /home/travis/build/icyphy/ptII/ptolemy/domains/modal/test/auto/DeepModal2.xml (RunModel)" time="0.076" />
  <testcase classname="ptolemy.util.test.junit.AutoTests" name="[40] /home/travis/build/icyphy/ptII/ptolemy/domains/modal/test/auto/DeepModal3.xml (RunModel)" time="0.077" />
  <testcase classname="ptolemy.util.test.junit.AutoTests" name="[41] /home/travis/build/icyphy/ptII/ptolemy/domains/modal/test/auto/DeepModal4.xml (RunModel)" time="0.074" />
  <testcase classname="ptolemy.util.test.junit.AutoTests" name="[42] /home/travis/build/icyphy/ptII/ptolemy/domains/modal/test/auto/Default1.xml (RunModel)" time="0.017" />
  <testcase classname="ptolemy.util.test.junit.AutoTests" name="[43] /home/travis/build/icyphy/ptII/ptolemy/domains/modal/test/auto/Default2.xml (RunModel)" time="0.02" />
  <testcase classname="ptolemy.util.test.junit.AutoTests" name="[44] /home/travis/build/icyphy/ptII/ptolemy/domains/modal/test/auto/Default3.xml (RunModel)" time="0.016" />
  <testcase classname="ptolemy.util.test.junit.AutoTests" name="[45] /home/travis/build/icyphy/ptII/ptolemy/domains/modal/test/auto/Default4.xml (RunModel)" time="0.027" />
  <testcase classname="ptolemy.util.test.junit.AutoTests" name="[46] /home/travis/build/icyphy/ptII/ptolemy/domains/modal/test/auto/Default5.xml (RunModel)" time="0.032" />
  <testcase classname="ptolemy.util.test.junit.AutoTests" name="[47] /home/travis/build/icyphy/ptII/ptolemy/domains/modal/test/auto/EmptyGuard.xml (RunModel)" time="0.033" />
  <testcase classname="ptolemy.util.test.junit.AutoTests" name="[48] /home/travis/build/icyphy/ptII/ptolemy/domains/modal/test/auto/ErrorTransition1.xml (RunModel)" time="0.032" />
  <testcase classname="ptolemy.util.test.junit.AutoTests" name="[49] /home/travis/build/icyphy/ptII/ptolemy/domains/modal/test/auto/ErrorTransition10.xml (RunModel)" time="0.042" />
  <testcase classname="ptolemy.util.test.junit.AutoTests" name="[50] /home/travis/build/icyphy/ptII/ptolemy/domains/modal/test/auto/ErrorTransition11.xml (RunModel)" time="0.04" />
  <testcase classname="ptolemy.util.test.junit.AutoTests" name="[51] /home/travis/build/icyphy/ptII/ptolemy/domains/modal/test/auto/ErrorTransition2.xml (RunModel)" time="0.026" />
  <testcase classname="ptolemy.util.test.junit.AutoTests" name="[52] /home/travis/build/icyphy/ptII/ptolemy/domains/modal/test/auto/ErrorTransition3.xml (RunModel)" time="0.035" />
  <testcase classname="ptolemy.util.test.junit.AutoTests" name="[53] /home/travis/build/icyphy/ptII/ptolemy/domains/modal/test/auto/ErrorTransition4.xml (RunModel)" time="0.043" />
  <testcase classname="ptolemy.util.test.junit.AutoTests" name="[54] /home/travis/build/icyphy/ptII/ptolemy/domains/modal/test/auto/ErrorTransition5.xml (RunModel)" time="0.032" />
  <testcase classname="ptolemy.util.test.junit.AutoTests" name="[55] /home/travis/build/icyphy/ptII/ptolemy/domains/modal/test/auto/ErrorTransition6.xml (RunModel)" time="0.035" />
  <testcase classname="ptolemy.util.test.junit.AutoTests" name="[56] /home/travis/build/icyphy/ptII/ptolemy/domains/modal/test/auto/ErrorTransition7.xml (RunModel)" time="0.049" />
  <testcase classname="ptolemy.util.test.junit.AutoTests" name="[57] /home/travis/build/icyphy/ptII/ptolemy/domains/modal/test/auto/ErrorTransition8.xml (RunModel)" time="0.075" />
  <testcase classname="ptolemy.util.test.junit.AutoTests" name="[58] /home/travis/build/icyphy/ptII/ptolemy/domains/modal/test/auto/ErrorTransition9.xml (RunModel)" time="0.048" />
  <testcase classname="ptolemy.util.test.junit.AutoTests" name="[59] /home/travis/build/icyphy/ptII/ptolemy/domains/modal/test/auto/ExtendedFSM.xml (RunModel)" time="0.021" />
  <testcase classname="ptolemy.util.test.junit.AutoTests" name="[60] /home/travis/build/icyphy/ptII/ptolemy/domains/modal/test/auto/FinalStates.xml (RunModel)" time="0.032" />
  <testcase classname="ptolemy.util.test.junit.AutoTests" name="[61] /home/travis/build/icyphy/ptII/ptolemy/domains/modal/test/auto/FixedPointFSM.xml (RunModel)" time="0.056" />
  <testcase classname="ptolemy.util.test.junit.AutoTests" name="[62] /home/travis/build/icyphy/ptII/ptolemy/domains/modal/test/auto/FixedPointIterationFSMActor.xml (RunModel)" time="0.032" />
  <testcase classname="ptolemy.util.test.junit.AutoTests" name="[63] /home/travis/build/icyphy/ptII/ptolemy/domains/modal/test/auto/FixedPointIterationFSMActor2.xml (RunModel)" time="0.031" />
  <testcase classname="ptolemy.util.test.junit.AutoTests" name="[64] /home/travis/build/icyphy/ptII/ptolemy/domains/modal/test/auto/ForbiddenInstantanousLoop.xml (RunModel)" time="0.03" />
  <testcase classname="ptolemy.util.test.junit.AutoTests" name="[65] /home/travis/build/icyphy/ptII/ptolemy/domains/modal/test/auto/FunctionDependencyOfFSMActorTest.xml (RunModel)" time="0.019" />
  <testcase classname="ptolemy.util.test.junit.AutoTests" name="[66] /home/travis/build/icyphy/ptII/ptolemy/domains/modal/test/auto/GuardExpression.xml (RunModel)" time="0.014" />
  <testcase classname="ptolemy.util.test.junit.AutoTests" name="[67] /home/travis/build/icyphy/ptII/ptolemy/domains/modal/test/auto/GuardNotEvaluated.xml (RunModel)" time="0.032" />
  <testcase classname="ptolemy.util.test.junit.AutoTests" name="[68] /home/travis/build/icyphy/ptII/ptolemy/domains/modal/test/auto/GuardNotEvaluated2.xml (RunModel)" time="0.031" />
  <testcase classname="ptolemy.util.test.junit.AutoTests" name="[69] /home/travis/build/icyphy/ptII/ptolemy/domains/modal/test/auto/GuardOnAbsent.xml (RunModel)" time="0.031" />
  <testcase classname="ptolemy.util.test.junit.AutoTests" name="[70] /home/travis/build/icyphy/ptII/ptolemy/domains/modal/test/auto/HierarchicalFSMTypeInference.xml (RunModel)" time="0.029" />
  <testcase classname="ptolemy.util.test.junit.AutoTests" name="[71] /home/travis/build/icyphy/ptII/ptolemy/domains/modal/test/auto/Hysteresis.xml (RunModel)" time="0.05" />
  <testcase classname="ptolemy.util.test.junit.AutoTests" name="[72] /home/travis/build/icyphy/ptII/ptolemy/domains/modal/test/auto/HysteresisWithDefault.xml (RunModel)" time="0.145" />
  <testcase classname="ptolemy.util.test.junit.AutoTests" name="[73] /home/travis/build/icyphy/ptII/ptolemy/domains/modal/test/auto/HysteresisWithDefault2.xml (RunModel)" time="0.133" />
  <testcase classname="ptolemy.util.test.junit.AutoTests" name="[74] /home/travis/build/icyphy/ptII/ptolemy/domains/modal/test/auto/ImmediateNonConstructiveness.xml (RunModel)" time="0.022" />
  <testcase classname="ptolemy.util.test.junit.AutoTests" name="[75] /home/travis/build/icyphy/ptII/ptolemy/domains/modal/test/auto/ImmediateNonConstructiveness2.xml (RunModel)" time="0.025" />
  <testcase classname="ptolemy.util.test.junit.AutoTests" name="[76] /home/travis/build/icyphy/ptII/ptolemy/domains/modal/test/auto/ImmediateTransitionReset.xml (RunModel)" time="0.045" />
  <testcase classname="ptolemy.util.test.junit.AutoTests" name="[77] /home/travis/build/icyphy/ptII/ptolemy/domains/modal/test/auto/ImmediateTransitions1.xml (RunModel)" time="0.024" />
  <testcase classname="ptolemy.util.test.junit.AutoTests" name="[78] /home/travis/build/icyphy/ptII/ptolemy/domains/modal/test/auto/ImmediateTransitionsInstantaneousCommunication.xml (RunModel)" time="0.039" />
  <testcase classname="ptolemy.util.test.junit.AutoTests" name="[79] /home/travis/build/icyphy/ptII/ptolemy/domains/modal/test/auto/InitialImmediateTransition.xml (RunModel)" time="0.019" />
  <testcase classname="ptolemy.util.test.junit.AutoTests" name="[80] /home/travis/build/icyphy/ptII/ptolemy/domains/modal/test/auto/InitialOutputs.xml (RunModel)" time="0.017" />
  <testcase classname="ptolemy.util.test.junit.AutoTests" name="[81] /home/travis/build/icyphy/ptII/ptolemy/domains/modal/test/auto/InitialStateTransition1.xml (RunModel)" time="0.023" />
  <testcase classname="ptolemy.util.test.junit.AutoTests" name="[82] /home/travis/build/icyphy/ptII/ptolemy/domains/modal/test/auto/InitialStateTransition2.xml (RunModel)" time="0.022" />
  <testcase classname="ptolemy.util.test.junit.AutoTests" name="[83] /home/travis/build/icyphy/ptII/ptolemy/domains/modal/test/auto/InitialStateTransition3.xml (RunModel)" time="0.024" />
  <testcase classname="ptolemy.util.test.junit.AutoTests" name="[84] /home/travis/build/icyphy/ptII/ptolemy/domains/modal/test/auto/InitialStateTransition4.xml (RunModel)" time="0.028" />
  <testcase classname="ptolemy.util.test.junit.AutoTests" name="[85] /home/travis/build/icyphy/ptII/ptolemy/domains/modal/test/auto/MalformedGuardExpressionNotCaught.xml (RunModel)" time="0.02" />
  <testcase classname="ptolemy.util.test.junit.AutoTests" name="[86] /home/travis/build/icyphy/ptII/ptolemy/domains/modal/test/auto/ModalBSC.xml (RunModel)" time="0.098" />
  <testcase classname="ptolemy.util.test.junit.AutoTests" name="[87] /home/travis/build/icyphy/ptII/ptolemy/domains/modal/test/auto/ModalClocks.xml (RunModel)" time="0.095" />
  <testcase classname="ptolemy.util.test.junit.AutoTests" name="[88] /home/travis/build/icyphy/ptII/ptolemy/domains/modal/test/auto/ModalDelay.xml (RunModel)" time="0.056" />
  <testcase classname="ptolemy.util.test.junit.AutoTests" name="[89] /home/travis/build/icyphy/ptII/ptolemy/domains/modal/test/auto/ModalDelay2.xml (RunModel)" time="0.057" />
  <testcase classname="ptolemy.util.test.junit.AutoTests" name="[90] /home/travis/build/icyphy/ptII/ptolemy/domains/modal/test/auto/ModalModelFromMemo.xml (RunModel)" time="0.076" />
  <testcase classname="ptolemy.util.test.junit.AutoTests" name="[91] /home/travis/build/icyphy/ptII/ptolemy/domains/modal/test/auto/ModalModelWithMultirateTransient.xml (RunModel)" time="0.055" />
  <testcase classname="ptolemy.util.test.junit.AutoTests" name="[92] /home/travis/build/icyphy/ptII/ptolemy/domains/modal/test/auto/ModalModelWithReset.xml (RunModel)" time="0.051" />
  <testcase classname="ptolemy.util.test.junit.AutoTests" name="[93] /home/travis/build/icyphy/ptII/ptolemy/domains/modal/test/auto/MouseClickFSM.xml (RunModel)" time="0.045" />
  <testcase classname="ptolemy.util.test.junit.AutoTests" name="[94] /home/travis/build/icyphy/ptII/ptolemy/domains/modal/test/auto/MouseClickFSMModal.xml (RunModel)" time="0.035" />
  <testcase classname="ptolemy.util.test.junit.AutoTests" name="[95] /home/travis/build/icyphy/ptII/ptolemy/domains/modal/test/auto/NonStrictFSM_FeedbackLoop.xml (RunModel)" time="0.05" />
  <testcase classname="ptolemy.util.test.junit.AutoTests" name="[96] /home/travis/build/icyphy/ptII/ptolemy/domains/modal/test/auto/NonStrictFSM_FeedbackLoop_Refinement.xml (RunModel)" time="0.063" />
  <testcase classname="ptolemy.util.test.junit.AutoTests" name="[97] /home/travis/build/icyphy/ptII/ptolemy/domains/modal/test/auto/NonStrictFSM_FeedbackLoop_preemptive.xml (RunModel)" time="0.05" />
  <testcase classname="ptolemy.util.test.junit.AutoTests" name="[98] /home/travis/build/icyphy/ptII/ptolemy/domains/modal/test/auto/NormalTermination.xml (RunModel)" time="0.061" />
  <testcase classname="ptolemy.util.test.junit.AutoTests" name="[99] /home/travis/build/icyphy/ptII/ptolemy/domains/modal/test/auto/Pong.xml (RunModel)" time="0.093" />
  <testcase classname="ptolemy.util.test.junit.AutoTests" name="[100] /home/travis/build/icyphy/ptII/ptolemy/domains/modal/test/auto/Pong_test.xml (RunModel)" time="0.119" />
  <testcase classname="ptolemy.util.test.junit.AutoTests" name="[101] /home/travis/build/icyphy/ptII/ptolemy/domains/modal/test/auto/PreemptionHierarchy.xml (RunModel)" time="0.033" />
  <testcase classname="ptolemy.util.test.junit.AutoTests" name="[102] /home/travis/build/icyphy/ptII/ptolemy/domains/modal/test/auto/PreemptionHierarchy2.xml (RunModel)" time="0.036" />
  <testcase classname="ptolemy.util.test.junit.AutoTests" name="[103] /home/travis/build/icyphy/ptII/ptolemy/domains/modal/test/auto/PreemptiveTransition.xml (RunModel)" time="0.025" />
  <testcase classname="ptolemy.util.test.junit.AutoTests" name="[104] /home/travis/build/icyphy/ptII/ptolemy/domains/modal/test/auto/Priorities.xml (RunModel)" time="0.092" />
  <testcase classname="ptolemy.util.test.junit.AutoTests" name="[105] /home/travis/build/icyphy/ptII/ptolemy/domains/modal/test/auto/ResetFinal.xml (RunModel)" time="0.049" />
  <testcase classname="ptolemy.util.test.junit.AutoTests" name="[106] /home/travis/build/icyphy/ptII/ptolemy/domains/modal/test/auto/ResetFinal2.xml (RunModel)" time="0.032" />
  <testcase classname="ptolemy.util.test.junit.AutoTests" name="[107] /home/travis/build/icyphy/ptII/ptolemy/domains/modal/test/auto/ResetTransitionWithStartTime.xml (RunModel)" time="0.037" />
  <testcase classname="ptolemy.util.test.junit.AutoTests" name="[108] /home/travis/build/icyphy/ptII/ptolemy/domains/modal/test/auto/SDF-FSMComposite.xml (RunModel)" time="0.032" />
  <testcase classname="ptolemy.util.test.junit.AutoTests" name="[109] /home/travis/build/icyphy/ptII/ptolemy/domains/modal/test/auto/SeeminglyNondeterminate.xml (RunModel)" time="0.102" />
  <testcase classname="ptolemy.util.test.junit.AutoTests" name="[110] /home/travis/build/icyphy/ptII/ptolemy/domains/modal/test/auto/SeeminglyNondeterminate2.xml (RunModel)" time="0.086" />
  <testcase classname="ptolemy.util.test.junit.AutoTests" name="[111] /home/travis/build/icyphy/ptII/ptolemy/domains/modal/test/auto/SpontaneousFSM.xml (RunModel)" time="0.053" />
  <testcase classname="ptolemy.util.test.junit.AutoTests" name="[112] /home/travis/build/icyphy/ptII/ptolemy/domains/modal/test/auto/SpontaneousFSM2.xml (RunModel)" time="0.036" />
  <testcase classname="ptolemy.util.test.junit.AutoTests" name="[113] /home/travis/build/icyphy/ptII/ptolemy/domains/modal/test/auto/SpontaneousFSM3.xml (RunModel)" time="0.043" />
  <testcase classname="ptolemy.util.test.junit.AutoTests" name="[114] /home/travis/build/icyphy/ptII/ptolemy/domains/modal/test/auto/SpontaneousFSM4.xml (RunModel)" time="0.064" />
  <testcase classname="ptolemy.util.test.junit.AutoTests" name="[115] /home/travis/build/icyphy/ptII/ptolemy/domains/modal/test/auto/StateTrackerTest.xml (RunModel)" time="0.08" />
  <testcase classname="ptolemy.util.test.junit.AutoTests" name="[116] /home/travis/build/icyphy/ptII/ptolemy/domains/modal/test/auto/StrongImmediateTransition.xml (RunModel)" time="0.028" />
  <testcase classname="ptolemy.util.test.junit.AutoTests" name="[117] /home/travis/build/icyphy/ptII/ptolemy/domains/modal/test/auto/SustainHierarchy.xml (RunModel)" time="0.035" />
  <testcase classname="ptolemy.util.test.junit.AutoTests" name="[118] /home/travis/build/icyphy/ptII/ptolemy/domains/modal/test/auto/TerminationTransition1.xml (RunModel)" time="0.024" />
  <testcase classname="ptolemy.util.test.junit.AutoTests" name="[119] /home/travis/build/icyphy/ptII/ptolemy/domains/modal/test/auto/TerminationTransition2.xml (RunModel)" time="0.024" />
  <testcase classname="ptolemy.util.test.junit.AutoTests" name="[120] /home/travis/build/icyphy/ptII/ptolemy/domains/modal/test/auto/TerminationTransition3.xml (RunModel)" time="0.026" />
  <testcase classname="ptolemy.util.test.junit.AutoTests" name="[121] /home/travis/build/icyphy/ptII/ptolemy/domains/modal/test/auto/TerminationTransition4.xml (RunModel)" time="0.038" />
  <testcase classname="ptolemy.util.test.junit.AutoTests" name="[122] /home/travis/build/icyphy/ptII/ptolemy/domains/modal/test/auto/TerminationTransition5.xml (RunModel)" time="0.034" />
  <testcase classname="ptolemy.util.test.junit.AutoTests" name="[123] /home/travis/build/icyphy/ptII/ptolemy/domains/modal/test/auto/TerminationTransition6.xml (RunModel)" time="0.02" />
  <testcase classname="ptolemy.util.test.junit.AutoTests" name="[124] /home/travis/build/icyphy/ptII/ptolemy/domains/modal/test/auto/TerminationTransition7.xml (RunModel)" time="0.022" />
  <testcase classname="ptolemy.util.test.junit.AutoTests" name="[125] /home/travis/build/icyphy/ptII/ptolemy/domains/modal/test/auto/TerminationTransition8.xml (RunModel)" time="0.023" />
  <testcase classname="ptolemy.util.test.junit.AutoTests" name="[126] /home/travis/build/icyphy/ptII/ptolemy/domains/modal/test/auto/Thermostat_NoHysteresis.xml (RunModel)" time="0.06" />
  <testcase classname="ptolemy.util.test.junit.AutoTests" name="[127] /home/travis/build/icyphy/ptII/ptolemy/domains/modal/test/auto/TimedFSM.xml (RunModel)" time="0.03" />
  <testcase classname="ptolemy.util.test.junit.AutoTests" name="[128] /home/travis/build/icyphy/ptII/ptolemy/domains/modal/test/auto/Timeout1.xml (RunModel)" time="0.013" />
  <testcase classname="ptolemy.util.test.junit.AutoTests" name="[129] /home/travis/build/icyphy/ptII/ptolemy/domains/modal/test/auto/Timeout2.xml (RunModel)" time="0.02" />
  <testcase classname="ptolemy.util.test.junit.AutoTests" name="[130] /home/travis/build/icyphy/ptII/ptolemy/domains/modal/test/auto/Timeout3.xml (RunModel)" time="0.012" />
  <testcase classname="ptolemy.util.test.junit.AutoTests" name="[131] /home/travis/build/icyphy/ptII/ptolemy/domains/modal/test/auto/Timeout4.xml (RunModel)" time="0.012" />
  <testcase classname="ptolemy.util.test.junit.AutoTests" name="[132] /home/travis/build/icyphy/ptII/ptolemy/domains/modal/test/auto/TransientstateModelAdvanced.xml (RunModel)" time="0.03" />
  <testcase classname="ptolemy.util.test.junit.AutoTests" name="[133] /home/travis/build/icyphy/ptII/ptolemy/domains/modal/test/auto/TransientstateModelAdvanced2.xml (RunModel)" time="0.034" />
  <testcase classname="ptolemy.util.test.junit.AutoTests" name="[134] /home/travis/build/icyphy/ptII/ptolemy/domains/modal/test/auto/TransitionRefinements.xml (RunModel)" time="0.028" />
  <testcase classname="ptolemy.util.test.junit.AutoTests" name="[135] /home/travis/build/icyphy/ptII/ptolemy/domains/modal/test/auto/TwoRefinements1.xml (RunModel)" time="0.026" />
  <testcase classname="ptolemy.util.test.junit.AutoTests" name="[136] /home/travis/build/icyphy/ptII/ptolemy/domains/modal/test/auto/TwoRefinements2.xml (RunModel)" time="0.027" />
  <testcase classname="ptolemy.util.test.junit.AutoTests" name="[137] /home/travis/build/icyphy/ptII/ptolemy/domains/modal/test/auto/WeakImmediateTransition.xml (RunModel)" time="0.023" />
  <testcase classname="ptolemy.util.test.junit.AutoTests" name="[138] /home/travis/build/icyphy/ptII/ptolemy/domains/modal/test/auto/booleanSelect.xml (RunModel)" time="0.059" />
  <testcase classname="ptolemy.util.test.junit.AutoTests" name="[139] /home/travis/build/icyphy/ptII/ptolemy/domains/modal/test/auto/modalChangingParams.xml (RunModel)" time="0.27" />
  <testcase classname="ptolemy.util.test.junit.AutoTests" name="[140] /home/travis/build/icyphy/ptII/ptolemy/domains/modal/test/auto/modalModel.xml (RunModel)" time="0.024" />
  <testcase classname="ptolemy.util.test.junit.AutoTests" name="[141] /home/travis/build/icyphy/ptII/ptolemy/domains/modal/test/auto/modalModel2.xml (RunModel)" time="0.042" />
  <testcase classname="ptolemy.util.test.junit.AutoTests" name="[142] /home/travis/build/icyphy/ptII/ptolemy/domains/modal/test/auto/modalModel3.xml (RunModel)" time="0.044" />
  <testcase classname="ptolemy.util.test.junit.AutoTests" name="[143] /home/travis/build/icyphy/ptII/ptolemy/domains/modal/test/auto/model1.xml (RunModel)" time="0.02" />
  <testcase classname="ptolemy.util.test.junit.AutoTests" name="[144] /home/travis/build/icyphy/ptII/ptolemy/domains/modal/test/auto/test-direct-in-out.xml (RunModel)" time="0.027" />
  <system-out><![CDATA[/home/travis/build/icyphy/ptII/ptolemy/domains/modal/test/SystemLevelType.tcl
testDefs.tcl: setting time out to 9000 seconds at Thu Jun 07 18:36:02 UTC 2018
06/07/18 06:36:04
Failed: 0  Total Tests: 1  ((Passed: 1, Newly Passed: 0)  Known Failed: 0) /home/travis/build/icyphy/ptII/ptolemy/domains/modal/test
----------------- testing (KnownFailure) /home/travis/build/icyphy/ptII/ptolemy/domains/modal/test/auto/knownFailedTests/CannotAnalysisWithPreemption.xml
56 ms. Memory: 209408K Free: 129467K (62%)
Known Failure: java.lang.reflect.InvocationTargetException
No auto/linux-amd64/*.xml tests in /home/travis/build/icyphy/ptII/ptolemy/domains/modal/test
AutoTests.java: About to close Vertx.
AutoTests.java: Vertx closed.

===========================================================================================
----------------- testing Thu Jun 07 18:36:05 UTC 2018 /home/travis/build/icyphy/ptII/ptolemy/domains/modal/test/auto/ABPTest.xml
----------------- Instantiating /home/travis/build/icyphy/ptII/ptolemy/domains/modal/test/auto/ABPTest.xml
365 ms. Memory: 209920K Free: 114031K (54%)
----------------- Invoking toplevel() on ptolemy.moml.MoMLSimpleApplication@7089c288
----------------- Done invoking toplevel() on ptolemy.moml.MoMLSimpleApplication@7089c288
reloadAllAccessors: .ABPTest

===========================================================================================
----------------- testing Thu Jun 07 18:36:05 UTC 2018 /home/travis/build/icyphy/ptII/ptolemy/domains/modal/test/auto/ABROFlat.xml
----------------- Instantiating /home/travis/build/icyphy/ptII/ptolemy/domains/modal/test/auto/ABROFlat.xml
23 ms. Memory: 209920K Free: 95547K (46%)
----------------- Invoking toplevel() on ptolemy.moml.MoMLSimpleApplication@15cd572c
----------------- Done invoking toplevel() on ptolemy.moml.MoMLSimpleApplication@15cd572c
reloadAllAccessors: .ABROFlat

===========================================================================================
----------------- testing Thu Jun 07 18:36:05 UTC 2018 /home/travis/build/icyphy/ptII/ptolemy/domains/modal/test/auto/ABROFlat2.xml
----------------- Instantiating /home/travis/build/icyphy/ptII/ptolemy/domains/modal/test/auto/ABROFlat2.xml
19 ms. Memory: 209920K Free: 77534K (37%)
----------------- Invoking toplevel() on ptolemy.moml.MoMLSimpleApplication@791ac398
----------------- Done invoking toplevel() on ptolemy.moml.MoMLSimpleApplication@791ac398
reloadAllAccessors: .ABROFlat2

===========================================================================================
----------------- testing Thu Jun 07 18:36:06 UTC 2018 /home/travis/build/icyphy/ptII/ptolemy/domains/modal/test/auto/ABRO_present_hmm.xml
----------------- Instantiating /home/travis/build/icyphy/ptII/ptolemy/domains/modal/test/auto/ABRO_present_hmm.xml
35 ms. Memory: 334336K Free: 294607K (88%)
----------------- Invoking toplevel() on ptolemy.moml.MoMLSimpleApplication@3f301312
----------------- Done invoking toplevel() on ptolemy.moml.MoMLSimpleApplication@3f301312
reloadAllAccessors: .ABRO_present_hmm

===========================================================================================
----------------- testing Thu Jun 07 18:36:06 UTC 2018 /home/travis/build/icyphy/ptII/ptolemy/domains/modal/test/auto/AMICoderExample.xml
----------------- Instantiating /home/travis/build/icyphy/ptII/ptolemy/domains/modal/test/auto/AMICoderExample.xml
20 ms. Memory: 334336K Free: 280379K (84%)
----------------- Invoking toplevel() on ptolemy.moml.MoMLSimpleApplication@4e72f96a
----------------- Done invoking toplevel() on ptolemy.moml.MoMLSimpleApplication@4e72f96a
reloadAllAccessors: .AMICoderExample

===========================================================================================
----------------- testing Thu Jun 07 18:36:06 UTC 2018 /home/travis/build/icyphy/ptII/ptolemy/domains/modal/test/auto/AbsentToPresent.xml
----------------- Instantiating /home/travis/build/icyphy/ptII/ptolemy/domains/modal/test/auto/AbsentToPresent.xml
9 ms. Memory: 334336K Free: 275484K (82%)
----------------- Invoking toplevel() on ptolemy.moml.MoMLSimpleApplication@28375fea
----------------- Done invoking toplevel() on ptolemy.moml.MoMLSimpleApplication@28375fea
reloadAllAccessors: .AbsentToPresent

===========================================================================================
----------------- testing Thu Jun 07 18:36:06 UTC 2018 /home/travis/build/icyphy/ptII/ptolemy/domains/modal/test/auto/Blending.xml
----------------- Instantiating /home/travis/build/icyphy/ptII/ptolemy/domains/modal/test/auto/Blending.xml
162 ms. Memory: 334336K Free: 226536K (68%)
----------------- Invoking toplevel() on ptolemy.moml.MoMLSimpleApplication@cbc8a3d
----------------- Done invoking toplevel() on ptolemy.moml.MoMLSimpleApplication@cbc8a3d
reloadAllAccessors: .Blending

===========================================================================================
----------------- testing Thu Jun 07 18:36:06 UTC 2018 /home/travis/build/icyphy/ptII/ptolemy/domains/modal/test/auto/Broadcast.xml
----------------- Instantiating /home/travis/build/icyphy/ptII/ptolemy/domains/modal/test/auto/Broadcast.xml
5 ms. Memory: 334336K Free: 210677K (63%)
----------------- Invoking toplevel() on ptolemy.moml.MoMLSimpleApplication@70591c08
----------------- Done invoking toplevel() on ptolemy.moml.MoMLSimpleApplication@70591c08
reloadAllAccessors: .Broadcast

===========================================================================================
----------------- testing Thu Jun 07 18:36:06 UTC 2018 /home/travis/build/icyphy/ptII/ptolemy/domains/modal/test/auto/BroadcastHierarchy.xml
----------------- Instantiating /home/travis/build/icyphy/ptII/ptolemy/domains/modal/test/auto/BroadcastHierarchy.xml
7 ms. Memory: 334336K Free: 194361K (58%)
----------------- Invoking toplevel() on ptolemy.moml.MoMLSimpleApplication@7d60f030
----------------- Done invoking toplevel() on ptolemy.moml.MoMLSimpleApplication@7d60f030
reloadAllAccessors: .BroadcastHierarchy

===========================================================================================
----------------- testing Thu Jun 07 18:36:06 UTC 2018 /home/travis/build/icyphy/ptII/ptolemy/domains/modal/test/auto/BroadcastHierarchy2.xml
----------------- Instantiating /home/travis/build/icyphy/ptII/ptolemy/domains/modal/test/auto/BroadcastHierarchy2.xml
27 ms. Memory: 334336K Free: 160097K (48%)
----------------- Invoking toplevel() on ptolemy.moml.MoMLSimpleApplication@4ad6908f
----------------- Done invoking toplevel() on ptolemy.moml.MoMLSimpleApplication@4ad6908f
reloadAllAccessors: .BroadcastHierarchy2

===========================================================================================
----------------- testing Thu Jun 07 18:36:06 UTC 2018 /home/travis/build/icyphy/ptII/ptolemy/domains/modal/test/auto/BroadcastHierarchy3.xml
----------------- Instantiating /home/travis/build/icyphy/ptII/ptolemy/domains/modal/test/auto/BroadcastHierarchy3.xml
19 ms. Memory: 334336K Free: 133991K (40%)
----------------- Invoking toplevel() on ptolemy.moml.MoMLSimpleApplication@4e9e0eaa
----------------- Done invoking toplevel() on ptolemy.moml.MoMLSimpleApplication@4e9e0eaa
reloadAllAccessors: .BroadcastHierarchy3

===========================================================================================
----------------- testing Thu Jun 07 18:36:07 UTC 2018 /home/travis/build/icyphy/ptII/ptolemy/domains/modal/test/auto/BroadcastHierarchy4.xml
----------------- Instantiating /home/travis/build/icyphy/ptII/ptolemy/domains/modal/test/auto/BroadcastHierarchy4.xml
14 ms. Memory: 334336K Free: 100184K (30%)
----------------- Invoking toplevel() on ptolemy.moml.MoMLSimpleApplication@43c85a0b
----------------- Done invoking toplevel() on ptolemy.moml.MoMLSimpleApplication@43c85a0b
reloadAllAccessors: .BroadcastHierarchy4

===========================================================================================
----------------- testing Thu Jun 07 18:36:07 UTC 2018 /home/travis/build/icyphy/ptII/ptolemy/domains/modal/test/auto/CannotAnalysisWithPreemption2.xml
----------------- Instantiating /home/travis/build/icyphy/ptII/ptolemy/domains/modal/test/auto/CannotAnalysisWithPreemption2.xml
5 ms. Memory: 334336K Free: 90394K (27%)
----------------- Invoking toplevel() on ptolemy.moml.MoMLSimpleApplication@58705ecf
----------------- Done invoking toplevel() on ptolemy.moml.MoMLSimpleApplication@58705ecf
reloadAllAccessors: .CannotAnalysisWithPreemption2

===========================================================================================
----------------- testing Thu Jun 07 18:36:07 UTC 2018 /home/travis/build/icyphy/ptII/ptolemy/domains/modal/test/auto/CannotAnalysisWithPreemption3.xml
----------------- Instantiating /home/travis/build/icyphy/ptII/ptolemy/domains/modal/test/auto/CannotAnalysisWithPreemption3.xml
3 ms. Memory: 334336K Free: 322503K (96%)
----------------- Invoking toplevel() on ptolemy.moml.MoMLSimpleApplication@5091d73b
----------------- Done invoking toplevel() on ptolemy.moml.MoMLSimpleApplication@5091d73b
reloadAllAccessors: .CannotAnalysisWithPreemption3

===========================================================================================
----------------- testing Thu Jun 07 18:36:07 UTC 2018 /home/travis/build/icyphy/ptII/ptolemy/domains/modal/test/auto/CannotProduce.xml
----------------- Instantiating /home/travis/build/icyphy/ptII/ptolemy/domains/modal/test/auto/CannotProduce.xml
13 ms. Memory: 334336K Free: 314099K (94%)
----------------- Invoking toplevel() on ptolemy.moml.MoMLSimpleApplication@6203fb19
----------------- Done invoking toplevel() on ptolemy.moml.MoMLSimpleApplication@6203fb19
reloadAllAccessors: .CannotProduce

===========================================================================================
----------------- testing Thu Jun 07 18:36:07 UTC 2018 /home/travis/build/icyphy/ptII/ptolemy/domains/modal/test/auto/CannotProduceModal.xml
----------------- Instantiating /home/travis/build/icyphy/ptII/ptolemy/domains/modal/test/auto/CannotProduceModal.xml
10 ms. Memory: 334336K Free: 305941K (92%)
----------------- Invoking toplevel() on ptolemy.moml.MoMLSimpleApplication@b363233
----------------- Done invoking toplevel() on ptolemy.moml.MoMLSimpleApplication@b363233
reloadAllAccessors: .CannotProduceModal

===========================================================================================
----------------- testing Thu Jun 07 18:36:07 UTC 2018 /home/travis/build/icyphy/ptII/ptolemy/domains/modal/test/auto/Case.xml
----------------- Instantiating /home/travis/build/icyphy/ptII/ptolemy/domains/modal/test/auto/Case.xml
30 ms. Memory: 334336K Free: 291009K (87%)
----------------- Invoking toplevel() on ptolemy.moml.MoMLSimpleApplication@3cfba281
----------------- Done invoking toplevel() on ptolemy.moml.MoMLSimpleApplication@3cfba281
reloadAllAccessors: .Case

===========================================================================================
----------------- testing Thu Jun 07 18:36:07 UTC 2018 /home/travis/build/icyphy/ptII/ptolemy/domains/modal/test/auto/Case1.xml
----------------- Instantiating /home/travis/build/icyphy/ptII/ptolemy/domains/modal/test/auto/Case1.xml
6 ms. Memory: 334336K Free: 282836K (85%)
----------------- Invoking toplevel() on ptolemy.moml.MoMLSimpleApplication@13ee584b
----------------- Done invoking toplevel() on ptolemy.moml.MoMLSimpleApplication@13ee584b
reloadAllAccessors: .Case1

===========================================================================================
----------------- testing Thu Jun 07 18:36:07 UTC 2018 /home/travis/build/icyphy/ptII/ptolemy/domains/modal/test/auto/Case2.xml
----------------- Instantiating /home/travis/build/icyphy/ptII/ptolemy/domains/modal/test/auto/Case2.xml
30 ms. Memory: 334336K Free: 271414K (81%)
----------------- Invoking toplevel() on ptolemy.moml.MoMLSimpleApplication@7dae9042
----------------- Done invoking toplevel() on ptolemy.moml.MoMLSimpleApplication@7dae9042
reloadAllAccessors: .Case2

===========================================================================================
----------------- testing Thu Jun 07 18:36:07 UTC 2018 /home/travis/build/icyphy/ptII/ptolemy/domains/modal/test/auto/CausalityInterface1.xml
----------------- Instantiating /home/travis/build/icyphy/ptII/ptolemy/domains/modal/test/auto/CausalityInterface1.xml
2 ms. Memory: 334336K Free: 263010K (79%)
----------------- Invoking toplevel() on ptolemy.moml.MoMLSimpleApplication@340ccdf2
----------------- Done invoking toplevel() on ptolemy.moml.MoMLSimpleApplication@340ccdf2
reloadAllAccessors: .CausalityInterface1

===========================================================================================
----------------- testing Thu Jun 07 18:36:07 UTC 2018 /home/travis/build/icyphy/ptII/ptolemy/domains/modal/test/auto/CausalityInterface10.xml
----------------- Instantiating /home/travis/build/icyphy/ptII/ptolemy/domains/modal/test/auto/CausalityInterface10.xml
16 ms. Memory: 334336K Free: 246662K (74%)
----------------- Invoking toplevel() on ptolemy.moml.MoMLSimpleApplication@3fd878c9
----------------- Done invoking toplevel() on ptolemy.moml.MoMLSimpleApplication@3fd878c9
reloadAllAccessors: .CausalityInterface10

===========================================================================================
----------------- testing Thu Jun 07 18:36:07 UTC 2018 /home/travis/build/icyphy/ptII/ptolemy/domains/modal/test/auto/CausalityInterface11.xml
----------------- Instantiating /home/travis/build/icyphy/ptII/ptolemy/domains/modal/test/auto/CausalityInterface11.xml
5 ms. Memory: 334336K Free: 228452K (68%)
----------------- Invoking toplevel() on ptolemy.moml.MoMLSimpleApplication@36d2ae24
----------------- Done invoking toplevel() on ptolemy.moml.MoMLSimpleApplication@36d2ae24
reloadAllAccessors: .CausalityInterface11

===========================================================================================
----------------- testing Thu Jun 07 18:36:07 UTC 2018 /home/travis/build/icyphy/ptII/ptolemy/domains/modal/test/auto/CausalityInterface12.xml
----------------- Instantiating /home/travis/build/icyphy/ptII/ptolemy/domains/modal/test/auto/CausalityInterface12.xml
5 ms. Memory: 334336K Free: 212120K (63%)
----------------- Invoking toplevel() on ptolemy.moml.MoMLSimpleApplication@704f599d
----------------- Done invoking toplevel() on ptolemy.moml.MoMLSimpleApplication@704f599d
reloadAllAccessors: .CausalityInterface12

===========================================================================================
----------------- testing Thu Jun 07 18:36:07 UTC 2018 /home/travis/build/icyphy/ptII/ptolemy/domains/modal/test/auto/CausalityInterface13.xml
----------------- Instantiating /home/travis/build/icyphy/ptII/ptolemy/domains/modal/test/auto/CausalityInterface13.xml
14 ms. Memory: 334336K Free: 195803K (59%)
----------------- Invoking toplevel() on ptolemy.moml.MoMLSimpleApplication@bbd3f67
----------------- Done invoking toplevel() on ptolemy.moml.MoMLSimpleApplication@bbd3f67
reloadAllAccessors: .CausalityInterface13

===========================================================================================
----------------- testing Thu Jun 07 18:36:07 UTC 2018 /home/travis/build/icyphy/ptII/ptolemy/domains/modal/test/auto/CausalityInterface14.xml
----------------- Instantiating /home/travis/build/icyphy/ptII/ptolemy/domains/modal/test/auto/CausalityInterface14.xml
7 ms. Memory: 334336K Free: 177609K (53%)
----------------- Invoking toplevel() on ptolemy.moml.MoMLSimpleApplication@36563e72
----------------- Done invoking toplevel() on ptolemy.moml.MoMLSimpleApplication@36563e72
reloadAllAccessors: .CausalityInterface14

===========================================================================================
----------------- testing Thu Jun 07 18:36:07 UTC 2018 /home/travis/build/icyphy/ptII/ptolemy/domains/modal/test/auto/CausalityInterface2.xml
----------------- Instantiating /home/travis/build/icyphy/ptII/ptolemy/domains/modal/test/auto/CausalityInterface2.xml
4 ms. Memory: 334336K Free: 169451K (51%)
----------------- Invoking toplevel() on ptolemy.moml.MoMLSimpleApplication@3e553505
----------------- Done invoking toplevel() on ptolemy.moml.MoMLSimpleApplication@3e553505
reloadAllAccessors: .CausalityInterface2

===========================================================================================
----------------- testing Thu Jun 07 18:36:07 UTC 2018 /home/travis/build/icyphy/ptII/ptolemy/domains/modal/test/auto/CausalityInterface3.xml
----------------- Instantiating /home/travis/build/icyphy/ptII/ptolemy/domains/modal/test/auto/CausalityInterface3.xml
4 ms. Memory: 334336K Free: 159414K (48%)
----------------- Invoking toplevel() on ptolemy.moml.MoMLSimpleApplication@3c1640c8
----------------- Done invoking toplevel() on ptolemy.moml.MoMLSimpleApplication@3c1640c8
reloadAllAccessors: .CausalityInterface3

===========================================================================================
----------------- testing Thu Jun 07 18:36:07 UTC 2018 /home/travis/build/icyphy/ptII/ptolemy/domains/modal/test/auto/CausalityInterface4.xml
----------------- Instantiating /home/travis/build/icyphy/ptII/ptolemy/domains/modal/test/auto/CausalityInterface4.xml
4 ms. Memory: 334336K Free: 151256K (45%)
----------------- Invoking toplevel() on ptolemy.moml.MoMLSimpleApplication@787c5516
----------------- Done invoking toplevel() on ptolemy.moml.MoMLSimpleApplication@787c5516
reloadAllAccessors: .CausalityInterface4

===========================================================================================
----------------- testing Thu Jun 07 18:36:07 UTC 2018 /home/travis/build/icyphy/ptII/ptolemy/domains/modal/test/auto/CausalityInterface5.xml
----------------- Instantiating /home/travis/build/icyphy/ptII/ptolemy/domains/modal/test/auto/CausalityInterface5.xml
5 ms. Memory: 334336K Free: 141467K (42%)
----------------- Invoking toplevel() on ptolemy.moml.MoMLSimpleApplication@512d7da9
----------------- Done invoking toplevel() on ptolemy.moml.MoMLSimpleApplication@512d7da9
reloadAllAccessors: .CausalityInterface5

===========================================================================================
----------------- testing Thu Jun 07 18:36:07 UTC 2018 /home/travis/build/icyphy/ptII/ptolemy/domains/modal/test/auto/CausalityInterface6.xml
----------------- Instantiating /home/travis/build/icyphy/ptII/ptolemy/domains/modal/test/auto/CausalityInterface6.xml
4 ms. Memory: 334336K Free: 129798K (39%)
----------------- Invoking toplevel() on ptolemy.moml.MoMLSimpleApplication@15b329fc
----------------- Done invoking toplevel() on ptolemy.moml.MoMLSimpleApplication@15b329fc
reloadAllAccessors: .CausalityInterface6

===========================================================================================
----------------- testing Thu Jun 07 18:36:08 UTC 2018 /home/travis/build/icyphy/ptII/ptolemy/domains/modal/test/auto/CausalityInterface7.xml
----------------- Instantiating /home/travis/build/icyphy/ptII/ptolemy/domains/modal/test/auto/CausalityInterface7.xml
6 ms. Memory: 334336K Free: 120009K (36%)
----------------- Invoking toplevel() on ptolemy.moml.MoMLSimpleApplication@38e65ed9
----------------- Done invoking toplevel() on ptolemy.moml.MoMLSimpleApplication@38e65ed9
reloadAllAccessors: .CausalityInterface7

===========================================================================================
----------------- testing Thu Jun 07 18:36:08 UTC 2018 /home/travis/build/icyphy/ptII/ptolemy/domains/modal/test/auto/CausalityInterface8.xml
----------------- Instantiating /home/travis/build/icyphy/ptII/ptolemy/domains/modal/test/auto/CausalityInterface8.xml
10 ms. Memory: 334336K Free: 110219K (33%)
----------------- Invoking toplevel() on ptolemy.moml.MoMLSimpleApplication@46f4b321
----------------- Done invoking toplevel() on ptolemy.moml.MoMLSimpleApplication@46f4b321
reloadAllAccessors: .CausalityInterface8

===========================================================================================
----------------- testing Thu Jun 07 18:36:08 UTC 2018 /home/travis/build/icyphy/ptII/ptolemy/domains/modal/test/auto/CausalityInterface9.xml
----------------- Instantiating /home/travis/build/icyphy/ptII/ptolemy/domains/modal/test/auto/CausalityInterface9.xml
3 ms. Memory: 334336K Free: 96920K (29%)
----------------- Invoking toplevel() on ptolemy.moml.MoMLSimpleApplication@4194cec6
----------------- Done invoking toplevel() on ptolemy.moml.MoMLSimpleApplication@4194cec6
reloadAllAccessors: .CausalityInterface9

===========================================================================================
----------------- testing Thu Jun 07 18:36:08 UTC 2018 /home/travis/build/icyphy/ptII/ptolemy/domains/modal/test/auto/ChainedTransitions.xml
----------------- Instantiating /home/travis/build/icyphy/ptII/ptolemy/domains/modal/test/auto/ChainedTransitions.xml
108 ms. Memory: 480768K Free: 460833K (96%)
----------------- Invoking toplevel() on ptolemy.moml.MoMLSimpleApplication@1bc44ce8
----------------- Done invoking toplevel() on ptolemy.moml.MoMLSimpleApplication@1bc44ce8
reloadAllAccessors: .ChainedTransitions

===========================================================================================
----------------- testing Thu Jun 07 18:36:08 UTC 2018 /home/travis/build/icyphy/ptII/ptolemy/domains/modal/test/auto/CycleOfImmediateTransitionsFSM.xml
----------------- Instantiating /home/travis/build/icyphy/ptII/ptolemy/domains/modal/test/auto/CycleOfImmediateTransitionsFSM.xml
7 ms. Memory: 480768K Free: 446749K (93%)
----------------- Invoking toplevel() on ptolemy.moml.MoMLSimpleApplication@7116cd8d
----------------- Done invoking toplevel() on ptolemy.moml.MoMLSimpleApplication@7116cd8d
reloadAllAccessors: .CycleOfImmediateTransitionsFSM

===========================================================================================
----------------- testing Thu Jun 07 18:36:08 UTC 2018 /home/travis/build/icyphy/ptII/ptolemy/domains/modal/test/auto/CycleOfImmediateTransitionsModal.xml
----------------- Instantiating /home/travis/build/icyphy/ptII/ptolemy/domains/modal/test/auto/CycleOfImmediateTransitionsModal.xml
4 ms. Memory: 480768K Free: 436318K (91%)
----------------- Invoking toplevel() on ptolemy.moml.MoMLSimpleApplication@45d57550
----------------- Done invoking toplevel() on ptolemy.moml.MoMLSimpleApplication@45d57550
reloadAllAccessors: .CycleOfImmediateTransitionsModal

===========================================================================================
----------------- testing Thu Jun 07 18:36:08 UTC 2018 /home/travis/build/icyphy/ptII/ptolemy/domains/modal/test/auto/CycleOfImmediateTransitionsModal2.xml
----------------- Instantiating /home/travis/build/icyphy/ptII/ptolemy/domains/modal/test/auto/CycleOfImmediateTransitionsModal2.xml
4 ms. Memory: 480768K Free: 423771K (88%)
----------------- Invoking toplevel() on ptolemy.moml.MoMLSimpleApplication@696cbac1
----------------- Done invoking toplevel() on ptolemy.moml.MoMLSimpleApplication@696cbac1
reloadAllAccessors: .CycleOfImmediateTransitionsModal2

===========================================================================================
----------------- testing Thu Jun 07 18:36:08 UTC 2018 /home/travis/build/icyphy/ptII/ptolemy/domains/modal/test/auto/CycleOfImmediateTransitionsModal3.xml
----------------- Instantiating /home/travis/build/icyphy/ptII/ptolemy/domains/modal/test/auto/CycleOfImmediateTransitionsModal3.xml
12 ms. Memory: 480768K Free: 395086K (82%)
----------------- Invoking toplevel() on ptolemy.moml.MoMLSimpleApplication@5d1f6138
----------------- Done invoking toplevel() on ptolemy.moml.MoMLSimpleApplication@5d1f6138
reloadAllAccessors: .CycleOfImmediateTransitionsModal3

===========================================================================================
----------------- testing Thu Jun 07 18:36:08 UTC 2018 /home/travis/build/icyphy/ptII/ptolemy/domains/modal/test/auto/DeepModal1.xml
----------------- Instantiating /home/travis/build/icyphy/ptII/ptolemy/domains/modal/test/auto/DeepModal1.xml
29 ms. Memory: 480768K Free: 379439K (79%)
----------------- Invoking toplevel() on ptolemy.moml.MoMLSimpleApplication@2ce109d5
----------------- Done invoking toplevel() on ptolemy.moml.MoMLSimpleApplication@2ce109d5
reloadAllAccessors: .DeepModal1

===========================================================================================
----------------- testing Thu Jun 07 18:36:08 UTC 2018 /home/travis/build/icyphy/ptII/ptolemy/domains/modal/test/auto/DeepModal2.xml
----------------- Instantiating /home/travis/build/icyphy/ptII/ptolemy/domains/modal/test/auto/DeepModal2.xml
24 ms. Memory: 480768K Free: 353853K (74%)
----------------- Invoking toplevel() on ptolemy.moml.MoMLSimpleApplication@6ffbf280
----------------- Done invoking toplevel() on ptolemy.moml.MoMLSimpleApplication@6ffbf280
reloadAllAccessors: .DeepModal2

===========================================================================================
----------------- testing Thu Jun 07 18:36:08 UTC 2018 /home/travis/build/icyphy/ptII/ptolemy/domains/modal/test/auto/DeepModal3.xml
----------------- Instantiating /home/travis/build/icyphy/ptII/ptolemy/domains/modal/test/auto/DeepModal3.xml
28 ms. Memory: 480768K Free: 322560K (67%)
----------------- Invoking toplevel() on ptolemy.moml.MoMLSimpleApplication@2db410ff
----------------- Done invoking toplevel() on ptolemy.moml.MoMLSimpleApplication@2db410ff
reloadAllAccessors: .DeepModal3

===========================================================================================
----------------- testing Thu Jun 07 18:36:08 UTC 2018 /home/travis/build/icyphy/ptII/ptolemy/domains/modal/test/auto/DeepModal4.xml
----------------- Instantiating /home/travis/build/icyphy/ptII/ptolemy/domains/modal/test/auto/DeepModal4.xml
17 ms. Memory: 480768K Free: 299089K (62%)
----------------- Invoking toplevel() on ptolemy.moml.MoMLSimpleApplication@70e2ab2a
----------------- Done invoking toplevel() on ptolemy.moml.MoMLSimpleApplication@70e2ab2a
reloadAllAccessors: .DeepModal4

===========================================================================================
----------------- testing Thu Jun 07 18:36:08 UTC 2018 /home/travis/build/icyphy/ptII/ptolemy/domains/modal/test/auto/Default1.xml
----------------- Instantiating /home/travis/build/icyphy/ptII/ptolemy/domains/modal/test/auto/Default1.xml
2 ms. Memory: 480768K Free: 286543K (60%)
----------------- Invoking toplevel() on ptolemy.moml.MoMLSimpleApplication@1db93062
----------------- Done invoking toplevel() on ptolemy.moml.MoMLSimpleApplication@1db93062
reloadAllAccessors: .Default1

===========================================================================================
----------------- testing Thu Jun 07 18:36:08 UTC 2018 /home/travis/build/icyphy/ptII/ptolemy/domains/modal/test/auto/Default2.xml
----------------- Instantiating /home/travis/build/icyphy/ptII/ptolemy/domains/modal/test/auto/Default2.xml
6 ms. Memory: 480768K Free: 278720K (58%)
----------------- Invoking toplevel() on ptolemy.moml.MoMLSimpleApplication@7fb0a2b2
----------------- Done invoking toplevel() on ptolemy.moml.MoMLSimpleApplication@7fb0a2b2
reloadAllAccessors: .Default2

===========================================================================================
----------------- testing Thu Jun 07 18:36:08 UTC 2018 /home/travis/build/icyphy/ptII/ptolemy/domains/modal/test/auto/Default3.xml
----------------- Instantiating /home/travis/build/icyphy/ptII/ptolemy/domains/modal/test/auto/Default3.xml
3 ms. Memory: 480768K Free: 268289K (56%)
----------------- Invoking toplevel() on ptolemy.moml.MoMLSimpleApplication@66f63cfb
----------------- Done invoking toplevel() on ptolemy.moml.MoMLSimpleApplication@66f63cfb
reloadAllAccessors: .Default3

===========================================================================================
----------------- testing Thu Jun 07 18:36:08 UTC 2018 /home/travis/build/icyphy/ptII/ptolemy/domains/modal/test/auto/Default4.xml
----------------- Instantiating /home/travis/build/icyphy/ptII/ptolemy/domains/modal/test/auto/Default4.xml
2 ms. Memory: 480768K Free: 258350K (54%)
----------------- Invoking toplevel() on ptolemy.moml.MoMLSimpleApplication@631ed571
----------------- Done invoking toplevel() on ptolemy.moml.MoMLSimpleApplication@631ed571
reloadAllAccessors: .Default4

===========================================================================================
----------------- testing Thu Jun 07 18:36:08 UTC 2018 /home/travis/build/icyphy/ptII/ptolemy/domains/modal/test/auto/Default5.xml
----------------- Instantiating /home/travis/build/icyphy/ptII/ptolemy/domains/modal/test/auto/Default5.xml
8 ms. Memory: 480768K Free: 247919K (52%)
----------------- Invoking toplevel() on ptolemy.moml.MoMLSimpleApplication@28206467
----------------- Done invoking toplevel() on ptolemy.moml.MoMLSimpleApplication@28206467
reloadAllAccessors: .Default5

===========================================================================================
----------------- testing Thu Jun 07 18:36:08 UTC 2018 /home/travis/build/icyphy/ptII/ptolemy/domains/modal/test/auto/EmptyGuard.xml
----------------- Instantiating /home/travis/build/icyphy/ptII/ptolemy/domains/modal/test/auto/EmptyGuard.xml
11 ms. Memory: 480768K Free: 237487K (49%)
----------------- Invoking toplevel() on ptolemy.moml.MoMLSimpleApplication@c067188
----------------- Done invoking toplevel() on ptolemy.moml.MoMLSimpleApplication@c067188
reloadAllAccessors: .EmptyGuard

===========================================================================================
----------------- testing Thu Jun 07 18:36:08 UTC 2018 /home/travis/build/icyphy/ptII/ptolemy/domains/modal/test/auto/ErrorTransition1.xml
----------------- Instantiating /home/travis/build/icyphy/ptII/ptolemy/domains/modal/test/auto/ErrorTransition1.xml
6 ms. Memory: 480768K Free: 224941K (47%)
----------------- Invoking toplevel() on ptolemy.moml.MoMLSimpleApplication@2f85f183
----------------- Done invoking toplevel() on ptolemy.moml.MoMLSimpleApplication@2f85f183
reloadAllAccessors: .ErrorTransition1

===========================================================================================
----------------- testing Thu Jun 07 18:36:09 UTC 2018 /home/travis/build/icyphy/ptII/ptolemy/domains/modal/test/auto/ErrorTransition10.xml
----------------- Instantiating /home/travis/build/icyphy/ptII/ptolemy/domains/modal/test/auto/ErrorTransition10.xml
11 ms. Memory: 480768K Free: 206686K (43%)
----------------- Invoking toplevel() on ptolemy.moml.MoMLSimpleApplication@7977ffa0
----------------- Done invoking toplevel() on ptolemy.moml.MoMLSimpleApplication@7977ffa0
reloadAllAccessors: .ErrorTransition10

===========================================================================================
----------------- testing Thu Jun 07 18:36:09 UTC 2018 /home/travis/build/icyphy/ptII/ptolemy/domains/modal/test/auto/ErrorTransition11.xml
----------------- Instantiating /home/travis/build/icyphy/ptII/ptolemy/domains/modal/test/auto/ErrorTransition11.xml
4 ms. Memory: 480768K Free: 188924K (39%)
----------------- Invoking toplevel() on ptolemy.moml.MoMLSimpleApplication@766d5213
----------------- Done invoking toplevel() on ptolemy.moml.MoMLSimpleApplication@766d5213
reloadAllAccessors: .ErrorTransition11

===========================================================================================
----------------- testing Thu Jun 07 18:36:09 UTC 2018 /home/travis/build/icyphy/ptII/ptolemy/domains/modal/test/auto/ErrorTransition2.xml
----------------- Instantiating /home/travis/build/icyphy/ptII/ptolemy/domains/modal/test/auto/ErrorTransition2.xml
5 ms. Memory: 480768K Free: 178492K (37%)
----------------- Invoking toplevel() on ptolemy.moml.MoMLSimpleApplication@5ce19321
----------------- Done invoking toplevel() on ptolemy.moml.MoMLSimpleApplication@5ce19321
reloadAllAccessors: .ErrorTransition2

===========================================================================================
----------------- testing Thu Jun 07 18:36:09 UTC 2018 /home/travis/build/icyphy/ptII/ptolemy/domains/modal/test/auto/ErrorTransition3.xml
----------------- Instantiating /home/travis/build/icyphy/ptII/ptolemy/domains/modal/test/auto/ErrorTransition3.xml
10 ms. Memory: 480768K Free: 168061K (35%)
----------------- Invoking toplevel() on ptolemy.moml.MoMLSimpleApplication@40ac70d3
----------------- Done invoking toplevel() on ptolemy.moml.MoMLSimpleApplication@40ac70d3
reloadAllAccessors: .ErrorTransition3

===========================================================================================
----------------- testing Thu Jun 07 18:36:09 UTC 2018 /home/travis/build/icyphy/ptII/ptolemy/domains/modal/test/auto/ErrorTransition4.xml
----------------- Instantiating /home/travis/build/icyphy/ptII/ptolemy/domains/modal/test/auto/ErrorTransition4.xml
10 ms. Memory: 480768K Free: 152906K (32%)
----------------- Invoking toplevel() on ptolemy.moml.MoMLSimpleApplication@3f2ddc22
----------------- Done invoking toplevel() on ptolemy.moml.MoMLSimpleApplication@3f2ddc22
reloadAllAccessors: .ErrorTransition4

===========================================================================================
----------------- testing Thu Jun 07 18:36:09 UTC 2018 /home/travis/build/icyphy/ptII/ptolemy/domains/modal/test/auto/ErrorTransition5.xml
----------------- Instantiating /home/travis/build/icyphy/ptII/ptolemy/domains/modal/test/auto/ErrorTransition5.xml
6 ms. Memory: 480768K Free: 139867K (29%)
----------------- Invoking toplevel() on ptolemy.moml.MoMLSimpleApplication@6e040e28
----------------- Done invoking toplevel() on ptolemy.moml.MoMLSimpleApplication@6e040e28
reloadAllAccessors: .ErrorTransition5

===========================================================================================
----------------- testing Thu Jun 07 18:36:09 UTC 2018 /home/travis/build/icyphy/ptII/ptolemy/domains/modal/test/auto/ErrorTransition6.xml
----------------- Instantiating /home/travis/build/icyphy/ptII/ptolemy/domains/modal/test/auto/ErrorTransition6.xml
9 ms. Memory: 480768K Free: 126828K (26%)
----------------- Invoking toplevel() on ptolemy.moml.MoMLSimpleApplication@cc0a7e4
----------------- Done invoking toplevel() on ptolemy.moml.MoMLSimpleApplication@cc0a7e4
reloadAllAccessors: .ErrorTransition6

===========================================================================================
----------------- testing Thu Jun 07 18:36:09 UTC 2018 /home/travis/build/icyphy/ptII/ptolemy/domains/modal/test/auto/ErrorTransition7.xml
----------------- Instantiating /home/travis/build/icyphy/ptII/ptolemy/domains/modal/test/auto/ErrorTransition7.xml
13 ms. Memory: 480768K Free: 109066K (23%)
----------------- Invoking toplevel() on ptolemy.moml.MoMLSimpleApplication@433b276
----------------- Done invoking toplevel() on ptolemy.moml.MoMLSimpleApplication@433b276
reloadAllAccessors: .ErrorTransition7

===========================================================================================
----------------- testing Thu Jun 07 18:36:09 UTC 2018 /home/travis/build/icyphy/ptII/ptolemy/domains/modal/test/auto/ErrorTransition8.xml
----------------- Instantiating /home/travis/build/icyphy/ptII/ptolemy/domains/modal/test/auto/ErrorTransition8.xml
36 ms. Memory: 480768K Free: 90812K (19%)
----------------- Invoking toplevel() on ptolemy.moml.MoMLSimpleApplication@5557ccee
----------------- Done invoking toplevel() on ptolemy.moml.MoMLSimpleApplication@5557ccee
reloadAllAccessors: .ErrorTransition8

===========================================================================================
----------------- testing Thu Jun 07 18:36:09 UTC 2018 /home/travis/build/icyphy/ptII/ptolemy/domains/modal/test/auto/ErrorTransition9.xml
----------------- Instantiating /home/travis/build/icyphy/ptII/ptolemy/domains/modal/test/auto/ErrorTransition9.xml
12 ms. Memory: 481280K Free: 465719K (97%)
----------------- Invoking toplevel() on ptolemy.moml.MoMLSimpleApplication@455bca6c
----------------- Done invoking toplevel() on ptolemy.moml.MoMLSimpleApplication@455bca6c
reloadAllAccessors: .ErrorTransition9

===========================================================================================
----------------- testing Thu Jun 07 18:36:09 UTC 2018 /home/travis/build/icyphy/ptII/ptolemy/domains/modal/test/auto/ExtendedFSM.xml
----------------- Instantiating /home/travis/build/icyphy/ptII/ptolemy/domains/modal/test/auto/ExtendedFSM.xml
5 ms. Memory: 481280K Free: 454436K (94%)
----------------- Invoking toplevel() on ptolemy.moml.MoMLSimpleApplication@299cffa8
----------------- Done invoking toplevel() on ptolemy.moml.MoMLSimpleApplication@299cffa8
reloadAllAccessors: .ExtendedFSM

===========================================================================================
----------------- testing Thu Jun 07 18:36:09 UTC 2018 /home/travis/build/icyphy/ptII/ptolemy/domains/modal/test/auto/FinalStates.xml
----------------- Instantiating /home/travis/build/icyphy/ptII/ptolemy/domains/modal/test/auto/FinalStates.xml
14 ms. Memory: 481280K Free: 443153K (92%)
----------------- Invoking toplevel() on ptolemy.moml.MoMLSimpleApplication@619bfff2
----------------- Done invoking toplevel() on ptolemy.moml.MoMLSimpleApplication@619bfff2
reloadAllAccessors: .FinalStates

===========================================================================================
----------------- testing Thu Jun 07 18:36:09 UTC 2018 /home/travis/build/icyphy/ptII/ptolemy/domains/modal/test/auto/FixedPointFSM.xml
----------------- Instantiating /home/travis/build/icyphy/ptII/ptolemy/domains/modal/test/auto/FixedPointFSM.xml
26 ms. Memory: 481280K Free: 425468K (88%)
----------------- Invoking toplevel() on ptolemy.moml.MoMLSimpleApplication@23474440
----------------- Done invoking toplevel() on ptolemy.moml.MoMLSimpleApplication@23474440
reloadAllAccessors: .FixedPointFSM

===========================================================================================
----------------- testing Thu Jun 07 18:36:09 UTC 2018 /home/travis/build/icyphy/ptII/ptolemy/domains/modal/test/auto/FixedPointIterationFSMActor.xml
----------------- Instantiating /home/travis/build/icyphy/ptII/ptolemy/domains/modal/test/auto/FixedPointIterationFSMActor.xml
6 ms. Memory: 481280K Free: 410274K (85%)
----------------- Invoking toplevel() on ptolemy.moml.MoMLSimpleApplication@3a517910
----------------- Done invoking toplevel() on ptolemy.moml.MoMLSimpleApplication@3a517910
reloadAllAccessors: .FixedPointIterationFSMActor

===========================================================================================
----------------- testing Thu Jun 07 18:36:09 UTC 2018 /home/travis/build/icyphy/ptII/ptolemy/domains/modal/test/auto/FixedPointIterationFSMActor2.xml
----------------- Instantiating /home/travis/build/icyphy/ptII/ptolemy/domains/modal/test/auto/FixedPointIterationFSMActor2.xml
8 ms. Memory: 481280K Free: 396583K (82%)
----------------- Invoking toplevel() on ptolemy.moml.MoMLSimpleApplication@7560e451
----------------- Done invoking toplevel() on ptolemy.moml.MoMLSimpleApplication@7560e451
reloadAllAccessors: .FixedPointIterationFSMActor2

===========================================================================================
----------------- testing Thu Jun 07 18:36:09 UTC 2018 /home/travis/build/icyphy/ptII/ptolemy/domains/modal/test/auto/ForbiddenInstantanousLoop.xml
----------------- Instantiating /home/travis/build/icyphy/ptII/ptolemy/domains/modal/test/auto/ForbiddenInstantanousLoop.xml
5 ms. Memory: 481280K Free: 381388K (79%)
----------------- Invoking toplevel() on ptolemy.moml.MoMLSimpleApplication@5ad7c753
----------------- Done invoking toplevel() on ptolemy.moml.MoMLSimpleApplication@5ad7c753
reloadAllAccessors: .ForbiddenInstantanousLoop

===========================================================================================
----------------- testing Thu Jun 07 18:36:09 UTC 2018 /home/travis/build/icyphy/ptII/ptolemy/domains/modal/test/auto/FunctionDependencyOfFSMActorTest.xml
----------------- Instantiating /home/travis/build/icyphy/ptII/ptolemy/domains/modal/test/auto/FunctionDependencyOfFSMActorTest.xml
6 ms. Memory: 481280K Free: 373565K (78%)
----------------- Invoking toplevel() on ptolemy.moml.MoMLSimpleApplication@3d2ef4c2
----------------- Done invoking toplevel() on ptolemy.moml.MoMLSimpleApplication@3d2ef4c2
reloadAllAccessors: .FunctionDependencyOfFSMActorTest

===========================================================================================
----------------- testing Thu Jun 07 18:36:09 UTC 2018 /home/travis/build/icyphy/ptII/ptolemy/domains/modal/test/auto/GuardExpression.xml
----------------- Instantiating /home/travis/build/icyphy/ptII/ptolemy/domains/modal/test/auto/GuardExpression.xml
1 ms. Memory: 481280K Free: 364238K (76%)
----------------- Invoking toplevel() on ptolemy.moml.MoMLSimpleApplication@5ab6bf24
----------------- Done invoking toplevel() on ptolemy.moml.MoMLSimpleApplication@5ab6bf24
reloadAllAccessors: .GuardExpression

===========================================================================================
----------------- testing Thu Jun 07 18:36:09 UTC 2018 /home/travis/build/icyphy/ptII/ptolemy/domains/modal/test/auto/GuardNotEvaluated.xml
----------------- Instantiating /home/travis/build/icyphy/ptII/ptolemy/domains/modal/test/auto/GuardNotEvaluated.xml
7 ms. Memory: 481280K Free: 354458K (74%)
----------------- Invoking toplevel() on ptolemy.moml.MoMLSimpleApplication@5ee6a250
----------------- Done invoking toplevel() on ptolemy.moml.MoMLSimpleApplication@5ee6a250
reloadAllAccessors: .GuardNotEvaluated

===========================================================================================
----------------- testing Thu Jun 07 18:36:09 UTC 2018 /home/travis/build/icyphy/ptII/ptolemy/domains/modal/test/auto/GuardNotEvaluated2.xml
----------------- Instantiating /home/travis/build/icyphy/ptII/ptolemy/domains/modal/test/auto/GuardNotEvaluated2.xml
9 ms. Memory: 481280K Free: 341219K (71%)
----------------- Invoking toplevel() on ptolemy.moml.MoMLSimpleApplication@4dbd294
----------------- Done invoking toplevel() on ptolemy.moml.MoMLSimpleApplication@4dbd294
reloadAllAccessors: .GuardNotEvaluated2

===========================================================================================
----------------- testing Thu Jun 07 18:36:09 UTC 2018 /home/travis/build/icyphy/ptII/ptolemy/domains/modal/test/auto/GuardOnAbsent.xml
----------------- Instantiating /home/travis/build/icyphy/ptII/ptolemy/domains/modal/test/auto/GuardOnAbsent.xml
12 ms. Memory: 481280K Free: 333396K (69%)
----------------- Invoking toplevel() on ptolemy.moml.MoMLSimpleApplication@33a01868
----------------- Done invoking toplevel() on ptolemy.moml.MoMLSimpleApplication@33a01868
reloadAllAccessors: .GuardOnAbsent

===========================================================================================
----------------- testing Thu Jun 07 18:36:09 UTC 2018 /home/travis/build/icyphy/ptII/ptolemy/domains/modal/test/auto/HierarchicalFSMTypeInference.xml
----------------- Instantiating /home/travis/build/icyphy/ptII/ptolemy/domains/modal/test/auto/HierarchicalFSMTypeInference.xml
4 ms. Memory: 481280K Free: 318201K (66%)
----------------- Invoking toplevel() on ptolemy.moml.MoMLSimpleApplication@11f20e64
----------------- Done invoking toplevel() on ptolemy.moml.MoMLSimpleApplication@11f20e64
reloadAllAccessors: .HierarchicalFSMTypeInference

===========================================================================================
----------------- testing Thu Jun 07 18:36:09 UTC 2018 /home/travis/build/icyphy/ptII/ptolemy/domains/modal/test/auto/Hysteresis.xml
----------------- Instantiating /home/travis/build/icyphy/ptII/ptolemy/domains/modal/test/auto/Hysteresis.xml
16 ms. Memory: 481280K Free: 302554K (63%)
----------------- Invoking toplevel() on ptolemy.moml.MoMLSimpleApplication@415c1f66
----------------- Done invoking toplevel() on ptolemy.moml.MoMLSimpleApplication@415c1f66
reloadAllAccessors: .Hysteresis

===========================================================================================
----------------- testing Thu Jun 07 18:36:09 UTC 2018 /home/travis/build/icyphy/ptII/ptolemy/domains/modal/test/auto/HysteresisWithDefault.xml
----------------- Instantiating /home/travis/build/icyphy/ptII/ptolemy/domains/modal/test/auto/HysteresisWithDefault.xml
75 ms. Memory: 481280K Free: 275624K (57%)
----------------- Invoking toplevel() on ptolemy.moml.MoMLSimpleApplication@393c9621
----------------- Done invoking toplevel() on ptolemy.moml.MoMLSimpleApplication@393c9621
reloadAllAccessors: .HysteresisWithDefault

===========================================================================================
----------------- testing Thu Jun 07 18:36:10 UTC 2018 /home/travis/build/icyphy/ptII/ptolemy/domains/modal/test/auto/HysteresisWithDefault2.xml
----------------- Instantiating /home/travis/build/icyphy/ptII/ptolemy/domains/modal/test/auto/HysteresisWithDefault2.xml
52 ms. Memory: 481280K Free: 242375K (50%)
----------------- Invoking toplevel() on ptolemy.moml.MoMLSimpleApplication@165c945
----------------- Done invoking toplevel() on ptolemy.moml.MoMLSimpleApplication@165c945
reloadAllAccessors: .HysteresisWithDefault2

===========================================================================================
----------------- testing Thu Jun 07 18:36:10 UTC 2018 /home/travis/build/icyphy/ptII/ptolemy/domains/modal/test/auto/ImmediateNonConstructiveness.xml
----------------- Instantiating /home/travis/build/icyphy/ptII/ptolemy/domains/modal/test/auto/ImmediateNonConstructiveness.xml
4 ms. Memory: 481280K Free: 231092K (48%)
----------------- Invoking toplevel() on ptolemy.moml.MoMLSimpleApplication@6b6392d
----------------- Done invoking toplevel() on ptolemy.moml.MoMLSimpleApplication@6b6392d
reloadAllAccessors: .ImmediateNonConstructiveness

===========================================================================================
----------------- testing Thu Jun 07 18:36:10 UTC 2018 /home/travis/build/icyphy/ptII/ptolemy/domains/modal/test/auto/ImmediateNonConstructiveness2.xml
----------------- Instantiating /home/travis/build/icyphy/ptII/ptolemy/domains/modal/test/auto/ImmediateNonConstructiveness2.xml
2 ms. Memory: 481280K Free: 223269K (46%)
----------------- Invoking toplevel() on ptolemy.moml.MoMLSimpleApplication@3fb8f1c0
----------------- Done invoking toplevel() on ptolemy.moml.MoMLSimpleApplication@3fb8f1c0
reloadAllAccessors: .ImmediateNonConstructiveness2

===========================================================================================
----------------- testing Thu Jun 07 18:36:10 UTC 2018 /home/travis/build/icyphy/ptII/ptolemy/domains/modal/test/auto/ImmediateTransitionReset.xml
----------------- Instantiating /home/travis/build/icyphy/ptII/ptolemy/domains/modal/test/auto/ImmediateTransitionReset.xml
9 ms. Memory: 481280K Free: 208074K (43%)
----------------- Invoking toplevel() on ptolemy.moml.MoMLSimpleApplication@23379a5e
----------------- Done invoking toplevel() on ptolemy.moml.MoMLSimpleApplication@23379a5e
reloadAllAccessors: .ImmediateTransitionReset

===========================================================================================
----------------- testing Thu Jun 07 18:36:10 UTC 2018 /home/travis/build/icyphy/ptII/ptolemy/domains/modal/test/auto/ImmediateTransitions1.xml
----------------- Instantiating /home/travis/build/icyphy/ptII/ptolemy/domains/modal/test/auto/ImmediateTransitions1.xml
2 ms. Memory: 481280K Free: 200251K (42%)
----------------- Invoking toplevel() on ptolemy.moml.MoMLSimpleApplication@18d4f45a
----------------- Done invoking toplevel() on ptolemy.moml.MoMLSimpleApplication@18d4f45a
reloadAllAccessors: .ImmediateTransitions1

===========================================================================================
----------------- testing Thu Jun 07 18:36:10 UTC 2018 /home/travis/build/icyphy/ptII/ptolemy/domains/modal/test/auto/ImmediateTransitionsInstantaneousCommunication.xml
----------------- Instantiating /home/travis/build/icyphy/ptII/ptolemy/domains/modal/test/auto/ImmediateTransitionsInstantaneousCommunication.xml
5 ms. Memory: 481280K Free: 183100K (38%)
----------------- Invoking toplevel() on ptolemy.moml.MoMLSimpleApplication@74185672
----------------- Done invoking toplevel() on ptolemy.moml.MoMLSimpleApplication@74185672
reloadAllAccessors: .ImmediateTransitionsInstantaneousCommunication

===========================================================================================
----------------- testing Thu Jun 07 18:36:10 UTC 2018 /home/travis/build/icyphy/ptII/ptolemy/domains/modal/test/auto/InitialImmediateTransition.xml
----------------- Instantiating /home/travis/build/icyphy/ptII/ptolemy/domains/modal/test/auto/InitialImmediateTransition.xml
4 ms. Memory: 481280K Free: 173773K (36%)
----------------- Invoking toplevel() on ptolemy.moml.MoMLSimpleApplication@768a7ab9
----------------- Done invoking toplevel() on ptolemy.moml.MoMLSimpleApplication@768a7ab9
reloadAllAccessors: .InitialImmediateTransition

===========================================================================================
----------------- testing Thu Jun 07 18:36:10 UTC 2018 /home/travis/build/icyphy/ptII/ptolemy/domains/modal/test/auto/InitialOutputs.xml
----------------- Instantiating /home/travis/build/icyphy/ptII/ptolemy/domains/modal/test/auto/InitialOutputs.xml
4 ms. Memory: 481280K Free: 165949K (34%)
----------------- Invoking toplevel() on ptolemy.moml.MoMLSimpleApplication@717ee87c
----------------- Done invoking toplevel() on ptolemy.moml.MoMLSimpleApplication@717ee87c
reloadAllAccessors: .InitialOutputs

===========================================================================================
----------------- testing Thu Jun 07 18:36:10 UTC 2018 /home/travis/build/icyphy/ptII/ptolemy/domains/modal/test/auto/InitialStateTransition1.xml
----------------- Instantiating /home/travis/build/icyphy/ptII/ptolemy/domains/modal/test/auto/InitialStateTransition1.xml
3 ms. Memory: 481280K Free: 154667K (32%)
----------------- Invoking toplevel() on ptolemy.moml.MoMLSimpleApplication@7a23d4c6
----------------- Done invoking toplevel() on ptolemy.moml.MoMLSimpleApplication@7a23d4c6
reloadAllAccessors: .InitialStateTransition1

===========================================================================================
----------------- testing Thu Jun 07 18:36:10 UTC 2018 /home/travis/build/icyphy/ptII/ptolemy/domains/modal/test/auto/InitialStateTransition2.xml
----------------- Instantiating /home/travis/build/icyphy/ptII/ptolemy/domains/modal/test/auto/InitialStateTransition2.xml
.InitialStateTransition2.TestExceptionAttributeNonConstructive: initialize() was not invoked, but wrapup() was.  This is unusual, but not always a problem.  For example, exporting JNLP will do this.
1 ms. Memory: 481280K Free: 144887K (30%)
----------------- Invoking toplevel() on ptolemy.moml.MoMLSimpleApplication@7e4b2ef4
----------------- Done invoking toplevel() on ptolemy.moml.MoMLSimpleApplication@7e4b2ef4
reloadAllAccessors: .InitialStateTransition2

===========================================================================================
----------------- testing Thu Jun 07 18:36:10 UTC 2018 /home/travis/build/icyphy/ptII/ptolemy/domains/modal/test/auto/InitialStateTransition3.xml
----------------- Instantiating /home/travis/build/icyphy/ptII/ptolemy/domains/modal/test/auto/InitialStateTransition3.xml
4 ms. Memory: 481280K Free: 131648K (27%)
----------------- Invoking toplevel() on ptolemy.moml.MoMLSimpleApplication@1f1101d
----------------- Done invoking toplevel() on ptolemy.moml.MoMLSimpleApplication@1f1101d
reloadAllAccessors: .InitialStateTransition3

===========================================================================================
----------------- testing Thu Jun 07 18:36:10 UTC 2018 /home/travis/build/icyphy/ptII/ptolemy/domains/modal/test/auto/InitialStateTransition4.xml
----------------- Instantiating /home/travis/build/icyphy/ptII/ptolemy/domains/modal/test/auto/InitialStateTransition4.xml
3 ms. Memory: 481280K Free: 119913K (25%)
----------------- Invoking toplevel() on ptolemy.moml.MoMLSimpleApplication@35e1e6d8
----------------- Done invoking toplevel() on ptolemy.moml.MoMLSimpleApplication@35e1e6d8
[...]
----------------- Done invoking toplevel() on ptolemy.moml.MoMLSimpleApplication@4349d95
reloadAllAccessors: .TerminationTransition3

===========================================================================================
----------------- testing Thu Jun 07 18:36:12 UTC 2018 /home/travis/build/icyphy/ptII/ptolemy/domains/modal/test/auto/TerminationTransition4.xml
----------------- Instantiating /home/travis/build/icyphy/ptII/ptolemy/domains/modal/test/auto/TerminationTransition4.xml
3 ms. Memory: 716288K Free: 583557K (81%)
----------------- Invoking toplevel() on ptolemy.moml.MoMLSimpleApplication@5625d6d
----------------- Done invoking toplevel() on ptolemy.moml.MoMLSimpleApplication@5625d6d
reloadAllAccessors: .TerminationTransition4

===========================================================================================
----------------- testing Thu Jun 07 18:36:12 UTC 2018 /home/travis/build/icyphy/ptII/ptolemy/domains/modal/test/auto/TerminationTransition5.xml
----------------- Instantiating /home/travis/build/icyphy/ptII/ptolemy/domains/modal/test/auto/TerminationTransition5.xml
2 ms. Memory: 716288K Free: 563392K (79%)
----------------- Invoking toplevel() on ptolemy.moml.MoMLSimpleApplication@72be4c19
----------------- Done invoking toplevel() on ptolemy.moml.MoMLSimpleApplication@72be4c19
reloadAllAccessors: .TerminationTransition5

===========================================================================================
----------------- testing Thu Jun 07 18:36:12 UTC 2018 /home/travis/build/icyphy/ptII/ptolemy/domains/modal/test/auto/TerminationTransition6.xml
----------------- Instantiating /home/travis/build/icyphy/ptII/ptolemy/domains/modal/test/auto/TerminationTransition6.xml
2 ms. Memory: 716288K Free: 550869K (77%)
----------------- Invoking toplevel() on ptolemy.moml.MoMLSimpleApplication@15059c72
----------------- Done invoking toplevel() on ptolemy.moml.MoMLSimpleApplication@15059c72
reloadAllAccessors: .TerminationTransition6

===========================================================================================
----------------- testing Thu Jun 07 18:36:12 UTC 2018 /home/travis/build/icyphy/ptII/ptolemy/domains/modal/test/auto/TerminationTransition7.xml
----------------- Instantiating /home/travis/build/icyphy/ptII/ptolemy/domains/modal/test/auto/TerminationTransition7.xml
2 ms. Memory: 716288K Free: 536997K (75%)
----------------- Invoking toplevel() on ptolemy.moml.MoMLSimpleApplication@253096f2
----------------- Done invoking toplevel() on ptolemy.moml.MoMLSimpleApplication@253096f2
reloadAllAccessors: .TerminationTransition7

===========================================================================================
----------------- testing Thu Jun 07 18:36:12 UTC 2018 /home/travis/build/icyphy/ptII/ptolemy/domains/modal/test/auto/TerminationTransition8.xml
----------------- Instantiating /home/travis/build/icyphy/ptII/ptolemy/domains/modal/test/auto/TerminationTransition8.xml
2 ms. Memory: 716288K Free: 523126K (73%)
----------------- Invoking toplevel() on ptolemy.moml.MoMLSimpleApplication@767cd53d
----------------- Done invoking toplevel() on ptolemy.moml.MoMLSimpleApplication@767cd53d
reloadAllAccessors: .TerminationTransition8

===========================================================================================
----------------- testing Thu Jun 07 18:36:12 UTC 2018 /home/travis/build/icyphy/ptII/ptolemy/domains/modal/test/auto/Thermostat_NoHysteresis.xml
----------------- Instantiating /home/travis/build/icyphy/ptII/ptolemy/domains/modal/test/auto/Thermostat_NoHysteresis.xml
25 ms. Memory: 716288K Free: 494884K (69%)
----------------- Invoking toplevel() on ptolemy.moml.MoMLSimpleApplication@71c6b35c
----------------- Done invoking toplevel() on ptolemy.moml.MoMLSimpleApplication@71c6b35c
reloadAllAccessors: .Thermostat_NoHysteresis

===========================================================================================
----------------- testing Thu Jun 07 18:36:12 UTC 2018 /home/travis/build/icyphy/ptII/ptolemy/domains/modal/test/auto/TimedFSM.xml
----------------- Instantiating /home/travis/build/icyphy/ptII/ptolemy/domains/modal/test/auto/TimedFSM.xml
7 ms. Memory: 716288K Free: 477866K (67%)
----------------- Invoking toplevel() on ptolemy.moml.MoMLSimpleApplication@3bbfcacb
----------------- Done invoking toplevel() on ptolemy.moml.MoMLSimpleApplication@3bbfcacb
reloadAllAccessors: .TimedFSM

===========================================================================================
----------------- testing Thu Jun 07 18:36:12 UTC 2018 /home/travis/build/icyphy/ptII/ptolemy/domains/modal/test/auto/Timeout1.xml
----------------- Instantiating /home/travis/build/icyphy/ptII/ptolemy/domains/modal/test/auto/Timeout1.xml
3 ms. Memory: 716288K Free: 468465K (65%)
----------------- Invoking toplevel() on ptolemy.moml.MoMLSimpleApplication@65066105
----------------- Done invoking toplevel() on ptolemy.moml.MoMLSimpleApplication@65066105
reloadAllAccessors: .Timeout1

===========================================================================================
----------------- testing Thu Jun 07 18:36:12 UTC 2018 /home/travis/build/icyphy/ptII/ptolemy/domains/modal/test/auto/Timeout2.xml
----------------- Instantiating /home/travis/build/icyphy/ptII/ptolemy/domains/modal/test/auto/Timeout2.xml
6 ms. Memory: 716288K Free: 457709K (64%)
----------------- Invoking toplevel() on ptolemy.moml.MoMLSimpleApplication@638c000a
----------------- Done invoking toplevel() on ptolemy.moml.MoMLSimpleApplication@638c000a
reloadAllAccessors: .Timeout2

===========================================================================================
----------------- testing Thu Jun 07 18:36:12 UTC 2018 /home/travis/build/icyphy/ptII/ptolemy/domains/modal/test/auto/Timeout3.xml
----------------- Instantiating /home/travis/build/icyphy/ptII/ptolemy/domains/modal/test/auto/Timeout3.xml
1 ms. Memory: 716288K Free: 446961K (62%)
----------------- Invoking toplevel() on ptolemy.moml.MoMLSimpleApplication@1498bfd2
----------------- Done invoking toplevel() on ptolemy.moml.MoMLSimpleApplication@1498bfd2
reloadAllAccessors: .Timeout3

===========================================================================================
----------------- testing Thu Jun 07 18:36:12 UTC 2018 /home/travis/build/icyphy/ptII/ptolemy/domains/modal/test/auto/Timeout4.xml
----------------- Instantiating /home/travis/build/icyphy/ptII/ptolemy/domains/modal/test/auto/Timeout4.xml
2 ms. Memory: 716288K Free: 437568K (61%)
----------------- Invoking toplevel() on ptolemy.moml.MoMLSimpleApplication@668f5f5
----------------- Done invoking toplevel() on ptolemy.moml.MoMLSimpleApplication@668f5f5
reloadAllAccessors: .Timeout4

===========================================================================================
----------------- testing Thu Jun 07 18:36:12 UTC 2018 /home/travis/build/icyphy/ptII/ptolemy/domains/modal/test/auto/TransientstateModelAdvanced.xml
----------------- Instantiating /home/travis/build/icyphy/ptII/ptolemy/domains/modal/test/auto/TransientstateModelAdvanced.xml
3 ms. Memory: 716288K Free: 420534K (59%)
----------------- Invoking toplevel() on ptolemy.moml.MoMLSimpleApplication@4b4c2fcc
----------------- Done invoking toplevel() on ptolemy.moml.MoMLSimpleApplication@4b4c2fcc
reloadAllAccessors: .TransientstateModelAdvanced

===========================================================================================
----------------- testing Thu Jun 07 18:36:13 UTC 2018 /home/travis/build/icyphy/ptII/ptolemy/domains/modal/test/auto/TransientstateModelAdvanced2.xml
----------------- Instantiating /home/travis/build/icyphy/ptII/ptolemy/domains/modal/test/auto/TransientstateModelAdvanced2.xml
2 ms. Memory: 716288K Free: 400377K (56%)
----------------- Invoking toplevel() on ptolemy.moml.MoMLSimpleApplication@1cc1388c
----------------- Done invoking toplevel() on ptolemy.moml.MoMLSimpleApplication@1cc1388c
reloadAllAccessors: .transientstatemodelAdvanced

===========================================================================================
----------------- testing Thu Jun 07 18:36:13 UTC 2018 /home/travis/build/icyphy/ptII/ptolemy/domains/modal/test/auto/TransitionRefinements.xml
----------------- Instantiating /home/travis/build/icyphy/ptII/ptolemy/domains/modal/test/auto/TransitionRefinements.xml
10 ms. Memory: 716288K Free: 387846K (54%)
----------------- Invoking toplevel() on ptolemy.moml.MoMLSimpleApplication@77990a92
----------------- Done invoking toplevel() on ptolemy.moml.MoMLSimpleApplication@77990a92
reloadAllAccessors: .TransitionRefinements

===========================================================================================
----------------- testing Thu Jun 07 18:36:13 UTC 2018 /home/travis/build/icyphy/ptII/ptolemy/domains/modal/test/auto/TwoRefinements1.xml
----------------- Instantiating /home/travis/build/icyphy/ptII/ptolemy/domains/modal/test/auto/TwoRefinements1.xml
2 ms. Memory: 716288K Free: 370828K (52%)
----------------- Invoking toplevel() on ptolemy.moml.MoMLSimpleApplication@44996fac
----------------- Done invoking toplevel() on ptolemy.moml.MoMLSimpleApplication@44996fac
reloadAllAccessors: .TwoRefinements1

===========================================================================================
----------------- testing Thu Jun 07 18:36:13 UTC 2018 /home/travis/build/icyphy/ptII/ptolemy/domains/modal/test/auto/TwoRefinements2.xml
----------------- Instantiating /home/travis/build/icyphy/ptII/ptolemy/domains/modal/test/auto/TwoRefinements2.xml
2 ms. Memory: 716288K Free: 353794K (49%)
----------------- Invoking toplevel() on ptolemy.moml.MoMLSimpleApplication@58c0a42
----------------- Done invoking toplevel() on ptolemy.moml.MoMLSimpleApplication@58c0a42
reloadAllAccessors: .TwoRefinements2

===========================================================================================
----------------- testing Thu Jun 07 18:36:13 UTC 2018 /home/travis/build/icyphy/ptII/ptolemy/domains/modal/test/auto/WeakImmediateTransition.xml
----------------- Instantiating /home/travis/build/icyphy/ptII/ptolemy/domains/modal/test/auto/WeakImmediateTransition.xml
3 ms. Memory: 716288K Free: 341270K (48%)
----------------- Invoking toplevel() on ptolemy.moml.MoMLSimpleApplication@24c92f03
----------------- Done invoking toplevel() on ptolemy.moml.MoMLSimpleApplication@24c92f03
reloadAllAccessors: .WeakImmediateTransition

===========================================================================================
----------------- testing Thu Jun 07 18:36:13 UTC 2018 /home/travis/build/icyphy/ptII/ptolemy/domains/modal/test/auto/booleanSelect.xml
----------------- Instantiating /home/travis/build/icyphy/ptII/ptolemy/domains/modal/test/auto/booleanSelect.xml
32 ms. Memory: 716288K Free: 317958K (44%)
----------------- Invoking toplevel() on ptolemy.moml.MoMLSimpleApplication@63f79fbb
----------------- Done invoking toplevel() on ptolemy.moml.MoMLSimpleApplication@63f79fbb
reloadAllAccessors: .booleanSelect

===========================================================================================
----------------- testing Thu Jun 07 18:36:13 UTC 2018 /home/travis/build/icyphy/ptII/ptolemy/domains/modal/test/auto/modalChangingParams.xml
----------------- Instantiating /home/travis/build/icyphy/ptII/ptolemy/domains/modal/test/auto/modalChangingParams.xml
0
1
0
2
4
6
8
7
0
2
4
6
8
13
0
2
4
6
8
19
0
2
4
6
8
25
0
2
4
6
8
31
0
2
4
6
8
37
0
2
4
6
8
43
0
2
4
6
8
49
0
2
4
6
8
55
0
2
4
6
8
61
0
2
4
6
8
67
0
2
4
6
8
73
0
2
4
6
8
79
0
2
4
6
8
85
0
2
4
6
8
91
0
2
4
6
8
97
0
2
4
6
8
103
0
2
4
6
8
109
0
2
4
6
8
115
0
2
4
6
8
121
0
2
4
6
8
127
0
2
4
6
8
133
0
2
4
6
8
139
0
2
4
6
8
145
0
2
4
6
8
151
0
2
4
6
8
157
0
2
4
6
8
163
0
2
4
6
8
169
0
2
4
6
8
175
0
2
4
6
8
181
0
2
4
6
8
187
0
2
4
6
8
193
0
2
4
6
8
199
0
2
4
6
8
205
0
2
4
6
8
211
0
2
4
6
8
217
0
2
4
6
8
223
0
2
4
6
8
229
0
2
4
6
8
235
0
2
4
6
8
241
0
2
4
6
8
247
0
2
4
6
8
253
0
2
4
6
8
259
0
2
4
6
8
265
0
2
4
6
8
271
0
2
4
6
8
277
0
2
4
6
8
283
0
2
4
6
8
289
0
2
4
6
8
295
0
2
4
6
8
301
0
2
4
6
8
307
0
2
4
6
8
313
0
2
4
6
8
319
0
2
4
6
8
325
0
2
4
6
8
331
0
2
4
6
8
337
0
2
4
6
8
343
0
2
4
6
8
349
0
2
4
6
8
355
0
2
4
6
8
361
0
2
4
6
8
367
0
2
4
6
8
373
0
2
4
6
8
379
0
2
4
6
8
385
0
2
4
6
8
391
0
2
4
6
8
397
0
2
4
6
8
403
0
2
4
6
8
409
0
2
4
6
8
415
0
2
4
6
8
421
0
2
4
6
8
427
0
2
4
6
8
433
0
2
4
6
8
439
0
2
4
6
8
445
0
2
4
6
8
451
0
2
4
6
8
457
0
2
4
6
8
463
0
2
4
6
8
469
0
2
4
6
8
475
0
2
4
6
8
481
0
2
4
6
8
487
0
2
4
6
8
493
0
2
4
6
8
499
0
2
4
6
8
505
0
2
4
6
8
511
0
2
4
6
8
517
0
2
4
6
8
523
0
2
4
6
8
529
0
2
4
6
8
535
0
2
4
6
8
541
0
2
4
6
8
547
0
2
4
6
8
553
0
2
4
6
8
559
0
2
4
6
8
565
0
2
4
6
8
571
0
2
4
6
8
577
0
2
4
6
8
583
0
2
4
6
8
589
0
2
4
6
8
595
0
2
4
6
8
601
0
2
4
6
8
607
0
2
4
6
8
613
0
2
4
6
8
619
0
2
4
6
8
625
0
2
4
6
8
631
0
2
4
6
8
637
0
2
4
6
8
643
0
2
4
6
8
649
0
2
4
6
8
655
0
2
4
6
8
661
0
2
4
6
8
667
0
2
4
6
8
673
0
2
4
6
8
679
0
2
4
6
8
685
0
2
4
6
8
691
0
2
4
6
8
697
0
2
4
6
8
703
0
2
4
6
8
709
0
2
4
6
8
715
0
2
4
6
8
721
0
2
4
6
8
727
0
2
4
6
8
733
0
2
4
6
8
739
0
2
4
6
8
745
0
2
4
6
8
751
0
2
4
6
8
757
0
2
4
6
8
763
0
2
4
6
8
769
0
2
4
6
8
775
0
2
4
6
8
781
0
2
4
6
8
787
0
2
4
6
8
793
0
2
4
6
8
799
0
2
4
6
8
805
0
2
4
6
8
811
0
2
4
6
8
817
0
2
4
6
8
823
0
2
4
6
8
829
0
2
4
6
8
835
0
2
4
6
8
841
0
2
4
6
8
847
0
2
4
6
8
853
0
2
4
6
8
859
0
2
4
6
8
865
0
2
4
6
8
871
0
2
4
6
8
877
0
2
4
6
8
883
0
2
4
6
8
889
0
2
4
6
8
895
0
2
4
6
8
901
0
2
4
6
8
907
0
2
4
6
8
913
0
2
4
6
8
919
0
2
4
6
8
925
0
2
4
6
8
931
0
2
4
6
8
937
0
2
4
6
8
943
0
2
4
6
8
949
0
2
4
6
8
955
0
2
4
6
8
961
0
2
4
6
8
967
0
2
4
6
8
973
0
2
4
6
8
979
0
2
4
6
8
985
0
2
4
6
8
991
0
2
4
6
8
997
0
2
240 ms. Memory: 716288K Free: 197237K (28%)
----------------- Invoking toplevel() on ptolemy.moml.MoMLSimpleApplication@35c9f1df
----------------- Done invoking toplevel() on ptolemy.moml.MoMLSimpleApplication@35c9f1df
reloadAllAccessors: .modalChangingParams

===========================================================================================
----------------- testing Thu Jun 07 18:36:13 UTC 2018 /home/travis/build/icyphy/ptII/ptolemy/domains/modal/test/auto/modalModel.xml
----------------- Instantiating /home/travis/build/icyphy/ptII/ptolemy/domains/modal/test/auto/modalModel.xml
6 ms. Memory: 716288K Free: 184705K (26%)
----------------- Invoking toplevel() on ptolemy.moml.MoMLSimpleApplication@411714c3
----------------- Done invoking toplevel() on ptolemy.moml.MoMLSimpleApplication@411714c3
reloadAllAccessors: .modalModel

===========================================================================================
----------------- testing Thu Jun 07 18:36:13 UTC 2018 /home/travis/build/icyphy/ptII/ptolemy/domains/modal/test/auto/modalModel2.xml
----------------- Instantiating /home/travis/build/icyphy/ptII/ptolemy/domains/modal/test/auto/modalModel2.xml
10 ms. Memory: 716288K Free: 170818K (24%)
----------------- Invoking toplevel() on ptolemy.moml.MoMLSimpleApplication@48a2c84b
----------------- Done invoking toplevel() on ptolemy.moml.MoMLSimpleApplication@48a2c84b
reloadAllAccessors: .modalModel2

===========================================================================================
----------------- testing Thu Jun 07 18:36:13 UTC 2018 /home/travis/build/icyphy/ptII/ptolemy/domains/modal/test/auto/modalModel3.xml
----------------- Instantiating /home/travis/build/icyphy/ptII/ptolemy/domains/modal/test/auto/modalModel3.xml
0	0	0
1	0	1
4	2	2
7	4	3
10	6	4
5	0	5
8	2	6
11	4	7
14	6	8
9	0	9
12	2	10
15	4	11
18	6	12
13	0	13
16	2	14
17 ms. Memory: 716288K Free: 150637K (21%)
----------------- Invoking toplevel() on ptolemy.moml.MoMLSimpleApplication@59d925aa
----------------- Done invoking toplevel() on ptolemy.moml.MoMLSimpleApplication@59d925aa
reloadAllAccessors: .modalModel3

===========================================================================================
----------------- testing Thu Jun 07 18:36:13 UTC 2018 /home/travis/build/icyphy/ptII/ptolemy/domains/modal/test/auto/model1.xml
----------------- Instantiating /home/travis/build/icyphy/ptII/ptolemy/domains/modal/test/auto/model1.xml
11 ms. Memory: 716288K Free: 141229K (20%)
----------------- Invoking toplevel() on ptolemy.moml.MoMLSimpleApplication@54379f69
----------------- Done invoking toplevel() on ptolemy.moml.MoMLSimpleApplication@54379f69
reloadAllAccessors: .model1

===========================================================================================
----------------- testing Thu Jun 07 18:36:13 UTC 2018 /home/travis/build/icyphy/ptII/ptolemy/domains/modal/test/auto/test-direct-in-out.xml
----------------- Instantiating /home/travis/build/icyphy/ptII/ptolemy/domains/modal/test/auto/test-direct-in-out.xml
8 ms. Memory: 716288K Free: 130472K (18%)
----------------- Invoking toplevel() on ptolemy.moml.MoMLSimpleApplication@583cb9c6
----------------- Done invoking toplevel() on ptolemy.moml.MoMLSimpleApplication@583cb9c6
reloadAllAccessors: .test-direct-in-out
AutoTests.java: About to close Vertx.
AutoTests.java: Vertx closed.
]]></system-out>
  <system-err><![CDATA[java.lang.RuntimeException: Execution failed
	at ptolemy.moml.MoMLSimpleApplication$UnloadThread.run(MoMLSimpleApplication.java:402)
Caused by: ptolemy.kernel.util.IllegalActionException: Unknown inputs remain. Possible causality loop:
L_model_1893289564i

  in .CannotAnalysisWithPreemption.model_1893289564_region_1 and .CannotAnalysisWithPreemption.model_1893289564_region_1.L_model_1893289564i
	at ptolemy.actor.sched.FixedPointDirector.postfire(FixedPointDirector.java:515)
	at ptolemy.domains.sr.kernel.SRDirector.postfire(SRDirector.java:417)
	at ptolemy.actor.CompositeActor.postfire(CompositeActor.java:1668)
	at ptolemy.actor.Manager.iterate(Manager.java:852)
	at ptolemy.actor.Manager.execute(Manager.java:369)
	at ptolemy.actor.Manager.run(Manager.java:1263)
	at ptolemy.actor.Manager$PtolemyRunThread.run(Manager.java:1915)
java.lang.reflect.InvocationTargetException
	at sun.reflect.NativeConstructorAccessorImpl.newInstance0(Native Method)
	at sun.reflect.NativeConstructorAccessorImpl.newInstance(NativeConstructorAccessorImpl.java:62)
	at sun.reflect.DelegatingConstructorAccessorImpl.newInstance(DelegatingConstructorAccessorImpl.java:45)
	at java.lang.reflect.Constructor.newInstance(Constructor.java:423)
	at ptolemy.util.test.junit.AutoKnownFailedTests.RunModel(AutoKnownFailedTests.java:107)
	at sun.reflect.NativeMethodAccessorImpl.invoke0(Native Method)
	at sun.reflect.NativeMethodAccessorImpl.invoke(NativeMethodAccessorImpl.java:62)
	at sun.reflect.DelegatingMethodAccessorImpl.invoke(DelegatingMethodAccessorImpl.java:43)
	at java.lang.reflect.Method.invoke(Method.java:498)
	at org.junit.runners.model.FrameworkMethod$1.runReflectiveCall(FrameworkMethod.java:44)
	at org.junit.internal.runners.model.ReflectiveCallable.run(ReflectiveCallable.java:15)
	at org.junit.runners.model.FrameworkMethod.invokeExplosively(FrameworkMethod.java:41)
	at junitparams.internal.InvokeParameterisedMethod.evaluate(InvokeParameterisedMethod.java:102)
	at org.junit.internal.runners.statements.FailOnTimeout$1.run(FailOnTimeout.java:28)
Caused by: ptolemy.kernel.util.IllegalActionException: Unknown inputs remain. Possible causality loop:
L_model_1893289564i

  in .CannotAnalysisWithPreemption.model_1893289564_region_1 and .CannotAnalysisWithPreemption.model_1893289564_region_1.L_model_1893289564i
	at ptolemy.actor.sched.FixedPointDirector.postfire(FixedPointDirector.java:515)
	at ptolemy.domains.sr.kernel.SRDirector.postfire(SRDirector.java:417)
	at ptolemy.actor.CompositeActor.postfire(CompositeActor.java:1668)
	at ptolemy.actor.Manager.iterate(Manager.java:852)
	at ptolemy.actor.Manager.execute(Manager.java:369)
	at ptolemy.actor.Manager.run(Manager.java:1263)
	at ptolemy.actor.Manager$PtolemyRunThread.run(Manager.java:1915)
]]></system-err>
</testsuite>
