<?xml version="1.0" encoding="UTF-8" ?>
<testsuite errors="0" failures="0" hostname="travis-job-0227ae40-5179-4901-bade-f3068d50a2ae" name="ptolemy.domains.sdf.lib.test.junit.JUnitTclTest" skipped="0" tests="82" time="10.02" timestamp="2019-07-22T05:11:48">
  <properties>
[...]
</properties>
  <testcase classname="ptolemy.util.test.junit.TclTests" name="[0] /home/travis/build/icyphy/ptII/ptolemy/domains/sdf/lib/test/ArrayToSequence.tcl (RunTclFile)" time="0.78" />
  <testcase classname="ptolemy.util.test.junit.TclTests" name="[1] /home/travis/build/icyphy/ptII/ptolemy/domains/sdf/lib/test/BitsToInt.tcl (RunTclFile)" time="0.08" />
  <testcase classname="ptolemy.util.test.junit.TclTests" name="[2] /home/travis/build/icyphy/ptII/ptolemy/domains/sdf/lib/test/DelayLine.tcl (RunTclFile)" time="0.047" />
  <testcase classname="ptolemy.util.test.junit.TclTests" name="[3] /home/travis/build/icyphy/ptII/ptolemy/domains/sdf/lib/test/FFT.tcl (RunTclFile)" time="0.05" />
  <testcase classname="ptolemy.util.test.junit.TclTests" name="[4] /home/travis/build/icyphy/ptII/ptolemy/domains/sdf/lib/test/FIR.tcl (RunTclFile)" time="0.203" />
  <testcase classname="ptolemy.util.test.junit.TclTests" name="[5] /home/travis/build/icyphy/ptII/ptolemy/domains/sdf/lib/test/IntToBits.tcl (RunTclFile)" time="0.061" />
  <testcase classname="ptolemy.util.test.junit.TclTests" name="[6] /home/travis/build/icyphy/ptII/ptolemy/domains/sdf/lib/test/MaximumEntropySpectrum.tcl (RunTclFile)" time="0.441" />
  <testcase classname="ptolemy.util.test.junit.TclTests" name="[7] /home/travis/build/icyphy/ptII/ptolemy/domains/sdf/lib/test/Repeat.tcl (RunTclFile)" time="0.065" />
  <testcase classname="ptolemy.util.test.junit.TclTests" name="[8] /home/travis/build/icyphy/ptII/ptolemy/domains/sdf/lib/test/SampleDelay.tcl (RunTclFile)" time="0.091" />
  <testcase classname="ptolemy.util.test.junit.TclTests" name="[9] /home/travis/build/icyphy/ptII/ptolemy/domains/sdf/lib/test/SequenceToArray.tcl (RunTclFile)" time="0.075" />
  <testcase classname="ptolemy.util.test.junit.AutoKnownFailedTests" name="[0] ThereAreNoKnowFailedTests (RunModel)" time="0.012" />
  <testcase classname="ptolemy.util.test.junit.AutoNameArchTests" name="[0] ThereAreNoAutoArchTests (RunModel)" time="0.011" />
  <testcase classname="ptolemy.util.test.junit.AutoTests" name="[0] /home/travis/build/icyphy/ptII/ptolemy/domains/sdf/lib/test/auto/ArrayToSequence.xml (RunModel)" time="0.266" />
  <testcase classname="ptolemy.util.test.junit.AutoTests" name="[1] /home/travis/build/icyphy/ptII/ptolemy/domains/sdf/lib/test/auto/ArrayToSequenceTest.xml (RunModel)" time="0.109" />
  <testcase classname="ptolemy.util.test.junit.AutoTests" name="[2] /home/travis/build/icyphy/ptII/ptolemy/domains/sdf/lib/test/auto/Autocorrelation.xml (RunModel)" time="0.071" />
  <testcase classname="ptolemy.util.test.junit.AutoTests" name="[3] /home/travis/build/icyphy/ptII/ptolemy/domains/sdf/lib/test/auto/Autocorrelation2.xml (RunModel)" time="0.062" />
  <testcase classname="ptolemy.util.test.junit.AutoTests" name="[4] /home/travis/build/icyphy/ptII/ptolemy/domains/sdf/lib/test/auto/Autocorrelation3.xml (RunModel)" time="0.041" />
  <testcase classname="ptolemy.util.test.junit.AutoTests" name="[5] /home/travis/build/icyphy/ptII/ptolemy/domains/sdf/lib/test/auto/Autocorrelation4.xml (RunModel)" time="0.045" />
  <testcase classname="ptolemy.util.test.junit.AutoTests" name="[6] /home/travis/build/icyphy/ptII/ptolemy/domains/sdf/lib/test/auto/Autocorrelation5.xml (RunModel)" time="0.099" />
  <testcase classname="ptolemy.util.test.junit.AutoTests" name="[7] /home/travis/build/icyphy/ptII/ptolemy/domains/sdf/lib/test/auto/BitsToInt.xml (RunModel)" time="0.025" />
  <testcase classname="ptolemy.util.test.junit.AutoTests" name="[8] /home/travis/build/icyphy/ptII/ptolemy/domains/sdf/lib/test/auto/BooleanJoin.xml (RunModel)" time="0.054" />
  <testcase classname="ptolemy.util.test.junit.AutoTests" name="[9] /home/travis/build/icyphy/ptII/ptolemy/domains/sdf/lib/test/auto/BootstrapSampleDelay.xml (RunModel)" time="0.035" />
  <testcase classname="ptolemy.util.test.junit.AutoTests" name="[10] /home/travis/build/icyphy/ptII/ptolemy/domains/sdf/lib/test/auto/Chop.xml (RunModel)" time="0.073" />
  <testcase classname="ptolemy.util.test.junit.AutoTests" name="[11] /home/travis/build/icyphy/ptII/ptolemy/domains/sdf/lib/test/auto/Chop2.xml (RunModel)" time="0.049" />
  <testcase classname="ptolemy.util.test.junit.AutoTests" name="[12] /home/travis/build/icyphy/ptII/ptolemy/domains/sdf/lib/test/auto/ComplexJoin.xml (RunModel)" time="0.053" />
  <testcase classname="ptolemy.util.test.junit.AutoTests" name="[13] /home/travis/build/icyphy/ptII/ptolemy/domains/sdf/lib/test/auto/CountTrues.xml (RunModel)" time="0.035" />
  <testcase classname="ptolemy.util.test.junit.AutoTests" name="[14] /home/travis/build/icyphy/ptII/ptolemy/domains/sdf/lib/test/auto/DelayLine.xml (RunModel)" time="0.06" />
  <testcase classname="ptolemy.util.test.junit.AutoTests" name="[15] /home/travis/build/icyphy/ptII/ptolemy/domains/sdf/lib/test/auto/DotProduct.xml (RunModel)" time="0.037" />
  <testcase classname="ptolemy.util.test.junit.AutoTests" name="[16] /home/travis/build/icyphy/ptII/ptolemy/domains/sdf/lib/test/auto/DotProductMatrix.xml (RunModel)" time="0.04" />
  <testcase classname="ptolemy.util.test.junit.AutoTests" name="[17] /home/travis/build/icyphy/ptII/ptolemy/domains/sdf/lib/test/auto/DownSample1.xml (RunModel)" time="0.03" />
  <testcase classname="ptolemy.util.test.junit.AutoTests" name="[18] /home/travis/build/icyphy/ptII/ptolemy/domains/sdf/lib/test/auto/DynamicRateChange.xml (RunModel)" time="0.039" />
  <testcase classname="ptolemy.util.test.junit.AutoTests" name="[19] /home/travis/build/icyphy/ptII/ptolemy/domains/sdf/lib/test/auto/DynamicRates.xml (RunModel)" time="0.024" />
  <testcase classname="ptolemy.util.test.junit.AutoTests" name="[20] /home/travis/build/icyphy/ptII/ptolemy/domains/sdf/lib/test/auto/FFT1.xml (RunModel)" time="0.027" />
  <testcase classname="ptolemy.util.test.junit.AutoTests" name="[21] /home/travis/build/icyphy/ptII/ptolemy/domains/sdf/lib/test/auto/FIR1.xml (RunModel)" time="0.041" />
  <testcase classname="ptolemy.util.test.junit.AutoTests" name="[22] /home/travis/build/icyphy/ptII/ptolemy/domains/sdf/lib/test/auto/FIR2.xml (RunModel)" time="0.024" />
  <testcase classname="ptolemy.util.test.junit.AutoTests" name="[23] /home/travis/build/icyphy/ptII/ptolemy/domains/sdf/lib/test/auto/FIR4.xml (RunModel)" time="0.041" />
  <testcase classname="ptolemy.util.test.junit.AutoTests" name="[24] /home/travis/build/icyphy/ptII/ptolemy/domains/sdf/lib/test/auto/FixJoin.xml (RunModel)" time="0.053" />
  <testcase classname="ptolemy.util.test.junit.AutoTests" name="[25] /home/travis/build/icyphy/ptII/ptolemy/domains/sdf/lib/test/auto/IntJoin1.xml (RunModel)" time="0.04" />
  <testcase classname="ptolemy.util.test.junit.AutoTests" name="[26] /home/travis/build/icyphy/ptII/ptolemy/domains/sdf/lib/test/auto/IntJoin2.xml (RunModel)" time="0.032" />
  <testcase classname="ptolemy.util.test.junit.AutoTests" name="[27] /home/travis/build/icyphy/ptII/ptolemy/domains/sdf/lib/test/auto/IntJoin3.xml (RunModel)" time="0.031" />
  <testcase classname="ptolemy.util.test.junit.AutoTests" name="[28] /home/travis/build/icyphy/ptII/ptolemy/domains/sdf/lib/test/auto/IntJoin4.xml (RunModel)" time="0.031" />
  <testcase classname="ptolemy.util.test.junit.AutoTests" name="[29] /home/travis/build/icyphy/ptII/ptolemy/domains/sdf/lib/test/auto/IntJoin5.xml (RunModel)" time="0.04" />
  <testcase classname="ptolemy.util.test.junit.AutoTests" name="[30] /home/travis/build/icyphy/ptII/ptolemy/domains/sdf/lib/test/auto/IntToBits.xml (RunModel)" time="0.03" />
  <testcase classname="ptolemy.util.test.junit.AutoTests" name="[31] /home/travis/build/icyphy/ptII/ptolemy/domains/sdf/lib/test/auto/LMSAdaptive.xml (RunModel)" time="0.075" />
  <testcase classname="ptolemy.util.test.junit.AutoTests" name="[32] /home/travis/build/icyphy/ptII/ptolemy/domains/sdf/lib/test/auto/LMSAdaptiveFIR.xml (RunModel)" time="0.373" />
  <testcase classname="ptolemy.util.test.junit.AutoTests" name="[33] /home/travis/build/icyphy/ptII/ptolemy/domains/sdf/lib/test/auto/LMSAdaptiveFIR2.xml (RunModel)" time="0.451" />
  <testcase classname="ptolemy.util.test.junit.AutoTests" name="[34] /home/travis/build/icyphy/ptII/ptolemy/domains/sdf/lib/test/auto/LongJoin.xml (RunModel)" time="0.051" />
  <testcase classname="ptolemy.util.test.junit.AutoTests" name="[35] /home/travis/build/icyphy/ptII/ptolemy/domains/sdf/lib/test/auto/Matrix1.xml (RunModel)" time="0.049" />
  <testcase classname="ptolemy.util.test.junit.AutoTests" name="[36] /home/travis/build/icyphy/ptII/ptolemy/domains/sdf/lib/test/auto/Matrix2.xml (RunModel)" time="0.031" />
  <testcase classname="ptolemy.util.test.junit.AutoTests" name="[37] /home/travis/build/icyphy/ptII/ptolemy/domains/sdf/lib/test/auto/MatrixJoin1.xml (RunModel)" time="0.039" />
  <testcase classname="ptolemy.util.test.junit.AutoTests" name="[38] /home/travis/build/icyphy/ptII/ptolemy/domains/sdf/lib/test/auto/MatrixJoin2.xml (RunModel)" time="0.019" />
  <testcase classname="ptolemy.util.test.junit.AutoTests" name="[39] /home/travis/build/icyphy/ptII/ptolemy/domains/sdf/lib/test/auto/MatrixJoin3.xml (RunModel)" time="0.024" />
  <testcase classname="ptolemy.util.test.junit.AutoTests" name="[40] /home/travis/build/icyphy/ptII/ptolemy/domains/sdf/lib/test/auto/MatrixJoin4.xml (RunModel)" time="0.018" />
  <testcase classname="ptolemy.util.test.junit.AutoTests" name="[41] /home/travis/build/icyphy/ptII/ptolemy/domains/sdf/lib/test/auto/MatrixJoin5.xml (RunModel)" time="0.017" />
  <testcase classname="ptolemy.util.test.junit.AutoTests" name="[42] /home/travis/build/icyphy/ptII/ptolemy/domains/sdf/lib/test/auto/MatrixSplit1.xml (RunModel)" time="0.022" />
  <testcase classname="ptolemy.util.test.junit.AutoTests" name="[43] /home/travis/build/icyphy/ptII/ptolemy/domains/sdf/lib/test/auto/MatrixSplit10.xml (RunModel)" time="0.016" />
  <testcase classname="ptolemy.util.test.junit.AutoTests" name="[44] /home/travis/build/icyphy/ptII/ptolemy/domains/sdf/lib/test/auto/MatrixSplit11.xml (RunModel)" time="0.013" />
  <testcase classname="ptolemy.util.test.junit.AutoTests" name="[45] /home/travis/build/icyphy/ptII/ptolemy/domains/sdf/lib/test/auto/MatrixSplit12.xml (RunModel)" time="0.02" />
  <testcase classname="ptolemy.util.test.junit.AutoTests" name="[46] /home/travis/build/icyphy/ptII/ptolemy/domains/sdf/lib/test/auto/MatrixSplit13.xml (RunModel)" time="0.026" />
  <testcase classname="ptolemy.util.test.junit.AutoTests" name="[47] /home/travis/build/icyphy/ptII/ptolemy/domains/sdf/lib/test/auto/MatrixSplit14.xml (RunModel)" time="0.016" />
  <testcase classname="ptolemy.util.test.junit.AutoTests" name="[48] /home/travis/build/icyphy/ptII/ptolemy/domains/sdf/lib/test/auto/MatrixSplit2.xml (RunModel)" time="0.011" />
  <testcase classname="ptolemy.util.test.junit.AutoTests" name="[49] /home/travis/build/icyphy/ptII/ptolemy/domains/sdf/lib/test/auto/MatrixSplit3.xml (RunModel)" time="0.014" />
  <testcase classname="ptolemy.util.test.junit.AutoTests" name="[50] /home/travis/build/icyphy/ptII/ptolemy/domains/sdf/lib/test/auto/MatrixSplit4.xml (RunModel)" time="0.015" />
  <testcase classname="ptolemy.util.test.junit.AutoTests" name="[51] /home/travis/build/icyphy/ptII/ptolemy/domains/sdf/lib/test/auto/MatrixSplit5.xml (RunModel)" time="0.024" />
  <testcase classname="ptolemy.util.test.junit.AutoTests" name="[52] /home/travis/build/icyphy/ptII/ptolemy/domains/sdf/lib/test/auto/MatrixSplit6.xml (RunModel)" time="0.013" />
  <testcase classname="ptolemy.util.test.junit.AutoTests" name="[53] /home/travis/build/icyphy/ptII/ptolemy/domains/sdf/lib/test/auto/MatrixSplit7.xml (RunModel)" time="0.013" />
  <testcase classname="ptolemy.util.test.junit.AutoTests" name="[54] /home/travis/build/icyphy/ptII/ptolemy/domains/sdf/lib/test/auto/MatrixSplit8.xml (RunModel)" time="0.017" />
  <testcase classname="ptolemy.util.test.junit.AutoTests" name="[55] /home/travis/build/icyphy/ptII/ptolemy/domains/sdf/lib/test/auto/MatrixSplit9.xml (RunModel)" time="0.034" />
  <testcase classname="ptolemy.util.test.junit.AutoTests" name="[56] /home/travis/build/icyphy/ptII/ptolemy/domains/sdf/lib/test/auto/MatrixToSequence.xml (RunModel)" time="0.039" />
  <testcase classname="ptolemy.util.test.junit.AutoTests" name="[57] /home/travis/build/icyphy/ptII/ptolemy/domains/sdf/lib/test/auto/MaximumEntropySpectrum.xml (RunModel)" time="0.106" />
  <testcase classname="ptolemy.util.test.junit.AutoTests" name="[58] /home/travis/build/icyphy/ptII/ptolemy/domains/sdf/lib/test/auto/SampleDelayConversion.xml (RunModel)" time="0.02" />
  <testcase classname="ptolemy.util.test.junit.AutoTests" name="[59] /home/travis/build/icyphy/ptII/ptolemy/domains/sdf/lib/test/auto/SequenceToArray.xml (RunModel)" time="0.038" />
  <testcase classname="ptolemy.util.test.junit.AutoTests" name="[60] /home/travis/build/icyphy/ptII/ptolemy/domains/sdf/lib/test/auto/SequenceToMatrix.xml (RunModel)" time="3.867" />
  <testcase classname="ptolemy.util.test.junit.AutoTests" name="[61] /home/travis/build/icyphy/ptII/ptolemy/domains/sdf/lib/test/auto/SmoothedPeriodogram.xml (RunModel)" time="0.07" />
  <testcase classname="ptolemy.util.test.junit.AutoTests" name="[62] /home/travis/build/icyphy/ptII/ptolemy/domains/sdf/lib/test/auto/UpDownSample1.xml (RunModel)" time="0.024" />
  <testcase classname="ptolemy.util.test.junit.AutoTests" name="[63] /home/travis/build/icyphy/ptII/ptolemy/domains/sdf/lib/test/auto/UpSample1.xml (RunModel)" time="0.02" />
  <testcase classname="ptolemy.util.test.junit.AutoTests" name="[64] /home/travis/build/icyphy/ptII/ptolemy/domains/sdf/lib/test/auto/VariableFIR.xml (RunModel)" time="0.027" />
  <testcase classname="ptolemy.util.test.junit.AutoTests" name="[65] /home/travis/build/icyphy/ptII/ptolemy/domains/sdf/lib/test/auto/VariableFIR2.xml (RunModel)" time="0.02" />
  <testcase classname="ptolemy.util.test.junit.AutoTests" name="[66] /home/travis/build/icyphy/ptII/ptolemy/domains/sdf/lib/test/auto/VariableLattice.xml (RunModel)" time="0.027" />
  <testcase classname="ptolemy.util.test.junit.AutoTests" name="[67] /home/travis/build/icyphy/ptII/ptolemy/domains/sdf/lib/test/auto/VariableLattice2.xml (RunModel)" time="0.022" />
  <testcase classname="ptolemy.util.test.junit.AutoTests" name="[68] /home/travis/build/icyphy/ptII/ptolemy/domains/sdf/lib/test/auto/VariableRecursiveLattice.xml (RunModel)" time="0.021" />
  <testcase classname="ptolemy.util.test.junit.AutoTests" name="[69] /home/travis/build/icyphy/ptII/ptolemy/domains/sdf/lib/test/auto/VariableRecursiveLattice2.xml (RunModel)" time="0.022" />
  <system-out><![CDATA[/home/travis/build/icyphy/ptII/ptolemy/domains/sdf/lib/test/ArrayToSequence.tcl
testDefs.tcl: setting time out to 9000 seconds at Mon Jul 22 05:11:48 UTC 2019
117 ms. Memory: 120832K Free: 87494K (72%)
30 ms. Memory: 120832K Free: 85446K (71%)
28 ms. Memory: 120832K Free: 83383K (69%)
25 ms. Memory: 120832K Free: 81864K (68%)
/home/travis/build/icyphy/ptII/ptolemy/domains/sdf/lib/test/BitsToInt.tcl
24 ms. Memory: 120832K Free: 80295K (66%)
14 ms. Memory: 120832K Free: 78247K (65%)
/home/travis/build/icyphy/ptII/ptolemy/domains/sdf/lib/test/DelayLine.tcl
16 ms. Memory: 120832K Free: 76744K (64%)
/home/travis/build/icyphy/ptII/ptolemy/domains/sdf/lib/test/FFT.tcl
14 ms. Memory: 120832K Free: 74696K (62%)
/home/travis/build/icyphy/ptII/ptolemy/domains/sdf/lib/test/FIR.tcl
18 ms. Memory: 120832K Free: 73158K (61%)
82 ms. Memory: 120832K Free: 68552K (57%)
ptolemy.kernel.util.IllegalActionException: multiplyReverse method not supported between ptolemy.data.FixToken 'fix(-0.0625,6,2)' and ptolemy.data.IntToken '1' because the types are incomparable.
  in .top.FIRclone
Because:
multiplyReverse method not supported between ptolemy.data.FixToken 'fix(-0.0625,6,2)' and ptolemy.data.IntToken '1' because the types are incomparable.
36 ms. Memory: 120832K Free: 66504K (55%)
/home/travis/build/icyphy/ptII/ptolemy/domains/sdf/lib/test/IntToBits.tcl
5 ms. Memory: 120832K Free: 64966K (54%)
11 ms. Memory: 120832K Free: 63432K (52%)
/home/travis/build/icyphy/ptII/ptolemy/domains/sdf/lib/test/MaximumEntropySpectrum.tcl
/home/travis/build/icyphy/ptII/ptolemy/domains/sdf/lib/test/Repeat.tcl
16 ms. Memory: 120832K Free: 103701K (86%)
/home/travis/build/icyphy/ptII/ptolemy/domains/sdf/lib/test/SampleDelay.tcl
12 ms. Memory: 120832K Free: 101653K (84%)
10 ms. Memory: 120832K Free: 100629K (83%)
28 ms. Memory: 120832K Free: 106385K (88%)
5 ms. Memory: 120832K Free: 105361K (87%)
3 ms. Memory: 120832K Free: 104934K (87%)
3 ms. Memory: 120832K Free: 104299K (86%)
/home/travis/build/icyphy/ptII/ptolemy/domains/sdf/lib/test/SequenceToArray.tcl
11 ms. Memory: 120832K Free: 102839K (85%)
18 ms. Memory: 120832K Free: 101807K (84%)
17 ms. Memory: 120832K Free: 100241K (83%)
14 ms. Memory: 120832K Free: 99217K (82%)
07/22/19 05:11:50
Failed: 0  Total Tests: 41  ((Passed: 41, Newly Passed: 0)  Known Failed: 0) /home/travis/build/icyphy/ptII/ptolemy/domains/sdf/lib/test
No auto/knownFailedTests/*.xml tests in /home/travis/build/icyphy/ptII/ptolemy/domains/sdf/lib/test
No auto/linux-amd64/*.xml tests in /home/travis/build/icyphy/ptII/ptolemy/domains/sdf/lib/test
AutoTests.java: About to close Vertx.
AutoTests.java: Vertx closed.

===========================================================================================
----------------- testing Mon Jul 22 05:11:51 UTC 2019 /home/travis/build/icyphy/ptII/ptolemy/domains/sdf/lib/test/auto/ArrayToSequence.xml
----------------- Instantiating /home/travis/build/icyphy/ptII/ptolemy/domains/sdf/lib/test/auto/ArrayToSequence.xml
53 ms. Memory: 120832K Free: 85549K (71%)
----------------- Invoking toplevel() on ptolemy.moml.MoMLSimpleApplication@506ff56b
----------------- Done invoking toplevel() on ptolemy.moml.MoMLSimpleApplication@506ff56b
reloadAllAccessors: .ArrayToSequence

===========================================================================================
----------------- testing Mon Jul 22 05:11:51 UTC 2019 /home/travis/build/icyphy/ptII/ptolemy/domains/sdf/lib/test/auto/ArrayToSequenceTest.xml
----------------- Instantiating /home/travis/build/icyphy/ptII/ptolemy/domains/sdf/lib/test/auto/ArrayToSequenceTest.xml
25 ms. Memory: 120832K Free: 79732K (66%)
----------------- Invoking toplevel() on ptolemy.moml.MoMLSimpleApplication@404ebd37
----------------- Done invoking toplevel() on ptolemy.moml.MoMLSimpleApplication@404ebd37
reloadAllAccessors: .ArrayToSequenceTest

===========================================================================================
----------------- testing Mon Jul 22 05:11:51 UTC 2019 /home/travis/build/icyphy/ptII/ptolemy/domains/sdf/lib/test/auto/Autocorrelation.xml
----------------- Instantiating /home/travis/build/icyphy/ptII/ptolemy/domains/sdf/lib/test/auto/Autocorrelation.xml
10 ms. Memory: 120832K Free: 75279K (62%)
----------------- Invoking toplevel() on ptolemy.moml.MoMLSimpleApplication@1be45022
----------------- Done invoking toplevel() on ptolemy.moml.MoMLSimpleApplication@1be45022
reloadAllAccessors: .Autocorrelation

===========================================================================================
----------------- testing Mon Jul 22 05:11:51 UTC 2019 /home/travis/build/icyphy/ptII/ptolemy/domains/sdf/lib/test/auto/Autocorrelation2.xml
----------------- Instantiating /home/travis/build/icyphy/ptII/ptolemy/domains/sdf/lib/test/auto/Autocorrelation2.xml
5 ms. Memory: 120832K Free: 103171K (85%)
----------------- Invoking toplevel() on ptolemy.moml.MoMLSimpleApplication@423d3284
----------------- Done invoking toplevel() on ptolemy.moml.MoMLSimpleApplication@423d3284
reloadAllAccessors: .Autocorrelation2

===========================================================================================
----------------- testing Mon Jul 22 05:11:51 UTC 2019 /home/travis/build/icyphy/ptII/ptolemy/domains/sdf/lib/test/auto/Autocorrelation3.xml
----------------- Instantiating /home/travis/build/icyphy/ptII/ptolemy/domains/sdf/lib/test/auto/Autocorrelation3.xml
13 ms. Memory: 120832K Free: 99109K (82%)
----------------- Invoking toplevel() on ptolemy.moml.MoMLSimpleApplication@6c662ad7
----------------- Done invoking toplevel() on ptolemy.moml.MoMLSimpleApplication@6c662ad7
reloadAllAccessors: .Autocorrelation3

===========================================================================================
----------------- testing Mon Jul 22 05:11:51 UTC 2019 /home/travis/build/icyphy/ptII/ptolemy/domains/sdf/lib/test/auto/Autocorrelation4.xml
----------------- Instantiating /home/travis/build/icyphy/ptII/ptolemy/domains/sdf/lib/test/auto/Autocorrelation4.xml
11 ms. Memory: 120832K Free: 95070K (79%)
----------------- Invoking toplevel() on ptolemy.moml.MoMLSimpleApplication@b074932
----------------- Done invoking toplevel() on ptolemy.moml.MoMLSimpleApplication@b074932
reloadAllAccessors: .Autocorrelation4

===========================================================================================
----------------- testing Mon Jul 22 05:11:51 UTC 2019 /home/travis/build/icyphy/ptII/ptolemy/domains/sdf/lib/test/auto/Autocorrelation5.xml
----------------- Instantiating /home/travis/build/icyphy/ptII/ptolemy/domains/sdf/lib/test/auto/Autocorrelation5.xml
28 ms. Memory: 120832K Free: 87811K (73%)
----------------- Invoking toplevel() on ptolemy.moml.MoMLSimpleApplication@75e414b
----------------- Done invoking toplevel() on ptolemy.moml.MoMLSimpleApplication@75e414b
reloadAllAccessors: .Autocorrelation5

===========================================================================================
----------------- testing Mon Jul 22 05:11:51 UTC 2019 /home/travis/build/icyphy/ptII/ptolemy/domains/sdf/lib/test/auto/BitsToInt.xml
----------------- Instantiating /home/travis/build/icyphy/ptII/ptolemy/domains/sdf/lib/test/auto/BitsToInt.xml
3 ms. Memory: 120832K Free: 84858K (70%)
----------------- Invoking toplevel() on ptolemy.moml.MoMLSimpleApplication@137b2c04
----------------- Done invoking toplevel() on ptolemy.moml.MoMLSimpleApplication@137b2c04
reloadAllAccessors: .BitsToInt

===========================================================================================
----------------- testing Mon Jul 22 05:11:51 UTC 2019 /home/travis/build/icyphy/ptII/ptolemy/domains/sdf/lib/test/auto/BooleanJoin.xml
----------------- Instantiating /home/travis/build/icyphy/ptII/ptolemy/domains/sdf/lib/test/auto/BooleanJoin.xml
8 ms. Memory: 120832K Free: 80754K (67%)
----------------- Invoking toplevel() on ptolemy.moml.MoMLSimpleApplication@18182766
----------------- Done invoking toplevel() on ptolemy.moml.MoMLSimpleApplication@18182766
reloadAllAccessors: .BooleanJoin

===========================================================================================
----------------- testing Mon Jul 22 05:11:51 UTC 2019 /home/travis/build/icyphy/ptII/ptolemy/domains/sdf/lib/test/auto/BootstrapSampleDelay.xml
----------------- Instantiating /home/travis/build/icyphy/ptII/ptolemy/domains/sdf/lib/test/auto/BootstrapSampleDelay.xml
5 ms. Memory: 120832K Free: 76648K (63%)
----------------- Invoking toplevel() on ptolemy.moml.MoMLSimpleApplication@452bd12d
----------------- Done invoking toplevel() on ptolemy.moml.MoMLSimpleApplication@452bd12d
reloadAllAccessors: .BootstrapSampleDelay

===========================================================================================
----------------- testing Mon Jul 22 05:11:51 UTC 2019 /home/travis/build/icyphy/ptII/ptolemy/domains/sdf/lib/test/auto/Chop.xml
----------------- Instantiating /home/travis/build/icyphy/ptII/ptolemy/domains/sdf/lib/test/auto/Chop.xml
16 ms. Memory: 120832K Free: 69512K (58%)
----------------- Invoking toplevel() on ptolemy.moml.MoMLSimpleApplication@9737618
----------------- Done invoking toplevel() on ptolemy.moml.MoMLSimpleApplication@9737618
reloadAllAccessors: .Chop

===========================================================================================
----------------- testing Mon Jul 22 05:11:51 UTC 2019 /home/travis/build/icyphy/ptII/ptolemy/domains/sdf/lib/test/auto/Chop2.xml
----------------- Instantiating /home/travis/build/icyphy/ptII/ptolemy/domains/sdf/lib/test/auto/Chop2.xml
10 ms. Memory: 120832K Free: 63304K (52%)
----------------- Invoking toplevel() on ptolemy.moml.MoMLSimpleApplication@c52428b
----------------- Done invoking toplevel() on ptolemy.moml.MoMLSimpleApplication@c52428b
reloadAllAccessors: .Chop2

===========================================================================================
----------------- testing Mon Jul 22 05:11:51 UTC 2019 /home/travis/build/icyphy/ptII/ptolemy/domains/sdf/lib/test/auto/ComplexJoin.xml
----------------- Instantiating /home/travis/build/icyphy/ptII/ptolemy/domains/sdf/lib/test/auto/ComplexJoin.xml
5 ms. Memory: 120832K Free: 102488K (85%)
----------------- Invoking toplevel() on ptolemy.moml.MoMLSimpleApplication@6660bb3c
----------------- Done invoking toplevel() on ptolemy.moml.MoMLSimpleApplication@6660bb3c
reloadAllAccessors: .ComplexJoin

===========================================================================================
----------------- testing Mon Jul 22 05:11:51 UTC 2019 /home/travis/build/icyphy/ptII/ptolemy/domains/sdf/lib/test/auto/CountTrues.xml
----------------- Instantiating /home/travis/build/icyphy/ptII/ptolemy/domains/sdf/lib/test/auto/CountTrues.xml
4 ms. Memory: 120832K Free: 99062K (82%)
----------------- Invoking toplevel() on ptolemy.moml.MoMLSimpleApplication@2ab179ba
----------------- Done invoking toplevel() on ptolemy.moml.MoMLSimpleApplication@2ab179ba
reloadAllAccessors: .CountTrues

===========================================================================================
----------------- testing Mon Jul 22 05:11:52 UTC 2019 /home/travis/build/icyphy/ptII/ptolemy/domains/sdf/lib/test/auto/DelayLine.xml
----------------- Instantiating /home/travis/build/icyphy/ptII/ptolemy/domains/sdf/lib/test/auto/DelayLine.xml
10 ms. Memory: 120832K Free: 93950K (78%)
----------------- Invoking toplevel() on ptolemy.moml.MoMLSimpleApplication@16e523ce
----------------- Done invoking toplevel() on ptolemy.moml.MoMLSimpleApplication@16e523ce
reloadAllAccessors: .DelayLine

===========================================================================================
----------------- testing Mon Jul 22 05:11:52 UTC 2019 /home/travis/build/icyphy/ptII/ptolemy/domains/sdf/lib/test/auto/DotProduct.xml
----------------- Instantiating /home/travis/build/icyphy/ptII/ptolemy/domains/sdf/lib/test/auto/DotProduct.xml
6 ms. Memory: 120832K Free: 90602K (75%)
----------------- Invoking toplevel() on ptolemy.moml.MoMLSimpleApplication@4f0b4897
----------------- Done invoking toplevel() on ptolemy.moml.MoMLSimpleApplication@4f0b4897
reloadAllAccessors: .DotProduct

===========================================================================================
----------------- testing Mon Jul 22 05:11:52 UTC 2019 /home/travis/build/icyphy/ptII/ptolemy/domains/sdf/lib/test/auto/DotProductMatrix.xml
----------------- Instantiating /home/travis/build/icyphy/ptII/ptolemy/domains/sdf/lib/test/auto/DotProductMatrix.xml
4 ms. Memory: 120832K Free: 87530K (72%)
----------------- Invoking toplevel() on ptolemy.moml.MoMLSimpleApplication@5293e670
----------------- Done invoking toplevel() on ptolemy.moml.MoMLSimpleApplication@5293e670
reloadAllAccessors: .DotProductMatrix

===========================================================================================
----------------- testing Mon Jul 22 05:11:52 UTC 2019 /home/travis/build/icyphy/ptII/ptolemy/domains/sdf/lib/test/auto/DownSample1.xml
----------------- Instantiating /home/travis/build/icyphy/ptII/ptolemy/domains/sdf/lib/test/auto/DownSample1.xml
5 ms. Memory: 120832K Free: 84740K (70%)
----------------- Invoking toplevel() on ptolemy.moml.MoMLSimpleApplication@7cb81ffd
----------------- Done invoking toplevel() on ptolemy.moml.MoMLSimpleApplication@7cb81ffd
reloadAllAccessors: .DownSample1

===========================================================================================
----------------- testing Mon Jul 22 05:11:52 UTC 2019 /home/travis/build/icyphy/ptII/ptolemy/domains/sdf/lib/test/auto/DynamicRateChange.xml
----------------- Instantiating /home/travis/build/icyphy/ptII/ptolemy/domains/sdf/lib/test/auto/DynamicRateChange.xml
11 ms. Memory: 120832K Free: 78974K (65%)
----------------- Invoking toplevel() on ptolemy.moml.MoMLSimpleApplication@63f881b1
----------------- Done invoking toplevel() on ptolemy.moml.MoMLSimpleApplication@63f881b1
reloadAllAccessors: .DynamicRateChange

===========================================================================================
----------------- testing Mon Jul 22 05:11:52 UTC 2019 /home/travis/build/icyphy/ptII/ptolemy/domains/sdf/lib/test/auto/DynamicRates.xml
----------------- Instantiating /home/travis/build/icyphy/ptII/ptolemy/domains/sdf/lib/test/auto/DynamicRates.xml
7 ms. Memory: 120832K Free: 74218K (61%)
----------------- Invoking toplevel() on ptolemy.moml.MoMLSimpleApplication@6cbc51ca
----------------- Done invoking toplevel() on ptolemy.moml.MoMLSimpleApplication@6cbc51ca
reloadAllAccessors: .DynamicRates

===========================================================================================
----------------- testing Mon Jul 22 05:11:52 UTC 2019 /home/travis/build/icyphy/ptII/ptolemy/domains/sdf/lib/test/auto/FFT1.xml
----------------- Instantiating /home/travis/build/icyphy/ptII/ptolemy/domains/sdf/lib/test/auto/FFT1.xml
6 ms. Memory: 120832K Free: 69374K (57%)
----------------- Invoking toplevel() on ptolemy.moml.MoMLSimpleApplication@4d397f62
----------------- Done invoking toplevel() on ptolemy.moml.MoMLSimpleApplication@4d397f62
reloadAllAccessors: .FFT1

===========================================================================================
----------------- testing Mon Jul 22 05:11:52 UTC 2019 /home/travis/build/icyphy/ptII/ptolemy/domains/sdf/lib/test/auto/FIR1.xml
----------------- Instantiating /home/travis/build/icyphy/ptII/ptolemy/domains/sdf/lib/test/auto/FIR1.xml
14 ms. Memory: 120832K Free: 62589K (52%)
----------------- Invoking toplevel() on ptolemy.moml.MoMLSimpleApplication@347b3546
----------------- Done invoking toplevel() on ptolemy.moml.MoMLSimpleApplication@347b3546
reloadAllAccessors: .FIR1

===========================================================================================
----------------- testing Mon Jul 22 05:11:52 UTC 2019 /home/travis/build/icyphy/ptII/ptolemy/domains/sdf/lib/test/auto/FIR2.xml
----------------- Instantiating /home/travis/build/icyphy/ptII/ptolemy/domains/sdf/lib/test/auto/FIR2.xml
2 ms. Memory: 120832K Free: 58858K (49%)
----------------- Invoking toplevel() on ptolemy.moml.MoMLSimpleApplication@1d345f66
----------------- Done invoking toplevel() on ptolemy.moml.MoMLSimpleApplication@1d345f66
reloadAllAccessors: .FIR2

===========================================================================================
----------------- testing Mon Jul 22 05:11:52 UTC 2019 /home/travis/build/icyphy/ptII/ptolemy/domains/sdf/lib/test/auto/FIR4.xml
----------------- Instantiating /home/travis/build/icyphy/ptII/ptolemy/domains/sdf/lib/test/auto/FIR4.xml
7 ms. Memory: 120832K Free: 52312K (43%)
----------------- Invoking toplevel() on ptolemy.moml.MoMLSimpleApplication@6b907e76
----------------- Done invoking toplevel() on ptolemy.moml.MoMLSimpleApplication@6b907e76
reloadAllAccessors: .FIR4

===========================================================================================
----------------- testing Mon Jul 22 05:11:52 UTC 2019 /home/travis/build/icyphy/ptII/ptolemy/domains/sdf/lib/test/auto/FixJoin.xml
----------------- Instantiating /home/travis/build/icyphy/ptII/ptolemy/domains/sdf/lib/test/auto/FixJoin.xml
4 ms. Memory: 153600K Free: 134582K (88%)
----------------- Invoking toplevel() on ptolemy.moml.MoMLSimpleApplication@6d5e18d4
----------------- Done invoking toplevel() on ptolemy.moml.MoMLSimpleApplication@6d5e18d4
reloadAllAccessors: .FixJoin

===========================================================================================
----------------- testing Mon Jul 22 05:11:52 UTC 2019 /home/travis/build/icyphy/ptII/ptolemy/domains/sdf/lib/test/auto/IntJoin1.xml
----------------- Instantiating /home/travis/build/icyphy/ptII/ptolemy/domains/sdf/lib/test/auto/IntJoin1.xml
5 ms. Memory: 153600K Free: 129876K (85%)
----------------- Invoking toplevel() on ptolemy.moml.MoMLSimpleApplication@205a20c1
----------------- Done invoking toplevel() on ptolemy.moml.MoMLSimpleApplication@205a20c1
reloadAllAccessors: .IntJoin1

===========================================================================================
----------------- testing Mon Jul 22 05:11:52 UTC 2019 /home/travis/build/icyphy/ptII/ptolemy/domains/sdf/lib/test/auto/IntJoin2.xml
----------------- Instantiating /home/travis/build/icyphy/ptII/ptolemy/domains/sdf/lib/test/auto/IntJoin2.xml
4 ms. Memory: 153600K Free: 125880K (82%)
----------------- Invoking toplevel() on ptolemy.moml.MoMLSimpleApplication@340209dc
----------------- Done invoking toplevel() on ptolemy.moml.MoMLSimpleApplication@340209dc
reloadAllAccessors: .IntJoin2

===========================================================================================
----------------- testing Mon Jul 22 05:11:52 UTC 2019 /home/travis/build/icyphy/ptII/ptolemy/domains/sdf/lib/test/auto/IntJoin3.xml
----------------- Instantiating /home/travis/build/icyphy/ptII/ptolemy/domains/sdf/lib/test/auto/IntJoin3.xml
4 ms. Memory: 153600K Free: 121306K (79%)
----------------- Invoking toplevel() on ptolemy.moml.MoMLSimpleApplication@3a57b715
----------------- Done invoking toplevel() on ptolemy.moml.MoMLSimpleApplication@3a57b715
reloadAllAccessors: .IntJoin3

===========================================================================================
----------------- testing Mon Jul 22 05:11:52 UTC 2019 /home/travis/build/icyphy/ptII/ptolemy/domains/sdf/lib/test/auto/IntJoin4.xml
----------------- Instantiating /home/travis/build/icyphy/ptII/ptolemy/domains/sdf/lib/test/auto/IntJoin4.xml
4 ms. Memory: 153600K Free: 117218K (76%)
----------------- Invoking toplevel() on ptolemy.moml.MoMLSimpleApplication@8aa2f23
----------------- Done invoking toplevel() on ptolemy.moml.MoMLSimpleApplication@8aa2f23
reloadAllAccessors: .IntJoin4

===========================================================================================
----------------- testing Mon Jul 22 05:11:52 UTC 2019 /home/travis/build/icyphy/ptII/ptolemy/domains/sdf/lib/test/auto/IntJoin5.xml
----------------- Instantiating /home/travis/build/icyphy/ptII/ptolemy/domains/sdf/lib/test/auto/IntJoin5.xml
6 ms. Memory: 153600K Free: 112552K (73%)
----------------- Invoking toplevel() on ptolemy.moml.MoMLSimpleApplication@6ccdeca7
----------------- Done invoking toplevel() on ptolemy.moml.MoMLSimpleApplication@6ccdeca7
reloadAllAccessors: .IntJoin5

===========================================================================================
----------------- testing Mon Jul 22 05:11:52 UTC 2019 /home/travis/build/icyphy/ptII/ptolemy/domains/sdf/lib/test/auto/IntToBits.xml
----------------- Instantiating /home/travis/build/icyphy/ptII/ptolemy/domains/sdf/lib/test/auto/IntToBits.xml
8 ms. Memory: 153600K Free: 109488K (71%)
----------------- Invoking toplevel() on ptolemy.moml.MoMLSimpleApplication@61842146
----------------- Done invoking toplevel() on ptolemy.moml.MoMLSimpleApplication@61842146
reloadAllAccessors: .IntToBits

===========================================================================================
----------------- testing Mon Jul 22 05:11:52 UTC 2019 /home/travis/build/icyphy/ptII/ptolemy/domains/sdf/lib/test/auto/LMSAdaptive.xml
----------------- Instantiating /home/travis/build/icyphy/ptII/ptolemy/domains/sdf/lib/test/auto/LMSAdaptive.xml
15 ms. Memory: 153600K Free: 100832K (66%)
----------------- Invoking toplevel() on ptolemy.moml.MoMLSimpleApplication@498d761e
----------------- Done invoking toplevel() on ptolemy.moml.MoMLSimpleApplication@498d761e
reloadAllAccessors: .LMSAdaptive

===========================================================================================
----------------- testing Mon Jul 22 05:11:52 UTC 2019 /home/travis/build/icyphy/ptII/ptolemy/domains/sdf/lib/test/auto/LMSAdaptiveFIR.xml
----------------- Instantiating /home/travis/build/icyphy/ptII/ptolemy/domains/sdf/lib/test/auto/LMSAdaptiveFIR.xml
269 ms. Memory: 153600K Free: 137301K (89%)
----------------- Invoking toplevel() on ptolemy.moml.MoMLSimpleApplication@20f8c9ae
----------------- Done invoking toplevel() on ptolemy.moml.MoMLSimpleApplication@20f8c9ae
reloadAllAccessors: .LMSAdaptiveFIR

===========================================================================================
----------------- testing Mon Jul 22 05:11:53 UTC 2019 /home/travis/build/icyphy/ptII/ptolemy/domains/sdf/lib/test/auto/LMSAdaptiveFIR2.xml
----------------- Instantiating /home/travis/build/icyphy/ptII/ptolemy/domains/sdf/lib/test/auto/LMSAdaptiveFIR2.xml
338 ms. Memory: 153600K Free: 79937K (52%)
----------------- Invoking toplevel() on ptolemy.moml.MoMLSimpleApplication@c0a0dfc
----------------- Done invoking toplevel() on ptolemy.moml.MoMLSimpleApplication@c0a0dfc
reloadAllAccessors: .LMSAdaptiveFIR2

===========================================================================================
----------------- testing Mon Jul 22 05:11:53 UTC 2019 /home/travis/build/icyphy/ptII/ptolemy/domains/sdf/lib/test/auto/LongJoin.xml
----------------- Instantiating /home/travis/build/icyphy/ptII/ptolemy/domains/sdf/lib/test/auto/LongJoin.xml
3 ms. Memory: 153600K Free: 75820K (49%)
----------------- Invoking toplevel() on ptolemy.moml.MoMLSimpleApplication@a83399b
----------------- Done invoking toplevel() on ptolemy.moml.MoMLSimpleApplication@a83399b
reloadAllAccessors: .LongJoin

===========================================================================================
----------------- testing Mon Jul 22 05:11:53 UTC 2019 /home/travis/build/icyphy/ptII/ptolemy/domains/sdf/lib/test/auto/Matrix1.xml
----------------- Instantiating /home/travis/build/icyphy/ptII/ptolemy/domains/sdf/lib/test/auto/Matrix1.xml
3 ms. Memory: 153600K Free: 71746K (47%)
----------------- Invoking toplevel() on ptolemy.moml.MoMLSimpleApplication@487a0c41
----------------- Done invoking toplevel() on ptolemy.moml.MoMLSimpleApplication@487a0c41
reloadAllAccessors: .Matrix1

===========================================================================================
----------------- testing Mon Jul 22 05:11:53 UTC 2019 /home/travis/build/icyphy/ptII/ptolemy/domains/sdf/lib/test/auto/Matrix2.xml
----------------- Instantiating /home/travis/build/icyphy/ptII/ptolemy/domains/sdf/lib/test/auto/Matrix2.xml
5 ms. Memory: 153600K Free: 67650K (44%)
----------------- Invoking toplevel() on ptolemy.moml.MoMLSimpleApplication@5ce181f2
----------------- Done invoking toplevel() on ptolemy.moml.MoMLSimpleApplication@5ce181f2
reloadAllAccessors: .Matrix2

===========================================================================================
----------------- testing Mon Jul 22 05:11:53 UTC 2019 /home/travis/build/icyphy/ptII/ptolemy/domains/sdf/lib/test/auto/MatrixJoin1.xml
----------------- Instantiating /home/travis/build/icyphy/ptII/ptolemy/domains/sdf/lib/test/auto/MatrixJoin1.xml
2 ms. Memory: 153600K Free: 137589K (90%)
----------------- Invoking toplevel() on ptolemy.moml.MoMLSimpleApplication@6e3d794d
----------------- Done invoking toplevel() on ptolemy.moml.MoMLSimpleApplication@6e3d794d
reloadAllAccessors: .MatrixJoin1

===========================================================================================
----------------- testing Mon Jul 22 05:11:53 UTC 2019 /home/travis/build/icyphy/ptII/ptolemy/domains/sdf/lib/test/auto/MatrixJoin2.xml
----------------- Instantiating /home/travis/build/icyphy/ptII/ptolemy/domains/sdf/lib/test/auto/MatrixJoin2.xml
2 ms. Memory: 153600K Free: 132831K (86%)
----------------- Invoking toplevel() on ptolemy.moml.MoMLSimpleApplication@75217213
----------------- Done invoking toplevel() on ptolemy.moml.MoMLSimpleApplication@75217213
reloadAllAccessors: .MatrixJoin2

===========================================================================================
----------------- testing Mon Jul 22 05:11:53 UTC 2019 /home/travis/build/icyphy/ptII/ptolemy/domains/sdf/lib/test/auto/MatrixJoin3.xml
----------------- Instantiating /home/travis/build/icyphy/ptII/ptolemy/domains/sdf/lib/test/auto/MatrixJoin3.xml
6 ms. Memory: 153600K Free: 128225K (83%)
----------------- Invoking toplevel() on ptolemy.moml.MoMLSimpleApplication@34e20091
----------------- Done invoking toplevel() on ptolemy.moml.MoMLSimpleApplication@34e20091
reloadAllAccessors: .MatrixJoin3

===========================================================================================
----------------- testing Mon Jul 22 05:11:53 UTC 2019 /home/travis/build/icyphy/ptII/ptolemy/domains/sdf/lib/test/auto/MatrixJoin4.xml
----------------- Instantiating /home/travis/build/icyphy/ptII/ptolemy/domains/sdf/lib/test/auto/MatrixJoin4.xml
2 ms. Memory: 153600K Free: 123615K (80%)
----------------- Invoking toplevel() on ptolemy.moml.MoMLSimpleApplication@32b41427
----------------- Done invoking toplevel() on ptolemy.moml.MoMLSimpleApplication@32b41427
reloadAllAccessors: .MatrixJoin4

===========================================================================================
----------------- testing Mon Jul 22 05:11:53 UTC 2019 /home/travis/build/icyphy/ptII/ptolemy/domains/sdf/lib/test/auto/MatrixJoin5.xml
----------------- Instantiating /home/travis/build/icyphy/ptII/ptolemy/domains/sdf/lib/test/auto/MatrixJoin5.xml
4 ms. Memory: 153600K Free: 119519K (78%)
----------------- Invoking toplevel() on ptolemy.moml.MoMLSimpleApplication@13f7b106
----------------- Done invoking toplevel() on ptolemy.moml.MoMLSimpleApplication@13f7b106
reloadAllAccessors: .MatrixJoin5

===========================================================================================
----------------- testing Mon Jul 22 05:11:53 UTC 2019 /home/travis/build/icyphy/ptII/ptolemy/domains/sdf/lib/test/auto/MatrixSplit1.xml
----------------- Instantiating /home/travis/build/icyphy/ptII/ptolemy/domains/sdf/lib/test/auto/MatrixSplit1.xml
2 ms. Memory: 153600K Free: 113375K (74%)
----------------- Invoking toplevel() on ptolemy.moml.MoMLSimpleApplication@3b02fee
----------------- Done invoking toplevel() on ptolemy.moml.MoMLSimpleApplication@3b02fee
reloadAllAccessors: .MatrixSplit1

===========================================================================================
----------------- testing Mon Jul 22 05:11:53 UTC 2019 /home/travis/build/icyphy/ptII/ptolemy/domains/sdf/lib/test/auto/MatrixSplit10.xml
----------------- Instantiating /home/travis/build/icyphy/ptII/ptolemy/domains/sdf/lib/test/auto/MatrixSplit10.xml
3 ms. Memory: 153600K Free: 109793K (71%)
----------------- Invoking toplevel() on ptolemy.moml.MoMLSimpleApplication@2f267632
----------------- Done invoking toplevel() on ptolemy.moml.MoMLSimpleApplication@2f267632
reloadAllAccessors: .MatrixSplit10

===========================================================================================
----------------- testing Mon Jul 22 05:11:53 UTC 2019 /home/travis/build/icyphy/ptII/ptolemy/domains/sdf/lib/test/auto/MatrixSplit11.xml
----------------- Instantiating /home/travis/build/icyphy/ptII/ptolemy/domains/sdf/lib/test/auto/MatrixSplit11.xml
2 ms. Memory: 153600K Free: 106721K (69%)
----------------- Invoking toplevel() on ptolemy.moml.MoMLSimpleApplication@2d1e13f4
----------------- Done invoking toplevel() on ptolemy.moml.MoMLSimpleApplication@2d1e13f4
reloadAllAccessors: .MatrixSplit11

===========================================================================================
----------------- testing Mon Jul 22 05:11:53 UTC 2019 /home/travis/build/icyphy/ptII/ptolemy/domains/sdf/lib/test/auto/MatrixSplit12.xml
----------------- Instantiating /home/travis/build/icyphy/ptII/ptolemy/domains/sdf/lib/test/auto/MatrixSplit12.xml
2 ms. Memory: 153600K Free: 103135K (67%)
----------------- Invoking toplevel() on ptolemy.moml.MoMLSimpleApplication@7dac2827
----------------- Done invoking toplevel() on ptolemy.moml.MoMLSimpleApplication@7dac2827
reloadAllAccessors: .MatrixSplit12

===========================================================================================
----------------- testing Mon Jul 22 05:11:53 UTC 2019 /home/travis/build/icyphy/ptII/ptolemy/domains/sdf/lib/test/auto/MatrixSplit13.xml
----------------- Instantiating /home/travis/build/icyphy/ptII/ptolemy/domains/sdf/lib/test/auto/MatrixSplit13.xml
3 ms. Memory: 153600K Free: 99553K (65%)
----------------- Invoking toplevel() on ptolemy.moml.MoMLSimpleApplication@4d225ec0
----------------- Done invoking toplevel() on ptolemy.moml.MoMLSimpleApplication@4d225ec0
reloadAllAccessors: .MatrixSplit13

===========================================================================================
----------------- testing Mon Jul 22 05:11:53 UTC 2019 /home/travis/build/icyphy/ptII/ptolemy/domains/sdf/lib/test/auto/MatrixSplit14.xml
----------------- Instantiating /home/travis/build/icyphy/ptII/ptolemy/domains/sdf/lib/test/auto/MatrixSplit14.xml
2 ms. Memory: 153600K Free: 95967K (62%)
----------------- Invoking toplevel() on ptolemy.moml.MoMLSimpleApplication@e76c7e
----------------- Done invoking toplevel() on ptolemy.moml.MoMLSimpleApplication@e76c7e
reloadAllAccessors: .MatrixSplit14

===========================================================================================
----------------- testing Mon Jul 22 05:11:53 UTC 2019 /home/travis/build/icyphy/ptII/ptolemy/domains/sdf/lib/test/auto/MatrixSplit2.xml
----------------- Instantiating /home/travis/build/icyphy/ptII/ptolemy/domains/sdf/lib/test/auto/MatrixSplit2.xml
2 ms. Memory: 153600K Free: 92385K (60%)
----------------- Invoking toplevel() on ptolemy.moml.MoMLSimpleApplication@1790442f
----------------- Done invoking toplevel() on ptolemy.moml.MoMLSimpleApplication@1790442f
reloadAllAccessors: .MatrixSplit2

===========================================================================================
----------------- testing Mon Jul 22 05:11:53 UTC 2019 /home/travis/build/icyphy/ptII/ptolemy/domains/sdf/lib/test/auto/MatrixSplit3.xml
----------------- Instantiating /home/travis/build/icyphy/ptII/ptolemy/domains/sdf/lib/test/auto/MatrixSplit3.xml
2 ms. Memory: 153600K Free: 88799K (58%)
----------------- Invoking toplevel() on ptolemy.moml.MoMLSimpleApplication@1c6de010
----------------- Done invoking toplevel() on ptolemy.moml.MoMLSimpleApplication@1c6de010
reloadAllAccessors: .MatrixSplit3

===========================================================================================
----------------- testing Mon Jul 22 05:11:54 UTC 2019 /home/travis/build/icyphy/ptII/ptolemy/domains/sdf/lib/test/auto/MatrixSplit4.xml
----------------- Instantiating /home/travis/build/icyphy/ptII/ptolemy/domains/sdf/lib/test/auto/MatrixSplit4.xml
2 ms. Memory: 153600K Free: 85217K (55%)
----------------- Invoking toplevel() on ptolemy.moml.MoMLSimpleApplication@554734ff
----------------- Done invoking toplevel() on ptolemy.moml.MoMLSimpleApplication@554734ff
reloadAllAccessors: .MatrixSplit4

===========================================================================================
----------------- testing Mon Jul 22 05:11:54 UTC 2019 /home/travis/build/icyphy/ptII/ptolemy/domains/sdf/lib/test/auto/MatrixSplit5.xml
----------------- Instantiating /home/travis/build/icyphy/ptII/ptolemy/domains/sdf/lib/test/auto/MatrixSplit5.xml
7 ms. Memory: 153600K Free: 81631K (53%)
----------------- Invoking toplevel() on ptolemy.moml.MoMLSimpleApplication@61208a52
----------------- Done invoking toplevel() on ptolemy.moml.MoMLSimpleApplication@61208a52
reloadAllAccessors: .MatrixSplit5

===========================================================================================
----------------- testing Mon Jul 22 05:11:54 UTC 2019 /home/travis/build/icyphy/ptII/ptolemy/domains/sdf/lib/test/auto/MatrixSplit6.xml
----------------- Instantiating /home/travis/build/icyphy/ptII/ptolemy/domains/sdf/lib/test/auto/MatrixSplit6.xml
2 ms. Memory: 153600K Free: 78049K (51%)
----------------- Invoking toplevel() on ptolemy.moml.MoMLSimpleApplication@238c28a
----------------- Done invoking toplevel() on ptolemy.moml.MoMLSimpleApplication@238c28a
reloadAllAccessors: .MatrixSplit6

===========================================================================================
----------------- testing Mon Jul 22 05:11:54 UTC 2019 /home/travis/build/icyphy/ptII/ptolemy/domains/sdf/lib/test/auto/MatrixSplit7.xml
----------------- Instantiating /home/travis/build/icyphy/ptII/ptolemy/domains/sdf/lib/test/auto/MatrixSplit7.xml
2 ms. Memory: 153600K Free: 74463K (48%)
----------------- Invoking toplevel() on ptolemy.moml.MoMLSimpleApplication@35272d33
----------------- Done invoking toplevel() on ptolemy.moml.MoMLSimpleApplication@35272d33
reloadAllAccessors: .MatrixSplit7

===========================================================================================
----------------- testing Mon Jul 22 05:11:54 UTC 2019 /home/travis/build/icyphy/ptII/ptolemy/domains/sdf/lib/test/auto/MatrixSplit8.xml
----------------- Instantiating /home/travis/build/icyphy/ptII/ptolemy/domains/sdf/lib/test/auto/MatrixSplit8.xml
2 ms. Memory: 153600K Free: 70881K (46%)
----------------- Invoking toplevel() on ptolemy.moml.MoMLSimpleApplication@48656f3a
----------------- Done invoking toplevel() on ptolemy.moml.MoMLSimpleApplication@48656f3a
reloadAllAccessors: .MatrixSplit8

===========================================================================================
----------------- testing Mon Jul 22 05:11:54 UTC 2019 /home/travis/build/icyphy/ptII/ptolemy/domains/sdf/lib/test/auto/MatrixSplit9.xml
----------------- Instantiating /home/travis/build/icyphy/ptII/ptolemy/domains/sdf/lib/test/auto/MatrixSplit9.xml
5 ms. Memory: 153600K Free: 67295K (44%)
----------------- Invoking toplevel() on ptolemy.moml.MoMLSimpleApplication@3fbfcaec
----------------- Done invoking toplevel() on ptolemy.moml.MoMLSimpleApplication@3fbfcaec
reloadAllAccessors: .MatrixSplit9

===========================================================================================
----------------- testing Mon Jul 22 05:11:54 UTC 2019 /home/travis/build/icyphy/ptII/ptolemy/domains/sdf/lib/test/auto/MatrixToSequence.xml
----------------- Instantiating /home/travis/build/icyphy/ptII/ptolemy/domains/sdf/lib/test/auto/MatrixToSequence.xml
12 ms. Memory: 153600K Free: 58079K (38%)
----------------- Invoking toplevel() on ptolemy.moml.MoMLSimpleApplication@15a16353
----------------- Done invoking toplevel() on ptolemy.moml.MoMLSimpleApplication@15a16353
reloadAllAccessors: .MatrixToSequence

===========================================================================================
----------------- testing Mon Jul 22 05:11:54 UTC 2019 /home/travis/build/icyphy/ptII/ptolemy/domains/sdf/lib/test/auto/MaximumEntropySpectrum.xml
----------------- Instantiating /home/travis/build/icyphy/ptII/ptolemy/domains/sdf/lib/test/auto/MaximumEntropySpectrum.xml
12 ms. Memory: 153600K Free: 126973K (83%)
----------------- Invoking toplevel() on ptolemy.moml.MoMLSimpleApplication@6e8588fe
----------------- Done invoking toplevel() on ptolemy.moml.MoMLSimpleApplication@6e8588fe
reloadAllAccessors: .MaximumEntropySpectrum

===========================================================================================
----------------- testing Mon Jul 22 05:11:54 UTC 2019 /home/travis/build/icyphy/ptII/ptolemy/domains/sdf/lib/test/auto/SampleDelayConversion.xml
----------------- Instantiating /home/travis/build/icyphy/ptII/ptolemy/domains/sdf/lib/test/auto/SampleDelayConversion.xml
2 ms. Memory: 153600K Free: 122877K (80%)
----------------- Invoking toplevel() on ptolemy.moml.MoMLSimpleApplication@5128a52a
----------------- Done invoking toplevel() on ptolemy.moml.MoMLSimpleApplication@5128a52a
reloadAllAccessors: .SampleDelayConversion

===========================================================================================
----------------- testing Mon Jul 22 05:11:54 UTC 2019 /home/travis/build/icyphy/ptII/ptolemy/domains/sdf/lib/test/auto/SequenceToArray.xml
----------------- Instantiating /home/travis/build/icyphy/ptII/ptolemy/domains/sdf/lib/test/auto/SequenceToArray.xml
9 ms. Memory: 153600K Free: 112109K (73%)
----------------- Invoking toplevel() on ptolemy.moml.MoMLSimpleApplication@3848dbc0
----------------- Done invoking toplevel() on ptolemy.moml.MoMLSimpleApplication@3848dbc0
reloadAllAccessors: .SequenceToArray

===========================================================================================
----------------- testing Mon Jul 22 05:11:54 UTC 2019 /home/travis/build/icyphy/ptII/ptolemy/domains/sdf/lib/test/auto/SequenceToMatrix.xml
----------------- Instantiating /home/travis/build/icyphy/ptII/ptolemy/domains/sdf/lib/test/auto/SequenceToMatrix.xml
3840 ms. Memory: 153600K Free: 132600K (86%)
----------------- Invoking toplevel() on ptolemy.moml.MoMLSimpleApplication@560740f4
----------------- Done invoking toplevel() on ptolemy.moml.MoMLSimpleApplication@560740f4
reloadAllAccessors: .SequenceToMatrix

===========================================================================================
----------------- testing Mon Jul 22 05:11:58 UTC 2019 /home/travis/build/icyphy/ptII/ptolemy/domains/sdf/lib/test/auto/SmoothedPeriodogram.xml
----------------- Instantiating /home/travis/build/icyphy/ptII/ptolemy/domains/sdf/lib/test/auto/SmoothedPeriodogram.xml
14 ms. Memory: 153600K Free: 117240K (76%)
----------------- Invoking toplevel() on ptolemy.moml.MoMLSimpleApplication@6befa058
----------------- Done invoking toplevel() on ptolemy.moml.MoMLSimpleApplication@6befa058
reloadAllAccessors: .SmoothedPeriodogram

===========================================================================================
----------------- testing Mon Jul 22 05:11:58 UTC 2019 /home/travis/build/icyphy/ptII/ptolemy/domains/sdf/lib/test/auto/UpDownSample1.xml
----------------- Instantiating /home/travis/build/icyphy/ptII/ptolemy/domains/sdf/lib/test/auto/UpDownSample1.xml
2 ms. Memory: 153600K Free: 113144K (74%)
----------------- Invoking toplevel() on ptolemy.moml.MoMLSimpleApplication@14143e3c
----------------- Done invoking toplevel() on ptolemy.moml.MoMLSimpleApplication@14143e3c
reloadAllAccessors: .UpDownSample1

===========================================================================================
----------------- testing Mon Jul 22 05:11:58 UTC 2019 /home/travis/build/icyphy/ptII/ptolemy/domains/sdf/lib/test/auto/UpSample1.xml
----------------- Instantiating /home/travis/build/icyphy/ptII/ptolemy/domains/sdf/lib/test/auto/UpSample1.xml
2 ms. Memory: 153600K Free: 109562K (71%)
----------------- Invoking toplevel() on ptolemy.moml.MoMLSimpleApplication@76c7e36a
----------------- Done invoking toplevel() on ptolemy.moml.MoMLSimpleApplication@76c7e36a
reloadAllAccessors: .UpSample1

===========================================================================================
----------------- testing Mon Jul 22 05:11:58 UTC 2019 /home/travis/build/icyphy/ptII/ptolemy/domains/sdf/lib/test/auto/VariableFIR.xml
----------------- Instantiating /home/travis/build/icyphy/ptII/ptolemy/domains/sdf/lib/test/auto/VariableFIR.xml
9 ms. Memory: 153600K Free: 104442K (68%)
----------------- Invoking toplevel() on ptolemy.moml.MoMLSimpleApplication@1980bb11
----------------- Done invoking toplevel() on ptolemy.moml.MoMLSimpleApplication@1980bb11
reloadAllAccessors: .VariableFIR

===========================================================================================
----------------- testing Mon Jul 22 05:11:58 UTC 2019 /home/travis/build/icyphy/ptII/ptolemy/domains/sdf/lib/test/auto/VariableFIR2.xml
----------------- Instantiating /home/travis/build/icyphy/ptII/ptolemy/domains/sdf/lib/test/auto/VariableFIR2.xml
3 ms. Memory: 153600K Free: 99322K (65%)
----------------- Invoking toplevel() on ptolemy.moml.MoMLSimpleApplication@2c85571
----------------- Done invoking toplevel() on ptolemy.moml.MoMLSimpleApplication@2c85571
reloadAllAccessors: .VariableFIR2

===========================================================================================
----------------- testing Mon Jul 22 05:11:58 UTC 2019 /home/travis/build/icyphy/ptII/ptolemy/domains/sdf/lib/test/auto/VariableLattice.xml
----------------- Instantiating /home/travis/build/icyphy/ptII/ptolemy/domains/sdf/lib/test/auto/VariableLattice.xml
6 ms. Memory: 153600K Free: 93178K (61%)
----------------- Invoking toplevel() on ptolemy.moml.MoMLSimpleApplication@7f06fa6c
----------------- Done invoking toplevel() on ptolemy.moml.MoMLSimpleApplication@7f06fa6c
reloadAllAccessors: .VariableLattice

===========================================================================================
----------------- testing Mon Jul 22 05:11:58 UTC 2019 /home/travis/build/icyphy/ptII/ptolemy/domains/sdf/lib/test/auto/VariableLattice2.xml
----------------- Instantiating /home/travis/build/icyphy/ptII/ptolemy/domains/sdf/lib/test/auto/VariableLattice2.xml
1.0
-1.999999602036
1.9099998677481
-0.9099996420674
0.205
0.0
0.0
1.0
-0.25
-0.5
0.0
0.0
0.0
0.0
5 ms. Memory: 153600K Free: 88568K (58%)
----------------- Invoking toplevel() on ptolemy.moml.MoMLSimpleApplication@31b07375
----------------- Done invoking toplevel() on ptolemy.moml.MoMLSimpleApplication@31b07375
reloadAllAccessors: .VariableLattice2

===========================================================================================
----------------- testing Mon Jul 22 05:11:58 UTC 2019 /home/travis/build/icyphy/ptII/ptolemy/domains/sdf/lib/test/auto/VariableRecursiveLattice.xml
----------------- Instantiating /home/travis/build/icyphy/ptII/ptolemy/domains/sdf/lib/test/auto/VariableRecursiveLattice.xml
4 ms. Memory: 153600K Free: 83962K (55%)
----------------- Invoking toplevel() on ptolemy.moml.MoMLSimpleApplication@2ddd5e66
----------------- Done invoking toplevel() on ptolemy.moml.MoMLSimpleApplication@2ddd5e66
reloadAllAccessors: .VariableRecursiveLattice

===========================================================================================
----------------- testing Mon Jul 22 05:11:58 UTC 2019 /home/travis/build/icyphy/ptII/ptolemy/domains/sdf/lib/test/auto/VariableRecursiveLattice2.xml
----------------- Instantiating /home/travis/build/icyphy/ptII/ptolemy/domains/sdf/lib/test/auto/VariableRecursiveLattice2.xml
5 ms. Memory: 153600K Free: 79866K (52%)
----------------- Invoking toplevel() on ptolemy.moml.MoMLSimpleApplication@329488bf
----------------- Done invoking toplevel() on ptolemy.moml.MoMLSimpleApplication@329488bf
reloadAllAccessors: .VariableRecursiveLattice2
AutoTests.java: About to close Vertx.
AutoTests.java: Vertx closed.
]]></system-out>
  <system-err><![CDATA[]]></system-err>
</testsuite>
