<?xml version="1.0" encoding="UTF-8" ?>
<testsuite errors="0" failures="0" hostname="travis-job-0688a167-43c1-48e3-a4ff-eb6a2f972306" name="ptolemy.domains.sdf.test.junit.JUnitTclTest" skipped="0" tests="66" time="19.775" timestamp="2019-03-28T21:38:55">
  <properties>
[...]
</properties>
  <testcase classname="ptolemy.util.test.junit.TclTests" name="[0] /home/travis/build/icyphy/ptII/ptolemy/domains/sdf/test/SDFSchedulerErrors.tcl (RunTclFile)" time="0.686" />
  <testcase classname="ptolemy.util.test.junit.TclTests" name="[1] /home/travis/build/icyphy/ptII/ptolemy/domains/sdf/test/composition.tcl (RunTclFile)" time="0.151" />
  <testcase classname="ptolemy.util.test.junit.TclTests" name="[2] /home/travis/build/icyphy/ptII/ptolemy/domains/sdf/test/cycle.tcl (RunTclFile)" time="0.032" />
  <testcase classname="ptolemy.util.test.junit.AutoKnownFailedTests" name="[0] ThereAreNoKnowFailedTests (RunModel)" time="0.0" />
  <testcase classname="ptolemy.util.test.junit.AutoNameArchTests" name="[0] ThereAreNoAutoArchTests (RunModel)" time="0.0" />
  <testcase classname="ptolemy.util.test.junit.AutoTests" name="[0] /home/travis/build/icyphy/ptII/ptolemy/domains/sdf/test/auto/Array.xml (RunModel)" time="0.132" />
  <testcase classname="ptolemy.util.test.junit.AutoTests" name="[1] /home/travis/build/icyphy/ptII/ptolemy/domains/sdf/test/auto/Butterfly.xml (RunModel)" time="0.106" />
  <testcase classname="ptolemy.util.test.junit.AutoTests" name="[2] /home/travis/build/icyphy/ptII/ptolemy/domains/sdf/test/auto/Expression.xml (RunModel)" time="0.066" />
  <testcase classname="ptolemy.util.test.junit.AutoTests" name="[3] /home/travis/build/icyphy/ptII/ptolemy/domains/sdf/test/auto/Eye.xml (RunModel)" time="0.397" />
  <testcase classname="ptolemy.util.test.junit.AutoTests" name="[4] /home/travis/build/icyphy/ptII/ptolemy/domains/sdf/test/auto/FixFIR.xml (RunModel)" time="0.307" />
  <testcase classname="ptolemy.util.test.junit.AutoTests" name="[5] /home/travis/build/icyphy/ptII/ptolemy/domains/sdf/test/auto/FixPoint.xml (RunModel)" time="0.046" />
  <testcase classname="ptolemy.util.test.junit.AutoTests" name="[6] /home/travis/build/icyphy/ptII/ptolemy/domains/sdf/test/auto/Gravitation.xml (RunModel)" time="3.292" />
  <testcase classname="ptolemy.util.test.junit.AutoTests" name="[7] /home/travis/build/icyphy/ptII/ptolemy/domains/sdf/test/auto/GravitationWithCollisionDetection.xml (RunModel)" time="6.415" />
  <testcase classname="ptolemy.util.test.junit.AutoTests" name="[8] /home/travis/build/icyphy/ptII/ptolemy/domains/sdf/test/auto/HDF.xml (RunModel)" time="0.106" />
  <testcase classname="ptolemy.util.test.junit.AutoTests" name="[9] /home/travis/build/icyphy/ptII/ptolemy/domains/sdf/test/auto/HDFwithTransientStates.xml (RunModel)" time="0.12" />
  <testcase classname="ptolemy.util.test.junit.AutoTests" name="[10] /home/travis/build/icyphy/ptII/ptolemy/domains/sdf/test/auto/HTVQ.xml (RunModel)" time="0.808" />
  <testcase classname="ptolemy.util.test.junit.AutoTests" name="[11] /home/travis/build/icyphy/ptII/ptolemy/domains/sdf/test/auto/InferInitProduction.xml (RunModel)" time="0.033" />
  <testcase classname="ptolemy.util.test.junit.AutoTests" name="[12] /home/travis/build/icyphy/ptII/ptolemy/domains/sdf/test/auto/InferInitProductionDeeper.xml (RunModel)" time="0.026" />
  <testcase classname="ptolemy.util.test.junit.AutoTests" name="[13] /home/travis/build/icyphy/ptII/ptolemy/domains/sdf/test/auto/LMSAdaptive.xml (RunModel)" time="0.09" />
  <testcase classname="ptolemy.util.test.junit.AutoTests" name="[14] /home/travis/build/icyphy/ptII/ptolemy/domains/sdf/test/auto/LogisticMap.xml (RunModel)" time="0.475" />
  <testcase classname="ptolemy.util.test.junit.AutoTests" name="[15] /home/travis/build/icyphy/ptII/ptolemy/domains/sdf/test/auto/MaximumEntropySpectrum.xml (RunModel)" time="0.262" />
  <testcase classname="ptolemy.util.test.junit.AutoTests" name="[16] /home/travis/build/icyphy/ptII/ptolemy/domains/sdf/test/auto/MultirateSDF.xml (RunModel)" time="0.074" />
  <testcase classname="ptolemy.util.test.junit.AutoTests" name="[17] /home/travis/build/icyphy/ptII/ptolemy/domains/sdf/test/auto/MultirateSDFwithTransientStates.xml (RunModel)" time="0.076" />
  <testcase classname="ptolemy.util.test.junit.AutoTests" name="[18] /home/travis/build/icyphy/ptII/ptolemy/domains/sdf/test/auto/NoisySinewave.xml (RunModel)" time="0.06" />
  <testcase classname="ptolemy.util.test.junit.AutoTests" name="[19] /home/travis/build/icyphy/ptII/ptolemy/domains/sdf/test/auto/Objects.xml (RunModel)" time="0.062" />
  <testcase classname="ptolemy.util.test.junit.AutoTests" name="[20] /home/travis/build/icyphy/ptII/ptolemy/domains/sdf/test/auto/OrthogonalCom.xml (RunModel)" time="0.042" />
  <testcase classname="ptolemy.util.test.junit.AutoTests" name="[21] /home/travis/build/icyphy/ptII/ptolemy/domains/sdf/test/auto/RijndaelEncryption.xml (RunModel)" time="0.497" />
  <testcase classname="ptolemy.util.test.junit.AutoTests" name="[22] /home/travis/build/icyphy/ptII/ptolemy/domains/sdf/test/auto/SDFEmptyIterations.xml (RunModel)" time="0.018" />
  <testcase classname="ptolemy.util.test.junit.AutoTests" name="[23] /home/travis/build/icyphy/ptII/ptolemy/domains/sdf/test/auto/Spectrum.xml (RunModel)" time="0.075" />
  <testcase classname="ptolemy.util.test.junit.AutoTests" name="[24] /home/travis/build/icyphy/ptII/ptolemy/domains/sdf/test/auto/de_inside_sdf.xml (RunModel)" time="0.02" />
  <testcase classname="ptolemy.util.test.junit.AutoTests" name="[25] /home/travis/build/icyphy/ptII/ptolemy/domains/sdf/test/auto/disconnectedHierarchicalSDF.xml (RunModel)" time="0.019" />
  <testcase classname="ptolemy.util.test.junit.AutoTests" name="[26] /home/travis/build/icyphy/ptII/ptolemy/domains/sdf/test/auto/disconnectedSDF.xml (RunModel)" time="0.016" />
  <testcase classname="ptolemy.util.test.junit.AutoTests" name="[27] /home/travis/build/icyphy/ptII/ptolemy/domains/sdf/test/auto/emptyRefinement.xml (RunModel)" time="0.027" />
  <testcase classname="ptolemy.util.test.junit.AutoTests" name="[28] /home/travis/build/icyphy/ptII/ptolemy/domains/sdf/test/auto/filePortParameter.xml (RunModel)" time="0.05" />
  <testcase classname="ptolemy.util.test.junit.AutoTests" name="[29] /home/travis/build/icyphy/ptII/ptolemy/domains/sdf/test/auto/inferRelationWidth1.xml (RunModel)" time="0.016" />
  <testcase classname="ptolemy.util.test.junit.AutoTests" name="[30] /home/travis/build/icyphy/ptII/ptolemy/domains/sdf/test/auto/initProductionInference.xml (RunModel)" time="0.022" />
  <testcase classname="ptolemy.util.test.junit.AutoTests" name="[31] /home/travis/build/icyphy/ptII/ptolemy/domains/sdf/test/auto/relationGroup.xml (RunModel)" time="0.013" />
  <testcase classname="ptolemy.util.test.junit.AutoTests" name="[32] /home/travis/build/icyphy/ptII/ptolemy/domains/sdf/test/auto/relationGroup10.xml (RunModel)" time="0.021" />
  <testcase classname="ptolemy.util.test.junit.AutoTests" name="[33] /home/travis/build/icyphy/ptII/ptolemy/domains/sdf/test/auto/relationGroup11.xml (RunModel)" time="0.019" />
  <testcase classname="ptolemy.util.test.junit.AutoTests" name="[34] /home/travis/build/icyphy/ptII/ptolemy/domains/sdf/test/auto/relationGroup12.xml (RunModel)" time="0.016" />
  <testcase classname="ptolemy.util.test.junit.AutoTests" name="[35] /home/travis/build/icyphy/ptII/ptolemy/domains/sdf/test/auto/relationGroup13.xml (RunModel)" time="0.02" />
  <testcase classname="ptolemy.util.test.junit.AutoTests" name="[36] /home/travis/build/icyphy/ptII/ptolemy/domains/sdf/test/auto/relationGroup14.xml (RunModel)" time="0.019" />
  <testcase classname="ptolemy.util.test.junit.AutoTests" name="[37] /home/travis/build/icyphy/ptII/ptolemy/domains/sdf/test/auto/relationGroup15.xml (RunModel)" time="0.014" />
  <testcase classname="ptolemy.util.test.junit.AutoTests" name="[38] /home/travis/build/icyphy/ptII/ptolemy/domains/sdf/test/auto/relationGroup2.xml (RunModel)" time="0.014" />
  <testcase classname="ptolemy.util.test.junit.AutoTests" name="[39] /home/travis/build/icyphy/ptII/ptolemy/domains/sdf/test/auto/relationGroup3.xml (RunModel)" time="0.011" />
  <testcase classname="ptolemy.util.test.junit.AutoTests" name="[40] /home/travis/build/icyphy/ptII/ptolemy/domains/sdf/test/auto/relationGroup4.xml (RunModel)" time="0.025" />
  <testcase classname="ptolemy.util.test.junit.AutoTests" name="[41] /home/travis/build/icyphy/ptII/ptolemy/domains/sdf/test/auto/relationGroup5.xml (RunModel)" time="0.022" />
  <testcase classname="ptolemy.util.test.junit.AutoTests" name="[42] /home/travis/build/icyphy/ptII/ptolemy/domains/sdf/test/auto/relationGroup6.xml (RunModel)" time="0.023" />
  <testcase classname="ptolemy.util.test.junit.AutoTests" name="[43] /home/travis/build/icyphy/ptII/ptolemy/domains/sdf/test/auto/relationGroup7.xml (RunModel)" time="0.013" />
  <testcase classname="ptolemy.util.test.junit.AutoTests" name="[44] /home/travis/build/icyphy/ptII/ptolemy/domains/sdf/test/auto/relationGroup8.xml (RunModel)" time="0.013" />
  <testcase classname="ptolemy.util.test.junit.AutoTests" name="[45] /home/travis/build/icyphy/ptII/ptolemy/domains/sdf/test/auto/relationGroup9.xml (RunModel)" time="0.024" />
  <testcase classname="ptolemy.util.test.junit.AutoTests" name="[46] /home/travis/build/icyphy/ptII/ptolemy/domains/sdf/test/auto/sdf_inside_de.xml (RunModel)" time="0.055" />
  <testcase classname="ptolemy.util.test.junit.AutoTests" name="[47] /home/travis/build/icyphy/ptII/ptolemy/domains/sdf/test/auto/sdf_inside_pn.xml (RunModel)" time="0.055" />
  <testcase classname="ptolemy.util.test.junit.AutoTests" name="[48] /home/travis/build/icyphy/ptII/ptolemy/domains/sdf/test/auto/sdf_sdf1.xml (RunModel)" time="0.02" />
  <testcase classname="ptolemy.util.test.junit.AutoTests" name="[49] /home/travis/build/icyphy/ptII/ptolemy/domains/sdf/test/auto/test1.xml (RunModel)" time="0.016" />
  <testcase classname="ptolemy.util.test.junit.AutoTests" name="[50] /home/travis/build/icyphy/ptII/ptolemy/domains/sdf/test/auto/time1.xml (RunModel)" time="0.009" />
  <testcase classname="ptolemy.util.test.junit.AutoTests" name="[51] /home/travis/build/icyphy/ptII/ptolemy/domains/sdf/test/auto/time2.xml (RunModel)" time="0.018" />
  <testcase classname="ptolemy.util.test.junit.AutoTests" name="[52] /home/travis/build/icyphy/ptII/ptolemy/domains/sdf/test/auto/time3.xml (RunModel)" time="0.021" />
  <testcase classname="ptolemy.util.test.junit.AutoTests" name="[53] /home/travis/build/icyphy/ptII/ptolemy/domains/sdf/test/auto/time4.xml (RunModel)" time="0.019" />
  <testcase classname="ptolemy.util.test.junit.AutoTests" name="[54] /home/travis/build/icyphy/ptII/ptolemy/domains/sdf/test/auto/time5.xml (RunModel)" time="4.01" />
  <testcase classname="ptolemy.util.test.junit.AutoTests" name="[55] /home/travis/build/icyphy/ptII/ptolemy/domains/sdf/test/auto/typeSystem_Const_Integer_smallest_Type.xml (RunModel)" time="0.031" />
  <testcase classname="ptolemy.util.test.junit.AutoTests" name="[56] /home/travis/build/icyphy/ptII/ptolemy/domains/sdf/test/auto/typeSystem_declared_Inports_OutportTypeException.xml (RunModel)" time="0.018" />
  <testcase classname="ptolemy.util.test.junit.AutoTests" name="[57] /home/travis/build/icyphy/ptII/ptolemy/domains/sdf/test/auto/typeSystem_oneDeclaredInportType_wrongTypeOutport.xml (RunModel)" time="0.015" />
  <testcase classname="ptolemy.util.test.junit.AutoTests" name="[58] /home/travis/build/icyphy/ptII/ptolemy/domains/sdf/test/auto/width.xml (RunModel)" time="0.011" />
  <testcase classname="ptolemy.util.test.junit.AutoTests" name="[59] /home/travis/build/icyphy/ptII/ptolemy/domains/sdf/test/auto/width2.xml (RunModel)" time="0.034" />
  <testcase classname="ptolemy.util.test.junit.AutoTests" name="[60] /home/travis/build/icyphy/ptII/ptolemy/domains/sdf/test/auto/width3.xml (RunModel)" time="0.039" />
  <system-out><![CDATA[/home/travis/build/icyphy/ptII/ptolemy/domains/sdf/test/SDFSchedulerErrors.tcl
testDefs.tcl: setting time out to 9000 seconds at Thu Mar 28 21:38:55 UTC 2019
18 ms. Memory: 116224K Free: 108724K (94%)
5 ms. Memory: 116224K Free: 101733K (88%)
13 ms. Memory: 116224K Free: 95364K (82%)
9 ms. Memory: 116224K Free: 92311K (79%)
/home/travis/build/icyphy/ptII/ptolemy/domains/sdf/test/composition.tcl
29 ms. Memory: 116224K Free: 88720K (76%)
6 ms. Memory: 116224K Free: 86928K (75%)
/home/travis/build/icyphy/ptII/ptolemy/domains/sdf/test/cycle.tcl
.Toplevel.Director Preinitializing ...
Invoking preinitialize():  .Toplevel.Actor1
Invoking preinitialize():  .Toplevel.Actor2
Invoking preinitialize():  .Toplevel.Delay
.Toplevel.Director Finished preinitialize().
### Schedule:
Execute Schedule{
Fire Actor ptolemy.domains.sdf.kernel.test.SDFTestDelay {.Toplevel.Actor1}
Fire Actor ptolemy.domains.sdf.kernel.test.SDFTestDelay {.Toplevel.Actor2}
Fire Actor ptolemy.domains.sdf.lib.SampleDelay {.Toplevel.Delay}
}
### End schedule
Called initialize().
Invoking initialize():  .Toplevel.Actor1
Initializing actor: .Toplevel.Actor1.
Invoking initialize():  .Toplevel.Actor2
Initializing actor: .Toplevel.Actor2.
Invoking initialize():  .Toplevel.Delay
Initializing actor: .Toplevel.Delay.
Director: Called prefire().
-- Setting current time to 0.0
Director prefire returns true.
The actor .Toplevel.Actor1 will be iterated.
The actor .Toplevel.Actor1 was iterated.
The actor .Toplevel.Actor2 will be iterated.
The actor .Toplevel.Actor2 was iterated.
The actor .Toplevel.Delay will be iterated.
The actor .Toplevel.Delay was iterated.
Director: Called postfire().
Postfire returns: true
Director: Called prefire().
-- Setting current time to 0.0
Director prefire returns true.
The actor .Toplevel.Actor1 will be iterated.
The actor .Toplevel.Actor1 was iterated.
The actor .Toplevel.Actor2 will be iterated.
The actor .Toplevel.Actor2 was iterated.
The actor .Toplevel.Delay will be iterated.
The actor .Toplevel.Delay was iterated.
Director: Called postfire().
Postfire returns: true
Director: Called prefire().
-- Setting current time to 0.0
Director prefire returns true.
The actor .Toplevel.Actor1 will be iterated.
The actor .Toplevel.Actor1 was iterated.
The actor .Toplevel.Actor2 will be iterated.
The actor .Toplevel.Actor2 was iterated.
The actor .Toplevel.Delay will be iterated.
The actor .Toplevel.Delay was iterated.
Director: Called postfire().
Postfire returns: true
Director: Called prefire().
-- Setting current time to 0.0
Director prefire returns true.
The actor .Toplevel.Actor1 will be iterated.
The actor .Toplevel.Actor1 was iterated.
The actor .Toplevel.Actor2 will be iterated.
The actor .Toplevel.Actor2 was iterated.
The actor .Toplevel.Delay will be iterated.
The actor .Toplevel.Delay was iterated.
Director: Called postfire().
Postfire returns: true
Director: Called prefire().
-- Setting current time to 0.0
Director prefire returns true.
The actor .Toplevel.Actor1 will be iterated.
The actor .Toplevel.Actor1 was iterated.
The actor .Toplevel.Actor2 will be iterated.
The actor .Toplevel.Actor2 was iterated.
The actor .Toplevel.Delay will be iterated.
The actor .Toplevel.Delay was iterated.
Director: Called postfire().
Postfire returns: true
Director: Called prefire().
-- Setting current time to 0.0
Director prefire returns true.
The actor .Toplevel.Actor1 will be iterated.
The actor .Toplevel.Actor1 was iterated.
The actor .Toplevel.Actor2 will be iterated.
The actor .Toplevel.Actor2 was iterated.
The actor .Toplevel.Delay will be iterated.
The actor .Toplevel.Delay was iterated.
Reached specified number of iterations: 6
Director: Called wrapup().
6 ms. Memory: 116224K Free: 84509K (73%)
03/28/19 09:38:56
Failed: 0  Total Tests: 8  ((Passed: 8, Newly Passed: 0)  Known Failed: 0) /home/travis/build/icyphy/ptII/ptolemy/domains/sdf/test
No auto/knownFailedTests/*.xml tests in /home/travis/build/icyphy/ptII/ptolemy/domains/sdf/test
No auto/linux-amd64/*.xml tests in /home/travis/build/icyphy/ptII/ptolemy/domains/sdf/test
AutoTests.java: About to close Vertx.
AutoTests.java: Vertx closed.

===========================================================================================
----------------- testing Thu Mar 28 21:38:57 UTC 2019 /home/travis/build/icyphy/ptII/ptolemy/domains/sdf/test/auto/Array.xml
----------------- Instantiating /home/travis/build/icyphy/ptII/ptolemy/domains/sdf/test/auto/Array.xml
29 ms. Memory: 146944K Free: 109150K (74%)
----------------- Invoking toplevel() on ptolemy.moml.MoMLSimpleApplication@7696f5d1
----------------- Done invoking toplevel() on ptolemy.moml.MoMLSimpleApplication@7696f5d1
reloadAllAccessors: .Array

===========================================================================================
----------------- testing Thu Mar 28 21:38:57 UTC 2019 /home/travis/build/icyphy/ptII/ptolemy/domains/sdf/test/auto/Butterfly.xml
----------------- Instantiating /home/travis/build/icyphy/ptII/ptolemy/domains/sdf/test/auto/Butterfly.xml
73 ms. Memory: 146944K Free: 102973K (70%)
----------------- Invoking toplevel() on ptolemy.moml.MoMLSimpleApplication@6be3ebc2
----------------- Done invoking toplevel() on ptolemy.moml.MoMLSimpleApplication@6be3ebc2
reloadAllAccessors: .Butterfly

===========================================================================================
----------------- testing Thu Mar 28 21:38:57 UTC 2019 /home/travis/build/icyphy/ptII/ptolemy/domains/sdf/test/auto/Expression.xml
----------------- Instantiating /home/travis/build/icyphy/ptII/ptolemy/domains/sdf/test/auto/Expression.xml
40 ms. Memory: 146944K Free: 98018K (67%)
----------------- Invoking toplevel() on ptolemy.moml.MoMLSimpleApplication@6dbb82ee
----------------- Done invoking toplevel() on ptolemy.moml.MoMLSimpleApplication@6dbb82ee
reloadAllAccessors: .Expression

===========================================================================================
----------------- testing Thu Mar 28 21:38:57 UTC 2019 /home/travis/build/icyphy/ptII/ptolemy/domains/sdf/test/auto/Eye.xml
----------------- Instantiating /home/travis/build/icyphy/ptII/ptolemy/domains/sdf/test/auto/Eye.xml
230 ms. Memory: 146944K Free: 130257K (89%)
----------------- Invoking toplevel() on ptolemy.moml.MoMLSimpleApplication@2e737ef5
----------------- Done invoking toplevel() on ptolemy.moml.MoMLSimpleApplication@2e737ef5
reloadAllAccessors: .Eye

===========================================================================================
----------------- testing Thu Mar 28 21:38:57 UTC 2019 /home/travis/build/icyphy/ptII/ptolemy/domains/sdf/test/auto/FixFIR.xml
----------------- Instantiating /home/travis/build/icyphy/ptII/ptolemy/domains/sdf/test/auto/FixFIR.xml
146 ms. Memory: 146944K Free: 93689K (64%)
----------------- Invoking toplevel() on ptolemy.moml.MoMLSimpleApplication@5496317a
----------------- Done invoking toplevel() on ptolemy.moml.MoMLSimpleApplication@5496317a
reloadAllAccessors: .FixFIR

===========================================================================================
----------------- testing Thu Mar 28 21:38:58 UTC 2019 /home/travis/build/icyphy/ptII/ptolemy/domains/sdf/test/auto/FixPoint.xml
----------------- Instantiating /home/travis/build/icyphy/ptII/ptolemy/domains/sdf/test/auto/FixPoint.xml
13 ms. Memory: 146944K Free: 89496K (61%)
----------------- Invoking toplevel() on ptolemy.moml.MoMLSimpleApplication@47b9ae7d
----------------- Done invoking toplevel() on ptolemy.moml.MoMLSimpleApplication@47b9ae7d
reloadAllAccessors: .FixPoint

===========================================================================================
----------------- testing Thu Mar 28 21:38:58 UTC 2019 /home/travis/build/icyphy/ptII/ptolemy/domains/sdf/test/auto/Gravitation.xml
----------------- Instantiating /home/travis/build/icyphy/ptII/ptolemy/domains/sdf/test/auto/Gravitation.xml
3161 ms. Memory: 208384K Free: 122761K (59%)
----------------- Invoking toplevel() on ptolemy.moml.MoMLSimpleApplication@6a6ac591
----------------- Done invoking toplevel() on ptolemy.moml.MoMLSimpleApplication@6a6ac591
reloadAllAccessors: .Gravitation

===========================================================================================
----------------- testing Thu Mar 28 21:39:01 UTC 2019 /home/travis/build/icyphy/ptII/ptolemy/domains/sdf/test/auto/GravitationWithCollisionDetection.xml
----------------- Instantiating /home/travis/build/icyphy/ptII/ptolemy/domains/sdf/test/auto/GravitationWithCollisionDetection.xml
6190 ms. Memory: 872448K Free: 334765K (38%)
----------------- Invoking toplevel() on ptolemy.moml.MoMLSimpleApplication@45c881dd
----------------- Done invoking toplevel() on ptolemy.moml.MoMLSimpleApplication@45c881dd
reloadAllAccessors: .GravitationWithCollisionDetection

===========================================================================================
----------------- testing Thu Mar 28 21:39:07 UTC 2019 /home/travis/build/icyphy/ptII/ptolemy/domains/sdf/test/auto/HDF.xml
----------------- Instantiating /home/travis/build/icyphy/ptII/ptolemy/domains/sdf/test/auto/HDF.xml
57 ms. Memory: 872448K Free: 302632K (35%)
----------------- Invoking toplevel() on ptolemy.moml.MoMLSimpleApplication@49e4ec09
----------------- Done invoking toplevel() on ptolemy.moml.MoMLSimpleApplication@49e4ec09
reloadAllAccessors: .HDF

===========================================================================================
----------------- testing Thu Mar 28 21:39:07 UTC 2019 /home/travis/build/icyphy/ptII/ptolemy/domains/sdf/test/auto/HDFwithTransientStates.xml
----------------- Instantiating /home/travis/build/icyphy/ptII/ptolemy/domains/sdf/test/auto/HDFwithTransientStates.xml
30 ms. Memory: 872448K Free: 279084K (32%)
----------------- Invoking toplevel() on ptolemy.moml.MoMLSimpleApplication@18b3fd6b
----------------- Done invoking toplevel() on ptolemy.moml.MoMLSimpleApplication@18b3fd6b
reloadAllAccessors: .HDFwithTransientStates

===========================================================================================
----------------- testing Thu Mar 28 21:39:08 UTC 2019 /home/travis/build/icyphy/ptII/ptolemy/domains/sdf/test/auto/HTVQ.xml
----------------- Instantiating /home/travis/build/icyphy/ptII/ptolemy/domains/sdf/test/auto/HTVQ.xml
769 ms. Memory: 872448K Free: 106305K (12%)
----------------- Invoking toplevel() on ptolemy.moml.MoMLSimpleApplication@99809df
----------------- Done invoking toplevel() on ptolemy.moml.MoMLSimpleApplication@99809df
reloadAllAccessors: .HTVQ

===========================================================================================
----------------- testing Thu Mar 28 21:39:08 UTC 2019 /home/travis/build/icyphy/ptII/ptolemy/domains/sdf/test/auto/InferInitProduction.xml
----------------- Instantiating /home/travis/build/icyphy/ptII/ptolemy/domains/sdf/test/auto/InferInitProduction.xml
11 ms. Memory: 872448K Free: 90617K (10%)
----------------- Invoking toplevel() on ptolemy.moml.MoMLSimpleApplication@6ee73f6b
----------------- Done invoking toplevel() on ptolemy.moml.MoMLSimpleApplication@6ee73f6b
reloadAllAccessors: .InferInitProduction

===========================================================================================
----------------- testing Thu Mar 28 21:39:08 UTC 2019 /home/travis/build/icyphy/ptII/ptolemy/domains/sdf/test/auto/InferInitProductionDeeper.xml
----------------- Instantiating /home/travis/build/icyphy/ptII/ptolemy/domains/sdf/test/auto/InferInitProductionDeeper.xml
5 ms. Memory: 872448K Free: 77349K (9%)
----------------- Invoking toplevel() on ptolemy.moml.MoMLSimpleApplication@369b1981
----------------- Done invoking toplevel() on ptolemy.moml.MoMLSimpleApplication@369b1981
reloadAllAccessors: .InferInitProductionDeeper

===========================================================================================
----------------- testing Thu Mar 28 21:39:08 UTC 2019 /home/travis/build/icyphy/ptII/ptolemy/domains/sdf/test/auto/LMSAdaptive.xml
----------------- Instantiating /home/travis/build/icyphy/ptII/ptolemy/domains/sdf/test/auto/LMSAdaptive.xml
22 ms. Memory: 872960K Free: 838145K (96%)
----------------- Invoking toplevel() on ptolemy.moml.MoMLSimpleApplication@5159ad71
----------------- Done invoking toplevel() on ptolemy.moml.MoMLSimpleApplication@5159ad71
reloadAllAccessors: .LMSAdaptive

===========================================================================================
----------------- testing Thu Mar 28 21:39:09 UTC 2019 /home/travis/build/icyphy/ptII/ptolemy/domains/sdf/test/auto/LogisticMap.xml
----------------- Instantiating /home/travis/build/icyphy/ptII/ptolemy/domains/sdf/test/auto/LogisticMap.xml
445 ms. Memory: 872960K Free: 819535K (94%)
----------------- Invoking toplevel() on ptolemy.moml.MoMLSimpleApplication@2fd477a
----------------- Done invoking toplevel() on ptolemy.moml.MoMLSimpleApplication@2fd477a
reloadAllAccessors: .LogisticMap

===========================================================================================
----------------- testing Thu Mar 28 21:39:09 UTC 2019 /home/travis/build/icyphy/ptII/ptolemy/domains/sdf/test/auto/MaximumEntropySpectrum.xml
----------------- Instantiating /home/travis/build/icyphy/ptII/ptolemy/domains/sdf/test/auto/MaximumEntropySpectrum.xml
66 ms. Memory: 872960K Free: 748900K (86%)
----------------- Invoking toplevel() on ptolemy.moml.MoMLSimpleApplication@2120c953
----------------- Done invoking toplevel() on ptolemy.moml.MoMLSimpleApplication@2120c953
reloadAllAccessors: .MaximumEntropySpectrum

===========================================================================================
----------------- testing Thu Mar 28 21:39:09 UTC 2019 /home/travis/build/icyphy/ptII/ptolemy/domains/sdf/test/auto/MultirateSDF.xml
----------------- Instantiating /home/travis/build/icyphy/ptII/ptolemy/domains/sdf/test/auto/MultirateSDF.xml
19 ms. Memory: 872960K Free: 725353K (83%)
----------------- Invoking toplevel() on ptolemy.moml.MoMLSimpleApplication@3f442141
----------------- Done invoking toplevel() on ptolemy.moml.MoMLSimpleApplication@3f442141
reloadAllAccessors: .MultirateSDF

===========================================================================================
----------------- testing Thu Mar 28 21:39:09 UTC 2019 /home/travis/build/icyphy/ptII/ptolemy/domains/sdf/test/auto/MultirateSDFwithTransientStates.xml
----------------- Instantiating /home/travis/build/icyphy/ptII/ptolemy/domains/sdf/test/auto/MultirateSDFwithTransientStates.xml
19 ms. Memory: 872960K Free: 701813K (80%)
----------------- Invoking toplevel() on ptolemy.moml.MoMLSimpleApplication@689a66a6
----------------- Done invoking toplevel() on ptolemy.moml.MoMLSimpleApplication@689a66a6
reloadAllAccessors: .MultirateSDFwithTransientStates

===========================================================================================
----------------- testing Thu Mar 28 21:39:09 UTC 2019 /home/travis/build/icyphy/ptII/ptolemy/domains/sdf/test/auto/NoisySinewave.xml
----------------- Instantiating /home/travis/build/icyphy/ptII/ptolemy/domains/sdf/test/auto/NoisySinewave.xml
13 ms. Memory: 872960K Free: 678281K (78%)
----------------- Invoking toplevel() on ptolemy.moml.MoMLSimpleApplication@2af11883
----------------- Done invoking toplevel() on ptolemy.moml.MoMLSimpleApplication@2af11883
reloadAllAccessors: .NoisySinewave

===========================================================================================
----------------- testing Thu Mar 28 21:39:09 UTC 2019 /home/travis/build/icyphy/ptII/ptolemy/domains/sdf/test/auto/Objects.xml
----------------- Instantiating /home/travis/build/icyphy/ptII/ptolemy/domains/sdf/test/auto/Objects.xml
3 ms. Memory: 872960K Free: 662594K (76%)
----------------- Invoking toplevel() on ptolemy.moml.MoMLSimpleApplication@5c4ef3ca
----------------- Done invoking toplevel() on ptolemy.moml.MoMLSimpleApplication@5c4ef3ca
reloadAllAccessors: .Objects

===========================================================================================
----------------- testing Thu Mar 28 21:39:10 UTC 2019 /home/travis/build/icyphy/ptII/ptolemy/domains/sdf/test/auto/OrthogonalCom.xml
----------------- Instantiating /home/travis/build/icyphy/ptII/ptolemy/domains/sdf/test/auto/OrthogonalCom.xml
5 ms. Memory: 872960K Free: 646906K (74%)
----------------- Invoking toplevel() on ptolemy.moml.MoMLSimpleApplication@876c9eb
----------------- Done invoking toplevel() on ptolemy.moml.MoMLSimpleApplication@876c9eb
reloadAllAccessors: .OrthogonalCom

===========================================================================================
----------------- testing Thu Mar 28 21:39:10 UTC 2019 /home/travis/build/icyphy/ptII/ptolemy/domains/sdf/test/auto/RijndaelEncryption.xml
----------------- Instantiating /home/travis/build/icyphy/ptII/ptolemy/domains/sdf/test/auto/RijndaelEncryption.xml
253 ms. Memory: 872960K Free: 489901K (56%)
----------------- Invoking toplevel() on ptolemy.moml.MoMLSimpleApplication@386228eb
----------------- Done invoking toplevel() on ptolemy.moml.MoMLSimpleApplication@386228eb
reloadAllAccessors: .RijndaelEncryption

===========================================================================================
----------------- testing Thu Mar 28 21:39:10 UTC 2019 /home/travis/build/icyphy/ptII/ptolemy/domains/sdf/test/auto/SDFEmptyIterations.xml
----------------- Instantiating /home/travis/build/icyphy/ptII/ptolemy/domains/sdf/test/auto/SDFEmptyIterations.xml
4 ms. Memory: 872960K Free: 474213K (54%)
----------------- Invoking toplevel() on ptolemy.moml.MoMLSimpleApplication@2a20bdd0
----------------- Done invoking toplevel() on ptolemy.moml.MoMLSimpleApplication@2a20bdd0
reloadAllAccessors: .SDFEmptyIterations

===========================================================================================
----------------- testing Thu Mar 28 21:39:10 UTC 2019 /home/travis/build/icyphy/ptII/ptolemy/domains/sdf/test/auto/Spectrum.xml
----------------- Instantiating /home/travis/build/icyphy/ptII/ptolemy/domains/sdf/test/auto/Spectrum.xml
34 ms. Memory: 872960K Free: 447751K (51%)
----------------- Invoking toplevel() on ptolemy.moml.MoMLSimpleApplication@27c92466
----------------- Done invoking toplevel() on ptolemy.moml.MoMLSimpleApplication@27c92466
reloadAllAccessors: .Spectrum

===========================================================================================
----------------- testing Thu Mar 28 21:39:10 UTC 2019 /home/travis/build/icyphy/ptII/ptolemy/domains/sdf/test/auto/de_inside_sdf.xml
----------------- Instantiating /home/travis/build/icyphy/ptII/ptolemy/domains/sdf/test/auto/de_inside_sdf.xml
7 ms. Memory: 872960K Free: 432063K (49%)
----------------- Invoking toplevel() on ptolemy.moml.MoMLSimpleApplication@4b188840
----------------- Done invoking toplevel() on ptolemy.moml.MoMLSimpleApplication@4b188840
reloadAllAccessors: .de_inside_sdf

===========================================================================================
----------------- testing Thu Mar 28 21:39:10 UTC 2019 /home/travis/build/icyphy/ptII/ptolemy/domains/sdf/test/auto/disconnectedHierarchicalSDF.xml
----------------- Instantiating /home/travis/build/icyphy/ptII/ptolemy/domains/sdf/test/auto/disconnectedHierarchicalSDF.xml
3 ms. Memory: 872960K Free: 416375K (48%)
----------------- Invoking toplevel() on ptolemy.moml.MoMLSimpleApplication@2b1d76c5
----------------- Done invoking toplevel() on ptolemy.moml.MoMLSimpleApplication@2b1d76c5
reloadAllAccessors: .disconnectedHierarchicalSDF

===========================================================================================
----------------- testing Thu Mar 28 21:39:10 UTC 2019 /home/travis/build/icyphy/ptII/ptolemy/domains/sdf/test/auto/disconnectedSDF.xml
----------------- Instantiating /home/travis/build/icyphy/ptII/ptolemy/domains/sdf/test/auto/disconnectedSDF.xml
3 ms. Memory: 872960K Free: 400688K (46%)
----------------- Invoking toplevel() on ptolemy.moml.MoMLSimpleApplication@1bba021b
----------------- Done invoking toplevel() on ptolemy.moml.MoMLSimpleApplication@1bba021b
reloadAllAccessors: .disconnectedSDF

===========================================================================================
----------------- testing Thu Mar 28 21:39:10 UTC 2019 /home/travis/build/icyphy/ptII/ptolemy/domains/sdf/test/auto/emptyRefinement.xml
----------------- Instantiating /home/travis/build/icyphy/ptII/ptolemy/domains/sdf/test/auto/emptyRefinement.xml
3 ms. Memory: 872960K Free: 385000K (44%)
----------------- Invoking toplevel() on ptolemy.moml.MoMLSimpleApplication@2b19de6b
----------------- Done invoking toplevel() on ptolemy.moml.MoMLSimpleApplication@2b19de6b
reloadAllAccessors: .emptyRefinement

===========================================================================================
----------------- testing Thu Mar 28 21:39:10 UTC 2019 /home/travis/build/icyphy/ptII/ptolemy/domains/sdf/test/auto/filePortParameter.xml
----------------- Instantiating /home/travis/build/icyphy/ptII/ptolemy/domains/sdf/test/auto/filePortParameter.xml
14 ms. Memory: 872960K Free: 369312K (42%)
----------------- Invoking toplevel() on ptolemy.moml.MoMLSimpleApplication@1e456b74
----------------- Done invoking toplevel() on ptolemy.moml.MoMLSimpleApplication@1e456b74
reloadAllAccessors: .filePortParameter

===========================================================================================
----------------- testing Thu Mar 28 21:39:10 UTC 2019 /home/travis/build/icyphy/ptII/ptolemy/domains/sdf/test/auto/inferRelationWidth1.xml
----------------- Instantiating /home/travis/build/icyphy/ptII/ptolemy/domains/sdf/test/auto/inferRelationWidth1.xml
2 ms. Memory: 872960K Free: 353625K (41%)
----------------- Invoking toplevel() on ptolemy.moml.MoMLSimpleApplication@4da4c524
----------------- Done invoking toplevel() on ptolemy.moml.MoMLSimpleApplication@4da4c524
reloadAllAccessors: .inferRelationWidth1

===========================================================================================
----------------- testing Thu Mar 28 21:39:10 UTC 2019 /home/travis/build/icyphy/ptII/ptolemy/domains/sdf/test/auto/initProductionInference.xml
----------------- Instantiating /home/travis/build/icyphy/ptII/ptolemy/domains/sdf/test/auto/initProductionInference.xml
8 ms. Memory: 872960K Free: 337937K (39%)
----------------- Invoking toplevel() on ptolemy.moml.MoMLSimpleApplication@693ac34d
----------------- Done invoking toplevel() on ptolemy.moml.MoMLSimpleApplication@693ac34d
reloadAllAccessors: .initProductionInference

===========================================================================================
----------------- testing Thu Mar 28 21:39:10 UTC 2019 /home/travis/build/icyphy/ptII/ptolemy/domains/sdf/test/auto/relationGroup.xml
----------------- Instantiating /home/travis/build/icyphy/ptII/ptolemy/domains/sdf/test/auto/relationGroup.xml
2 ms. Memory: 872960K Free: 319327K (37%)
----------------- Invoking toplevel() on ptolemy.moml.MoMLSimpleApplication@72839841
----------------- Done invoking toplevel() on ptolemy.moml.MoMLSimpleApplication@72839841
reloadAllAccessors: .relationGroup

===========================================================================================
----------------- testing Thu Mar 28 21:39:10 UTC 2019 /home/travis/build/icyphy/ptII/ptolemy/domains/sdf/test/auto/relationGroup10.xml
----------------- Instantiating /home/travis/build/icyphy/ptII/ptolemy/domains/sdf/test/auto/relationGroup10.xml
3 ms. Memory: 872960K Free: 303639K (35%)
----------------- Invoking toplevel() on ptolemy.moml.MoMLSimpleApplication@1c3a1f87
----------------- Done invoking toplevel() on ptolemy.moml.MoMLSimpleApplication@1c3a1f87
reloadAllAccessors: .relationGroup10

===========================================================================================
----------------- testing Thu Mar 28 21:39:10 UTC 2019 /home/travis/build/icyphy/ptII/ptolemy/domains/sdf/test/auto/relationGroup11.xml
----------------- Instantiating /home/travis/build/icyphy/ptII/ptolemy/domains/sdf/test/auto/relationGroup11.xml
1 ms. Memory: 872960K Free: 287952K (33%)
----------------- Invoking toplevel() on ptolemy.moml.MoMLSimpleApplication@620370c3
----------------- Done invoking toplevel() on ptolemy.moml.MoMLSimpleApplication@620370c3
reloadAllAccessors: .relationGroup11

===========================================================================================
----------------- testing Thu Mar 28 21:39:10 UTC 2019 /home/travis/build/icyphy/ptII/ptolemy/domains/sdf/test/auto/relationGroup12.xml
----------------- Instantiating /home/travis/build/icyphy/ptII/ptolemy/domains/sdf/test/auto/relationGroup12.xml
3 ms. Memory: 872960K Free: 272264K (31%)
----------------- Invoking toplevel() on ptolemy.moml.MoMLSimpleApplication@70806f0
----------------- Done invoking toplevel() on ptolemy.moml.MoMLSimpleApplication@70806f0
reloadAllAccessors: .relationGroup12

===========================================================================================
----------------- testing Thu Mar 28 21:39:10 UTC 2019 /home/travis/build/icyphy/ptII/ptolemy/domains/sdf/test/auto/relationGroup13.xml
----------------- Instantiating /home/travis/build/icyphy/ptII/ptolemy/domains/sdf/test/auto/relationGroup13.xml
7 ms. Memory: 872960K Free: 256576K (29%)
----------------- Invoking toplevel() on ptolemy.moml.MoMLSimpleApplication@52562a36
----------------- Done invoking toplevel() on ptolemy.moml.MoMLSimpleApplication@52562a36
reloadAllAccessors: .relationGroup13

===========================================================================================
----------------- testing Thu Mar 28 21:39:10 UTC 2019 /home/travis/build/icyphy/ptII/ptolemy/domains/sdf/test/auto/relationGroup14.xml
----------------- Instantiating /home/travis/build/icyphy/ptII/ptolemy/domains/sdf/test/auto/relationGroup14.xml
4 ms. Memory: 872960K Free: 240889K (28%)
----------------- Invoking toplevel() on ptolemy.moml.MoMLSimpleApplication@5e948042
----------------- Done invoking toplevel() on ptolemy.moml.MoMLSimpleApplication@5e948042
reloadAllAccessors: .relationGroup14

===========================================================================================
----------------- testing Thu Mar 28 21:39:10 UTC 2019 /home/travis/build/icyphy/ptII/ptolemy/domains/sdf/test/auto/relationGroup15.xml
----------------- Instantiating /home/travis/build/icyphy/ptII/ptolemy/domains/sdf/test/auto/relationGroup15.xml
2 ms. Memory: 872960K Free: 225201K (26%)
----------------- Invoking toplevel() on ptolemy.moml.MoMLSimpleApplication@23c5ce07
----------------- Done invoking toplevel() on ptolemy.moml.MoMLSimpleApplication@23c5ce07
reloadAllAccessors: .relationGroup15

===========================================================================================
----------------- testing Thu Mar 28 21:39:10 UTC 2019 /home/travis/build/icyphy/ptII/ptolemy/domains/sdf/test/auto/relationGroup2.xml
----------------- Instantiating /home/travis/build/icyphy/ptII/ptolemy/domains/sdf/test/auto/relationGroup2.xml
2 ms. Memory: 872960K Free: 209513K (24%)
----------------- Invoking toplevel() on ptolemy.moml.MoMLSimpleApplication@b530be2
----------------- Done invoking toplevel() on ptolemy.moml.MoMLSimpleApplication@b530be2
reloadAllAccessors: .relationGroup2

===========================================================================================
----------------- testing Thu Mar 28 21:39:11 UTC 2019 /home/travis/build/icyphy/ptII/ptolemy/domains/sdf/test/auto/relationGroup3.xml
----------------- Instantiating /home/travis/build/icyphy/ptII/ptolemy/domains/sdf/test/auto/relationGroup3.xml
1 ms. Memory: 872960K Free: 193825K (22%)
----------------- Invoking toplevel() on ptolemy.moml.MoMLSimpleApplication@2e5e0cfc
----------------- Done invoking toplevel() on ptolemy.moml.MoMLSimpleApplication@2e5e0cfc
reloadAllAccessors: .relationGroup3

===========================================================================================
----------------- testing Thu Mar 28 21:39:11 UTC 2019 /home/travis/build/icyphy/ptII/ptolemy/domains/sdf/test/auto/relationGroup4.xml
----------------- Instantiating /home/travis/build/icyphy/ptII/ptolemy/domains/sdf/test/auto/relationGroup4.xml
6 ms. Memory: 872960K Free: 175215K (20%)
----------------- Invoking toplevel() on ptolemy.moml.MoMLSimpleApplication@246cd5e2
----------------- Done invoking toplevel() on ptolemy.moml.MoMLSimpleApplication@246cd5e2
reloadAllAccessors: .relationGroup4

===========================================================================================
----------------- testing Thu Mar 28 21:39:11 UTC 2019 /home/travis/build/icyphy/ptII/ptolemy/domains/sdf/test/auto/relationGroup5.xml
----------------- Instantiating /home/travis/build/icyphy/ptII/ptolemy/domains/sdf/test/auto/relationGroup5.xml
4 ms. Memory: 872960K Free: 159528K (18%)
----------------- Invoking toplevel() on ptolemy.moml.MoMLSimpleApplication@4c0dcaa9
----------------- Done invoking toplevel() on ptolemy.moml.MoMLSimpleApplication@4c0dcaa9
reloadAllAccessors: .relationGroup5

===========================================================================================
----------------- testing Thu Mar 28 21:39:11 UTC 2019 /home/travis/build/icyphy/ptII/ptolemy/domains/sdf/test/auto/relationGroup6.xml
----------------- Instantiating /home/travis/build/icyphy/ptII/ptolemy/domains/sdf/test/auto/relationGroup6.xml
3 ms. Memory: 872960K Free: 143840K (16%)
----------------- Invoking toplevel() on ptolemy.moml.MoMLSimpleApplication@6dd8933d
----------------- Done invoking toplevel() on ptolemy.moml.MoMLSimpleApplication@6dd8933d
reloadAllAccessors: .relationGroup6

===========================================================================================
----------------- testing Thu Mar 28 21:39:11 UTC 2019 /home/travis/build/icyphy/ptII/ptolemy/domains/sdf/test/auto/relationGroup7.xml
----------------- Instantiating /home/travis/build/icyphy/ptII/ptolemy/domains/sdf/test/auto/relationGroup7.xml
2 ms. Memory: 872960K Free: 128152K (15%)
----------------- Invoking toplevel() on ptolemy.moml.MoMLSimpleApplication@23be9a02
----------------- Done invoking toplevel() on ptolemy.moml.MoMLSimpleApplication@23be9a02
reloadAllAccessors: .relationGroup7

===========================================================================================
----------------- testing Thu Mar 28 21:39:11 UTC 2019 /home/travis/build/icyphy/ptII/ptolemy/domains/sdf/test/auto/relationGroup8.xml
----------------- Instantiating /home/travis/build/icyphy/ptII/ptolemy/domains/sdf/test/auto/relationGroup8.xml
4 ms. Memory: 872960K Free: 112465K (13%)
----------------- Invoking toplevel() on ptolemy.moml.MoMLSimpleApplication@3d708127
----------------- Done invoking toplevel() on ptolemy.moml.MoMLSimpleApplication@3d708127
reloadAllAccessors: .relationGroup8

===========================================================================================
----------------- testing Thu Mar 28 21:39:11 UTC 2019 /home/travis/build/icyphy/ptII/ptolemy/domains/sdf/test/auto/relationGroup9.xml
----------------- Instantiating /home/travis/build/icyphy/ptII/ptolemy/domains/sdf/test/auto/relationGroup9.xml
6 ms. Memory: 872960K Free: 96777K (11%)
----------------- Invoking toplevel() on ptolemy.moml.MoMLSimpleApplication@67209bd3
----------------- Done invoking toplevel() on ptolemy.moml.MoMLSimpleApplication@67209bd3
reloadAllAccessors: .relationGroup9

===========================================================================================
----------------- testing Thu Mar 28 21:39:11 UTC 2019 /home/travis/build/icyphy/ptII/ptolemy/domains/sdf/test/auto/sdf_inside_de.xml
----------------- Instantiating /home/travis/build/icyphy/ptII/ptolemy/domains/sdf/test/auto/sdf_inside_de.xml
16 ms. Memory: 872960K Free: 81089K (9%)
----------------- Invoking toplevel() on ptolemy.moml.MoMLSimpleApplication@403ccec8
----------------- Done invoking toplevel() on ptolemy.moml.MoMLSimpleApplication@403ccec8
reloadAllAccessors: .sdf_inside_de

===========================================================================================
----------------- testing Thu Mar 28 21:39:11 UTC 2019 /home/travis/build/icyphy/ptII/ptolemy/domains/sdf/test/auto/sdf_inside_pn.xml
----------------- Instantiating /home/travis/build/icyphy/ptII/ptolemy/domains/sdf/test/auto/sdf_inside_pn.xml
28 ms. Memory: 828928K Free: 783296K (94%)
----------------- Invoking toplevel() on ptolemy.moml.MoMLSimpleApplication@3aa313dd
----------------- Done invoking toplevel() on ptolemy.moml.MoMLSimpleApplication@3aa313dd
reloadAllAccessors: .sdf_inside_pn

===========================================================================================
----------------- testing Thu Mar 28 21:39:11 UTC 2019 /home/travis/build/icyphy/ptII/ptolemy/domains/sdf/test/auto/sdf_sdf1.xml
----------------- Instantiating /home/travis/build/icyphy/ptII/ptolemy/domains/sdf/test/auto/sdf_sdf1.xml
3 ms. Memory: 828928K Free: 771456K (93%)
----------------- Invoking toplevel() on ptolemy.moml.MoMLSimpleApplication@44a12d07
----------------- Done invoking toplevel() on ptolemy.moml.MoMLSimpleApplication@44a12d07
reloadAllAccessors: .sdf_sdf1

===========================================================================================
----------------- testing Thu Mar 28 21:39:11 UTC 2019 /home/travis/build/icyphy/ptII/ptolemy/domains/sdf/test/auto/test1.xml
----------------- Instantiating /home/travis/build/icyphy/ptII/ptolemy/domains/sdf/test/auto/test1.xml
3 ms. Memory: 828928K Free: 761496K (92%)
----------------- Invoking toplevel() on ptolemy.moml.MoMLSimpleApplication@50abe9b7
----------------- Done invoking toplevel() on ptolemy.moml.MoMLSimpleApplication@50abe9b7
reloadAllAccessors: .test1

===========================================================================================
----------------- testing Thu Mar 28 21:39:11 UTC 2019 /home/travis/build/icyphy/ptII/ptolemy/domains/sdf/test/auto/time1.xml
----------------- Instantiating /home/travis/build/icyphy/ptII/ptolemy/domains/sdf/test/auto/time1.xml
1 ms. Memory: 828928K Free: 751536K (91%)
----------------- Invoking toplevel() on ptolemy.moml.MoMLSimpleApplication@3c060aab
----------------- Done invoking toplevel() on ptolemy.moml.MoMLSimpleApplication@3c060aab
reloadAllAccessors: .time1

===========================================================================================
----------------- testing Thu Mar 28 21:39:11 UTC 2019 /home/travis/build/icyphy/ptII/ptolemy/domains/sdf/test/auto/time2.xml
----------------- Instantiating /home/travis/build/icyphy/ptII/ptolemy/domains/sdf/test/auto/time2.xml
2 ms. Memory: 828928K Free: 741576K (89%)
----------------- Invoking toplevel() on ptolemy.moml.MoMLSimpleApplication@1425be8d
----------------- Done invoking toplevel() on ptolemy.moml.MoMLSimpleApplication@1425be8d
reloadAllAccessors: .time2

===========================================================================================
----------------- testing Thu Mar 28 21:39:11 UTC 2019 /home/travis/build/icyphy/ptII/ptolemy/domains/sdf/test/auto/time3.xml
----------------- Instantiating /home/travis/build/icyphy/ptII/ptolemy/domains/sdf/test/auto/time3.xml
8 ms. Memory: 828928K Free: 731616K (88%)
----------------- Invoking toplevel() on ptolemy.moml.MoMLSimpleApplication@66e56776
----------------- Done invoking toplevel() on ptolemy.moml.MoMLSimpleApplication@66e56776
reloadAllAccessors: .time3

===========================================================================================
----------------- testing Thu Mar 28 21:39:11 UTC 2019 /home/travis/build/icyphy/ptII/ptolemy/domains/sdf/test/auto/time4.xml
----------------- Instantiating /home/travis/build/icyphy/ptII/ptolemy/domains/sdf/test/auto/time4.xml
5 ms. Memory: 828928K Free: 719776K (87%)
----------------- Invoking toplevel() on ptolemy.moml.MoMLSimpleApplication@597235d4
----------------- Done invoking toplevel() on ptolemy.moml.MoMLSimpleApplication@597235d4
reloadAllAccessors: .time4

===========================================================================================
----------------- testing Thu Mar 28 21:39:11 UTC 2019 /home/travis/build/icyphy/ptII/ptolemy/domains/sdf/test/auto/time5.xml
----------------- Instantiating /home/travis/build/icyphy/ptII/ptolemy/domains/sdf/test/auto/time5.xml
4003 ms. Memory: 828928K Free: 709815K (86%)
----------------- Invoking toplevel() on ptolemy.moml.MoMLSimpleApplication@24d6aa30
----------------- Done invoking toplevel() on ptolemy.moml.MoMLSimpleApplication@24d6aa30
reloadAllAccessors: .time5

===========================================================================================
----------------- testing Thu Mar 28 21:39:15 UTC 2019 /home/travis/build/icyphy/ptII/ptolemy/domains/sdf/test/auto/typeSystem_Const_Integer_smallest_Type.xml
----------------- Instantiating /home/travis/build/icyphy/ptII/ptolemy/domains/sdf/test/auto/typeSystem_Const_Integer_smallest_Type.xml
9 ms. Memory: 828928K Free: 699855K (84%)
----------------- Invoking toplevel() on ptolemy.moml.MoMLSimpleApplication@514466e4
----------------- Done invoking toplevel() on ptolemy.moml.MoMLSimpleApplication@514466e4
reloadAllAccessors: .typeSystem_Const_Integer_smallest_Type

===========================================================================================
----------------- testing Thu Mar 28 21:39:15 UTC 2019 /home/travis/build/icyphy/ptII/ptolemy/domains/sdf/test/auto/typeSystem_declared_Inports_OutportTypeException.xml
----------------- Instantiating /home/travis/build/icyphy/ptII/ptolemy/domains/sdf/test/auto/typeSystem_declared_Inports_OutportTypeException.xml
.typeSystem_declared_Inports_OutportTypeException.TestExceptionAttribute: initialize() was not invoked, but wrapup() was.  This is unusual, but not always a problem.  For example, exporting JNLP will do this.
2 ms. Memory: 828928K Free: 689895K (83%)
----------------- Invoking toplevel() on ptolemy.moml.MoMLSimpleApplication@5f1b61af
----------------- Done invoking toplevel() on ptolemy.moml.MoMLSimpleApplication@5f1b61af
reloadAllAccessors: .typeSystem_declared_Inports_OutportTypeException

===========================================================================================
----------------- testing Thu Mar 28 21:39:15 UTC 2019 /home/travis/build/icyphy/ptII/ptolemy/domains/sdf/test/auto/typeSystem_oneDeclaredInportType_wrongTypeOutport.xml
----------------- Instantiating /home/travis/build/icyphy/ptII/ptolemy/domains/sdf/test/auto/typeSystem_oneDeclaredInportType_wrongTypeOutport.xml
3 ms. Memory: 828928K Free: 679935K (82%)
----------------- Invoking toplevel() on ptolemy.moml.MoMLSimpleApplication@78b07476
----------------- Done invoking toplevel() on ptolemy.moml.MoMLSimpleApplication@78b07476
reloadAllAccessors: .typeSystem_oneDeclaredInportType_wrongTypeOutport

===========================================================================================
----------------- testing Thu Mar 28 21:39:15 UTC 2019 /home/travis/build/icyphy/ptII/ptolemy/domains/sdf/test/auto/width.xml
----------------- Instantiating /home/travis/build/icyphy/ptII/ptolemy/domains/sdf/test/auto/width.xml
1 ms. Memory: 828928K Free: 668095K (81%)
----------------- Invoking toplevel() on ptolemy.moml.MoMLSimpleApplication@16840f17
----------------- Done invoking toplevel() on ptolemy.moml.MoMLSimpleApplication@16840f17
reloadAllAccessors: .width

===========================================================================================
----------------- testing Thu Mar 28 21:39:15 UTC 2019 /home/travis/build/icyphy/ptII/ptolemy/domains/sdf/test/auto/width2.xml
----------------- Instantiating /home/travis/build/icyphy/ptII/ptolemy/domains/sdf/test/auto/width2.xml
26 ms. Memory: 828928K Free: 658135K (79%)
----------------- Invoking toplevel() on ptolemy.moml.MoMLSimpleApplication@202e4b72
----------------- Done invoking toplevel() on ptolemy.moml.MoMLSimpleApplication@202e4b72
reloadAllAccessors: .width2

===========================================================================================
----------------- testing Thu Mar 28 21:39:15 UTC 2019 /home/travis/build/icyphy/ptII/ptolemy/domains/sdf/test/auto/width3.xml
----------------- Instantiating /home/travis/build/icyphy/ptII/ptolemy/domains/sdf/test/auto/width3.xml
27 ms. Memory: 828928K Free: 648175K (78%)
----------------- Invoking toplevel() on ptolemy.moml.MoMLSimpleApplication@7d3b6b3a
----------------- Done invoking toplevel() on ptolemy.moml.MoMLSimpleApplication@7d3b6b3a
reloadAllAccessors: .width3
AutoTests.java: About to close Vertx.
AutoTests.java: Vertx closed.
]]></system-out>
  <system-err><![CDATA[java.lang.RuntimeException: Execution failed
	at ptolemy.moml.MoMLSimpleApplication$UnloadThread.run(MoMLSimpleApplication.java:402)
Caused by: ptolemy.actor.sched.NotSchedulableException: No solution exists for the balance equations.
Graph is not consistent under the SDF domain detected on external port .rateConsistency.actor.port2
  in .rateConsistency.SDF Director.Scheduler
	at ptolemy.domains.sdf.kernel.SDFScheduler._propagatePort(SDFScheduler.java:1425)
	at ptolemy.domains.sdf.kernel.SDFScheduler._solveBalanceEquations(SDFScheduler.java:710)
	at ptolemy.domains.sdf.kernel.SDFScheduler._getSchedule(SDFScheduler.java:566)
	at ptolemy.actor.sched.Scheduler.getSchedule(Scheduler.java:189)
	at ptolemy.domains.sdf.kernel.SDFDirector.createSchedule(SDFDirector.java:408)
	at ptolemy.domains.sdf.kernel.SDFDirector.preinitialize(SDFDirector.java:764)
	at ptolemy.actor.CompositeActor.preinitialize(CompositeActor.java:1828)
	at ptolemy.actor.Manager.preinitializeAndResolveTypes(Manager.java:1040)
	at ptolemy.actor.Manager.initialize(Manager.java:710)
	at ptolemy.actor.Manager.execute(Manager.java:356)
	at ptolemy.actor.Manager.run(Manager.java:1263)
	at ptolemy.actor.Manager$PtolemyRunThread.run(Manager.java:1915)
java.lang.RuntimeException: Execution failed
	at ptolemy.moml.MoMLSimpleApplication$UnloadThread.run(MoMLSimpleApplication.java:402)
Caused by: ptolemy.kernel.util.IllegalActionException: Failed to compute schedule:
  in .badRateChanges.typed composite actor.SDF Director
Because:
The SDF rate parameter may change. This is not allowed in SDF models that will be run through the code generator.  If you don't care about code generation, then you might consider setting the allowRateChanges parameter of the SDF director to false.
  in .badRateChanges.typed composite actor.Repeat.output.tokenProductionRate
	at ptolemy.domains.sdf.kernel.SDFDirector.createSchedule(SDFDirector.java:418)
	at ptolemy.domains.sdf.kernel.SDFDirector.preinitialize(SDFDirector.java:764)
	at ptolemy.actor.CompositeActor.preinitialize(CompositeActor.java:1828)
	at ptolemy.actor.Director.preinitialize(Director.java:1302)
	at ptolemy.actor.Director.preinitialize(Director.java:1257)
	at ptolemy.domains.sdf.kernel.SDFDirector.preinitialize(SDFDirector.java:763)
	at ptolemy.actor.CompositeActor.preinitialize(CompositeActor.java:1828)
	at ptolemy.actor.Manager.preinitializeAndResolveTypes(Manager.java:1040)
	at ptolemy.actor.Manager.initialize(Manager.java:710)
	at ptolemy.actor.Manager.execute(Manager.java:356)
	at ptolemy.actor.Manager.run(Manager.java:1263)
	at ptolemy.actor.Manager$PtolemyRunThread.run(Manager.java:1915)
Caused by: ptolemy.kernel.util.IllegalActionException: The SDF rate parameter may change. This is not allowed in SDF models that will be run through the code generator.  If you don't care about code generation, then you might consider setting the allowRateChanges parameter of the SDF director to false.
  in .badRateChanges.typed composite actor.Repeat.output.tokenProductionRate
	at ptolemy.domains.sdf.kernel.SDFScheduler._assertDynamicRateVariable(SDFScheduler.java:931)
	at ptolemy.domains.sdf.kernel.SDFScheduler._checkDynamicRateVariables(SDFScheduler.java:339)
	at ptolemy.domains.sdf.kernel.SDFScheduler._getSchedule(SDFScheduler.java:527)
	at ptolemy.actor.sched.Scheduler.getSchedule(Scheduler.java:189)
	at ptolemy.domains.sdf.kernel.SDFDirector.createSchedule(SDFDirector.java:408)
	... 11 more
java.lang.RuntimeException: Execution failed
	at ptolemy.moml.MoMLSimpleApplication$UnloadThread.run(MoMLSimpleApplication.java:402)
Caused by: ptolemy.kernel.util.IllegalActionException: Failed to compute schedule:
  in .badRateChanges2.typed composite actor.SDF Director
Because:
The SDF rate parameter may change. This is not allowed in SDF models that will be run through the code generator.  If you don't care about code generation, then you might consider setting the allowRateChanges parameter of the SDF director to false.
  in .badRateChanges2.typed composite actor.Repeat.output.tokenProductionRate
	at ptolemy.domains.sdf.kernel.SDFDirector.createSchedule(SDFDirector.java:418)
	at ptolemy.domains.sdf.kernel.SDFDirector.preinitialize(SDFDirector.java:764)
	at ptolemy.actor.CompositeActor.preinitialize(CompositeActor.java:1828)
	at ptolemy.actor.Director.preinitialize(Director.java:1302)
	at ptolemy.actor.Director.preinitialize(Director.java:1257)
	at ptolemy.domains.sdf.kernel.SDFDirector.preinitialize(SDFDirector.java:763)
	at ptolemy.actor.CompositeActor.preinitialize(CompositeActor.java:1828)
	at ptolemy.actor.Manager.preinitializeAndResolveTypes(Manager.java:1040)
	at ptolemy.actor.Manager.initialize(Manager.java:710)
	at ptolemy.actor.Manager.execute(Manager.java:356)
	at ptolemy.actor.Manager.run(Manager.java:1263)
	at ptolemy.actor.Manager$PtolemyRunThread.run(Manager.java:1915)
Caused by: ptolemy.kernel.util.IllegalActionException: The SDF rate parameter may change. This is not allowed in SDF models that will be run through the code generator.  If you don't care about code generation, then you might consider setting the allowRateChanges parameter of the SDF director to false.
  in .badRateChanges2.typed composite actor.Repeat.output.tokenProductionRate
	at ptolemy.domains.sdf.kernel.SDFScheduler._assertDynamicRateVariable(SDFScheduler.java:931)
	at ptolemy.domains.sdf.kernel.SDFScheduler._checkDynamicRateVariables(SDFScheduler.java:339)
	at ptolemy.domains.sdf.kernel.SDFScheduler._getSchedule(SDFScheduler.java:527)
	at ptolemy.actor.sched.Scheduler.getSchedule(Scheduler.java:189)
	at ptolemy.domains.sdf.kernel.SDFDirector.createSchedule(SDFDirector.java:408)
	... 11 more
java.lang.RuntimeException: Execution failed
	at ptolemy.moml.MoMLSimpleApplication$UnloadThread.run(MoMLSimpleApplication.java:402)
Caused by: ptolemy.actor.sched.NotSchedulableException: Actors remain that cannot be scheduled!

There are several possible reasons:
* SDF Graphs with feedback loops should have an actor with a delay in the loop, such as a SampleDelay.
* The SDF director has an "allowDisconnectedGraphs"parameter, which, when true, permits disconnected SDF graphs.
* The token consumption rate and production rates might be mismatched.
Usually, actors produce one token or consume one token on a port.  To produce or consume multiple tokens per firing, add a "tokenConsumptionRate" or "tokenProductionRate" parameter to the appropriate port.
Unscheduled actors:
.partiallyConnected.Const2 
Scheduled actors:
.partiallyConnected.Const 
  in .partiallyConnected.SDF Director.Scheduler
	at ptolemy.domains.sdf.kernel.SDFScheduler._scheduleConnectedActors(SDFScheduler.java:1828)
	at ptolemy.domains.sdf.kernel.SDFScheduler._getSchedule(SDFScheduler.java:587)
	at ptolemy.actor.sched.Scheduler.getSchedule(Scheduler.java:189)
	at ptolemy.domains.sdf.kernel.SDFDirector.createSchedule(SDFDirector.java:408)
	at ptolemy.domains.sdf.kernel.SDFDirector.preinitialize(SDFDirector.java:764)
	at ptolemy.actor.CompositeActor.preinitialize(CompositeActor.java:1828)
	at ptolemy.actor.Manager.preinitializeAndResolveTypes(Manager.java:1040)
	at ptolemy.actor.Manager.initialize(Manager.java:710)
	at ptolemy.actor.Manager.execute(Manager.java:356)
	at ptolemy.actor.Manager.run(Manager.java:1263)
	at ptolemy.actor.Manager$PtolemyRunThread.run(Manager.java:1915)
]]></system-err>
</testsuite>
