<?xml version="1.0" encoding="UTF-8" ?>
<testsuite errors="0" failures="0" hostname="travis-job-d1dda442-bc43-4ec0-a25d-935a659b9833" name="ptolemy.domains.continuous.test.junit.JUnitTclTest" skipped="0" tests="155" time="69.104" timestamp="2018-06-07T15:12:53">
  <properties>
[...]
</properties>
  <testcase classname="ptolemy.util.test.junit.TclTests" name="[0] ThereAreNoTclTests (RunTclFile)" time="0.001" />
  <testcase classname="ptolemy.util.test.junit.AutoKnownFailedTests" name="[0] ThereAreNoKnowFailedTests (RunModel)" time="0.001" />
  <testcase classname="ptolemy.util.test.junit.AutoNameArchTests" name="[0] ThereAreNoAutoArchTests (RunModel)" time="0.003" />
  <testcase classname="ptolemy.util.test.junit.AutoTests" name="[0] /home/travis/build/icyphy/ptII/ptolemy/domains/continuous/test/auto/BouncingBall.xml (RunModel)" time="2.73" />
  <testcase classname="ptolemy.util.test.junit.AutoTests" name="[1] /home/travis/build/icyphy/ptII/ptolemy/domains/continuous/test/auto/BouncingBallWithoutGR.xml (RunModel)" time="0.868" />
  <testcase classname="ptolemy.util.test.junit.AutoTests" name="[2] /home/travis/build/icyphy/ptII/ptolemy/domains/continuous/test/auto/Brownian.xml (RunModel)" time="0.12" />
  <testcase classname="ptolemy.util.test.junit.AutoTests" name="[3] /home/travis/build/icyphy/ptII/ptolemy/domains/continuous/test/auto/CarTracking.xml (RunModel)" time="3.509" />
  <testcase classname="ptolemy.util.test.junit.AutoTests" name="[4] /home/travis/build/icyphy/ptII/ptolemy/domains/continuous/test/auto/CartPendulum.xml (RunModel)" time="0.525" />
  <testcase classname="ptolemy.util.test.junit.AutoTests" name="[5] /home/travis/build/icyphy/ptII/ptolemy/domains/continuous/test/auto/CausalityInterface10.xml (RunModel)" time="0.068" />
  <testcase classname="ptolemy.util.test.junit.AutoTests" name="[6] /home/travis/build/icyphy/ptII/ptolemy/domains/continuous/test/auto/CausalityInterface11.xml (RunModel)" time="0.04" />
  <testcase classname="ptolemy.util.test.junit.AutoTests" name="[7] /home/travis/build/icyphy/ptII/ptolemy/domains/continuous/test/auto/CausalityInterface12.xml (RunModel)" time="0.037" />
  <testcase classname="ptolemy.util.test.junit.AutoTests" name="[8] /home/travis/build/icyphy/ptII/ptolemy/domains/continuous/test/auto/CausalityInterface13.xml (RunModel)" time="0.036" />
  <testcase classname="ptolemy.util.test.junit.AutoTests" name="[9] /home/travis/build/icyphy/ptII/ptolemy/domains/continuous/test/auto/CausalityInterface14.xml (RunModel)" time="0.029" />
  <testcase classname="ptolemy.util.test.junit.AutoTests" name="[10] /home/travis/build/icyphy/ptII/ptolemy/domains/continuous/test/auto/CausalityInterface4.xml (RunModel)" time="0.028" />
  <testcase classname="ptolemy.util.test.junit.AutoTests" name="[11] /home/travis/build/icyphy/ptII/ptolemy/domains/continuous/test/auto/CausalityInterface5.xml (RunModel)" time="0.037" />
  <testcase classname="ptolemy.util.test.junit.AutoTests" name="[12] /home/travis/build/icyphy/ptII/ptolemy/domains/continuous/test/auto/CausalityInterface6.xml (RunModel)" time="0.023" />
  <testcase classname="ptolemy.util.test.junit.AutoTests" name="[13] /home/travis/build/icyphy/ptII/ptolemy/domains/continuous/test/auto/CausalityInterface7.xml (RunModel)" time="0.049" />
  <testcase classname="ptolemy.util.test.junit.AutoTests" name="[14] /home/travis/build/icyphy/ptII/ptolemy/domains/continuous/test/auto/CausalityInterface8.xml (RunModel)" time="0.042" />
  <testcase classname="ptolemy.util.test.junit.AutoTests" name="[15] /home/travis/build/icyphy/ptII/ptolemy/domains/continuous/test/auto/CausalityInterface9.xml (RunModel)" time="0.036" />
  <testcase classname="ptolemy.util.test.junit.AutoTests" name="[16] /home/travis/build/icyphy/ptII/ptolemy/domains/continuous/test/auto/CausalityInterfaceFeedback1.xml (RunModel)" time="0.031" />
  <testcase classname="ptolemy.util.test.junit.AutoTests" name="[17] /home/travis/build/icyphy/ptII/ptolemy/domains/continuous/test/auto/CausalityInterfaceFeedback2.xml (RunModel)" time="0.038" />
  <testcase classname="ptolemy.util.test.junit.AutoTests" name="[18] /home/travis/build/icyphy/ptII/ptolemy/domains/continuous/test/auto/CompareWithCurrentTime.xml (RunModel)" time="0.029" />
  <testcase classname="ptolemy.util.test.junit.AutoTests" name="[19] /home/travis/build/icyphy/ptII/ptolemy/domains/continuous/test/auto/ComparedClocks.xml (RunModel)" time="0.074" />
  <testcase classname="ptolemy.util.test.junit.AutoTests" name="[20] /home/travis/build/icyphy/ptII/ptolemy/domains/continuous/test/auto/ContinuousAOCClone.xml (RunModel)" time="2.534" />
  <testcase classname="ptolemy.util.test.junit.AutoTests" name="[21] /home/travis/build/icyphy/ptII/ptolemy/domains/continuous/test/auto/ContinuousClock.xml (RunModel)" time="0.091" />
  <testcase classname="ptolemy.util.test.junit.AutoTests" name="[22] /home/travis/build/icyphy/ptII/ptolemy/domains/continuous/test/auto/ContinuousInContinuous.xml (RunModel)" time="0.09" />
  <testcase classname="ptolemy.util.test.junit.AutoTests" name="[23] /home/travis/build/icyphy/ptII/ptolemy/domains/continuous/test/auto/ContinuousInContinuousInContinuous.xml (RunModel)" time="0.037" />
  <testcase classname="ptolemy.util.test.junit.AutoTests" name="[24] /home/travis/build/icyphy/ptII/ptolemy/domains/continuous/test/auto/ContinuousInDE.xml (RunModel)" time="0.138" />
  <testcase classname="ptolemy.util.test.junit.AutoTests" name="[25] /home/travis/build/icyphy/ptII/ptolemy/domains/continuous/test/auto/ContinuousInDE2.xml (RunModel)" time="0.059" />
  <testcase classname="ptolemy.util.test.junit.AutoTests" name="[26] /home/travis/build/icyphy/ptII/ptolemy/domains/continuous/test/auto/ContinuousInDE3.xml (RunModel)" time="0.05" />
  <testcase classname="ptolemy.util.test.junit.AutoTests" name="[27] /home/travis/build/icyphy/ptII/ptolemy/domains/continuous/test/auto/ContinuousInDE4.xml (RunModel)" time="0.028" />
  <testcase classname="ptolemy.util.test.junit.AutoTests" name="[28] /home/travis/build/icyphy/ptII/ptolemy/domains/continuous/test/auto/ContinuousInDEDifferentRefinements.xml (RunModel)" time="0.116" />
  <testcase classname="ptolemy.util.test.junit.AutoTests" name="[29] /home/travis/build/icyphy/ptII/ptolemy/domains/continuous/test/auto/ContinuousInDEDifferentRefinementsPreemptive.xml (RunModel)" time="0.092" />
  <testcase classname="ptolemy.util.test.junit.AutoTests" name="[30] /home/travis/build/icyphy/ptII/ptolemy/domains/continuous/test/auto/ContinuousInDEInContinuous2.xml (RunModel)" time="0.064" />
  <testcase classname="ptolemy.util.test.junit.AutoTests" name="[31] /home/travis/build/icyphy/ptII/ptolemy/domains/continuous/test/auto/ContinuousInDEInContinuous3.xml (RunModel)" time="0.075" />
  <testcase classname="ptolemy.util.test.junit.AutoTests" name="[32] /home/travis/build/icyphy/ptII/ptolemy/domains/continuous/test/auto/ContinuousInDEInput.xml (RunModel)" time="0.029" />
  <testcase classname="ptolemy.util.test.junit.AutoTests" name="[33] /home/travis/build/icyphy/ptII/ptolemy/domains/continuous/test/auto/ContinuousInDEInput2.xml (RunModel)" time="0.034" />
  <testcase classname="ptolemy.util.test.junit.AutoTests" name="[34] /home/travis/build/icyphy/ptII/ptolemy/domains/continuous/test/auto/ContinuousInDEInput3.xml (RunModel)" time="0.032" />
  <testcase classname="ptolemy.util.test.junit.AutoTests" name="[35] /home/travis/build/icyphy/ptII/ptolemy/domains/continuous/test/auto/ContinuousInDESharingRefinement.xml (RunModel)" time="0.17" />
  <testcase classname="ptolemy.util.test.junit.AutoTests" name="[36] /home/travis/build/icyphy/ptII/ptolemy/domains/continuous/test/auto/ContinuousInDEwithNoPorts.xml (RunModel)" time="0.022" />
  <testcase classname="ptolemy.util.test.junit.AutoTests" name="[37] /home/travis/build/icyphy/ptII/ptolemy/domains/continuous/test/auto/ContinuousInsideDE.xml (RunModel)" time="0.08" />
  <testcase classname="ptolemy.util.test.junit.AutoTests" name="[38] /home/travis/build/icyphy/ptII/ptolemy/domains/continuous/test/auto/ContinuousMerge1.xml (RunModel)" time="0.016" />
  <testcase classname="ptolemy.util.test.junit.AutoTests" name="[39] /home/travis/build/icyphy/ptII/ptolemy/domains/continuous/test/auto/ContinuousMerge2.xml (RunModel)" time="0.052" />
  <testcase classname="ptolemy.util.test.junit.AutoTests" name="[40] /home/travis/build/icyphy/ptII/ptolemy/domains/continuous/test/auto/ContinuousMerge3.xml (RunModel)" time="0.066" />
  <testcase classname="ptolemy.util.test.junit.AutoTests" name="[41] /home/travis/build/icyphy/ptII/ptolemy/domains/continuous/test/auto/ContinuousWithinContinuous.xml (RunModel)" time="0.058" />
  <testcase classname="ptolemy.util.test.junit.AutoTests" name="[42] /home/travis/build/icyphy/ptII/ptolemy/domains/continuous/test/auto/ContinuousWithinContinuous2.xml (RunModel)" time="0.077" />
  <testcase classname="ptolemy.util.test.junit.AutoTests" name="[43] /home/travis/build/icyphy/ptII/ptolemy/domains/continuous/test/auto/ContinuousWithinContinuous3.xml (RunModel)" time="0.035" />
  <testcase classname="ptolemy.util.test.junit.AutoTests" name="[44] /home/travis/build/icyphy/ptII/ptolemy/domains/continuous/test/auto/ContinuousWithinContinuous4.xml (RunModel)" time="0.073" />
  <testcase classname="ptolemy.util.test.junit.AutoTests" name="[45] /home/travis/build/icyphy/ptII/ptolemy/domains/continuous/test/auto/ContinuousWithinContinuous5.xml (RunModel)" time="0.03" />
  <testcase classname="ptolemy.util.test.junit.AutoTests" name="[46] /home/travis/build/icyphy/ptII/ptolemy/domains/continuous/test/auto/ContinuousWithinContinuous6.xml (RunModel)" time="0.028" />
  <testcase classname="ptolemy.util.test.junit.AutoTests" name="[47] /home/travis/build/icyphy/ptII/ptolemy/domains/continuous/test/auto/ContinuousWithinContinuous7.xml (RunModel)" time="0.063" />
  <testcase classname="ptolemy.util.test.junit.AutoTests" name="[48] /home/travis/build/icyphy/ptII/ptolemy/domains/continuous/test/auto/DCMotor.xml (RunModel)" time="11.98" />
  <testcase classname="ptolemy.util.test.junit.AutoTests" name="[49] /home/travis/build/icyphy/ptII/ptolemy/domains/continuous/test/auto/DEInContinuous.xml (RunModel)" time="0.034" />
  <testcase classname="ptolemy.util.test.junit.AutoTests" name="[50] /home/travis/build/icyphy/ptII/ptolemy/domains/continuous/test/auto/DEinContinuous2.xml (RunModel)" time="0.029" />
  <testcase classname="ptolemy.util.test.junit.AutoTests" name="[51] /home/travis/build/icyphy/ptII/ptolemy/domains/continuous/test/auto/Derivative.xml (RunModel)" time="0.186" />
  <testcase classname="ptolemy.util.test.junit.AutoTests" name="[52] /home/travis/build/icyphy/ptII/ptolemy/domains/continuous/test/auto/Derivative1.xml (RunModel)" time="0.042" />
  <testcase classname="ptolemy.util.test.junit.AutoTests" name="[53] /home/travis/build/icyphy/ptII/ptolemy/domains/continuous/test/auto/DiscreteClock.xml (RunModel)" time="0.025" />
  <testcase classname="ptolemy.util.test.junit.AutoTests" name="[54] /home/travis/build/icyphy/ptII/ptolemy/domains/continuous/test/auto/EfficiencyCurve.xml (RunModel)" time="0.122" />
  <testcase classname="ptolemy.util.test.junit.AutoTests" name="[55] /home/travis/build/icyphy/ptII/ptolemy/domains/continuous/test/auto/ExponentialResponse.xml (RunModel)" time="0.124" />
  <testcase classname="ptolemy.util.test.junit.AutoTests" name="[56] /home/travis/build/icyphy/ptII/ptolemy/domains/continuous/test/auto/ExponentialResponseRK45.xml (RunModel)" time="0.033" />
  <testcase classname="ptolemy.util.test.junit.AutoTests" name="[57] /home/travis/build/icyphy/ptII/ptolemy/domains/continuous/test/auto/Friction.xml (RunModel)" time="1.361" />
  <testcase classname="ptolemy.util.test.junit.AutoTests" name="[58] /home/travis/build/icyphy/ptII/ptolemy/domains/continuous/test/auto/FurutaPendulum.xml (RunModel)" time="3.446" />
  <testcase classname="ptolemy.util.test.junit.AutoTests" name="[59] /home/travis/build/icyphy/ptII/ptolemy/domains/continuous/test/auto/HierarchicalExecution.xml (RunModel)" time="2.145" />
  <testcase classname="ptolemy.util.test.junit.AutoTests" name="[60] /home/travis/build/icyphy/ptII/ptolemy/domains/continuous/test/auto/HybridPlant.xml (RunModel)" time="0.522" />
  <testcase classname="ptolemy.util.test.junit.AutoTests" name="[61] /home/travis/build/icyphy/ptII/ptolemy/domains/continuous/test/auto/Hysteresis.xml (RunModel)" time="0.169" />
  <testcase classname="ptolemy.util.test.junit.AutoTests" name="[62] /home/travis/build/icyphy/ptII/ptolemy/domains/continuous/test/auto/HysteresisWithRandomDelay.xml (RunModel)" time="0.213" />
  <testcase classname="ptolemy.util.test.junit.AutoTests" name="[63] /home/travis/build/icyphy/ptII/ptolemy/domains/continuous/test/auto/HysteresisWithRandomLosses.xml (RunModel)" time="2.226" />
  <testcase classname="ptolemy.util.test.junit.AutoTests" name="[64] /home/travis/build/icyphy/ptII/ptolemy/domains/continuous/test/auto/ImmediateTransitions.xml (RunModel)" time="0.026" />
  <testcase classname="ptolemy.util.test.junit.AutoTests" name="[65] /home/travis/build/icyphy/ptII/ptolemy/domains/continuous/test/auto/ImpulseFeedback.xml (RunModel)" time="0.024" />
  <testcase classname="ptolemy.util.test.junit.AutoTests" name="[66] /home/travis/build/icyphy/ptII/ptolemy/domains/continuous/test/auto/ImpulseFeedback2.xml (RunModel)" time="0.018" />
  <testcase classname="ptolemy.util.test.junit.AutoTests" name="[67] /home/travis/build/icyphy/ptII/ptolemy/domains/continuous/test/auto/IncreasingRatePoisson.xml (RunModel)" time="0.646" />
  <testcase classname="ptolemy.util.test.junit.AutoTests" name="[68] /home/travis/build/icyphy/ptII/ptolemy/domains/continuous/test/auto/InitialStateFeedback.xml (RunModel)" time="0.019" />
  <testcase classname="ptolemy.util.test.junit.AutoTests" name="[69] /home/travis/build/icyphy/ptII/ptolemy/domains/continuous/test/auto/Integration.xml (RunModel)" time="0.009" />
  <testcase classname="ptolemy.util.test.junit.AutoTests" name="[70] /home/travis/build/icyphy/ptII/ptolemy/domains/continuous/test/auto/Integration2.xml (RunModel)" time="0.091" />
  <testcase classname="ptolemy.util.test.junit.AutoTests" name="[71] /home/travis/build/icyphy/ptII/ptolemy/domains/continuous/test/auto/Integration3.xml (RunModel)" time="0.017" />
  <testcase classname="ptolemy.util.test.junit.AutoTests" name="[72] /home/travis/build/icyphy/ptII/ptolemy/domains/continuous/test/auto/Integration5.xml (RunModel)" time="0.021" />
  <testcase classname="ptolemy.util.test.junit.AutoTests" name="[73] /home/travis/build/icyphy/ptII/ptolemy/domains/continuous/test/auto/IntegratorImpulse.xml (RunModel)" time="0.012" />
  <testcase classname="ptolemy.util.test.junit.AutoTests" name="[74] /home/travis/build/icyphy/ptII/ptolemy/domains/continuous/test/auto/IntegratorImpulse2.xml (RunModel)" time="0.012" />
  <testcase classname="ptolemy.util.test.junit.AutoTests" name="[75] /home/travis/build/icyphy/ptII/ptolemy/domains/continuous/test/auto/LevelCrossing1.xml (RunModel)" time="0.011" />
  <testcase classname="ptolemy.util.test.junit.AutoTests" name="[76] /home/travis/build/icyphy/ptII/ptolemy/domains/continuous/test/auto/LevelCrossing2.xml (RunModel)" time="0.016" />
  <testcase classname="ptolemy.util.test.junit.AutoTests" name="[77] /home/travis/build/icyphy/ptII/ptolemy/domains/continuous/test/auto/LevelCrossing3.xml (RunModel)" time="0.039" />
  <testcase classname="ptolemy.util.test.junit.AutoTests" name="[78] /home/travis/build/icyphy/ptII/ptolemy/domains/continuous/test/auto/LevelCrossing4.xml (RunModel)" time="0.014" />
  <testcase classname="ptolemy.util.test.junit.AutoTests" name="[79] /home/travis/build/icyphy/ptII/ptolemy/domains/continuous/test/auto/LevelCrossing5.xml (RunModel)" time="0.018" />
  <testcase classname="ptolemy.util.test.junit.AutoTests" name="[80] /home/travis/build/icyphy/ptII/ptolemy/domains/continuous/test/auto/LevelCrossing6.xml (RunModel)" time="0.016" />
  <testcase classname="ptolemy.util.test.junit.AutoTests" name="[81] /home/travis/build/icyphy/ptII/ptolemy/domains/continuous/test/auto/LevelCrossingDetector.xml (RunModel)" time="0.067" />
  <testcase classname="ptolemy.util.test.junit.AutoTests" name="[82] /home/travis/build/icyphy/ptII/ptolemy/domains/continuous/test/auto/LevelCrossingDetectorDetectingDirections.xml (RunModel)" time="0.085" />
  <testcase classname="ptolemy.util.test.junit.AutoTests" name="[83] /home/travis/build/icyphy/ptII/ptolemy/domains/continuous/test/auto/LevelCrossingDetectorDetectsGlitches.xml (RunModel)" time="0.069" />
  <testcase classname="ptolemy.util.test.junit.AutoTests" name="[84] /home/travis/build/icyphy/ptII/ptolemy/domains/continuous/test/auto/LevelCrossingNoInitialOuput.xml (RunModel)" time="0.013" />
  <testcase classname="ptolemy.util.test.junit.AutoTests" name="[85] /home/travis/build/icyphy/ptII/ptolemy/domains/continuous/test/auto/LinearStateSpaceExample.xml (RunModel)" time="0.039" />
  <testcase classname="ptolemy.util.test.junit.AutoTests" name="[86] /home/travis/build/icyphy/ptII/ptolemy/domains/continuous/test/auto/Lorenz.xml (RunModel)" time="3.929" />
  <testcase classname="ptolemy.util.test.junit.AutoTests" name="[87] /home/travis/build/icyphy/ptII/ptolemy/domains/continuous/test/auto/LorenzDifferentialSystem.xml (RunModel)" time="1.213" />
  <testcase classname="ptolemy.util.test.junit.AutoTests" name="[88] /home/travis/build/icyphy/ptII/ptolemy/domains/continuous/test/auto/LorenzDifferentialSystemWithInput.xml (RunModel)" time="1.369" />
  <testcase classname="ptolemy.util.test.junit.AutoTests" name="[89] /home/travis/build/icyphy/ptII/ptolemy/domains/continuous/test/auto/LorenzDifferentialSystemWithTime.xml (RunModel)" time="0.714" />
  <testcase classname="ptolemy.util.test.junit.AutoTests" name="[90] /home/travis/build/icyphy/ptII/ptolemy/domains/continuous/test/auto/Microsteps.xml (RunModel)" time="0.034" />
  <testcase classname="ptolemy.util.test.junit.AutoTests" name="[91] /home/travis/build/icyphy/ptII/ptolemy/domains/continuous/test/auto/Modal1.xml (RunModel)" time="0.044" />
  <testcase classname="ptolemy.util.test.junit.AutoTests" name="[92] /home/travis/build/icyphy/ptII/ptolemy/domains/continuous/test/auto/Modal2.xml (RunModel)" time="0.045" />
  <testcase classname="ptolemy.util.test.junit.AutoTests" name="[93] /home/travis/build/icyphy/ptII/ptolemy/domains/continuous/test/auto/ModalTransitionGuardWithReset.xml (RunModel)" time="0.038" />
  <testcase classname="ptolemy.util.test.junit.AutoTests" name="[94] /home/travis/build/icyphy/ptII/ptolemy/domains/continuous/test/auto/ModalTransitionGuardWithResetUsingPreemptiveTransition.xml (RunModel)" time="0.027" />
  <testcase classname="ptolemy.util.test.junit.AutoTests" name="[95] /home/travis/build/icyphy/ptII/ptolemy/domains/continuous/test/auto/ModalTransitionGuardWithResetUsingPreemptiveTransition2.xml (RunModel)" time="0.039" />
  <testcase classname="ptolemy.util.test.junit.AutoTests" name="[96] /home/travis/build/icyphy/ptII/ptolemy/domains/continuous/test/auto/ModalTransitionGuardWithResetUsingPreemptiveTransition3.xml (RunModel)" time="0.028" />
  <testcase classname="ptolemy.util.test.junit.AutoTests" name="[97] /home/travis/build/icyphy/ptII/ptolemy/domains/continuous/test/auto/NewtonsCradle.xml (RunModel)" time="0.736" />
  <testcase classname="ptolemy.util.test.junit.AutoTests" name="[98] /home/travis/build/icyphy/ptII/ptolemy/domains/continuous/test/auto/NewtonsCradleAnimated.xml (RunModel)" time="1.089" />
  <testcase classname="ptolemy.util.test.junit.AutoTests" name="[99] /home/travis/build/icyphy/ptII/ptolemy/domains/continuous/test/auto/NewtonsCradleComplicated.xml (RunModel)" time="0.855" />
  <testcase classname="ptolemy.util.test.junit.AutoTests" name="[100] /home/travis/build/icyphy/ptII/ptolemy/domains/continuous/test/auto/NewtonsCradleNondeterministic.xml (RunModel)" time="0.644" />
  <testcase classname="ptolemy.util.test.junit.AutoTests" name="[101] /home/travis/build/icyphy/ptII/ptolemy/domains/continuous/test/auto/NewtonsCradlePerfectlyInelastic1.xml (RunModel)" time="1.181" />
  <testcase classname="ptolemy.util.test.junit.AutoTests" name="[102] /home/travis/build/icyphy/ptII/ptolemy/domains/continuous/test/auto/Noise.xml (RunModel)" time="0.163" />
  <testcase classname="ptolemy.util.test.junit.AutoTests" name="[103] /home/travis/build/icyphy/ptII/ptolemy/domains/continuous/test/auto/NoiseSpectrum.xml (RunModel)" time="0.787" />
  <testcase classname="ptolemy.util.test.junit.AutoTests" name="[104] /home/travis/build/icyphy/ptII/ptolemy/domains/continuous/test/auto/ParameterizedNewtonsCradleAnimated.xml (RunModel)" time="0.373" />
  <testcase classname="ptolemy.util.test.junit.AutoTests" name="[105] /home/travis/build/icyphy/ptII/ptolemy/domains/continuous/test/auto/ParameterizedNewtonsCradleAnimatedNondeterministic.xml (RunModel)" time="1.107" />
  <testcase classname="ptolemy.util.test.junit.AutoTests" name="[106] /home/travis/build/icyphy/ptII/ptolemy/domains/continuous/test/auto/Pendulum3D.xml (RunModel)" time="0.167" />
  <testcase classname="ptolemy.util.test.junit.AutoTests" name="[107] /home/travis/build/icyphy/ptII/ptolemy/domains/continuous/test/auto/PeriodicSampler.xml (RunModel)" time="0.013" />
  <testcase classname="ptolemy.util.test.junit.AutoTests" name="[108] /home/travis/build/icyphy/ptII/ptolemy/domains/continuous/test/auto/PeriodicSampler1.xml (RunModel)" time="0.054" />
  <testcase classname="ptolemy.util.test.junit.AutoTests" name="[109] /home/travis/build/icyphy/ptII/ptolemy/domains/continuous/test/auto/PeriodicSampler2.xml (RunModel)" time="0.075" />
  <testcase classname="ptolemy.util.test.junit.AutoTests" name="[110] /home/travis/build/icyphy/ptII/ptolemy/domains/continuous/test/auto/Poisson.xml (RunModel)" time="0.451" />
  <testcase classname="ptolemy.util.test.junit.AutoTests" name="[111] /home/travis/build/icyphy/ptII/ptolemy/domains/continuous/test/auto/PoissonClock.xml (RunModel)" time="0.01" />
  <testcase classname="ptolemy.util.test.junit.AutoTests" name="[112] /home/travis/build/icyphy/ptII/ptolemy/domains/continuous/test/auto/PoissonClock2.xml (RunModel)" time="0.011" />
  <testcase classname="ptolemy.util.test.junit.AutoTests" name="[113] /home/travis/build/icyphy/ptII/ptolemy/domains/continuous/test/auto/PortParameterHierarchy.xml (RunModel)" time="0.018" />
  <testcase classname="ptolemy.util.test.junit.AutoTests" name="[114] /home/travis/build/icyphy/ptII/ptolemy/domains/continuous/test/auto/RandomHybridPlant.xml (RunModel)" time="0.514" />
  <testcase classname="ptolemy.util.test.junit.AutoTests" name="[115] /home/travis/build/icyphy/ptII/ptolemy/domains/continuous/test/auto/ResetTransitionWithStartTime1.xml (RunModel)" time="0.032" />
  <testcase classname="ptolemy.util.test.junit.AutoTests" name="[116] /home/travis/build/icyphy/ptII/ptolemy/domains/continuous/test/auto/ResetTransitionWithStartTime2.xml (RunModel)" time="0.033" />
  <testcase classname="ptolemy.util.test.junit.AutoTests" name="[117] /home/travis/build/icyphy/ptII/ptolemy/domains/continuous/test/auto/ResetTransitionWithStartTime3.xml (RunModel)" time="0.034" />
  <testcase classname="ptolemy.util.test.junit.AutoTests" name="[118] /home/travis/build/icyphy/ptII/ptolemy/domains/continuous/test/auto/ResetTransitionWithStartTime4.xml (RunModel)" time="0.022" />
  <testcase classname="ptolemy.util.test.junit.AutoTests" name="[119] /home/travis/build/icyphy/ptII/ptolemy/domains/continuous/test/auto/ResetTransitionWithStartTime5.xml (RunModel)" time="0.033" />
  <testcase classname="ptolemy.util.test.junit.AutoTests" name="[120] /home/travis/build/icyphy/ptII/ptolemy/domains/continuous/test/auto/ResetTransitionWithStartTime6.xml (RunModel)" time="0.028" />
  <testcase classname="ptolemy.util.test.junit.AutoTests" name="[121] /home/travis/build/icyphy/ptII/ptolemy/domains/continuous/test/auto/SRinContinuous.xml (RunModel)" time="0.024" />
  <testcase classname="ptolemy.util.test.junit.AutoTests" name="[122] /home/travis/build/icyphy/ptII/ptolemy/domains/continuous/test/auto/SampledClocks.xml (RunModel)" time="0.022" />
  <testcase classname="ptolemy.util.test.junit.AutoTests" name="[123] /home/travis/build/icyphy/ptII/ptolemy/domains/continuous/test/auto/Satellite.xml (RunModel)" time="0.754" />
  <testcase classname="ptolemy.util.test.junit.AutoTests" name="[124] /home/travis/build/icyphy/ptII/ptolemy/domains/continuous/test/auto/SigmaDelta.xml (RunModel)" time="2.259" />
  <testcase classname="ptolemy.util.test.junit.AutoTests" name="[125] /home/travis/build/icyphy/ptII/ptolemy/domains/continuous/test/auto/SinuBouncingBall.xml (RunModel)" time="0.795" />
  <testcase classname="ptolemy.util.test.junit.AutoTests" name="[126] /home/travis/build/icyphy/ptII/ptolemy/domains/continuous/test/auto/Sinusoid.xml (RunModel)" time="0.014" />
  <testcase classname="ptolemy.util.test.junit.AutoTests" name="[127] /home/travis/build/icyphy/ptII/ptolemy/domains/continuous/test/auto/SinusoidInNoise.xml (RunModel)" time="0.911" />
  <testcase classname="ptolemy.util.test.junit.AutoTests" name="[128] /home/travis/build/icyphy/ptII/ptolemy/domains/continuous/test/auto/SinusoidRK45.xml (RunModel)" time="0.009" />
  <testcase classname="ptolemy.util.test.junit.AutoTests" name="[129] /home/travis/build/icyphy/ptII/ptolemy/domains/continuous/test/auto/SinusoidWithMultipleImpulses.xml (RunModel)" time="0.013" />
  <testcase classname="ptolemy.util.test.junit.AutoTests" name="[130] /home/travis/build/icyphy/ptII/ptolemy/domains/continuous/test/auto/SquareWave.xml (RunModel)" time="0.187" />
  <testcase classname="ptolemy.util.test.junit.AutoTests" name="[131] /home/travis/build/icyphy/ptII/ptolemy/domains/continuous/test/auto/Starmac.xml (RunModel)" time="3.352" />
  <testcase classname="ptolemy.util.test.junit.AutoTests" name="[132] /home/travis/build/icyphy/ptII/ptolemy/domains/continuous/test/auto/StaticUnits.xml (RunModel)" time="2.365" />
  <testcase classname="ptolemy.util.test.junit.AutoTests" name="[133] /home/travis/build/icyphy/ptII/ptolemy/domains/continuous/test/auto/StickyMasses.xml (RunModel)" time="0.18" />
  <testcase classname="ptolemy.util.test.junit.AutoTests" name="[134] /home/travis/build/icyphy/ptII/ptolemy/domains/continuous/test/auto/StopTime.xml (RunModel)" time="0.055" />
  <testcase classname="ptolemy.util.test.junit.AutoTests" name="[135] /home/travis/build/icyphy/ptII/ptolemy/domains/continuous/test/auto/StopTime2.xml (RunModel)" time="0.076" />
  <testcase classname="ptolemy.util.test.junit.AutoTests" name="[136] /home/travis/build/icyphy/ptII/ptolemy/domains/continuous/test/auto/Switch.xml (RunModel)" time="0.065" />
  <testcase classname="ptolemy.util.test.junit.AutoTests" name="[137] /home/travis/build/icyphy/ptII/ptolemy/domains/continuous/test/auto/Thermostat.xml (RunModel)" time="0.19" />
  <testcase classname="ptolemy.util.test.junit.AutoTests" name="[138] /home/travis/build/icyphy/ptII/ptolemy/domains/continuous/test/auto/TimeDelay.xml (RunModel)" time="0.019" />
  <testcase classname="ptolemy.util.test.junit.AutoTests" name="[139] /home/travis/build/icyphy/ptII/ptolemy/domains/continuous/test/auto/TimeDelay2.xml (RunModel)" time="0.02" />
  <testcase classname="ptolemy.util.test.junit.AutoTests" name="[140] /home/travis/build/icyphy/ptII/ptolemy/domains/continuous/test/auto/TimeDelay3.xml (RunModel)" time="0.014" />
  <testcase classname="ptolemy.util.test.junit.AutoTests" name="[141] /home/travis/build/icyphy/ptII/ptolemy/domains/continuous/test/auto/TransferAbsentToInside.xml (RunModel)" time="0.176" />
  <testcase classname="ptolemy.util.test.junit.AutoTests" name="[142] /home/travis/build/icyphy/ptII/ptolemy/domains/continuous/test/auto/Transmission.xml (RunModel)" time="0.784" />
  <testcase classname="ptolemy.util.test.junit.AutoTests" name="[143] /home/travis/build/icyphy/ptII/ptolemy/domains/continuous/test/auto/TriggeredContinuousClock.xml (RunModel)" time="0.074" />
  <testcase classname="ptolemy.util.test.junit.AutoTests" name="[144] /home/travis/build/icyphy/ptII/ptolemy/domains/continuous/test/auto/TwoMachineInfiniteBusControl.xml (RunModel)" time="2.557" />
  <testcase classname="ptolemy.util.test.junit.AutoTests" name="[145] /home/travis/build/icyphy/ptII/ptolemy/domains/continuous/test/auto/V2V.xml (RunModel)" time="0.631" />
  <testcase classname="ptolemy.util.test.junit.AutoTests" name="[146] /home/travis/build/icyphy/ptII/ptolemy/domains/continuous/test/auto/hierarchicalModalModel.xml (RunModel)" time="0.044" />
  <testcase classname="ptolemy.util.test.junit.AutoTests" name="[147] /home/travis/build/icyphy/ptII/ptolemy/domains/continuous/test/auto/hierarchicalModalModel1.xml (RunModel)" time="0.031" />
  <testcase classname="ptolemy.util.test.junit.AutoTests" name="[148] /home/travis/build/icyphy/ptII/ptolemy/domains/continuous/test/auto/hierarchicalModalModel2.xml (RunModel)" time="0.028" />
  <testcase classname="ptolemy.util.test.junit.AutoTests" name="[149] /home/travis/build/icyphy/ptII/ptolemy/domains/continuous/test/auto/hierarchicalModalModel3.xml (RunModel)" time="0.022" />
  <testcase classname="ptolemy.util.test.junit.AutoTests" name="[150] /home/travis/build/icyphy/ptII/ptolemy/domains/continuous/test/auto/hierarchicalModalModel4.xml (RunModel)" time="0.029" />
  <testcase classname="ptolemy.util.test.junit.AutoTests" name="[151] /home/travis/build/icyphy/ptII/ptolemy/domains/continuous/test/auto/junk.xml (RunModel)" time="0.144" />
  <system-out><![CDATA[No tcl tests in /home/travis/build/icyphy/ptII/ptolemy/domains/continuous/test
No auto/knownFailedTests/*.xml tests in /home/travis/build/icyphy/ptII/ptolemy/domains/continuous/test
No auto/linux-amd64/*.xml tests in /home/travis/build/icyphy/ptII/ptolemy/domains/continuous/test
AutoTests.java: About to close Vertx.
AutoTests.java: Vertx closed.

===========================================================================================
----------------- testing Thu Jun 07 15:12:53 UTC 2018 /home/travis/build/icyphy/ptII/ptolemy/domains/continuous/test/auto/BouncingBall.xml
----------------- Instantiating /home/travis/build/icyphy/ptII/ptolemy/domains/continuous/test/auto/BouncingBall.xml
2253 ms. Memory: 331776K Free: 254901K (77%)
----------------- Invoking toplevel() on ptolemy.moml.MoMLSimpleApplication@1cc4a36f
----------------- Done invoking toplevel() on ptolemy.moml.MoMLSimpleApplication@1cc4a36f
reloadAllAccessors: .BouncingBall

===========================================================================================
----------------- testing Thu Jun 07 15:12:56 UTC 2018 /home/travis/build/icyphy/ptII/ptolemy/domains/continuous/test/auto/BouncingBallWithoutGR.xml
----------------- Instantiating /home/travis/build/icyphy/ptII/ptolemy/domains/continuous/test/auto/BouncingBallWithoutGR.xml
740 ms. Memory: 331776K Free: 304972K (92%)
----------------- Invoking toplevel() on ptolemy.moml.MoMLSimpleApplication@2701f606
----------------- Done invoking toplevel() on ptolemy.moml.MoMLSimpleApplication@2701f606
reloadAllAccessors: .BouncingBallWithoutGR

===========================================================================================
----------------- testing Thu Jun 07 15:12:57 UTC 2018 /home/travis/build/icyphy/ptII/ptolemy/domains/continuous/test/auto/Brownian.xml
----------------- Instantiating /home/travis/build/icyphy/ptII/ptolemy/domains/continuous/test/auto/Brownian.xml
39 ms. Memory: 331776K Free: 291105K (88%)
----------------- Invoking toplevel() on ptolemy.moml.MoMLSimpleApplication@2a3005c7
----------------- Done invoking toplevel() on ptolemy.moml.MoMLSimpleApplication@2a3005c7
reloadAllAccessors: .Brownian

===========================================================================================
----------------- testing Thu Jun 07 15:12:57 UTC 2018 /home/travis/build/icyphy/ptII/ptolemy/domains/continuous/test/auto/CarTracking.xml
----------------- Instantiating /home/travis/build/icyphy/ptII/ptolemy/domains/continuous/test/auto/CarTracking.xml
3089 ms. Memory: 578048K Free: 448354K (78%)
----------------- Invoking toplevel() on ptolemy.moml.MoMLSimpleApplication@1577a3b3
----------------- Done invoking toplevel() on ptolemy.moml.MoMLSimpleApplication@1577a3b3
reloadAllAccessors: .CarTracking

===========================================================================================
----------------- testing Thu Jun 07 15:13:00 UTC 2018 /home/travis/build/icyphy/ptII/ptolemy/domains/continuous/test/auto/CartPendulum.xml
----------------- Instantiating /home/travis/build/icyphy/ptII/ptolemy/domains/continuous/test/auto/CartPendulum.xml
402 ms. Memory: 578048K Free: 340488K (59%)
----------------- Invoking toplevel() on ptolemy.moml.MoMLSimpleApplication@67486c58
----------------- Done invoking toplevel() on ptolemy.moml.MoMLSimpleApplication@67486c58
reloadAllAccessors: .CartPendulum

===========================================================================================
----------------- testing Thu Jun 07 15:13:01 UTC 2018 /home/travis/build/icyphy/ptII/ptolemy/domains/continuous/test/auto/CausalityInterface10.xml
----------------- Instantiating /home/travis/build/icyphy/ptII/ptolemy/domains/continuous/test/auto/CausalityInterface10.xml
12 ms. Memory: 578048K Free: 327365K (57%)
----------------- Invoking toplevel() on ptolemy.moml.MoMLSimpleApplication@70940ee4
----------------- Done invoking toplevel() on ptolemy.moml.MoMLSimpleApplication@70940ee4
reloadAllAccessors: .CausalityInterface10

===========================================================================================
----------------- testing Thu Jun 07 15:13:01 UTC 2018 /home/travis/build/icyphy/ptII/ptolemy/domains/continuous/test/auto/CausalityInterface11.xml
----------------- Instantiating /home/travis/build/icyphy/ptII/ptolemy/domains/continuous/test/auto/CausalityInterface11.xml
7 ms. Memory: 578048K Free: 317518K (55%)
----------------- Invoking toplevel() on ptolemy.moml.MoMLSimpleApplication@3057f4df
----------------- Done invoking toplevel() on ptolemy.moml.MoMLSimpleApplication@3057f4df
reloadAllAccessors: .CausalityInterface11

===========================================================================================
----------------- testing Thu Jun 07 15:13:01 UTC 2018 /home/travis/build/icyphy/ptII/ptolemy/domains/continuous/test/auto/CausalityInterface12.xml
----------------- Instantiating /home/travis/build/icyphy/ptII/ptolemy/domains/continuous/test/auto/CausalityInterface12.xml
8 ms. Memory: 578048K Free: 307672K (53%)
----------------- Invoking toplevel() on ptolemy.moml.MoMLSimpleApplication@3c60b785
----------------- Done invoking toplevel() on ptolemy.moml.MoMLSimpleApplication@3c60b785
reloadAllAccessors: .CausalityInterface12

===========================================================================================
----------------- testing Thu Jun 07 15:13:01 UTC 2018 /home/travis/build/icyphy/ptII/ptolemy/domains/continuous/test/auto/CausalityInterface13.xml
----------------- Instantiating /home/travis/build/icyphy/ptII/ptolemy/domains/continuous/test/auto/CausalityInterface13.xml
9 ms. Memory: 578048K Free: 294734K (51%)
----------------- Invoking toplevel() on ptolemy.moml.MoMLSimpleApplication@3ef9a8e4
----------------- Done invoking toplevel() on ptolemy.moml.MoMLSimpleApplication@3ef9a8e4
reloadAllAccessors: .CausalityInterface13

===========================================================================================
----------------- testing Thu Jun 07 15:13:01 UTC 2018 /home/travis/build/icyphy/ptII/ptolemy/domains/continuous/test/auto/CausalityInterface14.xml
----------------- Instantiating /home/travis/build/icyphy/ptII/ptolemy/domains/continuous/test/auto/CausalityInterface14.xml
4 ms. Memory: 578048K Free: 284887K (49%)
----------------- Invoking toplevel() on ptolemy.moml.MoMLSimpleApplication@1cdd3551
----------------- Done invoking toplevel() on ptolemy.moml.MoMLSimpleApplication@1cdd3551
reloadAllAccessors: .CausalityInterface14

===========================================================================================
----------------- testing Thu Jun 07 15:13:01 UTC 2018 /home/travis/build/icyphy/ptII/ptolemy/domains/continuous/test/auto/CausalityInterface4.xml
----------------- Instantiating /home/travis/build/icyphy/ptII/ptolemy/domains/continuous/test/auto/CausalityInterface4.xml
3 ms. Memory: 578048K Free: 275041K (48%)
----------------- Invoking toplevel() on ptolemy.moml.MoMLSimpleApplication@18ed0e70
----------------- Done invoking toplevel() on ptolemy.moml.MoMLSimpleApplication@18ed0e70
reloadAllAccessors: .CausalityInterface4

===========================================================================================
----------------- testing Thu Jun 07 15:13:01 UTC 2018 /home/travis/build/icyphy/ptII/ptolemy/domains/continuous/test/auto/CausalityInterface5.xml
----------------- Instantiating /home/travis/build/icyphy/ptII/ptolemy/domains/continuous/test/auto/CausalityInterface5.xml
3 ms. Memory: 578048K Free: 261934K (45%)
----------------- Invoking toplevel() on ptolemy.moml.MoMLSimpleApplication@3381779a
----------------- Done invoking toplevel() on ptolemy.moml.MoMLSimpleApplication@3381779a
reloadAllAccessors: .CausalityInterface5

===========================================================================================
----------------- testing Thu Jun 07 15:13:01 UTC 2018 /home/travis/build/icyphy/ptII/ptolemy/domains/continuous/test/auto/CausalityInterface6.xml
----------------- Instantiating /home/travis/build/icyphy/ptII/ptolemy/domains/continuous/test/auto/CausalityInterface6.xml
5 ms. Memory: 578048K Free: 248979K (43%)
----------------- Invoking toplevel() on ptolemy.moml.MoMLSimpleApplication@1745fb0
----------------- Done invoking toplevel() on ptolemy.moml.MoMLSimpleApplication@1745fb0
reloadAllAccessors: .CausalityInterface6

===========================================================================================
----------------- testing Thu Jun 07 15:13:01 UTC 2018 /home/travis/build/icyphy/ptII/ptolemy/domains/continuous/test/auto/CausalityInterface7.xml
----------------- Instantiating /home/travis/build/icyphy/ptII/ptolemy/domains/continuous/test/auto/CausalityInterface7.xml
12 ms. Memory: 578048K Free: 235856K (41%)
----------------- Invoking toplevel() on ptolemy.moml.MoMLSimpleApplication@2c3d04c8
----------------- Done invoking toplevel() on ptolemy.moml.MoMLSimpleApplication@2c3d04c8
reloadAllAccessors: .CausalityInterface7

===========================================================================================
----------------- testing Thu Jun 07 15:13:01 UTC 2018 /home/travis/build/icyphy/ptII/ptolemy/domains/continuous/test/auto/CausalityInterface8.xml
----------------- Instantiating /home/travis/build/icyphy/ptII/ptolemy/domains/continuous/test/auto/CausalityInterface8.xml
7 ms. Memory: 578048K Free: 222749K (39%)
----------------- Invoking toplevel() on ptolemy.moml.MoMLSimpleApplication@edb8f9d
----------------- Done invoking toplevel() on ptolemy.moml.MoMLSimpleApplication@edb8f9d
reloadAllAccessors: .CausalityInterface8

===========================================================================================
----------------- testing Thu Jun 07 15:13:01 UTC 2018 /home/travis/build/icyphy/ptII/ptolemy/domains/continuous/test/auto/CausalityInterface9.xml
----------------- Instantiating /home/travis/build/icyphy/ptII/ptolemy/domains/continuous/test/auto/CausalityInterface9.xml
9 ms. Memory: 578048K Free: 206348K (36%)
----------------- Invoking toplevel() on ptolemy.moml.MoMLSimpleApplication@5e081ace
----------------- Done invoking toplevel() on ptolemy.moml.MoMLSimpleApplication@5e081ace
reloadAllAccessors: .CausalityInterface9

===========================================================================================
----------------- testing Thu Jun 07 15:13:01 UTC 2018 /home/travis/build/icyphy/ptII/ptolemy/domains/continuous/test/auto/CausalityInterfaceFeedback1.xml
----------------- Instantiating /home/travis/build/icyphy/ptII/ptolemy/domains/continuous/test/auto/CausalityInterfaceFeedback1.xml
5 ms. Memory: 578048K Free: 193402K (33%)
----------------- Invoking toplevel() on ptolemy.moml.MoMLSimpleApplication@1628fb94
----------------- Done invoking toplevel() on ptolemy.moml.MoMLSimpleApplication@1628fb94
reloadAllAccessors: .CausalityInterfaceFeedback1

===========================================================================================
----------------- testing Thu Jun 07 15:13:01 UTC 2018 /home/travis/build/icyphy/ptII/ptolemy/domains/continuous/test/auto/CausalityInterfaceFeedback2.xml
----------------- Instantiating /home/travis/build/icyphy/ptII/ptolemy/domains/continuous/test/auto/CausalityInterfaceFeedback2.xml
5 ms. Memory: 578048K Free: 183564K (32%)
----------------- Invoking toplevel() on ptolemy.moml.MoMLSimpleApplication@79fcf9c0
----------------- Done invoking toplevel() on ptolemy.moml.MoMLSimpleApplication@79fcf9c0
reloadAllAccessors: .CausalityInterfaceFeedback2

===========================================================================================
----------------- testing Thu Jun 07 15:13:01 UTC 2018 /home/travis/build/icyphy/ptII/ptolemy/domains/continuous/test/auto/CompareWithCurrentTime.xml
----------------- Instantiating /home/travis/build/icyphy/ptII/ptolemy/domains/continuous/test/auto/CompareWithCurrentTime.xml
5 ms. Memory: 578048K Free: 177010K (31%)
----------------- Invoking toplevel() on ptolemy.moml.MoMLSimpleApplication@467281bb
----------------- Done invoking toplevel() on ptolemy.moml.MoMLSimpleApplication@467281bb
reloadAllAccessors: .CompareWithCurrentTime

===========================================================================================
----------------- testing Thu Jun 07 15:13:01 UTC 2018 /home/travis/build/icyphy/ptII/ptolemy/domains/continuous/test/auto/ComparedClocks.xml
----------------- Instantiating /home/travis/build/icyphy/ptII/ptolemy/domains/continuous/test/auto/ComparedClocks.xml
9 ms. Memory: 578048K Free: 157333K (27%)
----------------- Invoking toplevel() on ptolemy.moml.MoMLSimpleApplication@685db9d7
----------------- Done invoking toplevel() on ptolemy.moml.MoMLSimpleApplication@685db9d7
reloadAllAccessors: .ComparedClocks

===========================================================================================
----------------- testing Thu Jun 07 15:13:01 UTC 2018 /home/travis/build/icyphy/ptII/ptolemy/domains/continuous/test/auto/ContinuousAOCClone.xml
----------------- Instantiating /home/travis/build/icyphy/ptII/ptolemy/domains/continuous/test/auto/ContinuousAOCClone.xml
2335 ms. Memory: 872448K Free: 411754K (47%)
----------------- Invoking toplevel() on ptolemy.moml.MoMLSimpleApplication@3b9bb48c
----------------- Done invoking toplevel() on ptolemy.moml.MoMLSimpleApplication@3b9bb48c
reloadAllAccessors: .ContinuousAOCClone

===========================================================================================
----------------- testing Thu Jun 07 15:13:04 UTC 2018 /home/travis/build/icyphy/ptII/ptolemy/domains/continuous/test/auto/ContinuousClock.xml
----------------- Instantiating /home/travis/build/icyphy/ptII/ptolemy/domains/continuous/test/auto/ContinuousClock.xml
25 ms. Memory: 872448K Free: 378584K (43%)
----------------- Invoking toplevel() on ptolemy.moml.MoMLSimpleApplication@192b6dc
----------------- Done invoking toplevel() on ptolemy.moml.MoMLSimpleApplication@192b6dc
reloadAllAccessors: .ContinuousClock

===========================================================================================
----------------- testing Thu Jun 07 15:13:04 UTC 2018 /home/travis/build/icyphy/ptII/ptolemy/domains/continuous/test/auto/ContinuousInContinuous.xml
----------------- Instantiating /home/travis/build/icyphy/ptII/ptolemy/domains/continuous/test/auto/ContinuousInContinuous.xml
41 ms. Memory: 872448K Free: 347116K (40%)
----------------- Invoking toplevel() on ptolemy.moml.MoMLSimpleApplication@218e4508
----------------- Done invoking toplevel() on ptolemy.moml.MoMLSimpleApplication@218e4508
reloadAllAccessors: .ContinuousInContinuous

===========================================================================================
----------------- testing Thu Jun 07 15:13:04 UTC 2018 /home/travis/build/icyphy/ptII/ptolemy/domains/continuous/test/auto/ContinuousInContinuousInContinuous.xml
----------------- Instantiating /home/travis/build/icyphy/ptII/ptolemy/domains/continuous/test/auto/ContinuousInContinuousInContinuous.xml
13 ms. Memory: 872448K Free: 331381K (38%)
----------------- Invoking toplevel() on ptolemy.moml.MoMLSimpleApplication@1194d96f
----------------- Done invoking toplevel() on ptolemy.moml.MoMLSimpleApplication@1194d96f
reloadAllAccessors: .ContinuousInContinuousInContinuous

===========================================================================================
----------------- testing Thu Jun 07 15:13:04 UTC 2018 /home/travis/build/icyphy/ptII/ptolemy/domains/continuous/test/auto/ContinuousInDE.xml
----------------- Instantiating /home/travis/build/icyphy/ptII/ptolemy/domains/continuous/test/auto/ContinuousInDE.xml
115 ms. Memory: 872448K Free: 315663K (36%)
----------------- Invoking toplevel() on ptolemy.moml.MoMLSimpleApplication@7bb67c5d
----------------- Done invoking toplevel() on ptolemy.moml.MoMLSimpleApplication@7bb67c5d
reloadAllAccessors: .ContinuousInDE

===========================================================================================
----------------- testing Thu Jun 07 15:13:04 UTC 2018 /home/travis/build/icyphy/ptII/ptolemy/domains/continuous/test/auto/ContinuousInDE2.xml
----------------- Instantiating /home/travis/build/icyphy/ptII/ptolemy/domains/continuous/test/auto/ContinuousInDE2.xml
34 ms. Memory: 872448K Free: 296575K (34%)
----------------- Invoking toplevel() on ptolemy.moml.MoMLSimpleApplication@7a3b003b
----------------- Done invoking toplevel() on ptolemy.moml.MoMLSimpleApplication@7a3b003b
reloadAllAccessors: .ContinuousInDE2

===========================================================================================
----------------- testing Thu Jun 07 15:13:04 UTC 2018 /home/travis/build/icyphy/ptII/ptolemy/domains/continuous/test/auto/ContinuousInDE3.xml
----------------- Instantiating /home/travis/build/icyphy/ptII/ptolemy/domains/continuous/test/auto/ContinuousInDE3.xml
30 ms. Memory: 872448K Free: 280856K (32%)
----------------- Invoking toplevel() on ptolemy.moml.MoMLSimpleApplication@77b1ba28
----------------- Done invoking toplevel() on ptolemy.moml.MoMLSimpleApplication@77b1ba28
reloadAllAccessors: .ContinuousInDE3

===========================================================================================
----------------- testing Thu Jun 07 15:13:04 UTC 2018 /home/travis/build/icyphy/ptII/ptolemy/domains/continuous/test/auto/ContinuousInDE4.xml
----------------- Instantiating /home/travis/build/icyphy/ptII/ptolemy/domains/continuous/test/auto/ContinuousInDE4.xml
11 ms. Memory: 872448K Free: 270377K (31%)
----------------- Invoking toplevel() on ptolemy.moml.MoMLSimpleApplication@a974b3b
----------------- Done invoking toplevel() on ptolemy.moml.MoMLSimpleApplication@a974b3b
reloadAllAccessors: .ContinuousInDE4

===========================================================================================
----------------- testing Thu Jun 07 15:13:04 UTC 2018 /home/travis/build/icyphy/ptII/ptolemy/domains/continuous/test/auto/ContinuousInDEDifferentRefinements.xml
----------------- Instantiating /home/travis/build/icyphy/ptII/ptolemy/domains/continuous/test/auto/ContinuousInDEDifferentRefinements.xml
56 ms. Memory: 872448K Free: 233637K (27%)
----------------- Invoking toplevel() on ptolemy.moml.MoMLSimpleApplication@28c6c250
----------------- Done invoking toplevel() on ptolemy.moml.MoMLSimpleApplication@28c6c250
reloadAllAccessors: .ContinuousInDEDifferentRefinements

===========================================================================================
----------------- testing Thu Jun 07 15:13:05 UTC 2018 /home/travis/build/icyphy/ptII/ptolemy/domains/continuous/test/auto/ContinuousInDEDifferentRefinementsPreemptive.xml
----------------- Instantiating /home/travis/build/icyphy/ptII/ptolemy/domains/continuous/test/auto/ContinuousInDEDifferentRefinementsPreemptive.xml
46 ms. Memory: 872448K Free: 193559K (22%)
----------------- Invoking toplevel() on ptolemy.moml.MoMLSimpleApplication@17e88ef3
----------------- Done invoking toplevel() on ptolemy.moml.MoMLSimpleApplication@17e88ef3
reloadAllAccessors: .ContinuousInDEDifferentRefinementsPreemptive

===========================================================================================
----------------- testing Thu Jun 07 15:13:05 UTC 2018 /home/travis/build/icyphy/ptII/ptolemy/domains/continuous/test/auto/ContinuousInDEInContinuous2.xml
----------------- Instantiating /home/travis/build/icyphy/ptII/ptolemy/domains/continuous/test/auto/ContinuousInDEInContinuous2.xml
38 ms. Memory: 872448K Free: 177824K (20%)
----------------- Invoking toplevel() on ptolemy.moml.MoMLSimpleApplication@7a0cde6
----------------- Done invoking toplevel() on ptolemy.moml.MoMLSimpleApplication@7a0cde6
reloadAllAccessors: .ContinuousInDEInContinuous2

===========================================================================================
----------------- testing Thu Jun 07 15:13:05 UTC 2018 /home/travis/build/icyphy/ptII/ptolemy/domains/continuous/test/auto/ContinuousInDEInContinuous3.xml
----------------- Instantiating /home/travis/build/icyphy/ptII/ptolemy/domains/continuous/test/auto/ContinuousInDEInContinuous3.xml
30 ms. Memory: 872448K Free: 156866K (18%)
----------------- Invoking toplevel() on ptolemy.moml.MoMLSimpleApplication@3f984bb0
----------------- Done invoking toplevel() on ptolemy.moml.MoMLSimpleApplication@3f984bb0
reloadAllAccessors: .ContinuousInDEInContinuous3

===========================================================================================
----------------- testing Thu Jun 07 15:13:05 UTC 2018 /home/travis/build/icyphy/ptII/ptolemy/domains/continuous/test/auto/ContinuousInDEInput.xml
----------------- Instantiating /home/travis/build/icyphy/ptII/ptolemy/domains/continuous/test/auto/ContinuousInDEInput.xml
14 ms. Memory: 872448K Free: 146387K (17%)
----------------- Invoking toplevel() on ptolemy.moml.MoMLSimpleApplication@2bbe75a1
----------------- Done invoking toplevel() on ptolemy.moml.MoMLSimpleApplication@2bbe75a1
reloadAllAccessors: .ContinuousInDEInput

===========================================================================================
----------------- testing Thu Jun 07 15:13:05 UTC 2018 /home/travis/build/icyphy/ptII/ptolemy/domains/continuous/test/auto/ContinuousInDEInput2.xml
----------------- Instantiating /home/travis/build/icyphy/ptII/ptolemy/domains/continuous/test/auto/ContinuousInDEInput2.xml
16 ms. Memory: 872448K Free: 132539K (15%)
----------------- Invoking toplevel() on ptolemy.moml.MoMLSimpleApplication@3ac15323
----------------- Done invoking toplevel() on ptolemy.moml.MoMLSimpleApplication@3ac15323
reloadAllAccessors: .ContinuousInDEInput2

===========================================================================================
----------------- testing Thu Jun 07 15:13:05 UTC 2018 /home/travis/build/icyphy/ptII/ptolemy/domains/continuous/test/auto/ContinuousInDEInput3.xml
----------------- Instantiating /home/travis/build/icyphy/ptII/ptolemy/domains/continuous/test/auto/ContinuousInDEInput3.xml
10 ms. Memory: 872448K Free: 122060K (14%)
----------------- Invoking toplevel() on ptolemy.moml.MoMLSimpleApplication@1bce8c5b
----------------- Done invoking toplevel() on ptolemy.moml.MoMLSimpleApplication@1bce8c5b
reloadAllAccessors: .ContinuousInDEInput3

===========================================================================================
----------------- testing Thu Jun 07 15:13:05 UTC 2018 /home/travis/build/icyphy/ptII/ptolemy/domains/continuous/test/auto/ContinuousInDESharingRefinement.xml
----------------- Instantiating /home/travis/build/icyphy/ptII/ptolemy/domains/continuous/test/auto/ContinuousInDESharingRefinement.xml
139 ms. Memory: 830464K Free: 766254K (92%)
----------------- Invoking toplevel() on ptolemy.moml.MoMLSimpleApplication@22cf6b24
----------------- Done invoking toplevel() on ptolemy.moml.MoMLSimpleApplication@22cf6b24
reloadAllAccessors: .ContinuousInDESharingRefinement

===========================================================================================
----------------- testing Thu Jun 07 15:13:05 UTC 2018 /home/travis/build/icyphy/ptII/ptolemy/domains/continuous/test/auto/ContinuousInDEwithNoPorts.xml
----------------- Instantiating /home/travis/build/icyphy/ptII/ptolemy/domains/continuous/test/auto/ContinuousInDEwithNoPorts.xml
4 ms. Memory: 830464K Free: 754066K (91%)
----------------- Invoking toplevel() on ptolemy.moml.MoMLSimpleApplication@66ed02f4
----------------- Done invoking toplevel() on ptolemy.moml.MoMLSimpleApplication@66ed02f4
reloadAllAccessors: .ContinuousInDEwithNoPorts

===========================================================================================
----------------- testing Thu Jun 07 15:13:05 UTC 2018 /home/travis/build/icyphy/ptII/ptolemy/domains/continuous/test/auto/ContinuousInsideDE.xml
----------------- Instantiating /home/travis/build/icyphy/ptII/ptolemy/domains/continuous/test/auto/ContinuousInsideDE.xml
41 ms. Memory: 830464K Free: 735336K (89%)
----------------- Invoking toplevel() on ptolemy.moml.MoMLSimpleApplication@505a7f1d
----------------- Done invoking toplevel() on ptolemy.moml.MoMLSimpleApplication@505a7f1d
reloadAllAccessors: .ContinuousInsideDE

===========================================================================================
----------------- testing Thu Jun 07 15:13:05 UTC 2018 /home/travis/build/icyphy/ptII/ptolemy/domains/continuous/test/auto/ContinuousMerge1.xml
----------------- Instantiating /home/travis/build/icyphy/ptII/ptolemy/domains/continuous/test/auto/ContinuousMerge1.xml
3 ms. Memory: 830464K Free: 725693K (87%)
----------------- Invoking toplevel() on ptolemy.moml.MoMLSimpleApplication@5c916c1
----------------- Done invoking toplevel() on ptolemy.moml.MoMLSimpleApplication@5c916c1
reloadAllAccessors: .ContinuousMerge1

===========================================================================================
----------------- testing Thu Jun 07 15:13:05 UTC 2018 /home/travis/build/icyphy/ptII/ptolemy/domains/continuous/test/auto/ContinuousMerge2.xml
----------------- Instantiating /home/travis/build/icyphy/ptII/ptolemy/domains/continuous/test/auto/ContinuousMerge2.xml
12 ms. Memory: 830464K Free: 710534K (86%)
----------------- Invoking toplevel() on ptolemy.moml.MoMLSimpleApplication@130712d9
----------------- Done invoking toplevel() on ptolemy.moml.MoMLSimpleApplication@130712d9
reloadAllAccessors: .ContinuousMerge2

===========================================================================================
----------------- testing Thu Jun 07 15:13:05 UTC 2018 /home/travis/build/icyphy/ptII/ptolemy/domains/continuous/test/auto/ContinuousMerge3.xml
----------------- Instantiating /home/travis/build/icyphy/ptII/ptolemy/domains/continuous/test/auto/ContinuousMerge3.xml
39 ms. Memory: 830464K Free: 695547K (84%)
----------------- Invoking toplevel() on ptolemy.moml.MoMLSimpleApplication@77046c42
----------------- Done invoking toplevel() on ptolemy.moml.MoMLSimpleApplication@77046c42
reloadAllAccessors: .ContinuousMerge3

===========================================================================================
----------------- testing Thu Jun 07 15:13:05 UTC 2018 /home/travis/build/icyphy/ptII/ptolemy/domains/continuous/test/auto/ContinuousWithinContinuous.xml
----------------- Instantiating /home/travis/build/icyphy/ptII/ptolemy/domains/continuous/test/auto/ContinuousWithinContinuous.xml
31 ms. Memory: 830464K Free: 678402K (82%)
----------------- Invoking toplevel() on ptolemy.moml.MoMLSimpleApplication@24984519
----------------- Done invoking toplevel() on ptolemy.moml.MoMLSimpleApplication@24984519
reloadAllAccessors: .ContinuousWithinContinuous

===========================================================================================
----------------- testing Thu Jun 07 15:13:05 UTC 2018 /home/travis/build/icyphy/ptII/ptolemy/domains/continuous/test/auto/ContinuousWithinContinuous2.xml
----------------- Instantiating /home/travis/build/icyphy/ptII/ptolemy/domains/continuous/test/auto/ContinuousWithinContinuous2.xml
60 ms. Memory: 830464K Free: 667174K (80%)
----------------- Invoking toplevel() on ptolemy.moml.MoMLSimpleApplication@716c6fc1
----------------- Done invoking toplevel() on ptolemy.moml.MoMLSimpleApplication@716c6fc1
reloadAllAccessors: .ContinuousWithinContinuous2

===========================================================================================
----------------- testing Thu Jun 07 15:13:05 UTC 2018 /home/travis/build/icyphy/ptII/ptolemy/domains/continuous/test/auto/ContinuousWithinContinuous3.xml
----------------- Instantiating /home/travis/build/icyphy/ptII/ptolemy/domains/continuous/test/auto/ContinuousWithinContinuous3.xml
18 ms. Memory: 830464K Free: 652195K (79%)
----------------- Invoking toplevel() on ptolemy.moml.MoMLSimpleApplication@2db306a2
----------------- Done invoking toplevel() on ptolemy.moml.MoMLSimpleApplication@2db306a2
reloadAllAccessors: .ContinuousWithinContinuous3

===========================================================================================
----------------- testing Thu Jun 07 15:13:06 UTC 2018 /home/travis/build/icyphy/ptII/ptolemy/domains/continuous/test/auto/ContinuousWithinContinuous4.xml
----------------- Instantiating /home/travis/build/icyphy/ptII/ptolemy/domains/continuous/test/auto/ContinuousWithinContinuous4.xml
57 ms. Memory: 830464K Free: 631324K (76%)
----------------- Invoking toplevel() on ptolemy.moml.MoMLSimpleApplication@2edaf80b
----------------- Done invoking toplevel() on ptolemy.moml.MoMLSimpleApplication@2edaf80b
reloadAllAccessors: .ContinuousWithinContinuous4

===========================================================================================
----------------- testing Thu Jun 07 15:13:06 UTC 2018 /home/travis/build/icyphy/ptII/ptolemy/domains/continuous/test/auto/ContinuousWithinContinuous5.xml
----------------- Instantiating /home/travis/build/icyphy/ptII/ptolemy/domains/continuous/test/auto/ContinuousWithinContinuous5.xml
11 ms. Memory: 830464K Free: 620079K (75%)
----------------- Invoking toplevel() on ptolemy.moml.MoMLSimpleApplication@539d95fe
----------------- Done invoking toplevel() on ptolemy.moml.MoMLSimpleApplication@539d95fe
reloadAllAccessors: .ContinuousWithinContinuous5

===========================================================================================
----------------- testing Thu Jun 07 15:13:06 UTC 2018 /home/travis/build/icyphy/ptII/ptolemy/domains/continuous/test/auto/ContinuousWithinContinuous6.xml
----------------- Instantiating /home/travis/build/icyphy/ptII/ptolemy/domains/continuous/test/auto/ContinuousWithinContinuous6.xml
12 ms. Memory: 830464K Free: 606678K (73%)
----------------- Invoking toplevel() on ptolemy.moml.MoMLSimpleApplication@2be22136
----------------- Done invoking toplevel() on ptolemy.moml.MoMLSimpleApplication@2be22136
reloadAllAccessors: .ContinuousWithinContinuous6

===========================================================================================
----------------- testing Thu Jun 07 15:13:06 UTC 2018 /home/travis/build/icyphy/ptII/ptolemy/domains/continuous/test/auto/ContinuousWithinContinuous7.xml
----------------- Instantiating /home/travis/build/icyphy/ptII/ptolemy/domains/continuous/test/auto/ContinuousWithinContinuous7.xml
48 ms. Memory: 830464K Free: 591706K (71%)
----------------- Invoking toplevel() on ptolemy.moml.MoMLSimpleApplication@4866b692
----------------- Done invoking toplevel() on ptolemy.moml.MoMLSimpleApplication@4866b692
reloadAllAccessors: .ContinuousWithinContinuous7

===========================================================================================
----------------- testing Thu Jun 07 15:13:06 UTC 2018 /home/travis/build/icyphy/ptII/ptolemy/domains/continuous/test/auto/DCMotor.xml
----------------- Instantiating /home/travis/build/icyphy/ptII/ptolemy/domains/continuous/test/auto/DCMotor.xml
11892 ms. Memory: 668160K Free: 548928K (82%)
----------------- Invoking toplevel() on ptolemy.moml.MoMLSimpleApplication@c613791
----------------- Done invoking toplevel() on ptolemy.moml.MoMLSimpleApplication@c613791
reloadAllAccessors: .DCMotor

===========================================================================================
----------------- testing Thu Jun 07 15:13:18 UTC 2018 /home/travis/build/icyphy/ptII/ptolemy/domains/continuous/test/auto/DEInContinuous.xml
----------------- Instantiating /home/travis/build/icyphy/ptII/ptolemy/domains/continuous/test/auto/DEInContinuous.xml
17 ms. Memory: 668160K Free: 534335K (80%)
----------------- Invoking toplevel() on ptolemy.moml.MoMLSimpleApplication@35eb3e98
----------------- Done invoking toplevel() on ptolemy.moml.MoMLSimpleApplication@35eb3e98
reloadAllAccessors: .DEInContinuous

===========================================================================================
----------------- testing Thu Jun 07 15:13:18 UTC 2018 /home/travis/build/icyphy/ptII/ptolemy/domains/continuous/test/auto/DEinContinuous2.xml
----------------- Instantiating /home/travis/build/icyphy/ptII/ptolemy/domains/continuous/test/auto/DEinContinuous2.xml
6 ms. Memory: 668160K Free: 515560K (77%)
----------------- Invoking toplevel() on ptolemy.moml.MoMLSimpleApplication@407a4b65
----------------- Done invoking toplevel() on ptolemy.moml.MoMLSimpleApplication@407a4b65
reloadAllAccessors: .DEinContinuous2

===========================================================================================
----------------- testing Thu Jun 07 15:13:18 UTC 2018 /home/travis/build/icyphy/ptII/ptolemy/domains/continuous/test/auto/Derivative.xml
----------------- Instantiating /home/travis/build/icyphy/ptII/ptolemy/domains/continuous/test/auto/Derivative.xml
136 ms. Memory: 668160K Free: 473231K (71%)
----------------- Invoking toplevel() on ptolemy.moml.MoMLSimpleApplication@440fe0b3
----------------- Done invoking toplevel() on ptolemy.moml.MoMLSimpleApplication@440fe0b3
reloadAllAccessors: .Derivative2

===========================================================================================
----------------- testing Thu Jun 07 15:13:18 UTC 2018 /home/travis/build/icyphy/ptII/ptolemy/domains/continuous/test/auto/Derivative1.xml
----------------- Instantiating /home/travis/build/icyphy/ptII/ptolemy/domains/continuous/test/auto/Derivative1.xml
18 ms. Memory: 668160K Free: 455612K (68%)
----------------- Invoking toplevel() on ptolemy.moml.MoMLSimpleApplication@a032f2
----------------- Done invoking toplevel() on ptolemy.moml.MoMLSimpleApplication@a032f2
reloadAllAccessors: .Derivative1

===========================================================================================
----------------- testing Thu Jun 07 15:13:18 UTC 2018 /home/travis/build/icyphy/ptII/ptolemy/domains/continuous/test/auto/DiscreteClock.xml
----------------- Instantiating /home/travis/build/icyphy/ptII/ptolemy/domains/continuous/test/auto/DiscreteClock.xml
5 ms. Memory: 668160K Free: 442720K (66%)
----------------- Invoking toplevel() on ptolemy.moml.MoMLSimpleApplication@cae4ce9
----------------- Done invoking toplevel() on ptolemy.moml.MoMLSimpleApplication@cae4ce9
reloadAllAccessors: .DiscreteClock

===========================================================================================
----------------- testing Thu Jun 07 15:13:18 UTC 2018 /home/travis/build/icyphy/ptII/ptolemy/domains/continuous/test/auto/EfficiencyCurve.xml
----------------- Instantiating /home/travis/build/icyphy/ptII/ptolemy/domains/continuous/test/auto/EfficiencyCurve.xml
78 ms. Memory: 668160K Free: 429829K (64%)
----------------- Invoking toplevel() on ptolemy.moml.MoMLSimpleApplication@6ed520d3
----------------- Done invoking toplevel() on ptolemy.moml.MoMLSimpleApplication@6ed520d3
reloadAllAccessors: .EfficiencyCurve

===========================================================================================
----------------- testing Thu Jun 07 15:13:18 UTC 2018 /home/travis/build/icyphy/ptII/ptolemy/domains/continuous/test/auto/ExponentialResponse.xml
----------------- Instantiating /home/travis/build/icyphy/ptII/ptolemy/domains/continuous/test/auto/ExponentialResponse.xml
105 ms. Memory: 668160K Free: 406358K (61%)
----------------- Invoking toplevel() on ptolemy.moml.MoMLSimpleApplication@6d6e5b0
----------------- Done invoking toplevel() on ptolemy.moml.MoMLSimpleApplication@6d6e5b0
reloadAllAccessors: .ExponentialResponse

===========================================================================================
----------------- testing Thu Jun 07 15:13:18 UTC 2018 /home/travis/build/icyphy/ptII/ptolemy/domains/continuous/test/auto/ExponentialResponseRK45.xml
----------------- Instantiating /home/travis/build/icyphy/ptII/ptolemy/domains/continuous/test/auto/ExponentialResponseRK45.xml
24 ms. Memory: 668160K Free: 393466K (59%)
----------------- Invoking toplevel() on ptolemy.moml.MoMLSimpleApplication@40d73466
----------------- Done invoking toplevel() on ptolemy.moml.MoMLSimpleApplication@40d73466
reloadAllAccessors: .ExponentialResponseRK45

===========================================================================================
----------------- testing Thu Jun 07 15:13:18 UTC 2018 /home/travis/build/icyphy/ptII/ptolemy/domains/continuous/test/auto/Friction.xml
----------------- Instantiating /home/travis/build/icyphy/ptII/ptolemy/domains/continuous/test/auto/Friction.xml
1264 ms. Memory: 647168K Free: 510811K (79%)
----------------- Invoking toplevel() on ptolemy.moml.MoMLSimpleApplication@56574eb8
----------------- Done invoking toplevel() on ptolemy.moml.MoMLSimpleApplication@56574eb8
reloadAllAccessors: .Friction

===========================================================================================
----------------- testing Thu Jun 07 15:13:20 UTC 2018 /home/travis/build/icyphy/ptII/ptolemy/domains/continuous/test/auto/FurutaPendulum.xml
----------------- Instantiating /home/travis/build/icyphy/ptII/ptolemy/domains/continuous/test/auto/FurutaPendulum.xml
3284 ms. Memory: 617472K Free: 535569K (87%)
----------------- Invoking toplevel() on ptolemy.moml.MoMLSimpleApplication@776272fc
----------------- Done invoking toplevel() on ptolemy.moml.MoMLSimpleApplication@776272fc
reloadAllAccessors: .FurutaPendulum

===========================================================================================
----------------- testing Thu Jun 07 15:13:23 UTC 2018 /home/travis/build/icyphy/ptII/ptolemy/domains/continuous/test/auto/HierarchicalExecution.xml
----------------- Instantiating /home/travis/build/icyphy/ptII/ptolemy/domains/continuous/test/auto/HierarchicalExecution.xml
1853 ms. Memory: 617472K Free: 230958K (37%)
----------------- Invoking toplevel() on ptolemy.moml.MoMLSimpleApplication@6077fa15
----------------- Done invoking toplevel() on ptolemy.moml.MoMLSimpleApplication@6077fa15
reloadAllAccessors: .HierarchicalExecution

===========================================================================================
----------------- testing Thu Jun 07 15:13:25 UTC 2018 /home/travis/build/icyphy/ptII/ptolemy/domains/continuous/test/auto/HybridPlant.xml
----------------- Instantiating /home/travis/build/icyphy/ptII/ptolemy/domains/continuous/test/auto/HybridPlant.xml
465 ms. Memory: 589824K Free: 462189K (78%)
----------------- Invoking toplevel() on ptolemy.moml.MoMLSimpleApplication@5a019f03
----------------- Done invoking toplevel() on ptolemy.moml.MoMLSimpleApplication@5a019f03
reloadAllAccessors: .HybridPlant

===========================================================================================
----------------- testing Thu Jun 07 15:13:26 UTC 2018 /home/travis/build/icyphy/ptII/ptolemy/domains/continuous/test/auto/Hysteresis.xml
----------------- Instantiating /home/travis/build/icyphy/ptII/ptolemy/domains/continuous/test/auto/Hysteresis.xml
133 ms. Memory: 589824K Free: 396133K (67%)
----------------- Invoking toplevel() on ptolemy.moml.MoMLSimpleApplication@23465934
----------------- Done invoking toplevel() on ptolemy.moml.MoMLSimpleApplication@23465934
reloadAllAccessors: .Hysteresis

===========================================================================================
----------------- testing Thu Jun 07 15:13:26 UTC 2018 /home/travis/build/icyphy/ptII/ptolemy/domains/continuous/test/auto/HysteresisWithRandomDelay.xml
----------------- Instantiating /home/travis/build/icyphy/ptII/ptolemy/domains/continuous/test/auto/HysteresisWithRandomDelay.xml
159 ms. Memory: 589824K Free: 316231K (54%)
----------------- Invoking toplevel() on ptolemy.moml.MoMLSimpleApplication@42274d44
----------------- Done invoking toplevel() on ptolemy.moml.MoMLSimpleApplication@42274d44
reloadAllAccessors: .HysteresisWithRandomDelay

===========================================================================================
----------------- testing Thu Jun 07 15:13:26 UTC 2018 /home/travis/build/icyphy/ptII/ptolemy/domains/continuous/test/auto/HysteresisWithRandomLosses.xml
----------------- Instantiating /home/travis/build/icyphy/ptII/ptolemy/domains/continuous/test/auto/HysteresisWithRandomLosses.xml
2143 ms. Memory: 543232K Free: 495075K (91%)
----------------- Invoking toplevel() on ptolemy.moml.MoMLSimpleApplication@10bddae4
----------------- Done invoking toplevel() on ptolemy.moml.MoMLSimpleApplication@10bddae4
reloadAllAccessors: .HysteresisWithRandomLosses

===========================================================================================
----------------- testing Thu Jun 07 15:13:28 UTC 2018 /home/travis/build/icyphy/ptII/ptolemy/domains/continuous/test/auto/ImmediateTransitions.xml
----------------- Instantiating /home/travis/build/icyphy/ptII/ptolemy/domains/continuous/test/auto/ImmediateTransitions.xml
8 ms. Memory: 543232K Free: 477267K (88%)
----------------- Invoking toplevel() on ptolemy.moml.MoMLSimpleApplication@564e141e
----------------- Done invoking toplevel() on ptolemy.moml.MoMLSimpleApplication@564e141e
reloadAllAccessors: .ImmediateTransitions

===========================================================================================
----------------- testing Thu Jun 07 15:13:28 UTC 2018 /home/travis/build/icyphy/ptII/ptolemy/domains/continuous/test/auto/ImpulseFeedback.xml
----------------- Instantiating /home/travis/build/icyphy/ptII/ptolemy/domains/continuous/test/auto/ImpulseFeedback.xml
7 ms. Memory: 543232K Free: 467210K (86%)
----------------- Invoking toplevel() on ptolemy.moml.MoMLSimpleApplication@53b2cc97
----------------- Done invoking toplevel() on ptolemy.moml.MoMLSimpleApplication@53b2cc97
reloadAllAccessors: .ImpulseFeedback

===========================================================================================
----------------- testing Thu Jun 07 15:13:28 UTC 2018 /home/travis/build/icyphy/ptII/ptolemy/domains/continuous/test/auto/ImpulseFeedback2.xml
----------------- Instantiating /home/travis/build/icyphy/ptII/ptolemy/domains/continuous/test/auto/ImpulseFeedback2.xml
6 ms. Memory: 543232K Free: 457168K (84%)
----------------- Invoking toplevel() on ptolemy.moml.MoMLSimpleApplication@bf3471d
----------------- Done invoking toplevel() on ptolemy.moml.MoMLSimpleApplication@bf3471d
reloadAllAccessors: .ImpulseFeedback2

===========================================================================================
----------------- testing Thu Jun 07 15:13:28 UTC 2018 /home/travis/build/icyphy/ptII/ptolemy/domains/continuous/test/auto/IncreasingRatePoisson.xml
----------------- Instantiating /home/travis/build/icyphy/ptII/ptolemy/domains/continuous/test/auto/IncreasingRatePoisson.xml
613 ms. Memory: 543232K Free: 135129K (25%)
----------------- Invoking toplevel() on ptolemy.moml.MoMLSimpleApplication@263628d
----------------- Done invoking toplevel() on ptolemy.moml.MoMLSimpleApplication@263628d
reloadAllAccessors: .IncreasingRatePoisson

===========================================================================================
----------------- testing Thu Jun 07 15:13:29 UTC 2018 /home/travis/build/icyphy/ptII/ptolemy/domains/continuous/test/auto/InitialStateFeedback.xml
----------------- Instantiating /home/travis/build/icyphy/ptII/ptolemy/domains/continuous/test/auto/InitialStateFeedback.xml
7 ms. Memory: 543232K Free: 127974K (24%)
----------------- Invoking toplevel() on ptolemy.moml.MoMLSimpleApplication@67480063
----------------- Done invoking toplevel() on ptolemy.moml.MoMLSimpleApplication@67480063
reloadAllAccessors: .InitialStateFeedback

===========================================================================================
----------------- testing Thu Jun 07 15:13:29 UTC 2018 /home/travis/build/icyphy/ptII/ptolemy/domains/continuous/test/auto/Integration.xml
----------------- Instantiating /home/travis/build/icyphy/ptII/ptolemy/domains/continuous/test/auto/Integration.xml
1 ms. Memory: 543232K Free: 121019K (22%)
----------------- Invoking toplevel() on ptolemy.moml.MoMLSimpleApplication@710f4bed
----------------- Done invoking toplevel() on ptolemy.moml.MoMLSimpleApplication@710f4bed
reloadAllAccessors: .Integration

===========================================================================================
----------------- testing Thu Jun 07 15:13:29 UTC 2018 /home/travis/build/icyphy/ptII/ptolemy/domains/continuous/test/auto/Integration2.xml
----------------- Instantiating /home/travis/build/icyphy/ptII/ptolemy/domains/continuous/test/auto/Integration2.xml
76 ms. Memory: 543232K Free: 101749K (19%)
----------------- Invoking toplevel() on ptolemy.moml.MoMLSimpleApplication@6111b99b
----------------- Done invoking toplevel() on ptolemy.moml.MoMLSimpleApplication@6111b99b
reloadAllAccessors: .Integration2

===========================================================================================
----------------- testing Thu Jun 07 15:13:29 UTC 2018 /home/travis/build/icyphy/ptII/ptolemy/domains/continuous/test/auto/Integration3.xml
----------------- Instantiating /home/travis/build/icyphy/ptII/ptolemy/domains/continuous/test/auto/Integration3.xml
4 ms. Memory: 543232K Free: 94793K (17%)
----------------- Invoking toplevel() on ptolemy.moml.MoMLSimpleApplication@5ae6fa4f
----------------- Done invoking toplevel() on ptolemy.moml.MoMLSimpleApplication@5ae6fa4f
reloadAllAccessors: .Integration3

===========================================================================================
----------------- testing Thu Jun 07 15:13:29 UTC 2018 /home/travis/build/icyphy/ptII/ptolemy/domains/continuous/test/auto/Integration5.xml
----------------- Instantiating /home/travis/build/icyphy/ptII/ptolemy/domains/continuous/test/auto/Integration5.xml
3 ms. Memory: 543232K Free: 87639K (16%)
----------------- Invoking toplevel() on ptolemy.moml.MoMLSimpleApplication@1acec002
----------------- Done invoking toplevel() on ptolemy.moml.MoMLSimpleApplication@1acec002
reloadAllAccessors: .Integration5

===========================================================================================
----------------- testing Thu Jun 07 15:13:29 UTC 2018 /home/travis/build/icyphy/ptII/ptolemy/domains/continuous/test/auto/IntegratorImpulse.xml
----------------- Instantiating /home/travis/build/icyphy/ptII/ptolemy/domains/continuous/test/auto/IntegratorImpulse.xml
2 ms. Memory: 543232K Free: 80684K (15%)
----------------- Invoking toplevel() on ptolemy.moml.MoMLSimpleApplication@4de8d5ab
----------------- Done invoking toplevel() on ptolemy.moml.MoMLSimpleApplication@4de8d5ab
reloadAllAccessors: .IntegratorImpulse

===========================================================================================
----------------- testing Thu Jun 07 15:13:29 UTC 2018 /home/travis/build/icyphy/ptII/ptolemy/domains/continuous/test/auto/IntegratorImpulse2.xml
----------------- Instantiating /home/travis/build/icyphy/ptII/ptolemy/domains/continuous/test/auto/IntegratorImpulse2.xml
4 ms. Memory: 543232K Free: 73729K (14%)
----------------- Invoking toplevel() on ptolemy.moml.MoMLSimpleApplication@744bbf34
----------------- Done invoking toplevel() on ptolemy.moml.MoMLSimpleApplication@744bbf34
reloadAllAccessors: .IntegratorImpulse2

===========================================================================================
----------------- testing Thu Jun 07 15:13:29 UTC 2018 /home/travis/build/icyphy/ptII/ptolemy/domains/continuous/test/auto/LevelCrossing1.xml
----------------- Instantiating /home/travis/build/icyphy/ptII/ptolemy/domains/continuous/test/auto/LevelCrossing1.xml
2 ms. Memory: 543232K Free: 63488K (12%)
----------------- Invoking toplevel() on ptolemy.moml.MoMLSimpleApplication@36ac29b9
----------------- Done invoking toplevel() on ptolemy.moml.MoMLSimpleApplication@36ac29b9
reloadAllAccessors: .LevelCrossing1

===========================================================================================
----------------- testing Thu Jun 07 15:13:29 UTC 2018 /home/travis/build/icyphy/ptII/ptolemy/domains/continuous/test/auto/LevelCrossing2.xml
----------------- Instantiating /home/travis/build/icyphy/ptII/ptolemy/domains/continuous/test/auto/LevelCrossing2.xml
3 ms. Memory: 521728K Free: 495326K (95%)
----------------- Invoking toplevel() on ptolemy.moml.MoMLSimpleApplication@72790244
----------------- Done invoking toplevel() on ptolemy.moml.MoMLSimpleApplication@72790244
reloadAllAccessors: .LevelCrossing2

===========================================================================================
----------------- testing Thu Jun 07 15:13:29 UTC 2018 /home/travis/build/icyphy/ptII/ptolemy/domains/continuous/test/auto/LevelCrossing3.xml
----------------- Instantiating /home/travis/build/icyphy/ptII/ptolemy/domains/continuous/test/auto/LevelCrossing3.xml
7 ms. Memory: 521728K Free: 485536K (93%)
----------------- Invoking toplevel() on ptolemy.moml.MoMLSimpleApplication@59c03cfd
----------------- Done invoking toplevel() on ptolemy.moml.MoMLSimpleApplication@59c03cfd
reloadAllAccessors: .LevelCrossing3

===========================================================================================
----------------- testing Thu Jun 07 15:13:29 UTC 2018 /home/travis/build/icyphy/ptII/ptolemy/domains/continuous/test/auto/LevelCrossing4.xml
----------------- Instantiating /home/travis/build/icyphy/ptII/ptolemy/domains/continuous/test/auto/LevelCrossing4.xml
3 ms. Memory: 521728K Free: 475943K (91%)
----------------- Invoking toplevel() on ptolemy.moml.MoMLSimpleApplication@7456156b
----------------- Done invoking toplevel() on ptolemy.moml.MoMLSimpleApplication@7456156b
reloadAllAccessors: .LevelCrossing4

===========================================================================================
----------------- testing Thu Jun 07 15:13:29 UTC 2018 /home/travis/build/icyphy/ptII/ptolemy/domains/continuous/test/auto/LevelCrossing5.xml
----------------- Instantiating /home/travis/build/icyphy/ptII/ptolemy/domains/continuous/test/auto/LevelCrossing5.xml
4 ms. Memory: 521728K Free: 466145K (89%)
----------------- Invoking toplevel() on ptolemy.moml.MoMLSimpleApplication@3e11106e
----------------- Done invoking toplevel() on ptolemy.moml.MoMLSimpleApplication@3e11106e
reloadAllAccessors: .LevelCrossing5

===========================================================================================
----------------- testing Thu Jun 07 15:13:29 UTC 2018 /home/travis/build/icyphy/ptII/ptolemy/domains/continuous/test/auto/LevelCrossing6.xml
----------------- Instantiating /home/travis/build/icyphy/ptII/ptolemy/domains/continuous/test/auto/LevelCrossing6.xml
2 ms. Memory: 521728K Free: 456536K (88%)
[...]
reloadAllAccessors: .ResetTransitionWithStartTime5

===========================================================================================
----------------- testing Thu Jun 07 15:13:46 UTC 2018 /home/travis/build/icyphy/ptII/ptolemy/domains/continuous/test/auto/ResetTransitionWithStartTime6.xml
----------------- Instantiating /home/travis/build/icyphy/ptII/ptolemy/domains/continuous/test/auto/ResetTransitionWithStartTime6.xml
11 ms. Memory: 593920K Free: 78958K (13%)
----------------- Invoking toplevel() on ptolemy.moml.MoMLSimpleApplication@748fdcb6
----------------- Done invoking toplevel() on ptolemy.moml.MoMLSimpleApplication@748fdcb6
reloadAllAccessors: .ResetTransitionWithStartTime6

===========================================================================================
----------------- testing Thu Jun 07 15:13:46 UTC 2018 /home/travis/build/icyphy/ptII/ptolemy/domains/continuous/test/auto/SRinContinuous.xml
----------------- Instantiating /home/travis/build/icyphy/ptII/ptolemy/domains/continuous/test/auto/SRinContinuous.xml
5 ms. Memory: 593920K Free: 67787K (11%)
----------------- Invoking toplevel() on ptolemy.moml.MoMLSimpleApplication@21b63b29
----------------- Done invoking toplevel() on ptolemy.moml.MoMLSimpleApplication@21b63b29
reloadAllAccessors: .SRinContinuous

===========================================================================================
----------------- testing Thu Jun 07 15:13:46 UTC 2018 /home/travis/build/icyphy/ptII/ptolemy/domains/continuous/test/auto/SampledClocks.xml
----------------- Instantiating /home/travis/build/icyphy/ptII/ptolemy/domains/continuous/test/auto/SampledClocks.xml
4 ms. Memory: 593920K Free: 56548K (10%)
----------------- Invoking toplevel() on ptolemy.moml.MoMLSimpleApplication@2fa1b771
----------------- Done invoking toplevel() on ptolemy.moml.MoMLSimpleApplication@2fa1b771
reloadAllAccessors: .SampledClocks

===========================================================================================
----------------- testing Thu Jun 07 15:13:46 UTC 2018 /home/travis/build/icyphy/ptII/ptolemy/domains/continuous/test/auto/Satellite.xml
----------------- Instantiating /home/travis/build/icyphy/ptII/ptolemy/domains/continuous/test/auto/Satellite.xml
733 ms. Memory: 577024K Free: 374536K (65%)
----------------- Invoking toplevel() on ptolemy.moml.MoMLSimpleApplication@3491610a
----------------- Done invoking toplevel() on ptolemy.moml.MoMLSimpleApplication@3491610a
reloadAllAccessors: .Satellite

===========================================================================================
----------------- testing Thu Jun 07 15:13:47 UTC 2018 /home/travis/build/icyphy/ptII/ptolemy/domains/continuous/test/auto/SigmaDelta.xml
----------------- Instantiating /home/travis/build/icyphy/ptII/ptolemy/domains/continuous/test/auto/SigmaDelta.xml
2128 ms. Memory: 553984K Free: 454245K (82%)
----------------- Invoking toplevel() on ptolemy.moml.MoMLSimpleApplication@5fdceaf2
----------------- Done invoking toplevel() on ptolemy.moml.MoMLSimpleApplication@5fdceaf2
reloadAllAccessors: .SigmaDelta

===========================================================================================
----------------- testing Thu Jun 07 15:13:49 UTC 2018 /home/travis/build/icyphy/ptII/ptolemy/domains/continuous/test/auto/SinuBouncingBall.xml
----------------- Instantiating /home/travis/build/icyphy/ptII/ptolemy/domains/continuous/test/auto/SinuBouncingBall.xml
711 ms. Memory: 553984K Free: 232195K (42%)
----------------- Invoking toplevel() on ptolemy.moml.MoMLSimpleApplication@21f69bd5
----------------- Done invoking toplevel() on ptolemy.moml.MoMLSimpleApplication@21f69bd5
reloadAllAccessors: .SinuBouncingBall

===========================================================================================
----------------- testing Thu Jun 07 15:13:50 UTC 2018 /home/travis/build/icyphy/ptII/ptolemy/domains/continuous/test/auto/Sinusoid.xml
----------------- Instantiating /home/travis/build/icyphy/ptII/ptolemy/domains/continuous/test/auto/Sinusoid.xml
5 ms. Memory: 553984K Free: 224282K (40%)
----------------- Invoking toplevel() on ptolemy.moml.MoMLSimpleApplication@4392654e
----------------- Done invoking toplevel() on ptolemy.moml.MoMLSimpleApplication@4392654e
reloadAllAccessors: .Sinusoid

===========================================================================================
----------------- testing Thu Jun 07 15:13:50 UTC 2018 /home/travis/build/icyphy/ptII/ptolemy/domains/continuous/test/auto/SinusoidInNoise.xml
----------------- Instantiating /home/travis/build/icyphy/ptII/ptolemy/domains/continuous/test/auto/SinusoidInNoise.xml
860 ms. Memory: 527360K Free: 455151K (86%)
----------------- Invoking toplevel() on ptolemy.moml.MoMLSimpleApplication@1cb2f40c
----------------- Done invoking toplevel() on ptolemy.moml.MoMLSimpleApplication@1cb2f40c
reloadAllAccessors: .SinusoidInNoise

===========================================================================================
----------------- testing Thu Jun 07 15:13:51 UTC 2018 /home/travis/build/icyphy/ptII/ptolemy/domains/continuous/test/auto/SinusoidRK45.xml
----------------- Instantiating /home/travis/build/icyphy/ptII/ptolemy/domains/continuous/test/auto/SinusoidRK45.xml
2 ms. Memory: 527360K Free: 446340K (85%)
----------------- Invoking toplevel() on ptolemy.moml.MoMLSimpleApplication@67af751d
----------------- Done invoking toplevel() on ptolemy.moml.MoMLSimpleApplication@67af751d
reloadAllAccessors: .SinusoidRK45

===========================================================================================
----------------- testing Thu Jun 07 15:13:51 UTC 2018 /home/travis/build/icyphy/ptII/ptolemy/domains/continuous/test/auto/SinusoidWithMultipleImpulses.xml
----------------- Instantiating /home/travis/build/icyphy/ptII/ptolemy/domains/continuous/test/auto/SinusoidWithMultipleImpulses.xml
3 ms. Memory: 527360K Free: 438751K (83%)
----------------- Invoking toplevel() on ptolemy.moml.MoMLSimpleApplication@2d31f627
----------------- Done invoking toplevel() on ptolemy.moml.MoMLSimpleApplication@2d31f627
reloadAllAccessors: .SinusoidWithMultipleImpulses

===========================================================================================
----------------- testing Thu Jun 07 15:13:51 UTC 2018 /home/travis/build/icyphy/ptII/ptolemy/domains/continuous/test/auto/SquareWave.xml
----------------- Instantiating /home/travis/build/icyphy/ptII/ptolemy/domains/continuous/test/auto/SquareWave.xml
165 ms. Memory: 527360K Free: 411043K (78%)
----------------- Invoking toplevel() on ptolemy.moml.MoMLSimpleApplication@1cd44fd2
----------------- Done invoking toplevel() on ptolemy.moml.MoMLSimpleApplication@1cd44fd2
reloadAllAccessors: .SquareWave

===========================================================================================
----------------- testing Thu Jun 07 15:13:51 UTC 2018 /home/travis/build/icyphy/ptII/ptolemy/domains/continuous/test/auto/Starmac.xml
----------------- Instantiating /home/travis/build/icyphy/ptII/ptolemy/domains/continuous/test/auto/Starmac.xml
3044 ms. Memory: 527360K Free: 47493K (9%)
----------------- Invoking toplevel() on ptolemy.moml.MoMLSimpleApplication@2cf52d1e
----------------- Done invoking toplevel() on ptolemy.moml.MoMLSimpleApplication@2cf52d1e
reloadAllAccessors: .Starmac

===========================================================================================
----------------- testing Thu Jun 07 15:13:54 UTC 2018 /home/travis/build/icyphy/ptII/ptolemy/domains/continuous/test/auto/StaticUnits.xml
----------------- Instantiating /home/travis/build/icyphy/ptII/ptolemy/domains/continuous/test/auto/StaticUnits.xml
1966 ms. Memory: 489984K Free: 420341K (86%)
----------------- Invoking toplevel() on ptolemy.moml.MoMLSimpleApplication@2bffd057
----------------- Done invoking toplevel() on ptolemy.moml.MoMLSimpleApplication@2bffd057
reloadAllAccessors: .StaticUnits

===========================================================================================
----------------- testing Thu Jun 07 15:13:56 UTC 2018 /home/travis/build/icyphy/ptII/ptolemy/domains/continuous/test/auto/StickyMasses.xml
----------------- Instantiating /home/travis/build/icyphy/ptII/ptolemy/domains/continuous/test/auto/StickyMasses.xml
132 ms. Memory: 489984K Free: 361470K (74%)
----------------- Invoking toplevel() on ptolemy.moml.MoMLSimpleApplication@70fa203e
----------------- Done invoking toplevel() on ptolemy.moml.MoMLSimpleApplication@70fa203e
reloadAllAccessors: .StickyMasses

===========================================================================================
----------------- testing Thu Jun 07 15:13:57 UTC 2018 /home/travis/build/icyphy/ptII/ptolemy/domains/continuous/test/auto/StopTime.xml
----------------- Instantiating /home/travis/build/icyphy/ptII/ptolemy/domains/continuous/test/auto/StopTime.xml
31 ms. Memory: 489984K Free: 333448K (68%)
----------------- Invoking toplevel() on ptolemy.moml.MoMLSimpleApplication@160a613d
----------------- Done invoking toplevel() on ptolemy.moml.MoMLSimpleApplication@160a613d
reloadAllAccessors: .StopTime

===========================================================================================
----------------- testing Thu Jun 07 15:13:57 UTC 2018 /home/travis/build/icyphy/ptII/ptolemy/domains/continuous/test/auto/StopTime2.xml
----------------- Instantiating /home/travis/build/icyphy/ptII/ptolemy/domains/continuous/test/auto/StopTime2.xml
41 ms. Memory: 489984K Free: 308266K (63%)
----------------- Invoking toplevel() on ptolemy.moml.MoMLSimpleApplication@3e40b400
----------------- Done invoking toplevel() on ptolemy.moml.MoMLSimpleApplication@3e40b400
reloadAllAccessors: .StopTime2

===========================================================================================
----------------- testing Thu Jun 07 15:13:57 UTC 2018 /home/travis/build/icyphy/ptII/ptolemy/domains/continuous/test/auto/Switch.xml
----------------- Instantiating /home/travis/build/icyphy/ptII/ptolemy/domains/continuous/test/auto/Switch.xml
42 ms. Memory: 489984K Free: 280332K (57%)
----------------- Invoking toplevel() on ptolemy.moml.MoMLSimpleApplication@29216e4a
----------------- Done invoking toplevel() on ptolemy.moml.MoMLSimpleApplication@29216e4a
reloadAllAccessors: .Switch

===========================================================================================
----------------- testing Thu Jun 07 15:13:57 UTC 2018 /home/travis/build/icyphy/ptII/ptolemy/domains/continuous/test/auto/Thermostat.xml
----------------- Instantiating /home/travis/build/icyphy/ptII/ptolemy/domains/continuous/test/auto/Thermostat.xml
168 ms. Memory: 489984K Free: 203644K (42%)
----------------- Invoking toplevel() on ptolemy.moml.MoMLSimpleApplication@4bb41610
----------------- Done invoking toplevel() on ptolemy.moml.MoMLSimpleApplication@4bb41610
reloadAllAccessors: .Thermostat

===========================================================================================
----------------- testing Thu Jun 07 15:13:57 UTC 2018 /home/travis/build/icyphy/ptII/ptolemy/domains/continuous/test/auto/TimeDelay.xml
----------------- Instantiating /home/travis/build/icyphy/ptII/ptolemy/domains/continuous/test/auto/TimeDelay.xml
6 ms. Memory: 489984K Free: 194538K (40%)
----------------- Invoking toplevel() on ptolemy.moml.MoMLSimpleApplication@7cac679e
----------------- Done invoking toplevel() on ptolemy.moml.MoMLSimpleApplication@7cac679e
reloadAllAccessors: .TimeDelay

===========================================================================================
----------------- testing Thu Jun 07 15:13:57 UTC 2018 /home/travis/build/icyphy/ptII/ptolemy/domains/continuous/test/auto/TimeDelay2.xml
----------------- Instantiating /home/travis/build/icyphy/ptII/ptolemy/domains/continuous/test/auto/TimeDelay2.xml
7 ms. Memory: 489984K Free: 185503K (38%)
----------------- Invoking toplevel() on ptolemy.moml.MoMLSimpleApplication@58239b03
----------------- Done invoking toplevel() on ptolemy.moml.MoMLSimpleApplication@58239b03
reloadAllAccessors: .TimeDelay2

===========================================================================================
----------------- testing Thu Jun 07 15:13:57 UTC 2018 /home/travis/build/icyphy/ptII/ptolemy/domains/continuous/test/auto/TimeDelay3.xml
----------------- Instantiating /home/travis/build/icyphy/ptII/ptolemy/domains/continuous/test/auto/TimeDelay3.xml
7 ms. Memory: 489984K Free: 176469K (36%)
----------------- Invoking toplevel() on ptolemy.moml.MoMLSimpleApplication@2225e05c
----------------- Done invoking toplevel() on ptolemy.moml.MoMLSimpleApplication@2225e05c
reloadAllAccessors: .TimeDelay3

===========================================================================================
----------------- testing Thu Jun 07 15:13:57 UTC 2018 /home/travis/build/icyphy/ptII/ptolemy/domains/continuous/test/auto/TransferAbsentToInside.xml
----------------- Instantiating /home/travis/build/icyphy/ptII/ptolemy/domains/continuous/test/auto/TransferAbsentToInside.xml
57 ms. Memory: 489984K Free: 116057K (24%)
----------------- Invoking toplevel() on ptolemy.moml.MoMLSimpleApplication@5659544
----------------- Done invoking toplevel() on ptolemy.moml.MoMLSimpleApplication@5659544
reloadAllAccessors: .TransferAbsentToInside

===========================================================================================
----------------- testing Thu Jun 07 15:13:57 UTC 2018 /home/travis/build/icyphy/ptII/ptolemy/domains/continuous/test/auto/Transmission.xml
----------------- Instantiating /home/travis/build/icyphy/ptII/ptolemy/domains/continuous/test/auto/Transmission.xml
697 ms. Memory: 467968K Free: 259678K (55%)
----------------- Invoking toplevel() on ptolemy.moml.MoMLSimpleApplication@695e9166
----------------- Done invoking toplevel() on ptolemy.moml.MoMLSimpleApplication@695e9166
reloadAllAccessors: .Transmission

===========================================================================================
----------------- testing Thu Jun 07 15:13:58 UTC 2018 /home/travis/build/icyphy/ptII/ptolemy/domains/continuous/test/auto/TriggeredContinuousClock.xml
----------------- Instantiating /home/travis/build/icyphy/ptII/ptolemy/domains/continuous/test/auto/TriggeredContinuousClock.xml
39 ms. Memory: 467968K Free: 223759K (48%)
----------------- Invoking toplevel() on ptolemy.moml.MoMLSimpleApplication@104050a0
----------------- Done invoking toplevel() on ptolemy.moml.MoMLSimpleApplication@104050a0
reloadAllAccessors: .TriggeredContinuousClock

===========================================================================================
----------------- testing Thu Jun 07 15:13:58 UTC 2018 /home/travis/build/icyphy/ptII/ptolemy/domains/continuous/test/auto/TwoMachineInfiniteBusControl.xml
----------------- Instantiating /home/travis/build/icyphy/ptII/ptolemy/domains/continuous/test/auto/TwoMachineInfiniteBusControl.xml
2429 ms. Memory: 458240K Free: 30116K (7%)
----------------- Invoking toplevel() on ptolemy.moml.MoMLSimpleApplication@232fbf06
----------------- Done invoking toplevel() on ptolemy.moml.MoMLSimpleApplication@232fbf06
reloadAllAccessors: .TwoMachineInfiniteBusControl

===========================================================================================
----------------- testing Thu Jun 07 15:14:01 UTC 2018 /home/travis/build/icyphy/ptII/ptolemy/domains/continuous/test/auto/V2V.xml
----------------- Instantiating /home/travis/build/icyphy/ptII/ptolemy/domains/continuous/test/auto/V2V.xml
556 ms. Memory: 433664K Free: 176733K (41%)
----------------- Invoking toplevel() on ptolemy.moml.MoMLSimpleApplication@3a20adc9
----------------- Done invoking toplevel() on ptolemy.moml.MoMLSimpleApplication@3a20adc9
reloadAllAccessors: .V2V

===========================================================================================
----------------- testing Thu Jun 07 15:14:01 UTC 2018 /home/travis/build/icyphy/ptII/ptolemy/domains/continuous/test/auto/hierarchicalModalModel.xml
----------------- Instantiating /home/travis/build/icyphy/ptII/ptolemy/domains/continuous/test/auto/hierarchicalModalModel.xml
8 ms. Memory: 433664K Free: 159856K (37%)
----------------- Invoking toplevel() on ptolemy.moml.MoMLSimpleApplication@7360aabd
----------------- Done invoking toplevel() on ptolemy.moml.MoMLSimpleApplication@7360aabd
reloadAllAccessors: .hierarchicalModalModel

===========================================================================================
----------------- testing Thu Jun 07 15:14:01 UTC 2018 /home/travis/build/icyphy/ptII/ptolemy/domains/continuous/test/auto/hierarchicalModalModel1.xml
----------------- Instantiating /home/travis/build/icyphy/ptII/ptolemy/domains/continuous/test/auto/hierarchicalModalModel1.xml
8 ms. Memory: 433664K Free: 143066K (33%)
----------------- Invoking toplevel() on ptolemy.moml.MoMLSimpleApplication@1f82dbff
----------------- Done invoking toplevel() on ptolemy.moml.MoMLSimpleApplication@1f82dbff
reloadAllAccessors: .hierarchicalModalModel1

===========================================================================================
----------------- testing Thu Jun 07 15:14:01 UTC 2018 /home/travis/build/icyphy/ptII/ptolemy/domains/continuous/test/auto/hierarchicalModalModel2.xml
----------------- Instantiating /home/travis/build/icyphy/ptII/ptolemy/domains/continuous/test/auto/hierarchicalModalModel2.xml
6 ms. Memory: 433664K Free: 128059K (30%)
----------------- Invoking toplevel() on ptolemy.moml.MoMLSimpleApplication@4c027b3e
----------------- Done invoking toplevel() on ptolemy.moml.MoMLSimpleApplication@4c027b3e
reloadAllAccessors: .hierarchicalModalModel2

===========================================================================================
----------------- testing Thu Jun 07 15:14:01 UTC 2018 /home/travis/build/icyphy/ptII/ptolemy/domains/continuous/test/auto/hierarchicalModalModel3.xml
----------------- Instantiating /home/travis/build/icyphy/ptII/ptolemy/domains/continuous/test/auto/hierarchicalModalModel3.xml
4 ms. Memory: 433664K Free: 114811K (26%)
----------------- Invoking toplevel() on ptolemy.moml.MoMLSimpleApplication@a3a220a
----------------- Done invoking toplevel() on ptolemy.moml.MoMLSimpleApplication@a3a220a
reloadAllAccessors: .hierarchicalModalModel3

===========================================================================================
----------------- testing Thu Jun 07 15:14:01 UTC 2018 /home/travis/build/icyphy/ptII/ptolemy/domains/continuous/test/auto/hierarchicalModalModel4.xml
----------------- Instantiating /home/travis/build/icyphy/ptII/ptolemy/domains/continuous/test/auto/hierarchicalModalModel4.xml
5 ms. Memory: 433664K Free: 99730K (23%)
----------------- Invoking toplevel() on ptolemy.moml.MoMLSimpleApplication@4535fb85
----------------- Done invoking toplevel() on ptolemy.moml.MoMLSimpleApplication@4535fb85
reloadAllAccessors: .hierarchicalModalModel4

===========================================================================================
----------------- testing Thu Jun 07 15:14:01 UTC 2018 /home/travis/build/icyphy/ptII/ptolemy/domains/continuous/test/auto/junk.xml
----------------- Instantiating /home/travis/build/icyphy/ptII/ptolemy/domains/continuous/test/auto/junk.xml
127 ms. Memory: 433664K Free: 65400K (15%)
----------------- Invoking toplevel() on ptolemy.moml.MoMLSimpleApplication@6a0b45be
----------------- Done invoking toplevel() on ptolemy.moml.MoMLSimpleApplication@6a0b45be
reloadAllAccessors: .junk
AutoTests.java: About to close Vertx.
AutoTests.java: Vertx closed.
]]></system-out>
  <system-err><![CDATA[Warning: '.IncreasingRatePoisson.NonStrictTest' The test produced only 395 tokens, yet the correctValues parameter was expecting 402 tokens.
Warning: '.Poisson.NonStrictTest' The test produced only 407 tokens, yet the correctValues parameter was expecting 430 tokens.
]]></system-err>
</testsuite>
