<?xml version="1.0" encoding="UTF-8" ?>
<testsuite errors="0" failures="0" hostname="travis-job-22996f26-67bf-4298-aaf0-bfee007aa5d6" name="ptolemy.domains.continuous.test.junit.JUnitTclTest" skipped="0" tests="156" time="75.39" timestamp="2019-04-13T03:59:51">
  <properties>
[...]
</properties>
  <testcase classname="ptolemy.util.test.junit.TclTests" name="[0] ThereAreNoTclTests (RunTclFile)" time="0.002" />
  <testcase classname="ptolemy.util.test.junit.AutoKnownFailedTests" name="[0] ThereAreNoKnowFailedTests (RunModel)" time="0.001" />
  <testcase classname="ptolemy.util.test.junit.AutoNameArchTests" name="[0] ThereAreNoAutoArchTests (RunModel)" time="0.001" />
  <testcase classname="ptolemy.util.test.junit.AutoTests" name="[0] /home/travis/build/icyphy/ptII/ptolemy/domains/continuous/test/auto/BouncingBall.xml (RunModel)" time="2.899" />
  <testcase classname="ptolemy.util.test.junit.AutoTests" name="[1] /home/travis/build/icyphy/ptII/ptolemy/domains/continuous/test/auto/BouncingBallWithoutGR.xml (RunModel)" time="0.769" />
  <testcase classname="ptolemy.util.test.junit.AutoTests" name="[2] /home/travis/build/icyphy/ptII/ptolemy/domains/continuous/test/auto/Brownian.xml (RunModel)" time="0.106" />
  <testcase classname="ptolemy.util.test.junit.AutoTests" name="[3] /home/travis/build/icyphy/ptII/ptolemy/domains/continuous/test/auto/CarTracking.xml (RunModel)" time="4.322" />
  <testcase classname="ptolemy.util.test.junit.AutoTests" name="[4] /home/travis/build/icyphy/ptII/ptolemy/domains/continuous/test/auto/CartPendulum.xml (RunModel)" time="0.592" />
  <testcase classname="ptolemy.util.test.junit.AutoTests" name="[5] /home/travis/build/icyphy/ptII/ptolemy/domains/continuous/test/auto/CausalityInterface10.xml (RunModel)" time="0.038" />
  <testcase classname="ptolemy.util.test.junit.AutoTests" name="[6] /home/travis/build/icyphy/ptII/ptolemy/domains/continuous/test/auto/CausalityInterface11.xml (RunModel)" time="0.021" />
  <testcase classname="ptolemy.util.test.junit.AutoTests" name="[7] /home/travis/build/icyphy/ptII/ptolemy/domains/continuous/test/auto/CausalityInterface12.xml (RunModel)" time="0.021" />
  <testcase classname="ptolemy.util.test.junit.AutoTests" name="[8] /home/travis/build/icyphy/ptII/ptolemy/domains/continuous/test/auto/CausalityInterface13.xml (RunModel)" time="0.027" />
  <testcase classname="ptolemy.util.test.junit.AutoTests" name="[9] /home/travis/build/icyphy/ptII/ptolemy/domains/continuous/test/auto/CausalityInterface14.xml (RunModel)" time="0.028" />
  <testcase classname="ptolemy.util.test.junit.AutoTests" name="[10] /home/travis/build/icyphy/ptII/ptolemy/domains/continuous/test/auto/CausalityInterface4.xml (RunModel)" time="0.049" />
  <testcase classname="ptolemy.util.test.junit.AutoTests" name="[11] /home/travis/build/icyphy/ptII/ptolemy/domains/continuous/test/auto/CausalityInterface5.xml (RunModel)" time="0.035" />
  <testcase classname="ptolemy.util.test.junit.AutoTests" name="[12] /home/travis/build/icyphy/ptII/ptolemy/domains/continuous/test/auto/CausalityInterface6.xml (RunModel)" time="0.03" />
  <testcase classname="ptolemy.util.test.junit.AutoTests" name="[13] /home/travis/build/icyphy/ptII/ptolemy/domains/continuous/test/auto/CausalityInterface7.xml (RunModel)" time="0.042" />
  <testcase classname="ptolemy.util.test.junit.AutoTests" name="[14] /home/travis/build/icyphy/ptII/ptolemy/domains/continuous/test/auto/CausalityInterface8.xml (RunModel)" time="0.045" />
  <testcase classname="ptolemy.util.test.junit.AutoTests" name="[15] /home/travis/build/icyphy/ptII/ptolemy/domains/continuous/test/auto/CausalityInterface9.xml (RunModel)" time="0.041" />
  <testcase classname="ptolemy.util.test.junit.AutoTests" name="[16] /home/travis/build/icyphy/ptII/ptolemy/domains/continuous/test/auto/CausalityInterfaceFeedback1.xml (RunModel)" time="0.029" />
  <testcase classname="ptolemy.util.test.junit.AutoTests" name="[17] /home/travis/build/icyphy/ptII/ptolemy/domains/continuous/test/auto/CausalityInterfaceFeedback2.xml (RunModel)" time="0.027" />
  <testcase classname="ptolemy.util.test.junit.AutoTests" name="[18] /home/travis/build/icyphy/ptII/ptolemy/domains/continuous/test/auto/CompareWithCurrentTime.xml (RunModel)" time="0.025" />
  <testcase classname="ptolemy.util.test.junit.AutoTests" name="[19] /home/travis/build/icyphy/ptII/ptolemy/domains/continuous/test/auto/ComparedClocks.xml (RunModel)" time="0.058" />
  <testcase classname="ptolemy.util.test.junit.AutoTests" name="[20] /home/travis/build/icyphy/ptII/ptolemy/domains/continuous/test/auto/ContinuousAOCClone.xml (RunModel)" time="2.865" />
  <testcase classname="ptolemy.util.test.junit.AutoTests" name="[21] /home/travis/build/icyphy/ptII/ptolemy/domains/continuous/test/auto/ContinuousClock.xml (RunModel)" time="0.101" />
  <testcase classname="ptolemy.util.test.junit.AutoTests" name="[22] /home/travis/build/icyphy/ptII/ptolemy/domains/continuous/test/auto/ContinuousInContinuous.xml (RunModel)" time="0.082" />
  <testcase classname="ptolemy.util.test.junit.AutoTests" name="[23] /home/travis/build/icyphy/ptII/ptolemy/domains/continuous/test/auto/ContinuousInContinuousInContinuous.xml (RunModel)" time="0.035" />
  <testcase classname="ptolemy.util.test.junit.AutoTests" name="[24] /home/travis/build/icyphy/ptII/ptolemy/domains/continuous/test/auto/ContinuousInDE.xml (RunModel)" time="0.098" />
  <testcase classname="ptolemy.util.test.junit.AutoTests" name="[25] /home/travis/build/icyphy/ptII/ptolemy/domains/continuous/test/auto/ContinuousInDE2.xml (RunModel)" time="0.091" />
  <testcase classname="ptolemy.util.test.junit.AutoTests" name="[26] /home/travis/build/icyphy/ptII/ptolemy/domains/continuous/test/auto/ContinuousInDE3.xml (RunModel)" time="0.064" />
  <testcase classname="ptolemy.util.test.junit.AutoTests" name="[27] /home/travis/build/icyphy/ptII/ptolemy/domains/continuous/test/auto/ContinuousInDE4.xml (RunModel)" time="0.042" />
  <testcase classname="ptolemy.util.test.junit.AutoTests" name="[28] /home/travis/build/icyphy/ptII/ptolemy/domains/continuous/test/auto/ContinuousInDEDifferentRefinements.xml (RunModel)" time="0.128" />
  <testcase classname="ptolemy.util.test.junit.AutoTests" name="[29] /home/travis/build/icyphy/ptII/ptolemy/domains/continuous/test/auto/ContinuousInDEDifferentRefinementsPreemptive.xml (RunModel)" time="0.105" />
  <testcase classname="ptolemy.util.test.junit.AutoTests" name="[30] /home/travis/build/icyphy/ptII/ptolemy/domains/continuous/test/auto/ContinuousInDEInContinuous2.xml (RunModel)" time="0.075" />
  <testcase classname="ptolemy.util.test.junit.AutoTests" name="[31] /home/travis/build/icyphy/ptII/ptolemy/domains/continuous/test/auto/ContinuousInDEInContinuous3.xml (RunModel)" time="0.069" />
  <testcase classname="ptolemy.util.test.junit.AutoTests" name="[32] /home/travis/build/icyphy/ptII/ptolemy/domains/continuous/test/auto/ContinuousInDEInput.xml (RunModel)" time="0.047" />
  <testcase classname="ptolemy.util.test.junit.AutoTests" name="[33] /home/travis/build/icyphy/ptII/ptolemy/domains/continuous/test/auto/ContinuousInDEInput2.xml (RunModel)" time="0.044" />
  <testcase classname="ptolemy.util.test.junit.AutoTests" name="[34] /home/travis/build/icyphy/ptII/ptolemy/domains/continuous/test/auto/ContinuousInDEInput3.xml (RunModel)" time="0.035" />
  <testcase classname="ptolemy.util.test.junit.AutoTests" name="[35] /home/travis/build/icyphy/ptII/ptolemy/domains/continuous/test/auto/ContinuousInDESharingRefinement.xml (RunModel)" time="0.196" />
  <testcase classname="ptolemy.util.test.junit.AutoTests" name="[36] /home/travis/build/icyphy/ptII/ptolemy/domains/continuous/test/auto/ContinuousInDEwithNoPorts.xml (RunModel)" time="0.027" />
  <testcase classname="ptolemy.util.test.junit.AutoTests" name="[37] /home/travis/build/icyphy/ptII/ptolemy/domains/continuous/test/auto/ContinuousInsideDE.xml (RunModel)" time="0.08" />
  <testcase classname="ptolemy.util.test.junit.AutoTests" name="[38] /home/travis/build/icyphy/ptII/ptolemy/domains/continuous/test/auto/ContinuousMerge1.xml (RunModel)" time="0.025" />
  <testcase classname="ptolemy.util.test.junit.AutoTests" name="[39] /home/travis/build/icyphy/ptII/ptolemy/domains/continuous/test/auto/ContinuousMerge2.xml (RunModel)" time="0.057" />
  <testcase classname="ptolemy.util.test.junit.AutoTests" name="[40] /home/travis/build/icyphy/ptII/ptolemy/domains/continuous/test/auto/ContinuousMerge3.xml (RunModel)" time="0.08" />
  <testcase classname="ptolemy.util.test.junit.AutoTests" name="[41] /home/travis/build/icyphy/ptII/ptolemy/domains/continuous/test/auto/ContinuousWithinContinuous.xml (RunModel)" time="0.086" />
  <testcase classname="ptolemy.util.test.junit.AutoTests" name="[42] /home/travis/build/icyphy/ptII/ptolemy/domains/continuous/test/auto/ContinuousWithinContinuous2.xml (RunModel)" time="0.091" />
  <testcase classname="ptolemy.util.test.junit.AutoTests" name="[43] /home/travis/build/icyphy/ptII/ptolemy/domains/continuous/test/auto/ContinuousWithinContinuous3.xml (RunModel)" time="0.038" />
  <testcase classname="ptolemy.util.test.junit.AutoTests" name="[44] /home/travis/build/icyphy/ptII/ptolemy/domains/continuous/test/auto/ContinuousWithinContinuous4.xml (RunModel)" time="0.091" />
  <testcase classname="ptolemy.util.test.junit.AutoTests" name="[45] /home/travis/build/icyphy/ptII/ptolemy/domains/continuous/test/auto/ContinuousWithinContinuous5.xml (RunModel)" time="0.035" />
  <testcase classname="ptolemy.util.test.junit.AutoTests" name="[46] /home/travis/build/icyphy/ptII/ptolemy/domains/continuous/test/auto/ContinuousWithinContinuous6.xml (RunModel)" time="0.034" />
  <testcase classname="ptolemy.util.test.junit.AutoTests" name="[47] /home/travis/build/icyphy/ptII/ptolemy/domains/continuous/test/auto/ContinuousWithinContinuous7.xml (RunModel)" time="0.073" />
  <testcase classname="ptolemy.util.test.junit.AutoTests" name="[48] /home/travis/build/icyphy/ptII/ptolemy/domains/continuous/test/auto/DCMotor.xml (RunModel)" time="13.194" />
  <testcase classname="ptolemy.util.test.junit.AutoTests" name="[49] /home/travis/build/icyphy/ptII/ptolemy/domains/continuous/test/auto/DEInContinuous.xml (RunModel)" time="0.048" />
  <testcase classname="ptolemy.util.test.junit.AutoTests" name="[50] /home/travis/build/icyphy/ptII/ptolemy/domains/continuous/test/auto/DEinContinuous2.xml (RunModel)" time="0.044" />
  <testcase classname="ptolemy.util.test.junit.AutoTests" name="[51] /home/travis/build/icyphy/ptII/ptolemy/domains/continuous/test/auto/Derivative.xml (RunModel)" time="0.205" />
  <testcase classname="ptolemy.util.test.junit.AutoTests" name="[52] /home/travis/build/icyphy/ptII/ptolemy/domains/continuous/test/auto/Derivative1.xml (RunModel)" time="0.049" />
  <testcase classname="ptolemy.util.test.junit.AutoTests" name="[53] /home/travis/build/icyphy/ptII/ptolemy/domains/continuous/test/auto/DiscreteClock.xml (RunModel)" time="0.016" />
  <testcase classname="ptolemy.util.test.junit.AutoTests" name="[54] /home/travis/build/icyphy/ptII/ptolemy/domains/continuous/test/auto/EfficiencyCurve.xml (RunModel)" time="0.13" />
  <testcase classname="ptolemy.util.test.junit.AutoTests" name="[55] /home/travis/build/icyphy/ptII/ptolemy/domains/continuous/test/auto/ExponentialResponse.xml (RunModel)" time="0.125" />
  <testcase classname="ptolemy.util.test.junit.AutoTests" name="[56] /home/travis/build/icyphy/ptII/ptolemy/domains/continuous/test/auto/ExponentialResponseRK45.xml (RunModel)" time="0.04" />
  <testcase classname="ptolemy.util.test.junit.AutoTests" name="[57] /home/travis/build/icyphy/ptII/ptolemy/domains/continuous/test/auto/Friction.xml (RunModel)" time="1.629" />
  <testcase classname="ptolemy.util.test.junit.AutoTests" name="[58] /home/travis/build/icyphy/ptII/ptolemy/domains/continuous/test/auto/FurutaPendulum.xml (RunModel)" time="3.748" />
  <testcase classname="ptolemy.util.test.junit.AutoTests" name="[59] /home/travis/build/icyphy/ptII/ptolemy/domains/continuous/test/auto/HierarchicalExecution.xml (RunModel)" time="2.298" />
  <testcase classname="ptolemy.util.test.junit.AutoTests" name="[60] /home/travis/build/icyphy/ptII/ptolemy/domains/continuous/test/auto/HybridPlant.xml (RunModel)" time="0.56" />
  <testcase classname="ptolemy.util.test.junit.AutoTests" name="[61] /home/travis/build/icyphy/ptII/ptolemy/domains/continuous/test/auto/Hysteresis.xml (RunModel)" time="0.162" />
  <testcase classname="ptolemy.util.test.junit.AutoTests" name="[62] /home/travis/build/icyphy/ptII/ptolemy/domains/continuous/test/auto/HysteresisWithRandomDelay.xml (RunModel)" time="0.235" />
  <testcase classname="ptolemy.util.test.junit.AutoTests" name="[63] /home/travis/build/icyphy/ptII/ptolemy/domains/continuous/test/auto/HysteresisWithRandomLosses.xml (RunModel)" time="2.192" />
  <testcase classname="ptolemy.util.test.junit.AutoTests" name="[64] /home/travis/build/icyphy/ptII/ptolemy/domains/continuous/test/auto/ImmediateTransitions.xml (RunModel)" time="0.046" />
  <testcase classname="ptolemy.util.test.junit.AutoTests" name="[65] /home/travis/build/icyphy/ptII/ptolemy/domains/continuous/test/auto/ImpulseFeedback.xml (RunModel)" time="0.035" />
  <testcase classname="ptolemy.util.test.junit.AutoTests" name="[66] /home/travis/build/icyphy/ptII/ptolemy/domains/continuous/test/auto/ImpulseFeedback2.xml (RunModel)" time="0.018" />
  <testcase classname="ptolemy.util.test.junit.AutoTests" name="[67] /home/travis/build/icyphy/ptII/ptolemy/domains/continuous/test/auto/IncreasingRatePoisson.xml (RunModel)" time="0.702" />
  <testcase classname="ptolemy.util.test.junit.AutoTests" name="[68] /home/travis/build/icyphy/ptII/ptolemy/domains/continuous/test/auto/InitialStateFeedback.xml (RunModel)" time="0.012" />
  <testcase classname="ptolemy.util.test.junit.AutoTests" name="[69] /home/travis/build/icyphy/ptII/ptolemy/domains/continuous/test/auto/Integration.xml (RunModel)" time="0.01" />
  <testcase classname="ptolemy.util.test.junit.AutoTests" name="[70] /home/travis/build/icyphy/ptII/ptolemy/domains/continuous/test/auto/Integration2.xml (RunModel)" time="0.09" />
  <testcase classname="ptolemy.util.test.junit.AutoTests" name="[71] /home/travis/build/icyphy/ptII/ptolemy/domains/continuous/test/auto/Integration3.xml (RunModel)" time="0.018" />
  <testcase classname="ptolemy.util.test.junit.AutoTests" name="[72] /home/travis/build/icyphy/ptII/ptolemy/domains/continuous/test/auto/Integration5.xml (RunModel)" time="0.025" />
  <testcase classname="ptolemy.util.test.junit.AutoTests" name="[73] /home/travis/build/icyphy/ptII/ptolemy/domains/continuous/test/auto/IntegratorImpulse.xml (RunModel)" time="0.014" />
  <testcase classname="ptolemy.util.test.junit.AutoTests" name="[74] /home/travis/build/icyphy/ptII/ptolemy/domains/continuous/test/auto/IntegratorImpulse2.xml (RunModel)" time="0.012" />
  <testcase classname="ptolemy.util.test.junit.AutoTests" name="[75] /home/travis/build/icyphy/ptII/ptolemy/domains/continuous/test/auto/LevelCrossing1.xml (RunModel)" time="0.012" />
  <testcase classname="ptolemy.util.test.junit.AutoTests" name="[76] /home/travis/build/icyphy/ptII/ptolemy/domains/continuous/test/auto/LevelCrossing2.xml (RunModel)" time="0.013" />
  <testcase classname="ptolemy.util.test.junit.AutoTests" name="[77] /home/travis/build/icyphy/ptII/ptolemy/domains/continuous/test/auto/LevelCrossing3.xml (RunModel)" time="0.012" />
  <testcase classname="ptolemy.util.test.junit.AutoTests" name="[78] /home/travis/build/icyphy/ptII/ptolemy/domains/continuous/test/auto/LevelCrossing4.xml (RunModel)" time="0.014" />
  <testcase classname="ptolemy.util.test.junit.AutoTests" name="[79] /home/travis/build/icyphy/ptII/ptolemy/domains/continuous/test/auto/LevelCrossing5.xml (RunModel)" time="0.013" />
  <testcase classname="ptolemy.util.test.junit.AutoTests" name="[80] /home/travis/build/icyphy/ptII/ptolemy/domains/continuous/test/auto/LevelCrossing6.xml (RunModel)" time="0.014" />
  <testcase classname="ptolemy.util.test.junit.AutoTests" name="[81] /home/travis/build/icyphy/ptII/ptolemy/domains/continuous/test/auto/LevelCrossingDetector.xml (RunModel)" time="0.043" />
  <testcase classname="ptolemy.util.test.junit.AutoTests" name="[82] /home/travis/build/icyphy/ptII/ptolemy/domains/continuous/test/auto/LevelCrossingDetectorDetectingDirections.xml (RunModel)" time="0.081" />
  <testcase classname="ptolemy.util.test.junit.AutoTests" name="[83] /home/travis/build/icyphy/ptII/ptolemy/domains/continuous/test/auto/LevelCrossingDetectorDetectsGlitches.xml (RunModel)" time="0.066" />
  <testcase classname="ptolemy.util.test.junit.AutoTests" name="[84] /home/travis/build/icyphy/ptII/ptolemy/domains/continuous/test/auto/LevelCrossingNoInitialOuput.xml (RunModel)" time="0.021" />
  <testcase classname="ptolemy.util.test.junit.AutoTests" name="[85] /home/travis/build/icyphy/ptII/ptolemy/domains/continuous/test/auto/LinearStateSpaceExample.xml (RunModel)" time="0.054" />
  <testcase classname="ptolemy.util.test.junit.AutoTests" name="[86] /home/travis/build/icyphy/ptII/ptolemy/domains/continuous/test/auto/Lorenz.xml (RunModel)" time="4.202" />
  <testcase classname="ptolemy.util.test.junit.AutoTests" name="[87] /home/travis/build/icyphy/ptII/ptolemy/domains/continuous/test/auto/LorenzDifferentialSystem.xml (RunModel)" time="1.234" />
  <testcase classname="ptolemy.util.test.junit.AutoTests" name="[88] /home/travis/build/icyphy/ptII/ptolemy/domains/continuous/test/auto/LorenzDifferentialSystemWithInput.xml (RunModel)" time="1.39" />
  <testcase classname="ptolemy.util.test.junit.AutoTests" name="[89] /home/travis/build/icyphy/ptII/ptolemy/domains/continuous/test/auto/LorenzDifferentialSystemWithTime.xml (RunModel)" time="0.893" />
  <testcase classname="ptolemy.util.test.junit.AutoTests" name="[90] /home/travis/build/icyphy/ptII/ptolemy/domains/continuous/test/auto/Microsteps.xml (RunModel)" time="0.024" />
  <testcase classname="ptolemy.util.test.junit.AutoTests" name="[91] /home/travis/build/icyphy/ptII/ptolemy/domains/continuous/test/auto/Modal1.xml (RunModel)" time="0.032" />
  <testcase classname="ptolemy.util.test.junit.AutoTests" name="[92] /home/travis/build/icyphy/ptII/ptolemy/domains/continuous/test/auto/Modal2.xml (RunModel)" time="0.035" />
  <testcase classname="ptolemy.util.test.junit.AutoTests" name="[93] /home/travis/build/icyphy/ptII/ptolemy/domains/continuous/test/auto/ModalTransitionGuardWithReset.xml (RunModel)" time="0.026" />
  <testcase classname="ptolemy.util.test.junit.AutoTests" name="[94] /home/travis/build/icyphy/ptII/ptolemy/domains/continuous/test/auto/ModalTransitionGuardWithResetUsingPreemptiveTransition.xml (RunModel)" time="0.022" />
  <testcase classname="ptolemy.util.test.junit.AutoTests" name="[95] /home/travis/build/icyphy/ptII/ptolemy/domains/continuous/test/auto/ModalTransitionGuardWithResetUsingPreemptiveTransition2.xml (RunModel)" time="0.022" />
  <testcase classname="ptolemy.util.test.junit.AutoTests" name="[96] /home/travis/build/icyphy/ptII/ptolemy/domains/continuous/test/auto/ModalTransitionGuardWithResetUsingPreemptiveTransition3.xml (RunModel)" time="0.033" />
  <testcase classname="ptolemy.util.test.junit.AutoTests" name="[97] /home/travis/build/icyphy/ptII/ptolemy/domains/continuous/test/auto/NewtonsCradle.xml (RunModel)" time="0.768" />
  <testcase classname="ptolemy.util.test.junit.AutoTests" name="[98] /home/travis/build/icyphy/ptII/ptolemy/domains/continuous/test/auto/NewtonsCradleAnimated.xml (RunModel)" time="1.304" />
  <testcase classname="ptolemy.util.test.junit.AutoTests" name="[99] /home/travis/build/icyphy/ptII/ptolemy/domains/continuous/test/auto/NewtonsCradleComplicated.xml (RunModel)" time="0.926" />
  <testcase classname="ptolemy.util.test.junit.AutoTests" name="[100] /home/travis/build/icyphy/ptII/ptolemy/domains/continuous/test/auto/NewtonsCradleNondeterministic.xml (RunModel)" time="0.613" />
  <testcase classname="ptolemy.util.test.junit.AutoTests" name="[101] /home/travis/build/icyphy/ptII/ptolemy/domains/continuous/test/auto/NewtonsCradlePerfectlyInelastic1.xml (RunModel)" time="1.369" />
  <testcase classname="ptolemy.util.test.junit.AutoTests" name="[102] /home/travis/build/icyphy/ptII/ptolemy/domains/continuous/test/auto/Noise.xml (RunModel)" time="0.187" />
  <testcase classname="ptolemy.util.test.junit.AutoTests" name="[103] /home/travis/build/icyphy/ptII/ptolemy/domains/continuous/test/auto/NoiseSpectrum.xml (RunModel)" time="0.785" />
  <testcase classname="ptolemy.util.test.junit.AutoTests" name="[104] /home/travis/build/icyphy/ptII/ptolemy/domains/continuous/test/auto/ParameterizedNewtonsCradleAnimated.xml (RunModel)" time="0.338" />
  <testcase classname="ptolemy.util.test.junit.AutoTests" name="[105] /home/travis/build/icyphy/ptII/ptolemy/domains/continuous/test/auto/ParameterizedNewtonsCradleAnimatedNondeterministic.xml (RunModel)" time="1.189" />
  <testcase classname="ptolemy.util.test.junit.AutoTests" name="[106] /home/travis/build/icyphy/ptII/ptolemy/domains/continuous/test/auto/Pendulum3D.xml (RunModel)" time="0.187" />
  <testcase classname="ptolemy.util.test.junit.AutoTests" name="[107] /home/travis/build/icyphy/ptII/ptolemy/domains/continuous/test/auto/PeriodicSampler.xml (RunModel)" time="0.011" />
  <testcase classname="ptolemy.util.test.junit.AutoTests" name="[108] /home/travis/build/icyphy/ptII/ptolemy/domains/continuous/test/auto/PeriodicSampler1.xml (RunModel)" time="0.045" />
  <testcase classname="ptolemy.util.test.junit.AutoTests" name="[109] /home/travis/build/icyphy/ptII/ptolemy/domains/continuous/test/auto/PeriodicSampler2.xml (RunModel)" time="0.073" />
  <testcase classname="ptolemy.util.test.junit.AutoTests" name="[110] /home/travis/build/icyphy/ptII/ptolemy/domains/continuous/test/auto/Poisson.xml (RunModel)" time="0.494" />
  <testcase classname="ptolemy.util.test.junit.AutoTests" name="[111] /home/travis/build/icyphy/ptII/ptolemy/domains/continuous/test/auto/PoissonClock.xml (RunModel)" time="0.013" />
  <testcase classname="ptolemy.util.test.junit.AutoTests" name="[112] /home/travis/build/icyphy/ptII/ptolemy/domains/continuous/test/auto/PoissonClock2.xml (RunModel)" time="0.017" />
  <testcase classname="ptolemy.util.test.junit.AutoTests" name="[113] /home/travis/build/icyphy/ptII/ptolemy/domains/continuous/test/auto/PortParameterHierarchy.xml (RunModel)" time="0.024" />
  <testcase classname="ptolemy.util.test.junit.AutoTests" name="[114] /home/travis/build/icyphy/ptII/ptolemy/domains/continuous/test/auto/RandomHybridPlant.xml (RunModel)" time="0.517" />
  <testcase classname="ptolemy.util.test.junit.AutoTests" name="[115] /home/travis/build/icyphy/ptII/ptolemy/domains/continuous/test/auto/ResetTransitionWithStartTime1.xml (RunModel)" time="0.029" />
  <testcase classname="ptolemy.util.test.junit.AutoTests" name="[116] /home/travis/build/icyphy/ptII/ptolemy/domains/continuous/test/auto/ResetTransitionWithStartTime2.xml (RunModel)" time="0.043" />
  <testcase classname="ptolemy.util.test.junit.AutoTests" name="[117] /home/travis/build/icyphy/ptII/ptolemy/domains/continuous/test/auto/ResetTransitionWithStartTime3.xml (RunModel)" time="0.042" />
  <testcase classname="ptolemy.util.test.junit.AutoTests" name="[118] /home/travis/build/icyphy/ptII/ptolemy/domains/continuous/test/auto/ResetTransitionWithStartTime4.xml (RunModel)" time="0.028" />
  <testcase classname="ptolemy.util.test.junit.AutoTests" name="[119] /home/travis/build/icyphy/ptII/ptolemy/domains/continuous/test/auto/ResetTransitionWithStartTime5.xml (RunModel)" time="0.072" />
  <testcase classname="ptolemy.util.test.junit.AutoTests" name="[120] /home/travis/build/icyphy/ptII/ptolemy/domains/continuous/test/auto/ResetTransitionWithStartTime6.xml (RunModel)" time="0.068" />
  <testcase classname="ptolemy.util.test.junit.AutoTests" name="[121] /home/travis/build/icyphy/ptII/ptolemy/domains/continuous/test/auto/SRinContinuous.xml (RunModel)" time="0.055" />
  <testcase classname="ptolemy.util.test.junit.AutoTests" name="[122] /home/travis/build/icyphy/ptII/ptolemy/domains/continuous/test/auto/SampledClocks.xml (RunModel)" time="0.057" />
  <testcase classname="ptolemy.util.test.junit.AutoTests" name="[123] /home/travis/build/icyphy/ptII/ptolemy/domains/continuous/test/auto/Satellite.xml (RunModel)" time="0.877" />
  <testcase classname="ptolemy.util.test.junit.AutoTests" name="[124] /home/travis/build/icyphy/ptII/ptolemy/domains/continuous/test/auto/SigmaDelta.xml (RunModel)" time="2.315" />
  <testcase classname="ptolemy.util.test.junit.AutoTests" name="[125] /home/travis/build/icyphy/ptII/ptolemy/domains/continuous/test/auto/SingleRefinement.xml (RunModel)" time="0.446" />
  <testcase classname="ptolemy.util.test.junit.AutoTests" name="[126] /home/travis/build/icyphy/ptII/ptolemy/domains/continuous/test/auto/SinuBouncingBall.xml (RunModel)" time="0.845" />
  <testcase classname="ptolemy.util.test.junit.AutoTests" name="[127] /home/travis/build/icyphy/ptII/ptolemy/domains/continuous/test/auto/Sinusoid.xml (RunModel)" time="0.014" />
  <testcase classname="ptolemy.util.test.junit.AutoTests" name="[128] /home/travis/build/icyphy/ptII/ptolemy/domains/continuous/test/auto/SinusoidInNoise.xml (RunModel)" time="1.017" />
  <testcase classname="ptolemy.util.test.junit.AutoTests" name="[129] /home/travis/build/icyphy/ptII/ptolemy/domains/continuous/test/auto/SinusoidRK45.xml (RunModel)" time="0.014" />
  <testcase classname="ptolemy.util.test.junit.AutoTests" name="[130] /home/travis/build/icyphy/ptII/ptolemy/domains/continuous/test/auto/SinusoidWithMultipleImpulses.xml (RunModel)" time="0.013" />
  <testcase classname="ptolemy.util.test.junit.AutoTests" name="[131] /home/travis/build/icyphy/ptII/ptolemy/domains/continuous/test/auto/SquareWave.xml (RunModel)" time="0.206" />
  <testcase classname="ptolemy.util.test.junit.AutoTests" name="[132] /home/travis/build/icyphy/ptII/ptolemy/domains/continuous/test/auto/Starmac.xml (RunModel)" time="3.429" />
  <testcase classname="ptolemy.util.test.junit.AutoTests" name="[133] /home/travis/build/icyphy/ptII/ptolemy/domains/continuous/test/auto/StaticUnits.xml (RunModel)" time="2.582" />
  <testcase classname="ptolemy.util.test.junit.AutoTests" name="[134] /home/travis/build/icyphy/ptII/ptolemy/domains/continuous/test/auto/StickyMasses.xml (RunModel)" time="0.168" />
  <testcase classname="ptolemy.util.test.junit.AutoTests" name="[135] /home/travis/build/icyphy/ptII/ptolemy/domains/continuous/test/auto/StopTime.xml (RunModel)" time="0.064" />
  <testcase classname="ptolemy.util.test.junit.AutoTests" name="[136] /home/travis/build/icyphy/ptII/ptolemy/domains/continuous/test/auto/StopTime2.xml (RunModel)" time="0.072" />
  <testcase classname="ptolemy.util.test.junit.AutoTests" name="[137] /home/travis/build/icyphy/ptII/ptolemy/domains/continuous/test/auto/Switch.xml (RunModel)" time="0.072" />
  <testcase classname="ptolemy.util.test.junit.AutoTests" name="[138] /home/travis/build/icyphy/ptII/ptolemy/domains/continuous/test/auto/Thermostat.xml (RunModel)" time="0.217" />
  <testcase classname="ptolemy.util.test.junit.AutoTests" name="[139] /home/travis/build/icyphy/ptII/ptolemy/domains/continuous/test/auto/TimeDelay.xml (RunModel)" time="0.015" />
  <testcase classname="ptolemy.util.test.junit.AutoTests" name="[140] /home/travis/build/icyphy/ptII/ptolemy/domains/continuous/test/auto/TimeDelay2.xml (RunModel)" time="0.018" />
  <testcase classname="ptolemy.util.test.junit.AutoTests" name="[141] /home/travis/build/icyphy/ptII/ptolemy/domains/continuous/test/auto/TimeDelay3.xml (RunModel)" time="0.014" />
  <testcase classname="ptolemy.util.test.junit.AutoTests" name="[142] /home/travis/build/icyphy/ptII/ptolemy/domains/continuous/test/auto/TransferAbsentToInside.xml (RunModel)" time="0.111" />
  <testcase classname="ptolemy.util.test.junit.AutoTests" name="[143] /home/travis/build/icyphy/ptII/ptolemy/domains/continuous/test/auto/Transmission.xml (RunModel)" time="0.751" />
  <testcase classname="ptolemy.util.test.junit.AutoTests" name="[144] /home/travis/build/icyphy/ptII/ptolemy/domains/continuous/test/auto/TriggeredContinuousClock.xml (RunModel)" time="0.073" />
  <testcase classname="ptolemy.util.test.junit.AutoTests" name="[145] /home/travis/build/icyphy/ptII/ptolemy/domains/continuous/test/auto/TwoMachineInfiniteBusControl.xml (RunModel)" time="2.981" />
  <testcase classname="ptolemy.util.test.junit.AutoTests" name="[146] /home/travis/build/icyphy/ptII/ptolemy/domains/continuous/test/auto/V2V.xml (RunModel)" time="0.748" />
  <testcase classname="ptolemy.util.test.junit.AutoTests" name="[147] /home/travis/build/icyphy/ptII/ptolemy/domains/continuous/test/auto/hierarchicalModalModel.xml (RunModel)" time="0.044" />
  <testcase classname="ptolemy.util.test.junit.AutoTests" name="[148] /home/travis/build/icyphy/ptII/ptolemy/domains/continuous/test/auto/hierarchicalModalModel1.xml (RunModel)" time="0.033" />
  <testcase classname="ptolemy.util.test.junit.AutoTests" name="[149] /home/travis/build/icyphy/ptII/ptolemy/domains/continuous/test/auto/hierarchicalModalModel2.xml (RunModel)" time="0.027" />
  <testcase classname="ptolemy.util.test.junit.AutoTests" name="[150] /home/travis/build/icyphy/ptII/ptolemy/domains/continuous/test/auto/hierarchicalModalModel3.xml (RunModel)" time="0.024" />
  <testcase classname="ptolemy.util.test.junit.AutoTests" name="[151] /home/travis/build/icyphy/ptII/ptolemy/domains/continuous/test/auto/hierarchicalModalModel4.xml (RunModel)" time="0.029" />
  <testcase classname="ptolemy.util.test.junit.AutoTests" name="[152] /home/travis/build/icyphy/ptII/ptolemy/domains/continuous/test/auto/junk.xml (RunModel)" time="0.141" />
  <system-out><![CDATA[No tcl tests in /home/travis/build/icyphy/ptII/ptolemy/domains/continuous/test
No auto/knownFailedTests/*.xml tests in /home/travis/build/icyphy/ptII/ptolemy/domains/continuous/test
No auto/linux-amd64/*.xml tests in /home/travis/build/icyphy/ptII/ptolemy/domains/continuous/test
AutoTests.java: About to close Vertx.
AutoTests.java: Vertx closed.

===========================================================================================
----------------- testing Sat Apr 13 03:59:51 UTC 2019 /home/travis/build/icyphy/ptII/ptolemy/domains/continuous/test/auto/BouncingBall.xml
----------------- Instantiating /home/travis/build/icyphy/ptII/ptolemy/domains/continuous/test/auto/BouncingBall.xml
2413 ms. Memory: 332288K Free: 254044K (76%)
----------------- Invoking toplevel() on ptolemy.moml.MoMLSimpleApplication@66a78d97
----------------- Done invoking toplevel() on ptolemy.moml.MoMLSimpleApplication@66a78d97
reloadAllAccessors: .BouncingBall

===========================================================================================
----------------- testing Sat Apr 13 03:59:54 UTC 2019 /home/travis/build/icyphy/ptII/ptolemy/domains/continuous/test/auto/BouncingBallWithoutGR.xml
----------------- Instantiating /home/travis/build/icyphy/ptII/ptolemy/domains/continuous/test/auto/BouncingBallWithoutGR.xml
688 ms. Memory: 332288K Free: 310313K (93%)
----------------- Invoking toplevel() on ptolemy.moml.MoMLSimpleApplication@2d87a03a
----------------- Done invoking toplevel() on ptolemy.moml.MoMLSimpleApplication@2d87a03a
reloadAllAccessors: .BouncingBallWithoutGR

===========================================================================================
----------------- testing Sat Apr 13 03:59:55 UTC 2019 /home/travis/build/icyphy/ptII/ptolemy/domains/continuous/test/auto/Brownian.xml
----------------- Instantiating /home/travis/build/icyphy/ptII/ptolemy/domains/continuous/test/auto/Brownian.xml
38 ms. Memory: 332288K Free: 296659K (89%)
----------------- Invoking toplevel() on ptolemy.moml.MoMLSimpleApplication@67782cf
----------------- Done invoking toplevel() on ptolemy.moml.MoMLSimpleApplication@67782cf
reloadAllAccessors: .Brownian

===========================================================================================
----------------- testing Sat Apr 13 03:59:55 UTC 2019 /home/travis/build/icyphy/ptII/ptolemy/domains/continuous/test/auto/CarTracking.xml
----------------- Instantiating /home/travis/build/icyphy/ptII/ptolemy/domains/continuous/test/auto/CarTracking.xml
3860 ms. Memory: 578560K Free: 447050K (77%)
----------------- Invoking toplevel() on ptolemy.moml.MoMLSimpleApplication@21fd0a42
----------------- Done invoking toplevel() on ptolemy.moml.MoMLSimpleApplication@21fd0a42
reloadAllAccessors: .CarTracking

===========================================================================================
----------------- testing Sat Apr 13 03:59:59 UTC 2019 /home/travis/build/icyphy/ptII/ptolemy/domains/continuous/test/auto/CartPendulum.xml
----------------- Instantiating /home/travis/build/icyphy/ptII/ptolemy/domains/continuous/test/auto/CartPendulum.xml
412 ms. Memory: 578560K Free: 346003K (60%)
----------------- Invoking toplevel() on ptolemy.moml.MoMLSimpleApplication@5d406e5c
----------------- Done invoking toplevel() on ptolemy.moml.MoMLSimpleApplication@5d406e5c
reloadAllAccessors: .CartPendulum

===========================================================================================
----------------- testing Sat Apr 13 04:00:00 UTC 2019 /home/travis/build/icyphy/ptII/ptolemy/domains/continuous/test/auto/CausalityInterface10.xml
----------------- Instantiating /home/travis/build/icyphy/ptII/ptolemy/domains/continuous/test/auto/CausalityInterface10.xml
7 ms. Memory: 578560K Free: 332895K (58%)
----------------- Invoking toplevel() on ptolemy.moml.MoMLSimpleApplication@e1d666f
----------------- Done invoking toplevel() on ptolemy.moml.MoMLSimpleApplication@e1d666f
reloadAllAccessors: .CausalityInterface10

===========================================================================================
----------------- testing Sat Apr 13 04:00:00 UTC 2019 /home/travis/build/icyphy/ptII/ptolemy/domains/continuous/test/auto/CausalityInterface11.xml
----------------- Instantiating /home/travis/build/icyphy/ptII/ptolemy/domains/continuous/test/auto/CausalityInterface11.xml
4 ms. Memory: 578560K Free: 323049K (56%)
----------------- Invoking toplevel() on ptolemy.moml.MoMLSimpleApplication@46caf327
----------------- Done invoking toplevel() on ptolemy.moml.MoMLSimpleApplication@46caf327
reloadAllAccessors: .CausalityInterface11

===========================================================================================
----------------- testing Sat Apr 13 04:00:00 UTC 2019 /home/travis/build/icyphy/ptII/ptolemy/domains/continuous/test/auto/CausalityInterface12.xml
----------------- Instantiating /home/travis/build/icyphy/ptII/ptolemy/domains/continuous/test/auto/CausalityInterface12.xml
4 ms. Memory: 578560K Free: 310349K (54%)
----------------- Invoking toplevel() on ptolemy.moml.MoMLSimpleApplication@4711b9a9
----------------- Done invoking toplevel() on ptolemy.moml.MoMLSimpleApplication@4711b9a9
reloadAllAccessors: .CausalityInterface12

===========================================================================================
----------------- testing Sat Apr 13 04:00:00 UTC 2019 /home/travis/build/icyphy/ptII/ptolemy/domains/continuous/test/auto/CausalityInterface13.xml
----------------- Instantiating /home/travis/build/icyphy/ptII/ptolemy/domains/continuous/test/auto/CausalityInterface13.xml
4 ms. Memory: 578560K Free: 300502K (52%)
----------------- Invoking toplevel() on ptolemy.moml.MoMLSimpleApplication@2bdaa35e
----------------- Done invoking toplevel() on ptolemy.moml.MoMLSimpleApplication@2bdaa35e
reloadAllAccessors: .CausalityInterface13

===========================================================================================
----------------- testing Sat Apr 13 04:00:00 UTC 2019 /home/travis/build/icyphy/ptII/ptolemy/domains/continuous/test/auto/CausalityInterface14.xml
----------------- Instantiating /home/travis/build/icyphy/ptII/ptolemy/domains/continuous/test/auto/CausalityInterface14.xml
3 ms. Memory: 578560K Free: 290656K (50%)
----------------- Invoking toplevel() on ptolemy.moml.MoMLSimpleApplication@6baf9bae
----------------- Done invoking toplevel() on ptolemy.moml.MoMLSimpleApplication@6baf9bae
reloadAllAccessors: .CausalityInterface14

===========================================================================================
----------------- testing Sat Apr 13 04:00:00 UTC 2019 /home/travis/build/icyphy/ptII/ptolemy/domains/continuous/test/auto/CausalityInterface4.xml
----------------- Instantiating /home/travis/build/icyphy/ptII/ptolemy/domains/continuous/test/auto/CausalityInterface4.xml
5 ms. Memory: 578560K Free: 280809K (49%)
----------------- Invoking toplevel() on ptolemy.moml.MoMLSimpleApplication@25d14de6
----------------- Done invoking toplevel() on ptolemy.moml.MoMLSimpleApplication@25d14de6
reloadAllAccessors: .CausalityInterface4

===========================================================================================
----------------- testing Sat Apr 13 04:00:00 UTC 2019 /home/travis/build/icyphy/ptII/ptolemy/domains/continuous/test/auto/CausalityInterface5.xml
----------------- Instantiating /home/travis/build/icyphy/ptII/ptolemy/domains/continuous/test/auto/CausalityInterface5.xml
4 ms. Memory: 578560K Free: 264817K (46%)
----------------- Invoking toplevel() on ptolemy.moml.MoMLSimpleApplication@26823233
----------------- Done invoking toplevel() on ptolemy.moml.MoMLSimpleApplication@26823233
reloadAllAccessors: .CausalityInterface5

===========================================================================================
----------------- testing Sat Apr 13 04:00:00 UTC 2019 /home/travis/build/icyphy/ptII/ptolemy/domains/continuous/test/auto/CausalityInterface6.xml
----------------- Instantiating /home/travis/build/icyphy/ptII/ptolemy/domains/continuous/test/auto/CausalityInterface6.xml
5 ms. Memory: 578560K Free: 254978K (44%)
----------------- Invoking toplevel() on ptolemy.moml.MoMLSimpleApplication@20605188
----------------- Done invoking toplevel() on ptolemy.moml.MoMLSimpleApplication@20605188
reloadAllAccessors: .CausalityInterface6

===========================================================================================
----------------- testing Sat Apr 13 04:00:00 UTC 2019 /home/travis/build/icyphy/ptII/ptolemy/domains/continuous/test/auto/CausalityInterface7.xml
----------------- Instantiating /home/travis/build/icyphy/ptII/ptolemy/domains/continuous/test/auto/CausalityInterface7.xml
7 ms. Memory: 578560K Free: 241863K (42%)
----------------- Invoking toplevel() on ptolemy.moml.MoMLSimpleApplication@529b126f
----------------- Done invoking toplevel() on ptolemy.moml.MoMLSimpleApplication@529b126f
reloadAllAccessors: .CausalityInterface7

===========================================================================================
----------------- testing Sat Apr 13 04:00:00 UTC 2019 /home/travis/build/icyphy/ptII/ptolemy/domains/continuous/test/auto/CausalityInterface8.xml
----------------- Instantiating /home/travis/build/icyphy/ptII/ptolemy/domains/continuous/test/auto/CausalityInterface8.xml
7 ms. Memory: 578560K Free: 228724K (40%)
----------------- Invoking toplevel() on ptolemy.moml.MoMLSimpleApplication@28533ff0
----------------- Done invoking toplevel() on ptolemy.moml.MoMLSimpleApplication@28533ff0
reloadAllAccessors: .CausalityInterface8

===========================================================================================
----------------- testing Sat Apr 13 04:00:00 UTC 2019 /home/travis/build/icyphy/ptII/ptolemy/domains/continuous/test/auto/CausalityInterface9.xml
----------------- Instantiating /home/travis/build/icyphy/ptII/ptolemy/domains/continuous/test/auto/CausalityInterface9.xml
4 ms. Memory: 578560K Free: 212747K (37%)
----------------- Invoking toplevel() on ptolemy.moml.MoMLSimpleApplication@3c93757b
----------------- Done invoking toplevel() on ptolemy.moml.MoMLSimpleApplication@3c93757b
reloadAllAccessors: .CausalityInterface9

===========================================================================================
----------------- testing Sat Apr 13 04:00:00 UTC 2019 /home/travis/build/icyphy/ptII/ptolemy/domains/continuous/test/auto/CausalityInterfaceFeedback1.xml
----------------- Instantiating /home/travis/build/icyphy/ptII/ptolemy/domains/continuous/test/auto/CausalityInterfaceFeedback1.xml
4 ms. Memory: 578560K Free: 202900K (35%)
----------------- Invoking toplevel() on ptolemy.moml.MoMLSimpleApplication@5925cd4
----------------- Done invoking toplevel() on ptolemy.moml.MoMLSimpleApplication@5925cd4
reloadAllAccessors: .CausalityInterfaceFeedback1

===========================================================================================
----------------- testing Sat Apr 13 04:00:00 UTC 2019 /home/travis/build/icyphy/ptII/ptolemy/domains/continuous/test/auto/CausalityInterfaceFeedback2.xml
----------------- Instantiating /home/travis/build/icyphy/ptII/ptolemy/domains/continuous/test/auto/CausalityInterfaceFeedback2.xml
8 ms. Memory: 578560K Free: 193054K (33%)
----------------- Invoking toplevel() on ptolemy.moml.MoMLSimpleApplication@7c6d58c3
----------------- Done invoking toplevel() on ptolemy.moml.MoMLSimpleApplication@7c6d58c3
reloadAllAccessors: .CausalityInterfaceFeedback2

===========================================================================================
----------------- testing Sat Apr 13 04:00:00 UTC 2019 /home/travis/build/icyphy/ptII/ptolemy/domains/continuous/test/auto/CompareWithCurrentTime.xml
----------------- Instantiating /home/travis/build/icyphy/ptII/ptolemy/domains/continuous/test/auto/CompareWithCurrentTime.xml
5 ms. Memory: 578560K Free: 183647K (32%)
----------------- Invoking toplevel() on ptolemy.moml.MoMLSimpleApplication@7ef4e59e
----------------- Done invoking toplevel() on ptolemy.moml.MoMLSimpleApplication@7ef4e59e
reloadAllAccessors: .CompareWithCurrentTime

===========================================================================================
----------------- testing Sat Apr 13 04:00:00 UTC 2019 /home/travis/build/icyphy/ptII/ptolemy/domains/continuous/test/auto/ComparedClocks.xml
----------------- Instantiating /home/travis/build/icyphy/ptII/ptolemy/domains/continuous/test/auto/ComparedClocks.xml
6 ms. Memory: 578560K Free: 163954K (28%)
----------------- Invoking toplevel() on ptolemy.moml.MoMLSimpleApplication@36ca7f57
----------------- Done invoking toplevel() on ptolemy.moml.MoMLSimpleApplication@36ca7f57
reloadAllAccessors: .ComparedClocks

===========================================================================================
----------------- testing Sat Apr 13 04:00:00 UTC 2019 /home/travis/build/icyphy/ptII/ptolemy/domains/continuous/test/auto/ContinuousAOCClone.xml
----------------- Instantiating /home/travis/build/icyphy/ptII/ptolemy/domains/continuous/test/auto/ContinuousAOCClone.xml
2634 ms. Memory: 872960K Free: 415388K (48%)
----------------- Invoking toplevel() on ptolemy.moml.MoMLSimpleApplication@124eb7e8
----------------- Done invoking toplevel() on ptolemy.moml.MoMLSimpleApplication@124eb7e8
reloadAllAccessors: .ContinuousAOCClone

===========================================================================================
----------------- testing Sat Apr 13 04:00:03 UTC 2019 /home/travis/build/icyphy/ptII/ptolemy/domains/continuous/test/auto/ContinuousClock.xml
----------------- Instantiating /home/travis/build/icyphy/ptII/ptolemy/domains/continuous/test/auto/ContinuousClock.xml
26 ms. Memory: 872960K Free: 382525K (44%)
----------------- Invoking toplevel() on ptolemy.moml.MoMLSimpleApplication@55e3d223
----------------- Done invoking toplevel() on ptolemy.moml.MoMLSimpleApplication@55e3d223
reloadAllAccessors: .ContinuousClock

===========================================================================================
----------------- testing Sat Apr 13 04:00:03 UTC 2019 /home/travis/build/icyphy/ptII/ptolemy/domains/continuous/test/auto/ContinuousInContinuous.xml
----------------- Instantiating /home/travis/build/icyphy/ptII/ptolemy/domains/continuous/test/auto/ContinuousInContinuous.xml
39 ms. Memory: 872960K Free: 351056K (40%)
----------------- Invoking toplevel() on ptolemy.moml.MoMLSimpleApplication@11bd6e63
----------------- Done invoking toplevel() on ptolemy.moml.MoMLSimpleApplication@11bd6e63
reloadAllAccessors: .ContinuousInContinuous

===========================================================================================
----------------- testing Sat Apr 13 04:00:03 UTC 2019 /home/travis/build/icyphy/ptII/ptolemy/domains/continuous/test/auto/ContinuousInContinuousInContinuous.xml
----------------- Instantiating /home/travis/build/icyphy/ptII/ptolemy/domains/continuous/test/auto/ContinuousInContinuousInContinuous.xml
10 ms. Memory: 872960K Free: 335322K (38%)
----------------- Invoking toplevel() on ptolemy.moml.MoMLSimpleApplication@5f0f096b
----------------- Done invoking toplevel() on ptolemy.moml.MoMLSimpleApplication@5f0f096b
reloadAllAccessors: .ContinuousInContinuousInContinuous

===========================================================================================
----------------- testing Sat Apr 13 04:00:03 UTC 2019 /home/travis/build/icyphy/ptII/ptolemy/domains/continuous/test/auto/ContinuousInDE.xml
----------------- Instantiating /home/travis/build/icyphy/ptII/ptolemy/domains/continuous/test/auto/ContinuousInDE.xml
68 ms. Memory: 872960K Free: 316510K (36%)
----------------- Invoking toplevel() on ptolemy.moml.MoMLSimpleApplication@4bff0165
----------------- Done invoking toplevel() on ptolemy.moml.MoMLSimpleApplication@4bff0165
reloadAllAccessors: .ContinuousInDE

===========================================================================================
----------------- testing Sat Apr 13 04:00:03 UTC 2019 /home/travis/build/icyphy/ptII/ptolemy/domains/continuous/test/auto/ContinuousInDE2.xml
----------------- Instantiating /home/travis/build/icyphy/ptII/ptolemy/domains/continuous/test/auto/ContinuousInDE2.xml
60 ms. Memory: 872960K Free: 300791K (34%)
----------------- Invoking toplevel() on ptolemy.moml.MoMLSimpleApplication@2b6d8e46
----------------- Done invoking toplevel() on ptolemy.moml.MoMLSimpleApplication@2b6d8e46
reloadAllAccessors: .ContinuousInDE2

===========================================================================================
----------------- testing Sat Apr 13 04:00:04 UTC 2019 /home/travis/build/icyphy/ptII/ptolemy/domains/continuous/test/auto/ContinuousInDE3.xml
----------------- Instantiating /home/travis/build/icyphy/ptII/ptolemy/domains/continuous/test/auto/ContinuousInDE3.xml
40 ms. Memory: 872960K Free: 285072K (33%)
----------------- Invoking toplevel() on ptolemy.moml.MoMLSimpleApplication@70e083c
----------------- Done invoking toplevel() on ptolemy.moml.MoMLSimpleApplication@70e083c
reloadAllAccessors: .ContinuousInDE3

===========================================================================================
----------------- testing Sat Apr 13 04:00:04 UTC 2019 /home/travis/build/icyphy/ptII/ptolemy/domains/continuous/test/auto/ContinuousInDE4.xml
----------------- Instantiating /home/travis/build/icyphy/ptII/ptolemy/domains/continuous/test/auto/ContinuousInDE4.xml
17 ms. Memory: 872960K Free: 274594K (31%)
----------------- Invoking toplevel() on ptolemy.moml.MoMLSimpleApplication@206cd203
----------------- Done invoking toplevel() on ptolemy.moml.MoMLSimpleApplication@206cd203
reloadAllAccessors: .ContinuousInDE4

===========================================================================================
----------------- testing Sat Apr 13 04:00:04 UTC 2019 /home/travis/build/icyphy/ptII/ptolemy/domains/continuous/test/auto/ContinuousInDEDifferentRefinements.xml
----------------- Instantiating /home/travis/build/icyphy/ptII/ptolemy/domains/continuous/test/auto/ContinuousInDEDifferentRefinements.xml
64 ms. Memory: 872960K Free: 234783K (27%)
----------------- Invoking toplevel() on ptolemy.moml.MoMLSimpleApplication@183ac5f3
----------------- Done invoking toplevel() on ptolemy.moml.MoMLSimpleApplication@183ac5f3
reloadAllAccessors: .ContinuousInDEDifferentRefinements

===========================================================================================
----------------- testing Sat Apr 13 04:00:04 UTC 2019 /home/travis/build/icyphy/ptII/ptolemy/domains/continuous/test/auto/ContinuousInDEDifferentRefinementsPreemptive.xml
----------------- Instantiating /home/travis/build/icyphy/ptII/ptolemy/domains/continuous/test/auto/ContinuousInDEDifferentRefinementsPreemptive.xml
52 ms. Memory: 872960K Free: 198075K (23%)
----------------- Invoking toplevel() on ptolemy.moml.MoMLSimpleApplication@115c9fe5
----------------- Done invoking toplevel() on ptolemy.moml.MoMLSimpleApplication@115c9fe5
reloadAllAccessors: .ContinuousInDEDifferentRefinementsPreemptive

===========================================================================================
----------------- testing Sat Apr 13 04:00:04 UTC 2019 /home/travis/build/icyphy/ptII/ptolemy/domains/continuous/test/auto/ContinuousInDEInContinuous2.xml
----------------- Instantiating /home/travis/build/icyphy/ptII/ptolemy/domains/continuous/test/auto/ContinuousInDEInContinuous2.xml
47 ms. Memory: 872960K Free: 182340K (21%)
----------------- Invoking toplevel() on ptolemy.moml.MoMLSimpleApplication@1e21b5c8
----------------- Done invoking toplevel() on ptolemy.moml.MoMLSimpleApplication@1e21b5c8
reloadAllAccessors: .ContinuousInDEInContinuous2

===========================================================================================
----------------- testing Sat Apr 13 04:00:04 UTC 2019 /home/travis/build/icyphy/ptII/ptolemy/domains/continuous/test/auto/ContinuousInDEInContinuous3.xml
----------------- Instantiating /home/travis/build/icyphy/ptII/ptolemy/domains/continuous/test/auto/ContinuousInDEInContinuous3.xml
42 ms. Memory: 872960K Free: 161374K (18%)
----------------- Invoking toplevel() on ptolemy.moml.MoMLSimpleApplication@773d2eb5
----------------- Done invoking toplevel() on ptolemy.moml.MoMLSimpleApplication@773d2eb5
reloadAllAccessors: .ContinuousInDEInContinuous3

===========================================================================================
----------------- testing Sat Apr 13 04:00:04 UTC 2019 /home/travis/build/icyphy/ptII/ptolemy/domains/continuous/test/auto/ContinuousInDEInput.xml
----------------- Instantiating /home/travis/build/icyphy/ptII/ptolemy/domains/continuous/test/auto/ContinuousInDEInput.xml
21 ms. Memory: 872960K Free: 147802K (17%)
----------------- Invoking toplevel() on ptolemy.moml.MoMLSimpleApplication@1007b579
----------------- Done invoking toplevel() on ptolemy.moml.MoMLSimpleApplication@1007b579
reloadAllAccessors: .ContinuousInDEInput

===========================================================================================
----------------- testing Sat Apr 13 04:00:04 UTC 2019 /home/travis/build/icyphy/ptII/ptolemy/domains/continuous/test/auto/ContinuousInDEInput2.xml
----------------- Instantiating /home/travis/build/icyphy/ptII/ptolemy/domains/continuous/test/auto/ContinuousInDEInput2.xml
19 ms. Memory: 872960K Free: 137323K (16%)
----------------- Invoking toplevel() on ptolemy.moml.MoMLSimpleApplication@a97c70d
----------------- Done invoking toplevel() on ptolemy.moml.MoMLSimpleApplication@a97c70d
reloadAllAccessors: .ContinuousInDEInput2

===========================================================================================
----------------- testing Sat Apr 13 04:00:04 UTC 2019 /home/travis/build/icyphy/ptII/ptolemy/domains/continuous/test/auto/ContinuousInDEInput3.xml
----------------- Instantiating /home/travis/build/icyphy/ptII/ptolemy/domains/continuous/test/auto/ContinuousInDEInput3.xml
15 ms. Memory: 872960K Free: 126844K (15%)
----------------- Invoking toplevel() on ptolemy.moml.MoMLSimpleApplication@3c3f2b45
----------------- Done invoking toplevel() on ptolemy.moml.MoMLSimpleApplication@3c3f2b45
reloadAllAccessors: .ContinuousInDEInput3

===========================================================================================
----------------- testing Sat Apr 13 04:00:04 UTC 2019 /home/travis/build/icyphy/ptII/ptolemy/domains/continuous/test/auto/ContinuousInDESharingRefinement.xml
----------------- Instantiating /home/travis/build/icyphy/ptII/ptolemy/domains/continuous/test/auto/ContinuousInDESharingRefinement.xml
162 ms. Memory: 829952K Free: 770575K (93%)
----------------- Invoking toplevel() on ptolemy.moml.MoMLSimpleApplication@32a9ec66
----------------- Done invoking toplevel() on ptolemy.moml.MoMLSimpleApplication@32a9ec66
reloadAllAccessors: .ContinuousInDESharingRefinement

===========================================================================================
----------------- testing Sat Apr 13 04:00:04 UTC 2019 /home/travis/build/icyphy/ptII/ptolemy/domains/continuous/test/auto/ContinuousInDEwithNoPorts.xml
----------------- Instantiating /home/travis/build/icyphy/ptII/ptolemy/domains/continuous/test/auto/ContinuousInDEwithNoPorts.xml
5 ms. Memory: 829952K Free: 758556K (91%)
----------------- Invoking toplevel() on ptolemy.moml.MoMLSimpleApplication@35d1617e
----------------- Done invoking toplevel() on ptolemy.moml.MoMLSimpleApplication@35d1617e
reloadAllAccessors: .ContinuousInDEwithNoPorts

===========================================================================================
----------------- testing Sat Apr 13 04:00:04 UTC 2019 /home/travis/build/icyphy/ptII/ptolemy/domains/continuous/test/auto/ContinuousInsideDE.xml
----------------- Instantiating /home/travis/build/icyphy/ptII/ptolemy/domains/continuous/test/auto/ContinuousInsideDE.xml
42 ms. Memory: 829952K Free: 739826K (89%)
----------------- Invoking toplevel() on ptolemy.moml.MoMLSimpleApplication@55246d84
----------------- Done invoking toplevel() on ptolemy.moml.MoMLSimpleApplication@55246d84
reloadAllAccessors: .ContinuousInsideDE

===========================================================================================
----------------- testing Sat Apr 13 04:00:04 UTC 2019 /home/travis/build/icyphy/ptII/ptolemy/domains/continuous/test/auto/ContinuousMerge1.xml
----------------- Instantiating /home/travis/build/icyphy/ptII/ptolemy/domains/continuous/test/auto/ContinuousMerge1.xml
7 ms. Memory: 829952K Free: 730352K (88%)
----------------- Invoking toplevel() on ptolemy.moml.MoMLSimpleApplication@52c3b6de
----------------- Done invoking toplevel() on ptolemy.moml.MoMLSimpleApplication@52c3b6de
reloadAllAccessors: .ContinuousMerge1

===========================================================================================
----------------- testing Sat Apr 13 04:00:04 UTC 2019 /home/travis/build/icyphy/ptII/ptolemy/domains/continuous/test/auto/ContinuousMerge2.xml
----------------- Instantiating /home/travis/build/icyphy/ptII/ptolemy/domains/continuous/test/auto/ContinuousMerge2.xml
14 ms. Memory: 829952K Free: 715202K (86%)
----------------- Invoking toplevel() on ptolemy.moml.MoMLSimpleApplication@4250e82d
----------------- Done invoking toplevel() on ptolemy.moml.MoMLSimpleApplication@4250e82d
reloadAllAccessors: .ContinuousMerge2

===========================================================================================
----------------- testing Sat Apr 13 04:00:05 UTC 2019 /home/travis/build/icyphy/ptII/ptolemy/domains/continuous/test/auto/ContinuousMerge3.xml
----------------- Instantiating /home/travis/build/icyphy/ptII/ptolemy/domains/continuous/test/auto/ContinuousMerge3.xml
45 ms. Memory: 829952K Free: 698234K (84%)
----------------- Invoking toplevel() on ptolemy.moml.MoMLSimpleApplication@40065fc2
----------------- Done invoking toplevel() on ptolemy.moml.MoMLSimpleApplication@40065fc2
reloadAllAccessors: .ContinuousMerge3

===========================================================================================
----------------- testing Sat Apr 13 04:00:05 UTC 2019 /home/travis/build/icyphy/ptII/ptolemy/domains/continuous/test/auto/ContinuousWithinContinuous.xml
----------------- Instantiating /home/travis/build/icyphy/ptII/ptolemy/domains/continuous/test/auto/ContinuousWithinContinuous.xml
42 ms. Memory: 829952K Free: 683247K (82%)
----------------- Invoking toplevel() on ptolemy.moml.MoMLSimpleApplication@62239e13
----------------- Done invoking toplevel() on ptolemy.moml.MoMLSimpleApplication@62239e13
reloadAllAccessors: .ContinuousWithinContinuous

===========================================================================================
----------------- testing Sat Apr 13 04:00:05 UTC 2019 /home/travis/build/icyphy/ptII/ptolemy/domains/continuous/test/auto/ContinuousWithinContinuous2.xml
----------------- Instantiating /home/travis/build/icyphy/ptII/ptolemy/domains/continuous/test/auto/ContinuousWithinContinuous2.xml
75 ms. Memory: 829952K Free: 672018K (81%)
----------------- Invoking toplevel() on ptolemy.moml.MoMLSimpleApplication@36756963
----------------- Done invoking toplevel() on ptolemy.moml.MoMLSimpleApplication@36756963
reloadAllAccessors: .ContinuousWithinContinuous2

===========================================================================================
----------------- testing Sat Apr 13 04:00:05 UTC 2019 /home/travis/build/icyphy/ptII/ptolemy/domains/continuous/test/auto/ContinuousWithinContinuous3.xml
----------------- Instantiating /home/travis/build/icyphy/ptII/ptolemy/domains/continuous/test/auto/ContinuousWithinContinuous3.xml
17 ms. Memory: 829952K Free: 658785K (79%)
----------------- Invoking toplevel() on ptolemy.moml.MoMLSimpleApplication@40af1d8f
----------------- Done invoking toplevel() on ptolemy.moml.MoMLSimpleApplication@40af1d8f
reloadAllAccessors: .ContinuousWithinContinuous3

===========================================================================================
----------------- testing Sat Apr 13 04:00:05 UTC 2019 /home/travis/build/icyphy/ptII/ptolemy/domains/continuous/test/auto/ContinuousWithinContinuous4.xml
----------------- Instantiating /home/travis/build/icyphy/ptII/ptolemy/domains/continuous/test/auto/ContinuousWithinContinuous4.xml
70 ms. Memory: 829952K Free: 640055K (77%)
----------------- Invoking toplevel() on ptolemy.moml.MoMLSimpleApplication@55949c2a
----------------- Done invoking toplevel() on ptolemy.moml.MoMLSimpleApplication@55949c2a
reloadAllAccessors: .ContinuousWithinContinuous4

===========================================================================================
----------------- testing Sat Apr 13 04:00:05 UTC 2019 /home/travis/build/icyphy/ptII/ptolemy/domains/continuous/test/auto/ContinuousWithinContinuous5.xml
----------------- Instantiating /home/travis/build/icyphy/ptII/ptolemy/domains/continuous/test/auto/ContinuousWithinContinuous5.xml
13 ms. Memory: 829952K Free: 626830K (76%)
----------------- Invoking toplevel() on ptolemy.moml.MoMLSimpleApplication@42545320
----------------- Done invoking toplevel() on ptolemy.moml.MoMLSimpleApplication@42545320
reloadAllAccessors: .ContinuousWithinContinuous5

===========================================================================================
----------------- testing Sat Apr 13 04:00:05 UTC 2019 /home/travis/build/icyphy/ptII/ptolemy/domains/continuous/test/auto/ContinuousWithinContinuous6.xml
----------------- Instantiating /home/travis/build/icyphy/ptII/ptolemy/domains/continuous/test/auto/ContinuousWithinContinuous6.xml
12 ms. Memory: 829952K Free: 615602K (74%)
----------------- Invoking toplevel() on ptolemy.moml.MoMLSimpleApplication@6b8b49ff
----------------- Done invoking toplevel() on ptolemy.moml.MoMLSimpleApplication@6b8b49ff
reloadAllAccessors: .ContinuousWithinContinuous6

===========================================================================================
----------------- testing Sat Apr 13 04:00:05 UTC 2019 /home/travis/build/icyphy/ptII/ptolemy/domains/continuous/test/auto/ContinuousWithinContinuous7.xml
----------------- Instantiating /home/travis/build/icyphy/ptII/ptolemy/domains/continuous/test/auto/ContinuousWithinContinuous7.xml
59 ms. Memory: 829952K Free: 604374K (73%)
----------------- Invoking toplevel() on ptolemy.moml.MoMLSimpleApplication@156ce1fd
----------------- Done invoking toplevel() on ptolemy.moml.MoMLSimpleApplication@156ce1fd
reloadAllAccessors: .ContinuousWithinContinuous7

===========================================================================================
----------------- testing Sat Apr 13 04:00:05 UTC 2019 /home/travis/build/icyphy/ptII/ptolemy/domains/continuous/test/auto/DCMotor.xml
----------------- Instantiating /home/travis/build/icyphy/ptII/ptolemy/domains/continuous/test/auto/DCMotor.xml
13098 ms. Memory: 668160K Free: 580284K (87%)
----------------- Invoking toplevel() on ptolemy.moml.MoMLSimpleApplication@58c68403
----------------- Done invoking toplevel() on ptolemy.moml.MoMLSimpleApplication@58c68403
reloadAllAccessors: .DCMotor

===========================================================================================
----------------- testing Sat Apr 13 04:00:18 UTC 2019 /home/travis/build/icyphy/ptII/ptolemy/domains/continuous/test/auto/DEInContinuous.xml
----------------- Instantiating /home/travis/build/icyphy/ptII/ptolemy/domains/continuous/test/auto/DEInContinuous.xml
18 ms. Memory: 668160K Free: 565765K (85%)
----------------- Invoking toplevel() on ptolemy.moml.MoMLSimpleApplication@305777de
----------------- Done invoking toplevel() on ptolemy.moml.MoMLSimpleApplication@305777de
reloadAllAccessors: .DEInContinuous

===========================================================================================
----------------- testing Sat Apr 13 04:00:18 UTC 2019 /home/travis/build/icyphy/ptII/ptolemy/domains/continuous/test/auto/DEinContinuous2.xml
----------------- Instantiating /home/travis/build/icyphy/ptII/ptolemy/domains/continuous/test/auto/DEinContinuous2.xml
8 ms. Memory: 668160K Free: 547063K (82%)
----------------- Invoking toplevel() on ptolemy.moml.MoMLSimpleApplication@1036d60b
----------------- Done invoking toplevel() on ptolemy.moml.MoMLSimpleApplication@1036d60b
reloadAllAccessors: .DEinContinuous2

===========================================================================================
----------------- testing Sat Apr 13 04:00:18 UTC 2019 /home/travis/build/icyphy/ptII/ptolemy/domains/continuous/test/auto/Derivative.xml
----------------- Instantiating /home/travis/build/icyphy/ptII/ptolemy/domains/continuous/test/auto/Derivative.xml
148 ms. Memory: 668160K Free: 510699K (76%)
----------------- Invoking toplevel() on ptolemy.moml.MoMLSimpleApplication@4423d0ec
----------------- Done invoking toplevel() on ptolemy.moml.MoMLSimpleApplication@4423d0ec
reloadAllAccessors: .Derivative2

===========================================================================================
----------------- testing Sat Apr 13 04:00:19 UTC 2019 /home/travis/build/icyphy/ptII/ptolemy/domains/continuous/test/auto/Derivative1.xml
----------------- Instantiating /home/travis/build/icyphy/ptII/ptolemy/domains/continuous/test/auto/Derivative1.xml
22 ms. Memory: 668160K Free: 492014K (74%)
----------------- Invoking toplevel() on ptolemy.moml.MoMLSimpleApplication@63b552aa
----------------- Done invoking toplevel() on ptolemy.moml.MoMLSimpleApplication@63b552aa
reloadAllAccessors: .Derivative1

===========================================================================================
----------------- testing Sat Apr 13 04:00:19 UTC 2019 /home/travis/build/icyphy/ptII/ptolemy/domains/continuous/test/auto/DiscreteClock.xml
----------------- Instantiating /home/travis/build/icyphy/ptII/ptolemy/domains/continuous/test/auto/DiscreteClock.xml
4 ms. Memory: 668160K Free: 480279K (72%)
----------------- Invoking toplevel() on ptolemy.moml.MoMLSimpleApplication@7cd1301a
----------------- Done invoking toplevel() on ptolemy.moml.MoMLSimpleApplication@7cd1301a
reloadAllAccessors: .DiscreteClock

===========================================================================================
----------------- testing Sat Apr 13 04:00:19 UTC 2019 /home/travis/build/icyphy/ptII/ptolemy/domains/continuous/test/auto/EfficiencyCurve.xml
----------------- Instantiating /home/travis/build/icyphy/ptII/ptolemy/domains/continuous/test/auto/EfficiencyCurve.xml
71 ms. Memory: 668160K Free: 467461K (70%)
----------------- Invoking toplevel() on ptolemy.moml.MoMLSimpleApplication@f258dac
----------------- Done invoking toplevel() on ptolemy.moml.MoMLSimpleApplication@f258dac
reloadAllAccessors: .EfficiencyCurve

===========================================================================================
----------------- testing Sat Apr 13 04:00:19 UTC 2019 /home/travis/build/icyphy/ptII/ptolemy/domains/continuous/test/auto/ExponentialResponse.xml
----------------- Instantiating /home/travis/build/icyphy/ptII/ptolemy/domains/continuous/test/auto/ExponentialResponse.xml
110 ms. Memory: 668160K Free: 437040K (65%)
----------------- Invoking toplevel() on ptolemy.moml.MoMLSimpleApplication@292251c0
----------------- Done invoking toplevel() on ptolemy.moml.MoMLSimpleApplication@292251c0
reloadAllAccessors: .ExponentialResponse

===========================================================================================
----------------- testing Sat Apr 13 04:00:19 UTC 2019 /home/travis/build/icyphy/ptII/ptolemy/domains/continuous/test/auto/ExponentialResponseRK45.xml
----------------- Instantiating /home/travis/build/icyphy/ptII/ptolemy/domains/continuous/test/auto/ExponentialResponseRK45.xml
25 ms. Memory: 668160K Free: 424223K (63%)
----------------- Invoking toplevel() on ptolemy.moml.MoMLSimpleApplication@74eb9b7
----------------- Done invoking toplevel() on ptolemy.moml.MoMLSimpleApplication@74eb9b7
reloadAllAccessors: .ExponentialResponseRK45

===========================================================================================
----------------- testing Sat Apr 13 04:00:19 UTC 2019 /home/travis/build/icyphy/ptII/ptolemy/domains/continuous/test/auto/Friction.xml
----------------- Instantiating /home/travis/build/icyphy/ptII/ptolemy/domains/continuous/test/auto/Friction.xml
1519 ms. Memory: 647168K Free: 550146K (85%)
----------------- Invoking toplevel() on ptolemy.moml.MoMLSimpleApplication@788a1502
----------------- Done invoking toplevel() on ptolemy.moml.MoMLSimpleApplication@788a1502
reloadAllAccessors: .Friction

===========================================================================================
----------------- testing Sat Apr 13 04:00:21 UTC 2019 /home/travis/build/icyphy/ptII/ptolemy/domains/continuous/test/auto/FurutaPendulum.xml
----------------- Instantiating /home/travis/build/icyphy/ptII/ptolemy/domains/continuous/test/auto/FurutaPendulum.xml
3568 ms. Memory: 617472K Free: 581784K (94%)
----------------- Invoking toplevel() on ptolemy.moml.MoMLSimpleApplication@69748e22
----------------- Done invoking toplevel() on ptolemy.moml.MoMLSimpleApplication@69748e22
reloadAllAccessors: .FurutaPendulum

===========================================================================================
----------------- testing Sat Apr 13 04:00:24 UTC 2019 /home/travis/build/icyphy/ptII/ptolemy/domains/continuous/test/auto/HierarchicalExecution.xml
----------------- Instantiating /home/travis/build/icyphy/ptII/ptolemy/domains/continuous/test/auto/HierarchicalExecution.xml
1936 ms. Memory: 617472K Free: 282596K (46%)
----------------- Invoking toplevel() on ptolemy.moml.MoMLSimpleApplication@7d5f3cc3
----------------- Done invoking toplevel() on ptolemy.moml.MoMLSimpleApplication@7d5f3cc3
reloadAllAccessors: .HierarchicalExecution

===========================================================================================
----------------- testing Sat Apr 13 04:00:27 UTC 2019 /home/travis/build/icyphy/ptII/ptolemy/domains/continuous/test/auto/HybridPlant.xml
----------------- Instantiating /home/travis/build/icyphy/ptII/ptolemy/domains/continuous/test/auto/HybridPlant.xml
495 ms. Memory: 589824K Free: 514641K (87%)
----------------- Invoking toplevel() on ptolemy.moml.MoMLSimpleApplication@24f6b09f
----------------- Done invoking toplevel() on ptolemy.moml.MoMLSimpleApplication@24f6b09f
reloadAllAccessors: .HybridPlant

===========================================================================================
----------------- testing Sat Apr 13 04:00:27 UTC 2019 /home/travis/build/icyphy/ptII/ptolemy/domains/continuous/test/auto/Hysteresis.xml
----------------- Instantiating /home/travis/build/icyphy/ptII/ptolemy/domains/continuous/test/auto/Hysteresis.xml
130 ms. Memory: 589824K Free: 451146K (76%)
----------------- Invoking toplevel() on ptolemy.moml.MoMLSimpleApplication@7e012059
----------------- Done invoking toplevel() on ptolemy.moml.MoMLSimpleApplication@7e012059
reloadAllAccessors: .Hysteresis

===========================================================================================
----------------- testing Sat Apr 13 04:00:27 UTC 2019 /home/travis/build/icyphy/ptII/ptolemy/domains/continuous/test/auto/HysteresisWithRandomDelay.xml
----------------- Instantiating /home/travis/build/icyphy/ptII/ptolemy/domains/continuous/test/auto/HysteresisWithRandomDelay.xml
182 ms. Memory: 589824K Free: 373777K (63%)
----------------- Invoking toplevel() on ptolemy.moml.MoMLSimpleApplication@2256454f
----------------- Done invoking toplevel() on ptolemy.moml.MoMLSimpleApplication@2256454f
reloadAllAccessors: .HysteresisWithRandomDelay

===========================================================================================
----------------- testing Sat Apr 13 04:00:28 UTC 2019 /home/travis/build/icyphy/ptII/ptolemy/domains/continuous/test/auto/HysteresisWithRandomLosses.xml
----------------- Instantiating /home/travis/build/icyphy/ptII/ptolemy/domains/continuous/test/auto/HysteresisWithRandomLosses.xml
2109 ms. Memory: 568320K Free: 117656K (21%)
----------------- Invoking toplevel() on ptolemy.moml.MoMLSimpleApplication@26a47fa2
----------------- Done invoking toplevel() on ptolemy.moml.MoMLSimpleApplication@26a47fa2
reloadAllAccessors: .HysteresisWithRandomLosses

===========================================================================================
----------------- testing Sat Apr 13 04:00:30 UTC 2019 /home/travis/build/icyphy/ptII/ptolemy/domains/continuous/test/auto/ImmediateTransitions.xml
----------------- Instantiating /home/travis/build/icyphy/ptII/ptolemy/domains/continuous/test/auto/ImmediateTransitions.xml
24 ms. Memory: 568320K Free: 103111K (18%)
----------------- Invoking toplevel() on ptolemy.moml.MoMLSimpleApplication@66f13b92
----------------- Done invoking toplevel() on ptolemy.moml.MoMLSimpleApplication@66f13b92
reloadAllAccessors: .ImmediateTransitions

===========================================================================================
----------------- testing Sat Apr 13 04:00:30 UTC 2019 /home/travis/build/icyphy/ptII/ptolemy/domains/continuous/test/auto/ImpulseFeedback.xml
----------------- Instantiating /home/travis/build/icyphy/ptII/ptolemy/domains/continuous/test/auto/ImpulseFeedback.xml
12 ms. Memory: 568320K Free: 95029K (17%)
----------------- Invoking toplevel() on ptolemy.moml.MoMLSimpleApplication@5fc0c8a
----------------- Done invoking toplevel() on ptolemy.moml.MoMLSimpleApplication@5fc0c8a
reloadAllAccessors: .ImpulseFeedback

===========================================================================================
----------------- testing Sat Apr 13 04:00:30 UTC 2019 /home/travis/build/icyphy/ptII/ptolemy/domains/continuous/test/auto/ImpulseFeedback2.xml
----------------- Instantiating /home/travis/build/icyphy/ptII/ptolemy/domains/continuous/test/auto/ImpulseFeedback2.xml
7 ms. Memory: 568320K Free: 86955K (15%)
----------------- Invoking toplevel() on ptolemy.moml.MoMLSimpleApplication@5b49e9a9
----------------- Done invoking toplevel() on ptolemy.moml.MoMLSimpleApplication@5b49e9a9
reloadAllAccessors: .ImpulseFeedback2

===========================================================================================
----------------- testing Sat Apr 13 04:00:30 UTC 2019 /home/travis/build/icyphy/ptII/ptolemy/domains/continuous/test/auto/IncreasingRatePoisson.xml
----------------- Instantiating /home/travis/build/icyphy/ptII/ptolemy/domains/continuous/test/auto/IncreasingRatePoisson.xml
676 ms. Memory: 543232K Free: 226575K (42%)
----------------- Invoking toplevel() on ptolemy.moml.MoMLSimpleApplication@4b211d1c
----------------- Done invoking toplevel() on ptolemy.moml.MoMLSimpleApplication@4b211d1c
reloadAllAccessors: .IncreasingRatePoisson

===========================================================================================
----------------- testing Sat Apr 13 04:00:31 UTC 2019 /home/travis/build/icyphy/ptII/ptolemy/domains/continuous/test/auto/InitialStateFeedback.xml
----------------- Instantiating /home/travis/build/icyphy/ptII/ptolemy/domains/continuous/test/auto/InitialStateFeedback.xml
3 ms. Memory: 543232K Free: 217528K (40%)
----------------- Invoking toplevel() on ptolemy.moml.MoMLSimpleApplication@74714aaf
----------------- Done invoking toplevel() on ptolemy.moml.MoMLSimpleApplication@74714aaf
reloadAllAccessors: .InitialStateFeedback

===========================================================================================
----------------- testing Sat Apr 13 04:00:31 UTC 2019 /home/travis/build/icyphy/ptII/ptolemy/domains/continuous/test/auto/Integration.xml
----------------- Instantiating /home/travis/build/icyphy/ptII/ptolemy/domains/continuous/test/auto/Integration.xml
1 ms. Memory: 543232K Free: 209712K (39%)
----------------- Invoking toplevel() on ptolemy.moml.MoMLSimpleApplication@3f173c9d
----------------- Done invoking toplevel() on ptolemy.moml.MoMLSimpleApplication@3f173c9d
reloadAllAccessors: .Integration

===========================================================================================
----------------- testing Sat Apr 13 04:00:31 UTC 2019 /home/travis/build/icyphy/ptII/ptolemy/domains/continuous/test/auto/Integration2.xml
----------------- Instantiating /home/travis/build/icyphy/ptII/ptolemy/domains/continuous/test/auto/Integration2.xml
79 ms. Memory: 543232K Free: 192667K (35%)
----------------- Invoking toplevel() on ptolemy.moml.MoMLSimpleApplication@7478e862
----------------- Done invoking toplevel() on ptolemy.moml.MoMLSimpleApplication@7478e862
reloadAllAccessors: .Integration2

===========================================================================================
----------------- testing Sat Apr 13 04:00:31 UTC 2019 /home/travis/build/icyphy/ptII/ptolemy/domains/continuous/test/auto/Integration3.xml
----------------- Instantiating /home/travis/build/icyphy/ptII/ptolemy/domains/continuous/test/auto/Integration3.xml
2 ms. Memory: 543232K Free: 184844K (34%)
----------------- Invoking toplevel() on ptolemy.moml.MoMLSimpleApplication@774450e2
----------------- Done invoking toplevel() on ptolemy.moml.MoMLSimpleApplication@774450e2
reloadAllAccessors: .Integration3

===========================================================================================
----------------- testing Sat Apr 13 04:00:31 UTC 2019 /home/travis/build/icyphy/ptII/ptolemy/domains/continuous/test/auto/Integration5.xml
----------------- Instantiating /home/travis/build/icyphy/ptII/ptolemy/domains/continuous/test/auto/Integration5.xml
2 ms. Memory: 543232K Free: 177020K (33%)
----------------- Invoking toplevel() on ptolemy.moml.MoMLSimpleApplication@7f68e9f6
----------------- Done invoking toplevel() on ptolemy.moml.MoMLSimpleApplication@7f68e9f6
reloadAllAccessors: .Integration5

===========================================================================================
----------------- testing Sat Apr 13 04:00:31 UTC 2019 /home/travis/build/icyphy/ptII/ptolemy/domains/continuous/test/auto/IntegratorImpulse.xml
----------------- Instantiating /home/travis/build/icyphy/ptII/ptolemy/domains/continuous/test/auto/IntegratorImpulse.xml
2 ms. Memory: 543232K Free: 169196K (31%)
----------------- Invoking toplevel() on ptolemy.moml.MoMLSimpleApplication@64d332aa
----------------- Done invoking toplevel() on ptolemy.moml.MoMLSimpleApplication@64d332aa
reloadAllAccessors: .IntegratorImpulse

===========================================================================================
----------------- testing Sat Apr 13 04:00:31 UTC 2019 /home/travis/build/icyphy/ptII/ptolemy/domains/continuous/test/auto/IntegratorImpulse2.xml
----------------- Instantiating /home/travis/build/icyphy/ptII/ptolemy/domains/continuous/test/auto/IntegratorImpulse2.xml
3 ms. Memory: 543232K Free: 161535K (30%)
----------------- Invoking toplevel() on ptolemy.moml.MoMLSimpleApplication@4d0e8c7
----------------- Done invoking toplevel() on ptolemy.moml.MoMLSimpleApplication@4d0e8c7
reloadAllAccessors: .IntegratorImpulse2

===========================================================================================
----------------- testing Sat Apr 13 04:00:31 UTC 2019 /home/travis/build/icyphy/ptII/ptolemy/domains/continuous/test/auto/LevelCrossing1.xml
----------------- Instantiating /home/travis/build/icyphy/ptII/ptolemy/domains/continuous/test/auto/LevelCrossing1.xml
2 ms. Memory: 543232K Free: 153711K (28%)
----------------- Invoking toplevel() on ptolemy.moml.MoMLSimpleApplication@52412f78
----------------- Done invoking toplevel() on ptolemy.moml.MoMLSimpleApplication@52412f78
reloadAllAccessors: .LevelCrossing1

===========================================================================================
----------------- testing Sat Apr 13 04:00:31 UTC 2019 /home/travis/build/icyphy/ptII/ptolemy/domains/continuous/test/auto/LevelCrossing2.xml
----------------- Instantiating /home/travis/build/icyphy/ptII/ptolemy/domains/continuous/test/auto/LevelCrossing2.xml
3 ms. Memory: 543232K Free: 145904K (27%)
----------------- Invoking toplevel() on ptolemy.moml.MoMLSimpleApplication@5d04a7da
----------------- Done invoking toplevel() on ptolemy.moml.MoMLSimpleApplication@5d04a7da
reloadAllAccessors: .LevelCrossing2

===========================================================================================
----------------- testing Sat Apr 13 04:00:31 UTC 2019 /home/travis/build/icyphy/ptII/ptolemy/domains/continuous/test/auto/LevelCrossing3.xml
----------------- Instantiating /home/travis/build/icyphy/ptII/ptolemy/domains/continuous/test/auto/LevelCrossing3.xml
2 ms. Memory: 543232K Free: 138080K (25%)
----------------- Invoking toplevel() on ptolemy.moml.MoMLSimpleApplication@7f06e0
----------------- Done invoking toplevel() on ptolemy.moml.MoMLSimpleApplication@7f06e0
reloadAllAccessors: .LevelCrossing3

===========================================================================================
----------------- testing Sat Apr 13 04:00:31 UTC 2019 /home/travis/build/icyphy/ptII/ptolemy/domains/continuous/test/auto/LevelCrossing4.xml
----------------- Instantiating /home/travis/build/icyphy/ptII/ptolemy/domains/continuous/test/auto/LevelCrossing4.xml
3 ms. Memory: 543232K Free: 130272K (24%)
----------------- Invoking toplevel() on ptolemy.moml.MoMLSimpleApplication@ae7387f
----------------- Done invoking toplevel() on ptolemy.moml.MoMLSimpleApplication@ae7387f
reloadAllAccessors: .LevelCrossing4

===========================================================================================
----------------- testing Sat Apr 13 04:00:31 UTC 2019 /home/travis/build/icyphy/ptII/ptolemy/domains/continuous/test/auto/LevelCrossing5.xml
----------------- Instantiating /home/travis/build/icyphy/ptII/ptolemy/domains/continuous/test/auto/LevelCrossing5.xml
3 ms. Memory: 543232K Free: 122464K (23%)
----------------- Invoking toplevel() on ptolemy.moml.MoMLSimpleApplication@63d33d3c
----------------- Done invoking toplevel() on ptolemy.moml.MoMLSimpleApplication@63d33d3c
reloadAllAccessors: .LevelCrossing5

===========================================================================================
[...]
----------------- testing Sat Apr 13 04:00:48 UTC 2019 /home/travis/build/icyphy/ptII/ptolemy/domains/continuous/test/auto/SRinContinuous.xml
----------------- Instantiating /home/travis/build/icyphy/ptII/ptolemy/domains/continuous/test/auto/SRinContinuous.xml
13 ms. Memory: 351232K Free: 148669K (42%)
----------------- Invoking toplevel() on ptolemy.moml.MoMLSimpleApplication@436030f0
----------------- Done invoking toplevel() on ptolemy.moml.MoMLSimpleApplication@436030f0
reloadAllAccessors: .SRinContinuous

===========================================================================================
----------------- testing Sat Apr 13 04:00:48 UTC 2019 /home/travis/build/icyphy/ptII/ptolemy/domains/continuous/test/auto/SampledClocks.xml
----------------- Instantiating /home/travis/build/icyphy/ptII/ptolemy/domains/continuous/test/auto/SampledClocks.xml
5 ms. Memory: 351232K Free: 137106K (39%)
----------------- Invoking toplevel() on ptolemy.moml.MoMLSimpleApplication@2c693911
----------------- Done invoking toplevel() on ptolemy.moml.MoMLSimpleApplication@2c693911
reloadAllAccessors: .SampledClocks

===========================================================================================
----------------- testing Sat Apr 13 04:00:48 UTC 2019 /home/travis/build/icyphy/ptII/ptolemy/domains/continuous/test/auto/Satellite.xml
----------------- Instantiating /home/travis/build/icyphy/ptII/ptolemy/domains/continuous/test/auto/Satellite.xml
831 ms. Memory: 334848K Free: 205309K (61%)
----------------- Invoking toplevel() on ptolemy.moml.MoMLSimpleApplication@574debb4
----------------- Done invoking toplevel() on ptolemy.moml.MoMLSimpleApplication@574debb4
reloadAllAccessors: .Satellite

===========================================================================================
----------------- testing Sat Apr 13 04:00:49 UTC 2019 /home/travis/build/icyphy/ptII/ptolemy/domains/continuous/test/auto/SigmaDelta.xml
----------------- Instantiating /home/travis/build/icyphy/ptII/ptolemy/domains/continuous/test/auto/SigmaDelta.xml
2202 ms. Memory: 328192K Free: 74822K (23%)
----------------- Invoking toplevel() on ptolemy.moml.MoMLSimpleApplication@14f656c6
----------------- Done invoking toplevel() on ptolemy.moml.MoMLSimpleApplication@14f656c6
reloadAllAccessors: .SigmaDelta

===========================================================================================
----------------- testing Sat Apr 13 04:00:52 UTC 2019 /home/travis/build/icyphy/ptII/ptolemy/domains/continuous/test/auto/SingleRefinement.xml
----------------- Instantiating /home/travis/build/icyphy/ptII/ptolemy/domains/continuous/test/auto/SingleRefinement.xml
308 ms. Memory: 313856K Free: 115917K (37%)
----------------- Invoking toplevel() on ptolemy.moml.MoMLSimpleApplication@1bcabc80
----------------- Done invoking toplevel() on ptolemy.moml.MoMLSimpleApplication@1bcabc80
reloadAllAccessors: .SingleRefinement

===========================================================================================
----------------- testing Sat Apr 13 04:00:52 UTC 2019 /home/travis/build/icyphy/ptII/ptolemy/domains/continuous/test/auto/SinuBouncingBall.xml
----------------- Instantiating /home/travis/build/icyphy/ptII/ptolemy/domains/continuous/test/auto/SinuBouncingBall.xml
769 ms. Memory: 372224K Free: 185351K (50%)
----------------- Invoking toplevel() on ptolemy.moml.MoMLSimpleApplication@7bf9e206
----------------- Done invoking toplevel() on ptolemy.moml.MoMLSimpleApplication@7bf9e206
reloadAllAccessors: .SinuBouncingBall

===========================================================================================
----------------- testing Sat Apr 13 04:00:53 UTC 2019 /home/travis/build/icyphy/ptII/ptolemy/domains/continuous/test/auto/Sinusoid.xml
----------------- Instantiating /home/travis/build/icyphy/ptII/ptolemy/domains/continuous/test/auto/Sinusoid.xml
4 ms. Memory: 372224K Free: 177211K (48%)
----------------- Invoking toplevel() on ptolemy.moml.MoMLSimpleApplication@583125a5
----------------- Done invoking toplevel() on ptolemy.moml.MoMLSimpleApplication@583125a5
reloadAllAccessors: .Sinusoid

===========================================================================================
----------------- testing Sat Apr 13 04:00:53 UTC 2019 /home/travis/build/icyphy/ptII/ptolemy/domains/continuous/test/auto/SinusoidInNoise.xml
----------------- Instantiating /home/travis/build/icyphy/ptII/ptolemy/domains/continuous/test/auto/SinusoidInNoise.xml
983 ms. Memory: 444928K Free: 338479K (76%)
----------------- Invoking toplevel() on ptolemy.moml.MoMLSimpleApplication@42b64b6f
----------------- Done invoking toplevel() on ptolemy.moml.MoMLSimpleApplication@42b64b6f
reloadAllAccessors: .SinusoidInNoise

===========================================================================================
----------------- testing Sat Apr 13 04:00:54 UTC 2019 /home/travis/build/icyphy/ptII/ptolemy/domains/continuous/test/auto/SinusoidRK45.xml
----------------- Instantiating /home/travis/build/icyphy/ptII/ptolemy/domains/continuous/test/auto/SinusoidRK45.xml
2 ms. Memory: 444928K Free: 331361K (74%)
----------------- Invoking toplevel() on ptolemy.moml.MoMLSimpleApplication@286a8cfb
----------------- Done invoking toplevel() on ptolemy.moml.MoMLSimpleApplication@286a8cfb
reloadAllAccessors: .SinusoidRK45

===========================================================================================
----------------- testing Sat Apr 13 04:00:54 UTC 2019 /home/travis/build/icyphy/ptII/ptolemy/domains/continuous/test/auto/SinusoidWithMultipleImpulses.xml
----------------- Instantiating /home/travis/build/icyphy/ptII/ptolemy/domains/continuous/test/auto/SinusoidWithMultipleImpulses.xml
3 ms. Memory: 444928K Free: 323167K (73%)
----------------- Invoking toplevel() on ptolemy.moml.MoMLSimpleApplication@6a844031
----------------- Done invoking toplevel() on ptolemy.moml.MoMLSimpleApplication@6a844031
reloadAllAccessors: .SinusoidWithMultipleImpulses

===========================================================================================
----------------- testing Sat Apr 13 04:00:54 UTC 2019 /home/travis/build/icyphy/ptII/ptolemy/domains/continuous/test/auto/SquareWave.xml
----------------- Instantiating /home/travis/build/icyphy/ptII/ptolemy/domains/continuous/test/auto/SquareWave.xml
175 ms. Memory: 444928K Free: 295614K (66%)
----------------- Invoking toplevel() on ptolemy.moml.MoMLSimpleApplication@2e2c8130
----------------- Done invoking toplevel() on ptolemy.moml.MoMLSimpleApplication@2e2c8130
reloadAllAccessors: .SquareWave

===========================================================================================
----------------- testing Sat Apr 13 04:00:54 UTC 2019 /home/travis/build/icyphy/ptII/ptolemy/domains/continuous/test/auto/Starmac.xml
----------------- Instantiating /home/travis/build/icyphy/ptII/ptolemy/domains/continuous/test/auto/Starmac.xml
3078 ms. Memory: 431616K Free: 279678K (65%)
----------------- Invoking toplevel() on ptolemy.moml.MoMLSimpleApplication@84a5e93
----------------- Done invoking toplevel() on ptolemy.moml.MoMLSimpleApplication@84a5e93
reloadAllAccessors: .Starmac

===========================================================================================
----------------- testing Sat Apr 13 04:00:58 UTC 2019 /home/travis/build/icyphy/ptII/ptolemy/domains/continuous/test/auto/StaticUnits.xml
----------------- Instantiating /home/travis/build/icyphy/ptII/ptolemy/domains/continuous/test/auto/StaticUnits.xml
2176 ms. Memory: 416256K Free: 146813K (35%)
----------------- Invoking toplevel() on ptolemy.moml.MoMLSimpleApplication@3cd21812
----------------- Done invoking toplevel() on ptolemy.moml.MoMLSimpleApplication@3cd21812
reloadAllAccessors: .StaticUnits

===========================================================================================
----------------- testing Sat Apr 13 04:01:00 UTC 2019 /home/travis/build/icyphy/ptII/ptolemy/domains/continuous/test/auto/StickyMasses.xml
----------------- Instantiating /home/travis/build/icyphy/ptII/ptolemy/domains/continuous/test/auto/StickyMasses.xml
116 ms. Memory: 416256K Free: 92922K (22%)
----------------- Invoking toplevel() on ptolemy.moml.MoMLSimpleApplication@76adb93
----------------- Done invoking toplevel() on ptolemy.moml.MoMLSimpleApplication@76adb93
reloadAllAccessors: .StickyMasses

===========================================================================================
----------------- testing Sat Apr 13 04:01:00 UTC 2019 /home/travis/build/icyphy/ptII/ptolemy/domains/continuous/test/auto/StopTime.xml
----------------- Instantiating /home/travis/build/icyphy/ptII/ptolemy/domains/continuous/test/auto/StopTime.xml
39 ms. Memory: 416256K Free: 65463K (16%)
----------------- Invoking toplevel() on ptolemy.moml.MoMLSimpleApplication@492e5574
----------------- Done invoking toplevel() on ptolemy.moml.MoMLSimpleApplication@492e5574
reloadAllAccessors: .StopTime

===========================================================================================
----------------- testing Sat Apr 13 04:01:00 UTC 2019 /home/travis/build/icyphy/ptII/ptolemy/domains/continuous/test/auto/StopTime2.xml
----------------- Instantiating /home/travis/build/icyphy/ptII/ptolemy/domains/continuous/test/auto/StopTime2.xml
48 ms. Memory: 416256K Free: 41316K (10%)
----------------- Invoking toplevel() on ptolemy.moml.MoMLSimpleApplication@511d15b1
----------------- Done invoking toplevel() on ptolemy.moml.MoMLSimpleApplication@511d15b1
reloadAllAccessors: .StopTime2

===========================================================================================
----------------- testing Sat Apr 13 04:01:01 UTC 2019 /home/travis/build/icyphy/ptII/ptolemy/domains/continuous/test/auto/Switch.xml
----------------- Instantiating /home/travis/build/icyphy/ptII/ptolemy/domains/continuous/test/auto/Switch.xml
49 ms. Memory: 396800K Free: 325494K (82%)
----------------- Invoking toplevel() on ptolemy.moml.MoMLSimpleApplication@7f6355ae
----------------- Done invoking toplevel() on ptolemy.moml.MoMLSimpleApplication@7f6355ae
reloadAllAccessors: .Switch

===========================================================================================
----------------- testing Sat Apr 13 04:01:01 UTC 2019 /home/travis/build/icyphy/ptII/ptolemy/domains/continuous/test/auto/Thermostat.xml
----------------- Instantiating /home/travis/build/icyphy/ptII/ptolemy/domains/continuous/test/auto/Thermostat.xml
189 ms. Memory: 396800K Free: 249062K (63%)
----------------- Invoking toplevel() on ptolemy.moml.MoMLSimpleApplication@99622c1
----------------- Done invoking toplevel() on ptolemy.moml.MoMLSimpleApplication@99622c1
reloadAllAccessors: .Thermostat

===========================================================================================
----------------- testing Sat Apr 13 04:01:01 UTC 2019 /home/travis/build/icyphy/ptII/ptolemy/domains/continuous/test/auto/TimeDelay.xml
----------------- Instantiating /home/travis/build/icyphy/ptII/ptolemy/domains/continuous/test/auto/TimeDelay.xml
5 ms. Memory: 396800K Free: 241799K (61%)
----------------- Invoking toplevel() on ptolemy.moml.MoMLSimpleApplication@12130eae
----------------- Done invoking toplevel() on ptolemy.moml.MoMLSimpleApplication@12130eae
reloadAllAccessors: .TimeDelay

===========================================================================================
----------------- testing Sat Apr 13 04:01:01 UTC 2019 /home/travis/build/icyphy/ptII/ptolemy/domains/continuous/test/auto/TimeDelay2.xml
----------------- Instantiating /home/travis/build/icyphy/ptII/ptolemy/domains/continuous/test/auto/TimeDelay2.xml
7 ms. Memory: 396800K Free: 232917K (59%)
----------------- Invoking toplevel() on ptolemy.moml.MoMLSimpleApplication@7db17071
----------------- Done invoking toplevel() on ptolemy.moml.MoMLSimpleApplication@7db17071
reloadAllAccessors: .TimeDelay2

===========================================================================================
----------------- testing Sat Apr 13 04:01:01 UTC 2019 /home/travis/build/icyphy/ptII/ptolemy/domains/continuous/test/auto/TimeDelay3.xml
----------------- Instantiating /home/travis/build/icyphy/ptII/ptolemy/domains/continuous/test/auto/TimeDelay3.xml
7 ms. Memory: 396800K Free: 227263K (57%)
----------------- Invoking toplevel() on ptolemy.moml.MoMLSimpleApplication@1cf6f247
----------------- Done invoking toplevel() on ptolemy.moml.MoMLSimpleApplication@1cf6f247
reloadAllAccessors: .TimeDelay3

===========================================================================================
----------------- testing Sat Apr 13 04:01:01 UTC 2019 /home/travis/build/icyphy/ptII/ptolemy/domains/continuous/test/auto/TransferAbsentToInside.xml
----------------- Instantiating /home/travis/build/icyphy/ptII/ptolemy/domains/continuous/test/auto/TransferAbsentToInside.xml
26 ms. Memory: 396800K Free: 170869K (43%)
----------------- Invoking toplevel() on ptolemy.moml.MoMLSimpleApplication@f1aa18b
----------------- Done invoking toplevel() on ptolemy.moml.MoMLSimpleApplication@f1aa18b
reloadAllAccessors: .TransferAbsentToInside

===========================================================================================
----------------- testing Sat Apr 13 04:01:01 UTC 2019 /home/travis/build/icyphy/ptII/ptolemy/domains/continuous/test/auto/Transmission.xml
----------------- Instantiating /home/travis/build/icyphy/ptII/ptolemy/domains/continuous/test/auto/Transmission.xml
719 ms. Memory: 382976K Free: 237922K (62%)
----------------- Invoking toplevel() on ptolemy.moml.MoMLSimpleApplication@2bc992d9
----------------- Done invoking toplevel() on ptolemy.moml.MoMLSimpleApplication@2bc992d9
reloadAllAccessors: .Transmission

===========================================================================================
----------------- testing Sat Apr 13 04:01:02 UTC 2019 /home/travis/build/icyphy/ptII/ptolemy/domains/continuous/test/auto/TriggeredContinuousClock.xml
----------------- Instantiating /home/travis/build/icyphy/ptII/ptolemy/domains/continuous/test/auto/TriggeredContinuousClock.xml
41 ms. Memory: 382976K Free: 204272K (53%)
----------------- Invoking toplevel() on ptolemy.moml.MoMLSimpleApplication@37cd5dcc
----------------- Done invoking toplevel() on ptolemy.moml.MoMLSimpleApplication@37cd5dcc
reloadAllAccessors: .TriggeredContinuousClock

===========================================================================================
----------------- testing Sat Apr 13 04:01:02 UTC 2019 /home/travis/build/icyphy/ptII/ptolemy/domains/continuous/test/auto/TwoMachineInfiniteBusControl.xml
----------------- Instantiating /home/travis/build/icyphy/ptII/ptolemy/domains/continuous/test/auto/TwoMachineInfiniteBusControl.xml
2823 ms. Memory: 356352K Free: 215578K (60%)
----------------- Invoking toplevel() on ptolemy.moml.MoMLSimpleApplication@5371281c
----------------- Done invoking toplevel() on ptolemy.moml.MoMLSimpleApplication@5371281c
reloadAllAccessors: .TwoMachineInfiniteBusControl

===========================================================================================
----------------- testing Sat Apr 13 04:01:05 UTC 2019 /home/travis/build/icyphy/ptII/ptolemy/domains/continuous/test/auto/V2V.xml
----------------- Instantiating /home/travis/build/icyphy/ptII/ptolemy/domains/continuous/test/auto/V2V.xml
678 ms. Memory: 356352K Free: 25789K (7%)
----------------- Invoking toplevel() on ptolemy.moml.MoMLSimpleApplication@78e0d518
----------------- Done invoking toplevel() on ptolemy.moml.MoMLSimpleApplication@78e0d518
reloadAllAccessors: .V2V

===========================================================================================
----------------- testing Sat Apr 13 04:01:06 UTC 2019 /home/travis/build/icyphy/ptII/ptolemy/domains/continuous/test/auto/hierarchicalModalModel.xml
----------------- Instantiating /home/travis/build/icyphy/ptII/ptolemy/domains/continuous/test/auto/hierarchicalModalModel.xml
13 ms. Memory: 350208K Free: 276349K (79%)
----------------- Invoking toplevel() on ptolemy.moml.MoMLSimpleApplication@341438e
----------------- Done invoking toplevel() on ptolemy.moml.MoMLSimpleApplication@341438e
reloadAllAccessors: .hierarchicalModalModel

===========================================================================================
----------------- testing Sat Apr 13 04:01:06 UTC 2019 /home/travis/build/icyphy/ptII/ptolemy/domains/continuous/test/auto/hierarchicalModalModel1.xml
----------------- Instantiating /home/travis/build/icyphy/ptII/ptolemy/domains/continuous/test/auto/hierarchicalModalModel1.xml
8 ms. Memory: 350208K Free: 258564K (74%)
----------------- Invoking toplevel() on ptolemy.moml.MoMLSimpleApplication@64e779b7
----------------- Done invoking toplevel() on ptolemy.moml.MoMLSimpleApplication@64e779b7
reloadAllAccessors: .hierarchicalModalModel1

===========================================================================================
----------------- testing Sat Apr 13 04:01:06 UTC 2019 /home/travis/build/icyphy/ptII/ptolemy/domains/continuous/test/auto/hierarchicalModalModel2.xml
----------------- Instantiating /home/travis/build/icyphy/ptII/ptolemy/domains/continuous/test/auto/hierarchicalModalModel2.xml
6 ms. Memory: 350208K Free: 243551K (70%)
----------------- Invoking toplevel() on ptolemy.moml.MoMLSimpleApplication@6aeb5519
----------------- Done invoking toplevel() on ptolemy.moml.MoMLSimpleApplication@6aeb5519
reloadAllAccessors: .hierarchicalModalModel2

===========================================================================================
----------------- testing Sat Apr 13 04:01:06 UTC 2019 /home/travis/build/icyphy/ptII/ptolemy/domains/continuous/test/auto/hierarchicalModalModel3.xml
----------------- Instantiating /home/travis/build/icyphy/ptII/ptolemy/domains/continuous/test/auto/hierarchicalModalModel3.xml
5 ms. Memory: 350208K Free: 230306K (66%)
----------------- Invoking toplevel() on ptolemy.moml.MoMLSimpleApplication@413069ad
----------------- Done invoking toplevel() on ptolemy.moml.MoMLSimpleApplication@413069ad
reloadAllAccessors: .hierarchicalModalModel3

===========================================================================================
----------------- testing Sat Apr 13 04:01:06 UTC 2019 /home/travis/build/icyphy/ptII/ptolemy/domains/continuous/test/auto/hierarchicalModalModel4.xml
----------------- Instantiating /home/travis/build/icyphy/ptII/ptolemy/domains/continuous/test/auto/hierarchicalModalModel4.xml
5 ms. Memory: 350208K Free: 215277K (61%)
----------------- Invoking toplevel() on ptolemy.moml.MoMLSimpleApplication@2a663dcb
----------------- Done invoking toplevel() on ptolemy.moml.MoMLSimpleApplication@2a663dcb
reloadAllAccessors: .hierarchicalModalModel4

===========================================================================================
----------------- testing Sat Apr 13 04:01:06 UTC 2019 /home/travis/build/icyphy/ptII/ptolemy/domains/continuous/test/auto/junk.xml
----------------- Instantiating /home/travis/build/icyphy/ptII/ptolemy/domains/continuous/test/auto/junk.xml
122 ms. Memory: 350208K Free: 184527K (53%)
----------------- Invoking toplevel() on ptolemy.moml.MoMLSimpleApplication@3319ec54
----------------- Done invoking toplevel() on ptolemy.moml.MoMLSimpleApplication@3319ec54
reloadAllAccessors: .junk
AutoTests.java: About to close Vertx.
AutoTests.java: Vertx closed.
]]></system-out>
  <system-err><![CDATA[Warning: '.HysteresisWithRandomDelay.NonStrictTest3' The test produced only 21 tokens, yet the correctValues parameter was expecting 30 tokens.
Warning: '.IncreasingRatePoisson.NonStrictTest' The test produced only 400 tokens, yet the correctValues parameter was expecting 402 tokens.
Warning: '.Poisson.NonStrictTest' The test produced only 415 tokens, yet the correctValues parameter was expecting 430 tokens.
]]></system-err>
</testsuite>
