<?xml version="1.0" encoding="UTF-8" ?>
<testsuite errors="0" failures="0" hostname="travis-job-cb64e701-d9cc-4755-9a21-ae8c01ce8d28" name="ptolemy.domains.continuous.test.junit.JUnitTclTest" skipped="0" tests="156" time="80.923" timestamp="2019-09-16T05:38:05">
  <properties>
[...]
</properties>
  <testcase classname="ptolemy.util.test.junit.TclTests" name="[0] ThereAreNoTclTests (RunTclFile)" time="0.008" />
  <testcase classname="ptolemy.util.test.junit.AutoKnownFailedTests" name="[0] ThereAreNoKnowFailedTests (RunModel)" time="0.007" />
  <testcase classname="ptolemy.util.test.junit.AutoNameArchTests" name="[0] ThereAreNoAutoArchTests (RunModel)" time="0.023" />
  <testcase classname="ptolemy.util.test.junit.AutoTests" name="[0] /home/travis/build/icyphy/ptII/ptolemy/domains/continuous/test/auto/BouncingBall.xml (RunModel)" time="3.417" />
  <testcase classname="ptolemy.util.test.junit.AutoTests" name="[1] /home/travis/build/icyphy/ptII/ptolemy/domains/continuous/test/auto/BouncingBallWithoutGR.xml (RunModel)" time="1.115" />
  <testcase classname="ptolemy.util.test.junit.AutoTests" name="[2] /home/travis/build/icyphy/ptII/ptolemy/domains/continuous/test/auto/Brownian.xml (RunModel)" time="0.12" />
  <testcase classname="ptolemy.util.test.junit.AutoTests" name="[3] /home/travis/build/icyphy/ptII/ptolemy/domains/continuous/test/auto/CarTracking.xml (RunModel)" time="4.185" />
  <testcase classname="ptolemy.util.test.junit.AutoTests" name="[4] /home/travis/build/icyphy/ptII/ptolemy/domains/continuous/test/auto/CartPendulum.xml (RunModel)" time="0.562" />
  <testcase classname="ptolemy.util.test.junit.AutoTests" name="[5] /home/travis/build/icyphy/ptII/ptolemy/domains/continuous/test/auto/CausalityInterface10.xml (RunModel)" time="0.062" />
  <testcase classname="ptolemy.util.test.junit.AutoTests" name="[6] /home/travis/build/icyphy/ptII/ptolemy/domains/continuous/test/auto/CausalityInterface11.xml (RunModel)" time="0.035" />
  <testcase classname="ptolemy.util.test.junit.AutoTests" name="[7] /home/travis/build/icyphy/ptII/ptolemy/domains/continuous/test/auto/CausalityInterface12.xml (RunModel)" time="0.038" />
  <testcase classname="ptolemy.util.test.junit.AutoTests" name="[8] /home/travis/build/icyphy/ptII/ptolemy/domains/continuous/test/auto/CausalityInterface13.xml (RunModel)" time="0.037" />
  <testcase classname="ptolemy.util.test.junit.AutoTests" name="[9] /home/travis/build/icyphy/ptII/ptolemy/domains/continuous/test/auto/CausalityInterface14.xml (RunModel)" time="0.025" />
  <testcase classname="ptolemy.util.test.junit.AutoTests" name="[10] /home/travis/build/icyphy/ptII/ptolemy/domains/continuous/test/auto/CausalityInterface4.xml (RunModel)" time="0.029" />
  <testcase classname="ptolemy.util.test.junit.AutoTests" name="[11] /home/travis/build/icyphy/ptII/ptolemy/domains/continuous/test/auto/CausalityInterface5.xml (RunModel)" time="0.047" />
  <testcase classname="ptolemy.util.test.junit.AutoTests" name="[12] /home/travis/build/icyphy/ptII/ptolemy/domains/continuous/test/auto/CausalityInterface6.xml (RunModel)" time="0.031" />
  <testcase classname="ptolemy.util.test.junit.AutoTests" name="[13] /home/travis/build/icyphy/ptII/ptolemy/domains/continuous/test/auto/CausalityInterface7.xml (RunModel)" time="0.046" />
  <testcase classname="ptolemy.util.test.junit.AutoTests" name="[14] /home/travis/build/icyphy/ptII/ptolemy/domains/continuous/test/auto/CausalityInterface8.xml (RunModel)" time="0.051" />
  <testcase classname="ptolemy.util.test.junit.AutoTests" name="[15] /home/travis/build/icyphy/ptII/ptolemy/domains/continuous/test/auto/CausalityInterface9.xml (RunModel)" time="0.045" />
  <testcase classname="ptolemy.util.test.junit.AutoTests" name="[16] /home/travis/build/icyphy/ptII/ptolemy/domains/continuous/test/auto/CausalityInterfaceFeedback1.xml (RunModel)" time="0.031" />
  <testcase classname="ptolemy.util.test.junit.AutoTests" name="[17] /home/travis/build/icyphy/ptII/ptolemy/domains/continuous/test/auto/CausalityInterfaceFeedback2.xml (RunModel)" time="0.038" />
  <testcase classname="ptolemy.util.test.junit.AutoTests" name="[18] /home/travis/build/icyphy/ptII/ptolemy/domains/continuous/test/auto/CompareWithCurrentTime.xml (RunModel)" time="0.03" />
  <testcase classname="ptolemy.util.test.junit.AutoTests" name="[19] /home/travis/build/icyphy/ptII/ptolemy/domains/continuous/test/auto/ComparedClocks.xml (RunModel)" time="0.098" />
  <testcase classname="ptolemy.util.test.junit.AutoTests" name="[20] /home/travis/build/icyphy/ptII/ptolemy/domains/continuous/test/auto/ContinuousAOCClone.xml (RunModel)" time="2.759" />
  <testcase classname="ptolemy.util.test.junit.AutoTests" name="[21] /home/travis/build/icyphy/ptII/ptolemy/domains/continuous/test/auto/ContinuousClock.xml (RunModel)" time="0.112" />
  <testcase classname="ptolemy.util.test.junit.AutoTests" name="[22] /home/travis/build/icyphy/ptII/ptolemy/domains/continuous/test/auto/ContinuousInContinuous.xml (RunModel)" time="0.108" />
  <testcase classname="ptolemy.util.test.junit.AutoTests" name="[23] /home/travis/build/icyphy/ptII/ptolemy/domains/continuous/test/auto/ContinuousInContinuousInContinuous.xml (RunModel)" time="0.028" />
  <testcase classname="ptolemy.util.test.junit.AutoTests" name="[24] /home/travis/build/icyphy/ptII/ptolemy/domains/continuous/test/auto/ContinuousInDE.xml (RunModel)" time="0.142" />
  <testcase classname="ptolemy.util.test.junit.AutoTests" name="[25] /home/travis/build/icyphy/ptII/ptolemy/domains/continuous/test/auto/ContinuousInDE2.xml (RunModel)" time="0.06" />
  <testcase classname="ptolemy.util.test.junit.AutoTests" name="[26] /home/travis/build/icyphy/ptII/ptolemy/domains/continuous/test/auto/ContinuousInDE3.xml (RunModel)" time="0.062" />
  <testcase classname="ptolemy.util.test.junit.AutoTests" name="[27] /home/travis/build/icyphy/ptII/ptolemy/domains/continuous/test/auto/ContinuousInDE4.xml (RunModel)" time="0.036" />
  <testcase classname="ptolemy.util.test.junit.AutoTests" name="[28] /home/travis/build/icyphy/ptII/ptolemy/domains/continuous/test/auto/ContinuousInDEDifferentRefinements.xml (RunModel)" time="0.125" />
  <testcase classname="ptolemy.util.test.junit.AutoTests" name="[29] /home/travis/build/icyphy/ptII/ptolemy/domains/continuous/test/auto/ContinuousInDEDifferentRefinementsPreemptive.xml (RunModel)" time="0.087" />
  <testcase classname="ptolemy.util.test.junit.AutoTests" name="[30] /home/travis/build/icyphy/ptII/ptolemy/domains/continuous/test/auto/ContinuousInDEInContinuous2.xml (RunModel)" time="0.06" />
  <testcase classname="ptolemy.util.test.junit.AutoTests" name="[31] /home/travis/build/icyphy/ptII/ptolemy/domains/continuous/test/auto/ContinuousInDEInContinuous3.xml (RunModel)" time="0.063" />
  <testcase classname="ptolemy.util.test.junit.AutoTests" name="[32] /home/travis/build/icyphy/ptII/ptolemy/domains/continuous/test/auto/ContinuousInDEInput.xml (RunModel)" time="0.037" />
  <testcase classname="ptolemy.util.test.junit.AutoTests" name="[33] /home/travis/build/icyphy/ptII/ptolemy/domains/continuous/test/auto/ContinuousInDEInput2.xml (RunModel)" time="0.038" />
  <testcase classname="ptolemy.util.test.junit.AutoTests" name="[34] /home/travis/build/icyphy/ptII/ptolemy/domains/continuous/test/auto/ContinuousInDEInput3.xml (RunModel)" time="0.038" />
  <testcase classname="ptolemy.util.test.junit.AutoTests" name="[35] /home/travis/build/icyphy/ptII/ptolemy/domains/continuous/test/auto/ContinuousInDESharingRefinement.xml (RunModel)" time="0.183" />
  <testcase classname="ptolemy.util.test.junit.AutoTests" name="[36] /home/travis/build/icyphy/ptII/ptolemy/domains/continuous/test/auto/ContinuousInDEwithNoPorts.xml (RunModel)" time="0.028" />
  <testcase classname="ptolemy.util.test.junit.AutoTests" name="[37] /home/travis/build/icyphy/ptII/ptolemy/domains/continuous/test/auto/ContinuousInsideDE.xml (RunModel)" time="0.083" />
  <testcase classname="ptolemy.util.test.junit.AutoTests" name="[38] /home/travis/build/icyphy/ptII/ptolemy/domains/continuous/test/auto/ContinuousMerge1.xml (RunModel)" time="0.016" />
  <testcase classname="ptolemy.util.test.junit.AutoTests" name="[39] /home/travis/build/icyphy/ptII/ptolemy/domains/continuous/test/auto/ContinuousMerge2.xml (RunModel)" time="0.065" />
  <testcase classname="ptolemy.util.test.junit.AutoTests" name="[40] /home/travis/build/icyphy/ptII/ptolemy/domains/continuous/test/auto/ContinuousMerge3.xml (RunModel)" time="0.077" />
  <testcase classname="ptolemy.util.test.junit.AutoTests" name="[41] /home/travis/build/icyphy/ptII/ptolemy/domains/continuous/test/auto/ContinuousWithinContinuous.xml (RunModel)" time="0.059" />
  <testcase classname="ptolemy.util.test.junit.AutoTests" name="[42] /home/travis/build/icyphy/ptII/ptolemy/domains/continuous/test/auto/ContinuousWithinContinuous2.xml (RunModel)" time="0.089" />
  <testcase classname="ptolemy.util.test.junit.AutoTests" name="[43] /home/travis/build/icyphy/ptII/ptolemy/domains/continuous/test/auto/ContinuousWithinContinuous3.xml (RunModel)" time="0.034" />
  <testcase classname="ptolemy.util.test.junit.AutoTests" name="[44] /home/travis/build/icyphy/ptII/ptolemy/domains/continuous/test/auto/ContinuousWithinContinuous4.xml (RunModel)" time="0.099" />
  <testcase classname="ptolemy.util.test.junit.AutoTests" name="[45] /home/travis/build/icyphy/ptII/ptolemy/domains/continuous/test/auto/ContinuousWithinContinuous5.xml (RunModel)" time="0.045" />
  <testcase classname="ptolemy.util.test.junit.AutoTests" name="[46] /home/travis/build/icyphy/ptII/ptolemy/domains/continuous/test/auto/ContinuousWithinContinuous6.xml (RunModel)" time="0.035" />
  <testcase classname="ptolemy.util.test.junit.AutoTests" name="[47] /home/travis/build/icyphy/ptII/ptolemy/domains/continuous/test/auto/ContinuousWithinContinuous7.xml (RunModel)" time="0.079" />
  <testcase classname="ptolemy.util.test.junit.AutoTests" name="[48] /home/travis/build/icyphy/ptII/ptolemy/domains/continuous/test/auto/DCMotor.xml (RunModel)" time="14.335" />
  <testcase classname="ptolemy.util.test.junit.AutoTests" name="[49] /home/travis/build/icyphy/ptII/ptolemy/domains/continuous/test/auto/DEInContinuous.xml (RunModel)" time="0.042" />
  <testcase classname="ptolemy.util.test.junit.AutoTests" name="[50] /home/travis/build/icyphy/ptII/ptolemy/domains/continuous/test/auto/DEinContinuous2.xml (RunModel)" time="0.029" />
  <testcase classname="ptolemy.util.test.junit.AutoTests" name="[51] /home/travis/build/icyphy/ptII/ptolemy/domains/continuous/test/auto/Derivative.xml (RunModel)" time="0.288" />
  <testcase classname="ptolemy.util.test.junit.AutoTests" name="[52] /home/travis/build/icyphy/ptII/ptolemy/domains/continuous/test/auto/Derivative1.xml (RunModel)" time="0.062" />
  <testcase classname="ptolemy.util.test.junit.AutoTests" name="[53] /home/travis/build/icyphy/ptII/ptolemy/domains/continuous/test/auto/DiscreteClock.xml (RunModel)" time="0.016" />
  <testcase classname="ptolemy.util.test.junit.AutoTests" name="[54] /home/travis/build/icyphy/ptII/ptolemy/domains/continuous/test/auto/EfficiencyCurve.xml (RunModel)" time="0.146" />
  <testcase classname="ptolemy.util.test.junit.AutoTests" name="[55] /home/travis/build/icyphy/ptII/ptolemy/domains/continuous/test/auto/ExponentialResponse.xml (RunModel)" time="0.186" />
  <testcase classname="ptolemy.util.test.junit.AutoTests" name="[56] /home/travis/build/icyphy/ptII/ptolemy/domains/continuous/test/auto/ExponentialResponseRK45.xml (RunModel)" time="0.054" />
  <testcase classname="ptolemy.util.test.junit.AutoTests" name="[57] /home/travis/build/icyphy/ptII/ptolemy/domains/continuous/test/auto/Friction.xml (RunModel)" time="1.661" />
  <testcase classname="ptolemy.util.test.junit.AutoTests" name="[58] /home/travis/build/icyphy/ptII/ptolemy/domains/continuous/test/auto/FurutaPendulum.xml (RunModel)" time="3.744" />
  <testcase classname="ptolemy.util.test.junit.AutoTests" name="[59] /home/travis/build/icyphy/ptII/ptolemy/domains/continuous/test/auto/HierarchicalExecution.xml (RunModel)" time="2.69" />
  <testcase classname="ptolemy.util.test.junit.AutoTests" name="[60] /home/travis/build/icyphy/ptII/ptolemy/domains/continuous/test/auto/HybridPlant.xml (RunModel)" time="0.661" />
  <testcase classname="ptolemy.util.test.junit.AutoTests" name="[61] /home/travis/build/icyphy/ptII/ptolemy/domains/continuous/test/auto/Hysteresis.xml (RunModel)" time="0.212" />
  <testcase classname="ptolemy.util.test.junit.AutoTests" name="[62] /home/travis/build/icyphy/ptII/ptolemy/domains/continuous/test/auto/HysteresisWithRandomDelay.xml (RunModel)" time="0.27" />
  <testcase classname="ptolemy.util.test.junit.AutoTests" name="[63] /home/travis/build/icyphy/ptII/ptolemy/domains/continuous/test/auto/HysteresisWithRandomLosses.xml (RunModel)" time="2.593" />
  <testcase classname="ptolemy.util.test.junit.AutoTests" name="[64] /home/travis/build/icyphy/ptII/ptolemy/domains/continuous/test/auto/ImmediateTransitions.xml (RunModel)" time="0.03" />
  <testcase classname="ptolemy.util.test.junit.AutoTests" name="[65] /home/travis/build/icyphy/ptII/ptolemy/domains/continuous/test/auto/ImpulseFeedback.xml (RunModel)" time="0.026" />
  <testcase classname="ptolemy.util.test.junit.AutoTests" name="[66] /home/travis/build/icyphy/ptII/ptolemy/domains/continuous/test/auto/ImpulseFeedback2.xml (RunModel)" time="0.017" />
  <testcase classname="ptolemy.util.test.junit.AutoTests" name="[67] /home/travis/build/icyphy/ptII/ptolemy/domains/continuous/test/auto/IncreasingRatePoisson.xml (RunModel)" time="0.821" />
  <testcase classname="ptolemy.util.test.junit.AutoTests" name="[68] /home/travis/build/icyphy/ptII/ptolemy/domains/continuous/test/auto/InitialStateFeedback.xml (RunModel)" time="0.013" />
  <testcase classname="ptolemy.util.test.junit.AutoTests" name="[69] /home/travis/build/icyphy/ptII/ptolemy/domains/continuous/test/auto/Integration.xml (RunModel)" time="0.013" />
  <testcase classname="ptolemy.util.test.junit.AutoTests" name="[70] /home/travis/build/icyphy/ptII/ptolemy/domains/continuous/test/auto/Integration2.xml (RunModel)" time="0.104" />
  <testcase classname="ptolemy.util.test.junit.AutoTests" name="[71] /home/travis/build/icyphy/ptII/ptolemy/domains/continuous/test/auto/Integration3.xml (RunModel)" time="0.017" />
  <testcase classname="ptolemy.util.test.junit.AutoTests" name="[72] /home/travis/build/icyphy/ptII/ptolemy/domains/continuous/test/auto/Integration5.xml (RunModel)" time="0.013" />
  <testcase classname="ptolemy.util.test.junit.AutoTests" name="[73] /home/travis/build/icyphy/ptII/ptolemy/domains/continuous/test/auto/IntegratorImpulse.xml (RunModel)" time="0.011" />
  <testcase classname="ptolemy.util.test.junit.AutoTests" name="[74] /home/travis/build/icyphy/ptII/ptolemy/domains/continuous/test/auto/IntegratorImpulse2.xml (RunModel)" time="0.016" />
  <testcase classname="ptolemy.util.test.junit.AutoTests" name="[75] /home/travis/build/icyphy/ptII/ptolemy/domains/continuous/test/auto/LevelCrossing1.xml (RunModel)" time="0.015" />
  <testcase classname="ptolemy.util.test.junit.AutoTests" name="[76] /home/travis/build/icyphy/ptII/ptolemy/domains/continuous/test/auto/LevelCrossing2.xml (RunModel)" time="0.015" />
  <testcase classname="ptolemy.util.test.junit.AutoTests" name="[77] /home/travis/build/icyphy/ptII/ptolemy/domains/continuous/test/auto/LevelCrossing3.xml (RunModel)" time="0.018" />
  <testcase classname="ptolemy.util.test.junit.AutoTests" name="[78] /home/travis/build/icyphy/ptII/ptolemy/domains/continuous/test/auto/LevelCrossing4.xml (RunModel)" time="0.017" />
  <testcase classname="ptolemy.util.test.junit.AutoTests" name="[79] /home/travis/build/icyphy/ptII/ptolemy/domains/continuous/test/auto/LevelCrossing5.xml (RunModel)" time="0.015" />
  <testcase classname="ptolemy.util.test.junit.AutoTests" name="[80] /home/travis/build/icyphy/ptII/ptolemy/domains/continuous/test/auto/LevelCrossing6.xml (RunModel)" time="0.019" />
  <testcase classname="ptolemy.util.test.junit.AutoTests" name="[81] /home/travis/build/icyphy/ptII/ptolemy/domains/continuous/test/auto/LevelCrossingDetector.xml (RunModel)" time="0.04" />
  <testcase classname="ptolemy.util.test.junit.AutoTests" name="[82] /home/travis/build/icyphy/ptII/ptolemy/domains/continuous/test/auto/LevelCrossingDetectorDetectingDirections.xml (RunModel)" time="0.092" />
  <testcase classname="ptolemy.util.test.junit.AutoTests" name="[83] /home/travis/build/icyphy/ptII/ptolemy/domains/continuous/test/auto/LevelCrossingDetectorDetectsGlitches.xml (RunModel)" time="0.075" />
  <testcase classname="ptolemy.util.test.junit.AutoTests" name="[84] /home/travis/build/icyphy/ptII/ptolemy/domains/continuous/test/auto/LevelCrossingNoInitialOuput.xml (RunModel)" time="0.019" />
  <testcase classname="ptolemy.util.test.junit.AutoTests" name="[85] /home/travis/build/icyphy/ptII/ptolemy/domains/continuous/test/auto/LinearStateSpaceExample.xml (RunModel)" time="0.065" />
  <testcase classname="ptolemy.util.test.junit.AutoTests" name="[86] /home/travis/build/icyphy/ptII/ptolemy/domains/continuous/test/auto/Lorenz.xml (RunModel)" time="4.429" />
  <testcase classname="ptolemy.util.test.junit.AutoTests" name="[87] /home/travis/build/icyphy/ptII/ptolemy/domains/continuous/test/auto/LorenzDifferentialSystem.xml (RunModel)" time="1.316" />
  <testcase classname="ptolemy.util.test.junit.AutoTests" name="[88] /home/travis/build/icyphy/ptII/ptolemy/domains/continuous/test/auto/LorenzDifferentialSystemWithInput.xml (RunModel)" time="1.384" />
  <testcase classname="ptolemy.util.test.junit.AutoTests" name="[89] /home/travis/build/icyphy/ptII/ptolemy/domains/continuous/test/auto/LorenzDifferentialSystemWithTime.xml (RunModel)" time="0.819" />
  <testcase classname="ptolemy.util.test.junit.AutoTests" name="[90] /home/travis/build/icyphy/ptII/ptolemy/domains/continuous/test/auto/Microsteps.xml (RunModel)" time="0.036" />
  <testcase classname="ptolemy.util.test.junit.AutoTests" name="[91] /home/travis/build/icyphy/ptII/ptolemy/domains/continuous/test/auto/Modal1.xml (RunModel)" time="0.057" />
  <testcase classname="ptolemy.util.test.junit.AutoTests" name="[92] /home/travis/build/icyphy/ptII/ptolemy/domains/continuous/test/auto/Modal2.xml (RunModel)" time="0.058" />
  <testcase classname="ptolemy.util.test.junit.AutoTests" name="[93] /home/travis/build/icyphy/ptII/ptolemy/domains/continuous/test/auto/ModalTransitionGuardWithReset.xml (RunModel)" time="0.038" />
  <testcase classname="ptolemy.util.test.junit.AutoTests" name="[94] /home/travis/build/icyphy/ptII/ptolemy/domains/continuous/test/auto/ModalTransitionGuardWithResetUsingPreemptiveTransition.xml (RunModel)" time="0.028" />
  <testcase classname="ptolemy.util.test.junit.AutoTests" name="[95] /home/travis/build/icyphy/ptII/ptolemy/domains/continuous/test/auto/ModalTransitionGuardWithResetUsingPreemptiveTransition2.xml (RunModel)" time="0.026" />
  <testcase classname="ptolemy.util.test.junit.AutoTests" name="[96] /home/travis/build/icyphy/ptII/ptolemy/domains/continuous/test/auto/ModalTransitionGuardWithResetUsingPreemptiveTransition3.xml (RunModel)" time="0.027" />
  <testcase classname="ptolemy.util.test.junit.AutoTests" name="[97] /home/travis/build/icyphy/ptII/ptolemy/domains/continuous/test/auto/NewtonsCradle.xml (RunModel)" time="0.878" />
  <testcase classname="ptolemy.util.test.junit.AutoTests" name="[98] /home/travis/build/icyphy/ptII/ptolemy/domains/continuous/test/auto/NewtonsCradleAnimated.xml (RunModel)" time="1.472" />
  <testcase classname="ptolemy.util.test.junit.AutoTests" name="[99] /home/travis/build/icyphy/ptII/ptolemy/domains/continuous/test/auto/NewtonsCradleComplicated.xml (RunModel)" time="0.993" />
  <testcase classname="ptolemy.util.test.junit.AutoTests" name="[100] /home/travis/build/icyphy/ptII/ptolemy/domains/continuous/test/auto/NewtonsCradleNondeterministic.xml (RunModel)" time="0.78" />
  <testcase classname="ptolemy.util.test.junit.AutoTests" name="[101] /home/travis/build/icyphy/ptII/ptolemy/domains/continuous/test/auto/NewtonsCradlePerfectlyInelastic1.xml (RunModel)" time="1.299" />
  <testcase classname="ptolemy.util.test.junit.AutoTests" name="[102] /home/travis/build/icyphy/ptII/ptolemy/domains/continuous/test/auto/Noise.xml (RunModel)" time="0.209" />
  <testcase classname="ptolemy.util.test.junit.AutoTests" name="[103] /home/travis/build/icyphy/ptII/ptolemy/domains/continuous/test/auto/NoiseSpectrum.xml (RunModel)" time="0.882" />
  <testcase classname="ptolemy.util.test.junit.AutoTests" name="[104] /home/travis/build/icyphy/ptII/ptolemy/domains/continuous/test/auto/ParameterizedNewtonsCradleAnimated.xml (RunModel)" time="0.372" />
  <testcase classname="ptolemy.util.test.junit.AutoTests" name="[105] /home/travis/build/icyphy/ptII/ptolemy/domains/continuous/test/auto/ParameterizedNewtonsCradleAnimatedNondeterministic.xml (RunModel)" time="1.249" />
  <testcase classname="ptolemy.util.test.junit.AutoTests" name="[106] /home/travis/build/icyphy/ptII/ptolemy/domains/continuous/test/auto/Pendulum3D.xml (RunModel)" time="0.194" />
  <testcase classname="ptolemy.util.test.junit.AutoTests" name="[107] /home/travis/build/icyphy/ptII/ptolemy/domains/continuous/test/auto/PeriodicSampler.xml (RunModel)" time="0.016" />
  <testcase classname="ptolemy.util.test.junit.AutoTests" name="[108] /home/travis/build/icyphy/ptII/ptolemy/domains/continuous/test/auto/PeriodicSampler1.xml (RunModel)" time="0.049" />
  <testcase classname="ptolemy.util.test.junit.AutoTests" name="[109] /home/travis/build/icyphy/ptII/ptolemy/domains/continuous/test/auto/PeriodicSampler2.xml (RunModel)" time="0.088" />
  <testcase classname="ptolemy.util.test.junit.AutoTests" name="[110] /home/travis/build/icyphy/ptII/ptolemy/domains/continuous/test/auto/Poisson.xml (RunModel)" time="0.5" />
  <testcase classname="ptolemy.util.test.junit.AutoTests" name="[111] /home/travis/build/icyphy/ptII/ptolemy/domains/continuous/test/auto/PoissonClock.xml (RunModel)" time="0.016" />
  <testcase classname="ptolemy.util.test.junit.AutoTests" name="[112] /home/travis/build/icyphy/ptII/ptolemy/domains/continuous/test/auto/PoissonClock2.xml (RunModel)" time="0.017" />
  <testcase classname="ptolemy.util.test.junit.AutoTests" name="[113] /home/travis/build/icyphy/ptII/ptolemy/domains/continuous/test/auto/PortParameterHierarchy.xml (RunModel)" time="0.038" />
  <testcase classname="ptolemy.util.test.junit.AutoTests" name="[114] /home/travis/build/icyphy/ptII/ptolemy/domains/continuous/test/auto/RandomHybridPlant.xml (RunModel)" time="0.591" />
  <testcase classname="ptolemy.util.test.junit.AutoTests" name="[115] /home/travis/build/icyphy/ptII/ptolemy/domains/continuous/test/auto/ResetTransitionWithStartTime1.xml (RunModel)" time="0.045" />
  <testcase classname="ptolemy.util.test.junit.AutoTests" name="[116] /home/travis/build/icyphy/ptII/ptolemy/domains/continuous/test/auto/ResetTransitionWithStartTime2.xml (RunModel)" time="0.041" />
  <testcase classname="ptolemy.util.test.junit.AutoTests" name="[117] /home/travis/build/icyphy/ptII/ptolemy/domains/continuous/test/auto/ResetTransitionWithStartTime3.xml (RunModel)" time="0.044" />
  <testcase classname="ptolemy.util.test.junit.AutoTests" name="[118] /home/travis/build/icyphy/ptII/ptolemy/domains/continuous/test/auto/ResetTransitionWithStartTime4.xml (RunModel)" time="0.033" />
  <testcase classname="ptolemy.util.test.junit.AutoTests" name="[119] /home/travis/build/icyphy/ptII/ptolemy/domains/continuous/test/auto/ResetTransitionWithStartTime5.xml (RunModel)" time="0.038" />
  <testcase classname="ptolemy.util.test.junit.AutoTests" name="[120] /home/travis/build/icyphy/ptII/ptolemy/domains/continuous/test/auto/ResetTransitionWithStartTime6.xml (RunModel)" time="0.03" />
  <testcase classname="ptolemy.util.test.junit.AutoTests" name="[121] /home/travis/build/icyphy/ptII/ptolemy/domains/continuous/test/auto/SRinContinuous.xml (RunModel)" time="0.026" />
  <testcase classname="ptolemy.util.test.junit.AutoTests" name="[122] /home/travis/build/icyphy/ptII/ptolemy/domains/continuous/test/auto/SampledClocks.xml (RunModel)" time="0.041" />
  <testcase classname="ptolemy.util.test.junit.AutoTests" name="[123] /home/travis/build/icyphy/ptII/ptolemy/domains/continuous/test/auto/Satellite.xml (RunModel)" time="0.896" />
  <testcase classname="ptolemy.util.test.junit.AutoTests" name="[124] /home/travis/build/icyphy/ptII/ptolemy/domains/continuous/test/auto/SigmaDelta.xml (RunModel)" time="2.601" />
  <testcase classname="ptolemy.util.test.junit.AutoTests" name="[125] /home/travis/build/icyphy/ptII/ptolemy/domains/continuous/test/auto/SingleRefinement.xml (RunModel)" time="0.47" />
  <testcase classname="ptolemy.util.test.junit.AutoTests" name="[126] /home/travis/build/icyphy/ptII/ptolemy/domains/continuous/test/auto/SinuBouncingBall.xml (RunModel)" time="0.896" />
  <testcase classname="ptolemy.util.test.junit.AutoTests" name="[127] /home/travis/build/icyphy/ptII/ptolemy/domains/continuous/test/auto/Sinusoid.xml (RunModel)" time="0.022" />
  <testcase classname="ptolemy.util.test.junit.AutoTests" name="[128] /home/travis/build/icyphy/ptII/ptolemy/domains/continuous/test/auto/SinusoidInNoise.xml (RunModel)" time="0.978" />
  <testcase classname="ptolemy.util.test.junit.AutoTests" name="[129] /home/travis/build/icyphy/ptII/ptolemy/domains/continuous/test/auto/SinusoidRK45.xml (RunModel)" time="0.021" />
  <testcase classname="ptolemy.util.test.junit.AutoTests" name="[130] /home/travis/build/icyphy/ptII/ptolemy/domains/continuous/test/auto/SinusoidWithMultipleImpulses.xml (RunModel)" time="0.014" />
  <testcase classname="ptolemy.util.test.junit.AutoTests" name="[131] /home/travis/build/icyphy/ptII/ptolemy/domains/continuous/test/auto/SquareWave.xml (RunModel)" time="0.185" />
  <testcase classname="ptolemy.util.test.junit.AutoTests" name="[132] /home/travis/build/icyphy/ptII/ptolemy/domains/continuous/test/auto/Starmac.xml (RunModel)" time="3.58" />
  <testcase classname="ptolemy.util.test.junit.AutoTests" name="[133] /home/travis/build/icyphy/ptII/ptolemy/domains/continuous/test/auto/StaticUnits.xml (RunModel)" time="2.837" />
  <testcase classname="ptolemy.util.test.junit.AutoTests" name="[134] /home/travis/build/icyphy/ptII/ptolemy/domains/continuous/test/auto/StickyMasses.xml (RunModel)" time="0.208" />
  <testcase classname="ptolemy.util.test.junit.AutoTests" name="[135] /home/travis/build/icyphy/ptII/ptolemy/domains/continuous/test/auto/StopTime.xml (RunModel)" time="0.069" />
  <testcase classname="ptolemy.util.test.junit.AutoTests" name="[136] /home/travis/build/icyphy/ptII/ptolemy/domains/continuous/test/auto/StopTime2.xml (RunModel)" time="0.065" />
  <testcase classname="ptolemy.util.test.junit.AutoTests" name="[137] /home/travis/build/icyphy/ptII/ptolemy/domains/continuous/test/auto/Switch.xml (RunModel)" time="0.082" />
  <testcase classname="ptolemy.util.test.junit.AutoTests" name="[138] /home/travis/build/icyphy/ptII/ptolemy/domains/continuous/test/auto/Thermostat.xml (RunModel)" time="0.223" />
  <testcase classname="ptolemy.util.test.junit.AutoTests" name="[139] /home/travis/build/icyphy/ptII/ptolemy/domains/continuous/test/auto/TimeDelay.xml (RunModel)" time="0.016" />
  <testcase classname="ptolemy.util.test.junit.AutoTests" name="[140] /home/travis/build/icyphy/ptII/ptolemy/domains/continuous/test/auto/TimeDelay2.xml (RunModel)" time="0.027" />
  <testcase classname="ptolemy.util.test.junit.AutoTests" name="[141] /home/travis/build/icyphy/ptII/ptolemy/domains/continuous/test/auto/TimeDelay3.xml (RunModel)" time="0.013" />
  <testcase classname="ptolemy.util.test.junit.AutoTests" name="[142] /home/travis/build/icyphy/ptII/ptolemy/domains/continuous/test/auto/TransferAbsentToInside.xml (RunModel)" time="0.123" />
  <testcase classname="ptolemy.util.test.junit.AutoTests" name="[143] /home/travis/build/icyphy/ptII/ptolemy/domains/continuous/test/auto/Transmission.xml (RunModel)" time="0.823" />
  <testcase classname="ptolemy.util.test.junit.AutoTests" name="[144] /home/travis/build/icyphy/ptII/ptolemy/domains/continuous/test/auto/TriggeredContinuousClock.xml (RunModel)" time="0.094" />
  <testcase classname="ptolemy.util.test.junit.AutoTests" name="[145] /home/travis/build/icyphy/ptII/ptolemy/domains/continuous/test/auto/TwoMachineInfiniteBusControl.xml (RunModel)" time="3.143" />
  <testcase classname="ptolemy.util.test.junit.AutoTests" name="[146] /home/travis/build/icyphy/ptII/ptolemy/domains/continuous/test/auto/V2V.xml (RunModel)" time="0.849" />
  <testcase classname="ptolemy.util.test.junit.AutoTests" name="[147] /home/travis/build/icyphy/ptII/ptolemy/domains/continuous/test/auto/hierarchicalModalModel.xml (RunModel)" time="0.035" />
  <testcase classname="ptolemy.util.test.junit.AutoTests" name="[148] /home/travis/build/icyphy/ptII/ptolemy/domains/continuous/test/auto/hierarchicalModalModel1.xml (RunModel)" time="0.041" />
  <testcase classname="ptolemy.util.test.junit.AutoTests" name="[149] /home/travis/build/icyphy/ptII/ptolemy/domains/continuous/test/auto/hierarchicalModalModel2.xml (RunModel)" time="0.03" />
  <testcase classname="ptolemy.util.test.junit.AutoTests" name="[150] /home/travis/build/icyphy/ptII/ptolemy/domains/continuous/test/auto/hierarchicalModalModel3.xml (RunModel)" time="0.034" />
  <testcase classname="ptolemy.util.test.junit.AutoTests" name="[151] /home/travis/build/icyphy/ptII/ptolemy/domains/continuous/test/auto/hierarchicalModalModel4.xml (RunModel)" time="0.029" />
  <testcase classname="ptolemy.util.test.junit.AutoTests" name="[152] /home/travis/build/icyphy/ptII/ptolemy/domains/continuous/test/auto/junk.xml (RunModel)" time="0.15" />
  <system-out><![CDATA[No tcl tests in /home/travis/build/icyphy/ptII/ptolemy/domains/continuous/test
No auto/knownFailedTests/*.xml tests in /home/travis/build/icyphy/ptII/ptolemy/domains/continuous/test
No auto/linux-amd64/*.xml tests in /home/travis/build/icyphy/ptII/ptolemy/domains/continuous/test
AutoTests.java: About to close Vertx.
AutoTests.java: Vertx closed.

===========================================================================================
----------------- testing Mon Sep 16 05:38:06 UTC 2019 /home/travis/build/icyphy/ptII/ptolemy/domains/continuous/test/auto/BouncingBall.xml
----------------- Instantiating /home/travis/build/icyphy/ptII/ptolemy/domains/continuous/test/auto/BouncingBall.xml
2686 ms. Memory: 120832K Free: 73061K (60%)
----------------- Invoking toplevel() on ptolemy.moml.MoMLSimpleApplication@41d1e87f
----------------- Done invoking toplevel() on ptolemy.moml.MoMLSimpleApplication@41d1e87f
reloadAllAccessors: .BouncingBall

===========================================================================================
----------------- testing Mon Sep 16 05:38:09 UTC 2019 /home/travis/build/icyphy/ptII/ptolemy/domains/continuous/test/auto/BouncingBallWithoutGR.xml
----------------- Instantiating /home/travis/build/icyphy/ptII/ptolemy/domains/continuous/test/auto/BouncingBallWithoutGR.xml
953 ms. Memory: 157696K Free: 91981K (58%)
----------------- Invoking toplevel() on ptolemy.moml.MoMLSimpleApplication@3b5fb688
----------------- Done invoking toplevel() on ptolemy.moml.MoMLSimpleApplication@3b5fb688
reloadAllAccessors: .BouncingBallWithoutGR

===========================================================================================
----------------- testing Mon Sep 16 05:38:10 UTC 2019 /home/travis/build/icyphy/ptII/ptolemy/domains/continuous/test/auto/Brownian.xml
----------------- Instantiating /home/travis/build/icyphy/ptII/ptolemy/domains/continuous/test/auto/Brownian.xml
36 ms. Memory: 157696K Free: 83275K (53%)
----------------- Invoking toplevel() on ptolemy.moml.MoMLSimpleApplication@239ba336
----------------- Done invoking toplevel() on ptolemy.moml.MoMLSimpleApplication@239ba336
reloadAllAccessors: .Brownian

===========================================================================================
----------------- testing Mon Sep 16 05:38:10 UTC 2019 /home/travis/build/icyphy/ptII/ptolemy/domains/continuous/test/auto/CarTracking.xml
----------------- Instantiating /home/travis/build/icyphy/ptII/ptolemy/domains/continuous/test/auto/CarTracking.xml
3583 ms. Memory: 227328K Free: 142223K (63%)
----------------- Invoking toplevel() on ptolemy.moml.MoMLSimpleApplication@63da0fd5
----------------- Done invoking toplevel() on ptolemy.moml.MoMLSimpleApplication@63da0fd5
reloadAllAccessors: .CarTracking

===========================================================================================
----------------- testing Mon Sep 16 05:38:14 UTC 2019 /home/travis/build/icyphy/ptII/ptolemy/domains/continuous/test/auto/CartPendulum.xml
----------------- Instantiating /home/travis/build/icyphy/ptII/ptolemy/domains/continuous/test/auto/CartPendulum.xml
405 ms. Memory: 227328K Free: 183463K (81%)
----------------- Invoking toplevel() on ptolemy.moml.MoMLSimpleApplication@7bb0af27
----------------- Done invoking toplevel() on ptolemy.moml.MoMLSimpleApplication@7bb0af27
reloadAllAccessors: .CartPendulum

===========================================================================================
----------------- testing Mon Sep 16 05:38:15 UTC 2019 /home/travis/build/icyphy/ptII/ptolemy/domains/continuous/test/auto/CausalityInterface10.xml
----------------- Instantiating /home/travis/build/icyphy/ptII/ptolemy/domains/continuous/test/auto/CausalityInterface10.xml
14 ms. Memory: 227328K Free: 172709K (76%)
----------------- Invoking toplevel() on ptolemy.moml.MoMLSimpleApplication@677cbca
----------------- Done invoking toplevel() on ptolemy.moml.MoMLSimpleApplication@677cbca
reloadAllAccessors: .CausalityInterface10

===========================================================================================
----------------- testing Mon Sep 16 05:38:15 UTC 2019 /home/travis/build/icyphy/ptII/ptolemy/domains/continuous/test/auto/CausalityInterface11.xml
----------------- Instantiating /home/travis/build/icyphy/ptII/ptolemy/domains/continuous/test/auto/CausalityInterface11.xml
9 ms. Memory: 227328K Free: 166551K (73%)
----------------- Invoking toplevel() on ptolemy.moml.MoMLSimpleApplication@73d3ee9
----------------- Done invoking toplevel() on ptolemy.moml.MoMLSimpleApplication@73d3ee9
reloadAllAccessors: .CausalityInterface11

===========================================================================================
----------------- testing Mon Sep 16 05:38:15 UTC 2019 /home/travis/build/icyphy/ptII/ptolemy/domains/continuous/test/auto/CausalityInterface12.xml
----------------- Instantiating /home/travis/build/icyphy/ptII/ptolemy/domains/continuous/test/auto/CausalityInterface12.xml
9 ms. Memory: 227328K Free: 160407K (71%)
----------------- Invoking toplevel() on ptolemy.moml.MoMLSimpleApplication@5347e5c2
----------------- Done invoking toplevel() on ptolemy.moml.MoMLSimpleApplication@5347e5c2
reloadAllAccessors: .CausalityInterface12

===========================================================================================
----------------- testing Mon Sep 16 05:38:15 UTC 2019 /home/travis/build/icyphy/ptII/ptolemy/domains/continuous/test/auto/CausalityInterface13.xml
----------------- Instantiating /home/travis/build/icyphy/ptII/ptolemy/domains/continuous/test/auto/CausalityInterface13.xml
8 ms. Memory: 227328K Free: 154263K (68%)
----------------- Invoking toplevel() on ptolemy.moml.MoMLSimpleApplication@4baf26de
----------------- Done invoking toplevel() on ptolemy.moml.MoMLSimpleApplication@4baf26de
reloadAllAccessors: .CausalityInterface13

===========================================================================================
----------------- testing Mon Sep 16 05:38:15 UTC 2019 /home/travis/build/icyphy/ptII/ptolemy/domains/continuous/test/auto/CausalityInterface14.xml
----------------- Instantiating /home/travis/build/icyphy/ptII/ptolemy/domains/continuous/test/auto/CausalityInterface14.xml
3 ms. Memory: 227328K Free: 148647K (65%)
----------------- Invoking toplevel() on ptolemy.moml.MoMLSimpleApplication@69288c2a
----------------- Done invoking toplevel() on ptolemy.moml.MoMLSimpleApplication@69288c2a
reloadAllAccessors: .CausalityInterface14

===========================================================================================
----------------- testing Mon Sep 16 05:38:15 UTC 2019 /home/travis/build/icyphy/ptII/ptolemy/domains/continuous/test/auto/CausalityInterface4.xml
----------------- Instantiating /home/travis/build/icyphy/ptII/ptolemy/domains/continuous/test/auto/CausalityInterface4.xml
5 ms. Memory: 227328K Free: 141479K (62%)
----------------- Invoking toplevel() on ptolemy.moml.MoMLSimpleApplication@68152099
----------------- Done invoking toplevel() on ptolemy.moml.MoMLSimpleApplication@68152099
reloadAllAccessors: .CausalityInterface4

===========================================================================================
----------------- testing Mon Sep 16 05:38:15 UTC 2019 /home/travis/build/icyphy/ptII/ptolemy/domains/continuous/test/auto/CausalityInterface5.xml
----------------- Instantiating /home/travis/build/icyphy/ptII/ptolemy/domains/continuous/test/auto/CausalityInterface5.xml
11 ms. Memory: 227328K Free: 133287K (59%)
----------------- Invoking toplevel() on ptolemy.moml.MoMLSimpleApplication@d059ac6
----------------- Done invoking toplevel() on ptolemy.moml.MoMLSimpleApplication@d059ac6
reloadAllAccessors: .CausalityInterface5

===========================================================================================
----------------- testing Mon Sep 16 05:38:15 UTC 2019 /home/travis/build/icyphy/ptII/ptolemy/domains/continuous/test/auto/CausalityInterface6.xml
----------------- Instantiating /home/travis/build/icyphy/ptII/ptolemy/domains/continuous/test/auto/CausalityInterface6.xml
7 ms. Memory: 227328K Free: 128167K (56%)
----------------- Invoking toplevel() on ptolemy.moml.MoMLSimpleApplication@30b1c550
----------------- Done invoking toplevel() on ptolemy.moml.MoMLSimpleApplication@30b1c550
reloadAllAccessors: .CausalityInterface6

===========================================================================================
----------------- testing Mon Sep 16 05:38:15 UTC 2019 /home/travis/build/icyphy/ptII/ptolemy/domains/continuous/test/auto/CausalityInterface7.xml
----------------- Instantiating /home/travis/build/icyphy/ptII/ptolemy/domains/continuous/test/auto/CausalityInterface7.xml
11 ms. Memory: 227328K Free: 119461K (53%)
----------------- Invoking toplevel() on ptolemy.moml.MoMLSimpleApplication@628fe7cd
----------------- Done invoking toplevel() on ptolemy.moml.MoMLSimpleApplication@628fe7cd
reloadAllAccessors: .CausalityInterface7

===========================================================================================
----------------- testing Mon Sep 16 05:38:15 UTC 2019 /home/travis/build/icyphy/ptII/ptolemy/domains/continuous/test/auto/CausalityInterface8.xml
----------------- Instantiating /home/travis/build/icyphy/ptII/ptolemy/domains/continuous/test/auto/CausalityInterface8.xml
15 ms. Memory: 227328K Free: 110245K (48%)
----------------- Invoking toplevel() on ptolemy.moml.MoMLSimpleApplication@6bb2aecf
----------------- Done invoking toplevel() on ptolemy.moml.MoMLSimpleApplication@6bb2aecf
reloadAllAccessors: .CausalityInterface8

===========================================================================================
----------------- testing Mon Sep 16 05:38:15 UTC 2019 /home/travis/build/icyphy/ptII/ptolemy/domains/continuous/test/auto/CausalityInterface9.xml
----------------- Instantiating /home/travis/build/icyphy/ptII/ptolemy/domains/continuous/test/auto/CausalityInterface9.xml
5 ms. Memory: 227328K Free: 99493K (44%)
----------------- Invoking toplevel() on ptolemy.moml.MoMLSimpleApplication@66c453ac
----------------- Done invoking toplevel() on ptolemy.moml.MoMLSimpleApplication@66c453ac
reloadAllAccessors: .CausalityInterface9

===========================================================================================
----------------- testing Mon Sep 16 05:38:15 UTC 2019 /home/travis/build/icyphy/ptII/ptolemy/domains/continuous/test/auto/CausalityInterfaceFeedback1.xml
----------------- Instantiating /home/travis/build/icyphy/ptII/ptolemy/domains/continuous/test/auto/CausalityInterfaceFeedback1.xml
6 ms. Memory: 227328K Free: 92807K (41%)
----------------- Invoking toplevel() on ptolemy.moml.MoMLSimpleApplication@4502f7ec
----------------- Done invoking toplevel() on ptolemy.moml.MoMLSimpleApplication@4502f7ec
reloadAllAccessors: .CausalityInterfaceFeedback1

===========================================================================================
----------------- testing Mon Sep 16 05:38:16 UTC 2019 /home/travis/build/icyphy/ptII/ptolemy/domains/continuous/test/auto/CausalityInterfaceFeedback2.xml
----------------- Instantiating /home/travis/build/icyphy/ptII/ptolemy/domains/continuous/test/auto/CausalityInterfaceFeedback2.xml
6 ms. Memory: 227328K Free: 86183K (38%)
----------------- Invoking toplevel() on ptolemy.moml.MoMLSimpleApplication@af72995
----------------- Done invoking toplevel() on ptolemy.moml.MoMLSimpleApplication@af72995
reloadAllAccessors: .CausalityInterfaceFeedback2

===========================================================================================
----------------- testing Mon Sep 16 05:38:16 UTC 2019 /home/travis/build/icyphy/ptII/ptolemy/domains/continuous/test/auto/CompareWithCurrentTime.xml
----------------- Instantiating /home/travis/build/icyphy/ptII/ptolemy/domains/continuous/test/auto/CompareWithCurrentTime.xml
4 ms. Memory: 227328K Free: 82087K (36%)
----------------- Invoking toplevel() on ptolemy.moml.MoMLSimpleApplication@36df9269
----------------- Done invoking toplevel() on ptolemy.moml.MoMLSimpleApplication@36df9269
reloadAllAccessors: .CompareWithCurrentTime

===========================================================================================
----------------- testing Mon Sep 16 05:38:16 UTC 2019 /home/travis/build/icyphy/ptII/ptolemy/domains/continuous/test/auto/ComparedClocks.xml
----------------- Instantiating /home/travis/build/icyphy/ptII/ptolemy/domains/continuous/test/auto/ComparedClocks.xml
10 ms. Memory: 227328K Free: 201132K (88%)
----------------- Invoking toplevel() on ptolemy.moml.MoMLSimpleApplication@505352b9
----------------- Done invoking toplevel() on ptolemy.moml.MoMLSimpleApplication@505352b9
reloadAllAccessors: .ComparedClocks

===========================================================================================
----------------- testing Mon Sep 16 05:38:16 UTC 2019 /home/travis/build/icyphy/ptII/ptolemy/domains/continuous/test/auto/ContinuousAOCClone.xml
----------------- Instantiating /home/travis/build/icyphy/ptII/ptolemy/domains/continuous/test/auto/ContinuousAOCClone.xml
2546 ms. Memory: 273408K Free: 248670K (91%)
----------------- Invoking toplevel() on ptolemy.moml.MoMLSimpleApplication@5108ecdb
----------------- Done invoking toplevel() on ptolemy.moml.MoMLSimpleApplication@5108ecdb
reloadAllAccessors: .ContinuousAOCClone

===========================================================================================
----------------- testing Mon Sep 16 05:38:18 UTC 2019 /home/travis/build/icyphy/ptII/ptolemy/domains/continuous/test/auto/ContinuousClock.xml
----------------- Instantiating /home/travis/build/icyphy/ptII/ptolemy/domains/continuous/test/auto/ContinuousClock.xml
42 ms. Memory: 273408K Free: 226656K (83%)
----------------- Invoking toplevel() on ptolemy.moml.MoMLSimpleApplication@5c13bfef
----------------- Done invoking toplevel() on ptolemy.moml.MoMLSimpleApplication@5c13bfef
reloadAllAccessors: .ContinuousClock

===========================================================================================
----------------- testing Mon Sep 16 05:38:19 UTC 2019 /home/travis/build/icyphy/ptII/ptolemy/domains/continuous/test/auto/ContinuousInContinuous.xml
----------------- Instantiating /home/travis/build/icyphy/ptII/ptolemy/domains/continuous/test/auto/ContinuousInContinuous.xml
48 ms. Memory: 273408K Free: 203104K (74%)
----------------- Invoking toplevel() on ptolemy.moml.MoMLSimpleApplication@20e0a1b8
----------------- Done invoking toplevel() on ptolemy.moml.MoMLSimpleApplication@20e0a1b8
reloadAllAccessors: .ContinuousInContinuous

===========================================================================================
----------------- testing Mon Sep 16 05:38:19 UTC 2019 /home/travis/build/icyphy/ptII/ptolemy/domains/continuous/test/auto/ContinuousInContinuousInContinuous.xml
----------------- Instantiating /home/travis/build/icyphy/ptII/ptolemy/domains/continuous/test/auto/ContinuousInContinuousInContinuous.xml
7 ms. Memory: 273408K Free: 195419K (71%)
----------------- Invoking toplevel() on ptolemy.moml.MoMLSimpleApplication@440a0d3f
----------------- Done invoking toplevel() on ptolemy.moml.MoMLSimpleApplication@440a0d3f
reloadAllAccessors: .ContinuousInContinuousInContinuous

===========================================================================================
----------------- testing Mon Sep 16 05:38:19 UTC 2019 /home/travis/build/icyphy/ptII/ptolemy/domains/continuous/test/auto/ContinuousInDE.xml
----------------- Instantiating /home/travis/build/icyphy/ptII/ptolemy/domains/continuous/test/auto/ContinuousInDE.xml
115 ms. Memory: 273408K Free: 184672K (68%)
----------------- Invoking toplevel() on ptolemy.moml.MoMLSimpleApplication@3b9abed7
----------------- Done invoking toplevel() on ptolemy.moml.MoMLSimpleApplication@3b9abed7
reloadAllAccessors: .ContinuousInDE

===========================================================================================
----------------- testing Mon Sep 16 05:38:19 UTC 2019 /home/travis/build/icyphy/ptII/ptolemy/domains/continuous/test/auto/ContinuousInDE2.xml
----------------- Instantiating /home/travis/build/icyphy/ptII/ptolemy/domains/continuous/test/auto/ContinuousInDE2.xml
42 ms. Memory: 273408K Free: 174942K (64%)
----------------- Invoking toplevel() on ptolemy.moml.MoMLSimpleApplication@56caa5cd
----------------- Done invoking toplevel() on ptolemy.moml.MoMLSimpleApplication@56caa5cd
reloadAllAccessors: .ContinuousInDE2

===========================================================================================
----------------- testing Mon Sep 16 05:38:19 UTC 2019 /home/travis/build/icyphy/ptII/ptolemy/domains/continuous/test/auto/ContinuousInDE3.xml
----------------- Instantiating /home/travis/build/icyphy/ptII/ptolemy/domains/continuous/test/auto/ContinuousInDE3.xml
40 ms. Memory: 273408K Free: 165216K (60%)
----------------- Invoking toplevel() on ptolemy.moml.MoMLSimpleApplication@147f5f6a
----------------- Done invoking toplevel() on ptolemy.moml.MoMLSimpleApplication@147f5f6a
reloadAllAccessors: .ContinuousInDE3

===========================================================================================
----------------- testing Mon Sep 16 05:38:19 UTC 2019 /home/travis/build/icyphy/ptII/ptolemy/domains/continuous/test/auto/ContinuousInDE4.xml
----------------- Instantiating /home/travis/build/icyphy/ptII/ptolemy/domains/continuous/test/auto/ContinuousInDE4.xml
12 ms. Memory: 273408K Free: 158558K (58%)
----------------- Invoking toplevel() on ptolemy.moml.MoMLSimpleApplication@2cbc3454
----------------- Done invoking toplevel() on ptolemy.moml.MoMLSimpleApplication@2cbc3454
reloadAllAccessors: .ContinuousInDE4

===========================================================================================
----------------- testing Mon Sep 16 05:38:19 UTC 2019 /home/travis/build/icyphy/ptII/ptolemy/domains/continuous/test/auto/ContinuousInDEDifferentRefinements.xml
----------------- Instantiating /home/travis/build/icyphy/ptII/ptolemy/domains/continuous/test/auto/ContinuousInDEDifferentRefinements.xml
71 ms. Memory: 273408K Free: 127328K (47%)
----------------- Invoking toplevel() on ptolemy.moml.MoMLSimpleApplication@6b1b7337
----------------- Done invoking toplevel() on ptolemy.moml.MoMLSimpleApplication@6b1b7337
reloadAllAccessors: .ContinuousInDEDifferentRefinements

===========================================================================================
----------------- testing Mon Sep 16 05:38:19 UTC 2019 /home/travis/build/icyphy/ptII/ptolemy/domains/continuous/test/auto/ContinuousInDEDifferentRefinementsPreemptive.xml
----------------- Instantiating /home/travis/build/icyphy/ptII/ptolemy/domains/continuous/test/auto/ContinuousInDEDifferentRefinementsPreemptive.xml
48 ms. Memory: 273408K Free: 96608K (35%)
----------------- Invoking toplevel() on ptolemy.moml.MoMLSimpleApplication@52826b35
----------------- Done invoking toplevel() on ptolemy.moml.MoMLSimpleApplication@52826b35
reloadAllAccessors: .ContinuousInDEDifferentRefinementsPreemptive

===========================================================================================
----------------- testing Mon Sep 16 05:38:19 UTC 2019 /home/travis/build/icyphy/ptII/ptolemy/domains/continuous/test/auto/ContinuousInDEInContinuous2.xml
----------------- Instantiating /home/travis/build/icyphy/ptII/ptolemy/domains/continuous/test/auto/ContinuousInDEInContinuous2.xml
35 ms. Memory: 273408K Free: 247549K (91%)
----------------- Invoking toplevel() on ptolemy.moml.MoMLSimpleApplication@b0f6047
----------------- Done invoking toplevel() on ptolemy.moml.MoMLSimpleApplication@b0f6047
reloadAllAccessors: .ContinuousInDEInContinuous2

===========================================================================================
----------------- testing Mon Sep 16 05:38:19 UTC 2019 /home/travis/build/icyphy/ptII/ptolemy/domains/continuous/test/auto/ContinuousInDEInContinuous3.xml
----------------- Instantiating /home/travis/build/icyphy/ptII/ptolemy/domains/continuous/test/auto/ContinuousInDEInContinuous3.xml
40 ms. Memory: 273408K Free: 235261K (86%)
----------------- Invoking toplevel() on ptolemy.moml.MoMLSimpleApplication@5a6847eb
----------------- Done invoking toplevel() on ptolemy.moml.MoMLSimpleApplication@5a6847eb
reloadAllAccessors: .ContinuousInDEInContinuous3

===========================================================================================
----------------- testing Mon Sep 16 05:38:19 UTC 2019 /home/travis/build/icyphy/ptII/ptolemy/domains/continuous/test/auto/ContinuousInDEInput.xml
----------------- Instantiating /home/travis/build/icyphy/ptII/ptolemy/domains/continuous/test/auto/ContinuousInDEInput.xml
17 ms. Memory: 273408K Free: 228093K (83%)
----------------- Invoking toplevel() on ptolemy.moml.MoMLSimpleApplication@5a98982e
----------------- Done invoking toplevel() on ptolemy.moml.MoMLSimpleApplication@5a98982e
reloadAllAccessors: .ContinuousInDEInput

===========================================================================================
----------------- testing Mon Sep 16 05:38:19 UTC 2019 /home/travis/build/icyphy/ptII/ptolemy/domains/continuous/test/auto/ContinuousInDEInput2.xml
----------------- Instantiating /home/travis/build/icyphy/ptII/ptolemy/domains/continuous/test/auto/ContinuousInDEInput2.xml
13 ms. Memory: 273408K Free: 220411K (81%)
----------------- Invoking toplevel() on ptolemy.moml.MoMLSimpleApplication@12f1633c
----------------- Done invoking toplevel() on ptolemy.moml.MoMLSimpleApplication@12f1633c
reloadAllAccessors: .ContinuousInDEInput2

===========================================================================================
----------------- testing Mon Sep 16 05:38:19 UTC 2019 /home/travis/build/icyphy/ptII/ptolemy/domains/continuous/test/auto/ContinuousInDEInput3.xml
----------------- Instantiating /home/travis/build/icyphy/ptII/ptolemy/domains/continuous/test/auto/ContinuousInDEInput3.xml
15 ms. Memory: 273408K Free: 213243K (78%)
----------------- Invoking toplevel() on ptolemy.moml.MoMLSimpleApplication@62218000
----------------- Done invoking toplevel() on ptolemy.moml.MoMLSimpleApplication@62218000
reloadAllAccessors: .ContinuousInDEInput3

===========================================================================================
----------------- testing Mon Sep 16 05:38:20 UTC 2019 /home/travis/build/icyphy/ptII/ptolemy/domains/continuous/test/auto/ContinuousInDESharingRefinement.xml
----------------- Instantiating /home/travis/build/icyphy/ptII/ptolemy/domains/continuous/test/auto/ContinuousInDESharingRefinement.xml
155 ms. Memory: 273408K Free: 119020K (44%)
----------------- Invoking toplevel() on ptolemy.moml.MoMLSimpleApplication@6a1c5810
----------------- Done invoking toplevel() on ptolemy.moml.MoMLSimpleApplication@6a1c5810
reloadAllAccessors: .ContinuousInDESharingRefinement

===========================================================================================
----------------- testing Mon Sep 16 05:38:20 UTC 2019 /home/travis/build/icyphy/ptII/ptolemy/domains/continuous/test/auto/ContinuousInDEwithNoPorts.xml
----------------- Instantiating /home/travis/build/icyphy/ptII/ptolemy/domains/continuous/test/auto/ContinuousInDEwithNoPorts.xml
8 ms. Memory: 273408K Free: 114908K (42%)
----------------- Invoking toplevel() on ptolemy.moml.MoMLSimpleApplication@7b9854cc
----------------- Done invoking toplevel() on ptolemy.moml.MoMLSimpleApplication@7b9854cc
reloadAllAccessors: .ContinuousInDEwithNoPorts

===========================================================================================
----------------- testing Mon Sep 16 05:38:20 UTC 2019 /home/travis/build/icyphy/ptII/ptolemy/domains/continuous/test/auto/ContinuousInsideDE.xml
----------------- Instantiating /home/travis/build/icyphy/ptII/ptolemy/domains/continuous/test/auto/ContinuousInsideDE.xml
39 ms. Memory: 273408K Free: 103165K (38%)
----------------- Invoking toplevel() on ptolemy.moml.MoMLSimpleApplication@27c2b3d2
----------------- Done invoking toplevel() on ptolemy.moml.MoMLSimpleApplication@27c2b3d2
reloadAllAccessors: .ContinuousInsideDE

===========================================================================================
----------------- testing Mon Sep 16 05:38:20 UTC 2019 /home/travis/build/icyphy/ptII/ptolemy/domains/continuous/test/auto/ContinuousMerge1.xml
----------------- Instantiating /home/travis/build/icyphy/ptII/ptolemy/domains/continuous/test/auto/ContinuousMerge1.xml
3 ms. Memory: 273408K Free: 98524K (36%)
----------------- Invoking toplevel() on ptolemy.moml.MoMLSimpleApplication@576e847f
----------------- Done invoking toplevel() on ptolemy.moml.MoMLSimpleApplication@576e847f
reloadAllAccessors: .ContinuousMerge1

===========================================================================================
----------------- testing Mon Sep 16 05:38:20 UTC 2019 /home/travis/build/icyphy/ptII/ptolemy/domains/continuous/test/auto/ContinuousMerge2.xml
----------------- Instantiating /home/travis/build/icyphy/ptII/ptolemy/domains/continuous/test/auto/ContinuousMerge2.xml
27 ms. Memory: 273408K Free: 250611K (92%)
----------------- Invoking toplevel() on ptolemy.moml.MoMLSimpleApplication@7cf0482b
----------------- Done invoking toplevel() on ptolemy.moml.MoMLSimpleApplication@7cf0482b
reloadAllAccessors: .ContinuousMerge2

===========================================================================================
----------------- testing Mon Sep 16 05:38:20 UTC 2019 /home/travis/build/icyphy/ptII/ptolemy/domains/continuous/test/auto/ContinuousMerge3.xml
----------------- Instantiating /home/travis/build/icyphy/ptII/ptolemy/domains/continuous/test/auto/ContinuousMerge3.xml
47 ms. Memory: 273408K Free: 239861K (88%)
----------------- Invoking toplevel() on ptolemy.moml.MoMLSimpleApplication@558c3c38
----------------- Done invoking toplevel() on ptolemy.moml.MoMLSimpleApplication@558c3c38
reloadAllAccessors: .ContinuousMerge3

===========================================================================================
----------------- testing Mon Sep 16 05:38:20 UTC 2019 /home/travis/build/icyphy/ptII/ptolemy/domains/continuous/test/auto/ContinuousWithinContinuous.xml
----------------- Instantiating /home/travis/build/icyphy/ptII/ptolemy/domains/continuous/test/auto/ContinuousWithinContinuous.xml
38 ms. Memory: 273408K Free: 230131K (84%)
----------------- Invoking toplevel() on ptolemy.moml.MoMLSimpleApplication@322ffd36
----------------- Done invoking toplevel() on ptolemy.moml.MoMLSimpleApplication@322ffd36
reloadAllAccessors: .ContinuousWithinContinuous

===========================================================================================
----------------- testing Mon Sep 16 05:38:20 UTC 2019 /home/travis/build/icyphy/ptII/ptolemy/domains/continuous/test/auto/ContinuousWithinContinuous2.xml
----------------- Instantiating /home/travis/build/icyphy/ptII/ptolemy/domains/continuous/test/auto/ContinuousWithinContinuous2.xml
77 ms. Memory: 273408K Free: 218867K (80%)
----------------- Invoking toplevel() on ptolemy.moml.MoMLSimpleApplication@483388bf
----------------- Done invoking toplevel() on ptolemy.moml.MoMLSimpleApplication@483388bf
reloadAllAccessors: .ContinuousWithinContinuous2

===========================================================================================
----------------- testing Mon Sep 16 05:38:20 UTC 2019 /home/travis/build/icyphy/ptII/ptolemy/domains/continuous/test/auto/ContinuousWithinContinuous3.xml
----------------- Instantiating /home/travis/build/icyphy/ptII/ptolemy/domains/continuous/test/auto/ContinuousWithinContinuous3.xml
14 ms. Memory: 273408K Free: 212213K (78%)
----------------- Invoking toplevel() on ptolemy.moml.MoMLSimpleApplication@13321eee
----------------- Done invoking toplevel() on ptolemy.moml.MoMLSimpleApplication@13321eee
reloadAllAccessors: .ContinuousWithinContinuous3

===========================================================================================
----------------- testing Mon Sep 16 05:38:20 UTC 2019 /home/travis/build/icyphy/ptII/ptolemy/domains/continuous/test/auto/ContinuousWithinContinuous4.xml
----------------- Instantiating /home/travis/build/icyphy/ptII/ptolemy/domains/continuous/test/auto/ContinuousWithinContinuous4.xml
75 ms. Memory: 273408K Free: 199411K (73%)
----------------- Invoking toplevel() on ptolemy.moml.MoMLSimpleApplication@609102c6
----------------- Done invoking toplevel() on ptolemy.moml.MoMLSimpleApplication@609102c6
reloadAllAccessors: .ContinuousWithinContinuous4

===========================================================================================
----------------- testing Mon Sep 16 05:38:20 UTC 2019 /home/travis/build/icyphy/ptII/ptolemy/domains/continuous/test/auto/ContinuousWithinContinuous5.xml
----------------- Instantiating /home/travis/build/icyphy/ptII/ptolemy/domains/continuous/test/auto/ContinuousWithinContinuous5.xml
22 ms. Memory: 273408K Free: 191733K (70%)
----------------- Invoking toplevel() on ptolemy.moml.MoMLSimpleApplication@402df9e5
----------------- Done invoking toplevel() on ptolemy.moml.MoMLSimpleApplication@402df9e5
reloadAllAccessors: .ContinuousWithinContinuous5

===========================================================================================
----------------- testing Mon Sep 16 05:38:20 UTC 2019 /home/travis/build/icyphy/ptII/ptolemy/domains/continuous/test/auto/ContinuousWithinContinuous6.xml
----------------- Instantiating /home/travis/build/icyphy/ptII/ptolemy/domains/continuous/test/auto/ContinuousWithinContinuous6.xml
13 ms. Memory: 273408K Free: 184565K (68%)
----------------- Invoking toplevel() on ptolemy.moml.MoMLSimpleApplication@3aec3f8b
----------------- Done invoking toplevel() on ptolemy.moml.MoMLSimpleApplication@3aec3f8b
reloadAllAccessors: .ContinuousWithinContinuous6

===========================================================================================
----------------- testing Mon Sep 16 05:38:20 UTC 2019 /home/travis/build/icyphy/ptII/ptolemy/domains/continuous/test/auto/ContinuousWithinContinuous7.xml
----------------- Instantiating /home/travis/build/icyphy/ptII/ptolemy/domains/continuous/test/auto/ContinuousWithinContinuous7.xml
63 ms. Memory: 273408K Free: 173301K (63%)
----------------- Invoking toplevel() on ptolemy.moml.MoMLSimpleApplication@1da9bb1f
----------------- Done invoking toplevel() on ptolemy.moml.MoMLSimpleApplication@1da9bb1f
reloadAllAccessors: .ContinuousWithinContinuous7

===========================================================================================
----------------- testing Mon Sep 16 05:38:20 UTC 2019 /home/travis/build/icyphy/ptII/ptolemy/domains/continuous/test/auto/DCMotor.xml
----------------- Instantiating /home/travis/build/icyphy/ptII/ptolemy/domains/continuous/test/auto/DCMotor.xml
14238 ms. Memory: 273408K Free: 168419K (62%)
----------------- Invoking toplevel() on ptolemy.moml.MoMLSimpleApplication@3eb452b0
----------------- Done invoking toplevel() on ptolemy.moml.MoMLSimpleApplication@3eb452b0
reloadAllAccessors: .DCMotor

===========================================================================================
----------------- testing Mon Sep 16 05:38:35 UTC 2019 /home/travis/build/icyphy/ptII/ptolemy/domains/continuous/test/auto/DEInContinuous.xml
----------------- Instantiating /home/travis/build/icyphy/ptII/ptolemy/domains/continuous/test/auto/DEInContinuous.xml
22 ms. Memory: 273408K Free: 162289K (59%)
----------------- Invoking toplevel() on ptolemy.moml.MoMLSimpleApplication@544f8faa
----------------- Done invoking toplevel() on ptolemy.moml.MoMLSimpleApplication@544f8faa
reloadAllAccessors: .DEInContinuous

===========================================================================================
----------------- testing Mon Sep 16 05:38:35 UTC 2019 /home/travis/build/icyphy/ptII/ptolemy/domains/continuous/test/auto/DEinContinuous2.xml
----------------- Instantiating /home/travis/build/icyphy/ptII/ptolemy/domains/continuous/test/auto/DEinContinuous2.xml
7 ms. Memory: 273408K Free: 154611K (57%)
----------------- Invoking toplevel() on ptolemy.moml.MoMLSimpleApplication@f20ef57
----------------- Done invoking toplevel() on ptolemy.moml.MoMLSimpleApplication@f20ef57
reloadAllAccessors: .DEinContinuous2

===========================================================================================
----------------- testing Mon Sep 16 05:38:35 UTC 2019 /home/travis/build/icyphy/ptII/ptolemy/domains/continuous/test/auto/Derivative.xml
----------------- Instantiating /home/travis/build/icyphy/ptII/ptolemy/domains/continuous/test/auto/Derivative.xml
225 ms. Memory: 273408K Free: 125425K (46%)
----------------- Invoking toplevel() on ptolemy.moml.MoMLSimpleApplication@3d906138
----------------- Done invoking toplevel() on ptolemy.moml.MoMLSimpleApplication@3d906138
reloadAllAccessors: .Derivative2

===========================================================================================
----------------- testing Mon Sep 16 05:38:35 UTC 2019 /home/travis/build/icyphy/ptII/ptolemy/domains/continuous/test/auto/Derivative1.xml
----------------- Instantiating /home/travis/build/icyphy/ptII/ptolemy/domains/continuous/test/auto/Derivative1.xml
25 ms. Memory: 273408K Free: 110579K (40%)
----------------- Invoking toplevel() on ptolemy.moml.MoMLSimpleApplication@35e25553
----------------- Done invoking toplevel() on ptolemy.moml.MoMLSimpleApplication@35e25553
reloadAllAccessors: .Derivative1

===========================================================================================
----------------- testing Mon Sep 16 05:38:35 UTC 2019 /home/travis/build/icyphy/ptII/ptolemy/domains/continuous/test/auto/DiscreteClock.xml
----------------- Instantiating /home/travis/build/icyphy/ptII/ptolemy/domains/continuous/test/auto/DiscreteClock.xml
5 ms. Memory: 273408K Free: 105459K (39%)
----------------- Invoking toplevel() on ptolemy.moml.MoMLSimpleApplication@57c8bf19
----------------- Done invoking toplevel() on ptolemy.moml.MoMLSimpleApplication@57c8bf19
reloadAllAccessors: .DiscreteClock

===========================================================================================
----------------- testing Mon Sep 16 05:38:35 UTC 2019 /home/travis/build/icyphy/ptII/ptolemy/domains/continuous/test/auto/EfficiencyCurve.xml
----------------- Instantiating /home/travis/build/icyphy/ptII/ptolemy/domains/continuous/test/auto/EfficiencyCurve.xml
94 ms. Memory: 273408K Free: 96243K (35%)
----------------- Invoking toplevel() on ptolemy.moml.MoMLSimpleApplication@6ec8ba64
----------------- Done invoking toplevel() on ptolemy.moml.MoMLSimpleApplication@6ec8ba64
reloadAllAccessors: .EfficiencyCurve

===========================================================================================
----------------- testing Mon Sep 16 05:38:35 UTC 2019 /home/travis/build/icyphy/ptII/ptolemy/domains/continuous/test/auto/ExponentialResponse.xml
----------------- Instantiating /home/travis/build/icyphy/ptII/ptolemy/domains/continuous/test/auto/ExponentialResponse.xml
174 ms. Memory: 273408K Free: 242463K (89%)
----------------- Invoking toplevel() on ptolemy.moml.MoMLSimpleApplication@77ea1d5a
----------------- Done invoking toplevel() on ptolemy.moml.MoMLSimpleApplication@77ea1d5a
reloadAllAccessors: .ExponentialResponse

===========================================================================================
----------------- testing Mon Sep 16 05:38:36 UTC 2019 /home/travis/build/icyphy/ptII/ptolemy/domains/continuous/test/auto/ExponentialResponseRK45.xml
----------------- Instantiating /home/travis/build/icyphy/ptII/ptolemy/domains/continuous/test/auto/ExponentialResponseRK45.xml
39 ms. Memory: 273408K Free: 235805K (86%)
----------------- Invoking toplevel() on ptolemy.moml.MoMLSimpleApplication@2576e73f
----------------- Done invoking toplevel() on ptolemy.moml.MoMLSimpleApplication@2576e73f
reloadAllAccessors: .ExponentialResponseRK45

===========================================================================================
----------------- testing Mon Sep 16 05:38:36 UTC 2019 /home/travis/build/icyphy/ptII/ptolemy/domains/continuous/test/auto/Friction.xml
----------------- Instantiating /home/travis/build/icyphy/ptII/ptolemy/domains/continuous/test/auto/Friction.xml
1502 ms. Memory: 273408K Free: 131732K (48%)
----------------- Invoking toplevel() on ptolemy.moml.MoMLSimpleApplication@22f3c71c
----------------- Done invoking toplevel() on ptolemy.moml.MoMLSimpleApplication@22f3c71c
reloadAllAccessors: .Friction

===========================================================================================
----------------- testing Mon Sep 16 05:38:37 UTC 2019 /home/travis/build/icyphy/ptII/ptolemy/domains/continuous/test/auto/FurutaPendulum.xml
----------------- Instantiating /home/travis/build/icyphy/ptII/ptolemy/domains/continuous/test/auto/FurutaPendulum.xml
3583 ms. Memory: 273408K Free: 101280K (37%)
----------------- Invoking toplevel() on ptolemy.moml.MoMLSimpleApplication@5ed057fe
----------------- Done invoking toplevel() on ptolemy.moml.MoMLSimpleApplication@5ed057fe
reloadAllAccessors: .FurutaPendulum

===========================================================================================
----------------- testing Mon Sep 16 05:38:41 UTC 2019 /home/travis/build/icyphy/ptII/ptolemy/domains/continuous/test/auto/HierarchicalExecution.xml
----------------- Instantiating /home/travis/build/icyphy/ptII/ptolemy/domains/continuous/test/auto/HierarchicalExecution.xml
2100 ms. Memory: 273408K Free: 141033K (52%)
----------------- Invoking toplevel() on ptolemy.moml.MoMLSimpleApplication@9973f5a
----------------- Done invoking toplevel() on ptolemy.moml.MoMLSimpleApplication@9973f5a
reloadAllAccessors: .HierarchicalExecution

===========================================================================================
----------------- testing Mon Sep 16 05:38:44 UTC 2019 /home/travis/build/icyphy/ptII/ptolemy/domains/continuous/test/auto/HybridPlant.xml
----------------- Instantiating /home/travis/build/icyphy/ptII/ptolemy/domains/continuous/test/auto/HybridPlant.xml
576 ms. Memory: 273408K Free: 201552K (74%)
----------------- Invoking toplevel() on ptolemy.moml.MoMLSimpleApplication@1c0e53d
----------------- Done invoking toplevel() on ptolemy.moml.MoMLSimpleApplication@1c0e53d
reloadAllAccessors: .HybridPlant

===========================================================================================
----------------- testing Mon Sep 16 05:38:44 UTC 2019 /home/travis/build/icyphy/ptII/ptolemy/domains/continuous/test/auto/Hysteresis.xml
----------------- Instantiating /home/travis/build/icyphy/ptII/ptolemy/domains/continuous/test/auto/Hysteresis.xml
158 ms. Memory: 273408K Free: 139088K (51%)
----------------- Invoking toplevel() on ptolemy.moml.MoMLSimpleApplication@6bacc6dc
----------------- Done invoking toplevel() on ptolemy.moml.MoMLSimpleApplication@6bacc6dc
reloadAllAccessors: .Hysteresis

===========================================================================================
----------------- testing Mon Sep 16 05:38:45 UTC 2019 /home/travis/build/icyphy/ptII/ptolemy/domains/continuous/test/auto/HysteresisWithRandomDelay.xml
----------------- Instantiating /home/travis/build/icyphy/ptII/ptolemy/domains/continuous/test/auto/HysteresisWithRandomDelay.xml
212 ms. Memory: 273408K Free: 229413K (84%)
----------------- Invoking toplevel() on ptolemy.moml.MoMLSimpleApplication@6f3296af
----------------- Done invoking toplevel() on ptolemy.moml.MoMLSimpleApplication@6f3296af
reloadAllAccessors: .HysteresisWithRandomDelay

===========================================================================================
----------------- testing Mon Sep 16 05:38:45 UTC 2019 /home/travis/build/icyphy/ptII/ptolemy/domains/continuous/test/auto/HysteresisWithRandomLosses.xml
----------------- Instantiating /home/travis/build/icyphy/ptII/ptolemy/domains/continuous/test/auto/HysteresisWithRandomLosses.xml
2503 ms. Memory: 273408K Free: 139951K (51%)
----------------- Invoking toplevel() on ptolemy.moml.MoMLSimpleApplication@3552dc90
----------------- Done invoking toplevel() on ptolemy.moml.MoMLSimpleApplication@3552dc90
reloadAllAccessors: .HysteresisWithRandomLosses

===========================================================================================
----------------- testing Mon Sep 16 05:38:47 UTC 2019 /home/travis/build/icyphy/ptII/ptolemy/domains/continuous/test/auto/ImmediateTransitions.xml
----------------- Instantiating /home/travis/build/icyphy/ptII/ptolemy/domains/continuous/test/auto/ImmediateTransitions.xml
10 ms. Memory: 273408K Free: 129167K (47%)
----------------- Invoking toplevel() on ptolemy.moml.MoMLSimpleApplication@21e05ee7
----------------- Done invoking toplevel() on ptolemy.moml.MoMLSimpleApplication@21e05ee7
reloadAllAccessors: .ImmediateTransitions

===========================================================================================
----------------- testing Mon Sep 16 05:38:47 UTC 2019 /home/travis/build/icyphy/ptII/ptolemy/domains/continuous/test/auto/ImpulseFeedback.xml
----------------- Instantiating /home/travis/build/icyphy/ptII/ptolemy/domains/continuous/test/auto/ImpulseFeedback.xml
6 ms. Memory: 273408K Free: 123567K (45%)
----------------- Invoking toplevel() on ptolemy.moml.MoMLSimpleApplication@17664461
----------------- Done invoking toplevel() on ptolemy.moml.MoMLSimpleApplication@17664461
reloadAllAccessors: .ImpulseFeedback

===========================================================================================
----------------- testing Mon Sep 16 05:38:48 UTC 2019 /home/travis/build/icyphy/ptII/ptolemy/domains/continuous/test/auto/ImpulseFeedback2.xml
----------------- Instantiating /home/travis/build/icyphy/ptII/ptolemy/domains/continuous/test/auto/ImpulseFeedback2.xml
5 ms. Memory: 273408K Free: 117933K (43%)
----------------- Invoking toplevel() on ptolemy.moml.MoMLSimpleApplication@74977d86
----------------- Done invoking toplevel() on ptolemy.moml.MoMLSimpleApplication@74977d86
reloadAllAccessors: .ImpulseFeedback2

===========================================================================================
----------------- testing Mon Sep 16 05:38:48 UTC 2019 /home/travis/build/icyphy/ptII/ptolemy/domains/continuous/test/auto/IncreasingRatePoisson.xml
----------------- Instantiating /home/travis/build/icyphy/ptII/ptolemy/domains/continuous/test/auto/IncreasingRatePoisson.xml
797 ms. Memory: 328704K Free: 229730K (70%)
----------------- Invoking toplevel() on ptolemy.moml.MoMLSimpleApplication@7ede9b19
----------------- Done invoking toplevel() on ptolemy.moml.MoMLSimpleApplication@7ede9b19
reloadAllAccessors: .IncreasingRatePoisson

===========================================================================================
----------------- testing Mon Sep 16 05:38:48 UTC 2019 /home/travis/build/icyphy/ptII/ptolemy/domains/continuous/test/auto/InitialStateFeedback.xml
----------------- Instantiating /home/travis/build/icyphy/ptII/ptolemy/domains/continuous/test/auto/InitialStateFeedback.xml
3 ms. Memory: 328704K Free: 225120K (68%)
----------------- Invoking toplevel() on ptolemy.moml.MoMLSimpleApplication@4613c18e
----------------- Done invoking toplevel() on ptolemy.moml.MoMLSimpleApplication@4613c18e
reloadAllAccessors: .InitialStateFeedback

===========================================================================================
----------------- testing Mon Sep 16 05:38:48 UTC 2019 /home/travis/build/icyphy/ptII/ptolemy/domains/continuous/test/auto/Integration.xml
----------------- Instantiating /home/travis/build/icyphy/ptII/ptolemy/domains/continuous/test/auto/Integration.xml
1 ms. Memory: 328704K Free: 221024K (67%)
----------------- Invoking toplevel() on ptolemy.moml.MoMLSimpleApplication@172ce38f
----------------- Done invoking toplevel() on ptolemy.moml.MoMLSimpleApplication@172ce38f
reloadAllAccessors: .Integration

===========================================================================================
----------------- testing Mon Sep 16 05:38:48 UTC 2019 /home/travis/build/icyphy/ptII/ptolemy/domains/continuous/test/auto/Integration2.xml
----------------- Instantiating /home/travis/build/icyphy/ptII/ptolemy/domains/continuous/test/auto/Integration2.xml
85 ms. Memory: 328704K Free: 206688K (63%)
----------------- Invoking toplevel() on ptolemy.moml.MoMLSimpleApplication@2633bf37
----------------- Done invoking toplevel() on ptolemy.moml.MoMLSimpleApplication@2633bf37
reloadAllAccessors: .Integration2

===========================================================================================
----------------- testing Mon Sep 16 05:38:49 UTC 2019 /home/travis/build/icyphy/ptII/ptolemy/domains/continuous/test/auto/Integration3.xml
----------------- Instantiating /home/travis/build/icyphy/ptII/ptolemy/domains/continuous/test/auto/Integration3.xml
4 ms. Memory: 328704K Free: 202082K (61%)
----------------- Invoking toplevel() on ptolemy.moml.MoMLSimpleApplication@381e6609
----------------- Done invoking toplevel() on ptolemy.moml.MoMLSimpleApplication@381e6609
reloadAllAccessors: .Integration3

===========================================================================================
----------------- testing Mon Sep 16 05:38:49 UTC 2019 /home/travis/build/icyphy/ptII/ptolemy/domains/continuous/test/auto/Integration5.xml
----------------- Instantiating /home/travis/build/icyphy/ptII/ptolemy/domains/continuous/test/auto/Integration5.xml
2 ms. Memory: 328704K Free: 197986K (60%)
----------------- Invoking toplevel() on ptolemy.moml.MoMLSimpleApplication@11a8b949
----------------- Done invoking toplevel() on ptolemy.moml.MoMLSimpleApplication@11a8b949
reloadAllAccessors: .Integration5

===========================================================================================
----------------- testing Mon Sep 16 05:38:49 UTC 2019 /home/travis/build/icyphy/ptII/ptolemy/domains/continuous/test/auto/IntegratorImpulse.xml
----------------- Instantiating /home/travis/build/icyphy/ptII/ptolemy/domains/continuous/test/auto/IntegratorImpulse.xml
2 ms. Memory: 328704K Free: 193890K (59%)
----------------- Invoking toplevel() on ptolemy.moml.MoMLSimpleApplication@550f4ac3
----------------- Done invoking toplevel() on ptolemy.moml.MoMLSimpleApplication@550f4ac3
reloadAllAccessors: .IntegratorImpulse

===========================================================================================
----------------- testing Mon Sep 16 05:38:49 UTC 2019 /home/travis/build/icyphy/ptII/ptolemy/domains/continuous/test/auto/IntegratorImpulse2.xml
----------------- Instantiating /home/travis/build/icyphy/ptII/ptolemy/domains/continuous/test/auto/IntegratorImpulse2.xml
7 ms. Memory: 328704K Free: 189250K (58%)
----------------- Invoking toplevel() on ptolemy.moml.MoMLSimpleApplication@24780604
----------------- Done invoking toplevel() on ptolemy.moml.MoMLSimpleApplication@24780604
reloadAllAccessors: .IntegratorImpulse2

===========================================================================================
----------------- testing Mon Sep 16 05:38:49 UTC 2019 /home/travis/build/icyphy/ptII/ptolemy/domains/continuous/test/auto/LevelCrossing1.xml
----------------- Instantiating /home/travis/build/icyphy/ptII/ptolemy/domains/continuous/test/auto/LevelCrossing1.xml
3 ms. Memory: 328704K Free: 184154K (56%)
----------------- Invoking toplevel() on ptolemy.moml.MoMLSimpleApplication@4655719e
----------------- Done invoking toplevel() on ptolemy.moml.MoMLSimpleApplication@4655719e
reloadAllAccessors: .LevelCrossing1

===========================================================================================
----------------- testing Mon Sep 16 05:38:49 UTC 2019 /home/travis/build/icyphy/ptII/ptolemy/domains/continuous/test/auto/LevelCrossing2.xml
----------------- Instantiating /home/travis/build/icyphy/ptII/ptolemy/domains/continuous/test/auto/LevelCrossing2.xml
3 ms. Memory: 328704K Free: 179040K (54%)
----------------- Invoking toplevel() on ptolemy.moml.MoMLSimpleApplication@36a8caa3
----------------- Done invoking toplevel() on ptolemy.moml.MoMLSimpleApplication@36a8caa3
reloadAllAccessors: .LevelCrossing2

===========================================================================================
----------------- testing Mon Sep 16 05:38:49 UTC 2019 /home/travis/build/icyphy/ptII/ptolemy/domains/continuous/test/auto/LevelCrossing3.xml
----------------- Instantiating /home/travis/build/icyphy/ptII/ptolemy/domains/continuous/test/auto/LevelCrossing3.xml
3 ms. Memory: 328704K Free: 173920K (53%)
----------------- Invoking toplevel() on ptolemy.moml.MoMLSimpleApplication@2fbea7d1
----------------- Done invoking toplevel() on ptolemy.moml.MoMLSimpleApplication@2fbea7d1
reloadAllAccessors: .LevelCrossing3

===========================================================================================
----------------- testing Mon Sep 16 05:38:49 UTC 2019 /home/travis/build/icyphy/ptII/ptolemy/domains/continuous/test/auto/LevelCrossing4.xml
----------------- Instantiating /home/travis/build/icyphy/ptII/ptolemy/domains/continuous/test/auto/LevelCrossing4.xml
3 ms. Memory: 328704K Free: 168786K (51%)
----------------- Invoking toplevel() on ptolemy.moml.MoMLSimpleApplication@4ba424f8
----------------- Done invoking toplevel() on ptolemy.moml.MoMLSimpleApplication@4ba424f8
reloadAllAccessors: .LevelCrossing4

===========================================================================================
----------------- testing Mon Sep 16 05:38:49 UTC 2019 /home/travis/build/icyphy/ptII/ptolemy/domains/continuous/test/auto/LevelCrossing5.xml
----------------- Instantiating /home/travis/build/icyphy/ptII/ptolemy/domains/continuous/test/auto/LevelCrossing5.xml
3 ms. Memory: 328704K Free: 163680K (50%)
----------------- Invoking toplevel() on ptolemy.moml.MoMLSimpleApplication@2b60951e
----------------- Done invoking toplevel() on ptolemy.moml.MoMLSimpleApplication@2b60951e
reloadAllAccessors: .LevelCrossing5

===========================================================================================
[...]
5 ms. Memory: 328704K Free: 137289K (42%)
----------------- Invoking toplevel() on ptolemy.moml.MoMLSimpleApplication@4015fe32
----------------- Done invoking toplevel() on ptolemy.moml.MoMLSimpleApplication@4015fe32
reloadAllAccessors: .SRinContinuous

===========================================================================================
----------------- testing Mon Sep 16 05:39:07 UTC 2019 /home/travis/build/icyphy/ptII/ptolemy/domains/continuous/test/auto/SampledClocks.xml
----------------- Instantiating /home/travis/build/icyphy/ptII/ptolemy/domains/continuous/test/auto/SampledClocks.xml
8 ms. Memory: 328704K Free: 124491K (38%)
----------------- Invoking toplevel() on ptolemy.moml.MoMLSimpleApplication@41345116
----------------- Done invoking toplevel() on ptolemy.moml.MoMLSimpleApplication@41345116
reloadAllAccessors: .SampledClocks

===========================================================================================
----------------- testing Mon Sep 16 05:39:07 UTC 2019 /home/travis/build/icyphy/ptII/ptolemy/domains/continuous/test/auto/Satellite.xml
----------------- Instantiating /home/travis/build/icyphy/ptII/ptolemy/domains/continuous/test/auto/Satellite.xml
870 ms. Memory: 328704K Free: 118255K (36%)
----------------- Invoking toplevel() on ptolemy.moml.MoMLSimpleApplication@75a4b674
----------------- Done invoking toplevel() on ptolemy.moml.MoMLSimpleApplication@75a4b674
reloadAllAccessors: .Satellite

===========================================================================================
----------------- testing Mon Sep 16 05:39:08 UTC 2019 /home/travis/build/icyphy/ptII/ptolemy/domains/continuous/test/auto/SigmaDelta.xml
----------------- Instantiating /home/travis/build/icyphy/ptII/ptolemy/domains/continuous/test/auto/SigmaDelta.xml
2440 ms. Memory: 328704K Free: 248615K (76%)
----------------- Invoking toplevel() on ptolemy.moml.MoMLSimpleApplication@4cb2237a
----------------- Done invoking toplevel() on ptolemy.moml.MoMLSimpleApplication@4cb2237a
reloadAllAccessors: .SigmaDelta

===========================================================================================
----------------- testing Mon Sep 16 05:39:11 UTC 2019 /home/travis/build/icyphy/ptII/ptolemy/domains/continuous/test/auto/SingleRefinement.xml
----------------- Instantiating /home/travis/build/icyphy/ptII/ptolemy/domains/continuous/test/auto/SingleRefinement.xml
336 ms. Memory: 328704K Free: 257383K (78%)
----------------- Invoking toplevel() on ptolemy.moml.MoMLSimpleApplication@451143ff
----------------- Done invoking toplevel() on ptolemy.moml.MoMLSimpleApplication@451143ff
reloadAllAccessors: .SingleRefinement

===========================================================================================
----------------- testing Mon Sep 16 05:39:11 UTC 2019 /home/travis/build/icyphy/ptII/ptolemy/domains/continuous/test/auto/SinuBouncingBall.xml
----------------- Instantiating /home/travis/build/icyphy/ptII/ptolemy/domains/continuous/test/auto/SinuBouncingBall.xml
818 ms. Memory: 328704K Free: 232375K (71%)
----------------- Invoking toplevel() on ptolemy.moml.MoMLSimpleApplication@15b89c49
----------------- Done invoking toplevel() on ptolemy.moml.MoMLSimpleApplication@15b89c49
reloadAllAccessors: .SinuBouncingBall

===========================================================================================
----------------- testing Mon Sep 16 05:39:12 UTC 2019 /home/travis/build/icyphy/ptII/ptolemy/domains/continuous/test/auto/Sinusoid.xml
----------------- Instantiating /home/travis/build/icyphy/ptII/ptolemy/domains/continuous/test/auto/Sinusoid.xml
5 ms. Memory: 328704K Free: 227783K (69%)
----------------- Invoking toplevel() on ptolemy.moml.MoMLSimpleApplication@4412dbca
----------------- Done invoking toplevel() on ptolemy.moml.MoMLSimpleApplication@4412dbca
reloadAllAccessors: .Sinusoid

===========================================================================================
----------------- testing Mon Sep 16 05:39:12 UTC 2019 /home/travis/build/icyphy/ptII/ptolemy/domains/continuous/test/auto/SinusoidInNoise.xml
----------------- Instantiating /home/travis/build/icyphy/ptII/ptolemy/domains/continuous/test/auto/SinusoidInNoise.xml
935 ms. Memory: 328704K Free: 288579K (88%)
----------------- Invoking toplevel() on ptolemy.moml.MoMLSimpleApplication@61672d1f
----------------- Done invoking toplevel() on ptolemy.moml.MoMLSimpleApplication@61672d1f
reloadAllAccessors: .SinusoidInNoise

===========================================================================================
----------------- testing Mon Sep 16 05:39:13 UTC 2019 /home/travis/build/icyphy/ptII/ptolemy/domains/continuous/test/auto/SinusoidRK45.xml
----------------- Instantiating /home/travis/build/icyphy/ptII/ptolemy/domains/continuous/test/auto/SinusoidRK45.xml
2 ms. Memory: 328704K Free: 283973K (86%)
----------------- Invoking toplevel() on ptolemy.moml.MoMLSimpleApplication@78d4f6fe
----------------- Done invoking toplevel() on ptolemy.moml.MoMLSimpleApplication@78d4f6fe
reloadAllAccessors: .SinusoidRK45

===========================================================================================
----------------- testing Mon Sep 16 05:39:13 UTC 2019 /home/travis/build/icyphy/ptII/ptolemy/domains/continuous/test/auto/SinusoidWithMultipleImpulses.xml
----------------- Instantiating /home/travis/build/icyphy/ptII/ptolemy/domains/continuous/test/auto/SinusoidWithMultipleImpulses.xml
3 ms. Memory: 328704K Free: 279363K (85%)
----------------- Invoking toplevel() on ptolemy.moml.MoMLSimpleApplication@30977fe3
----------------- Done invoking toplevel() on ptolemy.moml.MoMLSimpleApplication@30977fe3
reloadAllAccessors: .SinusoidWithMultipleImpulses

===========================================================================================
----------------- testing Mon Sep 16 05:39:13 UTC 2019 /home/travis/build/icyphy/ptII/ptolemy/domains/continuous/test/auto/SquareWave.xml
----------------- Instantiating /home/travis/build/icyphy/ptII/ptolemy/domains/continuous/test/auto/SquareWave.xml
153 ms. Memory: 328704K Free: 252229K (77%)
----------------- Invoking toplevel() on ptolemy.moml.MoMLSimpleApplication@68ddeaff
----------------- Done invoking toplevel() on ptolemy.moml.MoMLSimpleApplication@68ddeaff
reloadAllAccessors: .SquareWave

===========================================================================================
----------------- testing Mon Sep 16 05:39:13 UTC 2019 /home/travis/build/icyphy/ptII/ptolemy/domains/continuous/test/auto/Starmac.xml
----------------- Instantiating /home/travis/build/icyphy/ptII/ptolemy/domains/continuous/test/auto/Starmac.xml
3080 ms. Memory: 328704K Free: 128908K (39%)
----------------- Invoking toplevel() on ptolemy.moml.MoMLSimpleApplication@7b188f21
----------------- Done invoking toplevel() on ptolemy.moml.MoMLSimpleApplication@7b188f21
reloadAllAccessors: .Starmac

===========================================================================================
----------------- testing Mon Sep 16 05:39:17 UTC 2019 /home/travis/build/icyphy/ptII/ptolemy/domains/continuous/test/auto/StaticUnits.xml
----------------- Instantiating /home/travis/build/icyphy/ptII/ptolemy/domains/continuous/test/auto/StaticUnits.xml
2232 ms. Memory: 328704K Free: 237288K (72%)
----------------- Invoking toplevel() on ptolemy.moml.MoMLSimpleApplication@74914794
----------------- Done invoking toplevel() on ptolemy.moml.MoMLSimpleApplication@74914794
reloadAllAccessors: .StaticUnits

===========================================================================================
----------------- testing Mon Sep 16 05:39:20 UTC 2019 /home/travis/build/icyphy/ptII/ptolemy/domains/continuous/test/auto/StickyMasses.xml
----------------- Instantiating /home/travis/build/icyphy/ptII/ptolemy/domains/continuous/test/auto/StickyMasses.xml
150 ms. Memory: 328704K Free: 187622K (57%)
----------------- Invoking toplevel() on ptolemy.moml.MoMLSimpleApplication@2fccd080
----------------- Done invoking toplevel() on ptolemy.moml.MoMLSimpleApplication@2fccd080
reloadAllAccessors: .StickyMasses

===========================================================================================
----------------- testing Mon Sep 16 05:39:20 UTC 2019 /home/travis/build/icyphy/ptII/ptolemy/domains/continuous/test/auto/StopTime.xml
----------------- Instantiating /home/travis/build/icyphy/ptII/ptolemy/domains/continuous/test/auto/StopTime.xml
45 ms. Memory: 328704K Free: 162536K (49%)
----------------- Invoking toplevel() on ptolemy.moml.MoMLSimpleApplication@1cc2acb3
----------------- Done invoking toplevel() on ptolemy.moml.MoMLSimpleApplication@1cc2acb3
reloadAllAccessors: .StopTime

===========================================================================================
----------------- testing Mon Sep 16 05:39:20 UTC 2019 /home/travis/build/icyphy/ptII/ptolemy/domains/continuous/test/auto/StopTime2.xml
----------------- Instantiating /home/travis/build/icyphy/ptII/ptolemy/domains/continuous/test/auto/StopTime2.xml
40 ms. Memory: 328704K Free: 140503K (43%)
----------------- Invoking toplevel() on ptolemy.moml.MoMLSimpleApplication@410f294
----------------- Done invoking toplevel() on ptolemy.moml.MoMLSimpleApplication@410f294
reloadAllAccessors: .StopTime2

===========================================================================================
----------------- testing Mon Sep 16 05:39:20 UTC 2019 /home/travis/build/icyphy/ptII/ptolemy/domains/continuous/test/auto/Switch.xml
----------------- Instantiating /home/travis/build/icyphy/ptII/ptolemy/domains/continuous/test/auto/Switch.xml
55 ms. Memory: 328704K Free: 307081K (93%)
----------------- Invoking toplevel() on ptolemy.moml.MoMLSimpleApplication@128a6b15
----------------- Done invoking toplevel() on ptolemy.moml.MoMLSimpleApplication@128a6b15
reloadAllAccessors: .Switch

===========================================================================================
----------------- testing Mon Sep 16 05:39:20 UTC 2019 /home/travis/build/icyphy/ptII/ptolemy/domains/continuous/test/auto/Thermostat.xml
----------------- Instantiating /home/travis/build/icyphy/ptII/ptolemy/domains/continuous/test/auto/Thermostat.xml
196 ms. Memory: 328704K Free: 234684K (71%)
----------------- Invoking toplevel() on ptolemy.moml.MoMLSimpleApplication@1f194c80
----------------- Done invoking toplevel() on ptolemy.moml.MoMLSimpleApplication@1f194c80
reloadAllAccessors: .Thermostat

===========================================================================================
----------------- testing Mon Sep 16 05:39:20 UTC 2019 /home/travis/build/icyphy/ptII/ptolemy/domains/continuous/test/auto/TimeDelay.xml
----------------- Instantiating /home/travis/build/icyphy/ptII/ptolemy/domains/continuous/test/auto/TimeDelay.xml
5 ms. Memory: 328704K Free: 230109K (70%)
----------------- Invoking toplevel() on ptolemy.moml.MoMLSimpleApplication@258cb66e
----------------- Done invoking toplevel() on ptolemy.moml.MoMLSimpleApplication@258cb66e
reloadAllAccessors: .TimeDelay

===========================================================================================
----------------- testing Mon Sep 16 05:39:20 UTC 2019 /home/travis/build/icyphy/ptII/ptolemy/domains/continuous/test/auto/TimeDelay2.xml
----------------- Instantiating /home/travis/build/icyphy/ptII/ptolemy/domains/continuous/test/auto/TimeDelay2.xml
8 ms. Memory: 328704K Free: 219869K (67%)
----------------- Invoking toplevel() on ptolemy.moml.MoMLSimpleApplication@3a478558
----------------- Done invoking toplevel() on ptolemy.moml.MoMLSimpleApplication@3a478558
reloadAllAccessors: .TimeDelay2

===========================================================================================
----------------- testing Mon Sep 16 05:39:20 UTC 2019 /home/travis/build/icyphy/ptII/ptolemy/domains/continuous/test/auto/TimeDelay3.xml
----------------- Instantiating /home/travis/build/icyphy/ptII/ptolemy/domains/continuous/test/auto/TimeDelay3.xml
5 ms. Memory: 328704K Free: 215242K (65%)
----------------- Invoking toplevel() on ptolemy.moml.MoMLSimpleApplication@73a165ac
----------------- Done invoking toplevel() on ptolemy.moml.MoMLSimpleApplication@73a165ac
reloadAllAccessors: .TimeDelay3

===========================================================================================
----------------- testing Mon Sep 16 05:39:20 UTC 2019 /home/travis/build/icyphy/ptII/ptolemy/domains/continuous/test/auto/TransferAbsentToInside.xml
----------------- Instantiating /home/travis/build/icyphy/ptII/ptolemy/domains/continuous/test/auto/TransferAbsentToInside.xml
33 ms. Memory: 328704K Free: 162525K (49%)
----------------- Invoking toplevel() on ptolemy.moml.MoMLSimpleApplication@5f7864ee
----------------- Done invoking toplevel() on ptolemy.moml.MoMLSimpleApplication@5f7864ee
reloadAllAccessors: .TransferAbsentToInside

===========================================================================================
----------------- testing Mon Sep 16 05:39:21 UTC 2019 /home/travis/build/icyphy/ptII/ptolemy/domains/continuous/test/auto/Transmission.xml
----------------- Instantiating /home/travis/build/icyphy/ptII/ptolemy/domains/continuous/test/auto/Transmission.xml
789 ms. Memory: 328704K Free: 121050K (37%)
----------------- Invoking toplevel() on ptolemy.moml.MoMLSimpleApplication@34a815ad
----------------- Done invoking toplevel() on ptolemy.moml.MoMLSimpleApplication@34a815ad
reloadAllAccessors: .Transmission

===========================================================================================
----------------- testing Mon Sep 16 05:39:21 UTC 2019 /home/travis/build/icyphy/ptII/ptolemy/domains/continuous/test/auto/TriggeredContinuousClock.xml
----------------- Instantiating /home/travis/build/icyphy/ptII/ptolemy/domains/continuous/test/auto/TriggeredContinuousClock.xml
41 ms. Memory: 328704K Free: 282295K (86%)
----------------- Invoking toplevel() on ptolemy.moml.MoMLSimpleApplication@62814896
----------------- Done invoking toplevel() on ptolemy.moml.MoMLSimpleApplication@62814896
reloadAllAccessors: .TriggeredContinuousClock

===========================================================================================
----------------- testing Mon Sep 16 05:39:22 UTC 2019 /home/travis/build/icyphy/ptII/ptolemy/domains/continuous/test/auto/TwoMachineInfiniteBusControl.xml
----------------- Instantiating /home/travis/build/icyphy/ptII/ptolemy/domains/continuous/test/auto/TwoMachineInfiniteBusControl.xml
3000 ms. Memory: 328704K Free: 261764K (80%)
----------------- Invoking toplevel() on ptolemy.moml.MoMLSimpleApplication@18825bde
----------------- Done invoking toplevel() on ptolemy.moml.MoMLSimpleApplication@18825bde
reloadAllAccessors: .TwoMachineInfiniteBusControl

===========================================================================================
----------------- testing Mon Sep 16 05:39:25 UTC 2019 /home/travis/build/icyphy/ptII/ptolemy/domains/continuous/test/auto/V2V.xml
----------------- Instantiating /home/travis/build/icyphy/ptII/ptolemy/domains/continuous/test/auto/V2V.xml
772 ms. Memory: 328704K Free: 263805K (80%)
----------------- Invoking toplevel() on ptolemy.moml.MoMLSimpleApplication@2a948a21
----------------- Done invoking toplevel() on ptolemy.moml.MoMLSimpleApplication@2a948a21
reloadAllAccessors: .V2V

===========================================================================================
----------------- testing Mon Sep 16 05:39:26 UTC 2019 /home/travis/build/icyphy/ptII/ptolemy/domains/continuous/test/auto/hierarchicalModalModel.xml
----------------- Instantiating /home/travis/build/icyphy/ptII/ptolemy/domains/continuous/test/auto/hierarchicalModalModel.xml
8 ms. Memory: 328704K Free: 248974K (76%)
----------------- Invoking toplevel() on ptolemy.moml.MoMLSimpleApplication@5a50d386
----------------- Done invoking toplevel() on ptolemy.moml.MoMLSimpleApplication@5a50d386
reloadAllAccessors: .hierarchicalModalModel

===========================================================================================
----------------- testing Mon Sep 16 05:39:26 UTC 2019 /home/travis/build/icyphy/ptII/ptolemy/domains/continuous/test/auto/hierarchicalModalModel1.xml
----------------- Instantiating /home/travis/build/icyphy/ptII/ptolemy/domains/continuous/test/auto/hierarchicalModalModel1.xml
15 ms. Memory: 328704K Free: 234638K (71%)
----------------- Invoking toplevel() on ptolemy.moml.MoMLSimpleApplication@3f016eb0
----------------- Done invoking toplevel() on ptolemy.moml.MoMLSimpleApplication@3f016eb0
reloadAllAccessors: .hierarchicalModalModel1

===========================================================================================
----------------- testing Mon Sep 16 05:39:26 UTC 2019 /home/travis/build/icyphy/ptII/ptolemy/domains/continuous/test/auto/hierarchicalModalModel2.xml
----------------- Instantiating /home/travis/build/icyphy/ptII/ptolemy/domains/continuous/test/auto/hierarchicalModalModel2.xml
7 ms. Memory: 328704K Free: 222350K (68%)
----------------- Invoking toplevel() on ptolemy.moml.MoMLSimpleApplication@45d9478e
----------------- Done invoking toplevel() on ptolemy.moml.MoMLSimpleApplication@45d9478e
reloadAllAccessors: .hierarchicalModalModel2

===========================================================================================
----------------- testing Mon Sep 16 05:39:26 UTC 2019 /home/travis/build/icyphy/ptII/ptolemy/domains/continuous/test/auto/hierarchicalModalModel3.xml
----------------- Instantiating /home/travis/build/icyphy/ptII/ptolemy/domains/continuous/test/auto/hierarchicalModalModel3.xml
6 ms. Memory: 328704K Free: 211596K (64%)
----------------- Invoking toplevel() on ptolemy.moml.MoMLSimpleApplication@4fb60f5f
----------------- Done invoking toplevel() on ptolemy.moml.MoMLSimpleApplication@4fb60f5f
reloadAllAccessors: .hierarchicalModalModel3

===========================================================================================
----------------- testing Mon Sep 16 05:39:26 UTC 2019 /home/travis/build/icyphy/ptII/ptolemy/domains/continuous/test/auto/hierarchicalModalModel4.xml
----------------- Instantiating /home/travis/build/icyphy/ptII/ptolemy/domains/continuous/test/auto/hierarchicalModalModel4.xml
5 ms. Memory: 328704K Free: 199822K (61%)
----------------- Invoking toplevel() on ptolemy.moml.MoMLSimpleApplication@35fdacec
----------------- Done invoking toplevel() on ptolemy.moml.MoMLSimpleApplication@35fdacec
reloadAllAccessors: .hierarchicalModalModel4

===========================================================================================
----------------- testing Mon Sep 16 05:39:26 UTC 2019 /home/travis/build/icyphy/ptII/ptolemy/domains/continuous/test/auto/junk.xml
----------------- Instantiating /home/travis/build/icyphy/ptII/ptolemy/domains/continuous/test/auto/junk.xml
133 ms. Memory: 328704K Free: 175246K (53%)
----------------- Invoking toplevel() on ptolemy.moml.MoMLSimpleApplication@3f2e7846
----------------- Done invoking toplevel() on ptolemy.moml.MoMLSimpleApplication@3f2e7846
reloadAllAccessors: .junk
AutoTests.java: About to close Vertx.
AutoTests.java: Vertx closed.
]]></system-out>
  <system-err><![CDATA[Warning: '.HysteresisWithRandomDelay.NonStrictTest' The test produced only 221 tokens, yet the correctValues parameter was expecting 222 tokens.
Warning: '.HysteresisWithRandomDelay.NonStrictTest2' The test produced only 220 tokens, yet the correctValues parameter was expecting 221 tokens.
Warning: '.HysteresisWithRandomDelay.NonStrictTest3' The test produced only 29 tokens, yet the correctValues parameter was expecting 30 tokens.
Warning: '.IncreasingRatePoisson.NonStrictTest' The test produced only 387 tokens, yet the correctValues parameter was expecting 402 tokens.
Warning: '.Poisson.NonStrictTest' The test produced only 364 tokens, yet the correctValues parameter was expecting 430 tokens.
]]></system-err>
</testsuite>
