<?xml version="1.0" encoding="UTF-8" ?>
<testsuite errors="0" failures="0" hostname="travis-job-29bf93a4-e9c5-4439-bdfb-186d2d001a9b" name="ptolemy.domains.sdf.lib.test.junit.JUnitTclTest" skipped="0" tests="82" time="9.174" timestamp="2019-07-10T07:15:38">
  <properties>
[...]
</properties>
  <testcase classname="ptolemy.util.test.junit.TclTests" name="[0] /home/travis/build/icyphy/ptII/ptolemy/domains/sdf/lib/test/ArrayToSequence.tcl (RunTclFile)" time="0.67" />
  <testcase classname="ptolemy.util.test.junit.TclTests" name="[1] /home/travis/build/icyphy/ptII/ptolemy/domains/sdf/lib/test/BitsToInt.tcl (RunTclFile)" time="0.036" />
  <testcase classname="ptolemy.util.test.junit.TclTests" name="[2] /home/travis/build/icyphy/ptII/ptolemy/domains/sdf/lib/test/DelayLine.tcl (RunTclFile)" time="0.04" />
  <testcase classname="ptolemy.util.test.junit.TclTests" name="[3] /home/travis/build/icyphy/ptII/ptolemy/domains/sdf/lib/test/FFT.tcl (RunTclFile)" time="0.03" />
  <testcase classname="ptolemy.util.test.junit.TclTests" name="[4] /home/travis/build/icyphy/ptII/ptolemy/domains/sdf/lib/test/FIR.tcl (RunTclFile)" time="0.165" />
  <testcase classname="ptolemy.util.test.junit.TclTests" name="[5] /home/travis/build/icyphy/ptII/ptolemy/domains/sdf/lib/test/IntToBits.tcl (RunTclFile)" time="0.044" />
  <testcase classname="ptolemy.util.test.junit.TclTests" name="[6] /home/travis/build/icyphy/ptII/ptolemy/domains/sdf/lib/test/MaximumEntropySpectrum.tcl (RunTclFile)" time="0.395" />
  <testcase classname="ptolemy.util.test.junit.TclTests" name="[7] /home/travis/build/icyphy/ptII/ptolemy/domains/sdf/lib/test/Repeat.tcl (RunTclFile)" time="0.045" />
  <testcase classname="ptolemy.util.test.junit.TclTests" name="[8] /home/travis/build/icyphy/ptII/ptolemy/domains/sdf/lib/test/SampleDelay.tcl (RunTclFile)" time="0.095" />
  <testcase classname="ptolemy.util.test.junit.TclTests" name="[9] /home/travis/build/icyphy/ptII/ptolemy/domains/sdf/lib/test/SequenceToArray.tcl (RunTclFile)" time="0.069" />
  <testcase classname="ptolemy.util.test.junit.AutoKnownFailedTests" name="[0] ThereAreNoKnowFailedTests (RunModel)" time="0.005" />
  <testcase classname="ptolemy.util.test.junit.AutoNameArchTests" name="[0] ThereAreNoAutoArchTests (RunModel)" time="0.003" />
  <testcase classname="ptolemy.util.test.junit.AutoTests" name="[0] /home/travis/build/icyphy/ptII/ptolemy/domains/sdf/lib/test/auto/ArrayToSequence.xml (RunModel)" time="0.234" />
  <testcase classname="ptolemy.util.test.junit.AutoTests" name="[1] /home/travis/build/icyphy/ptII/ptolemy/domains/sdf/lib/test/auto/ArrayToSequenceTest.xml (RunModel)" time="0.062" />
  <testcase classname="ptolemy.util.test.junit.AutoTests" name="[2] /home/travis/build/icyphy/ptII/ptolemy/domains/sdf/lib/test/auto/Autocorrelation.xml (RunModel)" time="0.031" />
  <testcase classname="ptolemy.util.test.junit.AutoTests" name="[3] /home/travis/build/icyphy/ptII/ptolemy/domains/sdf/lib/test/auto/Autocorrelation2.xml (RunModel)" time="0.037" />
  <testcase classname="ptolemy.util.test.junit.AutoTests" name="[4] /home/travis/build/icyphy/ptII/ptolemy/domains/sdf/lib/test/auto/Autocorrelation3.xml (RunModel)" time="0.04" />
  <testcase classname="ptolemy.util.test.junit.AutoTests" name="[5] /home/travis/build/icyphy/ptII/ptolemy/domains/sdf/lib/test/auto/Autocorrelation4.xml (RunModel)" time="0.067" />
  <testcase classname="ptolemy.util.test.junit.AutoTests" name="[6] /home/travis/build/icyphy/ptII/ptolemy/domains/sdf/lib/test/auto/Autocorrelation5.xml (RunModel)" time="0.135" />
  <testcase classname="ptolemy.util.test.junit.AutoTests" name="[7] /home/travis/build/icyphy/ptII/ptolemy/domains/sdf/lib/test/auto/BitsToInt.xml (RunModel)" time="0.059" />
  <testcase classname="ptolemy.util.test.junit.AutoTests" name="[8] /home/travis/build/icyphy/ptII/ptolemy/domains/sdf/lib/test/auto/BooleanJoin.xml (RunModel)" time="0.035" />
  <testcase classname="ptolemy.util.test.junit.AutoTests" name="[9] /home/travis/build/icyphy/ptII/ptolemy/domains/sdf/lib/test/auto/BootstrapSampleDelay.xml (RunModel)" time="0.052" />
  <testcase classname="ptolemy.util.test.junit.AutoTests" name="[10] /home/travis/build/icyphy/ptII/ptolemy/domains/sdf/lib/test/auto/Chop.xml (RunModel)" time="0.072" />
  <testcase classname="ptolemy.util.test.junit.AutoTests" name="[11] /home/travis/build/icyphy/ptII/ptolemy/domains/sdf/lib/test/auto/Chop2.xml (RunModel)" time="0.055" />
  <testcase classname="ptolemy.util.test.junit.AutoTests" name="[12] /home/travis/build/icyphy/ptII/ptolemy/domains/sdf/lib/test/auto/ComplexJoin.xml (RunModel)" time="0.05" />
  <testcase classname="ptolemy.util.test.junit.AutoTests" name="[13] /home/travis/build/icyphy/ptII/ptolemy/domains/sdf/lib/test/auto/CountTrues.xml (RunModel)" time="0.037" />
  <testcase classname="ptolemy.util.test.junit.AutoTests" name="[14] /home/travis/build/icyphy/ptII/ptolemy/domains/sdf/lib/test/auto/DelayLine.xml (RunModel)" time="0.075" />
  <testcase classname="ptolemy.util.test.junit.AutoTests" name="[15] /home/travis/build/icyphy/ptII/ptolemy/domains/sdf/lib/test/auto/DotProduct.xml (RunModel)" time="0.032" />
  <testcase classname="ptolemy.util.test.junit.AutoTests" name="[16] /home/travis/build/icyphy/ptII/ptolemy/domains/sdf/lib/test/auto/DotProductMatrix.xml (RunModel)" time="0.022" />
  <testcase classname="ptolemy.util.test.junit.AutoTests" name="[17] /home/travis/build/icyphy/ptII/ptolemy/domains/sdf/lib/test/auto/DownSample1.xml (RunModel)" time="0.031" />
  <testcase classname="ptolemy.util.test.junit.AutoTests" name="[18] /home/travis/build/icyphy/ptII/ptolemy/domains/sdf/lib/test/auto/DynamicRateChange.xml (RunModel)" time="0.057" />
  <testcase classname="ptolemy.util.test.junit.AutoTests" name="[19] /home/travis/build/icyphy/ptII/ptolemy/domains/sdf/lib/test/auto/DynamicRates.xml (RunModel)" time="0.059" />
  <testcase classname="ptolemy.util.test.junit.AutoTests" name="[20] /home/travis/build/icyphy/ptII/ptolemy/domains/sdf/lib/test/auto/FFT1.xml (RunModel)" time="0.03" />
  <testcase classname="ptolemy.util.test.junit.AutoTests" name="[21] /home/travis/build/icyphy/ptII/ptolemy/domains/sdf/lib/test/auto/FIR1.xml (RunModel)" time="0.056" />
  <testcase classname="ptolemy.util.test.junit.AutoTests" name="[22] /home/travis/build/icyphy/ptII/ptolemy/domains/sdf/lib/test/auto/FIR2.xml (RunModel)" time="0.046" />
  <testcase classname="ptolemy.util.test.junit.AutoTests" name="[23] /home/travis/build/icyphy/ptII/ptolemy/domains/sdf/lib/test/auto/FIR4.xml (RunModel)" time="0.047" />
  <testcase classname="ptolemy.util.test.junit.AutoTests" name="[24] /home/travis/build/icyphy/ptII/ptolemy/domains/sdf/lib/test/auto/FixJoin.xml (RunModel)" time="0.046" />
  <testcase classname="ptolemy.util.test.junit.AutoTests" name="[25] /home/travis/build/icyphy/ptII/ptolemy/domains/sdf/lib/test/auto/IntJoin1.xml (RunModel)" time="0.023" />
  <testcase classname="ptolemy.util.test.junit.AutoTests" name="[26] /home/travis/build/icyphy/ptII/ptolemy/domains/sdf/lib/test/auto/IntJoin2.xml (RunModel)" time="0.027" />
  <testcase classname="ptolemy.util.test.junit.AutoTests" name="[27] /home/travis/build/icyphy/ptII/ptolemy/domains/sdf/lib/test/auto/IntJoin3.xml (RunModel)" time="0.021" />
  <testcase classname="ptolemy.util.test.junit.AutoTests" name="[28] /home/travis/build/icyphy/ptII/ptolemy/domains/sdf/lib/test/auto/IntJoin4.xml (RunModel)" time="0.028" />
  <testcase classname="ptolemy.util.test.junit.AutoTests" name="[29] /home/travis/build/icyphy/ptII/ptolemy/domains/sdf/lib/test/auto/IntJoin5.xml (RunModel)" time="0.035" />
  <testcase classname="ptolemy.util.test.junit.AutoTests" name="[30] /home/travis/build/icyphy/ptII/ptolemy/domains/sdf/lib/test/auto/IntToBits.xml (RunModel)" time="0.023" />
  <testcase classname="ptolemy.util.test.junit.AutoTests" name="[31] /home/travis/build/icyphy/ptII/ptolemy/domains/sdf/lib/test/auto/LMSAdaptive.xml (RunModel)" time="0.067" />
  <testcase classname="ptolemy.util.test.junit.AutoTests" name="[32] /home/travis/build/icyphy/ptII/ptolemy/domains/sdf/lib/test/auto/LMSAdaptiveFIR.xml (RunModel)" time="0.383" />
  <testcase classname="ptolemy.util.test.junit.AutoTests" name="[33] /home/travis/build/icyphy/ptII/ptolemy/domains/sdf/lib/test/auto/LMSAdaptiveFIR2.xml (RunModel)" time="0.443" />
  <testcase classname="ptolemy.util.test.junit.AutoTests" name="[34] /home/travis/build/icyphy/ptII/ptolemy/domains/sdf/lib/test/auto/LongJoin.xml (RunModel)" time="0.048" />
  <testcase classname="ptolemy.util.test.junit.AutoTests" name="[35] /home/travis/build/icyphy/ptII/ptolemy/domains/sdf/lib/test/auto/Matrix1.xml (RunModel)" time="0.044" />
  <testcase classname="ptolemy.util.test.junit.AutoTests" name="[36] /home/travis/build/icyphy/ptII/ptolemy/domains/sdf/lib/test/auto/Matrix2.xml (RunModel)" time="0.033" />
  <testcase classname="ptolemy.util.test.junit.AutoTests" name="[37] /home/travis/build/icyphy/ptII/ptolemy/domains/sdf/lib/test/auto/MatrixJoin1.xml (RunModel)" time="0.026" />
  <testcase classname="ptolemy.util.test.junit.AutoTests" name="[38] /home/travis/build/icyphy/ptII/ptolemy/domains/sdf/lib/test/auto/MatrixJoin2.xml (RunModel)" time="0.019" />
  <testcase classname="ptolemy.util.test.junit.AutoTests" name="[39] /home/travis/build/icyphy/ptII/ptolemy/domains/sdf/lib/test/auto/MatrixJoin3.xml (RunModel)" time="0.024" />
  <testcase classname="ptolemy.util.test.junit.AutoTests" name="[40] /home/travis/build/icyphy/ptII/ptolemy/domains/sdf/lib/test/auto/MatrixJoin4.xml (RunModel)" time="0.016" />
  <testcase classname="ptolemy.util.test.junit.AutoTests" name="[41] /home/travis/build/icyphy/ptII/ptolemy/domains/sdf/lib/test/auto/MatrixJoin5.xml (RunModel)" time="0.016" />
  <testcase classname="ptolemy.util.test.junit.AutoTests" name="[42] /home/travis/build/icyphy/ptII/ptolemy/domains/sdf/lib/test/auto/MatrixSplit1.xml (RunModel)" time="0.044" />
  <testcase classname="ptolemy.util.test.junit.AutoTests" name="[43] /home/travis/build/icyphy/ptII/ptolemy/domains/sdf/lib/test/auto/MatrixSplit10.xml (RunModel)" time="0.019" />
  <testcase classname="ptolemy.util.test.junit.AutoTests" name="[44] /home/travis/build/icyphy/ptII/ptolemy/domains/sdf/lib/test/auto/MatrixSplit11.xml (RunModel)" time="0.013" />
  <testcase classname="ptolemy.util.test.junit.AutoTests" name="[45] /home/travis/build/icyphy/ptII/ptolemy/domains/sdf/lib/test/auto/MatrixSplit12.xml (RunModel)" time="0.02" />
  <testcase classname="ptolemy.util.test.junit.AutoTests" name="[46] /home/travis/build/icyphy/ptII/ptolemy/domains/sdf/lib/test/auto/MatrixSplit13.xml (RunModel)" time="0.028" />
  <testcase classname="ptolemy.util.test.junit.AutoTests" name="[47] /home/travis/build/icyphy/ptII/ptolemy/domains/sdf/lib/test/auto/MatrixSplit14.xml (RunModel)" time="0.015" />
  <testcase classname="ptolemy.util.test.junit.AutoTests" name="[48] /home/travis/build/icyphy/ptII/ptolemy/domains/sdf/lib/test/auto/MatrixSplit2.xml (RunModel)" time="0.015" />
  <testcase classname="ptolemy.util.test.junit.AutoTests" name="[49] /home/travis/build/icyphy/ptII/ptolemy/domains/sdf/lib/test/auto/MatrixSplit3.xml (RunModel)" time="0.017" />
  <testcase classname="ptolemy.util.test.junit.AutoTests" name="[50] /home/travis/build/icyphy/ptII/ptolemy/domains/sdf/lib/test/auto/MatrixSplit4.xml (RunModel)" time="0.015" />
  <testcase classname="ptolemy.util.test.junit.AutoTests" name="[51] /home/travis/build/icyphy/ptII/ptolemy/domains/sdf/lib/test/auto/MatrixSplit5.xml (RunModel)" time="0.026" />
  <testcase classname="ptolemy.util.test.junit.AutoTests" name="[52] /home/travis/build/icyphy/ptII/ptolemy/domains/sdf/lib/test/auto/MatrixSplit6.xml (RunModel)" time="0.013" />
  <testcase classname="ptolemy.util.test.junit.AutoTests" name="[53] /home/travis/build/icyphy/ptII/ptolemy/domains/sdf/lib/test/auto/MatrixSplit7.xml (RunModel)" time="0.015" />
  <testcase classname="ptolemy.util.test.junit.AutoTests" name="[54] /home/travis/build/icyphy/ptII/ptolemy/domains/sdf/lib/test/auto/MatrixSplit8.xml (RunModel)" time="0.016" />
  <testcase classname="ptolemy.util.test.junit.AutoTests" name="[55] /home/travis/build/icyphy/ptII/ptolemy/domains/sdf/lib/test/auto/MatrixSplit9.xml (RunModel)" time="0.03" />
  <testcase classname="ptolemy.util.test.junit.AutoTests" name="[56] /home/travis/build/icyphy/ptII/ptolemy/domains/sdf/lib/test/auto/MatrixToSequence.xml (RunModel)" time="0.058" />
  <testcase classname="ptolemy.util.test.junit.AutoTests" name="[57] /home/travis/build/icyphy/ptII/ptolemy/domains/sdf/lib/test/auto/MaximumEntropySpectrum.xml (RunModel)" time="0.109" />
  <testcase classname="ptolemy.util.test.junit.AutoTests" name="[58] /home/travis/build/icyphy/ptII/ptolemy/domains/sdf/lib/test/auto/SampleDelayConversion.xml (RunModel)" time="0.019" />
  <testcase classname="ptolemy.util.test.junit.AutoTests" name="[59] /home/travis/build/icyphy/ptII/ptolemy/domains/sdf/lib/test/auto/SequenceToArray.xml (RunModel)" time="0.043" />
  <testcase classname="ptolemy.util.test.junit.AutoTests" name="[60] /home/travis/build/icyphy/ptII/ptolemy/domains/sdf/lib/test/auto/SequenceToMatrix.xml (RunModel)" time="3.443" />
  <testcase classname="ptolemy.util.test.junit.AutoTests" name="[61] /home/travis/build/icyphy/ptII/ptolemy/domains/sdf/lib/test/auto/SmoothedPeriodogram.xml (RunModel)" time="0.079" />
  <testcase classname="ptolemy.util.test.junit.AutoTests" name="[62] /home/travis/build/icyphy/ptII/ptolemy/domains/sdf/lib/test/auto/UpDownSample1.xml (RunModel)" time="0.018" />
  <testcase classname="ptolemy.util.test.junit.AutoTests" name="[63] /home/travis/build/icyphy/ptII/ptolemy/domains/sdf/lib/test/auto/UpSample1.xml (RunModel)" time="0.017" />
  <testcase classname="ptolemy.util.test.junit.AutoTests" name="[64] /home/travis/build/icyphy/ptII/ptolemy/domains/sdf/lib/test/auto/VariableFIR.xml (RunModel)" time="0.022" />
  <testcase classname="ptolemy.util.test.junit.AutoTests" name="[65] /home/travis/build/icyphy/ptII/ptolemy/domains/sdf/lib/test/auto/VariableFIR2.xml (RunModel)" time="0.019" />
  <testcase classname="ptolemy.util.test.junit.AutoTests" name="[66] /home/travis/build/icyphy/ptII/ptolemy/domains/sdf/lib/test/auto/VariableLattice.xml (RunModel)" time="0.024" />
  <testcase classname="ptolemy.util.test.junit.AutoTests" name="[67] /home/travis/build/icyphy/ptII/ptolemy/domains/sdf/lib/test/auto/VariableLattice2.xml (RunModel)" time="0.022" />
  <testcase classname="ptolemy.util.test.junit.AutoTests" name="[68] /home/travis/build/icyphy/ptII/ptolemy/domains/sdf/lib/test/auto/VariableRecursiveLattice.xml (RunModel)" time="0.017" />
  <testcase classname="ptolemy.util.test.junit.AutoTests" name="[69] /home/travis/build/icyphy/ptII/ptolemy/domains/sdf/lib/test/auto/VariableRecursiveLattice2.xml (RunModel)" time="0.015" />
  <system-out><![CDATA[/home/travis/build/icyphy/ptII/ptolemy/domains/sdf/lib/test/ArrayToSequence.tcl
testDefs.tcl: setting time out to 9000 seconds at Wed Jul 10 07:15:39 UTC 2019
92 ms. Memory: 120832K Free: 100786K (83%)
23 ms. Memory: 120832K Free: 98738K (82%)
26 ms. Memory: 120832K Free: 96690K (80%)
38 ms. Memory: 120832K Free: 108225K (90%)
/home/travis/build/icyphy/ptII/ptolemy/domains/sdf/lib/test/BitsToInt.tcl
9 ms. Memory: 120832K Free: 106659K (88%)
7 ms. Memory: 120832K Free: 104611K (87%)
/home/travis/build/icyphy/ptII/ptolemy/domains/sdf/lib/test/DelayLine.tcl
12 ms. Memory: 120832K Free: 103150K (85%)
/home/travis/build/icyphy/ptII/ptolemy/domains/sdf/lib/test/FFT.tcl
5 ms. Memory: 120832K Free: 101100K (84%)
/home/travis/build/icyphy/ptII/ptolemy/domains/sdf/lib/test/FIR.tcl
8 ms. Memory: 120832K Free: 99490K (82%)
91 ms. Memory: 120832K Free: 94795K (78%)
ptolemy.kernel.util.IllegalActionException: multiplyReverse method not supported between ptolemy.data.FixToken 'fix(-0.0625,6,2)' and ptolemy.data.IntToken '1' because the types are incomparable.
  in .top.FIRclone
Because:
multiplyReverse method not supported between ptolemy.data.FixToken 'fix(-0.0625,6,2)' and ptolemy.data.IntToken '1' because the types are incomparable.
18 ms. Memory: 120832K Free: 92323K (76%)
/home/travis/build/icyphy/ptII/ptolemy/domains/sdf/lib/test/IntToBits.tcl
6 ms. Memory: 120832K Free: 90846K (75%)
6 ms. Memory: 120832K Free: 89251K (74%)
/home/travis/build/icyphy/ptII/ptolemy/domains/sdf/lib/test/MaximumEntropySpectrum.tcl
/home/travis/build/icyphy/ptII/ptolemy/domains/sdf/lib/test/Repeat.tcl
15 ms. Memory: 176128K Free: 143420K (81%)
/home/travis/build/icyphy/ptII/ptolemy/domains/sdf/lib/test/SampleDelay.tcl
11 ms. Memory: 176128K Free: 141378K (80%)
11 ms. Memory: 176128K Free: 140868K (80%)
7 ms. Memory: 176128K Free: 139844K (79%)
11 ms. Memory: 176128K Free: 139330K (79%)
3 ms. Memory: 176128K Free: 138820K (79%)
15 ms. Memory: 176128K Free: 138306K (79%)
/home/travis/build/icyphy/ptII/ptolemy/domains/sdf/lib/test/SequenceToArray.tcl
12 ms. Memory: 176128K Free: 136252K (77%)
18 ms. Memory: 176128K Free: 135234K (77%)
6 ms. Memory: 176128K Free: 134210K (76%)
11 ms. Memory: 176128K Free: 133156K (76%)
07/10/19 07:15:40
Failed: 0  Total Tests: 41  ((Passed: 41, Newly Passed: 0)  Known Failed: 0) /home/travis/build/icyphy/ptII/ptolemy/domains/sdf/lib/test
No auto/knownFailedTests/*.xml tests in /home/travis/build/icyphy/ptII/ptolemy/domains/sdf/lib/test
No auto/linux-amd64/*.xml tests in /home/travis/build/icyphy/ptII/ptolemy/domains/sdf/lib/test
AutoTests.java: About to close Vertx.
AutoTests.java: Vertx closed.

===========================================================================================
----------------- testing Wed Jul 10 07:15:41 UTC 2019 /home/travis/build/icyphy/ptII/ptolemy/domains/sdf/lib/test/auto/ArrayToSequence.xml
----------------- Instantiating /home/travis/build/icyphy/ptII/ptolemy/domains/sdf/lib/test/auto/ArrayToSequence.xml
30 ms. Memory: 176128K Free: 141276K (80%)
----------------- Invoking toplevel() on ptolemy.moml.MoMLSimpleApplication@3f88a08f
----------------- Done invoking toplevel() on ptolemy.moml.MoMLSimpleApplication@3f88a08f
reloadAllAccessors: .ArrayToSequence

===========================================================================================
----------------- testing Wed Jul 10 07:15:41 UTC 2019 /home/travis/build/icyphy/ptII/ptolemy/domains/sdf/lib/test/auto/ArrayToSequenceTest.xml
----------------- Instantiating /home/travis/build/icyphy/ptII/ptolemy/domains/sdf/lib/test/auto/ArrayToSequenceTest.xml
12 ms. Memory: 176128K Free: 134636K (76%)
----------------- Invoking toplevel() on ptolemy.moml.MoMLSimpleApplication@1484bfc4
----------------- Done invoking toplevel() on ptolemy.moml.MoMLSimpleApplication@1484bfc4
reloadAllAccessors: .ArrayToSequenceTest

===========================================================================================
----------------- testing Wed Jul 10 07:15:41 UTC 2019 /home/travis/build/icyphy/ptII/ptolemy/domains/sdf/lib/test/auto/Autocorrelation.xml
----------------- Instantiating /home/travis/build/icyphy/ptII/ptolemy/domains/sdf/lib/test/auto/Autocorrelation.xml
5 ms. Memory: 176128K Free: 130540K (74%)
----------------- Invoking toplevel() on ptolemy.moml.MoMLSimpleApplication@3a9142d1
----------------- Done invoking toplevel() on ptolemy.moml.MoMLSimpleApplication@3a9142d1
reloadAllAccessors: .Autocorrelation

===========================================================================================
----------------- testing Wed Jul 10 07:15:41 UTC 2019 /home/travis/build/icyphy/ptII/ptolemy/domains/sdf/lib/test/auto/Autocorrelation2.xml
----------------- Instantiating /home/travis/build/icyphy/ptII/ptolemy/domains/sdf/lib/test/auto/Autocorrelation2.xml
4 ms. Memory: 176128K Free: 125930K (71%)
----------------- Invoking toplevel() on ptolemy.moml.MoMLSimpleApplication@33619118
----------------- Done invoking toplevel() on ptolemy.moml.MoMLSimpleApplication@33619118
reloadAllAccessors: .Autocorrelation2

===========================================================================================
----------------- testing Wed Jul 10 07:15:41 UTC 2019 /home/travis/build/icyphy/ptII/ptolemy/domains/sdf/lib/test/auto/Autocorrelation3.xml
----------------- Instantiating /home/travis/build/icyphy/ptII/ptolemy/domains/sdf/lib/test/auto/Autocorrelation3.xml
4 ms. Memory: 176128K Free: 121834K (69%)
----------------- Invoking toplevel() on ptolemy.moml.MoMLSimpleApplication@2acd81fd
----------------- Done invoking toplevel() on ptolemy.moml.MoMLSimpleApplication@2acd81fd
reloadAllAccessors: .Autocorrelation3

===========================================================================================
----------------- testing Wed Jul 10 07:15:41 UTC 2019 /home/travis/build/icyphy/ptII/ptolemy/domains/sdf/lib/test/auto/Autocorrelation4.xml
----------------- Instantiating /home/travis/build/icyphy/ptII/ptolemy/domains/sdf/lib/test/auto/Autocorrelation4.xml
6 ms. Memory: 176128K Free: 117228K (67%)
----------------- Invoking toplevel() on ptolemy.moml.MoMLSimpleApplication@625da5a3
----------------- Done invoking toplevel() on ptolemy.moml.MoMLSimpleApplication@625da5a3
reloadAllAccessors: .Autocorrelation4

===========================================================================================
----------------- testing Wed Jul 10 07:15:41 UTC 2019 /home/travis/build/icyphy/ptII/ptolemy/domains/sdf/lib/test/auto/Autocorrelation5.xml
----------------- Instantiating /home/travis/build/icyphy/ptII/ptolemy/domains/sdf/lib/test/auto/Autocorrelation5.xml
44 ms. Memory: 176128K Free: 109546K (62%)
----------------- Invoking toplevel() on ptolemy.moml.MoMLSimpleApplication@26bb99e0
----------------- Done invoking toplevel() on ptolemy.moml.MoMLSimpleApplication@26bb99e0
reloadAllAccessors: .Autocorrelation5

===========================================================================================
----------------- testing Wed Jul 10 07:15:41 UTC 2019 /home/travis/build/icyphy/ptII/ptolemy/domains/sdf/lib/test/auto/BitsToInt.xml
----------------- Instantiating /home/travis/build/icyphy/ptII/ptolemy/domains/sdf/lib/test/auto/BitsToInt.xml
3 ms. Memory: 176128K Free: 106474K (60%)
----------------- Invoking toplevel() on ptolemy.moml.MoMLSimpleApplication@4aee1504
----------------- Done invoking toplevel() on ptolemy.moml.MoMLSimpleApplication@4aee1504
reloadAllAccessors: .BitsToInt

===========================================================================================
----------------- testing Wed Jul 10 07:15:41 UTC 2019 /home/travis/build/icyphy/ptII/ptolemy/domains/sdf/lib/test/auto/BooleanJoin.xml
----------------- Instantiating /home/travis/build/icyphy/ptII/ptolemy/domains/sdf/lib/test/auto/BooleanJoin.xml
3 ms. Memory: 176128K Free: 102378K (58%)
----------------- Invoking toplevel() on ptolemy.moml.MoMLSimpleApplication@1adbbfc6
----------------- Done invoking toplevel() on ptolemy.moml.MoMLSimpleApplication@1adbbfc6
reloadAllAccessors: .BooleanJoin

===========================================================================================
----------------- testing Wed Jul 10 07:15:41 UTC 2019 /home/travis/build/icyphy/ptII/ptolemy/domains/sdf/lib/test/auto/BootstrapSampleDelay.xml
----------------- Instantiating /home/travis/build/icyphy/ptII/ptolemy/domains/sdf/lib/test/auto/BootstrapSampleDelay.xml
9 ms. Memory: 176128K Free: 98282K (56%)
----------------- Invoking toplevel() on ptolemy.moml.MoMLSimpleApplication@2f06918d
----------------- Done invoking toplevel() on ptolemy.moml.MoMLSimpleApplication@2f06918d
reloadAllAccessors: .BootstrapSampleDelay

===========================================================================================
----------------- testing Wed Jul 10 07:15:41 UTC 2019 /home/travis/build/icyphy/ptII/ptolemy/domains/sdf/lib/test/auto/Chop.xml
----------------- Instantiating /home/travis/build/icyphy/ptII/ptolemy/domains/sdf/lib/test/auto/Chop.xml
5 ms. Memory: 176128K Free: 91114K (52%)
----------------- Invoking toplevel() on ptolemy.moml.MoMLSimpleApplication@307ffc63
----------------- Done invoking toplevel() on ptolemy.moml.MoMLSimpleApplication@307ffc63
reloadAllAccessors: .Chop

===========================================================================================
----------------- testing Wed Jul 10 07:15:41 UTC 2019 /home/travis/build/icyphy/ptII/ptolemy/domains/sdf/lib/test/auto/Chop2.xml
----------------- Instantiating /home/travis/build/icyphy/ptII/ptolemy/domains/sdf/lib/test/auto/Chop2.xml
11 ms. Memory: 176128K Free: 84460K (48%)
----------------- Invoking toplevel() on ptolemy.moml.MoMLSimpleApplication@1e6f160e
----------------- Done invoking toplevel() on ptolemy.moml.MoMLSimpleApplication@1e6f160e
reloadAllAccessors: .Chop2

===========================================================================================
----------------- testing Wed Jul 10 07:15:41 UTC 2019 /home/travis/build/icyphy/ptII/ptolemy/domains/sdf/lib/test/auto/ComplexJoin.xml
----------------- Instantiating /home/travis/build/icyphy/ptII/ptolemy/domains/sdf/lib/test/auto/ComplexJoin.xml
9 ms. Memory: 176128K Free: 80364K (46%)
----------------- Invoking toplevel() on ptolemy.moml.MoMLSimpleApplication@1ffce4de
----------------- Done invoking toplevel() on ptolemy.moml.MoMLSimpleApplication@1ffce4de
reloadAllAccessors: .ComplexJoin

===========================================================================================
----------------- testing Wed Jul 10 07:15:41 UTC 2019 /home/travis/build/icyphy/ptII/ptolemy/domains/sdf/lib/test/auto/CountTrues.xml
----------------- Instantiating /home/travis/build/icyphy/ptII/ptolemy/domains/sdf/lib/test/auto/CountTrues.xml
4 ms. Memory: 176128K Free: 77292K (44%)
----------------- Invoking toplevel() on ptolemy.moml.MoMLSimpleApplication@11572fbe
----------------- Done invoking toplevel() on ptolemy.moml.MoMLSimpleApplication@11572fbe
reloadAllAccessors: .CountTrues

===========================================================================================
----------------- testing Wed Jul 10 07:15:42 UTC 2019 /home/travis/build/icyphy/ptII/ptolemy/domains/sdf/lib/test/auto/DelayLine.xml
----------------- Instantiating /home/travis/build/icyphy/ptII/ptolemy/domains/sdf/lib/test/auto/DelayLine.xml
10 ms. Memory: 176128K Free: 71628K (41%)
----------------- Invoking toplevel() on ptolemy.moml.MoMLSimpleApplication@3b66fdf8
----------------- Done invoking toplevel() on ptolemy.moml.MoMLSimpleApplication@3b66fdf8
reloadAllAccessors: .DelayLine

===========================================================================================
----------------- testing Wed Jul 10 07:15:42 UTC 2019 /home/travis/build/icyphy/ptII/ptolemy/domains/sdf/lib/test/auto/DotProduct.xml
----------------- Instantiating /home/travis/build/icyphy/ptII/ptolemy/domains/sdf/lib/test/auto/DotProduct.xml
6 ms. Memory: 176128K Free: 68586K (39%)
----------------- Invoking toplevel() on ptolemy.moml.MoMLSimpleApplication@6711f1c2
----------------- Done invoking toplevel() on ptolemy.moml.MoMLSimpleApplication@6711f1c2
reloadAllAccessors: .DotProduct

===========================================================================================
----------------- testing Wed Jul 10 07:15:42 UTC 2019 /home/travis/build/icyphy/ptII/ptolemy/domains/sdf/lib/test/auto/DotProductMatrix.xml
----------------- Instantiating /home/travis/build/icyphy/ptII/ptolemy/domains/sdf/lib/test/auto/DotProductMatrix.xml
4 ms. Memory: 176128K Free: 65514K (37%)
----------------- Invoking toplevel() on ptolemy.moml.MoMLSimpleApplication@6476eb82
----------------- Done invoking toplevel() on ptolemy.moml.MoMLSimpleApplication@6476eb82
reloadAllAccessors: .DotProductMatrix

===========================================================================================
----------------- testing Wed Jul 10 07:15:42 UTC 2019 /home/travis/build/icyphy/ptII/ptolemy/domains/sdf/lib/test/auto/DownSample1.xml
----------------- Instantiating /home/travis/build/icyphy/ptII/ptolemy/domains/sdf/lib/test/auto/DownSample1.xml
7 ms. Memory: 176128K Free: 62442K (35%)
----------------- Invoking toplevel() on ptolemy.moml.MoMLSimpleApplication@c5a3fd9
----------------- Done invoking toplevel() on ptolemy.moml.MoMLSimpleApplication@c5a3fd9
reloadAllAccessors: .DownSample1

===========================================================================================
----------------- testing Wed Jul 10 07:15:42 UTC 2019 /home/travis/build/icyphy/ptII/ptolemy/domains/sdf/lib/test/auto/DynamicRateChange.xml
----------------- Instantiating /home/travis/build/icyphy/ptII/ptolemy/domains/sdf/lib/test/auto/DynamicRateChange.xml
11 ms. Memory: 176128K Free: 156175K (89%)
----------------- Invoking toplevel() on ptolemy.moml.MoMLSimpleApplication@b590cfa
----------------- Done invoking toplevel() on ptolemy.moml.MoMLSimpleApplication@b590cfa
reloadAllAccessors: .DynamicRateChange

===========================================================================================
----------------- testing Wed Jul 10 07:15:42 UTC 2019 /home/travis/build/icyphy/ptII/ptolemy/domains/sdf/lib/test/auto/DynamicRates.xml
----------------- Instantiating /home/travis/build/icyphy/ptII/ptolemy/domains/sdf/lib/test/auto/DynamicRates.xml
7 ms. Memory: 176128K Free: 150545K (85%)
----------------- Invoking toplevel() on ptolemy.moml.MoMLSimpleApplication@34c15068
----------------- Done invoking toplevel() on ptolemy.moml.MoMLSimpleApplication@34c15068
reloadAllAccessors: .DynamicRates

===========================================================================================
----------------- testing Wed Jul 10 07:15:42 UTC 2019 /home/travis/build/icyphy/ptII/ptolemy/domains/sdf/lib/test/auto/FFT1.xml
----------------- Instantiating /home/travis/build/icyphy/ptII/ptolemy/domains/sdf/lib/test/auto/FFT1.xml
8 ms. Memory: 176128K Free: 145935K (83%)
----------------- Invoking toplevel() on ptolemy.moml.MoMLSimpleApplication@4d0c3e
----------------- Done invoking toplevel() on ptolemy.moml.MoMLSimpleApplication@4d0c3e
reloadAllAccessors: .FFT1

===========================================================================================
----------------- testing Wed Jul 10 07:15:42 UTC 2019 /home/travis/build/icyphy/ptII/ptolemy/domains/sdf/lib/test/auto/FIR1.xml
----------------- Instantiating /home/travis/build/icyphy/ptII/ptolemy/domains/sdf/lib/test/auto/FIR1.xml
24 ms. Memory: 176128K Free: 138767K (79%)
----------------- Invoking toplevel() on ptolemy.moml.MoMLSimpleApplication@70625f2e
----------------- Done invoking toplevel() on ptolemy.moml.MoMLSimpleApplication@70625f2e
reloadAllAccessors: .FIR1

===========================================================================================
----------------- testing Wed Jul 10 07:15:42 UTC 2019 /home/travis/build/icyphy/ptII/ptolemy/domains/sdf/lib/test/auto/FIR2.xml
----------------- Instantiating /home/travis/build/icyphy/ptII/ptolemy/domains/sdf/lib/test/auto/FIR2.xml
2 ms. Memory: 176128K Free: 135695K (77%)
----------------- Invoking toplevel() on ptolemy.moml.MoMLSimpleApplication@208ec11d
----------------- Done invoking toplevel() on ptolemy.moml.MoMLSimpleApplication@208ec11d
reloadAllAccessors: .FIR2

===========================================================================================
----------------- testing Wed Jul 10 07:15:42 UTC 2019 /home/travis/build/icyphy/ptII/ptolemy/domains/sdf/lib/test/auto/FIR4.xml
----------------- Instantiating /home/travis/build/icyphy/ptII/ptolemy/domains/sdf/lib/test/auto/FIR4.xml
7 ms. Memory: 176128K Free: 128017K (73%)
----------------- Invoking toplevel() on ptolemy.moml.MoMLSimpleApplication@459831ec
----------------- Done invoking toplevel() on ptolemy.moml.MoMLSimpleApplication@459831ec
reloadAllAccessors: .FIR4

===========================================================================================
----------------- testing Wed Jul 10 07:15:42 UTC 2019 /home/travis/build/icyphy/ptII/ptolemy/domains/sdf/lib/test/auto/FixJoin.xml
----------------- Instantiating /home/travis/build/icyphy/ptII/ptolemy/domains/sdf/lib/test/auto/FixJoin.xml
5 ms. Memory: 176128K Free: 123921K (70%)
----------------- Invoking toplevel() on ptolemy.moml.MoMLSimpleApplication@322d3041
----------------- Done invoking toplevel() on ptolemy.moml.MoMLSimpleApplication@322d3041
reloadAllAccessors: .FixJoin

===========================================================================================
----------------- testing Wed Jul 10 07:15:42 UTC 2019 /home/travis/build/icyphy/ptII/ptolemy/domains/sdf/lib/test/auto/IntJoin1.xml
----------------- Instantiating /home/travis/build/icyphy/ptII/ptolemy/domains/sdf/lib/test/auto/IntJoin1.xml
2 ms. Memory: 176128K Free: 119311K (68%)
----------------- Invoking toplevel() on ptolemy.moml.MoMLSimpleApplication@611573ac
----------------- Done invoking toplevel() on ptolemy.moml.MoMLSimpleApplication@611573ac
reloadAllAccessors: .IntJoin1

===========================================================================================
----------------- testing Wed Jul 10 07:15:42 UTC 2019 /home/travis/build/icyphy/ptII/ptolemy/domains/sdf/lib/test/auto/IntJoin2.xml
----------------- Instantiating /home/travis/build/icyphy/ptII/ptolemy/domains/sdf/lib/test/auto/IntJoin2.xml
5 ms. Memory: 176128K Free: 115215K (65%)
----------------- Invoking toplevel() on ptolemy.moml.MoMLSimpleApplication@36c0c579
----------------- Done invoking toplevel() on ptolemy.moml.MoMLSimpleApplication@36c0c579
reloadAllAccessors: .IntJoin2

===========================================================================================
----------------- testing Wed Jul 10 07:15:42 UTC 2019 /home/travis/build/icyphy/ptII/ptolemy/domains/sdf/lib/test/auto/IntJoin3.xml
----------------- Instantiating /home/travis/build/icyphy/ptII/ptolemy/domains/sdf/lib/test/auto/IntJoin3.xml
2 ms. Memory: 176128K Free: 110609K (63%)
----------------- Invoking toplevel() on ptolemy.moml.MoMLSimpleApplication@6dbdcb59
----------------- Done invoking toplevel() on ptolemy.moml.MoMLSimpleApplication@6dbdcb59
reloadAllAccessors: .IntJoin3

===========================================================================================
----------------- testing Wed Jul 10 07:15:42 UTC 2019 /home/travis/build/icyphy/ptII/ptolemy/domains/sdf/lib/test/auto/IntJoin4.xml
----------------- Instantiating /home/travis/build/icyphy/ptII/ptolemy/domains/sdf/lib/test/auto/IntJoin4.xml
3 ms. Memory: 176128K Free: 106513K (60%)
----------------- Invoking toplevel() on ptolemy.moml.MoMLSimpleApplication@5895d372
----------------- Done invoking toplevel() on ptolemy.moml.MoMLSimpleApplication@5895d372
reloadAllAccessors: .IntJoin4

===========================================================================================
----------------- testing Wed Jul 10 07:15:42 UTC 2019 /home/travis/build/icyphy/ptII/ptolemy/domains/sdf/lib/test/auto/IntJoin5.xml
----------------- Instantiating /home/travis/build/icyphy/ptII/ptolemy/domains/sdf/lib/test/auto/IntJoin5.xml
3 ms. Memory: 176128K Free: 102417K (58%)
----------------- Invoking toplevel() on ptolemy.moml.MoMLSimpleApplication@550e098d
----------------- Done invoking toplevel() on ptolemy.moml.MoMLSimpleApplication@550e098d
reloadAllAccessors: .IntJoin5

===========================================================================================
----------------- testing Wed Jul 10 07:15:42 UTC 2019 /home/travis/build/icyphy/ptII/ptolemy/domains/sdf/lib/test/auto/IntToBits.xml
----------------- Instantiating /home/travis/build/icyphy/ptII/ptolemy/domains/sdf/lib/test/auto/IntToBits.xml
8 ms. Memory: 176128K Free: 98831K (56%)
----------------- Invoking toplevel() on ptolemy.moml.MoMLSimpleApplication@19da1242
----------------- Done invoking toplevel() on ptolemy.moml.MoMLSimpleApplication@19da1242
reloadAllAccessors: .IntToBits

===========================================================================================
----------------- testing Wed Jul 10 07:15:42 UTC 2019 /home/travis/build/icyphy/ptII/ptolemy/domains/sdf/lib/test/auto/LMSAdaptive.xml
----------------- Instantiating /home/travis/build/icyphy/ptII/ptolemy/domains/sdf/lib/test/auto/LMSAdaptive.xml
14 ms. Memory: 176128K Free: 90625K (51%)
----------------- Invoking toplevel() on ptolemy.moml.MoMLSimpleApplication@72dde76e
----------------- Done invoking toplevel() on ptolemy.moml.MoMLSimpleApplication@72dde76e
reloadAllAccessors: .LMSAdaptive

===========================================================================================
----------------- testing Wed Jul 10 07:15:42 UTC 2019 /home/travis/build/icyphy/ptII/ptolemy/domains/sdf/lib/test/auto/LMSAdaptiveFIR.xml
----------------- Instantiating /home/travis/build/icyphy/ptII/ptolemy/domains/sdf/lib/test/auto/LMSAdaptiveFIR.xml
283 ms. Memory: 176128K Free: 156112K (89%)
----------------- Invoking toplevel() on ptolemy.moml.MoMLSimpleApplication@6e5848e7
----------------- Done invoking toplevel() on ptolemy.moml.MoMLSimpleApplication@6e5848e7
reloadAllAccessors: .LMSAdaptiveFIR

===========================================================================================
----------------- testing Wed Jul 10 07:15:43 UTC 2019 /home/travis/build/icyphy/ptII/ptolemy/domains/sdf/lib/test/auto/LMSAdaptiveFIR2.xml
----------------- Instantiating /home/travis/build/icyphy/ptII/ptolemy/domains/sdf/lib/test/auto/LMSAdaptiveFIR2.xml
354 ms. Memory: 176128K Free: 97744K (55%)
----------------- Invoking toplevel() on ptolemy.moml.MoMLSimpleApplication@5673fdd4
----------------- Done invoking toplevel() on ptolemy.moml.MoMLSimpleApplication@5673fdd4
reloadAllAccessors: .LMSAdaptiveFIR2

===========================================================================================
----------------- testing Wed Jul 10 07:15:43 UTC 2019 /home/travis/build/icyphy/ptII/ptolemy/domains/sdf/lib/test/auto/LongJoin.xml
----------------- Instantiating /home/travis/build/icyphy/ptII/ptolemy/domains/sdf/lib/test/auto/LongJoin.xml
3 ms. Memory: 176128K Free: 93648K (53%)
----------------- Invoking toplevel() on ptolemy.moml.MoMLSimpleApplication@2a1c2d93
----------------- Done invoking toplevel() on ptolemy.moml.MoMLSimpleApplication@2a1c2d93
reloadAllAccessors: .LongJoin

===========================================================================================
----------------- testing Wed Jul 10 07:15:43 UTC 2019 /home/travis/build/icyphy/ptII/ptolemy/domains/sdf/lib/test/auto/Matrix1.xml
----------------- Instantiating /home/travis/build/icyphy/ptII/ptolemy/domains/sdf/lib/test/auto/Matrix1.xml
6 ms. Memory: 176128K Free: 89552K (51%)
----------------- Invoking toplevel() on ptolemy.moml.MoMLSimpleApplication@3f95b096
----------------- Done invoking toplevel() on ptolemy.moml.MoMLSimpleApplication@3f95b096
reloadAllAccessors: .Matrix1

===========================================================================================
----------------- testing Wed Jul 10 07:15:43 UTC 2019 /home/travis/build/icyphy/ptII/ptolemy/domains/sdf/lib/test/auto/Matrix2.xml
----------------- Instantiating /home/travis/build/icyphy/ptII/ptolemy/domains/sdf/lib/test/auto/Matrix2.xml
2 ms. Memory: 176128K Free: 85966K (49%)
----------------- Invoking toplevel() on ptolemy.moml.MoMLSimpleApplication@261b6385
----------------- Done invoking toplevel() on ptolemy.moml.MoMLSimpleApplication@261b6385
reloadAllAccessors: .Matrix2

===========================================================================================
----------------- testing Wed Jul 10 07:15:43 UTC 2019 /home/travis/build/icyphy/ptII/ptolemy/domains/sdf/lib/test/auto/MatrixJoin1.xml
----------------- Instantiating /home/travis/build/icyphy/ptII/ptolemy/domains/sdf/lib/test/auto/MatrixJoin1.xml
3 ms. Memory: 176128K Free: 81360K (46%)
----------------- Invoking toplevel() on ptolemy.moml.MoMLSimpleApplication@67f792e4
----------------- Done invoking toplevel() on ptolemy.moml.MoMLSimpleApplication@67f792e4
reloadAllAccessors: .MatrixJoin1

===========================================================================================
----------------- testing Wed Jul 10 07:15:43 UTC 2019 /home/travis/build/icyphy/ptII/ptolemy/domains/sdf/lib/test/auto/MatrixJoin2.xml
----------------- Instantiating /home/travis/build/icyphy/ptII/ptolemy/domains/sdf/lib/test/auto/MatrixJoin2.xml
3 ms. Memory: 176128K Free: 77264K (44%)
----------------- Invoking toplevel() on ptolemy.moml.MoMLSimpleApplication@2a2cdebf
----------------- Done invoking toplevel() on ptolemy.moml.MoMLSimpleApplication@2a2cdebf
reloadAllAccessors: .MatrixJoin2

===========================================================================================
----------------- testing Wed Jul 10 07:15:43 UTC 2019 /home/travis/build/icyphy/ptII/ptolemy/domains/sdf/lib/test/auto/MatrixJoin3.xml
----------------- Instantiating /home/travis/build/icyphy/ptII/ptolemy/domains/sdf/lib/test/auto/MatrixJoin3.xml
6 ms. Memory: 176128K Free: 72654K (41%)
----------------- Invoking toplevel() on ptolemy.moml.MoMLSimpleApplication@1301f78e
----------------- Done invoking toplevel() on ptolemy.moml.MoMLSimpleApplication@1301f78e
reloadAllAccessors: .MatrixJoin3

===========================================================================================
----------------- testing Wed Jul 10 07:15:43 UTC 2019 /home/travis/build/icyphy/ptII/ptolemy/domains/sdf/lib/test/auto/MatrixJoin4.xml
----------------- Instantiating /home/travis/build/icyphy/ptII/ptolemy/domains/sdf/lib/test/auto/MatrixJoin4.xml
2 ms. Memory: 176128K Free: 68558K (39%)
----------------- Invoking toplevel() on ptolemy.moml.MoMLSimpleApplication@7606bc54
----------------- Done invoking toplevel() on ptolemy.moml.MoMLSimpleApplication@7606bc54
reloadAllAccessors: .MatrixJoin4

===========================================================================================
----------------- testing Wed Jul 10 07:15:43 UTC 2019 /home/travis/build/icyphy/ptII/ptolemy/domains/sdf/lib/test/auto/MatrixJoin5.xml
----------------- Instantiating /home/travis/build/icyphy/ptII/ptolemy/domains/sdf/lib/test/auto/MatrixJoin5.xml
1 ms. Memory: 176128K Free: 63952K (36%)
----------------- Invoking toplevel() on ptolemy.moml.MoMLSimpleApplication@5559e7f8
----------------- Done invoking toplevel() on ptolemy.moml.MoMLSimpleApplication@5559e7f8
reloadAllAccessors: .MatrixJoin5

===========================================================================================
----------------- testing Wed Jul 10 07:15:43 UTC 2019 /home/travis/build/icyphy/ptII/ptolemy/domains/sdf/lib/test/auto/MatrixSplit1.xml
----------------- Instantiating /home/travis/build/icyphy/ptII/ptolemy/domains/sdf/lib/test/auto/MatrixSplit1.xml
3 ms. Memory: 231424K Free: 214899K (93%)
----------------- Invoking toplevel() on ptolemy.moml.MoMLSimpleApplication@69954663
----------------- Done invoking toplevel() on ptolemy.moml.MoMLSimpleApplication@69954663
reloadAllAccessors: .MatrixSplit1

===========================================================================================
----------------- testing Wed Jul 10 07:15:43 UTC 2019 /home/travis/build/icyphy/ptII/ptolemy/domains/sdf/lib/test/auto/MatrixSplit10.xml
----------------- Instantiating /home/travis/build/icyphy/ptII/ptolemy/domains/sdf/lib/test/auto/MatrixSplit10.xml
3 ms. Memory: 231424K Free: 211317K (91%)
----------------- Invoking toplevel() on ptolemy.moml.MoMLSimpleApplication@2708350c
----------------- Done invoking toplevel() on ptolemy.moml.MoMLSimpleApplication@2708350c
reloadAllAccessors: .MatrixSplit10

===========================================================================================
----------------- testing Wed Jul 10 07:15:43 UTC 2019 /home/travis/build/icyphy/ptII/ptolemy/domains/sdf/lib/test/auto/MatrixSplit11.xml
----------------- Instantiating /home/travis/build/icyphy/ptII/ptolemy/domains/sdf/lib/test/auto/MatrixSplit11.xml
2 ms. Memory: 231424K Free: 207731K (90%)
----------------- Invoking toplevel() on ptolemy.moml.MoMLSimpleApplication@78bb14b0
----------------- Done invoking toplevel() on ptolemy.moml.MoMLSimpleApplication@78bb14b0
reloadAllAccessors: .MatrixSplit11

===========================================================================================
----------------- testing Wed Jul 10 07:15:43 UTC 2019 /home/travis/build/icyphy/ptII/ptolemy/domains/sdf/lib/test/auto/MatrixSplit12.xml
----------------- Instantiating /home/travis/build/icyphy/ptII/ptolemy/domains/sdf/lib/test/auto/MatrixSplit12.xml
2 ms. Memory: 231424K Free: 204659K (88%)
----------------- Invoking toplevel() on ptolemy.moml.MoMLSimpleApplication@57266a5e
----------------- Done invoking toplevel() on ptolemy.moml.MoMLSimpleApplication@57266a5e
reloadAllAccessors: .MatrixSplit12

===========================================================================================
----------------- testing Wed Jul 10 07:15:43 UTC 2019 /home/travis/build/icyphy/ptII/ptolemy/domains/sdf/lib/test/auto/MatrixSplit13.xml
----------------- Instantiating /home/travis/build/icyphy/ptII/ptolemy/domains/sdf/lib/test/auto/MatrixSplit13.xml
7 ms. Memory: 231424K Free: 201077K (87%)
----------------- Invoking toplevel() on ptolemy.moml.MoMLSimpleApplication@39344226
----------------- Done invoking toplevel() on ptolemy.moml.MoMLSimpleApplication@39344226
reloadAllAccessors: .MatrixSplit13

===========================================================================================
----------------- testing Wed Jul 10 07:15:43 UTC 2019 /home/travis/build/icyphy/ptII/ptolemy/domains/sdf/lib/test/auto/MatrixSplit14.xml
----------------- Instantiating /home/travis/build/icyphy/ptII/ptolemy/domains/sdf/lib/test/auto/MatrixSplit14.xml
2 ms. Memory: 231424K Free: 198005K (86%)
----------------- Invoking toplevel() on ptolemy.moml.MoMLSimpleApplication@cad4239
----------------- Done invoking toplevel() on ptolemy.moml.MoMLSimpleApplication@cad4239
reloadAllAccessors: .MatrixSplit14

===========================================================================================
----------------- testing Wed Jul 10 07:15:43 UTC 2019 /home/travis/build/icyphy/ptII/ptolemy/domains/sdf/lib/test/auto/MatrixSplit2.xml
----------------- Instantiating /home/travis/build/icyphy/ptII/ptolemy/domains/sdf/lib/test/auto/MatrixSplit2.xml
2 ms. Memory: 231424K Free: 194419K (84%)
----------------- Invoking toplevel() on ptolemy.moml.MoMLSimpleApplication@7c0a58c1
----------------- Done invoking toplevel() on ptolemy.moml.MoMLSimpleApplication@7c0a58c1
reloadAllAccessors: .MatrixSplit2

===========================================================================================
----------------- testing Wed Jul 10 07:15:43 UTC 2019 /home/travis/build/icyphy/ptII/ptolemy/domains/sdf/lib/test/auto/MatrixSplit3.xml
----------------- Instantiating /home/travis/build/icyphy/ptII/ptolemy/domains/sdf/lib/test/auto/MatrixSplit3.xml
4 ms. Memory: 231424K Free: 191347K (83%)
----------------- Invoking toplevel() on ptolemy.moml.MoMLSimpleApplication@2a49707b
----------------- Done invoking toplevel() on ptolemy.moml.MoMLSimpleApplication@2a49707b
reloadAllAccessors: .MatrixSplit3

===========================================================================================
----------------- testing Wed Jul 10 07:15:44 UTC 2019 /home/travis/build/icyphy/ptII/ptolemy/domains/sdf/lib/test/auto/MatrixSplit4.xml
----------------- Instantiating /home/travis/build/icyphy/ptII/ptolemy/domains/sdf/lib/test/auto/MatrixSplit4.xml
2 ms. Memory: 231424K Free: 187765K (81%)
----------------- Invoking toplevel() on ptolemy.moml.MoMLSimpleApplication@544ca8ef
----------------- Done invoking toplevel() on ptolemy.moml.MoMLSimpleApplication@544ca8ef
reloadAllAccessors: .MatrixSplit4

===========================================================================================
----------------- testing Wed Jul 10 07:15:44 UTC 2019 /home/travis/build/icyphy/ptII/ptolemy/domains/sdf/lib/test/auto/MatrixSplit5.xml
----------------- Instantiating /home/travis/build/icyphy/ptII/ptolemy/domains/sdf/lib/test/auto/MatrixSplit5.xml
7 ms. Memory: 231424K Free: 184693K (80%)
----------------- Invoking toplevel() on ptolemy.moml.MoMLSimpleApplication@58164d44
----------------- Done invoking toplevel() on ptolemy.moml.MoMLSimpleApplication@58164d44
reloadAllAccessors: .MatrixSplit5

===========================================================================================
----------------- testing Wed Jul 10 07:15:44 UTC 2019 /home/travis/build/icyphy/ptII/ptolemy/domains/sdf/lib/test/auto/MatrixSplit6.xml
----------------- Instantiating /home/travis/build/icyphy/ptII/ptolemy/domains/sdf/lib/test/auto/MatrixSplit6.xml
3 ms. Memory: 231424K Free: 181107K (78%)
----------------- Invoking toplevel() on ptolemy.moml.MoMLSimpleApplication@2633bea6
----------------- Done invoking toplevel() on ptolemy.moml.MoMLSimpleApplication@2633bea6
reloadAllAccessors: .MatrixSplit6

===========================================================================================
----------------- testing Wed Jul 10 07:15:44 UTC 2019 /home/travis/build/icyphy/ptII/ptolemy/domains/sdf/lib/test/auto/MatrixSplit7.xml
----------------- Instantiating /home/travis/build/icyphy/ptII/ptolemy/domains/sdf/lib/test/auto/MatrixSplit7.xml
1 ms. Memory: 231424K Free: 178035K (77%)
----------------- Invoking toplevel() on ptolemy.moml.MoMLSimpleApplication@1f794c42
----------------- Done invoking toplevel() on ptolemy.moml.MoMLSimpleApplication@1f794c42
reloadAllAccessors: .MatrixSplit7

===========================================================================================
----------------- testing Wed Jul 10 07:15:44 UTC 2019 /home/travis/build/icyphy/ptII/ptolemy/domains/sdf/lib/test/auto/MatrixSplit8.xml
----------------- Instantiating /home/travis/build/icyphy/ptII/ptolemy/domains/sdf/lib/test/auto/MatrixSplit8.xml
1 ms. Memory: 231424K Free: 174453K (75%)
----------------- Invoking toplevel() on ptolemy.moml.MoMLSimpleApplication@7e270a3c
----------------- Done invoking toplevel() on ptolemy.moml.MoMLSimpleApplication@7e270a3c
reloadAllAccessors: .MatrixSplit8

===========================================================================================
----------------- testing Wed Jul 10 07:15:44 UTC 2019 /home/travis/build/icyphy/ptII/ptolemy/domains/sdf/lib/test/auto/MatrixSplit9.xml
----------------- Instantiating /home/travis/build/icyphy/ptII/ptolemy/domains/sdf/lib/test/auto/MatrixSplit9.xml
5 ms. Memory: 231424K Free: 171381K (74%)
----------------- Invoking toplevel() on ptolemy.moml.MoMLSimpleApplication@11e4abd6
----------------- Done invoking toplevel() on ptolemy.moml.MoMLSimpleApplication@11e4abd6
reloadAllAccessors: .MatrixSplit9

===========================================================================================
----------------- testing Wed Jul 10 07:15:44 UTC 2019 /home/travis/build/icyphy/ptII/ptolemy/domains/sdf/lib/test/auto/MatrixToSequence.xml
----------------- Instantiating /home/travis/build/icyphy/ptII/ptolemy/domains/sdf/lib/test/auto/MatrixToSequence.xml
13 ms. Memory: 231424K Free: 162163K (70%)
----------------- Invoking toplevel() on ptolemy.moml.MoMLSimpleApplication@48c3a44b
----------------- Done invoking toplevel() on ptolemy.moml.MoMLSimpleApplication@48c3a44b
reloadAllAccessors: .MatrixToSequence

===========================================================================================
----------------- testing Wed Jul 10 07:15:44 UTC 2019 /home/travis/build/icyphy/ptII/ptolemy/domains/sdf/lib/test/auto/MaximumEntropySpectrum.xml
----------------- Instantiating /home/travis/build/icyphy/ptII/ptolemy/domains/sdf/lib/test/auto/MaximumEntropySpectrum.xml
13 ms. Memory: 231424K Free: 141685K (61%)
----------------- Invoking toplevel() on ptolemy.moml.MoMLSimpleApplication@51175f0b
----------------- Done invoking toplevel() on ptolemy.moml.MoMLSimpleApplication@51175f0b
reloadAllAccessors: .MaximumEntropySpectrum

===========================================================================================
----------------- testing Wed Jul 10 07:15:44 UTC 2019 /home/travis/build/icyphy/ptII/ptolemy/domains/sdf/lib/test/auto/SampleDelayConversion.xml
----------------- Instantiating /home/travis/build/icyphy/ptII/ptolemy/domains/sdf/lib/test/auto/SampleDelayConversion.xml
2 ms. Memory: 231424K Free: 137589K (59%)
----------------- Invoking toplevel() on ptolemy.moml.MoMLSimpleApplication@787ca64e
----------------- Done invoking toplevel() on ptolemy.moml.MoMLSimpleApplication@787ca64e
reloadAllAccessors: .SampleDelayConversion

===========================================================================================
----------------- testing Wed Jul 10 07:15:44 UTC 2019 /home/travis/build/icyphy/ptII/ptolemy/domains/sdf/lib/test/auto/SequenceToArray.xml
----------------- Instantiating /home/travis/build/icyphy/ptII/ptolemy/domains/sdf/lib/test/auto/SequenceToArray.xml
9 ms. Memory: 231424K Free: 126805K (55%)
----------------- Invoking toplevel() on ptolemy.moml.MoMLSimpleApplication@7758fc04
----------------- Done invoking toplevel() on ptolemy.moml.MoMLSimpleApplication@7758fc04
reloadAllAccessors: .SequenceToArray

===========================================================================================
----------------- testing Wed Jul 10 07:15:44 UTC 2019 /home/travis/build/icyphy/ptII/ptolemy/domains/sdf/lib/test/auto/SequenceToMatrix.xml
----------------- Instantiating /home/travis/build/icyphy/ptII/ptolemy/domains/sdf/lib/test/auto/SequenceToMatrix.xml
3419 ms. Memory: 231424K Free: 151500K (65%)
----------------- Invoking toplevel() on ptolemy.moml.MoMLSimpleApplication@e7219fc
----------------- Done invoking toplevel() on ptolemy.moml.MoMLSimpleApplication@e7219fc
reloadAllAccessors: .SequenceToMatrix

===========================================================================================
----------------- testing Wed Jul 10 07:15:47 UTC 2019 /home/travis/build/icyphy/ptII/ptolemy/domains/sdf/lib/test/auto/SmoothedPeriodogram.xml
----------------- Instantiating /home/travis/build/icyphy/ptII/ptolemy/domains/sdf/lib/test/auto/SmoothedPeriodogram.xml
13 ms. Memory: 231424K Free: 136140K (59%)
----------------- Invoking toplevel() on ptolemy.moml.MoMLSimpleApplication@6e3d3a29
----------------- Done invoking toplevel() on ptolemy.moml.MoMLSimpleApplication@6e3d3a29
reloadAllAccessors: .SmoothedPeriodogram

===========================================================================================
----------------- testing Wed Jul 10 07:15:47 UTC 2019 /home/travis/build/icyphy/ptII/ptolemy/domains/sdf/lib/test/auto/UpDownSample1.xml
----------------- Instantiating /home/travis/build/icyphy/ptII/ptolemy/domains/sdf/lib/test/auto/UpDownSample1.xml
2 ms. Memory: 231424K Free: 132042K (57%)
----------------- Invoking toplevel() on ptolemy.moml.MoMLSimpleApplication@70fbe246
----------------- Done invoking toplevel() on ptolemy.moml.MoMLSimpleApplication@70fbe246
reloadAllAccessors: .UpDownSample1

===========================================================================================
----------------- testing Wed Jul 10 07:15:47 UTC 2019 /home/travis/build/icyphy/ptII/ptolemy/domains/sdf/lib/test/auto/UpSample1.xml
----------------- Instantiating /home/travis/build/icyphy/ptII/ptolemy/domains/sdf/lib/test/auto/UpSample1.xml
4 ms. Memory: 231424K Free: 128972K (56%)
----------------- Invoking toplevel() on ptolemy.moml.MoMLSimpleApplication@79e33f1
----------------- Done invoking toplevel() on ptolemy.moml.MoMLSimpleApplication@79e33f1
reloadAllAccessors: .UpSample1

===========================================================================================
----------------- testing Wed Jul 10 07:15:47 UTC 2019 /home/travis/build/icyphy/ptII/ptolemy/domains/sdf/lib/test/auto/VariableFIR.xml
----------------- Instantiating /home/travis/build/icyphy/ptII/ptolemy/domains/sdf/lib/test/auto/VariableFIR.xml
4 ms. Memory: 231424K Free: 123338K (53%)
----------------- Invoking toplevel() on ptolemy.moml.MoMLSimpleApplication@2fc8995d
----------------- Done invoking toplevel() on ptolemy.moml.MoMLSimpleApplication@2fc8995d
reloadAllAccessors: .VariableFIR

===========================================================================================
----------------- testing Wed Jul 10 07:15:47 UTC 2019 /home/travis/build/icyphy/ptII/ptolemy/domains/sdf/lib/test/auto/VariableFIR2.xml
----------------- Instantiating /home/travis/build/icyphy/ptII/ptolemy/domains/sdf/lib/test/auto/VariableFIR2.xml
2 ms. Memory: 231424K Free: 118732K (51%)
----------------- Invoking toplevel() on ptolemy.moml.MoMLSimpleApplication@171e0b54
----------------- Done invoking toplevel() on ptolemy.moml.MoMLSimpleApplication@171e0b54
reloadAllAccessors: .VariableFIR2

===========================================================================================
----------------- testing Wed Jul 10 07:15:47 UTC 2019 /home/travis/build/icyphy/ptII/ptolemy/domains/sdf/lib/test/auto/VariableLattice.xml
----------------- Instantiating /home/travis/build/icyphy/ptII/ptolemy/domains/sdf/lib/test/auto/VariableLattice.xml
4 ms. Memory: 231424K Free: 112074K (48%)
----------------- Invoking toplevel() on ptolemy.moml.MoMLSimpleApplication@560308ca
----------------- Done invoking toplevel() on ptolemy.moml.MoMLSimpleApplication@560308ca
reloadAllAccessors: .VariableLattice

===========================================================================================
----------------- testing Wed Jul 10 07:15:48 UTC 2019 /home/travis/build/icyphy/ptII/ptolemy/domains/sdf/lib/test/auto/VariableLattice2.xml
----------------- Instantiating /home/travis/build/icyphy/ptII/ptolemy/domains/sdf/lib/test/auto/VariableLattice2.xml
1.0
-1.999999602036
1.9099998677481
-0.9099996420674
0.205
0.0
0.0
1.0
-0.25
-0.5
0.0
0.0
0.0
0.0
7 ms. Memory: 231424K Free: 107978K (47%)
----------------- Invoking toplevel() on ptolemy.moml.MoMLSimpleApplication@285a0440
----------------- Done invoking toplevel() on ptolemy.moml.MoMLSimpleApplication@285a0440
reloadAllAccessors: .VariableLattice2

===========================================================================================
----------------- testing Wed Jul 10 07:15:48 UTC 2019 /home/travis/build/icyphy/ptII/ptolemy/domains/sdf/lib/test/auto/VariableRecursiveLattice.xml
----------------- Instantiating /home/travis/build/icyphy/ptII/ptolemy/domains/sdf/lib/test/auto/VariableRecursiveLattice.xml
4 ms. Memory: 231424K Free: 103372K (45%)
----------------- Invoking toplevel() on ptolemy.moml.MoMLSimpleApplication@377b7c78
----------------- Done invoking toplevel() on ptolemy.moml.MoMLSimpleApplication@377b7c78
reloadAllAccessors: .VariableRecursiveLattice

===========================================================================================
----------------- testing Wed Jul 10 07:15:48 UTC 2019 /home/travis/build/icyphy/ptII/ptolemy/domains/sdf/lib/test/auto/VariableRecursiveLattice2.xml
----------------- Instantiating /home/travis/build/icyphy/ptII/ptolemy/domains/sdf/lib/test/auto/VariableRecursiveLattice2.xml
2 ms. Memory: 231424K Free: 99276K (43%)
----------------- Invoking toplevel() on ptolemy.moml.MoMLSimpleApplication@67e0199d
----------------- Done invoking toplevel() on ptolemy.moml.MoMLSimpleApplication@67e0199d
reloadAllAccessors: .VariableRecursiveLattice2
AutoTests.java: About to close Vertx.
AutoTests.java: Vertx closed.
]]></system-out>
  <system-err><![CDATA[]]></system-err>
</testsuite>
