<?xml version="1.0" encoding="UTF-8" ?>
<testsuite errors="0" failures="0" hostname="travis-job-1db4173d-5ef4-45dc-b279-04da2c356d33" name="ptolemy.domains.de.test.junit.JUnitTclTest" skipped="0" tests="101" time="130.179" timestamp="2018-07-27T01:44:23">
  <properties>
[...]
</properties>
  <testcase classname="ptolemy.util.test.junit.TclTests" name="[0] /home/travis/build/icyphy/ptII/ptolemy/domains/de/test/DependencyLoop.tcl (RunTclFile)" time="0.756" />
  <testcase classname="ptolemy.util.test.junit.TclTests" name="[1] /home/travis/build/icyphy/ptII/ptolemy/domains/de/test/RunDETestsAsQSS.tcl (RunTclFile)" time="89.84" />
  <testcase classname="ptolemy.util.test.junit.AutoKnownFailedTests" name="[0] /home/travis/build/icyphy/ptII/ptolemy/domains/de/test/auto/knownFailedTests/DESDFClockTest.xml (RunModel)" time="2.028" />
  <testcase classname="ptolemy.util.test.junit.AutoKnownFailedTests" name="[1] /home/travis/build/icyphy/ptII/ptolemy/domains/de/test/auto/knownFailedTests/DirectFeedback.xml (RunModel)" time="0.006" />
  <testcase classname="ptolemy.util.test.junit.AutoKnownFailedTests" name="[2] /home/travis/build/icyphy/ptII/ptolemy/domains/de/test/auto/knownFailedTests/FSMSource.xml (RunModel)" time="0.012" />
  <testcase classname="ptolemy.util.test.junit.AutoKnownFailedTests" name="[3] /home/travis/build/icyphy/ptII/ptolemy/domains/de/test/auto/knownFailedTests/HierarchicalModel.xml (RunModel)" time="0.039" />
  <testcase classname="ptolemy.util.test.junit.AutoKnownFailedTests" name="[4] /home/travis/build/icyphy/ptII/ptolemy/domains/de/test/auto/knownFailedTests/dependencyLoop.xml (RunModel)" time="0.028" />
  <testcase classname="ptolemy.util.test.junit.AutoKnownFailedTests" name="[5] /home/travis/build/icyphy/ptII/ptolemy/domains/de/test/auto/knownFailedTests/dependencyLoop2.xml (RunModel)" time="0.025" />
  <testcase classname="ptolemy.util.test.junit.AutoNameArchTests" name="[0] ThereAreNoAutoArchTests (RunModel)" time="0.002" />
  <testcase classname="ptolemy.util.test.junit.AutoTests" name="[0] /home/travis/build/icyphy/ptII/ptolemy/domains/de/test/auto/ActorDepthCalculation_actorWithoutPorts.xml (RunModel)" time="0.01" />
  <testcase classname="ptolemy.util.test.junit.AutoTests" name="[1] /home/travis/build/icyphy/ptII/ptolemy/domains/de/test/auto/AssemblyLine.xml (RunModel)" time="0.013" />
  <testcase classname="ptolemy.util.test.junit.AutoTests" name="[2] /home/travis/build/icyphy/ptII/ptolemy/domains/de/test/auto/CQBug1.xml (RunModel)" time="0.01" />
  <testcase classname="ptolemy.util.test.junit.AutoTests" name="[3] /home/travis/build/icyphy/ptII/ptolemy/domains/de/test/auto/CancelFireAt.xml (RunModel)" time="0.004" />
  <testcase classname="ptolemy.util.test.junit.AutoTests" name="[4] /home/travis/build/icyphy/ptII/ptolemy/domains/de/test/auto/CausalityAndComposabilityAnalysis.xml (RunModel)" time="0.008" />
  <testcase classname="ptolemy.util.test.junit.AutoTests" name="[5] /home/travis/build/icyphy/ptII/ptolemy/domains/de/test/auto/CausalityInterface1.xml (RunModel)" time="0.009" />
  <testcase classname="ptolemy.util.test.junit.AutoTests" name="[6] /home/travis/build/icyphy/ptII/ptolemy/domains/de/test/auto/CausalityInterface15.xml (RunModel)" time="0.011" />
  <testcase classname="ptolemy.util.test.junit.AutoTests" name="[7] /home/travis/build/icyphy/ptII/ptolemy/domains/de/test/auto/CausalityInterface2.xml (RunModel)" time="0.008" />
  <testcase classname="ptolemy.util.test.junit.AutoTests" name="[8] /home/travis/build/icyphy/ptII/ptolemy/domains/de/test/auto/CausalityInterface3.xml (RunModel)" time="0.008" />
  <testcase classname="ptolemy.util.test.junit.AutoTests" name="[9] /home/travis/build/icyphy/ptII/ptolemy/domains/de/test/auto/ClockDrift.xml (RunModel)" time="0.024" />
  <testcase classname="ptolemy.util.test.junit.AutoTests" name="[10] /home/travis/build/icyphy/ptII/ptolemy/domains/de/test/auto/ClockDriftAndValueChange.xml (RunModel)" time="0.021" />
  <testcase classname="ptolemy.util.test.junit.AutoTests" name="[11] /home/travis/build/icyphy/ptII/ptolemy/domains/de/test/auto/ClockDriftChange.xml (RunModel)" time="0.019" />
  <testcase classname="ptolemy.util.test.junit.AutoTests" name="[12] /home/travis/build/icyphy/ptII/ptolemy/domains/de/test/auto/ComposableCausalityAnalysis.xml (RunModel)" time="0.011" />
  <testcase classname="ptolemy.util.test.junit.AutoTests" name="[13] /home/travis/build/icyphy/ptII/ptolemy/domains/de/test/auto/DEFixedPointLimitation.xml (RunModel)" time="0.006" />
  <testcase classname="ptolemy.util.test.junit.AutoTests" name="[14] /home/travis/build/icyphy/ptII/ptolemy/domains/de/test/auto/DEScheduleTest.xml (RunModel)" time="0.022" />
  <testcase classname="ptolemy.util.test.junit.AutoTests" name="[15] /home/travis/build/icyphy/ptII/ptolemy/domains/de/test/auto/DEinDEwithStartTimes.xml (RunModel)" time="0.012" />
  <testcase classname="ptolemy.util.test.junit.AutoTests" name="[16] /home/travis/build/icyphy/ptII/ptolemy/domains/de/test/auto/DEinDEwithStartTimes2.xml (RunModel)" time="0.017" />
  <testcase classname="ptolemy.util.test.junit.AutoTests" name="[17] /home/travis/build/icyphy/ptII/ptolemy/domains/de/test/auto/DateDemo.xml (RunModel)" time="0.031" />
  <testcase classname="ptolemy.util.test.junit.AutoTests" name="[18] /home/travis/build/icyphy/ptII/ptolemy/domains/de/test/auto/DateToEvent.xml (RunModel)" time="2.038" />
  <testcase classname="ptolemy.util.test.junit.AutoTests" name="[19] /home/travis/build/icyphy/ptII/ptolemy/domains/de/test/auto/DepthTest1.xml (RunModel)" time="0.011" />
  <testcase classname="ptolemy.util.test.junit.AutoTests" name="[20] /home/travis/build/icyphy/ptII/ptolemy/domains/de/test/auto/DepthTest2.xml (RunModel)" time="0.021" />
  <testcase classname="ptolemy.util.test.junit.AutoTests" name="[21] /home/travis/build/icyphy/ptII/ptolemy/domains/de/test/auto/DepthTest3.xml (RunModel)" time="0.007" />
  <testcase classname="ptolemy.util.test.junit.AutoTests" name="[22] /home/travis/build/icyphy/ptII/ptolemy/domains/de/test/auto/DepthTest4.xml (RunModel)" time="0.011" />
  <testcase classname="ptolemy.util.test.junit.AutoTests" name="[23] /home/travis/build/icyphy/ptII/ptolemy/domains/de/test/auto/DepthTest5.xml (RunModel)" time="0.012" />
  <testcase classname="ptolemy.util.test.junit.AutoTests" name="[24] /home/travis/build/icyphy/ptII/ptolemy/domains/de/test/auto/DepthTest6.xml (RunModel)" time="0.012" />
  <testcase classname="ptolemy.util.test.junit.AutoTests" name="[25] /home/travis/build/icyphy/ptII/ptolemy/domains/de/test/auto/DepthTest7.xml (RunModel)" time="0.016" />
  <testcase classname="ptolemy.util.test.junit.AutoTests" name="[26] /home/travis/build/icyphy/ptII/ptolemy/domains/de/test/auto/EventToDate.xml (RunModel)" time="3.036" />
  <testcase classname="ptolemy.util.test.junit.AutoTests" name="[27] /home/travis/build/icyphy/ptII/ptolemy/domains/de/test/auto/FSM1.xml (RunModel)" time="0.024" />
  <testcase classname="ptolemy.util.test.junit.AutoTests" name="[28] /home/travis/build/icyphy/ptII/ptolemy/domains/de/test/auto/FSM7.xml (RunModel)" time="0.04" />
  <testcase classname="ptolemy.util.test.junit.AutoTests" name="[29] /home/travis/build/icyphy/ptII/ptolemy/domains/de/test/auto/Inspection.xml (RunModel)" time="0.037" />
  <testcase classname="ptolemy.util.test.junit.AutoTests" name="[30] /home/travis/build/icyphy/ptII/ptolemy/domains/de/test/auto/Iteration.xml (RunModel)" time="0.019" />
  <testcase classname="ptolemy.util.test.junit.AutoTests" name="[31] /home/travis/build/icyphy/ptII/ptolemy/domains/de/test/auto/LineFault.xml (RunModel)" time="0.444" />
  <testcase classname="ptolemy.util.test.junit.AutoTests" name="[32] /home/travis/build/icyphy/ptII/ptolemy/domains/de/test/auto/MergeModel1Add.xml (RunModel)" time="0.034" />
  <testcase classname="ptolemy.util.test.junit.AutoTests" name="[33] /home/travis/build/icyphy/ptII/ptolemy/domains/de/test/auto/MergeModel2Add.xml (RunModel)" time="0.03" />
  <testcase classname="ptolemy.util.test.junit.AutoTests" name="[34] /home/travis/build/icyphy/ptII/ptolemy/domains/de/test/auto/MergeModel3Add.xml (RunModel)" time="0.027" />
  <testcase classname="ptolemy.util.test.junit.AutoTests" name="[35] /home/travis/build/icyphy/ptII/ptolemy/domains/de/test/auto/MergeWithoutDiscard.xml (RunModel)" time="0.007" />
  <testcase classname="ptolemy.util.test.junit.AutoTests" name="[36] /home/travis/build/icyphy/ptII/ptolemy/domains/de/test/auto/Modal1.xml (RunModel)" time="0.025" />
  <testcase classname="ptolemy.util.test.junit.AutoTests" name="[37] /home/travis/build/icyphy/ptII/ptolemy/domains/de/test/auto/Modal2.xml (RunModel)" time="0.022" />
  <testcase classname="ptolemy.util.test.junit.AutoTests" name="[38] /home/travis/build/icyphy/ptII/ptolemy/domains/de/test/auto/Modal3.xml (RunModel)" time="0.02" />
  <testcase classname="ptolemy.util.test.junit.AutoTests" name="[39] /home/travis/build/icyphy/ptII/ptolemy/domains/de/test/auto/Modal4.xml (RunModel)" time="0.021" />
  <testcase classname="ptolemy.util.test.junit.AutoTests" name="[40] /home/travis/build/icyphy/ptII/ptolemy/domains/de/test/auto/Modal5.xml (RunModel)" time="0.023" />
  <testcase classname="ptolemy.util.test.junit.AutoTests" name="[41] /home/travis/build/icyphy/ptII/ptolemy/domains/de/test/auto/Modal6.xml (RunModel)" time="0.022" />
  <testcase classname="ptolemy.util.test.junit.AutoTests" name="[42] /home/travis/build/icyphy/ptII/ptolemy/domains/de/test/auto/Modal7.xml (RunModel)" time="0.023" />
  <testcase classname="ptolemy.util.test.junit.AutoTests" name="[43] /home/travis/build/icyphy/ptII/ptolemy/domains/de/test/auto/ModalModel.xml (RunModel)" time="0.13" />
  <testcase classname="ptolemy.util.test.junit.AutoTests" name="[44] /home/travis/build/icyphy/ptII/ptolemy/domains/de/test/auto/ModalSource.xml (RunModel)" time="0.013" />
  <testcase classname="ptolemy.util.test.junit.AutoTests" name="[45] /home/travis/build/icyphy/ptII/ptolemy/domains/de/test/auto/NonInterruptibleTimerZeroDelay.xml (RunModel)" time="0.007" />
  <testcase classname="ptolemy.util.test.junit.AutoTests" name="[46] /home/travis/build/icyphy/ptII/ptolemy/domains/de/test/auto/OpenQueueingNetwork.xml (RunModel)" time="2.291" />
  <testcase classname="ptolemy.util.test.junit.AutoTests" name="[47] /home/travis/build/icyphy/ptII/ptolemy/domains/de/test/auto/OpenQueuingNetwork.xml (RunModel)" time="0.307" />
  <testcase classname="ptolemy.util.test.junit.AutoTests" name="[48] /home/travis/build/icyphy/ptII/ptolemy/domains/de/test/auto/PeriodicSampler.xml (RunModel)" time="0.008" />
  <testcase classname="ptolemy.util.test.junit.AutoTests" name="[49] /home/travis/build/icyphy/ptII/ptolemy/domains/de/test/auto/PersistentIO.xml (RunModel)" time="0.028" />
  <testcase classname="ptolemy.util.test.junit.AutoTests" name="[50] /home/travis/build/icyphy/ptII/ptolemy/domains/de/test/auto/PortParameterResetOnInitialize.xml (RunModel)" time="0.01" />
  <testcase classname="ptolemy.util.test.junit.AutoTests" name="[51] /home/travis/build/icyphy/ptII/ptolemy/domains/de/test/auto/PortParameterUpdates.xml (RunModel)" time="0.015" />
  <testcase classname="ptolemy.util.test.junit.AutoTests" name="[52] /home/travis/build/icyphy/ptII/ptolemy/domains/de/test/auto/QueueAndServer.xml (RunModel)" time="0.023" />
  <testcase classname="ptolemy.util.test.junit.AutoTests" name="[53] /home/travis/build/icyphy/ptII/ptolemy/domains/de/test/auto/Records.xml (RunModel)" time="0.013" />
  <testcase classname="ptolemy.util.test.junit.AutoTests" name="[54] /home/travis/build/icyphy/ptII/ptolemy/domains/de/test/auto/ResetTransitionWithStartTime1.xml (RunModel)" time="0.018" />
  <testcase classname="ptolemy.util.test.junit.AutoTests" name="[55] /home/travis/build/icyphy/ptII/ptolemy/domains/de/test/auto/ResetTransitionWithStartTime2.xml (RunModel)" time="0.019" />
  <testcase classname="ptolemy.util.test.junit.AutoTests" name="[56] /home/travis/build/icyphy/ptII/ptolemy/domains/de/test/auto/ResetTransitionWithStartTime3.xml (RunModel)" time="0.021" />
  <testcase classname="ptolemy.util.test.junit.AutoTests" name="[57] /home/travis/build/icyphy/ptII/ptolemy/domains/de/test/auto/ResetTransitionWithStartTime4.xml (RunModel)" time="0.02" />
  <testcase classname="ptolemy.util.test.junit.AutoTests" name="[58] /home/travis/build/icyphy/ptII/ptolemy/domains/de/test/auto/ResettableTimer1.xml (RunModel)" time="0.011" />
  <testcase classname="ptolemy.util.test.junit.AutoTests" name="[59] /home/travis/build/icyphy/ptII/ptolemy/domains/de/test/auto/ResettableTimer2.xml (RunModel)" time="0.011" />
  <testcase classname="ptolemy.util.test.junit.AutoTests" name="[60] /home/travis/build/icyphy/ptII/ptolemy/domains/de/test/auto/ResettableTimer3.xml (RunModel)" time="0.009" />
  <testcase classname="ptolemy.util.test.junit.AutoTests" name="[61] /home/travis/build/icyphy/ptII/ptolemy/domains/de/test/auto/ResettableTimer4.xml (RunModel)" time="0.01" />
  <testcase classname="ptolemy.util.test.junit.AutoTests" name="[62] /home/travis/build/icyphy/ptII/ptolemy/domains/de/test/auto/ResettableTimer5.xml (RunModel)" time="0.01" />
  <testcase classname="ptolemy.util.test.junit.AutoTests" name="[63] /home/travis/build/icyphy/ptII/ptolemy/domains/de/test/auto/ResettableTimer6.xml (RunModel)" time="0.015" />
  <testcase classname="ptolemy.util.test.junit.AutoTests" name="[64] /home/travis/build/icyphy/ptII/ptolemy/domains/de/test/auto/ServerZeroDelay.xml (RunModel)" time="0.015" />
  <testcase classname="ptolemy.util.test.junit.AutoTests" name="[65] /home/travis/build/icyphy/ptII/ptolemy/domains/de/test/auto/SmartSender.xml (RunModel)" time="3.009" />
  <testcase classname="ptolemy.util.test.junit.AutoTests" name="[66] /home/travis/build/icyphy/ptII/ptolemy/domains/de/test/auto/ThreadedComposite.xml (RunModel)" time="0.145" />
  <testcase classname="ptolemy.util.test.junit.AutoTests" name="[67] /home/travis/build/icyphy/ptII/ptolemy/domains/de/test/auto/Time.xml (RunModel)" time="0.47" />
  <testcase classname="ptolemy.util.test.junit.AutoTests" name="[68] /home/travis/build/icyphy/ptII/ptolemy/domains/de/test/auto/TimeDelayZeroDelay.xml (RunModel)" time="0.01" />
  <testcase classname="ptolemy.util.test.junit.AutoTests" name="[69] /home/travis/build/icyphy/ptII/ptolemy/domains/de/test/auto/TimerZeroDelay.xml (RunModel)" time="0.009" />
  <testcase classname="ptolemy.util.test.junit.AutoTests" name="[70] /home/travis/build/icyphy/ptII/ptolemy/domains/de/test/auto/TimingParadox.xml (RunModel)" time="0.362" />
  <testcase classname="ptolemy.util.test.junit.AutoTests" name="[71] /home/travis/build/icyphy/ptII/ptolemy/domains/de/test/auto/TransferInputs.xml (RunModel)" time="0.01" />
  <testcase classname="ptolemy.util.test.junit.AutoTests" name="[72] /home/travis/build/icyphy/ptII/ptolemy/domains/de/test/auto/TransferOutputs2.xml (RunModel)" time="0.016" />
  <testcase classname="ptolemy.util.test.junit.AutoTests" name="[73] /home/travis/build/icyphy/ptII/ptolemy/domains/de/test/auto/Trilateration.xml (RunModel)" time="11.559" />
  <testcase classname="ptolemy.util.test.junit.AutoTests" name="[74] /home/travis/build/icyphy/ptII/ptolemy/domains/de/test/auto/TwoSigmaDelta.xml (RunModel)" time="2.135" />
  <testcase classname="ptolemy.util.test.junit.AutoTests" name="[75] /home/travis/build/icyphy/ptII/ptolemy/domains/de/test/auto/VariableDelay.xml (RunModel)" time="0.011" />
  <testcase classname="ptolemy.util.test.junit.AutoTests" name="[76] /home/travis/build/icyphy/ptII/ptolemy/domains/de/test/auto/VariableDelay2.xml (RunModel)" time="0.01" />
  <testcase classname="ptolemy.util.test.junit.AutoTests" name="[77] /home/travis/build/icyphy/ptII/ptolemy/domains/de/test/auto/VariableDelayZeroDelay.xml (RunModel)" time="0.01" />
  <testcase classname="ptolemy.util.test.junit.AutoTests" name="[78] /home/travis/build/icyphy/ptII/ptolemy/domains/de/test/auto/VariableDelayZeroDelay2.xml (RunModel)" time="0.01" />
  <testcase classname="ptolemy.util.test.junit.AutoTests" name="[79] /home/travis/build/icyphy/ptII/ptolemy/domains/de/test/auto/deInCt.xml (RunModel)" time="0.019" />
  <testcase classname="ptolemy.util.test.junit.AutoTests" name="[80] /home/travis/build/icyphy/ptII/ptolemy/domains/de/test/auto/deInCt2.xml (RunModel)" time="0.018" />
  <testcase classname="ptolemy.util.test.junit.AutoTests" name="[81] /home/travis/build/icyphy/ptII/ptolemy/domains/de/test/auto/dynamicCausalityInterface1.xml (RunModel)" time="0.019" />
  <testcase classname="ptolemy.util.test.junit.AutoTests" name="[82] /home/travis/build/icyphy/ptII/ptolemy/domains/de/test/auto/fsm_de_test.xml (RunModel)" time="0.023" />
  <testcase classname="ptolemy.util.test.junit.AutoTests" name="[83] /home/travis/build/icyphy/ptII/ptolemy/domains/de/test/auto/functionDependencyReconstruction.xml (RunModel)" time="0.033" />
  <testcase classname="ptolemy.util.test.junit.AutoTests" name="[84] /home/travis/build/icyphy/ptII/ptolemy/domains/de/test/auto/multirate.xml (RunModel)" time="0.016" />
  <testcase classname="ptolemy.util.test.junit.AutoTests" name="[85] /home/travis/build/icyphy/ptII/ptolemy/domains/de/test/auto/multirate2.xml (RunModel)" time="0.015" />
  <testcase classname="ptolemy.util.test.junit.AutoTests" name="[86] /home/travis/build/icyphy/ptII/ptolemy/domains/de/test/auto/realtime.xml (RunModel)" time="10.01" />
  <testcase classname="ptolemy.util.test.junit.AutoTests" name="[87] /home/travis/build/icyphy/ptII/ptolemy/domains/de/test/auto/relationGroup.xml (RunModel)" time="0.008" />
  <testcase classname="ptolemy.util.test.junit.AutoTests" name="[88] /home/travis/build/icyphy/ptII/ptolemy/domains/de/test/auto/relationGroup2.xml (RunModel)" time="0.01" />
  <testcase classname="ptolemy.util.test.junit.AutoTests" name="[89] /home/travis/build/icyphy/ptII/ptolemy/domains/de/test/auto/sortWithOpaquePorts.xml (RunModel)" time="0.01" />
  <testcase classname="ptolemy.util.test.junit.AutoTests" name="[90] /home/travis/build/icyphy/ptII/ptolemy/domains/de/test/auto/transferInputsandOutputs.xml (RunModel)" time="0.016" />
  <testcase classname="ptolemy.util.test.junit.AutoTests" name="[91] /home/travis/build/icyphy/ptII/ptolemy/domains/de/test/auto/triggerType.xml (RunModel)" time="0.011" />
  <system-out><![CDATA[/home/travis/build/icyphy/ptII/ptolemy/domains/de/test/DependencyLoop.tcl
testDefs.tcl: setting time out to 9000 seconds at Fri Jul 27 01:44:23 UTC 2018
15 ms. Memory: 116224K Free: 93404K (80%)
7 ms. Memory: 146944K Free: 135505K (92%)
/home/travis/build/icyphy/ptII/ptolemy/domains/de/test/RunDETestsAsQSS.tcl
Run the DE tests using ptolemy.domains.qss.test.QSSDirectorTest, which extends QSSDirector and prints a message in the constructors.
------------------ testing $PTII/ptolemy/domains/de/test/auto/knownFailedTests/dependencyLoop.xml (Known Failure) 
15 ms. Memory: 146944K Free: 132393K (90%)


==== $PTIIhome/travis/build/icyphy/ptII/ptolemy/domains/de/test/../../../../: Auto Automatic test in file $PTII/ptolemy/domains/de/test/auto/knownFailedTests/dependencyLoop.xml
==== Contents of test case:

	    # FIXME: we should use $relativeFilename here, but it
	    # might have backslashes under Windows, which causes no end
	    # of trouble.
	    createAndExecute $file
	    list {}
	
.... Test generated KNOWN error:
    while executing
ptolemy.kernel.util.IllegalActionException: Found a zero delay loop containing .dependencyLoop.original
  in .dependencyLoop and .dependencyLoop.original
	at ptolemy.actor.util.CausalityInterfaceForComposites._computeOutputPortDepth(CausalityInterfaceForComposites.java:759)
	at ptolemy.actor.util.CausalityInterfaceForComposites._computeInputDepth(CausalityInterfaceForComposites.java:696)
	at ptolemy.actor.util.CausalityInterfaceForComposites._computeOutputPortDepth(CausalityInterfaceForComposites.java:765)
	at ptolemy.actor.util.CausalityInterfaceForComposites._computeInputDepth(CausalityInterfaceForComposites.java:696)
	at ptolemy.actor.util.CausalityInterfaceForComposites._computeOutputPortDepth(CausalityInterfaceForComposites.java:765)
	at ptolemy.actor.util.CausalityInterfaceForComposites._computeInputDepth(CausalityInterfaceForComposites.java:696)
	at ptolemy.actor.util.CausalityInterfaceForComposites._computeActorDepth(CausalityInterfaceForComposites.java:532)
	at ptolemy.actor.util.CausalityInterfaceForComposites.checkForCycles(CausalityInterfaceForComposites.java:96)
	at ptolemy.domains.de.kernel.DEDirector.preinitialize(DEDirector.java:1338)
	at ptolemy.actor.CompositeActor.preinitialize(CompositeActor.java:1828)
	at ptolemy.actor.Manager.preinitializeAndResolveTypes(Manager.java:1040)
	at ptolemy.actor.Manager.initialize(Manager.java:710)
	at ptolemy.actor.Manager.execute(Manager.java:356)
	at ptolemy.actor.Manager.run(Manager.java:1263)
	at ptolemy.actor.Manager$PtolemyRunThread.run(Manager.java:1915)

    while executing
ptolemy.kernel.util.IllegalActionException: Found a zero delay loop containing .dependencyLoop.original
  in .dependencyLoop and .dependencyLoop.original
    while executing
"java::new ptolemy.moml.MoMLSimpleApplication $file
"
    (procedure "createAndExecute" line 2)
    invoked from within
"createAndExecute $file"
    ("uplevel" body line 5)
    invoked from within
"uplevel $contents_of_test"
------------------ testing $PTII/ptolemy/domains/de/test/auto/knownFailedTests/DESDFClockTest.xml (Known Failure) 
2087 ms. Memory: 146944K Free: 116649K (79%)


==== $PTIIhome/travis/build/icyphy/ptII/ptolemy/domains/de/test/../../../../: Auto Automatic test in file $PTII/ptolemy/domains/de/test/auto/knownFailedTests/DESDFClockTest.xml
==== Contents of test case:

	    # FIXME: we should use $relativeFilename here, but it
	    # might have backslashes under Windows, which causes no end
	    # of trouble.
	    createAndExecute $file
	    list {}
	
.... Test generated KNOWN error:
    while executing
ptolemy.kernel.util.IllegalActionException: Actor is not ready to fire.  Perhaps UpSample.prefire() returned false? Try debugging the actor by selecting "Listen to Actor".  Also, for SDF check moml for tokenConsumptionRate on input.
  in .DESDFClockTest.Play Bell.Copy1:SDF Director and .DESDFClockTest.Play Bell.UpSample
	at ptolemy.actor.sched.StaticSchedulingDirector.fire(StaticSchedulingDirector.java:227)
	at ptolemy.domains.sdf.kernel.SDFDirector.fire(SDFDirector.java:500)
	at ptolemy.actor.CompositeActor.fire(CompositeActor.java:455)
	at ptolemy.domains.de.kernel.DEDirector._fire(DEDirector.java:1949)
	at ptolemy.domains.de.kernel.DEDirector.fire(DEDirector.java:502)
	at ptolemy.actor.CompositeActor.fire(CompositeActor.java:455)
	at ptolemy.actor.Manager.iterate(Manager.java:851)
	at ptolemy.actor.Manager.execute(Manager.java:369)
	at ptolemy.actor.Manager.run(Manager.java:1263)
	at ptolemy.actor.Manager$PtolemyRunThread.run(Manager.java:1915)

    while executing
ptolemy.kernel.util.IllegalActionException: Actor is not ready to fire.  Perhaps UpSample.prefire() returned false? Try debugging the actor by selecting "Listen to Actor".  Also, for SDF check moml for tokenConsumptionRate on input.
  in .DESDFClockTest.Play Bell.Copy1:SDF Director and .DESDFClockTest.Play Bell.UpSample
    while executing
"java::new ptolemy.moml.MoMLSimpleApplication $file
"
    (procedure "createAndExecute" line 2)
    invoked from within
"createAndExecute $file"
    ("uplevel" body line 5)
    invoked from within
"uplevel $contents_of_test"
------------------ testing $PTII/ptolemy/domains/de/test/auto/knownFailedTests/FSMSource.xml (Known Failure) 
40 ms. Memory: 146944K Free: 107721K (73%)
!!!! Auto was marked as failing, but now passes
------------------ testing $PTII/ptolemy/domains/de/test/auto/knownFailedTests/dependencyLoop2.xml (Known Failure) 
11 ms. Memory: 146944K Free: 105838K (72%)


==== $PTIIhome/travis/build/icyphy/ptII/ptolemy/domains/de/test/../../../../: Auto Automatic test in file $PTII/ptolemy/domains/de/test/auto/knownFailedTests/dependencyLoop2.xml
==== Contents of test case:

	    # FIXME: we should use $relativeFilename here, but it
	    # might have backslashes under Windows, which causes no end
	    # of trouble.
	    createAndExecute $file
	    list {}
	
.... Test generated KNOWN error:
    while executing
ptolemy.kernel.util.IllegalActionException: Found a zero delay loop containing .dependencyLoop2.original
  in .dependencyLoop2 and .dependencyLoop2.original
	at ptolemy.actor.util.CausalityInterfaceForComposites._computeOutputPortDepth(CausalityInterfaceForComposites.java:759)
	at ptolemy.actor.util.CausalityInterfaceForComposites._computeInputDepth(CausalityInterfaceForComposites.java:696)
	at ptolemy.actor.util.CausalityInterfaceForComposites._computeOutputPortDepth(CausalityInterfaceForComposites.java:765)
	at ptolemy.actor.util.CausalityInterfaceForComposites._computeInputDepth(CausalityInterfaceForComposites.java:696)
	at ptolemy.actor.util.CausalityInterfaceForComposites._computeOutputPortDepth(CausalityInterfaceForComposites.java:765)
	at ptolemy.actor.util.CausalityInterfaceForComposites._computeInputDepth(CausalityInterfaceForComposites.java:696)
	at ptolemy.actor.util.CausalityInterfaceForComposites._computeActorDepth(CausalityInterfaceForComposites.java:532)
	at ptolemy.actor.util.CausalityInterfaceForComposites.checkForCycles(CausalityInterfaceForComposites.java:96)
	at ptolemy.domains.de.kernel.DEDirector.preinitialize(DEDirector.java:1338)
	at ptolemy.actor.CompositeActor.preinitialize(CompositeActor.java:1828)
	at ptolemy.actor.Manager.preinitializeAndResolveTypes(Manager.java:1040)
	at ptolemy.actor.Manager.initialize(Manager.java:710)
	at ptolemy.actor.Manager.execute(Manager.java:356)
	at ptolemy.actor.Manager.run(Manager.java:1263)
	at ptolemy.actor.Manager$PtolemyRunThread.run(Manager.java:1915)

    while executing
ptolemy.kernel.util.IllegalActionException: Found a zero delay loop containing .dependencyLoop2.original
  in .dependencyLoop2 and .dependencyLoop2.original
    while executing
"java::new ptolemy.moml.MoMLSimpleApplication $file
"
    (procedure "createAndExecute" line 2)
    invoked from within
"createAndExecute $file"
    ("uplevel" body line 5)
    invoked from within
"uplevel $contents_of_test"
------------------ testing $PTII/ptolemy/domains/de/test/auto/knownFailedTests/HierarchicalModel.xml (Known Failure) 
6 ms. Memory: 146944K Free: 84141K (57%)


==== $PTIIhome/travis/build/icyphy/ptII/ptolemy/domains/de/test/../../../../: Auto Automatic test in file $PTII/ptolemy/domains/de/test/auto/knownFailedTests/HierarchicalModel.xml
==== Contents of test case:

	    # FIXME: we should use $relativeFilename here, but it
	    # might have backslashes under Windows, which causes no end
	    # of trouble.
	    createAndExecute $file
	    list {}
	
.... Test generated KNOWN error:
    while executing
ptolemy.kernel.util.IllegalActionException: Found a zero delay loop containing .HierarchicalModel.A
  in .HierarchicalModel and .HierarchicalModel.A
	at ptolemy.actor.util.CausalityInterfaceForComposites._computeOutputPortDepth(CausalityInterfaceForComposites.java:759)
	at ptolemy.actor.util.CausalityInterfaceForComposites._computeInputDepth(CausalityInterfaceForComposites.java:696)
	at ptolemy.actor.util.CausalityInterfaceForComposites._computeOutputPortDepth(CausalityInterfaceForComposites.java:765)
	at ptolemy.actor.util.CausalityInterfaceForComposites._computeInputDepth(CausalityInterfaceForComposites.java:696)
	at ptolemy.actor.util.CausalityInterfaceForComposites._computeOutputPortDepth(CausalityInterfaceForComposites.java:765)
	at ptolemy.actor.util.CausalityInterfaceForComposites._computeInputDepth(CausalityInterfaceForComposites.java:696)
	at ptolemy.actor.util.CausalityInterfaceForComposites._computeActorDepth(CausalityInterfaceForComposites.java:532)
	at ptolemy.actor.util.CausalityInterfaceForComposites.checkForCycles(CausalityInterfaceForComposites.java:96)
	at ptolemy.domains.de.kernel.DEDirector.preinitialize(DEDirector.java:1338)
	at ptolemy.actor.CompositeActor.preinitialize(CompositeActor.java:1828)
	at ptolemy.actor.Manager.preinitializeAndResolveTypes(Manager.java:1040)
	at ptolemy.actor.Manager.initialize(Manager.java:710)
	at ptolemy.actor.Manager.execute(Manager.java:356)
	at ptolemy.actor.Manager.run(Manager.java:1263)
	at ptolemy.actor.Manager$PtolemyRunThread.run(Manager.java:1915)

    while executing
ptolemy.kernel.util.IllegalActionException: Found a zero delay loop containing .HierarchicalModel.A
  in .HierarchicalModel and .HierarchicalModel.A
    while executing
"java::new ptolemy.moml.MoMLSimpleApplication $file
"
    (procedure "createAndExecute" line 2)
    invoked from within
"createAndExecute $file"
    ("uplevel" body line 5)
    invoked from within
"uplevel $contents_of_test"
------------------ testing $PTII/ptolemy/domains/de/test/auto/knownFailedTests/DirectFeedback.xml (Known Failure) 
4 ms. Memory: 146944K Free: 141377K (96%)


==== $PTIIhome/travis/build/icyphy/ptII/ptolemy/domains/de/test/../../../../: Auto Automatic test in file $PTII/ptolemy/domains/de/test/auto/knownFailedTests/DirectFeedback.xml
==== Contents of test case:

	    # FIXME: we should use $relativeFilename here, but it
	    # might have backslashes under Windows, which causes no end
	    # of trouble.
	    createAndExecute $file
	    list {}
	
.... Test generated KNOWN error:
    while executing
ptolemy.kernel.util.IllegalActionException: Test fails in iteration 1.
Value was: 1.0. Should have been: 2.0
  in .DirectFeedback.Test
	at ptolemy.actor.lib.Test.fire(Test.java:268)
	at ptolemy.domains.de.kernel.DEDirector._fire(DEDirector.java:1949)
	at ptolemy.domains.de.kernel.DEDirector.fire(DEDirector.java:502)
	at ptolemy.actor.CompositeActor.fire(CompositeActor.java:455)
	at ptolemy.actor.Manager.iterate(Manager.java:851)
	at ptolemy.actor.Manager.execute(Manager.java:369)
	at ptolemy.actor.Manager.run(Manager.java:1263)
	at ptolemy.actor.Manager$PtolemyRunThread.run(Manager.java:1915)

    while executing
ptolemy.kernel.util.IllegalActionException: Test fails in iteration 1.
Value was: 1.0. Should have been: 2.0
  in .DirectFeedback.Test
    while executing
"java::new ptolemy.moml.MoMLSimpleApplication $file
"
    (procedure "createAndExecute" line 2)
    invoked from within
"createAndExecute $file"
    ("uplevel" body line 5)
    invoked from within
"uplevel $contents_of_test"
------------------ testing $PTII/ptolemy/domains/de/test/auto/ActorDepthCalculation_actorWithoutPorts.xml
auto.tcl: Setting watchdog for 200 seconds at Fri Jul 27 01:44:26 UTC 2018
5 ms. Memory: 146944K Free: 132420K (90%)
ptolemy.util.test.WatchDog.cancel(): canceling Fri Jul 27 01:44:26 UTC 2018
auto.tcl: Setting watchdog for 200 seconds at Fri Jul 27 01:44:26 UTC 2018
6 ms. Memory: 146944K Free: 131380K (89%)
ptolemy.util.test.WatchDog.cancel(): canceling Fri Jul 27 01:44:26 UTC 2018
------------------ testing $PTII/ptolemy/domains/de/test/auto/AssemblyLine.xml
auto.tcl: Setting watchdog for 200 seconds at Fri Jul 27 01:44:27 UTC 2018
14 ms. Memory: 208384K Free: 186373K (89%)
ptolemy.util.test.WatchDog.cancel(): canceling Fri Jul 27 01:44:27 UTC 2018
auto.tcl: Setting watchdog for 200 seconds at Fri Jul 27 01:44:27 UTC 2018
15 ms. Memory: 208384K Free: 186373K (89%)
ptolemy.util.test.WatchDog.cancel(): canceling Fri Jul 27 01:44:27 UTC 2018
------------------ testing $PTII/ptolemy/domains/de/test/auto/CQBug1.xml
auto.tcl: Setting watchdog for 200 seconds at Fri Jul 27 01:44:27 UTC 2018
7 ms. Memory: 208384K Free: 197743K (95%)
ptolemy.util.test.WatchDog.cancel(): canceling Fri Jul 27 01:44:27 UTC 2018
auto.tcl: Setting watchdog for 200 seconds at Fri Jul 27 01:44:27 UTC 2018
3 ms. Memory: 208384K Free: 197743K (95%)
ptolemy.util.test.WatchDog.cancel(): canceling Fri Jul 27 01:44:27 UTC 2018
------------------ testing $PTII/ptolemy/domains/de/test/auto/CancelFireAt.xml
auto.tcl: Setting watchdog for 200 seconds at Fri Jul 27 01:44:27 UTC 2018
4 ms. Memory: 208384K Free: 201453K (97%)
ptolemy.util.test.WatchDog.cancel(): canceling Fri Jul 27 01:44:27 UTC 2018
auto.tcl: Setting watchdog for 200 seconds at Fri Jul 27 01:44:27 UTC 2018
2 ms. Memory: 208384K Free: 199363K (96%)
ptolemy.util.test.WatchDog.cancel(): canceling Fri Jul 27 01:44:27 UTC 2018
------------------ testing $PTII/ptolemy/domains/de/test/auto/CausalityAndComposabilityAnalysis.xml
auto.tcl: Setting watchdog for 200 seconds at Fri Jul 27 01:44:27 UTC 2018
20 ms. Memory: 208384K Free: 196534K (94%)
ptolemy.util.test.WatchDog.cancel(): canceling Fri Jul 27 01:44:27 UTC 2018
auto.tcl: Setting watchdog for 200 seconds at Fri Jul 27 01:44:27 UTC 2018
6 ms. Memory: 208384K Free: 196534K (94%)
ptolemy.util.test.WatchDog.cancel(): canceling Fri Jul 27 01:44:27 UTC 2018
------------------ testing $PTII/ptolemy/domains/de/test/auto/CausalityInterface1.xml
auto.tcl: Setting watchdog for 200 seconds at Fri Jul 27 01:44:27 UTC 2018
16 ms. Memory: 208384K Free: 196469K (94%)
ptolemy.util.test.WatchDog.cancel(): canceling Fri Jul 27 01:44:27 UTC 2018
auto.tcl: Setting watchdog for 200 seconds at Fri Jul 27 01:44:27 UTC 2018
6 ms. Memory: 208384K Free: 196469K (94%)
ptolemy.util.test.WatchDog.cancel(): canceling Fri Jul 27 01:44:27 UTC 2018
------------------ testing $PTII/ptolemy/domains/de/test/auto/CausalityInterface15.xml
auto.tcl: Setting watchdog for 200 seconds at Fri Jul 27 01:44:27 UTC 2018
8 ms. Memory: 208384K Free: 196460K (94%)
ptolemy.util.test.WatchDog.cancel(): canceling Fri Jul 27 01:44:27 UTC 2018
auto.tcl: Setting watchdog for 200 seconds at Fri Jul 27 01:44:27 UTC 2018
4 ms. Memory: 208384K Free: 194371K (93%)
ptolemy.util.test.WatchDog.cancel(): canceling Fri Jul 27 01:44:27 UTC 2018
------------------ testing $PTII/ptolemy/domains/de/test/auto/CausalityInterface2.xml
auto.tcl: Setting watchdog for 200 seconds at Fri Jul 27 01:44:27 UTC 2018
4 ms. Memory: 208384K Free: 196444K (94%)
ptolemy.util.test.WatchDog.cancel(): canceling Fri Jul 27 01:44:28 UTC 2018
auto.tcl: Setting watchdog for 200 seconds at Fri Jul 27 01:44:28 UTC 2018
3 ms. Memory: 208384K Free: 196444K (94%)
ptolemy.util.test.WatchDog.cancel(): canceling Fri Jul 27 01:44:28 UTC 2018
------------------ testing $PTII/ptolemy/domains/de/test/auto/CausalityInterface3.xml
auto.tcl: Setting watchdog for 200 seconds at Fri Jul 27 01:44:28 UTC 2018
12 ms. Memory: 208384K Free: 196457K (94%)
ptolemy.util.test.WatchDog.cancel(): canceling Fri Jul 27 01:44:28 UTC 2018
auto.tcl: Setting watchdog for 200 seconds at Fri Jul 27 01:44:28 UTC 2018
3 ms. Memory: 208384K Free: 196457K (94%)
ptolemy.util.test.WatchDog.cancel(): canceling Fri Jul 27 01:44:28 UTC 2018
------------------ testing $PTII/ptolemy/domains/de/test/auto/ClockDrift.xml
auto.tcl: Setting watchdog for 200 seconds at Fri Jul 27 01:44:28 UTC 2018
110 ms. Memory: 208384K Free: 187721K (90%)
ptolemy.util.test.WatchDog.cancel(): canceling Fri Jul 27 01:44:28 UTC 2018
auto.tcl: Setting watchdog for 200 seconds at Fri Jul 27 01:44:28 UTC 2018
53 ms. Memory: 208384K Free: 185631K (89%)
ptolemy.util.test.WatchDog.cancel(): canceling Fri Jul 27 01:44:28 UTC 2018
------------------ testing $PTII/ptolemy/domains/de/test/auto/ClockDriftAndValueChange.xml
auto.tcl: Setting watchdog for 200 seconds at Fri Jul 27 01:44:28 UTC 2018
35 ms. Memory: 208384K Free: 187555K (90%)
ptolemy.util.test.WatchDog.cancel(): canceling Fri Jul 27 01:44:28 UTC 2018
auto.tcl: Setting watchdog for 200 seconds at Fri Jul 27 01:44:28 UTC 2018
43 ms. Memory: 208384K Free: 185466K (89%)
ptolemy.util.test.WatchDog.cancel(): canceling Fri Jul 27 01:44:28 UTC 2018
------------------ testing $PTII/ptolemy/domains/de/test/auto/ClockDriftChange.xml
auto.tcl: Setting watchdog for 200 seconds at Fri Jul 27 01:44:28 UTC 2018
56 ms. Memory: 208384K Free: 190870K (92%)
ptolemy.util.test.WatchDog.cancel(): canceling Fri Jul 27 01:44:28 UTC 2018
auto.tcl: Setting watchdog for 200 seconds at Fri Jul 27 01:44:28 UTC 2018
35 ms. Memory: 208384K Free: 188780K (91%)
ptolemy.util.test.WatchDog.cancel(): canceling Fri Jul 27 01:44:28 UTC 2018
------------------ testing $PTII/ptolemy/domains/de/test/auto/ComposableCausalityAnalysis.xml
auto.tcl: Setting watchdog for 200 seconds at Fri Jul 27 01:44:28 UTC 2018
2 ms. Memory: 208384K Free: 196311K (94%)
ptolemy.util.test.WatchDog.cancel(): canceling Fri Jul 27 01:44:28 UTC 2018
auto.tcl: Setting watchdog for 200 seconds at Fri Jul 27 01:44:28 UTC 2018
4 ms. Memory: 208384K Free: 194222K (93%)
ptolemy.util.test.WatchDog.cancel(): canceling Fri Jul 27 01:44:28 UTC 2018
------------------ testing $PTII/ptolemy/domains/de/test/auto/DEFixedPointLimitation.xml
auto.tcl: Setting watchdog for 200 seconds at Fri Jul 27 01:44:28 UTC 2018
2 ms. Memory: 208384K Free: 196392K (94%)
ptolemy.util.test.WatchDog.cancel(): canceling Fri Jul 27 01:44:28 UTC 2018
auto.tcl: Setting watchdog for 200 seconds at Fri Jul 27 01:44:28 UTC 2018
4 ms. Memory: 208384K Free: 196392K (94%)
ptolemy.util.test.WatchDog.cancel(): canceling Fri Jul 27 01:44:28 UTC 2018
------------------ testing $PTII/ptolemy/domains/de/test/auto/DEScheduleTest.xml
auto.tcl: Setting watchdog for 200 seconds at Fri Jul 27 01:44:28 UTC 2018
4 ms. Memory: 208384K Free: 198517K (95%)
ptolemy.util.test.WatchDog.cancel(): canceling Fri Jul 27 01:44:29 UTC 2018
auto.tcl: Setting watchdog for 200 seconds at Fri Jul 27 01:44:29 UTC 2018
7 ms. Memory: 208384K Free: 196428K (94%)
ptolemy.util.test.WatchDog.cancel(): canceling Fri Jul 27 01:44:29 UTC 2018
------------------ testing $PTII/ptolemy/domains/de/test/auto/DEinDEwithStartTimes.xml
auto.tcl: Setting watchdog for 200 seconds at Fri Jul 27 01:44:29 UTC 2018
4 ms. Memory: 208384K Free: 196397K (94%)
ptolemy.util.test.WatchDog.cancel(): canceling Fri Jul 27 01:44:29 UTC 2018
auto.tcl: Setting watchdog for 200 seconds at Fri Jul 27 01:44:29 UTC 2018
4 ms. Memory: 208384K Free: 194308K (93%)
ptolemy.util.test.WatchDog.cancel(): canceling Fri Jul 27 01:44:29 UTC 2018
------------------ testing $PTII/ptolemy/domains/de/test/auto/DEinDEwithStartTimes2.xml
auto.tcl: Setting watchdog for 200 seconds at Fri Jul 27 01:44:29 UTC 2018
7 ms. Memory: 208384K Free: 196377K (94%)
ptolemy.util.test.WatchDog.cancel(): canceling Fri Jul 27 01:44:29 UTC 2018
auto.tcl: Setting watchdog for 200 seconds at Fri Jul 27 01:44:29 UTC 2018
4 ms. Memory: 208384K Free: 194287K (93%)
ptolemy.util.test.WatchDog.cancel(): canceling Fri Jul 27 01:44:29 UTC 2018
------------------ testing $PTII/ptolemy/domains/de/test/auto/DateDemo.xml
auto.tcl: Setting watchdog for 200 seconds at Fri Jul 27 01:44:29 UTC 2018
13 ms. Memory: 208384K Free: 188845K (91%)
ptolemy.util.test.WatchDog.cancel(): canceling Fri Jul 27 01:44:29 UTC 2018
auto.tcl: Setting watchdog for 200 seconds at Fri Jul 27 01:44:29 UTC 2018
8 ms. Memory: 208384K Free: 186755K (90%)
ptolemy.util.test.WatchDog.cancel(): canceling Fri Jul 27 01:44:29 UTC 2018
------------------ testing $PTII/ptolemy/domains/de/test/auto/DateToEvent.xml
auto.tcl: Setting watchdog for 200 seconds at Fri Jul 27 01:44:29 UTC 2018
2021 ms. Memory: 208384K Free: 183592K (88%)
ptolemy.util.test.WatchDog.cancel(): canceling Fri Jul 27 01:44:31 UTC 2018
auto.tcl: Setting watchdog for 200 seconds at Fri Jul 27 01:44:31 UTC 2018
2006 ms. Memory: 208384K Free: 183592K (88%)
ptolemy.util.test.WatchDog.cancel(): canceling Fri Jul 27 01:44:33 UTC 2018
------------------ testing $PTII/ptolemy/domains/de/test/auto/DepthTest1.xml
auto.tcl: Setting watchdog for 200 seconds at Fri Jul 27 01:44:33 UTC 2018
2 ms. Memory: 208384K Free: 198042K (95%)
ptolemy.util.test.WatchDog.cancel(): canceling Fri Jul 27 01:44:33 UTC 2018
auto.tcl: Setting watchdog for 200 seconds at Fri Jul 27 01:44:33 UTC 2018
1 ms. Memory: 208384K Free: 198042K (95%)
ptolemy.util.test.WatchDog.cancel(): canceling Fri Jul 27 01:44:33 UTC 2018
------------------ testing $PTII/ptolemy/domains/de/test/auto/DepthTest2.xml
auto.tcl: Setting watchdog for 200 seconds at Fri Jul 27 01:44:33 UTC 2018
12 ms. Memory: 208384K Free: 194264K (93%)
ptolemy.util.test.WatchDog.cancel(): canceling Fri Jul 27 01:44:33 UTC 2018
auto.tcl: Setting watchdog for 200 seconds at Fri Jul 27 01:44:33 UTC 2018
6 ms. Memory: 208384K Free: 194264K (93%)
ptolemy.util.test.WatchDog.cancel(): canceling Fri Jul 27 01:44:33 UTC 2018
------------------ testing $PTII/ptolemy/domains/de/test/auto/DepthTest3.xml
auto.tcl: Setting watchdog for 200 seconds at Fri Jul 27 01:44:33 UTC 2018
2 ms. Memory: 208384K Free: 198377K (95%)
ptolemy.util.test.WatchDog.cancel(): canceling Fri Jul 27 01:44:33 UTC 2018
auto.tcl: Setting watchdog for 200 seconds at Fri Jul 27 01:44:33 UTC 2018
3 ms. Memory: 208384K Free: 198377K (95%)
ptolemy.util.test.WatchDog.cancel(): canceling Fri Jul 27 01:44:33 UTC 2018
------------------ testing $PTII/ptolemy/domains/de/test/auto/DepthTest4.xml
auto.tcl: Setting watchdog for 200 seconds at Fri Jul 27 01:44:33 UTC 2018
6 ms. Memory: 208384K Free: 196375K (94%)
ptolemy.util.test.WatchDog.cancel(): canceling Fri Jul 27 01:44:33 UTC 2018
auto.tcl: Setting watchdog for 200 seconds at Fri Jul 27 01:44:33 UTC 2018
2 ms. Memory: 208384K Free: 196375K (94%)
ptolemy.util.test.WatchDog.cancel(): canceling Fri Jul 27 01:44:33 UTC 2018
------------------ testing $PTII/ptolemy/domains/de/test/auto/DepthTest5.xml
auto.tcl: Setting watchdog for 200 seconds at Fri Jul 27 01:44:33 UTC 2018
10 ms. Memory: 208384K Free: 196660K (94%)
ptolemy.util.test.WatchDog.cancel(): canceling Fri Jul 27 01:44:33 UTC 2018
auto.tcl: Setting watchdog for 200 seconds at Fri Jul 27 01:44:33 UTC 2018
2 ms. Memory: 208384K Free: 196660K (94%)
ptolemy.util.test.WatchDog.cancel(): canceling Fri Jul 27 01:44:33 UTC 2018
------------------ testing $PTII/ptolemy/domains/de/test/auto/DepthTest6.xml
auto.tcl: Setting watchdog for 200 seconds at Fri Jul 27 01:44:33 UTC 2018
14 ms. Memory: 208384K Free: 196298K (94%)
ptolemy.util.test.WatchDog.cancel(): canceling Fri Jul 27 01:44:34 UTC 2018
auto.tcl: Setting watchdog for 200 seconds at Fri Jul 27 01:44:34 UTC 2018
2 ms. Memory: 208384K Free: 196298K (94%)
ptolemy.util.test.WatchDog.cancel(): canceling Fri Jul 27 01:44:34 UTC 2018
------------------ testing $PTII/ptolemy/domains/de/test/auto/DepthTest7.xml
auto.tcl: Setting watchdog for 200 seconds at Fri Jul 27 01:44:34 UTC 2018
2 ms. Memory: 208384K Free: 196279K (94%)
ptolemy.util.test.WatchDog.cancel(): canceling Fri Jul 27 01:44:34 UTC 2018
auto.tcl: Setting watchdog for 200 seconds at Fri Jul 27 01:44:34 UTC 2018
2 ms. Memory: 208384K Free: 196279K (94%)
ptolemy.util.test.WatchDog.cancel(): canceling Fri Jul 27 01:44:34 UTC 2018
------------------ testing $PTII/ptolemy/domains/de/test/auto/EventToDate.xml
auto.tcl: Setting watchdog for 200 seconds at Fri Jul 27 01:44:34 UTC 2018
3012 ms. Memory: 208384K Free: 185854K (89%)
ptolemy.util.test.WatchDog.cancel(): canceling Fri Jul 27 01:44:37 UTC 2018
auto.tcl: Setting watchdog for 200 seconds at Fri Jul 27 01:44:37 UTC 2018
3003 ms. Memory: 208384K Free: 185854K (89%)
ptolemy.util.test.WatchDog.cancel(): canceling Fri Jul 27 01:44:40 UTC 2018
------------------ testing $PTII/ptolemy/domains/de/test/auto/FSM1.xml
auto.tcl: Setting watchdog for 200 seconds at Fri Jul 27 01:44:40 UTC 2018
43 ms. Memory: 208384K Free: 184806K (89%)
ptolemy.util.test.WatchDog.cancel(): canceling Fri Jul 27 01:44:40 UTC 2018
auto.tcl: Setting watchdog for 200 seconds at Fri Jul 27 01:44:40 UTC 2018
31 ms. Memory: 208384K Free: 182717K (88%)
ptolemy.util.test.WatchDog.cancel(): canceling Fri Jul 27 01:44:40 UTC 2018
------------------ testing $PTII/ptolemy/domains/de/test/auto/FSM7.xml
auto.tcl: Setting watchdog for 200 seconds at Fri Jul 27 01:44:40 UTC 2018
13 ms. Memory: 208384K Free: 187804K (90%)
ptolemy.util.test.WatchDog.cancel(): canceling Fri Jul 27 01:44:40 UTC 2018
auto.tcl: Setting watchdog for 200 seconds at Fri Jul 27 01:44:40 UTC 2018
15 ms. Memory: 208384K Free: 185715K (89%)
ptolemy.util.test.WatchDog.cancel(): canceling Fri Jul 27 01:44:40 UTC 2018
------------------ testing $PTII/ptolemy/domains/de/test/auto/Inspection.xml
auto.tcl: Setting watchdog for 200 seconds at Fri Jul 27 01:44:40 UTC 2018
26 ms. Memory: 208384K Free: 188683K (91%)
ptolemy.util.test.WatchDog.cancel(): canceling Fri Jul 27 01:44:40 UTC 2018
auto.tcl: Setting watchdog for 200 seconds at Fri Jul 27 01:44:40 UTC 2018
25 ms. Memory: 208384K Free: 186594K (90%)
ptolemy.util.test.WatchDog.cancel(): canceling Fri Jul 27 01:44:40 UTC 2018
------------------ testing $PTII/ptolemy/domains/de/test/auto/Iteration.xml
auto.tcl: Setting watchdog for 200 seconds at Fri Jul 27 01:44:40 UTC 2018
12 ms. Memory: 208384K Free: 196089K (94%)
ptolemy.util.test.WatchDog.cancel(): canceling Fri Jul 27 01:44:40 UTC 2018
auto.tcl: Setting watchdog for 200 seconds at Fri Jul 27 01:44:40 UTC 2018
10 ms. Memory: 208384K Free: 193999K (93%)
ptolemy.util.test.WatchDog.cancel(): canceling Fri Jul 27 01:44:40 UTC 2018
------------------ testing $PTII/ptolemy/domains/de/test/auto/LineFault.xml
auto.tcl: Setting watchdog for 200 seconds at Fri Jul 27 01:44:40 UTC 2018
787 ms. Memory: 208384K Free: 196114K (94%)
ptolemy.util.test.WatchDog.cancel(): canceling Fri Jul 27 01:44:41 UTC 2018
auto.tcl: Setting watchdog for 200 seconds at Fri Jul 27 01:44:41 UTC 2018
674 ms. Memory: 208384K Free: 139079K (67%)
ptolemy.util.test.WatchDog.cancel(): canceling Fri Jul 27 01:44:42 UTC 2018
------------------ testing $PTII/ptolemy/domains/de/test/auto/MergeModel1Add.xml
auto.tcl: Setting watchdog for 200 seconds at Fri Jul 27 01:44:42 UTC 2018
18 ms. Memory: 331264K Free: 298898K (90%)
ptolemy.util.test.WatchDog.cancel(): canceling Fri Jul 27 01:44:42 UTC 2018
auto.tcl: Setting watchdog for 200 seconds at Fri Jul 27 01:44:42 UTC 2018
11 ms. Memory: 331264K Free: 298898K (90%)
ptolemy.util.test.WatchDog.cancel(): canceling Fri Jul 27 01:44:42 UTC 2018
------------------ testing $PTII/ptolemy/domains/de/test/auto/MergeModel2Add.xml
auto.tcl: Setting watchdog for 200 seconds at Fri Jul 27 01:44:42 UTC 2018
16 ms. Memory: 331264K Free: 304179K (92%)
ptolemy.util.test.WatchDog.cancel(): canceling Fri Jul 27 01:44:42 UTC 2018
auto.tcl: Setting watchdog for 200 seconds at Fri Jul 27 01:44:42 UTC 2018
12 ms. Memory: 331264K Free: 300237K (91%)
ptolemy.util.test.WatchDog.cancel(): canceling Fri Jul 27 01:44:42 UTC 2018
------------------ testing $PTII/ptolemy/domains/de/test/auto/MergeModel3Add.xml
auto.tcl: Setting watchdog for 200 seconds at Fri Jul 27 01:44:42 UTC 2018
12 ms. Memory: 331264K Free: 304189K (92%)
ptolemy.util.test.WatchDog.cancel(): canceling Fri Jul 27 01:44:43 UTC 2018
auto.tcl: Setting watchdog for 200 seconds at Fri Jul 27 01:44:43 UTC 2018
10 ms. Memory: 331264K Free: 300247K (91%)
ptolemy.util.test.WatchDog.cancel(): canceling Fri Jul 27 01:44:43 UTC 2018
------------------ testing $PTII/ptolemy/domains/de/test/auto/MergeWithoutDiscard.xml
auto.tcl: Setting watchdog for 200 seconds at Fri Jul 27 01:44:43 UTC 2018
6 ms. Memory: 331264K Free: 320241K (97%)
ptolemy.util.test.WatchDog.cancel(): canceling Fri Jul 27 01:44:43 UTC 2018
auto.tcl: Setting watchdog for 200 seconds at Fri Jul 27 01:44:43 UTC 2018
1 ms. Memory: 331264K Free: 316299K (95%)
ptolemy.util.test.WatchDog.cancel(): canceling Fri Jul 27 01:44:43 UTC 2018
------------------ testing $PTII/ptolemy/domains/de/test/auto/Modal1.xml
auto.tcl: Setting watchdog for 200 seconds at Fri Jul 27 01:44:43 UTC 2018
18 ms. Memory: 331264K Free: 309911K (94%)
ptolemy.util.test.WatchDog.cancel(): canceling Fri Jul 27 01:44:43 UTC 2018
auto.tcl: Setting watchdog for 200 seconds at Fri Jul 27 01:44:43 UTC 2018
25 ms. Memory: 331264K Free: 305969K (92%)
ptolemy.util.test.WatchDog.cancel(): canceling Fri Jul 27 01:44:43 UTC 2018
------------------ testing $PTII/ptolemy/domains/de/test/auto/Modal2.xml
auto.tcl: Setting watchdog for 200 seconds at Fri Jul 27 01:44:43 UTC 2018
10 ms. Memory: 331264K Free: 304877K (92%)
ptolemy.util.test.WatchDog.cancel(): canceling Fri Jul 27 01:44:43 UTC 2018
auto.tcl: Setting watchdog for 200 seconds at Fri Jul 27 01:44:43 UTC 2018
18 ms. Memory: 331264K Free: 300935K (91%)
ptolemy.util.test.WatchDog.cancel(): canceling Fri Jul 27 01:44:43 UTC 2018
------------------ testing $PTII/ptolemy/domains/de/test/auto/Modal3.xml
auto.tcl: Setting watchdog for 200 seconds at Fri Jul 27 01:44:43 UTC 2018
11 ms. Memory: 331264K Free: 309859K (94%)
ptolemy.util.test.WatchDog.cancel(): canceling Fri Jul 27 01:44:43 UTC 2018
auto.tcl: Setting watchdog for 200 seconds at Fri Jul 27 01:44:43 UTC 2018
12 ms. Memory: 331264K Free: 305631K (92%)
ptolemy.util.test.WatchDog.cancel(): canceling Fri Jul 27 01:44:43 UTC 2018
------------------ testing $PTII/ptolemy/domains/de/test/auto/Modal4.xml
auto.tcl: Setting watchdog for 200 seconds at Fri Jul 27 01:44:43 UTC 2018
13 ms. Memory: 331264K Free: 309586K (93%)
ptolemy.util.test.WatchDog.cancel(): canceling Fri Jul 27 01:44:43 UTC 2018
auto.tcl: Setting watchdog for 200 seconds at Fri Jul 27 01:44:43 UTC 2018
15 ms. Memory: 331264K Free: 305644K (92%)
ptolemy.util.test.WatchDog.cancel(): canceling Fri Jul 27 01:44:43 UTC 2018
------------------ testing $PTII/ptolemy/domains/de/test/auto/Modal5.xml
auto.tcl: Setting watchdog for 200 seconds at Fri Jul 27 01:44:43 UTC 2018
38 ms. Memory: 331264K Free: 309573K (93%)
ptolemy.util.test.WatchDog.cancel(): canceling Fri Jul 27 01:44:43 UTC 2018
auto.tcl: Setting watchdog for 200 seconds at Fri Jul 27 01:44:43 UTC 2018
18 ms. Memory: 331264K Free: 305631K (92%)
ptolemy.util.test.WatchDog.cancel(): canceling Fri Jul 27 01:44:43 UTC 2018
------------------ testing $PTII/ptolemy/domains/de/test/auto/Modal6.xml
auto.tcl: Setting watchdog for 200 seconds at Fri Jul 27 01:44:43 UTC 2018
15 ms. Memory: 331264K Free: 309856K (94%)
ptolemy.util.test.WatchDog.cancel(): canceling Fri Jul 27 01:44:43 UTC 2018
auto.tcl: Setting watchdog for 200 seconds at Fri Jul 27 01:44:43 UTC 2018
16 ms. Memory: 331264K Free: 305914K (92%)
ptolemy.util.test.WatchDog.cancel(): canceling Fri Jul 27 01:44:43 UTC 2018
------------------ testing $PTII/ptolemy/domains/de/test/auto/Modal7.xml
auto.tcl: Setting watchdog for 200 seconds at Fri Jul 27 01:44:43 UTC 2018
21 ms. Memory: 331264K Free: 309571K (93%)
ptolemy.util.test.WatchDog.cancel(): canceling Fri Jul 27 01:44:43 UTC 2018
auto.tcl: Setting watchdog for 200 seconds at Fri Jul 27 01:44:43 UTC 2018
12 ms. Memory: 331264K Free: 305629K (92%)
ptolemy.util.test.WatchDog.cancel(): canceling Fri Jul 27 01:44:43 UTC 2018
------------------ testing $PTII/ptolemy/domains/de/test/auto/ModalModel.xml
auto.tcl: Setting watchdog for 200 seconds at Fri Jul 27 01:44:43 UTC 2018
188 ms. Memory: 331264K Free: 246054K (74%)
ptolemy.util.test.WatchDog.cancel(): canceling Fri Jul 27 01:44:44 UTC 2018
auto.tcl: Setting watchdog for 200 seconds at Fri Jul 27 01:44:44 UTC 2018
202 ms. Memory: 331264K Free: 190746K (58%)
ptolemy.util.test.WatchDog.cancel(): canceling Fri Jul 27 01:44:44 UTC 2018
------------------ testing $PTII/ptolemy/domains/de/test/auto/ModalSource.xml
auto.tcl: Setting watchdog for 200 seconds at Fri Jul 27 01:44:44 UTC 2018
7 ms. Memory: 331264K Free: 316333K (95%)
ptolemy.util.test.WatchDog.cancel(): canceling Fri Jul 27 01:44:44 UTC 2018
auto.tcl: Setting watchdog for 200 seconds at Fri Jul 27 01:44:44 UTC 2018
7 ms. Memory: 331264K Free: 312805K (94%)
ptolemy.util.test.WatchDog.cancel(): canceling Fri Jul 27 01:44:44 UTC 2018
------------------ testing $PTII/ptolemy/domains/de/test/auto/NonInterruptibleTimerZeroDelay.xml
auto.tcl: Setting watchdog for 200 seconds at Fri Jul 27 01:44:44 UTC 2018
3 ms. Memory: 331264K Free: 320698K (97%)
ptolemy.util.test.WatchDog.cancel(): canceling Fri Jul 27 01:44:44 UTC 2018
auto.tcl: Setting watchdog for 200 seconds at Fri Jul 27 01:44:44 UTC 2018
3 ms. Memory: 331264K Free: 317178K (96%)
ptolemy.util.test.WatchDog.cancel(): canceling Fri Jul 27 01:44:44 UTC 2018
------------------ testing $PTII/ptolemy/domains/de/test/auto/OpenQueueingNetwork.xml
auto.tcl: Setting watchdog for 200 seconds at Fri Jul 27 01:44:44 UTC 2018
3210 ms. Memory: 317952K Free: 160992K (51%)
ptolemy.util.test.WatchDog.cancel(): canceling Fri Jul 27 01:44:48 UTC 2018
auto.tcl: Setting watchdog for 200 seconds at Fri Jul 27 01:44:48 UTC 2018
2801 ms. Memory: 287232K Free: 233027K (81%)
ptolemy.util.test.WatchDog.cancel(): canceling Fri Jul 27 01:44:50 UTC 2018
------------------ testing $PTII/ptolemy/domains/de/test/auto/OpenQueuingNetwork.xml
auto.tcl: Setting watchdog for 200 seconds at Fri Jul 27 01:44:50 UTC 2018
273 ms. Memory: 287232K Free: 190520K (66%)
ptolemy.util.test.WatchDog.cancel(): canceling Fri Jul 27 01:44:51 UTC 2018
auto.tcl: Setting watchdog for 200 seconds at Fri Jul 27 01:44:51 UTC 2018
254 ms. Memory: 287232K Free: 130031K (45%)
ptolemy.util.test.WatchDog.cancel(): canceling Fri Jul 27 01:44:51 UTC 2018
------------------ testing $PTII/ptolemy/domains/de/test/auto/PeriodicSampler.xml
auto.tcl: Setting watchdog for 200 seconds at Fri Jul 27 01:44:51 UTC 2018
3 ms. Memory: 289792K Free: 274669K (95%)
ptolemy.util.test.WatchDog.cancel(): canceling Fri Jul 27 01:44:51 UTC 2018
auto.tcl: Setting watchdog for 200 seconds at Fri Jul 27 01:44:51 UTC 2018
2 ms. Memory: 289792K Free: 274669K (95%)
ptolemy.util.test.WatchDog.cancel(): canceling Fri Jul 27 01:44:51 UTC 2018
------------------ testing $PTII/ptolemy/domains/de/test/auto/PersistentIO.xml
auto.tcl: Setting watchdog for 200 seconds at Fri Jul 27 01:44:51 UTC 2018
12 ms. Memory: 287232K Free: 266911K (93%)
ptolemy.util.test.WatchDog.cancel(): canceling Fri Jul 27 01:44:51 UTC 2018
auto.tcl: Setting watchdog for 200 seconds at Fri Jul 27 01:44:51 UTC 2018
4 ms. Memory: 287232K Free: 266911K (93%)
ptolemy.util.test.WatchDog.cancel(): canceling Fri Jul 27 01:44:51 UTC 2018
------------------ testing $PTII/ptolemy/domains/de/test/auto/PortParameterResetOnInitialize.xml
auto.tcl: Setting watchdog for 200 seconds at Fri Jul 27 01:44:51 UTC 2018
2 ms. Memory: 289280K Free: 274618K (95%)
ptolemy.util.test.WatchDog.cancel(): canceling Fri Jul 27 01:44:51 UTC 2018
auto.tcl: Setting watchdog for 200 seconds at Fri Jul 27 01:44:51 UTC 2018
2 ms. Memory: 289280K Free: 274618K (95%)
ptolemy.util.test.WatchDog.cancel(): canceling Fri Jul 27 01:44:51 UTC 2018
------------------ testing $PTII/ptolemy/domains/de/test/auto/PortParameterUpdates.xml
auto.tcl: Setting watchdog for 200 seconds at Fri Jul 27 01:44:51 UTC 2018
4 ms. Memory: 287232K Free: 272602K (95%)
ptolemy.util.test.WatchDog.cancel(): canceling Fri Jul 27 01:44:51 UTC 2018
auto.tcl: Setting watchdog for 200 seconds at Fri Jul 27 01:44:51 UTC 2018
4 ms. Memory: 287232K Free: 269712K (94%)
ptolemy.util.test.WatchDog.cancel(): canceling Fri Jul 27 01:44:51 UTC 2018
------------------ testing $PTII/ptolemy/domains/de/test/auto/QueueAndServer.xml
auto.tcl: Setting watchdog for 200 seconds at Fri Jul 27 01:44:51 UTC 2018
15 ms. Memory: 289280K Free: 271723K (94%)
ptolemy.util.test.WatchDog.cancel(): canceling Fri Jul 27 01:44:51 UTC 2018
auto.tcl: Setting watchdog for 200 seconds at Fri Jul 27 01:44:51 UTC 2018
10 ms. Memory: 289280K Free: 271723K (94%)
ptolemy.util.test.WatchDog.cancel(): canceling Fri Jul 27 01:44:51 UTC 2018
------------------ testing $PTII/ptolemy/domains/de/test/auto/Records.xml
auto.tcl: Setting watchdog for 200 seconds at Fri Jul 27 01:44:51 UTC 2018
5 ms. Memory: 287232K Free: 274565K (96%)
ptolemy.util.test.WatchDog.cancel(): canceling Fri Jul 27 01:44:51 UTC 2018
auto.tcl: Setting watchdog for 200 seconds at Fri Jul 27 01:44:51 UTC 2018
2 ms. Memory: 287232K Free: 274565K (96%)
ptolemy.util.test.WatchDog.cancel(): canceling Fri Jul 27 01:44:51 UTC 2018
------------------ testing $PTII/ptolemy/domains/de/test/auto/ResetTransitionWithStartTime1.xml
auto.tcl: Setting watchdog for 200 seconds at Fri Jul 27 01:44:52 UTC 2018
12 ms. Memory: 288768K Free: 273338K (95%)
ptolemy.util.test.WatchDog.cancel(): canceling Fri Jul 27 01:44:52 UTC 2018
auto.tcl: Setting watchdog for 200 seconds at Fri Jul 27 01:44:52 UTC 2018
6 ms. Memory: 288768K Free: 270347K (94%)
ptolemy.util.test.WatchDog.cancel(): canceling Fri Jul 27 01:44:52 UTC 2018
------------------ testing $PTII/ptolemy/domains/de/test/auto/ResetTransitionWithStartTime2.xml
auto.tcl: Setting watchdog for 200 seconds at Fri Jul 27 01:44:52 UTC 2018
7 ms. Memory: 287232K Free: 271793K (95%)
ptolemy.util.test.WatchDog.cancel(): canceling Fri Jul 27 01:44:52 UTC 2018
auto.tcl: Setting watchdog for 200 seconds at Fri Jul 27 01:44:52 UTC 2018
8 ms. Memory: 287232K Free: 268903K (94%)
ptolemy.util.test.WatchDog.cancel(): canceling Fri Jul 27 01:44:52 UTC 2018
------------------ testing $PTII/ptolemy/domains/de/test/auto/ResetTransitionWithStartTime3.xml
auto.tcl: Setting watchdog for 200 seconds at Fri Jul 27 01:44:52 UTC 2018
7 ms. Memory: 288768K Free: 273211K (95%)
ptolemy.util.test.WatchDog.cancel(): canceling Fri Jul 27 01:44:52 UTC 2018
auto.tcl: Setting watchdog for 200 seconds at Fri Jul 27 01:44:52 UTC 2018
6 ms. Memory: 288768K Free: 270321K (94%)
ptolemy.util.test.WatchDog.cancel(): canceling Fri Jul 27 01:44:52 UTC 2018
------------------ testing $PTII/ptolemy/domains/de/test/auto/ResetTransitionWithStartTime4.xml
auto.tcl: Setting watchdog for 200 seconds at Fri Jul 27 01:44:52 UTC 2018
5 ms. Memory: 287232K Free: 271705K (95%)
ptolemy.util.test.WatchDog.cancel(): canceling Fri Jul 27 01:44:52 UTC 2018
auto.tcl: Setting watchdog for 200 seconds at Fri Jul 27 01:44:52 UTC 2018
4 ms. Memory: 287232K Free: 271705K (95%)
ptolemy.util.test.WatchDog.cancel(): canceling Fri Jul 27 01:44:52 UTC 2018
------------------ testing $PTII/ptolemy/domains/de/test/auto/ResettableTimer1.xml
auto.tcl: Setting watchdog for 200 seconds at Fri Jul 27 01:44:52 UTC 2018
4 ms. Memory: 288768K Free: 276126K (96%)
ptolemy.util.test.WatchDog.cancel(): canceling Fri Jul 27 01:44:52 UTC 2018
auto.tcl: Setting watchdog for 200 seconds at Fri Jul 27 01:44:52 UTC 2018
3 ms. Memory: 288768K Free: 276126K (96%)
ptolemy.util.test.WatchDog.cancel(): canceling Fri Jul 27 01:44:52 UTC 2018
------------------ testing $PTII/ptolemy/domains/de/test/auto/ResettableTimer2.xml
auto.tcl: Setting watchdog for 200 seconds at Fri Jul 27 01:44:52 UTC 2018
3 ms. Memory: 287232K Free: 274734K (96%)
ptolemy.util.test.WatchDog.cancel(): canceling Fri Jul 27 01:44:52 UTC 2018
auto.tcl: Setting watchdog for 200 seconds at Fri Jul 27 01:44:52 UTC 2018
2 ms. Memory: 287232K Free: 274734K (96%)
ptolemy.util.test.WatchDog.cancel(): canceling Fri Jul 27 01:44:52 UTC 2018
------------------ testing $PTII/ptolemy/domains/de/test/auto/ResettableTimer3.xml
auto.tcl: Setting watchdog for 200 seconds at Fri Jul 27 01:44:52 UTC 2018
2 ms. Memory: 288256K Free: 275664K (96%)
ptolemy.util.test.WatchDog.cancel(): canceling Fri Jul 27 01:44:52 UTC 2018
auto.tcl: Setting watchdog for 200 seconds at Fri Jul 27 01:44:52 UTC 2018
1 ms. Memory: 288256K Free: 275664K (96%)
ptolemy.util.test.WatchDog.cancel(): canceling Fri Jul 27 01:44:52 UTC 2018
------------------ testing $PTII/ptolemy/domains/de/test/auto/ResettableTimer4.xml
auto.tcl: Setting watchdog for 200 seconds at Fri Jul 27 01:44:52 UTC 2018
1 ms. Memory: 287232K Free: 274746K (96%)
ptolemy.util.test.WatchDog.cancel(): canceling Fri Jul 27 01:44:52 UTC 2018
auto.tcl: Setting watchdog for 200 seconds at Fri Jul 27 01:44:52 UTC 2018
2 ms. Memory: 287232K Free: 274746K (96%)
ptolemy.util.test.WatchDog.cancel(): canceling Fri Jul 27 01:44:52 UTC 2018
------------------ testing $PTII/ptolemy/domains/de/test/auto/ResettableTimer5.xml
auto.tcl: Setting watchdog for 200 seconds at Fri Jul 27 01:44:52 UTC 2018
1 ms. Memory: 288256K Free: 273710K (95%)
ptolemy.util.test.WatchDog.cancel(): canceling Fri Jul 27 01:44:52 UTC 2018
auto.tcl: Setting watchdog for 200 seconds at Fri Jul 27 01:44:52 UTC 2018
2 ms. Memory: 288256K Free: 273710K (95%)
ptolemy.util.test.WatchDog.cancel(): canceling Fri Jul 27 01:44:52 UTC 2018
------------------ testing $PTII/ptolemy/domains/de/test/auto/ResettableTimer6.xml
auto.tcl: Setting watchdog for 200 seconds at Fri Jul 27 01:44:52 UTC 2018
2 ms. Memory: 287232K Free: 272534K (95%)
ptolemy.util.test.WatchDog.cancel(): canceling Fri Jul 27 01:44:52 UTC 2018
auto.tcl: Setting watchdog for 200 seconds at Fri Jul 27 01:44:52 UTC 2018
1 ms. Memory: 287232K Free: 272534K (95%)
ptolemy.util.test.WatchDog.cancel(): canceling Fri Jul 27 01:44:52 UTC 2018
------------------ testing $PTII/ptolemy/domains/de/test/auto/ServerZeroDelay.xml
auto.tcl: Setting watchdog for 200 seconds at Fri Jul 27 01:44:52 UTC 2018
5 ms. Memory: 288256K Free: 275708K (96%)
ptolemy.util.test.WatchDog.cancel(): canceling Fri Jul 27 01:44:52 UTC 2018
auto.tcl: Setting watchdog for 200 seconds at Fri Jul 27 01:44:52 UTC 2018
3 ms. Memory: 288256K Free: 275708K (96%)
ptolemy.util.test.WatchDog.cancel(): canceling Fri Jul 27 01:44:52 UTC 2018
------------------ testing $PTII/ptolemy/domains/de/test/auto/SmartSender.xml
auto.tcl: Setting watchdog for 200 seconds at Fri Jul 27 01:44:52 UTC 2018
3001 ms. Memory: 287232K Free: 272621K (95%)
ptolemy.util.test.WatchDog.cancel(): canceling Fri Jul 27 01:44:55 UTC 2018
auto.tcl: Setting watchdog for 200 seconds at Fri Jul 27 01:44:55 UTC 2018
3001 ms. Memory: 287232K Free: 272621K (95%)
ptolemy.util.test.WatchDog.cancel(): canceling Fri Jul 27 01:44:58 UTC 2018
------------------ testing $PTII/ptolemy/domains/de/test/auto/ThreadedComposite.xml
auto.tcl: Setting watchdog for 200 seconds at Fri Jul 27 01:44:58 UTC 2018
313 ms. Memory: 288256K Free: 252522K (88%)
ptolemy.util.test.WatchDog.cancel(): canceling Fri Jul 27 01:44:59 UTC 2018
auto.tcl: Setting watchdog for 200 seconds at Fri Jul 27 01:44:59 UTC 2018
249 ms. Memory: 288256K Free: 234392K (81%)
ptolemy.util.test.WatchDog.cancel(): canceling Fri Jul 27 01:44:59 UTC 2018
------------------ testing $PTII/ptolemy/domains/de/test/auto/Time.xml
auto.tcl: Setting watchdog for 200 seconds at Fri Jul 27 01:44:59 UTC 2018
571 ms. Memory: 287232K Free: 220789K (77%)
ptolemy.util.test.WatchDog.cancel(): canceling Fri Jul 27 01:45:00 UTC 2018
auto.tcl: Setting watchdog for 200 seconds at Fri Jul 27 01:45:00 UTC 2018
526 ms. Memory: 287232K Free: 165876K (58%)
ptolemy.util.test.WatchDog.cancel(): canceling Fri Jul 27 01:45:00 UTC 2018
------------------ testing $PTII/ptolemy/domains/de/test/auto/TimeDelayZeroDelay.xml
auto.tcl: Setting watchdog for 200 seconds at Fri Jul 27 01:45:00 UTC 2018
2 ms. Memory: 287744K Free: 275639K (96%)
ptolemy.util.test.WatchDog.cancel(): canceling Fri Jul 27 01:45:00 UTC 2018
auto.tcl: Setting watchdog for 200 seconds at Fri Jul 27 01:45:00 UTC 2018
2 ms. Memory: 287744K Free: 275639K (96%)
ptolemy.util.test.WatchDog.cancel(): canceling Fri Jul 27 01:45:00 UTC 2018
------------------ testing $PTII/ptolemy/domains/de/test/auto/TimerZeroDelay.xml
auto.tcl: Setting watchdog for 200 seconds at Fri Jul 27 01:45:00 UTC 2018
3 ms. Memory: 287232K Free: 275108K (96%)
ptolemy.util.test.WatchDog.cancel(): canceling Fri Jul 27 01:45:00 UTC 2018
auto.tcl: Setting watchdog for 200 seconds at Fri Jul 27 01:45:00 UTC 2018
2 ms. Memory: 287232K Free: 275108K (96%)
ptolemy.util.test.WatchDog.cancel(): canceling Fri Jul 27 01:45:00 UTC 2018
------------------ testing $PTII/ptolemy/domains/de/test/auto/TimingParadox.xml
auto.tcl: Setting watchdog for 200 seconds at Fri Jul 27 01:45:00 UTC 2018
404 ms. Memory: 287744K Free: 209357K (73%)
ptolemy.util.test.WatchDog.cancel(): canceling Fri Jul 27 01:45:01 UTC 2018
auto.tcl: Setting watchdog for 200 seconds at Fri Jul 27 01:45:01 UTC 2018
384 ms. Memory: 287744K Free: 173021K (60%)
ptolemy.util.test.WatchDog.cancel(): canceling Fri Jul 27 01:45:01 UTC 2018
------------------ testing $PTII/ptolemy/domains/de/test/auto/TransferInputs.xml
auto.tcl: Setting watchdog for 200 seconds at Fri Jul 27 01:45:01 UTC 2018
9 ms. Memory: 287744K Free: 274509K (95%)
ptolemy.util.test.WatchDog.cancel(): canceling Fri Jul 27 01:45:01 UTC 2018
auto.tcl: Setting watchdog for 200 seconds at Fri Jul 27 01:45:01 UTC 2018
2 ms. Memory: 287744K Free: 274509K (95%)
ptolemy.util.test.WatchDog.cancel(): canceling Fri Jul 27 01:45:01 UTC 2018
------------------ testing $PTII/ptolemy/domains/de/test/auto/TransferOutputs2.xml
auto.tcl: Setting watchdog for 200 seconds at Fri Jul 27 01:45:01 UTC 2018
3 ms. Memory: 287232K Free: 270428K (94%)
ptolemy.util.test.WatchDog.cancel(): canceling Fri Jul 27 01:45:01 UTC 2018
auto.tcl: Setting watchdog for 200 seconds at Fri Jul 27 01:45:01 UTC 2018
3 ms. Memory: 287232K Free: 267806K (93%)
ptolemy.util.test.WatchDog.cancel(): canceling Fri Jul 27 01:45:01 UTC 2018
------------------ testing $PTII/ptolemy/domains/de/test/auto/Trilateration.xml
auto.tcl: Setting watchdog for 200 seconds at Fri Jul 27 01:45:02 UTC 2018
13880 ms. Memory: 455168K Free: 195000K (43%)
ptolemy.util.test.WatchDog.cancel(): canceling Fri Jul 27 01:45:17 UTC 2018
auto.tcl: Setting watchdog for 200 seconds at Fri Jul 27 01:45:17 UTC 2018
10493 ms. Memory: 326144K Free: 283958K (87%)
ptolemy.util.test.WatchDog.cancel(): canceling Fri Jul 27 01:45:27 UTC 2018
------------------ testing $PTII/ptolemy/domains/de/test/auto/TwoSigmaDelta.xml
auto.tcl: Setting watchdog for 200 seconds at Fri Jul 27 01:45:27 UTC 2018
2732 ms. Memory: 315904K Free: 267271K (85%)
ptolemy.util.test.WatchDog.cancel(): canceling Fri Jul 27 01:45:30 UTC 2018
auto.tcl: Setting watchdog for 200 seconds at Fri Jul 27 01:45:30 UTC 2018
2031 ms. Memory: 305152K Free: 261154K (86%)
ptolemy.util.test.WatchDog.cancel(): canceling Fri Jul 27 01:45:32 UTC 2018
------------------ testing $PTII/ptolemy/domains/de/test/auto/VariableDelay.xml
auto.tcl: Setting watchdog for 200 seconds at Fri Jul 27 01:45:32 UTC 2018
4 ms. Memory: 305152K Free: 288634K (95%)
ptolemy.util.test.WatchDog.cancel(): canceling Fri Jul 27 01:45:32 UTC 2018
auto.tcl: Setting watchdog for 200 seconds at Fri Jul 27 01:45:32 UTC 2018
2 ms. Memory: 305152K Free: 288634K (95%)
ptolemy.util.test.WatchDog.cancel(): canceling Fri Jul 27 01:45:32 UTC 2018
------------------ testing $PTII/ptolemy/domains/de/test/auto/VariableDelay2.xml
auto.tcl: Setting watchdog for 200 seconds at Fri Jul 27 01:45:32 UTC 2018
4 ms. Memory: 307200K Free: 293329K (95%)
ptolemy.util.test.WatchDog.cancel(): canceling Fri Jul 27 01:45:32 UTC 2018
auto.tcl: Setting watchdog for 200 seconds at Fri Jul 27 01:45:32 UTC 2018
2 ms. Memory: 307200K Free: 293329K (95%)
ptolemy.util.test.WatchDog.cancel(): canceling Fri Jul 27 01:45:32 UTC 2018
------------------ testing $PTII/ptolemy/domains/de/test/auto/VariableDelayZeroDelay.xml
auto.tcl: Setting watchdog for 200 seconds at Fri Jul 27 01:45:32 UTC 2018
5 ms. Memory: 305152K Free: 292373K (96%)
ptolemy.util.test.WatchDog.cancel(): canceling Fri Jul 27 01:45:32 UTC 2018
auto.tcl: Setting watchdog for 200 seconds at Fri Jul 27 01:45:32 UTC 2018
2 ms. Memory: 305152K Free: 289043K (95%)
ptolemy.util.test.WatchDog.cancel(): canceling Fri Jul 27 01:45:32 UTC 2018
------------------ testing $PTII/ptolemy/domains/de/test/auto/VariableDelayZeroDelay2.xml
auto.tcl: Setting watchdog for 200 seconds at Fri Jul 27 01:45:32 UTC 2018
2 ms. Memory: 306688K Free: 290593K (95%)
ptolemy.util.test.WatchDog.cancel(): canceling Fri Jul 27 01:45:32 UTC 2018
auto.tcl: Setting watchdog for 200 seconds at Fri Jul 27 01:45:32 UTC 2018
2 ms. Memory: 306688K Free: 290593K (95%)
ptolemy.util.test.WatchDog.cancel(): canceling Fri Jul 27 01:45:32 UTC 2018
------------------ testing $PTII/ptolemy/domains/de/test/auto/deInCt.xml
auto.tcl: Setting watchdog for 200 seconds at Fri Jul 27 01:45:32 UTC 2018
0
1
1
1
1
0
0
0
1
1
1
1
1
0
0
0
0
1
1
1
1
1
1
0
0
0
0
9 ms. Memory: 305152K Free: 289043K (95%)
ptolemy.util.test.WatchDog.cancel(): canceling Fri Jul 27 01:45:32 UTC 2018
auto.tcl: Setting watchdog for 200 seconds at Fri Jul 27 01:45:32 UTC 2018
0
1
1
1
1
0
0
0
0
0
0
0
0
1
1
1
0
0
0
1
1
1
1
1
1
5 ms. Memory: 305152K Free: 289043K (95%)
ptolemy.util.test.WatchDog.cancel(): canceling Fri Jul 27 01:45:32 UTC 2018
------------------ testing $PTII/ptolemy/domains/de/test/auto/deInCt2.xml
auto.tcl: Setting watchdog for 200 seconds at Fri Jul 27 01:45:32 UTC 2018
0
1
1
1
0
0
1
1
1
0
0
1
1
1
0
0
1
1
1
0
0
1
1
1
0
0
1
1
1
0
0
1
1
1
0
0
1
1
1
0
0
0
10 ms. Memory: 306688K Free: 290570K (95%)
ptolemy.util.test.WatchDog.cancel(): canceling Fri Jul 27 01:45:33 UTC 2018
auto.tcl: Setting watchdog for 200 seconds at Fri Jul 27 01:45:33 UTC 2018
0
1
1
1
0
0
1
1
1
0
0
1
1
1
0
0
1
1
1
0
0
1
1
1
0
0
1
1
1
0
0
1
1
1
0
0
1
1
1
0
0
0
8 ms. Memory: 306688K Free: 290570K (95%)
ptolemy.util.test.WatchDog.cancel(): canceling Fri Jul 27 01:45:33 UTC 2018
------------------ testing $PTII/ptolemy/domains/de/test/auto/dynamicCausalityInterface1.xml
auto.tcl: Setting watchdog for 200 seconds at Fri Jul 27 01:45:33 UTC 2018
1 ms. Memory: 305152K Free: 287957K (94%)
ptolemy.util.test.WatchDog.cancel(): canceling Fri Jul 27 01:45:33 UTC 2018
auto.tcl: Setting watchdog for 200 seconds at Fri Jul 27 01:45:33 UTC 2018
1 ms. Memory: 305152K Free: 284627K (93%)
ptolemy.util.test.WatchDog.cancel(): canceling Fri Jul 27 01:45:33 UTC 2018
------------------ testing $PTII/ptolemy/domains/de/test/auto/fsm_de_test.xml
auto.tcl: Setting watchdog for 200 seconds at Fri Jul 27 01:45:33 UTC 2018
16 ms. Memory: 306176K Free: 286654K (94%)
ptolemy.util.test.WatchDog.cancel(): canceling Fri Jul 27 01:45:33 UTC 2018
auto.tcl: Setting watchdog for 200 seconds at Fri Jul 27 01:45:33 UTC 2018
5 ms. Memory: 306176K Free: 283324K (93%)
ptolemy.util.test.WatchDog.cancel(): canceling Fri Jul 27 01:45:33 UTC 2018
------------------ testing $PTII/ptolemy/domains/de/test/auto/functionDependencyReconstruction.xml
auto.tcl: Setting watchdog for 200 seconds at Fri Jul 27 01:45:33 UTC 2018
3 ms. Memory: 305152K Free: 278957K (91%)
ptolemy.util.test.WatchDog.cancel(): canceling Fri Jul 27 01:45:33 UTC 2018
auto.tcl: Setting watchdog for 200 seconds at Fri Jul 27 01:45:33 UTC 2018
2 ms. Memory: 305152K Free: 275635K (90%)
ptolemy.util.test.WatchDog.cancel(): canceling Fri Jul 27 01:45:33 UTC 2018
------------------ testing $PTII/ptolemy/domains/de/test/auto/multirate.xml
auto.tcl: Setting watchdog for 200 seconds at Fri Jul 27 01:45:33 UTC 2018
4 ms. Memory: 306176K Free: 292057K (95%)
ptolemy.util.test.WatchDog.cancel(): canceling Fri Jul 27 01:45:33 UTC 2018
auto.tcl: Setting watchdog for 200 seconds at Fri Jul 27 01:45:33 UTC 2018
3 ms. Memory: 306176K Free: 288724K (94%)
ptolemy.util.test.WatchDog.cancel(): canceling Fri Jul 27 01:45:33 UTC 2018
------------------ testing $PTII/ptolemy/domains/de/test/auto/multirate2.xml
auto.tcl: Setting watchdog for 200 seconds at Fri Jul 27 01:45:33 UTC 2018
6 ms. Memory: 305152K Free: 291237K (95%)
ptolemy.util.test.WatchDog.cancel(): canceling Fri Jul 27 01:45:33 UTC 2018
auto.tcl: Setting watchdog for 200 seconds at Fri Jul 27 01:45:33 UTC 2018
3 ms. Memory: 305152K Free: 287907K (94%)
ptolemy.util.test.WatchDog.cancel(): canceling Fri Jul 27 01:45:33 UTC 2018
------------------ testing $PTII/ptolemy/domains/de/test/auto/realtime.xml
auto.tcl: Setting watchdog for 200 seconds at Fri Jul 27 01:45:33 UTC 2018
10001 ms. Memory: 306176K Free: 290018K (95%)
ptolemy.util.test.WatchDog.cancel(): canceling Fri Jul 27 01:45:43 UTC 2018
auto.tcl: Setting watchdog for 200 seconds at Fri Jul 27 01:45:43 UTC 2018
10002 ms. Memory: 306176K Free: 290018K (95%)
ptolemy.util.test.WatchDog.cancel(): canceling Fri Jul 27 01:45:53 UTC 2018
------------------ testing $PTII/ptolemy/domains/de/test/auto/relationGroup.xml
auto.tcl: Setting watchdog for 200 seconds at Fri Jul 27 01:45:53 UTC 2018
2 ms. Memory: 305152K Free: 294575K (97%)
ptolemy.util.test.WatchDog.cancel(): canceling Fri Jul 27 01:45:53 UTC 2018
auto.tcl: Setting watchdog for 200 seconds at Fri Jul 27 01:45:53 UTC 2018
1 ms. Memory: 305152K Free: 294575K (97%)
ptolemy.util.test.WatchDog.cancel(): canceling Fri Jul 27 01:45:53 UTC 2018
------------------ testing $PTII/ptolemy/domains/de/test/auto/relationGroup2.xml
auto.tcl: Setting watchdog for 200 seconds at Fri Jul 27 01:45:53 UTC 2018
1 ms. Memory: 305664K Free: 292877K (96%)
ptolemy.util.test.WatchDog.cancel(): canceling Fri Jul 27 01:45:53 UTC 2018
auto.tcl: Setting watchdog for 200 seconds at Fri Jul 27 01:45:53 UTC 2018
1 ms. Memory: 305664K Free: 292877K (96%)
ptolemy.util.test.WatchDog.cancel(): canceling Fri Jul 27 01:45:53 UTC 2018
------------------ testing $PTII/ptolemy/domains/de/test/auto/sortWithOpaquePorts.xml
auto.tcl: Setting watchdog for 200 seconds at Fri Jul 27 01:45:53 UTC 2018
1 ms. Memory: 305152K Free: 289051K (95%)
ptolemy.util.test.WatchDog.cancel(): canceling Fri Jul 27 01:45:53 UTC 2018
auto.tcl: Setting watchdog for 200 seconds at Fri Jul 27 01:45:53 UTC 2018
1 ms. Memory: 305152K Free: 289051K (95%)
ptolemy.util.test.WatchDog.cancel(): canceling Fri Jul 27 01:45:53 UTC 2018
------------------ testing $PTII/ptolemy/domains/de/test/auto/transferInputsandOutputs.xml
auto.tcl: Setting watchdog for 200 seconds at Fri Jul 27 01:45:53 UTC 2018
3 ms. Memory: 305664K Free: 289535K (95%)
ptolemy.util.test.WatchDog.cancel(): canceling Fri Jul 27 01:45:53 UTC 2018
auto.tcl: Setting watchdog for 200 seconds at Fri Jul 27 01:45:53 UTC 2018
2 ms. Memory: 305664K Free: 286221K (94%)
ptolemy.util.test.WatchDog.cancel(): canceling Fri Jul 27 01:45:53 UTC 2018
------------------ testing $PTII/ptolemy/domains/de/test/auto/triggerType.xml
auto.tcl: Setting watchdog for 200 seconds at Fri Jul 27 01:45:53 UTC 2018
1 ms. Memory: 305152K Free: 292304K (96%)
ptolemy.util.test.WatchDog.cancel(): canceling Fri Jul 27 01:45:53 UTC 2018
auto.tcl: Setting watchdog for 200 seconds at Fri Jul 27 01:45:53 UTC 2018
1 ms. Memory: 305152K Free: 288989K (95%)
ptolemy.util.test.WatchDog.cancel(): canceling Fri Jul 27 01:45:53 UTC 2018
07/27/18 01:45:53
Failed: 0  Total Tests: 192  ((Passed: 187, Newly Passed: 1)  Known Failed: 5) /home/travis/build/icyphy/ptII/ptolemy/domains/de/test
07/27/18 01:45:53
Failed: 0  Total Tests: 192  ((Passed: 187, Newly Passed: 1)  Known Failed: 5) /home/travis/build/icyphy/ptII/ptolemy/domains/de/test
----------------- testing (KnownFailure) /home/travis/build/icyphy/ptII/ptolemy/domains/de/test/auto/knownFailedTests/DESDFClockTest.xml
2007 ms. Memory: 305664K Free: 283900K (93%)
Known Failure: java.lang.reflect.InvocationTargetException
----------------- testing (KnownFailure) /home/travis/build/icyphy/ptII/ptolemy/domains/de/test/auto/knownFailedTests/DirectFeedback.xml
1 ms. Memory: 305664K Free: 266000K (87%)
Known Failure: java.lang.reflect.InvocationTargetException
----------------- testing (KnownFailure) /home/travis/build/icyphy/ptII/ptolemy/domains/de/test/auto/knownFailedTests/FSMSource.xml
4 ms. Memory: 305664K Free: 243609K (80%)
----------------- testing (KnownFailure) /home/travis/build/icyphy/ptII/ptolemy/domains/de/test/auto/knownFailedTests/HierarchicalModel.xml
2 ms. Memory: 305664K Free: 221203K (72%)
Known Failure: java.lang.reflect.InvocationTargetException
----------------- testing (KnownFailure) /home/travis/build/icyphy/ptII/ptolemy/domains/de/test/auto/knownFailedTests/dependencyLoop.xml
1 ms. Memory: 305664K Free: 189846K (62%)
Known Failure: java.lang.reflect.InvocationTargetException
----------------- testing (KnownFailure) /home/travis/build/icyphy/ptII/ptolemy/domains/de/test/auto/knownFailedTests/dependencyLoop2.xml
1 ms. Memory: 305664K Free: 158490K (52%)
Known Failure: java.lang.reflect.InvocationTargetException
No auto/linux-amd64/*.xml tests in /home/travis/build/icyphy/ptII/ptolemy/domains/de/test
AutoTests.java: About to close Vertx.
AutoTests.java: Vertx closed.

===========================================================================================
----------------- testing Fri Jul 27 01:45:55 UTC 2018 /home/travis/build/icyphy/ptII/ptolemy/domains/de/test/auto/ActorDepthCalculation_actorWithoutPorts.xml
----------------- Instantiating /home/travis/build/icyphy/ptII/ptolemy/domains/de/test/auto/ActorDepthCalculation_actorWithoutPorts.xml
1 ms. Memory: 305664K Free: 131624K (43%)
----------------- Invoking toplevel() on ptolemy.moml.MoMLSimpleApplication@1a7ba8e
----------------- Done invoking toplevel() on ptolemy.moml.MoMLSimpleApplication@1a7ba8e
reloadAllAccessors: .ActorDepthCalculation_actorWithoutPorts

===========================================================================================
----------------- testing Fri Jul 27 01:45:56 UTC 2018 /home/travis/build/icyphy/ptII/ptolemy/domains/de/test/auto/AssemblyLine.xml
----------------- Instantiating /home/travis/build/icyphy/ptII/ptolemy/domains/de/test/auto/AssemblyLine.xml
1 ms. Memory: 305664K Free: 118183K (39%)
----------------- Invoking toplevel() on ptolemy.moml.MoMLSimpleApplication@49bdcc2f
----------------- Done invoking toplevel() on ptolemy.moml.MoMLSimpleApplication@49bdcc2f
reloadAllAccessors: .AssemblyLine

===========================================================================================
----------------- testing Fri Jul 27 01:45:56 UTC 2018 /home/travis/build/icyphy/ptII/ptolemy/domains/de/test/auto/CQBug1.xml
----------------- Instantiating /home/travis/build/icyphy/ptII/ptolemy/domains/de/test/auto/CQBug1.xml
5 ms. Memory: 305664K Free: 109234K (36%)
----------------- Invoking toplevel() on ptolemy.moml.MoMLSimpleApplication@4f94d781
----------------- Done invoking toplevel() on ptolemy.moml.MoMLSimpleApplication@4f94d781
reloadAllAccessors: .CQBug1

===========================================================================================
----------------- testing Fri Jul 27 01:45:56 UTC 2018 /home/travis/build/icyphy/ptII/ptolemy/domains/de/test/auto/CancelFireAt.xml
----------------- Instantiating /home/travis/build/icyphy/ptII/ptolemy/domains/de/test/auto/CancelFireAt.xml
0 ms. Memory: 305664K Free: 100284K (33%)
----------------- Invoking toplevel() on ptolemy.moml.MoMLSimpleApplication@1078f127
----------------- Done invoking toplevel() on ptolemy.moml.MoMLSimpleApplication@1078f127
reloadAllAccessors: .CancelFireAt

===========================================================================================
----------------- testing Fri Jul 27 01:45:56 UTC 2018 /home/travis/build/icyphy/ptII/ptolemy/domains/de/test/auto/CausalityAndComposabilityAnalysis.xml
----------------- Instantiating /home/travis/build/icyphy/ptII/ptolemy/domains/de/test/auto/CausalityAndComposabilityAnalysis.xml
1 ms. Memory: 305664K Free: 91334K (30%)
----------------- Invoking toplevel() on ptolemy.moml.MoMLSimpleApplication@65928e29
----------------- Done invoking toplevel() on ptolemy.moml.MoMLSimpleApplication@65928e29
reloadAllAccessors: .CausalityAndComposabilityAnalysis

===========================================================================================
----------------- testing Fri Jul 27 01:45:56 UTC 2018 /home/travis/build/icyphy/ptII/ptolemy/domains/de/test/auto/CausalityInterface1.xml
----------------- Instantiating /home/travis/build/icyphy/ptII/ptolemy/domains/de/test/auto/CausalityInterface1.xml
3 ms. Memory: 305664K Free: 79070K (26%)
----------------- Invoking toplevel() on ptolemy.moml.MoMLSimpleApplication@1e985136
----------------- Done invoking toplevel() on ptolemy.moml.MoMLSimpleApplication@1e985136
reloadAllAccessors: .CausalityInterface1

===========================================================================================
----------------- testing Fri Jul 27 01:45:56 UTC 2018 /home/travis/build/icyphy/ptII/ptolemy/domains/de/test/auto/CausalityInterface15.xml
----------------- Instantiating /home/travis/build/icyphy/ptII/ptolemy/domains/de/test/auto/CausalityInterface15.xml
1 ms. Memory: 295936K Free: 283859K (96%)
----------------- Invoking toplevel() on ptolemy.moml.MoMLSimpleApplication@6fa3f872
----------------- Done invoking toplevel() on ptolemy.moml.MoMLSimpleApplication@6fa3f872
reloadAllAccessors: .CausalityInterface15

===========================================================================================
[...]
java.lang.RuntimeException: Execution failed
	at ptolemy.moml.MoMLSimpleApplication$UnloadThread.run(MoMLSimpleApplication.java:402)
Caused by: ptolemy.kernel.util.IllegalActionException: Test fails in iteration 1.
Value was: 1.0. Should have been: 2.0
  in .DirectFeedback.Test
	at ptolemy.actor.lib.Test.fire(Test.java:268)
	at ptolemy.domains.de.kernel.DEDirector._fire(DEDirector.java:1949)
	at ptolemy.domains.de.kernel.DEDirector.fire(DEDirector.java:502)
	at ptolemy.actor.CompositeActor.fire(CompositeActor.java:455)
	at ptolemy.actor.Manager.iterate(Manager.java:851)
	at ptolemy.actor.Manager.execute(Manager.java:369)
	at ptolemy.actor.Manager.run(Manager.java:1263)
	at ptolemy.actor.Manager$PtolemyRunThread.run(Manager.java:1915)
java.lang.RuntimeException: Execution failed
	at ptolemy.moml.MoMLSimpleApplication$UnloadThread.run(MoMLSimpleApplication.java:402)
Caused by: ptolemy.kernel.util.IllegalActionException: Actor is not ready to fire.  Perhaps UpSample.prefire() returned false? Try debugging the actor by selecting "Listen to Actor".  Also, for SDF check moml for tokenConsumptionRate on input.
  in .DESDFClockTest.Play Bell.Copy1:SDF Director and .DESDFClockTest.Play Bell.UpSample
	at ptolemy.actor.sched.StaticSchedulingDirector.fire(StaticSchedulingDirector.java:227)
	at ptolemy.domains.sdf.kernel.SDFDirector.fire(SDFDirector.java:500)
	at ptolemy.actor.CompositeActor.fire(CompositeActor.java:455)
	at ptolemy.domains.de.kernel.DEDirector._fire(DEDirector.java:1949)
	at ptolemy.domains.de.kernel.DEDirector.fire(DEDirector.java:502)
	at ptolemy.actor.CompositeActor.fire(CompositeActor.java:455)
	at ptolemy.actor.Manager.iterate(Manager.java:851)
	at ptolemy.actor.Manager.execute(Manager.java:369)
	at ptolemy.actor.Manager.run(Manager.java:1263)
	at ptolemy.actor.Manager$PtolemyRunThread.run(Manager.java:1915)
java.lang.reflect.InvocationTargetException
	at sun.reflect.NativeConstructorAccessorImpl.newInstance0(Native Method)
	at sun.reflect.NativeConstructorAccessorImpl.newInstance(NativeConstructorAccessorImpl.java:62)
	at sun.reflect.DelegatingConstructorAccessorImpl.newInstance(DelegatingConstructorAccessorImpl.java:45)
	at java.lang.reflect.Constructor.newInstance(Constructor.java:423)
	at ptolemy.util.test.junit.AutoKnownFailedTests.RunModel(AutoKnownFailedTests.java:107)
	at sun.reflect.NativeMethodAccessorImpl.invoke0(Native Method)
	at sun.reflect.NativeMethodAccessorImpl.invoke(NativeMethodAccessorImpl.java:62)
	at sun.reflect.DelegatingMethodAccessorImpl.invoke(DelegatingMethodAccessorImpl.java:43)
	at java.lang.reflect.Method.invoke(Method.java:498)
	at org.junit.runners.model.FrameworkMethod$1.runReflectiveCall(FrameworkMethod.java:44)
	at org.junit.internal.runners.model.ReflectiveCallable.run(ReflectiveCallable.java:15)
	at org.junit.runners.model.FrameworkMethod.invokeExplosively(FrameworkMethod.java:41)
	at junitparams.internal.InvokeParameterisedMethod.evaluate(InvokeParameterisedMethod.java:102)
	at org.junit.internal.runners.statements.FailOnTimeout$1.run(FailOnTimeout.java:28)
Caused by: ptolemy.kernel.util.IllegalActionException: Actor is not ready to fire.  Perhaps UpSample.prefire() returned false? Try debugging the actor by selecting "Listen to Actor".  Also, for SDF check moml for tokenConsumptionRate on input.
  in .DESDFClockTest.Play Bell.Copy1:SDF Director and .DESDFClockTest.Play Bell.UpSample
	at ptolemy.actor.sched.StaticSchedulingDirector.fire(StaticSchedulingDirector.java:227)
	at ptolemy.domains.sdf.kernel.SDFDirector.fire(SDFDirector.java:500)
	at ptolemy.actor.CompositeActor.fire(CompositeActor.java:455)
	at ptolemy.domains.de.kernel.DEDirector._fire(DEDirector.java:1949)
	at ptolemy.domains.de.kernel.DEDirector.fire(DEDirector.java:502)
	at ptolemy.actor.CompositeActor.fire(CompositeActor.java:455)
	at ptolemy.actor.Manager.iterate(Manager.java:851)
	at ptolemy.actor.Manager.execute(Manager.java:369)
	at ptolemy.actor.Manager.run(Manager.java:1263)
	at ptolemy.actor.Manager$PtolemyRunThread.run(Manager.java:1915)
java.lang.RuntimeException: Execution failed
	at ptolemy.moml.MoMLSimpleApplication$UnloadThread.run(MoMLSimpleApplication.java:402)
Caused by: ptolemy.kernel.util.IllegalActionException: Test fails in iteration 1.
Value was: 1.0. Should have been: 2.0
  in .DirectFeedback.Test
	at ptolemy.actor.lib.Test.fire(Test.java:268)
	at ptolemy.domains.de.kernel.DEDirector._fire(DEDirector.java:1949)
	at ptolemy.domains.de.kernel.DEDirector.fire(DEDirector.java:502)
	at ptolemy.actor.CompositeActor.fire(CompositeActor.java:455)
	at ptolemy.actor.Manager.iterate(Manager.java:851)
	at ptolemy.actor.Manager.execute(Manager.java:369)
	at ptolemy.actor.Manager.run(Manager.java:1263)
	at ptolemy.actor.Manager$PtolemyRunThread.run(Manager.java:1915)
java.lang.reflect.InvocationTargetException
	at sun.reflect.NativeConstructorAccessorImpl.newInstance0(Native Method)
	at sun.reflect.NativeConstructorAccessorImpl.newInstance(NativeConstructorAccessorImpl.java:62)
	at sun.reflect.DelegatingConstructorAccessorImpl.newInstance(DelegatingConstructorAccessorImpl.java:45)
	at java.lang.reflect.Constructor.newInstance(Constructor.java:423)
	at ptolemy.util.test.junit.AutoKnownFailedTests.RunModel(AutoKnownFailedTests.java:107)
	at sun.reflect.NativeMethodAccessorImpl.invoke0(Native Method)
	at sun.reflect.NativeMethodAccessorImpl.invoke(NativeMethodAccessorImpl.java:62)
	at sun.reflect.DelegatingMethodAccessorImpl.invoke(DelegatingMethodAccessorImpl.java:43)
	at java.lang.reflect.Method.invoke(Method.java:498)
	at org.junit.runners.model.FrameworkMethod$1.runReflectiveCall(FrameworkMethod.java:44)
	at org.junit.internal.runners.model.ReflectiveCallable.run(ReflectiveCallable.java:15)
	at org.junit.runners.model.FrameworkMethod.invokeExplosively(FrameworkMethod.java:41)
	at junitparams.internal.InvokeParameterisedMethod.evaluate(InvokeParameterisedMethod.java:102)
	at org.junit.internal.runners.statements.FailOnTimeout$1.run(FailOnTimeout.java:28)
Caused by: ptolemy.kernel.util.IllegalActionException: Test fails in iteration 1.
Value was: 1.0. Should have been: 2.0
  in .DirectFeedback.Test
	at ptolemy.actor.lib.Test.fire(Test.java:268)
	at ptolemy.domains.de.kernel.DEDirector._fire(DEDirector.java:1949)
	at ptolemy.domains.de.kernel.DEDirector.fire(DEDirector.java:502)
	at ptolemy.actor.CompositeActor.fire(CompositeActor.java:455)
	at ptolemy.actor.Manager.iterate(Manager.java:851)
	at ptolemy.actor.Manager.execute(Manager.java:369)
	at ptolemy.actor.Manager.run(Manager.java:1263)
	at ptolemy.actor.Manager$PtolemyRunThread.run(Manager.java:1915)
java.lang.RuntimeException: Execution failed
	at ptolemy.moml.MoMLSimpleApplication$UnloadThread.run(MoMLSimpleApplication.java:402)
Caused by: ptolemy.kernel.util.IllegalActionException: Found a zero delay loop containing .HierarchicalModel.A
  in .HierarchicalModel and .HierarchicalModel.A
	at ptolemy.actor.util.CausalityInterfaceForComposites._computeOutputPortDepth(CausalityInterfaceForComposites.java:759)
	at ptolemy.actor.util.CausalityInterfaceForComposites._computeInputDepth(CausalityInterfaceForComposites.java:696)
	at ptolemy.actor.util.CausalityInterfaceForComposites._computeOutputPortDepth(CausalityInterfaceForComposites.java:765)
	at ptolemy.actor.util.CausalityInterfaceForComposites._computeInputDepth(CausalityInterfaceForComposites.java:696)
	at ptolemy.actor.util.CausalityInterfaceForComposites._computeOutputPortDepth(CausalityInterfaceForComposites.java:765)
	at ptolemy.actor.util.CausalityInterfaceForComposites._computeInputDepth(CausalityInterfaceForComposites.java:696)
	at ptolemy.actor.util.CausalityInterfaceForComposites._computeActorDepth(CausalityInterfaceForComposites.java:532)
	at ptolemy.actor.util.CausalityInterfaceForComposites.checkForCycles(CausalityInterfaceForComposites.java:96)
	at ptolemy.domains.de.kernel.DEDirector.preinitialize(DEDirector.java:1338)
	at ptolemy.actor.CompositeActor.preinitialize(CompositeActor.java:1828)
	at ptolemy.actor.Manager.preinitializeAndResolveTypes(Manager.java:1040)
	at ptolemy.actor.Manager.initialize(Manager.java:710)
	at ptolemy.actor.Manager.execute(Manager.java:356)
	at ptolemy.actor.Manager.run(Manager.java:1263)
	at ptolemy.actor.Manager$PtolemyRunThread.run(Manager.java:1915)
java.lang.reflect.InvocationTargetException
	at sun.reflect.NativeConstructorAccessorImpl.newInstance0(Native Method)
	at sun.reflect.NativeConstructorAccessorImpl.newInstance(NativeConstructorAccessorImpl.java:62)
	at sun.reflect.DelegatingConstructorAccessorImpl.newInstance(DelegatingConstructorAccessorImpl.java:45)
	at java.lang.reflect.Constructor.newInstance(Constructor.java:423)
	at ptolemy.util.test.junit.AutoKnownFailedTests.RunModel(AutoKnownFailedTests.java:107)
	at sun.reflect.NativeMethodAccessorImpl.invoke0(Native Method)
	at sun.reflect.NativeMethodAccessorImpl.invoke(NativeMethodAccessorImpl.java:62)
	at sun.reflect.DelegatingMethodAccessorImpl.invoke(DelegatingMethodAccessorImpl.java:43)
	at java.lang.reflect.Method.invoke(Method.java:498)
	at org.junit.runners.model.FrameworkMethod$1.runReflectiveCall(FrameworkMethod.java:44)
	at org.junit.internal.runners.model.ReflectiveCallable.run(ReflectiveCallable.java:15)
	at org.junit.runners.model.FrameworkMethod.invokeExplosively(FrameworkMethod.java:41)
	at junitparams.internal.InvokeParameterisedMethod.evaluate(InvokeParameterisedMethod.java:102)
	at org.junit.internal.runners.statements.FailOnTimeout$1.run(FailOnTimeout.java:28)
Caused by: ptolemy.kernel.util.IllegalActionException: Found a zero delay loop containing .HierarchicalModel.A
  in .HierarchicalModel and .HierarchicalModel.A
	at ptolemy.actor.util.CausalityInterfaceForComposites._computeOutputPortDepth(CausalityInterfaceForComposites.java:759)
	at ptolemy.actor.util.CausalityInterfaceForComposites._computeInputDepth(CausalityInterfaceForComposites.java:696)
	at ptolemy.actor.util.CausalityInterfaceForComposites._computeOutputPortDepth(CausalityInterfaceForComposites.java:765)
	at ptolemy.actor.util.CausalityInterfaceForComposites._computeInputDepth(CausalityInterfaceForComposites.java:696)
	at ptolemy.actor.util.CausalityInterfaceForComposites._computeOutputPortDepth(CausalityInterfaceForComposites.java:765)
	at ptolemy.actor.util.CausalityInterfaceForComposites._computeInputDepth(CausalityInterfaceForComposites.java:696)
	at ptolemy.actor.util.CausalityInterfaceForComposites._computeActorDepth(CausalityInterfaceForComposites.java:532)
	at ptolemy.actor.util.CausalityInterfaceForComposites.checkForCycles(CausalityInterfaceForComposites.java:96)
	at ptolemy.domains.de.kernel.DEDirector.preinitialize(DEDirector.java:1338)
	at ptolemy.actor.CompositeActor.preinitialize(CompositeActor.java:1828)
	at ptolemy.actor.Manager.preinitializeAndResolveTypes(Manager.java:1040)
	at ptolemy.actor.Manager.initialize(Manager.java:710)
	at ptolemy.actor.Manager.execute(Manager.java:356)
	at ptolemy.actor.Manager.run(Manager.java:1263)
	at ptolemy.actor.Manager$PtolemyRunThread.run(Manager.java:1915)
java.lang.RuntimeException: Execution failed
	at ptolemy.moml.MoMLSimpleApplication$UnloadThread.run(MoMLSimpleApplication.java:402)
Caused by: ptolemy.kernel.util.IllegalActionException: Found a zero delay loop containing .dependencyLoop.original
  in .dependencyLoop and .dependencyLoop.original
	at ptolemy.actor.util.CausalityInterfaceForComposites._computeOutputPortDepth(CausalityInterfaceForComposites.java:759)
	at ptolemy.actor.util.CausalityInterfaceForComposites._computeInputDepth(CausalityInterfaceForComposites.java:696)
	at ptolemy.actor.util.CausalityInterfaceForComposites._computeOutputPortDepth(CausalityInterfaceForComposites.java:765)
	at ptolemy.actor.util.CausalityInterfaceForComposites._computeInputDepth(CausalityInterfaceForComposites.java:696)
	at ptolemy.actor.util.CausalityInterfaceForComposites._computeOutputPortDepth(CausalityInterfaceForComposites.java:765)
	at ptolemy.actor.util.CausalityInterfaceForComposites._computeInputDepth(CausalityInterfaceForComposites.java:696)
	at ptolemy.actor.util.CausalityInterfaceForComposites._computeActorDepth(CausalityInterfaceForComposites.java:532)
	at ptolemy.actor.util.CausalityInterfaceForComposites.checkForCycles(CausalityInterfaceForComposites.java:96)
	at ptolemy.domains.de.kernel.DEDirector.preinitialize(DEDirector.java:1338)
	at ptolemy.actor.CompositeActor.preinitialize(CompositeActor.java:1828)
	at ptolemy.actor.Manager.preinitializeAndResolveTypes(Manager.java:1040)
	at ptolemy.actor.Manager.initialize(Manager.java:710)
	at ptolemy.actor.Manager.execute(Manager.java:356)
	at ptolemy.actor.Manager.run(Manager.java:1263)
	at ptolemy.actor.Manager$PtolemyRunThread.run(Manager.java:1915)
java.lang.reflect.InvocationTargetException
	at sun.reflect.NativeConstructorAccessorImpl.newInstance0(Native Method)
	at sun.reflect.NativeConstructorAccessorImpl.newInstance(NativeConstructorAccessorImpl.java:62)
	at sun.reflect.DelegatingConstructorAccessorImpl.newInstance(DelegatingConstructorAccessorImpl.java:45)
	at java.lang.reflect.Constructor.newInstance(Constructor.java:423)
	at ptolemy.util.test.junit.AutoKnownFailedTests.RunModel(AutoKnownFailedTests.java:107)
	at sun.reflect.NativeMethodAccessorImpl.invoke0(Native Method)
	at sun.reflect.NativeMethodAccessorImpl.invoke(NativeMethodAccessorImpl.java:62)
	at sun.reflect.DelegatingMethodAccessorImpl.invoke(DelegatingMethodAccessorImpl.java:43)
	at java.lang.reflect.Method.invoke(Method.java:498)
	at org.junit.runners.model.FrameworkMethod$1.runReflectiveCall(FrameworkMethod.java:44)
	at org.junit.internal.runners.model.ReflectiveCallable.run(ReflectiveCallable.java:15)
	at org.junit.runners.model.FrameworkMethod.invokeExplosively(FrameworkMethod.java:41)
	at junitparams.internal.InvokeParameterisedMethod.evaluate(InvokeParameterisedMethod.java:102)
	at org.junit.internal.runners.statements.FailOnTimeout$1.run(FailOnTimeout.java:28)
Caused by: ptolemy.kernel.util.IllegalActionException: Found a zero delay loop containing .dependencyLoop.original
  in .dependencyLoop and .dependencyLoop.original
	at ptolemy.actor.util.CausalityInterfaceForComposites._computeOutputPortDepth(CausalityInterfaceForComposites.java:759)
	at ptolemy.actor.util.CausalityInterfaceForComposites._computeInputDepth(CausalityInterfaceForComposites.java:696)
	at ptolemy.actor.util.CausalityInterfaceForComposites._computeOutputPortDepth(CausalityInterfaceForComposites.java:765)
	at ptolemy.actor.util.CausalityInterfaceForComposites._computeInputDepth(CausalityInterfaceForComposites.java:696)
	at ptolemy.actor.util.CausalityInterfaceForComposites._computeOutputPortDepth(CausalityInterfaceForComposites.java:765)
	at ptolemy.actor.util.CausalityInterfaceForComposites._computeInputDepth(CausalityInterfaceForComposites.java:696)
	at ptolemy.actor.util.CausalityInterfaceForComposites._computeActorDepth(CausalityInterfaceForComposites.java:532)
	at ptolemy.actor.util.CausalityInterfaceForComposites.checkForCycles(CausalityInterfaceForComposites.java:96)
	at ptolemy.domains.de.kernel.DEDirector.preinitialize(DEDirector.java:1338)
	at ptolemy.actor.CompositeActor.preinitialize(CompositeActor.java:1828)
	at ptolemy.actor.Manager.preinitializeAndResolveTypes(Manager.java:1040)
	at ptolemy.actor.Manager.initialize(Manager.java:710)
	at ptolemy.actor.Manager.execute(Manager.java:356)
	at ptolemy.actor.Manager.run(Manager.java:1263)
	at ptolemy.actor.Manager$PtolemyRunThread.run(Manager.java:1915)
java.lang.RuntimeException: Execution failed
	at ptolemy.moml.MoMLSimpleApplication$UnloadThread.run(MoMLSimpleApplication.java:402)
Caused by: ptolemy.kernel.util.IllegalActionException: Found a zero delay loop containing .dependencyLoop2.original
  in .dependencyLoop2 and .dependencyLoop2.original
	at ptolemy.actor.util.CausalityInterfaceForComposites._computeOutputPortDepth(CausalityInterfaceForComposites.java:759)
	at ptolemy.actor.util.CausalityInterfaceForComposites._computeInputDepth(CausalityInterfaceForComposites.java:696)
	at ptolemy.actor.util.CausalityInterfaceForComposites._computeOutputPortDepth(CausalityInterfaceForComposites.java:765)
	at ptolemy.actor.util.CausalityInterfaceForComposites._computeInputDepth(CausalityInterfaceForComposites.java:696)
	at ptolemy.actor.util.CausalityInterfaceForComposites._computeOutputPortDepth(CausalityInterfaceForComposites.java:765)
	at ptolemy.actor.util.CausalityInterfaceForComposites._computeInputDepth(CausalityInterfaceForComposites.java:696)
	at ptolemy.actor.util.CausalityInterfaceForComposites._computeActorDepth(CausalityInterfaceForComposites.java:532)
	at ptolemy.actor.util.CausalityInterfaceForComposites.checkForCycles(CausalityInterfaceForComposites.java:96)
	at ptolemy.domains.de.kernel.DEDirector.preinitialize(DEDirector.java:1338)
	at ptolemy.actor.CompositeActor.preinitialize(CompositeActor.java:1828)
	at ptolemy.actor.Manager.preinitializeAndResolveTypes(Manager.java:1040)
	at ptolemy.actor.Manager.initialize(Manager.java:710)
	at ptolemy.actor.Manager.execute(Manager.java:356)
	at ptolemy.actor.Manager.run(Manager.java:1263)
	at ptolemy.actor.Manager$PtolemyRunThread.run(Manager.java:1915)
java.lang.reflect.InvocationTargetException
	at sun.reflect.NativeConstructorAccessorImpl.newInstance0(Native Method)
	at sun.reflect.NativeConstructorAccessorImpl.newInstance(NativeConstructorAccessorImpl.java:62)
	at sun.reflect.DelegatingConstructorAccessorImpl.newInstance(DelegatingConstructorAccessorImpl.java:45)
	at java.lang.reflect.Constructor.newInstance(Constructor.java:423)
	at ptolemy.util.test.junit.AutoKnownFailedTests.RunModel(AutoKnownFailedTests.java:107)
	at sun.reflect.NativeMethodAccessorImpl.invoke0(Native Method)
	at sun.reflect.NativeMethodAccessorImpl.invoke(NativeMethodAccessorImpl.java:62)
	at sun.reflect.DelegatingMethodAccessorImpl.invoke(DelegatingMethodAccessorImpl.java:43)
	at java.lang.reflect.Method.invoke(Method.java:498)
	at org.junit.runners.model.FrameworkMethod$1.runReflectiveCall(FrameworkMethod.java:44)
	at org.junit.internal.runners.model.ReflectiveCallable.run(ReflectiveCallable.java:15)
	at org.junit.runners.model.FrameworkMethod.invokeExplosively(FrameworkMethod.java:41)
	at junitparams.internal.InvokeParameterisedMethod.evaluate(InvokeParameterisedMethod.java:102)
	at org.junit.internal.runners.statements.FailOnTimeout$1.run(FailOnTimeout.java:28)
Caused by: ptolemy.kernel.util.IllegalActionException: Found a zero delay loop containing .dependencyLoop2.original
  in .dependencyLoop2 and .dependencyLoop2.original
	at ptolemy.actor.util.CausalityInterfaceForComposites._computeOutputPortDepth(CausalityInterfaceForComposites.java:759)
	at ptolemy.actor.util.CausalityInterfaceForComposites._computeInputDepth(CausalityInterfaceForComposites.java:696)
	at ptolemy.actor.util.CausalityInterfaceForComposites._computeOutputPortDepth(CausalityInterfaceForComposites.java:765)
	at ptolemy.actor.util.CausalityInterfaceForComposites._computeInputDepth(CausalityInterfaceForComposites.java:696)
	at ptolemy.actor.util.CausalityInterfaceForComposites._computeOutputPortDepth(CausalityInterfaceForComposites.java:765)
	at ptolemy.actor.util.CausalityInterfaceForComposites._computeInputDepth(CausalityInterfaceForComposites.java:696)
	at ptolemy.actor.util.CausalityInterfaceForComposites._computeActorDepth(CausalityInterfaceForComposites.java:532)
	at ptolemy.actor.util.CausalityInterfaceForComposites.checkForCycles(CausalityInterfaceForComposites.java:96)
	at ptolemy.domains.de.kernel.DEDirector.preinitialize(DEDirector.java:1338)
	at ptolemy.actor.CompositeActor.preinitialize(CompositeActor.java:1828)
	at ptolemy.actor.Manager.preinitializeAndResolveTypes(Manager.java:1040)
	at ptolemy.actor.Manager.initialize(Manager.java:710)
	at ptolemy.actor.Manager.execute(Manager.java:356)
	at ptolemy.actor.Manager.run(Manager.java:1263)
	at ptolemy.actor.Manager$PtolemyRunThread.run(Manager.java:1915)
]]></system-err>
</testsuite>
