<?xml version="1.0" encoding="UTF-8" ?>
<testsuite errors="0" failures="0" hostname="travis-job-acfd007f-28e2-484a-835e-73d25a918b1e" name="ptolemy.domains.modal.test.junit.JUnitTclTest" skipped="0" tests="148" time="10.922" timestamp="2019-11-05T06:12:34">
  <properties>
[...]
</properties>
  <testcase classname="ptolemy.util.test.junit.TclTests" name="[0] /home/travis/build/icyphy/ptII/ptolemy/domains/modal/test/SystemLevelType.tcl (RunTclFile)" time="1.97" />
  <testcase classname="ptolemy.util.test.junit.AutoKnownFailedTests" name="[0] /home/travis/build/icyphy/ptII/ptolemy/domains/modal/test/auto/knownFailedTests/CannotAnalysisWithPreemption.xml (RunModel)" time="0.278" />
  <testcase classname="ptolemy.util.test.junit.AutoNameArchTests" name="[0] ThereAreNoAutoArchTests (RunModel)" time="0.005" />
  <testcase classname="ptolemy.util.test.junit.AutoTests" name="[0] /home/travis/build/icyphy/ptII/ptolemy/domains/modal/test/auto/ABPTest.xml (RunModel)" time="0.86" />
  <testcase classname="ptolemy.util.test.junit.AutoTests" name="[1] /home/travis/build/icyphy/ptII/ptolemy/domains/modal/test/auto/ABROFlat.xml (RunModel)" time="0.102" />
  <testcase classname="ptolemy.util.test.junit.AutoTests" name="[2] /home/travis/build/icyphy/ptII/ptolemy/domains/modal/test/auto/ABROFlat2.xml (RunModel)" time="0.057" />
  <testcase classname="ptolemy.util.test.junit.AutoTests" name="[3] /home/travis/build/icyphy/ptII/ptolemy/domains/modal/test/auto/ABRO_present_hmm.xml (RunModel)" time="0.129" />
  <testcase classname="ptolemy.util.test.junit.AutoTests" name="[4] /home/travis/build/icyphy/ptII/ptolemy/domains/modal/test/auto/AMICoderExample.xml (RunModel)" time="0.086" />
  <testcase classname="ptolemy.util.test.junit.AutoTests" name="[5] /home/travis/build/icyphy/ptII/ptolemy/domains/modal/test/auto/AbsentToPresent.xml (RunModel)" time="0.028" />
  <testcase classname="ptolemy.util.test.junit.AutoTests" name="[6] /home/travis/build/icyphy/ptII/ptolemy/domains/modal/test/auto/Blending.xml (RunModel)" time="0.296" />
  <testcase classname="ptolemy.util.test.junit.AutoTests" name="[7] /home/travis/build/icyphy/ptII/ptolemy/domains/modal/test/auto/Broadcast.xml (RunModel)" time="0.041" />
  <testcase classname="ptolemy.util.test.junit.AutoTests" name="[8] /home/travis/build/icyphy/ptII/ptolemy/domains/modal/test/auto/BroadcastHierarchy.xml (RunModel)" time="0.069" />
  <testcase classname="ptolemy.util.test.junit.AutoTests" name="[9] /home/travis/build/icyphy/ptII/ptolemy/domains/modal/test/auto/BroadcastHierarchy2.xml (RunModel)" time="0.103" />
  <testcase classname="ptolemy.util.test.junit.AutoTests" name="[10] /home/travis/build/icyphy/ptII/ptolemy/domains/modal/test/auto/BroadcastHierarchy3.xml (RunModel)" time="0.088" />
  <testcase classname="ptolemy.util.test.junit.AutoTests" name="[11] /home/travis/build/icyphy/ptII/ptolemy/domains/modal/test/auto/BroadcastHierarchy4.xml (RunModel)" time="0.088" />
  <testcase classname="ptolemy.util.test.junit.AutoTests" name="[12] /home/travis/build/icyphy/ptII/ptolemy/domains/modal/test/auto/CannotAnalysisWithPreemption2.xml (RunModel)" time="0.056" />
  <testcase classname="ptolemy.util.test.junit.AutoTests" name="[13] /home/travis/build/icyphy/ptII/ptolemy/domains/modal/test/auto/CannotAnalysisWithPreemption3.xml (RunModel)" time="0.052" />
  <testcase classname="ptolemy.util.test.junit.AutoTests" name="[14] /home/travis/build/icyphy/ptII/ptolemy/domains/modal/test/auto/CannotProduce.xml (RunModel)" time="0.036" />
  <testcase classname="ptolemy.util.test.junit.AutoTests" name="[15] /home/travis/build/icyphy/ptII/ptolemy/domains/modal/test/auto/CannotProduceModal.xml (RunModel)" time="0.04" />
  <testcase classname="ptolemy.util.test.junit.AutoTests" name="[16] /home/travis/build/icyphy/ptII/ptolemy/domains/modal/test/auto/Case.xml (RunModel)" time="0.079" />
  <testcase classname="ptolemy.util.test.junit.AutoTests" name="[17] /home/travis/build/icyphy/ptII/ptolemy/domains/modal/test/auto/Case1.xml (RunModel)" time="0.036" />
  <testcase classname="ptolemy.util.test.junit.AutoTests" name="[18] /home/travis/build/icyphy/ptII/ptolemy/domains/modal/test/auto/Case2.xml (RunModel)" time="0.061" />
  <testcase classname="ptolemy.util.test.junit.AutoTests" name="[19] /home/travis/build/icyphy/ptII/ptolemy/domains/modal/test/auto/CausalityInterface1.xml (RunModel)" time="0.034" />
  <testcase classname="ptolemy.util.test.junit.AutoTests" name="[20] /home/travis/build/icyphy/ptII/ptolemy/domains/modal/test/auto/CausalityInterface10.xml (RunModel)" time="0.047" />
  <testcase classname="ptolemy.util.test.junit.AutoTests" name="[21] /home/travis/build/icyphy/ptII/ptolemy/domains/modal/test/auto/CausalityInterface11.xml (RunModel)" time="0.048" />
  <testcase classname="ptolemy.util.test.junit.AutoTests" name="[22] /home/travis/build/icyphy/ptII/ptolemy/domains/modal/test/auto/CausalityInterface12.xml (RunModel)" time="0.068" />
  <testcase classname="ptolemy.util.test.junit.AutoTests" name="[23] /home/travis/build/icyphy/ptII/ptolemy/domains/modal/test/auto/CausalityInterface13.xml (RunModel)" time="0.061" />
  <testcase classname="ptolemy.util.test.junit.AutoTests" name="[24] /home/travis/build/icyphy/ptII/ptolemy/domains/modal/test/auto/CausalityInterface14.xml (RunModel)" time="0.05" />
  <testcase classname="ptolemy.util.test.junit.AutoTests" name="[25] /home/travis/build/icyphy/ptII/ptolemy/domains/modal/test/auto/CausalityInterface2.xml (RunModel)" time="0.025" />
  <testcase classname="ptolemy.util.test.junit.AutoTests" name="[26] /home/travis/build/icyphy/ptII/ptolemy/domains/modal/test/auto/CausalityInterface3.xml (RunModel)" time="0.021" />
  <testcase classname="ptolemy.util.test.junit.AutoTests" name="[27] /home/travis/build/icyphy/ptII/ptolemy/domains/modal/test/auto/CausalityInterface4.xml (RunModel)" time="0.025" />
  <testcase classname="ptolemy.util.test.junit.AutoTests" name="[28] /home/travis/build/icyphy/ptII/ptolemy/domains/modal/test/auto/CausalityInterface5.xml (RunModel)" time="0.031" />
  <testcase classname="ptolemy.util.test.junit.AutoTests" name="[29] /home/travis/build/icyphy/ptII/ptolemy/domains/modal/test/auto/CausalityInterface6.xml (RunModel)" time="0.039" />
  <testcase classname="ptolemy.util.test.junit.AutoTests" name="[30] /home/travis/build/icyphy/ptII/ptolemy/domains/modal/test/auto/CausalityInterface7.xml (RunModel)" time="0.034" />
  <testcase classname="ptolemy.util.test.junit.AutoTests" name="[31] /home/travis/build/icyphy/ptII/ptolemy/domains/modal/test/auto/CausalityInterface8.xml (RunModel)" time="0.032" />
  <testcase classname="ptolemy.util.test.junit.AutoTests" name="[32] /home/travis/build/icyphy/ptII/ptolemy/domains/modal/test/auto/CausalityInterface9.xml (RunModel)" time="0.047" />
  <testcase classname="ptolemy.util.test.junit.AutoTests" name="[33] /home/travis/build/icyphy/ptII/ptolemy/domains/modal/test/auto/ChainedTransitions.xml (RunModel)" time="0.163" />
  <testcase classname="ptolemy.util.test.junit.AutoTests" name="[34] /home/travis/build/icyphy/ptII/ptolemy/domains/modal/test/auto/CycleOfImmediateTransitionsFSM.xml (RunModel)" time="0.021" />
  <testcase classname="ptolemy.util.test.junit.AutoTests" name="[35] /home/travis/build/icyphy/ptII/ptolemy/domains/modal/test/auto/CycleOfImmediateTransitionsModal.xml (RunModel)" time="0.023" />
  <testcase classname="ptolemy.util.test.junit.AutoTests" name="[36] /home/travis/build/icyphy/ptII/ptolemy/domains/modal/test/auto/CycleOfImmediateTransitionsModal2.xml (RunModel)" time="0.028" />
  <testcase classname="ptolemy.util.test.junit.AutoTests" name="[37] /home/travis/build/icyphy/ptII/ptolemy/domains/modal/test/auto/CycleOfImmediateTransitionsModal3.xml (RunModel)" time="0.084" />
  <testcase classname="ptolemy.util.test.junit.AutoTests" name="[38] /home/travis/build/icyphy/ptII/ptolemy/domains/modal/test/auto/DeepModal1.xml (RunModel)" time="0.063" />
  <testcase classname="ptolemy.util.test.junit.AutoTests" name="[39] /home/travis/build/icyphy/ptII/ptolemy/domains/modal/test/auto/DeepModal2.xml (RunModel)" time="0.06" />
  <testcase classname="ptolemy.util.test.junit.AutoTests" name="[40] /home/travis/build/icyphy/ptII/ptolemy/domains/modal/test/auto/DeepModal3.xml (RunModel)" time="0.09" />
  <testcase classname="ptolemy.util.test.junit.AutoTests" name="[41] /home/travis/build/icyphy/ptII/ptolemy/domains/modal/test/auto/DeepModal4.xml (RunModel)" time="0.076" />
  <testcase classname="ptolemy.util.test.junit.AutoTests" name="[42] /home/travis/build/icyphy/ptII/ptolemy/domains/modal/test/auto/Default1.xml (RunModel)" time="0.017" />
  <testcase classname="ptolemy.util.test.junit.AutoTests" name="[43] /home/travis/build/icyphy/ptII/ptolemy/domains/modal/test/auto/Default2.xml (RunModel)" time="0.02" />
  <testcase classname="ptolemy.util.test.junit.AutoTests" name="[44] /home/travis/build/icyphy/ptII/ptolemy/domains/modal/test/auto/Default3.xml (RunModel)" time="0.019" />
  <testcase classname="ptolemy.util.test.junit.AutoTests" name="[45] /home/travis/build/icyphy/ptII/ptolemy/domains/modal/test/auto/Default4.xml (RunModel)" time="0.015" />
  <testcase classname="ptolemy.util.test.junit.AutoTests" name="[46] /home/travis/build/icyphy/ptII/ptolemy/domains/modal/test/auto/Default5.xml (RunModel)" time="0.024" />
  <testcase classname="ptolemy.util.test.junit.AutoTests" name="[47] /home/travis/build/icyphy/ptII/ptolemy/domains/modal/test/auto/EmptyGuard.xml (RunModel)" time="0.031" />
  <testcase classname="ptolemy.util.test.junit.AutoTests" name="[48] /home/travis/build/icyphy/ptII/ptolemy/domains/modal/test/auto/ErrorTransition1.xml (RunModel)" time="0.036" />
  <testcase classname="ptolemy.util.test.junit.AutoTests" name="[49] /home/travis/build/icyphy/ptII/ptolemy/domains/modal/test/auto/ErrorTransition10.xml (RunModel)" time="0.043" />
  <testcase classname="ptolemy.util.test.junit.AutoTests" name="[50] /home/travis/build/icyphy/ptII/ptolemy/domains/modal/test/auto/ErrorTransition11.xml (RunModel)" time="0.038" />
  <testcase classname="ptolemy.util.test.junit.AutoTests" name="[51] /home/travis/build/icyphy/ptII/ptolemy/domains/modal/test/auto/ErrorTransition2.xml (RunModel)" time="0.053" />
  <testcase classname="ptolemy.util.test.junit.AutoTests" name="[52] /home/travis/build/icyphy/ptII/ptolemy/domains/modal/test/auto/ErrorTransition3.xml (RunModel)" time="0.044" />
  <testcase classname="ptolemy.util.test.junit.AutoTests" name="[53] /home/travis/build/icyphy/ptII/ptolemy/domains/modal/test/auto/ErrorTransition4.xml (RunModel)" time="0.047" />
  <testcase classname="ptolemy.util.test.junit.AutoTests" name="[54] /home/travis/build/icyphy/ptII/ptolemy/domains/modal/test/auto/ErrorTransition5.xml (RunModel)" time="0.032" />
  <testcase classname="ptolemy.util.test.junit.AutoTests" name="[55] /home/travis/build/icyphy/ptII/ptolemy/domains/modal/test/auto/ErrorTransition6.xml (RunModel)" time="0.033" />
  <testcase classname="ptolemy.util.test.junit.AutoTests" name="[56] /home/travis/build/icyphy/ptII/ptolemy/domains/modal/test/auto/ErrorTransition7.xml (RunModel)" time="0.051" />
  <testcase classname="ptolemy.util.test.junit.AutoTests" name="[57] /home/travis/build/icyphy/ptII/ptolemy/domains/modal/test/auto/ErrorTransition8.xml (RunModel)" time="0.046" />
  <testcase classname="ptolemy.util.test.junit.AutoTests" name="[58] /home/travis/build/icyphy/ptII/ptolemy/domains/modal/test/auto/ErrorTransition9.xml (RunModel)" time="0.059" />
  <testcase classname="ptolemy.util.test.junit.AutoTests" name="[59] /home/travis/build/icyphy/ptII/ptolemy/domains/modal/test/auto/ExtendedFSM.xml (RunModel)" time="0.02" />
  <testcase classname="ptolemy.util.test.junit.AutoTests" name="[60] /home/travis/build/icyphy/ptII/ptolemy/domains/modal/test/auto/FinalStates.xml (RunModel)" time="0.019" />
  <testcase classname="ptolemy.util.test.junit.AutoTests" name="[61] /home/travis/build/icyphy/ptII/ptolemy/domains/modal/test/auto/FixedPointFSM.xml (RunModel)" time="0.042" />
  <testcase classname="ptolemy.util.test.junit.AutoTests" name="[62] /home/travis/build/icyphy/ptII/ptolemy/domains/modal/test/auto/FixedPointIterationFSMActor.xml (RunModel)" time="0.053" />
  <testcase classname="ptolemy.util.test.junit.AutoTests" name="[63] /home/travis/build/icyphy/ptII/ptolemy/domains/modal/test/auto/FixedPointIterationFSMActor2.xml (RunModel)" time="0.042" />
  <testcase classname="ptolemy.util.test.junit.AutoTests" name="[64] /home/travis/build/icyphy/ptII/ptolemy/domains/modal/test/auto/ForbiddenInstantanousLoop.xml (RunModel)" time="0.031" />
  <testcase classname="ptolemy.util.test.junit.AutoTests" name="[65] /home/travis/build/icyphy/ptII/ptolemy/domains/modal/test/auto/FunctionDependencyOfFSMActorTest.xml (RunModel)" time="0.03" />
  <testcase classname="ptolemy.util.test.junit.AutoTests" name="[66] /home/travis/build/icyphy/ptII/ptolemy/domains/modal/test/auto/GuardExpression.xml (RunModel)" time="0.015" />
  <testcase classname="ptolemy.util.test.junit.AutoTests" name="[67] /home/travis/build/icyphy/ptII/ptolemy/domains/modal/test/auto/GuardNotEvaluated.xml (RunModel)" time="0.031" />
  <testcase classname="ptolemy.util.test.junit.AutoTests" name="[68] /home/travis/build/icyphy/ptII/ptolemy/domains/modal/test/auto/GuardNotEvaluated2.xml (RunModel)" time="0.025" />
  <testcase classname="ptolemy.util.test.junit.AutoTests" name="[69] /home/travis/build/icyphy/ptII/ptolemy/domains/modal/test/auto/GuardOnAbsent.xml (RunModel)" time="0.023" />
  <testcase classname="ptolemy.util.test.junit.AutoTests" name="[70] /home/travis/build/icyphy/ptII/ptolemy/domains/modal/test/auto/HierarchicalFSMTypeInference.xml (RunModel)" time="0.031" />
  <testcase classname="ptolemy.util.test.junit.AutoTests" name="[71] /home/travis/build/icyphy/ptII/ptolemy/domains/modal/test/auto/Hysteresis.xml (RunModel)" time="0.04" />
  <testcase classname="ptolemy.util.test.junit.AutoTests" name="[72] /home/travis/build/icyphy/ptII/ptolemy/domains/modal/test/auto/HysteresisWithDefault.xml (RunModel)" time="0.069" />
  <testcase classname="ptolemy.util.test.junit.AutoTests" name="[73] /home/travis/build/icyphy/ptII/ptolemy/domains/modal/test/auto/HysteresisWithDefault2.xml (RunModel)" time="0.1" />
  <testcase classname="ptolemy.util.test.junit.AutoTests" name="[74] /home/travis/build/icyphy/ptII/ptolemy/domains/modal/test/auto/ImmediateNonConstructiveness.xml (RunModel)" time="0.017" />
  <testcase classname="ptolemy.util.test.junit.AutoTests" name="[75] /home/travis/build/icyphy/ptII/ptolemy/domains/modal/test/auto/ImmediateNonConstructiveness2.xml (RunModel)" time="0.018" />
  <testcase classname="ptolemy.util.test.junit.AutoTests" name="[76] /home/travis/build/icyphy/ptII/ptolemy/domains/modal/test/auto/ImmediateTransitionReset.xml (RunModel)" time="0.032" />
  <testcase classname="ptolemy.util.test.junit.AutoTests" name="[77] /home/travis/build/icyphy/ptII/ptolemy/domains/modal/test/auto/ImmediateTransitions1.xml (RunModel)" time="0.013" />
  <testcase classname="ptolemy.util.test.junit.AutoTests" name="[78] /home/travis/build/icyphy/ptII/ptolemy/domains/modal/test/auto/ImmediateTransitionsInstantaneousCommunication.xml (RunModel)" time="0.036" />
  <testcase classname="ptolemy.util.test.junit.AutoTests" name="[79] /home/travis/build/icyphy/ptII/ptolemy/domains/modal/test/auto/InitialImmediateTransition.xml (RunModel)" time="0.014" />
  <testcase classname="ptolemy.util.test.junit.AutoTests" name="[80] /home/travis/build/icyphy/ptII/ptolemy/domains/modal/test/auto/InitialOutputs.xml (RunModel)" time="0.014" />
  <testcase classname="ptolemy.util.test.junit.AutoTests" name="[81] /home/travis/build/icyphy/ptII/ptolemy/domains/modal/test/auto/InitialStateTransition1.xml (RunModel)" time="0.018" />
  <testcase classname="ptolemy.util.test.junit.AutoTests" name="[82] /home/travis/build/icyphy/ptII/ptolemy/domains/modal/test/auto/InitialStateTransition2.xml (RunModel)" time="0.022" />
  <testcase classname="ptolemy.util.test.junit.AutoTests" name="[83] /home/travis/build/icyphy/ptII/ptolemy/domains/modal/test/auto/InitialStateTransition3.xml (RunModel)" time="0.028" />
  <testcase classname="ptolemy.util.test.junit.AutoTests" name="[84] /home/travis/build/icyphy/ptII/ptolemy/domains/modal/test/auto/InitialStateTransition4.xml (RunModel)" time="0.027" />
  <testcase classname="ptolemy.util.test.junit.AutoTests" name="[85] /home/travis/build/icyphy/ptII/ptolemy/domains/modal/test/auto/MalformedGuardExpressionNotCaught.xml (RunModel)" time="0.025" />
  <testcase classname="ptolemy.util.test.junit.AutoTests" name="[86] /home/travis/build/icyphy/ptII/ptolemy/domains/modal/test/auto/ModalBSC.xml (RunModel)" time="0.117" />
  <testcase classname="ptolemy.util.test.junit.AutoTests" name="[87] /home/travis/build/icyphy/ptII/ptolemy/domains/modal/test/auto/ModalClocks.xml (RunModel)" time="0.082" />
  <testcase classname="ptolemy.util.test.junit.AutoTests" name="[88] /home/travis/build/icyphy/ptII/ptolemy/domains/modal/test/auto/ModalDelay.xml (RunModel)" time="0.039" />
  <testcase classname="ptolemy.util.test.junit.AutoTests" name="[89] /home/travis/build/icyphy/ptII/ptolemy/domains/modal/test/auto/ModalDelay2.xml (RunModel)" time="0.044" />
  <testcase classname="ptolemy.util.test.junit.AutoTests" name="[90] /home/travis/build/icyphy/ptII/ptolemy/domains/modal/test/auto/ModalModelFromMemo.xml (RunModel)" time="0.057" />
  <testcase classname="ptolemy.util.test.junit.AutoTests" name="[91] /home/travis/build/icyphy/ptII/ptolemy/domains/modal/test/auto/ModalModelWithMultirateTransient.xml (RunModel)" time="0.05" />
  <testcase classname="ptolemy.util.test.junit.AutoTests" name="[92] /home/travis/build/icyphy/ptII/ptolemy/domains/modal/test/auto/ModalModelWithReset.xml (RunModel)" time="0.051" />
  <testcase classname="ptolemy.util.test.junit.AutoTests" name="[93] /home/travis/build/icyphy/ptII/ptolemy/domains/modal/test/auto/MouseClickFSM.xml (RunModel)" time="0.063" />
  <testcase classname="ptolemy.util.test.junit.AutoTests" name="[94] /home/travis/build/icyphy/ptII/ptolemy/domains/modal/test/auto/MouseClickFSMModal.xml (RunModel)" time="0.037" />
  <testcase classname="ptolemy.util.test.junit.AutoTests" name="[95] /home/travis/build/icyphy/ptII/ptolemy/domains/modal/test/auto/NonStrictFSM_FeedbackLoop.xml (RunModel)" time="0.047" />
  <testcase classname="ptolemy.util.test.junit.AutoTests" name="[96] /home/travis/build/icyphy/ptII/ptolemy/domains/modal/test/auto/NonStrictFSM_FeedbackLoop_Refinement.xml (RunModel)" time="0.097" />
  <testcase classname="ptolemy.util.test.junit.AutoTests" name="[97] /home/travis/build/icyphy/ptII/ptolemy/domains/modal/test/auto/NonStrictFSM_FeedbackLoop_preemptive.xml (RunModel)" time="0.059" />
  <testcase classname="ptolemy.util.test.junit.AutoTests" name="[98] /home/travis/build/icyphy/ptII/ptolemy/domains/modal/test/auto/NormalTermination.xml (RunModel)" time="0.049" />
  <testcase classname="ptolemy.util.test.junit.AutoTests" name="[99] /home/travis/build/icyphy/ptII/ptolemy/domains/modal/test/auto/Pong.xml (RunModel)" time="0.075" />
  <testcase classname="ptolemy.util.test.junit.AutoTests" name="[100] /home/travis/build/icyphy/ptII/ptolemy/domains/modal/test/auto/Pong_test.xml (RunModel)" time="0.112" />
  <testcase classname="ptolemy.util.test.junit.AutoTests" name="[101] /home/travis/build/icyphy/ptII/ptolemy/domains/modal/test/auto/PreemptionHierarchy.xml (RunModel)" time="0.037" />
  <testcase classname="ptolemy.util.test.junit.AutoTests" name="[102] /home/travis/build/icyphy/ptII/ptolemy/domains/modal/test/auto/PreemptionHierarchy2.xml (RunModel)" time="0.028" />
  <testcase classname="ptolemy.util.test.junit.AutoTests" name="[103] /home/travis/build/icyphy/ptII/ptolemy/domains/modal/test/auto/PreemptiveTransition.xml (RunModel)" time="0.027" />
  <testcase classname="ptolemy.util.test.junit.AutoTests" name="[104] /home/travis/build/icyphy/ptII/ptolemy/domains/modal/test/auto/Priorities.xml (RunModel)" time="0.09" />
  <testcase classname="ptolemy.util.test.junit.AutoTests" name="[105] /home/travis/build/icyphy/ptII/ptolemy/domains/modal/test/auto/ResetFinal.xml (RunModel)" time="0.047" />
  <testcase classname="ptolemy.util.test.junit.AutoTests" name="[106] /home/travis/build/icyphy/ptII/ptolemy/domains/modal/test/auto/ResetFinal2.xml (RunModel)" time="0.038" />
  <testcase classname="ptolemy.util.test.junit.AutoTests" name="[107] /home/travis/build/icyphy/ptII/ptolemy/domains/modal/test/auto/ResetTransitionWithStartTime.xml (RunModel)" time="0.031" />
  <testcase classname="ptolemy.util.test.junit.AutoTests" name="[108] /home/travis/build/icyphy/ptII/ptolemy/domains/modal/test/auto/SDF-FSMComposite.xml (RunModel)" time="0.024" />
  <testcase classname="ptolemy.util.test.junit.AutoTests" name="[109] /home/travis/build/icyphy/ptII/ptolemy/domains/modal/test/auto/SeeminglyNondeterminate.xml (RunModel)" time="0.071" />
  <testcase classname="ptolemy.util.test.junit.AutoTests" name="[110] /home/travis/build/icyphy/ptII/ptolemy/domains/modal/test/auto/SeeminglyNondeterminate2.xml (RunModel)" time="0.071" />
  <testcase classname="ptolemy.util.test.junit.AutoTests" name="[111] /home/travis/build/icyphy/ptII/ptolemy/domains/modal/test/auto/SpontaneousFSM.xml (RunModel)" time="0.049" />
  <testcase classname="ptolemy.util.test.junit.AutoTests" name="[112] /home/travis/build/icyphy/ptII/ptolemy/domains/modal/test/auto/SpontaneousFSM2.xml (RunModel)" time="0.028" />
  <testcase classname="ptolemy.util.test.junit.AutoTests" name="[113] /home/travis/build/icyphy/ptII/ptolemy/domains/modal/test/auto/SpontaneousFSM3.xml (RunModel)" time="0.052" />
  <testcase classname="ptolemy.util.test.junit.AutoTests" name="[114] /home/travis/build/icyphy/ptII/ptolemy/domains/modal/test/auto/SpontaneousFSM4.xml (RunModel)" time="0.046" />
  <testcase classname="ptolemy.util.test.junit.AutoTests" name="[115] /home/travis/build/icyphy/ptII/ptolemy/domains/modal/test/auto/StateTrackerTest.xml (RunModel)" time="0.044" />
  <testcase classname="ptolemy.util.test.junit.AutoTests" name="[116] /home/travis/build/icyphy/ptII/ptolemy/domains/modal/test/auto/StrongImmediateTransition.xml (RunModel)" time="0.019" />
  <testcase classname="ptolemy.util.test.junit.AutoTests" name="[117] /home/travis/build/icyphy/ptII/ptolemy/domains/modal/test/auto/SustainHierarchy.xml (RunModel)" time="0.026" />
  <testcase classname="ptolemy.util.test.junit.AutoTests" name="[118] /home/travis/build/icyphy/ptII/ptolemy/domains/modal/test/auto/TerminationTransition1.xml (RunModel)" time="0.018" />
  <testcase classname="ptolemy.util.test.junit.AutoTests" name="[119] /home/travis/build/icyphy/ptII/ptolemy/domains/modal/test/auto/TerminationTransition2.xml (RunModel)" time="0.021" />
  <testcase classname="ptolemy.util.test.junit.AutoTests" name="[120] /home/travis/build/icyphy/ptII/ptolemy/domains/modal/test/auto/TerminationTransition3.xml (RunModel)" time="0.021" />
  <testcase classname="ptolemy.util.test.junit.AutoTests" name="[121] /home/travis/build/icyphy/ptII/ptolemy/domains/modal/test/auto/TerminationTransition4.xml (RunModel)" time="0.032" />
  <testcase classname="ptolemy.util.test.junit.AutoTests" name="[122] /home/travis/build/icyphy/ptII/ptolemy/domains/modal/test/auto/TerminationTransition5.xml (RunModel)" time="0.029" />
  <testcase classname="ptolemy.util.test.junit.AutoTests" name="[123] /home/travis/build/icyphy/ptII/ptolemy/domains/modal/test/auto/TerminationTransition6.xml (RunModel)" time="0.02" />
  <testcase classname="ptolemy.util.test.junit.AutoTests" name="[124] /home/travis/build/icyphy/ptII/ptolemy/domains/modal/test/auto/TerminationTransition7.xml (RunModel)" time="0.02" />
  <testcase classname="ptolemy.util.test.junit.AutoTests" name="[125] /home/travis/build/icyphy/ptII/ptolemy/domains/modal/test/auto/TerminationTransition8.xml (RunModel)" time="0.024" />
  <testcase classname="ptolemy.util.test.junit.AutoTests" name="[126] /home/travis/build/icyphy/ptII/ptolemy/domains/modal/test/auto/Thermostat_NoHysteresis.xml (RunModel)" time="0.054" />
  <testcase classname="ptolemy.util.test.junit.AutoTests" name="[127] /home/travis/build/icyphy/ptII/ptolemy/domains/modal/test/auto/TimedFSM.xml (RunModel)" time="0.044" />
  <testcase classname="ptolemy.util.test.junit.AutoTests" name="[128] /home/travis/build/icyphy/ptII/ptolemy/domains/modal/test/auto/Timeout1.xml (RunModel)" time="0.018" />
  <testcase classname="ptolemy.util.test.junit.AutoTests" name="[129] /home/travis/build/icyphy/ptII/ptolemy/domains/modal/test/auto/Timeout2.xml (RunModel)" time="0.021" />
  <testcase classname="ptolemy.util.test.junit.AutoTests" name="[130] /home/travis/build/icyphy/ptII/ptolemy/domains/modal/test/auto/Timeout3.xml (RunModel)" time="0.011" />
  <testcase classname="ptolemy.util.test.junit.AutoTests" name="[131] /home/travis/build/icyphy/ptII/ptolemy/domains/modal/test/auto/Timeout4.xml (RunModel)" time="0.012" />
  <testcase classname="ptolemy.util.test.junit.AutoTests" name="[132] /home/travis/build/icyphy/ptII/ptolemy/domains/modal/test/auto/TransientstateModelAdvanced.xml (RunModel)" time="0.026" />
  <testcase classname="ptolemy.util.test.junit.AutoTests" name="[133] /home/travis/build/icyphy/ptII/ptolemy/domains/modal/test/auto/TransientstateModelAdvanced2.xml (RunModel)" time="0.029" />
  <testcase classname="ptolemy.util.test.junit.AutoTests" name="[134] /home/travis/build/icyphy/ptII/ptolemy/domains/modal/test/auto/TransitionRefinements.xml (RunModel)" time="0.025" />
  <testcase classname="ptolemy.util.test.junit.AutoTests" name="[135] /home/travis/build/icyphy/ptII/ptolemy/domains/modal/test/auto/TwoRefinements1.xml (RunModel)" time="0.025" />
  <testcase classname="ptolemy.util.test.junit.AutoTests" name="[136] /home/travis/build/icyphy/ptII/ptolemy/domains/modal/test/auto/TwoRefinements2.xml (RunModel)" time="0.024" />
  <testcase classname="ptolemy.util.test.junit.AutoTests" name="[137] /home/travis/build/icyphy/ptII/ptolemy/domains/modal/test/auto/WeakImmediateTransition.xml (RunModel)" time="0.026" />
  <testcase classname="ptolemy.util.test.junit.AutoTests" name="[138] /home/travis/build/icyphy/ptII/ptolemy/domains/modal/test/auto/booleanSelect.xml (RunModel)" time="0.077" />
  <testcase classname="ptolemy.util.test.junit.AutoTests" name="[139] /home/travis/build/icyphy/ptII/ptolemy/domains/modal/test/auto/modalChangingParams.xml (RunModel)" time="0.35" />
  <testcase classname="ptolemy.util.test.junit.AutoTests" name="[140] /home/travis/build/icyphy/ptII/ptolemy/domains/modal/test/auto/modalModel.xml (RunModel)" time="0.027" />
  <testcase classname="ptolemy.util.test.junit.AutoTests" name="[141] /home/travis/build/icyphy/ptII/ptolemy/domains/modal/test/auto/modalModel2.xml (RunModel)" time="0.029" />
  <testcase classname="ptolemy.util.test.junit.AutoTests" name="[142] /home/travis/build/icyphy/ptII/ptolemy/domains/modal/test/auto/modalModel3.xml (RunModel)" time="0.041" />
  <testcase classname="ptolemy.util.test.junit.AutoTests" name="[143] /home/travis/build/icyphy/ptII/ptolemy/domains/modal/test/auto/model1.xml (RunModel)" time="0.02" />
  <testcase classname="ptolemy.util.test.junit.AutoTests" name="[144] /home/travis/build/icyphy/ptII/ptolemy/domains/modal/test/auto/test-direct-in-out.xml (RunModel)" time="0.028" />
  <system-out><![CDATA[/home/travis/build/icyphy/ptII/ptolemy/domains/modal/test/SystemLevelType.tcl
testDefs.tcl: setting time out to 9000 seconds at Tue Nov 05 06:12:35 UTC 2019
11/05/19 06:12:36
Failed: 0  Total Tests: 1  ((Passed: 1, Newly Passed: 0)  Known Failed: 0) /home/travis/build/icyphy/ptII/ptolemy/domains/modal/test
----------------- testing (KnownFailure) /home/travis/build/icyphy/ptII/ptolemy/domains/modal/test/auto/knownFailedTests/CannotAnalysisWithPreemption.xml
141 ms. Memory: 120832K Free: 49264K (41%)
Known Failure: java.lang.reflect.InvocationTargetException
No auto/linux-amd64/*.xml tests in /home/travis/build/icyphy/ptII/ptolemy/domains/modal/test
AutoTests.java: About to close Vertx.
AutoTests.java: Vertx closed.

===========================================================================================
----------------- testing Tue Nov 05 06:12:37 UTC 2019 /home/travis/build/icyphy/ptII/ptolemy/domains/modal/test/auto/ABPTest.xml
----------------- Instantiating /home/travis/build/icyphy/ptII/ptolemy/domains/modal/test/auto/ABPTest.xml
330 ms. Memory: 145408K Free: 100838K (69%)
----------------- Invoking toplevel() on ptolemy.moml.MoMLSimpleApplication@5e253059
----------------- Done invoking toplevel() on ptolemy.moml.MoMLSimpleApplication@5e253059
reloadAllAccessors: .ABPTest

===========================================================================================
----------------- testing Tue Nov 05 06:12:38 UTC 2019 /home/travis/build/icyphy/ptII/ptolemy/domains/modal/test/auto/ABROFlat.xml
----------------- Instantiating /home/travis/build/icyphy/ptII/ptolemy/domains/modal/test/auto/ABROFlat.xml
22 ms. Memory: 145408K Free: 84879K (58%)
----------------- Invoking toplevel() on ptolemy.moml.MoMLSimpleApplication@15ddeabc
----------------- Done invoking toplevel() on ptolemy.moml.MoMLSimpleApplication@15ddeabc
reloadAllAccessors: .ABROFlat

===========================================================================================
----------------- testing Tue Nov 05 06:12:38 UTC 2019 /home/travis/build/icyphy/ptII/ptolemy/domains/modal/test/auto/ABROFlat2.xml
----------------- Instantiating /home/travis/build/icyphy/ptII/ptolemy/domains/modal/test/auto/ABROFlat2.xml
19 ms. Memory: 145408K Free: 67975K (47%)
----------------- Invoking toplevel() on ptolemy.moml.MoMLSimpleApplication@1e0112d7
----------------- Done invoking toplevel() on ptolemy.moml.MoMLSimpleApplication@1e0112d7
reloadAllAccessors: .ABROFlat2

===========================================================================================
----------------- testing Tue Nov 05 06:12:38 UTC 2019 /home/travis/build/icyphy/ptII/ptolemy/domains/modal/test/auto/ABRO_present_hmm.xml
----------------- Instantiating /home/travis/build/icyphy/ptII/ptolemy/domains/modal/test/auto/ABRO_present_hmm.xml
19 ms. Memory: 145408K Free: 120234K (83%)
----------------- Invoking toplevel() on ptolemy.moml.MoMLSimpleApplication@7c4cb61a
----------------- Done invoking toplevel() on ptolemy.moml.MoMLSimpleApplication@7c4cb61a
reloadAllAccessors: .ABRO_present_hmm

===========================================================================================
----------------- testing Tue Nov 05 06:12:38 UTC 2019 /home/travis/build/icyphy/ptII/ptolemy/domains/modal/test/auto/AMICoderExample.xml
----------------- Instantiating /home/travis/build/icyphy/ptII/ptolemy/domains/modal/test/auto/AMICoderExample.xml
44 ms. Memory: 145408K Free: 110040K (76%)
----------------- Invoking toplevel() on ptolemy.moml.MoMLSimpleApplication@75518eac
----------------- Done invoking toplevel() on ptolemy.moml.MoMLSimpleApplication@75518eac
reloadAllAccessors: .AMICoderExample

===========================================================================================
----------------- testing Tue Nov 05 06:12:38 UTC 2019 /home/travis/build/icyphy/ptII/ptolemy/domains/modal/test/auto/AbsentToPresent.xml
----------------- Instantiating /home/travis/build/icyphy/ptII/ptolemy/domains/modal/test/auto/AbsentToPresent.xml
7 ms. Memory: 145408K Free: 105434K (73%)
----------------- Invoking toplevel() on ptolemy.moml.MoMLSimpleApplication@3f73f7d3
----------------- Done invoking toplevel() on ptolemy.moml.MoMLSimpleApplication@3f73f7d3
reloadAllAccessors: .AbsentToPresent

===========================================================================================
----------------- testing Tue Nov 05 06:12:38 UTC 2019 /home/travis/build/icyphy/ptII/ptolemy/domains/modal/test/auto/Blending.xml
----------------- Instantiating /home/travis/build/icyphy/ptII/ptolemy/domains/modal/test/auto/Blending.xml
173 ms. Memory: 145408K Free: 60378K (42%)
----------------- Invoking toplevel() on ptolemy.moml.MoMLSimpleApplication@3e11dd68
----------------- Done invoking toplevel() on ptolemy.moml.MoMLSimpleApplication@3e11dd68
reloadAllAccessors: .Blending

===========================================================================================
----------------- testing Tue Nov 05 06:12:39 UTC 2019 /home/travis/build/icyphy/ptII/ptolemy/domains/modal/test/auto/Broadcast.xml
----------------- Instantiating /home/travis/build/icyphy/ptII/ptolemy/domains/modal/test/auto/Broadcast.xml
9 ms. Memory: 145408K Free: 50138K (34%)
----------------- Invoking toplevel() on ptolemy.moml.MoMLSimpleApplication@7a00ba71
----------------- Done invoking toplevel() on ptolemy.moml.MoMLSimpleApplication@7a00ba71
reloadAllAccessors: .Broadcast

===========================================================================================
----------------- testing Tue Nov 05 06:12:39 UTC 2019 /home/travis/build/icyphy/ptII/ptolemy/domains/modal/test/auto/BroadcastHierarchy.xml
----------------- Instantiating /home/travis/build/icyphy/ptII/ptolemy/domains/modal/test/auto/BroadcastHierarchy.xml
14 ms. Memory: 145408K Free: 117732K (81%)
----------------- Invoking toplevel() on ptolemy.moml.MoMLSimpleApplication@7ff7d661
----------------- Done invoking toplevel() on ptolemy.moml.MoMLSimpleApplication@7ff7d661
reloadAllAccessors: .BroadcastHierarchy

===========================================================================================
----------------- testing Tue Nov 05 06:12:39 UTC 2019 /home/travis/build/icyphy/ptII/ptolemy/domains/modal/test/auto/BroadcastHierarchy2.xml
----------------- Instantiating /home/travis/build/icyphy/ptII/ptolemy/domains/modal/test/auto/BroadcastHierarchy2.xml
25 ms. Memory: 145408K Free: 90598K (62%)
----------------- Invoking toplevel() on ptolemy.moml.MoMLSimpleApplication@1a2ba670
----------------- Done invoking toplevel() on ptolemy.moml.MoMLSimpleApplication@1a2ba670
reloadAllAccessors: .BroadcastHierarchy2

===========================================================================================
----------------- testing Tue Nov 05 06:12:39 UTC 2019 /home/travis/build/icyphy/ptII/ptolemy/domains/modal/test/auto/BroadcastHierarchy3.xml
----------------- Instantiating /home/travis/build/icyphy/ptII/ptolemy/domains/modal/test/auto/BroadcastHierarchy3.xml
25 ms. Memory: 145408K Free: 70118K (48%)
----------------- Invoking toplevel() on ptolemy.moml.MoMLSimpleApplication@36a6816a
----------------- Done invoking toplevel() on ptolemy.moml.MoMLSimpleApplication@36a6816a
reloadAllAccessors: .BroadcastHierarchy3

===========================================================================================
----------------- testing Tue Nov 05 06:12:39 UTC 2019 /home/travis/build/icyphy/ptII/ptolemy/domains/modal/test/auto/BroadcastHierarchy4.xml
----------------- Instantiating /home/travis/build/icyphy/ptII/ptolemy/domains/modal/test/auto/BroadcastHierarchy4.xml
22 ms. Memory: 145408K Free: 46052K (32%)
----------------- Invoking toplevel() on ptolemy.moml.MoMLSimpleApplication@7ab7886c
----------------- Done invoking toplevel() on ptolemy.moml.MoMLSimpleApplication@7ab7886c
reloadAllAccessors: .BroadcastHierarchy4

===========================================================================================
----------------- testing Tue Nov 05 06:12:39 UTC 2019 /home/travis/build/icyphy/ptII/ptolemy/domains/modal/test/auto/CannotAnalysisWithPreemption2.xml
----------------- Instantiating /home/travis/build/icyphy/ptII/ptolemy/domains/modal/test/auto/CannotAnalysisWithPreemption2.xml
5 ms. Memory: 181248K Free: 156683K (86%)
----------------- Invoking toplevel() on ptolemy.moml.MoMLSimpleApplication@3f2a950d
----------------- Done invoking toplevel() on ptolemy.moml.MoMLSimpleApplication@3f2a950d
reloadAllAccessors: .CannotAnalysisWithPreemption2

===========================================================================================
----------------- testing Tue Nov 05 06:12:39 UTC 2019 /home/travis/build/icyphy/ptII/ptolemy/domains/modal/test/auto/CannotAnalysisWithPreemption3.xml
----------------- Instantiating /home/travis/build/icyphy/ptII/ptolemy/domains/modal/test/auto/CannotAnalysisWithPreemption3.xml
5 ms. Memory: 181248K Free: 146427K (81%)
----------------- Invoking toplevel() on ptolemy.moml.MoMLSimpleApplication@3dffba6f
----------------- Done invoking toplevel() on ptolemy.moml.MoMLSimpleApplication@3dffba6f
reloadAllAccessors: .CannotAnalysisWithPreemption3

===========================================================================================
----------------- testing Tue Nov 05 06:12:39 UTC 2019 /home/travis/build/icyphy/ptII/ptolemy/domains/modal/test/auto/CannotProduce.xml
----------------- Instantiating /home/travis/build/icyphy/ptII/ptolemy/domains/modal/test/auto/CannotProduce.xml
12 ms. Memory: 181248K Free: 139803K (77%)
----------------- Invoking toplevel() on ptolemy.moml.MoMLSimpleApplication@67faa67b
----------------- Done invoking toplevel() on ptolemy.moml.MoMLSimpleApplication@67faa67b
reloadAllAccessors: .CannotProduce

===========================================================================================
----------------- testing Tue Nov 05 06:12:39 UTC 2019 /home/travis/build/icyphy/ptII/ptolemy/domains/modal/test/auto/CannotProduceModal.xml
----------------- Instantiating /home/travis/build/icyphy/ptII/ptolemy/domains/modal/test/auto/CannotProduceModal.xml
13 ms. Memory: 181248K Free: 132635K (73%)
----------------- Invoking toplevel() on ptolemy.moml.MoMLSimpleApplication@75cef6fd
----------------- Done invoking toplevel() on ptolemy.moml.MoMLSimpleApplication@75cef6fd
reloadAllAccessors: .CannotProduceModal

===========================================================================================
----------------- testing Tue Nov 05 06:12:39 UTC 2019 /home/travis/build/icyphy/ptII/ptolemy/domains/modal/test/auto/Case.xml
----------------- Instantiating /home/travis/build/icyphy/ptII/ptolemy/domains/modal/test/auto/Case.xml
32 ms. Memory: 181248K Free: 121371K (67%)
----------------- Invoking toplevel() on ptolemy.moml.MoMLSimpleApplication@55777ed0
----------------- Done invoking toplevel() on ptolemy.moml.MoMLSimpleApplication@55777ed0
reloadAllAccessors: .Case

===========================================================================================
----------------- testing Tue Nov 05 06:12:39 UTC 2019 /home/travis/build/icyphy/ptII/ptolemy/domains/modal/test/auto/Case1.xml
----------------- Instantiating /home/travis/build/icyphy/ptII/ptolemy/domains/modal/test/auto/Case1.xml
12 ms. Memory: 181248K Free: 114203K (63%)
----------------- Invoking toplevel() on ptolemy.moml.MoMLSimpleApplication@2442dbe6
----------------- Done invoking toplevel() on ptolemy.moml.MoMLSimpleApplication@2442dbe6
reloadAllAccessors: .Case1

===========================================================================================
----------------- testing Tue Nov 05 06:12:39 UTC 2019 /home/travis/build/icyphy/ptII/ptolemy/domains/modal/test/auto/Case2.xml
----------------- Instantiating /home/travis/build/icyphy/ptII/ptolemy/domains/modal/test/auto/Case2.xml
32 ms. Memory: 181248K Free: 103449K (57%)
----------------- Invoking toplevel() on ptolemy.moml.MoMLSimpleApplication@7cfc17a2
----------------- Done invoking toplevel() on ptolemy.moml.MoMLSimpleApplication@7cfc17a2
reloadAllAccessors: .Case2

===========================================================================================
----------------- testing Tue Nov 05 06:12:39 UTC 2019 /home/travis/build/icyphy/ptII/ptolemy/domains/modal/test/auto/CausalityInterface1.xml
----------------- Instantiating /home/travis/build/icyphy/ptII/ptolemy/domains/modal/test/auto/CausalityInterface1.xml
8 ms. Memory: 181248K Free: 98329K (54%)
----------------- Invoking toplevel() on ptolemy.moml.MoMLSimpleApplication@6e868655
----------------- Done invoking toplevel() on ptolemy.moml.MoMLSimpleApplication@6e868655
reloadAllAccessors: .CausalityInterface1

===========================================================================================
----------------- testing Tue Nov 05 06:12:40 UTC 2019 /home/travis/build/icyphy/ptII/ptolemy/domains/modal/test/auto/CausalityInterface10.xml
----------------- Instantiating /home/travis/build/icyphy/ptII/ptolemy/domains/modal/test/auto/CausalityInterface10.xml
6 ms. Memory: 181248K Free: 85003K (47%)
----------------- Invoking toplevel() on ptolemy.moml.MoMLSimpleApplication@37d92546
----------------- Done invoking toplevel() on ptolemy.moml.MoMLSimpleApplication@37d92546
reloadAllAccessors: .CausalityInterface10

===========================================================================================
----------------- testing Tue Nov 05 06:12:40 UTC 2019 /home/travis/build/icyphy/ptII/ptolemy/domains/modal/test/auto/CausalityInterface11.xml
----------------- Instantiating /home/travis/build/icyphy/ptII/ptolemy/domains/modal/test/auto/CausalityInterface11.xml
9 ms. Memory: 181248K Free: 71675K (40%)
----------------- Invoking toplevel() on ptolemy.moml.MoMLSimpleApplication@1198cf0c
----------------- Done invoking toplevel() on ptolemy.moml.MoMLSimpleApplication@1198cf0c
reloadAllAccessors: .CausalityInterface11

===========================================================================================
----------------- testing Tue Nov 05 06:12:40 UTC 2019 /home/travis/build/icyphy/ptII/ptolemy/domains/modal/test/auto/CausalityInterface12.xml
----------------- Instantiating /home/travis/build/icyphy/ptII/ptolemy/domains/modal/test/auto/CausalityInterface12.xml
8 ms. Memory: 181248K Free: 159795K (88%)
----------------- Invoking toplevel() on ptolemy.moml.MoMLSimpleApplication@6350e38a
----------------- Done invoking toplevel() on ptolemy.moml.MoMLSimpleApplication@6350e38a
reloadAllAccessors: .CausalityInterface12

===========================================================================================
----------------- testing Tue Nov 05 06:12:40 UTC 2019 /home/travis/build/icyphy/ptII/ptolemy/domains/modal/test/auto/CausalityInterface13.xml
----------------- Instantiating /home/travis/build/icyphy/ptII/ptolemy/domains/modal/test/auto/CausalityInterface13.xml
11 ms. Memory: 181248K Free: 146003K (81%)
----------------- Invoking toplevel() on ptolemy.moml.MoMLSimpleApplication@1eff4a85
----------------- Done invoking toplevel() on ptolemy.moml.MoMLSimpleApplication@1eff4a85
reloadAllAccessors: .CausalityInterface13

===========================================================================================
----------------- testing Tue Nov 05 06:12:40 UTC 2019 /home/travis/build/icyphy/ptII/ptolemy/domains/modal/test/auto/CausalityInterface14.xml
----------------- Instantiating /home/travis/build/icyphy/ptII/ptolemy/domains/modal/test/auto/CausalityInterface14.xml
7 ms. Memory: 181248K Free: 132147K (73%)
----------------- Invoking toplevel() on ptolemy.moml.MoMLSimpleApplication@10b9f1ed
----------------- Done invoking toplevel() on ptolemy.moml.MoMLSimpleApplication@10b9f1ed
reloadAllAccessors: .CausalityInterface14

===========================================================================================
----------------- testing Tue Nov 05 06:12:40 UTC 2019 /home/travis/build/icyphy/ptII/ptolemy/domains/modal/test/auto/CausalityInterface2.xml
----------------- Instantiating /home/travis/build/icyphy/ptII/ptolemy/domains/modal/test/auto/CausalityInterface2.xml
6 ms. Memory: 181248K Free: 126019K (70%)
----------------- Invoking toplevel() on ptolemy.moml.MoMLSimpleApplication@7886c965
----------------- Done invoking toplevel() on ptolemy.moml.MoMLSimpleApplication@7886c965
reloadAllAccessors: .CausalityInterface2

===========================================================================================
----------------- testing Tue Nov 05 06:12:40 UTC 2019 /home/travis/build/icyphy/ptII/ptolemy/domains/modal/test/auto/CausalityInterface3.xml
----------------- Instantiating /home/travis/build/icyphy/ptII/ptolemy/domains/modal/test/auto/CausalityInterface3.xml
2 ms. Memory: 181248K Free: 119379K (66%)
----------------- Invoking toplevel() on ptolemy.moml.MoMLSimpleApplication@53b0fb1f
----------------- Done invoking toplevel() on ptolemy.moml.MoMLSimpleApplication@53b0fb1f
reloadAllAccessors: .CausalityInterface3

===========================================================================================
----------------- testing Tue Nov 05 06:12:40 UTC 2019 /home/travis/build/icyphy/ptII/ptolemy/domains/modal/test/auto/CausalityInterface4.xml
----------------- Instantiating /home/travis/build/icyphy/ptII/ptolemy/domains/modal/test/auto/CausalityInterface4.xml
7 ms. Memory: 181248K Free: 112715K (62%)
----------------- Invoking toplevel() on ptolemy.moml.MoMLSimpleApplication@58ddcb69
----------------- Done invoking toplevel() on ptolemy.moml.MoMLSimpleApplication@58ddcb69
reloadAllAccessors: .CausalityInterface4

===========================================================================================
----------------- testing Tue Nov 05 06:12:40 UTC 2019 /home/travis/build/icyphy/ptII/ptolemy/domains/modal/test/auto/CausalityInterface5.xml
----------------- Instantiating /home/travis/build/icyphy/ptII/ptolemy/domains/modal/test/auto/CausalityInterface5.xml
5 ms. Memory: 181248K Free: 104515K (58%)
----------------- Invoking toplevel() on ptolemy.moml.MoMLSimpleApplication@1547ca9c
----------------- Done invoking toplevel() on ptolemy.moml.MoMLSimpleApplication@1547ca9c
reloadAllAccessors: .CausalityInterface5

===========================================================================================
----------------- testing Tue Nov 05 06:12:40 UTC 2019 /home/travis/build/icyphy/ptII/ptolemy/domains/modal/test/auto/CausalityInterface6.xml
----------------- Instantiating /home/travis/build/icyphy/ptII/ptolemy/domains/modal/test/auto/CausalityInterface6.xml
6 ms. Memory: 181248K Free: 96307K (53%)
----------------- Invoking toplevel() on ptolemy.moml.MoMLSimpleApplication@14b68a0b
----------------- Done invoking toplevel() on ptolemy.moml.MoMLSimpleApplication@14b68a0b
reloadAllAccessors: .CausalityInterface6

===========================================================================================
----------------- testing Tue Nov 05 06:12:40 UTC 2019 /home/travis/build/icyphy/ptII/ptolemy/domains/modal/test/auto/CausalityInterface7.xml
----------------- Instantiating /home/travis/build/icyphy/ptII/ptolemy/domains/modal/test/auto/CausalityInterface7.xml
6 ms. Memory: 181248K Free: 88145K (49%)
----------------- Invoking toplevel() on ptolemy.moml.MoMLSimpleApplication@5965f252
----------------- Done invoking toplevel() on ptolemy.moml.MoMLSimpleApplication@5965f252
reloadAllAccessors: .CausalityInterface7

===========================================================================================
----------------- testing Tue Nov 05 06:12:40 UTC 2019 /home/travis/build/icyphy/ptII/ptolemy/domains/modal/test/auto/CausalityInterface8.xml
----------------- Instantiating /home/travis/build/icyphy/ptII/ptolemy/domains/modal/test/auto/CausalityInterface8.xml
5 ms. Memory: 181248K Free: 79443K (44%)
----------------- Invoking toplevel() on ptolemy.moml.MoMLSimpleApplication@7e529bdf
----------------- Done invoking toplevel() on ptolemy.moml.MoMLSimpleApplication@7e529bdf
reloadAllAccessors: .CausalityInterface8

===========================================================================================
----------------- testing Tue Nov 05 06:12:40 UTC 2019 /home/travis/build/icyphy/ptII/ptolemy/domains/modal/test/auto/CausalityInterface9.xml
----------------- Instantiating /home/travis/build/icyphy/ptII/ptolemy/domains/modal/test/auto/CausalityInterface9.xml
6 ms. Memory: 181248K Free: 70227K (39%)
----------------- Invoking toplevel() on ptolemy.moml.MoMLSimpleApplication@3062dc72
----------------- Done invoking toplevel() on ptolemy.moml.MoMLSimpleApplication@3062dc72
reloadAllAccessors: .CausalityInterface9

===========================================================================================
----------------- testing Tue Nov 05 06:12:40 UTC 2019 /home/travis/build/icyphy/ptII/ptolemy/domains/modal/test/auto/ChainedTransitions.xml
----------------- Instantiating /home/travis/build/icyphy/ptII/ptolemy/domains/modal/test/auto/ChainedTransitions.xml
98 ms. Memory: 181248K Free: 147937K (82%)
----------------- Invoking toplevel() on ptolemy.moml.MoMLSimpleApplication@6f8b5a2b
----------------- Done invoking toplevel() on ptolemy.moml.MoMLSimpleApplication@6f8b5a2b
reloadAllAccessors: .ChainedTransitions

===========================================================================================
----------------- testing Tue Nov 05 06:12:40 UTC 2019 /home/travis/build/icyphy/ptII/ptolemy/domains/modal/test/auto/CycleOfImmediateTransitionsFSM.xml
----------------- Instantiating /home/travis/build/icyphy/ptII/ptolemy/domains/modal/test/auto/CycleOfImmediateTransitionsFSM.xml
3 ms. Memory: 181248K Free: 142337K (79%)
----------------- Invoking toplevel() on ptolemy.moml.MoMLSimpleApplication@7dd02927
----------------- Done invoking toplevel() on ptolemy.moml.MoMLSimpleApplication@7dd02927
reloadAllAccessors: .CycleOfImmediateTransitionsFSM

===========================================================================================
----------------- testing Tue Nov 05 06:12:40 UTC 2019 /home/travis/build/icyphy/ptII/ptolemy/domains/modal/test/auto/CycleOfImmediateTransitionsModal.xml
----------------- Instantiating /home/travis/build/icyphy/ptII/ptolemy/domains/modal/test/auto/CycleOfImmediateTransitionsModal.xml
4 ms. Memory: 181248K Free: 136193K (75%)
----------------- Invoking toplevel() on ptolemy.moml.MoMLSimpleApplication@3c0f25e4
----------------- Done invoking toplevel() on ptolemy.moml.MoMLSimpleApplication@3c0f25e4
reloadAllAccessors: .CycleOfImmediateTransitionsModal

===========================================================================================
----------------- testing Tue Nov 05 06:12:40 UTC 2019 /home/travis/build/icyphy/ptII/ptolemy/domains/modal/test/auto/CycleOfImmediateTransitionsModal2.xml
----------------- Instantiating /home/travis/build/icyphy/ptII/ptolemy/domains/modal/test/auto/CycleOfImmediateTransitionsModal2.xml
4 ms. Memory: 181248K Free: 130049K (72%)
----------------- Invoking toplevel() on ptolemy.moml.MoMLSimpleApplication@1f00e805
----------------- Done invoking toplevel() on ptolemy.moml.MoMLSimpleApplication@1f00e805
reloadAllAccessors: .CycleOfImmediateTransitionsModal2

===========================================================================================
----------------- testing Tue Nov 05 06:12:40 UTC 2019 /home/travis/build/icyphy/ptII/ptolemy/domains/modal/test/auto/CycleOfImmediateTransitionsModal3.xml
----------------- Instantiating /home/travis/build/icyphy/ptII/ptolemy/domains/modal/test/auto/CycleOfImmediateTransitionsModal3.xml
23 ms. Memory: 181248K Free: 107521K (59%)
----------------- Invoking toplevel() on ptolemy.moml.MoMLSimpleApplication@35cfcab3
----------------- Done invoking toplevel() on ptolemy.moml.MoMLSimpleApplication@35cfcab3
reloadAllAccessors: .CycleOfImmediateTransitionsModal3

===========================================================================================
----------------- testing Tue Nov 05 06:12:40 UTC 2019 /home/travis/build/icyphy/ptII/ptolemy/domains/modal/test/auto/DeepModal1.xml
----------------- Instantiating /home/travis/build/icyphy/ptII/ptolemy/domains/modal/test/auto/DeepModal1.xml
31 ms. Memory: 181248K Free: 93689K (52%)
----------------- Invoking toplevel() on ptolemy.moml.MoMLSimpleApplication@390ef9dc
----------------- Done invoking toplevel() on ptolemy.moml.MoMLSimpleApplication@390ef9dc
reloadAllAccessors: .DeepModal1

===========================================================================================
----------------- testing Tue Nov 05 06:12:40 UTC 2019 /home/travis/build/icyphy/ptII/ptolemy/domains/modal/test/auto/DeepModal2.xml
----------------- Instantiating /home/travis/build/icyphy/ptII/ptolemy/domains/modal/test/auto/DeepModal2.xml
25 ms. Memory: 181248K Free: 74239K (41%)
----------------- Invoking toplevel() on ptolemy.moml.MoMLSimpleApplication@18540597
----------------- Done invoking toplevel() on ptolemy.moml.MoMLSimpleApplication@18540597
reloadAllAccessors: .DeepModal2

===========================================================================================
----------------- testing Tue Nov 05 06:12:41 UTC 2019 /home/travis/build/icyphy/ptII/ptolemy/domains/modal/test/auto/DeepModal3.xml
----------------- Instantiating /home/travis/build/icyphy/ptII/ptolemy/domains/modal/test/auto/DeepModal3.xml
49 ms. Memory: 181248K Free: 157933K (87%)
----------------- Invoking toplevel() on ptolemy.moml.MoMLSimpleApplication@4fc161dc
----------------- Done invoking toplevel() on ptolemy.moml.MoMLSimpleApplication@4fc161dc
reloadAllAccessors: .DeepModal3

===========================================================================================
----------------- testing Tue Nov 05 06:12:41 UTC 2019 /home/travis/build/icyphy/ptII/ptolemy/domains/modal/test/auto/DeepModal4.xml
----------------- Instantiating /home/travis/build/icyphy/ptII/ptolemy/domains/modal/test/auto/DeepModal4.xml
32 ms. Memory: 181248K Free: 138239K (76%)
----------------- Invoking toplevel() on ptolemy.moml.MoMLSimpleApplication@31448269
----------------- Done invoking toplevel() on ptolemy.moml.MoMLSimpleApplication@31448269
reloadAllAccessors: .DeepModal4

===========================================================================================
----------------- testing Tue Nov 05 06:12:41 UTC 2019 /home/travis/build/icyphy/ptII/ptolemy/domains/modal/test/auto/Default1.xml
----------------- Instantiating /home/travis/build/icyphy/ptII/ptolemy/domains/modal/test/auto/Default1.xml
2 ms. Memory: 181248K Free: 132109K (73%)
----------------- Invoking toplevel() on ptolemy.moml.MoMLSimpleApplication@628d8ffc
----------------- Done invoking toplevel() on ptolemy.moml.MoMLSimpleApplication@628d8ffc
reloadAllAccessors: .Default1

===========================================================================================
----------------- testing Tue Nov 05 06:12:41 UTC 2019 /home/travis/build/icyphy/ptII/ptolemy/domains/modal/test/auto/Default2.xml
----------------- Instantiating /home/travis/build/icyphy/ptII/ptolemy/domains/modal/test/auto/Default2.xml
10 ms. Memory: 181248K Free: 126479K (70%)
----------------- Invoking toplevel() on ptolemy.moml.MoMLSimpleApplication@585ed750
----------------- Done invoking toplevel() on ptolemy.moml.MoMLSimpleApplication@585ed750
reloadAllAccessors: .Default2

===========================================================================================
----------------- testing Tue Nov 05 06:12:41 UTC 2019 /home/travis/build/icyphy/ptII/ptolemy/domains/modal/test/auto/Default3.xml
----------------- Instantiating /home/travis/build/icyphy/ptII/ptolemy/domains/modal/test/auto/Default3.xml
5 ms. Memory: 181248K Free: 119821K (66%)
----------------- Invoking toplevel() on ptolemy.moml.MoMLSimpleApplication@3ea61bde
----------------- Done invoking toplevel() on ptolemy.moml.MoMLSimpleApplication@3ea61bde
reloadAllAccessors: .Default3

===========================================================================================
----------------- testing Tue Nov 05 06:12:41 UTC 2019 /home/travis/build/icyphy/ptII/ptolemy/domains/modal/test/auto/Default4.xml
----------------- Instantiating /home/travis/build/icyphy/ptII/ptolemy/domains/modal/test/auto/Default4.xml
2 ms. Memory: 181248K Free: 113677K (63%)
----------------- Invoking toplevel() on ptolemy.moml.MoMLSimpleApplication@2d517425
----------------- Done invoking toplevel() on ptolemy.moml.MoMLSimpleApplication@2d517425
reloadAllAccessors: .Default4

===========================================================================================
----------------- testing Tue Nov 05 06:12:41 UTC 2019 /home/travis/build/icyphy/ptII/ptolemy/domains/modal/test/auto/Default5.xml
----------------- Instantiating /home/travis/build/icyphy/ptII/ptolemy/domains/modal/test/auto/Default5.xml
6 ms. Memory: 181248K Free: 105485K (58%)
----------------- Invoking toplevel() on ptolemy.moml.MoMLSimpleApplication@19b5ab32
----------------- Done invoking toplevel() on ptolemy.moml.MoMLSimpleApplication@19b5ab32
reloadAllAccessors: .Default5

===========================================================================================
----------------- testing Tue Nov 05 06:12:41 UTC 2019 /home/travis/build/icyphy/ptII/ptolemy/domains/modal/test/auto/EmptyGuard.xml
----------------- Instantiating /home/travis/build/icyphy/ptII/ptolemy/domains/modal/test/auto/EmptyGuard.xml
15 ms. Memory: 181248K Free: 97807K (54%)
----------------- Invoking toplevel() on ptolemy.moml.MoMLSimpleApplication@634937a5
----------------- Done invoking toplevel() on ptolemy.moml.MoMLSimpleApplication@634937a5
reloadAllAccessors: .EmptyGuard

===========================================================================================
----------------- testing Tue Nov 05 06:12:41 UTC 2019 /home/travis/build/icyphy/ptII/ptolemy/domains/modal/test/auto/ErrorTransition1.xml
----------------- Instantiating /home/travis/build/icyphy/ptII/ptolemy/domains/modal/test/auto/ErrorTransition1.xml
10 ms. Memory: 181248K Free: 89101K (49%)
----------------- Invoking toplevel() on ptolemy.moml.MoMLSimpleApplication@7d391cb3
----------------- Done invoking toplevel() on ptolemy.moml.MoMLSimpleApplication@7d391cb3
reloadAllAccessors: .ErrorTransition1

===========================================================================================
----------------- testing Tue Nov 05 06:12:41 UTC 2019 /home/travis/build/icyphy/ptII/ptolemy/domains/modal/test/auto/ErrorTransition10.xml
----------------- Instantiating /home/travis/build/icyphy/ptII/ptolemy/domains/modal/test/auto/ErrorTransition10.xml
16 ms. Memory: 181248K Free: 75279K (42%)
----------------- Invoking toplevel() on ptolemy.moml.MoMLSimpleApplication@5fc23c1d
----------------- Done invoking toplevel() on ptolemy.moml.MoMLSimpleApplication@5fc23c1d
reloadAllAccessors: .ErrorTransition10

===========================================================================================
----------------- testing Tue Nov 05 06:12:41 UTC 2019 /home/travis/build/icyphy/ptII/ptolemy/domains/modal/test/auto/ErrorTransition11.xml
----------------- Instantiating /home/travis/build/icyphy/ptII/ptolemy/domains/modal/test/auto/ErrorTransition11.xml
4 ms. Memory: 181248K Free: 64015K (35%)
----------------- Invoking toplevel() on ptolemy.moml.MoMLSimpleApplication@3fc42667
----------------- Done invoking toplevel() on ptolemy.moml.MoMLSimpleApplication@3fc42667
reloadAllAccessors: .ErrorTransition11

===========================================================================================
----------------- testing Tue Nov 05 06:12:41 UTC 2019 /home/travis/build/icyphy/ptII/ptolemy/domains/modal/test/auto/ErrorTransition2.xml
----------------- Instantiating /home/travis/build/icyphy/ptII/ptolemy/domains/modal/test/auto/ErrorTransition2.xml
11 ms. Memory: 218112K Free: 195057K (89%)
----------------- Invoking toplevel() on ptolemy.moml.MoMLSimpleApplication@5b9e2061
----------------- Done invoking toplevel() on ptolemy.moml.MoMLSimpleApplication@5b9e2061
reloadAllAccessors: .ErrorTransition2

===========================================================================================
----------------- testing Tue Nov 05 06:12:41 UTC 2019 /home/travis/build/icyphy/ptII/ptolemy/domains/modal/test/auto/ErrorTransition3.xml
----------------- Instantiating /home/travis/build/icyphy/ptII/ptolemy/domains/modal/test/auto/ErrorTransition3.xml
18 ms. Memory: 218112K Free: 185331K (85%)
----------------- Invoking toplevel() on ptolemy.moml.MoMLSimpleApplication@56a17f44
----------------- Done invoking toplevel() on ptolemy.moml.MoMLSimpleApplication@56a17f44
reloadAllAccessors: .ErrorTransition3

===========================================================================================
----------------- testing Tue Nov 05 06:12:41 UTC 2019 /home/travis/build/icyphy/ptII/ptolemy/domains/modal/test/auto/ErrorTransition4.xml
----------------- Instantiating /home/travis/build/icyphy/ptII/ptolemy/domains/modal/test/auto/ErrorTransition4.xml
13 ms. Memory: 218112K Free: 174067K (80%)
----------------- Invoking toplevel() on ptolemy.moml.MoMLSimpleApplication@1634cc39
----------------- Done invoking toplevel() on ptolemy.moml.MoMLSimpleApplication@1634cc39
reloadAllAccessors: .ErrorTransition4

===========================================================================================
----------------- testing Tue Nov 05 06:12:41 UTC 2019 /home/travis/build/icyphy/ptII/ptolemy/domains/modal/test/auto/ErrorTransition5.xml
----------------- Instantiating /home/travis/build/icyphy/ptII/ptolemy/domains/modal/test/auto/ErrorTransition5.xml
6 ms. Memory: 218112K Free: 163827K (75%)
----------------- Invoking toplevel() on ptolemy.moml.MoMLSimpleApplication@1c04fa52
----------------- Done invoking toplevel() on ptolemy.moml.MoMLSimpleApplication@1c04fa52
reloadAllAccessors: .ErrorTransition5

===========================================================================================
----------------- testing Tue Nov 05 06:12:41 UTC 2019 /home/travis/build/icyphy/ptII/ptolemy/domains/modal/test/auto/ErrorTransition6.xml
----------------- Instantiating /home/travis/build/icyphy/ptII/ptolemy/domains/modal/test/auto/ErrorTransition6.xml
12 ms. Memory: 218112K Free: 153073K (70%)
----------------- Invoking toplevel() on ptolemy.moml.MoMLSimpleApplication@7aadaf00
----------------- Done invoking toplevel() on ptolemy.moml.MoMLSimpleApplication@7aadaf00
reloadAllAccessors: .ErrorTransition6

===========================================================================================
----------------- testing Tue Nov 05 06:12:41 UTC 2019 /home/travis/build/icyphy/ptII/ptolemy/domains/modal/test/auto/ErrorTransition7.xml
----------------- Instantiating /home/travis/build/icyphy/ptII/ptolemy/domains/modal/test/auto/ErrorTransition7.xml
22 ms. Memory: 218112K Free: 140779K (65%)
----------------- Invoking toplevel() on ptolemy.moml.MoMLSimpleApplication@128db8d3
----------------- Done invoking toplevel() on ptolemy.moml.MoMLSimpleApplication@128db8d3
reloadAllAccessors: .ErrorTransition7

===========================================================================================
----------------- testing Tue Nov 05 06:12:41 UTC 2019 /home/travis/build/icyphy/ptII/ptolemy/domains/modal/test/auto/ErrorTransition8.xml
----------------- Instantiating /home/travis/build/icyphy/ptII/ptolemy/domains/modal/test/auto/ErrorTransition8.xml
17 ms. Memory: 218112K Free: 126963K (58%)
----------------- Invoking toplevel() on ptolemy.moml.MoMLSimpleApplication@641148ba
----------------- Done invoking toplevel() on ptolemy.moml.MoMLSimpleApplication@641148ba
reloadAllAccessors: .ErrorTransition8

===========================================================================================
----------------- testing Tue Nov 05 06:12:41 UTC 2019 /home/travis/build/icyphy/ptII/ptolemy/domains/modal/test/auto/ErrorTransition9.xml
----------------- Instantiating /home/travis/build/icyphy/ptII/ptolemy/domains/modal/test/auto/ErrorTransition9.xml
24 ms. Memory: 218112K Free: 113123K (52%)
----------------- Invoking toplevel() on ptolemy.moml.MoMLSimpleApplication@4b0aac89
----------------- Done invoking toplevel() on ptolemy.moml.MoMLSimpleApplication@4b0aac89
reloadAllAccessors: .ErrorTransition9

===========================================================================================
----------------- testing Tue Nov 05 06:12:41 UTC 2019 /home/travis/build/icyphy/ptII/ptolemy/domains/modal/test/auto/ExtendedFSM.xml
----------------- Instantiating /home/travis/build/icyphy/ptII/ptolemy/domains/modal/test/auto/ExtendedFSM.xml
7 ms. Memory: 218112K Free: 104939K (48%)
----------------- Invoking toplevel() on ptolemy.moml.MoMLSimpleApplication@40106fc9
----------------- Done invoking toplevel() on ptolemy.moml.MoMLSimpleApplication@40106fc9
reloadAllAccessors: .ExtendedFSM

===========================================================================================
----------------- testing Tue Nov 05 06:12:41 UTC 2019 /home/travis/build/icyphy/ptII/ptolemy/domains/modal/test/auto/FinalStates.xml
----------------- Instantiating /home/travis/build/icyphy/ptII/ptolemy/domains/modal/test/auto/FinalStates.xml
4 ms. Memory: 218112K Free: 96739K (44%)
----------------- Invoking toplevel() on ptolemy.moml.MoMLSimpleApplication@5c1275b6
----------------- Done invoking toplevel() on ptolemy.moml.MoMLSimpleApplication@5c1275b6
reloadAllAccessors: .FinalStates

===========================================================================================
----------------- testing Tue Nov 05 06:12:41 UTC 2019 /home/travis/build/icyphy/ptII/ptolemy/domains/modal/test/auto/FixedPointFSM.xml
----------------- Instantiating /home/travis/build/icyphy/ptII/ptolemy/domains/modal/test/auto/FixedPointFSM.xml
18 ms. Memory: 218112K Free: 81907K (38%)
----------------- Invoking toplevel() on ptolemy.moml.MoMLSimpleApplication@72e9e7fc
----------------- Done invoking toplevel() on ptolemy.moml.MoMLSimpleApplication@72e9e7fc
reloadAllAccessors: .FixedPointFSM

===========================================================================================
----------------- testing Tue Nov 05 06:12:41 UTC 2019 /home/travis/build/icyphy/ptII/ptolemy/domains/modal/test/auto/FixedPointIterationFSMActor.xml
----------------- Instantiating /home/travis/build/icyphy/ptII/ptolemy/domains/modal/test/auto/FixedPointIterationFSMActor.xml
8 ms. Memory: 218112K Free: 195571K (90%)
----------------- Invoking toplevel() on ptolemy.moml.MoMLSimpleApplication@1b18c60
----------------- Done invoking toplevel() on ptolemy.moml.MoMLSimpleApplication@1b18c60
reloadAllAccessors: .FixedPointIterationFSMActor

===========================================================================================
----------------- testing Tue Nov 05 06:12:42 UTC 2019 /home/travis/build/icyphy/ptII/ptolemy/domains/modal/test/auto/FixedPointIterationFSMActor2.xml
----------------- Instantiating /home/travis/build/icyphy/ptII/ptolemy/domains/modal/test/auto/FixedPointIterationFSMActor2.xml
11 ms. Memory: 218112K Free: 183283K (84%)
----------------- Invoking toplevel() on ptolemy.moml.MoMLSimpleApplication@3a019e38
----------------- Done invoking toplevel() on ptolemy.moml.MoMLSimpleApplication@3a019e38
reloadAllAccessors: .FixedPointIterationFSMActor2

===========================================================================================
----------------- testing Tue Nov 05 06:12:42 UTC 2019 /home/travis/build/icyphy/ptII/ptolemy/domains/modal/test/auto/ForbiddenInstantanousLoop.xml
----------------- Instantiating /home/travis/build/icyphy/ptII/ptolemy/domains/modal/test/auto/ForbiddenInstantanousLoop.xml
6 ms. Memory: 218112K Free: 170995K (78%)
----------------- Invoking toplevel() on ptolemy.moml.MoMLSimpleApplication@2a061b5d
----------------- Done invoking toplevel() on ptolemy.moml.MoMLSimpleApplication@2a061b5d
reloadAllAccessors: .ForbiddenInstantanousLoop

===========================================================================================
----------------- testing Tue Nov 05 06:12:42 UTC 2019 /home/travis/build/icyphy/ptII/ptolemy/domains/modal/test/auto/FunctionDependencyOfFSMActorTest.xml
----------------- Instantiating /home/travis/build/icyphy/ptII/ptolemy/domains/modal/test/auto/FunctionDependencyOfFSMActorTest.xml
13 ms. Memory: 218112K Free: 163827K (75%)
----------------- Invoking toplevel() on ptolemy.moml.MoMLSimpleApplication@4ab8604e
----------------- Done invoking toplevel() on ptolemy.moml.MoMLSimpleApplication@4ab8604e
reloadAllAccessors: .FunctionDependencyOfFSMActorTest

===========================================================================================
----------------- testing Tue Nov 05 06:12:42 UTC 2019 /home/travis/build/icyphy/ptII/ptolemy/domains/modal/test/auto/GuardExpression.xml
----------------- Instantiating /home/travis/build/icyphy/ptII/ptolemy/domains/modal/test/auto/GuardExpression.xml
2 ms. Memory: 218112K Free: 158707K (73%)
----------------- Invoking toplevel() on ptolemy.moml.MoMLSimpleApplication@34c44ff
----------------- Done invoking toplevel() on ptolemy.moml.MoMLSimpleApplication@34c44ff
reloadAllAccessors: .GuardExpression

===========================================================================================
----------------- testing Tue Nov 05 06:12:42 UTC 2019 /home/travis/build/icyphy/ptII/ptolemy/domains/modal/test/auto/GuardNotEvaluated.xml
----------------- Instantiating /home/travis/build/icyphy/ptII/ptolemy/domains/modal/test/auto/GuardNotEvaluated.xml
6 ms. Memory: 218112K Free: 150001K (69%)
----------------- Invoking toplevel() on ptolemy.moml.MoMLSimpleApplication@78f201a8
----------------- Done invoking toplevel() on ptolemy.moml.MoMLSimpleApplication@78f201a8
reloadAllAccessors: .GuardNotEvaluated

===========================================================================================
----------------- testing Tue Nov 05 06:12:42 UTC 2019 /home/travis/build/icyphy/ptII/ptolemy/domains/modal/test/auto/GuardNotEvaluated2.xml
----------------- Instantiating /home/travis/build/icyphy/ptII/ptolemy/domains/modal/test/auto/GuardNotEvaluated2.xml
9 ms. Memory: 218112K Free: 140275K (64%)
----------------- Invoking toplevel() on ptolemy.moml.MoMLSimpleApplication@422da12b
----------------- Done invoking toplevel() on ptolemy.moml.MoMLSimpleApplication@422da12b
reloadAllAccessors: .GuardNotEvaluated2

===========================================================================================
----------------- testing Tue Nov 05 06:12:42 UTC 2019 /home/travis/build/icyphy/ptII/ptolemy/domains/modal/test/auto/GuardOnAbsent.xml
----------------- Instantiating /home/travis/build/icyphy/ptII/ptolemy/domains/modal/test/auto/GuardOnAbsent.xml
9 ms. Memory: 218112K Free: 132579K (61%)
----------------- Invoking toplevel() on ptolemy.moml.MoMLSimpleApplication@6476d18c
----------------- Done invoking toplevel() on ptolemy.moml.MoMLSimpleApplication@6476d18c
reloadAllAccessors: .GuardOnAbsent

===========================================================================================
----------------- testing Tue Nov 05 06:12:42 UTC 2019 /home/travis/build/icyphy/ptII/ptolemy/domains/modal/test/auto/HierarchicalFSMTypeInference.xml
----------------- Instantiating /home/travis/build/icyphy/ptII/ptolemy/domains/modal/test/auto/HierarchicalFSMTypeInference.xml
6 ms. Memory: 218112K Free: 122353K (56%)
----------------- Invoking toplevel() on ptolemy.moml.MoMLSimpleApplication@687a0e9a
----------------- Done invoking toplevel() on ptolemy.moml.MoMLSimpleApplication@687a0e9a
reloadAllAccessors: .HierarchicalFSMTypeInference

===========================================================================================
----------------- testing Tue Nov 05 06:12:42 UTC 2019 /home/travis/build/icyphy/ptII/ptolemy/domains/modal/test/auto/Hysteresis.xml
----------------- Instantiating /home/travis/build/icyphy/ptII/ptolemy/domains/modal/test/auto/Hysteresis.xml
13 ms. Memory: 218112K Free: 109027K (50%)
----------------- Invoking toplevel() on ptolemy.moml.MoMLSimpleApplication@1439871
----------------- Done invoking toplevel() on ptolemy.moml.MoMLSimpleApplication@1439871
reloadAllAccessors: .Hysteresis

===========================================================================================
----------------- testing Tue Nov 05 06:12:42 UTC 2019 /home/travis/build/icyphy/ptII/ptolemy/domains/modal/test/auto/HysteresisWithDefault.xml
----------------- Instantiating /home/travis/build/icyphy/ptII/ptolemy/domains/modal/test/auto/HysteresisWithDefault.xml
43 ms. Memory: 218112K Free: 86003K (39%)
----------------- Invoking toplevel() on ptolemy.moml.MoMLSimpleApplication@3d1fbd2f
----------------- Done invoking toplevel() on ptolemy.moml.MoMLSimpleApplication@3d1fbd2f
reloadAllAccessors: .HysteresisWithDefault

===========================================================================================
----------------- testing Tue Nov 05 06:12:42 UTC 2019 /home/travis/build/icyphy/ptII/ptolemy/domains/modal/test/auto/HysteresisWithDefault2.xml
----------------- Instantiating /home/travis/build/icyphy/ptII/ptolemy/domains/modal/test/auto/HysteresisWithDefault2.xml
47 ms. Memory: 218112K Free: 179672K (82%)
----------------- Invoking toplevel() on ptolemy.moml.MoMLSimpleApplication@5f2ee804
----------------- Done invoking toplevel() on ptolemy.moml.MoMLSimpleApplication@5f2ee804
reloadAllAccessors: .HysteresisWithDefault2

===========================================================================================
----------------- testing Tue Nov 05 06:12:42 UTC 2019 /home/travis/build/icyphy/ptII/ptolemy/domains/modal/test/auto/ImmediateNonConstructiveness.xml
----------------- Instantiating /home/travis/build/icyphy/ptII/ptolemy/domains/modal/test/auto/ImmediateNonConstructiveness.xml
2 ms. Memory: 218112K Free: 172506K (79%)
----------------- Invoking toplevel() on ptolemy.moml.MoMLSimpleApplication@246f1152
----------------- Done invoking toplevel() on ptolemy.moml.MoMLSimpleApplication@246f1152
reloadAllAccessors: .ImmediateNonConstructiveness

===========================================================================================
----------------- testing Tue Nov 05 06:12:42 UTC 2019 /home/travis/build/icyphy/ptII/ptolemy/domains/modal/test/auto/ImmediateNonConstructiveness2.xml
----------------- Instantiating /home/travis/build/icyphy/ptII/ptolemy/domains/modal/test/auto/ImmediateNonConstructiveness2.xml
3 ms. Memory: 218112K Free: 165848K (76%)
----------------- Invoking toplevel() on ptolemy.moml.MoMLSimpleApplication@11fc139c
----------------- Done invoking toplevel() on ptolemy.moml.MoMLSimpleApplication@11fc139c
reloadAllAccessors: .ImmediateNonConstructiveness2

===========================================================================================
----------------- testing Tue Nov 05 06:12:42 UTC 2019 /home/travis/build/icyphy/ptII/ptolemy/domains/modal/test/auto/ImmediateTransitionReset.xml
----------------- Instantiating /home/travis/build/icyphy/ptII/ptolemy/domains/modal/test/auto/ImmediateTransitionReset.xml
6 ms. Memory: 218112K Free: 154074K (71%)
----------------- Invoking toplevel() on ptolemy.moml.MoMLSimpleApplication@15e373a5
----------------- Done invoking toplevel() on ptolemy.moml.MoMLSimpleApplication@15e373a5
reloadAllAccessors: .ImmediateTransitionReset

===========================================================================================
----------------- testing Tue Nov 05 06:12:42 UTC 2019 /home/travis/build/icyphy/ptII/ptolemy/domains/modal/test/auto/ImmediateTransitions1.xml
----------------- Instantiating /home/travis/build/icyphy/ptII/ptolemy/domains/modal/test/auto/ImmediateTransitions1.xml
1 ms. Memory: 218112K Free: 148954K (68%)
----------------- Invoking toplevel() on ptolemy.moml.MoMLSimpleApplication@6b1a0460
----------------- Done invoking toplevel() on ptolemy.moml.MoMLSimpleApplication@6b1a0460
reloadAllAccessors: .ImmediateTransitions1

===========================================================================================
----------------- testing Tue Nov 05 06:12:42 UTC 2019 /home/travis/build/icyphy/ptII/ptolemy/domains/modal/test/auto/ImmediateTransitionsInstantaneousCommunication.xml
----------------- Instantiating /home/travis/build/icyphy/ptII/ptolemy/domains/modal/test/auto/ImmediateTransitionsInstantaneousCommunication.xml
6 ms. Memory: 218112K Free: 136666K (63%)
----------------- Invoking toplevel() on ptolemy.moml.MoMLSimpleApplication@69a96a2b
----------------- Done invoking toplevel() on ptolemy.moml.MoMLSimpleApplication@69a96a2b
reloadAllAccessors: .ImmediateTransitionsInstantaneousCommunication

===========================================================================================
----------------- testing Tue Nov 05 06:12:42 UTC 2019 /home/travis/build/icyphy/ptII/ptolemy/domains/modal/test/auto/InitialImmediateTransition.xml
----------------- Instantiating /home/travis/build/icyphy/ptII/ptolemy/domains/modal/test/auto/InitialImmediateTransition.xml
3 ms. Memory: 218112K Free: 129498K (59%)
----------------- Invoking toplevel() on ptolemy.moml.MoMLSimpleApplication@5fce9850
----------------- Done invoking toplevel() on ptolemy.moml.MoMLSimpleApplication@5fce9850
reloadAllAccessors: .InitialImmediateTransition

===========================================================================================
----------------- testing Tue Nov 05 06:12:42 UTC 2019 /home/travis/build/icyphy/ptII/ptolemy/domains/modal/test/auto/InitialOutputs.xml
----------------- Instantiating /home/travis/build/icyphy/ptII/ptolemy/domains/modal/test/auto/InitialOutputs.xml
3 ms. Memory: 218112K Free: 122826K (56%)
----------------- Invoking toplevel() on ptolemy.moml.MoMLSimpleApplication@436c186e
----------------- Done invoking toplevel() on ptolemy.moml.MoMLSimpleApplication@436c186e
reloadAllAccessors: .InitialOutputs

===========================================================================================
----------------- testing Tue Nov 05 06:12:42 UTC 2019 /home/travis/build/icyphy/ptII/ptolemy/domains/modal/test/auto/InitialStateTransition1.xml
----------------- Instantiating /home/travis/build/icyphy/ptII/ptolemy/domains/modal/test/auto/InitialStateTransition1.xml
2 ms. Memory: 218112K Free: 115672K (53%)
----------------- Invoking toplevel() on ptolemy.moml.MoMLSimpleApplication@52d3331a
----------------- Done invoking toplevel() on ptolemy.moml.MoMLSimpleApplication@52d3331a
reloadAllAccessors: .InitialStateTransition1

===========================================================================================
----------------- testing Tue Nov 05 06:12:42 UTC 2019 /home/travis/build/icyphy/ptII/ptolemy/domains/modal/test/auto/InitialStateTransition2.xml
----------------- Instantiating /home/travis/build/icyphy/ptII/ptolemy/domains/modal/test/auto/InitialStateTransition2.xml
.InitialStateTransition2.TestExceptionAttributeNonConstructive: initialize() was not invoked, but wrapup() was.  This is unusual, but not always a problem.  For example, exporting JNLP will do this.
4 ms. Memory: 218112K Free: 108504K (50%)
----------------- Invoking toplevel() on ptolemy.moml.MoMLSimpleApplication@28c6c412
----------------- Done invoking toplevel() on ptolemy.moml.MoMLSimpleApplication@28c6c412
reloadAllAccessors: .InitialStateTransition2

===========================================================================================
----------------- testing Tue Nov 05 06:12:42 UTC 2019 /home/travis/build/icyphy/ptII/ptolemy/domains/modal/test/auto/InitialStateTransition3.xml
----------------- Instantiating /home/travis/build/icyphy/ptII/ptolemy/domains/modal/test/auto/InitialStateTransition3.xml
5 ms. Memory: 218112K Free: 100312K (46%)
----------------- Invoking toplevel() on ptolemy.moml.MoMLSimpleApplication@43558e8c
----------------- Done invoking toplevel() on ptolemy.moml.MoMLSimpleApplication@43558e8c
reloadAllAccessors: .InitialStateTransition3

===========================================================================================
----------------- testing Tue Nov 05 06:12:42 UTC 2019 /home/travis/build/icyphy/ptII/ptolemy/domains/modal/test/auto/InitialStateTransition4.xml
----------------- Instantiating /home/travis/build/icyphy/ptII/ptolemy/domains/modal/test/auto/InitialStateTransition4.xml
4 ms. Memory: 218112K Free: 90586K (42%)
----------------- Invoking toplevel() on ptolemy.moml.MoMLSimpleApplication@1407c35a
----------------- Done invoking toplevel() on ptolemy.moml.MoMLSimpleApplication@1407c35a
[...]
reloadAllAccessors: .TerminationTransition3

===========================================================================================
----------------- testing Tue Nov 05 06:12:44 UTC 2019 /home/travis/build/icyphy/ptII/ptolemy/domains/modal/test/auto/TerminationTransition4.xml
----------------- Instantiating /home/travis/build/icyphy/ptII/ptolemy/domains/modal/test/auto/TerminationTransition4.xml
5 ms. Memory: 297984K Free: 180924K (61%)
----------------- Invoking toplevel() on ptolemy.moml.MoMLSimpleApplication@48c6e87e
----------------- Done invoking toplevel() on ptolemy.moml.MoMLSimpleApplication@48c6e87e
reloadAllAccessors: .TerminationTransition4

===========================================================================================
----------------- testing Tue Nov 05 06:12:44 UTC 2019 /home/travis/build/icyphy/ptII/ptolemy/domains/modal/test/auto/TerminationTransition5.xml
----------------- Instantiating /home/travis/build/icyphy/ptII/ptolemy/domains/modal/test/auto/TerminationTransition5.xml
3 ms. Memory: 297984K Free: 167098K (56%)
----------------- Invoking toplevel() on ptolemy.moml.MoMLSimpleApplication@1f168b3a
----------------- Done invoking toplevel() on ptolemy.moml.MoMLSimpleApplication@1f168b3a
reloadAllAccessors: .TerminationTransition5

===========================================================================================
----------------- testing Tue Nov 05 06:12:44 UTC 2019 /home/travis/build/icyphy/ptII/ptolemy/domains/modal/test/auto/TerminationTransition6.xml
----------------- Instantiating /home/travis/build/icyphy/ptII/ptolemy/domains/modal/test/auto/TerminationTransition6.xml
2 ms. Memory: 297984K Free: 158906K (53%)
----------------- Invoking toplevel() on ptolemy.moml.MoMLSimpleApplication@11bbea21
----------------- Done invoking toplevel() on ptolemy.moml.MoMLSimpleApplication@11bbea21
reloadAllAccessors: .TerminationTransition6

===========================================================================================
----------------- testing Tue Nov 05 06:12:44 UTC 2019 /home/travis/build/icyphy/ptII/ptolemy/domains/modal/test/auto/TerminationTransition7.xml
----------------- Instantiating /home/travis/build/icyphy/ptII/ptolemy/domains/modal/test/auto/TerminationTransition7.xml
2 ms. Memory: 297984K Free: 149180K (50%)
----------------- Invoking toplevel() on ptolemy.moml.MoMLSimpleApplication@cb91847
----------------- Done invoking toplevel() on ptolemy.moml.MoMLSimpleApplication@cb91847
reloadAllAccessors: .TerminationTransition7

===========================================================================================
----------------- testing Tue Nov 05 06:12:44 UTC 2019 /home/travis/build/icyphy/ptII/ptolemy/domains/modal/test/auto/TerminationTransition8.xml
----------------- Instantiating /home/travis/build/icyphy/ptII/ptolemy/domains/modal/test/auto/TerminationTransition8.xml
1 ms. Memory: 297984K Free: 139450K (47%)
----------------- Invoking toplevel() on ptolemy.moml.MoMLSimpleApplication@7ab7957a
----------------- Done invoking toplevel() on ptolemy.moml.MoMLSimpleApplication@7ab7957a
reloadAllAccessors: .TerminationTransition8

===========================================================================================
----------------- testing Tue Nov 05 06:12:44 UTC 2019 /home/travis/build/icyphy/ptII/ptolemy/domains/modal/test/auto/Thermostat_NoHysteresis.xml
----------------- Instantiating /home/travis/build/icyphy/ptII/ptolemy/domains/modal/test/auto/Thermostat_NoHysteresis.xml
23 ms. Memory: 297984K Free: 114874K (39%)
----------------- Invoking toplevel() on ptolemy.moml.MoMLSimpleApplication@fe54c1a
----------------- Done invoking toplevel() on ptolemy.moml.MoMLSimpleApplication@fe54c1a
reloadAllAccessors: .Thermostat_NoHysteresis

===========================================================================================
----------------- testing Tue Nov 05 06:12:44 UTC 2019 /home/travis/build/icyphy/ptII/ptolemy/domains/modal/test/auto/TimedFSM.xml
----------------- Instantiating /home/travis/build/icyphy/ptII/ptolemy/domains/modal/test/auto/TimedFSM.xml
22 ms. Memory: 297984K Free: 277103K (93%)
----------------- Invoking toplevel() on ptolemy.moml.MoMLSimpleApplication@7236884f
----------------- Done invoking toplevel() on ptolemy.moml.MoMLSimpleApplication@7236884f
reloadAllAccessors: .TimedFSM

===========================================================================================
----------------- testing Tue Nov 05 06:12:44 UTC 2019 /home/travis/build/icyphy/ptII/ptolemy/domains/modal/test/auto/Timeout1.xml
----------------- Instantiating /home/travis/build/icyphy/ptII/ptolemy/domains/modal/test/auto/Timeout1.xml
4 ms. Memory: 297984K Free: 271250K (91%)
----------------- Invoking toplevel() on ptolemy.moml.MoMLSimpleApplication@17b6452a
----------------- Done invoking toplevel() on ptolemy.moml.MoMLSimpleApplication@17b6452a
reloadAllAccessors: .Timeout1

===========================================================================================
----------------- testing Tue Nov 05 06:12:44 UTC 2019 /home/travis/build/icyphy/ptII/ptolemy/domains/modal/test/auto/Timeout2.xml
----------------- Instantiating /home/travis/build/icyphy/ptII/ptolemy/domains/modal/test/auto/Timeout2.xml
8 ms. Memory: 297984K Free: 262562K (88%)
----------------- Invoking toplevel() on ptolemy.moml.MoMLSimpleApplication@b40b143
----------------- Done invoking toplevel() on ptolemy.moml.MoMLSimpleApplication@b40b143
reloadAllAccessors: .Timeout2

===========================================================================================
----------------- testing Tue Nov 05 06:12:44 UTC 2019 /home/travis/build/icyphy/ptII/ptolemy/domains/modal/test/auto/Timeout3.xml
----------------- Instantiating /home/travis/build/icyphy/ptII/ptolemy/domains/modal/test/auto/Timeout3.xml
2 ms. Memory: 297984K Free: 257442K (86%)
----------------- Invoking toplevel() on ptolemy.moml.MoMLSimpleApplication@f63dce4
----------------- Done invoking toplevel() on ptolemy.moml.MoMLSimpleApplication@f63dce4
reloadAllAccessors: .Timeout3

===========================================================================================
----------------- testing Tue Nov 05 06:12:44 UTC 2019 /home/travis/build/icyphy/ptII/ptolemy/domains/modal/test/auto/Timeout4.xml
----------------- Instantiating /home/travis/build/icyphy/ptII/ptolemy/domains/modal/test/auto/Timeout4.xml
2 ms. Memory: 297984K Free: 252322K (85%)
----------------- Invoking toplevel() on ptolemy.moml.MoMLSimpleApplication@71190fb4
----------------- Done invoking toplevel() on ptolemy.moml.MoMLSimpleApplication@71190fb4
reloadAllAccessors: .Timeout4

===========================================================================================
----------------- testing Tue Nov 05 06:12:44 UTC 2019 /home/travis/build/icyphy/ptII/ptolemy/domains/modal/test/auto/TransientstateModelAdvanced.xml
----------------- Instantiating /home/travis/build/icyphy/ptII/ptolemy/domains/modal/test/auto/TransientstateModelAdvanced.xml
3 ms. Memory: 297984K Free: 240034K (81%)
----------------- Invoking toplevel() on ptolemy.moml.MoMLSimpleApplication@3bde5fff
----------------- Done invoking toplevel() on ptolemy.moml.MoMLSimpleApplication@3bde5fff
reloadAllAccessors: .TransientstateModelAdvanced

===========================================================================================
----------------- testing Tue Nov 05 06:12:44 UTC 2019 /home/travis/build/icyphy/ptII/ptolemy/domains/modal/test/auto/TransientstateModelAdvanced2.xml
----------------- Instantiating /home/travis/build/icyphy/ptII/ptolemy/domains/modal/test/auto/TransientstateModelAdvanced2.xml
3 ms. Memory: 297984K Free: 225698K (76%)
----------------- Invoking toplevel() on ptolemy.moml.MoMLSimpleApplication@10ad718d
----------------- Done invoking toplevel() on ptolemy.moml.MoMLSimpleApplication@10ad718d
reloadAllAccessors: .transientstatemodelAdvanced

===========================================================================================
----------------- testing Tue Nov 05 06:12:45 UTC 2019 /home/travis/build/icyphy/ptII/ptolemy/domains/modal/test/auto/TransitionRefinements.xml
----------------- Instantiating /home/travis/build/icyphy/ptII/ptolemy/domains/modal/test/auto/TransitionRefinements.xml
6 ms. Memory: 297984K Free: 215954K (72%)
----------------- Invoking toplevel() on ptolemy.moml.MoMLSimpleApplication@15aa6ca5
----------------- Done invoking toplevel() on ptolemy.moml.MoMLSimpleApplication@15aa6ca5
reloadAllAccessors: .TransitionRefinements

===========================================================================================
----------------- testing Tue Nov 05 06:12:45 UTC 2019 /home/travis/build/icyphy/ptII/ptolemy/domains/modal/test/auto/TwoRefinements1.xml
----------------- Instantiating /home/travis/build/icyphy/ptII/ptolemy/domains/modal/test/auto/TwoRefinements1.xml
3 ms. Memory: 297984K Free: 206242K (69%)
----------------- Invoking toplevel() on ptolemy.moml.MoMLSimpleApplication@4be10f4
----------------- Done invoking toplevel() on ptolemy.moml.MoMLSimpleApplication@4be10f4
reloadAllAccessors: .TwoRefinements1

===========================================================================================
----------------- testing Tue Nov 05 06:12:45 UTC 2019 /home/travis/build/icyphy/ptII/ptolemy/domains/modal/test/auto/TwoRefinements2.xml
----------------- Instantiating /home/travis/build/icyphy/ptII/ptolemy/domains/modal/test/auto/TwoRefinements2.xml
2 ms. Memory: 297984K Free: 196002K (66%)
----------------- Invoking toplevel() on ptolemy.moml.MoMLSimpleApplication@646a8e6b
----------------- Done invoking toplevel() on ptolemy.moml.MoMLSimpleApplication@646a8e6b
reloadAllAccessors: .TwoRefinements2

===========================================================================================
----------------- testing Tue Nov 05 06:12:45 UTC 2019 /home/travis/build/icyphy/ptII/ptolemy/domains/modal/test/auto/WeakImmediateTransition.xml
----------------- Instantiating /home/travis/build/icyphy/ptII/ptolemy/domains/modal/test/auto/WeakImmediateTransition.xml
3 ms. Memory: 297984K Free: 187296K (63%)
----------------- Invoking toplevel() on ptolemy.moml.MoMLSimpleApplication@7720249c
----------------- Done invoking toplevel() on ptolemy.moml.MoMLSimpleApplication@7720249c
reloadAllAccessors: .WeakImmediateTransition

===========================================================================================
----------------- testing Tue Nov 05 06:12:45 UTC 2019 /home/travis/build/icyphy/ptII/ptolemy/domains/modal/test/auto/booleanSelect.xml
----------------- Instantiating /home/travis/build/icyphy/ptII/ptolemy/domains/modal/test/auto/booleanSelect.xml
35 ms. Memory: 297984K Free: 168850K (57%)
----------------- Invoking toplevel() on ptolemy.moml.MoMLSimpleApplication@2e59f7e7
----------------- Done invoking toplevel() on ptolemy.moml.MoMLSimpleApplication@2e59f7e7
reloadAllAccessors: .booleanSelect

===========================================================================================
----------------- testing Tue Nov 05 06:12:45 UTC 2019 /home/travis/build/icyphy/ptII/ptolemy/domains/modal/test/auto/modalChangingParams.xml
----------------- Instantiating /home/travis/build/icyphy/ptII/ptolemy/domains/modal/test/auto/modalChangingParams.xml
0
1
0
2
4
6
8
7
0
2
4
6
8
13
0
2
4
6
8
19
0
2
4
6
8
25
0
2
4
6
8
31
0
2
4
6
8
37
0
2
4
6
8
43
0
2
4
6
8
49
0
2
4
6
8
55
0
2
4
6
8
61
0
2
4
6
8
67
0
2
4
6
8
73
0
2
4
6
8
79
0
2
4
6
8
85
0
2
4
6
8
91
0
2
4
6
8
97
0
2
4
6
8
103
0
2
4
6
8
109
0
2
4
6
8
115
0
2
4
6
8
121
0
2
4
6
8
127
0
2
4
6
8
133
0
2
4
6
8
139
0
2
4
6
8
145
0
2
4
6
8
151
0
2
4
6
8
157
0
2
4
6
8
163
0
2
4
6
8
169
0
2
4
6
8
175
0
2
4
6
8
181
0
2
4
6
8
187
0
2
4
6
8
193
0
2
4
6
8
199
0
2
4
6
8
205
0
2
4
6
8
211
0
2
4
6
8
217
0
2
4
6
8
223
0
2
4
6
8
229
0
2
4
6
8
235
0
2
4
6
8
241
0
2
4
6
8
247
0
2
4
6
8
253
0
2
4
6
8
259
0
2
4
6
8
265
0
2
4
6
8
271
0
2
4
6
8
277
0
2
4
6
8
283
0
2
4
6
8
289
0
2
4
6
8
295
0
2
4
6
8
301
0
2
4
6
8
307
0
2
4
6
8
313
0
2
4
6
8
319
0
2
4
6
8
325
0
2
4
6
8
331
0
2
4
6
8
337
0
2
4
6
8
343
0
2
4
6
8
349
0
2
4
6
8
355
0
2
4
6
8
361
0
2
4
6
8
367
0
2
4
6
8
373
0
2
4
6
8
379
0
2
4
6
8
385
0
2
4
6
8
391
0
2
4
6
8
397
0
2
4
6
8
403
0
2
4
6
8
409
0
2
4
6
8
415
0
2
4
6
8
421
0
2
4
6
8
427
0
2
4
6
8
433
0
2
4
6
8
439
0
2
4
6
8
445
0
2
4
6
8
451
0
2
4
6
8
457
0
2
4
6
8
463
0
2
4
6
8
469
0
2
4
6
8
475
0
2
4
6
8
481
0
2
4
6
8
487
0
2
4
6
8
493
0
2
4
6
8
499
0
2
4
6
8
505
0
2
4
6
8
511
0
2
4
6
8
517
0
2
4
6
8
523
0
2
4
6
8
529
0
2
4
6
8
535
0
2
4
6
8
541
0
2
4
6
8
547
0
2
4
6
8
553
0
2
4
6
8
559
0
2
4
6
8
565
0
2
4
6
8
571
0
2
4
6
8
577
0
2
4
6
8
583
0
2
4
6
8
589
0
2
4
6
8
595
0
2
4
6
8
601
0
2
4
6
8
607
0
2
4
6
8
613
0
2
4
6
8
619
0
2
4
6
8
625
0
2
4
6
8
631
0
2
4
6
8
637
0
2
4
6
8
643
0
2
4
6
8
649
0
2
4
6
8
655
0
2
4
6
8
661
0
2
4
6
8
667
0
2
4
6
8
673
0
2
4
6
8
679
0
2
4
6
8
685
0
2
4
6
8
691
0
2
4
6
8
697
0
2
4
6
8
703
0
2
4
6
8
709
0
2
4
6
8
715
0
2
4
6
8
721
0
2
4
6
8
727
0
2
4
6
8
733
0
2
4
6
8
739
0
2
4
6
8
745
0
2
4
6
8
751
0
2
4
6
8
757
0
2
4
6
8
763
0
2
4
6
8
769
0
2
4
6
8
775
0
2
4
6
8
781
0
2
4
6
8
787
0
2
4
6
8
793
0
2
4
6
8
799
0
2
4
6
8
805
0
2
4
6
8
811
0
2
4
6
8
817
0
2
4
6
8
823
0
2
4
6
8
829
0
2
4
6
8
835
0
2
4
6
8
841
0
2
4
6
8
847
0
2
4
6
8
853
0
2
4
6
8
859
0
2
4
6
8
865
0
2
4
6
8
871
0
2
4
6
8
877
0
2
4
6
8
883
0
2
4
6
8
889
0
2
4
6
8
895
0
2
4
6
8
901
0
2
4
6
8
907
0
2
4
6
8
913
0
2
4
6
8
919
0
2
4
6
8
925
0
2
4
6
8
931
0
2
4
6
8
937
0
2
4
6
8
943
0
2
4
6
8
949
0
2
4
6
8
955
0
2
4
6
8
961
0
2
4
6
8
967
0
2
4
6
8
973
0
2
4
6
8
979
0
2
4
6
8
985
0
2
4
6
8
991
0
2
4
6
8
997
0
2
322 ms. Memory: 358400K Free: 289440K (81%)
----------------- Invoking toplevel() on ptolemy.moml.MoMLSimpleApplication@860629a
----------------- Done invoking toplevel() on ptolemy.moml.MoMLSimpleApplication@860629a
reloadAllAccessors: .modalChangingParams

===========================================================================================
----------------- testing Tue Nov 05 06:12:45 UTC 2019 /home/travis/build/icyphy/ptII/ptolemy/domains/modal/test/auto/modalModel.xml
----------------- Instantiating /home/travis/build/icyphy/ptII/ptolemy/domains/modal/test/auto/modalModel.xml
6 ms. Memory: 358400K Free: 280194K (78%)
----------------- Invoking toplevel() on ptolemy.moml.MoMLSimpleApplication@3f1e660a
----------------- Done invoking toplevel() on ptolemy.moml.MoMLSimpleApplication@3f1e660a
reloadAllAccessors: .modalModel

===========================================================================================
----------------- testing Tue Nov 05 06:12:45 UTC 2019 /home/travis/build/icyphy/ptII/ptolemy/domains/modal/test/auto/modalModel2.xml
----------------- Instantiating /home/travis/build/icyphy/ptII/ptolemy/domains/modal/test/auto/modalModel2.xml
10 ms. Memory: 358400K Free: 269474K (75%)
----------------- Invoking toplevel() on ptolemy.moml.MoMLSimpleApplication@79dbbd7d
----------------- Done invoking toplevel() on ptolemy.moml.MoMLSimpleApplication@79dbbd7d
reloadAllAccessors: .modalModel2

===========================================================================================
----------------- testing Tue Nov 05 06:12:45 UTC 2019 /home/travis/build/icyphy/ptII/ptolemy/domains/modal/test/auto/modalModel3.xml
----------------- Instantiating /home/travis/build/icyphy/ptII/ptolemy/domains/modal/test/auto/modalModel3.xml
0	0	0
1	0	1
4	2	2
7	4	3
10	6	4
5	0	5
8	2	6
11	4	7
14	6	8
9	0	9
12	2	10
15	4	11
18	6	12
13	0	13
16	2	14
17 ms. Memory: 358400K Free: 254624K (71%)
----------------- Invoking toplevel() on ptolemy.moml.MoMLSimpleApplication@2eb29f7
----------------- Done invoking toplevel() on ptolemy.moml.MoMLSimpleApplication@2eb29f7
reloadAllAccessors: .modalModel3

===========================================================================================
----------------- testing Tue Nov 05 06:12:45 UTC 2019 /home/travis/build/icyphy/ptII/ptolemy/domains/modal/test/auto/model1.xml
----------------- Instantiating /home/travis/build/icyphy/ptII/ptolemy/domains/modal/test/auto/model1.xml
12 ms. Memory: 358400K Free: 248994K (69%)
----------------- Invoking toplevel() on ptolemy.moml.MoMLSimpleApplication@18d052aa
----------------- Done invoking toplevel() on ptolemy.moml.MoMLSimpleApplication@18d052aa
reloadAllAccessors: .model1

===========================================================================================
----------------- testing Tue Nov 05 06:12:45 UTC 2019 /home/travis/build/icyphy/ptII/ptolemy/domains/modal/test/auto/test-direct-in-out.xml
----------------- Instantiating /home/travis/build/icyphy/ptII/ptolemy/domains/modal/test/auto/test-direct-in-out.xml
5 ms. Memory: 358400K Free: 241296K (67%)
----------------- Invoking toplevel() on ptolemy.moml.MoMLSimpleApplication@68c4f4a
----------------- Done invoking toplevel() on ptolemy.moml.MoMLSimpleApplication@68c4f4a
reloadAllAccessors: .test-direct-in-out
AutoTests.java: About to close Vertx.
AutoTests.java: Vertx closed.
]]></system-out>
  <system-err><![CDATA[java.lang.RuntimeException: Execution failed
	at ptolemy.moml.MoMLSimpleApplication$UnloadThread.run(MoMLSimpleApplication.java:402)
Caused by: ptolemy.kernel.util.IllegalActionException: Unknown inputs remain. Possible causality loop:
L_model_1893289564i

  in .CannotAnalysisWithPreemption.model_1893289564_region_1 and .CannotAnalysisWithPreemption.model_1893289564_region_1.L_model_1893289564i
	at ptolemy.actor.sched.FixedPointDirector.postfire(FixedPointDirector.java:515)
	at ptolemy.domains.sr.kernel.SRDirector.postfire(SRDirector.java:417)
	at ptolemy.actor.CompositeActor.postfire(CompositeActor.java:1668)
	at ptolemy.actor.Manager.iterate(Manager.java:852)
	at ptolemy.actor.Manager.execute(Manager.java:369)
	at ptolemy.actor.Manager.run(Manager.java:1263)
	at ptolemy.actor.Manager$PtolemyRunThread.run(Manager.java:1933)
java.lang.reflect.InvocationTargetException
	at java.base/jdk.internal.reflect.NativeConstructorAccessorImpl.newInstance0(Native Method)
	at java.base/jdk.internal.reflect.NativeConstructorAccessorImpl.newInstance(NativeConstructorAccessorImpl.java:62)
	at java.base/jdk.internal.reflect.DelegatingConstructorAccessorImpl.newInstance(DelegatingConstructorAccessorImpl.java:45)
	at java.base/java.lang.reflect.Constructor.newInstance(Constructor.java:490)
	at ptolemy.util.test.junit.AutoKnownFailedTests.RunModel(AutoKnownFailedTests.java:105)
	at java.base/jdk.internal.reflect.NativeMethodAccessorImpl.invoke0(Native Method)
	at java.base/jdk.internal.reflect.NativeMethodAccessorImpl.invoke(NativeMethodAccessorImpl.java:62)
	at java.base/jdk.internal.reflect.DelegatingMethodAccessorImpl.invoke(DelegatingMethodAccessorImpl.java:43)
	at java.base/java.lang.reflect.Method.invoke(Method.java:566)
	at org.junit.runners.model.FrameworkMethod$1.runReflectiveCall(FrameworkMethod.java:44)
	at org.junit.internal.runners.model.ReflectiveCallable.run(ReflectiveCallable.java:15)
	at org.junit.runners.model.FrameworkMethod.invokeExplosively(FrameworkMethod.java:41)
	at junitparams.internal.InvokeParameterisedMethod.evaluate(InvokeParameterisedMethod.java:102)
	at org.junit.internal.runners.statements.FailOnTimeout$1.run(FailOnTimeout.java:28)
Caused by: ptolemy.kernel.util.IllegalActionException: Unknown inputs remain. Possible causality loop:
L_model_1893289564i

  in .CannotAnalysisWithPreemption.model_1893289564_region_1 and .CannotAnalysisWithPreemption.model_1893289564_region_1.L_model_1893289564i
	at ptolemy.actor.sched.FixedPointDirector.postfire(FixedPointDirector.java:515)
	at ptolemy.domains.sr.kernel.SRDirector.postfire(SRDirector.java:417)
	at ptolemy.actor.CompositeActor.postfire(CompositeActor.java:1668)
	at ptolemy.actor.Manager.iterate(Manager.java:852)
	at ptolemy.actor.Manager.execute(Manager.java:369)
	at ptolemy.actor.Manager.run(Manager.java:1263)
	at ptolemy.actor.Manager$PtolemyRunThread.run(Manager.java:1933)
]]></system-err>
</testsuite>
