<?xml version="1.0" encoding="UTF-8" ?>
<testsuite errors="0" failures="0" hostname="travis-job-7dbf3bea-7abf-457d-8ede-6fc1a7188f5c" name="ptolemy.domains.sdf.lib.test.junit.JUnitTclTest" skipped="0" tests="82" time="9.556" timestamp="2019-09-19T06:02:30">
  <properties>
[...]
</properties>
  <testcase classname="ptolemy.util.test.junit.TclTests" name="[0] /home/travis/build/icyphy/ptII/ptolemy/domains/sdf/lib/test/ArrayToSequence.tcl (RunTclFile)" time="0.598" />
  <testcase classname="ptolemy.util.test.junit.TclTests" name="[1] /home/travis/build/icyphy/ptII/ptolemy/domains/sdf/lib/test/BitsToInt.tcl (RunTclFile)" time="0.039" />
  <testcase classname="ptolemy.util.test.junit.TclTests" name="[2] /home/travis/build/icyphy/ptII/ptolemy/domains/sdf/lib/test/DelayLine.tcl (RunTclFile)" time="0.029" />
  <testcase classname="ptolemy.util.test.junit.TclTests" name="[3] /home/travis/build/icyphy/ptII/ptolemy/domains/sdf/lib/test/FFT.tcl (RunTclFile)" time="0.043" />
  <testcase classname="ptolemy.util.test.junit.TclTests" name="[4] /home/travis/build/icyphy/ptII/ptolemy/domains/sdf/lib/test/FIR.tcl (RunTclFile)" time="0.205" />
  <testcase classname="ptolemy.util.test.junit.TclTests" name="[5] /home/travis/build/icyphy/ptII/ptolemy/domains/sdf/lib/test/IntToBits.tcl (RunTclFile)" time="0.068" />
  <testcase classname="ptolemy.util.test.junit.TclTests" name="[6] /home/travis/build/icyphy/ptII/ptolemy/domains/sdf/lib/test/MaximumEntropySpectrum.tcl (RunTclFile)" time="0.448" />
  <testcase classname="ptolemy.util.test.junit.TclTests" name="[7] /home/travis/build/icyphy/ptII/ptolemy/domains/sdf/lib/test/Repeat.tcl (RunTclFile)" time="0.059" />
  <testcase classname="ptolemy.util.test.junit.TclTests" name="[8] /home/travis/build/icyphy/ptII/ptolemy/domains/sdf/lib/test/SampleDelay.tcl (RunTclFile)" time="0.046" />
  <testcase classname="ptolemy.util.test.junit.TclTests" name="[9] /home/travis/build/icyphy/ptII/ptolemy/domains/sdf/lib/test/SequenceToArray.tcl (RunTclFile)" time="0.033" />
  <testcase classname="ptolemy.util.test.junit.AutoKnownFailedTests" name="[0] ThereAreNoKnowFailedTests (RunModel)" time="0.006" />
  <testcase classname="ptolemy.util.test.junit.AutoNameArchTests" name="[0] ThereAreNoAutoArchTests (RunModel)" time="0.004" />
  <testcase classname="ptolemy.util.test.junit.AutoTests" name="[0] /home/travis/build/icyphy/ptII/ptolemy/domains/sdf/lib/test/auto/ArrayToSequence.xml (RunModel)" time="0.287" />
  <testcase classname="ptolemy.util.test.junit.AutoTests" name="[1] /home/travis/build/icyphy/ptII/ptolemy/domains/sdf/lib/test/auto/ArrayToSequenceTest.xml (RunModel)" time="0.105" />
  <testcase classname="ptolemy.util.test.junit.AutoTests" name="[2] /home/travis/build/icyphy/ptII/ptolemy/domains/sdf/lib/test/auto/Autocorrelation.xml (RunModel)" time="0.049" />
  <testcase classname="ptolemy.util.test.junit.AutoTests" name="[3] /home/travis/build/icyphy/ptII/ptolemy/domains/sdf/lib/test/auto/Autocorrelation2.xml (RunModel)" time="0.06" />
  <testcase classname="ptolemy.util.test.junit.AutoTests" name="[4] /home/travis/build/icyphy/ptII/ptolemy/domains/sdf/lib/test/auto/Autocorrelation3.xml (RunModel)" time="0.046" />
  <testcase classname="ptolemy.util.test.junit.AutoTests" name="[5] /home/travis/build/icyphy/ptII/ptolemy/domains/sdf/lib/test/auto/Autocorrelation4.xml (RunModel)" time="0.031" />
  <testcase classname="ptolemy.util.test.junit.AutoTests" name="[6] /home/travis/build/icyphy/ptII/ptolemy/domains/sdf/lib/test/auto/Autocorrelation5.xml (RunModel)" time="0.118" />
  <testcase classname="ptolemy.util.test.junit.AutoTests" name="[7] /home/travis/build/icyphy/ptII/ptolemy/domains/sdf/lib/test/auto/BitsToInt.xml (RunModel)" time="0.033" />
  <testcase classname="ptolemy.util.test.junit.AutoTests" name="[8] /home/travis/build/icyphy/ptII/ptolemy/domains/sdf/lib/test/auto/BooleanJoin.xml (RunModel)" time="0.032" />
  <testcase classname="ptolemy.util.test.junit.AutoTests" name="[9] /home/travis/build/icyphy/ptII/ptolemy/domains/sdf/lib/test/auto/BootstrapSampleDelay.xml (RunModel)" time="0.05" />
  <testcase classname="ptolemy.util.test.junit.AutoTests" name="[10] /home/travis/build/icyphy/ptII/ptolemy/domains/sdf/lib/test/auto/Chop.xml (RunModel)" time="0.065" />
  <testcase classname="ptolemy.util.test.junit.AutoTests" name="[11] /home/travis/build/icyphy/ptII/ptolemy/domains/sdf/lib/test/auto/Chop2.xml (RunModel)" time="0.035" />
  <testcase classname="ptolemy.util.test.junit.AutoTests" name="[12] /home/travis/build/icyphy/ptII/ptolemy/domains/sdf/lib/test/auto/ComplexJoin.xml (RunModel)" time="0.033" />
  <testcase classname="ptolemy.util.test.junit.AutoTests" name="[13] /home/travis/build/icyphy/ptII/ptolemy/domains/sdf/lib/test/auto/CountTrues.xml (RunModel)" time="0.032" />
  <testcase classname="ptolemy.util.test.junit.AutoTests" name="[14] /home/travis/build/icyphy/ptII/ptolemy/domains/sdf/lib/test/auto/DelayLine.xml (RunModel)" time="0.047" />
  <testcase classname="ptolemy.util.test.junit.AutoTests" name="[15] /home/travis/build/icyphy/ptII/ptolemy/domains/sdf/lib/test/auto/DotProduct.xml (RunModel)" time="0.044" />
  <testcase classname="ptolemy.util.test.junit.AutoTests" name="[16] /home/travis/build/icyphy/ptII/ptolemy/domains/sdf/lib/test/auto/DotProductMatrix.xml (RunModel)" time="0.013" />
  <testcase classname="ptolemy.util.test.junit.AutoTests" name="[17] /home/travis/build/icyphy/ptII/ptolemy/domains/sdf/lib/test/auto/DownSample1.xml (RunModel)" time="0.019" />
  <testcase classname="ptolemy.util.test.junit.AutoTests" name="[18] /home/travis/build/icyphy/ptII/ptolemy/domains/sdf/lib/test/auto/DynamicRateChange.xml (RunModel)" time="0.029" />
  <testcase classname="ptolemy.util.test.junit.AutoTests" name="[19] /home/travis/build/icyphy/ptII/ptolemy/domains/sdf/lib/test/auto/DynamicRates.xml (RunModel)" time="0.024" />
  <testcase classname="ptolemy.util.test.junit.AutoTests" name="[20] /home/travis/build/icyphy/ptII/ptolemy/domains/sdf/lib/test/auto/FFT1.xml (RunModel)" time="0.024" />
  <testcase classname="ptolemy.util.test.junit.AutoTests" name="[21] /home/travis/build/icyphy/ptII/ptolemy/domains/sdf/lib/test/auto/FIR1.xml (RunModel)" time="0.069" />
  <testcase classname="ptolemy.util.test.junit.AutoTests" name="[22] /home/travis/build/icyphy/ptII/ptolemy/domains/sdf/lib/test/auto/FIR2.xml (RunModel)" time="0.026" />
  <testcase classname="ptolemy.util.test.junit.AutoTests" name="[23] /home/travis/build/icyphy/ptII/ptolemy/domains/sdf/lib/test/auto/FIR4.xml (RunModel)" time="0.047" />
  <testcase classname="ptolemy.util.test.junit.AutoTests" name="[24] /home/travis/build/icyphy/ptII/ptolemy/domains/sdf/lib/test/auto/FixJoin.xml (RunModel)" time="0.054" />
  <testcase classname="ptolemy.util.test.junit.AutoTests" name="[25] /home/travis/build/icyphy/ptII/ptolemy/domains/sdf/lib/test/auto/IntJoin1.xml (RunModel)" time="0.038" />
  <testcase classname="ptolemy.util.test.junit.AutoTests" name="[26] /home/travis/build/icyphy/ptII/ptolemy/domains/sdf/lib/test/auto/IntJoin2.xml (RunModel)" time="0.023" />
  <testcase classname="ptolemy.util.test.junit.AutoTests" name="[27] /home/travis/build/icyphy/ptII/ptolemy/domains/sdf/lib/test/auto/IntJoin3.xml (RunModel)" time="0.033" />
  <testcase classname="ptolemy.util.test.junit.AutoTests" name="[28] /home/travis/build/icyphy/ptII/ptolemy/domains/sdf/lib/test/auto/IntJoin4.xml (RunModel)" time="0.025" />
  <testcase classname="ptolemy.util.test.junit.AutoTests" name="[29] /home/travis/build/icyphy/ptII/ptolemy/domains/sdf/lib/test/auto/IntJoin5.xml (RunModel)" time="0.032" />
  <testcase classname="ptolemy.util.test.junit.AutoTests" name="[30] /home/travis/build/icyphy/ptII/ptolemy/domains/sdf/lib/test/auto/IntToBits.xml (RunModel)" time="0.022" />
  <testcase classname="ptolemy.util.test.junit.AutoTests" name="[31] /home/travis/build/icyphy/ptII/ptolemy/domains/sdf/lib/test/auto/LMSAdaptive.xml (RunModel)" time="0.069" />
  <testcase classname="ptolemy.util.test.junit.AutoTests" name="[32] /home/travis/build/icyphy/ptII/ptolemy/domains/sdf/lib/test/auto/LMSAdaptiveFIR.xml (RunModel)" time="0.394" />
  <testcase classname="ptolemy.util.test.junit.AutoTests" name="[33] /home/travis/build/icyphy/ptII/ptolemy/domains/sdf/lib/test/auto/LMSAdaptiveFIR2.xml (RunModel)" time="0.529" />
  <testcase classname="ptolemy.util.test.junit.AutoTests" name="[34] /home/travis/build/icyphy/ptII/ptolemy/domains/sdf/lib/test/auto/LongJoin.xml (RunModel)" time="0.044" />
  <testcase classname="ptolemy.util.test.junit.AutoTests" name="[35] /home/travis/build/icyphy/ptII/ptolemy/domains/sdf/lib/test/auto/Matrix1.xml (RunModel)" time="0.026" />
  <testcase classname="ptolemy.util.test.junit.AutoTests" name="[36] /home/travis/build/icyphy/ptII/ptolemy/domains/sdf/lib/test/auto/Matrix2.xml (RunModel)" time="0.012" />
  <testcase classname="ptolemy.util.test.junit.AutoTests" name="[37] /home/travis/build/icyphy/ptII/ptolemy/domains/sdf/lib/test/auto/MatrixJoin1.xml (RunModel)" time="0.045" />
  <testcase classname="ptolemy.util.test.junit.AutoTests" name="[38] /home/travis/build/icyphy/ptII/ptolemy/domains/sdf/lib/test/auto/MatrixJoin2.xml (RunModel)" time="0.017" />
  <testcase classname="ptolemy.util.test.junit.AutoTests" name="[39] /home/travis/build/icyphy/ptII/ptolemy/domains/sdf/lib/test/auto/MatrixJoin3.xml (RunModel)" time="0.024" />
  <testcase classname="ptolemy.util.test.junit.AutoTests" name="[40] /home/travis/build/icyphy/ptII/ptolemy/domains/sdf/lib/test/auto/MatrixJoin4.xml (RunModel)" time="0.019" />
  <testcase classname="ptolemy.util.test.junit.AutoTests" name="[41] /home/travis/build/icyphy/ptII/ptolemy/domains/sdf/lib/test/auto/MatrixJoin5.xml (RunModel)" time="0.015" />
  <testcase classname="ptolemy.util.test.junit.AutoTests" name="[42] /home/travis/build/icyphy/ptII/ptolemy/domains/sdf/lib/test/auto/MatrixSplit1.xml (RunModel)" time="0.022" />
  <testcase classname="ptolemy.util.test.junit.AutoTests" name="[43] /home/travis/build/icyphy/ptII/ptolemy/domains/sdf/lib/test/auto/MatrixSplit10.xml (RunModel)" time="0.015" />
  <testcase classname="ptolemy.util.test.junit.AutoTests" name="[44] /home/travis/build/icyphy/ptII/ptolemy/domains/sdf/lib/test/auto/MatrixSplit11.xml (RunModel)" time="0.016" />
  <testcase classname="ptolemy.util.test.junit.AutoTests" name="[45] /home/travis/build/icyphy/ptII/ptolemy/domains/sdf/lib/test/auto/MatrixSplit12.xml (RunModel)" time="0.017" />
  <testcase classname="ptolemy.util.test.junit.AutoTests" name="[46] /home/travis/build/icyphy/ptII/ptolemy/domains/sdf/lib/test/auto/MatrixSplit13.xml (RunModel)" time="0.024" />
  <testcase classname="ptolemy.util.test.junit.AutoTests" name="[47] /home/travis/build/icyphy/ptII/ptolemy/domains/sdf/lib/test/auto/MatrixSplit14.xml (RunModel)" time="0.014" />
  <testcase classname="ptolemy.util.test.junit.AutoTests" name="[48] /home/travis/build/icyphy/ptII/ptolemy/domains/sdf/lib/test/auto/MatrixSplit2.xml (RunModel)" time="0.01" />
  <testcase classname="ptolemy.util.test.junit.AutoTests" name="[49] /home/travis/build/icyphy/ptII/ptolemy/domains/sdf/lib/test/auto/MatrixSplit3.xml (RunModel)" time="0.012" />
  <testcase classname="ptolemy.util.test.junit.AutoTests" name="[50] /home/travis/build/icyphy/ptII/ptolemy/domains/sdf/lib/test/auto/MatrixSplit4.xml (RunModel)" time="0.012" />
  <testcase classname="ptolemy.util.test.junit.AutoTests" name="[51] /home/travis/build/icyphy/ptII/ptolemy/domains/sdf/lib/test/auto/MatrixSplit5.xml (RunModel)" time="0.023" />
  <testcase classname="ptolemy.util.test.junit.AutoTests" name="[52] /home/travis/build/icyphy/ptII/ptolemy/domains/sdf/lib/test/auto/MatrixSplit6.xml (RunModel)" time="0.014" />
  <testcase classname="ptolemy.util.test.junit.AutoTests" name="[53] /home/travis/build/icyphy/ptII/ptolemy/domains/sdf/lib/test/auto/MatrixSplit7.xml (RunModel)" time="0.012" />
  <testcase classname="ptolemy.util.test.junit.AutoTests" name="[54] /home/travis/build/icyphy/ptII/ptolemy/domains/sdf/lib/test/auto/MatrixSplit8.xml (RunModel)" time="0.013" />
  <testcase classname="ptolemy.util.test.junit.AutoTests" name="[55] /home/travis/build/icyphy/ptII/ptolemy/domains/sdf/lib/test/auto/MatrixSplit9.xml (RunModel)" time="0.027" />
  <testcase classname="ptolemy.util.test.junit.AutoTests" name="[56] /home/travis/build/icyphy/ptII/ptolemy/domains/sdf/lib/test/auto/MatrixToSequence.xml (RunModel)" time="0.043" />
  <testcase classname="ptolemy.util.test.junit.AutoTests" name="[57] /home/travis/build/icyphy/ptII/ptolemy/domains/sdf/lib/test/auto/MaximumEntropySpectrum.xml (RunModel)" time="0.092" />
  <testcase classname="ptolemy.util.test.junit.AutoTests" name="[58] /home/travis/build/icyphy/ptII/ptolemy/domains/sdf/lib/test/auto/SampleDelayConversion.xml (RunModel)" time="0.021" />
  <testcase classname="ptolemy.util.test.junit.AutoTests" name="[59] /home/travis/build/icyphy/ptII/ptolemy/domains/sdf/lib/test/auto/SequenceToArray.xml (RunModel)" time="0.038" />
  <testcase classname="ptolemy.util.test.junit.AutoTests" name="[60] /home/travis/build/icyphy/ptII/ptolemy/domains/sdf/lib/test/auto/SequenceToMatrix.xml (RunModel)" time="3.942" />
  <testcase classname="ptolemy.util.test.junit.AutoTests" name="[61] /home/travis/build/icyphy/ptII/ptolemy/domains/sdf/lib/test/auto/SmoothedPeriodogram.xml (RunModel)" time="0.051" />
  <testcase classname="ptolemy.util.test.junit.AutoTests" name="[62] /home/travis/build/icyphy/ptII/ptolemy/domains/sdf/lib/test/auto/UpDownSample1.xml (RunModel)" time="0.024" />
  <testcase classname="ptolemy.util.test.junit.AutoTests" name="[63] /home/travis/build/icyphy/ptII/ptolemy/domains/sdf/lib/test/auto/UpSample1.xml (RunModel)" time="0.017" />
  <testcase classname="ptolemy.util.test.junit.AutoTests" name="[64] /home/travis/build/icyphy/ptII/ptolemy/domains/sdf/lib/test/auto/VariableFIR.xml (RunModel)" time="0.022" />
  <testcase classname="ptolemy.util.test.junit.AutoTests" name="[65] /home/travis/build/icyphy/ptII/ptolemy/domains/sdf/lib/test/auto/VariableFIR2.xml (RunModel)" time="0.025" />
  <testcase classname="ptolemy.util.test.junit.AutoTests" name="[66] /home/travis/build/icyphy/ptII/ptolemy/domains/sdf/lib/test/auto/VariableLattice.xml (RunModel)" time="0.025" />
  <testcase classname="ptolemy.util.test.junit.AutoTests" name="[67] /home/travis/build/icyphy/ptII/ptolemy/domains/sdf/lib/test/auto/VariableLattice2.xml (RunModel)" time="0.02" />
  <testcase classname="ptolemy.util.test.junit.AutoTests" name="[68] /home/travis/build/icyphy/ptII/ptolemy/domains/sdf/lib/test/auto/VariableRecursiveLattice.xml (RunModel)" time="0.017" />
  <testcase classname="ptolemy.util.test.junit.AutoTests" name="[69] /home/travis/build/icyphy/ptII/ptolemy/domains/sdf/lib/test/auto/VariableRecursiveLattice2.xml (RunModel)" time="0.018" />
  <system-out><![CDATA[/home/travis/build/icyphy/ptII/ptolemy/domains/sdf/lib/test/ArrayToSequence.tcl
testDefs.tcl: setting time out to 9000 seconds at Thu Sep 19 06:02:30 UTC 2019
79 ms. Memory: 120832K Free: 87494K (72%)
23 ms. Memory: 120832K Free: 85446K (71%)
25 ms. Memory: 120832K Free: 83383K (69%)
28 ms. Memory: 120832K Free: 81864K (68%)
/home/travis/build/icyphy/ptII/ptolemy/domains/sdf/lib/test/BitsToInt.tcl
11 ms. Memory: 120832K Free: 80311K (66%)
8 ms. Memory: 120832K Free: 78263K (65%)
/home/travis/build/icyphy/ptII/ptolemy/domains/sdf/lib/test/DelayLine.tcl
11 ms. Memory: 120832K Free: 76744K (64%)
/home/travis/build/icyphy/ptII/ptolemy/domains/sdf/lib/test/FFT.tcl
5 ms. Memory: 120832K Free: 74696K (62%)
/home/travis/build/icyphy/ptII/ptolemy/domains/sdf/lib/test/FIR.tcl
21 ms. Memory: 120832K Free: 73151K (61%)
68 ms. Memory: 120832K Free: 69062K (57%)
ptolemy.kernel.util.IllegalActionException: multiplyReverse method not supported between ptolemy.data.FixToken 'fix(-0.0625,6,2)' and ptolemy.data.IntToken '1' because the types are incomparable.
  in .top.FIRclone
Because:
multiplyReverse method not supported between ptolemy.data.FixToken 'fix(-0.0625,6,2)' and ptolemy.data.IntToken '1' because the types are incomparable.
42 ms. Memory: 120832K Free: 66504K (55%)
/home/travis/build/icyphy/ptII/ptolemy/domains/sdf/lib/test/IntToBits.tcl
13 ms. Memory: 120832K Free: 64951K (54%)
16 ms. Memory: 120832K Free: 63432K (52%)
/home/travis/build/icyphy/ptII/ptolemy/domains/sdf/lib/test/MaximumEntropySpectrum.tcl
/home/travis/build/icyphy/ptII/ptolemy/domains/sdf/lib/test/Repeat.tcl
6 ms. Memory: 120832K Free: 103426K (86%)
/home/travis/build/icyphy/ptII/ptolemy/domains/sdf/lib/test/SampleDelay.tcl
4 ms. Memory: 120832K Free: 104842K (87%)
8 ms. Memory: 120832K Free: 103818K (86%)
3 ms. Memory: 120832K Free: 103030K (85%)
8 ms. Memory: 120832K Free: 102392K (85%)
2 ms. Memory: 120832K Free: 101770K (84%)
2 ms. Memory: 120832K Free: 101376K (84%)
/home/travis/build/icyphy/ptII/ptolemy/domains/sdf/lib/test/SequenceToArray.tcl
5 ms. Memory: 120832K Free: 99722K (83%)
4 ms. Memory: 120832K Free: 98698K (82%)
6 ms. Memory: 120832K Free: 97280K (81%)
5 ms. Memory: 120832K Free: 96256K (80%)
09/19/19 06:02:31
Failed: 0  Total Tests: 41  ((Passed: 41, Newly Passed: 0)  Known Failed: 0) /home/travis/build/icyphy/ptII/ptolemy/domains/sdf/lib/test
No auto/knownFailedTests/*.xml tests in /home/travis/build/icyphy/ptII/ptolemy/domains/sdf/lib/test
No auto/linux-amd64/*.xml tests in /home/travis/build/icyphy/ptII/ptolemy/domains/sdf/lib/test
AutoTests.java: About to close Vertx.
AutoTests.java: Vertx closed.

===========================================================================================
----------------- testing Thu Sep 19 06:02:32 UTC 2019 /home/travis/build/icyphy/ptII/ptolemy/domains/sdf/lib/test/auto/ArrayToSequence.xml
----------------- Instantiating /home/travis/build/icyphy/ptII/ptolemy/domains/sdf/lib/test/auto/ArrayToSequence.xml
41 ms. Memory: 120832K Free: 85987K (71%)
----------------- Invoking toplevel() on ptolemy.moml.MoMLSimpleApplication@549ea0c3
----------------- Done invoking toplevel() on ptolemy.moml.MoMLSimpleApplication@549ea0c3
reloadAllAccessors: .ArrayToSequence

===========================================================================================
----------------- testing Thu Sep 19 06:02:32 UTC 2019 /home/travis/build/icyphy/ptII/ptolemy/domains/sdf/lib/test/auto/ArrayToSequenceTest.xml
----------------- Instantiating /home/travis/build/icyphy/ptII/ptolemy/domains/sdf/lib/test/auto/ArrayToSequenceTest.xml
27 ms. Memory: 120832K Free: 80193K (66%)
----------------- Invoking toplevel() on ptolemy.moml.MoMLSimpleApplication@58f13e03
----------------- Done invoking toplevel() on ptolemy.moml.MoMLSimpleApplication@58f13e03
reloadAllAccessors: .ArrayToSequenceTest

===========================================================================================
----------------- testing Thu Sep 19 06:02:32 UTC 2019 /home/travis/build/icyphy/ptII/ptolemy/domains/sdf/lib/test/auto/Autocorrelation.xml
----------------- Instantiating /home/travis/build/icyphy/ptII/ptolemy/domains/sdf/lib/test/auto/Autocorrelation.xml
8 ms. Memory: 120832K Free: 75739K (63%)
----------------- Invoking toplevel() on ptolemy.moml.MoMLSimpleApplication@6730a5fb
----------------- Done invoking toplevel() on ptolemy.moml.MoMLSimpleApplication@6730a5fb
reloadAllAccessors: .Autocorrelation

===========================================================================================
----------------- testing Thu Sep 19 06:02:32 UTC 2019 /home/travis/build/icyphy/ptII/ptolemy/domains/sdf/lib/test/auto/Autocorrelation2.xml
----------------- Instantiating /home/travis/build/icyphy/ptII/ptolemy/domains/sdf/lib/test/auto/Autocorrelation2.xml
4 ms. Memory: 120832K Free: 102905K (85%)
----------------- Invoking toplevel() on ptolemy.moml.MoMLSimpleApplication@5d25649
----------------- Done invoking toplevel() on ptolemy.moml.MoMLSimpleApplication@5d25649
reloadAllAccessors: .Autocorrelation2

===========================================================================================
----------------- testing Thu Sep 19 06:02:32 UTC 2019 /home/travis/build/icyphy/ptII/ptolemy/domains/sdf/lib/test/auto/Autocorrelation3.xml
----------------- Instantiating /home/travis/build/icyphy/ptII/ptolemy/domains/sdf/lib/test/auto/Autocorrelation3.xml
8 ms. Memory: 120832K Free: 98795K (82%)
----------------- Invoking toplevel() on ptolemy.moml.MoMLSimpleApplication@19f6371d
----------------- Done invoking toplevel() on ptolemy.moml.MoMLSimpleApplication@19f6371d
reloadAllAccessors: .Autocorrelation3

===========================================================================================
----------------- testing Thu Sep 19 06:02:32 UTC 2019 /home/travis/build/icyphy/ptII/ptolemy/domains/sdf/lib/test/auto/Autocorrelation4.xml
----------------- Instantiating /home/travis/build/icyphy/ptII/ptolemy/domains/sdf/lib/test/auto/Autocorrelation4.xml
4 ms. Memory: 120832K Free: 94699K (78%)
----------------- Invoking toplevel() on ptolemy.moml.MoMLSimpleApplication@6945def2
----------------- Done invoking toplevel() on ptolemy.moml.MoMLSimpleApplication@6945def2
reloadAllAccessors: .Autocorrelation4

===========================================================================================
----------------- testing Thu Sep 19 06:02:32 UTC 2019 /home/travis/build/icyphy/ptII/ptolemy/domains/sdf/lib/test/auto/Autocorrelation5.xml
----------------- Instantiating /home/travis/build/icyphy/ptII/ptolemy/domains/sdf/lib/test/auto/Autocorrelation5.xml
56 ms. Memory: 120832K Free: 87224K (72%)
----------------- Invoking toplevel() on ptolemy.moml.MoMLSimpleApplication@1381df83
----------------- Done invoking toplevel() on ptolemy.moml.MoMLSimpleApplication@1381df83
reloadAllAccessors: .Autocorrelation5

===========================================================================================
----------------- testing Thu Sep 19 06:02:32 UTC 2019 /home/travis/build/icyphy/ptII/ptolemy/domains/sdf/lib/test/auto/BitsToInt.xml
----------------- Instantiating /home/travis/build/icyphy/ptII/ptolemy/domains/sdf/lib/test/auto/BitsToInt.xml
5 ms. Memory: 120832K Free: 84136K (70%)
----------------- Invoking toplevel() on ptolemy.moml.MoMLSimpleApplication@43a3a7bd
----------------- Done invoking toplevel() on ptolemy.moml.MoMLSimpleApplication@43a3a7bd
reloadAllAccessors: .BitsToInt

===========================================================================================
----------------- testing Thu Sep 19 06:02:32 UTC 2019 /home/travis/build/icyphy/ptII/ptolemy/domains/sdf/lib/test/auto/BooleanJoin.xml
----------------- Instantiating /home/travis/build/icyphy/ptII/ptolemy/domains/sdf/lib/test/auto/BooleanJoin.xml
9 ms. Memory: 120832K Free: 79676K (66%)
----------------- Invoking toplevel() on ptolemy.moml.MoMLSimpleApplication@2e8c69d7
----------------- Done invoking toplevel() on ptolemy.moml.MoMLSimpleApplication@2e8c69d7
reloadAllAccessors: .BooleanJoin

===========================================================================================
----------------- testing Thu Sep 19 06:02:33 UTC 2019 /home/travis/build/icyphy/ptII/ptolemy/domains/sdf/lib/test/auto/BootstrapSampleDelay.xml
----------------- Instantiating /home/travis/build/icyphy/ptII/ptolemy/domains/sdf/lib/test/auto/BootstrapSampleDelay.xml
14 ms. Memory: 120832K Free: 75922K (63%)
----------------- Invoking toplevel() on ptolemy.moml.MoMLSimpleApplication@7b67c780
----------------- Done invoking toplevel() on ptolemy.moml.MoMLSimpleApplication@7b67c780
reloadAllAccessors: .BootstrapSampleDelay

===========================================================================================
----------------- testing Thu Sep 19 06:02:33 UTC 2019 /home/travis/build/icyphy/ptII/ptolemy/domains/sdf/lib/test/auto/Chop.xml
----------------- Instantiating /home/travis/build/icyphy/ptII/ptolemy/domains/sdf/lib/test/auto/Chop.xml
13 ms. Memory: 120832K Free: 68448K (57%)
----------------- Invoking toplevel() on ptolemy.moml.MoMLSimpleApplication@1773d8d3
----------------- Done invoking toplevel() on ptolemy.moml.MoMLSimpleApplication@1773d8d3
reloadAllAccessors: .Chop

===========================================================================================
----------------- testing Thu Sep 19 06:02:33 UTC 2019 /home/travis/build/icyphy/ptII/ptolemy/domains/sdf/lib/test/auto/Chop2.xml
----------------- Instantiating /home/travis/build/icyphy/ptII/ptolemy/domains/sdf/lib/test/auto/Chop2.xml
6 ms. Memory: 120832K Free: 62268K (52%)
----------------- Invoking toplevel() on ptolemy.moml.MoMLSimpleApplication@35326db6
----------------- Done invoking toplevel() on ptolemy.moml.MoMLSimpleApplication@35326db6
reloadAllAccessors: .Chop2

===========================================================================================
----------------- testing Thu Sep 19 06:02:33 UTC 2019 /home/travis/build/icyphy/ptII/ptolemy/domains/sdf/lib/test/auto/ComplexJoin.xml
----------------- Instantiating /home/travis/build/icyphy/ptII/ptolemy/domains/sdf/lib/test/auto/ComplexJoin.xml
9 ms. Memory: 120832K Free: 105552K (87%)
----------------- Invoking toplevel() on ptolemy.moml.MoMLSimpleApplication@7f60dc86
----------------- Done invoking toplevel() on ptolemy.moml.MoMLSimpleApplication@7f60dc86
reloadAllAccessors: .ComplexJoin

===========================================================================================
----------------- testing Thu Sep 19 06:02:33 UTC 2019 /home/travis/build/icyphy/ptII/ptolemy/domains/sdf/lib/test/auto/CountTrues.xml
----------------- Instantiating /home/travis/build/icyphy/ptII/ptolemy/domains/sdf/lib/test/auto/CountTrues.xml
2 ms. Memory: 120832K Free: 102145K (85%)
----------------- Invoking toplevel() on ptolemy.moml.MoMLSimpleApplication@c90c3e0
----------------- Done invoking toplevel() on ptolemy.moml.MoMLSimpleApplication@c90c3e0
reloadAllAccessors: .CountTrues

===========================================================================================
----------------- testing Thu Sep 19 06:02:33 UTC 2019 /home/travis/build/icyphy/ptII/ptolemy/domains/sdf/lib/test/auto/DelayLine.xml
----------------- Instantiating /home/travis/build/icyphy/ptII/ptolemy/domains/sdf/lib/test/auto/DelayLine.xml
3 ms. Memory: 120832K Free: 96407K (80%)
----------------- Invoking toplevel() on ptolemy.moml.MoMLSimpleApplication@6e6329ad
----------------- Done invoking toplevel() on ptolemy.moml.MoMLSimpleApplication@6e6329ad
reloadAllAccessors: .DelayLine

===========================================================================================
----------------- testing Thu Sep 19 06:02:33 UTC 2019 /home/travis/build/icyphy/ptII/ptolemy/domains/sdf/lib/test/auto/DotProduct.xml
----------------- Instantiating /home/travis/build/icyphy/ptII/ptolemy/domains/sdf/lib/test/auto/DotProduct.xml
11 ms. Memory: 120832K Free: 93712K (78%)
----------------- Invoking toplevel() on ptolemy.moml.MoMLSimpleApplication@60d37c8d
----------------- Done invoking toplevel() on ptolemy.moml.MoMLSimpleApplication@60d37c8d
reloadAllAccessors: .DotProduct

===========================================================================================
----------------- testing Thu Sep 19 06:02:33 UTC 2019 /home/travis/build/icyphy/ptII/ptolemy/domains/sdf/lib/test/auto/DotProductMatrix.xml
----------------- Instantiating /home/travis/build/icyphy/ptII/ptolemy/domains/sdf/lib/test/auto/DotProductMatrix.xml
2 ms. Memory: 120832K Free: 90640K (75%)
----------------- Invoking toplevel() on ptolemy.moml.MoMLSimpleApplication@27f6719e
----------------- Done invoking toplevel() on ptolemy.moml.MoMLSimpleApplication@27f6719e
reloadAllAccessors: .DotProductMatrix

===========================================================================================
----------------- testing Thu Sep 19 06:02:33 UTC 2019 /home/travis/build/icyphy/ptII/ptolemy/domains/sdf/lib/test/auto/DownSample1.xml
----------------- Instantiating /home/travis/build/icyphy/ptII/ptolemy/domains/sdf/lib/test/auto/DownSample1.xml
3 ms. Memory: 120832K Free: 87807K (73%)
----------------- Invoking toplevel() on ptolemy.moml.MoMLSimpleApplication@38c4a7ab
----------------- Done invoking toplevel() on ptolemy.moml.MoMLSimpleApplication@38c4a7ab
reloadAllAccessors: .DownSample1

===========================================================================================
----------------- testing Thu Sep 19 06:02:33 UTC 2019 /home/travis/build/icyphy/ptII/ptolemy/domains/sdf/lib/test/auto/DynamicRateChange.xml
----------------- Instantiating /home/travis/build/icyphy/ptII/ptolemy/domains/sdf/lib/test/auto/DynamicRateChange.xml
8 ms. Memory: 120832K Free: 82719K (68%)
----------------- Invoking toplevel() on ptolemy.moml.MoMLSimpleApplication@57eecc00
----------------- Done invoking toplevel() on ptolemy.moml.MoMLSimpleApplication@57eecc00
reloadAllAccessors: .DynamicRateChange

===========================================================================================
----------------- testing Thu Sep 19 06:02:33 UTC 2019 /home/travis/build/icyphy/ptII/ptolemy/domains/sdf/lib/test/auto/DynamicRates.xml
----------------- Instantiating /home/travis/build/icyphy/ptII/ptolemy/domains/sdf/lib/test/auto/DynamicRates.xml
6 ms. Memory: 120832K Free: 77945K (65%)
----------------- Invoking toplevel() on ptolemy.moml.MoMLSimpleApplication@3397e1ef
----------------- Done invoking toplevel() on ptolemy.moml.MoMLSimpleApplication@3397e1ef
reloadAllAccessors: .DynamicRates

===========================================================================================
----------------- testing Thu Sep 19 06:02:33 UTC 2019 /home/travis/build/icyphy/ptII/ptolemy/domains/sdf/lib/test/auto/FFT1.xml
----------------- Instantiating /home/travis/build/icyphy/ptII/ptolemy/domains/sdf/lib/test/auto/FFT1.xml
6 ms. Memory: 120832K Free: 73232K (61%)
----------------- Invoking toplevel() on ptolemy.moml.MoMLSimpleApplication@7486ff4b
----------------- Done invoking toplevel() on ptolemy.moml.MoMLSimpleApplication@7486ff4b
reloadAllAccessors: .FFT1

===========================================================================================
----------------- testing Thu Sep 19 06:02:33 UTC 2019 /home/travis/build/icyphy/ptII/ptolemy/domains/sdf/lib/test/auto/FIR1.xml
----------------- Instantiating /home/travis/build/icyphy/ptII/ptolemy/domains/sdf/lib/test/auto/FIR1.xml
27 ms. Memory: 120832K Free: 66333K (55%)
----------------- Invoking toplevel() on ptolemy.moml.MoMLSimpleApplication@1b956cc5
----------------- Done invoking toplevel() on ptolemy.moml.MoMLSimpleApplication@1b956cc5
reloadAllAccessors: .FIR1

===========================================================================================
----------------- testing Thu Sep 19 06:02:33 UTC 2019 /home/travis/build/icyphy/ptII/ptolemy/domains/sdf/lib/test/auto/FIR2.xml
----------------- Instantiating /home/travis/build/icyphy/ptII/ptolemy/domains/sdf/lib/test/auto/FIR2.xml
5 ms. Memory: 120832K Free: 62992K (52%)
----------------- Invoking toplevel() on ptolemy.moml.MoMLSimpleApplication@52769949
----------------- Done invoking toplevel() on ptolemy.moml.MoMLSimpleApplication@52769949
reloadAllAccessors: .FIR2

===========================================================================================
----------------- testing Thu Sep 19 06:02:33 UTC 2019 /home/travis/build/icyphy/ptII/ptolemy/domains/sdf/lib/test/auto/FIR4.xml
----------------- Instantiating /home/travis/build/icyphy/ptII/ptolemy/domains/sdf/lib/test/auto/FIR4.xml
6 ms. Memory: 120832K Free: 55824K (46%)
----------------- Invoking toplevel() on ptolemy.moml.MoMLSimpleApplication@28f3d125
----------------- Done invoking toplevel() on ptolemy.moml.MoMLSimpleApplication@28f3d125
reloadAllAccessors: .FIR4

===========================================================================================
----------------- testing Thu Sep 19 06:02:33 UTC 2019 /home/travis/build/icyphy/ptII/ptolemy/domains/sdf/lib/test/auto/FixJoin.xml
----------------- Instantiating /home/travis/build/icyphy/ptII/ptolemy/domains/sdf/lib/test/auto/FixJoin.xml
4 ms. Memory: 120832K Free: 51329K (42%)
----------------- Invoking toplevel() on ptolemy.moml.MoMLSimpleApplication@5c4f1b9f
----------------- Done invoking toplevel() on ptolemy.moml.MoMLSimpleApplication@5c4f1b9f
reloadAllAccessors: .FixJoin

===========================================================================================
----------------- testing Thu Sep 19 06:02:33 UTC 2019 /home/travis/build/icyphy/ptII/ptolemy/domains/sdf/lib/test/auto/IntJoin1.xml
----------------- Instantiating /home/travis/build/icyphy/ptII/ptolemy/domains/sdf/lib/test/auto/IntJoin1.xml
3 ms. Memory: 120832K Free: 103487K (86%)
----------------- Invoking toplevel() on ptolemy.moml.MoMLSimpleApplication@26fa121e
----------------- Done invoking toplevel() on ptolemy.moml.MoMLSimpleApplication@26fa121e
reloadAllAccessors: .IntJoin1

===========================================================================================
----------------- testing Thu Sep 19 06:02:33 UTC 2019 /home/travis/build/icyphy/ptII/ptolemy/domains/sdf/lib/test/auto/IntJoin2.xml
----------------- Instantiating /home/travis/build/icyphy/ptII/ptolemy/domains/sdf/lib/test/auto/IntJoin2.xml
4 ms. Memory: 120832K Free: 98793K (82%)
----------------- Invoking toplevel() on ptolemy.moml.MoMLSimpleApplication@94c5fa1
----------------- Done invoking toplevel() on ptolemy.moml.MoMLSimpleApplication@94c5fa1
reloadAllAccessors: .IntJoin2

===========================================================================================
----------------- testing Thu Sep 19 06:02:33 UTC 2019 /home/travis/build/icyphy/ptII/ptolemy/domains/sdf/lib/test/auto/IntJoin3.xml
----------------- Instantiating /home/travis/build/icyphy/ptII/ptolemy/domains/sdf/lib/test/auto/IntJoin3.xml
8 ms. Memory: 120832K Free: 94247K (78%)
----------------- Invoking toplevel() on ptolemy.moml.MoMLSimpleApplication@5f0797b9
----------------- Done invoking toplevel() on ptolemy.moml.MoMLSimpleApplication@5f0797b9
reloadAllAccessors: .IntJoin3

===========================================================================================
----------------- testing Thu Sep 19 06:02:33 UTC 2019 /home/travis/build/icyphy/ptII/ptolemy/domains/sdf/lib/test/auto/IntJoin4.xml
----------------- Instantiating /home/travis/build/icyphy/ptII/ptolemy/domains/sdf/lib/test/auto/IntJoin4.xml
2 ms. Memory: 120832K Free: 90167K (75%)
----------------- Invoking toplevel() on ptolemy.moml.MoMLSimpleApplication@2d27c7cc
----------------- Done invoking toplevel() on ptolemy.moml.MoMLSimpleApplication@2d27c7cc
reloadAllAccessors: .IntJoin4

===========================================================================================
----------------- testing Thu Sep 19 06:02:33 UTC 2019 /home/travis/build/icyphy/ptII/ptolemy/domains/sdf/lib/test/auto/IntJoin5.xml
----------------- Instantiating /home/travis/build/icyphy/ptII/ptolemy/domains/sdf/lib/test/auto/IntJoin5.xml
4 ms. Memory: 120832K Free: 85483K (71%)
----------------- Invoking toplevel() on ptolemy.moml.MoMLSimpleApplication@4d35e580
----------------- Done invoking toplevel() on ptolemy.moml.MoMLSimpleApplication@4d35e580
reloadAllAccessors: .IntJoin5

===========================================================================================
----------------- testing Thu Sep 19 06:02:33 UTC 2019 /home/travis/build/icyphy/ptII/ptolemy/domains/sdf/lib/test/auto/IntToBits.xml
----------------- Instantiating /home/travis/build/icyphy/ptII/ptolemy/domains/sdf/lib/test/auto/IntToBits.xml
2 ms. Memory: 120832K Free: 82411K (68%)
----------------- Invoking toplevel() on ptolemy.moml.MoMLSimpleApplication@21ba7334
----------------- Done invoking toplevel() on ptolemy.moml.MoMLSimpleApplication@21ba7334
reloadAllAccessors: .IntToBits

===========================================================================================
----------------- testing Thu Sep 19 06:02:33 UTC 2019 /home/travis/build/icyphy/ptII/ptolemy/domains/sdf/lib/test/auto/LMSAdaptive.xml
----------------- Instantiating /home/travis/build/icyphy/ptII/ptolemy/domains/sdf/lib/test/auto/LMSAdaptive.xml
8 ms. Memory: 120832K Free: 74441K (62%)
----------------- Invoking toplevel() on ptolemy.moml.MoMLSimpleApplication@6f15e8e7
----------------- Done invoking toplevel() on ptolemy.moml.MoMLSimpleApplication@6f15e8e7
reloadAllAccessors: .LMSAdaptive

===========================================================================================
----------------- testing Thu Sep 19 06:02:33 UTC 2019 /home/travis/build/icyphy/ptII/ptolemy/domains/sdf/lib/test/auto/LMSAdaptiveFIR.xml
----------------- Instantiating /home/travis/build/icyphy/ptII/ptolemy/domains/sdf/lib/test/auto/LMSAdaptiveFIR.xml
291 ms. Memory: 165888K Free: 143465K (86%)
----------------- Invoking toplevel() on ptolemy.moml.MoMLSimpleApplication@3162ddbc
----------------- Done invoking toplevel() on ptolemy.moml.MoMLSimpleApplication@3162ddbc
reloadAllAccessors: .LMSAdaptiveFIR

===========================================================================================
----------------- testing Thu Sep 19 06:02:34 UTC 2019 /home/travis/build/icyphy/ptII/ptolemy/domains/sdf/lib/test/auto/LMSAdaptiveFIR2.xml
----------------- Instantiating /home/travis/build/icyphy/ptII/ptolemy/domains/sdf/lib/test/auto/LMSAdaptiveFIR2.xml
419 ms. Memory: 165888K Free: 84543K (51%)
----------------- Invoking toplevel() on ptolemy.moml.MoMLSimpleApplication@642c8630
----------------- Done invoking toplevel() on ptolemy.moml.MoMLSimpleApplication@642c8630
reloadAllAccessors: .LMSAdaptiveFIR2

===========================================================================================
----------------- testing Thu Sep 19 06:02:34 UTC 2019 /home/travis/build/icyphy/ptII/ptolemy/domains/sdf/lib/test/auto/LongJoin.xml
----------------- Instantiating /home/travis/build/icyphy/ptII/ptolemy/domains/sdf/lib/test/auto/LongJoin.xml
2 ms. Memory: 165888K Free: 79933K (48%)
----------------- Invoking toplevel() on ptolemy.moml.MoMLSimpleApplication@458b1e1a
----------------- Done invoking toplevel() on ptolemy.moml.MoMLSimpleApplication@458b1e1a
reloadAllAccessors: .LongJoin

===========================================================================================
----------------- testing Thu Sep 19 06:02:34 UTC 2019 /home/travis/build/icyphy/ptII/ptolemy/domains/sdf/lib/test/auto/Matrix1.xml
----------------- Instantiating /home/travis/build/icyphy/ptII/ptolemy/domains/sdf/lib/test/auto/Matrix1.xml
4 ms. Memory: 165888K Free: 76351K (46%)
----------------- Invoking toplevel() on ptolemy.moml.MoMLSimpleApplication@11e01640
----------------- Done invoking toplevel() on ptolemy.moml.MoMLSimpleApplication@11e01640
reloadAllAccessors: .Matrix1

===========================================================================================
----------------- testing Thu Sep 19 06:02:34 UTC 2019 /home/travis/build/icyphy/ptII/ptolemy/domains/sdf/lib/test/auto/Matrix2.xml
----------------- Instantiating /home/travis/build/icyphy/ptII/ptolemy/domains/sdf/lib/test/auto/Matrix2.xml
3 ms. Memory: 165888K Free: 72255K (44%)
----------------- Invoking toplevel() on ptolemy.moml.MoMLSimpleApplication@5359c652
----------------- Done invoking toplevel() on ptolemy.moml.MoMLSimpleApplication@5359c652
reloadAllAccessors: .Matrix2

===========================================================================================
----------------- testing Thu Sep 19 06:02:34 UTC 2019 /home/travis/build/icyphy/ptII/ptolemy/domains/sdf/lib/test/auto/MatrixJoin1.xml
----------------- Instantiating /home/travis/build/icyphy/ptII/ptolemy/domains/sdf/lib/test/auto/MatrixJoin1.xml
3 ms. Memory: 165888K Free: 147161K (89%)
----------------- Invoking toplevel() on ptolemy.moml.MoMLSimpleApplication@39e2dfd1
----------------- Done invoking toplevel() on ptolemy.moml.MoMLSimpleApplication@39e2dfd1
reloadAllAccessors: .MatrixJoin1

===========================================================================================
----------------- testing Thu Sep 19 06:02:34 UTC 2019 /home/travis/build/icyphy/ptII/ptolemy/domains/sdf/lib/test/auto/MatrixJoin2.xml
----------------- Instantiating /home/travis/build/icyphy/ptII/ptolemy/domains/sdf/lib/test/auto/MatrixJoin2.xml
3 ms. Memory: 165888K Free: 142555K (86%)
----------------- Invoking toplevel() on ptolemy.moml.MoMLSimpleApplication@47649df6
----------------- Done invoking toplevel() on ptolemy.moml.MoMLSimpleApplication@47649df6
reloadAllAccessors: .MatrixJoin2

===========================================================================================
----------------- testing Thu Sep 19 06:02:34 UTC 2019 /home/travis/build/icyphy/ptII/ptolemy/domains/sdf/lib/test/auto/MatrixJoin3.xml
----------------- Instantiating /home/travis/build/icyphy/ptII/ptolemy/domains/sdf/lib/test/auto/MatrixJoin3.xml
3 ms. Memory: 165888K Free: 138459K (83%)
----------------- Invoking toplevel() on ptolemy.moml.MoMLSimpleApplication@52684af
----------------- Done invoking toplevel() on ptolemy.moml.MoMLSimpleApplication@52684af
reloadAllAccessors: .MatrixJoin3

===========================================================================================
----------------- testing Thu Sep 19 06:02:35 UTC 2019 /home/travis/build/icyphy/ptII/ptolemy/domains/sdf/lib/test/auto/MatrixJoin4.xml
----------------- Instantiating /home/travis/build/icyphy/ptII/ptolemy/domains/sdf/lib/test/auto/MatrixJoin4.xml
2 ms. Memory: 165888K Free: 134363K (81%)
----------------- Invoking toplevel() on ptolemy.moml.MoMLSimpleApplication@19dc6237
----------------- Done invoking toplevel() on ptolemy.moml.MoMLSimpleApplication@19dc6237
reloadAllAccessors: .MatrixJoin4

===========================================================================================
----------------- testing Thu Sep 19 06:02:35 UTC 2019 /home/travis/build/icyphy/ptII/ptolemy/domains/sdf/lib/test/auto/MatrixJoin5.xml
----------------- Instantiating /home/travis/build/icyphy/ptII/ptolemy/domains/sdf/lib/test/auto/MatrixJoin5.xml
1 ms. Memory: 165888K Free: 130267K (79%)
----------------- Invoking toplevel() on ptolemy.moml.MoMLSimpleApplication@7f184ea0
----------------- Done invoking toplevel() on ptolemy.moml.MoMLSimpleApplication@7f184ea0
reloadAllAccessors: .MatrixJoin5

===========================================================================================
----------------- testing Thu Sep 19 06:02:35 UTC 2019 /home/travis/build/icyphy/ptII/ptolemy/domains/sdf/lib/test/auto/MatrixSplit1.xml
----------------- Instantiating /home/travis/build/icyphy/ptII/ptolemy/domains/sdf/lib/test/auto/MatrixSplit1.xml
2 ms. Memory: 165888K Free: 124633K (75%)
----------------- Invoking toplevel() on ptolemy.moml.MoMLSimpleApplication@63fcbf82
----------------- Done invoking toplevel() on ptolemy.moml.MoMLSimpleApplication@63fcbf82
reloadAllAccessors: .MatrixSplit1

===========================================================================================
----------------- testing Thu Sep 19 06:02:35 UTC 2019 /home/travis/build/icyphy/ptII/ptolemy/domains/sdf/lib/test/auto/MatrixSplit10.xml
----------------- Instantiating /home/travis/build/icyphy/ptII/ptolemy/domains/sdf/lib/test/auto/MatrixSplit10.xml
2 ms. Memory: 165888K Free: 121051K (73%)
----------------- Invoking toplevel() on ptolemy.moml.MoMLSimpleApplication@1ee70dfe
----------------- Done invoking toplevel() on ptolemy.moml.MoMLSimpleApplication@1ee70dfe
reloadAllAccessors: .MatrixSplit10

===========================================================================================
----------------- testing Thu Sep 19 06:02:35 UTC 2019 /home/travis/build/icyphy/ptII/ptolemy/domains/sdf/lib/test/auto/MatrixSplit11.xml
----------------- Instantiating /home/travis/build/icyphy/ptII/ptolemy/domains/sdf/lib/test/auto/MatrixSplit11.xml
2 ms. Memory: 165888K Free: 117465K (71%)
----------------- Invoking toplevel() on ptolemy.moml.MoMLSimpleApplication@5bedec7e
----------------- Done invoking toplevel() on ptolemy.moml.MoMLSimpleApplication@5bedec7e
reloadAllAccessors: .MatrixSplit11

===========================================================================================
----------------- testing Thu Sep 19 06:02:35 UTC 2019 /home/travis/build/icyphy/ptII/ptolemy/domains/sdf/lib/test/auto/MatrixSplit12.xml
----------------- Instantiating /home/travis/build/icyphy/ptII/ptolemy/domains/sdf/lib/test/auto/MatrixSplit12.xml
2 ms. Memory: 165888K Free: 113883K (69%)
----------------- Invoking toplevel() on ptolemy.moml.MoMLSimpleApplication@6d52168f
----------------- Done invoking toplevel() on ptolemy.moml.MoMLSimpleApplication@6d52168f
reloadAllAccessors: .MatrixSplit12

===========================================================================================
----------------- testing Thu Sep 19 06:02:35 UTC 2019 /home/travis/build/icyphy/ptII/ptolemy/domains/sdf/lib/test/auto/MatrixSplit13.xml
----------------- Instantiating /home/travis/build/icyphy/ptII/ptolemy/domains/sdf/lib/test/auto/MatrixSplit13.xml
3 ms. Memory: 165888K Free: 110297K (66%)
----------------- Invoking toplevel() on ptolemy.moml.MoMLSimpleApplication@b45cbf6
----------------- Done invoking toplevel() on ptolemy.moml.MoMLSimpleApplication@b45cbf6
reloadAllAccessors: .MatrixSplit13

===========================================================================================
----------------- testing Thu Sep 19 06:02:35 UTC 2019 /home/travis/build/icyphy/ptII/ptolemy/domains/sdf/lib/test/auto/MatrixSplit14.xml
----------------- Instantiating /home/travis/build/icyphy/ptII/ptolemy/domains/sdf/lib/test/auto/MatrixSplit14.xml
2 ms. Memory: 165888K Free: 106715K (64%)
----------------- Invoking toplevel() on ptolemy.moml.MoMLSimpleApplication@4fcdf825
----------------- Done invoking toplevel() on ptolemy.moml.MoMLSimpleApplication@4fcdf825
reloadAllAccessors: .MatrixSplit14

===========================================================================================
----------------- testing Thu Sep 19 06:02:35 UTC 2019 /home/travis/build/icyphy/ptII/ptolemy/domains/sdf/lib/test/auto/MatrixSplit2.xml
----------------- Instantiating /home/travis/build/icyphy/ptII/ptolemy/domains/sdf/lib/test/auto/MatrixSplit2.xml
2 ms. Memory: 165888K Free: 103129K (62%)
----------------- Invoking toplevel() on ptolemy.moml.MoMLSimpleApplication@1619a909
----------------- Done invoking toplevel() on ptolemy.moml.MoMLSimpleApplication@1619a909
reloadAllAccessors: .MatrixSplit2

===========================================================================================
----------------- testing Thu Sep 19 06:02:35 UTC 2019 /home/travis/build/icyphy/ptII/ptolemy/domains/sdf/lib/test/auto/MatrixSplit3.xml
----------------- Instantiating /home/travis/build/icyphy/ptII/ptolemy/domains/sdf/lib/test/auto/MatrixSplit3.xml
1 ms. Memory: 165888K Free: 99547K (60%)
----------------- Invoking toplevel() on ptolemy.moml.MoMLSimpleApplication@4e2493fe
----------------- Done invoking toplevel() on ptolemy.moml.MoMLSimpleApplication@4e2493fe
reloadAllAccessors: .MatrixSplit3

===========================================================================================
----------------- testing Thu Sep 19 06:02:35 UTC 2019 /home/travis/build/icyphy/ptII/ptolemy/domains/sdf/lib/test/auto/MatrixSplit4.xml
----------------- Instantiating /home/travis/build/icyphy/ptII/ptolemy/domains/sdf/lib/test/auto/MatrixSplit4.xml
2 ms. Memory: 165888K Free: 95961K (58%)
----------------- Invoking toplevel() on ptolemy.moml.MoMLSimpleApplication@46017768
----------------- Done invoking toplevel() on ptolemy.moml.MoMLSimpleApplication@46017768
reloadAllAccessors: .MatrixSplit4

===========================================================================================
----------------- testing Thu Sep 19 06:02:35 UTC 2019 /home/travis/build/icyphy/ptII/ptolemy/domains/sdf/lib/test/auto/MatrixSplit5.xml
----------------- Instantiating /home/travis/build/icyphy/ptII/ptolemy/domains/sdf/lib/test/auto/MatrixSplit5.xml
10 ms. Memory: 165888K Free: 92379K (56%)
----------------- Invoking toplevel() on ptolemy.moml.MoMLSimpleApplication@1e292550
----------------- Done invoking toplevel() on ptolemy.moml.MoMLSimpleApplication@1e292550
reloadAllAccessors: .MatrixSplit5

===========================================================================================
----------------- testing Thu Sep 19 06:02:35 UTC 2019 /home/travis/build/icyphy/ptII/ptolemy/domains/sdf/lib/test/auto/MatrixSplit6.xml
----------------- Instantiating /home/travis/build/icyphy/ptII/ptolemy/domains/sdf/lib/test/auto/MatrixSplit6.xml
5 ms. Memory: 165888K Free: 88793K (54%)
----------------- Invoking toplevel() on ptolemy.moml.MoMLSimpleApplication@743d6d7b
----------------- Done invoking toplevel() on ptolemy.moml.MoMLSimpleApplication@743d6d7b
reloadAllAccessors: .MatrixSplit6

===========================================================================================
----------------- testing Thu Sep 19 06:02:35 UTC 2019 /home/travis/build/icyphy/ptII/ptolemy/domains/sdf/lib/test/auto/MatrixSplit7.xml
----------------- Instantiating /home/travis/build/icyphy/ptII/ptolemy/domains/sdf/lib/test/auto/MatrixSplit7.xml
2 ms. Memory: 165888K Free: 85211K (51%)
----------------- Invoking toplevel() on ptolemy.moml.MoMLSimpleApplication@58089c4d
----------------- Done invoking toplevel() on ptolemy.moml.MoMLSimpleApplication@58089c4d
reloadAllAccessors: .MatrixSplit7

===========================================================================================
----------------- testing Thu Sep 19 06:02:35 UTC 2019 /home/travis/build/icyphy/ptII/ptolemy/domains/sdf/lib/test/auto/MatrixSplit8.xml
----------------- Instantiating /home/travis/build/icyphy/ptII/ptolemy/domains/sdf/lib/test/auto/MatrixSplit8.xml
1 ms. Memory: 165888K Free: 81625K (49%)
----------------- Invoking toplevel() on ptolemy.moml.MoMLSimpleApplication@5cb6b575
----------------- Done invoking toplevel() on ptolemy.moml.MoMLSimpleApplication@5cb6b575
reloadAllAccessors: .MatrixSplit8

===========================================================================================
----------------- testing Thu Sep 19 06:02:35 UTC 2019 /home/travis/build/icyphy/ptII/ptolemy/domains/sdf/lib/test/auto/MatrixSplit9.xml
----------------- Instantiating /home/travis/build/icyphy/ptII/ptolemy/domains/sdf/lib/test/auto/MatrixSplit9.xml
4 ms. Memory: 165888K Free: 78043K (47%)
----------------- Invoking toplevel() on ptolemy.moml.MoMLSimpleApplication@2c0d678f
----------------- Done invoking toplevel() on ptolemy.moml.MoMLSimpleApplication@2c0d678f
reloadAllAccessors: .MatrixSplit9

===========================================================================================
----------------- testing Thu Sep 19 06:02:35 UTC 2019 /home/travis/build/icyphy/ptII/ptolemy/domains/sdf/lib/test/auto/MatrixToSequence.xml
----------------- Instantiating /home/travis/build/icyphy/ptII/ptolemy/domains/sdf/lib/test/auto/MatrixToSequence.xml
13 ms. Memory: 165888K Free: 68313K (41%)
----------------- Invoking toplevel() on ptolemy.moml.MoMLSimpleApplication@dac206e
----------------- Done invoking toplevel() on ptolemy.moml.MoMLSimpleApplication@dac206e
reloadAllAccessors: .MatrixToSequence

===========================================================================================
----------------- testing Thu Sep 19 06:02:35 UTC 2019 /home/travis/build/icyphy/ptII/ptolemy/domains/sdf/lib/test/auto/MaximumEntropySpectrum.xml
----------------- Instantiating /home/travis/build/icyphy/ptII/ptolemy/domains/sdf/lib/test/auto/MaximumEntropySpectrum.xml
14 ms. Memory: 165888K Free: 132463K (80%)
----------------- Invoking toplevel() on ptolemy.moml.MoMLSimpleApplication@50377fef
----------------- Done invoking toplevel() on ptolemy.moml.MoMLSimpleApplication@50377fef
reloadAllAccessors: .MaximumEntropySpectrum

===========================================================================================
----------------- testing Thu Sep 19 06:02:35 UTC 2019 /home/travis/build/icyphy/ptII/ptolemy/domains/sdf/lib/test/auto/SampleDelayConversion.xml
----------------- Instantiating /home/travis/build/icyphy/ptII/ptolemy/domains/sdf/lib/test/auto/SampleDelayConversion.xml
2 ms. Memory: 165888K Free: 128367K (77%)
----------------- Invoking toplevel() on ptolemy.moml.MoMLSimpleApplication@9e63beb
----------------- Done invoking toplevel() on ptolemy.moml.MoMLSimpleApplication@9e63beb
reloadAllAccessors: .SampleDelayConversion

===========================================================================================
----------------- testing Thu Sep 19 06:02:35 UTC 2019 /home/travis/build/icyphy/ptII/ptolemy/domains/sdf/lib/test/auto/SequenceToArray.xml
----------------- Instantiating /home/travis/build/icyphy/ptII/ptolemy/domains/sdf/lib/test/auto/SequenceToArray.xml
8 ms. Memory: 165888K Free: 117660K (71%)
----------------- Invoking toplevel() on ptolemy.moml.MoMLSimpleApplication@3aef2da0
----------------- Done invoking toplevel() on ptolemy.moml.MoMLSimpleApplication@3aef2da0
reloadAllAccessors: .SequenceToArray

===========================================================================================
----------------- testing Thu Sep 19 06:02:35 UTC 2019 /home/travis/build/icyphy/ptII/ptolemy/domains/sdf/lib/test/auto/SequenceToMatrix.xml
----------------- Instantiating /home/travis/build/icyphy/ptII/ptolemy/domains/sdf/lib/test/auto/SequenceToMatrix.xml
3921 ms. Memory: 165888K Free: 146966K (89%)
----------------- Invoking toplevel() on ptolemy.moml.MoMLSimpleApplication@4d67bbf9
----------------- Done invoking toplevel() on ptolemy.moml.MoMLSimpleApplication@4d67bbf9
reloadAllAccessors: .SequenceToMatrix

===========================================================================================
----------------- testing Thu Sep 19 06:02:39 UTC 2019 /home/travis/build/icyphy/ptII/ptolemy/domains/sdf/lib/test/auto/SmoothedPeriodogram.xml
----------------- Instantiating /home/travis/build/icyphy/ptII/ptolemy/domains/sdf/lib/test/auto/SmoothedPeriodogram.xml
8 ms. Memory: 165888K Free: 131606K (79%)
----------------- Invoking toplevel() on ptolemy.moml.MoMLSimpleApplication@2f3a7cb8
----------------- Done invoking toplevel() on ptolemy.moml.MoMLSimpleApplication@2f3a7cb8
reloadAllAccessors: .SmoothedPeriodogram

===========================================================================================
----------------- testing Thu Sep 19 06:02:39 UTC 2019 /home/travis/build/icyphy/ptII/ptolemy/domains/sdf/lib/test/auto/UpDownSample1.xml
----------------- Instantiating /home/travis/build/icyphy/ptII/ptolemy/domains/sdf/lib/test/auto/UpDownSample1.xml
5 ms. Memory: 165888K Free: 127510K (77%)
----------------- Invoking toplevel() on ptolemy.moml.MoMLSimpleApplication@6ebd0d3e
----------------- Done invoking toplevel() on ptolemy.moml.MoMLSimpleApplication@6ebd0d3e
reloadAllAccessors: .UpDownSample1

===========================================================================================
----------------- testing Thu Sep 19 06:02:39 UTC 2019 /home/travis/build/icyphy/ptII/ptolemy/domains/sdf/lib/test/auto/UpSample1.xml
----------------- Instantiating /home/travis/build/icyphy/ptII/ptolemy/domains/sdf/lib/test/auto/UpSample1.xml
2 ms. Memory: 165888K Free: 123928K (75%)
----------------- Invoking toplevel() on ptolemy.moml.MoMLSimpleApplication@7726aca2
----------------- Done invoking toplevel() on ptolemy.moml.MoMLSimpleApplication@7726aca2
reloadAllAccessors: .UpSample1

===========================================================================================
----------------- testing Thu Sep 19 06:02:39 UTC 2019 /home/travis/build/icyphy/ptII/ptolemy/domains/sdf/lib/test/auto/VariableFIR.xml
----------------- Instantiating /home/travis/build/icyphy/ptII/ptolemy/domains/sdf/lib/test/auto/VariableFIR.xml
3 ms. Memory: 165888K Free: 118808K (72%)
----------------- Invoking toplevel() on ptolemy.moml.MoMLSimpleApplication@2ed02d3b
----------------- Done invoking toplevel() on ptolemy.moml.MoMLSimpleApplication@2ed02d3b
reloadAllAccessors: .VariableFIR

===========================================================================================
----------------- testing Thu Sep 19 06:02:39 UTC 2019 /home/travis/build/icyphy/ptII/ptolemy/domains/sdf/lib/test/auto/VariableFIR2.xml
----------------- Instantiating /home/travis/build/icyphy/ptII/ptolemy/domains/sdf/lib/test/auto/VariableFIR2.xml
7 ms. Memory: 165888K Free: 113688K (69%)
----------------- Invoking toplevel() on ptolemy.moml.MoMLSimpleApplication@41da40db
----------------- Done invoking toplevel() on ptolemy.moml.MoMLSimpleApplication@41da40db
reloadAllAccessors: .VariableFIR2

===========================================================================================
----------------- testing Thu Sep 19 06:02:39 UTC 2019 /home/travis/build/icyphy/ptII/ptolemy/domains/sdf/lib/test/auto/VariableLattice.xml
----------------- Instantiating /home/travis/build/icyphy/ptII/ptolemy/domains/sdf/lib/test/auto/VariableLattice.xml
4 ms. Memory: 165888K Free: 107544K (65%)
----------------- Invoking toplevel() on ptolemy.moml.MoMLSimpleApplication@4f6ee19
----------------- Done invoking toplevel() on ptolemy.moml.MoMLSimpleApplication@4f6ee19
reloadAllAccessors: .VariableLattice

===========================================================================================
----------------- testing Thu Sep 19 06:02:39 UTC 2019 /home/travis/build/icyphy/ptII/ptolemy/domains/sdf/lib/test/auto/VariableLattice2.xml
----------------- Instantiating /home/travis/build/icyphy/ptII/ptolemy/domains/sdf/lib/test/auto/VariableLattice2.xml
1.0
-1.999999602036
1.9099998677481
-0.9099996420674
0.205
0.0
0.0
1.0
-0.25
-0.5
0.0
0.0
0.0
0.0
6 ms. Memory: 165888K Free: 102934K (62%)
----------------- Invoking toplevel() on ptolemy.moml.MoMLSimpleApplication@672151c9
----------------- Done invoking toplevel() on ptolemy.moml.MoMLSimpleApplication@672151c9
reloadAllAccessors: .VariableLattice2

===========================================================================================
----------------- testing Thu Sep 19 06:02:39 UTC 2019 /home/travis/build/icyphy/ptII/ptolemy/domains/sdf/lib/test/auto/VariableRecursiveLattice.xml
----------------- Instantiating /home/travis/build/icyphy/ptII/ptolemy/domains/sdf/lib/test/auto/VariableRecursiveLattice.xml
3 ms. Memory: 165888K Free: 98328K (59%)
----------------- Invoking toplevel() on ptolemy.moml.MoMLSimpleApplication@5082c51a
----------------- Done invoking toplevel() on ptolemy.moml.MoMLSimpleApplication@5082c51a
reloadAllAccessors: .VariableRecursiveLattice

===========================================================================================
----------------- testing Thu Sep 19 06:02:39 UTC 2019 /home/travis/build/icyphy/ptII/ptolemy/domains/sdf/lib/test/auto/VariableRecursiveLattice2.xml
----------------- Instantiating /home/travis/build/icyphy/ptII/ptolemy/domains/sdf/lib/test/auto/VariableRecursiveLattice2.xml
2 ms. Memory: 165888K Free: 94232K (57%)
----------------- Invoking toplevel() on ptolemy.moml.MoMLSimpleApplication@49de0fd7
----------------- Done invoking toplevel() on ptolemy.moml.MoMLSimpleApplication@49de0fd7
reloadAllAccessors: .VariableRecursiveLattice2
AutoTests.java: About to close Vertx.
AutoTests.java: Vertx closed.
]]></system-out>
  <system-err><![CDATA[]]></system-err>
</testsuite>
