<?xml version="1.0" encoding="UTF-8" ?>
<testsuite errors="0" failures="0" hostname="travis-job-d58519bb-3944-4694-8c38-d1390fecc79d" name="ptolemy.domains.modal.test.junit.JUnitTclTest" skipped="0" tests="148" time="12.145" timestamp="2019-10-01T05:51:21">
  <properties>
[...]
</properties>
  <testcase classname="ptolemy.util.test.junit.TclTests" name="[0] /home/travis/build/icyphy/ptII/ptolemy/domains/modal/test/SystemLevelType.tcl (RunTclFile)" time="2.083" />
  <testcase classname="ptolemy.util.test.junit.AutoKnownFailedTests" name="[0] /home/travis/build/icyphy/ptII/ptolemy/domains/modal/test/auto/knownFailedTests/CannotAnalysisWithPreemption.xml (RunModel)" time="0.305" />
  <testcase classname="ptolemy.util.test.junit.AutoNameArchTests" name="[0] ThereAreNoAutoArchTests (RunModel)" time="0.009" />
  <testcase classname="ptolemy.util.test.junit.AutoTests" name="[0] /home/travis/build/icyphy/ptII/ptolemy/domains/modal/test/auto/ABPTest.xml (RunModel)" time="0.884" />
  <testcase classname="ptolemy.util.test.junit.AutoTests" name="[1] /home/travis/build/icyphy/ptII/ptolemy/domains/modal/test/auto/ABROFlat.xml (RunModel)" time="0.103" />
  <testcase classname="ptolemy.util.test.junit.AutoTests" name="[2] /home/travis/build/icyphy/ptII/ptolemy/domains/modal/test/auto/ABROFlat2.xml (RunModel)" time="0.076" />
  <testcase classname="ptolemy.util.test.junit.AutoTests" name="[3] /home/travis/build/icyphy/ptII/ptolemy/domains/modal/test/auto/ABRO_present_hmm.xml (RunModel)" time="0.175" />
  <testcase classname="ptolemy.util.test.junit.AutoTests" name="[4] /home/travis/build/icyphy/ptII/ptolemy/domains/modal/test/auto/AMICoderExample.xml (RunModel)" time="0.089" />
  <testcase classname="ptolemy.util.test.junit.AutoTests" name="[5] /home/travis/build/icyphy/ptII/ptolemy/domains/modal/test/auto/AbsentToPresent.xml (RunModel)" time="0.023" />
  <testcase classname="ptolemy.util.test.junit.AutoTests" name="[6] /home/travis/build/icyphy/ptII/ptolemy/domains/modal/test/auto/Blending.xml (RunModel)" time="0.321" />
  <testcase classname="ptolemy.util.test.junit.AutoTests" name="[7] /home/travis/build/icyphy/ptII/ptolemy/domains/modal/test/auto/Broadcast.xml (RunModel)" time="0.045" />
  <testcase classname="ptolemy.util.test.junit.AutoTests" name="[8] /home/travis/build/icyphy/ptII/ptolemy/domains/modal/test/auto/BroadcastHierarchy.xml (RunModel)" time="0.071" />
  <testcase classname="ptolemy.util.test.junit.AutoTests" name="[9] /home/travis/build/icyphy/ptII/ptolemy/domains/modal/test/auto/BroadcastHierarchy2.xml (RunModel)" time="0.155" />
  <testcase classname="ptolemy.util.test.junit.AutoTests" name="[10] /home/travis/build/icyphy/ptII/ptolemy/domains/modal/test/auto/BroadcastHierarchy3.xml (RunModel)" time="0.108" />
  <testcase classname="ptolemy.util.test.junit.AutoTests" name="[11] /home/travis/build/icyphy/ptII/ptolemy/domains/modal/test/auto/BroadcastHierarchy4.xml (RunModel)" time="0.108" />
  <testcase classname="ptolemy.util.test.junit.AutoTests" name="[12] /home/travis/build/icyphy/ptII/ptolemy/domains/modal/test/auto/CannotAnalysisWithPreemption2.xml (RunModel)" time="0.04" />
  <testcase classname="ptolemy.util.test.junit.AutoTests" name="[13] /home/travis/build/icyphy/ptII/ptolemy/domains/modal/test/auto/CannotAnalysisWithPreemption3.xml (RunModel)" time="0.06" />
  <testcase classname="ptolemy.util.test.junit.AutoTests" name="[14] /home/travis/build/icyphy/ptII/ptolemy/domains/modal/test/auto/CannotProduce.xml (RunModel)" time="0.041" />
  <testcase classname="ptolemy.util.test.junit.AutoTests" name="[15] /home/travis/build/icyphy/ptII/ptolemy/domains/modal/test/auto/CannotProduceModal.xml (RunModel)" time="0.029" />
  <testcase classname="ptolemy.util.test.junit.AutoTests" name="[16] /home/travis/build/icyphy/ptII/ptolemy/domains/modal/test/auto/Case.xml (RunModel)" time="0.059" />
  <testcase classname="ptolemy.util.test.junit.AutoTests" name="[17] /home/travis/build/icyphy/ptII/ptolemy/domains/modal/test/auto/Case1.xml (RunModel)" time="0.039" />
  <testcase classname="ptolemy.util.test.junit.AutoTests" name="[18] /home/travis/build/icyphy/ptII/ptolemy/domains/modal/test/auto/Case2.xml (RunModel)" time="0.082" />
  <testcase classname="ptolemy.util.test.junit.AutoTests" name="[19] /home/travis/build/icyphy/ptII/ptolemy/domains/modal/test/auto/CausalityInterface1.xml (RunModel)" time="0.041" />
  <testcase classname="ptolemy.util.test.junit.AutoTests" name="[20] /home/travis/build/icyphy/ptII/ptolemy/domains/modal/test/auto/CausalityInterface10.xml (RunModel)" time="0.083" />
  <testcase classname="ptolemy.util.test.junit.AutoTests" name="[21] /home/travis/build/icyphy/ptII/ptolemy/domains/modal/test/auto/CausalityInterface11.xml (RunModel)" time="0.059" />
  <testcase classname="ptolemy.util.test.junit.AutoTests" name="[22] /home/travis/build/icyphy/ptII/ptolemy/domains/modal/test/auto/CausalityInterface12.xml (RunModel)" time="0.054" />
  <testcase classname="ptolemy.util.test.junit.AutoTests" name="[23] /home/travis/build/icyphy/ptII/ptolemy/domains/modal/test/auto/CausalityInterface13.xml (RunModel)" time="0.074" />
  <testcase classname="ptolemy.util.test.junit.AutoTests" name="[24] /home/travis/build/icyphy/ptII/ptolemy/domains/modal/test/auto/CausalityInterface14.xml (RunModel)" time="0.069" />
  <testcase classname="ptolemy.util.test.junit.AutoTests" name="[25] /home/travis/build/icyphy/ptII/ptolemy/domains/modal/test/auto/CausalityInterface2.xml (RunModel)" time="0.034" />
  <testcase classname="ptolemy.util.test.junit.AutoTests" name="[26] /home/travis/build/icyphy/ptII/ptolemy/domains/modal/test/auto/CausalityInterface3.xml (RunModel)" time="0.029" />
  <testcase classname="ptolemy.util.test.junit.AutoTests" name="[27] /home/travis/build/icyphy/ptII/ptolemy/domains/modal/test/auto/CausalityInterface4.xml (RunModel)" time="0.028" />
  <testcase classname="ptolemy.util.test.junit.AutoTests" name="[28] /home/travis/build/icyphy/ptII/ptolemy/domains/modal/test/auto/CausalityInterface5.xml (RunModel)" time="0.038" />
  <testcase classname="ptolemy.util.test.junit.AutoTests" name="[29] /home/travis/build/icyphy/ptII/ptolemy/domains/modal/test/auto/CausalityInterface6.xml (RunModel)" time="0.056" />
  <testcase classname="ptolemy.util.test.junit.AutoTests" name="[30] /home/travis/build/icyphy/ptII/ptolemy/domains/modal/test/auto/CausalityInterface7.xml (RunModel)" time="0.047" />
  <testcase classname="ptolemy.util.test.junit.AutoTests" name="[31] /home/travis/build/icyphy/ptII/ptolemy/domains/modal/test/auto/CausalityInterface8.xml (RunModel)" time="0.051" />
  <testcase classname="ptolemy.util.test.junit.AutoTests" name="[32] /home/travis/build/icyphy/ptII/ptolemy/domains/modal/test/auto/CausalityInterface9.xml (RunModel)" time="0.039" />
  <testcase classname="ptolemy.util.test.junit.AutoTests" name="[33] /home/travis/build/icyphy/ptII/ptolemy/domains/modal/test/auto/ChainedTransitions.xml (RunModel)" time="0.169" />
  <testcase classname="ptolemy.util.test.junit.AutoTests" name="[34] /home/travis/build/icyphy/ptII/ptolemy/domains/modal/test/auto/CycleOfImmediateTransitionsFSM.xml (RunModel)" time="0.017" />
  <testcase classname="ptolemy.util.test.junit.AutoTests" name="[35] /home/travis/build/icyphy/ptII/ptolemy/domains/modal/test/auto/CycleOfImmediateTransitionsModal.xml (RunModel)" time="0.032" />
  <testcase classname="ptolemy.util.test.junit.AutoTests" name="[36] /home/travis/build/icyphy/ptII/ptolemy/domains/modal/test/auto/CycleOfImmediateTransitionsModal2.xml (RunModel)" time="0.032" />
  <testcase classname="ptolemy.util.test.junit.AutoTests" name="[37] /home/travis/build/icyphy/ptII/ptolemy/domains/modal/test/auto/CycleOfImmediateTransitionsModal3.xml (RunModel)" time="0.078" />
  <testcase classname="ptolemy.util.test.junit.AutoTests" name="[38] /home/travis/build/icyphy/ptII/ptolemy/domains/modal/test/auto/DeepModal1.xml (RunModel)" time="0.06" />
  <testcase classname="ptolemy.util.test.junit.AutoTests" name="[39] /home/travis/build/icyphy/ptII/ptolemy/domains/modal/test/auto/DeepModal2.xml (RunModel)" time="0.09" />
  <testcase classname="ptolemy.util.test.junit.AutoTests" name="[40] /home/travis/build/icyphy/ptII/ptolemy/domains/modal/test/auto/DeepModal3.xml (RunModel)" time="0.068" />
  <testcase classname="ptolemy.util.test.junit.AutoTests" name="[41] /home/travis/build/icyphy/ptII/ptolemy/domains/modal/test/auto/DeepModal4.xml (RunModel)" time="0.082" />
  <testcase classname="ptolemy.util.test.junit.AutoTests" name="[42] /home/travis/build/icyphy/ptII/ptolemy/domains/modal/test/auto/Default1.xml (RunModel)" time="0.016" />
  <testcase classname="ptolemy.util.test.junit.AutoTests" name="[43] /home/travis/build/icyphy/ptII/ptolemy/domains/modal/test/auto/Default2.xml (RunModel)" time="0.021" />
  <testcase classname="ptolemy.util.test.junit.AutoTests" name="[44] /home/travis/build/icyphy/ptII/ptolemy/domains/modal/test/auto/Default3.xml (RunModel)" time="0.021" />
  <testcase classname="ptolemy.util.test.junit.AutoTests" name="[45] /home/travis/build/icyphy/ptII/ptolemy/domains/modal/test/auto/Default4.xml (RunModel)" time="0.037" />
  <testcase classname="ptolemy.util.test.junit.AutoTests" name="[46] /home/travis/build/icyphy/ptII/ptolemy/domains/modal/test/auto/Default5.xml (RunModel)" time="0.029" />
  <testcase classname="ptolemy.util.test.junit.AutoTests" name="[47] /home/travis/build/icyphy/ptII/ptolemy/domains/modal/test/auto/EmptyGuard.xml (RunModel)" time="0.032" />
  <testcase classname="ptolemy.util.test.junit.AutoTests" name="[48] /home/travis/build/icyphy/ptII/ptolemy/domains/modal/test/auto/ErrorTransition1.xml (RunModel)" time="0.039" />
  <testcase classname="ptolemy.util.test.junit.AutoTests" name="[49] /home/travis/build/icyphy/ptII/ptolemy/domains/modal/test/auto/ErrorTransition10.xml (RunModel)" time="0.045" />
  <testcase classname="ptolemy.util.test.junit.AutoTests" name="[50] /home/travis/build/icyphy/ptII/ptolemy/domains/modal/test/auto/ErrorTransition11.xml (RunModel)" time="0.053" />
  <testcase classname="ptolemy.util.test.junit.AutoTests" name="[51] /home/travis/build/icyphy/ptII/ptolemy/domains/modal/test/auto/ErrorTransition2.xml (RunModel)" time="0.039" />
  <testcase classname="ptolemy.util.test.junit.AutoTests" name="[52] /home/travis/build/icyphy/ptII/ptolemy/domains/modal/test/auto/ErrorTransition3.xml (RunModel)" time="0.063" />
  <testcase classname="ptolemy.util.test.junit.AutoTests" name="[53] /home/travis/build/icyphy/ptII/ptolemy/domains/modal/test/auto/ErrorTransition4.xml (RunModel)" time="0.052" />
  <testcase classname="ptolemy.util.test.junit.AutoTests" name="[54] /home/travis/build/icyphy/ptII/ptolemy/domains/modal/test/auto/ErrorTransition5.xml (RunModel)" time="0.035" />
  <testcase classname="ptolemy.util.test.junit.AutoTests" name="[55] /home/travis/build/icyphy/ptII/ptolemy/domains/modal/test/auto/ErrorTransition6.xml (RunModel)" time="0.038" />
  <testcase classname="ptolemy.util.test.junit.AutoTests" name="[56] /home/travis/build/icyphy/ptII/ptolemy/domains/modal/test/auto/ErrorTransition7.xml (RunModel)" time="0.052" />
  <testcase classname="ptolemy.util.test.junit.AutoTests" name="[57] /home/travis/build/icyphy/ptII/ptolemy/domains/modal/test/auto/ErrorTransition8.xml (RunModel)" time="0.063" />
  <testcase classname="ptolemy.util.test.junit.AutoTests" name="[58] /home/travis/build/icyphy/ptII/ptolemy/domains/modal/test/auto/ErrorTransition9.xml (RunModel)" time="0.054" />
  <testcase classname="ptolemy.util.test.junit.AutoTests" name="[59] /home/travis/build/icyphy/ptII/ptolemy/domains/modal/test/auto/ExtendedFSM.xml (RunModel)" time="0.027" />
  <testcase classname="ptolemy.util.test.junit.AutoTests" name="[60] /home/travis/build/icyphy/ptII/ptolemy/domains/modal/test/auto/FinalStates.xml (RunModel)" time="0.025" />
  <testcase classname="ptolemy.util.test.junit.AutoTests" name="[61] /home/travis/build/icyphy/ptII/ptolemy/domains/modal/test/auto/FixedPointFSM.xml (RunModel)" time="0.064" />
  <testcase classname="ptolemy.util.test.junit.AutoTests" name="[62] /home/travis/build/icyphy/ptII/ptolemy/domains/modal/test/auto/FixedPointIterationFSMActor.xml (RunModel)" time="0.041" />
  <testcase classname="ptolemy.util.test.junit.AutoTests" name="[63] /home/travis/build/icyphy/ptII/ptolemy/domains/modal/test/auto/FixedPointIterationFSMActor2.xml (RunModel)" time="0.058" />
  <testcase classname="ptolemy.util.test.junit.AutoTests" name="[64] /home/travis/build/icyphy/ptII/ptolemy/domains/modal/test/auto/ForbiddenInstantanousLoop.xml (RunModel)" time="0.037" />
  <testcase classname="ptolemy.util.test.junit.AutoTests" name="[65] /home/travis/build/icyphy/ptII/ptolemy/domains/modal/test/auto/FunctionDependencyOfFSMActorTest.xml (RunModel)" time="0.031" />
  <testcase classname="ptolemy.util.test.junit.AutoTests" name="[66] /home/travis/build/icyphy/ptII/ptolemy/domains/modal/test/auto/GuardExpression.xml (RunModel)" time="0.021" />
  <testcase classname="ptolemy.util.test.junit.AutoTests" name="[67] /home/travis/build/icyphy/ptII/ptolemy/domains/modal/test/auto/GuardNotEvaluated.xml (RunModel)" time="0.031" />
  <testcase classname="ptolemy.util.test.junit.AutoTests" name="[68] /home/travis/build/icyphy/ptII/ptolemy/domains/modal/test/auto/GuardNotEvaluated2.xml (RunModel)" time="0.026" />
  <testcase classname="ptolemy.util.test.junit.AutoTests" name="[69] /home/travis/build/icyphy/ptII/ptolemy/domains/modal/test/auto/GuardOnAbsent.xml (RunModel)" time="0.027" />
  <testcase classname="ptolemy.util.test.junit.AutoTests" name="[70] /home/travis/build/icyphy/ptII/ptolemy/domains/modal/test/auto/HierarchicalFSMTypeInference.xml (RunModel)" time="0.031" />
  <testcase classname="ptolemy.util.test.junit.AutoTests" name="[71] /home/travis/build/icyphy/ptII/ptolemy/domains/modal/test/auto/Hysteresis.xml (RunModel)" time="0.052" />
  <testcase classname="ptolemy.util.test.junit.AutoTests" name="[72] /home/travis/build/icyphy/ptII/ptolemy/domains/modal/test/auto/HysteresisWithDefault.xml (RunModel)" time="0.08" />
  <testcase classname="ptolemy.util.test.junit.AutoTests" name="[73] /home/travis/build/icyphy/ptII/ptolemy/domains/modal/test/auto/HysteresisWithDefault2.xml (RunModel)" time="0.092" />
  <testcase classname="ptolemy.util.test.junit.AutoTests" name="[74] /home/travis/build/icyphy/ptII/ptolemy/domains/modal/test/auto/ImmediateNonConstructiveness.xml (RunModel)" time="0.019" />
  <testcase classname="ptolemy.util.test.junit.AutoTests" name="[75] /home/travis/build/icyphy/ptII/ptolemy/domains/modal/test/auto/ImmediateNonConstructiveness2.xml (RunModel)" time="0.039" />
  <testcase classname="ptolemy.util.test.junit.AutoTests" name="[76] /home/travis/build/icyphy/ptII/ptolemy/domains/modal/test/auto/ImmediateTransitionReset.xml (RunModel)" time="0.035" />
  <testcase classname="ptolemy.util.test.junit.AutoTests" name="[77] /home/travis/build/icyphy/ptII/ptolemy/domains/modal/test/auto/ImmediateTransitions1.xml (RunModel)" time="0.014" />
  <testcase classname="ptolemy.util.test.junit.AutoTests" name="[78] /home/travis/build/icyphy/ptII/ptolemy/domains/modal/test/auto/ImmediateTransitionsInstantaneousCommunication.xml (RunModel)" time="0.034" />
  <testcase classname="ptolemy.util.test.junit.AutoTests" name="[79] /home/travis/build/icyphy/ptII/ptolemy/domains/modal/test/auto/InitialImmediateTransition.xml (RunModel)" time="0.015" />
  <testcase classname="ptolemy.util.test.junit.AutoTests" name="[80] /home/travis/build/icyphy/ptII/ptolemy/domains/modal/test/auto/InitialOutputs.xml (RunModel)" time="0.014" />
  <testcase classname="ptolemy.util.test.junit.AutoTests" name="[81] /home/travis/build/icyphy/ptII/ptolemy/domains/modal/test/auto/InitialStateTransition1.xml (RunModel)" time="0.034" />
  <testcase classname="ptolemy.util.test.junit.AutoTests" name="[82] /home/travis/build/icyphy/ptII/ptolemy/domains/modal/test/auto/InitialStateTransition2.xml (RunModel)" time="0.023" />
  <testcase classname="ptolemy.util.test.junit.AutoTests" name="[83] /home/travis/build/icyphy/ptII/ptolemy/domains/modal/test/auto/InitialStateTransition3.xml (RunModel)" time="0.023" />
  <testcase classname="ptolemy.util.test.junit.AutoTests" name="[84] /home/travis/build/icyphy/ptII/ptolemy/domains/modal/test/auto/InitialStateTransition4.xml (RunModel)" time="0.025" />
  <testcase classname="ptolemy.util.test.junit.AutoTests" name="[85] /home/travis/build/icyphy/ptII/ptolemy/domains/modal/test/auto/MalformedGuardExpressionNotCaught.xml (RunModel)" time="0.025" />
  <testcase classname="ptolemy.util.test.junit.AutoTests" name="[86] /home/travis/build/icyphy/ptII/ptolemy/domains/modal/test/auto/ModalBSC.xml (RunModel)" time="0.093" />
  <testcase classname="ptolemy.util.test.junit.AutoTests" name="[87] /home/travis/build/icyphy/ptII/ptolemy/domains/modal/test/auto/ModalClocks.xml (RunModel)" time="0.078" />
  <testcase classname="ptolemy.util.test.junit.AutoTests" name="[88] /home/travis/build/icyphy/ptII/ptolemy/domains/modal/test/auto/ModalDelay.xml (RunModel)" time="0.066" />
  <testcase classname="ptolemy.util.test.junit.AutoTests" name="[89] /home/travis/build/icyphy/ptII/ptolemy/domains/modal/test/auto/ModalDelay2.xml (RunModel)" time="0.06" />
  <testcase classname="ptolemy.util.test.junit.AutoTests" name="[90] /home/travis/build/icyphy/ptII/ptolemy/domains/modal/test/auto/ModalModelFromMemo.xml (RunModel)" time="0.072" />
  <testcase classname="ptolemy.util.test.junit.AutoTests" name="[91] /home/travis/build/icyphy/ptII/ptolemy/domains/modal/test/auto/ModalModelWithMultirateTransient.xml (RunModel)" time="0.064" />
  <testcase classname="ptolemy.util.test.junit.AutoTests" name="[92] /home/travis/build/icyphy/ptII/ptolemy/domains/modal/test/auto/ModalModelWithReset.xml (RunModel)" time="0.064" />
  <testcase classname="ptolemy.util.test.junit.AutoTests" name="[93] /home/travis/build/icyphy/ptII/ptolemy/domains/modal/test/auto/MouseClickFSM.xml (RunModel)" time="0.055" />
  <testcase classname="ptolemy.util.test.junit.AutoTests" name="[94] /home/travis/build/icyphy/ptII/ptolemy/domains/modal/test/auto/MouseClickFSMModal.xml (RunModel)" time="0.043" />
  <testcase classname="ptolemy.util.test.junit.AutoTests" name="[95] /home/travis/build/icyphy/ptII/ptolemy/domains/modal/test/auto/NonStrictFSM_FeedbackLoop.xml (RunModel)" time="0.051" />
  <testcase classname="ptolemy.util.test.junit.AutoTests" name="[96] /home/travis/build/icyphy/ptII/ptolemy/domains/modal/test/auto/NonStrictFSM_FeedbackLoop_Refinement.xml (RunModel)" time="0.093" />
  <testcase classname="ptolemy.util.test.junit.AutoTests" name="[97] /home/travis/build/icyphy/ptII/ptolemy/domains/modal/test/auto/NonStrictFSM_FeedbackLoop_preemptive.xml (RunModel)" time="0.076" />
  <testcase classname="ptolemy.util.test.junit.AutoTests" name="[98] /home/travis/build/icyphy/ptII/ptolemy/domains/modal/test/auto/NormalTermination.xml (RunModel)" time="0.064" />
  <testcase classname="ptolemy.util.test.junit.AutoTests" name="[99] /home/travis/build/icyphy/ptII/ptolemy/domains/modal/test/auto/Pong.xml (RunModel)" time="0.101" />
  <testcase classname="ptolemy.util.test.junit.AutoTests" name="[100] /home/travis/build/icyphy/ptII/ptolemy/domains/modal/test/auto/Pong_test.xml (RunModel)" time="0.127" />
  <testcase classname="ptolemy.util.test.junit.AutoTests" name="[101] /home/travis/build/icyphy/ptII/ptolemy/domains/modal/test/auto/PreemptionHierarchy.xml (RunModel)" time="0.029" />
  <testcase classname="ptolemy.util.test.junit.AutoTests" name="[102] /home/travis/build/icyphy/ptII/ptolemy/domains/modal/test/auto/PreemptionHierarchy2.xml (RunModel)" time="0.037" />
  <testcase classname="ptolemy.util.test.junit.AutoTests" name="[103] /home/travis/build/icyphy/ptII/ptolemy/domains/modal/test/auto/PreemptiveTransition.xml (RunModel)" time="0.031" />
  <testcase classname="ptolemy.util.test.junit.AutoTests" name="[104] /home/travis/build/icyphy/ptII/ptolemy/domains/modal/test/auto/Priorities.xml (RunModel)" time="0.084" />
  <testcase classname="ptolemy.util.test.junit.AutoTests" name="[105] /home/travis/build/icyphy/ptII/ptolemy/domains/modal/test/auto/ResetFinal.xml (RunModel)" time="0.045" />
  <testcase classname="ptolemy.util.test.junit.AutoTests" name="[106] /home/travis/build/icyphy/ptII/ptolemy/domains/modal/test/auto/ResetFinal2.xml (RunModel)" time="0.044" />
  <testcase classname="ptolemy.util.test.junit.AutoTests" name="[107] /home/travis/build/icyphy/ptII/ptolemy/domains/modal/test/auto/ResetTransitionWithStartTime.xml (RunModel)" time="0.038" />
  <testcase classname="ptolemy.util.test.junit.AutoTests" name="[108] /home/travis/build/icyphy/ptII/ptolemy/domains/modal/test/auto/SDF-FSMComposite.xml (RunModel)" time="0.044" />
  <testcase classname="ptolemy.util.test.junit.AutoTests" name="[109] /home/travis/build/icyphy/ptII/ptolemy/domains/modal/test/auto/SeeminglyNondeterminate.xml (RunModel)" time="0.079" />
  <testcase classname="ptolemy.util.test.junit.AutoTests" name="[110] /home/travis/build/icyphy/ptII/ptolemy/domains/modal/test/auto/SeeminglyNondeterminate2.xml (RunModel)" time="0.095" />
  <testcase classname="ptolemy.util.test.junit.AutoTests" name="[111] /home/travis/build/icyphy/ptII/ptolemy/domains/modal/test/auto/SpontaneousFSM.xml (RunModel)" time="0.054" />
  <testcase classname="ptolemy.util.test.junit.AutoTests" name="[112] /home/travis/build/icyphy/ptII/ptolemy/domains/modal/test/auto/SpontaneousFSM2.xml (RunModel)" time="0.042" />
  <testcase classname="ptolemy.util.test.junit.AutoTests" name="[113] /home/travis/build/icyphy/ptII/ptolemy/domains/modal/test/auto/SpontaneousFSM3.xml (RunModel)" time="0.054" />
  <testcase classname="ptolemy.util.test.junit.AutoTests" name="[114] /home/travis/build/icyphy/ptII/ptolemy/domains/modal/test/auto/SpontaneousFSM4.xml (RunModel)" time="0.056" />
  <testcase classname="ptolemy.util.test.junit.AutoTests" name="[115] /home/travis/build/icyphy/ptII/ptolemy/domains/modal/test/auto/StateTrackerTest.xml (RunModel)" time="0.079" />
  <testcase classname="ptolemy.util.test.junit.AutoTests" name="[116] /home/travis/build/icyphy/ptII/ptolemy/domains/modal/test/auto/StrongImmediateTransition.xml (RunModel)" time="0.027" />
  <testcase classname="ptolemy.util.test.junit.AutoTests" name="[117] /home/travis/build/icyphy/ptII/ptolemy/domains/modal/test/auto/SustainHierarchy.xml (RunModel)" time="0.036" />
  <testcase classname="ptolemy.util.test.junit.AutoTests" name="[118] /home/travis/build/icyphy/ptII/ptolemy/domains/modal/test/auto/TerminationTransition1.xml (RunModel)" time="0.023" />
  <testcase classname="ptolemy.util.test.junit.AutoTests" name="[119] /home/travis/build/icyphy/ptII/ptolemy/domains/modal/test/auto/TerminationTransition2.xml (RunModel)" time="0.047" />
  <testcase classname="ptolemy.util.test.junit.AutoTests" name="[120] /home/travis/build/icyphy/ptII/ptolemy/domains/modal/test/auto/TerminationTransition3.xml (RunModel)" time="0.026" />
  <testcase classname="ptolemy.util.test.junit.AutoTests" name="[121] /home/travis/build/icyphy/ptII/ptolemy/domains/modal/test/auto/TerminationTransition4.xml (RunModel)" time="0.04" />
  <testcase classname="ptolemy.util.test.junit.AutoTests" name="[122] /home/travis/build/icyphy/ptII/ptolemy/domains/modal/test/auto/TerminationTransition5.xml (RunModel)" time="0.035" />
  <testcase classname="ptolemy.util.test.junit.AutoTests" name="[123] /home/travis/build/icyphy/ptII/ptolemy/domains/modal/test/auto/TerminationTransition6.xml (RunModel)" time="0.024" />
  <testcase classname="ptolemy.util.test.junit.AutoTests" name="[124] /home/travis/build/icyphy/ptII/ptolemy/domains/modal/test/auto/TerminationTransition7.xml (RunModel)" time="0.023" />
  <testcase classname="ptolemy.util.test.junit.AutoTests" name="[125] /home/travis/build/icyphy/ptII/ptolemy/domains/modal/test/auto/TerminationTransition8.xml (RunModel)" time="0.026" />
  <testcase classname="ptolemy.util.test.junit.AutoTests" name="[126] /home/travis/build/icyphy/ptII/ptolemy/domains/modal/test/auto/Thermostat_NoHysteresis.xml (RunModel)" time="0.054" />
  <testcase classname="ptolemy.util.test.junit.AutoTests" name="[127] /home/travis/build/icyphy/ptII/ptolemy/domains/modal/test/auto/TimedFSM.xml (RunModel)" time="0.037" />
  <testcase classname="ptolemy.util.test.junit.AutoTests" name="[128] /home/travis/build/icyphy/ptII/ptolemy/domains/modal/test/auto/Timeout1.xml (RunModel)" time="0.016" />
  <testcase classname="ptolemy.util.test.junit.AutoTests" name="[129] /home/travis/build/icyphy/ptII/ptolemy/domains/modal/test/auto/Timeout2.xml (RunModel)" time="0.023" />
  <testcase classname="ptolemy.util.test.junit.AutoTests" name="[130] /home/travis/build/icyphy/ptII/ptolemy/domains/modal/test/auto/Timeout3.xml (RunModel)" time="0.012" />
  <testcase classname="ptolemy.util.test.junit.AutoTests" name="[131] /home/travis/build/icyphy/ptII/ptolemy/domains/modal/test/auto/Timeout4.xml (RunModel)" time="0.013" />
  <testcase classname="ptolemy.util.test.junit.AutoTests" name="[132] /home/travis/build/icyphy/ptII/ptolemy/domains/modal/test/auto/TransientstateModelAdvanced.xml (RunModel)" time="0.028" />
  <testcase classname="ptolemy.util.test.junit.AutoTests" name="[133] /home/travis/build/icyphy/ptII/ptolemy/domains/modal/test/auto/TransientstateModelAdvanced2.xml (RunModel)" time="0.032" />
  <testcase classname="ptolemy.util.test.junit.AutoTests" name="[134] /home/travis/build/icyphy/ptII/ptolemy/domains/modal/test/auto/TransitionRefinements.xml (RunModel)" time="0.028" />
  <testcase classname="ptolemy.util.test.junit.AutoTests" name="[135] /home/travis/build/icyphy/ptII/ptolemy/domains/modal/test/auto/TwoRefinements1.xml (RunModel)" time="0.027" />
  <testcase classname="ptolemy.util.test.junit.AutoTests" name="[136] /home/travis/build/icyphy/ptII/ptolemy/domains/modal/test/auto/TwoRefinements2.xml (RunModel)" time="0.046" />
  <testcase classname="ptolemy.util.test.junit.AutoTests" name="[137] /home/travis/build/icyphy/ptII/ptolemy/domains/modal/test/auto/WeakImmediateTransition.xml (RunModel)" time="0.033" />
  <testcase classname="ptolemy.util.test.junit.AutoTests" name="[138] /home/travis/build/icyphy/ptII/ptolemy/domains/modal/test/auto/booleanSelect.xml (RunModel)" time="0.085" />
  <testcase classname="ptolemy.util.test.junit.AutoTests" name="[139] /home/travis/build/icyphy/ptII/ptolemy/domains/modal/test/auto/modalChangingParams.xml (RunModel)" time="0.332" />
  <testcase classname="ptolemy.util.test.junit.AutoTests" name="[140] /home/travis/build/icyphy/ptII/ptolemy/domains/modal/test/auto/modalModel.xml (RunModel)" time="0.034" />
  <testcase classname="ptolemy.util.test.junit.AutoTests" name="[141] /home/travis/build/icyphy/ptII/ptolemy/domains/modal/test/auto/modalModel2.xml (RunModel)" time="0.041" />
  <testcase classname="ptolemy.util.test.junit.AutoTests" name="[142] /home/travis/build/icyphy/ptII/ptolemy/domains/modal/test/auto/modalModel3.xml (RunModel)" time="0.061" />
  <testcase classname="ptolemy.util.test.junit.AutoTests" name="[143] /home/travis/build/icyphy/ptII/ptolemy/domains/modal/test/auto/model1.xml (RunModel)" time="0.03" />
  <testcase classname="ptolemy.util.test.junit.AutoTests" name="[144] /home/travis/build/icyphy/ptII/ptolemy/domains/modal/test/auto/test-direct-in-out.xml (RunModel)" time="0.033" />
  <system-out><![CDATA[/home/travis/build/icyphy/ptII/ptolemy/domains/modal/test/SystemLevelType.tcl
testDefs.tcl: setting time out to 9000 seconds at Tue Oct 01 05:51:21 UTC 2019
10/01/19 05:51:24
Failed: 0  Total Tests: 1  ((Passed: 1, Newly Passed: 0)  Known Failed: 0) /home/travis/build/icyphy/ptII/ptolemy/domains/modal/test
----------------- testing (KnownFailure) /home/travis/build/icyphy/ptII/ptolemy/domains/modal/test/auto/knownFailedTests/CannotAnalysisWithPreemption.xml
166 ms. Memory: 151552K Free: 74166K (49%)
Known Failure: java.lang.reflect.InvocationTargetException
No auto/linux-amd64/*.xml tests in /home/travis/build/icyphy/ptII/ptolemy/domains/modal/test
AutoTests.java: About to close Vertx.
AutoTests.java: Vertx closed.

===========================================================================================
----------------- testing Tue Oct 01 05:51:24 UTC 2019 /home/travis/build/icyphy/ptII/ptolemy/domains/modal/test/auto/ABPTest.xml
----------------- Instantiating /home/travis/build/icyphy/ptII/ptolemy/domains/modal/test/auto/ABPTest.xml
462 ms. Memory: 151552K Free: 113925K (75%)
----------------- Invoking toplevel() on ptolemy.moml.MoMLSimpleApplication@7ae6ea1f
----------------- Done invoking toplevel() on ptolemy.moml.MoMLSimpleApplication@7ae6ea1f
reloadAllAccessors: .ABPTest

===========================================================================================
----------------- testing Tue Oct 01 05:51:25 UTC 2019 /home/travis/build/icyphy/ptII/ptolemy/domains/modal/test/auto/ABROFlat.xml
----------------- Instantiating /home/travis/build/icyphy/ptII/ptolemy/domains/modal/test/auto/ABROFlat.xml
31 ms. Memory: 151552K Free: 98496K (65%)
----------------- Invoking toplevel() on ptolemy.moml.MoMLSimpleApplication@5fcdbbf3
----------------- Done invoking toplevel() on ptolemy.moml.MoMLSimpleApplication@5fcdbbf3
reloadAllAccessors: .ABROFlat

===========================================================================================
----------------- testing Tue Oct 01 05:51:25 UTC 2019 /home/travis/build/icyphy/ptII/ptolemy/domains/modal/test/auto/ABROFlat2.xml
----------------- Instantiating /home/travis/build/icyphy/ptII/ptolemy/domains/modal/test/auto/ABROFlat2.xml
17 ms. Memory: 151552K Free: 81624K (54%)
----------------- Invoking toplevel() on ptolemy.moml.MoMLSimpleApplication@765a8d1b
----------------- Done invoking toplevel() on ptolemy.moml.MoMLSimpleApplication@765a8d1b
reloadAllAccessors: .ABROFlat2

===========================================================================================
----------------- testing Tue Oct 01 05:51:25 UTC 2019 /home/travis/build/icyphy/ptII/ptolemy/domains/modal/test/auto/ABRO_present_hmm.xml
----------------- Instantiating /home/travis/build/icyphy/ptII/ptolemy/domains/modal/test/auto/ABRO_present_hmm.xml
40 ms. Memory: 151552K Free: 55000K (36%)
----------------- Invoking toplevel() on ptolemy.moml.MoMLSimpleApplication@20aaa433
----------------- Done invoking toplevel() on ptolemy.moml.MoMLSimpleApplication@20aaa433
reloadAllAccessors: .ABRO_present_hmm

===========================================================================================
----------------- testing Tue Oct 01 05:51:26 UTC 2019 /home/travis/build/icyphy/ptII/ptolemy/domains/modal/test/auto/AMICoderExample.xml
----------------- Instantiating /home/travis/build/icyphy/ptII/ptolemy/domains/modal/test/auto/AMICoderExample.xml
33 ms. Memory: 151552K Free: 128979K (85%)
----------------- Invoking toplevel() on ptolemy.moml.MoMLSimpleApplication@4e016abd
----------------- Done invoking toplevel() on ptolemy.moml.MoMLSimpleApplication@4e016abd
reloadAllAccessors: .AMICoderExample

===========================================================================================
----------------- testing Tue Oct 01 05:51:26 UTC 2019 /home/travis/build/icyphy/ptII/ptolemy/domains/modal/test/auto/AbsentToPresent.xml
----------------- Instantiating /home/travis/build/icyphy/ptII/ptolemy/domains/modal/test/auto/AbsentToPresent.xml
9 ms. Memory: 151552K Free: 124428K (82%)
----------------- Invoking toplevel() on ptolemy.moml.MoMLSimpleApplication@2741f8f
----------------- Done invoking toplevel() on ptolemy.moml.MoMLSimpleApplication@2741f8f
reloadAllAccessors: .AbsentToPresent

===========================================================================================
----------------- testing Tue Oct 01 05:51:26 UTC 2019 /home/travis/build/icyphy/ptII/ptolemy/domains/modal/test/auto/Blending.xml
----------------- Instantiating /home/travis/build/icyphy/ptII/ptolemy/domains/modal/test/auto/Blending.xml
167 ms. Memory: 151552K Free: 79348K (52%)
----------------- Invoking toplevel() on ptolemy.moml.MoMLSimpleApplication@6b02c8c8
----------------- Done invoking toplevel() on ptolemy.moml.MoMLSimpleApplication@6b02c8c8
reloadAllAccessors: .Blending

===========================================================================================
----------------- testing Tue Oct 01 05:51:26 UTC 2019 /home/travis/build/icyphy/ptII/ptolemy/domains/modal/test/auto/Broadcast.xml
----------------- Instantiating /home/travis/build/icyphy/ptII/ptolemy/domains/modal/test/auto/Broadcast.xml
9 ms. Memory: 151552K Free: 69587K (46%)
----------------- Invoking toplevel() on ptolemy.moml.MoMLSimpleApplication@36d947e7
----------------- Done invoking toplevel() on ptolemy.moml.MoMLSimpleApplication@36d947e7
reloadAllAccessors: .Broadcast

===========================================================================================
----------------- testing Tue Oct 01 05:51:26 UTC 2019 /home/travis/build/icyphy/ptII/ptolemy/domains/modal/test/auto/BroadcastHierarchy.xml
----------------- Instantiating /home/travis/build/icyphy/ptII/ptolemy/domains/modal/test/auto/BroadcastHierarchy.xml
15 ms. Memory: 151552K Free: 55804K (37%)
----------------- Invoking toplevel() on ptolemy.moml.MoMLSimpleApplication@9a64521
----------------- Done invoking toplevel() on ptolemy.moml.MoMLSimpleApplication@9a64521
reloadAllAccessors: .BroadcastHierarchy

===========================================================================================
----------------- testing Tue Oct 01 05:51:26 UTC 2019 /home/travis/build/icyphy/ptII/ptolemy/domains/modal/test/auto/BroadcastHierarchy2.xml
----------------- Instantiating /home/travis/build/icyphy/ptII/ptolemy/domains/modal/test/auto/BroadcastHierarchy2.xml
29 ms. Memory: 203776K Free: 165268K (81%)
----------------- Invoking toplevel() on ptolemy.moml.MoMLSimpleApplication@61b00069
----------------- Done invoking toplevel() on ptolemy.moml.MoMLSimpleApplication@61b00069
reloadAllAccessors: .BroadcastHierarchy2

===========================================================================================
----------------- testing Tue Oct 01 05:51:26 UTC 2019 /home/travis/build/icyphy/ptII/ptolemy/domains/modal/test/auto/BroadcastHierarchy3.xml
----------------- Instantiating /home/travis/build/icyphy/ptII/ptolemy/domains/modal/test/auto/BroadcastHierarchy3.xml
25 ms. Memory: 203776K Free: 144788K (71%)
----------------- Invoking toplevel() on ptolemy.moml.MoMLSimpleApplication@259052b
----------------- Done invoking toplevel() on ptolemy.moml.MoMLSimpleApplication@259052b
reloadAllAccessors: .BroadcastHierarchy3

===========================================================================================
----------------- testing Tue Oct 01 05:51:26 UTC 2019 /home/travis/build/icyphy/ptII/ptolemy/domains/modal/test/auto/BroadcastHierarchy4.xml
----------------- Instantiating /home/travis/build/icyphy/ptII/ptolemy/domains/modal/test/auto/BroadcastHierarchy4.xml
21 ms. Memory: 203776K Free: 120182K (59%)
----------------- Invoking toplevel() on ptolemy.moml.MoMLSimpleApplication@630593c2
----------------- Done invoking toplevel() on ptolemy.moml.MoMLSimpleApplication@630593c2
reloadAllAccessors: .BroadcastHierarchy4

===========================================================================================
----------------- testing Tue Oct 01 05:51:26 UTC 2019 /home/travis/build/icyphy/ptII/ptolemy/domains/modal/test/auto/CannotAnalysisWithPreemption2.xml
----------------- Instantiating /home/travis/build/icyphy/ptII/ptolemy/domains/modal/test/auto/CannotAnalysisWithPreemption2.xml
6 ms. Memory: 203776K Free: 113030K (55%)
----------------- Invoking toplevel() on ptolemy.moml.MoMLSimpleApplication@11e26039
----------------- Done invoking toplevel() on ptolemy.moml.MoMLSimpleApplication@11e26039
reloadAllAccessors: .CannotAnalysisWithPreemption2

===========================================================================================
----------------- testing Tue Oct 01 05:51:27 UTC 2019 /home/travis/build/icyphy/ptII/ptolemy/domains/modal/test/auto/CannotAnalysisWithPreemption3.xml
----------------- Instantiating /home/travis/build/icyphy/ptII/ptolemy/domains/modal/test/auto/CannotAnalysisWithPreemption3.xml
6 ms. Memory: 203776K Free: 102774K (50%)
----------------- Invoking toplevel() on ptolemy.moml.MoMLSimpleApplication@36c83afc
----------------- Done invoking toplevel() on ptolemy.moml.MoMLSimpleApplication@36c83afc
reloadAllAccessors: .CannotAnalysisWithPreemption3

===========================================================================================
----------------- testing Tue Oct 01 05:51:27 UTC 2019 /home/travis/build/icyphy/ptII/ptolemy/domains/modal/test/auto/CannotProduce.xml
----------------- Instantiating /home/travis/build/icyphy/ptII/ptolemy/domains/modal/test/auto/CannotProduce.xml
14 ms. Memory: 203776K Free: 96150K (47%)
----------------- Invoking toplevel() on ptolemy.moml.MoMLSimpleApplication@10e02129
----------------- Done invoking toplevel() on ptolemy.moml.MoMLSimpleApplication@10e02129
reloadAllAccessors: .CannotProduce

===========================================================================================
----------------- testing Tue Oct 01 05:51:27 UTC 2019 /home/travis/build/icyphy/ptII/ptolemy/domains/modal/test/auto/CannotProduceModal.xml
----------------- Instantiating /home/travis/build/icyphy/ptII/ptolemy/domains/modal/test/auto/CannotProduceModal.xml
7 ms. Memory: 203776K Free: 88982K (44%)
----------------- Invoking toplevel() on ptolemy.moml.MoMLSimpleApplication@59c1fa74
----------------- Done invoking toplevel() on ptolemy.moml.MoMLSimpleApplication@59c1fa74
reloadAllAccessors: .CannotProduceModal

===========================================================================================
----------------- testing Tue Oct 01 05:51:27 UTC 2019 /home/travis/build/icyphy/ptII/ptolemy/domains/modal/test/auto/Case.xml
----------------- Instantiating /home/travis/build/icyphy/ptII/ptolemy/domains/modal/test/auto/Case.xml
22 ms. Memory: 203776K Free: 78228K (38%)
----------------- Invoking toplevel() on ptolemy.moml.MoMLSimpleApplication@f0d1c8c
----------------- Done invoking toplevel() on ptolemy.moml.MoMLSimpleApplication@f0d1c8c
reloadAllAccessors: .Case

===========================================================================================
----------------- testing Tue Oct 01 05:51:27 UTC 2019 /home/travis/build/icyphy/ptII/ptolemy/domains/modal/test/auto/Case1.xml
----------------- Instantiating /home/travis/build/icyphy/ptII/ptolemy/domains/modal/test/auto/Case1.xml
13 ms. Memory: 203776K Free: 71060K (35%)
----------------- Invoking toplevel() on ptolemy.moml.MoMLSimpleApplication@719858f3
----------------- Done invoking toplevel() on ptolemy.moml.MoMLSimpleApplication@719858f3
reloadAllAccessors: .Case1

===========================================================================================
----------------- testing Tue Oct 01 05:51:27 UTC 2019 /home/travis/build/icyphy/ptII/ptolemy/domains/modal/test/auto/Case2.xml
----------------- Instantiating /home/travis/build/icyphy/ptII/ptolemy/domains/modal/test/auto/Case2.xml
29 ms. Memory: 203776K Free: 176010K (86%)
----------------- Invoking toplevel() on ptolemy.moml.MoMLSimpleApplication@38055c17
----------------- Done invoking toplevel() on ptolemy.moml.MoMLSimpleApplication@38055c17
reloadAllAccessors: .Case2

===========================================================================================
----------------- testing Tue Oct 01 05:51:27 UTC 2019 /home/travis/build/icyphy/ptII/ptolemy/domains/modal/test/auto/CausalityInterface1.xml
----------------- Instantiating /home/travis/build/icyphy/ptII/ptolemy/domains/modal/test/auto/CausalityInterface1.xml
11 ms. Memory: 203776K Free: 170890K (84%)
----------------- Invoking toplevel() on ptolemy.moml.MoMLSimpleApplication@735395ff
----------------- Done invoking toplevel() on ptolemy.moml.MoMLSimpleApplication@735395ff
reloadAllAccessors: .CausalityInterface1

===========================================================================================
----------------- testing Tue Oct 01 05:51:27 UTC 2019 /home/travis/build/icyphy/ptII/ptolemy/domains/modal/test/auto/CausalityInterface10.xml
----------------- Instantiating /home/travis/build/icyphy/ptII/ptolemy/domains/modal/test/auto/CausalityInterface10.xml
20 ms. Memory: 203776K Free: 157578K (77%)
----------------- Invoking toplevel() on ptolemy.moml.MoMLSimpleApplication@da29520
----------------- Done invoking toplevel() on ptolemy.moml.MoMLSimpleApplication@da29520
reloadAllAccessors: .CausalityInterface10

===========================================================================================
----------------- testing Tue Oct 01 05:51:27 UTC 2019 /home/travis/build/icyphy/ptII/ptolemy/domains/modal/test/auto/CausalityInterface11.xml
----------------- Instantiating /home/travis/build/icyphy/ptII/ptolemy/domains/modal/test/auto/CausalityInterface11.xml
7 ms. Memory: 203776K Free: 144266K (71%)
----------------- Invoking toplevel() on ptolemy.moml.MoMLSimpleApplication@5e11cb6f
----------------- Done invoking toplevel() on ptolemy.moml.MoMLSimpleApplication@5e11cb6f
reloadAllAccessors: .CausalityInterface11

===========================================================================================
----------------- testing Tue Oct 01 05:51:27 UTC 2019 /home/travis/build/icyphy/ptII/ptolemy/domains/modal/test/auto/CausalityInterface12.xml
----------------- Instantiating /home/travis/build/icyphy/ptII/ptolemy/domains/modal/test/auto/CausalityInterface12.xml
10 ms. Memory: 203776K Free: 130954K (64%)
----------------- Invoking toplevel() on ptolemy.moml.MoMLSimpleApplication@798ceb20
----------------- Done invoking toplevel() on ptolemy.moml.MoMLSimpleApplication@798ceb20
reloadAllAccessors: .CausalityInterface12

===========================================================================================
----------------- testing Tue Oct 01 05:51:27 UTC 2019 /home/travis/build/icyphy/ptII/ptolemy/domains/modal/test/auto/CausalityInterface13.xml
----------------- Instantiating /home/travis/build/icyphy/ptII/ptolemy/domains/modal/test/auto/CausalityInterface13.xml
15 ms. Memory: 203776K Free: 117114K (57%)
----------------- Invoking toplevel() on ptolemy.moml.MoMLSimpleApplication@7e34df74
----------------- Done invoking toplevel() on ptolemy.moml.MoMLSimpleApplication@7e34df74
reloadAllAccessors: .CausalityInterface13

===========================================================================================
----------------- testing Tue Oct 01 05:51:27 UTC 2019 /home/travis/build/icyphy/ptII/ptolemy/domains/modal/test/auto/CausalityInterface14.xml
----------------- Instantiating /home/travis/build/icyphy/ptII/ptolemy/domains/modal/test/auto/CausalityInterface14.xml
10 ms. Memory: 203776K Free: 103306K (51%)
----------------- Invoking toplevel() on ptolemy.moml.MoMLSimpleApplication@f22ba38
----------------- Done invoking toplevel() on ptolemy.moml.MoMLSimpleApplication@f22ba38
reloadAllAccessors: .CausalityInterface14

===========================================================================================
----------------- testing Tue Oct 01 05:51:27 UTC 2019 /home/travis/build/icyphy/ptII/ptolemy/domains/modal/test/auto/CausalityInterface2.xml
----------------- Instantiating /home/travis/build/icyphy/ptII/ptolemy/domains/modal/test/auto/CausalityInterface2.xml
4 ms. Memory: 203776K Free: 97162K (48%)
----------------- Invoking toplevel() on ptolemy.moml.MoMLSimpleApplication@18bd1281
----------------- Done invoking toplevel() on ptolemy.moml.MoMLSimpleApplication@18bd1281
reloadAllAccessors: .CausalityInterface2

===========================================================================================
----------------- testing Tue Oct 01 05:51:27 UTC 2019 /home/travis/build/icyphy/ptII/ptolemy/domains/modal/test/auto/CausalityInterface3.xml
----------------- Instantiating /home/travis/build/icyphy/ptII/ptolemy/domains/modal/test/auto/CausalityInterface3.xml
6 ms. Memory: 203776K Free: 91018K (45%)
----------------- Invoking toplevel() on ptolemy.moml.MoMLSimpleApplication@2b5a99e7
----------------- Done invoking toplevel() on ptolemy.moml.MoMLSimpleApplication@2b5a99e7
reloadAllAccessors: .CausalityInterface3

===========================================================================================
----------------- testing Tue Oct 01 05:51:27 UTC 2019 /home/travis/build/icyphy/ptII/ptolemy/domains/modal/test/auto/CausalityInterface4.xml
----------------- Instantiating /home/travis/build/icyphy/ptII/ptolemy/domains/modal/test/auto/CausalityInterface4.xml
4 ms. Memory: 203776K Free: 84330K (41%)
----------------- Invoking toplevel() on ptolemy.moml.MoMLSimpleApplication@78e12930
----------------- Done invoking toplevel() on ptolemy.moml.MoMLSimpleApplication@78e12930
reloadAllAccessors: .CausalityInterface4

===========================================================================================
----------------- testing Tue Oct 01 05:51:27 UTC 2019 /home/travis/build/icyphy/ptII/ptolemy/domains/modal/test/auto/CausalityInterface5.xml
----------------- Instantiating /home/travis/build/icyphy/ptII/ptolemy/domains/modal/test/auto/CausalityInterface5.xml
5 ms. Memory: 203776K Free: 76154K (37%)
----------------- Invoking toplevel() on ptolemy.moml.MoMLSimpleApplication@20178321
----------------- Done invoking toplevel() on ptolemy.moml.MoMLSimpleApplication@20178321
reloadAllAccessors: .CausalityInterface5

===========================================================================================
----------------- testing Tue Oct 01 05:51:27 UTC 2019 /home/travis/build/icyphy/ptII/ptolemy/domains/modal/test/auto/CausalityInterface6.xml
----------------- Instantiating /home/travis/build/icyphy/ptII/ptolemy/domains/modal/test/auto/CausalityInterface6.xml
6 ms. Memory: 203776K Free: 184248K (90%)
----------------- Invoking toplevel() on ptolemy.moml.MoMLSimpleApplication@13450d18
----------------- Done invoking toplevel() on ptolemy.moml.MoMLSimpleApplication@13450d18
reloadAllAccessors: .CausalityInterface6

===========================================================================================
----------------- testing Tue Oct 01 05:51:27 UTC 2019 /home/travis/build/icyphy/ptII/ptolemy/domains/modal/test/auto/CausalityInterface7.xml
----------------- Instantiating /home/travis/build/icyphy/ptII/ptolemy/domains/modal/test/auto/CausalityInterface7.xml
10 ms. Memory: 203776K Free: 176026K (86%)
----------------- Invoking toplevel() on ptolemy.moml.MoMLSimpleApplication@32581f94
----------------- Done invoking toplevel() on ptolemy.moml.MoMLSimpleApplication@32581f94
reloadAllAccessors: .CausalityInterface7

===========================================================================================
----------------- testing Tue Oct 01 05:51:27 UTC 2019 /home/travis/build/icyphy/ptII/ptolemy/domains/modal/test/auto/CausalityInterface8.xml
----------------- Instantiating /home/travis/build/icyphy/ptII/ptolemy/domains/modal/test/auto/CausalityInterface8.xml
6 ms. Memory: 203776K Free: 167354K (82%)
----------------- Invoking toplevel() on ptolemy.moml.MoMLSimpleApplication@3a33688b
----------------- Done invoking toplevel() on ptolemy.moml.MoMLSimpleApplication@3a33688b
reloadAllAccessors: .CausalityInterface8

===========================================================================================
----------------- testing Tue Oct 01 05:51:28 UTC 2019 /home/travis/build/icyphy/ptII/ptolemy/domains/modal/test/auto/CausalityInterface9.xml
----------------- Instantiating /home/travis/build/icyphy/ptII/ptolemy/domains/modal/test/auto/CausalityInterface9.xml
5 ms. Memory: 203776K Free: 158138K (78%)
----------------- Invoking toplevel() on ptolemy.moml.MoMLSimpleApplication@2b4dc553
----------------- Done invoking toplevel() on ptolemy.moml.MoMLSimpleApplication@2b4dc553
reloadAllAccessors: .CausalityInterface9

===========================================================================================
----------------- testing Tue Oct 01 05:51:28 UTC 2019 /home/travis/build/icyphy/ptII/ptolemy/domains/modal/test/auto/ChainedTransitions.xml
----------------- Instantiating /home/travis/build/icyphy/ptII/ptolemy/domains/modal/test/auto/ChainedTransitions.xml
104 ms. Memory: 203776K Free: 133562K (66%)
----------------- Invoking toplevel() on ptolemy.moml.MoMLSimpleApplication@430ab180
----------------- Done invoking toplevel() on ptolemy.moml.MoMLSimpleApplication@430ab180
reloadAllAccessors: .ChainedTransitions

===========================================================================================
----------------- testing Tue Oct 01 05:51:28 UTC 2019 /home/travis/build/icyphy/ptII/ptolemy/domains/modal/test/auto/CycleOfImmediateTransitionsFSM.xml
----------------- Instantiating /home/travis/build/icyphy/ptII/ptolemy/domains/modal/test/auto/CycleOfImmediateTransitionsFSM.xml
3 ms. Memory: 203776K Free: 127928K (63%)
----------------- Invoking toplevel() on ptolemy.moml.MoMLSimpleApplication@fd20830
----------------- Done invoking toplevel() on ptolemy.moml.MoMLSimpleApplication@fd20830
reloadAllAccessors: .CycleOfImmediateTransitionsFSM

===========================================================================================
----------------- testing Tue Oct 01 05:51:28 UTC 2019 /home/travis/build/icyphy/ptII/ptolemy/domains/modal/test/auto/CycleOfImmediateTransitionsModal.xml
----------------- Instantiating /home/travis/build/icyphy/ptII/ptolemy/domains/modal/test/auto/CycleOfImmediateTransitionsModal.xml
5 ms. Memory: 203776K Free: 121784K (60%)
----------------- Invoking toplevel() on ptolemy.moml.MoMLSimpleApplication@1242a4b6
----------------- Done invoking toplevel() on ptolemy.moml.MoMLSimpleApplication@1242a4b6
reloadAllAccessors: .CycleOfImmediateTransitionsModal

===========================================================================================
----------------- testing Tue Oct 01 05:51:28 UTC 2019 /home/travis/build/icyphy/ptII/ptolemy/domains/modal/test/auto/CycleOfImmediateTransitionsModal2.xml
----------------- Instantiating /home/travis/build/icyphy/ptII/ptolemy/domains/modal/test/auto/CycleOfImmediateTransitionsModal2.xml
7 ms. Memory: 203776K Free: 115640K (57%)
----------------- Invoking toplevel() on ptolemy.moml.MoMLSimpleApplication@3bc576e1
----------------- Done invoking toplevel() on ptolemy.moml.MoMLSimpleApplication@3bc576e1
reloadAllAccessors: .CycleOfImmediateTransitionsModal2

===========================================================================================
----------------- testing Tue Oct 01 05:51:28 UTC 2019 /home/travis/build/icyphy/ptII/ptolemy/domains/modal/test/auto/CycleOfImmediateTransitionsModal3.xml
----------------- Instantiating /home/travis/build/icyphy/ptII/ptolemy/domains/modal/test/auto/CycleOfImmediateTransitionsModal3.xml
11 ms. Memory: 203776K Free: 93098K (46%)
----------------- Invoking toplevel() on ptolemy.moml.MoMLSimpleApplication@5d1d7d23
----------------- Done invoking toplevel() on ptolemy.moml.MoMLSimpleApplication@5d1d7d23
reloadAllAccessors: .CycleOfImmediateTransitionsModal3

===========================================================================================
----------------- testing Tue Oct 01 05:51:28 UTC 2019 /home/travis/build/icyphy/ptII/ptolemy/domains/modal/test/auto/DeepModal1.xml
----------------- Instantiating /home/travis/build/icyphy/ptII/ptolemy/domains/modal/test/auto/DeepModal1.xml
31 ms. Memory: 203776K Free: 79290K (39%)
----------------- Invoking toplevel() on ptolemy.moml.MoMLSimpleApplication@3106f297
----------------- Done invoking toplevel() on ptolemy.moml.MoMLSimpleApplication@3106f297
reloadAllAccessors: .DeepModal1

===========================================================================================
----------------- testing Tue Oct 01 05:51:28 UTC 2019 /home/travis/build/icyphy/ptII/ptolemy/domains/modal/test/auto/DeepModal2.xml
----------------- Instantiating /home/travis/build/icyphy/ptII/ptolemy/domains/modal/test/auto/DeepModal2.xml
23 ms. Memory: 203776K Free: 177050K (87%)
----------------- Invoking toplevel() on ptolemy.moml.MoMLSimpleApplication@7b4a131a
----------------- Done invoking toplevel() on ptolemy.moml.MoMLSimpleApplication@7b4a131a
reloadAllAccessors: .DeepModal2

===========================================================================================
----------------- testing Tue Oct 01 05:51:28 UTC 2019 /home/travis/build/icyphy/ptII/ptolemy/domains/modal/test/auto/DeepModal3.xml
----------------- Instantiating /home/travis/build/icyphy/ptII/ptolemy/domains/modal/test/auto/DeepModal3.xml
31 ms. Memory: 203776K Free: 158104K (78%)
----------------- Invoking toplevel() on ptolemy.moml.MoMLSimpleApplication@649eaa3
----------------- Done invoking toplevel() on ptolemy.moml.MoMLSimpleApplication@649eaa3
reloadAllAccessors: .DeepModal3

===========================================================================================
----------------- testing Tue Oct 01 05:51:28 UTC 2019 /home/travis/build/icyphy/ptII/ptolemy/domains/modal/test/auto/DeepModal4.xml
----------------- Instantiating /home/travis/build/icyphy/ptII/ptolemy/domains/modal/test/auto/DeepModal4.xml
34 ms. Memory: 203776K Free: 138634K (68%)
----------------- Invoking toplevel() on ptolemy.moml.MoMLSimpleApplication@39b5d8e9
----------------- Done invoking toplevel() on ptolemy.moml.MoMLSimpleApplication@39b5d8e9
reloadAllAccessors: .DeepModal4

===========================================================================================
----------------- testing Tue Oct 01 05:51:28 UTC 2019 /home/travis/build/icyphy/ptII/ptolemy/domains/modal/test/auto/Default1.xml
----------------- Instantiating /home/travis/build/icyphy/ptII/ptolemy/domains/modal/test/auto/Default1.xml
2 ms. Memory: 203776K Free: 132504K (65%)
----------------- Invoking toplevel() on ptolemy.moml.MoMLSimpleApplication@571161c0
----------------- Done invoking toplevel() on ptolemy.moml.MoMLSimpleApplication@571161c0
reloadAllAccessors: .Default1

===========================================================================================
----------------- testing Tue Oct 01 05:51:28 UTC 2019 /home/travis/build/icyphy/ptII/ptolemy/domains/modal/test/auto/Default2.xml
----------------- Instantiating /home/travis/build/icyphy/ptII/ptolemy/domains/modal/test/auto/Default2.xml
9 ms. Memory: 203776K Free: 126872K (62%)
----------------- Invoking toplevel() on ptolemy.moml.MoMLSimpleApplication@6f03a007
----------------- Done invoking toplevel() on ptolemy.moml.MoMLSimpleApplication@6f03a007
reloadAllAccessors: .Default2

===========================================================================================
----------------- testing Tue Oct 01 05:51:28 UTC 2019 /home/travis/build/icyphy/ptII/ptolemy/domains/modal/test/auto/Default3.xml
----------------- Instantiating /home/travis/build/icyphy/ptII/ptolemy/domains/modal/test/auto/Default3.xml
6 ms. Memory: 203776K Free: 121226K (59%)
----------------- Invoking toplevel() on ptolemy.moml.MoMLSimpleApplication@683fd916
----------------- Done invoking toplevel() on ptolemy.moml.MoMLSimpleApplication@683fd916
reloadAllAccessors: .Default3

===========================================================================================
----------------- testing Tue Oct 01 05:51:28 UTC 2019 /home/travis/build/icyphy/ptII/ptolemy/domains/modal/test/auto/Default4.xml
----------------- Instantiating /home/travis/build/icyphy/ptII/ptolemy/domains/modal/test/auto/Default4.xml
7 ms. Memory: 203776K Free: 114586K (56%)
----------------- Invoking toplevel() on ptolemy.moml.MoMLSimpleApplication@e5e7270
----------------- Done invoking toplevel() on ptolemy.moml.MoMLSimpleApplication@e5e7270
reloadAllAccessors: .Default4

===========================================================================================
----------------- testing Tue Oct 01 05:51:28 UTC 2019 /home/travis/build/icyphy/ptII/ptolemy/domains/modal/test/auto/Default5.xml
----------------- Instantiating /home/travis/build/icyphy/ptII/ptolemy/domains/modal/test/auto/Default5.xml
4 ms. Memory: 203776K Free: 106394K (52%)
----------------- Invoking toplevel() on ptolemy.moml.MoMLSimpleApplication@4a5f7f61
----------------- Done invoking toplevel() on ptolemy.moml.MoMLSimpleApplication@4a5f7f61
reloadAllAccessors: .Default5

===========================================================================================
----------------- testing Tue Oct 01 05:51:28 UTC 2019 /home/travis/build/icyphy/ptII/ptolemy/domains/modal/test/auto/EmptyGuard.xml
----------------- Instantiating /home/travis/build/icyphy/ptII/ptolemy/domains/modal/test/auto/EmptyGuard.xml
14 ms. Memory: 203776K Free: 98706K (48%)
----------------- Invoking toplevel() on ptolemy.moml.MoMLSimpleApplication@5cc7df21
----------------- Done invoking toplevel() on ptolemy.moml.MoMLSimpleApplication@5cc7df21
reloadAllAccessors: .EmptyGuard

===========================================================================================
----------------- testing Tue Oct 01 05:51:28 UTC 2019 /home/travis/build/icyphy/ptII/ptolemy/domains/modal/test/auto/ErrorTransition1.xml
----------------- Instantiating /home/travis/build/icyphy/ptII/ptolemy/domains/modal/test/auto/ErrorTransition1.xml
11 ms. Memory: 203776K Free: 89496K (44%)
----------------- Invoking toplevel() on ptolemy.moml.MoMLSimpleApplication@7318b425
----------------- Done invoking toplevel() on ptolemy.moml.MoMLSimpleApplication@7318b425
reloadAllAccessors: .ErrorTransition1

===========================================================================================
----------------- testing Tue Oct 01 05:51:28 UTC 2019 /home/travis/build/icyphy/ptII/ptolemy/domains/modal/test/auto/ErrorTransition10.xml
----------------- Instantiating /home/travis/build/icyphy/ptII/ptolemy/domains/modal/test/auto/ErrorTransition10.xml
15 ms. Memory: 203776K Free: 75674K (37%)
----------------- Invoking toplevel() on ptolemy.moml.MoMLSimpleApplication@f1b5ae8
----------------- Done invoking toplevel() on ptolemy.moml.MoMLSimpleApplication@f1b5ae8
reloadAllAccessors: .ErrorTransition10

===========================================================================================
----------------- testing Tue Oct 01 05:51:28 UTC 2019 /home/travis/build/icyphy/ptII/ptolemy/domains/modal/test/auto/ErrorTransition11.xml
----------------- Instantiating /home/travis/build/icyphy/ptII/ptolemy/domains/modal/test/auto/ErrorTransition11.xml
5 ms. Memory: 251904K Free: 228234K (91%)
----------------- Invoking toplevel() on ptolemy.moml.MoMLSimpleApplication@6f774d70
----------------- Done invoking toplevel() on ptolemy.moml.MoMLSimpleApplication@6f774d70
reloadAllAccessors: .ErrorTransition11

===========================================================================================
----------------- testing Tue Oct 01 05:51:29 UTC 2019 /home/travis/build/icyphy/ptII/ptolemy/domains/modal/test/auto/ErrorTransition2.xml
----------------- Instantiating /home/travis/build/icyphy/ptII/ptolemy/domains/modal/test/auto/ErrorTransition2.xml
12 ms. Memory: 251904K Free: 219528K (87%)
----------------- Invoking toplevel() on ptolemy.moml.MoMLSimpleApplication@351e66ef
----------------- Done invoking toplevel() on ptolemy.moml.MoMLSimpleApplication@351e66ef
reloadAllAccessors: .ErrorTransition2

===========================================================================================
----------------- testing Tue Oct 01 05:51:29 UTC 2019 /home/travis/build/icyphy/ptII/ptolemy/domains/modal/test/auto/ErrorTransition3.xml
----------------- Instantiating /home/travis/build/icyphy/ptII/ptolemy/domains/modal/test/auto/ErrorTransition3.xml
27 ms. Memory: 251904K Free: 209802K (83%)
----------------- Invoking toplevel() on ptolemy.moml.MoMLSimpleApplication@6853244d
----------------- Done invoking toplevel() on ptolemy.moml.MoMLSimpleApplication@6853244d
reloadAllAccessors: .ErrorTransition3

===========================================================================================
----------------- testing Tue Oct 01 05:51:29 UTC 2019 /home/travis/build/icyphy/ptII/ptolemy/domains/modal/test/auto/ErrorTransition4.xml
----------------- Instantiating /home/travis/build/icyphy/ptII/ptolemy/domains/modal/test/auto/ErrorTransition4.xml
17 ms. Memory: 251904K Free: 198538K (79%)
----------------- Invoking toplevel() on ptolemy.moml.MoMLSimpleApplication@4fc63dcf
----------------- Done invoking toplevel() on ptolemy.moml.MoMLSimpleApplication@4fc63dcf
reloadAllAccessors: .ErrorTransition4

===========================================================================================
----------------- testing Tue Oct 01 05:51:29 UTC 2019 /home/travis/build/icyphy/ptII/ptolemy/domains/modal/test/auto/ErrorTransition5.xml
----------------- Instantiating /home/travis/build/icyphy/ptII/ptolemy/domains/modal/test/auto/ErrorTransition5.xml
10 ms. Memory: 251904K Free: 188298K (75%)
----------------- Invoking toplevel() on ptolemy.moml.MoMLSimpleApplication@64c8a44c
----------------- Done invoking toplevel() on ptolemy.moml.MoMLSimpleApplication@64c8a44c
reloadAllAccessors: .ErrorTransition5

===========================================================================================
----------------- testing Tue Oct 01 05:51:29 UTC 2019 /home/travis/build/icyphy/ptII/ptolemy/domains/modal/test/auto/ErrorTransition6.xml
----------------- Instantiating /home/travis/build/icyphy/ptII/ptolemy/domains/modal/test/auto/ErrorTransition6.xml
12 ms. Memory: 251904K Free: 177544K (70%)
----------------- Invoking toplevel() on ptolemy.moml.MoMLSimpleApplication@38bcd501
----------------- Done invoking toplevel() on ptolemy.moml.MoMLSimpleApplication@38bcd501
reloadAllAccessors: .ErrorTransition6

===========================================================================================
----------------- testing Tue Oct 01 05:51:29 UTC 2019 /home/travis/build/icyphy/ptII/ptolemy/domains/modal/test/auto/ErrorTransition7.xml
----------------- Instantiating /home/travis/build/icyphy/ptII/ptolemy/domains/modal/test/auto/ErrorTransition7.xml
19 ms. Memory: 251904K Free: 164746K (65%)
----------------- Invoking toplevel() on ptolemy.moml.MoMLSimpleApplication@59c6064
----------------- Done invoking toplevel() on ptolemy.moml.MoMLSimpleApplication@59c6064
reloadAllAccessors: .ErrorTransition7

===========================================================================================
----------------- testing Tue Oct 01 05:51:29 UTC 2019 /home/travis/build/icyphy/ptII/ptolemy/domains/modal/test/auto/ErrorTransition8.xml
----------------- Instantiating /home/travis/build/icyphy/ptII/ptolemy/domains/modal/test/auto/ErrorTransition8.xml
34 ms. Memory: 251904K Free: 151434K (60%)
----------------- Invoking toplevel() on ptolemy.moml.MoMLSimpleApplication@3ef64cab
----------------- Done invoking toplevel() on ptolemy.moml.MoMLSimpleApplication@3ef64cab
reloadAllAccessors: .ErrorTransition8

===========================================================================================
----------------- testing Tue Oct 01 05:51:29 UTC 2019 /home/travis/build/icyphy/ptII/ptolemy/domains/modal/test/auto/ErrorTransition9.xml
----------------- Instantiating /home/travis/build/icyphy/ptII/ptolemy/domains/modal/test/auto/ErrorTransition9.xml
18 ms. Memory: 251904K Free: 138122K (55%)
----------------- Invoking toplevel() on ptolemy.moml.MoMLSimpleApplication@142de1c0
----------------- Done invoking toplevel() on ptolemy.moml.MoMLSimpleApplication@142de1c0
reloadAllAccessors: .ErrorTransition9

===========================================================================================
----------------- testing Tue Oct 01 05:51:29 UTC 2019 /home/travis/build/icyphy/ptII/ptolemy/domains/modal/test/auto/ExtendedFSM.xml
----------------- Instantiating /home/travis/build/icyphy/ptII/ptolemy/domains/modal/test/auto/ExtendedFSM.xml
11 ms. Memory: 251904K Free: 129402K (51%)
----------------- Invoking toplevel() on ptolemy.moml.MoMLSimpleApplication@2423340d
----------------- Done invoking toplevel() on ptolemy.moml.MoMLSimpleApplication@2423340d
reloadAllAccessors: .ExtendedFSM

===========================================================================================
----------------- testing Tue Oct 01 05:51:29 UTC 2019 /home/travis/build/icyphy/ptII/ptolemy/domains/modal/test/auto/FinalStates.xml
----------------- Instantiating /home/travis/build/icyphy/ptII/ptolemy/domains/modal/test/auto/FinalStates.xml
8 ms. Memory: 251904K Free: 121224K (48%)
----------------- Invoking toplevel() on ptolemy.moml.MoMLSimpleApplication@7831004
----------------- Done invoking toplevel() on ptolemy.moml.MoMLSimpleApplication@7831004
reloadAllAccessors: .FinalStates

===========================================================================================
----------------- testing Tue Oct 01 05:51:29 UTC 2019 /home/travis/build/icyphy/ptII/ptolemy/domains/modal/test/auto/FixedPointFSM.xml
----------------- Instantiating /home/travis/build/icyphy/ptII/ptolemy/domains/modal/test/auto/FixedPointFSM.xml
32 ms. Memory: 251904K Free: 106378K (42%)
----------------- Invoking toplevel() on ptolemy.moml.MoMLSimpleApplication@331febd6
----------------- Done invoking toplevel() on ptolemy.moml.MoMLSimpleApplication@331febd6
reloadAllAccessors: .FixedPointFSM

===========================================================================================
----------------- testing Tue Oct 01 05:51:29 UTC 2019 /home/travis/build/icyphy/ptII/ptolemy/domains/modal/test/auto/FixedPointIterationFSMActor.xml
----------------- Instantiating /home/travis/build/icyphy/ptII/ptolemy/domains/modal/test/auto/FixedPointIterationFSMActor.xml
8 ms. Memory: 251904K Free: 95618K (38%)
----------------- Invoking toplevel() on ptolemy.moml.MoMLSimpleApplication@6c89a529
----------------- Done invoking toplevel() on ptolemy.moml.MoMLSimpleApplication@6c89a529
reloadAllAccessors: .FixedPointIterationFSMActor

===========================================================================================
----------------- testing Tue Oct 01 05:51:29 UTC 2019 /home/travis/build/icyphy/ptII/ptolemy/domains/modal/test/auto/FixedPointIterationFSMActor2.xml
----------------- Instantiating /home/travis/build/icyphy/ptII/ptolemy/domains/modal/test/auto/FixedPointIterationFSMActor2.xml
15 ms. Memory: 251904K Free: 227213K (90%)
----------------- Invoking toplevel() on ptolemy.moml.MoMLSimpleApplication@63c561f5
----------------- Done invoking toplevel() on ptolemy.moml.MoMLSimpleApplication@63c561f5
reloadAllAccessors: .FixedPointIterationFSMActor2

===========================================================================================
----------------- testing Tue Oct 01 05:51:29 UTC 2019 /home/travis/build/icyphy/ptII/ptolemy/domains/modal/test/auto/ForbiddenInstantanousLoop.xml
----------------- Instantiating /home/travis/build/icyphy/ptII/ptolemy/domains/modal/test/auto/ForbiddenInstantanousLoop.xml
7 ms. Memory: 251904K Free: 214917K (85%)
----------------- Invoking toplevel() on ptolemy.moml.MoMLSimpleApplication@161bd086
----------------- Done invoking toplevel() on ptolemy.moml.MoMLSimpleApplication@161bd086
reloadAllAccessors: .ForbiddenInstantanousLoop

===========================================================================================
----------------- testing Tue Oct 01 05:51:29 UTC 2019 /home/travis/build/icyphy/ptII/ptolemy/domains/modal/test/auto/FunctionDependencyOfFSMActorTest.xml
----------------- Instantiating /home/travis/build/icyphy/ptII/ptolemy/domains/modal/test/auto/FunctionDependencyOfFSMActorTest.xml
14 ms. Memory: 251904K Free: 207733K (82%)
----------------- Invoking toplevel() on ptolemy.moml.MoMLSimpleApplication@156d0672
----------------- Done invoking toplevel() on ptolemy.moml.MoMLSimpleApplication@156d0672
reloadAllAccessors: .FunctionDependencyOfFSMActorTest

===========================================================================================
----------------- testing Tue Oct 01 05:51:29 UTC 2019 /home/travis/build/icyphy/ptII/ptolemy/domains/modal/test/auto/GuardExpression.xml
----------------- Instantiating /home/travis/build/icyphy/ptII/ptolemy/domains/modal/test/auto/GuardExpression.xml
2 ms. Memory: 251904K Free: 202643K (80%)
----------------- Invoking toplevel() on ptolemy.moml.MoMLSimpleApplication@708eb9f
----------------- Done invoking toplevel() on ptolemy.moml.MoMLSimpleApplication@708eb9f
reloadAllAccessors: .GuardExpression

===========================================================================================
----------------- testing Tue Oct 01 05:51:29 UTC 2019 /home/travis/build/icyphy/ptII/ptolemy/domains/modal/test/auto/GuardNotEvaluated.xml
----------------- Instantiating /home/travis/build/icyphy/ptII/ptolemy/domains/modal/test/auto/GuardNotEvaluated.xml
7 ms. Memory: 251904K Free: 193941K (77%)
----------------- Invoking toplevel() on ptolemy.moml.MoMLSimpleApplication@31d26dd6
----------------- Done invoking toplevel() on ptolemy.moml.MoMLSimpleApplication@31d26dd6
reloadAllAccessors: .GuardNotEvaluated

===========================================================================================
----------------- testing Tue Oct 01 05:51:29 UTC 2019 /home/travis/build/icyphy/ptII/ptolemy/domains/modal/test/auto/GuardNotEvaluated2.xml
----------------- Instantiating /home/travis/build/icyphy/ptII/ptolemy/domains/modal/test/auto/GuardNotEvaluated2.xml
9 ms. Memory: 251904K Free: 184211K (73%)
----------------- Invoking toplevel() on ptolemy.moml.MoMLSimpleApplication@262ed0c0
----------------- Done invoking toplevel() on ptolemy.moml.MoMLSimpleApplication@262ed0c0
reloadAllAccessors: .GuardNotEvaluated2

===========================================================================================
----------------- testing Tue Oct 01 05:51:29 UTC 2019 /home/travis/build/icyphy/ptII/ptolemy/domains/modal/test/auto/GuardOnAbsent.xml
----------------- Instantiating /home/travis/build/icyphy/ptII/ptolemy/domains/modal/test/auto/GuardOnAbsent.xml
10 ms. Memory: 251904K Free: 176533K (70%)
----------------- Invoking toplevel() on ptolemy.moml.MoMLSimpleApplication@2f5142d2
----------------- Done invoking toplevel() on ptolemy.moml.MoMLSimpleApplication@2f5142d2
reloadAllAccessors: .GuardOnAbsent

===========================================================================================
----------------- testing Tue Oct 01 05:51:29 UTC 2019 /home/travis/build/icyphy/ptII/ptolemy/domains/modal/test/auto/HierarchicalFSMTypeInference.xml
----------------- Instantiating /home/travis/build/icyphy/ptII/ptolemy/domains/modal/test/auto/HierarchicalFSMTypeInference.xml
5 ms. Memory: 251904K Free: 165779K (66%)
----------------- Invoking toplevel() on ptolemy.moml.MoMLSimpleApplication@615e5aaf
----------------- Done invoking toplevel() on ptolemy.moml.MoMLSimpleApplication@615e5aaf
reloadAllAccessors: .HierarchicalFSMTypeInference

===========================================================================================
----------------- testing Tue Oct 01 05:51:29 UTC 2019 /home/travis/build/icyphy/ptII/ptolemy/domains/modal/test/auto/Hysteresis.xml
----------------- Instantiating /home/travis/build/icyphy/ptII/ptolemy/domains/modal/test/auto/Hysteresis.xml
13 ms. Memory: 251904K Free: 152453K (61%)
----------------- Invoking toplevel() on ptolemy.moml.MoMLSimpleApplication@52fc1038
----------------- Done invoking toplevel() on ptolemy.moml.MoMLSimpleApplication@52fc1038
reloadAllAccessors: .Hysteresis

===========================================================================================
----------------- testing Tue Oct 01 05:51:29 UTC 2019 /home/travis/build/icyphy/ptII/ptolemy/domains/modal/test/auto/HysteresisWithDefault.xml
----------------- Instantiating /home/travis/build/icyphy/ptII/ptolemy/domains/modal/test/auto/HysteresisWithDefault.xml
47 ms. Memory: 251904K Free: 128915K (51%)
----------------- Invoking toplevel() on ptolemy.moml.MoMLSimpleApplication@76ab285a
----------------- Done invoking toplevel() on ptolemy.moml.MoMLSimpleApplication@76ab285a
reloadAllAccessors: .HysteresisWithDefault

===========================================================================================
----------------- testing Tue Oct 01 05:51:30 UTC 2019 /home/travis/build/icyphy/ptII/ptolemy/domains/modal/test/auto/HysteresisWithDefault2.xml
----------------- Instantiating /home/travis/build/icyphy/ptII/ptolemy/domains/modal/test/auto/HysteresisWithDefault2.xml
61 ms. Memory: 251904K Free: 99219K (39%)
----------------- Invoking toplevel() on ptolemy.moml.MoMLSimpleApplication@2e60340
----------------- Done invoking toplevel() on ptolemy.moml.MoMLSimpleApplication@2e60340
reloadAllAccessors: .HysteresisWithDefault2

===========================================================================================
----------------- testing Tue Oct 01 05:51:30 UTC 2019 /home/travis/build/icyphy/ptII/ptolemy/domains/modal/test/auto/ImmediateNonConstructiveness.xml
----------------- Instantiating /home/travis/build/icyphy/ptII/ptolemy/domains/modal/test/auto/ImmediateNonConstructiveness.xml
3 ms. Memory: 251904K Free: 92037K (37%)
----------------- Invoking toplevel() on ptolemy.moml.MoMLSimpleApplication@2f2558c2
----------------- Done invoking toplevel() on ptolemy.moml.MoMLSimpleApplication@2f2558c2
reloadAllAccessors: .ImmediateNonConstructiveness

===========================================================================================
----------------- testing Tue Oct 01 05:51:30 UTC 2019 /home/travis/build/icyphy/ptII/ptolemy/domains/modal/test/auto/ImmediateNonConstructiveness2.xml
----------------- Instantiating /home/travis/build/icyphy/ptII/ptolemy/domains/modal/test/auto/ImmediateNonConstructiveness2.xml
3 ms. Memory: 251904K Free: 230254K (91%)
----------------- Invoking toplevel() on ptolemy.moml.MoMLSimpleApplication@6ccd8ed3
----------------- Done invoking toplevel() on ptolemy.moml.MoMLSimpleApplication@6ccd8ed3
reloadAllAccessors: .ImmediateNonConstructiveness2

===========================================================================================
----------------- testing Tue Oct 01 05:51:30 UTC 2019 /home/travis/build/icyphy/ptII/ptolemy/domains/modal/test/auto/ImmediateTransitionReset.xml
----------------- Instantiating /home/travis/build/icyphy/ptII/ptolemy/domains/modal/test/auto/ImmediateTransitionReset.xml
6 ms. Memory: 251904K Free: 217980K (87%)
----------------- Invoking toplevel() on ptolemy.moml.MoMLSimpleApplication@279325f4
----------------- Done invoking toplevel() on ptolemy.moml.MoMLSimpleApplication@279325f4
reloadAllAccessors: .ImmediateTransitionReset

===========================================================================================
----------------- testing Tue Oct 01 05:51:30 UTC 2019 /home/travis/build/icyphy/ptII/ptolemy/domains/modal/test/auto/ImmediateTransitions1.xml
----------------- Instantiating /home/travis/build/icyphy/ptII/ptolemy/domains/modal/test/auto/ImmediateTransitions1.xml
2 ms. Memory: 251904K Free: 212860K (85%)
----------------- Invoking toplevel() on ptolemy.moml.MoMLSimpleApplication@5bacc35
----------------- Done invoking toplevel() on ptolemy.moml.MoMLSimpleApplication@5bacc35
reloadAllAccessors: .ImmediateTransitions1

===========================================================================================
----------------- testing Tue Oct 01 05:51:30 UTC 2019 /home/travis/build/icyphy/ptII/ptolemy/domains/modal/test/auto/ImmediateTransitionsInstantaneousCommunication.xml
----------------- Instantiating /home/travis/build/icyphy/ptII/ptolemy/domains/modal/test/auto/ImmediateTransitionsInstantaneousCommunication.xml
4 ms. Memory: 251904K Free: 200572K (80%)
----------------- Invoking toplevel() on ptolemy.moml.MoMLSimpleApplication@4e5036c2
----------------- Done invoking toplevel() on ptolemy.moml.MoMLSimpleApplication@4e5036c2
reloadAllAccessors: .ImmediateTransitionsInstantaneousCommunication

===========================================================================================
----------------- testing Tue Oct 01 05:51:30 UTC 2019 /home/travis/build/icyphy/ptII/ptolemy/domains/modal/test/auto/InitialImmediateTransition.xml
----------------- Instantiating /home/travis/build/icyphy/ptII/ptolemy/domains/modal/test/auto/InitialImmediateTransition.xml
3 ms. Memory: 251904K Free: 193398K (77%)
----------------- Invoking toplevel() on ptolemy.moml.MoMLSimpleApplication@431f888b
----------------- Done invoking toplevel() on ptolemy.moml.MoMLSimpleApplication@431f888b
reloadAllAccessors: .InitialImmediateTransition

===========================================================================================
----------------- testing Tue Oct 01 05:51:30 UTC 2019 /home/travis/build/icyphy/ptII/ptolemy/domains/modal/test/auto/InitialOutputs.xml
----------------- Instantiating /home/travis/build/icyphy/ptII/ptolemy/domains/modal/test/auto/InitialOutputs.xml
4 ms. Memory: 251904K Free: 186750K (74%)
----------------- Invoking toplevel() on ptolemy.moml.MoMLSimpleApplication@5a685c62
----------------- Done invoking toplevel() on ptolemy.moml.MoMLSimpleApplication@5a685c62
reloadAllAccessors: .InitialOutputs

===========================================================================================
----------------- testing Tue Oct 01 05:51:30 UTC 2019 /home/travis/build/icyphy/ptII/ptolemy/domains/modal/test/auto/InitialStateTransition1.xml
----------------- Instantiating /home/travis/build/icyphy/ptII/ptolemy/domains/modal/test/auto/InitialStateTransition1.xml
3 ms. Memory: 251904K Free: 179582K (71%)
----------------- Invoking toplevel() on ptolemy.moml.MoMLSimpleApplication@45454d28
----------------- Done invoking toplevel() on ptolemy.moml.MoMLSimpleApplication@45454d28
reloadAllAccessors: .InitialStateTransition1

===========================================================================================
----------------- testing Tue Oct 01 05:51:30 UTC 2019 /home/travis/build/icyphy/ptII/ptolemy/domains/modal/test/auto/InitialStateTransition2.xml
----------------- Instantiating /home/travis/build/icyphy/ptII/ptolemy/domains/modal/test/auto/InitialStateTransition2.xml
.InitialStateTransition2.TestExceptionAttributeNonConstructive: initialize() was not invoked, but wrapup() was.  This is unusual, but not always a problem.  For example, exporting JNLP will do this.
2 ms. Memory: 251904K Free: 172414K (68%)
----------------- Invoking toplevel() on ptolemy.moml.MoMLSimpleApplication@4caa8baa
----------------- Done invoking toplevel() on ptolemy.moml.MoMLSimpleApplication@4caa8baa
reloadAllAccessors: .InitialStateTransition2

===========================================================================================
----------------- testing Tue Oct 01 05:51:30 UTC 2019 /home/travis/build/icyphy/ptII/ptolemy/domains/modal/test/auto/InitialStateTransition3.xml
----------------- Instantiating /home/travis/build/icyphy/ptII/ptolemy/domains/modal/test/auto/InitialStateTransition3.xml
5 ms. Memory: 251904K Free: 163708K (65%)
----------------- Invoking toplevel() on ptolemy.moml.MoMLSimpleApplication@3ce6a56b
----------------- Done invoking toplevel() on ptolemy.moml.MoMLSimpleApplication@3ce6a56b
reloadAllAccessors: .InitialStateTransition3

===========================================================================================
----------------- testing Tue Oct 01 05:51:30 UTC 2019 /home/travis/build/icyphy/ptII/ptolemy/domains/modal/test/auto/InitialStateTransition4.xml
----------------- Instantiating /home/travis/build/icyphy/ptII/ptolemy/domains/modal/test/auto/InitialStateTransition4.xml
2 ms. Memory: 251904K Free: 153982K (61%)
----------------- Invoking toplevel() on ptolemy.moml.MoMLSimpleApplication@5a6167a2
----------------- Done invoking toplevel() on ptolemy.moml.MoMLSimpleApplication@5a6167a2
[...]
reloadAllAccessors: .TerminationTransition3

===========================================================================================
----------------- testing Tue Oct 01 05:51:32 UTC 2019 /home/travis/build/icyphy/ptII/ptolemy/domains/modal/test/auto/TerminationTransition4.xml
----------------- Instantiating /home/travis/build/icyphy/ptII/ptolemy/domains/modal/test/auto/TerminationTransition4.xml
7 ms. Memory: 303104K Free: 258471K (85%)
----------------- Invoking toplevel() on ptolemy.moml.MoMLSimpleApplication@5c437da2
----------------- Done invoking toplevel() on ptolemy.moml.MoMLSimpleApplication@5c437da2
reloadAllAccessors: .TerminationTransition4

===========================================================================================
----------------- testing Tue Oct 01 05:51:32 UTC 2019 /home/travis/build/icyphy/ptII/ptolemy/domains/modal/test/auto/TerminationTransition5.xml
----------------- Instantiating /home/travis/build/icyphy/ptII/ptolemy/domains/modal/test/auto/TerminationTransition5.xml
3 ms. Memory: 303104K Free: 244645K (81%)
----------------- Invoking toplevel() on ptolemy.moml.MoMLSimpleApplication@aeaee6d
----------------- Done invoking toplevel() on ptolemy.moml.MoMLSimpleApplication@aeaee6d
reloadAllAccessors: .TerminationTransition5

===========================================================================================
----------------- testing Tue Oct 01 05:51:32 UTC 2019 /home/travis/build/icyphy/ptII/ptolemy/domains/modal/test/auto/TerminationTransition6.xml
----------------- Instantiating /home/travis/build/icyphy/ptII/ptolemy/domains/modal/test/auto/TerminationTransition6.xml
3 ms. Memory: 303104K Free: 236453K (78%)
----------------- Invoking toplevel() on ptolemy.moml.MoMLSimpleApplication@2c18cc63
----------------- Done invoking toplevel() on ptolemy.moml.MoMLSimpleApplication@2c18cc63
reloadAllAccessors: .TerminationTransition6

===========================================================================================
----------------- testing Tue Oct 01 05:51:32 UTC 2019 /home/travis/build/icyphy/ptII/ptolemy/domains/modal/test/auto/TerminationTransition7.xml
----------------- Instantiating /home/travis/build/icyphy/ptII/ptolemy/domains/modal/test/auto/TerminationTransition7.xml
2 ms. Memory: 303104K Free: 226727K (75%)
----------------- Invoking toplevel() on ptolemy.moml.MoMLSimpleApplication@57c398aa
----------------- Done invoking toplevel() on ptolemy.moml.MoMLSimpleApplication@57c398aa
reloadAllAccessors: .TerminationTransition7

===========================================================================================
----------------- testing Tue Oct 01 05:51:32 UTC 2019 /home/travis/build/icyphy/ptII/ptolemy/domains/modal/test/auto/TerminationTransition8.xml
----------------- Instantiating /home/travis/build/icyphy/ptII/ptolemy/domains/modal/test/auto/TerminationTransition8.xml
2 ms. Memory: 303104K Free: 216997K (72%)
----------------- Invoking toplevel() on ptolemy.moml.MoMLSimpleApplication@3ed156c3
----------------- Done invoking toplevel() on ptolemy.moml.MoMLSimpleApplication@3ed156c3
reloadAllAccessors: .TerminationTransition8

===========================================================================================
----------------- testing Tue Oct 01 05:51:32 UTC 2019 /home/travis/build/icyphy/ptII/ptolemy/domains/modal/test/auto/Thermostat_NoHysteresis.xml
----------------- Instantiating /home/travis/build/icyphy/ptII/ptolemy/domains/modal/test/auto/Thermostat_NoHysteresis.xml
25 ms. Memory: 303104K Free: 192421K (63%)
----------------- Invoking toplevel() on ptolemy.moml.MoMLSimpleApplication@6781f6bd
----------------- Done invoking toplevel() on ptolemy.moml.MoMLSimpleApplication@6781f6bd
reloadAllAccessors: .Thermostat_NoHysteresis

===========================================================================================
----------------- testing Tue Oct 01 05:51:32 UTC 2019 /home/travis/build/icyphy/ptII/ptolemy/domains/modal/test/auto/TimedFSM.xml
----------------- Instantiating /home/travis/build/icyphy/ptII/ptolemy/domains/modal/test/auto/TimedFSM.xml
9 ms. Memory: 303104K Free: 180647K (60%)
----------------- Invoking toplevel() on ptolemy.moml.MoMLSimpleApplication@65f71a59
----------------- Done invoking toplevel() on ptolemy.moml.MoMLSimpleApplication@65f71a59
reloadAllAccessors: .TimedFSM

===========================================================================================
----------------- testing Tue Oct 01 05:51:32 UTC 2019 /home/travis/build/icyphy/ptII/ptolemy/domains/modal/test/auto/Timeout1.xml
----------------- Instantiating /home/travis/build/icyphy/ptII/ptolemy/domains/modal/test/auto/Timeout1.xml
3 ms. Memory: 303104K Free: 174998K (58%)
----------------- Invoking toplevel() on ptolemy.moml.MoMLSimpleApplication@64294f57
----------------- Done invoking toplevel() on ptolemy.moml.MoMLSimpleApplication@64294f57
reloadAllAccessors: .Timeout1

===========================================================================================
----------------- testing Tue Oct 01 05:51:32 UTC 2019 /home/travis/build/icyphy/ptII/ptolemy/domains/modal/test/auto/Timeout2.xml
----------------- Instantiating /home/travis/build/icyphy/ptII/ptolemy/domains/modal/test/auto/Timeout2.xml
8 ms. Memory: 303104K Free: 166311K (55%)
----------------- Invoking toplevel() on ptolemy.moml.MoMLSimpleApplication@433d7764
----------------- Done invoking toplevel() on ptolemy.moml.MoMLSimpleApplication@433d7764
reloadAllAccessors: .Timeout2

===========================================================================================
----------------- testing Tue Oct 01 05:51:32 UTC 2019 /home/travis/build/icyphy/ptII/ptolemy/domains/modal/test/auto/Timeout3.xml
----------------- Instantiating /home/travis/build/icyphy/ptII/ptolemy/domains/modal/test/auto/Timeout3.xml
2 ms. Memory: 303104K Free: 161191K (53%)
----------------- Invoking toplevel() on ptolemy.moml.MoMLSimpleApplication@32b5cf11
----------------- Done invoking toplevel() on ptolemy.moml.MoMLSimpleApplication@32b5cf11
reloadAllAccessors: .Timeout3

===========================================================================================
----------------- testing Tue Oct 01 05:51:32 UTC 2019 /home/travis/build/icyphy/ptII/ptolemy/domains/modal/test/auto/Timeout4.xml
----------------- Instantiating /home/travis/build/icyphy/ptII/ptolemy/domains/modal/test/auto/Timeout4.xml
3 ms. Memory: 303104K Free: 156071K (51%)
----------------- Invoking toplevel() on ptolemy.moml.MoMLSimpleApplication@306bed33
----------------- Done invoking toplevel() on ptolemy.moml.MoMLSimpleApplication@306bed33
reloadAllAccessors: .Timeout4

===========================================================================================
----------------- testing Tue Oct 01 05:51:33 UTC 2019 /home/travis/build/icyphy/ptII/ptolemy/domains/modal/test/auto/TransientstateModelAdvanced.xml
----------------- Instantiating /home/travis/build/icyphy/ptII/ptolemy/domains/modal/test/auto/TransientstateModelAdvanced.xml
4 ms. Memory: 303104K Free: 143783K (47%)
----------------- Invoking toplevel() on ptolemy.moml.MoMLSimpleApplication@495de06d
----------------- Done invoking toplevel() on ptolemy.moml.MoMLSimpleApplication@495de06d
reloadAllAccessors: .TransientstateModelAdvanced

===========================================================================================
----------------- testing Tue Oct 01 05:51:33 UTC 2019 /home/travis/build/icyphy/ptII/ptolemy/domains/modal/test/auto/TransientstateModelAdvanced2.xml
----------------- Instantiating /home/travis/build/icyphy/ptII/ptolemy/domains/modal/test/auto/TransientstateModelAdvanced2.xml
3 ms. Memory: 303104K Free: 129447K (43%)
----------------- Invoking toplevel() on ptolemy.moml.MoMLSimpleApplication@2db91968
----------------- Done invoking toplevel() on ptolemy.moml.MoMLSimpleApplication@2db91968
reloadAllAccessors: .transientstatemodelAdvanced

===========================================================================================
----------------- testing Tue Oct 01 05:51:33 UTC 2019 /home/travis/build/icyphy/ptII/ptolemy/domains/modal/test/auto/TransitionRefinements.xml
----------------- Instantiating /home/travis/build/icyphy/ptII/ptolemy/domains/modal/test/auto/TransitionRefinements.xml
8 ms. Memory: 303104K Free: 119702K (39%)
----------------- Invoking toplevel() on ptolemy.moml.MoMLSimpleApplication@3c7e2e32
----------------- Done invoking toplevel() on ptolemy.moml.MoMLSimpleApplication@3c7e2e32
reloadAllAccessors: .TransitionRefinements

===========================================================================================
----------------- testing Tue Oct 01 05:51:33 UTC 2019 /home/travis/build/icyphy/ptII/ptolemy/domains/modal/test/auto/TwoRefinements1.xml
----------------- Instantiating /home/travis/build/icyphy/ptII/ptolemy/domains/modal/test/auto/TwoRefinements1.xml
3 ms. Memory: 303104K Free: 109477K (36%)
----------------- Invoking toplevel() on ptolemy.moml.MoMLSimpleApplication@1de89995
----------------- Done invoking toplevel() on ptolemy.moml.MoMLSimpleApplication@1de89995
reloadAllAccessors: .TwoRefinements1

===========================================================================================
----------------- testing Tue Oct 01 05:51:33 UTC 2019 /home/travis/build/icyphy/ptII/ptolemy/domains/modal/test/auto/TwoRefinements2.xml
----------------- Instantiating /home/travis/build/icyphy/ptII/ptolemy/domains/modal/test/auto/TwoRefinements2.xml
3 ms. Memory: 303104K Free: 275666K (91%)
----------------- Invoking toplevel() on ptolemy.moml.MoMLSimpleApplication@d780f26
----------------- Done invoking toplevel() on ptolemy.moml.MoMLSimpleApplication@d780f26
reloadAllAccessors: .TwoRefinements2

===========================================================================================
----------------- testing Tue Oct 01 05:51:33 UTC 2019 /home/travis/build/icyphy/ptII/ptolemy/domains/modal/test/auto/WeakImmediateTransition.xml
----------------- Instantiating /home/travis/build/icyphy/ptII/ptolemy/domains/modal/test/auto/WeakImmediateTransition.xml
8 ms. Memory: 303104K Free: 266960K (88%)
----------------- Invoking toplevel() on ptolemy.moml.MoMLSimpleApplication@3817bd54
----------------- Done invoking toplevel() on ptolemy.moml.MoMLSimpleApplication@3817bd54
reloadAllAccessors: .WeakImmediateTransition

===========================================================================================
----------------- testing Tue Oct 01 05:51:33 UTC 2019 /home/travis/build/icyphy/ptII/ptolemy/domains/modal/test/auto/booleanSelect.xml
----------------- Instantiating /home/travis/build/icyphy/ptII/ptolemy/domains/modal/test/auto/booleanSelect.xml
41 ms. Memory: 303104K Free: 248498K (82%)
----------------- Invoking toplevel() on ptolemy.moml.MoMLSimpleApplication@13fe1ee2
----------------- Done invoking toplevel() on ptolemy.moml.MoMLSimpleApplication@13fe1ee2
reloadAllAccessors: .booleanSelect

===========================================================================================
----------------- testing Tue Oct 01 05:51:33 UTC 2019 /home/travis/build/icyphy/ptII/ptolemy/domains/modal/test/auto/modalChangingParams.xml
----------------- Instantiating /home/travis/build/icyphy/ptII/ptolemy/domains/modal/test/auto/modalChangingParams.xml
0
1
0
2
4
6
8
7
0
2
4
6
8
13
0
2
4
6
8
19
0
2
4
6
8
25
0
2
4
6
8
31
0
2
4
6
8
37
0
2
4
6
8
43
0
2
4
6
8
49
0
2
4
6
8
55
0
2
4
6
8
61
0
2
4
6
8
67
0
2
4
6
8
73
0
2
4
6
8
79
0
2
4
6
8
85
0
2
4
6
8
91
0
2
4
6
8
97
0
2
4
6
8
103
0
2
4
6
8
109
0
2
4
6
8
115
0
2
4
6
8
121
0
2
4
6
8
127
0
2
4
6
8
133
0
2
4
6
8
139
0
2
4
6
8
145
0
2
4
6
8
151
0
2
4
6
8
157
0
2
4
6
8
163
0
2
4
6
8
169
0
2
4
6
8
175
0
2
4
6
8
181
0
2
4
6
8
187
0
2
4
6
8
193
0
2
4
6
8
199
0
2
4
6
8
205
0
2
4
6
8
211
0
2
4
6
8
217
0
2
4
6
8
223
0
2
4
6
8
229
0
2
4
6
8
235
0
2
4
6
8
241
0
2
4
6
8
247
0
2
4
6
8
253
0
2
4
6
8
259
0
2
4
6
8
265
0
2
4
6
8
271
0
2
4
6
8
277
0
2
4
6
8
283
0
2
4
6
8
289
0
2
4
6
8
295
0
2
4
6
8
301
0
2
4
6
8
307
0
2
4
6
8
313
0
2
4
6
8
319
0
2
4
6
8
325
0
2
4
6
8
331
0
2
4
6
8
337
0
2
4
6
8
343
0
2
4
6
8
349
0
2
4
6
8
355
0
2
4
6
8
361
0
2
4
6
8
367
0
2
4
6
8
373
0
2
4
6
8
379
0
2
4
6
8
385
0
2
4
6
8
391
0
2
4
6
8
397
0
2
4
6
8
403
0
2
4
6
8
409
0
2
4
6
8
415
0
2
4
6
8
421
0
2
4
6
8
427
0
2
4
6
8
433
0
2
4
6
8
439
0
2
4
6
8
445
0
2
4
6
8
451
0
2
4
6
8
457
0
2
4
6
8
463
0
2
4
6
8
469
0
2
4
6
8
475
0
2
4
6
8
481
0
2
4
6
8
487
0
2
4
6
8
493
0
2
4
6
8
499
0
2
4
6
8
505
0
2
4
6
8
511
0
2
4
6
8
517
0
2
4
6
8
523
0
2
4
6
8
529
0
2
4
6
8
535
0
2
4
6
8
541
0
2
4
6
8
547
0
2
4
6
8
553
0
2
4
6
8
559
0
2
4
6
8
565
0
2
4
6
8
571
0
2
4
6
8
577
0
2
4
6
8
583
0
2
4
6
8
589
0
2
4
6
8
595
0
2
4
6
8
601
0
2
4
6
8
607
0
2
4
6
8
613
0
2
4
6
8
619
0
2
4
6
8
625
0
2
4
6
8
631
0
2
4
6
8
637
0
2
4
6
8
643
0
2
4
6
8
649
0
2
4
6
8
655
0
2
4
6
8
661
0
2
4
6
8
667
0
2
4
6
8
673
0
2
4
6
8
679
0
2
4
6
8
685
0
2
4
6
8
691
0
2
4
6
8
697
0
2
4
6
8
703
0
2
4
6
8
709
0
2
4
6
8
715
0
2
4
6
8
721
0
2
4
6
8
727
0
2
4
6
8
733
0
2
4
6
8
739
0
2
4
6
8
745
0
2
4
6
8
751
0
2
4
6
8
757
0
2
4
6
8
763
0
2
4
6
8
769
0
2
4
6
8
775
0
2
4
6
8
781
0
2
4
6
8
787
0
2
4
6
8
793
0
2
4
6
8
799
0
2
4
6
8
805
0
2
4
6
8
811
0
2
4
6
8
817
0
2
4
6
8
823
0
2
4
6
8
829
0
2
4
6
8
835
0
2
4
6
8
841
0
2
4
6
8
847
0
2
4
6
8
853
0
2
4
6
8
859
0
2
4
6
8
865
0
2
4
6
8
871
0
2
4
6
8
877
0
2
4
6
8
883
0
2
4
6
8
889
0
2
4
6
8
895
0
2
4
6
8
901
0
2
4
6
8
907
0
2
4
6
8
913
0
2
4
6
8
919
0
2
4
6
8
925
0
2
4
6
8
931
0
2
4
6
8
937
0
2
4
6
8
943
0
2
4
6
8
949
0
2
4
6
8
955
0
2
4
6
8
961
0
2
4
6
8
967
0
2
4
6
8
973
0
2
4
6
8
979
0
2
4
6
8
985
0
2
4
6
8
991
0
2
4
6
8
997
0
2
299 ms. Memory: 303104K Free: 133840K (44%)
----------------- Invoking toplevel() on ptolemy.moml.MoMLSimpleApplication@2debe14b
----------------- Done invoking toplevel() on ptolemy.moml.MoMLSimpleApplication@2debe14b
reloadAllAccessors: .modalChangingParams

===========================================================================================
----------------- testing Tue Oct 01 05:51:33 UTC 2019 /home/travis/build/icyphy/ptII/ptolemy/domains/modal/test/auto/modalModel.xml
----------------- Instantiating /home/travis/build/icyphy/ptII/ptolemy/domains/modal/test/auto/modalModel.xml
16 ms. Memory: 303104K Free: 125138K (41%)
----------------- Invoking toplevel() on ptolemy.moml.MoMLSimpleApplication@14c0e9ae
----------------- Done invoking toplevel() on ptolemy.moml.MoMLSimpleApplication@14c0e9ae
reloadAllAccessors: .modalModel

===========================================================================================
----------------- testing Tue Oct 01 05:51:33 UTC 2019 /home/travis/build/icyphy/ptII/ptolemy/domains/modal/test/auto/modalModel2.xml
----------------- Instantiating /home/travis/build/icyphy/ptII/ptolemy/domains/modal/test/auto/modalModel2.xml
8 ms. Memory: 303104K Free: 114370K (38%)
----------------- Invoking toplevel() on ptolemy.moml.MoMLSimpleApplication@5273a8c8
----------------- Done invoking toplevel() on ptolemy.moml.MoMLSimpleApplication@5273a8c8
reloadAllAccessors: .modalModel2

===========================================================================================
----------------- testing Tue Oct 01 05:51:33 UTC 2019 /home/travis/build/icyphy/ptII/ptolemy/domains/modal/test/auto/modalModel3.xml
----------------- Instantiating /home/travis/build/icyphy/ptII/ptolemy/domains/modal/test/auto/modalModel3.xml
0	0	0
3	2	1
6	4	2
9	6	3
4	0	4
7	2	5
10	4	6
13	6	7
8	0	8
11	2	9
14	4	10
17	6	11
12	0	12
15	2	13
18	4	14
17 ms. Memory: 364544K Free: 338117K (93%)
----------------- Invoking toplevel() on ptolemy.moml.MoMLSimpleApplication@e9b91aa
----------------- Done invoking toplevel() on ptolemy.moml.MoMLSimpleApplication@e9b91aa
reloadAllAccessors: .modalModel3

===========================================================================================
----------------- testing Tue Oct 01 05:51:33 UTC 2019 /home/travis/build/icyphy/ptII/ptolemy/domains/modal/test/auto/model1.xml
----------------- Instantiating /home/travis/build/icyphy/ptII/ptolemy/domains/modal/test/auto/model1.xml
16 ms. Memory: 364544K Free: 332469K (91%)
----------------- Invoking toplevel() on ptolemy.moml.MoMLSimpleApplication@2479311f
----------------- Done invoking toplevel() on ptolemy.moml.MoMLSimpleApplication@2479311f
reloadAllAccessors: .model1

===========================================================================================
----------------- testing Tue Oct 01 05:51:33 UTC 2019 /home/travis/build/icyphy/ptII/ptolemy/domains/modal/test/auto/test-direct-in-out.xml
----------------- Instantiating /home/travis/build/icyphy/ptII/ptolemy/domains/modal/test/auto/test-direct-in-out.xml
7 ms. Memory: 364544K Free: 324805K (89%)
----------------- Invoking toplevel() on ptolemy.moml.MoMLSimpleApplication@2902b3d
----------------- Done invoking toplevel() on ptolemy.moml.MoMLSimpleApplication@2902b3d
reloadAllAccessors: .test-direct-in-out
AutoTests.java: About to close Vertx.
AutoTests.java: Vertx closed.
]]></system-out>
  <system-err><![CDATA[java.lang.RuntimeException: Execution failed
	at ptolemy.moml.MoMLSimpleApplication$UnloadThread.run(MoMLSimpleApplication.java:402)
Caused by: ptolemy.kernel.util.IllegalActionException: Unknown inputs remain. Possible causality loop:
L_model_1893289564i

  in .CannotAnalysisWithPreemption.model_1893289564_region_1 and .CannotAnalysisWithPreemption.model_1893289564_region_1.L_model_1893289564i
	at ptolemy.actor.sched.FixedPointDirector.postfire(FixedPointDirector.java:515)
	at ptolemy.domains.sr.kernel.SRDirector.postfire(SRDirector.java:417)
	at ptolemy.actor.CompositeActor.postfire(CompositeActor.java:1668)
	at ptolemy.actor.Manager.iterate(Manager.java:852)
	at ptolemy.actor.Manager.execute(Manager.java:369)
	at ptolemy.actor.Manager.run(Manager.java:1263)
	at ptolemy.actor.Manager$PtolemyRunThread.run(Manager.java:1933)
java.lang.reflect.InvocationTargetException
	at java.base/jdk.internal.reflect.NativeConstructorAccessorImpl.newInstance0(Native Method)
	at java.base/jdk.internal.reflect.NativeConstructorAccessorImpl.newInstance(NativeConstructorAccessorImpl.java:62)
	at java.base/jdk.internal.reflect.DelegatingConstructorAccessorImpl.newInstance(DelegatingConstructorAccessorImpl.java:45)
	at java.base/java.lang.reflect.Constructor.newInstance(Constructor.java:490)
	at ptolemy.util.test.junit.AutoKnownFailedTests.RunModel(AutoKnownFailedTests.java:105)
	at java.base/jdk.internal.reflect.NativeMethodAccessorImpl.invoke0(Native Method)
	at java.base/jdk.internal.reflect.NativeMethodAccessorImpl.invoke(NativeMethodAccessorImpl.java:62)
	at java.base/jdk.internal.reflect.DelegatingMethodAccessorImpl.invoke(DelegatingMethodAccessorImpl.java:43)
	at java.base/java.lang.reflect.Method.invoke(Method.java:566)
	at org.junit.runners.model.FrameworkMethod$1.runReflectiveCall(FrameworkMethod.java:44)
	at org.junit.internal.runners.model.ReflectiveCallable.run(ReflectiveCallable.java:15)
	at org.junit.runners.model.FrameworkMethod.invokeExplosively(FrameworkMethod.java:41)
	at junitparams.internal.InvokeParameterisedMethod.evaluate(InvokeParameterisedMethod.java:102)
	at org.junit.internal.runners.statements.FailOnTimeout$1.run(FailOnTimeout.java:28)
Caused by: ptolemy.kernel.util.IllegalActionException: Unknown inputs remain. Possible causality loop:
L_model_1893289564i

  in .CannotAnalysisWithPreemption.model_1893289564_region_1 and .CannotAnalysisWithPreemption.model_1893289564_region_1.L_model_1893289564i
	at ptolemy.actor.sched.FixedPointDirector.postfire(FixedPointDirector.java:515)
	at ptolemy.domains.sr.kernel.SRDirector.postfire(SRDirector.java:417)
	at ptolemy.actor.CompositeActor.postfire(CompositeActor.java:1668)
	at ptolemy.actor.Manager.iterate(Manager.java:852)
	at ptolemy.actor.Manager.execute(Manager.java:369)
	at ptolemy.actor.Manager.run(Manager.java:1263)
	at ptolemy.actor.Manager$PtolemyRunThread.run(Manager.java:1933)
]]></system-err>
</testsuite>
