<?xml version="1.0" encoding="UTF-8" ?>
<testsuite errors="0" failures="0" hostname="travis-job-9218cad1-c7ac-432f-9bd7-1037d14b402d" name="ptolemy.domains.sdf.test.junit.JUnitTclTest" skipped="0" tests="66" time="20.49" timestamp="2020-05-18T14:55:41">
  <properties>
[...]
</properties>
  <testcase classname="ptolemy.util.test.junit.TclTests" name="[0] /home/travis/build/icyphy/ptII/ptolemy/domains/sdf/test/SDFSchedulerErrors.tcl (RunTclFile)" time="0.973" />
  <testcase classname="ptolemy.util.test.junit.TclTests" name="[1] /home/travis/build/icyphy/ptII/ptolemy/domains/sdf/test/composition.tcl (RunTclFile)" time="0.158" />
  <testcase classname="ptolemy.util.test.junit.TclTests" name="[2] /home/travis/build/icyphy/ptII/ptolemy/domains/sdf/test/cycle.tcl (RunTclFile)" time="0.04" />
  <testcase classname="ptolemy.util.test.junit.AutoKnownFailedTests" name="[0] ThereAreNoKnowFailedTests (RunModel)" time="0.003" />
  <testcase classname="ptolemy.util.test.junit.AutoNameArchTests" name="[0] ThereAreNoAutoArchTests (RunModel)" time="0.003" />
  <testcase classname="ptolemy.util.test.junit.AutoTests" name="[0] /home/travis/build/icyphy/ptII/ptolemy/domains/sdf/test/auto/Array.xml (RunModel)" time="0.303" />
  <testcase classname="ptolemy.util.test.junit.AutoTests" name="[1] /home/travis/build/icyphy/ptII/ptolemy/domains/sdf/test/auto/Butterfly.xml (RunModel)" time="0.112" />
  <testcase classname="ptolemy.util.test.junit.AutoTests" name="[2] /home/travis/build/icyphy/ptII/ptolemy/domains/sdf/test/auto/Expression.xml (RunModel)" time="0.117" />
  <testcase classname="ptolemy.util.test.junit.AutoTests" name="[3] /home/travis/build/icyphy/ptII/ptolemy/domains/sdf/test/auto/Eye.xml (RunModel)" time="0.225" />
  <testcase classname="ptolemy.util.test.junit.AutoTests" name="[4] /home/travis/build/icyphy/ptII/ptolemy/domains/sdf/test/auto/FixFIR.xml (RunModel)" time="0.389" />
  <testcase classname="ptolemy.util.test.junit.AutoTests" name="[5] /home/travis/build/icyphy/ptII/ptolemy/domains/sdf/test/auto/FixPoint.xml (RunModel)" time="0.03" />
  <testcase classname="ptolemy.util.test.junit.AutoTests" name="[6] /home/travis/build/icyphy/ptII/ptolemy/domains/sdf/test/auto/Gravitation.xml (RunModel)" time="3.328" />
  <testcase classname="ptolemy.util.test.junit.AutoTests" name="[7] /home/travis/build/icyphy/ptII/ptolemy/domains/sdf/test/auto/GravitationWithCollisionDetection.xml (RunModel)" time="6.312" />
  <testcase classname="ptolemy.util.test.junit.AutoTests" name="[8] /home/travis/build/icyphy/ptII/ptolemy/domains/sdf/test/auto/HDF.xml (RunModel)" time="0.131" />
  <testcase classname="ptolemy.util.test.junit.AutoTests" name="[9] /home/travis/build/icyphy/ptII/ptolemy/domains/sdf/test/auto/HDFwithTransientStates.xml (RunModel)" time="0.093" />
  <testcase classname="ptolemy.util.test.junit.AutoTests" name="[10] /home/travis/build/icyphy/ptII/ptolemy/domains/sdf/test/auto/HTVQ.xml (RunModel)" time="1.002" />
  <testcase classname="ptolemy.util.test.junit.AutoTests" name="[11] /home/travis/build/icyphy/ptII/ptolemy/domains/sdf/test/auto/InferInitProduction.xml (RunModel)" time="0.038" />
  <testcase classname="ptolemy.util.test.junit.AutoTests" name="[12] /home/travis/build/icyphy/ptII/ptolemy/domains/sdf/test/auto/InferInitProductionDeeper.xml (RunModel)" time="0.028" />
  <testcase classname="ptolemy.util.test.junit.AutoTests" name="[13] /home/travis/build/icyphy/ptII/ptolemy/domains/sdf/test/auto/LMSAdaptive.xml (RunModel)" time="0.076" />
  <testcase classname="ptolemy.util.test.junit.AutoTests" name="[14] /home/travis/build/icyphy/ptII/ptolemy/domains/sdf/test/auto/LogisticMap.xml (RunModel)" time="0.492" />
  <testcase classname="ptolemy.util.test.junit.AutoTests" name="[15] /home/travis/build/icyphy/ptII/ptolemy/domains/sdf/test/auto/MaximumEntropySpectrum.xml (RunModel)" time="0.24" />
  <testcase classname="ptolemy.util.test.junit.AutoTests" name="[16] /home/travis/build/icyphy/ptII/ptolemy/domains/sdf/test/auto/MultirateSDF.xml (RunModel)" time="0.058" />
  <testcase classname="ptolemy.util.test.junit.AutoTests" name="[17] /home/travis/build/icyphy/ptII/ptolemy/domains/sdf/test/auto/MultirateSDFwithTransientStates.xml (RunModel)" time="0.077" />
  <testcase classname="ptolemy.util.test.junit.AutoTests" name="[18] /home/travis/build/icyphy/ptII/ptolemy/domains/sdf/test/auto/NoisySinewave.xml (RunModel)" time="0.073" />
  <testcase classname="ptolemy.util.test.junit.AutoTests" name="[19] /home/travis/build/icyphy/ptII/ptolemy/domains/sdf/test/auto/Objects.xml (RunModel)" time="0.033" />
  <testcase classname="ptolemy.util.test.junit.AutoTests" name="[20] /home/travis/build/icyphy/ptII/ptolemy/domains/sdf/test/auto/OrthogonalCom.xml (RunModel)" time="0.034" />
  <testcase classname="ptolemy.util.test.junit.AutoTests" name="[21] /home/travis/build/icyphy/ptII/ptolemy/domains/sdf/test/auto/RijndaelEncryption.xml (RunModel)" time="0.563" />
  <testcase classname="ptolemy.util.test.junit.AutoTests" name="[22] /home/travis/build/icyphy/ptII/ptolemy/domains/sdf/test/auto/SDFEmptyIterations.xml (RunModel)" time="0.019" />
  <testcase classname="ptolemy.util.test.junit.AutoTests" name="[23] /home/travis/build/icyphy/ptII/ptolemy/domains/sdf/test/auto/Spectrum.xml (RunModel)" time="0.112" />
  <testcase classname="ptolemy.util.test.junit.AutoTests" name="[24] /home/travis/build/icyphy/ptII/ptolemy/domains/sdf/test/auto/de_inside_sdf.xml (RunModel)" time="0.027" />
  <testcase classname="ptolemy.util.test.junit.AutoTests" name="[25] /home/travis/build/icyphy/ptII/ptolemy/domains/sdf/test/auto/disconnectedHierarchicalSDF.xml (RunModel)" time="0.032" />
  <testcase classname="ptolemy.util.test.junit.AutoTests" name="[26] /home/travis/build/icyphy/ptII/ptolemy/domains/sdf/test/auto/disconnectedSDF.xml (RunModel)" time="0.022" />
  <testcase classname="ptolemy.util.test.junit.AutoTests" name="[27] /home/travis/build/icyphy/ptII/ptolemy/domains/sdf/test/auto/emptyRefinement.xml (RunModel)" time="0.021" />
  <testcase classname="ptolemy.util.test.junit.AutoTests" name="[28] /home/travis/build/icyphy/ptII/ptolemy/domains/sdf/test/auto/filePortParameter.xml (RunModel)" time="0.054" />
  <testcase classname="ptolemy.util.test.junit.AutoTests" name="[29] /home/travis/build/icyphy/ptII/ptolemy/domains/sdf/test/auto/inferRelationWidth1.xml (RunModel)" time="0.031" />
  <testcase classname="ptolemy.util.test.junit.AutoTests" name="[30] /home/travis/build/icyphy/ptII/ptolemy/domains/sdf/test/auto/initProductionInference.xml (RunModel)" time="0.032" />
  <testcase classname="ptolemy.util.test.junit.AutoTests" name="[31] /home/travis/build/icyphy/ptII/ptolemy/domains/sdf/test/auto/relationGroup.xml (RunModel)" time="0.026" />
  <testcase classname="ptolemy.util.test.junit.AutoTests" name="[32] /home/travis/build/icyphy/ptII/ptolemy/domains/sdf/test/auto/relationGroup10.xml (RunModel)" time="0.013" />
  <testcase classname="ptolemy.util.test.junit.AutoTests" name="[33] /home/travis/build/icyphy/ptII/ptolemy/domains/sdf/test/auto/relationGroup11.xml (RunModel)" time="0.014" />
  <testcase classname="ptolemy.util.test.junit.AutoTests" name="[34] /home/travis/build/icyphy/ptII/ptolemy/domains/sdf/test/auto/relationGroup12.xml (RunModel)" time="0.013" />
  <testcase classname="ptolemy.util.test.junit.AutoTests" name="[35] /home/travis/build/icyphy/ptII/ptolemy/domains/sdf/test/auto/relationGroup13.xml (RunModel)" time="0.021" />
  <testcase classname="ptolemy.util.test.junit.AutoTests" name="[36] /home/travis/build/icyphy/ptII/ptolemy/domains/sdf/test/auto/relationGroup14.xml (RunModel)" time="0.022" />
  <testcase classname="ptolemy.util.test.junit.AutoTests" name="[37] /home/travis/build/icyphy/ptII/ptolemy/domains/sdf/test/auto/relationGroup15.xml (RunModel)" time="0.013" />
  <testcase classname="ptolemy.util.test.junit.AutoTests" name="[38] /home/travis/build/icyphy/ptII/ptolemy/domains/sdf/test/auto/relationGroup2.xml (RunModel)" time="0.018" />
  <testcase classname="ptolemy.util.test.junit.AutoTests" name="[39] /home/travis/build/icyphy/ptII/ptolemy/domains/sdf/test/auto/relationGroup3.xml (RunModel)" time="0.01" />
  <testcase classname="ptolemy.util.test.junit.AutoTests" name="[40] /home/travis/build/icyphy/ptII/ptolemy/domains/sdf/test/auto/relationGroup4.xml (RunModel)" time="0.017" />
  <testcase classname="ptolemy.util.test.junit.AutoTests" name="[41] /home/travis/build/icyphy/ptII/ptolemy/domains/sdf/test/auto/relationGroup5.xml (RunModel)" time="0.015" />
  <testcase classname="ptolemy.util.test.junit.AutoTests" name="[42] /home/travis/build/icyphy/ptII/ptolemy/domains/sdf/test/auto/relationGroup6.xml (RunModel)" time="0.013" />
  <testcase classname="ptolemy.util.test.junit.AutoTests" name="[43] /home/travis/build/icyphy/ptII/ptolemy/domains/sdf/test/auto/relationGroup7.xml (RunModel)" time="0.009" />
  <testcase classname="ptolemy.util.test.junit.AutoTests" name="[44] /home/travis/build/icyphy/ptII/ptolemy/domains/sdf/test/auto/relationGroup8.xml (RunModel)" time="0.015" />
  <testcase classname="ptolemy.util.test.junit.AutoTests" name="[45] /home/travis/build/icyphy/ptII/ptolemy/domains/sdf/test/auto/relationGroup9.xml (RunModel)" time="0.019" />
  <testcase classname="ptolemy.util.test.junit.AutoTests" name="[46] /home/travis/build/icyphy/ptII/ptolemy/domains/sdf/test/auto/sdf_inside_de.xml (RunModel)" time="0.036" />
  <testcase classname="ptolemy.util.test.junit.AutoTests" name="[47] /home/travis/build/icyphy/ptII/ptolemy/domains/sdf/test/auto/sdf_inside_pn.xml (RunModel)" time="0.064" />
  <testcase classname="ptolemy.util.test.junit.AutoTests" name="[48] /home/travis/build/icyphy/ptII/ptolemy/domains/sdf/test/auto/sdf_sdf1.xml (RunModel)" time="0.018" />
  <testcase classname="ptolemy.util.test.junit.AutoTests" name="[49] /home/travis/build/icyphy/ptII/ptolemy/domains/sdf/test/auto/test1.xml (RunModel)" time="0.015" />
  <testcase classname="ptolemy.util.test.junit.AutoTests" name="[50] /home/travis/build/icyphy/ptII/ptolemy/domains/sdf/test/auto/time1.xml (RunModel)" time="0.011" />
  <testcase classname="ptolemy.util.test.junit.AutoTests" name="[51] /home/travis/build/icyphy/ptII/ptolemy/domains/sdf/test/auto/time2.xml (RunModel)" time="0.01" />
  <testcase classname="ptolemy.util.test.junit.AutoTests" name="[52] /home/travis/build/icyphy/ptII/ptolemy/domains/sdf/test/auto/time3.xml (RunModel)" time="0.023" />
  <testcase classname="ptolemy.util.test.junit.AutoTests" name="[53] /home/travis/build/icyphy/ptII/ptolemy/domains/sdf/test/auto/time4.xml (RunModel)" time="0.018" />
  <testcase classname="ptolemy.util.test.junit.AutoTests" name="[54] /home/travis/build/icyphy/ptII/ptolemy/domains/sdf/test/auto/time5.xml (RunModel)" time="4.009" />
  <testcase classname="ptolemy.util.test.junit.AutoTests" name="[55] /home/travis/build/icyphy/ptII/ptolemy/domains/sdf/test/auto/typeSystem_Const_Integer_smallest_Type.xml (RunModel)" time="0.029" />
  <testcase classname="ptolemy.util.test.junit.AutoTests" name="[56] /home/travis/build/icyphy/ptII/ptolemy/domains/sdf/test/auto/typeSystem_declared_Inports_OutportTypeException.xml (RunModel)" time="0.024" />
  <testcase classname="ptolemy.util.test.junit.AutoTests" name="[57] /home/travis/build/icyphy/ptII/ptolemy/domains/sdf/test/auto/typeSystem_oneDeclaredInportType_wrongTypeOutport.xml (RunModel)" time="0.019" />
  <testcase classname="ptolemy.util.test.junit.AutoTests" name="[58] /home/travis/build/icyphy/ptII/ptolemy/domains/sdf/test/auto/width.xml (RunModel)" time="0.013" />
  <testcase classname="ptolemy.util.test.junit.AutoTests" name="[59] /home/travis/build/icyphy/ptII/ptolemy/domains/sdf/test/auto/width2.xml (RunModel)" time="0.034" />
  <testcase classname="ptolemy.util.test.junit.AutoTests" name="[60] /home/travis/build/icyphy/ptII/ptolemy/domains/sdf/test/auto/width3.xml (RunModel)" time="0.037" />
  <system-out><![CDATA[/home/travis/build/icyphy/ptII/ptolemy/domains/sdf/test/SDFSchedulerErrors.tcl
testDefs.tcl: setting time out to 9000 seconds at Mon May 18 14:55:41 UTC 2020
88 ms. Memory: 129024K Free: 89031K (69%)
22 ms. Memory: 129024K Free: 81334K (63%)
6 ms. Memory: 129024K Free: 75198K (58%)
6 ms. Memory: 129024K Free: 72133K (56%)
/home/travis/build/icyphy/ptII/ptolemy/domains/sdf/test/composition.tcl
28 ms. Memory: 129024K Free: 68006K (53%)
7 ms. Memory: 129024K Free: 65958K (51%)
/home/travis/build/icyphy/ptII/ptolemy/domains/sdf/test/cycle.tcl
.Toplevel.Director Preinitializing ...
Invoking preinitialize():  .Toplevel.Actor1
Invoking preinitialize():  .Toplevel.Actor2
Invoking preinitialize():  .Toplevel.Delay
.Toplevel.Director Finished preinitialize().
### Schedule:
Execute Schedule{
Fire Actor ptolemy.domains.sdf.kernel.test.SDFTestDelay {.Toplevel.Actor1}
Fire Actor ptolemy.domains.sdf.kernel.test.SDFTestDelay {.Toplevel.Actor2}
Fire Actor ptolemy.domains.sdf.lib.SampleDelay {.Toplevel.Delay}
}
### End schedule
Called initialize().
Invoking initialize():  .Toplevel.Actor1
Initializing actor: .Toplevel.Actor1.
Invoking initialize():  .Toplevel.Actor2
Initializing actor: .Toplevel.Actor2.
Invoking initialize():  .Toplevel.Delay
Initializing actor: .Toplevel.Delay.
Director: Called prefire().
-- Setting current time to 0.0
Director prefire returns true.
The actor .Toplevel.Actor1 will be iterated.
The actor .Toplevel.Actor1 was iterated.
The actor .Toplevel.Actor2 will be iterated.
The actor .Toplevel.Actor2 was iterated.
The actor .Toplevel.Delay will be iterated.
The actor .Toplevel.Delay was iterated.
Director: Called postfire().
Postfire returns: true
Director: Called prefire().
-- Setting current time to 0.0
Director prefire returns true.
The actor .Toplevel.Actor1 will be iterated.
The actor .Toplevel.Actor1 was iterated.
The actor .Toplevel.Actor2 will be iterated.
The actor .Toplevel.Actor2 was iterated.
The actor .Toplevel.Delay will be iterated.
The actor .Toplevel.Delay was iterated.
Director: Called postfire().
Postfire returns: true
Director: Called prefire().
-- Setting current time to 0.0
Director prefire returns true.
The actor .Toplevel.Actor1 will be iterated.
The actor .Toplevel.Actor1 was iterated.
The actor .Toplevel.Actor2 will be iterated.
The actor .Toplevel.Actor2 was iterated.
The actor .Toplevel.Delay will be iterated.
The actor .Toplevel.Delay was iterated.
Director: Called postfire().
Postfire returns: true
Director: Called prefire().
-- Setting current time to 0.0
Director prefire returns true.
The actor .Toplevel.Actor1 will be iterated.
The actor .Toplevel.Actor1 was iterated.
The actor .Toplevel.Actor2 will be iterated.
The actor .Toplevel.Actor2 was iterated.
The actor .Toplevel.Delay will be iterated.
The actor .Toplevel.Delay was iterated.
Director: Called postfire().
Postfire returns: true
Director: Called prefire().
-- Setting current time to 0.0
Director prefire returns true.
The actor .Toplevel.Actor1 will be iterated.
The actor .Toplevel.Actor1 was iterated.
The actor .Toplevel.Actor2 will be iterated.
The actor .Toplevel.Actor2 was iterated.
The actor .Toplevel.Delay will be iterated.
The actor .Toplevel.Delay was iterated.
Director: Called postfire().
Postfire returns: true
Director: Called prefire().
-- Setting current time to 0.0
Director prefire returns true.
The actor .Toplevel.Actor1 will be iterated.
The actor .Toplevel.Actor1 was iterated.
The actor .Toplevel.Actor2 will be iterated.
The actor .Toplevel.Actor2 was iterated.
The actor .Toplevel.Delay will be iterated.
The actor .Toplevel.Delay was iterated.
Reached specified number of iterations: 6
Director: Called wrapup().
18 ms. Memory: 129024K Free: 63431K (49%)
05/18/20 02:55:42
Failed: 0  Total Tests: 8  ((Passed: 8, Newly Passed: 0)  Known Failed: 0) /home/travis/build/icyphy/ptII/ptolemy/domains/sdf/test
No auto/knownFailedTests/*.xml tests in /home/travis/build/icyphy/ptII/ptolemy/domains/sdf/test
No auto/linux-amd64/*.xml tests in /home/travis/build/icyphy/ptII/ptolemy/domains/sdf/test
AutoTests.java: About to close Vertx.
AutoTests.java: Vertx closed.

===========================================================================================
----------------- testing Mon May 18 14:55:42 UTC 2020 /home/travis/build/icyphy/ptII/ptolemy/domains/sdf/test/auto/Array.xml
----------------- Instantiating /home/travis/build/icyphy/ptII/ptolemy/domains/sdf/test/auto/Array.xml
45 ms. Memory: 129024K Free: 111595K (86%)
----------------- Invoking toplevel() on ptolemy.moml.MoMLSimpleApplication@2269d620
----------------- Done invoking toplevel() on ptolemy.moml.MoMLSimpleApplication@2269d620
reloadAllAccessors: .Array

===========================================================================================
----------------- testing Mon May 18 14:55:42 UTC 2020 /home/travis/build/icyphy/ptII/ptolemy/domains/sdf/test/auto/Butterfly.xml
----------------- Instantiating /home/travis/build/icyphy/ptII/ptolemy/domains/sdf/test/auto/Butterfly.xml
75 ms. Memory: 129024K Free: 105451K (82%)
----------------- Invoking toplevel() on ptolemy.moml.MoMLSimpleApplication@6e3bf964
----------------- Done invoking toplevel() on ptolemy.moml.MoMLSimpleApplication@6e3bf964
reloadAllAccessors: .Butterfly

===========================================================================================
----------------- testing Mon May 18 14:55:43 UTC 2020 /home/travis/build/icyphy/ptII/ptolemy/domains/sdf/test/auto/Expression.xml
----------------- Instantiating /home/travis/build/icyphy/ptII/ptolemy/domains/sdf/test/auto/Expression.xml
45 ms. Memory: 129024K Free: 100629K (78%)
----------------- Invoking toplevel() on ptolemy.moml.MoMLSimpleApplication@2374f4f8
----------------- Done invoking toplevel() on ptolemy.moml.MoMLSimpleApplication@2374f4f8
reloadAllAccessors: .Expression

===========================================================================================
----------------- testing Mon May 18 14:55:43 UTC 2020 /home/travis/build/icyphy/ptII/ptolemy/domains/sdf/test/auto/Eye.xml
----------------- Instantiating /home/travis/build/icyphy/ptII/ptolemy/domains/sdf/test/auto/Eye.xml
162 ms. Memory: 129024K Free: 75755K (59%)
----------------- Invoking toplevel() on ptolemy.moml.MoMLSimpleApplication@1b964a37
----------------- Done invoking toplevel() on ptolemy.moml.MoMLSimpleApplication@1b964a37
reloadAllAccessors: .Eye

===========================================================================================
----------------- testing Mon May 18 14:55:43 UTC 2020 /home/travis/build/icyphy/ptII/ptolemy/domains/sdf/test/auto/FixFIR.xml
----------------- Instantiating /home/travis/build/icyphy/ptII/ptolemy/domains/sdf/test/auto/FixFIR.xml
144 ms. Memory: 129024K Free: 97311K (75%)
----------------- Invoking toplevel() on ptolemy.moml.MoMLSimpleApplication@36b5b7ca
----------------- Done invoking toplevel() on ptolemy.moml.MoMLSimpleApplication@36b5b7ca
reloadAllAccessors: .FixFIR

===========================================================================================
----------------- testing Mon May 18 14:55:43 UTC 2020 /home/travis/build/icyphy/ptII/ptolemy/domains/sdf/test/auto/FixPoint.xml
----------------- Instantiating /home/travis/build/icyphy/ptII/ptolemy/domains/sdf/test/auto/FixPoint.xml
7 ms. Memory: 129024K Free: 92742K (72%)
----------------- Invoking toplevel() on ptolemy.moml.MoMLSimpleApplication@2950e433
----------------- Done invoking toplevel() on ptolemy.moml.MoMLSimpleApplication@2950e433
reloadAllAccessors: .FixPoint

===========================================================================================
----------------- testing Mon May 18 14:55:43 UTC 2020 /home/travis/build/icyphy/ptII/ptolemy/domains/sdf/test/auto/Gravitation.xml
----------------- Instantiating /home/travis/build/icyphy/ptII/ptolemy/domains/sdf/test/auto/Gravitation.xml
3209 ms. Memory: 155648K Free: 77742K (50%)
----------------- Invoking toplevel() on ptolemy.moml.MoMLSimpleApplication@7ac5786a
----------------- Done invoking toplevel() on ptolemy.moml.MoMLSimpleApplication@7ac5786a
reloadAllAccessors: .Gravitation

===========================================================================================
----------------- testing Mon May 18 14:55:47 UTC 2020 /home/travis/build/icyphy/ptII/ptolemy/domains/sdf/test/auto/GravitationWithCollisionDetection.xml
----------------- Instantiating /home/travis/build/icyphy/ptII/ptolemy/domains/sdf/test/auto/GravitationWithCollisionDetection.xml
6174 ms. Memory: 270336K Free: 114511K (42%)
----------------- Invoking toplevel() on ptolemy.moml.MoMLSimpleApplication@4390331b
----------------- Done invoking toplevel() on ptolemy.moml.MoMLSimpleApplication@4390331b
reloadAllAccessors: .GravitationWithCollisionDetection

===========================================================================================
----------------- testing Mon May 18 14:55:53 UTC 2020 /home/travis/build/icyphy/ptII/ptolemy/domains/sdf/test/auto/HDF.xml
----------------- Instantiating /home/travis/build/icyphy/ptII/ptolemy/domains/sdf/test/auto/HDF.xml
44 ms. Memory: 270336K Free: 98655K (36%)
----------------- Invoking toplevel() on ptolemy.moml.MoMLSimpleApplication@44580570
----------------- Done invoking toplevel() on ptolemy.moml.MoMLSimpleApplication@44580570
reloadAllAccessors: .HDF

===========================================================================================
----------------- testing Mon May 18 14:55:53 UTC 2020 /home/travis/build/icyphy/ptII/ptolemy/domains/sdf/test/auto/HDFwithTransientStates.xml
----------------- Instantiating /home/travis/build/icyphy/ptII/ptolemy/domains/sdf/test/auto/HDFwithTransientStates.xml
18 ms. Memory: 270336K Free: 237247K (88%)
----------------- Invoking toplevel() on ptolemy.moml.MoMLSimpleApplication@2e28b7d9
----------------- Done invoking toplevel() on ptolemy.moml.MoMLSimpleApplication@2e28b7d9
reloadAllAccessors: .HDFwithTransientStates

===========================================================================================
----------------- testing Mon May 18 14:55:53 UTC 2020 /home/travis/build/icyphy/ptII/ptolemy/domains/sdf/test/auto/HTVQ.xml
----------------- Instantiating /home/travis/build/icyphy/ptII/ptolemy/domains/sdf/test/auto/HTVQ.xml
963 ms. Memory: 324608K Free: 282546K (87%)
----------------- Invoking toplevel() on ptolemy.moml.MoMLSimpleApplication@3686ea4c
----------------- Done invoking toplevel() on ptolemy.moml.MoMLSimpleApplication@3686ea4c
reloadAllAccessors: .HTVQ

===========================================================================================
----------------- testing Mon May 18 14:55:54 UTC 2020 /home/travis/build/icyphy/ptII/ptolemy/domains/sdf/test/auto/InferInitProduction.xml
----------------- Instantiating /home/travis/build/icyphy/ptII/ptolemy/domains/sdf/test/auto/InferInitProduction.xml
8 ms. Memory: 324608K Free: 276997K (85%)
----------------- Invoking toplevel() on ptolemy.moml.MoMLSimpleApplication@3eda7b3b
----------------- Done invoking toplevel() on ptolemy.moml.MoMLSimpleApplication@3eda7b3b
reloadAllAccessors: .InferInitProduction

===========================================================================================
----------------- testing Mon May 18 14:55:54 UTC 2020 /home/travis/build/icyphy/ptII/ptolemy/domains/sdf/test/auto/InferInitProductionDeeper.xml
----------------- Instantiating /home/travis/build/icyphy/ptII/ptolemy/domains/sdf/test/auto/InferInitProductionDeeper.xml
6 ms. Memory: 324608K Free: 271381K (84%)
----------------- Invoking toplevel() on ptolemy.moml.MoMLSimpleApplication@36de8a98
----------------- Done invoking toplevel() on ptolemy.moml.MoMLSimpleApplication@36de8a98
reloadAllAccessors: .InferInitProductionDeeper

===========================================================================================
----------------- testing Mon May 18 14:55:54 UTC 2020 /home/travis/build/icyphy/ptII/ptolemy/domains/sdf/test/auto/LMSAdaptive.xml
----------------- Instantiating /home/travis/build/icyphy/ptII/ptolemy/domains/sdf/test/auto/LMSAdaptive.xml
13 ms. Memory: 324608K Free: 262165K (81%)
----------------- Invoking toplevel() on ptolemy.moml.MoMLSimpleApplication@71bd42b
----------------- Done invoking toplevel() on ptolemy.moml.MoMLSimpleApplication@71bd42b
reloadAllAccessors: .LMSAdaptive

===========================================================================================
----------------- testing Mon May 18 14:55:54 UTC 2020 /home/travis/build/icyphy/ptII/ptolemy/domains/sdf/test/auto/LogisticMap.xml
----------------- Instantiating /home/travis/build/icyphy/ptII/ptolemy/domains/sdf/test/auto/LogisticMap.xml
449 ms. Memory: 324608K Free: 256021K (79%)
----------------- Invoking toplevel() on ptolemy.moml.MoMLSimpleApplication@bdba1cc
----------------- Done invoking toplevel() on ptolemy.moml.MoMLSimpleApplication@bdba1cc
reloadAllAccessors: .LogisticMap

===========================================================================================
----------------- testing Mon May 18 14:55:55 UTC 2020 /home/travis/build/icyphy/ptII/ptolemy/domains/sdf/test/auto/MaximumEntropySpectrum.xml
----------------- Instantiating /home/travis/build/icyphy/ptII/ptolemy/domains/sdf/test/auto/MaximumEntropySpectrum.xml
50 ms. Memory: 324608K Free: 194581K (60%)
----------------- Invoking toplevel() on ptolemy.moml.MoMLSimpleApplication@32c7e656
----------------- Done invoking toplevel() on ptolemy.moml.MoMLSimpleApplication@32c7e656
reloadAllAccessors: .MaximumEntropySpectrum

===========================================================================================
----------------- testing Mon May 18 14:55:55 UTC 2020 /home/travis/build/icyphy/ptII/ptolemy/domains/sdf/test/auto/MultirateSDF.xml
----------------- Instantiating /home/travis/build/icyphy/ptII/ptolemy/domains/sdf/test/auto/MultirateSDF.xml
20 ms. Memory: 324608K Free: 180245K (56%)
----------------- Invoking toplevel() on ptolemy.moml.MoMLSimpleApplication@7e84f816
----------------- Done invoking toplevel() on ptolemy.moml.MoMLSimpleApplication@7e84f816
reloadAllAccessors: .MultirateSDF

===========================================================================================
----------------- testing Mon May 18 14:55:55 UTC 2020 /home/travis/build/icyphy/ptII/ptolemy/domains/sdf/test/auto/MultirateSDFwithTransientStates.xml
----------------- Instantiating /home/travis/build/icyphy/ptII/ptolemy/domains/sdf/test/auto/MultirateSDFwithTransientStates.xml
19 ms. Memory: 324608K Free: 161813K (50%)
----------------- Invoking toplevel() on ptolemy.moml.MoMLSimpleApplication@58b861ac
----------------- Done invoking toplevel() on ptolemy.moml.MoMLSimpleApplication@58b861ac
reloadAllAccessors: .MultirateSDFwithTransientStates

===========================================================================================
----------------- testing Mon May 18 14:55:55 UTC 2020 /home/travis/build/icyphy/ptII/ptolemy/domains/sdf/test/auto/NoisySinewave.xml
----------------- Instantiating /home/travis/build/icyphy/ptII/ptolemy/domains/sdf/test/auto/NoisySinewave.xml
18 ms. Memory: 324608K Free: 145429K (45%)
----------------- Invoking toplevel() on ptolemy.moml.MoMLSimpleApplication@372968c2
----------------- Done invoking toplevel() on ptolemy.moml.MoMLSimpleApplication@372968c2
reloadAllAccessors: .NoisySinewave

===========================================================================================
----------------- testing Mon May 18 14:55:55 UTC 2020 /home/travis/build/icyphy/ptII/ptolemy/domains/sdf/test/auto/Objects.xml
----------------- Instantiating /home/travis/build/icyphy/ptII/ptolemy/domains/sdf/test/auto/Objects.xml
3 ms. Memory: 324608K Free: 137237K (42%)
----------------- Invoking toplevel() on ptolemy.moml.MoMLSimpleApplication@13093df5
----------------- Done invoking toplevel() on ptolemy.moml.MoMLSimpleApplication@13093df5
reloadAllAccessors: .Objects

===========================================================================================
----------------- testing Mon May 18 14:55:55 UTC 2020 /home/travis/build/icyphy/ptII/ptolemy/domains/sdf/test/auto/OrthogonalCom.xml
----------------- Instantiating /home/travis/build/icyphy/ptII/ptolemy/domains/sdf/test/auto/OrthogonalCom.xml
5 ms. Memory: 324608K Free: 129045K (40%)
----------------- Invoking toplevel() on ptolemy.moml.MoMLSimpleApplication@7eb11816
----------------- Done invoking toplevel() on ptolemy.moml.MoMLSimpleApplication@7eb11816
reloadAllAccessors: .OrthogonalCom

===========================================================================================
----------------- testing Mon May 18 14:55:55 UTC 2020 /home/travis/build/icyphy/ptII/ptolemy/domains/sdf/test/auto/RijndaelEncryption.xml
----------------- Instantiating /home/travis/build/icyphy/ptII/ptolemy/domains/sdf/test/auto/RijndaelEncryption.xml
308 ms. Memory: 324608K Free: 175709K (54%)
----------------- Invoking toplevel() on ptolemy.moml.MoMLSimpleApplication@1a525ce4
----------------- Done invoking toplevel() on ptolemy.moml.MoMLSimpleApplication@1a525ce4
reloadAllAccessors: .RijndaelEncryption

===========================================================================================
----------------- testing Mon May 18 14:55:56 UTC 2020 /home/travis/build/icyphy/ptII/ptolemy/domains/sdf/test/auto/SDFEmptyIterations.xml
----------------- Instantiating /home/travis/build/icyphy/ptII/ptolemy/domains/sdf/test/auto/SDFEmptyIterations.xml
6 ms. Memory: 324608K Free: 171085K (53%)
----------------- Invoking toplevel() on ptolemy.moml.MoMLSimpleApplication@7d3f0b37
----------------- Done invoking toplevel() on ptolemy.moml.MoMLSimpleApplication@7d3f0b37
reloadAllAccessors: .SDFEmptyIterations

===========================================================================================
----------------- testing Mon May 18 14:55:56 UTC 2020 /home/travis/build/icyphy/ptII/ptolemy/domains/sdf/test/auto/Spectrum.xml
----------------- Instantiating /home/travis/build/icyphy/ptII/ptolemy/domains/sdf/test/auto/Spectrum.xml
42 ms. Memory: 324608K Free: 146523K (45%)
----------------- Invoking toplevel() on ptolemy.moml.MoMLSimpleApplication@3571a3d7
----------------- Done invoking toplevel() on ptolemy.moml.MoMLSimpleApplication@3571a3d7
reloadAllAccessors: .Spectrum

===========================================================================================
----------------- testing Mon May 18 14:55:56 UTC 2020 /home/travis/build/icyphy/ptII/ptolemy/domains/sdf/test/auto/de_inside_sdf.xml
----------------- Instantiating /home/travis/build/icyphy/ptII/ptolemy/domains/sdf/test/auto/de_inside_sdf.xml
7 ms. Memory: 324608K Free: 141373K (44%)
----------------- Invoking toplevel() on ptolemy.moml.MoMLSimpleApplication@520421d8
----------------- Done invoking toplevel() on ptolemy.moml.MoMLSimpleApplication@520421d8
reloadAllAccessors: .de_inside_sdf

===========================================================================================
----------------- testing Mon May 18 14:55:56 UTC 2020 /home/travis/build/icyphy/ptII/ptolemy/domains/sdf/test/auto/disconnectedHierarchicalSDF.xml
----------------- Instantiating /home/travis/build/icyphy/ptII/ptolemy/domains/sdf/test/auto/disconnectedHierarchicalSDF.xml
6 ms. Memory: 324608K Free: 135245K (42%)
----------------- Invoking toplevel() on ptolemy.moml.MoMLSimpleApplication@4891e554
----------------- Done invoking toplevel() on ptolemy.moml.MoMLSimpleApplication@4891e554
reloadAllAccessors: .disconnectedHierarchicalSDF

===========================================================================================
----------------- testing Mon May 18 14:55:56 UTC 2020 /home/travis/build/icyphy/ptII/ptolemy/domains/sdf/test/auto/disconnectedSDF.xml
----------------- Instantiating /home/travis/build/icyphy/ptII/ptolemy/domains/sdf/test/auto/disconnectedSDF.xml
2 ms. Memory: 324608K Free: 131157K (40%)
----------------- Invoking toplevel() on ptolemy.moml.MoMLSimpleApplication@33e4641f
----------------- Done invoking toplevel() on ptolemy.moml.MoMLSimpleApplication@33e4641f
reloadAllAccessors: .disconnectedSDF

===========================================================================================
----------------- testing Mon May 18 14:55:56 UTC 2020 /home/travis/build/icyphy/ptII/ptolemy/domains/sdf/test/auto/emptyRefinement.xml
----------------- Instantiating /home/travis/build/icyphy/ptII/ptolemy/domains/sdf/test/auto/emptyRefinement.xml
5 ms. Memory: 324608K Free: 126557K (39%)
----------------- Invoking toplevel() on ptolemy.moml.MoMLSimpleApplication@5e2a69de
----------------- Done invoking toplevel() on ptolemy.moml.MoMLSimpleApplication@5e2a69de
reloadAllAccessors: .emptyRefinement

===========================================================================================
----------------- testing Mon May 18 14:55:56 UTC 2020 /home/travis/build/icyphy/ptII/ptolemy/domains/sdf/test/auto/filePortParameter.xml
----------------- Instantiating /home/travis/build/icyphy/ptII/ptolemy/domains/sdf/test/auto/filePortParameter.xml
16 ms. Memory: 324608K Free: 119389K (37%)
----------------- Invoking toplevel() on ptolemy.moml.MoMLSimpleApplication@5880052a
----------------- Done invoking toplevel() on ptolemy.moml.MoMLSimpleApplication@5880052a
reloadAllAccessors: .filePortParameter

===========================================================================================
----------------- testing Mon May 18 14:55:56 UTC 2020 /home/travis/build/icyphy/ptII/ptolemy/domains/sdf/test/auto/inferRelationWidth1.xml
----------------- Instantiating /home/travis/build/icyphy/ptII/ptolemy/domains/sdf/test/auto/inferRelationWidth1.xml
4 ms. Memory: 324608K Free: 116317K (36%)
----------------- Invoking toplevel() on ptolemy.moml.MoMLSimpleApplication@5106e64d
----------------- Done invoking toplevel() on ptolemy.moml.MoMLSimpleApplication@5106e64d
reloadAllAccessors: .inferRelationWidth1

===========================================================================================
----------------- testing Mon May 18 14:55:56 UTC 2020 /home/travis/build/icyphy/ptII/ptolemy/domains/sdf/test/auto/initProductionInference.xml
----------------- Instantiating /home/travis/build/icyphy/ptII/ptolemy/domains/sdf/test/auto/initProductionInference.xml
18 ms. Memory: 324608K Free: 304925K (94%)
----------------- Invoking toplevel() on ptolemy.moml.MoMLSimpleApplication@564802b1
----------------- Done invoking toplevel() on ptolemy.moml.MoMLSimpleApplication@564802b1
reloadAllAccessors: .initProductionInference

===========================================================================================
----------------- testing Mon May 18 14:55:56 UTC 2020 /home/travis/build/icyphy/ptII/ptolemy/domains/sdf/test/auto/relationGroup.xml
----------------- Instantiating /home/travis/build/icyphy/ptII/ptolemy/domains/sdf/test/auto/relationGroup.xml
2 ms. Memory: 324608K Free: 301339K (93%)
----------------- Invoking toplevel() on ptolemy.moml.MoMLSimpleApplication@d1f707a
----------------- Done invoking toplevel() on ptolemy.moml.MoMLSimpleApplication@d1f707a
reloadAllAccessors: .relationGroup

===========================================================================================
----------------- testing Mon May 18 14:55:56 UTC 2020 /home/travis/build/icyphy/ptII/ptolemy/domains/sdf/test/auto/relationGroup10.xml
----------------- Instantiating /home/travis/build/icyphy/ptII/ptolemy/domains/sdf/test/auto/relationGroup10.xml
2 ms. Memory: 324608K Free: 297757K (92%)
----------------- Invoking toplevel() on ptolemy.moml.MoMLSimpleApplication@2d45ca2e
----------------- Done invoking toplevel() on ptolemy.moml.MoMLSimpleApplication@2d45ca2e
reloadAllAccessors: .relationGroup10

===========================================================================================
----------------- testing Mon May 18 14:55:56 UTC 2020 /home/travis/build/icyphy/ptII/ptolemy/domains/sdf/test/auto/relationGroup11.xml
----------------- Instantiating /home/travis/build/icyphy/ptII/ptolemy/domains/sdf/test/auto/relationGroup11.xml
3 ms. Memory: 324608K Free: 294171K (91%)
----------------- Invoking toplevel() on ptolemy.moml.MoMLSimpleApplication@69b881b0
----------------- Done invoking toplevel() on ptolemy.moml.MoMLSimpleApplication@69b881b0
reloadAllAccessors: .relationGroup11

===========================================================================================
----------------- testing Mon May 18 14:55:56 UTC 2020 /home/travis/build/icyphy/ptII/ptolemy/domains/sdf/test/auto/relationGroup12.xml
----------------- Instantiating /home/travis/build/icyphy/ptII/ptolemy/domains/sdf/test/auto/relationGroup12.xml
2 ms. Memory: 324608K Free: 290589K (90%)
----------------- Invoking toplevel() on ptolemy.moml.MoMLSimpleApplication@21d7137c
----------------- Done invoking toplevel() on ptolemy.moml.MoMLSimpleApplication@21d7137c
reloadAllAccessors: .relationGroup12

===========================================================================================
----------------- testing Mon May 18 14:55:56 UTC 2020 /home/travis/build/icyphy/ptII/ptolemy/domains/sdf/test/auto/relationGroup13.xml
----------------- Instantiating /home/travis/build/icyphy/ptII/ptolemy/domains/sdf/test/auto/relationGroup13.xml
10 ms. Memory: 324608K Free: 285979K (88%)
----------------- Invoking toplevel() on ptolemy.moml.MoMLSimpleApplication@5ea81950
----------------- Done invoking toplevel() on ptolemy.moml.MoMLSimpleApplication@5ea81950
reloadAllAccessors: .relationGroup13

===========================================================================================
----------------- testing Mon May 18 14:55:56 UTC 2020 /home/travis/build/icyphy/ptII/ptolemy/domains/sdf/test/auto/relationGroup14.xml
----------------- Instantiating /home/travis/build/icyphy/ptII/ptolemy/domains/sdf/test/auto/relationGroup14.xml
5 ms. Memory: 324608K Free: 281373K (87%)
----------------- Invoking toplevel() on ptolemy.moml.MoMLSimpleApplication@55cda6d5
----------------- Done invoking toplevel() on ptolemy.moml.MoMLSimpleApplication@55cda6d5
reloadAllAccessors: .relationGroup14

===========================================================================================
----------------- testing Mon May 18 14:55:56 UTC 2020 /home/travis/build/icyphy/ptII/ptolemy/domains/sdf/test/auto/relationGroup15.xml
----------------- Instantiating /home/travis/build/icyphy/ptII/ptolemy/domains/sdf/test/auto/relationGroup15.xml
1 ms. Memory: 324608K Free: 277787K (86%)
----------------- Invoking toplevel() on ptolemy.moml.MoMLSimpleApplication@3cbe856d
----------------- Done invoking toplevel() on ptolemy.moml.MoMLSimpleApplication@3cbe856d
reloadAllAccessors: .relationGroup15

===========================================================================================
----------------- testing Mon May 18 14:55:56 UTC 2020 /home/travis/build/icyphy/ptII/ptolemy/domains/sdf/test/auto/relationGroup2.xml
----------------- Instantiating /home/travis/build/icyphy/ptII/ptolemy/domains/sdf/test/auto/relationGroup2.xml
2 ms. Memory: 324608K Free: 274715K (85%)
----------------- Invoking toplevel() on ptolemy.moml.MoMLSimpleApplication@49524ca5
----------------- Done invoking toplevel() on ptolemy.moml.MoMLSimpleApplication@49524ca5
reloadAllAccessors: .relationGroup2

===========================================================================================
----------------- testing Mon May 18 14:55:56 UTC 2020 /home/travis/build/icyphy/ptII/ptolemy/domains/sdf/test/auto/relationGroup3.xml
----------------- Instantiating /home/travis/build/icyphy/ptII/ptolemy/domains/sdf/test/auto/relationGroup3.xml
2 ms. Memory: 324608K Free: 271636K (84%)
----------------- Invoking toplevel() on ptolemy.moml.MoMLSimpleApplication@79d6f8d6
----------------- Done invoking toplevel() on ptolemy.moml.MoMLSimpleApplication@79d6f8d6
reloadAllAccessors: .relationGroup3

===========================================================================================
----------------- testing Mon May 18 14:55:56 UTC 2020 /home/travis/build/icyphy/ptII/ptolemy/domains/sdf/test/auto/relationGroup4.xml
----------------- Instantiating /home/travis/build/icyphy/ptII/ptolemy/domains/sdf/test/auto/relationGroup4.xml
7 ms. Memory: 324608K Free: 267547K (82%)
----------------- Invoking toplevel() on ptolemy.moml.MoMLSimpleApplication@1e9c2c01
----------------- Done invoking toplevel() on ptolemy.moml.MoMLSimpleApplication@1e9c2c01
reloadAllAccessors: .relationGroup4

===========================================================================================
----------------- testing Mon May 18 14:55:56 UTC 2020 /home/travis/build/icyphy/ptII/ptolemy/domains/sdf/test/auto/relationGroup5.xml
----------------- Instantiating /home/travis/build/icyphy/ptII/ptolemy/domains/sdf/test/auto/relationGroup5.xml
4 ms. Memory: 324608K Free: 263451K (81%)
----------------- Invoking toplevel() on ptolemy.moml.MoMLSimpleApplication@752142c0
----------------- Done invoking toplevel() on ptolemy.moml.MoMLSimpleApplication@752142c0
reloadAllAccessors: .relationGroup5

===========================================================================================
----------------- testing Mon May 18 14:55:56 UTC 2020 /home/travis/build/icyphy/ptII/ptolemy/domains/sdf/test/auto/relationGroup6.xml
----------------- Instantiating /home/travis/build/icyphy/ptII/ptolemy/domains/sdf/test/auto/relationGroup6.xml
4 ms. Memory: 324608K Free: 258845K (80%)
----------------- Invoking toplevel() on ptolemy.moml.MoMLSimpleApplication@296c1c5e
----------------- Done invoking toplevel() on ptolemy.moml.MoMLSimpleApplication@296c1c5e
reloadAllAccessors: .relationGroup6

===========================================================================================
----------------- testing Mon May 18 14:55:57 UTC 2020 /home/travis/build/icyphy/ptII/ptolemy/domains/sdf/test/auto/relationGroup7.xml
----------------- Instantiating /home/travis/build/icyphy/ptII/ptolemy/domains/sdf/test/auto/relationGroup7.xml
1 ms. Memory: 324608K Free: 255773K (79%)
----------------- Invoking toplevel() on ptolemy.moml.MoMLSimpleApplication@59914203
----------------- Done invoking toplevel() on ptolemy.moml.MoMLSimpleApplication@59914203
reloadAllAccessors: .relationGroup7

===========================================================================================
----------------- testing Mon May 18 14:55:57 UTC 2020 /home/travis/build/icyphy/ptII/ptolemy/domains/sdf/test/auto/relationGroup8.xml
----------------- Instantiating /home/travis/build/icyphy/ptII/ptolemy/domains/sdf/test/auto/relationGroup8.xml
1 ms. Memory: 324608K Free: 252187K (78%)
----------------- Invoking toplevel() on ptolemy.moml.MoMLSimpleApplication@1b33ce2b
----------------- Done invoking toplevel() on ptolemy.moml.MoMLSimpleApplication@1b33ce2b
reloadAllAccessors: .relationGroup8

===========================================================================================
----------------- testing Mon May 18 14:55:57 UTC 2020 /home/travis/build/icyphy/ptII/ptolemy/domains/sdf/test/auto/relationGroup9.xml
----------------- Instantiating /home/travis/build/icyphy/ptII/ptolemy/domains/sdf/test/auto/relationGroup9.xml
5 ms. Memory: 324608K Free: 247581K (76%)
----------------- Invoking toplevel() on ptolemy.moml.MoMLSimpleApplication@5826f558
----------------- Done invoking toplevel() on ptolemy.moml.MoMLSimpleApplication@5826f558
reloadAllAccessors: .relationGroup9

===========================================================================================
----------------- testing Mon May 18 14:55:57 UTC 2020 /home/travis/build/icyphy/ptII/ptolemy/domains/sdf/test/auto/sdf_inside_de.xml
----------------- Instantiating /home/travis/build/icyphy/ptII/ptolemy/domains/sdf/test/auto/sdf_inside_de.xml
10 ms. Memory: 324608K Free: 238875K (74%)
----------------- Invoking toplevel() on ptolemy.moml.MoMLSimpleApplication@4c048c8d
----------------- Done invoking toplevel() on ptolemy.moml.MoMLSimpleApplication@4c048c8d
reloadAllAccessors: .sdf_inside_de

===========================================================================================
----------------- testing Mon May 18 14:55:57 UTC 2020 /home/travis/build/icyphy/ptII/ptolemy/domains/sdf/test/auto/sdf_inside_pn.xml
----------------- Instantiating /home/travis/build/icyphy/ptII/ptolemy/domains/sdf/test/auto/sdf_inside_pn.xml
40 ms. Memory: 324608K Free: 229659K (71%)
----------------- Invoking toplevel() on ptolemy.moml.MoMLSimpleApplication@60f232a8
----------------- Done invoking toplevel() on ptolemy.moml.MoMLSimpleApplication@60f232a8
reloadAllAccessors: .sdf_inside_pn

===========================================================================================
----------------- testing Mon May 18 14:55:57 UTC 2020 /home/travis/build/icyphy/ptII/ptolemy/domains/sdf/test/auto/sdf_sdf1.xml
----------------- Instantiating /home/travis/build/icyphy/ptII/ptolemy/domains/sdf/test/auto/sdf_sdf1.xml
3 ms. Memory: 324608K Free: 224029K (69%)
----------------- Invoking toplevel() on ptolemy.moml.MoMLSimpleApplication@13f60849
----------------- Done invoking toplevel() on ptolemy.moml.MoMLSimpleApplication@13f60849
reloadAllAccessors: .sdf_sdf1

===========================================================================================
----------------- testing Mon May 18 14:55:57 UTC 2020 /home/travis/build/icyphy/ptII/ptolemy/domains/sdf/test/auto/test1.xml
----------------- Instantiating /home/travis/build/icyphy/ptII/ptolemy/domains/sdf/test/auto/test1.xml
3 ms. Memory: 324608K Free: 218395K (67%)
----------------- Invoking toplevel() on ptolemy.moml.MoMLSimpleApplication@10f57d77
----------------- Done invoking toplevel() on ptolemy.moml.MoMLSimpleApplication@10f57d77
reloadAllAccessors: .test1

===========================================================================================
----------------- testing Mon May 18 14:55:57 UTC 2020 /home/travis/build/icyphy/ptII/ptolemy/domains/sdf/test/auto/time1.xml
----------------- Instantiating /home/travis/build/icyphy/ptII/ptolemy/domains/sdf/test/auto/time1.xml
2 ms. Memory: 324608K Free: 214813K (66%)
----------------- Invoking toplevel() on ptolemy.moml.MoMLSimpleApplication@132d37aa
----------------- Done invoking toplevel() on ptolemy.moml.MoMLSimpleApplication@132d37aa
reloadAllAccessors: .time1

===========================================================================================
----------------- testing Mon May 18 14:55:57 UTC 2020 /home/travis/build/icyphy/ptII/ptolemy/domains/sdf/test/auto/time2.xml
----------------- Instantiating /home/travis/build/icyphy/ptII/ptolemy/domains/sdf/test/auto/time2.xml
2 ms. Memory: 324608K Free: 211227K (65%)
----------------- Invoking toplevel() on ptolemy.moml.MoMLSimpleApplication@2f147150
----------------- Done invoking toplevel() on ptolemy.moml.MoMLSimpleApplication@2f147150
reloadAllAccessors: .time2

===========================================================================================
----------------- testing Mon May 18 14:55:57 UTC 2020 /home/travis/build/icyphy/ptII/ptolemy/domains/sdf/test/auto/time3.xml
----------------- Instantiating /home/travis/build/icyphy/ptII/ptolemy/domains/sdf/test/auto/time3.xml
6 ms. Memory: 324608K Free: 206107K (63%)
----------------- Invoking toplevel() on ptolemy.moml.MoMLSimpleApplication@5afef0b1
----------------- Done invoking toplevel() on ptolemy.moml.MoMLSimpleApplication@5afef0b1
reloadAllAccessors: .time3

===========================================================================================
----------------- testing Mon May 18 14:55:57 UTC 2020 /home/travis/build/icyphy/ptII/ptolemy/domains/sdf/test/auto/time4.xml
----------------- Instantiating /home/travis/build/icyphy/ptII/ptolemy/domains/sdf/test/auto/time4.xml
5 ms. Memory: 324608K Free: 200477K (62%)
----------------- Invoking toplevel() on ptolemy.moml.MoMLSimpleApplication@230cad60
----------------- Done invoking toplevel() on ptolemy.moml.MoMLSimpleApplication@230cad60
reloadAllAccessors: .time4

===========================================================================================
----------------- testing Mon May 18 14:55:57 UTC 2020 /home/travis/build/icyphy/ptII/ptolemy/domains/sdf/test/auto/time5.xml
----------------- Instantiating /home/travis/build/icyphy/ptII/ptolemy/domains/sdf/test/auto/time5.xml
4003 ms. Memory: 324608K Free: 196891K (61%)
----------------- Invoking toplevel() on ptolemy.moml.MoMLSimpleApplication@15bdf191
----------------- Done invoking toplevel() on ptolemy.moml.MoMLSimpleApplication@15bdf191
reloadAllAccessors: .time5

===========================================================================================
----------------- testing Mon May 18 14:56:01 UTC 2020 /home/travis/build/icyphy/ptII/ptolemy/domains/sdf/test/auto/typeSystem_Const_Integer_smallest_Type.xml
----------------- Instantiating /home/travis/build/icyphy/ptII/ptolemy/domains/sdf/test/auto/typeSystem_Const_Integer_smallest_Type.xml
8 ms. Memory: 324608K Free: 192285K (59%)
----------------- Invoking toplevel() on ptolemy.moml.MoMLSimpleApplication@54cb280d
----------------- Done invoking toplevel() on ptolemy.moml.MoMLSimpleApplication@54cb280d
reloadAllAccessors: .typeSystem_Const_Integer_smallest_Type

===========================================================================================
----------------- testing Mon May 18 14:56:01 UTC 2020 /home/travis/build/icyphy/ptII/ptolemy/domains/sdf/test/auto/typeSystem_declared_Inports_OutportTypeException.xml
----------------- Instantiating /home/travis/build/icyphy/ptII/ptolemy/domains/sdf/test/auto/typeSystem_declared_Inports_OutportTypeException.xml
.typeSystem_declared_Inports_OutportTypeException.TestExceptionAttribute: initialize() was not invoked, but wrapup() was.  This is unusual, but not always a problem.  For example, exporting JNLP will do this.
7 ms. Memory: 324608K Free: 187675K (58%)
----------------- Invoking toplevel() on ptolemy.moml.MoMLSimpleApplication@59f5fbe0
----------------- Done invoking toplevel() on ptolemy.moml.MoMLSimpleApplication@59f5fbe0
reloadAllAccessors: .typeSystem_declared_Inports_OutportTypeException

===========================================================================================
----------------- testing Mon May 18 14:56:01 UTC 2020 /home/travis/build/icyphy/ptII/ptolemy/domains/sdf/test/auto/typeSystem_oneDeclaredInportType_wrongTypeOutport.xml
----------------- Instantiating /home/travis/build/icyphy/ptII/ptolemy/domains/sdf/test/auto/typeSystem_oneDeclaredInportType_wrongTypeOutport.xml
4 ms. Memory: 324608K Free: 183579K (57%)
----------------- Invoking toplevel() on ptolemy.moml.MoMLSimpleApplication@1a38dce4
----------------- Done invoking toplevel() on ptolemy.moml.MoMLSimpleApplication@1a38dce4
reloadAllAccessors: .typeSystem_oneDeclaredInportType_wrongTypeOutport

===========================================================================================
----------------- testing Mon May 18 14:56:01 UTC 2020 /home/travis/build/icyphy/ptII/ptolemy/domains/sdf/test/auto/width.xml
----------------- Instantiating /home/travis/build/icyphy/ptII/ptolemy/domains/sdf/test/auto/width.xml
2 ms. Memory: 324608K Free: 179483K (55%)
----------------- Invoking toplevel() on ptolemy.moml.MoMLSimpleApplication@c12efc9
----------------- Done invoking toplevel() on ptolemy.moml.MoMLSimpleApplication@c12efc9
reloadAllAccessors: .width

===========================================================================================
----------------- testing Mon May 18 14:56:01 UTC 2020 /home/travis/build/icyphy/ptII/ptolemy/domains/sdf/test/auto/width2.xml
----------------- Instantiating /home/travis/build/icyphy/ptII/ptolemy/domains/sdf/test/auto/width2.xml
25 ms. Memory: 324608K Free: 174877K (54%)
----------------- Invoking toplevel() on ptolemy.moml.MoMLSimpleApplication@3db74087
----------------- Done invoking toplevel() on ptolemy.moml.MoMLSimpleApplication@3db74087
reloadAllAccessors: .width2

===========================================================================================
----------------- testing Mon May 18 14:56:01 UTC 2020 /home/travis/build/icyphy/ptII/ptolemy/domains/sdf/test/auto/width3.xml
----------------- Instantiating /home/travis/build/icyphy/ptII/ptolemy/domains/sdf/test/auto/width3.xml
24 ms. Memory: 324608K Free: 169757K (52%)
----------------- Invoking toplevel() on ptolemy.moml.MoMLSimpleApplication@7fc58cb6
----------------- Done invoking toplevel() on ptolemy.moml.MoMLSimpleApplication@7fc58cb6
reloadAllAccessors: .width3
AutoTests.java: About to close Vertx.
AutoTests.java: Vertx closed.
]]></system-out>
  <system-err><![CDATA[java.lang.RuntimeException: Execution failed
	at ptolemy.moml.MoMLSimpleApplication$UnloadThread.run(MoMLSimpleApplication.java:402)
Caused by: ptolemy.actor.sched.NotSchedulableException: No solution exists for the balance equations.
Graph is not consistent under the SDF domain detected on external port .rateConsistency.actor.port2
  in .rateConsistency.SDF Director.Scheduler
	at ptolemy.domains.sdf.kernel.SDFScheduler._propagatePort(SDFScheduler.java:1425)
	at ptolemy.domains.sdf.kernel.SDFScheduler._solveBalanceEquations(SDFScheduler.java:710)
	at ptolemy.domains.sdf.kernel.SDFScheduler._getSchedule(SDFScheduler.java:566)
	at ptolemy.actor.sched.Scheduler.getSchedule(Scheduler.java:189)
	at ptolemy.domains.sdf.kernel.SDFDirector.createSchedule(SDFDirector.java:408)
	at ptolemy.domains.sdf.kernel.SDFDirector.preinitialize(SDFDirector.java:764)
	at ptolemy.actor.CompositeActor.preinitialize(CompositeActor.java:1828)
	at ptolemy.actor.Manager.preinitializeAndResolveTypes(Manager.java:1040)
	at ptolemy.actor.Manager.initialize(Manager.java:710)
	at ptolemy.actor.Manager.execute(Manager.java:356)
	at ptolemy.actor.Manager.run(Manager.java:1263)
	at ptolemy.actor.Manager$PtolemyRunThread.run(Manager.java:1933)
java.lang.RuntimeException: Execution failed
	at ptolemy.moml.MoMLSimpleApplication$UnloadThread.run(MoMLSimpleApplication.java:402)
Caused by: ptolemy.kernel.util.IllegalActionException: Failed to compute schedule:
  in .badRateChanges.typed composite actor.SDF Director
Because:
The SDF rate parameter may change. This is not allowed in SDF models that will be run through the code generator.  If you don't care about code generation, then you might consider setting the allowRateChanges parameter of the SDF director to false.
  in .badRateChanges.typed composite actor.Repeat.output.tokenProductionRate
	at ptolemy.domains.sdf.kernel.SDFDirector.createSchedule(SDFDirector.java:418)
	at ptolemy.domains.sdf.kernel.SDFDirector.preinitialize(SDFDirector.java:764)
	at ptolemy.actor.CompositeActor.preinitialize(CompositeActor.java:1828)
	at ptolemy.actor.Director.preinitialize(Director.java:1302)
	at ptolemy.actor.Director.preinitialize(Director.java:1257)
	at ptolemy.domains.sdf.kernel.SDFDirector.preinitialize(SDFDirector.java:763)
	at ptolemy.actor.CompositeActor.preinitialize(CompositeActor.java:1828)
	at ptolemy.actor.Manager.preinitializeAndResolveTypes(Manager.java:1040)
	at ptolemy.actor.Manager.initialize(Manager.java:710)
	at ptolemy.actor.Manager.execute(Manager.java:356)
	at ptolemy.actor.Manager.run(Manager.java:1263)
	at ptolemy.actor.Manager$PtolemyRunThread.run(Manager.java:1933)
Caused by: ptolemy.kernel.util.IllegalActionException: The SDF rate parameter may change. This is not allowed in SDF models that will be run through the code generator.  If you don't care about code generation, then you might consider setting the allowRateChanges parameter of the SDF director to false.
  in .badRateChanges.typed composite actor.Repeat.output.tokenProductionRate
	at ptolemy.domains.sdf.kernel.SDFScheduler._assertDynamicRateVariable(SDFScheduler.java:931)
	at ptolemy.domains.sdf.kernel.SDFScheduler._checkDynamicRateVariables(SDFScheduler.java:339)
	at ptolemy.domains.sdf.kernel.SDFScheduler._getSchedule(SDFScheduler.java:527)
	at ptolemy.actor.sched.Scheduler.getSchedule(Scheduler.java:189)
	at ptolemy.domains.sdf.kernel.SDFDirector.createSchedule(SDFDirector.java:408)
	... 11 more
java.lang.RuntimeException: Execution failed
	at ptolemy.moml.MoMLSimpleApplication$UnloadThread.run(MoMLSimpleApplication.java:402)
Caused by: ptolemy.kernel.util.IllegalActionException: Failed to compute schedule:
  in .badRateChanges2.typed composite actor.SDF Director
Because:
The SDF rate parameter may change. This is not allowed in SDF models that will be run through the code generator.  If you don't care about code generation, then you might consider setting the allowRateChanges parameter of the SDF director to false.
  in .badRateChanges2.typed composite actor.Repeat.output.tokenProductionRate
	at ptolemy.domains.sdf.kernel.SDFDirector.createSchedule(SDFDirector.java:418)
	at ptolemy.domains.sdf.kernel.SDFDirector.preinitialize(SDFDirector.java:764)
	at ptolemy.actor.CompositeActor.preinitialize(CompositeActor.java:1828)
	at ptolemy.actor.Director.preinitialize(Director.java:1302)
	at ptolemy.actor.Director.preinitialize(Director.java:1257)
	at ptolemy.domains.sdf.kernel.SDFDirector.preinitialize(SDFDirector.java:763)
	at ptolemy.actor.CompositeActor.preinitialize(CompositeActor.java:1828)
	at ptolemy.actor.Manager.preinitializeAndResolveTypes(Manager.java:1040)
	at ptolemy.actor.Manager.initialize(Manager.java:710)
	at ptolemy.actor.Manager.execute(Manager.java:356)
	at ptolemy.actor.Manager.run(Manager.java:1263)
	at ptolemy.actor.Manager$PtolemyRunThread.run(Manager.java:1933)
Caused by: ptolemy.kernel.util.IllegalActionException: The SDF rate parameter may change. This is not allowed in SDF models that will be run through the code generator.  If you don't care about code generation, then you might consider setting the allowRateChanges parameter of the SDF director to false.
  in .badRateChanges2.typed composite actor.Repeat.output.tokenProductionRate
	at ptolemy.domains.sdf.kernel.SDFScheduler._assertDynamicRateVariable(SDFScheduler.java:931)
	at ptolemy.domains.sdf.kernel.SDFScheduler._checkDynamicRateVariables(SDFScheduler.java:339)
	at ptolemy.domains.sdf.kernel.SDFScheduler._getSchedule(SDFScheduler.java:527)
	at ptolemy.actor.sched.Scheduler.getSchedule(Scheduler.java:189)
	at ptolemy.domains.sdf.kernel.SDFDirector.createSchedule(SDFDirector.java:408)
	... 11 more
java.lang.RuntimeException: Execution failed
	at ptolemy.moml.MoMLSimpleApplication$UnloadThread.run(MoMLSimpleApplication.java:402)
Caused by: ptolemy.actor.sched.NotSchedulableException: Actors remain that cannot be scheduled!

There are several possible reasons:
* SDF Graphs with feedback loops should have an actor with a delay in the loop, such as a SampleDelay.
* The SDF director has an "allowDisconnectedGraphs"parameter, which, when true, permits disconnected SDF graphs.
* The token consumption rate and production rates might be mismatched.
Usually, actors produce one token or consume one token on a port.  To produce or consume multiple tokens per firing, add a "tokenConsumptionRate" or "tokenProductionRate" parameter to the appropriate port.
Unscheduled actors:
.partiallyConnected.Const2 
Scheduled actors:
.partiallyConnected.Const 
  in .partiallyConnected.SDF Director.Scheduler
	at ptolemy.domains.sdf.kernel.SDFScheduler._scheduleConnectedActors(SDFScheduler.java:1828)
	at ptolemy.domains.sdf.kernel.SDFScheduler._getSchedule(SDFScheduler.java:587)
	at ptolemy.actor.sched.Scheduler.getSchedule(Scheduler.java:189)
	at ptolemy.domains.sdf.kernel.SDFDirector.createSchedule(SDFDirector.java:408)
	at ptolemy.domains.sdf.kernel.SDFDirector.preinitialize(SDFDirector.java:764)
	at ptolemy.actor.CompositeActor.preinitialize(CompositeActor.java:1828)
	at ptolemy.actor.Manager.preinitializeAndResolveTypes(Manager.java:1040)
	at ptolemy.actor.Manager.initialize(Manager.java:710)
	at ptolemy.actor.Manager.execute(Manager.java:356)
	at ptolemy.actor.Manager.run(Manager.java:1263)
	at ptolemy.actor.Manager$PtolemyRunThread.run(Manager.java:1933)
]]></system-err>
</testsuite>
