<?xml version="1.0" encoding="UTF-8" ?>
<testsuite errors="0" failures="0" hostname="travis-job-93a40d9c-8040-4933-bce5-fbc6938bd975" name="ptolemy.domains.de.test.junit.JUnitTclTest" skipped="0" tests="101" time="119.935" timestamp="2020-03-29T13:36:34">
  <properties>
[...]
</properties>
  <testcase classname="ptolemy.util.test.junit.TclTests" name="[0] /home/travis/build/icyphy/ptII/ptolemy/domains/de/test/DependencyLoop.tcl (RunTclFile)" time="0.978" />
  <testcase classname="ptolemy.util.test.junit.TclTests" name="[1] /home/travis/build/icyphy/ptII/ptolemy/domains/de/test/RunDETestsAsQSS.tcl (RunTclFile)" time="80.759" />
  <testcase classname="ptolemy.util.test.junit.AutoKnownFailedTests" name="[0] /home/travis/build/icyphy/ptII/ptolemy/domains/de/test/auto/knownFailedTests/DESDFClockTest.xml (RunModel)" time="2.035" />
  <testcase classname="ptolemy.util.test.junit.AutoKnownFailedTests" name="[1] /home/travis/build/icyphy/ptII/ptolemy/domains/de/test/auto/knownFailedTests/DirectFeedback.xml (RunModel)" time="0.028" />
  <testcase classname="ptolemy.util.test.junit.AutoKnownFailedTests" name="[2] /home/travis/build/icyphy/ptII/ptolemy/domains/de/test/auto/knownFailedTests/FSMSource.xml (RunModel)" time="0.029" />
  <testcase classname="ptolemy.util.test.junit.AutoKnownFailedTests" name="[3] /home/travis/build/icyphy/ptII/ptolemy/domains/de/test/auto/knownFailedTests/HierarchicalModel.xml (RunModel)" time="0.046" />
  <testcase classname="ptolemy.util.test.junit.AutoKnownFailedTests" name="[4] /home/travis/build/icyphy/ptII/ptolemy/domains/de/test/auto/knownFailedTests/dependencyLoop.xml (RunModel)" time="0.047" />
  <testcase classname="ptolemy.util.test.junit.AutoKnownFailedTests" name="[5] /home/travis/build/icyphy/ptII/ptolemy/domains/de/test/auto/knownFailedTests/dependencyLoop2.xml (RunModel)" time="0.043" />
  <testcase classname="ptolemy.util.test.junit.AutoNameArchTests" name="[0] ThereAreNoAutoArchTests (RunModel)" time="0.002" />
  <testcase classname="ptolemy.util.test.junit.AutoTests" name="[0] /home/travis/build/icyphy/ptII/ptolemy/domains/de/test/auto/ActorDepthCalculation_actorWithoutPorts.xml (RunModel)" time="0.022" />
  <testcase classname="ptolemy.util.test.junit.AutoTests" name="[1] /home/travis/build/icyphy/ptII/ptolemy/domains/de/test/auto/AssemblyLine.xml (RunModel)" time="0.025" />
  <testcase classname="ptolemy.util.test.junit.AutoTests" name="[2] /home/travis/build/icyphy/ptII/ptolemy/domains/de/test/auto/CQBug1.xml (RunModel)" time="0.015" />
  <testcase classname="ptolemy.util.test.junit.AutoTests" name="[3] /home/travis/build/icyphy/ptII/ptolemy/domains/de/test/auto/CancelFireAt.xml (RunModel)" time="0.011" />
  <testcase classname="ptolemy.util.test.junit.AutoTests" name="[4] /home/travis/build/icyphy/ptII/ptolemy/domains/de/test/auto/CausalityAndComposabilityAnalysis.xml (RunModel)" time="0.011" />
  <testcase classname="ptolemy.util.test.junit.AutoTests" name="[5] /home/travis/build/icyphy/ptII/ptolemy/domains/de/test/auto/CausalityInterface1.xml (RunModel)" time="0.014" />
  <testcase classname="ptolemy.util.test.junit.AutoTests" name="[6] /home/travis/build/icyphy/ptII/ptolemy/domains/de/test/auto/CausalityInterface15.xml (RunModel)" time="0.014" />
  <testcase classname="ptolemy.util.test.junit.AutoTests" name="[7] /home/travis/build/icyphy/ptII/ptolemy/domains/de/test/auto/CausalityInterface2.xml (RunModel)" time="0.012" />
  <testcase classname="ptolemy.util.test.junit.AutoTests" name="[8] /home/travis/build/icyphy/ptII/ptolemy/domains/de/test/auto/CausalityInterface3.xml (RunModel)" time="0.012" />
  <testcase classname="ptolemy.util.test.junit.AutoTests" name="[9] /home/travis/build/icyphy/ptII/ptolemy/domains/de/test/auto/ClockDrift.xml (RunModel)" time="0.034" />
  <testcase classname="ptolemy.util.test.junit.AutoTests" name="[10] /home/travis/build/icyphy/ptII/ptolemy/domains/de/test/auto/ClockDriftAndValueChange.xml (RunModel)" time="0.036" />
  <testcase classname="ptolemy.util.test.junit.AutoTests" name="[11] /home/travis/build/icyphy/ptII/ptolemy/domains/de/test/auto/ClockDriftChange.xml (RunModel)" time="0.038" />
  <testcase classname="ptolemy.util.test.junit.AutoTests" name="[12] /home/travis/build/icyphy/ptII/ptolemy/domains/de/test/auto/ComposableCausalityAnalysis.xml (RunModel)" time="0.016" />
  <testcase classname="ptolemy.util.test.junit.AutoTests" name="[13] /home/travis/build/icyphy/ptII/ptolemy/domains/de/test/auto/DEFixedPointLimitation.xml (RunModel)" time="0.01" />
  <testcase classname="ptolemy.util.test.junit.AutoTests" name="[14] /home/travis/build/icyphy/ptII/ptolemy/domains/de/test/auto/DEScheduleTest.xml (RunModel)" time="0.013" />
  <testcase classname="ptolemy.util.test.junit.AutoTests" name="[15] /home/travis/build/icyphy/ptII/ptolemy/domains/de/test/auto/DEinDEwithStartTimes.xml (RunModel)" time="0.019" />
  <testcase classname="ptolemy.util.test.junit.AutoTests" name="[16] /home/travis/build/icyphy/ptII/ptolemy/domains/de/test/auto/DEinDEwithStartTimes2.xml (RunModel)" time="0.02" />
  <testcase classname="ptolemy.util.test.junit.AutoTests" name="[17] /home/travis/build/icyphy/ptII/ptolemy/domains/de/test/auto/DateDemo.xml (RunModel)" time="0.037" />
  <testcase classname="ptolemy.util.test.junit.AutoTests" name="[18] /home/travis/build/icyphy/ptII/ptolemy/domains/de/test/auto/DateToEvent.xml (RunModel)" time="2.043" />
  <testcase classname="ptolemy.util.test.junit.AutoTests" name="[19] /home/travis/build/icyphy/ptII/ptolemy/domains/de/test/auto/DepthTest1.xml (RunModel)" time="0.008" />
  <testcase classname="ptolemy.util.test.junit.AutoTests" name="[20] /home/travis/build/icyphy/ptII/ptolemy/domains/de/test/auto/DepthTest2.xml (RunModel)" time="0.018" />
  <testcase classname="ptolemy.util.test.junit.AutoTests" name="[21] /home/travis/build/icyphy/ptII/ptolemy/domains/de/test/auto/DepthTest3.xml (RunModel)" time="0.009" />
  <testcase classname="ptolemy.util.test.junit.AutoTests" name="[22] /home/travis/build/icyphy/ptII/ptolemy/domains/de/test/auto/DepthTest4.xml (RunModel)" time="0.019" />
  <testcase classname="ptolemy.util.test.junit.AutoTests" name="[23] /home/travis/build/icyphy/ptII/ptolemy/domains/de/test/auto/DepthTest5.xml (RunModel)" time="0.018" />
  <testcase classname="ptolemy.util.test.junit.AutoTests" name="[24] /home/travis/build/icyphy/ptII/ptolemy/domains/de/test/auto/DepthTest6.xml (RunModel)" time="0.013" />
  <testcase classname="ptolemy.util.test.junit.AutoTests" name="[25] /home/travis/build/icyphy/ptII/ptolemy/domains/de/test/auto/DepthTest7.xml (RunModel)" time="0.009" />
  <testcase classname="ptolemy.util.test.junit.AutoTests" name="[26] /home/travis/build/icyphy/ptII/ptolemy/domains/de/test/auto/EventToDate.xml (RunModel)" time="3.04" />
  <testcase classname="ptolemy.util.test.junit.AutoTests" name="[27] /home/travis/build/icyphy/ptII/ptolemy/domains/de/test/auto/FSM1.xml (RunModel)" time="0.043" />
  <testcase classname="ptolemy.util.test.junit.AutoTests" name="[28] /home/travis/build/icyphy/ptII/ptolemy/domains/de/test/auto/FSM7.xml (RunModel)" time="0.033" />
  <testcase classname="ptolemy.util.test.junit.AutoTests" name="[29] /home/travis/build/icyphy/ptII/ptolemy/domains/de/test/auto/Inspection.xml (RunModel)" time="0.041" />
  <testcase classname="ptolemy.util.test.junit.AutoTests" name="[30] /home/travis/build/icyphy/ptII/ptolemy/domains/de/test/auto/Iteration.xml (RunModel)" time="0.02" />
  <testcase classname="ptolemy.util.test.junit.AutoTests" name="[31] /home/travis/build/icyphy/ptII/ptolemy/domains/de/test/auto/LineFault.xml (RunModel)" time="0.501" />
  <testcase classname="ptolemy.util.test.junit.AutoTests" name="[32] /home/travis/build/icyphy/ptII/ptolemy/domains/de/test/auto/MergeModel1Add.xml (RunModel)" time="0.036" />
  <testcase classname="ptolemy.util.test.junit.AutoTests" name="[33] /home/travis/build/icyphy/ptII/ptolemy/domains/de/test/auto/MergeModel2Add.xml (RunModel)" time="0.038" />
  <testcase classname="ptolemy.util.test.junit.AutoTests" name="[34] /home/travis/build/icyphy/ptII/ptolemy/domains/de/test/auto/MergeModel3Add.xml (RunModel)" time="0.049" />
  <testcase classname="ptolemy.util.test.junit.AutoTests" name="[35] /home/travis/build/icyphy/ptII/ptolemy/domains/de/test/auto/MergeWithoutDiscard.xml (RunModel)" time="0.009" />
  <testcase classname="ptolemy.util.test.junit.AutoTests" name="[36] /home/travis/build/icyphy/ptII/ptolemy/domains/de/test/auto/Modal1.xml (RunModel)" time="0.027" />
  <testcase classname="ptolemy.util.test.junit.AutoTests" name="[37] /home/travis/build/icyphy/ptII/ptolemy/domains/de/test/auto/Modal2.xml (RunModel)" time="0.023" />
  <testcase classname="ptolemy.util.test.junit.AutoTests" name="[38] /home/travis/build/icyphy/ptII/ptolemy/domains/de/test/auto/Modal3.xml (RunModel)" time="0.029" />
  <testcase classname="ptolemy.util.test.junit.AutoTests" name="[39] /home/travis/build/icyphy/ptII/ptolemy/domains/de/test/auto/Modal4.xml (RunModel)" time="0.026" />
  <testcase classname="ptolemy.util.test.junit.AutoTests" name="[40] /home/travis/build/icyphy/ptII/ptolemy/domains/de/test/auto/Modal5.xml (RunModel)" time="0.03" />
  <testcase classname="ptolemy.util.test.junit.AutoTests" name="[41] /home/travis/build/icyphy/ptII/ptolemy/domains/de/test/auto/Modal6.xml (RunModel)" time="0.026" />
  <testcase classname="ptolemy.util.test.junit.AutoTests" name="[42] /home/travis/build/icyphy/ptII/ptolemy/domains/de/test/auto/Modal7.xml (RunModel)" time="0.028" />
  <testcase classname="ptolemy.util.test.junit.AutoTests" name="[43] /home/travis/build/icyphy/ptII/ptolemy/domains/de/test/auto/ModalModel.xml (RunModel)" time="0.18" />
  <testcase classname="ptolemy.util.test.junit.AutoTests" name="[44] /home/travis/build/icyphy/ptII/ptolemy/domains/de/test/auto/ModalSource.xml (RunModel)" time="0.015" />
  <testcase classname="ptolemy.util.test.junit.AutoTests" name="[45] /home/travis/build/icyphy/ptII/ptolemy/domains/de/test/auto/NonInterruptibleTimerZeroDelay.xml (RunModel)" time="0.008" />
  <testcase classname="ptolemy.util.test.junit.AutoTests" name="[46] /home/travis/build/icyphy/ptII/ptolemy/domains/de/test/auto/OpenQueueingNetwork.xml (RunModel)" time="2.352" />
  <testcase classname="ptolemy.util.test.junit.AutoTests" name="[47] /home/travis/build/icyphy/ptII/ptolemy/domains/de/test/auto/OpenQueuingNetwork.xml (RunModel)" time="0.25" />
  <testcase classname="ptolemy.util.test.junit.AutoTests" name="[48] /home/travis/build/icyphy/ptII/ptolemy/domains/de/test/auto/PeriodicSampler.xml (RunModel)" time="0.014" />
  <testcase classname="ptolemy.util.test.junit.AutoTests" name="[49] /home/travis/build/icyphy/ptII/ptolemy/domains/de/test/auto/PersistentIO.xml (RunModel)" time="0.028" />
  <testcase classname="ptolemy.util.test.junit.AutoTests" name="[50] /home/travis/build/icyphy/ptII/ptolemy/domains/de/test/auto/PortParameterResetOnInitialize.xml (RunModel)" time="0.009" />
  <testcase classname="ptolemy.util.test.junit.AutoTests" name="[51] /home/travis/build/icyphy/ptII/ptolemy/domains/de/test/auto/PortParameterUpdates.xml (RunModel)" time="0.017" />
  <testcase classname="ptolemy.util.test.junit.AutoTests" name="[52] /home/travis/build/icyphy/ptII/ptolemy/domains/de/test/auto/QueueAndServer.xml (RunModel)" time="0.019" />
  <testcase classname="ptolemy.util.test.junit.AutoTests" name="[53] /home/travis/build/icyphy/ptII/ptolemy/domains/de/test/auto/Records.xml (RunModel)" time="0.017" />
  <testcase classname="ptolemy.util.test.junit.AutoTests" name="[54] /home/travis/build/icyphy/ptII/ptolemy/domains/de/test/auto/ResetTransitionWithStartTime1.xml (RunModel)" time="0.018" />
  <testcase classname="ptolemy.util.test.junit.AutoTests" name="[55] /home/travis/build/icyphy/ptII/ptolemy/domains/de/test/auto/ResetTransitionWithStartTime2.xml (RunModel)" time="0.021" />
  <testcase classname="ptolemy.util.test.junit.AutoTests" name="[56] /home/travis/build/icyphy/ptII/ptolemy/domains/de/test/auto/ResetTransitionWithStartTime3.xml (RunModel)" time="0.021" />
  <testcase classname="ptolemy.util.test.junit.AutoTests" name="[57] /home/travis/build/icyphy/ptII/ptolemy/domains/de/test/auto/ResetTransitionWithStartTime4.xml (RunModel)" time="0.022" />
  <testcase classname="ptolemy.util.test.junit.AutoTests" name="[58] /home/travis/build/icyphy/ptII/ptolemy/domains/de/test/auto/ResettableTimer1.xml (RunModel)" time="0.011" />
  <testcase classname="ptolemy.util.test.junit.AutoTests" name="[59] /home/travis/build/icyphy/ptII/ptolemy/domains/de/test/auto/ResettableTimer2.xml (RunModel)" time="0.011" />
  <testcase classname="ptolemy.util.test.junit.AutoTests" name="[60] /home/travis/build/icyphy/ptII/ptolemy/domains/de/test/auto/ResettableTimer3.xml (RunModel)" time="0.012" />
  <testcase classname="ptolemy.util.test.junit.AutoTests" name="[61] /home/travis/build/icyphy/ptII/ptolemy/domains/de/test/auto/ResettableTimer4.xml (RunModel)" time="0.028" />
  <testcase classname="ptolemy.util.test.junit.AutoTests" name="[62] /home/travis/build/icyphy/ptII/ptolemy/domains/de/test/auto/ResettableTimer5.xml (RunModel)" time="0.02" />
  <testcase classname="ptolemy.util.test.junit.AutoTests" name="[63] /home/travis/build/icyphy/ptII/ptolemy/domains/de/test/auto/ResettableTimer6.xml (RunModel)" time="0.009" />
  <testcase classname="ptolemy.util.test.junit.AutoTests" name="[64] /home/travis/build/icyphy/ptII/ptolemy/domains/de/test/auto/ServerZeroDelay.xml (RunModel)" time="0.015" />
  <testcase classname="ptolemy.util.test.junit.AutoTests" name="[65] /home/travis/build/icyphy/ptII/ptolemy/domains/de/test/auto/SmartSender.xml (RunModel)" time="3.016" />
  <testcase classname="ptolemy.util.test.junit.AutoTests" name="[66] /home/travis/build/icyphy/ptII/ptolemy/domains/de/test/auto/ThreadedComposite.xml (RunModel)" time="0.123" />
  <testcase classname="ptolemy.util.test.junit.AutoTests" name="[67] /home/travis/build/icyphy/ptII/ptolemy/domains/de/test/auto/Time.xml (RunModel)" time="0.352" />
  <testcase classname="ptolemy.util.test.junit.AutoTests" name="[68] /home/travis/build/icyphy/ptII/ptolemy/domains/de/test/auto/TimeDelayZeroDelay.xml (RunModel)" time="0.014" />
  <testcase classname="ptolemy.util.test.junit.AutoTests" name="[69] /home/travis/build/icyphy/ptII/ptolemy/domains/de/test/auto/TimerZeroDelay.xml (RunModel)" time="0.008" />
  <testcase classname="ptolemy.util.test.junit.AutoTests" name="[70] /home/travis/build/icyphy/ptII/ptolemy/domains/de/test/auto/TimingParadox.xml (RunModel)" time="0.299" />
  <testcase classname="ptolemy.util.test.junit.AutoTests" name="[71] /home/travis/build/icyphy/ptII/ptolemy/domains/de/test/auto/TransferInputs.xml (RunModel)" time="0.008" />
  <testcase classname="ptolemy.util.test.junit.AutoTests" name="[72] /home/travis/build/icyphy/ptII/ptolemy/domains/de/test/auto/TransferOutputs2.xml (RunModel)" time="0.013" />
  <testcase classname="ptolemy.util.test.junit.AutoTests" name="[73] /home/travis/build/icyphy/ptII/ptolemy/domains/de/test/auto/Trilateration.xml (RunModel)" time="10.224" />
  <testcase classname="ptolemy.util.test.junit.AutoTests" name="[74] /home/travis/build/icyphy/ptII/ptolemy/domains/de/test/auto/TwoSigmaDelta.xml (RunModel)" time="1.783" />
  <testcase classname="ptolemy.util.test.junit.AutoTests" name="[75] /home/travis/build/icyphy/ptII/ptolemy/domains/de/test/auto/VariableDelay.xml (RunModel)" time="0.018" />
  <testcase classname="ptolemy.util.test.junit.AutoTests" name="[76] /home/travis/build/icyphy/ptII/ptolemy/domains/de/test/auto/VariableDelay2.xml (RunModel)" time="0.011" />
  <testcase classname="ptolemy.util.test.junit.AutoTests" name="[77] /home/travis/build/icyphy/ptII/ptolemy/domains/de/test/auto/VariableDelayZeroDelay.xml (RunModel)" time="0.009" />
  <testcase classname="ptolemy.util.test.junit.AutoTests" name="[78] /home/travis/build/icyphy/ptII/ptolemy/domains/de/test/auto/VariableDelayZeroDelay2.xml (RunModel)" time="0.013" />
  <testcase classname="ptolemy.util.test.junit.AutoTests" name="[79] /home/travis/build/icyphy/ptII/ptolemy/domains/de/test/auto/deInCt.xml (RunModel)" time="0.014" />
  <testcase classname="ptolemy.util.test.junit.AutoTests" name="[80] /home/travis/build/icyphy/ptII/ptolemy/domains/de/test/auto/deInCt2.xml (RunModel)" time="0.007" />
  <testcase classname="ptolemy.util.test.junit.AutoTests" name="[81] /home/travis/build/icyphy/ptII/ptolemy/domains/de/test/auto/dynamicCausalityInterface1.xml (RunModel)" time="0.014" />
  <testcase classname="ptolemy.util.test.junit.AutoTests" name="[82] /home/travis/build/icyphy/ptII/ptolemy/domains/de/test/auto/fsm_de_test.xml (RunModel)" time="0.019" />
  <testcase classname="ptolemy.util.test.junit.AutoTests" name="[83] /home/travis/build/icyphy/ptII/ptolemy/domains/de/test/auto/functionDependencyReconstruction.xml (RunModel)" time="0.027" />
  <testcase classname="ptolemy.util.test.junit.AutoTests" name="[84] /home/travis/build/icyphy/ptII/ptolemy/domains/de/test/auto/multirate.xml (RunModel)" time="0.024" />
  <testcase classname="ptolemy.util.test.junit.AutoTests" name="[85] /home/travis/build/icyphy/ptII/ptolemy/domains/de/test/auto/multirate2.xml (RunModel)" time="0.014" />
  <testcase classname="ptolemy.util.test.junit.AutoTests" name="[86] /home/travis/build/icyphy/ptII/ptolemy/domains/de/test/auto/realtime.xml (RunModel)" time="10.013" />
  <testcase classname="ptolemy.util.test.junit.AutoTests" name="[87] /home/travis/build/icyphy/ptII/ptolemy/domains/de/test/auto/relationGroup.xml (RunModel)" time="0.005" />
  <testcase classname="ptolemy.util.test.junit.AutoTests" name="[88] /home/travis/build/icyphy/ptII/ptolemy/domains/de/test/auto/relationGroup2.xml (RunModel)" time="0.004" />
  <testcase classname="ptolemy.util.test.junit.AutoTests" name="[89] /home/travis/build/icyphy/ptII/ptolemy/domains/de/test/auto/sortWithOpaquePorts.xml (RunModel)" time="0.007" />
  <testcase classname="ptolemy.util.test.junit.AutoTests" name="[90] /home/travis/build/icyphy/ptII/ptolemy/domains/de/test/auto/transferInputsandOutputs.xml (RunModel)" time="0.013" />
  <testcase classname="ptolemy.util.test.junit.AutoTests" name="[91] /home/travis/build/icyphy/ptII/ptolemy/domains/de/test/auto/triggerType.xml (RunModel)" time="0.009" />
  <system-out><![CDATA[/home/travis/build/icyphy/ptII/ptolemy/domains/de/test/DependencyLoop.tcl
testDefs.tcl: setting time out to 9000 seconds at Sun Mar 29 13:36:34 UTC 2020
64 ms. Memory: 129024K Free: 78277K (61%)
25 ms. Memory: 129024K Free: 60854K (47%)
/home/travis/build/icyphy/ptII/ptolemy/domains/de/test/RunDETestsAsQSS.tcl
Run the DE tests using ptolemy.domains.qss.test.QSSDirectorTest, which extends QSSDirector and prints a message in the constructors.
------------------ testing $PTII/ptolemy/domains/de/test/auto/knownFailedTests/DirectFeedback.xml (Known Failure) 
40 ms. Memory: 129024K Free: 55239K (43%)


==== $PTIIhome/travis/build/icyphy/ptII/ptolemy/domains/de/test/../../../../: Auto Automatic test in file $PTII/ptolemy/domains/de/test/auto/knownFailedTests/DirectFeedback.xml
==== Contents of test case:

	    # FIXME: we should use $relativeFilename here, but it
	    # might have backslashes under Windows, which causes no end
	    # of trouble.
	    createAndExecute $file
	    list {}
	
.... Test generated KNOWN error:
    while executing
ptolemy.kernel.util.IllegalActionException: Test fails in iteration 1.
Value was: 1.0. Should have been: 2.0
  in .DirectFeedback.Test
	at ptolemy.actor.lib.Test.fire(Test.java:268)
	at ptolemy.domains.de.kernel.DEDirector._fire(DEDirector.java:1949)
	at ptolemy.domains.de.kernel.DEDirector.fire(DEDirector.java:502)
	at ptolemy.actor.CompositeActor.fire(CompositeActor.java:455)
	at ptolemy.actor.Manager.iterate(Manager.java:851)
	at ptolemy.actor.Manager.execute(Manager.java:369)
	at ptolemy.actor.Manager.run(Manager.java:1263)
	at ptolemy.actor.Manager$PtolemyRunThread.run(Manager.java:1933)

    while executing
ptolemy.kernel.util.IllegalActionException: Test fails in iteration 1.
Value was: 1.0. Should have been: 2.0
  in .DirectFeedback.Test
    while executing
"java::new ptolemy.moml.MoMLSimpleApplication $file
"
    (procedure "createAndExecute" line 2)
    invoked from within
"createAndExecute $file"
    ("uplevel" body line 5)
    invoked from within
"uplevel $contents_of_test"
------------------ testing $PTII/ptolemy/domains/de/test/auto/knownFailedTests/dependencyLoop.xml (Known Failure) 
14 ms. Memory: 129024K Free: 52167K (40%)


==== $PTIIhome/travis/build/icyphy/ptII/ptolemy/domains/de/test/../../../../: Auto Automatic test in file $PTII/ptolemy/domains/de/test/auto/knownFailedTests/dependencyLoop.xml
==== Contents of test case:

	    # FIXME: we should use $relativeFilename here, but it
	    # might have backslashes under Windows, which causes no end
	    # of trouble.
	    createAndExecute $file
	    list {}
	
.... Test generated KNOWN error:
    while executing
ptolemy.kernel.util.IllegalActionException: Found a zero delay loop containing .dependencyLoop.original
  in .dependencyLoop and .dependencyLoop.original
	at ptolemy.actor.util.CausalityInterfaceForComposites._computeOutputPortDepth(CausalityInterfaceForComposites.java:759)
	at ptolemy.actor.util.CausalityInterfaceForComposites._computeInputDepth(CausalityInterfaceForComposites.java:696)
	at ptolemy.actor.util.CausalityInterfaceForComposites._computeOutputPortDepth(CausalityInterfaceForComposites.java:765)
	at ptolemy.actor.util.CausalityInterfaceForComposites._computeInputDepth(CausalityInterfaceForComposites.java:696)
	at ptolemy.actor.util.CausalityInterfaceForComposites._computeOutputPortDepth(CausalityInterfaceForComposites.java:765)
	at ptolemy.actor.util.CausalityInterfaceForComposites._computeInputDepth(CausalityInterfaceForComposites.java:696)
	at ptolemy.actor.util.CausalityInterfaceForComposites._computeActorDepth(CausalityInterfaceForComposites.java:532)
	at ptolemy.actor.util.CausalityInterfaceForComposites.checkForCycles(CausalityInterfaceForComposites.java:96)
	at ptolemy.domains.de.kernel.DEDirector.preinitialize(DEDirector.java:1338)
	at ptolemy.actor.CompositeActor.preinitialize(CompositeActor.java:1828)
	at ptolemy.actor.Manager.preinitializeAndResolveTypes(Manager.java:1040)
	at ptolemy.actor.Manager.initialize(Manager.java:710)
	at ptolemy.actor.Manager.execute(Manager.java:356)
	at ptolemy.actor.Manager.run(Manager.java:1263)
	at ptolemy.actor.Manager$PtolemyRunThread.run(Manager.java:1933)

    while executing
ptolemy.kernel.util.IllegalActionException: Found a zero delay loop containing .dependencyLoop.original
  in .dependencyLoop and .dependencyLoop.original
    while executing
"java::new ptolemy.moml.MoMLSimpleApplication $file
"
    (procedure "createAndExecute" line 2)
    invoked from within
"createAndExecute $file"
    ("uplevel" body line 5)
    invoked from within
"uplevel $contents_of_test"
------------------ testing $PTII/ptolemy/domains/de/test/auto/knownFailedTests/FSMSource.xml (Known Failure) 
73 ms. Memory: 129024K Free: 110652K (86%)
!!!! Auto was marked as failing, but now passes
------------------ testing $PTII/ptolemy/domains/de/test/auto/knownFailedTests/HierarchicalModel.xml (Known Failure) 
7 ms. Memory: 129024K Free: 93267K (72%)


==== $PTIIhome/travis/build/icyphy/ptII/ptolemy/domains/de/test/../../../../: Auto Automatic test in file $PTII/ptolemy/domains/de/test/auto/knownFailedTests/HierarchicalModel.xml
==== Contents of test case:

	    # FIXME: we should use $relativeFilename here, but it
	    # might have backslashes under Windows, which causes no end
	    # of trouble.
	    createAndExecute $file
	    list {}
	
.... Test generated KNOWN error:
    while executing
ptolemy.kernel.util.IllegalActionException: Found a zero delay loop containing .HierarchicalModel.A
  in .HierarchicalModel and .HierarchicalModel.A
	at ptolemy.actor.util.CausalityInterfaceForComposites._computeOutputPortDepth(CausalityInterfaceForComposites.java:759)
	at ptolemy.actor.util.CausalityInterfaceForComposites._computeInputDepth(CausalityInterfaceForComposites.java:696)
	at ptolemy.actor.util.CausalityInterfaceForComposites._computeOutputPortDepth(CausalityInterfaceForComposites.java:765)
	at ptolemy.actor.util.CausalityInterfaceForComposites._computeInputDepth(CausalityInterfaceForComposites.java:696)
	at ptolemy.actor.util.CausalityInterfaceForComposites._computeOutputPortDepth(CausalityInterfaceForComposites.java:765)
	at ptolemy.actor.util.CausalityInterfaceForComposites._computeInputDepth(CausalityInterfaceForComposites.java:696)
	at ptolemy.actor.util.CausalityInterfaceForComposites._computeActorDepth(CausalityInterfaceForComposites.java:532)
	at ptolemy.actor.util.CausalityInterfaceForComposites.checkForCycles(CausalityInterfaceForComposites.java:96)
	at ptolemy.domains.de.kernel.DEDirector.preinitialize(DEDirector.java:1338)
	at ptolemy.actor.CompositeActor.preinitialize(CompositeActor.java:1828)
	at ptolemy.actor.Manager.preinitializeAndResolveTypes(Manager.java:1040)
	at ptolemy.actor.Manager.initialize(Manager.java:710)
	at ptolemy.actor.Manager.execute(Manager.java:356)
	at ptolemy.actor.Manager.run(Manager.java:1263)
	at ptolemy.actor.Manager$PtolemyRunThread.run(Manager.java:1933)

    while executing
ptolemy.kernel.util.IllegalActionException: Found a zero delay loop containing .HierarchicalModel.A
  in .HierarchicalModel and .HierarchicalModel.A
    while executing
"java::new ptolemy.moml.MoMLSimpleApplication $file
"
    (procedure "createAndExecute" line 2)
    invoked from within
"createAndExecute $file"
    ("uplevel" body line 5)
    invoked from within
"uplevel $contents_of_test"
------------------ testing $PTII/ptolemy/domains/de/test/auto/knownFailedTests/dependencyLoop2.xml (Known Failure) 
7 ms. Memory: 129024K Free: 77619K (60%)


==== $PTIIhome/travis/build/icyphy/ptII/ptolemy/domains/de/test/../../../../: Auto Automatic test in file $PTII/ptolemy/domains/de/test/auto/knownFailedTests/dependencyLoop2.xml
==== Contents of test case:

	    # FIXME: we should use $relativeFilename here, but it
	    # might have backslashes under Windows, which causes no end
	    # of trouble.
	    createAndExecute $file
	    list {}
	
.... Test generated KNOWN error:
    while executing
ptolemy.kernel.util.IllegalActionException: Found a zero delay loop containing .dependencyLoop2.original
  in .dependencyLoop2 and .dependencyLoop2.original
	at ptolemy.actor.util.CausalityInterfaceForComposites._computeOutputPortDepth(CausalityInterfaceForComposites.java:759)
	at ptolemy.actor.util.CausalityInterfaceForComposites._computeInputDepth(CausalityInterfaceForComposites.java:696)
	at ptolemy.actor.util.CausalityInterfaceForComposites._computeOutputPortDepth(CausalityInterfaceForComposites.java:765)
	at ptolemy.actor.util.CausalityInterfaceForComposites._computeInputDepth(CausalityInterfaceForComposites.java:696)
	at ptolemy.actor.util.CausalityInterfaceForComposites._computeOutputPortDepth(CausalityInterfaceForComposites.java:765)
	at ptolemy.actor.util.CausalityInterfaceForComposites._computeInputDepth(CausalityInterfaceForComposites.java:696)
	at ptolemy.actor.util.CausalityInterfaceForComposites._computeActorDepth(CausalityInterfaceForComposites.java:532)
	at ptolemy.actor.util.CausalityInterfaceForComposites.checkForCycles(CausalityInterfaceForComposites.java:96)
	at ptolemy.domains.de.kernel.DEDirector.preinitialize(DEDirector.java:1338)
	at ptolemy.actor.CompositeActor.preinitialize(CompositeActor.java:1828)
	at ptolemy.actor.Manager.preinitializeAndResolveTypes(Manager.java:1040)
	at ptolemy.actor.Manager.initialize(Manager.java:710)
	at ptolemy.actor.Manager.execute(Manager.java:356)
	at ptolemy.actor.Manager.run(Manager.java:1263)
	at ptolemy.actor.Manager$PtolemyRunThread.run(Manager.java:1933)

    while executing
ptolemy.kernel.util.IllegalActionException: Found a zero delay loop containing .dependencyLoop2.original
  in .dependencyLoop2 and .dependencyLoop2.original
    while executing
"java::new ptolemy.moml.MoMLSimpleApplication $file
"
    (procedure "createAndExecute" line 2)
    invoked from within
"createAndExecute $file"
    ("uplevel" body line 5)
    invoked from within
"uplevel $contents_of_test"
------------------ testing $PTII/ptolemy/domains/de/test/auto/knownFailedTests/DESDFClockTest.xml (Known Failure) 
2052 ms. Memory: 129024K Free: 107286K (83%)


==== $PTIIhome/travis/build/icyphy/ptII/ptolemy/domains/de/test/../../../../: Auto Automatic test in file $PTII/ptolemy/domains/de/test/auto/knownFailedTests/DESDFClockTest.xml
==== Contents of test case:

	    # FIXME: we should use $relativeFilename here, but it
	    # might have backslashes under Windows, which causes no end
	    # of trouble.
	    createAndExecute $file
	    list {}
	
.... Test generated KNOWN error:
    while executing
ptolemy.kernel.util.IllegalActionException: Actor is not ready to fire.  Perhaps UpSample.prefire() returned false? Try debugging the actor by selecting "Listen to Actor".  Also, for SDF check moml for tokenConsumptionRate on input.
  in .DESDFClockTest.Play Bell.Copy1:SDF Director and .DESDFClockTest.Play Bell.UpSample
	at ptolemy.actor.sched.StaticSchedulingDirector.fire(StaticSchedulingDirector.java:227)
	at ptolemy.domains.sdf.kernel.SDFDirector.fire(SDFDirector.java:500)
	at ptolemy.actor.CompositeActor.fire(CompositeActor.java:455)
	at ptolemy.domains.de.kernel.DEDirector._fire(DEDirector.java:1949)
	at ptolemy.domains.de.kernel.DEDirector.fire(DEDirector.java:502)
	at ptolemy.actor.CompositeActor.fire(CompositeActor.java:455)
	at ptolemy.actor.Manager.iterate(Manager.java:851)
	at ptolemy.actor.Manager.execute(Manager.java:369)
	at ptolemy.actor.Manager.run(Manager.java:1263)
	at ptolemy.actor.Manager$PtolemyRunThread.run(Manager.java:1933)

    while executing
ptolemy.kernel.util.IllegalActionException: Actor is not ready to fire.  Perhaps UpSample.prefire() returned false? Try debugging the actor by selecting "Listen to Actor".  Also, for SDF check moml for tokenConsumptionRate on input.
  in .DESDFClockTest.Play Bell.Copy1:SDF Director and .DESDFClockTest.Play Bell.UpSample
    while executing
"java::new ptolemy.moml.MoMLSimpleApplication $file
"
    (procedure "createAndExecute" line 2)
    invoked from within
"createAndExecute $file"
    ("uplevel" body line 5)
    invoked from within
"uplevel $contents_of_test"
------------------ testing $PTII/ptolemy/domains/de/test/auto/ActorDepthCalculation_actorWithoutPorts.xml
auto.tcl: Setting watchdog for 200 seconds at Sun Mar 29 13:36:38 UTC 2020
9 ms. Memory: 129024K Free: 100118K (78%)
ptolemy.util.test.WatchDog.cancel(): canceling Sun Mar 29 13:36:38 UTC 2020
auto.tcl: Setting watchdog for 200 seconds at Sun Mar 29 13:36:38 UTC 2020
7 ms. Memory: 129024K Free: 98580K (76%)
ptolemy.util.test.WatchDog.cancel(): canceling Sun Mar 29 13:36:38 UTC 2020
------------------ testing $PTII/ptolemy/domains/de/test/auto/AssemblyLine.xml
auto.tcl: Setting watchdog for 200 seconds at Sun Mar 29 13:36:38 UTC 2020
8 ms. Memory: 48128K Free: 24407K (51%)
ptolemy.util.test.WatchDog.cancel(): canceling Sun Mar 29 13:36:38 UTC 2020
auto.tcl: Setting watchdog for 200 seconds at Sun Mar 29 13:36:38 UTC 2020
13 ms. Memory: 48128K Free: 23948K (50%)
ptolemy.util.test.WatchDog.cancel(): canceling Sun Mar 29 13:36:38 UTC 2020
------------------ testing $PTII/ptolemy/domains/de/test/auto/CQBug1.xml
auto.tcl: Setting watchdog for 200 seconds at Sun Mar 29 13:36:38 UTC 2020
2 ms. Memory: 48128K Free: 30505K (63%)
ptolemy.util.test.WatchDog.cancel(): canceling Sun Mar 29 13:36:38 UTC 2020
auto.tcl: Setting watchdog for 200 seconds at Sun Mar 29 13:36:38 UTC 2020
2 ms. Memory: 48128K Free: 30072K (62%)
ptolemy.util.test.WatchDog.cancel(): canceling Sun Mar 29 13:36:38 UTC 2020
------------------ testing $PTII/ptolemy/domains/de/test/auto/CancelFireAt.xml
auto.tcl: Setting watchdog for 200 seconds at Sun Mar 29 13:36:38 UTC 2020
7 ms. Memory: 48128K Free: 31671K (66%)
ptolemy.util.test.WatchDog.cancel(): canceling Sun Mar 29 13:36:38 UTC 2020
auto.tcl: Setting watchdog for 200 seconds at Sun Mar 29 13:36:38 UTC 2020
1 ms. Memory: 48128K Free: 31228K (65%)
ptolemy.util.test.WatchDog.cancel(): canceling Sun Mar 29 13:36:38 UTC 2020
------------------ testing $PTII/ptolemy/domains/de/test/auto/CausalityAndComposabilityAnalysis.xml
auto.tcl: Setting watchdog for 200 seconds at Sun Mar 29 13:36:38 UTC 2020
5 ms. Memory: 48128K Free: 29668K (62%)
ptolemy.util.test.WatchDog.cancel(): canceling Sun Mar 29 13:36:38 UTC 2020
auto.tcl: Setting watchdog for 200 seconds at Sun Mar 29 13:36:38 UTC 2020
5 ms. Memory: 48128K Free: 28892K (60%)
ptolemy.util.test.WatchDog.cancel(): canceling Sun Mar 29 13:36:38 UTC 2020
------------------ testing $PTII/ptolemy/domains/de/test/auto/CausalityInterface1.xml
auto.tcl: Setting watchdog for 200 seconds at Sun Mar 29 13:36:38 UTC 2020
15 ms. Memory: 48128K Free: 28354K (59%)
ptolemy.util.test.WatchDog.cancel(): canceling Sun Mar 29 13:36:39 UTC 2020
auto.tcl: Setting watchdog for 200 seconds at Sun Mar 29 13:36:39 UTC 2020
4 ms. Memory: 48128K Free: 27371K (57%)
ptolemy.util.test.WatchDog.cancel(): canceling Sun Mar 29 13:36:39 UTC 2020
------------------ testing $PTII/ptolemy/domains/de/test/auto/CausalityInterface15.xml
auto.tcl: Setting watchdog for 200 seconds at Sun Mar 29 13:36:39 UTC 2020
9 ms. Memory: 48128K Free: 28244K (59%)
ptolemy.util.test.WatchDog.cancel(): canceling Sun Mar 29 13:36:39 UTC 2020
auto.tcl: Setting watchdog for 200 seconds at Sun Mar 29 13:36:39 UTC 2020
5 ms. Memory: 48128K Free: 27294K (57%)
ptolemy.util.test.WatchDog.cancel(): canceling Sun Mar 29 13:36:39 UTC 2020
------------------ testing $PTII/ptolemy/domains/de/test/auto/CausalityInterface2.xml
auto.tcl: Setting watchdog for 200 seconds at Sun Mar 29 13:36:39 UTC 2020
7 ms. Memory: 48128K Free: 29038K (60%)
ptolemy.util.test.WatchDog.cancel(): canceling Sun Mar 29 13:36:39 UTC 2020
auto.tcl: Setting watchdog for 200 seconds at Sun Mar 29 13:36:39 UTC 2020
3 ms. Memory: 48128K Free: 27891K (58%)
ptolemy.util.test.WatchDog.cancel(): canceling Sun Mar 29 13:36:39 UTC 2020
------------------ testing $PTII/ptolemy/domains/de/test/auto/CausalityInterface3.xml
auto.tcl: Setting watchdog for 200 seconds at Sun Mar 29 13:36:39 UTC 2020
6 ms. Memory: 48128K Free: 28535K (59%)
ptolemy.util.test.WatchDog.cancel(): canceling Sun Mar 29 13:36:39 UTC 2020
auto.tcl: Setting watchdog for 200 seconds at Sun Mar 29 13:36:39 UTC 2020
3 ms. Memory: 48128K Free: 28102K (58%)
ptolemy.util.test.WatchDog.cancel(): canceling Sun Mar 29 13:36:39 UTC 2020
------------------ testing $PTII/ptolemy/domains/de/test/auto/ClockDrift.xml
auto.tcl: Setting watchdog for 200 seconds at Sun Mar 29 13:36:39 UTC 2020
49 ms. Memory: 48128K Free: 20853K (43%)
ptolemy.util.test.WatchDog.cancel(): canceling Sun Mar 29 13:36:39 UTC 2020
auto.tcl: Setting watchdog for 200 seconds at Sun Mar 29 13:36:39 UTC 2020
51 ms. Memory: 48128K Free: 17649K (37%)
ptolemy.util.test.WatchDog.cancel(): canceling Sun Mar 29 13:36:39 UTC 2020
------------------ testing $PTII/ptolemy/domains/de/test/auto/ClockDriftAndValueChange.xml
auto.tcl: Setting watchdog for 200 seconds at Sun Mar 29 13:36:39 UTC 2020
46 ms. Memory: 48128K Free: 21203K (44%)
ptolemy.util.test.WatchDog.cancel(): canceling Sun Mar 29 13:36:39 UTC 2020
auto.tcl: Setting watchdog for 200 seconds at Sun Mar 29 13:36:39 UTC 2020
34 ms. Memory: 48128K Free: 18369K (38%)
ptolemy.util.test.WatchDog.cancel(): canceling Sun Mar 29 13:36:39 UTC 2020
------------------ testing $PTII/ptolemy/domains/de/test/auto/ClockDriftChange.xml
auto.tcl: Setting watchdog for 200 seconds at Sun Mar 29 13:36:39 UTC 2020
22 ms. Memory: 48128K Free: 23250K (48%)
ptolemy.util.test.WatchDog.cancel(): canceling Sun Mar 29 13:36:39 UTC 2020
auto.tcl: Setting watchdog for 200 seconds at Sun Mar 29 13:36:39 UTC 2020
22 ms. Memory: 48128K Free: 20669K (43%)
ptolemy.util.test.WatchDog.cancel(): canceling Sun Mar 29 13:36:39 UTC 2020
------------------ testing $PTII/ptolemy/domains/de/test/auto/ComposableCausalityAnalysis.xml
auto.tcl: Setting watchdog for 200 seconds at Sun Mar 29 13:36:39 UTC 2020
2 ms. Memory: 48128K Free: 27894K (58%)
ptolemy.util.test.WatchDog.cancel(): canceling Sun Mar 29 13:36:39 UTC 2020
auto.tcl: Setting watchdog for 200 seconds at Sun Mar 29 13:36:39 UTC 2020
4 ms. Memory: 48128K Free: 26846K (56%)
ptolemy.util.test.WatchDog.cancel(): canceling Sun Mar 29 13:36:39 UTC 2020
------------------ testing $PTII/ptolemy/domains/de/test/auto/DEFixedPointLimitation.xml
auto.tcl: Setting watchdog for 200 seconds at Sun Mar 29 13:36:39 UTC 2020
3 ms. Memory: 48128K Free: 29233K (61%)
ptolemy.util.test.WatchDog.cancel(): canceling Sun Mar 29 13:36:39 UTC 2020
auto.tcl: Setting watchdog for 200 seconds at Sun Mar 29 13:36:39 UTC 2020
1 ms. Memory: 48128K Free: 28308K (59%)
ptolemy.util.test.WatchDog.cancel(): canceling Sun Mar 29 13:36:39 UTC 2020
------------------ testing $PTII/ptolemy/domains/de/test/auto/DEScheduleTest.xml
auto.tcl: Setting watchdog for 200 seconds at Sun Mar 29 13:36:40 UTC 2020
5 ms. Memory: 48128K Free: 29520K (61%)
ptolemy.util.test.WatchDog.cancel(): canceling Sun Mar 29 13:36:40 UTC 2020
auto.tcl: Setting watchdog for 200 seconds at Sun Mar 29 13:36:40 UTC 2020
2 ms. Memory: 48128K Free: 28756K (60%)
ptolemy.util.test.WatchDog.cancel(): canceling Sun Mar 29 13:36:40 UTC 2020
------------------ testing $PTII/ptolemy/domains/de/test/auto/DEinDEwithStartTimes.xml
auto.tcl: Setting watchdog for 200 seconds at Sun Mar 29 13:36:40 UTC 2020
7 ms. Memory: 48128K Free: 27683K (58%)
ptolemy.util.test.WatchDog.cancel(): canceling Sun Mar 29 13:36:40 UTC 2020
auto.tcl: Setting watchdog for 200 seconds at Sun Mar 29 13:36:40 UTC 2020
3 ms. Memory: 48128K Free: 26659K (55%)
ptolemy.util.test.WatchDog.cancel(): canceling Sun Mar 29 13:36:40 UTC 2020
------------------ testing $PTII/ptolemy/domains/de/test/auto/DEinDEwithStartTimes2.xml
auto.tcl: Setting watchdog for 200 seconds at Sun Mar 29 13:36:40 UTC 2020
11 ms. Memory: 48128K Free: 26954K (56%)
ptolemy.util.test.WatchDog.cancel(): canceling Sun Mar 29 13:36:40 UTC 2020
auto.tcl: Setting watchdog for 200 seconds at Sun Mar 29 13:36:40 UTC 2020
3 ms. Memory: 48128K Free: 25614K (53%)
ptolemy.util.test.WatchDog.cancel(): canceling Sun Mar 29 13:36:40 UTC 2020
------------------ testing $PTII/ptolemy/domains/de/test/auto/DateDemo.xml
auto.tcl: Setting watchdog for 200 seconds at Sun Mar 29 13:36:40 UTC 2020
18 ms. Memory: 48128K Free: 21266K (44%)
ptolemy.util.test.WatchDog.cancel(): canceling Sun Mar 29 13:36:40 UTC 2020
auto.tcl: Setting watchdog for 200 seconds at Sun Mar 29 13:36:40 UTC 2020
7 ms. Memory: 48128K Free: 19685K (41%)
ptolemy.util.test.WatchDog.cancel(): canceling Sun Mar 29 13:36:40 UTC 2020
------------------ testing $PTII/ptolemy/domains/de/test/auto/DateToEvent.xml
auto.tcl: Setting watchdog for 200 seconds at Sun Mar 29 13:36:40 UTC 2020
2011 ms. Memory: 48128K Free: 17176K (36%)
ptolemy.util.test.WatchDog.cancel(): canceling Sun Mar 29 13:36:42 UTC 2020
auto.tcl: Setting watchdog for 200 seconds at Sun Mar 29 13:36:42 UTC 2020
2005 ms. Memory: 48128K Free: 16399K (34%)
ptolemy.util.test.WatchDog.cancel(): canceling Sun Mar 29 13:36:44 UTC 2020
------------------ testing $PTII/ptolemy/domains/de/test/auto/DepthTest1.xml
auto.tcl: Setting watchdog for 200 seconds at Sun Mar 29 13:36:44 UTC 2020
2 ms. Memory: 48128K Free: 30323K (63%)
ptolemy.util.test.WatchDog.cancel(): canceling Sun Mar 29 13:36:44 UTC 2020
auto.tcl: Setting watchdog for 200 seconds at Sun Mar 29 13:36:44 UTC 2020
1 ms. Memory: 48128K Free: 29903K (62%)
ptolemy.util.test.WatchDog.cancel(): canceling Sun Mar 29 13:36:44 UTC 2020
------------------ testing $PTII/ptolemy/domains/de/test/auto/DepthTest2.xml
auto.tcl: Setting watchdog for 200 seconds at Sun Mar 29 13:36:44 UTC 2020
4 ms. Memory: 48128K Free: 27188K (56%)
ptolemy.util.test.WatchDog.cancel(): canceling Sun Mar 29 13:36:44 UTC 2020
auto.tcl: Setting watchdog for 200 seconds at Sun Mar 29 13:36:44 UTC 2020
3 ms. Memory: 48128K Free: 26766K (56%)
ptolemy.util.test.WatchDog.cancel(): canceling Sun Mar 29 13:36:44 UTC 2020
------------------ testing $PTII/ptolemy/domains/de/test/auto/DepthTest3.xml
auto.tcl: Setting watchdog for 200 seconds at Sun Mar 29 13:36:44 UTC 2020
4 ms. Memory: 48128K Free: 30653K (64%)
ptolemy.util.test.WatchDog.cancel(): canceling Sun Mar 29 13:36:44 UTC 2020
auto.tcl: Setting watchdog for 200 seconds at Sun Mar 29 13:36:44 UTC 2020
2 ms. Memory: 48128K Free: 30231K (63%)
ptolemy.util.test.WatchDog.cancel(): canceling Sun Mar 29 13:36:44 UTC 2020
------------------ testing $PTII/ptolemy/domains/de/test/auto/DepthTest4.xml
auto.tcl: Setting watchdog for 200 seconds at Sun Mar 29 13:36:44 UTC 2020
5 ms. Memory: 48128K Free: 29004K (60%)
ptolemy.util.test.WatchDog.cancel(): canceling Sun Mar 29 13:36:44 UTC 2020
auto.tcl: Setting watchdog for 200 seconds at Sun Mar 29 13:36:44 UTC 2020
2 ms. Memory: 48128K Free: 28250K (59%)
ptolemy.util.test.WatchDog.cancel(): canceling Sun Mar 29 13:36:44 UTC 2020
------------------ testing $PTII/ptolemy/domains/de/test/auto/DepthTest5.xml
auto.tcl: Setting watchdog for 200 seconds at Sun Mar 29 13:36:44 UTC 2020
3 ms. Memory: 48128K Free: 28401K (59%)
ptolemy.util.test.WatchDog.cancel(): canceling Sun Mar 29 13:36:44 UTC 2020
auto.tcl: Setting watchdog for 200 seconds at Sun Mar 29 13:36:44 UTC 2020
2 ms. Memory: 48128K Free: 27614K (57%)
ptolemy.util.test.WatchDog.cancel(): canceling Sun Mar 29 13:36:44 UTC 2020
------------------ testing $PTII/ptolemy/domains/de/test/auto/DepthTest6.xml
auto.tcl: Setting watchdog for 200 seconds at Sun Mar 29 13:36:44 UTC 2020
4 ms. Memory: 48128K Free: 28121K (58%)
ptolemy.util.test.WatchDog.cancel(): canceling Sun Mar 29 13:36:44 UTC 2020
auto.tcl: Setting watchdog for 200 seconds at Sun Mar 29 13:36:44 UTC 2020
2 ms. Memory: 48128K Free: 27700K (58%)
ptolemy.util.test.WatchDog.cancel(): canceling Sun Mar 29 13:36:44 UTC 2020
------------------ testing $PTII/ptolemy/domains/de/test/auto/DepthTest7.xml
auto.tcl: Setting watchdog for 200 seconds at Sun Mar 29 13:36:44 UTC 2020
2 ms. Memory: 48128K Free: 28929K (60%)
ptolemy.util.test.WatchDog.cancel(): canceling Sun Mar 29 13:36:44 UTC 2020
auto.tcl: Setting watchdog for 200 seconds at Sun Mar 29 13:36:44 UTC 2020
2 ms. Memory: 48128K Free: 28183K (59%)
ptolemy.util.test.WatchDog.cancel(): canceling Sun Mar 29 13:36:44 UTC 2020
------------------ testing $PTII/ptolemy/domains/de/test/auto/EventToDate.xml
auto.tcl: Setting watchdog for 200 seconds at Sun Mar 29 13:36:44 UTC 2020
3006 ms. Memory: 48128K Free: 19418K (40%)
ptolemy.util.test.WatchDog.cancel(): canceling Sun Mar 29 13:36:48 UTC 2020
auto.tcl: Setting watchdog for 200 seconds at Sun Mar 29 13:36:48 UTC 2020
3006 ms. Memory: 48128K Free: 18996K (39%)
ptolemy.util.test.WatchDog.cancel(): canceling Sun Mar 29 13:36:51 UTC 2020
------------------ testing $PTII/ptolemy/domains/de/test/auto/FSM1.xml
auto.tcl: Setting watchdog for 200 seconds at Sun Mar 29 13:36:51 UTC 2020
32 ms. Memory: 48128K Free: 20930K (43%)
ptolemy.util.test.WatchDog.cancel(): canceling Sun Mar 29 13:36:51 UTC 2020
auto.tcl: Setting watchdog for 200 seconds at Sun Mar 29 13:36:51 UTC 2020
18 ms. Memory: 48128K Free: 17692K (37%)
ptolemy.util.test.WatchDog.cancel(): canceling Sun Mar 29 13:36:51 UTC 2020
------------------ testing $PTII/ptolemy/domains/de/test/auto/FSM7.xml
auto.tcl: Setting watchdog for 200 seconds at Sun Mar 29 13:36:51 UTC 2020
17 ms. Memory: 48128K Free: 20603K (43%)
ptolemy.util.test.WatchDog.cancel(): canceling Sun Mar 29 13:36:51 UTC 2020
auto.tcl: Setting watchdog for 200 seconds at Sun Mar 29 13:36:51 UTC 2020
19 ms. Memory: 48128K Free: 17479K (36%)
ptolemy.util.test.WatchDog.cancel(): canceling Sun Mar 29 13:36:51 UTC 2020
------------------ testing $PTII/ptolemy/domains/de/test/auto/Inspection.xml
auto.tcl: Setting watchdog for 200 seconds at Sun Mar 29 13:36:51 UTC 2020
20 ms. Memory: 48128K Free: 20666K (43%)
ptolemy.util.test.WatchDog.cancel(): canceling Sun Mar 29 13:36:51 UTC 2020
auto.tcl: Setting watchdog for 200 seconds at Sun Mar 29 13:36:51 UTC 2020
16 ms. Memory: 48128K Free: 18927K (39%)
ptolemy.util.test.WatchDog.cancel(): canceling Sun Mar 29 13:36:51 UTC 2020
------------------ testing $PTII/ptolemy/domains/de/test/auto/Iteration.xml
auto.tcl: Setting watchdog for 200 seconds at Sun Mar 29 13:36:51 UTC 2020
5 ms. Memory: 48128K Free: 26438K (55%)
ptolemy.util.test.WatchDog.cancel(): canceling Sun Mar 29 13:36:51 UTC 2020
auto.tcl: Setting watchdog for 200 seconds at Sun Mar 29 13:36:51 UTC 2020
7 ms. Memory: 48128K Free: 24983K (52%)
ptolemy.util.test.WatchDog.cancel(): canceling Sun Mar 29 13:36:51 UTC 2020
------------------ testing $PTII/ptolemy/domains/de/test/auto/LineFault.xml
auto.tcl: Setting watchdog for 200 seconds at Sun Mar 29 13:36:51 UTC 2020
524 ms. Memory: 58368K Free: 38077K (65%)
ptolemy.util.test.WatchDog.cancel(): canceling Sun Mar 29 13:36:52 UTC 2020
auto.tcl: Setting watchdog for 200 seconds at Sun Mar 29 13:36:52 UTC 2020
500 ms. Memory: 58368K Free: 34361K (59%)
ptolemy.util.test.WatchDog.cancel(): canceling Sun Mar 29 13:36:52 UTC 2020
------------------ testing $PTII/ptolemy/domains/de/test/auto/MergeModel1Add.xml
auto.tcl: Setting watchdog for 200 seconds at Sun Mar 29 13:36:52 UTC 2020
25 ms. Memory: 58368K Free: 22431K (38%)
ptolemy.util.test.WatchDog.cancel(): canceling Sun Mar 29 13:36:52 UTC 2020
auto.tcl: Setting watchdog for 200 seconds at Sun Mar 29 13:36:52 UTC 2020
10 ms. Memory: 58368K Free: 20693K (35%)
ptolemy.util.test.WatchDog.cancel(): canceling Sun Mar 29 13:36:52 UTC 2020
------------------ testing $PTII/ptolemy/domains/de/test/auto/MergeModel2Add.xml
auto.tcl: Setting watchdog for 200 seconds at Sun Mar 29 13:36:52 UTC 2020
10 ms. Memory: 51200K Free: 17074K (33%)
ptolemy.util.test.WatchDog.cancel(): canceling Sun Mar 29 13:36:53 UTC 2020
auto.tcl: Setting watchdog for 200 seconds at Sun Mar 29 13:36:53 UTC 2020
8 ms. Memory: 51200K Free: 15352K (30%)
ptolemy.util.test.WatchDog.cancel(): canceling Sun Mar 29 13:36:53 UTC 2020
------------------ testing $PTII/ptolemy/domains/de/test/auto/MergeModel3Add.xml
auto.tcl: Setting watchdog for 200 seconds at Sun Mar 29 13:36:53 UTC 2020
8 ms. Memory: 51200K Free: 17085K (33%)
ptolemy.util.test.WatchDog.cancel(): canceling Sun Mar 29 13:36:53 UTC 2020
auto.tcl: Setting watchdog for 200 seconds at Sun Mar 29 13:36:53 UTC 2020
8 ms. Memory: 51200K Free: 15359K (30%)
ptolemy.util.test.WatchDog.cancel(): canceling Sun Mar 29 13:36:53 UTC 2020
------------------ testing $PTII/ptolemy/domains/de/test/auto/MergeWithoutDiscard.xml
auto.tcl: Setting watchdog for 200 seconds at Sun Mar 29 13:36:53 UTC 2020
3 ms. Memory: 51200K Free: 32203K (63%)
ptolemy.util.test.WatchDog.cancel(): canceling Sun Mar 29 13:36:53 UTC 2020
auto.tcl: Setting watchdog for 200 seconds at Sun Mar 29 13:36:53 UTC 2020
2 ms. Memory: 51200K Free: 31294K (61%)
ptolemy.util.test.WatchDog.cancel(): canceling Sun Mar 29 13:36:53 UTC 2020
------------------ testing $PTII/ptolemy/domains/de/test/auto/Modal1.xml
auto.tcl: Setting watchdog for 200 seconds at Sun Mar 29 13:36:53 UTC 2020
18 ms. Memory: 51200K Free: 23807K (46%)
ptolemy.util.test.WatchDog.cancel(): canceling Sun Mar 29 13:36:53 UTC 2020
auto.tcl: Setting watchdog for 200 seconds at Sun Mar 29 13:36:53 UTC 2020
21 ms. Memory: 51200K Free: 20325K (40%)
ptolemy.util.test.WatchDog.cancel(): canceling Sun Mar 29 13:36:53 UTC 2020
------------------ testing $PTII/ptolemy/domains/de/test/auto/Modal2.xml
auto.tcl: Setting watchdog for 200 seconds at Sun Mar 29 13:36:53 UTC 2020
15 ms. Memory: 51200K Free: 24197K (47%)
ptolemy.util.test.WatchDog.cancel(): canceling Sun Mar 29 13:36:53 UTC 2020
auto.tcl: Setting watchdog for 200 seconds at Sun Mar 29 13:36:53 UTC 2020
19 ms. Memory: 51200K Free: 20693K (40%)
ptolemy.util.test.WatchDog.cancel(): canceling Sun Mar 29 13:36:53 UTC 2020
------------------ testing $PTII/ptolemy/domains/de/test/auto/Modal3.xml
auto.tcl: Setting watchdog for 200 seconds at Sun Mar 29 13:36:53 UTC 2020
14 ms. Memory: 51200K Free: 23668K (46%)
ptolemy.util.test.WatchDog.cancel(): canceling Sun Mar 29 13:36:53 UTC 2020
auto.tcl: Setting watchdog for 200 seconds at Sun Mar 29 13:36:53 UTC 2020
12 ms. Memory: 51200K Free: 20707K (40%)
ptolemy.util.test.WatchDog.cancel(): canceling Sun Mar 29 13:36:53 UTC 2020
------------------ testing $PTII/ptolemy/domains/de/test/auto/Modal4.xml
auto.tcl: Setting watchdog for 200 seconds at Sun Mar 29 13:36:53 UTC 2020
25 ms. Memory: 51200K Free: 22649K (44%)
ptolemy.util.test.WatchDog.cancel(): canceling Sun Mar 29 13:36:53 UTC 2020
auto.tcl: Setting watchdog for 200 seconds at Sun Mar 29 13:36:53 UTC 2020
22 ms. Memory: 51200K Free: 18665K (36%)
ptolemy.util.test.WatchDog.cancel(): canceling Sun Mar 29 13:36:53 UTC 2020
------------------ testing $PTII/ptolemy/domains/de/test/auto/Modal5.xml
auto.tcl: Setting watchdog for 200 seconds at Sun Mar 29 13:36:53 UTC 2020
12 ms. Memory: 51200K Free: 22883K (45%)
ptolemy.util.test.WatchDog.cancel(): canceling Sun Mar 29 13:36:53 UTC 2020
auto.tcl: Setting watchdog for 200 seconds at Sun Mar 29 13:36:53 UTC 2020
12 ms. Memory: 51200K Free: 19059K (37%)
ptolemy.util.test.WatchDog.cancel(): canceling Sun Mar 29 13:36:53 UTC 2020
------------------ testing $PTII/ptolemy/domains/de/test/auto/Modal6.xml
auto.tcl: Setting watchdog for 200 seconds at Sun Mar 29 13:36:53 UTC 2020
10 ms. Memory: 51200K Free: 23647K (46%)
ptolemy.util.test.WatchDog.cancel(): canceling Sun Mar 29 13:36:53 UTC 2020
auto.tcl: Setting watchdog for 200 seconds at Sun Mar 29 13:36:53 UTC 2020
13 ms. Memory: 51200K Free: 19654K (38%)
ptolemy.util.test.WatchDog.cancel(): canceling Sun Mar 29 13:36:53 UTC 2020
------------------ testing $PTII/ptolemy/domains/de/test/auto/Modal7.xml
auto.tcl: Setting watchdog for 200 seconds at Sun Mar 29 13:36:53 UTC 2020
14 ms. Memory: 51200K Free: 22627K (44%)
ptolemy.util.test.WatchDog.cancel(): canceling Sun Mar 29 13:36:53 UTC 2020
auto.tcl: Setting watchdog for 200 seconds at Sun Mar 29 13:36:53 UTC 2020
9 ms. Memory: 51200K Free: 19059K (37%)
ptolemy.util.test.WatchDog.cancel(): canceling Sun Mar 29 13:36:53 UTC 2020
------------------ testing $PTII/ptolemy/domains/de/test/auto/ModalModel.xml
auto.tcl: Setting watchdog for 200 seconds at Sun Mar 29 13:36:53 UTC 2020
205 ms. Memory: 51200K Free: 17132K (33%)
ptolemy.util.test.WatchDog.cancel(): canceling Sun Mar 29 13:36:54 UTC 2020
auto.tcl: Setting watchdog for 200 seconds at Sun Mar 29 13:36:54 UTC 2020
184 ms. Memory: 62464K Free: 25862K (41%)
ptolemy.util.test.WatchDog.cancel(): canceling Sun Mar 29 13:36:54 UTC 2020
------------------ testing $PTII/ptolemy/domains/de/test/auto/ModalSource.xml
auto.tcl: Setting watchdog for 200 seconds at Sun Mar 29 13:36:54 UTC 2020
7 ms. Memory: 55296K Free: 31829K (58%)
ptolemy.util.test.WatchDog.cancel(): canceling Sun Mar 29 13:36:54 UTC 2020
auto.tcl: Setting watchdog for 200 seconds at Sun Mar 29 13:36:54 UTC 2020
5 ms. Memory: 55296K Free: 29878K (54%)
ptolemy.util.test.WatchDog.cancel(): canceling Sun Mar 29 13:36:54 UTC 2020
------------------ testing $PTII/ptolemy/domains/de/test/auto/NonInterruptibleTimerZeroDelay.xml
auto.tcl: Setting watchdog for 200 seconds at Sun Mar 29 13:36:54 UTC 2020
3 ms. Memory: 55296K Free: 36687K (66%)
ptolemy.util.test.WatchDog.cancel(): canceling Sun Mar 29 13:36:54 UTC 2020
auto.tcl: Setting watchdog for 200 seconds at Sun Mar 29 13:36:54 UTC 2020
2 ms. Memory: 55296K Free: 36096K (65%)
ptolemy.util.test.WatchDog.cancel(): canceling Sun Mar 29 13:36:54 UTC 2020
------------------ testing $PTII/ptolemy/domains/de/test/auto/OpenQueueingNetwork.xml
auto.tcl: Setting watchdog for 200 seconds at Sun Mar 29 13:36:54 UTC 2020
2726 ms. Memory: 89088K Free: 42478K (48%)
ptolemy.util.test.WatchDog.cancel(): canceling Sun Mar 29 13:36:57 UTC 2020
auto.tcl: Setting watchdog for 200 seconds at Sun Mar 29 13:36:57 UTC 2020
2300 ms. Memory: 108544K Free: 79890K (74%)
ptolemy.util.test.WatchDog.cancel(): canceling Sun Mar 29 13:36:59 UTC 2020
------------------ testing $PTII/ptolemy/domains/de/test/auto/OpenQueuingNetwork.xml
auto.tcl: Setting watchdog for 200 seconds at Sun Mar 29 13:36:59 UTC 2020
269 ms. Memory: 66560K Free: 36467K (55%)
ptolemy.util.test.WatchDog.cancel(): canceling Sun Mar 29 13:37:00 UTC 2020
auto.tcl: Setting watchdog for 200 seconds at Sun Mar 29 13:37:00 UTC 2020
264 ms. Memory: 66560K Free: 22076K (33%)
ptolemy.util.test.WatchDog.cancel(): canceling Sun Mar 29 13:37:00 UTC 2020
------------------ testing $PTII/ptolemy/domains/de/test/auto/PeriodicSampler.xml
auto.tcl: Setting watchdog for 200 seconds at Sun Mar 29 13:37:00 UTC 2020
3 ms. Memory: 55296K Free: 35960K (65%)
ptolemy.util.test.WatchDog.cancel(): canceling Sun Mar 29 13:37:00 UTC 2020
auto.tcl: Setting watchdog for 200 seconds at Sun Mar 29 13:37:00 UTC 2020
2 ms. Memory: 55296K Free: 35446K (64%)
ptolemy.util.test.WatchDog.cancel(): canceling Sun Mar 29 13:37:00 UTC 2020
------------------ testing $PTII/ptolemy/domains/de/test/auto/PersistentIO.xml
auto.tcl: Setting watchdog for 200 seconds at Sun Mar 29 13:37:00 UTC 2020
14 ms. Memory: 55296K Free: 30884K (56%)
ptolemy.util.test.WatchDog.cancel(): canceling Sun Mar 29 13:37:00 UTC 2020
auto.tcl: Setting watchdog for 200 seconds at Sun Mar 29 13:37:00 UTC 2020
4 ms. Memory: 55296K Free: 29364K (53%)
ptolemy.util.test.WatchDog.cancel(): canceling Sun Mar 29 13:37:00 UTC 2020
------------------ testing $PTII/ptolemy/domains/de/test/auto/PortParameterResetOnInitialize.xml
auto.tcl: Setting watchdog for 200 seconds at Sun Mar 29 13:37:00 UTC 2020
5 ms. Memory: 51200K Free: 31786K (62%)
ptolemy.util.test.WatchDog.cancel(): canceling Sun Mar 29 13:37:00 UTC 2020
auto.tcl: Setting watchdog for 200 seconds at Sun Mar 29 13:37:00 UTC 2020
2 ms. Memory: 51200K Free: 31276K (61%)
ptolemy.util.test.WatchDog.cancel(): canceling Sun Mar 29 13:37:00 UTC 2020
------------------ testing $PTII/ptolemy/domains/de/test/auto/PortParameterUpdates.xml
auto.tcl: Setting watchdog for 200 seconds at Sun Mar 29 13:37:00 UTC 2020
5 ms. Memory: 51200K Free: 30055K (59%)
ptolemy.util.test.WatchDog.cancel(): canceling Sun Mar 29 13:37:00 UTC 2020
auto.tcl: Setting watchdog for 200 seconds at Sun Mar 29 13:37:00 UTC 2020
4 ms. Memory: 51200K Free: 28833K (56%)
ptolemy.util.test.WatchDog.cancel(): canceling Sun Mar 29 13:37:00 UTC 2020
------------------ testing $PTII/ptolemy/domains/de/test/auto/QueueAndServer.xml
auto.tcl: Setting watchdog for 200 seconds at Sun Mar 29 13:37:00 UTC 2020
6 ms. Memory: 51200K Free: 28728K (56%)
ptolemy.util.test.WatchDog.cancel(): canceling Sun Mar 29 13:37:00 UTC 2020
auto.tcl: Setting watchdog for 200 seconds at Sun Mar 29 13:37:00 UTC 2020
4 ms. Memory: 51200K Free: 27276K (53%)
ptolemy.util.test.WatchDog.cancel(): canceling Sun Mar 29 13:37:00 UTC 2020
------------------ testing $PTII/ptolemy/domains/de/test/auto/Records.xml
auto.tcl: Setting watchdog for 200 seconds at Sun Mar 29 13:37:00 UTC 2020
3 ms. Memory: 51200K Free: 31027K (61%)
ptolemy.util.test.WatchDog.cancel(): canceling Sun Mar 29 13:37:00 UTC 2020
auto.tcl: Setting watchdog for 200 seconds at Sun Mar 29 13:37:00 UTC 2020
2 ms. Memory: 51200K Free: 30512K (60%)
ptolemy.util.test.WatchDog.cancel(): canceling Sun Mar 29 13:37:00 UTC 2020
------------------ testing $PTII/ptolemy/domains/de/test/auto/ResetTransitionWithStartTime1.xml
auto.tcl: Setting watchdog for 200 seconds at Sun Mar 29 13:37:00 UTC 2020
11 ms. Memory: 51200K Free: 28272K (55%)
ptolemy.util.test.WatchDog.cancel(): canceling Sun Mar 29 13:37:00 UTC 2020
auto.tcl: Setting watchdog for 200 seconds at Sun Mar 29 13:37:00 UTC 2020
7 ms. Memory: 51200K Free: 26208K (51%)
ptolemy.util.test.WatchDog.cancel(): canceling Sun Mar 29 13:37:00 UTC 2020
------------------ testing $PTII/ptolemy/domains/de/test/auto/ResetTransitionWithStartTime2.xml
auto.tcl: Setting watchdog for 200 seconds at Sun Mar 29 13:37:00 UTC 2020
10 ms. Memory: 51200K Free: 28227K (55%)
ptolemy.util.test.WatchDog.cancel(): canceling Sun Mar 29 13:37:00 UTC 2020
auto.tcl: Setting watchdog for 200 seconds at Sun Mar 29 13:37:00 UTC 2020
7 ms. Memory: 51200K Free: 26179K (51%)
ptolemy.util.test.WatchDog.cancel(): canceling Sun Mar 29 13:37:00 UTC 2020
------------------ testing $PTII/ptolemy/domains/de/test/auto/ResetTransitionWithStartTime3.xml
auto.tcl: Setting watchdog for 200 seconds at Sun Mar 29 13:37:01 UTC 2020
10 ms. Memory: 51200K Free: 28226K (55%)
ptolemy.util.test.WatchDog.cancel(): canceling Sun Mar 29 13:37:01 UTC 2020
auto.tcl: Setting watchdog for 200 seconds at Sun Mar 29 13:37:01 UTC 2020
8 ms. Memory: 51200K Free: 26178K (51%)
ptolemy.util.test.WatchDog.cancel(): canceling Sun Mar 29 13:37:01 UTC 2020
------------------ testing $PTII/ptolemy/domains/de/test/auto/ResetTransitionWithStartTime4.xml
auto.tcl: Setting watchdog for 200 seconds at Sun Mar 29 13:37:01 UTC 2020
9 ms. Memory: 51200K Free: 28653K (56%)
ptolemy.util.test.WatchDog.cancel(): canceling Sun Mar 29 13:37:01 UTC 2020
auto.tcl: Setting watchdog for 200 seconds at Sun Mar 29 13:37:01 UTC 2020
4 ms. Memory: 51200K Free: 27201K (53%)
ptolemy.util.test.WatchDog.cancel(): canceling Sun Mar 29 13:37:01 UTC 2020
------------------ testing $PTII/ptolemy/domains/de/test/auto/ResettableTimer1.xml
auto.tcl: Setting watchdog for 200 seconds at Sun Mar 29 13:37:01 UTC 2020
3 ms. Memory: 51200K Free: 32438K (63%)
ptolemy.util.test.WatchDog.cancel(): canceling Sun Mar 29 13:37:01 UTC 2020
auto.tcl: Setting watchdog for 200 seconds at Sun Mar 29 13:37:01 UTC 2020
2 ms. Memory: 51200K Free: 31760K (62%)
ptolemy.util.test.WatchDog.cancel(): canceling Sun Mar 29 13:37:01 UTC 2020
------------------ testing $PTII/ptolemy/domains/de/test/auto/ResettableTimer2.xml
auto.tcl: Setting watchdog for 200 seconds at Sun Mar 29 13:37:01 UTC 2020
3 ms. Memory: 51200K Free: 32497K (63%)
ptolemy.util.test.WatchDog.cancel(): canceling Sun Mar 29 13:37:01 UTC 2020
auto.tcl: Setting watchdog for 200 seconds at Sun Mar 29 13:37:01 UTC 2020
3 ms. Memory: 51200K Free: 31857K (62%)
ptolemy.util.test.WatchDog.cancel(): canceling Sun Mar 29 13:37:01 UTC 2020
------------------ testing $PTII/ptolemy/domains/de/test/auto/ResettableTimer3.xml
auto.tcl: Setting watchdog for 200 seconds at Sun Mar 29 13:37:01 UTC 2020
1 ms. Memory: 51200K Free: 32359K (63%)
ptolemy.util.test.WatchDog.cancel(): canceling Sun Mar 29 13:37:01 UTC 2020
auto.tcl: Setting watchdog for 200 seconds at Sun Mar 29 13:37:01 UTC 2020
2 ms. Memory: 51200K Free: 32359K (63%)
ptolemy.util.test.WatchDog.cancel(): canceling Sun Mar 29 13:37:01 UTC 2020
------------------ testing $PTII/ptolemy/domains/de/test/auto/ResettableTimer4.xml
auto.tcl: Setting watchdog for 200 seconds at Sun Mar 29 13:37:01 UTC 2020
1 ms. Memory: 51200K Free: 32373K (63%)
ptolemy.util.test.WatchDog.cancel(): canceling Sun Mar 29 13:37:01 UTC 2020
auto.tcl: Setting watchdog for 200 seconds at Sun Mar 29 13:37:01 UTC 2020
1 ms. Memory: 51200K Free: 31870K (62%)
ptolemy.util.test.WatchDog.cancel(): canceling Sun Mar 29 13:37:01 UTC 2020
------------------ testing $PTII/ptolemy/domains/de/test/auto/ResettableTimer5.xml
auto.tcl: Setting watchdog for 200 seconds at Sun Mar 29 13:37:01 UTC 2020
2 ms. Memory: 51200K Free: 31857K (62%)
ptolemy.util.test.WatchDog.cancel(): canceling Sun Mar 29 13:37:01 UTC 2020
auto.tcl: Setting watchdog for 200 seconds at Sun Mar 29 13:37:01 UTC 2020
1 ms. Memory: 51200K Free: 31356K (61%)
ptolemy.util.test.WatchDog.cancel(): canceling Sun Mar 29 13:37:01 UTC 2020
------------------ testing $PTII/ptolemy/domains/de/test/auto/ResettableTimer6.xml
auto.tcl: Setting watchdog for 200 seconds at Sun Mar 29 13:37:01 UTC 2020
1 ms. Memory: 51200K Free: 31847K (62%)
ptolemy.util.test.WatchDog.cancel(): canceling Sun Mar 29 13:37:01 UTC 2020
auto.tcl: Setting watchdog for 200 seconds at Sun Mar 29 13:37:01 UTC 2020
1 ms. Memory: 51200K Free: 31337K (61%)
ptolemy.util.test.WatchDog.cancel(): canceling Sun Mar 29 13:37:01 UTC 2020
------------------ testing $PTII/ptolemy/domains/de/test/auto/ServerZeroDelay.xml
auto.tcl: Setting watchdog for 200 seconds at Sun Mar 29 13:37:01 UTC 2020
2 ms. Memory: 51200K Free: 32353K (63%)
ptolemy.util.test.WatchDog.cancel(): canceling Sun Mar 29 13:37:01 UTC 2020
auto.tcl: Setting watchdog for 200 seconds at Sun Mar 29 13:37:01 UTC 2020
2 ms. Memory: 51200K Free: 31329K (61%)
ptolemy.util.test.WatchDog.cancel(): canceling Sun Mar 29 13:37:01 UTC 2020
------------------ testing $PTII/ptolemy/domains/de/test/auto/SmartSender.xml
auto.tcl: Setting watchdog for 200 seconds at Sun Mar 29 13:37:01 UTC 2020
3001 ms. Memory: 51200K Free: 32347K (63%)
ptolemy.util.test.WatchDog.cancel(): canceling Sun Mar 29 13:37:04 UTC 2020
auto.tcl: Setting watchdog for 200 seconds at Sun Mar 29 13:37:04 UTC 2020
3001 ms. Memory: 51200K Free: 31844K (62%)
ptolemy.util.test.WatchDog.cancel(): canceling Sun Mar 29 13:37:07 UTC 2020
------------------ testing $PTII/ptolemy/domains/de/test/auto/ThreadedComposite.xml
auto.tcl: Setting watchdog for 200 seconds at Sun Mar 29 13:37:07 UTC 2020
138 ms. Memory: 51200K Free: 13415K (26%)
ptolemy.util.test.WatchDog.cancel(): canceling Sun Mar 29 13:37:07 UTC 2020
auto.tcl: Setting watchdog for 200 seconds at Sun Mar 29 13:37:07 UTC 2020
126 ms. Memory: 51200K Free: 27254K (53%)
ptolemy.util.test.WatchDog.cancel(): canceling Sun Mar 29 13:37:07 UTC 2020
------------------ testing $PTII/ptolemy/domains/de/test/auto/Time.xml
auto.tcl: Setting watchdog for 200 seconds at Sun Mar 29 13:37:07 UTC 2020
442 ms. Memory: 51200K Free: 35572K (69%)
ptolemy.util.test.WatchDog.cancel(): canceling Sun Mar 29 13:37:08 UTC 2020
auto.tcl: Setting watchdog for 200 seconds at Sun Mar 29 13:37:08 UTC 2020
366 ms. Memory: 51200K Free: 13095K (26%)
ptolemy.util.test.WatchDog.cancel(): canceling Sun Mar 29 13:37:08 UTC 2020
------------------ testing $PTII/ptolemy/domains/de/test/auto/TimeDelayZeroDelay.xml
auto.tcl: Setting watchdog for 200 seconds at Sun Mar 29 13:37:08 UTC 2020
3 ms. Memory: 51200K Free: 32277K (63%)
ptolemy.util.test.WatchDog.cancel(): canceling Sun Mar 29 13:37:08 UTC 2020
auto.tcl: Setting watchdog for 200 seconds at Sun Mar 29 13:37:08 UTC 2020
2 ms. Memory: 51200K Free: 31815K (62%)
ptolemy.util.test.WatchDog.cancel(): canceling Sun Mar 29 13:37:08 UTC 2020
------------------ testing $PTII/ptolemy/domains/de/test/auto/TimerZeroDelay.xml
auto.tcl: Setting watchdog for 200 seconds at Sun Mar 29 13:37:08 UTC 2020
3 ms. Memory: 51200K Free: 32745K (64%)
ptolemy.util.test.WatchDog.cancel(): canceling Sun Mar 29 13:37:08 UTC 2020
auto.tcl: Setting watchdog for 200 seconds at Sun Mar 29 13:37:08 UTC 2020
2 ms. Memory: 51200K Free: 32320K (63%)
ptolemy.util.test.WatchDog.cancel(): canceling Sun Mar 29 13:37:08 UTC 2020
------------------ testing $PTII/ptolemy/domains/de/test/auto/TimingParadox.xml
auto.tcl: Setting watchdog for 200 seconds at Sun Mar 29 13:37:08 UTC 2020
261 ms. Memory: 51200K Free: 19875K (39%)
ptolemy.util.test.WatchDog.cancel(): canceling Sun Mar 29 13:37:09 UTC 2020
auto.tcl: Setting watchdog for 200 seconds at Sun Mar 29 13:37:09 UTC 2020
255 ms. Memory: 51200K Free: 10047K (20%)
ptolemy.util.test.WatchDog.cancel(): canceling Sun Mar 29 13:37:09 UTC 2020
------------------ testing $PTII/ptolemy/domains/de/test/auto/TransferInputs.xml
auto.tcl: Setting watchdog for 200 seconds at Sun Mar 29 13:37:09 UTC 2020
2 ms. Memory: 51200K Free: 30788K (60%)
ptolemy.util.test.WatchDog.cancel(): canceling Sun Mar 29 13:37:09 UTC 2020
auto.tcl: Setting watchdog for 200 seconds at Sun Mar 29 13:37:09 UTC 2020
2 ms. Memory: 51200K Free: 29873K (58%)
ptolemy.util.test.WatchDog.cancel(): canceling Sun Mar 29 13:37:09 UTC 2020
------------------ testing $PTII/ptolemy/domains/de/test/auto/TransferOutputs2.xml
auto.tcl: Setting watchdog for 200 seconds at Sun Mar 29 13:37:09 UTC 2020
3 ms. Memory: 51200K Free: 28230K (55%)
ptolemy.util.test.WatchDog.cancel(): canceling Sun Mar 29 13:37:09 UTC 2020
auto.tcl: Setting watchdog for 200 seconds at Sun Mar 29 13:37:09 UTC 2020
3 ms. Memory: 51200K Free: 26804K (52%)
ptolemy.util.test.WatchDog.cancel(): canceling Sun Mar 29 13:37:09 UTC 2020
------------------ testing $PTII/ptolemy/domains/de/test/auto/Trilateration.xml
auto.tcl: Setting watchdog for 200 seconds at Sun Mar 29 13:37:09 UTC 2020
11243 ms. Memory: 499712K Free: 182841K (37%)
ptolemy.util.test.WatchDog.cancel(): canceling Sun Mar 29 13:37:22 UTC 2020
auto.tcl: Setting watchdog for 200 seconds at Sun Mar 29 13:37:22 UTC 2020
8753 ms. Memory: 499712K Free: 216343K (43%)
ptolemy.util.test.WatchDog.cancel(): canceling Sun Mar 29 13:37:30 UTC 2020
------------------ testing $PTII/ptolemy/domains/de/test/auto/TwoSigmaDelta.xml
auto.tcl: Setting watchdog for 200 seconds at Sun Mar 29 13:37:30 UTC 2020
2169 ms. Memory: 92160K Free: 37148K (40%)
ptolemy.util.test.WatchDog.cancel(): canceling Sun Mar 29 13:37:33 UTC 2020
auto.tcl: Setting watchdog for 200 seconds at Sun Mar 29 13:37:33 UTC 2020
1792 ms. Memory: 92160K Free: 42299K (46%)
ptolemy.util.test.WatchDog.cancel(): canceling Sun Mar 29 13:37:35 UTC 2020
------------------ testing $PTII/ptolemy/domains/de/test/auto/VariableDelay.xml
auto.tcl: Setting watchdog for 200 seconds at Sun Mar 29 13:37:35 UTC 2020
4 ms. Memory: 55296K Free: 35364K (64%)
ptolemy.util.test.WatchDog.cancel(): canceling Sun Mar 29 13:37:35 UTC 2020
auto.tcl: Setting watchdog for 200 seconds at Sun Mar 29 13:37:35 UTC 2020
2 ms. Memory: 55296K Free: 34370K (62%)
ptolemy.util.test.WatchDog.cancel(): canceling Sun Mar 29 13:37:35 UTC 2020
------------------ testing $PTII/ptolemy/domains/de/test/auto/VariableDelay2.xml
auto.tcl: Setting watchdog for 200 seconds at Sun Mar 29 13:37:35 UTC 2020
7 ms. Memory: 55296K Free: 35779K (65%)
ptolemy.util.test.WatchDog.cancel(): canceling Sun Mar 29 13:37:35 UTC 2020
auto.tcl: Setting watchdog for 200 seconds at Sun Mar 29 13:37:35 UTC 2020
1 ms. Memory: 55296K Free: 35283K (64%)
ptolemy.util.test.WatchDog.cancel(): canceling Sun Mar 29 13:37:35 UTC 2020
------------------ testing $PTII/ptolemy/domains/de/test/auto/VariableDelayZeroDelay.xml
auto.tcl: Setting watchdog for 200 seconds at Sun Mar 29 13:37:35 UTC 2020
2 ms. Memory: 51200K Free: 32210K (63%)
ptolemy.util.test.WatchDog.cancel(): canceling Sun Mar 29 13:37:35 UTC 2020
auto.tcl: Setting watchdog for 200 seconds at Sun Mar 29 13:37:35 UTC 2020
2 ms. Memory: 51200K Free: 31671K (62%)
ptolemy.util.test.WatchDog.cancel(): canceling Sun Mar 29 13:37:35 UTC 2020
------------------ testing $PTII/ptolemy/domains/de/test/auto/VariableDelayZeroDelay2.xml
auto.tcl: Setting watchdog for 200 seconds at Sun Mar 29 13:37:35 UTC 2020
2 ms. Memory: 51200K Free: 32209K (63%)
ptolemy.util.test.WatchDog.cancel(): canceling Sun Mar 29 13:37:35 UTC 2020
auto.tcl: Setting watchdog for 200 seconds at Sun Mar 29 13:37:35 UTC 2020
1 ms. Memory: 51200K Free: 31220K (61%)
ptolemy.util.test.WatchDog.cancel(): canceling Sun Mar 29 13:37:35 UTC 2020
------------------ testing $PTII/ptolemy/domains/de/test/auto/deInCt.xml
auto.tcl: Setting watchdog for 200 seconds at Sun Mar 29 13:37:35 UTC 2020
0
1
1
1
1
1
0
0
0
1
1
0
0
1
1
1
0
0
0
1
1
1
0
0
0
1
1
0
0
1
1
1
0
0
0
0
1
1
0
0
0
1
1
1
0
0
0
1
1
1
1
0
0
0
12 ms. Memory: 51200K Free: 31182K (61%)
ptolemy.util.test.WatchDog.cancel(): canceling Sun Mar 29 13:37:35 UTC 2020
auto.tcl: Setting watchdog for 200 seconds at Sun Mar 29 13:37:35 UTC 2020
0
1
1
1
0
0
0
0
1
1
1
0
0
0
1
1
1
1
1
1
1
0
0
0
0
1
1
1
1
6 ms. Memory: 51200K Free: 29645K (58%)
ptolemy.util.test.WatchDog.cancel(): canceling Sun Mar 29 13:37:35 UTC 2020
------------------ testing $PTII/ptolemy/domains/de/test/auto/deInCt2.xml
auto.tcl: Setting watchdog for 200 seconds at Sun Mar 29 13:37:35 UTC 2020
0
1
1
1
0
0
1
1
1
0
0
1
1
1
0
0
1
1
1
0
0
1
1
1
0
0
1
1
1
0
0
1
1
1
0
0
1
1
1
0
0
0
7 ms. Memory: 51200K Free: 31183K (61%)
ptolemy.util.test.WatchDog.cancel(): canceling Sun Mar 29 13:37:35 UTC 2020
auto.tcl: Setting watchdog for 200 seconds at Sun Mar 29 13:37:35 UTC 2020
0
1
1
1
0
0
1
1
1
0
0
1
1
1
0
0
1
1
1
0
0
1
1
1
0
0
1
1
1
0
0
1
1
1
0
0
1
1
1
0
0
0
5 ms. Memory: 51200K Free: 29638K (58%)
ptolemy.util.test.WatchDog.cancel(): canceling Sun Mar 29 13:37:35 UTC 2020
------------------ testing $PTII/ptolemy/domains/de/test/auto/dynamicCausalityInterface1.xml
auto.tcl: Setting watchdog for 200 seconds at Sun Mar 29 13:37:35 UTC 2020
1 ms. Memory: 51200K Free: 27081K (53%)
ptolemy.util.test.WatchDog.cancel(): canceling Sun Mar 29 13:37:35 UTC 2020
auto.tcl: Setting watchdog for 200 seconds at Sun Mar 29 13:37:35 UTC 2020
0 ms. Memory: 51200K Free: 26590K (52%)
ptolemy.util.test.WatchDog.cancel(): canceling Sun Mar 29 13:37:35 UTC 2020
------------------ testing $PTII/ptolemy/domains/de/test/auto/fsm_de_test.xml
auto.tcl: Setting watchdog for 200 seconds at Sun Mar 29 13:37:35 UTC 2020
7 ms. Memory: 51200K Free: 26981K (53%)
ptolemy.util.test.WatchDog.cancel(): canceling Sun Mar 29 13:37:35 UTC 2020
auto.tcl: Setting watchdog for 200 seconds at Sun Mar 29 13:37:35 UTC 2020
6 ms. Memory: 51200K Free: 24933K (49%)
ptolemy.util.test.WatchDog.cancel(): canceling Sun Mar 29 13:37:35 UTC 2020
------------------ testing $PTII/ptolemy/domains/de/test/auto/functionDependencyReconstruction.xml
auto.tcl: Setting watchdog for 200 seconds at Sun Mar 29 13:37:35 UTC 2020
3 ms. Memory: 51200K Free: 20825K (41%)
ptolemy.util.test.WatchDog.cancel(): canceling Sun Mar 29 13:37:35 UTC 2020
auto.tcl: Setting watchdog for 200 seconds at Sun Mar 29 13:37:35 UTC 2020
2 ms. Memory: 51200K Free: 18813K (37%)
ptolemy.util.test.WatchDog.cancel(): canceling Sun Mar 29 13:37:35 UTC 2020
------------------ testing $PTII/ptolemy/domains/de/test/auto/multirate.xml
auto.tcl: Setting watchdog for 200 seconds at Sun Mar 29 13:37:35 UTC 2020
2 ms. Memory: 51200K Free: 29555K (58%)
ptolemy.util.test.WatchDog.cancel(): canceling Sun Mar 29 13:37:35 UTC 2020
auto.tcl: Setting watchdog for 200 seconds at Sun Mar 29 13:37:35 UTC 2020
3 ms. Memory: 51200K Free: 27876K (54%)
ptolemy.util.test.WatchDog.cancel(): canceling Sun Mar 29 13:37:35 UTC 2020
------------------ testing $PTII/ptolemy/domains/de/test/auto/multirate2.xml
auto.tcl: Setting watchdog for 200 seconds at Sun Mar 29 13:37:35 UTC 2020
2 ms. Memory: 51200K Free: 29776K (58%)
ptolemy.util.test.WatchDog.cancel(): canceling Sun Mar 29 13:37:35 UTC 2020
auto.tcl: Setting watchdog for 200 seconds at Sun Mar 29 13:37:35 UTC 2020
3 ms. Memory: 51200K Free: 28057K (55%)
ptolemy.util.test.WatchDog.cancel(): canceling Sun Mar 29 13:37:35 UTC 2020
------------------ testing $PTII/ptolemy/domains/de/test/auto/realtime.xml
auto.tcl: Setting watchdog for 200 seconds at Sun Mar 29 13:37:35 UTC 2020
10002 ms. Memory: 51200K Free: 31840K (62%)
ptolemy.util.test.WatchDog.cancel(): canceling Sun Mar 29 13:37:45 UTC 2020
auto.tcl: Setting watchdog for 200 seconds at Sun Mar 29 13:37:45 UTC 2020
10001 ms. Memory: 51200K Free: 31127K (61%)
ptolemy.util.test.WatchDog.cancel(): canceling Sun Mar 29 13:37:55 UTC 2020
------------------ testing $PTII/ptolemy/domains/de/test/auto/relationGroup.xml
auto.tcl: Setting watchdog for 200 seconds at Sun Mar 29 13:37:55 UTC 2020
1 ms. Memory: 51200K Free: 32904K (64%)
ptolemy.util.test.WatchDog.cancel(): canceling Sun Mar 29 13:37:55 UTC 2020
auto.tcl: Setting watchdog for 200 seconds at Sun Mar 29 13:37:55 UTC 2020
1 ms. Memory: 51200K Free: 32177K (63%)
ptolemy.util.test.WatchDog.cancel(): canceling Sun Mar 29 13:37:55 UTC 2020
------------------ testing $PTII/ptolemy/domains/de/test/auto/relationGroup2.xml
auto.tcl: Setting watchdog for 200 seconds at Sun Mar 29 13:37:55 UTC 2020
1 ms. Memory: 51200K Free: 32959K (64%)
ptolemy.util.test.WatchDog.cancel(): canceling Sun Mar 29 13:37:55 UTC 2020
auto.tcl: Setting watchdog for 200 seconds at Sun Mar 29 13:37:55 UTC 2020
1 ms. Memory: 51200K Free: 32415K (63%)
ptolemy.util.test.WatchDog.cancel(): canceling Sun Mar 29 13:37:55 UTC 2020
------------------ testing $PTII/ptolemy/domains/de/test/auto/sortWithOpaquePorts.xml
auto.tcl: Setting watchdog for 200 seconds at Sun Mar 29 13:37:55 UTC 2020
2 ms. Memory: 51200K Free: 31707K (62%)
ptolemy.util.test.WatchDog.cancel(): canceling Sun Mar 29 13:37:55 UTC 2020
auto.tcl: Setting watchdog for 200 seconds at Sun Mar 29 13:37:55 UTC 2020
2 ms. Memory: 51200K Free: 30683K (60%)
ptolemy.util.test.WatchDog.cancel(): canceling Sun Mar 29 13:37:55 UTC 2020
------------------ testing $PTII/ptolemy/domains/de/test/auto/transferInputsandOutputs.xml
auto.tcl: Setting watchdog for 200 seconds at Sun Mar 29 13:37:56 UTC 2020
2 ms. Memory: 51200K Free: 29150K (57%)
ptolemy.util.test.WatchDog.cancel(): canceling Sun Mar 29 13:37:56 UTC 2020
auto.tcl: Setting watchdog for 200 seconds at Sun Mar 29 13:37:56 UTC 2020
1 ms. Memory: 51200K Free: 28126K (55%)
ptolemy.util.test.WatchDog.cancel(): canceling Sun Mar 29 13:37:56 UTC 2020
------------------ testing $PTII/ptolemy/domains/de/test/auto/triggerType.xml
auto.tcl: Setting watchdog for 200 seconds at Sun Mar 29 13:37:56 UTC 2020
2 ms. Memory: 51200K Free: 32174K (63%)
ptolemy.util.test.WatchDog.cancel(): canceling Sun Mar 29 13:37:56 UTC 2020
auto.tcl: Setting watchdog for 200 seconds at Sun Mar 29 13:37:56 UTC 2020
1 ms. Memory: 51200K Free: 31162K (61%)
ptolemy.util.test.WatchDog.cancel(): canceling Sun Mar 29 13:37:56 UTC 2020
03/29/20 01:37:56
Failed: 0  Total Tests: 192  ((Passed: 187, Newly Passed: 1)  Known Failed: 5) /home/travis/build/icyphy/ptII/ptolemy/domains/de/test
03/29/20 01:37:56
Failed: 0  Total Tests: 192  ((Passed: 187, Newly Passed: 1)  Known Failed: 5) /home/travis/build/icyphy/ptII/ptolemy/domains/de/test
----------------- testing (KnownFailure) /home/travis/build/icyphy/ptII/ptolemy/domains/de/test/auto/knownFailedTests/DESDFClockTest.xml
2010 ms. Memory: 51200K Free: 25059K (49%)
Known Failure: java.lang.reflect.InvocationTargetException
----------------- testing (KnownFailure) /home/travis/build/icyphy/ptII/ptolemy/domains/de/test/auto/knownFailedTests/DirectFeedback.xml
2 ms. Memory: 51200K Free: 21473K (42%)
Known Failure: java.lang.reflect.InvocationTargetException
----------------- testing (KnownFailure) /home/travis/build/icyphy/ptII/ptolemy/domains/de/test/auto/knownFailedTests/FSMSource.xml
18 ms. Memory: 51200K Free: 13281K (26%)
----------------- testing (KnownFailure) /home/travis/build/icyphy/ptII/ptolemy/domains/de/test/auto/knownFailedTests/HierarchicalModel.xml
3 ms. Memory: 51200K Free: 25611K (50%)
Known Failure: java.lang.reflect.InvocationTargetException
----------------- testing (KnownFailure) /home/travis/build/icyphy/ptII/ptolemy/domains/de/test/auto/knownFailedTests/dependencyLoop.xml
2 ms. Memory: 51200K Free: 10251K (20%)
Known Failure: java.lang.reflect.InvocationTargetException
----------------- testing (KnownFailure) /home/travis/build/icyphy/ptII/ptolemy/domains/de/test/auto/knownFailedTests/dependencyLoop2.xml
3 ms. Memory: 51200K Free: 22389K (44%)
Known Failure: java.lang.reflect.InvocationTargetException
No auto/linux-amd64/*.xml tests in /home/travis/build/icyphy/ptII/ptolemy/domains/de/test
AutoTests.java: About to close Vertx.
AutoTests.java: Vertx closed.

===========================================================================================
----------------- testing Sun Mar 29 13:37:58 UTC 2020 /home/travis/build/icyphy/ptII/ptolemy/domains/de/test/auto/ActorDepthCalculation_actorWithoutPorts.xml
----------------- Instantiating /home/travis/build/icyphy/ptII/ptolemy/domains/de/test/auto/ActorDepthCalculation_actorWithoutPorts.xml
2 ms. Memory: 51200K Free: 15653K (31%)
----------------- Invoking toplevel() on ptolemy.moml.MoMLSimpleApplication@4ffe5896
----------------- Done invoking toplevel() on ptolemy.moml.MoMLSimpleApplication@4ffe5896
reloadAllAccessors: .ActorDepthCalculation_actorWithoutPorts

===========================================================================================
----------------- testing Sun Mar 29 13:37:58 UTC 2020 /home/travis/build/icyphy/ptII/ptolemy/domains/de/test/auto/AssemblyLine.xml
----------------- Instantiating /home/travis/build/icyphy/ptII/ptolemy/domains/de/test/auto/AssemblyLine.xml
3 ms. Memory: 51200K Free: 8467K (17%)
----------------- Invoking toplevel() on ptolemy.moml.MoMLSimpleApplication@6ba39311
----------------- Done invoking toplevel() on ptolemy.moml.MoMLSimpleApplication@6ba39311
reloadAllAccessors: .AssemblyLine

===========================================================================================
----------------- testing Sun Mar 29 13:37:58 UTC 2020 /home/travis/build/icyphy/ptII/ptolemy/domains/de/test/auto/CQBug1.xml
----------------- Instantiating /home/travis/build/icyphy/ptII/ptolemy/domains/de/test/auto/CQBug1.xml
2 ms. Memory: 51200K Free: 33086K (65%)
----------------- Invoking toplevel() on ptolemy.moml.MoMLSimpleApplication@5f0081cc
----------------- Done invoking toplevel() on ptolemy.moml.MoMLSimpleApplication@5f0081cc
reloadAllAccessors: .CQBug1

===========================================================================================
----------------- testing Sun Mar 29 13:37:58 UTC 2020 /home/travis/build/icyphy/ptII/ptolemy/domains/de/test/auto/CancelFireAt.xml
----------------- Instantiating /home/travis/build/icyphy/ptII/ptolemy/domains/de/test/auto/CancelFireAt.xml
1 ms. Memory: 51200K Free: 30645K (60%)
----------------- Invoking toplevel() on ptolemy.moml.MoMLSimpleApplication@7a5c0c3
----------------- Done invoking toplevel() on ptolemy.moml.MoMLSimpleApplication@7a5c0c3
reloadAllAccessors: .CancelFireAt

===========================================================================================
----------------- testing Sun Mar 29 13:37:58 UTC 2020 /home/travis/build/icyphy/ptII/ptolemy/domains/de/test/auto/CausalityAndComposabilityAnalysis.xml
----------------- Instantiating /home/travis/build/icyphy/ptII/ptolemy/domains/de/test/auto/CausalityAndComposabilityAnalysis.xml
1 ms. Memory: 51200K Free: 26266K (51%)
----------------- Invoking toplevel() on ptolemy.moml.MoMLSimpleApplication@fe2a384
----------------- Done invoking toplevel() on ptolemy.moml.MoMLSimpleApplication@fe2a384
reloadAllAccessors: .CausalityAndComposabilityAnalysis

===========================================================================================
----------------- testing Sun Mar 29 13:37:58 UTC 2020 /home/travis/build/icyphy/ptII/ptolemy/domains/de/test/auto/CausalityInterface1.xml
----------------- Instantiating /home/travis/build/icyphy/ptII/ptolemy/domains/de/test/auto/CausalityInterface1.xml
4 ms. Memory: 51200K Free: 21130K (41%)
----------------- Invoking toplevel() on ptolemy.moml.MoMLSimpleApplication@45c88a7b
----------------- Done invoking toplevel() on ptolemy.moml.MoMLSimpleApplication@45c88a7b
reloadAllAccessors: .CausalityInterface1

===========================================================================================
----------------- testing Sun Mar 29 13:37:58 UTC 2020 /home/travis/build/icyphy/ptII/ptolemy/domains/de/test/auto/CausalityInterface15.xml
----------------- Instantiating /home/travis/build/icyphy/ptII/ptolemy/domains/de/test/auto/CausalityInterface15.xml
2 ms. Memory: 51200K Free: 15708K (31%)
----------------- Invoking toplevel() on ptolemy.moml.MoMLSimpleApplication@de3f23d
----------------- Done invoking toplevel() on ptolemy.moml.MoMLSimpleApplication@de3f23d
reloadAllAccessors: .CausalityInterface15

===========================================================================================
----------------- testing Sun Mar 29 13:37:58 UTC 2020 /home/travis/build/icyphy/ptII/ptolemy/domains/de/test/auto/CausalityInterface2.xml
----------------- Instantiating /home/travis/build/icyphy/ptII/ptolemy/domains/de/test/auto/CausalityInterface2.xml
1 ms. Memory: 51200K Free: 11143K (22%)
[...]
	at ptolemy.actor.Manager.run(Manager.java:1263)
	at ptolemy.actor.Manager$PtolemyRunThread.run(Manager.java:1933)
java.lang.RuntimeException: Execution failed
	at ptolemy.moml.MoMLSimpleApplication$UnloadThread.run(MoMLSimpleApplication.java:402)
Caused by: ptolemy.kernel.util.IllegalActionException: Actor is not ready to fire.  Perhaps UpSample.prefire() returned false? Try debugging the actor by selecting "Listen to Actor".  Also, for SDF check moml for tokenConsumptionRate on input.
  in .DESDFClockTest.Play Bell.Copy1:SDF Director and .DESDFClockTest.Play Bell.UpSample
	at ptolemy.actor.sched.StaticSchedulingDirector.fire(StaticSchedulingDirector.java:227)
	at ptolemy.domains.sdf.kernel.SDFDirector.fire(SDFDirector.java:500)
	at ptolemy.actor.CompositeActor.fire(CompositeActor.java:455)
	at ptolemy.domains.de.kernel.DEDirector._fire(DEDirector.java:1949)
	at ptolemy.domains.de.kernel.DEDirector.fire(DEDirector.java:502)
	at ptolemy.actor.CompositeActor.fire(CompositeActor.java:455)
	at ptolemy.actor.Manager.iterate(Manager.java:851)
	at ptolemy.actor.Manager.execute(Manager.java:369)
	at ptolemy.actor.Manager.run(Manager.java:1263)
	at ptolemy.actor.Manager$PtolemyRunThread.run(Manager.java:1933)
java.lang.reflect.InvocationTargetException
	at java.base/jdk.internal.reflect.NativeConstructorAccessorImpl.newInstance0(Native Method)
	at java.base/jdk.internal.reflect.NativeConstructorAccessorImpl.newInstance(NativeConstructorAccessorImpl.java:62)
	at java.base/jdk.internal.reflect.DelegatingConstructorAccessorImpl.newInstance(DelegatingConstructorAccessorImpl.java:45)
	at java.base/java.lang.reflect.Constructor.newInstance(Constructor.java:490)
	at ptolemy.util.test.junit.AutoKnownFailedTests.RunModel(AutoKnownFailedTests.java:105)
	at java.base/jdk.internal.reflect.NativeMethodAccessorImpl.invoke0(Native Method)
	at java.base/jdk.internal.reflect.NativeMethodAccessorImpl.invoke(NativeMethodAccessorImpl.java:62)
	at java.base/jdk.internal.reflect.DelegatingMethodAccessorImpl.invoke(DelegatingMethodAccessorImpl.java:43)
	at java.base/java.lang.reflect.Method.invoke(Method.java:566)
	at org.junit.runners.model.FrameworkMethod$1.runReflectiveCall(FrameworkMethod.java:44)
	at org.junit.internal.runners.model.ReflectiveCallable.run(ReflectiveCallable.java:15)
	at org.junit.runners.model.FrameworkMethod.invokeExplosively(FrameworkMethod.java:41)
	at junitparams.internal.InvokeParameterisedMethod.evaluate(InvokeParameterisedMethod.java:102)
	at org.junit.internal.runners.statements.FailOnTimeout$1.run(FailOnTimeout.java:28)
Caused by: ptolemy.kernel.util.IllegalActionException: Actor is not ready to fire.  Perhaps UpSample.prefire() returned false? Try debugging the actor by selecting "Listen to Actor".  Also, for SDF check moml for tokenConsumptionRate on input.
  in .DESDFClockTest.Play Bell.Copy1:SDF Director and .DESDFClockTest.Play Bell.UpSample
	at ptolemy.actor.sched.StaticSchedulingDirector.fire(StaticSchedulingDirector.java:227)
	at ptolemy.domains.sdf.kernel.SDFDirector.fire(SDFDirector.java:500)
	at ptolemy.actor.CompositeActor.fire(CompositeActor.java:455)
	at ptolemy.domains.de.kernel.DEDirector._fire(DEDirector.java:1949)
	at ptolemy.domains.de.kernel.DEDirector.fire(DEDirector.java:502)
	at ptolemy.actor.CompositeActor.fire(CompositeActor.java:455)
	at ptolemy.actor.Manager.iterate(Manager.java:851)
	at ptolemy.actor.Manager.execute(Manager.java:369)
	at ptolemy.actor.Manager.run(Manager.java:1263)
	at ptolemy.actor.Manager$PtolemyRunThread.run(Manager.java:1933)
java.lang.RuntimeException: Execution failed
	at ptolemy.moml.MoMLSimpleApplication$UnloadThread.run(MoMLSimpleApplication.java:402)
Caused by: ptolemy.kernel.util.IllegalActionException: Test fails in iteration 1.
Value was: 1.0. Should have been: 2.0
  in .DirectFeedback.Test
	at ptolemy.actor.lib.Test.fire(Test.java:268)
	at ptolemy.domains.de.kernel.DEDirector._fire(DEDirector.java:1949)
	at ptolemy.domains.de.kernel.DEDirector.fire(DEDirector.java:502)
	at ptolemy.actor.CompositeActor.fire(CompositeActor.java:455)
	at ptolemy.actor.Manager.iterate(Manager.java:851)
	at ptolemy.actor.Manager.execute(Manager.java:369)
	at ptolemy.actor.Manager.run(Manager.java:1263)
	at ptolemy.actor.Manager$PtolemyRunThread.run(Manager.java:1933)
java.lang.reflect.InvocationTargetException
	at java.base/jdk.internal.reflect.NativeConstructorAccessorImpl.newInstance0(Native Method)
	at java.base/jdk.internal.reflect.NativeConstructorAccessorImpl.newInstance(NativeConstructorAccessorImpl.java:62)
	at java.base/jdk.internal.reflect.DelegatingConstructorAccessorImpl.newInstance(DelegatingConstructorAccessorImpl.java:45)
	at java.base/java.lang.reflect.Constructor.newInstance(Constructor.java:490)
	at ptolemy.util.test.junit.AutoKnownFailedTests.RunModel(AutoKnownFailedTests.java:105)
	at java.base/jdk.internal.reflect.NativeMethodAccessorImpl.invoke0(Native Method)
	at java.base/jdk.internal.reflect.NativeMethodAccessorImpl.invoke(NativeMethodAccessorImpl.java:62)
	at java.base/jdk.internal.reflect.DelegatingMethodAccessorImpl.invoke(DelegatingMethodAccessorImpl.java:43)
	at java.base/java.lang.reflect.Method.invoke(Method.java:566)
	at org.junit.runners.model.FrameworkMethod$1.runReflectiveCall(FrameworkMethod.java:44)
	at org.junit.internal.runners.model.ReflectiveCallable.run(ReflectiveCallable.java:15)
	at org.junit.runners.model.FrameworkMethod.invokeExplosively(FrameworkMethod.java:41)
	at junitparams.internal.InvokeParameterisedMethod.evaluate(InvokeParameterisedMethod.java:102)
	at org.junit.internal.runners.statements.FailOnTimeout$1.run(FailOnTimeout.java:28)
Caused by: ptolemy.kernel.util.IllegalActionException: Test fails in iteration 1.
Value was: 1.0. Should have been: 2.0
  in .DirectFeedback.Test
	at ptolemy.actor.lib.Test.fire(Test.java:268)
	at ptolemy.domains.de.kernel.DEDirector._fire(DEDirector.java:1949)
	at ptolemy.domains.de.kernel.DEDirector.fire(DEDirector.java:502)
	at ptolemy.actor.CompositeActor.fire(CompositeActor.java:455)
	at ptolemy.actor.Manager.iterate(Manager.java:851)
	at ptolemy.actor.Manager.execute(Manager.java:369)
	at ptolemy.actor.Manager.run(Manager.java:1263)
	at ptolemy.actor.Manager$PtolemyRunThread.run(Manager.java:1933)
java.lang.RuntimeException: Execution failed
	at ptolemy.moml.MoMLSimpleApplication$UnloadThread.run(MoMLSimpleApplication.java:402)
Caused by: ptolemy.kernel.util.IllegalActionException: Found a zero delay loop containing .HierarchicalModel.A
  in .HierarchicalModel and .HierarchicalModel.A
	at ptolemy.actor.util.CausalityInterfaceForComposites._computeOutputPortDepth(CausalityInterfaceForComposites.java:759)
	at ptolemy.actor.util.CausalityInterfaceForComposites._computeInputDepth(CausalityInterfaceForComposites.java:696)
	at ptolemy.actor.util.CausalityInterfaceForComposites._computeOutputPortDepth(CausalityInterfaceForComposites.java:765)
	at ptolemy.actor.util.CausalityInterfaceForComposites._computeInputDepth(CausalityInterfaceForComposites.java:696)
	at ptolemy.actor.util.CausalityInterfaceForComposites._computeOutputPortDepth(CausalityInterfaceForComposites.java:765)
	at ptolemy.actor.util.CausalityInterfaceForComposites._computeInputDepth(CausalityInterfaceForComposites.java:696)
	at ptolemy.actor.util.CausalityInterfaceForComposites._computeActorDepth(CausalityInterfaceForComposites.java:532)
	at ptolemy.actor.util.CausalityInterfaceForComposites.checkForCycles(CausalityInterfaceForComposites.java:96)
	at ptolemy.domains.de.kernel.DEDirector.preinitialize(DEDirector.java:1338)
	at ptolemy.actor.CompositeActor.preinitialize(CompositeActor.java:1828)
	at ptolemy.actor.Manager.preinitializeAndResolveTypes(Manager.java:1040)
	at ptolemy.actor.Manager.initialize(Manager.java:710)
	at ptolemy.actor.Manager.execute(Manager.java:356)
	at ptolemy.actor.Manager.run(Manager.java:1263)
	at ptolemy.actor.Manager$PtolemyRunThread.run(Manager.java:1933)
java.lang.reflect.InvocationTargetException
	at java.base/jdk.internal.reflect.NativeConstructorAccessorImpl.newInstance0(Native Method)
	at java.base/jdk.internal.reflect.NativeConstructorAccessorImpl.newInstance(NativeConstructorAccessorImpl.java:62)
	at java.base/jdk.internal.reflect.DelegatingConstructorAccessorImpl.newInstance(DelegatingConstructorAccessorImpl.java:45)
	at java.base/java.lang.reflect.Constructor.newInstance(Constructor.java:490)
	at ptolemy.util.test.junit.AutoKnownFailedTests.RunModel(AutoKnownFailedTests.java:105)
	at java.base/jdk.internal.reflect.NativeMethodAccessorImpl.invoke0(Native Method)
	at java.base/jdk.internal.reflect.NativeMethodAccessorImpl.invoke(NativeMethodAccessorImpl.java:62)
	at java.base/jdk.internal.reflect.DelegatingMethodAccessorImpl.invoke(DelegatingMethodAccessorImpl.java:43)
	at java.base/java.lang.reflect.Method.invoke(Method.java:566)
	at org.junit.runners.model.FrameworkMethod$1.runReflectiveCall(FrameworkMethod.java:44)
	at org.junit.internal.runners.model.ReflectiveCallable.run(ReflectiveCallable.java:15)
	at org.junit.runners.model.FrameworkMethod.invokeExplosively(FrameworkMethod.java:41)
	at junitparams.internal.InvokeParameterisedMethod.evaluate(InvokeParameterisedMethod.java:102)
	at org.junit.internal.runners.statements.FailOnTimeout$1.run(FailOnTimeout.java:28)
Caused by: ptolemy.kernel.util.IllegalActionException: Found a zero delay loop containing .HierarchicalModel.A
  in .HierarchicalModel and .HierarchicalModel.A
	at ptolemy.actor.util.CausalityInterfaceForComposites._computeOutputPortDepth(CausalityInterfaceForComposites.java:759)
	at ptolemy.actor.util.CausalityInterfaceForComposites._computeInputDepth(CausalityInterfaceForComposites.java:696)
	at ptolemy.actor.util.CausalityInterfaceForComposites._computeOutputPortDepth(CausalityInterfaceForComposites.java:765)
	at ptolemy.actor.util.CausalityInterfaceForComposites._computeInputDepth(CausalityInterfaceForComposites.java:696)
	at ptolemy.actor.util.CausalityInterfaceForComposites._computeOutputPortDepth(CausalityInterfaceForComposites.java:765)
	at ptolemy.actor.util.CausalityInterfaceForComposites._computeInputDepth(CausalityInterfaceForComposites.java:696)
	at ptolemy.actor.util.CausalityInterfaceForComposites._computeActorDepth(CausalityInterfaceForComposites.java:532)
	at ptolemy.actor.util.CausalityInterfaceForComposites.checkForCycles(CausalityInterfaceForComposites.java:96)
	at ptolemy.domains.de.kernel.DEDirector.preinitialize(DEDirector.java:1338)
	at ptolemy.actor.CompositeActor.preinitialize(CompositeActor.java:1828)
	at ptolemy.actor.Manager.preinitializeAndResolveTypes(Manager.java:1040)
	at ptolemy.actor.Manager.initialize(Manager.java:710)
	at ptolemy.actor.Manager.execute(Manager.java:356)
	at ptolemy.actor.Manager.run(Manager.java:1263)
	at ptolemy.actor.Manager$PtolemyRunThread.run(Manager.java:1933)
java.lang.RuntimeException: Execution failed
	at ptolemy.moml.MoMLSimpleApplication$UnloadThread.run(MoMLSimpleApplication.java:402)
Caused by: ptolemy.kernel.util.IllegalActionException: Found a zero delay loop containing .dependencyLoop.original
  in .dependencyLoop and .dependencyLoop.original
	at ptolemy.actor.util.CausalityInterfaceForComposites._computeOutputPortDepth(CausalityInterfaceForComposites.java:759)
	at ptolemy.actor.util.CausalityInterfaceForComposites._computeInputDepth(CausalityInterfaceForComposites.java:696)
	at ptolemy.actor.util.CausalityInterfaceForComposites._computeOutputPortDepth(CausalityInterfaceForComposites.java:765)
	at ptolemy.actor.util.CausalityInterfaceForComposites._computeInputDepth(CausalityInterfaceForComposites.java:696)
	at ptolemy.actor.util.CausalityInterfaceForComposites._computeOutputPortDepth(CausalityInterfaceForComposites.java:765)
	at ptolemy.actor.util.CausalityInterfaceForComposites._computeInputDepth(CausalityInterfaceForComposites.java:696)
	at ptolemy.actor.util.CausalityInterfaceForComposites._computeActorDepth(CausalityInterfaceForComposites.java:532)
	at ptolemy.actor.util.CausalityInterfaceForComposites.checkForCycles(CausalityInterfaceForComposites.java:96)
	at ptolemy.domains.de.kernel.DEDirector.preinitialize(DEDirector.java:1338)
	at ptolemy.actor.CompositeActor.preinitialize(CompositeActor.java:1828)
	at ptolemy.actor.Manager.preinitializeAndResolveTypes(Manager.java:1040)
	at ptolemy.actor.Manager.initialize(Manager.java:710)
	at ptolemy.actor.Manager.execute(Manager.java:356)
	at ptolemy.actor.Manager.run(Manager.java:1263)
	at ptolemy.actor.Manager$PtolemyRunThread.run(Manager.java:1933)
java.lang.reflect.InvocationTargetException
	at java.base/jdk.internal.reflect.NativeConstructorAccessorImpl.newInstance0(Native Method)
	at java.base/jdk.internal.reflect.NativeConstructorAccessorImpl.newInstance(NativeConstructorAccessorImpl.java:62)
	at java.base/jdk.internal.reflect.DelegatingConstructorAccessorImpl.newInstance(DelegatingConstructorAccessorImpl.java:45)
	at java.base/java.lang.reflect.Constructor.newInstance(Constructor.java:490)
	at ptolemy.util.test.junit.AutoKnownFailedTests.RunModel(AutoKnownFailedTests.java:105)
	at java.base/jdk.internal.reflect.NativeMethodAccessorImpl.invoke0(Native Method)
	at java.base/jdk.internal.reflect.NativeMethodAccessorImpl.invoke(NativeMethodAccessorImpl.java:62)
	at java.base/jdk.internal.reflect.DelegatingMethodAccessorImpl.invoke(DelegatingMethodAccessorImpl.java:43)
	at java.base/java.lang.reflect.Method.invoke(Method.java:566)
	at org.junit.runners.model.FrameworkMethod$1.runReflectiveCall(FrameworkMethod.java:44)
	at org.junit.internal.runners.model.ReflectiveCallable.run(ReflectiveCallable.java:15)
	at org.junit.runners.model.FrameworkMethod.invokeExplosively(FrameworkMethod.java:41)
	at junitparams.internal.InvokeParameterisedMethod.evaluate(InvokeParameterisedMethod.java:102)
	at org.junit.internal.runners.statements.FailOnTimeout$1.run(FailOnTimeout.java:28)
Caused by: ptolemy.kernel.util.IllegalActionException: Found a zero delay loop containing .dependencyLoop.original
  in .dependencyLoop and .dependencyLoop.original
	at ptolemy.actor.util.CausalityInterfaceForComposites._computeOutputPortDepth(CausalityInterfaceForComposites.java:759)
	at ptolemy.actor.util.CausalityInterfaceForComposites._computeInputDepth(CausalityInterfaceForComposites.java:696)
	at ptolemy.actor.util.CausalityInterfaceForComposites._computeOutputPortDepth(CausalityInterfaceForComposites.java:765)
	at ptolemy.actor.util.CausalityInterfaceForComposites._computeInputDepth(CausalityInterfaceForComposites.java:696)
	at ptolemy.actor.util.CausalityInterfaceForComposites._computeOutputPortDepth(CausalityInterfaceForComposites.java:765)
	at ptolemy.actor.util.CausalityInterfaceForComposites._computeInputDepth(CausalityInterfaceForComposites.java:696)
	at ptolemy.actor.util.CausalityInterfaceForComposites._computeActorDepth(CausalityInterfaceForComposites.java:532)
	at ptolemy.actor.util.CausalityInterfaceForComposites.checkForCycles(CausalityInterfaceForComposites.java:96)
	at ptolemy.domains.de.kernel.DEDirector.preinitialize(DEDirector.java:1338)
	at ptolemy.actor.CompositeActor.preinitialize(CompositeActor.java:1828)
	at ptolemy.actor.Manager.preinitializeAndResolveTypes(Manager.java:1040)
	at ptolemy.actor.Manager.initialize(Manager.java:710)
	at ptolemy.actor.Manager.execute(Manager.java:356)
	at ptolemy.actor.Manager.run(Manager.java:1263)
	at ptolemy.actor.Manager$PtolemyRunThread.run(Manager.java:1933)
java.lang.RuntimeException: Execution failed
	at ptolemy.moml.MoMLSimpleApplication$UnloadThread.run(MoMLSimpleApplication.java:402)
Caused by: ptolemy.kernel.util.IllegalActionException: Found a zero delay loop containing .dependencyLoop2.original
  in .dependencyLoop2 and .dependencyLoop2.original
	at ptolemy.actor.util.CausalityInterfaceForComposites._computeOutputPortDepth(CausalityInterfaceForComposites.java:759)
	at ptolemy.actor.util.CausalityInterfaceForComposites._computeInputDepth(CausalityInterfaceForComposites.java:696)
	at ptolemy.actor.util.CausalityInterfaceForComposites._computeOutputPortDepth(CausalityInterfaceForComposites.java:765)
	at ptolemy.actor.util.CausalityInterfaceForComposites._computeInputDepth(CausalityInterfaceForComposites.java:696)
	at ptolemy.actor.util.CausalityInterfaceForComposites._computeOutputPortDepth(CausalityInterfaceForComposites.java:765)
	at ptolemy.actor.util.CausalityInterfaceForComposites._computeInputDepth(CausalityInterfaceForComposites.java:696)
	at ptolemy.actor.util.CausalityInterfaceForComposites._computeActorDepth(CausalityInterfaceForComposites.java:532)
	at ptolemy.actor.util.CausalityInterfaceForComposites.checkForCycles(CausalityInterfaceForComposites.java:96)
	at ptolemy.domains.de.kernel.DEDirector.preinitialize(DEDirector.java:1338)
	at ptolemy.actor.CompositeActor.preinitialize(CompositeActor.java:1828)
	at ptolemy.actor.Manager.preinitializeAndResolveTypes(Manager.java:1040)
	at ptolemy.actor.Manager.initialize(Manager.java:710)
	at ptolemy.actor.Manager.execute(Manager.java:356)
	at ptolemy.actor.Manager.run(Manager.java:1263)
	at ptolemy.actor.Manager$PtolemyRunThread.run(Manager.java:1933)
java.lang.reflect.InvocationTargetException
	at java.base/jdk.internal.reflect.NativeConstructorAccessorImpl.newInstance0(Native Method)
	at java.base/jdk.internal.reflect.NativeConstructorAccessorImpl.newInstance(NativeConstructorAccessorImpl.java:62)
	at java.base/jdk.internal.reflect.DelegatingConstructorAccessorImpl.newInstance(DelegatingConstructorAccessorImpl.java:45)
	at java.base/java.lang.reflect.Constructor.newInstance(Constructor.java:490)
	at ptolemy.util.test.junit.AutoKnownFailedTests.RunModel(AutoKnownFailedTests.java:105)
	at java.base/jdk.internal.reflect.NativeMethodAccessorImpl.invoke0(Native Method)
	at java.base/jdk.internal.reflect.NativeMethodAccessorImpl.invoke(NativeMethodAccessorImpl.java:62)
	at java.base/jdk.internal.reflect.DelegatingMethodAccessorImpl.invoke(DelegatingMethodAccessorImpl.java:43)
	at java.base/java.lang.reflect.Method.invoke(Method.java:566)
	at org.junit.runners.model.FrameworkMethod$1.runReflectiveCall(FrameworkMethod.java:44)
	at org.junit.internal.runners.model.ReflectiveCallable.run(ReflectiveCallable.java:15)
	at org.junit.runners.model.FrameworkMethod.invokeExplosively(FrameworkMethod.java:41)
	at junitparams.internal.InvokeParameterisedMethod.evaluate(InvokeParameterisedMethod.java:102)
	at org.junit.internal.runners.statements.FailOnTimeout$1.run(FailOnTimeout.java:28)
Caused by: ptolemy.kernel.util.IllegalActionException: Found a zero delay loop containing .dependencyLoop2.original
  in .dependencyLoop2 and .dependencyLoop2.original
	at ptolemy.actor.util.CausalityInterfaceForComposites._computeOutputPortDepth(CausalityInterfaceForComposites.java:759)
	at ptolemy.actor.util.CausalityInterfaceForComposites._computeInputDepth(CausalityInterfaceForComposites.java:696)
	at ptolemy.actor.util.CausalityInterfaceForComposites._computeOutputPortDepth(CausalityInterfaceForComposites.java:765)
	at ptolemy.actor.util.CausalityInterfaceForComposites._computeInputDepth(CausalityInterfaceForComposites.java:696)
	at ptolemy.actor.util.CausalityInterfaceForComposites._computeOutputPortDepth(CausalityInterfaceForComposites.java:765)
	at ptolemy.actor.util.CausalityInterfaceForComposites._computeInputDepth(CausalityInterfaceForComposites.java:696)
	at ptolemy.actor.util.CausalityInterfaceForComposites._computeActorDepth(CausalityInterfaceForComposites.java:532)
	at ptolemy.actor.util.CausalityInterfaceForComposites.checkForCycles(CausalityInterfaceForComposites.java:96)
	at ptolemy.domains.de.kernel.DEDirector.preinitialize(DEDirector.java:1338)
	at ptolemy.actor.CompositeActor.preinitialize(CompositeActor.java:1828)
	at ptolemy.actor.Manager.preinitializeAndResolveTypes(Manager.java:1040)
	at ptolemy.actor.Manager.initialize(Manager.java:710)
	at ptolemy.actor.Manager.execute(Manager.java:356)
	at ptolemy.actor.Manager.run(Manager.java:1263)
	at ptolemy.actor.Manager$PtolemyRunThread.run(Manager.java:1933)
]]></system-err>
</testsuite>
