<?xml version="1.0" encoding="UTF-8" ?>
<testsuite errors="0" failures="0" hostname="travis-job-5f914b54-3c5d-4ae6-afdb-be2e1fc72b6e" name="ptolemy.domains.de.test.junit.JUnitTclTest" skipped="0" tests="101" time="131.935" timestamp="2019-12-02T06:22:32">
  <properties>
[...]
</properties>
  <testcase classname="ptolemy.util.test.junit.TclTests" name="[0] /home/travis/build/icyphy/ptII/ptolemy/domains/de/test/DependencyLoop.tcl (RunTclFile)" time="1.004" />
  <testcase classname="ptolemy.util.test.junit.TclTests" name="[1] /home/travis/build/icyphy/ptII/ptolemy/domains/de/test/RunDETestsAsQSS.tcl (RunTclFile)" time="88.803" />
  <testcase classname="ptolemy.util.test.junit.AutoKnownFailedTests" name="[0] /home/travis/build/icyphy/ptII/ptolemy/domains/de/test/auto/knownFailedTests/DESDFClockTest.xml (RunModel)" time="2.061" />
  <testcase classname="ptolemy.util.test.junit.AutoKnownFailedTests" name="[1] /home/travis/build/icyphy/ptII/ptolemy/domains/de/test/auto/knownFailedTests/DirectFeedback.xml (RunModel)" time="0.018" />
  <testcase classname="ptolemy.util.test.junit.AutoKnownFailedTests" name="[2] /home/travis/build/icyphy/ptII/ptolemy/domains/de/test/auto/knownFailedTests/FSMSource.xml (RunModel)" time="0.026" />
  <testcase classname="ptolemy.util.test.junit.AutoKnownFailedTests" name="[3] /home/travis/build/icyphy/ptII/ptolemy/domains/de/test/auto/knownFailedTests/HierarchicalModel.xml (RunModel)" time="0.062" />
  <testcase classname="ptolemy.util.test.junit.AutoKnownFailedTests" name="[4] /home/travis/build/icyphy/ptII/ptolemy/domains/de/test/auto/knownFailedTests/dependencyLoop.xml (RunModel)" time="0.058" />
  <testcase classname="ptolemy.util.test.junit.AutoKnownFailedTests" name="[5] /home/travis/build/icyphy/ptII/ptolemy/domains/de/test/auto/knownFailedTests/dependencyLoop2.xml (RunModel)" time="0.051" />
  <testcase classname="ptolemy.util.test.junit.AutoNameArchTests" name="[0] ThereAreNoAutoArchTests (RunModel)" time="0.002" />
  <testcase classname="ptolemy.util.test.junit.AutoTests" name="[0] /home/travis/build/icyphy/ptII/ptolemy/domains/de/test/auto/ActorDepthCalculation_actorWithoutPorts.xml (RunModel)" time="0.021" />
  <testcase classname="ptolemy.util.test.junit.AutoTests" name="[1] /home/travis/build/icyphy/ptII/ptolemy/domains/de/test/auto/AssemblyLine.xml (RunModel)" time="0.027" />
  <testcase classname="ptolemy.util.test.junit.AutoTests" name="[2] /home/travis/build/icyphy/ptII/ptolemy/domains/de/test/auto/CQBug1.xml (RunModel)" time="0.012" />
  <testcase classname="ptolemy.util.test.junit.AutoTests" name="[3] /home/travis/build/icyphy/ptII/ptolemy/domains/de/test/auto/CancelFireAt.xml (RunModel)" time="0.022" />
  <testcase classname="ptolemy.util.test.junit.AutoTests" name="[4] /home/travis/build/icyphy/ptII/ptolemy/domains/de/test/auto/CausalityAndComposabilityAnalysis.xml (RunModel)" time="0.019" />
  <testcase classname="ptolemy.util.test.junit.AutoTests" name="[5] /home/travis/build/icyphy/ptII/ptolemy/domains/de/test/auto/CausalityInterface1.xml (RunModel)" time="0.019" />
  <testcase classname="ptolemy.util.test.junit.AutoTests" name="[6] /home/travis/build/icyphy/ptII/ptolemy/domains/de/test/auto/CausalityInterface15.xml (RunModel)" time="0.016" />
  <testcase classname="ptolemy.util.test.junit.AutoTests" name="[7] /home/travis/build/icyphy/ptII/ptolemy/domains/de/test/auto/CausalityInterface2.xml (RunModel)" time="0.012" />
  <testcase classname="ptolemy.util.test.junit.AutoTests" name="[8] /home/travis/build/icyphy/ptII/ptolemy/domains/de/test/auto/CausalityInterface3.xml (RunModel)" time="0.014" />
  <testcase classname="ptolemy.util.test.junit.AutoTests" name="[9] /home/travis/build/icyphy/ptII/ptolemy/domains/de/test/auto/ClockDrift.xml (RunModel)" time="0.037" />
  <testcase classname="ptolemy.util.test.junit.AutoTests" name="[10] /home/travis/build/icyphy/ptII/ptolemy/domains/de/test/auto/ClockDriftAndValueChange.xml (RunModel)" time="0.036" />
  <testcase classname="ptolemy.util.test.junit.AutoTests" name="[11] /home/travis/build/icyphy/ptII/ptolemy/domains/de/test/auto/ClockDriftChange.xml (RunModel)" time="0.032" />
  <testcase classname="ptolemy.util.test.junit.AutoTests" name="[12] /home/travis/build/icyphy/ptII/ptolemy/domains/de/test/auto/ComposableCausalityAnalysis.xml (RunModel)" time="0.014" />
  <testcase classname="ptolemy.util.test.junit.AutoTests" name="[13] /home/travis/build/icyphy/ptII/ptolemy/domains/de/test/auto/DEFixedPointLimitation.xml (RunModel)" time="0.009" />
  <testcase classname="ptolemy.util.test.junit.AutoTests" name="[14] /home/travis/build/icyphy/ptII/ptolemy/domains/de/test/auto/DEScheduleTest.xml (RunModel)" time="0.012" />
  <testcase classname="ptolemy.util.test.junit.AutoTests" name="[15] /home/travis/build/icyphy/ptII/ptolemy/domains/de/test/auto/DEinDEwithStartTimes.xml (RunModel)" time="0.016" />
  <testcase classname="ptolemy.util.test.junit.AutoTests" name="[16] /home/travis/build/icyphy/ptII/ptolemy/domains/de/test/auto/DEinDEwithStartTimes2.xml (RunModel)" time="0.017" />
  <testcase classname="ptolemy.util.test.junit.AutoTests" name="[17] /home/travis/build/icyphy/ptII/ptolemy/domains/de/test/auto/DateDemo.xml (RunModel)" time="0.045" />
  <testcase classname="ptolemy.util.test.junit.AutoTests" name="[18] /home/travis/build/icyphy/ptII/ptolemy/domains/de/test/auto/DateToEvent.xml (RunModel)" time="2.054" />
  <testcase classname="ptolemy.util.test.junit.AutoTests" name="[19] /home/travis/build/icyphy/ptII/ptolemy/domains/de/test/auto/DepthTest1.xml (RunModel)" time="0.011" />
  <testcase classname="ptolemy.util.test.junit.AutoTests" name="[20] /home/travis/build/icyphy/ptII/ptolemy/domains/de/test/auto/DepthTest2.xml (RunModel)" time="0.021" />
  <testcase classname="ptolemy.util.test.junit.AutoTests" name="[21] /home/travis/build/icyphy/ptII/ptolemy/domains/de/test/auto/DepthTest3.xml (RunModel)" time="0.01" />
  <testcase classname="ptolemy.util.test.junit.AutoTests" name="[22] /home/travis/build/icyphy/ptII/ptolemy/domains/de/test/auto/DepthTest4.xml (RunModel)" time="0.022" />
  <testcase classname="ptolemy.util.test.junit.AutoTests" name="[23] /home/travis/build/icyphy/ptII/ptolemy/domains/de/test/auto/DepthTest5.xml (RunModel)" time="0.016" />
  <testcase classname="ptolemy.util.test.junit.AutoTests" name="[24] /home/travis/build/icyphy/ptII/ptolemy/domains/de/test/auto/DepthTest6.xml (RunModel)" time="0.013" />
  <testcase classname="ptolemy.util.test.junit.AutoTests" name="[25] /home/travis/build/icyphy/ptII/ptolemy/domains/de/test/auto/DepthTest7.xml (RunModel)" time="0.01" />
  <testcase classname="ptolemy.util.test.junit.AutoTests" name="[26] /home/travis/build/icyphy/ptII/ptolemy/domains/de/test/auto/EventToDate.xml (RunModel)" time="3.049" />
  <testcase classname="ptolemy.util.test.junit.AutoTests" name="[27] /home/travis/build/icyphy/ptII/ptolemy/domains/de/test/auto/FSM1.xml (RunModel)" time="0.049" />
  <testcase classname="ptolemy.util.test.junit.AutoTests" name="[28] /home/travis/build/icyphy/ptII/ptolemy/domains/de/test/auto/FSM7.xml (RunModel)" time="0.04" />
  <testcase classname="ptolemy.util.test.junit.AutoTests" name="[29] /home/travis/build/icyphy/ptII/ptolemy/domains/de/test/auto/Inspection.xml (RunModel)" time="0.044" />
  <testcase classname="ptolemy.util.test.junit.AutoTests" name="[30] /home/travis/build/icyphy/ptII/ptolemy/domains/de/test/auto/Iteration.xml (RunModel)" time="0.029" />
  <testcase classname="ptolemy.util.test.junit.AutoTests" name="[31] /home/travis/build/icyphy/ptII/ptolemy/domains/de/test/auto/LineFault.xml (RunModel)" time="0.621" />
  <testcase classname="ptolemy.util.test.junit.AutoTests" name="[32] /home/travis/build/icyphy/ptII/ptolemy/domains/de/test/auto/MergeModel1Add.xml (RunModel)" time="0.057" />
  <testcase classname="ptolemy.util.test.junit.AutoTests" name="[33] /home/travis/build/icyphy/ptII/ptolemy/domains/de/test/auto/MergeModel2Add.xml (RunModel)" time="0.041" />
  <testcase classname="ptolemy.util.test.junit.AutoTests" name="[34] /home/travis/build/icyphy/ptII/ptolemy/domains/de/test/auto/MergeModel3Add.xml (RunModel)" time="0.053" />
  <testcase classname="ptolemy.util.test.junit.AutoTests" name="[35] /home/travis/build/icyphy/ptII/ptolemy/domains/de/test/auto/MergeWithoutDiscard.xml (RunModel)" time="0.015" />
  <testcase classname="ptolemy.util.test.junit.AutoTests" name="[36] /home/travis/build/icyphy/ptII/ptolemy/domains/de/test/auto/Modal1.xml (RunModel)" time="0.032" />
  <testcase classname="ptolemy.util.test.junit.AutoTests" name="[37] /home/travis/build/icyphy/ptII/ptolemy/domains/de/test/auto/Modal2.xml (RunModel)" time="0.036" />
  <testcase classname="ptolemy.util.test.junit.AutoTests" name="[38] /home/travis/build/icyphy/ptII/ptolemy/domains/de/test/auto/Modal3.xml (RunModel)" time="0.032" />
  <testcase classname="ptolemy.util.test.junit.AutoTests" name="[39] /home/travis/build/icyphy/ptII/ptolemy/domains/de/test/auto/Modal4.xml (RunModel)" time="0.035" />
  <testcase classname="ptolemy.util.test.junit.AutoTests" name="[40] /home/travis/build/icyphy/ptII/ptolemy/domains/de/test/auto/Modal5.xml (RunModel)" time="0.034" />
  <testcase classname="ptolemy.util.test.junit.AutoTests" name="[41] /home/travis/build/icyphy/ptII/ptolemy/domains/de/test/auto/Modal6.xml (RunModel)" time="0.036" />
  <testcase classname="ptolemy.util.test.junit.AutoTests" name="[42] /home/travis/build/icyphy/ptII/ptolemy/domains/de/test/auto/Modal7.xml (RunModel)" time="0.036" />
  <testcase classname="ptolemy.util.test.junit.AutoTests" name="[43] /home/travis/build/icyphy/ptII/ptolemy/domains/de/test/auto/ModalModel.xml (RunModel)" time="0.178" />
  <testcase classname="ptolemy.util.test.junit.AutoTests" name="[44] /home/travis/build/icyphy/ptII/ptolemy/domains/de/test/auto/ModalSource.xml (RunModel)" time="0.026" />
  <testcase classname="ptolemy.util.test.junit.AutoTests" name="[45] /home/travis/build/icyphy/ptII/ptolemy/domains/de/test/auto/NonInterruptibleTimerZeroDelay.xml (RunModel)" time="0.009" />
  <testcase classname="ptolemy.util.test.junit.AutoTests" name="[46] /home/travis/build/icyphy/ptII/ptolemy/domains/de/test/auto/OpenQueueingNetwork.xml (RunModel)" time="2.573" />
  <testcase classname="ptolemy.util.test.junit.AutoTests" name="[47] /home/travis/build/icyphy/ptII/ptolemy/domains/de/test/auto/OpenQueuingNetwork.xml (RunModel)" time="0.299" />
  <testcase classname="ptolemy.util.test.junit.AutoTests" name="[48] /home/travis/build/icyphy/ptII/ptolemy/domains/de/test/auto/PeriodicSampler.xml (RunModel)" time="0.015" />
  <testcase classname="ptolemy.util.test.junit.AutoTests" name="[49] /home/travis/build/icyphy/ptII/ptolemy/domains/de/test/auto/PersistentIO.xml (RunModel)" time="0.022" />
  <testcase classname="ptolemy.util.test.junit.AutoTests" name="[50] /home/travis/build/icyphy/ptII/ptolemy/domains/de/test/auto/PortParameterResetOnInitialize.xml (RunModel)" time="0.013" />
  <testcase classname="ptolemy.util.test.junit.AutoTests" name="[51] /home/travis/build/icyphy/ptII/ptolemy/domains/de/test/auto/PortParameterUpdates.xml (RunModel)" time="0.018" />
  <testcase classname="ptolemy.util.test.junit.AutoTests" name="[52] /home/travis/build/icyphy/ptII/ptolemy/domains/de/test/auto/QueueAndServer.xml (RunModel)" time="0.026" />
  <testcase classname="ptolemy.util.test.junit.AutoTests" name="[53] /home/travis/build/icyphy/ptII/ptolemy/domains/de/test/auto/Records.xml (RunModel)" time="0.016" />
  <testcase classname="ptolemy.util.test.junit.AutoTests" name="[54] /home/travis/build/icyphy/ptII/ptolemy/domains/de/test/auto/ResetTransitionWithStartTime1.xml (RunModel)" time="0.023" />
  <testcase classname="ptolemy.util.test.junit.AutoTests" name="[55] /home/travis/build/icyphy/ptII/ptolemy/domains/de/test/auto/ResetTransitionWithStartTime2.xml (RunModel)" time="0.028" />
  <testcase classname="ptolemy.util.test.junit.AutoTests" name="[56] /home/travis/build/icyphy/ptII/ptolemy/domains/de/test/auto/ResetTransitionWithStartTime3.xml (RunModel)" time="0.025" />
  <testcase classname="ptolemy.util.test.junit.AutoTests" name="[57] /home/travis/build/icyphy/ptII/ptolemy/domains/de/test/auto/ResetTransitionWithStartTime4.xml (RunModel)" time="0.02" />
  <testcase classname="ptolemy.util.test.junit.AutoTests" name="[58] /home/travis/build/icyphy/ptII/ptolemy/domains/de/test/auto/ResettableTimer1.xml (RunModel)" time="0.011" />
  <testcase classname="ptolemy.util.test.junit.AutoTests" name="[59] /home/travis/build/icyphy/ptII/ptolemy/domains/de/test/auto/ResettableTimer2.xml (RunModel)" time="0.01" />
  <testcase classname="ptolemy.util.test.junit.AutoTests" name="[60] /home/travis/build/icyphy/ptII/ptolemy/domains/de/test/auto/ResettableTimer3.xml (RunModel)" time="0.009" />
  <testcase classname="ptolemy.util.test.junit.AutoTests" name="[61] /home/travis/build/icyphy/ptII/ptolemy/domains/de/test/auto/ResettableTimer4.xml (RunModel)" time="0.013" />
  <testcase classname="ptolemy.util.test.junit.AutoTests" name="[62] /home/travis/build/icyphy/ptII/ptolemy/domains/de/test/auto/ResettableTimer5.xml (RunModel)" time="0.01" />
  <testcase classname="ptolemy.util.test.junit.AutoTests" name="[63] /home/travis/build/icyphy/ptII/ptolemy/domains/de/test/auto/ResettableTimer6.xml (RunModel)" time="0.022" />
  <testcase classname="ptolemy.util.test.junit.AutoTests" name="[64] /home/travis/build/icyphy/ptII/ptolemy/domains/de/test/auto/ServerZeroDelay.xml (RunModel)" time="0.013" />
  <testcase classname="ptolemy.util.test.junit.AutoTests" name="[65] /home/travis/build/icyphy/ptII/ptolemy/domains/de/test/auto/SmartSender.xml (RunModel)" time="3.011" />
  <testcase classname="ptolemy.util.test.junit.AutoTests" name="[66] /home/travis/build/icyphy/ptII/ptolemy/domains/de/test/auto/ThreadedComposite.xml (RunModel)" time="0.131" />
  <testcase classname="ptolemy.util.test.junit.AutoTests" name="[67] /home/travis/build/icyphy/ptII/ptolemy/domains/de/test/auto/Time.xml (RunModel)" time="0.468" />
  <testcase classname="ptolemy.util.test.junit.AutoTests" name="[68] /home/travis/build/icyphy/ptII/ptolemy/domains/de/test/auto/TimeDelayZeroDelay.xml (RunModel)" time="0.015" />
  <testcase classname="ptolemy.util.test.junit.AutoTests" name="[69] /home/travis/build/icyphy/ptII/ptolemy/domains/de/test/auto/TimerZeroDelay.xml (RunModel)" time="0.013" />
  <testcase classname="ptolemy.util.test.junit.AutoTests" name="[70] /home/travis/build/icyphy/ptII/ptolemy/domains/de/test/auto/TimingParadox.xml (RunModel)" time="0.389" />
  <testcase classname="ptolemy.util.test.junit.AutoTests" name="[71] /home/travis/build/icyphy/ptII/ptolemy/domains/de/test/auto/TransferInputs.xml (RunModel)" time="0.015" />
  <testcase classname="ptolemy.util.test.junit.AutoTests" name="[72] /home/travis/build/icyphy/ptII/ptolemy/domains/de/test/auto/TransferOutputs2.xml (RunModel)" time="0.016" />
  <testcase classname="ptolemy.util.test.junit.AutoTests" name="[73] /home/travis/build/icyphy/ptII/ptolemy/domains/de/test/auto/Trilateration.xml (RunModel)" time="12.919" />
  <testcase classname="ptolemy.util.test.junit.AutoTests" name="[74] /home/travis/build/icyphy/ptII/ptolemy/domains/de/test/auto/TwoSigmaDelta.xml (RunModel)" time="2.076" />
  <testcase classname="ptolemy.util.test.junit.AutoTests" name="[75] /home/travis/build/icyphy/ptII/ptolemy/domains/de/test/auto/VariableDelay.xml (RunModel)" time="0.015" />
  <testcase classname="ptolemy.util.test.junit.AutoTests" name="[76] /home/travis/build/icyphy/ptII/ptolemy/domains/de/test/auto/VariableDelay2.xml (RunModel)" time="0.009" />
  <testcase classname="ptolemy.util.test.junit.AutoTests" name="[77] /home/travis/build/icyphy/ptII/ptolemy/domains/de/test/auto/VariableDelayZeroDelay.xml (RunModel)" time="0.013" />
  <testcase classname="ptolemy.util.test.junit.AutoTests" name="[78] /home/travis/build/icyphy/ptII/ptolemy/domains/de/test/auto/VariableDelayZeroDelay2.xml (RunModel)" time="0.009" />
  <testcase classname="ptolemy.util.test.junit.AutoTests" name="[79] /home/travis/build/icyphy/ptII/ptolemy/domains/de/test/auto/deInCt.xml (RunModel)" time="0.017" />
  <testcase classname="ptolemy.util.test.junit.AutoTests" name="[80] /home/travis/build/icyphy/ptII/ptolemy/domains/de/test/auto/deInCt2.xml (RunModel)" time="0.018" />
  <testcase classname="ptolemy.util.test.junit.AutoTests" name="[81] /home/travis/build/icyphy/ptII/ptolemy/domains/de/test/auto/dynamicCausalityInterface1.xml (RunModel)" time="0.017" />
  <testcase classname="ptolemy.util.test.junit.AutoTests" name="[82] /home/travis/build/icyphy/ptII/ptolemy/domains/de/test/auto/fsm_de_test.xml (RunModel)" time="0.025" />
  <testcase classname="ptolemy.util.test.junit.AutoTests" name="[83] /home/travis/build/icyphy/ptII/ptolemy/domains/de/test/auto/functionDependencyReconstruction.xml (RunModel)" time="0.033" />
  <testcase classname="ptolemy.util.test.junit.AutoTests" name="[84] /home/travis/build/icyphy/ptII/ptolemy/domains/de/test/auto/multirate.xml (RunModel)" time="0.02" />
  <testcase classname="ptolemy.util.test.junit.AutoTests" name="[85] /home/travis/build/icyphy/ptII/ptolemy/domains/de/test/auto/multirate2.xml (RunModel)" time="0.017" />
  <testcase classname="ptolemy.util.test.junit.AutoTests" name="[86] /home/travis/build/icyphy/ptII/ptolemy/domains/de/test/auto/realtime.xml (RunModel)" time="10.015" />
  <testcase classname="ptolemy.util.test.junit.AutoTests" name="[87] /home/travis/build/icyphy/ptII/ptolemy/domains/de/test/auto/relationGroup.xml (RunModel)" time="0.023" />
  <testcase classname="ptolemy.util.test.junit.AutoTests" name="[88] /home/travis/build/icyphy/ptII/ptolemy/domains/de/test/auto/relationGroup2.xml (RunModel)" time="0.007" />
  <testcase classname="ptolemy.util.test.junit.AutoTests" name="[89] /home/travis/build/icyphy/ptII/ptolemy/domains/de/test/auto/sortWithOpaquePorts.xml (RunModel)" time="0.012" />
  <testcase classname="ptolemy.util.test.junit.AutoTests" name="[90] /home/travis/build/icyphy/ptII/ptolemy/domains/de/test/auto/transferInputsandOutputs.xml (RunModel)" time="0.016" />
  <testcase classname="ptolemy.util.test.junit.AutoTests" name="[91] /home/travis/build/icyphy/ptII/ptolemy/domains/de/test/auto/triggerType.xml (RunModel)" time="0.01" />
  <system-out><![CDATA[/home/travis/build/icyphy/ptII/ptolemy/domains/de/test/DependencyLoop.tcl
testDefs.tcl: setting time out to 9000 seconds at Mon Dec 02 06:22:32 UTC 2019
89 ms. Memory: 120832K Free: 72134K (60%)
20 ms. Memory: 120832K Free: 54719K (45%)
/home/travis/build/icyphy/ptII/ptolemy/domains/de/test/RunDETestsAsQSS.tcl
Run the DE tests using ptolemy.domains.qss.test.QSSDirectorTest, which extends QSSDirector and prints a message in the constructors.
------------------ testing $PTII/ptolemy/domains/de/test/auto/knownFailedTests/DirectFeedback.xml (Known Failure) 
56 ms. Memory: 120832K Free: 48582K (40%)


==== $PTIIhome/travis/build/icyphy/ptII/ptolemy/domains/de/test/../../../../: Auto Automatic test in file $PTII/ptolemy/domains/de/test/auto/knownFailedTests/DirectFeedback.xml
==== Contents of test case:

	    # FIXME: we should use $relativeFilename here, but it
	    # might have backslashes under Windows, which causes no end
	    # of trouble.
	    createAndExecute $file
	    list {}
	
.... Test generated KNOWN error:
    while executing
ptolemy.kernel.util.IllegalActionException: Test fails in iteration 1.
Value was: 1.0. Should have been: 2.0
  in .DirectFeedback.Test
	at ptolemy.actor.lib.Test.fire(Test.java:268)
	at ptolemy.domains.de.kernel.DEDirector._fire(DEDirector.java:1949)
	at ptolemy.domains.de.kernel.DEDirector.fire(DEDirector.java:502)
	at ptolemy.actor.CompositeActor.fire(CompositeActor.java:455)
	at ptolemy.actor.Manager.iterate(Manager.java:851)
	at ptolemy.actor.Manager.execute(Manager.java:369)
	at ptolemy.actor.Manager.run(Manager.java:1263)
	at ptolemy.actor.Manager$PtolemyRunThread.run(Manager.java:1933)

    while executing
ptolemy.kernel.util.IllegalActionException: Test fails in iteration 1.
Value was: 1.0. Should have been: 2.0
  in .DirectFeedback.Test
    while executing
"java::new ptolemy.moml.MoMLSimpleApplication $file
"
    (procedure "createAndExecute" line 2)
    invoked from within
"createAndExecute $file"
    ("uplevel" body line 5)
    invoked from within
"uplevel $contents_of_test"
------------------ testing $PTII/ptolemy/domains/de/test/auto/knownFailedTests/dependencyLoop.xml (Known Failure) 
38 ms. Memory: 120832K Free: 108119K (89%)


==== $PTIIhome/travis/build/icyphy/ptII/ptolemy/domains/de/test/../../../../: Auto Automatic test in file $PTII/ptolemy/domains/de/test/auto/knownFailedTests/dependencyLoop.xml
==== Contents of test case:

	    # FIXME: we should use $relativeFilename here, but it
	    # might have backslashes under Windows, which causes no end
	    # of trouble.
	    createAndExecute $file
	    list {}
	
.... Test generated KNOWN error:
    while executing
ptolemy.kernel.util.IllegalActionException: Found a zero delay loop containing .dependencyLoop.original
  in .dependencyLoop and .dependencyLoop.original
	at ptolemy.actor.util.CausalityInterfaceForComposites._computeOutputPortDepth(CausalityInterfaceForComposites.java:759)
	at ptolemy.actor.util.CausalityInterfaceForComposites._computeInputDepth(CausalityInterfaceForComposites.java:696)
	at ptolemy.actor.util.CausalityInterfaceForComposites._computeOutputPortDepth(CausalityInterfaceForComposites.java:765)
	at ptolemy.actor.util.CausalityInterfaceForComposites._computeInputDepth(CausalityInterfaceForComposites.java:696)
	at ptolemy.actor.util.CausalityInterfaceForComposites._computeOutputPortDepth(CausalityInterfaceForComposites.java:765)
	at ptolemy.actor.util.CausalityInterfaceForComposites._computeInputDepth(CausalityInterfaceForComposites.java:696)
	at ptolemy.actor.util.CausalityInterfaceForComposites._computeActorDepth(CausalityInterfaceForComposites.java:532)
	at ptolemy.actor.util.CausalityInterfaceForComposites.checkForCycles(CausalityInterfaceForComposites.java:96)
	at ptolemy.domains.de.kernel.DEDirector.preinitialize(DEDirector.java:1338)
	at ptolemy.actor.CompositeActor.preinitialize(CompositeActor.java:1828)
	at ptolemy.actor.Manager.preinitializeAndResolveTypes(Manager.java:1040)
	at ptolemy.actor.Manager.initialize(Manager.java:710)
	at ptolemy.actor.Manager.execute(Manager.java:356)
	at ptolemy.actor.Manager.run(Manager.java:1263)
	at ptolemy.actor.Manager$PtolemyRunThread.run(Manager.java:1933)

    while executing
ptolemy.kernel.util.IllegalActionException: Found a zero delay loop containing .dependencyLoop.original
  in .dependencyLoop and .dependencyLoop.original
    while executing
"java::new ptolemy.moml.MoMLSimpleApplication $file
"
    (procedure "createAndExecute" line 2)
    invoked from within
"createAndExecute $file"
    ("uplevel" body line 5)
    invoked from within
"uplevel $contents_of_test"
------------------ testing $PTII/ptolemy/domains/de/test/auto/knownFailedTests/FSMSource.xml (Known Failure) 
71 ms. Memory: 120832K Free: 99250K (82%)
!!!! Auto was marked as failing, but now passes
------------------ testing $PTII/ptolemy/domains/de/test/auto/knownFailedTests/HierarchicalModel.xml (Known Failure) 
5 ms. Memory: 120832K Free: 81828K (68%)


==== $PTIIhome/travis/build/icyphy/ptII/ptolemy/domains/de/test/../../../../: Auto Automatic test in file $PTII/ptolemy/domains/de/test/auto/knownFailedTests/HierarchicalModel.xml
==== Contents of test case:

	    # FIXME: we should use $relativeFilename here, but it
	    # might have backslashes under Windows, which causes no end
	    # of trouble.
	    createAndExecute $file
	    list {}
	
.... Test generated KNOWN error:
    while executing
ptolemy.kernel.util.IllegalActionException: Found a zero delay loop containing .HierarchicalModel.A
  in .HierarchicalModel and .HierarchicalModel.A
	at ptolemy.actor.util.CausalityInterfaceForComposites._computeOutputPortDepth(CausalityInterfaceForComposites.java:759)
	at ptolemy.actor.util.CausalityInterfaceForComposites._computeInputDepth(CausalityInterfaceForComposites.java:696)
	at ptolemy.actor.util.CausalityInterfaceForComposites._computeOutputPortDepth(CausalityInterfaceForComposites.java:765)
	at ptolemy.actor.util.CausalityInterfaceForComposites._computeInputDepth(CausalityInterfaceForComposites.java:696)
	at ptolemy.actor.util.CausalityInterfaceForComposites._computeOutputPortDepth(CausalityInterfaceForComposites.java:765)
	at ptolemy.actor.util.CausalityInterfaceForComposites._computeInputDepth(CausalityInterfaceForComposites.java:696)
	at ptolemy.actor.util.CausalityInterfaceForComposites._computeActorDepth(CausalityInterfaceForComposites.java:532)
	at ptolemy.actor.util.CausalityInterfaceForComposites.checkForCycles(CausalityInterfaceForComposites.java:96)
	at ptolemy.domains.de.kernel.DEDirector.preinitialize(DEDirector.java:1338)
	at ptolemy.actor.CompositeActor.preinitialize(CompositeActor.java:1828)
	at ptolemy.actor.Manager.preinitializeAndResolveTypes(Manager.java:1040)
	at ptolemy.actor.Manager.initialize(Manager.java:710)
	at ptolemy.actor.Manager.execute(Manager.java:356)
	at ptolemy.actor.Manager.run(Manager.java:1263)
	at ptolemy.actor.Manager$PtolemyRunThread.run(Manager.java:1933)

    while executing
ptolemy.kernel.util.IllegalActionException: Found a zero delay loop containing .HierarchicalModel.A
  in .HierarchicalModel and .HierarchicalModel.A
    while executing
"java::new ptolemy.moml.MoMLSimpleApplication $file
"
    (procedure "createAndExecute" line 2)
    invoked from within
"createAndExecute $file"
    ("uplevel" body line 5)
    invoked from within
"uplevel $contents_of_test"
------------------ testing $PTII/ptolemy/domains/de/test/auto/knownFailedTests/dependencyLoop2.xml (Known Failure) 
18 ms. Memory: 120832K Free: 65895K (55%)


==== $PTIIhome/travis/build/icyphy/ptII/ptolemy/domains/de/test/../../../../: Auto Automatic test in file $PTII/ptolemy/domains/de/test/auto/knownFailedTests/dependencyLoop2.xml
==== Contents of test case:

	    # FIXME: we should use $relativeFilename here, but it
	    # might have backslashes under Windows, which causes no end
	    # of trouble.
	    createAndExecute $file
	    list {}
	
.... Test generated KNOWN error:
    while executing
ptolemy.kernel.util.IllegalActionException: Found a zero delay loop containing .dependencyLoop2.original
  in .dependencyLoop2 and .dependencyLoop2.original
	at ptolemy.actor.util.CausalityInterfaceForComposites._computeOutputPortDepth(CausalityInterfaceForComposites.java:759)
	at ptolemy.actor.util.CausalityInterfaceForComposites._computeInputDepth(CausalityInterfaceForComposites.java:696)
	at ptolemy.actor.util.CausalityInterfaceForComposites._computeOutputPortDepth(CausalityInterfaceForComposites.java:765)
	at ptolemy.actor.util.CausalityInterfaceForComposites._computeInputDepth(CausalityInterfaceForComposites.java:696)
	at ptolemy.actor.util.CausalityInterfaceForComposites._computeOutputPortDepth(CausalityInterfaceForComposites.java:765)
	at ptolemy.actor.util.CausalityInterfaceForComposites._computeInputDepth(CausalityInterfaceForComposites.java:696)
	at ptolemy.actor.util.CausalityInterfaceForComposites._computeActorDepth(CausalityInterfaceForComposites.java:532)
	at ptolemy.actor.util.CausalityInterfaceForComposites.checkForCycles(CausalityInterfaceForComposites.java:96)
	at ptolemy.domains.de.kernel.DEDirector.preinitialize(DEDirector.java:1338)
	at ptolemy.actor.CompositeActor.preinitialize(CompositeActor.java:1828)
	at ptolemy.actor.Manager.preinitializeAndResolveTypes(Manager.java:1040)
	at ptolemy.actor.Manager.initialize(Manager.java:710)
	at ptolemy.actor.Manager.execute(Manager.java:356)
	at ptolemy.actor.Manager.run(Manager.java:1263)
	at ptolemy.actor.Manager$PtolemyRunThread.run(Manager.java:1933)

    while executing
ptolemy.kernel.util.IllegalActionException: Found a zero delay loop containing .dependencyLoop2.original
  in .dependencyLoop2 and .dependencyLoop2.original
    while executing
"java::new ptolemy.moml.MoMLSimpleApplication $file
"
    (procedure "createAndExecute" line 2)
    invoked from within
"createAndExecute $file"
    ("uplevel" body line 5)
    invoked from within
"uplevel $contents_of_test"
------------------ testing $PTII/ptolemy/domains/de/test/auto/knownFailedTests/DESDFClockTest.xml (Known Failure) 
2073 ms. Memory: 120832K Free: 96111K (80%)


==== $PTIIhome/travis/build/icyphy/ptII/ptolemy/domains/de/test/../../../../: Auto Automatic test in file $PTII/ptolemy/domains/de/test/auto/knownFailedTests/DESDFClockTest.xml
==== Contents of test case:

	    # FIXME: we should use $relativeFilename here, but it
	    # might have backslashes under Windows, which causes no end
	    # of trouble.
	    createAndExecute $file
	    list {}
	
.... Test generated KNOWN error:
    while executing
ptolemy.kernel.util.IllegalActionException: Actor is not ready to fire.  Perhaps UpSample.prefire() returned false? Try debugging the actor by selecting "Listen to Actor".  Also, for SDF check moml for tokenConsumptionRate on input.
  in .DESDFClockTest.Play Bell.Copy1:SDF Director and .DESDFClockTest.Play Bell.UpSample
	at ptolemy.actor.sched.StaticSchedulingDirector.fire(StaticSchedulingDirector.java:227)
	at ptolemy.domains.sdf.kernel.SDFDirector.fire(SDFDirector.java:500)
	at ptolemy.actor.CompositeActor.fire(CompositeActor.java:455)
	at ptolemy.domains.de.kernel.DEDirector._fire(DEDirector.java:1949)
	at ptolemy.domains.de.kernel.DEDirector.fire(DEDirector.java:502)
	at ptolemy.actor.CompositeActor.fire(CompositeActor.java:455)
	at ptolemy.actor.Manager.iterate(Manager.java:851)
	at ptolemy.actor.Manager.execute(Manager.java:369)
	at ptolemy.actor.Manager.run(Manager.java:1263)
	at ptolemy.actor.Manager$PtolemyRunThread.run(Manager.java:1933)

    while executing
ptolemy.kernel.util.IllegalActionException: Actor is not ready to fire.  Perhaps UpSample.prefire() returned false? Try debugging the actor by selecting "Listen to Actor".  Also, for SDF check moml for tokenConsumptionRate on input.
  in .DESDFClockTest.Play Bell.Copy1:SDF Director and .DESDFClockTest.Play Bell.UpSample
    while executing
"java::new ptolemy.moml.MoMLSimpleApplication $file
"
    (procedure "createAndExecute" line 2)
    invoked from within
"createAndExecute $file"
    ("uplevel" body line 5)
    invoked from within
"uplevel $contents_of_test"
------------------ testing $PTII/ptolemy/domains/de/test/auto/ActorDepthCalculation_actorWithoutPorts.xml
auto.tcl: Setting watchdog for 200 seconds at Mon Dec 02 06:22:36 UTC 2019
9 ms. Memory: 120832K Free: 88433K (73%)
ptolemy.util.test.WatchDog.cancel(): canceling Mon Dec 02 06:22:36 UTC 2019
auto.tcl: Setting watchdog for 200 seconds at Mon Dec 02 06:22:36 UTC 2019
9 ms. Memory: 120832K Free: 87409K (72%)
ptolemy.util.test.WatchDog.cancel(): canceling Mon Dec 02 06:22:36 UTC 2019
------------------ testing $PTII/ptolemy/domains/de/test/auto/AssemblyLine.xml
auto.tcl: Setting watchdog for 200 seconds at Mon Dec 02 06:22:36 UTC 2019
13 ms. Memory: 48128K Free: 25500K (53%)
ptolemy.util.test.WatchDog.cancel(): canceling Mon Dec 02 06:22:36 UTC 2019
auto.tcl: Setting watchdog for 200 seconds at Mon Dec 02 06:22:36 UTC 2019
16 ms. Memory: 48128K Free: 24738K (51%)
ptolemy.util.test.WatchDog.cancel(): canceling Mon Dec 02 06:22:36 UTC 2019
------------------ testing $PTII/ptolemy/domains/de/test/auto/CQBug1.xml
auto.tcl: Setting watchdog for 200 seconds at Mon Dec 02 06:22:36 UTC 2019
4 ms. Memory: 45056K Free: 28486K (63%)
ptolemy.util.test.WatchDog.cancel(): canceling Mon Dec 02 06:22:36 UTC 2019
auto.tcl: Setting watchdog for 200 seconds at Mon Dec 02 06:22:36 UTC 2019
3 ms. Memory: 45056K Free: 28075K (62%)
ptolemy.util.test.WatchDog.cancel(): canceling Mon Dec 02 06:22:36 UTC 2019
------------------ testing $PTII/ptolemy/domains/de/test/auto/CancelFireAt.xml
auto.tcl: Setting watchdog for 200 seconds at Mon Dec 02 06:22:36 UTC 2019
3 ms. Memory: 45056K Free: 29718K (66%)
ptolemy.util.test.WatchDog.cancel(): canceling Mon Dec 02 06:22:36 UTC 2019
auto.tcl: Setting watchdog for 200 seconds at Mon Dec 02 06:22:36 UTC 2019
2 ms. Memory: 45056K Free: 29316K (65%)
ptolemy.util.test.WatchDog.cancel(): canceling Mon Dec 02 06:22:36 UTC 2019
------------------ testing $PTII/ptolemy/domains/de/test/auto/CausalityAndComposabilityAnalysis.xml
auto.tcl: Setting watchdog for 200 seconds at Mon Dec 02 06:22:37 UTC 2019
6 ms. Memory: 45056K Free: 27919K (62%)
ptolemy.util.test.WatchDog.cancel(): canceling Mon Dec 02 06:22:37 UTC 2019
auto.tcl: Setting watchdog for 200 seconds at Mon Dec 02 06:22:37 UTC 2019
6 ms. Memory: 45056K Free: 27096K (60%)
ptolemy.util.test.WatchDog.cancel(): canceling Mon Dec 02 06:22:37 UTC 2019
------------------ testing $PTII/ptolemy/domains/de/test/auto/CausalityInterface1.xml
auto.tcl: Setting watchdog for 200 seconds at Mon Dec 02 06:22:37 UTC 2019
21 ms. Memory: 45056K Free: 26341K (58%)
ptolemy.util.test.WatchDog.cancel(): canceling Mon Dec 02 06:22:37 UTC 2019
auto.tcl: Setting watchdog for 200 seconds at Mon Dec 02 06:22:37 UTC 2019
4 ms. Memory: 45056K Free: 25384K (56%)
ptolemy.util.test.WatchDog.cancel(): canceling Mon Dec 02 06:22:37 UTC 2019
------------------ testing $PTII/ptolemy/domains/de/test/auto/CausalityInterface15.xml
auto.tcl: Setting watchdog for 200 seconds at Mon Dec 02 06:22:37 UTC 2019
13 ms. Memory: 45056K Free: 26051K (58%)
ptolemy.util.test.WatchDog.cancel(): canceling Mon Dec 02 06:22:37 UTC 2019
auto.tcl: Setting watchdog for 200 seconds at Mon Dec 02 06:22:37 UTC 2019
4 ms. Memory: 45056K Free: 25363K (56%)
ptolemy.util.test.WatchDog.cancel(): canceling Mon Dec 02 06:22:37 UTC 2019
------------------ testing $PTII/ptolemy/domains/de/test/auto/CausalityInterface2.xml
auto.tcl: Setting watchdog for 200 seconds at Mon Dec 02 06:22:37 UTC 2019
5 ms. Memory: 45056K Free: 27091K (60%)
ptolemy.util.test.WatchDog.cancel(): canceling Mon Dec 02 06:22:37 UTC 2019
auto.tcl: Setting watchdog for 200 seconds at Mon Dec 02 06:22:37 UTC 2019
7 ms. Memory: 45056K Free: 25949K (58%)
ptolemy.util.test.WatchDog.cancel(): canceling Mon Dec 02 06:22:37 UTC 2019
------------------ testing $PTII/ptolemy/domains/de/test/auto/CausalityInterface3.xml
auto.tcl: Setting watchdog for 200 seconds at Mon Dec 02 06:22:37 UTC 2019
6 ms. Memory: 45056K Free: 26554K (59%)
ptolemy.util.test.WatchDog.cancel(): canceling Mon Dec 02 06:22:37 UTC 2019
auto.tcl: Setting watchdog for 200 seconds at Mon Dec 02 06:22:37 UTC 2019
3 ms. Memory: 45056K Free: 25757K (57%)
ptolemy.util.test.WatchDog.cancel(): canceling Mon Dec 02 06:22:37 UTC 2019
------------------ testing $PTII/ptolemy/domains/de/test/auto/ClockDrift.xml
auto.tcl: Setting watchdog for 200 seconds at Mon Dec 02 06:22:37 UTC 2019
92 ms. Memory: 45056K Free: 19148K (42%)
ptolemy.util.test.WatchDog.cancel(): canceling Mon Dec 02 06:22:37 UTC 2019
auto.tcl: Setting watchdog for 200 seconds at Mon Dec 02 06:22:37 UTC 2019
41 ms. Memory: 45056K Free: 16132K (36%)
ptolemy.util.test.WatchDog.cancel(): canceling Mon Dec 02 06:22:37 UTC 2019
------------------ testing $PTII/ptolemy/domains/de/test/auto/ClockDriftAndValueChange.xml
auto.tcl: Setting watchdog for 200 seconds at Mon Dec 02 06:22:37 UTC 2019
36 ms. Memory: 45056K Free: 19218K (43%)
ptolemy.util.test.WatchDog.cancel(): canceling Mon Dec 02 06:22:37 UTC 2019
auto.tcl: Setting watchdog for 200 seconds at Mon Dec 02 06:22:37 UTC 2019
25 ms. Memory: 45056K Free: 16374K (36%)
ptolemy.util.test.WatchDog.cancel(): canceling Mon Dec 02 06:22:37 UTC 2019
------------------ testing $PTII/ptolemy/domains/de/test/auto/ClockDriftChange.xml
auto.tcl: Setting watchdog for 200 seconds at Mon Dec 02 06:22:37 UTC 2019
26 ms. Memory: 45056K Free: 21267K (47%)
ptolemy.util.test.WatchDog.cancel(): canceling Mon Dec 02 06:22:37 UTC 2019
auto.tcl: Setting watchdog for 200 seconds at Mon Dec 02 06:22:37 UTC 2019
28 ms. Memory: 45056K Free: 18712K (42%)
ptolemy.util.test.WatchDog.cancel(): canceling Mon Dec 02 06:22:38 UTC 2019
------------------ testing $PTII/ptolemy/domains/de/test/auto/ComposableCausalityAnalysis.xml
auto.tcl: Setting watchdog for 200 seconds at Mon Dec 02 06:22:38 UTC 2019
3 ms. Memory: 45056K Free: 25865K (57%)
ptolemy.util.test.WatchDog.cancel(): canceling Mon Dec 02 06:22:38 UTC 2019
auto.tcl: Setting watchdog for 200 seconds at Mon Dec 02 06:22:38 UTC 2019
5 ms. Memory: 45056K Free: 24605K (55%)
ptolemy.util.test.WatchDog.cancel(): canceling Mon Dec 02 06:22:38 UTC 2019
------------------ testing $PTII/ptolemy/domains/de/test/auto/DEFixedPointLimitation.xml
auto.tcl: Setting watchdog for 200 seconds at Mon Dec 02 06:22:38 UTC 2019
5 ms. Memory: 45056K Free: 27226K (60%)
ptolemy.util.test.WatchDog.cancel(): canceling Mon Dec 02 06:22:38 UTC 2019
auto.tcl: Setting watchdog for 200 seconds at Mon Dec 02 06:22:38 UTC 2019
1 ms. Memory: 45056K Free: 26353K (58%)
ptolemy.util.test.WatchDog.cancel(): canceling Mon Dec 02 06:22:38 UTC 2019
------------------ testing $PTII/ptolemy/domains/de/test/auto/DEScheduleTest.xml
auto.tcl: Setting watchdog for 200 seconds at Mon Dec 02 06:22:38 UTC 2019
7 ms. Memory: 45056K Free: 27542K (61%)
ptolemy.util.test.WatchDog.cancel(): canceling Mon Dec 02 06:22:38 UTC 2019
auto.tcl: Setting watchdog for 200 seconds at Mon Dec 02 06:22:38 UTC 2019
2 ms. Memory: 45056K Free: 26784K (59%)
ptolemy.util.test.WatchDog.cancel(): canceling Mon Dec 02 06:22:38 UTC 2019
------------------ testing $PTII/ptolemy/domains/de/test/auto/DEinDEwithStartTimes.xml
auto.tcl: Setting watchdog for 200 seconds at Mon Dec 02 06:22:38 UTC 2019
5 ms. Memory: 45056K Free: 25697K (57%)
ptolemy.util.test.WatchDog.cancel(): canceling Mon Dec 02 06:22:38 UTC 2019
auto.tcl: Setting watchdog for 200 seconds at Mon Dec 02 06:22:38 UTC 2019
5 ms. Memory: 45056K Free: 24305K (54%)
ptolemy.util.test.WatchDog.cancel(): canceling Mon Dec 02 06:22:38 UTC 2019
------------------ testing $PTII/ptolemy/domains/de/test/auto/DEinDEwithStartTimes2.xml
auto.tcl: Setting watchdog for 200 seconds at Mon Dec 02 06:22:38 UTC 2019
6 ms. Memory: 45056K Free: 24949K (55%)
ptolemy.util.test.WatchDog.cancel(): canceling Mon Dec 02 06:22:38 UTC 2019
auto.tcl: Setting watchdog for 200 seconds at Mon Dec 02 06:22:38 UTC 2019
4 ms. Memory: 45056K Free: 23626K (52%)
ptolemy.util.test.WatchDog.cancel(): canceling Mon Dec 02 06:22:38 UTC 2019
------------------ testing $PTII/ptolemy/domains/de/test/auto/DateDemo.xml
auto.tcl: Setting watchdog for 200 seconds at Mon Dec 02 06:22:38 UTC 2019
22 ms. Memory: 45056K Free: 19278K (43%)
ptolemy.util.test.WatchDog.cancel(): canceling Mon Dec 02 06:22:38 UTC 2019
auto.tcl: Setting watchdog for 200 seconds at Mon Dec 02 06:22:38 UTC 2019
12 ms. Memory: 45056K Free: 17707K (39%)
ptolemy.util.test.WatchDog.cancel(): canceling Mon Dec 02 06:22:38 UTC 2019
------------------ testing $PTII/ptolemy/domains/de/test/auto/DateToEvent.xml
auto.tcl: Setting watchdog for 200 seconds at Mon Dec 02 06:22:38 UTC 2019
2019 ms. Memory: 45056K Free: 15190K (34%)
ptolemy.util.test.WatchDog.cancel(): canceling Mon Dec 02 06:22:40 UTC 2019
auto.tcl: Setting watchdog for 200 seconds at Mon Dec 02 06:22:40 UTC 2019
2005 ms. Memory: 45056K Free: 14444K (32%)
ptolemy.util.test.WatchDog.cancel(): canceling Mon Dec 02 06:22:42 UTC 2019
------------------ testing $PTII/ptolemy/domains/de/test/auto/DepthTest1.xml
auto.tcl: Setting watchdog for 200 seconds at Mon Dec 02 06:22:42 UTC 2019
3 ms. Memory: 45056K Free: 28472K (63%)
ptolemy.util.test.WatchDog.cancel(): canceling Mon Dec 02 06:22:42 UTC 2019
auto.tcl: Setting watchdog for 200 seconds at Mon Dec 02 06:22:42 UTC 2019
2 ms. Memory: 45056K Free: 27964K (62%)
ptolemy.util.test.WatchDog.cancel(): canceling Mon Dec 02 06:22:42 UTC 2019
------------------ testing $PTII/ptolemy/domains/de/test/auto/DepthTest2.xml
auto.tcl: Setting watchdog for 200 seconds at Mon Dec 02 06:22:42 UTC 2019
3 ms. Memory: 45056K Free: 25206K (56%)
ptolemy.util.test.WatchDog.cancel(): canceling Mon Dec 02 06:22:42 UTC 2019
auto.tcl: Setting watchdog for 200 seconds at Mon Dec 02 06:22:42 UTC 2019
2 ms. Memory: 45056K Free: 24818K (55%)
ptolemy.util.test.WatchDog.cancel(): canceling Mon Dec 02 06:22:42 UTC 2019
------------------ testing $PTII/ptolemy/domains/de/test/auto/DepthTest3.xml
auto.tcl: Setting watchdog for 200 seconds at Mon Dec 02 06:22:43 UTC 2019
7 ms. Memory: 45056K Free: 28666K (64%)
ptolemy.util.test.WatchDog.cancel(): canceling Mon Dec 02 06:22:43 UTC 2019
auto.tcl: Setting watchdog for 200 seconds at Mon Dec 02 06:22:43 UTC 2019
2 ms. Memory: 45056K Free: 28238K (63%)
ptolemy.util.test.WatchDog.cancel(): canceling Mon Dec 02 06:22:43 UTC 2019
------------------ testing $PTII/ptolemy/domains/de/test/auto/DepthTest4.xml
auto.tcl: Setting watchdog for 200 seconds at Mon Dec 02 06:22:43 UTC 2019
3 ms. Memory: 45056K Free: 27023K (60%)
ptolemy.util.test.WatchDog.cancel(): canceling Mon Dec 02 06:22:43 UTC 2019
auto.tcl: Setting watchdog for 200 seconds at Mon Dec 02 06:22:43 UTC 2019
3 ms. Memory: 45056K Free: 26280K (58%)
ptolemy.util.test.WatchDog.cancel(): canceling Mon Dec 02 06:22:43 UTC 2019
------------------ testing $PTII/ptolemy/domains/de/test/auto/DepthTest5.xml
auto.tcl: Setting watchdog for 200 seconds at Mon Dec 02 06:22:43 UTC 2019
5 ms. Memory: 45056K Free: 26176K (58%)
ptolemy.util.test.WatchDog.cancel(): canceling Mon Dec 02 06:22:43 UTC 2019
auto.tcl: Setting watchdog for 200 seconds at Mon Dec 02 06:22:43 UTC 2019
3 ms. Memory: 45056K Free: 25772K (57%)
ptolemy.util.test.WatchDog.cancel(): canceling Mon Dec 02 06:22:43 UTC 2019
------------------ testing $PTII/ptolemy/domains/de/test/auto/DepthTest6.xml
auto.tcl: Setting watchdog for 200 seconds at Mon Dec 02 06:22:43 UTC 2019
4 ms. Memory: 45056K Free: 26154K (58%)
ptolemy.util.test.WatchDog.cancel(): canceling Mon Dec 02 06:22:43 UTC 2019
auto.tcl: Setting watchdog for 200 seconds at Mon Dec 02 06:22:43 UTC 2019
3 ms. Memory: 45056K Free: 25734K (57%)
ptolemy.util.test.WatchDog.cancel(): canceling Mon Dec 02 06:22:43 UTC 2019
------------------ testing $PTII/ptolemy/domains/de/test/auto/DepthTest7.xml
auto.tcl: Setting watchdog for 200 seconds at Mon Dec 02 06:22:43 UTC 2019
3 ms. Memory: 45056K Free: 26948K (60%)
ptolemy.util.test.WatchDog.cancel(): canceling Mon Dec 02 06:22:43 UTC 2019
auto.tcl: Setting watchdog for 200 seconds at Mon Dec 02 06:22:43 UTC 2019
2 ms. Memory: 45056K Free: 26197K (58%)
ptolemy.util.test.WatchDog.cancel(): canceling Mon Dec 02 06:22:43 UTC 2019
------------------ testing $PTII/ptolemy/domains/de/test/auto/EventToDate.xml
auto.tcl: Setting watchdog for 200 seconds at Mon Dec 02 06:22:43 UTC 2019
3008 ms. Memory: 45056K Free: 17706K (39%)
ptolemy.util.test.WatchDog.cancel(): canceling Mon Dec 02 06:22:46 UTC 2019
auto.tcl: Setting watchdog for 200 seconds at Mon Dec 02 06:22:46 UTC 2019
3004 ms. Memory: 45056K Free: 17040K (38%)
ptolemy.util.test.WatchDog.cancel(): canceling Mon Dec 02 06:22:49 UTC 2019
------------------ testing $PTII/ptolemy/domains/de/test/auto/FSM1.xml
auto.tcl: Setting watchdog for 200 seconds at Mon Dec 02 06:22:49 UTC 2019
25 ms. Memory: 45056K Free: 18954K (42%)
ptolemy.util.test.WatchDog.cancel(): canceling Mon Dec 02 06:22:49 UTC 2019
auto.tcl: Setting watchdog for 200 seconds at Mon Dec 02 06:22:49 UTC 2019
19 ms. Memory: 45056K Free: 15722K (35%)
ptolemy.util.test.WatchDog.cancel(): canceling Mon Dec 02 06:22:49 UTC 2019
------------------ testing $PTII/ptolemy/domains/de/test/auto/FSM7.xml
auto.tcl: Setting watchdog for 200 seconds at Mon Dec 02 06:22:49 UTC 2019
22 ms. Memory: 45056K Free: 18647K (41%)
ptolemy.util.test.WatchDog.cancel(): canceling Mon Dec 02 06:22:49 UTC 2019
auto.tcl: Setting watchdog for 200 seconds at Mon Dec 02 06:22:49 UTC 2019
14 ms. Memory: 45056K Free: 15525K (34%)
ptolemy.util.test.WatchDog.cancel(): canceling Mon Dec 02 06:22:49 UTC 2019
------------------ testing $PTII/ptolemy/domains/de/test/auto/Inspection.xml
auto.tcl: Setting watchdog for 200 seconds at Mon Dec 02 06:22:49 UTC 2019
20 ms. Memory: 45056K Free: 18712K (42%)
ptolemy.util.test.WatchDog.cancel(): canceling Mon Dec 02 06:22:49 UTC 2019
auto.tcl: Setting watchdog for 200 seconds at Mon Dec 02 06:22:49 UTC 2019
16 ms. Memory: 45056K Free: 16958K (38%)
ptolemy.util.test.WatchDog.cancel(): canceling Mon Dec 02 06:22:49 UTC 2019
------------------ testing $PTII/ptolemy/domains/de/test/auto/Iteration.xml
auto.tcl: Setting watchdog for 200 seconds at Mon Dec 02 06:22:49 UTC 2019
8 ms. Memory: 45056K Free: 24397K (54%)
ptolemy.util.test.WatchDog.cancel(): canceling Mon Dec 02 06:22:49 UTC 2019
auto.tcl: Setting watchdog for 200 seconds at Mon Dec 02 06:22:49 UTC 2019
8 ms. Memory: 45056K Free: 23015K (51%)
ptolemy.util.test.WatchDog.cancel(): canceling Mon Dec 02 06:22:49 UTC 2019
------------------ testing $PTII/ptolemy/domains/de/test/auto/LineFault.xml
auto.tcl: Setting watchdog for 200 seconds at Mon Dec 02 06:22:50 UTC 2019
653 ms. Memory: 54272K Free: 24700K (46%)
ptolemy.util.test.WatchDog.cancel(): canceling Mon Dec 02 06:22:50 UTC 2019
auto.tcl: Setting watchdog for 200 seconds at Mon Dec 02 06:22:50 UTC 2019
625 ms. Memory: 54272K Free: 22655K (42%)
ptolemy.util.test.WatchDog.cancel(): canceling Mon Dec 02 06:22:51 UTC 2019
------------------ testing $PTII/ptolemy/domains/de/test/auto/MergeModel1Add.xml
auto.tcl: Setting watchdog for 200 seconds at Mon Dec 02 06:22:51 UTC 2019
34 ms. Memory: 51200K Free: 16513K (32%)
ptolemy.util.test.WatchDog.cancel(): canceling Mon Dec 02 06:22:51 UTC 2019
auto.tcl: Setting watchdog for 200 seconds at Mon Dec 02 06:22:51 UTC 2019
10 ms. Memory: 51200K Free: 14872K (29%)
ptolemy.util.test.WatchDog.cancel(): canceling Mon Dec 02 06:22:51 UTC 2019
------------------ testing $PTII/ptolemy/domains/de/test/auto/MergeModel2Add.xml
auto.tcl: Setting watchdog for 200 seconds at Mon Dec 02 06:22:51 UTC 2019
12 ms. Memory: 51200K Free: 18542K (36%)
ptolemy.util.test.WatchDog.cancel(): canceling Mon Dec 02 06:22:51 UTC 2019
auto.tcl: Setting watchdog for 200 seconds at Mon Dec 02 06:22:51 UTC 2019
10 ms. Memory: 51200K Free: 16589K (32%)
ptolemy.util.test.WatchDog.cancel(): canceling Mon Dec 02 06:22:51 UTC 2019
------------------ testing $PTII/ptolemy/domains/de/test/auto/MergeModel3Add.xml
auto.tcl: Setting watchdog for 200 seconds at Mon Dec 02 06:22:51 UTC 2019
8 ms. Memory: 48128K Free: 15471K (32%)
ptolemy.util.test.WatchDog.cancel(): canceling Mon Dec 02 06:22:52 UTC 2019
auto.tcl: Setting watchdog for 200 seconds at Mon Dec 02 06:22:52 UTC 2019
8 ms. Memory: 48128K Free: 14024K (29%)
ptolemy.util.test.WatchDog.cancel(): canceling Mon Dec 02 06:22:52 UTC 2019
------------------ testing $PTII/ptolemy/domains/de/test/auto/MergeWithoutDiscard.xml
auto.tcl: Setting watchdog for 200 seconds at Mon Dec 02 06:22:52 UTC 2019
3 ms. Memory: 48128K Free: 30369K (63%)
ptolemy.util.test.WatchDog.cancel(): canceling Mon Dec 02 06:22:52 UTC 2019
auto.tcl: Setting watchdog for 200 seconds at Mon Dec 02 06:22:52 UTC 2019
1 ms. Memory: 48128K Free: 29473K (61%)
ptolemy.util.test.WatchDog.cancel(): canceling Mon Dec 02 06:22:52 UTC 2019
------------------ testing $PTII/ptolemy/domains/de/test/auto/Modal1.xml
auto.tcl: Setting watchdog for 200 seconds at Mon Dec 02 06:22:52 UTC 2019
17 ms. Memory: 48128K Free: 21943K (46%)
ptolemy.util.test.WatchDog.cancel(): canceling Mon Dec 02 06:22:52 UTC 2019
auto.tcl: Setting watchdog for 200 seconds at Mon Dec 02 06:22:52 UTC 2019
23 ms. Memory: 48128K Free: 18445K (38%)
ptolemy.util.test.WatchDog.cancel(): canceling Mon Dec 02 06:22:52 UTC 2019
------------------ testing $PTII/ptolemy/domains/de/test/auto/Modal2.xml
auto.tcl: Setting watchdog for 200 seconds at Mon Dec 02 06:22:52 UTC 2019
11 ms. Memory: 48128K Free: 22096K (46%)
ptolemy.util.test.WatchDog.cancel(): canceling Mon Dec 02 06:22:52 UTC 2019
auto.tcl: Setting watchdog for 200 seconds at Mon Dec 02 06:22:52 UTC 2019
12 ms. Memory: 48128K Free: 18834K (39%)
ptolemy.util.test.WatchDog.cancel(): canceling Mon Dec 02 06:22:52 UTC 2019
------------------ testing $PTII/ptolemy/domains/de/test/auto/Modal3.xml
auto.tcl: Setting watchdog for 200 seconds at Mon Dec 02 06:22:52 UTC 2019
11 ms. Memory: 48128K Free: 22075K (46%)
ptolemy.util.test.WatchDog.cancel(): canceling Mon Dec 02 06:22:52 UTC 2019
auto.tcl: Setting watchdog for 200 seconds at Mon Dec 02 06:22:52 UTC 2019
11 ms. Memory: 48128K Free: 18848K (39%)
ptolemy.util.test.WatchDog.cancel(): canceling Mon Dec 02 06:22:52 UTC 2019
------------------ testing $PTII/ptolemy/domains/de/test/auto/Modal4.xml
auto.tcl: Setting watchdog for 200 seconds at Mon Dec 02 06:22:52 UTC 2019
14 ms. Memory: 48128K Free: 21045K (44%)
ptolemy.util.test.WatchDog.cancel(): canceling Mon Dec 02 06:22:52 UTC 2019
auto.tcl: Setting watchdog for 200 seconds at Mon Dec 02 06:22:52 UTC 2019
16 ms. Memory: 48128K Free: 17240K (36%)
ptolemy.util.test.WatchDog.cancel(): canceling Mon Dec 02 06:22:52 UTC 2019
------------------ testing $PTII/ptolemy/domains/de/test/auto/Modal5.xml
auto.tcl: Setting watchdog for 200 seconds at Mon Dec 02 06:22:52 UTC 2019
13 ms. Memory: 48128K Free: 21048K (44%)
ptolemy.util.test.WatchDog.cancel(): canceling Mon Dec 02 06:22:52 UTC 2019
auto.tcl: Setting watchdog for 200 seconds at Mon Dec 02 06:22:52 UTC 2019
13 ms. Memory: 48128K Free: 17226K (36%)
ptolemy.util.test.WatchDog.cancel(): canceling Mon Dec 02 06:22:52 UTC 2019
------------------ testing $PTII/ptolemy/domains/de/test/auto/Modal6.xml
auto.tcl: Setting watchdog for 200 seconds at Mon Dec 02 06:22:52 UTC 2019
12 ms. Memory: 48128K Free: 21816K (45%)
ptolemy.util.test.WatchDog.cancel(): canceling Mon Dec 02 06:22:52 UTC 2019
auto.tcl: Setting watchdog for 200 seconds at Mon Dec 02 06:22:52 UTC 2019
15 ms. Memory: 48128K Free: 18248K (38%)
ptolemy.util.test.WatchDog.cancel(): canceling Mon Dec 02 06:22:52 UTC 2019
------------------ testing $PTII/ptolemy/domains/de/test/auto/Modal7.xml
auto.tcl: Setting watchdog for 200 seconds at Mon Dec 02 06:22:52 UTC 2019
9 ms. Memory: 48128K Free: 21025K (44%)
ptolemy.util.test.WatchDog.cancel(): canceling Mon Dec 02 06:22:52 UTC 2019
auto.tcl: Setting watchdog for 200 seconds at Mon Dec 02 06:22:52 UTC 2019
11 ms. Memory: 48128K Free: 17442K (36%)
ptolemy.util.test.WatchDog.cancel(): canceling Mon Dec 02 06:22:52 UTC 2019
------------------ testing $PTII/ptolemy/domains/de/test/auto/ModalModel.xml
auto.tcl: Setting watchdog for 200 seconds at Mon Dec 02 06:22:52 UTC 2019
221 ms. Memory: 58368K Free: 24517K (42%)
ptolemy.util.test.WatchDog.cancel(): canceling Mon Dec 02 06:22:53 UTC 2019
auto.tcl: Setting watchdog for 200 seconds at Mon Dec 02 06:22:53 UTC 2019
209 ms. Memory: 58368K Free: 24137K (41%)
ptolemy.util.test.WatchDog.cancel(): canceling Mon Dec 02 06:22:53 UTC 2019
------------------ testing $PTII/ptolemy/domains/de/test/auto/ModalSource.xml
auto.tcl: Setting watchdog for 200 seconds at Mon Dec 02 06:22:53 UTC 2019
7 ms. Memory: 48128K Free: 25900K (54%)
ptolemy.util.test.WatchDog.cancel(): canceling Mon Dec 02 06:22:53 UTC 2019
auto.tcl: Setting watchdog for 200 seconds at Mon Dec 02 06:22:53 UTC 2019
6 ms. Memory: 48128K Free: 23852K (50%)
ptolemy.util.test.WatchDog.cancel(): canceling Mon Dec 02 06:22:53 UTC 2019
------------------ testing $PTII/ptolemy/domains/de/test/auto/NonInterruptibleTimerZeroDelay.xml
auto.tcl: Setting watchdog for 200 seconds at Mon Dec 02 06:22:53 UTC 2019
3 ms. Memory: 48128K Free: 30833K (64%)
ptolemy.util.test.WatchDog.cancel(): canceling Mon Dec 02 06:22:53 UTC 2019
auto.tcl: Setting watchdog for 200 seconds at Mon Dec 02 06:22:53 UTC 2019
2 ms. Memory: 48128K Free: 30182K (63%)
ptolemy.util.test.WatchDog.cancel(): canceling Mon Dec 02 06:22:53 UTC 2019
------------------ testing $PTII/ptolemy/domains/de/test/auto/OpenQueueingNetwork.xml
auto.tcl: Setting watchdog for 200 seconds at Mon Dec 02 06:22:53 UTC 2019
3026 ms. Memory: 97280K Free: 68821K (71%)
ptolemy.util.test.WatchDog.cancel(): canceling Mon Dec 02 06:22:56 UTC 2019
auto.tcl: Setting watchdog for 200 seconds at Mon Dec 02 06:22:56 UTC 2019
2686 ms. Memory: 140288K Free: 112891K (80%)
ptolemy.util.test.WatchDog.cancel(): canceling Mon Dec 02 06:22:59 UTC 2019
------------------ testing $PTII/ptolemy/domains/de/test/auto/OpenQueuingNetwork.xml
auto.tcl: Setting watchdog for 200 seconds at Mon Dec 02 06:22:59 UTC 2019
256 ms. Memory: 55296K Free: 24521K (44%)
ptolemy.util.test.WatchDog.cancel(): canceling Mon Dec 02 06:22:59 UTC 2019
auto.tcl: Setting watchdog for 200 seconds at Mon Dec 02 06:22:59 UTC 2019
255 ms. Memory: 55296K Free: 31998K (58%)
ptolemy.util.test.WatchDog.cancel(): canceling Mon Dec 02 06:23:00 UTC 2019
------------------ testing $PTII/ptolemy/domains/de/test/auto/PeriodicSampler.xml
auto.tcl: Setting watchdog for 200 seconds at Mon Dec 02 06:23:00 UTC 2019
2 ms. Memory: 48128K Free: 30036K (62%)
ptolemy.util.test.WatchDog.cancel(): canceling Mon Dec 02 06:23:00 UTC 2019
auto.tcl: Setting watchdog for 200 seconds at Mon Dec 02 06:23:00 UTC 2019
2 ms. Memory: 48128K Free: 29098K (60%)
ptolemy.util.test.WatchDog.cancel(): canceling Mon Dec 02 06:23:00 UTC 2019
------------------ testing $PTII/ptolemy/domains/de/test/auto/PersistentIO.xml
auto.tcl: Setting watchdog for 200 seconds at Mon Dec 02 06:23:00 UTC 2019
12 ms. Memory: 48128K Free: 24968K (52%)
ptolemy.util.test.WatchDog.cancel(): canceling Mon Dec 02 06:23:00 UTC 2019
auto.tcl: Setting watchdog for 200 seconds at Mon Dec 02 06:23:00 UTC 2019
4 ms. Memory: 48128K Free: 23512K (49%)
ptolemy.util.test.WatchDog.cancel(): canceling Mon Dec 02 06:23:00 UTC 2019
------------------ testing $PTII/ptolemy/domains/de/test/auto/PortParameterResetOnInitialize.xml
auto.tcl: Setting watchdog for 200 seconds at Mon Dec 02 06:23:00 UTC 2019
8 ms. Memory: 48128K Free: 29947K (62%)
ptolemy.util.test.WatchDog.cancel(): canceling Mon Dec 02 06:23:00 UTC 2019
auto.tcl: Setting watchdog for 200 seconds at Mon Dec 02 06:23:00 UTC 2019
2 ms. Memory: 48128K Free: 29480K (61%)
ptolemy.util.test.WatchDog.cancel(): canceling Mon Dec 02 06:23:00 UTC 2019
------------------ testing $PTII/ptolemy/domains/de/test/auto/PortParameterUpdates.xml
auto.tcl: Setting watchdog for 200 seconds at Mon Dec 02 06:23:00 UTC 2019
5 ms. Memory: 48128K Free: 28256K (59%)
ptolemy.util.test.WatchDog.cancel(): canceling Mon Dec 02 06:23:00 UTC 2019
auto.tcl: Setting watchdog for 200 seconds at Mon Dec 02 06:23:00 UTC 2019
4 ms. Memory: 48128K Free: 27048K (56%)
ptolemy.util.test.WatchDog.cancel(): canceling Mon Dec 02 06:23:00 UTC 2019
------------------ testing $PTII/ptolemy/domains/de/test/auto/QueueAndServer.xml
auto.tcl: Setting watchdog for 200 seconds at Mon Dec 02 06:23:00 UTC 2019
15 ms. Memory: 48128K Free: 26941K (56%)
ptolemy.util.test.WatchDog.cancel(): canceling Mon Dec 02 06:23:00 UTC 2019
auto.tcl: Setting watchdog for 200 seconds at Mon Dec 02 06:23:00 UTC 2019
8 ms. Memory: 48128K Free: 25517K (53%)
ptolemy.util.test.WatchDog.cancel(): canceling Mon Dec 02 06:23:00 UTC 2019
------------------ testing $PTII/ptolemy/domains/de/test/auto/Records.xml
auto.tcl: Setting watchdog for 200 seconds at Mon Dec 02 06:23:00 UTC 2019
5 ms. Memory: 48128K Free: 29487K (61%)
ptolemy.util.test.WatchDog.cancel(): canceling Mon Dec 02 06:23:00 UTC 2019
auto.tcl: Setting watchdog for 200 seconds at Mon Dec 02 06:23:00 UTC 2019
2 ms. Memory: 48128K Free: 29003K (60%)
ptolemy.util.test.WatchDog.cancel(): canceling Mon Dec 02 06:23:00 UTC 2019
------------------ testing $PTII/ptolemy/domains/de/test/auto/ResetTransitionWithStartTime1.xml
auto.tcl: Setting watchdog for 200 seconds at Mon Dec 02 06:23:00 UTC 2019
10 ms. Memory: 48128K Free: 26444K (55%)
ptolemy.util.test.WatchDog.cancel(): canceling Mon Dec 02 06:23:00 UTC 2019
auto.tcl: Setting watchdog for 200 seconds at Mon Dec 02 06:23:00 UTC 2019
9 ms. Memory: 48128K Free: 23913K (50%)
ptolemy.util.test.WatchDog.cancel(): canceling Mon Dec 02 06:23:00 UTC 2019
------------------ testing $PTII/ptolemy/domains/de/test/auto/ResetTransitionWithStartTime2.xml
auto.tcl: Setting watchdog for 200 seconds at Mon Dec 02 06:23:00 UTC 2019
10 ms. Memory: 48128K Free: 26399K (55%)
ptolemy.util.test.WatchDog.cancel(): canceling Mon Dec 02 06:23:00 UTC 2019
auto.tcl: Setting watchdog for 200 seconds at Mon Dec 02 06:23:00 UTC 2019
5 ms. Memory: 48128K Free: 23881K (50%)
ptolemy.util.test.WatchDog.cancel(): canceling Mon Dec 02 06:23:00 UTC 2019
------------------ testing $PTII/ptolemy/domains/de/test/auto/ResetTransitionWithStartTime3.xml
auto.tcl: Setting watchdog for 200 seconds at Mon Dec 02 06:23:00 UTC 2019
8 ms. Memory: 48128K Free: 26397K (55%)
ptolemy.util.test.WatchDog.cancel(): canceling Mon Dec 02 06:23:00 UTC 2019
auto.tcl: Setting watchdog for 200 seconds at Mon Dec 02 06:23:00 UTC 2019
7 ms. Memory: 48128K Free: 23879K (50%)
ptolemy.util.test.WatchDog.cancel(): canceling Mon Dec 02 06:23:00 UTC 2019
------------------ testing $PTII/ptolemy/domains/de/test/auto/ResetTransitionWithStartTime4.xml
auto.tcl: Setting watchdog for 200 seconds at Mon Dec 02 06:23:00 UTC 2019
7 ms. Memory: 48128K Free: 26883K (56%)
ptolemy.util.test.WatchDog.cancel(): canceling Mon Dec 02 06:23:00 UTC 2019
auto.tcl: Setting watchdog for 200 seconds at Mon Dec 02 06:23:00 UTC 2019
4 ms. Memory: 48128K Free: 25463K (53%)
ptolemy.util.test.WatchDog.cancel(): canceling Mon Dec 02 06:23:00 UTC 2019
------------------ testing $PTII/ptolemy/domains/de/test/auto/ResettableTimer1.xml
auto.tcl: Setting watchdog for 200 seconds at Mon Dec 02 06:23:00 UTC 2019
6 ms. Memory: 48128K Free: 30614K (64%)
ptolemy.util.test.WatchDog.cancel(): canceling Mon Dec 02 06:23:00 UTC 2019
auto.tcl: Setting watchdog for 200 seconds at Mon Dec 02 06:23:00 UTC 2019
2 ms. Memory: 48128K Free: 29515K (61%)
ptolemy.util.test.WatchDog.cancel(): canceling Mon Dec 02 06:23:00 UTC 2019
------------------ testing $PTII/ptolemy/domains/de/test/auto/ResettableTimer2.xml
auto.tcl: Setting watchdog for 200 seconds at Mon Dec 02 06:23:00 UTC 2019
3 ms. Memory: 48128K Free: 30646K (64%)
ptolemy.util.test.WatchDog.cancel(): canceling Mon Dec 02 06:23:00 UTC 2019
auto.tcl: Setting watchdog for 200 seconds at Mon Dec 02 06:23:00 UTC 2019
2 ms. Memory: 48128K Free: 29593K (61%)
ptolemy.util.test.WatchDog.cancel(): canceling Mon Dec 02 06:23:00 UTC 2019
------------------ testing $PTII/ptolemy/domains/de/test/auto/ResettableTimer3.xml
auto.tcl: Setting watchdog for 200 seconds at Mon Dec 02 06:23:00 UTC 2019
2 ms. Memory: 48128K Free: 30558K (63%)
ptolemy.util.test.WatchDog.cancel(): canceling Mon Dec 02 06:23:01 UTC 2019
auto.tcl: Setting watchdog for 200 seconds at Mon Dec 02 06:23:01 UTC 2019
1 ms. Memory: 48128K Free: 30531K (63%)
ptolemy.util.test.WatchDog.cancel(): canceling Mon Dec 02 06:23:01 UTC 2019
------------------ testing $PTII/ptolemy/domains/de/test/auto/ResettableTimer4.xml
auto.tcl: Setting watchdog for 200 seconds at Mon Dec 02 06:23:01 UTC 2019
2 ms. Memory: 48128K Free: 30556K (63%)
ptolemy.util.test.WatchDog.cancel(): canceling Mon Dec 02 06:23:01 UTC 2019
auto.tcl: Setting watchdog for 200 seconds at Mon Dec 02 06:23:01 UTC 2019
2 ms. Memory: 48128K Free: 30060K (62%)
ptolemy.util.test.WatchDog.cancel(): canceling Mon Dec 02 06:23:01 UTC 2019
------------------ testing $PTII/ptolemy/domains/de/test/auto/ResettableTimer5.xml
auto.tcl: Setting watchdog for 200 seconds at Mon Dec 02 06:23:01 UTC 2019
1 ms. Memory: 48128K Free: 30014K (62%)
ptolemy.util.test.WatchDog.cancel(): canceling Mon Dec 02 06:23:01 UTC 2019
auto.tcl: Setting watchdog for 200 seconds at Mon Dec 02 06:23:01 UTC 2019
1 ms. Memory: 48128K Free: 29530K (61%)
ptolemy.util.test.WatchDog.cancel(): canceling Mon Dec 02 06:23:01 UTC 2019
------------------ testing $PTII/ptolemy/domains/de/test/auto/ResettableTimer6.xml
auto.tcl: Setting watchdog for 200 seconds at Mon Dec 02 06:23:01 UTC 2019
2 ms. Memory: 48128K Free: 30019K (62%)
ptolemy.util.test.WatchDog.cancel(): canceling Mon Dec 02 06:23:01 UTC 2019
auto.tcl: Setting watchdog for 200 seconds at Mon Dec 02 06:23:01 UTC 2019
2 ms. Memory: 48128K Free: 29551K (61%)
ptolemy.util.test.WatchDog.cancel(): canceling Mon Dec 02 06:23:01 UTC 2019
------------------ testing $PTII/ptolemy/domains/de/test/auto/ServerZeroDelay.xml
auto.tcl: Setting watchdog for 200 seconds at Mon Dec 02 06:23:01 UTC 2019
4 ms. Memory: 48128K Free: 30524K (63%)
ptolemy.util.test.WatchDog.cancel(): canceling Mon Dec 02 06:23:01 UTC 2019
auto.tcl: Setting watchdog for 200 seconds at Mon Dec 02 06:23:01 UTC 2019
2 ms. Memory: 48128K Free: 29586K (61%)
ptolemy.util.test.WatchDog.cancel(): canceling Mon Dec 02 06:23:01 UTC 2019
------------------ testing $PTII/ptolemy/domains/de/test/auto/SmartSender.xml
auto.tcl: Setting watchdog for 200 seconds at Mon Dec 02 06:23:01 UTC 2019
3002 ms. Memory: 48128K Free: 30556K (63%)
ptolemy.util.test.WatchDog.cancel(): canceling Mon Dec 02 06:23:04 UTC 2019
auto.tcl: Setting watchdog for 200 seconds at Mon Dec 02 06:23:04 UTC 2019
3002 ms. Memory: 48128K Free: 30052K (62%)
ptolemy.util.test.WatchDog.cancel(): canceling Mon Dec 02 06:23:07 UTC 2019
------------------ testing $PTII/ptolemy/domains/de/test/auto/ThreadedComposite.xml
auto.tcl: Setting watchdog for 200 seconds at Mon Dec 02 06:23:07 UTC 2019
222 ms. Memory: 48128K Free: 8514K (18%)
ptolemy.util.test.WatchDog.cancel(): canceling Mon Dec 02 06:23:07 UTC 2019
auto.tcl: Setting watchdog for 200 seconds at Mon Dec 02 06:23:07 UTC 2019
158 ms. Memory: 48128K Free: 22952K (48%)
ptolemy.util.test.WatchDog.cancel(): canceling Mon Dec 02 06:23:07 UTC 2019
------------------ testing $PTII/ptolemy/domains/de/test/auto/Time.xml
auto.tcl: Setting watchdog for 200 seconds at Mon Dec 02 06:23:07 UTC 2019
595 ms. Memory: 48128K Free: 32736K (68%)
ptolemy.util.test.WatchDog.cancel(): canceling Mon Dec 02 06:23:08 UTC 2019
auto.tcl: Setting watchdog for 200 seconds at Mon Dec 02 06:23:08 UTC 2019
467 ms. Memory: 48128K Free: 7884K (16%)
ptolemy.util.test.WatchDog.cancel(): canceling Mon Dec 02 06:23:08 UTC 2019
------------------ testing $PTII/ptolemy/domains/de/test/auto/TimeDelayZeroDelay.xml
auto.tcl: Setting watchdog for 200 seconds at Mon Dec 02 06:23:09 UTC 2019
3 ms. Memory: 48128K Free: 30447K (63%)
ptolemy.util.test.WatchDog.cancel(): canceling Mon Dec 02 06:23:09 UTC 2019
auto.tcl: Setting watchdog for 200 seconds at Mon Dec 02 06:23:09 UTC 2019
2 ms. Memory: 48128K Free: 29570K (61%)
ptolemy.util.test.WatchDog.cancel(): canceling Mon Dec 02 06:23:09 UTC 2019
------------------ testing $PTII/ptolemy/domains/de/test/auto/TimerZeroDelay.xml
auto.tcl: Setting watchdog for 200 seconds at Mon Dec 02 06:23:09 UTC 2019
4 ms. Memory: 48128K Free: 30929K (64%)
ptolemy.util.test.WatchDog.cancel(): canceling Mon Dec 02 06:23:09 UTC 2019
auto.tcl: Setting watchdog for 200 seconds at Mon Dec 02 06:23:09 UTC 2019
2 ms. Memory: 48128K Free: 30502K (63%)
ptolemy.util.test.WatchDog.cancel(): canceling Mon Dec 02 06:23:09 UTC 2019
------------------ testing $PTII/ptolemy/domains/de/test/auto/TimingParadox.xml
auto.tcl: Setting watchdog for 200 seconds at Mon Dec 02 06:23:09 UTC 2019
389 ms. Memory: 48128K Free: 15575K (32%)
ptolemy.util.test.WatchDog.cancel(): canceling Mon Dec 02 06:23:09 UTC 2019
auto.tcl: Setting watchdog for 200 seconds at Mon Dec 02 06:23:09 UTC 2019
316 ms. Memory: 48128K Free: 28916K (60%)
ptolemy.util.test.WatchDog.cancel(): canceling Mon Dec 02 06:23:10 UTC 2019
------------------ testing $PTII/ptolemy/domains/de/test/auto/TransferInputs.xml
auto.tcl: Setting watchdog for 200 seconds at Mon Dec 02 06:23:10 UTC 2019
2 ms. Memory: 48128K Free: 28941K (60%)
ptolemy.util.test.WatchDog.cancel(): canceling Mon Dec 02 06:23:10 UTC 2019
auto.tcl: Setting watchdog for 200 seconds at Mon Dec 02 06:23:10 UTC 2019
1 ms. Memory: 48128K Free: 28080K (58%)
ptolemy.util.test.WatchDog.cancel(): canceling Mon Dec 02 06:23:10 UTC 2019
------------------ testing $PTII/ptolemy/domains/de/test/auto/TransferOutputs2.xml
auto.tcl: Setting watchdog for 200 seconds at Mon Dec 02 06:23:10 UTC 2019
4 ms. Memory: 48128K Free: 26400K (55%)
ptolemy.util.test.WatchDog.cancel(): canceling Mon Dec 02 06:23:10 UTC 2019
auto.tcl: Setting watchdog for 200 seconds at Mon Dec 02 06:23:10 UTC 2019
4 ms. Memory: 48128K Free: 24996K (52%)
ptolemy.util.test.WatchDog.cancel(): canceling Mon Dec 02 06:23:10 UTC 2019
------------------ testing $PTII/ptolemy/domains/de/test/auto/Trilateration.xml
auto.tcl: Setting watchdog for 200 seconds at Mon Dec 02 06:23:10 UTC 2019
13686 ms. Memory: 563200K Free: 277399K (49%)
ptolemy.util.test.WatchDog.cancel(): canceling Mon Dec 02 06:23:25 UTC 2019
auto.tcl: Setting watchdog for 200 seconds at Mon Dec 02 06:23:25 UTC 2019
10419 ms. Memory: 563200K Free: 314802K (56%)
ptolemy.util.test.WatchDog.cancel(): canceling Mon Dec 02 06:23:35 UTC 2019
------------------ testing $PTII/ptolemy/domains/de/test/auto/TwoSigmaDelta.xml
auto.tcl: Setting watchdog for 200 seconds at Mon Dec 02 06:23:35 UTC 2019
2608 ms. Memory: 86016K Free: 55276K (64%)
ptolemy.util.test.WatchDog.cancel(): canceling Mon Dec 02 06:23:38 UTC 2019
auto.tcl: Setting watchdog for 200 seconds at Mon Dec 02 06:23:38 UTC 2019
2139 ms. Memory: 86016K Free: 40929K (48%)
ptolemy.util.test.WatchDog.cancel(): canceling Mon Dec 02 06:23:40 UTC 2019
------------------ testing $PTII/ptolemy/domains/de/test/auto/VariableDelay.xml
auto.tcl: Setting watchdog for 200 seconds at Mon Dec 02 06:23:40 UTC 2019
3 ms. Memory: 48128K Free: 29450K (61%)
ptolemy.util.test.WatchDog.cancel(): canceling Mon Dec 02 06:23:40 UTC 2019
auto.tcl: Setting watchdog for 200 seconds at Mon Dec 02 06:23:40 UTC 2019
2 ms. Memory: 48128K Free: 28443K (59%)
ptolemy.util.test.WatchDog.cancel(): canceling Mon Dec 02 06:23:40 UTC 2019
------------------ testing $PTII/ptolemy/domains/de/test/auto/VariableDelay2.xml
auto.tcl: Setting watchdog for 200 seconds at Mon Dec 02 06:23:40 UTC 2019
2 ms. Memory: 48128K Free: 29849K (62%)
ptolemy.util.test.WatchDog.cancel(): canceling Mon Dec 02 06:23:40 UTC 2019
auto.tcl: Setting watchdog for 200 seconds at Mon Dec 02 06:23:40 UTC 2019
1 ms. Memory: 48128K Free: 29353K (61%)
ptolemy.util.test.WatchDog.cancel(): canceling Mon Dec 02 06:23:40 UTC 2019
------------------ testing $PTII/ptolemy/domains/de/test/auto/VariableDelayZeroDelay.xml
auto.tcl: Setting watchdog for 200 seconds at Mon Dec 02 06:23:40 UTC 2019
2 ms. Memory: 48128K Free: 30376K (63%)
ptolemy.util.test.WatchDog.cancel(): canceling Mon Dec 02 06:23:40 UTC 2019
auto.tcl: Setting watchdog for 200 seconds at Mon Dec 02 06:23:40 UTC 2019
2 ms. Memory: 48128K Free: 29835K (62%)
ptolemy.util.test.WatchDog.cancel(): canceling Mon Dec 02 06:23:40 UTC 2019
------------------ testing $PTII/ptolemy/domains/de/test/auto/VariableDelayZeroDelay2.xml
auto.tcl: Setting watchdog for 200 seconds at Mon Dec 02 06:23:40 UTC 2019
3 ms. Memory: 48128K Free: 30375K (63%)
ptolemy.util.test.WatchDog.cancel(): canceling Mon Dec 02 06:23:40 UTC 2019
auto.tcl: Setting watchdog for 200 seconds at Mon Dec 02 06:23:40 UTC 2019
2 ms. Memory: 48128K Free: 29351K (61%)
ptolemy.util.test.WatchDog.cancel(): canceling Mon Dec 02 06:23:40 UTC 2019
------------------ testing $PTII/ptolemy/domains/de/test/auto/deInCt.xml
auto.tcl: Setting watchdog for 200 seconds at Mon Dec 02 06:23:40 UTC 2019
0
1
1
1
0
0
0
1
1
1
0
0
0
0
1
1
1
0
0
0
1
1
1
0
0
0
1
1
1
1
0
0
0
1
1
1
1
1
0
0
0
0
1
1
1
1
17 ms. Memory: 48128K Free: 29348K (61%)
ptolemy.util.test.WatchDog.cancel(): canceling Mon Dec 02 06:23:40 UTC 2019
auto.tcl: Setting watchdog for 200 seconds at Mon Dec 02 06:23:40 UTC 2019
0
1
1
1
1
0
0
0
0
0
1
1
1
0
0
0
1
1
1
1
0
0
0
1
1
1
0
0
0
1
1
1
0
0
0
0
0
7 ms. Memory: 48128K Free: 27799K (58%)
ptolemy.util.test.WatchDog.cancel(): canceling Mon Dec 02 06:23:40 UTC 2019
------------------ testing $PTII/ptolemy/domains/de/test/auto/deInCt2.xml
auto.tcl: Setting watchdog for 200 seconds at Mon Dec 02 06:23:40 UTC 2019
0
1
1
1
0
0
1
1
1
0
0
1
1
1
0
0
1
1
1
0
0
1
1
1
0
0
1
1
1
0
0
1
1
1
0
0
1
1
1
0
0
0
8 ms. Memory: 48128K Free: 29351K (61%)
ptolemy.util.test.WatchDog.cancel(): canceling Mon Dec 02 06:23:40 UTC 2019
auto.tcl: Setting watchdog for 200 seconds at Mon Dec 02 06:23:40 UTC 2019
0
1
1
1
0
0
1
1
1
0
0
1
1
1
0
0
1
1
1
0
0
1
1
1
0
0
1
1
1
0
0
1
1
1
0
0
1
1
1
0
0
0
7 ms. Memory: 48128K Free: 27802K (58%)
ptolemy.util.test.WatchDog.cancel(): canceling Mon Dec 02 06:23:40 UTC 2019
------------------ testing $PTII/ptolemy/domains/de/test/auto/dynamicCausalityInterface1.xml
auto.tcl: Setting watchdog for 200 seconds at Mon Dec 02 06:23:41 UTC 2019
1 ms. Memory: 48128K Free: 25249K (52%)
ptolemy.util.test.WatchDog.cancel(): canceling Mon Dec 02 06:23:41 UTC 2019
auto.tcl: Setting watchdog for 200 seconds at Mon Dec 02 06:23:41 UTC 2019
0 ms. Memory: 48128K Free: 24738K (51%)
ptolemy.util.test.WatchDog.cancel(): canceling Mon Dec 02 06:23:41 UTC 2019
------------------ testing $PTII/ptolemy/domains/de/test/auto/fsm_de_test.xml
auto.tcl: Setting watchdog for 200 seconds at Mon Dec 02 06:23:41 UTC 2019
7 ms. Memory: 48128K Free: 25148K (52%)
ptolemy.util.test.WatchDog.cancel(): canceling Mon Dec 02 06:23:41 UTC 2019
auto.tcl: Setting watchdog for 200 seconds at Mon Dec 02 06:23:41 UTC 2019
5 ms. Memory: 48128K Free: 23100K (48%)
ptolemy.util.test.WatchDog.cancel(): canceling Mon Dec 02 06:23:41 UTC 2019
------------------ testing $PTII/ptolemy/domains/de/test/auto/functionDependencyReconstruction.xml
auto.tcl: Setting watchdog for 200 seconds at Mon Dec 02 06:23:41 UTC 2019
3 ms. Memory: 48128K Free: 18993K (39%)
ptolemy.util.test.WatchDog.cancel(): canceling Mon Dec 02 06:23:41 UTC 2019
auto.tcl: Setting watchdog for 200 seconds at Mon Dec 02 06:23:41 UTC 2019
2 ms. Memory: 48128K Free: 16945K (35%)
ptolemy.util.test.WatchDog.cancel(): canceling Mon Dec 02 06:23:41 UTC 2019
------------------ testing $PTII/ptolemy/domains/de/test/auto/multirate.xml
auto.tcl: Setting watchdog for 200 seconds at Mon Dec 02 06:23:41 UTC 2019
3 ms. Memory: 48128K Free: 27809K (58%)
ptolemy.util.test.WatchDog.cancel(): canceling Mon Dec 02 06:23:41 UTC 2019
auto.tcl: Setting watchdog for 200 seconds at Mon Dec 02 06:23:41 UTC 2019
2 ms. Memory: 48128K Free: 26111K (54%)
ptolemy.util.test.WatchDog.cancel(): canceling Mon Dec 02 06:23:41 UTC 2019
------------------ testing $PTII/ptolemy/domains/de/test/auto/multirate2.xml
auto.tcl: Setting watchdog for 200 seconds at Mon Dec 02 06:23:41 UTC 2019
3 ms. Memory: 48128K Free: 27759K (58%)
ptolemy.util.test.WatchDog.cancel(): canceling Mon Dec 02 06:23:41 UTC 2019
auto.tcl: Setting watchdog for 200 seconds at Mon Dec 02 06:23:41 UTC 2019
3 ms. Memory: 48128K Free: 26225K (54%)
ptolemy.util.test.WatchDog.cancel(): canceling Mon Dec 02 06:23:41 UTC 2019
------------------ testing $PTII/ptolemy/domains/de/test/auto/realtime.xml
auto.tcl: Setting watchdog for 200 seconds at Mon Dec 02 06:23:41 UTC 2019
10003 ms. Memory: 48128K Free: 30018K (62%)
ptolemy.util.test.WatchDog.cancel(): canceling Mon Dec 02 06:23:51 UTC 2019
auto.tcl: Setting watchdog for 200 seconds at Mon Dec 02 06:23:51 UTC 2019
10003 ms. Memory: 48128K Free: 29295K (61%)
ptolemy.util.test.WatchDog.cancel(): canceling Mon Dec 02 06:24:01 UTC 2019
------------------ testing $PTII/ptolemy/domains/de/test/auto/relationGroup.xml
auto.tcl: Setting watchdog for 200 seconds at Mon Dec 02 06:24:01 UTC 2019
2 ms. Memory: 48128K Free: 31120K (65%)
ptolemy.util.test.WatchDog.cancel(): canceling Mon Dec 02 06:24:01 UTC 2019
auto.tcl: Setting watchdog for 200 seconds at Mon Dec 02 06:24:01 UTC 2019
2 ms. Memory: 48128K Free: 30375K (63%)
ptolemy.util.test.WatchDog.cancel(): canceling Mon Dec 02 06:24:01 UTC 2019
------------------ testing $PTII/ptolemy/domains/de/test/auto/relationGroup2.xml
auto.tcl: Setting watchdog for 200 seconds at Mon Dec 02 06:24:01 UTC 2019
2 ms. Memory: 48128K Free: 30911K (64%)
ptolemy.util.test.WatchDog.cancel(): canceling Mon Dec 02 06:24:01 UTC 2019
auto.tcl: Setting watchdog for 200 seconds at Mon Dec 02 06:24:01 UTC 2019
1 ms. Memory: 48128K Free: 30407K (63%)
ptolemy.util.test.WatchDog.cancel(): canceling Mon Dec 02 06:24:01 UTC 2019
------------------ testing $PTII/ptolemy/domains/de/test/auto/sortWithOpaquePorts.xml
auto.tcl: Setting watchdog for 200 seconds at Mon Dec 02 06:24:01 UTC 2019
3 ms. Memory: 48128K Free: 29887K (62%)
ptolemy.util.test.WatchDog.cancel(): canceling Mon Dec 02 06:24:01 UTC 2019
auto.tcl: Setting watchdog for 200 seconds at Mon Dec 02 06:24:01 UTC 2019
2 ms. Memory: 48128K Free: 28354K (59%)
ptolemy.util.test.WatchDog.cancel(): canceling Mon Dec 02 06:24:01 UTC 2019
------------------ testing $PTII/ptolemy/domains/de/test/auto/transferInputsandOutputs.xml
auto.tcl: Setting watchdog for 200 seconds at Mon Dec 02 06:24:01 UTC 2019
5 ms. Memory: 48128K Free: 27318K (57%)
ptolemy.util.test.WatchDog.cancel(): canceling Mon Dec 02 06:24:01 UTC 2019
auto.tcl: Setting watchdog for 200 seconds at Mon Dec 02 06:24:01 UTC 2019
3 ms. Memory: 48128K Free: 26309K (55%)
ptolemy.util.test.WatchDog.cancel(): canceling Mon Dec 02 06:24:01 UTC 2019
------------------ testing $PTII/ptolemy/domains/de/test/auto/triggerType.xml
auto.tcl: Setting watchdog for 200 seconds at Mon Dec 02 06:24:01 UTC 2019
1 ms. Memory: 48128K Free: 30342K (63%)
ptolemy.util.test.WatchDog.cancel(): canceling Mon Dec 02 06:24:01 UTC 2019
auto.tcl: Setting watchdog for 200 seconds at Mon Dec 02 06:24:01 UTC 2019
1 ms. Memory: 48128K Free: 29326K (61%)
ptolemy.util.test.WatchDog.cancel(): canceling Mon Dec 02 06:24:01 UTC 2019
12/02/19 06:24:01
Failed: 0  Total Tests: 192  ((Passed: 187, Newly Passed: 1)  Known Failed: 5) /home/travis/build/icyphy/ptII/ptolemy/domains/de/test
12/02/19 06:24:01
Failed: 0  Total Tests: 192  ((Passed: 187, Newly Passed: 1)  Known Failed: 5) /home/travis/build/icyphy/ptII/ptolemy/domains/de/test
----------------- testing (KnownFailure) /home/travis/build/icyphy/ptII/ptolemy/domains/de/test/auto/knownFailedTests/DESDFClockTest.xml
2014 ms. Memory: 48128K Free: 23737K (49%)
Known Failure: java.lang.reflect.InvocationTargetException
----------------- testing (KnownFailure) /home/travis/build/icyphy/ptII/ptolemy/domains/de/test/auto/knownFailedTests/DirectFeedback.xml
2 ms. Memory: 48128K Free: 19641K (41%)
Known Failure: java.lang.reflect.InvocationTargetException
----------------- testing (KnownFailure) /home/travis/build/icyphy/ptII/ptolemy/domains/de/test/auto/knownFailedTests/FSMSource.xml
9 ms. Memory: 48128K Free: 11963K (25%)
----------------- testing (KnownFailure) /home/travis/build/icyphy/ptII/ptolemy/domains/de/test/auto/knownFailedTests/HierarchicalModel.xml
3 ms. Memory: 48128K Free: 22901K (48%)
Known Failure: java.lang.reflect.InvocationTargetException
----------------- testing (KnownFailure) /home/travis/build/icyphy/ptII/ptolemy/domains/de/test/auto/knownFailedTests/dependencyLoop.xml
3 ms. Memory: 48128K Free: 7557K (16%)
Known Failure: java.lang.reflect.InvocationTargetException
----------------- testing (KnownFailure) /home/travis/build/icyphy/ptII/ptolemy/domains/de/test/auto/knownFailedTests/dependencyLoop2.xml
9 ms. Memory: 48128K Free: 19115K (40%)
Known Failure: java.lang.reflect.InvocationTargetException
No auto/linux-amd64/*.xml tests in /home/travis/build/icyphy/ptII/ptolemy/domains/de/test
AutoTests.java: About to close Vertx.
AutoTests.java: Vertx closed.

===========================================================================================
----------------- testing Mon Dec 02 06:24:04 UTC 2019 /home/travis/build/icyphy/ptII/ptolemy/domains/de/test/auto/ActorDepthCalculation_actorWithoutPorts.xml
----------------- Instantiating /home/travis/build/icyphy/ptII/ptolemy/domains/de/test/auto/ActorDepthCalculation_actorWithoutPorts.xml
1 ms. Memory: 48128K Free: 12979K (27%)
----------------- Invoking toplevel() on ptolemy.moml.MoMLSimpleApplication@3b486522
----------------- Done invoking toplevel() on ptolemy.moml.MoMLSimpleApplication@3b486522
reloadAllAccessors: .ActorDepthCalculation_actorWithoutPorts

===========================================================================================
----------------- testing Mon Dec 02 06:24:04 UTC 2019 /home/travis/build/icyphy/ptII/ptolemy/domains/de/test/auto/AssemblyLine.xml
----------------- Instantiating /home/travis/build/icyphy/ptII/ptolemy/domains/de/test/auto/AssemblyLine.xml
3 ms. Memory: 48128K Free: 32577K (68%)
----------------- Invoking toplevel() on ptolemy.moml.MoMLSimpleApplication@37d5dbe0
----------------- Done invoking toplevel() on ptolemy.moml.MoMLSimpleApplication@37d5dbe0
reloadAllAccessors: .AssemblyLine

===========================================================================================
----------------- testing Mon Dec 02 06:24:04 UTC 2019 /home/travis/build/icyphy/ptII/ptolemy/domains/de/test/auto/CQBug1.xml
----------------- Instantiating /home/travis/build/icyphy/ptII/ptolemy/domains/de/test/auto/CQBug1.xml
1 ms. Memory: 48128K Free: 29481K (61%)
----------------- Invoking toplevel() on ptolemy.moml.MoMLSimpleApplication@2bef4717
----------------- Done invoking toplevel() on ptolemy.moml.MoMLSimpleApplication@2bef4717
reloadAllAccessors: .CQBug1

===========================================================================================
----------------- testing Mon Dec 02 06:24:04 UTC 2019 /home/travis/build/icyphy/ptII/ptolemy/domains/de/test/auto/CancelFireAt.xml
----------------- Instantiating /home/travis/build/icyphy/ptII/ptolemy/domains/de/test/auto/CancelFireAt.xml
11 ms. Memory: 48128K Free: 27205K (57%)
----------------- Invoking toplevel() on ptolemy.moml.MoMLSimpleApplication@1d8a2927
----------------- Done invoking toplevel() on ptolemy.moml.MoMLSimpleApplication@1d8a2927
reloadAllAccessors: .CancelFireAt

===========================================================================================
----------------- testing Mon Dec 02 06:24:04 UTC 2019 /home/travis/build/icyphy/ptII/ptolemy/domains/de/test/auto/CausalityAndComposabilityAnalysis.xml
----------------- Instantiating /home/travis/build/icyphy/ptII/ptolemy/domains/de/test/auto/CausalityAndComposabilityAnalysis.xml
2 ms. Memory: 48128K Free: 22966K (48%)
----------------- Invoking toplevel() on ptolemy.moml.MoMLSimpleApplication@47ffb056
----------------- Done invoking toplevel() on ptolemy.moml.MoMLSimpleApplication@47ffb056
reloadAllAccessors: .CausalityAndComposabilityAnalysis

===========================================================================================
----------------- testing Mon Dec 02 06:24:04 UTC 2019 /home/travis/build/icyphy/ptII/ptolemy/domains/de/test/auto/CausalityInterface1.xml
----------------- Instantiating /home/travis/build/icyphy/ptII/ptolemy/domains/de/test/auto/CausalityInterface1.xml
5 ms. Memory: 48128K Free: 17792K (37%)
----------------- Invoking toplevel() on ptolemy.moml.MoMLSimpleApplication@34b0b8b6
----------------- Done invoking toplevel() on ptolemy.moml.MoMLSimpleApplication@34b0b8b6
reloadAllAccessors: .CausalityInterface1

===========================================================================================
----------------- testing Mon Dec 02 06:24:04 UTC 2019 /home/travis/build/icyphy/ptII/ptolemy/domains/de/test/auto/CausalityInterface15.xml
----------------- Instantiating /home/travis/build/icyphy/ptII/ptolemy/domains/de/test/auto/CausalityInterface15.xml
2 ms. Memory: 48128K Free: 12422K (26%)
----------------- Invoking toplevel() on ptolemy.moml.MoMLSimpleApplication@ae1588
----------------- Done invoking toplevel() on ptolemy.moml.MoMLSimpleApplication@ae1588
reloadAllAccessors: .CausalityInterface15

===========================================================================================
----------------- testing Mon Dec 02 06:24:04 UTC 2019 /home/travis/build/icyphy/ptII/ptolemy/domains/de/test/auto/CausalityInterface2.xml
----------------- Instantiating /home/travis/build/icyphy/ptII/ptolemy/domains/de/test/auto/CausalityInterface2.xml
1 ms. Memory: 48128K Free: 7859K (16%)
[...]
	at ptolemy.actor.Manager.run(Manager.java:1263)
	at ptolemy.actor.Manager$PtolemyRunThread.run(Manager.java:1933)
java.lang.RuntimeException: Execution failed
	at ptolemy.moml.MoMLSimpleApplication$UnloadThread.run(MoMLSimpleApplication.java:402)
Caused by: ptolemy.kernel.util.IllegalActionException: Actor is not ready to fire.  Perhaps UpSample.prefire() returned false? Try debugging the actor by selecting "Listen to Actor".  Also, for SDF check moml for tokenConsumptionRate on input.
  in .DESDFClockTest.Play Bell.Copy1:SDF Director and .DESDFClockTest.Play Bell.UpSample
	at ptolemy.actor.sched.StaticSchedulingDirector.fire(StaticSchedulingDirector.java:227)
	at ptolemy.domains.sdf.kernel.SDFDirector.fire(SDFDirector.java:500)
	at ptolemy.actor.CompositeActor.fire(CompositeActor.java:455)
	at ptolemy.domains.de.kernel.DEDirector._fire(DEDirector.java:1949)
	at ptolemy.domains.de.kernel.DEDirector.fire(DEDirector.java:502)
	at ptolemy.actor.CompositeActor.fire(CompositeActor.java:455)
	at ptolemy.actor.Manager.iterate(Manager.java:851)
	at ptolemy.actor.Manager.execute(Manager.java:369)
	at ptolemy.actor.Manager.run(Manager.java:1263)
	at ptolemy.actor.Manager$PtolemyRunThread.run(Manager.java:1933)
java.lang.reflect.InvocationTargetException
	at java.base/jdk.internal.reflect.NativeConstructorAccessorImpl.newInstance0(Native Method)
	at java.base/jdk.internal.reflect.NativeConstructorAccessorImpl.newInstance(NativeConstructorAccessorImpl.java:62)
	at java.base/jdk.internal.reflect.DelegatingConstructorAccessorImpl.newInstance(DelegatingConstructorAccessorImpl.java:45)
	at java.base/java.lang.reflect.Constructor.newInstance(Constructor.java:490)
	at ptolemy.util.test.junit.AutoKnownFailedTests.RunModel(AutoKnownFailedTests.java:105)
	at java.base/jdk.internal.reflect.NativeMethodAccessorImpl.invoke0(Native Method)
	at java.base/jdk.internal.reflect.NativeMethodAccessorImpl.invoke(NativeMethodAccessorImpl.java:62)
	at java.base/jdk.internal.reflect.DelegatingMethodAccessorImpl.invoke(DelegatingMethodAccessorImpl.java:43)
	at java.base/java.lang.reflect.Method.invoke(Method.java:566)
	at org.junit.runners.model.FrameworkMethod$1.runReflectiveCall(FrameworkMethod.java:44)
	at org.junit.internal.runners.model.ReflectiveCallable.run(ReflectiveCallable.java:15)
	at org.junit.runners.model.FrameworkMethod.invokeExplosively(FrameworkMethod.java:41)
	at junitparams.internal.InvokeParameterisedMethod.evaluate(InvokeParameterisedMethod.java:102)
	at org.junit.internal.runners.statements.FailOnTimeout$1.run(FailOnTimeout.java:28)
Caused by: ptolemy.kernel.util.IllegalActionException: Actor is not ready to fire.  Perhaps UpSample.prefire() returned false? Try debugging the actor by selecting "Listen to Actor".  Also, for SDF check moml for tokenConsumptionRate on input.
  in .DESDFClockTest.Play Bell.Copy1:SDF Director and .DESDFClockTest.Play Bell.UpSample
	at ptolemy.actor.sched.StaticSchedulingDirector.fire(StaticSchedulingDirector.java:227)
	at ptolemy.domains.sdf.kernel.SDFDirector.fire(SDFDirector.java:500)
	at ptolemy.actor.CompositeActor.fire(CompositeActor.java:455)
	at ptolemy.domains.de.kernel.DEDirector._fire(DEDirector.java:1949)
	at ptolemy.domains.de.kernel.DEDirector.fire(DEDirector.java:502)
	at ptolemy.actor.CompositeActor.fire(CompositeActor.java:455)
	at ptolemy.actor.Manager.iterate(Manager.java:851)
	at ptolemy.actor.Manager.execute(Manager.java:369)
	at ptolemy.actor.Manager.run(Manager.java:1263)
	at ptolemy.actor.Manager$PtolemyRunThread.run(Manager.java:1933)
java.lang.RuntimeException: Execution failed
	at ptolemy.moml.MoMLSimpleApplication$UnloadThread.run(MoMLSimpleApplication.java:402)
Caused by: ptolemy.kernel.util.IllegalActionException: Test fails in iteration 1.
Value was: 1.0. Should have been: 2.0
  in .DirectFeedback.Test
	at ptolemy.actor.lib.Test.fire(Test.java:268)
	at ptolemy.domains.de.kernel.DEDirector._fire(DEDirector.java:1949)
	at ptolemy.domains.de.kernel.DEDirector.fire(DEDirector.java:502)
	at ptolemy.actor.CompositeActor.fire(CompositeActor.java:455)
	at ptolemy.actor.Manager.iterate(Manager.java:851)
	at ptolemy.actor.Manager.execute(Manager.java:369)
	at ptolemy.actor.Manager.run(Manager.java:1263)
	at ptolemy.actor.Manager$PtolemyRunThread.run(Manager.java:1933)
java.lang.reflect.InvocationTargetException
	at java.base/jdk.internal.reflect.NativeConstructorAccessorImpl.newInstance0(Native Method)
	at java.base/jdk.internal.reflect.NativeConstructorAccessorImpl.newInstance(NativeConstructorAccessorImpl.java:62)
	at java.base/jdk.internal.reflect.DelegatingConstructorAccessorImpl.newInstance(DelegatingConstructorAccessorImpl.java:45)
	at java.base/java.lang.reflect.Constructor.newInstance(Constructor.java:490)
	at ptolemy.util.test.junit.AutoKnownFailedTests.RunModel(AutoKnownFailedTests.java:105)
	at java.base/jdk.internal.reflect.NativeMethodAccessorImpl.invoke0(Native Method)
	at java.base/jdk.internal.reflect.NativeMethodAccessorImpl.invoke(NativeMethodAccessorImpl.java:62)
	at java.base/jdk.internal.reflect.DelegatingMethodAccessorImpl.invoke(DelegatingMethodAccessorImpl.java:43)
	at java.base/java.lang.reflect.Method.invoke(Method.java:566)
	at org.junit.runners.model.FrameworkMethod$1.runReflectiveCall(FrameworkMethod.java:44)
	at org.junit.internal.runners.model.ReflectiveCallable.run(ReflectiveCallable.java:15)
	at org.junit.runners.model.FrameworkMethod.invokeExplosively(FrameworkMethod.java:41)
	at junitparams.internal.InvokeParameterisedMethod.evaluate(InvokeParameterisedMethod.java:102)
	at org.junit.internal.runners.statements.FailOnTimeout$1.run(FailOnTimeout.java:28)
Caused by: ptolemy.kernel.util.IllegalActionException: Test fails in iteration 1.
Value was: 1.0. Should have been: 2.0
  in .DirectFeedback.Test
	at ptolemy.actor.lib.Test.fire(Test.java:268)
	at ptolemy.domains.de.kernel.DEDirector._fire(DEDirector.java:1949)
	at ptolemy.domains.de.kernel.DEDirector.fire(DEDirector.java:502)
	at ptolemy.actor.CompositeActor.fire(CompositeActor.java:455)
	at ptolemy.actor.Manager.iterate(Manager.java:851)
	at ptolemy.actor.Manager.execute(Manager.java:369)
	at ptolemy.actor.Manager.run(Manager.java:1263)
	at ptolemy.actor.Manager$PtolemyRunThread.run(Manager.java:1933)
java.lang.RuntimeException: Execution failed
	at ptolemy.moml.MoMLSimpleApplication$UnloadThread.run(MoMLSimpleApplication.java:402)
Caused by: ptolemy.kernel.util.IllegalActionException: Found a zero delay loop containing .HierarchicalModel.A
  in .HierarchicalModel and .HierarchicalModel.A
	at ptolemy.actor.util.CausalityInterfaceForComposites._computeOutputPortDepth(CausalityInterfaceForComposites.java:759)
	at ptolemy.actor.util.CausalityInterfaceForComposites._computeInputDepth(CausalityInterfaceForComposites.java:696)
	at ptolemy.actor.util.CausalityInterfaceForComposites._computeOutputPortDepth(CausalityInterfaceForComposites.java:765)
	at ptolemy.actor.util.CausalityInterfaceForComposites._computeInputDepth(CausalityInterfaceForComposites.java:696)
	at ptolemy.actor.util.CausalityInterfaceForComposites._computeOutputPortDepth(CausalityInterfaceForComposites.java:765)
	at ptolemy.actor.util.CausalityInterfaceForComposites._computeInputDepth(CausalityInterfaceForComposites.java:696)
	at ptolemy.actor.util.CausalityInterfaceForComposites._computeActorDepth(CausalityInterfaceForComposites.java:532)
	at ptolemy.actor.util.CausalityInterfaceForComposites.checkForCycles(CausalityInterfaceForComposites.java:96)
	at ptolemy.domains.de.kernel.DEDirector.preinitialize(DEDirector.java:1338)
	at ptolemy.actor.CompositeActor.preinitialize(CompositeActor.java:1828)
	at ptolemy.actor.Manager.preinitializeAndResolveTypes(Manager.java:1040)
	at ptolemy.actor.Manager.initialize(Manager.java:710)
	at ptolemy.actor.Manager.execute(Manager.java:356)
	at ptolemy.actor.Manager.run(Manager.java:1263)
	at ptolemy.actor.Manager$PtolemyRunThread.run(Manager.java:1933)
java.lang.reflect.InvocationTargetException
	at java.base/jdk.internal.reflect.NativeConstructorAccessorImpl.newInstance0(Native Method)
	at java.base/jdk.internal.reflect.NativeConstructorAccessorImpl.newInstance(NativeConstructorAccessorImpl.java:62)
	at java.base/jdk.internal.reflect.DelegatingConstructorAccessorImpl.newInstance(DelegatingConstructorAccessorImpl.java:45)
	at java.base/java.lang.reflect.Constructor.newInstance(Constructor.java:490)
	at ptolemy.util.test.junit.AutoKnownFailedTests.RunModel(AutoKnownFailedTests.java:105)
	at java.base/jdk.internal.reflect.NativeMethodAccessorImpl.invoke0(Native Method)
	at java.base/jdk.internal.reflect.NativeMethodAccessorImpl.invoke(NativeMethodAccessorImpl.java:62)
	at java.base/jdk.internal.reflect.DelegatingMethodAccessorImpl.invoke(DelegatingMethodAccessorImpl.java:43)
	at java.base/java.lang.reflect.Method.invoke(Method.java:566)
	at org.junit.runners.model.FrameworkMethod$1.runReflectiveCall(FrameworkMethod.java:44)
	at org.junit.internal.runners.model.ReflectiveCallable.run(ReflectiveCallable.java:15)
	at org.junit.runners.model.FrameworkMethod.invokeExplosively(FrameworkMethod.java:41)
	at junitparams.internal.InvokeParameterisedMethod.evaluate(InvokeParameterisedMethod.java:102)
	at org.junit.internal.runners.statements.FailOnTimeout$1.run(FailOnTimeout.java:28)
Caused by: ptolemy.kernel.util.IllegalActionException: Found a zero delay loop containing .HierarchicalModel.A
  in .HierarchicalModel and .HierarchicalModel.A
	at ptolemy.actor.util.CausalityInterfaceForComposites._computeOutputPortDepth(CausalityInterfaceForComposites.java:759)
	at ptolemy.actor.util.CausalityInterfaceForComposites._computeInputDepth(CausalityInterfaceForComposites.java:696)
	at ptolemy.actor.util.CausalityInterfaceForComposites._computeOutputPortDepth(CausalityInterfaceForComposites.java:765)
	at ptolemy.actor.util.CausalityInterfaceForComposites._computeInputDepth(CausalityInterfaceForComposites.java:696)
	at ptolemy.actor.util.CausalityInterfaceForComposites._computeOutputPortDepth(CausalityInterfaceForComposites.java:765)
	at ptolemy.actor.util.CausalityInterfaceForComposites._computeInputDepth(CausalityInterfaceForComposites.java:696)
	at ptolemy.actor.util.CausalityInterfaceForComposites._computeActorDepth(CausalityInterfaceForComposites.java:532)
	at ptolemy.actor.util.CausalityInterfaceForComposites.checkForCycles(CausalityInterfaceForComposites.java:96)
	at ptolemy.domains.de.kernel.DEDirector.preinitialize(DEDirector.java:1338)
	at ptolemy.actor.CompositeActor.preinitialize(CompositeActor.java:1828)
	at ptolemy.actor.Manager.preinitializeAndResolveTypes(Manager.java:1040)
	at ptolemy.actor.Manager.initialize(Manager.java:710)
	at ptolemy.actor.Manager.execute(Manager.java:356)
	at ptolemy.actor.Manager.run(Manager.java:1263)
	at ptolemy.actor.Manager$PtolemyRunThread.run(Manager.java:1933)
java.lang.RuntimeException: Execution failed
	at ptolemy.moml.MoMLSimpleApplication$UnloadThread.run(MoMLSimpleApplication.java:402)
Caused by: ptolemy.kernel.util.IllegalActionException: Found a zero delay loop containing .dependencyLoop.original
  in .dependencyLoop and .dependencyLoop.original
	at ptolemy.actor.util.CausalityInterfaceForComposites._computeOutputPortDepth(CausalityInterfaceForComposites.java:759)
	at ptolemy.actor.util.CausalityInterfaceForComposites._computeInputDepth(CausalityInterfaceForComposites.java:696)
	at ptolemy.actor.util.CausalityInterfaceForComposites._computeOutputPortDepth(CausalityInterfaceForComposites.java:765)
	at ptolemy.actor.util.CausalityInterfaceForComposites._computeInputDepth(CausalityInterfaceForComposites.java:696)
	at ptolemy.actor.util.CausalityInterfaceForComposites._computeOutputPortDepth(CausalityInterfaceForComposites.java:765)
	at ptolemy.actor.util.CausalityInterfaceForComposites._computeInputDepth(CausalityInterfaceForComposites.java:696)
	at ptolemy.actor.util.CausalityInterfaceForComposites._computeActorDepth(CausalityInterfaceForComposites.java:532)
	at ptolemy.actor.util.CausalityInterfaceForComposites.checkForCycles(CausalityInterfaceForComposites.java:96)
	at ptolemy.domains.de.kernel.DEDirector.preinitialize(DEDirector.java:1338)
	at ptolemy.actor.CompositeActor.preinitialize(CompositeActor.java:1828)
	at ptolemy.actor.Manager.preinitializeAndResolveTypes(Manager.java:1040)
	at ptolemy.actor.Manager.initialize(Manager.java:710)
	at ptolemy.actor.Manager.execute(Manager.java:356)
	at ptolemy.actor.Manager.run(Manager.java:1263)
	at ptolemy.actor.Manager$PtolemyRunThread.run(Manager.java:1933)
java.lang.reflect.InvocationTargetException
	at java.base/jdk.internal.reflect.NativeConstructorAccessorImpl.newInstance0(Native Method)
	at java.base/jdk.internal.reflect.NativeConstructorAccessorImpl.newInstance(NativeConstructorAccessorImpl.java:62)
	at java.base/jdk.internal.reflect.DelegatingConstructorAccessorImpl.newInstance(DelegatingConstructorAccessorImpl.java:45)
	at java.base/java.lang.reflect.Constructor.newInstance(Constructor.java:490)
	at ptolemy.util.test.junit.AutoKnownFailedTests.RunModel(AutoKnownFailedTests.java:105)
	at java.base/jdk.internal.reflect.NativeMethodAccessorImpl.invoke0(Native Method)
	at java.base/jdk.internal.reflect.NativeMethodAccessorImpl.invoke(NativeMethodAccessorImpl.java:62)
	at java.base/jdk.internal.reflect.DelegatingMethodAccessorImpl.invoke(DelegatingMethodAccessorImpl.java:43)
	at java.base/java.lang.reflect.Method.invoke(Method.java:566)
	at org.junit.runners.model.FrameworkMethod$1.runReflectiveCall(FrameworkMethod.java:44)
	at org.junit.internal.runners.model.ReflectiveCallable.run(ReflectiveCallable.java:15)
	at org.junit.runners.model.FrameworkMethod.invokeExplosively(FrameworkMethod.java:41)
	at junitparams.internal.InvokeParameterisedMethod.evaluate(InvokeParameterisedMethod.java:102)
	at org.junit.internal.runners.statements.FailOnTimeout$1.run(FailOnTimeout.java:28)
Caused by: ptolemy.kernel.util.IllegalActionException: Found a zero delay loop containing .dependencyLoop.original
  in .dependencyLoop and .dependencyLoop.original
	at ptolemy.actor.util.CausalityInterfaceForComposites._computeOutputPortDepth(CausalityInterfaceForComposites.java:759)
	at ptolemy.actor.util.CausalityInterfaceForComposites._computeInputDepth(CausalityInterfaceForComposites.java:696)
	at ptolemy.actor.util.CausalityInterfaceForComposites._computeOutputPortDepth(CausalityInterfaceForComposites.java:765)
	at ptolemy.actor.util.CausalityInterfaceForComposites._computeInputDepth(CausalityInterfaceForComposites.java:696)
	at ptolemy.actor.util.CausalityInterfaceForComposites._computeOutputPortDepth(CausalityInterfaceForComposites.java:765)
	at ptolemy.actor.util.CausalityInterfaceForComposites._computeInputDepth(CausalityInterfaceForComposites.java:696)
	at ptolemy.actor.util.CausalityInterfaceForComposites._computeActorDepth(CausalityInterfaceForComposites.java:532)
	at ptolemy.actor.util.CausalityInterfaceForComposites.checkForCycles(CausalityInterfaceForComposites.java:96)
	at ptolemy.domains.de.kernel.DEDirector.preinitialize(DEDirector.java:1338)
	at ptolemy.actor.CompositeActor.preinitialize(CompositeActor.java:1828)
	at ptolemy.actor.Manager.preinitializeAndResolveTypes(Manager.java:1040)
	at ptolemy.actor.Manager.initialize(Manager.java:710)
	at ptolemy.actor.Manager.execute(Manager.java:356)
	at ptolemy.actor.Manager.run(Manager.java:1263)
	at ptolemy.actor.Manager$PtolemyRunThread.run(Manager.java:1933)
java.lang.RuntimeException: Execution failed
	at ptolemy.moml.MoMLSimpleApplication$UnloadThread.run(MoMLSimpleApplication.java:402)
Caused by: ptolemy.kernel.util.IllegalActionException: Found a zero delay loop containing .dependencyLoop2.original
  in .dependencyLoop2 and .dependencyLoop2.original
	at ptolemy.actor.util.CausalityInterfaceForComposites._computeOutputPortDepth(CausalityInterfaceForComposites.java:759)
	at ptolemy.actor.util.CausalityInterfaceForComposites._computeInputDepth(CausalityInterfaceForComposites.java:696)
	at ptolemy.actor.util.CausalityInterfaceForComposites._computeOutputPortDepth(CausalityInterfaceForComposites.java:765)
	at ptolemy.actor.util.CausalityInterfaceForComposites._computeInputDepth(CausalityInterfaceForComposites.java:696)
	at ptolemy.actor.util.CausalityInterfaceForComposites._computeOutputPortDepth(CausalityInterfaceForComposites.java:765)
	at ptolemy.actor.util.CausalityInterfaceForComposites._computeInputDepth(CausalityInterfaceForComposites.java:696)
	at ptolemy.actor.util.CausalityInterfaceForComposites._computeActorDepth(CausalityInterfaceForComposites.java:532)
	at ptolemy.actor.util.CausalityInterfaceForComposites.checkForCycles(CausalityInterfaceForComposites.java:96)
	at ptolemy.domains.de.kernel.DEDirector.preinitialize(DEDirector.java:1338)
	at ptolemy.actor.CompositeActor.preinitialize(CompositeActor.java:1828)
	at ptolemy.actor.Manager.preinitializeAndResolveTypes(Manager.java:1040)
	at ptolemy.actor.Manager.initialize(Manager.java:710)
	at ptolemy.actor.Manager.execute(Manager.java:356)
	at ptolemy.actor.Manager.run(Manager.java:1263)
	at ptolemy.actor.Manager$PtolemyRunThread.run(Manager.java:1933)
java.lang.reflect.InvocationTargetException
	at java.base/jdk.internal.reflect.NativeConstructorAccessorImpl.newInstance0(Native Method)
	at java.base/jdk.internal.reflect.NativeConstructorAccessorImpl.newInstance(NativeConstructorAccessorImpl.java:62)
	at java.base/jdk.internal.reflect.DelegatingConstructorAccessorImpl.newInstance(DelegatingConstructorAccessorImpl.java:45)
	at java.base/java.lang.reflect.Constructor.newInstance(Constructor.java:490)
	at ptolemy.util.test.junit.AutoKnownFailedTests.RunModel(AutoKnownFailedTests.java:105)
	at java.base/jdk.internal.reflect.NativeMethodAccessorImpl.invoke0(Native Method)
	at java.base/jdk.internal.reflect.NativeMethodAccessorImpl.invoke(NativeMethodAccessorImpl.java:62)
	at java.base/jdk.internal.reflect.DelegatingMethodAccessorImpl.invoke(DelegatingMethodAccessorImpl.java:43)
	at java.base/java.lang.reflect.Method.invoke(Method.java:566)
	at org.junit.runners.model.FrameworkMethod$1.runReflectiveCall(FrameworkMethod.java:44)
	at org.junit.internal.runners.model.ReflectiveCallable.run(ReflectiveCallable.java:15)
	at org.junit.runners.model.FrameworkMethod.invokeExplosively(FrameworkMethod.java:41)
	at junitparams.internal.InvokeParameterisedMethod.evaluate(InvokeParameterisedMethod.java:102)
	at org.junit.internal.runners.statements.FailOnTimeout$1.run(FailOnTimeout.java:28)
Caused by: ptolemy.kernel.util.IllegalActionException: Found a zero delay loop containing .dependencyLoop2.original
  in .dependencyLoop2 and .dependencyLoop2.original
	at ptolemy.actor.util.CausalityInterfaceForComposites._computeOutputPortDepth(CausalityInterfaceForComposites.java:759)
	at ptolemy.actor.util.CausalityInterfaceForComposites._computeInputDepth(CausalityInterfaceForComposites.java:696)
	at ptolemy.actor.util.CausalityInterfaceForComposites._computeOutputPortDepth(CausalityInterfaceForComposites.java:765)
	at ptolemy.actor.util.CausalityInterfaceForComposites._computeInputDepth(CausalityInterfaceForComposites.java:696)
	at ptolemy.actor.util.CausalityInterfaceForComposites._computeOutputPortDepth(CausalityInterfaceForComposites.java:765)
	at ptolemy.actor.util.CausalityInterfaceForComposites._computeInputDepth(CausalityInterfaceForComposites.java:696)
	at ptolemy.actor.util.CausalityInterfaceForComposites._computeActorDepth(CausalityInterfaceForComposites.java:532)
	at ptolemy.actor.util.CausalityInterfaceForComposites.checkForCycles(CausalityInterfaceForComposites.java:96)
	at ptolemy.domains.de.kernel.DEDirector.preinitialize(DEDirector.java:1338)
	at ptolemy.actor.CompositeActor.preinitialize(CompositeActor.java:1828)
	at ptolemy.actor.Manager.preinitializeAndResolveTypes(Manager.java:1040)
	at ptolemy.actor.Manager.initialize(Manager.java:710)
	at ptolemy.actor.Manager.execute(Manager.java:356)
	at ptolemy.actor.Manager.run(Manager.java:1263)
	at ptolemy.actor.Manager$PtolemyRunThread.run(Manager.java:1933)
]]></system-err>
</testsuite>
