<?xml version="1.0" encoding="UTF-8" ?>
<testsuite errors="0" failures="0" hostname="travis-job-c7b8207d-91d2-421e-9150-587811703c61" name="ptolemy.domains.de.test.junit.JUnitTclTest" skipped="0" tests="101" time="123.102" timestamp="2020-04-22T14:03:50">
  <properties>
[...]
</properties>
  <testcase classname="ptolemy.util.test.junit.TclTests" name="[0] /home/travis/build/icyphy/ptII/ptolemy/domains/de/test/DependencyLoop.tcl (RunTclFile)" time="0.932" />
  <testcase classname="ptolemy.util.test.junit.TclTests" name="[1] /home/travis/build/icyphy/ptII/ptolemy/domains/de/test/RunDETestsAsQSS.tcl (RunTclFile)" time="83.433" />
  <testcase classname="ptolemy.util.test.junit.AutoKnownFailedTests" name="[0] /home/travis/build/icyphy/ptII/ptolemy/domains/de/test/auto/knownFailedTests/DESDFClockTest.xml (RunModel)" time="2.054" />
  <testcase classname="ptolemy.util.test.junit.AutoKnownFailedTests" name="[1] /home/travis/build/icyphy/ptII/ptolemy/domains/de/test/auto/knownFailedTests/DirectFeedback.xml (RunModel)" time="0.013" />
  <testcase classname="ptolemy.util.test.junit.AutoKnownFailedTests" name="[2] /home/travis/build/icyphy/ptII/ptolemy/domains/de/test/auto/knownFailedTests/FSMSource.xml (RunModel)" time="0.021" />
  <testcase classname="ptolemy.util.test.junit.AutoKnownFailedTests" name="[3] /home/travis/build/icyphy/ptII/ptolemy/domains/de/test/auto/knownFailedTests/HierarchicalModel.xml (RunModel)" time="0.044" />
  <testcase classname="ptolemy.util.test.junit.AutoKnownFailedTests" name="[4] /home/travis/build/icyphy/ptII/ptolemy/domains/de/test/auto/knownFailedTests/dependencyLoop.xml (RunModel)" time="0.039" />
  <testcase classname="ptolemy.util.test.junit.AutoKnownFailedTests" name="[5] /home/travis/build/icyphy/ptII/ptolemy/domains/de/test/auto/knownFailedTests/dependencyLoop2.xml (RunModel)" time="0.049" />
  <testcase classname="ptolemy.util.test.junit.AutoNameArchTests" name="[0] ThereAreNoAutoArchTests (RunModel)" time="0.001" />
  <testcase classname="ptolemy.util.test.junit.AutoTests" name="[0] /home/travis/build/icyphy/ptII/ptolemy/domains/de/test/auto/ActorDepthCalculation_actorWithoutPorts.xml (RunModel)" time="0.023" />
  <testcase classname="ptolemy.util.test.junit.AutoTests" name="[1] /home/travis/build/icyphy/ptII/ptolemy/domains/de/test/auto/AssemblyLine.xml (RunModel)" time="0.018" />
  <testcase classname="ptolemy.util.test.junit.AutoTests" name="[2] /home/travis/build/icyphy/ptII/ptolemy/domains/de/test/auto/CQBug1.xml (RunModel)" time="0.01" />
  <testcase classname="ptolemy.util.test.junit.AutoTests" name="[3] /home/travis/build/icyphy/ptII/ptolemy/domains/de/test/auto/CancelFireAt.xml (RunModel)" time="0.007" />
  <testcase classname="ptolemy.util.test.junit.AutoTests" name="[4] /home/travis/build/icyphy/ptII/ptolemy/domains/de/test/auto/CausalityAndComposabilityAnalysis.xml (RunModel)" time="0.022" />
  <testcase classname="ptolemy.util.test.junit.AutoTests" name="[5] /home/travis/build/icyphy/ptII/ptolemy/domains/de/test/auto/CausalityInterface1.xml (RunModel)" time="0.018" />
  <testcase classname="ptolemy.util.test.junit.AutoTests" name="[6] /home/travis/build/icyphy/ptII/ptolemy/domains/de/test/auto/CausalityInterface15.xml (RunModel)" time="0.012" />
  <testcase classname="ptolemy.util.test.junit.AutoTests" name="[7] /home/travis/build/icyphy/ptII/ptolemy/domains/de/test/auto/CausalityInterface2.xml (RunModel)" time="0.012" />
  <testcase classname="ptolemy.util.test.junit.AutoTests" name="[8] /home/travis/build/icyphy/ptII/ptolemy/domains/de/test/auto/CausalityInterface3.xml (RunModel)" time="0.017" />
  <testcase classname="ptolemy.util.test.junit.AutoTests" name="[9] /home/travis/build/icyphy/ptII/ptolemy/domains/de/test/auto/ClockDrift.xml (RunModel)" time="0.039" />
  <testcase classname="ptolemy.util.test.junit.AutoTests" name="[10] /home/travis/build/icyphy/ptII/ptolemy/domains/de/test/auto/ClockDriftAndValueChange.xml (RunModel)" time="0.033" />
  <testcase classname="ptolemy.util.test.junit.AutoTests" name="[11] /home/travis/build/icyphy/ptII/ptolemy/domains/de/test/auto/ClockDriftChange.xml (RunModel)" time="0.032" />
  <testcase classname="ptolemy.util.test.junit.AutoTests" name="[12] /home/travis/build/icyphy/ptII/ptolemy/domains/de/test/auto/ComposableCausalityAnalysis.xml (RunModel)" time="0.013" />
  <testcase classname="ptolemy.util.test.junit.AutoTests" name="[13] /home/travis/build/icyphy/ptII/ptolemy/domains/de/test/auto/DEFixedPointLimitation.xml (RunModel)" time="0.008" />
  <testcase classname="ptolemy.util.test.junit.AutoTests" name="[14] /home/travis/build/icyphy/ptII/ptolemy/domains/de/test/auto/DEScheduleTest.xml (RunModel)" time="0.011" />
  <testcase classname="ptolemy.util.test.junit.AutoTests" name="[15] /home/travis/build/icyphy/ptII/ptolemy/domains/de/test/auto/DEinDEwithStartTimes.xml (RunModel)" time="0.019" />
  <testcase classname="ptolemy.util.test.junit.AutoTests" name="[16] /home/travis/build/icyphy/ptII/ptolemy/domains/de/test/auto/DEinDEwithStartTimes2.xml (RunModel)" time="0.018" />
  <testcase classname="ptolemy.util.test.junit.AutoTests" name="[17] /home/travis/build/icyphy/ptII/ptolemy/domains/de/test/auto/DateDemo.xml (RunModel)" time="0.029" />
  <testcase classname="ptolemy.util.test.junit.AutoTests" name="[18] /home/travis/build/icyphy/ptII/ptolemy/domains/de/test/auto/DateToEvent.xml (RunModel)" time="2.041" />
  <testcase classname="ptolemy.util.test.junit.AutoTests" name="[19] /home/travis/build/icyphy/ptII/ptolemy/domains/de/test/auto/DepthTest1.xml (RunModel)" time="0.01" />
  <testcase classname="ptolemy.util.test.junit.AutoTests" name="[20] /home/travis/build/icyphy/ptII/ptolemy/domains/de/test/auto/DepthTest2.xml (RunModel)" time="0.025" />
  <testcase classname="ptolemy.util.test.junit.AutoTests" name="[21] /home/travis/build/icyphy/ptII/ptolemy/domains/de/test/auto/DepthTest3.xml (RunModel)" time="0.008" />
  <testcase classname="ptolemy.util.test.junit.AutoTests" name="[22] /home/travis/build/icyphy/ptII/ptolemy/domains/de/test/auto/DepthTest4.xml (RunModel)" time="0.017" />
  <testcase classname="ptolemy.util.test.junit.AutoTests" name="[23] /home/travis/build/icyphy/ptII/ptolemy/domains/de/test/auto/DepthTest5.xml (RunModel)" time="0.014" />
  <testcase classname="ptolemy.util.test.junit.AutoTests" name="[24] /home/travis/build/icyphy/ptII/ptolemy/domains/de/test/auto/DepthTest6.xml (RunModel)" time="0.013" />
  <testcase classname="ptolemy.util.test.junit.AutoTests" name="[25] /home/travis/build/icyphy/ptII/ptolemy/domains/de/test/auto/DepthTest7.xml (RunModel)" time="0.01" />
  <testcase classname="ptolemy.util.test.junit.AutoTests" name="[26] /home/travis/build/icyphy/ptII/ptolemy/domains/de/test/auto/EventToDate.xml (RunModel)" time="3.04" />
  <testcase classname="ptolemy.util.test.junit.AutoTests" name="[27] /home/travis/build/icyphy/ptII/ptolemy/domains/de/test/auto/FSM1.xml (RunModel)" time="0.043" />
  <testcase classname="ptolemy.util.test.junit.AutoTests" name="[28] /home/travis/build/icyphy/ptII/ptolemy/domains/de/test/auto/FSM7.xml (RunModel)" time="0.031" />
  <testcase classname="ptolemy.util.test.junit.AutoTests" name="[29] /home/travis/build/icyphy/ptII/ptolemy/domains/de/test/auto/Inspection.xml (RunModel)" time="0.04" />
  <testcase classname="ptolemy.util.test.junit.AutoTests" name="[30] /home/travis/build/icyphy/ptII/ptolemy/domains/de/test/auto/Iteration.xml (RunModel)" time="0.021" />
  <testcase classname="ptolemy.util.test.junit.AutoTests" name="[31] /home/travis/build/icyphy/ptII/ptolemy/domains/de/test/auto/LineFault.xml (RunModel)" time="0.559" />
  <testcase classname="ptolemy.util.test.junit.AutoTests" name="[32] /home/travis/build/icyphy/ptII/ptolemy/domains/de/test/auto/MergeModel1Add.xml (RunModel)" time="0.054" />
  <testcase classname="ptolemy.util.test.junit.AutoTests" name="[33] /home/travis/build/icyphy/ptII/ptolemy/domains/de/test/auto/MergeModel2Add.xml (RunModel)" time="0.036" />
  <testcase classname="ptolemy.util.test.junit.AutoTests" name="[34] /home/travis/build/icyphy/ptII/ptolemy/domains/de/test/auto/MergeModel3Add.xml (RunModel)" time="0.047" />
  <testcase classname="ptolemy.util.test.junit.AutoTests" name="[35] /home/travis/build/icyphy/ptII/ptolemy/domains/de/test/auto/MergeWithoutDiscard.xml (RunModel)" time="0.01" />
  <testcase classname="ptolemy.util.test.junit.AutoTests" name="[36] /home/travis/build/icyphy/ptII/ptolemy/domains/de/test/auto/Modal1.xml (RunModel)" time="0.024" />
  <testcase classname="ptolemy.util.test.junit.AutoTests" name="[37] /home/travis/build/icyphy/ptII/ptolemy/domains/de/test/auto/Modal2.xml (RunModel)" time="0.025" />
  <testcase classname="ptolemy.util.test.junit.AutoTests" name="[38] /home/travis/build/icyphy/ptII/ptolemy/domains/de/test/auto/Modal3.xml (RunModel)" time="0.026" />
  <testcase classname="ptolemy.util.test.junit.AutoTests" name="[39] /home/travis/build/icyphy/ptII/ptolemy/domains/de/test/auto/Modal4.xml (RunModel)" time="0.027" />
  <testcase classname="ptolemy.util.test.junit.AutoTests" name="[40] /home/travis/build/icyphy/ptII/ptolemy/domains/de/test/auto/Modal5.xml (RunModel)" time="0.027" />
  <testcase classname="ptolemy.util.test.junit.AutoTests" name="[41] /home/travis/build/icyphy/ptII/ptolemy/domains/de/test/auto/Modal6.xml (RunModel)" time="0.029" />
  <testcase classname="ptolemy.util.test.junit.AutoTests" name="[42] /home/travis/build/icyphy/ptII/ptolemy/domains/de/test/auto/Modal7.xml (RunModel)" time="0.027" />
  <testcase classname="ptolemy.util.test.junit.AutoTests" name="[43] /home/travis/build/icyphy/ptII/ptolemy/domains/de/test/auto/ModalModel.xml (RunModel)" time="0.163" />
  <testcase classname="ptolemy.util.test.junit.AutoTests" name="[44] /home/travis/build/icyphy/ptII/ptolemy/domains/de/test/auto/ModalSource.xml (RunModel)" time="0.018" />
  <testcase classname="ptolemy.util.test.junit.AutoTests" name="[45] /home/travis/build/icyphy/ptII/ptolemy/domains/de/test/auto/NonInterruptibleTimerZeroDelay.xml (RunModel)" time="0.01" />
  <testcase classname="ptolemy.util.test.junit.AutoTests" name="[46] /home/travis/build/icyphy/ptII/ptolemy/domains/de/test/auto/OpenQueueingNetwork.xml (RunModel)" time="2.336" />
  <testcase classname="ptolemy.util.test.junit.AutoTests" name="[47] /home/travis/build/icyphy/ptII/ptolemy/domains/de/test/auto/OpenQueuingNetwork.xml (RunModel)" time="0.26" />
  <testcase classname="ptolemy.util.test.junit.AutoTests" name="[48] /home/travis/build/icyphy/ptII/ptolemy/domains/de/test/auto/PeriodicSampler.xml (RunModel)" time="0.009" />
  <testcase classname="ptolemy.util.test.junit.AutoTests" name="[49] /home/travis/build/icyphy/ptII/ptolemy/domains/de/test/auto/PersistentIO.xml (RunModel)" time="0.016" />
  <testcase classname="ptolemy.util.test.junit.AutoTests" name="[50] /home/travis/build/icyphy/ptII/ptolemy/domains/de/test/auto/PortParameterResetOnInitialize.xml (RunModel)" time="0.008" />
  <testcase classname="ptolemy.util.test.junit.AutoTests" name="[51] /home/travis/build/icyphy/ptII/ptolemy/domains/de/test/auto/PortParameterUpdates.xml (RunModel)" time="0.013" />
  <testcase classname="ptolemy.util.test.junit.AutoTests" name="[52] /home/travis/build/icyphy/ptII/ptolemy/domains/de/test/auto/QueueAndServer.xml (RunModel)" time="0.018" />
  <testcase classname="ptolemy.util.test.junit.AutoTests" name="[53] /home/travis/build/icyphy/ptII/ptolemy/domains/de/test/auto/Records.xml (RunModel)" time="0.02" />
  <testcase classname="ptolemy.util.test.junit.AutoTests" name="[54] /home/travis/build/icyphy/ptII/ptolemy/domains/de/test/auto/ResetTransitionWithStartTime1.xml (RunModel)" time="0.016" />
  <testcase classname="ptolemy.util.test.junit.AutoTests" name="[55] /home/travis/build/icyphy/ptII/ptolemy/domains/de/test/auto/ResetTransitionWithStartTime2.xml (RunModel)" time="0.021" />
  <testcase classname="ptolemy.util.test.junit.AutoTests" name="[56] /home/travis/build/icyphy/ptII/ptolemy/domains/de/test/auto/ResetTransitionWithStartTime3.xml (RunModel)" time="0.018" />
  <testcase classname="ptolemy.util.test.junit.AutoTests" name="[57] /home/travis/build/icyphy/ptII/ptolemy/domains/de/test/auto/ResetTransitionWithStartTime4.xml (RunModel)" time="0.019" />
  <testcase classname="ptolemy.util.test.junit.AutoTests" name="[58] /home/travis/build/icyphy/ptII/ptolemy/domains/de/test/auto/ResettableTimer1.xml (RunModel)" time="0.01" />
  <testcase classname="ptolemy.util.test.junit.AutoTests" name="[59] /home/travis/build/icyphy/ptII/ptolemy/domains/de/test/auto/ResettableTimer2.xml (RunModel)" time="0.011" />
  <testcase classname="ptolemy.util.test.junit.AutoTests" name="[60] /home/travis/build/icyphy/ptII/ptolemy/domains/de/test/auto/ResettableTimer3.xml (RunModel)" time="0.008" />
  <testcase classname="ptolemy.util.test.junit.AutoTests" name="[61] /home/travis/build/icyphy/ptII/ptolemy/domains/de/test/auto/ResettableTimer4.xml (RunModel)" time="0.011" />
  <testcase classname="ptolemy.util.test.junit.AutoTests" name="[62] /home/travis/build/icyphy/ptII/ptolemy/domains/de/test/auto/ResettableTimer5.xml (RunModel)" time="0.01" />
  <testcase classname="ptolemy.util.test.junit.AutoTests" name="[63] /home/travis/build/icyphy/ptII/ptolemy/domains/de/test/auto/ResettableTimer6.xml (RunModel)" time="0.014" />
  <testcase classname="ptolemy.util.test.junit.AutoTests" name="[64] /home/travis/build/icyphy/ptII/ptolemy/domains/de/test/auto/ServerZeroDelay.xml (RunModel)" time="0.009" />
  <testcase classname="ptolemy.util.test.junit.AutoTests" name="[65] /home/travis/build/icyphy/ptII/ptolemy/domains/de/test/auto/SmartSender.xml (RunModel)" time="3.012" />
  <testcase classname="ptolemy.util.test.junit.AutoTests" name="[66] /home/travis/build/icyphy/ptII/ptolemy/domains/de/test/auto/ThreadedComposite.xml (RunModel)" time="0.106" />
  <testcase classname="ptolemy.util.test.junit.AutoTests" name="[67] /home/travis/build/icyphy/ptII/ptolemy/domains/de/test/auto/Time.xml (RunModel)" time="0.357" />
  <testcase classname="ptolemy.util.test.junit.AutoTests" name="[68] /home/travis/build/icyphy/ptII/ptolemy/domains/de/test/auto/TimeDelayZeroDelay.xml (RunModel)" time="0.015" />
  <testcase classname="ptolemy.util.test.junit.AutoTests" name="[69] /home/travis/build/icyphy/ptII/ptolemy/domains/de/test/auto/TimerZeroDelay.xml (RunModel)" time="0.009" />
  <testcase classname="ptolemy.util.test.junit.AutoTests" name="[70] /home/travis/build/icyphy/ptII/ptolemy/domains/de/test/auto/TimingParadox.xml (RunModel)" time="0.345" />
  <testcase classname="ptolemy.util.test.junit.AutoTests" name="[71] /home/travis/build/icyphy/ptII/ptolemy/domains/de/test/auto/TransferInputs.xml (RunModel)" time="0.012" />
  <testcase classname="ptolemy.util.test.junit.AutoTests" name="[72] /home/travis/build/icyphy/ptII/ptolemy/domains/de/test/auto/TransferOutputs2.xml (RunModel)" time="0.015" />
  <testcase classname="ptolemy.util.test.junit.AutoTests" name="[73] /home/travis/build/icyphy/ptII/ptolemy/domains/de/test/auto/Trilateration.xml (RunModel)" time="10.809" />
  <testcase classname="ptolemy.util.test.junit.AutoTests" name="[74] /home/travis/build/icyphy/ptII/ptolemy/domains/de/test/auto/TwoSigmaDelta.xml (RunModel)" time="1.692" />
  <testcase classname="ptolemy.util.test.junit.AutoTests" name="[75] /home/travis/build/icyphy/ptII/ptolemy/domains/de/test/auto/VariableDelay.xml (RunModel)" time="0.011" />
  <testcase classname="ptolemy.util.test.junit.AutoTests" name="[76] /home/travis/build/icyphy/ptII/ptolemy/domains/de/test/auto/VariableDelay2.xml (RunModel)" time="0.01" />
  <testcase classname="ptolemy.util.test.junit.AutoTests" name="[77] /home/travis/build/icyphy/ptII/ptolemy/domains/de/test/auto/VariableDelayZeroDelay.xml (RunModel)" time="0.011" />
  <testcase classname="ptolemy.util.test.junit.AutoTests" name="[78] /home/travis/build/icyphy/ptII/ptolemy/domains/de/test/auto/VariableDelayZeroDelay2.xml (RunModel)" time="0.008" />
  <testcase classname="ptolemy.util.test.junit.AutoTests" name="[79] /home/travis/build/icyphy/ptII/ptolemy/domains/de/test/auto/deInCt.xml (RunModel)" time="0.012" />
  <testcase classname="ptolemy.util.test.junit.AutoTests" name="[80] /home/travis/build/icyphy/ptII/ptolemy/domains/de/test/auto/deInCt2.xml (RunModel)" time="0.015" />
  <testcase classname="ptolemy.util.test.junit.AutoTests" name="[81] /home/travis/build/icyphy/ptII/ptolemy/domains/de/test/auto/dynamicCausalityInterface1.xml (RunModel)" time="0.016" />
  <testcase classname="ptolemy.util.test.junit.AutoTests" name="[82] /home/travis/build/icyphy/ptII/ptolemy/domains/de/test/auto/fsm_de_test.xml (RunModel)" time="0.022" />
  <testcase classname="ptolemy.util.test.junit.AutoTests" name="[83] /home/travis/build/icyphy/ptII/ptolemy/domains/de/test/auto/functionDependencyReconstruction.xml (RunModel)" time="0.033" />
  <testcase classname="ptolemy.util.test.junit.AutoTests" name="[84] /home/travis/build/icyphy/ptII/ptolemy/domains/de/test/auto/multirate.xml (RunModel)" time="0.013" />
  <testcase classname="ptolemy.util.test.junit.AutoTests" name="[85] /home/travis/build/icyphy/ptII/ptolemy/domains/de/test/auto/multirate2.xml (RunModel)" time="0.013" />
  <testcase classname="ptolemy.util.test.junit.AutoTests" name="[86] /home/travis/build/icyphy/ptII/ptolemy/domains/de/test/auto/realtime.xml (RunModel)" time="10.009" />
  <testcase classname="ptolemy.util.test.junit.AutoTests" name="[87] /home/travis/build/icyphy/ptII/ptolemy/domains/de/test/auto/relationGroup.xml (RunModel)" time="0.009" />
  <testcase classname="ptolemy.util.test.junit.AutoTests" name="[88] /home/travis/build/icyphy/ptII/ptolemy/domains/de/test/auto/relationGroup2.xml (RunModel)" time="0.007" />
  <testcase classname="ptolemy.util.test.junit.AutoTests" name="[89] /home/travis/build/icyphy/ptII/ptolemy/domains/de/test/auto/sortWithOpaquePorts.xml (RunModel)" time="0.014" />
  <testcase classname="ptolemy.util.test.junit.AutoTests" name="[90] /home/travis/build/icyphy/ptII/ptolemy/domains/de/test/auto/transferInputsandOutputs.xml (RunModel)" time="0.015" />
  <testcase classname="ptolemy.util.test.junit.AutoTests" name="[91] /home/travis/build/icyphy/ptII/ptolemy/domains/de/test/auto/triggerType.xml (RunModel)" time="0.008" />
  <system-out><![CDATA[/home/travis/build/icyphy/ptII/ptolemy/domains/de/test/DependencyLoop.tcl
testDefs.tcl: setting time out to 9000 seconds at Wed Apr 22 14:03:51 UTC 2020
77 ms. Memory: 129024K Free: 78796K (61%)
28 ms. Memory: 129024K Free: 61388K (48%)
/home/travis/build/icyphy/ptII/ptolemy/domains/de/test/RunDETestsAsQSS.tcl
Run the DE tests using ptolemy.domains.qss.test.QSSDirectorTest, which extends QSSDirector and prints a message in the constructors.
------------------ testing $PTII/ptolemy/domains/de/test/auto/knownFailedTests/DirectFeedback.xml (Known Failure) 
59 ms. Memory: 129024K Free: 55754K (43%)


==== $PTIIhome/travis/build/icyphy/ptII/ptolemy/domains/de/test/../../../../: Auto Automatic test in file $PTII/ptolemy/domains/de/test/auto/knownFailedTests/DirectFeedback.xml
==== Contents of test case:

	    # FIXME: we should use $relativeFilename here, but it
	    # might have backslashes under Windows, which causes no end
	    # of trouble.
	    createAndExecute $file
	    list {}
	
.... Test generated KNOWN error:
    while executing
ptolemy.kernel.util.IllegalActionException: Test fails in iteration 1.
Value was: 1.0. Should have been: 2.0
  in .DirectFeedback.Test
	at ptolemy.actor.lib.Test.fire(Test.java:268)
	at ptolemy.domains.de.kernel.DEDirector._fire(DEDirector.java:1949)
	at ptolemy.domains.de.kernel.DEDirector.fire(DEDirector.java:502)
	at ptolemy.actor.CompositeActor.fire(CompositeActor.java:455)
	at ptolemy.actor.Manager.iterate(Manager.java:851)
	at ptolemy.actor.Manager.execute(Manager.java:369)
	at ptolemy.actor.Manager.run(Manager.java:1263)
	at ptolemy.actor.Manager$PtolemyRunThread.run(Manager.java:1933)

    while executing
ptolemy.kernel.util.IllegalActionException: Test fails in iteration 1.
Value was: 1.0. Should have been: 2.0
  in .DirectFeedback.Test
    while executing
"java::new ptolemy.moml.MoMLSimpleApplication $file
"
    (procedure "createAndExecute" line 2)
    invoked from within
"createAndExecute $file"
    ("uplevel" body line 5)
    invoked from within
"uplevel $contents_of_test"
------------------ testing $PTII/ptolemy/domains/de/test/auto/knownFailedTests/dependencyLoop.xml (Known Failure) 
8 ms. Memory: 129024K Free: 52682K (41%)


==== $PTIIhome/travis/build/icyphy/ptII/ptolemy/domains/de/test/../../../../: Auto Automatic test in file $PTII/ptolemy/domains/de/test/auto/knownFailedTests/dependencyLoop.xml
==== Contents of test case:

	    # FIXME: we should use $relativeFilename here, but it
	    # might have backslashes under Windows, which causes no end
	    # of trouble.
	    createAndExecute $file
	    list {}
	
.... Test generated KNOWN error:
    while executing
ptolemy.kernel.util.IllegalActionException: Found a zero delay loop containing .dependencyLoop.original
  in .dependencyLoop and .dependencyLoop.original
	at ptolemy.actor.util.CausalityInterfaceForComposites._computeOutputPortDepth(CausalityInterfaceForComposites.java:759)
	at ptolemy.actor.util.CausalityInterfaceForComposites._computeInputDepth(CausalityInterfaceForComposites.java:696)
	at ptolemy.actor.util.CausalityInterfaceForComposites._computeOutputPortDepth(CausalityInterfaceForComposites.java:765)
	at ptolemy.actor.util.CausalityInterfaceForComposites._computeInputDepth(CausalityInterfaceForComposites.java:696)
	at ptolemy.actor.util.CausalityInterfaceForComposites._computeOutputPortDepth(CausalityInterfaceForComposites.java:765)
	at ptolemy.actor.util.CausalityInterfaceForComposites._computeInputDepth(CausalityInterfaceForComposites.java:696)
	at ptolemy.actor.util.CausalityInterfaceForComposites._computeActorDepth(CausalityInterfaceForComposites.java:532)
	at ptolemy.actor.util.CausalityInterfaceForComposites.checkForCycles(CausalityInterfaceForComposites.java:96)
	at ptolemy.domains.de.kernel.DEDirector.preinitialize(DEDirector.java:1338)
	at ptolemy.actor.CompositeActor.preinitialize(CompositeActor.java:1828)
	at ptolemy.actor.Manager.preinitializeAndResolveTypes(Manager.java:1040)
	at ptolemy.actor.Manager.initialize(Manager.java:710)
	at ptolemy.actor.Manager.execute(Manager.java:356)
	at ptolemy.actor.Manager.run(Manager.java:1263)
	at ptolemy.actor.Manager$PtolemyRunThread.run(Manager.java:1933)

    while executing
ptolemy.kernel.util.IllegalActionException: Found a zero delay loop containing .dependencyLoop.original
  in .dependencyLoop and .dependencyLoop.original
    while executing
"java::new ptolemy.moml.MoMLSimpleApplication $file
"
    (procedure "createAndExecute" line 2)
    invoked from within
"createAndExecute $file"
    ("uplevel" body line 5)
    invoked from within
"uplevel $contents_of_test"
------------------ testing $PTII/ptolemy/domains/de/test/auto/knownFailedTests/FSMSource.xml (Known Failure) 
44 ms. Memory: 129024K Free: 110592K (86%)
!!!! Auto was marked as failing, but now passes
------------------ testing $PTII/ptolemy/domains/de/test/auto/knownFailedTests/HierarchicalModel.xml (Known Failure) 
7 ms. Memory: 129024K Free: 92523K (72%)


==== $PTIIhome/travis/build/icyphy/ptII/ptolemy/domains/de/test/../../../../: Auto Automatic test in file $PTII/ptolemy/domains/de/test/auto/knownFailedTests/HierarchicalModel.xml
==== Contents of test case:

	    # FIXME: we should use $relativeFilename here, but it
	    # might have backslashes under Windows, which causes no end
	    # of trouble.
	    createAndExecute $file
	    list {}
	
.... Test generated KNOWN error:
    while executing
ptolemy.kernel.util.IllegalActionException: Found a zero delay loop containing .HierarchicalModel.A
  in .HierarchicalModel and .HierarchicalModel.A
	at ptolemy.actor.util.CausalityInterfaceForComposites._computeOutputPortDepth(CausalityInterfaceForComposites.java:759)
	at ptolemy.actor.util.CausalityInterfaceForComposites._computeInputDepth(CausalityInterfaceForComposites.java:696)
	at ptolemy.actor.util.CausalityInterfaceForComposites._computeOutputPortDepth(CausalityInterfaceForComposites.java:765)
	at ptolemy.actor.util.CausalityInterfaceForComposites._computeInputDepth(CausalityInterfaceForComposites.java:696)
	at ptolemy.actor.util.CausalityInterfaceForComposites._computeOutputPortDepth(CausalityInterfaceForComposites.java:765)
	at ptolemy.actor.util.CausalityInterfaceForComposites._computeInputDepth(CausalityInterfaceForComposites.java:696)
	at ptolemy.actor.util.CausalityInterfaceForComposites._computeActorDepth(CausalityInterfaceForComposites.java:532)
	at ptolemy.actor.util.CausalityInterfaceForComposites.checkForCycles(CausalityInterfaceForComposites.java:96)
	at ptolemy.domains.de.kernel.DEDirector.preinitialize(DEDirector.java:1338)
	at ptolemy.actor.CompositeActor.preinitialize(CompositeActor.java:1828)
	at ptolemy.actor.Manager.preinitializeAndResolveTypes(Manager.java:1040)
	at ptolemy.actor.Manager.initialize(Manager.java:710)
	at ptolemy.actor.Manager.execute(Manager.java:356)
	at ptolemy.actor.Manager.run(Manager.java:1263)
	at ptolemy.actor.Manager$PtolemyRunThread.run(Manager.java:1933)

    while executing
ptolemy.kernel.util.IllegalActionException: Found a zero delay loop containing .HierarchicalModel.A
  in .HierarchicalModel and .HierarchicalModel.A
    while executing
"java::new ptolemy.moml.MoMLSimpleApplication $file
"
    (procedure "createAndExecute" line 2)
    invoked from within
"createAndExecute $file"
    ("uplevel" body line 5)
    invoked from within
"uplevel $contents_of_test"
------------------ testing $PTII/ptolemy/domains/de/test/auto/knownFailedTests/dependencyLoop2.xml (Known Failure) 
6 ms. Memory: 129024K Free: 76557K (59%)


==== $PTIIhome/travis/build/icyphy/ptII/ptolemy/domains/de/test/../../../../: Auto Automatic test in file $PTII/ptolemy/domains/de/test/auto/knownFailedTests/dependencyLoop2.xml
==== Contents of test case:

	    # FIXME: we should use $relativeFilename here, but it
	    # might have backslashes under Windows, which causes no end
	    # of trouble.
	    createAndExecute $file
	    list {}
	
.... Test generated KNOWN error:
    while executing
ptolemy.kernel.util.IllegalActionException: Found a zero delay loop containing .dependencyLoop2.original
  in .dependencyLoop2 and .dependencyLoop2.original
	at ptolemy.actor.util.CausalityInterfaceForComposites._computeOutputPortDepth(CausalityInterfaceForComposites.java:759)
	at ptolemy.actor.util.CausalityInterfaceForComposites._computeInputDepth(CausalityInterfaceForComposites.java:696)
	at ptolemy.actor.util.CausalityInterfaceForComposites._computeOutputPortDepth(CausalityInterfaceForComposites.java:765)
	at ptolemy.actor.util.CausalityInterfaceForComposites._computeInputDepth(CausalityInterfaceForComposites.java:696)
	at ptolemy.actor.util.CausalityInterfaceForComposites._computeOutputPortDepth(CausalityInterfaceForComposites.java:765)
	at ptolemy.actor.util.CausalityInterfaceForComposites._computeInputDepth(CausalityInterfaceForComposites.java:696)
	at ptolemy.actor.util.CausalityInterfaceForComposites._computeActorDepth(CausalityInterfaceForComposites.java:532)
	at ptolemy.actor.util.CausalityInterfaceForComposites.checkForCycles(CausalityInterfaceForComposites.java:96)
	at ptolemy.domains.de.kernel.DEDirector.preinitialize(DEDirector.java:1338)
	at ptolemy.actor.CompositeActor.preinitialize(CompositeActor.java:1828)
	at ptolemy.actor.Manager.preinitializeAndResolveTypes(Manager.java:1040)
	at ptolemy.actor.Manager.initialize(Manager.java:710)
	at ptolemy.actor.Manager.execute(Manager.java:356)
	at ptolemy.actor.Manager.run(Manager.java:1263)
	at ptolemy.actor.Manager$PtolemyRunThread.run(Manager.java:1933)

    while executing
ptolemy.kernel.util.IllegalActionException: Found a zero delay loop containing .dependencyLoop2.original
  in .dependencyLoop2 and .dependencyLoop2.original
    while executing
"java::new ptolemy.moml.MoMLSimpleApplication $file
"
    (procedure "createAndExecute" line 2)
    invoked from within
"createAndExecute $file"
    ("uplevel" body line 5)
    invoked from within
"uplevel $contents_of_test"
------------------ testing $PTII/ptolemy/domains/de/test/auto/knownFailedTests/DESDFClockTest.xml (Known Failure) 
2051 ms. Memory: 129024K Free: 106414K (82%)


==== $PTIIhome/travis/build/icyphy/ptII/ptolemy/domains/de/test/../../../../: Auto Automatic test in file $PTII/ptolemy/domains/de/test/auto/knownFailedTests/DESDFClockTest.xml
==== Contents of test case:

	    # FIXME: we should use $relativeFilename here, but it
	    # might have backslashes under Windows, which causes no end
	    # of trouble.
	    createAndExecute $file
	    list {}
	
.... Test generated KNOWN error:
    while executing
ptolemy.kernel.util.IllegalActionException: Actor is not ready to fire.  Perhaps UpSample.prefire() returned false? Try debugging the actor by selecting "Listen to Actor".  Also, for SDF check moml for tokenConsumptionRate on input.
  in .DESDFClockTest.Play Bell.Copy1:SDF Director and .DESDFClockTest.Play Bell.UpSample
	at ptolemy.actor.sched.StaticSchedulingDirector.fire(StaticSchedulingDirector.java:227)
	at ptolemy.domains.sdf.kernel.SDFDirector.fire(SDFDirector.java:500)
	at ptolemy.actor.CompositeActor.fire(CompositeActor.java:455)
	at ptolemy.domains.de.kernel.DEDirector._fire(DEDirector.java:1949)
	at ptolemy.domains.de.kernel.DEDirector.fire(DEDirector.java:502)
	at ptolemy.actor.CompositeActor.fire(CompositeActor.java:455)
	at ptolemy.actor.Manager.iterate(Manager.java:851)
	at ptolemy.actor.Manager.execute(Manager.java:369)
	at ptolemy.actor.Manager.run(Manager.java:1263)
	at ptolemy.actor.Manager$PtolemyRunThread.run(Manager.java:1933)

    while executing
ptolemy.kernel.util.IllegalActionException: Actor is not ready to fire.  Perhaps UpSample.prefire() returned false? Try debugging the actor by selecting "Listen to Actor".  Also, for SDF check moml for tokenConsumptionRate on input.
  in .DESDFClockTest.Play Bell.Copy1:SDF Director and .DESDFClockTest.Play Bell.UpSample
    while executing
"java::new ptolemy.moml.MoMLSimpleApplication $file
"
    (procedure "createAndExecute" line 2)
    invoked from within
"createAndExecute $file"
    ("uplevel" body line 5)
    invoked from within
"uplevel $contents_of_test"
------------------ testing $PTII/ptolemy/domains/de/test/auto/ActorDepthCalculation_actorWithoutPorts.xml
auto.tcl: Setting watchdog for 200 seconds at Wed Apr 22 14:03:54 UTC 2020
5 ms. Memory: 129024K Free: 98736K (77%)
ptolemy.util.test.WatchDog.cancel(): canceling Wed Apr 22 14:03:54 UTC 2020
auto.tcl: Setting watchdog for 200 seconds at Wed Apr 22 14:03:54 UTC 2020
7 ms. Memory: 129024K Free: 97184K (75%)
ptolemy.util.test.WatchDog.cancel(): canceling Wed Apr 22 14:03:54 UTC 2020
------------------ testing $PTII/ptolemy/domains/de/test/auto/AssemblyLine.xml
auto.tcl: Setting watchdog for 200 seconds at Wed Apr 22 14:03:55 UTC 2020
7 ms. Memory: 51200K Free: 28504K (56%)
ptolemy.util.test.WatchDog.cancel(): canceling Wed Apr 22 14:03:55 UTC 2020
auto.tcl: Setting watchdog for 200 seconds at Wed Apr 22 14:03:55 UTC 2020
8 ms. Memory: 51200K Free: 27277K (53%)
ptolemy.util.test.WatchDog.cancel(): canceling Wed Apr 22 14:03:55 UTC 2020
------------------ testing $PTII/ptolemy/domains/de/test/auto/CQBug1.xml
auto.tcl: Setting watchdog for 200 seconds at Wed Apr 22 14:03:55 UTC 2020
2 ms. Memory: 51200K Free: 32797K (64%)
ptolemy.util.test.WatchDog.cancel(): canceling Wed Apr 22 14:03:55 UTC 2020
auto.tcl: Setting watchdog for 200 seconds at Wed Apr 22 14:03:55 UTC 2020
2 ms. Memory: 51200K Free: 32296K (63%)
ptolemy.util.test.WatchDog.cancel(): canceling Wed Apr 22 14:03:55 UTC 2020
------------------ testing $PTII/ptolemy/domains/de/test/auto/CancelFireAt.xml
auto.tcl: Setting watchdog for 200 seconds at Wed Apr 22 14:03:55 UTC 2020
3 ms. Memory: 51200K Free: 34558K (67%)
ptolemy.util.test.WatchDog.cancel(): canceling Wed Apr 22 14:03:55 UTC 2020
auto.tcl: Setting watchdog for 200 seconds at Wed Apr 22 14:03:55 UTC 2020
2 ms. Memory: 51200K Free: 34089K (67%)
ptolemy.util.test.WatchDog.cancel(): canceling Wed Apr 22 14:03:55 UTC 2020
------------------ testing $PTII/ptolemy/domains/de/test/auto/CausalityAndComposabilityAnalysis.xml
auto.tcl: Setting watchdog for 200 seconds at Wed Apr 22 14:03:55 UTC 2020
13 ms. Memory: 51200K Free: 32350K (63%)
ptolemy.util.test.WatchDog.cancel(): canceling Wed Apr 22 14:03:55 UTC 2020
auto.tcl: Setting watchdog for 200 seconds at Wed Apr 22 14:03:55 UTC 2020
5 ms. Memory: 51200K Free: 31954K (62%)
ptolemy.util.test.WatchDog.cancel(): canceling Wed Apr 22 14:03:55 UTC 2020
------------------ testing $PTII/ptolemy/domains/de/test/auto/CausalityInterface1.xml
auto.tcl: Setting watchdog for 200 seconds at Wed Apr 22 14:03:55 UTC 2020
34 ms. Memory: 51200K Free: 31359K (61%)
ptolemy.util.test.WatchDog.cancel(): canceling Wed Apr 22 14:03:55 UTC 2020
auto.tcl: Setting watchdog for 200 seconds at Wed Apr 22 14:03:55 UTC 2020
4 ms. Memory: 51200K Free: 30385K (59%)
ptolemy.util.test.WatchDog.cancel(): canceling Wed Apr 22 14:03:55 UTC 2020
------------------ testing $PTII/ptolemy/domains/de/test/auto/CausalityInterface15.xml
auto.tcl: Setting watchdog for 200 seconds at Wed Apr 22 14:03:55 UTC 2020
9 ms. Memory: 51200K Free: 30938K (60%)
ptolemy.util.test.WatchDog.cancel(): canceling Wed Apr 22 14:03:55 UTC 2020
auto.tcl: Setting watchdog for 200 seconds at Wed Apr 22 14:03:55 UTC 2020
5 ms. Memory: 51200K Free: 30352K (59%)
ptolemy.util.test.WatchDog.cancel(): canceling Wed Apr 22 14:03:55 UTC 2020
------------------ testing $PTII/ptolemy/domains/de/test/auto/CausalityInterface2.xml
auto.tcl: Setting watchdog for 200 seconds at Wed Apr 22 14:03:55 UTC 2020
4 ms. Memory: 51200K Free: 32059K (63%)
ptolemy.util.test.WatchDog.cancel(): canceling Wed Apr 22 14:03:56 UTC 2020
auto.tcl: Setting watchdog for 200 seconds at Wed Apr 22 14:03:56 UTC 2020
3 ms. Memory: 51200K Free: 31362K (61%)
ptolemy.util.test.WatchDog.cancel(): canceling Wed Apr 22 14:03:56 UTC 2020
------------------ testing $PTII/ptolemy/domains/de/test/auto/CausalityInterface3.xml
auto.tcl: Setting watchdog for 200 seconds at Wed Apr 22 14:03:56 UTC 2020
7 ms. Memory: 51200K Free: 31541K (62%)
ptolemy.util.test.WatchDog.cancel(): canceling Wed Apr 22 14:03:56 UTC 2020
auto.tcl: Setting watchdog for 200 seconds at Wed Apr 22 14:03:56 UTC 2020
3 ms. Memory: 51200K Free: 31056K (61%)
ptolemy.util.test.WatchDog.cancel(): canceling Wed Apr 22 14:03:56 UTC 2020
------------------ testing $PTII/ptolemy/domains/de/test/auto/ClockDrift.xml
auto.tcl: Setting watchdog for 200 seconds at Wed Apr 22 14:03:56 UTC 2020
77 ms. Memory: 51200K Free: 23635K (46%)
ptolemy.util.test.WatchDog.cancel(): canceling Wed Apr 22 14:03:56 UTC 2020
auto.tcl: Setting watchdog for 200 seconds at Wed Apr 22 14:03:56 UTC 2020
51 ms. Memory: 51200K Free: 20683K (40%)
ptolemy.util.test.WatchDog.cancel(): canceling Wed Apr 22 14:03:56 UTC 2020
------------------ testing $PTII/ptolemy/domains/de/test/auto/ClockDriftAndValueChange.xml
auto.tcl: Setting watchdog for 200 seconds at Wed Apr 22 14:03:56 UTC 2020
38 ms. Memory: 51200K Free: 23970K (47%)
ptolemy.util.test.WatchDog.cancel(): canceling Wed Apr 22 14:03:56 UTC 2020
auto.tcl: Setting watchdog for 200 seconds at Wed Apr 22 14:03:56 UTC 2020
21 ms. Memory: 51200K Free: 20985K (41%)
ptolemy.util.test.WatchDog.cancel(): canceling Wed Apr 22 14:03:56 UTC 2020
------------------ testing $PTII/ptolemy/domains/de/test/auto/ClockDriftChange.xml
auto.tcl: Setting watchdog for 200 seconds at Wed Apr 22 14:03:56 UTC 2020
17 ms. Memory: 51200K Free: 26016K (51%)
ptolemy.util.test.WatchDog.cancel(): canceling Wed Apr 22 14:03:56 UTC 2020
auto.tcl: Setting watchdog for 200 seconds at Wed Apr 22 14:03:56 UTC 2020
25 ms. Memory: 51200K Free: 23478K (46%)
ptolemy.util.test.WatchDog.cancel(): canceling Wed Apr 22 14:03:56 UTC 2020
------------------ testing $PTII/ptolemy/domains/de/test/auto/ComposableCausalityAnalysis.xml
auto.tcl: Setting watchdog for 200 seconds at Wed Apr 22 14:03:56 UTC 2020
2 ms. Memory: 51200K Free: 30853K (60%)
ptolemy.util.test.WatchDog.cancel(): canceling Wed Apr 22 14:03:56 UTC 2020
auto.tcl: Setting watchdog for 200 seconds at Wed Apr 22 14:03:56 UTC 2020
4 ms. Memory: 51200K Free: 29826K (58%)
ptolemy.util.test.WatchDog.cancel(): canceling Wed Apr 22 14:03:56 UTC 2020
------------------ testing $PTII/ptolemy/domains/de/test/auto/DEFixedPointLimitation.xml
auto.tcl: Setting watchdog for 200 seconds at Wed Apr 22 14:03:56 UTC 2020
2 ms. Memory: 51200K Free: 32246K (63%)
ptolemy.util.test.WatchDog.cancel(): canceling Wed Apr 22 14:03:56 UTC 2020
auto.tcl: Setting watchdog for 200 seconds at Wed Apr 22 14:03:56 UTC 2020
2 ms. Memory: 51200K Free: 31365K (61%)
ptolemy.util.test.WatchDog.cancel(): canceling Wed Apr 22 14:03:56 UTC 2020
------------------ testing $PTII/ptolemy/domains/de/test/auto/DEScheduleTest.xml
auto.tcl: Setting watchdog for 200 seconds at Wed Apr 22 14:03:56 UTC 2020
3 ms. Memory: 51200K Free: 32590K (64%)
ptolemy.util.test.WatchDog.cancel(): canceling Wed Apr 22 14:03:56 UTC 2020
auto.tcl: Setting watchdog for 200 seconds at Wed Apr 22 14:03:56 UTC 2020
3 ms. Memory: 51200K Free: 31824K (62%)
ptolemy.util.test.WatchDog.cancel(): canceling Wed Apr 22 14:03:56 UTC 2020
------------------ testing $PTII/ptolemy/domains/de/test/auto/DEinDEwithStartTimes.xml
auto.tcl: Setting watchdog for 200 seconds at Wed Apr 22 14:03:56 UTC 2020
8 ms. Memory: 51200K Free: 30751K (60%)
ptolemy.util.test.WatchDog.cancel(): canceling Wed Apr 22 14:03:56 UTC 2020
auto.tcl: Setting watchdog for 200 seconds at Wed Apr 22 14:03:56 UTC 2020
2 ms. Memory: 51200K Free: 29727K (58%)
ptolemy.util.test.WatchDog.cancel(): canceling Wed Apr 22 14:03:56 UTC 2020
------------------ testing $PTII/ptolemy/domains/de/test/auto/DEinDEwithStartTimes2.xml
auto.tcl: Setting watchdog for 200 seconds at Wed Apr 22 14:03:56 UTC 2020
8 ms. Memory: 51200K Free: 29858K (58%)
ptolemy.util.test.WatchDog.cancel(): canceling Wed Apr 22 14:03:56 UTC 2020
auto.tcl: Setting watchdog for 200 seconds at Wed Apr 22 14:03:56 UTC 2020
4 ms. Memory: 51200K Free: 28813K (56%)
ptolemy.util.test.WatchDog.cancel(): canceling Wed Apr 22 14:03:57 UTC 2020
------------------ testing $PTII/ptolemy/domains/de/test/auto/DateDemo.xml
auto.tcl: Setting watchdog for 200 seconds at Wed Apr 22 14:03:57 UTC 2020
11 ms. Memory: 51200K Free: 24027K (47%)
ptolemy.util.test.WatchDog.cancel(): canceling Wed Apr 22 14:03:57 UTC 2020
auto.tcl: Setting watchdog for 200 seconds at Wed Apr 22 14:03:57 UTC 2020
12 ms. Memory: 51200K Free: 22629K (44%)
ptolemy.util.test.WatchDog.cancel(): canceling Wed Apr 22 14:03:57 UTC 2020
------------------ testing $PTII/ptolemy/domains/de/test/auto/DateToEvent.xml
auto.tcl: Setting watchdog for 200 seconds at Wed Apr 22 14:03:57 UTC 2020
2011 ms. Memory: 51200K Free: 20243K (40%)
ptolemy.util.test.WatchDog.cancel(): canceling Wed Apr 22 14:03:59 UTC 2020
auto.tcl: Setting watchdog for 200 seconds at Wed Apr 22 14:03:59 UTC 2020
2004 ms. Memory: 51200K Free: 19219K (38%)
ptolemy.util.test.WatchDog.cancel(): canceling Wed Apr 22 14:04:01 UTC 2020
------------------ testing $PTII/ptolemy/domains/de/test/auto/DepthTest1.xml
auto.tcl: Setting watchdog for 200 seconds at Wed Apr 22 14:04:01 UTC 2020
2 ms. Memory: 51200K Free: 33424K (65%)
ptolemy.util.test.WatchDog.cancel(): canceling Wed Apr 22 14:04:01 UTC 2020
auto.tcl: Setting watchdog for 200 seconds at Wed Apr 22 14:04:01 UTC 2020
1 ms. Memory: 51200K Free: 32923K (64%)
ptolemy.util.test.WatchDog.cancel(): canceling Wed Apr 22 14:04:01 UTC 2020
------------------ testing $PTII/ptolemy/domains/de/test/auto/DepthTest2.xml
auto.tcl: Setting watchdog for 200 seconds at Wed Apr 22 14:04:01 UTC 2020
4 ms. Memory: 51200K Free: 30177K (59%)
ptolemy.util.test.WatchDog.cancel(): canceling Wed Apr 22 14:04:01 UTC 2020
auto.tcl: Setting watchdog for 200 seconds at Wed Apr 22 14:04:01 UTC 2020
3 ms. Memory: 51200K Free: 29740K (58%)
ptolemy.util.test.WatchDog.cancel(): canceling Wed Apr 22 14:04:01 UTC 2020
------------------ testing $PTII/ptolemy/domains/de/test/auto/DepthTest3.xml
auto.tcl: Setting watchdog for 200 seconds at Wed Apr 22 14:04:01 UTC 2020
4 ms. Memory: 51200K Free: 33755K (66%)
ptolemy.util.test.WatchDog.cancel(): canceling Wed Apr 22 14:04:01 UTC 2020
auto.tcl: Setting watchdog for 200 seconds at Wed Apr 22 14:04:01 UTC 2020
2 ms. Memory: 51200K Free: 33267K (65%)
ptolemy.util.test.WatchDog.cancel(): canceling Wed Apr 22 14:04:01 UTC 2020
------------------ testing $PTII/ptolemy/domains/de/test/auto/DepthTest4.xml
auto.tcl: Setting watchdog for 200 seconds at Wed Apr 22 14:04:01 UTC 2020
6 ms. Memory: 51200K Free: 31723K (62%)
ptolemy.util.test.WatchDog.cancel(): canceling Wed Apr 22 14:04:01 UTC 2020
auto.tcl: Setting watchdog for 200 seconds at Wed Apr 22 14:04:01 UTC 2020
2 ms. Memory: 51200K Free: 31277K (61%)
ptolemy.util.test.WatchDog.cancel(): canceling Wed Apr 22 14:04:01 UTC 2020
------------------ testing $PTII/ptolemy/domains/de/test/auto/DepthTest5.xml
auto.tcl: Setting watchdog for 200 seconds at Wed Apr 22 14:04:01 UTC 2020
3 ms. Memory: 51200K Free: 31437K (61%)
ptolemy.util.test.WatchDog.cancel(): canceling Wed Apr 22 14:04:01 UTC 2020
auto.tcl: Setting watchdog for 200 seconds at Wed Apr 22 14:04:01 UTC 2020
3 ms. Memory: 51200K Free: 30682K (60%)
ptolemy.util.test.WatchDog.cancel(): canceling Wed Apr 22 14:04:01 UTC 2020
------------------ testing $PTII/ptolemy/domains/de/test/auto/DepthTest6.xml
auto.tcl: Setting watchdog for 200 seconds at Wed Apr 22 14:04:01 UTC 2020
5 ms. Memory: 51200K Free: 31119K (61%)
ptolemy.util.test.WatchDog.cancel(): canceling Wed Apr 22 14:04:01 UTC 2020
auto.tcl: Setting watchdog for 200 seconds at Wed Apr 22 14:04:01 UTC 2020
2 ms. Memory: 51200K Free: 30665K (60%)
ptolemy.util.test.WatchDog.cancel(): canceling Wed Apr 22 14:04:01 UTC 2020
------------------ testing $PTII/ptolemy/domains/de/test/auto/DepthTest7.xml
auto.tcl: Setting watchdog for 200 seconds at Wed Apr 22 14:04:01 UTC 2020
2 ms. Memory: 51200K Free: 31887K (62%)
ptolemy.util.test.WatchDog.cancel(): canceling Wed Apr 22 14:04:01 UTC 2020
auto.tcl: Setting watchdog for 200 seconds at Wed Apr 22 14:04:01 UTC 2020
2 ms. Memory: 51200K Free: 31240K (61%)
ptolemy.util.test.WatchDog.cancel(): canceling Wed Apr 22 14:04:01 UTC 2020
------------------ testing $PTII/ptolemy/domains/de/test/auto/EventToDate.xml
auto.tcl: Setting watchdog for 200 seconds at Wed Apr 22 14:04:01 UTC 2020
3005 ms. Memory: 51200K Free: 22678K (44%)
ptolemy.util.test.WatchDog.cancel(): canceling Wed Apr 22 14:04:04 UTC 2020
auto.tcl: Setting watchdog for 200 seconds at Wed Apr 22 14:04:04 UTC 2020
3003 ms. Memory: 51200K Free: 22044K (43%)
ptolemy.util.test.WatchDog.cancel(): canceling Wed Apr 22 14:04:07 UTC 2020
------------------ testing $PTII/ptolemy/domains/de/test/auto/FSM1.xml
auto.tcl: Setting watchdog for 200 seconds at Wed Apr 22 14:04:07 UTC 2020
33 ms. Memory: 51200K Free: 23956K (47%)
ptolemy.util.test.WatchDog.cancel(): canceling Wed Apr 22 14:04:07 UTC 2020
auto.tcl: Setting watchdog for 200 seconds at Wed Apr 22 14:04:07 UTC 2020
21 ms. Memory: 51200K Free: 20697K (40%)
ptolemy.util.test.WatchDog.cancel(): canceling Wed Apr 22 14:04:07 UTC 2020
------------------ testing $PTII/ptolemy/domains/de/test/auto/FSM7.xml
auto.tcl: Setting watchdog for 200 seconds at Wed Apr 22 14:04:08 UTC 2020
24 ms. Memory: 51200K Free: 23586K (46%)
ptolemy.util.test.WatchDog.cancel(): canceling Wed Apr 22 14:04:08 UTC 2020
auto.tcl: Setting watchdog for 200 seconds at Wed Apr 22 14:04:08 UTC 2020
22 ms. Memory: 51200K Free: 20457K (40%)
ptolemy.util.test.WatchDog.cancel(): canceling Wed Apr 22 14:04:08 UTC 2020
------------------ testing $PTII/ptolemy/domains/de/test/auto/Inspection.xml
auto.tcl: Setting watchdog for 200 seconds at Wed Apr 22 14:04:08 UTC 2020
25 ms. Memory: 51200K Free: 23611K (46%)
ptolemy.util.test.WatchDog.cancel(): canceling Wed Apr 22 14:04:08 UTC 2020
auto.tcl: Setting watchdog for 200 seconds at Wed Apr 22 14:04:08 UTC 2020
28 ms. Memory: 51200K Free: 21932K (43%)
ptolemy.util.test.WatchDog.cancel(): canceling Wed Apr 22 14:04:08 UTC 2020
------------------ testing $PTII/ptolemy/domains/de/test/auto/Iteration.xml
auto.tcl: Setting watchdog for 200 seconds at Wed Apr 22 14:04:08 UTC 2020
5 ms. Memory: 51200K Free: 29189K (57%)
ptolemy.util.test.WatchDog.cancel(): canceling Wed Apr 22 14:04:08 UTC 2020
auto.tcl: Setting watchdog for 200 seconds at Wed Apr 22 14:04:08 UTC 2020
6 ms. Memory: 51200K Free: 28008K (55%)
ptolemy.util.test.WatchDog.cancel(): canceling Wed Apr 22 14:04:08 UTC 2020
------------------ testing $PTII/ptolemy/domains/de/test/auto/LineFault.xml
auto.tcl: Setting watchdog for 200 seconds at Wed Apr 22 14:04:08 UTC 2020
602 ms. Memory: 61440K Free: 23606K (38%)
ptolemy.util.test.WatchDog.cancel(): canceling Wed Apr 22 14:04:09 UTC 2020
auto.tcl: Setting watchdog for 200 seconds at Wed Apr 22 14:04:09 UTC 2020
536 ms. Memory: 61440K Free: 22742K (37%)
ptolemy.util.test.WatchDog.cancel(): canceling Wed Apr 22 14:04:09 UTC 2020
------------------ testing $PTII/ptolemy/domains/de/test/auto/MergeModel1Add.xml
auto.tcl: Setting watchdog for 200 seconds at Wed Apr 22 14:04:09 UTC 2020
34 ms. Memory: 55296K Free: 19507K (35%)
ptolemy.util.test.WatchDog.cancel(): canceling Wed Apr 22 14:04:09 UTC 2020
auto.tcl: Setting watchdog for 200 seconds at Wed Apr 22 14:04:09 UTC 2020
10 ms. Memory: 55296K Free: 17874K (32%)
ptolemy.util.test.WatchDog.cancel(): canceling Wed Apr 22 14:04:09 UTC 2020
------------------ testing $PTII/ptolemy/domains/de/test/auto/MergeModel2Add.xml
auto.tcl: Setting watchdog for 200 seconds at Wed Apr 22 14:04:10 UTC 2020
7 ms. Memory: 55296K Free: 21546K (39%)
ptolemy.util.test.WatchDog.cancel(): canceling Wed Apr 22 14:04:10 UTC 2020
auto.tcl: Setting watchdog for 200 seconds at Wed Apr 22 14:04:10 UTC 2020
8 ms. Memory: 55296K Free: 19586K (35%)
ptolemy.util.test.WatchDog.cancel(): canceling Wed Apr 22 14:04:10 UTC 2020
------------------ testing $PTII/ptolemy/domains/de/test/auto/MergeModel3Add.xml
auto.tcl: Setting watchdog for 200 seconds at Wed Apr 22 14:04:10 UTC 2020
7 ms. Memory: 55296K Free: 21524K (39%)
ptolemy.util.test.WatchDog.cancel(): canceling Wed Apr 22 14:04:10 UTC 2020
auto.tcl: Setting watchdog for 200 seconds at Wed Apr 22 14:04:10 UTC 2020
7 ms. Memory: 55296K Free: 20093K (36%)
ptolemy.util.test.WatchDog.cancel(): canceling Wed Apr 22 14:04:10 UTC 2020
------------------ testing $PTII/ptolemy/domains/de/test/auto/MergeWithoutDiscard.xml
auto.tcl: Setting watchdog for 200 seconds at Wed Apr 22 14:04:10 UTC 2020
1 ms. Memory: 55296K Free: 36444K (66%)
ptolemy.util.test.WatchDog.cancel(): canceling Wed Apr 22 14:04:10 UTC 2020
auto.tcl: Setting watchdog for 200 seconds at Wed Apr 22 14:04:10 UTC 2020
1 ms. Memory: 55296K Free: 35964K (65%)
ptolemy.util.test.WatchDog.cancel(): canceling Wed Apr 22 14:04:10 UTC 2020
------------------ testing $PTII/ptolemy/domains/de/test/auto/Modal1.xml
auto.tcl: Setting watchdog for 200 seconds at Wed Apr 22 14:04:10 UTC 2020
13 ms. Memory: 51200K Free: 24183K (47%)
ptolemy.util.test.WatchDog.cancel(): canceling Wed Apr 22 14:04:10 UTC 2020
auto.tcl: Setting watchdog for 200 seconds at Wed Apr 22 14:04:10 UTC 2020
21 ms. Memory: 51200K Free: 20901K (41%)
ptolemy.util.test.WatchDog.cancel(): canceling Wed Apr 22 14:04:10 UTC 2020
------------------ testing $PTII/ptolemy/domains/de/test/auto/Modal2.xml
auto.tcl: Setting watchdog for 200 seconds at Wed Apr 22 14:04:10 UTC 2020
9 ms. Memory: 51200K Free: 24343K (48%)
ptolemy.util.test.WatchDog.cancel(): canceling Wed Apr 22 14:04:10 UTC 2020
auto.tcl: Setting watchdog for 200 seconds at Wed Apr 22 14:04:10 UTC 2020
10 ms. Memory: 51200K Free: 20830K (41%)
ptolemy.util.test.WatchDog.cancel(): canceling Wed Apr 22 14:04:10 UTC 2020
------------------ testing $PTII/ptolemy/domains/de/test/auto/Modal3.xml
auto.tcl: Setting watchdog for 200 seconds at Wed Apr 22 14:04:10 UTC 2020
11 ms. Memory: 51200K Free: 24054K (47%)
ptolemy.util.test.WatchDog.cancel(): canceling Wed Apr 22 14:04:10 UTC 2020
auto.tcl: Setting watchdog for 200 seconds at Wed Apr 22 14:04:10 UTC 2020
17 ms. Memory: 51200K Free: 20826K (41%)
ptolemy.util.test.WatchDog.cancel(): canceling Wed Apr 22 14:04:10 UTC 2020
------------------ testing $PTII/ptolemy/domains/de/test/auto/Modal4.xml
auto.tcl: Setting watchdog for 200 seconds at Wed Apr 22 14:04:10 UTC 2020
11 ms. Memory: 51200K Free: 23034K (45%)
ptolemy.util.test.WatchDog.cancel(): canceling Wed Apr 22 14:04:10 UTC 2020
auto.tcl: Setting watchdog for 200 seconds at Wed Apr 22 14:04:10 UTC 2020
12 ms. Memory: 51200K Free: 19218K (38%)
ptolemy.util.test.WatchDog.cancel(): canceling Wed Apr 22 14:04:10 UTC 2020
------------------ testing $PTII/ptolemy/domains/de/test/auto/Modal5.xml
auto.tcl: Setting watchdog for 200 seconds at Wed Apr 22 14:04:10 UTC 2020
11 ms. Memory: 51200K Free: 23029K (45%)
ptolemy.util.test.WatchDog.cancel(): canceling Wed Apr 22 14:04:10 UTC 2020
auto.tcl: Setting watchdog for 200 seconds at Wed Apr 22 14:04:10 UTC 2020
12 ms. Memory: 51200K Free: 19205K (38%)
ptolemy.util.test.WatchDog.cancel(): canceling Wed Apr 22 14:04:10 UTC 2020
------------------ testing $PTII/ptolemy/domains/de/test/auto/Modal6.xml
auto.tcl: Setting watchdog for 200 seconds at Wed Apr 22 14:04:10 UTC 2020
10 ms. Memory: 51200K Free: 23779K (46%)
ptolemy.util.test.WatchDog.cancel(): canceling Wed Apr 22 14:04:10 UTC 2020
auto.tcl: Setting watchdog for 200 seconds at Wed Apr 22 14:04:10 UTC 2020
12 ms. Memory: 51200K Free: 19832K (39%)
ptolemy.util.test.WatchDog.cancel(): canceling Wed Apr 22 14:04:10 UTC 2020
------------------ testing $PTII/ptolemy/domains/de/test/auto/Modal7.xml
auto.tcl: Setting watchdog for 200 seconds at Wed Apr 22 14:04:10 UTC 2020
9 ms. Memory: 51200K Free: 22764K (44%)
ptolemy.util.test.WatchDog.cancel(): canceling Wed Apr 22 14:04:10 UTC 2020
auto.tcl: Setting watchdog for 200 seconds at Wed Apr 22 14:04:10 UTC 2020
9 ms. Memory: 51200K Free: 19204K (38%)
ptolemy.util.test.WatchDog.cancel(): canceling Wed Apr 22 14:04:10 UTC 2020
------------------ testing $PTII/ptolemy/domains/de/test/auto/ModalModel.xml
auto.tcl: Setting watchdog for 200 seconds at Wed Apr 22 14:04:10 UTC 2020
144 ms. Memory: 51200K Free: 17188K (34%)
ptolemy.util.test.WatchDog.cancel(): canceling Wed Apr 22 14:04:11 UTC 2020
auto.tcl: Setting watchdog for 200 seconds at Wed Apr 22 14:04:11 UTC 2020
185 ms. Memory: 64512K Free: 23952K (37%)
ptolemy.util.test.WatchDog.cancel(): canceling Wed Apr 22 14:04:11 UTC 2020
------------------ testing $PTII/ptolemy/domains/de/test/auto/ModalSource.xml
auto.tcl: Setting watchdog for 200 seconds at Wed Apr 22 14:04:11 UTC 2020
5 ms. Memory: 55296K Free: 31975K (58%)
ptolemy.util.test.WatchDog.cancel(): canceling Wed Apr 22 14:04:11 UTC 2020
auto.tcl: Setting watchdog for 200 seconds at Wed Apr 22 14:04:11 UTC 2020
6 ms. Memory: 55296K Free: 29927K (54%)
ptolemy.util.test.WatchDog.cancel(): canceling Wed Apr 22 14:04:11 UTC 2020
------------------ testing $PTII/ptolemy/domains/de/test/auto/NonInterruptibleTimerZeroDelay.xml
auto.tcl: Setting watchdog for 200 seconds at Wed Apr 22 14:04:11 UTC 2020
2 ms. Memory: 55296K Free: 36855K (67%)
ptolemy.util.test.WatchDog.cancel(): canceling Wed Apr 22 14:04:11 UTC 2020
auto.tcl: Setting watchdog for 200 seconds at Wed Apr 22 14:04:11 UTC 2020
2 ms. Memory: 55296K Free: 36228K (66%)
ptolemy.util.test.WatchDog.cancel(): canceling Wed Apr 22 14:04:11 UTC 2020
------------------ testing $PTII/ptolemy/domains/de/test/auto/OpenQueueingNetwork.xml
auto.tcl: Setting watchdog for 200 seconds at Wed Apr 22 14:04:11 UTC 2020
2648 ms. Memory: 132096K Free: 87125K (66%)
ptolemy.util.test.WatchDog.cancel(): canceling Wed Apr 22 14:04:14 UTC 2020
auto.tcl: Setting watchdog for 200 seconds at Wed Apr 22 14:04:14 UTC 2020
2432 ms. Memory: 158720K Free: 111296K (70%)
ptolemy.util.test.WatchDog.cancel(): canceling Wed Apr 22 14:04:16 UTC 2020
------------------ testing $PTII/ptolemy/domains/de/test/auto/OpenQueuingNetwork.xml
auto.tcl: Setting watchdog for 200 seconds at Wed Apr 22 14:04:16 UTC 2020
242 ms. Memory: 58368K Free: 31589K (54%)
ptolemy.util.test.WatchDog.cancel(): canceling Wed Apr 22 14:04:17 UTC 2020
auto.tcl: Setting watchdog for 200 seconds at Wed Apr 22 14:04:17 UTC 2020
226 ms. Memory: 58368K Free: 12417K (21%)
ptolemy.util.test.WatchDog.cancel(): canceling Wed Apr 22 14:04:17 UTC 2020
------------------ testing $PTII/ptolemy/domains/de/test/auto/PeriodicSampler.xml
auto.tcl: Setting watchdog for 200 seconds at Wed Apr 22 14:04:17 UTC 2020
3 ms. Memory: 55296K Free: 36107K (65%)
ptolemy.util.test.WatchDog.cancel(): canceling Wed Apr 22 14:04:17 UTC 2020
auto.tcl: Setting watchdog for 200 seconds at Wed Apr 22 14:04:17 UTC 2020
2 ms. Memory: 55296K Free: 35593K (64%)
ptolemy.util.test.WatchDog.cancel(): canceling Wed Apr 22 14:04:17 UTC 2020
------------------ testing $PTII/ptolemy/domains/de/test/auto/PersistentIO.xml
auto.tcl: Setting watchdog for 200 seconds at Wed Apr 22 14:04:17 UTC 2020
5 ms. Memory: 51200K Free: 26936K (53%)
ptolemy.util.test.WatchDog.cancel(): canceling Wed Apr 22 14:04:17 UTC 2020
auto.tcl: Setting watchdog for 200 seconds at Wed Apr 22 14:04:17 UTC 2020
4 ms. Memory: 51200K Free: 25416K (50%)
ptolemy.util.test.WatchDog.cancel(): canceling Wed Apr 22 14:04:17 UTC 2020
------------------ testing $PTII/ptolemy/domains/de/test/auto/PortParameterResetOnInitialize.xml
auto.tcl: Setting watchdog for 200 seconds at Wed Apr 22 14:04:17 UTC 2020
2 ms. Memory: 51200K Free: 31919K (62%)
ptolemy.util.test.WatchDog.cancel(): canceling Wed Apr 22 14:04:17 UTC 2020
auto.tcl: Setting watchdog for 200 seconds at Wed Apr 22 14:04:17 UTC 2020
1 ms. Memory: 51200K Free: 31423K (61%)
ptolemy.util.test.WatchDog.cancel(): canceling Wed Apr 22 14:04:17 UTC 2020
------------------ testing $PTII/ptolemy/domains/de/test/auto/PortParameterUpdates.xml
auto.tcl: Setting watchdog for 200 seconds at Wed Apr 22 14:04:17 UTC 2020
3 ms. Memory: 51200K Free: 30003K (59%)
ptolemy.util.test.WatchDog.cancel(): canceling Wed Apr 22 14:04:17 UTC 2020
auto.tcl: Setting watchdog for 200 seconds at Wed Apr 22 14:04:17 UTC 2020
4 ms. Memory: 51200K Free: 28988K (57%)
ptolemy.util.test.WatchDog.cancel(): canceling Wed Apr 22 14:04:17 UTC 2020
------------------ testing $PTII/ptolemy/domains/de/test/auto/QueueAndServer.xml
auto.tcl: Setting watchdog for 200 seconds at Wed Apr 22 14:04:17 UTC 2020
5 ms. Memory: 51200K Free: 28956K (57%)
ptolemy.util.test.WatchDog.cancel(): canceling Wed Apr 22 14:04:17 UTC 2020
auto.tcl: Setting watchdog for 200 seconds at Wed Apr 22 14:04:17 UTC 2020
6 ms. Memory: 51200K Free: 27422K (54%)
ptolemy.util.test.WatchDog.cancel(): canceling Wed Apr 22 14:04:17 UTC 2020
------------------ testing $PTII/ptolemy/domains/de/test/auto/Records.xml
auto.tcl: Setting watchdog for 200 seconds at Wed Apr 22 14:04:17 UTC 2020
2 ms. Memory: 51200K Free: 31163K (61%)
ptolemy.util.test.WatchDog.cancel(): canceling Wed Apr 22 14:04:17 UTC 2020
auto.tcl: Setting watchdog for 200 seconds at Wed Apr 22 14:04:17 UTC 2020
1 ms. Memory: 51200K Free: 30651K (60%)
ptolemy.util.test.WatchDog.cancel(): canceling Wed Apr 22 14:04:17 UTC 2020
------------------ testing $PTII/ptolemy/domains/de/test/auto/ResetTransitionWithStartTime1.xml
auto.tcl: Setting watchdog for 200 seconds at Wed Apr 22 14:04:17 UTC 2020
12 ms. Memory: 51200K Free: 28456K (56%)
ptolemy.util.test.WatchDog.cancel(): canceling Wed Apr 22 14:04:17 UTC 2020
auto.tcl: Setting watchdog for 200 seconds at Wed Apr 22 14:04:17 UTC 2020
6 ms. Memory: 51200K Free: 26371K (52%)
ptolemy.util.test.WatchDog.cancel(): canceling Wed Apr 22 14:04:17 UTC 2020
------------------ testing $PTII/ptolemy/domains/de/test/auto/ResetTransitionWithStartTime2.xml
auto.tcl: Setting watchdog for 200 seconds at Wed Apr 22 14:04:17 UTC 2020
4 ms. Memory: 51200K Free: 28374K (55%)
ptolemy.util.test.WatchDog.cancel(): canceling Wed Apr 22 14:04:17 UTC 2020
auto.tcl: Setting watchdog for 200 seconds at Wed Apr 22 14:04:17 UTC 2020
8 ms. Memory: 51200K Free: 25810K (50%)
ptolemy.util.test.WatchDog.cancel(): canceling Wed Apr 22 14:04:17 UTC 2020
------------------ testing $PTII/ptolemy/domains/de/test/auto/ResetTransitionWithStartTime3.xml
auto.tcl: Setting watchdog for 200 seconds at Wed Apr 22 14:04:17 UTC 2020
8 ms. Memory: 51200K Free: 28373K (55%)
ptolemy.util.test.WatchDog.cancel(): canceling Wed Apr 22 14:04:17 UTC 2020
auto.tcl: Setting watchdog for 200 seconds at Wed Apr 22 14:04:17 UTC 2020
7 ms. Memory: 51200K Free: 26333K (51%)
ptolemy.util.test.WatchDog.cancel(): canceling Wed Apr 22 14:04:17 UTC 2020
------------------ testing $PTII/ptolemy/domains/de/test/auto/ResetTransitionWithStartTime4.xml
auto.tcl: Setting watchdog for 200 seconds at Wed Apr 22 14:04:17 UTC 2020
11 ms. Memory: 51200K Free: 28820K (56%)
ptolemy.util.test.WatchDog.cancel(): canceling Wed Apr 22 14:04:17 UTC 2020
auto.tcl: Setting watchdog for 200 seconds at Wed Apr 22 14:04:17 UTC 2020
4 ms. Memory: 51200K Free: 27348K (53%)
ptolemy.util.test.WatchDog.cancel(): canceling Wed Apr 22 14:04:17 UTC 2020
------------------ testing $PTII/ptolemy/domains/de/test/auto/ResettableTimer1.xml
auto.tcl: Setting watchdog for 200 seconds at Wed Apr 22 14:04:17 UTC 2020
2 ms. Memory: 51200K Free: 32547K (64%)
ptolemy.util.test.WatchDog.cancel(): canceling Wed Apr 22 14:04:17 UTC 2020
auto.tcl: Setting watchdog for 200 seconds at Wed Apr 22 14:04:17 UTC 2020
2 ms. Memory: 51200K Free: 31915K (62%)
ptolemy.util.test.WatchDog.cancel(): canceling Wed Apr 22 14:04:17 UTC 2020
------------------ testing $PTII/ptolemy/domains/de/test/auto/ResettableTimer2.xml
auto.tcl: Setting watchdog for 200 seconds at Wed Apr 22 14:04:17 UTC 2020
3 ms. Memory: 51200K Free: 32644K (64%)
ptolemy.util.test.WatchDog.cancel(): canceling Wed Apr 22 14:04:18 UTC 2020
auto.tcl: Setting watchdog for 200 seconds at Wed Apr 22 14:04:18 UTC 2020
2 ms. Memory: 51200K Free: 32004K (63%)
ptolemy.util.test.WatchDog.cancel(): canceling Wed Apr 22 14:04:18 UTC 2020
------------------ testing $PTII/ptolemy/domains/de/test/auto/ResettableTimer3.xml
auto.tcl: Setting watchdog for 200 seconds at Wed Apr 22 14:04:18 UTC 2020
1 ms. Memory: 51200K Free: 32505K (63%)
ptolemy.util.test.WatchDog.cancel(): canceling Wed Apr 22 14:04:18 UTC 2020
auto.tcl: Setting watchdog for 200 seconds at Wed Apr 22 14:04:18 UTC 2020
1 ms. Memory: 51200K Free: 32505K (63%)
ptolemy.util.test.WatchDog.cancel(): canceling Wed Apr 22 14:04:18 UTC 2020
------------------ testing $PTII/ptolemy/domains/de/test/auto/ResettableTimer4.xml
auto.tcl: Setting watchdog for 200 seconds at Wed Apr 22 14:04:18 UTC 2020
1 ms. Memory: 51200K Free: 32519K (64%)
ptolemy.util.test.WatchDog.cancel(): canceling Wed Apr 22 14:04:18 UTC 2020
auto.tcl: Setting watchdog for 200 seconds at Wed Apr 22 14:04:18 UTC 2020
1 ms. Memory: 51200K Free: 32016K (63%)
ptolemy.util.test.WatchDog.cancel(): canceling Wed Apr 22 14:04:18 UTC 2020
------------------ testing $PTII/ptolemy/domains/de/test/auto/ResettableTimer5.xml
auto.tcl: Setting watchdog for 200 seconds at Wed Apr 22 14:04:18 UTC 2020
1 ms. Memory: 51200K Free: 31997K (62%)
ptolemy.util.test.WatchDog.cancel(): canceling Wed Apr 22 14:04:18 UTC 2020
auto.tcl: Setting watchdog for 200 seconds at Wed Apr 22 14:04:18 UTC 2020
1 ms. Memory: 51200K Free: 31497K (62%)
ptolemy.util.test.WatchDog.cancel(): canceling Wed Apr 22 14:04:18 UTC 2020
------------------ testing $PTII/ptolemy/domains/de/test/auto/ResettableTimer6.xml
auto.tcl: Setting watchdog for 200 seconds at Wed Apr 22 14:04:18 UTC 2020
2 ms. Memory: 51200K Free: 31993K (62%)
ptolemy.util.test.WatchDog.cancel(): canceling Wed Apr 22 14:04:18 UTC 2020
auto.tcl: Setting watchdog for 200 seconds at Wed Apr 22 14:04:18 UTC 2020
1 ms. Memory: 51200K Free: 31483K (61%)
ptolemy.util.test.WatchDog.cancel(): canceling Wed Apr 22 14:04:18 UTC 2020
------------------ testing $PTII/ptolemy/domains/de/test/auto/ServerZeroDelay.xml
auto.tcl: Setting watchdog for 200 seconds at Wed Apr 22 14:04:18 UTC 2020
2 ms. Memory: 51200K Free: 32499K (63%)
ptolemy.util.test.WatchDog.cancel(): canceling Wed Apr 22 14:04:18 UTC 2020
auto.tcl: Setting watchdog for 200 seconds at Wed Apr 22 14:04:18 UTC 2020
2 ms. Memory: 51200K Free: 31485K (61%)
ptolemy.util.test.WatchDog.cancel(): canceling Wed Apr 22 14:04:18 UTC 2020
------------------ testing $PTII/ptolemy/domains/de/test/auto/SmartSender.xml
auto.tcl: Setting watchdog for 200 seconds at Wed Apr 22 14:04:18 UTC 2020
3001 ms. Memory: 51200K Free: 32493K (63%)
ptolemy.util.test.WatchDog.cancel(): canceling Wed Apr 22 14:04:21 UTC 2020
auto.tcl: Setting watchdog for 200 seconds at Wed Apr 22 14:04:21 UTC 2020
3001 ms. Memory: 51200K Free: 31977K (62%)
ptolemy.util.test.WatchDog.cancel(): canceling Wed Apr 22 14:04:24 UTC 2020
------------------ testing $PTII/ptolemy/domains/de/test/auto/ThreadedComposite.xml
auto.tcl: Setting watchdog for 200 seconds at Wed Apr 22 14:04:24 UTC 2020
179 ms. Memory: 51200K Free: 13561K (26%)
ptolemy.util.test.WatchDog.cancel(): canceling Wed Apr 22 14:04:24 UTC 2020
auto.tcl: Setting watchdog for 200 seconds at Wed Apr 22 14:04:24 UTC 2020
173 ms. Memory: 51200K Free: 27673K (54%)
ptolemy.util.test.WatchDog.cancel(): canceling Wed Apr 22 14:04:24 UTC 2020
------------------ testing $PTII/ptolemy/domains/de/test/auto/Time.xml
auto.tcl: Setting watchdog for 200 seconds at Wed Apr 22 14:04:24 UTC 2020
434 ms. Memory: 51200K Free: 34678K (68%)
ptolemy.util.test.WatchDog.cancel(): canceling Wed Apr 22 14:04:25 UTC 2020
auto.tcl: Setting watchdog for 200 seconds at Wed Apr 22 14:04:25 UTC 2020
411 ms. Memory: 51200K Free: 8114K (16%)
ptolemy.util.test.WatchDog.cancel(): canceling Wed Apr 22 14:04:25 UTC 2020
------------------ testing $PTII/ptolemy/domains/de/test/auto/TimeDelayZeroDelay.xml
auto.tcl: Setting watchdog for 200 seconds at Wed Apr 22 14:04:25 UTC 2020
2 ms. Memory: 51200K Free: 32424K (63%)
ptolemy.util.test.WatchDog.cancel(): canceling Wed Apr 22 14:04:25 UTC 2020
auto.tcl: Setting watchdog for 200 seconds at Wed Apr 22 14:04:25 UTC 2020
1 ms. Memory: 51200K Free: 31940K (62%)
ptolemy.util.test.WatchDog.cancel(): canceling Wed Apr 22 14:04:25 UTC 2020
------------------ testing $PTII/ptolemy/domains/de/test/auto/TimerZeroDelay.xml
auto.tcl: Setting watchdog for 200 seconds at Wed Apr 22 14:04:25 UTC 2020
3 ms. Memory: 51200K Free: 32620K (64%)
ptolemy.util.test.WatchDog.cancel(): canceling Wed Apr 22 14:04:25 UTC 2020
auto.tcl: Setting watchdog for 200 seconds at Wed Apr 22 14:04:25 UTC 2020
2 ms. Memory: 51200K Free: 31999K (62%)
ptolemy.util.test.WatchDog.cancel(): canceling Wed Apr 22 14:04:25 UTC 2020
------------------ testing $PTII/ptolemy/domains/de/test/auto/TimingParadox.xml
auto.tcl: Setting watchdog for 200 seconds at Wed Apr 22 14:04:25 UTC 2020
354 ms. Memory: 66560K Free: 32822K (49%)
ptolemy.util.test.WatchDog.cancel(): canceling Wed Apr 22 14:04:26 UTC 2020
auto.tcl: Setting watchdog for 200 seconds at Wed Apr 22 14:04:26 UTC 2020
304 ms. Memory: 66560K Free: 31818K (48%)
ptolemy.util.test.WatchDog.cancel(): canceling Wed Apr 22 14:04:26 UTC 2020
------------------ testing $PTII/ptolemy/domains/de/test/auto/TransferInputs.xml
auto.tcl: Setting watchdog for 200 seconds at Wed Apr 22 14:04:26 UTC 2020
8 ms. Memory: 55296K Free: 35031K (63%)
ptolemy.util.test.WatchDog.cancel(): canceling Wed Apr 22 14:04:26 UTC 2020
auto.tcl: Setting watchdog for 200 seconds at Wed Apr 22 14:04:26 UTC 2020
2 ms. Memory: 55296K Free: 34095K (62%)
ptolemy.util.test.WatchDog.cancel(): canceling Wed Apr 22 14:04:26 UTC 2020
------------------ testing $PTII/ptolemy/domains/de/test/auto/TransferOutputs2.xml
auto.tcl: Setting watchdog for 200 seconds at Wed Apr 22 14:04:26 UTC 2020
3 ms. Memory: 51200K Free: 28468K (56%)
ptolemy.util.test.WatchDog.cancel(): canceling Wed Apr 22 14:04:26 UTC 2020
auto.tcl: Setting watchdog for 200 seconds at Wed Apr 22 14:04:26 UTC 2020
2 ms. Memory: 51200K Free: 26942K (53%)
ptolemy.util.test.WatchDog.cancel(): canceling Wed Apr 22 14:04:26 UTC 2020
------------------ testing $PTII/ptolemy/domains/de/test/auto/Trilateration.xml
auto.tcl: Setting watchdog for 200 seconds at Wed Apr 22 14:04:26 UTC 2020
12973 ms. Memory: 485376K Free: 327029K (67%)
ptolemy.util.test.WatchDog.cancel(): canceling Wed Apr 22 14:04:40 UTC 2020
auto.tcl: Setting watchdog for 200 seconds at Wed Apr 22 14:04:40 UTC 2020
9004 ms. Memory: 485376K Free: 298747K (62%)
ptolemy.util.test.WatchDog.cancel(): canceling Wed Apr 22 14:04:49 UTC 2020
------------------ testing $PTII/ptolemy/domains/de/test/auto/TwoSigmaDelta.xml
auto.tcl: Setting watchdog for 200 seconds at Wed Apr 22 14:04:49 UTC 2020
2349 ms. Memory: 89088K Free: 12216K (14%)
ptolemy.util.test.WatchDog.cancel(): canceling Wed Apr 22 14:04:52 UTC 2020
auto.tcl: Setting watchdog for 200 seconds at Wed Apr 22 14:04:52 UTC 2020
1865 ms. Memory: 89088K Free: 53152K (60%)
ptolemy.util.test.WatchDog.cancel(): canceling Wed Apr 22 14:04:54 UTC 2020
------------------ testing $PTII/ptolemy/domains/de/test/auto/VariableDelay.xml
auto.tcl: Setting watchdog for 200 seconds at Wed Apr 22 14:04:54 UTC 2020
3 ms. Memory: 55296K Free: 35514K (64%)
ptolemy.util.test.WatchDog.cancel(): canceling Wed Apr 22 14:04:54 UTC 2020
auto.tcl: Setting watchdog for 200 seconds at Wed Apr 22 14:04:54 UTC 2020
1 ms. Memory: 55296K Free: 34520K (62%)
ptolemy.util.test.WatchDog.cancel(): canceling Wed Apr 22 14:04:54 UTC 2020
------------------ testing $PTII/ptolemy/domains/de/test/auto/VariableDelay2.xml
auto.tcl: Setting watchdog for 200 seconds at Wed Apr 22 14:04:54 UTC 2020
7 ms. Memory: 55296K Free: 35453K (64%)
ptolemy.util.test.WatchDog.cancel(): canceling Wed Apr 22 14:04:54 UTC 2020
auto.tcl: Setting watchdog for 200 seconds at Wed Apr 22 14:04:54 UTC 2020
2 ms. Memory: 55296K Free: 34955K (63%)
ptolemy.util.test.WatchDog.cancel(): canceling Wed Apr 22 14:04:54 UTC 2020
------------------ testing $PTII/ptolemy/domains/de/test/auto/VariableDelayZeroDelay.xml
auto.tcl: Setting watchdog for 200 seconds at Wed Apr 22 14:04:54 UTC 2020
2 ms. Memory: 51200K Free: 31884K (62%)
ptolemy.util.test.WatchDog.cancel(): canceling Wed Apr 22 14:04:54 UTC 2020
auto.tcl: Setting watchdog for 200 seconds at Wed Apr 22 14:04:54 UTC 2020
2 ms. Memory: 51200K Free: 31340K (61%)
ptolemy.util.test.WatchDog.cancel(): canceling Wed Apr 22 14:04:54 UTC 2020
------------------ testing $PTII/ptolemy/domains/de/test/auto/VariableDelayZeroDelay2.xml
auto.tcl: Setting watchdog for 200 seconds at Wed Apr 22 14:04:54 UTC 2020
2 ms. Memory: 51200K Free: 31883K (62%)
ptolemy.util.test.WatchDog.cancel(): canceling Wed Apr 22 14:04:54 UTC 2020
auto.tcl: Setting watchdog for 200 seconds at Wed Apr 22 14:04:54 UTC 2020
2 ms. Memory: 51200K Free: 30859K (60%)
ptolemy.util.test.WatchDog.cancel(): canceling Wed Apr 22 14:04:54 UTC 2020
------------------ testing $PTII/ptolemy/domains/de/test/auto/deInCt.xml
auto.tcl: Setting watchdog for 200 seconds at Wed Apr 22 14:04:54 UTC 2020
0
1
1
1
0
0
0
0
0
1
1
0
0
0
1
1
1
0
0
0
1
1
1
1
1
0
0
0
1
1
1
0
0
0
1
1
1
0
0
0
0
0
9 ms. Memory: 51200K Free: 30856K (60%)
ptolemy.util.test.WatchDog.cancel(): canceling Wed Apr 22 14:04:54 UTC 2020
auto.tcl: Setting watchdog for 200 seconds at Wed Apr 22 14:04:54 UTC 2020
0
1
1
1
0
0
0
1
1
1
0
0
0
1
1
1
1
0
0
0
1
1
1
0
0
0
1
1
1
1
1
1
0
0
0
1
1
1
1
4 ms. Memory: 51200K Free: 29318K (57%)
ptolemy.util.test.WatchDog.cancel(): canceling Wed Apr 22 14:04:54 UTC 2020
------------------ testing $PTII/ptolemy/domains/de/test/auto/deInCt2.xml
auto.tcl: Setting watchdog for 200 seconds at Wed Apr 22 14:04:54 UTC 2020
0
1
1
1
0
0
1
1
1
0
0
1
1
1
0
0
1
1
1
0
0
1
1
1
0
0
1
1
1
0
0
1
1
1
0
0
1
1
1
0
0
0
7 ms. Memory: 51200K Free: 30857K (60%)
ptolemy.util.test.WatchDog.cancel(): canceling Wed Apr 22 14:04:54 UTC 2020
auto.tcl: Setting watchdog for 200 seconds at Wed Apr 22 14:04:54 UTC 2020
0
1
1
1
0
0
1
1
1
0
0
1
1
1
0
0
1
1
1
0
0
1
1
1
0
0
1
1
1
0
0
1
1
1
0
0
1
1
1
0
0
0
6 ms. Memory: 51200K Free: 29305K (57%)
ptolemy.util.test.WatchDog.cancel(): canceling Wed Apr 22 14:04:54 UTC 2020
------------------ testing $PTII/ptolemy/domains/de/test/auto/dynamicCausalityInterface1.xml
auto.tcl: Setting watchdog for 200 seconds at Wed Apr 22 14:04:54 UTC 2020
1 ms. Memory: 51200K Free: 26755K (52%)
ptolemy.util.test.WatchDog.cancel(): canceling Wed Apr 22 14:04:54 UTC 2020
auto.tcl: Setting watchdog for 200 seconds at Wed Apr 22 14:04:54 UTC 2020
1 ms. Memory: 51200K Free: 26241K (51%)
ptolemy.util.test.WatchDog.cancel(): canceling Wed Apr 22 14:04:54 UTC 2020
------------------ testing $PTII/ptolemy/domains/de/test/auto/fsm_de_test.xml
auto.tcl: Setting watchdog for 200 seconds at Wed Apr 22 14:04:54 UTC 2020
7 ms. Memory: 51200K Free: 26654K (52%)
ptolemy.util.test.WatchDog.cancel(): canceling Wed Apr 22 14:04:54 UTC 2020
auto.tcl: Setting watchdog for 200 seconds at Wed Apr 22 14:04:54 UTC 2020
5 ms. Memory: 51200K Free: 24606K (48%)
ptolemy.util.test.WatchDog.cancel(): canceling Wed Apr 22 14:04:54 UTC 2020
------------------ testing $PTII/ptolemy/domains/de/test/auto/functionDependencyReconstruction.xml
auto.tcl: Setting watchdog for 200 seconds at Wed Apr 22 14:04:54 UTC 2020
2 ms. Memory: 51200K Free: 20499K (40%)
ptolemy.util.test.WatchDog.cancel(): canceling Wed Apr 22 14:04:54 UTC 2020
auto.tcl: Setting watchdog for 200 seconds at Wed Apr 22 14:04:54 UTC 2020
2 ms. Memory: 51200K Free: 18451K (36%)
ptolemy.util.test.WatchDog.cancel(): canceling Wed Apr 22 14:04:54 UTC 2020
------------------ testing $PTII/ptolemy/domains/de/test/auto/multirate.xml
auto.tcl: Setting watchdog for 200 seconds at Wed Apr 22 14:04:54 UTC 2020
8 ms. Memory: 51200K Free: 29295K (57%)
ptolemy.util.test.WatchDog.cancel(): canceling Wed Apr 22 14:04:54 UTC 2020
auto.tcl: Setting watchdog for 200 seconds at Wed Apr 22 14:04:54 UTC 2020
3 ms. Memory: 51200K Free: 27550K (54%)
ptolemy.util.test.WatchDog.cancel(): canceling Wed Apr 22 14:04:54 UTC 2020
------------------ testing $PTII/ptolemy/domains/de/test/auto/multirate2.xml
auto.tcl: Setting watchdog for 200 seconds at Wed Apr 22 14:04:55 UTC 2020
3 ms. Memory: 51200K Free: 29449K (58%)
ptolemy.util.test.WatchDog.cancel(): canceling Wed Apr 22 14:04:55 UTC 2020
auto.tcl: Setting watchdog for 200 seconds at Wed Apr 22 14:04:55 UTC 2020
3 ms. Memory: 51200K Free: 27730K (54%)
ptolemy.util.test.WatchDog.cancel(): canceling Wed Apr 22 14:04:55 UTC 2020
------------------ testing $PTII/ptolemy/domains/de/test/auto/realtime.xml
auto.tcl: Setting watchdog for 200 seconds at Wed Apr 22 14:04:55 UTC 2020
10001 ms. Memory: 51200K Free: 31536K (62%)
ptolemy.util.test.WatchDog.cancel(): canceling Wed Apr 22 14:05:05 UTC 2020
auto.tcl: Setting watchdog for 200 seconds at Wed Apr 22 14:05:05 UTC 2020
10001 ms. Memory: 51200K Free: 30800K (60%)
ptolemy.util.test.WatchDog.cancel(): canceling Wed Apr 22 14:05:15 UTC 2020
------------------ testing $PTII/ptolemy/domains/de/test/auto/relationGroup.xml
auto.tcl: Setting watchdog for 200 seconds at Wed Apr 22 14:05:15 UTC 2020
9 ms. Memory: 51200K Free: 32615K (64%)
ptolemy.util.test.WatchDog.cancel(): canceling Wed Apr 22 14:05:15 UTC 2020
auto.tcl: Setting watchdog for 200 seconds at Wed Apr 22 14:05:15 UTC 2020
2 ms. Memory: 51200K Free: 32103K (63%)
ptolemy.util.test.WatchDog.cancel(): canceling Wed Apr 22 14:05:15 UTC 2020
------------------ testing $PTII/ptolemy/domains/de/test/auto/relationGroup2.xml
auto.tcl: Setting watchdog for 200 seconds at Wed Apr 22 14:05:15 UTC 2020
2 ms. Memory: 51200K Free: 32640K (64%)
ptolemy.util.test.WatchDog.cancel(): canceling Wed Apr 22 14:05:15 UTC 2020
auto.tcl: Setting watchdog for 200 seconds at Wed Apr 22 14:05:15 UTC 2020
1 ms. Memory: 51200K Free: 32128K (63%)
ptolemy.util.test.WatchDog.cancel(): canceling Wed Apr 22 14:05:15 UTC 2020
------------------ testing $PTII/ptolemy/domains/de/test/auto/sortWithOpaquePorts.xml
auto.tcl: Setting watchdog for 200 seconds at Wed Apr 22 14:05:15 UTC 2020
2 ms. Memory: 51200K Free: 31316K (61%)
ptolemy.util.test.WatchDog.cancel(): canceling Wed Apr 22 14:05:15 UTC 2020
auto.tcl: Setting watchdog for 200 seconds at Wed Apr 22 14:05:15 UTC 2020
2 ms. Memory: 51200K Free: 30354K (59%)
ptolemy.util.test.WatchDog.cancel(): canceling Wed Apr 22 14:05:15 UTC 2020
------------------ testing $PTII/ptolemy/domains/de/test/auto/transferInputsandOutputs.xml
auto.tcl: Setting watchdog for 200 seconds at Wed Apr 22 14:05:15 UTC 2020
2 ms. Memory: 51200K Free: 28822K (56%)
ptolemy.util.test.WatchDog.cancel(): canceling Wed Apr 22 14:05:15 UTC 2020
auto.tcl: Setting watchdog for 200 seconds at Wed Apr 22 14:05:15 UTC 2020
2 ms. Memory: 51200K Free: 27798K (54%)
ptolemy.util.test.WatchDog.cancel(): canceling Wed Apr 22 14:05:15 UTC 2020
------------------ testing $PTII/ptolemy/domains/de/test/auto/triggerType.xml
auto.tcl: Setting watchdog for 200 seconds at Wed Apr 22 14:05:15 UTC 2020
2 ms. Memory: 51200K Free: 31846K (62%)
ptolemy.util.test.WatchDog.cancel(): canceling Wed Apr 22 14:05:15 UTC 2020
auto.tcl: Setting watchdog for 200 seconds at Wed Apr 22 14:05:15 UTC 2020
1 ms. Memory: 51200K Free: 30822K (60%)
ptolemy.util.test.WatchDog.cancel(): canceling Wed Apr 22 14:05:15 UTC 2020
04/22/20 02:05:15
Failed: 0  Total Tests: 192  ((Passed: 187, Newly Passed: 1)  Known Failed: 5) /home/travis/build/icyphy/ptII/ptolemy/domains/de/test
04/22/20 02:05:15
Failed: 0  Total Tests: 192  ((Passed: 187, Newly Passed: 1)  Known Failed: 5) /home/travis/build/icyphy/ptII/ptolemy/domains/de/test
----------------- testing (KnownFailure) /home/travis/build/icyphy/ptII/ptolemy/domains/de/test/auto/knownFailedTests/DESDFClockTest.xml
2011 ms. Memory: 51200K Free: 24731K (48%)
Known Failure: java.lang.reflect.InvocationTargetException
----------------- testing (KnownFailure) /home/travis/build/icyphy/ptII/ptolemy/domains/de/test/auto/knownFailedTests/DirectFeedback.xml
2 ms. Memory: 51200K Free: 21145K (41%)
Known Failure: java.lang.reflect.InvocationTargetException
----------------- testing (KnownFailure) /home/travis/build/icyphy/ptII/ptolemy/domains/de/test/auto/knownFailedTests/FSMSource.xml
8 ms. Memory: 51200K Free: 12953K (25%)
----------------- testing (KnownFailure) /home/travis/build/icyphy/ptII/ptolemy/domains/de/test/auto/knownFailedTests/HierarchicalModel.xml
6 ms. Memory: 51200K Free: 24906K (49%)
Known Failure: java.lang.reflect.InvocationTargetException
----------------- testing (KnownFailure) /home/travis/build/icyphy/ptII/ptolemy/domains/de/test/auto/knownFailedTests/dependencyLoop.xml
2 ms. Memory: 51200K Free: 9587K (19%)
Known Failure: java.lang.reflect.InvocationTargetException
----------------- testing (KnownFailure) /home/travis/build/icyphy/ptII/ptolemy/domains/de/test/auto/knownFailedTests/dependencyLoop2.xml
6 ms. Memory: 51200K Free: 22413K (44%)
Known Failure: java.lang.reflect.InvocationTargetException
No auto/linux-amd64/*.xml tests in /home/travis/build/icyphy/ptII/ptolemy/domains/de/test
AutoTests.java: About to close Vertx.
AutoTests.java: Vertx closed.

===========================================================================================
----------------- testing Wed Apr 22 14:05:17 UTC 2020 /home/travis/build/icyphy/ptII/ptolemy/domains/de/test/auto/ActorDepthCalculation_actorWithoutPorts.xml
----------------- Instantiating /home/travis/build/icyphy/ptII/ptolemy/domains/de/test/auto/ActorDepthCalculation_actorWithoutPorts.xml
2 ms. Memory: 51200K Free: 15840K (31%)
----------------- Invoking toplevel() on ptolemy.moml.MoMLSimpleApplication@4ffe5896
----------------- Done invoking toplevel() on ptolemy.moml.MoMLSimpleApplication@4ffe5896
reloadAllAccessors: .ActorDepthCalculation_actorWithoutPorts

===========================================================================================
----------------- testing Wed Apr 22 14:05:17 UTC 2020 /home/travis/build/icyphy/ptII/ptolemy/domains/de/test/auto/AssemblyLine.xml
----------------- Instantiating /home/travis/build/icyphy/ptII/ptolemy/domains/de/test/auto/AssemblyLine.xml
2 ms. Memory: 51200K Free: 8672K (17%)
----------------- Invoking toplevel() on ptolemy.moml.MoMLSimpleApplication@be4ec27
----------------- Done invoking toplevel() on ptolemy.moml.MoMLSimpleApplication@be4ec27
reloadAllAccessors: .AssemblyLine

===========================================================================================
----------------- testing Wed Apr 22 14:05:17 UTC 2020 /home/travis/build/icyphy/ptII/ptolemy/domains/de/test/auto/CQBug1.xml
----------------- Instantiating /home/travis/build/icyphy/ptII/ptolemy/domains/de/test/auto/CQBug1.xml
1 ms. Memory: 51200K Free: 33659K (66%)
----------------- Invoking toplevel() on ptolemy.moml.MoMLSimpleApplication@5f0081cc
----------------- Done invoking toplevel() on ptolemy.moml.MoMLSimpleApplication@5f0081cc
reloadAllAccessors: .CQBug1

===========================================================================================
----------------- testing Wed Apr 22 14:05:17 UTC 2020 /home/travis/build/icyphy/ptII/ptolemy/domains/de/test/auto/CancelFireAt.xml
----------------- Instantiating /home/travis/build/icyphy/ptII/ptolemy/domains/de/test/auto/CancelFireAt.xml
1 ms. Memory: 51200K Free: 31288K (61%)
----------------- Invoking toplevel() on ptolemy.moml.MoMLSimpleApplication@6dd55036
----------------- Done invoking toplevel() on ptolemy.moml.MoMLSimpleApplication@6dd55036
reloadAllAccessors: .CancelFireAt

===========================================================================================
----------------- testing Wed Apr 22 14:05:17 UTC 2020 /home/travis/build/icyphy/ptII/ptolemy/domains/de/test/auto/CausalityAndComposabilityAnalysis.xml
----------------- Instantiating /home/travis/build/icyphy/ptII/ptolemy/domains/de/test/auto/CausalityAndComposabilityAnalysis.xml
2 ms. Memory: 51200K Free: 26899K (53%)
----------------- Invoking toplevel() on ptolemy.moml.MoMLSimpleApplication@37ee15d8
----------------- Done invoking toplevel() on ptolemy.moml.MoMLSimpleApplication@37ee15d8
reloadAllAccessors: .CausalityAndComposabilityAnalysis

===========================================================================================
----------------- testing Wed Apr 22 14:05:17 UTC 2020 /home/travis/build/icyphy/ptII/ptolemy/domains/de/test/auto/CausalityInterface1.xml
----------------- Instantiating /home/travis/build/icyphy/ptII/ptolemy/domains/de/test/auto/CausalityInterface1.xml
6 ms. Memory: 51200K Free: 21827K (43%)
----------------- Invoking toplevel() on ptolemy.moml.MoMLSimpleApplication@45c88a7b
----------------- Done invoking toplevel() on ptolemy.moml.MoMLSimpleApplication@45c88a7b
reloadAllAccessors: .CausalityInterface1

===========================================================================================
----------------- testing Wed Apr 22 14:05:17 UTC 2020 /home/travis/build/icyphy/ptII/ptolemy/domains/de/test/auto/CausalityInterface15.xml
----------------- Instantiating /home/travis/build/icyphy/ptII/ptolemy/domains/de/test/auto/CausalityInterface15.xml
2 ms. Memory: 51200K Free: 16383K (32%)
----------------- Invoking toplevel() on ptolemy.moml.MoMLSimpleApplication@de3f23d
----------------- Done invoking toplevel() on ptolemy.moml.MoMLSimpleApplication@de3f23d
reloadAllAccessors: .CausalityInterface15

===========================================================================================
----------------- testing Wed Apr 22 14:05:17 UTC 2020 /home/travis/build/icyphy/ptII/ptolemy/domains/de/test/auto/CausalityInterface2.xml
----------------- Instantiating /home/travis/build/icyphy/ptII/ptolemy/domains/de/test/auto/CausalityInterface2.xml
1 ms. Memory: 51200K Free: 11588K (23%)
[...]
	at ptolemy.actor.Manager.run(Manager.java:1263)
	at ptolemy.actor.Manager$PtolemyRunThread.run(Manager.java:1933)
java.lang.RuntimeException: Execution failed
	at ptolemy.moml.MoMLSimpleApplication$UnloadThread.run(MoMLSimpleApplication.java:402)
Caused by: ptolemy.kernel.util.IllegalActionException: Actor is not ready to fire.  Perhaps UpSample.prefire() returned false? Try debugging the actor by selecting "Listen to Actor".  Also, for SDF check moml for tokenConsumptionRate on input.
  in .DESDFClockTest.Play Bell.Copy1:SDF Director and .DESDFClockTest.Play Bell.UpSample
	at ptolemy.actor.sched.StaticSchedulingDirector.fire(StaticSchedulingDirector.java:227)
	at ptolemy.domains.sdf.kernel.SDFDirector.fire(SDFDirector.java:500)
	at ptolemy.actor.CompositeActor.fire(CompositeActor.java:455)
	at ptolemy.domains.de.kernel.DEDirector._fire(DEDirector.java:1949)
	at ptolemy.domains.de.kernel.DEDirector.fire(DEDirector.java:502)
	at ptolemy.actor.CompositeActor.fire(CompositeActor.java:455)
	at ptolemy.actor.Manager.iterate(Manager.java:851)
	at ptolemy.actor.Manager.execute(Manager.java:369)
	at ptolemy.actor.Manager.run(Manager.java:1263)
	at ptolemy.actor.Manager$PtolemyRunThread.run(Manager.java:1933)
java.lang.reflect.InvocationTargetException
	at java.base/jdk.internal.reflect.NativeConstructorAccessorImpl.newInstance0(Native Method)
	at java.base/jdk.internal.reflect.NativeConstructorAccessorImpl.newInstance(NativeConstructorAccessorImpl.java:62)
	at java.base/jdk.internal.reflect.DelegatingConstructorAccessorImpl.newInstance(DelegatingConstructorAccessorImpl.java:45)
	at java.base/java.lang.reflect.Constructor.newInstance(Constructor.java:490)
	at ptolemy.util.test.junit.AutoKnownFailedTests.RunModel(AutoKnownFailedTests.java:105)
	at java.base/jdk.internal.reflect.NativeMethodAccessorImpl.invoke0(Native Method)
	at java.base/jdk.internal.reflect.NativeMethodAccessorImpl.invoke(NativeMethodAccessorImpl.java:62)
	at java.base/jdk.internal.reflect.DelegatingMethodAccessorImpl.invoke(DelegatingMethodAccessorImpl.java:43)
	at java.base/java.lang.reflect.Method.invoke(Method.java:566)
	at org.junit.runners.model.FrameworkMethod$1.runReflectiveCall(FrameworkMethod.java:44)
	at org.junit.internal.runners.model.ReflectiveCallable.run(ReflectiveCallable.java:15)
	at org.junit.runners.model.FrameworkMethod.invokeExplosively(FrameworkMethod.java:41)
	at junitparams.internal.InvokeParameterisedMethod.evaluate(InvokeParameterisedMethod.java:102)
	at org.junit.internal.runners.statements.FailOnTimeout$1.run(FailOnTimeout.java:28)
Caused by: ptolemy.kernel.util.IllegalActionException: Actor is not ready to fire.  Perhaps UpSample.prefire() returned false? Try debugging the actor by selecting "Listen to Actor".  Also, for SDF check moml for tokenConsumptionRate on input.
  in .DESDFClockTest.Play Bell.Copy1:SDF Director and .DESDFClockTest.Play Bell.UpSample
	at ptolemy.actor.sched.StaticSchedulingDirector.fire(StaticSchedulingDirector.java:227)
	at ptolemy.domains.sdf.kernel.SDFDirector.fire(SDFDirector.java:500)
	at ptolemy.actor.CompositeActor.fire(CompositeActor.java:455)
	at ptolemy.domains.de.kernel.DEDirector._fire(DEDirector.java:1949)
	at ptolemy.domains.de.kernel.DEDirector.fire(DEDirector.java:502)
	at ptolemy.actor.CompositeActor.fire(CompositeActor.java:455)
	at ptolemy.actor.Manager.iterate(Manager.java:851)
	at ptolemy.actor.Manager.execute(Manager.java:369)
	at ptolemy.actor.Manager.run(Manager.java:1263)
	at ptolemy.actor.Manager$PtolemyRunThread.run(Manager.java:1933)
java.lang.RuntimeException: Execution failed
	at ptolemy.moml.MoMLSimpleApplication$UnloadThread.run(MoMLSimpleApplication.java:402)
Caused by: ptolemy.kernel.util.IllegalActionException: Test fails in iteration 1.
Value was: 1.0. Should have been: 2.0
  in .DirectFeedback.Test
	at ptolemy.actor.lib.Test.fire(Test.java:268)
	at ptolemy.domains.de.kernel.DEDirector._fire(DEDirector.java:1949)
	at ptolemy.domains.de.kernel.DEDirector.fire(DEDirector.java:502)
	at ptolemy.actor.CompositeActor.fire(CompositeActor.java:455)
	at ptolemy.actor.Manager.iterate(Manager.java:851)
	at ptolemy.actor.Manager.execute(Manager.java:369)
	at ptolemy.actor.Manager.run(Manager.java:1263)
	at ptolemy.actor.Manager$PtolemyRunThread.run(Manager.java:1933)
java.lang.reflect.InvocationTargetException
	at java.base/jdk.internal.reflect.NativeConstructorAccessorImpl.newInstance0(Native Method)
	at java.base/jdk.internal.reflect.NativeConstructorAccessorImpl.newInstance(NativeConstructorAccessorImpl.java:62)
	at java.base/jdk.internal.reflect.DelegatingConstructorAccessorImpl.newInstance(DelegatingConstructorAccessorImpl.java:45)
	at java.base/java.lang.reflect.Constructor.newInstance(Constructor.java:490)
	at ptolemy.util.test.junit.AutoKnownFailedTests.RunModel(AutoKnownFailedTests.java:105)
	at java.base/jdk.internal.reflect.NativeMethodAccessorImpl.invoke0(Native Method)
	at java.base/jdk.internal.reflect.NativeMethodAccessorImpl.invoke(NativeMethodAccessorImpl.java:62)
	at java.base/jdk.internal.reflect.DelegatingMethodAccessorImpl.invoke(DelegatingMethodAccessorImpl.java:43)
	at java.base/java.lang.reflect.Method.invoke(Method.java:566)
	at org.junit.runners.model.FrameworkMethod$1.runReflectiveCall(FrameworkMethod.java:44)
	at org.junit.internal.runners.model.ReflectiveCallable.run(ReflectiveCallable.java:15)
	at org.junit.runners.model.FrameworkMethod.invokeExplosively(FrameworkMethod.java:41)
	at junitparams.internal.InvokeParameterisedMethod.evaluate(InvokeParameterisedMethod.java:102)
	at org.junit.internal.runners.statements.FailOnTimeout$1.run(FailOnTimeout.java:28)
Caused by: ptolemy.kernel.util.IllegalActionException: Test fails in iteration 1.
Value was: 1.0. Should have been: 2.0
  in .DirectFeedback.Test
	at ptolemy.actor.lib.Test.fire(Test.java:268)
	at ptolemy.domains.de.kernel.DEDirector._fire(DEDirector.java:1949)
	at ptolemy.domains.de.kernel.DEDirector.fire(DEDirector.java:502)
	at ptolemy.actor.CompositeActor.fire(CompositeActor.java:455)
	at ptolemy.actor.Manager.iterate(Manager.java:851)
	at ptolemy.actor.Manager.execute(Manager.java:369)
	at ptolemy.actor.Manager.run(Manager.java:1263)
	at ptolemy.actor.Manager$PtolemyRunThread.run(Manager.java:1933)
java.lang.RuntimeException: Execution failed
	at ptolemy.moml.MoMLSimpleApplication$UnloadThread.run(MoMLSimpleApplication.java:402)
Caused by: ptolemy.kernel.util.IllegalActionException: Found a zero delay loop containing .HierarchicalModel.A
  in .HierarchicalModel and .HierarchicalModel.A
	at ptolemy.actor.util.CausalityInterfaceForComposites._computeOutputPortDepth(CausalityInterfaceForComposites.java:759)
	at ptolemy.actor.util.CausalityInterfaceForComposites._computeInputDepth(CausalityInterfaceForComposites.java:696)
	at ptolemy.actor.util.CausalityInterfaceForComposites._computeOutputPortDepth(CausalityInterfaceForComposites.java:765)
	at ptolemy.actor.util.CausalityInterfaceForComposites._computeInputDepth(CausalityInterfaceForComposites.java:696)
	at ptolemy.actor.util.CausalityInterfaceForComposites._computeOutputPortDepth(CausalityInterfaceForComposites.java:765)
	at ptolemy.actor.util.CausalityInterfaceForComposites._computeInputDepth(CausalityInterfaceForComposites.java:696)
	at ptolemy.actor.util.CausalityInterfaceForComposites._computeActorDepth(CausalityInterfaceForComposites.java:532)
	at ptolemy.actor.util.CausalityInterfaceForComposites.checkForCycles(CausalityInterfaceForComposites.java:96)
	at ptolemy.domains.de.kernel.DEDirector.preinitialize(DEDirector.java:1338)
	at ptolemy.actor.CompositeActor.preinitialize(CompositeActor.java:1828)
	at ptolemy.actor.Manager.preinitializeAndResolveTypes(Manager.java:1040)
	at ptolemy.actor.Manager.initialize(Manager.java:710)
	at ptolemy.actor.Manager.execute(Manager.java:356)
	at ptolemy.actor.Manager.run(Manager.java:1263)
	at ptolemy.actor.Manager$PtolemyRunThread.run(Manager.java:1933)
java.lang.reflect.InvocationTargetException
	at java.base/jdk.internal.reflect.NativeConstructorAccessorImpl.newInstance0(Native Method)
	at java.base/jdk.internal.reflect.NativeConstructorAccessorImpl.newInstance(NativeConstructorAccessorImpl.java:62)
	at java.base/jdk.internal.reflect.DelegatingConstructorAccessorImpl.newInstance(DelegatingConstructorAccessorImpl.java:45)
	at java.base/java.lang.reflect.Constructor.newInstance(Constructor.java:490)
	at ptolemy.util.test.junit.AutoKnownFailedTests.RunModel(AutoKnownFailedTests.java:105)
	at java.base/jdk.internal.reflect.NativeMethodAccessorImpl.invoke0(Native Method)
	at java.base/jdk.internal.reflect.NativeMethodAccessorImpl.invoke(NativeMethodAccessorImpl.java:62)
	at java.base/jdk.internal.reflect.DelegatingMethodAccessorImpl.invoke(DelegatingMethodAccessorImpl.java:43)
	at java.base/java.lang.reflect.Method.invoke(Method.java:566)
	at org.junit.runners.model.FrameworkMethod$1.runReflectiveCall(FrameworkMethod.java:44)
	at org.junit.internal.runners.model.ReflectiveCallable.run(ReflectiveCallable.java:15)
	at org.junit.runners.model.FrameworkMethod.invokeExplosively(FrameworkMethod.java:41)
	at junitparams.internal.InvokeParameterisedMethod.evaluate(InvokeParameterisedMethod.java:102)
	at org.junit.internal.runners.statements.FailOnTimeout$1.run(FailOnTimeout.java:28)
Caused by: ptolemy.kernel.util.IllegalActionException: Found a zero delay loop containing .HierarchicalModel.A
  in .HierarchicalModel and .HierarchicalModel.A
	at ptolemy.actor.util.CausalityInterfaceForComposites._computeOutputPortDepth(CausalityInterfaceForComposites.java:759)
	at ptolemy.actor.util.CausalityInterfaceForComposites._computeInputDepth(CausalityInterfaceForComposites.java:696)
	at ptolemy.actor.util.CausalityInterfaceForComposites._computeOutputPortDepth(CausalityInterfaceForComposites.java:765)
	at ptolemy.actor.util.CausalityInterfaceForComposites._computeInputDepth(CausalityInterfaceForComposites.java:696)
	at ptolemy.actor.util.CausalityInterfaceForComposites._computeOutputPortDepth(CausalityInterfaceForComposites.java:765)
	at ptolemy.actor.util.CausalityInterfaceForComposites._computeInputDepth(CausalityInterfaceForComposites.java:696)
	at ptolemy.actor.util.CausalityInterfaceForComposites._computeActorDepth(CausalityInterfaceForComposites.java:532)
	at ptolemy.actor.util.CausalityInterfaceForComposites.checkForCycles(CausalityInterfaceForComposites.java:96)
	at ptolemy.domains.de.kernel.DEDirector.preinitialize(DEDirector.java:1338)
	at ptolemy.actor.CompositeActor.preinitialize(CompositeActor.java:1828)
	at ptolemy.actor.Manager.preinitializeAndResolveTypes(Manager.java:1040)
	at ptolemy.actor.Manager.initialize(Manager.java:710)
	at ptolemy.actor.Manager.execute(Manager.java:356)
	at ptolemy.actor.Manager.run(Manager.java:1263)
	at ptolemy.actor.Manager$PtolemyRunThread.run(Manager.java:1933)
java.lang.RuntimeException: Execution failed
	at ptolemy.moml.MoMLSimpleApplication$UnloadThread.run(MoMLSimpleApplication.java:402)
Caused by: ptolemy.kernel.util.IllegalActionException: Found a zero delay loop containing .dependencyLoop.original
  in .dependencyLoop and .dependencyLoop.original
	at ptolemy.actor.util.CausalityInterfaceForComposites._computeOutputPortDepth(CausalityInterfaceForComposites.java:759)
	at ptolemy.actor.util.CausalityInterfaceForComposites._computeInputDepth(CausalityInterfaceForComposites.java:696)
	at ptolemy.actor.util.CausalityInterfaceForComposites._computeOutputPortDepth(CausalityInterfaceForComposites.java:765)
	at ptolemy.actor.util.CausalityInterfaceForComposites._computeInputDepth(CausalityInterfaceForComposites.java:696)
	at ptolemy.actor.util.CausalityInterfaceForComposites._computeOutputPortDepth(CausalityInterfaceForComposites.java:765)
	at ptolemy.actor.util.CausalityInterfaceForComposites._computeInputDepth(CausalityInterfaceForComposites.java:696)
	at ptolemy.actor.util.CausalityInterfaceForComposites._computeActorDepth(CausalityInterfaceForComposites.java:532)
	at ptolemy.actor.util.CausalityInterfaceForComposites.checkForCycles(CausalityInterfaceForComposites.java:96)
	at ptolemy.domains.de.kernel.DEDirector.preinitialize(DEDirector.java:1338)
	at ptolemy.actor.CompositeActor.preinitialize(CompositeActor.java:1828)
	at ptolemy.actor.Manager.preinitializeAndResolveTypes(Manager.java:1040)
	at ptolemy.actor.Manager.initialize(Manager.java:710)
	at ptolemy.actor.Manager.execute(Manager.java:356)
	at ptolemy.actor.Manager.run(Manager.java:1263)
	at ptolemy.actor.Manager$PtolemyRunThread.run(Manager.java:1933)
java.lang.reflect.InvocationTargetException
	at java.base/jdk.internal.reflect.NativeConstructorAccessorImpl.newInstance0(Native Method)
	at java.base/jdk.internal.reflect.NativeConstructorAccessorImpl.newInstance(NativeConstructorAccessorImpl.java:62)
	at java.base/jdk.internal.reflect.DelegatingConstructorAccessorImpl.newInstance(DelegatingConstructorAccessorImpl.java:45)
	at java.base/java.lang.reflect.Constructor.newInstance(Constructor.java:490)
	at ptolemy.util.test.junit.AutoKnownFailedTests.RunModel(AutoKnownFailedTests.java:105)
	at java.base/jdk.internal.reflect.NativeMethodAccessorImpl.invoke0(Native Method)
	at java.base/jdk.internal.reflect.NativeMethodAccessorImpl.invoke(NativeMethodAccessorImpl.java:62)
	at java.base/jdk.internal.reflect.DelegatingMethodAccessorImpl.invoke(DelegatingMethodAccessorImpl.java:43)
	at java.base/java.lang.reflect.Method.invoke(Method.java:566)
	at org.junit.runners.model.FrameworkMethod$1.runReflectiveCall(FrameworkMethod.java:44)
	at org.junit.internal.runners.model.ReflectiveCallable.run(ReflectiveCallable.java:15)
	at org.junit.runners.model.FrameworkMethod.invokeExplosively(FrameworkMethod.java:41)
	at junitparams.internal.InvokeParameterisedMethod.evaluate(InvokeParameterisedMethod.java:102)
	at org.junit.internal.runners.statements.FailOnTimeout$1.run(FailOnTimeout.java:28)
Caused by: ptolemy.kernel.util.IllegalActionException: Found a zero delay loop containing .dependencyLoop.original
  in .dependencyLoop and .dependencyLoop.original
	at ptolemy.actor.util.CausalityInterfaceForComposites._computeOutputPortDepth(CausalityInterfaceForComposites.java:759)
	at ptolemy.actor.util.CausalityInterfaceForComposites._computeInputDepth(CausalityInterfaceForComposites.java:696)
	at ptolemy.actor.util.CausalityInterfaceForComposites._computeOutputPortDepth(CausalityInterfaceForComposites.java:765)
	at ptolemy.actor.util.CausalityInterfaceForComposites._computeInputDepth(CausalityInterfaceForComposites.java:696)
	at ptolemy.actor.util.CausalityInterfaceForComposites._computeOutputPortDepth(CausalityInterfaceForComposites.java:765)
	at ptolemy.actor.util.CausalityInterfaceForComposites._computeInputDepth(CausalityInterfaceForComposites.java:696)
	at ptolemy.actor.util.CausalityInterfaceForComposites._computeActorDepth(CausalityInterfaceForComposites.java:532)
	at ptolemy.actor.util.CausalityInterfaceForComposites.checkForCycles(CausalityInterfaceForComposites.java:96)
	at ptolemy.domains.de.kernel.DEDirector.preinitialize(DEDirector.java:1338)
	at ptolemy.actor.CompositeActor.preinitialize(CompositeActor.java:1828)
	at ptolemy.actor.Manager.preinitializeAndResolveTypes(Manager.java:1040)
	at ptolemy.actor.Manager.initialize(Manager.java:710)
	at ptolemy.actor.Manager.execute(Manager.java:356)
	at ptolemy.actor.Manager.run(Manager.java:1263)
	at ptolemy.actor.Manager$PtolemyRunThread.run(Manager.java:1933)
java.lang.RuntimeException: Execution failed
	at ptolemy.moml.MoMLSimpleApplication$UnloadThread.run(MoMLSimpleApplication.java:402)
Caused by: ptolemy.kernel.util.IllegalActionException: Found a zero delay loop containing .dependencyLoop2.original
  in .dependencyLoop2 and .dependencyLoop2.original
	at ptolemy.actor.util.CausalityInterfaceForComposites._computeOutputPortDepth(CausalityInterfaceForComposites.java:759)
	at ptolemy.actor.util.CausalityInterfaceForComposites._computeInputDepth(CausalityInterfaceForComposites.java:696)
	at ptolemy.actor.util.CausalityInterfaceForComposites._computeOutputPortDepth(CausalityInterfaceForComposites.java:765)
	at ptolemy.actor.util.CausalityInterfaceForComposites._computeInputDepth(CausalityInterfaceForComposites.java:696)
	at ptolemy.actor.util.CausalityInterfaceForComposites._computeOutputPortDepth(CausalityInterfaceForComposites.java:765)
	at ptolemy.actor.util.CausalityInterfaceForComposites._computeInputDepth(CausalityInterfaceForComposites.java:696)
	at ptolemy.actor.util.CausalityInterfaceForComposites._computeActorDepth(CausalityInterfaceForComposites.java:532)
	at ptolemy.actor.util.CausalityInterfaceForComposites.checkForCycles(CausalityInterfaceForComposites.java:96)
	at ptolemy.domains.de.kernel.DEDirector.preinitialize(DEDirector.java:1338)
	at ptolemy.actor.CompositeActor.preinitialize(CompositeActor.java:1828)
	at ptolemy.actor.Manager.preinitializeAndResolveTypes(Manager.java:1040)
	at ptolemy.actor.Manager.initialize(Manager.java:710)
	at ptolemy.actor.Manager.execute(Manager.java:356)
	at ptolemy.actor.Manager.run(Manager.java:1263)
	at ptolemy.actor.Manager$PtolemyRunThread.run(Manager.java:1933)
java.lang.reflect.InvocationTargetException
	at java.base/jdk.internal.reflect.NativeConstructorAccessorImpl.newInstance0(Native Method)
	at java.base/jdk.internal.reflect.NativeConstructorAccessorImpl.newInstance(NativeConstructorAccessorImpl.java:62)
	at java.base/jdk.internal.reflect.DelegatingConstructorAccessorImpl.newInstance(DelegatingConstructorAccessorImpl.java:45)
	at java.base/java.lang.reflect.Constructor.newInstance(Constructor.java:490)
	at ptolemy.util.test.junit.AutoKnownFailedTests.RunModel(AutoKnownFailedTests.java:105)
	at java.base/jdk.internal.reflect.NativeMethodAccessorImpl.invoke0(Native Method)
	at java.base/jdk.internal.reflect.NativeMethodAccessorImpl.invoke(NativeMethodAccessorImpl.java:62)
	at java.base/jdk.internal.reflect.DelegatingMethodAccessorImpl.invoke(DelegatingMethodAccessorImpl.java:43)
	at java.base/java.lang.reflect.Method.invoke(Method.java:566)
	at org.junit.runners.model.FrameworkMethod$1.runReflectiveCall(FrameworkMethod.java:44)
	at org.junit.internal.runners.model.ReflectiveCallable.run(ReflectiveCallable.java:15)
	at org.junit.runners.model.FrameworkMethod.invokeExplosively(FrameworkMethod.java:41)
	at junitparams.internal.InvokeParameterisedMethod.evaluate(InvokeParameterisedMethod.java:102)
	at org.junit.internal.runners.statements.FailOnTimeout$1.run(FailOnTimeout.java:28)
Caused by: ptolemy.kernel.util.IllegalActionException: Found a zero delay loop containing .dependencyLoop2.original
  in .dependencyLoop2 and .dependencyLoop2.original
	at ptolemy.actor.util.CausalityInterfaceForComposites._computeOutputPortDepth(CausalityInterfaceForComposites.java:759)
	at ptolemy.actor.util.CausalityInterfaceForComposites._computeInputDepth(CausalityInterfaceForComposites.java:696)
	at ptolemy.actor.util.CausalityInterfaceForComposites._computeOutputPortDepth(CausalityInterfaceForComposites.java:765)
	at ptolemy.actor.util.CausalityInterfaceForComposites._computeInputDepth(CausalityInterfaceForComposites.java:696)
	at ptolemy.actor.util.CausalityInterfaceForComposites._computeOutputPortDepth(CausalityInterfaceForComposites.java:765)
	at ptolemy.actor.util.CausalityInterfaceForComposites._computeInputDepth(CausalityInterfaceForComposites.java:696)
	at ptolemy.actor.util.CausalityInterfaceForComposites._computeActorDepth(CausalityInterfaceForComposites.java:532)
	at ptolemy.actor.util.CausalityInterfaceForComposites.checkForCycles(CausalityInterfaceForComposites.java:96)
	at ptolemy.domains.de.kernel.DEDirector.preinitialize(DEDirector.java:1338)
	at ptolemy.actor.CompositeActor.preinitialize(CompositeActor.java:1828)
	at ptolemy.actor.Manager.preinitializeAndResolveTypes(Manager.java:1040)
	at ptolemy.actor.Manager.initialize(Manager.java:710)
	at ptolemy.actor.Manager.execute(Manager.java:356)
	at ptolemy.actor.Manager.run(Manager.java:1263)
	at ptolemy.actor.Manager$PtolemyRunThread.run(Manager.java:1933)
]]></system-err>
</testsuite>
