<?xml version="1.0" encoding="UTF-8" ?>
<testsuite errors="0" failures="0" hostname="travis-job-0685b72a-edf7-46b6-9aae-fe179d62f38f" name="ptolemy.domains.de.test.junit.JUnitTclTest" skipped="0" tests="101" time="120.965" timestamp="2020-01-17T06:43:29">
  <properties>
[...]
</properties>
  <testcase classname="ptolemy.util.test.junit.TclTests" name="[0] /home/travis/build/icyphy/ptII/ptolemy/domains/de/test/DependencyLoop.tcl (RunTclFile)" time="0.929" />
  <testcase classname="ptolemy.util.test.junit.TclTests" name="[1] /home/travis/build/icyphy/ptII/ptolemy/domains/de/test/RunDETestsAsQSS.tcl (RunTclFile)" time="81.563" />
  <testcase classname="ptolemy.util.test.junit.AutoKnownFailedTests" name="[0] /home/travis/build/icyphy/ptII/ptolemy/domains/de/test/auto/knownFailedTests/DESDFClockTest.xml (RunModel)" time="2.036" />
  <testcase classname="ptolemy.util.test.junit.AutoKnownFailedTests" name="[1] /home/travis/build/icyphy/ptII/ptolemy/domains/de/test/auto/knownFailedTests/DirectFeedback.xml (RunModel)" time="0.016" />
  <testcase classname="ptolemy.util.test.junit.AutoKnownFailedTests" name="[2] /home/travis/build/icyphy/ptII/ptolemy/domains/de/test/auto/knownFailedTests/FSMSource.xml (RunModel)" time="0.026" />
  <testcase classname="ptolemy.util.test.junit.AutoKnownFailedTests" name="[3] /home/travis/build/icyphy/ptII/ptolemy/domains/de/test/auto/knownFailedTests/HierarchicalModel.xml (RunModel)" time="0.042" />
  <testcase classname="ptolemy.util.test.junit.AutoKnownFailedTests" name="[4] /home/travis/build/icyphy/ptII/ptolemy/domains/de/test/auto/knownFailedTests/dependencyLoop.xml (RunModel)" time="0.041" />
  <testcase classname="ptolemy.util.test.junit.AutoKnownFailedTests" name="[5] /home/travis/build/icyphy/ptII/ptolemy/domains/de/test/auto/knownFailedTests/dependencyLoop2.xml (RunModel)" time="0.043" />
  <testcase classname="ptolemy.util.test.junit.AutoNameArchTests" name="[0] ThereAreNoAutoArchTests (RunModel)" time="0.001" />
  <testcase classname="ptolemy.util.test.junit.AutoTests" name="[0] /home/travis/build/icyphy/ptII/ptolemy/domains/de/test/auto/ActorDepthCalculation_actorWithoutPorts.xml (RunModel)" time="0.022" />
  <testcase classname="ptolemy.util.test.junit.AutoTests" name="[1] /home/travis/build/icyphy/ptII/ptolemy/domains/de/test/auto/AssemblyLine.xml (RunModel)" time="0.021" />
  <testcase classname="ptolemy.util.test.junit.AutoTests" name="[2] /home/travis/build/icyphy/ptII/ptolemy/domains/de/test/auto/CQBug1.xml (RunModel)" time="0.01" />
  <testcase classname="ptolemy.util.test.junit.AutoTests" name="[3] /home/travis/build/icyphy/ptII/ptolemy/domains/de/test/auto/CancelFireAt.xml (RunModel)" time="0.023" />
  <testcase classname="ptolemy.util.test.junit.AutoTests" name="[4] /home/travis/build/icyphy/ptII/ptolemy/domains/de/test/auto/CausalityAndComposabilityAnalysis.xml (RunModel)" time="0.019" />
  <testcase classname="ptolemy.util.test.junit.AutoTests" name="[5] /home/travis/build/icyphy/ptII/ptolemy/domains/de/test/auto/CausalityInterface1.xml (RunModel)" time="0.017" />
  <testcase classname="ptolemy.util.test.junit.AutoTests" name="[6] /home/travis/build/icyphy/ptII/ptolemy/domains/de/test/auto/CausalityInterface15.xml (RunModel)" time="0.016" />
  <testcase classname="ptolemy.util.test.junit.AutoTests" name="[7] /home/travis/build/icyphy/ptII/ptolemy/domains/de/test/auto/CausalityInterface2.xml (RunModel)" time="0.013" />
  <testcase classname="ptolemy.util.test.junit.AutoTests" name="[8] /home/travis/build/icyphy/ptII/ptolemy/domains/de/test/auto/CausalityInterface3.xml (RunModel)" time="0.011" />
  <testcase classname="ptolemy.util.test.junit.AutoTests" name="[9] /home/travis/build/icyphy/ptII/ptolemy/domains/de/test/auto/ClockDrift.xml (RunModel)" time="0.036" />
  <testcase classname="ptolemy.util.test.junit.AutoTests" name="[10] /home/travis/build/icyphy/ptII/ptolemy/domains/de/test/auto/ClockDriftAndValueChange.xml (RunModel)" time="0.028" />
  <testcase classname="ptolemy.util.test.junit.AutoTests" name="[11] /home/travis/build/icyphy/ptII/ptolemy/domains/de/test/auto/ClockDriftChange.xml (RunModel)" time="0.032" />
  <testcase classname="ptolemy.util.test.junit.AutoTests" name="[12] /home/travis/build/icyphy/ptII/ptolemy/domains/de/test/auto/ComposableCausalityAnalysis.xml (RunModel)" time="0.019" />
  <testcase classname="ptolemy.util.test.junit.AutoTests" name="[13] /home/travis/build/icyphy/ptII/ptolemy/domains/de/test/auto/DEFixedPointLimitation.xml (RunModel)" time="0.009" />
  <testcase classname="ptolemy.util.test.junit.AutoTests" name="[14] /home/travis/build/icyphy/ptII/ptolemy/domains/de/test/auto/DEScheduleTest.xml (RunModel)" time="0.013" />
  <testcase classname="ptolemy.util.test.junit.AutoTests" name="[15] /home/travis/build/icyphy/ptII/ptolemy/domains/de/test/auto/DEinDEwithStartTimes.xml (RunModel)" time="0.014" />
  <testcase classname="ptolemy.util.test.junit.AutoTests" name="[16] /home/travis/build/icyphy/ptII/ptolemy/domains/de/test/auto/DEinDEwithStartTimes2.xml (RunModel)" time="0.018" />
  <testcase classname="ptolemy.util.test.junit.AutoTests" name="[17] /home/travis/build/icyphy/ptII/ptolemy/domains/de/test/auto/DateDemo.xml (RunModel)" time="0.026" />
  <testcase classname="ptolemy.util.test.junit.AutoTests" name="[18] /home/travis/build/icyphy/ptII/ptolemy/domains/de/test/auto/DateToEvent.xml (RunModel)" time="2.041" />
  <testcase classname="ptolemy.util.test.junit.AutoTests" name="[19] /home/travis/build/icyphy/ptII/ptolemy/domains/de/test/auto/DepthTest1.xml (RunModel)" time="0.015" />
  <testcase classname="ptolemy.util.test.junit.AutoTests" name="[20] /home/travis/build/icyphy/ptII/ptolemy/domains/de/test/auto/DepthTest2.xml (RunModel)" time="0.018" />
  <testcase classname="ptolemy.util.test.junit.AutoTests" name="[21] /home/travis/build/icyphy/ptII/ptolemy/domains/de/test/auto/DepthTest3.xml (RunModel)" time="0.008" />
  <testcase classname="ptolemy.util.test.junit.AutoTests" name="[22] /home/travis/build/icyphy/ptII/ptolemy/domains/de/test/auto/DepthTest4.xml (RunModel)" time="0.014" />
  <testcase classname="ptolemy.util.test.junit.AutoTests" name="[23] /home/travis/build/icyphy/ptII/ptolemy/domains/de/test/auto/DepthTest5.xml (RunModel)" time="0.012" />
  <testcase classname="ptolemy.util.test.junit.AutoTests" name="[24] /home/travis/build/icyphy/ptII/ptolemy/domains/de/test/auto/DepthTest6.xml (RunModel)" time="0.014" />
  <testcase classname="ptolemy.util.test.junit.AutoTests" name="[25] /home/travis/build/icyphy/ptII/ptolemy/domains/de/test/auto/DepthTest7.xml (RunModel)" time="0.017" />
  <testcase classname="ptolemy.util.test.junit.AutoTests" name="[26] /home/travis/build/icyphy/ptII/ptolemy/domains/de/test/auto/EventToDate.xml (RunModel)" time="3.031" />
  <testcase classname="ptolemy.util.test.junit.AutoTests" name="[27] /home/travis/build/icyphy/ptII/ptolemy/domains/de/test/auto/FSM1.xml (RunModel)" time="0.065" />
  <testcase classname="ptolemy.util.test.junit.AutoTests" name="[28] /home/travis/build/icyphy/ptII/ptolemy/domains/de/test/auto/FSM7.xml (RunModel)" time="0.042" />
  <testcase classname="ptolemy.util.test.junit.AutoTests" name="[29] /home/travis/build/icyphy/ptII/ptolemy/domains/de/test/auto/Inspection.xml (RunModel)" time="0.038" />
  <testcase classname="ptolemy.util.test.junit.AutoTests" name="[30] /home/travis/build/icyphy/ptII/ptolemy/domains/de/test/auto/Iteration.xml (RunModel)" time="0.022" />
  <testcase classname="ptolemy.util.test.junit.AutoTests" name="[31] /home/travis/build/icyphy/ptII/ptolemy/domains/de/test/auto/LineFault.xml (RunModel)" time="0.609" />
  <testcase classname="ptolemy.util.test.junit.AutoTests" name="[32] /home/travis/build/icyphy/ptII/ptolemy/domains/de/test/auto/MergeModel1Add.xml (RunModel)" time="0.047" />
  <testcase classname="ptolemy.util.test.junit.AutoTests" name="[33] /home/travis/build/icyphy/ptII/ptolemy/domains/de/test/auto/MergeModel2Add.xml (RunModel)" time="0.033" />
  <testcase classname="ptolemy.util.test.junit.AutoTests" name="[34] /home/travis/build/icyphy/ptII/ptolemy/domains/de/test/auto/MergeModel3Add.xml (RunModel)" time="0.043" />
  <testcase classname="ptolemy.util.test.junit.AutoTests" name="[35] /home/travis/build/icyphy/ptII/ptolemy/domains/de/test/auto/MergeWithoutDiscard.xml (RunModel)" time="0.012" />
  <testcase classname="ptolemy.util.test.junit.AutoTests" name="[36] /home/travis/build/icyphy/ptII/ptolemy/domains/de/test/auto/Modal1.xml (RunModel)" time="0.031" />
  <testcase classname="ptolemy.util.test.junit.AutoTests" name="[37] /home/travis/build/icyphy/ptII/ptolemy/domains/de/test/auto/Modal2.xml (RunModel)" time="0.026" />
  <testcase classname="ptolemy.util.test.junit.AutoTests" name="[38] /home/travis/build/icyphy/ptII/ptolemy/domains/de/test/auto/Modal3.xml (RunModel)" time="0.034" />
  <testcase classname="ptolemy.util.test.junit.AutoTests" name="[39] /home/travis/build/icyphy/ptII/ptolemy/domains/de/test/auto/Modal4.xml (RunModel)" time="0.028" />
  <testcase classname="ptolemy.util.test.junit.AutoTests" name="[40] /home/travis/build/icyphy/ptII/ptolemy/domains/de/test/auto/Modal5.xml (RunModel)" time="0.028" />
  <testcase classname="ptolemy.util.test.junit.AutoTests" name="[41] /home/travis/build/icyphy/ptII/ptolemy/domains/de/test/auto/Modal6.xml (RunModel)" time="0.024" />
  <testcase classname="ptolemy.util.test.junit.AutoTests" name="[42] /home/travis/build/icyphy/ptII/ptolemy/domains/de/test/auto/Modal7.xml (RunModel)" time="0.029" />
  <testcase classname="ptolemy.util.test.junit.AutoTests" name="[43] /home/travis/build/icyphy/ptII/ptolemy/domains/de/test/auto/ModalModel.xml (RunModel)" time="0.149" />
  <testcase classname="ptolemy.util.test.junit.AutoTests" name="[44] /home/travis/build/icyphy/ptII/ptolemy/domains/de/test/auto/ModalSource.xml (RunModel)" time="0.021" />
  <testcase classname="ptolemy.util.test.junit.AutoTests" name="[45] /home/travis/build/icyphy/ptII/ptolemy/domains/de/test/auto/NonInterruptibleTimerZeroDelay.xml (RunModel)" time="0.01" />
  <testcase classname="ptolemy.util.test.junit.AutoTests" name="[46] /home/travis/build/icyphy/ptII/ptolemy/domains/de/test/auto/OpenQueueingNetwork.xml (RunModel)" time="2.225" />
  <testcase classname="ptolemy.util.test.junit.AutoTests" name="[47] /home/travis/build/icyphy/ptII/ptolemy/domains/de/test/auto/OpenQueuingNetwork.xml (RunModel)" time="0.257" />
  <testcase classname="ptolemy.util.test.junit.AutoTests" name="[48] /home/travis/build/icyphy/ptII/ptolemy/domains/de/test/auto/PeriodicSampler.xml (RunModel)" time="0.012" />
  <testcase classname="ptolemy.util.test.junit.AutoTests" name="[49] /home/travis/build/icyphy/ptII/ptolemy/domains/de/test/auto/PersistentIO.xml (RunModel)" time="0.018" />
  <testcase classname="ptolemy.util.test.junit.AutoTests" name="[50] /home/travis/build/icyphy/ptII/ptolemy/domains/de/test/auto/PortParameterResetOnInitialize.xml (RunModel)" time="0.012" />
  <testcase classname="ptolemy.util.test.junit.AutoTests" name="[51] /home/travis/build/icyphy/ptII/ptolemy/domains/de/test/auto/PortParameterUpdates.xml (RunModel)" time="0.012" />
  <testcase classname="ptolemy.util.test.junit.AutoTests" name="[52] /home/travis/build/icyphy/ptII/ptolemy/domains/de/test/auto/QueueAndServer.xml (RunModel)" time="0.019" />
  <testcase classname="ptolemy.util.test.junit.AutoTests" name="[53] /home/travis/build/icyphy/ptII/ptolemy/domains/de/test/auto/Records.xml (RunModel)" time="0.018" />
  <testcase classname="ptolemy.util.test.junit.AutoTests" name="[54] /home/travis/build/icyphy/ptII/ptolemy/domains/de/test/auto/ResetTransitionWithStartTime1.xml (RunModel)" time="0.016" />
  <testcase classname="ptolemy.util.test.junit.AutoTests" name="[55] /home/travis/build/icyphy/ptII/ptolemy/domains/de/test/auto/ResetTransitionWithStartTime2.xml (RunModel)" time="0.017" />
  <testcase classname="ptolemy.util.test.junit.AutoTests" name="[56] /home/travis/build/icyphy/ptII/ptolemy/domains/de/test/auto/ResetTransitionWithStartTime3.xml (RunModel)" time="0.016" />
  <testcase classname="ptolemy.util.test.junit.AutoTests" name="[57] /home/travis/build/icyphy/ptII/ptolemy/domains/de/test/auto/ResetTransitionWithStartTime4.xml (RunModel)" time="0.015" />
  <testcase classname="ptolemy.util.test.junit.AutoTests" name="[58] /home/travis/build/icyphy/ptII/ptolemy/domains/de/test/auto/ResettableTimer1.xml (RunModel)" time="0.014" />
  <testcase classname="ptolemy.util.test.junit.AutoTests" name="[59] /home/travis/build/icyphy/ptII/ptolemy/domains/de/test/auto/ResettableTimer2.xml (RunModel)" time="0.009" />
  <testcase classname="ptolemy.util.test.junit.AutoTests" name="[60] /home/travis/build/icyphy/ptII/ptolemy/domains/de/test/auto/ResettableTimer3.xml (RunModel)" time="0.009" />
  <testcase classname="ptolemy.util.test.junit.AutoTests" name="[61] /home/travis/build/icyphy/ptII/ptolemy/domains/de/test/auto/ResettableTimer4.xml (RunModel)" time="0.011" />
  <testcase classname="ptolemy.util.test.junit.AutoTests" name="[62] /home/travis/build/icyphy/ptII/ptolemy/domains/de/test/auto/ResettableTimer5.xml (RunModel)" time="0.01" />
  <testcase classname="ptolemy.util.test.junit.AutoTests" name="[63] /home/travis/build/icyphy/ptII/ptolemy/domains/de/test/auto/ResettableTimer6.xml (RunModel)" time="0.019" />
  <testcase classname="ptolemy.util.test.junit.AutoTests" name="[64] /home/travis/build/icyphy/ptII/ptolemy/domains/de/test/auto/ServerZeroDelay.xml (RunModel)" time="0.012" />
  <testcase classname="ptolemy.util.test.junit.AutoTests" name="[65] /home/travis/build/icyphy/ptII/ptolemy/domains/de/test/auto/SmartSender.xml (RunModel)" time="3.011" />
  <testcase classname="ptolemy.util.test.junit.AutoTests" name="[66] /home/travis/build/icyphy/ptII/ptolemy/domains/de/test/auto/ThreadedComposite.xml (RunModel)" time="0.113" />
  <testcase classname="ptolemy.util.test.junit.AutoTests" name="[67] /home/travis/build/icyphy/ptII/ptolemy/domains/de/test/auto/Time.xml (RunModel)" time="0.348" />
  <testcase classname="ptolemy.util.test.junit.AutoTests" name="[68] /home/travis/build/icyphy/ptII/ptolemy/domains/de/test/auto/TimeDelayZeroDelay.xml (RunModel)" time="0.019" />
  <testcase classname="ptolemy.util.test.junit.AutoTests" name="[69] /home/travis/build/icyphy/ptII/ptolemy/domains/de/test/auto/TimerZeroDelay.xml (RunModel)" time="0.012" />
  <testcase classname="ptolemy.util.test.junit.AutoTests" name="[70] /home/travis/build/icyphy/ptII/ptolemy/domains/de/test/auto/TimingParadox.xml (RunModel)" time="0.304" />
  <testcase classname="ptolemy.util.test.junit.AutoTests" name="[71] /home/travis/build/icyphy/ptII/ptolemy/domains/de/test/auto/TransferInputs.xml (RunModel)" time="0.015" />
  <testcase classname="ptolemy.util.test.junit.AutoTests" name="[72] /home/travis/build/icyphy/ptII/ptolemy/domains/de/test/auto/TransferOutputs2.xml (RunModel)" time="0.015" />
  <testcase classname="ptolemy.util.test.junit.AutoTests" name="[73] /home/travis/build/icyphy/ptII/ptolemy/domains/de/test/auto/Trilateration.xml (RunModel)" time="10.58" />
  <testcase classname="ptolemy.util.test.junit.AutoTests" name="[74] /home/travis/build/icyphy/ptII/ptolemy/domains/de/test/auto/TwoSigmaDelta.xml (RunModel)" time="1.764" />
  <testcase classname="ptolemy.util.test.junit.AutoTests" name="[75] /home/travis/build/icyphy/ptII/ptolemy/domains/de/test/auto/VariableDelay.xml (RunModel)" time="0.013" />
  <testcase classname="ptolemy.util.test.junit.AutoTests" name="[76] /home/travis/build/icyphy/ptII/ptolemy/domains/de/test/auto/VariableDelay2.xml (RunModel)" time="0.008" />
  <testcase classname="ptolemy.util.test.junit.AutoTests" name="[77] /home/travis/build/icyphy/ptII/ptolemy/domains/de/test/auto/VariableDelayZeroDelay.xml (RunModel)" time="0.011" />
  <testcase classname="ptolemy.util.test.junit.AutoTests" name="[78] /home/travis/build/icyphy/ptII/ptolemy/domains/de/test/auto/VariableDelayZeroDelay2.xml (RunModel)" time="0.008" />
  <testcase classname="ptolemy.util.test.junit.AutoTests" name="[79] /home/travis/build/icyphy/ptII/ptolemy/domains/de/test/auto/deInCt.xml (RunModel)" time="0.014" />
  <testcase classname="ptolemy.util.test.junit.AutoTests" name="[80] /home/travis/build/icyphy/ptII/ptolemy/domains/de/test/auto/deInCt2.xml (RunModel)" time="0.01" />
  <testcase classname="ptolemy.util.test.junit.AutoTests" name="[81] /home/travis/build/icyphy/ptII/ptolemy/domains/de/test/auto/dynamicCausalityInterface1.xml (RunModel)" time="0.015" />
  <testcase classname="ptolemy.util.test.junit.AutoTests" name="[82] /home/travis/build/icyphy/ptII/ptolemy/domains/de/test/auto/fsm_de_test.xml (RunModel)" time="0.022" />
  <testcase classname="ptolemy.util.test.junit.AutoTests" name="[83] /home/travis/build/icyphy/ptII/ptolemy/domains/de/test/auto/functionDependencyReconstruction.xml (RunModel)" time="0.028" />
  <testcase classname="ptolemy.util.test.junit.AutoTests" name="[84] /home/travis/build/icyphy/ptII/ptolemy/domains/de/test/auto/multirate.xml (RunModel)" time="0.014" />
  <testcase classname="ptolemy.util.test.junit.AutoTests" name="[85] /home/travis/build/icyphy/ptII/ptolemy/domains/de/test/auto/multirate2.xml (RunModel)" time="0.014" />
  <testcase classname="ptolemy.util.test.junit.AutoTests" name="[86] /home/travis/build/icyphy/ptII/ptolemy/domains/de/test/auto/realtime.xml (RunModel)" time="10.008" />
  <testcase classname="ptolemy.util.test.junit.AutoTests" name="[87] /home/travis/build/icyphy/ptII/ptolemy/domains/de/test/auto/relationGroup.xml (RunModel)" time="0.013" />
  <testcase classname="ptolemy.util.test.junit.AutoTests" name="[88] /home/travis/build/icyphy/ptII/ptolemy/domains/de/test/auto/relationGroup2.xml (RunModel)" time="0.011" />
  <testcase classname="ptolemy.util.test.junit.AutoTests" name="[89] /home/travis/build/icyphy/ptII/ptolemy/domains/de/test/auto/sortWithOpaquePorts.xml (RunModel)" time="0.015" />
  <testcase classname="ptolemy.util.test.junit.AutoTests" name="[90] /home/travis/build/icyphy/ptII/ptolemy/domains/de/test/auto/transferInputsandOutputs.xml (RunModel)" time="0.016" />
  <testcase classname="ptolemy.util.test.junit.AutoTests" name="[91] /home/travis/build/icyphy/ptII/ptolemy/domains/de/test/auto/triggerType.xml (RunModel)" time="0.008" />
  <system-out><![CDATA[/home/travis/build/icyphy/ptII/ptolemy/domains/de/test/DependencyLoop.tcl
testDefs.tcl: setting time out to 9000 seconds at Fri Jan 17 06:43:29 UTC 2020
64 ms. Memory: 129024K Free: 79302K (61%)
27 ms. Memory: 129024K Free: 61879K (48%)
/home/travis/build/icyphy/ptII/ptolemy/domains/de/test/RunDETestsAsQSS.tcl
Run the DE tests using ptolemy.domains.qss.test.QSSDirectorTest, which extends QSSDirector and prints a message in the constructors.
------------------ testing $PTII/ptolemy/domains/de/test/auto/knownFailedTests/DirectFeedback.xml (Known Failure) 
53 ms. Memory: 129024K Free: 55750K (43%)


==== $PTIIhome/travis/build/icyphy/ptII/ptolemy/domains/de/test/../../../../: Auto Automatic test in file $PTII/ptolemy/domains/de/test/auto/knownFailedTests/DirectFeedback.xml
==== Contents of test case:

	    # FIXME: we should use $relativeFilename here, but it
	    # might have backslashes under Windows, which causes no end
	    # of trouble.
	    createAndExecute $file
	    list {}
	
.... Test generated KNOWN error:
    while executing
ptolemy.kernel.util.IllegalActionException: Test fails in iteration 1.
Value was: 1.0. Should have been: 2.0
  in .DirectFeedback.Test
	at ptolemy.actor.lib.Test.fire(Test.java:268)
	at ptolemy.domains.de.kernel.DEDirector._fire(DEDirector.java:1949)
	at ptolemy.domains.de.kernel.DEDirector.fire(DEDirector.java:502)
	at ptolemy.actor.CompositeActor.fire(CompositeActor.java:455)
	at ptolemy.actor.Manager.iterate(Manager.java:851)
	at ptolemy.actor.Manager.execute(Manager.java:369)
	at ptolemy.actor.Manager.run(Manager.java:1263)
	at ptolemy.actor.Manager$PtolemyRunThread.run(Manager.java:1933)

    while executing
ptolemy.kernel.util.IllegalActionException: Test fails in iteration 1.
Value was: 1.0. Should have been: 2.0
  in .DirectFeedback.Test
    while executing
"java::new ptolemy.moml.MoMLSimpleApplication $file
"
    (procedure "createAndExecute" line 2)
    invoked from within
"createAndExecute $file"
    ("uplevel" body line 5)
    invoked from within
"uplevel $contents_of_test"
------------------ testing $PTII/ptolemy/domains/de/test/auto/knownFailedTests/dependencyLoop.xml (Known Failure) 
15 ms. Memory: 129024K Free: 52678K (41%)


==== $PTIIhome/travis/build/icyphy/ptII/ptolemy/domains/de/test/../../../../: Auto Automatic test in file $PTII/ptolemy/domains/de/test/auto/knownFailedTests/dependencyLoop.xml
==== Contents of test case:

	    # FIXME: we should use $relativeFilename here, but it
	    # might have backslashes under Windows, which causes no end
	    # of trouble.
	    createAndExecute $file
	    list {}
	
.... Test generated KNOWN error:
    while executing
ptolemy.kernel.util.IllegalActionException: Found a zero delay loop containing .dependencyLoop.original
  in .dependencyLoop and .dependencyLoop.original
	at ptolemy.actor.util.CausalityInterfaceForComposites._computeOutputPortDepth(CausalityInterfaceForComposites.java:759)
	at ptolemy.actor.util.CausalityInterfaceForComposites._computeInputDepth(CausalityInterfaceForComposites.java:696)
	at ptolemy.actor.util.CausalityInterfaceForComposites._computeOutputPortDepth(CausalityInterfaceForComposites.java:765)
	at ptolemy.actor.util.CausalityInterfaceForComposites._computeInputDepth(CausalityInterfaceForComposites.java:696)
	at ptolemy.actor.util.CausalityInterfaceForComposites._computeOutputPortDepth(CausalityInterfaceForComposites.java:765)
	at ptolemy.actor.util.CausalityInterfaceForComposites._computeInputDepth(CausalityInterfaceForComposites.java:696)
	at ptolemy.actor.util.CausalityInterfaceForComposites._computeActorDepth(CausalityInterfaceForComposites.java:532)
	at ptolemy.actor.util.CausalityInterfaceForComposites.checkForCycles(CausalityInterfaceForComposites.java:96)
	at ptolemy.domains.de.kernel.DEDirector.preinitialize(DEDirector.java:1338)
	at ptolemy.actor.CompositeActor.preinitialize(CompositeActor.java:1828)
	at ptolemy.actor.Manager.preinitializeAndResolveTypes(Manager.java:1040)
	at ptolemy.actor.Manager.initialize(Manager.java:710)
	at ptolemy.actor.Manager.execute(Manager.java:356)
	at ptolemy.actor.Manager.run(Manager.java:1263)
	at ptolemy.actor.Manager$PtolemyRunThread.run(Manager.java:1933)

    while executing
ptolemy.kernel.util.IllegalActionException: Found a zero delay loop containing .dependencyLoop.original
  in .dependencyLoop and .dependencyLoop.original
    while executing
"java::new ptolemy.moml.MoMLSimpleApplication $file
"
    (procedure "createAndExecute" line 2)
    invoked from within
"createAndExecute $file"
    ("uplevel" body line 5)
    invoked from within
"uplevel $contents_of_test"
------------------ testing $PTII/ptolemy/domains/de/test/auto/knownFailedTests/FSMSource.xml (Known Failure) 
60 ms. Memory: 129024K Free: 110614K (86%)
!!!! Auto was marked as failing, but now passes
------------------ testing $PTII/ptolemy/domains/de/test/auto/knownFailedTests/HierarchicalModel.xml (Known Failure) 
4 ms. Memory: 129024K Free: 93514K (72%)


==== $PTIIhome/travis/build/icyphy/ptII/ptolemy/domains/de/test/../../../../: Auto Automatic test in file $PTII/ptolemy/domains/de/test/auto/knownFailedTests/HierarchicalModel.xml
==== Contents of test case:

	    # FIXME: we should use $relativeFilename here, but it
	    # might have backslashes under Windows, which causes no end
	    # of trouble.
	    createAndExecute $file
	    list {}
	
.... Test generated KNOWN error:
    while executing
ptolemy.kernel.util.IllegalActionException: Found a zero delay loop containing .HierarchicalModel.A
  in .HierarchicalModel and .HierarchicalModel.A
	at ptolemy.actor.util.CausalityInterfaceForComposites._computeOutputPortDepth(CausalityInterfaceForComposites.java:759)
	at ptolemy.actor.util.CausalityInterfaceForComposites._computeInputDepth(CausalityInterfaceForComposites.java:696)
	at ptolemy.actor.util.CausalityInterfaceForComposites._computeOutputPortDepth(CausalityInterfaceForComposites.java:765)
	at ptolemy.actor.util.CausalityInterfaceForComposites._computeInputDepth(CausalityInterfaceForComposites.java:696)
	at ptolemy.actor.util.CausalityInterfaceForComposites._computeOutputPortDepth(CausalityInterfaceForComposites.java:765)
	at ptolemy.actor.util.CausalityInterfaceForComposites._computeInputDepth(CausalityInterfaceForComposites.java:696)
	at ptolemy.actor.util.CausalityInterfaceForComposites._computeActorDepth(CausalityInterfaceForComposites.java:532)
	at ptolemy.actor.util.CausalityInterfaceForComposites.checkForCycles(CausalityInterfaceForComposites.java:96)
	at ptolemy.domains.de.kernel.DEDirector.preinitialize(DEDirector.java:1338)
	at ptolemy.actor.CompositeActor.preinitialize(CompositeActor.java:1828)
	at ptolemy.actor.Manager.preinitializeAndResolveTypes(Manager.java:1040)
	at ptolemy.actor.Manager.initialize(Manager.java:710)
	at ptolemy.actor.Manager.execute(Manager.java:356)
	at ptolemy.actor.Manager.run(Manager.java:1263)
	at ptolemy.actor.Manager$PtolemyRunThread.run(Manager.java:1933)

    while executing
ptolemy.kernel.util.IllegalActionException: Found a zero delay loop containing .HierarchicalModel.A
  in .HierarchicalModel and .HierarchicalModel.A
    while executing
"java::new ptolemy.moml.MoMLSimpleApplication $file
"
    (procedure "createAndExecute" line 2)
    invoked from within
"createAndExecute $file"
    ("uplevel" body line 5)
    invoked from within
"uplevel $contents_of_test"
------------------ testing $PTII/ptolemy/domains/de/test/auto/knownFailedTests/dependencyLoop2.xml (Known Failure) 
4 ms. Memory: 129024K Free: 77471K (60%)


==== $PTIIhome/travis/build/icyphy/ptII/ptolemy/domains/de/test/../../../../: Auto Automatic test in file $PTII/ptolemy/domains/de/test/auto/knownFailedTests/dependencyLoop2.xml
==== Contents of test case:

	    # FIXME: we should use $relativeFilename here, but it
	    # might have backslashes under Windows, which causes no end
	    # of trouble.
	    createAndExecute $file
	    list {}
	
.... Test generated KNOWN error:
    while executing
ptolemy.kernel.util.IllegalActionException: Found a zero delay loop containing .dependencyLoop2.original
  in .dependencyLoop2 and .dependencyLoop2.original
	at ptolemy.actor.util.CausalityInterfaceForComposites._computeOutputPortDepth(CausalityInterfaceForComposites.java:759)
	at ptolemy.actor.util.CausalityInterfaceForComposites._computeInputDepth(CausalityInterfaceForComposites.java:696)
	at ptolemy.actor.util.CausalityInterfaceForComposites._computeOutputPortDepth(CausalityInterfaceForComposites.java:765)
	at ptolemy.actor.util.CausalityInterfaceForComposites._computeInputDepth(CausalityInterfaceForComposites.java:696)
	at ptolemy.actor.util.CausalityInterfaceForComposites._computeOutputPortDepth(CausalityInterfaceForComposites.java:765)
	at ptolemy.actor.util.CausalityInterfaceForComposites._computeInputDepth(CausalityInterfaceForComposites.java:696)
	at ptolemy.actor.util.CausalityInterfaceForComposites._computeActorDepth(CausalityInterfaceForComposites.java:532)
	at ptolemy.actor.util.CausalityInterfaceForComposites.checkForCycles(CausalityInterfaceForComposites.java:96)
	at ptolemy.domains.de.kernel.DEDirector.preinitialize(DEDirector.java:1338)
	at ptolemy.actor.CompositeActor.preinitialize(CompositeActor.java:1828)
	at ptolemy.actor.Manager.preinitializeAndResolveTypes(Manager.java:1040)
	at ptolemy.actor.Manager.initialize(Manager.java:710)
	at ptolemy.actor.Manager.execute(Manager.java:356)
	at ptolemy.actor.Manager.run(Manager.java:1263)
	at ptolemy.actor.Manager$PtolemyRunThread.run(Manager.java:1933)

    while executing
ptolemy.kernel.util.IllegalActionException: Found a zero delay loop containing .dependencyLoop2.original
  in .dependencyLoop2 and .dependencyLoop2.original
    while executing
"java::new ptolemy.moml.MoMLSimpleApplication $file
"
    (procedure "createAndExecute" line 2)
    invoked from within
"createAndExecute $file"
    ("uplevel" body line 5)
    invoked from within
"uplevel $contents_of_test"
------------------ testing $PTII/ptolemy/domains/de/test/auto/knownFailedTests/DESDFClockTest.xml (Known Failure) 
2043 ms. Memory: 129024K Free: 107805K (84%)


==== $PTIIhome/travis/build/icyphy/ptII/ptolemy/domains/de/test/../../../../: Auto Automatic test in file $PTII/ptolemy/domains/de/test/auto/knownFailedTests/DESDFClockTest.xml
==== Contents of test case:

	    # FIXME: we should use $relativeFilename here, but it
	    # might have backslashes under Windows, which causes no end
	    # of trouble.
	    createAndExecute $file
	    list {}
	
.... Test generated KNOWN error:
    while executing
ptolemy.kernel.util.IllegalActionException: Actor is not ready to fire.  Perhaps UpSample.prefire() returned false? Try debugging the actor by selecting "Listen to Actor".  Also, for SDF check moml for tokenConsumptionRate on input.
  in .DESDFClockTest.Play Bell.Copy1:SDF Director and .DESDFClockTest.Play Bell.UpSample
	at ptolemy.actor.sched.StaticSchedulingDirector.fire(StaticSchedulingDirector.java:227)
	at ptolemy.domains.sdf.kernel.SDFDirector.fire(SDFDirector.java:500)
	at ptolemy.actor.CompositeActor.fire(CompositeActor.java:455)
	at ptolemy.domains.de.kernel.DEDirector._fire(DEDirector.java:1949)
	at ptolemy.domains.de.kernel.DEDirector.fire(DEDirector.java:502)
	at ptolemy.actor.CompositeActor.fire(CompositeActor.java:455)
	at ptolemy.actor.Manager.iterate(Manager.java:851)
	at ptolemy.actor.Manager.execute(Manager.java:369)
	at ptolemy.actor.Manager.run(Manager.java:1263)
	at ptolemy.actor.Manager$PtolemyRunThread.run(Manager.java:1933)

    while executing
ptolemy.kernel.util.IllegalActionException: Actor is not ready to fire.  Perhaps UpSample.prefire() returned false? Try debugging the actor by selecting "Listen to Actor".  Also, for SDF check moml for tokenConsumptionRate on input.
  in .DESDFClockTest.Play Bell.Copy1:SDF Director and .DESDFClockTest.Play Bell.UpSample
    while executing
"java::new ptolemy.moml.MoMLSimpleApplication $file
"
    (procedure "createAndExecute" line 2)
    invoked from within
"createAndExecute $file"
    ("uplevel" body line 5)
    invoked from within
"uplevel $contents_of_test"
------------------ testing $PTII/ptolemy/domains/de/test/auto/ActorDepthCalculation_actorWithoutPorts.xml
auto.tcl: Setting watchdog for 200 seconds at Fri Jan 17 06:43:32 UTC 2020
5 ms. Memory: 129024K Free: 100623K (78%)
ptolemy.util.test.WatchDog.cancel(): canceling Fri Jan 17 06:43:32 UTC 2020
auto.tcl: Setting watchdog for 200 seconds at Fri Jan 17 06:43:32 UTC 2020
4 ms. Memory: 129024K Free: 99103K (77%)
ptolemy.util.test.WatchDog.cancel(): canceling Fri Jan 17 06:43:32 UTC 2020
------------------ testing $PTII/ptolemy/domains/de/test/auto/AssemblyLine.xml
auto.tcl: Setting watchdog for 200 seconds at Fri Jan 17 06:43:33 UTC 2020
8 ms. Memory: 51200K Free: 27778K (54%)
ptolemy.util.test.WatchDog.cancel(): canceling Fri Jan 17 06:43:33 UTC 2020
auto.tcl: Setting watchdog for 200 seconds at Fri Jan 17 06:43:33 UTC 2020
12 ms. Memory: 51200K Free: 27307K (53%)
ptolemy.util.test.WatchDog.cancel(): canceling Fri Jan 17 06:43:33 UTC 2020
------------------ testing $PTII/ptolemy/domains/de/test/auto/CQBug1.xml
auto.tcl: Setting watchdog for 200 seconds at Fri Jan 17 06:43:33 UTC 2020
2 ms. Memory: 51200K Free: 33273K (65%)
ptolemy.util.test.WatchDog.cancel(): canceling Fri Jan 17 06:43:33 UTC 2020
auto.tcl: Setting watchdog for 200 seconds at Fri Jan 17 06:43:33 UTC 2020
2 ms. Memory: 51200K Free: 33273K (65%)
ptolemy.util.test.WatchDog.cancel(): canceling Fri Jan 17 06:43:33 UTC 2020
------------------ testing $PTII/ptolemy/domains/de/test/auto/CancelFireAt.xml
auto.tcl: Setting watchdog for 200 seconds at Fri Jan 17 06:43:33 UTC 2020
3 ms. Memory: 48128K Free: 31656K (66%)
ptolemy.util.test.WatchDog.cancel(): canceling Fri Jan 17 06:43:33 UTC 2020
auto.tcl: Setting watchdog for 200 seconds at Fri Jan 17 06:43:33 UTC 2020
1 ms. Memory: 48128K Free: 31120K (65%)
ptolemy.util.test.WatchDog.cancel(): canceling Fri Jan 17 06:43:33 UTC 2020
------------------ testing $PTII/ptolemy/domains/de/test/auto/CausalityAndComposabilityAnalysis.xml
auto.tcl: Setting watchdog for 200 seconds at Fri Jan 17 06:43:33 UTC 2020
11 ms. Memory: 48128K Free: 29436K (61%)
ptolemy.util.test.WatchDog.cancel(): canceling Fri Jan 17 06:43:33 UTC 2020
auto.tcl: Setting watchdog for 200 seconds at Fri Jan 17 06:43:33 UTC 2020
9 ms. Memory: 48128K Free: 29006K (60%)
ptolemy.util.test.WatchDog.cancel(): canceling Fri Jan 17 06:43:33 UTC 2020
------------------ testing $PTII/ptolemy/domains/de/test/auto/CausalityInterface1.xml
auto.tcl: Setting watchdog for 200 seconds at Fri Jan 17 06:43:33 UTC 2020
22 ms. Memory: 48128K Free: 28373K (59%)
ptolemy.util.test.WatchDog.cancel(): canceling Fri Jan 17 06:43:33 UTC 2020
auto.tcl: Setting watchdog for 200 seconds at Fri Jan 17 06:43:33 UTC 2020
4 ms. Memory: 48128K Free: 27375K (57%)
ptolemy.util.test.WatchDog.cancel(): canceling Fri Jan 17 06:43:33 UTC 2020
------------------ testing $PTII/ptolemy/domains/de/test/auto/CausalityInterface15.xml
auto.tcl: Setting watchdog for 200 seconds at Fri Jan 17 06:43:33 UTC 2020
4 ms. Memory: 48128K Free: 28300K (59%)
ptolemy.util.test.WatchDog.cancel(): canceling Fri Jan 17 06:43:33 UTC 2020
auto.tcl: Setting watchdog for 200 seconds at Fri Jan 17 06:43:33 UTC 2020
4 ms. Memory: 48128K Free: 27354K (57%)
ptolemy.util.test.WatchDog.cancel(): canceling Fri Jan 17 06:43:33 UTC 2020
------------------ testing $PTII/ptolemy/domains/de/test/auto/CausalityInterface2.xml
auto.tcl: Setting watchdog for 200 seconds at Fri Jan 17 06:43:33 UTC 2020
6 ms. Memory: 48128K Free: 29024K (60%)
ptolemy.util.test.WatchDog.cancel(): canceling Fri Jan 17 06:43:33 UTC 2020
auto.tcl: Setting watchdog for 200 seconds at Fri Jan 17 06:43:33 UTC 2020
4 ms. Memory: 48128K Free: 27883K (58%)
ptolemy.util.test.WatchDog.cancel(): canceling Fri Jan 17 06:43:33 UTC 2020
------------------ testing $PTII/ptolemy/domains/de/test/auto/CausalityInterface3.xml
auto.tcl: Setting watchdog for 200 seconds at Fri Jan 17 06:43:34 UTC 2020
7 ms. Memory: 48128K Free: 28543K (59%)
ptolemy.util.test.WatchDog.cancel(): canceling Fri Jan 17 06:43:34 UTC 2020
auto.tcl: Setting watchdog for 200 seconds at Fri Jan 17 06:43:34 UTC 2020
3 ms. Memory: 48128K Free: 27767K (58%)
ptolemy.util.test.WatchDog.cancel(): canceling Fri Jan 17 06:43:34 UTC 2020
------------------ testing $PTII/ptolemy/domains/de/test/auto/ClockDrift.xml
auto.tcl: Setting watchdog for 200 seconds at Fri Jan 17 06:43:34 UTC 2020
55 ms. Memory: 48128K Free: 20626K (43%)
ptolemy.util.test.WatchDog.cancel(): canceling Fri Jan 17 06:43:34 UTC 2020
auto.tcl: Setting watchdog for 200 seconds at Fri Jan 17 06:43:34 UTC 2020
59 ms. Memory: 48128K Free: 17672K (37%)
ptolemy.util.test.WatchDog.cancel(): canceling Fri Jan 17 06:43:34 UTC 2020
------------------ testing $PTII/ptolemy/domains/de/test/auto/ClockDriftAndValueChange.xml
auto.tcl: Setting watchdog for 200 seconds at Fri Jan 17 06:43:34 UTC 2020
38 ms. Memory: 48128K Free: 21217K (44%)
ptolemy.util.test.WatchDog.cancel(): canceling Fri Jan 17 06:43:34 UTC 2020
auto.tcl: Setting watchdog for 200 seconds at Fri Jan 17 06:43:34 UTC 2020
30 ms. Memory: 48128K Free: 18382K (38%)
ptolemy.util.test.WatchDog.cancel(): canceling Fri Jan 17 06:43:34 UTC 2020
------------------ testing $PTII/ptolemy/domains/de/test/auto/ClockDriftChange.xml
auto.tcl: Setting watchdog for 200 seconds at Fri Jan 17 06:43:34 UTC 2020
17 ms. Memory: 48128K Free: 23261K (48%)
ptolemy.util.test.WatchDog.cancel(): canceling Fri Jan 17 06:43:34 UTC 2020
auto.tcl: Setting watchdog for 200 seconds at Fri Jan 17 06:43:34 UTC 2020
22 ms. Memory: 48128K Free: 20679K (43%)
ptolemy.util.test.WatchDog.cancel(): canceling Fri Jan 17 06:43:34 UTC 2020
------------------ testing $PTII/ptolemy/domains/de/test/auto/ComposableCausalityAnalysis.xml
auto.tcl: Setting watchdog for 200 seconds at Fri Jan 17 06:43:34 UTC 2020
2 ms. Memory: 48128K Free: 27846K (58%)
ptolemy.util.test.WatchDog.cancel(): canceling Fri Jan 17 06:43:34 UTC 2020
auto.tcl: Setting watchdog for 200 seconds at Fri Jan 17 06:43:34 UTC 2020
3 ms. Memory: 48128K Free: 26814K (56%)
ptolemy.util.test.WatchDog.cancel(): canceling Fri Jan 17 06:43:34 UTC 2020
------------------ testing $PTII/ptolemy/domains/de/test/auto/DEFixedPointLimitation.xml
auto.tcl: Setting watchdog for 200 seconds at Fri Jan 17 06:43:34 UTC 2020
3 ms. Memory: 48128K Free: 29256K (61%)
ptolemy.util.test.WatchDog.cancel(): canceling Fri Jan 17 06:43:34 UTC 2020
auto.tcl: Setting watchdog for 200 seconds at Fri Jan 17 06:43:34 UTC 2020
1 ms. Memory: 48128K Free: 28339K (59%)
ptolemy.util.test.WatchDog.cancel(): canceling Fri Jan 17 06:43:34 UTC 2020
------------------ testing $PTII/ptolemy/domains/de/test/auto/DEScheduleTest.xml
auto.tcl: Setting watchdog for 200 seconds at Fri Jan 17 06:43:34 UTC 2020
4 ms. Memory: 48128K Free: 29550K (61%)
ptolemy.util.test.WatchDog.cancel(): canceling Fri Jan 17 06:43:34 UTC 2020
auto.tcl: Setting watchdog for 200 seconds at Fri Jan 17 06:43:34 UTC 2020
3 ms. Memory: 48128K Free: 28771K (60%)
ptolemy.util.test.WatchDog.cancel(): canceling Fri Jan 17 06:43:34 UTC 2020
------------------ testing $PTII/ptolemy/domains/de/test/auto/DEinDEwithStartTimes.xml
auto.tcl: Setting watchdog for 200 seconds at Fri Jan 17 06:43:34 UTC 2020
6 ms. Memory: 48128K Free: 27698K (58%)
ptolemy.util.test.WatchDog.cancel(): canceling Fri Jan 17 06:43:34 UTC 2020
auto.tcl: Setting watchdog for 200 seconds at Fri Jan 17 06:43:34 UTC 2020
3 ms. Memory: 48128K Free: 26674K (55%)
ptolemy.util.test.WatchDog.cancel(): canceling Fri Jan 17 06:43:34 UTC 2020
------------------ testing $PTII/ptolemy/domains/de/test/auto/DEinDEwithStartTimes2.xml
auto.tcl: Setting watchdog for 200 seconds at Fri Jan 17 06:43:34 UTC 2020
5 ms. Memory: 48128K Free: 26953K (56%)
ptolemy.util.test.WatchDog.cancel(): canceling Fri Jan 17 06:43:34 UTC 2020
auto.tcl: Setting watchdog for 200 seconds at Fri Jan 17 06:43:34 UTC 2020
4 ms. Memory: 48128K Free: 25629K (53%)
ptolemy.util.test.WatchDog.cancel(): canceling Fri Jan 17 06:43:34 UTC 2020
------------------ testing $PTII/ptolemy/domains/de/test/auto/DateDemo.xml
auto.tcl: Setting watchdog for 200 seconds at Fri Jan 17 06:43:34 UTC 2020
11 ms. Memory: 48128K Free: 21271K (44%)
ptolemy.util.test.WatchDog.cancel(): canceling Fri Jan 17 06:43:35 UTC 2020
auto.tcl: Setting watchdog for 200 seconds at Fri Jan 17 06:43:35 UTC 2020
9 ms. Memory: 48128K Free: 19681K (41%)
ptolemy.util.test.WatchDog.cancel(): canceling Fri Jan 17 06:43:35 UTC 2020
------------------ testing $PTII/ptolemy/domains/de/test/auto/DateToEvent.xml
auto.tcl: Setting watchdog for 200 seconds at Fri Jan 17 06:43:35 UTC 2020
2013 ms. Memory: 48128K Free: 16484K (34%)
ptolemy.util.test.WatchDog.cancel(): canceling Fri Jan 17 06:43:37 UTC 2020
auto.tcl: Setting watchdog for 200 seconds at Fri Jan 17 06:43:37 UTC 2020
2005 ms. Memory: 48128K Free: 16169K (34%)
ptolemy.util.test.WatchDog.cancel(): canceling Fri Jan 17 06:43:39 UTC 2020
------------------ testing $PTII/ptolemy/domains/de/test/auto/DepthTest1.xml
auto.tcl: Setting watchdog for 200 seconds at Fri Jan 17 06:43:39 UTC 2020
3 ms. Memory: 48128K Free: 30340K (63%)
ptolemy.util.test.WatchDog.cancel(): canceling Fri Jan 17 06:43:39 UTC 2020
auto.tcl: Setting watchdog for 200 seconds at Fri Jan 17 06:43:39 UTC 2020
2 ms. Memory: 48128K Free: 29919K (62%)
ptolemy.util.test.WatchDog.cancel(): canceling Fri Jan 17 06:43:39 UTC 2020
------------------ testing $PTII/ptolemy/domains/de/test/auto/DepthTest2.xml
auto.tcl: Setting watchdog for 200 seconds at Fri Jan 17 06:43:39 UTC 2020
4 ms. Memory: 48128K Free: 27165K (56%)
ptolemy.util.test.WatchDog.cancel(): canceling Fri Jan 17 06:43:39 UTC 2020
auto.tcl: Setting watchdog for 200 seconds at Fri Jan 17 06:43:39 UTC 2020
3 ms. Memory: 48128K Free: 26736K (56%)
ptolemy.util.test.WatchDog.cancel(): canceling Fri Jan 17 06:43:39 UTC 2020
------------------ testing $PTII/ptolemy/domains/de/test/auto/DepthTest3.xml
auto.tcl: Setting watchdog for 200 seconds at Fri Jan 17 06:43:39 UTC 2020
2 ms. Memory: 48128K Free: 30670K (64%)
ptolemy.util.test.WatchDog.cancel(): canceling Fri Jan 17 06:43:39 UTC 2020
auto.tcl: Setting watchdog for 200 seconds at Fri Jan 17 06:43:39 UTC 2020
1 ms. Memory: 48128K Free: 30257K (63%)
ptolemy.util.test.WatchDog.cancel(): canceling Fri Jan 17 06:43:39 UTC 2020
------------------ testing $PTII/ptolemy/domains/de/test/auto/DepthTest4.xml
auto.tcl: Setting watchdog for 200 seconds at Fri Jan 17 06:43:39 UTC 2020
5 ms. Memory: 48128K Free: 28705K (60%)
ptolemy.util.test.WatchDog.cancel(): canceling Fri Jan 17 06:43:39 UTC 2020
auto.tcl: Setting watchdog for 200 seconds at Fri Jan 17 06:43:39 UTC 2020
2 ms. Memory: 48128K Free: 28276K (59%)
ptolemy.util.test.WatchDog.cancel(): canceling Fri Jan 17 06:43:39 UTC 2020
------------------ testing $PTII/ptolemy/domains/de/test/auto/DepthTest5.xml
auto.tcl: Setting watchdog for 200 seconds at Fri Jan 17 06:43:39 UTC 2020
3 ms. Memory: 48128K Free: 28404K (59%)
ptolemy.util.test.WatchDog.cancel(): canceling Fri Jan 17 06:43:39 UTC 2020
auto.tcl: Setting watchdog for 200 seconds at Fri Jan 17 06:43:39 UTC 2020
3 ms. Memory: 48128K Free: 27631K (57%)
ptolemy.util.test.WatchDog.cancel(): canceling Fri Jan 17 06:43:39 UTC 2020
------------------ testing $PTII/ptolemy/domains/de/test/auto/DepthTest6.xml
auto.tcl: Setting watchdog for 200 seconds at Fri Jan 17 06:43:39 UTC 2020
4 ms. Memory: 48128K Free: 28137K (58%)
ptolemy.util.test.WatchDog.cancel(): canceling Fri Jan 17 06:43:39 UTC 2020
auto.tcl: Setting watchdog for 200 seconds at Fri Jan 17 06:43:39 UTC 2020
2 ms. Memory: 48128K Free: 27725K (58%)
ptolemy.util.test.WatchDog.cancel(): canceling Fri Jan 17 06:43:39 UTC 2020
------------------ testing $PTII/ptolemy/domains/de/test/auto/DepthTest7.xml
auto.tcl: Setting watchdog for 200 seconds at Fri Jan 17 06:43:39 UTC 2020
2 ms. Memory: 48128K Free: 28709K (60%)
ptolemy.util.test.WatchDog.cancel(): canceling Fri Jan 17 06:43:39 UTC 2020
auto.tcl: Setting watchdog for 200 seconds at Fri Jan 17 06:43:39 UTC 2020
2 ms. Memory: 48128K Free: 27788K (58%)
ptolemy.util.test.WatchDog.cancel(): canceling Fri Jan 17 06:43:39 UTC 2020
------------------ testing $PTII/ptolemy/domains/de/test/auto/EventToDate.xml
auto.tcl: Setting watchdog for 200 seconds at Fri Jan 17 06:43:39 UTC 2020
3006 ms. Memory: 48128K Free: 19749K (41%)
ptolemy.util.test.WatchDog.cancel(): canceling Fri Jan 17 06:43:42 UTC 2020
auto.tcl: Setting watchdog for 200 seconds at Fri Jan 17 06:43:42 UTC 2020
3004 ms. Memory: 48128K Free: 19035K (40%)
ptolemy.util.test.WatchDog.cancel(): canceling Fri Jan 17 06:43:45 UTC 2020
------------------ testing $PTII/ptolemy/domains/de/test/auto/FSM1.xml
auto.tcl: Setting watchdog for 200 seconds at Fri Jan 17 06:43:45 UTC 2020
34 ms. Memory: 48128K Free: 20937K (44%)
ptolemy.util.test.WatchDog.cancel(): canceling Fri Jan 17 06:43:45 UTC 2020
auto.tcl: Setting watchdog for 200 seconds at Fri Jan 17 06:43:45 UTC 2020
17 ms. Memory: 48128K Free: 17662K (37%)
ptolemy.util.test.WatchDog.cancel(): canceling Fri Jan 17 06:43:45 UTC 2020
------------------ testing $PTII/ptolemy/domains/de/test/auto/FSM7.xml
auto.tcl: Setting watchdog for 200 seconds at Fri Jan 17 06:43:45 UTC 2020
13 ms. Memory: 48128K Free: 20637K (43%)
ptolemy.util.test.WatchDog.cancel(): canceling Fri Jan 17 06:43:45 UTC 2020
auto.tcl: Setting watchdog for 200 seconds at Fri Jan 17 06:43:45 UTC 2020
14 ms. Memory: 48128K Free: 17471K (36%)
ptolemy.util.test.WatchDog.cancel(): canceling Fri Jan 17 06:43:45 UTC 2020
------------------ testing $PTII/ptolemy/domains/de/test/auto/Inspection.xml
auto.tcl: Setting watchdog for 200 seconds at Fri Jan 17 06:43:45 UTC 2020
27 ms. Memory: 48128K Free: 20686K (43%)
ptolemy.util.test.WatchDog.cancel(): canceling Fri Jan 17 06:43:46 UTC 2020
auto.tcl: Setting watchdog for 200 seconds at Fri Jan 17 06:43:46 UTC 2020
23 ms. Memory: 48128K Free: 18947K (39%)
ptolemy.util.test.WatchDog.cancel(): canceling Fri Jan 17 06:43:46 UTC 2020
------------------ testing $PTII/ptolemy/domains/de/test/auto/Iteration.xml
auto.tcl: Setting watchdog for 200 seconds at Fri Jan 17 06:43:46 UTC 2020
7 ms. Memory: 48128K Free: 26398K (55%)
ptolemy.util.test.WatchDog.cancel(): canceling Fri Jan 17 06:43:46 UTC 2020
auto.tcl: Setting watchdog for 200 seconds at Fri Jan 17 06:43:46 UTC 2020
6 ms. Memory: 48128K Free: 24986K (52%)
ptolemy.util.test.WatchDog.cancel(): canceling Fri Jan 17 06:43:46 UTC 2020
------------------ testing $PTII/ptolemy/domains/de/test/auto/LineFault.xml
auto.tcl: Setting watchdog for 200 seconds at Fri Jan 17 06:43:46 UTC 2020
592 ms. Memory: 48128K Free: 23638K (49%)
ptolemy.util.test.WatchDog.cancel(): canceling Fri Jan 17 06:43:47 UTC 2020
auto.tcl: Setting watchdog for 200 seconds at Fri Jan 17 06:43:47 UTC 2020
519 ms. Memory: 61440K Free: 23728K (39%)
ptolemy.util.test.WatchDog.cancel(): canceling Fri Jan 17 06:43:47 UTC 2020
------------------ testing $PTII/ptolemy/domains/de/test/auto/MergeModel1Add.xml
auto.tcl: Setting watchdog for 200 seconds at Fri Jan 17 06:43:47 UTC 2020
28 ms. Memory: 58368K Free: 22619K (39%)
ptolemy.util.test.WatchDog.cancel(): canceling Fri Jan 17 06:43:47 UTC 2020
auto.tcl: Setting watchdog for 200 seconds at Fri Jan 17 06:43:47 UTC 2020
10 ms. Memory: 58368K Free: 20940K (36%)
ptolemy.util.test.WatchDog.cancel(): canceling Fri Jan 17 06:43:47 UTC 2020
------------------ testing $PTII/ptolemy/domains/de/test/auto/MergeModel2Add.xml
auto.tcl: Setting watchdog for 200 seconds at Fri Jan 17 06:43:47 UTC 2020
6 ms. Memory: 51200K Free: 17272K (34%)
ptolemy.util.test.WatchDog.cancel(): canceling Fri Jan 17 06:43:47 UTC 2020
auto.tcl: Setting watchdog for 200 seconds at Fri Jan 17 06:43:47 UTC 2020
6 ms. Memory: 51200K Free: 15537K (30%)
ptolemy.util.test.WatchDog.cancel(): canceling Fri Jan 17 06:43:47 UTC 2020
------------------ testing $PTII/ptolemy/domains/de/test/auto/MergeModel3Add.xml
auto.tcl: Setting watchdog for 200 seconds at Fri Jan 17 06:43:47 UTC 2020
6 ms. Memory: 51200K Free: 17513K (34%)
ptolemy.util.test.WatchDog.cancel(): canceling Fri Jan 17 06:43:47 UTC 2020
auto.tcl: Setting watchdog for 200 seconds at Fri Jan 17 06:43:47 UTC 2020
6 ms. Memory: 51200K Free: 15988K (31%)
ptolemy.util.test.WatchDog.cancel(): canceling Fri Jan 17 06:43:47 UTC 2020
------------------ testing $PTII/ptolemy/domains/de/test/auto/MergeWithoutDiscard.xml
auto.tcl: Setting watchdog for 200 seconds at Fri Jan 17 06:43:47 UTC 2020
2 ms. Memory: 51200K Free: 32045K (63%)
ptolemy.util.test.WatchDog.cancel(): canceling Fri Jan 17 06:43:47 UTC 2020
auto.tcl: Setting watchdog for 200 seconds at Fri Jan 17 06:43:47 UTC 2020
1 ms. Memory: 51200K Free: 31610K (62%)
ptolemy.util.test.WatchDog.cancel(): canceling Fri Jan 17 06:43:47 UTC 2020
------------------ testing $PTII/ptolemy/domains/de/test/auto/Modal1.xml
auto.tcl: Setting watchdog for 200 seconds at Fri Jan 17 06:43:48 UTC 2020
17 ms. Memory: 51200K Free: 23973K (47%)
ptolemy.util.test.WatchDog.cancel(): canceling Fri Jan 17 06:43:48 UTC 2020
auto.tcl: Setting watchdog for 200 seconds at Fri Jan 17 06:43:48 UTC 2020
18 ms. Memory: 51200K Free: 20498K (40%)
ptolemy.util.test.WatchDog.cancel(): canceling Fri Jan 17 06:43:48 UTC 2020
------------------ testing $PTII/ptolemy/domains/de/test/auto/Modal2.xml
auto.tcl: Setting watchdog for 200 seconds at Fri Jan 17 06:43:48 UTC 2020
18 ms. Memory: 51200K Free: 24106K (47%)
ptolemy.util.test.WatchDog.cancel(): canceling Fri Jan 17 06:43:48 UTC 2020
auto.tcl: Setting watchdog for 200 seconds at Fri Jan 17 06:43:48 UTC 2020
17 ms. Memory: 51200K Free: 20882K (41%)
ptolemy.util.test.WatchDog.cancel(): canceling Fri Jan 17 06:43:48 UTC 2020
------------------ testing $PTII/ptolemy/domains/de/test/auto/Modal3.xml
auto.tcl: Setting watchdog for 200 seconds at Fri Jan 17 06:43:48 UTC 2020
13 ms. Memory: 51200K Free: 23871K (47%)
ptolemy.util.test.WatchDog.cancel(): canceling Fri Jan 17 06:43:48 UTC 2020
auto.tcl: Setting watchdog for 200 seconds at Fri Jan 17 06:43:48 UTC 2020
13 ms. Memory: 51200K Free: 20857K (41%)
ptolemy.util.test.WatchDog.cancel(): canceling Fri Jan 17 06:43:48 UTC 2020
------------------ testing $PTII/ptolemy/domains/de/test/auto/Modal4.xml
auto.tcl: Setting watchdog for 200 seconds at Fri Jan 17 06:43:48 UTC 2020
20 ms. Memory: 51200K Free: 23075K (45%)
ptolemy.util.test.WatchDog.cancel(): canceling Fri Jan 17 06:43:48 UTC 2020
auto.tcl: Setting watchdog for 200 seconds at Fri Jan 17 06:43:48 UTC 2020
16 ms. Memory: 51200K Free: 19241K (38%)
ptolemy.util.test.WatchDog.cancel(): canceling Fri Jan 17 06:43:48 UTC 2020
------------------ testing $PTII/ptolemy/domains/de/test/auto/Modal5.xml
auto.tcl: Setting watchdog for 200 seconds at Fri Jan 17 06:43:48 UTC 2020
13 ms. Memory: 51200K Free: 23046K (45%)
ptolemy.util.test.WatchDog.cancel(): canceling Fri Jan 17 06:43:48 UTC 2020
auto.tcl: Setting watchdog for 200 seconds at Fri Jan 17 06:43:48 UTC 2020
13 ms. Memory: 51200K Free: 19228K (38%)
ptolemy.util.test.WatchDog.cancel(): canceling Fri Jan 17 06:43:48 UTC 2020
------------------ testing $PTII/ptolemy/domains/de/test/auto/Modal6.xml
auto.tcl: Setting watchdog for 200 seconds at Fri Jan 17 06:43:48 UTC 2020
16 ms. Memory: 51200K Free: 23818K (47%)
ptolemy.util.test.WatchDog.cancel(): canceling Fri Jan 17 06:43:48 UTC 2020
auto.tcl: Setting watchdog for 200 seconds at Fri Jan 17 06:43:48 UTC 2020
17 ms. Memory: 51200K Free: 19885K (39%)
ptolemy.util.test.WatchDog.cancel(): canceling Fri Jan 17 06:43:48 UTC 2020
------------------ testing $PTII/ptolemy/domains/de/test/auto/Modal7.xml
auto.tcl: Setting watchdog for 200 seconds at Fri Jan 17 06:43:48 UTC 2020
15 ms. Memory: 51200K Free: 23045K (45%)
ptolemy.util.test.WatchDog.cancel(): canceling Fri Jan 17 06:43:48 UTC 2020
auto.tcl: Setting watchdog for 200 seconds at Fri Jan 17 06:43:48 UTC 2020
18 ms. Memory: 51200K Free: 19491K (38%)
ptolemy.util.test.WatchDog.cancel(): canceling Fri Jan 17 06:43:48 UTC 2020
------------------ testing $PTII/ptolemy/domains/de/test/auto/ModalModel.xml
auto.tcl: Setting watchdog for 200 seconds at Fri Jan 17 06:43:48 UTC 2020
209 ms. Memory: 51200K Free: 13403K (26%)
ptolemy.util.test.WatchDog.cancel(): canceling Fri Jan 17 06:43:49 UTC 2020
auto.tcl: Setting watchdog for 200 seconds at Fri Jan 17 06:43:49 UTC 2020
200 ms. Memory: 61440K Free: 41017K (67%)
ptolemy.util.test.WatchDog.cancel(): canceling Fri Jan 17 06:43:49 UTC 2020
------------------ testing $PTII/ptolemy/domains/de/test/auto/ModalSource.xml
auto.tcl: Setting watchdog for 200 seconds at Fri Jan 17 06:43:49 UTC 2020
6 ms. Memory: 51200K Free: 27901K (54%)
ptolemy.util.test.WatchDog.cancel(): canceling Fri Jan 17 06:43:49 UTC 2020
auto.tcl: Setting watchdog for 200 seconds at Fri Jan 17 06:43:49 UTC 2020
6 ms. Memory: 51200K Free: 25853K (50%)
ptolemy.util.test.WatchDog.cancel(): canceling Fri Jan 17 06:43:49 UTC 2020
------------------ testing $PTII/ptolemy/domains/de/test/auto/NonInterruptibleTimerZeroDelay.xml
auto.tcl: Setting watchdog for 200 seconds at Fri Jan 17 06:43:49 UTC 2020
3 ms. Memory: 51200K Free: 32835K (64%)
ptolemy.util.test.WatchDog.cancel(): canceling Fri Jan 17 06:43:49 UTC 2020
auto.tcl: Setting watchdog for 200 seconds at Fri Jan 17 06:43:49 UTC 2020
2 ms. Memory: 51200K Free: 32193K (63%)
ptolemy.util.test.WatchDog.cancel(): canceling Fri Jan 17 06:43:49 UTC 2020
------------------ testing $PTII/ptolemy/domains/de/test/auto/OpenQueueingNetwork.xml
auto.tcl: Setting watchdog for 200 seconds at Fri Jan 17 06:43:49 UTC 2020
2743 ms. Memory: 96256K Free: 72871K (76%)
ptolemy.util.test.WatchDog.cancel(): canceling Fri Jan 17 06:43:52 UTC 2020
auto.tcl: Setting watchdog for 200 seconds at Fri Jan 17 06:43:52 UTC 2020
2109 ms. Memory: 115712K Free: 79546K (69%)
ptolemy.util.test.WatchDog.cancel(): canceling Fri Jan 17 06:43:54 UTC 2020
------------------ testing $PTII/ptolemy/domains/de/test/auto/OpenQueuingNetwork.xml
auto.tcl: Setting watchdog for 200 seconds at Fri Jan 17 06:43:54 UTC 2020
255 ms. Memory: 70656K Free: 44779K (63%)
ptolemy.util.test.WatchDog.cancel(): canceling Fri Jan 17 06:43:54 UTC 2020
auto.tcl: Setting watchdog for 200 seconds at Fri Jan 17 06:43:54 UTC 2020
245 ms. Memory: 70656K Free: 33440K (47%)
ptolemy.util.test.WatchDog.cancel(): canceling Fri Jan 17 06:43:55 UTC 2020
------------------ testing $PTII/ptolemy/domains/de/test/auto/PeriodicSampler.xml
auto.tcl: Setting watchdog for 200 seconds at Fri Jan 17 06:43:55 UTC 2020
4 ms. Memory: 51200K Free: 32033K (63%)
ptolemy.util.test.WatchDog.cancel(): canceling Fri Jan 17 06:43:55 UTC 2020
auto.tcl: Setting watchdog for 200 seconds at Fri Jan 17 06:43:55 UTC 2020
2 ms. Memory: 51200K Free: 31513K (62%)
ptolemy.util.test.WatchDog.cancel(): canceling Fri Jan 17 06:43:55 UTC 2020
------------------ testing $PTII/ptolemy/domains/de/test/auto/PersistentIO.xml
auto.tcl: Setting watchdog for 200 seconds at Fri Jan 17 06:43:55 UTC 2020
5 ms. Memory: 51200K Free: 26958K (53%)
ptolemy.util.test.WatchDog.cancel(): canceling Fri Jan 17 06:43:55 UTC 2020
auto.tcl: Setting watchdog for 200 seconds at Fri Jan 17 06:43:55 UTC 2020
3 ms. Memory: 51200K Free: 25438K (50%)
ptolemy.util.test.WatchDog.cancel(): canceling Fri Jan 17 06:43:55 UTC 2020
------------------ testing $PTII/ptolemy/domains/de/test/auto/PortParameterResetOnInitialize.xml
auto.tcl: Setting watchdog for 200 seconds at Fri Jan 17 06:43:55 UTC 2020
2 ms. Memory: 51200K Free: 31950K (62%)
ptolemy.util.test.WatchDog.cancel(): canceling Fri Jan 17 06:43:55 UTC 2020
auto.tcl: Setting watchdog for 200 seconds at Fri Jan 17 06:43:55 UTC 2020
2 ms. Memory: 51200K Free: 31446K (61%)
ptolemy.util.test.WatchDog.cancel(): canceling Fri Jan 17 06:43:55 UTC 2020
------------------ testing $PTII/ptolemy/domains/de/test/auto/PortParameterUpdates.xml
auto.tcl: Setting watchdog for 200 seconds at Fri Jan 17 06:43:55 UTC 2020
3 ms. Memory: 51200K Free: 30026K (59%)
ptolemy.util.test.WatchDog.cancel(): canceling Fri Jan 17 06:43:55 UTC 2020
auto.tcl: Setting watchdog for 200 seconds at Fri Jan 17 06:43:55 UTC 2020
3 ms. Memory: 51200K Free: 29013K (57%)
ptolemy.util.test.WatchDog.cancel(): canceling Fri Jan 17 06:43:55 UTC 2020
------------------ testing $PTII/ptolemy/domains/de/test/auto/QueueAndServer.xml
auto.tcl: Setting watchdog for 200 seconds at Fri Jan 17 06:43:55 UTC 2020
6 ms. Memory: 51200K Free: 28980K (57%)
ptolemy.util.test.WatchDog.cancel(): canceling Fri Jan 17 06:43:55 UTC 2020
auto.tcl: Setting watchdog for 200 seconds at Fri Jan 17 06:43:55 UTC 2020
6 ms. Memory: 51200K Free: 27446K (54%)
ptolemy.util.test.WatchDog.cancel(): canceling Fri Jan 17 06:43:55 UTC 2020
------------------ testing $PTII/ptolemy/domains/de/test/auto/Records.xml
auto.tcl: Setting watchdog for 200 seconds at Fri Jan 17 06:43:55 UTC 2020
4 ms. Memory: 51200K Free: 31184K (61%)
ptolemy.util.test.WatchDog.cancel(): canceling Fri Jan 17 06:43:55 UTC 2020
auto.tcl: Setting watchdog for 200 seconds at Fri Jan 17 06:43:55 UTC 2020
2 ms. Memory: 51200K Free: 30672K (60%)
ptolemy.util.test.WatchDog.cancel(): canceling Fri Jan 17 06:43:55 UTC 2020
------------------ testing $PTII/ptolemy/domains/de/test/auto/ResetTransitionWithStartTime1.xml
auto.tcl: Setting watchdog for 200 seconds at Fri Jan 17 06:43:55 UTC 2020
11 ms. Memory: 51200K Free: 28484K (56%)
ptolemy.util.test.WatchDog.cancel(): canceling Fri Jan 17 06:43:55 UTC 2020
auto.tcl: Setting watchdog for 200 seconds at Fri Jan 17 06:43:55 UTC 2020
6 ms. Memory: 51200K Free: 26391K (52%)
ptolemy.util.test.WatchDog.cancel(): canceling Fri Jan 17 06:43:55 UTC 2020
------------------ testing $PTII/ptolemy/domains/de/test/auto/ResetTransitionWithStartTime2.xml
auto.tcl: Setting watchdog for 200 seconds at Fri Jan 17 06:43:55 UTC 2020
5 ms. Memory: 51200K Free: 28431K (56%)
ptolemy.util.test.WatchDog.cancel(): canceling Fri Jan 17 06:43:55 UTC 2020
auto.tcl: Setting watchdog for 200 seconds at Fri Jan 17 06:43:55 UTC 2020
6 ms. Memory: 51200K Free: 26346K (51%)
ptolemy.util.test.WatchDog.cancel(): canceling Fri Jan 17 06:43:55 UTC 2020
------------------ testing $PTII/ptolemy/domains/de/test/auto/ResetTransitionWithStartTime3.xml
auto.tcl: Setting watchdog for 200 seconds at Fri Jan 17 06:43:55 UTC 2020
5 ms. Memory: 51200K Free: 28430K (56%)
ptolemy.util.test.WatchDog.cancel(): canceling Fri Jan 17 06:43:55 UTC 2020
auto.tcl: Setting watchdog for 200 seconds at Fri Jan 17 06:43:55 UTC 2020
5 ms. Memory: 51200K Free: 26345K (51%)
ptolemy.util.test.WatchDog.cancel(): canceling Fri Jan 17 06:43:55 UTC 2020
------------------ testing $PTII/ptolemy/domains/de/test/auto/ResetTransitionWithStartTime4.xml
auto.tcl: Setting watchdog for 200 seconds at Fri Jan 17 06:43:55 UTC 2020
7 ms. Memory: 51200K Free: 28817K (56%)
ptolemy.util.test.WatchDog.cancel(): canceling Fri Jan 17 06:43:55 UTC 2020
auto.tcl: Setting watchdog for 200 seconds at Fri Jan 17 06:43:55 UTC 2020
3 ms. Memory: 51200K Free: 27368K (53%)
ptolemy.util.test.WatchDog.cancel(): canceling Fri Jan 17 06:43:55 UTC 2020
------------------ testing $PTII/ptolemy/domains/de/test/auto/ResettableTimer1.xml
auto.tcl: Setting watchdog for 200 seconds at Fri Jan 17 06:43:55 UTC 2020
4 ms. Memory: 51200K Free: 32569K (64%)
ptolemy.util.test.WatchDog.cancel(): canceling Fri Jan 17 06:43:55 UTC 2020
auto.tcl: Setting watchdog for 200 seconds at Fri Jan 17 06:43:55 UTC 2020
2 ms. Memory: 51200K Free: 31956K (62%)
ptolemy.util.test.WatchDog.cancel(): canceling Fri Jan 17 06:43:55 UTC 2020
------------------ testing $PTII/ptolemy/domains/de/test/auto/ResettableTimer2.xml
auto.tcl: Setting watchdog for 200 seconds at Fri Jan 17 06:43:55 UTC 2020
3 ms. Memory: 51200K Free: 32625K (64%)
ptolemy.util.test.WatchDog.cancel(): canceling Fri Jan 17 06:43:55 UTC 2020
auto.tcl: Setting watchdog for 200 seconds at Fri Jan 17 06:43:55 UTC 2020
2 ms. Memory: 51200K Free: 32006K (63%)
ptolemy.util.test.WatchDog.cancel(): canceling Fri Jan 17 06:43:55 UTC 2020
------------------ testing $PTII/ptolemy/domains/de/test/auto/ResettableTimer3.xml
auto.tcl: Setting watchdog for 200 seconds at Fri Jan 17 06:43:55 UTC 2020
1 ms. Memory: 51200K Free: 33021K (64%)
ptolemy.util.test.WatchDog.cancel(): canceling Fri Jan 17 06:43:55 UTC 2020
auto.tcl: Setting watchdog for 200 seconds at Fri Jan 17 06:43:55 UTC 2020
1 ms. Memory: 51200K Free: 32525K (64%)
ptolemy.util.test.WatchDog.cancel(): canceling Fri Jan 17 06:43:55 UTC 2020
------------------ testing $PTII/ptolemy/domains/de/test/auto/ResettableTimer4.xml
auto.tcl: Setting watchdog for 200 seconds at Fri Jan 17 06:43:55 UTC 2020
2 ms. Memory: 51200K Free: 32539K (64%)
ptolemy.util.test.WatchDog.cancel(): canceling Fri Jan 17 06:43:55 UTC 2020
auto.tcl: Setting watchdog for 200 seconds at Fri Jan 17 06:43:55 UTC 2020
2 ms. Memory: 51200K Free: 32025K (63%)
ptolemy.util.test.WatchDog.cancel(): canceling Fri Jan 17 06:43:55 UTC 2020
------------------ testing $PTII/ptolemy/domains/de/test/auto/ResettableTimer5.xml
auto.tcl: Setting watchdog for 200 seconds at Fri Jan 17 06:43:56 UTC 2020
1 ms. Memory: 51200K Free: 32023K (63%)
ptolemy.util.test.WatchDog.cancel(): canceling Fri Jan 17 06:43:56 UTC 2020
auto.tcl: Setting watchdog for 200 seconds at Fri Jan 17 06:43:56 UTC 2020
2 ms. Memory: 51200K Free: 31513K (62%)
ptolemy.util.test.WatchDog.cancel(): canceling Fri Jan 17 06:43:56 UTC 2020
------------------ testing $PTII/ptolemy/domains/de/test/auto/ResettableTimer6.xml
auto.tcl: Setting watchdog for 200 seconds at Fri Jan 17 06:43:56 UTC 2020
2 ms. Memory: 51200K Free: 32014K (63%)
ptolemy.util.test.WatchDog.cancel(): canceling Fri Jan 17 06:43:56 UTC 2020
auto.tcl: Setting watchdog for 200 seconds at Fri Jan 17 06:43:56 UTC 2020
2 ms. Memory: 51200K Free: 31504K (62%)
ptolemy.util.test.WatchDog.cancel(): canceling Fri Jan 17 06:43:56 UTC 2020
------------------ testing $PTII/ptolemy/domains/de/test/auto/ServerZeroDelay.xml
auto.tcl: Setting watchdog for 200 seconds at Fri Jan 17 06:43:56 UTC 2020
2 ms. Memory: 51200K Free: 32519K (64%)
ptolemy.util.test.WatchDog.cancel(): canceling Fri Jan 17 06:43:56 UTC 2020
auto.tcl: Setting watchdog for 200 seconds at Fri Jan 17 06:43:56 UTC 2020
3 ms. Memory: 51200K Free: 31495K (62%)
ptolemy.util.test.WatchDog.cancel(): canceling Fri Jan 17 06:43:56 UTC 2020
------------------ testing $PTII/ptolemy/domains/de/test/auto/SmartSender.xml
auto.tcl: Setting watchdog for 200 seconds at Fri Jan 17 06:43:56 UTC 2020
3001 ms. Memory: 51200K Free: 31999K (62%)
ptolemy.util.test.WatchDog.cancel(): canceling Fri Jan 17 06:43:59 UTC 2020
auto.tcl: Setting watchdog for 200 seconds at Fri Jan 17 06:43:59 UTC 2020
3001 ms. Memory: 51200K Free: 31489K (62%)
ptolemy.util.test.WatchDog.cancel(): canceling Fri Jan 17 06:44:02 UTC 2020
------------------ testing $PTII/ptolemy/domains/de/test/auto/ThreadedComposite.xml
auto.tcl: Setting watchdog for 200 seconds at Fri Jan 17 06:44:02 UTC 2020
250 ms. Memory: 51200K Free: 10509K (21%)
ptolemy.util.test.WatchDog.cancel(): canceling Fri Jan 17 06:44:02 UTC 2020
auto.tcl: Setting watchdog for 200 seconds at Fri Jan 17 06:44:02 UTC 2020
242 ms. Memory: 51200K Free: 21565K (42%)
ptolemy.util.test.WatchDog.cancel(): canceling Fri Jan 17 06:44:02 UTC 2020
------------------ testing $PTII/ptolemy/domains/de/test/auto/Time.xml
auto.tcl: Setting watchdog for 200 seconds at Fri Jan 17 06:44:02 UTC 2020
412 ms. Memory: 51200K Free: 11604K (23%)
ptolemy.util.test.WatchDog.cancel(): canceling Fri Jan 17 06:44:03 UTC 2020
auto.tcl: Setting watchdog for 200 seconds at Fri Jan 17 06:44:03 UTC 2020
366 ms. Memory: 51200K Free: 19163K (37%)
ptolemy.util.test.WatchDog.cancel(): canceling Fri Jan 17 06:44:03 UTC 2020
------------------ testing $PTII/ptolemy/domains/de/test/auto/TimeDelayZeroDelay.xml
auto.tcl: Setting watchdog for 200 seconds at Fri Jan 17 06:44:03 UTC 2020
3 ms. Memory: 51200K Free: 32442K (63%)
ptolemy.util.test.WatchDog.cancel(): canceling Fri Jan 17 06:44:03 UTC 2020
auto.tcl: Setting watchdog for 200 seconds at Fri Jan 17 06:44:03 UTC 2020
2 ms. Memory: 51200K Free: 31589K (62%)
ptolemy.util.test.WatchDog.cancel(): canceling Fri Jan 17 06:44:03 UTC 2020
------------------ testing $PTII/ptolemy/domains/de/test/auto/TimerZeroDelay.xml
auto.tcl: Setting watchdog for 200 seconds at Fri Jan 17 06:44:03 UTC 2020
3 ms. Memory: 51200K Free: 32913K (64%)
ptolemy.util.test.WatchDog.cancel(): canceling Fri Jan 17 06:44:03 UTC 2020
auto.tcl: Setting watchdog for 200 seconds at Fri Jan 17 06:44:03 UTC 2020
2 ms. Memory: 51200K Free: 32485K (63%)
ptolemy.util.test.WatchDog.cancel(): canceling Fri Jan 17 06:44:03 UTC 2020
------------------ testing $PTII/ptolemy/domains/de/test/auto/TimingParadox.xml
auto.tcl: Setting watchdog for 200 seconds at Fri Jan 17 06:44:03 UTC 2020
273 ms. Memory: 51200K Free: 22642K (44%)
ptolemy.util.test.WatchDog.cancel(): canceling Fri Jan 17 06:44:04 UTC 2020
auto.tcl: Setting watchdog for 200 seconds at Fri Jan 17 06:44:04 UTC 2020
302 ms. Memory: 51200K Free: 14877K (29%)
ptolemy.util.test.WatchDog.cancel(): canceling Fri Jan 17 06:44:04 UTC 2020
------------------ testing $PTII/ptolemy/domains/de/test/auto/TransferInputs.xml
auto.tcl: Setting watchdog for 200 seconds at Fri Jan 17 06:44:04 UTC 2020
1 ms. Memory: 51200K Free: 30953K (60%)
ptolemy.util.test.WatchDog.cancel(): canceling Fri Jan 17 06:44:04 UTC 2020
auto.tcl: Setting watchdog for 200 seconds at Fri Jan 17 06:44:04 UTC 2020
2 ms. Memory: 51200K Free: 30053K (59%)
ptolemy.util.test.WatchDog.cancel(): canceling Fri Jan 17 06:44:04 UTC 2020
------------------ testing $PTII/ptolemy/domains/de/test/auto/TransferOutputs2.xml
auto.tcl: Setting watchdog for 200 seconds at Fri Jan 17 06:44:04 UTC 2020
3 ms. Memory: 51200K Free: 28395K (55%)
ptolemy.util.test.WatchDog.cancel(): canceling Fri Jan 17 06:44:04 UTC 2020
auto.tcl: Setting watchdog for 200 seconds at Fri Jan 17 06:44:04 UTC 2020
4 ms. Memory: 51200K Free: 26968K (53%)
ptolemy.util.test.WatchDog.cancel(): canceling Fri Jan 17 06:44:04 UTC 2020
------------------ testing $PTII/ptolemy/domains/de/test/auto/Trilateration.xml
auto.tcl: Setting watchdog for 200 seconds at Fri Jan 17 06:44:04 UTC 2020
11774 ms. Memory: 398336K Free: 137820K (35%)
ptolemy.util.test.WatchDog.cancel(): canceling Fri Jan 17 06:44:17 UTC 2020
auto.tcl: Setting watchdog for 200 seconds at Fri Jan 17 06:44:17 UTC 2020
8949 ms. Memory: 398336K Free: 346885K (87%)
ptolemy.util.test.WatchDog.cancel(): canceling Fri Jan 17 06:44:26 UTC 2020
------------------ testing $PTII/ptolemy/domains/de/test/auto/TwoSigmaDelta.xml
auto.tcl: Setting watchdog for 200 seconds at Fri Jan 17 06:44:26 UTC 2020
2231 ms. Memory: 89088K Free: 30660K (34%)
ptolemy.util.test.WatchDog.cancel(): canceling Fri Jan 17 06:44:28 UTC 2020
auto.tcl: Setting watchdog for 200 seconds at Fri Jan 17 06:44:28 UTC 2020
1600 ms. Memory: 89088K Free: 28076K (32%)
ptolemy.util.test.WatchDog.cancel(): canceling Fri Jan 17 06:44:30 UTC 2020
------------------ testing $PTII/ptolemy/domains/de/test/auto/VariableDelay.xml
auto.tcl: Setting watchdog for 200 seconds at Fri Jan 17 06:44:30 UTC 2020
6 ms. Memory: 51200K Free: 31432K (61%)
ptolemy.util.test.WatchDog.cancel(): canceling Fri Jan 17 06:44:30 UTC 2020
auto.tcl: Setting watchdog for 200 seconds at Fri Jan 17 06:44:30 UTC 2020
2 ms. Memory: 51200K Free: 30438K (59%)
ptolemy.util.test.WatchDog.cancel(): canceling Fri Jan 17 06:44:30 UTC 2020
------------------ testing $PTII/ptolemy/domains/de/test/auto/VariableDelay2.xml
auto.tcl: Setting watchdog for 200 seconds at Fri Jan 17 06:44:30 UTC 2020
4 ms. Memory: 51200K Free: 32046K (63%)
ptolemy.util.test.WatchDog.cancel(): canceling Fri Jan 17 06:44:30 UTC 2020
auto.tcl: Setting watchdog for 200 seconds at Fri Jan 17 06:44:30 UTC 2020
2 ms. Memory: 51200K Free: 31534K (62%)
ptolemy.util.test.WatchDog.cancel(): canceling Fri Jan 17 06:44:30 UTC 2020
------------------ testing $PTII/ptolemy/domains/de/test/auto/VariableDelayZeroDelay.xml
auto.tcl: Setting watchdog for 200 seconds at Fri Jan 17 06:44:30 UTC 2020
2 ms. Memory: 51200K Free: 32374K (63%)
ptolemy.util.test.WatchDog.cancel(): canceling Fri Jan 17 06:44:30 UTC 2020
auto.tcl: Setting watchdog for 200 seconds at Fri Jan 17 06:44:30 UTC 2020
1 ms. Memory: 51200K Free: 31830K (62%)
ptolemy.util.test.WatchDog.cancel(): canceling Fri Jan 17 06:44:30 UTC 2020
------------------ testing $PTII/ptolemy/domains/de/test/auto/VariableDelayZeroDelay2.xml
auto.tcl: Setting watchdog for 200 seconds at Fri Jan 17 06:44:30 UTC 2020
2 ms. Memory: 51200K Free: 32373K (63%)
ptolemy.util.test.WatchDog.cancel(): canceling Fri Jan 17 06:44:30 UTC 2020
auto.tcl: Setting watchdog for 200 seconds at Fri Jan 17 06:44:30 UTC 2020
1 ms. Memory: 51200K Free: 31349K (61%)
ptolemy.util.test.WatchDog.cancel(): canceling Fri Jan 17 06:44:30 UTC 2020
------------------ testing $PTII/ptolemy/domains/de/test/auto/deInCt.xml
auto.tcl: Setting watchdog for 200 seconds at Fri Jan 17 06:44:30 UTC 2020
0
1
1
1
0
0
0
0
1
1
1
0
0
0
1
1
1
0
0
0
0
0
1
1
1
1
1
0
0
0
1
1
1
1
15 ms. Memory: 51200K Free: 31347K (61%)
ptolemy.util.test.WatchDog.cancel(): canceling Fri Jan 17 06:44:30 UTC 2020
auto.tcl: Setting watchdog for 200 seconds at Fri Jan 17 06:44:30 UTC 2020
0
1
1
1
0
0
0
1
1
1
1
0
0
0
0
0
0
1
1
1
1
0
0
0
0
1
1
1
1
6 ms. Memory: 51200K Free: 29809K (58%)
ptolemy.util.test.WatchDog.cancel(): canceling Fri Jan 17 06:44:30 UTC 2020
------------------ testing $PTII/ptolemy/domains/de/test/auto/deInCt2.xml
auto.tcl: Setting watchdog for 200 seconds at Fri Jan 17 06:44:30 UTC 2020
0
1
1
1
0
0
1
1
1
0
0
1
1
1
0
0
1
1
1
0
0
1
1
1
0
0
1
1
1
0
0
1
1
1
0
0
1
1
1
0
0
0
6 ms. Memory: 51200K Free: 31347K (61%)
ptolemy.util.test.WatchDog.cancel(): canceling Fri Jan 17 06:44:30 UTC 2020
auto.tcl: Setting watchdog for 200 seconds at Fri Jan 17 06:44:30 UTC 2020
0
1
1
1
0
0
1
1
1
0
0
1
1
1
0
0
1
1
1
0
0
1
1
1
0
0
1
1
1
0
0
1
1
1
0
0
1
1
1
0
0
0
7 ms. Memory: 51200K Free: 29795K (58%)
ptolemy.util.test.WatchDog.cancel(): canceling Fri Jan 17 06:44:30 UTC 2020
------------------ testing $PTII/ptolemy/domains/de/test/auto/dynamicCausalityInterface1.xml
auto.tcl: Setting watchdog for 200 seconds at Fri Jan 17 06:44:30 UTC 2020
1 ms. Memory: 51200K Free: 27246K (53%)
ptolemy.util.test.WatchDog.cancel(): canceling Fri Jan 17 06:44:31 UTC 2020
auto.tcl: Setting watchdog for 200 seconds at Fri Jan 17 06:44:31 UTC 2020
1 ms. Memory: 51200K Free: 26732K (52%)
ptolemy.util.test.WatchDog.cancel(): canceling Fri Jan 17 06:44:31 UTC 2020
------------------ testing $PTII/ptolemy/domains/de/test/auto/fsm_de_test.xml
auto.tcl: Setting watchdog for 200 seconds at Fri Jan 17 06:44:31 UTC 2020
10 ms. Memory: 51200K Free: 27144K (53%)
ptolemy.util.test.WatchDog.cancel(): canceling Fri Jan 17 06:44:31 UTC 2020
auto.tcl: Setting watchdog for 200 seconds at Fri Jan 17 06:44:31 UTC 2020
5 ms. Memory: 51200K Free: 25096K (49%)
ptolemy.util.test.WatchDog.cancel(): canceling Fri Jan 17 06:44:31 UTC 2020
------------------ testing $PTII/ptolemy/domains/de/test/auto/functionDependencyReconstruction.xml
auto.tcl: Setting watchdog for 200 seconds at Fri Jan 17 06:44:31 UTC 2020
3 ms. Memory: 51200K Free: 21113K (41%)
ptolemy.util.test.WatchDog.cancel(): canceling Fri Jan 17 06:44:31 UTC 2020
auto.tcl: Setting watchdog for 200 seconds at Fri Jan 17 06:44:31 UTC 2020
2 ms. Memory: 51200K Free: 18942K (37%)
ptolemy.util.test.WatchDog.cancel(): canceling Fri Jan 17 06:44:31 UTC 2020
------------------ testing $PTII/ptolemy/domains/de/test/auto/multirate.xml
auto.tcl: Setting watchdog for 200 seconds at Fri Jan 17 06:44:31 UTC 2020
5 ms. Memory: 51200K Free: 29719K (58%)
ptolemy.util.test.WatchDog.cancel(): canceling Fri Jan 17 06:44:31 UTC 2020
auto.tcl: Setting watchdog for 200 seconds at Fri Jan 17 06:44:31 UTC 2020
3 ms. Memory: 51200K Free: 28040K (55%)
ptolemy.util.test.WatchDog.cancel(): canceling Fri Jan 17 06:44:31 UTC 2020
------------------ testing $PTII/ptolemy/domains/de/test/auto/multirate2.xml
auto.tcl: Setting watchdog for 200 seconds at Fri Jan 17 06:44:31 UTC 2020
3 ms. Memory: 51200K Free: 29940K (58%)
ptolemy.util.test.WatchDog.cancel(): canceling Fri Jan 17 06:44:31 UTC 2020
auto.tcl: Setting watchdog for 200 seconds at Fri Jan 17 06:44:31 UTC 2020
2 ms. Memory: 51200K Free: 28221K (55%)
ptolemy.util.test.WatchDog.cancel(): canceling Fri Jan 17 06:44:31 UTC 2020
------------------ testing $PTII/ptolemy/domains/de/test/auto/realtime.xml
auto.tcl: Setting watchdog for 200 seconds at Fri Jan 17 06:44:31 UTC 2020
10001 ms. Memory: 51200K Free: 32016K (63%)
ptolemy.util.test.WatchDog.cancel(): canceling Fri Jan 17 06:44:41 UTC 2020
auto.tcl: Setting watchdog for 200 seconds at Fri Jan 17 06:44:41 UTC 2020
10001 ms. Memory: 51200K Free: 31291K (61%)
ptolemy.util.test.WatchDog.cancel(): canceling Fri Jan 17 06:44:51 UTC 2020
------------------ testing $PTII/ptolemy/domains/de/test/auto/relationGroup.xml
auto.tcl: Setting watchdog for 200 seconds at Fri Jan 17 06:44:51 UTC 2020
1 ms. Memory: 51200K Free: 33066K (65%)
ptolemy.util.test.WatchDog.cancel(): canceling Fri Jan 17 06:44:51 UTC 2020
auto.tcl: Setting watchdog for 200 seconds at Fri Jan 17 06:44:51 UTC 2020
2 ms. Memory: 51200K Free: 32554K (64%)
ptolemy.util.test.WatchDog.cancel(): canceling Fri Jan 17 06:44:51 UTC 2020
------------------ testing $PTII/ptolemy/domains/de/test/auto/relationGroup2.xml
auto.tcl: Setting watchdog for 200 seconds at Fri Jan 17 06:44:51 UTC 2020
2 ms. Memory: 51200K Free: 33123K (65%)
ptolemy.util.test.WatchDog.cancel(): canceling Fri Jan 17 06:44:51 UTC 2020
auto.tcl: Setting watchdog for 200 seconds at Fri Jan 17 06:44:51 UTC 2020
1 ms. Memory: 51200K Free: 32579K (64%)
ptolemy.util.test.WatchDog.cancel(): canceling Fri Jan 17 06:44:51 UTC 2020
------------------ testing $PTII/ptolemy/domains/de/test/auto/sortWithOpaquePorts.xml
auto.tcl: Setting watchdog for 200 seconds at Fri Jan 17 06:44:51 UTC 2020
2 ms. Memory: 51200K Free: 31871K (62%)
ptolemy.util.test.WatchDog.cancel(): canceling Fri Jan 17 06:44:51 UTC 2020
auto.tcl: Setting watchdog for 200 seconds at Fri Jan 17 06:44:51 UTC 2020
2 ms. Memory: 51200K Free: 30847K (60%)
ptolemy.util.test.WatchDog.cancel(): canceling Fri Jan 17 06:44:51 UTC 2020
------------------ testing $PTII/ptolemy/domains/de/test/auto/transferInputsandOutputs.xml
auto.tcl: Setting watchdog for 200 seconds at Fri Jan 17 06:44:51 UTC 2020
5 ms. Memory: 51200K Free: 29314K (57%)
ptolemy.util.test.WatchDog.cancel(): canceling Fri Jan 17 06:44:51 UTC 2020
auto.tcl: Setting watchdog for 200 seconds at Fri Jan 17 06:44:51 UTC 2020
2 ms. Memory: 51200K Free: 28290K (55%)
ptolemy.util.test.WatchDog.cancel(): canceling Fri Jan 17 06:44:51 UTC 2020
------------------ testing $PTII/ptolemy/domains/de/test/auto/triggerType.xml
auto.tcl: Setting watchdog for 200 seconds at Fri Jan 17 06:44:51 UTC 2020
2 ms. Memory: 51200K Free: 32339K (63%)
ptolemy.util.test.WatchDog.cancel(): canceling Fri Jan 17 06:44:51 UTC 2020
auto.tcl: Setting watchdog for 200 seconds at Fri Jan 17 06:44:51 UTC 2020
1 ms. Memory: 51200K Free: 31315K (61%)
ptolemy.util.test.WatchDog.cancel(): canceling Fri Jan 17 06:44:51 UTC 2020
01/17/20 06:44:51
Failed: 0  Total Tests: 192  ((Passed: 187, Newly Passed: 1)  Known Failed: 5) /home/travis/build/icyphy/ptII/ptolemy/domains/de/test
01/17/20 06:44:51
Failed: 0  Total Tests: 192  ((Passed: 187, Newly Passed: 1)  Known Failed: 5) /home/travis/build/icyphy/ptII/ptolemy/domains/de/test
----------------- testing (KnownFailure) /home/travis/build/icyphy/ptII/ptolemy/domains/de/test/auto/knownFailedTests/DESDFClockTest.xml
2011 ms. Memory: 51200K Free: 25733K (50%)
Known Failure: java.lang.reflect.InvocationTargetException
----------------- testing (KnownFailure) /home/travis/build/icyphy/ptII/ptolemy/domains/de/test/auto/knownFailedTests/DirectFeedback.xml
2 ms. Memory: 51200K Free: 21637K (42%)
Known Failure: java.lang.reflect.InvocationTargetException
----------------- testing (KnownFailure) /home/travis/build/icyphy/ptII/ptolemy/domains/de/test/auto/knownFailedTests/FSMSource.xml
14 ms. Memory: 51200K Free: 13959K (27%)
----------------- testing (KnownFailure) /home/travis/build/icyphy/ptII/ptolemy/domains/de/test/auto/knownFailedTests/HierarchicalModel.xml
4 ms. Memory: 51200K Free: 26844K (52%)
Known Failure: java.lang.reflect.InvocationTargetException
----------------- testing (KnownFailure) /home/travis/build/icyphy/ptII/ptolemy/domains/de/test/auto/knownFailedTests/dependencyLoop.xml
2 ms. Memory: 51200K Free: 11484K (22%)
Known Failure: java.lang.reflect.InvocationTargetException
----------------- testing (KnownFailure) /home/travis/build/icyphy/ptII/ptolemy/domains/de/test/auto/knownFailedTests/dependencyLoop2.xml
6 ms. Memory: 51200K Free: 24834K (49%)
Known Failure: java.lang.reflect.InvocationTargetException
No auto/linux-amd64/*.xml tests in /home/travis/build/icyphy/ptII/ptolemy/domains/de/test
AutoTests.java: About to close Vertx.
AutoTests.java: Vertx closed.

===========================================================================================
----------------- testing Fri Jan 17 06:44:53 UTC 2020 /home/travis/build/icyphy/ptII/ptolemy/domains/de/test/auto/ActorDepthCalculation_actorWithoutPorts.xml
----------------- Instantiating /home/travis/build/icyphy/ptII/ptolemy/domains/de/test/auto/ActorDepthCalculation_actorWithoutPorts.xml
2 ms. Memory: 51200K Free: 17975K (35%)
----------------- Invoking toplevel() on ptolemy.moml.MoMLSimpleApplication@5e7c048
----------------- Done invoking toplevel() on ptolemy.moml.MoMLSimpleApplication@5e7c048
reloadAllAccessors: .ActorDepthCalculation_actorWithoutPorts

===========================================================================================
----------------- testing Fri Jan 17 06:44:54 UTC 2020 /home/travis/build/icyphy/ptII/ptolemy/domains/de/test/auto/AssemblyLine.xml
----------------- Instantiating /home/travis/build/icyphy/ptII/ptolemy/domains/de/test/auto/AssemblyLine.xml
3 ms. Memory: 51200K Free: 10809K (21%)
----------------- Invoking toplevel() on ptolemy.moml.MoMLSimpleApplication@3c8ca374
----------------- Done invoking toplevel() on ptolemy.moml.MoMLSimpleApplication@3c8ca374
reloadAllAccessors: .AssemblyLine

===========================================================================================
----------------- testing Fri Jan 17 06:44:54 UTC 2020 /home/travis/build/icyphy/ptII/ptolemy/domains/de/test/auto/CQBug1.xml
----------------- Instantiating /home/travis/build/icyphy/ptII/ptolemy/domains/de/test/auto/CQBug1.xml
1 ms. Memory: 51200K Free: 8024K (16%)
----------------- Invoking toplevel() on ptolemy.moml.MoMLSimpleApplication@2b4be9a6
----------------- Done invoking toplevel() on ptolemy.moml.MoMLSimpleApplication@2b4be9a6
reloadAllAccessors: .CQBug1

===========================================================================================
----------------- testing Fri Jan 17 06:44:54 UTC 2020 /home/travis/build/icyphy/ptII/ptolemy/domains/de/test/auto/CancelFireAt.xml
----------------- Instantiating /home/travis/build/icyphy/ptII/ptolemy/domains/de/test/auto/CancelFireAt.xml
9 ms. Memory: 51200K Free: 34301K (67%)
----------------- Invoking toplevel() on ptolemy.moml.MoMLSimpleApplication@25c8a0ff
----------------- Done invoking toplevel() on ptolemy.moml.MoMLSimpleApplication@25c8a0ff
reloadAllAccessors: .CancelFireAt

===========================================================================================
----------------- testing Fri Jan 17 06:44:54 UTC 2020 /home/travis/build/icyphy/ptII/ptolemy/domains/de/test/auto/CausalityAndComposabilityAnalysis.xml
----------------- Instantiating /home/travis/build/icyphy/ptII/ptolemy/domains/de/test/auto/CausalityAndComposabilityAnalysis.xml
2 ms. Memory: 51200K Free: 30184K (59%)
----------------- Invoking toplevel() on ptolemy.moml.MoMLSimpleApplication@59eb5e6b
----------------- Done invoking toplevel() on ptolemy.moml.MoMLSimpleApplication@59eb5e6b
reloadAllAccessors: .CausalityAndComposabilityAnalysis

===========================================================================================
----------------- testing Fri Jan 17 06:44:54 UTC 2020 /home/travis/build/icyphy/ptII/ptolemy/domains/de/test/auto/CausalityInterface1.xml
----------------- Instantiating /home/travis/build/icyphy/ptII/ptolemy/domains/de/test/auto/CausalityInterface1.xml
5 ms. Memory: 51200K Free: 25032K (49%)
----------------- Invoking toplevel() on ptolemy.moml.MoMLSimpleApplication@35d95039
----------------- Done invoking toplevel() on ptolemy.moml.MoMLSimpleApplication@35d95039
reloadAllAccessors: .CausalityInterface1

===========================================================================================
----------------- testing Fri Jan 17 06:44:54 UTC 2020 /home/travis/build/icyphy/ptII/ptolemy/domains/de/test/auto/CausalityInterface15.xml
----------------- Instantiating /home/travis/build/icyphy/ptII/ptolemy/domains/de/test/auto/CausalityInterface15.xml
2 ms. Memory: 51200K Free: 19524K (38%)
----------------- Invoking toplevel() on ptolemy.moml.MoMLSimpleApplication@2edca4b0
----------------- Done invoking toplevel() on ptolemy.moml.MoMLSimpleApplication@2edca4b0
reloadAllAccessors: .CausalityInterface15

===========================================================================================
----------------- testing Fri Jan 17 06:44:54 UTC 2020 /home/travis/build/icyphy/ptII/ptolemy/domains/de/test/auto/CausalityInterface2.xml
----------------- Instantiating /home/travis/build/icyphy/ptII/ptolemy/domains/de/test/auto/CausalityInterface2.xml
2 ms. Memory: 51200K Free: 14792K (29%)
[...]
	at ptolemy.actor.Manager.run(Manager.java:1263)
	at ptolemy.actor.Manager$PtolemyRunThread.run(Manager.java:1933)
java.lang.RuntimeException: Execution failed
	at ptolemy.moml.MoMLSimpleApplication$UnloadThread.run(MoMLSimpleApplication.java:402)
Caused by: ptolemy.kernel.util.IllegalActionException: Actor is not ready to fire.  Perhaps UpSample.prefire() returned false? Try debugging the actor by selecting "Listen to Actor".  Also, for SDF check moml for tokenConsumptionRate on input.
  in .DESDFClockTest.Play Bell.Copy1:SDF Director and .DESDFClockTest.Play Bell.UpSample
	at ptolemy.actor.sched.StaticSchedulingDirector.fire(StaticSchedulingDirector.java:227)
	at ptolemy.domains.sdf.kernel.SDFDirector.fire(SDFDirector.java:500)
	at ptolemy.actor.CompositeActor.fire(CompositeActor.java:455)
	at ptolemy.domains.de.kernel.DEDirector._fire(DEDirector.java:1949)
	at ptolemy.domains.de.kernel.DEDirector.fire(DEDirector.java:502)
	at ptolemy.actor.CompositeActor.fire(CompositeActor.java:455)
	at ptolemy.actor.Manager.iterate(Manager.java:851)
	at ptolemy.actor.Manager.execute(Manager.java:369)
	at ptolemy.actor.Manager.run(Manager.java:1263)
	at ptolemy.actor.Manager$PtolemyRunThread.run(Manager.java:1933)
java.lang.reflect.InvocationTargetException
	at java.base/jdk.internal.reflect.NativeConstructorAccessorImpl.newInstance0(Native Method)
	at java.base/jdk.internal.reflect.NativeConstructorAccessorImpl.newInstance(NativeConstructorAccessorImpl.java:62)
	at java.base/jdk.internal.reflect.DelegatingConstructorAccessorImpl.newInstance(DelegatingConstructorAccessorImpl.java:45)
	at java.base/java.lang.reflect.Constructor.newInstance(Constructor.java:490)
	at ptolemy.util.test.junit.AutoKnownFailedTests.RunModel(AutoKnownFailedTests.java:105)
	at java.base/jdk.internal.reflect.NativeMethodAccessorImpl.invoke0(Native Method)
	at java.base/jdk.internal.reflect.NativeMethodAccessorImpl.invoke(NativeMethodAccessorImpl.java:62)
	at java.base/jdk.internal.reflect.DelegatingMethodAccessorImpl.invoke(DelegatingMethodAccessorImpl.java:43)
	at java.base/java.lang.reflect.Method.invoke(Method.java:566)
	at org.junit.runners.model.FrameworkMethod$1.runReflectiveCall(FrameworkMethod.java:44)
	at org.junit.internal.runners.model.ReflectiveCallable.run(ReflectiveCallable.java:15)
	at org.junit.runners.model.FrameworkMethod.invokeExplosively(FrameworkMethod.java:41)
	at junitparams.internal.InvokeParameterisedMethod.evaluate(InvokeParameterisedMethod.java:102)
	at org.junit.internal.runners.statements.FailOnTimeout$1.run(FailOnTimeout.java:28)
Caused by: ptolemy.kernel.util.IllegalActionException: Actor is not ready to fire.  Perhaps UpSample.prefire() returned false? Try debugging the actor by selecting "Listen to Actor".  Also, for SDF check moml for tokenConsumptionRate on input.
  in .DESDFClockTest.Play Bell.Copy1:SDF Director and .DESDFClockTest.Play Bell.UpSample
	at ptolemy.actor.sched.StaticSchedulingDirector.fire(StaticSchedulingDirector.java:227)
	at ptolemy.domains.sdf.kernel.SDFDirector.fire(SDFDirector.java:500)
	at ptolemy.actor.CompositeActor.fire(CompositeActor.java:455)
	at ptolemy.domains.de.kernel.DEDirector._fire(DEDirector.java:1949)
	at ptolemy.domains.de.kernel.DEDirector.fire(DEDirector.java:502)
	at ptolemy.actor.CompositeActor.fire(CompositeActor.java:455)
	at ptolemy.actor.Manager.iterate(Manager.java:851)
	at ptolemy.actor.Manager.execute(Manager.java:369)
	at ptolemy.actor.Manager.run(Manager.java:1263)
	at ptolemy.actor.Manager$PtolemyRunThread.run(Manager.java:1933)
java.lang.RuntimeException: Execution failed
	at ptolemy.moml.MoMLSimpleApplication$UnloadThread.run(MoMLSimpleApplication.java:402)
Caused by: ptolemy.kernel.util.IllegalActionException: Test fails in iteration 1.
Value was: 1.0. Should have been: 2.0
  in .DirectFeedback.Test
	at ptolemy.actor.lib.Test.fire(Test.java:268)
	at ptolemy.domains.de.kernel.DEDirector._fire(DEDirector.java:1949)
	at ptolemy.domains.de.kernel.DEDirector.fire(DEDirector.java:502)
	at ptolemy.actor.CompositeActor.fire(CompositeActor.java:455)
	at ptolemy.actor.Manager.iterate(Manager.java:851)
	at ptolemy.actor.Manager.execute(Manager.java:369)
	at ptolemy.actor.Manager.run(Manager.java:1263)
	at ptolemy.actor.Manager$PtolemyRunThread.run(Manager.java:1933)
java.lang.reflect.InvocationTargetException
	at java.base/jdk.internal.reflect.NativeConstructorAccessorImpl.newInstance0(Native Method)
	at java.base/jdk.internal.reflect.NativeConstructorAccessorImpl.newInstance(NativeConstructorAccessorImpl.java:62)
	at java.base/jdk.internal.reflect.DelegatingConstructorAccessorImpl.newInstance(DelegatingConstructorAccessorImpl.java:45)
	at java.base/java.lang.reflect.Constructor.newInstance(Constructor.java:490)
	at ptolemy.util.test.junit.AutoKnownFailedTests.RunModel(AutoKnownFailedTests.java:105)
	at java.base/jdk.internal.reflect.NativeMethodAccessorImpl.invoke0(Native Method)
	at java.base/jdk.internal.reflect.NativeMethodAccessorImpl.invoke(NativeMethodAccessorImpl.java:62)
	at java.base/jdk.internal.reflect.DelegatingMethodAccessorImpl.invoke(DelegatingMethodAccessorImpl.java:43)
	at java.base/java.lang.reflect.Method.invoke(Method.java:566)
	at org.junit.runners.model.FrameworkMethod$1.runReflectiveCall(FrameworkMethod.java:44)
	at org.junit.internal.runners.model.ReflectiveCallable.run(ReflectiveCallable.java:15)
	at org.junit.runners.model.FrameworkMethod.invokeExplosively(FrameworkMethod.java:41)
	at junitparams.internal.InvokeParameterisedMethod.evaluate(InvokeParameterisedMethod.java:102)
	at org.junit.internal.runners.statements.FailOnTimeout$1.run(FailOnTimeout.java:28)
Caused by: ptolemy.kernel.util.IllegalActionException: Test fails in iteration 1.
Value was: 1.0. Should have been: 2.0
  in .DirectFeedback.Test
	at ptolemy.actor.lib.Test.fire(Test.java:268)
	at ptolemy.domains.de.kernel.DEDirector._fire(DEDirector.java:1949)
	at ptolemy.domains.de.kernel.DEDirector.fire(DEDirector.java:502)
	at ptolemy.actor.CompositeActor.fire(CompositeActor.java:455)
	at ptolemy.actor.Manager.iterate(Manager.java:851)
	at ptolemy.actor.Manager.execute(Manager.java:369)
	at ptolemy.actor.Manager.run(Manager.java:1263)
	at ptolemy.actor.Manager$PtolemyRunThread.run(Manager.java:1933)
java.lang.RuntimeException: Execution failed
	at ptolemy.moml.MoMLSimpleApplication$UnloadThread.run(MoMLSimpleApplication.java:402)
Caused by: ptolemy.kernel.util.IllegalActionException: Found a zero delay loop containing .HierarchicalModel.A
  in .HierarchicalModel and .HierarchicalModel.A
	at ptolemy.actor.util.CausalityInterfaceForComposites._computeOutputPortDepth(CausalityInterfaceForComposites.java:759)
	at ptolemy.actor.util.CausalityInterfaceForComposites._computeInputDepth(CausalityInterfaceForComposites.java:696)
	at ptolemy.actor.util.CausalityInterfaceForComposites._computeOutputPortDepth(CausalityInterfaceForComposites.java:765)
	at ptolemy.actor.util.CausalityInterfaceForComposites._computeInputDepth(CausalityInterfaceForComposites.java:696)
	at ptolemy.actor.util.CausalityInterfaceForComposites._computeOutputPortDepth(CausalityInterfaceForComposites.java:765)
	at ptolemy.actor.util.CausalityInterfaceForComposites._computeInputDepth(CausalityInterfaceForComposites.java:696)
	at ptolemy.actor.util.CausalityInterfaceForComposites._computeActorDepth(CausalityInterfaceForComposites.java:532)
	at ptolemy.actor.util.CausalityInterfaceForComposites.checkForCycles(CausalityInterfaceForComposites.java:96)
	at ptolemy.domains.de.kernel.DEDirector.preinitialize(DEDirector.java:1338)
	at ptolemy.actor.CompositeActor.preinitialize(CompositeActor.java:1828)
	at ptolemy.actor.Manager.preinitializeAndResolveTypes(Manager.java:1040)
	at ptolemy.actor.Manager.initialize(Manager.java:710)
	at ptolemy.actor.Manager.execute(Manager.java:356)
	at ptolemy.actor.Manager.run(Manager.java:1263)
	at ptolemy.actor.Manager$PtolemyRunThread.run(Manager.java:1933)
java.lang.reflect.InvocationTargetException
	at java.base/jdk.internal.reflect.NativeConstructorAccessorImpl.newInstance0(Native Method)
	at java.base/jdk.internal.reflect.NativeConstructorAccessorImpl.newInstance(NativeConstructorAccessorImpl.java:62)
	at java.base/jdk.internal.reflect.DelegatingConstructorAccessorImpl.newInstance(DelegatingConstructorAccessorImpl.java:45)
	at java.base/java.lang.reflect.Constructor.newInstance(Constructor.java:490)
	at ptolemy.util.test.junit.AutoKnownFailedTests.RunModel(AutoKnownFailedTests.java:105)
	at java.base/jdk.internal.reflect.NativeMethodAccessorImpl.invoke0(Native Method)
	at java.base/jdk.internal.reflect.NativeMethodAccessorImpl.invoke(NativeMethodAccessorImpl.java:62)
	at java.base/jdk.internal.reflect.DelegatingMethodAccessorImpl.invoke(DelegatingMethodAccessorImpl.java:43)
	at java.base/java.lang.reflect.Method.invoke(Method.java:566)
	at org.junit.runners.model.FrameworkMethod$1.runReflectiveCall(FrameworkMethod.java:44)
	at org.junit.internal.runners.model.ReflectiveCallable.run(ReflectiveCallable.java:15)
	at org.junit.runners.model.FrameworkMethod.invokeExplosively(FrameworkMethod.java:41)
	at junitparams.internal.InvokeParameterisedMethod.evaluate(InvokeParameterisedMethod.java:102)
	at org.junit.internal.runners.statements.FailOnTimeout$1.run(FailOnTimeout.java:28)
Caused by: ptolemy.kernel.util.IllegalActionException: Found a zero delay loop containing .HierarchicalModel.A
  in .HierarchicalModel and .HierarchicalModel.A
	at ptolemy.actor.util.CausalityInterfaceForComposites._computeOutputPortDepth(CausalityInterfaceForComposites.java:759)
	at ptolemy.actor.util.CausalityInterfaceForComposites._computeInputDepth(CausalityInterfaceForComposites.java:696)
	at ptolemy.actor.util.CausalityInterfaceForComposites._computeOutputPortDepth(CausalityInterfaceForComposites.java:765)
	at ptolemy.actor.util.CausalityInterfaceForComposites._computeInputDepth(CausalityInterfaceForComposites.java:696)
	at ptolemy.actor.util.CausalityInterfaceForComposites._computeOutputPortDepth(CausalityInterfaceForComposites.java:765)
	at ptolemy.actor.util.CausalityInterfaceForComposites._computeInputDepth(CausalityInterfaceForComposites.java:696)
	at ptolemy.actor.util.CausalityInterfaceForComposites._computeActorDepth(CausalityInterfaceForComposites.java:532)
	at ptolemy.actor.util.CausalityInterfaceForComposites.checkForCycles(CausalityInterfaceForComposites.java:96)
	at ptolemy.domains.de.kernel.DEDirector.preinitialize(DEDirector.java:1338)
	at ptolemy.actor.CompositeActor.preinitialize(CompositeActor.java:1828)
	at ptolemy.actor.Manager.preinitializeAndResolveTypes(Manager.java:1040)
	at ptolemy.actor.Manager.initialize(Manager.java:710)
	at ptolemy.actor.Manager.execute(Manager.java:356)
	at ptolemy.actor.Manager.run(Manager.java:1263)
	at ptolemy.actor.Manager$PtolemyRunThread.run(Manager.java:1933)
java.lang.RuntimeException: Execution failed
	at ptolemy.moml.MoMLSimpleApplication$UnloadThread.run(MoMLSimpleApplication.java:402)
Caused by: ptolemy.kernel.util.IllegalActionException: Found a zero delay loop containing .dependencyLoop.original
  in .dependencyLoop and .dependencyLoop.original
	at ptolemy.actor.util.CausalityInterfaceForComposites._computeOutputPortDepth(CausalityInterfaceForComposites.java:759)
	at ptolemy.actor.util.CausalityInterfaceForComposites._computeInputDepth(CausalityInterfaceForComposites.java:696)
	at ptolemy.actor.util.CausalityInterfaceForComposites._computeOutputPortDepth(CausalityInterfaceForComposites.java:765)
	at ptolemy.actor.util.CausalityInterfaceForComposites._computeInputDepth(CausalityInterfaceForComposites.java:696)
	at ptolemy.actor.util.CausalityInterfaceForComposites._computeOutputPortDepth(CausalityInterfaceForComposites.java:765)
	at ptolemy.actor.util.CausalityInterfaceForComposites._computeInputDepth(CausalityInterfaceForComposites.java:696)
	at ptolemy.actor.util.CausalityInterfaceForComposites._computeActorDepth(CausalityInterfaceForComposites.java:532)
	at ptolemy.actor.util.CausalityInterfaceForComposites.checkForCycles(CausalityInterfaceForComposites.java:96)
	at ptolemy.domains.de.kernel.DEDirector.preinitialize(DEDirector.java:1338)
	at ptolemy.actor.CompositeActor.preinitialize(CompositeActor.java:1828)
	at ptolemy.actor.Manager.preinitializeAndResolveTypes(Manager.java:1040)
	at ptolemy.actor.Manager.initialize(Manager.java:710)
	at ptolemy.actor.Manager.execute(Manager.java:356)
	at ptolemy.actor.Manager.run(Manager.java:1263)
	at ptolemy.actor.Manager$PtolemyRunThread.run(Manager.java:1933)
java.lang.reflect.InvocationTargetException
	at java.base/jdk.internal.reflect.NativeConstructorAccessorImpl.newInstance0(Native Method)
	at java.base/jdk.internal.reflect.NativeConstructorAccessorImpl.newInstance(NativeConstructorAccessorImpl.java:62)
	at java.base/jdk.internal.reflect.DelegatingConstructorAccessorImpl.newInstance(DelegatingConstructorAccessorImpl.java:45)
	at java.base/java.lang.reflect.Constructor.newInstance(Constructor.java:490)
	at ptolemy.util.test.junit.AutoKnownFailedTests.RunModel(AutoKnownFailedTests.java:105)
	at java.base/jdk.internal.reflect.NativeMethodAccessorImpl.invoke0(Native Method)
	at java.base/jdk.internal.reflect.NativeMethodAccessorImpl.invoke(NativeMethodAccessorImpl.java:62)
	at java.base/jdk.internal.reflect.DelegatingMethodAccessorImpl.invoke(DelegatingMethodAccessorImpl.java:43)
	at java.base/java.lang.reflect.Method.invoke(Method.java:566)
	at org.junit.runners.model.FrameworkMethod$1.runReflectiveCall(FrameworkMethod.java:44)
	at org.junit.internal.runners.model.ReflectiveCallable.run(ReflectiveCallable.java:15)
	at org.junit.runners.model.FrameworkMethod.invokeExplosively(FrameworkMethod.java:41)
	at junitparams.internal.InvokeParameterisedMethod.evaluate(InvokeParameterisedMethod.java:102)
	at org.junit.internal.runners.statements.FailOnTimeout$1.run(FailOnTimeout.java:28)
Caused by: ptolemy.kernel.util.IllegalActionException: Found a zero delay loop containing .dependencyLoop.original
  in .dependencyLoop and .dependencyLoop.original
	at ptolemy.actor.util.CausalityInterfaceForComposites._computeOutputPortDepth(CausalityInterfaceForComposites.java:759)
	at ptolemy.actor.util.CausalityInterfaceForComposites._computeInputDepth(CausalityInterfaceForComposites.java:696)
	at ptolemy.actor.util.CausalityInterfaceForComposites._computeOutputPortDepth(CausalityInterfaceForComposites.java:765)
	at ptolemy.actor.util.CausalityInterfaceForComposites._computeInputDepth(CausalityInterfaceForComposites.java:696)
	at ptolemy.actor.util.CausalityInterfaceForComposites._computeOutputPortDepth(CausalityInterfaceForComposites.java:765)
	at ptolemy.actor.util.CausalityInterfaceForComposites._computeInputDepth(CausalityInterfaceForComposites.java:696)
	at ptolemy.actor.util.CausalityInterfaceForComposites._computeActorDepth(CausalityInterfaceForComposites.java:532)
	at ptolemy.actor.util.CausalityInterfaceForComposites.checkForCycles(CausalityInterfaceForComposites.java:96)
	at ptolemy.domains.de.kernel.DEDirector.preinitialize(DEDirector.java:1338)
	at ptolemy.actor.CompositeActor.preinitialize(CompositeActor.java:1828)
	at ptolemy.actor.Manager.preinitializeAndResolveTypes(Manager.java:1040)
	at ptolemy.actor.Manager.initialize(Manager.java:710)
	at ptolemy.actor.Manager.execute(Manager.java:356)
	at ptolemy.actor.Manager.run(Manager.java:1263)
	at ptolemy.actor.Manager$PtolemyRunThread.run(Manager.java:1933)
java.lang.RuntimeException: Execution failed
	at ptolemy.moml.MoMLSimpleApplication$UnloadThread.run(MoMLSimpleApplication.java:402)
Caused by: ptolemy.kernel.util.IllegalActionException: Found a zero delay loop containing .dependencyLoop2.original
  in .dependencyLoop2 and .dependencyLoop2.original
	at ptolemy.actor.util.CausalityInterfaceForComposites._computeOutputPortDepth(CausalityInterfaceForComposites.java:759)
	at ptolemy.actor.util.CausalityInterfaceForComposites._computeInputDepth(CausalityInterfaceForComposites.java:696)
	at ptolemy.actor.util.CausalityInterfaceForComposites._computeOutputPortDepth(CausalityInterfaceForComposites.java:765)
	at ptolemy.actor.util.CausalityInterfaceForComposites._computeInputDepth(CausalityInterfaceForComposites.java:696)
	at ptolemy.actor.util.CausalityInterfaceForComposites._computeOutputPortDepth(CausalityInterfaceForComposites.java:765)
	at ptolemy.actor.util.CausalityInterfaceForComposites._computeInputDepth(CausalityInterfaceForComposites.java:696)
	at ptolemy.actor.util.CausalityInterfaceForComposites._computeActorDepth(CausalityInterfaceForComposites.java:532)
	at ptolemy.actor.util.CausalityInterfaceForComposites.checkForCycles(CausalityInterfaceForComposites.java:96)
	at ptolemy.domains.de.kernel.DEDirector.preinitialize(DEDirector.java:1338)
	at ptolemy.actor.CompositeActor.preinitialize(CompositeActor.java:1828)
	at ptolemy.actor.Manager.preinitializeAndResolveTypes(Manager.java:1040)
	at ptolemy.actor.Manager.initialize(Manager.java:710)
	at ptolemy.actor.Manager.execute(Manager.java:356)
	at ptolemy.actor.Manager.run(Manager.java:1263)
	at ptolemy.actor.Manager$PtolemyRunThread.run(Manager.java:1933)
java.lang.reflect.InvocationTargetException
	at java.base/jdk.internal.reflect.NativeConstructorAccessorImpl.newInstance0(Native Method)
	at java.base/jdk.internal.reflect.NativeConstructorAccessorImpl.newInstance(NativeConstructorAccessorImpl.java:62)
	at java.base/jdk.internal.reflect.DelegatingConstructorAccessorImpl.newInstance(DelegatingConstructorAccessorImpl.java:45)
	at java.base/java.lang.reflect.Constructor.newInstance(Constructor.java:490)
	at ptolemy.util.test.junit.AutoKnownFailedTests.RunModel(AutoKnownFailedTests.java:105)
	at java.base/jdk.internal.reflect.NativeMethodAccessorImpl.invoke0(Native Method)
	at java.base/jdk.internal.reflect.NativeMethodAccessorImpl.invoke(NativeMethodAccessorImpl.java:62)
	at java.base/jdk.internal.reflect.DelegatingMethodAccessorImpl.invoke(DelegatingMethodAccessorImpl.java:43)
	at java.base/java.lang.reflect.Method.invoke(Method.java:566)
	at org.junit.runners.model.FrameworkMethod$1.runReflectiveCall(FrameworkMethod.java:44)
	at org.junit.internal.runners.model.ReflectiveCallable.run(ReflectiveCallable.java:15)
	at org.junit.runners.model.FrameworkMethod.invokeExplosively(FrameworkMethod.java:41)
	at junitparams.internal.InvokeParameterisedMethod.evaluate(InvokeParameterisedMethod.java:102)
	at org.junit.internal.runners.statements.FailOnTimeout$1.run(FailOnTimeout.java:28)
Caused by: ptolemy.kernel.util.IllegalActionException: Found a zero delay loop containing .dependencyLoop2.original
  in .dependencyLoop2 and .dependencyLoop2.original
	at ptolemy.actor.util.CausalityInterfaceForComposites._computeOutputPortDepth(CausalityInterfaceForComposites.java:759)
	at ptolemy.actor.util.CausalityInterfaceForComposites._computeInputDepth(CausalityInterfaceForComposites.java:696)
	at ptolemy.actor.util.CausalityInterfaceForComposites._computeOutputPortDepth(CausalityInterfaceForComposites.java:765)
	at ptolemy.actor.util.CausalityInterfaceForComposites._computeInputDepth(CausalityInterfaceForComposites.java:696)
	at ptolemy.actor.util.CausalityInterfaceForComposites._computeOutputPortDepth(CausalityInterfaceForComposites.java:765)
	at ptolemy.actor.util.CausalityInterfaceForComposites._computeInputDepth(CausalityInterfaceForComposites.java:696)
	at ptolemy.actor.util.CausalityInterfaceForComposites._computeActorDepth(CausalityInterfaceForComposites.java:532)
	at ptolemy.actor.util.CausalityInterfaceForComposites.checkForCycles(CausalityInterfaceForComposites.java:96)
	at ptolemy.domains.de.kernel.DEDirector.preinitialize(DEDirector.java:1338)
	at ptolemy.actor.CompositeActor.preinitialize(CompositeActor.java:1828)
	at ptolemy.actor.Manager.preinitializeAndResolveTypes(Manager.java:1040)
	at ptolemy.actor.Manager.initialize(Manager.java:710)
	at ptolemy.actor.Manager.execute(Manager.java:356)
	at ptolemy.actor.Manager.run(Manager.java:1263)
	at ptolemy.actor.Manager$PtolemyRunThread.run(Manager.java:1933)
]]></system-err>
</testsuite>
