<?xml version="1.0" encoding="UTF-8" ?>
<testsuite errors="0" failures="0" hostname="travis-job-9c0c4ec9-5f20-4bfb-b9c1-9a6dd122586b" name="ptolemy.domains.sdf.test.junit.JUnitTclTest" skipped="0" tests="66" time="20.752" timestamp="2019-07-04T05:03:09">
  <properties>
[...]
</properties>
  <testcase classname="ptolemy.util.test.junit.TclTests" name="[0] /home/travis/build/icyphy/ptII/ptolemy/domains/sdf/test/SDFSchedulerErrors.tcl (RunTclFile)" time="0.921" />
  <testcase classname="ptolemy.util.test.junit.TclTests" name="[1] /home/travis/build/icyphy/ptII/ptolemy/domains/sdf/test/composition.tcl (RunTclFile)" time="0.21" />
  <testcase classname="ptolemy.util.test.junit.TclTests" name="[2] /home/travis/build/icyphy/ptII/ptolemy/domains/sdf/test/cycle.tcl (RunTclFile)" time="0.044" />
  <testcase classname="ptolemy.util.test.junit.AutoKnownFailedTests" name="[0] ThereAreNoKnowFailedTests (RunModel)" time="0.001" />
  <testcase classname="ptolemy.util.test.junit.AutoNameArchTests" name="[0] ThereAreNoAutoArchTests (RunModel)" time="0.001" />
  <testcase classname="ptolemy.util.test.junit.AutoTests" name="[0] /home/travis/build/icyphy/ptII/ptolemy/domains/sdf/test/auto/Array.xml (RunModel)" time="0.355" />
  <testcase classname="ptolemy.util.test.junit.AutoTests" name="[1] /home/travis/build/icyphy/ptII/ptolemy/domains/sdf/test/auto/Butterfly.xml (RunModel)" time="0.167" />
  <testcase classname="ptolemy.util.test.junit.AutoTests" name="[2] /home/travis/build/icyphy/ptII/ptolemy/domains/sdf/test/auto/Expression.xml (RunModel)" time="0.119" />
  <testcase classname="ptolemy.util.test.junit.AutoTests" name="[3] /home/travis/build/icyphy/ptII/ptolemy/domains/sdf/test/auto/Eye.xml (RunModel)" time="0.291" />
  <testcase classname="ptolemy.util.test.junit.AutoTests" name="[4] /home/travis/build/icyphy/ptII/ptolemy/domains/sdf/test/auto/FixFIR.xml (RunModel)" time="0.323" />
  <testcase classname="ptolemy.util.test.junit.AutoTests" name="[5] /home/travis/build/icyphy/ptII/ptolemy/domains/sdf/test/auto/FixPoint.xml (RunModel)" time="0.035" />
  <testcase classname="ptolemy.util.test.junit.AutoTests" name="[6] /home/travis/build/icyphy/ptII/ptolemy/domains/sdf/test/auto/Gravitation.xml (RunModel)" time="3.328" />
  <testcase classname="ptolemy.util.test.junit.AutoTests" name="[7] /home/travis/build/icyphy/ptII/ptolemy/domains/sdf/test/auto/GravitationWithCollisionDetection.xml (RunModel)" time="6.554" />
  <testcase classname="ptolemy.util.test.junit.AutoTests" name="[8] /home/travis/build/icyphy/ptII/ptolemy/domains/sdf/test/auto/HDF.xml (RunModel)" time="0.08" />
  <testcase classname="ptolemy.util.test.junit.AutoTests" name="[9] /home/travis/build/icyphy/ptII/ptolemy/domains/sdf/test/auto/HDFwithTransientStates.xml (RunModel)" time="0.108" />
  <testcase classname="ptolemy.util.test.junit.AutoTests" name="[10] /home/travis/build/icyphy/ptII/ptolemy/domains/sdf/test/auto/HTVQ.xml (RunModel)" time="0.919" />
  <testcase classname="ptolemy.util.test.junit.AutoTests" name="[11] /home/travis/build/icyphy/ptII/ptolemy/domains/sdf/test/auto/InferInitProduction.xml (RunModel)" time="0.021" />
  <testcase classname="ptolemy.util.test.junit.AutoTests" name="[12] /home/travis/build/icyphy/ptII/ptolemy/domains/sdf/test/auto/InferInitProductionDeeper.xml (RunModel)" time="0.026" />
  <testcase classname="ptolemy.util.test.junit.AutoTests" name="[13] /home/travis/build/icyphy/ptII/ptolemy/domains/sdf/test/auto/LMSAdaptive.xml (RunModel)" time="0.09" />
  <testcase classname="ptolemy.util.test.junit.AutoTests" name="[14] /home/travis/build/icyphy/ptII/ptolemy/domains/sdf/test/auto/LogisticMap.xml (RunModel)" time="0.468" />
  <testcase classname="ptolemy.util.test.junit.AutoTests" name="[15] /home/travis/build/icyphy/ptII/ptolemy/domains/sdf/test/auto/MaximumEntropySpectrum.xml (RunModel)" time="0.299" />
  <testcase classname="ptolemy.util.test.junit.AutoTests" name="[16] /home/travis/build/icyphy/ptII/ptolemy/domains/sdf/test/auto/MultirateSDF.xml (RunModel)" time="0.071" />
  <testcase classname="ptolemy.util.test.junit.AutoTests" name="[17] /home/travis/build/icyphy/ptII/ptolemy/domains/sdf/test/auto/MultirateSDFwithTransientStates.xml (RunModel)" time="0.086" />
  <testcase classname="ptolemy.util.test.junit.AutoTests" name="[18] /home/travis/build/icyphy/ptII/ptolemy/domains/sdf/test/auto/NoisySinewave.xml (RunModel)" time="0.069" />
  <testcase classname="ptolemy.util.test.junit.AutoTests" name="[19] /home/travis/build/icyphy/ptII/ptolemy/domains/sdf/test/auto/Objects.xml (RunModel)" time="0.038" />
  <testcase classname="ptolemy.util.test.junit.AutoTests" name="[20] /home/travis/build/icyphy/ptII/ptolemy/domains/sdf/test/auto/OrthogonalCom.xml (RunModel)" time="0.045" />
  <testcase classname="ptolemy.util.test.junit.AutoTests" name="[21] /home/travis/build/icyphy/ptII/ptolemy/domains/sdf/test/auto/RijndaelEncryption.xml (RunModel)" time="0.525" />
  <testcase classname="ptolemy.util.test.junit.AutoTests" name="[22] /home/travis/build/icyphy/ptII/ptolemy/domains/sdf/test/auto/SDFEmptyIterations.xml (RunModel)" time="0.025" />
  <testcase classname="ptolemy.util.test.junit.AutoTests" name="[23] /home/travis/build/icyphy/ptII/ptolemy/domains/sdf/test/auto/Spectrum.xml (RunModel)" time="0.084" />
  <testcase classname="ptolemy.util.test.junit.AutoTests" name="[24] /home/travis/build/icyphy/ptII/ptolemy/domains/sdf/test/auto/de_inside_sdf.xml (RunModel)" time="0.025" />
  <testcase classname="ptolemy.util.test.junit.AutoTests" name="[25] /home/travis/build/icyphy/ptII/ptolemy/domains/sdf/test/auto/disconnectedHierarchicalSDF.xml (RunModel)" time="0.024" />
  <testcase classname="ptolemy.util.test.junit.AutoTests" name="[26] /home/travis/build/icyphy/ptII/ptolemy/domains/sdf/test/auto/disconnectedSDF.xml (RunModel)" time="0.018" />
  <testcase classname="ptolemy.util.test.junit.AutoTests" name="[27] /home/travis/build/icyphy/ptII/ptolemy/domains/sdf/test/auto/emptyRefinement.xml (RunModel)" time="0.022" />
  <testcase classname="ptolemy.util.test.junit.AutoTests" name="[28] /home/travis/build/icyphy/ptII/ptolemy/domains/sdf/test/auto/filePortParameter.xml (RunModel)" time="0.047" />
  <testcase classname="ptolemy.util.test.junit.AutoTests" name="[29] /home/travis/build/icyphy/ptII/ptolemy/domains/sdf/test/auto/inferRelationWidth1.xml (RunModel)" time="0.02" />
  <testcase classname="ptolemy.util.test.junit.AutoTests" name="[30] /home/travis/build/icyphy/ptII/ptolemy/domains/sdf/test/auto/initProductionInference.xml (RunModel)" time="0.02" />
  <testcase classname="ptolemy.util.test.junit.AutoTests" name="[31] /home/travis/build/icyphy/ptII/ptolemy/domains/sdf/test/auto/relationGroup.xml (RunModel)" time="0.017" />
  <testcase classname="ptolemy.util.test.junit.AutoTests" name="[32] /home/travis/build/icyphy/ptII/ptolemy/domains/sdf/test/auto/relationGroup10.xml (RunModel)" time="0.016" />
  <testcase classname="ptolemy.util.test.junit.AutoTests" name="[33] /home/travis/build/icyphy/ptII/ptolemy/domains/sdf/test/auto/relationGroup11.xml (RunModel)" time="0.016" />
  <testcase classname="ptolemy.util.test.junit.AutoTests" name="[34] /home/travis/build/icyphy/ptII/ptolemy/domains/sdf/test/auto/relationGroup12.xml (RunModel)" time="0.018" />
  <testcase classname="ptolemy.util.test.junit.AutoTests" name="[35] /home/travis/build/icyphy/ptII/ptolemy/domains/sdf/test/auto/relationGroup13.xml (RunModel)" time="0.025" />
  <testcase classname="ptolemy.util.test.junit.AutoTests" name="[36] /home/travis/build/icyphy/ptII/ptolemy/domains/sdf/test/auto/relationGroup14.xml (RunModel)" time="0.025" />
  <testcase classname="ptolemy.util.test.junit.AutoTests" name="[37] /home/travis/build/icyphy/ptII/ptolemy/domains/sdf/test/auto/relationGroup15.xml (RunModel)" time="0.013" />
  <testcase classname="ptolemy.util.test.junit.AutoTests" name="[38] /home/travis/build/icyphy/ptII/ptolemy/domains/sdf/test/auto/relationGroup2.xml (RunModel)" time="0.008" />
  <testcase classname="ptolemy.util.test.junit.AutoTests" name="[39] /home/travis/build/icyphy/ptII/ptolemy/domains/sdf/test/auto/relationGroup3.xml (RunModel)" time="0.011" />
  <testcase classname="ptolemy.util.test.junit.AutoTests" name="[40] /home/travis/build/icyphy/ptII/ptolemy/domains/sdf/test/auto/relationGroup4.xml (RunModel)" time="0.017" />
  <testcase classname="ptolemy.util.test.junit.AutoTests" name="[41] /home/travis/build/icyphy/ptII/ptolemy/domains/sdf/test/auto/relationGroup5.xml (RunModel)" time="0.012" />
  <testcase classname="ptolemy.util.test.junit.AutoTests" name="[42] /home/travis/build/icyphy/ptII/ptolemy/domains/sdf/test/auto/relationGroup6.xml (RunModel)" time="0.018" />
  <testcase classname="ptolemy.util.test.junit.AutoTests" name="[43] /home/travis/build/icyphy/ptII/ptolemy/domains/sdf/test/auto/relationGroup7.xml (RunModel)" time="0.009" />
  <testcase classname="ptolemy.util.test.junit.AutoTests" name="[44] /home/travis/build/icyphy/ptII/ptolemy/domains/sdf/test/auto/relationGroup8.xml (RunModel)" time="0.008" />
  <testcase classname="ptolemy.util.test.junit.AutoTests" name="[45] /home/travis/build/icyphy/ptII/ptolemy/domains/sdf/test/auto/relationGroup9.xml (RunModel)" time="0.013" />
  <testcase classname="ptolemy.util.test.junit.AutoTests" name="[46] /home/travis/build/icyphy/ptII/ptolemy/domains/sdf/test/auto/sdf_inside_de.xml (RunModel)" time="0.043" />
  <testcase classname="ptolemy.util.test.junit.AutoTests" name="[47] /home/travis/build/icyphy/ptII/ptolemy/domains/sdf/test/auto/sdf_inside_pn.xml (RunModel)" time="0.066" />
  <testcase classname="ptolemy.util.test.junit.AutoTests" name="[48] /home/travis/build/icyphy/ptII/ptolemy/domains/sdf/test/auto/sdf_sdf1.xml (RunModel)" time="0.025" />
  <testcase classname="ptolemy.util.test.junit.AutoTests" name="[49] /home/travis/build/icyphy/ptII/ptolemy/domains/sdf/test/auto/test1.xml (RunModel)" time="0.015" />
  <testcase classname="ptolemy.util.test.junit.AutoTests" name="[50] /home/travis/build/icyphy/ptII/ptolemy/domains/sdf/test/auto/time1.xml (RunModel)" time="0.016" />
  <testcase classname="ptolemy.util.test.junit.AutoTests" name="[51] /home/travis/build/icyphy/ptII/ptolemy/domains/sdf/test/auto/time2.xml (RunModel)" time="0.01" />
  <testcase classname="ptolemy.util.test.junit.AutoTests" name="[52] /home/travis/build/icyphy/ptII/ptolemy/domains/sdf/test/auto/time3.xml (RunModel)" time="0.018" />
  <testcase classname="ptolemy.util.test.junit.AutoTests" name="[53] /home/travis/build/icyphy/ptII/ptolemy/domains/sdf/test/auto/time4.xml (RunModel)" time="0.02" />
  <testcase classname="ptolemy.util.test.junit.AutoTests" name="[54] /home/travis/build/icyphy/ptII/ptolemy/domains/sdf/test/auto/time5.xml (RunModel)" time="4.009" />
  <testcase classname="ptolemy.util.test.junit.AutoTests" name="[55] /home/travis/build/icyphy/ptII/ptolemy/domains/sdf/test/auto/typeSystem_Const_Integer_smallest_Type.xml (RunModel)" time="0.038" />
  <testcase classname="ptolemy.util.test.junit.AutoTests" name="[56] /home/travis/build/icyphy/ptII/ptolemy/domains/sdf/test/auto/typeSystem_declared_Inports_OutportTypeException.xml (RunModel)" time="0.039" />
  <testcase classname="ptolemy.util.test.junit.AutoTests" name="[57] /home/travis/build/icyphy/ptII/ptolemy/domains/sdf/test/auto/typeSystem_oneDeclaredInportType_wrongTypeOutport.xml (RunModel)" time="0.018" />
  <testcase classname="ptolemy.util.test.junit.AutoTests" name="[58] /home/travis/build/icyphy/ptII/ptolemy/domains/sdf/test/auto/width.xml (RunModel)" time="0.011" />
  <testcase classname="ptolemy.util.test.junit.AutoTests" name="[59] /home/travis/build/icyphy/ptII/ptolemy/domains/sdf/test/auto/width2.xml (RunModel)" time="0.042" />
  <testcase classname="ptolemy.util.test.junit.AutoTests" name="[60] /home/travis/build/icyphy/ptII/ptolemy/domains/sdf/test/auto/width3.xml (RunModel)" time="0.046" />
  <system-out><![CDATA[/home/travis/build/icyphy/ptII/ptolemy/domains/sdf/test/SDFSchedulerErrors.tcl
testDefs.tcl: setting time out to 9000 seconds at Thu Jul 04 05:03:09 UTC 2019
83 ms. Memory: 120832K Free: 108807K (90%)
13 ms. Memory: 120832K Free: 101432K (84%)
7 ms. Memory: 120832K Free: 95949K (79%)
4 ms. Memory: 120832K Free: 93354K (77%)
/home/travis/build/icyphy/ptII/ptolemy/domains/sdf/test/composition.tcl
50 ms. Memory: 120832K Free: 90387K (75%)
18 ms. Memory: 167936K Free: 154997K (92%)
/home/travis/build/icyphy/ptII/ptolemy/domains/sdf/test/cycle.tcl
.Toplevel.Director Preinitializing ...
Invoking preinitialize():  .Toplevel.Actor1
Invoking preinitialize():  .Toplevel.Actor2
Invoking preinitialize():  .Toplevel.Delay
.Toplevel.Director Finished preinitialize().
### Schedule:
Execute Schedule{
Fire Actor ptolemy.domains.sdf.kernel.test.SDFTestDelay {.Toplevel.Actor1}
Fire Actor ptolemy.domains.sdf.kernel.test.SDFTestDelay {.Toplevel.Actor2}
Fire Actor ptolemy.domains.sdf.lib.SampleDelay {.Toplevel.Delay}
}
### End schedule
Called initialize().
Invoking initialize():  .Toplevel.Actor1
Initializing actor: .Toplevel.Actor1.
Invoking initialize():  .Toplevel.Actor2
Initializing actor: .Toplevel.Actor2.
Invoking initialize():  .Toplevel.Delay
Initializing actor: .Toplevel.Delay.
Director: Called prefire().
-- Setting current time to 0.0
Director prefire returns true.
The actor .Toplevel.Actor1 will be iterated.
The actor .Toplevel.Actor1 was iterated.
The actor .Toplevel.Actor2 will be iterated.
The actor .Toplevel.Actor2 was iterated.
The actor .Toplevel.Delay will be iterated.
The actor .Toplevel.Delay was iterated.
Director: Called postfire().
Postfire returns: true
Director: Called prefire().
-- Setting current time to 0.0
Director prefire returns true.
The actor .Toplevel.Actor1 will be iterated.
The actor .Toplevel.Actor1 was iterated.
The actor .Toplevel.Actor2 will be iterated.
The actor .Toplevel.Actor2 was iterated.
The actor .Toplevel.Delay will be iterated.
The actor .Toplevel.Delay was iterated.
Director: Called postfire().
Postfire returns: true
Director: Called prefire().
-- Setting current time to 0.0
Director prefire returns true.
The actor .Toplevel.Actor1 will be iterated.
The actor .Toplevel.Actor1 was iterated.
The actor .Toplevel.Actor2 will be iterated.
The actor .Toplevel.Actor2 was iterated.
The actor .Toplevel.Delay will be iterated.
The actor .Toplevel.Delay was iterated.
Director: Called postfire().
Postfire returns: true
Director: Called prefire().
-- Setting current time to 0.0
Director prefire returns true.
The actor .Toplevel.Actor1 will be iterated.
The actor .Toplevel.Actor1 was iterated.
The actor .Toplevel.Actor2 will be iterated.
The actor .Toplevel.Actor2 was iterated.
The actor .Toplevel.Delay will be iterated.
The actor .Toplevel.Delay was iterated.
Director: Called postfire().
Postfire returns: true
Director: Called prefire().
-- Setting current time to 0.0
Director prefire returns true.
The actor .Toplevel.Actor1 will be iterated.
The actor .Toplevel.Actor1 was iterated.
The actor .Toplevel.Actor2 will be iterated.
The actor .Toplevel.Actor2 was iterated.
The actor .Toplevel.Delay will be iterated.
The actor .Toplevel.Delay was iterated.
Director: Called postfire().
Postfire returns: true
Director: Called prefire().
-- Setting current time to 0.0
Director prefire returns true.
The actor .Toplevel.Actor1 will be iterated.
The actor .Toplevel.Actor1 was iterated.
The actor .Toplevel.Actor2 will be iterated.
The actor .Toplevel.Actor2 was iterated.
The actor .Toplevel.Delay will be iterated.
The actor .Toplevel.Delay was iterated.
Reached specified number of iterations: 6
Director: Called wrapup().
22 ms. Memory: 167936K Free: 152435K (91%)
07/04/19 05:03:10
Failed: 0  Total Tests: 8  ((Passed: 8, Newly Passed: 0)  Known Failed: 0) /home/travis/build/icyphy/ptII/ptolemy/domains/sdf/test
No auto/knownFailedTests/*.xml tests in /home/travis/build/icyphy/ptII/ptolemy/domains/sdf/test
No auto/linux-amd64/*.xml tests in /home/travis/build/icyphy/ptII/ptolemy/domains/sdf/test
AutoTests.java: About to close Vertx.
AutoTests.java: Vertx closed.

===========================================================================================
----------------- testing Thu Jul 04 05:03:11 UTC 2019 /home/travis/build/icyphy/ptII/ptolemy/domains/sdf/test/auto/Array.xml
----------------- Instantiating /home/travis/build/icyphy/ptII/ptolemy/domains/sdf/test/auto/Array.xml
63 ms. Memory: 167936K Free: 138317K (82%)
----------------- Invoking toplevel() on ptolemy.moml.MoMLSimpleApplication@4c578f2a
----------------- Done invoking toplevel() on ptolemy.moml.MoMLSimpleApplication@4c578f2a
reloadAllAccessors: .Array

===========================================================================================
----------------- testing Thu Jul 04 05:03:11 UTC 2019 /home/travis/build/icyphy/ptII/ptolemy/domains/sdf/test/auto/Butterfly.xml
----------------- Instantiating /home/travis/build/icyphy/ptII/ptolemy/domains/sdf/test/auto/Butterfly.xml
89 ms. Memory: 167936K Free: 132551K (79%)
----------------- Invoking toplevel() on ptolemy.moml.MoMLSimpleApplication@347da3ae
----------------- Done invoking toplevel() on ptolemy.moml.MoMLSimpleApplication@347da3ae
reloadAllAccessors: .Butterfly

===========================================================================================
----------------- testing Thu Jul 04 05:03:11 UTC 2019 /home/travis/build/icyphy/ptII/ptolemy/domains/sdf/test/auto/Expression.xml
----------------- Instantiating /home/travis/build/icyphy/ptII/ptolemy/domains/sdf/test/auto/Expression.xml
90 ms. Memory: 167936K Free: 128107K (76%)
----------------- Invoking toplevel() on ptolemy.moml.MoMLSimpleApplication@38029434
----------------- Done invoking toplevel() on ptolemy.moml.MoMLSimpleApplication@38029434
reloadAllAccessors: .Expression

===========================================================================================
----------------- testing Thu Jul 04 05:03:11 UTC 2019 /home/travis/build/icyphy/ptII/ptolemy/domains/sdf/test/auto/Eye.xml
----------------- Instantiating /home/travis/build/icyphy/ptII/ptolemy/domains/sdf/test/auto/Eye.xml
167 ms. Memory: 167936K Free: 135538K (81%)
----------------- Invoking toplevel() on ptolemy.moml.MoMLSimpleApplication@55e897ea
----------------- Done invoking toplevel() on ptolemy.moml.MoMLSimpleApplication@55e897ea
reloadAllAccessors: .Eye

===========================================================================================
----------------- testing Thu Jul 04 05:03:11 UTC 2019 /home/travis/build/icyphy/ptII/ptolemy/domains/sdf/test/auto/FixFIR.xml
----------------- Instantiating /home/travis/build/icyphy/ptII/ptolemy/domains/sdf/test/auto/FixFIR.xml
157 ms. Memory: 167936K Free: 102256K (61%)
----------------- Invoking toplevel() on ptolemy.moml.MoMLSimpleApplication@481fb159
----------------- Done invoking toplevel() on ptolemy.moml.MoMLSimpleApplication@481fb159
reloadAllAccessors: .FixFIR

===========================================================================================
----------------- testing Thu Jul 04 05:03:12 UTC 2019 /home/travis/build/icyphy/ptII/ptolemy/domains/sdf/test/auto/FixPoint.xml
----------------- Instantiating /home/travis/build/icyphy/ptII/ptolemy/domains/sdf/test/auto/FixPoint.xml
8 ms. Memory: 167936K Free: 98160K (58%)
----------------- Invoking toplevel() on ptolemy.moml.MoMLSimpleApplication@92a7978
----------------- Done invoking toplevel() on ptolemy.moml.MoMLSimpleApplication@92a7978
reloadAllAccessors: .FixPoint

===========================================================================================
----------------- testing Thu Jul 04 05:03:12 UTC 2019 /home/travis/build/icyphy/ptII/ptolemy/domains/sdf/test/auto/Gravitation.xml
----------------- Instantiating /home/travis/build/icyphy/ptII/ptolemy/domains/sdf/test/auto/Gravitation.xml
3221 ms. Memory: 223232K Free: 172104K (77%)
----------------- Invoking toplevel() on ptolemy.moml.MoMLSimpleApplication@4b11ce42
----------------- Done invoking toplevel() on ptolemy.moml.MoMLSimpleApplication@4b11ce42
reloadAllAccessors: .Gravitation

===========================================================================================
----------------- testing Thu Jul 04 05:03:15 UTC 2019 /home/travis/build/icyphy/ptII/ptolemy/domains/sdf/test/auto/GravitationWithCollisionDetection.xml
----------------- Instantiating /home/travis/build/icyphy/ptII/ptolemy/domains/sdf/test/auto/GravitationWithCollisionDetection.xml
6405 ms. Memory: 334848K Free: 214042K (64%)
----------------- Invoking toplevel() on ptolemy.moml.MoMLSimpleApplication@3984215f
----------------- Done invoking toplevel() on ptolemy.moml.MoMLSimpleApplication@3984215f
reloadAllAccessors: .GravitationWithCollisionDetection

===========================================================================================
----------------- testing Thu Jul 04 05:03:22 UTC 2019 /home/travis/build/icyphy/ptII/ptolemy/domains/sdf/test/auto/HDF.xml
----------------- Instantiating /home/travis/build/icyphy/ptII/ptolemy/domains/sdf/test/auto/HDF.xml
27 ms. Memory: 334848K Free: 198202K (59%)
----------------- Invoking toplevel() on ptolemy.moml.MoMLSimpleApplication@afd252d
----------------- Done invoking toplevel() on ptolemy.moml.MoMLSimpleApplication@afd252d
reloadAllAccessors: .HDF

===========================================================================================
----------------- testing Thu Jul 04 05:03:22 UTC 2019 /home/travis/build/icyphy/ptII/ptolemy/domains/sdf/test/auto/HDFwithTransientStates.xml
----------------- Instantiating /home/travis/build/icyphy/ptII/ptolemy/domains/sdf/test/auto/HDFwithTransientStates.xml
35 ms. Memory: 334848K Free: 179256K (54%)
----------------- Invoking toplevel() on ptolemy.moml.MoMLSimpleApplication@11434106
----------------- Done invoking toplevel() on ptolemy.moml.MoMLSimpleApplication@11434106
reloadAllAccessors: .HDFwithTransientStates

===========================================================================================
----------------- testing Thu Jul 04 05:03:22 UTC 2019 /home/travis/build/icyphy/ptII/ptolemy/domains/sdf/test/auto/HTVQ.xml
----------------- Instantiating /home/travis/build/icyphy/ptII/ptolemy/domains/sdf/test/auto/HTVQ.xml
883 ms. Memory: 412672K Free: 289084K (70%)
----------------- Invoking toplevel() on ptolemy.moml.MoMLSimpleApplication@51bed892
----------------- Done invoking toplevel() on ptolemy.moml.MoMLSimpleApplication@51bed892
reloadAllAccessors: .HTVQ

===========================================================================================
----------------- testing Thu Jul 04 05:03:23 UTC 2019 /home/travis/build/icyphy/ptII/ptolemy/domains/sdf/test/auto/InferInitProduction.xml
----------------- Instantiating /home/travis/build/icyphy/ptII/ptolemy/domains/sdf/test/auto/InferInitProduction.xml
4 ms. Memory: 412672K Free: 283025K (69%)
----------------- Invoking toplevel() on ptolemy.moml.MoMLSimpleApplication@5297d64d
----------------- Done invoking toplevel() on ptolemy.moml.MoMLSimpleApplication@5297d64d
reloadAllAccessors: .InferInitProduction

===========================================================================================
----------------- testing Thu Jul 04 05:03:23 UTC 2019 /home/travis/build/icyphy/ptII/ptolemy/domains/sdf/test/auto/InferInitProductionDeeper.xml
----------------- Instantiating /home/travis/build/icyphy/ptII/ptolemy/domains/sdf/test/auto/InferInitProductionDeeper.xml
5 ms. Memory: 412672K Free: 277409K (67%)
----------------- Invoking toplevel() on ptolemy.moml.MoMLSimpleApplication@17694241
----------------- Done invoking toplevel() on ptolemy.moml.MoMLSimpleApplication@17694241
reloadAllAccessors: .InferInitProductionDeeper

===========================================================================================
----------------- testing Thu Jul 04 05:03:23 UTC 2019 /home/travis/build/icyphy/ptII/ptolemy/domains/sdf/test/auto/LMSAdaptive.xml
----------------- Instantiating /home/travis/build/icyphy/ptII/ptolemy/domains/sdf/test/auto/LMSAdaptive.xml
13 ms. Memory: 412672K Free: 267679K (65%)
----------------- Invoking toplevel() on ptolemy.moml.MoMLSimpleApplication@13fa2a69
----------------- Done invoking toplevel() on ptolemy.moml.MoMLSimpleApplication@13fa2a69
reloadAllAccessors: .LMSAdaptive

===========================================================================================
----------------- testing Thu Jul 04 05:03:23 UTC 2019 /home/travis/build/icyphy/ptII/ptolemy/domains/sdf/test/auto/LogisticMap.xml
----------------- Instantiating /home/travis/build/icyphy/ptII/ptolemy/domains/sdf/test/auto/LogisticMap.xml
435 ms. Memory: 412672K Free: 262049K (64%)
----------------- Invoking toplevel() on ptolemy.moml.MoMLSimpleApplication@1e269eb4
----------------- Done invoking toplevel() on ptolemy.moml.MoMLSimpleApplication@1e269eb4
reloadAllAccessors: .LogisticMap

===========================================================================================
----------------- testing Thu Jul 04 05:03:23 UTC 2019 /home/travis/build/icyphy/ptII/ptolemy/domains/sdf/test/auto/MaximumEntropySpectrum.xml
----------------- Instantiating /home/travis/build/icyphy/ptII/ptolemy/domains/sdf/test/auto/MaximumEntropySpectrum.xml
81 ms. Memory: 412672K Free: 200609K (49%)
----------------- Invoking toplevel() on ptolemy.moml.MoMLSimpleApplication@59576b05
----------------- Done invoking toplevel() on ptolemy.moml.MoMLSimpleApplication@59576b05
reloadAllAccessors: .MaximumEntropySpectrum

===========================================================================================
----------------- testing Thu Jul 04 05:03:24 UTC 2019 /home/travis/build/icyphy/ptII/ptolemy/domains/sdf/test/auto/MultirateSDF.xml
----------------- Instantiating /home/travis/build/icyphy/ptII/ptolemy/domains/sdf/test/auto/MultirateSDF.xml
27 ms. Memory: 412672K Free: 185745K (45%)
----------------- Invoking toplevel() on ptolemy.moml.MoMLSimpleApplication@7bdd2a8f
----------------- Done invoking toplevel() on ptolemy.moml.MoMLSimpleApplication@7bdd2a8f
reloadAllAccessors: .MultirateSDF

===========================================================================================
----------------- testing Thu Jul 04 05:03:24 UTC 2019 /home/travis/build/icyphy/ptII/ptolemy/domains/sdf/test/auto/MultirateSDFwithTransientStates.xml
----------------- Instantiating /home/travis/build/icyphy/ptII/ptolemy/domains/sdf/test/auto/MultirateSDFwithTransientStates.xml
19 ms. Memory: 412672K Free: 167321K (41%)
----------------- Invoking toplevel() on ptolemy.moml.MoMLSimpleApplication@57003e59
----------------- Done invoking toplevel() on ptolemy.moml.MoMLSimpleApplication@57003e59
reloadAllAccessors: .MultirateSDFwithTransientStates

===========================================================================================
----------------- testing Thu Jul 04 05:03:24 UTC 2019 /home/travis/build/icyphy/ptII/ptolemy/domains/sdf/test/auto/NoisySinewave.xml
----------------- Instantiating /home/travis/build/icyphy/ptII/ptolemy/domains/sdf/test/auto/NoisySinewave.xml
28 ms. Memory: 412672K Free: 393619K (95%)
----------------- Invoking toplevel() on ptolemy.moml.MoMLSimpleApplication@2c2f1263
----------------- Done invoking toplevel() on ptolemy.moml.MoMLSimpleApplication@2c2f1263
reloadAllAccessors: .NoisySinewave

===========================================================================================
----------------- testing Thu Jul 04 05:03:24 UTC 2019 /home/travis/build/icyphy/ptII/ptolemy/domains/sdf/test/auto/Objects.xml
----------------- Instantiating /home/travis/build/icyphy/ptII/ptolemy/domains/sdf/test/auto/Objects.xml
4 ms. Memory: 412672K Free: 384934K (93%)
----------------- Invoking toplevel() on ptolemy.moml.MoMLSimpleApplication@4058ffad
----------------- Done invoking toplevel() on ptolemy.moml.MoMLSimpleApplication@4058ffad
reloadAllAccessors: .Objects

===========================================================================================
----------------- testing Thu Jul 04 05:03:24 UTC 2019 /home/travis/build/icyphy/ptII/ptolemy/domains/sdf/test/auto/OrthogonalCom.xml
----------------- Instantiating /home/travis/build/icyphy/ptII/ptolemy/domains/sdf/test/auto/OrthogonalCom.xml
7 ms. Memory: 412672K Free: 377252K (91%)
----------------- Invoking toplevel() on ptolemy.moml.MoMLSimpleApplication@238b4eae
----------------- Done invoking toplevel() on ptolemy.moml.MoMLSimpleApplication@238b4eae
reloadAllAccessors: .OrthogonalCom

===========================================================================================
----------------- testing Thu Jul 04 05:03:24 UTC 2019 /home/travis/build/icyphy/ptII/ptolemy/domains/sdf/test/auto/RijndaelEncryption.xml
----------------- Instantiating /home/travis/build/icyphy/ptII/ptolemy/domains/sdf/test/auto/RijndaelEncryption.xml
245 ms. Memory: 412672K Free: 231334K (56%)
----------------- Invoking toplevel() on ptolemy.moml.MoMLSimpleApplication@57d802cb
----------------- Done invoking toplevel() on ptolemy.moml.MoMLSimpleApplication@57d802cb
reloadAllAccessors: .RijndaelEncryption

===========================================================================================
----------------- testing Thu Jul 04 05:03:25 UTC 2019 /home/travis/build/icyphy/ptII/ptolemy/domains/sdf/test/auto/SDFEmptyIterations.xml
----------------- Instantiating /home/travis/build/icyphy/ptII/ptolemy/domains/sdf/test/auto/SDFEmptyIterations.xml
5 ms. Memory: 412672K Free: 226710K (55%)
----------------- Invoking toplevel() on ptolemy.moml.MoMLSimpleApplication@6e753213
----------------- Done invoking toplevel() on ptolemy.moml.MoMLSimpleApplication@6e753213
reloadAllAccessors: .SDFEmptyIterations

===========================================================================================
----------------- testing Thu Jul 04 05:03:25 UTC 2019 /home/travis/build/icyphy/ptII/ptolemy/domains/sdf/test/auto/Spectrum.xml
----------------- Instantiating /home/travis/build/icyphy/ptII/ptolemy/domains/sdf/test/auto/Spectrum.xml
37 ms. Memory: 412672K Free: 209316K (51%)
----------------- Invoking toplevel() on ptolemy.moml.MoMLSimpleApplication@4c6acba1
----------------- Done invoking toplevel() on ptolemy.moml.MoMLSimpleApplication@4c6acba1
reloadAllAccessors: .Spectrum

===========================================================================================
----------------- testing Thu Jul 04 05:03:25 UTC 2019 /home/travis/build/icyphy/ptII/ptolemy/domains/sdf/test/auto/de_inside_sdf.xml
----------------- Instantiating /home/travis/build/icyphy/ptII/ptolemy/domains/sdf/test/auto/de_inside_sdf.xml
7 ms. Memory: 412672K Free: 203686K (49%)
----------------- Invoking toplevel() on ptolemy.moml.MoMLSimpleApplication@4e18186
----------------- Done invoking toplevel() on ptolemy.moml.MoMLSimpleApplication@4e18186
reloadAllAccessors: .de_inside_sdf

===========================================================================================
----------------- testing Thu Jul 04 05:03:25 UTC 2019 /home/travis/build/icyphy/ptII/ptolemy/domains/sdf/test/auto/disconnectedHierarchicalSDF.xml
----------------- Instantiating /home/travis/build/icyphy/ptII/ptolemy/domains/sdf/test/auto/disconnectedHierarchicalSDF.xml
5 ms. Memory: 412672K Free: 197540K (48%)
----------------- Invoking toplevel() on ptolemy.moml.MoMLSimpleApplication@1a141bcd
----------------- Done invoking toplevel() on ptolemy.moml.MoMLSimpleApplication@1a141bcd
reloadAllAccessors: .disconnectedHierarchicalSDF

===========================================================================================
----------------- testing Thu Jul 04 05:03:25 UTC 2019 /home/travis/build/icyphy/ptII/ptolemy/domains/sdf/test/auto/disconnectedSDF.xml
----------------- Instantiating /home/travis/build/icyphy/ptII/ptolemy/domains/sdf/test/auto/disconnectedSDF.xml
2 ms. Memory: 412672K Free: 193446K (47%)
----------------- Invoking toplevel() on ptolemy.moml.MoMLSimpleApplication@607cf45b
----------------- Done invoking toplevel() on ptolemy.moml.MoMLSimpleApplication@607cf45b
reloadAllAccessors: .disconnectedSDF

===========================================================================================
----------------- testing Thu Jul 04 05:03:25 UTC 2019 /home/travis/build/icyphy/ptII/ptolemy/domains/sdf/test/auto/emptyRefinement.xml
----------------- Instantiating /home/travis/build/icyphy/ptII/ptolemy/domains/sdf/test/auto/emptyRefinement.xml
4 ms. Memory: 412672K Free: 188836K (46%)
----------------- Invoking toplevel() on ptolemy.moml.MoMLSimpleApplication@7b813f05
----------------- Done invoking toplevel() on ptolemy.moml.MoMLSimpleApplication@7b813f05
reloadAllAccessors: .emptyRefinement

===========================================================================================
----------------- testing Thu Jul 04 05:03:25 UTC 2019 /home/travis/build/icyphy/ptII/ptolemy/domains/sdf/test/auto/filePortParameter.xml
----------------- Instantiating /home/travis/build/icyphy/ptII/ptolemy/domains/sdf/test/auto/filePortParameter.xml
16 ms. Memory: 412672K Free: 181668K (44%)
----------------- Invoking toplevel() on ptolemy.moml.MoMLSimpleApplication@32cf0a2c
----------------- Done invoking toplevel() on ptolemy.moml.MoMLSimpleApplication@32cf0a2c
reloadAllAccessors: .filePortParameter

===========================================================================================
----------------- testing Thu Jul 04 05:03:25 UTC 2019 /home/travis/build/icyphy/ptII/ptolemy/domains/sdf/test/auto/inferRelationWidth1.xml
----------------- Instantiating /home/travis/build/icyphy/ptII/ptolemy/domains/sdf/test/auto/inferRelationWidth1.xml
1 ms. Memory: 412672K Free: 178086K (43%)
----------------- Invoking toplevel() on ptolemy.moml.MoMLSimpleApplication@603f8fec
----------------- Done invoking toplevel() on ptolemy.moml.MoMLSimpleApplication@603f8fec
reloadAllAccessors: .inferRelationWidth1

===========================================================================================
----------------- testing Thu Jul 04 05:03:25 UTC 2019 /home/travis/build/icyphy/ptII/ptolemy/domains/sdf/test/auto/initProductionInference.xml
----------------- Instantiating /home/travis/build/icyphy/ptII/ptolemy/domains/sdf/test/auto/initProductionInference.xml
6 ms. Memory: 412672K Free: 174486K (42%)
----------------- Invoking toplevel() on ptolemy.moml.MoMLSimpleApplication@282d314b
----------------- Done invoking toplevel() on ptolemy.moml.MoMLSimpleApplication@282d314b
reloadAllAccessors: .initProductionInference

===========================================================================================
----------------- testing Thu Jul 04 05:03:25 UTC 2019 /home/travis/build/icyphy/ptII/ptolemy/domains/sdf/test/auto/relationGroup.xml
----------------- Instantiating /home/travis/build/icyphy/ptII/ptolemy/domains/sdf/test/auto/relationGroup.xml
2 ms. Memory: 412672K Free: 170918K (41%)
----------------- Invoking toplevel() on ptolemy.moml.MoMLSimpleApplication@46c4573c
----------------- Done invoking toplevel() on ptolemy.moml.MoMLSimpleApplication@46c4573c
reloadAllAccessors: .relationGroup

===========================================================================================
----------------- testing Thu Jul 04 05:03:25 UTC 2019 /home/travis/build/icyphy/ptII/ptolemy/domains/sdf/test/auto/relationGroup10.xml
----------------- Instantiating /home/travis/build/icyphy/ptII/ptolemy/domains/sdf/test/auto/relationGroup10.xml
2 ms. Memory: 412672K Free: 167846K (41%)
----------------- Invoking toplevel() on ptolemy.moml.MoMLSimpleApplication@108ef9b0
----------------- Done invoking toplevel() on ptolemy.moml.MoMLSimpleApplication@108ef9b0
reloadAllAccessors: .relationGroup10

===========================================================================================
----------------- testing Thu Jul 04 05:03:25 UTC 2019 /home/travis/build/icyphy/ptII/ptolemy/domains/sdf/test/auto/relationGroup11.xml
----------------- Instantiating /home/travis/build/icyphy/ptII/ptolemy/domains/sdf/test/auto/relationGroup11.xml
2 ms. Memory: 412672K Free: 164260K (40%)
----------------- Invoking toplevel() on ptolemy.moml.MoMLSimpleApplication@b20da19
----------------- Done invoking toplevel() on ptolemy.moml.MoMLSimpleApplication@b20da19
reloadAllAccessors: .relationGroup11

===========================================================================================
----------------- testing Thu Jul 04 05:03:25 UTC 2019 /home/travis/build/icyphy/ptII/ptolemy/domains/sdf/test/auto/relationGroup12.xml
----------------- Instantiating /home/travis/build/icyphy/ptII/ptolemy/domains/sdf/test/auto/relationGroup12.xml
2 ms. Memory: 412672K Free: 160164K (39%)
----------------- Invoking toplevel() on ptolemy.moml.MoMLSimpleApplication@624c6dd4
----------------- Done invoking toplevel() on ptolemy.moml.MoMLSimpleApplication@624c6dd4
reloadAllAccessors: .relationGroup12

===========================================================================================
----------------- testing Thu Jul 04 05:03:25 UTC 2019 /home/travis/build/icyphy/ptII/ptolemy/domains/sdf/test/auto/relationGroup13.xml
----------------- Instantiating /home/travis/build/icyphy/ptII/ptolemy/domains/sdf/test/auto/relationGroup13.xml
12 ms. Memory: 412672K Free: 155558K (38%)
----------------- Invoking toplevel() on ptolemy.moml.MoMLSimpleApplication@6e9977ce
----------------- Done invoking toplevel() on ptolemy.moml.MoMLSimpleApplication@6e9977ce
reloadAllAccessors: .relationGroup13

===========================================================================================
----------------- testing Thu Jul 04 05:03:25 UTC 2019 /home/travis/build/icyphy/ptII/ptolemy/domains/sdf/test/auto/relationGroup14.xml
----------------- Instantiating /home/travis/build/icyphy/ptII/ptolemy/domains/sdf/test/auto/relationGroup14.xml
3 ms. Memory: 412672K Free: 395728K (96%)
----------------- Invoking toplevel() on ptolemy.moml.MoMLSimpleApplication@2f57906
----------------- Done invoking toplevel() on ptolemy.moml.MoMLSimpleApplication@2f57906
reloadAllAccessors: .relationGroup14

===========================================================================================
----------------- testing Thu Jul 04 05:03:25 UTC 2019 /home/travis/build/icyphy/ptII/ptolemy/domains/sdf/test/auto/relationGroup15.xml
----------------- Instantiating /home/travis/build/icyphy/ptII/ptolemy/domains/sdf/test/auto/relationGroup15.xml
1 ms. Memory: 412672K Free: 392152K (95%)
----------------- Invoking toplevel() on ptolemy.moml.MoMLSimpleApplication@1511ec39
----------------- Done invoking toplevel() on ptolemy.moml.MoMLSimpleApplication@1511ec39
reloadAllAccessors: .relationGroup15

===========================================================================================
----------------- testing Thu Jul 04 05:03:25 UTC 2019 /home/travis/build/icyphy/ptII/ptolemy/domains/sdf/test/auto/relationGroup2.xml
----------------- Instantiating /home/travis/build/icyphy/ptII/ptolemy/domains/sdf/test/auto/relationGroup2.xml
1 ms. Memory: 412672K Free: 389080K (94%)
----------------- Invoking toplevel() on ptolemy.moml.MoMLSimpleApplication@5a4ae3c
----------------- Done invoking toplevel() on ptolemy.moml.MoMLSimpleApplication@5a4ae3c
reloadAllAccessors: .relationGroup2

===========================================================================================
----------------- testing Thu Jul 04 05:03:25 UTC 2019 /home/travis/build/icyphy/ptII/ptolemy/domains/sdf/test/auto/relationGroup3.xml
----------------- Instantiating /home/travis/build/icyphy/ptII/ptolemy/domains/sdf/test/auto/relationGroup3.xml
1 ms. Memory: 412672K Free: 386008K (94%)
----------------- Invoking toplevel() on ptolemy.moml.MoMLSimpleApplication@333ef8b1
----------------- Done invoking toplevel() on ptolemy.moml.MoMLSimpleApplication@333ef8b1
reloadAllAccessors: .relationGroup3

===========================================================================================
----------------- testing Thu Jul 04 05:03:25 UTC 2019 /home/travis/build/icyphy/ptII/ptolemy/domains/sdf/test/auto/relationGroup4.xml
----------------- Instantiating /home/travis/build/icyphy/ptII/ptolemy/domains/sdf/test/auto/relationGroup4.xml
8 ms. Memory: 412672K Free: 381398K (92%)
----------------- Invoking toplevel() on ptolemy.moml.MoMLSimpleApplication@117910eb
----------------- Done invoking toplevel() on ptolemy.moml.MoMLSimpleApplication@117910eb
reloadAllAccessors: .relationGroup4

===========================================================================================
----------------- testing Thu Jul 04 05:03:25 UTC 2019 /home/travis/build/icyphy/ptII/ptolemy/domains/sdf/test/auto/relationGroup5.xml
----------------- Instantiating /home/travis/build/icyphy/ptII/ptolemy/domains/sdf/test/auto/relationGroup5.xml
3 ms. Memory: 412672K Free: 376792K (91%)
----------------- Invoking toplevel() on ptolemy.moml.MoMLSimpleApplication@3b442af0
----------------- Done invoking toplevel() on ptolemy.moml.MoMLSimpleApplication@3b442af0
reloadAllAccessors: .relationGroup5

===========================================================================================
----------------- testing Thu Jul 04 05:03:25 UTC 2019 /home/travis/build/icyphy/ptII/ptolemy/domains/sdf/test/auto/relationGroup6.xml
----------------- Instantiating /home/travis/build/icyphy/ptII/ptolemy/domains/sdf/test/auto/relationGroup6.xml
4 ms. Memory: 412672K Free: 372696K (90%)
----------------- Invoking toplevel() on ptolemy.moml.MoMLSimpleApplication@4add2c36
----------------- Done invoking toplevel() on ptolemy.moml.MoMLSimpleApplication@4add2c36
reloadAllAccessors: .relationGroup6

===========================================================================================
----------------- testing Thu Jul 04 05:03:25 UTC 2019 /home/travis/build/icyphy/ptII/ptolemy/domains/sdf/test/auto/relationGroup7.xml
----------------- Instantiating /home/travis/build/icyphy/ptII/ptolemy/domains/sdf/test/auto/relationGroup7.xml
1 ms. Memory: 412672K Free: 369110K (89%)
----------------- Invoking toplevel() on ptolemy.moml.MoMLSimpleApplication@6e1aa575
----------------- Done invoking toplevel() on ptolemy.moml.MoMLSimpleApplication@6e1aa575
reloadAllAccessors: .relationGroup7

===========================================================================================
----------------- testing Thu Jul 04 05:03:25 UTC 2019 /home/travis/build/icyphy/ptII/ptolemy/domains/sdf/test/auto/relationGroup8.xml
----------------- Instantiating /home/travis/build/icyphy/ptII/ptolemy/domains/sdf/test/auto/relationGroup8.xml
1 ms. Memory: 412672K Free: 366038K (89%)
----------------- Invoking toplevel() on ptolemy.moml.MoMLSimpleApplication@3f99039b
----------------- Done invoking toplevel() on ptolemy.moml.MoMLSimpleApplication@3f99039b
reloadAllAccessors: .relationGroup8

===========================================================================================
----------------- testing Thu Jul 04 05:03:25 UTC 2019 /home/travis/build/icyphy/ptII/ptolemy/domains/sdf/test/auto/relationGroup9.xml
----------------- Instantiating /home/travis/build/icyphy/ptII/ptolemy/domains/sdf/test/auto/relationGroup9.xml
4 ms. Memory: 412672K Free: 361432K (88%)
----------------- Invoking toplevel() on ptolemy.moml.MoMLSimpleApplication@10b32885
----------------- Done invoking toplevel() on ptolemy.moml.MoMLSimpleApplication@10b32885
reloadAllAccessors: .relationGroup9

===========================================================================================
----------------- testing Thu Jul 04 05:03:25 UTC 2019 /home/travis/build/icyphy/ptII/ptolemy/domains/sdf/test/auto/sdf_inside_de.xml
----------------- Instantiating /home/travis/build/icyphy/ptII/ptolemy/domains/sdf/test/auto/sdf_inside_de.xml
16 ms. Memory: 412672K Free: 352726K (85%)
----------------- Invoking toplevel() on ptolemy.moml.MoMLSimpleApplication@48f732c0
----------------- Done invoking toplevel() on ptolemy.moml.MoMLSimpleApplication@48f732c0
reloadAllAccessors: .sdf_inside_de

===========================================================================================
----------------- testing Thu Jul 04 05:03:25 UTC 2019 /home/travis/build/icyphy/ptII/ptolemy/domains/sdf/test/auto/sdf_inside_pn.xml
----------------- Instantiating /home/travis/build/icyphy/ptII/ptolemy/domains/sdf/test/auto/sdf_inside_pn.xml
44 ms. Memory: 412672K Free: 344024K (83%)
----------------- Invoking toplevel() on ptolemy.moml.MoMLSimpleApplication@31dfdcae
----------------- Done invoking toplevel() on ptolemy.moml.MoMLSimpleApplication@31dfdcae
reloadAllAccessors: .sdf_inside_pn

===========================================================================================
----------------- testing Thu Jul 04 05:03:25 UTC 2019 /home/travis/build/icyphy/ptII/ptolemy/domains/sdf/test/auto/sdf_sdf1.xml
----------------- Instantiating /home/travis/build/icyphy/ptII/ptolemy/domains/sdf/test/auto/sdf_sdf1.xml
3 ms. Memory: 412672K Free: 338376K (82%)
----------------- Invoking toplevel() on ptolemy.moml.MoMLSimpleApplication@19b74c26
----------------- Done invoking toplevel() on ptolemy.moml.MoMLSimpleApplication@19b74c26
reloadAllAccessors: .sdf_sdf1

===========================================================================================
----------------- testing Thu Jul 04 05:03:25 UTC 2019 /home/travis/build/icyphy/ptII/ptolemy/domains/sdf/test/auto/test1.xml
----------------- Instantiating /home/travis/build/icyphy/ptII/ptolemy/domains/sdf/test/auto/test1.xml
2 ms. Memory: 412672K Free: 333270K (81%)
----------------- Invoking toplevel() on ptolemy.moml.MoMLSimpleApplication@36608f99
----------------- Done invoking toplevel() on ptolemy.moml.MoMLSimpleApplication@36608f99
reloadAllAccessors: .test1

===========================================================================================
----------------- testing Thu Jul 04 05:03:25 UTC 2019 /home/travis/build/icyphy/ptII/ptolemy/domains/sdf/test/auto/time1.xml
----------------- Instantiating /home/travis/build/icyphy/ptII/ptolemy/domains/sdf/test/auto/time1.xml
11 ms. Memory: 412672K Free: 329688K (80%)
----------------- Invoking toplevel() on ptolemy.moml.MoMLSimpleApplication@4b1dbc6c
----------------- Done invoking toplevel() on ptolemy.moml.MoMLSimpleApplication@4b1dbc6c
reloadAllAccessors: .time1

===========================================================================================
----------------- testing Thu Jul 04 05:03:25 UTC 2019 /home/travis/build/icyphy/ptII/ptolemy/domains/sdf/test/auto/time2.xml
----------------- Instantiating /home/travis/build/icyphy/ptII/ptolemy/domains/sdf/test/auto/time2.xml
2 ms. Memory: 412672K Free: 326102K (79%)
----------------- Invoking toplevel() on ptolemy.moml.MoMLSimpleApplication@4923f879
----------------- Done invoking toplevel() on ptolemy.moml.MoMLSimpleApplication@4923f879
reloadAllAccessors: .time2

===========================================================================================
----------------- testing Thu Jul 04 05:03:25 UTC 2019 /home/travis/build/icyphy/ptII/ptolemy/domains/sdf/test/auto/time3.xml
----------------- Instantiating /home/travis/build/icyphy/ptII/ptolemy/domains/sdf/test/auto/time3.xml
7 ms. Memory: 412672K Free: 320982K (78%)
----------------- Invoking toplevel() on ptolemy.moml.MoMLSimpleApplication@609d204a
----------------- Done invoking toplevel() on ptolemy.moml.MoMLSimpleApplication@609d204a
reloadAllAccessors: .time3

===========================================================================================
----------------- testing Thu Jul 04 05:03:25 UTC 2019 /home/travis/build/icyphy/ptII/ptolemy/domains/sdf/test/auto/time4.xml
----------------- Instantiating /home/travis/build/icyphy/ptII/ptolemy/domains/sdf/test/auto/time4.xml
6 ms. Memory: 412672K Free: 315352K (76%)
----------------- Invoking toplevel() on ptolemy.moml.MoMLSimpleApplication@208ced87
----------------- Done invoking toplevel() on ptolemy.moml.MoMLSimpleApplication@208ced87
reloadAllAccessors: .time4

===========================================================================================
----------------- testing Thu Jul 04 05:03:25 UTC 2019 /home/travis/build/icyphy/ptII/ptolemy/domains/sdf/test/auto/time5.xml
----------------- Instantiating /home/travis/build/icyphy/ptII/ptolemy/domains/sdf/test/auto/time5.xml
4001 ms. Memory: 412672K Free: 311766K (76%)
----------------- Invoking toplevel() on ptolemy.moml.MoMLSimpleApplication@6e7f7ec3
----------------- Done invoking toplevel() on ptolemy.moml.MoMLSimpleApplication@6e7f7ec3
reloadAllAccessors: .time5

===========================================================================================
----------------- testing Thu Jul 04 05:03:29 UTC 2019 /home/travis/build/icyphy/ptII/ptolemy/domains/sdf/test/auto/typeSystem_Const_Integer_smallest_Type.xml
----------------- Instantiating /home/travis/build/icyphy/ptII/ptolemy/domains/sdf/test/auto/typeSystem_Const_Integer_smallest_Type.xml
5 ms. Memory: 412672K Free: 307160K (74%)
----------------- Invoking toplevel() on ptolemy.moml.MoMLSimpleApplication@72f06701
----------------- Done invoking toplevel() on ptolemy.moml.MoMLSimpleApplication@72f06701
reloadAllAccessors: .typeSystem_Const_Integer_smallest_Type

===========================================================================================
----------------- testing Thu Jul 04 05:03:29 UTC 2019 /home/travis/build/icyphy/ptII/ptolemy/domains/sdf/test/auto/typeSystem_declared_Inports_OutportTypeException.xml
----------------- Instantiating /home/travis/build/icyphy/ptII/ptolemy/domains/sdf/test/auto/typeSystem_declared_Inports_OutportTypeException.xml
.typeSystem_declared_Inports_OutportTypeException.TestExceptionAttribute: initialize() was not invoked, but wrapup() was.  This is unusual, but not always a problem.  For example, exporting JNLP will do this.
6 ms. Memory: 412672K Free: 303064K (73%)
----------------- Invoking toplevel() on ptolemy.moml.MoMLSimpleApplication@6402371a
----------------- Done invoking toplevel() on ptolemy.moml.MoMLSimpleApplication@6402371a
reloadAllAccessors: .typeSystem_declared_Inports_OutportTypeException

===========================================================================================
----------------- testing Thu Jul 04 05:03:29 UTC 2019 /home/travis/build/icyphy/ptII/ptolemy/domains/sdf/test/auto/typeSystem_oneDeclaredInportType_wrongTypeOutport.xml
----------------- Instantiating /home/travis/build/icyphy/ptII/ptolemy/domains/sdf/test/auto/typeSystem_oneDeclaredInportType_wrongTypeOutport.xml
4 ms. Memory: 412672K Free: 298454K (72%)
----------------- Invoking toplevel() on ptolemy.moml.MoMLSimpleApplication@388ca301
----------------- Done invoking toplevel() on ptolemy.moml.MoMLSimpleApplication@388ca301
reloadAllAccessors: .typeSystem_oneDeclaredInportType_wrongTypeOutport

===========================================================================================
----------------- testing Thu Jul 04 05:03:29 UTC 2019 /home/travis/build/icyphy/ptII/ptolemy/domains/sdf/test/auto/width.xml
----------------- Instantiating /home/travis/build/icyphy/ptII/ptolemy/domains/sdf/test/auto/width.xml
1 ms. Memory: 412672K Free: 294872K (71%)
----------------- Invoking toplevel() on ptolemy.moml.MoMLSimpleApplication@10342d62
----------------- Done invoking toplevel() on ptolemy.moml.MoMLSimpleApplication@10342d62
reloadAllAccessors: .width

===========================================================================================
----------------- testing Thu Jul 04 05:03:29 UTC 2019 /home/travis/build/icyphy/ptII/ptolemy/domains/sdf/test/auto/width2.xml
----------------- Instantiating /home/travis/build/icyphy/ptII/ptolemy/domains/sdf/test/auto/width2.xml
33 ms. Memory: 412672K Free: 289752K (70%)
----------------- Invoking toplevel() on ptolemy.moml.MoMLSimpleApplication@7280da5b
----------------- Done invoking toplevel() on ptolemy.moml.MoMLSimpleApplication@7280da5b
reloadAllAccessors: .width2

===========================================================================================
----------------- testing Thu Jul 04 05:03:30 UTC 2019 /home/travis/build/icyphy/ptII/ptolemy/domains/sdf/test/auto/width3.xml
----------------- Instantiating /home/travis/build/icyphy/ptII/ptolemy/domains/sdf/test/auto/width3.xml
35 ms. Memory: 412672K Free: 284632K (69%)
----------------- Invoking toplevel() on ptolemy.moml.MoMLSimpleApplication@331f10d2
----------------- Done invoking toplevel() on ptolemy.moml.MoMLSimpleApplication@331f10d2
reloadAllAccessors: .width3
AutoTests.java: About to close Vertx.
AutoTests.java: Vertx closed.
]]></system-out>
  <system-err><![CDATA[java.lang.RuntimeException: Execution failed
	at ptolemy.moml.MoMLSimpleApplication$UnloadThread.run(MoMLSimpleApplication.java:402)
Caused by: ptolemy.actor.sched.NotSchedulableException: No solution exists for the balance equations.
Graph is not consistent under the SDF domain detected on external port .rateConsistency.actor.port2
  in .rateConsistency.SDF Director.Scheduler
	at ptolemy.domains.sdf.kernel.SDFScheduler._propagatePort(SDFScheduler.java:1425)
	at ptolemy.domains.sdf.kernel.SDFScheduler._solveBalanceEquations(SDFScheduler.java:710)
	at ptolemy.domains.sdf.kernel.SDFScheduler._getSchedule(SDFScheduler.java:566)
	at ptolemy.actor.sched.Scheduler.getSchedule(Scheduler.java:189)
	at ptolemy.domains.sdf.kernel.SDFDirector.createSchedule(SDFDirector.java:408)
	at ptolemy.domains.sdf.kernel.SDFDirector.preinitialize(SDFDirector.java:764)
	at ptolemy.actor.CompositeActor.preinitialize(CompositeActor.java:1828)
	at ptolemy.actor.Manager.preinitializeAndResolveTypes(Manager.java:1040)
	at ptolemy.actor.Manager.initialize(Manager.java:710)
	at ptolemy.actor.Manager.execute(Manager.java:356)
	at ptolemy.actor.Manager.run(Manager.java:1263)
	at ptolemy.actor.Manager$PtolemyRunThread.run(Manager.java:1915)
java.lang.RuntimeException: Execution failed
	at ptolemy.moml.MoMLSimpleApplication$UnloadThread.run(MoMLSimpleApplication.java:402)
Caused by: ptolemy.kernel.util.IllegalActionException: Failed to compute schedule:
  in .badRateChanges.typed composite actor.SDF Director
Because:
The SDF rate parameter may change. This is not allowed in SDF models that will be run through the code generator.  If you don't care about code generation, then you might consider setting the allowRateChanges parameter of the SDF director to false.
  in .badRateChanges.typed composite actor.Repeat.output.tokenProductionRate
	at ptolemy.domains.sdf.kernel.SDFDirector.createSchedule(SDFDirector.java:418)
	at ptolemy.domains.sdf.kernel.SDFDirector.preinitialize(SDFDirector.java:764)
	at ptolemy.actor.CompositeActor.preinitialize(CompositeActor.java:1828)
	at ptolemy.actor.Director.preinitialize(Director.java:1302)
	at ptolemy.actor.Director.preinitialize(Director.java:1257)
	at ptolemy.domains.sdf.kernel.SDFDirector.preinitialize(SDFDirector.java:763)
	at ptolemy.actor.CompositeActor.preinitialize(CompositeActor.java:1828)
	at ptolemy.actor.Manager.preinitializeAndResolveTypes(Manager.java:1040)
	at ptolemy.actor.Manager.initialize(Manager.java:710)
	at ptolemy.actor.Manager.execute(Manager.java:356)
	at ptolemy.actor.Manager.run(Manager.java:1263)
	at ptolemy.actor.Manager$PtolemyRunThread.run(Manager.java:1915)
Caused by: ptolemy.kernel.util.IllegalActionException: The SDF rate parameter may change. This is not allowed in SDF models that will be run through the code generator.  If you don't care about code generation, then you might consider setting the allowRateChanges parameter of the SDF director to false.
  in .badRateChanges.typed composite actor.Repeat.output.tokenProductionRate
	at ptolemy.domains.sdf.kernel.SDFScheduler._assertDynamicRateVariable(SDFScheduler.java:931)
	at ptolemy.domains.sdf.kernel.SDFScheduler._checkDynamicRateVariables(SDFScheduler.java:339)
	at ptolemy.domains.sdf.kernel.SDFScheduler._getSchedule(SDFScheduler.java:527)
	at ptolemy.actor.sched.Scheduler.getSchedule(Scheduler.java:189)
	at ptolemy.domains.sdf.kernel.SDFDirector.createSchedule(SDFDirector.java:408)
	... 11 more
java.lang.RuntimeException: Execution failed
	at ptolemy.moml.MoMLSimpleApplication$UnloadThread.run(MoMLSimpleApplication.java:402)
Caused by: ptolemy.kernel.util.IllegalActionException: Failed to compute schedule:
  in .badRateChanges2.typed composite actor.SDF Director
Because:
The SDF rate parameter may change. This is not allowed in SDF models that will be run through the code generator.  If you don't care about code generation, then you might consider setting the allowRateChanges parameter of the SDF director to false.
  in .badRateChanges2.typed composite actor.Repeat.output.tokenProductionRate
	at ptolemy.domains.sdf.kernel.SDFDirector.createSchedule(SDFDirector.java:418)
	at ptolemy.domains.sdf.kernel.SDFDirector.preinitialize(SDFDirector.java:764)
	at ptolemy.actor.CompositeActor.preinitialize(CompositeActor.java:1828)
	at ptolemy.actor.Director.preinitialize(Director.java:1302)
	at ptolemy.actor.Director.preinitialize(Director.java:1257)
	at ptolemy.domains.sdf.kernel.SDFDirector.preinitialize(SDFDirector.java:763)
	at ptolemy.actor.CompositeActor.preinitialize(CompositeActor.java:1828)
	at ptolemy.actor.Manager.preinitializeAndResolveTypes(Manager.java:1040)
	at ptolemy.actor.Manager.initialize(Manager.java:710)
	at ptolemy.actor.Manager.execute(Manager.java:356)
	at ptolemy.actor.Manager.run(Manager.java:1263)
	at ptolemy.actor.Manager$PtolemyRunThread.run(Manager.java:1915)
Caused by: ptolemy.kernel.util.IllegalActionException: The SDF rate parameter may change. This is not allowed in SDF models that will be run through the code generator.  If you don't care about code generation, then you might consider setting the allowRateChanges parameter of the SDF director to false.
  in .badRateChanges2.typed composite actor.Repeat.output.tokenProductionRate
	at ptolemy.domains.sdf.kernel.SDFScheduler._assertDynamicRateVariable(SDFScheduler.java:931)
	at ptolemy.domains.sdf.kernel.SDFScheduler._checkDynamicRateVariables(SDFScheduler.java:339)
	at ptolemy.domains.sdf.kernel.SDFScheduler._getSchedule(SDFScheduler.java:527)
	at ptolemy.actor.sched.Scheduler.getSchedule(Scheduler.java:189)
	at ptolemy.domains.sdf.kernel.SDFDirector.createSchedule(SDFDirector.java:408)
	... 11 more
java.lang.RuntimeException: Execution failed
	at ptolemy.moml.MoMLSimpleApplication$UnloadThread.run(MoMLSimpleApplication.java:402)
Caused by: ptolemy.actor.sched.NotSchedulableException: Actors remain that cannot be scheduled!

There are several possible reasons:
* SDF Graphs with feedback loops should have an actor with a delay in the loop, such as a SampleDelay.
* The SDF director has an "allowDisconnectedGraphs"parameter, which, when true, permits disconnected SDF graphs.
* The token consumption rate and production rates might be mismatched.
Usually, actors produce one token or consume one token on a port.  To produce or consume multiple tokens per firing, add a "tokenConsumptionRate" or "tokenProductionRate" parameter to the appropriate port.
Unscheduled actors:
.partiallyConnected.Const2 
Scheduled actors:
.partiallyConnected.Const 
  in .partiallyConnected.SDF Director.Scheduler
	at ptolemy.domains.sdf.kernel.SDFScheduler._scheduleConnectedActors(SDFScheduler.java:1828)
	at ptolemy.domains.sdf.kernel.SDFScheduler._getSchedule(SDFScheduler.java:587)
	at ptolemy.actor.sched.Scheduler.getSchedule(Scheduler.java:189)
	at ptolemy.domains.sdf.kernel.SDFDirector.createSchedule(SDFDirector.java:408)
	at ptolemy.domains.sdf.kernel.SDFDirector.preinitialize(SDFDirector.java:764)
	at ptolemy.actor.CompositeActor.preinitialize(CompositeActor.java:1828)
	at ptolemy.actor.Manager.preinitializeAndResolveTypes(Manager.java:1040)
	at ptolemy.actor.Manager.initialize(Manager.java:710)
	at ptolemy.actor.Manager.execute(Manager.java:356)
	at ptolemy.actor.Manager.run(Manager.java:1263)
	at ptolemy.actor.Manager$PtolemyRunThread.run(Manager.java:1915)
]]></system-err>
</testsuite>
