<?xml version="1.0" encoding="UTF-8" ?>
<testsuite errors="0" failures="0" hostname="travis-job-e2785ce2-ad8c-45d6-b066-6ad8f629e57c" name="ptolemy.actor.lib.hoc.test.junit.JUnitTclTest" skipped="0" tests="58" time="31.188" timestamp="2019-10-09T05:55:00">
  <properties>
[...]
</properties>
  <testcase classname="ptolemy.util.test.junit.TclTests" name="[0] /home/travis/build/icyphy/ptII/ptolemy/actor/lib/hoc/test/IterateOverArray.tcl (RunTclFile)" time="0.276" />
  <testcase classname="ptolemy.util.test.junit.AutoKnownFailedTests" name="[0] /home/travis/build/icyphy/ptII/ptolemy/actor/lib/hoc/test/auto/knownFailedTests/PreinitializeMustBeInvokedRunComposite.xml (RunModel)" time="0.418" />
  <testcase classname="ptolemy.util.test.junit.AutoNameArchTests" name="[0] ThereAreNoAutoArchTests (RunModel)" time="0.001" />
  <testcase classname="ptolemy.util.test.junit.AutoTests" name="[0] /home/travis/build/icyphy/ptII/ptolemy/actor/lib/hoc/test/auto/AllToAllMultiInstanceComposite.xml (RunModel)" time="0.42" />
  <testcase classname="ptolemy.util.test.junit.AutoTests" name="[1] /home/travis/build/icyphy/ptII/ptolemy/actor/lib/hoc/test/auto/ApplyFFTTest.xml (RunModel)" time="0.4" />
  <testcase classname="ptolemy.util.test.junit.AutoTests" name="[2] /home/travis/build/icyphy/ptII/ptolemy/actor/lib/hoc/test/auto/ApplyFunction.xml (RunModel)" time="0.066" />
  <testcase classname="ptolemy.util.test.junit.AutoTests" name="[3] /home/travis/build/icyphy/ptII/ptolemy/actor/lib/hoc/test/auto/BackgroundExecution.xml (RunModel)" time="0.739" />
  <testcase classname="ptolemy.util.test.junit.AutoTests" name="[4] /home/travis/build/icyphy/ptII/ptolemy/actor/lib/hoc/test/auto/Case.xml (RunModel)" time="0.064" />
  <testcase classname="ptolemy.util.test.junit.AutoTests" name="[5] /home/travis/build/icyphy/ptII/ptolemy/actor/lib/hoc/test/auto/Case1.xml (RunModel)" time="0.036" />
  <testcase classname="ptolemy.util.test.junit.AutoTests" name="[6] /home/travis/build/icyphy/ptII/ptolemy/actor/lib/hoc/test/auto/Case2.xml (RunModel)" time="0.098" />
  <testcase classname="ptolemy.util.test.junit.AutoTests" name="[7] /home/travis/build/icyphy/ptII/ptolemy/actor/lib/hoc/test/auto/Case3.xml (RunModel)" time="0.037" />
  <testcase classname="ptolemy.util.test.junit.AutoTests" name="[8] /home/travis/build/icyphy/ptII/ptolemy/actor/lib/hoc/test/auto/Case4.xml (RunModel)" time="0.063" />
  <testcase classname="ptolemy.util.test.junit.AutoTests" name="[9] /home/travis/build/icyphy/ptII/ptolemy/actor/lib/hoc/test/auto/Case5.xml (RunModel)" time="0.076" />
  <testcase classname="ptolemy.util.test.junit.AutoTests" name="[10] /home/travis/build/icyphy/ptII/ptolemy/actor/lib/hoc/test/auto/Case6.xml (RunModel)" time="0.116" />
  <testcase classname="ptolemy.util.test.junit.AutoTests" name="[11] /home/travis/build/icyphy/ptII/ptolemy/actor/lib/hoc/test/auto/CaseString2.xml (RunModel)" time="0.036" />
  <testcase classname="ptolemy.util.test.junit.AutoTests" name="[12] /home/travis/build/icyphy/ptII/ptolemy/actor/lib/hoc/test/auto/CatchUpComposite1.xml (RunModel)" time="0.064" />
  <testcase classname="ptolemy.util.test.junit.AutoTests" name="[13] /home/travis/build/icyphy/ptII/ptolemy/actor/lib/hoc/test/auto/CatchUpComposite2.xml (RunModel)" time="0.069" />
  <testcase classname="ptolemy.util.test.junit.AutoTests" name="[14] /home/travis/build/icyphy/ptII/ptolemy/actor/lib/hoc/test/auto/CatchUpComposite3.xml (RunModel)" time="0.075" />
  <testcase classname="ptolemy.util.test.junit.AutoTests" name="[15] /home/travis/build/icyphy/ptII/ptolemy/actor/lib/hoc/test/auto/CatchUpComposite4.xml (RunModel)" time="0.074" />
  <testcase classname="ptolemy.util.test.junit.AutoTests" name="[16] /home/travis/build/icyphy/ptII/ptolemy/actor/lib/hoc/test/auto/CatchUpComposite5.xml (RunModel)" time="0.048" />
  <testcase classname="ptolemy.util.test.junit.AutoTests" name="[17] /home/travis/build/icyphy/ptII/ptolemy/actor/lib/hoc/test/auto/CatchUpComposite6.xml (RunModel)" time="0.121" />
  <testcase classname="ptolemy.util.test.junit.AutoTests" name="[18] /home/travis/build/icyphy/ptII/ptolemy/actor/lib/hoc/test/auto/CatchUpComposite7.xml (RunModel)" time="0.095" />
  <testcase classname="ptolemy.util.test.junit.AutoTests" name="[19] /home/travis/build/icyphy/ptII/ptolemy/actor/lib/hoc/test/auto/ConcurrentExecutionTimeSDF.xml (RunModel)" time="0.956" />
  <testcase classname="ptolemy.util.test.junit.AutoTests" name="[20] /home/travis/build/icyphy/ptII/ptolemy/actor/lib/hoc/test/auto/ConcurrentSleep.xml (RunModel)" time="0.771" />
  <testcase classname="ptolemy.util.test.junit.AutoTests" name="[21] /home/travis/build/icyphy/ptII/ptolemy/actor/lib/hoc/test/auto/DEInPNInRunCompositeActor.xml (RunModel)" time="0.033" />
  <testcase classname="ptolemy.util.test.junit.AutoTests" name="[22] /home/travis/build/icyphy/ptII/ptolemy/actor/lib/hoc/test/auto/DFTSubSetTest.xml (RunModel)" time="0.278" />
  <testcase classname="ptolemy.util.test.junit.AutoTests" name="[23] /home/travis/build/icyphy/ptII/ptolemy/actor/lib/hoc/test/auto/HocDE.xml (RunModel)" time="0.188" />
  <testcase classname="ptolemy.util.test.junit.AutoTests" name="[24] /home/travis/build/icyphy/ptII/ptolemy/actor/lib/hoc/test/auto/IterateOverArray.xml (RunModel)" time="0.025" />
  <testcase classname="ptolemy.util.test.junit.AutoTests" name="[25] /home/travis/build/icyphy/ptII/ptolemy/actor/lib/hoc/test/auto/IterateOverArray10.xml (RunModel)" time="0.02" />
  <testcase classname="ptolemy.util.test.junit.AutoTests" name="[26] /home/travis/build/icyphy/ptII/ptolemy/actor/lib/hoc/test/auto/IterateOverArray11.xml (RunModel)" time="0.024" />
  <testcase classname="ptolemy.util.test.junit.AutoTests" name="[27] /home/travis/build/icyphy/ptII/ptolemy/actor/lib/hoc/test/auto/IterateOverArray12.xml (RunModel)" time="0.035" />
  <testcase classname="ptolemy.util.test.junit.AutoTests" name="[28] /home/travis/build/icyphy/ptII/ptolemy/actor/lib/hoc/test/auto/IterateOverArray13.xml (RunModel)" time="0.178" />
  <testcase classname="ptolemy.util.test.junit.AutoTests" name="[29] /home/travis/build/icyphy/ptII/ptolemy/actor/lib/hoc/test/auto/IterateOverArray14.xml (RunModel)" time="0.154" />
  <testcase classname="ptolemy.util.test.junit.AutoTests" name="[30] /home/travis/build/icyphy/ptII/ptolemy/actor/lib/hoc/test/auto/IterateOverArray2.xml (RunModel)" time="0.026" />
  <testcase classname="ptolemy.util.test.junit.AutoTests" name="[31] /home/travis/build/icyphy/ptII/ptolemy/actor/lib/hoc/test/auto/IterateOverArray3.xml (RunModel)" time="0.035" />
  <testcase classname="ptolemy.util.test.junit.AutoTests" name="[32] /home/travis/build/icyphy/ptII/ptolemy/actor/lib/hoc/test/auto/IterateOverArray4.xml (RunModel)" time="0.021" />
  <testcase classname="ptolemy.util.test.junit.AutoTests" name="[33] /home/travis/build/icyphy/ptII/ptolemy/actor/lib/hoc/test/auto/IterateOverArray5.xml (RunModel)" time="0.025" />
  <testcase classname="ptolemy.util.test.junit.AutoTests" name="[34] /home/travis/build/icyphy/ptII/ptolemy/actor/lib/hoc/test/auto/IterateOverArray6.xml (RunModel)" time="0.014" />
  <testcase classname="ptolemy.util.test.junit.AutoTests" name="[35] /home/travis/build/icyphy/ptII/ptolemy/actor/lib/hoc/test/auto/IterateOverArray7.xml (RunModel)" time="0.025" />
  <testcase classname="ptolemy.util.test.junit.AutoTests" name="[36] /home/travis/build/icyphy/ptII/ptolemy/actor/lib/hoc/test/auto/IterateOverArray8.xml (RunModel)" time="0.018" />
  <testcase classname="ptolemy.util.test.junit.AutoTests" name="[37] /home/travis/build/icyphy/ptII/ptolemy/actor/lib/hoc/test/auto/IterateOverArray9.xml (RunModel)" time="0.029" />
  <testcase classname="ptolemy.util.test.junit.AutoTests" name="[38] /home/travis/build/icyphy/ptII/ptolemy/actor/lib/hoc/test/auto/IterateOverArrayCoercedOutputType.xml (RunModel)" time="0.036" />
  <testcase classname="ptolemy.util.test.junit.AutoTests" name="[39] /home/travis/build/icyphy/ptII/ptolemy/actor/lib/hoc/test/auto/IterateOverArrayInferredOutputType.xml (RunModel)" time="0.023" />
  <testcase classname="ptolemy.util.test.junit.AutoTests" name="[40] /home/travis/build/icyphy/ptII/ptolemy/actor/lib/hoc/test/auto/MobileFunctionTest.xml (RunModel)" time="0.026" />
  <testcase classname="ptolemy.util.test.junit.AutoTests" name="[41] /home/travis/build/icyphy/ptII/ptolemy/actor/lib/hoc/test/auto/MobileModelTest.xml (RunModel)" time="0.176" />
  <testcase classname="ptolemy.util.test.junit.AutoTests" name="[42] /home/travis/build/icyphy/ptII/ptolemy/actor/lib/hoc/test/auto/ModelReference.xml (RunModel)" time="0.07" />
  <testcase classname="ptolemy.util.test.junit.AutoTests" name="[43] /home/travis/build/icyphy/ptII/ptolemy/actor/lib/hoc/test/auto/ModelReference3.xml (RunModel)" time="0.044" />
  <testcase classname="ptolemy.util.test.junit.AutoTests" name="[44] /home/travis/build/icyphy/ptII/ptolemy/actor/lib/hoc/test/auto/ModelReference4.xml (RunModel)" time="10.026" />
  <testcase classname="ptolemy.util.test.junit.AutoTests" name="[45] /home/travis/build/icyphy/ptII/ptolemy/actor/lib/hoc/test/auto/MultiInstanceComposite.xml (RunModel)" time="0.062" />
  <testcase classname="ptolemy.util.test.junit.AutoTests" name="[46] /home/travis/build/icyphy/ptII/ptolemy/actor/lib/hoc/test/auto/MultiInstanceComposite2.xml (RunModel)" time="0.043" />
  <testcase classname="ptolemy.util.test.junit.AutoTests" name="[47] /home/travis/build/icyphy/ptII/ptolemy/actor/lib/hoc/test/auto/MulticoreExecution.xml (RunModel)" time="1.054" />
  <testcase classname="ptolemy.util.test.junit.AutoTests" name="[48] /home/travis/build/icyphy/ptII/ptolemy/actor/lib/hoc/test/auto/ParallelExecution.xml (RunModel)" time="0.959" />
  <testcase classname="ptolemy.util.test.junit.AutoTests" name="[49] /home/travis/build/icyphy/ptII/ptolemy/actor/lib/hoc/test/auto/RunCompositeActor.xml (RunModel)" time="0.025" />
  <testcase classname="ptolemy.util.test.junit.AutoTests" name="[50] /home/travis/build/icyphy/ptII/ptolemy/actor/lib/hoc/test/auto/RunCompositeActor2.xml (RunModel)" time="0.023" />
  <testcase classname="ptolemy.util.test.junit.AutoTests" name="[51] /home/travis/build/icyphy/ptII/ptolemy/actor/lib/hoc/test/auto/RunCompositeActor3.xml (RunModel)" time="0.019" />
  <testcase classname="ptolemy.util.test.junit.AutoTests" name="[52] /home/travis/build/icyphy/ptII/ptolemy/actor/lib/hoc/test/auto/RunCompositeActor4.xml (RunModel)" time="0.024" />
  <testcase classname="ptolemy.util.test.junit.AutoTests" name="[53] /home/travis/build/icyphy/ptII/ptolemy/actor/lib/hoc/test/auto/RunCompositeIterateOverArray.xml (RunModel)" time="0.049" />
  <testcase classname="ptolemy.util.test.junit.AutoTests" name="[54] /home/travis/build/icyphy/ptII/ptolemy/actor/lib/hoc/test/auto/ThreadedJS.xml (RunModel)" time="11.612" />
  <system-out><![CDATA[/home/travis/build/icyphy/ptII/ptolemy/actor/lib/hoc/test/IterateOverArray.tcl
testDefs.tcl: setting time out to 9000 seconds at Wed Oct 09 05:55:00 UTC 2019
10/09/19 05:55:00
Failed: 0  Total Tests: 2  ((Passed: 2, Newly Passed: 0)  Known Failed: 0) /home/travis/build/icyphy/ptII/ptolemy/actor/lib/hoc/test
----------------- testing (KnownFailure) /home/travis/build/icyphy/ptII/ptolemy/actor/lib/hoc/test/auto/knownFailedTests/PreinitializeMustBeInvokedRunComposite.xml
118 ms. Memory: 120832K Free: 79816K (66%)
Known Failure: java.lang.reflect.InvocationTargetException
No auto/linux-amd64/*.xml tests in /home/travis/build/icyphy/ptII/ptolemy/actor/lib/hoc/test
AutoTests.java: About to close Vertx.
AutoTests.java: Vertx closed.

===========================================================================================
----------------- testing Wed Oct 09 05:55:01 UTC 2019 /home/travis/build/icyphy/ptII/ptolemy/actor/lib/hoc/test/auto/AllToAllMultiInstanceComposite.xml
----------------- Instantiating /home/travis/build/icyphy/ptII/ptolemy/actor/lib/hoc/test/auto/AllToAllMultiInstanceComposite.xml
160 ms. Memory: 120832K Free: 93463K (77%)
----------------- Invoking toplevel() on ptolemy.moml.MoMLSimpleApplication@1c7157f6
----------------- Done invoking toplevel() on ptolemy.moml.MoMLSimpleApplication@1c7157f6
reloadAllAccessors: .AllToAllMultiInstanceComposite

===========================================================================================
----------------- testing Wed Oct 09 05:55:02 UTC 2019 /home/travis/build/icyphy/ptII/ptolemy/actor/lib/hoc/test/auto/ApplyFFTTest.xml
----------------- Instantiating /home/travis/build/icyphy/ptII/ptolemy/actor/lib/hoc/test/auto/ApplyFFTTest.xml
114 ms. Memory: 120832K Free: 101549K (84%)
----------------- Invoking toplevel() on ptolemy.moml.MoMLSimpleApplication@26b0043f
----------------- Done invoking toplevel() on ptolemy.moml.MoMLSimpleApplication@26b0043f
reloadAllAccessors: .ApplyFFTTest

===========================================================================================
----------------- testing Wed Oct 09 05:55:02 UTC 2019 /home/travis/build/icyphy/ptII/ptolemy/actor/lib/hoc/test/auto/ApplyFunction.xml
----------------- Instantiating /home/travis/build/icyphy/ptII/ptolemy/actor/lib/hoc/test/auto/ApplyFunction.xml
9 ms. Memory: 120832K Free: 98170K (81%)
----------------- Invoking toplevel() on ptolemy.moml.MoMLSimpleApplication@30ef25c1
----------------- Done invoking toplevel() on ptolemy.moml.MoMLSimpleApplication@30ef25c1
reloadAllAccessors: .ApplyFunction

===========================================================================================
----------------- testing Wed Oct 09 05:55:02 UTC 2019 /home/travis/build/icyphy/ptII/ptolemy/actor/lib/hoc/test/auto/BackgroundExecution.xml
----------------- Instantiating /home/travis/build/icyphy/ptII/ptolemy/actor/lib/hoc/test/auto/BackgroundExecution.xml
633 ms. Memory: 120832K Free: 91243K (76%)
----------------- Invoking toplevel() on ptolemy.moml.MoMLSimpleApplication@191bdb51
----------------- Done invoking toplevel() on ptolemy.moml.MoMLSimpleApplication@191bdb51
reloadAllAccessors: .BackgroundExecution

===========================================================================================
----------------- testing Wed Oct 09 05:55:03 UTC 2019 /home/travis/build/icyphy/ptII/ptolemy/actor/lib/hoc/test/auto/Case.xml
----------------- Instantiating /home/travis/build/icyphy/ptII/ptolemy/actor/lib/hoc/test/auto/Case.xml
18 ms. Memory: 120832K Free: 83841K (69%)
----------------- Invoking toplevel() on ptolemy.moml.MoMLSimpleApplication@43067707
----------------- Done invoking toplevel() on ptolemy.moml.MoMLSimpleApplication@43067707
reloadAllAccessors: .Case

===========================================================================================
----------------- testing Wed Oct 09 05:55:03 UTC 2019 /home/travis/build/icyphy/ptII/ptolemy/actor/lib/hoc/test/auto/Case1.xml
----------------- Instantiating /home/travis/build/icyphy/ptII/ptolemy/actor/lib/hoc/test/auto/Case1.xml
8 ms. Memory: 120832K Free: 77465K (64%)
----------------- Invoking toplevel() on ptolemy.moml.MoMLSimpleApplication@3a780f96
----------------- Done invoking toplevel() on ptolemy.moml.MoMLSimpleApplication@3a780f96
reloadAllAccessors: .Case1

===========================================================================================
----------------- testing Wed Oct 09 05:55:03 UTC 2019 /home/travis/build/icyphy/ptII/ptolemy/actor/lib/hoc/test/auto/Case2.xml
----------------- Instantiating /home/travis/build/icyphy/ptII/ptolemy/actor/lib/hoc/test/auto/Case2.xml
49 ms. Memory: 120832K Free: 102353K (85%)
----------------- Invoking toplevel() on ptolemy.moml.MoMLSimpleApplication@57f0eab4
----------------- Done invoking toplevel() on ptolemy.moml.MoMLSimpleApplication@57f0eab4
reloadAllAccessors: .Case2

===========================================================================================
----------------- testing Wed Oct 09 05:55:03 UTC 2019 /home/travis/build/icyphy/ptII/ptolemy/actor/lib/hoc/test/auto/Case3.xml
----------------- Instantiating /home/travis/build/icyphy/ptII/ptolemy/actor/lib/hoc/test/auto/Case3.xml
6 ms. Memory: 120832K Free: 96178K (80%)
----------------- Invoking toplevel() on ptolemy.moml.MoMLSimpleApplication@69a3217
----------------- Done invoking toplevel() on ptolemy.moml.MoMLSimpleApplication@69a3217
reloadAllAccessors: .Case3

===========================================================================================
----------------- testing Wed Oct 09 05:55:03 UTC 2019 /home/travis/build/icyphy/ptII/ptolemy/actor/lib/hoc/test/auto/Case4.xml
----------------- Instantiating /home/travis/build/icyphy/ptII/ptolemy/actor/lib/hoc/test/auto/Case4.xml
24 ms. Memory: 120832K Free: 88380K (73%)
----------------- Invoking toplevel() on ptolemy.moml.MoMLSimpleApplication@64cd186
----------------- Done invoking toplevel() on ptolemy.moml.MoMLSimpleApplication@64cd186
reloadAllAccessors: .Case4

===========================================================================================
----------------- testing Wed Oct 09 05:55:03 UTC 2019 /home/travis/build/icyphy/ptII/ptolemy/actor/lib/hoc/test/auto/Case5.xml
----------------- Instantiating /home/travis/build/icyphy/ptII/ptolemy/actor/lib/hoc/test/auto/Case5.xml
49 ms. Memory: 120832K Free: 82268K (68%)
----------------- Invoking toplevel() on ptolemy.moml.MoMLSimpleApplication@7f70a5e
----------------- Done invoking toplevel() on ptolemy.moml.MoMLSimpleApplication@7f70a5e
reloadAllAccessors: .junk

===========================================================================================
----------------- testing Wed Oct 09 05:55:03 UTC 2019 /home/travis/build/icyphy/ptII/ptolemy/actor/lib/hoc/test/auto/Case6.xml
----------------- Instantiating /home/travis/build/icyphy/ptII/ptolemy/actor/lib/hoc/test/auto/Case6.xml
43 ms. Memory: 120832K Free: 70609K (58%)
----------------- Invoking toplevel() on ptolemy.moml.MoMLSimpleApplication@7408c2e0
----------------- Done invoking toplevel() on ptolemy.moml.MoMLSimpleApplication@7408c2e0
reloadAllAccessors: .Case6

===========================================================================================
----------------- testing Wed Oct 09 05:55:03 UTC 2019 /home/travis/build/icyphy/ptII/ptolemy/actor/lib/hoc/test/auto/CaseString2.xml
----------------- Instantiating /home/travis/build/icyphy/ptII/ptolemy/actor/lib/hoc/test/auto/CaseString2.xml
9 ms. Memory: 120832K Free: 62774K (52%)
----------------- Invoking toplevel() on ptolemy.moml.MoMLSimpleApplication@642ae607
----------------- Done invoking toplevel() on ptolemy.moml.MoMLSimpleApplication@642ae607
reloadAllAccessors: .CaseString2

===========================================================================================
----------------- testing Wed Oct 09 05:55:03 UTC 2019 /home/travis/build/icyphy/ptII/ptolemy/actor/lib/hoc/test/auto/CatchUpComposite1.xml
----------------- Instantiating /home/travis/build/icyphy/ptII/ptolemy/actor/lib/hoc/test/auto/CatchUpComposite1.xml
18 ms. Memory: 120832K Free: 99878K (83%)
----------------- Invoking toplevel() on ptolemy.moml.MoMLSimpleApplication@2efbe65b
----------------- Done invoking toplevel() on ptolemy.moml.MoMLSimpleApplication@2efbe65b
reloadAllAccessors: .CatchUpComposite1

===========================================================================================
----------------- testing Wed Oct 09 05:55:04 UTC 2019 /home/travis/build/icyphy/ptII/ptolemy/actor/lib/hoc/test/auto/CatchUpComposite2.xml
----------------- Instantiating /home/travis/build/icyphy/ptII/ptolemy/actor/lib/hoc/test/auto/CatchUpComposite2.xml
9 ms. Memory: 120832K Free: 91709K (76%)
----------------- Invoking toplevel() on ptolemy.moml.MoMLSimpleApplication@1e92c052
----------------- Done invoking toplevel() on ptolemy.moml.MoMLSimpleApplication@1e92c052
reloadAllAccessors: .CatchUpComposite2

===========================================================================================
----------------- testing Wed Oct 09 05:55:04 UTC 2019 /home/travis/build/icyphy/ptII/ptolemy/actor/lib/hoc/test/auto/CatchUpComposite3.xml
----------------- Instantiating /home/travis/build/icyphy/ptII/ptolemy/actor/lib/hoc/test/auto/CatchUpComposite3.xml
16 ms. Memory: 120832K Free: 82895K (69%)
----------------- Invoking toplevel() on ptolemy.moml.MoMLSimpleApplication@76de24e1
----------------- Done invoking toplevel() on ptolemy.moml.MoMLSimpleApplication@76de24e1
reloadAllAccessors: .CatchUpComposite3

===========================================================================================
----------------- testing Wed Oct 09 05:55:04 UTC 2019 /home/travis/build/icyphy/ptII/ptolemy/actor/lib/hoc/test/auto/CatchUpComposite4.xml
----------------- Instantiating /home/travis/build/icyphy/ptII/ptolemy/actor/lib/hoc/test/auto/CatchUpComposite4.xml
17 ms. Memory: 120832K Free: 75067K (62%)
----------------- Invoking toplevel() on ptolemy.moml.MoMLSimpleApplication@4149a5b2
----------------- Done invoking toplevel() on ptolemy.moml.MoMLSimpleApplication@4149a5b2
reloadAllAccessors: .CatchUpComposite4

===========================================================================================
----------------- testing Wed Oct 09 05:55:04 UTC 2019 /home/travis/build/icyphy/ptII/ptolemy/actor/lib/hoc/test/auto/CatchUpComposite5.xml
----------------- Instantiating /home/travis/build/icyphy/ptII/ptolemy/actor/lib/hoc/test/auto/CatchUpComposite5.xml
10 ms. Memory: 120832K Free: 67535K (56%)
----------------- Invoking toplevel() on ptolemy.moml.MoMLSimpleApplication@25db7d16
----------------- Done invoking toplevel() on ptolemy.moml.MoMLSimpleApplication@25db7d16
reloadAllAccessors: .CatchUpComposite5

===========================================================================================
----------------- testing Wed Oct 09 05:55:04 UTC 2019 /home/travis/build/icyphy/ptII/ptolemy/actor/lib/hoc/test/auto/CatchUpComposite6.xml
----------------- Instantiating /home/travis/build/icyphy/ptII/ptolemy/actor/lib/hoc/test/auto/CatchUpComposite6.xml
WARNING: The execution aspects in this model can influence the timing of actors by delaying the 
execution, potentially changing the behavior. There is no guarantee that actors fire at the 
time they request to be fired. 
Use Ptides for deterministic DE behavior that is not influenced by execution aspects. 

56 ms. Memory: 120832K Free: 52837K (44%)
----------------- Invoking toplevel() on ptolemy.moml.MoMLSimpleApplication@4eed3319
----------------- Done invoking toplevel() on ptolemy.moml.MoMLSimpleApplication@4eed3319
reloadAllAccessors: .CatchUpComposite6

===========================================================================================
----------------- testing Wed Oct 09 05:55:04 UTC 2019 /home/travis/build/icyphy/ptII/ptolemy/actor/lib/hoc/test/auto/CatchUpComposite7.xml
----------------- Instantiating /home/travis/build/icyphy/ptII/ptolemy/actor/lib/hoc/test/auto/CatchUpComposite7.xml
WARNING: The execution aspects in this model can influence the timing of actors by delaying the 
execution, potentially changing the behavior. There is no guarantee that actors fire at the 
time they request to be fired. 
Use Ptides for deterministic DE behavior that is not influenced by execution aspects. 

32 ms. Memory: 153600K Free: 126381K (82%)
----------------- Invoking toplevel() on ptolemy.moml.MoMLSimpleApplication@746c06c0
----------------- Done invoking toplevel() on ptolemy.moml.MoMLSimpleApplication@746c06c0
reloadAllAccessors: .CatchUpComposite7

===========================================================================================
----------------- testing Wed Oct 09 05:55:04 UTC 2019 /home/travis/build/icyphy/ptII/ptolemy/actor/lib/hoc/test/auto/ConcurrentExecutionTimeSDF.xml
----------------- Instantiating /home/travis/build/icyphy/ptII/ptolemy/actor/lib/hoc/test/auto/ConcurrentExecutionTimeSDF.xml
Fired ExecutionTime: 40400000
Fired ExecutionTime: 40400000
Fired ExecutionTime: 40400000
Fired ExecutionTime: 40400000
Fired ExecutionTime: 40400000
Fired ExecutionTime: 40400000
Fired ExecutionTime: 40400000
Fired ExecutionTime: 40400000
Fired ExecutionTime: 40400000
Fired ExecutionTime: 40400000
Fired ExecutionTime: 40400000
Fired ExecutionTime: 40400000
Fired ExecutionTime: 40400000
Fired ExecutionTime: 40400000
Fired ExecutionTime: 40400000
Fired ExecutionTime: 40400000
Fired ExecutionTime: 40400000
Fired ExecutionTime: 40400000
Fired ExecutionTime: 40400000
Fired ExecutionTime: 40400000
932 ms. Memory: 153600K Free: 119664K (78%)
----------------- Invoking toplevel() on ptolemy.moml.MoMLSimpleApplication@5dd3e4a1
----------------- Done invoking toplevel() on ptolemy.moml.MoMLSimpleApplication@5dd3e4a1
reloadAllAccessors: .ConcurrentExecutionTimeSDF

===========================================================================================
----------------- testing Wed Oct 09 05:55:05 UTC 2019 /home/travis/build/icyphy/ptII/ptolemy/actor/lib/hoc/test/auto/ConcurrentSleep.xml
----------------- Instantiating /home/travis/build/icyphy/ptII/ptolemy/actor/lib/hoc/test/auto/ConcurrentSleep.xml
728 ms. Memory: 153600K Free: 109424K (71%)
----------------- Invoking toplevel() on ptolemy.moml.MoMLSimpleApplication@45948109
----------------- Done invoking toplevel() on ptolemy.moml.MoMLSimpleApplication@45948109
reloadAllAccessors: .ConcurrentSleep

===========================================================================================
----------------- testing Wed Oct 09 05:55:06 UTC 2019 /home/travis/build/icyphy/ptII/ptolemy/actor/lib/hoc/test/auto/DEInPNInRunCompositeActor.xml
----------------- Instantiating /home/travis/build/icyphy/ptII/ptolemy/actor/lib/hoc/test/auto/DEInPNInRunCompositeActor.xml
12 ms. Memory: 153600K Free: 103853K (68%)
----------------- Invoking toplevel() on ptolemy.moml.MoMLSimpleApplication@3a53e73
----------------- Done invoking toplevel() on ptolemy.moml.MoMLSimpleApplication@3a53e73
reloadAllAccessors: .DEInPNInRunCompositeActor

===========================================================================================
----------------- testing Wed Oct 09 05:55:06 UTC 2019 /home/travis/build/icyphy/ptII/ptolemy/actor/lib/hoc/test/auto/DFTSubSetTest.xml
----------------- Instantiating /home/travis/build/icyphy/ptII/ptolemy/actor/lib/hoc/test/auto/DFTSubSetTest.xml
207 ms. Memory: 153600K Free: 127369K (83%)
----------------- Invoking toplevel() on ptolemy.moml.MoMLSimpleApplication@6e4a9302
----------------- Done invoking toplevel() on ptolemy.moml.MoMLSimpleApplication@6e4a9302
reloadAllAccessors: .DFTSubSetTest

===========================================================================================
----------------- testing Wed Oct 09 05:55:06 UTC 2019 /home/travis/build/icyphy/ptII/ptolemy/actor/lib/hoc/test/auto/HocDE.xml
----------------- Instantiating /home/travis/build/icyphy/ptII/ptolemy/actor/lib/hoc/test/auto/HocDE.xml
146 ms. Memory: 153600K Free: 102175K (67%)
----------------- Invoking toplevel() on ptolemy.moml.MoMLSimpleApplication@2dbfcf64
----------------- Done invoking toplevel() on ptolemy.moml.MoMLSimpleApplication@2dbfcf64
reloadAllAccessors: .HocDE

===========================================================================================
----------------- testing Wed Oct 09 05:55:06 UTC 2019 /home/travis/build/icyphy/ptII/ptolemy/actor/lib/hoc/test/auto/IterateOverArray.xml
----------------- Instantiating /home/travis/build/icyphy/ptII/ptolemy/actor/lib/hoc/test/auto/IterateOverArray.xml
5 ms. Memory: 153600K Free: 98079K (64%)
----------------- Invoking toplevel() on ptolemy.moml.MoMLSimpleApplication@2e18cbe1
----------------- Done invoking toplevel() on ptolemy.moml.MoMLSimpleApplication@2e18cbe1
reloadAllAccessors: .IterateOverArray

===========================================================================================
----------------- testing Wed Oct 09 05:55:06 UTC 2019 /home/travis/build/icyphy/ptII/ptolemy/actor/lib/hoc/test/auto/IterateOverArray10.xml
----------------- Instantiating /home/travis/build/icyphy/ptII/ptolemy/actor/lib/hoc/test/auto/IterateOverArray10.xml
10 ms. Memory: 153600K Free: 95007K (62%)
----------------- Invoking toplevel() on ptolemy.moml.MoMLSimpleApplication@73c40c2b
----------------- Done invoking toplevel() on ptolemy.moml.MoMLSimpleApplication@73c40c2b
reloadAllAccessors: .IterateOverArray10

===========================================================================================
----------------- testing Wed Oct 09 05:55:06 UTC 2019 /home/travis/build/icyphy/ptII/ptolemy/actor/lib/hoc/test/auto/IterateOverArray11.xml
----------------- Instantiating /home/travis/build/icyphy/ptII/ptolemy/actor/lib/hoc/test/auto/IterateOverArray11.xml
7 ms. Memory: 153600K Free: 90911K (59%)
----------------- Invoking toplevel() on ptolemy.moml.MoMLSimpleApplication@2ef3c85a
----------------- Done invoking toplevel() on ptolemy.moml.MoMLSimpleApplication@2ef3c85a
reloadAllAccessors: .IterateOverArray11

===========================================================================================
----------------- testing Wed Oct 09 05:55:06 UTC 2019 /home/travis/build/icyphy/ptII/ptolemy/actor/lib/hoc/test/auto/IterateOverArray12.xml
----------------- Instantiating /home/travis/build/icyphy/ptII/ptolemy/actor/lib/hoc/test/auto/IterateOverArray12.xml
17 ms. Memory: 153600K Free: 84767K (55%)
----------------- Invoking toplevel() on ptolemy.moml.MoMLSimpleApplication@1beb83e6
----------------- Done invoking toplevel() on ptolemy.moml.MoMLSimpleApplication@1beb83e6
reloadAllAccessors: .IterateOverArray12

===========================================================================================
----------------- testing Wed Oct 09 05:55:06 UTC 2019 /home/travis/build/icyphy/ptII/ptolemy/actor/lib/hoc/test/auto/IterateOverArray13.xml
----------------- Instantiating /home/travis/build/icyphy/ptII/ptolemy/actor/lib/hoc/test/auto/IterateOverArray13.xml
80 ms. Memory: 153600K Free: 134149K (87%)
----------------- Invoking toplevel() on ptolemy.moml.MoMLSimpleApplication@7aea6860
----------------- Done invoking toplevel() on ptolemy.moml.MoMLSimpleApplication@7aea6860
reloadAllAccessors: .IterateOverArray13

===========================================================================================
----------------- testing Wed Oct 09 05:55:07 UTC 2019 /home/travis/build/icyphy/ptII/ptolemy/actor/lib/hoc/test/auto/IterateOverArray14.xml
----------------- Instantiating /home/travis/build/icyphy/ptII/ptolemy/actor/lib/hoc/test/auto/IterateOverArray14.xml
66 ms. Memory: 153600K Free: 100964K (66%)
----------------- Invoking toplevel() on ptolemy.moml.MoMLSimpleApplication@1afbd294
----------------- Done invoking toplevel() on ptolemy.moml.MoMLSimpleApplication@1afbd294
reloadAllAccessors: .IterateOverArray14

===========================================================================================
----------------- testing Wed Oct 09 05:55:07 UTC 2019 /home/travis/build/icyphy/ptII/ptolemy/actor/lib/hoc/test/auto/IterateOverArray2.xml
----------------- Instantiating /home/travis/build/icyphy/ptII/ptolemy/actor/lib/hoc/test/auto/IterateOverArray2.xml
8 ms. Memory: 153600K Free: 96431K (63%)
----------------- Invoking toplevel() on ptolemy.moml.MoMLSimpleApplication@317dfcce
----------------- Done invoking toplevel() on ptolemy.moml.MoMLSimpleApplication@317dfcce
reloadAllAccessors: .IterateOverArray2

===========================================================================================
----------------- testing Wed Oct 09 05:55:07 UTC 2019 /home/travis/build/icyphy/ptII/ptolemy/actor/lib/hoc/test/auto/IterateOverArray3.xml
----------------- Instantiating /home/travis/build/icyphy/ptII/ptolemy/actor/lib/hoc/test/auto/IterateOverArray3.xml
14 ms. Memory: 153600K Free: 90710K (59%)
----------------- Invoking toplevel() on ptolemy.moml.MoMLSimpleApplication@4a912c84
----------------- Done invoking toplevel() on ptolemy.moml.MoMLSimpleApplication@4a912c84
reloadAllAccessors: .IterateOverArray3

===========================================================================================
----------------- testing Wed Oct 09 05:55:07 UTC 2019 /home/travis/build/icyphy/ptII/ptolemy/actor/lib/hoc/test/auto/IterateOverArray4.xml
----------------- Instantiating /home/travis/build/icyphy/ptII/ptolemy/actor/lib/hoc/test/auto/IterateOverArray4.xml
4 ms. Memory: 153600K Free: 86628K (56%)
----------------- Invoking toplevel() on ptolemy.moml.MoMLSimpleApplication@46121d64
----------------- Done invoking toplevel() on ptolemy.moml.MoMLSimpleApplication@46121d64
reloadAllAccessors: .IterateOverArray4

===========================================================================================
----------------- testing Wed Oct 09 05:55:07 UTC 2019 /home/travis/build/icyphy/ptII/ptolemy/actor/lib/hoc/test/auto/IterateOverArray5.xml
----------------- Instantiating /home/travis/build/icyphy/ptII/ptolemy/actor/lib/hoc/test/auto/IterateOverArray5.xml
8 ms. Memory: 153600K Free: 82532K (54%)
----------------- Invoking toplevel() on ptolemy.moml.MoMLSimpleApplication@5cd6d280
----------------- Done invoking toplevel() on ptolemy.moml.MoMLSimpleApplication@5cd6d280
reloadAllAccessors: .IterateOverArray5

===========================================================================================
----------------- testing Wed Oct 09 05:55:07 UTC 2019 /home/travis/build/icyphy/ptII/ptolemy/actor/lib/hoc/test/auto/IterateOverArray6.xml
----------------- Instantiating /home/travis/build/icyphy/ptII/ptolemy/actor/lib/hoc/test/auto/IterateOverArray6.xml
3 ms. Memory: 153600K Free: 78999K (51%)
----------------- Invoking toplevel() on ptolemy.moml.MoMLSimpleApplication@5f528118
----------------- Done invoking toplevel() on ptolemy.moml.MoMLSimpleApplication@5f528118
reloadAllAccessors: .IterateOverArray6

===========================================================================================
----------------- testing Wed Oct 09 05:55:07 UTC 2019 /home/travis/build/icyphy/ptII/ptolemy/actor/lib/hoc/test/auto/IterateOverArray7.xml
----------------- Instantiating /home/travis/build/icyphy/ptII/ptolemy/actor/lib/hoc/test/auto/IterateOverArray7.xml
4 ms. Memory: 153600K Free: 74757K (49%)
----------------- Invoking toplevel() on ptolemy.moml.MoMLSimpleApplication@5919c9d0
----------------- Done invoking toplevel() on ptolemy.moml.MoMLSimpleApplication@5919c9d0
reloadAllAccessors: .IterateOverArray7

===========================================================================================
----------------- testing Wed Oct 09 05:55:07 UTC 2019 /home/travis/build/icyphy/ptII/ptolemy/actor/lib/hoc/test/auto/IterateOverArray8.xml
----------------- Instantiating /home/travis/build/icyphy/ptII/ptolemy/actor/lib/hoc/test/auto/IterateOverArray8.xml
3 ms. Memory: 153600K Free: 70831K (46%)
----------------- Invoking toplevel() on ptolemy.moml.MoMLSimpleApplication@b292aa1
----------------- Done invoking toplevel() on ptolemy.moml.MoMLSimpleApplication@b292aa1
reloadAllAccessors: .IterateOverArray8

===========================================================================================
----------------- testing Wed Oct 09 05:55:07 UTC 2019 /home/travis/build/icyphy/ptII/ptolemy/actor/lib/hoc/test/auto/IterateOverArray9.xml
----------------- Instantiating /home/travis/build/icyphy/ptII/ptolemy/actor/lib/hoc/test/auto/IterateOverArray9.xml
7 ms. Memory: 153600K Free: 66743K (43%)
----------------- Invoking toplevel() on ptolemy.moml.MoMLSimpleApplication@487d38fd
----------------- Done invoking toplevel() on ptolemy.moml.MoMLSimpleApplication@487d38fd
reloadAllAccessors: .IterateOverArray9

===========================================================================================
----------------- testing Wed Oct 09 05:55:07 UTC 2019 /home/travis/build/icyphy/ptII/ptolemy/actor/lib/hoc/test/auto/IterateOverArrayCoercedOutputType.xml
----------------- Instantiating /home/travis/build/icyphy/ptII/ptolemy/actor/lib/hoc/test/auto/IterateOverArrayCoercedOutputType.xml
6 ms. Memory: 153600K Free: 61607K (40%)
----------------- Invoking toplevel() on ptolemy.moml.MoMLSimpleApplication@43d1d6a4
----------------- Done invoking toplevel() on ptolemy.moml.MoMLSimpleApplication@43d1d6a4
reloadAllAccessors: .IterateOverArrayCoercedOutputType

===========================================================================================
----------------- testing Wed Oct 09 05:55:07 UTC 2019 /home/travis/build/icyphy/ptII/ptolemy/actor/lib/hoc/test/auto/IterateOverArrayInferredOutputType.xml
----------------- Instantiating /home/travis/build/icyphy/ptII/ptolemy/actor/lib/hoc/test/auto/IterateOverArrayInferredOutputType.xml
6 ms. Memory: 153600K Free: 56932K (37%)
----------------- Invoking toplevel() on ptolemy.moml.MoMLSimpleApplication@9819b48
----------------- Done invoking toplevel() on ptolemy.moml.MoMLSimpleApplication@9819b48
reloadAllAccessors: .IterateOverArrayInferredOutputType

===========================================================================================
----------------- testing Wed Oct 09 05:55:07 UTC 2019 /home/travis/build/icyphy/ptII/ptolemy/actor/lib/hoc/test/auto/MobileFunctionTest.xml
----------------- Instantiating /home/travis/build/icyphy/ptII/ptolemy/actor/lib/hoc/test/auto/MobileFunctionTest.xml
3 ms. Memory: 153600K Free: 137629K (90%)
----------------- Invoking toplevel() on ptolemy.moml.MoMLSimpleApplication@2296aa1c
----------------- Done invoking toplevel() on ptolemy.moml.MoMLSimpleApplication@2296aa1c
reloadAllAccessors: .MobileFunctionTest

===========================================================================================
----------------- testing Wed Oct 09 05:55:07 UTC 2019 /home/travis/build/icyphy/ptII/ptolemy/actor/lib/hoc/test/auto/MobileModelTest.xml
----------------- Instantiating /home/travis/build/icyphy/ptII/ptolemy/actor/lib/hoc/test/auto/MobileModelTest.xml
145 ms. Memory: 153600K Free: 116653K (76%)
----------------- Invoking toplevel() on ptolemy.moml.MoMLSimpleApplication@baba026
----------------- Done invoking toplevel() on ptolemy.moml.MoMLSimpleApplication@baba026
reloadAllAccessors: .MobileModelTest

===========================================================================================
----------------- testing Wed Oct 09 05:55:07 UTC 2019 /home/travis/build/icyphy/ptII/ptolemy/actor/lib/hoc/test/auto/ModelReference.xml
----------------- Instantiating /home/travis/build/icyphy/ptII/ptolemy/actor/lib/hoc/test/auto/ModelReference.xml
2 ms. Memory: 153600K Free: 109995K (72%)
2 ms. Memory: 153600K Free: 109485K (71%)
1 ms. Memory: 153600K Free: 108461K (71%)
2 ms. Memory: 153600K Free: 107437K (70%)
1 ms. Memory: 153600K Free: 106909K (70%)
1 ms. Memory: 153600K Free: 105899K (69%)
1 ms. Memory: 153600K Free: 105389K (69%)
1 ms. Memory: 153600K Free: 104365K (68%)
3 ms. Memory: 153600K Free: 103341K (67%)
4 ms. Memory: 153600K Free: 102813K (67%)
28 ms. Memory: 153600K Free: 102813K (67%)
----------------- Invoking toplevel() on ptolemy.moml.MoMLSimpleApplication@129323d8
----------------- Done invoking toplevel() on ptolemy.moml.MoMLSimpleApplication@129323d8
reloadAllAccessors: .ModelReference

===========================================================================================
----------------- testing Wed Oct 09 05:55:07 UTC 2019 /home/travis/build/icyphy/ptII/ptolemy/actor/lib/hoc/test/auto/ModelReference3.xml
----------------- Instantiating /home/travis/build/icyphy/ptII/ptolemy/actor/lib/hoc/test/auto/ModelReference3.xml
1 ms. Memory: 153600K Free: 97707K (64%)
4 ms. Memory: 153600K Free: 97197K (63%)
2 ms. Memory: 153600K Free: 96173K (63%)
3 ms. Memory: 153600K Free: 95659K (62%)
2 ms. Memory: 153600K Free: 94621K (62%)
2 ms. Memory: 153600K Free: 93597K (61%)
3 ms. Memory: 153600K Free: 93101K (61%)
2 ms. Memory: 153600K Free: 92077K (60%)
4 ms. Memory: 153600K Free: 91549K (60%)
1 ms. Memory: 153600K Free: 90525K (59%)
29 ms. Memory: 153600K Free: 90525K (59%)
----------------- Invoking toplevel() on ptolemy.moml.MoMLSimpleApplication@681ffc05
----------------- Done invoking toplevel() on ptolemy.moml.MoMLSimpleApplication@681ffc05
reloadAllAccessors: .ModelReference3

===========================================================================================
----------------- testing Wed Oct 09 05:55:07 UTC 2019 /home/travis/build/icyphy/ptII/ptolemy/actor/lib/hoc/test/auto/ModelReference4.xml
----------------- Instantiating /home/travis/build/icyphy/ptII/ptolemy/actor/lib/hoc/test/auto/ModelReference4.xml
4 ms. Memory: 153600K Free: 85933K (56%)
4 ms. Memory: 153600K Free: 84389K (55%)
3 ms. Memory: 153600K Free: 83357K (54%)
4 ms. Memory: 153600K Free: 82347K (54%)
2 ms. Memory: 153600K Free: 80813K (53%)
2 ms. Memory: 153600K Free: 79789K (52%)
3 ms. Memory: 153600K Free: 78245K (51%)
3 ms. Memory: 153600K Free: 77213K (50%)
1 ms. Memory: 153600K Free: 75693K (49%)
4 ms. Memory: 153600K Free: 74669K (49%)
10015 ms. Memory: 153600K Free: 74667K (49%)
----------------- Invoking toplevel() on ptolemy.moml.MoMLSimpleApplication@7ab890ef
----------------- Done invoking toplevel() on ptolemy.moml.MoMLSimpleApplication@7ab890ef
reloadAllAccessors: .ModelReference4

===========================================================================================
----------------- testing Wed Oct 09 05:55:17 UTC 2019 /home/travis/build/icyphy/ptII/ptolemy/actor/lib/hoc/test/auto/MultiInstanceComposite.xml
----------------- Instantiating /home/travis/build/icyphy/ptII/ptolemy/actor/lib/hoc/test/auto/MultiInstanceComposite.xml
30 ms. Memory: 153600K Free: 55723K (36%)
----------------- Invoking toplevel() on ptolemy.moml.MoMLSimpleApplication@2c5adb0c
----------------- Done invoking toplevel() on ptolemy.moml.MoMLSimpleApplication@2c5adb0c
reloadAllAccessors: .MultiInstanceComposite

===========================================================================================
----------------- testing Wed Oct 09 05:55:17 UTC 2019 /home/travis/build/icyphy/ptII/ptolemy/actor/lib/hoc/test/auto/MultiInstanceComposite2.xml
----------------- Instantiating /home/travis/build/icyphy/ptII/ptolemy/actor/lib/hoc/test/auto/MultiInstanceComposite2.xml
20 ms. Memory: 153600K Free: 134311K (87%)
----------------- Invoking toplevel() on ptolemy.moml.MoMLSimpleApplication@71646541
----------------- Done invoking toplevel() on ptolemy.moml.MoMLSimpleApplication@71646541
reloadAllAccessors: .MultiInstanceComposite2

===========================================================================================
----------------- testing Wed Oct 09 05:55:17 UTC 2019 /home/travis/build/icyphy/ptII/ptolemy/actor/lib/hoc/test/auto/MulticoreExecution.xml
----------------- Instantiating /home/travis/build/icyphy/ptII/ptolemy/actor/lib/hoc/test/auto/MulticoreExecution.xml
Fired ExecutionTime: 3600000
Fired ExecutionTime: 2000000
Fired ExecutionTime: 46400000
Fired ExecutionTime: 47600000
Fired ExecutionTime: 36800000
Fired ExecutionTime: 39200000
Fired ExecutionTime: 67600000
Fired ExecutionTime: 68000000
Fired ExecutionTime: 66400000
Fired ExecutionTime: 65600000
Fired ExecutionTime: 66800000
Fired ExecutionTime: 66800000
Fired ExecutionTime: 56000000
Fired ExecutionTime: 62400000
Fired ExecutionTime: 63600000
Fired ExecutionTime: 70000000
Fired ExecutionTime: 66400000
Fired ExecutionTime: 66800000
Fired ExecutionTime: 66000000
Fired ExecutionTime: 66800000
1036 ms. Memory: 153600K Free: 125624K (82%)
----------------- Invoking toplevel() on ptolemy.moml.MoMLSimpleApplication@795d0587
----------------- Done invoking toplevel() on ptolemy.moml.MoMLSimpleApplication@795d0587
reloadAllAccessors: .MulticoreExecution

===========================================================================================
----------------- testing Wed Oct 09 05:55:18 UTC 2019 /home/travis/build/icyphy/ptII/ptolemy/actor/lib/hoc/test/auto/ParallelExecution.xml
----------------- Instantiating /home/travis/build/icyphy/ptII/ptolemy/actor/lib/hoc/test/auto/ParallelExecution.xml
916 ms. Memory: 153600K Free: 118454K (77%)
----------------- Invoking toplevel() on ptolemy.moml.MoMLSimpleApplication@7c8170e0
----------------- Done invoking toplevel() on ptolemy.moml.MoMLSimpleApplication@7c8170e0
reloadAllAccessors: .ParallelExecution

===========================================================================================
----------------- testing Wed Oct 09 05:55:19 UTC 2019 /home/travis/build/icyphy/ptII/ptolemy/actor/lib/hoc/test/auto/RunCompositeActor.xml
----------------- Instantiating /home/travis/build/icyphy/ptII/ptolemy/actor/lib/hoc/test/auto/RunCompositeActor.xml
7 ms. Memory: 153600K Free: 111402K (73%)
----------------- Invoking toplevel() on ptolemy.moml.MoMLSimpleApplication@3fb27d2
----------------- Done invoking toplevel() on ptolemy.moml.MoMLSimpleApplication@3fb27d2
reloadAllAccessors: .RunCompositeActor

===========================================================================================
----------------- testing Wed Oct 09 05:55:19 UTC 2019 /home/travis/build/icyphy/ptII/ptolemy/actor/lib/hoc/test/auto/RunCompositeActor2.xml
----------------- Instantiating /home/travis/build/icyphy/ptII/ptolemy/actor/lib/hoc/test/auto/RunCompositeActor2.xml
7 ms. Memory: 153600K Free: 105205K (68%)
----------------- Invoking toplevel() on ptolemy.moml.MoMLSimpleApplication@60685675
----------------- Done invoking toplevel() on ptolemy.moml.MoMLSimpleApplication@60685675
reloadAllAccessors: .RunCompositeActor2

===========================================================================================
----------------- testing Wed Oct 09 05:55:19 UTC 2019 /home/travis/build/icyphy/ptII/ptolemy/actor/lib/hoc/test/auto/RunCompositeActor3.xml
----------------- Instantiating /home/travis/build/icyphy/ptII/ptolemy/actor/lib/hoc/test/auto/RunCompositeActor3.xml
3 ms. Memory: 153600K Free: 100024K (65%)
----------------- Invoking toplevel() on ptolemy.moml.MoMLSimpleApplication@6ee30ed9
----------------- Done invoking toplevel() on ptolemy.moml.MoMLSimpleApplication@6ee30ed9
reloadAllAccessors: .RunCompositeActor3

===========================================================================================
----------------- testing Wed Oct 09 05:55:19 UTC 2019 /home/travis/build/icyphy/ptII/ptolemy/actor/lib/hoc/test/auto/RunCompositeActor4.xml
----------------- Instantiating /home/travis/build/icyphy/ptII/ptolemy/actor/lib/hoc/test/auto/RunCompositeActor4.xml
10 ms. Memory: 153600K Free: 91933K (60%)
----------------- Invoking toplevel() on ptolemy.moml.MoMLSimpleApplication@6237f892
----------------- Done invoking toplevel() on ptolemy.moml.MoMLSimpleApplication@6237f892
reloadAllAccessors: .RunCompositeActor4

===========================================================================================
----------------- testing Wed Oct 09 05:55:20 UTC 2019 /home/travis/build/icyphy/ptII/ptolemy/actor/lib/hoc/test/auto/RunCompositeIterateOverArray.xml
----------------- Instantiating /home/travis/build/icyphy/ptII/ptolemy/actor/lib/hoc/test/auto/RunCompositeIterateOverArray.xml
11 ms. Memory: 153600K Free: 86250K (56%)
----------------- Invoking toplevel() on ptolemy.moml.MoMLSimpleApplication@7f1be62a
----------------- Done invoking toplevel() on ptolemy.moml.MoMLSimpleApplication@7f1be62a
reloadAllAccessors: .RunCompositeIterateOverArray

===========================================================================================
----------------- testing Wed Oct 09 05:55:20 UTC 2019 /home/travis/build/icyphy/ptII/ptolemy/actor/lib/hoc/test/auto/ThreadedJS.xml
----------------- Instantiating /home/travis/build/icyphy/ptII/ptolemy/actor/lib/hoc/test/auto/ThreadedJS.xml
5401 ms. Memory: 221184K Free: 57790K (26%)
----------------- Invoking toplevel() on ptolemy.moml.MoMLSimpleApplication@1e541299
----------------- Done invoking toplevel() on ptolemy.moml.MoMLSimpleApplication@1e541299
reloadAllAccessors: .ThreadedJS
AutoTests.java: About to close Vertx.
AutoTests.java: Vertx closed.
]]></system-out>
  <system-err><![CDATA[java.lang.RuntimeException: Execution failed
	at ptolemy.moml.MoMLSimpleApplication$UnloadThread.run(MoMLSimpleApplication.java:402)
Caused by: ptolemy.kernel.util.IllegalActionException: initialize() was called after wrapup() was called but preinitialize() was not called after wrapup().
	at ptolemy.actor.lib.hoc.test.PreinitializeMustBeInvoked.initialize(PreinitializeMustBeInvoked.java:78)
	at ptolemy.actor.Director.initialize(Director.java:938)
	at ptolemy.actor.Director.initialize(Director.java:907)
	at ptolemy.actor.sched.StaticSchedulingDirector.initialize(StaticSchedulingDirector.java:159)
	at ptolemy.domains.sdf.kernel.SDFDirector.initialize(SDFDirector.java:544)
	at ptolemy.actor.CompositeActor.initialize(CompositeActor.java:935)
	at ptolemy.actor.lib.hoc.LifeCycleManager._executeInsideModel(LifeCycleManager.java:339)
	at ptolemy.actor.lib.hoc.RunCompositeActor.fire(RunCompositeActor.java:205)
	at ptolemy.actor.CompositeActor.iterate(CompositeActor.java:1146)
	at ptolemy.actor.sched.StaticSchedulingDirector.fire(StaticSchedulingDirector.java:216)
	at ptolemy.domains.sdf.kernel.SDFDirector.fire(SDFDirector.java:500)
	at ptolemy.actor.CompositeActor.fire(CompositeActor.java:455)
	at ptolemy.actor.Manager.iterate(Manager.java:851)
	at ptolemy.actor.Manager.execute(Manager.java:369)
	at ptolemy.actor.Manager.run(Manager.java:1263)
	at ptolemy.actor.Manager$PtolemyRunThread.run(Manager.java:1933)
java.lang.reflect.InvocationTargetException
	at java.base/jdk.internal.reflect.NativeConstructorAccessorImpl.newInstance0(Native Method)
	at java.base/jdk.internal.reflect.NativeConstructorAccessorImpl.newInstance(NativeConstructorAccessorImpl.java:62)
	at java.base/jdk.internal.reflect.DelegatingConstructorAccessorImpl.newInstance(DelegatingConstructorAccessorImpl.java:45)
	at java.base/java.lang.reflect.Constructor.newInstance(Constructor.java:490)
	at ptolemy.util.test.junit.AutoKnownFailedTests.RunModel(AutoKnownFailedTests.java:105)
	at java.base/jdk.internal.reflect.NativeMethodAccessorImpl.invoke0(Native Method)
	at java.base/jdk.internal.reflect.NativeMethodAccessorImpl.invoke(NativeMethodAccessorImpl.java:62)
	at java.base/jdk.internal.reflect.DelegatingMethodAccessorImpl.invoke(DelegatingMethodAccessorImpl.java:43)
	at java.base/java.lang.reflect.Method.invoke(Method.java:566)
	at org.junit.runners.model.FrameworkMethod$1.runReflectiveCall(FrameworkMethod.java:44)
	at org.junit.internal.runners.model.ReflectiveCallable.run(ReflectiveCallable.java:15)
	at org.junit.runners.model.FrameworkMethod.invokeExplosively(FrameworkMethod.java:41)
	at junitparams.internal.InvokeParameterisedMethod.evaluate(InvokeParameterisedMethod.java:102)
	at org.junit.internal.runners.statements.FailOnTimeout$1.run(FailOnTimeout.java:28)
Caused by: ptolemy.kernel.util.IllegalActionException: initialize() was called after wrapup() was called but preinitialize() was not called after wrapup().
	at ptolemy.actor.lib.hoc.test.PreinitializeMustBeInvoked.initialize(PreinitializeMustBeInvoked.java:78)
	at ptolemy.actor.Director.initialize(Director.java:938)
	at ptolemy.actor.Director.initialize(Director.java:907)
	at ptolemy.actor.sched.StaticSchedulingDirector.initialize(StaticSchedulingDirector.java:159)
	at ptolemy.domains.sdf.kernel.SDFDirector.initialize(SDFDirector.java:544)
	at ptolemy.actor.CompositeActor.initialize(CompositeActor.java:935)
	at ptolemy.actor.lib.hoc.LifeCycleManager._executeInsideModel(LifeCycleManager.java:339)
	at ptolemy.actor.lib.hoc.RunCompositeActor.fire(RunCompositeActor.java:205)
	at ptolemy.actor.CompositeActor.iterate(CompositeActor.java:1146)
	at ptolemy.actor.sched.StaticSchedulingDirector.fire(StaticSchedulingDirector.java:216)
	at ptolemy.domains.sdf.kernel.SDFDirector.fire(SDFDirector.java:500)
	at ptolemy.actor.CompositeActor.fire(CompositeActor.java:455)
	at ptolemy.actor.Manager.iterate(Manager.java:851)
	at ptolemy.actor.Manager.execute(Manager.java:369)
	at ptolemy.actor.Manager.run(Manager.java:1263)
	at ptolemy.actor.Manager$PtolemyRunThread.run(Manager.java:1933)
Warning: Nashorn engine is planned to be removed from a future JDK release
Warning: Nashorn engine is planned to be removed from a future JDK release
Warning: Nashorn engine is planned to be removed from a future JDK release
Warning: Nashorn engine is planned to be removed from a future JDK release
Warning: Nashorn engine is planned to be removed from a future JDK release
Warning: Nashorn engine is planned to be removed from a future JDK release
Warning: Nashorn engine is planned to be removed from a future JDK release
Warning: Nashorn engine is planned to be removed from a future JDK release
]]></system-err>
</testsuite>
