<?xml version="1.0" encoding="UTF-8" ?>
<testsuite errors="0" failures="0" hostname="travis-job-6f94a909-d8cd-4e55-bed5-4ee322110918" name="ptolemy.vergil.basic.export.test.junit.ExportModelJUnitTestBatch2" skipped="0" tests="70" time="2161.548" timestamp="2018-06-03T01:30:06">
  <properties>
[...]
</properties>
  <testcase classname="ptolemy.vergil.basic.export.test.junit.ExportModelJUnitTestBatch2" name="[0] ptolemy/actor/lib/javasound/demo/KarplusStrong/KarplusStrong.xml (RunExportModel)" time="6.753" />
  <testcase classname="ptolemy.vergil.basic.export.test.junit.ExportModelJUnitTestBatch2" name="[1] ptolemy/actor/lib/jjs/demo/Factorial/Factorial.xml (RunExportModel)" time="15.388" />
  <testcase classname="ptolemy.vergil.basic.export.test.junit.ExportModelJUnitTestBatch2" name="[2] ptolemy/actor/lib/jjs/demo/JavaScriptShell/JavaScriptShell.xml (RunExportModel)" time="9.482" />
  <testcase classname="ptolemy.vergil.basic.export.test.junit.ExportModelJUnitTestBatch2" name="[3] ptolemy/actor/lib/jjs/demo/ModelBuilder/ModelBuilder.xml (RunExportModel)" time="13.935" />
  <testcase classname="ptolemy.vergil.basic.export.test.junit.ExportModelJUnitTestBatch2" name="[4] ptolemy/actor/lib/jjs/modules/aprilTags/demo/AprilTags/AprilTags.xml (RunExportModel)" time="44.134" />
  <testcase classname="ptolemy.vergil.basic.export.test.junit.ExportModelJUnitTestBatch2" name="[5] ptolemy/actor/lib/jjs/modules/aprilTags/demo/Kubi/Kubi.xml (RunExportModel)" time="44.543" />
  <testcase classname="ptolemy.vergil.basic.export.test.junit.ExportModelJUnitTestBatch2" name="[6] ptolemy/actor/lib/jjs/modules/audio/demo/Audio/Audio.xml (RunExportModel)" time="8.238" />
  <testcase classname="ptolemy.vergil.basic.export.test.junit.ExportModelJUnitTestBatch2" name="[7] ptolemy/actor/lib/jjs/modules/audio/demo/Audio/AudioCapture.xml (RunExportModel)" time="9.352" />
  <testcase classname="ptolemy.vergil.basic.export.test.junit.ExportModelJUnitTestBatch2" name="[8] ptolemy/actor/lib/jjs/modules/audio/demo/Audio/AudioClipPlayer.xml (RunExportModel)" time="9.095" />
  <testcase classname="ptolemy.vergil.basic.export.test.junit.ExportModelJUnitTestBatch2" name="[9] ptolemy/actor/lib/jjs/modules/audio/demo/Audio/AudioRecorder.xml (RunExportModel)" time="10.618" />
  <testcase classname="ptolemy.vergil.basic.export.test.junit.ExportModelJUnitTestBatch2" name="[10] ptolemy/actor/lib/jjs/modules/audio/demo/Audio/AudioSynthesis.xml (RunExportModel)" time="9.626" />
  <testcase classname="ptolemy.vergil.basic.export.test.junit.ExportModelJUnitTestBatch2" name="[11] ptolemy/actor/lib/jjs/modules/audio/demo/Audio/SpeechSynthesis.xml (RunExportModel)" time="42.552" />
  <testcase classname="ptolemy.vergil.basic.export.test.junit.ExportModelJUnitTestBatch2" name="[12] ptolemy/actor/lib/jjs/modules/cameras/demo/Camera/Camera.xml (RunExportModel)" time="35.127" />
  <testcase classname="ptolemy.vergil.basic.export.test.junit.ExportModelJUnitTestBatch2" name="[13] ptolemy/actor/lib/jjs/modules/cameras/demo/Camera/CaptureOpenLoop.xml (RunExportModel)" time="32.777" />
  <testcase classname="ptolemy.vergil.basic.export.test.junit.ExportModelJUnitTestBatch2" name="[14] ptolemy/actor/lib/jjs/modules/cameras/demo/CameraWebSocket/CameraWebSocket.xml (RunExportModel)" time="38.689" />
  <testcase classname="ptolemy.vergil.basic.export.test.junit.ExportModelJUnitTestBatch2" name="[15] ptolemy/actor/lib/jjs/modules/cameras/demo/Foscam/Foscam.xml (RunExportModel)" time="40.152" />
  <testcase classname="ptolemy.vergil.basic.export.test.junit.ExportModelJUnitTestBatch2" name="[16] ptolemy/actor/lib/jjs/modules/computerVision/demo/ComputerVision/ComputerVision.xml (RunExportModel)" time="37.872" />
  <testcase classname="ptolemy.vergil.basic.export.test.junit.ExportModelJUnitTestBatch2" name="[17] ptolemy/actor/lib/jjs/modules/contextAware/demo/ContextAware/ContextAware.xml (RunExportModel)" time="9.075" />
  <testcase classname="ptolemy.vergil.basic.export.test.junit.ExportModelJUnitTestBatch2" name="[18] ptolemy/actor/lib/jjs/modules/crypto/demo/AsymmetricEncrypt/AsymmetricEncrypt.xml (RunExportModel)" time="30.71" />
  <testcase classname="ptolemy.vergil.basic.export.test.junit.ExportModelJUnitTestBatch2" name="[19] ptolemy/actor/lib/jjs/modules/crypto/demo/MessageDigest/MessageDigest.xml (RunExportModel)" time="21.884" />
  <testcase classname="ptolemy.vergil.basic.export.test.junit.ExportModelJUnitTestBatch2" name="[20] ptolemy/actor/lib/jjs/modules/crypto/demo/RandomBytes/RandomBytes.xml (RunExportModel)" time="14.005" />
  <testcase classname="ptolemy.vergil.basic.export.test.junit.ExportModelJUnitTestBatch2" name="[21] ptolemy/actor/lib/jjs/modules/crypto/demo/SymmetricEncrypt/SymmetricEncrypt.xml (RunExportModel)" time="17.995" />
  <testcase classname="ptolemy.vergil.basic.export.test.junit.ExportModelJUnitTestBatch2" name="[22] ptolemy/actor/lib/jjs/modules/discovery/demo/Discovery/Discovery.xml (RunExportModel)" time="8.166" />
  <testcase classname="ptolemy.vergil.basic.export.test.junit.ExportModelJUnitTestBatch2" name="[23] ptolemy/actor/lib/jjs/modules/discovery/demo/Discovery/DiscoveryJS.xml (RunExportModel)" time="17.509" />
  <testcase classname="ptolemy.vergil.basic.export.test.junit.ExportModelJUnitTestBatch2" name="[24] ptolemy/actor/lib/jjs/modules/discovery/demo/Discovery/PopulateSwarmboxMap.xml (RunExportModel)" time="37.836" />
  <testcase classname="ptolemy.vergil.basic.export.test.junit.ExportModelJUnitTestBatch2" name="[25] ptolemy/actor/lib/jjs/modules/discovery/demo/Discovery/PostSwarmboxDevices.xml (RunExportModel)" time="41.047" />
  <testcase classname="ptolemy.vergil.basic.export.test.junit.ExportModelJUnitTestBatch2" name="[26] ptolemy/actor/lib/jjs/modules/discovery/demo/Heartbeat/Heartbeat.xml (RunExportModel)" time="24.267" />
  <testcase classname="ptolemy.vergil.basic.export.test.junit.ExportModelJUnitTestBatch2" name="[27] ptolemy/actor/lib/jjs/modules/dsp/demo/AudioFFT/AudioFFT.xml (RunExportModel)" time="9.858" />
  <testcase classname="ptolemy.vergil.basic.export.test.junit.ExportModelJUnitTestBatch2" name="[28] ptolemy/actor/lib/jjs/modules/dsp/demo/AudioFFT/SinusoidFFT.xml (RunExportModel)" time="13.196" />
  <testcase classname="ptolemy.vergil.basic.export.test.junit.ExportModelJUnitTestBatch2" name="[29] ptolemy/actor/lib/jjs/modules/eventbus/demo/VertxBus/VertxBus.xml (RunExportModel)" time="24.071" />
  <testcase classname="ptolemy.vergil.basic.export.test.junit.ExportModelJUnitTestBatch2" name="[30] ptolemy/actor/lib/jjs/modules/eventbus/demo/VertxChat/VertxChat.xml (RunExportModel)" time="10.488" />
  <testcase classname="ptolemy.vergil.basic.export.test.junit.ExportModelJUnitTestBatch2" name="[31] ptolemy/actor/lib/jjs/modules/faceDetector/demo/FaceDetector/FaceDetector.xml (RunExportModel)" time="11.459" />
  <testcase classname="ptolemy.vergil.basic.export.test.junit.ExportModelJUnitTestBatch2" name="[32] ptolemy/actor/lib/jjs/modules/faceDetector/demo/FaceDetectorCamera/FaceDetectorCamera.xml (RunExportModel)" time="40.863" />
  <testcase classname="ptolemy.vergil.basic.export.test.junit.ExportModelJUnitTestBatch2" name="[33] ptolemy/actor/lib/jjs/modules/faceDetector/demo/OccupancyCount/OccupancyCount.xml (RunExportModel)" time="40.622" />
  <testcase classname="ptolemy.vergil.basic.export.test.junit.ExportModelJUnitTestBatch2" name="[34] ptolemy/actor/lib/jjs/modules/httpClient/demo/REST/REST.xml (RunExportModel)" time="8.132" />
  <testcase classname="ptolemy.vergil.basic.export.test.junit.ExportModelJUnitTestBatch2" name="[35] ptolemy/actor/lib/jjs/modules/httpClient/demo/REST/RESTSimple.xml (RunExportModel)" time="39.876" />
  <testcase classname="ptolemy.vergil.basic.export.test.junit.ExportModelJUnitTestBatch2" name="[36] ptolemy/actor/lib/jjs/modules/httpClient/demo/REST/Weather.xml (RunExportModel)" time="10.318" />
  <testcase classname="ptolemy.vergil.basic.export.test.junit.ExportModelJUnitTestBatch2" name="[37] ptolemy/actor/lib/jjs/modules/httpServer/demo/HttpServer/HttpServer.xml (RunExportModel)" time="39.861" />
  <testcase classname="ptolemy.vergil.basic.export.test.junit.ExportModelJUnitTestBatch2" name="[38] ptolemy/actor/lib/jjs/modules/httpServer/demo/KeyValueStoreClient/KeyValueStoreClient.xml (RunExportModel)" time="41.323" />
  <testcase classname="ptolemy.vergil.basic.export.test.junit.ExportModelJUnitTestBatch2" name="[39] ptolemy/actor/lib/jjs/modules/httpServer/demo/KeyValueStoreClient/KeyValueStoreServer.xml (RunExportModel)" time="43.859" />
  <testcase classname="ptolemy.vergil.basic.export.test.junit.ExportModelJUnitTestBatch2" name="[40] ptolemy/actor/lib/jjs/modules/httpServer/demo/KeyValueStoreClient/KeyValueStoreServerTerra.xml (RunExportModel)" time="44.001" />
  <testcase classname="ptolemy.vergil.basic.export.test.junit.ExportModelJUnitTestBatch2" name="[41] ptolemy/actor/lib/jjs/modules/httpServer/demo/WebServer/WebServer.xml (RunExportModel)" time="38.367" />
  <testcase classname="ptolemy.vergil.basic.export.test.junit.ExportModelJUnitTestBatch2" name="[42] ptolemy/actor/lib/jjs/modules/imageFilters/demo/ImageAnnotate/ImageAnnotate.xml (RunExportModel)" time="43.495" />
  <testcase classname="ptolemy.vergil.basic.export.test.junit.ExportModelJUnitTestBatch2" name="[43] ptolemy/actor/lib/jjs/modules/imageFilters/demo/ImageFilters/Annotate.xml (RunExportModel)" time="41.149" />
  <testcase classname="ptolemy.vergil.basic.export.test.junit.ExportModelJUnitTestBatch2" name="[44] ptolemy/actor/lib/jjs/modules/imageFilters/demo/ImageFilters/Average.xml (RunExportModel)" time="41.31" />
  <testcase classname="ptolemy.vergil.basic.export.test.junit.ExportModelJUnitTestBatch2" name="[45] ptolemy/actor/lib/jjs/modules/imageFilters/demo/ImageFilters/BicubicScale.xml (RunExportModel)" time="41.427" />
  <testcase classname="ptolemy.vergil.basic.export.test.junit.ExportModelJUnitTestBatch2" name="[46] ptolemy/actor/lib/jjs/modules/imageFilters/demo/ImageFilters/Block.xml (RunExportModel)" time="41.589" />
  <testcase classname="ptolemy.vergil.basic.export.test.junit.ExportModelJUnitTestBatch2" name="[47] ptolemy/actor/lib/jjs/modules/imageFilters/demo/ImageFilters/Border.xml (RunExportModel)" time="42.765" />
  <testcase classname="ptolemy.vergil.basic.export.test.junit.ExportModelJUnitTestBatch2" name="[48] ptolemy/actor/lib/jjs/modules/imageFilters/demo/ImageFilters/BoxBlur.xml (RunExportModel)" time="42.289" />
  <testcase classname="ptolemy.vergil.basic.export.test.junit.ExportModelJUnitTestBatch2" name="[49] ptolemy/actor/lib/jjs/modules/imageFilters/demo/ImageFilters/Bump.xml (RunExportModel)" time="42.178" />
  <testcase classname="ptolemy.vergil.basic.export.test.junit.ExportModelJUnitTestBatch2" name="[50] ptolemy/actor/lib/jjs/modules/imageFilters/demo/ImageFilters/ChannelMix.xml (RunExportModel)" time="42.171" />
  <testcase classname="ptolemy.vergil.basic.export.test.junit.ExportModelJUnitTestBatch2" name="[51] ptolemy/actor/lib/jjs/modules/imageFilters/demo/ImageFilters/Chrome.xml (RunExportModel)" time="42.918" />
  <testcase classname="ptolemy.vergil.basic.export.test.junit.ExportModelJUnitTestBatch2" name="[52] ptolemy/actor/lib/jjs/modules/imageFilters/demo/ImageFilters/Circle.xml (RunExportModel)" time="42.535" />
  <testcase classname="ptolemy.vergil.basic.export.test.junit.ExportModelJUnitTestBatch2" name="[53] ptolemy/actor/lib/jjs/modules/imageFilters/demo/ImageFilters/ColorHalftone.xml (RunExportModel)" time="42.491" />
  <testcase classname="ptolemy.vergil.basic.export.test.junit.ExportModelJUnitTestBatch2" name="[54] ptolemy/actor/lib/jjs/modules/imageFilters/demo/ImageFilters/Contour.xml (RunExportModel)" time="42.941" />
  <testcase classname="ptolemy.vergil.basic.export.test.junit.ExportModelJUnitTestBatch2" name="[55] ptolemy/actor/lib/jjs/modules/imageFilters/demo/ImageFilters/Contrast.xml (RunExportModel)" time="42.788" />
  <testcase classname="ptolemy.vergil.basic.export.test.junit.ExportModelJUnitTestBatch2" name="[56] ptolemy/actor/lib/jjs/modules/imageFilters/demo/ImageFilters/Crop.xml (RunExportModel)" time="42.897" />
  <testcase classname="ptolemy.vergil.basic.export.test.junit.ExportModelJUnitTestBatch2" name="[57] ptolemy/actor/lib/jjs/modules/imageFilters/demo/ImageFilters/Crystallize.xml (RunExportModel)" time="43.071" />
  <testcase classname="ptolemy.vergil.basic.export.test.junit.ExportModelJUnitTestBatch2" name="[58] ptolemy/actor/lib/jjs/modules/imageFilters/demo/ImageFilters/Gray.xml (RunExportModel)" time="43.472" />
  <testcase classname="ptolemy.vergil.basic.export.test.junit.ExportModelJUnitTestBatch2" name="[59] ptolemy/actor/lib/jjs/modules/imageFilters/demo/ImageFilters/ImageFilters.xml (RunExportModel)" time="8.179" />
  <testcase classname="ptolemy.vergil.basic.export.test.junit.ExportModelJUnitTestBatch2" name="[60] ptolemy/actor/lib/jjs/modules/imageFilters/demo/ImageFilters/Invert.xml (RunExportModel)" time="43.475" />
  <testcase classname="ptolemy.vergil.basic.export.test.junit.ExportModelJUnitTestBatch2" name="[61] ptolemy/actor/lib/jjs/modules/imageFilters/demo/ImageFilters/LensBlur.xml (RunExportModel)" time="43.292" />
  <testcase classname="ptolemy.vergil.basic.export.test.junit.ExportModelJUnitTestBatch2" name="[62] ptolemy/actor/lib/jjs/modules/imageFilters/demo/ImageFilters/Random.xml (RunExportModel)" time="45.582" />
  <testcase classname="ptolemy.vergil.basic.export.test.junit.ExportModelJUnitTestBatch2" name="[63] ptolemy/actor/lib/jjs/modules/imageFilters/demo/ImageFilters/Solarize.xml (RunExportModel)" time="45.825" />
  <testcase classname="ptolemy.vergil.basic.export.test.junit.ExportModelJUnitTestBatch2" name="[64] ptolemy/actor/lib/jjs/modules/imageFilters/demo/ImageFilters/Threshold.xml (RunExportModel)" time="43.665" />
  <testcase classname="ptolemy.vergil.basic.export.test.junit.ExportModelJUnitTestBatch2" name="[65] ptolemy/actor/lib/jjs/modules/iotAuth/demo/SecureCommClient/SecureCommClient.xml (RunExportModel)" time="22.411" />
  <testcase classname="ptolemy.vergil.basic.export.test.junit.ExportModelJUnitTestBatch2" name="[66] ptolemy/actor/lib/jjs/modules/iotAuth/demo/SecureCommServer/SecureCommServer.xml (RunExportModel)" time="27.216" />
  <testcase classname="ptolemy.vergil.basic.export.test.junit.ExportModelJUnitTestBatch2" name="[67] ptolemy/actor/lib/jjs/modules/iotAuth/demo/SecureCommServerClient/SecureCommServerClient.xml (RunExportModel)" time="30.486" />
  <testcase classname="ptolemy.vergil.basic.export.test.junit.ExportModelJUnitTestBatch2" name="[68] ptolemy/actor/lib/jjs/modules/iotAuth/demo/SecureCommServerClient/SecureCommServerClientJS.xml (RunExportModel)" time="47.113" />
  <testcase classname="ptolemy.vergil.basic.export.test.junit.ExportModelJUnitTestBatch2" name="[69] ptolemy/actor/lib/jjs/modules/iotAuth/demo/SecureCommServerClientWithAuthManager/SecureCommServerClientWithAuthManager.xml (RunExportModel)" time="35.445" />
  <system-out><![CDATA[ExportModeJUnitTestBatch: There are 746 demos. Exporting demos: 151 to 220.
####### 1 Sun Jun 03 01:30:06 UTC 2018 $PTII/bin/ptinvoke ptolemy.vergil.basic.export.ExportModel -force htm  -openComposites -timeOut 30000 -whiteBackground ptolemy/actor/lib/javasound/demo/KarplusStrong/KarplusStrong.xml $PTII/ptolemy/actor/lib/javasound/demo/KarplusStrong/KarplusStrong
Warning: not running ptolemy/actor/lib/javasound/demo/KarplusStrong/KarplusStrong.xml. See ptolemy/vergil/basic/export/test/junit/ExportModelJUnitTest.java
Exported /home/travis/build/icyphy/ptII/ptolemy/actor/lib/javasound/demo/KarplusStrong/KarplusStrong/index.html
6733 ms. Memory: 116224K Free: 59055K (51%)
####### 2 Sun Jun 03 01:30:13 UTC 2018 $PTII/bin/ptinvoke ptolemy.vergil.basic.export.ExportModel -force htm -run -openComposites -timeOut 30000 -whiteBackground ptolemy/actor/lib/jjs/demo/Factorial/Factorial.xml $PTII/ptolemy/actor/lib/jjs/demo/Factorial/Factorial
----------------- Sun Jun 03 01:30:13 UTC 2018 About to sleep for 5.0 seconds before running or rerunning.  Test is: /home/travis/build/icyphy/ptII/ptolemy/actor/lib/jjs/demo/Factorial/Factorial.xml
Done sleeping
Running .Factorial
2139 ms. Memory: 282112K Free: 181042K (64%)
Exported /home/travis/build/icyphy/ptII/ptolemy/actor/lib/jjs/demo/Factorial/Factorial/index.html
10386 ms. Memory: 282112K Free: 151086K (54%)
####### 3 Sun Jun 03 01:30:29 UTC 2018 $PTII/bin/ptinvoke ptolemy.vergil.basic.export.ExportModel -force htm -run -openComposites -timeOut 30000 -whiteBackground ptolemy/actor/lib/jjs/demo/JavaScriptShell/JavaScriptShell.xml $PTII/ptolemy/actor/lib/jjs/demo/JavaScriptShell/JavaScriptShell
----------------- Sun Jun 03 01:30:29 UTC 2018 About to sleep for 5.0 seconds before running or rerunning.  Test is: /home/travis/build/icyphy/ptII/ptolemy/actor/lib/jjs/demo/JavaScriptShell/JavaScriptShell.xml
Done sleeping
.JavaScriptShell.InteractiveShell invoked SwingUtilities.invokeAndWait()
Model ".JavaScriptShell" contains actors such cannot be run  as part of the export process from ExportModel or it has a WebExportParameters value that runBeforeExport set to false. To export run this model and export it, use vergil.
Exported /home/travis/build/icyphy/ptII/ptolemy/actor/lib/jjs/demo/JavaScriptShell/JavaScriptShell/index.html
4481 ms. Memory: 286720K Free: 104319K (36%)
####### 4 Sun Jun 03 01:30:38 UTC 2018 $PTII/bin/ptinvoke ptolemy.vergil.basic.export.ExportModel -force htm -run -openComposites -timeOut 30000 -whiteBackground ptolemy/actor/lib/jjs/demo/ModelBuilder/ModelBuilder.xml $PTII/ptolemy/actor/lib/jjs/demo/ModelBuilder/ModelBuilder
----------------- Sun Jun 03 01:30:38 UTC 2018 About to sleep for 5.0 seconds before running or rerunning.  Test is: /home/travis/build/icyphy/ptII/ptolemy/actor/lib/jjs/demo/ModelBuilder/ModelBuilder.xml
Done sleeping
Running .ModelBuilder
0
1
2
3
4
5
6
7
8
9
10
11
12
13
14
15
16
17
18
19
20
21
22
23
24
25
26
27
28
29
30
31
32
33
34
35
36
37
38
39
40
41
42
43
44
45
46
47
48
49
50
51
52
53
54
55
56
57
58
59
60
61
62
63
64
65
66
67
68
69
70
71
72
73
74
75
76
77
78
79
80
81
82
83
84
85
86
87
88
89
90
91
92
93
94
95
96
97
98
99
20 ms. Memory: 504320K Free: 368947K (73%)
2938 ms. Memory: 504320K Free: 358276K (71%)
Exported /home/travis/build/icyphy/ptII/ptolemy/actor/lib/jjs/demo/ModelBuilder/ModelBuilder/index.html
8934 ms. Memory: 504320K Free: 301900K (60%)
####### 5 Sun Jun 03 01:30:52 UTC 2018 $PTII/bin/ptinvoke ptolemy.vergil.basic.export.ExportModel -force htm -run -openComposites -timeOut 30000 -whiteBackground ptolemy/actor/lib/jjs/modules/aprilTags/demo/AprilTags/AprilTags.xml $PTII/ptolemy/actor/lib/jjs/modules/aprilTags/demo/AprilTags/AprilTags
----------------- Sun Jun 03 01:30:52 UTC 2018 About to sleep for 5.0 seconds before running or rerunning.  Test is: /home/travis/build/icyphy/ptII/ptolemy/actor/lib/jjs/modules/aprilTags/demo/AprilTags/AprilTags.xml
Done sleeping
JSAccessor: PT_NO_NET environment variable is set, so git pull and ptdoc are not being run.
No physical cameras found, using WebcamDummyDriver.
Running .AprilTags
ExportHTMLTimer went off after 30000 ms., calling getDirector().finish and getDirector().stopFire()
30078 ms. Memory: 1767936K Free: 341659K (19%)
Exported /home/travis/build/icyphy/ptII/ptolemy/actor/lib/jjs/modules/aprilTags/demo/AprilTags/AprilTags/index.html
39130 ms. Memory: 1767936K Free: 311426K (18%)
####### 6 Sun Jun 03 01:31:36 UTC 2018 $PTII/bin/ptinvoke ptolemy.vergil.basic.export.ExportModel -force htm -run -openComposites -timeOut 30000 -whiteBackground ptolemy/actor/lib/jjs/modules/aprilTags/demo/Kubi/Kubi.xml $PTII/ptolemy/actor/lib/jjs/modules/aprilTags/demo/Kubi/Kubi
----------------- Sun Jun 03 01:31:36 UTC 2018 About to sleep for 5.0 seconds before running or rerunning.  Test is: /home/travis/build/icyphy/ptII/ptolemy/actor/lib/jjs/modules/aprilTags/demo/Kubi/Kubi.xml
Done sleeping
Running .Kubi
Kubi: Kubi.js: Initializing... (Thread[AWT-EventQueue-0,6,main])
Kubi: Kubi.js: Handler added (Thread[AWT-EventQueue-0,6,main])
Kubi: Kubi.js: Connecting... (Thread[AWT-EventQueue-0,6,main])
Kubi2: Kubi.js: Initializing... (Thread[AWT-EventQueue-0,6,main])
Kubi2: Kubi.js: Handler added (Thread[AWT-EventQueue-0,6,main])
Kubi2: Kubi.js: Connecting... (Thread[AWT-EventQueue-0,6,main])
JavaScript: April is right by 47.5px (Thread[AWT-EventQueue-0,6,main])
JavaScript: Movement sent6.163314804034641 (Thread[AWT-EventQueue-0,6,main])
Kubi2: Kubi.js: issueCommand(): { face: [ { height: 65, width: 65, x: 100, y: 21 } ],
  pan: 6.163314804034641,
  panSpeed: '100',
  tilt: 7.5310163320779155,
  tiltSpeed: '100' } (Thread[AWT-EventQueue-0,6,main])
Kubi2: Proccessing command (Thread[AWT-EventQueue-0,6,main])
Kubi2: Got command object  (Thread[AWT-EventQueue-0,6,main])
Kubi2: Building URL... (Thread[AWT-EventQueue-0,6,main])
Kubi2: Making an HTTP request. (Thread[AWT-EventQueue-0,6,main])
ExportHTMLTimer went off after 30000 ms., calling getDirector().finish and getDirector().stopFire()
30101 ms. Memory: 1861120K Free: 1370009K (74%)
Exported /home/travis/build/icyphy/ptII/ptolemy/actor/lib/jjs/modules/aprilTags/demo/Kubi/Kubi/index.html
39541 ms. Memory: 1861120K Free: 1327500K (71%)
####### 7 Sun Jun 03 01:32:21 UTC 2018 $PTII/bin/ptinvoke ptolemy.vergil.basic.export.ExportModel -force htm  -openComposites -timeOut 30000 -whiteBackground ptolemy/actor/lib/jjs/modules/audio/demo/Audio/Audio.xml $PTII/ptolemy/actor/lib/jjs/modules/audio/demo/Audio/Audio
Warning: not running ptolemy/actor/lib/jjs/modules/audio/demo/Audio/Audio.xml. See ptolemy/vergil/basic/export/test/junit/ExportModelJUnitTest.java
----------------- Sun Jun 03 01:32:21 UTC 2018 About to sleep for 5.0 seconds before running or rerunning.  Test is: /home/travis/build/icyphy/ptII/ptolemy/actor/lib/jjs/modules/audio/demo/Audio/Audio.xml
Done sleeping
Exported /home/travis/build/icyphy/ptII/ptolemy/actor/lib/jjs/modules/audio/demo/Audio/Audio/index.html
3238 ms. Memory: 1861120K Free: 1180987K (63%)
####### 8 Sun Jun 03 01:32:29 UTC 2018 $PTII/bin/ptinvoke ptolemy.vergil.basic.export.ExportModel -force htm  -openComposites -timeOut 30000 -whiteBackground ptolemy/actor/lib/jjs/modules/audio/demo/Audio/AudioCapture.xml $PTII/ptolemy/actor/lib/jjs/modules/audio/demo/Audio/AudioCapture
Warning: not running ptolemy/actor/lib/jjs/modules/audio/demo/Audio/AudioCapture.xml. See ptolemy/vergil/basic/export/test/junit/ExportModelJUnitTest.java
----------------- Sun Jun 03 01:32:29 UTC 2018 About to sleep for 5.0 seconds before running or rerunning.  Test is: /home/travis/build/icyphy/ptII/ptolemy/actor/lib/jjs/modules/audio/demo/Audio/AudioCapture.xml
Done sleeping
Exported /home/travis/build/icyphy/ptII/ptolemy/actor/lib/jjs/modules/audio/demo/Audio/AudioCapture/index.html
4352 ms. Memory: 1861120K Free: 821776K (44%)
####### 9 Sun Jun 03 01:32:38 UTC 2018 $PTII/bin/ptinvoke ptolemy.vergil.basic.export.ExportModel -force htm  -openComposites -timeOut 30000 -whiteBackground ptolemy/actor/lib/jjs/modules/audio/demo/Audio/AudioClipPlayer.xml $PTII/ptolemy/actor/lib/jjs/modules/audio/demo/Audio/AudioClipPlayer
Warning: not running ptolemy/actor/lib/jjs/modules/audio/demo/Audio/AudioClipPlayer.xml. See ptolemy/vergil/basic/export/test/junit/ExportModelJUnitTest.java
----------------- Sun Jun 03 01:32:38 UTC 2018 About to sleep for 5.0 seconds before running or rerunning.  Test is: /home/travis/build/icyphy/ptII/ptolemy/actor/lib/jjs/modules/audio/demo/Audio/AudioClipPlayer.xml
Done sleeping
Exported /home/travis/build/icyphy/ptII/ptolemy/actor/lib/jjs/modules/audio/demo/Audio/AudioClipPlayer/index.html
4094 ms. Memory: 1861120K Free: 535074K (29%)
####### 10 Sun Jun 03 01:32:47 UTC 2018 $PTII/bin/ptinvoke ptolemy.vergil.basic.export.ExportModel -force htm  -openComposites -timeOut 30000 -whiteBackground ptolemy/actor/lib/jjs/modules/audio/demo/Audio/AudioRecorder.xml $PTII/ptolemy/actor/lib/jjs/modules/audio/demo/Audio/AudioRecorder
Warning: not running ptolemy/actor/lib/jjs/modules/audio/demo/Audio/AudioRecorder.xml. See ptolemy/vergil/basic/export/test/junit/ExportModelJUnitTest.java
----------------- Sun Jun 03 01:32:47 UTC 2018 About to sleep for 5.0 seconds before running or rerunning.  Test is: /home/travis/build/icyphy/ptII/ptolemy/actor/lib/jjs/modules/audio/demo/Audio/AudioRecorder.xml
Done sleeping
Exported /home/travis/build/icyphy/ptII/ptolemy/actor/lib/jjs/modules/audio/demo/Audio/AudioRecorder/index.html
5617 ms. Memory: 1867264K Free: 1462168K (78%)
####### 11 Sun Jun 03 01:32:58 UTC 2018 $PTII/bin/ptinvoke ptolemy.vergil.basic.export.ExportModel -force htm  -openComposites -timeOut 30000 -whiteBackground ptolemy/actor/lib/jjs/modules/audio/demo/Audio/AudioSynthesis.xml $PTII/ptolemy/actor/lib/jjs/modules/audio/demo/Audio/AudioSynthesis
Warning: not running ptolemy/actor/lib/jjs/modules/audio/demo/Audio/AudioSynthesis.xml. See ptolemy/vergil/basic/export/test/junit/ExportModelJUnitTest.java
----------------- Sun Jun 03 01:32:58 UTC 2018 About to sleep for 5.0 seconds before running or rerunning.  Test is: /home/travis/build/icyphy/ptII/ptolemy/actor/lib/jjs/modules/audio/demo/Audio/AudioSynthesis.xml
Done sleeping
Exported /home/travis/build/icyphy/ptII/ptolemy/actor/lib/jjs/modules/audio/demo/Audio/AudioSynthesis/index.html
4625 ms. Memory: 1867264K Free: 1088169K (58%)
####### 12 Sun Jun 03 01:33:08 UTC 2018 $PTII/bin/ptinvoke ptolemy.vergil.basic.export.ExportModel -force htm -run -openComposites -timeOut 30000 -whiteBackground ptolemy/actor/lib/jjs/modules/audio/demo/Audio/SpeechSynthesis.xml $PTII/ptolemy/actor/lib/jjs/modules/audio/demo/Audio/SpeechSynthesis
----------------- Sun Jun 03 01:33:08 UTC 2018 About to sleep for 5.0 seconds before running or rerunning.  Test is: /home/travis/build/icyphy/ptII/ptolemy/actor/lib/jjs/modules/audio/demo/Audio/SpeechSynthesis.xml
Done sleeping
Running .SpeechSynthesis
ExportHTMLTimer went off after 30000 ms., calling getDirector().finish and getDirector().stopFire()
30046 ms. Memory: 1737216K Free: 377265K (22%)
Exported /home/travis/build/icyphy/ptII/ptolemy/actor/lib/jjs/modules/audio/demo/Audio/SpeechSynthesis/index.html
37552 ms. Memory: 1737216K Free: 344498K (20%)
####### 13 Sun Jun 03 01:33:50 UTC 2018 $PTII/bin/ptinvoke ptolemy.vergil.basic.export.ExportModel -force htm -run -openComposites -timeOut 30000 -whiteBackground ptolemy/actor/lib/jjs/modules/cameras/demo/Camera/Camera.xml $PTII/ptolemy/actor/lib/jjs/modules/cameras/demo/Camera/Camera
----------------- Sun Jun 03 01:33:50 UTC 2018 About to sleep for 5.0 seconds before running or rerunning.  Test is: /home/travis/build/icyphy/ptII/ptolemy/actor/lib/jjs/modules/cameras/demo/Camera/Camera.xml
Done sleeping
Running .Camera
23281 ms. Memory: 1840128K Free: 1169849K (64%)
Exported /home/travis/build/icyphy/ptII/ptolemy/actor/lib/jjs/modules/cameras/demo/Camera/Camera/index.html
30126 ms. Memory: 1840128K Free: 1138498K (62%)
####### 14 Sun Jun 03 01:34:25 UTC 2018 $PTII/bin/ptinvoke ptolemy.vergil.basic.export.ExportModel -force htm -run -openComposites -timeOut 30000 -whiteBackground ptolemy/actor/lib/jjs/modules/cameras/demo/Camera/CaptureOpenLoop.xml $PTII/ptolemy/actor/lib/jjs/modules/cameras/demo/Camera/CaptureOpenLoop
----------------- Sun Jun 03 01:34:25 UTC 2018 About to sleep for 5.0 seconds before running or rerunning.  Test is: /home/travis/build/icyphy/ptII/ptolemy/actor/lib/jjs/modules/cameras/demo/Camera/CaptureOpenLoop.xml
Done sleeping
Running .CaptureOpenLoop
22302 ms. Memory: 1793024K Free: 828612K (46%)
Exported /home/travis/build/icyphy/ptII/ptolemy/actor/lib/jjs/modules/cameras/demo/Camera/CaptureOpenLoop/index.html
27777 ms. Memory: 1793024K Free: 802987K (45%)
####### 15 Sun Jun 03 01:34:58 UTC 2018 $PTII/bin/ptinvoke ptolemy.vergil.basic.export.ExportModel -force htm -run -openComposites -timeOut 30000 -whiteBackground ptolemy/actor/lib/jjs/modules/cameras/demo/CameraWebSocket/CameraWebSocket.xml $PTII/ptolemy/actor/lib/jjs/modules/cameras/demo/CameraWebSocket/CameraWebSocket
----------------- Sun Jun 03 01:34:58 UTC 2018 About to sleep for 5.0 seconds before running or rerunning.  Test is: /home/travis/build/icyphy/ptII/ptolemy/actor/lib/jjs/modules/cameras/demo/CameraWebSocket/CameraWebSocket.xml
Done sleeping
Running .CameraWebSocket
WebSocketClient: Connection failed. Will try again: Connection refused: localhost/127.0.0.1:8071
Connection refused (Thread[vert.x-eventloop-thread-2,6,main])
WebSocketClient: Connection failed. Will try again: Connection refused: localhost/127.0.0.1:8071
Connection refused (Thread[vert.x-eventloop-thread-2,6,main])
WebSocketClient: Connection failed. Will try again: Connection refused: localhost/127.0.0.1:8071
Connection refused (Thread[vert.x-eventloop-thread-2,6,main])
WebSocketClient: Connection failed. Will try again: Connection refused: localhost/127.0.0.1:8071
Connection refused (Thread[vert.x-eventloop-thread-2,6,main])
WebSocketClient: Connection failed. Will try again: Connection refused: localhost/127.0.0.1:8071
Connection refused (Thread[vert.x-eventloop-thread-2,6,main])
WebSocketClient: undefined: WebSocketClient.js: Error: Connection failed after 6 tries: Connection refused: localhost/127.0.0.1:8071
Connection refused (Thread[vert.x-eventloop-thread-2,6,main])
WebSocketClient: Connection closed because model is no longer running. (Thread[AWT-EventQueue-0,6,main])
WebSocketClient: undefined: WebSocketClient.js: Error: Unsent messages remain that were queued before the socket opened: [����JFIF��C		
 $.' ",#(7),01444'9=82<.342��C			2!!22222222222222222222222222222222222222222222222222����"��	
���}!1AQa"q2���#B��R��$3br�	
%&'()*456789:CDEFGHIJSTUVWXYZcdefghijstuvwxyz���������������������������������������������������������������������������	
���w!1AQaq"2�B����	#3R�br�
$4�%�&'()*56789:CDEFGHIJSTUVWXYZcdefghijstuvwxyz��������������������������������������������������������������������������?�h����B�(��(��(���|�Yj�������-�8]�~m�3���<m��+Hѡ����k�B�c7˵�9'�S�v��T�(��,#O��[��
�(�z!EPEPEPEPEPEPEPEPEPc���F+���o�+����"��}������6�������CJ�>$�Ȼo�_k��=h��q�<��<��(�Ϯ
(��
(��
(��
(��
(��
(��
(��
(��
(��&������kq,F��9RG�G�T�:���b;����e���}�U��89s4�QE�T�щ����
�q��J��R��r}�����?��?��?�G,������
��ͯ���G�����b����������C�(��r��zO�}��6���۸N��9�+���r��zO�}���?��?��?���_xn�;���(����?��?��?�G,������
?�k�}������㘮���K�{��m����m�E��-*��H'�74$Q�`�GP;W��zO�b�����f�۵��V\����b���sQ�%~b3�^&��õw{�����g�����{O����?�Կ罧����MzB-劬O1�R�2X�:�c�J�+����L�k#@�E�`9��#����)=���_�������q�F��=�?���h��#R�������5��j��)>s�����D�E�_%�[�p�r����q���)w�F��o���O�B5/��i�}��G�!����������PmUP��I�>x�j)4��M��m�Fd�]~��ך=����u�-����_s��B��[��ԤH]��gg������N3/�5;�d�"�vy�P rOrx��5���>�3J��o)���̪YA�<z�N0iD��\}|Uԯ��0�������n��n'��I�N�6K0���r��lt5��j<.�1��%�Vv���T��$�G"���{h]�"��`�����$��mZ��׺`�m��ٗz�T3P��?��:g�n��	%��ksu��P�<J�"��r8;�2N9��i�����{�\�u���A�n����?��kQ�uM'S]:��X�"����m�Cs�wS�_��m7�CP�$�����������Z�?�g����(i�ǯ����?�����
>�g�?P��Y1�#Ē�˫ǥ��-�$WBJz���җM�?�5�+{�1涸c�H��i�[�}q��j��E��C�~~F�۬�����(�u���A�f7��P�wO�\,6����A�9a��r��Y�*��/j��;o�Y�����Q��?�����
X�1��u{���K�	�=�G}�	$P�d�'���:W</ms5��l���:�2�����Vʉ�EB{M��I����N�ޝw{s��bR�O DQ�8���4MG��Ҵ՟_��.l���G��<�"��8����'�c�L4\�fGU�)R��ͽ�����!�H��͙�5+2�=ZmRo�K�<ʒ���d��i�h_�xZK}j�k{];Qy�XԼ?3g����x8ȪtWC��=��gg�(^]������M���H���ӄ�d�-�I*y�X�/�l���O����xR�]��Ag��O���&�������>��QC��0���W���z��4���)�t��Y}8L�M�ݴ�����R���j��u����R���G���w���(�hB�G@F�?J|SMo �	LR�vȠ����?d��=�^����:���G�Ö���K�˷��т`������f���ڏ�G���C8X.�������wz��%��}sys{{sn�[����������'�S^e\u��k�}vI^�S��O��;�WZ�4/xr�Hԭ/-,/�/��e�I)TBT�
Ÿ�ex�}.��Z>�i{ok-��k2Ƞ�))*H��ֹZ+��p�-;�z���,/�;}n���6�8�(ڽ��(�0-��m���z94�xP�g�F�g5׈�A;x�c����B7d|���h����I��@���6��[-�Z����w{m��ZC�*��O_^+���7K������L�縑13�ܶ�9�z�>��H�k�.Z�mo�ɣ���Oiqk{�M,È�D���|��̐�g<������S�`���==/c�X ��{u�G��gPr��|V-\�ᒕ�zLz�/���V]VѴ�O��Mp�Ah2����_z��N�lI�1.O�*����:JNǢ�M���C�k��������G"�I"�H��9���������#1����%U���ꎊR�w�W�׎W��f��W�.����(���>@(��(������������MyE{4Q���r"�n�YXd0=A������"����+�̱J�⚽Ϯ���)���E{����@��O��F��E��'�W����>���xE���7�,?�?������G���>�ǄQ^�����"����(��ѿ�a����h��C��xE���7�,?�?°|g�閾���N��U���p*���p��RQ��GI+ny5Q]�XQEW��U�����B�5���VT�c��2�8�_j����n��=+�������h�������+�h�~�>��Ռ�K�_�zW�%Z/����'�
?�*����!?�W��G֧�����i}���J���E�������]�}����Ǉ�׉��ǋ��ѷ*Z���͉��-+r�Z���1ᱹI�f�0'���E�ⱓ�5)��cL.T���QErAEPEP\�M����1k��w�_�&���?������R�$}Q�4QE}�Q@Q@Q@Q@}_;����_g����
(����(��(��(��+����������F-tU����D���g�����X��J_ď�<f�(��=���(��(��(��(��+�z�"������C��~aEW�pQ@Q@Q@s�:��6�����Ů���ț�l��bִ?�TiK���G��E�g�QE��, ����JFIF��C		
 $.' ",#(7),01444'9=82<.342��C			2!!22222222222222222222222222222222222222222222222222����"��	
���}!1AQa"q2���#B��R��$3br�	
%&'()*456789:CDEFGHIJSTUVWXYZcdefghijstuvwxyz���������������������������������������������������������������������������	
���w!1AQaq"2�B����	#3R�br�
$4�%�&'()*56789:CDEFGHIJSTUVWXYZcdefghijstuvwxyz��������������������������������������������������������������������������?樢��<`��(��(��(��(��(��(��(��(��(��(��(��(��(��(��(��(��(��(��(��(��(��(��(��(��(��(��%:��+���хNnu{XLQ�Z+oe�o���/�&(�-{(v���_�LQ�Z(�P�S�������Q��>�G�11F)h��C�}N���ch��	���ۧ�!�~戀��1�GQ�Vt�Ox������,��Pm��㈤����lv�޸��v<��rWG9E[�M��O7���]2����Lg9ӱ���/NK{`�M����?�y<c�]�-�fQ]��Ȑ��'��
RG���qU����%�-��Z(ˮI�go@{�̻�$��WB��2$,t��1T���TxO\��~�-�%גfdO�Rp~��9�p�c��mcqwguw
����͞VuUE�IϠ�և���u�M�$2	d��ۄ`7J�YA�<H[iw1�ɮ��~�ռ?%��Gss��ؑ�	��Z\e��k!tp�MVH�k������Y+nR���耞����$�έ��ltF�":E5��^�>M5���_�j.cҤh����#�g&���}����������N��Y#W]������[Fs��U�L]����[�����M5~�EԴ�Al/,�鱶<n-�1���V�	k�N����:Hm��e;rp2���_�}���n��1rhɭ��~�&�5Dӝ��~`p�N�]���R����[H.��	�� i��O���G�}��_��L<�2ky��4��崩�(3���ԁ���3X4��ىլ�o��2k�M@�Y��wWz��$H��i�h$uܱ�N�y^���r����,2I���) ���IUofT�Z;���A�K�]?�V7W�0�[F%/4�ym�'�Q�v��>�{���K�d�X�-tyM̓H�`������EC�n�
�*�\�줶��#%���i�M��ܺ��ټ���� ��[�n��X������:�]L�\,�✶Hڤ��g��T�}.Z�����e��>��-��{�5�wM�[�yG��rĩl㷵u~մ�S�1˨Yۥ���nU�U)e�_'��g���C��Wk��wD�����Kz�^�a��m��Q�㜱*[8��ZͮC���V��s��z����r)�=��r���3�8�r����Ӯ㻳��q�r��3���>D/l��S���.�o�i�+ū��iɷ����dzo<�j���~��>�8ɓ����X�3�_jj��ח�`<�c82xu��ْfeb��HA�YԄ�E=Z��*E׃������6�,�4�:����H���f��]c2JR48<2�U5)lW�4}6����KS��Ҭ��$�"C��,a����h������o��F��.?���oW�qu#8�H�Ֆ�w�Ϊy�8�W������5�R���՗P�E�ƨa}V���d�[�R�9���\˾���.�M��=���Z��*.�[%�{	�%�b�[#
��k��Ѿ��ˏ����P�����ݏVf$���ؘ��T_/���r��iI{�gso�=#M�?��ἋQ��m����爴�lT?�#����sZ����V�\i����'���W-�N�����q��Y;����{x�uԲ*���x����zΗ�xWL�U������8���&_��2B�F:�G#�����������\r������@J?��ι��	��d�o�΍�����Yӿ:��V��pkd�/�yu;W�����k�1F��K(l���^w���M��`BI�tR�o�ά��J��e��%'+�A<G���oqs�K��׈�-�y!���G?iG.ďpLc��k��L����K���f�1���HϏ�v)h����u9��QEQ�QEQEQETֿ�$��2��P�ֿ�$��2��J_4��H��:�(��<Т�(��(��(��O��4�[��-�t)&�#8���\%z&�wr�]��ĠP���3znp�O�p����
�����/��V��;���o��?���,��ۏs�]?�.���o��� ^m�P���o��c=q��xK.披�ptQEs��Q@Q@Q@#���R�?�o�iK���B{h�����(��(��(��+����k�\S�
�k����k�\S�
��#E�(����Q^Q�QEQEQE���KH�q���/�G�	�U��+� ��(��(��(��O��e��qO�+��a�t�94-=��[FI�z����U8E��J�-�dX���}�ƹO��~���y�f���6�}Mx�і�۱�QE�uQ@Q@Q@#���R�U	r�>�ʔWw�=>���C�V���������wg��ai�
���t�
��yM}�r8Y��*+�����X��:��ZG���?��?�b�<J����-#��V?���G���@��O��v��0�<J����-#��V?���G���@��O��v��0�<J��B��M��X��G���@��O�ƑF�Ɗ��*��@y��aTc��)+��'�����]�p�?��m�J�#�p����, ����JFIF��C		
 $.' ",#(7),01444'9=82<.342��C			2!!22222222222222222222222222222222222222222222222222����"��	
���}!1AQa"q2���#B��R��$3br�	
%&'()*456789:CDEFGHIJSTUVWXYZcdefghijstuvwxyz���������������������������������������������������������������������������	
���w!1AQaq"2�B����	#3R�br�
$4�%�&'()*56789:CDEFGHIJSTUVWXYZcdefghijstuvwxyz��������������������������������������������������������������������������?�(�������(��(��(��(��(��(��(��(��(��(��(��(��(��(��(��/K�s�YO-��$���q�Tzտ�C�������U��ӵ�а�z�SEz��!����i?��?�����#I��R��>�>�3�h�V��;A����'�G�!����i?��>�O��L�+տ�����#I��Q�v��>�O�*��S����<���<a��iZ�PYC�F�+��;�g�}s��	��I�<��(���B�(��(��(��(��(�e�?��׬_���GD����^��"�W�?���vAET�p�"��c���[]l�6�_-N2��H�5��	n��?��	?���y����k���zN�[��t]�l����\�������G�%�����$�
Ţ����_r�5�V�g��͑W`m�x�8���yi����T���D8����-=?Z<���i�S�`�b������^,�Ү�T�3sB@a��	u�hi�g��O$v�%�c{8�F�q�ld.c'n}��n�$(�q�D^�,u_���7�ٳ�e�wg�����D4/���ȯ��Vg��n,��.Qb��ů��s�9����;9��U2�+�]Ap�@�A���Z�Χ�j-��
�'B.qW�u�s���h_����_�����|�+��U�~�#cit7�)��cv&��4C�C��.��u-f�a��6�t�iN�YǛ��|p�y+�?r4��п���"��G�"����W�⪣�gƈ����1)6H���_��7���a(�K�(�܏�R������������_��h_����_�����|�+��U�[˫]Y�]�y9���͞V�ڨ��#9����Źֵ7����J��p���UR�s����j�����h��*����1��EK�8�"��
���
���~k��[����>$� K(���re펆�����5��=��s�����睍��r��  >���M]�O��%��vV��R�^jڂ��p?�c��O����k��I=��Є�.�@�˓�P�G��%:r��mk��?�#�|[�#=���@ZŮ�T�5;MW캕��n�W�������zU�G��Εa���,�l�S�' �H��R��8��If?�Z���'�5�4��&�Z̧�'o�����Zx+]�l"����,3�1������sׯj�m'���˝;V9j+�ox�-'�}u��ab��ԁ����=Z�'�<��(��?�v-b^^�K�J��8���I"�H�'q<�OQҸ�{{���m�7_FRA�51�l9A�ss����6���khĥ�@���q�4�M�<#qc�j�+�o��d��h��&�0Ux(��J��=���X�<�7��xKP�մ)�Ե+=2�-z]Z_�I�,M��9� ������t&�_�%�֬����u�a(U�L��͞��l��"�/�����_�=v��֨�Q��n{�D�PRo{�l��k+�w#�1��%�HL�f�g���.v�g�=�O����a�x
95;t����¼ʢ,������*��?������/]�h�RO��ӆJ��[�/���~��ެW��Xgt�e�g�y��,J��;{V�kpi0���	����嶍��S4{C(�A]�g�q\�Og{s�]�wg1��3��(%N1�G�+f�~��_֖:��h�u���ȯ�s��&�6�.1����ᬍ��3]���3�7�����Q����P�P�����l�lg���O��q���Q����:��[M�<Q��+Q����o.o�{Y�EO2R����-��j-J}6?�oD�uK�{+ɮ�{Y�EV�}�)*H����^�h������?�Vs�h�5�Q��ǥ��vk�ڒ�^��0��4��k�>���[��h�a���[�ga}�[;g��g�Cx�k�a�;|�Y�!�#vF3������+^��?�5�*�%�qMu9�Ash�n��zF����y�i������iب�F����sz����V��|O��Wsȟ$2��\>�;�^����mT���N�Z�٧}}?���j�<Wmq��4�#y#������̐�����㩯:�/����lE�r������(,��G廮x8g�>��*+���:p��#�����~���bִ�~=���ꖯ��|��k�0�A���o-�z�י�䶛jI�0�'�f��I@�g>c�.'��׋��ω4�XYພ�G"�I"�H��9��n�����H�Ows5Ɍ�_2F|~��Q
|��	O�X�EW䝷������/���z�>��G�����ד��+��M���G����������Z��������Z�����?�Sڣ� ��+��(��*���!�?��c�ЅQ�Zd����s��c�tw8�`ML����Z����׿��h���B�������Mex�ĚM��smmw�L�6���8`O$c���
��[��t9�u���E�'PTW���u-Ctv۹>�Κvw0ĻP����TT~r�<��5���s�=�;�QQ���h����!�=�;��E�p�������/���z�>��G�����ד��+��M���G����������Z��������Z�����?�Sڣ� ��+��(��(��(��(��*���������z?���=�lg��O��ɢ�+�(��(�����������3��6�`cvs�=k����K��{������+	��9s3��:�((Gdv:ƽk�y?f�d�wn��1��YuCM��������J
QG�e�eW�wͅQZ�EPEPEPEPP^ǣ�Χ�/?����I�sc?����FMQX�QEQEQE^����j�P����j�k��������QEG�QEQEQEQE��z?���z���=��t��63�ާ�_�d�E��aEP��, ����JFIF��C		
 $.' ",#(7),01444'9=82<.342��C			2!!22222222222222222222222222222222222222222222222222����"��	
���}!1AQa"q2���#B��R��$3br�	
%&'()*456789:CDEFGHIJSTUVWXYZcdefghijstuvwxyz���������������������������������������������������������������������������	
���w!1AQaq"2�B����	#3R�br�
$4�%�&'()*56789:CDEFGHIJSTUVWXYZcdefghijstuvwxyz��������������������������������������������������������������������������?�(���H(��*kTY/ ��U�PG�&����!m�]W��	��gM����Ͽ�>��G�.��>����_���>w���g��?�t�������h�������o��Qvޯ�?������Ͽ�>��G�.��>����_���������]?�}����?�t�������j�]������(b�������������Ͽ�>��W��=�_�yC�O���}�ƹ*�+���=,�������QEQ�Q@y^��W��RQ_c����O����3#��J<�Ҥ���'�~/�Ù��^��I�n#����\(��+	����0m�fmo�ӷ�D��Q���N����X�R����'������ߙ����N����G���;�O��b�G�F�?�a�J=�3���>�t��wg���JԮcI���?�/��O_;�a�a�RVV����~.�i�(��EW�sQ@pu�WW��>���
(���B�(�QE~�`QEQEQEQE]��'��A5��1���N���k���Ͽ�c�����z�QE�AEP\w��*�o�~������EmF��~Us���C���ױ�QZ���u��䴻����	$`�;�����qvg�N�jEN�QRYb��<�Z���:E�Goq�ohH6��0H#��թ���D�e�_�67��e�c��3c!wFN�}��baN\��}�g$�.��>��[i���o��;�b�]r'
X��� �1�Z�6���bC�����y�W�έ�=�٭=�-~ea��WR��a@�\�r*H?�r��,Ui|�85�}]1�P�R��dL8����=�UzOi/�.�~��_ῌ#H�+�NB�I��W���?��Im��fM�:^yp#2�̋ԩ݆#�}�U�=���9�*喕y�Y���D��/:�FuUE��#9�&���[x�[}2w�e��Sk��T���<z�T�Sm�6f�?���������<#c�h�:���ٕ��葂��ZB��$�;c��-���<kO洷�ZZ��
r�ܷ�(���Τ�b/E�o�<�d\�&�h��k�V�2g�+�N@,=B���
���Z��!�ӭg��}Dں+(H��r?��돘W��'��P��s�U��P�ucwi$wM���ql�1���Z��u�*��׺{�l�)ۓ��G$ir����=z�pi�-u������hS�I��9�+� ��nbI"��>pw���e��76�~����RN*1o~���|R��������Cz�+�~"�/�Z����k��-���Y\2��N9<�וV��6}VZ���{�(�B����խ|/�jz�x��#��Ć�	dP���'��z���][Kgy=�˶h$h�_FRA�5��Gdf���|3�,���Z]��������@�����$
����}喫���H�6%��G���4�ʯ��WEz3�+NNZ&մ�����=���������t�#R}zM\�����dFR���?�t�N���#^�wo��˘4��?�ܬ�pݒ6���n�Ex����Ò����K��u��c�ᗋ�mIc���
�b[�ҟ7���Nqۭu��4�K���}R�e���2�W�p��~P{g�^MS���B��������O�_ҷ��)RI6u�Զ�<R./Dw��XyA�K�yy�rIRs�Z��ˤi����I�i�{$��*�H��0�� {gN��������q�H��#��c+ߕJǕ��v.��M�B��� ����$���pa���8�p�1ᴾѼK��>Qop��q�s����I幼�'�/�'���昌�tP��֒��kV�q�N��}��o$���^j:~���h�����}�����̮���U�xaA�S�3i�q��V�k{ob�wR=��"�I!X��$X�{�E�S�2�!�����X]j��6�����m�ٷ�a ���l�ma$�^�������ֲ]x�{�[���u~�%�.C�*�ɮv�^ٽ��!������I��G�-����,�ky������-!����⹻�Eҭ����Mԯ'�>Xeg��}�wH�T��mAEK�},C�},z>��m7Ŗ�^�2��ň�H��c����$,c�$r8�X��g�i^���+��F��[gpؓ0*H�����r��߃~��V8������k�8��,G�!=�Ϋn4�r`�D�
"�E�̛����9����9�����Wy�K�Fko��_�눮z˖N'�`��hƭ�tz�Ğ�<ik�ˏ鶶����ldr.�X�ď`JG��4�/�T�o���o.����{��ᚯEC�Ѽa��QEA�QET�?�������AS���B�����S�gkEV'̅Q@Q@Q@Q@z�yMz�zyw��~�������y'�/������7�"��_�3[ך��o\Ea��,���?���QX��EPEPS���B�����Oc�!o���PEO���QX�2QEQEQEQE���5�����k���fc�~����f���5��޸���)��m�^k���q�#��>�,�s��QEbw�Q@Q@9��dC�R>�Sh�[�����?��W��|�/������z
����?���"?�ׅ�j7���yqm���Y7c�py�:��	��A�C���k��ZQ�R����qyMj���ϕ>��=���#�}?�#����i�����k�?�"���3��S���k��?�)�ƴ��?�~7�'�~�g���5�ϧ�D���#�}?�#��x��$Z��u�
��-o��:��?����"���?3����?���"?���֑�>���ƼS�-o��:��?���	��A�C���h��?�~����������i�����h��kH��O����^)�	��A�C���h���[��Ρ��O�4{zȿ����������F�����ȏ�5�_?��E���gP����?�"���3��S��Tqt����� �/�������#5��y�����T�W�W҉n�f��.��H\��ۓPWI����,%B�i7{QY�EPEPEPEPEPEPEPEPEPEPEP��, ����JFIF��C		
 $.' ",#(7),01444'9=82<.342��C			2!!22222222222222222222222222222222222222222222222222����"��	
���}!1AQa"q2���#B��R��$3br�	
%&'()*456789:CDEFGHIJSTUVWXYZcdefghijstuvwxyz���������������������������������������������������������������������������	
���w!1AQaq"2�B����	#3R�br�
$4�%�&'()*56789:CDEFGHIJSTUVWXYZcdefghijstuvwxyz��������������������������������������������������������������������������?�(����
(��
(��
�ox;A�|+e{{a��I�{��.p���y杤h[����+�����z/��A����i�e���߼�6�,[���tQ��v�>c;ͨ�>ƕF����������+���/�&%����}����Ŀ�UA�	��C��7�c]�}���Ew��~f~]��	
��c硙W��j��g�4QEy��EPEPEPEPEPEPEPEPO�����]O��Y��|����!Z��O�G����_P�D�������?�����<1�"���Cj���C��(����Т�(��(��(��(��(��(��(��(����������
׬��>O����z��#�������W�xc�E�_�����u���v�����Y˅�ߡ��Q^i��QEQEQEQEQEQ[��-�G��&��H'�74$cf$�ե�i~�<�g���67ӏ�a���f�B�2v��M&�g^0�+8������i�{�m5�	��j�fŜ��N�M��@�8��^�5�[!!ռ�d<�o����q�|g�k�ʰ�z�n���mm���Ln*T�}����K��7�G�#�oʷ�᧌����@���*H?�r��,Ui��[[hR�n��ʗ�#"a��>�{׮����/����ѯ�!�O�m,mZ)c��r�*�c�گ��]����������<ev���'`�RA�h���b�O�OZ���sin���X̩��*wa���j�8����.#KVUjn�/�K����s�|��]^��SC���me��Y�vJF�r��޼��I��m/n�aoc�q!uQ��FI=�֧�t+_k���<�,�қ_-��ʥ�6A�NN}����I�M�"m;��l�ѿ*>��~U������7{ysq����tq��,�K��RO�:��ѭ?�_�x������;+4V���2p�0G5�����[��߱��hW�3���~T}�?F��f���/����K�-w�eC2��'q�5sG�%߈<���kuu�j�6�YV4�C���;�2N9U�-ˠ��[o��`�ѯ�#��d~��T��D3��F���cF�WK�����n/���nCd��kv���$��e�5-*[{Q��]Nܜ�I�9�����ь�[�},μ2u*r�hĢ���YtU�#Ҥ{��+�%=v�v?
]3��%�l��t�-綸c�J����,1�z�8�3�����_y��]#x�Igqv�-��o��,T:���pstX��2�]������3}�jI��=�G}�	dP�d�'���:Wq��S[J6�����H#���"�hTv��|8��Ӽ{���\�km�����N9c��Ժ��xF��S�|Y�ߵ�Ic���72M"r��FGS�W!E4��Д��Z������)�uݕ�����k�j�_����De*Ac�V��}��#\�wm��ۨ4�uCsr�*�e���#h,H�v2+�h�#^Q�����ل������Co�����e�՟T�jmc�<ؒrҟ79c���Z�|+��VW���U�����̝W�V8M�?(=�׵y�oQ��.������]M��~?3wú�p|2�b�j�;�Q�p@$�t��+�˝��ڵ[[���߇��j%Ζ/d�$�dU3&�vT2�ۥq�gO�.�����f0�BwG P�N1�G�)�n���k~D�-�鳰��h�m��u���I4�KE��228�ď�Mr^�tO麔s�����M��F���Ȩ���mF]CR����PK.3��xu���sD�e��E�ã�A+�՞���^��_�hڝ�ݥ��q�ܽ��",�Q	S�D[���?��J�3��6�iymo=��k*ʡ���ԕ8�1\��qub���Z�9m5k���=��Ķ������x�c�2��ڰ�����C�=6���4�پ ���K�.���ĳݧ�M�w1���%�?��>P	�p�T¼����w����Z6��o��hE�à�:^_[��)���<{w⹽_��v�iux|_���H��	��nI�ȿÏ�w>ZĢ���S�����O������:.��-/��w��	�Ҍ8�I�&Y���2B@A��z�:��=WR�������c�X!��{t����������'��Ef���˙��s�c�t�h+�VMZմؿr�Mr�O����y9篽y]�&�ܓ�b_�S�I���pꓺ},zM����8��.�kx.�,�r.VH�bG��&1��5�wW������ck˙nJ��;>?�9\t�{9^�,��(�:�(��(����Vw��_k���g��͌>���3Ӡ��������U���8�f�������`���	���d�
?�t����2�hQ[�	���3�ٟ�����&����(�����c�����EA���3�ٟ�����&����(�����c�����EA���3�ٟ�����&����+����ae��%���nUKE�#kq�=�wu�|I��v�����@zRZ�ej�M9=��]EW9�QEQEQEQEQEW��0��������Ϩ�gs����	Q��mw���
������y���O�_�'�TWϴQ�<��Y����/��*+��(��A��������	�q��]���������N�Վ�.A�zѫ�/o/�!EVg�Q@Q@Q@Q@Q@Q@Q@Q@Q@Q@Q@Q@Q@Q@Q@Q@Q@Q@Q@Q@Q@Q@Q@Q@��, ����JFIF��C		
 $.' ",#(7),01444'9=82<.342��C			2!!22222222222222222222222222222222222222222222222222����"��	
���}!1AQa"q2���#B��R��$3br�	
%&'()*456789:CDEFGHIJSTUVWXYZcdefghijstuvwxyz���������������������������������������������������������������������������	
���w!1AQaq"2�B����	#3R�br�
$4�%�&'()*56789:CDEFGHIJSTUVWXYZcdefghijstuvwxyz��������������������������������������������������������������������������?�袊�9�(��(��(��(��(��(��(��(��(��(��(��(��(��(��(��(��(��(��(��(��(��(��(��(��|1���q����&������!�����t���D�F1�����y���z?����!���/������O���Ƣ�����!�����������ף��������Ƣ�����!�����������ף��������Ƣ�����!�����������ף��������Ƣ�����!�����������ף��������Ƣ�����!�����������ף��������Ƣ�4~T�G��b����WRi��U�Q[~����Y�O*C6����c ��v�zm��<L��h�ŕ��o�8�)1#!s;s�Ci����V��/ ���X�[-ѳ,ι�)�� zv�6��o_NK{`�	M��PD�����Vf]�?��P�|Lp�$pW��W��:�:�D�{-��Z(̉�p����]����R0$+�8�5��	������N��^(T���9(I��W��U��������6��u��3"|�:�s��50�+��S�YN���{[�n���c�O��7��?Ə�H-?�����ĵ��o-.��E6�q���Ϊ���9$g>��Z>�-��Y��ZQ,��a�UR�A���o,�.�y�>�!I���R��$���o���j�_�R������x�ev�O�,��i�$�;c��%�<���^�ij�p��.库���,^_ҡ��|�q��h�0�^������]�c��]�F3�jmŗzp��F/l˹[��=B��Z��ީ�[�[I'��Pky(�L���
�G��W�ק�jx�U�f�Q�$�����I=W�[��;�k<��a:����Z��D�lm~�sj�Ðd�g�9 W��1��o�ަ<��M�?�I꿝d��:��l~�-X��߿p����h��u;�#��ԼRd�PS�5JX�����s��/�I꿝d��:�mUH%���X���H�^3��VmD�ׇĭ���������ȲA�r�,{��G����������+�H�����G�߶�<ّ��;��F��N
��z�����w2�#)ꬤ�� �½*��:�W5���L�VS��実�[�ۘm����g�<��O����k�K�:V��!;]Ss$� 2:�ҹ�+��;T����Ko�Bk]CWӴ�@���/���"DpP?L���oi�������q��:�mL��,��Hڤ��g�U]B�T� ��hTܴE)����D��,w��Xd4�e�//�q�X�'8��]g�u}*�R�~��6V�ek���y�D
Hٿ'��g��l�������5^�]����&����$���l8i��r^_�㜱*Nq�ڴ�_�H���7�֟��n�Ȧh��Qʆ]�g�q\���q���U��2�+�)�71� P�N1�G�+HѲ�����a#W�m��V�fu>7��B�a���U��n���om�����k��5�i����:;���~Y�w�w���6���Myy0���P'�Z���-3���:.5ur��K�;�KY�4Oxv�I�m.�t�ۛ����dUJU�8b�ֳ�a>��^������r]����,��$�bRT�c�\�l�������mO��0�
q�����S�|Cay���Y_�
�ˍm��7�a �w��9��V}��F���g���O�]k�7A&����$��eXn��T�����NA�]�����7�'4��zJV���g�:ܰn�A���bx�E�N�+�;I��;��a�Yݗb!��n�Ճ&��"W�l5Nic��1{����}���q��i�_=<:qqӦ�V��8"�i�m��xsO�W-{��[,�i!���GqyK,py �8�\z�i�x{�V��å�w-�p�_t"7u��I�}�Z�V�3G8r��Ko���T�M��Xб�Ҧ����S�ڼ�}�n�e1�ڡe�(ϟ|��3?���rY��I�v
Ң��8�]4�[�	XʭgQk�Ҹ��l|Aq��r��n&���]���#Dډ��>X�z�J��y���#�S�t�7T�ei6�q�r�U�~���m���[�+s�X�(����
Ǜ�|���[�7��?�?κ�����QEv�g��Z����U���}�K����(�=P��Ԭ�ڗS帗�]�ߡ�g����:�<;� ��y��p��꟏��ÿ�O����������>B����u5h����
(��
(��
(��<�(�яT+o����lV<����x�:���ƆQE�2՟��j����V����/��>�
(���B��R��j]O��_�u�o~����z�����������u���Ǫ~?λ� ��VIf<}k����?����)*S�+��&�S�B/��?ƫ��ֻw��vq�ߍ|�:S�%+��X:�W�]�:+�{/��q�|����	=�����W�k��;����O��Eb��Oe�<�?��?�'���W�����د�a��ڢ��'���W�������+���Ə��W�0�S�rtQE}��c���O���Ǜ�|���]X]���(��Z��?­U[?��*�s��>�%�q���aET�V]jV]mK���K�.����Գ��T��i���+�^�?γ,���?�Sי��N�q���|�'(;�ؿ��q�ȿ#�5�ܗ[w�s��֫�XS�Ч%8E&\�Ԓ���EWI�QEQEQEV<����x�:جy������uՅݍ��+�e�?��*�U��?­W<�#�r_�|�6QEA�e֥e�Ժ�-Ŀ�����K?��O������z����z��S�B�(�QEQEQE��, ����JFIF��C		
 $.' ",#(7),01444'9=82<.342��C			2!!22222222222222222222222222222222222222222222222222����"��	
���}!1AQa"q2���#B��R��$3br�	
%&'()*456789:CDEFGHIJSTUVWXYZcdefghijstuvwxyz���������������������������������������������������������������������������	
���w!1AQaq"2�B����	#3R�br�
$4�%�&'()*56789:CDEFGHIJSTUVWXYZcdefghijstuvwxyz��������������������������������������������������������������������������?�袊�>P(��*���_j�gؠ�|�o��q�����o���b?���g�q:nk���a��!��Ϗ�EO�*��D5����ȩ��W�Q^g��^�����������"��G�"�����T��Ԩ��B�e�|Ý�[����>?�?��?�����"��^�E�{/������D5����ȩ��Q����>?�?���*�����O��?��)�j�V����ծ�ǚ�����>?�?��˼�����c�2cr�ddr=�vTWLk������������5��W��!�h�w���p�WsEX����?���h��A�������QE�zAEP]�������/��������G����ˍ��_�3���]��fS�����O�=?A^�_
2�f�������(�d������iv����VW�'��������O�P�4�?���Z�Դٯ.VH�0���>���l��z~���O�=?AW	���'��5f���*a]�H3����0���ή�G���@=�������O�V]�ct�70o���
饉J_����W��O�����$���o����Z�9���5����>���Ə�G4����ȍ�5������+����_�����Z�9���4�Ai�<���G����#�W����F�?�ҿ���"7�������o��Y~�c�Ai�<���G���	������\���`zQ�QEju�WO�����]O�͊�}^�=�iN��Wo���b?���g�_[������WQ���b?���g����^~�?�΢����ǫ�β�V��=_��u�^!��W��(��
(��
(��
(��
(��
(��<��(��>�(����� �M��v����mFa��:�ں];�Z7�m-��W]���5��[�T�X8����YT�N�Jn��飄�Z.PW<���>O������iA�ۨ�4��[�Y�,T��
Ď�O�Z���ZEŮ��u-�,?v2�0�ǁ���Я�����6彬֗�GD05�>i�OU�&��!y��?����������Z�|-��X^Mt��6?t`W�ð�J��֝�xw[�G���>�z��F�9?1`�=�WLj*�_g��Wѯ�k�9�Z���w��/?����YU�%��<p�t;���³���`���Th��]i-��#2�.���A�y�8�p��D�ˣ��S�7��w�5���J�*���rMZ�m��H0�)��*�t�dpx8�Pm������T�b�Ţ�)�Z:=������#��9K����4�O����k�A�-u0�#���ml����K�p���c;'��:?�q����o��Z+F-T��\�g#DFA���94�iWz]��V���-鷓k�F"g�x��U�>�T�����&��f֛�۹�EX��������9��9�u���]F���76�9�a�Ny�.Ik��W��{���G��b��4=H���Z��ۿv��}q����Z���oj^92U�(��i�9�)a1���u���΢�[A�	gk7X���H�^3��Y�..;�:�jR���W�yu٧�<;���/u%ץH��i�h$�C,m���W���\|�=���J6����) ���d�>ʥ�W���>����o�����mm���HyN9c���D���;��.��Vz�핤0�m���Ȉh�:�{�r��@��sK��H��^}V�(Ӝ�ͮ����2i9)S^�Kqo��"}wP��n ��Ԯ>�(X�L�f0猃7��|E�M�o
]A��Ikoc�����jZ ��)*�'���߮G�?������	���f|�y�zֽ�^�z��){:w[]�<v1| ��WZ�Ŋ\�}��4���X�/��sڡ�ޱ�Yj?RmF������y�D
Hٿ'��g�]��� K���k«�ɱ2�:�����<�u_es���w�/�5�{��K�V}9Y^m�ܗ�y��,J��;Wpum/T�+��^����S4!r��#x�y��?�=m���Mz3�m(��S˝�(���?1]xʜ����)���
�f��y^��'����]?�v��Υ0_ᵌ���|���jƝs�=J��8�	�g�ҳb�q{s}uyq{{s�IqpWqU��@U'�SV+��U)�;#��1ѫ�S��c�Mov��;��6�,�t�>����H���f��]c2JR48<2�U5lW�4}:����K[��kiVEF�M�!��0��z�E\�.I�nt���V5 �e%e���u4u�R���՗Q�E�ƨa}WO-y}���q�VR����:-O�Q�j��%µ�]�7�yd�X�U��*�֤����Z�iq���m���]}쳧��bx�F�N�+�;I��+��a�Yݗb!��n�Ղ�W���Q_X��u9��w�����S�A��7���Ef�M[�9�f��2���-&������o}��?�qܵ��m����Lp";��Xyc���y�A&��4X\O�å�w-�8b�������>��z*��n6J�ճ�T���]��{m��z��J�⦵�Oyk$�}�n�e1�ڡe�(ϟ|���?�t�rY��I�v
Ң��Y�߹Í�e�MI}��~�[�3n'��ϋ��ω4�XYພ�G"�I"�H��9��)n�����H�Ows5Ɍ�O2F|~�M���F��U��#k[[��J��!i6ZM�����H Hت&	U����5��q�8Ȩ��<>*��O����o�����i��U�r���H�H�|�%�{�+�k����������
�YFO�SN��_��j���:�_�=�X\Av�ŝ�4R�����[������U
���,<=�7�M�_3���[B[GE�|�O�z������k��������_�	������?��l�����aEW�Q@Q@Q@Q@Q@]EW�bQE�h70Cb�,�I�8��\��:�O��	�;��y]Rg�����)�?(�4QZӇ$Ebd��jxs�C���/��{\�?�=m���Mw���?�^��|�k�e�����+��B�(��(��(��(��(�.��+��
(��
(��
(��5<9�!�o���k��ß�����&����O�<�����aEW�Q@Q@Q@Q@Q@]EW�bQEQEQE]�n��Ṕ1Dݐ��Aֺo�Kl?�����Uq�W=\5:���_J�������[a�<n��������x���+��WEe�
&?ٴ<�������x���+��Q�	m�����W���2�>�D?�hy��g�	m�����W�������s�|��\e}B�f���������s�|��G�%������_�*��(���͡�����%������_�*��Kl?�����Uq�Q�
!��C��;?�Kl?�����U���������(��C�6���QEv����, ����JFIF��C		
 $.' ",#(7),01444'9=82<.342��C			2!!22222222222222222222222222222222222222222222222222����"��	
���}!1AQa"q2���#B��R��$3br�	
%&'()*456789:CDEFGHIJSTUVWXYZcdefghijstuvwxyz���������������������������������������������������������������������������	
���w!1AQaq"2�B����	#3R�br�
$4�%�&'()*56789:CDEFGHIJSTUVWXYZcdefghijstuvwxyz��������������������������������������������������������������������������?��(��4
(��
(��
(��
(��
(��
(��
(��
(��
(��
(��
(��
(��
(��
(��������ʷ���^��^އ=|M*���9J+���/������������ʺ?�1_����0����7����(��������ʏ�B��!���*?�1_�����</�~��R��������A����/�������3����0����7����(��������ʏ�B��!���*?�1_�����</�~��R��������A�쫙����sA�w�#&�c88�a_	Z�N������mSw��Q\�HQEQEQEQEW��ji���k���k�(��6X^nU{��8�x(�yn�c���4��������4ji���k���k�(���ʎ/�j��K���������/�����������_�4���ʃ���3���4��������4ji���k���k�(��j���Ƨ�����M?������ښ��Z�����J(�ک��?���3=/�SO���_����^{����v����r�7�Erc1���&�c�	��M�{�Q\xQEQ]��+_���H��h��<��	��ن	uQڵt��~(�,��f��a����q�ld.���O��a\⨭	�MF�L�Q��e�w�b�]r'
X��� �1�Y�6���bC����y�<�+�gV���lҰ�WT��a@�\�r*H?�r��,Qe��Xx�KҮ�׊�YX�Șe_��l�8
{�f&�r�W����z�ׇ��6Y%��DR	��y�|W���o[j�ٓi���C\,fT��z�;��zO�(��2�Uԍڱ�QW,���B���� ��Qy�3��.pI�`95�����Z�铼�,�қ_-��ʥ�6A�����60(���>��7�//��n"�y�N�6P%�B��`T��펆�!�-?����7����Z"�
IR�X`���9�f0��i��"�Y\���aG�[v��U}�J�E�{V]��P̾�I��w��s}��.���{��.�EVb�@_y����}�YT���ؚӦ��Wg��ayfIm'�Vx���W�N�v�}i��X�k �sH��[.�:��W%��ĺ&�����2�h!u;rp7I�9�Q���j���*�nJ�;����/͡���+�4~jȮ���۝��)t���Z���Ӵ����9�Q*v�Ӝ��9��ֶgI��]3|<�jY\]��r������.r��\�W�|1�k�CR���w	�$6�K"�H�'q<�#�t���K;��f]�A#E"�2�����Σ���K������?8���18��*·�����u����h�4y�̓H���Q�9?�q4SL,wv7~-�e��汦����j�_����"2��������u/��ûx�G����ũ���gUHˁ��#h-�	��dW�QO�V:oj��/�ڈ��Q6%CωnJ|�d�Rs��k��]�5��"�S�^e¯�Վ~O�l�=�����!�?��c�Ѕ.aKD���}?ப�� ��#�gc Yn��S'=X�-�l���<I��|<����K�7�5�H��
��e�{g����/?��םiڍޓ�Ca1���9��q���?1S	��9�ӻ�w=���z��T����_ڍ�����dzobG����kS���6���or������j���_�:����y-���L@׀Z�TާZG�kZ���xj�Gԭ/-,��B��fYD��D%I������U�:^��j6���������,������ʃ�qTS��k��=����k�m�-Q#��k�/�`�*`[��Z��iZ���P���\��Vpm㻌 l$��2�7daT��_�O���WYm���kMőNc }k
�%��ǋ���P��^�.�w:��M��!m<w�n�n��]Z����"�T#��O3��y��=2���x�L��u�PL�urK��.>�$���o�hu	`�)w69`���a��o�~����qo����'����}�W���%����Y�gw�=(���TƧ�(���g<�Q�S^a��	q���zt7k$�Ey<��ɖ������r8-�}N*�٦���(�4���Emi�+;V�/����u�	h��Y5Kg���"��)��+�;@�NFz�גZG#Y���59�^+��4���Ef��������cX\2����_�v�-�j4���ω4�H�wqc+t%�v$x�Pr=My���ڞ�}����חRܔ+�w�|~�?�M���Q�i������ ��k�}���*(���
(��
���sO�����!T���!�?��c�Ѕ'��Y�^-��b�����y�z��X����k^aQOc�/��� ��+C�(���e�����Y��_�O���U����xO��зe�-?�V꥗���?�[�G�4|�g��?�䂊(����(��(���+�=��(��7��4�����BJ��������?�R{?������/?��טW����E��������8���?_�
(��;(��_�O���U��e�����Y�{�G��}v_�����n�Y�O��պ�p��G�f�S�~H(����
(��
(��9(����
(��
���sO�����!T���!�?��c�Ѕ'��Y�^-��b�����y�z��X����k^aQOc�/��� ��+C�(���e�����Y��_�O���U����xO��зe�-?�V꥗���?�[�G�4|�g��?�䂊(����(��(���+�=��(��7��4�����BJ�i�Go���+m�9���8�4��Y�-��b�����y�w�"���\�[]o���_-�p��H����VG.�6����QVv�Q@WuW`=�/�'�����(��9-64Wg��18���kZ�4?�o����]�?��͹�(�L(��(���, ����JFIF��C		
 $.' ",#(7),01444'9=82<.342��C			2!!22222222222222222222222222222222222222222222222222����"��	
���}!1AQa"q2���#B��R��$3br�	
%&'()*456789:CDEFGHIJSTUVWXYZcdefghijstuvwxyz���������������������������������������������������������������������������	
���w!1AQaq"2�B����	#3R�br�
$4�%�&'()*56789:CDEFGHIJSTUVWXYZcdefghijstuvwxyz��������������������������������������������������������������������������?�(����
(��
(��
(��
(��
(��
(��
(��
(��
(��
(��
(��
(��
(��
(��5�z�������P�xR{�*g%�>�Njs��R�������{�����?��������Mqh��<��|7w�%������{�����?��������M�4<��_���	Ew��������_�&��xF����t��Q3�,���v��(7d8��i4�q�QE�zaEPEPEPEPEPO�?:x��7�\�d�*{/��������=��5?�������׭F�&��hݷw1���n�i������y�kMӒo�<�MY�3W��#v�(��0��|9o�i�Lm��}kw������]4��qR��i�+�-Sտ�}�^��&�������M}6�Dd{+fFe1)zt�c���w4�7)v>i�����kA��&������5���M��T�
�~��C���g�tWџ��h?���?�F��i��
��G�W`�և��:+���~4� ��8!O/lq U�I�u5�V��\��Ϟ
](�XQ]��+_x��H��h��<��	��ن	uQڵt��^(�,tCY��&�˫G�f�B�����i6c:�_�q4V���k�I��o��;Ʊg.��,Sns���YxO[�N�-l��U��y�W�έ�=�٢̿i^�-Oe������to���1���'`�RA�h���b���>"��U��q�<w�2(̉�U�;x
{Ғv%զӴ��hխ;�?����V�O�!c�͉NIQ����-��u�=q,�,�s��m�E�9 ��9�&�9�=�ה])$�?Ȟ��8Z[;��(-��I,�"����$���E�j7r[6�+C!�U��)*	��⼨Ҕ�Io��J-�>������]a�GȗD���^.�-�|�M.އ�?�_�T�-#M��6��7QA��0�]��s�Rq�^���(�w:����el.�/5ab����C;Cfֶ�\4�F[
���?���G���7л1�T�A,3y.�I��֟=�Ŵ>l��L��GRp?Z�Iv�(�a��h��u�v쎞��X]M�qV�Gj|��;3��=�_���E%r��:�G�o|G�j��L�X��^Bƹ!s��@zW��|QW>�$��'�_�Q^���1�k�CR���w	�$6�K"�H�'q<�#�t���K;��f]�A#E"�2����i��օGh�G��M;��w}u��~qy��".ap2ǁ���z6���-[W�n��I����72M"r��Q�9?�p�SN�έ	N\ѕ������Y������Λ�jO�I��7�,��T>:���H�|=�k�����u������U#.����v2+Ǩ��e,�*���,u��^0I�!��lJ�ωnJ|�r�)9�n���O[�m.���R�e���2�W���&�����{W�T�_��o�]W��s��O���kƋ{���q%�X�uF�ݺm�ܳ�<�s�%Kg��z�V����*YO����7�S,{C(�A��|W3W�{��5Xg���2n� �;O8 ��W�<K�~����R�&�O��Uo���l�^냩˷���sdzo#���n�w�V��8ʬ�L��f��R�����������$�ݵz(
�<:����V!N��=�ߟ�x'y]�%��n��������A�����Y6�R�!�� ����%�ω4�*����+�]��Yo$�\H�<2Ʈ��|m{�߳ɿg���#�������MũG����u)6�V2������Iu/XMC�i{��u��-�q�qҨo�5o	閚ιl#�ծ.Dw15�^F�iǖ��b\�Č*�t�U�S{����+Z��<Uc���i:e��Oql3H��*�N�V,ѣ�����P�e�!#G���o1O� ���w���P��K~"�(���"����6�a�[���#������J�Tc<�=c�-j��V7��C�I{%����H������J�(��%�� �<������/�uKqanLy.E�_�7���r?��^AlI�����We�
�Y<s���A����}��~��R��+��+��\�e���ˉ<=�����w'�mm�Awsc#�t�Ĉ6$x�Pr=My���jz���ј��Է%��r��3M�$���Ed�����p��,�^ʜ�ζ�؆�(��ࢊ(���������*{/��������Kf'��U�;�?�������x��:�&��.�\��+�gKEq����ݢCs�JG����QY��k?������+�d������Wj�_�����b����g�C�<�]�1_�c��סׯ��x���F�(���$(��(�������l��Z�=]��r����-k�������7[Q[Ţ�+�>�(��*{/��������
���?����:Rى�vQEyG�s���'�r��Uj�������3YU�R��O�G��.�����������>�W������u�?��_/�%=(�BB�(��(�����W����E�s�����G+��g��ֹ��|?�a�#u�QE��Z(��Sꂊ(��������Π���������-���aEW�y�;�����!��eV�����\��5�^�/���z�Ë�+�?���o����Hv7�<��o���������:/���У΋�z'��+��
�Y��n|ã&�f{�����A{�	O��F�������׃���D���t_��?�Yf��q{	vg�o��������?��o���J�x?���O��Q�E�=��f��p���x��ѿ�/a��)�4o���������:/���У΋�z'��(�ͧ���%ٝ��!��]���G4M��x�2��GV3΋�z'��(�����}
�����b�9�E3΋�z'��(�����}
�h���c"�(��p��(���������*{/��������Kf'��QE�y��������3YU������!��eW�K�Gu?�QZQEQEQEQEQE��, ����JFIF��C		
 $.' ",#(7),01444'9=82<.342��C			2!!22222222222222222222222222222222222222222222222222����"��	
���}!1AQa"q2���#B��R��$3br�	
%&'()*456789:CDEFGHIJSTUVWXYZcdefghijstuvwxyz���������������������������������������������������������������������������	
���w!1AQaq"2�B����	#3R�br�
$4�%�&'()*56789:CDEFGHIJSTUVWXYZcdefghijstuvwxyz��������������������������������������������������������������������������?�h����(��(��(��(��(��(��(��(��(��(��(��(��(��(��(��(��(��(��(��(��(��(��(��(��(��(��(����r®Ų}I�������Ǫ~?Χ�yNWz�9_Z5d���>��!�2�$�sUkB��B���gִ�kS��ԕJ<�waEU��EPEP%.2��;S��"�1����m�?Y�7�K�4$Q�`�GU��a��4[�b��ef�DRc���d�'ާ^o �9�*��]徜��D�n͑fuȘ)b��r=�U�Oj�ͦ���v�Ħ�y��/���|U��TWF��J$,�4���@*H?�r��*��ס֠����o�R�FdL8���ހ���1(����HY�i�1T���Tx?^�Կ����.���FdO�Rp~�拁�EY���o-.��E6�����Ϊ���9$g>��Z>� �ug��iD�[�m�l�UK(9��@�W_�
�������̮�i�%�B��9�lt5����K뒙L�^�ih��)%K�n	8Q���q-?��?�S֦��~�G��2f��e9��
NO�*ݗ�n�O�y�Z�sz���tVP��"/��{�0�Y'�Ϛ�F��J˫g-��������|=�[�g��r�c�F��ޙs��3L��?�lm��H�D���<��G�+z	���6}���]xĩ�E����!rIP�GRS;�JM;�^!լ໱�Zky�� i�s��>�{U��0(����d�����7y����RrG���(��<9�赈<5y{�.�*G�H�O�A$�#l���=GJ�&���%�A�Hdh�}I~.:/^�i�7Ӯﮡ����/4�E�ӎX�9"���h��P��U�ja�H�ty�̓H�*�2:�ҹk���o?�i�+�[����RvN�~�_e-��<qg���N��䚻鼸���d?�t:V���;����0X[�f��gUH�m�F�N�	�q�^cNN�R�����ݞ��5�-F(>x�&�X�u6����-�y{�rĩ9�j�<7��V:��ԛQ��l��3ruQ�6o��A��{W��Qcϱ��j1A��ĉ5��{���6�nK���s�%I�;V����~������ym�A����9P˸��+��7�Ze�W�Snb9�@���c8 ��Qa��<o���C�鲫Ŭ�i��6�.1�齸�p���ex�O��	�����ߦj���楨M�j7�^^Ly��p:��֢� H��-cL�<O��'Q�����no��e�TI)TBT��p?Z���d-��zF�i{oi%�ܯk2Ȫ�HV%I�0A��7E�T���{�A��_��dhcm^ɾ�	oR�9���I4�w�3i��%ӭ��_��V�6��F�Ie���vGʠ�k����T��OXJZ��k㚛��mo��z�5m<��K�t�ȵ4�*x�.�h��X�"7���n�ZYx7F���K�-C[�xD�/y4�E>d����{V_���O�^���-zEt�W��KS�RR��rmGC�~"}��������^X�g��|������W��(�/�����9e���y��PY�O-�s��|������������k\�'N����K���V�T�}>��\)�4�*;@�[<���4Ӊm2Г�aBO�U�(J�H�.<?s���gu�M>�x.���ȹF��<e�1�G��
K������3���rc=S̑���RQBAb���o?�i��_��߅$���(��>G~��~���ޛNN���:1_��Q�QEdy!EPEPE_��g����6ߘ���ެ��7y�= ����W<�t!.YKS�x�598Ni4Ei����:��A�\E
�<Y���I��?�����W$�tn����)J���Vn�?��������פW��]Ɖ��ss�F��|����=+������y\��+�5�G��l�_��S��9��2����������k\�u�&���|Cu�[�,R��$$0�����������?�I�����������Ǣ�?������G�(��n��zA�}���?������c�[����H?���7y�= ����Q��?������`�ǻ~���O�����v�?�>/�)�讈�T�����q���O��r�5����q�QE QEQE�xo�A��S��lV?���'�u?�V�|�7��~��f_�u=B�(�S�(��(��(��(�����o�����R��e��{������O�E}����uEU�(��(��(���<7� �?��B�+�������+b�O��?S�/����EW)�QEQEQEQEy���{������O�E6����8Z|`���_g��G�]GQEc
(��
(��
(��:���:O���������������
د����O��,��QE�p�Q@Q@Q@Q@��, ����JFIF��C		
 $.' ",#(7),01444'9=82<.342��C			2!!22222222222222222222222222222222222222222222222222����"��	
���}!1AQa"q2���#B��R��$3br�	
%&'()*456789:CDEFGHIJSTUVWXYZcdefghijstuvwxyz���������������������������������������������������������������������������	
���w!1AQaq"2�B����	#3R�br�
$4�%�&'()*56789:CDEFGHIJSTUVWXYZcdefghijstuvwxyz��������������������������������������������������������������������������?�袊�>P(��(��(��(��(��(��(��(��(��(��(��(��(��(��(��(��(��
	'�p��ք��һ��+g�&������&����T:��TƢ��`�����
?�`�����
>�P>�TƢ��`�����
̻�`�xԒ���J�єٕ\<�.i�E��QEQEU��+�Vf]Ѷ쌑�)=��i��C���/��.6N8j���Q��)W�{]~gM����>���Ə�G�����ȍ�5�E~{��_��������a����������>���Ə�G�����ȍ�5�E_�����O�������f�?��ϯ�Do���/�}�#�i�G����_��0���}�����������i�hzl1��m�@YN���Ƶj;��������l6;�A:��u}�E,-�P_r9�(��_<Т�(�G�?��?�������_��
��|����z��V�(��
+g�zE���kM6��Hf߹� 0�3d�zU�2���%h��y��+��o�$������lv�ޓiB��e���j]6�<�KKqtl�3�>pR�1��ONƬ��S�}9 �ڈ��/���#���=�E��w��������-��_�	���o"B�H�(IPW��%����3�v�#Oơ"�E��q���ݎ���1PuhN�wi��Ќ�Մ�d�O3���=��!c��&8PH���_���V���%��K�(����u ���k⿰1�_y���TWG�3Z��-��Z����-��~l�ڨ��a��j���k�kS{c�K%���&F�UK(9���oe��9�M%}|��*
�u��}9T���>4�K(���s��{c��U���í�m,��ZZ��)%K�n��GlQ�����O�Ѳz���)��x]2�@�g�����<_��#ەܭ��Kd���:ƭᘯt�s|ڑ�t^8�E����az��P�J�̕�і�{v+e����3�e����3�R�Q���-�ޝwM���,[<a�
������?���LP�s�ܜ���9����{������]%������«�[=���JT�c!z�q�j�E��4��&�Y�����v��ߟҠ�N�O���km.9-n�)"0��=[�G~��J8���G�8��_m��S��j
\��Fc�kA��?!�5�w2�r�(![~����Z�r�T��X�x�@�H����ZU��W�ViF����B�#�a���ޢ5�=��}�	w,m���W���\���3��D���) ���Y&��J3��#��-実�+�ۘm����g�<�����;o�S����4�FK���G���4��O�XTRj攫��og}Ί�Km{�2[j:�����m˫8��ˈ�Q�@�2���������> Ӯ ������Ϊ��)�d��N�	�q�^E.CX�,��u��r�����b���;��-�<���9bT�q�ں�j�U�����,����S7
�*���/���3����9d�M����\�/��~��ެW��Xgt�e�g�y��,J��;{V�k��0x�g����޼�Ѹ܊f�he�+���+����nt����0�Dr���3�����ܞ����GC�K{MM�д��ծ�����E��2=7�?�5��_�fk�7���uf�w<���7�_jj��ח�`<�c82xu�ӊ�Ԋ���'��]��G�<=c�j6�v�u����k2ȩ�JU�<2Ÿ�fx��K�]/D��+;�k'����YZI
Ĥ��� �Ī������i��O�������=7P��{�íYj>���m�Z1������9��Vs�:��.��i��\��{�Yɷ��<|��H�n��TMpV�U]�YҾ��x<O��~(�W�j�-��uwnwDZB6*�3��׊��Eҭ&�>)��+��O���ܶ�;�^����ms�S���g,,d���kͥj^ӼSkso�]8Ŷ7�?�c����!`g<��㩯<��m/<�K}�Aku<��PJ?��ι��3��(�����**Q彴���kzL�/uiu[7�����k�1$b�r���7�Ͽ�y�:&̴�����s����T��u1��UU��sӧ����*_\����$��k7s��$q��H���S\O�d����X�Ows5Ɍ�O2F|~�M��D��O�~[3ȯ[��] ��)��EPEPzS7Zq�i��et��s�z�F�B�>�n>��W��jȾ�]����W�$�?ީ������c��ҍ&�R~��
���J�(����(��(��(Z���?�>�����ʟ\s�*|o�(��DQ@Q@zeIM�+���t�FJ}K�Hm���%a�=����h��J��{\��K��֟������2����Ww������������3X�m�$�s2z�)�la�1p����XʴR2����>�(��(��(��և�D��O�C��?�G����J��
(��EPEPEP��E�GW�x��?�������M�2��]���3^�W�Vw���1����#�B�(��(��(�h�G���T�d?�#�t*}p=ϔ��P��)QEQEQEzmQ_4p�y�����AT����=�zey��!K������K-v�gV��S�t9�&_����ɣɗ�y���kZ�����{ړ�Td�2��7��ML�����Z�Q��`�ԟ�'ɗ�y���h�e��o�|�֢�n�����>L�����G�/����ֵ{w�?�'��d@�P�S袰g�'v���] (Thread[vert.x-eventloop-thread-2,6,main])
26078 ms. Memory: 1845248K Free: 508590K (28%)
Exported /home/travis/build/icyphy/ptII/ptolemy/actor/lib/jjs/modules/cameras/demo/CameraWebSocket/CameraWebSocket/index.html
33688 ms. Memory: 1845248K Free: 483638K (26%)
####### 16 Sun Jun 03 01:35:37 UTC 2018 $PTII/bin/ptinvoke ptolemy.vergil.basic.export.ExportModel -force htm -run -openComposites -timeOut 30000 -whiteBackground ptolemy/actor/lib/jjs/modules/cameras/demo/Foscam/Foscam.xml $PTII/ptolemy/actor/lib/jjs/modules/cameras/demo/Foscam/Foscam
----------------- Sun Jun 03 01:35:37 UTC 2018 About to sleep for 5.0 seconds before running or rerunning.  Test is: /home/travis/build/icyphy/ptII/ptolemy/actor/lib/jjs/modules/cameras/demo/Foscam/Foscam.xml
Done sleeping
Running .Foscam
Foscam2: snapshot.cgi?user=admin&pwd=&undefined= (Thread[AWT-EventQueue-0,6,main])
Foscam2: Making an HTTP request. (Thread[AWT-EventQueue-0,6,main])
ExportHTMLTimer went off after 30000 ms., calling getDirector().finish and getDirector().stopFire()
Foscam2: undefined.cgi?user=admin&pwd=&undefined= (Thread[AWT-EventQueue-0,6,main])
Foscam2: Making an HTTP request. (Thread[AWT-EventQueue-0,6,main])
30022 ms. Memory: 1844224K Free: 1095712K (59%)
Exported /home/travis/build/icyphy/ptII/ptolemy/actor/lib/jjs/modules/cameras/demo/Foscam/Foscam/index.html
35151 ms. Memory: 1844224K Free: 1078347K (58%)
####### 17 Sun Jun 03 01:36:17 UTC 2018 $PTII/bin/ptinvoke ptolemy.vergil.basic.export.ExportModel -force htm -run -openComposites -timeOut 30000 -whiteBackground ptolemy/actor/lib/jjs/modules/computerVision/demo/ComputerVision/ComputerVision.xml $PTII/ptolemy/actor/lib/jjs/modules/computerVision/demo/ComputerVision/ComputerVision
----------------- Sun Jun 03 01:36:17 UTC 2018 About to sleep for 5.0 seconds before running or rerunning.  Test is: /home/travis/build/icyphy/ptII/ptolemy/actor/lib/jjs/modules/computerVision/demo/ComputerVision/ComputerVision.xml
Done sleeping
Running .ComputerVision
preinitialize() finished: 10519 ms. Memory: 1769984K Free: 1388694K (78%)
Manager.initialize() finished: 16152 ms. Memory: 1849856K Free: 1297766K (70%)
18723 ms. Memory: 1849856K Free: 1032125K (56%)
Exported /home/travis/build/icyphy/ptII/ptolemy/actor/lib/jjs/modules/computerVision/demo/ComputerVision/ComputerVision/index.html
32872 ms. Memory: 1849856K Free: 991883K (54%)
####### 18 Sun Jun 03 01:36:55 UTC 2018 $PTII/bin/ptinvoke ptolemy.vergil.basic.export.ExportModel -force htm  -openComposites -timeOut 30000 -whiteBackground ptolemy/actor/lib/jjs/modules/contextAware/demo/ContextAware/ContextAware.xml $PTII/ptolemy/actor/lib/jjs/modules/contextAware/demo/ContextAware/ContextAware
Warning: not running ptolemy/actor/lib/jjs/modules/contextAware/demo/ContextAware/ContextAware.xml. See ptolemy/vergil/basic/export/test/junit/ExportModelJUnitTest.java
----------------- Sun Jun 03 01:36:55 UTC 2018 About to sleep for 5.0 seconds before running or rerunning.  Test is: /home/travis/build/icyphy/ptII/ptolemy/actor/lib/jjs/modules/contextAware/demo/ContextAware/ContextAware.xml
Done sleeping
Exported /home/travis/build/icyphy/ptII/ptolemy/actor/lib/jjs/modules/contextAware/demo/ContextAware/ContextAware/index.html
4074 ms. Memory: 1849856K Free: 666294K (36%)
####### 19 Sun Jun 03 01:37:04 UTC 2018 $PTII/bin/ptinvoke ptolemy.vergil.basic.export.ExportModel -force htm -run -openComposites -timeOut 30000 -whiteBackground ptolemy/actor/lib/jjs/modules/crypto/demo/AsymmetricEncrypt/AsymmetricEncrypt.xml $PTII/ptolemy/actor/lib/jjs/modules/crypto/demo/AsymmetricEncrypt/AsymmetricEncrypt
----------------- Sun Jun 03 01:37:04 UTC 2018 About to sleep for 5.0 seconds before running or rerunning.  Test is: /home/travis/build/icyphy/ptII/ptolemy/actor/lib/jjs/modules/crypto/demo/AsymmetricEncrypt/AsymmetricEncrypt.xml
Done sleeping
Running .AsymmetricEncrypt
Manager.initialize() finished: 11194 ms. Memory: 1885184K Free: 1233330K (65%)
RandomBytes: [ -1 ] (Thread[AWT-EventQueue-0,6,main])
EncryptWithHash: ### it is a string: hello world! (Thread[AWT-EventQueue-0,6,main])
RandomBytes: [ 97, 65 ] (Thread[AWT-EventQueue-0,6,main])
EncryptWithHash: ### it is a string: bye world! (Thread[AWT-EventQueue-0,6,main])
RandomBytes: [ -79, 95, -73 ] (Thread[AWT-EventQueue-0,6,main])
RandomBytes: [ 46, 35, 82, 58 ] (Thread[AWT-EventQueue-0,6,main])
14298 ms. Memory: 1885184K Free: 1139058K (60%)
Exported /home/travis/build/icyphy/ptII/ptolemy/actor/lib/jjs/modules/crypto/demo/AsymmetricEncrypt/AsymmetricEncrypt/index.html
25710 ms. Memory: 1885184K Free: 1023109K (54%)
####### 20 Sun Jun 03 01:37:35 UTC 2018 $PTII/bin/ptinvoke ptolemy.vergil.basic.export.ExportModel -force htm -run -openComposites -timeOut 30000 -whiteBackground ptolemy/actor/lib/jjs/modules/crypto/demo/MessageDigest/MessageDigest.xml $PTII/ptolemy/actor/lib/jjs/modules/crypto/demo/MessageDigest/MessageDigest
----------------- Sun Jun 03 01:37:35 UTC 2018 About to sleep for 5.0 seconds before running or rerunning.  Test is: /home/travis/build/icyphy/ptII/ptolemy/actor/lib/jjs/modules/crypto/demo/MessageDigest/MessageDigest.xml
Done sleeping
Running .MessageDigest
RandomBytes: [ 75 ] (Thread[AWT-EventQueue-0,6,main])
EncryptWithHash: ### it is a string: hello world! (Thread[AWT-EventQueue-0,6,main])
EncryptWithHash: [ 104,
  101,
  108,
  108,
  111,
  32,
  119,
  111,
  114,
  108,
  100,
  33,
  117,
  9,
  -27,
  -67,
  -96,
  -57,
  98,
  -46,
  -70,
  -57,
  -7,
  13,
  117,
  -117,
  91,
  34,
  99,
  -6,
  1,
  -52,
  -68,
  84,
  42,
  -75,
  -29,
  -33,
  22,
  59,
  -32,
  -114,
  108,
  -87 ] (Thread[AWT-EventQueue-0,6,main])
DecryptWithHash: [ 104, 101, 108, 108, 111, 32, 119, 111, 114, 108, 100, 33 ] (Thread[AWT-EventQueue-0,6,main])
DecryptWithHash: [ 117,
  9,
  -27,
  -67,
  -96,
  -57,
  98,
  -46,
  -70,
  -57,
  -7,
  13,
  117,
  -117,
  91,
  34,
  99,
  -6,
  1,
  -52,
  -68,
  84,
  42,
  -75,
  -29,
  -33,
  22,
  59,
  -32,
  -114,
  108,
  -87 ] (Thread[AWT-EventQueue-0,6,main])
DecryptWithHash: [ 117,
  9,
  -27,
  -67,
  -96,
  -57,
  98,
  -46,
  -70,
  -57,
  -7,
  13,
  117,
  -117,
  91,
  34,
  99,
  -6,
  1,
  -52,
  -68,
  84,
  42,
  -75,
  -29,
  -33,
  22,
  59,
  -32,
  -114,
  108,
  -87 ] (Thread[AWT-EventQueue-0,6,main])
RandomBytes: [ 118, -23 ] (Thread[AWT-EventQueue-0,6,main])
EncryptWithHash: ### it is a string: bye world! (Thread[AWT-EventQueue-0,6,main])
EncryptWithHash: [ 98,
  121,
  101,
  32,
  119,
  111,
  114,
  108,
  100,
  33,
  87,
  -40,
  61,
  -97,
  47,
  -93,
  111,
  -126,
  41,
  -41,
  5,
  71,
  -116,
  -126,
  88,
  -110,
  -25,
  18,
  9,
  123,
  68,
  24,
  11,
  -64,
  -67,
  36,
  -65,
  21,
  -14,
  -69,
  -122,
  53 ] (Thread[AWT-EventQueue-0,6,main])
DecryptWithHash: [ 98, 121, 101, 32, 119, 111, 114, 108, 100, 33 ] (Thread[AWT-EventQueue-0,6,main])
DecryptWithHash: [ 87,
  -40,
  61,
  -97,
  47,
  -93,
  111,
  -126,
  41,
  -41,
  5,
  71,
  -116,
  -126,
  88,
  -110,
  -25,
  18,
  9,
  123,
  68,
  24,
  11,
  -64,
  -67,
  36,
  -65,
  21,
  -14,
  -69,
  -122,
  53 ] (Thread[AWT-EventQueue-0,6,main])
DecryptWithHash: [ 87,
  -40,
  61,
  -97,
  47,
  -93,
  111,
  -126,
  41,
  -41,
  5,
  71,
  -116,
  -126,
  88,
  -110,
  -25,
  18,
  9,
  123,
  68,
  24,
  11,
  -64,
  -67,
  36,
  -65,
  21,
  -14,
  -69,
  -122,
  53 ] (Thread[AWT-EventQueue-0,6,main])
RandomBytes: [ 36, 56, -45 ] (Thread[AWT-EventQueue-0,6,main])
RandomBytes: [ -64, -5, -121, -30 ] (Thread[AWT-EventQueue-0,6,main])
8876 ms. Memory: 1909248K Free: 1037186K (54%)
Exported /home/travis/build/icyphy/ptII/ptolemy/actor/lib/jjs/modules/crypto/demo/MessageDigest/MessageDigest/index.html
16884 ms. Memory: 1909248K Free: 945868K (50%)
####### 21 Sun Jun 03 01:37:56 UTC 2018 $PTII/bin/ptinvoke ptolemy.vergil.basic.export.ExportModel -force htm -run -openComposites -timeOut 30000 -whiteBackground ptolemy/actor/lib/jjs/modules/crypto/demo/RandomBytes/RandomBytes.xml $PTII/ptolemy/actor/lib/jjs/modules/crypto/demo/RandomBytes/RandomBytes
----------------- Sun Jun 03 01:37:56 UTC 2018 About to sleep for 5.0 seconds before running or rerunning.  Test is: /home/travis/build/icyphy/ptII/ptolemy/actor/lib/jjs/modules/crypto/demo/RandomBytes/RandomBytes.xml
Done sleeping
Running .RandomBytes
RandomBytes: [ 56 ] (Thread[AWT-EventQueue-0,6,main])
RandomBytes: [ -116, -55 ] (Thread[AWT-EventQueue-0,6,main])
RandomBytes: [ -72, -113, -41 ] (Thread[AWT-EventQueue-0,6,main])
RandomBytes: [ -94, -103, 120, 35 ] (Thread[AWT-EventQueue-0,6,main])
4091 ms. Memory: 1909248K Free: 504197K (26%)
Exported /home/travis/build/icyphy/ptII/ptolemy/actor/lib/jjs/modules/crypto/demo/RandomBytes/RandomBytes/index.html
9005 ms. Memory: 1909248K Free: 481847K (25%)
####### 22 Sun Jun 03 01:38:10 UTC 2018 $PTII/bin/ptinvoke ptolemy.vergil.basic.export.ExportModel -force htm -run -openComposites -timeOut 30000 -whiteBackground ptolemy/actor/lib/jjs/modules/crypto/demo/SymmetricEncrypt/SymmetricEncrypt.xml $PTII/ptolemy/actor/lib/jjs/modules/crypto/demo/SymmetricEncrypt/SymmetricEncrypt
----------------- Sun Jun 03 01:38:10 UTC 2018 About to sleep for 5.0 seconds before running or rerunning.  Test is: /home/travis/build/icyphy/ptII/ptolemy/actor/lib/jjs/modules/crypto/demo/SymmetricEncrypt/SymmetricEncrypt.xml
Done sleeping
Running .SymmetricEncrypt
RandomBytes: [ -44 ] (Thread[AWT-EventQueue-0,6,main])
RandomBytes: [ 111, -68 ] (Thread[AWT-EventQueue-0,6,main])
RandomBytes: [ -44, 104, 66 ] (Thread[AWT-EventQueue-0,6,main])
RandomBytes: [ 111, 57, -78, -57 ] (Thread[AWT-EventQueue-0,6,main])
6271 ms. Memory: 1917440K Free: 1545534K (81%)
Exported /home/travis/build/icyphy/ptII/ptolemy/actor/lib/jjs/modules/crypto/demo/SymmetricEncrypt/SymmetricEncrypt/index.html
12994 ms. Memory: 1917440K Free: 1501461K (78%)
####### 23 Sun Jun 03 01:38:28 UTC 2018 $PTII/bin/ptinvoke ptolemy.vergil.basic.export.ExportModel -force htm  -openComposites -timeOut 30000 -whiteBackground ptolemy/actor/lib/jjs/modules/discovery/demo/Discovery/Discovery.xml $PTII/ptolemy/actor/lib/jjs/modules/discovery/demo/Discovery/Discovery
Warning: not running ptolemy/actor/lib/jjs/modules/discovery/demo/Discovery/Discovery.xml. See ptolemy/vergil/basic/export/test/junit/ExportModelJUnitTest.java
----------------- Sun Jun 03 01:38:28 UTC 2018 About to sleep for 5.0 seconds before running or rerunning.  Test is: /home/travis/build/icyphy/ptII/ptolemy/actor/lib/jjs/modules/discovery/demo/Discovery/Discovery.xml
Done sleeping
Exported /home/travis/build/icyphy/ptII/ptolemy/actor/lib/jjs/modules/discovery/demo/Discovery/Discovery/index.html
3165 ms. Memory: 1917440K Free: 1348361K (70%)
####### 24 Sun Jun 03 01:38:37 UTC 2018 $PTII/bin/ptinvoke ptolemy.vergil.basic.export.ExportModel -force htm -run -openComposites -timeOut 30000 -whiteBackground ptolemy/actor/lib/jjs/modules/discovery/demo/Discovery/DiscoveryJS.xml $PTII/ptolemy/actor/lib/jjs/modules/discovery/demo/Discovery/DiscoveryJS
----------------- Sun Jun 03 01:38:37 UTC 2018 About to sleep for 5.0 seconds before running or rerunning.  Test is: /home/travis/build/icyphy/ptII/ptolemy/actor/lib/jjs/modules/discovery/demo/Discovery/DiscoveryJS.xml
Done sleeping
Running .DiscoveryJS
6992 ms. Memory: 1931264K Free: 831181K (43%)
Exported /home/travis/build/icyphy/ptII/ptolemy/actor/lib/jjs/modules/discovery/demo/Discovery/DiscoveryJS/index.html
12509 ms. Memory: 1931264K Free: 806891K (42%)
####### 25 Sun Jun 03 01:38:54 UTC 2018 $PTII/bin/ptinvoke ptolemy.vergil.basic.export.ExportModel -force htm -run -openComposites -timeOut 30000 -whiteBackground ptolemy/actor/lib/jjs/modules/discovery/demo/Discovery/PopulateSwarmboxMap.xml $PTII/ptolemy/actor/lib/jjs/modules/discovery/demo/Discovery/PopulateSwarmboxMap
----------------- Sun Jun 03 01:38:54 UTC 2018 About to sleep for 5.0 seconds before running or rerunning.  Test is: /home/travis/build/icyphy/ptII/ptolemy/actor/lib/jjs/modules/discovery/demo/Discovery/PopulateSwarmboxMap.xml
Done sleeping
Running .PopulateSwarmboxMap
Manager.initialize() finished: 12237 ms. Memory: 1996288K Free: 833393K (42%)
REST: Making an HTTP request. (Thread[AWT-EventQueue-0,6,main])
22319 ms. Memory: 1996288K Free: 798673K (40%)
Exported /home/travis/build/icyphy/ptII/ptolemy/actor/lib/jjs/modules/discovery/demo/Discovery/PopulateSwarmboxMap/index.html
32835 ms. Memory: 1996288K Free: 675724K (34%)
####### 26 Sun Jun 03 01:39:32 UTC 2018 $PTII/bin/ptinvoke ptolemy.vergil.basic.export.ExportModel -force htm -run -openComposites -timeOut 30000 -whiteBackground ptolemy/actor/lib/jjs/modules/discovery/demo/Discovery/PostSwarmboxDevices.xml $PTII/ptolemy/actor/lib/jjs/modules/discovery/demo/Discovery/PostSwarmboxDevices
----------------- Sun Jun 03 01:39:32 UTC 2018 About to sleep for 5.0 seconds before running or rerunning.  Test is: /home/travis/build/icyphy/ptII/ptolemy/actor/lib/jjs/modules/discovery/demo/Discovery/PostSwarmboxDevices.xml
Done sleeping
Running .PostSwarmboxDevices
REST: Making an HTTP request. (Thread[AWT-EventQueue-0,6,main])
ExportHTMLTimer went off after 30000 ms., calling getDirector().finish and getDirector().stopFire()
30026 ms. Memory: 2020352K Free: 1282763K (63%)
Exported /home/travis/build/icyphy/ptII/ptolemy/actor/lib/jjs/modules/discovery/demo/Discovery/PostSwarmboxDevices/index.html
36047 ms. Memory: 2020352K Free: 1260486K (62%)
####### 27 Sun Jun 03 01:40:13 UTC 2018 $PTII/bin/ptinvoke ptolemy.vergil.basic.export.ExportModel -force htm -run -openComposites -timeOut 30000 -whiteBackground ptolemy/actor/lib/jjs/modules/discovery/demo/Heartbeat/Heartbeat.xml $PTII/ptolemy/actor/lib/jjs/modules/discovery/demo/Heartbeat/Heartbeat
----------------- Sun Jun 03 01:40:13 UTC 2018 About to sleep for 5.0 seconds before running or rerunning.  Test is: /home/travis/build/icyphy/ptII/ptolemy/actor/lib/jjs/modules/discovery/demo/Heartbeat/Heartbeat.xml
Done sleeping
Running .Heartbeat
Heartbeat: HeartBeat: pingMothership (Thread[AWT-EventQueue-0,6,main])
Heartbeat: Making an HTTP request. (Thread[AWT-EventQueue-0,6,main])
Heartbeat: Request problem: Unable to check in with server: HttpClientHelper.java: The exceptions is a SSLHandshakeException, which is probably caused because the certs for the website in question are not in the JVM keystore.  Try updating your JVM or see See https://stackoverflow.com/questions/34110426/does-java-support-lets-encrypt-certificates/35454903#35454903: Failed to create SSL connection (Thread[AWT-EventQueue-0,6,main])
Heartbeat: HeartBeat: pingMothership (Thread[AWT-EventQueue-0,6,main])
Heartbeat: Making an HTTP request. (Thread[AWT-EventQueue-0,6,main])
Heartbeat: Request problem: Unable to check in with server: HttpClientHelper.java: The exceptions is a SSLHandshakeException, which is probably caused because the certs for the website in question are not in the JVM keystore.  Try updating your JVM or see See https://stackoverflow.com/questions/34110426/does-java-support-lets-encrypt-certificates/35454903#35454903: Failed to create SSL connection (Thread[AWT-EventQueue-0,6,main])
Heartbeat: HeartBeat: pingMothership (Thread[AWT-EventQueue-0,6,main])
Heartbeat: Making an HTTP request. (Thread[AWT-EventQueue-0,6,main])
Heartbeat: Request problem: Unable to check in with server: HttpClientHelper.java: The exceptions is a SSLHandshakeException, which is probably caused because the certs for the website in question are not in the JVM keystore.  Try updating your JVM or see See https://stackoverflow.com/questions/34110426/does-java-support-lets-encrypt-certificates/35454903#35454903: Failed to create SSL connection (Thread[AWT-EventQueue-0,6,main])
Heartbeat: HeartBeat: pingMothership (Thread[AWT-EventQueue-0,6,main])
Heartbeat: Making an HTTP request. (Thread[AWT-EventQueue-0,6,main])
Heartbeat: Request problem: Unable to check in with server: HttpClientHelper.java: The exceptions is a SSLHandshakeException, which is probably caused because the certs for the website in question are not in the JVM keystore.  Try updating your JVM or see See https://stackoverflow.com/questions/34110426/does-java-support-lets-encrypt-certificates/35454903#35454903: Failed to create SSL connection (Thread[AWT-EventQueue-0,6,main])
Heartbeat: HeartBeat: pingMothership (Thread[AWT-EventQueue-0,6,main])
Heartbeat: Making an HTTP request. (Thread[AWT-EventQueue-0,6,main])
Heartbeat: Request problem: Unable to check in with server: HttpClientHelper.java: The exceptions is a SSLHandshakeException, which is probably caused because the certs for the website in question are not in the JVM keystore.  Try updating your JVM or see See https://stackoverflow.com/questions/34110426/does-java-support-lets-encrypt-certificates/35454903#35454903: Failed to create SSL connection (Thread[AWT-EventQueue-0,6,main])
Heartbeat: HeartBeat: pingMothership (Thread[AWT-EventQueue-0,6,main])
Heartbeat: Making an HTTP request. (Thread[AWT-EventQueue-0,6,main])
Heartbeat: Request problem: Unable to check in with server: HttpClientHelper.java: The exceptions is a SSLHandshakeException, which is probably caused because the certs for the website in question are not in the JVM keystore.  Try updating your JVM or see See https://stackoverflow.com/questions/34110426/does-java-support-lets-encrypt-certificates/35454903#35454903: Failed to create SSL connection (Thread[AWT-EventQueue-0,6,main])
Heartbeat: HeartBeat: pingMothership (Thread[AWT-EventQueue-0,6,main])
Heartbeat: Making an HTTP request. (Thread[AWT-EventQueue-0,6,main])
Heartbeat: Request problem: Unable to check in with server: HttpClientHelper.java: The exceptions is a SSLHandshakeException, which is probably caused because the certs for the website in question are not in the JVM keystore.  Try updating your JVM or see See https://stackoverflow.com/questions/34110426/does-java-support-lets-encrypt-certificates/35454903#35454903: Failed to create SSL connection (Thread[AWT-EventQueue-0,6,main])
Heartbeat: HeartBeat: pingMothership (Thread[AWT-EventQueue-0,6,main])
Heartbeat: Making an HTTP request. (Thread[AWT-EventQueue-0,6,main])
Heartbeat: Request problem: Unable to check in with server: HttpClientHelper.java: The exceptions is a SSLHandshakeException, which is probably caused because the certs for the website in question are not in the JVM keystore.  Try updating your JVM or see See https://stackoverflow.com/questions/34110426/does-java-support-lets-encrypt-certificates/35454903#35454903: Failed to create SSL connection (Thread[AWT-EventQueue-0,6,main])
[...]
	at io.netty.channel.nio.NioEventLoop.processSelectedKeys(NioEventLoop.java:497)
	at io.netty.channel.nio.NioEventLoop.run(NioEventLoop.java:459)
	at io.netty.util.concurrent.SingleThreadEventExecutor$5.run(SingleThreadEventExecutor.java:886)
	at io.netty.util.concurrent.FastThreadLocalRunnable.run(FastThreadLocalRunnable.java:30)
	at java.lang.Thread.run(Thread.java:748)
Caused by: java.net.ConnectException: Connection refused
	... 11 more
HttpClientHelper.java: Received an error for request 4: io.netty.channel.AbstractChannel$AnnotatedConnectException: Connection refused: localhost/127.0.0.1:8077
io.netty.channel.AbstractChannel$AnnotatedConnectException: Connection refused: localhost/127.0.0.1:8077
	at sun.nio.ch.SocketChannelImpl.checkConnect(Native Method)
	at sun.nio.ch.SocketChannelImpl.finishConnect(SocketChannelImpl.java:717)
	at io.netty.channel.socket.nio.NioSocketChannel.doFinishConnect(NioSocketChannel.java:325)
	at io.netty.channel.nio.AbstractNioChannel$AbstractNioUnsafe.finishConnect(AbstractNioChannel.java:340)
	at io.netty.channel.nio.NioEventLoop.processSelectedKey(NioEventLoop.java:633)
	at io.netty.channel.nio.NioEventLoop.processSelectedKeysOptimized(NioEventLoop.java:580)
	at io.netty.channel.nio.NioEventLoop.processSelectedKeys(NioEventLoop.java:497)
	at io.netty.channel.nio.NioEventLoop.run(NioEventLoop.java:459)
	at io.netty.util.concurrent.SingleThreadEventExecutor$5.run(SingleThreadEventExecutor.java:886)
	at io.netty.util.concurrent.FastThreadLocalRunnable.run(FastThreadLocalRunnable.java:30)
	at java.lang.Thread.run(Thread.java:748)
Caused by: java.net.ConnectException: Connection refused
	... 11 more
HttpClientHelper.java: Received an error for request 5: io.netty.channel.AbstractChannel$AnnotatedConnectException: Connection refused: localhost/127.0.0.1:8077
io.netty.channel.AbstractChannel$AnnotatedConnectException: Connection refused: localhost/127.0.0.1:8077
	at sun.nio.ch.SocketChannelImpl.checkConnect(Native Method)
	at sun.nio.ch.SocketChannelImpl.finishConnect(SocketChannelImpl.java:717)
	at io.netty.channel.socket.nio.NioSocketChannel.doFinishConnect(NioSocketChannel.java:325)
	at io.netty.channel.nio.AbstractNioChannel$AbstractNioUnsafe.finishConnect(AbstractNioChannel.java:340)
	at io.netty.channel.nio.NioEventLoop.processSelectedKey(NioEventLoop.java:633)
	at io.netty.channel.nio.NioEventLoop.processSelectedKeysOptimized(NioEventLoop.java:580)
	at io.netty.channel.nio.NioEventLoop.processSelectedKeys(NioEventLoop.java:497)
	at io.netty.channel.nio.NioEventLoop.run(NioEventLoop.java:459)
	at io.netty.util.concurrent.SingleThreadEventExecutor$5.run(SingleThreadEventExecutor.java:886)
	at io.netty.util.concurrent.FastThreadLocalRunnable.run(FastThreadLocalRunnable.java:30)
	at java.lang.Thread.run(Thread.java:748)
Caused by: java.net.ConnectException: Connection refused
	... 11 more
HttpClientHelper.java: Received an error for request 6: io.netty.channel.AbstractChannel$AnnotatedConnectException: Connection refused: localhost/127.0.0.1:8077
io.netty.channel.AbstractChannel$AnnotatedConnectException: Connection refused: localhost/127.0.0.1:8077
	at sun.nio.ch.SocketChannelImpl.checkConnect(Native Method)
	at sun.nio.ch.SocketChannelImpl.finishConnect(SocketChannelImpl.java:717)
	at io.netty.channel.socket.nio.NioSocketChannel.doFinishConnect(NioSocketChannel.java:325)
	at io.netty.channel.nio.AbstractNioChannel$AbstractNioUnsafe.finishConnect(AbstractNioChannel.java:340)
	at io.netty.channel.nio.NioEventLoop.processSelectedKey(NioEventLoop.java:633)
	at io.netty.channel.nio.NioEventLoop.processSelectedKeysOptimized(NioEventLoop.java:580)
	at io.netty.channel.nio.NioEventLoop.processSelectedKeys(NioEventLoop.java:497)
	at io.netty.channel.nio.NioEventLoop.run(NioEventLoop.java:459)
	at io.netty.util.concurrent.SingleThreadEventExecutor$5.run(SingleThreadEventExecutor.java:886)
	at io.netty.util.concurrent.FastThreadLocalRunnable.run(FastThreadLocalRunnable.java:30)
	at java.lang.Thread.run(Thread.java:748)
Caused by: java.net.ConnectException: Connection refused
	... 11 more
HttpClientHelper.java: Received an error for request 7: io.netty.channel.AbstractChannel$AnnotatedConnectException: Connection refused: localhost/127.0.0.1:8077
io.netty.channel.AbstractChannel$AnnotatedConnectException: Connection refused: localhost/127.0.0.1:8077
	at sun.nio.ch.SocketChannelImpl.checkConnect(Native Method)
	at sun.nio.ch.SocketChannelImpl.finishConnect(SocketChannelImpl.java:717)
	at io.netty.channel.socket.nio.NioSocketChannel.doFinishConnect(NioSocketChannel.java:325)
	at io.netty.channel.nio.AbstractNioChannel$AbstractNioUnsafe.finishConnect(AbstractNioChannel.java:340)
	at io.netty.channel.nio.NioEventLoop.processSelectedKey(NioEventLoop.java:633)
	at io.netty.channel.nio.NioEventLoop.processSelectedKeysOptimized(NioEventLoop.java:580)
	at io.netty.channel.nio.NioEventLoop.processSelectedKeys(NioEventLoop.java:497)
	at io.netty.channel.nio.NioEventLoop.run(NioEventLoop.java:459)
	at io.netty.util.concurrent.SingleThreadEventExecutor$5.run(SingleThreadEventExecutor.java:886)
	at io.netty.util.concurrent.FastThreadLocalRunnable.run(FastThreadLocalRunnable.java:30)
	at java.lang.Thread.run(Thread.java:748)
Caused by: java.net.ConnectException: Connection refused
	... 11 more
HttpClientHelper.java: Received an error for request 8: io.netty.channel.AbstractChannel$AnnotatedConnectException: Connection refused: localhost/127.0.0.1:8077
io.netty.channel.AbstractChannel$AnnotatedConnectException: Connection refused: localhost/127.0.0.1:8077
	at sun.nio.ch.SocketChannelImpl.checkConnect(Native Method)
	at sun.nio.ch.SocketChannelImpl.finishConnect(SocketChannelImpl.java:717)
	at io.netty.channel.socket.nio.NioSocketChannel.doFinishConnect(NioSocketChannel.java:325)
	at io.netty.channel.nio.AbstractNioChannel$AbstractNioUnsafe.finishConnect(AbstractNioChannel.java:340)
	at io.netty.channel.nio.NioEventLoop.processSelectedKey(NioEventLoop.java:633)
	at io.netty.channel.nio.NioEventLoop.processSelectedKeysOptimized(NioEventLoop.java:580)
	at io.netty.channel.nio.NioEventLoop.processSelectedKeys(NioEventLoop.java:497)
	at io.netty.channel.nio.NioEventLoop.run(NioEventLoop.java:459)
	at io.netty.util.concurrent.SingleThreadEventExecutor$5.run(SingleThreadEventExecutor.java:886)
	at io.netty.util.concurrent.FastThreadLocalRunnable.run(FastThreadLocalRunnable.java:30)
	at java.lang.Thread.run(Thread.java:748)
Caused by: java.net.ConnectException: Connection refused
	... 11 more
HttpClientHelper.java: Received an error for request 9: io.netty.channel.AbstractChannel$AnnotatedConnectException: Connection refused: localhost/127.0.0.1:8077
io.netty.channel.AbstractChannel$AnnotatedConnectException: Connection refused: localhost/127.0.0.1:8077
	at sun.nio.ch.SocketChannelImpl.checkConnect(Native Method)
	at sun.nio.ch.SocketChannelImpl.finishConnect(SocketChannelImpl.java:717)
	at io.netty.channel.socket.nio.NioSocketChannel.doFinishConnect(NioSocketChannel.java:325)
	at io.netty.channel.nio.AbstractNioChannel$AbstractNioUnsafe.finishConnect(AbstractNioChannel.java:340)
	at io.netty.channel.nio.NioEventLoop.processSelectedKey(NioEventLoop.java:633)
	at io.netty.channel.nio.NioEventLoop.processSelectedKeysOptimized(NioEventLoop.java:580)
	at io.netty.channel.nio.NioEventLoop.processSelectedKeys(NioEventLoop.java:497)
	at io.netty.channel.nio.NioEventLoop.run(NioEventLoop.java:459)
	at io.netty.util.concurrent.SingleThreadEventExecutor$5.run(SingleThreadEventExecutor.java:886)
	at io.netty.util.concurrent.FastThreadLocalRunnable.run(FastThreadLocalRunnable.java:30)
	at java.lang.Thread.run(Thread.java:748)
Caused by: java.net.ConnectException: Connection refused
	... 11 more
HttpClientHelper.java: Received an error for request 10: io.netty.channel.AbstractChannel$AnnotatedConnectException: Connection refused: localhost/127.0.0.1:8077
io.netty.channel.AbstractChannel$AnnotatedConnectException: Connection refused: localhost/127.0.0.1:8077
	at sun.nio.ch.SocketChannelImpl.checkConnect(Native Method)
	at sun.nio.ch.SocketChannelImpl.finishConnect(SocketChannelImpl.java:717)
	at io.netty.channel.socket.nio.NioSocketChannel.doFinishConnect(NioSocketChannel.java:325)
	at io.netty.channel.nio.AbstractNioChannel$AbstractNioUnsafe.finishConnect(AbstractNioChannel.java:340)
	at io.netty.channel.nio.NioEventLoop.processSelectedKey(NioEventLoop.java:633)
	at io.netty.channel.nio.NioEventLoop.processSelectedKeysOptimized(NioEventLoop.java:580)
	at io.netty.channel.nio.NioEventLoop.processSelectedKeys(NioEventLoop.java:497)
	at io.netty.channel.nio.NioEventLoop.run(NioEventLoop.java:459)
	at io.netty.util.concurrent.SingleThreadEventExecutor$5.run(SingleThreadEventExecutor.java:886)
	at io.netty.util.concurrent.FastThreadLocalRunnable.run(FastThreadLocalRunnable.java:30)
	at java.lang.Thread.run(Thread.java:748)
Caused by: java.net.ConnectException: Connection refused
	... 11 more
HttpClientHelper.java: Received an error for request 11: io.netty.channel.AbstractChannel$AnnotatedConnectException: Connection refused: localhost/127.0.0.1:8077
io.netty.channel.AbstractChannel$AnnotatedConnectException: Connection refused: localhost/127.0.0.1:8077
	at sun.nio.ch.SocketChannelImpl.checkConnect(Native Method)
	at sun.nio.ch.SocketChannelImpl.finishConnect(SocketChannelImpl.java:717)
	at io.netty.channel.socket.nio.NioSocketChannel.doFinishConnect(NioSocketChannel.java:325)
	at io.netty.channel.nio.AbstractNioChannel$AbstractNioUnsafe.finishConnect(AbstractNioChannel.java:340)
	at io.netty.channel.nio.NioEventLoop.processSelectedKey(NioEventLoop.java:633)
	at io.netty.channel.nio.NioEventLoop.processSelectedKeysOptimized(NioEventLoop.java:580)
	at io.netty.channel.nio.NioEventLoop.processSelectedKeys(NioEventLoop.java:497)
	at io.netty.channel.nio.NioEventLoop.run(NioEventLoop.java:459)
	at io.netty.util.concurrent.SingleThreadEventExecutor$5.run(SingleThreadEventExecutor.java:886)
	at io.netty.util.concurrent.FastThreadLocalRunnable.run(FastThreadLocalRunnable.java:30)
	at java.lang.Thread.run(Thread.java:748)
Caused by: java.net.ConnectException: Connection refused
	... 11 more
HttpClientHelper.java: Received an error for request 12: io.netty.channel.AbstractChannel$AnnotatedConnectException: Connection refused: localhost/127.0.0.1:8077
io.netty.channel.AbstractChannel$AnnotatedConnectException: Connection refused: localhost/127.0.0.1:8077
	at sun.nio.ch.SocketChannelImpl.checkConnect(Native Method)
	at sun.nio.ch.SocketChannelImpl.finishConnect(SocketChannelImpl.java:717)
	at io.netty.channel.socket.nio.NioSocketChannel.doFinishConnect(NioSocketChannel.java:325)
	at io.netty.channel.nio.AbstractNioChannel$AbstractNioUnsafe.finishConnect(AbstractNioChannel.java:340)
	at io.netty.channel.nio.NioEventLoop.processSelectedKey(NioEventLoop.java:633)
	at io.netty.channel.nio.NioEventLoop.processSelectedKeysOptimized(NioEventLoop.java:580)
	at io.netty.channel.nio.NioEventLoop.processSelectedKeys(NioEventLoop.java:497)
	at io.netty.channel.nio.NioEventLoop.run(NioEventLoop.java:459)
	at io.netty.util.concurrent.SingleThreadEventExecutor$5.run(SingleThreadEventExecutor.java:886)
	at io.netty.util.concurrent.FastThreadLocalRunnable.run(FastThreadLocalRunnable.java:30)
	at java.lang.Thread.run(Thread.java:748)
Caused by: java.net.ConnectException: Connection refused
	... 11 more
HttpClientHelper.java: Received an error for request 13: io.netty.channel.AbstractChannel$AnnotatedConnectException: Connection refused: localhost/127.0.0.1:8077
io.netty.channel.AbstractChannel$AnnotatedConnectException: Connection refused: localhost/127.0.0.1:8077
	at sun.nio.ch.SocketChannelImpl.checkConnect(Native Method)
	at sun.nio.ch.SocketChannelImpl.finishConnect(SocketChannelImpl.java:717)
	at io.netty.channel.socket.nio.NioSocketChannel.doFinishConnect(NioSocketChannel.java:325)
	at io.netty.channel.nio.AbstractNioChannel$AbstractNioUnsafe.finishConnect(AbstractNioChannel.java:340)
	at io.netty.channel.nio.NioEventLoop.processSelectedKey(NioEventLoop.java:633)
	at io.netty.channel.nio.NioEventLoop.processSelectedKeysOptimized(NioEventLoop.java:580)
	at io.netty.channel.nio.NioEventLoop.processSelectedKeys(NioEventLoop.java:497)
	at io.netty.channel.nio.NioEventLoop.run(NioEventLoop.java:459)
	at io.netty.util.concurrent.SingleThreadEventExecutor$5.run(SingleThreadEventExecutor.java:886)
	at io.netty.util.concurrent.FastThreadLocalRunnable.run(FastThreadLocalRunnable.java:30)
	at java.lang.Thread.run(Thread.java:748)
Caused by: java.net.ConnectException: Connection refused
	... 11 more
WARNING: Clock: Model stopped before executing actions (e.g. producing outputs) scheduled for execution at times [28.0]
WARNING: WebServer: Model stopped before executing actions (e.g. producing outputs) scheduled for execution at times [25.011, 28.007, 22.007]
WARNING: REST: Model stopped before executing actions (e.g. producing outputs) scheduled for execution at times [23.0]
WARNING: TestSpontaneous: Model stopped before executing actions (e.g. producing outputs) scheduled for execution at times [21.0]
[atomic-processor-1] INFO com.github.sarxos.webcam.ds.cgt.WebcamOpenTask - Opening webcam Dummy Webcam 0
[atomic-processor-1] INFO com.github.sarxos.webcam.ds.cgt.WebcamCloseTask - Closing Dummy Webcam 0
WARNING: Camera: Model stopped before executing actions (e.g. producing outputs) scheduled for execution at times [26.663]
[atomic-processor-1] INFO com.github.sarxos.webcam.ds.cgt.WebcamOpenTask - Opening webcam Dummy Webcam 0
[atomic-processor-1] INFO com.github.sarxos.webcam.ds.cgt.WebcamCloseTask - Closing Dummy Webcam 0
[atomic-processor-1] INFO com.github.sarxos.webcam.ds.cgt.WebcamOpenTask - Opening webcam Dummy Webcam 0
[atomic-processor-1] INFO com.github.sarxos.webcam.ds.cgt.WebcamCloseTask - Closing Dummy Webcam 0
[atomic-processor-1] INFO com.github.sarxos.webcam.ds.cgt.WebcamOpenTask - Opening webcam Dummy Webcam 0
[atomic-processor-1] INFO com.github.sarxos.webcam.ds.cgt.WebcamCloseTask - Closing Dummy Webcam 0
[atomic-processor-1] INFO com.github.sarxos.webcam.ds.cgt.WebcamOpenTask - Opening webcam Dummy Webcam 0
WARNING: Invoking send() too late (probably in a callback), so Camera is not able to send the token {type="class ptolemy.data.AWTImageToken", width="640", height="480"} to the output image. Token is discarded.
[atomic-processor-1] INFO com.github.sarxos.webcam.ds.cgt.WebcamCloseTask - Closing Dummy Webcam 0
[atomic-processor-1] INFO com.github.sarxos.webcam.ds.cgt.WebcamOpenTask - Opening webcam Dummy Webcam 0
[atomic-processor-1] INFO com.github.sarxos.webcam.ds.cgt.WebcamCloseTask - Closing Dummy Webcam 0
[atomic-processor-1] INFO com.github.sarxos.webcam.ds.cgt.WebcamOpenTask - Opening webcam Dummy Webcam 0
[atomic-processor-1] INFO com.github.sarxos.webcam.ds.cgt.WebcamCloseTask - Closing Dummy Webcam 0
[atomic-processor-1] INFO com.github.sarxos.webcam.ds.cgt.WebcamOpenTask - Opening webcam Dummy Webcam 0
[atomic-processor-1] INFO com.github.sarxos.webcam.ds.cgt.WebcamCloseTask - Closing Dummy Webcam 0
[atomic-processor-1] INFO com.github.sarxos.webcam.ds.cgt.WebcamOpenTask - Opening webcam Dummy Webcam 0
[atomic-processor-1] INFO com.github.sarxos.webcam.ds.cgt.WebcamCloseTask - Closing Dummy Webcam 0
[atomic-processor-1] INFO com.github.sarxos.webcam.ds.cgt.WebcamOpenTask - Opening webcam Dummy Webcam 0
[atomic-processor-1] INFO com.github.sarxos.webcam.ds.cgt.WebcamCloseTask - Closing Dummy Webcam 0
WARNING: Camera: Model stopped before executing actions (e.g. producing outputs) scheduled for execution at times [24.437]
[atomic-processor-1] INFO com.github.sarxos.webcam.ds.cgt.WebcamOpenTask - Opening webcam Dummy Webcam 0
[atomic-processor-1] INFO com.github.sarxos.webcam.ds.cgt.WebcamCloseTask - Closing Dummy Webcam 0
[atomic-processor-1] INFO com.github.sarxos.webcam.ds.cgt.WebcamOpenTask - Opening webcam Dummy Webcam 0
WARNING: Invoking send() too late (probably in a callback), so Camera is not able to send the token {type="class ptolemy.data.AWTImageToken", width="640", height="480"} to the output image. Token is discarded.
[atomic-processor-1] INFO com.github.sarxos.webcam.ds.cgt.WebcamCloseTask - Closing Dummy Webcam 0
[atomic-processor-1] INFO com.github.sarxos.webcam.ds.cgt.WebcamOpenTask - Opening webcam Dummy Webcam 0
WARNING: Invoking send() too late (probably in a callback), so Camera is not able to send the token {type="class ptolemy.data.AWTImageToken", width="640", height="480"} to the output image. Token is discarded.
[atomic-processor-1] INFO com.github.sarxos.webcam.ds.cgt.WebcamCloseTask - Closing Dummy Webcam 0
[atomic-processor-1] INFO com.github.sarxos.webcam.ds.cgt.WebcamOpenTask - Opening webcam Dummy Webcam 0
WARNING: Invoking send() too late (probably in a callback), so Camera is not able to send the token {type="class ptolemy.data.AWTImageToken", width="640", height="480"} to the output image. Token is discarded.
[atomic-processor-1] INFO com.github.sarxos.webcam.ds.cgt.WebcamCloseTask - Closing Dummy Webcam 0
[atomic-processor-1] INFO com.github.sarxos.webcam.ds.cgt.WebcamOpenTask - Opening webcam Dummy Webcam 0
[atomic-processor-1] INFO com.github.sarxos.webcam.ds.cgt.WebcamCloseTask - Closing Dummy Webcam 0
[atomic-processor-1] INFO com.github.sarxos.webcam.ds.cgt.WebcamOpenTask - Opening webcam Dummy Webcam 0
[atomic-processor-1] INFO com.github.sarxos.webcam.ds.cgt.WebcamCloseTask - Closing Dummy Webcam 0
[atomic-processor-1] INFO com.github.sarxos.webcam.ds.cgt.WebcamOpenTask - Opening webcam Dummy Webcam 0
WARNING: Invoking send() too late (probably in a callback), so Camera is not able to send the token {type="class ptolemy.data.AWTImageToken", width="640", height="480"} to the output image. Token is discarded.
[atomic-processor-1] INFO com.github.sarxos.webcam.ds.cgt.WebcamCloseTask - Closing Dummy Webcam 0
[atomic-processor-1] INFO com.github.sarxos.webcam.ds.cgt.WebcamOpenTask - Opening webcam Dummy Webcam 0
WARNING: Invoking send() too late (probably in a callback), so Camera is not able to send the token {type="class ptolemy.data.AWTImageToken", width="640", height="480"} to the output image. Token is discarded.
[atomic-processor-1] INFO com.github.sarxos.webcam.ds.cgt.WebcamCloseTask - Closing Dummy Webcam 0
[atomic-processor-1] INFO com.github.sarxos.webcam.ds.cgt.WebcamOpenTask - Opening webcam Dummy Webcam 0
WARNING: Invoking send() too late (probably in a callback), so Camera is not able to send the token {type="class ptolemy.data.AWTImageToken", width="640", height="480"} to the output image. Token is discarded.
[atomic-processor-1] INFO com.github.sarxos.webcam.ds.cgt.WebcamCloseTask - Closing Dummy Webcam 0
[atomic-processor-1] INFO com.github.sarxos.webcam.ds.cgt.WebcamOpenTask - Opening webcam Dummy Webcam 0
WARNING: Invoking send() too late (probably in a callback), so Camera is not able to send the token {type="class ptolemy.data.AWTImageToken", width="640", height="480"} to the output image. Token is discarded.
[atomic-processor-1] INFO com.github.sarxos.webcam.ds.cgt.WebcamCloseTask - Closing Dummy Webcam 0
[atomic-processor-1] INFO com.github.sarxos.webcam.ds.cgt.WebcamOpenTask - Opening webcam Dummy Webcam 0
WARNING: Invoking send() too late (probably in a callback), so Camera is not able to send the token {type="class ptolemy.data.AWTImageToken", width="640", height="480"} to the output image. Token is discarded.
[atomic-processor-1] INFO com.github.sarxos.webcam.ds.cgt.WebcamCloseTask - Closing Dummy Webcam 0
[atomic-processor-1] INFO com.github.sarxos.webcam.ds.cgt.WebcamOpenTask - Opening webcam Dummy Webcam 0
WARNING: Invoking send() too late (probably in a callback), so Camera is not able to send the token {type="class ptolemy.data.AWTImageToken", width="640", height="480"} to the output image. Token is discarded.
[atomic-processor-1] INFO com.github.sarxos.webcam.ds.cgt.WebcamCloseTask - Closing Dummy Webcam 0
]]></system-err>
</testsuite>
