<?xml version="1.0" encoding="UTF-8" ?>
<testsuite errors="0" failures="0" hostname="travis-job-301291d3-390a-4d72-b5ea-28af9cfe4fdd" name="ptolemy.domains.sdf.test.junit.JUnitTclTest" skipped="0" tests="66" time="19.987" timestamp="2018-11-26T02:57:40">
  <properties>
[...]
</properties>
  <testcase classname="ptolemy.util.test.junit.TclTests" name="[0] /home/travis/build/icyphy/ptII/ptolemy/domains/sdf/test/SDFSchedulerErrors.tcl (RunTclFile)" time="0.669" />
  <testcase classname="ptolemy.util.test.junit.TclTests" name="[1] /home/travis/build/icyphy/ptII/ptolemy/domains/sdf/test/composition.tcl (RunTclFile)" time="0.138" />
  <testcase classname="ptolemy.util.test.junit.TclTests" name="[2] /home/travis/build/icyphy/ptII/ptolemy/domains/sdf/test/cycle.tcl (RunTclFile)" time="0.066" />
  <testcase classname="ptolemy.util.test.junit.AutoKnownFailedTests" name="[0] ThereAreNoKnowFailedTests (RunModel)" time="0.009" />
  <testcase classname="ptolemy.util.test.junit.AutoNameArchTests" name="[0] ThereAreNoAutoArchTests (RunModel)" time="0.008" />
  <testcase classname="ptolemy.util.test.junit.AutoTests" name="[0] /home/travis/build/icyphy/ptII/ptolemy/domains/sdf/test/auto/Array.xml (RunModel)" time="0.176" />
  <testcase classname="ptolemy.util.test.junit.AutoTests" name="[1] /home/travis/build/icyphy/ptII/ptolemy/domains/sdf/test/auto/Butterfly.xml (RunModel)" time="0.105" />
  <testcase classname="ptolemy.util.test.junit.AutoTests" name="[2] /home/travis/build/icyphy/ptII/ptolemy/domains/sdf/test/auto/Expression.xml (RunModel)" time="0.076" />
  <testcase classname="ptolemy.util.test.junit.AutoTests" name="[3] /home/travis/build/icyphy/ptII/ptolemy/domains/sdf/test/auto/Eye.xml (RunModel)" time="0.404" />
  <testcase classname="ptolemy.util.test.junit.AutoTests" name="[4] /home/travis/build/icyphy/ptII/ptolemy/domains/sdf/test/auto/FixFIR.xml (RunModel)" time="0.318" />
  <testcase classname="ptolemy.util.test.junit.AutoTests" name="[5] /home/travis/build/icyphy/ptII/ptolemy/domains/sdf/test/auto/FixPoint.xml (RunModel)" time="0.067" />
  <testcase classname="ptolemy.util.test.junit.AutoTests" name="[6] /home/travis/build/icyphy/ptII/ptolemy/domains/sdf/test/auto/Gravitation.xml (RunModel)" time="3.266" />
  <testcase classname="ptolemy.util.test.junit.AutoTests" name="[7] /home/travis/build/icyphy/ptII/ptolemy/domains/sdf/test/auto/GravitationWithCollisionDetection.xml (RunModel)" time="6.435" />
  <testcase classname="ptolemy.util.test.junit.AutoTests" name="[8] /home/travis/build/icyphy/ptII/ptolemy/domains/sdf/test/auto/HDF.xml (RunModel)" time="0.127" />
  <testcase classname="ptolemy.util.test.junit.AutoTests" name="[9] /home/travis/build/icyphy/ptII/ptolemy/domains/sdf/test/auto/HDFwithTransientStates.xml (RunModel)" time="0.104" />
  <testcase classname="ptolemy.util.test.junit.AutoTests" name="[10] /home/travis/build/icyphy/ptII/ptolemy/domains/sdf/test/auto/HTVQ.xml (RunModel)" time="0.88" />
  <testcase classname="ptolemy.util.test.junit.AutoTests" name="[11] /home/travis/build/icyphy/ptII/ptolemy/domains/sdf/test/auto/InferInitProduction.xml (RunModel)" time="0.026" />
  <testcase classname="ptolemy.util.test.junit.AutoTests" name="[12] /home/travis/build/icyphy/ptII/ptolemy/domains/sdf/test/auto/InferInitProductionDeeper.xml (RunModel)" time="0.021" />
  <testcase classname="ptolemy.util.test.junit.AutoTests" name="[13] /home/travis/build/icyphy/ptII/ptolemy/domains/sdf/test/auto/LMSAdaptive.xml (RunModel)" time="0.072" />
  <testcase classname="ptolemy.util.test.junit.AutoTests" name="[14] /home/travis/build/icyphy/ptII/ptolemy/domains/sdf/test/auto/LogisticMap.xml (RunModel)" time="0.482" />
  <testcase classname="ptolemy.util.test.junit.AutoTests" name="[15] /home/travis/build/icyphy/ptII/ptolemy/domains/sdf/test/auto/MaximumEntropySpectrum.xml (RunModel)" time="0.249" />
  <testcase classname="ptolemy.util.test.junit.AutoTests" name="[16] /home/travis/build/icyphy/ptII/ptolemy/domains/sdf/test/auto/MultirateSDF.xml (RunModel)" time="0.067" />
  <testcase classname="ptolemy.util.test.junit.AutoTests" name="[17] /home/travis/build/icyphy/ptII/ptolemy/domains/sdf/test/auto/MultirateSDFwithTransientStates.xml (RunModel)" time="0.077" />
  <testcase classname="ptolemy.util.test.junit.AutoTests" name="[18] /home/travis/build/icyphy/ptII/ptolemy/domains/sdf/test/auto/NoisySinewave.xml (RunModel)" time="0.065" />
  <testcase classname="ptolemy.util.test.junit.AutoTests" name="[19] /home/travis/build/icyphy/ptII/ptolemy/domains/sdf/test/auto/Objects.xml (RunModel)" time="0.064" />
  <testcase classname="ptolemy.util.test.junit.AutoTests" name="[20] /home/travis/build/icyphy/ptII/ptolemy/domains/sdf/test/auto/OrthogonalCom.xml (RunModel)" time="0.041" />
  <testcase classname="ptolemy.util.test.junit.AutoTests" name="[21] /home/travis/build/icyphy/ptII/ptolemy/domains/sdf/test/auto/RijndaelEncryption.xml (RunModel)" time="0.483" />
  <testcase classname="ptolemy.util.test.junit.AutoTests" name="[22] /home/travis/build/icyphy/ptII/ptolemy/domains/sdf/test/auto/SDFEmptyIterations.xml (RunModel)" time="0.027" />
  <testcase classname="ptolemy.util.test.junit.AutoTests" name="[23] /home/travis/build/icyphy/ptII/ptolemy/domains/sdf/test/auto/Spectrum.xml (RunModel)" time="0.08" />
  <testcase classname="ptolemy.util.test.junit.AutoTests" name="[24] /home/travis/build/icyphy/ptII/ptolemy/domains/sdf/test/auto/de_inside_sdf.xml (RunModel)" time="0.029" />
  <testcase classname="ptolemy.util.test.junit.AutoTests" name="[25] /home/travis/build/icyphy/ptII/ptolemy/domains/sdf/test/auto/disconnectedHierarchicalSDF.xml (RunModel)" time="0.026" />
  <testcase classname="ptolemy.util.test.junit.AutoTests" name="[26] /home/travis/build/icyphy/ptII/ptolemy/domains/sdf/test/auto/disconnectedSDF.xml (RunModel)" time="0.027" />
  <testcase classname="ptolemy.util.test.junit.AutoTests" name="[27] /home/travis/build/icyphy/ptII/ptolemy/domains/sdf/test/auto/emptyRefinement.xml (RunModel)" time="0.024" />
  <testcase classname="ptolemy.util.test.junit.AutoTests" name="[28] /home/travis/build/icyphy/ptII/ptolemy/domains/sdf/test/auto/filePortParameter.xml (RunModel)" time="0.043" />
  <testcase classname="ptolemy.util.test.junit.AutoTests" name="[29] /home/travis/build/icyphy/ptII/ptolemy/domains/sdf/test/auto/inferRelationWidth1.xml (RunModel)" time="0.016" />
  <testcase classname="ptolemy.util.test.junit.AutoTests" name="[30] /home/travis/build/icyphy/ptII/ptolemy/domains/sdf/test/auto/initProductionInference.xml (RunModel)" time="0.023" />
  <testcase classname="ptolemy.util.test.junit.AutoTests" name="[31] /home/travis/build/icyphy/ptII/ptolemy/domains/sdf/test/auto/relationGroup.xml (RunModel)" time="0.016" />
  <testcase classname="ptolemy.util.test.junit.AutoTests" name="[32] /home/travis/build/icyphy/ptII/ptolemy/domains/sdf/test/auto/relationGroup10.xml (RunModel)" time="0.016" />
  <testcase classname="ptolemy.util.test.junit.AutoTests" name="[33] /home/travis/build/icyphy/ptII/ptolemy/domains/sdf/test/auto/relationGroup11.xml (RunModel)" time="0.018" />
  <testcase classname="ptolemy.util.test.junit.AutoTests" name="[34] /home/travis/build/icyphy/ptII/ptolemy/domains/sdf/test/auto/relationGroup12.xml (RunModel)" time="0.017" />
  <testcase classname="ptolemy.util.test.junit.AutoTests" name="[35] /home/travis/build/icyphy/ptII/ptolemy/domains/sdf/test/auto/relationGroup13.xml (RunModel)" time="0.028" />
  <testcase classname="ptolemy.util.test.junit.AutoTests" name="[36] /home/travis/build/icyphy/ptII/ptolemy/domains/sdf/test/auto/relationGroup14.xml (RunModel)" time="0.02" />
  <testcase classname="ptolemy.util.test.junit.AutoTests" name="[37] /home/travis/build/icyphy/ptII/ptolemy/domains/sdf/test/auto/relationGroup15.xml (RunModel)" time="0.015" />
  <testcase classname="ptolemy.util.test.junit.AutoTests" name="[38] /home/travis/build/icyphy/ptII/ptolemy/domains/sdf/test/auto/relationGroup2.xml (RunModel)" time="0.014" />
  <testcase classname="ptolemy.util.test.junit.AutoTests" name="[39] /home/travis/build/icyphy/ptII/ptolemy/domains/sdf/test/auto/relationGroup3.xml (RunModel)" time="0.013" />
  <testcase classname="ptolemy.util.test.junit.AutoTests" name="[40] /home/travis/build/icyphy/ptII/ptolemy/domains/sdf/test/auto/relationGroup4.xml (RunModel)" time="0.029" />
  <testcase classname="ptolemy.util.test.junit.AutoTests" name="[41] /home/travis/build/icyphy/ptII/ptolemy/domains/sdf/test/auto/relationGroup5.xml (RunModel)" time="0.017" />
  <testcase classname="ptolemy.util.test.junit.AutoTests" name="[42] /home/travis/build/icyphy/ptII/ptolemy/domains/sdf/test/auto/relationGroup6.xml (RunModel)" time="0.015" />
  <testcase classname="ptolemy.util.test.junit.AutoTests" name="[43] /home/travis/build/icyphy/ptII/ptolemy/domains/sdf/test/auto/relationGroup7.xml (RunModel)" time="0.012" />
  <testcase classname="ptolemy.util.test.junit.AutoTests" name="[44] /home/travis/build/icyphy/ptII/ptolemy/domains/sdf/test/auto/relationGroup8.xml (RunModel)" time="0.012" />
  <testcase classname="ptolemy.util.test.junit.AutoTests" name="[45] /home/travis/build/icyphy/ptII/ptolemy/domains/sdf/test/auto/relationGroup9.xml (RunModel)" time="0.015" />
  <testcase classname="ptolemy.util.test.junit.AutoTests" name="[46] /home/travis/build/icyphy/ptII/ptolemy/domains/sdf/test/auto/sdf_inside_de.xml (RunModel)" time="0.054" />
  <testcase classname="ptolemy.util.test.junit.AutoTests" name="[47] /home/travis/build/icyphy/ptII/ptolemy/domains/sdf/test/auto/sdf_inside_pn.xml (RunModel)" time="0.069" />
  <testcase classname="ptolemy.util.test.junit.AutoTests" name="[48] /home/travis/build/icyphy/ptII/ptolemy/domains/sdf/test/auto/sdf_sdf1.xml (RunModel)" time="0.029" />
  <testcase classname="ptolemy.util.test.junit.AutoTests" name="[49] /home/travis/build/icyphy/ptII/ptolemy/domains/sdf/test/auto/test1.xml (RunModel)" time="0.021" />
  <testcase classname="ptolemy.util.test.junit.AutoTests" name="[50] /home/travis/build/icyphy/ptII/ptolemy/domains/sdf/test/auto/time1.xml (RunModel)" time="0.009" />
  <testcase classname="ptolemy.util.test.junit.AutoTests" name="[51] /home/travis/build/icyphy/ptII/ptolemy/domains/sdf/test/auto/time2.xml (RunModel)" time="0.01" />
  <testcase classname="ptolemy.util.test.junit.AutoTests" name="[52] /home/travis/build/icyphy/ptII/ptolemy/domains/sdf/test/auto/time3.xml (RunModel)" time="0.02" />
  <testcase classname="ptolemy.util.test.junit.AutoTests" name="[53] /home/travis/build/icyphy/ptII/ptolemy/domains/sdf/test/auto/time4.xml (RunModel)" time="0.02" />
  <testcase classname="ptolemy.util.test.junit.AutoTests" name="[54] /home/travis/build/icyphy/ptII/ptolemy/domains/sdf/test/auto/time5.xml (RunModel)" time="4.009" />
  <testcase classname="ptolemy.util.test.junit.AutoTests" name="[55] /home/travis/build/icyphy/ptII/ptolemy/domains/sdf/test/auto/typeSystem_Const_Integer_smallest_Type.xml (RunModel)" time="0.027" />
  <testcase classname="ptolemy.util.test.junit.AutoTests" name="[56] /home/travis/build/icyphy/ptII/ptolemy/domains/sdf/test/auto/typeSystem_declared_Inports_OutportTypeException.xml (RunModel)" time="0.039" />
  <testcase classname="ptolemy.util.test.junit.AutoTests" name="[57] /home/travis/build/icyphy/ptII/ptolemy/domains/sdf/test/auto/typeSystem_oneDeclaredInportType_wrongTypeOutport.xml (RunModel)" time="0.015" />
  <testcase classname="ptolemy.util.test.junit.AutoTests" name="[58] /home/travis/build/icyphy/ptII/ptolemy/domains/sdf/test/auto/width.xml (RunModel)" time="0.01" />
  <testcase classname="ptolemy.util.test.junit.AutoTests" name="[59] /home/travis/build/icyphy/ptII/ptolemy/domains/sdf/test/auto/width2.xml (RunModel)" time="0.052" />
  <testcase classname="ptolemy.util.test.junit.AutoTests" name="[60] /home/travis/build/icyphy/ptII/ptolemy/domains/sdf/test/auto/width3.xml (RunModel)" time="0.031" />
  <system-out><![CDATA[/home/travis/build/icyphy/ptII/ptolemy/domains/sdf/test/SDFSchedulerErrors.tcl
testDefs.tcl: setting time out to 9000 seconds at Mon Nov 26 02:57:40 UTC 2018
17 ms. Memory: 116224K Free: 105639K (91%)
5 ms. Memory: 116224K Free: 98491K (85%)
5 ms. Memory: 116224K Free: 91494K (79%)
4 ms. Memory: 116224K Free: 88431K (76%)
/home/travis/build/icyphy/ptII/ptolemy/domains/sdf/test/composition.tcl
41 ms. Memory: 116224K Free: 84778K (73%)
5 ms. Memory: 116224K Free: 82992K (71%)
/home/travis/build/icyphy/ptII/ptolemy/domains/sdf/test/cycle.tcl
.Toplevel.Director Preinitializing ...
Invoking preinitialize():  .Toplevel.Actor1
Invoking preinitialize():  .Toplevel.Actor2
Invoking preinitialize():  .Toplevel.Delay
.Toplevel.Director Finished preinitialize().
### Schedule:
Execute Schedule{
Fire Actor ptolemy.domains.sdf.kernel.test.SDFTestDelay {.Toplevel.Actor1}
Fire Actor ptolemy.domains.sdf.kernel.test.SDFTestDelay {.Toplevel.Actor2}
Fire Actor ptolemy.domains.sdf.lib.SampleDelay {.Toplevel.Delay}
}
### End schedule
Called initialize().
Invoking initialize():  .Toplevel.Actor1
Initializing actor: .Toplevel.Actor1.
Invoking initialize():  .Toplevel.Actor2
Initializing actor: .Toplevel.Actor2.
Invoking initialize():  .Toplevel.Delay
Initializing actor: .Toplevel.Delay.
Director: Called prefire().
-- Setting current time to 0.0
Director prefire returns true.
The actor .Toplevel.Actor1 will be iterated.
The actor .Toplevel.Actor1 was iterated.
The actor .Toplevel.Actor2 will be iterated.
The actor .Toplevel.Actor2 was iterated.
The actor .Toplevel.Delay will be iterated.
The actor .Toplevel.Delay was iterated.
Director: Called postfire().
Postfire returns: true
Director: Called prefire().
-- Setting current time to 0.0
Director prefire returns true.
The actor .Toplevel.Actor1 will be iterated.
The actor .Toplevel.Actor1 was iterated.
The actor .Toplevel.Actor2 will be iterated.
The actor .Toplevel.Actor2 was iterated.
The actor .Toplevel.Delay will be iterated.
The actor .Toplevel.Delay was iterated.
Director: Called postfire().
Postfire returns: true
Director: Called prefire().
-- Setting current time to 0.0
Director prefire returns true.
The actor .Toplevel.Actor1 will be iterated.
The actor .Toplevel.Actor1 was iterated.
The actor .Toplevel.Actor2 will be iterated.
The actor .Toplevel.Actor2 was iterated.
The actor .Toplevel.Delay will be iterated.
The actor .Toplevel.Delay was iterated.
Director: Called postfire().
Postfire returns: true
Director: Called prefire().
-- Setting current time to 0.0
Director prefire returns true.
The actor .Toplevel.Actor1 will be iterated.
The actor .Toplevel.Actor1 was iterated.
The actor .Toplevel.Actor2 will be iterated.
The actor .Toplevel.Actor2 was iterated.
The actor .Toplevel.Delay will be iterated.
The actor .Toplevel.Delay was iterated.
Director: Called postfire().
Postfire returns: true
Director: Called prefire().
-- Setting current time to 0.0
Director prefire returns true.
The actor .Toplevel.Actor1 will be iterated.
The actor .Toplevel.Actor1 was iterated.
The actor .Toplevel.Actor2 will be iterated.
The actor .Toplevel.Actor2 was iterated.
The actor .Toplevel.Delay will be iterated.
The actor .Toplevel.Delay was iterated.
Director: Called postfire().
Postfire returns: true
Director: Called prefire().
-- Setting current time to 0.0
Director prefire returns true.
The actor .Toplevel.Actor1 will be iterated.
The actor .Toplevel.Actor1 was iterated.
The actor .Toplevel.Actor2 will be iterated.
The actor .Toplevel.Actor2 was iterated.
The actor .Toplevel.Delay will be iterated.
The actor .Toplevel.Delay was iterated.
Reached specified number of iterations: 6
Director: Called wrapup().
27 ms. Memory: 146944K Free: 142312K (97%)
11/26/18 02:57:40
Failed: 0  Total Tests: 8  ((Passed: 8, Newly Passed: 0)  Known Failed: 0) /home/travis/build/icyphy/ptII/ptolemy/domains/sdf/test
No auto/knownFailedTests/*.xml tests in /home/travis/build/icyphy/ptII/ptolemy/domains/sdf/test
No auto/linux-amd64/*.xml tests in /home/travis/build/icyphy/ptII/ptolemy/domains/sdf/test
AutoTests.java: About to close Vertx.
AutoTests.java: Vertx closed.

===========================================================================================
----------------- testing Mon Nov 26 02:57:41 UTC 2018 /home/travis/build/icyphy/ptII/ptolemy/domains/sdf/test/auto/Array.xml
----------------- Instantiating /home/travis/build/icyphy/ptII/ptolemy/domains/sdf/test/auto/Array.xml
29 ms. Memory: 146944K Free: 101203K (69%)
----------------- Invoking toplevel() on ptolemy.moml.MoMLSimpleApplication@3be58204
----------------- Done invoking toplevel() on ptolemy.moml.MoMLSimpleApplication@3be58204
reloadAllAccessors: .Array

===========================================================================================
----------------- testing Mon Nov 26 02:57:41 UTC 2018 /home/travis/build/icyphy/ptII/ptolemy/domains/sdf/test/auto/Butterfly.xml
----------------- Instantiating /home/travis/build/icyphy/ptII/ptolemy/domains/sdf/test/auto/Butterfly.xml
58 ms. Memory: 146944K Free: 93805K (64%)
----------------- Invoking toplevel() on ptolemy.moml.MoMLSimpleApplication@357614bd
----------------- Done invoking toplevel() on ptolemy.moml.MoMLSimpleApplication@357614bd
reloadAllAccessors: .Butterfly

===========================================================================================
----------------- testing Mon Nov 26 02:57:41 UTC 2018 /home/travis/build/icyphy/ptII/ptolemy/domains/sdf/test/auto/Expression.xml
----------------- Instantiating /home/travis/build/icyphy/ptII/ptolemy/domains/sdf/test/auto/Expression.xml
51 ms. Memory: 146944K Free: 87132K (59%)
----------------- Invoking toplevel() on ptolemy.moml.MoMLSimpleApplication@62585ffb
----------------- Done invoking toplevel() on ptolemy.moml.MoMLSimpleApplication@62585ffb
reloadAllAccessors: .Expression

===========================================================================================
----------------- testing Mon Nov 26 02:57:41 UTC 2018 /home/travis/build/icyphy/ptII/ptolemy/domains/sdf/test/auto/Eye.xml
----------------- Instantiating /home/travis/build/icyphy/ptII/ptolemy/domains/sdf/test/auto/Eye.xml
196 ms. Memory: 146944K Free: 118155K (80%)
----------------- Invoking toplevel() on ptolemy.moml.MoMLSimpleApplication@198bcfdc
----------------- Done invoking toplevel() on ptolemy.moml.MoMLSimpleApplication@198bcfdc
reloadAllAccessors: .Eye

===========================================================================================
----------------- testing Mon Nov 26 02:57:42 UTC 2018 /home/travis/build/icyphy/ptII/ptolemy/domains/sdf/test/auto/FixFIR.xml
----------------- Instantiating /home/travis/build/icyphy/ptII/ptolemy/domains/sdf/test/auto/FixFIR.xml
133 ms. Memory: 146944K Free: 81391K (55%)
----------------- Invoking toplevel() on ptolemy.moml.MoMLSimpleApplication@c83c663
----------------- Done invoking toplevel() on ptolemy.moml.MoMLSimpleApplication@c83c663
reloadAllAccessors: .FixFIR

===========================================================================================
----------------- testing Mon Nov 26 02:57:42 UTC 2018 /home/travis/build/icyphy/ptII/ptolemy/domains/sdf/test/auto/FixPoint.xml
----------------- Instantiating /home/travis/build/icyphy/ptII/ptolemy/domains/sdf/test/auto/FixPoint.xml
18 ms. Memory: 208384K Free: 199535K (96%)
----------------- Invoking toplevel() on ptolemy.moml.MoMLSimpleApplication@5d55f3e3
----------------- Done invoking toplevel() on ptolemy.moml.MoMLSimpleApplication@5d55f3e3
reloadAllAccessors: .FixPoint

===========================================================================================
----------------- testing Mon Nov 26 02:57:42 UTC 2018 /home/travis/build/icyphy/ptII/ptolemy/domains/sdf/test/auto/Gravitation.xml
----------------- Instantiating /home/travis/build/icyphy/ptII/ptolemy/domains/sdf/test/auto/Gravitation.xml
3173 ms. Memory: 208384K Free: 108427K (52%)
----------------- Invoking toplevel() on ptolemy.moml.MoMLSimpleApplication@193eddc3
----------------- Done invoking toplevel() on ptolemy.moml.MoMLSimpleApplication@193eddc3
reloadAllAccessors: .Gravitation

===========================================================================================
----------------- testing Mon Nov 26 02:57:45 UTC 2018 /home/travis/build/icyphy/ptII/ptolemy/domains/sdf/test/auto/GravitationWithCollisionDetection.xml
----------------- Instantiating /home/travis/build/icyphy/ptII/ptolemy/domains/sdf/test/auto/GravitationWithCollisionDetection.xml
6208 ms. Memory: 873984K Free: 332937K (38%)
----------------- Invoking toplevel() on ptolemy.moml.MoMLSimpleApplication@168205c1
----------------- Done invoking toplevel() on ptolemy.moml.MoMLSimpleApplication@168205c1
reloadAllAccessors: .GravitationWithCollisionDetection

===========================================================================================
----------------- testing Mon Nov 26 02:57:52 UTC 2018 /home/travis/build/icyphy/ptII/ptolemy/domains/sdf/test/auto/HDF.xml
----------------- Instantiating /home/travis/build/icyphy/ptII/ptolemy/domains/sdf/test/auto/HDF.xml
40 ms. Memory: 873984K Free: 304862K (35%)
----------------- Invoking toplevel() on ptolemy.moml.MoMLSimpleApplication@27330eee
----------------- Done invoking toplevel() on ptolemy.moml.MoMLSimpleApplication@27330eee
reloadAllAccessors: .HDF

===========================================================================================
----------------- testing Mon Nov 26 02:57:52 UTC 2018 /home/travis/build/icyphy/ptII/ptolemy/domains/sdf/test/auto/HDFwithTransientStates.xml
----------------- Instantiating /home/travis/build/icyphy/ptII/ptolemy/domains/sdf/test/auto/HDFwithTransientStates.xml
34 ms. Memory: 873984K Free: 278657K (32%)
----------------- Invoking toplevel() on ptolemy.moml.MoMLSimpleApplication@1412bb99
----------------- Done invoking toplevel() on ptolemy.moml.MoMLSimpleApplication@1412bb99
reloadAllAccessors: .HDFwithTransientStates

===========================================================================================
----------------- testing Mon Nov 26 02:57:52 UTC 2018 /home/travis/build/icyphy/ptII/ptolemy/domains/sdf/test/auto/HTVQ.xml
----------------- Instantiating /home/travis/build/icyphy/ptII/ptolemy/domains/sdf/test/auto/HTVQ.xml
840 ms. Memory: 873984K Free: 116217K (13%)
----------------- Invoking toplevel() on ptolemy.moml.MoMLSimpleApplication@4b69603d
----------------- Done invoking toplevel() on ptolemy.moml.MoMLSimpleApplication@4b69603d
reloadAllAccessors: .HTVQ

===========================================================================================
----------------- testing Mon Nov 26 02:57:53 UTC 2018 /home/travis/build/icyphy/ptII/ptolemy/domains/sdf/test/auto/InferInitProduction.xml
----------------- Instantiating /home/travis/build/icyphy/ptII/ptolemy/domains/sdf/test/auto/InferInitProduction.xml
4 ms. Memory: 873984K Free: 105738K (12%)
----------------- Invoking toplevel() on ptolemy.moml.MoMLSimpleApplication@473b80fb
----------------- Done invoking toplevel() on ptolemy.moml.MoMLSimpleApplication@473b80fb
reloadAllAccessors: .InferInitProduction

===========================================================================================
----------------- testing Mon Nov 26 02:57:53 UTC 2018 /home/travis/build/icyphy/ptII/ptolemy/domains/sdf/test/auto/InferInitProductionDeeper.xml
----------------- Instantiating /home/travis/build/icyphy/ptII/ptolemy/domains/sdf/test/auto/InferInitProductionDeeper.xml
3 ms. Memory: 873984K Free: 95259K (11%)
----------------- Invoking toplevel() on ptolemy.moml.MoMLSimpleApplication@3e4507f6
----------------- Done invoking toplevel() on ptolemy.moml.MoMLSimpleApplication@3e4507f6
reloadAllAccessors: .InferInitProductionDeeper

===========================================================================================
----------------- testing Mon Nov 26 02:57:53 UTC 2018 /home/travis/build/icyphy/ptII/ptolemy/domains/sdf/test/auto/LMSAdaptive.xml
----------------- Instantiating /home/travis/build/icyphy/ptII/ptolemy/domains/sdf/test/auto/LMSAdaptive.xml
14 ms. Memory: 873984K Free: 79541K (9%)
----------------- Invoking toplevel() on ptolemy.moml.MoMLSimpleApplication@1363ff27
----------------- Done invoking toplevel() on ptolemy.moml.MoMLSimpleApplication@1363ff27
reloadAllAccessors: .LMSAdaptive

===========================================================================================
----------------- testing Mon Nov 26 02:57:53 UTC 2018 /home/travis/build/icyphy/ptII/ptolemy/domains/sdf/test/auto/LogisticMap.xml
----------------- Instantiating /home/travis/build/icyphy/ptII/ptolemy/domains/sdf/test/auto/LogisticMap.xml
447 ms. Memory: 874496K Free: 854821K (98%)
----------------- Invoking toplevel() on ptolemy.moml.MoMLSimpleApplication@561b2d7f
----------------- Done invoking toplevel() on ptolemy.moml.MoMLSimpleApplication@561b2d7f
reloadAllAccessors: .LogisticMap

===========================================================================================
----------------- testing Mon Nov 26 02:57:53 UTC 2018 /home/travis/build/icyphy/ptII/ptolemy/domains/sdf/test/auto/MaximumEntropySpectrum.xml
----------------- Instantiating /home/travis/build/icyphy/ptII/ptolemy/domains/sdf/test/auto/MaximumEntropySpectrum.xml
54 ms. Memory: 874496K Free: 784599K (90%)
----------------- Invoking toplevel() on ptolemy.moml.MoMLSimpleApplication@40a11c3e
----------------- Done invoking toplevel() on ptolemy.moml.MoMLSimpleApplication@40a11c3e
reloadAllAccessors: .MaximumEntropySpectrum

===========================================================================================
----------------- testing Mon Nov 26 02:57:54 UTC 2018 /home/travis/build/icyphy/ptII/ptolemy/domains/sdf/test/auto/MultirateSDF.xml
----------------- Instantiating /home/travis/build/icyphy/ptII/ptolemy/domains/sdf/test/auto/MultirateSDF.xml
19 ms. Memory: 874496K Free: 763625K (87%)
----------------- Invoking toplevel() on ptolemy.moml.MoMLSimpleApplication@5be996c5
----------------- Done invoking toplevel() on ptolemy.moml.MoMLSimpleApplication@5be996c5
reloadAllAccessors: .MultirateSDF

===========================================================================================
----------------- testing Mon Nov 26 02:57:54 UTC 2018 /home/travis/build/icyphy/ptII/ptolemy/domains/sdf/test/auto/MultirateSDFwithTransientStates.xml
----------------- Instantiating /home/travis/build/icyphy/ptII/ptolemy/domains/sdf/test/auto/MultirateSDFwithTransientStates.xml
17 ms. Memory: 874496K Free: 742651K (85%)
----------------- Invoking toplevel() on ptolemy.moml.MoMLSimpleApplication@1755ccca
----------------- Done invoking toplevel() on ptolemy.moml.MoMLSimpleApplication@1755ccca
reloadAllAccessors: .MultirateSDFwithTransientStates

===========================================================================================
----------------- testing Mon Nov 26 02:57:54 UTC 2018 /home/travis/build/icyphy/ptII/ptolemy/domains/sdf/test/auto/NoisySinewave.xml
----------------- Instantiating /home/travis/build/icyphy/ptII/ptolemy/domains/sdf/test/auto/NoisySinewave.xml
11 ms. Memory: 874496K Free: 721661K (83%)
----------------- Invoking toplevel() on ptolemy.moml.MoMLSimpleApplication@7b72b8d1
----------------- Done invoking toplevel() on ptolemy.moml.MoMLSimpleApplication@7b72b8d1
reloadAllAccessors: .NoisySinewave

===========================================================================================
----------------- testing Mon Nov 26 02:57:54 UTC 2018 /home/travis/build/icyphy/ptII/ptolemy/domains/sdf/test/auto/Objects.xml
----------------- Instantiating /home/travis/build/icyphy/ptII/ptolemy/domains/sdf/test/auto/Objects.xml
2 ms. Memory: 874496K Free: 705927K (81%)
----------------- Invoking toplevel() on ptolemy.moml.MoMLSimpleApplication@33f9ec29
----------------- Done invoking toplevel() on ptolemy.moml.MoMLSimpleApplication@33f9ec29
reloadAllAccessors: .Objects

===========================================================================================
----------------- testing Mon Nov 26 02:57:54 UTC 2018 /home/travis/build/icyphy/ptII/ptolemy/domains/sdf/test/auto/OrthogonalCom.xml
----------------- Instantiating /home/travis/build/icyphy/ptII/ptolemy/domains/sdf/test/auto/OrthogonalCom.xml
10 ms. Memory: 874496K Free: 690193K (79%)
----------------- Invoking toplevel() on ptolemy.moml.MoMLSimpleApplication@3539aed3
----------------- Done invoking toplevel() on ptolemy.moml.MoMLSimpleApplication@3539aed3
reloadAllAccessors: .OrthogonalCom

===========================================================================================
----------------- testing Mon Nov 26 02:57:54 UTC 2018 /home/travis/build/icyphy/ptII/ptolemy/domains/sdf/test/auto/RijndaelEncryption.xml
----------------- Instantiating /home/travis/build/icyphy/ptII/ptolemy/domains/sdf/test/auto/RijndaelEncryption.xml
216 ms. Memory: 874496K Free: 525484K (60%)
----------------- Invoking toplevel() on ptolemy.moml.MoMLSimpleApplication@245cf45e
----------------- Done invoking toplevel() on ptolemy.moml.MoMLSimpleApplication@245cf45e
reloadAllAccessors: .RijndaelEncryption

===========================================================================================
----------------- testing Mon Nov 26 02:57:54 UTC 2018 /home/travis/build/icyphy/ptII/ptolemy/domains/sdf/test/auto/SDFEmptyIterations.xml
----------------- Instantiating /home/travis/build/icyphy/ptII/ptolemy/domains/sdf/test/auto/SDFEmptyIterations.xml
5 ms. Memory: 874496K Free: 515005K (59%)
----------------- Invoking toplevel() on ptolemy.moml.MoMLSimpleApplication@3a31b941
----------------- Done invoking toplevel() on ptolemy.moml.MoMLSimpleApplication@3a31b941
reloadAllAccessors: .SDFEmptyIterations

===========================================================================================
----------------- testing Mon Nov 26 02:57:54 UTC 2018 /home/travis/build/icyphy/ptII/ptolemy/domains/sdf/test/auto/Spectrum.xml
----------------- Instantiating /home/travis/build/icyphy/ptII/ptolemy/domains/sdf/test/auto/Spectrum.xml
36 ms. Memory: 874496K Free: 494031K (56%)
----------------- Invoking toplevel() on ptolemy.moml.MoMLSimpleApplication@73789e28
----------------- Done invoking toplevel() on ptolemy.moml.MoMLSimpleApplication@73789e28
reloadAllAccessors: .Spectrum

===========================================================================================
----------------- testing Mon Nov 26 02:57:55 UTC 2018 /home/travis/build/icyphy/ptII/ptolemy/domains/sdf/test/auto/de_inside_sdf.xml
----------------- Instantiating /home/travis/build/icyphy/ptII/ptolemy/domains/sdf/test/auto/de_inside_sdf.xml
12 ms. Memory: 874496K Free: 483552K (55%)
----------------- Invoking toplevel() on ptolemy.moml.MoMLSimpleApplication@539312ca
----------------- Done invoking toplevel() on ptolemy.moml.MoMLSimpleApplication@539312ca
reloadAllAccessors: .de_inside_sdf

===========================================================================================
----------------- testing Mon Nov 26 02:57:55 UTC 2018 /home/travis/build/icyphy/ptII/ptolemy/domains/sdf/test/auto/disconnectedHierarchicalSDF.xml
----------------- Instantiating /home/travis/build/icyphy/ptII/ptolemy/domains/sdf/test/auto/disconnectedHierarchicalSDF.xml
8 ms. Memory: 874496K Free: 473073K (54%)
----------------- Invoking toplevel() on ptolemy.moml.MoMLSimpleApplication@2ef4bb0a
----------------- Done invoking toplevel() on ptolemy.moml.MoMLSimpleApplication@2ef4bb0a
reloadAllAccessors: .disconnectedHierarchicalSDF

===========================================================================================
----------------- testing Mon Nov 26 02:57:55 UTC 2018 /home/travis/build/icyphy/ptII/ptolemy/domains/sdf/test/auto/disconnectedSDF.xml
----------------- Instantiating /home/travis/build/icyphy/ptII/ptolemy/domains/sdf/test/auto/disconnectedSDF.xml
9 ms. Memory: 874496K Free: 462594K (53%)
----------------- Invoking toplevel() on ptolemy.moml.MoMLSimpleApplication@507e9b22
----------------- Done invoking toplevel() on ptolemy.moml.MoMLSimpleApplication@507e9b22
reloadAllAccessors: .disconnectedSDF

===========================================================================================
----------------- testing Mon Nov 26 02:57:55 UTC 2018 /home/travis/build/icyphy/ptII/ptolemy/domains/sdf/test/auto/emptyRefinement.xml
----------------- Instantiating /home/travis/build/icyphy/ptII/ptolemy/domains/sdf/test/auto/emptyRefinement.xml
2 ms. Memory: 874496K Free: 450070K (51%)
----------------- Invoking toplevel() on ptolemy.moml.MoMLSimpleApplication@3b0431a4
----------------- Done invoking toplevel() on ptolemy.moml.MoMLSimpleApplication@3b0431a4
reloadAllAccessors: .emptyRefinement

===========================================================================================
----------------- testing Mon Nov 26 02:57:55 UTC 2018 /home/travis/build/icyphy/ptII/ptolemy/domains/sdf/test/auto/filePortParameter.xml
----------------- Instantiating /home/travis/build/icyphy/ptII/ptolemy/domains/sdf/test/auto/filePortParameter.xml
14 ms. Memory: 874496K Free: 434344K (50%)
----------------- Invoking toplevel() on ptolemy.moml.MoMLSimpleApplication@5694b4b4
----------------- Done invoking toplevel() on ptolemy.moml.MoMLSimpleApplication@5694b4b4
reloadAllAccessors: .filePortParameter

===========================================================================================
----------------- testing Mon Nov 26 02:57:55 UTC 2018 /home/travis/build/icyphy/ptII/ptolemy/domains/sdf/test/auto/inferRelationWidth1.xml
----------------- Instantiating /home/travis/build/icyphy/ptII/ptolemy/domains/sdf/test/auto/inferRelationWidth1.xml
2 ms. Memory: 874496K Free: 423865K (48%)
----------------- Invoking toplevel() on ptolemy.moml.MoMLSimpleApplication@4da4c524
----------------- Done invoking toplevel() on ptolemy.moml.MoMLSimpleApplication@4da4c524
reloadAllAccessors: .inferRelationWidth1

===========================================================================================
----------------- testing Mon Nov 26 02:57:55 UTC 2018 /home/travis/build/icyphy/ptII/ptolemy/domains/sdf/test/auto/initProductionInference.xml
----------------- Instantiating /home/travis/build/icyphy/ptII/ptolemy/domains/sdf/test/auto/initProductionInference.xml
7 ms. Memory: 874496K Free: 413386K (47%)
----------------- Invoking toplevel() on ptolemy.moml.MoMLSimpleApplication@693ac34d
----------------- Done invoking toplevel() on ptolemy.moml.MoMLSimpleApplication@693ac34d
reloadAllAccessors: .initProductionInference

===========================================================================================
----------------- testing Mon Nov 26 02:57:55 UTC 2018 /home/travis/build/icyphy/ptII/ptolemy/domains/sdf/test/auto/relationGroup.xml
----------------- Instantiating /home/travis/build/icyphy/ptII/ptolemy/domains/sdf/test/auto/relationGroup.xml
2 ms. Memory: 874496K Free: 402907K (46%)
----------------- Invoking toplevel() on ptolemy.moml.MoMLSimpleApplication@72839841
----------------- Done invoking toplevel() on ptolemy.moml.MoMLSimpleApplication@72839841
reloadAllAccessors: .relationGroup

===========================================================================================
----------------- testing Mon Nov 26 02:57:55 UTC 2018 /home/travis/build/icyphy/ptII/ptolemy/domains/sdf/test/auto/relationGroup10.xml
----------------- Instantiating /home/travis/build/icyphy/ptII/ptolemy/domains/sdf/test/auto/relationGroup10.xml
3 ms. Memory: 874496K Free: 392428K (45%)
----------------- Invoking toplevel() on ptolemy.moml.MoMLSimpleApplication@647b9e63
----------------- Done invoking toplevel() on ptolemy.moml.MoMLSimpleApplication@647b9e63
reloadAllAccessors: .relationGroup10

===========================================================================================
----------------- testing Mon Nov 26 02:57:55 UTC 2018 /home/travis/build/icyphy/ptII/ptolemy/domains/sdf/test/auto/relationGroup11.xml
----------------- Instantiating /home/travis/build/icyphy/ptII/ptolemy/domains/sdf/test/auto/relationGroup11.xml
3 ms. Memory: 874496K Free: 379905K (43%)
----------------- Invoking toplevel() on ptolemy.moml.MoMLSimpleApplication@38acf322
----------------- Done invoking toplevel() on ptolemy.moml.MoMLSimpleApplication@38acf322
reloadAllAccessors: .relationGroup11

===========================================================================================
----------------- testing Mon Nov 26 02:57:55 UTC 2018 /home/travis/build/icyphy/ptII/ptolemy/domains/sdf/test/auto/relationGroup12.xml
----------------- Instantiating /home/travis/build/icyphy/ptII/ptolemy/domains/sdf/test/auto/relationGroup12.xml
3 ms. Memory: 874496K Free: 369426K (42%)
----------------- Invoking toplevel() on ptolemy.moml.MoMLSimpleApplication@70a2ce1c
----------------- Done invoking toplevel() on ptolemy.moml.MoMLSimpleApplication@70a2ce1c
reloadAllAccessors: .relationGroup12

===========================================================================================
----------------- testing Mon Nov 26 02:57:55 UTC 2018 /home/travis/build/icyphy/ptII/ptolemy/domains/sdf/test/auto/relationGroup13.xml
----------------- Instantiating /home/travis/build/icyphy/ptII/ptolemy/domains/sdf/test/auto/relationGroup13.xml
11 ms. Memory: 874496K Free: 358947K (41%)
----------------- Invoking toplevel() on ptolemy.moml.MoMLSimpleApplication@1bc20936
----------------- Done invoking toplevel() on ptolemy.moml.MoMLSimpleApplication@1bc20936
reloadAllAccessors: .relationGroup13

===========================================================================================
----------------- testing Mon Nov 26 02:57:55 UTC 2018 /home/travis/build/icyphy/ptII/ptolemy/domains/sdf/test/auto/relationGroup14.xml
----------------- Instantiating /home/travis/build/icyphy/ptII/ptolemy/domains/sdf/test/auto/relationGroup14.xml
3 ms. Memory: 874496K Free: 348468K (40%)
----------------- Invoking toplevel() on ptolemy.moml.MoMLSimpleApplication@377dd34b
----------------- Done invoking toplevel() on ptolemy.moml.MoMLSimpleApplication@377dd34b
reloadAllAccessors: .relationGroup14

===========================================================================================
----------------- testing Mon Nov 26 02:57:55 UTC 2018 /home/travis/build/icyphy/ptII/ptolemy/domains/sdf/test/auto/relationGroup15.xml
----------------- Instantiating /home/travis/build/icyphy/ptII/ptolemy/domains/sdf/test/auto/relationGroup15.xml
2 ms. Memory: 874496K Free: 337989K (39%)
----------------- Invoking toplevel() on ptolemy.moml.MoMLSimpleApplication@562bcdef
----------------- Done invoking toplevel() on ptolemy.moml.MoMLSimpleApplication@562bcdef
reloadAllAccessors: .relationGroup15

===========================================================================================
----------------- testing Mon Nov 26 02:57:55 UTC 2018 /home/travis/build/icyphy/ptII/ptolemy/domains/sdf/test/auto/relationGroup2.xml
----------------- Instantiating /home/travis/build/icyphy/ptII/ptolemy/domains/sdf/test/auto/relationGroup2.xml
2 ms. Memory: 874496K Free: 327510K (37%)
----------------- Invoking toplevel() on ptolemy.moml.MoMLSimpleApplication@36a63982
----------------- Done invoking toplevel() on ptolemy.moml.MoMLSimpleApplication@36a63982
reloadAllAccessors: .relationGroup2

===========================================================================================
----------------- testing Mon Nov 26 02:57:55 UTC 2018 /home/travis/build/icyphy/ptII/ptolemy/domains/sdf/test/auto/relationGroup3.xml
----------------- Instantiating /home/travis/build/icyphy/ptII/ptolemy/domains/sdf/test/auto/relationGroup3.xml
1 ms. Memory: 874496K Free: 314987K (36%)
----------------- Invoking toplevel() on ptolemy.moml.MoMLSimpleApplication@2b87ed76
----------------- Done invoking toplevel() on ptolemy.moml.MoMLSimpleApplication@2b87ed76
reloadAllAccessors: .relationGroup3

===========================================================================================
----------------- testing Mon Nov 26 02:57:55 UTC 2018 /home/travis/build/icyphy/ptII/ptolemy/domains/sdf/test/auto/relationGroup4.xml
----------------- Instantiating /home/travis/build/icyphy/ptII/ptolemy/domains/sdf/test/auto/relationGroup4.xml
6 ms. Memory: 874496K Free: 304508K (35%)
----------------- Invoking toplevel() on ptolemy.moml.MoMLSimpleApplication@70870371
----------------- Done invoking toplevel() on ptolemy.moml.MoMLSimpleApplication@70870371
reloadAllAccessors: .relationGroup4

===========================================================================================
----------------- testing Mon Nov 26 02:57:55 UTC 2018 /home/travis/build/icyphy/ptII/ptolemy/domains/sdf/test/auto/relationGroup5.xml
----------------- Instantiating /home/travis/build/icyphy/ptII/ptolemy/domains/sdf/test/auto/relationGroup5.xml
4 ms. Memory: 874496K Free: 294029K (34%)
----------------- Invoking toplevel() on ptolemy.moml.MoMLSimpleApplication@6e240bba
----------------- Done invoking toplevel() on ptolemy.moml.MoMLSimpleApplication@6e240bba
reloadAllAccessors: .relationGroup5

===========================================================================================
----------------- testing Mon Nov 26 02:57:55 UTC 2018 /home/travis/build/icyphy/ptII/ptolemy/domains/sdf/test/auto/relationGroup6.xml
----------------- Instantiating /home/travis/build/icyphy/ptII/ptolemy/domains/sdf/test/auto/relationGroup6.xml
2 ms. Memory: 874496K Free: 283550K (32%)
----------------- Invoking toplevel() on ptolemy.moml.MoMLSimpleApplication@cdddb8e
----------------- Done invoking toplevel() on ptolemy.moml.MoMLSimpleApplication@cdddb8e
reloadAllAccessors: .relationGroup6

===========================================================================================
----------------- testing Mon Nov 26 02:57:55 UTC 2018 /home/travis/build/icyphy/ptII/ptolemy/domains/sdf/test/auto/relationGroup7.xml
----------------- Instantiating /home/travis/build/icyphy/ptII/ptolemy/domains/sdf/test/auto/relationGroup7.xml
2 ms. Memory: 874496K Free: 273071K (31%)
----------------- Invoking toplevel() on ptolemy.moml.MoMLSimpleApplication@4e10b86f
----------------- Done invoking toplevel() on ptolemy.moml.MoMLSimpleApplication@4e10b86f
reloadAllAccessors: .relationGroup7

===========================================================================================
----------------- testing Mon Nov 26 02:57:55 UTC 2018 /home/travis/build/icyphy/ptII/ptolemy/domains/sdf/test/auto/relationGroup8.xml
----------------- Instantiating /home/travis/build/icyphy/ptII/ptolemy/domains/sdf/test/auto/relationGroup8.xml
2 ms. Memory: 874496K Free: 262592K (30%)
----------------- Invoking toplevel() on ptolemy.moml.MoMLSimpleApplication@bc5037
----------------- Done invoking toplevel() on ptolemy.moml.MoMLSimpleApplication@bc5037
reloadAllAccessors: .relationGroup8

===========================================================================================
----------------- testing Mon Nov 26 02:57:55 UTC 2018 /home/travis/build/icyphy/ptII/ptolemy/domains/sdf/test/auto/relationGroup9.xml
----------------- Instantiating /home/travis/build/icyphy/ptII/ptolemy/domains/sdf/test/auto/relationGroup9.xml
2 ms. Memory: 874496K Free: 250068K (29%)
----------------- Invoking toplevel() on ptolemy.moml.MoMLSimpleApplication@573cb5a
----------------- Done invoking toplevel() on ptolemy.moml.MoMLSimpleApplication@573cb5a
reloadAllAccessors: .relationGroup9

===========================================================================================
----------------- testing Mon Nov 26 02:57:55 UTC 2018 /home/travis/build/icyphy/ptII/ptolemy/domains/sdf/test/auto/sdf_inside_de.xml
----------------- Instantiating /home/travis/build/icyphy/ptII/ptolemy/domains/sdf/test/auto/sdf_inside_de.xml
17 ms. Memory: 874496K Free: 234342K (27%)
----------------- Invoking toplevel() on ptolemy.moml.MoMLSimpleApplication@6f7f62a6
----------------- Done invoking toplevel() on ptolemy.moml.MoMLSimpleApplication@6f7f62a6
reloadAllAccessors: .sdf_inside_de

===========================================================================================
----------------- testing Mon Nov 26 02:57:55 UTC 2018 /home/travis/build/icyphy/ptII/ptolemy/domains/sdf/test/auto/sdf_inside_pn.xml
----------------- Instantiating /home/travis/build/icyphy/ptII/ptolemy/domains/sdf/test/auto/sdf_inside_pn.xml
47 ms. Memory: 874496K Free: 192426K (22%)
----------------- Invoking toplevel() on ptolemy.moml.MoMLSimpleApplication@75577580
----------------- Done invoking toplevel() on ptolemy.moml.MoMLSimpleApplication@75577580
reloadAllAccessors: .sdf_inside_pn

===========================================================================================
----------------- testing Mon Nov 26 02:57:55 UTC 2018 /home/travis/build/icyphy/ptII/ptolemy/domains/sdf/test/auto/sdf_sdf1.xml
----------------- Instantiating /home/travis/build/icyphy/ptII/ptolemy/domains/sdf/test/auto/sdf_sdf1.xml
4 ms. Memory: 874496K Free: 181947K (21%)
----------------- Invoking toplevel() on ptolemy.moml.MoMLSimpleApplication@4671edc
----------------- Done invoking toplevel() on ptolemy.moml.MoMLSimpleApplication@4671edc
reloadAllAccessors: .sdf_sdf1

===========================================================================================
----------------- testing Mon Nov 26 02:57:55 UTC 2018 /home/travis/build/icyphy/ptII/ptolemy/domains/sdf/test/auto/test1.xml
----------------- Instantiating /home/travis/build/icyphy/ptII/ptolemy/domains/sdf/test/auto/test1.xml
7 ms. Memory: 874496K Free: 171468K (20%)
----------------- Invoking toplevel() on ptolemy.moml.MoMLSimpleApplication@4ff17f1f
----------------- Done invoking toplevel() on ptolemy.moml.MoMLSimpleApplication@4ff17f1f
reloadAllAccessors: .test1

===========================================================================================
----------------- testing Mon Nov 26 02:57:55 UTC 2018 /home/travis/build/icyphy/ptII/ptolemy/domains/sdf/test/auto/time1.xml
----------------- Instantiating /home/travis/build/icyphy/ptII/ptolemy/domains/sdf/test/auto/time1.xml
2 ms. Memory: 874496K Free: 158944K (18%)
----------------- Invoking toplevel() on ptolemy.moml.MoMLSimpleApplication@8df50ff
----------------- Done invoking toplevel() on ptolemy.moml.MoMLSimpleApplication@8df50ff
reloadAllAccessors: .time1

===========================================================================================
----------------- testing Mon Nov 26 02:57:55 UTC 2018 /home/travis/build/icyphy/ptII/ptolemy/domains/sdf/test/auto/time2.xml
----------------- Instantiating /home/travis/build/icyphy/ptII/ptolemy/domains/sdf/test/auto/time2.xml
2 ms. Memory: 874496K Free: 148466K (17%)
----------------- Invoking toplevel() on ptolemy.moml.MoMLSimpleApplication@40b0bb8e
----------------- Done invoking toplevel() on ptolemy.moml.MoMLSimpleApplication@40b0bb8e
reloadAllAccessors: .time2

===========================================================================================
----------------- testing Mon Nov 26 02:57:55 UTC 2018 /home/travis/build/icyphy/ptII/ptolemy/domains/sdf/test/auto/time3.xml
----------------- Instantiating /home/travis/build/icyphy/ptII/ptolemy/domains/sdf/test/auto/time3.xml
7 ms. Memory: 874496K Free: 137987K (16%)
----------------- Invoking toplevel() on ptolemy.moml.MoMLSimpleApplication@579bb708
----------------- Done invoking toplevel() on ptolemy.moml.MoMLSimpleApplication@579bb708
reloadAllAccessors: .time3

===========================================================================================
----------------- testing Mon Nov 26 02:57:55 UTC 2018 /home/travis/build/icyphy/ptII/ptolemy/domains/sdf/test/auto/time4.xml
----------------- Instantiating /home/travis/build/icyphy/ptII/ptolemy/domains/sdf/test/auto/time4.xml
7 ms. Memory: 874496K Free: 127508K (15%)
----------------- Invoking toplevel() on ptolemy.moml.MoMLSimpleApplication@283d05ce
----------------- Done invoking toplevel() on ptolemy.moml.MoMLSimpleApplication@283d05ce
reloadAllAccessors: .time4

===========================================================================================
----------------- testing Mon Nov 26 02:57:55 UTC 2018 /home/travis/build/icyphy/ptII/ptolemy/domains/sdf/test/auto/time5.xml
----------------- Instantiating /home/travis/build/icyphy/ptII/ptolemy/domains/sdf/test/auto/time5.xml
4002 ms. Memory: 874496K Free: 117029K (13%)
----------------- Invoking toplevel() on ptolemy.moml.MoMLSimpleApplication@747f7f44
----------------- Done invoking toplevel() on ptolemy.moml.MoMLSimpleApplication@747f7f44
reloadAllAccessors: .time5

===========================================================================================
----------------- testing Mon Nov 26 02:57:59 UTC 2018 /home/travis/build/icyphy/ptII/ptolemy/domains/sdf/test/auto/typeSystem_Const_Integer_smallest_Type.xml
----------------- Instantiating /home/travis/build/icyphy/ptII/ptolemy/domains/sdf/test/auto/typeSystem_Const_Integer_smallest_Type.xml
6 ms. Memory: 874496K Free: 106550K (12%)
----------------- Invoking toplevel() on ptolemy.moml.MoMLSimpleApplication@47e82936
----------------- Done invoking toplevel() on ptolemy.moml.MoMLSimpleApplication@47e82936
reloadAllAccessors: .typeSystem_Const_Integer_smallest_Type

===========================================================================================
----------------- testing Mon Nov 26 02:57:59 UTC 2018 /home/travis/build/icyphy/ptII/ptolemy/domains/sdf/test/auto/typeSystem_declared_Inports_OutportTypeException.xml
----------------- Instantiating /home/travis/build/icyphy/ptII/ptolemy/domains/sdf/test/auto/typeSystem_declared_Inports_OutportTypeException.xml
.typeSystem_declared_Inports_OutportTypeException.TestExceptionAttribute: initialize() was not invoked, but wrapup() was.  This is unusual, but not always a problem.  For example, exporting JNLP will do this.
6 ms. Memory: 874496K Free: 94026K (11%)
----------------- Invoking toplevel() on ptolemy.moml.MoMLSimpleApplication@6b8fbd3
----------------- Done invoking toplevel() on ptolemy.moml.MoMLSimpleApplication@6b8fbd3
reloadAllAccessors: .typeSystem_declared_Inports_OutportTypeException

===========================================================================================
----------------- testing Mon Nov 26 02:57:59 UTC 2018 /home/travis/build/icyphy/ptII/ptolemy/domains/sdf/test/auto/typeSystem_oneDeclaredInportType_wrongTypeOutport.xml
----------------- Instantiating /home/travis/build/icyphy/ptII/ptolemy/domains/sdf/test/auto/typeSystem_oneDeclaredInportType_wrongTypeOutport.xml
3 ms. Memory: 874496K Free: 83547K (10%)
----------------- Invoking toplevel() on ptolemy.moml.MoMLSimpleApplication@7803b5ae
----------------- Done invoking toplevel() on ptolemy.moml.MoMLSimpleApplication@7803b5ae
reloadAllAccessors: .typeSystem_oneDeclaredInportType_wrongTypeOutport

===========================================================================================
----------------- testing Mon Nov 26 02:57:59 UTC 2018 /home/travis/build/icyphy/ptII/ptolemy/domains/sdf/test/auto/width.xml
----------------- Instantiating /home/travis/build/icyphy/ptII/ptolemy/domains/sdf/test/auto/width.xml
2 ms. Memory: 874496K Free: 77061K (9%)
----------------- Invoking toplevel() on ptolemy.moml.MoMLSimpleApplication@13bcad03
----------------- Done invoking toplevel() on ptolemy.moml.MoMLSimpleApplication@13bcad03
reloadAllAccessors: .width

===========================================================================================
----------------- testing Mon Nov 26 02:57:59 UTC 2018 /home/travis/build/icyphy/ptII/ptolemy/domains/sdf/test/auto/width2.xml
----------------- Instantiating /home/travis/build/icyphy/ptII/ptolemy/domains/sdf/test/auto/width2.xml
31 ms. Memory: 830464K Free: 805838K (97%)
----------------- Invoking toplevel() on ptolemy.moml.MoMLSimpleApplication@21ed17df
----------------- Done invoking toplevel() on ptolemy.moml.MoMLSimpleApplication@21ed17df
reloadAllAccessors: .width2

===========================================================================================
----------------- testing Mon Nov 26 02:57:59 UTC 2018 /home/travis/build/icyphy/ptII/ptolemy/domains/sdf/test/auto/width3.xml
----------------- Instantiating /home/travis/build/icyphy/ptII/ptolemy/domains/sdf/test/auto/width3.xml
23 ms. Memory: 830464K Free: 789336K (95%)
----------------- Invoking toplevel() on ptolemy.moml.MoMLSimpleApplication@2a70c24b
----------------- Done invoking toplevel() on ptolemy.moml.MoMLSimpleApplication@2a70c24b
reloadAllAccessors: .width3
AutoTests.java: About to close Vertx.
AutoTests.java: Vertx closed.
]]></system-out>
  <system-err><![CDATA[java.lang.RuntimeException: Execution failed
	at ptolemy.moml.MoMLSimpleApplication$UnloadThread.run(MoMLSimpleApplication.java:402)
Caused by: ptolemy.actor.sched.NotSchedulableException: No solution exists for the balance equations.
Graph is not consistent under the SDF domain detected on external port .rateConsistency.actor.port2
  in .rateConsistency.SDF Director.Scheduler
	at ptolemy.domains.sdf.kernel.SDFScheduler._propagatePort(SDFScheduler.java:1425)
	at ptolemy.domains.sdf.kernel.SDFScheduler._solveBalanceEquations(SDFScheduler.java:710)
	at ptolemy.domains.sdf.kernel.SDFScheduler._getSchedule(SDFScheduler.java:566)
	at ptolemy.actor.sched.Scheduler.getSchedule(Scheduler.java:189)
	at ptolemy.domains.sdf.kernel.SDFDirector.createSchedule(SDFDirector.java:408)
	at ptolemy.domains.sdf.kernel.SDFDirector.preinitialize(SDFDirector.java:764)
	at ptolemy.actor.CompositeActor.preinitialize(CompositeActor.java:1828)
	at ptolemy.actor.Manager.preinitializeAndResolveTypes(Manager.java:1040)
	at ptolemy.actor.Manager.initialize(Manager.java:710)
	at ptolemy.actor.Manager.execute(Manager.java:356)
	at ptolemy.actor.Manager.run(Manager.java:1263)
	at ptolemy.actor.Manager$PtolemyRunThread.run(Manager.java:1915)
java.lang.RuntimeException: Execution failed
	at ptolemy.moml.MoMLSimpleApplication$UnloadThread.run(MoMLSimpleApplication.java:402)
Caused by: ptolemy.kernel.util.IllegalActionException: Failed to compute schedule:
  in .badRateChanges.typed composite actor.SDF Director
Because:
The SDF rate parameter may change. This is not allowed in SDF models that will be run through the code generator.  If you don't care about code generation, then you might consider setting the allowRateChanges parameter of the SDF director to false.
  in .badRateChanges.typed composite actor.Repeat.output.tokenProductionRate
	at ptolemy.domains.sdf.kernel.SDFDirector.createSchedule(SDFDirector.java:418)
	at ptolemy.domains.sdf.kernel.SDFDirector.preinitialize(SDFDirector.java:764)
	at ptolemy.actor.CompositeActor.preinitialize(CompositeActor.java:1828)
	at ptolemy.actor.Director.preinitialize(Director.java:1302)
	at ptolemy.actor.Director.preinitialize(Director.java:1257)
	at ptolemy.domains.sdf.kernel.SDFDirector.preinitialize(SDFDirector.java:763)
	at ptolemy.actor.CompositeActor.preinitialize(CompositeActor.java:1828)
	at ptolemy.actor.Manager.preinitializeAndResolveTypes(Manager.java:1040)
	at ptolemy.actor.Manager.initialize(Manager.java:710)
	at ptolemy.actor.Manager.execute(Manager.java:356)
	at ptolemy.actor.Manager.run(Manager.java:1263)
	at ptolemy.actor.Manager$PtolemyRunThread.run(Manager.java:1915)
Caused by: ptolemy.kernel.util.IllegalActionException: The SDF rate parameter may change. This is not allowed in SDF models that will be run through the code generator.  If you don't care about code generation, then you might consider setting the allowRateChanges parameter of the SDF director to false.
  in .badRateChanges.typed composite actor.Repeat.output.tokenProductionRate
	at ptolemy.domains.sdf.kernel.SDFScheduler._assertDynamicRateVariable(SDFScheduler.java:931)
	at ptolemy.domains.sdf.kernel.SDFScheduler._checkDynamicRateVariables(SDFScheduler.java:339)
	at ptolemy.domains.sdf.kernel.SDFScheduler._getSchedule(SDFScheduler.java:527)
	at ptolemy.actor.sched.Scheduler.getSchedule(Scheduler.java:189)
	at ptolemy.domains.sdf.kernel.SDFDirector.createSchedule(SDFDirector.java:408)
	... 11 more
java.lang.RuntimeException: Execution failed
	at ptolemy.moml.MoMLSimpleApplication$UnloadThread.run(MoMLSimpleApplication.java:402)
Caused by: ptolemy.kernel.util.IllegalActionException: Failed to compute schedule:
  in .badRateChanges2.typed composite actor.SDF Director
Because:
The SDF rate parameter may change. This is not allowed in SDF models that will be run through the code generator.  If you don't care about code generation, then you might consider setting the allowRateChanges parameter of the SDF director to false.
  in .badRateChanges2.typed composite actor.Repeat.output.tokenProductionRate
	at ptolemy.domains.sdf.kernel.SDFDirector.createSchedule(SDFDirector.java:418)
	at ptolemy.domains.sdf.kernel.SDFDirector.preinitialize(SDFDirector.java:764)
	at ptolemy.actor.CompositeActor.preinitialize(CompositeActor.java:1828)
	at ptolemy.actor.Director.preinitialize(Director.java:1302)
	at ptolemy.actor.Director.preinitialize(Director.java:1257)
	at ptolemy.domains.sdf.kernel.SDFDirector.preinitialize(SDFDirector.java:763)
	at ptolemy.actor.CompositeActor.preinitialize(CompositeActor.java:1828)
	at ptolemy.actor.Manager.preinitializeAndResolveTypes(Manager.java:1040)
	at ptolemy.actor.Manager.initialize(Manager.java:710)
	at ptolemy.actor.Manager.execute(Manager.java:356)
	at ptolemy.actor.Manager.run(Manager.java:1263)
	at ptolemy.actor.Manager$PtolemyRunThread.run(Manager.java:1915)
Caused by: ptolemy.kernel.util.IllegalActionException: The SDF rate parameter may change. This is not allowed in SDF models that will be run through the code generator.  If you don't care about code generation, then you might consider setting the allowRateChanges parameter of the SDF director to false.
  in .badRateChanges2.typed composite actor.Repeat.output.tokenProductionRate
	at ptolemy.domains.sdf.kernel.SDFScheduler._assertDynamicRateVariable(SDFScheduler.java:931)
	at ptolemy.domains.sdf.kernel.SDFScheduler._checkDynamicRateVariables(SDFScheduler.java:339)
	at ptolemy.domains.sdf.kernel.SDFScheduler._getSchedule(SDFScheduler.java:527)
	at ptolemy.actor.sched.Scheduler.getSchedule(Scheduler.java:189)
	at ptolemy.domains.sdf.kernel.SDFDirector.createSchedule(SDFDirector.java:408)
	... 11 more
java.lang.RuntimeException: Execution failed
	at ptolemy.moml.MoMLSimpleApplication$UnloadThread.run(MoMLSimpleApplication.java:402)
Caused by: ptolemy.actor.sched.NotSchedulableException: Actors remain that cannot be scheduled!

There are several possible reasons:
* SDF Graphs with feedback loops should have an actor with a delay in the loop, such as a SampleDelay.
* The SDF director has an "allowDisconnectedGraphs"parameter, which, when true, permits disconnected SDF graphs.
* The token consumption rate and production rates might be mismatched.
Usually, actors produce one token or consume one token on a port.  To produce or consume multiple tokens per firing, add a "tokenConsumptionRate" or "tokenProductionRate" parameter to the appropriate port.
Unscheduled actors:
.partiallyConnected.Const2 
Scheduled actors:
.partiallyConnected.Const 
  in .partiallyConnected.SDF Director.Scheduler
	at ptolemy.domains.sdf.kernel.SDFScheduler._scheduleConnectedActors(SDFScheduler.java:1828)
	at ptolemy.domains.sdf.kernel.SDFScheduler._getSchedule(SDFScheduler.java:587)
	at ptolemy.actor.sched.Scheduler.getSchedule(Scheduler.java:189)
	at ptolemy.domains.sdf.kernel.SDFDirector.createSchedule(SDFDirector.java:408)
	at ptolemy.domains.sdf.kernel.SDFDirector.preinitialize(SDFDirector.java:764)
	at ptolemy.actor.CompositeActor.preinitialize(CompositeActor.java:1828)
	at ptolemy.actor.Manager.preinitializeAndResolveTypes(Manager.java:1040)
	at ptolemy.actor.Manager.initialize(Manager.java:710)
	at ptolemy.actor.Manager.execute(Manager.java:356)
	at ptolemy.actor.Manager.run(Manager.java:1263)
	at ptolemy.actor.Manager$PtolemyRunThread.run(Manager.java:1915)
]]></system-err>
</testsuite>
