<?xml version="1.0" encoding="UTF-8" ?>
<testsuite errors="0" failures="0" hostname="travis-job-64b679a1-518f-444d-bb2e-2de578a48466" name="ptolemy.domains.de.test.junit.JUnitTclTest" skipped="0" tests="101" time="127.612" timestamp="2018-11-27T02:52:57">
  <properties>
[...]
</properties>
  <testcase classname="ptolemy.util.test.junit.TclTests" name="[0] /home/travis/build/icyphy/ptII/ptolemy/domains/de/test/DependencyLoop.tcl (RunTclFile)" time="0.726" />
  <testcase classname="ptolemy.util.test.junit.TclTests" name="[1] /home/travis/build/icyphy/ptII/ptolemy/domains/de/test/RunDETestsAsQSS.tcl (RunTclFile)" time="87.008" />
  <testcase classname="ptolemy.util.test.junit.AutoKnownFailedTests" name="[0] /home/travis/build/icyphy/ptII/ptolemy/domains/de/test/auto/knownFailedTests/DESDFClockTest.xml (RunModel)" time="2.039" />
  <testcase classname="ptolemy.util.test.junit.AutoKnownFailedTests" name="[1] /home/travis/build/icyphy/ptII/ptolemy/domains/de/test/auto/knownFailedTests/DirectFeedback.xml (RunModel)" time="0.012" />
  <testcase classname="ptolemy.util.test.junit.AutoKnownFailedTests" name="[2] /home/travis/build/icyphy/ptII/ptolemy/domains/de/test/auto/knownFailedTests/FSMSource.xml (RunModel)" time="0.018" />
  <testcase classname="ptolemy.util.test.junit.AutoKnownFailedTests" name="[3] /home/travis/build/icyphy/ptII/ptolemy/domains/de/test/auto/knownFailedTests/HierarchicalModel.xml (RunModel)" time="0.051" />
  <testcase classname="ptolemy.util.test.junit.AutoKnownFailedTests" name="[4] /home/travis/build/icyphy/ptII/ptolemy/domains/de/test/auto/knownFailedTests/dependencyLoop.xml (RunModel)" time="0.051" />
  <testcase classname="ptolemy.util.test.junit.AutoKnownFailedTests" name="[5] /home/travis/build/icyphy/ptII/ptolemy/domains/de/test/auto/knownFailedTests/dependencyLoop2.xml (RunModel)" time="0.055" />
  <testcase classname="ptolemy.util.test.junit.AutoNameArchTests" name="[0] ThereAreNoAutoArchTests (RunModel)" time="0.001" />
  <testcase classname="ptolemy.util.test.junit.AutoTests" name="[0] /home/travis/build/icyphy/ptII/ptolemy/domains/de/test/auto/ActorDepthCalculation_actorWithoutPorts.xml (RunModel)" time="0.02" />
  <testcase classname="ptolemy.util.test.junit.AutoTests" name="[1] /home/travis/build/icyphy/ptII/ptolemy/domains/de/test/auto/AssemblyLine.xml (RunModel)" time="0.021" />
  <testcase classname="ptolemy.util.test.junit.AutoTests" name="[2] /home/travis/build/icyphy/ptII/ptolemy/domains/de/test/auto/CQBug1.xml (RunModel)" time="0.011" />
  <testcase classname="ptolemy.util.test.junit.AutoTests" name="[3] /home/travis/build/icyphy/ptII/ptolemy/domains/de/test/auto/CancelFireAt.xml (RunModel)" time="0.006" />
  <testcase classname="ptolemy.util.test.junit.AutoTests" name="[4] /home/travis/build/icyphy/ptII/ptolemy/domains/de/test/auto/CausalityAndComposabilityAnalysis.xml (RunModel)" time="0.01" />
  <testcase classname="ptolemy.util.test.junit.AutoTests" name="[5] /home/travis/build/icyphy/ptII/ptolemy/domains/de/test/auto/CausalityInterface1.xml (RunModel)" time="0.012" />
  <testcase classname="ptolemy.util.test.junit.AutoTests" name="[6] /home/travis/build/icyphy/ptII/ptolemy/domains/de/test/auto/CausalityInterface15.xml (RunModel)" time="0.01" />
  <testcase classname="ptolemy.util.test.junit.AutoTests" name="[7] /home/travis/build/icyphy/ptII/ptolemy/domains/de/test/auto/CausalityInterface2.xml (RunModel)" time="0.008" />
  <testcase classname="ptolemy.util.test.junit.AutoTests" name="[8] /home/travis/build/icyphy/ptII/ptolemy/domains/de/test/auto/CausalityInterface3.xml (RunModel)" time="0.009" />
  <testcase classname="ptolemy.util.test.junit.AutoTests" name="[9] /home/travis/build/icyphy/ptII/ptolemy/domains/de/test/auto/ClockDrift.xml (RunModel)" time="0.032" />
  <testcase classname="ptolemy.util.test.junit.AutoTests" name="[10] /home/travis/build/icyphy/ptII/ptolemy/domains/de/test/auto/ClockDriftAndValueChange.xml (RunModel)" time="0.029" />
  <testcase classname="ptolemy.util.test.junit.AutoTests" name="[11] /home/travis/build/icyphy/ptII/ptolemy/domains/de/test/auto/ClockDriftChange.xml (RunModel)" time="0.032" />
  <testcase classname="ptolemy.util.test.junit.AutoTests" name="[12] /home/travis/build/icyphy/ptII/ptolemy/domains/de/test/auto/ComposableCausalityAnalysis.xml (RunModel)" time="0.02" />
  <testcase classname="ptolemy.util.test.junit.AutoTests" name="[13] /home/travis/build/icyphy/ptII/ptolemy/domains/de/test/auto/DEFixedPointLimitation.xml (RunModel)" time="0.009" />
  <testcase classname="ptolemy.util.test.junit.AutoTests" name="[14] /home/travis/build/icyphy/ptII/ptolemy/domains/de/test/auto/DEScheduleTest.xml (RunModel)" time="0.01" />
  <testcase classname="ptolemy.util.test.junit.AutoTests" name="[15] /home/travis/build/icyphy/ptII/ptolemy/domains/de/test/auto/DEinDEwithStartTimes.xml (RunModel)" time="0.013" />
  <testcase classname="ptolemy.util.test.junit.AutoTests" name="[16] /home/travis/build/icyphy/ptII/ptolemy/domains/de/test/auto/DEinDEwithStartTimes2.xml (RunModel)" time="0.014" />
  <testcase classname="ptolemy.util.test.junit.AutoTests" name="[17] /home/travis/build/icyphy/ptII/ptolemy/domains/de/test/auto/DateDemo.xml (RunModel)" time="0.03" />
  <testcase classname="ptolemy.util.test.junit.AutoTests" name="[18] /home/travis/build/icyphy/ptII/ptolemy/domains/de/test/auto/DateToEvent.xml (RunModel)" time="2.037" />
  <testcase classname="ptolemy.util.test.junit.AutoTests" name="[19] /home/travis/build/icyphy/ptII/ptolemy/domains/de/test/auto/DepthTest1.xml (RunModel)" time="0.006" />
  <testcase classname="ptolemy.util.test.junit.AutoTests" name="[20] /home/travis/build/icyphy/ptII/ptolemy/domains/de/test/auto/DepthTest2.xml (RunModel)" time="0.016" />
  <testcase classname="ptolemy.util.test.junit.AutoTests" name="[21] /home/travis/build/icyphy/ptII/ptolemy/domains/de/test/auto/DepthTest3.xml (RunModel)" time="0.007" />
  <testcase classname="ptolemy.util.test.junit.AutoTests" name="[22] /home/travis/build/icyphy/ptII/ptolemy/domains/de/test/auto/DepthTest4.xml (RunModel)" time="0.012" />
  <testcase classname="ptolemy.util.test.junit.AutoTests" name="[23] /home/travis/build/icyphy/ptII/ptolemy/domains/de/test/auto/DepthTest5.xml (RunModel)" time="0.013" />
  <testcase classname="ptolemy.util.test.junit.AutoTests" name="[24] /home/travis/build/icyphy/ptII/ptolemy/domains/de/test/auto/DepthTest6.xml (RunModel)" time="0.012" />
  <testcase classname="ptolemy.util.test.junit.AutoTests" name="[25] /home/travis/build/icyphy/ptII/ptolemy/domains/de/test/auto/DepthTest7.xml (RunModel)" time="0.011" />
  <testcase classname="ptolemy.util.test.junit.AutoTests" name="[26] /home/travis/build/icyphy/ptII/ptolemy/domains/de/test/auto/EventToDate.xml (RunModel)" time="3.031" />
  <testcase classname="ptolemy.util.test.junit.AutoTests" name="[27] /home/travis/build/icyphy/ptII/ptolemy/domains/de/test/auto/FSM1.xml (RunModel)" time="0.028" />
  <testcase classname="ptolemy.util.test.junit.AutoTests" name="[28] /home/travis/build/icyphy/ptII/ptolemy/domains/de/test/auto/FSM7.xml (RunModel)" time="0.028" />
  <testcase classname="ptolemy.util.test.junit.AutoTests" name="[29] /home/travis/build/icyphy/ptII/ptolemy/domains/de/test/auto/Inspection.xml (RunModel)" time="0.035" />
  <testcase classname="ptolemy.util.test.junit.AutoTests" name="[30] /home/travis/build/icyphy/ptII/ptolemy/domains/de/test/auto/Iteration.xml (RunModel)" time="0.017" />
  <testcase classname="ptolemy.util.test.junit.AutoTests" name="[31] /home/travis/build/icyphy/ptII/ptolemy/domains/de/test/auto/LineFault.xml (RunModel)" time="0.554" />
  <testcase classname="ptolemy.util.test.junit.AutoTests" name="[32] /home/travis/build/icyphy/ptII/ptolemy/domains/de/test/auto/MergeModel1Add.xml (RunModel)" time="0.042" />
  <testcase classname="ptolemy.util.test.junit.AutoTests" name="[33] /home/travis/build/icyphy/ptII/ptolemy/domains/de/test/auto/MergeModel2Add.xml (RunModel)" time="0.034" />
  <testcase classname="ptolemy.util.test.junit.AutoTests" name="[34] /home/travis/build/icyphy/ptII/ptolemy/domains/de/test/auto/MergeModel3Add.xml (RunModel)" time="0.039" />
  <testcase classname="ptolemy.util.test.junit.AutoTests" name="[35] /home/travis/build/icyphy/ptII/ptolemy/domains/de/test/auto/MergeWithoutDiscard.xml (RunModel)" time="0.013" />
  <testcase classname="ptolemy.util.test.junit.AutoTests" name="[36] /home/travis/build/icyphy/ptII/ptolemy/domains/de/test/auto/Modal1.xml (RunModel)" time="0.028" />
  <testcase classname="ptolemy.util.test.junit.AutoTests" name="[37] /home/travis/build/icyphy/ptII/ptolemy/domains/de/test/auto/Modal2.xml (RunModel)" time="0.031" />
  <testcase classname="ptolemy.util.test.junit.AutoTests" name="[38] /home/travis/build/icyphy/ptII/ptolemy/domains/de/test/auto/Modal3.xml (RunModel)" time="0.028" />
  <testcase classname="ptolemy.util.test.junit.AutoTests" name="[39] /home/travis/build/icyphy/ptII/ptolemy/domains/de/test/auto/Modal4.xml (RunModel)" time="0.034" />
  <testcase classname="ptolemy.util.test.junit.AutoTests" name="[40] /home/travis/build/icyphy/ptII/ptolemy/domains/de/test/auto/Modal5.xml (RunModel)" time="0.034" />
  <testcase classname="ptolemy.util.test.junit.AutoTests" name="[41] /home/travis/build/icyphy/ptII/ptolemy/domains/de/test/auto/Modal6.xml (RunModel)" time="0.031" />
  <testcase classname="ptolemy.util.test.junit.AutoTests" name="[42] /home/travis/build/icyphy/ptII/ptolemy/domains/de/test/auto/Modal7.xml (RunModel)" time="0.027" />
  <testcase classname="ptolemy.util.test.junit.AutoTests" name="[43] /home/travis/build/icyphy/ptII/ptolemy/domains/de/test/auto/ModalModel.xml (RunModel)" time="0.142" />
  <testcase classname="ptolemy.util.test.junit.AutoTests" name="[44] /home/travis/build/icyphy/ptII/ptolemy/domains/de/test/auto/ModalSource.xml (RunModel)" time="0.015" />
  <testcase classname="ptolemy.util.test.junit.AutoTests" name="[45] /home/travis/build/icyphy/ptII/ptolemy/domains/de/test/auto/NonInterruptibleTimerZeroDelay.xml (RunModel)" time="0.009" />
  <testcase classname="ptolemy.util.test.junit.AutoTests" name="[46] /home/travis/build/icyphy/ptII/ptolemy/domains/de/test/auto/OpenQueueingNetwork.xml (RunModel)" time="2.218" />
  <testcase classname="ptolemy.util.test.junit.AutoTests" name="[47] /home/travis/build/icyphy/ptII/ptolemy/domains/de/test/auto/OpenQueuingNetwork.xml (RunModel)" time="0.259" />
  <testcase classname="ptolemy.util.test.junit.AutoTests" name="[48] /home/travis/build/icyphy/ptII/ptolemy/domains/de/test/auto/PeriodicSampler.xml (RunModel)" time="0.016" />
  <testcase classname="ptolemy.util.test.junit.AutoTests" name="[49] /home/travis/build/icyphy/ptII/ptolemy/domains/de/test/auto/PersistentIO.xml (RunModel)" time="0.032" />
  <testcase classname="ptolemy.util.test.junit.AutoTests" name="[50] /home/travis/build/icyphy/ptII/ptolemy/domains/de/test/auto/PortParameterResetOnInitialize.xml (RunModel)" time="0.009" />
  <testcase classname="ptolemy.util.test.junit.AutoTests" name="[51] /home/travis/build/icyphy/ptII/ptolemy/domains/de/test/auto/PortParameterUpdates.xml (RunModel)" time="0.016" />
  <testcase classname="ptolemy.util.test.junit.AutoTests" name="[52] /home/travis/build/icyphy/ptII/ptolemy/domains/de/test/auto/QueueAndServer.xml (RunModel)" time="0.023" />
  <testcase classname="ptolemy.util.test.junit.AutoTests" name="[53] /home/travis/build/icyphy/ptII/ptolemy/domains/de/test/auto/Records.xml (RunModel)" time="0.018" />
  <testcase classname="ptolemy.util.test.junit.AutoTests" name="[54] /home/travis/build/icyphy/ptII/ptolemy/domains/de/test/auto/ResetTransitionWithStartTime1.xml (RunModel)" time="0.02" />
  <testcase classname="ptolemy.util.test.junit.AutoTests" name="[55] /home/travis/build/icyphy/ptII/ptolemy/domains/de/test/auto/ResetTransitionWithStartTime2.xml (RunModel)" time="0.027" />
  <testcase classname="ptolemy.util.test.junit.AutoTests" name="[56] /home/travis/build/icyphy/ptII/ptolemy/domains/de/test/auto/ResetTransitionWithStartTime3.xml (RunModel)" time="0.025" />
  <testcase classname="ptolemy.util.test.junit.AutoTests" name="[57] /home/travis/build/icyphy/ptII/ptolemy/domains/de/test/auto/ResetTransitionWithStartTime4.xml (RunModel)" time="0.021" />
  <testcase classname="ptolemy.util.test.junit.AutoTests" name="[58] /home/travis/build/icyphy/ptII/ptolemy/domains/de/test/auto/ResettableTimer1.xml (RunModel)" time="0.01" />
  <testcase classname="ptolemy.util.test.junit.AutoTests" name="[59] /home/travis/build/icyphy/ptII/ptolemy/domains/de/test/auto/ResettableTimer2.xml (RunModel)" time="0.009" />
  <testcase classname="ptolemy.util.test.junit.AutoTests" name="[60] /home/travis/build/icyphy/ptII/ptolemy/domains/de/test/auto/ResettableTimer3.xml (RunModel)" time="0.009" />
  <testcase classname="ptolemy.util.test.junit.AutoTests" name="[61] /home/travis/build/icyphy/ptII/ptolemy/domains/de/test/auto/ResettableTimer4.xml (RunModel)" time="0.008" />
  <testcase classname="ptolemy.util.test.junit.AutoTests" name="[62] /home/travis/build/icyphy/ptII/ptolemy/domains/de/test/auto/ResettableTimer5.xml (RunModel)" time="0.009" />
  <testcase classname="ptolemy.util.test.junit.AutoTests" name="[63] /home/travis/build/icyphy/ptII/ptolemy/domains/de/test/auto/ResettableTimer6.xml (RunModel)" time="0.015" />
  <testcase classname="ptolemy.util.test.junit.AutoTests" name="[64] /home/travis/build/icyphy/ptII/ptolemy/domains/de/test/auto/ServerZeroDelay.xml (RunModel)" time="0.015" />
  <testcase classname="ptolemy.util.test.junit.AutoTests" name="[65] /home/travis/build/icyphy/ptII/ptolemy/domains/de/test/auto/SmartSender.xml (RunModel)" time="3.011" />
  <testcase classname="ptolemy.util.test.junit.AutoTests" name="[66] /home/travis/build/icyphy/ptII/ptolemy/domains/de/test/auto/ThreadedComposite.xml (RunModel)" time="0.15" />
  <testcase classname="ptolemy.util.test.junit.AutoTests" name="[67] /home/travis/build/icyphy/ptII/ptolemy/domains/de/test/auto/Time.xml (RunModel)" time="0.433" />
  <testcase classname="ptolemy.util.test.junit.AutoTests" name="[68] /home/travis/build/icyphy/ptII/ptolemy/domains/de/test/auto/TimeDelayZeroDelay.xml (RunModel)" time="0.01" />
  <testcase classname="ptolemy.util.test.junit.AutoTests" name="[69] /home/travis/build/icyphy/ptII/ptolemy/domains/de/test/auto/TimerZeroDelay.xml (RunModel)" time="0.01" />
  <testcase classname="ptolemy.util.test.junit.AutoTests" name="[70] /home/travis/build/icyphy/ptII/ptolemy/domains/de/test/auto/TimingParadox.xml (RunModel)" time="0.355" />
  <testcase classname="ptolemy.util.test.junit.AutoTests" name="[71] /home/travis/build/icyphy/ptII/ptolemy/domains/de/test/auto/TransferInputs.xml (RunModel)" time="0.009" />
  <testcase classname="ptolemy.util.test.junit.AutoTests" name="[72] /home/travis/build/icyphy/ptII/ptolemy/domains/de/test/auto/TransferOutputs2.xml (RunModel)" time="0.016" />
  <testcase classname="ptolemy.util.test.junit.AutoTests" name="[73] /home/travis/build/icyphy/ptII/ptolemy/domains/de/test/auto/Trilateration.xml (RunModel)" time="11.709" />
  <testcase classname="ptolemy.util.test.junit.AutoTests" name="[74] /home/travis/build/icyphy/ptII/ptolemy/domains/de/test/auto/TwoSigmaDelta.xml (RunModel)" time="2.036" />
  <testcase classname="ptolemy.util.test.junit.AutoTests" name="[75] /home/travis/build/icyphy/ptII/ptolemy/domains/de/test/auto/VariableDelay.xml (RunModel)" time="0.011" />
  <testcase classname="ptolemy.util.test.junit.AutoTests" name="[76] /home/travis/build/icyphy/ptII/ptolemy/domains/de/test/auto/VariableDelay2.xml (RunModel)" time="0.011" />
  <testcase classname="ptolemy.util.test.junit.AutoTests" name="[77] /home/travis/build/icyphy/ptII/ptolemy/domains/de/test/auto/VariableDelayZeroDelay.xml (RunModel)" time="0.011" />
  <testcase classname="ptolemy.util.test.junit.AutoTests" name="[78] /home/travis/build/icyphy/ptII/ptolemy/domains/de/test/auto/VariableDelayZeroDelay2.xml (RunModel)" time="0.01" />
  <testcase classname="ptolemy.util.test.junit.AutoTests" name="[79] /home/travis/build/icyphy/ptII/ptolemy/domains/de/test/auto/deInCt.xml (RunModel)" time="0.013" />
  <testcase classname="ptolemy.util.test.junit.AutoTests" name="[80] /home/travis/build/icyphy/ptII/ptolemy/domains/de/test/auto/deInCt2.xml (RunModel)" time="0.016" />
  <testcase classname="ptolemy.util.test.junit.AutoTests" name="[81] /home/travis/build/icyphy/ptII/ptolemy/domains/de/test/auto/dynamicCausalityInterface1.xml (RunModel)" time="0.035" />
  <testcase classname="ptolemy.util.test.junit.AutoTests" name="[82] /home/travis/build/icyphy/ptII/ptolemy/domains/de/test/auto/fsm_de_test.xml (RunModel)" time="0.029" />
  <testcase classname="ptolemy.util.test.junit.AutoTests" name="[83] /home/travis/build/icyphy/ptII/ptolemy/domains/de/test/auto/functionDependencyReconstruction.xml (RunModel)" time="0.039" />
  <testcase classname="ptolemy.util.test.junit.AutoTests" name="[84] /home/travis/build/icyphy/ptII/ptolemy/domains/de/test/auto/multirate.xml (RunModel)" time="0.02" />
  <testcase classname="ptolemy.util.test.junit.AutoTests" name="[85] /home/travis/build/icyphy/ptII/ptolemy/domains/de/test/auto/multirate2.xml (RunModel)" time="0.018" />
  <testcase classname="ptolemy.util.test.junit.AutoTests" name="[86] /home/travis/build/icyphy/ptII/ptolemy/domains/de/test/auto/realtime.xml (RunModel)" time="10.011" />
  <testcase classname="ptolemy.util.test.junit.AutoTests" name="[87] /home/travis/build/icyphy/ptII/ptolemy/domains/de/test/auto/relationGroup.xml (RunModel)" time="0.011" />
  <testcase classname="ptolemy.util.test.junit.AutoTests" name="[88] /home/travis/build/icyphy/ptII/ptolemy/domains/de/test/auto/relationGroup2.xml (RunModel)" time="0.005" />
  <testcase classname="ptolemy.util.test.junit.AutoTests" name="[89] /home/travis/build/icyphy/ptII/ptolemy/domains/de/test/auto/sortWithOpaquePorts.xml (RunModel)" time="0.008" />
  <testcase classname="ptolemy.util.test.junit.AutoTests" name="[90] /home/travis/build/icyphy/ptII/ptolemy/domains/de/test/auto/transferInputsandOutputs.xml (RunModel)" time="0.018" />
  <testcase classname="ptolemy.util.test.junit.AutoTests" name="[91] /home/travis/build/icyphy/ptII/ptolemy/domains/de/test/auto/triggerType.xml (RunModel)" time="0.012" />
  <system-out><![CDATA[/home/travis/build/icyphy/ptII/ptolemy/domains/de/test/DependencyLoop.tcl
testDefs.tcl: setting time out to 9000 seconds at Tue Nov 27 02:52:57 UTC 2018
14 ms. Memory: 116224K Free: 93402K (80%)
7 ms. Memory: 146944K Free: 135088K (92%)
/home/travis/build/icyphy/ptII/ptolemy/domains/de/test/RunDETestsAsQSS.tcl
Run the DE tests using ptolemy.domains.qss.test.QSSDirectorTest, which extends QSSDirector and prints a message in the constructors.
------------------ testing $PTII/ptolemy/domains/de/test/auto/knownFailedTests/dependencyLoop.xml (Known Failure) 
6 ms. Memory: 146944K Free: 131975K (90%)


==== $PTIIhome/travis/build/icyphy/ptII/ptolemy/domains/de/test/../../../../: Auto Automatic test in file $PTII/ptolemy/domains/de/test/auto/knownFailedTests/dependencyLoop.xml
==== Contents of test case:

	    # FIXME: we should use $relativeFilename here, but it
	    # might have backslashes under Windows, which causes no end
	    # of trouble.
	    createAndExecute $file
	    list {}
	
.... Test generated KNOWN error:
    while executing
ptolemy.kernel.util.IllegalActionException: Found a zero delay loop containing .dependencyLoop.original
  in .dependencyLoop and .dependencyLoop.original
	at ptolemy.actor.util.CausalityInterfaceForComposites._computeOutputPortDepth(CausalityInterfaceForComposites.java:759)
	at ptolemy.actor.util.CausalityInterfaceForComposites._computeInputDepth(CausalityInterfaceForComposites.java:696)
	at ptolemy.actor.util.CausalityInterfaceForComposites._computeOutputPortDepth(CausalityInterfaceForComposites.java:765)
	at ptolemy.actor.util.CausalityInterfaceForComposites._computeInputDepth(CausalityInterfaceForComposites.java:696)
	at ptolemy.actor.util.CausalityInterfaceForComposites._computeOutputPortDepth(CausalityInterfaceForComposites.java:765)
	at ptolemy.actor.util.CausalityInterfaceForComposites._computeInputDepth(CausalityInterfaceForComposites.java:696)
	at ptolemy.actor.util.CausalityInterfaceForComposites._computeActorDepth(CausalityInterfaceForComposites.java:532)
	at ptolemy.actor.util.CausalityInterfaceForComposites.checkForCycles(CausalityInterfaceForComposites.java:96)
	at ptolemy.domains.de.kernel.DEDirector.preinitialize(DEDirector.java:1338)
	at ptolemy.actor.CompositeActor.preinitialize(CompositeActor.java:1828)
	at ptolemy.actor.Manager.preinitializeAndResolveTypes(Manager.java:1040)
	at ptolemy.actor.Manager.initialize(Manager.java:710)
	at ptolemy.actor.Manager.execute(Manager.java:356)
	at ptolemy.actor.Manager.run(Manager.java:1263)
	at ptolemy.actor.Manager$PtolemyRunThread.run(Manager.java:1915)

    while executing
ptolemy.kernel.util.IllegalActionException: Found a zero delay loop containing .dependencyLoop.original
  in .dependencyLoop and .dependencyLoop.original
    while executing
"java::new ptolemy.moml.MoMLSimpleApplication $file
"
    (procedure "createAndExecute" line 2)
    invoked from within
"createAndExecute $file"
    ("uplevel" body line 5)
    invoked from within
"uplevel $contents_of_test"
------------------ testing $PTII/ptolemy/domains/de/test/auto/knownFailedTests/DESDFClockTest.xml (Known Failure) 
2072 ms. Memory: 146944K Free: 116535K (79%)


==== $PTIIhome/travis/build/icyphy/ptII/ptolemy/domains/de/test/../../../../: Auto Automatic test in file $PTII/ptolemy/domains/de/test/auto/knownFailedTests/DESDFClockTest.xml
==== Contents of test case:

	    # FIXME: we should use $relativeFilename here, but it
	    # might have backslashes under Windows, which causes no end
	    # of trouble.
	    createAndExecute $file
	    list {}
	
.... Test generated KNOWN error:
    while executing
ptolemy.kernel.util.IllegalActionException: Actor is not ready to fire.  Perhaps UpSample.prefire() returned false? Try debugging the actor by selecting "Listen to Actor".  Also, for SDF check moml for tokenConsumptionRate on input.
  in .DESDFClockTest.Play Bell.Copy1:SDF Director and .DESDFClockTest.Play Bell.UpSample
	at ptolemy.actor.sched.StaticSchedulingDirector.fire(StaticSchedulingDirector.java:227)
	at ptolemy.domains.sdf.kernel.SDFDirector.fire(SDFDirector.java:500)
	at ptolemy.actor.CompositeActor.fire(CompositeActor.java:455)
	at ptolemy.domains.de.kernel.DEDirector._fire(DEDirector.java:1949)
	at ptolemy.domains.de.kernel.DEDirector.fire(DEDirector.java:502)
	at ptolemy.actor.CompositeActor.fire(CompositeActor.java:455)
	at ptolemy.actor.Manager.iterate(Manager.java:851)
	at ptolemy.actor.Manager.execute(Manager.java:369)
	at ptolemy.actor.Manager.run(Manager.java:1263)
	at ptolemy.actor.Manager$PtolemyRunThread.run(Manager.java:1915)

    while executing
ptolemy.kernel.util.IllegalActionException: Actor is not ready to fire.  Perhaps UpSample.prefire() returned false? Try debugging the actor by selecting "Listen to Actor".  Also, for SDF check moml for tokenConsumptionRate on input.
  in .DESDFClockTest.Play Bell.Copy1:SDF Director and .DESDFClockTest.Play Bell.UpSample
    while executing
"java::new ptolemy.moml.MoMLSimpleApplication $file
"
    (procedure "createAndExecute" line 2)
    invoked from within
"createAndExecute $file"
    ("uplevel" body line 5)
    invoked from within
"uplevel $contents_of_test"
------------------ testing $PTII/ptolemy/domains/de/test/auto/knownFailedTests/FSMSource.xml (Known Failure) 
54 ms. Memory: 146944K Free: 107551K (73%)
!!!! Auto was marked as failing, but now passes
------------------ testing $PTII/ptolemy/domains/de/test/auto/knownFailedTests/dependencyLoop2.xml (Known Failure) 
13 ms. Memory: 146944K Free: 105668K (72%)


==== $PTIIhome/travis/build/icyphy/ptII/ptolemy/domains/de/test/../../../../: Auto Automatic test in file $PTII/ptolemy/domains/de/test/auto/knownFailedTests/dependencyLoop2.xml
==== Contents of test case:

	    # FIXME: we should use $relativeFilename here, but it
	    # might have backslashes under Windows, which causes no end
	    # of trouble.
	    createAndExecute $file
	    list {}
	
.... Test generated KNOWN error:
    while executing
ptolemy.kernel.util.IllegalActionException: Found a zero delay loop containing .dependencyLoop2.original
  in .dependencyLoop2 and .dependencyLoop2.original
	at ptolemy.actor.util.CausalityInterfaceForComposites._computeOutputPortDepth(CausalityInterfaceForComposites.java:759)
	at ptolemy.actor.util.CausalityInterfaceForComposites._computeInputDepth(CausalityInterfaceForComposites.java:696)
	at ptolemy.actor.util.CausalityInterfaceForComposites._computeOutputPortDepth(CausalityInterfaceForComposites.java:765)
	at ptolemy.actor.util.CausalityInterfaceForComposites._computeInputDepth(CausalityInterfaceForComposites.java:696)
	at ptolemy.actor.util.CausalityInterfaceForComposites._computeOutputPortDepth(CausalityInterfaceForComposites.java:765)
	at ptolemy.actor.util.CausalityInterfaceForComposites._computeInputDepth(CausalityInterfaceForComposites.java:696)
	at ptolemy.actor.util.CausalityInterfaceForComposites._computeActorDepth(CausalityInterfaceForComposites.java:532)
	at ptolemy.actor.util.CausalityInterfaceForComposites.checkForCycles(CausalityInterfaceForComposites.java:96)
	at ptolemy.domains.de.kernel.DEDirector.preinitialize(DEDirector.java:1338)
	at ptolemy.actor.CompositeActor.preinitialize(CompositeActor.java:1828)
	at ptolemy.actor.Manager.preinitializeAndResolveTypes(Manager.java:1040)
	at ptolemy.actor.Manager.initialize(Manager.java:710)
	at ptolemy.actor.Manager.execute(Manager.java:356)
	at ptolemy.actor.Manager.run(Manager.java:1263)
	at ptolemy.actor.Manager$PtolemyRunThread.run(Manager.java:1915)

    while executing
ptolemy.kernel.util.IllegalActionException: Found a zero delay loop containing .dependencyLoop2.original
  in .dependencyLoop2 and .dependencyLoop2.original
    while executing
"java::new ptolemy.moml.MoMLSimpleApplication $file
"
    (procedure "createAndExecute" line 2)
    invoked from within
"createAndExecute $file"
    ("uplevel" body line 5)
    invoked from within
"uplevel $contents_of_test"
------------------ testing $PTII/ptolemy/domains/de/test/auto/knownFailedTests/HierarchicalModel.xml (Known Failure) 
4 ms. Memory: 146944K Free: 85171K (58%)


==== $PTIIhome/travis/build/icyphy/ptII/ptolemy/domains/de/test/../../../../: Auto Automatic test in file $PTII/ptolemy/domains/de/test/auto/knownFailedTests/HierarchicalModel.xml
==== Contents of test case:

	    # FIXME: we should use $relativeFilename here, but it
	    # might have backslashes under Windows, which causes no end
	    # of trouble.
	    createAndExecute $file
	    list {}
	
.... Test generated KNOWN error:
    while executing
ptolemy.kernel.util.IllegalActionException: Found a zero delay loop containing .HierarchicalModel.A
  in .HierarchicalModel and .HierarchicalModel.A
	at ptolemy.actor.util.CausalityInterfaceForComposites._computeOutputPortDepth(CausalityInterfaceForComposites.java:759)
	at ptolemy.actor.util.CausalityInterfaceForComposites._computeInputDepth(CausalityInterfaceForComposites.java:696)
	at ptolemy.actor.util.CausalityInterfaceForComposites._computeOutputPortDepth(CausalityInterfaceForComposites.java:765)
	at ptolemy.actor.util.CausalityInterfaceForComposites._computeInputDepth(CausalityInterfaceForComposites.java:696)
	at ptolemy.actor.util.CausalityInterfaceForComposites._computeOutputPortDepth(CausalityInterfaceForComposites.java:765)
	at ptolemy.actor.util.CausalityInterfaceForComposites._computeInputDepth(CausalityInterfaceForComposites.java:696)
	at ptolemy.actor.util.CausalityInterfaceForComposites._computeActorDepth(CausalityInterfaceForComposites.java:532)
	at ptolemy.actor.util.CausalityInterfaceForComposites.checkForCycles(CausalityInterfaceForComposites.java:96)
	at ptolemy.domains.de.kernel.DEDirector.preinitialize(DEDirector.java:1338)
	at ptolemy.actor.CompositeActor.preinitialize(CompositeActor.java:1828)
	at ptolemy.actor.Manager.preinitializeAndResolveTypes(Manager.java:1040)
	at ptolemy.actor.Manager.initialize(Manager.java:710)
	at ptolemy.actor.Manager.execute(Manager.java:356)
	at ptolemy.actor.Manager.run(Manager.java:1263)
	at ptolemy.actor.Manager$PtolemyRunThread.run(Manager.java:1915)

    while executing
ptolemy.kernel.util.IllegalActionException: Found a zero delay loop containing .HierarchicalModel.A
  in .HierarchicalModel and .HierarchicalModel.A
    while executing
"java::new ptolemy.moml.MoMLSimpleApplication $file
"
    (procedure "createAndExecute" line 2)
    invoked from within
"createAndExecute $file"
    ("uplevel" body line 5)
    invoked from within
"uplevel $contents_of_test"
------------------ testing $PTII/ptolemy/domains/de/test/auto/knownFailedTests/DirectFeedback.xml (Known Failure) 
6 ms. Memory: 146944K Free: 141095K (96%)


==== $PTIIhome/travis/build/icyphy/ptII/ptolemy/domains/de/test/../../../../: Auto Automatic test in file $PTII/ptolemy/domains/de/test/auto/knownFailedTests/DirectFeedback.xml
==== Contents of test case:

	    # FIXME: we should use $relativeFilename here, but it
	    # might have backslashes under Windows, which causes no end
	    # of trouble.
	    createAndExecute $file
	    list {}
	
.... Test generated KNOWN error:
    while executing
ptolemy.kernel.util.IllegalActionException: Test fails in iteration 1.
Value was: 1.0. Should have been: 2.0
  in .DirectFeedback.Test
	at ptolemy.actor.lib.Test.fire(Test.java:268)
	at ptolemy.domains.de.kernel.DEDirector._fire(DEDirector.java:1949)
	at ptolemy.domains.de.kernel.DEDirector.fire(DEDirector.java:502)
	at ptolemy.actor.CompositeActor.fire(CompositeActor.java:455)
	at ptolemy.actor.Manager.iterate(Manager.java:851)
	at ptolemy.actor.Manager.execute(Manager.java:369)
	at ptolemy.actor.Manager.run(Manager.java:1263)
	at ptolemy.actor.Manager$PtolemyRunThread.run(Manager.java:1915)

    while executing
ptolemy.kernel.util.IllegalActionException: Test fails in iteration 1.
Value was: 1.0. Should have been: 2.0
  in .DirectFeedback.Test
    while executing
"java::new ptolemy.moml.MoMLSimpleApplication $file
"
    (procedure "createAndExecute" line 2)
    invoked from within
"createAndExecute $file"
    ("uplevel" body line 5)
    invoked from within
"uplevel $contents_of_test"
------------------ testing $PTII/ptolemy/domains/de/test/auto/ActorDepthCalculation_actorWithoutPorts.xml
auto.tcl: Setting watchdog for 200 seconds at Tue Nov 27 02:53:00 UTC 2018
10 ms. Memory: 146944K Free: 132375K (90%)
ptolemy.util.test.WatchDog.cancel(): canceling Tue Nov 27 02:53:00 UTC 2018
auto.tcl: Setting watchdog for 200 seconds at Tue Nov 27 02:53:00 UTC 2018
5 ms. Memory: 146944K Free: 131332K (89%)
ptolemy.util.test.WatchDog.cancel(): canceling Tue Nov 27 02:53:00 UTC 2018
------------------ testing $PTII/ptolemy/domains/de/test/auto/AssemblyLine.xml
auto.tcl: Setting watchdog for 200 seconds at Tue Nov 27 02:53:01 UTC 2018
18 ms. Memory: 208384K Free: 186343K (89%)
ptolemy.util.test.WatchDog.cancel(): canceling Tue Nov 27 02:53:01 UTC 2018
auto.tcl: Setting watchdog for 200 seconds at Tue Nov 27 02:53:01 UTC 2018
24 ms. Memory: 208384K Free: 186343K (89%)
ptolemy.util.test.WatchDog.cancel(): canceling Tue Nov 27 02:53:01 UTC 2018
------------------ testing $PTII/ptolemy/domains/de/test/auto/CQBug1.xml
auto.tcl: Setting watchdog for 200 seconds at Tue Nov 27 02:53:01 UTC 2018
3 ms. Memory: 208384K Free: 197723K (95%)
ptolemy.util.test.WatchDog.cancel(): canceling Tue Nov 27 02:53:01 UTC 2018
auto.tcl: Setting watchdog for 200 seconds at Tue Nov 27 02:53:01 UTC 2018
2 ms. Memory: 208384K Free: 197723K (95%)
ptolemy.util.test.WatchDog.cancel(): canceling Tue Nov 27 02:53:01 UTC 2018
------------------ testing $PTII/ptolemy/domains/de/test/auto/CancelFireAt.xml
auto.tcl: Setting watchdog for 200 seconds at Tue Nov 27 02:53:01 UTC 2018
4 ms. Memory: 208384K Free: 201100K (97%)
ptolemy.util.test.WatchDog.cancel(): canceling Tue Nov 27 02:53:01 UTC 2018
auto.tcl: Setting watchdog for 200 seconds at Tue Nov 27 02:53:01 UTC 2018
2 ms. Memory: 208384K Free: 199005K (95%)
ptolemy.util.test.WatchDog.cancel(): canceling Tue Nov 27 02:53:01 UTC 2018
------------------ testing $PTII/ptolemy/domains/de/test/auto/CausalityAndComposabilityAnalysis.xml
auto.tcl: Setting watchdog for 200 seconds at Tue Nov 27 02:53:01 UTC 2018
24 ms. Memory: 208384K Free: 196510K (94%)
ptolemy.util.test.WatchDog.cancel(): canceling Tue Nov 27 02:53:01 UTC 2018
auto.tcl: Setting watchdog for 200 seconds at Tue Nov 27 02:53:01 UTC 2018
5 ms. Memory: 208384K Free: 196510K (94%)
ptolemy.util.test.WatchDog.cancel(): canceling Tue Nov 27 02:53:01 UTC 2018
------------------ testing $PTII/ptolemy/domains/de/test/auto/CausalityInterface1.xml
auto.tcl: Setting watchdog for 200 seconds at Tue Nov 27 02:53:01 UTC 2018
18 ms. Memory: 208384K Free: 196446K (94%)
ptolemy.util.test.WatchDog.cancel(): canceling Tue Nov 27 02:53:01 UTC 2018
auto.tcl: Setting watchdog for 200 seconds at Tue Nov 27 02:53:01 UTC 2018
3 ms. Memory: 208384K Free: 196446K (94%)
ptolemy.util.test.WatchDog.cancel(): canceling Tue Nov 27 02:53:01 UTC 2018
------------------ testing $PTII/ptolemy/domains/de/test/auto/CausalityInterface15.xml
auto.tcl: Setting watchdog for 200 seconds at Tue Nov 27 02:53:01 UTC 2018
5 ms. Memory: 208384K Free: 196437K (94%)
ptolemy.util.test.WatchDog.cancel(): canceling Tue Nov 27 02:53:01 UTC 2018
auto.tcl: Setting watchdog for 200 seconds at Tue Nov 27 02:53:01 UTC 2018
11 ms. Memory: 208384K Free: 196437K (94%)
ptolemy.util.test.WatchDog.cancel(): canceling Tue Nov 27 02:53:01 UTC 2018
------------------ testing $PTII/ptolemy/domains/de/test/auto/CausalityInterface2.xml
auto.tcl: Setting watchdog for 200 seconds at Tue Nov 27 02:53:01 UTC 2018
4 ms. Memory: 208384K Free: 196420K (94%)
ptolemy.util.test.WatchDog.cancel(): canceling Tue Nov 27 02:53:01 UTC 2018
auto.tcl: Setting watchdog for 200 seconds at Tue Nov 27 02:53:01 UTC 2018
3 ms. Memory: 208384K Free: 196420K (94%)
ptolemy.util.test.WatchDog.cancel(): canceling Tue Nov 27 02:53:01 UTC 2018
------------------ testing $PTII/ptolemy/domains/de/test/auto/CausalityInterface3.xml
auto.tcl: Setting watchdog for 200 seconds at Tue Nov 27 02:53:01 UTC 2018
3 ms. Memory: 208384K Free: 196428K (94%)
ptolemy.util.test.WatchDog.cancel(): canceling Tue Nov 27 02:53:01 UTC 2018
auto.tcl: Setting watchdog for 200 seconds at Tue Nov 27 02:53:01 UTC 2018
7 ms. Memory: 208384K Free: 196428K (94%)
ptolemy.util.test.WatchDog.cancel(): canceling Tue Nov 27 02:53:01 UTC 2018
------------------ testing $PTII/ptolemy/domains/de/test/auto/ClockDrift.xml
auto.tcl: Setting watchdog for 200 seconds at Tue Nov 27 02:53:01 UTC 2018
85 ms. Memory: 208384K Free: 187678K (90%)
ptolemy.util.test.WatchDog.cancel(): canceling Tue Nov 27 02:53:02 UTC 2018
auto.tcl: Setting watchdog for 200 seconds at Tue Nov 27 02:53:02 UTC 2018
67 ms. Memory: 208384K Free: 185585K (89%)
ptolemy.util.test.WatchDog.cancel(): canceling Tue Nov 27 02:53:02 UTC 2018
------------------ testing $PTII/ptolemy/domains/de/test/auto/ClockDriftAndValueChange.xml
auto.tcl: Setting watchdog for 200 seconds at Tue Nov 27 02:53:02 UTC 2018
47 ms. Memory: 208384K Free: 187513K (90%)
ptolemy.util.test.WatchDog.cancel(): canceling Tue Nov 27 02:53:02 UTC 2018
auto.tcl: Setting watchdog for 200 seconds at Tue Nov 27 02:53:02 UTC 2018
39 ms. Memory: 208384K Free: 185420K (89%)
ptolemy.util.test.WatchDog.cancel(): canceling Tue Nov 27 02:53:02 UTC 2018
------------------ testing $PTII/ptolemy/domains/de/test/auto/ClockDriftChange.xml
auto.tcl: Setting watchdog for 200 seconds at Tue Nov 27 02:53:02 UTC 2018
19 ms. Memory: 208384K Free: 190833K (92%)
ptolemy.util.test.WatchDog.cancel(): canceling Tue Nov 27 02:53:02 UTC 2018
auto.tcl: Setting watchdog for 200 seconds at Tue Nov 27 02:53:02 UTC 2018
28 ms. Memory: 208384K Free: 188739K (91%)
ptolemy.util.test.WatchDog.cancel(): canceling Tue Nov 27 02:53:02 UTC 2018
------------------ testing $PTII/ptolemy/domains/de/test/auto/ComposableCausalityAnalysis.xml
auto.tcl: Setting watchdog for 200 seconds at Tue Nov 27 02:53:02 UTC 2018
2 ms. Memory: 208384K Free: 196282K (94%)
ptolemy.util.test.WatchDog.cancel(): canceling Tue Nov 27 02:53:02 UTC 2018
auto.tcl: Setting watchdog for 200 seconds at Tue Nov 27 02:53:02 UTC 2018
2 ms. Memory: 208384K Free: 194188K (93%)
ptolemy.util.test.WatchDog.cancel(): canceling Tue Nov 27 02:53:02 UTC 2018
------------------ testing $PTII/ptolemy/domains/de/test/auto/DEFixedPointLimitation.xml
auto.tcl: Setting watchdog for 200 seconds at Tue Nov 27 02:53:02 UTC 2018
1 ms. Memory: 208384K Free: 196362K (94%)
ptolemy.util.test.WatchDog.cancel(): canceling Tue Nov 27 02:53:02 UTC 2018
auto.tcl: Setting watchdog for 200 seconds at Tue Nov 27 02:53:02 UTC 2018
1 ms. Memory: 208384K Free: 196362K (94%)
ptolemy.util.test.WatchDog.cancel(): canceling Tue Nov 27 02:53:02 UTC 2018
------------------ testing $PTII/ptolemy/domains/de/test/auto/DEScheduleTest.xml
auto.tcl: Setting watchdog for 200 seconds at Tue Nov 27 02:53:02 UTC 2018
3 ms. Memory: 208384K Free: 198492K (95%)
ptolemy.util.test.WatchDog.cancel(): canceling Tue Nov 27 02:53:02 UTC 2018
auto.tcl: Setting watchdog for 200 seconds at Tue Nov 27 02:53:02 UTC 2018
5 ms. Memory: 208384K Free: 196398K (94%)
ptolemy.util.test.WatchDog.cancel(): canceling Tue Nov 27 02:53:02 UTC 2018
------------------ testing $PTII/ptolemy/domains/de/test/auto/DEinDEwithStartTimes.xml
auto.tcl: Setting watchdog for 200 seconds at Tue Nov 27 02:53:02 UTC 2018
4 ms. Memory: 208384K Free: 196368K (94%)
ptolemy.util.test.WatchDog.cancel(): canceling Tue Nov 27 02:53:02 UTC 2018
auto.tcl: Setting watchdog for 200 seconds at Tue Nov 27 02:53:02 UTC 2018
3 ms. Memory: 208384K Free: 194274K (93%)
ptolemy.util.test.WatchDog.cancel(): canceling Tue Nov 27 02:53:02 UTC 2018
------------------ testing $PTII/ptolemy/domains/de/test/auto/DEinDEwithStartTimes2.xml
auto.tcl: Setting watchdog for 200 seconds at Tue Nov 27 02:53:02 UTC 2018
9 ms. Memory: 208384K Free: 196685K (94%)
ptolemy.util.test.WatchDog.cancel(): canceling Tue Nov 27 02:53:02 UTC 2018
auto.tcl: Setting watchdog for 200 seconds at Tue Nov 27 02:53:02 UTC 2018
4 ms. Memory: 208384K Free: 194254K (93%)
ptolemy.util.test.WatchDog.cancel(): canceling Tue Nov 27 02:53:02 UTC 2018
------------------ testing $PTII/ptolemy/domains/de/test/auto/DateDemo.xml
auto.tcl: Setting watchdog for 200 seconds at Tue Nov 27 02:53:02 UTC 2018
8 ms. Memory: 208384K Free: 188812K (91%)
ptolemy.util.test.WatchDog.cancel(): canceling Tue Nov 27 02:53:03 UTC 2018
auto.tcl: Setting watchdog for 200 seconds at Tue Nov 27 02:53:03 UTC 2018
6 ms. Memory: 208384K Free: 186718K (90%)
ptolemy.util.test.WatchDog.cancel(): canceling Tue Nov 27 02:53:03 UTC 2018
------------------ testing $PTII/ptolemy/domains/de/test/auto/DateToEvent.xml
auto.tcl: Setting watchdog for 200 seconds at Tue Nov 27 02:53:03 UTC 2018
2012 ms. Memory: 208384K Free: 183395K (88%)
ptolemy.util.test.WatchDog.cancel(): canceling Tue Nov 27 02:53:05 UTC 2018
auto.tcl: Setting watchdog for 200 seconds at Tue Nov 27 02:53:05 UTC 2018
2005 ms. Memory: 208384K Free: 183395K (88%)
ptolemy.util.test.WatchDog.cancel(): canceling Tue Nov 27 02:53:07 UTC 2018
------------------ testing $PTII/ptolemy/domains/de/test/auto/DepthTest1.xml
auto.tcl: Setting watchdog for 200 seconds at Tue Nov 27 02:53:07 UTC 2018
2 ms. Memory: 208384K Free: 198216K (95%)
ptolemy.util.test.WatchDog.cancel(): canceling Tue Nov 27 02:53:07 UTC 2018
auto.tcl: Setting watchdog for 200 seconds at Tue Nov 27 02:53:07 UTC 2018
2 ms. Memory: 208384K Free: 198216K (95%)
ptolemy.util.test.WatchDog.cancel(): canceling Tue Nov 27 02:53:07 UTC 2018
------------------ testing $PTII/ptolemy/domains/de/test/auto/DepthTest2.xml
auto.tcl: Setting watchdog for 200 seconds at Tue Nov 27 02:53:07 UTC 2018
3 ms. Memory: 208384K Free: 194091K (93%)
ptolemy.util.test.WatchDog.cancel(): canceling Tue Nov 27 02:53:07 UTC 2018
auto.tcl: Setting watchdog for 200 seconds at Tue Nov 27 02:53:07 UTC 2018
3 ms. Memory: 208384K Free: 194091K (93%)
ptolemy.util.test.WatchDog.cancel(): canceling Tue Nov 27 02:53:07 UTC 2018
------------------ testing $PTII/ptolemy/domains/de/test/auto/DepthTest3.xml
auto.tcl: Setting watchdog for 200 seconds at Tue Nov 27 02:53:07 UTC 2018
2 ms. Memory: 208384K Free: 198549K (95%)
ptolemy.util.test.WatchDog.cancel(): canceling Tue Nov 27 02:53:07 UTC 2018
auto.tcl: Setting watchdog for 200 seconds at Tue Nov 27 02:53:07 UTC 2018
2 ms. Memory: 208384K Free: 198549K (95%)
ptolemy.util.test.WatchDog.cancel(): canceling Tue Nov 27 02:53:07 UTC 2018
------------------ testing $PTII/ptolemy/domains/de/test/auto/DepthTest4.xml
auto.tcl: Setting watchdog for 200 seconds at Tue Nov 27 02:53:07 UTC 2018
3 ms. Memory: 208384K Free: 196205K (94%)
ptolemy.util.test.WatchDog.cancel(): canceling Tue Nov 27 02:53:07 UTC 2018
auto.tcl: Setting watchdog for 200 seconds at Tue Nov 27 02:53:07 UTC 2018
2 ms. Memory: 208384K Free: 196205K (94%)
ptolemy.util.test.WatchDog.cancel(): canceling Tue Nov 27 02:53:07 UTC 2018
------------------ testing $PTII/ptolemy/domains/de/test/auto/DepthTest5.xml
auto.tcl: Setting watchdog for 200 seconds at Tue Nov 27 02:53:07 UTC 2018
3 ms. Memory: 208384K Free: 196152K (94%)
ptolemy.util.test.WatchDog.cancel(): canceling Tue Nov 27 02:53:07 UTC 2018
auto.tcl: Setting watchdog for 200 seconds at Tue Nov 27 02:53:07 UTC 2018
3 ms. Memory: 208384K Free: 196152K (94%)
ptolemy.util.test.WatchDog.cancel(): canceling Tue Nov 27 02:53:07 UTC 2018
------------------ testing $PTII/ptolemy/domains/de/test/auto/DepthTest6.xml
auto.tcl: Setting watchdog for 200 seconds at Tue Nov 27 02:53:07 UTC 2018
9 ms. Memory: 208384K Free: 196120K (94%)
ptolemy.util.test.WatchDog.cancel(): canceling Tue Nov 27 02:53:07 UTC 2018
auto.tcl: Setting watchdog for 200 seconds at Tue Nov 27 02:53:07 UTC 2018
2 ms. Memory: 208384K Free: 196120K (94%)
ptolemy.util.test.WatchDog.cancel(): canceling Tue Nov 27 02:53:07 UTC 2018
------------------ testing $PTII/ptolemy/domains/de/test/auto/DepthTest7.xml
auto.tcl: Setting watchdog for 200 seconds at Tue Nov 27 02:53:07 UTC 2018
3 ms. Memory: 208384K Free: 196109K (94%)
ptolemy.util.test.WatchDog.cancel(): canceling Tue Nov 27 02:53:07 UTC 2018
auto.tcl: Setting watchdog for 200 seconds at Tue Nov 27 02:53:07 UTC 2018
2 ms. Memory: 208384K Free: 196109K (94%)
ptolemy.util.test.WatchDog.cancel(): canceling Tue Nov 27 02:53:07 UTC 2018
------------------ testing $PTII/ptolemy/domains/de/test/auto/EventToDate.xml
auto.tcl: Setting watchdog for 200 seconds at Tue Nov 27 02:53:07 UTC 2018
3014 ms. Memory: 208384K Free: 185661K (89%)
ptolemy.util.test.WatchDog.cancel(): canceling Tue Nov 27 02:53:10 UTC 2018
auto.tcl: Setting watchdog for 200 seconds at Tue Nov 27 02:53:10 UTC 2018
3004 ms. Memory: 208384K Free: 185661K (89%)
ptolemy.util.test.WatchDog.cancel(): canceling Tue Nov 27 02:53:13 UTC 2018
------------------ testing $PTII/ptolemy/domains/de/test/auto/FSM1.xml
auto.tcl: Setting watchdog for 200 seconds at Tue Nov 27 02:53:13 UTC 2018
24 ms. Memory: 208384K Free: 189174K (91%)
ptolemy.util.test.WatchDog.cancel(): canceling Tue Nov 27 02:53:14 UTC 2018
auto.tcl: Setting watchdog for 200 seconds at Tue Nov 27 02:53:14 UTC 2018
21 ms. Memory: 208384K Free: 184986K (89%)
ptolemy.util.test.WatchDog.cancel(): canceling Tue Nov 27 02:53:14 UTC 2018
------------------ testing $PTII/ptolemy/domains/de/test/auto/FSM7.xml
auto.tcl: Setting watchdog for 200 seconds at Tue Nov 27 02:53:14 UTC 2018
27 ms. Memory: 208384K Free: 187284K (90%)
ptolemy.util.test.WatchDog.cancel(): canceling Tue Nov 27 02:53:14 UTC 2018
auto.tcl: Setting watchdog for 200 seconds at Tue Nov 27 02:53:14 UTC 2018
22 ms. Memory: 208384K Free: 185190K (89%)
ptolemy.util.test.WatchDog.cancel(): canceling Tue Nov 27 02:53:14 UTC 2018
------------------ testing $PTII/ptolemy/domains/de/test/auto/Inspection.xml
auto.tcl: Setting watchdog for 200 seconds at Tue Nov 27 02:53:14 UTC 2018
40 ms. Memory: 208384K Free: 188778K (91%)
ptolemy.util.test.WatchDog.cancel(): canceling Tue Nov 27 02:53:14 UTC 2018
auto.tcl: Setting watchdog for 200 seconds at Tue Nov 27 02:53:14 UTC 2018
20 ms. Memory: 208384K Free: 186668K (90%)
ptolemy.util.test.WatchDog.cancel(): canceling Tue Nov 27 02:53:14 UTC 2018
------------------ testing $PTII/ptolemy/domains/de/test/auto/Iteration.xml
auto.tcl: Setting watchdog for 200 seconds at Tue Nov 27 02:53:14 UTC 2018
11 ms. Memory: 208384K Free: 195899K (94%)
ptolemy.util.test.WatchDog.cancel(): canceling Tue Nov 27 02:53:14 UTC 2018
auto.tcl: Setting watchdog for 200 seconds at Tue Nov 27 02:53:14 UTC 2018
9 ms. Memory: 208384K Free: 193789K (93%)
ptolemy.util.test.WatchDog.cancel(): canceling Tue Nov 27 02:53:14 UTC 2018
------------------ testing $PTII/ptolemy/domains/de/test/auto/LineFault.xml
auto.tcl: Setting watchdog for 200 seconds at Tue Nov 27 02:53:14 UTC 2018
680 ms. Memory: 208384K Free: 196093K (94%)
ptolemy.util.test.WatchDog.cancel(): canceling Tue Nov 27 02:53:15 UTC 2018
auto.tcl: Setting watchdog for 200 seconds at Tue Nov 27 02:53:15 UTC 2018
504 ms. Memory: 208384K Free: 138827K (67%)
ptolemy.util.test.WatchDog.cancel(): canceling Tue Nov 27 02:53:15 UTC 2018
------------------ testing $PTII/ptolemy/domains/de/test/auto/MergeModel1Add.xml
auto.tcl: Setting watchdog for 200 seconds at Tue Nov 27 02:53:15 UTC 2018
27 ms. Memory: 331264K Free: 298707K (90%)
ptolemy.util.test.WatchDog.cancel(): canceling Tue Nov 27 02:53:16 UTC 2018
auto.tcl: Setting watchdog for 200 seconds at Tue Nov 27 02:53:16 UTC 2018
10 ms. Memory: 331264K Free: 298707K (90%)
ptolemy.util.test.WatchDog.cancel(): canceling Tue Nov 27 02:53:16 UTC 2018
------------------ testing $PTII/ptolemy/domains/de/test/auto/MergeModel2Add.xml
auto.tcl: Setting watchdog for 200 seconds at Tue Nov 27 02:53:16 UTC 2018
9 ms. Memory: 331264K Free: 303995K (92%)
ptolemy.util.test.WatchDog.cancel(): canceling Tue Nov 27 02:53:16 UTC 2018
auto.tcl: Setting watchdog for 200 seconds at Tue Nov 27 02:53:16 UTC 2018
10 ms. Memory: 331264K Free: 300037K (91%)
ptolemy.util.test.WatchDog.cancel(): canceling Tue Nov 27 02:53:16 UTC 2018
------------------ testing $PTII/ptolemy/domains/de/test/auto/MergeModel3Add.xml
auto.tcl: Setting watchdog for 200 seconds at Tue Nov 27 02:53:16 UTC 2018
11 ms. Memory: 331264K Free: 303998K (92%)
ptolemy.util.test.WatchDog.cancel(): canceling Tue Nov 27 02:53:16 UTC 2018
auto.tcl: Setting watchdog for 200 seconds at Tue Nov 27 02:53:16 UTC 2018
8 ms. Memory: 331264K Free: 300056K (91%)
ptolemy.util.test.WatchDog.cancel(): canceling Tue Nov 27 02:53:16 UTC 2018
------------------ testing $PTII/ptolemy/domains/de/test/auto/MergeWithoutDiscard.xml
auto.tcl: Setting watchdog for 200 seconds at Tue Nov 27 02:53:16 UTC 2018
2 ms. Memory: 331264K Free: 320082K (97%)
ptolemy.util.test.WatchDog.cancel(): canceling Tue Nov 27 02:53:16 UTC 2018
auto.tcl: Setting watchdog for 200 seconds at Tue Nov 27 02:53:16 UTC 2018
1 ms. Memory: 331264K Free: 316139K (95%)
ptolemy.util.test.WatchDog.cancel(): canceling Tue Nov 27 02:53:16 UTC 2018
------------------ testing $PTII/ptolemy/domains/de/test/auto/Modal1.xml
auto.tcl: Setting watchdog for 200 seconds at Tue Nov 27 02:53:16 UTC 2018
15 ms. Memory: 331264K Free: 309737K (94%)
ptolemy.util.test.WatchDog.cancel(): canceling Tue Nov 27 02:53:16 UTC 2018
auto.tcl: Setting watchdog for 200 seconds at Tue Nov 27 02:53:16 UTC 2018
11 ms. Memory: 331264K Free: 305794K (92%)
ptolemy.util.test.WatchDog.cancel(): canceling Tue Nov 27 02:53:16 UTC 2018
------------------ testing $PTII/ptolemy/domains/de/test/auto/Modal2.xml
auto.tcl: Setting watchdog for 200 seconds at Tue Nov 27 02:53:16 UTC 2018
20 ms. Memory: 331264K Free: 309626K (93%)
ptolemy.util.test.WatchDog.cancel(): canceling Tue Nov 27 02:53:16 UTC 2018
auto.tcl: Setting watchdog for 200 seconds at Tue Nov 27 02:53:16 UTC 2018
24 ms. Memory: 331264K Free: 305684K (92%)
ptolemy.util.test.WatchDog.cancel(): canceling Tue Nov 27 02:53:16 UTC 2018
------------------ testing $PTII/ptolemy/domains/de/test/auto/Modal3.xml
auto.tcl: Setting watchdog for 200 seconds at Tue Nov 27 02:53:16 UTC 2018
16 ms. Memory: 331264K Free: 309609K (93%)
ptolemy.util.test.WatchDog.cancel(): canceling Tue Nov 27 02:53:16 UTC 2018
auto.tcl: Setting watchdog for 200 seconds at Tue Nov 27 02:53:16 UTC 2018
13 ms. Memory: 331264K Free: 305651K (92%)
ptolemy.util.test.WatchDog.cancel(): canceling Tue Nov 27 02:53:16 UTC 2018
------------------ testing $PTII/ptolemy/domains/de/test/auto/Modal4.xml
auto.tcl: Setting watchdog for 200 seconds at Tue Nov 27 02:53:16 UTC 2018
12 ms. Memory: 331264K Free: 304723K (92%)
ptolemy.util.test.WatchDog.cancel(): canceling Tue Nov 27 02:53:16 UTC 2018
auto.tcl: Setting watchdog for 200 seconds at Tue Nov 27 02:53:16 UTC 2018
13 ms. Memory: 331264K Free: 300765K (91%)
ptolemy.util.test.WatchDog.cancel(): canceling Tue Nov 27 02:53:16 UTC 2018
------------------ testing $PTII/ptolemy/domains/de/test/auto/Modal5.xml
auto.tcl: Setting watchdog for 200 seconds at Tue Nov 27 02:53:16 UTC 2018
20 ms. Memory: 331264K Free: 309626K (93%)
ptolemy.util.test.WatchDog.cancel(): canceling Tue Nov 27 02:53:16 UTC 2018
auto.tcl: Setting watchdog for 200 seconds at Tue Nov 27 02:53:16 UTC 2018
16 ms. Memory: 331264K Free: 305667K (92%)
ptolemy.util.test.WatchDog.cancel(): canceling Tue Nov 27 02:53:17 UTC 2018
------------------ testing $PTII/ptolemy/domains/de/test/auto/Modal6.xml
auto.tcl: Setting watchdog for 200 seconds at Tue Nov 27 02:53:17 UTC 2018
13 ms. Memory: 331264K Free: 309622K (93%)
ptolemy.util.test.WatchDog.cancel(): canceling Tue Nov 27 02:53:17 UTC 2018
auto.tcl: Setting watchdog for 200 seconds at Tue Nov 27 02:53:17 UTC 2018
11 ms. Memory: 331264K Free: 305679K (92%)
ptolemy.util.test.WatchDog.cancel(): canceling Tue Nov 27 02:53:17 UTC 2018
------------------ testing $PTII/ptolemy/domains/de/test/auto/Modal7.xml
auto.tcl: Setting watchdog for 200 seconds at Tue Nov 27 02:53:17 UTC 2018
10 ms. Memory: 331264K Free: 309590K (93%)
ptolemy.util.test.WatchDog.cancel(): canceling Tue Nov 27 02:53:17 UTC 2018
auto.tcl: Setting watchdog for 200 seconds at Tue Nov 27 02:53:17 UTC 2018
10 ms. Memory: 331264K Free: 305648K (92%)
ptolemy.util.test.WatchDog.cancel(): canceling Tue Nov 27 02:53:17 UTC 2018
------------------ testing $PTII/ptolemy/domains/de/test/auto/ModalModel.xml
auto.tcl: Setting watchdog for 200 seconds at Tue Nov 27 02:53:17 UTC 2018
199 ms. Memory: 331264K Free: 248395K (75%)
ptolemy.util.test.WatchDog.cancel(): canceling Tue Nov 27 02:53:17 UTC 2018
auto.tcl: Setting watchdog for 200 seconds at Tue Nov 27 02:53:17 UTC 2018
170 ms. Memory: 331264K Free: 193052K (58%)
ptolemy.util.test.WatchDog.cancel(): canceling Tue Nov 27 02:53:17 UTC 2018
------------------ testing $PTII/ptolemy/domains/de/test/auto/ModalSource.xml
auto.tcl: Setting watchdog for 200 seconds at Tue Nov 27 02:53:17 UTC 2018
5 ms. Memory: 331264K Free: 316351K (95%)
ptolemy.util.test.WatchDog.cancel(): canceling Tue Nov 27 02:53:17 UTC 2018
auto.tcl: Setting watchdog for 200 seconds at Tue Nov 27 02:53:17 UTC 2018
6 ms. Memory: 331264K Free: 312822K (94%)
ptolemy.util.test.WatchDog.cancel(): canceling Tue Nov 27 02:53:17 UTC 2018
------------------ testing $PTII/ptolemy/domains/de/test/auto/NonInterruptibleTimerZeroDelay.xml
auto.tcl: Setting watchdog for 200 seconds at Tue Nov 27 02:53:17 UTC 2018
4 ms. Memory: 331264K Free: 320733K (97%)
ptolemy.util.test.WatchDog.cancel(): canceling Tue Nov 27 02:53:17 UTC 2018
auto.tcl: Setting watchdog for 200 seconds at Tue Nov 27 02:53:17 UTC 2018
3 ms. Memory: 331264K Free: 317189K (96%)
ptolemy.util.test.WatchDog.cancel(): canceling Tue Nov 27 02:53:17 UTC 2018
------------------ testing $PTII/ptolemy/domains/de/test/auto/OpenQueueingNetwork.xml
auto.tcl: Setting watchdog for 200 seconds at Tue Nov 27 02:53:17 UTC 2018
2630 ms. Memory: 573952K Free: 421837K (73%)
ptolemy.util.test.WatchDog.cancel(): canceling Tue Nov 27 02:53:20 UTC 2018
auto.tcl: Setting watchdog for 200 seconds at Tue Nov 27 02:53:20 UTC 2018
2360 ms. Memory: 550912K Free: 330772K (60%)
ptolemy.util.test.WatchDog.cancel(): canceling Tue Nov 27 02:53:22 UTC 2018
------------------ testing $PTII/ptolemy/domains/de/test/auto/OpenQueuingNetwork.xml
auto.tcl: Setting watchdog for 200 seconds at Tue Nov 27 02:53:23 UTC 2018
244 ms. Memory: 549888K Free: 435865K (79%)
ptolemy.util.test.WatchDog.cancel(): canceling Tue Nov 27 02:53:23 UTC 2018
auto.tcl: Setting watchdog for 200 seconds at Tue Nov 27 02:53:23 UTC 2018
216 ms. Memory: 549888K Free: 375587K (68%)
ptolemy.util.test.WatchDog.cancel(): canceling Tue Nov 27 02:53:23 UTC 2018
------------------ testing $PTII/ptolemy/domains/de/test/auto/PeriodicSampler.xml
auto.tcl: Setting watchdog for 200 seconds at Tue Nov 27 02:53:23 UTC 2018
4 ms. Memory: 551936K Free: 536386K (97%)
ptolemy.util.test.WatchDog.cancel(): canceling Tue Nov 27 02:53:23 UTC 2018
auto.tcl: Setting watchdog for 200 seconds at Tue Nov 27 02:53:23 UTC 2018
2 ms. Memory: 551936K Free: 536386K (97%)
ptolemy.util.test.WatchDog.cancel(): canceling Tue Nov 27 02:53:23 UTC 2018
------------------ testing $PTII/ptolemy/domains/de/test/auto/PersistentIO.xml
auto.tcl: Setting watchdog for 200 seconds at Tue Nov 27 02:53:23 UTC 2018
8 ms. Memory: 549376K Free: 529158K (96%)
ptolemy.util.test.WatchDog.cancel(): canceling Tue Nov 27 02:53:23 UTC 2018
auto.tcl: Setting watchdog for 200 seconds at Tue Nov 27 02:53:23 UTC 2018
7 ms. Memory: 549376K Free: 529158K (96%)
ptolemy.util.test.WatchDog.cancel(): canceling Tue Nov 27 02:53:23 UTC 2018
------------------ testing $PTII/ptolemy/domains/de/test/auto/PortParameterResetOnInitialize.xml
auto.tcl: Setting watchdog for 200 seconds at Tue Nov 27 02:53:23 UTC 2018
2 ms. Memory: 551424K Free: 531884K (96%)
ptolemy.util.test.WatchDog.cancel(): canceling Tue Nov 27 02:53:23 UTC 2018
auto.tcl: Setting watchdog for 200 seconds at Tue Nov 27 02:53:23 UTC 2018
3 ms. Memory: 551424K Free: 531884K (96%)
ptolemy.util.test.WatchDog.cancel(): canceling Tue Nov 27 02:53:23 UTC 2018
------------------ testing $PTII/ptolemy/domains/de/test/auto/PortParameterUpdates.xml
auto.tcl: Setting watchdog for 200 seconds at Tue Nov 27 02:53:23 UTC 2018
3 ms. Memory: 549376K Free: 534419K (97%)
ptolemy.util.test.WatchDog.cancel(): canceling Tue Nov 27 02:53:23 UTC 2018
auto.tcl: Setting watchdog for 200 seconds at Tue Nov 27 02:53:23 UTC 2018
4 ms. Memory: 549376K Free: 528939K (96%)
ptolemy.util.test.WatchDog.cancel(): canceling Tue Nov 27 02:53:23 UTC 2018
------------------ testing $PTII/ptolemy/domains/de/test/auto/QueueAndServer.xml
auto.tcl: Setting watchdog for 200 seconds at Tue Nov 27 02:53:23 UTC 2018
7 ms. Memory: 551424K Free: 530951K (96%)
ptolemy.util.test.WatchDog.cancel(): canceling Tue Nov 27 02:53:23 UTC 2018
auto.tcl: Setting watchdog for 200 seconds at Tue Nov 27 02:53:23 UTC 2018
6 ms. Memory: 551424K Free: 530951K (96%)
ptolemy.util.test.WatchDog.cancel(): canceling Tue Nov 27 02:53:23 UTC 2018
------------------ testing $PTII/ptolemy/domains/de/test/auto/Records.xml
auto.tcl: Setting watchdog for 200 seconds at Tue Nov 27 02:53:24 UTC 2018
5 ms. Memory: 549376K Free: 534323K (97%)
ptolemy.util.test.WatchDog.cancel(): canceling Tue Nov 27 02:53:24 UTC 2018
auto.tcl: Setting watchdog for 200 seconds at Tue Nov 27 02:53:24 UTC 2018
2 ms. Memory: 549376K Free: 528843K (96%)
ptolemy.util.test.WatchDog.cancel(): canceling Tue Nov 27 02:53:24 UTC 2018
------------------ testing $PTII/ptolemy/domains/de/test/auto/ResetTransitionWithStartTime1.xml
auto.tcl: Setting watchdog for 200 seconds at Tue Nov 27 02:53:24 UTC 2018
13 ms. Memory: 551424K Free: 530910K (96%)
ptolemy.util.test.WatchDog.cancel(): canceling Tue Nov 27 02:53:24 UTC 2018
auto.tcl: Setting watchdog for 200 seconds at Tue Nov 27 02:53:24 UTC 2018
10 ms. Memory: 551424K Free: 530910K (96%)
ptolemy.util.test.WatchDog.cancel(): canceling Tue Nov 27 02:53:24 UTC 2018
------------------ testing $PTII/ptolemy/domains/de/test/auto/ResetTransitionWithStartTime2.xml
auto.tcl: Setting watchdog for 200 seconds at Tue Nov 27 02:53:24 UTC 2018
9 ms. Memory: 549376K Free: 529083K (96%)
ptolemy.util.test.WatchDog.cancel(): canceling Tue Nov 27 02:53:24 UTC 2018
auto.tcl: Setting watchdog for 200 seconds at Tue Nov 27 02:53:24 UTC 2018
6 ms. Memory: 549376K Free: 529083K (96%)
ptolemy.util.test.WatchDog.cancel(): canceling Tue Nov 27 02:53:24 UTC 2018
------------------ testing $PTII/ptolemy/domains/de/test/auto/ResetTransitionWithStartTime3.xml
auto.tcl: Setting watchdog for 200 seconds at Tue Nov 27 02:53:24 UTC 2018
4 ms. Memory: 550912K Free: 530396K (96%)
ptolemy.util.test.WatchDog.cancel(): canceling Tue Nov 27 02:53:24 UTC 2018
auto.tcl: Setting watchdog for 200 seconds at Tue Nov 27 02:53:24 UTC 2018
5 ms. Memory: 550912K Free: 530396K (96%)
ptolemy.util.test.WatchDog.cancel(): canceling Tue Nov 27 02:53:24 UTC 2018
------------------ testing $PTII/ptolemy/domains/de/test/auto/ResetTransitionWithStartTime4.xml
auto.tcl: Setting watchdog for 200 seconds at Tue Nov 27 02:53:24 UTC 2018
4 ms. Memory: 549376K Free: 528842K (96%)
ptolemy.util.test.WatchDog.cancel(): canceling Tue Nov 27 02:53:24 UTC 2018
auto.tcl: Setting watchdog for 200 seconds at Tue Nov 27 02:53:24 UTC 2018
3 ms. Memory: 549376K Free: 528842K (96%)
ptolemy.util.test.WatchDog.cancel(): canceling Tue Nov 27 02:53:24 UTC 2018
------------------ testing $PTII/ptolemy/domains/de/test/auto/ResettableTimer1.xml
auto.tcl: Setting watchdog for 200 seconds at Tue Nov 27 02:53:24 UTC 2018
2 ms. Memory: 550912K Free: 535869K (97%)
ptolemy.util.test.WatchDog.cancel(): canceling Tue Nov 27 02:53:24 UTC 2018
auto.tcl: Setting watchdog for 200 seconds at Tue Nov 27 02:53:24 UTC 2018
2 ms. Memory: 550912K Free: 535869K (97%)
ptolemy.util.test.WatchDog.cancel(): canceling Tue Nov 27 02:53:24 UTC 2018
------------------ testing $PTII/ptolemy/domains/de/test/auto/ResettableTimer2.xml
auto.tcl: Setting watchdog for 200 seconds at Tue Nov 27 02:53:24 UTC 2018
2 ms. Memory: 549376K Free: 534621K (97%)
ptolemy.util.test.WatchDog.cancel(): canceling Tue Nov 27 02:53:24 UTC 2018
auto.tcl: Setting watchdog for 200 seconds at Tue Nov 27 02:53:24 UTC 2018
2 ms. Memory: 549376K Free: 534621K (97%)
ptolemy.util.test.WatchDog.cancel(): canceling Tue Nov 27 02:53:24 UTC 2018
------------------ testing $PTII/ptolemy/domains/de/test/auto/ResettableTimer3.xml
auto.tcl: Setting watchdog for 200 seconds at Tue Nov 27 02:53:24 UTC 2018
1 ms. Memory: 550912K Free: 535927K (97%)
ptolemy.util.test.WatchDog.cancel(): canceling Tue Nov 27 02:53:24 UTC 2018
auto.tcl: Setting watchdog for 200 seconds at Tue Nov 27 02:53:24 UTC 2018
2 ms. Memory: 550912K Free: 535927K (97%)
ptolemy.util.test.WatchDog.cancel(): canceling Tue Nov 27 02:53:24 UTC 2018
------------------ testing $PTII/ptolemy/domains/de/test/auto/ResettableTimer4.xml
auto.tcl: Setting watchdog for 200 seconds at Tue Nov 27 02:53:24 UTC 2018
1 ms. Memory: 549376K Free: 534634K (97%)
ptolemy.util.test.WatchDog.cancel(): canceling Tue Nov 27 02:53:24 UTC 2018
auto.tcl: Setting watchdog for 200 seconds at Tue Nov 27 02:53:24 UTC 2018
1 ms. Memory: 549376K Free: 534634K (97%)
ptolemy.util.test.WatchDog.cancel(): canceling Tue Nov 27 02:53:24 UTC 2018
------------------ testing $PTII/ptolemy/domains/de/test/auto/ResettableTimer5.xml
auto.tcl: Setting watchdog for 200 seconds at Tue Nov 27 02:53:24 UTC 2018
1 ms. Memory: 550400K Free: 530976K (96%)
ptolemy.util.test.WatchDog.cancel(): canceling Tue Nov 27 02:53:24 UTC 2018
auto.tcl: Setting watchdog for 200 seconds at Tue Nov 27 02:53:24 UTC 2018
1 ms. Memory: 550400K Free: 530976K (96%)
ptolemy.util.test.WatchDog.cancel(): canceling Tue Nov 27 02:53:24 UTC 2018
------------------ testing $PTII/ptolemy/domains/de/test/auto/ResettableTimer6.xml
auto.tcl: Setting watchdog for 200 seconds at Tue Nov 27 02:53:24 UTC 2018
1 ms. Memory: 549376K Free: 529671K (96%)
ptolemy.util.test.WatchDog.cancel(): canceling Tue Nov 27 02:53:24 UTC 2018
auto.tcl: Setting watchdog for 200 seconds at Tue Nov 27 02:53:24 UTC 2018
1 ms. Memory: 549376K Free: 529671K (96%)
ptolemy.util.test.WatchDog.cancel(): canceling Tue Nov 27 02:53:24 UTC 2018
------------------ testing $PTII/ptolemy/domains/de/test/auto/ServerZeroDelay.xml
auto.tcl: Setting watchdog for 200 seconds at Tue Nov 27 02:53:24 UTC 2018
5 ms. Memory: 550400K Free: 535596K (97%)
ptolemy.util.test.WatchDog.cancel(): canceling Tue Nov 27 02:53:24 UTC 2018
auto.tcl: Setting watchdog for 200 seconds at Tue Nov 27 02:53:24 UTC 2018
3 ms. Memory: 550400K Free: 535596K (97%)
ptolemy.util.test.WatchDog.cancel(): canceling Tue Nov 27 02:53:24 UTC 2018
------------------ testing $PTII/ptolemy/domains/de/test/auto/SmartSender.xml
auto.tcl: Setting watchdog for 200 seconds at Tue Nov 27 02:53:24 UTC 2018
3001 ms. Memory: 549376K Free: 529888K (96%)
ptolemy.util.test.WatchDog.cancel(): canceling Tue Nov 27 02:53:27 UTC 2018
auto.tcl: Setting watchdog for 200 seconds at Tue Nov 27 02:53:27 UTC 2018
3002 ms. Memory: 549376K Free: 529888K (96%)
ptolemy.util.test.WatchDog.cancel(): canceling Tue Nov 27 02:53:30 UTC 2018
------------------ testing $PTII/ptolemy/domains/de/test/auto/ThreadedComposite.xml
auto.tcl: Setting watchdog for 200 seconds at Tue Nov 27 02:53:30 UTC 2018
161 ms. Memory: 550400K Free: 510344K (93%)
ptolemy.util.test.WatchDog.cancel(): canceling Tue Nov 27 02:53:31 UTC 2018
auto.tcl: Setting watchdog for 200 seconds at Tue Nov 27 02:53:31 UTC 2018
114 ms. Memory: 550400K Free: 495505K (90%)
ptolemy.util.test.WatchDog.cancel(): canceling Tue Nov 27 02:53:31 UTC 2018
------------------ testing $PTII/ptolemy/domains/de/test/auto/Time.xml
auto.tcl: Setting watchdog for 200 seconds at Tue Nov 27 02:53:31 UTC 2018
522 ms. Memory: 549376K Free: 482586K (88%)
ptolemy.util.test.WatchDog.cancel(): canceling Tue Nov 27 02:53:31 UTC 2018
auto.tcl: Setting watchdog for 200 seconds at Tue Nov 27 02:53:31 UTC 2018
437 ms. Memory: 549376K Free: 427787K (78%)
ptolemy.util.test.WatchDog.cancel(): canceling Tue Nov 27 02:53:32 UTC 2018
------------------ testing $PTII/ptolemy/domains/de/test/auto/TimeDelayZeroDelay.xml
auto.tcl: Setting watchdog for 200 seconds at Tue Nov 27 02:53:32 UTC 2018
1 ms. Memory: 550400K Free: 535285K (97%)
ptolemy.util.test.WatchDog.cancel(): canceling Tue Nov 27 02:53:32 UTC 2018
auto.tcl: Setting watchdog for 200 seconds at Tue Nov 27 02:53:32 UTC 2018
2 ms. Memory: 550400K Free: 535285K (97%)
ptolemy.util.test.WatchDog.cancel(): canceling Tue Nov 27 02:53:32 UTC 2018
------------------ testing $PTII/ptolemy/domains/de/test/auto/TimerZeroDelay.xml
auto.tcl: Setting watchdog for 200 seconds at Tue Nov 27 02:53:32 UTC 2018
4 ms. Memory: 549376K Free: 534534K (97%)
ptolemy.util.test.WatchDog.cancel(): canceling Tue Nov 27 02:53:32 UTC 2018
auto.tcl: Setting watchdog for 200 seconds at Tue Nov 27 02:53:32 UTC 2018
1 ms. Memory: 549376K Free: 534534K (97%)
ptolemy.util.test.WatchDog.cancel(): canceling Tue Nov 27 02:53:32 UTC 2018
------------------ testing $PTII/ptolemy/domains/de/test/auto/TimingParadox.xml
auto.tcl: Setting watchdog for 200 seconds at Tue Nov 27 02:53:32 UTC 2018
344 ms. Memory: 549888K Free: 469115K (85%)
ptolemy.util.test.WatchDog.cancel(): canceling Tue Nov 27 02:53:32 UTC 2018
auto.tcl: Setting watchdog for 200 seconds at Tue Nov 27 02:53:32 UTC 2018
342 ms. Memory: 549888K Free: 436236K (79%)
ptolemy.util.test.WatchDog.cancel(): canceling Tue Nov 27 02:53:33 UTC 2018
------------------ testing $PTII/ptolemy/domains/de/test/auto/TransferInputs.xml
auto.tcl: Setting watchdog for 200 seconds at Tue Nov 27 02:53:33 UTC 2018
1 ms. Memory: 549888K Free: 533950K (97%)
ptolemy.util.test.WatchDog.cancel(): canceling Tue Nov 27 02:53:33 UTC 2018
auto.tcl: Setting watchdog for 200 seconds at Tue Nov 27 02:53:33 UTC 2018
2 ms. Memory: 549888K Free: 533950K (97%)
ptolemy.util.test.WatchDog.cancel(): canceling Tue Nov 27 02:53:33 UTC 2018
------------------ testing $PTII/ptolemy/domains/de/test/auto/TransferOutputs2.xml
auto.tcl: Setting watchdog for 200 seconds at Tue Nov 27 02:53:33 UTC 2018
2 ms. Memory: 549376K Free: 524365K (95%)
ptolemy.util.test.WatchDog.cancel(): canceling Tue Nov 27 02:53:33 UTC 2018
auto.tcl: Setting watchdog for 200 seconds at Tue Nov 27 02:53:33 UTC 2018
2 ms. Memory: 549376K Free: 524365K (95%)
ptolemy.util.test.WatchDog.cancel(): canceling Tue Nov 27 02:53:33 UTC 2018
------------------ testing $PTII/ptolemy/domains/de/test/auto/Trilateration.xml
auto.tcl: Setting watchdog for 200 seconds at Tue Nov 27 02:53:33 UTC 2018
13195 ms. Memory: 766976K Free: 263328K (34%)
ptolemy.util.test.WatchDog.cancel(): canceling Tue Nov 27 02:53:47 UTC 2018
auto.tcl: Setting watchdog for 200 seconds at Tue Nov 27 02:53:47 UTC 2018
10745 ms. Memory: 646144K Free: 125661K (19%)
ptolemy.util.test.WatchDog.cancel(): canceling Tue Nov 27 02:53:58 UTC 2018
------------------ testing $PTII/ptolemy/domains/de/test/auto/TwoSigmaDelta.xml
auto.tcl: Setting watchdog for 200 seconds at Tue Nov 27 02:53:58 UTC 2018
2868 ms. Memory: 649728K Free: 330963K (51%)
ptolemy.util.test.WatchDog.cancel(): canceling Tue Nov 27 02:54:01 UTC 2018
auto.tcl: Setting watchdog for 200 seconds at Tue Nov 27 02:54:01 UTC 2018
2130 ms. Memory: 649728K Free: 104740K (16%)
ptolemy.util.test.WatchDog.cancel(): canceling Tue Nov 27 02:54:03 UTC 2018
------------------ testing $PTII/ptolemy/domains/de/test/auto/VariableDelay.xml
auto.tcl: Setting watchdog for 200 seconds at Tue Nov 27 02:54:03 UTC 2018
9 ms. Memory: 646656K Free: 627219K (97%)
ptolemy.util.test.WatchDog.cancel(): canceling Tue Nov 27 02:54:03 UTC 2018
auto.tcl: Setting watchdog for 200 seconds at Tue Nov 27 02:54:03 UTC 2018
2 ms. Memory: 646656K Free: 627219K (97%)
ptolemy.util.test.WatchDog.cancel(): canceling Tue Nov 27 02:54:03 UTC 2018
------------------ testing $PTII/ptolemy/domains/de/test/auto/VariableDelay2.xml
auto.tcl: Setting watchdog for 200 seconds at Tue Nov 27 02:54:03 UTC 2018
6 ms. Memory: 646144K Free: 627153K (97%)
ptolemy.util.test.WatchDog.cancel(): canceling Tue Nov 27 02:54:03 UTC 2018
auto.tcl: Setting watchdog for 200 seconds at Tue Nov 27 02:54:03 UTC 2018
2 ms. Memory: 646144K Free: 627153K (97%)
ptolemy.util.test.WatchDog.cancel(): canceling Tue Nov 27 02:54:03 UTC 2018
------------------ testing $PTII/ptolemy/domains/de/test/auto/VariableDelayZeroDelay.xml
auto.tcl: Setting watchdog for 200 seconds at Tue Nov 27 02:54:03 UTC 2018
3 ms. Memory: 646144K Free: 621504K (96%)
ptolemy.util.test.WatchDog.cancel(): canceling Tue Nov 27 02:54:03 UTC 2018
auto.tcl: Setting watchdog for 200 seconds at Tue Nov 27 02:54:03 UTC 2018
2 ms. Memory: 646144K Free: 621504K (96%)
ptolemy.util.test.WatchDog.cancel(): canceling Tue Nov 27 02:54:03 UTC 2018
------------------ testing $PTII/ptolemy/domains/de/test/auto/VariableDelayZeroDelay2.xml
auto.tcl: Setting watchdog for 200 seconds at Tue Nov 27 02:54:03 UTC 2018
2 ms. Memory: 649216K Free: 624575K (96%)
ptolemy.util.test.WatchDog.cancel(): canceling Tue Nov 27 02:54:04 UTC 2018
auto.tcl: Setting watchdog for 200 seconds at Tue Nov 27 02:54:04 UTC 2018
2 ms. Memory: 649216K Free: 624575K (96%)
ptolemy.util.test.WatchDog.cancel(): canceling Tue Nov 27 02:54:04 UTC 2018
------------------ testing $PTII/ptolemy/domains/de/test/auto/deInCt.xml
auto.tcl: Setting watchdog for 200 seconds at Tue Nov 27 02:54:04 UTC 2018
0
1
1
1
1
0
0
0
1
1
1
0
0
0
1
1
1
0
0
0
1
1
1
0
0
0
1
1
1
1
1
0
0
0
1
1
1
0
0
0
1
1
1
0
0
0
0
8 ms. Memory: 646144K Free: 621500K (96%)
ptolemy.util.test.WatchDog.cancel(): canceling Tue Nov 27 02:54:04 UTC 2018
auto.tcl: Setting watchdog for 200 seconds at Tue Nov 27 02:54:04 UTC 2018
0
1
1
1
0
0
0
0
1
1
1
0
0
0
1
1
1
0
0
0
1
1
1
1
0
0
0
0
0
0
1
1
1
1
5 ms. Memory: 646144K Free: 621500K (96%)
ptolemy.util.test.WatchDog.cancel(): canceling Tue Nov 27 02:54:04 UTC 2018
------------------ testing $PTII/ptolemy/domains/de/test/auto/deInCt2.xml
auto.tcl: Setting watchdog for 200 seconds at Tue Nov 27 02:54:04 UTC 2018
0
1
1
1
0
0
1
1
1
0
0
1
1
1
0
0
1
1
1
0
0
1
1
1
0
0
1
1
1
0
0
1
1
1
0
0
1
1
1
0
0
0
15 ms. Memory: 648704K Free: 624028K (96%)
ptolemy.util.test.WatchDog.cancel(): canceling Tue Nov 27 02:54:04 UTC 2018
auto.tcl: Setting watchdog for 200 seconds at Tue Nov 27 02:54:04 UTC 2018
0
1
1
1
0
0
1
1
1
0
0
1
1
1
0
0
1
1
1
0
0
1
1
1
0
0
1
1
1
0
0
1
1
1
0
0
1
1
1
0
0
0
8 ms. Memory: 648704K Free: 624028K (96%)
ptolemy.util.test.WatchDog.cancel(): canceling Tue Nov 27 02:54:04 UTC 2018
------------------ testing $PTII/ptolemy/domains/de/test/auto/dynamicCausalityInterface1.xml
auto.tcl: Setting watchdog for 200 seconds at Tue Nov 27 02:54:04 UTC 2018
1 ms. Memory: 646144K Free: 612949K (95%)
ptolemy.util.test.WatchDog.cancel(): canceling Tue Nov 27 02:54:04 UTC 2018
auto.tcl: Setting watchdog for 200 seconds at Tue Nov 27 02:54:04 UTC 2018
1 ms. Memory: 646144K Free: 612949K (95%)
ptolemy.util.test.WatchDog.cancel(): canceling Tue Nov 27 02:54:04 UTC 2018
------------------ testing $PTII/ptolemy/domains/de/test/auto/fsm_de_test.xml
auto.tcl: Setting watchdog for 200 seconds at Tue Nov 27 02:54:04 UTC 2018
6 ms. Memory: 648192K Free: 623438K (96%)
ptolemy.util.test.WatchDog.cancel(): canceling Tue Nov 27 02:54:04 UTC 2018
auto.tcl: Setting watchdog for 200 seconds at Tue Nov 27 02:54:04 UTC 2018
6 ms. Memory: 648192K Free: 614907K (95%)
ptolemy.util.test.WatchDog.cancel(): canceling Tue Nov 27 02:54:04 UTC 2018
------------------ testing $PTII/ptolemy/domains/de/test/auto/functionDependencyReconstruction.xml
auto.tcl: Setting watchdog for 200 seconds at Tue Nov 27 02:54:04 UTC 2018
3 ms. Memory: 646144K Free: 612850K (95%)
ptolemy.util.test.WatchDog.cancel(): canceling Tue Nov 27 02:54:04 UTC 2018
auto.tcl: Setting watchdog for 200 seconds at Tue Nov 27 02:54:04 UTC 2018
2 ms. Memory: 646144K Free: 604303K (94%)
ptolemy.util.test.WatchDog.cancel(): canceling Tue Nov 27 02:54:04 UTC 2018
------------------ testing $PTII/ptolemy/domains/de/test/auto/multirate.xml
auto.tcl: Setting watchdog for 200 seconds at Tue Nov 27 02:54:04 UTC 2018
3 ms. Memory: 648192K Free: 623306K (96%)
ptolemy.util.test.WatchDog.cancel(): canceling Tue Nov 27 02:54:04 UTC 2018
auto.tcl: Setting watchdog for 200 seconds at Tue Nov 27 02:54:04 UTC 2018
3 ms. Memory: 648192K Free: 623306K (96%)
ptolemy.util.test.WatchDog.cancel(): canceling Tue Nov 27 02:54:04 UTC 2018
------------------ testing $PTII/ptolemy/domains/de/test/auto/multirate2.xml
auto.tcl: Setting watchdog for 200 seconds at Tue Nov 27 02:54:04 UTC 2018
2 ms. Memory: 646144K Free: 621446K (96%)
ptolemy.util.test.WatchDog.cancel(): canceling Tue Nov 27 02:54:04 UTC 2018
auto.tcl: Setting watchdog for 200 seconds at Tue Nov 27 02:54:04 UTC 2018
4 ms. Memory: 646144K Free: 621446K (96%)
ptolemy.util.test.WatchDog.cancel(): canceling Tue Nov 27 02:54:04 UTC 2018
------------------ testing $PTII/ptolemy/domains/de/test/auto/realtime.xml
auto.tcl: Setting watchdog for 200 seconds at Tue Nov 27 02:54:04 UTC 2018
10001 ms. Memory: 647680K Free: 622948K (96%)
ptolemy.util.test.WatchDog.cancel(): canceling Tue Nov 27 02:54:14 UTC 2018
auto.tcl: Setting watchdog for 200 seconds at Tue Nov 27 02:54:14 UTC 2018
10001 ms. Memory: 647680K Free: 622948K (96%)
ptolemy.util.test.WatchDog.cancel(): canceling Tue Nov 27 02:54:24 UTC 2018
------------------ testing $PTII/ptolemy/domains/de/test/auto/relationGroup.xml
auto.tcl: Setting watchdog for 200 seconds at Tue Nov 27 02:54:24 UTC 2018
1 ms. Memory: 646144K Free: 621470K (96%)
ptolemy.util.test.WatchDog.cancel(): canceling Tue Nov 27 02:54:24 UTC 2018
auto.tcl: Setting watchdog for 200 seconds at Tue Nov 27 02:54:24 UTC 2018
2 ms. Memory: 646144K Free: 621470K (96%)
ptolemy.util.test.WatchDog.cancel(): canceling Tue Nov 27 02:54:24 UTC 2018
------------------ testing $PTII/ptolemy/domains/de/test/auto/relationGroup2.xml
auto.tcl: Setting watchdog for 200 seconds at Tue Nov 27 02:54:24 UTC 2018
2 ms. Memory: 647680K Free: 623032K (96%)
ptolemy.util.test.WatchDog.cancel(): canceling Tue Nov 27 02:54:24 UTC 2018
auto.tcl: Setting watchdog for 200 seconds at Tue Nov 27 02:54:24 UTC 2018
1 ms. Memory: 647680K Free: 623032K (96%)
ptolemy.util.test.WatchDog.cancel(): canceling Tue Nov 27 02:54:24 UTC 2018
------------------ testing $PTII/ptolemy/domains/de/test/auto/sortWithOpaquePorts.xml
auto.tcl: Setting watchdog for 200 seconds at Tue Nov 27 02:54:24 UTC 2018
2 ms. Memory: 646144K Free: 621498K (96%)
ptolemy.util.test.WatchDog.cancel(): canceling Tue Nov 27 02:54:24 UTC 2018
auto.tcl: Setting watchdog for 200 seconds at Tue Nov 27 02:54:24 UTC 2018
1 ms. Memory: 646144K Free: 621498K (96%)
ptolemy.util.test.WatchDog.cancel(): canceling Tue Nov 27 02:54:24 UTC 2018
------------------ testing $PTII/ptolemy/domains/de/test/auto/transferInputsandOutputs.xml
auto.tcl: Setting watchdog for 200 seconds at Tue Nov 27 02:54:24 UTC 2018
3 ms. Memory: 647168K Free: 622509K (96%)
ptolemy.util.test.WatchDog.cancel(): canceling Tue Nov 27 02:54:24 UTC 2018
auto.tcl: Setting watchdog for 200 seconds at Tue Nov 27 02:54:24 UTC 2018
3 ms. Memory: 647168K Free: 622509K (96%)
ptolemy.util.test.WatchDog.cancel(): canceling Tue Nov 27 02:54:24 UTC 2018
------------------ testing $PTII/ptolemy/domains/de/test/auto/triggerType.xml
auto.tcl: Setting watchdog for 200 seconds at Tue Nov 27 02:54:24 UTC 2018
2 ms. Memory: 646144K Free: 621436K (96%)
ptolemy.util.test.WatchDog.cancel(): canceling Tue Nov 27 02:54:24 UTC 2018
auto.tcl: Setting watchdog for 200 seconds at Tue Nov 27 02:54:24 UTC 2018
1 ms. Memory: 646144K Free: 621436K (96%)
ptolemy.util.test.WatchDog.cancel(): canceling Tue Nov 27 02:54:24 UTC 2018
11/27/18 02:54:24
Failed: 0  Total Tests: 192  ((Passed: 187, Newly Passed: 1)  Known Failed: 5) /home/travis/build/icyphy/ptII/ptolemy/domains/de/test
11/27/18 02:54:24
Failed: 0  Total Tests: 192  ((Passed: 187, Newly Passed: 1)  Known Failed: 5) /home/travis/build/icyphy/ptII/ptolemy/domains/de/test
----------------- testing (KnownFailure) /home/travis/build/icyphy/ptII/ptolemy/domains/de/test/auto/knownFailedTests/DESDFClockTest.xml
2017 ms. Memory: 647168K Free: 611186K (94%)
Known Failure: java.lang.reflect.InvocationTargetException
----------------- testing (KnownFailure) /home/travis/build/icyphy/ptII/ptolemy/domains/de/test/auto/knownFailedTests/DirectFeedback.xml
1 ms. Memory: 647168K Free: 566007K (87%)
Known Failure: java.lang.reflect.InvocationTargetException
----------------- testing (KnownFailure) /home/travis/build/icyphy/ptII/ptolemy/domains/de/test/auto/knownFailedTests/FSMSource.xml
6 ms. Memory: 647168K Free: 520828K (80%)
----------------- testing (KnownFailure) /home/travis/build/icyphy/ptII/ptolemy/domains/de/test/auto/knownFailedTests/HierarchicalModel.xml
2 ms. Memory: 647168K Free: 486928K (75%)
Known Failure: java.lang.reflect.InvocationTargetException
----------------- testing (KnownFailure) /home/travis/build/icyphy/ptII/ptolemy/domains/de/test/auto/knownFailedTests/dependencyLoop.xml
3 ms. Memory: 647168K Free: 430438K (67%)
Known Failure: java.lang.reflect.InvocationTargetException
----------------- testing (KnownFailure) /home/travis/build/icyphy/ptII/ptolemy/domains/de/test/auto/knownFailedTests/dependencyLoop2.xml
3 ms. Memory: 647168K Free: 373948K (58%)
Known Failure: java.lang.reflect.InvocationTargetException
No auto/linux-amd64/*.xml tests in /home/travis/build/icyphy/ptII/ptolemy/domains/de/test
AutoTests.java: About to close Vertx.
AutoTests.java: Vertx closed.

===========================================================================================
----------------- testing Tue Nov 27 02:54:27 UTC 2018 /home/travis/build/icyphy/ptII/ptolemy/domains/de/test/auto/ActorDepthCalculation_actorWithoutPorts.xml
----------------- Instantiating /home/travis/build/icyphy/ptII/ptolemy/domains/de/test/auto/ActorDepthCalculation_actorWithoutPorts.xml
3 ms. Memory: 647168K Free: 317474K (49%)
----------------- Invoking toplevel() on ptolemy.moml.MoMLSimpleApplication@6e673a89
----------------- Done invoking toplevel() on ptolemy.moml.MoMLSimpleApplication@6e673a89
reloadAllAccessors: .ActorDepthCalculation_actorWithoutPorts

===========================================================================================
----------------- testing Tue Nov 27 02:54:27 UTC 2018 /home/travis/build/icyphy/ptII/ptolemy/domains/de/test/auto/AssemblyLine.xml
----------------- Instantiating /home/travis/build/icyphy/ptII/ptolemy/domains/de/test/auto/AssemblyLine.xml
2 ms. Memory: 647168K Free: 294884K (46%)
----------------- Invoking toplevel() on ptolemy.moml.MoMLSimpleApplication@7ea54a1c
----------------- Done invoking toplevel() on ptolemy.moml.MoMLSimpleApplication@7ea54a1c
reloadAllAccessors: .AssemblyLine

===========================================================================================
----------------- testing Tue Nov 27 02:54:27 UTC 2018 /home/travis/build/icyphy/ptII/ptolemy/domains/de/test/auto/CQBug1.xml
----------------- Instantiating /home/travis/build/icyphy/ptII/ptolemy/domains/de/test/auto/CQBug1.xml
0 ms. Memory: 647168K Free: 272295K (42%)
----------------- Invoking toplevel() on ptolemy.moml.MoMLSimpleApplication@42b77f34
----------------- Done invoking toplevel() on ptolemy.moml.MoMLSimpleApplication@42b77f34
reloadAllAccessors: .CQBug1

===========================================================================================
----------------- testing Tue Nov 27 02:54:27 UTC 2018 /home/travis/build/icyphy/ptII/ptolemy/domains/de/test/auto/CancelFireAt.xml
----------------- Instantiating /home/travis/build/icyphy/ptII/ptolemy/domains/de/test/auto/CancelFireAt.xml
1 ms. Memory: 647168K Free: 249705K (39%)
----------------- Invoking toplevel() on ptolemy.moml.MoMLSimpleApplication@6bbb0d05
----------------- Done invoking toplevel() on ptolemy.moml.MoMLSimpleApplication@6bbb0d05
reloadAllAccessors: .CancelFireAt

===========================================================================================
----------------- testing Tue Nov 27 02:54:27 UTC 2018 /home/travis/build/icyphy/ptII/ptolemy/domains/de/test/auto/CausalityAndComposabilityAnalysis.xml
----------------- Instantiating /home/travis/build/icyphy/ptII/ptolemy/domains/de/test/auto/CausalityAndComposabilityAnalysis.xml
2 ms. Memory: 647168K Free: 227116K (35%)
----------------- Invoking toplevel() on ptolemy.moml.MoMLSimpleApplication@52fa0e7a
----------------- Done invoking toplevel() on ptolemy.moml.MoMLSimpleApplication@52fa0e7a
reloadAllAccessors: .CausalityAndComposabilityAnalysis

===========================================================================================
----------------- testing Tue Nov 27 02:54:27 UTC 2018 /home/travis/build/icyphy/ptII/ptolemy/domains/de/test/auto/CausalityInterface1.xml
----------------- Instantiating /home/travis/build/icyphy/ptII/ptolemy/domains/de/test/auto/CausalityInterface1.xml
3 ms. Memory: 647168K Free: 204526K (32%)
----------------- Invoking toplevel() on ptolemy.moml.MoMLSimpleApplication@3e858b1c
----------------- Done invoking toplevel() on ptolemy.moml.MoMLSimpleApplication@3e858b1c
reloadAllAccessors: .CausalityInterface1

===========================================================================================
----------------- testing Tue Nov 27 02:54:27 UTC 2018 /home/travis/build/icyphy/ptII/ptolemy/domains/de/test/auto/CausalityInterface15.xml
----------------- Instantiating /home/travis/build/icyphy/ptII/ptolemy/domains/de/test/auto/CausalityInterface15.xml
1 ms. Memory: 647168K Free: 181937K (28%)
----------------- Invoking toplevel() on ptolemy.moml.MoMLSimpleApplication@7f835d9d
----------------- Done invoking toplevel() on ptolemy.moml.MoMLSimpleApplication@7f835d9d
reloadAllAccessors: .CausalityInterface15

[...]
java.lang.RuntimeException: Execution failed
	at ptolemy.moml.MoMLSimpleApplication$UnloadThread.run(MoMLSimpleApplication.java:402)
Caused by: ptolemy.kernel.util.IllegalActionException: Test fails in iteration 1.
Value was: 1.0. Should have been: 2.0
  in .DirectFeedback.Test
	at ptolemy.actor.lib.Test.fire(Test.java:268)
	at ptolemy.domains.de.kernel.DEDirector._fire(DEDirector.java:1949)
	at ptolemy.domains.de.kernel.DEDirector.fire(DEDirector.java:502)
	at ptolemy.actor.CompositeActor.fire(CompositeActor.java:455)
	at ptolemy.actor.Manager.iterate(Manager.java:851)
	at ptolemy.actor.Manager.execute(Manager.java:369)
	at ptolemy.actor.Manager.run(Manager.java:1263)
	at ptolemy.actor.Manager$PtolemyRunThread.run(Manager.java:1915)
java.lang.RuntimeException: Execution failed
	at ptolemy.moml.MoMLSimpleApplication$UnloadThread.run(MoMLSimpleApplication.java:402)
Caused by: ptolemy.kernel.util.IllegalActionException: Actor is not ready to fire.  Perhaps UpSample.prefire() returned false? Try debugging the actor by selecting "Listen to Actor".  Also, for SDF check moml for tokenConsumptionRate on input.
  in .DESDFClockTest.Play Bell.Copy1:SDF Director and .DESDFClockTest.Play Bell.UpSample
	at ptolemy.actor.sched.StaticSchedulingDirector.fire(StaticSchedulingDirector.java:227)
	at ptolemy.domains.sdf.kernel.SDFDirector.fire(SDFDirector.java:500)
	at ptolemy.actor.CompositeActor.fire(CompositeActor.java:455)
	at ptolemy.domains.de.kernel.DEDirector._fire(DEDirector.java:1949)
	at ptolemy.domains.de.kernel.DEDirector.fire(DEDirector.java:502)
	at ptolemy.actor.CompositeActor.fire(CompositeActor.java:455)
	at ptolemy.actor.Manager.iterate(Manager.java:851)
	at ptolemy.actor.Manager.execute(Manager.java:369)
	at ptolemy.actor.Manager.run(Manager.java:1263)
	at ptolemy.actor.Manager$PtolemyRunThread.run(Manager.java:1915)
java.lang.reflect.InvocationTargetException
	at sun.reflect.NativeConstructorAccessorImpl.newInstance0(Native Method)
	at sun.reflect.NativeConstructorAccessorImpl.newInstance(NativeConstructorAccessorImpl.java:62)
	at sun.reflect.DelegatingConstructorAccessorImpl.newInstance(DelegatingConstructorAccessorImpl.java:45)
	at java.lang.reflect.Constructor.newInstance(Constructor.java:423)
	at ptolemy.util.test.junit.AutoKnownFailedTests.RunModel(AutoKnownFailedTests.java:105)
	at sun.reflect.NativeMethodAccessorImpl.invoke0(Native Method)
	at sun.reflect.NativeMethodAccessorImpl.invoke(NativeMethodAccessorImpl.java:62)
	at sun.reflect.DelegatingMethodAccessorImpl.invoke(DelegatingMethodAccessorImpl.java:43)
	at java.lang.reflect.Method.invoke(Method.java:498)
	at org.junit.runners.model.FrameworkMethod$1.runReflectiveCall(FrameworkMethod.java:44)
	at org.junit.internal.runners.model.ReflectiveCallable.run(ReflectiveCallable.java:15)
	at org.junit.runners.model.FrameworkMethod.invokeExplosively(FrameworkMethod.java:41)
	at junitparams.internal.InvokeParameterisedMethod.evaluate(InvokeParameterisedMethod.java:102)
	at org.junit.internal.runners.statements.FailOnTimeout$1.run(FailOnTimeout.java:28)
Caused by: ptolemy.kernel.util.IllegalActionException: Actor is not ready to fire.  Perhaps UpSample.prefire() returned false? Try debugging the actor by selecting "Listen to Actor".  Also, for SDF check moml for tokenConsumptionRate on input.
  in .DESDFClockTest.Play Bell.Copy1:SDF Director and .DESDFClockTest.Play Bell.UpSample
	at ptolemy.actor.sched.StaticSchedulingDirector.fire(StaticSchedulingDirector.java:227)
	at ptolemy.domains.sdf.kernel.SDFDirector.fire(SDFDirector.java:500)
	at ptolemy.actor.CompositeActor.fire(CompositeActor.java:455)
	at ptolemy.domains.de.kernel.DEDirector._fire(DEDirector.java:1949)
	at ptolemy.domains.de.kernel.DEDirector.fire(DEDirector.java:502)
	at ptolemy.actor.CompositeActor.fire(CompositeActor.java:455)
	at ptolemy.actor.Manager.iterate(Manager.java:851)
	at ptolemy.actor.Manager.execute(Manager.java:369)
	at ptolemy.actor.Manager.run(Manager.java:1263)
	at ptolemy.actor.Manager$PtolemyRunThread.run(Manager.java:1915)
java.lang.RuntimeException: Execution failed
	at ptolemy.moml.MoMLSimpleApplication$UnloadThread.run(MoMLSimpleApplication.java:402)
Caused by: ptolemy.kernel.util.IllegalActionException: Test fails in iteration 1.
Value was: 1.0. Should have been: 2.0
  in .DirectFeedback.Test
	at ptolemy.actor.lib.Test.fire(Test.java:268)
	at ptolemy.domains.de.kernel.DEDirector._fire(DEDirector.java:1949)
	at ptolemy.domains.de.kernel.DEDirector.fire(DEDirector.java:502)
	at ptolemy.actor.CompositeActor.fire(CompositeActor.java:455)
	at ptolemy.actor.Manager.iterate(Manager.java:851)
	at ptolemy.actor.Manager.execute(Manager.java:369)
	at ptolemy.actor.Manager.run(Manager.java:1263)
	at ptolemy.actor.Manager$PtolemyRunThread.run(Manager.java:1915)
java.lang.reflect.InvocationTargetException
	at sun.reflect.NativeConstructorAccessorImpl.newInstance0(Native Method)
	at sun.reflect.NativeConstructorAccessorImpl.newInstance(NativeConstructorAccessorImpl.java:62)
	at sun.reflect.DelegatingConstructorAccessorImpl.newInstance(DelegatingConstructorAccessorImpl.java:45)
	at java.lang.reflect.Constructor.newInstance(Constructor.java:423)
	at ptolemy.util.test.junit.AutoKnownFailedTests.RunModel(AutoKnownFailedTests.java:105)
	at sun.reflect.NativeMethodAccessorImpl.invoke0(Native Method)
	at sun.reflect.NativeMethodAccessorImpl.invoke(NativeMethodAccessorImpl.java:62)
	at sun.reflect.DelegatingMethodAccessorImpl.invoke(DelegatingMethodAccessorImpl.java:43)
	at java.lang.reflect.Method.invoke(Method.java:498)
	at org.junit.runners.model.FrameworkMethod$1.runReflectiveCall(FrameworkMethod.java:44)
	at org.junit.internal.runners.model.ReflectiveCallable.run(ReflectiveCallable.java:15)
	at org.junit.runners.model.FrameworkMethod.invokeExplosively(FrameworkMethod.java:41)
	at junitparams.internal.InvokeParameterisedMethod.evaluate(InvokeParameterisedMethod.java:102)
	at org.junit.internal.runners.statements.FailOnTimeout$1.run(FailOnTimeout.java:28)
Caused by: ptolemy.kernel.util.IllegalActionException: Test fails in iteration 1.
Value was: 1.0. Should have been: 2.0
  in .DirectFeedback.Test
	at ptolemy.actor.lib.Test.fire(Test.java:268)
	at ptolemy.domains.de.kernel.DEDirector._fire(DEDirector.java:1949)
	at ptolemy.domains.de.kernel.DEDirector.fire(DEDirector.java:502)
	at ptolemy.actor.CompositeActor.fire(CompositeActor.java:455)
	at ptolemy.actor.Manager.iterate(Manager.java:851)
	at ptolemy.actor.Manager.execute(Manager.java:369)
	at ptolemy.actor.Manager.run(Manager.java:1263)
	at ptolemy.actor.Manager$PtolemyRunThread.run(Manager.java:1915)
java.lang.RuntimeException: Execution failed
	at ptolemy.moml.MoMLSimpleApplication$UnloadThread.run(MoMLSimpleApplication.java:402)
Caused by: ptolemy.kernel.util.IllegalActionException: Found a zero delay loop containing .HierarchicalModel.A
  in .HierarchicalModel and .HierarchicalModel.A
	at ptolemy.actor.util.CausalityInterfaceForComposites._computeOutputPortDepth(CausalityInterfaceForComposites.java:759)
	at ptolemy.actor.util.CausalityInterfaceForComposites._computeInputDepth(CausalityInterfaceForComposites.java:696)
	at ptolemy.actor.util.CausalityInterfaceForComposites._computeOutputPortDepth(CausalityInterfaceForComposites.java:765)
	at ptolemy.actor.util.CausalityInterfaceForComposites._computeInputDepth(CausalityInterfaceForComposites.java:696)
	at ptolemy.actor.util.CausalityInterfaceForComposites._computeOutputPortDepth(CausalityInterfaceForComposites.java:765)
	at ptolemy.actor.util.CausalityInterfaceForComposites._computeInputDepth(CausalityInterfaceForComposites.java:696)
	at ptolemy.actor.util.CausalityInterfaceForComposites._computeActorDepth(CausalityInterfaceForComposites.java:532)
	at ptolemy.actor.util.CausalityInterfaceForComposites.checkForCycles(CausalityInterfaceForComposites.java:96)
	at ptolemy.domains.de.kernel.DEDirector.preinitialize(DEDirector.java:1338)
	at ptolemy.actor.CompositeActor.preinitialize(CompositeActor.java:1828)
	at ptolemy.actor.Manager.preinitializeAndResolveTypes(Manager.java:1040)
	at ptolemy.actor.Manager.initialize(Manager.java:710)
	at ptolemy.actor.Manager.execute(Manager.java:356)
	at ptolemy.actor.Manager.run(Manager.java:1263)
	at ptolemy.actor.Manager$PtolemyRunThread.run(Manager.java:1915)
java.lang.reflect.InvocationTargetException
	at sun.reflect.NativeConstructorAccessorImpl.newInstance0(Native Method)
	at sun.reflect.NativeConstructorAccessorImpl.newInstance(NativeConstructorAccessorImpl.java:62)
	at sun.reflect.DelegatingConstructorAccessorImpl.newInstance(DelegatingConstructorAccessorImpl.java:45)
	at java.lang.reflect.Constructor.newInstance(Constructor.java:423)
	at ptolemy.util.test.junit.AutoKnownFailedTests.RunModel(AutoKnownFailedTests.java:105)
	at sun.reflect.NativeMethodAccessorImpl.invoke0(Native Method)
	at sun.reflect.NativeMethodAccessorImpl.invoke(NativeMethodAccessorImpl.java:62)
	at sun.reflect.DelegatingMethodAccessorImpl.invoke(DelegatingMethodAccessorImpl.java:43)
	at java.lang.reflect.Method.invoke(Method.java:498)
	at org.junit.runners.model.FrameworkMethod$1.runReflectiveCall(FrameworkMethod.java:44)
	at org.junit.internal.runners.model.ReflectiveCallable.run(ReflectiveCallable.java:15)
	at org.junit.runners.model.FrameworkMethod.invokeExplosively(FrameworkMethod.java:41)
	at junitparams.internal.InvokeParameterisedMethod.evaluate(InvokeParameterisedMethod.java:102)
	at org.junit.internal.runners.statements.FailOnTimeout$1.run(FailOnTimeout.java:28)
Caused by: ptolemy.kernel.util.IllegalActionException: Found a zero delay loop containing .HierarchicalModel.A
  in .HierarchicalModel and .HierarchicalModel.A
	at ptolemy.actor.util.CausalityInterfaceForComposites._computeOutputPortDepth(CausalityInterfaceForComposites.java:759)
	at ptolemy.actor.util.CausalityInterfaceForComposites._computeInputDepth(CausalityInterfaceForComposites.java:696)
	at ptolemy.actor.util.CausalityInterfaceForComposites._computeOutputPortDepth(CausalityInterfaceForComposites.java:765)
	at ptolemy.actor.util.CausalityInterfaceForComposites._computeInputDepth(CausalityInterfaceForComposites.java:696)
	at ptolemy.actor.util.CausalityInterfaceForComposites._computeOutputPortDepth(CausalityInterfaceForComposites.java:765)
	at ptolemy.actor.util.CausalityInterfaceForComposites._computeInputDepth(CausalityInterfaceForComposites.java:696)
	at ptolemy.actor.util.CausalityInterfaceForComposites._computeActorDepth(CausalityInterfaceForComposites.java:532)
	at ptolemy.actor.util.CausalityInterfaceForComposites.checkForCycles(CausalityInterfaceForComposites.java:96)
	at ptolemy.domains.de.kernel.DEDirector.preinitialize(DEDirector.java:1338)
	at ptolemy.actor.CompositeActor.preinitialize(CompositeActor.java:1828)
	at ptolemy.actor.Manager.preinitializeAndResolveTypes(Manager.java:1040)
	at ptolemy.actor.Manager.initialize(Manager.java:710)
	at ptolemy.actor.Manager.execute(Manager.java:356)
	at ptolemy.actor.Manager.run(Manager.java:1263)
	at ptolemy.actor.Manager$PtolemyRunThread.run(Manager.java:1915)
java.lang.RuntimeException: Execution failed
	at ptolemy.moml.MoMLSimpleApplication$UnloadThread.run(MoMLSimpleApplication.java:402)
Caused by: ptolemy.kernel.util.IllegalActionException: Found a zero delay loop containing .dependencyLoop.original
  in .dependencyLoop and .dependencyLoop.original
	at ptolemy.actor.util.CausalityInterfaceForComposites._computeOutputPortDepth(CausalityInterfaceForComposites.java:759)
	at ptolemy.actor.util.CausalityInterfaceForComposites._computeInputDepth(CausalityInterfaceForComposites.java:696)
	at ptolemy.actor.util.CausalityInterfaceForComposites._computeOutputPortDepth(CausalityInterfaceForComposites.java:765)
	at ptolemy.actor.util.CausalityInterfaceForComposites._computeInputDepth(CausalityInterfaceForComposites.java:696)
	at ptolemy.actor.util.CausalityInterfaceForComposites._computeOutputPortDepth(CausalityInterfaceForComposites.java:765)
	at ptolemy.actor.util.CausalityInterfaceForComposites._computeInputDepth(CausalityInterfaceForComposites.java:696)
	at ptolemy.actor.util.CausalityInterfaceForComposites._computeActorDepth(CausalityInterfaceForComposites.java:532)
	at ptolemy.actor.util.CausalityInterfaceForComposites.checkForCycles(CausalityInterfaceForComposites.java:96)
	at ptolemy.domains.de.kernel.DEDirector.preinitialize(DEDirector.java:1338)
	at ptolemy.actor.CompositeActor.preinitialize(CompositeActor.java:1828)
	at ptolemy.actor.Manager.preinitializeAndResolveTypes(Manager.java:1040)
	at ptolemy.actor.Manager.initialize(Manager.java:710)
	at ptolemy.actor.Manager.execute(Manager.java:356)
	at ptolemy.actor.Manager.run(Manager.java:1263)
	at ptolemy.actor.Manager$PtolemyRunThread.run(Manager.java:1915)
java.lang.reflect.InvocationTargetException
	at sun.reflect.NativeConstructorAccessorImpl.newInstance0(Native Method)
	at sun.reflect.NativeConstructorAccessorImpl.newInstance(NativeConstructorAccessorImpl.java:62)
	at sun.reflect.DelegatingConstructorAccessorImpl.newInstance(DelegatingConstructorAccessorImpl.java:45)
	at java.lang.reflect.Constructor.newInstance(Constructor.java:423)
	at ptolemy.util.test.junit.AutoKnownFailedTests.RunModel(AutoKnownFailedTests.java:105)
	at sun.reflect.NativeMethodAccessorImpl.invoke0(Native Method)
	at sun.reflect.NativeMethodAccessorImpl.invoke(NativeMethodAccessorImpl.java:62)
	at sun.reflect.DelegatingMethodAccessorImpl.invoke(DelegatingMethodAccessorImpl.java:43)
	at java.lang.reflect.Method.invoke(Method.java:498)
	at org.junit.runners.model.FrameworkMethod$1.runReflectiveCall(FrameworkMethod.java:44)
	at org.junit.internal.runners.model.ReflectiveCallable.run(ReflectiveCallable.java:15)
	at org.junit.runners.model.FrameworkMethod.invokeExplosively(FrameworkMethod.java:41)
	at junitparams.internal.InvokeParameterisedMethod.evaluate(InvokeParameterisedMethod.java:102)
	at org.junit.internal.runners.statements.FailOnTimeout$1.run(FailOnTimeout.java:28)
Caused by: ptolemy.kernel.util.IllegalActionException: Found a zero delay loop containing .dependencyLoop.original
  in .dependencyLoop and .dependencyLoop.original
	at ptolemy.actor.util.CausalityInterfaceForComposites._computeOutputPortDepth(CausalityInterfaceForComposites.java:759)
	at ptolemy.actor.util.CausalityInterfaceForComposites._computeInputDepth(CausalityInterfaceForComposites.java:696)
	at ptolemy.actor.util.CausalityInterfaceForComposites._computeOutputPortDepth(CausalityInterfaceForComposites.java:765)
	at ptolemy.actor.util.CausalityInterfaceForComposites._computeInputDepth(CausalityInterfaceForComposites.java:696)
	at ptolemy.actor.util.CausalityInterfaceForComposites._computeOutputPortDepth(CausalityInterfaceForComposites.java:765)
	at ptolemy.actor.util.CausalityInterfaceForComposites._computeInputDepth(CausalityInterfaceForComposites.java:696)
	at ptolemy.actor.util.CausalityInterfaceForComposites._computeActorDepth(CausalityInterfaceForComposites.java:532)
	at ptolemy.actor.util.CausalityInterfaceForComposites.checkForCycles(CausalityInterfaceForComposites.java:96)
	at ptolemy.domains.de.kernel.DEDirector.preinitialize(DEDirector.java:1338)
	at ptolemy.actor.CompositeActor.preinitialize(CompositeActor.java:1828)
	at ptolemy.actor.Manager.preinitializeAndResolveTypes(Manager.java:1040)
	at ptolemy.actor.Manager.initialize(Manager.java:710)
	at ptolemy.actor.Manager.execute(Manager.java:356)
	at ptolemy.actor.Manager.run(Manager.java:1263)
	at ptolemy.actor.Manager$PtolemyRunThread.run(Manager.java:1915)
java.lang.RuntimeException: Execution failed
	at ptolemy.moml.MoMLSimpleApplication$UnloadThread.run(MoMLSimpleApplication.java:402)
Caused by: ptolemy.kernel.util.IllegalActionException: Found a zero delay loop containing .dependencyLoop2.original
  in .dependencyLoop2 and .dependencyLoop2.original
	at ptolemy.actor.util.CausalityInterfaceForComposites._computeOutputPortDepth(CausalityInterfaceForComposites.java:759)
	at ptolemy.actor.util.CausalityInterfaceForComposites._computeInputDepth(CausalityInterfaceForComposites.java:696)
	at ptolemy.actor.util.CausalityInterfaceForComposites._computeOutputPortDepth(CausalityInterfaceForComposites.java:765)
	at ptolemy.actor.util.CausalityInterfaceForComposites._computeInputDepth(CausalityInterfaceForComposites.java:696)
	at ptolemy.actor.util.CausalityInterfaceForComposites._computeOutputPortDepth(CausalityInterfaceForComposites.java:765)
	at ptolemy.actor.util.CausalityInterfaceForComposites._computeInputDepth(CausalityInterfaceForComposites.java:696)
	at ptolemy.actor.util.CausalityInterfaceForComposites._computeActorDepth(CausalityInterfaceForComposites.java:532)
	at ptolemy.actor.util.CausalityInterfaceForComposites.checkForCycles(CausalityInterfaceForComposites.java:96)
	at ptolemy.domains.de.kernel.DEDirector.preinitialize(DEDirector.java:1338)
	at ptolemy.actor.CompositeActor.preinitialize(CompositeActor.java:1828)
	at ptolemy.actor.Manager.preinitializeAndResolveTypes(Manager.java:1040)
	at ptolemy.actor.Manager.initialize(Manager.java:710)
	at ptolemy.actor.Manager.execute(Manager.java:356)
	at ptolemy.actor.Manager.run(Manager.java:1263)
	at ptolemy.actor.Manager$PtolemyRunThread.run(Manager.java:1915)
java.lang.reflect.InvocationTargetException
	at sun.reflect.NativeConstructorAccessorImpl.newInstance0(Native Method)
	at sun.reflect.NativeConstructorAccessorImpl.newInstance(NativeConstructorAccessorImpl.java:62)
	at sun.reflect.DelegatingConstructorAccessorImpl.newInstance(DelegatingConstructorAccessorImpl.java:45)
	at java.lang.reflect.Constructor.newInstance(Constructor.java:423)
	at ptolemy.util.test.junit.AutoKnownFailedTests.RunModel(AutoKnownFailedTests.java:105)
	at sun.reflect.NativeMethodAccessorImpl.invoke0(Native Method)
	at sun.reflect.NativeMethodAccessorImpl.invoke(NativeMethodAccessorImpl.java:62)
	at sun.reflect.DelegatingMethodAccessorImpl.invoke(DelegatingMethodAccessorImpl.java:43)
	at java.lang.reflect.Method.invoke(Method.java:498)
	at org.junit.runners.model.FrameworkMethod$1.runReflectiveCall(FrameworkMethod.java:44)
	at org.junit.internal.runners.model.ReflectiveCallable.run(ReflectiveCallable.java:15)
	at org.junit.runners.model.FrameworkMethod.invokeExplosively(FrameworkMethod.java:41)
	at junitparams.internal.InvokeParameterisedMethod.evaluate(InvokeParameterisedMethod.java:102)
	at org.junit.internal.runners.statements.FailOnTimeout$1.run(FailOnTimeout.java:28)
Caused by: ptolemy.kernel.util.IllegalActionException: Found a zero delay loop containing .dependencyLoop2.original
  in .dependencyLoop2 and .dependencyLoop2.original
	at ptolemy.actor.util.CausalityInterfaceForComposites._computeOutputPortDepth(CausalityInterfaceForComposites.java:759)
	at ptolemy.actor.util.CausalityInterfaceForComposites._computeInputDepth(CausalityInterfaceForComposites.java:696)
	at ptolemy.actor.util.CausalityInterfaceForComposites._computeOutputPortDepth(CausalityInterfaceForComposites.java:765)
	at ptolemy.actor.util.CausalityInterfaceForComposites._computeInputDepth(CausalityInterfaceForComposites.java:696)
	at ptolemy.actor.util.CausalityInterfaceForComposites._computeOutputPortDepth(CausalityInterfaceForComposites.java:765)
	at ptolemy.actor.util.CausalityInterfaceForComposites._computeInputDepth(CausalityInterfaceForComposites.java:696)
	at ptolemy.actor.util.CausalityInterfaceForComposites._computeActorDepth(CausalityInterfaceForComposites.java:532)
	at ptolemy.actor.util.CausalityInterfaceForComposites.checkForCycles(CausalityInterfaceForComposites.java:96)
	at ptolemy.domains.de.kernel.DEDirector.preinitialize(DEDirector.java:1338)
	at ptolemy.actor.CompositeActor.preinitialize(CompositeActor.java:1828)
	at ptolemy.actor.Manager.preinitializeAndResolveTypes(Manager.java:1040)
	at ptolemy.actor.Manager.initialize(Manager.java:710)
	at ptolemy.actor.Manager.execute(Manager.java:356)
	at ptolemy.actor.Manager.run(Manager.java:1263)
	at ptolemy.actor.Manager$PtolemyRunThread.run(Manager.java:1915)
]]></system-err>
</testsuite>
