<?xml version="1.0" encoding="UTF-8" ?>
<testsuite errors="0" failures="0" hostname="travis-job-c6a16830-67f5-461d-8f24-9c9e0eeadd5a" name="ptolemy.domains.continuous.test.junit.JUnitTclTest" skipped="0" tests="156" time="68.509" timestamp="2020-08-29T15:32:44">
  <properties>
[...]
</properties>
  <testcase classname="ptolemy.util.test.junit.TclTests" name="[0] ThereAreNoTclTests (RunTclFile)" time="0.008" />
  <testcase classname="ptolemy.util.test.junit.AutoKnownFailedTests" name="[0] ThereAreNoKnowFailedTests (RunModel)" time="0.008" />
  <testcase classname="ptolemy.util.test.junit.AutoNameArchTests" name="[0] ThereAreNoAutoArchTests (RunModel)" time="0.012" />
  <testcase classname="ptolemy.util.test.junit.AutoTests" name="[0] /home/travis/build/icyphy/ptII/ptolemy/domains/continuous/test/auto/BouncingBall.xml (RunModel)" time="2.877" />
  <testcase classname="ptolemy.util.test.junit.AutoTests" name="[1] /home/travis/build/icyphy/ptII/ptolemy/domains/continuous/test/auto/BouncingBallWithoutGR.xml (RunModel)" time="0.924" />
  <testcase classname="ptolemy.util.test.junit.AutoTests" name="[2] /home/travis/build/icyphy/ptII/ptolemy/domains/continuous/test/auto/Brownian.xml (RunModel)" time="0.099" />
  <testcase classname="ptolemy.util.test.junit.AutoTests" name="[3] /home/travis/build/icyphy/ptII/ptolemy/domains/continuous/test/auto/CarTracking.xml (RunModel)" time="3.972" />
  <testcase classname="ptolemy.util.test.junit.AutoTests" name="[4] /home/travis/build/icyphy/ptII/ptolemy/domains/continuous/test/auto/CartPendulum.xml (RunModel)" time="0.533" />
  <testcase classname="ptolemy.util.test.junit.AutoTests" name="[5] /home/travis/build/icyphy/ptII/ptolemy/domains/continuous/test/auto/CausalityInterface10.xml (RunModel)" time="0.057" />
  <testcase classname="ptolemy.util.test.junit.AutoTests" name="[6] /home/travis/build/icyphy/ptII/ptolemy/domains/continuous/test/auto/CausalityInterface11.xml (RunModel)" time="0.044" />
  <testcase classname="ptolemy.util.test.junit.AutoTests" name="[7] /home/travis/build/icyphy/ptII/ptolemy/domains/continuous/test/auto/CausalityInterface12.xml (RunModel)" time="0.038" />
  <testcase classname="ptolemy.util.test.junit.AutoTests" name="[8] /home/travis/build/icyphy/ptII/ptolemy/domains/continuous/test/auto/CausalityInterface13.xml (RunModel)" time="0.051" />
  <testcase classname="ptolemy.util.test.junit.AutoTests" name="[9] /home/travis/build/icyphy/ptII/ptolemy/domains/continuous/test/auto/CausalityInterface14.xml (RunModel)" time="0.026" />
  <testcase classname="ptolemy.util.test.junit.AutoTests" name="[10] /home/travis/build/icyphy/ptII/ptolemy/domains/continuous/test/auto/CausalityInterface4.xml (RunModel)" time="0.028" />
  <testcase classname="ptolemy.util.test.junit.AutoTests" name="[11] /home/travis/build/icyphy/ptII/ptolemy/domains/continuous/test/auto/CausalityInterface5.xml (RunModel)" time="0.036" />
  <testcase classname="ptolemy.util.test.junit.AutoTests" name="[12] /home/travis/build/icyphy/ptII/ptolemy/domains/continuous/test/auto/CausalityInterface6.xml (RunModel)" time="0.024" />
  <testcase classname="ptolemy.util.test.junit.AutoTests" name="[13] /home/travis/build/icyphy/ptII/ptolemy/domains/continuous/test/auto/CausalityInterface7.xml (RunModel)" time="0.035" />
  <testcase classname="ptolemy.util.test.junit.AutoTests" name="[14] /home/travis/build/icyphy/ptII/ptolemy/domains/continuous/test/auto/CausalityInterface8.xml (RunModel)" time="0.042" />
  <testcase classname="ptolemy.util.test.junit.AutoTests" name="[15] /home/travis/build/icyphy/ptII/ptolemy/domains/continuous/test/auto/CausalityInterface9.xml (RunModel)" time="0.044" />
  <testcase classname="ptolemy.util.test.junit.AutoTests" name="[16] /home/travis/build/icyphy/ptII/ptolemy/domains/continuous/test/auto/CausalityInterfaceFeedback1.xml (RunModel)" time="0.038" />
  <testcase classname="ptolemy.util.test.junit.AutoTests" name="[17] /home/travis/build/icyphy/ptII/ptolemy/domains/continuous/test/auto/CausalityInterfaceFeedback2.xml (RunModel)" time="0.024" />
  <testcase classname="ptolemy.util.test.junit.AutoTests" name="[18] /home/travis/build/icyphy/ptII/ptolemy/domains/continuous/test/auto/CompareWithCurrentTime.xml (RunModel)" time="0.018" />
  <testcase classname="ptolemy.util.test.junit.AutoTests" name="[19] /home/travis/build/icyphy/ptII/ptolemy/domains/continuous/test/auto/ComparedClocks.xml (RunModel)" time="0.069" />
  <testcase classname="ptolemy.util.test.junit.AutoTests" name="[20] /home/travis/build/icyphy/ptII/ptolemy/domains/continuous/test/auto/ContinuousAOCClone.xml (RunModel)" time="2.6" />
  <testcase classname="ptolemy.util.test.junit.AutoTests" name="[21] /home/travis/build/icyphy/ptII/ptolemy/domains/continuous/test/auto/ContinuousClock.xml (RunModel)" time="0.11" />
  <testcase classname="ptolemy.util.test.junit.AutoTests" name="[22] /home/travis/build/icyphy/ptII/ptolemy/domains/continuous/test/auto/ContinuousInContinuous.xml (RunModel)" time="0.082" />
  <testcase classname="ptolemy.util.test.junit.AutoTests" name="[23] /home/travis/build/icyphy/ptII/ptolemy/domains/continuous/test/auto/ContinuousInContinuousInContinuous.xml (RunModel)" time="0.024" />
  <testcase classname="ptolemy.util.test.junit.AutoTests" name="[24] /home/travis/build/icyphy/ptII/ptolemy/domains/continuous/test/auto/ContinuousInDE.xml (RunModel)" time="0.084" />
  <testcase classname="ptolemy.util.test.junit.AutoTests" name="[25] /home/travis/build/icyphy/ptII/ptolemy/domains/continuous/test/auto/ContinuousInDE2.xml (RunModel)" time="0.043" />
  <testcase classname="ptolemy.util.test.junit.AutoTests" name="[26] /home/travis/build/icyphy/ptII/ptolemy/domains/continuous/test/auto/ContinuousInDE3.xml (RunModel)" time="0.042" />
  <testcase classname="ptolemy.util.test.junit.AutoTests" name="[27] /home/travis/build/icyphy/ptII/ptolemy/domains/continuous/test/auto/ContinuousInDE4.xml (RunModel)" time="0.029" />
  <testcase classname="ptolemy.util.test.junit.AutoTests" name="[28] /home/travis/build/icyphy/ptII/ptolemy/domains/continuous/test/auto/ContinuousInDEDifferentRefinements.xml (RunModel)" time="0.089" />
  <testcase classname="ptolemy.util.test.junit.AutoTests" name="[29] /home/travis/build/icyphy/ptII/ptolemy/domains/continuous/test/auto/ContinuousInDEDifferentRefinementsPreemptive.xml (RunModel)" time="0.081" />
  <testcase classname="ptolemy.util.test.junit.AutoTests" name="[30] /home/travis/build/icyphy/ptII/ptolemy/domains/continuous/test/auto/ContinuousInDEInContinuous2.xml (RunModel)" time="0.048" />
  <testcase classname="ptolemy.util.test.junit.AutoTests" name="[31] /home/travis/build/icyphy/ptII/ptolemy/domains/continuous/test/auto/ContinuousInDEInContinuous3.xml (RunModel)" time="0.058" />
  <testcase classname="ptolemy.util.test.junit.AutoTests" name="[32] /home/travis/build/icyphy/ptII/ptolemy/domains/continuous/test/auto/ContinuousInDEInput.xml (RunModel)" time="0.034" />
  <testcase classname="ptolemy.util.test.junit.AutoTests" name="[33] /home/travis/build/icyphy/ptII/ptolemy/domains/continuous/test/auto/ContinuousInDEInput2.xml (RunModel)" time="0.035" />
  <testcase classname="ptolemy.util.test.junit.AutoTests" name="[34] /home/travis/build/icyphy/ptII/ptolemy/domains/continuous/test/auto/ContinuousInDEInput3.xml (RunModel)" time="0.031" />
  <testcase classname="ptolemy.util.test.junit.AutoTests" name="[35] /home/travis/build/icyphy/ptII/ptolemy/domains/continuous/test/auto/ContinuousInDESharingRefinement.xml (RunModel)" time="0.197" />
  <testcase classname="ptolemy.util.test.junit.AutoTests" name="[36] /home/travis/build/icyphy/ptII/ptolemy/domains/continuous/test/auto/ContinuousInDEwithNoPorts.xml (RunModel)" time="0.017" />
  <testcase classname="ptolemy.util.test.junit.AutoTests" name="[37] /home/travis/build/icyphy/ptII/ptolemy/domains/continuous/test/auto/ContinuousInsideDE.xml (RunModel)" time="0.072" />
  <testcase classname="ptolemy.util.test.junit.AutoTests" name="[38] /home/travis/build/icyphy/ptII/ptolemy/domains/continuous/test/auto/ContinuousMerge1.xml (RunModel)" time="0.014" />
  <testcase classname="ptolemy.util.test.junit.AutoTests" name="[39] /home/travis/build/icyphy/ptII/ptolemy/domains/continuous/test/auto/ContinuousMerge2.xml (RunModel)" time="0.039" />
  <testcase classname="ptolemy.util.test.junit.AutoTests" name="[40] /home/travis/build/icyphy/ptII/ptolemy/domains/continuous/test/auto/ContinuousMerge3.xml (RunModel)" time="0.06" />
  <testcase classname="ptolemy.util.test.junit.AutoTests" name="[41] /home/travis/build/icyphy/ptII/ptolemy/domains/continuous/test/auto/ContinuousWithinContinuous.xml (RunModel)" time="0.05" />
  <testcase classname="ptolemy.util.test.junit.AutoTests" name="[42] /home/travis/build/icyphy/ptII/ptolemy/domains/continuous/test/auto/ContinuousWithinContinuous2.xml (RunModel)" time="0.084" />
  <testcase classname="ptolemy.util.test.junit.AutoTests" name="[43] /home/travis/build/icyphy/ptII/ptolemy/domains/continuous/test/auto/ContinuousWithinContinuous3.xml (RunModel)" time="0.027" />
  <testcase classname="ptolemy.util.test.junit.AutoTests" name="[44] /home/travis/build/icyphy/ptII/ptolemy/domains/continuous/test/auto/ContinuousWithinContinuous4.xml (RunModel)" time="0.081" />
  <testcase classname="ptolemy.util.test.junit.AutoTests" name="[45] /home/travis/build/icyphy/ptII/ptolemy/domains/continuous/test/auto/ContinuousWithinContinuous5.xml (RunModel)" time="0.044" />
  <testcase classname="ptolemy.util.test.junit.AutoTests" name="[46] /home/travis/build/icyphy/ptII/ptolemy/domains/continuous/test/auto/ContinuousWithinContinuous6.xml (RunModel)" time="0.025" />
  <testcase classname="ptolemy.util.test.junit.AutoTests" name="[47] /home/travis/build/icyphy/ptII/ptolemy/domains/continuous/test/auto/ContinuousWithinContinuous7.xml (RunModel)" time="0.066" />
  <testcase classname="ptolemy.util.test.junit.AutoTests" name="[48] /home/travis/build/icyphy/ptII/ptolemy/domains/continuous/test/auto/DCMotor.xml (RunModel)" time="13.15" />
  <testcase classname="ptolemy.util.test.junit.AutoTests" name="[49] /home/travis/build/icyphy/ptII/ptolemy/domains/continuous/test/auto/DEInContinuous.xml (RunModel)" time="0.029" />
  <testcase classname="ptolemy.util.test.junit.AutoTests" name="[50] /home/travis/build/icyphy/ptII/ptolemy/domains/continuous/test/auto/DEinContinuous2.xml (RunModel)" time="0.02" />
  <testcase classname="ptolemy.util.test.junit.AutoTests" name="[51] /home/travis/build/icyphy/ptII/ptolemy/domains/continuous/test/auto/Derivative.xml (RunModel)" time="0.167" />
  <testcase classname="ptolemy.util.test.junit.AutoTests" name="[52] /home/travis/build/icyphy/ptII/ptolemy/domains/continuous/test/auto/Derivative1.xml (RunModel)" time="0.049" />
  <testcase classname="ptolemy.util.test.junit.AutoTests" name="[53] /home/travis/build/icyphy/ptII/ptolemy/domains/continuous/test/auto/DiscreteClock.xml (RunModel)" time="0.012" />
  <testcase classname="ptolemy.util.test.junit.AutoTests" name="[54] /home/travis/build/icyphy/ptII/ptolemy/domains/continuous/test/auto/EfficiencyCurve.xml (RunModel)" time="0.091" />
  <testcase classname="ptolemy.util.test.junit.AutoTests" name="[55] /home/travis/build/icyphy/ptII/ptolemy/domains/continuous/test/auto/ExponentialResponse.xml (RunModel)" time="0.087" />
  <testcase classname="ptolemy.util.test.junit.AutoTests" name="[56] /home/travis/build/icyphy/ptII/ptolemy/domains/continuous/test/auto/ExponentialResponseRK45.xml (RunModel)" time="0.028" />
  <testcase classname="ptolemy.util.test.junit.AutoTests" name="[57] /home/travis/build/icyphy/ptII/ptolemy/domains/continuous/test/auto/Friction.xml (RunModel)" time="1.448" />
  <testcase classname="ptolemy.util.test.junit.AutoTests" name="[58] /home/travis/build/icyphy/ptII/ptolemy/domains/continuous/test/auto/FurutaPendulum.xml (RunModel)" time="2.761" />
  <testcase classname="ptolemy.util.test.junit.AutoTests" name="[59] /home/travis/build/icyphy/ptII/ptolemy/domains/continuous/test/auto/HierarchicalExecution.xml (RunModel)" time="1.659" />
  <testcase classname="ptolemy.util.test.junit.AutoTests" name="[60] /home/travis/build/icyphy/ptII/ptolemy/domains/continuous/test/auto/HybridPlant.xml (RunModel)" time="0.53" />
  <testcase classname="ptolemy.util.test.junit.AutoTests" name="[61] /home/travis/build/icyphy/ptII/ptolemy/domains/continuous/test/auto/Hysteresis.xml (RunModel)" time="0.173" />
  <testcase classname="ptolemy.util.test.junit.AutoTests" name="[62] /home/travis/build/icyphy/ptII/ptolemy/domains/continuous/test/auto/HysteresisWithRandomDelay.xml (RunModel)" time="0.213" />
  <testcase classname="ptolemy.util.test.junit.AutoTests" name="[63] /home/travis/build/icyphy/ptII/ptolemy/domains/continuous/test/auto/HysteresisWithRandomLosses.xml (RunModel)" time="2.254" />
  <testcase classname="ptolemy.util.test.junit.AutoTests" name="[64] /home/travis/build/icyphy/ptII/ptolemy/domains/continuous/test/auto/ImmediateTransitions.xml (RunModel)" time="0.029" />
  <testcase classname="ptolemy.util.test.junit.AutoTests" name="[65] /home/travis/build/icyphy/ptII/ptolemy/domains/continuous/test/auto/ImpulseFeedback.xml (RunModel)" time="0.022" />
  <testcase classname="ptolemy.util.test.junit.AutoTests" name="[66] /home/travis/build/icyphy/ptII/ptolemy/domains/continuous/test/auto/ImpulseFeedback2.xml (RunModel)" time="0.014" />
  <testcase classname="ptolemy.util.test.junit.AutoTests" name="[67] /home/travis/build/icyphy/ptII/ptolemy/domains/continuous/test/auto/IncreasingRatePoisson.xml (RunModel)" time="0.693" />
  <testcase classname="ptolemy.util.test.junit.AutoTests" name="[68] /home/travis/build/icyphy/ptII/ptolemy/domains/continuous/test/auto/InitialStateFeedback.xml (RunModel)" time="0.013" />
  <testcase classname="ptolemy.util.test.junit.AutoTests" name="[69] /home/travis/build/icyphy/ptII/ptolemy/domains/continuous/test/auto/Integration.xml (RunModel)" time="0.007" />
  <testcase classname="ptolemy.util.test.junit.AutoTests" name="[70] /home/travis/build/icyphy/ptII/ptolemy/domains/continuous/test/auto/Integration2.xml (RunModel)" time="0.07" />
  <testcase classname="ptolemy.util.test.junit.AutoTests" name="[71] /home/travis/build/icyphy/ptII/ptolemy/domains/continuous/test/auto/Integration3.xml (RunModel)" time="0.012" />
  <testcase classname="ptolemy.util.test.junit.AutoTests" name="[72] /home/travis/build/icyphy/ptII/ptolemy/domains/continuous/test/auto/Integration5.xml (RunModel)" time="0.009" />
  <testcase classname="ptolemy.util.test.junit.AutoTests" name="[73] /home/travis/build/icyphy/ptII/ptolemy/domains/continuous/test/auto/IntegratorImpulse.xml (RunModel)" time="0.007" />
  <testcase classname="ptolemy.util.test.junit.AutoTests" name="[74] /home/travis/build/icyphy/ptII/ptolemy/domains/continuous/test/auto/IntegratorImpulse2.xml (RunModel)" time="0.021" />
  <testcase classname="ptolemy.util.test.junit.AutoTests" name="[75] /home/travis/build/icyphy/ptII/ptolemy/domains/continuous/test/auto/LevelCrossing1.xml (RunModel)" time="0.011" />
  <testcase classname="ptolemy.util.test.junit.AutoTests" name="[76] /home/travis/build/icyphy/ptII/ptolemy/domains/continuous/test/auto/LevelCrossing2.xml (RunModel)" time="0.013" />
  <testcase classname="ptolemy.util.test.junit.AutoTests" name="[77] /home/travis/build/icyphy/ptII/ptolemy/domains/continuous/test/auto/LevelCrossing3.xml (RunModel)" time="0.011" />
  <testcase classname="ptolemy.util.test.junit.AutoTests" name="[78] /home/travis/build/icyphy/ptII/ptolemy/domains/continuous/test/auto/LevelCrossing4.xml (RunModel)" time="0.01" />
  <testcase classname="ptolemy.util.test.junit.AutoTests" name="[79] /home/travis/build/icyphy/ptII/ptolemy/domains/continuous/test/auto/LevelCrossing5.xml (RunModel)" time="0.012" />
  <testcase classname="ptolemy.util.test.junit.AutoTests" name="[80] /home/travis/build/icyphy/ptII/ptolemy/domains/continuous/test/auto/LevelCrossing6.xml (RunModel)" time="0.01" />
  <testcase classname="ptolemy.util.test.junit.AutoTests" name="[81] /home/travis/build/icyphy/ptII/ptolemy/domains/continuous/test/auto/LevelCrossingDetector.xml (RunModel)" time="0.033" />
  <testcase classname="ptolemy.util.test.junit.AutoTests" name="[82] /home/travis/build/icyphy/ptII/ptolemy/domains/continuous/test/auto/LevelCrossingDetectorDetectingDirections.xml (RunModel)" time="0.077" />
  <testcase classname="ptolemy.util.test.junit.AutoTests" name="[83] /home/travis/build/icyphy/ptII/ptolemy/domains/continuous/test/auto/LevelCrossingDetectorDetectsGlitches.xml (RunModel)" time="0.059" />
  <testcase classname="ptolemy.util.test.junit.AutoTests" name="[84] /home/travis/build/icyphy/ptII/ptolemy/domains/continuous/test/auto/LevelCrossingNoInitialOuput.xml (RunModel)" time="0.011" />
  <testcase classname="ptolemy.util.test.junit.AutoTests" name="[85] /home/travis/build/icyphy/ptII/ptolemy/domains/continuous/test/auto/LinearStateSpaceExample.xml (RunModel)" time="0.064" />
  <testcase classname="ptolemy.util.test.junit.AutoTests" name="[86] /home/travis/build/icyphy/ptII/ptolemy/domains/continuous/test/auto/Lorenz.xml (RunModel)" time="3.364" />
  <testcase classname="ptolemy.util.test.junit.AutoTests" name="[87] /home/travis/build/icyphy/ptII/ptolemy/domains/continuous/test/auto/LorenzDifferentialSystem.xml (RunModel)" time="0.935" />
  <testcase classname="ptolemy.util.test.junit.AutoTests" name="[88] /home/travis/build/icyphy/ptII/ptolemy/domains/continuous/test/auto/LorenzDifferentialSystemWithInput.xml (RunModel)" time="1.154" />
  <testcase classname="ptolemy.util.test.junit.AutoTests" name="[89] /home/travis/build/icyphy/ptII/ptolemy/domains/continuous/test/auto/LorenzDifferentialSystemWithTime.xml (RunModel)" time="0.655" />
  <testcase classname="ptolemy.util.test.junit.AutoTests" name="[90] /home/travis/build/icyphy/ptII/ptolemy/domains/continuous/test/auto/Microsteps.xml (RunModel)" time="0.024" />
  <testcase classname="ptolemy.util.test.junit.AutoTests" name="[91] /home/travis/build/icyphy/ptII/ptolemy/domains/continuous/test/auto/Modal1.xml (RunModel)" time="0.031" />
  <testcase classname="ptolemy.util.test.junit.AutoTests" name="[92] /home/travis/build/icyphy/ptII/ptolemy/domains/continuous/test/auto/Modal2.xml (RunModel)" time="0.046" />
  <testcase classname="ptolemy.util.test.junit.AutoTests" name="[93] /home/travis/build/icyphy/ptII/ptolemy/domains/continuous/test/auto/ModalTransitionGuardWithReset.xml (RunModel)" time="0.019" />
  <testcase classname="ptolemy.util.test.junit.AutoTests" name="[94] /home/travis/build/icyphy/ptII/ptolemy/domains/continuous/test/auto/ModalTransitionGuardWithResetUsingPreemptiveTransition.xml (RunModel)" time="0.026" />
  <testcase classname="ptolemy.util.test.junit.AutoTests" name="[95] /home/travis/build/icyphy/ptII/ptolemy/domains/continuous/test/auto/ModalTransitionGuardWithResetUsingPreemptiveTransition2.xml (RunModel)" time="0.021" />
  <testcase classname="ptolemy.util.test.junit.AutoTests" name="[96] /home/travis/build/icyphy/ptII/ptolemy/domains/continuous/test/auto/ModalTransitionGuardWithResetUsingPreemptiveTransition3.xml (RunModel)" time="0.024" />
  <testcase classname="ptolemy.util.test.junit.AutoTests" name="[97] /home/travis/build/icyphy/ptII/ptolemy/domains/continuous/test/auto/NewtonsCradle.xml (RunModel)" time="0.724" />
  <testcase classname="ptolemy.util.test.junit.AutoTests" name="[98] /home/travis/build/icyphy/ptII/ptolemy/domains/continuous/test/auto/NewtonsCradleAnimated.xml (RunModel)" time="1.165" />
  <testcase classname="ptolemy.util.test.junit.AutoTests" name="[99] /home/travis/build/icyphy/ptII/ptolemy/domains/continuous/test/auto/NewtonsCradleComplicated.xml (RunModel)" time="0.868" />
  <testcase classname="ptolemy.util.test.junit.AutoTests" name="[100] /home/travis/build/icyphy/ptII/ptolemy/domains/continuous/test/auto/NewtonsCradleNondeterministic.xml (RunModel)" time="0.64" />
  <testcase classname="ptolemy.util.test.junit.AutoTests" name="[101] /home/travis/build/icyphy/ptII/ptolemy/domains/continuous/test/auto/NewtonsCradlePerfectlyInelastic1.xml (RunModel)" time="1.07" />
  <testcase classname="ptolemy.util.test.junit.AutoTests" name="[102] /home/travis/build/icyphy/ptII/ptolemy/domains/continuous/test/auto/Noise.xml (RunModel)" time="0.178" />
  <testcase classname="ptolemy.util.test.junit.AutoTests" name="[103] /home/travis/build/icyphy/ptII/ptolemy/domains/continuous/test/auto/NoiseSpectrum.xml (RunModel)" time="0.668" />
  <testcase classname="ptolemy.util.test.junit.AutoTests" name="[104] /home/travis/build/icyphy/ptII/ptolemy/domains/continuous/test/auto/ParameterizedNewtonsCradleAnimated.xml (RunModel)" time="0.324" />
  <testcase classname="ptolemy.util.test.junit.AutoTests" name="[105] /home/travis/build/icyphy/ptII/ptolemy/domains/continuous/test/auto/ParameterizedNewtonsCradleAnimatedNondeterministic.xml (RunModel)" time="1.196" />
  <testcase classname="ptolemy.util.test.junit.AutoTests" name="[106] /home/travis/build/icyphy/ptII/ptolemy/domains/continuous/test/auto/Pendulum3D.xml (RunModel)" time="0.181" />
  <testcase classname="ptolemy.util.test.junit.AutoTests" name="[107] /home/travis/build/icyphy/ptII/ptolemy/domains/continuous/test/auto/PeriodicSampler.xml (RunModel)" time="0.014" />
  <testcase classname="ptolemy.util.test.junit.AutoTests" name="[108] /home/travis/build/icyphy/ptII/ptolemy/domains/continuous/test/auto/PeriodicSampler1.xml (RunModel)" time="0.049" />
  <testcase classname="ptolemy.util.test.junit.AutoTests" name="[109] /home/travis/build/icyphy/ptII/ptolemy/domains/continuous/test/auto/PeriodicSampler2.xml (RunModel)" time="0.081" />
  <testcase classname="ptolemy.util.test.junit.AutoTests" name="[110] /home/travis/build/icyphy/ptII/ptolemy/domains/continuous/test/auto/Poisson.xml (RunModel)" time="0.359" />
  <testcase classname="ptolemy.util.test.junit.AutoTests" name="[111] /home/travis/build/icyphy/ptII/ptolemy/domains/continuous/test/auto/PoissonClock.xml (RunModel)" time="0.014" />
  <testcase classname="ptolemy.util.test.junit.AutoTests" name="[112] /home/travis/build/icyphy/ptII/ptolemy/domains/continuous/test/auto/PoissonClock2.xml (RunModel)" time="0.009" />
  <testcase classname="ptolemy.util.test.junit.AutoTests" name="[113] /home/travis/build/icyphy/ptII/ptolemy/domains/continuous/test/auto/PortParameterHierarchy.xml (RunModel)" time="0.026" />
  <testcase classname="ptolemy.util.test.junit.AutoTests" name="[114] /home/travis/build/icyphy/ptII/ptolemy/domains/continuous/test/auto/RandomHybridPlant.xml (RunModel)" time="0.543" />
  <testcase classname="ptolemy.util.test.junit.AutoTests" name="[115] /home/travis/build/icyphy/ptII/ptolemy/domains/continuous/test/auto/ResetTransitionWithStartTime1.xml (RunModel)" time="0.022" />
  <testcase classname="ptolemy.util.test.junit.AutoTests" name="[116] /home/travis/build/icyphy/ptII/ptolemy/domains/continuous/test/auto/ResetTransitionWithStartTime2.xml (RunModel)" time="0.031" />
  <testcase classname="ptolemy.util.test.junit.AutoTests" name="[117] /home/travis/build/icyphy/ptII/ptolemy/domains/continuous/test/auto/ResetTransitionWithStartTime3.xml (RunModel)" time="0.03" />
  <testcase classname="ptolemy.util.test.junit.AutoTests" name="[118] /home/travis/build/icyphy/ptII/ptolemy/domains/continuous/test/auto/ResetTransitionWithStartTime4.xml (RunModel)" time="0.024" />
  <testcase classname="ptolemy.util.test.junit.AutoTests" name="[119] /home/travis/build/icyphy/ptII/ptolemy/domains/continuous/test/auto/ResetTransitionWithStartTime5.xml (RunModel)" time="0.032" />
  <testcase classname="ptolemy.util.test.junit.AutoTests" name="[120] /home/travis/build/icyphy/ptII/ptolemy/domains/continuous/test/auto/ResetTransitionWithStartTime6.xml (RunModel)" time="0.032" />
  <testcase classname="ptolemy.util.test.junit.AutoTests" name="[121] /home/travis/build/icyphy/ptII/ptolemy/domains/continuous/test/auto/SRinContinuous.xml (RunModel)" time="0.022" />
  <testcase classname="ptolemy.util.test.junit.AutoTests" name="[122] /home/travis/build/icyphy/ptII/ptolemy/domains/continuous/test/auto/SampledClocks.xml (RunModel)" time="0.03" />
  <testcase classname="ptolemy.util.test.junit.AutoTests" name="[123] /home/travis/build/icyphy/ptII/ptolemy/domains/continuous/test/auto/Satellite.xml (RunModel)" time="0.579" />
  <testcase classname="ptolemy.util.test.junit.AutoTests" name="[124] /home/travis/build/icyphy/ptII/ptolemy/domains/continuous/test/auto/SigmaDelta.xml (RunModel)" time="1.887" />
  <testcase classname="ptolemy.util.test.junit.AutoTests" name="[125] /home/travis/build/icyphy/ptII/ptolemy/domains/continuous/test/auto/SingleRefinement.xml (RunModel)" time="0.381" />
  <testcase classname="ptolemy.util.test.junit.AutoTests" name="[126] /home/travis/build/icyphy/ptII/ptolemy/domains/continuous/test/auto/SinuBouncingBall.xml (RunModel)" time="0.822" />
  <testcase classname="ptolemy.util.test.junit.AutoTests" name="[127] /home/travis/build/icyphy/ptII/ptolemy/domains/continuous/test/auto/Sinusoid.xml (RunModel)" time="0.014" />
  <testcase classname="ptolemy.util.test.junit.AutoTests" name="[128] /home/travis/build/icyphy/ptII/ptolemy/domains/continuous/test/auto/SinusoidInNoise.xml (RunModel)" time="0.726" />
  <testcase classname="ptolemy.util.test.junit.AutoTests" name="[129] /home/travis/build/icyphy/ptII/ptolemy/domains/continuous/test/auto/SinusoidRK45.xml (RunModel)" time="0.017" />
  <testcase classname="ptolemy.util.test.junit.AutoTests" name="[130] /home/travis/build/icyphy/ptII/ptolemy/domains/continuous/test/auto/SinusoidWithMultipleImpulses.xml (RunModel)" time="0.01" />
  <testcase classname="ptolemy.util.test.junit.AutoTests" name="[131] /home/travis/build/icyphy/ptII/ptolemy/domains/continuous/test/auto/SquareWave.xml (RunModel)" time="0.172" />
  <testcase classname="ptolemy.util.test.junit.AutoTests" name="[132] /home/travis/build/icyphy/ptII/ptolemy/domains/continuous/test/auto/Starmac.xml (RunModel)" time="3.362" />
  <testcase classname="ptolemy.util.test.junit.AutoTests" name="[133] /home/travis/build/icyphy/ptII/ptolemy/domains/continuous/test/auto/StaticUnits.xml (RunModel)" time="2.326" />
  <testcase classname="ptolemy.util.test.junit.AutoTests" name="[134] /home/travis/build/icyphy/ptII/ptolemy/domains/continuous/test/auto/StickyMasses.xml (RunModel)" time="0.193" />
  <testcase classname="ptolemy.util.test.junit.AutoTests" name="[135] /home/travis/build/icyphy/ptII/ptolemy/domains/continuous/test/auto/StopTime.xml (RunModel)" time="0.066" />
  <testcase classname="ptolemy.util.test.junit.AutoTests" name="[136] /home/travis/build/icyphy/ptII/ptolemy/domains/continuous/test/auto/StopTime2.xml (RunModel)" time="0.052" />
  <testcase classname="ptolemy.util.test.junit.AutoTests" name="[137] /home/travis/build/icyphy/ptII/ptolemy/domains/continuous/test/auto/Switch.xml (RunModel)" time="0.06" />
  <testcase classname="ptolemy.util.test.junit.AutoTests" name="[138] /home/travis/build/icyphy/ptII/ptolemy/domains/continuous/test/auto/Thermostat.xml (RunModel)" time="0.207" />
  <testcase classname="ptolemy.util.test.junit.AutoTests" name="[139] /home/travis/build/icyphy/ptII/ptolemy/domains/continuous/test/auto/TimeDelay.xml (RunModel)" time="0.013" />
  <testcase classname="ptolemy.util.test.junit.AutoTests" name="[140] /home/travis/build/icyphy/ptII/ptolemy/domains/continuous/test/auto/TimeDelay2.xml (RunModel)" time="0.022" />
  <testcase classname="ptolemy.util.test.junit.AutoTests" name="[141] /home/travis/build/icyphy/ptII/ptolemy/domains/continuous/test/auto/TimeDelay3.xml (RunModel)" time="0.011" />
  <testcase classname="ptolemy.util.test.junit.AutoTests" name="[142] /home/travis/build/icyphy/ptII/ptolemy/domains/continuous/test/auto/TransferAbsentToInside.xml (RunModel)" time="0.092" />
  <testcase classname="ptolemy.util.test.junit.AutoTests" name="[143] /home/travis/build/icyphy/ptII/ptolemy/domains/continuous/test/auto/Transmission.xml (RunModel)" time="0.782" />
  <testcase classname="ptolemy.util.test.junit.AutoTests" name="[144] /home/travis/build/icyphy/ptII/ptolemy/domains/continuous/test/auto/TriggeredContinuousClock.xml (RunModel)" time="0.064" />
  <testcase classname="ptolemy.util.test.junit.AutoTests" name="[145] /home/travis/build/icyphy/ptII/ptolemy/domains/continuous/test/auto/TwoMachineInfiniteBusControl.xml (RunModel)" time="2.539" />
  <testcase classname="ptolemy.util.test.junit.AutoTests" name="[146] /home/travis/build/icyphy/ptII/ptolemy/domains/continuous/test/auto/V2V.xml (RunModel)" time="0.709" />
  <testcase classname="ptolemy.util.test.junit.AutoTests" name="[147] /home/travis/build/icyphy/ptII/ptolemy/domains/continuous/test/auto/hierarchicalModalModel.xml (RunModel)" time="0.029" />
  <testcase classname="ptolemy.util.test.junit.AutoTests" name="[148] /home/travis/build/icyphy/ptII/ptolemy/domains/continuous/test/auto/hierarchicalModalModel1.xml (RunModel)" time="0.027" />
  <testcase classname="ptolemy.util.test.junit.AutoTests" name="[149] /home/travis/build/icyphy/ptII/ptolemy/domains/continuous/test/auto/hierarchicalModalModel2.xml (RunModel)" time="0.022" />
  <testcase classname="ptolemy.util.test.junit.AutoTests" name="[150] /home/travis/build/icyphy/ptII/ptolemy/domains/continuous/test/auto/hierarchicalModalModel3.xml (RunModel)" time="0.019" />
  <testcase classname="ptolemy.util.test.junit.AutoTests" name="[151] /home/travis/build/icyphy/ptII/ptolemy/domains/continuous/test/auto/hierarchicalModalModel4.xml (RunModel)" time="0.022" />
  <testcase classname="ptolemy.util.test.junit.AutoTests" name="[152] /home/travis/build/icyphy/ptII/ptolemy/domains/continuous/test/auto/junk.xml (RunModel)" time="0.153" />
  <system-out><![CDATA[No tcl tests in /home/travis/build/icyphy/ptII/ptolemy/domains/continuous/test
No auto/knownFailedTests/*.xml tests in /home/travis/build/icyphy/ptII/ptolemy/domains/continuous/test
No auto/linux-amd64/*.xml tests in /home/travis/build/icyphy/ptII/ptolemy/domains/continuous/test
AutoTests.java: About to close Vertx.
AutoTests.java: Vertx closed.

===========================================================================================
----------------- testing Sat Aug 29 15:32:44 UTC 2020 /home/travis/build/icyphy/ptII/ptolemy/domains/continuous/test/auto/BouncingBall.xml
----------------- Instantiating /home/travis/build/icyphy/ptII/ptolemy/domains/continuous/test/auto/BouncingBall.xml
2281 ms. Memory: 155648K Free: 82212K (53%)
----------------- Invoking toplevel() on ptolemy.moml.MoMLSimpleApplication@3c2b036b
----------------- Done invoking toplevel() on ptolemy.moml.MoMLSimpleApplication@3c2b036b
reloadAllAccessors: .BouncingBall

===========================================================================================
----------------- testing Sat Aug 29 15:32:47 UTC 2020 /home/travis/build/icyphy/ptII/ptolemy/domains/continuous/test/auto/BouncingBallWithoutGR.xml
----------------- Instantiating /home/travis/build/icyphy/ptII/ptolemy/domains/continuous/test/auto/BouncingBallWithoutGR.xml
758 ms. Memory: 155648K Free: 83717K (54%)
----------------- Invoking toplevel() on ptolemy.moml.MoMLSimpleApplication@593f883b
----------------- Done invoking toplevel() on ptolemy.moml.MoMLSimpleApplication@593f883b
reloadAllAccessors: .BouncingBallWithoutGR

===========================================================================================
----------------- testing Sat Aug 29 15:32:48 UTC 2020 /home/travis/build/icyphy/ptII/ptolemy/domains/continuous/test/auto/Brownian.xml
----------------- Instantiating /home/travis/build/icyphy/ptII/ptolemy/domains/continuous/test/auto/Brownian.xml
30 ms. Memory: 155648K Free: 75011K (48%)
----------------- Invoking toplevel() on ptolemy.moml.MoMLSimpleApplication@2873a6f1
----------------- Done invoking toplevel() on ptolemy.moml.MoMLSimpleApplication@2873a6f1
reloadAllAccessors: .Brownian

===========================================================================================
----------------- testing Sat Aug 29 15:32:48 UTC 2020 /home/travis/build/icyphy/ptII/ptolemy/domains/continuous/test/auto/CarTracking.xml
----------------- Instantiating /home/travis/build/icyphy/ptII/ptolemy/domains/continuous/test/auto/CarTracking.xml
3648 ms. Memory: 225280K Free: 122237K (54%)
----------------- Invoking toplevel() on ptolemy.moml.MoMLSimpleApplication@299f3a39
----------------- Done invoking toplevel() on ptolemy.moml.MoMLSimpleApplication@299f3a39
reloadAllAccessors: .CarTracking

===========================================================================================
----------------- testing Sat Aug 29 15:32:52 UTC 2020 /home/travis/build/icyphy/ptII/ptolemy/domains/continuous/test/auto/CartPendulum.xml
----------------- Instantiating /home/travis/build/icyphy/ptII/ptolemy/domains/continuous/test/auto/CartPendulum.xml
402 ms. Memory: 225280K Free: 163292K (72%)
----------------- Invoking toplevel() on ptolemy.moml.MoMLSimpleApplication@266f6408
----------------- Done invoking toplevel() on ptolemy.moml.MoMLSimpleApplication@266f6408
reloadAllAccessors: .CartPendulum

===========================================================================================
----------------- testing Sat Aug 29 15:32:52 UTC 2020 /home/travis/build/icyphy/ptII/ptolemy/domains/continuous/test/auto/CausalityInterface10.xml
----------------- Instantiating /home/travis/build/icyphy/ptII/ptolemy/domains/continuous/test/auto/CausalityInterface10.xml
15 ms. Memory: 225280K Free: 152461K (68%)
----------------- Invoking toplevel() on ptolemy.moml.MoMLSimpleApplication@3249c3db
----------------- Done invoking toplevel() on ptolemy.moml.MoMLSimpleApplication@3249c3db
reloadAllAccessors: .CausalityInterface10

===========================================================================================
----------------- testing Sat Aug 29 15:32:53 UTC 2020 /home/travis/build/icyphy/ptII/ptolemy/domains/continuous/test/auto/CausalityInterface11.xml
----------------- Instantiating /home/travis/build/icyphy/ptII/ptolemy/domains/continuous/test/auto/CausalityInterface11.xml
6 ms. Memory: 225280K Free: 146317K (65%)
----------------- Invoking toplevel() on ptolemy.moml.MoMLSimpleApplication@5349b5c0
----------------- Done invoking toplevel() on ptolemy.moml.MoMLSimpleApplication@5349b5c0
reloadAllAccessors: .CausalityInterface11

===========================================================================================
----------------- testing Sat Aug 29 15:32:53 UTC 2020 /home/travis/build/icyphy/ptII/ptolemy/domains/continuous/test/auto/CausalityInterface12.xml
----------------- Instantiating /home/travis/build/icyphy/ptII/ptolemy/domains/continuous/test/auto/CausalityInterface12.xml
13 ms. Memory: 225280K Free: 140159K (62%)
----------------- Invoking toplevel() on ptolemy.moml.MoMLSimpleApplication@77b78468
----------------- Done invoking toplevel() on ptolemy.moml.MoMLSimpleApplication@77b78468
reloadAllAccessors: .CausalityInterface12

===========================================================================================
----------------- testing Sat Aug 29 15:32:53 UTC 2020 /home/travis/build/icyphy/ptII/ptolemy/domains/continuous/test/auto/CausalityInterface13.xml
----------------- Instantiating /home/travis/build/icyphy/ptII/ptolemy/domains/continuous/test/auto/CausalityInterface13.xml
9 ms. Memory: 225280K Free: 133999K (59%)
----------------- Invoking toplevel() on ptolemy.moml.MoMLSimpleApplication@883981f
----------------- Done invoking toplevel() on ptolemy.moml.MoMLSimpleApplication@883981f
reloadAllAccessors: .CausalityInterface13

===========================================================================================
----------------- testing Sat Aug 29 15:32:53 UTC 2020 /home/travis/build/icyphy/ptII/ptolemy/domains/continuous/test/auto/CausalityInterface14.xml
----------------- Instantiating /home/travis/build/icyphy/ptII/ptolemy/domains/continuous/test/auto/CausalityInterface14.xml
5 ms. Memory: 225280K Free: 128399K (57%)
----------------- Invoking toplevel() on ptolemy.moml.MoMLSimpleApplication@4290379f
----------------- Done invoking toplevel() on ptolemy.moml.MoMLSimpleApplication@4290379f
reloadAllAccessors: .CausalityInterface14

===========================================================================================
----------------- testing Sat Aug 29 15:32:53 UTC 2020 /home/travis/build/icyphy/ptII/ptolemy/domains/continuous/test/auto/CausalityInterface4.xml
----------------- Instantiating /home/travis/build/icyphy/ptII/ptolemy/domains/continuous/test/auto/CausalityInterface4.xml
7 ms. Memory: 225280K Free: 121711K (54%)
----------------- Invoking toplevel() on ptolemy.moml.MoMLSimpleApplication@3f045f21
----------------- Done invoking toplevel() on ptolemy.moml.MoMLSimpleApplication@3f045f21
reloadAllAccessors: .CausalityInterface4

===========================================================================================
----------------- testing Sat Aug 29 15:32:53 UTC 2020 /home/travis/build/icyphy/ptII/ptolemy/domains/continuous/test/auto/CausalityInterface5.xml
----------------- Instantiating /home/travis/build/icyphy/ptII/ptolemy/domains/continuous/test/auto/CausalityInterface5.xml
8 ms. Memory: 225280K Free: 113549K (50%)
----------------- Invoking toplevel() on ptolemy.moml.MoMLSimpleApplication@3f391696
----------------- Done invoking toplevel() on ptolemy.moml.MoMLSimpleApplication@3f391696
reloadAllAccessors: .CausalityInterface5

===========================================================================================
----------------- testing Sat Aug 29 15:32:53 UTC 2020 /home/travis/build/icyphy/ptII/ptolemy/domains/continuous/test/auto/CausalityInterface6.xml
----------------- Instantiating /home/travis/build/icyphy/ptII/ptolemy/domains/continuous/test/auto/CausalityInterface6.xml
6 ms. Memory: 225280K Free: 107919K (48%)
----------------- Invoking toplevel() on ptolemy.moml.MoMLSimpleApplication@7da4f291
----------------- Done invoking toplevel() on ptolemy.moml.MoMLSimpleApplication@7da4f291
reloadAllAccessors: .CausalityInterface6

===========================================================================================
----------------- testing Sat Aug 29 15:32:53 UTC 2020 /home/travis/build/icyphy/ptII/ptolemy/domains/continuous/test/auto/CausalityInterface7.xml
----------------- Instantiating /home/travis/build/icyphy/ptII/ptolemy/domains/continuous/test/auto/CausalityInterface7.xml
9 ms. Memory: 225280K Free: 99727K (44%)
----------------- Invoking toplevel() on ptolemy.moml.MoMLSimpleApplication@5b98a77b
----------------- Done invoking toplevel() on ptolemy.moml.MoMLSimpleApplication@5b98a77b
reloadAllAccessors: .CausalityInterface7

===========================================================================================
----------------- testing Sat Aug 29 15:32:53 UTC 2020 /home/travis/build/icyphy/ptII/ptolemy/domains/continuous/test/auto/CausalityInterface8.xml
----------------- Instantiating /home/travis/build/icyphy/ptII/ptolemy/domains/continuous/test/auto/CausalityInterface8.xml
5 ms. Memory: 225280K Free: 90511K (40%)
----------------- Invoking toplevel() on ptolemy.moml.MoMLSimpleApplication@5ddab512
----------------- Done invoking toplevel() on ptolemy.moml.MoMLSimpleApplication@5ddab512
reloadAllAccessors: .CausalityInterface8

===========================================================================================
----------------- testing Sat Aug 29 15:32:53 UTC 2020 /home/travis/build/icyphy/ptII/ptolemy/domains/continuous/test/auto/CausalityInterface9.xml
----------------- Instantiating /home/travis/build/icyphy/ptII/ptolemy/domains/continuous/test/auto/CausalityInterface9.xml
8 ms. Memory: 225280K Free: 79757K (35%)
----------------- Invoking toplevel() on ptolemy.moml.MoMLSimpleApplication@40146422
----------------- Done invoking toplevel() on ptolemy.moml.MoMLSimpleApplication@40146422
reloadAllAccessors: .CausalityInterface9

===========================================================================================
----------------- testing Sat Aug 29 15:32:53 UTC 2020 /home/travis/build/icyphy/ptII/ptolemy/domains/continuous/test/auto/CausalityInterfaceFeedback1.xml
----------------- Instantiating /home/travis/build/icyphy/ptII/ptolemy/domains/continuous/test/auto/CausalityInterfaceFeedback1.xml
6 ms. Memory: 225280K Free: 207474K (92%)
----------------- Invoking toplevel() on ptolemy.moml.MoMLSimpleApplication@4906b80b
----------------- Done invoking toplevel() on ptolemy.moml.MoMLSimpleApplication@4906b80b
reloadAllAccessors: .CausalityInterfaceFeedback1

===========================================================================================
----------------- testing Sat Aug 29 15:32:54 UTC 2020 /home/travis/build/icyphy/ptII/ptolemy/domains/continuous/test/auto/CausalityInterfaceFeedback2.xml
----------------- Instantiating /home/travis/build/icyphy/ptII/ptolemy/domains/continuous/test/auto/CausalityInterfaceFeedback2.xml
3 ms. Memory: 225280K Free: 200802K (89%)
----------------- Invoking toplevel() on ptolemy.moml.MoMLSimpleApplication@6fda984c
----------------- Done invoking toplevel() on ptolemy.moml.MoMLSimpleApplication@6fda984c
reloadAllAccessors: .CausalityInterfaceFeedback2

===========================================================================================
----------------- testing Sat Aug 29 15:32:54 UTC 2020 /home/travis/build/icyphy/ptII/ptolemy/domains/continuous/test/auto/CompareWithCurrentTime.xml
----------------- Instantiating /home/travis/build/icyphy/ptII/ptolemy/domains/continuous/test/auto/CompareWithCurrentTime.xml
2 ms. Memory: 225280K Free: 196720K (87%)
----------------- Invoking toplevel() on ptolemy.moml.MoMLSimpleApplication@5ef8b6f6
----------------- Done invoking toplevel() on ptolemy.moml.MoMLSimpleApplication@5ef8b6f6
reloadAllAccessors: .CompareWithCurrentTime

===========================================================================================
----------------- testing Sat Aug 29 15:32:54 UTC 2020 /home/travis/build/icyphy/ptII/ptolemy/domains/continuous/test/auto/ComparedClocks.xml
----------------- Instantiating /home/travis/build/icyphy/ptII/ptolemy/domains/continuous/test/auto/ComparedClocks.xml
7 ms. Memory: 225280K Free: 181874K (81%)
----------------- Invoking toplevel() on ptolemy.moml.MoMLSimpleApplication@1b062c29
----------------- Done invoking toplevel() on ptolemy.moml.MoMLSimpleApplication@1b062c29
reloadAllAccessors: .ComparedClocks

===========================================================================================
----------------- testing Sat Aug 29 15:32:54 UTC 2020 /home/travis/build/icyphy/ptII/ptolemy/domains/continuous/test/auto/ContinuousAOCClone.xml
----------------- Instantiating /home/travis/build/icyphy/ptII/ptolemy/domains/continuous/test/auto/ContinuousAOCClone.xml
2377 ms. Memory: 270336K Free: 217877K (81%)
----------------- Invoking toplevel() on ptolemy.moml.MoMLSimpleApplication@5b6ede31
----------------- Done invoking toplevel() on ptolemy.moml.MoMLSimpleApplication@5b6ede31
reloadAllAccessors: .ContinuousAOCClone

===========================================================================================
----------------- testing Sat Aug 29 15:32:56 UTC 2020 /home/travis/build/icyphy/ptII/ptolemy/domains/continuous/test/auto/ContinuousClock.xml
----------------- Instantiating /home/travis/build/icyphy/ptII/ptolemy/domains/continuous/test/auto/ContinuousClock.xml
34 ms. Memory: 270336K Free: 196404K (73%)
----------------- Invoking toplevel() on ptolemy.moml.MoMLSimpleApplication@2eb6a29b
----------------- Done invoking toplevel() on ptolemy.moml.MoMLSimpleApplication@2eb6a29b
reloadAllAccessors: .ContinuousClock

===========================================================================================
----------------- testing Sat Aug 29 15:32:56 UTC 2020 /home/travis/build/icyphy/ptII/ptolemy/domains/continuous/test/auto/ContinuousInContinuous.xml
----------------- Instantiating /home/travis/build/icyphy/ptII/ptolemy/domains/continuous/test/auto/ContinuousInContinuous.xml
39 ms. Memory: 270336K Free: 172845K (64%)
----------------- Invoking toplevel() on ptolemy.moml.MoMLSimpleApplication@2675c23d
----------------- Done invoking toplevel() on ptolemy.moml.MoMLSimpleApplication@2675c23d
reloadAllAccessors: .ContinuousInContinuous

===========================================================================================
----------------- testing Sat Aug 29 15:32:56 UTC 2020 /home/travis/build/icyphy/ptII/ptolemy/domains/continuous/test/auto/ContinuousInContinuousInContinuous.xml
----------------- Instantiating /home/travis/build/icyphy/ptII/ptolemy/domains/continuous/test/auto/ContinuousInContinuousInContinuous.xml
6 ms. Memory: 270336K Free: 165684K (61%)
----------------- Invoking toplevel() on ptolemy.moml.MoMLSimpleApplication@4902c39c
----------------- Done invoking toplevel() on ptolemy.moml.MoMLSimpleApplication@4902c39c
reloadAllAccessors: .ContinuousInContinuousInContinuous

===========================================================================================
----------------- testing Sat Aug 29 15:32:56 UTC 2020 /home/travis/build/icyphy/ptII/ptolemy/domains/continuous/test/auto/ContinuousInDE.xml
----------------- Instantiating /home/travis/build/icyphy/ptII/ptolemy/domains/continuous/test/auto/ContinuousInDE.xml
63 ms. Memory: 270336K Free: 155444K (58%)
----------------- Invoking toplevel() on ptolemy.moml.MoMLSimpleApplication@2bd62a48
----------------- Done invoking toplevel() on ptolemy.moml.MoMLSimpleApplication@2bd62a48
reloadAllAccessors: .ContinuousInDE

===========================================================================================
----------------- testing Sat Aug 29 15:32:57 UTC 2020 /home/travis/build/icyphy/ptII/ptolemy/domains/continuous/test/auto/ContinuousInDE2.xml
----------------- Instantiating /home/travis/build/icyphy/ptII/ptolemy/domains/continuous/test/auto/ContinuousInDE2.xml
31 ms. Memory: 270336K Free: 145718K (54%)
----------------- Invoking toplevel() on ptolemy.moml.MoMLSimpleApplication@2bd7c829
----------------- Done invoking toplevel() on ptolemy.moml.MoMLSimpleApplication@2bd7c829
reloadAllAccessors: .ContinuousInDE2

===========================================================================================
----------------- testing Sat Aug 29 15:32:57 UTC 2020 /home/travis/build/icyphy/ptII/ptolemy/domains/continuous/test/auto/ContinuousInDE3.xml
----------------- Instantiating /home/travis/build/icyphy/ptII/ptolemy/domains/continuous/test/auto/ContinuousInDE3.xml
31 ms. Memory: 270336K Free: 135988K (50%)
----------------- Invoking toplevel() on ptolemy.moml.MoMLSimpleApplication@23e29146
----------------- Done invoking toplevel() on ptolemy.moml.MoMLSimpleApplication@23e29146
reloadAllAccessors: .ContinuousInDE3

===========================================================================================
----------------- testing Sat Aug 29 15:32:57 UTC 2020 /home/travis/build/icyphy/ptII/ptolemy/domains/continuous/test/auto/ContinuousInDE4.xml
----------------- Instantiating /home/travis/build/icyphy/ptII/ptolemy/domains/continuous/test/auto/ContinuousInDE4.xml
13 ms. Memory: 270336K Free: 129844K (48%)
----------------- Invoking toplevel() on ptolemy.moml.MoMLSimpleApplication@5cdcaace
----------------- Done invoking toplevel() on ptolemy.moml.MoMLSimpleApplication@5cdcaace
reloadAllAccessors: .ContinuousInDE4

===========================================================================================
----------------- testing Sat Aug 29 15:32:57 UTC 2020 /home/travis/build/icyphy/ptII/ptolemy/domains/continuous/test/auto/ContinuousInDEDifferentRefinements.xml
----------------- Instantiating /home/travis/build/icyphy/ptII/ptolemy/domains/continuous/test/auto/ContinuousInDEDifferentRefinements.xml
55 ms. Memory: 270336K Free: 98614K (36%)
----------------- Invoking toplevel() on ptolemy.moml.MoMLSimpleApplication@1a8d739e
----------------- Done invoking toplevel() on ptolemy.moml.MoMLSimpleApplication@1a8d739e
reloadAllAccessors: .ContinuousInDEDifferentRefinements

===========================================================================================
----------------- testing Sat Aug 29 15:32:57 UTC 2020 /home/travis/build/icyphy/ptII/ptolemy/domains/continuous/test/auto/ContinuousInDEDifferentRefinementsPreemptive.xml
----------------- Instantiating /home/travis/build/icyphy/ptII/ptolemy/domains/continuous/test/auto/ContinuousInDEDifferentRefinementsPreemptive.xml
40 ms. Memory: 270336K Free: 229073K (85%)
----------------- Invoking toplevel() on ptolemy.moml.MoMLSimpleApplication@217892b5
----------------- Done invoking toplevel() on ptolemy.moml.MoMLSimpleApplication@217892b5
reloadAllAccessors: .ContinuousInDEDifferentRefinementsPreemptive

===========================================================================================
----------------- testing Sat Aug 29 15:32:57 UTC 2020 /home/travis/build/icyphy/ptII/ptolemy/domains/continuous/test/auto/ContinuousInDEInContinuous2.xml
----------------- Instantiating /home/travis/build/icyphy/ptII/ptolemy/domains/continuous/test/auto/ContinuousInDEInContinuous2.xml
30 ms. Memory: 270336K Free: 217809K (81%)
----------------- Invoking toplevel() on ptolemy.moml.MoMLSimpleApplication@5be7e00f
----------------- Done invoking toplevel() on ptolemy.moml.MoMLSimpleApplication@5be7e00f
reloadAllAccessors: .ContinuousInDEInContinuous2

===========================================================================================
----------------- testing Sat Aug 29 15:32:57 UTC 2020 /home/travis/build/icyphy/ptII/ptolemy/domains/continuous/test/auto/ContinuousInDEInContinuous3.xml
----------------- Instantiating /home/travis/build/icyphy/ptII/ptolemy/domains/continuous/test/auto/ContinuousInDEInContinuous3.xml
36 ms. Memory: 270336K Free: 205521K (76%)
----------------- Invoking toplevel() on ptolemy.moml.MoMLSimpleApplication@6c61bd21
----------------- Done invoking toplevel() on ptolemy.moml.MoMLSimpleApplication@6c61bd21
reloadAllAccessors: .ContinuousInDEInContinuous3

===========================================================================================
----------------- testing Sat Aug 29 15:32:57 UTC 2020 /home/travis/build/icyphy/ptII/ptolemy/domains/continuous/test/auto/ContinuousInDEInput.xml
----------------- Instantiating /home/travis/build/icyphy/ptII/ptolemy/domains/continuous/test/auto/ContinuousInDEInput.xml
17 ms. Memory: 270336K Free: 198353K (73%)
----------------- Invoking toplevel() on ptolemy.moml.MoMLSimpleApplication@af109fe
----------------- Done invoking toplevel() on ptolemy.moml.MoMLSimpleApplication@af109fe
reloadAllAccessors: .ContinuousInDEInput

===========================================================================================
----------------- testing Sat Aug 29 15:32:57 UTC 2020 /home/travis/build/icyphy/ptII/ptolemy/domains/continuous/test/auto/ContinuousInDEInput2.xml
----------------- Instantiating /home/travis/build/icyphy/ptII/ptolemy/domains/continuous/test/auto/ContinuousInDEInput2.xml
14 ms. Memory: 270336K Free: 191185K (71%)
----------------- Invoking toplevel() on ptolemy.moml.MoMLSimpleApplication@5f518577
----------------- Done invoking toplevel() on ptolemy.moml.MoMLSimpleApplication@5f518577
reloadAllAccessors: .ContinuousInDEInput2

===========================================================================================
----------------- testing Sat Aug 29 15:32:57 UTC 2020 /home/travis/build/icyphy/ptII/ptolemy/domains/continuous/test/auto/ContinuousInDEInput3.xml
----------------- Instantiating /home/travis/build/icyphy/ptII/ptolemy/domains/continuous/test/auto/ContinuousInDEInput3.xml
14 ms. Memory: 270336K Free: 184017K (68%)
----------------- Invoking toplevel() on ptolemy.moml.MoMLSimpleApplication@5f91392d
----------------- Done invoking toplevel() on ptolemy.moml.MoMLSimpleApplication@5f91392d
reloadAllAccessors: .ContinuousInDEInput3

===========================================================================================
----------------- testing Sat Aug 29 15:32:57 UTC 2020 /home/travis/build/icyphy/ptII/ptolemy/domains/continuous/test/auto/ContinuousInDESharingRefinement.xml
----------------- Instantiating /home/travis/build/icyphy/ptII/ptolemy/domains/continuous/test/auto/ContinuousInDESharingRefinement.xml
169 ms. Memory: 270336K Free: 250325K (93%)
----------------- Invoking toplevel() on ptolemy.moml.MoMLSimpleApplication@538c1fad
----------------- Done invoking toplevel() on ptolemy.moml.MoMLSimpleApplication@538c1fad
reloadAllAccessors: .ContinuousInDESharingRefinement

===========================================================================================
----------------- testing Sat Aug 29 15:32:57 UTC 2020 /home/travis/build/icyphy/ptII/ptolemy/domains/continuous/test/auto/ContinuousInDEwithNoPorts.xml
----------------- Instantiating /home/travis/build/icyphy/ptII/ptolemy/domains/continuous/test/auto/ContinuousInDEwithNoPorts.xml
4 ms. Memory: 270336K Free: 245685K (91%)
----------------- Invoking toplevel() on ptolemy.moml.MoMLSimpleApplication@2f2f4cdf
----------------- Done invoking toplevel() on ptolemy.moml.MoMLSimpleApplication@2f2f4cdf
reloadAllAccessors: .ContinuousInDEwithNoPorts

===========================================================================================
----------------- testing Sat Aug 29 15:32:57 UTC 2020 /home/travis/build/icyphy/ptII/ptolemy/domains/continuous/test/auto/ContinuousInsideDE.xml
----------------- Instantiating /home/travis/build/icyphy/ptII/ptolemy/domains/continuous/test/auto/ContinuousInsideDE.xml
34 ms. Memory: 270336K Free: 234451K (87%)
----------------- Invoking toplevel() on ptolemy.moml.MoMLSimpleApplication@74b73daa
----------------- Done invoking toplevel() on ptolemy.moml.MoMLSimpleApplication@74b73daa
reloadAllAccessors: .ContinuousInsideDE

===========================================================================================
----------------- testing Sat Aug 29 15:32:57 UTC 2020 /home/travis/build/icyphy/ptII/ptolemy/domains/continuous/test/auto/ContinuousMerge1.xml
----------------- Instantiating /home/travis/build/icyphy/ptII/ptolemy/domains/continuous/test/auto/ContinuousMerge1.xml
2 ms. Memory: 270336K Free: 230341K (85%)
----------------- Invoking toplevel() on ptolemy.moml.MoMLSimpleApplication@184c84ad
----------------- Done invoking toplevel() on ptolemy.moml.MoMLSimpleApplication@184c84ad
reloadAllAccessors: .ContinuousMerge1

===========================================================================================
----------------- testing Sat Aug 29 15:32:57 UTC 2020 /home/travis/build/icyphy/ptII/ptolemy/domains/continuous/test/auto/ContinuousMerge2.xml
----------------- Instantiating /home/travis/build/icyphy/ptII/ptolemy/domains/continuous/test/auto/ContinuousMerge2.xml
12 ms. Memory: 270336K Free: 220115K (81%)
----------------- Invoking toplevel() on ptolemy.moml.MoMLSimpleApplication@5b745864
----------------- Done invoking toplevel() on ptolemy.moml.MoMLSimpleApplication@5b745864
reloadAllAccessors: .ContinuousMerge2

===========================================================================================
----------------- testing Sat Aug 29 15:32:57 UTC 2020 /home/travis/build/icyphy/ptII/ptolemy/domains/continuous/test/auto/ContinuousMerge3.xml
----------------- Instantiating /home/travis/build/icyphy/ptII/ptolemy/domains/continuous/test/auto/ContinuousMerge3.xml
42 ms. Memory: 270336K Free: 209365K (77%)
----------------- Invoking toplevel() on ptolemy.moml.MoMLSimpleApplication@3067817f
----------------- Done invoking toplevel() on ptolemy.moml.MoMLSimpleApplication@3067817f
reloadAllAccessors: .ContinuousMerge3

===========================================================================================
----------------- testing Sat Aug 29 15:32:57 UTC 2020 /home/travis/build/icyphy/ptII/ptolemy/domains/continuous/test/auto/ContinuousWithinContinuous.xml
----------------- Instantiating /home/travis/build/icyphy/ptII/ptolemy/domains/continuous/test/auto/ContinuousWithinContinuous.xml
35 ms. Memory: 270336K Free: 200659K (74%)
----------------- Invoking toplevel() on ptolemy.moml.MoMLSimpleApplication@5d1dc0b4
----------------- Done invoking toplevel() on ptolemy.moml.MoMLSimpleApplication@5d1dc0b4
reloadAllAccessors: .ContinuousWithinContinuous

===========================================================================================
----------------- testing Sat Aug 29 15:32:58 UTC 2020 /home/travis/build/icyphy/ptII/ptolemy/domains/continuous/test/auto/ContinuousWithinContinuous2.xml
----------------- Instantiating /home/travis/build/icyphy/ptII/ptolemy/domains/continuous/test/auto/ContinuousWithinContinuous2.xml
64 ms. Memory: 270336K Free: 189909K (70%)
----------------- Invoking toplevel() on ptolemy.moml.MoMLSimpleApplication@de2c3ad
----------------- Done invoking toplevel() on ptolemy.moml.MoMLSimpleApplication@de2c3ad
reloadAllAccessors: .ContinuousWithinContinuous2

===========================================================================================
----------------- testing Sat Aug 29 15:32:58 UTC 2020 /home/travis/build/icyphy/ptII/ptolemy/domains/continuous/test/auto/ContinuousWithinContinuous3.xml
----------------- Instantiating /home/travis/build/icyphy/ptII/ptolemy/domains/continuous/test/auto/ContinuousWithinContinuous3.xml
12 ms. Memory: 270336K Free: 182741K (68%)
----------------- Invoking toplevel() on ptolemy.moml.MoMLSimpleApplication@2cdd75c
----------------- Done invoking toplevel() on ptolemy.moml.MoMLSimpleApplication@2cdd75c
reloadAllAccessors: .ContinuousWithinContinuous3

===========================================================================================
----------------- testing Sat Aug 29 15:32:58 UTC 2020 /home/travis/build/icyphy/ptII/ptolemy/domains/continuous/test/auto/ContinuousWithinContinuous4.xml
----------------- Instantiating /home/travis/build/icyphy/ptII/ptolemy/domains/continuous/test/auto/ContinuousWithinContinuous4.xml
67 ms. Memory: 270336K Free: 170453K (63%)
----------------- Invoking toplevel() on ptolemy.moml.MoMLSimpleApplication@20cfeb43
----------------- Done invoking toplevel() on ptolemy.moml.MoMLSimpleApplication@20cfeb43
reloadAllAccessors: .ContinuousWithinContinuous4

===========================================================================================
----------------- testing Sat Aug 29 15:32:58 UTC 2020 /home/travis/build/icyphy/ptII/ptolemy/domains/continuous/test/auto/ContinuousWithinContinuous5.xml
----------------- Instantiating /home/travis/build/icyphy/ptII/ptolemy/domains/continuous/test/auto/ContinuousWithinContinuous5.xml
13 ms. Memory: 270336K Free: 163285K (60%)
----------------- Invoking toplevel() on ptolemy.moml.MoMLSimpleApplication@5c8bf101
----------------- Done invoking toplevel() on ptolemy.moml.MoMLSimpleApplication@5c8bf101
reloadAllAccessors: .ContinuousWithinContinuous5

===========================================================================================
----------------- testing Sat Aug 29 15:32:58 UTC 2020 /home/travis/build/icyphy/ptII/ptolemy/domains/continuous/test/auto/ContinuousWithinContinuous6.xml
----------------- Instantiating /home/travis/build/icyphy/ptII/ptolemy/domains/continuous/test/auto/ContinuousWithinContinuous6.xml
12 ms. Memory: 270336K Free: 156627K (58%)
----------------- Invoking toplevel() on ptolemy.moml.MoMLSimpleApplication@49c51e82
----------------- Done invoking toplevel() on ptolemy.moml.MoMLSimpleApplication@49c51e82
reloadAllAccessors: .ContinuousWithinContinuous6

===========================================================================================
----------------- testing Sat Aug 29 15:32:58 UTC 2020 /home/travis/build/icyphy/ptII/ptolemy/domains/continuous/test/auto/ContinuousWithinContinuous7.xml
----------------- Instantiating /home/travis/build/icyphy/ptII/ptolemy/domains/continuous/test/auto/ContinuousWithinContinuous7.xml
55 ms. Memory: 270336K Free: 145363K (54%)
----------------- Invoking toplevel() on ptolemy.moml.MoMLSimpleApplication@390faf11
----------------- Done invoking toplevel() on ptolemy.moml.MoMLSimpleApplication@390faf11
reloadAllAccessors: .ContinuousWithinContinuous7

===========================================================================================
----------------- testing Sat Aug 29 15:32:58 UTC 2020 /home/travis/build/icyphy/ptII/ptolemy/domains/continuous/test/auto/DCMotor.xml
----------------- Instantiating /home/travis/build/icyphy/ptII/ptolemy/domains/continuous/test/auto/DCMotor.xml
13068 ms. Memory: 270336K Free: 129926K (48%)
----------------- Invoking toplevel() on ptolemy.moml.MoMLSimpleApplication@4d54ab08
----------------- Done invoking toplevel() on ptolemy.moml.MoMLSimpleApplication@4d54ab08
reloadAllAccessors: .DCMotor

===========================================================================================
----------------- testing Sat Aug 29 15:33:11 UTC 2020 /home/travis/build/icyphy/ptII/ptolemy/domains/continuous/test/auto/DEInContinuous.xml
----------------- Instantiating /home/travis/build/icyphy/ptII/ptolemy/domains/continuous/test/auto/DEInContinuous.xml
15 ms. Memory: 270336K Free: 123782K (46%)
----------------- Invoking toplevel() on ptolemy.moml.MoMLSimpleApplication@47beb18e
----------------- Done invoking toplevel() on ptolemy.moml.MoMLSimpleApplication@47beb18e
reloadAllAccessors: .DEInContinuous

===========================================================================================
----------------- testing Sat Aug 29 15:33:11 UTC 2020 /home/travis/build/icyphy/ptII/ptolemy/domains/continuous/test/auto/DEinContinuous2.xml
----------------- Instantiating /home/travis/build/icyphy/ptII/ptolemy/domains/continuous/test/auto/DEinContinuous2.xml
6 ms. Memory: 270336K Free: 116086K (43%)
----------------- Invoking toplevel() on ptolemy.moml.MoMLSimpleApplication@606e79c8
----------------- Done invoking toplevel() on ptolemy.moml.MoMLSimpleApplication@606e79c8
reloadAllAccessors: .DEinContinuous2

===========================================================================================
----------------- testing Sat Aug 29 15:33:11 UTC 2020 /home/travis/build/icyphy/ptII/ptolemy/domains/continuous/test/auto/Derivative.xml
----------------- Instantiating /home/travis/build/icyphy/ptII/ptolemy/domains/continuous/test/auto/Derivative.xml
127 ms. Memory: 270336K Free: 247278K (91%)
----------------- Invoking toplevel() on ptolemy.moml.MoMLSimpleApplication@3fc1da80
----------------- Done invoking toplevel() on ptolemy.moml.MoMLSimpleApplication@3fc1da80
reloadAllAccessors: .Derivative2

===========================================================================================
----------------- testing Sat Aug 29 15:33:11 UTC 2020 /home/travis/build/icyphy/ptII/ptolemy/domains/continuous/test/auto/Derivative1.xml
----------------- Instantiating /home/travis/build/icyphy/ptII/ptolemy/domains/continuous/test/auto/Derivative1.xml
17 ms. Memory: 270336K Free: 233397K (86%)
----------------- Invoking toplevel() on ptolemy.moml.MoMLSimpleApplication@55b6f2bf
----------------- Done invoking toplevel() on ptolemy.moml.MoMLSimpleApplication@55b6f2bf
reloadAllAccessors: .Derivative1

===========================================================================================
----------------- testing Sat Aug 29 15:33:11 UTC 2020 /home/travis/build/icyphy/ptII/ptolemy/domains/continuous/test/auto/DiscreteClock.xml
----------------- Instantiating /home/travis/build/icyphy/ptII/ptolemy/domains/continuous/test/auto/DiscreteClock.xml
4 ms. Memory: 270336K Free: 227767K (84%)
----------------- Invoking toplevel() on ptolemy.moml.MoMLSimpleApplication@356b78f9
----------------- Done invoking toplevel() on ptolemy.moml.MoMLSimpleApplication@356b78f9
reloadAllAccessors: .DiscreteClock

===========================================================================================
----------------- testing Sat Aug 29 15:33:11 UTC 2020 /home/travis/build/icyphy/ptII/ptolemy/domains/continuous/test/auto/EfficiencyCurve.xml
----------------- Instantiating /home/travis/build/icyphy/ptII/ptolemy/domains/continuous/test/auto/EfficiencyCurve.xml
59 ms. Memory: 270336K Free: 218551K (81%)
----------------- Invoking toplevel() on ptolemy.moml.MoMLSimpleApplication@4f67558e
----------------- Done invoking toplevel() on ptolemy.moml.MoMLSimpleApplication@4f67558e
reloadAllAccessors: .EfficiencyCurve

===========================================================================================
----------------- testing Sat Aug 29 15:33:11 UTC 2020 /home/travis/build/icyphy/ptII/ptolemy/domains/continuous/test/auto/ExponentialResponse.xml
----------------- Instantiating /home/travis/build/icyphy/ptII/ptolemy/domains/continuous/test/auto/ExponentialResponse.xml
77 ms. Memory: 270336K Free: 203191K (75%)
----------------- Invoking toplevel() on ptolemy.moml.MoMLSimpleApplication@440f6156
----------------- Done invoking toplevel() on ptolemy.moml.MoMLSimpleApplication@440f6156
reloadAllAccessors: .ExponentialResponse

===========================================================================================
----------------- testing Sat Aug 29 15:33:12 UTC 2020 /home/travis/build/icyphy/ptII/ptolemy/domains/continuous/test/auto/ExponentialResponseRK45.xml
----------------- Instantiating /home/travis/build/icyphy/ptII/ptolemy/domains/continuous/test/auto/ExponentialResponseRK45.xml
19 ms. Memory: 270336K Free: 196533K (73%)
----------------- Invoking toplevel() on ptolemy.moml.MoMLSimpleApplication@7542c225
----------------- Done invoking toplevel() on ptolemy.moml.MoMLSimpleApplication@7542c225
reloadAllAccessors: .ExponentialResponseRK45

===========================================================================================
----------------- testing Sat Aug 29 15:33:12 UTC 2020 /home/travis/build/icyphy/ptII/ptolemy/domains/continuous/test/auto/Friction.xml
----------------- Instantiating /home/travis/build/icyphy/ptII/ptolemy/domains/continuous/test/auto/Friction.xml
1345 ms. Memory: 270336K Free: 98105K (36%)
----------------- Invoking toplevel() on ptolemy.moml.MoMLSimpleApplication@2ea2928d
----------------- Done invoking toplevel() on ptolemy.moml.MoMLSimpleApplication@2ea2928d
reloadAllAccessors: .Friction

===========================================================================================
----------------- testing Sat Aug 29 15:33:13 UTC 2020 /home/travis/build/icyphy/ptII/ptolemy/domains/continuous/test/auto/FurutaPendulum.xml
----------------- Instantiating /home/travis/build/icyphy/ptII/ptolemy/domains/continuous/test/auto/FurutaPendulum.xml
2616 ms. Memory: 270336K Free: 99716K (37%)
----------------- Invoking toplevel() on ptolemy.moml.MoMLSimpleApplication@63fd894e
----------------- Done invoking toplevel() on ptolemy.moml.MoMLSimpleApplication@63fd894e
reloadAllAccessors: .FurutaPendulum

===========================================================================================
----------------- testing Sat Aug 29 15:33:16 UTC 2020 /home/travis/build/icyphy/ptII/ptolemy/domains/continuous/test/auto/HierarchicalExecution.xml
----------------- Instantiating /home/travis/build/icyphy/ptII/ptolemy/domains/continuous/test/auto/HierarchicalExecution.xml
1400 ms. Memory: 270336K Free: 134592K (50%)
----------------- Invoking toplevel() on ptolemy.moml.MoMLSimpleApplication@b3d4bda
----------------- Done invoking toplevel() on ptolemy.moml.MoMLSimpleApplication@b3d4bda
reloadAllAccessors: .HierarchicalExecution

===========================================================================================
----------------- testing Sat Aug 29 15:33:17 UTC 2020 /home/travis/build/icyphy/ptII/ptolemy/domains/continuous/test/auto/HybridPlant.xml
----------------- Instantiating /home/travis/build/icyphy/ptII/ptolemy/domains/continuous/test/auto/HybridPlant.xml
470 ms. Memory: 270336K Free: 192406K (71%)
----------------- Invoking toplevel() on ptolemy.moml.MoMLSimpleApplication@565b5738
----------------- Done invoking toplevel() on ptolemy.moml.MoMLSimpleApplication@565b5738
reloadAllAccessors: .HybridPlant

===========================================================================================
----------------- testing Sat Aug 29 15:33:18 UTC 2020 /home/travis/build/icyphy/ptII/ptolemy/domains/continuous/test/auto/Hysteresis.xml
----------------- Instantiating /home/travis/build/icyphy/ptII/ptolemy/domains/continuous/test/auto/Hysteresis.xml
124 ms. Memory: 270336K Free: 130421K (48%)
----------------- Invoking toplevel() on ptolemy.moml.MoMLSimpleApplication@2044b1ef
----------------- Done invoking toplevel() on ptolemy.moml.MoMLSimpleApplication@2044b1ef
reloadAllAccessors: .Hysteresis

===========================================================================================
----------------- testing Sat Aug 29 15:33:18 UTC 2020 /home/travis/build/icyphy/ptII/ptolemy/domains/continuous/test/auto/HysteresisWithRandomDelay.xml
----------------- Instantiating /home/travis/build/icyphy/ptII/ptolemy/domains/continuous/test/auto/HysteresisWithRandomDelay.xml
169 ms. Memory: 270336K Free: 220175K (81%)
----------------- Invoking toplevel() on ptolemy.moml.MoMLSimpleApplication@3ba19b
----------------- Done invoking toplevel() on ptolemy.moml.MoMLSimpleApplication@3ba19b
reloadAllAccessors: .HysteresisWithRandomDelay

===========================================================================================
----------------- testing Sat Aug 29 15:33:18 UTC 2020 /home/travis/build/icyphy/ptII/ptolemy/domains/continuous/test/auto/HysteresisWithRandomLosses.xml
----------------- Instantiating /home/travis/build/icyphy/ptII/ptolemy/domains/continuous/test/auto/HysteresisWithRandomLosses.xml
2178 ms. Memory: 270336K Free: 121611K (45%)
----------------- Invoking toplevel() on ptolemy.moml.MoMLSimpleApplication@54a836f2
----------------- Done invoking toplevel() on ptolemy.moml.MoMLSimpleApplication@54a836f2
reloadAllAccessors: .HysteresisWithRandomLosses

===========================================================================================
----------------- testing Sat Aug 29 15:33:21 UTC 2020 /home/travis/build/icyphy/ptII/ptolemy/domains/continuous/test/auto/ImmediateTransitions.xml
----------------- Instantiating /home/travis/build/icyphy/ptII/ptolemy/domains/continuous/test/auto/ImmediateTransitions.xml
9 ms. Memory: 270336K Free: 110875K (41%)
----------------- Invoking toplevel() on ptolemy.moml.MoMLSimpleApplication@37e78029
----------------- Done invoking toplevel() on ptolemy.moml.MoMLSimpleApplication@37e78029
reloadAllAccessors: .ImmediateTransitions

===========================================================================================
----------------- testing Sat Aug 29 15:33:21 UTC 2020 /home/travis/build/icyphy/ptII/ptolemy/domains/continuous/test/auto/ImpulseFeedback.xml
----------------- Instantiating /home/travis/build/icyphy/ptII/ptolemy/domains/continuous/test/auto/ImpulseFeedback.xml
6 ms. Memory: 270336K Free: 105241K (39%)
----------------- Invoking toplevel() on ptolemy.moml.MoMLSimpleApplication@6f5d2b8
----------------- Done invoking toplevel() on ptolemy.moml.MoMLSimpleApplication@6f5d2b8
reloadAllAccessors: .ImpulseFeedback

===========================================================================================
----------------- testing Sat Aug 29 15:33:21 UTC 2020 /home/travis/build/icyphy/ptII/ptolemy/domains/continuous/test/auto/ImpulseFeedback2.xml
----------------- Instantiating /home/travis/build/icyphy/ptII/ptolemy/domains/continuous/test/auto/ImpulseFeedback2.xml
4 ms. Memory: 270336K Free: 99611K (37%)
----------------- Invoking toplevel() on ptolemy.moml.MoMLSimpleApplication@78c1b600
----------------- Done invoking toplevel() on ptolemy.moml.MoMLSimpleApplication@78c1b600
reloadAllAccessors: .ImpulseFeedback2

===========================================================================================
----------------- testing Sat Aug 29 15:33:21 UTC 2020 /home/travis/build/icyphy/ptII/ptolemy/domains/continuous/test/auto/IncreasingRatePoisson.xml
----------------- Instantiating /home/travis/build/icyphy/ptII/ptolemy/domains/continuous/test/auto/IncreasingRatePoisson.xml
668 ms. Memory: 270336K Free: 97910K (36%)
----------------- Invoking toplevel() on ptolemy.moml.MoMLSimpleApplication@5afccac7
----------------- Done invoking toplevel() on ptolemy.moml.MoMLSimpleApplication@5afccac7
reloadAllAccessors: .IncreasingRatePoisson

===========================================================================================
----------------- testing Sat Aug 29 15:33:21 UTC 2020 /home/travis/build/icyphy/ptII/ptolemy/domains/continuous/test/auto/InitialStateFeedback.xml
----------------- Instantiating /home/travis/build/icyphy/ptII/ptolemy/domains/continuous/test/auto/InitialStateFeedback.xml
5 ms. Memory: 270336K Free: 93318K (35%)
----------------- Invoking toplevel() on ptolemy.moml.MoMLSimpleApplication@56be398e
----------------- Done invoking toplevel() on ptolemy.moml.MoMLSimpleApplication@56be398e
reloadAllAccessors: .InitialStateFeedback

===========================================================================================
----------------- testing Sat Aug 29 15:33:21 UTC 2020 /home/travis/build/icyphy/ptII/ptolemy/domains/continuous/test/auto/Integration.xml
----------------- Instantiating /home/travis/build/icyphy/ptII/ptolemy/domains/continuous/test/auto/Integration.xml
2 ms. Memory: 270336K Free: 250347K (93%)
----------------- Invoking toplevel() on ptolemy.moml.MoMLSimpleApplication@7f76868a
----------------- Done invoking toplevel() on ptolemy.moml.MoMLSimpleApplication@7f76868a
reloadAllAccessors: .Integration

===========================================================================================
----------------- testing Sat Aug 29 15:33:21 UTC 2020 /home/travis/build/icyphy/ptII/ptolemy/domains/continuous/test/auto/Integration2.xml
----------------- Instantiating /home/travis/build/icyphy/ptII/ptolemy/domains/continuous/test/auto/Integration2.xml
62 ms. Memory: 270336K Free: 236011K (87%)
----------------- Invoking toplevel() on ptolemy.moml.MoMLSimpleApplication@14350ec
----------------- Done invoking toplevel() on ptolemy.moml.MoMLSimpleApplication@14350ec
reloadAllAccessors: .Integration2

===========================================================================================
----------------- testing Sat Aug 29 15:33:21 UTC 2020 /home/travis/build/icyphy/ptII/ptolemy/domains/continuous/test/auto/Integration3.xml
----------------- Instantiating /home/travis/build/icyphy/ptII/ptolemy/domains/continuous/test/auto/Integration3.xml
2 ms. Memory: 270336K Free: 231401K (86%)
----------------- Invoking toplevel() on ptolemy.moml.MoMLSimpleApplication@1773b33b
----------------- Done invoking toplevel() on ptolemy.moml.MoMLSimpleApplication@1773b33b
reloadAllAccessors: .Integration3

===========================================================================================
----------------- testing Sat Aug 29 15:33:21 UTC 2020 /home/travis/build/icyphy/ptII/ptolemy/domains/continuous/test/auto/Integration5.xml
----------------- Instantiating /home/travis/build/icyphy/ptII/ptolemy/domains/continuous/test/auto/Integration5.xml
2 ms. Memory: 270336K Free: 227305K (84%)
----------------- Invoking toplevel() on ptolemy.moml.MoMLSimpleApplication@497d5db2
----------------- Done invoking toplevel() on ptolemy.moml.MoMLSimpleApplication@497d5db2
reloadAllAccessors: .Integration5

===========================================================================================
----------------- testing Sat Aug 29 15:33:21 UTC 2020 /home/travis/build/icyphy/ptII/ptolemy/domains/continuous/test/auto/IntegratorImpulse.xml
----------------- Instantiating /home/travis/build/icyphy/ptII/ptolemy/domains/continuous/test/auto/IntegratorImpulse.xml
2 ms. Memory: 270336K Free: 223179K (83%)
----------------- Invoking toplevel() on ptolemy.moml.MoMLSimpleApplication@54014caa
----------------- Done invoking toplevel() on ptolemy.moml.MoMLSimpleApplication@54014caa
reloadAllAccessors: .IntegratorImpulse

===========================================================================================
----------------- testing Sat Aug 29 15:33:21 UTC 2020 /home/travis/build/icyphy/ptII/ptolemy/domains/continuous/test/auto/IntegratorImpulse2.xml
----------------- Instantiating /home/travis/build/icyphy/ptII/ptolemy/domains/continuous/test/auto/IntegratorImpulse2.xml
4 ms. Memory: 270336K Free: 218603K (81%)
----------------- Invoking toplevel() on ptolemy.moml.MoMLSimpleApplication@40b6a75
----------------- Done invoking toplevel() on ptolemy.moml.MoMLSimpleApplication@40b6a75
reloadAllAccessors: .IntegratorImpulse2

===========================================================================================
----------------- testing Sat Aug 29 15:33:22 UTC 2020 /home/travis/build/icyphy/ptII/ptolemy/domains/continuous/test/auto/LevelCrossing1.xml
----------------- Instantiating /home/travis/build/icyphy/ptII/ptolemy/domains/continuous/test/auto/LevelCrossing1.xml
1 ms. Memory: 270336K Free: 213483K (79%)
----------------- Invoking toplevel() on ptolemy.moml.MoMLSimpleApplication@2b594a6a
----------------- Done invoking toplevel() on ptolemy.moml.MoMLSimpleApplication@2b594a6a
reloadAllAccessors: .LevelCrossing1

===========================================================================================
----------------- testing Sat Aug 29 15:33:22 UTC 2020 /home/travis/build/icyphy/ptII/ptolemy/domains/continuous/test/auto/LevelCrossing2.xml
----------------- Instantiating /home/travis/build/icyphy/ptII/ptolemy/domains/continuous/test/auto/LevelCrossing2.xml
3 ms. Memory: 270336K Free: 208363K (77%)
----------------- Invoking toplevel() on ptolemy.moml.MoMLSimpleApplication@5d27beb8
----------------- Done invoking toplevel() on ptolemy.moml.MoMLSimpleApplication@5d27beb8
reloadAllAccessors: .LevelCrossing2

===========================================================================================
----------------- testing Sat Aug 29 15:33:22 UTC 2020 /home/travis/build/icyphy/ptII/ptolemy/domains/continuous/test/auto/LevelCrossing3.xml
----------------- Instantiating /home/travis/build/icyphy/ptII/ptolemy/domains/continuous/test/auto/LevelCrossing3.xml
4 ms. Memory: 270336K Free: 203243K (75%)
----------------- Invoking toplevel() on ptolemy.moml.MoMLSimpleApplication@23664b2a
----------------- Done invoking toplevel() on ptolemy.moml.MoMLSimpleApplication@23664b2a
reloadAllAccessors: .LevelCrossing3

===========================================================================================
----------------- testing Sat Aug 29 15:33:22 UTC 2020 /home/travis/build/icyphy/ptII/ptolemy/domains/continuous/test/auto/LevelCrossing4.xml
----------------- Instantiating /home/travis/build/icyphy/ptII/ptolemy/domains/continuous/test/auto/LevelCrossing4.xml
2 ms. Memory: 270336K Free: 198123K (73%)
----------------- Invoking toplevel() on ptolemy.moml.MoMLSimpleApplication@556bd3f
----------------- Done invoking toplevel() on ptolemy.moml.MoMLSimpleApplication@556bd3f
reloadAllAccessors: .LevelCrossing4

===========================================================================================
----------------- testing Sat Aug 29 15:33:22 UTC 2020 /home/travis/build/icyphy/ptII/ptolemy/domains/continuous/test/auto/LevelCrossing5.xml
----------------- Instantiating /home/travis/build/icyphy/ptII/ptolemy/domains/continuous/test/auto/LevelCrossing5.xml
2 ms. Memory: 270336K Free: 193003K (71%)
----------------- Invoking toplevel() on ptolemy.moml.MoMLSimpleApplication@4529caf6
----------------- Done invoking toplevel() on ptolemy.moml.MoMLSimpleApplication@4529caf6
reloadAllAccessors: .LevelCrossing5

===========================================================================================
[...]
----------------- Instantiating /home/travis/build/icyphy/ptII/ptolemy/domains/continuous/test/auto/SRinContinuous.xml
5 ms. Memory: 324608K Free: 218010K (67%)
----------------- Invoking toplevel() on ptolemy.moml.MoMLSimpleApplication@755de388
----------------- Done invoking toplevel() on ptolemy.moml.MoMLSimpleApplication@755de388
reloadAllAccessors: .SRinContinuous

===========================================================================================
----------------- testing Sat Aug 29 15:33:37 UTC 2020 /home/travis/build/icyphy/ptII/ptolemy/domains/continuous/test/auto/SampledClocks.xml
----------------- Instantiating /home/travis/build/icyphy/ptII/ptolemy/domains/continuous/test/auto/SampledClocks.xml
7 ms. Memory: 324608K Free: 205212K (63%)
----------------- Invoking toplevel() on ptolemy.moml.MoMLSimpleApplication@2ae43b11
----------------- Done invoking toplevel() on ptolemy.moml.MoMLSimpleApplication@2ae43b11
reloadAllAccessors: .SampledClocks

===========================================================================================
----------------- testing Sat Aug 29 15:33:37 UTC 2020 /home/travis/build/icyphy/ptII/ptolemy/domains/continuous/test/auto/Satellite.xml
----------------- Instantiating /home/travis/build/icyphy/ptII/ptolemy/domains/continuous/test/auto/Satellite.xml
560 ms. Memory: 324608K Free: 208495K (64%)
----------------- Invoking toplevel() on ptolemy.moml.MoMLSimpleApplication@21a31209
----------------- Done invoking toplevel() on ptolemy.moml.MoMLSimpleApplication@21a31209
reloadAllAccessors: .Satellite

===========================================================================================
----------------- testing Sat Aug 29 15:33:37 UTC 2020 /home/travis/build/icyphy/ptII/ptolemy/domains/continuous/test/auto/SigmaDelta.xml
----------------- Instantiating /home/travis/build/icyphy/ptII/ptolemy/domains/continuous/test/auto/SigmaDelta.xml
1779 ms. Memory: 324608K Free: 140980K (43%)
----------------- Invoking toplevel() on ptolemy.moml.MoMLSimpleApplication@600e8bbc
----------------- Done invoking toplevel() on ptolemy.moml.MoMLSimpleApplication@600e8bbc
reloadAllAccessors: .SigmaDelta

===========================================================================================
----------------- testing Sat Aug 29 15:33:39 UTC 2020 /home/travis/build/icyphy/ptII/ptolemy/domains/continuous/test/auto/SingleRefinement.xml
----------------- Instantiating /home/travis/build/icyphy/ptII/ptolemy/domains/continuous/test/auto/SingleRefinement.xml
287 ms. Memory: 324608K Free: 151271K (47%)
----------------- Invoking toplevel() on ptolemy.moml.MoMLSimpleApplication@38f95618
----------------- Done invoking toplevel() on ptolemy.moml.MoMLSimpleApplication@38f95618
reloadAllAccessors: .SingleRefinement

===========================================================================================
----------------- testing Sat Aug 29 15:33:39 UTC 2020 /home/travis/build/icyphy/ptII/ptolemy/domains/continuous/test/auto/SinuBouncingBall.xml
----------------- Instantiating /home/travis/build/icyphy/ptII/ptolemy/domains/continuous/test/auto/SinuBouncingBall.xml
752 ms. Memory: 324608K Free: 132144K (41%)
----------------- Invoking toplevel() on ptolemy.moml.MoMLSimpleApplication@2dbced02
----------------- Done invoking toplevel() on ptolemy.moml.MoMLSimpleApplication@2dbced02
reloadAllAccessors: .SinuBouncingBall

===========================================================================================
----------------- testing Sat Aug 29 15:33:40 UTC 2020 /home/travis/build/icyphy/ptII/ptolemy/domains/continuous/test/auto/Sinusoid.xml
----------------- Instantiating /home/travis/build/icyphy/ptII/ptolemy/domains/continuous/test/auto/Sinusoid.xml
4 ms. Memory: 324608K Free: 127849K (39%)
----------------- Invoking toplevel() on ptolemy.moml.MoMLSimpleApplication@f2bac7a
----------------- Done invoking toplevel() on ptolemy.moml.MoMLSimpleApplication@f2bac7a
reloadAllAccessors: .Sinusoid

===========================================================================================
----------------- testing Sat Aug 29 15:33:40 UTC 2020 /home/travis/build/icyphy/ptII/ptolemy/domains/continuous/test/auto/SinusoidInNoise.xml
----------------- Instantiating /home/travis/build/icyphy/ptII/ptolemy/domains/continuous/test/auto/SinusoidInNoise.xml
686 ms. Memory: 324608K Free: 186762K (58%)
----------------- Invoking toplevel() on ptolemy.moml.MoMLSimpleApplication@6cb8ad29
----------------- Done invoking toplevel() on ptolemy.moml.MoMLSimpleApplication@6cb8ad29
reloadAllAccessors: .SinusoidInNoise

===========================================================================================
----------------- testing Sat Aug 29 15:33:41 UTC 2020 /home/travis/build/icyphy/ptII/ptolemy/domains/continuous/test/auto/SinusoidRK45.xml
----------------- Instantiating /home/travis/build/icyphy/ptII/ptolemy/domains/continuous/test/auto/SinusoidRK45.xml
2 ms. Memory: 324608K Free: 182652K (56%)
----------------- Invoking toplevel() on ptolemy.moml.MoMLSimpleApplication@49d5e0d5
----------------- Done invoking toplevel() on ptolemy.moml.MoMLSimpleApplication@49d5e0d5
reloadAllAccessors: .SinusoidRK45

===========================================================================================
----------------- testing Sat Aug 29 15:33:41 UTC 2020 /home/travis/build/icyphy/ptII/ptolemy/domains/continuous/test/auto/SinusoidWithMultipleImpulses.xml
----------------- Instantiating /home/travis/build/icyphy/ptII/ptolemy/domains/continuous/test/auto/SinusoidWithMultipleImpulses.xml
3 ms. Memory: 324608K Free: 178060K (55%)
----------------- Invoking toplevel() on ptolemy.moml.MoMLSimpleApplication@6ebbd584
----------------- Done invoking toplevel() on ptolemy.moml.MoMLSimpleApplication@6ebbd584
reloadAllAccessors: .SinusoidWithMultipleImpulses

===========================================================================================
----------------- testing Sat Aug 29 15:33:41 UTC 2020 /home/travis/build/icyphy/ptII/ptolemy/domains/continuous/test/auto/SquareWave.xml
----------------- Instantiating /home/travis/build/icyphy/ptII/ptolemy/domains/continuous/test/auto/SquareWave.xml
144 ms. Memory: 324608K Free: 149898K (46%)
----------------- Invoking toplevel() on ptolemy.moml.MoMLSimpleApplication@33046d65
----------------- Done invoking toplevel() on ptolemy.moml.MoMLSimpleApplication@33046d65
reloadAllAccessors: .SquareWave

===========================================================================================
----------------- testing Sat Aug 29 15:33:41 UTC 2020 /home/travis/build/icyphy/ptII/ptolemy/domains/continuous/test/auto/Starmac.xml
----------------- Instantiating /home/travis/build/icyphy/ptII/ptolemy/domains/continuous/test/auto/Starmac.xml
3061 ms. Memory: 324608K Free: 218353K (67%)
----------------- Invoking toplevel() on ptolemy.moml.MoMLSimpleApplication@342e8c8d
----------------- Done invoking toplevel() on ptolemy.moml.MoMLSimpleApplication@342e8c8d
reloadAllAccessors: .Starmac

===========================================================================================
----------------- testing Sat Aug 29 15:33:45 UTC 2020 /home/travis/build/icyphy/ptII/ptolemy/domains/continuous/test/auto/StaticUnits.xml
----------------- Instantiating /home/travis/build/icyphy/ptII/ptolemy/domains/continuous/test/auto/StaticUnits.xml
1696 ms. Memory: 324608K Free: 136903K (42%)
----------------- Invoking toplevel() on ptolemy.moml.MoMLSimpleApplication@30264c5a
----------------- Done invoking toplevel() on ptolemy.moml.MoMLSimpleApplication@30264c5a
reloadAllAccessors: .StaticUnits

===========================================================================================
----------------- testing Sat Aug 29 15:33:47 UTC 2020 /home/travis/build/icyphy/ptII/ptolemy/domains/continuous/test/auto/StickyMasses.xml
----------------- Instantiating /home/travis/build/icyphy/ptII/ptolemy/domains/continuous/test/auto/StickyMasses.xml
143 ms. Memory: 324608K Free: 276725K (85%)
----------------- Invoking toplevel() on ptolemy.moml.MoMLSimpleApplication@7a48eb0b
----------------- Done invoking toplevel() on ptolemy.moml.MoMLSimpleApplication@7a48eb0b
reloadAllAccessors: .StickyMasses

===========================================================================================
----------------- testing Sat Aug 29 15:33:47 UTC 2020 /home/travis/build/icyphy/ptII/ptolemy/domains/continuous/test/auto/StopTime.xml
----------------- Instantiating /home/travis/build/icyphy/ptII/ptolemy/domains/continuous/test/auto/StopTime.xml
41 ms. Memory: 324608K Free: 252040K (78%)
----------------- Invoking toplevel() on ptolemy.moml.MoMLSimpleApplication@4e1b7ff6
----------------- Done invoking toplevel() on ptolemy.moml.MoMLSimpleApplication@4e1b7ff6
reloadAllAccessors: .StopTime

===========================================================================================
----------------- testing Sat Aug 29 15:33:47 UTC 2020 /home/travis/build/icyphy/ptII/ptolemy/domains/continuous/test/auto/StopTime2.xml
----------------- Instantiating /home/travis/build/icyphy/ptII/ptolemy/domains/continuous/test/auto/StopTime2.xml
35 ms. Memory: 324608K Free: 230007K (71%)
----------------- Invoking toplevel() on ptolemy.moml.MoMLSimpleApplication@7cd2dae8
----------------- Done invoking toplevel() on ptolemy.moml.MoMLSimpleApplication@7cd2dae8
reloadAllAccessors: .StopTime2

===========================================================================================
----------------- testing Sat Aug 29 15:33:47 UTC 2020 /home/travis/build/icyphy/ptII/ptolemy/domains/continuous/test/auto/Switch.xml
----------------- Instantiating /home/travis/build/icyphy/ptII/ptolemy/domains/continuous/test/auto/Switch.xml
40 ms. Memory: 324608K Free: 205431K (63%)
----------------- Invoking toplevel() on ptolemy.moml.MoMLSimpleApplication@365b5b3d
----------------- Done invoking toplevel() on ptolemy.moml.MoMLSimpleApplication@365b5b3d
reloadAllAccessors: .Switch

===========================================================================================
----------------- testing Sat Aug 29 15:33:47 UTC 2020 /home/travis/build/icyphy/ptII/ptolemy/domains/continuous/test/auto/Thermostat.xml
----------------- Instantiating /home/travis/build/icyphy/ptII/ptolemy/domains/continuous/test/auto/Thermostat.xml
180 ms. Memory: 324608K Free: 133256K (41%)
----------------- Invoking toplevel() on ptolemy.moml.MoMLSimpleApplication@3352e2db
----------------- Done invoking toplevel() on ptolemy.moml.MoMLSimpleApplication@3352e2db
reloadAllAccessors: .Thermostat

===========================================================================================
----------------- testing Sat Aug 29 15:33:47 UTC 2020 /home/travis/build/icyphy/ptII/ptolemy/domains/continuous/test/auto/TimeDelay.xml
----------------- Instantiating /home/travis/build/icyphy/ptII/ptolemy/domains/continuous/test/auto/TimeDelay.xml
5 ms. Memory: 324608K Free: 128639K (40%)
----------------- Invoking toplevel() on ptolemy.moml.MoMLSimpleApplication@841ff44
----------------- Done invoking toplevel() on ptolemy.moml.MoMLSimpleApplication@841ff44
reloadAllAccessors: .TimeDelay

===========================================================================================
----------------- testing Sat Aug 29 15:33:47 UTC 2020 /home/travis/build/icyphy/ptII/ptolemy/domains/continuous/test/auto/TimeDelay2.xml
----------------- Instantiating /home/travis/build/icyphy/ptII/ptolemy/domains/continuous/test/auto/TimeDelay2.xml
6 ms. Memory: 324608K Free: 118920K (37%)
----------------- Invoking toplevel() on ptolemy.moml.MoMLSimpleApplication@16b14051
----------------- Done invoking toplevel() on ptolemy.moml.MoMLSimpleApplication@16b14051
reloadAllAccessors: .TimeDelay2

===========================================================================================
----------------- testing Sat Aug 29 15:33:47 UTC 2020 /home/travis/build/icyphy/ptII/ptolemy/domains/continuous/test/auto/TimeDelay3.xml
----------------- Instantiating /home/travis/build/icyphy/ptII/ptolemy/domains/continuous/test/auto/TimeDelay3.xml
4 ms. Memory: 324608K Free: 114295K (35%)
----------------- Invoking toplevel() on ptolemy.moml.MoMLSimpleApplication@1ee0ea20
----------------- Done invoking toplevel() on ptolemy.moml.MoMLSimpleApplication@1ee0ea20
reloadAllAccessors: .TimeDelay3

===========================================================================================
----------------- testing Sat Aug 29 15:33:48 UTC 2020 /home/travis/build/icyphy/ptII/ptolemy/domains/continuous/test/auto/TransferAbsentToInside.xml
----------------- Instantiating /home/travis/build/icyphy/ptII/ptolemy/domains/continuous/test/auto/TransferAbsentToInside.xml
26 ms. Memory: 324608K Free: 250501K (77%)
----------------- Invoking toplevel() on ptolemy.moml.MoMLSimpleApplication@17701ab3
----------------- Done invoking toplevel() on ptolemy.moml.MoMLSimpleApplication@17701ab3
reloadAllAccessors: .TransferAbsentToInside

===========================================================================================
----------------- testing Sat Aug 29 15:33:48 UTC 2020 /home/travis/build/icyphy/ptII/ptolemy/domains/continuous/test/auto/Transmission.xml
----------------- Instantiating /home/travis/build/icyphy/ptII/ptolemy/domains/continuous/test/auto/Transmission.xml
750 ms. Memory: 324608K Free: 208001K (64%)
----------------- Invoking toplevel() on ptolemy.moml.MoMLSimpleApplication@715ff814
----------------- Done invoking toplevel() on ptolemy.moml.MoMLSimpleApplication@715ff814
reloadAllAccessors: .Transmission

===========================================================================================
----------------- testing Sat Aug 29 15:33:48 UTC 2020 /home/travis/build/icyphy/ptII/ptolemy/domains/continuous/test/auto/TriggeredContinuousClock.xml
----------------- Instantiating /home/travis/build/icyphy/ptII/ptolemy/domains/continuous/test/auto/TriggeredContinuousClock.xml
39 ms. Memory: 324608K Free: 178305K (55%)
----------------- Invoking toplevel() on ptolemy.moml.MoMLSimpleApplication@2dce8cd0
----------------- Done invoking toplevel() on ptolemy.moml.MoMLSimpleApplication@2dce8cd0
reloadAllAccessors: .TriggeredContinuousClock

===========================================================================================
----------------- testing Sat Aug 29 15:33:48 UTC 2020 /home/travis/build/icyphy/ptII/ptolemy/domains/continuous/test/auto/TwoMachineInfiniteBusControl.xml
----------------- Instantiating /home/travis/build/icyphy/ptII/ptolemy/domains/continuous/test/auto/TwoMachineInfiniteBusControl.xml
2426 ms. Memory: 324608K Free: 190919K (59%)
----------------- Invoking toplevel() on ptolemy.moml.MoMLSimpleApplication@4d869ecf
----------------- Done invoking toplevel() on ptolemy.moml.MoMLSimpleApplication@4d869ecf
reloadAllAccessors: .TwoMachineInfiniteBusControl

===========================================================================================
----------------- testing Sat Aug 29 15:33:51 UTC 2020 /home/travis/build/icyphy/ptII/ptolemy/domains/continuous/test/auto/V2V.xml
----------------- Instantiating /home/travis/build/icyphy/ptII/ptolemy/domains/continuous/test/auto/V2V.xml
650 ms. Memory: 324608K Free: 192563K (59%)
----------------- Invoking toplevel() on ptolemy.moml.MoMLSimpleApplication@72eaa7de
----------------- Done invoking toplevel() on ptolemy.moml.MoMLSimpleApplication@72eaa7de
reloadAllAccessors: .V2V

===========================================================================================
----------------- testing Sat Aug 29 15:33:52 UTC 2020 /home/travis/build/icyphy/ptII/ptolemy/domains/continuous/test/auto/hierarchicalModalModel.xml
----------------- Instantiating /home/travis/build/icyphy/ptII/ptolemy/domains/continuous/test/auto/hierarchicalModalModel.xml
8 ms. Memory: 324608K Free: 178227K (55%)
----------------- Invoking toplevel() on ptolemy.moml.MoMLSimpleApplication@9cd0ef5
----------------- Done invoking toplevel() on ptolemy.moml.MoMLSimpleApplication@9cd0ef5
reloadAllAccessors: .hierarchicalModalModel

===========================================================================================
----------------- testing Sat Aug 29 15:33:52 UTC 2020 /home/travis/build/icyphy/ptII/ptolemy/domains/continuous/test/auto/hierarchicalModalModel1.xml
----------------- Instantiating /home/travis/build/icyphy/ptII/ptolemy/domains/continuous/test/auto/hierarchicalModalModel1.xml
7 ms. Memory: 324608K Free: 163905K (50%)
----------------- Invoking toplevel() on ptolemy.moml.MoMLSimpleApplication@103dddb7
----------------- Done invoking toplevel() on ptolemy.moml.MoMLSimpleApplication@103dddb7
reloadAllAccessors: .hierarchicalModalModel1

===========================================================================================
----------------- testing Sat Aug 29 15:33:52 UTC 2020 /home/travis/build/icyphy/ptII/ptolemy/domains/continuous/test/auto/hierarchicalModalModel2.xml
----------------- Instantiating /home/travis/build/icyphy/ptII/ptolemy/domains/continuous/test/auto/hierarchicalModalModel2.xml
5 ms. Memory: 324608K Free: 151603K (47%)
----------------- Invoking toplevel() on ptolemy.moml.MoMLSimpleApplication@604d62ae
----------------- Done invoking toplevel() on ptolemy.moml.MoMLSimpleApplication@604d62ae
reloadAllAccessors: .hierarchicalModalModel2

===========================================================================================
----------------- testing Sat Aug 29 15:33:52 UTC 2020 /home/travis/build/icyphy/ptII/ptolemy/domains/continuous/test/auto/hierarchicalModalModel3.xml
----------------- Instantiating /home/travis/build/icyphy/ptII/ptolemy/domains/continuous/test/auto/hierarchicalModalModel3.xml
5 ms. Memory: 324608K Free: 140867K (43%)
----------------- Invoking toplevel() on ptolemy.moml.MoMLSimpleApplication@67a71815
----------------- Done invoking toplevel() on ptolemy.moml.MoMLSimpleApplication@67a71815
reloadAllAccessors: .hierarchicalModalModel3

===========================================================================================
----------------- testing Sat Aug 29 15:33:52 UTC 2020 /home/travis/build/icyphy/ptII/ptolemy/domains/continuous/test/auto/hierarchicalModalModel4.xml
----------------- Instantiating /home/travis/build/icyphy/ptII/ptolemy/domains/continuous/test/auto/hierarchicalModalModel4.xml
6 ms. Memory: 324608K Free: 129089K (40%)
----------------- Invoking toplevel() on ptolemy.moml.MoMLSimpleApplication@2970afbf
----------------- Done invoking toplevel() on ptolemy.moml.MoMLSimpleApplication@2970afbf
reloadAllAccessors: .hierarchicalModalModel4

===========================================================================================
----------------- testing Sat Aug 29 15:33:52 UTC 2020 /home/travis/build/icyphy/ptII/ptolemy/domains/continuous/test/auto/junk.xml
----------------- Instantiating /home/travis/build/icyphy/ptII/ptolemy/domains/continuous/test/auto/junk.xml
141 ms. Memory: 324608K Free: 292069K (90%)
----------------- Invoking toplevel() on ptolemy.moml.MoMLSimpleApplication@58c49f0c
----------------- Done invoking toplevel() on ptolemy.moml.MoMLSimpleApplication@58c49f0c
reloadAllAccessors: .junk
AutoTests.java: About to close Vertx.
AutoTests.java: Vertx closed.
]]></system-out>
  <system-err><![CDATA[Warning: '.HysteresisWithRandomDelay.NonStrictTest' The test produced only 221 tokens, yet the correctValues parameter was expecting 222 tokens.
Warning: '.HysteresisWithRandomDelay.NonStrictTest2' The test produced only 220 tokens, yet the correctValues parameter was expecting 221 tokens.
Warning: '.HysteresisWithRandomDelay.NonStrictTest3' The test produced only 24 tokens, yet the correctValues parameter was expecting 30 tokens.
Warning: '.Poisson.NonStrictTest' The test produced only 364 tokens, yet the correctValues parameter was expecting 430 tokens.
]]></system-err>
</testsuite>
