<?xml version="1.0" encoding="UTF-8" ?>
<testsuite errors="0" failures="0" hostname="travis-job-8eb81f75-1efb-4dce-8f3e-c4510c6761f2" name="ptolemy.actor.lib.hoc.test.junit.JUnitTclTest" skipped="0" tests="58" time="24.531" timestamp="2019-02-27T21:58:15">
  <properties>
[...]
</properties>
  <testcase classname="ptolemy.util.test.junit.TclTests" name="[0] /home/travis/build/icyphy/ptII/ptolemy/actor/lib/hoc/test/IterateOverArray.tcl (RunTclFile)" time="0.327" />
  <testcase classname="ptolemy.util.test.junit.AutoKnownFailedTests" name="[0] /home/travis/build/icyphy/ptII/ptolemy/actor/lib/hoc/test/auto/knownFailedTests/PreinitializeMustBeInvokedRunComposite.xml (RunModel)" time="0.228" />
  <testcase classname="ptolemy.util.test.junit.AutoNameArchTests" name="[0] ThereAreNoAutoArchTests (RunModel)" time="0.0" />
  <testcase classname="ptolemy.util.test.junit.AutoTests" name="[0] /home/travis/build/icyphy/ptII/ptolemy/actor/lib/hoc/test/auto/AllToAllMultiInstanceComposite.xml (RunModel)" time="0.309" />
  <testcase classname="ptolemy.util.test.junit.AutoTests" name="[1] /home/travis/build/icyphy/ptII/ptolemy/actor/lib/hoc/test/auto/ApplyFFTTest.xml (RunModel)" time="0.261" />
  <testcase classname="ptolemy.util.test.junit.AutoTests" name="[2] /home/travis/build/icyphy/ptII/ptolemy/actor/lib/hoc/test/auto/ApplyFunction.xml (RunModel)" time="0.025" />
  <testcase classname="ptolemy.util.test.junit.AutoTests" name="[3] /home/travis/build/icyphy/ptII/ptolemy/actor/lib/hoc/test/auto/BackgroundExecution.xml (RunModel)" time="0.704" />
  <testcase classname="ptolemy.util.test.junit.AutoTests" name="[4] /home/travis/build/icyphy/ptII/ptolemy/actor/lib/hoc/test/auto/Case.xml (RunModel)" time="0.053" />
  <testcase classname="ptolemy.util.test.junit.AutoTests" name="[5] /home/travis/build/icyphy/ptII/ptolemy/actor/lib/hoc/test/auto/Case1.xml (RunModel)" time="0.081" />
  <testcase classname="ptolemy.util.test.junit.AutoTests" name="[6] /home/travis/build/icyphy/ptII/ptolemy/actor/lib/hoc/test/auto/Case2.xml (RunModel)" time="0.121" />
  <testcase classname="ptolemy.util.test.junit.AutoTests" name="[7] /home/travis/build/icyphy/ptII/ptolemy/actor/lib/hoc/test/auto/Case3.xml (RunModel)" time="0.037" />
  <testcase classname="ptolemy.util.test.junit.AutoTests" name="[8] /home/travis/build/icyphy/ptII/ptolemy/actor/lib/hoc/test/auto/Case4.xml (RunModel)" time="0.029" />
  <testcase classname="ptolemy.util.test.junit.AutoTests" name="[9] /home/travis/build/icyphy/ptII/ptolemy/actor/lib/hoc/test/auto/Case5.xml (RunModel)" time="0.063" />
  <testcase classname="ptolemy.util.test.junit.AutoTests" name="[10] /home/travis/build/icyphy/ptII/ptolemy/actor/lib/hoc/test/auto/Case6.xml (RunModel)" time="0.103" />
  <testcase classname="ptolemy.util.test.junit.AutoTests" name="[11] /home/travis/build/icyphy/ptII/ptolemy/actor/lib/hoc/test/auto/CaseString2.xml (RunModel)" time="0.051" />
  <testcase classname="ptolemy.util.test.junit.AutoTests" name="[12] /home/travis/build/icyphy/ptII/ptolemy/actor/lib/hoc/test/auto/CatchUpComposite1.xml (RunModel)" time="0.068" />
  <testcase classname="ptolemy.util.test.junit.AutoTests" name="[13] /home/travis/build/icyphy/ptII/ptolemy/actor/lib/hoc/test/auto/CatchUpComposite2.xml (RunModel)" time="0.051" />
  <testcase classname="ptolemy.util.test.junit.AutoTests" name="[14] /home/travis/build/icyphy/ptII/ptolemy/actor/lib/hoc/test/auto/CatchUpComposite3.xml (RunModel)" time="0.05" />
  <testcase classname="ptolemy.util.test.junit.AutoTests" name="[15] /home/travis/build/icyphy/ptII/ptolemy/actor/lib/hoc/test/auto/CatchUpComposite4.xml (RunModel)" time="0.061" />
  <testcase classname="ptolemy.util.test.junit.AutoTests" name="[16] /home/travis/build/icyphy/ptII/ptolemy/actor/lib/hoc/test/auto/CatchUpComposite5.xml (RunModel)" time="0.036" />
  <testcase classname="ptolemy.util.test.junit.AutoTests" name="[17] /home/travis/build/icyphy/ptII/ptolemy/actor/lib/hoc/test/auto/CatchUpComposite6.xml (RunModel)" time="0.162" />
  <testcase classname="ptolemy.util.test.junit.AutoTests" name="[18] /home/travis/build/icyphy/ptII/ptolemy/actor/lib/hoc/test/auto/CatchUpComposite7.xml (RunModel)" time="0.095" />
  <testcase classname="ptolemy.util.test.junit.AutoTests" name="[19] /home/travis/build/icyphy/ptII/ptolemy/actor/lib/hoc/test/auto/ConcurrentExecutionTimeSDF.xml (RunModel)" time="1.756" />
  <testcase classname="ptolemy.util.test.junit.AutoTests" name="[20] /home/travis/build/icyphy/ptII/ptolemy/actor/lib/hoc/test/auto/ConcurrentSleep.xml (RunModel)" time="0.772" />
  <testcase classname="ptolemy.util.test.junit.AutoTests" name="[21] /home/travis/build/icyphy/ptII/ptolemy/actor/lib/hoc/test/auto/DEInPNInRunCompositeActor.xml (RunModel)" time="0.03" />
  <testcase classname="ptolemy.util.test.junit.AutoTests" name="[22] /home/travis/build/icyphy/ptII/ptolemy/actor/lib/hoc/test/auto/DFTSubSetTest.xml (RunModel)" time="0.329" />
  <testcase classname="ptolemy.util.test.junit.AutoTests" name="[23] /home/travis/build/icyphy/ptII/ptolemy/actor/lib/hoc/test/auto/HocDE.xml (RunModel)" time="0.174" />
  <testcase classname="ptolemy.util.test.junit.AutoTests" name="[24] /home/travis/build/icyphy/ptII/ptolemy/actor/lib/hoc/test/auto/IterateOverArray.xml (RunModel)" time="0.025" />
  <testcase classname="ptolemy.util.test.junit.AutoTests" name="[25] /home/travis/build/icyphy/ptII/ptolemy/actor/lib/hoc/test/auto/IterateOverArray10.xml (RunModel)" time="0.012" />
  <testcase classname="ptolemy.util.test.junit.AutoTests" name="[26] /home/travis/build/icyphy/ptII/ptolemy/actor/lib/hoc/test/auto/IterateOverArray11.xml (RunModel)" time="0.016" />
  <testcase classname="ptolemy.util.test.junit.AutoTests" name="[27] /home/travis/build/icyphy/ptII/ptolemy/actor/lib/hoc/test/auto/IterateOverArray12.xml (RunModel)" time="0.023" />
  <testcase classname="ptolemy.util.test.junit.AutoTests" name="[28] /home/travis/build/icyphy/ptII/ptolemy/actor/lib/hoc/test/auto/IterateOverArray13.xml (RunModel)" time="0.141" />
  <testcase classname="ptolemy.util.test.junit.AutoTests" name="[29] /home/travis/build/icyphy/ptII/ptolemy/actor/lib/hoc/test/auto/IterateOverArray14.xml (RunModel)" time="0.165" />
  <testcase classname="ptolemy.util.test.junit.AutoTests" name="[30] /home/travis/build/icyphy/ptII/ptolemy/actor/lib/hoc/test/auto/IterateOverArray2.xml (RunModel)" time="0.025" />
  <testcase classname="ptolemy.util.test.junit.AutoTests" name="[31] /home/travis/build/icyphy/ptII/ptolemy/actor/lib/hoc/test/auto/IterateOverArray3.xml (RunModel)" time="0.044" />
  <testcase classname="ptolemy.util.test.junit.AutoTests" name="[32] /home/travis/build/icyphy/ptII/ptolemy/actor/lib/hoc/test/auto/IterateOverArray4.xml (RunModel)" time="0.027" />
  <testcase classname="ptolemy.util.test.junit.AutoTests" name="[33] /home/travis/build/icyphy/ptII/ptolemy/actor/lib/hoc/test/auto/IterateOverArray5.xml (RunModel)" time="0.019" />
  <testcase classname="ptolemy.util.test.junit.AutoTests" name="[34] /home/travis/build/icyphy/ptII/ptolemy/actor/lib/hoc/test/auto/IterateOverArray6.xml (RunModel)" time="0.012" />
  <testcase classname="ptolemy.util.test.junit.AutoTests" name="[35] /home/travis/build/icyphy/ptII/ptolemy/actor/lib/hoc/test/auto/IterateOverArray7.xml (RunModel)" time="0.015" />
  <testcase classname="ptolemy.util.test.junit.AutoTests" name="[36] /home/travis/build/icyphy/ptII/ptolemy/actor/lib/hoc/test/auto/IterateOverArray8.xml (RunModel)" time="0.025" />
  <testcase classname="ptolemy.util.test.junit.AutoTests" name="[37] /home/travis/build/icyphy/ptII/ptolemy/actor/lib/hoc/test/auto/IterateOverArray9.xml (RunModel)" time="0.028" />
  <testcase classname="ptolemy.util.test.junit.AutoTests" name="[38] /home/travis/build/icyphy/ptII/ptolemy/actor/lib/hoc/test/auto/IterateOverArrayCoercedOutputType.xml (RunModel)" time="0.031" />
  <testcase classname="ptolemy.util.test.junit.AutoTests" name="[39] /home/travis/build/icyphy/ptII/ptolemy/actor/lib/hoc/test/auto/IterateOverArrayInferredOutputType.xml (RunModel)" time="0.031" />
  <testcase classname="ptolemy.util.test.junit.AutoTests" name="[40] /home/travis/build/icyphy/ptII/ptolemy/actor/lib/hoc/test/auto/MobileFunctionTest.xml (RunModel)" time="0.022" />
  <testcase classname="ptolemy.util.test.junit.AutoTests" name="[41] /home/travis/build/icyphy/ptII/ptolemy/actor/lib/hoc/test/auto/MobileModelTest.xml (RunModel)" time="0.107" />
  <testcase classname="ptolemy.util.test.junit.AutoTests" name="[42] /home/travis/build/icyphy/ptII/ptolemy/actor/lib/hoc/test/auto/ModelReference.xml (RunModel)" time="0.06" />
  <testcase classname="ptolemy.util.test.junit.AutoTests" name="[43] /home/travis/build/icyphy/ptII/ptolemy/actor/lib/hoc/test/auto/ModelReference3.xml (RunModel)" time="0.055" />
  <testcase classname="ptolemy.util.test.junit.AutoTests" name="[44] /home/travis/build/icyphy/ptII/ptolemy/actor/lib/hoc/test/auto/ModelReference4.xml (RunModel)" time="10.046" />
  <testcase classname="ptolemy.util.test.junit.AutoTests" name="[45] /home/travis/build/icyphy/ptII/ptolemy/actor/lib/hoc/test/auto/MultiInstanceComposite.xml (RunModel)" time="0.039" />
  <testcase classname="ptolemy.util.test.junit.AutoTests" name="[46] /home/travis/build/icyphy/ptII/ptolemy/actor/lib/hoc/test/auto/MultiInstanceComposite2.xml (RunModel)" time="0.031" />
  <testcase classname="ptolemy.util.test.junit.AutoTests" name="[47] /home/travis/build/icyphy/ptII/ptolemy/actor/lib/hoc/test/auto/MulticoreExecution.xml (RunModel)" time="1.149" />
  <testcase classname="ptolemy.util.test.junit.AutoTests" name="[48] /home/travis/build/icyphy/ptII/ptolemy/actor/lib/hoc/test/auto/ParallelExecution.xml (RunModel)" time="0.94" />
  <testcase classname="ptolemy.util.test.junit.AutoTests" name="[49] /home/travis/build/icyphy/ptII/ptolemy/actor/lib/hoc/test/auto/RunCompositeActor.xml (RunModel)" time="0.036" />
  <testcase classname="ptolemy.util.test.junit.AutoTests" name="[50] /home/travis/build/icyphy/ptII/ptolemy/actor/lib/hoc/test/auto/RunCompositeActor2.xml (RunModel)" time="0.022" />
  <testcase classname="ptolemy.util.test.junit.AutoTests" name="[51] /home/travis/build/icyphy/ptII/ptolemy/actor/lib/hoc/test/auto/RunCompositeActor3.xml (RunModel)" time="0.027" />
  <testcase classname="ptolemy.util.test.junit.AutoTests" name="[52] /home/travis/build/icyphy/ptII/ptolemy/actor/lib/hoc/test/auto/RunCompositeActor4.xml (RunModel)" time="0.049" />
  <testcase classname="ptolemy.util.test.junit.AutoTests" name="[53] /home/travis/build/icyphy/ptII/ptolemy/actor/lib/hoc/test/auto/RunCompositeIterateOverArray.xml (RunModel)" time="0.031" />
  <testcase classname="ptolemy.util.test.junit.AutoTests" name="[54] /home/travis/build/icyphy/ptII/ptolemy/actor/lib/hoc/test/auto/ThreadedJS.xml (RunModel)" time="4.722" />
  <system-out><![CDATA[/home/travis/build/icyphy/ptII/ptolemy/actor/lib/hoc/test/IterateOverArray.tcl
testDefs.tcl: setting time out to 9000 seconds at Wed Feb 27 21:58:15 UTC 2019
02/27/19 09:58:15
Failed: 0  Total Tests: 2  ((Passed: 2, Newly Passed: 0)  Known Failed: 0) /home/travis/build/icyphy/ptII/ptolemy/actor/lib/hoc/test
----------------- testing (KnownFailure) /home/travis/build/icyphy/ptII/ptolemy/actor/lib/hoc/test/auto/knownFailedTests/PreinitializeMustBeInvokedRunComposite.xml
37 ms. Memory: 116224K Free: 106913K (92%)
Known Failure: java.lang.reflect.InvocationTargetException
No auto/linux-amd64/*.xml tests in /home/travis/build/icyphy/ptII/ptolemy/actor/lib/hoc/test
AutoTests.java: About to close Vertx.
AutoTests.java: Vertx closed.

===========================================================================================
----------------- testing Wed Feb 27 21:58:16 UTC 2019 /home/travis/build/icyphy/ptII/ptolemy/actor/lib/hoc/test/auto/AllToAllMultiInstanceComposite.xml
----------------- Instantiating /home/travis/build/icyphy/ptII/ptolemy/actor/lib/hoc/test/auto/AllToAllMultiInstanceComposite.xml
118 ms. Memory: 146944K Free: 120506K (82%)
----------------- Invoking toplevel() on ptolemy.moml.MoMLSimpleApplication@5bc32a82
----------------- Done invoking toplevel() on ptolemy.moml.MoMLSimpleApplication@5bc32a82
reloadAllAccessors: .AllToAllMultiInstanceComposite

===========================================================================================
----------------- testing Wed Feb 27 21:58:16 UTC 2019 /home/travis/build/icyphy/ptII/ptolemy/actor/lib/hoc/test/auto/ApplyFFTTest.xml
----------------- Instantiating /home/travis/build/icyphy/ptII/ptolemy/actor/lib/hoc/test/auto/ApplyFFTTest.xml
90 ms. Memory: 146944K Free: 100321K (68%)
----------------- Invoking toplevel() on ptolemy.moml.MoMLSimpleApplication@76dd290d
----------------- Done invoking toplevel() on ptolemy.moml.MoMLSimpleApplication@76dd290d
reloadAllAccessors: .ApplyFFTTest

===========================================================================================
----------------- testing Wed Feb 27 21:58:16 UTC 2019 /home/travis/build/icyphy/ptII/ptolemy/actor/lib/hoc/test/auto/ApplyFunction.xml
----------------- Instantiating /home/travis/build/icyphy/ptII/ptolemy/actor/lib/hoc/test/auto/ApplyFunction.xml
4 ms. Memory: 146944K Free: 96996K (66%)
----------------- Invoking toplevel() on ptolemy.moml.MoMLSimpleApplication@2fdb5ec5
----------------- Done invoking toplevel() on ptolemy.moml.MoMLSimpleApplication@2fdb5ec5
reloadAllAccessors: .ApplyFunction

===========================================================================================
----------------- testing Wed Feb 27 21:58:16 UTC 2019 /home/travis/build/icyphy/ptII/ptolemy/actor/lib/hoc/test/auto/BackgroundExecution.xml
----------------- Instantiating /home/travis/build/icyphy/ptII/ptolemy/actor/lib/hoc/test/auto/BackgroundExecution.xml
651 ms. Memory: 146944K Free: 89423K (61%)
----------------- Invoking toplevel() on ptolemy.moml.MoMLSimpleApplication@2c86bd9d
----------------- Done invoking toplevel() on ptolemy.moml.MoMLSimpleApplication@2c86bd9d
reloadAllAccessors: .BackgroundExecution

===========================================================================================
----------------- testing Wed Feb 27 21:58:17 UTC 2019 /home/travis/build/icyphy/ptII/ptolemy/actor/lib/hoc/test/auto/Case.xml
----------------- Instantiating /home/travis/build/icyphy/ptII/ptolemy/actor/lib/hoc/test/auto/Case.xml
16 ms. Memory: 146944K Free: 80780K (55%)
----------------- Invoking toplevel() on ptolemy.moml.MoMLSimpleApplication@73e5be9e
----------------- Done invoking toplevel() on ptolemy.moml.MoMLSimpleApplication@73e5be9e
reloadAllAccessors: .Case

===========================================================================================
----------------- testing Wed Feb 27 21:58:17 UTC 2019 /home/travis/build/icyphy/ptII/ptolemy/actor/lib/hoc/test/auto/Case1.xml
----------------- Instantiating /home/travis/build/icyphy/ptII/ptolemy/actor/lib/hoc/test/auto/Case1.xml
27 ms. Memory: 146944K Free: 135689K (92%)
----------------- Invoking toplevel() on ptolemy.moml.MoMLSimpleApplication@3b61a2d0
----------------- Done invoking toplevel() on ptolemy.moml.MoMLSimpleApplication@3b61a2d0
reloadAllAccessors: .Case1

===========================================================================================
----------------- testing Wed Feb 27 21:58:17 UTC 2019 /home/travis/build/icyphy/ptII/ptolemy/actor/lib/hoc/test/auto/Case2.xml
----------------- Instantiating /home/travis/build/icyphy/ptII/ptolemy/actor/lib/hoc/test/auto/Case2.xml
49 ms. Memory: 146944K Free: 124187K (85%)
----------------- Invoking toplevel() on ptolemy.moml.MoMLSimpleApplication@12495898
----------------- Done invoking toplevel() on ptolemy.moml.MoMLSimpleApplication@12495898
reloadAllAccessors: .Case2

===========================================================================================
----------------- testing Wed Feb 27 21:58:17 UTC 2019 /home/travis/build/icyphy/ptII/ptolemy/actor/lib/hoc/test/auto/Case3.xml
----------------- Instantiating /home/travis/build/icyphy/ptII/ptolemy/actor/lib/hoc/test/auto/Case3.xml
13 ms. Memory: 146944K Free: 117536K (80%)
----------------- Invoking toplevel() on ptolemy.moml.MoMLSimpleApplication@66fe1eee
----------------- Done invoking toplevel() on ptolemy.moml.MoMLSimpleApplication@66fe1eee
reloadAllAccessors: .Case3

===========================================================================================
----------------- testing Wed Feb 27 21:58:17 UTC 2019 /home/travis/build/icyphy/ptII/ptolemy/actor/lib/hoc/test/auto/Case4.xml
----------------- Instantiating /home/travis/build/icyphy/ptII/ptolemy/actor/lib/hoc/test/auto/Case4.xml
9 ms. Memory: 146944K Free: 109007K (74%)
----------------- Invoking toplevel() on ptolemy.moml.MoMLSimpleApplication@4050cf66
----------------- Done invoking toplevel() on ptolemy.moml.MoMLSimpleApplication@4050cf66
reloadAllAccessors: .Case4

===========================================================================================
----------------- testing Wed Feb 27 21:58:17 UTC 2019 /home/travis/build/icyphy/ptII/ptolemy/actor/lib/hoc/test/auto/Case5.xml
----------------- Instantiating /home/travis/build/icyphy/ptII/ptolemy/actor/lib/hoc/test/auto/Case5.xml
45 ms. Memory: 146944K Free: 102356K (70%)
----------------- Invoking toplevel() on ptolemy.moml.MoMLSimpleApplication@7f968efc
----------------- Done invoking toplevel() on ptolemy.moml.MoMLSimpleApplication@7f968efc
reloadAllAccessors: .junk

===========================================================================================
----------------- testing Wed Feb 27 21:58:17 UTC 2019 /home/travis/build/icyphy/ptII/ptolemy/actor/lib/hoc/test/auto/Case6.xml
----------------- Instantiating /home/travis/build/icyphy/ptII/ptolemy/actor/lib/hoc/test/auto/Case6.xml
28 ms. Memory: 146944K Free: 88701K (60%)
----------------- Invoking toplevel() on ptolemy.moml.MoMLSimpleApplication@107de0d6
----------------- Done invoking toplevel() on ptolemy.moml.MoMLSimpleApplication@107de0d6
reloadAllAccessors: .Case6

===========================================================================================
----------------- testing Wed Feb 27 21:58:17 UTC 2019 /home/travis/build/icyphy/ptII/ptolemy/actor/lib/hoc/test/auto/CaseString2.xml
----------------- Instantiating /home/travis/build/icyphy/ptII/ptolemy/actor/lib/hoc/test/auto/CaseString2.xml
15 ms. Memory: 146944K Free: 80750K (55%)
----------------- Invoking toplevel() on ptolemy.moml.MoMLSimpleApplication@3ca43456
----------------- Done invoking toplevel() on ptolemy.moml.MoMLSimpleApplication@3ca43456
reloadAllAccessors: .CaseString2

===========================================================================================
----------------- testing Wed Feb 27 21:58:18 UTC 2019 /home/travis/build/icyphy/ptII/ptolemy/actor/lib/hoc/test/auto/CatchUpComposite1.xml
----------------- Instantiating /home/travis/build/icyphy/ptII/ptolemy/actor/lib/hoc/test/auto/CatchUpComposite1.xml
11 ms. Memory: 208384K Free: 193910K (93%)
----------------- Invoking toplevel() on ptolemy.moml.MoMLSimpleApplication@1ef4930d
----------------- Done invoking toplevel() on ptolemy.moml.MoMLSimpleApplication@1ef4930d
reloadAllAccessors: .CatchUpComposite1

===========================================================================================
----------------- testing Wed Feb 27 21:58:18 UTC 2019 /home/travis/build/icyphy/ptII/ptolemy/actor/lib/hoc/test/auto/CatchUpComposite2.xml
----------------- Instantiating /home/travis/build/icyphy/ptII/ptolemy/actor/lib/hoc/test/auto/CatchUpComposite2.xml
17 ms. Memory: 208384K Free: 184024K (88%)
----------------- Invoking toplevel() on ptolemy.moml.MoMLSimpleApplication@5f5fb109
----------------- Done invoking toplevel() on ptolemy.moml.MoMLSimpleApplication@5f5fb109
reloadAllAccessors: .CatchUpComposite2

===========================================================================================
----------------- testing Wed Feb 27 21:58:18 UTC 2019 /home/travis/build/icyphy/ptII/ptolemy/actor/lib/hoc/test/auto/CatchUpComposite3.xml
----------------- Instantiating /home/travis/build/icyphy/ptII/ptolemy/actor/lib/hoc/test/auto/CatchUpComposite3.xml
11 ms. Memory: 208384K Free: 174180K (84%)
----------------- Invoking toplevel() on ptolemy.moml.MoMLSimpleApplication@475f5a53
----------------- Done invoking toplevel() on ptolemy.moml.MoMLSimpleApplication@475f5a53
reloadAllAccessors: .CatchUpComposite3

===========================================================================================
----------------- testing Wed Feb 27 21:58:18 UTC 2019 /home/travis/build/icyphy/ptII/ptolemy/actor/lib/hoc/test/auto/CatchUpComposite4.xml
----------------- Instantiating /home/travis/build/icyphy/ptII/ptolemy/actor/lib/hoc/test/auto/CatchUpComposite4.xml
17 ms. Memory: 208384K Free: 164278K (79%)
----------------- Invoking toplevel() on ptolemy.moml.MoMLSimpleApplication@74ffc422
----------------- Done invoking toplevel() on ptolemy.moml.MoMLSimpleApplication@74ffc422
reloadAllAccessors: .CatchUpComposite4

===========================================================================================
----------------- testing Wed Feb 27 21:58:18 UTC 2019 /home/travis/build/icyphy/ptII/ptolemy/actor/lib/hoc/test/auto/CatchUpComposite5.xml
----------------- Instantiating /home/travis/build/icyphy/ptII/ptolemy/actor/lib/hoc/test/auto/CatchUpComposite5.xml
9 ms. Memory: 208384K Free: 155267K (75%)
----------------- Invoking toplevel() on ptolemy.moml.MoMLSimpleApplication@673fcb61
----------------- Done invoking toplevel() on ptolemy.moml.MoMLSimpleApplication@673fcb61
reloadAllAccessors: .CatchUpComposite5

===========================================================================================
----------------- testing Wed Feb 27 21:58:18 UTC 2019 /home/travis/build/icyphy/ptII/ptolemy/actor/lib/hoc/test/auto/CatchUpComposite6.xml
----------------- Instantiating /home/travis/build/icyphy/ptII/ptolemy/actor/lib/hoc/test/auto/CatchUpComposite6.xml
WARNING: The execution aspects in this model can influence the timing of actors by delaying the 
execution, potentially changing the behavior. There is no guarantee that actors fire at the 
time they request to be fired. 
Use Ptides for deterministic DE behavior that is not influenced by execution aspects. 

92 ms. Memory: 208384K Free: 137998K (66%)
----------------- Invoking toplevel() on ptolemy.moml.MoMLSimpleApplication@24ba4afe
----------------- Done invoking toplevel() on ptolemy.moml.MoMLSimpleApplication@24ba4afe
reloadAllAccessors: .CatchUpComposite6

===========================================================================================
----------------- testing Wed Feb 27 21:58:18 UTC 2019 /home/travis/build/icyphy/ptII/ptolemy/actor/lib/hoc/test/auto/CatchUpComposite7.xml
----------------- Instantiating /home/travis/build/icyphy/ptII/ptolemy/actor/lib/hoc/test/auto/CatchUpComposite7.xml
WARNING: The execution aspects in this model can influence the timing of actors by delaying the 
execution, potentially changing the behavior. There is no guarantee that actors fire at the 
time they request to be fired. 
Use Ptides for deterministic DE behavior that is not influenced by execution aspects. 

43 ms. Memory: 208384K Free: 121507K (58%)
----------------- Invoking toplevel() on ptolemy.moml.MoMLSimpleApplication@269416ae
----------------- Done invoking toplevel() on ptolemy.moml.MoMLSimpleApplication@269416ae
reloadAllAccessors: .CatchUpComposite7

===========================================================================================
----------------- testing Wed Feb 27 21:58:18 UTC 2019 /home/travis/build/icyphy/ptII/ptolemy/actor/lib/hoc/test/auto/ConcurrentExecutionTimeSDF.xml
----------------- Instantiating /home/travis/build/icyphy/ptII/ptolemy/actor/lib/hoc/test/auto/ConcurrentExecutionTimeSDF.xml
Fired ExecutionTime: 40400000
Fired ExecutionTime: 40400000
Fired ExecutionTime: 40400000
Fired ExecutionTime: 40400000
Fired ExecutionTime: 40400000
Fired ExecutionTime: 40400000
Fired ExecutionTime: 40400000
Fired ExecutionTime: 40400000
Fired ExecutionTime: 40400000
Fired ExecutionTime: 40400000
Fired ExecutionTime: 40400000
Fired ExecutionTime: 40400000
Fired ExecutionTime: 40400000
Fired ExecutionTime: 40400000
Fired ExecutionTime: 40400000
Fired ExecutionTime: 40400000
Fired ExecutionTime: 40400000
Fired ExecutionTime: 40400000
Fired ExecutionTime: 40400000
Fired ExecutionTime: 40400000
1734 ms. Memory: 208384K Free: 113314K (54%)
----------------- Invoking toplevel() on ptolemy.moml.MoMLSimpleApplication@1908434
----------------- Done invoking toplevel() on ptolemy.moml.MoMLSimpleApplication@1908434
reloadAllAccessors: .ConcurrentExecutionTimeSDF

===========================================================================================
----------------- testing Wed Feb 27 21:58:20 UTC 2019 /home/travis/build/icyphy/ptII/ptolemy/actor/lib/hoc/test/auto/ConcurrentSleep.xml
----------------- Instantiating /home/travis/build/icyphy/ptII/ptolemy/actor/lib/hoc/test/auto/ConcurrentSleep.xml
733 ms. Memory: 208384K Free: 99340K (48%)
----------------- Invoking toplevel() on ptolemy.moml.MoMLSimpleApplication@73b57de0
----------------- Done invoking toplevel() on ptolemy.moml.MoMLSimpleApplication@73b57de0
reloadAllAccessors: .ConcurrentSleep

===========================================================================================
----------------- testing Wed Feb 27 21:58:21 UTC 2019 /home/travis/build/icyphy/ptII/ptolemy/actor/lib/hoc/test/auto/DEInPNInRunCompositeActor.xml
----------------- Instantiating /home/travis/build/icyphy/ptII/ptolemy/actor/lib/hoc/test/auto/DEInPNInRunCompositeActor.xml
9 ms. Memory: 208384K Free: 91109K (44%)
----------------- Invoking toplevel() on ptolemy.moml.MoMLSimpleApplication@57d5354e
----------------- Done invoking toplevel() on ptolemy.moml.MoMLSimpleApplication@57d5354e
reloadAllAccessors: .DEInPNInRunCompositeActor

===========================================================================================
----------------- testing Wed Feb 27 21:58:21 UTC 2019 /home/travis/build/icyphy/ptII/ptolemy/actor/lib/hoc/test/auto/DFTSubSetTest.xml
----------------- Instantiating /home/travis/build/icyphy/ptII/ptolemy/actor/lib/hoc/test/auto/DFTSubSetTest.xml
188 ms. Memory: 208384K Free: 167368K (80%)
----------------- Invoking toplevel() on ptolemy.moml.MoMLSimpleApplication@230b644a
----------------- Done invoking toplevel() on ptolemy.moml.MoMLSimpleApplication@230b644a
reloadAllAccessors: .DFTSubSetTest

===========================================================================================
----------------- testing Wed Feb 27 21:58:21 UTC 2019 /home/travis/build/icyphy/ptII/ptolemy/actor/lib/hoc/test/auto/HocDE.xml
----------------- Instantiating /home/travis/build/icyphy/ptII/ptolemy/actor/lib/hoc/test/auto/HocDE.xml
131 ms. Memory: 208384K Free: 140401K (67%)
----------------- Invoking toplevel() on ptolemy.moml.MoMLSimpleApplication@1d13bde7
----------------- Done invoking toplevel() on ptolemy.moml.MoMLSimpleApplication@1d13bde7
reloadAllAccessors: .HocDE

===========================================================================================
----------------- testing Wed Feb 27 21:58:21 UTC 2019 /home/travis/build/icyphy/ptII/ptolemy/actor/lib/hoc/test/auto/IterateOverArray.xml
----------------- Instantiating /home/travis/build/icyphy/ptII/ptolemy/actor/lib/hoc/test/auto/IterateOverArray.xml
6 ms. Memory: 208384K Free: 134829K (65%)
----------------- Invoking toplevel() on ptolemy.moml.MoMLSimpleApplication@3d9bbcc8
----------------- Done invoking toplevel() on ptolemy.moml.MoMLSimpleApplication@3d9bbcc8
reloadAllAccessors: .IterateOverArray

===========================================================================================
----------------- testing Wed Feb 27 21:58:21 UTC 2019 /home/travis/build/icyphy/ptII/ptolemy/actor/lib/hoc/test/auto/IterateOverArray10.xml
----------------- Instantiating /home/travis/build/icyphy/ptII/ptolemy/actor/lib/hoc/test/auto/IterateOverArray10.xml
2 ms. Memory: 208384K Free: 130693K (63%)
----------------- Invoking toplevel() on ptolemy.moml.MoMLSimpleApplication@101bf115
----------------- Done invoking toplevel() on ptolemy.moml.MoMLSimpleApplication@101bf115
reloadAllAccessors: .IterateOverArray10

===========================================================================================
----------------- testing Wed Feb 27 21:58:21 UTC 2019 /home/travis/build/icyphy/ptII/ptolemy/actor/lib/hoc/test/auto/IterateOverArray11.xml
----------------- Instantiating /home/travis/build/icyphy/ptII/ptolemy/actor/lib/hoc/test/auto/IterateOverArray11.xml
4 ms. Memory: 208384K Free: 125145K (60%)
----------------- Invoking toplevel() on ptolemy.moml.MoMLSimpleApplication@78a3cdc8
----------------- Done invoking toplevel() on ptolemy.moml.MoMLSimpleApplication@78a3cdc8
reloadAllAccessors: .IterateOverArray11

===========================================================================================
----------------- testing Wed Feb 27 21:58:21 UTC 2019 /home/travis/build/icyphy/ptII/ptolemy/actor/lib/hoc/test/auto/IterateOverArray12.xml
----------------- Instantiating /home/travis/build/icyphy/ptII/ptolemy/actor/lib/hoc/test/auto/IterateOverArray12.xml
9 ms. Memory: 208384K Free: 118559K (57%)
----------------- Invoking toplevel() on ptolemy.moml.MoMLSimpleApplication@7c4897d8
----------------- Done invoking toplevel() on ptolemy.moml.MoMLSimpleApplication@7c4897d8
reloadAllAccessors: .IterateOverArray12

===========================================================================================
----------------- testing Wed Feb 27 21:58:21 UTC 2019 /home/travis/build/icyphy/ptII/ptolemy/actor/lib/hoc/test/auto/IterateOverArray13.xml
----------------- Instantiating /home/travis/build/icyphy/ptII/ptolemy/actor/lib/hoc/test/auto/IterateOverArray13.xml
66 ms. Memory: 208384K Free: 90667K (44%)
----------------- Invoking toplevel() on ptolemy.moml.MoMLSimpleApplication@67402fe0
----------------- Done invoking toplevel() on ptolemy.moml.MoMLSimpleApplication@67402fe0
reloadAllAccessors: .IterateOverArray13

===========================================================================================
----------------- testing Wed Feb 27 21:58:21 UTC 2019 /home/travis/build/icyphy/ptII/ptolemy/actor/lib/hoc/test/auto/IterateOverArray14.xml
----------------- Instantiating /home/travis/build/icyphy/ptII/ptolemy/actor/lib/hoc/test/auto/IterateOverArray14.xml
58 ms. Memory: 332288K Free: 299975K (90%)
----------------- Invoking toplevel() on ptolemy.moml.MoMLSimpleApplication@2df3d264
----------------- Done invoking toplevel() on ptolemy.moml.MoMLSimpleApplication@2df3d264
reloadAllAccessors: .IterateOverArray14

===========================================================================================
----------------- testing Wed Feb 27 21:58:21 UTC 2019 /home/travis/build/icyphy/ptII/ptolemy/actor/lib/hoc/test/auto/IterateOverArray2.xml
----------------- Instantiating /home/travis/build/icyphy/ptII/ptolemy/actor/lib/hoc/test/auto/IterateOverArray2.xml
7 ms. Memory: 332288K Free: 292632K (88%)
----------------- Invoking toplevel() on ptolemy.moml.MoMLSimpleApplication@aa0251e
----------------- Done invoking toplevel() on ptolemy.moml.MoMLSimpleApplication@aa0251e
reloadAllAccessors: .IterateOverArray2

===========================================================================================
----------------- testing Wed Feb 27 21:58:22 UTC 2019 /home/travis/build/icyphy/ptII/ptolemy/actor/lib/hoc/test/auto/IterateOverArray3.xml
----------------- Instantiating /home/travis/build/icyphy/ptII/ptolemy/actor/lib/hoc/test/auto/IterateOverArray3.xml
10 ms. Memory: 332288K Free: 286076K (86%)
----------------- Invoking toplevel() on ptolemy.moml.MoMLSimpleApplication@3ddd910a
----------------- Done invoking toplevel() on ptolemy.moml.MoMLSimpleApplication@3ddd910a
reloadAllAccessors: .IterateOverArray3

===========================================================================================
----------------- testing Wed Feb 27 21:58:22 UTC 2019 /home/travis/build/icyphy/ptII/ptolemy/actor/lib/hoc/test/auto/IterateOverArray4.xml
----------------- Instantiating /home/travis/build/icyphy/ptII/ptolemy/actor/lib/hoc/test/auto/IterateOverArray4.xml
5 ms. Memory: 332288K Free: 280377K (84%)
----------------- Invoking toplevel() on ptolemy.moml.MoMLSimpleApplication@5b92da70
----------------- Done invoking toplevel() on ptolemy.moml.MoMLSimpleApplication@5b92da70
reloadAllAccessors: .IterateOverArray4

===========================================================================================
----------------- testing Wed Feb 27 21:58:22 UTC 2019 /home/travis/build/icyphy/ptII/ptolemy/actor/lib/hoc/test/auto/IterateOverArray5.xml
----------------- Instantiating /home/travis/build/icyphy/ptII/ptolemy/actor/lib/hoc/test/auto/IterateOverArray5.xml
3 ms. Memory: 332288K Free: 275456K (83%)
----------------- Invoking toplevel() on ptolemy.moml.MoMLSimpleApplication@7f95e86
----------------- Done invoking toplevel() on ptolemy.moml.MoMLSimpleApplication@7f95e86
reloadAllAccessors: .IterateOverArray5

===========================================================================================
----------------- testing Wed Feb 27 21:58:22 UTC 2019 /home/travis/build/icyphy/ptII/ptolemy/actor/lib/hoc/test/auto/IterateOverArray6.xml
----------------- Instantiating /home/travis/build/icyphy/ptII/ptolemy/actor/lib/hoc/test/auto/IterateOverArray6.xml
2 ms. Memory: 332288K Free: 269773K (81%)
----------------- Invoking toplevel() on ptolemy.moml.MoMLSimpleApplication@3b3ce752
----------------- Done invoking toplevel() on ptolemy.moml.MoMLSimpleApplication@3b3ce752
reloadAllAccessors: .IterateOverArray6

===========================================================================================
----------------- testing Wed Feb 27 21:58:22 UTC 2019 /home/travis/build/icyphy/ptII/ptolemy/actor/lib/hoc/test/auto/IterateOverArray7.xml
----------------- Instantiating /home/travis/build/icyphy/ptII/ptolemy/actor/lib/hoc/test/auto/IterateOverArray7.xml
4 ms. Memory: 332288K Free: 264852K (80%)
----------------- Invoking toplevel() on ptolemy.moml.MoMLSimpleApplication@2c07dae5
----------------- Done invoking toplevel() on ptolemy.moml.MoMLSimpleApplication@2c07dae5
reloadAllAccessors: .IterateOverArray7

===========================================================================================
----------------- testing Wed Feb 27 21:58:22 UTC 2019 /home/travis/build/icyphy/ptII/ptolemy/actor/lib/hoc/test/auto/IterateOverArray8.xml
----------------- Instantiating /home/travis/build/icyphy/ptII/ptolemy/actor/lib/hoc/test/auto/IterateOverArray8.xml
6 ms. Memory: 332288K Free: 259931K (78%)
----------------- Invoking toplevel() on ptolemy.moml.MoMLSimpleApplication@664783f8
----------------- Done invoking toplevel() on ptolemy.moml.MoMLSimpleApplication@664783f8
reloadAllAccessors: .IterateOverArray8

===========================================================================================
----------------- testing Wed Feb 27 21:58:22 UTC 2019 /home/travis/build/icyphy/ptII/ptolemy/actor/lib/hoc/test/auto/IterateOverArray9.xml
----------------- Instantiating /home/travis/build/icyphy/ptII/ptolemy/actor/lib/hoc/test/auto/IterateOverArray9.xml
10 ms. Memory: 332288K Free: 254231K (77%)
----------------- Invoking toplevel() on ptolemy.moml.MoMLSimpleApplication@4b39611f
----------------- Done invoking toplevel() on ptolemy.moml.MoMLSimpleApplication@4b39611f
reloadAllAccessors: .IterateOverArray9

===========================================================================================
----------------- testing Wed Feb 27 21:58:22 UTC 2019 /home/travis/build/icyphy/ptII/ptolemy/actor/lib/hoc/test/auto/IterateOverArrayCoercedOutputType.xml
----------------- Instantiating /home/travis/build/icyphy/ptII/ptolemy/actor/lib/hoc/test/auto/IterateOverArrayCoercedOutputType.xml
5 ms. Memory: 332288K Free: 247683K (75%)
----------------- Invoking toplevel() on ptolemy.moml.MoMLSimpleApplication@5116dc1c
----------------- Done invoking toplevel() on ptolemy.moml.MoMLSimpleApplication@5116dc1c
reloadAllAccessors: .IterateOverArrayCoercedOutputType

===========================================================================================
----------------- testing Wed Feb 27 21:58:22 UTC 2019 /home/travis/build/icyphy/ptII/ptolemy/actor/lib/hoc/test/auto/IterateOverArrayInferredOutputType.xml
----------------- Instantiating /home/travis/build/icyphy/ptII/ptolemy/actor/lib/hoc/test/auto/IterateOverArrayInferredOutputType.xml
9 ms. Memory: 332288K Free: 240357K (72%)
----------------- Invoking toplevel() on ptolemy.moml.MoMLSimpleApplication@55473353
----------------- Done invoking toplevel() on ptolemy.moml.MoMLSimpleApplication@55473353
reloadAllAccessors: .IterateOverArrayInferredOutputType

===========================================================================================
----------------- testing Wed Feb 27 21:58:22 UTC 2019 /home/travis/build/icyphy/ptII/ptolemy/actor/lib/hoc/test/auto/MobileFunctionTest.xml
----------------- Instantiating /home/travis/build/icyphy/ptII/ptolemy/actor/lib/hoc/test/auto/MobileFunctionTest.xml
5 ms. Memory: 332288K Free: 235436K (71%)
----------------- Invoking toplevel() on ptolemy.moml.MoMLSimpleApplication@db5571b
----------------- Done invoking toplevel() on ptolemy.moml.MoMLSimpleApplication@db5571b
reloadAllAccessors: .MobileFunctionTest

===========================================================================================
----------------- testing Wed Feb 27 21:58:22 UTC 2019 /home/travis/build/icyphy/ptII/ptolemy/actor/lib/hoc/test/auto/MobileModelTest.xml
----------------- Instantiating /home/travis/build/icyphy/ptII/ptolemy/actor/lib/hoc/test/auto/MobileModelTest.xml
71 ms. Memory: 332288K Free: 213267K (64%)
----------------- Invoking toplevel() on ptolemy.moml.MoMLSimpleApplication@4e219c19
----------------- Done invoking toplevel() on ptolemy.moml.MoMLSimpleApplication@4e219c19
reloadAllAccessors: .MobileModelTest

===========================================================================================
----------------- testing Wed Feb 27 21:58:22 UTC 2019 /home/travis/build/icyphy/ptII/ptolemy/actor/lib/hoc/test/auto/ModelReference.xml
----------------- Instantiating /home/travis/build/icyphy/ptII/ptolemy/actor/lib/hoc/test/auto/ModelReference.xml
2 ms. Memory: 332288K Free: 205075K (62%)
1 ms. Memory: 332288K Free: 205075K (62%)
2 ms. Memory: 332288K Free: 203424K (61%)
1 ms. Memory: 332288K Free: 203424K (61%)
3 ms. Memory: 332288K Free: 201789K (61%)
1 ms. Memory: 332288K Free: 201789K (61%)
3 ms. Memory: 332288K Free: 200154K (60%)
2 ms. Memory: 332288K Free: 200154K (60%)
1 ms. Memory: 332288K Free: 200154K (60%)
7 ms. Memory: 332288K Free: 198519K (60%)
34 ms. Memory: 332288K Free: 198519K (60%)
----------------- Invoking toplevel() on ptolemy.moml.MoMLSimpleApplication@107e627c
----------------- Done invoking toplevel() on ptolemy.moml.MoMLSimpleApplication@107e627c
reloadAllAccessors: .ModelReference

===========================================================================================
----------------- testing Wed Feb 27 21:58:22 UTC 2019 /home/travis/build/icyphy/ptII/ptolemy/actor/lib/hoc/test/auto/ModelReference3.xml
----------------- Instantiating /home/travis/build/icyphy/ptII/ptolemy/actor/lib/hoc/test/auto/ModelReference3.xml
2 ms. Memory: 332288K Free: 193606K (58%)
6 ms. Memory: 332288K Free: 191955K (58%)
1 ms. Memory: 332288K Free: 191955K (58%)
3 ms. Memory: 332288K Free: 190312K (57%)
2 ms. Memory: 332288K Free: 190312K (57%)
1 ms. Memory: 332288K Free: 188661K (57%)
3 ms. Memory: 332288K Free: 188661K (57%)
2 ms. Memory: 332288K Free: 187010K (56%)
3 ms. Memory: 332288K Free: 187010K (56%)
1 ms. Memory: 332288K Free: 185375K (56%)
32 ms. Memory: 332288K Free: 185375K (56%)
----------------- Invoking toplevel() on ptolemy.moml.MoMLSimpleApplication@712f8dd9
----------------- Done invoking toplevel() on ptolemy.moml.MoMLSimpleApplication@712f8dd9
reloadAllAccessors: .ModelReference3

===========================================================================================
----------------- testing Wed Feb 27 21:58:22 UTC 2019 /home/travis/build/icyphy/ptII/ptolemy/actor/lib/hoc/test/auto/ModelReference4.xml
----------------- Instantiating /home/travis/build/icyphy/ptII/ptolemy/actor/lib/hoc/test/auto/ModelReference4.xml
3 ms. Memory: 332288K Free: 178049K (54%)
6 ms. Memory: 332288K Free: 176414K (53%)
4 ms. Memory: 332288K Free: 174779K (53%)
2 ms. Memory: 332288K Free: 173144K (52%)
2 ms. Memory: 332288K Free: 169858K (51%)
2 ms. Memory: 332288K Free: 168223K (51%)
8 ms. Memory: 332288K Free: 166588K (50%)
2 ms. Memory: 332288K Free: 164953K (50%)
3 ms. Memory: 332288K Free: 163318K (49%)
3 ms. Memory: 332288K Free: 161683K (49%)
10029 ms. Memory: 332288K Free: 161683K (49%)
----------------- Invoking toplevel() on ptolemy.moml.MoMLSimpleApplication@46564944
----------------- Done invoking toplevel() on ptolemy.moml.MoMLSimpleApplication@46564944
reloadAllAccessors: .ModelReference4

===========================================================================================
----------------- testing Wed Feb 27 21:58:32 UTC 2019 /home/travis/build/icyphy/ptII/ptolemy/actor/lib/hoc/test/auto/MultiInstanceComposite.xml
----------------- Instantiating /home/travis/build/icyphy/ptII/ptolemy/actor/lib/hoc/test/auto/MultiInstanceComposite.xml
21 ms. Memory: 332288K Free: 143666K (43%)
----------------- Invoking toplevel() on ptolemy.moml.MoMLSimpleApplication@6ccc6435
----------------- Done invoking toplevel() on ptolemy.moml.MoMLSimpleApplication@6ccc6435
reloadAllAccessors: .MultiInstanceComposite

===========================================================================================
----------------- testing Wed Feb 27 21:58:32 UTC 2019 /home/travis/build/icyphy/ptII/ptolemy/actor/lib/hoc/test/auto/MultiInstanceComposite2.xml
----------------- Instantiating /home/travis/build/icyphy/ptII/ptolemy/actor/lib/hoc/test/auto/MultiInstanceComposite2.xml
11 ms. Memory: 332288K Free: 129735K (39%)
----------------- Invoking toplevel() on ptolemy.moml.MoMLSimpleApplication@6723fcb4
----------------- Done invoking toplevel() on ptolemy.moml.MoMLSimpleApplication@6723fcb4
reloadAllAccessors: .MultiInstanceComposite2

===========================================================================================
----------------- testing Wed Feb 27 21:58:32 UTC 2019 /home/travis/build/icyphy/ptII/ptolemy/actor/lib/hoc/test/auto/MulticoreExecution.xml
----------------- Instantiating /home/travis/build/icyphy/ptII/ptolemy/actor/lib/hoc/test/auto/MulticoreExecution.xml
Fired ExecutionTime: 4400000
Fired ExecutionTime: 2000000
Fired ExecutionTime: 2800000
Fired ExecutionTime: 3200000
Fired ExecutionTime: 3200000
Fired ExecutionTime: 2800000
Fired ExecutionTime: 4400000
Fired ExecutionTime: 2400000
Fired ExecutionTime: 2800000
Fired ExecutionTime: 2800000
Fired ExecutionTime: 3600000
Fired ExecutionTime: 2800000
Fired ExecutionTime: 2800000
Fired ExecutionTime: 2800000
Fired ExecutionTime: 4000000
Fired ExecutionTime: 2400000
Fired ExecutionTime: 1200000
Fired ExecutionTime: 4400000
Fired ExecutionTime: 3200000
Fired ExecutionTime: 3600000
1124 ms. Memory: 332288K Free: 116607K (35%)
----------------- Invoking toplevel() on ptolemy.moml.MoMLSimpleApplication@20980efd
----------------- Done invoking toplevel() on ptolemy.moml.MoMLSimpleApplication@20980efd
reloadAllAccessors: .MulticoreExecution

===========================================================================================
----------------- testing Wed Feb 27 21:58:33 UTC 2019 /home/travis/build/icyphy/ptII/ptolemy/actor/lib/hoc/test/auto/ParallelExecution.xml
----------------- Instantiating /home/travis/build/icyphy/ptII/ptolemy/actor/lib/hoc/test/auto/ParallelExecution.xml
922 ms. Memory: 332288K Free: 104352K (31%)
----------------- Invoking toplevel() on ptolemy.moml.MoMLSimpleApplication@4b8511e6
----------------- Done invoking toplevel() on ptolemy.moml.MoMLSimpleApplication@4b8511e6
reloadAllAccessors: .ParallelExecution

===========================================================================================
----------------- testing Wed Feb 27 21:58:34 UTC 2019 /home/travis/build/icyphy/ptII/ptolemy/actor/lib/hoc/test/auto/RunCompositeActor.xml
----------------- Instantiating /home/travis/build/icyphy/ptII/ptolemy/actor/lib/hoc/test/auto/RunCompositeActor.xml
10 ms. Memory: 332288K Free: 96145K (29%)
----------------- Invoking toplevel() on ptolemy.moml.MoMLSimpleApplication@3345499c
----------------- Done invoking toplevel() on ptolemy.moml.MoMLSimpleApplication@3345499c
reloadAllAccessors: .RunCompositeActor

===========================================================================================
----------------- testing Wed Feb 27 21:58:34 UTC 2019 /home/travis/build/icyphy/ptII/ptolemy/actor/lib/hoc/test/auto/RunCompositeActor2.xml
----------------- Instantiating /home/travis/build/icyphy/ptII/ptolemy/actor/lib/hoc/test/auto/RunCompositeActor2.xml
6 ms. Memory: 332288K Free: 89589K (27%)
----------------- Invoking toplevel() on ptolemy.moml.MoMLSimpleApplication@3c3678b9
----------------- Done invoking toplevel() on ptolemy.moml.MoMLSimpleApplication@3c3678b9
reloadAllAccessors: .RunCompositeActor2

===========================================================================================
----------------- testing Wed Feb 27 21:58:34 UTC 2019 /home/travis/build/icyphy/ptII/ptolemy/actor/lib/hoc/test/auto/RunCompositeActor3.xml
----------------- Instantiating /home/travis/build/icyphy/ptII/ptolemy/actor/lib/hoc/test/auto/RunCompositeActor3.xml
3 ms. Memory: 332288K Free: 82254K (25%)
----------------- Invoking toplevel() on ptolemy.moml.MoMLSimpleApplication@b923172
----------------- Done invoking toplevel() on ptolemy.moml.MoMLSimpleApplication@b923172
reloadAllAccessors: .RunCompositeActor3

===========================================================================================
----------------- testing Wed Feb 27 21:58:34 UTC 2019 /home/travis/build/icyphy/ptII/ptolemy/actor/lib/hoc/test/auto/RunCompositeActor4.xml
----------------- Instantiating /home/travis/build/icyphy/ptII/ptolemy/actor/lib/hoc/test/auto/RunCompositeActor4.xml
15 ms. Memory: 332800K Free: 318527K (96%)
----------------- Invoking toplevel() on ptolemy.moml.MoMLSimpleApplication@41fd740d
----------------- Done invoking toplevel() on ptolemy.moml.MoMLSimpleApplication@41fd740d
reloadAllAccessors: .RunCompositeActor4

===========================================================================================
----------------- testing Wed Feb 27 21:58:34 UTC 2019 /home/travis/build/icyphy/ptII/ptolemy/actor/lib/hoc/test/auto/RunCompositeIterateOverArray.xml
----------------- Instantiating /home/travis/build/icyphy/ptII/ptolemy/actor/lib/hoc/test/auto/RunCompositeIterateOverArray.xml
5 ms. Memory: 332800K Free: 311413K (94%)
----------------- Invoking toplevel() on ptolemy.moml.MoMLSimpleApplication@30adbe15
----------------- Done invoking toplevel() on ptolemy.moml.MoMLSimpleApplication@30adbe15
reloadAllAccessors: .RunCompositeIterateOverArray

===========================================================================================
----------------- testing Wed Feb 27 21:58:34 UTC 2019 /home/travis/build/icyphy/ptII/ptolemy/actor/lib/hoc/test/auto/ThreadedJS.xml
----------------- Instantiating /home/travis/build/icyphy/ptII/ptolemy/actor/lib/hoc/test/auto/ThreadedJS.xml
1685 ms. Memory: 541184K Free: 171936K (32%)
----------------- Invoking toplevel() on ptolemy.moml.MoMLSimpleApplication@57004d
----------------- Done invoking toplevel() on ptolemy.moml.MoMLSimpleApplication@57004d
reloadAllAccessors: .ThreadedJS
AutoTests.java: About to close Vertx.
AutoTests.java: Vertx closed.
]]></system-out>
  <system-err><![CDATA[java.lang.RuntimeException: Execution failed
	at ptolemy.moml.MoMLSimpleApplication$UnloadThread.run(MoMLSimpleApplication.java:402)
Caused by: ptolemy.kernel.util.IllegalActionException: initialize() was called after wrapup() was called but preinitialize() was not called after wrapup().
	at ptolemy.actor.lib.hoc.test.PreinitializeMustBeInvoked.initialize(PreinitializeMustBeInvoked.java:78)
	at ptolemy.actor.Director.initialize(Director.java:938)
	at ptolemy.actor.Director.initialize(Director.java:907)
	at ptolemy.actor.sched.StaticSchedulingDirector.initialize(StaticSchedulingDirector.java:159)
	at ptolemy.domains.sdf.kernel.SDFDirector.initialize(SDFDirector.java:544)
	at ptolemy.actor.CompositeActor.initialize(CompositeActor.java:935)
	at ptolemy.actor.lib.hoc.LifeCycleManager._executeInsideModel(LifeCycleManager.java:339)
	at ptolemy.actor.lib.hoc.RunCompositeActor.fire(RunCompositeActor.java:205)
	at ptolemy.actor.CompositeActor.iterate(CompositeActor.java:1146)
	at ptolemy.actor.sched.StaticSchedulingDirector.fire(StaticSchedulingDirector.java:216)
	at ptolemy.domains.sdf.kernel.SDFDirector.fire(SDFDirector.java:500)
	at ptolemy.actor.CompositeActor.fire(CompositeActor.java:455)
	at ptolemy.actor.Manager.iterate(Manager.java:851)
	at ptolemy.actor.Manager.execute(Manager.java:369)
	at ptolemy.actor.Manager.run(Manager.java:1263)
	at ptolemy.actor.Manager$PtolemyRunThread.run(Manager.java:1915)
java.lang.reflect.InvocationTargetException
	at sun.reflect.NativeConstructorAccessorImpl.newInstance0(Native Method)
	at sun.reflect.NativeConstructorAccessorImpl.newInstance(NativeConstructorAccessorImpl.java:62)
	at sun.reflect.DelegatingConstructorAccessorImpl.newInstance(DelegatingConstructorAccessorImpl.java:45)
	at java.lang.reflect.Constructor.newInstance(Constructor.java:423)
	at ptolemy.util.test.junit.AutoKnownFailedTests.RunModel(AutoKnownFailedTests.java:105)
	at sun.reflect.NativeMethodAccessorImpl.invoke0(Native Method)
	at sun.reflect.NativeMethodAccessorImpl.invoke(NativeMethodAccessorImpl.java:62)
	at sun.reflect.DelegatingMethodAccessorImpl.invoke(DelegatingMethodAccessorImpl.java:43)
	at java.lang.reflect.Method.invoke(Method.java:498)
	at org.junit.runners.model.FrameworkMethod$1.runReflectiveCall(FrameworkMethod.java:44)
	at org.junit.internal.runners.model.ReflectiveCallable.run(ReflectiveCallable.java:15)
	at org.junit.runners.model.FrameworkMethod.invokeExplosively(FrameworkMethod.java:41)
	at junitparams.internal.InvokeParameterisedMethod.evaluate(InvokeParameterisedMethod.java:102)
	at org.junit.internal.runners.statements.FailOnTimeout$1.run(FailOnTimeout.java:28)
Caused by: ptolemy.kernel.util.IllegalActionException: initialize() was called after wrapup() was called but preinitialize() was not called after wrapup().
	at ptolemy.actor.lib.hoc.test.PreinitializeMustBeInvoked.initialize(PreinitializeMustBeInvoked.java:78)
	at ptolemy.actor.Director.initialize(Director.java:938)
	at ptolemy.actor.Director.initialize(Director.java:907)
	at ptolemy.actor.sched.StaticSchedulingDirector.initialize(StaticSchedulingDirector.java:159)
	at ptolemy.domains.sdf.kernel.SDFDirector.initialize(SDFDirector.java:544)
	at ptolemy.actor.CompositeActor.initialize(CompositeActor.java:935)
	at ptolemy.actor.lib.hoc.LifeCycleManager._executeInsideModel(LifeCycleManager.java:339)
	at ptolemy.actor.lib.hoc.RunCompositeActor.fire(RunCompositeActor.java:205)
	at ptolemy.actor.CompositeActor.iterate(CompositeActor.java:1146)
	at ptolemy.actor.sched.StaticSchedulingDirector.fire(StaticSchedulingDirector.java:216)
	at ptolemy.domains.sdf.kernel.SDFDirector.fire(SDFDirector.java:500)
	at ptolemy.actor.CompositeActor.fire(CompositeActor.java:455)
	at ptolemy.actor.Manager.iterate(Manager.java:851)
	at ptolemy.actor.Manager.execute(Manager.java:369)
	at ptolemy.actor.Manager.run(Manager.java:1263)
	at ptolemy.actor.Manager$PtolemyRunThread.run(Manager.java:1915)
]]></system-err>
</testsuite>
