<?xml version="1.0" encoding="UTF-8" ?>
<testsuite errors="0" failures="0" hostname="travis-job-c49e0ff0-7081-4bbd-b860-ea05e3955c0d" name="ptolemy.domains.sdf.test.junit.JUnitTclTest" skipped="0" tests="66" time="20.271" timestamp="2019-04-24T04:11:38">
  <properties>
[...]
</properties>
  <testcase classname="ptolemy.util.test.junit.TclTests" name="[0] /home/travis/build/icyphy/ptII/ptolemy/domains/sdf/test/SDFSchedulerErrors.tcl (RunTclFile)" time="0.636" />
  <testcase classname="ptolemy.util.test.junit.TclTests" name="[1] /home/travis/build/icyphy/ptII/ptolemy/domains/sdf/test/composition.tcl (RunTclFile)" time="0.193" />
  <testcase classname="ptolemy.util.test.junit.TclTests" name="[2] /home/travis/build/icyphy/ptII/ptolemy/domains/sdf/test/cycle.tcl (RunTclFile)" time="0.062" />
  <testcase classname="ptolemy.util.test.junit.AutoKnownFailedTests" name="[0] ThereAreNoKnowFailedTests (RunModel)" time="0.006" />
  <testcase classname="ptolemy.util.test.junit.AutoNameArchTests" name="[0] ThereAreNoAutoArchTests (RunModel)" time="0.007" />
  <testcase classname="ptolemy.util.test.junit.AutoTests" name="[0] /home/travis/build/icyphy/ptII/ptolemy/domains/sdf/test/auto/Array.xml (RunModel)" time="0.174" />
  <testcase classname="ptolemy.util.test.junit.AutoTests" name="[1] /home/travis/build/icyphy/ptII/ptolemy/domains/sdf/test/auto/Butterfly.xml (RunModel)" time="0.152" />
  <testcase classname="ptolemy.util.test.junit.AutoTests" name="[2] /home/travis/build/icyphy/ptII/ptolemy/domains/sdf/test/auto/Expression.xml (RunModel)" time="0.091" />
  <testcase classname="ptolemy.util.test.junit.AutoTests" name="[3] /home/travis/build/icyphy/ptII/ptolemy/domains/sdf/test/auto/Eye.xml (RunModel)" time="0.325" />
  <testcase classname="ptolemy.util.test.junit.AutoTests" name="[4] /home/travis/build/icyphy/ptII/ptolemy/domains/sdf/test/auto/FixFIR.xml (RunModel)" time="0.323" />
  <testcase classname="ptolemy.util.test.junit.AutoTests" name="[5] /home/travis/build/icyphy/ptII/ptolemy/domains/sdf/test/auto/FixPoint.xml (RunModel)" time="0.041" />
  <testcase classname="ptolemy.util.test.junit.AutoTests" name="[6] /home/travis/build/icyphy/ptII/ptolemy/domains/sdf/test/auto/Gravitation.xml (RunModel)" time="3.304" />
  <testcase classname="ptolemy.util.test.junit.AutoTests" name="[7] /home/travis/build/icyphy/ptII/ptolemy/domains/sdf/test/auto/GravitationWithCollisionDetection.xml (RunModel)" time="6.534" />
  <testcase classname="ptolemy.util.test.junit.AutoTests" name="[8] /home/travis/build/icyphy/ptII/ptolemy/domains/sdf/test/auto/HDF.xml (RunModel)" time="0.135" />
  <testcase classname="ptolemy.util.test.junit.AutoTests" name="[9] /home/travis/build/icyphy/ptII/ptolemy/domains/sdf/test/auto/HDFwithTransientStates.xml (RunModel)" time="0.085" />
  <testcase classname="ptolemy.util.test.junit.AutoTests" name="[10] /home/travis/build/icyphy/ptII/ptolemy/domains/sdf/test/auto/HTVQ.xml (RunModel)" time="0.902" />
  <testcase classname="ptolemy.util.test.junit.AutoTests" name="[11] /home/travis/build/icyphy/ptII/ptolemy/domains/sdf/test/auto/InferInitProduction.xml (RunModel)" time="0.047" />
  <testcase classname="ptolemy.util.test.junit.AutoTests" name="[12] /home/travis/build/icyphy/ptII/ptolemy/domains/sdf/test/auto/InferInitProductionDeeper.xml (RunModel)" time="0.031" />
  <testcase classname="ptolemy.util.test.junit.AutoTests" name="[13] /home/travis/build/icyphy/ptII/ptolemy/domains/sdf/test/auto/LMSAdaptive.xml (RunModel)" time="0.08" />
  <testcase classname="ptolemy.util.test.junit.AutoTests" name="[14] /home/travis/build/icyphy/ptII/ptolemy/domains/sdf/test/auto/LogisticMap.xml (RunModel)" time="0.485" />
  <testcase classname="ptolemy.util.test.junit.AutoTests" name="[15] /home/travis/build/icyphy/ptII/ptolemy/domains/sdf/test/auto/MaximumEntropySpectrum.xml (RunModel)" time="0.257" />
  <testcase classname="ptolemy.util.test.junit.AutoTests" name="[16] /home/travis/build/icyphy/ptII/ptolemy/domains/sdf/test/auto/MultirateSDF.xml (RunModel)" time="0.063" />
  <testcase classname="ptolemy.util.test.junit.AutoTests" name="[17] /home/travis/build/icyphy/ptII/ptolemy/domains/sdf/test/auto/MultirateSDFwithTransientStates.xml (RunModel)" time="0.081" />
  <testcase classname="ptolemy.util.test.junit.AutoTests" name="[18] /home/travis/build/icyphy/ptII/ptolemy/domains/sdf/test/auto/NoisySinewave.xml (RunModel)" time="0.069" />
  <testcase classname="ptolemy.util.test.junit.AutoTests" name="[19] /home/travis/build/icyphy/ptII/ptolemy/domains/sdf/test/auto/Objects.xml (RunModel)" time="0.066" />
  <testcase classname="ptolemy.util.test.junit.AutoTests" name="[20] /home/travis/build/icyphy/ptII/ptolemy/domains/sdf/test/auto/OrthogonalCom.xml (RunModel)" time="0.045" />
  <testcase classname="ptolemy.util.test.junit.AutoTests" name="[21] /home/travis/build/icyphy/ptII/ptolemy/domains/sdf/test/auto/RijndaelEncryption.xml (RunModel)" time="0.559" />
  <testcase classname="ptolemy.util.test.junit.AutoTests" name="[22] /home/travis/build/icyphy/ptII/ptolemy/domains/sdf/test/auto/SDFEmptyIterations.xml (RunModel)" time="0.021" />
  <testcase classname="ptolemy.util.test.junit.AutoTests" name="[23] /home/travis/build/icyphy/ptII/ptolemy/domains/sdf/test/auto/Spectrum.xml (RunModel)" time="0.07" />
  <testcase classname="ptolemy.util.test.junit.AutoTests" name="[24] /home/travis/build/icyphy/ptII/ptolemy/domains/sdf/test/auto/de_inside_sdf.xml (RunModel)" time="0.028" />
  <testcase classname="ptolemy.util.test.junit.AutoTests" name="[25] /home/travis/build/icyphy/ptII/ptolemy/domains/sdf/test/auto/disconnectedHierarchicalSDF.xml (RunModel)" time="0.028" />
  <testcase classname="ptolemy.util.test.junit.AutoTests" name="[26] /home/travis/build/icyphy/ptII/ptolemy/domains/sdf/test/auto/disconnectedSDF.xml (RunModel)" time="0.028" />
  <testcase classname="ptolemy.util.test.junit.AutoTests" name="[27] /home/travis/build/icyphy/ptII/ptolemy/domains/sdf/test/auto/emptyRefinement.xml (RunModel)" time="0.021" />
  <testcase classname="ptolemy.util.test.junit.AutoTests" name="[28] /home/travis/build/icyphy/ptII/ptolemy/domains/sdf/test/auto/filePortParameter.xml (RunModel)" time="0.052" />
  <testcase classname="ptolemy.util.test.junit.AutoTests" name="[29] /home/travis/build/icyphy/ptII/ptolemy/domains/sdf/test/auto/inferRelationWidth1.xml (RunModel)" time="0.021" />
  <testcase classname="ptolemy.util.test.junit.AutoTests" name="[30] /home/travis/build/icyphy/ptII/ptolemy/domains/sdf/test/auto/initProductionInference.xml (RunModel)" time="0.019" />
  <testcase classname="ptolemy.util.test.junit.AutoTests" name="[31] /home/travis/build/icyphy/ptII/ptolemy/domains/sdf/test/auto/relationGroup.xml (RunModel)" time="0.016" />
  <testcase classname="ptolemy.util.test.junit.AutoTests" name="[32] /home/travis/build/icyphy/ptII/ptolemy/domains/sdf/test/auto/relationGroup10.xml (RunModel)" time="0.022" />
  <testcase classname="ptolemy.util.test.junit.AutoTests" name="[33] /home/travis/build/icyphy/ptII/ptolemy/domains/sdf/test/auto/relationGroup11.xml (RunModel)" time="0.02" />
  <testcase classname="ptolemy.util.test.junit.AutoTests" name="[34] /home/travis/build/icyphy/ptII/ptolemy/domains/sdf/test/auto/relationGroup12.xml (RunModel)" time="0.018" />
  <testcase classname="ptolemy.util.test.junit.AutoTests" name="[35] /home/travis/build/icyphy/ptII/ptolemy/domains/sdf/test/auto/relationGroup13.xml (RunModel)" time="0.027" />
  <testcase classname="ptolemy.util.test.junit.AutoTests" name="[36] /home/travis/build/icyphy/ptII/ptolemy/domains/sdf/test/auto/relationGroup14.xml (RunModel)" time="0.021" />
  <testcase classname="ptolemy.util.test.junit.AutoTests" name="[37] /home/travis/build/icyphy/ptII/ptolemy/domains/sdf/test/auto/relationGroup15.xml (RunModel)" time="0.017" />
  <testcase classname="ptolemy.util.test.junit.AutoTests" name="[38] /home/travis/build/icyphy/ptII/ptolemy/domains/sdf/test/auto/relationGroup2.xml (RunModel)" time="0.016" />
  <testcase classname="ptolemy.util.test.junit.AutoTests" name="[39] /home/travis/build/icyphy/ptII/ptolemy/domains/sdf/test/auto/relationGroup3.xml (RunModel)" time="0.019" />
  <testcase classname="ptolemy.util.test.junit.AutoTests" name="[40] /home/travis/build/icyphy/ptII/ptolemy/domains/sdf/test/auto/relationGroup4.xml (RunModel)" time="0.024" />
  <testcase classname="ptolemy.util.test.junit.AutoTests" name="[41] /home/travis/build/icyphy/ptII/ptolemy/domains/sdf/test/auto/relationGroup5.xml (RunModel)" time="0.016" />
  <testcase classname="ptolemy.util.test.junit.AutoTests" name="[42] /home/travis/build/icyphy/ptII/ptolemy/domains/sdf/test/auto/relationGroup6.xml (RunModel)" time="0.026" />
  <testcase classname="ptolemy.util.test.junit.AutoTests" name="[43] /home/travis/build/icyphy/ptII/ptolemy/domains/sdf/test/auto/relationGroup7.xml (RunModel)" time="0.014" />
  <testcase classname="ptolemy.util.test.junit.AutoTests" name="[44] /home/travis/build/icyphy/ptII/ptolemy/domains/sdf/test/auto/relationGroup8.xml (RunModel)" time="0.013" />
  <testcase classname="ptolemy.util.test.junit.AutoTests" name="[45] /home/travis/build/icyphy/ptII/ptolemy/domains/sdf/test/auto/relationGroup9.xml (RunModel)" time="0.014" />
  <testcase classname="ptolemy.util.test.junit.AutoTests" name="[46] /home/travis/build/icyphy/ptII/ptolemy/domains/sdf/test/auto/sdf_inside_de.xml (RunModel)" time="0.038" />
  <testcase classname="ptolemy.util.test.junit.AutoTests" name="[47] /home/travis/build/icyphy/ptII/ptolemy/domains/sdf/test/auto/sdf_inside_pn.xml (RunModel)" time="0.074" />
  <testcase classname="ptolemy.util.test.junit.AutoTests" name="[48] /home/travis/build/icyphy/ptII/ptolemy/domains/sdf/test/auto/sdf_sdf1.xml (RunModel)" time="0.02" />
  <testcase classname="ptolemy.util.test.junit.AutoTests" name="[49] /home/travis/build/icyphy/ptII/ptolemy/domains/sdf/test/auto/test1.xml (RunModel)" time="0.014" />
  <testcase classname="ptolemy.util.test.junit.AutoTests" name="[50] /home/travis/build/icyphy/ptII/ptolemy/domains/sdf/test/auto/time1.xml (RunModel)" time="0.009" />
  <testcase classname="ptolemy.util.test.junit.AutoTests" name="[51] /home/travis/build/icyphy/ptII/ptolemy/domains/sdf/test/auto/time2.xml (RunModel)" time="0.01" />
  <testcase classname="ptolemy.util.test.junit.AutoTests" name="[52] /home/travis/build/icyphy/ptII/ptolemy/domains/sdf/test/auto/time3.xml (RunModel)" time="0.018" />
  <testcase classname="ptolemy.util.test.junit.AutoTests" name="[53] /home/travis/build/icyphy/ptII/ptolemy/domains/sdf/test/auto/time4.xml (RunModel)" time="0.016" />
  <testcase classname="ptolemy.util.test.junit.AutoTests" name="[54] /home/travis/build/icyphy/ptII/ptolemy/domains/sdf/test/auto/time5.xml (RunModel)" time="4.026" />
  <testcase classname="ptolemy.util.test.junit.AutoTests" name="[55] /home/travis/build/icyphy/ptII/ptolemy/domains/sdf/test/auto/typeSystem_Const_Integer_smallest_Type.xml (RunModel)" time="0.049" />
  <testcase classname="ptolemy.util.test.junit.AutoTests" name="[56] /home/travis/build/icyphy/ptII/ptolemy/domains/sdf/test/auto/typeSystem_declared_Inports_OutportTypeException.xml (RunModel)" time="0.032" />
  <testcase classname="ptolemy.util.test.junit.AutoTests" name="[57] /home/travis/build/icyphy/ptII/ptolemy/domains/sdf/test/auto/typeSystem_oneDeclaredInportType_wrongTypeOutport.xml (RunModel)" time="0.017" />
  <testcase classname="ptolemy.util.test.junit.AutoTests" name="[58] /home/travis/build/icyphy/ptII/ptolemy/domains/sdf/test/auto/width.xml (RunModel)" time="0.011" />
  <testcase classname="ptolemy.util.test.junit.AutoTests" name="[59] /home/travis/build/icyphy/ptII/ptolemy/domains/sdf/test/auto/width2.xml (RunModel)" time="0.035" />
  <testcase classname="ptolemy.util.test.junit.AutoTests" name="[60] /home/travis/build/icyphy/ptII/ptolemy/domains/sdf/test/auto/width3.xml (RunModel)" time="0.032" />
  <system-out><![CDATA[/home/travis/build/icyphy/ptII/ptolemy/domains/sdf/test/SDFSchedulerErrors.tcl
testDefs.tcl: setting time out to 9000 seconds at Wed Apr 24 04:11:38 UTC 2019
21 ms. Memory: 116224K Free: 108695K (94%)
4 ms. Memory: 116224K Free: 102284K (88%)
4 ms. Memory: 116224K Free: 95253K (82%)
2 ms. Memory: 116224K Free: 92158K (79%)
/home/travis/build/icyphy/ptII/ptolemy/domains/sdf/test/composition.tcl
50 ms. Memory: 116224K Free: 88510K (76%)
7 ms. Memory: 116224K Free: 86716K (75%)
/home/travis/build/icyphy/ptII/ptolemy/domains/sdf/test/cycle.tcl
.Toplevel.Director Preinitializing ...
Invoking preinitialize():  .Toplevel.Actor1
Invoking preinitialize():  .Toplevel.Actor2
Invoking preinitialize():  .Toplevel.Delay
.Toplevel.Director Finished preinitialize().
### Schedule:
Execute Schedule{
Fire Actor ptolemy.domains.sdf.kernel.test.SDFTestDelay {.Toplevel.Actor1}
Fire Actor ptolemy.domains.sdf.kernel.test.SDFTestDelay {.Toplevel.Actor2}
Fire Actor ptolemy.domains.sdf.lib.SampleDelay {.Toplevel.Delay}
}
### End schedule
Called initialize().
Invoking initialize():  .Toplevel.Actor1
Initializing actor: .Toplevel.Actor1.
Invoking initialize():  .Toplevel.Actor2
Initializing actor: .Toplevel.Actor2.
Invoking initialize():  .Toplevel.Delay
Initializing actor: .Toplevel.Delay.
Director: Called prefire().
-- Setting current time to 0.0
Director prefire returns true.
The actor .Toplevel.Actor1 will be iterated.
The actor .Toplevel.Actor1 was iterated.
The actor .Toplevel.Actor2 will be iterated.
The actor .Toplevel.Actor2 was iterated.
The actor .Toplevel.Delay will be iterated.
The actor .Toplevel.Delay was iterated.
Director: Called postfire().
Postfire returns: true
Director: Called prefire().
-- Setting current time to 0.0
Director prefire returns true.
The actor .Toplevel.Actor1 will be iterated.
The actor .Toplevel.Actor1 was iterated.
The actor .Toplevel.Actor2 will be iterated.
The actor .Toplevel.Actor2 was iterated.
The actor .Toplevel.Delay will be iterated.
The actor .Toplevel.Delay was iterated.
Director: Called postfire().
Postfire returns: true
Director: Called prefire().
-- Setting current time to 0.0
Director prefire returns true.
The actor .Toplevel.Actor1 will be iterated.
The actor .Toplevel.Actor1 was iterated.
The actor .Toplevel.Actor2 will be iterated.
The actor .Toplevel.Actor2 was iterated.
The actor .Toplevel.Delay will be iterated.
The actor .Toplevel.Delay was iterated.
Director: Called postfire().
Postfire returns: true
Director: Called prefire().
-- Setting current time to 0.0
Director prefire returns true.
The actor .Toplevel.Actor1 will be iterated.
The actor .Toplevel.Actor1 was iterated.
The actor .Toplevel.Actor2 will be iterated.
The actor .Toplevel.Actor2 was iterated.
The actor .Toplevel.Delay will be iterated.
The actor .Toplevel.Delay was iterated.
Director: Called postfire().
Postfire returns: true
Director: Called prefire().
-- Setting current time to 0.0
Director prefire returns true.
The actor .Toplevel.Actor1 will be iterated.
The actor .Toplevel.Actor1 was iterated.
The actor .Toplevel.Actor2 will be iterated.
The actor .Toplevel.Actor2 was iterated.
The actor .Toplevel.Delay will be iterated.
The actor .Toplevel.Delay was iterated.
Director: Called postfire().
Postfire returns: true
Director: Called prefire().
-- Setting current time to 0.0
Director prefire returns true.
The actor .Toplevel.Actor1 will be iterated.
The actor .Toplevel.Actor1 was iterated.
The actor .Toplevel.Actor2 will be iterated.
The actor .Toplevel.Actor2 was iterated.
The actor .Toplevel.Delay will be iterated.
The actor .Toplevel.Delay was iterated.
Reached specified number of iterations: 6
Director: Called wrapup().
20 ms. Memory: 116224K Free: 84319K (73%)
04/24/19 04:11:39
Failed: 0  Total Tests: 8  ((Passed: 8, Newly Passed: 0)  Known Failed: 0) /home/travis/build/icyphy/ptII/ptolemy/domains/sdf/test
No auto/knownFailedTests/*.xml tests in /home/travis/build/icyphy/ptII/ptolemy/domains/sdf/test
No auto/linux-amd64/*.xml tests in /home/travis/build/icyphy/ptII/ptolemy/domains/sdf/test
AutoTests.java: About to close Vertx.
AutoTests.java: Vertx closed.

===========================================================================================
----------------- testing Wed Apr 24 04:11:40 UTC 2019 /home/travis/build/icyphy/ptII/ptolemy/domains/sdf/test/auto/Array.xml
----------------- Instantiating /home/travis/build/icyphy/ptII/ptolemy/domains/sdf/test/auto/Array.xml
28 ms. Memory: 146944K Free: 110009K (75%)
----------------- Invoking toplevel() on ptolemy.moml.MoMLSimpleApplication@7cc5d4ce
----------------- Done invoking toplevel() on ptolemy.moml.MoMLSimpleApplication@7cc5d4ce
reloadAllAccessors: .Array

===========================================================================================
----------------- testing Wed Apr 24 04:11:40 UTC 2019 /home/travis/build/icyphy/ptII/ptolemy/domains/sdf/test/auto/Butterfly.xml
----------------- Instantiating /home/travis/build/icyphy/ptII/ptolemy/domains/sdf/test/auto/Butterfly.xml
115 ms. Memory: 146944K Free: 103334K (70%)
----------------- Invoking toplevel() on ptolemy.moml.MoMLSimpleApplication@f33859f
----------------- Done invoking toplevel() on ptolemy.moml.MoMLSimpleApplication@f33859f
reloadAllAccessors: .Butterfly

===========================================================================================
----------------- testing Wed Apr 24 04:11:40 UTC 2019 /home/travis/build/icyphy/ptII/ptolemy/domains/sdf/test/auto/Expression.xml
----------------- Instantiating /home/travis/build/icyphy/ptII/ptolemy/domains/sdf/test/auto/Expression.xml
44 ms. Memory: 146944K Free: 97780K (67%)
----------------- Invoking toplevel() on ptolemy.moml.MoMLSimpleApplication@9f705c0
----------------- Done invoking toplevel() on ptolemy.moml.MoMLSimpleApplication@9f705c0
reloadAllAccessors: .Expression

===========================================================================================
----------------- testing Wed Apr 24 04:11:40 UTC 2019 /home/travis/build/icyphy/ptII/ptolemy/domains/sdf/test/auto/Eye.xml
----------------- Instantiating /home/travis/build/icyphy/ptII/ptolemy/domains/sdf/test/auto/Eye.xml
225 ms. Memory: 146944K Free: 129214K (88%)
----------------- Invoking toplevel() on ptolemy.moml.MoMLSimpleApplication@104aa751
----------------- Done invoking toplevel() on ptolemy.moml.MoMLSimpleApplication@104aa751
reloadAllAccessors: .Eye

===========================================================================================
----------------- testing Wed Apr 24 04:11:40 UTC 2019 /home/travis/build/icyphy/ptII/ptolemy/domains/sdf/test/auto/FixFIR.xml
----------------- Instantiating /home/travis/build/icyphy/ptII/ptolemy/domains/sdf/test/auto/FixFIR.xml
161 ms. Memory: 146944K Free: 92550K (63%)
----------------- Invoking toplevel() on ptolemy.moml.MoMLSimpleApplication@7e20c3ae
----------------- Done invoking toplevel() on ptolemy.moml.MoMLSimpleApplication@7e20c3ae
reloadAllAccessors: .FixFIR

===========================================================================================
----------------- testing Wed Apr 24 04:11:41 UTC 2019 /home/travis/build/icyphy/ptII/ptolemy/domains/sdf/test/auto/FixPoint.xml
----------------- Instantiating /home/travis/build/icyphy/ptII/ptolemy/domains/sdf/test/auto/FixPoint.xml
14 ms. Memory: 146944K Free: 87980K (60%)
----------------- Invoking toplevel() on ptolemy.moml.MoMLSimpleApplication@58ac65a5
----------------- Done invoking toplevel() on ptolemy.moml.MoMLSimpleApplication@58ac65a5
reloadAllAccessors: .FixPoint

===========================================================================================
----------------- testing Wed Apr 24 04:11:41 UTC 2019 /home/travis/build/icyphy/ptII/ptolemy/domains/sdf/test/auto/Gravitation.xml
----------------- Instantiating /home/travis/build/icyphy/ptII/ptolemy/domains/sdf/test/auto/Gravitation.xml
3175 ms. Memory: 208384K Free: 113138K (54%)
----------------- Invoking toplevel() on ptolemy.moml.MoMLSimpleApplication@1b8c44e
----------------- Done invoking toplevel() on ptolemy.moml.MoMLSimpleApplication@1b8c44e
reloadAllAccessors: .Gravitation

===========================================================================================
----------------- testing Wed Apr 24 04:11:44 UTC 2019 /home/travis/build/icyphy/ptII/ptolemy/domains/sdf/test/auto/GravitationWithCollisionDetection.xml
----------------- Instantiating /home/travis/build/icyphy/ptII/ptolemy/domains/sdf/test/auto/GravitationWithCollisionDetection.xml
6361 ms. Memory: 872448K Free: 297626K (34%)
----------------- Invoking toplevel() on ptolemy.moml.MoMLSimpleApplication@45d1b53a
----------------- Done invoking toplevel() on ptolemy.moml.MoMLSimpleApplication@45d1b53a
reloadAllAccessors: .GravitationWithCollisionDetection

===========================================================================================
----------------- testing Wed Apr 24 04:11:51 UTC 2019 /home/travis/build/icyphy/ptII/ptolemy/domains/sdf/test/auto/HDF.xml
----------------- Instantiating /home/travis/build/icyphy/ptII/ptolemy/domains/sdf/test/auto/HDF.xml
26 ms. Memory: 872448K Free: 265028K (30%)
----------------- Invoking toplevel() on ptolemy.moml.MoMLSimpleApplication@607788f9
----------------- Done invoking toplevel() on ptolemy.moml.MoMLSimpleApplication@607788f9
reloadAllAccessors: .HDF

===========================================================================================
----------------- testing Wed Apr 24 04:11:51 UTC 2019 /home/travis/build/icyphy/ptII/ptolemy/domains/sdf/test/auto/HDFwithTransientStates.xml
----------------- Instantiating /home/travis/build/icyphy/ptII/ptolemy/domains/sdf/test/auto/HDFwithTransientStates.xml
30 ms. Memory: 872448K Free: 241481K (28%)
----------------- Invoking toplevel() on ptolemy.moml.MoMLSimpleApplication@44dae31d
----------------- Done invoking toplevel() on ptolemy.moml.MoMLSimpleApplication@44dae31d
reloadAllAccessors: .HDFwithTransientStates

===========================================================================================
----------------- testing Wed Apr 24 04:11:51 UTC 2019 /home/travis/build/icyphy/ptII/ptolemy/domains/sdf/test/auto/HTVQ.xml
----------------- Instantiating /home/travis/build/icyphy/ptII/ptolemy/domains/sdf/test/auto/HTVQ.xml
858 ms. Memory: 872960K Free: 845239K (97%)
----------------- Invoking toplevel() on ptolemy.moml.MoMLSimpleApplication@3127f36b
----------------- Done invoking toplevel() on ptolemy.moml.MoMLSimpleApplication@3127f36b
reloadAllAccessors: .HTVQ

===========================================================================================
----------------- testing Wed Apr 24 04:11:52 UTC 2019 /home/travis/build/icyphy/ptII/ptolemy/domains/sdf/test/auto/InferInitProduction.xml
----------------- Instantiating /home/travis/build/icyphy/ptII/ptolemy/domains/sdf/test/auto/InferInitProduction.xml
11 ms. Memory: 872960K Free: 827575K (95%)
----------------- Invoking toplevel() on ptolemy.moml.MoMLSimpleApplication@51bee4f8
----------------- Done invoking toplevel() on ptolemy.moml.MoMLSimpleApplication@51bee4f8
reloadAllAccessors: .InferInitProduction

===========================================================================================
----------------- testing Wed Apr 24 04:11:52 UTC 2019 /home/travis/build/icyphy/ptII/ptolemy/domains/sdf/test/auto/InferInitProductionDeeper.xml
----------------- Instantiating /home/travis/build/icyphy/ptII/ptolemy/domains/sdf/test/auto/InferInitProductionDeeper.xml
7 ms. Memory: 872960K Free: 817117K (94%)
----------------- Invoking toplevel() on ptolemy.moml.MoMLSimpleApplication@275062ce
----------------- Done invoking toplevel() on ptolemy.moml.MoMLSimpleApplication@275062ce
reloadAllAccessors: .InferInitProductionDeeper

===========================================================================================
----------------- testing Wed Apr 24 04:11:52 UTC 2019 /home/travis/build/icyphy/ptII/ptolemy/domains/sdf/test/auto/LMSAdaptive.xml
----------------- Instantiating /home/travis/build/icyphy/ptII/ptolemy/domains/sdf/test/auto/LMSAdaptive.xml
15 ms. Memory: 872960K Free: 801429K (92%)
----------------- Invoking toplevel() on ptolemy.moml.MoMLSimpleApplication@28c3e1fc
----------------- Done invoking toplevel() on ptolemy.moml.MoMLSimpleApplication@28c3e1fc
reloadAllAccessors: .LMSAdaptive

===========================================================================================
----------------- testing Wed Apr 24 04:11:52 UTC 2019 /home/travis/build/icyphy/ptII/ptolemy/domains/sdf/test/auto/LogisticMap.xml
----------------- Instantiating /home/travis/build/icyphy/ptII/ptolemy/domains/sdf/test/auto/LogisticMap.xml
453 ms. Memory: 872960K Free: 790970K (91%)
----------------- Invoking toplevel() on ptolemy.moml.MoMLSimpleApplication@4bedab80
----------------- Done invoking toplevel() on ptolemy.moml.MoMLSimpleApplication@4bedab80
reloadAllAccessors: .LogisticMap

===========================================================================================
----------------- testing Wed Apr 24 04:11:52 UTC 2019 /home/travis/build/icyphy/ptII/ptolemy/domains/sdf/test/auto/MaximumEntropySpectrum.xml
----------------- Instantiating /home/travis/build/icyphy/ptII/ptolemy/domains/sdf/test/auto/MaximumEntropySpectrum.xml
50 ms. Memory: 872960K Free: 722862K (83%)
----------------- Invoking toplevel() on ptolemy.moml.MoMLSimpleApplication@7fa18b75
----------------- Done invoking toplevel() on ptolemy.moml.MoMLSimpleApplication@7fa18b75
reloadAllAccessors: .MaximumEntropySpectrum

===========================================================================================
----------------- testing Wed Apr 24 04:11:53 UTC 2019 /home/travis/build/icyphy/ptII/ptolemy/domains/sdf/test/auto/MultirateSDF.xml
----------------- Instantiating /home/travis/build/icyphy/ptII/ptolemy/domains/sdf/test/auto/MultirateSDF.xml
22 ms. Memory: 872960K Free: 701913K (80%)
----------------- Invoking toplevel() on ptolemy.moml.MoMLSimpleApplication@6ad7655c
----------------- Done invoking toplevel() on ptolemy.moml.MoMLSimpleApplication@6ad7655c
reloadAllAccessors: .MultirateSDF

===========================================================================================
----------------- testing Wed Apr 24 04:11:53 UTC 2019 /home/travis/build/icyphy/ptII/ptolemy/domains/sdf/test/auto/MultirateSDFwithTransientStates.xml
----------------- Instantiating /home/travis/build/icyphy/ptII/ptolemy/domains/sdf/test/auto/MultirateSDFwithTransientStates.xml
18 ms. Memory: 872960K Free: 680956K (78%)
----------------- Invoking toplevel() on ptolemy.moml.MoMLSimpleApplication@5ef11927
----------------- Done invoking toplevel() on ptolemy.moml.MoMLSimpleApplication@5ef11927
reloadAllAccessors: .MultirateSDFwithTransientStates

===========================================================================================
----------------- testing Wed Apr 24 04:11:53 UTC 2019 /home/travis/build/icyphy/ptII/ptolemy/domains/sdf/test/auto/NoisySinewave.xml
----------------- Instantiating /home/travis/build/icyphy/ptII/ptolemy/domains/sdf/test/auto/NoisySinewave.xml
17 ms. Memory: 872960K Free: 660023K (76%)
----------------- Invoking toplevel() on ptolemy.moml.MoMLSimpleApplication@29062655
----------------- Done invoking toplevel() on ptolemy.moml.MoMLSimpleApplication@29062655
reloadAllAccessors: .NoisySinewave

===========================================================================================
----------------- testing Wed Apr 24 04:11:53 UTC 2019 /home/travis/build/icyphy/ptII/ptolemy/domains/sdf/test/auto/Objects.xml
----------------- Instantiating /home/travis/build/icyphy/ptII/ptolemy/domains/sdf/test/auto/Objects.xml
2 ms. Memory: 872960K Free: 644327K (74%)
----------------- Invoking toplevel() on ptolemy.moml.MoMLSimpleApplication@30c29b1a
----------------- Done invoking toplevel() on ptolemy.moml.MoMLSimpleApplication@30c29b1a
reloadAllAccessors: .Objects

===========================================================================================
----------------- testing Wed Apr 24 04:11:53 UTC 2019 /home/travis/build/icyphy/ptII/ptolemy/domains/sdf/test/auto/OrthogonalCom.xml
----------------- Instantiating /home/travis/build/icyphy/ptII/ptolemy/domains/sdf/test/auto/OrthogonalCom.xml
7 ms. Memory: 872960K Free: 625676K (72%)
----------------- Invoking toplevel() on ptolemy.moml.MoMLSimpleApplication@620c1d45
----------------- Done invoking toplevel() on ptolemy.moml.MoMLSimpleApplication@620c1d45
reloadAllAccessors: .OrthogonalCom

===========================================================================================
----------------- testing Wed Apr 24 04:11:53 UTC 2019 /home/travis/build/icyphy/ptII/ptolemy/domains/sdf/test/auto/RijndaelEncryption.xml
----------------- Instantiating /home/travis/build/icyphy/ptII/ptolemy/domains/sdf/test/auto/RijndaelEncryption.xml
299 ms. Memory: 872960K Free: 463353K (53%)
----------------- Invoking toplevel() on ptolemy.moml.MoMLSimpleApplication@5321e46a
----------------- Done invoking toplevel() on ptolemy.moml.MoMLSimpleApplication@5321e46a
reloadAllAccessors: .RijndaelEncryption

===========================================================================================
----------------- testing Wed Apr 24 04:11:54 UTC 2019 /home/travis/build/icyphy/ptII/ptolemy/domains/sdf/test/auto/SDFEmptyIterations.xml
----------------- Instantiating /home/travis/build/icyphy/ptII/ptolemy/domains/sdf/test/auto/SDFEmptyIterations.xml
6 ms. Memory: 872960K Free: 452895K (52%)
----------------- Invoking toplevel() on ptolemy.moml.MoMLSimpleApplication@44a72a54
----------------- Done invoking toplevel() on ptolemy.moml.MoMLSimpleApplication@44a72a54
reloadAllAccessors: .SDFEmptyIterations

===========================================================================================
----------------- testing Wed Apr 24 04:11:54 UTC 2019 /home/travis/build/icyphy/ptII/ptolemy/domains/sdf/test/auto/Spectrum.xml
----------------- Instantiating /home/travis/build/icyphy/ptII/ptolemy/domains/sdf/test/auto/Spectrum.xml
34 ms. Memory: 872960K Free: 431978K (49%)
----------------- Invoking toplevel() on ptolemy.moml.MoMLSimpleApplication@5134e80c
----------------- Done invoking toplevel() on ptolemy.moml.MoMLSimpleApplication@5134e80c
reloadAllAccessors: .Spectrum

===========================================================================================
----------------- testing Wed Apr 24 04:11:54 UTC 2019 /home/travis/build/icyphy/ptII/ptolemy/domains/sdf/test/auto/de_inside_sdf.xml
----------------- Instantiating /home/travis/build/icyphy/ptII/ptolemy/domains/sdf/test/auto/de_inside_sdf.xml
9 ms. Memory: 872960K Free: 421519K (48%)
----------------- Invoking toplevel() on ptolemy.moml.MoMLSimpleApplication@2ed39a5e
----------------- Done invoking toplevel() on ptolemy.moml.MoMLSimpleApplication@2ed39a5e
reloadAllAccessors: .de_inside_sdf

===========================================================================================
----------------- testing Wed Apr 24 04:11:54 UTC 2019 /home/travis/build/icyphy/ptII/ptolemy/domains/sdf/test/auto/disconnectedHierarchicalSDF.xml
----------------- Instantiating /home/travis/build/icyphy/ptII/ptolemy/domains/sdf/test/auto/disconnectedHierarchicalSDF.xml
5 ms. Memory: 872960K Free: 411061K (47%)
----------------- Invoking toplevel() on ptolemy.moml.MoMLSimpleApplication@1b803e48
----------------- Done invoking toplevel() on ptolemy.moml.MoMLSimpleApplication@1b803e48
reloadAllAccessors: .disconnectedHierarchicalSDF

===========================================================================================
----------------- testing Wed Apr 24 04:11:54 UTC 2019 /home/travis/build/icyphy/ptII/ptolemy/domains/sdf/test/auto/disconnectedSDF.xml
----------------- Instantiating /home/travis/build/icyphy/ptII/ptolemy/domains/sdf/test/auto/disconnectedSDF.xml
3 ms. Memory: 872960K Free: 400602K (46%)
----------------- Invoking toplevel() on ptolemy.moml.MoMLSimpleApplication@3fcdc4fc
----------------- Done invoking toplevel() on ptolemy.moml.MoMLSimpleApplication@3fcdc4fc
reloadAllAccessors: .disconnectedSDF

===========================================================================================
----------------- testing Wed Apr 24 04:11:54 UTC 2019 /home/travis/build/icyphy/ptII/ptolemy/domains/sdf/test/auto/emptyRefinement.xml
----------------- Instantiating /home/travis/build/icyphy/ptII/ptolemy/domains/sdf/test/auto/emptyRefinement.xml
4 ms. Memory: 872960K Free: 390144K (45%)
----------------- Invoking toplevel() on ptolemy.moml.MoMLSimpleApplication@585bd58b
----------------- Done invoking toplevel() on ptolemy.moml.MoMLSimpleApplication@585bd58b
reloadAllAccessors: .emptyRefinement

===========================================================================================
----------------- testing Wed Apr 24 04:11:54 UTC 2019 /home/travis/build/icyphy/ptII/ptolemy/domains/sdf/test/auto/filePortParameter.xml
----------------- Instantiating /home/travis/build/icyphy/ptII/ptolemy/domains/sdf/test/auto/filePortParameter.xml
17 ms. Memory: 872960K Free: 379685K (43%)
----------------- Invoking toplevel() on ptolemy.moml.MoMLSimpleApplication@588874b8
----------------- Done invoking toplevel() on ptolemy.moml.MoMLSimpleApplication@588874b8
reloadAllAccessors: .filePortParameter

===========================================================================================
----------------- testing Wed Apr 24 04:11:54 UTC 2019 /home/travis/build/icyphy/ptII/ptolemy/domains/sdf/test/auto/inferRelationWidth1.xml
----------------- Instantiating /home/travis/build/icyphy/ptII/ptolemy/domains/sdf/test/auto/inferRelationWidth1.xml
4 ms. Memory: 872960K Free: 366272K (42%)
----------------- Invoking toplevel() on ptolemy.moml.MoMLSimpleApplication@6419b55f
----------------- Done invoking toplevel() on ptolemy.moml.MoMLSimpleApplication@6419b55f
reloadAllAccessors: .inferRelationWidth1

===========================================================================================
----------------- testing Wed Apr 24 04:11:54 UTC 2019 /home/travis/build/icyphy/ptII/ptolemy/domains/sdf/test/auto/initProductionInference.xml
----------------- Instantiating /home/travis/build/icyphy/ptII/ptolemy/domains/sdf/test/auto/initProductionInference.xml
6 ms. Memory: 872960K Free: 355813K (41%)
----------------- Invoking toplevel() on ptolemy.moml.MoMLSimpleApplication@936d4c9
----------------- Done invoking toplevel() on ptolemy.moml.MoMLSimpleApplication@936d4c9
reloadAllAccessors: .initProductionInference

===========================================================================================
----------------- testing Wed Apr 24 04:11:54 UTC 2019 /home/travis/build/icyphy/ptII/ptolemy/domains/sdf/test/auto/relationGroup.xml
----------------- Instantiating /home/travis/build/icyphy/ptII/ptolemy/domains/sdf/test/auto/relationGroup.xml
2 ms. Memory: 872960K Free: 345355K (40%)
----------------- Invoking toplevel() on ptolemy.moml.MoMLSimpleApplication@51e7cccd
----------------- Done invoking toplevel() on ptolemy.moml.MoMLSimpleApplication@51e7cccd
reloadAllAccessors: .relationGroup

===========================================================================================
----------------- testing Wed Apr 24 04:11:54 UTC 2019 /home/travis/build/icyphy/ptII/ptolemy/domains/sdf/test/auto/relationGroup10.xml
----------------- Instantiating /home/travis/build/icyphy/ptII/ptolemy/domains/sdf/test/auto/relationGroup10.xml
2 ms. Memory: 872960K Free: 334896K (38%)
----------------- Invoking toplevel() on ptolemy.moml.MoMLSimpleApplication@7472650a
----------------- Done invoking toplevel() on ptolemy.moml.MoMLSimpleApplication@7472650a
reloadAllAccessors: .relationGroup10

===========================================================================================
----------------- testing Wed Apr 24 04:11:54 UTC 2019 /home/travis/build/icyphy/ptII/ptolemy/domains/sdf/test/auto/relationGroup11.xml
----------------- Instantiating /home/travis/build/icyphy/ptII/ptolemy/domains/sdf/test/auto/relationGroup11.xml
4 ms. Memory: 872960K Free: 324438K (37%)
----------------- Invoking toplevel() on ptolemy.moml.MoMLSimpleApplication@6fe4561a
----------------- Done invoking toplevel() on ptolemy.moml.MoMLSimpleApplication@6fe4561a
reloadAllAccessors: .relationGroup11

===========================================================================================
----------------- testing Wed Apr 24 04:11:54 UTC 2019 /home/travis/build/icyphy/ptII/ptolemy/domains/sdf/test/auto/relationGroup12.xml
----------------- Instantiating /home/travis/build/icyphy/ptII/ptolemy/domains/sdf/test/auto/relationGroup12.xml
3 ms. Memory: 872960K Free: 313979K (36%)
----------------- Invoking toplevel() on ptolemy.moml.MoMLSimpleApplication@165f21b6
----------------- Done invoking toplevel() on ptolemy.moml.MoMLSimpleApplication@165f21b6
reloadAllAccessors: .relationGroup12

===========================================================================================
----------------- testing Wed Apr 24 04:11:54 UTC 2019 /home/travis/build/icyphy/ptII/ptolemy/domains/sdf/test/auto/relationGroup13.xml
----------------- Instantiating /home/travis/build/icyphy/ptII/ptolemy/domains/sdf/test/auto/relationGroup13.xml
10 ms. Memory: 872960K Free: 303521K (35%)
----------------- Invoking toplevel() on ptolemy.moml.MoMLSimpleApplication@15fa103
----------------- Done invoking toplevel() on ptolemy.moml.MoMLSimpleApplication@15fa103
reloadAllAccessors: .relationGroup13

===========================================================================================
----------------- testing Wed Apr 24 04:11:54 UTC 2019 /home/travis/build/icyphy/ptII/ptolemy/domains/sdf/test/auto/relationGroup14.xml
----------------- Instantiating /home/travis/build/icyphy/ptII/ptolemy/domains/sdf/test/auto/relationGroup14.xml
5 ms. Memory: 872960K Free: 293062K (34%)
----------------- Invoking toplevel() on ptolemy.moml.MoMLSimpleApplication@20c46d0b
----------------- Done invoking toplevel() on ptolemy.moml.MoMLSimpleApplication@20c46d0b
reloadAllAccessors: .relationGroup14

===========================================================================================
----------------- testing Wed Apr 24 04:11:54 UTC 2019 /home/travis/build/icyphy/ptII/ptolemy/domains/sdf/test/auto/relationGroup15.xml
----------------- Instantiating /home/travis/build/icyphy/ptII/ptolemy/domains/sdf/test/auto/relationGroup15.xml
2 ms. Memory: 872960K Free: 279648K (32%)
----------------- Invoking toplevel() on ptolemy.moml.MoMLSimpleApplication@39cdace3
----------------- Done invoking toplevel() on ptolemy.moml.MoMLSimpleApplication@39cdace3
reloadAllAccessors: .relationGroup15

===========================================================================================
----------------- testing Wed Apr 24 04:11:54 UTC 2019 /home/travis/build/icyphy/ptII/ptolemy/domains/sdf/test/auto/relationGroup2.xml
----------------- Instantiating /home/travis/build/icyphy/ptII/ptolemy/domains/sdf/test/auto/relationGroup2.xml
2 ms. Memory: 872960K Free: 269190K (31%)
----------------- Invoking toplevel() on ptolemy.moml.MoMLSimpleApplication@75554579
----------------- Done invoking toplevel() on ptolemy.moml.MoMLSimpleApplication@75554579
reloadAllAccessors: .relationGroup2

===========================================================================================
----------------- testing Wed Apr 24 04:11:54 UTC 2019 /home/travis/build/icyphy/ptII/ptolemy/domains/sdf/test/auto/relationGroup3.xml
----------------- Instantiating /home/travis/build/icyphy/ptII/ptolemy/domains/sdf/test/auto/relationGroup3.xml
2 ms. Memory: 872960K Free: 258731K (30%)
----------------- Invoking toplevel() on ptolemy.moml.MoMLSimpleApplication@1bcc4211
----------------- Done invoking toplevel() on ptolemy.moml.MoMLSimpleApplication@1bcc4211
reloadAllAccessors: .relationGroup3

===========================================================================================
----------------- testing Wed Apr 24 04:11:54 UTC 2019 /home/travis/build/icyphy/ptII/ptolemy/domains/sdf/test/auto/relationGroup4.xml
----------------- Instantiating /home/travis/build/icyphy/ptII/ptolemy/domains/sdf/test/auto/relationGroup4.xml
5 ms. Memory: 872960K Free: 248273K (28%)
----------------- Invoking toplevel() on ptolemy.moml.MoMLSimpleApplication@77de5019
----------------- Done invoking toplevel() on ptolemy.moml.MoMLSimpleApplication@77de5019
reloadAllAccessors: .relationGroup4

===========================================================================================
----------------- testing Wed Apr 24 04:11:54 UTC 2019 /home/travis/build/icyphy/ptII/ptolemy/domains/sdf/test/auto/relationGroup5.xml
----------------- Instantiating /home/travis/build/icyphy/ptII/ptolemy/domains/sdf/test/auto/relationGroup5.xml
3 ms. Memory: 872960K Free: 237814K (27%)
----------------- Invoking toplevel() on ptolemy.moml.MoMLSimpleApplication@2d2cf7a
----------------- Done invoking toplevel() on ptolemy.moml.MoMLSimpleApplication@2d2cf7a
reloadAllAccessors: .relationGroup5

===========================================================================================
----------------- testing Wed Apr 24 04:11:54 UTC 2019 /home/travis/build/icyphy/ptII/ptolemy/domains/sdf/test/auto/relationGroup6.xml
----------------- Instantiating /home/travis/build/icyphy/ptII/ptolemy/domains/sdf/test/auto/relationGroup6.xml
4 ms. Memory: 872960K Free: 227356K (26%)
----------------- Invoking toplevel() on ptolemy.moml.MoMLSimpleApplication@30f8e095
----------------- Done invoking toplevel() on ptolemy.moml.MoMLSimpleApplication@30f8e095
reloadAllAccessors: .relationGroup6

===========================================================================================
----------------- testing Wed Apr 24 04:11:54 UTC 2019 /home/travis/build/icyphy/ptII/ptolemy/domains/sdf/test/auto/relationGroup7.xml
----------------- Instantiating /home/travis/build/icyphy/ptII/ptolemy/domains/sdf/test/auto/relationGroup7.xml
2 ms. Memory: 872960K Free: 216897K (25%)
----------------- Invoking toplevel() on ptolemy.moml.MoMLSimpleApplication@46d26b1d
----------------- Done invoking toplevel() on ptolemy.moml.MoMLSimpleApplication@46d26b1d
reloadAllAccessors: .relationGroup7

===========================================================================================
----------------- testing Wed Apr 24 04:11:54 UTC 2019 /home/travis/build/icyphy/ptII/ptolemy/domains/sdf/test/auto/relationGroup8.xml
----------------- Instantiating /home/travis/build/icyphy/ptII/ptolemy/domains/sdf/test/auto/relationGroup8.xml
2 ms. Memory: 872960K Free: 206439K (24%)
----------------- Invoking toplevel() on ptolemy.moml.MoMLSimpleApplication@3e13180
----------------- Done invoking toplevel() on ptolemy.moml.MoMLSimpleApplication@3e13180
reloadAllAccessors: .relationGroup8

===========================================================================================
----------------- testing Wed Apr 24 04:11:54 UTC 2019 /home/travis/build/icyphy/ptII/ptolemy/domains/sdf/test/auto/relationGroup9.xml
----------------- Instantiating /home/travis/build/icyphy/ptII/ptolemy/domains/sdf/test/auto/relationGroup9.xml
5 ms. Memory: 872960K Free: 195981K (22%)
----------------- Invoking toplevel() on ptolemy.moml.MoMLSimpleApplication@7321d97
----------------- Done invoking toplevel() on ptolemy.moml.MoMLSimpleApplication@7321d97
reloadAllAccessors: .relationGroup9

===========================================================================================
----------------- testing Wed Apr 24 04:11:54 UTC 2019 /home/travis/build/icyphy/ptII/ptolemy/domains/sdf/test/auto/sdf_inside_de.xml
----------------- Instantiating /home/travis/build/icyphy/ptII/ptolemy/domains/sdf/test/auto/sdf_inside_de.xml
8 ms. Memory: 872960K Free: 177322K (20%)
----------------- Invoking toplevel() on ptolemy.moml.MoMLSimpleApplication@7f4d7d1b
----------------- Done invoking toplevel() on ptolemy.moml.MoMLSimpleApplication@7f4d7d1b
reloadAllAccessors: .sdf_inside_de

===========================================================================================
----------------- testing Wed Apr 24 04:11:54 UTC 2019 /home/travis/build/icyphy/ptII/ptolemy/domains/sdf/test/auto/sdf_inside_pn.xml
----------------- Instantiating /home/travis/build/icyphy/ptII/ptolemy/domains/sdf/test/auto/sdf_inside_pn.xml
49 ms. Memory: 872960K Free: 140717K (16%)
----------------- Invoking toplevel() on ptolemy.moml.MoMLSimpleApplication@10a562e1
----------------- Done invoking toplevel() on ptolemy.moml.MoMLSimpleApplication@10a562e1
reloadAllAccessors: .sdf_inside_pn

===========================================================================================
----------------- testing Wed Apr 24 04:11:54 UTC 2019 /home/travis/build/icyphy/ptII/ptolemy/domains/sdf/test/auto/sdf_sdf1.xml
----------------- Instantiating /home/travis/build/icyphy/ptII/ptolemy/domains/sdf/test/auto/sdf_sdf1.xml
4 ms. Memory: 872960K Free: 130258K (15%)
----------------- Invoking toplevel() on ptolemy.moml.MoMLSimpleApplication@498ef104
----------------- Done invoking toplevel() on ptolemy.moml.MoMLSimpleApplication@498ef104
reloadAllAccessors: .sdf_sdf1

===========================================================================================
----------------- testing Wed Apr 24 04:11:54 UTC 2019 /home/travis/build/icyphy/ptII/ptolemy/domains/sdf/test/auto/test1.xml
----------------- Instantiating /home/travis/build/icyphy/ptII/ptolemy/domains/sdf/test/auto/test1.xml
3 ms. Memory: 872960K Free: 119800K (14%)
----------------- Invoking toplevel() on ptolemy.moml.MoMLSimpleApplication@3afe8381
----------------- Done invoking toplevel() on ptolemy.moml.MoMLSimpleApplication@3afe8381
reloadAllAccessors: .test1

===========================================================================================
----------------- testing Wed Apr 24 04:11:54 UTC 2019 /home/travis/build/icyphy/ptII/ptolemy/domains/sdf/test/auto/time1.xml
----------------- Instantiating /home/travis/build/icyphy/ptII/ptolemy/domains/sdf/test/auto/time1.xml
2 ms. Memory: 872960K Free: 109341K (13%)
----------------- Invoking toplevel() on ptolemy.moml.MoMLSimpleApplication@7c44aecd
----------------- Done invoking toplevel() on ptolemy.moml.MoMLSimpleApplication@7c44aecd
reloadAllAccessors: .time1

===========================================================================================
----------------- testing Wed Apr 24 04:11:54 UTC 2019 /home/travis/build/icyphy/ptII/ptolemy/domains/sdf/test/auto/time2.xml
----------------- Instantiating /home/travis/build/icyphy/ptII/ptolemy/domains/sdf/test/auto/time2.xml
2 ms. Memory: 872960K Free: 98883K (11%)
----------------- Invoking toplevel() on ptolemy.moml.MoMLSimpleApplication@3102388a
----------------- Done invoking toplevel() on ptolemy.moml.MoMLSimpleApplication@3102388a
reloadAllAccessors: .time2

===========================================================================================
----------------- testing Wed Apr 24 04:11:54 UTC 2019 /home/travis/build/icyphy/ptII/ptolemy/domains/sdf/test/auto/time3.xml
----------------- Instantiating /home/travis/build/icyphy/ptII/ptolemy/domains/sdf/test/auto/time3.xml
4 ms. Memory: 872960K Free: 88424K (10%)
----------------- Invoking toplevel() on ptolemy.moml.MoMLSimpleApplication@77704bcc
----------------- Done invoking toplevel() on ptolemy.moml.MoMLSimpleApplication@77704bcc
reloadAllAccessors: .time3

===========================================================================================
----------------- testing Wed Apr 24 04:11:54 UTC 2019 /home/travis/build/icyphy/ptII/ptolemy/domains/sdf/test/auto/time4.xml
----------------- Instantiating /home/travis/build/icyphy/ptII/ptolemy/domains/sdf/test/auto/time4.xml
4 ms. Memory: 872960K Free: 77966K (9%)
----------------- Invoking toplevel() on ptolemy.moml.MoMLSimpleApplication@21f0d3bf
----------------- Done invoking toplevel() on ptolemy.moml.MoMLSimpleApplication@21f0d3bf
reloadAllAccessors: .time4

===========================================================================================
----------------- testing Wed Apr 24 04:11:54 UTC 2019 /home/travis/build/icyphy/ptII/ptolemy/domains/sdf/test/auto/time5.xml
----------------- Instantiating /home/travis/build/icyphy/ptII/ptolemy/domains/sdf/test/auto/time5.xml
4017 ms. Memory: 1344512K Free: 1322871K (98%)
----------------- Invoking toplevel() on ptolemy.moml.MoMLSimpleApplication@501a4970
----------------- Done invoking toplevel() on ptolemy.moml.MoMLSimpleApplication@501a4970
reloadAllAccessors: .time5

===========================================================================================
----------------- testing Wed Apr 24 04:11:58 UTC 2019 /home/travis/build/icyphy/ptII/ptolemy/domains/sdf/test/auto/typeSystem_Const_Integer_smallest_Type.xml
----------------- Instantiating /home/travis/build/icyphy/ptII/ptolemy/domains/sdf/test/auto/typeSystem_Const_Integer_smallest_Type.xml
7 ms. Memory: 1344512K Free: 1298697K (97%)
----------------- Invoking toplevel() on ptolemy.moml.MoMLSimpleApplication@106be864
----------------- Done invoking toplevel() on ptolemy.moml.MoMLSimpleApplication@106be864
reloadAllAccessors: .typeSystem_Const_Integer_smallest_Type

===========================================================================================
----------------- testing Wed Apr 24 04:11:58 UTC 2019 /home/travis/build/icyphy/ptII/ptolemy/domains/sdf/test/auto/typeSystem_declared_Inports_OutportTypeException.xml
----------------- Instantiating /home/travis/build/icyphy/ptII/ptolemy/domains/sdf/test/auto/typeSystem_declared_Inports_OutportTypeException.xml
.typeSystem_declared_Inports_OutportTypeException.TestExceptionAttribute: initialize() was not invoked, but wrapup() was.  This is unusual, but not always a problem.  For example, exporting JNLP will do this.
4 ms. Memory: 1344512K Free: 1281958K (95%)
----------------- Invoking toplevel() on ptolemy.moml.MoMLSimpleApplication@5fd6bab6
----------------- Done invoking toplevel() on ptolemy.moml.MoMLSimpleApplication@5fd6bab6
reloadAllAccessors: .typeSystem_declared_Inports_OutportTypeException

===========================================================================================
----------------- testing Wed Apr 24 04:11:58 UTC 2019 /home/travis/build/icyphy/ptII/ptolemy/domains/sdf/test/auto/typeSystem_oneDeclaredInportType_wrongTypeOutport.xml
----------------- Instantiating /home/travis/build/icyphy/ptII/ptolemy/domains/sdf/test/auto/typeSystem_oneDeclaredInportType_wrongTypeOutport.xml
3 ms. Memory: 1344512K Free: 1265219K (94%)
----------------- Invoking toplevel() on ptolemy.moml.MoMLSimpleApplication@4bf334e7
----------------- Done invoking toplevel() on ptolemy.moml.MoMLSimpleApplication@4bf334e7
reloadAllAccessors: .typeSystem_oneDeclaredInportType_wrongTypeOutport

===========================================================================================
----------------- testing Wed Apr 24 04:11:59 UTC 2019 /home/travis/build/icyphy/ptII/ptolemy/domains/sdf/test/auto/width.xml
----------------- Instantiating /home/travis/build/icyphy/ptII/ptolemy/domains/sdf/test/auto/width.xml
1 ms. Memory: 1344512K Free: 1248480K (93%)
----------------- Invoking toplevel() on ptolemy.moml.MoMLSimpleApplication@1e3dcf81
----------------- Done invoking toplevel() on ptolemy.moml.MoMLSimpleApplication@1e3dcf81
reloadAllAccessors: .width

===========================================================================================
----------------- testing Wed Apr 24 04:11:59 UTC 2019 /home/travis/build/icyphy/ptII/ptolemy/domains/sdf/test/auto/width2.xml
----------------- Instantiating /home/travis/build/icyphy/ptII/ptolemy/domains/sdf/test/auto/width2.xml
24 ms. Memory: 1344512K Free: 1231741K (92%)
----------------- Invoking toplevel() on ptolemy.moml.MoMLSimpleApplication@2acca3dd
----------------- Done invoking toplevel() on ptolemy.moml.MoMLSimpleApplication@2acca3dd
reloadAllAccessors: .width2

===========================================================================================
----------------- testing Wed Apr 24 04:11:59 UTC 2019 /home/travis/build/icyphy/ptII/ptolemy/domains/sdf/test/auto/width3.xml
----------------- Instantiating /home/travis/build/icyphy/ptII/ptolemy/domains/sdf/test/auto/width3.xml
22 ms. Memory: 1344512K Free: 1215002K (90%)
----------------- Invoking toplevel() on ptolemy.moml.MoMLSimpleApplication@1abc9039
----------------- Done invoking toplevel() on ptolemy.moml.MoMLSimpleApplication@1abc9039
reloadAllAccessors: .width3
AutoTests.java: About to close Vertx.
AutoTests.java: Vertx closed.
]]></system-out>
  <system-err><![CDATA[java.lang.RuntimeException: Execution failed
	at ptolemy.moml.MoMLSimpleApplication$UnloadThread.run(MoMLSimpleApplication.java:402)
Caused by: ptolemy.actor.sched.NotSchedulableException: No solution exists for the balance equations.
Graph is not consistent under the SDF domain detected on external port .rateConsistency.actor.port2
  in .rateConsistency.SDF Director.Scheduler
	at ptolemy.domains.sdf.kernel.SDFScheduler._propagatePort(SDFScheduler.java:1425)
	at ptolemy.domains.sdf.kernel.SDFScheduler._solveBalanceEquations(SDFScheduler.java:710)
	at ptolemy.domains.sdf.kernel.SDFScheduler._getSchedule(SDFScheduler.java:566)
	at ptolemy.actor.sched.Scheduler.getSchedule(Scheduler.java:189)
	at ptolemy.domains.sdf.kernel.SDFDirector.createSchedule(SDFDirector.java:408)
	at ptolemy.domains.sdf.kernel.SDFDirector.preinitialize(SDFDirector.java:764)
	at ptolemy.actor.CompositeActor.preinitialize(CompositeActor.java:1828)
	at ptolemy.actor.Manager.preinitializeAndResolveTypes(Manager.java:1040)
	at ptolemy.actor.Manager.initialize(Manager.java:710)
	at ptolemy.actor.Manager.execute(Manager.java:356)
	at ptolemy.actor.Manager.run(Manager.java:1263)
	at ptolemy.actor.Manager$PtolemyRunThread.run(Manager.java:1915)
java.lang.RuntimeException: Execution failed
	at ptolemy.moml.MoMLSimpleApplication$UnloadThread.run(MoMLSimpleApplication.java:402)
Caused by: ptolemy.kernel.util.IllegalActionException: Failed to compute schedule:
  in .badRateChanges.typed composite actor.SDF Director
Because:
The SDF rate parameter may change. This is not allowed in SDF models that will be run through the code generator.  If you don't care about code generation, then you might consider setting the allowRateChanges parameter of the SDF director to false.
  in .badRateChanges.typed composite actor.Repeat.output.tokenProductionRate
	at ptolemy.domains.sdf.kernel.SDFDirector.createSchedule(SDFDirector.java:418)
	at ptolemy.domains.sdf.kernel.SDFDirector.preinitialize(SDFDirector.java:764)
	at ptolemy.actor.CompositeActor.preinitialize(CompositeActor.java:1828)
	at ptolemy.actor.Director.preinitialize(Director.java:1302)
	at ptolemy.actor.Director.preinitialize(Director.java:1257)
	at ptolemy.domains.sdf.kernel.SDFDirector.preinitialize(SDFDirector.java:763)
	at ptolemy.actor.CompositeActor.preinitialize(CompositeActor.java:1828)
	at ptolemy.actor.Manager.preinitializeAndResolveTypes(Manager.java:1040)
	at ptolemy.actor.Manager.initialize(Manager.java:710)
	at ptolemy.actor.Manager.execute(Manager.java:356)
	at ptolemy.actor.Manager.run(Manager.java:1263)
	at ptolemy.actor.Manager$PtolemyRunThread.run(Manager.java:1915)
Caused by: ptolemy.kernel.util.IllegalActionException: The SDF rate parameter may change. This is not allowed in SDF models that will be run through the code generator.  If you don't care about code generation, then you might consider setting the allowRateChanges parameter of the SDF director to false.
  in .badRateChanges.typed composite actor.Repeat.output.tokenProductionRate
	at ptolemy.domains.sdf.kernel.SDFScheduler._assertDynamicRateVariable(SDFScheduler.java:931)
	at ptolemy.domains.sdf.kernel.SDFScheduler._checkDynamicRateVariables(SDFScheduler.java:339)
	at ptolemy.domains.sdf.kernel.SDFScheduler._getSchedule(SDFScheduler.java:527)
	at ptolemy.actor.sched.Scheduler.getSchedule(Scheduler.java:189)
	at ptolemy.domains.sdf.kernel.SDFDirector.createSchedule(SDFDirector.java:408)
	... 11 more
java.lang.RuntimeException: Execution failed
	at ptolemy.moml.MoMLSimpleApplication$UnloadThread.run(MoMLSimpleApplication.java:402)
Caused by: ptolemy.kernel.util.IllegalActionException: Failed to compute schedule:
  in .badRateChanges2.typed composite actor.SDF Director
Because:
The SDF rate parameter may change. This is not allowed in SDF models that will be run through the code generator.  If you don't care about code generation, then you might consider setting the allowRateChanges parameter of the SDF director to false.
  in .badRateChanges2.typed composite actor.Repeat.output.tokenProductionRate
	at ptolemy.domains.sdf.kernel.SDFDirector.createSchedule(SDFDirector.java:418)
	at ptolemy.domains.sdf.kernel.SDFDirector.preinitialize(SDFDirector.java:764)
	at ptolemy.actor.CompositeActor.preinitialize(CompositeActor.java:1828)
	at ptolemy.actor.Director.preinitialize(Director.java:1302)
	at ptolemy.actor.Director.preinitialize(Director.java:1257)
	at ptolemy.domains.sdf.kernel.SDFDirector.preinitialize(SDFDirector.java:763)
	at ptolemy.actor.CompositeActor.preinitialize(CompositeActor.java:1828)
	at ptolemy.actor.Manager.preinitializeAndResolveTypes(Manager.java:1040)
	at ptolemy.actor.Manager.initialize(Manager.java:710)
	at ptolemy.actor.Manager.execute(Manager.java:356)
	at ptolemy.actor.Manager.run(Manager.java:1263)
	at ptolemy.actor.Manager$PtolemyRunThread.run(Manager.java:1915)
Caused by: ptolemy.kernel.util.IllegalActionException: The SDF rate parameter may change. This is not allowed in SDF models that will be run through the code generator.  If you don't care about code generation, then you might consider setting the allowRateChanges parameter of the SDF director to false.
  in .badRateChanges2.typed composite actor.Repeat.output.tokenProductionRate
	at ptolemy.domains.sdf.kernel.SDFScheduler._assertDynamicRateVariable(SDFScheduler.java:931)
	at ptolemy.domains.sdf.kernel.SDFScheduler._checkDynamicRateVariables(SDFScheduler.java:339)
	at ptolemy.domains.sdf.kernel.SDFScheduler._getSchedule(SDFScheduler.java:527)
	at ptolemy.actor.sched.Scheduler.getSchedule(Scheduler.java:189)
	at ptolemy.domains.sdf.kernel.SDFDirector.createSchedule(SDFDirector.java:408)
	... 11 more
java.lang.RuntimeException: Execution failed
	at ptolemy.moml.MoMLSimpleApplication$UnloadThread.run(MoMLSimpleApplication.java:402)
Caused by: ptolemy.actor.sched.NotSchedulableException: Actors remain that cannot be scheduled!

There are several possible reasons:
* SDF Graphs with feedback loops should have an actor with a delay in the loop, such as a SampleDelay.
* The SDF director has an "allowDisconnectedGraphs"parameter, which, when true, permits disconnected SDF graphs.
* The token consumption rate and production rates might be mismatched.
Usually, actors produce one token or consume one token on a port.  To produce or consume multiple tokens per firing, add a "tokenConsumptionRate" or "tokenProductionRate" parameter to the appropriate port.
Unscheduled actors:
.partiallyConnected.Const2 
Scheduled actors:
.partiallyConnected.Const 
  in .partiallyConnected.SDF Director.Scheduler
	at ptolemy.domains.sdf.kernel.SDFScheduler._scheduleConnectedActors(SDFScheduler.java:1828)
	at ptolemy.domains.sdf.kernel.SDFScheduler._getSchedule(SDFScheduler.java:587)
	at ptolemy.actor.sched.Scheduler.getSchedule(Scheduler.java:189)
	at ptolemy.domains.sdf.kernel.SDFDirector.createSchedule(SDFDirector.java:408)
	at ptolemy.domains.sdf.kernel.SDFDirector.preinitialize(SDFDirector.java:764)
	at ptolemy.actor.CompositeActor.preinitialize(CompositeActor.java:1828)
	at ptolemy.actor.Manager.preinitializeAndResolveTypes(Manager.java:1040)
	at ptolemy.actor.Manager.initialize(Manager.java:710)
	at ptolemy.actor.Manager.execute(Manager.java:356)
	at ptolemy.actor.Manager.run(Manager.java:1263)
	at ptolemy.actor.Manager$PtolemyRunThread.run(Manager.java:1915)
]]></system-err>
</testsuite>
