<?xml version="1.0" encoding="UTF-8" ?>
<testsuite errors="0" failures="0" hostname="travis-job-19c5aa6c-e260-4f3f-8201-4d11d05108de" name="ptolemy.domains.de.test.junit.JUnitTclTest" skipped="0" tests="101" time="126.34" timestamp="2019-02-03T03:29:36">
  <properties>
[...]
</properties>
  <testcase classname="ptolemy.util.test.junit.TclTests" name="[0] /home/travis/build/icyphy/ptII/ptolemy/domains/de/test/DependencyLoop.tcl (RunTclFile)" time="0.689" />
  <testcase classname="ptolemy.util.test.junit.TclTests" name="[1] /home/travis/build/icyphy/ptII/ptolemy/domains/de/test/RunDETestsAsQSS.tcl (RunTclFile)" time="86.768" />
  <testcase classname="ptolemy.util.test.junit.AutoKnownFailedTests" name="[0] /home/travis/build/icyphy/ptII/ptolemy/domains/de/test/auto/knownFailedTests/DESDFClockTest.xml (RunModel)" time="2.027" />
  <testcase classname="ptolemy.util.test.junit.AutoKnownFailedTests" name="[1] /home/travis/build/icyphy/ptII/ptolemy/domains/de/test/auto/knownFailedTests/DirectFeedback.xml (RunModel)" time="0.011" />
  <testcase classname="ptolemy.util.test.junit.AutoKnownFailedTests" name="[2] /home/travis/build/icyphy/ptII/ptolemy/domains/de/test/auto/knownFailedTests/FSMSource.xml (RunModel)" time="0.013" />
  <testcase classname="ptolemy.util.test.junit.AutoKnownFailedTests" name="[3] /home/travis/build/icyphy/ptII/ptolemy/domains/de/test/auto/knownFailedTests/HierarchicalModel.xml (RunModel)" time="0.027" />
  <testcase classname="ptolemy.util.test.junit.AutoKnownFailedTests" name="[4] /home/travis/build/icyphy/ptII/ptolemy/domains/de/test/auto/knownFailedTests/dependencyLoop.xml (RunModel)" time="0.026" />
  <testcase classname="ptolemy.util.test.junit.AutoKnownFailedTests" name="[5] /home/travis/build/icyphy/ptII/ptolemy/domains/de/test/auto/knownFailedTests/dependencyLoop2.xml (RunModel)" time="0.024" />
  <testcase classname="ptolemy.util.test.junit.AutoNameArchTests" name="[0] ThereAreNoAutoArchTests (RunModel)" time="0.001" />
  <testcase classname="ptolemy.util.test.junit.AutoTests" name="[0] /home/travis/build/icyphy/ptII/ptolemy/domains/de/test/auto/ActorDepthCalculation_actorWithoutPorts.xml (RunModel)" time="0.009" />
  <testcase classname="ptolemy.util.test.junit.AutoTests" name="[1] /home/travis/build/icyphy/ptII/ptolemy/domains/de/test/auto/AssemblyLine.xml (RunModel)" time="0.012" />
  <testcase classname="ptolemy.util.test.junit.AutoTests" name="[2] /home/travis/build/icyphy/ptII/ptolemy/domains/de/test/auto/CQBug1.xml (RunModel)" time="0.005" />
  <testcase classname="ptolemy.util.test.junit.AutoTests" name="[3] /home/travis/build/icyphy/ptII/ptolemy/domains/de/test/auto/CancelFireAt.xml (RunModel)" time="0.004" />
  <testcase classname="ptolemy.util.test.junit.AutoTests" name="[4] /home/travis/build/icyphy/ptII/ptolemy/domains/de/test/auto/CausalityAndComposabilityAnalysis.xml (RunModel)" time="0.009" />
  <testcase classname="ptolemy.util.test.junit.AutoTests" name="[5] /home/travis/build/icyphy/ptII/ptolemy/domains/de/test/auto/CausalityInterface1.xml (RunModel)" time="0.01" />
  <testcase classname="ptolemy.util.test.junit.AutoTests" name="[6] /home/travis/build/icyphy/ptII/ptolemy/domains/de/test/auto/CausalityInterface15.xml (RunModel)" time="0.012" />
  <testcase classname="ptolemy.util.test.junit.AutoTests" name="[7] /home/travis/build/icyphy/ptII/ptolemy/domains/de/test/auto/CausalityInterface2.xml (RunModel)" time="0.008" />
  <testcase classname="ptolemy.util.test.junit.AutoTests" name="[8] /home/travis/build/icyphy/ptII/ptolemy/domains/de/test/auto/CausalityInterface3.xml (RunModel)" time="0.008" />
  <testcase classname="ptolemy.util.test.junit.AutoTests" name="[9] /home/travis/build/icyphy/ptII/ptolemy/domains/de/test/auto/ClockDrift.xml (RunModel)" time="0.024" />
  <testcase classname="ptolemy.util.test.junit.AutoTests" name="[10] /home/travis/build/icyphy/ptII/ptolemy/domains/de/test/auto/ClockDriftAndValueChange.xml (RunModel)" time="0.022" />
  <testcase classname="ptolemy.util.test.junit.AutoTests" name="[11] /home/travis/build/icyphy/ptII/ptolemy/domains/de/test/auto/ClockDriftChange.xml (RunModel)" time="0.021" />
  <testcase classname="ptolemy.util.test.junit.AutoTests" name="[12] /home/travis/build/icyphy/ptII/ptolemy/domains/de/test/auto/ComposableCausalityAnalysis.xml (RunModel)" time="0.014" />
  <testcase classname="ptolemy.util.test.junit.AutoTests" name="[13] /home/travis/build/icyphy/ptII/ptolemy/domains/de/test/auto/DEFixedPointLimitation.xml (RunModel)" time="0.006" />
  <testcase classname="ptolemy.util.test.junit.AutoTests" name="[14] /home/travis/build/icyphy/ptII/ptolemy/domains/de/test/auto/DEScheduleTest.xml (RunModel)" time="0.024" />
  <testcase classname="ptolemy.util.test.junit.AutoTests" name="[15] /home/travis/build/icyphy/ptII/ptolemy/domains/de/test/auto/DEinDEwithStartTimes.xml (RunModel)" time="0.013" />
  <testcase classname="ptolemy.util.test.junit.AutoTests" name="[16] /home/travis/build/icyphy/ptII/ptolemy/domains/de/test/auto/DEinDEwithStartTimes2.xml (RunModel)" time="0.012" />
  <testcase classname="ptolemy.util.test.junit.AutoTests" name="[17] /home/travis/build/icyphy/ptII/ptolemy/domains/de/test/auto/DateDemo.xml (RunModel)" time="0.02" />
  <testcase classname="ptolemy.util.test.junit.AutoTests" name="[18] /home/travis/build/icyphy/ptII/ptolemy/domains/de/test/auto/DateToEvent.xml (RunModel)" time="2.028" />
  <testcase classname="ptolemy.util.test.junit.AutoTests" name="[19] /home/travis/build/icyphy/ptII/ptolemy/domains/de/test/auto/DepthTest1.xml (RunModel)" time="0.005" />
  <testcase classname="ptolemy.util.test.junit.AutoTests" name="[20] /home/travis/build/icyphy/ptII/ptolemy/domains/de/test/auto/DepthTest2.xml (RunModel)" time="0.017" />
  <testcase classname="ptolemy.util.test.junit.AutoTests" name="[21] /home/travis/build/icyphy/ptII/ptolemy/domains/de/test/auto/DepthTest3.xml (RunModel)" time="0.008" />
  <testcase classname="ptolemy.util.test.junit.AutoTests" name="[22] /home/travis/build/icyphy/ptII/ptolemy/domains/de/test/auto/DepthTest4.xml (RunModel)" time="0.008" />
  <testcase classname="ptolemy.util.test.junit.AutoTests" name="[23] /home/travis/build/icyphy/ptII/ptolemy/domains/de/test/auto/DepthTest5.xml (RunModel)" time="0.011" />
  <testcase classname="ptolemy.util.test.junit.AutoTests" name="[24] /home/travis/build/icyphy/ptII/ptolemy/domains/de/test/auto/DepthTest6.xml (RunModel)" time="0.011" />
  <testcase classname="ptolemy.util.test.junit.AutoTests" name="[25] /home/travis/build/icyphy/ptII/ptolemy/domains/de/test/auto/DepthTest7.xml (RunModel)" time="0.014" />
  <testcase classname="ptolemy.util.test.junit.AutoTests" name="[26] /home/travis/build/icyphy/ptII/ptolemy/domains/de/test/auto/EventToDate.xml (RunModel)" time="3.032" />
  <testcase classname="ptolemy.util.test.junit.AutoTests" name="[27] /home/travis/build/icyphy/ptII/ptolemy/domains/de/test/auto/FSM1.xml (RunModel)" time="0.033" />
  <testcase classname="ptolemy.util.test.junit.AutoTests" name="[28] /home/travis/build/icyphy/ptII/ptolemy/domains/de/test/auto/FSM7.xml (RunModel)" time="0.039" />
  <testcase classname="ptolemy.util.test.junit.AutoTests" name="[29] /home/travis/build/icyphy/ptII/ptolemy/domains/de/test/auto/Inspection.xml (RunModel)" time="0.036" />
  <testcase classname="ptolemy.util.test.junit.AutoTests" name="[30] /home/travis/build/icyphy/ptII/ptolemy/domains/de/test/auto/Iteration.xml (RunModel)" time="0.016" />
  <testcase classname="ptolemy.util.test.junit.AutoTests" name="[31] /home/travis/build/icyphy/ptII/ptolemy/domains/de/test/auto/LineFault.xml (RunModel)" time="0.487" />
  <testcase classname="ptolemy.util.test.junit.AutoTests" name="[32] /home/travis/build/icyphy/ptII/ptolemy/domains/de/test/auto/MergeModel1Add.xml (RunModel)" time="0.041" />
  <testcase classname="ptolemy.util.test.junit.AutoTests" name="[33] /home/travis/build/icyphy/ptII/ptolemy/domains/de/test/auto/MergeModel2Add.xml (RunModel)" time="0.035" />
  <testcase classname="ptolemy.util.test.junit.AutoTests" name="[34] /home/travis/build/icyphy/ptII/ptolemy/domains/de/test/auto/MergeModel3Add.xml (RunModel)" time="0.035" />
  <testcase classname="ptolemy.util.test.junit.AutoTests" name="[35] /home/travis/build/icyphy/ptII/ptolemy/domains/de/test/auto/MergeWithoutDiscard.xml (RunModel)" time="0.012" />
  <testcase classname="ptolemy.util.test.junit.AutoTests" name="[36] /home/travis/build/icyphy/ptII/ptolemy/domains/de/test/auto/Modal1.xml (RunModel)" time="0.028" />
  <testcase classname="ptolemy.util.test.junit.AutoTests" name="[37] /home/travis/build/icyphy/ptII/ptolemy/domains/de/test/auto/Modal2.xml (RunModel)" time="0.027" />
  <testcase classname="ptolemy.util.test.junit.AutoTests" name="[38] /home/travis/build/icyphy/ptII/ptolemy/domains/de/test/auto/Modal3.xml (RunModel)" time="0.027" />
  <testcase classname="ptolemy.util.test.junit.AutoTests" name="[39] /home/travis/build/icyphy/ptII/ptolemy/domains/de/test/auto/Modal4.xml (RunModel)" time="0.03" />
  <testcase classname="ptolemy.util.test.junit.AutoTests" name="[40] /home/travis/build/icyphy/ptII/ptolemy/domains/de/test/auto/Modal5.xml (RunModel)" time="0.029" />
  <testcase classname="ptolemy.util.test.junit.AutoTests" name="[41] /home/travis/build/icyphy/ptII/ptolemy/domains/de/test/auto/Modal6.xml (RunModel)" time="0.027" />
  <testcase classname="ptolemy.util.test.junit.AutoTests" name="[42] /home/travis/build/icyphy/ptII/ptolemy/domains/de/test/auto/Modal7.xml (RunModel)" time="0.028" />
  <testcase classname="ptolemy.util.test.junit.AutoTests" name="[43] /home/travis/build/icyphy/ptII/ptolemy/domains/de/test/auto/ModalModel.xml (RunModel)" time="0.153" />
  <testcase classname="ptolemy.util.test.junit.AutoTests" name="[44] /home/travis/build/icyphy/ptII/ptolemy/domains/de/test/auto/ModalSource.xml (RunModel)" time="0.018" />
  <testcase classname="ptolemy.util.test.junit.AutoTests" name="[45] /home/travis/build/icyphy/ptII/ptolemy/domains/de/test/auto/NonInterruptibleTimerZeroDelay.xml (RunModel)" time="0.01" />
  <testcase classname="ptolemy.util.test.junit.AutoTests" name="[46] /home/travis/build/icyphy/ptII/ptolemy/domains/de/test/auto/OpenQueueingNetwork.xml (RunModel)" time="2.145" />
  <testcase classname="ptolemy.util.test.junit.AutoTests" name="[47] /home/travis/build/icyphy/ptII/ptolemy/domains/de/test/auto/OpenQueuingNetwork.xml (RunModel)" time="0.258" />
  <testcase classname="ptolemy.util.test.junit.AutoTests" name="[48] /home/travis/build/icyphy/ptII/ptolemy/domains/de/test/auto/PeriodicSampler.xml (RunModel)" time="0.007" />
  <testcase classname="ptolemy.util.test.junit.AutoTests" name="[49] /home/travis/build/icyphy/ptII/ptolemy/domains/de/test/auto/PersistentIO.xml (RunModel)" time="0.024" />
  <testcase classname="ptolemy.util.test.junit.AutoTests" name="[50] /home/travis/build/icyphy/ptII/ptolemy/domains/de/test/auto/PortParameterResetOnInitialize.xml (RunModel)" time="0.011" />
  <testcase classname="ptolemy.util.test.junit.AutoTests" name="[51] /home/travis/build/icyphy/ptII/ptolemy/domains/de/test/auto/PortParameterUpdates.xml (RunModel)" time="0.013" />
  <testcase classname="ptolemy.util.test.junit.AutoTests" name="[52] /home/travis/build/icyphy/ptII/ptolemy/domains/de/test/auto/QueueAndServer.xml (RunModel)" time="0.026" />
  <testcase classname="ptolemy.util.test.junit.AutoTests" name="[53] /home/travis/build/icyphy/ptII/ptolemy/domains/de/test/auto/Records.xml (RunModel)" time="0.015" />
  <testcase classname="ptolemy.util.test.junit.AutoTests" name="[54] /home/travis/build/icyphy/ptII/ptolemy/domains/de/test/auto/ResetTransitionWithStartTime1.xml (RunModel)" time="0.015" />
  <testcase classname="ptolemy.util.test.junit.AutoTests" name="[55] /home/travis/build/icyphy/ptII/ptolemy/domains/de/test/auto/ResetTransitionWithStartTime2.xml (RunModel)" time="0.016" />
  <testcase classname="ptolemy.util.test.junit.AutoTests" name="[56] /home/travis/build/icyphy/ptII/ptolemy/domains/de/test/auto/ResetTransitionWithStartTime3.xml (RunModel)" time="0.017" />
  <testcase classname="ptolemy.util.test.junit.AutoTests" name="[57] /home/travis/build/icyphy/ptII/ptolemy/domains/de/test/auto/ResetTransitionWithStartTime4.xml (RunModel)" time="0.016" />
  <testcase classname="ptolemy.util.test.junit.AutoTests" name="[58] /home/travis/build/icyphy/ptII/ptolemy/domains/de/test/auto/ResettableTimer1.xml (RunModel)" time="0.009" />
  <testcase classname="ptolemy.util.test.junit.AutoTests" name="[59] /home/travis/build/icyphy/ptII/ptolemy/domains/de/test/auto/ResettableTimer2.xml (RunModel)" time="0.009" />
  <testcase classname="ptolemy.util.test.junit.AutoTests" name="[60] /home/travis/build/icyphy/ptII/ptolemy/domains/de/test/auto/ResettableTimer3.xml (RunModel)" time="0.012" />
  <testcase classname="ptolemy.util.test.junit.AutoTests" name="[61] /home/travis/build/icyphy/ptII/ptolemy/domains/de/test/auto/ResettableTimer4.xml (RunModel)" time="0.01" />
  <testcase classname="ptolemy.util.test.junit.AutoTests" name="[62] /home/travis/build/icyphy/ptII/ptolemy/domains/de/test/auto/ResettableTimer5.xml (RunModel)" time="0.008" />
  <testcase classname="ptolemy.util.test.junit.AutoTests" name="[63] /home/travis/build/icyphy/ptII/ptolemy/domains/de/test/auto/ResettableTimer6.xml (RunModel)" time="0.009" />
  <testcase classname="ptolemy.util.test.junit.AutoTests" name="[64] /home/travis/build/icyphy/ptII/ptolemy/domains/de/test/auto/ServerZeroDelay.xml (RunModel)" time="0.009" />
  <testcase classname="ptolemy.util.test.junit.AutoTests" name="[65] /home/travis/build/icyphy/ptII/ptolemy/domains/de/test/auto/SmartSender.xml (RunModel)" time="3.008" />
  <testcase classname="ptolemy.util.test.junit.AutoTests" name="[66] /home/travis/build/icyphy/ptII/ptolemy/domains/de/test/auto/ThreadedComposite.xml (RunModel)" time="0.117" />
  <testcase classname="ptolemy.util.test.junit.AutoTests" name="[67] /home/travis/build/icyphy/ptII/ptolemy/domains/de/test/auto/Time.xml (RunModel)" time="0.402" />
  <testcase classname="ptolemy.util.test.junit.AutoTests" name="[68] /home/travis/build/icyphy/ptII/ptolemy/domains/de/test/auto/TimeDelayZeroDelay.xml (RunModel)" time="0.01" />
  <testcase classname="ptolemy.util.test.junit.AutoTests" name="[69] /home/travis/build/icyphy/ptII/ptolemy/domains/de/test/auto/TimerZeroDelay.xml (RunModel)" time="0.008" />
  <testcase classname="ptolemy.util.test.junit.AutoTests" name="[70] /home/travis/build/icyphy/ptII/ptolemy/domains/de/test/auto/TimingParadox.xml (RunModel)" time="0.341" />
  <testcase classname="ptolemy.util.test.junit.AutoTests" name="[71] /home/travis/build/icyphy/ptII/ptolemy/domains/de/test/auto/TransferInputs.xml (RunModel)" time="0.008" />
  <testcase classname="ptolemy.util.test.junit.AutoTests" name="[72] /home/travis/build/icyphy/ptII/ptolemy/domains/de/test/auto/TransferOutputs2.xml (RunModel)" time="0.02" />
  <testcase classname="ptolemy.util.test.junit.AutoTests" name="[73] /home/travis/build/icyphy/ptII/ptolemy/domains/de/test/auto/Trilateration.xml (RunModel)" time="11.251" />
  <testcase classname="ptolemy.util.test.junit.AutoTests" name="[74] /home/travis/build/icyphy/ptII/ptolemy/domains/de/test/auto/TwoSigmaDelta.xml (RunModel)" time="1.976" />
  <testcase classname="ptolemy.util.test.junit.AutoTests" name="[75] /home/travis/build/icyphy/ptII/ptolemy/domains/de/test/auto/VariableDelay.xml (RunModel)" time="0.009" />
  <testcase classname="ptolemy.util.test.junit.AutoTests" name="[76] /home/travis/build/icyphy/ptII/ptolemy/domains/de/test/auto/VariableDelay2.xml (RunModel)" time="0.007" />
  <testcase classname="ptolemy.util.test.junit.AutoTests" name="[77] /home/travis/build/icyphy/ptII/ptolemy/domains/de/test/auto/VariableDelayZeroDelay.xml (RunModel)" time="0.009" />
  <testcase classname="ptolemy.util.test.junit.AutoTests" name="[78] /home/travis/build/icyphy/ptII/ptolemy/domains/de/test/auto/VariableDelayZeroDelay2.xml (RunModel)" time="0.008" />
  <testcase classname="ptolemy.util.test.junit.AutoTests" name="[79] /home/travis/build/icyphy/ptII/ptolemy/domains/de/test/auto/deInCt.xml (RunModel)" time="0.012" />
  <testcase classname="ptolemy.util.test.junit.AutoTests" name="[80] /home/travis/build/icyphy/ptII/ptolemy/domains/de/test/auto/deInCt2.xml (RunModel)" time="0.012" />
  <testcase classname="ptolemy.util.test.junit.AutoTests" name="[81] /home/travis/build/icyphy/ptII/ptolemy/domains/de/test/auto/dynamicCausalityInterface1.xml (RunModel)" time="0.017" />
  <testcase classname="ptolemy.util.test.junit.AutoTests" name="[82] /home/travis/build/icyphy/ptII/ptolemy/domains/de/test/auto/fsm_de_test.xml (RunModel)" time="0.019" />
  <testcase classname="ptolemy.util.test.junit.AutoTests" name="[83] /home/travis/build/icyphy/ptII/ptolemy/domains/de/test/auto/functionDependencyReconstruction.xml (RunModel)" time="0.027" />
  <testcase classname="ptolemy.util.test.junit.AutoTests" name="[84] /home/travis/build/icyphy/ptII/ptolemy/domains/de/test/auto/multirate.xml (RunModel)" time="0.013" />
  <testcase classname="ptolemy.util.test.junit.AutoTests" name="[85] /home/travis/build/icyphy/ptII/ptolemy/domains/de/test/auto/multirate2.xml (RunModel)" time="0.013" />
  <testcase classname="ptolemy.util.test.junit.AutoTests" name="[86] /home/travis/build/icyphy/ptII/ptolemy/domains/de/test/auto/realtime.xml (RunModel)" time="10.009" />
  <testcase classname="ptolemy.util.test.junit.AutoTests" name="[87] /home/travis/build/icyphy/ptII/ptolemy/domains/de/test/auto/relationGroup.xml (RunModel)" time="0.016" />
  <testcase classname="ptolemy.util.test.junit.AutoTests" name="[88] /home/travis/build/icyphy/ptII/ptolemy/domains/de/test/auto/relationGroup2.xml (RunModel)" time="0.006" />
  <testcase classname="ptolemy.util.test.junit.AutoTests" name="[89] /home/travis/build/icyphy/ptII/ptolemy/domains/de/test/auto/sortWithOpaquePorts.xml (RunModel)" time="0.009" />
  <testcase classname="ptolemy.util.test.junit.AutoTests" name="[90] /home/travis/build/icyphy/ptII/ptolemy/domains/de/test/auto/transferInputsandOutputs.xml (RunModel)" time="0.013" />
  <testcase classname="ptolemy.util.test.junit.AutoTests" name="[91] /home/travis/build/icyphy/ptII/ptolemy/domains/de/test/auto/triggerType.xml (RunModel)" time="0.01" />
  <system-out><![CDATA[/home/travis/build/icyphy/ptII/ptolemy/domains/de/test/DependencyLoop.tcl
testDefs.tcl: setting time out to 9000 seconds at Sun Feb 03 03:29:36 UTC 2019
18 ms. Memory: 116224K Free: 97594K (84%)
14 ms. Memory: 146944K Free: 140798K (96%)
/home/travis/build/icyphy/ptII/ptolemy/domains/de/test/RunDETestsAsQSS.tcl
Run the DE tests using ptolemy.domains.qss.test.QSSDirectorTest, which extends QSSDirector and prints a message in the constructors.
------------------ testing $PTII/ptolemy/domains/de/test/auto/knownFailedTests/dependencyLoop.xml (Known Failure) 
17 ms. Memory: 146944K Free: 136553K (93%)


==== $PTIIhome/travis/build/icyphy/ptII/ptolemy/domains/de/test/../../../../: Auto Automatic test in file $PTII/ptolemy/domains/de/test/auto/knownFailedTests/dependencyLoop.xml
==== Contents of test case:

	    # FIXME: we should use $relativeFilename here, but it
	    # might have backslashes under Windows, which causes no end
	    # of trouble.
	    createAndExecute $file
	    list {}
	
.... Test generated KNOWN error:
    while executing
ptolemy.kernel.util.IllegalActionException: Found a zero delay loop containing .dependencyLoop.original
  in .dependencyLoop and .dependencyLoop.original
	at ptolemy.actor.util.CausalityInterfaceForComposites._computeOutputPortDepth(CausalityInterfaceForComposites.java:759)
	at ptolemy.actor.util.CausalityInterfaceForComposites._computeInputDepth(CausalityInterfaceForComposites.java:696)
	at ptolemy.actor.util.CausalityInterfaceForComposites._computeOutputPortDepth(CausalityInterfaceForComposites.java:765)
	at ptolemy.actor.util.CausalityInterfaceForComposites._computeInputDepth(CausalityInterfaceForComposites.java:696)
	at ptolemy.actor.util.CausalityInterfaceForComposites._computeOutputPortDepth(CausalityInterfaceForComposites.java:765)
	at ptolemy.actor.util.CausalityInterfaceForComposites._computeInputDepth(CausalityInterfaceForComposites.java:696)
	at ptolemy.actor.util.CausalityInterfaceForComposites._computeActorDepth(CausalityInterfaceForComposites.java:532)
	at ptolemy.actor.util.CausalityInterfaceForComposites.checkForCycles(CausalityInterfaceForComposites.java:96)
	at ptolemy.domains.de.kernel.DEDirector.preinitialize(DEDirector.java:1338)
	at ptolemy.actor.CompositeActor.preinitialize(CompositeActor.java:1828)
	at ptolemy.actor.Manager.preinitializeAndResolveTypes(Manager.java:1040)
	at ptolemy.actor.Manager.initialize(Manager.java:710)
	at ptolemy.actor.Manager.execute(Manager.java:356)
	at ptolemy.actor.Manager.run(Manager.java:1263)
	at ptolemy.actor.Manager$PtolemyRunThread.run(Manager.java:1915)

    while executing
ptolemy.kernel.util.IllegalActionException: Found a zero delay loop containing .dependencyLoop.original
  in .dependencyLoop and .dependencyLoop.original
    while executing
"java::new ptolemy.moml.MoMLSimpleApplication $file
"
    (procedure "createAndExecute" line 2)
    invoked from within
"createAndExecute $file"
    ("uplevel" body line 5)
    invoked from within
"uplevel $contents_of_test"
------------------ testing $PTII/ptolemy/domains/de/test/auto/knownFailedTests/DESDFClockTest.xml (Known Failure) 
2049 ms. Memory: 146944K Free: 121437K (83%)


==== $PTIIhome/travis/build/icyphy/ptII/ptolemy/domains/de/test/../../../../: Auto Automatic test in file $PTII/ptolemy/domains/de/test/auto/knownFailedTests/DESDFClockTest.xml
==== Contents of test case:

	    # FIXME: we should use $relativeFilename here, but it
	    # might have backslashes under Windows, which causes no end
	    # of trouble.
	    createAndExecute $file
	    list {}
	
.... Test generated KNOWN error:
    while executing
ptolemy.kernel.util.IllegalActionException: Actor is not ready to fire.  Perhaps UpSample.prefire() returned false? Try debugging the actor by selecting "Listen to Actor".  Also, for SDF check moml for tokenConsumptionRate on input.
  in .DESDFClockTest.Play Bell.Copy1:SDF Director and .DESDFClockTest.Play Bell.UpSample
	at ptolemy.actor.sched.StaticSchedulingDirector.fire(StaticSchedulingDirector.java:227)
	at ptolemy.domains.sdf.kernel.SDFDirector.fire(SDFDirector.java:500)
	at ptolemy.actor.CompositeActor.fire(CompositeActor.java:455)
	at ptolemy.domains.de.kernel.DEDirector._fire(DEDirector.java:1949)
	at ptolemy.domains.de.kernel.DEDirector.fire(DEDirector.java:502)
	at ptolemy.actor.CompositeActor.fire(CompositeActor.java:455)
	at ptolemy.actor.Manager.iterate(Manager.java:851)
	at ptolemy.actor.Manager.execute(Manager.java:369)
	at ptolemy.actor.Manager.run(Manager.java:1263)
	at ptolemy.actor.Manager$PtolemyRunThread.run(Manager.java:1915)

    while executing
ptolemy.kernel.util.IllegalActionException: Actor is not ready to fire.  Perhaps UpSample.prefire() returned false? Try debugging the actor by selecting "Listen to Actor".  Also, for SDF check moml for tokenConsumptionRate on input.
  in .DESDFClockTest.Play Bell.Copy1:SDF Director and .DESDFClockTest.Play Bell.UpSample
    while executing
"java::new ptolemy.moml.MoMLSimpleApplication $file
"
    (procedure "createAndExecute" line 2)
    invoked from within
"createAndExecute $file"
    ("uplevel" body line 5)
    invoked from within
"uplevel $contents_of_test"
------------------ testing $PTII/ptolemy/domains/de/test/auto/knownFailedTests/FSMSource.xml (Known Failure) 
33 ms. Memory: 146944K Free: 112084K (76%)
!!!! Auto was marked as failing, but now passes
------------------ testing $PTII/ptolemy/domains/de/test/auto/knownFailedTests/dependencyLoop2.xml (Known Failure) 
5 ms. Memory: 146944K Free: 110224K (75%)


==== $PTIIhome/travis/build/icyphy/ptII/ptolemy/domains/de/test/../../../../: Auto Automatic test in file $PTII/ptolemy/domains/de/test/auto/knownFailedTests/dependencyLoop2.xml
==== Contents of test case:

	    # FIXME: we should use $relativeFilename here, but it
	    # might have backslashes under Windows, which causes no end
	    # of trouble.
	    createAndExecute $file
	    list {}
	
.... Test generated KNOWN error:
    while executing
ptolemy.kernel.util.IllegalActionException: Found a zero delay loop containing .dependencyLoop2.original
  in .dependencyLoop2 and .dependencyLoop2.original
	at ptolemy.actor.util.CausalityInterfaceForComposites._computeOutputPortDepth(CausalityInterfaceForComposites.java:759)
	at ptolemy.actor.util.CausalityInterfaceForComposites._computeInputDepth(CausalityInterfaceForComposites.java:696)
	at ptolemy.actor.util.CausalityInterfaceForComposites._computeOutputPortDepth(CausalityInterfaceForComposites.java:765)
	at ptolemy.actor.util.CausalityInterfaceForComposites._computeInputDepth(CausalityInterfaceForComposites.java:696)
	at ptolemy.actor.util.CausalityInterfaceForComposites._computeOutputPortDepth(CausalityInterfaceForComposites.java:765)
	at ptolemy.actor.util.CausalityInterfaceForComposites._computeInputDepth(CausalityInterfaceForComposites.java:696)
	at ptolemy.actor.util.CausalityInterfaceForComposites._computeActorDepth(CausalityInterfaceForComposites.java:532)
	at ptolemy.actor.util.CausalityInterfaceForComposites.checkForCycles(CausalityInterfaceForComposites.java:96)
	at ptolemy.domains.de.kernel.DEDirector.preinitialize(DEDirector.java:1338)
	at ptolemy.actor.CompositeActor.preinitialize(CompositeActor.java:1828)
	at ptolemy.actor.Manager.preinitializeAndResolveTypes(Manager.java:1040)
	at ptolemy.actor.Manager.initialize(Manager.java:710)
	at ptolemy.actor.Manager.execute(Manager.java:356)
	at ptolemy.actor.Manager.run(Manager.java:1263)
	at ptolemy.actor.Manager$PtolemyRunThread.run(Manager.java:1915)

    while executing
ptolemy.kernel.util.IllegalActionException: Found a zero delay loop containing .dependencyLoop2.original
  in .dependencyLoop2 and .dependencyLoop2.original
    while executing
"java::new ptolemy.moml.MoMLSimpleApplication $file
"
    (procedure "createAndExecute" line 2)
    invoked from within
"createAndExecute $file"
    ("uplevel" body line 5)
    invoked from within
"uplevel $contents_of_test"
------------------ testing $PTII/ptolemy/domains/de/test/auto/knownFailedTests/HierarchicalModel.xml (Known Failure) 
7 ms. Memory: 146944K Free: 90072K (61%)


==== $PTIIhome/travis/build/icyphy/ptII/ptolemy/domains/de/test/../../../../: Auto Automatic test in file $PTII/ptolemy/domains/de/test/auto/knownFailedTests/HierarchicalModel.xml
==== Contents of test case:

	    # FIXME: we should use $relativeFilename here, but it
	    # might have backslashes under Windows, which causes no end
	    # of trouble.
	    createAndExecute $file
	    list {}
	
.... Test generated KNOWN error:
    while executing
ptolemy.kernel.util.IllegalActionException: Found a zero delay loop containing .HierarchicalModel.A
  in .HierarchicalModel and .HierarchicalModel.A
	at ptolemy.actor.util.CausalityInterfaceForComposites._computeOutputPortDepth(CausalityInterfaceForComposites.java:759)
	at ptolemy.actor.util.CausalityInterfaceForComposites._computeInputDepth(CausalityInterfaceForComposites.java:696)
	at ptolemy.actor.util.CausalityInterfaceForComposites._computeOutputPortDepth(CausalityInterfaceForComposites.java:765)
	at ptolemy.actor.util.CausalityInterfaceForComposites._computeInputDepth(CausalityInterfaceForComposites.java:696)
	at ptolemy.actor.util.CausalityInterfaceForComposites._computeOutputPortDepth(CausalityInterfaceForComposites.java:765)
	at ptolemy.actor.util.CausalityInterfaceForComposites._computeInputDepth(CausalityInterfaceForComposites.java:696)
	at ptolemy.actor.util.CausalityInterfaceForComposites._computeActorDepth(CausalityInterfaceForComposites.java:532)
	at ptolemy.actor.util.CausalityInterfaceForComposites.checkForCycles(CausalityInterfaceForComposites.java:96)
	at ptolemy.domains.de.kernel.DEDirector.preinitialize(DEDirector.java:1338)
	at ptolemy.actor.CompositeActor.preinitialize(CompositeActor.java:1828)
	at ptolemy.actor.Manager.preinitializeAndResolveTypes(Manager.java:1040)
	at ptolemy.actor.Manager.initialize(Manager.java:710)
	at ptolemy.actor.Manager.execute(Manager.java:356)
	at ptolemy.actor.Manager.run(Manager.java:1263)
	at ptolemy.actor.Manager$PtolemyRunThread.run(Manager.java:1915)

    while executing
ptolemy.kernel.util.IllegalActionException: Found a zero delay loop containing .HierarchicalModel.A
  in .HierarchicalModel and .HierarchicalModel.A
    while executing
"java::new ptolemy.moml.MoMLSimpleApplication $file
"
    (procedure "createAndExecute" line 2)
    invoked from within
"createAndExecute $file"
    ("uplevel" body line 5)
    invoked from within
"uplevel $contents_of_test"
------------------ testing $PTII/ptolemy/domains/de/test/auto/knownFailedTests/DirectFeedback.xml (Known Failure) 
3 ms. Memory: 146944K Free: 85962K (58%)


==== $PTIIhome/travis/build/icyphy/ptII/ptolemy/domains/de/test/../../../../: Auto Automatic test in file $PTII/ptolemy/domains/de/test/auto/knownFailedTests/DirectFeedback.xml
==== Contents of test case:

	    # FIXME: we should use $relativeFilename here, but it
	    # might have backslashes under Windows, which causes no end
	    # of trouble.
	    createAndExecute $file
	    list {}
	
.... Test generated KNOWN error:
    while executing
ptolemy.kernel.util.IllegalActionException: Test fails in iteration 1.
Value was: 1.0. Should have been: 2.0
  in .DirectFeedback.Test
	at ptolemy.actor.lib.Test.fire(Test.java:268)
	at ptolemy.domains.de.kernel.DEDirector._fire(DEDirector.java:1949)
	at ptolemy.domains.de.kernel.DEDirector.fire(DEDirector.java:502)
	at ptolemy.actor.CompositeActor.fire(CompositeActor.java:455)
	at ptolemy.actor.Manager.iterate(Manager.java:851)
	at ptolemy.actor.Manager.execute(Manager.java:369)
	at ptolemy.actor.Manager.run(Manager.java:1263)
	at ptolemy.actor.Manager$PtolemyRunThread.run(Manager.java:1915)

    while executing
ptolemy.kernel.util.IllegalActionException: Test fails in iteration 1.
Value was: 1.0. Should have been: 2.0
  in .DirectFeedback.Test
    while executing
"java::new ptolemy.moml.MoMLSimpleApplication $file
"
    (procedure "createAndExecute" line 2)
    invoked from within
"createAndExecute $file"
    ("uplevel" body line 5)
    invoked from within
"uplevel $contents_of_test"
------------------ testing $PTII/ptolemy/domains/de/test/auto/ActorDepthCalculation_actorWithoutPorts.xml
auto.tcl: Setting watchdog for 200 seconds at Sun Feb 03 03:29:39 UTC 2019
7 ms. Memory: 146944K Free: 138731K (94%)
ptolemy.util.test.WatchDog.cancel(): canceling Sun Feb 03 03:29:39 UTC 2019
auto.tcl: Setting watchdog for 200 seconds at Sun Feb 03 03:29:39 UTC 2019
4 ms. Memory: 146944K Free: 137717K (94%)
ptolemy.util.test.WatchDog.cancel(): canceling Sun Feb 03 03:29:39 UTC 2019
------------------ testing $PTII/ptolemy/domains/de/test/auto/AssemblyLine.xml
auto.tcl: Setting watchdog for 200 seconds at Sun Feb 03 03:29:39 UTC 2019
20 ms. Memory: 208384K Free: 183456K (88%)
ptolemy.util.test.WatchDog.cancel(): canceling Sun Feb 03 03:29:39 UTC 2019
auto.tcl: Setting watchdog for 200 seconds at Sun Feb 03 03:29:39 UTC 2019
7 ms. Memory: 208384K Free: 183456K (88%)
ptolemy.util.test.WatchDog.cancel(): canceling Sun Feb 03 03:29:39 UTC 2019
------------------ testing $PTII/ptolemy/domains/de/test/auto/CQBug1.xml
auto.tcl: Setting watchdog for 200 seconds at Sun Feb 03 03:29:40 UTC 2019
7 ms. Memory: 208384K Free: 197932K (95%)
ptolemy.util.test.WatchDog.cancel(): canceling Sun Feb 03 03:29:40 UTC 2019
auto.tcl: Setting watchdog for 200 seconds at Sun Feb 03 03:29:40 UTC 2019
2 ms. Memory: 208384K Free: 197932K (95%)
ptolemy.util.test.WatchDog.cancel(): canceling Sun Feb 03 03:29:40 UTC 2019
------------------ testing $PTII/ptolemy/domains/de/test/auto/CancelFireAt.xml
auto.tcl: Setting watchdog for 200 seconds at Sun Feb 03 03:29:40 UTC 2019
5 ms. Memory: 208384K Free: 201566K (97%)
ptolemy.util.test.WatchDog.cancel(): canceling Sun Feb 03 03:29:40 UTC 2019
auto.tcl: Setting watchdog for 200 seconds at Sun Feb 03 03:29:40 UTC 2019
3 ms. Memory: 208384K Free: 199539K (96%)
ptolemy.util.test.WatchDog.cancel(): canceling Sun Feb 03 03:29:40 UTC 2019
------------------ testing $PTII/ptolemy/domains/de/test/auto/CausalityAndComposabilityAnalysis.xml
auto.tcl: Setting watchdog for 200 seconds at Sun Feb 03 03:29:40 UTC 2019
9 ms. Memory: 208384K Free: 198618K (95%)
ptolemy.util.test.WatchDog.cancel(): canceling Sun Feb 03 03:29:40 UTC 2019
auto.tcl: Setting watchdog for 200 seconds at Sun Feb 03 03:29:40 UTC 2019
15 ms. Memory: 208384K Free: 196576K (94%)
ptolemy.util.test.WatchDog.cancel(): canceling Sun Feb 03 03:29:40 UTC 2019
------------------ testing $PTII/ptolemy/domains/de/test/auto/CausalityInterface1.xml
auto.tcl: Setting watchdog for 200 seconds at Sun Feb 03 03:29:40 UTC 2019
18 ms. Memory: 208384K Free: 196503K (94%)
ptolemy.util.test.WatchDog.cancel(): canceling Sun Feb 03 03:29:40 UTC 2019
auto.tcl: Setting watchdog for 200 seconds at Sun Feb 03 03:29:40 UTC 2019
9 ms. Memory: 208384K Free: 196503K (94%)
ptolemy.util.test.WatchDog.cancel(): canceling Sun Feb 03 03:29:40 UTC 2019
------------------ testing $PTII/ptolemy/domains/de/test/auto/CausalityInterface15.xml
auto.tcl: Setting watchdog for 200 seconds at Sun Feb 03 03:29:40 UTC 2019
19 ms. Memory: 208384K Free: 196486K (94%)
ptolemy.util.test.WatchDog.cancel(): canceling Sun Feb 03 03:29:40 UTC 2019
auto.tcl: Setting watchdog for 200 seconds at Sun Feb 03 03:29:40 UTC 2019
5 ms. Memory: 208384K Free: 196486K (94%)
ptolemy.util.test.WatchDog.cancel(): canceling Sun Feb 03 03:29:40 UTC 2019
------------------ testing $PTII/ptolemy/domains/de/test/auto/CausalityInterface2.xml
auto.tcl: Setting watchdog for 200 seconds at Sun Feb 03 03:29:40 UTC 2019
6 ms. Memory: 208384K Free: 196470K (94%)
ptolemy.util.test.WatchDog.cancel(): canceling Sun Feb 03 03:29:40 UTC 2019
auto.tcl: Setting watchdog for 200 seconds at Sun Feb 03 03:29:40 UTC 2019
5 ms. Memory: 208384K Free: 196470K (94%)
ptolemy.util.test.WatchDog.cancel(): canceling Sun Feb 03 03:29:40 UTC 2019
------------------ testing $PTII/ptolemy/domains/de/test/auto/CausalityInterface3.xml
auto.tcl: Setting watchdog for 200 seconds at Sun Feb 03 03:29:40 UTC 2019
5 ms. Memory: 208384K Free: 196515K (94%)
ptolemy.util.test.WatchDog.cancel(): canceling Sun Feb 03 03:29:40 UTC 2019
auto.tcl: Setting watchdog for 200 seconds at Sun Feb 03 03:29:40 UTC 2019
7 ms. Memory: 208384K Free: 196514K (94%)
ptolemy.util.test.WatchDog.cancel(): canceling Sun Feb 03 03:29:40 UTC 2019
------------------ testing $PTII/ptolemy/domains/de/test/auto/ClockDrift.xml
auto.tcl: Setting watchdog for 200 seconds at Sun Feb 03 03:29:40 UTC 2019
92 ms. Memory: 208384K Free: 187919K (90%)
ptolemy.util.test.WatchDog.cancel(): canceling Sun Feb 03 03:29:40 UTC 2019
auto.tcl: Setting watchdog for 200 seconds at Sun Feb 03 03:29:40 UTC 2019
56 ms. Memory: 208384K Free: 185893K (89%)
ptolemy.util.test.WatchDog.cancel(): canceling Sun Feb 03 03:29:40 UTC 2019
------------------ testing $PTII/ptolemy/domains/de/test/auto/ClockDriftAndValueChange.xml
auto.tcl: Setting watchdog for 200 seconds at Sun Feb 03 03:29:40 UTC 2019
24 ms. Memory: 208384K Free: 187768K (90%)
ptolemy.util.test.WatchDog.cancel(): canceling Sun Feb 03 03:29:41 UTC 2019
auto.tcl: Setting watchdog for 200 seconds at Sun Feb 03 03:29:41 UTC 2019
21 ms. Memory: 208384K Free: 185726K (89%)
ptolemy.util.test.WatchDog.cancel(): canceling Sun Feb 03 03:29:41 UTC 2019
------------------ testing $PTII/ptolemy/domains/de/test/auto/ClockDriftChange.xml
auto.tcl: Setting watchdog for 200 seconds at Sun Feb 03 03:29:41 UTC 2019
20 ms. Memory: 208384K Free: 191008K (92%)
ptolemy.util.test.WatchDog.cancel(): canceling Sun Feb 03 03:29:41 UTC 2019
auto.tcl: Setting watchdog for 200 seconds at Sun Feb 03 03:29:41 UTC 2019
23 ms. Memory: 208384K Free: 188982K (91%)
ptolemy.util.test.WatchDog.cancel(): canceling Sun Feb 03 03:29:41 UTC 2019
------------------ testing $PTII/ptolemy/domains/de/test/auto/ComposableCausalityAnalysis.xml
auto.tcl: Setting watchdog for 200 seconds at Sun Feb 03 03:29:41 UTC 2019
2 ms. Memory: 208384K Free: 196361K (94%)
ptolemy.util.test.WatchDog.cancel(): canceling Sun Feb 03 03:29:41 UTC 2019
auto.tcl: Setting watchdog for 200 seconds at Sun Feb 03 03:29:41 UTC 2019
2 ms. Memory: 208384K Free: 194334K (93%)
ptolemy.util.test.WatchDog.cancel(): canceling Sun Feb 03 03:29:41 UTC 2019
------------------ testing $PTII/ptolemy/domains/de/test/auto/DEFixedPointLimitation.xml
auto.tcl: Setting watchdog for 200 seconds at Sun Feb 03 03:29:41 UTC 2019
3 ms. Memory: 208384K Free: 196441K (94%)
ptolemy.util.test.WatchDog.cancel(): canceling Sun Feb 03 03:29:41 UTC 2019
auto.tcl: Setting watchdog for 200 seconds at Sun Feb 03 03:29:41 UTC 2019
2 ms. Memory: 208384K Free: 196441K (94%)
ptolemy.util.test.WatchDog.cancel(): canceling Sun Feb 03 03:29:41 UTC 2019
------------------ testing $PTII/ptolemy/domains/de/test/auto/DEScheduleTest.xml
auto.tcl: Setting watchdog for 200 seconds at Sun Feb 03 03:29:41 UTC 2019
9 ms. Memory: 208384K Free: 198504K (95%)
ptolemy.util.test.WatchDog.cancel(): canceling Sun Feb 03 03:29:41 UTC 2019
auto.tcl: Setting watchdog for 200 seconds at Sun Feb 03 03:29:41 UTC 2019
3 ms. Memory: 208384K Free: 196469K (94%)
ptolemy.util.test.WatchDog.cancel(): canceling Sun Feb 03 03:29:41 UTC 2019
------------------ testing $PTII/ptolemy/domains/de/test/auto/DEinDEwithStartTimes.xml
auto.tcl: Setting watchdog for 200 seconds at Sun Feb 03 03:29:41 UTC 2019
6 ms. Memory: 208384K Free: 196431K (94%)
ptolemy.util.test.WatchDog.cancel(): canceling Sun Feb 03 03:29:41 UTC 2019
auto.tcl: Setting watchdog for 200 seconds at Sun Feb 03 03:29:41 UTC 2019
3 ms. Memory: 208384K Free: 194404K (93%)
ptolemy.util.test.WatchDog.cancel(): canceling Sun Feb 03 03:29:41 UTC 2019
------------------ testing $PTII/ptolemy/domains/de/test/auto/DEinDEwithStartTimes2.xml
auto.tcl: Setting watchdog for 200 seconds at Sun Feb 03 03:29:41 UTC 2019
4 ms. Memory: 208384K Free: 196929K (95%)
ptolemy.util.test.WatchDog.cancel(): canceling Sun Feb 03 03:29:41 UTC 2019
auto.tcl: Setting watchdog for 200 seconds at Sun Feb 03 03:29:41 UTC 2019
5 ms. Memory: 208384K Free: 194367K (93%)
ptolemy.util.test.WatchDog.cancel(): canceling Sun Feb 03 03:29:41 UTC 2019
------------------ testing $PTII/ptolemy/domains/de/test/auto/DateDemo.xml
auto.tcl: Setting watchdog for 200 seconds at Sun Feb 03 03:29:41 UTC 2019
14 ms. Memory: 208384K Free: 189053K (91%)
ptolemy.util.test.WatchDog.cancel(): canceling Sun Feb 03 03:29:41 UTC 2019
auto.tcl: Setting watchdog for 200 seconds at Sun Feb 03 03:29:41 UTC 2019
5 ms. Memory: 208384K Free: 187011K (90%)
ptolemy.util.test.WatchDog.cancel(): canceling Sun Feb 03 03:29:41 UTC 2019
------------------ testing $PTII/ptolemy/domains/de/test/auto/DateToEvent.xml
auto.tcl: Setting watchdog for 200 seconds at Sun Feb 03 03:29:41 UTC 2019
2014 ms. Memory: 208384K Free: 183972K (88%)
ptolemy.util.test.WatchDog.cancel(): canceling Sun Feb 03 03:29:43 UTC 2019
auto.tcl: Setting watchdog for 200 seconds at Sun Feb 03 03:29:43 UTC 2019
2004 ms. Memory: 208384K Free: 183972K (88%)
ptolemy.util.test.WatchDog.cancel(): canceling Sun Feb 03 03:29:45 UTC 2019
------------------ testing $PTII/ptolemy/domains/de/test/auto/DepthTest1.xml
auto.tcl: Setting watchdog for 200 seconds at Sun Feb 03 03:29:45 UTC 2019
5 ms. Memory: 208384K Free: 197708K (95%)
ptolemy.util.test.WatchDog.cancel(): canceling Sun Feb 03 03:29:45 UTC 2019
auto.tcl: Setting watchdog for 200 seconds at Sun Feb 03 03:29:45 UTC 2019
2 ms. Memory: 208384K Free: 197708K (95%)
ptolemy.util.test.WatchDog.cancel(): canceling Sun Feb 03 03:29:45 UTC 2019
------------------ testing $PTII/ptolemy/domains/de/test/auto/DepthTest2.xml
auto.tcl: Setting watchdog for 200 seconds at Sun Feb 03 03:29:45 UTC 2019
3 ms. Memory: 208384K Free: 194046K (93%)
ptolemy.util.test.WatchDog.cancel(): canceling Sun Feb 03 03:29:46 UTC 2019
auto.tcl: Setting watchdog for 200 seconds at Sun Feb 03 03:29:46 UTC 2019
5 ms. Memory: 208384K Free: 194046K (93%)
ptolemy.util.test.WatchDog.cancel(): canceling Sun Feb 03 03:29:46 UTC 2019
------------------ testing $PTII/ptolemy/domains/de/test/auto/DepthTest3.xml
auto.tcl: Setting watchdog for 200 seconds at Sun Feb 03 03:29:46 UTC 2019
2 ms. Memory: 208384K Free: 198041K (95%)
ptolemy.util.test.WatchDog.cancel(): canceling Sun Feb 03 03:29:46 UTC 2019
auto.tcl: Setting watchdog for 200 seconds at Sun Feb 03 03:29:46 UTC 2019
7 ms. Memory: 208384K Free: 198041K (95%)
ptolemy.util.test.WatchDog.cancel(): canceling Sun Feb 03 03:29:46 UTC 2019
------------------ testing $PTII/ptolemy/domains/de/test/auto/DepthTest4.xml
auto.tcl: Setting watchdog for 200 seconds at Sun Feb 03 03:29:46 UTC 2019
7 ms. Memory: 208384K Free: 196101K (94%)
ptolemy.util.test.WatchDog.cancel(): canceling Sun Feb 03 03:29:46 UTC 2019
auto.tcl: Setting watchdog for 200 seconds at Sun Feb 03 03:29:46 UTC 2019
3 ms. Memory: 208384K Free: 196101K (94%)
ptolemy.util.test.WatchDog.cancel(): canceling Sun Feb 03 03:29:46 UTC 2019
------------------ testing $PTII/ptolemy/domains/de/test/auto/DepthTest5.xml
auto.tcl: Setting watchdog for 200 seconds at Sun Feb 03 03:29:46 UTC 2019
6 ms. Memory: 208384K Free: 196567K (94%)
ptolemy.util.test.WatchDog.cancel(): canceling Sun Feb 03 03:29:46 UTC 2019
auto.tcl: Setting watchdog for 200 seconds at Sun Feb 03 03:29:46 UTC 2019
2 ms. Memory: 208384K Free: 196567K (94%)
ptolemy.util.test.WatchDog.cancel(): canceling Sun Feb 03 03:29:46 UTC 2019
------------------ testing $PTII/ptolemy/domains/de/test/auto/DepthTest6.xml
auto.tcl: Setting watchdog for 200 seconds at Sun Feb 03 03:29:46 UTC 2019
5 ms. Memory: 208384K Free: 196560K (94%)
ptolemy.util.test.WatchDog.cancel(): canceling Sun Feb 03 03:29:46 UTC 2019
auto.tcl: Setting watchdog for 200 seconds at Sun Feb 03 03:29:46 UTC 2019
2 ms. Memory: 208384K Free: 196560K (94%)
ptolemy.util.test.WatchDog.cancel(): canceling Sun Feb 03 03:29:46 UTC 2019
------------------ testing $PTII/ptolemy/domains/de/test/auto/DepthTest7.xml
auto.tcl: Setting watchdog for 200 seconds at Sun Feb 03 03:29:46 UTC 2019
2 ms. Memory: 208384K Free: 194777K (93%)
ptolemy.util.test.WatchDog.cancel(): canceling Sun Feb 03 03:29:46 UTC 2019
auto.tcl: Setting watchdog for 200 seconds at Sun Feb 03 03:29:46 UTC 2019
2 ms. Memory: 208384K Free: 194777K (93%)
ptolemy.util.test.WatchDog.cancel(): canceling Sun Feb 03 03:29:46 UTC 2019
------------------ testing $PTII/ptolemy/domains/de/test/auto/EventToDate.xml
auto.tcl: Setting watchdog for 200 seconds at Sun Feb 03 03:29:46 UTC 2019
3009 ms. Memory: 208384K Free: 185855K (89%)
ptolemy.util.test.WatchDog.cancel(): canceling Sun Feb 03 03:29:49 UTC 2019
auto.tcl: Setting watchdog for 200 seconds at Sun Feb 03 03:29:49 UTC 2019
3004 ms. Memory: 208384K Free: 185855K (89%)
ptolemy.util.test.WatchDog.cancel(): canceling Sun Feb 03 03:29:52 UTC 2019
------------------ testing $PTII/ptolemy/domains/de/test/auto/FSM1.xml
auto.tcl: Setting watchdog for 200 seconds at Sun Feb 03 03:29:52 UTC 2019
39 ms. Memory: 208384K Free: 189181K (91%)
ptolemy.util.test.WatchDog.cancel(): canceling Sun Feb 03 03:29:52 UTC 2019
auto.tcl: Setting watchdog for 200 seconds at Sun Feb 03 03:29:52 UTC 2019
12 ms. Memory: 208384K Free: 185113K (89%)
ptolemy.util.test.WatchDog.cancel(): canceling Sun Feb 03 03:29:52 UTC 2019
------------------ testing $PTII/ptolemy/domains/de/test/auto/FSM7.xml
auto.tcl: Setting watchdog for 200 seconds at Sun Feb 03 03:29:52 UTC 2019
26 ms. Memory: 208384K Free: 187365K (90%)
ptolemy.util.test.WatchDog.cancel(): canceling Sun Feb 03 03:29:52 UTC 2019
auto.tcl: Setting watchdog for 200 seconds at Sun Feb 03 03:29:52 UTC 2019
13 ms. Memory: 208384K Free: 185323K (89%)
ptolemy.util.test.WatchDog.cancel(): canceling Sun Feb 03 03:29:52 UTC 2019
------------------ testing $PTII/ptolemy/domains/de/test/auto/Inspection.xml
auto.tcl: Setting watchdog for 200 seconds at Sun Feb 03 03:29:52 UTC 2019
21 ms. Memory: 208384K Free: 188600K (91%)
ptolemy.util.test.WatchDog.cancel(): canceling Sun Feb 03 03:29:52 UTC 2019
auto.tcl: Setting watchdog for 200 seconds at Sun Feb 03 03:29:52 UTC 2019
22 ms. Memory: 208384K Free: 186574K (90%)
ptolemy.util.test.WatchDog.cancel(): canceling Sun Feb 03 03:29:52 UTC 2019
------------------ testing $PTII/ptolemy/domains/de/test/auto/Iteration.xml
auto.tcl: Setting watchdog for 200 seconds at Sun Feb 03 03:29:52 UTC 2019
9 ms. Memory: 208384K Free: 196329K (94%)
ptolemy.util.test.WatchDog.cancel(): canceling Sun Feb 03 03:29:52 UTC 2019
auto.tcl: Setting watchdog for 200 seconds at Sun Feb 03 03:29:52 UTC 2019
7 ms. Memory: 208384K Free: 194294K (93%)
ptolemy.util.test.WatchDog.cancel(): canceling Sun Feb 03 03:29:52 UTC 2019
------------------ testing $PTII/ptolemy/domains/de/test/auto/LineFault.xml
auto.tcl: Setting watchdog for 200 seconds at Sun Feb 03 03:29:53 UTC 2019
727 ms. Memory: 208384K Free: 200715K (96%)
ptolemy.util.test.WatchDog.cancel(): canceling Sun Feb 03 03:29:53 UTC 2019
auto.tcl: Setting watchdog for 200 seconds at Sun Feb 03 03:29:53 UTC 2019
599 ms. Memory: 208384K Free: 143626K (69%)
ptolemy.util.test.WatchDog.cancel(): canceling Sun Feb 03 03:29:54 UTC 2019
------------------ testing $PTII/ptolemy/domains/de/test/auto/MergeModel1Add.xml
auto.tcl: Setting watchdog for 200 seconds at Sun Feb 03 03:29:54 UTC 2019
19 ms. Memory: 331264K Free: 300590K (91%)
ptolemy.util.test.WatchDog.cancel(): canceling Sun Feb 03 03:29:54 UTC 2019
auto.tcl: Setting watchdog for 200 seconds at Sun Feb 03 03:29:54 UTC 2019
8 ms. Memory: 331264K Free: 300590K (91%)
ptolemy.util.test.WatchDog.cancel(): canceling Sun Feb 03 03:29:54 UTC 2019
------------------ testing $PTII/ptolemy/domains/de/test/auto/MergeModel2Add.xml
auto.tcl: Setting watchdog for 200 seconds at Sun Feb 03 03:29:54 UTC 2019
15 ms. Memory: 331264K Free: 305486K (92%)
ptolemy.util.test.WatchDog.cancel(): canceling Sun Feb 03 03:29:54 UTC 2019
auto.tcl: Setting watchdog for 200 seconds at Sun Feb 03 03:29:54 UTC 2019
12 ms. Memory: 331264K Free: 301927K (91%)
ptolemy.util.test.WatchDog.cancel(): canceling Sun Feb 03 03:29:54 UTC 2019
------------------ testing $PTII/ptolemy/domains/de/test/auto/MergeModel3Add.xml
auto.tcl: Setting watchdog for 200 seconds at Sun Feb 03 03:29:54 UTC 2019
6 ms. Memory: 331264K Free: 305449K (92%)
ptolemy.util.test.WatchDog.cancel(): canceling Sun Feb 03 03:29:55 UTC 2019
auto.tcl: Setting watchdog for 200 seconds at Sun Feb 03 03:29:55 UTC 2019
7 ms. Memory: 331264K Free: 301898K (91%)
ptolemy.util.test.WatchDog.cancel(): canceling Sun Feb 03 03:29:55 UTC 2019
------------------ testing $PTII/ptolemy/domains/de/test/auto/MergeWithoutDiscard.xml
auto.tcl: Setting watchdog for 200 seconds at Sun Feb 03 03:29:55 UTC 2019
2 ms. Memory: 331264K Free: 316815K (96%)
ptolemy.util.test.WatchDog.cancel(): canceling Sun Feb 03 03:29:55 UTC 2019
auto.tcl: Setting watchdog for 200 seconds at Sun Feb 03 03:29:55 UTC 2019
1 ms. Memory: 331264K Free: 316815K (96%)
ptolemy.util.test.WatchDog.cancel(): canceling Sun Feb 03 03:29:55 UTC 2019
------------------ testing $PTII/ptolemy/domains/de/test/auto/Modal1.xml
auto.tcl: Setting watchdog for 200 seconds at Sun Feb 03 03:29:55 UTC 2019
18 ms. Memory: 331264K Free: 310461K (94%)
ptolemy.util.test.WatchDog.cancel(): canceling Sun Feb 03 03:29:55 UTC 2019
auto.tcl: Setting watchdog for 200 seconds at Sun Feb 03 03:29:55 UTC 2019
23 ms. Memory: 331264K Free: 306902K (93%)
ptolemy.util.test.WatchDog.cancel(): canceling Sun Feb 03 03:29:55 UTC 2019
------------------ testing $PTII/ptolemy/domains/de/test/auto/Modal2.xml
auto.tcl: Setting watchdog for 200 seconds at Sun Feb 03 03:29:55 UTC 2019
15 ms. Memory: 331264K Free: 310310K (94%)
ptolemy.util.test.WatchDog.cancel(): canceling Sun Feb 03 03:29:55 UTC 2019
auto.tcl: Setting watchdog for 200 seconds at Sun Feb 03 03:29:55 UTC 2019
21 ms. Memory: 331264K Free: 306750K (93%)
ptolemy.util.test.WatchDog.cancel(): canceling Sun Feb 03 03:29:55 UTC 2019
------------------ testing $PTII/ptolemy/domains/de/test/auto/Modal3.xml
auto.tcl: Setting watchdog for 200 seconds at Sun Feb 03 03:29:55 UTC 2019
12 ms. Memory: 331264K Free: 310774K (94%)
ptolemy.util.test.WatchDog.cancel(): canceling Sun Feb 03 03:29:55 UTC 2019
auto.tcl: Setting watchdog for 200 seconds at Sun Feb 03 03:29:55 UTC 2019
10 ms. Memory: 331264K Free: 306540K (93%)
ptolemy.util.test.WatchDog.cancel(): canceling Sun Feb 03 03:29:55 UTC 2019
------------------ testing $PTII/ptolemy/domains/de/test/auto/Modal4.xml
auto.tcl: Setting watchdog for 200 seconds at Sun Feb 03 03:29:55 UTC 2019
24 ms. Memory: 331264K Free: 310096K (94%)
ptolemy.util.test.WatchDog.cancel(): canceling Sun Feb 03 03:29:55 UTC 2019
auto.tcl: Setting watchdog for 200 seconds at Sun Feb 03 03:29:55 UTC 2019
15 ms. Memory: 331264K Free: 306536K (93%)
ptolemy.util.test.WatchDog.cancel(): canceling Sun Feb 03 03:29:55 UTC 2019
------------------ testing $PTII/ptolemy/domains/de/test/auto/Modal5.xml
auto.tcl: Setting watchdog for 200 seconds at Sun Feb 03 03:29:55 UTC 2019
19 ms. Memory: 331264K Free: 310098K (94%)
ptolemy.util.test.WatchDog.cancel(): canceling Sun Feb 03 03:29:55 UTC 2019
auto.tcl: Setting watchdog for 200 seconds at Sun Feb 03 03:29:55 UTC 2019
12 ms. Memory: 331264K Free: 306547K (93%)
ptolemy.util.test.WatchDog.cancel(): canceling Sun Feb 03 03:29:55 UTC 2019
------------------ testing $PTII/ptolemy/domains/de/test/auto/Modal6.xml
auto.tcl: Setting watchdog for 200 seconds at Sun Feb 03 03:29:55 UTC 2019
13 ms. Memory: 331264K Free: 310097K (94%)
ptolemy.util.test.WatchDog.cancel(): canceling Sun Feb 03 03:29:55 UTC 2019
auto.tcl: Setting watchdog for 200 seconds at Sun Feb 03 03:29:55 UTC 2019
12 ms. Memory: 331264K Free: 306537K (93%)
ptolemy.util.test.WatchDog.cancel(): canceling Sun Feb 03 03:29:55 UTC 2019
------------------ testing $PTII/ptolemy/domains/de/test/auto/Modal7.xml
auto.tcl: Setting watchdog for 200 seconds at Sun Feb 03 03:29:55 UTC 2019
9 ms. Memory: 331264K Free: 306545K (93%)
ptolemy.util.test.WatchDog.cancel(): canceling Sun Feb 03 03:29:55 UTC 2019
auto.tcl: Setting watchdog for 200 seconds at Sun Feb 03 03:29:55 UTC 2019
11 ms. Memory: 331264K Free: 302986K (91%)
ptolemy.util.test.WatchDog.cancel(): canceling Sun Feb 03 03:29:55 UTC 2019
------------------ testing $PTII/ptolemy/domains/de/test/auto/ModalModel.xml
auto.tcl: Setting watchdog for 200 seconds at Sun Feb 03 03:29:55 UTC 2019
153 ms. Memory: 331264K Free: 247528K (75%)
ptolemy.util.test.WatchDog.cancel(): canceling Sun Feb 03 03:29:56 UTC 2019
auto.tcl: Setting watchdog for 200 seconds at Sun Feb 03 03:29:56 UTC 2019
168 ms. Memory: 331264K Free: 190665K (58%)
ptolemy.util.test.WatchDog.cancel(): canceling Sun Feb 03 03:29:56 UTC 2019
------------------ testing $PTII/ptolemy/domains/de/test/auto/ModalSource.xml
auto.tcl: Setting watchdog for 200 seconds at Sun Feb 03 03:29:56 UTC 2019
6 ms. Memory: 331264K Free: 316357K (95%)
ptolemy.util.test.WatchDog.cancel(): canceling Sun Feb 03 03:29:56 UTC 2019
auto.tcl: Setting watchdog for 200 seconds at Sun Feb 03 03:29:56 UTC 2019
6 ms. Memory: 331264K Free: 313093K (95%)
ptolemy.util.test.WatchDog.cancel(): canceling Sun Feb 03 03:29:56 UTC 2019
------------------ testing $PTII/ptolemy/domains/de/test/auto/NonInterruptibleTimerZeroDelay.xml
auto.tcl: Setting watchdog for 200 seconds at Sun Feb 03 03:29:56 UTC 2019
4 ms. Memory: 331264K Free: 320697K (97%)
ptolemy.util.test.WatchDog.cancel(): canceling Sun Feb 03 03:29:56 UTC 2019
auto.tcl: Setting watchdog for 200 seconds at Sun Feb 03 03:29:56 UTC 2019
2 ms. Memory: 331264K Free: 317441K (96%)
ptolemy.util.test.WatchDog.cancel(): canceling Sun Feb 03 03:29:56 UTC 2019
------------------ testing $PTII/ptolemy/domains/de/test/auto/OpenQueueingNetwork.xml
auto.tcl: Setting watchdog for 200 seconds at Sun Feb 03 03:29:56 UTC 2019
2642 ms. Memory: 573952K Free: 413205K (72%)
ptolemy.util.test.WatchDog.cancel(): canceling Sun Feb 03 03:29:59 UTC 2019
auto.tcl: Setting watchdog for 200 seconds at Sun Feb 03 03:29:59 UTC 2019
2352 ms. Memory: 550912K Free: 315401K (57%)
ptolemy.util.test.WatchDog.cancel(): canceling Sun Feb 03 03:30:01 UTC 2019
------------------ testing $PTII/ptolemy/domains/de/test/auto/OpenQueuingNetwork.xml
auto.tcl: Setting watchdog for 200 seconds at Sun Feb 03 03:30:01 UTC 2019
238 ms. Memory: 549888K Free: 436694K (79%)
ptolemy.util.test.WatchDog.cancel(): canceling Sun Feb 03 03:30:02 UTC 2019
auto.tcl: Setting watchdog for 200 seconds at Sun Feb 03 03:30:02 UTC 2019
228 ms. Memory: 549888K Free: 379499K (69%)
ptolemy.util.test.WatchDog.cancel(): canceling Sun Feb 03 03:30:02 UTC 2019
------------------ testing $PTII/ptolemy/domains/de/test/auto/PeriodicSampler.xml
auto.tcl: Setting watchdog for 200 seconds at Sun Feb 03 03:30:02 UTC 2019
2 ms. Memory: 551936K Free: 536038K (97%)
ptolemy.util.test.WatchDog.cancel(): canceling Sun Feb 03 03:30:02 UTC 2019
auto.tcl: Setting watchdog for 200 seconds at Sun Feb 03 03:30:02 UTC 2019
2 ms. Memory: 551936K Free: 536038K (97%)
ptolemy.util.test.WatchDog.cancel(): canceling Sun Feb 03 03:30:02 UTC 2019
------------------ testing $PTII/ptolemy/domains/de/test/auto/PersistentIO.xml
auto.tcl: Setting watchdog for 200 seconds at Sun Feb 03 03:30:02 UTC 2019
5 ms. Memory: 549376K Free: 529412K (96%)
ptolemy.util.test.WatchDog.cancel(): canceling Sun Feb 03 03:30:02 UTC 2019
auto.tcl: Setting watchdog for 200 seconds at Sun Feb 03 03:30:02 UTC 2019
3 ms. Memory: 549376K Free: 529412K (96%)
ptolemy.util.test.WatchDog.cancel(): canceling Sun Feb 03 03:30:02 UTC 2019
------------------ testing $PTII/ptolemy/domains/de/test/auto/PortParameterResetOnInitialize.xml
auto.tcl: Setting watchdog for 200 seconds at Sun Feb 03 03:30:02 UTC 2019
2 ms. Memory: 551424K Free: 536529K (97%)
ptolemy.util.test.WatchDog.cancel(): canceling Sun Feb 03 03:30:02 UTC 2019
auto.tcl: Setting watchdog for 200 seconds at Sun Feb 03 03:30:02 UTC 2019
1 ms. Memory: 551424K Free: 536529K (97%)
ptolemy.util.test.WatchDog.cancel(): canceling Sun Feb 03 03:30:02 UTC 2019
------------------ testing $PTII/ptolemy/domains/de/test/auto/PortParameterUpdates.xml
auto.tcl: Setting watchdog for 200 seconds at Sun Feb 03 03:30:02 UTC 2019
5 ms. Memory: 549376K Free: 534614K (97%)
ptolemy.util.test.WatchDog.cancel(): canceling Sun Feb 03 03:30:02 UTC 2019
auto.tcl: Setting watchdog for 200 seconds at Sun Feb 03 03:30:02 UTC 2019
4 ms. Memory: 549376K Free: 529399K (96%)
ptolemy.util.test.WatchDog.cancel(): canceling Sun Feb 03 03:30:02 UTC 2019
------------------ testing $PTII/ptolemy/domains/de/test/auto/QueueAndServer.xml
auto.tcl: Setting watchdog for 200 seconds at Sun Feb 03 03:30:02 UTC 2019
16 ms. Memory: 551424K Free: 530875K (96%)
ptolemy.util.test.WatchDog.cancel(): canceling Sun Feb 03 03:30:02 UTC 2019
auto.tcl: Setting watchdog for 200 seconds at Sun Feb 03 03:30:02 UTC 2019
6 ms. Memory: 551424K Free: 530875K (96%)
ptolemy.util.test.WatchDog.cancel(): canceling Sun Feb 03 03:30:02 UTC 2019
------------------ testing $PTII/ptolemy/domains/de/test/auto/Records.xml
auto.tcl: Setting watchdog for 200 seconds at Sun Feb 03 03:30:02 UTC 2019
8 ms. Memory: 549376K Free: 533977K (97%)
ptolemy.util.test.WatchDog.cancel(): canceling Sun Feb 03 03:30:02 UTC 2019
auto.tcl: Setting watchdog for 200 seconds at Sun Feb 03 03:30:02 UTC 2019
2 ms. Memory: 549376K Free: 528777K (96%)
ptolemy.util.test.WatchDog.cancel(): canceling Sun Feb 03 03:30:02 UTC 2019
------------------ testing $PTII/ptolemy/domains/de/test/auto/ResetTransitionWithStartTime1.xml
auto.tcl: Setting watchdog for 200 seconds at Sun Feb 03 03:30:02 UTC 2019
11 ms. Memory: 551424K Free: 530835K (96%)
ptolemy.util.test.WatchDog.cancel(): canceling Sun Feb 03 03:30:02 UTC 2019
auto.tcl: Setting watchdog for 200 seconds at Sun Feb 03 03:30:02 UTC 2019
7 ms. Memory: 551424K Free: 530835K (96%)
ptolemy.util.test.WatchDog.cancel(): canceling Sun Feb 03 03:30:02 UTC 2019
------------------ testing $PTII/ptolemy/domains/de/test/auto/ResetTransitionWithStartTime2.xml
auto.tcl: Setting watchdog for 200 seconds at Sun Feb 03 03:30:02 UTC 2019
5 ms. Memory: 549376K Free: 529321K (96%)
ptolemy.util.test.WatchDog.cancel(): canceling Sun Feb 03 03:30:02 UTC 2019
auto.tcl: Setting watchdog for 200 seconds at Sun Feb 03 03:30:02 UTC 2019
5 ms. Memory: 549376K Free: 529321K (96%)
ptolemy.util.test.WatchDog.cancel(): canceling Sun Feb 03 03:30:02 UTC 2019
------------------ testing $PTII/ptolemy/domains/de/test/auto/ResetTransitionWithStartTime3.xml
auto.tcl: Setting watchdog for 200 seconds at Sun Feb 03 03:30:02 UTC 2019
4 ms. Memory: 550912K Free: 530313K (96%)
ptolemy.util.test.WatchDog.cancel(): canceling Sun Feb 03 03:30:02 UTC 2019
auto.tcl: Setting watchdog for 200 seconds at Sun Feb 03 03:30:02 UTC 2019
5 ms. Memory: 550912K Free: 530313K (96%)
ptolemy.util.test.WatchDog.cancel(): canceling Sun Feb 03 03:30:02 UTC 2019
------------------ testing $PTII/ptolemy/domains/de/test/auto/ResetTransitionWithStartTime4.xml
auto.tcl: Setting watchdog for 200 seconds at Sun Feb 03 03:30:02 UTC 2019
4 ms. Memory: 549376K Free: 529334K (96%)
ptolemy.util.test.WatchDog.cancel(): canceling Sun Feb 03 03:30:02 UTC 2019
auto.tcl: Setting watchdog for 200 seconds at Sun Feb 03 03:30:02 UTC 2019
4 ms. Memory: 549376K Free: 529334K (96%)
ptolemy.util.test.WatchDog.cancel(): canceling Sun Feb 03 03:30:02 UTC 2019
------------------ testing $PTII/ptolemy/domains/de/test/auto/ResettableTimer1.xml
auto.tcl: Setting watchdog for 200 seconds at Sun Feb 03 03:30:02 UTC 2019
2 ms. Memory: 550912K Free: 530842K (96%)
ptolemy.util.test.WatchDog.cancel(): canceling Sun Feb 03 03:30:03 UTC 2019
auto.tcl: Setting watchdog for 200 seconds at Sun Feb 03 03:30:03 UTC 2019
2 ms. Memory: 550912K Free: 530842K (96%)
ptolemy.util.test.WatchDog.cancel(): canceling Sun Feb 03 03:30:03 UTC 2019
------------------ testing $PTII/ptolemy/domains/de/test/auto/ResettableTimer2.xml
auto.tcl: Setting watchdog for 200 seconds at Sun Feb 03 03:30:03 UTC 2019
2 ms. Memory: 549376K Free: 534587K (97%)
ptolemy.util.test.WatchDog.cancel(): canceling Sun Feb 03 03:30:03 UTC 2019
auto.tcl: Setting watchdog for 200 seconds at Sun Feb 03 03:30:03 UTC 2019
2 ms. Memory: 549376K Free: 534587K (97%)
ptolemy.util.test.WatchDog.cancel(): canceling Sun Feb 03 03:30:03 UTC 2019
------------------ testing $PTII/ptolemy/domains/de/test/auto/ResettableTimer3.xml
auto.tcl: Setting watchdog for 200 seconds at Sun Feb 03 03:30:03 UTC 2019
5 ms. Memory: 550912K Free: 530899K (96%)
ptolemy.util.test.WatchDog.cancel(): canceling Sun Feb 03 03:30:03 UTC 2019
auto.tcl: Setting watchdog for 200 seconds at Sun Feb 03 03:30:03 UTC 2019
1 ms. Memory: 550912K Free: 530899K (96%)
ptolemy.util.test.WatchDog.cancel(): canceling Sun Feb 03 03:30:03 UTC 2019
------------------ testing $PTII/ptolemy/domains/de/test/auto/ResettableTimer4.xml
auto.tcl: Setting watchdog for 200 seconds at Sun Feb 03 03:30:03 UTC 2019
1 ms. Memory: 549376K Free: 534599K (97%)
ptolemy.util.test.WatchDog.cancel(): canceling Sun Feb 03 03:30:03 UTC 2019
auto.tcl: Setting watchdog for 200 seconds at Sun Feb 03 03:30:03 UTC 2019
1 ms. Memory: 549376K Free: 534599K (97%)
ptolemy.util.test.WatchDog.cancel(): canceling Sun Feb 03 03:30:03 UTC 2019
------------------ testing $PTII/ptolemy/domains/de/test/auto/ResettableTimer5.xml
auto.tcl: Setting watchdog for 200 seconds at Sun Feb 03 03:30:03 UTC 2019
2 ms. Memory: 550400K Free: 530942K (96%)
ptolemy.util.test.WatchDog.cancel(): canceling Sun Feb 03 03:30:03 UTC 2019
auto.tcl: Setting watchdog for 200 seconds at Sun Feb 03 03:30:03 UTC 2019
1 ms. Memory: 550400K Free: 530942K (96%)
ptolemy.util.test.WatchDog.cancel(): canceling Sun Feb 03 03:30:03 UTC 2019
------------------ testing $PTII/ptolemy/domains/de/test/auto/ResettableTimer6.xml
auto.tcl: Setting watchdog for 200 seconds at Sun Feb 03 03:30:03 UTC 2019
1 ms. Memory: 549376K Free: 529324K (96%)
ptolemy.util.test.WatchDog.cancel(): canceling Sun Feb 03 03:30:03 UTC 2019
auto.tcl: Setting watchdog for 200 seconds at Sun Feb 03 03:30:03 UTC 2019
1 ms. Memory: 549376K Free: 529324K (96%)
ptolemy.util.test.WatchDog.cancel(): canceling Sun Feb 03 03:30:03 UTC 2019
------------------ testing $PTII/ptolemy/domains/de/test/auto/ServerZeroDelay.xml
auto.tcl: Setting watchdog for 200 seconds at Sun Feb 03 03:30:03 UTC 2019
2 ms. Memory: 550400K Free: 535561K (97%)
ptolemy.util.test.WatchDog.cancel(): canceling Sun Feb 03 03:30:03 UTC 2019
auto.tcl: Setting watchdog for 200 seconds at Sun Feb 03 03:30:03 UTC 2019
3 ms. Memory: 550400K Free: 535561K (97%)
ptolemy.util.test.WatchDog.cancel(): canceling Sun Feb 03 03:30:03 UTC 2019
------------------ testing $PTII/ptolemy/domains/de/test/auto/SmartSender.xml
auto.tcl: Setting watchdog for 200 seconds at Sun Feb 03 03:30:03 UTC 2019
3002 ms. Memory: 549376K Free: 529853K (96%)
ptolemy.util.test.WatchDog.cancel(): canceling Sun Feb 03 03:30:06 UTC 2019
auto.tcl: Setting watchdog for 200 seconds at Sun Feb 03 03:30:06 UTC 2019
3001 ms. Memory: 549376K Free: 529853K (96%)
ptolemy.util.test.WatchDog.cancel(): canceling Sun Feb 03 03:30:09 UTC 2019
------------------ testing $PTII/ptolemy/domains/de/test/auto/ThreadedComposite.xml
auto.tcl: Setting watchdog for 200 seconds at Sun Feb 03 03:30:09 UTC 2019
290 ms. Memory: 550400K Free: 501214K (91%)
ptolemy.util.test.WatchDog.cancel(): canceling Sun Feb 03 03:30:09 UTC 2019
auto.tcl: Setting watchdog for 200 seconds at Sun Feb 03 03:30:09 UTC 2019
143 ms. Memory: 550400K Free: 486655K (88%)
ptolemy.util.test.WatchDog.cancel(): canceling Sun Feb 03 03:30:09 UTC 2019
------------------ testing $PTII/ptolemy/domains/de/test/auto/Time.xml
auto.tcl: Setting watchdog for 200 seconds at Sun Feb 03 03:30:09 UTC 2019
484 ms. Memory: 549376K Free: 482238K (88%)
ptolemy.util.test.WatchDog.cancel(): canceling Sun Feb 03 03:30:10 UTC 2019
auto.tcl: Setting watchdog for 200 seconds at Sun Feb 03 03:30:10 UTC 2019
462 ms. Memory: 549376K Free: 425043K (77%)
ptolemy.util.test.WatchDog.cancel(): canceling Sun Feb 03 03:30:10 UTC 2019
------------------ testing $PTII/ptolemy/domains/de/test/auto/TimeDelayZeroDelay.xml
auto.tcl: Setting watchdog for 200 seconds at Sun Feb 03 03:30:11 UTC 2019
2 ms. Memory: 550400K Free: 534936K (97%)
ptolemy.util.test.WatchDog.cancel(): canceling Sun Feb 03 03:30:11 UTC 2019
auto.tcl: Setting watchdog for 200 seconds at Sun Feb 03 03:30:11 UTC 2019
1 ms. Memory: 550400K Free: 534936K (97%)
ptolemy.util.test.WatchDog.cancel(): canceling Sun Feb 03 03:30:11 UTC 2019
------------------ testing $PTII/ptolemy/domains/de/test/auto/TimerZeroDelay.xml
auto.tcl: Setting watchdog for 200 seconds at Sun Feb 03 03:30:11 UTC 2019
2 ms. Memory: 549376K Free: 533956K (97%)
ptolemy.util.test.WatchDog.cancel(): canceling Sun Feb 03 03:30:11 UTC 2019
auto.tcl: Setting watchdog for 200 seconds at Sun Feb 03 03:30:11 UTC 2019
2 ms. Memory: 549376K Free: 533956K (97%)
ptolemy.util.test.WatchDog.cancel(): canceling Sun Feb 03 03:30:11 UTC 2019
------------------ testing $PTII/ptolemy/domains/de/test/auto/TimingParadox.xml
auto.tcl: Setting watchdog for 200 seconds at Sun Feb 03 03:30:11 UTC 2019
348 ms. Memory: 549888K Free: 470456K (86%)
ptolemy.util.test.WatchDog.cancel(): canceling Sun Feb 03 03:30:11 UTC 2019
auto.tcl: Setting watchdog for 200 seconds at Sun Feb 03 03:30:11 UTC 2019
339 ms. Memory: 549888K Free: 434059K (79%)
ptolemy.util.test.WatchDog.cancel(): canceling Sun Feb 03 03:30:11 UTC 2019
------------------ testing $PTII/ptolemy/domains/de/test/auto/TransferInputs.xml
auto.tcl: Setting watchdog for 200 seconds at Sun Feb 03 03:30:11 UTC 2019
2 ms. Memory: 549888K Free: 533972K (97%)
ptolemy.util.test.WatchDog.cancel(): canceling Sun Feb 03 03:30:11 UTC 2019
auto.tcl: Setting watchdog for 200 seconds at Sun Feb 03 03:30:11 UTC 2019
1 ms. Memory: 549888K Free: 533972K (97%)
ptolemy.util.test.WatchDog.cancel(): canceling Sun Feb 03 03:30:11 UTC 2019
------------------ testing $PTII/ptolemy/domains/de/test/auto/TransferOutputs2.xml
auto.tcl: Setting watchdog for 200 seconds at Sun Feb 03 03:30:12 UTC 2019
3 ms. Memory: 549376K Free: 528191K (96%)
ptolemy.util.test.WatchDog.cancel(): canceling Sun Feb 03 03:30:12 UTC 2019
auto.tcl: Setting watchdog for 200 seconds at Sun Feb 03 03:30:12 UTC 2019
3 ms. Memory: 549376K Free: 528191K (96%)
ptolemy.util.test.WatchDog.cancel(): canceling Sun Feb 03 03:30:12 UTC 2019
------------------ testing $PTII/ptolemy/domains/de/test/auto/Trilateration.xml
auto.tcl: Setting watchdog for 200 seconds at Sun Feb 03 03:30:12 UTC 2019
13330 ms. Memory: 766976K Free: 234803K (31%)
ptolemy.util.test.WatchDog.cancel(): canceling Sun Feb 03 03:30:26 UTC 2019
auto.tcl: Setting watchdog for 200 seconds at Sun Feb 03 03:30:26 UTC 2019
10726 ms. Memory: 646144K Free: 91445K (14%)
ptolemy.util.test.WatchDog.cancel(): canceling Sun Feb 03 03:30:37 UTC 2019
------------------ testing $PTII/ptolemy/domains/de/test/auto/TwoSigmaDelta.xml
auto.tcl: Setting watchdog for 200 seconds at Sun Feb 03 03:30:37 UTC 2019
2865 ms. Memory: 649728K Free: 339943K (52%)
ptolemy.util.test.WatchDog.cancel(): canceling Sun Feb 03 03:30:40 UTC 2019
auto.tcl: Setting watchdog for 200 seconds at Sun Feb 03 03:30:40 UTC 2019
2210 ms. Memory: 649728K Free: 94872K (15%)
ptolemy.util.test.WatchDog.cancel(): canceling Sun Feb 03 03:30:42 UTC 2019
------------------ testing $PTII/ptolemy/domains/de/test/auto/VariableDelay.xml
auto.tcl: Setting watchdog for 200 seconds at Sun Feb 03 03:30:42 UTC 2019
2 ms. Memory: 646656K Free: 625766K (97%)
ptolemy.util.test.WatchDog.cancel(): canceling Sun Feb 03 03:30:42 UTC 2019
auto.tcl: Setting watchdog for 200 seconds at Sun Feb 03 03:30:42 UTC 2019
6 ms. Memory: 646656K Free: 625766K (97%)
ptolemy.util.test.WatchDog.cancel(): canceling Sun Feb 03 03:30:42 UTC 2019
------------------ testing $PTII/ptolemy/domains/de/test/auto/VariableDelay2.xml
auto.tcl: Setting watchdog for 200 seconds at Sun Feb 03 03:30:42 UTC 2019
2 ms. Memory: 646144K Free: 625744K (97%)
ptolemy.util.test.WatchDog.cancel(): canceling Sun Feb 03 03:30:42 UTC 2019
auto.tcl: Setting watchdog for 200 seconds at Sun Feb 03 03:30:42 UTC 2019
1 ms. Memory: 646144K Free: 625744K (97%)
ptolemy.util.test.WatchDog.cancel(): canceling Sun Feb 03 03:30:42 UTC 2019
------------------ testing $PTII/ptolemy/domains/de/test/auto/VariableDelayZeroDelay.xml
auto.tcl: Setting watchdog for 200 seconds at Sun Feb 03 03:30:42 UTC 2019
2 ms. Memory: 646144K Free: 620095K (96%)
ptolemy.util.test.WatchDog.cancel(): canceling Sun Feb 03 03:30:42 UTC 2019
auto.tcl: Setting watchdog for 200 seconds at Sun Feb 03 03:30:42 UTC 2019
1 ms. Memory: 646144K Free: 620095K (96%)
ptolemy.util.test.WatchDog.cancel(): canceling Sun Feb 03 03:30:42 UTC 2019
------------------ testing $PTII/ptolemy/domains/de/test/auto/VariableDelayZeroDelay2.xml
auto.tcl: Setting watchdog for 200 seconds at Sun Feb 03 03:30:42 UTC 2019
2 ms. Memory: 649216K Free: 623165K (96%)
ptolemy.util.test.WatchDog.cancel(): canceling Sun Feb 03 03:30:42 UTC 2019
auto.tcl: Setting watchdog for 200 seconds at Sun Feb 03 03:30:42 UTC 2019
2 ms. Memory: 649216K Free: 623165K (96%)
ptolemy.util.test.WatchDog.cancel(): canceling Sun Feb 03 03:30:42 UTC 2019
------------------ testing $PTII/ptolemy/domains/de/test/auto/deInCt.xml
auto.tcl: Setting watchdog for 200 seconds at Sun Feb 03 03:30:42 UTC 2019
0
1
1
1
1
0
0
0
1
1
0
0
0
1
1
1
1
0
0
0
0
1
1
1
0
0
0
0
1
1
1
1
0
0
0
12 ms. Memory: 646144K Free: 620014K (96%)
ptolemy.util.test.WatchDog.cancel(): canceling Sun Feb 03 03:30:42 UTC 2019
auto.tcl: Setting watchdog for 200 seconds at Sun Feb 03 03:30:42 UTC 2019
0
1
1
1
1
0
0
1
1
0
0
0
1
1
1
0
0
1
1
1
0
0
0
1
1
1
0
0
0
1
1
0
0
0
1
1
1
0
0
1
1
1
1
1
0
0
0
1
1
0
0
1
1
1
0
0
0
0
0
15 ms. Memory: 646144K Free: 620014K (96%)
ptolemy.util.test.WatchDog.cancel(): canceling Sun Feb 03 03:30:42 UTC 2019
------------------ testing $PTII/ptolemy/domains/de/test/auto/deInCt2.xml
auto.tcl: Setting watchdog for 200 seconds at Sun Feb 03 03:30:42 UTC 2019
0
1
1
1
0
0
1
1
1
0
0
1
1
1
0
0
1
1
1
0
0
1
1
1
0
0
1
1
1
0
0
1
1
1
0
0
1
1
1
0
0
0
11 ms. Memory: 648704K Free: 622573K (96%)
ptolemy.util.test.WatchDog.cancel(): canceling Sun Feb 03 03:30:42 UTC 2019
auto.tcl: Setting watchdog for 200 seconds at Sun Feb 03 03:30:42 UTC 2019
0
1
1
1
0
0
1
1
1
0
0
1
1
1
0
0
1
1
1
0
0
1
1
1
0
0
1
1
1
0
0
1
1
1
0
0
1
1
1
0
0
0
4 ms. Memory: 648704K Free: 622573K (96%)
ptolemy.util.test.WatchDog.cancel(): canceling Sun Feb 03 03:30:42 UTC 2019
------------------ testing $PTII/ptolemy/domains/de/test/auto/dynamicCausalityInterface1.xml
auto.tcl: Setting watchdog for 200 seconds at Sun Feb 03 03:30:42 UTC 2019
1 ms. Memory: 646144K Free: 617199K (96%)
ptolemy.util.test.WatchDog.cancel(): canceling Sun Feb 03 03:30:42 UTC 2019
auto.tcl: Setting watchdog for 200 seconds at Sun Feb 03 03:30:42 UTC 2019
1 ms. Memory: 646144K Free: 617199K (96%)
ptolemy.util.test.WatchDog.cancel(): canceling Sun Feb 03 03:30:42 UTC 2019
------------------ testing $PTII/ptolemy/domains/de/test/auto/fsm_de_test.xml
auto.tcl: Setting watchdog for 200 seconds at Sun Feb 03 03:30:42 UTC 2019
18 ms. Memory: 648192K Free: 622028K (96%)
ptolemy.util.test.WatchDog.cancel(): canceling Sun Feb 03 03:30:42 UTC 2019
auto.tcl: Setting watchdog for 200 seconds at Sun Feb 03 03:30:42 UTC 2019
5 ms. Memory: 648192K Free: 613511K (95%)
ptolemy.util.test.WatchDog.cancel(): canceling Sun Feb 03 03:30:42 UTC 2019
------------------ testing $PTII/ptolemy/domains/de/test/auto/functionDependencyReconstruction.xml
auto.tcl: Setting watchdog for 200 seconds at Sun Feb 03 03:30:43 UTC 2019
4 ms. Memory: 646144K Free: 611437K (95%)
ptolemy.util.test.WatchDog.cancel(): canceling Sun Feb 03 03:30:43 UTC 2019
auto.tcl: Setting watchdog for 200 seconds at Sun Feb 03 03:30:43 UTC 2019
3 ms. Memory: 646144K Free: 611437K (95%)
ptolemy.util.test.WatchDog.cancel(): canceling Sun Feb 03 03:30:43 UTC 2019
------------------ testing $PTII/ptolemy/domains/de/test/auto/multirate.xml
auto.tcl: Setting watchdog for 200 seconds at Sun Feb 03 03:30:43 UTC 2019
4 ms. Memory: 648192K Free: 621893K (96%)
ptolemy.util.test.WatchDog.cancel(): canceling Sun Feb 03 03:30:43 UTC 2019
auto.tcl: Setting watchdog for 200 seconds at Sun Feb 03 03:30:43 UTC 2019
3 ms. Memory: 648192K Free: 621893K (96%)
ptolemy.util.test.WatchDog.cancel(): canceling Sun Feb 03 03:30:43 UTC 2019
------------------ testing $PTII/ptolemy/domains/de/test/auto/multirate2.xml
auto.tcl: Setting watchdog for 200 seconds at Sun Feb 03 03:30:43 UTC 2019
3 ms. Memory: 646144K Free: 620034K (96%)
ptolemy.util.test.WatchDog.cancel(): canceling Sun Feb 03 03:30:43 UTC 2019
auto.tcl: Setting watchdog for 200 seconds at Sun Feb 03 03:30:43 UTC 2019
2 ms. Memory: 646144K Free: 620034K (96%)
ptolemy.util.test.WatchDog.cancel(): canceling Sun Feb 03 03:30:43 UTC 2019
------------------ testing $PTII/ptolemy/domains/de/test/auto/realtime.xml
auto.tcl: Setting watchdog for 200 seconds at Sun Feb 03 03:30:43 UTC 2019
10001 ms. Memory: 647680K Free: 621492K (96%)
ptolemy.util.test.WatchDog.cancel(): canceling Sun Feb 03 03:30:53 UTC 2019
auto.tcl: Setting watchdog for 200 seconds at Sun Feb 03 03:30:53 UTC 2019
10001 ms. Memory: 647680K Free: 621492K (96%)
ptolemy.util.test.WatchDog.cancel(): canceling Sun Feb 03 03:31:03 UTC 2019
------------------ testing $PTII/ptolemy/domains/de/test/auto/relationGroup.xml
auto.tcl: Setting watchdog for 200 seconds at Sun Feb 03 03:31:03 UTC 2019
2 ms. Memory: 646144K Free: 620057K (96%)
ptolemy.util.test.WatchDog.cancel(): canceling Sun Feb 03 03:31:03 UTC 2019
auto.tcl: Setting watchdog for 200 seconds at Sun Feb 03 03:31:03 UTC 2019
2 ms. Memory: 646144K Free: 620057K (96%)
ptolemy.util.test.WatchDog.cancel(): canceling Sun Feb 03 03:31:03 UTC 2019
------------------ testing $PTII/ptolemy/domains/de/test/auto/relationGroup2.xml
auto.tcl: Setting watchdog for 200 seconds at Sun Feb 03 03:31:03 UTC 2019
1 ms. Memory: 647680K Free: 621619K (96%)
ptolemy.util.test.WatchDog.cancel(): canceling Sun Feb 03 03:31:03 UTC 2019
auto.tcl: Setting watchdog for 200 seconds at Sun Feb 03 03:31:03 UTC 2019
1 ms. Memory: 647680K Free: 621619K (96%)
ptolemy.util.test.WatchDog.cancel(): canceling Sun Feb 03 03:31:03 UTC 2019
------------------ testing $PTII/ptolemy/domains/de/test/auto/sortWithOpaquePorts.xml
auto.tcl: Setting watchdog for 200 seconds at Sun Feb 03 03:31:03 UTC 2019
1 ms. Memory: 646144K Free: 620084K (96%)
ptolemy.util.test.WatchDog.cancel(): canceling Sun Feb 03 03:31:03 UTC 2019
auto.tcl: Setting watchdog for 200 seconds at Sun Feb 03 03:31:03 UTC 2019
1 ms. Memory: 646144K Free: 620084K (96%)
ptolemy.util.test.WatchDog.cancel(): canceling Sun Feb 03 03:31:03 UTC 2019
------------------ testing $PTII/ptolemy/domains/de/test/auto/transferInputsandOutputs.xml
auto.tcl: Setting watchdog for 200 seconds at Sun Feb 03 03:31:03 UTC 2019
3 ms. Memory: 647168K Free: 621095K (96%)
ptolemy.util.test.WatchDog.cancel(): canceling Sun Feb 03 03:31:03 UTC 2019
auto.tcl: Setting watchdog for 200 seconds at Sun Feb 03 03:31:03 UTC 2019
2 ms. Memory: 647168K Free: 621095K (96%)
ptolemy.util.test.WatchDog.cancel(): canceling Sun Feb 03 03:31:03 UTC 2019
------------------ testing $PTII/ptolemy/domains/de/test/auto/triggerType.xml
auto.tcl: Setting watchdog for 200 seconds at Sun Feb 03 03:31:03 UTC 2019
1 ms. Memory: 646144K Free: 620019K (96%)
ptolemy.util.test.WatchDog.cancel(): canceling Sun Feb 03 03:31:03 UTC 2019
auto.tcl: Setting watchdog for 200 seconds at Sun Feb 03 03:31:03 UTC 2019
1 ms. Memory: 646144K Free: 620019K (96%)
ptolemy.util.test.WatchDog.cancel(): canceling Sun Feb 03 03:31:03 UTC 2019
02/03/19 03:31:03
Failed: 0  Total Tests: 192  ((Passed: 187, Newly Passed: 1)  Known Failed: 5) /home/travis/build/icyphy/ptII/ptolemy/domains/de/test
02/03/19 03:31:03
Failed: 0  Total Tests: 192  ((Passed: 187, Newly Passed: 1)  Known Failed: 5) /home/travis/build/icyphy/ptII/ptolemy/domains/de/test
----------------- testing (KnownFailure) /home/travis/build/icyphy/ptII/ptolemy/domains/de/test/auto/knownFailedTests/DESDFClockTest.xml
2011 ms. Memory: 647168K Free: 609801K (94%)
Known Failure: java.lang.reflect.InvocationTargetException
----------------- testing (KnownFailure) /home/travis/build/icyphy/ptII/ptolemy/domains/de/test/auto/knownFailedTests/DirectFeedback.xml
1 ms. Memory: 647168K Free: 564546K (87%)
Known Failure: java.lang.reflect.InvocationTargetException
----------------- testing (KnownFailure) /home/travis/build/icyphy/ptII/ptolemy/domains/de/test/auto/knownFailedTests/FSMSource.xml
4 ms. Memory: 647168K Free: 519367K (80%)
----------------- testing (KnownFailure) /home/travis/build/icyphy/ptII/ptolemy/domains/de/test/auto/knownFailedTests/HierarchicalModel.xml
3 ms. Memory: 647168K Free: 485467K (75%)
Known Failure: java.lang.reflect.InvocationTargetException
----------------- testing (KnownFailure) /home/travis/build/icyphy/ptII/ptolemy/domains/de/test/auto/knownFailedTests/dependencyLoop.xml
2 ms. Memory: 647168K Free: 428977K (66%)
Known Failure: java.lang.reflect.InvocationTargetException
----------------- testing (KnownFailure) /home/travis/build/icyphy/ptII/ptolemy/domains/de/test/auto/knownFailedTests/dependencyLoop2.xml
2 ms. Memory: 647168K Free: 372487K (58%)
Known Failure: java.lang.reflect.InvocationTargetException
No auto/linux-amd64/*.xml tests in /home/travis/build/icyphy/ptII/ptolemy/domains/de/test
AutoTests.java: About to close Vertx.
AutoTests.java: Vertx closed.

===========================================================================================
----------------- testing Sun Feb 03 03:31:05 UTC 2019 /home/travis/build/icyphy/ptII/ptolemy/domains/de/test/auto/ActorDepthCalculation_actorWithoutPorts.xml
----------------- Instantiating /home/travis/build/icyphy/ptII/ptolemy/domains/de/test/auto/ActorDepthCalculation_actorWithoutPorts.xml
1 ms. Memory: 647168K Free: 316013K (49%)
----------------- Invoking toplevel() on ptolemy.moml.MoMLSimpleApplication@4df848f9
----------------- Done invoking toplevel() on ptolemy.moml.MoMLSimpleApplication@4df848f9
reloadAllAccessors: .ActorDepthCalculation_actorWithoutPorts

===========================================================================================
----------------- testing Sun Feb 03 03:31:05 UTC 2019 /home/travis/build/icyphy/ptII/ptolemy/domains/de/test/auto/AssemblyLine.xml
----------------- Instantiating /home/travis/build/icyphy/ptII/ptolemy/domains/de/test/auto/AssemblyLine.xml
2 ms. Memory: 647168K Free: 293424K (45%)
----------------- Invoking toplevel() on ptolemy.moml.MoMLSimpleApplication@3bf53df
----------------- Done invoking toplevel() on ptolemy.moml.MoMLSimpleApplication@3bf53df
reloadAllAccessors: .AssemblyLine

===========================================================================================
----------------- testing Sun Feb 03 03:31:05 UTC 2019 /home/travis/build/icyphy/ptII/ptolemy/domains/de/test/auto/CQBug1.xml
----------------- Instantiating /home/travis/build/icyphy/ptII/ptolemy/domains/de/test/auto/CQBug1.xml
1 ms. Memory: 647168K Free: 270834K (42%)
----------------- Invoking toplevel() on ptolemy.moml.MoMLSimpleApplication@7343ea46
----------------- Done invoking toplevel() on ptolemy.moml.MoMLSimpleApplication@7343ea46
reloadAllAccessors: .CQBug1

===========================================================================================
----------------- testing Sun Feb 03 03:31:05 UTC 2019 /home/travis/build/icyphy/ptII/ptolemy/domains/de/test/auto/CancelFireAt.xml
----------------- Instantiating /home/travis/build/icyphy/ptII/ptolemy/domains/de/test/auto/CancelFireAt.xml
1 ms. Memory: 647168K Free: 248245K (38%)
----------------- Invoking toplevel() on ptolemy.moml.MoMLSimpleApplication@2507cab8
----------------- Done invoking toplevel() on ptolemy.moml.MoMLSimpleApplication@2507cab8
reloadAllAccessors: .CancelFireAt

===========================================================================================
----------------- testing Sun Feb 03 03:31:05 UTC 2019 /home/travis/build/icyphy/ptII/ptolemy/domains/de/test/auto/CausalityAndComposabilityAnalysis.xml
----------------- Instantiating /home/travis/build/icyphy/ptII/ptolemy/domains/de/test/auto/CausalityAndComposabilityAnalysis.xml
1 ms. Memory: 647168K Free: 225655K (35%)
----------------- Invoking toplevel() on ptolemy.moml.MoMLSimpleApplication@16a759ba
----------------- Done invoking toplevel() on ptolemy.moml.MoMLSimpleApplication@16a759ba
reloadAllAccessors: .CausalityAndComposabilityAnalysis

===========================================================================================
----------------- testing Sun Feb 03 03:31:05 UTC 2019 /home/travis/build/icyphy/ptII/ptolemy/domains/de/test/auto/CausalityInterface1.xml
----------------- Instantiating /home/travis/build/icyphy/ptII/ptolemy/domains/de/test/auto/CausalityInterface1.xml
3 ms. Memory: 647168K Free: 203066K (31%)
----------------- Invoking toplevel() on ptolemy.moml.MoMLSimpleApplication@1ee04c55
----------------- Done invoking toplevel() on ptolemy.moml.MoMLSimpleApplication@1ee04c55
reloadAllAccessors: .CausalityInterface1

===========================================================================================
----------------- testing Sun Feb 03 03:31:05 UTC 2019 /home/travis/build/icyphy/ptII/ptolemy/domains/de/test/auto/CausalityInterface15.xml
----------------- Instantiating /home/travis/build/icyphy/ptII/ptolemy/domains/de/test/auto/CausalityInterface15.xml
3 ms. Memory: 647168K Free: 180476K (28%)
----------------- Invoking toplevel() on ptolemy.moml.MoMLSimpleApplication@3e19500
----------------- Done invoking toplevel() on ptolemy.moml.MoMLSimpleApplication@3e19500
reloadAllAccessors: .CausalityInterface15

[...]
java.lang.RuntimeException: Execution failed
	at ptolemy.moml.MoMLSimpleApplication$UnloadThread.run(MoMLSimpleApplication.java:402)
Caused by: ptolemy.kernel.util.IllegalActionException: Test fails in iteration 1.
Value was: 1.0. Should have been: 2.0
  in .DirectFeedback.Test
	at ptolemy.actor.lib.Test.fire(Test.java:268)
	at ptolemy.domains.de.kernel.DEDirector._fire(DEDirector.java:1949)
	at ptolemy.domains.de.kernel.DEDirector.fire(DEDirector.java:502)
	at ptolemy.actor.CompositeActor.fire(CompositeActor.java:455)
	at ptolemy.actor.Manager.iterate(Manager.java:851)
	at ptolemy.actor.Manager.execute(Manager.java:369)
	at ptolemy.actor.Manager.run(Manager.java:1263)
	at ptolemy.actor.Manager$PtolemyRunThread.run(Manager.java:1915)
java.lang.RuntimeException: Execution failed
	at ptolemy.moml.MoMLSimpleApplication$UnloadThread.run(MoMLSimpleApplication.java:402)
Caused by: ptolemy.kernel.util.IllegalActionException: Actor is not ready to fire.  Perhaps UpSample.prefire() returned false? Try debugging the actor by selecting "Listen to Actor".  Also, for SDF check moml for tokenConsumptionRate on input.
  in .DESDFClockTest.Play Bell.Copy1:SDF Director and .DESDFClockTest.Play Bell.UpSample
	at ptolemy.actor.sched.StaticSchedulingDirector.fire(StaticSchedulingDirector.java:227)
	at ptolemy.domains.sdf.kernel.SDFDirector.fire(SDFDirector.java:500)
	at ptolemy.actor.CompositeActor.fire(CompositeActor.java:455)
	at ptolemy.domains.de.kernel.DEDirector._fire(DEDirector.java:1949)
	at ptolemy.domains.de.kernel.DEDirector.fire(DEDirector.java:502)
	at ptolemy.actor.CompositeActor.fire(CompositeActor.java:455)
	at ptolemy.actor.Manager.iterate(Manager.java:851)
	at ptolemy.actor.Manager.execute(Manager.java:369)
	at ptolemy.actor.Manager.run(Manager.java:1263)
	at ptolemy.actor.Manager$PtolemyRunThread.run(Manager.java:1915)
java.lang.reflect.InvocationTargetException
	at sun.reflect.NativeConstructorAccessorImpl.newInstance0(Native Method)
	at sun.reflect.NativeConstructorAccessorImpl.newInstance(NativeConstructorAccessorImpl.java:62)
	at sun.reflect.DelegatingConstructorAccessorImpl.newInstance(DelegatingConstructorAccessorImpl.java:45)
	at java.lang.reflect.Constructor.newInstance(Constructor.java:423)
	at ptolemy.util.test.junit.AutoKnownFailedTests.RunModel(AutoKnownFailedTests.java:105)
	at sun.reflect.NativeMethodAccessorImpl.invoke0(Native Method)
	at sun.reflect.NativeMethodAccessorImpl.invoke(NativeMethodAccessorImpl.java:62)
	at sun.reflect.DelegatingMethodAccessorImpl.invoke(DelegatingMethodAccessorImpl.java:43)
	at java.lang.reflect.Method.invoke(Method.java:498)
	at org.junit.runners.model.FrameworkMethod$1.runReflectiveCall(FrameworkMethod.java:44)
	at org.junit.internal.runners.model.ReflectiveCallable.run(ReflectiveCallable.java:15)
	at org.junit.runners.model.FrameworkMethod.invokeExplosively(FrameworkMethod.java:41)
	at junitparams.internal.InvokeParameterisedMethod.evaluate(InvokeParameterisedMethod.java:102)
	at org.junit.internal.runners.statements.FailOnTimeout$1.run(FailOnTimeout.java:28)
Caused by: ptolemy.kernel.util.IllegalActionException: Actor is not ready to fire.  Perhaps UpSample.prefire() returned false? Try debugging the actor by selecting "Listen to Actor".  Also, for SDF check moml for tokenConsumptionRate on input.
  in .DESDFClockTest.Play Bell.Copy1:SDF Director and .DESDFClockTest.Play Bell.UpSample
	at ptolemy.actor.sched.StaticSchedulingDirector.fire(StaticSchedulingDirector.java:227)
	at ptolemy.domains.sdf.kernel.SDFDirector.fire(SDFDirector.java:500)
	at ptolemy.actor.CompositeActor.fire(CompositeActor.java:455)
	at ptolemy.domains.de.kernel.DEDirector._fire(DEDirector.java:1949)
	at ptolemy.domains.de.kernel.DEDirector.fire(DEDirector.java:502)
	at ptolemy.actor.CompositeActor.fire(CompositeActor.java:455)
	at ptolemy.actor.Manager.iterate(Manager.java:851)
	at ptolemy.actor.Manager.execute(Manager.java:369)
	at ptolemy.actor.Manager.run(Manager.java:1263)
	at ptolemy.actor.Manager$PtolemyRunThread.run(Manager.java:1915)
java.lang.RuntimeException: Execution failed
	at ptolemy.moml.MoMLSimpleApplication$UnloadThread.run(MoMLSimpleApplication.java:402)
Caused by: ptolemy.kernel.util.IllegalActionException: Test fails in iteration 1.
Value was: 1.0. Should have been: 2.0
  in .DirectFeedback.Test
	at ptolemy.actor.lib.Test.fire(Test.java:268)
	at ptolemy.domains.de.kernel.DEDirector._fire(DEDirector.java:1949)
	at ptolemy.domains.de.kernel.DEDirector.fire(DEDirector.java:502)
	at ptolemy.actor.CompositeActor.fire(CompositeActor.java:455)
	at ptolemy.actor.Manager.iterate(Manager.java:851)
	at ptolemy.actor.Manager.execute(Manager.java:369)
	at ptolemy.actor.Manager.run(Manager.java:1263)
	at ptolemy.actor.Manager$PtolemyRunThread.run(Manager.java:1915)
java.lang.reflect.InvocationTargetException
	at sun.reflect.NativeConstructorAccessorImpl.newInstance0(Native Method)
	at sun.reflect.NativeConstructorAccessorImpl.newInstance(NativeConstructorAccessorImpl.java:62)
	at sun.reflect.DelegatingConstructorAccessorImpl.newInstance(DelegatingConstructorAccessorImpl.java:45)
	at java.lang.reflect.Constructor.newInstance(Constructor.java:423)
	at ptolemy.util.test.junit.AutoKnownFailedTests.RunModel(AutoKnownFailedTests.java:105)
	at sun.reflect.NativeMethodAccessorImpl.invoke0(Native Method)
	at sun.reflect.NativeMethodAccessorImpl.invoke(NativeMethodAccessorImpl.java:62)
	at sun.reflect.DelegatingMethodAccessorImpl.invoke(DelegatingMethodAccessorImpl.java:43)
	at java.lang.reflect.Method.invoke(Method.java:498)
	at org.junit.runners.model.FrameworkMethod$1.runReflectiveCall(FrameworkMethod.java:44)
	at org.junit.internal.runners.model.ReflectiveCallable.run(ReflectiveCallable.java:15)
	at org.junit.runners.model.FrameworkMethod.invokeExplosively(FrameworkMethod.java:41)
	at junitparams.internal.InvokeParameterisedMethod.evaluate(InvokeParameterisedMethod.java:102)
	at org.junit.internal.runners.statements.FailOnTimeout$1.run(FailOnTimeout.java:28)
Caused by: ptolemy.kernel.util.IllegalActionException: Test fails in iteration 1.
Value was: 1.0. Should have been: 2.0
  in .DirectFeedback.Test
	at ptolemy.actor.lib.Test.fire(Test.java:268)
	at ptolemy.domains.de.kernel.DEDirector._fire(DEDirector.java:1949)
	at ptolemy.domains.de.kernel.DEDirector.fire(DEDirector.java:502)
	at ptolemy.actor.CompositeActor.fire(CompositeActor.java:455)
	at ptolemy.actor.Manager.iterate(Manager.java:851)
	at ptolemy.actor.Manager.execute(Manager.java:369)
	at ptolemy.actor.Manager.run(Manager.java:1263)
	at ptolemy.actor.Manager$PtolemyRunThread.run(Manager.java:1915)
java.lang.RuntimeException: Execution failed
	at ptolemy.moml.MoMLSimpleApplication$UnloadThread.run(MoMLSimpleApplication.java:402)
Caused by: ptolemy.kernel.util.IllegalActionException: Found a zero delay loop containing .HierarchicalModel.A
  in .HierarchicalModel and .HierarchicalModel.A
	at ptolemy.actor.util.CausalityInterfaceForComposites._computeOutputPortDepth(CausalityInterfaceForComposites.java:759)
	at ptolemy.actor.util.CausalityInterfaceForComposites._computeInputDepth(CausalityInterfaceForComposites.java:696)
	at ptolemy.actor.util.CausalityInterfaceForComposites._computeOutputPortDepth(CausalityInterfaceForComposites.java:765)
	at ptolemy.actor.util.CausalityInterfaceForComposites._computeInputDepth(CausalityInterfaceForComposites.java:696)
	at ptolemy.actor.util.CausalityInterfaceForComposites._computeOutputPortDepth(CausalityInterfaceForComposites.java:765)
	at ptolemy.actor.util.CausalityInterfaceForComposites._computeInputDepth(CausalityInterfaceForComposites.java:696)
	at ptolemy.actor.util.CausalityInterfaceForComposites._computeActorDepth(CausalityInterfaceForComposites.java:532)
	at ptolemy.actor.util.CausalityInterfaceForComposites.checkForCycles(CausalityInterfaceForComposites.java:96)
	at ptolemy.domains.de.kernel.DEDirector.preinitialize(DEDirector.java:1338)
	at ptolemy.actor.CompositeActor.preinitialize(CompositeActor.java:1828)
	at ptolemy.actor.Manager.preinitializeAndResolveTypes(Manager.java:1040)
	at ptolemy.actor.Manager.initialize(Manager.java:710)
	at ptolemy.actor.Manager.execute(Manager.java:356)
	at ptolemy.actor.Manager.run(Manager.java:1263)
	at ptolemy.actor.Manager$PtolemyRunThread.run(Manager.java:1915)
java.lang.reflect.InvocationTargetException
	at sun.reflect.NativeConstructorAccessorImpl.newInstance0(Native Method)
	at sun.reflect.NativeConstructorAccessorImpl.newInstance(NativeConstructorAccessorImpl.java:62)
	at sun.reflect.DelegatingConstructorAccessorImpl.newInstance(DelegatingConstructorAccessorImpl.java:45)
	at java.lang.reflect.Constructor.newInstance(Constructor.java:423)
	at ptolemy.util.test.junit.AutoKnownFailedTests.RunModel(AutoKnownFailedTests.java:105)
	at sun.reflect.NativeMethodAccessorImpl.invoke0(Native Method)
	at sun.reflect.NativeMethodAccessorImpl.invoke(NativeMethodAccessorImpl.java:62)
	at sun.reflect.DelegatingMethodAccessorImpl.invoke(DelegatingMethodAccessorImpl.java:43)
	at java.lang.reflect.Method.invoke(Method.java:498)
	at org.junit.runners.model.FrameworkMethod$1.runReflectiveCall(FrameworkMethod.java:44)
	at org.junit.internal.runners.model.ReflectiveCallable.run(ReflectiveCallable.java:15)
	at org.junit.runners.model.FrameworkMethod.invokeExplosively(FrameworkMethod.java:41)
	at junitparams.internal.InvokeParameterisedMethod.evaluate(InvokeParameterisedMethod.java:102)
	at org.junit.internal.runners.statements.FailOnTimeout$1.run(FailOnTimeout.java:28)
Caused by: ptolemy.kernel.util.IllegalActionException: Found a zero delay loop containing .HierarchicalModel.A
  in .HierarchicalModel and .HierarchicalModel.A
	at ptolemy.actor.util.CausalityInterfaceForComposites._computeOutputPortDepth(CausalityInterfaceForComposites.java:759)
	at ptolemy.actor.util.CausalityInterfaceForComposites._computeInputDepth(CausalityInterfaceForComposites.java:696)
	at ptolemy.actor.util.CausalityInterfaceForComposites._computeOutputPortDepth(CausalityInterfaceForComposites.java:765)
	at ptolemy.actor.util.CausalityInterfaceForComposites._computeInputDepth(CausalityInterfaceForComposites.java:696)
	at ptolemy.actor.util.CausalityInterfaceForComposites._computeOutputPortDepth(CausalityInterfaceForComposites.java:765)
	at ptolemy.actor.util.CausalityInterfaceForComposites._computeInputDepth(CausalityInterfaceForComposites.java:696)
	at ptolemy.actor.util.CausalityInterfaceForComposites._computeActorDepth(CausalityInterfaceForComposites.java:532)
	at ptolemy.actor.util.CausalityInterfaceForComposites.checkForCycles(CausalityInterfaceForComposites.java:96)
	at ptolemy.domains.de.kernel.DEDirector.preinitialize(DEDirector.java:1338)
	at ptolemy.actor.CompositeActor.preinitialize(CompositeActor.java:1828)
	at ptolemy.actor.Manager.preinitializeAndResolveTypes(Manager.java:1040)
	at ptolemy.actor.Manager.initialize(Manager.java:710)
	at ptolemy.actor.Manager.execute(Manager.java:356)
	at ptolemy.actor.Manager.run(Manager.java:1263)
	at ptolemy.actor.Manager$PtolemyRunThread.run(Manager.java:1915)
java.lang.RuntimeException: Execution failed
	at ptolemy.moml.MoMLSimpleApplication$UnloadThread.run(MoMLSimpleApplication.java:402)
Caused by: ptolemy.kernel.util.IllegalActionException: Found a zero delay loop containing .dependencyLoop.original
  in .dependencyLoop and .dependencyLoop.original
	at ptolemy.actor.util.CausalityInterfaceForComposites._computeOutputPortDepth(CausalityInterfaceForComposites.java:759)
	at ptolemy.actor.util.CausalityInterfaceForComposites._computeInputDepth(CausalityInterfaceForComposites.java:696)
	at ptolemy.actor.util.CausalityInterfaceForComposites._computeOutputPortDepth(CausalityInterfaceForComposites.java:765)
	at ptolemy.actor.util.CausalityInterfaceForComposites._computeInputDepth(CausalityInterfaceForComposites.java:696)
	at ptolemy.actor.util.CausalityInterfaceForComposites._computeOutputPortDepth(CausalityInterfaceForComposites.java:765)
	at ptolemy.actor.util.CausalityInterfaceForComposites._computeInputDepth(CausalityInterfaceForComposites.java:696)
	at ptolemy.actor.util.CausalityInterfaceForComposites._computeActorDepth(CausalityInterfaceForComposites.java:532)
	at ptolemy.actor.util.CausalityInterfaceForComposites.checkForCycles(CausalityInterfaceForComposites.java:96)
	at ptolemy.domains.de.kernel.DEDirector.preinitialize(DEDirector.java:1338)
	at ptolemy.actor.CompositeActor.preinitialize(CompositeActor.java:1828)
	at ptolemy.actor.Manager.preinitializeAndResolveTypes(Manager.java:1040)
	at ptolemy.actor.Manager.initialize(Manager.java:710)
	at ptolemy.actor.Manager.execute(Manager.java:356)
	at ptolemy.actor.Manager.run(Manager.java:1263)
	at ptolemy.actor.Manager$PtolemyRunThread.run(Manager.java:1915)
java.lang.reflect.InvocationTargetException
	at sun.reflect.NativeConstructorAccessorImpl.newInstance0(Native Method)
	at sun.reflect.NativeConstructorAccessorImpl.newInstance(NativeConstructorAccessorImpl.java:62)
	at sun.reflect.DelegatingConstructorAccessorImpl.newInstance(DelegatingConstructorAccessorImpl.java:45)
	at java.lang.reflect.Constructor.newInstance(Constructor.java:423)
	at ptolemy.util.test.junit.AutoKnownFailedTests.RunModel(AutoKnownFailedTests.java:105)
	at sun.reflect.NativeMethodAccessorImpl.invoke0(Native Method)
	at sun.reflect.NativeMethodAccessorImpl.invoke(NativeMethodAccessorImpl.java:62)
	at sun.reflect.DelegatingMethodAccessorImpl.invoke(DelegatingMethodAccessorImpl.java:43)
	at java.lang.reflect.Method.invoke(Method.java:498)
	at org.junit.runners.model.FrameworkMethod$1.runReflectiveCall(FrameworkMethod.java:44)
	at org.junit.internal.runners.model.ReflectiveCallable.run(ReflectiveCallable.java:15)
	at org.junit.runners.model.FrameworkMethod.invokeExplosively(FrameworkMethod.java:41)
	at junitparams.internal.InvokeParameterisedMethod.evaluate(InvokeParameterisedMethod.java:102)
	at org.junit.internal.runners.statements.FailOnTimeout$1.run(FailOnTimeout.java:28)
Caused by: ptolemy.kernel.util.IllegalActionException: Found a zero delay loop containing .dependencyLoop.original
  in .dependencyLoop and .dependencyLoop.original
	at ptolemy.actor.util.CausalityInterfaceForComposites._computeOutputPortDepth(CausalityInterfaceForComposites.java:759)
	at ptolemy.actor.util.CausalityInterfaceForComposites._computeInputDepth(CausalityInterfaceForComposites.java:696)
	at ptolemy.actor.util.CausalityInterfaceForComposites._computeOutputPortDepth(CausalityInterfaceForComposites.java:765)
	at ptolemy.actor.util.CausalityInterfaceForComposites._computeInputDepth(CausalityInterfaceForComposites.java:696)
	at ptolemy.actor.util.CausalityInterfaceForComposites._computeOutputPortDepth(CausalityInterfaceForComposites.java:765)
	at ptolemy.actor.util.CausalityInterfaceForComposites._computeInputDepth(CausalityInterfaceForComposites.java:696)
	at ptolemy.actor.util.CausalityInterfaceForComposites._computeActorDepth(CausalityInterfaceForComposites.java:532)
	at ptolemy.actor.util.CausalityInterfaceForComposites.checkForCycles(CausalityInterfaceForComposites.java:96)
	at ptolemy.domains.de.kernel.DEDirector.preinitialize(DEDirector.java:1338)
	at ptolemy.actor.CompositeActor.preinitialize(CompositeActor.java:1828)
	at ptolemy.actor.Manager.preinitializeAndResolveTypes(Manager.java:1040)
	at ptolemy.actor.Manager.initialize(Manager.java:710)
	at ptolemy.actor.Manager.execute(Manager.java:356)
	at ptolemy.actor.Manager.run(Manager.java:1263)
	at ptolemy.actor.Manager$PtolemyRunThread.run(Manager.java:1915)
java.lang.RuntimeException: Execution failed
	at ptolemy.moml.MoMLSimpleApplication$UnloadThread.run(MoMLSimpleApplication.java:402)
Caused by: ptolemy.kernel.util.IllegalActionException: Found a zero delay loop containing .dependencyLoop2.original
  in .dependencyLoop2 and .dependencyLoop2.original
	at ptolemy.actor.util.CausalityInterfaceForComposites._computeOutputPortDepth(CausalityInterfaceForComposites.java:759)
	at ptolemy.actor.util.CausalityInterfaceForComposites._computeInputDepth(CausalityInterfaceForComposites.java:696)
	at ptolemy.actor.util.CausalityInterfaceForComposites._computeOutputPortDepth(CausalityInterfaceForComposites.java:765)
	at ptolemy.actor.util.CausalityInterfaceForComposites._computeInputDepth(CausalityInterfaceForComposites.java:696)
	at ptolemy.actor.util.CausalityInterfaceForComposites._computeOutputPortDepth(CausalityInterfaceForComposites.java:765)
	at ptolemy.actor.util.CausalityInterfaceForComposites._computeInputDepth(CausalityInterfaceForComposites.java:696)
	at ptolemy.actor.util.CausalityInterfaceForComposites._computeActorDepth(CausalityInterfaceForComposites.java:532)
	at ptolemy.actor.util.CausalityInterfaceForComposites.checkForCycles(CausalityInterfaceForComposites.java:96)
	at ptolemy.domains.de.kernel.DEDirector.preinitialize(DEDirector.java:1338)
	at ptolemy.actor.CompositeActor.preinitialize(CompositeActor.java:1828)
	at ptolemy.actor.Manager.preinitializeAndResolveTypes(Manager.java:1040)
	at ptolemy.actor.Manager.initialize(Manager.java:710)
	at ptolemy.actor.Manager.execute(Manager.java:356)
	at ptolemy.actor.Manager.run(Manager.java:1263)
	at ptolemy.actor.Manager$PtolemyRunThread.run(Manager.java:1915)
java.lang.reflect.InvocationTargetException
	at sun.reflect.NativeConstructorAccessorImpl.newInstance0(Native Method)
	at sun.reflect.NativeConstructorAccessorImpl.newInstance(NativeConstructorAccessorImpl.java:62)
	at sun.reflect.DelegatingConstructorAccessorImpl.newInstance(DelegatingConstructorAccessorImpl.java:45)
	at java.lang.reflect.Constructor.newInstance(Constructor.java:423)
	at ptolemy.util.test.junit.AutoKnownFailedTests.RunModel(AutoKnownFailedTests.java:105)
	at sun.reflect.NativeMethodAccessorImpl.invoke0(Native Method)
	at sun.reflect.NativeMethodAccessorImpl.invoke(NativeMethodAccessorImpl.java:62)
	at sun.reflect.DelegatingMethodAccessorImpl.invoke(DelegatingMethodAccessorImpl.java:43)
	at java.lang.reflect.Method.invoke(Method.java:498)
	at org.junit.runners.model.FrameworkMethod$1.runReflectiveCall(FrameworkMethod.java:44)
	at org.junit.internal.runners.model.ReflectiveCallable.run(ReflectiveCallable.java:15)
	at org.junit.runners.model.FrameworkMethod.invokeExplosively(FrameworkMethod.java:41)
	at junitparams.internal.InvokeParameterisedMethod.evaluate(InvokeParameterisedMethod.java:102)
	at org.junit.internal.runners.statements.FailOnTimeout$1.run(FailOnTimeout.java:28)
Caused by: ptolemy.kernel.util.IllegalActionException: Found a zero delay loop containing .dependencyLoop2.original
  in .dependencyLoop2 and .dependencyLoop2.original
	at ptolemy.actor.util.CausalityInterfaceForComposites._computeOutputPortDepth(CausalityInterfaceForComposites.java:759)
	at ptolemy.actor.util.CausalityInterfaceForComposites._computeInputDepth(CausalityInterfaceForComposites.java:696)
	at ptolemy.actor.util.CausalityInterfaceForComposites._computeOutputPortDepth(CausalityInterfaceForComposites.java:765)
	at ptolemy.actor.util.CausalityInterfaceForComposites._computeInputDepth(CausalityInterfaceForComposites.java:696)
	at ptolemy.actor.util.CausalityInterfaceForComposites._computeOutputPortDepth(CausalityInterfaceForComposites.java:765)
	at ptolemy.actor.util.CausalityInterfaceForComposites._computeInputDepth(CausalityInterfaceForComposites.java:696)
	at ptolemy.actor.util.CausalityInterfaceForComposites._computeActorDepth(CausalityInterfaceForComposites.java:532)
	at ptolemy.actor.util.CausalityInterfaceForComposites.checkForCycles(CausalityInterfaceForComposites.java:96)
	at ptolemy.domains.de.kernel.DEDirector.preinitialize(DEDirector.java:1338)
	at ptolemy.actor.CompositeActor.preinitialize(CompositeActor.java:1828)
	at ptolemy.actor.Manager.preinitializeAndResolveTypes(Manager.java:1040)
	at ptolemy.actor.Manager.initialize(Manager.java:710)
	at ptolemy.actor.Manager.execute(Manager.java:356)
	at ptolemy.actor.Manager.run(Manager.java:1263)
	at ptolemy.actor.Manager$PtolemyRunThread.run(Manager.java:1915)
]]></system-err>
</testsuite>
