<?xml version="1.0" encoding="UTF-8" ?>
<testsuite errors="0" failures="0" hostname="travis-job-6834db0e-2772-4683-a659-0d6a944dce74" name="ptolemy.domains.de.test.junit.JUnitTclTest" skipped="0" tests="101" time="130.6" timestamp="2018-07-20T01:55:52">
  <properties>
[...]
</properties>
  <testcase classname="ptolemy.util.test.junit.TclTests" name="[0] /home/travis/build/icyphy/ptII/ptolemy/domains/de/test/DependencyLoop.tcl (RunTclFile)" time="0.802" />
  <testcase classname="ptolemy.util.test.junit.TclTests" name="[1] /home/travis/build/icyphy/ptII/ptolemy/domains/de/test/RunDETestsAsQSS.tcl (RunTclFile)" time="89.474" />
  <testcase classname="ptolemy.util.test.junit.AutoKnownFailedTests" name="[0] /home/travis/build/icyphy/ptII/ptolemy/domains/de/test/auto/knownFailedTests/DESDFClockTest.xml (RunModel)" time="2.036" />
  <testcase classname="ptolemy.util.test.junit.AutoKnownFailedTests" name="[1] /home/travis/build/icyphy/ptII/ptolemy/domains/de/test/auto/knownFailedTests/DirectFeedback.xml (RunModel)" time="0.006" />
  <testcase classname="ptolemy.util.test.junit.AutoKnownFailedTests" name="[2] /home/travis/build/icyphy/ptII/ptolemy/domains/de/test/auto/knownFailedTests/FSMSource.xml (RunModel)" time="0.012" />
  <testcase classname="ptolemy.util.test.junit.AutoKnownFailedTests" name="[3] /home/travis/build/icyphy/ptII/ptolemy/domains/de/test/auto/knownFailedTests/HierarchicalModel.xml (RunModel)" time="0.031" />
  <testcase classname="ptolemy.util.test.junit.AutoKnownFailedTests" name="[4] /home/travis/build/icyphy/ptII/ptolemy/domains/de/test/auto/knownFailedTests/dependencyLoop.xml (RunModel)" time="0.03" />
  <testcase classname="ptolemy.util.test.junit.AutoKnownFailedTests" name="[5] /home/travis/build/icyphy/ptII/ptolemy/domains/de/test/auto/knownFailedTests/dependencyLoop2.xml (RunModel)" time="0.044" />
  <testcase classname="ptolemy.util.test.junit.AutoNameArchTests" name="[0] ThereAreNoAutoArchTests (RunModel)" time="0.0" />
  <testcase classname="ptolemy.util.test.junit.AutoTests" name="[0] /home/travis/build/icyphy/ptII/ptolemy/domains/de/test/auto/ActorDepthCalculation_actorWithoutPorts.xml (RunModel)" time="0.014" />
  <testcase classname="ptolemy.util.test.junit.AutoTests" name="[1] /home/travis/build/icyphy/ptII/ptolemy/domains/de/test/auto/AssemblyLine.xml (RunModel)" time="0.014" />
  <testcase classname="ptolemy.util.test.junit.AutoTests" name="[2] /home/travis/build/icyphy/ptII/ptolemy/domains/de/test/auto/CQBug1.xml (RunModel)" time="0.006" />
  <testcase classname="ptolemy.util.test.junit.AutoTests" name="[3] /home/travis/build/icyphy/ptII/ptolemy/domains/de/test/auto/CancelFireAt.xml (RunModel)" time="0.004" />
  <testcase classname="ptolemy.util.test.junit.AutoTests" name="[4] /home/travis/build/icyphy/ptII/ptolemy/domains/de/test/auto/CausalityAndComposabilityAnalysis.xml (RunModel)" time="0.008" />
  <testcase classname="ptolemy.util.test.junit.AutoTests" name="[5] /home/travis/build/icyphy/ptII/ptolemy/domains/de/test/auto/CausalityInterface1.xml (RunModel)" time="0.009" />
  <testcase classname="ptolemy.util.test.junit.AutoTests" name="[6] /home/travis/build/icyphy/ptII/ptolemy/domains/de/test/auto/CausalityInterface15.xml (RunModel)" time="0.01" />
  <testcase classname="ptolemy.util.test.junit.AutoTests" name="[7] /home/travis/build/icyphy/ptII/ptolemy/domains/de/test/auto/CausalityInterface2.xml (RunModel)" time="0.007" />
  <testcase classname="ptolemy.util.test.junit.AutoTests" name="[8] /home/travis/build/icyphy/ptII/ptolemy/domains/de/test/auto/CausalityInterface3.xml (RunModel)" time="0.009" />
  <testcase classname="ptolemy.util.test.junit.AutoTests" name="[9] /home/travis/build/icyphy/ptII/ptolemy/domains/de/test/auto/ClockDrift.xml (RunModel)" time="0.024" />
  <testcase classname="ptolemy.util.test.junit.AutoTests" name="[10] /home/travis/build/icyphy/ptII/ptolemy/domains/de/test/auto/ClockDriftAndValueChange.xml (RunModel)" time="0.027" />
  <testcase classname="ptolemy.util.test.junit.AutoTests" name="[11] /home/travis/build/icyphy/ptII/ptolemy/domains/de/test/auto/ClockDriftChange.xml (RunModel)" time="0.019" />
  <testcase classname="ptolemy.util.test.junit.AutoTests" name="[12] /home/travis/build/icyphy/ptII/ptolemy/domains/de/test/auto/ComposableCausalityAnalysis.xml (RunModel)" time="0.019" />
  <testcase classname="ptolemy.util.test.junit.AutoTests" name="[13] /home/travis/build/icyphy/ptII/ptolemy/domains/de/test/auto/DEFixedPointLimitation.xml (RunModel)" time="0.007" />
  <testcase classname="ptolemy.util.test.junit.AutoTests" name="[14] /home/travis/build/icyphy/ptII/ptolemy/domains/de/test/auto/DEScheduleTest.xml (RunModel)" time="0.008" />
  <testcase classname="ptolemy.util.test.junit.AutoTests" name="[15] /home/travis/build/icyphy/ptII/ptolemy/domains/de/test/auto/DEinDEwithStartTimes.xml (RunModel)" time="0.014" />
  <testcase classname="ptolemy.util.test.junit.AutoTests" name="[16] /home/travis/build/icyphy/ptII/ptolemy/domains/de/test/auto/DEinDEwithStartTimes2.xml (RunModel)" time="0.01" />
  <testcase classname="ptolemy.util.test.junit.AutoTests" name="[17] /home/travis/build/icyphy/ptII/ptolemy/domains/de/test/auto/DateDemo.xml (RunModel)" time="0.019" />
  <testcase classname="ptolemy.util.test.junit.AutoTests" name="[18] /home/travis/build/icyphy/ptII/ptolemy/domains/de/test/auto/DateToEvent.xml (RunModel)" time="2.029" />
  <testcase classname="ptolemy.util.test.junit.AutoTests" name="[19] /home/travis/build/icyphy/ptII/ptolemy/domains/de/test/auto/DepthTest1.xml (RunModel)" time="0.006" />
  <testcase classname="ptolemy.util.test.junit.AutoTests" name="[20] /home/travis/build/icyphy/ptII/ptolemy/domains/de/test/auto/DepthTest2.xml (RunModel)" time="0.011" />
  <testcase classname="ptolemy.util.test.junit.AutoTests" name="[21] /home/travis/build/icyphy/ptII/ptolemy/domains/de/test/auto/DepthTest3.xml (RunModel)" time="0.005" />
  <testcase classname="ptolemy.util.test.junit.AutoTests" name="[22] /home/travis/build/icyphy/ptII/ptolemy/domains/de/test/auto/DepthTest4.xml (RunModel)" time="0.009" />
  <testcase classname="ptolemy.util.test.junit.AutoTests" name="[23] /home/travis/build/icyphy/ptII/ptolemy/domains/de/test/auto/DepthTest5.xml (RunModel)" time="0.009" />
  <testcase classname="ptolemy.util.test.junit.AutoTests" name="[24] /home/travis/build/icyphy/ptII/ptolemy/domains/de/test/auto/DepthTest6.xml (RunModel)" time="0.009" />
  <testcase classname="ptolemy.util.test.junit.AutoTests" name="[25] /home/travis/build/icyphy/ptII/ptolemy/domains/de/test/auto/DepthTest7.xml (RunModel)" time="0.008" />
  <testcase classname="ptolemy.util.test.junit.AutoTests" name="[26] /home/travis/build/icyphy/ptII/ptolemy/domains/de/test/auto/EventToDate.xml (RunModel)" time="3.024" />
  <testcase classname="ptolemy.util.test.junit.AutoTests" name="[27] /home/travis/build/icyphy/ptII/ptolemy/domains/de/test/auto/FSM1.xml (RunModel)" time="0.034" />
  <testcase classname="ptolemy.util.test.junit.AutoTests" name="[28] /home/travis/build/icyphy/ptII/ptolemy/domains/de/test/auto/FSM7.xml (RunModel)" time="0.022" />
  <testcase classname="ptolemy.util.test.junit.AutoTests" name="[29] /home/travis/build/icyphy/ptII/ptolemy/domains/de/test/auto/Inspection.xml (RunModel)" time="0.027" />
  <testcase classname="ptolemy.util.test.junit.AutoTests" name="[30] /home/travis/build/icyphy/ptII/ptolemy/domains/de/test/auto/Iteration.xml (RunModel)" time="0.013" />
  <testcase classname="ptolemy.util.test.junit.AutoTests" name="[31] /home/travis/build/icyphy/ptII/ptolemy/domains/de/test/auto/LineFault.xml (RunModel)" time="0.409" />
  <testcase classname="ptolemy.util.test.junit.AutoTests" name="[32] /home/travis/build/icyphy/ptII/ptolemy/domains/de/test/auto/MergeModel1Add.xml (RunModel)" time="0.031" />
  <testcase classname="ptolemy.util.test.junit.AutoTests" name="[33] /home/travis/build/icyphy/ptII/ptolemy/domains/de/test/auto/MergeModel2Add.xml (RunModel)" time="0.028" />
  <testcase classname="ptolemy.util.test.junit.AutoTests" name="[34] /home/travis/build/icyphy/ptII/ptolemy/domains/de/test/auto/MergeModel3Add.xml (RunModel)" time="0.037" />
  <testcase classname="ptolemy.util.test.junit.AutoTests" name="[35] /home/travis/build/icyphy/ptII/ptolemy/domains/de/test/auto/MergeWithoutDiscard.xml (RunModel)" time="0.009" />
  <testcase classname="ptolemy.util.test.junit.AutoTests" name="[36] /home/travis/build/icyphy/ptII/ptolemy/domains/de/test/auto/Modal1.xml (RunModel)" time="0.021" />
  <testcase classname="ptolemy.util.test.junit.AutoTests" name="[37] /home/travis/build/icyphy/ptII/ptolemy/domains/de/test/auto/Modal2.xml (RunModel)" time="0.022" />
  <testcase classname="ptolemy.util.test.junit.AutoTests" name="[38] /home/travis/build/icyphy/ptII/ptolemy/domains/de/test/auto/Modal3.xml (RunModel)" time="0.022" />
  <testcase classname="ptolemy.util.test.junit.AutoTests" name="[39] /home/travis/build/icyphy/ptII/ptolemy/domains/de/test/auto/Modal4.xml (RunModel)" time="0.025" />
  <testcase classname="ptolemy.util.test.junit.AutoTests" name="[40] /home/travis/build/icyphy/ptII/ptolemy/domains/de/test/auto/Modal5.xml (RunModel)" time="0.026" />
  <testcase classname="ptolemy.util.test.junit.AutoTests" name="[41] /home/travis/build/icyphy/ptII/ptolemy/domains/de/test/auto/Modal6.xml (RunModel)" time="0.023" />
  <testcase classname="ptolemy.util.test.junit.AutoTests" name="[42] /home/travis/build/icyphy/ptII/ptolemy/domains/de/test/auto/Modal7.xml (RunModel)" time="0.024" />
  <testcase classname="ptolemy.util.test.junit.AutoTests" name="[43] /home/travis/build/icyphy/ptII/ptolemy/domains/de/test/auto/ModalModel.xml (RunModel)" time="0.132" />
  <testcase classname="ptolemy.util.test.junit.AutoTests" name="[44] /home/travis/build/icyphy/ptII/ptolemy/domains/de/test/auto/ModalSource.xml (RunModel)" time="0.013" />
  <testcase classname="ptolemy.util.test.junit.AutoTests" name="[45] /home/travis/build/icyphy/ptII/ptolemy/domains/de/test/auto/NonInterruptibleTimerZeroDelay.xml (RunModel)" time="0.01" />
  <testcase classname="ptolemy.util.test.junit.AutoTests" name="[46] /home/travis/build/icyphy/ptII/ptolemy/domains/de/test/auto/OpenQueueingNetwork.xml (RunModel)" time="1.781" />
  <testcase classname="ptolemy.util.test.junit.AutoTests" name="[47] /home/travis/build/icyphy/ptII/ptolemy/domains/de/test/auto/OpenQueuingNetwork.xml (RunModel)" time="0.322" />
  <testcase classname="ptolemy.util.test.junit.AutoTests" name="[48] /home/travis/build/icyphy/ptII/ptolemy/domains/de/test/auto/PeriodicSampler.xml (RunModel)" time="0.009" />
  <testcase classname="ptolemy.util.test.junit.AutoTests" name="[49] /home/travis/build/icyphy/ptII/ptolemy/domains/de/test/auto/PersistentIO.xml (RunModel)" time="0.021" />
  <testcase classname="ptolemy.util.test.junit.AutoTests" name="[50] /home/travis/build/icyphy/ptII/ptolemy/domains/de/test/auto/PortParameterResetOnInitialize.xml (RunModel)" time="0.011" />
  <testcase classname="ptolemy.util.test.junit.AutoTests" name="[51] /home/travis/build/icyphy/ptII/ptolemy/domains/de/test/auto/PortParameterUpdates.xml (RunModel)" time="0.015" />
  <testcase classname="ptolemy.util.test.junit.AutoTests" name="[52] /home/travis/build/icyphy/ptII/ptolemy/domains/de/test/auto/QueueAndServer.xml (RunModel)" time="0.02" />
  <testcase classname="ptolemy.util.test.junit.AutoTests" name="[53] /home/travis/build/icyphy/ptII/ptolemy/domains/de/test/auto/Records.xml (RunModel)" time="0.013" />
  <testcase classname="ptolemy.util.test.junit.AutoTests" name="[54] /home/travis/build/icyphy/ptII/ptolemy/domains/de/test/auto/ResetTransitionWithStartTime1.xml (RunModel)" time="0.02" />
  <testcase classname="ptolemy.util.test.junit.AutoTests" name="[55] /home/travis/build/icyphy/ptII/ptolemy/domains/de/test/auto/ResetTransitionWithStartTime2.xml (RunModel)" time="0.019" />
  <testcase classname="ptolemy.util.test.junit.AutoTests" name="[56] /home/travis/build/icyphy/ptII/ptolemy/domains/de/test/auto/ResetTransitionWithStartTime3.xml (RunModel)" time="0.019" />
  <testcase classname="ptolemy.util.test.junit.AutoTests" name="[57] /home/travis/build/icyphy/ptII/ptolemy/domains/de/test/auto/ResetTransitionWithStartTime4.xml (RunModel)" time="0.018" />
  <testcase classname="ptolemy.util.test.junit.AutoTests" name="[58] /home/travis/build/icyphy/ptII/ptolemy/domains/de/test/auto/ResettableTimer1.xml (RunModel)" time="0.01" />
  <testcase classname="ptolemy.util.test.junit.AutoTests" name="[59] /home/travis/build/icyphy/ptII/ptolemy/domains/de/test/auto/ResettableTimer2.xml (RunModel)" time="0.009" />
  <testcase classname="ptolemy.util.test.junit.AutoTests" name="[60] /home/travis/build/icyphy/ptII/ptolemy/domains/de/test/auto/ResettableTimer3.xml (RunModel)" time="0.009" />
  <testcase classname="ptolemy.util.test.junit.AutoTests" name="[61] /home/travis/build/icyphy/ptII/ptolemy/domains/de/test/auto/ResettableTimer4.xml (RunModel)" time="0.008" />
  <testcase classname="ptolemy.util.test.junit.AutoTests" name="[62] /home/travis/build/icyphy/ptII/ptolemy/domains/de/test/auto/ResettableTimer5.xml (RunModel)" time="0.01" />
  <testcase classname="ptolemy.util.test.junit.AutoTests" name="[63] /home/travis/build/icyphy/ptII/ptolemy/domains/de/test/auto/ResettableTimer6.xml (RunModel)" time="0.01" />
  <testcase classname="ptolemy.util.test.junit.AutoTests" name="[64] /home/travis/build/icyphy/ptII/ptolemy/domains/de/test/auto/ServerZeroDelay.xml (RunModel)" time="0.01" />
  <testcase classname="ptolemy.util.test.junit.AutoTests" name="[65] /home/travis/build/icyphy/ptII/ptolemy/domains/de/test/auto/SmartSender.xml (RunModel)" time="3.009" />
  <testcase classname="ptolemy.util.test.junit.AutoTests" name="[66] /home/travis/build/icyphy/ptII/ptolemy/domains/de/test/auto/ThreadedComposite.xml (RunModel)" time="0.156" />
  <testcase classname="ptolemy.util.test.junit.AutoTests" name="[67] /home/travis/build/icyphy/ptII/ptolemy/domains/de/test/auto/Time.xml (RunModel)" time="0.478" />
  <testcase classname="ptolemy.util.test.junit.AutoTests" name="[68] /home/travis/build/icyphy/ptII/ptolemy/domains/de/test/auto/TimeDelayZeroDelay.xml (RunModel)" time="0.012" />
  <testcase classname="ptolemy.util.test.junit.AutoTests" name="[69] /home/travis/build/icyphy/ptII/ptolemy/domains/de/test/auto/TimerZeroDelay.xml (RunModel)" time="0.01" />
  <testcase classname="ptolemy.util.test.junit.AutoTests" name="[70] /home/travis/build/icyphy/ptII/ptolemy/domains/de/test/auto/TimingParadox.xml (RunModel)" time="0.397" />
  <testcase classname="ptolemy.util.test.junit.AutoTests" name="[71] /home/travis/build/icyphy/ptII/ptolemy/domains/de/test/auto/TransferInputs.xml (RunModel)" time="0.018" />
  <testcase classname="ptolemy.util.test.junit.AutoTests" name="[72] /home/travis/build/icyphy/ptII/ptolemy/domains/de/test/auto/TransferOutputs2.xml (RunModel)" time="0.017" />
  <testcase classname="ptolemy.util.test.junit.AutoTests" name="[73] /home/travis/build/icyphy/ptII/ptolemy/domains/de/test/auto/Trilateration.xml (RunModel)" time="12.738" />
  <testcase classname="ptolemy.util.test.junit.AutoTests" name="[74] /home/travis/build/icyphy/ptII/ptolemy/domains/de/test/auto/TwoSigmaDelta.xml (RunModel)" time="2.213" />
  <testcase classname="ptolemy.util.test.junit.AutoTests" name="[75] /home/travis/build/icyphy/ptII/ptolemy/domains/de/test/auto/VariableDelay.xml (RunModel)" time="0.013" />
  <testcase classname="ptolemy.util.test.junit.AutoTests" name="[76] /home/travis/build/icyphy/ptII/ptolemy/domains/de/test/auto/VariableDelay2.xml (RunModel)" time="0.009" />
  <testcase classname="ptolemy.util.test.junit.AutoTests" name="[77] /home/travis/build/icyphy/ptII/ptolemy/domains/de/test/auto/VariableDelayZeroDelay.xml (RunModel)" time="0.011" />
  <testcase classname="ptolemy.util.test.junit.AutoTests" name="[78] /home/travis/build/icyphy/ptII/ptolemy/domains/de/test/auto/VariableDelayZeroDelay2.xml (RunModel)" time="0.011" />
  <testcase classname="ptolemy.util.test.junit.AutoTests" name="[79] /home/travis/build/icyphy/ptII/ptolemy/domains/de/test/auto/deInCt.xml (RunModel)" time="0.018" />
  <testcase classname="ptolemy.util.test.junit.AutoTests" name="[80] /home/travis/build/icyphy/ptII/ptolemy/domains/de/test/auto/deInCt2.xml (RunModel)" time="0.019" />
  <testcase classname="ptolemy.util.test.junit.AutoTests" name="[81] /home/travis/build/icyphy/ptII/ptolemy/domains/de/test/auto/dynamicCausalityInterface1.xml (RunModel)" time="0.02" />
  <testcase classname="ptolemy.util.test.junit.AutoTests" name="[82] /home/travis/build/icyphy/ptII/ptolemy/domains/de/test/auto/fsm_de_test.xml (RunModel)" time="0.023" />
  <testcase classname="ptolemy.util.test.junit.AutoTests" name="[83] /home/travis/build/icyphy/ptII/ptolemy/domains/de/test/auto/functionDependencyReconstruction.xml (RunModel)" time="0.037" />
  <testcase classname="ptolemy.util.test.junit.AutoTests" name="[84] /home/travis/build/icyphy/ptII/ptolemy/domains/de/test/auto/multirate.xml (RunModel)" time="0.016" />
  <testcase classname="ptolemy.util.test.junit.AutoTests" name="[85] /home/travis/build/icyphy/ptII/ptolemy/domains/de/test/auto/multirate2.xml (RunModel)" time="0.016" />
  <testcase classname="ptolemy.util.test.junit.AutoTests" name="[86] /home/travis/build/icyphy/ptII/ptolemy/domains/de/test/auto/realtime.xml (RunModel)" time="10.011" />
  <testcase classname="ptolemy.util.test.junit.AutoTests" name="[87] /home/travis/build/icyphy/ptII/ptolemy/domains/de/test/auto/relationGroup.xml (RunModel)" time="0.008" />
  <testcase classname="ptolemy.util.test.junit.AutoTests" name="[88] /home/travis/build/icyphy/ptII/ptolemy/domains/de/test/auto/relationGroup2.xml (RunModel)" time="0.013" />
  <testcase classname="ptolemy.util.test.junit.AutoTests" name="[89] /home/travis/build/icyphy/ptII/ptolemy/domains/de/test/auto/sortWithOpaquePorts.xml (RunModel)" time="0.015" />
  <testcase classname="ptolemy.util.test.junit.AutoTests" name="[90] /home/travis/build/icyphy/ptII/ptolemy/domains/de/test/auto/transferInputsandOutputs.xml (RunModel)" time="0.022" />
  <testcase classname="ptolemy.util.test.junit.AutoTests" name="[91] /home/travis/build/icyphy/ptII/ptolemy/domains/de/test/auto/triggerType.xml (RunModel)" time="0.01" />
  <system-out><![CDATA[/home/travis/build/icyphy/ptII/ptolemy/domains/de/test/DependencyLoop.tcl
testDefs.tcl: setting time out to 9000 seconds at Fri Jul 20 01:55:52 UTC 2018
17 ms. Memory: 116224K Free: 93834K (81%)
9 ms. Memory: 146944K Free: 135529K (92%)
/home/travis/build/icyphy/ptII/ptolemy/domains/de/test/RunDETestsAsQSS.tcl
Run the DE tests using ptolemy.domains.qss.test.QSSDirectorTest, which extends QSSDirector and prints a message in the constructors.
------------------ testing $PTII/ptolemy/domains/de/test/auto/knownFailedTests/dependencyLoop.xml (Known Failure) 
10 ms. Memory: 146944K Free: 132417K (90%)


==== $PTIIhome/travis/build/icyphy/ptII/ptolemy/domains/de/test/../../../../: Auto Automatic test in file $PTII/ptolemy/domains/de/test/auto/knownFailedTests/dependencyLoop.xml
==== Contents of test case:

	    # FIXME: we should use $relativeFilename here, but it
	    # might have backslashes under Windows, which causes no end
	    # of trouble.
	    createAndExecute $file
	    list {}
	
.... Test generated KNOWN error:
    while executing
ptolemy.kernel.util.IllegalActionException: Found a zero delay loop containing .dependencyLoop.original
  in .dependencyLoop and .dependencyLoop.original
	at ptolemy.actor.util.CausalityInterfaceForComposites._computeOutputPortDepth(CausalityInterfaceForComposites.java:759)
	at ptolemy.actor.util.CausalityInterfaceForComposites._computeInputDepth(CausalityInterfaceForComposites.java:696)
	at ptolemy.actor.util.CausalityInterfaceForComposites._computeOutputPortDepth(CausalityInterfaceForComposites.java:765)
	at ptolemy.actor.util.CausalityInterfaceForComposites._computeInputDepth(CausalityInterfaceForComposites.java:696)
	at ptolemy.actor.util.CausalityInterfaceForComposites._computeOutputPortDepth(CausalityInterfaceForComposites.java:765)
	at ptolemy.actor.util.CausalityInterfaceForComposites._computeInputDepth(CausalityInterfaceForComposites.java:696)
	at ptolemy.actor.util.CausalityInterfaceForComposites._computeActorDepth(CausalityInterfaceForComposites.java:532)
	at ptolemy.actor.util.CausalityInterfaceForComposites.checkForCycles(CausalityInterfaceForComposites.java:96)
	at ptolemy.domains.de.kernel.DEDirector.preinitialize(DEDirector.java:1338)
	at ptolemy.actor.CompositeActor.preinitialize(CompositeActor.java:1828)
	at ptolemy.actor.Manager.preinitializeAndResolveTypes(Manager.java:1040)
	at ptolemy.actor.Manager.initialize(Manager.java:710)
	at ptolemy.actor.Manager.execute(Manager.java:356)
	at ptolemy.actor.Manager.run(Manager.java:1263)
	at ptolemy.actor.Manager$PtolemyRunThread.run(Manager.java:1915)

    while executing
ptolemy.kernel.util.IllegalActionException: Found a zero delay loop containing .dependencyLoop.original
  in .dependencyLoop and .dependencyLoop.original
    while executing
"java::new ptolemy.moml.MoMLSimpleApplication $file
"
    (procedure "createAndExecute" line 2)
    invoked from within
"createAndExecute $file"
    ("uplevel" body line 5)
    invoked from within
"uplevel $contents_of_test"
------------------ testing $PTII/ptolemy/domains/de/test/auto/knownFailedTests/DESDFClockTest.xml (Known Failure) 
2059 ms. Memory: 146944K Free: 116574K (79%)


==== $PTIIhome/travis/build/icyphy/ptII/ptolemy/domains/de/test/../../../../: Auto Automatic test in file $PTII/ptolemy/domains/de/test/auto/knownFailedTests/DESDFClockTest.xml
==== Contents of test case:

	    # FIXME: we should use $relativeFilename here, but it
	    # might have backslashes under Windows, which causes no end
	    # of trouble.
	    createAndExecute $file
	    list {}
	
.... Test generated KNOWN error:
    while executing
ptolemy.kernel.util.IllegalActionException: Actor is not ready to fire.  Perhaps UpSample.prefire() returned false? Try debugging the actor by selecting "Listen to Actor".  Also, for SDF check moml for tokenConsumptionRate on input.
  in .DESDFClockTest.Play Bell.Copy1:SDF Director and .DESDFClockTest.Play Bell.UpSample
	at ptolemy.actor.sched.StaticSchedulingDirector.fire(StaticSchedulingDirector.java:227)
	at ptolemy.domains.sdf.kernel.SDFDirector.fire(SDFDirector.java:500)
	at ptolemy.actor.CompositeActor.fire(CompositeActor.java:455)
	at ptolemy.domains.de.kernel.DEDirector._fire(DEDirector.java:1949)
	at ptolemy.domains.de.kernel.DEDirector.fire(DEDirector.java:502)
	at ptolemy.actor.CompositeActor.fire(CompositeActor.java:455)
	at ptolemy.actor.Manager.iterate(Manager.java:851)
	at ptolemy.actor.Manager.execute(Manager.java:369)
	at ptolemy.actor.Manager.run(Manager.java:1263)
	at ptolemy.actor.Manager$PtolemyRunThread.run(Manager.java:1915)

    while executing
ptolemy.kernel.util.IllegalActionException: Actor is not ready to fire.  Perhaps UpSample.prefire() returned false? Try debugging the actor by selecting "Listen to Actor".  Also, for SDF check moml for tokenConsumptionRate on input.
  in .DESDFClockTest.Play Bell.Copy1:SDF Director and .DESDFClockTest.Play Bell.UpSample
    while executing
"java::new ptolemy.moml.MoMLSimpleApplication $file
"
    (procedure "createAndExecute" line 2)
    invoked from within
"createAndExecute $file"
    ("uplevel" body line 5)
    invoked from within
"uplevel $contents_of_test"
------------------ testing $PTII/ptolemy/domains/de/test/auto/knownFailedTests/FSMSource.xml (Known Failure) 
21 ms. Memory: 146944K Free: 106986K (73%)
!!!! Auto was marked as failing, but now passes
------------------ testing $PTII/ptolemy/domains/de/test/auto/knownFailedTests/dependencyLoop2.xml (Known Failure) 
7 ms. Memory: 146944K Free: 105126K (72%)


==== $PTIIhome/travis/build/icyphy/ptII/ptolemy/domains/de/test/../../../../: Auto Automatic test in file $PTII/ptolemy/domains/de/test/auto/knownFailedTests/dependencyLoop2.xml
==== Contents of test case:

	    # FIXME: we should use $relativeFilename here, but it
	    # might have backslashes under Windows, which causes no end
	    # of trouble.
	    createAndExecute $file
	    list {}
	
.... Test generated KNOWN error:
    while executing
ptolemy.kernel.util.IllegalActionException: Found a zero delay loop containing .dependencyLoop2.original
  in .dependencyLoop2 and .dependencyLoop2.original
	at ptolemy.actor.util.CausalityInterfaceForComposites._computeOutputPortDepth(CausalityInterfaceForComposites.java:759)
	at ptolemy.actor.util.CausalityInterfaceForComposites._computeInputDepth(CausalityInterfaceForComposites.java:696)
	at ptolemy.actor.util.CausalityInterfaceForComposites._computeOutputPortDepth(CausalityInterfaceForComposites.java:765)
	at ptolemy.actor.util.CausalityInterfaceForComposites._computeInputDepth(CausalityInterfaceForComposites.java:696)
	at ptolemy.actor.util.CausalityInterfaceForComposites._computeOutputPortDepth(CausalityInterfaceForComposites.java:765)
	at ptolemy.actor.util.CausalityInterfaceForComposites._computeInputDepth(CausalityInterfaceForComposites.java:696)
	at ptolemy.actor.util.CausalityInterfaceForComposites._computeActorDepth(CausalityInterfaceForComposites.java:532)
	at ptolemy.actor.util.CausalityInterfaceForComposites.checkForCycles(CausalityInterfaceForComposites.java:96)
	at ptolemy.domains.de.kernel.DEDirector.preinitialize(DEDirector.java:1338)
	at ptolemy.actor.CompositeActor.preinitialize(CompositeActor.java:1828)
	at ptolemy.actor.Manager.preinitializeAndResolveTypes(Manager.java:1040)
	at ptolemy.actor.Manager.initialize(Manager.java:710)
	at ptolemy.actor.Manager.execute(Manager.java:356)
	at ptolemy.actor.Manager.run(Manager.java:1263)
	at ptolemy.actor.Manager$PtolemyRunThread.run(Manager.java:1915)

    while executing
ptolemy.kernel.util.IllegalActionException: Found a zero delay loop containing .dependencyLoop2.original
  in .dependencyLoop2 and .dependencyLoop2.original
    while executing
"java::new ptolemy.moml.MoMLSimpleApplication $file
"
    (procedure "createAndExecute" line 2)
    invoked from within
"createAndExecute $file"
    ("uplevel" body line 5)
    invoked from within
"uplevel $contents_of_test"
------------------ testing $PTII/ptolemy/domains/de/test/auto/knownFailedTests/HierarchicalModel.xml (Known Failure) 
6 ms. Memory: 146944K Free: 84588K (58%)


==== $PTIIhome/travis/build/icyphy/ptII/ptolemy/domains/de/test/../../../../: Auto Automatic test in file $PTII/ptolemy/domains/de/test/auto/knownFailedTests/HierarchicalModel.xml
==== Contents of test case:

	    # FIXME: we should use $relativeFilename here, but it
	    # might have backslashes under Windows, which causes no end
	    # of trouble.
	    createAndExecute $file
	    list {}
	
.... Test generated KNOWN error:
    while executing
ptolemy.kernel.util.IllegalActionException: Found a zero delay loop containing .HierarchicalModel.A
  in .HierarchicalModel and .HierarchicalModel.A
	at ptolemy.actor.util.CausalityInterfaceForComposites._computeOutputPortDepth(CausalityInterfaceForComposites.java:759)
	at ptolemy.actor.util.CausalityInterfaceForComposites._computeInputDepth(CausalityInterfaceForComposites.java:696)
	at ptolemy.actor.util.CausalityInterfaceForComposites._computeOutputPortDepth(CausalityInterfaceForComposites.java:765)
	at ptolemy.actor.util.CausalityInterfaceForComposites._computeInputDepth(CausalityInterfaceForComposites.java:696)
	at ptolemy.actor.util.CausalityInterfaceForComposites._computeOutputPortDepth(CausalityInterfaceForComposites.java:765)
	at ptolemy.actor.util.CausalityInterfaceForComposites._computeInputDepth(CausalityInterfaceForComposites.java:696)
	at ptolemy.actor.util.CausalityInterfaceForComposites._computeActorDepth(CausalityInterfaceForComposites.java:532)
	at ptolemy.actor.util.CausalityInterfaceForComposites.checkForCycles(CausalityInterfaceForComposites.java:96)
	at ptolemy.domains.de.kernel.DEDirector.preinitialize(DEDirector.java:1338)
	at ptolemy.actor.CompositeActor.preinitialize(CompositeActor.java:1828)
	at ptolemy.actor.Manager.preinitializeAndResolveTypes(Manager.java:1040)
	at ptolemy.actor.Manager.initialize(Manager.java:710)
	at ptolemy.actor.Manager.execute(Manager.java:356)
	at ptolemy.actor.Manager.run(Manager.java:1263)
	at ptolemy.actor.Manager$PtolemyRunThread.run(Manager.java:1915)

    while executing
ptolemy.kernel.util.IllegalActionException: Found a zero delay loop containing .HierarchicalModel.A
  in .HierarchicalModel and .HierarchicalModel.A
    while executing
"java::new ptolemy.moml.MoMLSimpleApplication $file
"
    (procedure "createAndExecute" line 2)
    invoked from within
"createAndExecute $file"
    ("uplevel" body line 5)
    invoked from within
"uplevel $contents_of_test"
------------------ testing $PTII/ptolemy/domains/de/test/auto/knownFailedTests/DirectFeedback.xml (Known Failure) 
12 ms. Memory: 146944K Free: 141155K (96%)


==== $PTIIhome/travis/build/icyphy/ptII/ptolemy/domains/de/test/../../../../: Auto Automatic test in file $PTII/ptolemy/domains/de/test/auto/knownFailedTests/DirectFeedback.xml
==== Contents of test case:

	    # FIXME: we should use $relativeFilename here, but it
	    # might have backslashes under Windows, which causes no end
	    # of trouble.
	    createAndExecute $file
	    list {}
	
.... Test generated KNOWN error:
    while executing
ptolemy.kernel.util.IllegalActionException: Test fails in iteration 1.
Value was: 1.0. Should have been: 2.0
  in .DirectFeedback.Test
	at ptolemy.actor.lib.Test.fire(Test.java:268)
	at ptolemy.domains.de.kernel.DEDirector._fire(DEDirector.java:1949)
	at ptolemy.domains.de.kernel.DEDirector.fire(DEDirector.java:502)
	at ptolemy.actor.CompositeActor.fire(CompositeActor.java:455)
	at ptolemy.actor.Manager.iterate(Manager.java:851)
	at ptolemy.actor.Manager.execute(Manager.java:369)
	at ptolemy.actor.Manager.run(Manager.java:1263)
	at ptolemy.actor.Manager$PtolemyRunThread.run(Manager.java:1915)

    while executing
ptolemy.kernel.util.IllegalActionException: Test fails in iteration 1.
Value was: 1.0. Should have been: 2.0
  in .DirectFeedback.Test
    while executing
"java::new ptolemy.moml.MoMLSimpleApplication $file
"
    (procedure "createAndExecute" line 2)
    invoked from within
"createAndExecute $file"
    ("uplevel" body line 5)
    invoked from within
"uplevel $contents_of_test"
------------------ testing $PTII/ptolemy/domains/de/test/auto/ActorDepthCalculation_actorWithoutPorts.xml
auto.tcl: Setting watchdog for 200 seconds at Fri Jul 20 01:55:55 UTC 2018
4 ms. Memory: 146944K Free: 132398K (90%)
ptolemy.util.test.WatchDog.cancel(): canceling Fri Jul 20 01:55:55 UTC 2018
auto.tcl: Setting watchdog for 200 seconds at Fri Jul 20 01:55:55 UTC 2018
6 ms. Memory: 146944K Free: 131353K (89%)
ptolemy.util.test.WatchDog.cancel(): canceling Fri Jul 20 01:55:56 UTC 2018
------------------ testing $PTII/ptolemy/domains/de/test/auto/AssemblyLine.xml
auto.tcl: Setting watchdog for 200 seconds at Fri Jul 20 01:55:56 UTC 2018
22 ms. Memory: 208384K Free: 182802K (88%)
ptolemy.util.test.WatchDog.cancel(): canceling Fri Jul 20 01:55:56 UTC 2018
auto.tcl: Setting watchdog for 200 seconds at Fri Jul 20 01:55:56 UTC 2018
9 ms. Memory: 208384K Free: 182802K (88%)
ptolemy.util.test.WatchDog.cancel(): canceling Fri Jul 20 01:55:56 UTC 2018
------------------ testing $PTII/ptolemy/domains/de/test/auto/CQBug1.xml
auto.tcl: Setting watchdog for 200 seconds at Fri Jul 20 01:55:56 UTC 2018
9 ms. Memory: 208384K Free: 197691K (95%)
ptolemy.util.test.WatchDog.cancel(): canceling Fri Jul 20 01:55:56 UTC 2018
auto.tcl: Setting watchdog for 200 seconds at Fri Jul 20 01:55:56 UTC 2018
3 ms. Memory: 208384K Free: 197691K (95%)
ptolemy.util.test.WatchDog.cancel(): canceling Fri Jul 20 01:55:56 UTC 2018
------------------ testing $PTII/ptolemy/domains/de/test/auto/CancelFireAt.xml
auto.tcl: Setting watchdog for 200 seconds at Fri Jul 20 01:55:56 UTC 2018
7 ms. Memory: 208384K Free: 201082K (96%)
ptolemy.util.test.WatchDog.cancel(): canceling Fri Jul 20 01:55:56 UTC 2018
auto.tcl: Setting watchdog for 200 seconds at Fri Jul 20 01:55:56 UTC 2018
11 ms. Memory: 208384K Free: 198974K (95%)
ptolemy.util.test.WatchDog.cancel(): canceling Fri Jul 20 01:55:56 UTC 2018
------------------ testing $PTII/ptolemy/domains/de/test/auto/CausalityAndComposabilityAnalysis.xml
auto.tcl: Setting watchdog for 200 seconds at Fri Jul 20 01:55:56 UTC 2018
9 ms. Memory: 208384K Free: 196462K (94%)
ptolemy.util.test.WatchDog.cancel(): canceling Fri Jul 20 01:55:56 UTC 2018
auto.tcl: Setting watchdog for 200 seconds at Fri Jul 20 01:55:56 UTC 2018
6 ms. Memory: 208384K Free: 196462K (94%)
ptolemy.util.test.WatchDog.cancel(): canceling Fri Jul 20 01:55:56 UTC 2018
------------------ testing $PTII/ptolemy/domains/de/test/auto/CausalityInterface1.xml
auto.tcl: Setting watchdog for 200 seconds at Fri Jul 20 01:55:57 UTC 2018
9 ms. Memory: 208384K Free: 196399K (94%)
ptolemy.util.test.WatchDog.cancel(): canceling Fri Jul 20 01:55:57 UTC 2018
auto.tcl: Setting watchdog for 200 seconds at Fri Jul 20 01:55:57 UTC 2018
5 ms. Memory: 208384K Free: 196399K (94%)
ptolemy.util.test.WatchDog.cancel(): canceling Fri Jul 20 01:55:57 UTC 2018
------------------ testing $PTII/ptolemy/domains/de/test/auto/CausalityInterface15.xml
auto.tcl: Setting watchdog for 200 seconds at Fri Jul 20 01:55:57 UTC 2018
16 ms. Memory: 208384K Free: 196391K (94%)
ptolemy.util.test.WatchDog.cancel(): canceling Fri Jul 20 01:55:57 UTC 2018
auto.tcl: Setting watchdog for 200 seconds at Fri Jul 20 01:55:57 UTC 2018
10 ms. Memory: 208384K Free: 196391K (94%)
ptolemy.util.test.WatchDog.cancel(): canceling Fri Jul 20 01:55:57 UTC 2018
------------------ testing $PTII/ptolemy/domains/de/test/auto/CausalityInterface2.xml
auto.tcl: Setting watchdog for 200 seconds at Fri Jul 20 01:55:57 UTC 2018
8 ms. Memory: 208384K Free: 196375K (94%)
ptolemy.util.test.WatchDog.cancel(): canceling Fri Jul 20 01:55:57 UTC 2018
auto.tcl: Setting watchdog for 200 seconds at Fri Jul 20 01:55:57 UTC 2018
7 ms. Memory: 208384K Free: 196375K (94%)
ptolemy.util.test.WatchDog.cancel(): canceling Fri Jul 20 01:55:57 UTC 2018
------------------ testing $PTII/ptolemy/domains/de/test/auto/CausalityInterface3.xml
auto.tcl: Setting watchdog for 200 seconds at Fri Jul 20 01:55:57 UTC 2018
8 ms. Memory: 208384K Free: 196388K (94%)
ptolemy.util.test.WatchDog.cancel(): canceling Fri Jul 20 01:55:57 UTC 2018
auto.tcl: Setting watchdog for 200 seconds at Fri Jul 20 01:55:57 UTC 2018
3 ms. Memory: 208384K Free: 196388K (94%)
ptolemy.util.test.WatchDog.cancel(): canceling Fri Jul 20 01:55:57 UTC 2018
------------------ testing $PTII/ptolemy/domains/de/test/auto/ClockDrift.xml
auto.tcl: Setting watchdog for 200 seconds at Fri Jul 20 01:55:57 UTC 2018
104 ms. Memory: 208384K Free: 187595K (90%)
ptolemy.util.test.WatchDog.cancel(): canceling Fri Jul 20 01:55:57 UTC 2018
auto.tcl: Setting watchdog for 200 seconds at Fri Jul 20 01:55:57 UTC 2018
62 ms. Memory: 208384K Free: 185487K (89%)
ptolemy.util.test.WatchDog.cancel(): canceling Fri Jul 20 01:55:57 UTC 2018
------------------ testing $PTII/ptolemy/domains/de/test/auto/ClockDriftAndValueChange.xml
auto.tcl: Setting watchdog for 200 seconds at Fri Jul 20 01:55:57 UTC 2018
29 ms. Memory: 208384K Free: 187429K (90%)
ptolemy.util.test.WatchDog.cancel(): canceling Fri Jul 20 01:55:57 UTC 2018
auto.tcl: Setting watchdog for 200 seconds at Fri Jul 20 01:55:57 UTC 2018
31 ms. Memory: 208384K Free: 185321K (89%)
ptolemy.util.test.WatchDog.cancel(): canceling Fri Jul 20 01:55:57 UTC 2018
------------------ testing $PTII/ptolemy/domains/de/test/auto/ClockDriftChange.xml
auto.tcl: Setting watchdog for 200 seconds at Fri Jul 20 01:55:57 UTC 2018
42 ms. Memory: 208384K Free: 190766K (92%)
ptolemy.util.test.WatchDog.cancel(): canceling Fri Jul 20 01:55:58 UTC 2018
auto.tcl: Setting watchdog for 200 seconds at Fri Jul 20 01:55:58 UTC 2018
24 ms. Memory: 208384K Free: 188658K (91%)
ptolemy.util.test.WatchDog.cancel(): canceling Fri Jul 20 01:55:58 UTC 2018
------------------ testing $PTII/ptolemy/domains/de/test/auto/ComposableCausalityAnalysis.xml
auto.tcl: Setting watchdog for 200 seconds at Fri Jul 20 01:55:58 UTC 2018
2 ms. Memory: 208384K Free: 196248K (94%)
ptolemy.util.test.WatchDog.cancel(): canceling Fri Jul 20 01:55:58 UTC 2018
auto.tcl: Setting watchdog for 200 seconds at Fri Jul 20 01:55:58 UTC 2018
4 ms. Memory: 208384K Free: 194140K (93%)
ptolemy.util.test.WatchDog.cancel(): canceling Fri Jul 20 01:55:58 UTC 2018
------------------ testing $PTII/ptolemy/domains/de/test/auto/DEFixedPointLimitation.xml
auto.tcl: Setting watchdog for 200 seconds at Fri Jul 20 01:55:58 UTC 2018
2 ms. Memory: 208384K Free: 196328K (94%)
ptolemy.util.test.WatchDog.cancel(): canceling Fri Jul 20 01:55:58 UTC 2018
auto.tcl: Setting watchdog for 200 seconds at Fri Jul 20 01:55:58 UTC 2018
2 ms. Memory: 208384K Free: 196328K (94%)
ptolemy.util.test.WatchDog.cancel(): canceling Fri Jul 20 01:55:58 UTC 2018
------------------ testing $PTII/ptolemy/domains/de/test/auto/DEScheduleTest.xml
auto.tcl: Setting watchdog for 200 seconds at Fri Jul 20 01:55:58 UTC 2018
5 ms. Memory: 208384K Free: 198473K (95%)
ptolemy.util.test.WatchDog.cancel(): canceling Fri Jul 20 01:55:58 UTC 2018
auto.tcl: Setting watchdog for 200 seconds at Fri Jul 20 01:55:58 UTC 2018
3 ms. Memory: 208384K Free: 196364K (94%)
ptolemy.util.test.WatchDog.cancel(): canceling Fri Jul 20 01:55:58 UTC 2018
------------------ testing $PTII/ptolemy/domains/de/test/auto/DEinDEwithStartTimes.xml
auto.tcl: Setting watchdog for 200 seconds at Fri Jul 20 01:55:58 UTC 2018
4 ms. Memory: 208384K Free: 196334K (94%)
ptolemy.util.test.WatchDog.cancel(): canceling Fri Jul 20 01:55:58 UTC 2018
auto.tcl: Setting watchdog for 200 seconds at Fri Jul 20 01:55:58 UTC 2018
6 ms. Memory: 208384K Free: 194226K (93%)
ptolemy.util.test.WatchDog.cancel(): canceling Fri Jul 20 01:55:58 UTC 2018
------------------ testing $PTII/ptolemy/domains/de/test/auto/DEinDEwithStartTimes2.xml
auto.tcl: Setting watchdog for 200 seconds at Fri Jul 20 01:55:58 UTC 2018
8 ms. Memory: 208384K Free: 196314K (94%)
ptolemy.util.test.WatchDog.cancel(): canceling Fri Jul 20 01:55:58 UTC 2018
auto.tcl: Setting watchdog for 200 seconds at Fri Jul 20 01:55:58 UTC 2018
4 ms. Memory: 208384K Free: 194205K (93%)
ptolemy.util.test.WatchDog.cancel(): canceling Fri Jul 20 01:55:58 UTC 2018
------------------ testing $PTII/ptolemy/domains/de/test/auto/DateDemo.xml
auto.tcl: Setting watchdog for 200 seconds at Fri Jul 20 01:55:58 UTC 2018
11 ms. Memory: 208384K Free: 188718K (91%)
ptolemy.util.test.WatchDog.cancel(): canceling Fri Jul 20 01:55:58 UTC 2018
auto.tcl: Setting watchdog for 200 seconds at Fri Jul 20 01:55:58 UTC 2018
10 ms. Memory: 208384K Free: 186610K (90%)
ptolemy.util.test.WatchDog.cancel(): canceling Fri Jul 20 01:55:58 UTC 2018
------------------ testing $PTII/ptolemy/domains/de/test/auto/DateToEvent.xml
auto.tcl: Setting watchdog for 200 seconds at Fri Jul 20 01:55:58 UTC 2018
2012 ms. Memory: 208384K Free: 183428K (88%)
ptolemy.util.test.WatchDog.cancel(): canceling Fri Jul 20 01:56:00 UTC 2018
auto.tcl: Setting watchdog for 200 seconds at Fri Jul 20 01:56:00 UTC 2018
2004 ms. Memory: 208384K Free: 183428K (88%)
ptolemy.util.test.WatchDog.cancel(): canceling Fri Jul 20 01:56:02 UTC 2018
------------------ testing $PTII/ptolemy/domains/de/test/auto/DepthTest1.xml
auto.tcl: Setting watchdog for 200 seconds at Fri Jul 20 01:56:02 UTC 2018
4 ms. Memory: 208384K Free: 195881K (94%)
ptolemy.util.test.WatchDog.cancel(): canceling Fri Jul 20 01:56:02 UTC 2018
auto.tcl: Setting watchdog for 200 seconds at Fri Jul 20 01:56:02 UTC 2018
1 ms. Memory: 208384K Free: 195543K (94%)
ptolemy.util.test.WatchDog.cancel(): canceling Fri Jul 20 01:56:02 UTC 2018
------------------ testing $PTII/ptolemy/domains/de/test/auto/DepthTest2.xml
auto.tcl: Setting watchdog for 200 seconds at Fri Jul 20 01:56:02 UTC 2018
6 ms. Memory: 208384K Free: 194186K (93%)
ptolemy.util.test.WatchDog.cancel(): canceling Fri Jul 20 01:56:02 UTC 2018
auto.tcl: Setting watchdog for 200 seconds at Fri Jul 20 01:56:02 UTC 2018
3 ms. Memory: 208384K Free: 194186K (93%)
ptolemy.util.test.WatchDog.cancel(): canceling Fri Jul 20 01:56:02 UTC 2018
------------------ testing $PTII/ptolemy/domains/de/test/auto/DepthTest3.xml
auto.tcl: Setting watchdog for 200 seconds at Fri Jul 20 01:56:02 UTC 2018
2 ms. Memory: 208384K Free: 198672K (95%)
ptolemy.util.test.WatchDog.cancel(): canceling Fri Jul 20 01:56:02 UTC 2018
auto.tcl: Setting watchdog for 200 seconds at Fri Jul 20 01:56:02 UTC 2018
2 ms. Memory: 208384K Free: 198335K (95%)
ptolemy.util.test.WatchDog.cancel(): canceling Fri Jul 20 01:56:02 UTC 2018
------------------ testing $PTII/ptolemy/domains/de/test/auto/DepthTest4.xml
auto.tcl: Setting watchdog for 200 seconds at Fri Jul 20 01:56:02 UTC 2018
15 ms. Memory: 208384K Free: 196313K (94%)
ptolemy.util.test.WatchDog.cancel(): canceling Fri Jul 20 01:56:02 UTC 2018
auto.tcl: Setting watchdog for 200 seconds at Fri Jul 20 01:56:02 UTC 2018
4 ms. Memory: 208384K Free: 196313K (94%)
ptolemy.util.test.WatchDog.cancel(): canceling Fri Jul 20 01:56:03 UTC 2018
------------------ testing $PTII/ptolemy/domains/de/test/auto/DepthTest5.xml
auto.tcl: Setting watchdog for 200 seconds at Fri Jul 20 01:56:03 UTC 2018
10 ms. Memory: 208384K Free: 196261K (94%)
ptolemy.util.test.WatchDog.cancel(): canceling Fri Jul 20 01:56:03 UTC 2018
auto.tcl: Setting watchdog for 200 seconds at Fri Jul 20 01:56:03 UTC 2018
2 ms. Memory: 208384K Free: 196261K (94%)
ptolemy.util.test.WatchDog.cancel(): canceling Fri Jul 20 01:56:03 UTC 2018
------------------ testing $PTII/ptolemy/domains/de/test/auto/DepthTest6.xml
auto.tcl: Setting watchdog for 200 seconds at Fri Jul 20 01:56:03 UTC 2018
9 ms. Memory: 208384K Free: 196565K (94%)
ptolemy.util.test.WatchDog.cancel(): canceling Fri Jul 20 01:56:03 UTC 2018
auto.tcl: Setting watchdog for 200 seconds at Fri Jul 20 01:56:03 UTC 2018
3 ms. Memory: 208384K Free: 196565K (94%)
ptolemy.util.test.WatchDog.cancel(): canceling Fri Jul 20 01:56:03 UTC 2018
------------------ testing $PTII/ptolemy/domains/de/test/auto/DepthTest7.xml
auto.tcl: Setting watchdog for 200 seconds at Fri Jul 20 01:56:03 UTC 2018
3 ms. Memory: 208384K Free: 196218K (94%)
ptolemy.util.test.WatchDog.cancel(): canceling Fri Jul 20 01:56:03 UTC 2018
auto.tcl: Setting watchdog for 200 seconds at Fri Jul 20 01:56:03 UTC 2018
3 ms. Memory: 208384K Free: 196218K (94%)
ptolemy.util.test.WatchDog.cancel(): canceling Fri Jul 20 01:56:03 UTC 2018
------------------ testing $PTII/ptolemy/domains/de/test/auto/EventToDate.xml
auto.tcl: Setting watchdog for 200 seconds at Fri Jul 20 01:56:03 UTC 2018
3005 ms. Memory: 208384K Free: 183240K (88%)
ptolemy.util.test.WatchDog.cancel(): canceling Fri Jul 20 01:56:06 UTC 2018
auto.tcl: Setting watchdog for 200 seconds at Fri Jul 20 01:56:06 UTC 2018
3003 ms. Memory: 208384K Free: 183240K (88%)
ptolemy.util.test.WatchDog.cancel(): canceling Fri Jul 20 01:56:09 UTC 2018
------------------ testing $PTII/ptolemy/domains/de/test/auto/FSM1.xml
auto.tcl: Setting watchdog for 200 seconds at Fri Jul 20 01:56:09 UTC 2018
24 ms. Memory: 208384K Free: 189197K (91%)
ptolemy.util.test.WatchDog.cancel(): canceling Fri Jul 20 01:56:09 UTC 2018
auto.tcl: Setting watchdog for 200 seconds at Fri Jul 20 01:56:09 UTC 2018
15 ms. Memory: 208384K Free: 184981K (89%)
ptolemy.util.test.WatchDog.cancel(): canceling Fri Jul 20 01:56:09 UTC 2018
------------------ testing $PTII/ptolemy/domains/de/test/auto/FSM7.xml
auto.tcl: Setting watchdog for 200 seconds at Fri Jul 20 01:56:09 UTC 2018
21 ms. Memory: 208384K Free: 187285K (90%)
ptolemy.util.test.WatchDog.cancel(): canceling Fri Jul 20 01:56:09 UTC 2018
auto.tcl: Setting watchdog for 200 seconds at Fri Jul 20 01:56:09 UTC 2018
16 ms. Memory: 208384K Free: 185161K (89%)
ptolemy.util.test.WatchDog.cancel(): canceling Fri Jul 20 01:56:09 UTC 2018
------------------ testing $PTII/ptolemy/domains/de/test/auto/Inspection.xml
auto.tcl: Setting watchdog for 200 seconds at Fri Jul 20 01:56:09 UTC 2018
25 ms. Memory: 208384K Free: 188853K (91%)
ptolemy.util.test.WatchDog.cancel(): canceling Fri Jul 20 01:56:09 UTC 2018
auto.tcl: Setting watchdog for 200 seconds at Fri Jul 20 01:56:09 UTC 2018
25 ms. Memory: 208384K Free: 186728K (90%)
ptolemy.util.test.WatchDog.cancel(): canceling Fri Jul 20 01:56:09 UTC 2018
------------------ testing $PTII/ptolemy/domains/de/test/auto/Iteration.xml
auto.tcl: Setting watchdog for 200 seconds at Fri Jul 20 01:56:09 UTC 2018
10 ms. Memory: 208384K Free: 196364K (94%)
ptolemy.util.test.WatchDog.cancel(): canceling Fri Jul 20 01:56:09 UTC 2018
auto.tcl: Setting watchdog for 200 seconds at Fri Jul 20 01:56:09 UTC 2018
9 ms. Memory: 208384K Free: 193902K (93%)
ptolemy.util.test.WatchDog.cancel(): canceling Fri Jul 20 01:56:09 UTC 2018
------------------ testing $PTII/ptolemy/domains/de/test/auto/LineFault.xml
auto.tcl: Setting watchdog for 200 seconds at Fri Jul 20 01:56:09 UTC 2018
783 ms. Memory: 208384K Free: 195157K (94%)
ptolemy.util.test.WatchDog.cancel(): canceling Fri Jul 20 01:56:10 UTC 2018
auto.tcl: Setting watchdog for 200 seconds at Fri Jul 20 01:56:10 UTC 2018
680 ms. Memory: 208384K Free: 139371K (67%)
ptolemy.util.test.WatchDog.cancel(): canceling Fri Jul 20 01:56:11 UTC 2018
------------------ testing $PTII/ptolemy/domains/de/test/auto/MergeModel1Add.xml
auto.tcl: Setting watchdog for 200 seconds at Fri Jul 20 01:56:11 UTC 2018
32 ms. Memory: 331264K Free: 298984K (90%)
ptolemy.util.test.WatchDog.cancel(): canceling Fri Jul 20 01:56:11 UTC 2018
auto.tcl: Setting watchdog for 200 seconds at Fri Jul 20 01:56:11 UTC 2018
12 ms. Memory: 331264K Free: 298984K (90%)
ptolemy.util.test.WatchDog.cancel(): canceling Fri Jul 20 01:56:11 UTC 2018
------------------ testing $PTII/ptolemy/domains/de/test/auto/MergeModel2Add.xml
auto.tcl: Setting watchdog for 200 seconds at Fri Jul 20 01:56:11 UTC 2018
9 ms. Memory: 331264K Free: 304267K (92%)
ptolemy.util.test.WatchDog.cancel(): canceling Fri Jul 20 01:56:12 UTC 2018
auto.tcl: Setting watchdog for 200 seconds at Fri Jul 20 01:56:12 UTC 2018
9 ms. Memory: 331264K Free: 300346K (91%)
ptolemy.util.test.WatchDog.cancel(): canceling Fri Jul 20 01:56:12 UTC 2018
------------------ testing $PTII/ptolemy/domains/de/test/auto/MergeModel3Add.xml
auto.tcl: Setting watchdog for 200 seconds at Fri Jul 20 01:56:12 UTC 2018
12 ms. Memory: 331264K Free: 304277K (92%)
ptolemy.util.test.WatchDog.cancel(): canceling Fri Jul 20 01:56:12 UTC 2018
auto.tcl: Setting watchdog for 200 seconds at Fri Jul 20 01:56:12 UTC 2018
11 ms. Memory: 331264K Free: 300356K (91%)
ptolemy.util.test.WatchDog.cancel(): canceling Fri Jul 20 01:56:12 UTC 2018
------------------ testing $PTII/ptolemy/domains/de/test/auto/MergeWithoutDiscard.xml
auto.tcl: Setting watchdog for 200 seconds at Fri Jul 20 01:56:12 UTC 2018
4 ms. Memory: 331264K Free: 319974K (97%)
ptolemy.util.test.WatchDog.cancel(): canceling Fri Jul 20 01:56:12 UTC 2018
auto.tcl: Setting watchdog for 200 seconds at Fri Jul 20 01:56:12 UTC 2018
1 ms. Memory: 331264K Free: 316053K (95%)
ptolemy.util.test.WatchDog.cancel(): canceling Fri Jul 20 01:56:12 UTC 2018
------------------ testing $PTII/ptolemy/domains/de/test/auto/Modal1.xml
auto.tcl: Setting watchdog for 200 seconds at Fri Jul 20 01:56:12 UTC 2018
21 ms. Memory: 331264K Free: 309964K (94%)
ptolemy.util.test.WatchDog.cancel(): canceling Fri Jul 20 01:56:12 UTC 2018
auto.tcl: Setting watchdog for 200 seconds at Fri Jul 20 01:56:12 UTC 2018
31 ms. Memory: 331264K Free: 306027K (92%)
ptolemy.util.test.WatchDog.cancel(): canceling Fri Jul 20 01:56:12 UTC 2018
------------------ testing $PTII/ptolemy/domains/de/test/auto/Modal2.xml
auto.tcl: Setting watchdog for 200 seconds at Fri Jul 20 01:56:12 UTC 2018
16 ms. Memory: 331264K Free: 309845K (94%)
ptolemy.util.test.WatchDog.cancel(): canceling Fri Jul 20 01:56:12 UTC 2018
auto.tcl: Setting watchdog for 200 seconds at Fri Jul 20 01:56:12 UTC 2018
17 ms. Memory: 331264K Free: 305908K (92%)
ptolemy.util.test.WatchDog.cancel(): canceling Fri Jul 20 01:56:12 UTC 2018
------------------ testing $PTII/ptolemy/domains/de/test/auto/Modal3.xml
auto.tcl: Setting watchdog for 200 seconds at Fri Jul 20 01:56:12 UTC 2018
14 ms. Memory: 331264K Free: 309894K (94%)
ptolemy.util.test.WatchDog.cancel(): canceling Fri Jul 20 01:56:12 UTC 2018
auto.tcl: Setting watchdog for 200 seconds at Fri Jul 20 01:56:12 UTC 2018
11 ms. Memory: 331264K Free: 305687K (92%)
ptolemy.util.test.WatchDog.cancel(): canceling Fri Jul 20 01:56:12 UTC 2018
------------------ testing $PTII/ptolemy/domains/de/test/auto/Modal4.xml
auto.tcl: Setting watchdog for 200 seconds at Fri Jul 20 01:56:12 UTC 2018
29 ms. Memory: 331264K Free: 309629K (93%)
ptolemy.util.test.WatchDog.cancel(): canceling Fri Jul 20 01:56:12 UTC 2018
auto.tcl: Setting watchdog for 200 seconds at Fri Jul 20 01:56:12 UTC 2018
21 ms. Memory: 331264K Free: 305692K (92%)
ptolemy.util.test.WatchDog.cancel(): canceling Fri Jul 20 01:56:12 UTC 2018
------------------ testing $PTII/ptolemy/domains/de/test/auto/Modal5.xml
auto.tcl: Setting watchdog for 200 seconds at Fri Jul 20 01:56:12 UTC 2018
19 ms. Memory: 331264K Free: 309617K (93%)
ptolemy.util.test.WatchDog.cancel(): canceling Fri Jul 20 01:56:12 UTC 2018
auto.tcl: Setting watchdog for 200 seconds at Fri Jul 20 01:56:12 UTC 2018
16 ms. Memory: 331264K Free: 305680K (92%)
ptolemy.util.test.WatchDog.cancel(): canceling Fri Jul 20 01:56:12 UTC 2018
------------------ testing $PTII/ptolemy/domains/de/test/auto/Modal6.xml
auto.tcl: Setting watchdog for 200 seconds at Fri Jul 20 01:56:12 UTC 2018
12 ms. Memory: 331264K Free: 309614K (93%)
ptolemy.util.test.WatchDog.cancel(): canceling Fri Jul 20 01:56:12 UTC 2018
auto.tcl: Setting watchdog for 200 seconds at Fri Jul 20 01:56:12 UTC 2018
15 ms. Memory: 331264K Free: 305685K (92%)
ptolemy.util.test.WatchDog.cancel(): canceling Fri Jul 20 01:56:12 UTC 2018
------------------ testing $PTII/ptolemy/domains/de/test/auto/Modal7.xml
auto.tcl: Setting watchdog for 200 seconds at Fri Jul 20 01:56:12 UTC 2018
22 ms. Memory: 331264K Free: 305693K (92%)
ptolemy.util.test.WatchDog.cancel(): canceling Fri Jul 20 01:56:13 UTC 2018
auto.tcl: Setting watchdog for 200 seconds at Fri Jul 20 01:56:13 UTC 2018
12 ms. Memory: 331264K Free: 305693K (92%)
ptolemy.util.test.WatchDog.cancel(): canceling Fri Jul 20 01:56:13 UTC 2018
------------------ testing $PTII/ptolemy/domains/de/test/auto/ModalModel.xml
auto.tcl: Setting watchdog for 200 seconds at Fri Jul 20 01:56:13 UTC 2018
217 ms. Memory: 331264K Free: 248466K (75%)
ptolemy.util.test.WatchDog.cancel(): canceling Fri Jul 20 01:56:13 UTC 2018
auto.tcl: Setting watchdog for 200 seconds at Fri Jul 20 01:56:13 UTC 2018
247 ms. Memory: 331264K Free: 193453K (58%)
ptolemy.util.test.WatchDog.cancel(): canceling Fri Jul 20 01:56:13 UTC 2018
------------------ testing $PTII/ptolemy/domains/de/test/auto/ModalSource.xml
auto.tcl: Setting watchdog for 200 seconds at Fri Jul 20 01:56:13 UTC 2018
9 ms. Memory: 331264K Free: 316512K (96%)
ptolemy.util.test.WatchDog.cancel(): canceling Fri Jul 20 01:56:13 UTC 2018
auto.tcl: Setting watchdog for 200 seconds at Fri Jul 20 01:56:13 UTC 2018
7 ms. Memory: 331264K Free: 312984K (94%)
ptolemy.util.test.WatchDog.cancel(): canceling Fri Jul 20 01:56:13 UTC 2018
------------------ testing $PTII/ptolemy/domains/de/test/auto/NonInterruptibleTimerZeroDelay.xml
auto.tcl: Setting watchdog for 200 seconds at Fri Jul 20 01:56:13 UTC 2018
4 ms. Memory: 331264K Free: 320693K (97%)
ptolemy.util.test.WatchDog.cancel(): canceling Fri Jul 20 01:56:13 UTC 2018
auto.tcl: Setting watchdog for 200 seconds at Fri Jul 20 01:56:13 UTC 2018
2 ms. Memory: 331264K Free: 317165K (96%)
ptolemy.util.test.WatchDog.cancel(): canceling Fri Jul 20 01:56:13 UTC 2018
------------------ testing $PTII/ptolemy/domains/de/test/auto/OpenQueueingNetwork.xml
auto.tcl: Setting watchdog for 200 seconds at Fri Jul 20 01:56:13 UTC 2018
3411 ms. Memory: 573952K Free: 418182K (73%)
ptolemy.util.test.WatchDog.cancel(): canceling Fri Jul 20 01:56:17 UTC 2018
auto.tcl: Setting watchdog for 200 seconds at Fri Jul 20 01:56:17 UTC 2018
2951 ms. Memory: 550912K Free: 326786K (59%)
ptolemy.util.test.WatchDog.cancel(): canceling Fri Jul 20 01:56:20 UTC 2018
------------------ testing $PTII/ptolemy/domains/de/test/auto/OpenQueuingNetwork.xml
auto.tcl: Setting watchdog for 200 seconds at Fri Jul 20 01:56:20 UTC 2018
300 ms. Memory: 549888K Free: 445428K (81%)
ptolemy.util.test.WatchDog.cancel(): canceling Fri Jul 20 01:56:20 UTC 2018
auto.tcl: Setting watchdog for 200 seconds at Fri Jul 20 01:56:20 UTC 2018
283 ms. Memory: 549888K Free: 385571K (70%)
ptolemy.util.test.WatchDog.cancel(): canceling Fri Jul 20 01:56:21 UTC 2018
------------------ testing $PTII/ptolemy/domains/de/test/auto/PeriodicSampler.xml
auto.tcl: Setting watchdog for 200 seconds at Fri Jul 20 01:56:21 UTC 2018
3 ms. Memory: 551936K Free: 531689K (96%)
ptolemy.util.test.WatchDog.cancel(): canceling Fri Jul 20 01:56:21 UTC 2018
auto.tcl: Setting watchdog for 200 seconds at Fri Jul 20 01:56:21 UTC 2018
2 ms. Memory: 551936K Free: 531689K (96%)
ptolemy.util.test.WatchDog.cancel(): canceling Fri Jul 20 01:56:21 UTC 2018
------------------ testing $PTII/ptolemy/domains/de/test/auto/PersistentIO.xml
auto.tcl: Setting watchdog for 200 seconds at Fri Jul 20 01:56:21 UTC 2018
11 ms. Memory: 549376K Free: 524515K (95%)
ptolemy.util.test.WatchDog.cancel(): canceling Fri Jul 20 01:56:21 UTC 2018
auto.tcl: Setting watchdog for 200 seconds at Fri Jul 20 01:56:21 UTC 2018
4 ms. Memory: 549376K Free: 524515K (95%)
ptolemy.util.test.WatchDog.cancel(): canceling Fri Jul 20 01:56:21 UTC 2018
------------------ testing $PTII/ptolemy/domains/de/test/auto/PortParameterResetOnInitialize.xml
auto.tcl: Setting watchdog for 200 seconds at Fri Jul 20 01:56:21 UTC 2018
2 ms. Memory: 551424K Free: 531637K (96%)
ptolemy.util.test.WatchDog.cancel(): canceling Fri Jul 20 01:56:21 UTC 2018
auto.tcl: Setting watchdog for 200 seconds at Fri Jul 20 01:56:21 UTC 2018
2 ms. Memory: 551424K Free: 531637K (96%)
ptolemy.util.test.WatchDog.cancel(): canceling Fri Jul 20 01:56:21 UTC 2018
------------------ testing $PTII/ptolemy/domains/de/test/auto/PortParameterUpdates.xml
auto.tcl: Setting watchdog for 200 seconds at Fri Jul 20 01:56:21 UTC 2018
8 ms. Memory: 549376K Free: 534631K (97%)
ptolemy.util.test.WatchDog.cancel(): canceling Fri Jul 20 01:56:21 UTC 2018
auto.tcl: Setting watchdog for 200 seconds at Fri Jul 20 01:56:21 UTC 2018
5 ms. Memory: 549376K Free: 529190K (96%)
ptolemy.util.test.WatchDog.cancel(): canceling Fri Jul 20 01:56:21 UTC 2018
------------------ testing $PTII/ptolemy/domains/de/test/auto/QueueAndServer.xml
auto.tcl: Setting watchdog for 200 seconds at Fri Jul 20 01:56:21 UTC 2018
17 ms. Memory: 551424K Free: 526277K (95%)
ptolemy.util.test.WatchDog.cancel(): canceling Fri Jul 20 01:56:21 UTC 2018
auto.tcl: Setting watchdog for 200 seconds at Fri Jul 20 01:56:21 UTC 2018
7 ms. Memory: 551424K Free: 526277K (95%)
ptolemy.util.test.WatchDog.cancel(): canceling Fri Jul 20 01:56:21 UTC 2018
------------------ testing $PTII/ptolemy/domains/de/test/auto/Records.xml
auto.tcl: Setting watchdog for 200 seconds at Fri Jul 20 01:56:21 UTC 2018
5 ms. Memory: 549376K Free: 534306K (97%)
ptolemy.util.test.WatchDog.cancel(): canceling Fri Jul 20 01:56:21 UTC 2018
auto.tcl: Setting watchdog for 200 seconds at Fri Jul 20 01:56:21 UTC 2018
2 ms. Memory: 549376K Free: 528864K (96%)
ptolemy.util.test.WatchDog.cancel(): canceling Fri Jul 20 01:56:21 UTC 2018
------------------ testing $PTII/ptolemy/domains/de/test/auto/ResetTransitionWithStartTime1.xml
auto.tcl: Setting watchdog for 200 seconds at Fri Jul 20 01:56:21 UTC 2018
8 ms. Memory: 551424K Free: 530995K (96%)
ptolemy.util.test.WatchDog.cancel(): canceling Fri Jul 20 01:56:21 UTC 2018
auto.tcl: Setting watchdog for 200 seconds at Fri Jul 20 01:56:21 UTC 2018
6 ms. Memory: 551424K Free: 530766K (96%)
ptolemy.util.test.WatchDog.cancel(): canceling Fri Jul 20 01:56:21 UTC 2018
------------------ testing $PTII/ptolemy/domains/de/test/auto/ResetTransitionWithStartTime2.xml
auto.tcl: Setting watchdog for 200 seconds at Fri Jul 20 01:56:21 UTC 2018
5 ms. Memory: 549376K Free: 528937K (96%)
ptolemy.util.test.WatchDog.cancel(): canceling Fri Jul 20 01:56:21 UTC 2018
auto.tcl: Setting watchdog for 200 seconds at Fri Jul 20 01:56:21 UTC 2018
7 ms. Memory: 549376K Free: 528937K (96%)
ptolemy.util.test.WatchDog.cancel(): canceling Fri Jul 20 01:56:21 UTC 2018
------------------ testing $PTII/ptolemy/domains/de/test/auto/ResetTransitionWithStartTime3.xml
auto.tcl: Setting watchdog for 200 seconds at Fri Jul 20 01:56:21 UTC 2018
5 ms. Memory: 550912K Free: 530242K (96%)
ptolemy.util.test.WatchDog.cancel(): canceling Fri Jul 20 01:56:21 UTC 2018
auto.tcl: Setting watchdog for 200 seconds at Fri Jul 20 01:56:21 UTC 2018
6 ms. Memory: 550912K Free: 530242K (96%)
ptolemy.util.test.WatchDog.cancel(): canceling Fri Jul 20 01:56:21 UTC 2018
------------------ testing $PTII/ptolemy/domains/de/test/auto/ResetTransitionWithStartTime4.xml
auto.tcl: Setting watchdog for 200 seconds at Fri Jul 20 01:56:21 UTC 2018
5 ms. Memory: 549376K Free: 528927K (96%)
ptolemy.util.test.WatchDog.cancel(): canceling Fri Jul 20 01:56:21 UTC 2018
auto.tcl: Setting watchdog for 200 seconds at Fri Jul 20 01:56:21 UTC 2018
5 ms. Memory: 549376K Free: 528927K (96%)
ptolemy.util.test.WatchDog.cancel(): canceling Fri Jul 20 01:56:21 UTC 2018
------------------ testing $PTII/ptolemy/domains/de/test/auto/ResettableTimer1.xml
auto.tcl: Setting watchdog for 200 seconds at Fri Jul 20 01:56:21 UTC 2018
4 ms. Memory: 550912K Free: 531006K (96%)
ptolemy.util.test.WatchDog.cancel(): canceling Fri Jul 20 01:56:22 UTC 2018
auto.tcl: Setting watchdog for 200 seconds at Fri Jul 20 01:56:22 UTC 2018
2 ms. Memory: 550912K Free: 531006K (96%)
ptolemy.util.test.WatchDog.cancel(): canceling Fri Jul 20 01:56:22 UTC 2018
------------------ testing $PTII/ptolemy/domains/de/test/auto/ResettableTimer2.xml
auto.tcl: Setting watchdog for 200 seconds at Fri Jul 20 01:56:22 UTC 2018
3 ms. Memory: 549376K Free: 534438K (97%)
ptolemy.util.test.WatchDog.cancel(): canceling Fri Jul 20 01:56:22 UTC 2018
auto.tcl: Setting watchdog for 200 seconds at Fri Jul 20 01:56:22 UTC 2018
3 ms. Memory: 549376K Free: 534438K (97%)
ptolemy.util.test.WatchDog.cancel(): canceling Fri Jul 20 01:56:22 UTC 2018
------------------ testing $PTII/ptolemy/domains/de/test/auto/ResettableTimer3.xml
auto.tcl: Setting watchdog for 200 seconds at Fri Jul 20 01:56:22 UTC 2018
2 ms. Memory: 550912K Free: 531064K (96%)
ptolemy.util.test.WatchDog.cancel(): canceling Fri Jul 20 01:56:22 UTC 2018
auto.tcl: Setting watchdog for 200 seconds at Fri Jul 20 01:56:22 UTC 2018
1 ms. Memory: 550912K Free: 531064K (96%)
ptolemy.util.test.WatchDog.cancel(): canceling Fri Jul 20 01:56:22 UTC 2018
------------------ testing $PTII/ptolemy/domains/de/test/auto/ResettableTimer4.xml
auto.tcl: Setting watchdog for 200 seconds at Fri Jul 20 01:56:22 UTC 2018
1 ms. Memory: 549376K Free: 534450K (97%)
ptolemy.util.test.WatchDog.cancel(): canceling Fri Jul 20 01:56:22 UTC 2018
auto.tcl: Setting watchdog for 200 seconds at Fri Jul 20 01:56:22 UTC 2018
1 ms. Memory: 549376K Free: 534450K (97%)
ptolemy.util.test.WatchDog.cancel(): canceling Fri Jul 20 01:56:22 UTC 2018
------------------ testing $PTII/ptolemy/domains/de/test/auto/ResettableTimer5.xml
auto.tcl: Setting watchdog for 200 seconds at Fri Jul 20 01:56:22 UTC 2018
1 ms. Memory: 550400K Free: 530793K (96%)
ptolemy.util.test.WatchDog.cancel(): canceling Fri Jul 20 01:56:22 UTC 2018
auto.tcl: Setting watchdog for 200 seconds at Fri Jul 20 01:56:22 UTC 2018
1 ms. Memory: 550400K Free: 530793K (96%)
ptolemy.util.test.WatchDog.cancel(): canceling Fri Jul 20 01:56:22 UTC 2018
------------------ testing $PTII/ptolemy/domains/de/test/auto/ResettableTimer6.xml
auto.tcl: Setting watchdog for 200 seconds at Fri Jul 20 01:56:22 UTC 2018
1 ms. Memory: 549376K Free: 529489K (96%)
ptolemy.util.test.WatchDog.cancel(): canceling Fri Jul 20 01:56:22 UTC 2018
auto.tcl: Setting watchdog for 200 seconds at Fri Jul 20 01:56:22 UTC 2018
2 ms. Memory: 549376K Free: 529489K (96%)
ptolemy.util.test.WatchDog.cancel(): canceling Fri Jul 20 01:56:22 UTC 2018
------------------ testing $PTII/ptolemy/domains/de/test/auto/ServerZeroDelay.xml
auto.tcl: Setting watchdog for 200 seconds at Fri Jul 20 01:56:22 UTC 2018
6 ms. Memory: 550400K Free: 535412K (97%)
ptolemy.util.test.WatchDog.cancel(): canceling Fri Jul 20 01:56:22 UTC 2018
auto.tcl: Setting watchdog for 200 seconds at Fri Jul 20 01:56:22 UTC 2018
3 ms. Memory: 550400K Free: 535412K (97%)
ptolemy.util.test.WatchDog.cancel(): canceling Fri Jul 20 01:56:22 UTC 2018
------------------ testing $PTII/ptolemy/domains/de/test/auto/SmartSender.xml
auto.tcl: Setting watchdog for 200 seconds at Fri Jul 20 01:56:22 UTC 2018
3001 ms. Memory: 549376K Free: 529704K (96%)
ptolemy.util.test.WatchDog.cancel(): canceling Fri Jul 20 01:56:25 UTC 2018
auto.tcl: Setting watchdog for 200 seconds at Fri Jul 20 01:56:25 UTC 2018
3001 ms. Memory: 549376K Free: 529704K (96%)
ptolemy.util.test.WatchDog.cancel(): canceling Fri Jul 20 01:56:28 UTC 2018
------------------ testing $PTII/ptolemy/domains/de/test/auto/ThreadedComposite.xml
auto.tcl: Setting watchdog for 200 seconds at Fri Jul 20 01:56:28 UTC 2018
269 ms. Memory: 550400K Free: 510246K (93%)
ptolemy.util.test.WatchDog.cancel(): canceling Fri Jul 20 01:56:28 UTC 2018
auto.tcl: Setting watchdog for 200 seconds at Fri Jul 20 01:56:28 UTC 2018
250 ms. Memory: 550400K Free: 486085K (88%)
ptolemy.util.test.WatchDog.cancel(): canceling Fri Jul 20 01:56:29 UTC 2018
------------------ testing $PTII/ptolemy/domains/de/test/auto/Time.xml
auto.tcl: Setting watchdog for 200 seconds at Fri Jul 20 01:56:29 UTC 2018
575 ms. Memory: 549376K Free: 482401K (88%)
ptolemy.util.test.WatchDog.cancel(): canceling Fri Jul 20 01:56:29 UTC 2018
auto.tcl: Setting watchdog for 200 seconds at Fri Jul 20 01:56:29 UTC 2018
513 ms. Memory: 549376K Free: 427986K (78%)
ptolemy.util.test.WatchDog.cancel(): canceling Fri Jul 20 01:56:30 UTC 2018
------------------ testing $PTII/ptolemy/domains/de/test/auto/TimeDelayZeroDelay.xml
auto.tcl: Setting watchdog for 200 seconds at Fri Jul 20 01:56:30 UTC 2018
2 ms. Memory: 550400K Free: 535100K (97%)
ptolemy.util.test.WatchDog.cancel(): canceling Fri Jul 20 01:56:30 UTC 2018
auto.tcl: Setting watchdog for 200 seconds at Fri Jul 20 01:56:30 UTC 2018
2 ms. Memory: 550400K Free: 535100K (97%)
ptolemy.util.test.WatchDog.cancel(): canceling Fri Jul 20 01:56:30 UTC 2018
------------------ testing $PTII/ptolemy/domains/de/test/auto/TimerZeroDelay.xml
auto.tcl: Setting watchdog for 200 seconds at Fri Jul 20 01:56:30 UTC 2018
2 ms. Memory: 549376K Free: 534349K (97%)
ptolemy.util.test.WatchDog.cancel(): canceling Fri Jul 20 01:56:30 UTC 2018
auto.tcl: Setting watchdog for 200 seconds at Fri Jul 20 01:56:30 UTC 2018
2 ms. Memory: 549376K Free: 534349K (97%)
ptolemy.util.test.WatchDog.cancel(): canceling Fri Jul 20 01:56:30 UTC 2018
------------------ testing $PTII/ptolemy/domains/de/test/auto/TimingParadox.xml
auto.tcl: Setting watchdog for 200 seconds at Fri Jul 20 01:56:30 UTC 2018
400 ms. Memory: 549888K Free: 469192K (85%)
ptolemy.util.test.WatchDog.cancel(): canceling Fri Jul 20 01:56:30 UTC 2018
auto.tcl: Setting watchdog for 200 seconds at Fri Jul 20 01:56:30 UTC 2018
373 ms. Memory: 549888K Free: 436543K (79%)
ptolemy.util.test.WatchDog.cancel(): canceling Fri Jul 20 01:56:31 UTC 2018
------------------ testing $PTII/ptolemy/domains/de/test/auto/TransferInputs.xml
auto.tcl: Setting watchdog for 200 seconds at Fri Jul 20 01:56:31 UTC 2018
2 ms. Memory: 549888K Free: 533765K (97%)
ptolemy.util.test.WatchDog.cancel(): canceling Fri Jul 20 01:56:31 UTC 2018
auto.tcl: Setting watchdog for 200 seconds at Fri Jul 20 01:56:31 UTC 2018
2 ms. Memory: 549888K Free: 533765K (97%)
ptolemy.util.test.WatchDog.cancel(): canceling Fri Jul 20 01:56:31 UTC 2018
------------------ testing $PTII/ptolemy/domains/de/test/auto/TransferOutputs2.xml
auto.tcl: Setting watchdog for 200 seconds at Fri Jul 20 01:56:31 UTC 2018
8 ms. Memory: 549376K Free: 524219K (95%)
ptolemy.util.test.WatchDog.cancel(): canceling Fri Jul 20 01:56:31 UTC 2018
auto.tcl: Setting watchdog for 200 seconds at Fri Jul 20 01:56:31 UTC 2018
3 ms. Memory: 549376K Free: 524219K (95%)
ptolemy.util.test.WatchDog.cancel(): canceling Fri Jul 20 01:56:31 UTC 2018
------------------ testing $PTII/ptolemy/domains/de/test/auto/Trilateration.xml
auto.tcl: Setting watchdog for 200 seconds at Fri Jul 20 01:56:31 UTC 2018
13115 ms. Memory: 766976K Free: 253028K (33%)
ptolemy.util.test.WatchDog.cancel(): canceling Fri Jul 20 01:56:45 UTC 2018
auto.tcl: Setting watchdog for 200 seconds at Fri Jul 20 01:56:45 UTC 2018
10258 ms. Memory: 646144K Free: 126368K (20%)
ptolemy.util.test.WatchDog.cancel(): canceling Fri Jul 20 01:56:56 UTC 2018
------------------ testing $PTII/ptolemy/domains/de/test/auto/TwoSigmaDelta.xml
auto.tcl: Setting watchdog for 200 seconds at Fri Jul 20 01:56:56 UTC 2018
3044 ms. Memory: 649728K Free: 353387K (54%)
ptolemy.util.test.WatchDog.cancel(): canceling Fri Jul 20 01:56:59 UTC 2018
auto.tcl: Setting watchdog for 200 seconds at Fri Jul 20 01:56:59 UTC 2018
2070 ms. Memory: 649728K Free: 127366K (20%)
ptolemy.util.test.WatchDog.cancel(): canceling Fri Jul 20 01:57:01 UTC 2018
------------------ testing $PTII/ptolemy/domains/de/test/auto/VariableDelay.xml
auto.tcl: Setting watchdog for 200 seconds at Fri Jul 20 01:57:01 UTC 2018
3 ms. Memory: 646656K Free: 626923K (97%)
ptolemy.util.test.WatchDog.cancel(): canceling Fri Jul 20 01:57:01 UTC 2018
auto.tcl: Setting watchdog for 200 seconds at Fri Jul 20 01:57:01 UTC 2018
2 ms. Memory: 646656K Free: 626923K (97%)
ptolemy.util.test.WatchDog.cancel(): canceling Fri Jul 20 01:57:01 UTC 2018
------------------ testing $PTII/ptolemy/domains/de/test/auto/VariableDelay2.xml
auto.tcl: Setting watchdog for 200 seconds at Fri Jul 20 01:57:01 UTC 2018
7 ms. Memory: 646144K Free: 626856K (97%)
ptolemy.util.test.WatchDog.cancel(): canceling Fri Jul 20 01:57:01 UTC 2018
auto.tcl: Setting watchdog for 200 seconds at Fri Jul 20 01:57:01 UTC 2018
2 ms. Memory: 646144K Free: 626856K (97%)
ptolemy.util.test.WatchDog.cancel(): canceling Fri Jul 20 01:57:01 UTC 2018
------------------ testing $PTII/ptolemy/domains/de/test/auto/VariableDelayZeroDelay.xml
auto.tcl: Setting watchdog for 200 seconds at Fri Jul 20 01:57:01 UTC 2018
2 ms. Memory: 646144K Free: 621209K (96%)
ptolemy.util.test.WatchDog.cancel(): canceling Fri Jul 20 01:57:01 UTC 2018
auto.tcl: Setting watchdog for 200 seconds at Fri Jul 20 01:57:01 UTC 2018
2 ms. Memory: 646144K Free: 621209K (96%)
ptolemy.util.test.WatchDog.cancel(): canceling Fri Jul 20 01:57:01 UTC 2018
------------------ testing $PTII/ptolemy/domains/de/test/auto/VariableDelayZeroDelay2.xml
auto.tcl: Setting watchdog for 200 seconds at Fri Jul 20 01:57:01 UTC 2018
2 ms. Memory: 649216K Free: 624278K (96%)
ptolemy.util.test.WatchDog.cancel(): canceling Fri Jul 20 01:57:01 UTC 2018
auto.tcl: Setting watchdog for 200 seconds at Fri Jul 20 01:57:01 UTC 2018
2 ms. Memory: 649216K Free: 624278K (96%)
ptolemy.util.test.WatchDog.cancel(): canceling Fri Jul 20 01:57:01 UTC 2018
------------------ testing $PTII/ptolemy/domains/de/test/auto/deInCt.xml
auto.tcl: Setting watchdog for 200 seconds at Fri Jul 20 01:57:01 UTC 2018
0
1
1
1
0
0
0
0
1
1
1
0
0
1
1
1
0
0
0
1
1
1
1
1
1
0
0
0
1
1
1
0
0
0
1
1
1
1
11 ms. Memory: 646144K Free: 621204K (96%)
ptolemy.util.test.WatchDog.cancel(): canceling Fri Jul 20 01:57:01 UTC 2018
auto.tcl: Setting watchdog for 200 seconds at Fri Jul 20 01:57:01 UTC 2018
0
1
1
1
0
0
1
1
1
1
0
0
0
1
1
1
0
0
0
1
1
1
0
0
0
1
1
1
0
0
0
0
0
1
1
1
0
0
0
0
0
11 ms. Memory: 646144K Free: 621204K (96%)
ptolemy.util.test.WatchDog.cancel(): canceling Fri Jul 20 01:57:01 UTC 2018
------------------ testing $PTII/ptolemy/domains/de/test/auto/deInCt2.xml
auto.tcl: Setting watchdog for 200 seconds at Fri Jul 20 01:57:01 UTC 2018
0
1
1
1
0
0
1
1
1
0
0
1
1
1
0
0
1
1
1
0
0
1
1
1
0
0
1
1
1
0
0
1
1
1
0
0
1
1
1
0
0
0
6 ms. Memory: 648704K Free: 623764K (96%)
ptolemy.util.test.WatchDog.cancel(): canceling Fri Jul 20 01:57:02 UTC 2018
auto.tcl: Setting watchdog for 200 seconds at Fri Jul 20 01:57:02 UTC 2018
0
1
1
1
0
0
1
1
1
0
0
1
1
1
0
0
1
1
1
0
0
1
1
1
0
0
1
1
1
0
0
1
1
1
0
0
1
1
1
0
0
0
9 ms. Memory: 648704K Free: 623764K (96%)
ptolemy.util.test.WatchDog.cancel(): canceling Fri Jul 20 01:57:02 UTC 2018
------------------ testing $PTII/ptolemy/domains/de/test/auto/dynamicCausalityInterface1.xml
auto.tcl: Setting watchdog for 200 seconds at Fri Jul 20 01:57:02 UTC 2018
1 ms. Memory: 646144K Free: 612585K (95%)
ptolemy.util.test.WatchDog.cancel(): canceling Fri Jul 20 01:57:02 UTC 2018
auto.tcl: Setting watchdog for 200 seconds at Fri Jul 20 01:57:02 UTC 2018
1 ms. Memory: 646144K Free: 612585K (95%)
ptolemy.util.test.WatchDog.cancel(): canceling Fri Jul 20 01:57:02 UTC 2018
------------------ testing $PTII/ptolemy/domains/de/test/auto/fsm_de_test.xml
auto.tcl: Setting watchdog for 200 seconds at Fri Jul 20 01:57:02 UTC 2018
6 ms. Memory: 648192K Free: 623142K (96%)
ptolemy.util.test.WatchDog.cancel(): canceling Fri Jul 20 01:57:02 UTC 2018
auto.tcl: Setting watchdog for 200 seconds at Fri Jul 20 01:57:02 UTC 2018
6 ms. Memory: 648192K Free: 614520K (95%)
ptolemy.util.test.WatchDog.cancel(): canceling Fri Jul 20 01:57:02 UTC 2018
------------------ testing $PTII/ptolemy/domains/de/test/auto/functionDependencyReconstruction.xml
auto.tcl: Setting watchdog for 200 seconds at Fri Jul 20 01:57:02 UTC 2018
3 ms. Memory: 646144K Free: 612471K (95%)
ptolemy.util.test.WatchDog.cancel(): canceling Fri Jul 20 01:57:02 UTC 2018
auto.tcl: Setting watchdog for 200 seconds at Fri Jul 20 01:57:02 UTC 2018
3 ms. Memory: 646144K Free: 603848K (93%)
ptolemy.util.test.WatchDog.cancel(): canceling Fri Jul 20 01:57:02 UTC 2018
------------------ testing $PTII/ptolemy/domains/de/test/auto/multirate.xml
auto.tcl: Setting watchdog for 200 seconds at Fri Jul 20 01:57:02 UTC 2018
3 ms. Memory: 648192K Free: 623009K (96%)
ptolemy.util.test.WatchDog.cancel(): canceling Fri Jul 20 01:57:02 UTC 2018
auto.tcl: Setting watchdog for 200 seconds at Fri Jul 20 01:57:02 UTC 2018
4 ms. Memory: 648192K Free: 623009K (96%)
ptolemy.util.test.WatchDog.cancel(): canceling Fri Jul 20 01:57:02 UTC 2018
------------------ testing $PTII/ptolemy/domains/de/test/auto/multirate2.xml
auto.tcl: Setting watchdog for 200 seconds at Fri Jul 20 01:57:02 UTC 2018
6 ms. Memory: 646144K Free: 621150K (96%)
ptolemy.util.test.WatchDog.cancel(): canceling Fri Jul 20 01:57:02 UTC 2018
auto.tcl: Setting watchdog for 200 seconds at Fri Jul 20 01:57:02 UTC 2018
4 ms. Memory: 646144K Free: 621150K (96%)
ptolemy.util.test.WatchDog.cancel(): canceling Fri Jul 20 01:57:02 UTC 2018
------------------ testing $PTII/ptolemy/domains/de/test/auto/realtime.xml
auto.tcl: Setting watchdog for 200 seconds at Fri Jul 20 01:57:02 UTC 2018
10001 ms. Memory: 647680K Free: 622652K (96%)
ptolemy.util.test.WatchDog.cancel(): canceling Fri Jul 20 01:57:12 UTC 2018
auto.tcl: Setting watchdog for 200 seconds at Fri Jul 20 01:57:12 UTC 2018
10002 ms. Memory: 647680K Free: 622652K (96%)
ptolemy.util.test.WatchDog.cancel(): canceling Fri Jul 20 01:57:22 UTC 2018
------------------ testing $PTII/ptolemy/domains/de/test/auto/relationGroup.xml
auto.tcl: Setting watchdog for 200 seconds at Fri Jul 20 01:57:22 UTC 2018
1 ms. Memory: 646144K Free: 621174K (96%)
ptolemy.util.test.WatchDog.cancel(): canceling Fri Jul 20 01:57:22 UTC 2018
auto.tcl: Setting watchdog for 200 seconds at Fri Jul 20 01:57:22 UTC 2018
1 ms. Memory: 646144K Free: 621174K (96%)
ptolemy.util.test.WatchDog.cancel(): canceling Fri Jul 20 01:57:22 UTC 2018
------------------ testing $PTII/ptolemy/domains/de/test/auto/relationGroup2.xml
auto.tcl: Setting watchdog for 200 seconds at Fri Jul 20 01:57:22 UTC 2018
1 ms. Memory: 647680K Free: 622737K (96%)
ptolemy.util.test.WatchDog.cancel(): canceling Fri Jul 20 01:57:22 UTC 2018
auto.tcl: Setting watchdog for 200 seconds at Fri Jul 20 01:57:22 UTC 2018
1 ms. Memory: 647680K Free: 622737K (96%)
ptolemy.util.test.WatchDog.cancel(): canceling Fri Jul 20 01:57:22 UTC 2018
------------------ testing $PTII/ptolemy/domains/de/test/auto/sortWithOpaquePorts.xml
auto.tcl: Setting watchdog for 200 seconds at Fri Jul 20 01:57:22 UTC 2018
1 ms. Memory: 646144K Free: 621202K (96%)
ptolemy.util.test.WatchDog.cancel(): canceling Fri Jul 20 01:57:22 UTC 2018
auto.tcl: Setting watchdog for 200 seconds at Fri Jul 20 01:57:22 UTC 2018
1 ms. Memory: 646144K Free: 621202K (96%)
ptolemy.util.test.WatchDog.cancel(): canceling Fri Jul 20 01:57:22 UTC 2018
------------------ testing $PTII/ptolemy/domains/de/test/auto/transferInputsandOutputs.xml
auto.tcl: Setting watchdog for 200 seconds at Fri Jul 20 01:57:22 UTC 2018
2 ms. Memory: 647168K Free: 622213K (96%)
ptolemy.util.test.WatchDog.cancel(): canceling Fri Jul 20 01:57:22 UTC 2018
auto.tcl: Setting watchdog for 200 seconds at Fri Jul 20 01:57:22 UTC 2018
2 ms. Memory: 647168K Free: 622213K (96%)
ptolemy.util.test.WatchDog.cancel(): canceling Fri Jul 20 01:57:22 UTC 2018
------------------ testing $PTII/ptolemy/domains/de/test/auto/triggerType.xml
auto.tcl: Setting watchdog for 200 seconds at Fri Jul 20 01:57:22 UTC 2018
2 ms. Memory: 646144K Free: 621140K (96%)
ptolemy.util.test.WatchDog.cancel(): canceling Fri Jul 20 01:57:22 UTC 2018
auto.tcl: Setting watchdog for 200 seconds at Fri Jul 20 01:57:22 UTC 2018
2 ms. Memory: 646144K Free: 621140K (96%)
ptolemy.util.test.WatchDog.cancel(): canceling Fri Jul 20 01:57:22 UTC 2018
07/20/18 01:57:22
Failed: 0  Total Tests: 192  ((Passed: 187, Newly Passed: 1)  Known Failed: 5) /home/travis/build/icyphy/ptII/ptolemy/domains/de/test
07/20/18 01:57:22
Failed: 0  Total Tests: 192  ((Passed: 187, Newly Passed: 1)  Known Failed: 5) /home/travis/build/icyphy/ptII/ptolemy/domains/de/test
----------------- testing (KnownFailure) /home/travis/build/icyphy/ptII/ptolemy/domains/de/test/auto/knownFailedTests/DESDFClockTest.xml
2016 ms. Memory: 647168K Free: 610891K (94%)
Known Failure: java.lang.reflect.InvocationTargetException
----------------- testing (KnownFailure) /home/travis/build/icyphy/ptII/ptolemy/domains/de/test/auto/knownFailedTests/DirectFeedback.xml
1 ms. Memory: 647168K Free: 565712K (87%)
Known Failure: java.lang.reflect.InvocationTargetException
----------------- testing (KnownFailure) /home/travis/build/icyphy/ptII/ptolemy/domains/de/test/auto/knownFailedTests/FSMSource.xml
5 ms. Memory: 647168K Free: 520532K (80%)
----------------- testing (KnownFailure) /home/travis/build/icyphy/ptII/ptolemy/domains/de/test/auto/knownFailedTests/HierarchicalModel.xml
2 ms. Memory: 647168K Free: 486632K (75%)
Known Failure: java.lang.reflect.InvocationTargetException
----------------- testing (KnownFailure) /home/travis/build/icyphy/ptII/ptolemy/domains/de/test/auto/knownFailedTests/dependencyLoop.xml
3 ms. Memory: 647168K Free: 430142K (66%)
Known Failure: java.lang.reflect.InvocationTargetException
----------------- testing (KnownFailure) /home/travis/build/icyphy/ptII/ptolemy/domains/de/test/auto/knownFailedTests/dependencyLoop2.xml
3 ms. Memory: 647168K Free: 373652K (58%)
Known Failure: java.lang.reflect.InvocationTargetException
No auto/linux-amd64/*.xml tests in /home/travis/build/icyphy/ptII/ptolemy/domains/de/test
AutoTests.java: About to close Vertx.
AutoTests.java: Vertx closed.

===========================================================================================
----------------- testing Fri Jul 20 01:57:24 UTC 2018 /home/travis/build/icyphy/ptII/ptolemy/domains/de/test/auto/ActorDepthCalculation_actorWithoutPorts.xml
----------------- Instantiating /home/travis/build/icyphy/ptII/ptolemy/domains/de/test/auto/ActorDepthCalculation_actorWithoutPorts.xml
1 ms. Memory: 647168K Free: 317178K (49%)
----------------- Invoking toplevel() on ptolemy.moml.MoMLSimpleApplication@762e082
----------------- Done invoking toplevel() on ptolemy.moml.MoMLSimpleApplication@762e082
reloadAllAccessors: .ActorDepthCalculation_actorWithoutPorts

===========================================================================================
----------------- testing Fri Jul 20 01:57:24 UTC 2018 /home/travis/build/icyphy/ptII/ptolemy/domains/de/test/auto/AssemblyLine.xml
----------------- Instantiating /home/travis/build/icyphy/ptII/ptolemy/domains/de/test/auto/AssemblyLine.xml
1 ms. Memory: 647168K Free: 294589K (46%)
----------------- Invoking toplevel() on ptolemy.moml.MoMLSimpleApplication@627bd758
----------------- Done invoking toplevel() on ptolemy.moml.MoMLSimpleApplication@627bd758
reloadAllAccessors: .AssemblyLine

===========================================================================================
----------------- testing Fri Jul 20 01:57:25 UTC 2018 /home/travis/build/icyphy/ptII/ptolemy/domains/de/test/auto/CQBug1.xml
----------------- Instantiating /home/travis/build/icyphy/ptII/ptolemy/domains/de/test/auto/CQBug1.xml
1 ms. Memory: 647168K Free: 272000K (42%)
----------------- Invoking toplevel() on ptolemy.moml.MoMLSimpleApplication@330a6268
----------------- Done invoking toplevel() on ptolemy.moml.MoMLSimpleApplication@330a6268
reloadAllAccessors: .CQBug1

===========================================================================================
----------------- testing Fri Jul 20 01:57:25 UTC 2018 /home/travis/build/icyphy/ptII/ptolemy/domains/de/test/auto/CancelFireAt.xml
----------------- Instantiating /home/travis/build/icyphy/ptII/ptolemy/domains/de/test/auto/CancelFireAt.xml
1 ms. Memory: 647168K Free: 249410K (39%)
----------------- Invoking toplevel() on ptolemy.moml.MoMLSimpleApplication@1ccea609
----------------- Done invoking toplevel() on ptolemy.moml.MoMLSimpleApplication@1ccea609
reloadAllAccessors: .CancelFireAt

===========================================================================================
----------------- testing Fri Jul 20 01:57:25 UTC 2018 /home/travis/build/icyphy/ptII/ptolemy/domains/de/test/auto/CausalityAndComposabilityAnalysis.xml
----------------- Instantiating /home/travis/build/icyphy/ptII/ptolemy/domains/de/test/auto/CausalityAndComposabilityAnalysis.xml
1 ms. Memory: 647168K Free: 226821K (35%)
----------------- Invoking toplevel() on ptolemy.moml.MoMLSimpleApplication@6f50fffb
----------------- Done invoking toplevel() on ptolemy.moml.MoMLSimpleApplication@6f50fffb
reloadAllAccessors: .CausalityAndComposabilityAnalysis

===========================================================================================
----------------- testing Fri Jul 20 01:57:25 UTC 2018 /home/travis/build/icyphy/ptII/ptolemy/domains/de/test/auto/CausalityInterface1.xml
----------------- Instantiating /home/travis/build/icyphy/ptII/ptolemy/domains/de/test/auto/CausalityInterface1.xml
2 ms. Memory: 647168K Free: 204231K (32%)
----------------- Invoking toplevel() on ptolemy.moml.MoMLSimpleApplication@2a183ef9
----------------- Done invoking toplevel() on ptolemy.moml.MoMLSimpleApplication@2a183ef9
reloadAllAccessors: .CausalityInterface1

===========================================================================================
----------------- testing Fri Jul 20 01:57:25 UTC 2018 /home/travis/build/icyphy/ptII/ptolemy/domains/de/test/auto/CausalityInterface15.xml
----------------- Instantiating /home/travis/build/icyphy/ptII/ptolemy/domains/de/test/auto/CausalityInterface15.xml
1 ms. Memory: 647168K Free: 181642K (28%)
----------------- Invoking toplevel() on ptolemy.moml.MoMLSimpleApplication@3955db2
----------------- Done invoking toplevel() on ptolemy.moml.MoMLSimpleApplication@3955db2
reloadAllAccessors: .CausalityInterface15

[...]
java.lang.RuntimeException: Execution failed
	at ptolemy.moml.MoMLSimpleApplication$UnloadThread.run(MoMLSimpleApplication.java:402)
Caused by: ptolemy.kernel.util.IllegalActionException: Test fails in iteration 1.
Value was: 1.0. Should have been: 2.0
  in .DirectFeedback.Test
	at ptolemy.actor.lib.Test.fire(Test.java:268)
	at ptolemy.domains.de.kernel.DEDirector._fire(DEDirector.java:1949)
	at ptolemy.domains.de.kernel.DEDirector.fire(DEDirector.java:502)
	at ptolemy.actor.CompositeActor.fire(CompositeActor.java:455)
	at ptolemy.actor.Manager.iterate(Manager.java:851)
	at ptolemy.actor.Manager.execute(Manager.java:369)
	at ptolemy.actor.Manager.run(Manager.java:1263)
	at ptolemy.actor.Manager$PtolemyRunThread.run(Manager.java:1915)
java.lang.RuntimeException: Execution failed
	at ptolemy.moml.MoMLSimpleApplication$UnloadThread.run(MoMLSimpleApplication.java:402)
Caused by: ptolemy.kernel.util.IllegalActionException: Actor is not ready to fire.  Perhaps UpSample.prefire() returned false? Try debugging the actor by selecting "Listen to Actor".  Also, for SDF check moml for tokenConsumptionRate on input.
  in .DESDFClockTest.Play Bell.Copy1:SDF Director and .DESDFClockTest.Play Bell.UpSample
	at ptolemy.actor.sched.StaticSchedulingDirector.fire(StaticSchedulingDirector.java:227)
	at ptolemy.domains.sdf.kernel.SDFDirector.fire(SDFDirector.java:500)
	at ptolemy.actor.CompositeActor.fire(CompositeActor.java:455)
	at ptolemy.domains.de.kernel.DEDirector._fire(DEDirector.java:1949)
	at ptolemy.domains.de.kernel.DEDirector.fire(DEDirector.java:502)
	at ptolemy.actor.CompositeActor.fire(CompositeActor.java:455)
	at ptolemy.actor.Manager.iterate(Manager.java:851)
	at ptolemy.actor.Manager.execute(Manager.java:369)
	at ptolemy.actor.Manager.run(Manager.java:1263)
	at ptolemy.actor.Manager$PtolemyRunThread.run(Manager.java:1915)
java.lang.reflect.InvocationTargetException
	at sun.reflect.NativeConstructorAccessorImpl.newInstance0(Native Method)
	at sun.reflect.NativeConstructorAccessorImpl.newInstance(NativeConstructorAccessorImpl.java:62)
	at sun.reflect.DelegatingConstructorAccessorImpl.newInstance(DelegatingConstructorAccessorImpl.java:45)
	at java.lang.reflect.Constructor.newInstance(Constructor.java:423)
	at ptolemy.util.test.junit.AutoKnownFailedTests.RunModel(AutoKnownFailedTests.java:107)
	at sun.reflect.NativeMethodAccessorImpl.invoke0(Native Method)
	at sun.reflect.NativeMethodAccessorImpl.invoke(NativeMethodAccessorImpl.java:62)
	at sun.reflect.DelegatingMethodAccessorImpl.invoke(DelegatingMethodAccessorImpl.java:43)
	at java.lang.reflect.Method.invoke(Method.java:498)
	at org.junit.runners.model.FrameworkMethod$1.runReflectiveCall(FrameworkMethod.java:44)
	at org.junit.internal.runners.model.ReflectiveCallable.run(ReflectiveCallable.java:15)
	at org.junit.runners.model.FrameworkMethod.invokeExplosively(FrameworkMethod.java:41)
	at junitparams.internal.InvokeParameterisedMethod.evaluate(InvokeParameterisedMethod.java:102)
	at org.junit.internal.runners.statements.FailOnTimeout$1.run(FailOnTimeout.java:28)
Caused by: ptolemy.kernel.util.IllegalActionException: Actor is not ready to fire.  Perhaps UpSample.prefire() returned false? Try debugging the actor by selecting "Listen to Actor".  Also, for SDF check moml for tokenConsumptionRate on input.
  in .DESDFClockTest.Play Bell.Copy1:SDF Director and .DESDFClockTest.Play Bell.UpSample
	at ptolemy.actor.sched.StaticSchedulingDirector.fire(StaticSchedulingDirector.java:227)
	at ptolemy.domains.sdf.kernel.SDFDirector.fire(SDFDirector.java:500)
	at ptolemy.actor.CompositeActor.fire(CompositeActor.java:455)
	at ptolemy.domains.de.kernel.DEDirector._fire(DEDirector.java:1949)
	at ptolemy.domains.de.kernel.DEDirector.fire(DEDirector.java:502)
	at ptolemy.actor.CompositeActor.fire(CompositeActor.java:455)
	at ptolemy.actor.Manager.iterate(Manager.java:851)
	at ptolemy.actor.Manager.execute(Manager.java:369)
	at ptolemy.actor.Manager.run(Manager.java:1263)
	at ptolemy.actor.Manager$PtolemyRunThread.run(Manager.java:1915)
java.lang.RuntimeException: Execution failed
	at ptolemy.moml.MoMLSimpleApplication$UnloadThread.run(MoMLSimpleApplication.java:402)
Caused by: ptolemy.kernel.util.IllegalActionException: Test fails in iteration 1.
Value was: 1.0. Should have been: 2.0
  in .DirectFeedback.Test
	at ptolemy.actor.lib.Test.fire(Test.java:268)
	at ptolemy.domains.de.kernel.DEDirector._fire(DEDirector.java:1949)
	at ptolemy.domains.de.kernel.DEDirector.fire(DEDirector.java:502)
	at ptolemy.actor.CompositeActor.fire(CompositeActor.java:455)
	at ptolemy.actor.Manager.iterate(Manager.java:851)
	at ptolemy.actor.Manager.execute(Manager.java:369)
	at ptolemy.actor.Manager.run(Manager.java:1263)
	at ptolemy.actor.Manager$PtolemyRunThread.run(Manager.java:1915)
java.lang.reflect.InvocationTargetException
	at sun.reflect.NativeConstructorAccessorImpl.newInstance0(Native Method)
	at sun.reflect.NativeConstructorAccessorImpl.newInstance(NativeConstructorAccessorImpl.java:62)
	at sun.reflect.DelegatingConstructorAccessorImpl.newInstance(DelegatingConstructorAccessorImpl.java:45)
	at java.lang.reflect.Constructor.newInstance(Constructor.java:423)
	at ptolemy.util.test.junit.AutoKnownFailedTests.RunModel(AutoKnownFailedTests.java:107)
	at sun.reflect.NativeMethodAccessorImpl.invoke0(Native Method)
	at sun.reflect.NativeMethodAccessorImpl.invoke(NativeMethodAccessorImpl.java:62)
	at sun.reflect.DelegatingMethodAccessorImpl.invoke(DelegatingMethodAccessorImpl.java:43)
	at java.lang.reflect.Method.invoke(Method.java:498)
	at org.junit.runners.model.FrameworkMethod$1.runReflectiveCall(FrameworkMethod.java:44)
	at org.junit.internal.runners.model.ReflectiveCallable.run(ReflectiveCallable.java:15)
	at org.junit.runners.model.FrameworkMethod.invokeExplosively(FrameworkMethod.java:41)
	at junitparams.internal.InvokeParameterisedMethod.evaluate(InvokeParameterisedMethod.java:102)
	at org.junit.internal.runners.statements.FailOnTimeout$1.run(FailOnTimeout.java:28)
Caused by: ptolemy.kernel.util.IllegalActionException: Test fails in iteration 1.
Value was: 1.0. Should have been: 2.0
  in .DirectFeedback.Test
	at ptolemy.actor.lib.Test.fire(Test.java:268)
	at ptolemy.domains.de.kernel.DEDirector._fire(DEDirector.java:1949)
	at ptolemy.domains.de.kernel.DEDirector.fire(DEDirector.java:502)
	at ptolemy.actor.CompositeActor.fire(CompositeActor.java:455)
	at ptolemy.actor.Manager.iterate(Manager.java:851)
	at ptolemy.actor.Manager.execute(Manager.java:369)
	at ptolemy.actor.Manager.run(Manager.java:1263)
	at ptolemy.actor.Manager$PtolemyRunThread.run(Manager.java:1915)
java.lang.RuntimeException: Execution failed
	at ptolemy.moml.MoMLSimpleApplication$UnloadThread.run(MoMLSimpleApplication.java:402)
Caused by: ptolemy.kernel.util.IllegalActionException: Found a zero delay loop containing .HierarchicalModel.A
  in .HierarchicalModel and .HierarchicalModel.A
	at ptolemy.actor.util.CausalityInterfaceForComposites._computeOutputPortDepth(CausalityInterfaceForComposites.java:759)
	at ptolemy.actor.util.CausalityInterfaceForComposites._computeInputDepth(CausalityInterfaceForComposites.java:696)
	at ptolemy.actor.util.CausalityInterfaceForComposites._computeOutputPortDepth(CausalityInterfaceForComposites.java:765)
	at ptolemy.actor.util.CausalityInterfaceForComposites._computeInputDepth(CausalityInterfaceForComposites.java:696)
	at ptolemy.actor.util.CausalityInterfaceForComposites._computeOutputPortDepth(CausalityInterfaceForComposites.java:765)
	at ptolemy.actor.util.CausalityInterfaceForComposites._computeInputDepth(CausalityInterfaceForComposites.java:696)
	at ptolemy.actor.util.CausalityInterfaceForComposites._computeActorDepth(CausalityInterfaceForComposites.java:532)
	at ptolemy.actor.util.CausalityInterfaceForComposites.checkForCycles(CausalityInterfaceForComposites.java:96)
	at ptolemy.domains.de.kernel.DEDirector.preinitialize(DEDirector.java:1338)
	at ptolemy.actor.CompositeActor.preinitialize(CompositeActor.java:1828)
	at ptolemy.actor.Manager.preinitializeAndResolveTypes(Manager.java:1040)
	at ptolemy.actor.Manager.initialize(Manager.java:710)
	at ptolemy.actor.Manager.execute(Manager.java:356)
	at ptolemy.actor.Manager.run(Manager.java:1263)
	at ptolemy.actor.Manager$PtolemyRunThread.run(Manager.java:1915)
java.lang.reflect.InvocationTargetException
	at sun.reflect.NativeConstructorAccessorImpl.newInstance0(Native Method)
	at sun.reflect.NativeConstructorAccessorImpl.newInstance(NativeConstructorAccessorImpl.java:62)
	at sun.reflect.DelegatingConstructorAccessorImpl.newInstance(DelegatingConstructorAccessorImpl.java:45)
	at java.lang.reflect.Constructor.newInstance(Constructor.java:423)
	at ptolemy.util.test.junit.AutoKnownFailedTests.RunModel(AutoKnownFailedTests.java:107)
	at sun.reflect.NativeMethodAccessorImpl.invoke0(Native Method)
	at sun.reflect.NativeMethodAccessorImpl.invoke(NativeMethodAccessorImpl.java:62)
	at sun.reflect.DelegatingMethodAccessorImpl.invoke(DelegatingMethodAccessorImpl.java:43)
	at java.lang.reflect.Method.invoke(Method.java:498)
	at org.junit.runners.model.FrameworkMethod$1.runReflectiveCall(FrameworkMethod.java:44)
	at org.junit.internal.runners.model.ReflectiveCallable.run(ReflectiveCallable.java:15)
	at org.junit.runners.model.FrameworkMethod.invokeExplosively(FrameworkMethod.java:41)
	at junitparams.internal.InvokeParameterisedMethod.evaluate(InvokeParameterisedMethod.java:102)
	at org.junit.internal.runners.statements.FailOnTimeout$1.run(FailOnTimeout.java:28)
Caused by: ptolemy.kernel.util.IllegalActionException: Found a zero delay loop containing .HierarchicalModel.A
  in .HierarchicalModel and .HierarchicalModel.A
	at ptolemy.actor.util.CausalityInterfaceForComposites._computeOutputPortDepth(CausalityInterfaceForComposites.java:759)
	at ptolemy.actor.util.CausalityInterfaceForComposites._computeInputDepth(CausalityInterfaceForComposites.java:696)
	at ptolemy.actor.util.CausalityInterfaceForComposites._computeOutputPortDepth(CausalityInterfaceForComposites.java:765)
	at ptolemy.actor.util.CausalityInterfaceForComposites._computeInputDepth(CausalityInterfaceForComposites.java:696)
	at ptolemy.actor.util.CausalityInterfaceForComposites._computeOutputPortDepth(CausalityInterfaceForComposites.java:765)
	at ptolemy.actor.util.CausalityInterfaceForComposites._computeInputDepth(CausalityInterfaceForComposites.java:696)
	at ptolemy.actor.util.CausalityInterfaceForComposites._computeActorDepth(CausalityInterfaceForComposites.java:532)
	at ptolemy.actor.util.CausalityInterfaceForComposites.checkForCycles(CausalityInterfaceForComposites.java:96)
	at ptolemy.domains.de.kernel.DEDirector.preinitialize(DEDirector.java:1338)
	at ptolemy.actor.CompositeActor.preinitialize(CompositeActor.java:1828)
	at ptolemy.actor.Manager.preinitializeAndResolveTypes(Manager.java:1040)
	at ptolemy.actor.Manager.initialize(Manager.java:710)
	at ptolemy.actor.Manager.execute(Manager.java:356)
	at ptolemy.actor.Manager.run(Manager.java:1263)
	at ptolemy.actor.Manager$PtolemyRunThread.run(Manager.java:1915)
java.lang.RuntimeException: Execution failed
	at ptolemy.moml.MoMLSimpleApplication$UnloadThread.run(MoMLSimpleApplication.java:402)
Caused by: ptolemy.kernel.util.IllegalActionException: Found a zero delay loop containing .dependencyLoop.original
  in .dependencyLoop and .dependencyLoop.original
	at ptolemy.actor.util.CausalityInterfaceForComposites._computeOutputPortDepth(CausalityInterfaceForComposites.java:759)
	at ptolemy.actor.util.CausalityInterfaceForComposites._computeInputDepth(CausalityInterfaceForComposites.java:696)
	at ptolemy.actor.util.CausalityInterfaceForComposites._computeOutputPortDepth(CausalityInterfaceForComposites.java:765)
	at ptolemy.actor.util.CausalityInterfaceForComposites._computeInputDepth(CausalityInterfaceForComposites.java:696)
	at ptolemy.actor.util.CausalityInterfaceForComposites._computeOutputPortDepth(CausalityInterfaceForComposites.java:765)
	at ptolemy.actor.util.CausalityInterfaceForComposites._computeInputDepth(CausalityInterfaceForComposites.java:696)
	at ptolemy.actor.util.CausalityInterfaceForComposites._computeActorDepth(CausalityInterfaceForComposites.java:532)
	at ptolemy.actor.util.CausalityInterfaceForComposites.checkForCycles(CausalityInterfaceForComposites.java:96)
	at ptolemy.domains.de.kernel.DEDirector.preinitialize(DEDirector.java:1338)
	at ptolemy.actor.CompositeActor.preinitialize(CompositeActor.java:1828)
	at ptolemy.actor.Manager.preinitializeAndResolveTypes(Manager.java:1040)
	at ptolemy.actor.Manager.initialize(Manager.java:710)
	at ptolemy.actor.Manager.execute(Manager.java:356)
	at ptolemy.actor.Manager.run(Manager.java:1263)
	at ptolemy.actor.Manager$PtolemyRunThread.run(Manager.java:1915)
java.lang.reflect.InvocationTargetException
	at sun.reflect.NativeConstructorAccessorImpl.newInstance0(Native Method)
	at sun.reflect.NativeConstructorAccessorImpl.newInstance(NativeConstructorAccessorImpl.java:62)
	at sun.reflect.DelegatingConstructorAccessorImpl.newInstance(DelegatingConstructorAccessorImpl.java:45)
	at java.lang.reflect.Constructor.newInstance(Constructor.java:423)
	at ptolemy.util.test.junit.AutoKnownFailedTests.RunModel(AutoKnownFailedTests.java:107)
	at sun.reflect.NativeMethodAccessorImpl.invoke0(Native Method)
	at sun.reflect.NativeMethodAccessorImpl.invoke(NativeMethodAccessorImpl.java:62)
	at sun.reflect.DelegatingMethodAccessorImpl.invoke(DelegatingMethodAccessorImpl.java:43)
	at java.lang.reflect.Method.invoke(Method.java:498)
	at org.junit.runners.model.FrameworkMethod$1.runReflectiveCall(FrameworkMethod.java:44)
	at org.junit.internal.runners.model.ReflectiveCallable.run(ReflectiveCallable.java:15)
	at org.junit.runners.model.FrameworkMethod.invokeExplosively(FrameworkMethod.java:41)
	at junitparams.internal.InvokeParameterisedMethod.evaluate(InvokeParameterisedMethod.java:102)
	at org.junit.internal.runners.statements.FailOnTimeout$1.run(FailOnTimeout.java:28)
Caused by: ptolemy.kernel.util.IllegalActionException: Found a zero delay loop containing .dependencyLoop.original
  in .dependencyLoop and .dependencyLoop.original
	at ptolemy.actor.util.CausalityInterfaceForComposites._computeOutputPortDepth(CausalityInterfaceForComposites.java:759)
	at ptolemy.actor.util.CausalityInterfaceForComposites._computeInputDepth(CausalityInterfaceForComposites.java:696)
	at ptolemy.actor.util.CausalityInterfaceForComposites._computeOutputPortDepth(CausalityInterfaceForComposites.java:765)
	at ptolemy.actor.util.CausalityInterfaceForComposites._computeInputDepth(CausalityInterfaceForComposites.java:696)
	at ptolemy.actor.util.CausalityInterfaceForComposites._computeOutputPortDepth(CausalityInterfaceForComposites.java:765)
	at ptolemy.actor.util.CausalityInterfaceForComposites._computeInputDepth(CausalityInterfaceForComposites.java:696)
	at ptolemy.actor.util.CausalityInterfaceForComposites._computeActorDepth(CausalityInterfaceForComposites.java:532)
	at ptolemy.actor.util.CausalityInterfaceForComposites.checkForCycles(CausalityInterfaceForComposites.java:96)
	at ptolemy.domains.de.kernel.DEDirector.preinitialize(DEDirector.java:1338)
	at ptolemy.actor.CompositeActor.preinitialize(CompositeActor.java:1828)
	at ptolemy.actor.Manager.preinitializeAndResolveTypes(Manager.java:1040)
	at ptolemy.actor.Manager.initialize(Manager.java:710)
	at ptolemy.actor.Manager.execute(Manager.java:356)
	at ptolemy.actor.Manager.run(Manager.java:1263)
	at ptolemy.actor.Manager$PtolemyRunThread.run(Manager.java:1915)
java.lang.RuntimeException: Execution failed
	at ptolemy.moml.MoMLSimpleApplication$UnloadThread.run(MoMLSimpleApplication.java:402)
Caused by: ptolemy.kernel.util.IllegalActionException: Found a zero delay loop containing .dependencyLoop2.original
  in .dependencyLoop2 and .dependencyLoop2.original
	at ptolemy.actor.util.CausalityInterfaceForComposites._computeOutputPortDepth(CausalityInterfaceForComposites.java:759)
	at ptolemy.actor.util.CausalityInterfaceForComposites._computeInputDepth(CausalityInterfaceForComposites.java:696)
	at ptolemy.actor.util.CausalityInterfaceForComposites._computeOutputPortDepth(CausalityInterfaceForComposites.java:765)
	at ptolemy.actor.util.CausalityInterfaceForComposites._computeInputDepth(CausalityInterfaceForComposites.java:696)
	at ptolemy.actor.util.CausalityInterfaceForComposites._computeOutputPortDepth(CausalityInterfaceForComposites.java:765)
	at ptolemy.actor.util.CausalityInterfaceForComposites._computeInputDepth(CausalityInterfaceForComposites.java:696)
	at ptolemy.actor.util.CausalityInterfaceForComposites._computeActorDepth(CausalityInterfaceForComposites.java:532)
	at ptolemy.actor.util.CausalityInterfaceForComposites.checkForCycles(CausalityInterfaceForComposites.java:96)
	at ptolemy.domains.de.kernel.DEDirector.preinitialize(DEDirector.java:1338)
	at ptolemy.actor.CompositeActor.preinitialize(CompositeActor.java:1828)
	at ptolemy.actor.Manager.preinitializeAndResolveTypes(Manager.java:1040)
	at ptolemy.actor.Manager.initialize(Manager.java:710)
	at ptolemy.actor.Manager.execute(Manager.java:356)
	at ptolemy.actor.Manager.run(Manager.java:1263)
	at ptolemy.actor.Manager$PtolemyRunThread.run(Manager.java:1915)
java.lang.reflect.InvocationTargetException
	at sun.reflect.NativeConstructorAccessorImpl.newInstance0(Native Method)
	at sun.reflect.NativeConstructorAccessorImpl.newInstance(NativeConstructorAccessorImpl.java:62)
	at sun.reflect.DelegatingConstructorAccessorImpl.newInstance(DelegatingConstructorAccessorImpl.java:45)
	at java.lang.reflect.Constructor.newInstance(Constructor.java:423)
	at ptolemy.util.test.junit.AutoKnownFailedTests.RunModel(AutoKnownFailedTests.java:107)
	at sun.reflect.NativeMethodAccessorImpl.invoke0(Native Method)
	at sun.reflect.NativeMethodAccessorImpl.invoke(NativeMethodAccessorImpl.java:62)
	at sun.reflect.DelegatingMethodAccessorImpl.invoke(DelegatingMethodAccessorImpl.java:43)
	at java.lang.reflect.Method.invoke(Method.java:498)
	at org.junit.runners.model.FrameworkMethod$1.runReflectiveCall(FrameworkMethod.java:44)
	at org.junit.internal.runners.model.ReflectiveCallable.run(ReflectiveCallable.java:15)
	at org.junit.runners.model.FrameworkMethod.invokeExplosively(FrameworkMethod.java:41)
	at junitparams.internal.InvokeParameterisedMethod.evaluate(InvokeParameterisedMethod.java:102)
	at org.junit.internal.runners.statements.FailOnTimeout$1.run(FailOnTimeout.java:28)
Caused by: ptolemy.kernel.util.IllegalActionException: Found a zero delay loop containing .dependencyLoop2.original
  in .dependencyLoop2 and .dependencyLoop2.original
	at ptolemy.actor.util.CausalityInterfaceForComposites._computeOutputPortDepth(CausalityInterfaceForComposites.java:759)
	at ptolemy.actor.util.CausalityInterfaceForComposites._computeInputDepth(CausalityInterfaceForComposites.java:696)
	at ptolemy.actor.util.CausalityInterfaceForComposites._computeOutputPortDepth(CausalityInterfaceForComposites.java:765)
	at ptolemy.actor.util.CausalityInterfaceForComposites._computeInputDepth(CausalityInterfaceForComposites.java:696)
	at ptolemy.actor.util.CausalityInterfaceForComposites._computeOutputPortDepth(CausalityInterfaceForComposites.java:765)
	at ptolemy.actor.util.CausalityInterfaceForComposites._computeInputDepth(CausalityInterfaceForComposites.java:696)
	at ptolemy.actor.util.CausalityInterfaceForComposites._computeActorDepth(CausalityInterfaceForComposites.java:532)
	at ptolemy.actor.util.CausalityInterfaceForComposites.checkForCycles(CausalityInterfaceForComposites.java:96)
	at ptolemy.domains.de.kernel.DEDirector.preinitialize(DEDirector.java:1338)
	at ptolemy.actor.CompositeActor.preinitialize(CompositeActor.java:1828)
	at ptolemy.actor.Manager.preinitializeAndResolveTypes(Manager.java:1040)
	at ptolemy.actor.Manager.initialize(Manager.java:710)
	at ptolemy.actor.Manager.execute(Manager.java:356)
	at ptolemy.actor.Manager.run(Manager.java:1263)
	at ptolemy.actor.Manager$PtolemyRunThread.run(Manager.java:1915)
]]></system-err>
</testsuite>
