<?xml version="1.0" encoding="UTF-8" ?>
<testsuite errors="0" failures="0" hostname="travis-job-880c6ea5-11cf-4723-a6ae-8d2d5a2102f8" name="ptolemy.domains.modal.test.junit.JUnitTclTest" skipped="0" tests="148" time="9.424" timestamp="2018-06-06T23:59:23">
  <properties>
[...]
</properties>
  <testcase classname="ptolemy.util.test.junit.TclTests" name="[0] /home/travis/build/icyphy/ptII/ptolemy/domains/modal/test/SystemLevelType.tcl (RunTclFile)" time="1.649" />
  <testcase classname="ptolemy.util.test.junit.AutoKnownFailedTests" name="[0] /home/travis/build/icyphy/ptII/ptolemy/domains/modal/test/auto/knownFailedTests/CannotAnalysisWithPreemption.xml (RunModel)" time="0.165" />
  <testcase classname="ptolemy.util.test.junit.AutoNameArchTests" name="[0] ThereAreNoAutoArchTests (RunModel)" time="0.013" />
  <testcase classname="ptolemy.util.test.junit.AutoTests" name="[0] /home/travis/build/icyphy/ptII/ptolemy/domains/modal/test/auto/ABPTest.xml (RunModel)" time="0.541" />
  <testcase classname="ptolemy.util.test.junit.AutoTests" name="[1] /home/travis/build/icyphy/ptII/ptolemy/domains/modal/test/auto/ABROFlat.xml (RunModel)" time="0.088" />
  <testcase classname="ptolemy.util.test.junit.AutoTests" name="[2] /home/travis/build/icyphy/ptII/ptolemy/domains/modal/test/auto/ABROFlat2.xml (RunModel)" time="0.08" />
  <testcase classname="ptolemy.util.test.junit.AutoTests" name="[3] /home/travis/build/icyphy/ptII/ptolemy/domains/modal/test/auto/ABRO_present_hmm.xml (RunModel)" time="0.146" />
  <testcase classname="ptolemy.util.test.junit.AutoTests" name="[4] /home/travis/build/icyphy/ptII/ptolemy/domains/modal/test/auto/AMICoderExample.xml (RunModel)" time="0.045" />
  <testcase classname="ptolemy.util.test.junit.AutoTests" name="[5] /home/travis/build/icyphy/ptII/ptolemy/domains/modal/test/auto/AbsentToPresent.xml (RunModel)" time="0.019" />
  <testcase classname="ptolemy.util.test.junit.AutoTests" name="[6] /home/travis/build/icyphy/ptII/ptolemy/domains/modal/test/auto/Blending.xml (RunModel)" time="0.249" />
  <testcase classname="ptolemy.util.test.junit.AutoTests" name="[7] /home/travis/build/icyphy/ptII/ptolemy/domains/modal/test/auto/Broadcast.xml (RunModel)" time="0.046" />
  <testcase classname="ptolemy.util.test.junit.AutoTests" name="[8] /home/travis/build/icyphy/ptII/ptolemy/domains/modal/test/auto/BroadcastHierarchy.xml (RunModel)" time="0.069" />
  <testcase classname="ptolemy.util.test.junit.AutoTests" name="[9] /home/travis/build/icyphy/ptII/ptolemy/domains/modal/test/auto/BroadcastHierarchy2.xml (RunModel)" time="0.104" />
  <testcase classname="ptolemy.util.test.junit.AutoTests" name="[10] /home/travis/build/icyphy/ptII/ptolemy/domains/modal/test/auto/BroadcastHierarchy3.xml (RunModel)" time="0.112" />
  <testcase classname="ptolemy.util.test.junit.AutoTests" name="[11] /home/travis/build/icyphy/ptII/ptolemy/domains/modal/test/auto/BroadcastHierarchy4.xml (RunModel)" time="0.097" />
  <testcase classname="ptolemy.util.test.junit.AutoTests" name="[12] /home/travis/build/icyphy/ptII/ptolemy/domains/modal/test/auto/CannotAnalysisWithPreemption2.xml (RunModel)" time="0.045" />
  <testcase classname="ptolemy.util.test.junit.AutoTests" name="[13] /home/travis/build/icyphy/ptII/ptolemy/domains/modal/test/auto/CannotAnalysisWithPreemption3.xml (RunModel)" time="0.046" />
  <testcase classname="ptolemy.util.test.junit.AutoTests" name="[14] /home/travis/build/icyphy/ptII/ptolemy/domains/modal/test/auto/CannotProduce.xml (RunModel)" time="0.032" />
  <testcase classname="ptolemy.util.test.junit.AutoTests" name="[15] /home/travis/build/icyphy/ptII/ptolemy/domains/modal/test/auto/CannotProduceModal.xml (RunModel)" time="0.029" />
  <testcase classname="ptolemy.util.test.junit.AutoTests" name="[16] /home/travis/build/icyphy/ptII/ptolemy/domains/modal/test/auto/Case.xml (RunModel)" time="0.063" />
  <testcase classname="ptolemy.util.test.junit.AutoTests" name="[17] /home/travis/build/icyphy/ptII/ptolemy/domains/modal/test/auto/Case1.xml (RunModel)" time="0.037" />
  <testcase classname="ptolemy.util.test.junit.AutoTests" name="[18] /home/travis/build/icyphy/ptII/ptolemy/domains/modal/test/auto/Case2.xml (RunModel)" time="0.053" />
  <testcase classname="ptolemy.util.test.junit.AutoTests" name="[19] /home/travis/build/icyphy/ptII/ptolemy/domains/modal/test/auto/CausalityInterface1.xml (RunModel)" time="0.025" />
  <testcase classname="ptolemy.util.test.junit.AutoTests" name="[20] /home/travis/build/icyphy/ptII/ptolemy/domains/modal/test/auto/CausalityInterface10.xml (RunModel)" time="0.054" />
  <testcase classname="ptolemy.util.test.junit.AutoTests" name="[21] /home/travis/build/icyphy/ptII/ptolemy/domains/modal/test/auto/CausalityInterface11.xml (RunModel)" time="0.051" />
  <testcase classname="ptolemy.util.test.junit.AutoTests" name="[22] /home/travis/build/icyphy/ptII/ptolemy/domains/modal/test/auto/CausalityInterface12.xml (RunModel)" time="0.041" />
  <testcase classname="ptolemy.util.test.junit.AutoTests" name="[23] /home/travis/build/icyphy/ptII/ptolemy/domains/modal/test/auto/CausalityInterface13.xml (RunModel)" time="0.052" />
  <testcase classname="ptolemy.util.test.junit.AutoTests" name="[24] /home/travis/build/icyphy/ptII/ptolemy/domains/modal/test/auto/CausalityInterface14.xml (RunModel)" time="0.04" />
  <testcase classname="ptolemy.util.test.junit.AutoTests" name="[25] /home/travis/build/icyphy/ptII/ptolemy/domains/modal/test/auto/CausalityInterface2.xml (RunModel)" time="0.022" />
  <testcase classname="ptolemy.util.test.junit.AutoTests" name="[26] /home/travis/build/icyphy/ptII/ptolemy/domains/modal/test/auto/CausalityInterface3.xml (RunModel)" time="0.038" />
  <testcase classname="ptolemy.util.test.junit.AutoTests" name="[27] /home/travis/build/icyphy/ptII/ptolemy/domains/modal/test/auto/CausalityInterface4.xml (RunModel)" time="0.035" />
  <testcase classname="ptolemy.util.test.junit.AutoTests" name="[28] /home/travis/build/icyphy/ptII/ptolemy/domains/modal/test/auto/CausalityInterface5.xml (RunModel)" time="0.039" />
  <testcase classname="ptolemy.util.test.junit.AutoTests" name="[29] /home/travis/build/icyphy/ptII/ptolemy/domains/modal/test/auto/CausalityInterface6.xml (RunModel)" time="0.037" />
  <testcase classname="ptolemy.util.test.junit.AutoTests" name="[30] /home/travis/build/icyphy/ptII/ptolemy/domains/modal/test/auto/CausalityInterface7.xml (RunModel)" time="0.035" />
  <testcase classname="ptolemy.util.test.junit.AutoTests" name="[31] /home/travis/build/icyphy/ptII/ptolemy/domains/modal/test/auto/CausalityInterface8.xml (RunModel)" time="0.054" />
  <testcase classname="ptolemy.util.test.junit.AutoTests" name="[32] /home/travis/build/icyphy/ptII/ptolemy/domains/modal/test/auto/CausalityInterface9.xml (RunModel)" time="0.039" />
  <testcase classname="ptolemy.util.test.junit.AutoTests" name="[33] /home/travis/build/icyphy/ptII/ptolemy/domains/modal/test/auto/ChainedTransitions.xml (RunModel)" time="0.145" />
  <testcase classname="ptolemy.util.test.junit.AutoTests" name="[34] /home/travis/build/icyphy/ptII/ptolemy/domains/modal/test/auto/CycleOfImmediateTransitionsFSM.xml (RunModel)" time="0.018" />
  <testcase classname="ptolemy.util.test.junit.AutoTests" name="[35] /home/travis/build/icyphy/ptII/ptolemy/domains/modal/test/auto/CycleOfImmediateTransitionsModal.xml (RunModel)" time="0.018" />
  <testcase classname="ptolemy.util.test.junit.AutoTests" name="[36] /home/travis/build/icyphy/ptII/ptolemy/domains/modal/test/auto/CycleOfImmediateTransitionsModal2.xml (RunModel)" time="0.023" />
  <testcase classname="ptolemy.util.test.junit.AutoTests" name="[37] /home/travis/build/icyphy/ptII/ptolemy/domains/modal/test/auto/CycleOfImmediateTransitionsModal3.xml (RunModel)" time="0.068" />
  <testcase classname="ptolemy.util.test.junit.AutoTests" name="[38] /home/travis/build/icyphy/ptII/ptolemy/domains/modal/test/auto/DeepModal1.xml (RunModel)" time="0.061" />
  <testcase classname="ptolemy.util.test.junit.AutoTests" name="[39] /home/travis/build/icyphy/ptII/ptolemy/domains/modal/test/auto/DeepModal2.xml (RunModel)" time="0.071" />
  <testcase classname="ptolemy.util.test.junit.AutoTests" name="[40] /home/travis/build/icyphy/ptII/ptolemy/domains/modal/test/auto/DeepModal3.xml (RunModel)" time="0.064" />
  <testcase classname="ptolemy.util.test.junit.AutoTests" name="[41] /home/travis/build/icyphy/ptII/ptolemy/domains/modal/test/auto/DeepModal4.xml (RunModel)" time="0.081" />
  <testcase classname="ptolemy.util.test.junit.AutoTests" name="[42] /home/travis/build/icyphy/ptII/ptolemy/domains/modal/test/auto/Default1.xml (RunModel)" time="0.016" />
  <testcase classname="ptolemy.util.test.junit.AutoTests" name="[43] /home/travis/build/icyphy/ptII/ptolemy/domains/modal/test/auto/Default2.xml (RunModel)" time="0.02" />
  <testcase classname="ptolemy.util.test.junit.AutoTests" name="[44] /home/travis/build/icyphy/ptII/ptolemy/domains/modal/test/auto/Default3.xml (RunModel)" time="0.022" />
  <testcase classname="ptolemy.util.test.junit.AutoTests" name="[45] /home/travis/build/icyphy/ptII/ptolemy/domains/modal/test/auto/Default4.xml (RunModel)" time="0.029" />
  <testcase classname="ptolemy.util.test.junit.AutoTests" name="[46] /home/travis/build/icyphy/ptII/ptolemy/domains/modal/test/auto/Default5.xml (RunModel)" time="0.03" />
  <testcase classname="ptolemy.util.test.junit.AutoTests" name="[47] /home/travis/build/icyphy/ptII/ptolemy/domains/modal/test/auto/EmptyGuard.xml (RunModel)" time="0.038" />
  <testcase classname="ptolemy.util.test.junit.AutoTests" name="[48] /home/travis/build/icyphy/ptII/ptolemy/domains/modal/test/auto/ErrorTransition1.xml (RunModel)" time="0.038" />
  <testcase classname="ptolemy.util.test.junit.AutoTests" name="[49] /home/travis/build/icyphy/ptII/ptolemy/domains/modal/test/auto/ErrorTransition10.xml (RunModel)" time="0.041" />
  <testcase classname="ptolemy.util.test.junit.AutoTests" name="[50] /home/travis/build/icyphy/ptII/ptolemy/domains/modal/test/auto/ErrorTransition11.xml (RunModel)" time="0.036" />
  <testcase classname="ptolemy.util.test.junit.AutoTests" name="[51] /home/travis/build/icyphy/ptII/ptolemy/domains/modal/test/auto/ErrorTransition2.xml (RunModel)" time="0.023" />
  <testcase classname="ptolemy.util.test.junit.AutoTests" name="[52] /home/travis/build/icyphy/ptII/ptolemy/domains/modal/test/auto/ErrorTransition3.xml (RunModel)" time="0.031" />
  <testcase classname="ptolemy.util.test.junit.AutoTests" name="[53] /home/travis/build/icyphy/ptII/ptolemy/domains/modal/test/auto/ErrorTransition4.xml (RunModel)" time="0.039" />
  <testcase classname="ptolemy.util.test.junit.AutoTests" name="[54] /home/travis/build/icyphy/ptII/ptolemy/domains/modal/test/auto/ErrorTransition5.xml (RunModel)" time="0.024" />
  <testcase classname="ptolemy.util.test.junit.AutoTests" name="[55] /home/travis/build/icyphy/ptII/ptolemy/domains/modal/test/auto/ErrorTransition6.xml (RunModel)" time="0.031" />
  <testcase classname="ptolemy.util.test.junit.AutoTests" name="[56] /home/travis/build/icyphy/ptII/ptolemy/domains/modal/test/auto/ErrorTransition7.xml (RunModel)" time="0.04" />
  <testcase classname="ptolemy.util.test.junit.AutoTests" name="[57] /home/travis/build/icyphy/ptII/ptolemy/domains/modal/test/auto/ErrorTransition8.xml (RunModel)" time="0.084" />
  <testcase classname="ptolemy.util.test.junit.AutoTests" name="[58] /home/travis/build/icyphy/ptII/ptolemy/domains/modal/test/auto/ErrorTransition9.xml (RunModel)" time="0.04" />
  <testcase classname="ptolemy.util.test.junit.AutoTests" name="[59] /home/travis/build/icyphy/ptII/ptolemy/domains/modal/test/auto/ExtendedFSM.xml (RunModel)" time="0.019" />
  <testcase classname="ptolemy.util.test.junit.AutoTests" name="[60] /home/travis/build/icyphy/ptII/ptolemy/domains/modal/test/auto/FinalStates.xml (RunModel)" time="0.02" />
  <testcase classname="ptolemy.util.test.junit.AutoTests" name="[61] /home/travis/build/icyphy/ptII/ptolemy/domains/modal/test/auto/FixedPointFSM.xml (RunModel)" time="0.04" />
  <testcase classname="ptolemy.util.test.junit.AutoTests" name="[62] /home/travis/build/icyphy/ptII/ptolemy/domains/modal/test/auto/FixedPointIterationFSMActor.xml (RunModel)" time="0.03" />
  <testcase classname="ptolemy.util.test.junit.AutoTests" name="[63] /home/travis/build/icyphy/ptII/ptolemy/domains/modal/test/auto/FixedPointIterationFSMActor2.xml (RunModel)" time="0.034" />
  <testcase classname="ptolemy.util.test.junit.AutoTests" name="[64] /home/travis/build/icyphy/ptII/ptolemy/domains/modal/test/auto/ForbiddenInstantanousLoop.xml (RunModel)" time="0.029" />
  <testcase classname="ptolemy.util.test.junit.AutoTests" name="[65] /home/travis/build/icyphy/ptII/ptolemy/domains/modal/test/auto/FunctionDependencyOfFSMActorTest.xml (RunModel)" time="0.025" />
  <testcase classname="ptolemy.util.test.junit.AutoTests" name="[66] /home/travis/build/icyphy/ptII/ptolemy/domains/modal/test/auto/GuardExpression.xml (RunModel)" time="0.016" />
  <testcase classname="ptolemy.util.test.junit.AutoTests" name="[67] /home/travis/build/icyphy/ptII/ptolemy/domains/modal/test/auto/GuardNotEvaluated.xml (RunModel)" time="0.032" />
  <testcase classname="ptolemy.util.test.junit.AutoTests" name="[68] /home/travis/build/icyphy/ptII/ptolemy/domains/modal/test/auto/GuardNotEvaluated2.xml (RunModel)" time="0.02" />
  <testcase classname="ptolemy.util.test.junit.AutoTests" name="[69] /home/travis/build/icyphy/ptII/ptolemy/domains/modal/test/auto/GuardOnAbsent.xml (RunModel)" time="0.034" />
  <testcase classname="ptolemy.util.test.junit.AutoTests" name="[70] /home/travis/build/icyphy/ptII/ptolemy/domains/modal/test/auto/HierarchicalFSMTypeInference.xml (RunModel)" time="0.024" />
  <testcase classname="ptolemy.util.test.junit.AutoTests" name="[71] /home/travis/build/icyphy/ptII/ptolemy/domains/modal/test/auto/Hysteresis.xml (RunModel)" time="0.039" />
  <testcase classname="ptolemy.util.test.junit.AutoTests" name="[72] /home/travis/build/icyphy/ptII/ptolemy/domains/modal/test/auto/HysteresisWithDefault.xml (RunModel)" time="0.057" />
  <testcase classname="ptolemy.util.test.junit.AutoTests" name="[73] /home/travis/build/icyphy/ptII/ptolemy/domains/modal/test/auto/HysteresisWithDefault2.xml (RunModel)" time="0.058" />
  <testcase classname="ptolemy.util.test.junit.AutoTests" name="[74] /home/travis/build/icyphy/ptII/ptolemy/domains/modal/test/auto/ImmediateNonConstructiveness.xml (RunModel)" time="0.017" />
  <testcase classname="ptolemy.util.test.junit.AutoTests" name="[75] /home/travis/build/icyphy/ptII/ptolemy/domains/modal/test/auto/ImmediateNonConstructiveness2.xml (RunModel)" time="0.024" />
  <testcase classname="ptolemy.util.test.junit.AutoTests" name="[76] /home/travis/build/icyphy/ptII/ptolemy/domains/modal/test/auto/ImmediateTransitionReset.xml (RunModel)" time="0.028" />
  <testcase classname="ptolemy.util.test.junit.AutoTests" name="[77] /home/travis/build/icyphy/ptII/ptolemy/domains/modal/test/auto/ImmediateTransitions1.xml (RunModel)" time="0.011" />
  <testcase classname="ptolemy.util.test.junit.AutoTests" name="[78] /home/travis/build/icyphy/ptII/ptolemy/domains/modal/test/auto/ImmediateTransitionsInstantaneousCommunication.xml (RunModel)" time="0.033" />
  <testcase classname="ptolemy.util.test.junit.AutoTests" name="[79] /home/travis/build/icyphy/ptII/ptolemy/domains/modal/test/auto/InitialImmediateTransition.xml (RunModel)" time="0.014" />
  <testcase classname="ptolemy.util.test.junit.AutoTests" name="[80] /home/travis/build/icyphy/ptII/ptolemy/domains/modal/test/auto/InitialOutputs.xml (RunModel)" time="0.013" />
  <testcase classname="ptolemy.util.test.junit.AutoTests" name="[81] /home/travis/build/icyphy/ptII/ptolemy/domains/modal/test/auto/InitialStateTransition1.xml (RunModel)" time="0.019" />
  <testcase classname="ptolemy.util.test.junit.AutoTests" name="[82] /home/travis/build/icyphy/ptII/ptolemy/domains/modal/test/auto/InitialStateTransition2.xml (RunModel)" time="0.019" />
  <testcase classname="ptolemy.util.test.junit.AutoTests" name="[83] /home/travis/build/icyphy/ptII/ptolemy/domains/modal/test/auto/InitialStateTransition3.xml (RunModel)" time="0.023" />
  <testcase classname="ptolemy.util.test.junit.AutoTests" name="[84] /home/travis/build/icyphy/ptII/ptolemy/domains/modal/test/auto/InitialStateTransition4.xml (RunModel)" time="0.024" />
  <testcase classname="ptolemy.util.test.junit.AutoTests" name="[85] /home/travis/build/icyphy/ptII/ptolemy/domains/modal/test/auto/MalformedGuardExpressionNotCaught.xml (RunModel)" time="0.017" />
  <testcase classname="ptolemy.util.test.junit.AutoTests" name="[86] /home/travis/build/icyphy/ptII/ptolemy/domains/modal/test/auto/ModalBSC.xml (RunModel)" time="0.086" />
  <testcase classname="ptolemy.util.test.junit.AutoTests" name="[87] /home/travis/build/icyphy/ptII/ptolemy/domains/modal/test/auto/ModalClocks.xml (RunModel)" time="0.084" />
  <testcase classname="ptolemy.util.test.junit.AutoTests" name="[88] /home/travis/build/icyphy/ptII/ptolemy/domains/modal/test/auto/ModalDelay.xml (RunModel)" time="0.041" />
  <testcase classname="ptolemy.util.test.junit.AutoTests" name="[89] /home/travis/build/icyphy/ptII/ptolemy/domains/modal/test/auto/ModalDelay2.xml (RunModel)" time="0.048" />
  <testcase classname="ptolemy.util.test.junit.AutoTests" name="[90] /home/travis/build/icyphy/ptII/ptolemy/domains/modal/test/auto/ModalModelFromMemo.xml (RunModel)" time="0.061" />
  <testcase classname="ptolemy.util.test.junit.AutoTests" name="[91] /home/travis/build/icyphy/ptII/ptolemy/domains/modal/test/auto/ModalModelWithMultirateTransient.xml (RunModel)" time="0.046" />
  <testcase classname="ptolemy.util.test.junit.AutoTests" name="[92] /home/travis/build/icyphy/ptII/ptolemy/domains/modal/test/auto/ModalModelWithReset.xml (RunModel)" time="0.041" />
  <testcase classname="ptolemy.util.test.junit.AutoTests" name="[93] /home/travis/build/icyphy/ptII/ptolemy/domains/modal/test/auto/MouseClickFSM.xml (RunModel)" time="0.038" />
  <testcase classname="ptolemy.util.test.junit.AutoTests" name="[94] /home/travis/build/icyphy/ptII/ptolemy/domains/modal/test/auto/MouseClickFSMModal.xml (RunModel)" time="0.041" />
  <testcase classname="ptolemy.util.test.junit.AutoTests" name="[95] /home/travis/build/icyphy/ptII/ptolemy/domains/modal/test/auto/NonStrictFSM_FeedbackLoop.xml (RunModel)" time="0.042" />
  <testcase classname="ptolemy.util.test.junit.AutoTests" name="[96] /home/travis/build/icyphy/ptII/ptolemy/domains/modal/test/auto/NonStrictFSM_FeedbackLoop_Refinement.xml (RunModel)" time="0.044" />
  <testcase classname="ptolemy.util.test.junit.AutoTests" name="[97] /home/travis/build/icyphy/ptII/ptolemy/domains/modal/test/auto/NonStrictFSM_FeedbackLoop_preemptive.xml (RunModel)" time="0.047" />
  <testcase classname="ptolemy.util.test.junit.AutoTests" name="[98] /home/travis/build/icyphy/ptII/ptolemy/domains/modal/test/auto/NormalTermination.xml (RunModel)" time="0.052" />
  <testcase classname="ptolemy.util.test.junit.AutoTests" name="[99] /home/travis/build/icyphy/ptII/ptolemy/domains/modal/test/auto/Pong.xml (RunModel)" time="0.072" />
  <testcase classname="ptolemy.util.test.junit.AutoTests" name="[100] /home/travis/build/icyphy/ptII/ptolemy/domains/modal/test/auto/Pong_test.xml (RunModel)" time="0.105" />
  <testcase classname="ptolemy.util.test.junit.AutoTests" name="[101] /home/travis/build/icyphy/ptII/ptolemy/domains/modal/test/auto/PreemptionHierarchy.xml (RunModel)" time="0.023" />
  <testcase classname="ptolemy.util.test.junit.AutoTests" name="[102] /home/travis/build/icyphy/ptII/ptolemy/domains/modal/test/auto/PreemptionHierarchy2.xml (RunModel)" time="0.029" />
  <testcase classname="ptolemy.util.test.junit.AutoTests" name="[103] /home/travis/build/icyphy/ptII/ptolemy/domains/modal/test/auto/PreemptiveTransition.xml (RunModel)" time="0.019" />
  <testcase classname="ptolemy.util.test.junit.AutoTests" name="[104] /home/travis/build/icyphy/ptII/ptolemy/domains/modal/test/auto/Priorities.xml (RunModel)" time="0.071" />
  <testcase classname="ptolemy.util.test.junit.AutoTests" name="[105] /home/travis/build/icyphy/ptII/ptolemy/domains/modal/test/auto/ResetFinal.xml (RunModel)" time="0.031" />
  <testcase classname="ptolemy.util.test.junit.AutoTests" name="[106] /home/travis/build/icyphy/ptII/ptolemy/domains/modal/test/auto/ResetFinal2.xml (RunModel)" time="0.024" />
  <testcase classname="ptolemy.util.test.junit.AutoTests" name="[107] /home/travis/build/icyphy/ptII/ptolemy/domains/modal/test/auto/ResetTransitionWithStartTime.xml (RunModel)" time="0.025" />
  <testcase classname="ptolemy.util.test.junit.AutoTests" name="[108] /home/travis/build/icyphy/ptII/ptolemy/domains/modal/test/auto/SDF-FSMComposite.xml (RunModel)" time="0.017" />
  <testcase classname="ptolemy.util.test.junit.AutoTests" name="[109] /home/travis/build/icyphy/ptII/ptolemy/domains/modal/test/auto/SeeminglyNondeterminate.xml (RunModel)" time="0.052" />
  <testcase classname="ptolemy.util.test.junit.AutoTests" name="[110] /home/travis/build/icyphy/ptII/ptolemy/domains/modal/test/auto/SeeminglyNondeterminate2.xml (RunModel)" time="0.061" />
  <testcase classname="ptolemy.util.test.junit.AutoTests" name="[111] /home/travis/build/icyphy/ptII/ptolemy/domains/modal/test/auto/SpontaneousFSM.xml (RunModel)" time="0.035" />
  <testcase classname="ptolemy.util.test.junit.AutoTests" name="[112] /home/travis/build/icyphy/ptII/ptolemy/domains/modal/test/auto/SpontaneousFSM2.xml (RunModel)" time="0.027" />
  <testcase classname="ptolemy.util.test.junit.AutoTests" name="[113] /home/travis/build/icyphy/ptII/ptolemy/domains/modal/test/auto/SpontaneousFSM3.xml (RunModel)" time="0.035" />
  <testcase classname="ptolemy.util.test.junit.AutoTests" name="[114] /home/travis/build/icyphy/ptII/ptolemy/domains/modal/test/auto/SpontaneousFSM4.xml (RunModel)" time="0.034" />
  <testcase classname="ptolemy.util.test.junit.AutoTests" name="[115] /home/travis/build/icyphy/ptII/ptolemy/domains/modal/test/auto/StateTrackerTest.xml (RunModel)" time="0.044" />
  <testcase classname="ptolemy.util.test.junit.AutoTests" name="[116] /home/travis/build/icyphy/ptII/ptolemy/domains/modal/test/auto/StrongImmediateTransition.xml (RunModel)" time="0.032" />
  <testcase classname="ptolemy.util.test.junit.AutoTests" name="[117] /home/travis/build/icyphy/ptII/ptolemy/domains/modal/test/auto/SustainHierarchy.xml (RunModel)" time="0.034" />
  <testcase classname="ptolemy.util.test.junit.AutoTests" name="[118] /home/travis/build/icyphy/ptII/ptolemy/domains/modal/test/auto/TerminationTransition1.xml (RunModel)" time="0.021" />
  <testcase classname="ptolemy.util.test.junit.AutoTests" name="[119] /home/travis/build/icyphy/ptII/ptolemy/domains/modal/test/auto/TerminationTransition2.xml (RunModel)" time="0.033" />
  <testcase classname="ptolemy.util.test.junit.AutoTests" name="[120] /home/travis/build/icyphy/ptII/ptolemy/domains/modal/test/auto/TerminationTransition3.xml (RunModel)" time="0.024" />
  <testcase classname="ptolemy.util.test.junit.AutoTests" name="[121] /home/travis/build/icyphy/ptII/ptolemy/domains/modal/test/auto/TerminationTransition4.xml (RunModel)" time="0.036" />
  <testcase classname="ptolemy.util.test.junit.AutoTests" name="[122] /home/travis/build/icyphy/ptII/ptolemy/domains/modal/test/auto/TerminationTransition5.xml (RunModel)" time="0.029" />
  <testcase classname="ptolemy.util.test.junit.AutoTests" name="[123] /home/travis/build/icyphy/ptII/ptolemy/domains/modal/test/auto/TerminationTransition6.xml (RunModel)" time="0.02" />
  <testcase classname="ptolemy.util.test.junit.AutoTests" name="[124] /home/travis/build/icyphy/ptII/ptolemy/domains/modal/test/auto/TerminationTransition7.xml (RunModel)" time="0.02" />
  <testcase classname="ptolemy.util.test.junit.AutoTests" name="[125] /home/travis/build/icyphy/ptII/ptolemy/domains/modal/test/auto/TerminationTransition8.xml (RunModel)" time="0.027" />
  <testcase classname="ptolemy.util.test.junit.AutoTests" name="[126] /home/travis/build/icyphy/ptII/ptolemy/domains/modal/test/auto/Thermostat_NoHysteresis.xml (RunModel)" time="0.047" />
  <testcase classname="ptolemy.util.test.junit.AutoTests" name="[127] /home/travis/build/icyphy/ptII/ptolemy/domains/modal/test/auto/TimedFSM.xml (RunModel)" time="0.043" />
  <testcase classname="ptolemy.util.test.junit.AutoTests" name="[128] /home/travis/build/icyphy/ptII/ptolemy/domains/modal/test/auto/Timeout1.xml (RunModel)" time="0.012" />
  <testcase classname="ptolemy.util.test.junit.AutoTests" name="[129] /home/travis/build/icyphy/ptII/ptolemy/domains/modal/test/auto/Timeout2.xml (RunModel)" time="0.016" />
  <testcase classname="ptolemy.util.test.junit.AutoTests" name="[130] /home/travis/build/icyphy/ptII/ptolemy/domains/modal/test/auto/Timeout3.xml (RunModel)" time="0.014" />
  <testcase classname="ptolemy.util.test.junit.AutoTests" name="[131] /home/travis/build/icyphy/ptII/ptolemy/domains/modal/test/auto/Timeout4.xml (RunModel)" time="0.01" />
  <testcase classname="ptolemy.util.test.junit.AutoTests" name="[132] /home/travis/build/icyphy/ptII/ptolemy/domains/modal/test/auto/TransientstateModelAdvanced.xml (RunModel)" time="0.027" />
  <testcase classname="ptolemy.util.test.junit.AutoTests" name="[133] /home/travis/build/icyphy/ptII/ptolemy/domains/modal/test/auto/TransientstateModelAdvanced2.xml (RunModel)" time="0.027" />
  <testcase classname="ptolemy.util.test.junit.AutoTests" name="[134] /home/travis/build/icyphy/ptII/ptolemy/domains/modal/test/auto/TransitionRefinements.xml (RunModel)" time="0.025" />
  <testcase classname="ptolemy.util.test.junit.AutoTests" name="[135] /home/travis/build/icyphy/ptII/ptolemy/domains/modal/test/auto/TwoRefinements1.xml (RunModel)" time="0.023" />
  <testcase classname="ptolemy.util.test.junit.AutoTests" name="[136] /home/travis/build/icyphy/ptII/ptolemy/domains/modal/test/auto/TwoRefinements2.xml (RunModel)" time="0.042" />
  <testcase classname="ptolemy.util.test.junit.AutoTests" name="[137] /home/travis/build/icyphy/ptII/ptolemy/domains/modal/test/auto/WeakImmediateTransition.xml (RunModel)" time="0.029" />
  <testcase classname="ptolemy.util.test.junit.AutoTests" name="[138] /home/travis/build/icyphy/ptII/ptolemy/domains/modal/test/auto/booleanSelect.xml (RunModel)" time="0.081" />
  <testcase classname="ptolemy.util.test.junit.AutoTests" name="[139] /home/travis/build/icyphy/ptII/ptolemy/domains/modal/test/auto/modalChangingParams.xml (RunModel)" time="0.258" />
  <testcase classname="ptolemy.util.test.junit.AutoTests" name="[140] /home/travis/build/icyphy/ptII/ptolemy/domains/modal/test/auto/modalModel.xml (RunModel)" time="0.028" />
  <testcase classname="ptolemy.util.test.junit.AutoTests" name="[141] /home/travis/build/icyphy/ptII/ptolemy/domains/modal/test/auto/modalModel2.xml (RunModel)" time="0.03" />
  <testcase classname="ptolemy.util.test.junit.AutoTests" name="[142] /home/travis/build/icyphy/ptII/ptolemy/domains/modal/test/auto/modalModel3.xml (RunModel)" time="0.033" />
  <testcase classname="ptolemy.util.test.junit.AutoTests" name="[143] /home/travis/build/icyphy/ptII/ptolemy/domains/modal/test/auto/model1.xml (RunModel)" time="0.016" />
  <testcase classname="ptolemy.util.test.junit.AutoTests" name="[144] /home/travis/build/icyphy/ptII/ptolemy/domains/modal/test/auto/test-direct-in-out.xml (RunModel)" time="0.017" />
  <system-out><![CDATA[/home/travis/build/icyphy/ptII/ptolemy/domains/modal/test/SystemLevelType.tcl
testDefs.tcl: setting time out to 9000 seconds at Wed Jun 06 23:59:24 UTC 2018
06/06/18 11:59:25
Failed: 0  Total Tests: 1  ((Passed: 1, Newly Passed: 0)  Known Failed: 0) /home/travis/build/icyphy/ptII/ptolemy/domains/modal/test
----------------- testing (KnownFailure) /home/travis/build/icyphy/ptII/ptolemy/domains/modal/test/auto/knownFailedTests/CannotAnalysisWithPreemption.xml
39 ms. Memory: 208384K Free: 188382K (90%)
Known Failure: java.lang.reflect.InvocationTargetException
No auto/linux-amd64/*.xml tests in /home/travis/build/icyphy/ptII/ptolemy/domains/modal/test
AutoTests.java: About to close Vertx.
AutoTests.java: Vertx closed.

===========================================================================================
----------------- testing Wed Jun 06 23:59:26 UTC 2018 /home/travis/build/icyphy/ptII/ptolemy/domains/modal/test/auto/ABPTest.xml
----------------- Instantiating /home/travis/build/icyphy/ptII/ptolemy/domains/modal/test/auto/ABPTest.xml
241 ms. Memory: 332288K Free: 291619K (88%)
----------------- Invoking toplevel() on ptolemy.moml.MoMLSimpleApplication@38bcfd25
----------------- Done invoking toplevel() on ptolemy.moml.MoMLSimpleApplication@38bcfd25
reloadAllAccessors: .ABPTest

===========================================================================================
----------------- testing Wed Jun 06 23:59:26 UTC 2018 /home/travis/build/icyphy/ptII/ptolemy/domains/modal/test/auto/ABROFlat.xml
----------------- Instantiating /home/travis/build/icyphy/ptII/ptolemy/domains/modal/test/auto/ABROFlat.xml
25 ms. Memory: 332288K Free: 269460K (81%)
----------------- Invoking toplevel() on ptolemy.moml.MoMLSimpleApplication@6af13549
----------------- Done invoking toplevel() on ptolemy.moml.MoMLSimpleApplication@6af13549
reloadAllAccessors: .ABROFlat

===========================================================================================
----------------- testing Wed Jun 06 23:59:26 UTC 2018 /home/travis/build/icyphy/ptII/ptolemy/domains/modal/test/auto/ABROFlat2.xml
----------------- Instantiating /home/travis/build/icyphy/ptII/ptolemy/domains/modal/test/auto/ABROFlat2.xml
21 ms. Memory: 332288K Free: 251454K (76%)
----------------- Invoking toplevel() on ptolemy.moml.MoMLSimpleApplication@720aca86
----------------- Done invoking toplevel() on ptolemy.moml.MoMLSimpleApplication@720aca86
reloadAllAccessors: .ABROFlat2

===========================================================================================
----------------- testing Wed Jun 06 23:59:26 UTC 2018 /home/travis/build/icyphy/ptII/ptolemy/domains/modal/test/auto/ABRO_present_hmm.xml
----------------- Instantiating /home/travis/build/icyphy/ptII/ptolemy/domains/modal/test/auto/ABRO_present_hmm.xml
32 ms. Memory: 332288K Free: 220390K (66%)
----------------- Invoking toplevel() on ptolemy.moml.MoMLSimpleApplication@55c94aa6
----------------- Done invoking toplevel() on ptolemy.moml.MoMLSimpleApplication@55c94aa6
reloadAllAccessors: .ABRO_present_hmm

===========================================================================================
----------------- testing Wed Jun 06 23:59:27 UTC 2018 /home/travis/build/icyphy/ptII/ptolemy/domains/modal/test/auto/AMICoderExample.xml
----------------- Instantiating /home/travis/build/icyphy/ptII/ptolemy/domains/modal/test/auto/AMICoderExample.xml
13 ms. Memory: 332288K Free: 208953K (63%)
----------------- Invoking toplevel() on ptolemy.moml.MoMLSimpleApplication@6ed45ad8
----------------- Done invoking toplevel() on ptolemy.moml.MoMLSimpleApplication@6ed45ad8
reloadAllAccessors: .AMICoderExample

===========================================================================================
----------------- testing Wed Jun 06 23:59:27 UTC 2018 /home/travis/build/icyphy/ptII/ptolemy/domains/modal/test/auto/AbsentToPresent.xml
----------------- Instantiating /home/travis/build/icyphy/ptII/ptolemy/domains/modal/test/auto/AbsentToPresent.xml
5 ms. Memory: 332288K Free: 199006K (60%)
----------------- Invoking toplevel() on ptolemy.moml.MoMLSimpleApplication@27af66a
----------------- Done invoking toplevel() on ptolemy.moml.MoMLSimpleApplication@27af66a
reloadAllAccessors: .AbsentToPresent

===========================================================================================
----------------- testing Wed Jun 06 23:59:27 UTC 2018 /home/travis/build/icyphy/ptII/ptolemy/domains/modal/test/auto/Blending.xml
----------------- Instantiating /home/travis/build/icyphy/ptII/ptolemy/domains/modal/test/auto/Blending.xml
153 ms. Memory: 332288K Free: 148309K (45%)
----------------- Invoking toplevel() on ptolemy.moml.MoMLSimpleApplication@108215df
----------------- Done invoking toplevel() on ptolemy.moml.MoMLSimpleApplication@108215df
reloadAllAccessors: .Blending

===========================================================================================
----------------- testing Wed Jun 06 23:59:27 UTC 2018 /home/travis/build/icyphy/ptII/ptolemy/domains/modal/test/auto/Broadcast.xml
----------------- Instantiating /home/travis/build/icyphy/ptII/ptolemy/domains/modal/test/auto/Broadcast.xml
10 ms. Memory: 332288K Free: 135235K (41%)
----------------- Invoking toplevel() on ptolemy.moml.MoMLSimpleApplication@7a652a27
----------------- Done invoking toplevel() on ptolemy.moml.MoMLSimpleApplication@7a652a27
reloadAllAccessors: .Broadcast

===========================================================================================
----------------- testing Wed Jun 06 23:59:27 UTC 2018 /home/travis/build/icyphy/ptII/ptolemy/domains/modal/test/auto/BroadcastHierarchy.xml
----------------- Instantiating /home/travis/build/icyphy/ptII/ptolemy/domains/modal/test/auto/BroadcastHierarchy.xml
14 ms. Memory: 332288K Free: 117277K (35%)
----------------- Invoking toplevel() on ptolemy.moml.MoMLSimpleApplication@7ea2aa9c
----------------- Done invoking toplevel() on ptolemy.moml.MoMLSimpleApplication@7ea2aa9c
reloadAllAccessors: .BroadcastHierarchy

===========================================================================================
----------------- testing Wed Jun 06 23:59:27 UTC 2018 /home/travis/build/icyphy/ptII/ptolemy/domains/modal/test/auto/BroadcastHierarchy2.xml
----------------- Instantiating /home/travis/build/icyphy/ptII/ptolemy/domains/modal/test/auto/BroadcastHierarchy2.xml
18 ms. Memory: 332288K Free: 81337K (24%)
----------------- Invoking toplevel() on ptolemy.moml.MoMLSimpleApplication@3814ce96
----------------- Done invoking toplevel() on ptolemy.moml.MoMLSimpleApplication@3814ce96
reloadAllAccessors: .BroadcastHierarchy2

===========================================================================================
----------------- testing Wed Jun 06 23:59:27 UTC 2018 /home/travis/build/icyphy/ptII/ptolemy/domains/modal/test/auto/BroadcastHierarchy3.xml
----------------- Instantiating /home/travis/build/icyphy/ptII/ptolemy/domains/modal/test/auto/BroadcastHierarchy3.xml
16 ms. Memory: 333824K Free: 298151K (89%)
----------------- Invoking toplevel() on ptolemy.moml.MoMLSimpleApplication@a5a3425
----------------- Done invoking toplevel() on ptolemy.moml.MoMLSimpleApplication@a5a3425
reloadAllAccessors: .BroadcastHierarchy3

===========================================================================================
----------------- testing Wed Jun 06 23:59:27 UTC 2018 /home/travis/build/icyphy/ptII/ptolemy/domains/modal/test/auto/BroadcastHierarchy4.xml
----------------- Instantiating /home/travis/build/icyphy/ptII/ptolemy/domains/modal/test/auto/BroadcastHierarchy4.xml
19 ms. Memory: 333824K Free: 263945K (79%)
----------------- Invoking toplevel() on ptolemy.moml.MoMLSimpleApplication@1231b428
----------------- Done invoking toplevel() on ptolemy.moml.MoMLSimpleApplication@1231b428
reloadAllAccessors: .BroadcastHierarchy4

===========================================================================================
----------------- testing Wed Jun 06 23:59:27 UTC 2018 /home/travis/build/icyphy/ptII/ptolemy/domains/modal/test/auto/CannotAnalysisWithPreemption2.xml
----------------- Instantiating /home/travis/build/icyphy/ptII/ptolemy/domains/modal/test/auto/CannotAnalysisWithPreemption2.xml
3 ms. Memory: 333824K Free: 255357K (76%)
----------------- Invoking toplevel() on ptolemy.moml.MoMLSimpleApplication@681c1e4c
----------------- Done invoking toplevel() on ptolemy.moml.MoMLSimpleApplication@681c1e4c
reloadAllAccessors: .CannotAnalysisWithPreemption2

===========================================================================================
----------------- testing Wed Jun 06 23:59:27 UTC 2018 /home/travis/build/icyphy/ptII/ptolemy/domains/modal/test/auto/CannotAnalysisWithPreemption3.xml
----------------- Instantiating /home/travis/build/icyphy/ptII/ptolemy/domains/modal/test/auto/CannotAnalysisWithPreemption3.xml
6 ms. Memory: 333824K Free: 243097K (73%)
----------------- Invoking toplevel() on ptolemy.moml.MoMLSimpleApplication@498229f4
----------------- Done invoking toplevel() on ptolemy.moml.MoMLSimpleApplication@498229f4
reloadAllAccessors: .CannotAnalysisWithPreemption3

===========================================================================================
----------------- testing Wed Jun 06 23:59:27 UTC 2018 /home/travis/build/icyphy/ptII/ptolemy/domains/modal/test/auto/CannotProduce.xml
----------------- Instantiating /home/travis/build/icyphy/ptII/ptolemy/domains/modal/test/auto/CannotProduce.xml
10 ms. Memory: 333824K Free: 233450K (70%)
----------------- Invoking toplevel() on ptolemy.moml.MoMLSimpleApplication@1ba1d2b9
----------------- Done invoking toplevel() on ptolemy.moml.MoMLSimpleApplication@1ba1d2b9
reloadAllAccessors: .CannotProduce

===========================================================================================
----------------- testing Wed Jun 06 23:59:28 UTC 2018 /home/travis/build/icyphy/ptII/ptolemy/domains/modal/test/auto/CannotProduceModal.xml
----------------- Instantiating /home/travis/build/icyphy/ptII/ptolemy/domains/modal/test/auto/CannotProduceModal.xml
8 ms. Memory: 333824K Free: 224838K (67%)
----------------- Invoking toplevel() on ptolemy.moml.MoMLSimpleApplication@620cef89
----------------- Done invoking toplevel() on ptolemy.moml.MoMLSimpleApplication@620cef89
reloadAllAccessors: .CannotProduceModal

===========================================================================================
----------------- testing Wed Jun 06 23:59:28 UTC 2018 /home/travis/build/icyphy/ptII/ptolemy/domains/modal/test/auto/Case.xml
----------------- Instantiating /home/travis/build/icyphy/ptII/ptolemy/domains/modal/test/auto/Case.xml
27 ms. Memory: 333824K Free: 211334K (63%)
----------------- Invoking toplevel() on ptolemy.moml.MoMLSimpleApplication@6828f0ee
----------------- Done invoking toplevel() on ptolemy.moml.MoMLSimpleApplication@6828f0ee
reloadAllAccessors: .Case

===========================================================================================
----------------- testing Wed Jun 06 23:59:28 UTC 2018 /home/travis/build/icyphy/ptII/ptolemy/domains/modal/test/auto/Case1.xml
----------------- Instantiating /home/travis/build/icyphy/ptII/ptolemy/domains/modal/test/auto/Case1.xml
12 ms. Memory: 333824K Free: 200458K (60%)
----------------- Invoking toplevel() on ptolemy.moml.MoMLSimpleApplication@7e1a15a0
----------------- Done invoking toplevel() on ptolemy.moml.MoMLSimpleApplication@7e1a15a0
reloadAllAccessors: .Case1

===========================================================================================
----------------- testing Wed Jun 06 23:59:28 UTC 2018 /home/travis/build/icyphy/ptII/ptolemy/domains/modal/test/auto/Case2.xml
----------------- Instantiating /home/travis/build/icyphy/ptII/ptolemy/domains/modal/test/auto/Case2.xml
19 ms. Memory: 333824K Free: 188174K (56%)
----------------- Invoking toplevel() on ptolemy.moml.MoMLSimpleApplication@7ba8daa
----------------- Done invoking toplevel() on ptolemy.moml.MoMLSimpleApplication@7ba8daa
reloadAllAccessors: .Case2

===========================================================================================
----------------- testing Wed Jun 06 23:59:28 UTC 2018 /home/travis/build/icyphy/ptII/ptolemy/domains/modal/test/auto/CausalityInterface1.xml
----------------- Instantiating /home/travis/build/icyphy/ptII/ptolemy/domains/modal/test/auto/CausalityInterface1.xml
3 ms. Memory: 333824K Free: 182052K (55%)
----------------- Invoking toplevel() on ptolemy.moml.MoMLSimpleApplication@35bb06be
----------------- Done invoking toplevel() on ptolemy.moml.MoMLSimpleApplication@35bb06be
reloadAllAccessors: .CausalityInterface1

===========================================================================================
----------------- testing Wed Jun 06 23:59:28 UTC 2018 /home/travis/build/icyphy/ptII/ptolemy/domains/modal/test/auto/CausalityInterface10.xml
----------------- Instantiating /home/travis/build/icyphy/ptII/ptolemy/domains/modal/test/auto/CausalityInterface10.xml
11 ms. Memory: 333824K Free: 162580K (49%)
----------------- Invoking toplevel() on ptolemy.moml.MoMLSimpleApplication@37e06ca9
----------------- Done invoking toplevel() on ptolemy.moml.MoMLSimpleApplication@37e06ca9
reloadAllAccessors: .CausalityInterface10

===========================================================================================
----------------- testing Wed Jun 06 23:59:28 UTC 2018 /home/travis/build/icyphy/ptII/ptolemy/domains/modal/test/auto/CausalityInterface11.xml
----------------- Instantiating /home/travis/build/icyphy/ptII/ptolemy/domains/modal/test/auto/CausalityInterface11.xml
10 ms. Memory: 333824K Free: 146625K (44%)
----------------- Invoking toplevel() on ptolemy.moml.MoMLSimpleApplication@3fce1d2d
----------------- Done invoking toplevel() on ptolemy.moml.MoMLSimpleApplication@3fce1d2d
reloadAllAccessors: .CausalityInterface11

===========================================================================================
----------------- testing Wed Jun 06 23:59:28 UTC 2018 /home/travis/build/icyphy/ptII/ptolemy/domains/modal/test/auto/CausalityInterface12.xml
----------------- Instantiating /home/travis/build/icyphy/ptII/ptolemy/domains/modal/test/auto/CausalityInterface12.xml
4 ms. Memory: 333824K Free: 130678K (39%)
----------------- Invoking toplevel() on ptolemy.moml.MoMLSimpleApplication@31d9dfa
----------------- Done invoking toplevel() on ptolemy.moml.MoMLSimpleApplication@31d9dfa
reloadAllAccessors: .CausalityInterface12

===========================================================================================
----------------- testing Wed Jun 06 23:59:28 UTC 2018 /home/travis/build/icyphy/ptII/ptolemy/domains/modal/test/auto/CausalityInterface13.xml
----------------- Instantiating /home/travis/build/icyphy/ptII/ptolemy/domains/modal/test/auto/CausalityInterface13.xml
10 ms. Memory: 333824K Free: 111213K (33%)
----------------- Invoking toplevel() on ptolemy.moml.MoMLSimpleApplication@16b5eaec
----------------- Done invoking toplevel() on ptolemy.moml.MoMLSimpleApplication@16b5eaec
reloadAllAccessors: .CausalityInterface13

===========================================================================================
----------------- testing Wed Jun 06 23:59:28 UTC 2018 /home/travis/build/icyphy/ptII/ptolemy/domains/modal/test/auto/CausalityInterface14.xml
----------------- Instantiating /home/travis/build/icyphy/ptII/ptolemy/domains/modal/test/auto/CausalityInterface14.xml
4 ms. Memory: 333824K Free: 94005K (28%)
----------------- Invoking toplevel() on ptolemy.moml.MoMLSimpleApplication@1ce2ba69
----------------- Done invoking toplevel() on ptolemy.moml.MoMLSimpleApplication@1ce2ba69
reloadAllAccessors: .CausalityInterface14

===========================================================================================
----------------- testing Wed Jun 06 23:59:28 UTC 2018 /home/travis/build/icyphy/ptII/ptolemy/domains/modal/test/auto/CausalityInterface2.xml
----------------- Instantiating /home/travis/build/icyphy/ptII/ptolemy/domains/modal/test/auto/CausalityInterface2.xml
2 ms. Memory: 333824K Free: 86654K (26%)
----------------- Invoking toplevel() on ptolemy.moml.MoMLSimpleApplication@6c9fbea6
----------------- Done invoking toplevel() on ptolemy.moml.MoMLSimpleApplication@6c9fbea6
reloadAllAccessors: .CausalityInterface2

===========================================================================================
----------------- testing Wed Jun 06 23:59:28 UTC 2018 /home/travis/build/icyphy/ptII/ptolemy/domains/modal/test/auto/CausalityInterface3.xml
----------------- Instantiating /home/travis/build/icyphy/ptII/ptolemy/domains/modal/test/auto/CausalityInterface3.xml
3 ms. Memory: 577536K Free: 562745K (97%)
----------------- Invoking toplevel() on ptolemy.moml.MoMLSimpleApplication@65c6b088
----------------- Done invoking toplevel() on ptolemy.moml.MoMLSimpleApplication@65c6b088
reloadAllAccessors: .CausalityInterface3

===========================================================================================
----------------- testing Wed Jun 06 23:59:28 UTC 2018 /home/travis/build/icyphy/ptII/ptolemy/domains/modal/test/auto/CausalityInterface4.xml
----------------- Instantiating /home/travis/build/icyphy/ptII/ptolemy/domains/modal/test/auto/CausalityInterface4.xml
5 ms. Memory: 577536K Free: 549597K (95%)
----------------- Invoking toplevel() on ptolemy.moml.MoMLSimpleApplication@4c5099ac
----------------- Done invoking toplevel() on ptolemy.moml.MoMLSimpleApplication@4c5099ac
reloadAllAccessors: .CausalityInterface4

===========================================================================================
----------------- testing Wed Jun 06 23:59:28 UTC 2018 /home/travis/build/icyphy/ptII/ptolemy/domains/modal/test/auto/CausalityInterface5.xml
----------------- Instantiating /home/travis/build/icyphy/ptII/ptolemy/domains/modal/test/auto/CausalityInterface5.xml
3 ms. Memory: 577536K Free: 536577K (93%)
----------------- Invoking toplevel() on ptolemy.moml.MoMLSimpleApplication@29d14d12
----------------- Done invoking toplevel() on ptolemy.moml.MoMLSimpleApplication@29d14d12
reloadAllAccessors: .CausalityInterface5

===========================================================================================
----------------- testing Wed Jun 06 23:59:28 UTC 2018 /home/travis/build/icyphy/ptII/ptolemy/domains/modal/test/auto/CausalityInterface6.xml
----------------- Instantiating /home/travis/build/icyphy/ptII/ptolemy/domains/modal/test/auto/CausalityInterface6.xml
6 ms. Memory: 577536K Free: 523565K (91%)
----------------- Invoking toplevel() on ptolemy.moml.MoMLSimpleApplication@c0470fe
----------------- Done invoking toplevel() on ptolemy.moml.MoMLSimpleApplication@c0470fe
reloadAllAccessors: .CausalityInterface6

===========================================================================================
----------------- testing Wed Jun 06 23:59:28 UTC 2018 /home/travis/build/icyphy/ptII/ptolemy/domains/modal/test/auto/CausalityInterface7.xml
----------------- Instantiating /home/travis/build/icyphy/ptII/ptolemy/domains/modal/test/auto/CausalityInterface7.xml
6 ms. Memory: 577536K Free: 510537K (88%)
----------------- Invoking toplevel() on ptolemy.moml.MoMLSimpleApplication@780875fb
----------------- Done invoking toplevel() on ptolemy.moml.MoMLSimpleApplication@780875fb
reloadAllAccessors: .CausalityInterface7

===========================================================================================
----------------- testing Wed Jun 06 23:59:28 UTC 2018 /home/travis/build/icyphy/ptII/ptolemy/domains/modal/test/auto/CausalityInterface8.xml
----------------- Instantiating /home/travis/build/icyphy/ptII/ptolemy/domains/modal/test/auto/CausalityInterface8.xml
12 ms. Memory: 577536K Free: 494383K (86%)
----------------- Invoking toplevel() on ptolemy.moml.MoMLSimpleApplication@7c7af003
----------------- Done invoking toplevel() on ptolemy.moml.MoMLSimpleApplication@7c7af003
reloadAllAccessors: .CausalityInterface8

===========================================================================================
----------------- testing Wed Jun 06 23:59:28 UTC 2018 /home/travis/build/icyphy/ptII/ptolemy/domains/modal/test/auto/CausalityInterface9.xml
----------------- Instantiating /home/travis/build/icyphy/ptII/ptolemy/domains/modal/test/auto/CausalityInterface9.xml
6 ms. Memory: 577536K Free: 481355K (83%)
----------------- Invoking toplevel() on ptolemy.moml.MoMLSimpleApplication@2f16ef9f
----------------- Done invoking toplevel() on ptolemy.moml.MoMLSimpleApplication@2f16ef9f
reloadAllAccessors: .CausalityInterface9

===========================================================================================
----------------- testing Wed Jun 06 23:59:28 UTC 2018 /home/travis/build/icyphy/ptII/ptolemy/domains/modal/test/auto/ChainedTransitions.xml
----------------- Instantiating /home/travis/build/icyphy/ptII/ptolemy/domains/modal/test/auto/ChainedTransitions.xml
91 ms. Memory: 577536K Free: 452015K (78%)
----------------- Invoking toplevel() on ptolemy.moml.MoMLSimpleApplication@29baa430
----------------- Done invoking toplevel() on ptolemy.moml.MoMLSimpleApplication@29baa430
reloadAllAccessors: .ChainedTransitions

===========================================================================================
----------------- testing Wed Jun 06 23:59:28 UTC 2018 /home/travis/build/icyphy/ptII/ptolemy/domains/modal/test/auto/CycleOfImmediateTransitionsFSM.xml
----------------- Instantiating /home/travis/build/icyphy/ptII/ptolemy/domains/modal/test/auto/CycleOfImmediateTransitionsFSM.xml
3 ms. Memory: 577536K Free: 442240K (77%)
----------------- Invoking toplevel() on ptolemy.moml.MoMLSimpleApplication@62748dcd
----------------- Done invoking toplevel() on ptolemy.moml.MoMLSimpleApplication@62748dcd
reloadAllAccessors: .CycleOfImmediateTransitionsFSM

===========================================================================================
----------------- testing Wed Jun 06 23:59:28 UTC 2018 /home/travis/build/icyphy/ptII/ptolemy/domains/modal/test/auto/CycleOfImmediateTransitionsModal.xml
----------------- Instantiating /home/travis/build/icyphy/ptII/ptolemy/domains/modal/test/auto/CycleOfImmediateTransitionsModal.xml
2 ms. Memory: 577536K Free: 429331K (74%)
----------------- Invoking toplevel() on ptolemy.moml.MoMLSimpleApplication@417c7dac
----------------- Done invoking toplevel() on ptolemy.moml.MoMLSimpleApplication@417c7dac
reloadAllAccessors: .CycleOfImmediateTransitionsModal

===========================================================================================
----------------- testing Wed Jun 06 23:59:28 UTC 2018 /home/travis/build/icyphy/ptII/ptolemy/domains/modal/test/auto/CycleOfImmediateTransitionsModal2.xml
----------------- Instantiating /home/travis/build/icyphy/ptII/ptolemy/domains/modal/test/auto/CycleOfImmediateTransitionsModal2.xml
4 ms. Memory: 577536K Free: 419556K (73%)
----------------- Invoking toplevel() on ptolemy.moml.MoMLSimpleApplication@7135b402
----------------- Done invoking toplevel() on ptolemy.moml.MoMLSimpleApplication@7135b402
reloadAllAccessors: .CycleOfImmediateTransitionsModal2

===========================================================================================
----------------- testing Wed Jun 06 23:59:29 UTC 2018 /home/travis/build/icyphy/ptII/ptolemy/domains/modal/test/auto/CycleOfImmediateTransitionsModal3.xml
----------------- Instantiating /home/travis/build/icyphy/ptII/ptolemy/domains/modal/test/auto/CycleOfImmediateTransitionsModal3.xml
14 ms. Memory: 577536K Free: 390232K (68%)
----------------- Invoking toplevel() on ptolemy.moml.MoMLSimpleApplication@19e278ad
----------------- Done invoking toplevel() on ptolemy.moml.MoMLSimpleApplication@19e278ad
reloadAllAccessors: .CycleOfImmediateTransitionsModal3

===========================================================================================
----------------- testing Wed Jun 06 23:59:29 UTC 2018 /home/travis/build/icyphy/ptII/ptolemy/domains/modal/test/auto/DeepModal1.xml
----------------- Instantiating /home/travis/build/icyphy/ptII/ptolemy/domains/modal/test/auto/DeepModal1.xml
29 ms. Memory: 577536K Free: 370674K (64%)
----------------- Invoking toplevel() on ptolemy.moml.MoMLSimpleApplication@4dd77392
----------------- Done invoking toplevel() on ptolemy.moml.MoMLSimpleApplication@4dd77392
reloadAllAccessors: .DeepModal1

===========================================================================================
----------------- testing Wed Jun 06 23:59:29 UTC 2018 /home/travis/build/icyphy/ptII/ptolemy/domains/modal/test/auto/DeepModal2.xml
----------------- Instantiating /home/travis/build/icyphy/ptII/ptolemy/domains/modal/test/auto/DeepModal2.xml
22 ms. Memory: 577536K Free: 344722K (60%)
----------------- Invoking toplevel() on ptolemy.moml.MoMLSimpleApplication@109adb99
----------------- Done invoking toplevel() on ptolemy.moml.MoMLSimpleApplication@109adb99
reloadAllAccessors: .DeepModal2

===========================================================================================
----------------- testing Wed Jun 06 23:59:29 UTC 2018 /home/travis/build/icyphy/ptII/ptolemy/domains/modal/test/auto/DeepModal3.xml
----------------- Instantiating /home/travis/build/icyphy/ptII/ptolemy/domains/modal/test/auto/DeepModal3.xml
23 ms. Memory: 577536K Free: 321911K (56%)
----------------- Invoking toplevel() on ptolemy.moml.MoMLSimpleApplication@26999e19
----------------- Done invoking toplevel() on ptolemy.moml.MoMLSimpleApplication@26999e19
reloadAllAccessors: .DeepModal3

===========================================================================================
----------------- testing Wed Jun 06 23:59:29 UTC 2018 /home/travis/build/icyphy/ptII/ptolemy/domains/modal/test/auto/DeepModal4.xml
----------------- Instantiating /home/travis/build/icyphy/ptII/ptolemy/domains/modal/test/auto/DeepModal4.xml
37 ms. Memory: 577536K Free: 299109K (52%)
----------------- Invoking toplevel() on ptolemy.moml.MoMLSimpleApplication@3010d728
----------------- Done invoking toplevel() on ptolemy.moml.MoMLSimpleApplication@3010d728
reloadAllAccessors: .DeepModal4

===========================================================================================
----------------- testing Wed Jun 06 23:59:29 UTC 2018 /home/travis/build/icyphy/ptII/ptolemy/domains/modal/test/auto/Default1.xml
----------------- Instantiating /home/travis/build/icyphy/ptII/ptolemy/domains/modal/test/auto/Default1.xml
2 ms. Memory: 577536K Free: 289334K (50%)
----------------- Invoking toplevel() on ptolemy.moml.MoMLSimpleApplication@5f796a08
----------------- Done invoking toplevel() on ptolemy.moml.MoMLSimpleApplication@5f796a08
reloadAllAccessors: .Default1

===========================================================================================
----------------- testing Wed Jun 06 23:59:29 UTC 2018 /home/travis/build/icyphy/ptII/ptolemy/domains/modal/test/auto/Default2.xml
----------------- Instantiating /home/travis/build/icyphy/ptII/ptolemy/domains/modal/test/auto/Default2.xml
4 ms. Memory: 577536K Free: 276441K (48%)
----------------- Invoking toplevel() on ptolemy.moml.MoMLSimpleApplication@2de75204
----------------- Done invoking toplevel() on ptolemy.moml.MoMLSimpleApplication@2de75204
reloadAllAccessors: .Default2

===========================================================================================
----------------- testing Wed Jun 06 23:59:29 UTC 2018 /home/travis/build/icyphy/ptII/ptolemy/domains/modal/test/auto/Default3.xml
----------------- Instantiating /home/travis/build/icyphy/ptII/ptolemy/domains/modal/test/auto/Default3.xml
3 ms. Memory: 577536K Free: 266667K (46%)
----------------- Invoking toplevel() on ptolemy.moml.MoMLSimpleApplication@4a33670f
----------------- Done invoking toplevel() on ptolemy.moml.MoMLSimpleApplication@4a33670f
reloadAllAccessors: .Default3

===========================================================================================
----------------- testing Wed Jun 06 23:59:29 UTC 2018 /home/travis/build/icyphy/ptII/ptolemy/domains/modal/test/auto/Default4.xml
----------------- Instantiating /home/travis/build/icyphy/ptII/ptolemy/domains/modal/test/auto/Default4.xml
5 ms. Memory: 577536K Free: 256908K (44%)
----------------- Invoking toplevel() on ptolemy.moml.MoMLSimpleApplication@53f95764
----------------- Done invoking toplevel() on ptolemy.moml.MoMLSimpleApplication@53f95764
reloadAllAccessors: .Default4

===========================================================================================
----------------- testing Wed Jun 06 23:59:29 UTC 2018 /home/travis/build/icyphy/ptII/ptolemy/domains/modal/test/auto/Default5.xml
----------------- Instantiating /home/travis/build/icyphy/ptII/ptolemy/domains/modal/test/auto/Default5.xml
8 ms. Memory: 577536K Free: 243880K (42%)
----------------- Invoking toplevel() on ptolemy.moml.MoMLSimpleApplication@4362818f
----------------- Done invoking toplevel() on ptolemy.moml.MoMLSimpleApplication@4362818f
reloadAllAccessors: .Default5

===========================================================================================
----------------- testing Wed Jun 06 23:59:29 UTC 2018 /home/travis/build/icyphy/ptII/ptolemy/domains/modal/test/auto/EmptyGuard.xml
----------------- Instantiating /home/travis/build/icyphy/ptII/ptolemy/domains/modal/test/auto/EmptyGuard.xml
12 ms. Memory: 577536K Free: 227719K (39%)
----------------- Invoking toplevel() on ptolemy.moml.MoMLSimpleApplication@4d6132e3
----------------- Done invoking toplevel() on ptolemy.moml.MoMLSimpleApplication@4d6132e3
reloadAllAccessors: .EmptyGuard

===========================================================================================
----------------- testing Wed Jun 06 23:59:29 UTC 2018 /home/travis/build/icyphy/ptII/ptolemy/domains/modal/test/auto/ErrorTransition1.xml
----------------- Instantiating /home/travis/build/icyphy/ptII/ptolemy/domains/modal/test/auto/ErrorTransition1.xml
7 ms. Memory: 577536K Free: 214699K (37%)
----------------- Invoking toplevel() on ptolemy.moml.MoMLSimpleApplication@20f0c78e
----------------- Done invoking toplevel() on ptolemy.moml.MoMLSimpleApplication@20f0c78e
reloadAllAccessors: .ErrorTransition1

===========================================================================================
----------------- testing Wed Jun 06 23:59:29 UTC 2018 /home/travis/build/icyphy/ptII/ptolemy/domains/modal/test/auto/ErrorTransition10.xml
----------------- Instantiating /home/travis/build/icyphy/ptII/ptolemy/domains/modal/test/auto/ErrorTransition10.xml
14 ms. Memory: 577536K Free: 198410K (34%)
----------------- Invoking toplevel() on ptolemy.moml.MoMLSimpleApplication@328db112
----------------- Done invoking toplevel() on ptolemy.moml.MoMLSimpleApplication@328db112
reloadAllAccessors: .ErrorTransition10

===========================================================================================
----------------- testing Wed Jun 06 23:59:29 UTC 2018 /home/travis/build/icyphy/ptII/ptolemy/domains/modal/test/auto/ErrorTransition11.xml
----------------- Instantiating /home/travis/build/icyphy/ptII/ptolemy/domains/modal/test/auto/ErrorTransition11.xml
3 ms. Memory: 577536K Free: 182113K (32%)
----------------- Invoking toplevel() on ptolemy.moml.MoMLSimpleApplication@46d2869e
----------------- Done invoking toplevel() on ptolemy.moml.MoMLSimpleApplication@46d2869e
reloadAllAccessors: .ErrorTransition11

===========================================================================================
----------------- testing Wed Jun 06 23:59:29 UTC 2018 /home/travis/build/icyphy/ptII/ptolemy/domains/modal/test/auto/ErrorTransition2.xml
----------------- Instantiating /home/travis/build/icyphy/ptII/ptolemy/domains/modal/test/auto/ErrorTransition2.xml
5 ms. Memory: 577536K Free: 169102K (29%)
----------------- Invoking toplevel() on ptolemy.moml.MoMLSimpleApplication@7060cf0d
----------------- Done invoking toplevel() on ptolemy.moml.MoMLSimpleApplication@7060cf0d
reloadAllAccessors: .ErrorTransition2

===========================================================================================
----------------- testing Wed Jun 06 23:59:29 UTC 2018 /home/travis/build/icyphy/ptII/ptolemy/domains/modal/test/auto/ErrorTransition3.xml
----------------- Instantiating /home/travis/build/icyphy/ptII/ptolemy/domains/modal/test/auto/ErrorTransition3.xml
10 ms. Memory: 577536K Free: 152940K (26%)
----------------- Invoking toplevel() on ptolemy.moml.MoMLSimpleApplication@2ef31291
----------------- Done invoking toplevel() on ptolemy.moml.MoMLSimpleApplication@2ef31291
reloadAllAccessors: .ErrorTransition3

===========================================================================================
----------------- testing Wed Jun 06 23:59:29 UTC 2018 /home/travis/build/icyphy/ptII/ptolemy/domains/modal/test/auto/ErrorTransition4.xml
----------------- Instantiating /home/travis/build/icyphy/ptII/ptolemy/domains/modal/test/auto/ErrorTransition4.xml
10 ms. Memory: 577536K Free: 139912K (24%)
----------------- Invoking toplevel() on ptolemy.moml.MoMLSimpleApplication@1e21b5a5
----------------- Done invoking toplevel() on ptolemy.moml.MoMLSimpleApplication@1e21b5a5
reloadAllAccessors: .ErrorTransition4

===========================================================================================
----------------- testing Wed Jun 06 23:59:29 UTC 2018 /home/travis/build/icyphy/ptII/ptolemy/domains/modal/test/auto/ErrorTransition5.xml
----------------- Instantiating /home/travis/build/icyphy/ptII/ptolemy/domains/modal/test/auto/ErrorTransition5.xml
6 ms. Memory: 577536K Free: 126892K (22%)
----------------- Invoking toplevel() on ptolemy.moml.MoMLSimpleApplication@5395b099
----------------- Done invoking toplevel() on ptolemy.moml.MoMLSimpleApplication@5395b099
reloadAllAccessors: .ErrorTransition5

===========================================================================================
----------------- testing Wed Jun 06 23:59:29 UTC 2018 /home/travis/build/icyphy/ptII/ptolemy/domains/modal/test/auto/ErrorTransition6.xml
----------------- Instantiating /home/travis/build/icyphy/ptII/ptolemy/domains/modal/test/auto/ErrorTransition6.xml
7 ms. Memory: 577536K Free: 113865K (20%)
----------------- Invoking toplevel() on ptolemy.moml.MoMLSimpleApplication@75c25be3
----------------- Done invoking toplevel() on ptolemy.moml.MoMLSimpleApplication@75c25be3
reloadAllAccessors: .ErrorTransition6

===========================================================================================
----------------- testing Wed Jun 06 23:59:29 UTC 2018 /home/travis/build/icyphy/ptII/ptolemy/domains/modal/test/auto/ErrorTransition7.xml
----------------- Instantiating /home/travis/build/icyphy/ptII/ptolemy/domains/modal/test/auto/ErrorTransition7.xml
11 ms. Memory: 577536K Free: 94442K (16%)
----------------- Invoking toplevel() on ptolemy.moml.MoMLSimpleApplication@193ed77b
----------------- Done invoking toplevel() on ptolemy.moml.MoMLSimpleApplication@193ed77b
reloadAllAccessors: .ErrorTransition7

===========================================================================================
----------------- testing Wed Jun 06 23:59:29 UTC 2018 /home/travis/build/icyphy/ptII/ptolemy/domains/modal/test/auto/ErrorTransition8.xml
----------------- Instantiating /home/travis/build/icyphy/ptII/ptolemy/domains/modal/test/auto/ErrorTransition8.xml
51 ms. Memory: 578048K Free: 565773K (98%)
----------------- Invoking toplevel() on ptolemy.moml.MoMLSimpleApplication@4cab5a23
----------------- Done invoking toplevel() on ptolemy.moml.MoMLSimpleApplication@4cab5a23
reloadAllAccessors: .ErrorTransition8

===========================================================================================
----------------- testing Wed Jun 06 23:59:29 UTC 2018 /home/travis/build/icyphy/ptII/ptolemy/domains/modal/test/auto/ErrorTransition9.xml
----------------- Instantiating /home/travis/build/icyphy/ptII/ptolemy/domains/modal/test/auto/ErrorTransition9.xml
12 ms. Memory: 578048K Free: 544748K (94%)
----------------- Invoking toplevel() on ptolemy.moml.MoMLSimpleApplication@7ee71e38
----------------- Done invoking toplevel() on ptolemy.moml.MoMLSimpleApplication@7ee71e38
reloadAllAccessors: .ErrorTransition9

===========================================================================================
----------------- testing Wed Jun 06 23:59:29 UTC 2018 /home/travis/build/icyphy/ptII/ptolemy/domains/modal/test/auto/ExtendedFSM.xml
----------------- Instantiating /home/travis/build/icyphy/ptII/ptolemy/domains/modal/test/auto/ExtendedFSM.xml
5 ms. Memory: 578048K Free: 534973K (93%)
----------------- Invoking toplevel() on ptolemy.moml.MoMLSimpleApplication@513181c3
----------------- Done invoking toplevel() on ptolemy.moml.MoMLSimpleApplication@513181c3
reloadAllAccessors: .ExtendedFSM

===========================================================================================
----------------- testing Wed Jun 06 23:59:30 UTC 2018 /home/travis/build/icyphy/ptII/ptolemy/domains/modal/test/auto/FinalStates.xml
----------------- Instantiating /home/travis/build/icyphy/ptII/ptolemy/domains/modal/test/auto/FinalStates.xml
5 ms. Memory: 578048K Free: 523006K (90%)
----------------- Invoking toplevel() on ptolemy.moml.MoMLSimpleApplication@3033700d
----------------- Done invoking toplevel() on ptolemy.moml.MoMLSimpleApplication@3033700d
reloadAllAccessors: .FinalStates

===========================================================================================
----------------- testing Wed Jun 06 23:59:30 UTC 2018 /home/travis/build/icyphy/ptII/ptolemy/domains/modal/test/auto/FixedPointFSM.xml
----------------- Instantiating /home/travis/build/icyphy/ptII/ptolemy/domains/modal/test/auto/FixedPointFSM.xml
16 ms. Memory: 578048K Free: 505895K (88%)
----------------- Invoking toplevel() on ptolemy.moml.MoMLSimpleApplication@d937ec9
----------------- Done invoking toplevel() on ptolemy.moml.MoMLSimpleApplication@d937ec9
reloadAllAccessors: .FixedPointFSM

===========================================================================================
----------------- testing Wed Jun 06 23:59:30 UTC 2018 /home/travis/build/icyphy/ptII/ptolemy/domains/modal/test/auto/FixedPointIterationFSMActor.xml
----------------- Instantiating /home/travis/build/icyphy/ptII/ptolemy/domains/modal/test/auto/FixedPointIterationFSMActor.xml
5 ms. Memory: 578048K Free: 493673K (85%)
----------------- Invoking toplevel() on ptolemy.moml.MoMLSimpleApplication@5a9ccf0f
----------------- Done invoking toplevel() on ptolemy.moml.MoMLSimpleApplication@5a9ccf0f
reloadAllAccessors: .FixedPointIterationFSMActor

===========================================================================================
----------------- testing Wed Jun 06 23:59:30 UTC 2018 /home/travis/build/icyphy/ptII/ptolemy/domains/modal/test/auto/FixedPointIterationFSMActor2.xml
----------------- Instantiating /home/travis/build/icyphy/ptII/ptolemy/domains/modal/test/auto/FixedPointIterationFSMActor2.xml
11 ms. Memory: 578048K Free: 476803K (82%)
----------------- Invoking toplevel() on ptolemy.moml.MoMLSimpleApplication@102ac04e
----------------- Done invoking toplevel() on ptolemy.moml.MoMLSimpleApplication@102ac04e
reloadAllAccessors: .FixedPointIterationFSMActor2

===========================================================================================
----------------- testing Wed Jun 06 23:59:30 UTC 2018 /home/travis/build/icyphy/ptII/ptolemy/domains/modal/test/auto/ForbiddenInstantanousLoop.xml
----------------- Instantiating /home/travis/build/icyphy/ptII/ptolemy/domains/modal/test/auto/ForbiddenInstantanousLoop.xml
4 ms. Memory: 578048K Free: 462148K (80%)
----------------- Invoking toplevel() on ptolemy.moml.MoMLSimpleApplication@49c2bdbe
----------------- Done invoking toplevel() on ptolemy.moml.MoMLSimpleApplication@49c2bdbe
reloadAllAccessors: .ForbiddenInstantanousLoop

===========================================================================================
----------------- testing Wed Jun 06 23:59:30 UTC 2018 /home/travis/build/icyphy/ptII/ptolemy/domains/modal/test/auto/FunctionDependencyOfFSMActorTest.xml
----------------- Instantiating /home/travis/build/icyphy/ptII/ptolemy/domains/modal/test/auto/FunctionDependencyOfFSMActorTest.xml
12 ms. Memory: 578048K Free: 454829K (79%)
----------------- Invoking toplevel() on ptolemy.moml.MoMLSimpleApplication@605ad9c2
----------------- Done invoking toplevel() on ptolemy.moml.MoMLSimpleApplication@605ad9c2
reloadAllAccessors: .FunctionDependencyOfFSMActorTest

===========================================================================================
----------------- testing Wed Jun 06 23:59:30 UTC 2018 /home/travis/build/icyphy/ptII/ptolemy/domains/modal/test/auto/GuardExpression.xml
----------------- Instantiating /home/travis/build/icyphy/ptII/ptolemy/domains/modal/test/auto/GuardExpression.xml
1 ms. Memory: 578048K Free: 445302K (77%)
----------------- Invoking toplevel() on ptolemy.moml.MoMLSimpleApplication@3ced4c95
----------------- Done invoking toplevel() on ptolemy.moml.MoMLSimpleApplication@3ced4c95
reloadAllAccessors: .GuardExpression

===========================================================================================
----------------- testing Wed Jun 06 23:59:30 UTC 2018 /home/travis/build/icyphy/ptII/ptolemy/domains/modal/test/auto/GuardNotEvaluated.xml
----------------- Instantiating /home/travis/build/icyphy/ptII/ptolemy/domains/modal/test/auto/GuardNotEvaluated.xml
9 ms. Memory: 578048K Free: 433072K (75%)
----------------- Invoking toplevel() on ptolemy.moml.MoMLSimpleApplication@42bcd3f7
----------------- Done invoking toplevel() on ptolemy.moml.MoMLSimpleApplication@42bcd3f7
reloadAllAccessors: .GuardNotEvaluated

===========================================================================================
----------------- testing Wed Jun 06 23:59:30 UTC 2018 /home/travis/build/icyphy/ptII/ptolemy/domains/modal/test/auto/GuardNotEvaluated2.xml
----------------- Instantiating /home/travis/build/icyphy/ptII/ptolemy/domains/modal/test/auto/GuardNotEvaluated2.xml
5 ms. Memory: 578048K Free: 420841K (73%)
----------------- Invoking toplevel() on ptolemy.moml.MoMLSimpleApplication@7d0c7ab1
----------------- Done invoking toplevel() on ptolemy.moml.MoMLSimpleApplication@7d0c7ab1
reloadAllAccessors: .GuardNotEvaluated2

===========================================================================================
----------------- testing Wed Jun 06 23:59:30 UTC 2018 /home/travis/build/icyphy/ptII/ptolemy/domains/modal/test/auto/GuardOnAbsent.xml
----------------- Instantiating /home/travis/build/icyphy/ptII/ptolemy/domains/modal/test/auto/GuardOnAbsent.xml
12 ms. Memory: 578048K Free: 408874K (71%)
----------------- Invoking toplevel() on ptolemy.moml.MoMLSimpleApplication@2b09e01c
----------------- Done invoking toplevel() on ptolemy.moml.MoMLSimpleApplication@2b09e01c
reloadAllAccessors: .GuardOnAbsent

===========================================================================================
----------------- testing Wed Jun 06 23:59:30 UTC 2018 /home/travis/build/icyphy/ptII/ptolemy/domains/modal/test/auto/HierarchicalFSMTypeInference.xml
----------------- Instantiating /home/travis/build/icyphy/ptII/ptolemy/domains/modal/test/auto/HierarchicalFSMTypeInference.xml
4 ms. Memory: 578048K Free: 394204K (68%)
----------------- Invoking toplevel() on ptolemy.moml.MoMLSimpleApplication@659a82f7
----------------- Done invoking toplevel() on ptolemy.moml.MoMLSimpleApplication@659a82f7
reloadAllAccessors: .HierarchicalFSMTypeInference

===========================================================================================
----------------- testing Wed Jun 06 23:59:30 UTC 2018 /home/travis/build/icyphy/ptII/ptolemy/domains/modal/test/auto/Hysteresis.xml
----------------- Instantiating /home/travis/build/icyphy/ptII/ptolemy/domains/modal/test/auto/Hysteresis.xml
12 ms. Memory: 578048K Free: 374902K (65%)
----------------- Invoking toplevel() on ptolemy.moml.MoMLSimpleApplication@98be1ee
----------------- Done invoking toplevel() on ptolemy.moml.MoMLSimpleApplication@98be1ee
reloadAllAccessors: .Hysteresis

===========================================================================================
----------------- testing Wed Jun 06 23:59:30 UTC 2018 /home/travis/build/icyphy/ptII/ptolemy/domains/modal/test/auto/HysteresisWithDefault.xml
----------------- Instantiating /home/travis/build/icyphy/ptII/ptolemy/domains/modal/test/auto/HysteresisWithDefault.xml
29 ms. Memory: 578048K Free: 348001K (60%)
----------------- Invoking toplevel() on ptolemy.moml.MoMLSimpleApplication@303ec2ff
----------------- Done invoking toplevel() on ptolemy.moml.MoMLSimpleApplication@303ec2ff
reloadAllAccessors: .HysteresisWithDefault

===========================================================================================
----------------- testing Wed Jun 06 23:59:30 UTC 2018 /home/travis/build/icyphy/ptII/ptolemy/domains/modal/test/auto/HysteresisWithDefault2.xml
----------------- Instantiating /home/travis/build/icyphy/ptII/ptolemy/domains/modal/test/auto/HysteresisWithDefault2.xml
34 ms. Memory: 578048K Free: 316181K (55%)
----------------- Invoking toplevel() on ptolemy.moml.MoMLSimpleApplication@2ab242e
----------------- Done invoking toplevel() on ptolemy.moml.MoMLSimpleApplication@2ab242e
reloadAllAccessors: .HysteresisWithDefault2

===========================================================================================
----------------- testing Wed Jun 06 23:59:30 UTC 2018 /home/travis/build/icyphy/ptII/ptolemy/domains/modal/test/auto/ImmediateNonConstructiveness.xml
----------------- Instantiating /home/travis/build/icyphy/ptII/ptolemy/domains/modal/test/auto/ImmediateNonConstructiveness.xml
3 ms. Memory: 578048K Free: 304215K (53%)
----------------- Invoking toplevel() on ptolemy.moml.MoMLSimpleApplication@747249d6
----------------- Done invoking toplevel() on ptolemy.moml.MoMLSimpleApplication@747249d6
reloadAllAccessors: .ImmediateNonConstructiveness

===========================================================================================
----------------- testing Wed Jun 06 23:59:30 UTC 2018 /home/travis/build/icyphy/ptII/ptolemy/domains/modal/test/auto/ImmediateNonConstructiveness2.xml
----------------- Instantiating /home/travis/build/icyphy/ptII/ptolemy/domains/modal/test/auto/ImmediateNonConstructiveness2.xml
1 ms. Memory: 578048K Free: 294440K (51%)
----------------- Invoking toplevel() on ptolemy.moml.MoMLSimpleApplication@5f33886e
----------------- Done invoking toplevel() on ptolemy.moml.MoMLSimpleApplication@5f33886e
reloadAllAccessors: .ImmediateNonConstructiveness2

===========================================================================================
----------------- testing Wed Jun 06 23:59:30 UTC 2018 /home/travis/build/icyphy/ptII/ptolemy/domains/modal/test/auto/ImmediateTransitionReset.xml
----------------- Instantiating /home/travis/build/icyphy/ptII/ptolemy/domains/modal/test/auto/ImmediateTransitionReset.xml
4 ms. Memory: 578048K Free: 279786K (48%)
----------------- Invoking toplevel() on ptolemy.moml.MoMLSimpleApplication@6effd42d
----------------- Done invoking toplevel() on ptolemy.moml.MoMLSimpleApplication@6effd42d
reloadAllAccessors: .ImmediateTransitionReset

===========================================================================================
----------------- testing Wed Jun 06 23:59:30 UTC 2018 /home/travis/build/icyphy/ptII/ptolemy/domains/modal/test/auto/ImmediateTransitions1.xml
----------------- Instantiating /home/travis/build/icyphy/ptII/ptolemy/domains/modal/test/auto/ImmediateTransitions1.xml
2 ms. Memory: 578048K Free: 270259K (47%)
----------------- Invoking toplevel() on ptolemy.moml.MoMLSimpleApplication@6d8773c8
----------------- Done invoking toplevel() on ptolemy.moml.MoMLSimpleApplication@6d8773c8
reloadAllAccessors: .ImmediateTransitions1

===========================================================================================
----------------- testing Wed Jun 06 23:59:30 UTC 2018 /home/travis/build/icyphy/ptII/ptolemy/domains/modal/test/auto/ImmediateTransitionsInstantaneousCommunication.xml
----------------- Instantiating /home/travis/build/icyphy/ptII/ptolemy/domains/modal/test/auto/ImmediateTransitionsInstantaneousCommunication.xml
3 ms. Memory: 578048K Free: 255605K (44%)
----------------- Invoking toplevel() on ptolemy.moml.MoMLSimpleApplication@330487c5
----------------- Done invoking toplevel() on ptolemy.moml.MoMLSimpleApplication@330487c5
reloadAllAccessors: .ImmediateTransitionsInstantaneousCommunication

===========================================================================================
----------------- testing Wed Jun 06 23:59:30 UTC 2018 /home/travis/build/icyphy/ptII/ptolemy/domains/modal/test/auto/InitialImmediateTransition.xml
----------------- Instantiating /home/travis/build/icyphy/ptII/ptolemy/domains/modal/test/auto/InitialImmediateTransition.xml
3 ms. Memory: 578048K Free: 243390K (42%)
----------------- Invoking toplevel() on ptolemy.moml.MoMLSimpleApplication@54be1e9f
----------------- Done invoking toplevel() on ptolemy.moml.MoMLSimpleApplication@54be1e9f
reloadAllAccessors: .InitialImmediateTransition

===========================================================================================
----------------- testing Wed Jun 06 23:59:30 UTC 2018 /home/travis/build/icyphy/ptII/ptolemy/domains/modal/test/auto/InitialOutputs.xml
----------------- Instantiating /home/travis/build/icyphy/ptII/ptolemy/domains/modal/test/auto/InitialOutputs.xml
2 ms. Memory: 578048K Free: 231408K (40%)
----------------- Invoking toplevel() on ptolemy.moml.MoMLSimpleApplication@545d98ef
----------------- Done invoking toplevel() on ptolemy.moml.MoMLSimpleApplication@545d98ef
reloadAllAccessors: .InitialOutputs

===========================================================================================
----------------- testing Wed Jun 06 23:59:30 UTC 2018 /home/travis/build/icyphy/ptII/ptolemy/domains/modal/test/auto/InitialStateTransition1.xml
----------------- Instantiating /home/travis/build/icyphy/ptII/ptolemy/domains/modal/test/auto/InitialStateTransition1.xml
5 ms. Memory: 578048K Free: 221633K (38%)
----------------- Invoking toplevel() on ptolemy.moml.MoMLSimpleApplication@5e38330f
----------------- Done invoking toplevel() on ptolemy.moml.MoMLSimpleApplication@5e38330f
reloadAllAccessors: .InitialStateTransition1

===========================================================================================
----------------- testing Wed Jun 06 23:59:30 UTC 2018 /home/travis/build/icyphy/ptII/ptolemy/domains/modal/test/auto/InitialStateTransition2.xml
----------------- Instantiating /home/travis/build/icyphy/ptII/ptolemy/domains/modal/test/auto/InitialStateTransition2.xml
.InitialStateTransition2.TestExceptionAttributeNonConstructive: initialize() was not invoked, but wrapup() was.  This is unusual, but not always a problem.  For example, exporting JNLP will do this.
1 ms. Memory: 578048K Free: 207211K (36%)
----------------- Invoking toplevel() on ptolemy.moml.MoMLSimpleApplication@1a78f214
----------------- Done invoking toplevel() on ptolemy.moml.MoMLSimpleApplication@1a78f214
reloadAllAccessors: .InitialStateTransition2

===========================================================================================
----------------- testing Wed Jun 06 23:59:30 UTC 2018 /home/travis/build/icyphy/ptII/ptolemy/domains/modal/test/auto/InitialStateTransition3.xml
----------------- Instantiating /home/travis/build/icyphy/ptII/ptolemy/domains/modal/test/auto/InitialStateTransition3.xml
4 ms. Memory: 578048K Free: 194981K (34%)
----------------- Invoking toplevel() on ptolemy.moml.MoMLSimpleApplication@266cf162
----------------- Done invoking toplevel() on ptolemy.moml.MoMLSimpleApplication@266cf162
reloadAllAccessors: .InitialStateTransition3

===========================================================================================
----------------- testing Wed Jun 06 23:59:30 UTC 2018 /home/travis/build/icyphy/ptII/ptolemy/domains/modal/test/auto/InitialStateTransition4.xml
----------------- Instantiating /home/travis/build/icyphy/ptII/ptolemy/domains/modal/test/auto/InitialStateTransition4.xml
3 ms. Memory: 578048K Free: 182758K (32%)
----------------- Invoking toplevel() on ptolemy.moml.MoMLSimpleApplication@767ec764
----------------- Done invoking toplevel() on ptolemy.moml.MoMLSimpleApplication@767ec764
[...]
----------------- Done invoking toplevel() on ptolemy.moml.MoMLSimpleApplication@56633e8c
reloadAllAccessors: .TerminationTransition3

===========================================================================================
----------------- testing Wed Jun 06 23:59:32 UTC 2018 /home/travis/build/icyphy/ptII/ptolemy/domains/modal/test/auto/TerminationTransition4.xml
----------------- Instantiating /home/travis/build/icyphy/ptII/ptolemy/domains/modal/test/auto/TerminationTransition4.xml
5 ms. Memory: 870912K Free: 129762K (15%)
----------------- Invoking toplevel() on ptolemy.moml.MoMLSimpleApplication@409b7eaa
----------------- Done invoking toplevel() on ptolemy.moml.MoMLSimpleApplication@409b7eaa
reloadAllAccessors: .TerminationTransition4

===========================================================================================
----------------- testing Wed Jun 06 23:59:32 UTC 2018 /home/travis/build/icyphy/ptII/ptolemy/domains/modal/test/auto/TerminationTransition5.xml
----------------- Instantiating /home/travis/build/icyphy/ptII/ptolemy/domains/modal/test/auto/TerminationTransition5.xml
2 ms. Memory: 870912K Free: 110210K (13%)
----------------- Invoking toplevel() on ptolemy.moml.MoMLSimpleApplication@48608329
----------------- Done invoking toplevel() on ptolemy.moml.MoMLSimpleApplication@48608329
reloadAllAccessors: .TerminationTransition5

===========================================================================================
----------------- testing Wed Jun 06 23:59:32 UTC 2018 /home/travis/build/icyphy/ptII/ptolemy/domains/modal/test/auto/TerminationTransition6.xml
----------------- Instantiating /home/travis/build/icyphy/ptII/ptolemy/domains/modal/test/auto/TerminationTransition6.xml
1 ms. Memory: 870912K Free: 92011K (11%)
----------------- Invoking toplevel() on ptolemy.moml.MoMLSimpleApplication@c7a9682
----------------- Done invoking toplevel() on ptolemy.moml.MoMLSimpleApplication@c7a9682
reloadAllAccessors: .TerminationTransition6

===========================================================================================
----------------- testing Wed Jun 06 23:59:32 UTC 2018 /home/travis/build/icyphy/ptII/ptolemy/domains/modal/test/auto/TerminationTransition7.xml
----------------- Instantiating /home/travis/build/icyphy/ptII/ptolemy/domains/modal/test/auto/TerminationTransition7.xml
2 ms. Memory: 870912K Free: 79193K (9%)
----------------- Invoking toplevel() on ptolemy.moml.MoMLSimpleApplication@51347e4c
----------------- Done invoking toplevel() on ptolemy.moml.MoMLSimpleApplication@51347e4c
reloadAllAccessors: .TerminationTransition7

===========================================================================================
----------------- testing Wed Jun 06 23:59:32 UTC 2018 /home/travis/build/icyphy/ptII/ptolemy/domains/modal/test/auto/TerminationTransition8.xml
----------------- Instantiating /home/travis/build/icyphy/ptII/ptolemy/domains/modal/test/auto/TerminationTransition8.xml
1 ms. Memory: 870912K Free: 842706K (97%)
----------------- Invoking toplevel() on ptolemy.moml.MoMLSimpleApplication@78fabd19
----------------- Done invoking toplevel() on ptolemy.moml.MoMLSimpleApplication@78fabd19
reloadAllAccessors: .TerminationTransition8

===========================================================================================
----------------- testing Wed Jun 06 23:59:32 UTC 2018 /home/travis/build/icyphy/ptII/ptolemy/domains/modal/test/auto/Thermostat_NoHysteresis.xml
----------------- Instantiating /home/travis/build/icyphy/ptII/ptolemy/domains/modal/test/auto/Thermostat_NoHysteresis.xml
18 ms. Memory: 870912K Free: 809460K (93%)
----------------- Invoking toplevel() on ptolemy.moml.MoMLSimpleApplication@b1be30a
----------------- Done invoking toplevel() on ptolemy.moml.MoMLSimpleApplication@b1be30a
reloadAllAccessors: .Thermostat_NoHysteresis

===========================================================================================
----------------- testing Wed Jun 06 23:59:32 UTC 2018 /home/travis/build/icyphy/ptII/ptolemy/domains/modal/test/auto/TimedFSM.xml
----------------- Instantiating /home/travis/build/icyphy/ptII/ptolemy/domains/modal/test/auto/TimedFSM.xml
7 ms. Memory: 870912K Free: 793828K (91%)
----------------- Invoking toplevel() on ptolemy.moml.MoMLSimpleApplication@5cfe3cfd
----------------- Done invoking toplevel() on ptolemy.moml.MoMLSimpleApplication@5cfe3cfd
reloadAllAccessors: .TimedFSM

===========================================================================================
----------------- testing Wed Jun 06 23:59:32 UTC 2018 /home/travis/build/icyphy/ptII/ptolemy/domains/modal/test/auto/Timeout1.xml
----------------- Instantiating /home/travis/build/icyphy/ptII/ptolemy/domains/modal/test/auto/Timeout1.xml
3 ms. Memory: 870912K Free: 781542K (90%)
----------------- Invoking toplevel() on ptolemy.moml.MoMLSimpleApplication@7e7315c5
----------------- Done invoking toplevel() on ptolemy.moml.MoMLSimpleApplication@7e7315c5
reloadAllAccessors: .Timeout1

===========================================================================================
----------------- testing Wed Jun 06 23:59:32 UTC 2018 /home/travis/build/icyphy/ptII/ptolemy/domains/modal/test/auto/Timeout2.xml
----------------- Instantiating /home/travis/build/icyphy/ptII/ptolemy/domains/modal/test/auto/Timeout2.xml
4 ms. Memory: 870912K Free: 765910K (88%)
----------------- Invoking toplevel() on ptolemy.moml.MoMLSimpleApplication@1d394076
----------------- Done invoking toplevel() on ptolemy.moml.MoMLSimpleApplication@1d394076
reloadAllAccessors: .Timeout2

===========================================================================================
----------------- testing Wed Jun 06 23:59:32 UTC 2018 /home/travis/build/icyphy/ptII/ptolemy/domains/modal/test/auto/Timeout3.xml
----------------- Instantiating /home/travis/build/icyphy/ptII/ptolemy/domains/modal/test/auto/Timeout3.xml
1 ms. Memory: 870912K Free: 753623K (87%)
----------------- Invoking toplevel() on ptolemy.moml.MoMLSimpleApplication@1dd1ca3e
----------------- Done invoking toplevel() on ptolemy.moml.MoMLSimpleApplication@1dd1ca3e
reloadAllAccessors: .Timeout3

===========================================================================================
----------------- testing Wed Jun 06 23:59:32 UTC 2018 /home/travis/build/icyphy/ptII/ptolemy/domains/modal/test/auto/Timeout4.xml
----------------- Instantiating /home/travis/build/icyphy/ptII/ptolemy/domains/modal/test/auto/Timeout4.xml
2 ms. Memory: 870912K Free: 743213K (85%)
----------------- Invoking toplevel() on ptolemy.moml.MoMLSimpleApplication@3ceb198
----------------- Done invoking toplevel() on ptolemy.moml.MoMLSimpleApplication@3ceb198
reloadAllAccessors: .Timeout4

===========================================================================================
----------------- testing Wed Jun 06 23:59:32 UTC 2018 /home/travis/build/icyphy/ptII/ptolemy/domains/modal/test/auto/TransientstateModelAdvanced.xml
----------------- Instantiating /home/travis/build/icyphy/ptII/ptolemy/domains/modal/test/auto/TransientstateModelAdvanced.xml
2 ms. Memory: 870912K Free: 720516K (83%)
----------------- Invoking toplevel() on ptolemy.moml.MoMLSimpleApplication@6a955a4a
----------------- Done invoking toplevel() on ptolemy.moml.MoMLSimpleApplication@6a955a4a
reloadAllAccessors: .TransientstateModelAdvanced

===========================================================================================
----------------- testing Wed Jun 06 23:59:32 UTC 2018 /home/travis/build/icyphy/ptII/ptolemy/domains/modal/test/auto/TransientstateModelAdvanced2.xml
----------------- Instantiating /home/travis/build/icyphy/ptII/ptolemy/domains/modal/test/auto/TransientstateModelAdvanced2.xml
3 ms. Memory: 870912K Free: 699678K (80%)
----------------- Invoking toplevel() on ptolemy.moml.MoMLSimpleApplication@4312c9e2
----------------- Done invoking toplevel() on ptolemy.moml.MoMLSimpleApplication@4312c9e2
reloadAllAccessors: .transientstatemodelAdvanced

===========================================================================================
----------------- testing Wed Jun 06 23:59:32 UTC 2018 /home/travis/build/icyphy/ptII/ptolemy/domains/modal/test/auto/TransitionRefinements.xml
----------------- Instantiating /home/travis/build/icyphy/ptII/ptolemy/domains/modal/test/auto/TransitionRefinements.xml
10 ms. Memory: 870912K Free: 682171K (78%)
----------------- Invoking toplevel() on ptolemy.moml.MoMLSimpleApplication@2502a6ac
----------------- Done invoking toplevel() on ptolemy.moml.MoMLSimpleApplication@2502a6ac
reloadAllAccessors: .TransitionRefinements

===========================================================================================
----------------- testing Wed Jun 06 23:59:32 UTC 2018 /home/travis/build/icyphy/ptII/ptolemy/domains/modal/test/auto/TwoRefinements1.xml
----------------- Instantiating /home/travis/build/icyphy/ptII/ptolemy/domains/modal/test/auto/TwoRefinements1.xml
3 ms. Memory: 870912K Free: 666539K (77%)
----------------- Invoking toplevel() on ptolemy.moml.MoMLSimpleApplication@1f1abbed
----------------- Done invoking toplevel() on ptolemy.moml.MoMLSimpleApplication@1f1abbed
reloadAllAccessors: .TwoRefinements1

===========================================================================================
----------------- testing Wed Jun 06 23:59:32 UTC 2018 /home/travis/build/icyphy/ptII/ptolemy/domains/modal/test/auto/TwoRefinements2.xml
----------------- Instantiating /home/travis/build/icyphy/ptII/ptolemy/domains/modal/test/auto/TwoRefinements2.xml
2 ms. Memory: 870912K Free: 649031K (75%)
----------------- Invoking toplevel() on ptolemy.moml.MoMLSimpleApplication@6b2c34f0
----------------- Done invoking toplevel() on ptolemy.moml.MoMLSimpleApplication@6b2c34f0
reloadAllAccessors: .TwoRefinements2

===========================================================================================
----------------- testing Wed Jun 06 23:59:32 UTC 2018 /home/travis/build/icyphy/ptII/ptolemy/domains/modal/test/auto/WeakImmediateTransition.xml
----------------- Instantiating /home/travis/build/icyphy/ptII/ptolemy/domains/modal/test/auto/WeakImmediateTransition.xml
5 ms. Memory: 870912K Free: 633414K (73%)
----------------- Invoking toplevel() on ptolemy.moml.MoMLSimpleApplication@760db958
----------------- Done invoking toplevel() on ptolemy.moml.MoMLSimpleApplication@760db958
reloadAllAccessors: .WeakImmediateTransition

===========================================================================================
----------------- testing Wed Jun 06 23:59:32 UTC 2018 /home/travis/build/icyphy/ptII/ptolemy/domains/modal/test/auto/booleanSelect.xml
----------------- Instantiating /home/travis/build/icyphy/ptII/ptolemy/domains/modal/test/auto/booleanSelect.xml
38 ms. Memory: 870912K Free: 605480K (70%)
----------------- Invoking toplevel() on ptolemy.moml.MoMLSimpleApplication@e7071c5
----------------- Done invoking toplevel() on ptolemy.moml.MoMLSimpleApplication@e7071c5
reloadAllAccessors: .booleanSelect

===========================================================================================
----------------- testing Wed Jun 06 23:59:32 UTC 2018 /home/travis/build/icyphy/ptII/ptolemy/domains/modal/test/auto/modalChangingParams.xml
----------------- Instantiating /home/travis/build/icyphy/ptII/ptolemy/domains/modal/test/auto/modalChangingParams.xml
0
1
0
2
4
6
8
7
0
2
4
6
8
13
0
2
4
6
8
19
0
2
4
6
8
25
0
2
4
6
8
31
0
2
4
6
8
37
0
2
4
6
8
43
0
2
4
6
8
49
0
2
4
6
8
55
0
2
4
6
8
61
0
2
4
6
8
67
0
2
4
6
8
73
0
2
4
6
8
79
0
2
4
6
8
85
0
2
4
6
8
91
0
2
4
6
8
97
0
2
4
6
8
103
0
2
4
6
8
109
0
2
4
6
8
115
0
2
4
6
8
121
0
2
4
6
8
127
0
2
4
6
8
133
0
2
4
6
8
139
0
2
4
6
8
145
0
2
4
6
8
151
0
2
4
6
8
157
0
2
4
6
8
163
0
2
4
6
8
169
0
2
4
6
8
175
0
2
4
6
8
181
0
2
4
6
8
187
0
2
4
6
8
193
0
2
4
6
8
199
0
2
4
6
8
205
0
2
4
6
8
211
0
2
4
6
8
217
0
2
4
6
8
223
0
2
4
6
8
229
0
2
4
6
8
235
0
2
4
6
8
241
0
2
4
6
8
247
0
2
4
6
8
253
0
2
4
6
8
259
0
2
4
6
8
265
0
2
4
6
8
271
0
2
4
6
8
277
0
2
4
6
8
283
0
2
4
6
8
289
0
2
4
6
8
295
0
2
4
6
8
301
0
2
4
6
8
307
0
2
4
6
8
313
0
2
4
6
8
319
0
2
4
6
8
325
0
2
4
6
8
331
0
2
4
6
8
337
0
2
4
6
8
343
0
2
4
6
8
349
0
2
4
6
8
355
0
2
4
6
8
361
0
2
4
6
8
367
0
2
4
6
8
373
0
2
4
6
8
379
0
2
4
6
8
385
0
2
4
6
8
391
0
2
4
6
8
397
0
2
4
6
8
403
0
2
4
6
8
409
0
2
4
6
8
415
0
2
4
6
8
421
0
2
4
6
8
427
0
2
4
6
8
433
0
2
4
6
8
439
0
2
4
6
8
445
0
2
4
6
8
451
0
2
4
6
8
457
0
2
4
6
8
463
0
2
4
6
8
469
0
2
4
6
8
475
0
2
4
6
8
481
0
2
4
6
8
487
0
2
4
6
8
493
0
2
4
6
8
499
0
2
4
6
8
505
0
2
4
6
8
511
0
2
4
6
8
517
0
2
4
6
8
523
0
2
4
6
8
529
0
2
4
6
8
535
0
2
4
6
8
541
0
2
4
6
8
547
0
2
4
6
8
553
0
2
4
6
8
559
0
2
4
6
8
565
0
2
4
6
8
571
0
2
4
6
8
577
0
2
4
6
8
583
0
2
4
6
8
589
0
2
4
6
8
595
0
2
4
6
8
601
0
2
4
6
8
607
0
2
4
6
8
613
0
2
4
6
8
619
0
2
4
6
8
625
0
2
4
6
8
631
0
2
4
6
8
637
0
2
4
6
8
643
0
2
4
6
8
649
0
2
4
6
8
655
0
2
4
6
8
661
0
2
4
6
8
667
0
2
4
6
8
673
0
2
4
6
8
679
0
2
4
6
8
685
0
2
4
6
8
691
0
2
4
6
8
697
0
2
4
6
8
703
0
2
4
6
8
709
0
2
4
6
8
715
0
2
4
6
8
721
0
2
4
6
8
727
0
2
4
6
8
733
0
2
4
6
8
739
0
2
4
6
8
745
0
2
4
6
8
751
0
2
4
6
8
757
0
2
4
6
8
763
0
2
4
6
8
769
0
2
4
6
8
775
0
2
4
6
8
781
0
2
4
6
8
787
0
2
4
6
8
793
0
2
4
6
8
799
0
2
4
6
8
805
0
2
4
6
8
811
0
2
4
6
8
817
0
2
4
6
8
823
0
2
4
6
8
829
0
2
4
6
8
835
0
2
4
6
8
841
0
2
4
6
8
847
0
2
4
6
8
853
0
2
4
6
8
859
0
2
4
6
8
865
0
2
4
6
8
871
0
2
4
6
8
877
0
2
4
6
8
883
0
2
4
6
8
889
0
2
4
6
8
895
0
2
4
6
8
901
0
2
4
6
8
907
0
2
4
6
8
913
0
2
4
6
8
919
0
2
4
6
8
925
0
2
4
6
8
931
0
2
4
6
8
937
0
2
4
6
8
943
0
2
4
6
8
949
0
2
4
6
8
955
0
2
4
6
8
961
0
2
4
6
8
967
0
2
4
6
8
973
0
2
4
6
8
979
0
2
4
6
8
985
0
2
4
6
8
991
0
2
4
6
8
997
0
2
233 ms. Memory: 870912K Free: 485564K (56%)
----------------- Invoking toplevel() on ptolemy.moml.MoMLSimpleApplication@c7c80fb
----------------- Done invoking toplevel() on ptolemy.moml.MoMLSimpleApplication@c7c80fb
reloadAllAccessors: .modalChangingParams

===========================================================================================
----------------- testing Wed Jun 06 23:59:33 UTC 2018 /home/travis/build/icyphy/ptII/ptolemy/domains/modal/test/auto/modalModel.xml
----------------- Instantiating /home/travis/build/icyphy/ptII/ptolemy/domains/modal/test/auto/modalModel.xml
14 ms. Memory: 870912K Free: 468057K (54%)
----------------- Invoking toplevel() on ptolemy.moml.MoMLSimpleApplication@20171a78
----------------- Done invoking toplevel() on ptolemy.moml.MoMLSimpleApplication@20171a78
reloadAllAccessors: .modalModel

===========================================================================================
----------------- testing Wed Jun 06 23:59:33 UTC 2018 /home/travis/build/icyphy/ptII/ptolemy/domains/modal/test/auto/modalModel2.xml
----------------- Instantiating /home/travis/build/icyphy/ptII/ptolemy/domains/modal/test/auto/modalModel2.xml
5 ms. Memory: 870912K Free: 452425K (52%)
----------------- Invoking toplevel() on ptolemy.moml.MoMLSimpleApplication@935b3af
----------------- Done invoking toplevel() on ptolemy.moml.MoMLSimpleApplication@935b3af
reloadAllAccessors: .modalModel2

===========================================================================================
----------------- testing Wed Jun 06 23:59:33 UTC 2018 /home/travis/build/icyphy/ptII/ptolemy/domains/modal/test/auto/modalModel3.xml
----------------- Instantiating /home/travis/build/icyphy/ptII/ptolemy/domains/modal/test/auto/modalModel3.xml
0	0	0
3	2	1
6	4	2
9	6	3
4	0	4
7	2	5
10	4	6
13	6	7
8	0	8
11	2	9
14	4	10
17	6	11
12	0	12
15	2	13
18	4	14
10 ms. Memory: 870912K Free: 431603K (50%)
----------------- Invoking toplevel() on ptolemy.moml.MoMLSimpleApplication@58d8c9b1
----------------- Done invoking toplevel() on ptolemy.moml.MoMLSimpleApplication@58d8c9b1
reloadAllAccessors: .modalModel3

===========================================================================================
----------------- testing Wed Jun 06 23:59:33 UTC 2018 /home/travis/build/icyphy/ptII/ptolemy/domains/modal/test/auto/model1.xml
----------------- Instantiating /home/travis/build/icyphy/ptII/ptolemy/domains/modal/test/auto/model1.xml
8 ms. Memory: 870912K Free: 419317K (48%)
----------------- Invoking toplevel() on ptolemy.moml.MoMLSimpleApplication@4c5feea6
----------------- Done invoking toplevel() on ptolemy.moml.MoMLSimpleApplication@4c5feea6
reloadAllAccessors: .model1

===========================================================================================
----------------- testing Wed Jun 06 23:59:33 UTC 2018 /home/travis/build/icyphy/ptII/ptolemy/domains/modal/test/auto/test-direct-in-out.xml
----------------- Instantiating /home/travis/build/icyphy/ptII/ptolemy/domains/modal/test/auto/test-direct-in-out.xml
4 ms. Memory: 870912K Free: 403701K (46%)
----------------- Invoking toplevel() on ptolemy.moml.MoMLSimpleApplication@7b022217
----------------- Done invoking toplevel() on ptolemy.moml.MoMLSimpleApplication@7b022217
reloadAllAccessors: .test-direct-in-out
AutoTests.java: About to close Vertx.
AutoTests.java: Vertx closed.
]]></system-out>
  <system-err><![CDATA[java.lang.RuntimeException: Execution failed
	at ptolemy.moml.MoMLSimpleApplication$UnloadThread.run(MoMLSimpleApplication.java:402)
Caused by: ptolemy.kernel.util.IllegalActionException: Unknown inputs remain. Possible causality loop:
L_model_1893289564i

  in .CannotAnalysisWithPreemption.model_1893289564_region_1 and .CannotAnalysisWithPreemption.model_1893289564_region_1.L_model_1893289564i
	at ptolemy.actor.sched.FixedPointDirector.postfire(FixedPointDirector.java:515)
	at ptolemy.domains.sr.kernel.SRDirector.postfire(SRDirector.java:417)
	at ptolemy.actor.CompositeActor.postfire(CompositeActor.java:1668)
	at ptolemy.actor.Manager.iterate(Manager.java:852)
	at ptolemy.actor.Manager.execute(Manager.java:369)
	at ptolemy.actor.Manager.run(Manager.java:1263)
	at ptolemy.actor.Manager$PtolemyRunThread.run(Manager.java:1915)
java.lang.reflect.InvocationTargetException
	at sun.reflect.NativeConstructorAccessorImpl.newInstance0(Native Method)
	at sun.reflect.NativeConstructorAccessorImpl.newInstance(NativeConstructorAccessorImpl.java:62)
	at sun.reflect.DelegatingConstructorAccessorImpl.newInstance(DelegatingConstructorAccessorImpl.java:45)
	at java.lang.reflect.Constructor.newInstance(Constructor.java:423)
	at ptolemy.util.test.junit.AutoKnownFailedTests.RunModel(AutoKnownFailedTests.java:107)
	at sun.reflect.NativeMethodAccessorImpl.invoke0(Native Method)
	at sun.reflect.NativeMethodAccessorImpl.invoke(NativeMethodAccessorImpl.java:62)
	at sun.reflect.DelegatingMethodAccessorImpl.invoke(DelegatingMethodAccessorImpl.java:43)
	at java.lang.reflect.Method.invoke(Method.java:498)
	at org.junit.runners.model.FrameworkMethod$1.runReflectiveCall(FrameworkMethod.java:44)
	at org.junit.internal.runners.model.ReflectiveCallable.run(ReflectiveCallable.java:15)
	at org.junit.runners.model.FrameworkMethod.invokeExplosively(FrameworkMethod.java:41)
	at junitparams.internal.InvokeParameterisedMethod.evaluate(InvokeParameterisedMethod.java:102)
	at org.junit.internal.runners.statements.FailOnTimeout$1.run(FailOnTimeout.java:28)
Caused by: ptolemy.kernel.util.IllegalActionException: Unknown inputs remain. Possible causality loop:
L_model_1893289564i

  in .CannotAnalysisWithPreemption.model_1893289564_region_1 and .CannotAnalysisWithPreemption.model_1893289564_region_1.L_model_1893289564i
	at ptolemy.actor.sched.FixedPointDirector.postfire(FixedPointDirector.java:515)
	at ptolemy.domains.sr.kernel.SRDirector.postfire(SRDirector.java:417)
	at ptolemy.actor.CompositeActor.postfire(CompositeActor.java:1668)
	at ptolemy.actor.Manager.iterate(Manager.java:852)
	at ptolemy.actor.Manager.execute(Manager.java:369)
	at ptolemy.actor.Manager.run(Manager.java:1263)
	at ptolemy.actor.Manager$PtolemyRunThread.run(Manager.java:1915)
]]></system-err>
</testsuite>
