<?xml version="1.0" encoding="UTF-8" ?>
<testsuite errors="0" failures="0" hostname="travis-job-18d9b5d4-0689-496d-ab81-5c0d0d243afd" name="ptolemy.domains.modal.test.junit.JUnitTclTest" skipped="0" tests="148" time="10.765" timestamp="2019-06-24T01:53:45">
  <properties>
[...]
</properties>
  <testcase classname="ptolemy.util.test.junit.TclTests" name="[0] /home/travis/build/icyphy/ptII/ptolemy/domains/modal/test/SystemLevelType.tcl (RunTclFile)" time="2.009" />
  <testcase classname="ptolemy.util.test.junit.AutoKnownFailedTests" name="[0] /home/travis/build/icyphy/ptII/ptolemy/domains/modal/test/auto/knownFailedTests/CannotAnalysisWithPreemption.xml (RunModel)" time="0.318" />
  <testcase classname="ptolemy.util.test.junit.AutoNameArchTests" name="[0] ThereAreNoAutoArchTests (RunModel)" time="0.003" />
  <testcase classname="ptolemy.util.test.junit.AutoTests" name="[0] /home/travis/build/icyphy/ptII/ptolemy/domains/modal/test/auto/ABPTest.xml (RunModel)" time="0.659" />
  <testcase classname="ptolemy.util.test.junit.AutoTests" name="[1] /home/travis/build/icyphy/ptII/ptolemy/domains/modal/test/auto/ABROFlat.xml (RunModel)" time="0.085" />
  <testcase classname="ptolemy.util.test.junit.AutoTests" name="[2] /home/travis/build/icyphy/ptII/ptolemy/domains/modal/test/auto/ABROFlat2.xml (RunModel)" time="0.116" />
  <testcase classname="ptolemy.util.test.junit.AutoTests" name="[3] /home/travis/build/icyphy/ptII/ptolemy/domains/modal/test/auto/ABRO_present_hmm.xml (RunModel)" time="0.134" />
  <testcase classname="ptolemy.util.test.junit.AutoTests" name="[4] /home/travis/build/icyphy/ptII/ptolemy/domains/modal/test/auto/AMICoderExample.xml (RunModel)" time="0.061" />
  <testcase classname="ptolemy.util.test.junit.AutoTests" name="[5] /home/travis/build/icyphy/ptII/ptolemy/domains/modal/test/auto/AbsentToPresent.xml (RunModel)" time="0.022" />
  <testcase classname="ptolemy.util.test.junit.AutoTests" name="[6] /home/travis/build/icyphy/ptII/ptolemy/domains/modal/test/auto/Blending.xml (RunModel)" time="0.254" />
  <testcase classname="ptolemy.util.test.junit.AutoTests" name="[7] /home/travis/build/icyphy/ptII/ptolemy/domains/modal/test/auto/Broadcast.xml (RunModel)" time="0.034" />
  <testcase classname="ptolemy.util.test.junit.AutoTests" name="[8] /home/travis/build/icyphy/ptII/ptolemy/domains/modal/test/auto/BroadcastHierarchy.xml (RunModel)" time="0.049" />
  <testcase classname="ptolemy.util.test.junit.AutoTests" name="[9] /home/travis/build/icyphy/ptII/ptolemy/domains/modal/test/auto/BroadcastHierarchy2.xml (RunModel)" time="0.116" />
  <testcase classname="ptolemy.util.test.junit.AutoTests" name="[10] /home/travis/build/icyphy/ptII/ptolemy/domains/modal/test/auto/BroadcastHierarchy3.xml (RunModel)" time="0.08" />
  <testcase classname="ptolemy.util.test.junit.AutoTests" name="[11] /home/travis/build/icyphy/ptII/ptolemy/domains/modal/test/auto/BroadcastHierarchy4.xml (RunModel)" time="0.106" />
  <testcase classname="ptolemy.util.test.junit.AutoTests" name="[12] /home/travis/build/icyphy/ptII/ptolemy/domains/modal/test/auto/CannotAnalysisWithPreemption2.xml (RunModel)" time="0.031" />
  <testcase classname="ptolemy.util.test.junit.AutoTests" name="[13] /home/travis/build/icyphy/ptII/ptolemy/domains/modal/test/auto/CannotAnalysisWithPreemption3.xml (RunModel)" time="0.043" />
  <testcase classname="ptolemy.util.test.junit.AutoTests" name="[14] /home/travis/build/icyphy/ptII/ptolemy/domains/modal/test/auto/CannotProduce.xml (RunModel)" time="0.034" />
  <testcase classname="ptolemy.util.test.junit.AutoTests" name="[15] /home/travis/build/icyphy/ptII/ptolemy/domains/modal/test/auto/CannotProduceModal.xml (RunModel)" time="0.034" />
  <testcase classname="ptolemy.util.test.junit.AutoTests" name="[16] /home/travis/build/icyphy/ptII/ptolemy/domains/modal/test/auto/Case.xml (RunModel)" time="0.055" />
  <testcase classname="ptolemy.util.test.junit.AutoTests" name="[17] /home/travis/build/icyphy/ptII/ptolemy/domains/modal/test/auto/Case1.xml (RunModel)" time="0.026" />
  <testcase classname="ptolemy.util.test.junit.AutoTests" name="[18] /home/travis/build/icyphy/ptII/ptolemy/domains/modal/test/auto/Case2.xml (RunModel)" time="0.063" />
  <testcase classname="ptolemy.util.test.junit.AutoTests" name="[19] /home/travis/build/icyphy/ptII/ptolemy/domains/modal/test/auto/CausalityInterface1.xml (RunModel)" time="0.027" />
  <testcase classname="ptolemy.util.test.junit.AutoTests" name="[20] /home/travis/build/icyphy/ptII/ptolemy/domains/modal/test/auto/CausalityInterface10.xml (RunModel)" time="0.059" />
  <testcase classname="ptolemy.util.test.junit.AutoTests" name="[21] /home/travis/build/icyphy/ptII/ptolemy/domains/modal/test/auto/CausalityInterface11.xml (RunModel)" time="0.044" />
  <testcase classname="ptolemy.util.test.junit.AutoTests" name="[22] /home/travis/build/icyphy/ptII/ptolemy/domains/modal/test/auto/CausalityInterface12.xml (RunModel)" time="0.054" />
  <testcase classname="ptolemy.util.test.junit.AutoTests" name="[23] /home/travis/build/icyphy/ptII/ptolemy/domains/modal/test/auto/CausalityInterface13.xml (RunModel)" time="0.06" />
  <testcase classname="ptolemy.util.test.junit.AutoTests" name="[24] /home/travis/build/icyphy/ptII/ptolemy/domains/modal/test/auto/CausalityInterface14.xml (RunModel)" time="0.063" />
  <testcase classname="ptolemy.util.test.junit.AutoTests" name="[25] /home/travis/build/icyphy/ptII/ptolemy/domains/modal/test/auto/CausalityInterface2.xml (RunModel)" time="0.03" />
  <testcase classname="ptolemy.util.test.junit.AutoTests" name="[26] /home/travis/build/icyphy/ptII/ptolemy/domains/modal/test/auto/CausalityInterface3.xml (RunModel)" time="0.025" />
  <testcase classname="ptolemy.util.test.junit.AutoTests" name="[27] /home/travis/build/icyphy/ptII/ptolemy/domains/modal/test/auto/CausalityInterface4.xml (RunModel)" time="0.026" />
  <testcase classname="ptolemy.util.test.junit.AutoTests" name="[28] /home/travis/build/icyphy/ptII/ptolemy/domains/modal/test/auto/CausalityInterface5.xml (RunModel)" time="0.036" />
  <testcase classname="ptolemy.util.test.junit.AutoTests" name="[29] /home/travis/build/icyphy/ptII/ptolemy/domains/modal/test/auto/CausalityInterface6.xml (RunModel)" time="0.035" />
  <testcase classname="ptolemy.util.test.junit.AutoTests" name="[30] /home/travis/build/icyphy/ptII/ptolemy/domains/modal/test/auto/CausalityInterface7.xml (RunModel)" time="0.038" />
  <testcase classname="ptolemy.util.test.junit.AutoTests" name="[31] /home/travis/build/icyphy/ptII/ptolemy/domains/modal/test/auto/CausalityInterface8.xml (RunModel)" time="0.039" />
  <testcase classname="ptolemy.util.test.junit.AutoTests" name="[32] /home/travis/build/icyphy/ptII/ptolemy/domains/modal/test/auto/CausalityInterface9.xml (RunModel)" time="0.057" />
  <testcase classname="ptolemy.util.test.junit.AutoTests" name="[33] /home/travis/build/icyphy/ptII/ptolemy/domains/modal/test/auto/ChainedTransitions.xml (RunModel)" time="0.133" />
  <testcase classname="ptolemy.util.test.junit.AutoTests" name="[34] /home/travis/build/icyphy/ptII/ptolemy/domains/modal/test/auto/CycleOfImmediateTransitionsFSM.xml (RunModel)" time="0.032" />
  <testcase classname="ptolemy.util.test.junit.AutoTests" name="[35] /home/travis/build/icyphy/ptII/ptolemy/domains/modal/test/auto/CycleOfImmediateTransitionsModal.xml (RunModel)" time="0.024" />
  <testcase classname="ptolemy.util.test.junit.AutoTests" name="[36] /home/travis/build/icyphy/ptII/ptolemy/domains/modal/test/auto/CycleOfImmediateTransitionsModal2.xml (RunModel)" time="0.024" />
  <testcase classname="ptolemy.util.test.junit.AutoTests" name="[37] /home/travis/build/icyphy/ptII/ptolemy/domains/modal/test/auto/CycleOfImmediateTransitionsModal3.xml (RunModel)" time="0.082" />
  <testcase classname="ptolemy.util.test.junit.AutoTests" name="[38] /home/travis/build/icyphy/ptII/ptolemy/domains/modal/test/auto/DeepModal1.xml (RunModel)" time="0.056" />
  <testcase classname="ptolemy.util.test.junit.AutoTests" name="[39] /home/travis/build/icyphy/ptII/ptolemy/domains/modal/test/auto/DeepModal2.xml (RunModel)" time="0.071" />
  <testcase classname="ptolemy.util.test.junit.AutoTests" name="[40] /home/travis/build/icyphy/ptII/ptolemy/domains/modal/test/auto/DeepModal3.xml (RunModel)" time="0.103" />
  <testcase classname="ptolemy.util.test.junit.AutoTests" name="[41] /home/travis/build/icyphy/ptII/ptolemy/domains/modal/test/auto/DeepModal4.xml (RunModel)" time="0.079" />
  <testcase classname="ptolemy.util.test.junit.AutoTests" name="[42] /home/travis/build/icyphy/ptII/ptolemy/domains/modal/test/auto/Default1.xml (RunModel)" time="0.017" />
  <testcase classname="ptolemy.util.test.junit.AutoTests" name="[43] /home/travis/build/icyphy/ptII/ptolemy/domains/modal/test/auto/Default2.xml (RunModel)" time="0.022" />
  <testcase classname="ptolemy.util.test.junit.AutoTests" name="[44] /home/travis/build/icyphy/ptII/ptolemy/domains/modal/test/auto/Default3.xml (RunModel)" time="0.019" />
  <testcase classname="ptolemy.util.test.junit.AutoTests" name="[45] /home/travis/build/icyphy/ptII/ptolemy/domains/modal/test/auto/Default4.xml (RunModel)" time="0.017" />
  <testcase classname="ptolemy.util.test.junit.AutoTests" name="[46] /home/travis/build/icyphy/ptII/ptolemy/domains/modal/test/auto/Default5.xml (RunModel)" time="0.028" />
  <testcase classname="ptolemy.util.test.junit.AutoTests" name="[47] /home/travis/build/icyphy/ptII/ptolemy/domains/modal/test/auto/EmptyGuard.xml (RunModel)" time="0.064" />
  <testcase classname="ptolemy.util.test.junit.AutoTests" name="[48] /home/travis/build/icyphy/ptII/ptolemy/domains/modal/test/auto/ErrorTransition1.xml (RunModel)" time="0.025" />
  <testcase classname="ptolemy.util.test.junit.AutoTests" name="[49] /home/travis/build/icyphy/ptII/ptolemy/domains/modal/test/auto/ErrorTransition10.xml (RunModel)" time="0.033" />
  <testcase classname="ptolemy.util.test.junit.AutoTests" name="[50] /home/travis/build/icyphy/ptII/ptolemy/domains/modal/test/auto/ErrorTransition11.xml (RunModel)" time="0.028" />
  <testcase classname="ptolemy.util.test.junit.AutoTests" name="[51] /home/travis/build/icyphy/ptII/ptolemy/domains/modal/test/auto/ErrorTransition2.xml (RunModel)" time="0.027" />
  <testcase classname="ptolemy.util.test.junit.AutoTests" name="[52] /home/travis/build/icyphy/ptII/ptolemy/domains/modal/test/auto/ErrorTransition3.xml (RunModel)" time="0.038" />
  <testcase classname="ptolemy.util.test.junit.AutoTests" name="[53] /home/travis/build/icyphy/ptII/ptolemy/domains/modal/test/auto/ErrorTransition4.xml (RunModel)" time="0.037" />
  <testcase classname="ptolemy.util.test.junit.AutoTests" name="[54] /home/travis/build/icyphy/ptII/ptolemy/domains/modal/test/auto/ErrorTransition5.xml (RunModel)" time="0.029" />
  <testcase classname="ptolemy.util.test.junit.AutoTests" name="[55] /home/travis/build/icyphy/ptII/ptolemy/domains/modal/test/auto/ErrorTransition6.xml (RunModel)" time="0.027" />
  <testcase classname="ptolemy.util.test.junit.AutoTests" name="[56] /home/travis/build/icyphy/ptII/ptolemy/domains/modal/test/auto/ErrorTransition7.xml (RunModel)" time="0.037" />
  <testcase classname="ptolemy.util.test.junit.AutoTests" name="[57] /home/travis/build/icyphy/ptII/ptolemy/domains/modal/test/auto/ErrorTransition8.xml (RunModel)" time="0.052" />
  <testcase classname="ptolemy.util.test.junit.AutoTests" name="[58] /home/travis/build/icyphy/ptII/ptolemy/domains/modal/test/auto/ErrorTransition9.xml (RunModel)" time="0.049" />
  <testcase classname="ptolemy.util.test.junit.AutoTests" name="[59] /home/travis/build/icyphy/ptII/ptolemy/domains/modal/test/auto/ExtendedFSM.xml (RunModel)" time="0.023" />
  <testcase classname="ptolemy.util.test.junit.AutoTests" name="[60] /home/travis/build/icyphy/ptII/ptolemy/domains/modal/test/auto/FinalStates.xml (RunModel)" time="0.022" />
  <testcase classname="ptolemy.util.test.junit.AutoTests" name="[61] /home/travis/build/icyphy/ptII/ptolemy/domains/modal/test/auto/FixedPointFSM.xml (RunModel)" time="0.043" />
  <testcase classname="ptolemy.util.test.junit.AutoTests" name="[62] /home/travis/build/icyphy/ptII/ptolemy/domains/modal/test/auto/FixedPointIterationFSMActor.xml (RunModel)" time="0.032" />
  <testcase classname="ptolemy.util.test.junit.AutoTests" name="[63] /home/travis/build/icyphy/ptII/ptolemy/domains/modal/test/auto/FixedPointIterationFSMActor2.xml (RunModel)" time="0.033" />
  <testcase classname="ptolemy.util.test.junit.AutoTests" name="[64] /home/travis/build/icyphy/ptII/ptolemy/domains/modal/test/auto/ForbiddenInstantanousLoop.xml (RunModel)" time="0.038" />
  <testcase classname="ptolemy.util.test.junit.AutoTests" name="[65] /home/travis/build/icyphy/ptII/ptolemy/domains/modal/test/auto/FunctionDependencyOfFSMActorTest.xml (RunModel)" time="0.057" />
  <testcase classname="ptolemy.util.test.junit.AutoTests" name="[66] /home/travis/build/icyphy/ptII/ptolemy/domains/modal/test/auto/GuardExpression.xml (RunModel)" time="0.019" />
  <testcase classname="ptolemy.util.test.junit.AutoTests" name="[67] /home/travis/build/icyphy/ptII/ptolemy/domains/modal/test/auto/GuardNotEvaluated.xml (RunModel)" time="0.031" />
  <testcase classname="ptolemy.util.test.junit.AutoTests" name="[68] /home/travis/build/icyphy/ptII/ptolemy/domains/modal/test/auto/GuardNotEvaluated2.xml (RunModel)" time="0.022" />
  <testcase classname="ptolemy.util.test.junit.AutoTests" name="[69] /home/travis/build/icyphy/ptII/ptolemy/domains/modal/test/auto/GuardOnAbsent.xml (RunModel)" time="0.023" />
  <testcase classname="ptolemy.util.test.junit.AutoTests" name="[70] /home/travis/build/icyphy/ptII/ptolemy/domains/modal/test/auto/HierarchicalFSMTypeInference.xml (RunModel)" time="0.029" />
  <testcase classname="ptolemy.util.test.junit.AutoTests" name="[71] /home/travis/build/icyphy/ptII/ptolemy/domains/modal/test/auto/Hysteresis.xml (RunModel)" time="0.041" />
  <testcase classname="ptolemy.util.test.junit.AutoTests" name="[72] /home/travis/build/icyphy/ptII/ptolemy/domains/modal/test/auto/HysteresisWithDefault.xml (RunModel)" time="0.066" />
  <testcase classname="ptolemy.util.test.junit.AutoTests" name="[73] /home/travis/build/icyphy/ptII/ptolemy/domains/modal/test/auto/HysteresisWithDefault2.xml (RunModel)" time="0.074" />
  <testcase classname="ptolemy.util.test.junit.AutoTests" name="[74] /home/travis/build/icyphy/ptII/ptolemy/domains/modal/test/auto/ImmediateNonConstructiveness.xml (RunModel)" time="0.023" />
  <testcase classname="ptolemy.util.test.junit.AutoTests" name="[75] /home/travis/build/icyphy/ptII/ptolemy/domains/modal/test/auto/ImmediateNonConstructiveness2.xml (RunModel)" time="0.024" />
  <testcase classname="ptolemy.util.test.junit.AutoTests" name="[76] /home/travis/build/icyphy/ptII/ptolemy/domains/modal/test/auto/ImmediateTransitionReset.xml (RunModel)" time="0.033" />
  <testcase classname="ptolemy.util.test.junit.AutoTests" name="[77] /home/travis/build/icyphy/ptII/ptolemy/domains/modal/test/auto/ImmediateTransitions1.xml (RunModel)" time="0.013" />
  <testcase classname="ptolemy.util.test.junit.AutoTests" name="[78] /home/travis/build/icyphy/ptII/ptolemy/domains/modal/test/auto/ImmediateTransitionsInstantaneousCommunication.xml (RunModel)" time="0.034" />
  <testcase classname="ptolemy.util.test.junit.AutoTests" name="[79] /home/travis/build/icyphy/ptII/ptolemy/domains/modal/test/auto/InitialImmediateTransition.xml (RunModel)" time="0.015" />
  <testcase classname="ptolemy.util.test.junit.AutoTests" name="[80] /home/travis/build/icyphy/ptII/ptolemy/domains/modal/test/auto/InitialOutputs.xml (RunModel)" time="0.015" />
  <testcase classname="ptolemy.util.test.junit.AutoTests" name="[81] /home/travis/build/icyphy/ptII/ptolemy/domains/modal/test/auto/InitialStateTransition1.xml (RunModel)" time="0.018" />
  <testcase classname="ptolemy.util.test.junit.AutoTests" name="[82] /home/travis/build/icyphy/ptII/ptolemy/domains/modal/test/auto/InitialStateTransition2.xml (RunModel)" time="0.022" />
  <testcase classname="ptolemy.util.test.junit.AutoTests" name="[83] /home/travis/build/icyphy/ptII/ptolemy/domains/modal/test/auto/InitialStateTransition3.xml (RunModel)" time="0.025" />
  <testcase classname="ptolemy.util.test.junit.AutoTests" name="[84] /home/travis/build/icyphy/ptII/ptolemy/domains/modal/test/auto/InitialStateTransition4.xml (RunModel)" time="0.056" />
  <testcase classname="ptolemy.util.test.junit.AutoTests" name="[85] /home/travis/build/icyphy/ptII/ptolemy/domains/modal/test/auto/MalformedGuardExpressionNotCaught.xml (RunModel)" time="0.028" />
  <testcase classname="ptolemy.util.test.junit.AutoTests" name="[86] /home/travis/build/icyphy/ptII/ptolemy/domains/modal/test/auto/ModalBSC.xml (RunModel)" time="0.098" />
  <testcase classname="ptolemy.util.test.junit.AutoTests" name="[87] /home/travis/build/icyphy/ptII/ptolemy/domains/modal/test/auto/ModalClocks.xml (RunModel)" time="0.079" />
  <testcase classname="ptolemy.util.test.junit.AutoTests" name="[88] /home/travis/build/icyphy/ptII/ptolemy/domains/modal/test/auto/ModalDelay.xml (RunModel)" time="0.044" />
  <testcase classname="ptolemy.util.test.junit.AutoTests" name="[89] /home/travis/build/icyphy/ptII/ptolemy/domains/modal/test/auto/ModalDelay2.xml (RunModel)" time="0.039" />
  <testcase classname="ptolemy.util.test.junit.AutoTests" name="[90] /home/travis/build/icyphy/ptII/ptolemy/domains/modal/test/auto/ModalModelFromMemo.xml (RunModel)" time="0.05" />
  <testcase classname="ptolemy.util.test.junit.AutoTests" name="[91] /home/travis/build/icyphy/ptII/ptolemy/domains/modal/test/auto/ModalModelWithMultirateTransient.xml (RunModel)" time="0.048" />
  <testcase classname="ptolemy.util.test.junit.AutoTests" name="[92] /home/travis/build/icyphy/ptII/ptolemy/domains/modal/test/auto/ModalModelWithReset.xml (RunModel)" time="0.052" />
  <testcase classname="ptolemy.util.test.junit.AutoTests" name="[93] /home/travis/build/icyphy/ptII/ptolemy/domains/modal/test/auto/MouseClickFSM.xml (RunModel)" time="0.044" />
  <testcase classname="ptolemy.util.test.junit.AutoTests" name="[94] /home/travis/build/icyphy/ptII/ptolemy/domains/modal/test/auto/MouseClickFSMModal.xml (RunModel)" time="0.03" />
  <testcase classname="ptolemy.util.test.junit.AutoTests" name="[95] /home/travis/build/icyphy/ptII/ptolemy/domains/modal/test/auto/NonStrictFSM_FeedbackLoop.xml (RunModel)" time="0.054" />
  <testcase classname="ptolemy.util.test.junit.AutoTests" name="[96] /home/travis/build/icyphy/ptII/ptolemy/domains/modal/test/auto/NonStrictFSM_FeedbackLoop_Refinement.xml (RunModel)" time="0.095" />
  <testcase classname="ptolemy.util.test.junit.AutoTests" name="[97] /home/travis/build/icyphy/ptII/ptolemy/domains/modal/test/auto/NonStrictFSM_FeedbackLoop_preemptive.xml (RunModel)" time="0.084" />
  <testcase classname="ptolemy.util.test.junit.AutoTests" name="[98] /home/travis/build/icyphy/ptII/ptolemy/domains/modal/test/auto/NormalTermination.xml (RunModel)" time="0.055" />
  <testcase classname="ptolemy.util.test.junit.AutoTests" name="[99] /home/travis/build/icyphy/ptII/ptolemy/domains/modal/test/auto/Pong.xml (RunModel)" time="0.091" />
  <testcase classname="ptolemy.util.test.junit.AutoTests" name="[100] /home/travis/build/icyphy/ptII/ptolemy/domains/modal/test/auto/Pong_test.xml (RunModel)" time="0.146" />
  <testcase classname="ptolemy.util.test.junit.AutoTests" name="[101] /home/travis/build/icyphy/ptII/ptolemy/domains/modal/test/auto/PreemptionHierarchy.xml (RunModel)" time="0.028" />
  <testcase classname="ptolemy.util.test.junit.AutoTests" name="[102] /home/travis/build/icyphy/ptII/ptolemy/domains/modal/test/auto/PreemptionHierarchy2.xml (RunModel)" time="0.034" />
  <testcase classname="ptolemy.util.test.junit.AutoTests" name="[103] /home/travis/build/icyphy/ptII/ptolemy/domains/modal/test/auto/PreemptiveTransition.xml (RunModel)" time="0.029" />
  <testcase classname="ptolemy.util.test.junit.AutoTests" name="[104] /home/travis/build/icyphy/ptII/ptolemy/domains/modal/test/auto/Priorities.xml (RunModel)" time="0.095" />
  <testcase classname="ptolemy.util.test.junit.AutoTests" name="[105] /home/travis/build/icyphy/ptII/ptolemy/domains/modal/test/auto/ResetFinal.xml (RunModel)" time="0.044" />
  <testcase classname="ptolemy.util.test.junit.AutoTests" name="[106] /home/travis/build/icyphy/ptII/ptolemy/domains/modal/test/auto/ResetFinal2.xml (RunModel)" time="0.033" />
  <testcase classname="ptolemy.util.test.junit.AutoTests" name="[107] /home/travis/build/icyphy/ptII/ptolemy/domains/modal/test/auto/ResetTransitionWithStartTime.xml (RunModel)" time="0.03" />
  <testcase classname="ptolemy.util.test.junit.AutoTests" name="[108] /home/travis/build/icyphy/ptII/ptolemy/domains/modal/test/auto/SDF-FSMComposite.xml (RunModel)" time="0.02" />
  <testcase classname="ptolemy.util.test.junit.AutoTests" name="[109] /home/travis/build/icyphy/ptII/ptolemy/domains/modal/test/auto/SeeminglyNondeterminate.xml (RunModel)" time="0.078" />
  <testcase classname="ptolemy.util.test.junit.AutoTests" name="[110] /home/travis/build/icyphy/ptII/ptolemy/domains/modal/test/auto/SeeminglyNondeterminate2.xml (RunModel)" time="0.07" />
  <testcase classname="ptolemy.util.test.junit.AutoTests" name="[111] /home/travis/build/icyphy/ptII/ptolemy/domains/modal/test/auto/SpontaneousFSM.xml (RunModel)" time="0.065" />
  <testcase classname="ptolemy.util.test.junit.AutoTests" name="[112] /home/travis/build/icyphy/ptII/ptolemy/domains/modal/test/auto/SpontaneousFSM2.xml (RunModel)" time="0.028" />
  <testcase classname="ptolemy.util.test.junit.AutoTests" name="[113] /home/travis/build/icyphy/ptII/ptolemy/domains/modal/test/auto/SpontaneousFSM3.xml (RunModel)" time="0.039" />
  <testcase classname="ptolemy.util.test.junit.AutoTests" name="[114] /home/travis/build/icyphy/ptII/ptolemy/domains/modal/test/auto/SpontaneousFSM4.xml (RunModel)" time="0.045" />
  <testcase classname="ptolemy.util.test.junit.AutoTests" name="[115] /home/travis/build/icyphy/ptII/ptolemy/domains/modal/test/auto/StateTrackerTest.xml (RunModel)" time="0.06" />
  <testcase classname="ptolemy.util.test.junit.AutoTests" name="[116] /home/travis/build/icyphy/ptII/ptolemy/domains/modal/test/auto/StrongImmediateTransition.xml (RunModel)" time="0.024" />
  <testcase classname="ptolemy.util.test.junit.AutoTests" name="[117] /home/travis/build/icyphy/ptII/ptolemy/domains/modal/test/auto/SustainHierarchy.xml (RunModel)" time="0.03" />
  <testcase classname="ptolemy.util.test.junit.AutoTests" name="[118] /home/travis/build/icyphy/ptII/ptolemy/domains/modal/test/auto/TerminationTransition1.xml (RunModel)" time="0.019" />
  <testcase classname="ptolemy.util.test.junit.AutoTests" name="[119] /home/travis/build/icyphy/ptII/ptolemy/domains/modal/test/auto/TerminationTransition2.xml (RunModel)" time="0.026" />
  <testcase classname="ptolemy.util.test.junit.AutoTests" name="[120] /home/travis/build/icyphy/ptII/ptolemy/domains/modal/test/auto/TerminationTransition3.xml (RunModel)" time="0.024" />
  <testcase classname="ptolemy.util.test.junit.AutoTests" name="[121] /home/travis/build/icyphy/ptII/ptolemy/domains/modal/test/auto/TerminationTransition4.xml (RunModel)" time="0.034" />
  <testcase classname="ptolemy.util.test.junit.AutoTests" name="[122] /home/travis/build/icyphy/ptII/ptolemy/domains/modal/test/auto/TerminationTransition5.xml (RunModel)" time="0.032" />
  <testcase classname="ptolemy.util.test.junit.AutoTests" name="[123] /home/travis/build/icyphy/ptII/ptolemy/domains/modal/test/auto/TerminationTransition6.xml (RunModel)" time="0.02" />
  <testcase classname="ptolemy.util.test.junit.AutoTests" name="[124] /home/travis/build/icyphy/ptII/ptolemy/domains/modal/test/auto/TerminationTransition7.xml (RunModel)" time="0.02" />
  <testcase classname="ptolemy.util.test.junit.AutoTests" name="[125] /home/travis/build/icyphy/ptII/ptolemy/domains/modal/test/auto/TerminationTransition8.xml (RunModel)" time="0.023" />
  <testcase classname="ptolemy.util.test.junit.AutoTests" name="[126] /home/travis/build/icyphy/ptII/ptolemy/domains/modal/test/auto/Thermostat_NoHysteresis.xml (RunModel)" time="0.128" />
  <testcase classname="ptolemy.util.test.junit.AutoTests" name="[127] /home/travis/build/icyphy/ptII/ptolemy/domains/modal/test/auto/TimedFSM.xml (RunModel)" time="0.05" />
  <testcase classname="ptolemy.util.test.junit.AutoTests" name="[128] /home/travis/build/icyphy/ptII/ptolemy/domains/modal/test/auto/Timeout1.xml (RunModel)" time="0.016" />
  <testcase classname="ptolemy.util.test.junit.AutoTests" name="[129] /home/travis/build/icyphy/ptII/ptolemy/domains/modal/test/auto/Timeout2.xml (RunModel)" time="0.017" />
  <testcase classname="ptolemy.util.test.junit.AutoTests" name="[130] /home/travis/build/icyphy/ptII/ptolemy/domains/modal/test/auto/Timeout3.xml (RunModel)" time="0.012" />
  <testcase classname="ptolemy.util.test.junit.AutoTests" name="[131] /home/travis/build/icyphy/ptII/ptolemy/domains/modal/test/auto/Timeout4.xml (RunModel)" time="0.011" />
  <testcase classname="ptolemy.util.test.junit.AutoTests" name="[132] /home/travis/build/icyphy/ptII/ptolemy/domains/modal/test/auto/TransientstateModelAdvanced.xml (RunModel)" time="0.027" />
  <testcase classname="ptolemy.util.test.junit.AutoTests" name="[133] /home/travis/build/icyphy/ptII/ptolemy/domains/modal/test/auto/TransientstateModelAdvanced2.xml (RunModel)" time="0.031" />
  <testcase classname="ptolemy.util.test.junit.AutoTests" name="[134] /home/travis/build/icyphy/ptII/ptolemy/domains/modal/test/auto/TransitionRefinements.xml (RunModel)" time="0.023" />
  <testcase classname="ptolemy.util.test.junit.AutoTests" name="[135] /home/travis/build/icyphy/ptII/ptolemy/domains/modal/test/auto/TwoRefinements1.xml (RunModel)" time="0.023" />
  <testcase classname="ptolemy.util.test.junit.AutoTests" name="[136] /home/travis/build/icyphy/ptII/ptolemy/domains/modal/test/auto/TwoRefinements2.xml (RunModel)" time="0.044" />
  <testcase classname="ptolemy.util.test.junit.AutoTests" name="[137] /home/travis/build/icyphy/ptII/ptolemy/domains/modal/test/auto/WeakImmediateTransition.xml (RunModel)" time="0.023" />
  <testcase classname="ptolemy.util.test.junit.AutoTests" name="[138] /home/travis/build/icyphy/ptII/ptolemy/domains/modal/test/auto/booleanSelect.xml (RunModel)" time="0.052" />
  <testcase classname="ptolemy.util.test.junit.AutoTests" name="[139] /home/travis/build/icyphy/ptII/ptolemy/domains/modal/test/auto/modalChangingParams.xml (RunModel)" time="0.273" />
  <testcase classname="ptolemy.util.test.junit.AutoTests" name="[140] /home/travis/build/icyphy/ptII/ptolemy/domains/modal/test/auto/modalModel.xml (RunModel)" time="0.023" />
  <testcase classname="ptolemy.util.test.junit.AutoTests" name="[141] /home/travis/build/icyphy/ptII/ptolemy/domains/modal/test/auto/modalModel2.xml (RunModel)" time="0.025" />
  <testcase classname="ptolemy.util.test.junit.AutoTests" name="[142] /home/travis/build/icyphy/ptII/ptolemy/domains/modal/test/auto/modalModel3.xml (RunModel)" time="0.038" />
  <testcase classname="ptolemy.util.test.junit.AutoTests" name="[143] /home/travis/build/icyphy/ptII/ptolemy/domains/modal/test/auto/model1.xml (RunModel)" time="0.018" />
  <testcase classname="ptolemy.util.test.junit.AutoTests" name="[144] /home/travis/build/icyphy/ptII/ptolemy/domains/modal/test/auto/test-direct-in-out.xml (RunModel)" time="0.022" />
  <system-out><![CDATA[/home/travis/build/icyphy/ptII/ptolemy/domains/modal/test/SystemLevelType.tcl
testDefs.tcl: setting time out to 9000 seconds at Mon Jun 24 01:53:45 UTC 2019
06/24/19 01:53:47
Failed: 0  Total Tests: 1  ((Passed: 1, Newly Passed: 0)  Known Failed: 0) /home/travis/build/icyphy/ptII/ptolemy/domains/modal/test
----------------- testing (KnownFailure) /home/travis/build/icyphy/ptII/ptolemy/domains/modal/test/auto/knownFailedTests/CannotAnalysisWithPreemption.xml
149 ms. Memory: 159744K Free: 123851K (78%)
Known Failure: java.lang.reflect.InvocationTargetException
No auto/linux-amd64/*.xml tests in /home/travis/build/icyphy/ptII/ptolemy/domains/modal/test
AutoTests.java: About to close Vertx.
AutoTests.java: Vertx closed.

===========================================================================================
----------------- testing Mon Jun 24 01:53:48 UTC 2019 /home/travis/build/icyphy/ptII/ptolemy/domains/modal/test/auto/ABPTest.xml
----------------- Instantiating /home/travis/build/icyphy/ptII/ptolemy/domains/modal/test/auto/ABPTest.xml
291 ms. Memory: 218112K Free: 99415K (46%)
----------------- Invoking toplevel() on ptolemy.moml.MoMLSimpleApplication@75e53895
----------------- Done invoking toplevel() on ptolemy.moml.MoMLSimpleApplication@75e53895
reloadAllAccessors: .ABPTest

===========================================================================================
----------------- testing Mon Jun 24 01:53:48 UTC 2019 /home/travis/build/icyphy/ptII/ptolemy/domains/modal/test/auto/ABROFlat.xml
----------------- Instantiating /home/travis/build/icyphy/ptII/ptolemy/domains/modal/test/auto/ABROFlat.xml
32 ms. Memory: 218112K Free: 84055K (39%)
----------------- Invoking toplevel() on ptolemy.moml.MoMLSimpleApplication@32f1bfe0
----------------- Done invoking toplevel() on ptolemy.moml.MoMLSimpleApplication@32f1bfe0
reloadAllAccessors: .ABROFlat

===========================================================================================
----------------- testing Mon Jun 24 01:53:48 UTC 2019 /home/travis/build/icyphy/ptII/ptolemy/domains/modal/test/auto/ABROFlat2.xml
----------------- Instantiating /home/travis/build/icyphy/ptII/ptolemy/domains/modal/test/auto/ABROFlat2.xml
12 ms. Memory: 218112K Free: 187948K (86%)
----------------- Invoking toplevel() on ptolemy.moml.MoMLSimpleApplication@1ff1d400
----------------- Done invoking toplevel() on ptolemy.moml.MoMLSimpleApplication@1ff1d400
reloadAllAccessors: .ABROFlat2

===========================================================================================
----------------- testing Mon Jun 24 01:53:48 UTC 2019 /home/travis/build/icyphy/ptII/ptolemy/domains/modal/test/auto/ABRO_present_hmm.xml
----------------- Instantiating /home/travis/build/icyphy/ptII/ptolemy/domains/modal/test/auto/ABRO_present_hmm.xml
43 ms. Memory: 218112K Free: 161324K (74%)
----------------- Invoking toplevel() on ptolemy.moml.MoMLSimpleApplication@58f9b120
----------------- Done invoking toplevel() on ptolemy.moml.MoMLSimpleApplication@58f9b120
reloadAllAccessors: .ABRO_present_hmm

===========================================================================================
----------------- testing Mon Jun 24 01:53:49 UTC 2019 /home/travis/build/icyphy/ptII/ptolemy/domains/modal/test/auto/AMICoderExample.xml
----------------- Instantiating /home/travis/build/icyphy/ptII/ptolemy/domains/modal/test/auto/AMICoderExample.xml
25 ms. Memory: 218112K Free: 151084K (69%)
----------------- Invoking toplevel() on ptolemy.moml.MoMLSimpleApplication@5e5116f7
----------------- Done invoking toplevel() on ptolemy.moml.MoMLSimpleApplication@5e5116f7
reloadAllAccessors: .AMICoderExample

===========================================================================================
----------------- testing Mon Jun 24 01:53:49 UTC 2019 /home/travis/build/icyphy/ptII/ptolemy/domains/modal/test/auto/AbsentToPresent.xml
----------------- Instantiating /home/travis/build/icyphy/ptII/ptolemy/domains/modal/test/auto/AbsentToPresent.xml
4 ms. Memory: 218112K Free: 146459K (67%)
----------------- Invoking toplevel() on ptolemy.moml.MoMLSimpleApplication@67676a31
----------------- Done invoking toplevel() on ptolemy.moml.MoMLSimpleApplication@67676a31
reloadAllAccessors: .AbsentToPresent

===========================================================================================
----------------- testing Mon Jun 24 01:53:49 UTC 2019 /home/travis/build/icyphy/ptII/ptolemy/domains/modal/test/auto/Blending.xml
----------------- Instantiating /home/travis/build/icyphy/ptII/ptolemy/domains/modal/test/auto/Blending.xml
157 ms. Memory: 218112K Free: 101932K (47%)
----------------- Invoking toplevel() on ptolemy.moml.MoMLSimpleApplication@4adcd621
----------------- Done invoking toplevel() on ptolemy.moml.MoMLSimpleApplication@4adcd621
reloadAllAccessors: .Blending

===========================================================================================
----------------- testing Mon Jun 24 01:53:49 UTC 2019 /home/travis/build/icyphy/ptII/ptolemy/domains/modal/test/auto/Broadcast.xml
----------------- Instantiating /home/travis/build/icyphy/ptII/ptolemy/domains/modal/test/auto/Broadcast.xml
6 ms. Memory: 218112K Free: 92716K (43%)
----------------- Invoking toplevel() on ptolemy.moml.MoMLSimpleApplication@330faa87
----------------- Done invoking toplevel() on ptolemy.moml.MoMLSimpleApplication@330faa87
reloadAllAccessors: .Broadcast

===========================================================================================
----------------- testing Mon Jun 24 01:53:49 UTC 2019 /home/travis/build/icyphy/ptII/ptolemy/domains/modal/test/auto/BroadcastHierarchy.xml
----------------- Instantiating /home/travis/build/icyphy/ptII/ptolemy/domains/modal/test/auto/BroadcastHierarchy.xml
8 ms. Memory: 218112K Free: 78875K (36%)
----------------- Invoking toplevel() on ptolemy.moml.MoMLSimpleApplication@4daf1211
----------------- Done invoking toplevel() on ptolemy.moml.MoMLSimpleApplication@4daf1211
reloadAllAccessors: .BroadcastHierarchy

===========================================================================================
----------------- testing Mon Jun 24 01:53:49 UTC 2019 /home/travis/build/icyphy/ptII/ptolemy/domains/modal/test/auto/BroadcastHierarchy2.xml
----------------- Instantiating /home/travis/build/icyphy/ptII/ptolemy/domains/modal/test/auto/BroadcastHierarchy2.xml
14 ms. Memory: 218112K Free: 175139K (80%)
----------------- Invoking toplevel() on ptolemy.moml.MoMLSimpleApplication@3e5dfda8
----------------- Done invoking toplevel() on ptolemy.moml.MoMLSimpleApplication@3e5dfda8
reloadAllAccessors: .BroadcastHierarchy2

===========================================================================================
----------------- testing Mon Jun 24 01:53:49 UTC 2019 /home/travis/build/icyphy/ptII/ptolemy/domains/modal/test/auto/BroadcastHierarchy3.xml
----------------- Instantiating /home/travis/build/icyphy/ptII/ptolemy/domains/modal/test/auto/BroadcastHierarchy3.xml
25 ms. Memory: 218112K Free: 155180K (71%)
----------------- Invoking toplevel() on ptolemy.moml.MoMLSimpleApplication@47025cbb
----------------- Done invoking toplevel() on ptolemy.moml.MoMLSimpleApplication@47025cbb
reloadAllAccessors: .BroadcastHierarchy3

===========================================================================================
----------------- testing Mon Jun 24 01:53:49 UTC 2019 /home/travis/build/icyphy/ptII/ptolemy/domains/modal/test/auto/BroadcastHierarchy4.xml
----------------- Instantiating /home/travis/build/icyphy/ptII/ptolemy/domains/modal/test/auto/BroadcastHierarchy4.xml
20 ms. Memory: 218112K Free: 131114K (60%)
----------------- Invoking toplevel() on ptolemy.moml.MoMLSimpleApplication@4a9eb416
----------------- Done invoking toplevel() on ptolemy.moml.MoMLSimpleApplication@4a9eb416
reloadAllAccessors: .BroadcastHierarchy4

===========================================================================================
----------------- testing Mon Jun 24 01:53:49 UTC 2019 /home/travis/build/icyphy/ptII/ptolemy/domains/modal/test/auto/CannotAnalysisWithPreemption2.xml
----------------- Instantiating /home/travis/build/icyphy/ptII/ptolemy/domains/modal/test/auto/CannotAnalysisWithPreemption2.xml
5 ms. Memory: 218112K Free: 123946K (57%)
----------------- Invoking toplevel() on ptolemy.moml.MoMLSimpleApplication@5625a57a
----------------- Done invoking toplevel() on ptolemy.moml.MoMLSimpleApplication@5625a57a
reloadAllAccessors: .CannotAnalysisWithPreemption2

===========================================================================================
----------------- testing Mon Jun 24 01:53:49 UTC 2019 /home/travis/build/icyphy/ptII/ptolemy/domains/modal/test/auto/CannotAnalysisWithPreemption3.xml
----------------- Instantiating /home/travis/build/icyphy/ptII/ptolemy/domains/modal/test/auto/CannotAnalysisWithPreemption3.xml
6 ms. Memory: 218112K Free: 114220K (52%)
----------------- Invoking toplevel() on ptolemy.moml.MoMLSimpleApplication@56efc698
----------------- Done invoking toplevel() on ptolemy.moml.MoMLSimpleApplication@56efc698
reloadAllAccessors: .CannotAnalysisWithPreemption3

===========================================================================================
----------------- testing Mon Jun 24 01:53:49 UTC 2019 /home/travis/build/icyphy/ptII/ptolemy/domains/modal/test/auto/CannotProduce.xml
----------------- Instantiating /home/travis/build/icyphy/ptII/ptolemy/domains/modal/test/auto/CannotProduce.xml
11 ms. Memory: 218112K Free: 107562K (49%)
----------------- Invoking toplevel() on ptolemy.moml.MoMLSimpleApplication@73514b82
----------------- Done invoking toplevel() on ptolemy.moml.MoMLSimpleApplication@73514b82
reloadAllAccessors: .CannotProduce

===========================================================================================
----------------- testing Mon Jun 24 01:53:49 UTC 2019 /home/travis/build/icyphy/ptII/ptolemy/domains/modal/test/auto/CannotProduceModal.xml
----------------- Instantiating /home/travis/build/icyphy/ptII/ptolemy/domains/modal/test/auto/CannotProduceModal.xml
9 ms. Memory: 218112K Free: 101411K (46%)
----------------- Invoking toplevel() on ptolemy.moml.MoMLSimpleApplication@407b2c74
----------------- Done invoking toplevel() on ptolemy.moml.MoMLSimpleApplication@407b2c74
reloadAllAccessors: .CannotProduceModal

===========================================================================================
----------------- testing Mon Jun 24 01:53:49 UTC 2019 /home/travis/build/icyphy/ptII/ptolemy/domains/modal/test/auto/Case.xml
----------------- Instantiating /home/travis/build/icyphy/ptII/ptolemy/domains/modal/test/auto/Case.xml
24 ms. Memory: 218112K Free: 90154K (41%)
----------------- Invoking toplevel() on ptolemy.moml.MoMLSimpleApplication@695204d3
----------------- Done invoking toplevel() on ptolemy.moml.MoMLSimpleApplication@695204d3
reloadAllAccessors: .Case

===========================================================================================
----------------- testing Mon Jun 24 01:53:50 UTC 2019 /home/travis/build/icyphy/ptII/ptolemy/domains/modal/test/auto/Case1.xml
----------------- Instantiating /home/travis/build/icyphy/ptII/ptolemy/domains/modal/test/auto/Case1.xml
6 ms. Memory: 218112K Free: 82986K (38%)
----------------- Invoking toplevel() on ptolemy.moml.MoMLSimpleApplication@3a83d160
----------------- Done invoking toplevel() on ptolemy.moml.MoMLSimpleApplication@3a83d160
reloadAllAccessors: .Case1

===========================================================================================
----------------- testing Mon Jun 24 01:53:50 UTC 2019 /home/travis/build/icyphy/ptII/ptolemy/domains/modal/test/auto/Case2.xml
----------------- Instantiating /home/travis/build/icyphy/ptII/ptolemy/domains/modal/test/auto/Case2.xml
16 ms. Memory: 218112K Free: 194092K (89%)
----------------- Invoking toplevel() on ptolemy.moml.MoMLSimpleApplication@503654e5
----------------- Done invoking toplevel() on ptolemy.moml.MoMLSimpleApplication@503654e5
reloadAllAccessors: .Case2

===========================================================================================
----------------- testing Mon Jun 24 01:53:50 UTC 2019 /home/travis/build/icyphy/ptII/ptolemy/domains/modal/test/auto/CausalityInterface1.xml
----------------- Instantiating /home/travis/build/icyphy/ptII/ptolemy/domains/modal/test/auto/CausalityInterface1.xml
3 ms. Memory: 218112K Free: 188972K (87%)
----------------- Invoking toplevel() on ptolemy.moml.MoMLSimpleApplication@67fd9521
----------------- Done invoking toplevel() on ptolemy.moml.MoMLSimpleApplication@67fd9521
reloadAllAccessors: .CausalityInterface1

===========================================================================================
----------------- testing Mon Jun 24 01:53:50 UTC 2019 /home/travis/build/icyphy/ptII/ptolemy/domains/modal/test/auto/CausalityInterface10.xml
----------------- Instantiating /home/travis/build/icyphy/ptII/ptolemy/domains/modal/test/auto/CausalityInterface10.xml
15 ms. Memory: 218112K Free: 175660K (81%)
----------------- Invoking toplevel() on ptolemy.moml.MoMLSimpleApplication@ff23c4b
----------------- Done invoking toplevel() on ptolemy.moml.MoMLSimpleApplication@ff23c4b
reloadAllAccessors: .CausalityInterface10

===========================================================================================
----------------- testing Mon Jun 24 01:53:50 UTC 2019 /home/travis/build/icyphy/ptII/ptolemy/domains/modal/test/auto/CausalityInterface11.xml
----------------- Instantiating /home/travis/build/icyphy/ptII/ptolemy/domains/modal/test/auto/CausalityInterface11.xml
8 ms. Memory: 218112K Free: 162348K (74%)
----------------- Invoking toplevel() on ptolemy.moml.MoMLSimpleApplication@16ad15e2
----------------- Done invoking toplevel() on ptolemy.moml.MoMLSimpleApplication@16ad15e2
reloadAllAccessors: .CausalityInterface11

===========================================================================================
----------------- testing Mon Jun 24 01:53:50 UTC 2019 /home/travis/build/icyphy/ptII/ptolemy/domains/modal/test/auto/CausalityInterface12.xml
----------------- Instantiating /home/travis/build/icyphy/ptII/ptolemy/domains/modal/test/auto/CausalityInterface12.xml
8 ms. Memory: 218112K Free: 149036K (68%)
----------------- Invoking toplevel() on ptolemy.moml.MoMLSimpleApplication@43171f0f
----------------- Done invoking toplevel() on ptolemy.moml.MoMLSimpleApplication@43171f0f
reloadAllAccessors: .CausalityInterface12

===========================================================================================
----------------- testing Mon Jun 24 01:53:50 UTC 2019 /home/travis/build/icyphy/ptII/ptolemy/domains/modal/test/auto/CausalityInterface13.xml
----------------- Instantiating /home/travis/build/icyphy/ptII/ptolemy/domains/modal/test/auto/CausalityInterface13.xml
10 ms. Memory: 218112K Free: 135195K (62%)
----------------- Invoking toplevel() on ptolemy.moml.MoMLSimpleApplication@1d9df4bd
----------------- Done invoking toplevel() on ptolemy.moml.MoMLSimpleApplication@1d9df4bd
reloadAllAccessors: .CausalityInterface13

===========================================================================================
----------------- testing Mon Jun 24 01:53:50 UTC 2019 /home/travis/build/icyphy/ptII/ptolemy/domains/modal/test/auto/CausalityInterface14.xml
----------------- Instantiating /home/travis/build/icyphy/ptII/ptolemy/domains/modal/test/auto/CausalityInterface14.xml
10 ms. Memory: 218112K Free: 121388K (56%)
----------------- Invoking toplevel() on ptolemy.moml.MoMLSimpleApplication@5a06a829
----------------- Done invoking toplevel() on ptolemy.moml.MoMLSimpleApplication@5a06a829
reloadAllAccessors: .CausalityInterface14

===========================================================================================
----------------- testing Mon Jun 24 01:53:50 UTC 2019 /home/travis/build/icyphy/ptII/ptolemy/domains/modal/test/auto/CausalityInterface2.xml
----------------- Instantiating /home/travis/build/icyphy/ptII/ptolemy/domains/modal/test/auto/CausalityInterface2.xml
9 ms. Memory: 218112K Free: 115754K (53%)
----------------- Invoking toplevel() on ptolemy.moml.MoMLSimpleApplication@760a1050
----------------- Done invoking toplevel() on ptolemy.moml.MoMLSimpleApplication@760a1050
reloadAllAccessors: .CausalityInterface2

===========================================================================================
----------------- testing Mon Jun 24 01:53:50 UTC 2019 /home/travis/build/icyphy/ptII/ptolemy/domains/modal/test/auto/CausalityInterface3.xml
----------------- Instantiating /home/travis/build/icyphy/ptII/ptolemy/domains/modal/test/auto/CausalityInterface3.xml
4 ms. Memory: 218112K Free: 109603K (50%)
----------------- Invoking toplevel() on ptolemy.moml.MoMLSimpleApplication@2bc6d372
----------------- Done invoking toplevel() on ptolemy.moml.MoMLSimpleApplication@2bc6d372
reloadAllAccessors: .CausalityInterface3

===========================================================================================
----------------- testing Mon Jun 24 01:53:50 UTC 2019 /home/travis/build/icyphy/ptII/ptolemy/domains/modal/test/auto/CausalityInterface4.xml
----------------- Instantiating /home/travis/build/icyphy/ptII/ptolemy/domains/modal/test/auto/CausalityInterface4.xml
3 ms. Memory: 218112K Free: 102956K (47%)
----------------- Invoking toplevel() on ptolemy.moml.MoMLSimpleApplication@73da1258
----------------- Done invoking toplevel() on ptolemy.moml.MoMLSimpleApplication@73da1258
reloadAllAccessors: .CausalityInterface4

===========================================================================================
----------------- testing Mon Jun 24 01:53:50 UTC 2019 /home/travis/build/icyphy/ptII/ptolemy/domains/modal/test/auto/CausalityInterface5.xml
----------------- Instantiating /home/travis/build/icyphy/ptII/ptolemy/domains/modal/test/auto/CausalityInterface5.xml
5 ms. Memory: 218112K Free: 94764K (43%)
----------------- Invoking toplevel() on ptolemy.moml.MoMLSimpleApplication@2d067b71
----------------- Done invoking toplevel() on ptolemy.moml.MoMLSimpleApplication@2d067b71
reloadAllAccessors: .CausalityInterface5

===========================================================================================
----------------- testing Mon Jun 24 01:53:50 UTC 2019 /home/travis/build/icyphy/ptII/ptolemy/domains/modal/test/auto/CausalityInterface6.xml
----------------- Instantiating /home/travis/build/icyphy/ptII/ptolemy/domains/modal/test/auto/CausalityInterface6.xml
5 ms. Memory: 218112K Free: 86572K (40%)
----------------- Invoking toplevel() on ptolemy.moml.MoMLSimpleApplication@13139538
----------------- Done invoking toplevel() on ptolemy.moml.MoMLSimpleApplication@13139538
reloadAllAccessors: .CausalityInterface6

===========================================================================================
----------------- testing Mon Jun 24 01:53:50 UTC 2019 /home/travis/build/icyphy/ptII/ptolemy/domains/modal/test/auto/CausalityInterface7.xml
----------------- Instantiating /home/travis/build/icyphy/ptII/ptolemy/domains/modal/test/auto/CausalityInterface7.xml
6 ms. Memory: 218112K Free: 78380K (36%)
----------------- Invoking toplevel() on ptolemy.moml.MoMLSimpleApplication@5e288447
----------------- Done invoking toplevel() on ptolemy.moml.MoMLSimpleApplication@5e288447
reloadAllAccessors: .CausalityInterface7

===========================================================================================
----------------- testing Mon Jun 24 01:53:50 UTC 2019 /home/travis/build/icyphy/ptII/ptolemy/domains/modal/test/auto/CausalityInterface8.xml
----------------- Instantiating /home/travis/build/icyphy/ptII/ptolemy/domains/modal/test/auto/CausalityInterface8.xml
7 ms. Memory: 344064K Free: 317475K (92%)
----------------- Invoking toplevel() on ptolemy.moml.MoMLSimpleApplication@7456325
----------------- Done invoking toplevel() on ptolemy.moml.MoMLSimpleApplication@7456325
reloadAllAccessors: .CausalityInterface8

===========================================================================================
----------------- testing Mon Jun 24 01:53:50 UTC 2019 /home/travis/build/icyphy/ptII/ptolemy/domains/modal/test/auto/CausalityInterface9.xml
----------------- Instantiating /home/travis/build/icyphy/ptII/ptolemy/domains/modal/test/auto/CausalityInterface9.xml
8 ms. Memory: 344064K Free: 308780K (90%)
----------------- Invoking toplevel() on ptolemy.moml.MoMLSimpleApplication@380966a0
----------------- Done invoking toplevel() on ptolemy.moml.MoMLSimpleApplication@380966a0
reloadAllAccessors: .CausalityInterface9

===========================================================================================
----------------- testing Mon Jun 24 01:53:50 UTC 2019 /home/travis/build/icyphy/ptII/ptolemy/domains/modal/test/auto/ChainedTransitions.xml
----------------- Instantiating /home/travis/build/icyphy/ptII/ptolemy/domains/modal/test/auto/ChainedTransitions.xml
67 ms. Memory: 344064K Free: 284204K (83%)
----------------- Invoking toplevel() on ptolemy.moml.MoMLSimpleApplication@2985dcaf
----------------- Done invoking toplevel() on ptolemy.moml.MoMLSimpleApplication@2985dcaf
reloadAllAccessors: .ChainedTransitions

===========================================================================================
----------------- testing Mon Jun 24 01:53:50 UTC 2019 /home/travis/build/icyphy/ptII/ptolemy/domains/modal/test/auto/CycleOfImmediateTransitionsFSM.xml
----------------- Instantiating /home/travis/build/icyphy/ptII/ptolemy/domains/modal/test/auto/CycleOfImmediateTransitionsFSM.xml
8 ms. Memory: 344064K Free: 278570K (81%)
----------------- Invoking toplevel() on ptolemy.moml.MoMLSimpleApplication@1132b12c
----------------- Done invoking toplevel() on ptolemy.moml.MoMLSimpleApplication@1132b12c
reloadAllAccessors: .CycleOfImmediateTransitionsFSM

===========================================================================================
----------------- testing Mon Jun 24 01:53:50 UTC 2019 /home/travis/build/icyphy/ptII/ptolemy/domains/modal/test/auto/CycleOfImmediateTransitionsModal.xml
----------------- Instantiating /home/travis/build/icyphy/ptII/ptolemy/domains/modal/test/auto/CycleOfImmediateTransitionsModal.xml
2 ms. Memory: 344064K Free: 272426K (79%)
----------------- Invoking toplevel() on ptolemy.moml.MoMLSimpleApplication@3254e036
----------------- Done invoking toplevel() on ptolemy.moml.MoMLSimpleApplication@3254e036
reloadAllAccessors: .CycleOfImmediateTransitionsModal

===========================================================================================
----------------- testing Mon Jun 24 01:53:50 UTC 2019 /home/travis/build/icyphy/ptII/ptolemy/domains/modal/test/auto/CycleOfImmediateTransitionsModal2.xml
----------------- Instantiating /home/travis/build/icyphy/ptII/ptolemy/domains/modal/test/auto/CycleOfImmediateTransitionsModal2.xml
2 ms. Memory: 344064K Free: 265772K (77%)
----------------- Invoking toplevel() on ptolemy.moml.MoMLSimpleApplication@52ddd3db
----------------- Done invoking toplevel() on ptolemy.moml.MoMLSimpleApplication@52ddd3db
reloadAllAccessors: .CycleOfImmediateTransitionsModal2

===========================================================================================
----------------- testing Mon Jun 24 01:53:51 UTC 2019 /home/travis/build/icyphy/ptII/ptolemy/domains/modal/test/auto/CycleOfImmediateTransitionsModal3.xml
----------------- Instantiating /home/travis/build/icyphy/ptII/ptolemy/domains/modal/test/auto/CycleOfImmediateTransitionsModal3.xml
11 ms. Memory: 344064K Free: 243244K (71%)
----------------- Invoking toplevel() on ptolemy.moml.MoMLSimpleApplication@33368cd4
----------------- Done invoking toplevel() on ptolemy.moml.MoMLSimpleApplication@33368cd4
reloadAllAccessors: .CycleOfImmediateTransitionsModal3

===========================================================================================
----------------- testing Mon Jun 24 01:53:51 UTC 2019 /home/travis/build/icyphy/ptII/ptolemy/domains/modal/test/auto/DeepModal1.xml
----------------- Instantiating /home/travis/build/icyphy/ptII/ptolemy/domains/modal/test/auto/DeepModal1.xml
26 ms. Memory: 344064K Free: 229387K (67%)
----------------- Invoking toplevel() on ptolemy.moml.MoMLSimpleApplication@28ea8c40
----------------- Done invoking toplevel() on ptolemy.moml.MoMLSimpleApplication@28ea8c40
reloadAllAccessors: .DeepModal1

===========================================================================================
----------------- testing Mon Jun 24 01:53:51 UTC 2019 /home/travis/build/icyphy/ptII/ptolemy/domains/modal/test/auto/DeepModal2.xml
----------------- Instantiating /home/travis/build/icyphy/ptII/ptolemy/domains/modal/test/auto/DeepModal2.xml
25 ms. Memory: 344064K Free: 210986K (61%)
----------------- Invoking toplevel() on ptolemy.moml.MoMLSimpleApplication@730c1e84
----------------- Done invoking toplevel() on ptolemy.moml.MoMLSimpleApplication@730c1e84
reloadAllAccessors: .DeepModal2

===========================================================================================
----------------- testing Mon Jun 24 01:53:51 UTC 2019 /home/travis/build/icyphy/ptII/ptolemy/domains/modal/test/auto/DeepModal3.xml
----------------- Instantiating /home/travis/build/icyphy/ptII/ptolemy/domains/modal/test/auto/DeepModal3.xml
42 ms. Memory: 344064K Free: 191515K (56%)
----------------- Invoking toplevel() on ptolemy.moml.MoMLSimpleApplication@5d365306
----------------- Done invoking toplevel() on ptolemy.moml.MoMLSimpleApplication@5d365306
reloadAllAccessors: .DeepModal3

===========================================================================================
----------------- testing Mon Jun 24 01:53:51 UTC 2019 /home/travis/build/icyphy/ptII/ptolemy/domains/modal/test/auto/DeepModal4.xml
----------------- Instantiating /home/travis/build/icyphy/ptII/ptolemy/domains/modal/test/auto/DeepModal4.xml
32 ms. Memory: 344064K Free: 172588K (50%)
----------------- Invoking toplevel() on ptolemy.moml.MoMLSimpleApplication@4e990354
----------------- Done invoking toplevel() on ptolemy.moml.MoMLSimpleApplication@4e990354
reloadAllAccessors: .DeepModal4

===========================================================================================
----------------- testing Mon Jun 24 01:53:51 UTC 2019 /home/travis/build/icyphy/ptII/ptolemy/domains/modal/test/auto/Default1.xml
----------------- Instantiating /home/travis/build/icyphy/ptII/ptolemy/domains/modal/test/auto/Default1.xml
3 ms. Memory: 344064K Free: 166444K (48%)
----------------- Invoking toplevel() on ptolemy.moml.MoMLSimpleApplication@429e42ca
----------------- Done invoking toplevel() on ptolemy.moml.MoMLSimpleApplication@429e42ca
reloadAllAccessors: .Default1

===========================================================================================
----------------- testing Mon Jun 24 01:53:51 UTC 2019 /home/travis/build/icyphy/ptII/ptolemy/domains/modal/test/auto/Default2.xml
----------------- Instantiating /home/travis/build/icyphy/ptII/ptolemy/domains/modal/test/auto/Default2.xml
9 ms. Memory: 344064K Free: 160810K (47%)
----------------- Invoking toplevel() on ptolemy.moml.MoMLSimpleApplication@130b7ce3
----------------- Done invoking toplevel() on ptolemy.moml.MoMLSimpleApplication@130b7ce3
reloadAllAccessors: .Default2

===========================================================================================
----------------- testing Mon Jun 24 01:53:51 UTC 2019 /home/travis/build/icyphy/ptII/ptolemy/domains/modal/test/auto/Default3.xml
----------------- Instantiating /home/travis/build/icyphy/ptII/ptolemy/domains/modal/test/auto/Default3.xml
2 ms. Memory: 344064K Free: 154666K (45%)
----------------- Invoking toplevel() on ptolemy.moml.MoMLSimpleApplication@2183c76c
----------------- Done invoking toplevel() on ptolemy.moml.MoMLSimpleApplication@2183c76c
reloadAllAccessors: .Default3

===========================================================================================
----------------- testing Mon Jun 24 01:53:51 UTC 2019 /home/travis/build/icyphy/ptII/ptolemy/domains/modal/test/auto/Default4.xml
----------------- Instantiating /home/travis/build/icyphy/ptII/ptolemy/domains/modal/test/auto/Default4.xml
2 ms. Memory: 344064K Free: 148522K (43%)
----------------- Invoking toplevel() on ptolemy.moml.MoMLSimpleApplication@56a982bb
----------------- Done invoking toplevel() on ptolemy.moml.MoMLSimpleApplication@56a982bb
reloadAllAccessors: .Default4

===========================================================================================
----------------- testing Mon Jun 24 01:53:51 UTC 2019 /home/travis/build/icyphy/ptII/ptolemy/domains/modal/test/auto/Default5.xml
----------------- Instantiating /home/travis/build/icyphy/ptII/ptolemy/domains/modal/test/auto/Default5.xml
8 ms. Memory: 344064K Free: 140330K (41%)
----------------- Invoking toplevel() on ptolemy.moml.MoMLSimpleApplication@2b694f
----------------- Done invoking toplevel() on ptolemy.moml.MoMLSimpleApplication@2b694f
reloadAllAccessors: .Default5

===========================================================================================
----------------- testing Mon Jun 24 01:53:51 UTC 2019 /home/travis/build/icyphy/ptII/ptolemy/domains/modal/test/auto/EmptyGuard.xml
----------------- Instantiating /home/travis/build/icyphy/ptII/ptolemy/domains/modal/test/auto/EmptyGuard.xml
14 ms. Memory: 344064K Free: 319532K (93%)
----------------- Invoking toplevel() on ptolemy.moml.MoMLSimpleApplication@37704e7a
----------------- Done invoking toplevel() on ptolemy.moml.MoMLSimpleApplication@37704e7a
reloadAllAccessors: .EmptyGuard

===========================================================================================
----------------- testing Mon Jun 24 01:53:51 UTC 2019 /home/travis/build/icyphy/ptII/ptolemy/domains/modal/test/auto/ErrorTransition1.xml
----------------- Instantiating /home/travis/build/icyphy/ptII/ptolemy/domains/modal/test/auto/ErrorTransition1.xml
9 ms. Memory: 344064K Free: 310826K (90%)
----------------- Invoking toplevel() on ptolemy.moml.MoMLSimpleApplication@50a07ab8
----------------- Done invoking toplevel() on ptolemy.moml.MoMLSimpleApplication@50a07ab8
reloadAllAccessors: .ErrorTransition1

===========================================================================================
----------------- testing Mon Jun 24 01:53:51 UTC 2019 /home/travis/build/icyphy/ptII/ptolemy/domains/modal/test/auto/ErrorTransition10.xml
----------------- Instantiating /home/travis/build/icyphy/ptII/ptolemy/domains/modal/test/auto/ErrorTransition10.xml
10 ms. Memory: 344064K Free: 297004K (86%)
----------------- Invoking toplevel() on ptolemy.moml.MoMLSimpleApplication@7037c8e5
----------------- Done invoking toplevel() on ptolemy.moml.MoMLSimpleApplication@7037c8e5
reloadAllAccessors: .ErrorTransition10

===========================================================================================
----------------- testing Mon Jun 24 01:53:51 UTC 2019 /home/travis/build/icyphy/ptII/ptolemy/domains/modal/test/auto/ErrorTransition11.xml
----------------- Instantiating /home/travis/build/icyphy/ptII/ptolemy/domains/modal/test/auto/ErrorTransition11.xml
4 ms. Memory: 344064K Free: 285740K (83%)
----------------- Invoking toplevel() on ptolemy.moml.MoMLSimpleApplication@5dca417e
----------------- Done invoking toplevel() on ptolemy.moml.MoMLSimpleApplication@5dca417e
reloadAllAccessors: .ErrorTransition11

===========================================================================================
----------------- testing Mon Jun 24 01:53:51 UTC 2019 /home/travis/build/icyphy/ptII/ptolemy/domains/modal/test/auto/ErrorTransition2.xml
----------------- Instantiating /home/travis/build/icyphy/ptII/ptolemy/domains/modal/test/auto/ErrorTransition2.xml
9 ms. Memory: 344064K Free: 277034K (81%)
----------------- Invoking toplevel() on ptolemy.moml.MoMLSimpleApplication@14bd2484
----------------- Done invoking toplevel() on ptolemy.moml.MoMLSimpleApplication@14bd2484
reloadAllAccessors: .ErrorTransition2

===========================================================================================
----------------- testing Mon Jun 24 01:53:51 UTC 2019 /home/travis/build/icyphy/ptII/ptolemy/domains/modal/test/auto/ErrorTransition3.xml
----------------- Instantiating /home/travis/build/icyphy/ptII/ptolemy/domains/modal/test/auto/ErrorTransition3.xml
19 ms. Memory: 344064K Free: 267308K (78%)
----------------- Invoking toplevel() on ptolemy.moml.MoMLSimpleApplication@79317d62
----------------- Done invoking toplevel() on ptolemy.moml.MoMLSimpleApplication@79317d62
reloadAllAccessors: .ErrorTransition3

===========================================================================================
----------------- testing Mon Jun 24 01:53:51 UTC 2019 /home/travis/build/icyphy/ptII/ptolemy/domains/modal/test/auto/ErrorTransition4.xml
----------------- Instantiating /home/travis/build/icyphy/ptII/ptolemy/domains/modal/test/auto/ErrorTransition4.xml
14 ms. Memory: 344064K Free: 256044K (74%)
----------------- Invoking toplevel() on ptolemy.moml.MoMLSimpleApplication@21821acf
----------------- Done invoking toplevel() on ptolemy.moml.MoMLSimpleApplication@21821acf
reloadAllAccessors: .ErrorTransition4

===========================================================================================
----------------- testing Mon Jun 24 01:53:51 UTC 2019 /home/travis/build/icyphy/ptII/ptolemy/domains/modal/test/auto/ErrorTransition5.xml
----------------- Instantiating /home/travis/build/icyphy/ptII/ptolemy/domains/modal/test/auto/ErrorTransition5.xml
8 ms. Memory: 344064K Free: 245804K (71%)
----------------- Invoking toplevel() on ptolemy.moml.MoMLSimpleApplication@3e5000de
----------------- Done invoking toplevel() on ptolemy.moml.MoMLSimpleApplication@3e5000de
reloadAllAccessors: .ErrorTransition5

===========================================================================================
----------------- testing Mon Jun 24 01:53:51 UTC 2019 /home/travis/build/icyphy/ptII/ptolemy/domains/modal/test/auto/ErrorTransition6.xml
----------------- Instantiating /home/travis/build/icyphy/ptII/ptolemy/domains/modal/test/auto/ErrorTransition6.xml
9 ms. Memory: 344064K Free: 235050K (68%)
----------------- Invoking toplevel() on ptolemy.moml.MoMLSimpleApplication@44e9ca56
----------------- Done invoking toplevel() on ptolemy.moml.MoMLSimpleApplication@44e9ca56
reloadAllAccessors: .ErrorTransition6

===========================================================================================
----------------- testing Mon Jun 24 01:53:51 UTC 2019 /home/travis/build/icyphy/ptII/ptolemy/domains/modal/test/auto/ErrorTransition7.xml
----------------- Instantiating /home/travis/build/icyphy/ptII/ptolemy/domains/modal/test/auto/ErrorTransition7.xml
14 ms. Memory: 344064K Free: 222252K (65%)
----------------- Invoking toplevel() on ptolemy.moml.MoMLSimpleApplication@2b3da8fe
----------------- Done invoking toplevel() on ptolemy.moml.MoMLSimpleApplication@2b3da8fe
reloadAllAccessors: .ErrorTransition7

===========================================================================================
----------------- testing Mon Jun 24 01:53:51 UTC 2019 /home/travis/build/icyphy/ptII/ptolemy/domains/modal/test/auto/ErrorTransition8.xml
----------------- Instantiating /home/travis/build/icyphy/ptII/ptolemy/domains/modal/test/auto/ErrorTransition8.xml
27 ms. Memory: 344064K Free: 209450K (61%)
----------------- Invoking toplevel() on ptolemy.moml.MoMLSimpleApplication@762f0299
----------------- Done invoking toplevel() on ptolemy.moml.MoMLSimpleApplication@762f0299
reloadAllAccessors: .ErrorTransition8

===========================================================================================
----------------- testing Mon Jun 24 01:53:51 UTC 2019 /home/travis/build/icyphy/ptII/ptolemy/domains/modal/test/auto/ErrorTransition9.xml
----------------- Instantiating /home/travis/build/icyphy/ptII/ptolemy/domains/modal/test/auto/ErrorTransition9.xml
18 ms. Memory: 344064K Free: 196107K (57%)
----------------- Invoking toplevel() on ptolemy.moml.MoMLSimpleApplication@563ffcc3
----------------- Done invoking toplevel() on ptolemy.moml.MoMLSimpleApplication@563ffcc3
reloadAllAccessors: .ErrorTransition9

===========================================================================================
----------------- testing Mon Jun 24 01:53:51 UTC 2019 /home/travis/build/icyphy/ptII/ptolemy/domains/modal/test/auto/ExtendedFSM.xml
----------------- Instantiating /home/travis/build/icyphy/ptII/ptolemy/domains/modal/test/auto/ExtendedFSM.xml
6 ms. Memory: 344064K Free: 187436K (54%)
----------------- Invoking toplevel() on ptolemy.moml.MoMLSimpleApplication@3c125bf3
----------------- Done invoking toplevel() on ptolemy.moml.MoMLSimpleApplication@3c125bf3
reloadAllAccessors: .ExtendedFSM

===========================================================================================
----------------- testing Mon Jun 24 01:53:52 UTC 2019 /home/travis/build/icyphy/ptII/ptolemy/domains/modal/test/auto/FinalStates.xml
----------------- Instantiating /home/travis/build/icyphy/ptII/ptolemy/domains/modal/test/auto/FinalStates.xml
6 ms. Memory: 344064K Free: 179244K (52%)
----------------- Invoking toplevel() on ptolemy.moml.MoMLSimpleApplication@8227445
----------------- Done invoking toplevel() on ptolemy.moml.MoMLSimpleApplication@8227445
reloadAllAccessors: .FinalStates

===========================================================================================
----------------- testing Mon Jun 24 01:53:52 UTC 2019 /home/travis/build/icyphy/ptII/ptolemy/domains/modal/test/auto/FixedPointFSM.xml
----------------- Instantiating /home/travis/build/icyphy/ptII/ptolemy/domains/modal/test/auto/FixedPointFSM.xml
21 ms. Memory: 344064K Free: 164387K (48%)
----------------- Invoking toplevel() on ptolemy.moml.MoMLSimpleApplication@7e04bac8
----------------- Done invoking toplevel() on ptolemy.moml.MoMLSimpleApplication@7e04bac8
reloadAllAccessors: .FixedPointFSM

===========================================================================================
----------------- testing Mon Jun 24 01:53:52 UTC 2019 /home/travis/build/icyphy/ptII/ptolemy/domains/modal/test/auto/FixedPointIterationFSMActor.xml
----------------- Instantiating /home/travis/build/icyphy/ptII/ptolemy/domains/modal/test/auto/FixedPointIterationFSMActor.xml
7 ms. Memory: 344064K Free: 154147K (45%)
----------------- Invoking toplevel() on ptolemy.moml.MoMLSimpleApplication@3fe7b04a
----------------- Done invoking toplevel() on ptolemy.moml.MoMLSimpleApplication@3fe7b04a
reloadAllAccessors: .FixedPointIterationFSMActor

===========================================================================================
----------------- testing Mon Jun 24 01:53:52 UTC 2019 /home/travis/build/icyphy/ptII/ptolemy/domains/modal/test/auto/FixedPointIterationFSMActor2.xml
----------------- Instantiating /home/travis/build/icyphy/ptII/ptolemy/domains/modal/test/auto/FixedPointIterationFSMActor2.xml
16 ms. Memory: 344064K Free: 142380K (41%)
----------------- Invoking toplevel() on ptolemy.moml.MoMLSimpleApplication@3340ea14
----------------- Done invoking toplevel() on ptolemy.moml.MoMLSimpleApplication@3340ea14
reloadAllAccessors: .FixedPointIterationFSMActor2

===========================================================================================
----------------- testing Mon Jun 24 01:53:52 UTC 2019 /home/travis/build/icyphy/ptII/ptolemy/domains/modal/test/auto/ForbiddenInstantanousLoop.xml
----------------- Instantiating /home/travis/build/icyphy/ptII/ptolemy/domains/modal/test/auto/ForbiddenInstantanousLoop.xml
9 ms. Memory: 344064K Free: 130092K (38%)
----------------- Invoking toplevel() on ptolemy.moml.MoMLSimpleApplication@57c6a486
----------------- Done invoking toplevel() on ptolemy.moml.MoMLSimpleApplication@57c6a486
reloadAllAccessors: .ForbiddenInstantanousLoop

===========================================================================================
----------------- testing Mon Jun 24 01:53:52 UTC 2019 /home/travis/build/icyphy/ptII/ptolemy/domains/modal/test/auto/FunctionDependencyOfFSMActorTest.xml
----------------- Instantiating /home/travis/build/icyphy/ptII/ptolemy/domains/modal/test/auto/FunctionDependencyOfFSMActorTest.xml
14 ms. Memory: 344064K Free: 321540K (93%)
----------------- Invoking toplevel() on ptolemy.moml.MoMLSimpleApplication@65093c95
----------------- Done invoking toplevel() on ptolemy.moml.MoMLSimpleApplication@65093c95
reloadAllAccessors: .FunctionDependencyOfFSMActorTest

===========================================================================================
----------------- testing Mon Jun 24 01:53:52 UTC 2019 /home/travis/build/icyphy/ptII/ptolemy/domains/modal/test/auto/GuardExpression.xml
----------------- Instantiating /home/travis/build/icyphy/ptII/ptolemy/domains/modal/test/auto/GuardExpression.xml
2 ms. Memory: 344064K Free: 315948K (92%)
----------------- Invoking toplevel() on ptolemy.moml.MoMLSimpleApplication@7e968e92
----------------- Done invoking toplevel() on ptolemy.moml.MoMLSimpleApplication@7e968e92
reloadAllAccessors: .GuardExpression

===========================================================================================
----------------- testing Mon Jun 24 01:53:52 UTC 2019 /home/travis/build/icyphy/ptII/ptolemy/domains/modal/test/auto/GuardNotEvaluated.xml
----------------- Instantiating /home/travis/build/icyphy/ptII/ptolemy/domains/modal/test/auto/GuardNotEvaluated.xml
6 ms. Memory: 344064K Free: 307235K (89%)
----------------- Invoking toplevel() on ptolemy.moml.MoMLSimpleApplication@4dec7a46
----------------- Done invoking toplevel() on ptolemy.moml.MoMLSimpleApplication@4dec7a46
reloadAllAccessors: .GuardNotEvaluated

===========================================================================================
----------------- testing Mon Jun 24 01:53:52 UTC 2019 /home/travis/build/icyphy/ptII/ptolemy/domains/modal/test/auto/GuardNotEvaluated2.xml
----------------- Instantiating /home/travis/build/icyphy/ptII/ptolemy/domains/modal/test/auto/GuardNotEvaluated2.xml
7 ms. Memory: 344064K Free: 297516K (86%)
----------------- Invoking toplevel() on ptolemy.moml.MoMLSimpleApplication@1fdaeda9
----------------- Done invoking toplevel() on ptolemy.moml.MoMLSimpleApplication@1fdaeda9
reloadAllAccessors: .GuardNotEvaluated2

===========================================================================================
----------------- testing Mon Jun 24 01:53:52 UTC 2019 /home/travis/build/icyphy/ptII/ptolemy/domains/modal/test/auto/GuardOnAbsent.xml
----------------- Instantiating /home/travis/build/icyphy/ptII/ptolemy/domains/modal/test/auto/GuardOnAbsent.xml
8 ms. Memory: 344064K Free: 289819K (84%)
----------------- Invoking toplevel() on ptolemy.moml.MoMLSimpleApplication@3828b420
----------------- Done invoking toplevel() on ptolemy.moml.MoMLSimpleApplication@3828b420
reloadAllAccessors: .GuardOnAbsent

===========================================================================================
----------------- testing Mon Jun 24 01:53:52 UTC 2019 /home/travis/build/icyphy/ptII/ptolemy/domains/modal/test/auto/HierarchicalFSMTypeInference.xml
----------------- Instantiating /home/travis/build/icyphy/ptII/ptolemy/domains/modal/test/auto/HierarchicalFSMTypeInference.xml
5 ms. Memory: 344064K Free: 279594K (81%)
----------------- Invoking toplevel() on ptolemy.moml.MoMLSimpleApplication@45923f7a
----------------- Done invoking toplevel() on ptolemy.moml.MoMLSimpleApplication@45923f7a
reloadAllAccessors: .HierarchicalFSMTypeInference

===========================================================================================
----------------- testing Mon Jun 24 01:53:52 UTC 2019 /home/travis/build/icyphy/ptII/ptolemy/domains/modal/test/auto/Hysteresis.xml
----------------- Instantiating /home/travis/build/icyphy/ptII/ptolemy/domains/modal/test/auto/Hysteresis.xml
12 ms. Memory: 344064K Free: 266267K (77%)
----------------- Invoking toplevel() on ptolemy.moml.MoMLSimpleApplication@5e513121
----------------- Done invoking toplevel() on ptolemy.moml.MoMLSimpleApplication@5e513121
reloadAllAccessors: .Hysteresis

===========================================================================================
----------------- testing Mon Jun 24 01:53:52 UTC 2019 /home/travis/build/icyphy/ptII/ptolemy/domains/modal/test/auto/HysteresisWithDefault.xml
----------------- Instantiating /home/travis/build/icyphy/ptII/ptolemy/domains/modal/test/auto/HysteresisWithDefault.xml
41 ms. Memory: 344064K Free: 243244K (71%)
----------------- Invoking toplevel() on ptolemy.moml.MoMLSimpleApplication@63b9efae
----------------- Done invoking toplevel() on ptolemy.moml.MoMLSimpleApplication@63b9efae
reloadAllAccessors: .HysteresisWithDefault

===========================================================================================
----------------- testing Mon Jun 24 01:53:52 UTC 2019 /home/travis/build/icyphy/ptII/ptolemy/domains/modal/test/auto/HysteresisWithDefault2.xml
----------------- Instantiating /home/travis/build/icyphy/ptII/ptolemy/domains/modal/test/auto/HysteresisWithDefault2.xml
44 ms. Memory: 344064K Free: 214058K (62%)
----------------- Invoking toplevel() on ptolemy.moml.MoMLSimpleApplication@373125a8
----------------- Done invoking toplevel() on ptolemy.moml.MoMLSimpleApplication@373125a8
reloadAllAccessors: .HysteresisWithDefault2

===========================================================================================
----------------- testing Mon Jun 24 01:53:52 UTC 2019 /home/travis/build/icyphy/ptII/ptolemy/domains/modal/test/auto/ImmediateNonConstructiveness.xml
----------------- Instantiating /home/travis/build/icyphy/ptII/ptolemy/domains/modal/test/auto/ImmediateNonConstructiveness.xml
10 ms. Memory: 344064K Free: 206875K (60%)
----------------- Invoking toplevel() on ptolemy.moml.MoMLSimpleApplication@52a32218
----------------- Done invoking toplevel() on ptolemy.moml.MoMLSimpleApplication@52a32218
reloadAllAccessors: .ImmediateNonConstructiveness

===========================================================================================
----------------- testing Mon Jun 24 01:53:52 UTC 2019 /home/travis/build/icyphy/ptII/ptolemy/domains/modal/test/auto/ImmediateNonConstructiveness2.xml
----------------- Instantiating /home/travis/build/icyphy/ptII/ptolemy/domains/modal/test/auto/ImmediateNonConstructiveness2.xml
2 ms. Memory: 344064K Free: 200236K (58%)
----------------- Invoking toplevel() on ptolemy.moml.MoMLSimpleApplication@6b8259f9
----------------- Done invoking toplevel() on ptolemy.moml.MoMLSimpleApplication@6b8259f9
reloadAllAccessors: .ImmediateNonConstructiveness2

===========================================================================================
----------------- testing Mon Jun 24 01:53:52 UTC 2019 /home/travis/build/icyphy/ptII/ptolemy/domains/modal/test/auto/ImmediateTransitionReset.xml
----------------- Instantiating /home/travis/build/icyphy/ptII/ptolemy/domains/modal/test/auto/ImmediateTransitionReset.xml
6 ms. Memory: 344064K Free: 187948K (55%)
----------------- Invoking toplevel() on ptolemy.moml.MoMLSimpleApplication@45446cba
----------------- Done invoking toplevel() on ptolemy.moml.MoMLSimpleApplication@45446cba
reloadAllAccessors: .ImmediateTransitionReset

===========================================================================================
----------------- testing Mon Jun 24 01:53:52 UTC 2019 /home/travis/build/icyphy/ptII/ptolemy/domains/modal/test/auto/ImmediateTransitions1.xml
----------------- Instantiating /home/travis/build/icyphy/ptII/ptolemy/domains/modal/test/auto/ImmediateTransitions1.xml
1 ms. Memory: 344064K Free: 182828K (53%)
----------------- Invoking toplevel() on ptolemy.moml.MoMLSimpleApplication@3fe64706
----------------- Done invoking toplevel() on ptolemy.moml.MoMLSimpleApplication@3fe64706
reloadAllAccessors: .ImmediateTransitions1

===========================================================================================
----------------- testing Mon Jun 24 01:53:52 UTC 2019 /home/travis/build/icyphy/ptII/ptolemy/domains/modal/test/auto/ImmediateTransitionsInstantaneousCommunication.xml
----------------- Instantiating /home/travis/build/icyphy/ptII/ptolemy/domains/modal/test/auto/ImmediateTransitionsInstantaneousCommunication.xml
4 ms. Memory: 344064K Free: 170540K (50%)
----------------- Invoking toplevel() on ptolemy.moml.MoMLSimpleApplication@6ef4902e
----------------- Done invoking toplevel() on ptolemy.moml.MoMLSimpleApplication@6ef4902e
reloadAllAccessors: .ImmediateTransitionsInstantaneousCommunication

===========================================================================================
----------------- testing Mon Jun 24 01:53:52 UTC 2019 /home/travis/build/icyphy/ptII/ptolemy/domains/modal/test/auto/InitialImmediateTransition.xml
----------------- Instantiating /home/travis/build/icyphy/ptII/ptolemy/domains/modal/test/auto/InitialImmediateTransition.xml
3 ms. Memory: 344064K Free: 163372K (47%)
----------------- Invoking toplevel() on ptolemy.moml.MoMLSimpleApplication@26d0dc97
----------------- Done invoking toplevel() on ptolemy.moml.MoMLSimpleApplication@26d0dc97
reloadAllAccessors: .InitialImmediateTransition

===========================================================================================
----------------- testing Mon Jun 24 01:53:52 UTC 2019 /home/travis/build/icyphy/ptII/ptolemy/domains/modal/test/auto/InitialOutputs.xml
----------------- Instantiating /home/travis/build/icyphy/ptII/ptolemy/domains/modal/test/auto/InitialOutputs.xml
2 ms. Memory: 344064K Free: 157228K (46%)
----------------- Invoking toplevel() on ptolemy.moml.MoMLSimpleApplication@53ac1487
----------------- Done invoking toplevel() on ptolemy.moml.MoMLSimpleApplication@53ac1487
reloadAllAccessors: .InitialOutputs

===========================================================================================
----------------- testing Mon Jun 24 01:53:52 UTC 2019 /home/travis/build/icyphy/ptII/ptolemy/domains/modal/test/auto/InitialStateTransition1.xml
----------------- Instantiating /home/travis/build/icyphy/ptII/ptolemy/domains/modal/test/auto/InitialStateTransition1.xml
3 ms. Memory: 344064K Free: 150060K (44%)
----------------- Invoking toplevel() on ptolemy.moml.MoMLSimpleApplication@5c3eaad7
----------------- Done invoking toplevel() on ptolemy.moml.MoMLSimpleApplication@5c3eaad7
reloadAllAccessors: .InitialStateTransition1

===========================================================================================
----------------- testing Mon Jun 24 01:53:52 UTC 2019 /home/travis/build/icyphy/ptII/ptolemy/domains/modal/test/auto/InitialStateTransition2.xml
----------------- Instantiating /home/travis/build/icyphy/ptII/ptolemy/domains/modal/test/auto/InitialStateTransition2.xml
.InitialStateTransition2.TestExceptionAttributeNonConstructive: initialize() was not invoked, but wrapup() was.  This is unusual, but not always a problem.  For example, exporting JNLP will do this.
3 ms. Memory: 344064K Free: 142892K (42%)
----------------- Invoking toplevel() on ptolemy.moml.MoMLSimpleApplication@1e1186e5
----------------- Done invoking toplevel() on ptolemy.moml.MoMLSimpleApplication@1e1186e5
reloadAllAccessors: .InitialStateTransition2

===========================================================================================
----------------- testing Mon Jun 24 01:53:52 UTC 2019 /home/travis/build/icyphy/ptII/ptolemy/domains/modal/test/auto/InitialStateTransition3.xml
----------------- Instantiating /home/travis/build/icyphy/ptII/ptolemy/domains/modal/test/auto/InitialStateTransition3.xml
5 ms. Memory: 344064K Free: 134186K (39%)
----------------- Invoking toplevel() on ptolemy.moml.MoMLSimpleApplication@435220e6
----------------- Done invoking toplevel() on ptolemy.moml.MoMLSimpleApplication@435220e6
reloadAllAccessors: .InitialStateTransition3

===========================================================================================
----------------- testing Mon Jun 24 01:53:52 UTC 2019 /home/travis/build/icyphy/ptII/ptolemy/domains/modal/test/auto/InitialStateTransition4.xml
----------------- Instantiating /home/travis/build/icyphy/ptII/ptolemy/domains/modal/test/auto/InitialStateTransition4.xml
3 ms. Memory: 344064K Free: 322090K (94%)
----------------- Invoking toplevel() on ptolemy.moml.MoMLSimpleApplication@76cbffa4
----------------- Done invoking toplevel() on ptolemy.moml.MoMLSimpleApplication@76cbffa4
[...]
reloadAllAccessors: .TerminationTransition3

===========================================================================================
----------------- testing Mon Jun 24 01:53:54 UTC 2019 /home/travis/build/icyphy/ptII/ptolemy/domains/modal/test/auto/TerminationTransition4.xml
----------------- Instantiating /home/travis/build/icyphy/ptII/ptolemy/domains/modal/test/auto/TerminationTransition4.xml
6 ms. Memory: 481280K Free: 335916K (70%)
----------------- Invoking toplevel() on ptolemy.moml.MoMLSimpleApplication@6095b5bd
----------------- Done invoking toplevel() on ptolemy.moml.MoMLSimpleApplication@6095b5bd
reloadAllAccessors: .TerminationTransition4

===========================================================================================
----------------- testing Mon Jun 24 01:53:54 UTC 2019 /home/travis/build/icyphy/ptII/ptolemy/domains/modal/test/auto/TerminationTransition5.xml
----------------- Instantiating /home/travis/build/icyphy/ptII/ptolemy/domains/modal/test/auto/TerminationTransition5.xml
3 ms. Memory: 481280K Free: 322090K (67%)
----------------- Invoking toplevel() on ptolemy.moml.MoMLSimpleApplication@3bb35d5a
----------------- Done invoking toplevel() on ptolemy.moml.MoMLSimpleApplication@3bb35d5a
reloadAllAccessors: .TerminationTransition5

===========================================================================================
----------------- testing Mon Jun 24 01:53:54 UTC 2019 /home/travis/build/icyphy/ptII/ptolemy/domains/modal/test/auto/TerminationTransition6.xml
----------------- Instantiating /home/travis/build/icyphy/ptII/ptolemy/domains/modal/test/auto/TerminationTransition6.xml
2 ms. Memory: 481280K Free: 313898K (65%)
----------------- Invoking toplevel() on ptolemy.moml.MoMLSimpleApplication@5ded0ba7
----------------- Done invoking toplevel() on ptolemy.moml.MoMLSimpleApplication@5ded0ba7
reloadAllAccessors: .TerminationTransition6

===========================================================================================
----------------- testing Mon Jun 24 01:53:54 UTC 2019 /home/travis/build/icyphy/ptII/ptolemy/domains/modal/test/auto/TerminationTransition7.xml
----------------- Instantiating /home/travis/build/icyphy/ptII/ptolemy/domains/modal/test/auto/TerminationTransition7.xml
2 ms. Memory: 481280K Free: 304172K (63%)
----------------- Invoking toplevel() on ptolemy.moml.MoMLSimpleApplication@73c691c4
----------------- Done invoking toplevel() on ptolemy.moml.MoMLSimpleApplication@73c691c4
reloadAllAccessors: .TerminationTransition7

===========================================================================================
----------------- testing Mon Jun 24 01:53:54 UTC 2019 /home/travis/build/icyphy/ptII/ptolemy/domains/modal/test/auto/TerminationTransition8.xml
----------------- Instantiating /home/travis/build/icyphy/ptII/ptolemy/domains/modal/test/auto/TerminationTransition8.xml
2 ms. Memory: 481280K Free: 295466K (61%)
----------------- Invoking toplevel() on ptolemy.moml.MoMLSimpleApplication@51484e37
----------------- Done invoking toplevel() on ptolemy.moml.MoMLSimpleApplication@51484e37
reloadAllAccessors: .TerminationTransition8

===========================================================================================
----------------- testing Mon Jun 24 01:53:55 UTC 2019 /home/travis/build/icyphy/ptII/ptolemy/domains/modal/test/auto/Thermostat_NoHysteresis.xml
----------------- Instantiating /home/travis/build/icyphy/ptII/ptolemy/domains/modal/test/auto/Thermostat_NoHysteresis.xml
49 ms. Memory: 481280K Free: 270380K (56%)
----------------- Invoking toplevel() on ptolemy.moml.MoMLSimpleApplication@1cf7a24a
----------------- Done invoking toplevel() on ptolemy.moml.MoMLSimpleApplication@1cf7a24a
reloadAllAccessors: .Thermostat_NoHysteresis

===========================================================================================
----------------- testing Mon Jun 24 01:53:55 UTC 2019 /home/travis/build/icyphy/ptII/ptolemy/domains/modal/test/auto/TimedFSM.xml
----------------- Instantiating /home/travis/build/icyphy/ptII/ptolemy/domains/modal/test/auto/TimedFSM.xml
8 ms. Memory: 481280K Free: 259116K (54%)
----------------- Invoking toplevel() on ptolemy.moml.MoMLSimpleApplication@7c5f0493
----------------- Done invoking toplevel() on ptolemy.moml.MoMLSimpleApplication@7c5f0493
reloadAllAccessors: .TimedFSM

===========================================================================================
----------------- testing Mon Jun 24 01:53:55 UTC 2019 /home/travis/build/icyphy/ptII/ptolemy/domains/modal/test/auto/Timeout1.xml
----------------- Instantiating /home/travis/build/icyphy/ptII/ptolemy/domains/modal/test/auto/Timeout1.xml
3 ms. Memory: 481280K Free: 253467K (53%)
----------------- Invoking toplevel() on ptolemy.moml.MoMLSimpleApplication@65742233
----------------- Done invoking toplevel() on ptolemy.moml.MoMLSimpleApplication@65742233
reloadAllAccessors: .Timeout1

===========================================================================================
----------------- testing Mon Jun 24 01:53:55 UTC 2019 /home/travis/build/icyphy/ptII/ptolemy/domains/modal/test/auto/Timeout2.xml
----------------- Instantiating /home/travis/build/icyphy/ptII/ptolemy/domains/modal/test/auto/Timeout2.xml
4 ms. Memory: 481280K Free: 244780K (51%)
----------------- Invoking toplevel() on ptolemy.moml.MoMLSimpleApplication@11cf2d71
----------------- Done invoking toplevel() on ptolemy.moml.MoMLSimpleApplication@11cf2d71
reloadAllAccessors: .Timeout2

===========================================================================================
----------------- testing Mon Jun 24 01:53:55 UTC 2019 /home/travis/build/icyphy/ptII/ptolemy/domains/modal/test/auto/Timeout3.xml
----------------- Instantiating /home/travis/build/icyphy/ptII/ptolemy/domains/modal/test/auto/Timeout3.xml
2 ms. Memory: 481280K Free: 240170K (50%)
----------------- Invoking toplevel() on ptolemy.moml.MoMLSimpleApplication@5c17b8bc
----------------- Done invoking toplevel() on ptolemy.moml.MoMLSimpleApplication@5c17b8bc
reloadAllAccessors: .Timeout3

===========================================================================================
----------------- testing Mon Jun 24 01:53:55 UTC 2019 /home/travis/build/icyphy/ptII/ptolemy/domains/modal/test/auto/Timeout4.xml
----------------- Instantiating /home/travis/build/icyphy/ptII/ptolemy/domains/modal/test/auto/Timeout4.xml
2 ms. Memory: 481280K Free: 235035K (49%)
----------------- Invoking toplevel() on ptolemy.moml.MoMLSimpleApplication@39ed73eb
----------------- Done invoking toplevel() on ptolemy.moml.MoMLSimpleApplication@39ed73eb
reloadAllAccessors: .Timeout4

===========================================================================================
----------------- testing Mon Jun 24 01:53:55 UTC 2019 /home/travis/build/icyphy/ptII/ptolemy/domains/modal/test/auto/TransientstateModelAdvanced.xml
----------------- Instantiating /home/travis/build/icyphy/ptII/ptolemy/domains/modal/test/auto/TransientstateModelAdvanced.xml
3 ms. Memory: 481280K Free: 223276K (46%)
----------------- Invoking toplevel() on ptolemy.moml.MoMLSimpleApplication@6be73d2e
----------------- Done invoking toplevel() on ptolemy.moml.MoMLSimpleApplication@6be73d2e
reloadAllAccessors: .TransientstateModelAdvanced

===========================================================================================
----------------- testing Mon Jun 24 01:53:55 UTC 2019 /home/travis/build/icyphy/ptII/ptolemy/domains/modal/test/auto/TransientstateModelAdvanced2.xml
----------------- Instantiating /home/travis/build/icyphy/ptII/ptolemy/domains/modal/test/auto/TransientstateModelAdvanced2.xml
3 ms. Memory: 481280K Free: 208940K (43%)
----------------- Invoking toplevel() on ptolemy.moml.MoMLSimpleApplication@69a1f210
----------------- Done invoking toplevel() on ptolemy.moml.MoMLSimpleApplication@69a1f210
reloadAllAccessors: .transientstatemodelAdvanced

===========================================================================================
----------------- testing Mon Jun 24 01:53:55 UTC 2019 /home/travis/build/icyphy/ptII/ptolemy/domains/modal/test/auto/TransitionRefinements.xml
----------------- Instantiating /home/travis/build/icyphy/ptII/ptolemy/domains/modal/test/auto/TransitionRefinements.xml
6 ms. Memory: 481280K Free: 199195K (41%)
----------------- Invoking toplevel() on ptolemy.moml.MoMLSimpleApplication@75bfe256
----------------- Done invoking toplevel() on ptolemy.moml.MoMLSimpleApplication@75bfe256
reloadAllAccessors: .TransitionRefinements

===========================================================================================
----------------- testing Mon Jun 24 01:53:55 UTC 2019 /home/travis/build/icyphy/ptII/ptolemy/domains/modal/test/auto/TwoRefinements1.xml
----------------- Instantiating /home/travis/build/icyphy/ptII/ptolemy/domains/modal/test/auto/TwoRefinements1.xml
3 ms. Memory: 481280K Free: 189484K (39%)
----------------- Invoking toplevel() on ptolemy.moml.MoMLSimpleApplication@593446bd
----------------- Done invoking toplevel() on ptolemy.moml.MoMLSimpleApplication@593446bd
reloadAllAccessors: .TwoRefinements1

===========================================================================================
----------------- testing Mon Jun 24 01:53:55 UTC 2019 /home/travis/build/icyphy/ptII/ptolemy/domains/modal/test/auto/TwoRefinements2.xml
----------------- Instantiating /home/travis/build/icyphy/ptII/ptolemy/domains/modal/test/auto/TwoRefinements2.xml
3 ms. Memory: 481280K Free: 460107K (96%)
----------------- Invoking toplevel() on ptolemy.moml.MoMLSimpleApplication@7f18b078
----------------- Done invoking toplevel() on ptolemy.moml.MoMLSimpleApplication@7f18b078
reloadAllAccessors: .TwoRefinements2

===========================================================================================
----------------- testing Mon Jun 24 01:53:55 UTC 2019 /home/travis/build/icyphy/ptII/ptolemy/domains/modal/test/auto/WeakImmediateTransition.xml
----------------- Instantiating /home/travis/build/icyphy/ptII/ptolemy/domains/modal/test/auto/WeakImmediateTransition.xml
3 ms. Memory: 481280K Free: 451411K (94%)
----------------- Invoking toplevel() on ptolemy.moml.MoMLSimpleApplication@4902f995
----------------- Done invoking toplevel() on ptolemy.moml.MoMLSimpleApplication@4902f995
reloadAllAccessors: .WeakImmediateTransition

===========================================================================================
----------------- testing Mon Jun 24 01:53:55 UTC 2019 /home/travis/build/icyphy/ptII/ptolemy/domains/modal/test/auto/booleanSelect.xml
----------------- Instantiating /home/travis/build/icyphy/ptII/ptolemy/domains/modal/test/auto/booleanSelect.xml
26 ms. Memory: 481280K Free: 433483K (90%)
----------------- Invoking toplevel() on ptolemy.moml.MoMLSimpleApplication@4e21881c
----------------- Done invoking toplevel() on ptolemy.moml.MoMLSimpleApplication@4e21881c
reloadAllAccessors: .booleanSelect

===========================================================================================
----------------- testing Mon Jun 24 01:53:55 UTC 2019 /home/travis/build/icyphy/ptII/ptolemy/domains/modal/test/auto/modalChangingParams.xml
----------------- Instantiating /home/travis/build/icyphy/ptII/ptolemy/domains/modal/test/auto/modalChangingParams.xml
0
1
0
2
4
6
8
7
0
2
4
6
8
13
0
2
4
6
8
19
0
2
4
6
8
25
0
2
4
6
8
31
0
2
4
6
8
37
0
2
4
6
8
43
0
2
4
6
8
49
0
2
4
6
8
55
0
2
4
6
8
61
0
2
4
6
8
67
0
2
4
6
8
73
0
2
4
6
8
79
0
2
4
6
8
85
0
2
4
6
8
91
0
2
4
6
8
97
0
2
4
6
8
103
0
2
4
6
8
109
0
2
4
6
8
115
0
2
4
6
8
121
0
2
4
6
8
127
0
2
4
6
8
133
0
2
4
6
8
139
0
2
4
6
8
145
0
2
4
6
8
151
0
2
4
6
8
157
0
2
4
6
8
163
0
2
4
6
8
169
0
2
4
6
8
175
0
2
4
6
8
181
0
2
4
6
8
187
0
2
4
6
8
193
0
2
4
6
8
199
0
2
4
6
8
205
0
2
4
6
8
211
0
2
4
6
8
217
0
2
4
6
8
223
0
2
4
6
8
229
0
2
4
6
8
235
0
2
4
6
8
241
0
2
4
6
8
247
0
2
4
6
8
253
0
2
4
6
8
259
0
2
4
6
8
265
0
2
4
6
8
271
0
2
4
6
8
277
0
2
4
6
8
283
0
2
4
6
8
289
0
2
4
6
8
295
0
2
4
6
8
301
0
2
4
6
8
307
0
2
4
6
8
313
0
2
4
6
8
319
0
2
4
6
8
325
0
2
4
6
8
331
0
2
4
6
8
337
0
2
4
6
8
343
0
2
4
6
8
349
0
2
4
6
8
355
0
2
4
6
8
361
0
2
4
6
8
367
0
2
4
6
8
373
0
2
4
6
8
379
0
2
4
6
8
385
0
2
4
6
8
391
0
2
4
6
8
397
0
2
4
6
8
403
0
2
4
6
8
409
0
2
4
6
8
415
0
2
4
6
8
421
0
2
4
6
8
427
0
2
4
6
8
433
0
2
4
6
8
439
0
2
4
6
8
445
0
2
4
6
8
451
0
2
4
6
8
457
0
2
4
6
8
463
0
2
4
6
8
469
0
2
4
6
8
475
0
2
4
6
8
481
0
2
4
6
8
487
0
2
4
6
8
493
0
2
4
6
8
499
0
2
4
6
8
505
0
2
4
6
8
511
0
2
4
6
8
517
0
2
4
6
8
523
0
2
4
6
8
529
0
2
4
6
8
535
0
2
4
6
8
541
0
2
4
6
8
547
0
2
4
6
8
553
0
2
4
6
8
559
0
2
4
6
8
565
0
2
4
6
8
571
0
2
4
6
8
577
0
2
4
6
8
583
0
2
4
6
8
589
0
2
4
6
8
595
0
2
4
6
8
601
0
2
4
6
8
607
0
2
4
6
8
613
0
2
4
6
8
619
0
2
4
6
8
625
0
2
4
6
8
631
0
2
4
6
8
637
0
2
4
6
8
643
0
2
4
6
8
649
0
2
4
6
8
655
0
2
4
6
8
661
0
2
4
6
8
667
0
2
4
6
8
673
0
2
4
6
8
679
0
2
4
6
8
685
0
2
4
6
8
691
0
2
4
6
8
697
0
2
4
6
8
703
0
2
4
6
8
709
0
2
4
6
8
715
0
2
4
6
8
721
0
2
4
6
8
727
0
2
4
6
8
733
0
2
4
6
8
739
0
2
4
6
8
745
0
2
4
6
8
751
0
2
4
6
8
757
0
2
4
6
8
763
0
2
4
6
8
769
0
2
4
6
8
775
0
2
4
6
8
781
0
2
4
6
8
787
0
2
4
6
8
793
0
2
4
6
8
799
0
2
4
6
8
805
0
2
4
6
8
811
0
2
4
6
8
817
0
2
4
6
8
823
0
2
4
6
8
829
0
2
4
6
8
835
0
2
4
6
8
841
0
2
4
6
8
847
0
2
4
6
8
853
0
2
4
6
8
859
0
2
4
6
8
865
0
2
4
6
8
871
0
2
4
6
8
877
0
2
4
6
8
883
0
2
4
6
8
889
0
2
4
6
8
895
0
2
4
6
8
901
0
2
4
6
8
907
0
2
4
6
8
913
0
2
4
6
8
919
0
2
4
6
8
925
0
2
4
6
8
931
0
2
4
6
8
937
0
2
4
6
8
943
0
2
4
6
8
949
0
2
4
6
8
955
0
2
4
6
8
961
0
2
4
6
8
967
0
2
4
6
8
973
0
2
4
6
8
979
0
2
4
6
8
985
0
2
4
6
8
991
0
2
4
6
8
997
0
2
247 ms. Memory: 481280K Free: 318801K (66%)
----------------- Invoking toplevel() on ptolemy.moml.MoMLSimpleApplication@756ad3c9
----------------- Done invoking toplevel() on ptolemy.moml.MoMLSimpleApplication@756ad3c9
reloadAllAccessors: .modalChangingParams

===========================================================================================
----------------- testing Mon Jun 24 01:53:55 UTC 2019 /home/travis/build/icyphy/ptII/ptolemy/domains/modal/test/auto/modalModel.xml
----------------- Instantiating /home/travis/build/icyphy/ptII/ptolemy/domains/modal/test/auto/modalModel.xml
5 ms. Memory: 481280K Free: 310099K (64%)
----------------- Invoking toplevel() on ptolemy.moml.MoMLSimpleApplication@3e63a21a
----------------- Done invoking toplevel() on ptolemy.moml.MoMLSimpleApplication@3e63a21a
reloadAllAccessors: .modalModel

===========================================================================================
----------------- testing Mon Jun 24 01:53:55 UTC 2019 /home/travis/build/icyphy/ptII/ptolemy/domains/modal/test/auto/modalModel2.xml
----------------- Instantiating /home/travis/build/icyphy/ptII/ptolemy/domains/modal/test/auto/modalModel2.xml
7 ms. Memory: 481280K Free: 299331K (62%)
----------------- Invoking toplevel() on ptolemy.moml.MoMLSimpleApplication@7829607a
----------------- Done invoking toplevel() on ptolemy.moml.MoMLSimpleApplication@7829607a
reloadAllAccessors: .modalModel2

===========================================================================================
----------------- testing Mon Jun 24 01:53:55 UTC 2019 /home/travis/build/icyphy/ptII/ptolemy/domains/modal/test/auto/modalModel3.xml
----------------- Instantiating /home/travis/build/icyphy/ptII/ptolemy/domains/modal/test/auto/modalModel3.xml
0	0	0
3	2	1
6	4	2
9	6	3
4	0	4
7	2	5
10	4	6
13	6	7
8	0	8
11	2	9
14	4	10
17	6	11
12	0	12
15	2	13
18	4	14
14 ms. Memory: 481280K Free: 284499K (59%)
----------------- Invoking toplevel() on ptolemy.moml.MoMLSimpleApplication@44bcdd24
----------------- Done invoking toplevel() on ptolemy.moml.MoMLSimpleApplication@44bcdd24
reloadAllAccessors: .modalModel3

===========================================================================================
----------------- testing Mon Jun 24 01:53:55 UTC 2019 /home/travis/build/icyphy/ptII/ptolemy/domains/modal/test/auto/model1.xml
----------------- Instantiating /home/travis/build/icyphy/ptII/ptolemy/domains/modal/test/auto/model1.xml
9 ms. Memory: 481280K Free: 278865K (58%)
----------------- Invoking toplevel() on ptolemy.moml.MoMLSimpleApplication@717ad2f3
----------------- Done invoking toplevel() on ptolemy.moml.MoMLSimpleApplication@717ad2f3
reloadAllAccessors: .model1

===========================================================================================
----------------- testing Mon Jun 24 01:53:55 UTC 2019 /home/travis/build/icyphy/ptII/ptolemy/domains/modal/test/auto/test-direct-in-out.xml
----------------- Instantiating /home/travis/build/icyphy/ptII/ptolemy/domains/modal/test/auto/test-direct-in-out.xml
5 ms. Memory: 481280K Free: 271187K (56%)
----------------- Invoking toplevel() on ptolemy.moml.MoMLSimpleApplication@1924a829
----------------- Done invoking toplevel() on ptolemy.moml.MoMLSimpleApplication@1924a829
reloadAllAccessors: .test-direct-in-out
AutoTests.java: About to close Vertx.
AutoTests.java: Vertx closed.
]]></system-out>
  <system-err><![CDATA[java.lang.RuntimeException: Execution failed
	at ptolemy.moml.MoMLSimpleApplication$UnloadThread.run(MoMLSimpleApplication.java:402)
Caused by: ptolemy.kernel.util.IllegalActionException: Unknown inputs remain. Possible causality loop:
L_model_1893289564i

  in .CannotAnalysisWithPreemption.model_1893289564_region_1 and .CannotAnalysisWithPreemption.model_1893289564_region_1.L_model_1893289564i
	at ptolemy.actor.sched.FixedPointDirector.postfire(FixedPointDirector.java:515)
	at ptolemy.domains.sr.kernel.SRDirector.postfire(SRDirector.java:417)
	at ptolemy.actor.CompositeActor.postfire(CompositeActor.java:1668)
	at ptolemy.actor.Manager.iterate(Manager.java:852)
	at ptolemy.actor.Manager.execute(Manager.java:369)
	at ptolemy.actor.Manager.run(Manager.java:1263)
	at ptolemy.actor.Manager$PtolemyRunThread.run(Manager.java:1915)
java.lang.reflect.InvocationTargetException
	at java.base/jdk.internal.reflect.NativeConstructorAccessorImpl.newInstance0(Native Method)
	at java.base/jdk.internal.reflect.NativeConstructorAccessorImpl.newInstance(NativeConstructorAccessorImpl.java:62)
	at java.base/jdk.internal.reflect.DelegatingConstructorAccessorImpl.newInstance(DelegatingConstructorAccessorImpl.java:45)
	at java.base/java.lang.reflect.Constructor.newInstance(Constructor.java:490)
	at ptolemy.util.test.junit.AutoKnownFailedTests.RunModel(AutoKnownFailedTests.java:105)
	at java.base/jdk.internal.reflect.NativeMethodAccessorImpl.invoke0(Native Method)
	at java.base/jdk.internal.reflect.NativeMethodAccessorImpl.invoke(NativeMethodAccessorImpl.java:62)
	at java.base/jdk.internal.reflect.DelegatingMethodAccessorImpl.invoke(DelegatingMethodAccessorImpl.java:43)
	at java.base/java.lang.reflect.Method.invoke(Method.java:566)
	at org.junit.runners.model.FrameworkMethod$1.runReflectiveCall(FrameworkMethod.java:44)
	at org.junit.internal.runners.model.ReflectiveCallable.run(ReflectiveCallable.java:15)
	at org.junit.runners.model.FrameworkMethod.invokeExplosively(FrameworkMethod.java:41)
	at junitparams.internal.InvokeParameterisedMethod.evaluate(InvokeParameterisedMethod.java:102)
	at org.junit.internal.runners.statements.FailOnTimeout$1.run(FailOnTimeout.java:28)
Caused by: ptolemy.kernel.util.IllegalActionException: Unknown inputs remain. Possible causality loop:
L_model_1893289564i

  in .CannotAnalysisWithPreemption.model_1893289564_region_1 and .CannotAnalysisWithPreemption.model_1893289564_region_1.L_model_1893289564i
	at ptolemy.actor.sched.FixedPointDirector.postfire(FixedPointDirector.java:515)
	at ptolemy.domains.sr.kernel.SRDirector.postfire(SRDirector.java:417)
	at ptolemy.actor.CompositeActor.postfire(CompositeActor.java:1668)
	at ptolemy.actor.Manager.iterate(Manager.java:852)
	at ptolemy.actor.Manager.execute(Manager.java:369)
	at ptolemy.actor.Manager.run(Manager.java:1263)
	at ptolemy.actor.Manager$PtolemyRunThread.run(Manager.java:1915)
]]></system-err>
</testsuite>
