/home/travis/build/icyphy/ptII/bin/ant: Running /home/travis/build/icyphy/ptII/ant/bin/ant build test.export4.xml
Buildfile: /home/travis/build/icyphy/ptII/build.xml

build-message:
     [echo] Use ant -p to see other targets. JAVA_HOME=/usr/lib/jvm/java-8-oracle
     [echo] tools.jar is necessary for compilation of doc/doclets/.
     [echo] If compilation fails, try setting JAVA_HOME to the location of the JDK.
     [echo] For example:
     [echo]   [bldmastr@sisyphus ptII]$ which java
     [echo]   /usr/bin/java
     [echo]   [bldmastr@sisyphus ptII]$ ls -l /usr/bin/java
     [echo]   lrwxrwxrwx 1 root root 26 Jul 31 10:12 /usr/bin/java -> /usr/java/default/bin/java
     [echo]   [bldmastr@sisyphus ptII]$ export JAVA_HOME=/usr/java/default
     [echo]     

-build-subprojects-empty:

build-subprojects:

-check-node:

-check-node-works:
     [exec] v7.10.1

-check-npm:

-check-npm-works:
     [exec] 4.2.0

-check-if-npmjs-org-is-up:
     [echo] Check to see if https://www.npmjs.org is up.

-jsdoc-no-network-message:

-check-jsdoc:

jsdoc-install:
    [mkdir] Created dir: /home/travis/build/icyphy/ptII/node_modules
     [exec] /home/travis/build/icyphy/ptII
     [exec] └─┬ @terraswarm/jsdoc@3.5.1-dev 
     [exec]   ├── bluebird@3.4.7 
     [exec]   ├─┬ catharsis@0.8.9 
     [exec]   │ └─┬ underscore-contrib@0.3.0 
     [exec]   │   └── underscore@1.6.0 
     [exec]   ├── escape-string-regexp@1.0.5 
     [exec]   ├─┬ espree@3.1.7 
     [exec]   │ ├── acorn@3.3.0 
     [exec]   │ └── acorn-jsx@3.0.1 
     [exec]   ├── js2xmlparser@1.0.0 
     [exec]   ├─┬ klaw@1.3.1 
     [exec]   │ └── graceful-fs@4.1.15 
     [exec]   ├── marked@0.3.19 
     [exec]   ├─┬ mkdirp@0.5.1 
     [exec]   │ └── minimist@0.0.8 
     [exec]   ├─┬ requizzle@0.2.1 
     [exec]   │ └── underscore@1.6.0 
     [exec]   ├── strip-json-comments@2.0.1 
     [exec]   ├── taffydb@2.6.2 
     [exec]   └── underscore@1.8.3 
     [exec] 
     [exec] npm WARN enoent ENOENT: no such file or directory, open '/home/travis/build/icyphy/ptII/package.json'
     [exec] npm WARN ptII No description
     [exec] npm WARN ptII No repository field.
     [exec] npm WARN ptII No README data
     [exec] npm WARN ptII No license field.

jsdoc-update:

-ptdoc-no-node:

-ptdoc-no-npm:

ptdoc:
     [echo] 
     [echo]       If the ptdoc target fails, then try running:
     [echo]           ant build-project build-bin
     [echo]     

-check-node:

-check-node-works:
     [exec] v7.10.1

-check-npm:

-check-npm-works:
     [exec] 4.2.0

-check-if-npmjs-org-is-up:
     [echo] Check to see if https://www.npmjs.org is up or $TRAVIS is set.

-jsdoc-no-network-message:

-check-jsdoc:
     [echo] To stop CapeCode from invoking jsdoc and svn, set the PT_NO_NET environment variable.  
     [echo]     Under BASH:
     [echo]         export PT_NO_NET=true
     [echo]     If ptdoc fails, and you are building from $PTII, try:
     [echo]         ant build-project build-bin
     [echo]     

jsdoc-install:
     [echo] npm.executable: npm
    [mkdir] Created dir: /home/travis/build/icyphy/ptII/org/terraswarm/accessor/accessors/node_modules
     [exec] /home/travis/build/icyphy/ptII/org/terraswarm/accessor/accessors
     [exec] └─┬ @terraswarm/jsdoc@3.5.1-dev 
     [exec]   ├── bluebird@3.4.7 
     [exec]   ├─┬ catharsis@0.8.9 
     [exec]   │ └─┬ underscore-contrib@0.3.0 
     [exec]   │   └── underscore@1.6.0 
     [exec]   ├── escape-string-regexp@1.0.5 
     [exec]   ├─┬ espree@3.1.7 
     [exec]   │ ├── acorn@3.3.0 
     [exec]   │ └── acorn-jsx@3.0.1 
     [exec]   ├── js2xmlparser@1.0.0 
     [exec]   ├─┬ klaw@1.3.1 
     [exec]   │ └── graceful-fs@4.1.15 
     [exec]   ├── marked@0.3.19 
     [exec]   ├─┬ mkdirp@0.5.1 
     [exec]   │ └── minimist@0.0.8 
     [exec]   ├─┬ requizzle@0.2.1 
     [exec]   │ └── underscore@1.6.0 
     [exec]   ├── strip-json-comments@2.0.1 
     [exec]   ├── taffydb@2.6.2 
     [exec]   └── underscore@1.8.3 
     [exec] 
     [exec] npm WARN enoent ENOENT: no such file or directory, open '/home/travis/build/icyphy/ptII/org/terraswarm/accessor/accessors/package.json'
     [exec] npm WARN accessors No description
     [exec] npm WARN accessors No repository field.
     [exec] npm WARN accessors No README data
     [exec] npm WARN accessors No license field.

jsdoc-update:

-ptdoc-no-node-message:

-ptdoc-no-npm-message:

-check-jsdoc-again:

-jsdoc-command-message:

ptdoc:
     [echo] Invoke /home/travis/build/icyphy/ptII/org/terraswarm/accessor/accessors/web/../node_modules/@terraswarm/jsdoc/jsdoc.js to read *.js files and generate *PtDoc.xml files suitable for Ptolemy.
     [echo]     See https://chess.eecs.berkeley.edu/ptexternal/wiki/Main/JSDocSystems
     [echo]     See jsdoc/jsdoc.json
     [echo]     See jsdoc/plugins/accessorJSDocTags.js
     [echo]     See jsdoc/templates/ptdoc/publish.js
     [echo] 
     [echo]     If the ptdoc target fails, the there is likely a problem with node or npm.  It is possible
     [echo]     to use CapeCode even if the ptdoc target fails.
     [echo]     
     [echo]     If you are building from $PTII, try:
     [echo]         ant build-project build-bin
     [echo] 
     [echo]     
     [exec] Generating output files...
     [exec] Finished running in 17.88 seconds.

build-project:
     [echo] ptII: /home/travis/build/icyphy/ptII/build.xml
    [javac] Compiling 4351 source files to /home/travis/build/icyphy/ptII
    [javac] /home/travis/build/icyphy/ptII/ptolemy/copernicus/applet/JarSigner.java:61: warning: ManifestDigester is internal proprietary API and may be removed in a future release
    [javac] import sun.security.util.ManifestDigester;
    [javac]                         ^
    [javac] /home/travis/build/icyphy/ptII/ptolemy/media/viewer/AudioViewer.java:51: warning: AudioPlayer is internal proprietary API and may be removed in a future release
    [javac] import sun.audio.AudioPlayer;
    [javac]                 ^
    [javac] /home/travis/build/icyphy/ptII/ptolemy/util/StringUtilities.java:48: warning: Unsafe is internal proprietary API and may be removed in a future release
    [javac] import sun.misc.Unsafe;
    [javac]                ^
    [javac] /home/travis/build/icyphy/ptII/ptolemy/copernicus/applet/JarSigner.java:320: warning: ManifestDigester is internal proprietary API and may be removed in a future release
    [javac]         ManifestDigester manifestDigester = new ManifestDigester(
    [javac]         ^
    [javac] /home/travis/build/icyphy/ptII/ptolemy/copernicus/applet/JarSigner.java:320: warning: ManifestDigester is internal proprietary API and may be removed in a future release
    [javac]         ManifestDigester manifestDigester = new ManifestDigester(
    [javac]                                                 ^
    [javac] /home/travis/build/icyphy/ptII/ptolemy/copernicus/applet/JarSigner.java:634: warning: ManifestDigester is internal proprietary API and may be removed in a future release
    [javac]                 ManifestDigester md, String baseName, boolean signManifest)
    [javac]                 ^
    [javac] /home/travis/build/icyphy/ptII/ptolemy/copernicus/applet/JarSigner.java:648: warning: ManifestDigester is internal proprietary API and may be removed in a future release
    [javac]                     ManifestDigester.class, String.class, Boolean.TYPE);
    [javac]                     ^
    [javac] /home/travis/build/icyphy/ptII/ptolemy/media/viewer/AudioViewer.java:242: warning: AudioPlayer is internal proprietary API and may be removed in a future release
    [javac]         AudioPlayer.player.start(_instream);
    [javac]         ^
    [javac] /home/travis/build/icyphy/ptII/ptolemy/util/StringUtilities.java:118: warning: Unsafe is internal proprietary API and may be removed in a future release
    [javac]             Field theUnsafe = Unsafe.class.getDeclaredField("theUnsafe");
    [javac]                               ^
    [javac] /home/travis/build/icyphy/ptII/ptolemy/util/StringUtilities.java:120: warning: Unsafe is internal proprietary API and may be removed in a future release
    [javac]             Unsafe unsafe = (Unsafe) theUnsafe.get(null);
    [javac]             ^
    [javac] /home/travis/build/icyphy/ptII/ptolemy/util/StringUtilities.java:120: warning: Unsafe is internal proprietary API and may be removed in a future release
    [javac]             Unsafe unsafe = (Unsafe) theUnsafe.get(null);
    [javac]                              ^
    [javac] Note: Some input files use or override a deprecated API.
    [javac] Note: Recompile with -Xlint:deprecation for details.
    [javac] Note: Some input files use unchecked or unsafe operations.
    [javac] Note: Recompile with -Xlint:unchecked for details.
    [javac] 11 warnings

-check-ptII-mk-file:

-check-bin-vergil:

-check-make-bin-vergil:

build-bin-not:

build-not-bin-vergil:
     [echo] 
     [echo] 	$PTII/bin/vergil does not exist, perhaps (cd $PTII/bin; make) has not been run?
     [echo] 	This can happen if the make binary cannot be found in the path or if $PTII/mk/ptII.mk
     [echo] 	is not present.
     [echo] 	Skipping running make in $PTII/bin, which creates scripts like $PTII/bin/vergil.
     [echo] 	This is only an issue if you want to invoke "$PTII/bin/vergil" instead of "ant vergil".
     [echo] 	However, $PTII/bin does include other scripts that may be of use.
     [echo]       

build-bin:
     [exec] for file in .momllib-util .nc2moml-util .ncapp2moml-util capecode convertToLazy copernicus decompile emachine giottoc histogram homer jode mescal moml obfuscate ptcg ptcodegen ptexecute ptjacl ptjaclapp ptplot ptstartjini ptolemy ptweb pxgraph soot tinicomm tinic tiniconverter startjini.gui vergil; do \
     [exec] 		echo "$file"; \
     [exec] 		rm -f "$file"; \
     [exec] 		ln -s ptinvoke "$file"; \
     [exec] 		chmod a+x "$file"; \
     [exec] 	done
     [exec] .momllib-util
     [exec] .nc2moml-util
     [exec] .ncapp2moml-util
     [exec] capecode
     [exec] convertToLazy
     [exec] copernicus
     [exec] decompile
     [exec] emachine
     [exec] giottoc
     [exec] histogram
     [exec] homer
     [exec] jode
     [exec] mescal
     [exec] moml
     [exec] obfuscate
     [exec] ptcg
     [exec] ptcodegen
     [exec] ptexecute
     [exec] ptjacl
     [exec] ptjaclapp
     [exec] ptplot
     [exec] ptstartjini
     [exec] ptolemy
     [exec] ptweb
     [exec] pxgraph
     [exec] soot
     [exec] tinicomm
     [exec] tinic
     [exec] tiniconverter
     [exec] startjini.gui
     [exec] vergil
     [exec] rm -f makebat
     [exec] ln -s ptinvoke makebat
     [exec] rm -f ".momllib-util.bat"
     [exec] ./makebat -q "`basename .momllib-util.bat .bat`"
     [exec] rm -f ".nc2moml-util.bat"
     [exec] ./makebat -q "`basename .nc2moml-util.bat .bat`"
     [exec] rm -f ".ncapp2moml-util.bat"
     [exec] ./makebat -q "`basename .ncapp2moml-util.bat .bat`"
     [exec] rm -f "capecode.bat"
     [exec] ./makebat -q "`basename capecode.bat .bat`"
     [exec] rm -f "convertToLazy.bat"
     [exec] ./makebat -q "`basename convertToLazy.bat .bat`"
     [exec] rm -f "copernicus.bat"
     [exec] ./makebat -q "`basename copernicus.bat .bat`"
     [exec] rm -f "decompile.bat"
     [exec] ./makebat -q "`basename decompile.bat .bat`"
     [exec] rm -f "emachine.bat"
     [exec] ./makebat -q "`basename emachine.bat .bat`"
     [exec] rm -f "giottoc.bat"
     [exec] ./makebat -q "`basename giottoc.bat .bat`"
     [exec] rm -f "histogram.bat"
     [exec] ./makebat -q "`basename histogram.bat .bat`"
     [exec] rm -f "homer.bat"
     [exec] ./makebat -q "`basename homer.bat .bat`"
     [exec] rm -f "jode.bat"
     [exec] ./makebat -q "`basename jode.bat .bat`"
     [exec] rm -f "mescal.bat"
     [exec] ./makebat -q "`basename mescal.bat .bat`"
     [exec] LD_LIBRARY_PATH = /home/travis/build/icyphy/ptII/mescal/lib:/home/travis/build/icyphy/ptII/mescal/bin:/usr/local/lib:/home/travis/build/icyphy/ptII/lib:/home/travis/pthla/certi-tools/lib:/home/travis/pthla/certi-tools/lib:/usr/lib/jni:/usr/local/share/OpenCV/java/:/usr/share/OpenCV/java:
     [exec] rm -f "moml.bat"
     [exec] ./makebat -q "`basename moml.bat .bat`"
     [exec] rm -f "obfuscate.bat"
     [exec] ./makebat -q "`basename obfuscate.bat .bat`"
     [exec] rm -f "ptcg.bat"
     [exec] ./makebat -q "`basename ptcg.bat .bat`"
     [exec] rm -f "ptcodegen.bat"
     [exec] ./makebat -q "`basename ptcodegen.bat .bat`"
     [exec] rm -f "ptexecute.bat"
     [exec] ./makebat -q "`basename ptexecute.bat .bat`"
     [exec] rm -f "ptjacl.bat"
     [exec] ./makebat -q "`basename ptjacl.bat .bat`"
     [exec] rm -f "ptjaclapp.bat"
     [exec] ./makebat -q "`basename ptjaclapp.bat .bat`"
     [exec] rm -f "ptplot.bat"
     [exec] ./makebat -q "`basename ptplot.bat .bat`"
     [exec] rm -f "ptstartjini.bat"
     [exec] ./makebat -q "`basename ptstartjini.bat .bat`"
     [exec] rm -f "ptolemy.bat"
     [exec] ./makebat -q "`basename ptolemy.bat .bat`"
     [exec] rm -f "ptweb.bat"
     [exec] ./makebat -q "`basename ptweb.bat .bat`"
     [exec] rm -f "pxgraph.bat"
     [exec] ./makebat -q "`basename pxgraph.bat .bat`"
     [exec] rm -f "soot.bat"
     [exec] ./makebat -q "`basename soot.bat .bat`"
     [exec] rm -f "tinicomm.bat"
     [exec] ./makebat -q "`basename tinicomm.bat .bat`"
     [exec] rm -f "tinic.bat"
     [exec] ./makebat -q "`basename tinic.bat .bat`"
     [exec] rm -f "tiniconverter.bat"
     [exec] ./makebat -q "`basename tiniconverter.bat .bat`"
     [exec] rm -f "startjini.gui.bat"
     [exec] ./makebat -q "`basename startjini.gui.bat .bat`"
     [exec] rm -f "vergil.bat"
     [exec] ./makebat -q "`basename vergil.bat .bat`"
     [exec] rm -f makeapp
     [exec] ln -s ptinvoke makeapp
     [exec] chmod a+x ptinvoke makeapp
     [exec] ./makeapp CapeCode.app CAPECODE -capecode
     [exec] ./makeapp: /home/travis/build/icyphy/ptII/vendors/universalJavaApplicationStub/src/universalJavaApplicationStub does not exist, creating it from GitHub.
     [exec] Cloning into 'universalJavaApplicationStub'...
     [exec] Updating universalJavaApplicationStub from /home/travis/build/icyphy/ptII/vendors/universalJavaApplicationStub/src/universalJavaApplicationStub
     [exec] Error: This Java instance does not support a 32-bit JVM.
     [exec] Please install the desired version.
     [exec] configure: WARNING: Running java -d32 -version failed,
     [exec]     and ./bin/java does not exist.
     [exec]     Perhaps you need to install a separate 32-bit JVM
     [exec]     or rerun configure with --with-java32?
     [exec]     The 32-bit JVM is only needed for certain 32-bit FMI tests.
     [exec]     In general, under a 64-bit JVM, FMI will work fine without a 32-bit JVM.
     [exec] configure: WARNING: '/usr/lib/jvm/java-8-oracle/bin/java' is not
     [exec]     the same as '/usr/bin/java'.
     [exec]     Perhaps '/usr/bin/java' is in your path before
     [exec]     '/usr/lib/jvm/java-8-oracle/bin/java'?
     [exec]     If you have problems later, be sure that you don't have a mismatch
     [exec]     in JDK versions.
     [exec] configure: WARNING: '/usr/lib/jvm/java-8-oracle/bin/javac' is not
     [exec] 	 the same as '/usr/bin/javac'.
     [exec] 	 Perhaps '/usr/bin/javac' is in your path
     [exec] 	 before '/usr/lib/jvm/java-8-oracle/bin/javac'?
     [exec] 	 If you have problems later, be sure that you don't have a mismatch
     [exec] 	 in JDK versions.
     [exec] configure: WARNING: Failed to find /usr/local/include/boost/numeric/odeint.hpp
     [exec]     This is only a problem if you want to rebuild the Functional
     [exec]     Mock-up Interface ++ C files in actor/lib/fmi/fmipp.
     [exec]     Most users can use the shared libraries in /home/travis/build/icyphy/ptII/lib or /home/travis/build/icyphy/ptII/bin.
     [exec] configure: WARNING: Failed to find Checkstyle in /home/travis/build/icyphy/ptII/vendors/checkstyle-6.2
     [exec]     Checkstyle is only necessary for code cleaning.
     [exec]     Checkstyle is LGPL'd, so while it could be in the ptII repo, we don't add it.
     [exec]     Checkstyle may be downloaded from http://checkstyle.sourceforge.net/
     [exec] configure: WARNING: Did not find /home/travis/build/icyphy/ptII/vendors/misc/colt/colt.jar,
     [exec]     using /home/travis/build/icyphy/ptII/lib/ptcolt.jar
     [exec] configure: WARNING: Failed to find Cobertura in /home/travis/build/icyphy/ptII/vendors/corbertura-2.0.3
     [exec]     Cobertura is only necessary to for code coverage.
     [exec]     Cobertura is GPL'd, so we don't check it in to the ptII repository.
     [exec]     Cobertura may be downloaded from http://cobertura.github.io/cobertura/
     [exec] configure: WARNING: Failed to find CUnit in /usr/local or
     [exec]     /home/travis/build/icyphy/ptII/vendors/CUnit.
     [exec]     CUnit is only necessary to test the C templates of the code generation facility
     [exec] configure: WARNING: Failed to find /home/travis/build/icyphy/ptII/vendors/mbed/gcc-arm/bin/arm-none-eabi-gcc
     [exec]     so the Mbed CG facility will not be run.
     [exec] JAITest.java:28: error: package javax.media.jai does not exist
     [exec] import javax.media.jai.*;
     [exec] ^
     [exec] 1 error
     [exec] configure: WARNING: JAI not found in the default classpath
     [exec] configure: WARNING: Failed to find /usr/local/jmodelica/include/jmi.h
     [exec]     which is part of JModelica.
     [exec]     Ptolemy optionally includes one or more FMUs that use JModelica.
     [exec]     To install JModelica, see https://svn.jmodelica.org/trunk/INSTALL
     [exec] JMFTest.java:28: error: package javax.media does not exist
     [exec] import javax.media.CaptureDeviceInfo;
     [exec]                   ^
     [exec] 1 error
     [exec] Exception in thread "main" java.lang.RuntimeException: Could not load opencv_java320.
     [exec]     java.library.path = /home/travis/build/icyphy/ptII/lib:/home/travis/build/icyphy/ptII/lib:/home/travis/pthla/certi-tools/lib:/home/travis/pthla/certi-tools/lib:/usr/lib/jni:/usr/local/share/OpenCV/java/:/usr/share/OpenCV/java::/usr/java/packages/lib/amd64:/usr/lib64:/lib64:/lib:/usr/lib
     [exec] 	at OpenCVTest.main(OpenCVTest.java:75)
     [exec] Caused by: java.lang.UnsatisfiedLinkError: no opencv_java320 in java.library.path
     [exec] 	at java.lang.ClassLoader.loadLibrary(ClassLoader.java:1867)
     [exec] 	at java.lang.Runtime.loadLibrary0(Runtime.java:870)
     [exec] 	at java.lang.System.loadLibrary(System.java:1122)
     [exec] 	at OpenCVTest.main(OpenCVTest.java:52)
     [exec] configure: WARNING: Failed to run OpenCV test program in /home/travis/build/icyphy/ptII/config with
     [exec]     /usr/lib/jvm/java-8-oracle/bin/java -classpath /home/travis/build/icyphy/ptII/lib/opencv-320.jar:. OpenCVTest
     [exec]     so we will try other jars.
     [exec] libdc1394 error: Failed to initialize libdc1394
     [exec] configure: WARNING: Could not find directory
     [exec]     '/home/travis/build/icyphy/ptII/vendors/sun/javacc-5.0'
     [exec]     so we search for the jjtree command.
     [exec] configure: WARNING: Failed to find jjtree
     [exec] configure: WARNING: Failed to find javacc, perhaps JavaCC is not installed?
     [exec]     You need not download JavaCC unless you plan on modifying .jjt files
     [exec]     in ptolemy/data/expr.
     [exec]     JavaCC is available from
     [exec]     https://javacc.org
     [exec] 
     [exec]     Note that the zip file that gets downloaded is actually an installer
     [exec]     that must be run to install the JavaCC.zip file that contains the classes.
     [exec] 
     [exec]     Note that JavaCC-4.1 and 4.2 will not work, there are problems with
     [exec]     ReInit() being static or not static.
     [exec] 
     [exec]     JavaCC-6.0 seems to not include the jjtree and javacc scripts, so
     [exec]     we recommend JavaCC-5.0.
     [exec] 
     [exec]     Try:
     [exec]     cd /home/travis/build/icyphy/ptII/vendors/sun
     [exec]     wget https://javacc.org/downloads/javacc-5.0.tar.gz
     [exec]     tar -zxf javacc-5.0.tar.gz
     [exec]     cd /home/travis/build/icyphy/ptII
     [exec]     ./configure
     [exec] 
     [exec]     Configure looks for JavaCC in /home/travis/build/icyphy/ptII/vendors/sun/javacc-5.0
     [exec]     so either install JavaCC in that location or use the --with-javacc= flag
     [exec]     and then rerun configure.'
     [exec] configure: WARNING: Failed to find matlab executable in the path.
     [exec]     Perhaps Matlab is not installed?
     [exec]     If Matlab is not present, then the Ptolemy II/Matlab interface in
     [exec]     $PTII/ptolemy/matlab will not be usable.
     [exec] configure: WARNING: Matlab was not found, but compiling the .java files in ptolemy/matlab/ should be ok.
     [exec] configure: WARNING: Failed to find the scalac binary,
     [exec]     so org/ptolemy/scala will be excluded
     [exec] configure: WARNING: ojdbc5.jar not found,
     [exec]     but only necessary to use database actors with Oracle.
     [exec]     If the mysql jar file is present, then the Oracle Java Database Connector is not necessary
     [exec]     To install ojdbc5.jar or ojdbc6.jar,
     [exec]     download it from http://www.oracle.com/technetwork/apps-tech/jdbc-111060-084321.html
     [exec]     copy it to ptolemy/actor/lib/database
     [exec]     and rerun ./configure
     [exec] configure: WARNING: Failed to find Batik Jar file
     [exec]     You need only have Batik if you are planning on rebuilding diva.jar
     [exec]     for use with Kepler.
     [exec]     Batik can be downloaded from http://xmlgraphics.apache.org/batik/,
     [exec]     batike-1.9/lib/batik-all-1.9.jar copied to /home/travis/build/icyphy/ptII/lib
     [exec]     and ./configure rerun.
     [exec] configure: WARNING: $TOSROOT is not set.  It must be set to use PtinyOS.
     [exec] configure: WARNING: $TOSROOT is set to '',
     [exec]      but there is no directory by that name, so we will not set up for PtinyOS.
     [exec]      For details, see /home/travis/build/icyphy/ptII/ptolemy/domains/ptinyos/README.txt.
     [exec] configure: WARNING: Failed to find giotto/gdk.jar
     [exec]     perhaps Giotto is not installed?
     [exec]     You need not download Giotto unless you plan on generating code for
     [exec]     Giotto models.
     [exec]     The Giotto SDK can be
     [exec]     downloaded from https://embedded.eecs.berkeley.edu/giotto/
     [exec]     Copy gdk.jar to /home/travis/build/icyphy/ptII/vendors/giotto, for example:
     [exec]         mkdir -p /home/travis/build/icyphy/ptII/vendors/giotto
     [exec]         cp C:/Program\ Files/Giotto*/gdk.jar /home/travis/build/icyphy/ptII/vendors/giotto/
     [exec] configure: WARNING: Failed to find boost/numeric/odeint.hpp, so FMI ++
     [exec]     will not be compiled. FMI++ is an extension of the
     [exec]     Functional Mockup Interface, see
     [exec]     http://sourceforge.net/p/fmipp/wiki/Home/
     [exec] Untaring /home/travis/build/icyphy/ptII/vendors/installer/MacJVM.tar.gz in /home/travis/build/icyphy/ptII/ now: Tue Jan 29 23:06:47 UTC 2019
     [exec] ./makeapp: Installation of /home/travis/build/icyphy/ptII/jdk succeeded.
     [exec] ./makeapp: copying /home/travis/build/icyphy/ptII/vendors/jogl to /home/travis/build/icyphy/ptII/bin
     [exec] touch CapeCode.app
     [exec] ./makeapp Vergil.app FULL -full
     [exec] Updating universalJavaApplicationStub from /home/travis/build/icyphy/ptII/vendors/universalJavaApplicationStub/src/universalJavaApplicationStub
     [exec] Untaring /home/travis/build/icyphy/ptII/vendors/installer/MacJVM.tar.gz in /home/travis/build/icyphy/ptII/ now: Tue Jan 29 23:06:50 UTC 2019
     [exec] ./makeapp: Installation of /home/travis/build/icyphy/ptII/jdk succeeded.
     [exec] touch Vergil.app
     [exec] chmod a+x ant cyphysim hyvisual startjini mkjnlp mkl4j mkosgi mkptdemo mkptlivelinkdemo mkpttest node npm ptjunit ptIITravisBuild.sh reloadAllAccessors updateFmu viptos 

build:

initReports:
    [mkdir] Created dir: /home/travis/build/icyphy/ptII/reports/doccheck
    [mkdir] Created dir: /home/travis/build/icyphy/ptII/reports/ojdcheck

test.export4.xml:
     [echo] 
     [echo]       ==test.export4.xml ==
     [echo]       This target runs the fourth batch of export demo tests
     [echo]       and generates JUnit xml output.
     [echo]       timeout = 4000000 milliseconds
     [echo]     
    [junit] javachdir: directory = ptolemy/vergil/basic/export/test
    [junit] javachdir: pwd: /home/travis/build/icyphy/ptII/ptolemy/vergil/basic/export/test  Invoking with -Djava.net.preferIPv4Stack=true
    [junit] ExportModeJUnitTestBatch: There are 737 demos. Exporting demos: 276 to 360.
    [junit] Running ptolemy.vergil.basic.export.test.junit.ExportModelJUnitTestBatch4
    [junit] ####### 1 Tue Jan 29 23:06:53 UTC 2019 $PTII/bin/ptinvoke ptolemy.vergil.basic.export.ExportModel -force htm  -openComposites -timeOut 30000 -whiteBackground ptolemy/actor/ptalon/gt/demo/Adder/Adder.xml $PTII/ptolemy/actor/ptalon/gt/demo/Adder/Adder
    [junit] Warning: not running ptolemy/actor/ptalon/gt/demo/Adder/Adder.xml. See ptolemy/vergil/basic/export/test/junit/ExportModelJUnitTest.java
    [junit] TransformationEditor: Ignoring clone of .Utilities beause we don't known how to import it. Exception was: ptolemy.kernel.util.NameDuplicationException: Attempt to insert object named "Utilities" into container named ".library", which already contains an object with that name.
    [junit] TransformationEditor: Ignoring clone of .Directors beause we don't known how to import it. Exception was: ptolemy.kernel.util.NameDuplicationException: Attempt to insert object named "Directors" into container named ".library", which already contains an object with that name.
    [junit] TransformationEditor: Ignoring clone of .Actors beause we don't known how to import it. Exception was: ptolemy.kernel.util.NameDuplicationException: Attempt to insert object named "Actors" into container named ".library", which already contains an object with that name.
    [junit] TransformationEditor: Ignoring clone of .MoreLibraries beause we don't known how to import it. Exception was: ptolemy.kernel.util.NameDuplicationException: Attempt to insert object named "MoreLibraries" into container named ".library", which already contains an object with that name.
    [junit] TransformationEditor: Ignoring clone of .Utilities beause we don't known how to import it. Exception was: ptolemy.kernel.util.NameDuplicationException: Attempt to insert object named "Utilities" into container named ".library", which already contains an object with that name.
    [junit] TransformationEditor: Ignoring clone of .Directors beause we don't known how to import it. Exception was: ptolemy.kernel.util.NameDuplicationException: Attempt to insert object named "Directors" into container named ".library", which already contains an object with that name.
    [junit] TransformationEditor: Ignoring clone of .Actors beause we don't known how to import it. Exception was: ptolemy.kernel.util.NameDuplicationException: Attempt to insert object named "Actors" into container named ".library", which already contains an object with that name.
    [junit] TransformationEditor: Ignoring clone of .MoreLibraries beause we don't known how to import it. Exception was: ptolemy.kernel.util.NameDuplicationException: Attempt to insert object named "MoreLibraries" into container named ".library", which already contains an object with that name.
    [junit] TransformationEditor: Ignoring clone of .Utilities beause we don't known how to import it. Exception was: ptolemy.kernel.util.NameDuplicationException: Attempt to insert object named "Utilities" into container named ".library", which already contains an object with that name.
    [junit] TransformationEditor: Ignoring clone of .Directors beause we don't known how to import it. Exception was: ptolemy.kernel.util.NameDuplicationException: Attempt to insert object named "Directors" into container named ".library", which already contains an object with that name.
    [junit] TransformationEditor: Ignoring clone of .Actors beause we don't known how to import it. Exception was: ptolemy.kernel.util.NameDuplicationException: Attempt to insert object named "Actors" into container named ".library", which already contains an object with that name.
    [junit] TransformationEditor: Ignoring clone of .MoreLibraries beause we don't known how to import it. Exception was: ptolemy.kernel.util.NameDuplicationException: Attempt to insert object named "MoreLibraries" into container named ".library", which already contains an object with that name.
    [junit] TransformationEditor: Ignoring clone of .Utilities beause we don't known how to import it. Exception was: ptolemy.kernel.util.NameDuplicationException: Attempt to insert object named "Utilities" into container named ".library", which already contains an object with that name.
    [junit] TransformationEditor: Ignoring clone of .Directors beause we don't known how to import it. Exception was: ptolemy.kernel.util.NameDuplicationException: Attempt to insert object named "Directors" into container named ".library", which already contains an object with that name.
    [junit] TransformationEditor: Ignoring clone of .Actors beause we don't known how to import it. Exception was: ptolemy.kernel.util.NameDuplicationException: Attempt to insert object named "Actors" into container named ".library", which already contains an object with that name.
    [junit] TransformationEditor: Ignoring clone of .MoreLibraries beause we don't known how to import it. Exception was: ptolemy.kernel.util.NameDuplicationException: Attempt to insert object named "MoreLibraries" into container named ".library", which already contains an object with that name.
    [junit] Exported /home/travis/build/icyphy/ptII/ptolemy/actor/ptalon/gt/demo/Adder/Adder/index.html
    [junit] 7492 ms. Memory: 194560K Free: 156646K (81%)
    [junit] ####### 2 Tue Jan 29 23:07:01 UTC 2019 $PTII/bin/ptinvoke ptolemy.vergil.basic.export.ExportModel -force htm -run -openComposites -timeOut 30000 -whiteBackground ptolemy/caltrop/demo/FunctionClosures/FunctionClosures.xml $PTII/ptolemy/caltrop/demo/FunctionClosures/FunctionClosures
    [junit] Running .FunctionClosures
    [junit] 150 ms. Memory: 195072K Free: 151329K (78%)
    [junit] Exported /home/travis/build/icyphy/ptII/ptolemy/caltrop/demo/FunctionClosures/FunctionClosures/index.html
    [junit] 5669 ms. Memory: 195072K Free: 115666K (59%)
    [junit] ####### 3 Tue Jan 29 23:07:07 UTC 2019 $PTII/bin/ptinvoke ptolemy.vergil.basic.export.ExportModel -force htm -run -openComposites -timeOut 30000 -whiteBackground ptolemy/caltrop/demo/FunctionDefinition/FunctionDefinition.xml $PTII/ptolemy/caltrop/demo/FunctionDefinition/FunctionDefinition
    [junit] Running .FunctionDefinition
    [junit] 43 ms. Memory: 246272K Free: 186744K (76%)
    [junit] Exported /home/travis/build/icyphy/ptII/ptolemy/caltrop/demo/FunctionDefinition/FunctionDefinition/index.html
    [junit] 4865 ms. Memory: 246272K Free: 150678K (61%)
    [junit] ####### 4 Tue Jan 29 23:07:11 UTC 2019 $PTII/bin/ptinvoke ptolemy.vergil.basic.export.ExportModel -force htm -run -openComposites -timeOut 30000 -whiteBackground ptolemy/caltrop/demo/Primes/Primes.xml $PTII/ptolemy/caltrop/demo/Primes/Primes
    [junit] Running .Primes
    [junit] 38 ms. Memory: 325120K Free: 275723K (85%)
    [junit] Exported /home/travis/build/icyphy/ptII/ptolemy/caltrop/demo/Primes/Primes/index.html
    [junit] 4454 ms. Memory: 325120K Free: 227572K (70%)
    [junit] ####### 5 Tue Jan 29 23:07:16 UTC 2019 $PTII/bin/ptinvoke ptolemy.vergil.basic.export.ExportModel -force htm -run -openComposites -timeOut 30000 -whiteBackground ptolemy/caltrop/demo/SDFDDI/SDFDDI.xml $PTII/ptolemy/caltrop/demo/SDFDDI/SDFDDI
    [junit] Running .SDFDDI
    [junit] 214 ms. Memory: 325120K Free: 100959K (31%)
    [junit] Exported /home/travis/build/icyphy/ptII/ptolemy/caltrop/demo/SDFDDI/SDFDDI/index.html
    [junit] 4698 ms. Memory: 325120K Free: 76481K (24%)
    [junit] ####### 6 Tue Jan 29 23:07:21 UTC 2019 $PTII/bin/ptinvoke ptolemy.vergil.basic.export.ExportModel -force htm -run -openComposites -timeOut 30000 -whiteBackground ptolemy/cg/adapter/generic/html/demo/HierarchicalModel/HierarchicalModel.xml $PTII/ptolemy/cg/adapter/generic/html/demo/HierarchicalModel/HierarchicalModel
    [junit] Running .HierarchicalModel
    [junit] ExportHTMLTimer went off after 30000 ms., calling getDirector().finish and getDirector().stopFire()
    [junit] 30001 ms. Memory: 838144K Free: 67828K (8%)
    [junit] Exported /home/travis/build/icyphy/ptII/ptolemy/cg/adapter/generic/html/demo/HierarchicalModel/HierarchicalModel/index.html
    [junit] 34553 ms. Memory: 864768K Free: 659394K (76%)
    [junit] ####### 7 Tue Jan 29 23:07:55 UTC 2019 $PTII/bin/ptinvoke ptolemy.vergil.basic.export.ExportModel -force htm -run -openComposites -timeOut 30000 -whiteBackground ptolemy/cg/adapter/generic/program/procedural/c/arduino/adapters/ptolemy/vergil/actor/lib/demo/Blink/Blink.xml $PTII/ptolemy/cg/adapter/generic/program/procedural/c/arduino/adapters/ptolemy/vergil/actor/lib/demo/Blink/Blink
    [junit] Running .Blink
    [junit] CompiledCompositeActor: Building shared object: The effigy ptolemy.actor.gui.PtolemyEffigy {.configuration.directory.effigy}(model : ptolemy.actor.TypedCompositeActor {.Blink}) says the model was modified and thus it does not matter if the shared object file is newer than the model file because the model file is out of date.
    [junit] CompiledCompositeActor wrote file:/home/travis/cg/ Blink_EmbeddedCodeActor.java
    [junit] In "/home/travis/cg", about to execute:
    [junit]     javac -classpath . Blink_EmbeddedCodeActor.java
    [junit] In "/home/travis/cg", about to execute:
    [junit]     rm -f Blink_EmbeddedCodeActor.h
    [junit] All Done
    [junit] Not deleting /home/travis/cg/, there might be .class files that we just generated.
    [junit] CCodeGenerator set the container? : actor.getContainer(): ptolemy.actor.TypedCompositeActor {.Blink} _isTopLevel: false generateEmbeddedCode: true
    [junit] CCodeGenerator include the container .h? : container.getContainer(): ptolemy.actor.TypedCompositeActor {.Blink} _isTopLevel: false generateEmbeddedCode: true
    [junit] 
    [junit] 
    [junit] CCodeGeneratorAdapter: appended to path /usr/lib/jvm/java-8-oracle/jre/bin/client
    [junit] Reading "ptolemy/cg/kernel/generic/program/procedural/c/jnimakefile.in",
    [junit]     writing "/home/travis/cg/Blink_EmbeddedCodeActor.mk"
    [junit] Using ptolemy/cg/kernel/generic/program/procedural/c/jnimakefile.in
    [junit] In "/home/travis/cg", about to execute:
    [junit]     make -f Blink_EmbeddedCodeActor.mk
    [junit] gcc -DPTJNI -D__int64="long long" -Wall  -std=c99 -ggdb  -I /home/travis/cg//_EmbeddedCodeActor -I"/usr/lib/jvm/java-8-oracle/include/linux" -I"/usr/lib/jvm/java-8-oracle/include" -I /home/travis/cg/commons/ -fPIC -shared -o libBlink_EmbeddedCodeActor.so ./_EmbeddedCodeActor/Blink_EmbeddedCodeActor.c ./_EmbeddedCodeActor/Blink_EmbeddedCodeActor_EmbeddedActor.c ./_EmbeddedCodeActor/Blink_EmbeddedCodeActor_SDFSchedule.c ./commons/_SDFReceiver.c ./commons/_CompositeActor.c ./commons/_AtomicActor.c ./commons/_Director.c ./commons/pblSet.c ./commons/pblHeap.c ./commons/_LocalClock.c ./commons/_SDFDirector.c ./commons/pblIterator.c ./commons/_Receiver.c ./commons/_IOPort.c ./commons/pblMap.c ./commons/_Actor.c ./commons/pblList.c ./commons/_ptTypes.c ./commons/pblCollection.c ./commons/pblPriorityQueue.c ./commons/pblhash.c ./commons/_TypedIOPort.c ./commons/pbl.c ./Blink_EmbeddedCodeActor_Main.c -lm -L"" -ljvm
    [junit] In file included from ./Blink_EmbeddedCodeActor_Main.c:21:0:
    [junit] ./Blink_EmbeddedCodeActor_Main.h:24:21: warning: ‘input’ defined but not used [-Wunused-variable]
    [junit]  static jobjectArray input;
    [junit]                      ^
    [junit] All Done
    [junit] 2683 ms. Memory: 864768K Free: 288649K (33%)
    [junit] Exported /home/travis/build/icyphy/ptII/ptolemy/cg/adapter/generic/program/procedural/c/arduino/adapters/ptolemy/vergil/actor/lib/demo/Blink/Blink/index.html
    [junit] 7038 ms. Memory: 864768K Free: 230387K (27%)
    [junit] ####### 8 Tue Jan 29 23:08:02 UTC 2019 $PTII/bin/ptinvoke ptolemy.vergil.basic.export.ExportModel -force htm -run -openComposites -timeOut 30000 -whiteBackground ptolemy/cg/adapter/generic/program/procedural/c/arduino/adapters/ptolemy/vergil/actor/lib/demo/Life/Life.xml $PTII/ptolemy/cg/adapter/generic/program/procedural/c/arduino/adapters/ptolemy/vergil/actor/lib/demo/Life/Life
    [junit] Running .Life
    [junit] 4098 ms. Memory: 867840K Free: 772471K (89%)
    [junit] Exported /home/travis/build/icyphy/ptII/ptolemy/cg/adapter/generic/program/procedural/c/arduino/adapters/ptolemy/vergil/actor/lib/demo/Life/Life/index.html
    [junit] 10347 ms. Memory: 867840K Free: 314276K (36%)
    [junit] ####### 9 Tue Jan 29 23:08:13 UTC 2019 $PTII/bin/ptinvoke ptolemy.vergil.basic.export.ExportModel -force htm  -openComposites -timeOut 30000 -whiteBackground ptolemy/cg/adapter/generic/program/procedural/c/arduino/adapters/ptolemy/vergil/actor/lib/demo/Ultrasonic/Ultrasonic.xml $PTII/ptolemy/cg/adapter/generic/program/procedural/c/arduino/adapters/ptolemy/vergil/actor/lib/demo/Ultrasonic/Ultrasonic
    [junit] Warning: not running ptolemy/cg/adapter/generic/program/procedural/c/arduino/adapters/ptolemy/vergil/actor/lib/demo/Ultrasonic/Ultrasonic.xml. See ptolemy/vergil/basic/export/test/junit/ExportModelJUnitTest.java
    [junit] Exported /home/travis/build/icyphy/ptII/ptolemy/cg/adapter/generic/program/procedural/c/arduino/adapters/ptolemy/vergil/actor/lib/demo/Ultrasonic/Ultrasonic/index.html
    [junit] 3284 ms. Memory: 867840K Free: 79571K (9%)
    [junit] ####### 10 Tue Jan 29 23:08:16 UTC 2019 $PTII/bin/ptinvoke ptolemy.vergil.basic.export.ExportModel -force htm -run -openComposites -timeOut 30000 -whiteBackground ptolemy/cg/kernel/generic/accessor/demo/TestComposite/TestComposite.xml $PTII/ptolemy/cg/kernel/generic/accessor/demo/TestComposite/TestComposite
    [junit] JSAccessor: PT_NO_NET environment variable is set, so git pull and ptdoc are not being run.
    [junit] Running .TestComposite
    [junit] 2649 ms. Memory: 894464K Free: 54691K (6%)
    [junit] Exported /home/travis/build/icyphy/ptII/ptolemy/cg/kernel/generic/accessor/demo/TestComposite/TestComposite/index.html
    [junit] 11027 ms. Memory: 962048K Free: 897372K (93%)
    [junit] ####### 11 Tue Jan 29 23:08:27 UTC 2019 $PTII/bin/ptinvoke ptolemy.vergil.basic.export.ExportModel -force htm -run -openComposites -timeOut 30000 -whiteBackground ptolemy/cg/lib/demo/CompiledCompositeActor/CompiledCompositeActor.xml $PTII/ptolemy/cg/lib/demo/CompiledCompositeActor/CompiledCompositeActor
    [junit] Running .CompiledCompositeActor
    [junit] CompiledCompositeActor: Building shared object: The sharedObjectFile has a modification time that is earlier than the modelFile modification time.
    [junit] Writing CompiledCompositeActor_CompiledCompositeActor.java in file:/home/travis/cg/ (13466 characters)
    [junit] Reading "ptolemy/cg/kernel/generic/program/procedural/java/makefile.in",
    [junit]     writing "/home/travis/cg/CompiledCompositeActor_CompiledCompositeActor.mk"
    [junit] Using ptolemy/cg/kernel/generic/program/procedural/java/makefile.in
    [junit] In "/home/travis/cg", about to execute:
    [junit]     make -f CompiledCompositeActor_CompiledCompositeActor.mk
    [junit] javac -classpath ".:."    CompiledCompositeActor_CompiledCompositeActor.java
    [junit] All Done
    [junit] 1187 ms. Memory: 962048K Free: 753789K (78%)
    [junit] Exported /home/travis/build/icyphy/ptII/ptolemy/cg/lib/demo/CompiledCompositeActor/CompiledCompositeActor/index.html
    [junit] 5536 ms. Memory: 962048K Free: 672725K (70%)
    [junit] ####### 12 Tue Jan 29 23:08:32 UTC 2019 $PTII/bin/ptinvoke ptolemy.vergil.basic.export.ExportModel -force htm  -openComposites -timeOut 30000 -whiteBackground ptolemy/cg/lib/demo/DECG/DECG.xml $PTII/ptolemy/cg/lib/demo/DECG/DECG
    [junit] Warning: not running ptolemy/cg/lib/demo/DECG/DECG.xml. See ptolemy/vergil/basic/export/test/junit/ExportModelJUnitTest.java
    [junit] Exported /home/travis/build/icyphy/ptII/ptolemy/cg/lib/demo/DECG/DECG/index.html
    [junit] 3194 ms. Memory: 962048K Free: 538533K (56%)
    [junit] ####### 13 Tue Jan 29 23:08:36 UTC 2019 $PTII/bin/ptinvoke ptolemy.vergil.basic.export.ExportModel -force htm -run -openComposites -timeOut 30000 -whiteBackground ptolemy/cg/lib/demo/DECG/DECGClockRamp.xml $PTII/ptolemy/cg/lib/demo/DECG/DECGClockRamp
    [junit] Running .DECGClockRamp
    [junit] 29 ms. Memory: 962048K Free: 403611K (42%)
    [junit] Exported /home/travis/build/icyphy/ptII/ptolemy/cg/lib/demo/DECG/DECGClockRamp/index.html
    [junit] 4319 ms. Memory: 962048K Free: 373636K (39%)
    [junit] ####### 14 Tue Jan 29 23:08:40 UTC 2019 $PTII/bin/ptinvoke ptolemy.vergil.basic.export.ExportModel -force htm -run -openComposites -timeOut 30000 -whiteBackground ptolemy/cg/lib/demo/DECG/DECGDelay.xml $PTII/ptolemy/cg/lib/demo/DECG/DECGDelay
    [junit] Running .DECGDelay
    [junit] 25 ms. Memory: 962048K Free: 246879K (26%)
    [junit] Exported /home/travis/build/icyphy/ptII/ptolemy/cg/lib/demo/DECG/DECGDelay/index.html
    [junit] 4348 ms. Memory: 962048K Free: 218241K (23%)
    [junit] ####### 15 Tue Jan 29 23:08:44 UTC 2019 $PTII/bin/ptinvoke ptolemy.vergil.basic.export.ExportModel -force htm -run -openComposites -timeOut 30000 -whiteBackground ptolemy/cg/lib/demo/DECG/DECGHelloWorld.xml $PTII/ptolemy/cg/lib/demo/DECG/DECGHelloWorld
    [junit] Running .DECGHelloWorld
    [junit] 13 ms. Memory: 1053184K Free: 978268K (93%)
    [junit] Exported /home/travis/build/icyphy/ptII/ptolemy/cg/lib/demo/DECG/DECGHelloWorld/index.html
    [junit] 4316 ms. Memory: 1053184K Free: 946303K (90%)
    [junit] ####### 16 Tue Jan 29 23:08:49 UTC 2019 $PTII/bin/ptinvoke ptolemy.vergil.basic.export.ExportModel -force htm -run -openComposites -timeOut 30000 -whiteBackground ptolemy/cg/lib/demo/DECG/DECGHeterogeneous.xml $PTII/ptolemy/cg/lib/demo/DECG/DECGHeterogeneous
    [junit] Running .DECGHeterogeneous
    [junit] 85 ms. Memory: 1053184K Free: 719927K (68%)
    [junit] Exported /home/travis/build/icyphy/ptII/ptolemy/cg/lib/demo/DECG/DECGHeterogeneous/index.html
    [junit] 4450 ms. Memory: 1053184K Free: 656982K (62%)
    [junit] ####### 17 Tue Jan 29 23:08:53 UTC 2019 $PTII/bin/ptinvoke ptolemy.vergil.basic.export.ExportModel -force htm -run -openComposites -timeOut 30000 -whiteBackground ptolemy/cg/lib/demo/DECG/DECGHeterogeneousMk2.xml $PTII/ptolemy/cg/lib/demo/DECG/DECGHeterogeneousMk2
    [junit] Running .DECGHeterogeneousMk2
    [junit] 88 ms. Memory: 1053184K Free: 466319K (44%)
    [junit] Exported /home/travis/build/icyphy/ptII/ptolemy/cg/lib/demo/DECG/DECGHeterogeneousMk2/index.html
    [junit] 4887 ms. Memory: 1052160K Free: 990248K (94%)
    [junit] ####### 18 Tue Jan 29 23:08:58 UTC 2019 $PTII/bin/ptinvoke ptolemy.vergil.basic.export.ExportModel -force htm -run -openComposites -timeOut 30000 -whiteBackground ptolemy/cg/lib/demo/DECG/DECGMath.xml $PTII/ptolemy/cg/lib/demo/DECG/DECGMath
    [junit] Running .DECGMath
    [junit] 33 ms. Memory: 1052160K Free: 840092K (80%)
    [junit] Exported /home/travis/build/icyphy/ptII/ptolemy/cg/lib/demo/DECG/DECGMath/index.html
    [junit] 4277 ms. Memory: 1052160K Free: 793385K (75%)
    [junit] ####### 19 Tue Jan 29 23:09:02 UTC 2019 $PTII/bin/ptinvoke ptolemy.vergil.basic.export.ExportModel -force htm -run -openComposites -timeOut 30000 -whiteBackground ptolemy/cg/lib/demo/DECG/DECGPi.xml $PTII/ptolemy/cg/lib/demo/DECG/DECGPi
    [junit] Running .DECGPi
    [junit] 92 ms. Memory: 1052160K Free: 576786K (55%)
    [junit] Exported /home/travis/build/icyphy/ptII/ptolemy/cg/lib/demo/DECG/DECGPi/index.html
    [junit] 4408 ms. Memory: 1052160K Free: 515218K (49%)
    [junit] ####### 20 Tue Jan 29 23:09:07 UTC 2019 $PTII/bin/ptinvoke ptolemy.vergil.basic.export.ExportModel -force htm -run -openComposites -timeOut 30000 -whiteBackground ptolemy/cg/lib/demo/DECG/DECGPiSquare.xml $PTII/ptolemy/cg/lib/demo/DECG/DECGPiSquare
    [junit] Running .DECGPiSquare
    [junit] 163 ms. Memory: 1052160K Free: 301706K (29%)
    [junit] Exported /home/travis/build/icyphy/ptII/ptolemy/cg/lib/demo/DECG/DECGPiSquare/index.html
    [junit] 4396 ms. Memory: 1052160K Free: 254728K (24%)
    [junit] ####### 21 Tue Jan 29 23:09:11 UTC 2019 $PTII/bin/ptinvoke ptolemy.vergil.basic.export.ExportModel -force htm -run -openComposites -timeOut 30000 -whiteBackground ptolemy/cg/lib/demo/DECG/DECGPoisson.xml $PTII/ptolemy/cg/lib/demo/DECG/DECGPoisson
    [junit] Running .DECGPoisson
    [junit] 14 ms. Memory: 1052160K Free: 124419K (12%)
    [junit] Exported /home/travis/build/icyphy/ptII/ptolemy/cg/lib/demo/DECG/DECGPoisson/index.html
    [junit] 4248 ms. Memory: 1098752K Free: 1024423K (93%)
    [junit] ####### 22 Tue Jan 29 23:09:15 UTC 2019 $PTII/bin/ptinvoke ptolemy.vergil.basic.export.ExportModel -force htm  -openComposites -timeOut 30000 -whiteBackground ptolemy/cg/lib/demo/ModularCG/ModularCG.xml $PTII/ptolemy/cg/lib/demo/ModularCG/ModularCG
    [junit] Warning: not running ptolemy/cg/lib/demo/ModularCG/ModularCG.xml. See ptolemy/vergil/basic/export/test/junit/ExportModelJUnitTest.java
    [junit] Exported /home/travis/build/icyphy/ptII/ptolemy/cg/lib/demo/ModularCG/ModularCG/index.html
    [junit] 5287 ms. Memory: 1182208K Free: 809023K (68%)
    [junit] ####### 23 Tue Jan 29 23:09:21 UTC 2019 $PTII/bin/ptinvoke ptolemy.vergil.basic.export.ExportModel -force htm -run -openComposites -timeOut 30000 -whiteBackground ptolemy/cg/lib/demo/ModularCGPubSub/ModularCGPubSub.xml $PTII/ptolemy/cg/lib/demo/ModularCGPubSub/ModularCGPubSub
    [junit] Running .ModularCGPubSub
    [junit] In "/home/travis/cg", about to execute:
    [junit]     pwd
    [junit] /home/travis/cg
    [junit] In "/home/travis/cg", about to execute:
    [junit]     ls -l
    [junit] In "/home/travis/cg", about to execute:
    [junit]     javac -classpath
    [junit] .:/home/travis/build/icyphy/ptII:/home/travis/build/icyphy/ptII/lib/bsh-2.0b4.j
    [junit] ar:/home/travis/build/icyphy/ptII/lib/ptCal.jar:/home/travis/build/icyphy/ptII/
    [junit] lib/java_cup.jar:/home/travis/build/icyphy/ptII/lib/saxon8.jar:/home/travis/bui
    [junit] ld/icyphy/ptII/lib/saxon8-dom.jar:/home/travis/build/icyphy/ptII/lib/chic.jar:/
    [junit] home/travis/build/icyphy/ptII/lib/ptcolt.jar:/usr/lib/jvm/java-8-oracle/lib/too
    [junit] ls.jar:/home/travis/build/icyphy/ptII/vendors/misc/itext/iText.jar:/home/travis
    [junit] /build/icyphy/ptII/lib/g4ltl.jar:/home/travis/build/icyphy/ptII/lib/StructuralC
    [junit] oder.jar:/home/travis/build/icyphy/ptII/vendors/jai-1_1_2_01/lib/jai_core.jar:/
    [junit] home/travis/build/icyphy/ptII/vendors/jai-1_1_2_01/lib/jai_codec.jar:/home/trav
    [junit] is/build/icyphy/ptII/lib/jcerti.jar:/home/travis/build/icyphy/ptII/lib/javax.ma
    [junit] il.jar:/home/travis/build/icyphy/ptII/vendors/JMF-2.1.1e/lib/jmf.jar:/home/trav
    [junit] is/build/icyphy/ptII/lib/jna-4.0.0-variadic.jar:/home/travis/build/icyphy/ptII/
    [junit] vendors/misc/joystick/Joystick.jar:/home/travis/build/icyphy/ptII/lib/ptjacl.ja
    [junit] r:/home/travis/build/icyphy/ptII/lib/jsoup-1.8.2.jar:/home/travis/build/icyphy/
    [junit] ptII/lib/junit-4.8.2.jar:/home/travis/build/icyphy/ptII/lib/JUnitParams-0.4.0.j
    [junit] ar:/home/travis/build/icyphy/ptII/ptolemy/actor/lib/excel/jxl.jar:/home/travis/
    [junit] build/icyphy/ptII/lib/jython.jar:/home/travis/build/icyphy/ptII/lib/kieler.jar:
    [junit] /home/travis/build/icyphy/ptII/vendors/opencv/share/OpenCV/java/opencv-341.jar:
    [junit] /home/travis/build/icyphy/ptII/lib/oscP5.jar:/home/travis/build/icyphy/ptII/lib
    [junit] /nrjavaserial-3.11.0.devel.jar:/home/travis/build/icyphy/ptII/vendors/j3d/lib/j
    [junit] 3dcore.jar:/home/travis/build/icyphy/ptII/vendors/j3d/lib/j3dutils.jar:/home/tr
    [junit] avis/build/icyphy/ptII/vendors/j3d/lib/vecmath.jar:/home/travis/build/icyphy/pt
    [junit] II/ptolemy/distributed/jini/jar/jini-core.jar:/home/travis/build/icyphy/ptII/pt
    [junit] olemy/distributed/jini/jar/jini-ext.jar:/home/travis/build/icyphy/ptII/ptolemy/
    [junit] distributed/jini/jar/sun-util.jar:/home/travis/build/icyphy/ptII/lib/protobuf-j
    [junit] ava-2.4.1.jar:/home/travis/build/icyphy/ptII/lib/org.eclipse.paho.client.mqttv3
    [junit] .jar:/home/travis/build/icyphy/ptII/lib/mapss.jar:/home/travis/build/icyphy/ptI
    [junit] I/ptolemy/actor/ptalon/antlr/antlr.jar:/home/travis/build/icyphy/ptII/lib/JRI.j
    [junit] ar:/home/travis/build/icyphy/ptII/lib/commons-lang-2.6.jar:/home/travis/build/i
    [junit] cyphy/ptII/lib/commons-logging-1.1.1.jar:/home/travis/build/icyphy/ptII/lib/soo
    [junit] tclasses.jar:/home/travis/build/icyphy/ptII/ptolemy/actor/lib/database/mysql-co
    [junit] nnector-java-5.1.6-bin.jar:/home/travis/build/icyphy/ptII/vendors/misc/sphinx4/
    [junit] sphinx4-data-5prealpha.jar:/home/travis/build/icyphy/ptII/vendors/misc/sphinx4/
    [junit] sphinx4-core-5prealpha.jar:/home/travis/build/icyphy/ptII/lib/PDFRenderer.jar:/
    [junit] home/travis/build/icyphy/ptII/lib/svgSalamander.jar:/home/travis/build/icyphy/p
    [junit] tII/lib/rsyntaxtextarea-2.6.0-SNAPSHOT.jar:/home/travis/build/icyphy/ptII/lib/h
    [junit] azelcast-3.8.2.jar:/home/travis/build/icyphy/ptII/lib/jackson-annotations-2.9.0
    [junit] .jar:/home/travis/build/icyphy/ptII/lib/jackson-core-2.9.3.jar:/home/travis/bui
    [junit] ld/icyphy/ptII/lib/jackson-databind-2.9.3.jar:/home/travis/build/icyphy/ptII/li
    [junit] b/netty-buffer-4.1.19.Final.jar:/home/travis/build/icyphy/ptII/lib/netty-codec-
    [junit] 4.1.19.Final.jar:/home/travis/build/icyphy/ptII/lib/netty-codec-dns-4.1.19.Fina
    [junit] l.jar:/home/travis/build/icyphy/ptII/lib/netty-codec-http-4.1.19.Final.jar:/hom
    [junit] e/travis/build/icyphy/ptII/lib/netty-codec-http2-4.1.19.Final.jar:/home/travis/
    [junit] build/icyphy/ptII/lib/netty-common-4.1.19.Final.jar:/home/travis/build/icyphy/p
    [junit] tII/lib/netty-handler-4.1.19.Final.jar:/home/travis/build/icyphy/ptII/lib/netty
    [junit] -resolver-4.1.19.Final.jar:/home/travis/build/icyphy/ptII/lib/netty-resolver-dn
    [junit] s-4.1.19.Final.jar:/home/travis/build/icyphy/ptII/lib/netty-transport-4.1.19.Fi
    [junit] nal.jar:/home/travis/build/icyphy/ptII/lib/vertx-codegen-3.5.1.jar:/home/travis
    [junit] /build/icyphy/ptII/lib/vertx-core-3.5.2-SNAPSHOT.jar:/home/travis/build/icyphy/
    [junit] ptII/lib/vertx-hazelcast-3.5.1.jar:/home/travis/build/icyphy/ptII/lib/vertx-lan
    [junit] g-js-3.5.1.jar:/home/travis/build/icyphy/ptII/lib/vertx-service-proxy-3.5.1.jar
    [junit] :/home/travis/build/icyphy/ptII/lib/vertx-web-3.5.1.jar:/home/travis/build/icyp
    [junit] hy/ptII/lib/slf4j-api-1.7.13.jar:/home/travis/build/icyphy/ptII/lib/slf4j-simpl
    [junit] e-1.7.13.jar:/home/travis/build/icyphy/ptII/lib/webcam-capture-0.3.12.jar:/home
    [junit] /travis/build/icyphy/ptII/lib/bridj-0.7.0.jar:/home/travis/build/icyphy/ptII/li
    [junit] b/xbjlib-1.1.0.nrjavaserial.jar:/home/travis/build/icyphy/ptII/ptolemy/moml/tes
    [junit] t:/home/travis/build/icyphy/ptII/ant/lib/ant-launcher.jar:/home/travis/build/ic
    [junit] yphy/ptII/ant/lib/ant.jar:/home/travis/build/icyphy/ptII/ant/lib/ant-junit.jar:
    [junit] /home/travis/build/icyphy/ptII/ant/lib/ant-junit4.jar:/home/travis/build/icyphy
    [junit] /ptII ModularCGPubSub_A1_A2_profile.java
    [junit] total 396
    [junit] -rw-rw-r-- 1 travis travis    476 Jan 29 23:07 Blink_EmbeddedCodeActor.class
    [junit] -rw-rw-r-- 1 travis travis    270 Jan 29 23:07 Blink_EmbeddedCodeActor.java
    [junit] -rw-rw-r-- 1 travis travis   2870 Jan 29 23:07 Blink_EmbeddedCodeActor_Main.c
    [junit] -rw-rw-r-- 1 travis travis   1596 Jan 29 23:07 Blink_EmbeddedCodeActor_Main.h
    [junit] -rw-rw-r-- 1 travis travis   1793 Jan 29 23:07 Blink_EmbeddedCodeActor.mk
    [junit] drwxrwxr-x 2 travis travis   4096 Jan 29 23:07 commons
    [junit] -rw-rw-r-- 1 travis travis   4895 Jan 29 23:08 CompiledCompositeActor_CompiledCompositeActor.class
    [junit] -rw-rw-r-- 1 travis travis   1592 Jan 29 23:08 CompiledCompositeActor_CompiledCompositeActor$_CompiledCompositeActor_CompiledCompositeActor.class
    [junit] -rw-rw-r-- 1 travis travis  13466 Jan 29 23:08 CompiledCompositeActor_CompiledCompositeActor.java
    [junit] -rw-rw-r-- 1 travis travis   1593 Jan 29 23:08 CompiledCompositeActor_CompiledCompositeActor.mk
    [junit] drwxrwxr-x 2 travis travis   4096 Jan 29 23:07 _EmbeddedCodeActor
    [junit] -rwxrwxr-x 1 travis travis 328528 Jan 29 23:07 libBlink_EmbeddedCodeActor.so
    [junit] -rw-rw-r-- 1 travis travis   1222 Jan 29 23:09 ModularCGPubSub_A1_A2_profile.java
    [junit] -rw-rw-r-- 1 travis travis    432 Jan 29 23:08 Token.class
    [junit] -rw-rw-r-- 1 travis travis    251 Jan 29 23:08 Token.java
    [junit] All Done
    [junit] Writing ModularCGPubSub_A1_A2.java in file:/home/travis/cg/ (9076 characters)
    [junit] Reading "ptolemy/cg/kernel/generic/program/procedural/java/modular/makefile.in",
    [junit]     writing "/home/travis/cg/ModularCGPubSub_A1_A2.mk"
    [junit] Using ptolemy/cg/kernel/generic/program/procedural/java/modular/makefile.in
    [junit] In "/home/travis/cg", about to execute:
    [junit]     make -f ModularCGPubSub_A1_A2.mk
    [junit] javac -classpath ".:.."    ModularCGPubSub_A1_A2.java
    [junit] All Done
    [junit] In "/home/travis/cg", about to execute:
    [junit]     pwd
    [junit] /home/travis/cg
    [junit] In "/home/travis/cg", about to execute:
    [junit]     ls -l
    [junit] In "/home/travis/cg", about to execute:
    [junit]     javac -classpath
    [junit] .:/home/travis/build/icyphy/ptII:/home/travis/build/icyphy/ptII/lib/bsh-2.0b4.j
    [junit] ar:/home/travis/build/icyphy/ptII/lib/ptCal.jar:/home/travis/build/icyphy/ptII/
    [junit] lib/java_cup.jar:/home/travis/build/icyphy/ptII/lib/saxon8.jar:/home/travis/bui
    [junit] ld/icyphy/ptII/lib/saxon8-dom.jar:/home/travis/build/icyphy/ptII/lib/chic.jar:/
    [junit] home/travis/build/icyphy/ptII/lib/ptcolt.jar:/usr/lib/jvm/java-8-oracle/lib/too
    [junit] ls.jar:/home/travis/build/icyphy/ptII/vendors/misc/itext/iText.jar:/home/travis
    [junit] /build/icyphy/ptII/lib/g4ltl.jar:/home/travis/build/icyphy/ptII/lib/StructuralC
    [junit] oder.jar:/home/travis/build/icyphy/ptII/vendors/jai-1_1_2_01/lib/jai_core.jar:/
    [junit] home/travis/build/icyphy/ptII/vendors/jai-1_1_2_01/lib/jai_codec.jar:/home/trav
    [junit] is/build/icyphy/ptII/lib/jcerti.jar:/home/travis/build/icyphy/ptII/lib/javax.ma
    [junit] il.jar:/home/travis/build/icyphy/ptII/vendors/JMF-2.1.1e/lib/jmf.jar:/home/trav
    [junit] is/build/icyphy/ptII/lib/jna-4.0.0-variadic.jar:/home/travis/build/icyphy/ptII/
    [junit] vendors/misc/joystick/Joystick.jar:/home/travis/build/icyphy/ptII/lib/ptjacl.ja
    [junit] r:/home/travis/build/icyphy/ptII/lib/jsoup-1.8.2.jar:/home/travis/build/icyphy/
    [junit] ptII/lib/junit-4.8.2.jar:/home/travis/build/icyphy/ptII/lib/JUnitParams-0.4.0.j
    [junit] ar:/home/travis/build/icyphy/ptII/ptolemy/actor/lib/excel/jxl.jar:/home/travis/
    [junit] build/icyphy/ptII/lib/jython.jar:/home/travis/build/icyphy/ptII/lib/kieler.jar:
    [junit] /home/travis/build/icyphy/ptII/vendors/opencv/share/OpenCV/java/opencv-341.jar:
    [junit] /home/travis/build/icyphy/ptII/lib/oscP5.jar:/home/travis/build/icyphy/ptII/lib
    [junit] /nrjavaserial-3.11.0.devel.jar:/home/travis/build/icyphy/ptII/vendors/j3d/lib/j
    [junit] 3dcore.jar:/home/travis/build/icyphy/ptII/vendors/j3d/lib/j3dutils.jar:/home/tr
    [junit] avis/build/icyphy/ptII/vendors/j3d/lib/vecmath.jar:/home/travis/build/icyphy/pt
    [junit] II/ptolemy/distributed/jini/jar/jini-core.jar:/home/travis/build/icyphy/ptII/pt
    [junit] olemy/distributed/jini/jar/jini-ext.jar:/home/travis/build/icyphy/ptII/ptolemy/
    [junit] distributed/jini/jar/sun-util.jar:/home/travis/build/icyphy/ptII/lib/protobuf-j
    [junit] ava-2.4.1.jar:/home/travis/build/icyphy/ptII/lib/org.eclipse.paho.client.mqttv3
    [junit] .jar:/home/travis/build/icyphy/ptII/lib/mapss.jar:/home/travis/build/icyphy/ptI
    [junit] I/ptolemy/actor/ptalon/antlr/antlr.jar:/home/travis/build/icyphy/ptII/lib/JRI.j
    [junit] ar:/home/travis/build/icyphy/ptII/lib/commons-lang-2.6.jar:/home/travis/build/i
    [junit] cyphy/ptII/lib/commons-logging-1.1.1.jar:/home/travis/build/icyphy/ptII/lib/soo
    [junit] tclasses.jar:/home/travis/build/icyphy/ptII/ptolemy/actor/lib/database/mysql-co
    [junit] nnector-java-5.1.6-bin.jar:/home/travis/build/icyphy/ptII/vendors/misc/sphinx4/
    [junit] sphinx4-data-5prealpha.jar:/home/travis/build/icyphy/ptII/vendors/misc/sphinx4/
    [junit] sphinx4-core-5prealpha.jar:/home/travis/build/icyphy/ptII/lib/PDFRenderer.jar:/
    [junit] home/travis/build/icyphy/ptII/lib/svgSalamander.jar:/home/travis/build/icyphy/p
    [junit] tII/lib/rsyntaxtextarea-2.6.0-SNAPSHOT.jar:/home/travis/build/icyphy/ptII/lib/h
    [junit] azelcast-3.8.2.jar:/home/travis/build/icyphy/ptII/lib/jackson-annotations-2.9.0
    [junit] .jar:/home/travis/build/icyphy/ptII/lib/jackson-core-2.9.3.jar:/home/travis/bui
    [junit] ld/icyphy/ptII/lib/jackson-databind-2.9.3.jar:/home/travis/build/icyphy/ptII/li
    [junit] b/netty-buffer-4.1.19.Final.jar:/home/travis/build/icyphy/ptII/lib/netty-codec-
    [junit] 4.1.19.Final.jar:/home/travis/build/icyphy/ptII/lib/netty-codec-dns-4.1.19.Fina
    [junit] l.jar:/home/travis/build/icyphy/ptII/lib/netty-codec-http-4.1.19.Final.jar:/hom
    [junit] e/travis/build/icyphy/ptII/lib/netty-codec-http2-4.1.19.Final.jar:/home/travis/
    [junit] build/icyphy/ptII/lib/netty-common-4.1.19.Final.jar:/home/travis/build/icyphy/p
    [junit] tII/lib/netty-handler-4.1.19.Final.jar:/home/travis/build/icyphy/ptII/lib/netty
    [junit] -resolver-4.1.19.Final.jar:/home/travis/build/icyphy/ptII/lib/netty-resolver-dn
    [junit] s-4.1.19.Final.jar:/home/travis/build/icyphy/ptII/lib/netty-transport-4.1.19.Fi
    [junit] nal.jar:/home/travis/build/icyphy/ptII/lib/vertx-codegen-3.5.1.jar:/home/travis
    [junit] /build/icyphy/ptII/lib/vertx-core-3.5.2-SNAPSHOT.jar:/home/travis/build/icyphy/
    [junit] ptII/lib/vertx-hazelcast-3.5.1.jar:/home/travis/build/icyphy/ptII/lib/vertx-lan
    [junit] g-js-3.5.1.jar:/home/travis/build/icyphy/ptII/lib/vertx-service-proxy-3.5.1.jar
    [junit] :/home/travis/build/icyphy/ptII/lib/vertx-web-3.5.1.jar:/home/travis/build/icyp
    [junit] hy/ptII/lib/slf4j-api-1.7.13.jar:/home/travis/build/icyphy/ptII/lib/slf4j-simpl
    [junit] e-1.7.13.jar:/home/travis/build/icyphy/ptII/lib/webcam-capture-0.3.12.jar:/home
    [junit] /travis/build/icyphy/ptII/lib/bridj-0.7.0.jar:/home/travis/build/icyphy/ptII/li
    [junit] b/xbjlib-1.1.0.nrjavaserial.jar:/home/travis/build/icyphy/ptII/ptolemy/moml/tes
    [junit] t:/home/travis/build/icyphy/ptII/ant/lib/ant-launcher.jar:/home/travis/build/ic
    [junit] yphy/ptII/ant/lib/ant.jar:/home/travis/build/icyphy/ptII/ant/lib/ant-junit.jar:
    [junit] /home/travis/build/icyphy/ptII/ant/lib/ant-junit4.jar:/home/travis/build/icyphy
    [junit] /ptII ModularCGPubSub_A1_profile.java
    [junit] total 424
    [junit] -rw-rw-r-- 1 travis travis    476 Jan 29 23:07 Blink_EmbeddedCodeActor.class
    [junit] -rw-rw-r-- 1 travis travis    270 Jan 29 23:07 Blink_EmbeddedCodeActor.java
    [junit] -rw-rw-r-- 1 travis travis   2870 Jan 29 23:07 Blink_EmbeddedCodeActor_Main.c
    [junit] -rw-rw-r-- 1 travis travis   1596 Jan 29 23:07 Blink_EmbeddedCodeActor_Main.h
    [junit] -rw-rw-r-- 1 travis travis   1793 Jan 29 23:07 Blink_EmbeddedCodeActor.mk
    [junit] drwxrwxr-x 2 travis travis   4096 Jan 29 23:07 commons
    [junit] -rw-rw-r-- 1 travis travis   4895 Jan 29 23:08 CompiledCompositeActor_CompiledCompositeActor.class
    [junit] -rw-rw-r-- 1 travis travis   1592 Jan 29 23:08 CompiledCompositeActor_CompiledCompositeActor$_CompiledCompositeActor_CompiledCompositeActor.class
    [junit] -rw-rw-r-- 1 travis travis  13466 Jan 29 23:08 CompiledCompositeActor_CompiledCompositeActor.java
    [junit] -rw-rw-r-- 1 travis travis   1593 Jan 29 23:08 CompiledCompositeActor_CompiledCompositeActor.mk
    [junit] drwxrwxr-x 2 travis travis   4096 Jan 29 23:07 _EmbeddedCodeActor
    [junit] -rwxrwxr-x 1 travis travis 328528 Jan 29 23:07 libBlink_EmbeddedCodeActor.so
    [junit] -rw-rw-r-- 1 travis travis   3473 Jan 29 23:09 ModularCGPubSub_A1_A2.class
    [junit] -rw-rw-r-- 1 travis travis   9076 Jan 29 23:09 ModularCGPubSub_A1_A2.java
    [junit] -rw-rw-r-- 1 travis travis    880 Jan 29 23:09 ModularCGPubSub_A1_A2.mk
    [junit] -rw-rw-r-- 1 travis travis   1300 Jan 29 23:09 ModularCGPubSub_A1_A2_profile.class
    [junit] -rw-rw-r-- 1 travis travis   1222 Jan 29 23:09 ModularCGPubSub_A1_A2_profile.java
    [junit] -rw-rw-r-- 1 travis travis   1388 Jan 29 23:09 ModularCGPubSub_A1_profile.java
    [junit] -rw-rw-r-- 1 travis travis    432 Jan 29 23:09 Token.class
    [junit] -rw-rw-r-- 1 travis travis    251 Jan 29 23:09 Token.java
    [junit] All Done
    [junit] Writing ModularCGPubSub_A1.java in file:/home/travis/cg/ (9836 characters)
    [junit] Reading "ptolemy/cg/kernel/generic/program/procedural/java/modular/makefile.in",
    [junit]     writing "/home/travis/cg/ModularCGPubSub_A1.mk"
    [junit] Using ptolemy/cg/kernel/generic/program/procedural/java/modular/makefile.in
    [junit] In "/home/travis/cg", about to execute:
    [junit]     make -f ModularCGPubSub_A1.mk
    [junit] javac -classpath ".:.."    ModularCGPubSub_A1.java
    [junit] All Done
    [junit] 4388 ms. Memory: 1297920K Free: 628361K (48%)
    [junit] Exported /home/travis/build/icyphy/ptII/ptolemy/cg/lib/demo/ModularCGPubSub/ModularCGPubSub/index.html
    [junit] 10863 ms. Memory: 1297408K Free: 866710K (67%)
    [junit] ####### 24 Tue Jan 29 23:09:31 UTC 2019 $PTII/bin/ptinvoke ptolemy.vergil.basic.export.ExportModel -force htm  -openComposites -timeOut 30000 -whiteBackground ptolemy/cg/lib/demo/Scale/Scale.xml $PTII/ptolemy/cg/lib/demo/Scale/Scale
    [junit] Warning: not running ptolemy/cg/lib/demo/Scale/Scale.xml. See ptolemy/vergil/basic/export/test/junit/ExportModelJUnitTest.java
    [junit] Exported /home/travis/build/icyphy/ptII/ptolemy/cg/lib/demo/Scale/Scale/index.html
    [junit] 3154 ms. Memory: 1297408K Free: 738430K (57%)
    [junit] ####### 25 Tue Jan 29 23:09:35 UTC 2019 $PTII/bin/ptinvoke ptolemy.vergil.basic.export.ExportModel -force htm  -openComposites -timeOut 30000 -whiteBackground ptolemy/cg/lib/demo/Scale/ScaleC.xml $PTII/ptolemy/cg/lib/demo/Scale/ScaleC
    [junit] Warning: not running ptolemy/cg/lib/demo/Scale/ScaleC.xml. See ptolemy/vergil/basic/export/test/junit/ExportModelJUnitTest.java
    [junit] Exported /home/travis/build/icyphy/ptII/ptolemy/cg/lib/demo/Scale/ScaleC/index.html
    [junit] 3202 ms. Memory: 1297408K Free: 602340K (46%)
    [junit] ####### 26 Tue Jan 29 23:09:38 UTC 2019 $PTII/bin/ptinvoke ptolemy.vergil.basic.export.ExportModel -force htm -run -openComposites -timeOut 30000 -whiteBackground ptolemy/cg/lib/demo/Scale/ScaleCFlat.xml $PTII/ptolemy/cg/lib/demo/Scale/ScaleCFlat
    [junit] Running .ScaleCFlat
    [junit] 72 ms. Memory: 1297408K Free: 411511K (32%)
    [junit] Exported /home/travis/build/icyphy/ptII/ptolemy/cg/lib/demo/Scale/ScaleCFlat/index.html
    [junit] 4291 ms. Memory: 1297408K Free: 383675K (30%)
    [junit] ####### 27 Tue Jan 29 23:09:42 UTC 2019 $PTII/bin/ptinvoke ptolemy.vergil.basic.export.ExportModel -force htm -run -openComposites -timeOut 30000 -whiteBackground ptolemy/cg/lib/demo/Scale/ScaleJava.xml $PTII/ptolemy/cg/lib/demo/Scale/ScaleJava
    [junit] Running .ScaleJava
    [junit] CompiledCompositeActor: Building shared object: The sharedObjectFile has a modification time that is earlier than the modelFile modification time.
    [junit] Writing ScaleJava_EmbeddedActor.java in file:/home/travis/cg/ (9330 characters)
    [junit] Reading "ptolemy/cg/kernel/generic/program/procedural/java/makefile.in",
    [junit]     writing "/home/travis/cg/ScaleJava_EmbeddedActor.mk"
    [junit] Using ptolemy/cg/kernel/generic/program/procedural/java/makefile.in
    [junit] In "/home/travis/cg", about to execute:
    [junit]     make -f ScaleJava_EmbeddedActor.mk
    [junit] javac -classpath ".:."    ScaleJava_EmbeddedActor.java
    [junit] All Done
    [junit] 1184 ms. Memory: 1297408K Free: 236977K (18%)
    [junit] Exported /home/travis/build/icyphy/ptII/ptolemy/cg/lib/demo/Scale/ScaleJava/index.html
    [junit] 5354 ms. Memory: 1297408K Free: 209116K (16%)
    [junit] ####### 28 Tue Jan 29 23:09:47 UTC 2019 $PTII/bin/ptinvoke ptolemy.vergil.basic.export.ExportModel -force htm -run -openComposites -timeOut 30000 -whiteBackground ptolemy/configs/doc/ClassesIllustrated.xml $PTII/ptolemy/configs/doc/ClassesIllustrated
    [junit] Running .ClassesIllustrated
    [junit] 1 ms. Memory: 1426432K Free: 1305085K (91%)
    [junit] Exported /home/travis/build/icyphy/ptII/ptolemy/configs/doc/ClassesIllustrated/index.html
    [junit] 4475 ms. Memory: 1426432K Free: 1111923K (78%)
    [junit] ####### 29 Tue Jan 29 23:09:52 UTC 2019 $PTII/bin/ptinvoke ptolemy.vergil.basic.export.ExportModel -force htm -run -openComposites -timeOut 30000 -whiteBackground ptolemy/data/ontologies/demo/CarTracking/CarTracking.xml $PTII/ptolemy/data/ontologies/demo/CarTracking/CarTracking
    [junit] Running .CarTracking
    [junit] 3568 ms. Memory: 1426432K Free: 134898K (9%)
    [junit] Exported /home/travis/build/icyphy/ptII/ptolemy/data/ontologies/demo/CarTracking/CarTracking/index.html
    [junit] 9696 ms. Memory: 1440256K Free: 828078K (57%)
    [junit] ####### 30 Tue Jan 29 23:10:02 UTC 2019 $PTII/bin/ptinvoke ptolemy.vergil.basic.export.ExportModel -force htm -run -openComposites -timeOut 30000 -whiteBackground ptolemy/data/ontologies/demo/ConstAbstractInterpretation/ConstAbstractInterpretation.xml $PTII/ptolemy/data/ontologies/demo/ConstAbstractInterpretation/ConstAbstractInterpretation
    [junit] Running .ConstAbstractInterpretation
    [junit] 318 ms. Memory: 1440256K Free: 569507K (40%)
    [junit] Exported /home/travis/build/icyphy/ptII/ptolemy/data/ontologies/demo/ConstAbstractInterpretation/ConstAbstractInterpretation/index.html
    [junit] 4563 ms. Memory: 1440256K Free: 516185K (36%)
    [junit] ####### 31 Tue Jan 29 23:10:06 UTC 2019 $PTII/bin/ptinvoke ptolemy.vergil.basic.export.ExportModel -force htm  -openComposites -timeOut 30000 -whiteBackground ptolemy/data/ontologies/demo/ConstAbstractInterpretationObservable/ConstAbstractInterpretationObservable.xml $PTII/ptolemy/data/ontologies/demo/ConstAbstractInterpretationObservable/ConstAbstractInterpretationObservable
    [junit] Warning: not running ptolemy/data/ontologies/demo/ConstAbstractInterpretationObservable/ConstAbstractInterpretationObservable.xml. See ptolemy/vergil/basic/export/test/junit/ExportModelJUnitTest.java
    [junit] Exported /home/travis/build/icyphy/ptII/ptolemy/data/ontologies/demo/ConstAbstractInterpretationObservable/ConstAbstractInterpretationObservable/index.html
    [junit] 3165 ms. Memory: 1440256K Free: 380376K (26%)
    [junit] ####### 32 Tue Jan 29 23:10:09 UTC 2019 $PTII/bin/ptinvoke ptolemy.vergil.basic.export.ExportModel -force htm -run -openComposites -timeOut 30000 -whiteBackground ptolemy/data/ontologies/demo/ConstAbstractInterpretationObservable/ConstComparatorEqualToDemo.xml $PTII/ptolemy/data/ontologies/demo/ConstAbstractInterpretationObservable/ConstComparatorEqualToDemo
    [junit] Running .ConstComparatorEqualToDemo
    [junit] 1823 ms. Memory: 1569280K Free: 897008K (57%)
    [junit] Exported /home/travis/build/icyphy/ptII/ptolemy/data/ontologies/demo/ConstAbstractInterpretationObservable/ConstComparatorEqualToDemo/index.html
    [junit] 6112 ms. Memory: 1569280K Free: 825747K (53%)
    [junit] ####### 33 Tue Jan 29 23:10:15 UTC 2019 $PTII/bin/ptinvoke ptolemy.vergil.basic.export.ExportModel -force htm -run -openComposites -timeOut 30000 -whiteBackground ptolemy/data/ontologies/demo/ConstAbstractInterpretationObservable/ConstComparatorGreaterThanDemo.xml $PTII/ptolemy/data/ontologies/demo/ConstAbstractInterpretationObservable/ConstComparatorGreaterThanDemo
    [junit] Running .ConstComparatorGreaterThanDemo
    [junit] 2202 ms. Memory: 1675776K Free: 1457441K (87%)
    [junit] Exported /home/travis/build/icyphy/ptII/ptolemy/data/ontologies/demo/ConstAbstractInterpretationObservable/ConstComparatorGreaterThanDemo/index.html
    [junit] 6554 ms. Memory: 1675776K Free: 1387323K (83%)
    [junit] ####### 34 Tue Jan 29 23:10:22 UTC 2019 $PTII/bin/ptinvoke ptolemy.vergil.basic.export.ExportModel -force htm -run -openComposites -timeOut 30000 -whiteBackground ptolemy/data/ontologies/demo/ConstAbstractInterpretationObservable/ConstComparatorGTEDemo.xml $PTII/ptolemy/data/ontologies/demo/ConstAbstractInterpretationObservable/ConstComparatorGTEDemo
    [junit] Running .ConstComparatorGTEDemo
    [junit] 1579 ms. Memory: 1675776K Free: 510368K (30%)
    [junit] Exported /home/travis/build/icyphy/ptII/ptolemy/data/ontologies/demo/ConstAbstractInterpretationObservable/ConstComparatorGTEDemo/index.html
    [junit] 5855 ms. Memory: 1675776K Free: 435873K (26%)
    [junit] ####### 35 Tue Jan 29 23:10:28 UTC 2019 $PTII/bin/ptinvoke ptolemy.vergil.basic.export.ExportModel -force htm -run -openComposites -timeOut 30000 -whiteBackground ptolemy/data/ontologies/demo/ConstAbstractInterpretationObservable/ConstComparatorLessThanDemo.xml $PTII/ptolemy/data/ontologies/demo/ConstAbstractInterpretationObservable/ConstComparatorLessThanDemo
    [junit] Running .ConstComparatorLessThanDemo
    [junit] 1319 ms. Memory: 1859584K Free: 1130003K (61%)
    [junit] Exported /home/travis/build/icyphy/ptII/ptolemy/data/ontologies/demo/ConstAbstractInterpretationObservable/ConstComparatorLessThanDemo/index.html
    [junit] 5562 ms. Memory: 1859584K Free: 1048122K (56%)
    [junit] ####### 36 Tue Jan 29 23:10:33 UTC 2019 $PTII/bin/ptinvoke ptolemy.vergil.basic.export.ExportModel -force htm -run -openComposites -timeOut 30000 -whiteBackground ptolemy/data/ontologies/demo/ConstAbstractInterpretationObservable/ConstComparatorLTEDemo.xml $PTII/ptolemy/data/ontologies/demo/ConstAbstractInterpretationObservable/ConstComparatorLTEDemo
    [junit] Running .ConstComparatorLTEDemo
    [junit] 1231 ms. Memory: 1854464K Free: 1666510K (90%)
    [junit] Exported /home/travis/build/icyphy/ptII/ptolemy/data/ontologies/demo/ConstAbstractInterpretationObservable/ConstComparatorLTEDemo/index.html
    [junit] 5468 ms. Memory: 1854464K Free: 1587589K (86%)
    [junit] ####### 37 Tue Jan 29 23:10:39 UTC 2019 $PTII/bin/ptinvoke ptolemy.vergil.basic.export.ExportModel -force htm -run -openComposites -timeOut 30000 -whiteBackground ptolemy/data/ontologies/demo/ConstAbstractInterpretationObservable/ConstMultiplyDivideDemo.xml $PTII/ptolemy/data/ontologies/demo/ConstAbstractInterpretationObservable/ConstMultiplyDivideDemo
    [junit] Running .ConstMultiplyDivideDemo
    [junit] 1955 ms. Memory: 1854464K Free: 184109K (10%)
    [junit] Exported /home/travis/build/icyphy/ptII/ptolemy/data/ontologies/demo/ConstAbstractInterpretationObservable/ConstMultiplyDivideDemo/index.html
    [junit] 6187 ms. Memory: 1843200K Free: 1659876K (90%)
    [junit] ####### 38 Tue Jan 29 23:10:45 UTC 2019 $PTII/bin/ptinvoke ptolemy.vergil.basic.export.ExportModel -force htm -run -openComposites -timeOut 30000 -whiteBackground ptolemy/data/ontologies/demo/ConstAbstractInterpretationObservable/ConstScaleDemo.xml $PTII/ptolemy/data/ontologies/demo/ConstAbstractInterpretationObservable/ConstScaleDemo
    [junit] Running .ConstScaleDemo
    [junit] 900 ms. Memory: 1843200K Free: 835201K (45%)
    [junit] Exported /home/travis/build/icyphy/ptII/ptolemy/data/ontologies/demo/ConstAbstractInterpretationObservable/ConstScaleDemo/index.html
    [junit] 5095 ms. Memory: 1843200K Free: 740638K (40%)
    [junit] ####### 39 Tue Jan 29 23:10:50 UTC 2019 $PTII/bin/ptinvoke ptolemy.vergil.basic.export.ExportModel -force htm  -openComposites -timeOut 30000 -whiteBackground ptolemy/data/ontologies/demo/ConstNonconst/Const.xml $PTII/ptolemy/data/ontologies/demo/ConstNonconst/Const
    [junit] Warning: not running ptolemy/data/ontologies/demo/ConstNonconst/Const.xml. See ptolemy/vergil/basic/export/test/junit/ExportModelJUnitTest.java
    [junit] Exported /home/travis/build/icyphy/ptII/ptolemy/data/ontologies/demo/ConstNonconst/Const/index.html
    [junit] 3143 ms. Memory: 1843200K Free: 574042K (31%)
    [junit] ####### 40 Tue Jan 29 23:10:53 UTC 2019 $PTII/bin/ptinvoke ptolemy.vergil.basic.export.ExportModel -force htm -run -openComposites -timeOut 30000 -whiteBackground ptolemy/data/ontologies/demo/ConstNonconst/ConstNonconst.xml $PTII/ptolemy/data/ontologies/demo/ConstNonconst/ConstNonconst
    [junit] Running .ConstNonconst
    [junit] 378 ms. Memory: 1843200K Free: 271503K (15%)
    [junit] Exported /home/travis/build/icyphy/ptII/ptolemy/data/ontologies/demo/ConstNonconst/ConstNonconst/index.html
    [junit] 4545 ms. Memory: 1843200K Free: 210557K (11%)
    [junit] ####### 41 Tue Jan 29 23:10:58 UTC 2019 $PTII/bin/ptinvoke ptolemy.vergil.basic.export.ExportModel -force htm -run -openComposites -timeOut 30000 -whiteBackground ptolemy/data/ontologies/demo/ConstPropagation/BooleanSwitchDemoProductLattice.xml $PTII/ptolemy/data/ontologies/demo/ConstPropagation/BooleanSwitchDemoProductLattice
    [junit] Running .BooleanSwitchDemoProductLattice
    [junit] 1295 ms. Memory: 1848832K Free: 858272K (46%)
    [junit] Exported /home/travis/build/icyphy/ptII/ptolemy/data/ontologies/demo/ConstPropagation/BooleanSwitchDemoProductLattice/index.html
    [junit] 5839 ms. Memory: 1848832K Free: 768091K (42%)
    [junit] ####### 42 Tue Jan 29 23:11:04 UTC 2019 $PTII/bin/ptinvoke ptolemy.vergil.basic.export.ExportModel -force htm -run -openComposites -timeOut 30000 -whiteBackground ptolemy/data/ontologies/demo/ConstPropagation/ConstComparatorEqualToDemo.xml $PTII/ptolemy/data/ontologies/demo/ConstPropagation/ConstComparatorEqualToDemo
    [junit] Running .ConstComparatorEqualToDemo
    [junit] 1493 ms. Memory: 1846272K Free: 1214294K (66%)
    [junit] Exported /home/travis/build/icyphy/ptII/ptolemy/data/ontologies/demo/ConstPropagation/ConstComparatorEqualToDemo/index.html
    [junit] 5773 ms. Memory: 1846272K Free: 1130695K (61%)
    [junit] ####### 43 Tue Jan 29 23:11:09 UTC 2019 $PTII/bin/ptinvoke ptolemy.vergil.basic.export.ExportModel -force htm -run -openComposites -timeOut 30000 -whiteBackground ptolemy/data/ontologies/demo/ConstPropagation/ConstComparatorGreaterThanDemo.xml $PTII/ptolemy/data/ontologies/demo/ConstPropagation/ConstComparatorGreaterThanDemo
    [junit] Running .ConstComparatorGreaterThanDemo
    [junit] 1403 ms. Memory: 1849344K Free: 1575004K (85%)
    [junit] Exported /home/travis/build/icyphy/ptII/ptolemy/data/ontologies/demo/ConstPropagation/ConstComparatorGreaterThanDemo/index.html
    [junit] 5621 ms. Memory: 1849344K Free: 1481847K (80%)
    [junit] ####### 44 Tue Jan 29 23:11:15 UTC 2019 $PTII/bin/ptinvoke ptolemy.vergil.basic.export.ExportModel -force htm -run -openComposites -timeOut 30000 -whiteBackground ptolemy/data/ontologies/demo/ConstPropagation/ConstMultiplyDivideDemo.xml $PTII/ptolemy/data/ontologies/demo/ConstPropagation/ConstMultiplyDivideDemo
    [junit] Running .ConstMultiplyDivideDemo
    [junit] 2694 ms. Memory: 1750016K Free: 1250780K (71%)
    [junit] Exported /home/travis/build/icyphy/ptII/ptolemy/data/ontologies/demo/ConstPropagation/ConstMultiplyDivideDemo/index.html
    [junit] 6966 ms. Memory: 1750016K Free: 1135371K (65%)
    [junit] ####### 45 Tue Jan 29 23:11:22 UTC 2019 $PTII/bin/ptinvoke ptolemy.vergil.basic.export.ExportModel -force htm  -openComposites -timeOut 30000 -whiteBackground ptolemy/data/ontologies/demo/ConstPropagation/ConstPropagation.xml $PTII/ptolemy/data/ontologies/demo/ConstPropagation/ConstPropagation
    [junit] Warning: not running ptolemy/data/ontologies/demo/ConstPropagation/ConstPropagation.xml. See ptolemy/vergil/basic/export/test/junit/ExportModelJUnitTest.java
    [junit] Exported /home/travis/build/icyphy/ptII/ptolemy/data/ontologies/demo/ConstPropagation/ConstPropagation/index.html
    [junit] 3130 ms. Memory: 1750016K Free: 985291K (56%)
    [junit] ####### 46 Tue Jan 29 23:11:25 UTC 2019 $PTII/bin/ptinvoke ptolemy.vergil.basic.export.ExportModel -force htm -run -openComposites -timeOut 30000 -whiteBackground ptolemy/data/ontologies/demo/ConstPropagation/ConstPropagationAbsIntObservableReachableProductSolverModel.xml $PTII/ptolemy/data/ontologies/demo/ConstPropagation/ConstPropagationAbsIntObservableReachableProductSolverModel
    [junit] .ConstPropagationAbsIntObservableReachableProductSolverModel is a ptolemy.data.ontologies.OntologySolverModel not a TypedCompositeActor, so it cannot be run.
    [junit] Exported /home/travis/build/icyphy/ptII/ptolemy/data/ontologies/demo/ConstPropagation/ConstPropagationAbsIntObservableReachableProductSolverModel/index.html
    [junit] 4589 ms. Memory: 1750016K Free: 456775K (26%)
    [junit] ####### 47 Tue Jan 29 23:11:30 UTC 2019 $PTII/bin/ptinvoke ptolemy.vergil.basic.export.ExportModel -force htm -run -openComposites -timeOut 30000 -whiteBackground ptolemy/data/ontologies/demo/ConstPropagation/ConstPropagationAbsIntScale.xml $PTII/ptolemy/data/ontologies/demo/ConstPropagation/ConstPropagationAbsIntScale
    [junit] Running .ConstPropagationAbsIntScale
    [junit] 22 ms. Memory: 1750016K Free: 295215K (17%)
    [junit] Exported /home/travis/build/icyphy/ptII/ptolemy/data/ontologies/demo/ConstPropagation/ConstPropagationAbsIntScale/index.html
    [junit] 4245 ms. Memory: 1750016K Free: 264253K (15%)
    [junit] ####### 48 Tue Jan 29 23:11:34 UTC 2019 $PTII/bin/ptinvoke ptolemy.vergil.basic.export.ExportModel -force htm -run -openComposites -timeOut 30000 -whiteBackground ptolemy/data/ontologies/demo/ConstPropagation/SimpleConstPropagationDemo.xml $PTII/ptolemy/data/ontologies/demo/ConstPropagation/SimpleConstPropagationDemo
    [junit] Running .SimpleConstPropagationDemo
    [junit] 454 ms. Memory: 1755136K Free: 1409609K (80%)
    [junit] Exported /home/travis/build/icyphy/ptII/ptolemy/data/ontologies/demo/ConstPropagation/SimpleConstPropagationDemo/index.html
    [junit] 4616 ms. Memory: 1755136K Free: 1351686K (77%)
    [junit] ####### 49 Tue Jan 29 23:11:39 UTC 2019 $PTII/bin/ptinvoke ptolemy.vergil.basic.export.ExportModel -force htm -run -openComposites -timeOut 30000 -whiteBackground ptolemy/data/ontologies/demo/ConstPropagation/SimpleNonconstPropagationDemo.xml $PTII/ptolemy/data/ontologies/demo/ConstPropagation/SimpleNonconstPropagationDemo
    [junit] Running .SimpleNonconstPropagationDemo
    [junit] 359 ms. Memory: 1755136K Free: 1051269K (60%)
    [junit] Exported /home/travis/build/icyphy/ptII/ptolemy/data/ontologies/demo/ConstPropagation/SimpleNonconstPropagationDemo/index.html
    [junit] 4505 ms. Memory: 1755136K Free: 998149K (57%)
    [junit] ####### 50 Tue Jan 29 23:11:43 UTC 2019 $PTII/bin/ptinvoke ptolemy.vergil.basic.export.ExportModel -force htm  -openComposites -timeOut 30000 -whiteBackground ptolemy/data/ontologies/demo/DimensionSystemExample/DimensionSystemExample.xml $PTII/ptolemy/data/ontologies/demo/DimensionSystemExample/DimensionSystemExample
    [junit] Warning: not running ptolemy/data/ontologies/demo/DimensionSystemExample/DimensionSystemExample.xml. See ptolemy/vergil/basic/export/test/junit/ExportModelJUnitTest.java
    [junit] Exported /home/travis/build/icyphy/ptII/ptolemy/data/ontologies/demo/DimensionSystemExample/DimensionSystemExample/index.html
    [junit] 3159 ms. Memory: 1755136K Free: 853847K (49%)
    [junit] ####### 51 Tue Jan 29 23:11:46 UTC 2019 $PTII/bin/ptinvoke ptolemy.vergil.basic.export.ExportModel -force htm -run -openComposites -timeOut 30000 -whiteBackground ptolemy/data/ontologies/demo/ExceptionAnalysis/ExceptionAnalysis.xml $PTII/ptolemy/data/ontologies/demo/ExceptionAnalysis/ExceptionAnalysis
    [junit] Running .ExceptionAnalysis
    [junit] 6 ms. Memory: 1755136K Free: 743015K (42%)
    [junit] Exported /home/travis/build/icyphy/ptII/ptolemy/data/ontologies/demo/ExceptionAnalysis/ExceptionAnalysis/index.html
    [junit] 4166 ms. Memory: 1755136K Free: 690283K (39%)
    [junit] ####### 52 Tue Jan 29 23:11:50 UTC 2019 $PTII/bin/ptinvoke ptolemy.vergil.basic.export.ExportModel -force htm -run -openComposites -timeOut 30000 -whiteBackground ptolemy/data/ontologies/demo/MonotonicityAnalysis/MonotonicityAnalysis.xml $PTII/ptolemy/data/ontologies/demo/MonotonicityAnalysis/MonotonicityAnalysis
    [junit] Running .MonotonicityAnalysis
    [junit] 123 ms. Memory: 1755136K Free: 507466K (29%)
    [junit] Exported /home/travis/build/icyphy/ptII/ptolemy/data/ontologies/demo/MonotonicityAnalysis/MonotonicityAnalysis/index.html
    [junit] 4274 ms. Memory: 1755136K Free: 455237K (26%)
    [junit] ####### 53 Tue Jan 29 23:11:55 UTC 2019 $PTII/bin/ptinvoke ptolemy.vergil.basic.export.ExportModel -force htm -run -openComposites -timeOut 30000 -whiteBackground ptolemy/data/ontologies/demo/Observable/Observable.xml $PTII/ptolemy/data/ontologies/demo/Observable/Observable
    [junit] Running .Observable
    [junit] 131 ms. Memory: 1755136K Free: 277313K (16%)
    [junit] Exported /home/travis/build/icyphy/ptII/ptolemy/data/ontologies/demo/Observable/Observable/index.html
    [junit] 4287 ms. Memory: 1755136K Free: 240867K (14%)
    [junit] ####### 54 Tue Jan 29 23:11:59 UTC 2019 $PTII/bin/ptinvoke ptolemy.vergil.basic.export.ExportModel -force htm -run -openComposites -timeOut 30000 -whiteBackground ptolemy/data/ontologies/demo/ProductLattices/BooleanSwitchDemoProductLattice.xml $PTII/ptolemy/data/ontologies/demo/ProductLattices/BooleanSwitchDemoProductLattice
    [junit] Running .BooleanSwitchDemoProductLattice
    [junit] 2203 ms. Memory: 1710592K Free: 1581443K (92%)
    [junit] Exported /home/travis/build/icyphy/ptII/ptolemy/data/ontologies/demo/ProductLattices/BooleanSwitchDemoProductLattice/index.html
    [junit] 6867 ms. Memory: 1710592K Free: 1489926K (87%)
    [junit] ####### 55 Tue Jan 29 23:12:06 UTC 2019 $PTII/bin/ptinvoke ptolemy.vergil.basic.export.ExportModel -force htm -run -openComposites -timeOut 30000 -whiteBackground ptolemy/data/ontologies/demo/ProductLattices/ConstAbsIntObservableReachableProductSolverModel.xml $PTII/ptolemy/data/ontologies/demo/ProductLattices/ConstAbsIntObservableReachableProductSolverModel
    [junit] .ConstAbsIntObservableReachableProductSolverModel is a ptolemy.data.ontologies.OntologySolverModel not a TypedCompositeActor, so it cannot be run.
    [junit] Exported /home/travis/build/icyphy/ptII/ptolemy/data/ontologies/demo/ProductLattices/ConstAbsIntObservableReachableProductSolverModel/index.html
    [junit] 4487 ms. Memory: 1710592K Free: 988757K (58%)
    [junit] ####### 56 Tue Jan 29 23:12:10 UTC 2019 $PTII/bin/ptinvoke ptolemy.vergil.basic.export.ExportModel -force htm -run -openComposites -timeOut 30000 -whiteBackground ptolemy/data/ontologies/demo/ProductLattices/ConstMultiplyDivideDemoProductLattice.xml $PTII/ptolemy/data/ontologies/demo/ProductLattices/ConstMultiplyDivideDemoProductLattice
    [junit] Running .ConstMultiplyDivideDemoProductLattice
    [junit] 1304 ms. Memory: 1774592K Free: 1505866K (85%)
    [junit] Exported /home/travis/build/icyphy/ptII/ptolemy/data/ontologies/demo/ProductLattices/ConstMultiplyDivideDemoProductLattice/index.html
    [junit] 5560 ms. Memory: 1774592K Free: 1410558K (79%)
    [junit] ####### 57 Tue Jan 29 23:12:16 UTC 2019 $PTII/bin/ptinvoke ptolemy.vergil.basic.export.ExportModel -force htm -run -openComposites -timeOut 30000 -whiteBackground ptolemy/data/ontologies/demo/ProductLattices/ConstScaleDemoProductLattice.xml $PTII/ptolemy/data/ontologies/demo/ProductLattices/ConstScaleDemoProductLattice
    [junit] Running .ConstScaleDemoProductLattice
    [junit] 809 ms. Memory: 1774592K Free: 641652K (36%)
    [junit] Exported /home/travis/build/icyphy/ptII/ptolemy/data/ontologies/demo/ProductLattices/ConstScaleDemoProductLattice/index.html
    [junit] 5031 ms. Memory: 1774592K Free: 561450K (32%)
    [junit] ####### 58 Tue Jan 29 23:12:21 UTC 2019 $PTII/bin/ptinvoke ptolemy.vergil.basic.export.ExportModel -force htm  -openComposites -timeOut 30000 -whiteBackground ptolemy/data/ontologies/demo/ProductLattices/ConstScaleZeroDemoProductLattice.xml $PTII/ptolemy/data/ontologies/demo/ProductLattices/ConstScaleZeroDemoProductLattice
    [junit] Warning: not running ptolemy/data/ontologies/demo/ProductLattices/ConstScaleZeroDemoProductLattice.xml. See ptolemy/vergil/basic/export/test/junit/ExportModelJUnitTest.java
    [junit] Exported /home/travis/build/icyphy/ptII/ptolemy/data/ontologies/demo/ProductLattices/ConstScaleZeroDemoProductLattice/index.html
    [junit] 3211 ms. Memory: 1774592K Free: 360572K (20%)
    [junit] ####### 59 Tue Jan 29 23:12:24 UTC 2019 $PTII/bin/ptinvoke ptolemy.vergil.basic.export.ExportModel -force htm  -openComposites -timeOut 30000 -whiteBackground ptolemy/data/ontologies/demo/ProductLattices/LatticeComposition.xml $PTII/ptolemy/data/ontologies/demo/ProductLattices/LatticeComposition
    [junit] Warning: not running ptolemy/data/ontologies/demo/ProductLattices/LatticeComposition.xml. See ptolemy/vergil/basic/export/test/junit/ExportModelJUnitTest.java
    [junit] Exported /home/travis/build/icyphy/ptII/ptolemy/data/ontologies/demo/ProductLattices/LatticeComposition/index.html
    [junit] 3214 ms. Memory: 1775104K Free: 1458681K (82%)
    [junit] ####### 60 Tue Jan 29 23:12:27 UTC 2019 $PTII/bin/ptinvoke ptolemy.vergil.basic.export.ExportModel -force htm -run -openComposites -timeOut 30000 -whiteBackground ptolemy/data/ontologies/demo/ProductLattices/LatticeCompositionSolverModel.xml $PTII/ptolemy/data/ontologies/demo/ProductLattices/LatticeCompositionSolverModel
    [junit] .LatticeCompositionSolverModel is a ptolemy.data.ontologies.OntologySolverModel not a TypedCompositeActor, so it cannot be run.
    [junit] Exported /home/travis/build/icyphy/ptII/ptolemy/data/ontologies/demo/ProductLattices/LatticeCompositionSolverModel/index.html
    [junit] 4467 ms. Memory: 1775104K Free: 806589K (45%)
    [junit] ####### 61 Tue Jan 29 23:12:32 UTC 2019 $PTII/bin/ptinvoke ptolemy.vergil.basic.export.ExportModel -force htm  -openComposites -timeOut 30000 -whiteBackground ptolemy/data/ontologies/demo/ProductLattices/ProductLattices.xml $PTII/ptolemy/data/ontologies/demo/ProductLattices/ProductLattices
    [junit] Warning: not running ptolemy/data/ontologies/demo/ProductLattices/ProductLattices.xml. See ptolemy/vergil/basic/export/test/junit/ExportModelJUnitTest.java
    [junit] Exported /home/travis/build/icyphy/ptII/ptolemy/data/ontologies/demo/ProductLattices/ProductLattices/index.html
    [junit] 3132 ms. Memory: 1775104K Free: 667711K (38%)
    [junit] ####### 62 Tue Jan 29 23:12:35 UTC 2019 $PTII/bin/ptinvoke ptolemy.vergil.basic.export.ExportModel -force htm -run -openComposites -timeOut 30000 -whiteBackground ptolemy/data/ontologies/demo/ProductLattices/SimpleConstDemo.xml $PTII/ptolemy/data/ontologies/demo/ProductLattices/SimpleConstDemo
    [junit] Running .SimpleConstDemo
    [junit] 65 ms. Memory: 1775104K Free: 504970K (28%)
    [junit] Exported /home/travis/build/icyphy/ptII/ptolemy/data/ontologies/demo/ProductLattices/SimpleConstDemo/index.html
    [junit] 4201 ms. Memory: 1775104K Free: 460035K (26%)
    [junit] ####### 63 Tue Jan 29 23:12:39 UTC 2019 $PTII/bin/ptinvoke ptolemy.vergil.basic.export.ExportModel -force htm -run -openComposites -timeOut 30000 -whiteBackground ptolemy/data/ontologies/demo/ProductLattices/SimpleNonconstDemo.xml $PTII/ptolemy/data/ontologies/demo/ProductLattices/SimpleNonconstDemo
    [junit] Running .SimpleNonconstDemo
    [junit] 237 ms. Memory: 1784320K Free: 1623536K (91%)
    [junit] Exported /home/travis/build/icyphy/ptII/ptolemy/data/ontologies/demo/ProductLattices/SimpleNonconstDemo/index.html
    [junit] 4414 ms. Memory: 1784320K Free: 1564148K (88%)
    [junit] ####### 64 Tue Jan 29 23:12:44 UTC 2019 $PTII/bin/ptinvoke ptolemy.vergil.basic.export.ExportModel -force htm  -openComposites -timeOut 30000 -whiteBackground ptolemy/data/ontologies/demo/UnitSystemExample/UnitSystemExample.xml $PTII/ptolemy/data/ontologies/demo/UnitSystemExample/UnitSystemExample
    [junit] Warning: not running ptolemy/data/ontologies/demo/UnitSystemExample/UnitSystemExample.xml. See ptolemy/vergil/basic/export/test/junit/ExportModelJUnitTest.java
    [junit] Exported /home/travis/build/icyphy/ptII/ptolemy/data/ontologies/demo/UnitSystemExample/UnitSystemExample/index.html
    [junit] 3241 ms. Memory: 1784320K Free: 1317652K (74%)
    [junit] ####### 65 Tue Jan 29 23:12:47 UTC 2019 $PTII/bin/ptinvoke ptolemy.vergil.basic.export.ExportModel -force htm -run -openComposites -timeOut 30000 -whiteBackground ptolemy/data/type/demo/Objects/Objects.xml $PTII/ptolemy/data/type/demo/Objects/Objects
    [junit] Running .Objects
    [junit] 12 ms. Memory: 1784320K Free: 1212324K (68%)
    [junit] Exported /home/travis/build/icyphy/ptII/ptolemy/data/type/demo/Objects/Objects/index.html
    [junit] 4190 ms. Memory: 1784320K Free: 1152419K (65%)
    [junit] ####### 66 Tue Jan 29 23:12:51 UTC 2019 $PTII/bin/ptinvoke ptolemy.vergil.basic.export.ExportModel -force htm -run -openComposites -timeOut 30000 -whiteBackground ptolemy/data/type/demo/Router/Router.xml $PTII/ptolemy/data/type/demo/Router/Router
    [junit] Running .Router
    [junit] ExportHTMLTimer went off after 30000 ms., calling getDirector().finish and getDirector().stopFire()
    [junit] 30001 ms. Memory: 1784320K Free: 982117K (55%)
    [junit] Exported /home/travis/build/icyphy/ptII/ptolemy/data/type/demo/Router/Router/index.html
    [junit] 34193 ms. Memory: 1784320K Free: 954403K (53%)
    [junit] ####### 67 Tue Jan 29 23:13:25 UTC 2019 $PTII/bin/ptinvoke ptolemy.vergil.basic.export.ExportModel -force htm -run -openComposites -timeOut 30000 -whiteBackground ptolemy/data/unit/demo/StaticUnits/StaticUnits.xml $PTII/ptolemy/data/unit/demo/StaticUnits/StaticUnits
    [junit] Running .StaticUnits
    [junit] 2022 ms. Memory: 1784320K Free: 387168K (22%)
    [junit] Exported /home/travis/build/icyphy/ptII/ptolemy/data/unit/demo/StaticUnits/StaticUnits/index.html
    [junit] 6286 ms. Memory: 1785856K Free: 1689374K (95%)
    [junit] ####### 68 Tue Jan 29 23:13:32 UTC 2019 $PTII/bin/ptinvoke ptolemy.vergil.basic.export.ExportModel -force htm -run -openComposites -timeOut 30000 -whiteBackground ptolemy/data/unit/demo/Units/Units.xml $PTII/ptolemy/data/unit/demo/Units/Units
    [junit] Running .Units
    [junit] 70 ms. Memory: 1785856K Free: 1544311K (86%)
    [junit] Exported /home/travis/build/icyphy/ptII/ptolemy/data/unit/demo/Units/Units/index.html
    [junit] 4242 ms. Memory: 1785856K Free: 1506364K (84%)
    [junit] ####### 69 Tue Jan 29 23:13:36 UTC 2019 $PTII/bin/ptinvoke ptolemy.vergil.basic.export.ExportModel -force htm  -openComposites -timeOut 30000 -whiteBackground ptolemy/demo/AirManagementSystem/AirManagementSystem.xml $PTII/ptolemy/demo/AirManagementSystem/AirManagementSystem
    [junit] Warning: not running ptolemy/demo/AirManagementSystem/AirManagementSystem.xml. See ptolemy/vergil/basic/export/test/junit/ExportModelJUnitTest.java
    [junit] Exported /home/travis/build/icyphy/ptII/ptolemy/demo/AirManagementSystem/AirManagementSystem/index.html
    [junit] 4441 ms. Memory: 1785856K Free: 733485K (41%)
    [junit] ####### 70 Tue Jan 29 23:13:40 UTC 2019 $PTII/bin/ptinvoke ptolemy.vergil.basic.export.ExportModel -force htm  -openComposites -timeOut 30000 -whiteBackground ptolemy/demo/AirManagementSystem/AirManagementSystemCausalityLoop.xml $PTII/ptolemy/demo/AirManagementSystem/AirManagementSystemCausalityLoop
    [junit] Warning: not running ptolemy/demo/AirManagementSystem/AirManagementSystemCausalityLoop.xml. See ptolemy/vergil/basic/export/test/junit/ExportModelJUnitTest.java
    [junit] Exported /home/travis/build/icyphy/ptII/ptolemy/demo/AirManagementSystem/AirManagementSystemCausalityLoop/index.html
    [junit] 4014 ms. Memory: 1780736K Free: 1487496K (84%)
    [junit] ####### 71 Tue Jan 29 23:13:44 UTC 2019 $PTII/bin/ptinvoke ptolemy.vergil.basic.export.ExportModel -force htm  -openComposites -timeOut 30000 -whiteBackground ptolemy/demo/AirManagementSystem/AMS_AMSSim.xml $PTII/ptolemy/demo/AirManagementSystem/AMS_AMSSim
    [junit] Warning: not running ptolemy/demo/AirManagementSystem/AMS_AMSSim.xml. See ptolemy/vergil/basic/export/test/junit/ExportModelJUnitTest.java
    [junit] [ScalarVariable: null]: Child element "isLinear" not implemented yet.
    [junit] [ScalarVariable: null]: Child element "isLinear" not implemented yet.
    [junit] [ScalarVariable: null]: Child element "isLinear" not implemented yet.
    [junit] Exported /home/travis/build/icyphy/ptII/ptolemy/demo/AirManagementSystem/AMS_AMSSim/index.html
    [junit] 3337 ms. Memory: 1780736K Free: 1282640K (72%)
    [junit] ####### 72 Tue Jan 29 23:13:48 UTC 2019 $PTII/bin/ptinvoke ptolemy.vergil.basic.export.ExportModel -force htm -run -openComposites -timeOut 30000 -whiteBackground ptolemy/demo/AirManagementSystem/HeatExchangerTester.xml $PTII/ptolemy/demo/AirManagementSystem/HeatExchangerTester
    [junit] Running .HeatExchangerTester
    [junit] 1494 ms. Memory: 1780736K Free: 731408K (41%)
    [junit] Exported /home/travis/build/icyphy/ptII/ptolemy/demo/AirManagementSystem/HeatExchangerTester/index.html
    [junit] 5796 ms. Memory: 1780736K Free: 526031K (30%)
    [junit] ####### 73 Tue Jan 29 23:13:53 UTC 2019 $PTII/bin/ptinvoke ptolemy.vergil.basic.export.ExportModel -force htm  -openComposites -timeOut 30000 -whiteBackground ptolemy/demo/AirManagementSystem/PhysicalPlantCausalityLoop.xml $PTII/ptolemy/demo/AirManagementSystem/PhysicalPlantCausalityLoop
    [junit] Warning: not running ptolemy/demo/AirManagementSystem/PhysicalPlantCausalityLoop.xml. See ptolemy/vergil/basic/export/test/junit/ExportModelJUnitTest.java
    [junit] Exported /home/travis/build/icyphy/ptII/ptolemy/demo/AirManagementSystem/PhysicalPlantCausalityLoop/index.html
    [junit] 3614 ms. Memory: 1783808K Free: 1427083K (80%)
    [junit] ####### 74 Tue Jan 29 23:13:57 UTC 2019 $PTII/bin/ptinvoke ptolemy.vergil.basic.export.ExportModel -force htm -run -openComposites -timeOut 30000 -whiteBackground ptolemy/demo/BrakeByWire/BrakeByWire.xml $PTII/ptolemy/demo/BrakeByWire/BrakeByWire
    [junit] Running .BrakeByWire
    [junit] 1178 ms. Memory: 1783808K Free: 960349K (54%)
    [junit] Exported /home/travis/build/icyphy/ptII/ptolemy/demo/BrakeByWire/BrakeByWire/index.html
    [junit] 6761 ms. Memory: 1783808K Free: 526685K (30%)
    [junit] ####### 75 Tue Jan 29 23:14:04 UTC 2019 $PTII/bin/ptinvoke ptolemy.vergil.basic.export.ExportModel -force htm -run -openComposites -timeOut 30000 -whiteBackground ptolemy/demo/CapeCode/CapeCode.xml $PTII/ptolemy/demo/CapeCode/CapeCode
    [junit] Model ".CapeCode" contains actors such cannot be run  as part of the export process from ExportModel or it has a WebExportParameters value that runBeforeExport set to false. To export run this model and export it, use vergil.
    [junit] Exported /home/travis/build/icyphy/ptII/ptolemy/demo/CapeCode/CapeCode/index.html
    [junit] 3114 ms. Memory: 1783808K Free: 386961K (22%)
    [junit] ####### 76 Tue Jan 29 23:14:07 UTC 2019 $PTII/bin/ptinvoke ptolemy.vergil.basic.export.ExportModel -force htm -run -openComposites -timeOut 30000 -whiteBackground ptolemy/demo/CapeCode/CapeCode1.xml $PTII/ptolemy/demo/CapeCode/CapeCode1
    [junit] [AWT-EventQueue-0] INFO com.github.sarxos.webcam.Webcam - WebcamDefaultDriver capture driver will be used
    [junit] No physical cameras found, using WebcamDummyDriver.
    [junit] Running .CapeCode1
    [junit] [atomic-processor-1] INFO com.github.sarxos.webcam.ds.cgt.WebcamOpenTask - Opening webcam Dummy Webcam 0
    [junit] [atomic-processor-1] INFO com.github.sarxos.webcam.ds.cgt.WebcamCloseTask - Closing Dummy Webcam 0
    [junit] ExportHTMLTimer went off after 30000 ms., calling getDirector().finish and getDirector().stopFire()
    [junit] 30082 ms. Memory: 1811968K Free: 1231304K (68%)
    [junit] Exported /home/travis/build/icyphy/ptII/ptolemy/demo/CapeCode/CapeCode1/index.html
    [junit] 40577 ms. Memory: 1811968K Free: 1210647K (67%)
    [junit] ####### 77 Tue Jan 29 23:14:48 UTC 2019 $PTII/bin/ptinvoke ptolemy.vergil.basic.export.ExportModel -force htm -run -openComposites -timeOut 30000 -whiteBackground ptolemy/demo/CapeCode/CapeCode2.xml $PTII/ptolemy/demo/CapeCode/CapeCode2
    [junit] Running .CapeCode2
    [junit] [atomic-processor-1] INFO com.github.sarxos.webcam.ds.cgt.WebcamOpenTask - Opening webcam Dummy Webcam 0
    [junit] ExportHTMLTimer went off after 30000 ms., calling getDirector().finish and getDirector().stopFire()
    [junit] 30068 ms. Memory: 1691648K Free: 504064K (30%)
    [junit] [atomic-processor-1] INFO com.github.sarxos.webcam.ds.cgt.WebcamCloseTask - Closing Dummy Webcam 0
    [junit] Exported /home/travis/build/icyphy/ptII/ptolemy/demo/CapeCode/CapeCode2/index.html
    [junit] 37115 ms. Memory: 1691648K Free: 467029K (28%)
    [junit] ####### 78 Tue Jan 29 23:15:25 UTC 2019 $PTII/bin/ptinvoke ptolemy.vergil.basic.export.ExportModel -force htm -run -openComposites -timeOut 30000 -whiteBackground ptolemy/demo/CapeCode/CapeCode3.xml $PTII/ptolemy/demo/CapeCode/CapeCode3
    [junit] Xlib:  extension "RANDR" missing on display ":99.0".
    [junit] Running .CapeCode3
    [junit] [atomic-processor-1] INFO com.github.sarxos.webcam.ds.cgt.WebcamOpenTask - Opening webcam Dummy Webcam 0
    [junit] [atomic-processor-1] INFO com.github.sarxos.webcam.ds.cgt.WebcamCloseTask - Closing Dummy Webcam 0
    [junit] ExportHTMLTimer went off after 30000 ms., calling getDirector().finish and getDirector().stopFire()
    [junit] 30068 ms. Memory: 1887744K Free: 1347612K (71%)
    [junit] Exported /home/travis/build/icyphy/ptII/ptolemy/demo/CapeCode/CapeCode3/index.html
    [junit] 39772 ms. Memory: 1887744K Free: 1307964K (69%)
    [junit] ####### 79 Tue Jan 29 23:16:04 UTC 2019 $PTII/bin/ptinvoke ptolemy.vergil.basic.export.ExportModel -force htm -run -openComposites -timeOut 30000 -whiteBackground ptolemy/demo/CapeCode/CapeCode4.xml $PTII/ptolemy/demo/CapeCode/CapeCode4
    [junit] Running .CapeCode4
    [junit] [atomic-processor-1] INFO com.github.sarxos.webcam.ds.cgt.WebcamOpenTask - Opening webcam Dummy Webcam 0
    [junit] [atomic-processor-1] INFO com.github.sarxos.webcam.ds.cgt.WebcamCloseTask - Closing Dummy Webcam 0
    [junit] ExportHTMLTimer went off after 30000 ms., calling getDirector().finish and getDirector().stopFire()
    [junit] 30084 ms. Memory: 1989632K Free: 1477023K (74%)
    [junit] Exported /home/travis/build/icyphy/ptII/ptolemy/demo/CapeCode/CapeCode4/index.html
    [junit] 37913 ms. Memory: 1989632K Free: 1429409K (72%)
    [junit] ####### 80 Tue Jan 29 23:16:42 UTC 2019 $PTII/bin/ptinvoke ptolemy.vergil.basic.export.ExportModel -force htm -run -openComposites -timeOut 30000 -whiteBackground ptolemy/demo/ElectricPowerSystem/Contactor.xml $PTII/ptolemy/demo/ElectricPowerSystem/Contactor
    [junit] Model ".Contactor" contains actors such cannot be run  as part of the export process from ExportModel or it has a WebExportParameters value that runBeforeExport set to false. To export run this model and export it, use vergil.
    [junit] Exported /home/travis/build/icyphy/ptII/ptolemy/demo/ElectricPowerSystem/Contactor/index.html
    [junit] 3186 ms. Memory: 1989632K Free: 1300770K (65%)
    [junit] ####### 81 Tue Jan 29 23:16:46 UTC 2019 $PTII/bin/ptinvoke ptolemy.vergil.basic.export.ExportModel -force htm -run -openComposites -timeOut 30000 -whiteBackground ptolemy/demo/ElectricPowerSystem/ContactorTester.xml $PTII/ptolemy/demo/ElectricPowerSystem/ContactorTester
    [junit] Running .ContactorTester
    [junit] 319 ms. Memory: 1989632K Free: 1096201K (55%)
    [junit] Exported /home/travis/build/icyphy/ptII/ptolemy/demo/ElectricPowerSystem/ContactorTester/index.html
    [junit] 4655 ms. Memory: 1989632K Free: 952058K (48%)
    [junit] ####### 82 Tue Jan 29 23:16:50 UTC 2019 $PTII/bin/ptinvoke ptolemy.vergil.basic.export.ExportModel -force htm -run -openComposites -timeOut 30000 -whiteBackground ptolemy/demo/ElectricPowerSystem/Controller.xml $PTII/ptolemy/demo/ElectricPowerSystem/Controller
    [junit] Running .Controller
    [junit] 16 ms. Memory: 1989632K Free: 871594K (44%)
    [junit] Exported /home/travis/build/icyphy/ptII/ptolemy/demo/ElectricPowerSystem/Controller/index.html
    [junit] 4200 ms. Memory: 1989632K Free: 826283K (42%)
    [junit] ####### 83 Tue Jan 29 23:16:54 UTC 2019 $PTII/bin/ptinvoke ptolemy.vergil.basic.export.ExportModel -force htm  -openComposites -timeOut 30000 -whiteBackground ptolemy/demo/ElectricPowerSystem/ElectricPowerSystem.xml $PTII/ptolemy/demo/ElectricPowerSystem/ElectricPowerSystem
    [junit] Warning: not running ptolemy/demo/ElectricPowerSystem/ElectricPowerSystem.xml. See ptolemy/vergil/basic/export/test/junit/ExportModelJUnitTest.java
    [junit] Exported /home/travis/build/icyphy/ptII/ptolemy/demo/ElectricPowerSystem/ElectricPowerSystem/index.html
    [junit] 3187 ms. Memory: 1989632K Free: 681697K (34%)
    [junit] ####### 84 Tue Jan 29 23:16:58 UTC 2019 $PTII/bin/ptinvoke ptolemy.vergil.basic.export.ExportModel -force htm -run -openComposites -timeOut 30000 -whiteBackground ptolemy/demo/ElectricPowerSystem/Generator.xml $PTII/ptolemy/demo/ElectricPowerSystem/Generator
    [junit] Model ".Generator" contains actors such cannot be run  as part of the export process from ExportModel or it has a WebExportParameters value that runBeforeExport set to false. To export run this model and export it, use vergil.
    [junit] Exported /home/travis/build/icyphy/ptII/ptolemy/demo/ElectricPowerSystem/Generator/index.html
    [junit] 3202 ms. Memory: 1989632K Free: 533633K (27%)
    [junit] ####### 85 Tue Jan 29 23:17:01 UTC 2019 $PTII/bin/ptinvoke ptolemy.vergil.basic.export.ExportModel -force htm  -openComposites -timeOut 30000 -whiteBackground ptolemy/demo/ElectricPowerSystem/GeneratorContactorLoad.xml $PTII/ptolemy/demo/ElectricPowerSystem/GeneratorContactorLoad
    [junit] Warning: not running ptolemy/demo/ElectricPowerSystem/GeneratorContactorLoad.xml. See ptolemy/vergil/basic/export/test/junit/ExportModelJUnitTest.java
    [junit] Exported /home/travis/build/icyphy/ptII/ptolemy/demo/ElectricPowerSystem/GeneratorContactorLoad/index.html
    [junit] 3343 ms. Memory: 1984000K Free: 1453639K (73%)
    [junit] Tests run: 85, Failures: 0, Errors: 0, Skipped: 0, Time elapsed: 610.865 sec
    [junit] Output:
    [junit] ExportModeJUnitTestBatch: There are 737 demos. Exporting demos: 276 to 360.
    [junit] ####### 1 Tue Jan 29 23:06:53 UTC 2019 $PTII/bin/ptinvoke ptolemy.vergil.basic.export.ExportModel -force htm  -openComposites -timeOut 30000 -whiteBackground ptolemy/actor/ptalon/gt/demo/Adder/Adder.xml $PTII/ptolemy/actor/ptalon/gt/demo/Adder/Adder
    [junit] Warning: not running ptolemy/actor/ptalon/gt/demo/Adder/Adder.xml. See ptolemy/vergil/basic/export/test/junit/ExportModelJUnitTest.java
    [junit] Exported /home/travis/build/icyphy/ptII/ptolemy/actor/ptalon/gt/demo/Adder/Adder/index.html
    [junit] 7492 ms. Memory: 194560K Free: 156646K (81%)
    [junit] ####### 2 Tue Jan 29 23:07:01 UTC 2019 $PTII/bin/ptinvoke ptolemy.vergil.basic.export.ExportModel -force htm -run -openComposites -timeOut 30000 -whiteBackground ptolemy/caltrop/demo/FunctionClosures/FunctionClosures.xml $PTII/ptolemy/caltrop/demo/FunctionClosures/FunctionClosures
    [junit] Running .FunctionClosures
    [junit] 150 ms. Memory: 195072K Free: 151329K (78%)
    [junit] Exported /home/travis/build/icyphy/ptII/ptolemy/caltrop/demo/FunctionClosures/FunctionClosures/index.html
    [junit] 5669 ms. Memory: 195072K Free: 115666K (59%)
    [junit] ####### 3 Tue Jan 29 23:07:07 UTC 2019 $PTII/bin/ptinvoke ptolemy.vergil.basic.export.ExportModel -force htm -run -openComposites -timeOut 30000 -whiteBackground ptolemy/caltrop/demo/FunctionDefinition/FunctionDefinition.xml $PTII/ptolemy/caltrop/demo/FunctionDefinition/FunctionDefinition
    [junit] Running .FunctionDefinition
    [junit] 43 ms. Memory: 246272K Free: 186744K (76%)
    [junit] Exported /home/travis/build/icyphy/ptII/ptolemy/caltrop/demo/FunctionDefinition/FunctionDefinition/index.html
    [junit] 4865 ms. Memory: 246272K Free: 150678K (61%)
    [junit] ####### 4 Tue Jan 29 23:07:11 UTC 2019 $PTII/bin/ptinvoke ptolemy.vergil.basic.export.ExportModel -force htm -run -openComposites -timeOut 30000 -whiteBackground ptolemy/caltrop/demo/Primes/Primes.xml $PTII/ptolemy/caltrop/demo/Primes/Primes
    [junit] Running .Primes
    [junit] 38 ms. Memory: 325120K Free: 275723K (85%)
    [junit] Exported /home/travis/build/icyphy/ptII/ptolemy/caltrop/demo/Primes/Primes/index.html
    [junit] 4454 ms. Memory: 325120K Free: 227572K (70%)
    [junit] ####### 5 Tue Jan 29 23:07:16 UTC 2019 $PTII/bin/ptinvoke ptolemy.vergil.basic.export.ExportModel -force htm -run -openComposites -timeOut 30000 -whiteBackground ptolemy/caltrop/demo/SDFDDI/SDFDDI.xml $PTII/ptolemy/caltrop/demo/SDFDDI/SDFDDI
    [junit] Running .SDFDDI
    [junit] 214 ms. Memory: 325120K Free: 100959K (31%)
    [junit] Exported /home/travis/build/icyphy/ptII/ptolemy/caltrop/demo/SDFDDI/SDFDDI/index.html
    [junit] 4698 ms. Memory: 325120K Free: 76481K (24%)
    [junit] ####### 6 Tue Jan 29 23:07:21 UTC 2019 $PTII/bin/ptinvoke ptolemy.vergil.basic.export.ExportModel -force htm -run -openComposites -timeOut 30000 -whiteBackground ptolemy/cg/adapter/generic/html/demo/HierarchicalModel/HierarchicalModel.xml $PTII/ptolemy/cg/adapter/generic/html/demo/HierarchicalModel/HierarchicalModel
    [junit] Running .HierarchicalModel
    [junit] ExportHTMLTimer went off after 30000 ms., calling getDirector().finish and getDirector().stopFire()
    [junit] 30001 ms. Memory: 838144K Free: 67828K (8%)
    [junit] Exported /home/travis/build/icyphy/ptII/ptolemy/cg/adapter/generic/html/demo/HierarchicalModel/HierarchicalModel/index.html
    [junit] 34553 ms. Memory: 864768K Free: 659394K (76%)
    [junit] ####### 7 Tue Jan 29 23:07:55 UTC 2019 $PTII/bin/ptinvoke ptolemy.vergil.basic.export.ExportModel -force htm -run -openComposites -timeOut 30000 -whiteBackground ptolemy/cg/adapter/generic/program/procedural/c/arduino/adapters/ptolemy/vergil/actor/lib/demo/Blink/Blink.xml $PTII/ptolemy/cg/adapter/generic/program/procedural/c/arduino/adapters/ptolemy/vergil/actor/lib/demo/Blink/Blink
    [junit] Running .Blink
    [junit] CompiledCompositeActor: Building shared object: The effigy ptolemy.actor.gui.PtolemyEffigy {.configuration.directory.effigy}(model : ptolemy.actor.TypedCompositeActor {.Blink}) says the model was modified and thus it does not matter if the shared object file is newer than the model file because the model file is out of date.
    [junit] CompiledCompositeActor wrote file:/home/travis/cg/ Blink_EmbeddedCodeActor.java
    [junit] In "/home/travis/cg", about to execute:
    [junit]     javac -classpath . Blink_EmbeddedCodeActor.java
    [junit] In "/home/travis/cg", about to execute:
    [junit]     rm -f Blink_EmbeddedCodeActor.h
    [junit] All Done
    [junit] Not deleting /home/travis/cg/, there might be .class files that we just generated.
    [junit] CCodeGenerator set the container? : actor.getContainer(): ptolemy.actor.TypedCompositeActor {.Blink} _isTopLevel: false generateEmbeddedCode: true
    [junit] CCodeGenerator include the container .h? : container.getContainer(): ptolemy.actor.TypedCompositeActor {.Blink} _isTopLevel: false generateEmbeddedCode: true
    [junit] 
    [junit] 
    [junit] CCodeGeneratorAdapter: appended to path /usr/lib/jvm/java-8-oracle/jre/bin/client
    [junit] Reading "ptolemy/cg/kernel/generic/program/procedural/c/jnimakefile.in",
    [junit]     writing "/home/travis/cg/Blink_EmbeddedCodeActor.mk"
    [junit] Using ptolemy/cg/kernel/generic/program/procedural/c/jnimakefile.in
    [junit] In "/home/travis/cg", about to execute:
    [junit]     make -f Blink_EmbeddedCodeActor.mk
    [junit] gcc -DPTJNI -D__int64="long long" -Wall  -std=c99 -ggdb  -I /home/travis/cg//_EmbeddedCodeActor -I"/usr/lib/jvm/java-8-oracle/include/linux" -I"/usr/lib/jvm/java-8-oracle/include" -I /home/travis/cg/commons/ -fPIC -shared -o libBlink_EmbeddedCodeActor.so ./_EmbeddedCodeActor/Blink_EmbeddedCodeActor.c ./_EmbeddedCodeActor/Blink_EmbeddedCodeActor_EmbeddedActor.c ./_EmbeddedCodeActor/Blink_EmbeddedCodeActor_SDFSchedule.c ./commons/_SDFReceiver.c ./commons/_CompositeActor.c ./commons/_AtomicActor.c ./commons/_Director.c ./commons/pblSet.c ./commons/pblHeap.c ./commons/_LocalClock.c ./commons/_SDFDirector.c ./commons/pblIterator.c ./commons/_Receiver.c ./commons/_IOPort.c ./commons/pblMap.c ./commons/_Actor.c ./commons/pblList.c ./commons/_ptTypes.c ./commons/pblCollection.c ./commons/pblPriorityQueue.c ./commons/pblhash.c ./commons/_TypedIOPort.c ./commons/pbl.c ./Blink_EmbeddedCodeActor_Main.c -lm -L"" -ljvm
    [junit] In file included from ./Blink_EmbeddedCodeActor_Main.c:21:0:
    [junit] ./Blink_EmbeddedCodeActor_Main.h:24:21: warning: ‘input’ defined but not used [-Wunused-variable]
    [junit]  static jobjectArray input;
    [junit]                      ^
    [junit] All Done
    [junit] 2683 ms. Memory: 864768K Free: 288649K (33%)
    [junit] Exported /home/travis/build/icyphy/ptII/ptolemy/cg/adapter/generic/program/procedural/c/arduino/adapters/ptolemy/vergil/actor/lib/demo/Blink/Blink/index.html
    [junit] 7038 ms. Memory: 864768K Free: 230387K (27%)
    [junit] ####### 8 Tue Jan 29 23:08:02 UTC 2019 $PTII/bin/ptinvoke ptolemy.vergil.basic.export.ExportModel -force htm -run -openComposites -timeOut 30000 -whiteBackground ptolemy/cg/adapter/generic/program/procedural/c/arduino/adapters/ptolemy/vergil/actor/lib/demo/Life/Life.xml $PTII/ptolemy/cg/adapter/generic/program/procedural/c/arduino/adapters/ptolemy/vergil/actor/lib/demo/Life/Life
    [junit] Running .Life
    [junit] 4098 ms. Memory: 867840K Free: 772471K (89%)
    [junit] Exported /home/travis/build/icyphy/ptII/ptolemy/cg/adapter/generic/program/procedural/c/arduino/adapters/ptolemy/vergil/actor/lib/demo/Life/Life/index.html
    [junit] 10347 ms. Memory: 867840K Free: 314276K (36%)
    [junit] ####### 9 Tue Jan 29 23:08:13 UTC 2019 $PTII/bin/ptinvoke ptolemy.vergil.basic.export.ExportModel -force htm  -openComposites -timeOut 30000 -whiteBackground ptolemy/cg/adapter/generic/program/procedural/c/arduino/adapters/ptolemy/vergil/actor/lib/demo/Ultrasonic/Ultrasonic.xml $PTII/ptolemy/cg/adapter/generic/program/procedural/c/arduino/adapters/ptolemy/vergil/actor/lib/demo/Ultrasonic/Ultrasonic
    [junit] Warning: not running ptolemy/cg/adapter/generic/program/procedural/c/arduino/adapters/ptolemy/vergil/actor/lib/demo/Ultrasonic/Ultrasonic.xml. See ptolemy/vergil/basic/export/test/junit/ExportModelJUnitTest.java
    [junit] Exported /home/travis/build/icyphy/ptII/ptolemy/cg/adapter/generic/program/procedural/c/arduino/adapters/ptolemy/vergil/actor/lib/demo/Ultrasonic/Ultrasonic/index.html
    [junit] 3284 ms. Memory: 867840K Free: 79571K (9%)
    [junit] ####### 10 Tue Jan 29 23:08:16 UTC 2019 $PTII/bin/ptinvoke ptolemy.vergil.basic.export.ExportModel -force htm -run -openComposites -timeOut 30000 -whiteBackground ptolemy/cg/kernel/generic/accessor/demo/TestComposite/TestComposite.xml $PTII/ptolemy/cg/kernel/generic/accessor/demo/TestComposite/TestComposite
    [junit] JSAccessor: PT_NO_NET environment variable is set, so git pull and ptdoc are not being run.
    [junit] Running .TestComposite
    [junit] 2649 ms. Memory: 894464K Free: 54691K (6%)
    [junit] Exported /home/travis/build/icyphy/ptII/ptolemy/cg/kernel/generic/accessor/demo/TestComposite/TestComposite/index.html
    [junit] 11027 ms. Memory: 962048K Free: 897372K (93%)
    [junit] ####### 11 Tue Jan 29 23:08:27 UTC 2019 $PTII/bin/ptinvoke ptolemy.vergil.basic.export.ExportModel -force htm -run -openComposites -timeOut 30000 -whiteBackground ptolemy/cg/lib/demo/CompiledCompositeActor/CompiledCompositeActor.xml $PTII/ptolemy/cg/lib/demo/CompiledCompositeActor/CompiledCompositeActor
    [junit] Running .CompiledCompositeActor
    [junit] CompiledCompositeActor: Building shared object: The sharedObjectFile has a modification time that is earlier than the modelFile modification time.
    [junit] Writing CompiledCompositeActor_CompiledCompositeActor.java in file:/home/travis/cg/ (13466 characters)
    [junit] Reading "ptolemy/cg/kernel/generic/program/procedural/java/makefile.in",
    [junit]     writing "/home/travis/cg/CompiledCompositeActor_CompiledCompositeActor.mk"
    [junit] Using ptolemy/cg/kernel/generic/program/procedural/java/makefile.in
    [junit] In "/home/travis/cg", about to execute:
    [junit]     make -f CompiledCompositeActor_CompiledCompositeActor.mk
    [junit] javac -classpath ".:."    CompiledCompositeActor_CompiledCompositeActor.java
    [junit] All Done
    [junit] 1187 ms. Memory: 962048K Free: 753789K (78%)
    [junit] Exported /home/travis/build/icyphy/ptII/ptolemy/cg/lib/demo/CompiledCompositeActor/CompiledCompositeActor/index.html
    [junit] 5536 ms. Memory: 962048K Free: 672725K (70%)
    [junit] ####### 12 Tue Jan 29 23:08:32 UTC 2019 $PTII/bin/ptinvoke ptolemy.vergil.basic.export.ExportModel -force htm  -openComposites -timeOut 30000 -whiteBackground ptolemy/cg/lib/demo/DECG/DECG.xml $PTII/ptolemy/cg/lib/demo/DECG/DECG
    [junit] Warning: not running ptolemy/cg/lib/demo/DECG/DECG.xml. See ptolemy/vergil/basic/export/test/junit/ExportModelJUnitTest.java
    [junit] Exported /home/travis/build/icyphy/ptII/ptolemy/cg/lib/demo/DECG/DECG/index.html
    [junit] 3194 ms. Memory: 962048K Free: 538533K (56%)
    [junit] ####### 13 Tue Jan 29 23:08:36 UTC 2019 $PTII/bin/ptinvoke ptolemy.vergil.basic.export.ExportModel -force htm -run -openComposites -timeOut 30000 -whiteBackground ptolemy/cg/lib/demo/DECG/DECGClockRamp.xml $PTII/ptolemy/cg/lib/demo/DECG/DECGClockRamp
    [junit] Running .DECGClockRamp
    [junit] 29 ms. Memory: 962048K Free: 403611K (42%)
    [junit] Exported /home/travis/build/icyphy/ptII/ptolemy/cg/lib/demo/DECG/DECGClockRamp/index.html
    [junit] 4319 ms. Memory: 962048K Free: 373636K (39%)
    [junit] ####### 14 Tue Jan 29 23:08:40 UTC 2019 $PTII/bin/ptinvoke ptolemy.vergil.basic.export.ExportModel -force htm -run -openComposites -timeOut 30000 -whiteBackground ptolemy/cg/lib/demo/DECG/DECGDelay.xml $PTII/ptolemy/cg/lib/demo/DECG/DECGDelay
    [junit] Running .DECGDelay
    [junit] 25 ms. Memory: 962048K Free: 246879K (26%)
    [junit] Exported /home/travis/build/icyphy/ptII/ptolemy/cg/lib/demo/DECG/DECGDelay/index.html
    [junit] 4348 ms. Memory: 962048K Free: 218241K (23%)
    [junit] ####### 15 Tue Jan 29 23:08:44 UTC 2019 $PTII/bin/ptinvoke ptolemy.vergil.basic.export.ExportModel -force htm -run -openComposites -timeOut 30000 -whiteBackground ptolemy/cg/lib/demo/DECG/DECGHelloWorld.xml $PTII/ptolemy/cg/lib/demo/DECG/DECGHelloWorld
    [junit] Running .DECGHelloWorld
    [junit] 13 ms. Memory: 1053184K Free: 978268K (93%)
    [junit] Exported /home/travis/build/icyphy/ptII/ptolemy/cg/lib/demo/DECG/DECGHelloWorld/index.html
    [junit] 4316 ms. Memory: 1053184K Free: 946303K (90%)
    [junit] ####### 16 Tue Jan 29 23:08:49 UTC 2019 $PTII/bin/ptinvoke ptolemy.vergil.basic.export.ExportModel -force htm -run -openComposites -timeOut 30000 -whiteBackground ptolemy/cg/lib/demo/DECG/DECGHeterogeneous.xml $PTII/ptolemy/cg/lib/demo/DECG/DECGHeterogeneous
    [junit] Running .DECGHeterogeneous
    [junit] 85 ms. Memory: 1053184K Free: 719927K (68%)
    [junit] Exported /home/travis/build/icyphy/ptII/ptolemy/cg/lib/demo/DECG/DECGHeterogeneous/index.html
    [junit] 4450 ms. Memory: 1053184K Free: 656982K (62%)
    [junit] ####### 17 Tue Jan 29 23:08:53 UTC 2019 $PTII/bin/ptinvoke ptolemy.vergil.basic.export.ExportModel -force htm -run -openComposites -timeOut 30000 -whiteBackground ptolemy/cg/lib/demo/DECG/DECGHeterogeneousMk2.xml $PTII/ptolemy/cg/lib/demo/DECG/DECGHeterogeneousMk2
    [junit] Running .DECGHeterogeneousMk2
    [junit] 88 ms. Memory: 1053184K Free: 466319K (44%)
    [junit] Exported /home/travis/build/icyphy/ptII/ptolemy/cg/lib/demo/DECG/DECGHeterogeneousMk2/index.html
    [junit] 4887 ms. Memory: 1052160K Free: 990248K (94%)
    [junit] ####### 18 Tue Jan 29 23:08:58 UTC 2019 $PTII/bin/ptinvoke ptolemy.vergil.basic.export.ExportModel -force htm -run -openComposites -timeOut 30000 -whiteBackground ptolemy/cg/lib/demo/DECG/DECGMath.xml $PTII/ptolemy/cg/lib/demo/DECG/DECGMath
    [junit] Running .DECGMath
    [junit] 33 ms. Memory: 1052160K Free: 840092K (80%)
    [junit] Exported /home/travis/build/icyphy/ptII/ptolemy/cg/lib/demo/DECG/DECGMath/index.html
    [junit] 4277 ms. Memory: 1052160K Free: 793385K (75%)
    [junit] ####### 19 Tue Jan 29 23:09:02 UTC 2019 $PTII/bin/ptinvoke ptolemy.vergil.basic.export.ExportModel -force htm -run -openComposites -timeOut 30000 -whiteBackground ptolemy/cg/lib/demo/DECG/DECGPi.xml $PTII/ptolemy/cg/lib/demo/DECG/DECGPi
    [junit] Running .DECGPi
    [junit] 92 ms. Memory: 1052160K Free: 576786K (55%)
    [junit] Exported /home/travis/build/icyphy/ptII/ptolemy/cg/lib/demo/DECG/DECGPi/index.html
    [junit] 4408 ms. Memory: 1052160K Free: 515218K (49%)
    [junit] ####### 20 Tue Jan 29 23:09:07 UTC 2019 $PTII/bin/ptinvoke ptolemy.vergil.basic.export.ExportModel -force htm -run -openComposites -timeOut 30000 -whiteBackground ptolemy/cg/lib/demo/DECG/DECGPiSquare.xml $PTII/ptolemy/cg/lib/demo/DECG/DECGPiSquare
    [junit] Running .DECGPiSquare
    [junit] 163 ms. Memory: 1052160K Free: 301706K (29%)
    [junit] Exported /home/travis/build/icyphy/ptII/ptolemy/cg/lib/demo/DECG/DECGPiSquare/index.html
    [junit] 4396 ms. Memory: 1052160K Free: 254728K (24%)
    [junit] ####### 21 Tue Jan 29 23:09:11 UTC 2019 $PTII/bin/ptinvoke ptolemy.vergil.basic.export.ExportModel -force htm -run -openComposites -timeOut 30000 -whiteBackground ptolemy/cg/lib/demo/DECG/DECGPoisson.xml $PTII/ptolemy/cg/lib/demo/DECG/DECGPoisson
    [junit] Running .DECGPoisson
    [junit] 14 ms. Memory: 1052160K Free: 124419K (12%)
    [junit] Exported /home/travis/build/icyphy/ptII/ptolemy/cg/lib/demo/DECG/DECGPoisson/index.html
    [junit] 4248 ms. Memory: 1098752K Free: 1024423K (93%)
    [junit] ####### 22 Tue Jan 29 23:09:15 UTC 2019 $PTII/bin/ptinvoke ptolemy.vergil.basic.export.ExportModel -force htm  -openComposites -timeOut 30000 -whiteBackground ptolemy/cg/lib/demo/ModularCG/ModularCG.xml $PTII/ptolemy/cg/lib/demo/ModularCG/ModularCG
    [junit] Warning: not running ptolemy/cg/lib/demo/ModularCG/ModularCG.xml. See ptolemy/vergil/basic/export/test/junit/ExportModelJUnitTest.java
    [junit] Exported /home/travis/build/icyphy/ptII/ptolemy/cg/lib/demo/ModularCG/ModularCG/index.html
    [junit] 5287 ms. Memory: 1182208K Free: 809023K (68%)
    [junit] ####### 23 Tue Jan 29 23:09:21 UTC 2019 $PTII/bin/ptinvoke ptolemy.vergil.basic.export.ExportModel -force htm -run -openComposites -timeOut 30000 -whiteBackground ptolemy/cg/lib/demo/ModularCGPubSub/ModularCGPubSub.xml $PTII/ptolemy/cg/lib/demo/ModularCGPubSub/ModularCGPubSub
    [junit] Running .ModularCGPubSub
    [junit] In "/home/travis/cg", about to execute:
    [junit]     pwd
    [junit] /home/travis/cg
    [junit] In "/home/travis/cg", about to execute:
    [junit]     ls -l
    [junit] In "/home/travis/cg", about to execute:
    [junit]     javac -classpath
    [junit] .:/home/travis/build/icyphy/ptII:/home/travis/build/icyphy/ptII/lib/bsh-2.0b4.j
    [junit] ar:/home/travis/build/icyphy/ptII/lib/ptCal.jar:/home/travis/build/icyphy/ptII/
    [junit] lib/java_cup.jar:/home/travis/build/icyphy/ptII/lib/saxon8.jar:/home/travis/bui
    [junit] ld/icyphy/ptII/lib/saxon8-dom.jar:/home/travis/build/icyphy/ptII/lib/chic.jar:/
    [junit] home/travis/build/icyphy/ptII/lib/ptcolt.jar:/usr/lib/jvm/java-8-oracle/lib/too
    [junit] ls.jar:/home/travis/build/icyphy/ptII/vendors/misc/itext/iText.jar:/home/travis
    [junit] /build/icyphy/ptII/lib/g4ltl.jar:/home/travis/build/icyphy/ptII/lib/StructuralC
    [junit] oder.jar:/home/travis/build/icyphy/ptII/vendors/jai-1_1_2_01/lib/jai_core.jar:/
    [junit] home/travis/build/icyphy/ptII/vendors/jai-1_1_2_01/lib/jai_codec.jar:/home/trav
    [junit] is/build/icyphy/ptII/lib/jcerti.jar:/home/travis/build/icyphy/ptII/lib/javax.ma
    [junit] il.jar:/home/travis/build/icyphy/ptII/vendors/JMF-2.1.1e/lib/jmf.jar:/home/trav
    [junit] is/build/icyphy/ptII/lib/jna-4.0.0-variadic.jar:/home/travis/build/icyphy/ptII/
    [junit] vendors/misc/joystick/Joystick.jar:/home/travis/build/icyphy/ptII/lib/ptjacl.ja
    [junit] r:/home/travis/build/icyphy/ptII/lib/jsoup-1.8.2.jar:/home/travis/build/icyphy/
    [junit] ptII/lib/junit-4.8.2.jar:/home/travis/build/icyphy/ptII/lib/JUnitParams-0.4.0.j
    [junit] ar:/home/travis/build/icyphy/ptII/ptolemy/actor/lib/excel/jxl.jar:/home/travis/
    [junit] build/icyphy/ptII/lib/jython.jar:/home/travis/build/icyphy/ptII/lib/kieler.jar:
    [junit] /home/travis/build/icyphy/ptII/vendors/opencv/share/OpenCV/java/opencv-341.jar:
    [junit] /home/travis/build/icyphy/ptII/lib/oscP5.jar:/home/travis/build/icyphy/ptII/lib
    [junit] /nrjavaserial-3.11.0.devel.jar:/home/travis/build/icyphy/ptII/vendors/j3d/lib/j
    [junit] 3dcore.jar:/home/travis/build/icyphy/ptII/vendors/j3d/lib/j3dutils.jar:/home/tr
    [junit] avis/build/icyphy/ptII/vendors/j3d/lib/vecmath.jar:/home/travis/build/icyphy/pt
    [junit] II/ptolemy/distributed/jini/jar/jini-core.jar:/home/travis/build/icyphy/ptII/pt
    [junit] olemy/distributed/jini/jar/jini-ext.jar:/home/travis/build/icyphy/ptII/ptolemy/
    [junit] distributed/jini/jar/sun-util.jar:/home/travis/build/icyphy/ptII/lib/protobuf-j
    [junit] ava-2.4.1.jar:/home/travis/build/icyphy/ptII/lib/org.eclipse.paho.client.mqttv3
    [junit] .jar:/home/travis/build/icyphy/ptII/lib/mapss.jar:/home/travis/build/icyphy/ptI
    [junit] I/ptolemy/actor/ptalon/antlr/antlr.jar:/home/travis/build/icyphy/ptII/lib/JRI.j
    [junit] ar:/home/travis/build/icyphy/ptII/lib/commons-lang-2.6.jar:/home/travis/build/i
    [junit] cyphy/ptII/lib/commons-logging-1.1.1.jar:/home/travis/build/icyphy/ptII/lib/soo
    [junit] tclasses.jar:/home/travis/build/icyphy/ptII/ptolemy/actor/lib/database/mysql-co
    [junit] nnector-java-5.1.6-bin.jar:/home/travis/build/icyphy/ptII/vendors/misc/sphinx4/
    [junit] sphinx4-data-5prealpha.jar:/home/travis/build/icyphy/ptII/vendors/misc/sphinx4/
    [junit] sphinx4-core-5prealpha.jar:/home/travis/build/icyphy/ptII/lib/PDFRenderer.jar:/
    [junit] home/travis/build/icyphy/ptII/lib/svgSalamander.jar:/home/travis/build/icyphy/p
    [junit] tII/lib/rsyntaxtextarea-2.6.0-SNAPSHOT.jar:/home/travis/build/icyphy/ptII/lib/h
    [junit] azelcast-3.8.2.jar:/home/travis/build/icyphy/ptII/lib/jackson-annotations-2.9.0
    [junit] .jar:/home/travis/build/icyphy/ptII/lib/jackson-core-2.9.3.jar:/home/travis/bui
    [junit] ld/icyphy/ptII/lib/jackson-databind-2.9.3.jar:/home/travis/build/icyphy/ptII/li
    [junit] b/netty-buffer-4.1.19.Final.jar:/home/travis/build/icyphy/ptII/lib/netty-codec-
    [junit] 4.1.19.Final.jar:/home/travis/build/icyphy/ptII/lib/netty-codec-dns-4.1.19.Fina
    [junit] l.jar:/home/travis/build/icyphy/ptII/lib/netty-codec-http-4.1.19.Final.jar:/hom
    [junit] e/travis/build/icyphy/ptII/lib/netty-codec-http2-4.1.19.Final.jar:/home/travis/
    [junit] build/icyphy/ptII/lib/netty-common-4.1.19.Final.jar:/home/travis/build/icyphy/p
    [junit] tII/lib/netty-handler-4.1.19.Final.jar:/home/travis/build/icyphy/ptII/lib/netty
    [junit] -resolver-4.1.19.Final.jar:/home/travis/build/icyphy/ptII/lib/netty-resolver-dn
    [junit] s-4.1.19.Final.jar:/home/travis/build/icyphy/ptII/lib/netty-transport-4.1.19.Fi
    [junit] nal.jar:/home/travis/build/icyphy/ptII/lib/vertx-codegen-3.5.1.jar:/home/travis
    [junit] /build/icyphy/ptII/lib/vertx-core-3.5.2-SNAPSHOT.jar:/home/travis/build/icyphy/
    [junit] ptII/lib/vertx-hazelcast-3.5.1.jar:/home/travis/build/icyphy/ptII/lib/vertx-lan
    [junit] g-js-3.5.1.jar:/home/travis/build/icyphy/ptII/lib/vertx-service-proxy-3.5.1.jar
    [junit] :/home/travis/build/icyphy/ptII/lib/vertx-web-3.5.1.jar:/home/travis/build/icyp
    [junit] hy/ptII/lib/slf4j-api-1.7.13.jar:/home/travis/build/icyphy/ptII/lib/slf4j-simpl
    [junit] e-1.7.13.jar:/home/travis/build/icyphy/ptII/lib/webcam-capture-0.3.12.jar:/home
    [junit] /travis/build/icyphy/ptII/lib/bridj-0.7.0.jar:/home/travis/build/icyphy/ptII/li
    [junit] b/xbjlib-1.1.0.nrjavaserial.jar:/home/travis/build/icyphy/ptII/ptolemy/moml/tes
    [junit] t:/home/travis/build/icyphy/ptII/ant/lib/ant-launcher.jar:/home/travis/build/ic
    [junit] yphy/ptII/ant/lib/ant.jar:/home/travis/build/icyphy/ptII/ant/lib/ant-junit.jar:
    [junit] /home/travis/build/icyphy/ptII/ant/lib/ant-junit4.jar:/home/travis/build/icyphy
    [junit] /ptII ModularCGPubSub_A1_A2_profile.java
    [junit] total 396
    [junit] -rw-rw-r-- 1 travis travis    476 Jan 29 23:07 Blink_EmbeddedCodeActor.class
    [junit] -rw-rw-r-- 1 travis travis    270 Jan 29 23:07 Blink_EmbeddedCodeActor.java
    [junit] -rw-rw-r-- 1 travis travis   2870 Jan 29 23:07 Blink_EmbeddedCodeActor_Main.c
    [junit] -rw-rw-r-- 1 travis travis   1596 Jan 29 23:07 Blink_EmbeddedCodeActor_Main.h
    [junit] -rw-rw-r-- 1 travis travis   1793 Jan 29 23:07 Blink_EmbeddedCodeActor.mk
    [junit] drwxrwxr-x 2 travis travis   4096 Jan 29 23:07 commons
    [junit] -rw-rw-r-- 1 travis travis   4895 Jan 29 23:08 CompiledCompositeActor_CompiledCompositeActor.class
    [junit] -rw-rw-r-- 1 travis travis   1592 Jan 29 23:08 CompiledCompositeActor_CompiledCompositeActor$_CompiledCompositeActor_CompiledCompositeActor.class
    [junit] -rw-rw-r-- 1 travis travis  13466 Jan 29 23:08 CompiledCompositeActor_CompiledCompositeActor.java
    [junit] -rw-rw-r-- 1 travis travis   1593 Jan 29 23:08 CompiledCompositeActor_CompiledCompositeActor.mk
    [junit] drwxrwxr-x 2 travis travis   4096 Jan 29 23:07 _EmbeddedCodeActor
    [junit] -rwxrwxr-x 1 travis travis 328528 Jan 29 23:07 libBlink_EmbeddedCodeActor.so
    [junit] -rw-rw-r-- 1 travis travis   1222 Jan 29 23:09 ModularCGPubSub_A1_A2_profile.java
    [junit] -rw-rw-r-- 1 travis travis    432 Jan 29 23:08 Token.class
    [junit] -rw-rw-r-- 1 travis travis    251 Jan 29 23:08 Token.java
    [junit] All Done
    [junit] Writing ModularCGPubSub_A1_A2.java in file:/home/travis/cg/ (9076 characters)
    [junit] Reading "ptolemy/cg/kernel/generic/program/procedural/java/modular/makefile.in",
    [junit]     writing "/home/travis/cg/ModularCGPubSub_A1_A2.mk"
    [junit] Using ptolemy/cg/kernel/generic/program/procedural/java/modular/makefile.in
    [junit] In "/home/travis/cg", about to execute:
    [junit]     make -f ModularCGPubSub_A1_A2.mk
    [junit] javac -classpath ".:.."    ModularCGPubSub_A1_A2.java
    [junit] All Done
    [junit] In "/home/travis/cg", about to execute:
    [junit]     pwd
    [junit] /home/travis/cg
    [junit] In "/home/travis/cg", about to execute:
    [junit]     ls -l
    [junit] In "/home/travis/cg", about to execute:
    [junit]     javac -classpath
    [junit] .:/home/travis/build/icyphy/ptII:/home/travis/build/icyphy/ptII/lib/bsh-2.0b4.j
    [junit] ar:/home/travis/build/icyphy/ptII/lib/ptCal.jar:/home/travis/build/icyphy/ptII/
    [junit] lib/java_cup.jar:/home/travis/build/icyphy/ptII/lib/saxon8.jar:/home/travis/bui
    [junit] ld/icyphy/ptII/lib/saxon8-dom.jar:/home/travis/build/icyphy/ptII/lib/chic.jar:/
    [junit] home/travis/build/icyphy/ptII/lib/ptcolt.jar:/usr/lib/jvm/java-8-oracle/lib/too
    [junit] ls.jar:/home/travis/build/icyphy/ptII/vendors/misc/itext/iText.jar:/home/travis
    [junit] /build/icyphy/ptII/lib/g4ltl.jar:/home/travis/build/icyphy/ptII/lib/StructuralC
    [junit] oder.jar:/home/travis/build/icyphy/ptII/vendors/jai-1_1_2_01/lib/jai_core.jar:/
    [junit] home/travis/build/icyphy/ptII/vendors/jai-1_1_2_01/lib/jai_codec.jar:/home/trav
    [junit] is/build/icyphy/ptII/lib/jcerti.jar:/home/travis/build/icyphy/ptII/lib/javax.ma
    [junit] il.jar:/home/travis/build/icyphy/ptII/vendors/JMF-2.1.1e/lib/jmf.jar:/home/trav
    [junit] is/build/icyphy/ptII/lib/jna-4.0.0-variadic.jar:/home/travis/build/icyphy/ptII/
    [junit] vendors/misc/joystick/Joystick.jar:/home/travis/build/icyphy/ptII/lib/ptjacl.ja
    [junit] r:/home/travis/build/icyphy/ptII/lib/jsoup-1.8.2.jar:/home/travis/build/icyphy/
    [junit] ptII/lib/junit-4.8.2.jar:/home/travis/build/icyphy/ptII/lib/JUnitParams-0.4.0.j
    [junit] ar:/home/travis/build/icyphy/ptII/ptolemy/actor/lib/excel/jxl.jar:/home/travis/
    [junit] build/icyphy/ptII/lib/jython.jar:/home/travis/build/icyphy/ptII/lib/kieler.jar:
    [junit] /home/travis/build/icyphy/ptII/vendors/opencv/share/OpenCV/java/opencv-341.jar:
    [junit] /home/travis/build/icyphy/ptII/lib/oscP5.jar:/home/travis/build/icyphy/ptII/lib
    [junit] /nrjavaserial-3.11.0.devel.jar:/home/travis/build/icyphy/ptII/vendors/j3d/lib/j
    [junit] 3dcore.jar:/home/travis/build/icyphy/ptII/vendors/j3d/lib/j3dutils.jar:/home/tr
    [junit] avis/build/icyphy/ptII/vendors/j3d/lib/vecmath.jar:/home/travis/build/icyphy/pt
    [junit] II/ptolemy/distributed/jini/jar/jini-core.jar:/home/travis/build/icyphy/ptII/pt
    [junit] olemy/distributed/jini/jar/jini-ext.jar:/home/travis/build/icyphy/ptII/ptolemy/
    [junit] distributed/jini/jar/sun-util.jar:/home/travis/build/icyphy/ptII/lib/protobuf-j
    [junit] ava-2.4.1.jar:/home/travis/build/icyphy/ptII/lib/org.eclipse.paho.client.mqttv3
    [junit] .jar:/home/travis/build/icyphy/ptII/lib/mapss.jar:/home/travis/build/icyphy/ptI
    [junit] I/ptolemy/actor/ptalon/antlr/antlr.jar:/home/travis/build/icyphy/ptII/lib/JRI.j
    [junit] ar:/home/travis/build/icyphy/ptII/lib/commons-lang-2.6.jar:/home/travis/build/i
    [junit] cyphy/ptII/lib/commons-logging-1.1.1.jar:/home/travis/build/icyphy/ptII/lib/soo
    [junit] tclasses.jar:/home/travis/build/icyphy/ptII/ptolemy/actor/lib/database/mysql-co
    [junit] nnector-java-5.1.6-bin.jar:/home/travis/build/icyphy/ptII/vendors/misc/sphinx4/
    [junit] sphinx4-data-5prealpha.jar:/home/travis/build/icyphy/ptII/vendors/misc/sphinx4/
    [junit] sphinx4-core-5prealpha.jar:/home/travis/build/icyphy/ptII/lib/PDFRenderer.jar:/
    [junit] home/travis/build/icyphy/ptII/lib/svgSalamander.jar:/home/travis/build/icyphy/p
    [junit] tII/lib/rsyntaxtextarea-2.6.0-SNAPSHOT.jar:/home/travis/build/icyphy/ptII/lib/h
    [junit] azelcast-3.8.2.jar:/home/travis/build/icyphy/ptII/lib/jackson-annotations-2.9.0
    [junit] .jar:/home/travis/build/icyphy/ptII/lib/jackson-core-2.9.3.jar:/home/travis/bui
    [junit] ld/icyphy/ptII/lib/jackson-databind-2.9.3.jar:/home/travis/build/icyphy/ptII/li
    [junit] b/netty-buffer-4.1.19.Final.jar:/home/travis/build/icyphy/ptII/lib/netty-codec-
    [junit] 4.1.19.Final.jar:/home/travis/build/icyphy/ptII/lib/netty-codec-dns-4.1.19.Fina
    [junit] l.jar:/home/travis/build/icyphy/ptII/lib/netty-codec-http-4.1.19.Final.jar:/hom
    [junit] e/travis/build/icyphy/ptII/lib/netty-codec-http2-4.1.19.Final.jar:/home/travis/
    [junit] build/icyphy/ptII/lib/netty-common-4.1.19.Final.jar:/home/travis/build/icyphy/p
    [junit] tII/lib/netty-handler-4.1.19.Final.jar:/home/travis/build/icyphy/ptII/lib/netty
    [junit] -resolver-4.1.19.Final.jar:/home/travis/build/icyphy/ptII/lib/netty-resolver-dn
    [junit] s-4.1.19.Final.jar:/home/travis/build/icyphy/ptII/lib/netty-transport-4.1.19.Fi
    [junit] nal.jar:/home/travis/build/icyphy/ptII/lib/vertx-codegen-3.5.1.jar:/home/travis
    [junit] /build/icyphy/ptII/lib/vertx-core-3.5.2-SNAPSHOT.jar:/home/travis/build/icyphy/
    [junit] ptII/lib/vertx-hazelcast-3.5.1.jar:/home/travis/build/icyphy/ptII/lib/vertx-lan
    [junit] g-js-3.5.1.jar:/home/travis/build/icyphy/ptII/lib/vertx-service-proxy-3.5.1.jar
    [junit] :/home/travis/build/icyphy/ptII/lib/vertx-web-3.5.1.jar:/home/travis/build/icyp
    [junit] hy/ptII/lib/slf4j-api-1.7.13.jar:/home/travis/build/icyphy/ptII/lib/slf4j-simpl
    [junit] e-1.7.13.jar:/home/travis/build/icyphy/ptII/lib/webcam-capture-0.3.12.jar:/home
    [junit] /travis/build/icyphy/ptII/lib/bridj-0.7.0.jar:/home/travis/build/icyphy/ptII/li
    [junit] b/xbjlib-1.1.0.nrjavaserial.jar:/home/travis/build/icyphy/ptII/ptolemy/moml/tes
    [junit] t:/home/travis/build/icyphy/ptII/ant/lib/ant-launcher.jar:/home/travis/build/ic
    [junit] yphy/ptII/ant/lib/ant.jar:/home/travis/build/icyphy/ptII/ant/lib/ant-junit.jar:
    [junit] /home/travis/build/icyphy/ptII/ant/lib/ant-junit4.jar:/home/travis/build/icyphy
    [junit] /ptII ModularCGPubSub_A1_profile.java
    [junit] total 424
    [junit] -rw-rw-r-- 1 travis travis    476 Jan 29 23:07 Blink_EmbeddedCodeActor.class
    [junit] -rw-rw-r-- 1 travis travis    270 Jan 29 23:07 Blink_EmbeddedCodeActor.java
    [junit] -rw-rw-r-- 1 travis travis   2870 Jan 29 23:07 Blink_EmbeddedCodeActor_Main.c
    [junit] -rw-rw-r-- 1 travis travis   1596 Jan 29 23:07 Blink_EmbeddedCodeActor_Main.h
    [junit] -rw-rw-r-- 1 travis travis   1793 Jan 29 23:07 Blink_EmbeddedCodeActor.mk
    [junit] drwxrwxr-x 2 travis travis   4096 Jan 29 23:07 commons
    [junit] -rw-rw-r-- 1 travis travis   4895 Jan 29 23:08 CompiledCompositeActor_CompiledCompositeActor.class
    [junit] -rw-rw-r-- 1 travis travis   1592 Jan 29 23:08 CompiledCompositeActor_CompiledCompositeActor$_CompiledCompositeActor_CompiledCompositeActor.class
    [junit] -rw-rw-r-- 1 travis travis  13466 Jan 29 23:08 CompiledCompositeActor_CompiledCompositeActor.java
    [junit] -rw-rw-r-- 1 travis travis   1593 Jan 29 23:08 CompiledCompositeActor_CompiledCompositeActor.mk
    [junit] drwxrwxr-x 2 travis travis   4096 Jan 29 23:07 _EmbeddedCodeActor
    [junit] -rwxrwxr-x 1 travis travis 328528 Jan 29 23:07 libBlink_EmbeddedCodeActor.so
    [junit] -rw-rw-r-- 1 travis travis   3473 Jan 29 23:09 ModularCGPubSub_A1_A2.class
    [junit] -rw-rw-r-- 1 travis travis   9076 Jan 29 23:09 ModularCGPubSub_A1_A2.java
    [junit] -rw-rw-r-- 1 travis travis    880 Jan 29 23:09 ModularCGPubSub_A1_A2.mk
    [junit] -rw-rw-r-- 1 travis travis   1300 Jan 29 23:09 ModularCGPubSub_A1_A2_profile.class
    [junit] -rw-rw-r-- 1 travis travis   1222 Jan 29 23:09 ModularCGPubSub_A1_A2_profile.java
    [junit] -rw-rw-r-- 1 travis travis   1388 Jan 29 23:09 ModularCGPubSub_A1_profile.java
    [junit] -rw-rw-r-- 1 travis travis    432 Jan 29 23:09 Token.class
    [junit] -rw-rw-r-- 1 travis travis    251 Jan 29 23:09 Token.java
    [junit] All Done
    [junit] Writing ModularCGPubSub_A1.java in file:/home/travis/cg/ (9836 characters)
    [junit] Reading "ptolemy/cg/kernel/generic/program/procedural/java/modular/makefile.in",
    [junit]     writing "/home/travis/cg/ModularCGPubSub_A1.mk"
    [junit] Using ptolemy/cg/kernel/generic/program/procedural/java/modular/makefile.in
    [junit] In "/home/travis/cg", about to execute:
    [junit]     make -f ModularCGPubSub_A1.mk
    [junit] javac -classpath ".:.."    ModularCGPubSub_A1.java
    [junit] All Done
    [junit] 4388 ms. Memory: 1297920K Free: 628361K (48%)
    [junit] Exported /home/travis/build/icyphy/ptII/ptolemy/cg/lib/demo/ModularCGPubSub/ModularCGPubSub/index.html
    [junit] 10863 ms. Memory: 1297408K Free: 866710K (67%)
    [junit] ####### 24 Tue Jan 29 23:09:31 UTC 2019 $PTII/bin/ptinvoke ptolemy.vergil.basic.export.ExportModel -force htm  -openComposites -timeOut 30000 -whiteBackground ptolemy/cg/lib/demo/Scale/Scale.xml $PTII/ptolemy/cg/lib/demo/Scale/Scale
    [junit] Warning: not running ptolemy/cg/lib/demo/Scale/Scale.xml. See ptolemy/vergil/basic/export/test/junit/ExportModelJUnitTest.java
    [junit] Exported /home/travis/build/icyphy/ptII/ptolemy/cg/lib/demo/Scale/Scale/index.html
    [junit] 3154 ms. Memory: 1297408K Free: 738430K (57%)
    [junit] ####### 25 Tue Jan 29 23:09:35 UTC 2019 $PTII/bin/ptinvoke ptolemy.vergil.basic.export.ExportModel -force htm  -openComposites -timeOut 30000 -whiteBackground ptolemy/cg/lib/demo/Scale/ScaleC.xml $PTII/ptolemy/cg/lib/demo/Scale/ScaleC
    [junit] Warning: not running ptolemy/cg/lib/demo/Scale/ScaleC.xml. See ptolemy/vergil/basic/export/test/junit/ExportModelJUnitTest.java
    [junit] Exported /home/travis/build/icyphy/ptII/ptolemy/cg/lib/demo/Scale/ScaleC/index.html
    [junit] 3202 ms. Memory: 1297408K Free: 602340K (46%)
    [junit] ####### 26 Tue Jan 29 23:09:38 UTC 2019 $PTII/bin/ptinvoke ptolemy.vergil.basic.export.ExportModel -force htm -run -openComposites -timeOut 30000 -whiteBackground ptolemy/cg/lib/demo/Scale/ScaleCFlat.xml $PTII/ptolemy/cg/lib/demo/Scale/ScaleCFlat
    [junit] Running .ScaleCFlat
    [junit] 72 ms. Memory: 1297408K Free: 411511K (32%)
    [junit] Exported /home/travis/build/icyphy/ptII/ptolemy/cg/lib/demo/Scale/ScaleCFlat/index.html
    [junit] 4291 ms. Memory: 1297408K Free: 383675K (30%)
    [junit] ####### 27 Tue Jan 29 23:09:42 UTC 2019 $PTII/bin/ptinvoke ptolemy.vergil.basic.export.ExportModel -force htm -run -openComposites -timeOut 30000 -whiteBackground ptolemy/cg/lib/demo/Scale/ScaleJava.xml $PTII/ptolemy/cg/lib/demo/Scale/ScaleJava
    [junit] Running .ScaleJava
    [junit] CompiledCompositeActor: Building shared object: The sharedObjectFile has a modification time that is earlier than the modelFile modification time.
    [junit] Writing ScaleJava_EmbeddedActor.java in file:/home/travis/cg/ (9330 characters)
    [junit] Reading "ptolemy/cg/kernel/generic/program/procedural/java/makefile.in",
    [junit]     writing "/home/travis/cg/ScaleJava_EmbeddedActor.mk"
    [junit] Using ptolemy/cg/kernel/generic/program/procedural/java/makefile.in
    [junit] In "/home/travis/cg", about to execute:
    [junit]     make -f ScaleJava_EmbeddedActor.mk
    [junit] javac -classpath ".:."    ScaleJava_EmbeddedActor.java
    [junit] All Done
    [junit] 1184 ms. Memory: 1297408K Free: 236977K (18%)
    [junit] Exported /home/travis/build/icyphy/ptII/ptolemy/cg/lib/demo/Scale/ScaleJava/index.html
    [junit] 5354 ms. Memory: 1297408K Free: 209116K (16%)
    [junit] ####### 28 Tue Jan 29 23:09:47 UTC 2019 $PTII/bin/ptinvoke ptolemy.vergil.basic.export.ExportModel -force htm -run -openComposites -timeOut 30000 -whiteBackground ptolemy/configs/doc/ClassesIllustrated.xml $PTII/ptolemy/configs/doc/ClassesIllustrated
    [junit] Running .ClassesIllustrated
    [junit] 1 ms. Memory: 1426432K Free: 1305085K (91%)
    [junit] Exported /home/travis/build/icyphy/ptII/ptolemy/configs/doc/ClassesIllustrated/index.html
    [junit] 4475 ms. Memory: 1426432K Free: 1111923K (78%)
    [junit] ####### 29 Tue Jan 29 23:09:52 UTC 2019 $PTII/bin/ptinvoke ptolemy.vergil.basic.export.ExportModel -force htm -run -openComposites -timeOut 30000 -whiteBackground ptolemy/data/ontologies/demo/CarTracking/CarTracking.xml $PTII/ptolemy/data/ontologies/demo/CarTracking/CarTracking
    [junit] Running .CarTracking
    [junit] 3568 ms. Memory: 1426432K Free: 134898K (9%)
    [junit] Exported /home/travis/build/icyphy/ptII/ptolemy/data/ontologies/demo/CarTracking/CarTracking/index.html
    [junit] 9696 ms. Memory: 1440256K Free: 828078K (57%)
    [junit] ####### 30 Tue Jan 29 23:10:02 UTC 2019 $PTII/bin/ptinvoke ptolemy.vergil.basic.export.ExportModel -force htm -run -openComposites -timeOut 30000 -whiteBackground ptolemy/data/ontologies/demo/ConstAbstractInterpretation/ConstAbstractInterpretation.xml $PTII/ptolemy/data/ontologies/demo/ConstAbstractInterpretation/ConstAbstractInterpretation
    [junit] Running .ConstAbstractInterpretation
    [junit] 318 ms. Memory: 1440256K Free: 569507K (40%)
    [junit] Exported /home/travis/build/icyphy/ptII/ptolemy/data/ontologies/demo/ConstAbstractInterpretation/ConstAbstractInterpretation/index.html
    [junit] 4563 ms. Memory: 1440256K Free: 516185K (36%)
    [junit] ####### 31 Tue Jan 29 23:10:06 UTC 2019 $PTII/bin/ptinvoke ptolemy.vergil.basic.export.ExportModel -force htm  -openComposites -timeOut 30000 -whiteBackground ptolemy/data/ontologies/demo/ConstAbstractInterpretationObservable/ConstAbstractInterpretationObservable.xml $PTII/ptolemy/data/ontologies/demo/ConstAbstractInterpretationObservable/ConstAbstractInterpretationObservable
    [junit] Warning: not running ptolemy/data/ontologies/demo/ConstAbstractInterpretationObservable/ConstAbstractInterpretationObservable.xml. See ptolemy/vergil/basic/export/test/junit/ExportModelJUnitTest.java
    [junit] Exported /home/travis/build/icyphy/ptII/ptolemy/data/ontologies/demo/ConstAbstractInterpretationObservable/ConstAbstractInterpretationObservable/index.html
    [junit] 3165 ms. Memory: 1440256K Free: 380376K (26%)
    [junit] ####### 32 Tue Jan 29 23:10:09 UTC 2019 $PTII/bin/ptinvoke ptolemy.vergil.basic.export.ExportModel -force htm -run -openComposites -timeOut 30000 -whiteBackground ptolemy/data/ontologies/demo/ConstAbstractInterpretationObservable/ConstComparatorEqualToDemo.xml $PTII/ptolemy/data/ontologies/demo/ConstAbstractInterpretationObservable/ConstComparatorEqualToDemo
    [junit] Running .ConstComparatorEqualToDemo
    [junit] 1823 ms. Memory: 1569280K Free: 897008K (57%)
    [junit] Exported /home/travis/build/icyphy/ptII/ptolemy/data/ontologies/demo/ConstAbstractInterpretationObservable/ConstComparatorEqualToDemo/index.html
    [junit] 6112 ms. Memory: 1569280K Free: 825747K (53%)
    [junit] ####### 33 Tue Jan 29 23:10:15 UTC 2019 $PTII/bin/ptinvoke ptolemy.vergil.basic.export.ExportModel -force htm -run -openComposites -timeOut 30000 -whiteBackground ptolemy/data/ontologies/demo/ConstAbstractInterpretationObservable/ConstComparatorGreaterThanDemo.xml $PTII/ptolemy/data/ontologies/demo/ConstAbstractInterpretationObservable/ConstComparatorGreaterThanDemo
    [junit] Running .ConstComparatorGreaterThanDemo
    [junit] 2202 ms. Memory: 1675776K Free: 1457441K (87%)
    [junit] Exported /home/travis/build/icyphy/ptII/ptolemy/data/ontologies/demo/ConstAbstractInterpretationObservable/ConstComparatorGreaterThanDemo/index.html
    [junit] 6554 ms. Memory: 1675776K Free: 1387323K (83%)
    [junit] ####### 34 Tue Jan 29 23:10:22 UTC 2019 $PTII/bin/ptinvoke ptolemy.vergil.basic.export.ExportModel -force htm -run -openComposites -timeOut 30000 -whiteBackground ptolemy/data/ontologies/demo/ConstAbstractInterpretationObservable/ConstComparatorGTEDemo.xml $PTII/ptolemy/data/ontologies/demo/ConstAbstractInterpretationObservable/ConstComparatorGTEDemo
    [junit] Running .ConstComparatorGTEDemo
    [junit] 1579 ms. Memory: 1675776K Free: 510368K (30%)
    [junit] Exported /home/travis/build/icyphy/ptII/ptolemy/data/ontologies/demo/ConstAbstractInterpretationObservable/ConstComparatorGTEDemo/index.html
    [junit] 5855 ms. Memory: 1675776K Free: 435873K (26%)
    [junit] ####### 35 Tue Jan 29 23:10:28 UTC 2019 $PTII/bin/ptinvoke ptolemy.vergil.basic.export.ExportModel -force htm -run -openComposites -timeOut 30000 -whiteBackground ptolemy/data/ontologies/demo/ConstAbstractInterpretationObservable/ConstComparatorLessThanDemo.xml $PTII/ptolemy/data/ontologies/demo/ConstAbstractInterpretationObservable/ConstComparatorLessThanDemo
    [junit] Running .ConstComparatorLessThanDemo
    [junit] 1319 ms. Memory: 1859584K Free: 1130003K (61%)
    [junit] Exported /home/travis/build/icyphy/ptII/ptolemy/data/ontologies/demo/ConstAbstractInterpretationObservable/ConstComparatorLessThanDemo/index.html
    [junit] 5562 ms. Memory: 1859584K Free: 1048122K (56%)
    [junit] ####### 36 Tue Jan 29 23:10:33 UTC 2019 $PTII/bin/ptinvoke ptolemy.vergil.basic.export.ExportModel -force htm -run -openComposites -timeOut 30000 -whiteBackground ptolemy/data/ontologies/demo/ConstAbstractInterpretationObservable/ConstComparatorLTEDemo.xml $PTII/ptolemy/data/ontologies/demo/ConstAbstractInterpretationObservable/ConstComparatorLTEDemo
    [junit] Running .ConstComparatorLTEDemo
    [junit] 1231 ms. Memory: 1854464K Free: 1666510K (90%)
    [junit] Exported /home/travis/build/icyphy/ptII/ptolemy/data/ontologies/demo/ConstAbstractInterpretationObservable/ConstComparatorLTEDemo/index.html
    [junit] 5468 ms. Memory: 1854464K Free: 1587589K (86%)
    [junit] ####### 37 Tue Jan 29 23:10:39 UTC 2019 $PTII/bin/ptinvoke ptolemy.vergil.basic.export.ExportModel -force htm -run -openComposites -timeOut 30000 -whiteBackground ptolemy/data/ontologies/demo/ConstAbstractInterpretationObservable/ConstMultiplyDivideDemo.xml $PTII/ptolemy/data/ontologies/demo/ConstAbstractInterpretationObservable/ConstMultiplyDivideDemo
    [junit] Running .ConstMultiplyDivideDemo
    [junit] 1955 ms. Memory: 1854464K Free: 184109K (10%)
    [junit] Exported /home/travis/build/icyphy/ptII/ptolemy/data/ontologies/demo/ConstAbstractInterpretationObservable/ConstMultiplyDivideDemo/index.html
    [junit] 6187 ms. Memory: 1843200K Free: 1659876K (90%)
    [junit] ####### 38 Tue Jan 29 23:10:45 UTC 2019 $PTII/bin/ptinvoke ptolemy.vergil.basic.export.ExportModel -force htm -run -openComposites -timeOut 30000 -whiteBackground ptolemy/data/ontologies/demo/ConstAbstractInterpretationObservable/ConstScaleDemo.xml $PTII/ptolemy/data/ontologies/demo/ConstAbstractInterpretationObservable/ConstScaleDemo
    [junit] Running .ConstScaleDemo
    [junit] 900 ms. Memory: 1843200K Free: 835201K (45%)
    [junit] Exported /home/travis/build/icyphy/ptII/ptolemy/data/ontologies/demo/ConstAbstractInterpretationObservable/ConstScaleDemo/index.html
    [junit] 5095 ms. Memory: 1843200K Free: 740638K (40%)
    [junit] ####### 39 Tue Jan 29 23:10:50 UTC 2019 $PTII/bin/ptinvoke ptolemy.vergil.basic.export.ExportModel -force htm  -openComposites -timeOut 30000 -whiteBackground ptolemy/data/ontologies/demo/ConstNonconst/Const.xml $PTII/ptolemy/data/ontologies/demo/ConstNonconst/Const
    [junit] Warning: not running ptolemy/data/ontologies/demo/ConstNonconst/Const.xml. See ptolemy/vergil/basic/export/test/junit/ExportModelJUnitTest.java
    [junit] Exported /home/travis/build/icyphy/ptII/ptolemy/data/ontologies/demo/ConstNonconst/Const/index.html
    [junit] 3143 ms. Memory: 1843200K Free: 574042K (31%)
    [junit] ####### 40 Tue Jan 29 23:10:53 UTC 2019 $PTII/bin/ptinvoke ptolemy.vergil.basic.export.ExportModel -force htm -run -openComposites -timeOut 30000 -whiteBackground ptolemy/data/ontologies/demo/ConstNonconst/ConstNonconst.xml $PTII/ptolemy/data/ontologies/demo/ConstNonconst/ConstNonconst
    [junit] Running .ConstNonconst
    [junit] 378 ms. Memory: 1843200K Free: 271503K (15%)
    [junit] Exported /home/travis/build/icyphy/ptII/ptolemy/data/ontologies/demo/ConstNonconst/ConstNonconst/index.html
    [junit] 4545 ms. Memory: 1843200K Free: 210557K (11%)
    [junit] ####### 41 Tue Jan 29 23:10:58 UTC 2019 $PTII/bin/ptinvoke ptolemy.vergil.basic.export.ExportModel -force htm -run -openComposites -timeOut 30000 -whiteBackground ptolemy/data/ontologies/demo/ConstPropagation/BooleanSwitchDemoProductLattice.xml $PTII/ptolemy/data/ontologies/demo/ConstPropagation/BooleanSwitchDemoProductLattice
    [junit] Running .BooleanSwitchDemoProductLattice
    [junit] 1295 ms. Memory: 1848832K Free: 858272K (46%)
    [junit] Exported /home/travis/build/icyphy/ptII/ptolemy/data/ontologies/demo/ConstPropagation/BooleanSwitchDemoProductLattice/index.html
    [junit] 5839 ms. Memory: 1848832K Free: 768091K (42%)
    [junit] ####### 42 Tue Jan 29 23:11:04 UTC 2019 $PTII/bin/ptinvoke ptolemy.vergil.basic.export.ExportModel -force htm -run -openComposites -timeOut 30000 -whiteBackground ptolemy/data/ontologies/demo/ConstPropagation/ConstComparatorEqualToDemo.xml $PTII/ptolemy/data/ontologies/demo/ConstPropagation/ConstComparatorEqualToDemo
    [junit] Running .ConstComparatorEqualToDemo
    [junit] 1493 ms. Memory: 1846272K Free: 1214294K (66%)
    [junit] Exported /home/travis/build/icyphy/ptII/ptolemy/data/ontologies/demo/ConstPropagation/ConstComparatorEqualToDemo/index.html
    [junit] 5773 ms. Memory: 1846272K Free: 1130695K (61%)
    [junit] ####### 43 Tue Jan 29 23:11:09 UTC 2019 $PTII/bin/ptinvoke ptolemy.vergil.basic.export.ExportModel -force htm -run -openComposites -timeOut 30000 -whiteBackground ptolemy/data/ontologies/demo/ConstPropagation/ConstComparatorGreaterThanDemo.xml $PTII/ptolemy/data/ontologies/demo/ConstPropagation/ConstComparatorGreaterThanDemo
    [junit] Running .ConstComparatorGreaterThanDemo
    [junit] 1403 ms. Memory: 1849344K Free: 1575004K (85%)
    [junit] Exported /home/travis/build/icyphy/ptII/ptolemy/data/ontologies/demo/ConstPropagation/ConstComparatorGreaterThanDemo/index.html
    [junit] 5621 ms. Memory: 1849344K Free: 1481847K (80%)
    [junit] ####### 44 Tue Jan 29 23:11:15 UTC 2019 $PTII/bin/ptinvoke ptolemy.vergil.basic.export.ExportModel -force htm -run -openComposites -timeOut 30000 -whiteBackground ptolemy/data/ontologies/demo/ConstPropagation/ConstMultiplyDivideDemo.xml $PTII/ptolemy/data/ontologies/demo/ConstPropagation/ConstMultiplyDivideDemo
    [junit] Running .ConstMultiplyDivideDemo
    [junit] 2694 ms. Memory: 1750016K Free: 1250780K (71%)
    [junit] Exported /home/travis/build/icyphy/ptII/ptolemy/data/ontologies/demo/ConstPropagation/ConstMultiplyDivideDemo/index.html
    [junit] 6966 ms. Memory: 1750016K Free: 1135371K (65%)
    [junit] ####### 45 Tue Jan 29 23:11:22 UTC 2019 $PTII/bin/ptinvoke ptolemy.vergil.basic.export.ExportModel -force htm  -openComposites -timeOut 30000 -whiteBackground ptolemy/data/ontologies/demo/ConstPropagation/ConstPropagation.xml $PTII/ptolemy/data/ontologies/demo/ConstPropagation/ConstPropagation
    [junit] Warning: not running ptolemy/data/ontologies/demo/ConstPropagation/ConstPropagation.xml. See ptolemy/vergil/basic/export/test/junit/ExportModelJUnitTest.java
    [junit] Exported /home/travis/build/icyphy/ptII/ptolemy/data/ontologies/demo/ConstPropagation/ConstPropagation/index.html
    [junit] 3130 ms. Memory: 1750016K Free: 985291K (56%)
    [junit] ####### 46 Tue Jan 29 23:11:25 UTC 2019 $PTII/bin/ptinvoke ptolemy.vergil.basic.export.ExportModel -force htm -run -openComposites -timeOut 30000 -whiteBackground ptolemy/data/ontologies/demo/ConstPropagation/ConstPropagationAbsIntObservableReachableProductSolverModel.xml $PTII/ptolemy/data/ontologies/demo/ConstPropagation/ConstPropagationAbsIntObservableReachableProductSolverModel
    [junit] .ConstPropagationAbsIntObservableReachableProductSolverModel is a ptolemy.data.ontologies.OntologySolverModel not a TypedCompositeActor, so it cannot be run.
    [junit] Exported /home/travis/build/icyphy/ptII/ptolemy/data/ontologies/demo/ConstPropagation/ConstPropagationAbsIntObservableReachableProductSolverModel/index.html
    [junit] 4589 ms. Memory: 1750016K Free: 456775K (26%)
    [junit] ####### 47 Tue Jan 29 23:11:30 UTC 2019 $PTII/bin/ptinvoke ptolemy.vergil.basic.export.ExportModel -force htm -run -openComposites -timeOut 30000 -whiteBackground ptolemy/data/ontologies/demo/ConstPropagation/ConstPropagationAbsIntScale.xml $PTII/ptolemy/data/ontologies/demo/ConstPropagation/ConstPropagationAbsIntScale
    [junit] Running .ConstPropagationAbsIntScale
    [junit] 22 ms. Memory: 1750016K Free: 295215K (17%)
    [junit] Exported /home/travis/build/icyphy/ptII/ptolemy/data/ontologies/demo/ConstPropagation/ConstPropagationAbsIntScale/index.html
    [junit] 4245 ms. Memory: 1750016K Free: 264253K (15%)
    [junit] ####### 48 Tue Jan 29 23:11:34 UTC 2019 $PTII/bin/ptinvoke ptolemy.vergil.basic.export.ExportModel -force htm -run -openComposites -timeOut 30000 -whiteBackground ptolemy/data/ontologies/demo/ConstPropagation/SimpleConstPropagationDemo.xml $PTII/ptolemy/data/ontologies/demo/ConstPropagation/SimpleConstPropagationDemo
    [junit] Running .SimpleConstPropagationDemo
    [junit] 454 ms. Memory: 1755136K Free: 1409609K (80%)
    [junit] Exported /home/travis/build/icyphy/ptII/ptolemy/data/ontologies/demo/ConstPropagation/SimpleConstPropagationDemo/index.html
    [junit] 4616 ms. Memory: 1755136K Free: 1351686K (77%)
    [junit] ####### 49 Tue Jan 29 23:11:39 UTC 2019 $PTII/bin/ptinvoke ptolemy.vergil.basic.export.ExportModel -force htm -run -openComposites -timeOut 30000 -whiteBackground ptolemy/data/ontologies/demo/ConstPropagation/SimpleNonconstPropagationDemo.xml $PTII/ptolemy/data/ontologies/demo/ConstPropagation/SimpleNonconstPropagationDemo
    [junit] Running .SimpleNonconstPropagationDemo
    [junit] 359 ms. Memory: 1755136K Free: 1051269K (60%)
    [junit] Exported /home/travis/build/icyphy/ptII/ptolemy/data/ontologies/demo/ConstPropagation/SimpleNonconstPropagationDemo/index.html
    [junit] 4505 ms. Memory: 1755136K Free: 998149K (57%)
    [junit] ####### 50 Tue Jan 29 23:11:43 UTC 2019 $PTII/bin/ptinvoke ptolemy.vergil.basic.export.ExportModel -force htm  -openComposites -timeOut 30000 -whiteBackground ptolemy/data/ontologies/demo/DimensionSystemExample/DimensionSystemExample.xml $PTII/ptolemy/data/ontologies/demo/DimensionSystemExample/DimensionSystemExample
    [junit] Warning: not running ptolemy/data/ontologies/demo/DimensionSystemExample/DimensionSystemExample.xml. See ptolemy/vergil/basic/export/test/junit/ExportModelJUnitTest.java
    [junit] Exported /home/travis/build/icyphy/ptII/ptolemy/data/ontologies/demo/DimensionSystemExample/DimensionSystemExample/index.html
    [junit] 3159 ms. Memory: 1755136K Free: 853847K (49%)
    [junit] ####### 51 Tue Jan 29 23:11:46 UTC 2019 $PTII/bin/ptinvoke ptolemy.vergil.basic.export.ExportModel -force htm -run -openComposites -timeOut 30000 -whiteBackground ptolemy/data/ontologies/demo/ExceptionAnalysis/ExceptionAnalysis.xml $PTII/ptolemy/data/ontologies/demo/ExceptionAnalysis/ExceptionAnalysis
    [junit] Running .ExceptionAnalysis
    [junit] 6 ms. Memory: 1755136K Free: 743015K (42%)
    [junit] Exported /home/travis/build/icyphy/ptII/ptolemy/data/ontologies/demo/ExceptionAnalysis/ExceptionAnalysis/index.html
    [junit] 4166 ms. Memory: 1755136K Free: 690283K (39%)
    [junit] ####### 52 Tue Jan 29 23:11:50 UTC 2019 $PTII/bin/ptinvoke ptolemy.vergil.basic.export.ExportModel -force htm -run -openComposites -timeOut 30000 -whiteBackground ptolemy/data/ontologies/demo/MonotonicityAnalysis/MonotonicityAnalysis.xml $PTII/ptolemy/data/ontologies/demo/MonotonicityAnalysis/MonotonicityAnalysis
    [junit] Running .MonotonicityAnalysis
    [junit] 123 ms. Memory: 1755136K Free: 507466K (29%)
    [junit] Exported /home/travis/build/icyphy/ptII/ptolemy/data/ontologies/demo/MonotonicityAnalysis/MonotonicityAnalysis/index.html
    [junit] 4274 ms. Memory: 1755136K Free: 455237K (26%)
    [junit] ####### 53 Tue Jan 29 23:11:55 UTC 2019 $PTII/bin/ptinvoke ptolemy.vergil.basic.export.ExportModel -force htm -run -openComposites -timeOut 30000 -whiteBackground ptolemy/data/ontologies/demo/Observable/Observable.xml $PTII/ptolemy/data/ontologies/demo/Observable/Observable
    [junit] Running .Observable
    [junit] 131 ms. Memory: 1755136K Free: 277313K (16%)
    [junit] Exported /home/travis/build/icyphy/ptII/ptolemy/data/ontologies/demo/Observable/Observable/index.html
    [junit] 4287 ms. Memory: 1755136K Free: 240867K (14%)
    [junit] ####### 54 Tue Jan 29 23:11:59 UTC 2019 $PTII/bin/ptinvoke ptolemy.vergil.basic.export.ExportModel -force htm -run -openComposites -timeOut 30000 -whiteBackground ptolemy/data/ontologies/demo/ProductLattices/BooleanSwitchDemoProductLattice.xml $PTII/ptolemy/data/ontologies/demo/ProductLattices/BooleanSwitchDemoProductLattice
    [junit] Running .BooleanSwitchDemoProductLattice
    [junit] 2203 ms. Memory: 1710592K Free: 1581443K (92%)
    [junit] Exported /home/travis/build/icyphy/ptII/ptolemy/data/ontologies/demo/ProductLattices/BooleanSwitchDemoProductLattice/index.html
    [junit] 6867 ms. Memory: 1710592K Free: 1489926K (87%)
    [junit] ####### 55 Tue Jan 29 23:12:06 UTC 2019 $PTII/bin/ptinvoke ptolemy.vergil.basic.export.ExportModel -force htm -run -openComposites -timeOut 30000 -whiteBackground ptolemy/data/ontologies/demo/ProductLattices/ConstAbsIntObservableReachableProductSolverModel.xml $PTII/ptolemy/data/ontologies/demo/ProductLattices/ConstAbsIntObservableReachableProductSolverModel
    [junit] .ConstAbsIntObservableReachableProductSolverModel is a ptolemy.data.ontologies.OntologySolverModel not a TypedCompositeActor, so it cannot be run.
    [junit] Exported /home/travis/build/icyphy/ptII/ptolemy/data/ontologies/demo/ProductLattices/ConstAbsIntObservableReachableProductSolverModel/index.html
    [junit] 4487 ms. Memory: 1710592K Free: 988757K (58%)
    [junit] ####### 56 Tue Jan 29 23:12:10 UTC 2019 $PTII/bin/ptinvoke ptolemy.vergil.basic.export.ExportModel -force htm -run -openComposites -timeOut 30000 -whiteBackground ptolemy/data/ontologies/demo/ProductLattices/ConstMultiplyDivideDemoProductLattice.xml $PTII/ptolemy/data/ontologies/demo/ProductLattices/ConstMultiplyDivideDemoProductLattice
    [junit] Running .ConstMultiplyDivideDemoProductLattice
    [junit] 1304 ms. Memory: 1774592K Free: 1505866K (85%)
    [junit] Exported /home/travis/build/icyphy/ptII/ptolemy/data/ontologies/demo/ProductLattices/ConstMultiplyDivideDemoProductLattice/index.html
    [junit] 5560 ms. Memory: 1774592K Free: 1410558K (79%)
    [junit] ####### 57 Tue Jan 29 23:12:16 UTC 2019 $PTII/bin/ptinvoke ptolemy.vergil.basic.export.ExportModel -force htm -run -openComposites -timeOut 30000 -whiteBackground ptolemy/data/ontologies/demo/ProductLattices/ConstScaleDemoProductLattice.xml $PTII/ptolemy/data/ontologies/demo/ProductLattices/ConstScaleDemoProductLattice
    [junit] Running .ConstScaleDemoProductLattice
    [junit] 809 ms. Memory: 1774592K Free: 641652K (36%)
    [junit] Exported /home/travis/build/icyphy/ptII/ptolemy/data/ontologies/demo/ProductLattices/ConstScaleDemoProductLattice/index.html
    [junit] 5031 ms. Memory: 1774592K Free: 561450K (32%)
    [junit] ####### 58 Tue Jan 29 23:12:21 UTC 2019 $PTII/bin/ptinvoke ptolemy.vergil.basic.export.ExportModel -force htm  -openComposites -timeOut 30000 -whiteBackground ptolemy/data/ontologies/demo/ProductLattices/ConstScaleZeroDemoProductLattice.xml $PTII/ptolemy/data/ontologies/demo/ProductLattices/ConstScaleZeroDemoProductLattice
    [junit] Warning: not running ptolemy/data/ontologies/demo/ProductLattices/ConstScaleZeroDemoProductLattice.xml. See ptolemy/vergil/basic/export/test/junit/ExportModelJUnitTest.java
    [junit] Exported /home/travis/build/icyphy/ptII/ptolemy/data/ontologies/demo/ProductLattices/ConstScaleZeroDemoProductLattice/index.html
    [junit] 3211 ms. Memory: 1774592K Free: 360572K (20%)
    [junit] ####### 59 Tue Jan 29 23:12:24 UTC 2019 $PTII/bin/ptinvoke ptolemy.vergil.basic.export.ExportModel -force htm  -openComposites -timeOut 30000 -whiteBackground ptolemy/data/ontologies/demo/ProductLattices/LatticeComposition.xml $PTII/ptolemy/data/ontologies/demo/ProductLattices/LatticeComposition
    [junit] Warning: not running ptolemy/data/ontologies/demo/ProductLattices/LatticeComposition.xml. See ptolemy/vergil/basic/export/test/junit/ExportModelJUnitTest.java
    [junit] Exported /home/travis/build/icyphy/ptII/ptolemy/data/ontologies/demo/ProductLattices/LatticeComposition/index.html
    [junit] 3214 ms. Memory: 1775104K Free: 1458681K (82%)
    [junit] ####### 60 Tue Jan 29 23:12:27 UTC 2019 $PTII/bin/ptinvoke ptolemy.vergil.basic.export.ExportModel -force htm -run -openComposites -timeOut 30000 -whiteBackground ptolemy/data/ontologies/demo/ProductLattices/LatticeCompositionSolverModel.xml $PTII/ptolemy/data/ontologies/demo/ProductLattices/LatticeCompositionSolverModel
    [junit] .LatticeCompositionSolverModel is a ptolemy.data.ontologies.OntologySolverModel not a TypedCompositeActor, so it cannot be run.
    [junit] Exported /home/travis/build/icyphy/ptII/ptolemy/data/ontologies/demo/ProductLattices/LatticeCompositionSolverModel/index.html
    [junit] 4467 ms. Memory: 1775104K Free: 806589K (45%)
    [junit] ####### 61 Tue Jan 29 23:12:32 UTC 2019 $PTII/bin/ptinvoke ptolemy.vergil.basic.export.ExportModel -force htm  -openComposites -timeOut 30000 -whiteBackground ptolemy/data/ontologies/demo/ProductLattices/ProductLattices.xml $PTII/ptolemy/data/ontologies/demo/ProductLattices/ProductLattices
    [junit] Warning: not running ptolemy/data/ontologies/demo/ProductLattices/ProductLattices.xml. See ptolemy/vergil/basic/export/test/junit/ExportModelJUnitTest.java
    [junit] Exported /home/travis/build/icyphy/ptII/ptolemy/data/ontologies/demo/ProductLattices/ProductLattices/index.html
    [junit] 3132 ms. Memory: 1775104K Free: 667711K (38%)
    [junit] ####### 62 Tue Jan 29 23:12:35 UTC 2019 $PTII/bin/ptinvoke ptolemy.vergil.basic.export.ExportModel -force htm -run -openComposites -timeOut 30000 -whiteBackground ptolemy/data/ontologies/demo/ProductLattices/SimpleConstDemo.xml $PTII/ptolemy/data/ontologies/demo/ProductLattices/SimpleConstDemo
    [junit] Running .SimpleConstDemo
    [junit] 65 ms. Memory: 1775104K Free: 504970K (28%)
    [junit] Exported /home/travis/build/icyphy/ptII/ptolemy/data/ontologies/demo/ProductLattices/SimpleConstDemo/index.html
    [junit] 4201 ms. Memory: 1775104K Free: 460035K (26%)
    [junit] ####### 63 Tue Jan 29 23:12:39 UTC 2019 $PTII/bin/ptinvoke ptolemy.vergil.basic.export.ExportModel -force htm -run -openComposites -timeOut 30000 -whiteBackground ptolemy/data/ontologies/demo/ProductLattices/SimpleNonconstDemo.xml $PTII/ptolemy/data/ontologies/demo/ProductLattices/SimpleNonconstDemo
    [junit] Running .SimpleNonconstDemo
    [junit] 237 ms. Memory: 1784320K Free: 1623536K (91%)
    [junit] Exported /home/travis/build/icyphy/ptII/ptolemy/data/ontologies/demo/ProductLattices/SimpleNonconstDemo/index.html
    [junit] 4414 ms. Memory: 1784320K Free: 1564148K (88%)
    [junit] ####### 64 Tue Jan 29 23:12:44 UTC 2019 $PTII/bin/ptinvoke ptolemy.vergil.basic.export.ExportModel -force htm  -openComposites -timeOut 30000 -whiteBackground ptolemy/data/ontologies/demo/UnitSystemExample/UnitSystemExample.xml $PTII/ptolemy/data/ontologies/demo/UnitSystemExample/UnitSystemExample
    [junit] Warning: not running ptolemy/data/ontologies/demo/UnitSystemExample/UnitSystemExample.xml. See ptolemy/vergil/basic/export/test/junit/ExportModelJUnitTest.java
    [junit] Exported /home/travis/build/icyphy/ptII/ptolemy/data/ontologies/demo/UnitSystemExample/UnitSystemExample/index.html
    [junit] 3241 ms. Memory: 1784320K Free: 1317652K (74%)
    [junit] ####### 65 Tue Jan 29 23:12:47 UTC 2019 $PTII/bin/ptinvoke ptolemy.vergil.basic.export.ExportModel -force htm -run -openComposites -timeOut 30000 -whiteBackground ptolemy/data/type/demo/Objects/Objects.xml $PTII/ptolemy/data/type/demo/Objects/Objects
    [junit] Running .Objects
    [junit] 12 ms. Memory: 1784320K Free: 1212324K (68%)
    [junit] Exported /home/travis/build/icyphy/ptII/ptolemy/data/type/demo/Objects/Objects/index.html
    [junit] 4190 ms. Memory: 1784320K Free: 1152419K (65%)
    [junit] ####### 66 Tue Jan 29 23:12:51 UTC 2019 $PTII/bin/ptinvoke ptolemy.vergil.basic.export.ExportModel -force htm -run -openComposites -timeOut 30000 -whiteBackground ptolemy/data/type/demo/Router/Router.xml $PTII/ptolemy/data/type/demo/Router/Router
    [junit] Running .Router
    [junit] ExportHTMLTimer went off after 30000 ms., calling getDirector().finish and getDirector().stopFire()
    [junit] 30001 ms. Memory: 1784320K Free: 982117K (55%)
    [junit] Exported /home/travis/build/icyphy/ptII/ptolemy/data/type/demo/Router/Router/index.html
    [junit] 34193 ms. Memory: 1784320K Free: 954403K (53%)
    [junit] ####### 67 Tue Jan 29 23:13:25 UTC 2019 $PTII/bin/ptinvoke ptolemy.vergil.basic.export.ExportModel -force htm -run -openComposites -timeOut 30000 -whiteBackground ptolemy/data/unit/demo/StaticUnits/StaticUnits.xml $PTII/ptolemy/data/unit/demo/StaticUnits/StaticUnits
    [junit] Running .StaticUnits
    [junit] 2022 ms. Memory: 1784320K Free: 387168K (22%)
    [junit] Exported /home/travis/build/icyphy/ptII/ptolemy/data/unit/demo/StaticUnits/StaticUnits/index.html
    [junit] 6286 ms. Memory: 1785856K Free: 1689374K (95%)
    [junit] ####### 68 Tue Jan 29 23:13:32 UTC 2019 $PTII/bin/ptinvoke ptolemy.vergil.basic.export.ExportModel -force htm -run -openComposites -timeOut 30000 -whiteBackground ptolemy/data/unit/demo/Units/Units.xml $PTII/ptolemy/data/unit/demo/Units/Units
    [junit] Running .Units
    [junit] 70 ms. Memory: 1785856K Free: 1544311K (86%)
    [junit] Exported /home/travis/build/icyphy/ptII/ptolemy/data/unit/demo/Units/Units/index.html
    [junit] 4242 ms. Memory: 1785856K Free: 1506364K (84%)
    [junit] ####### 69 Tue Jan 29 23:13:36 UTC 2019 $PTII/bin/ptinvoke ptolemy.vergil.basic.export.ExportModel -force htm  -openComposites -timeOut 30000 -whiteBackground ptolemy/demo/AirManagementSystem/AirManagementSystem.xml $PTII/ptolemy/demo/AirManagementSystem/AirManagementSystem
    [junit] Warning: not running ptolemy/demo/AirManagementSystem/AirManagementSystem.xml. See ptolemy/vergil/basic/export/test/junit/ExportModelJUnitTest.java
    [junit] Exported /home/travis/build/icyphy/ptII/ptolemy/demo/AirManagementSystem/AirManagementSystem/index.html
    [junit] 4441 ms. Memory: 1785856K Free: 733485K (41%)
    [junit] ####### 70 Tue Jan 29 23:13:40 UTC 2019 $PTII/bin/ptinvoke ptolemy.vergil.basic.export.ExportModel -force htm  -openComposites -timeOut 30000 -whiteBackground ptolemy/demo/AirManagementSystem/AirManagementSystemCausalityLoop.xml $PTII/ptolemy/demo/AirManagementSystem/AirManagementSystemCausalityLoop
    [junit] Warning: not running ptolemy/demo/AirManagementSystem/AirManagementSystemCausalityLoop.xml. See ptolemy/vergil/basic/export/test/junit/ExportModelJUnitTest.java
    [junit] Exported /home/travis/build/icyphy/ptII/ptolemy/demo/AirManagementSystem/AirManagementSystemCausalityLoop/index.html
    [junit] 4014 ms. Memory: 1780736K Free: 1487496K (84%)
    [junit] ####### 71 Tue Jan 29 23:13:44 UTC 2019 $PTII/bin/ptinvoke ptolemy.vergil.basic.export.ExportModel -force htm  -openComposites -timeOut 30000 -whiteBackground ptolemy/demo/AirManagementSystem/AMS_AMSSim.xml $PTII/ptolemy/demo/AirManagementSystem/AMS_AMSSim
    [junit] Warning: not running ptolemy/demo/AirManagementSystem/AMS_AMSSim.xml. See ptolemy/vergil/basic/export/test/junit/ExportModelJUnitTest.java
    [junit] [ScalarVariable: null]: Child element "isLinear" not implemented yet.
    [junit] [ScalarVariable: null]: Child element "isLinear" not implemented yet.
    [junit] [ScalarVariable: null]: Child element "isLinear" not implemented yet.
    [junit] Exported /home/travis/build/icyphy/ptII/ptolemy/demo/AirManagementSystem/AMS_AMSSim/index.html
    [junit] 3337 ms. Memory: 1780736K Free: 1282640K (72%)
    [junit] ####### 72 Tue Jan 29 23:13:48 UTC 2019 $PTII/bin/ptinvoke ptolemy.vergil.basic.export.ExportModel -force htm -run -openComposites -timeOut 30000 -whiteBackground ptolemy/demo/AirManagementSystem/HeatExchangerTester.xml $PTII/ptolemy/demo/AirManagementSystem/HeatExchangerTester
    [junit] Running .HeatExchangerTester
    [junit] 1494 ms. Memory: 1780736K Free: 731408K (41%)
    [junit] Exported /home/travis/build/icyphy/ptII/ptolemy/demo/AirManagementSystem/HeatExchangerTester/index.html
    [junit] 5796 ms. Memory: 1780736K Free: 526031K (30%)
    [junit] ####### 73 Tue Jan 29 23:13:53 UTC 2019 $PTII/bin/ptinvoke ptolemy.vergil.basic.export.ExportModel -force htm  -openComposites -timeOut 30000 -whiteBackground ptolemy/demo/AirManagementSystem/PhysicalPlantCausalityLoop.xml $PTII/ptolemy/demo/AirManagementSystem/PhysicalPlantCausalityLoop
    [junit] Warning: not running ptolemy/demo/AirManagementSystem/PhysicalPlantCausalityLoop.xml. See ptolemy/vergil/basic/export/test/junit/ExportModelJUnitTest.java
    [junit] Exported /home/travis/build/icyphy/ptII/ptolemy/demo/AirManagementSystem/PhysicalPlantCausalityLoop/index.html
    [junit] 3614 ms. Memory: 1783808K Free: 1427083K (80%)
    [junit] ####### 74 Tue Jan 29 23:13:57 UTC 2019 $PTII/bin/ptinvoke ptolemy.vergil.basic.export.ExportModel -force htm -run -openComposites -timeOut 30000 -whiteBackground ptolemy/demo/BrakeByWire/BrakeByWire.xml $PTII/ptolemy/demo/BrakeByWire/BrakeByWire
    [junit] Running .BrakeByWire
    [junit] 1178 ms. Memory: 1783808K Free: 960349K (54%)
    [junit] Exported /home/travis/build/icyphy/ptII/ptolemy/demo/BrakeByWire/BrakeByWire/index.html
    [junit] 6761 ms. Memory: 1783808K Free: 526685K (30%)
    [junit] ####### 75 Tue Jan 29 23:14:04 UTC 2019 $PTII/bin/ptinvoke ptolemy.vergil.basic.export.ExportModel -force htm -run -openComposites -timeOut 30000 -whiteBackground ptolemy/demo/CapeCode/CapeCode.xml $PTII/ptolemy/demo/CapeCode/CapeCode
    [junit] Model ".CapeCode" contains actors such cannot be run  as part of the export process from ExportModel or it has a WebExportParameters value that runBeforeExport set to false. To export run this model and export it, use vergil.
    [junit] Exported /home/travis/build/icyphy/ptII/ptolemy/demo/CapeCode/CapeCode/index.html
    [junit] 3114 ms. Memory: 1783808K Free: 386961K (22%)
    [junit] ####### 76 Tue Jan 29 23:14:07 UTC 2019 $PTII/bin/ptinvoke ptolemy.vergil.basic.export.ExportModel -force htm -run -openComposites -timeOut 30000 -whiteBackground ptolemy/demo/CapeCode/CapeCode1.xml $PTII/ptolemy/demo/CapeCode/CapeCode1
    [junit] No physical cameras found, using WebcamDummyDriver.
    [junit] Running .CapeCode1
    [junit] ExportHTMLTimer went off after 30000 ms., calling getDirector().finish and getDirector().stopFire()
    [junit] 30082 ms. Memory: 1811968K Free: 1231304K (68%)
    [junit] Exported /home/travis/build/icyphy/ptII/ptolemy/demo/CapeCode/CapeCode1/index.html
    [junit] 40577 ms. Memory: 1811968K Free: 1210647K (67%)
    [junit] ####### 77 Tue Jan 29 23:14:48 UTC 2019 $PTII/bin/ptinvoke ptolemy.vergil.basic.export.ExportModel -force htm -run -openComposites -timeOut 30000 -whiteBackground ptolemy/demo/CapeCode/CapeCode2.xml $PTII/ptolemy/demo/CapeCode/CapeCode2
    [junit] Running .CapeCode2
    [junit] ExportHTMLTimer went off after 30000 ms., calling getDirector().finish and getDirector().stopFire()
    [junit] 30068 ms. Memory: 1691648K Free: 504064K (30%)
    [junit] Exported /home/travis/build/icyphy/ptII/ptolemy/demo/CapeCode/CapeCode2/index.html
    [junit] 37115 ms. Memory: 1691648K Free: 467029K (28%)
    [junit] ####### 78 Tue Jan 29 23:15:25 UTC 2019 $PTII/bin/ptinvoke ptolemy.vergil.basic.export.ExportModel -force htm -run -openComposites -timeOut 30000 -whiteBackground ptolemy/demo/CapeCode/CapeCode3.xml $PTII/ptolemy/demo/CapeCode/CapeCode3
    [junit] Running .CapeCode3
    [junit] ExportHTMLTimer went off after 30000 ms., calling getDirector().finish and getDirector().stopFire()
    [junit] 30068 ms. Memory: 1887744K Free: 1347612K (71%)
    [junit] Exported /home/travis/build/icyphy/ptII/ptolemy/demo/CapeCode/CapeCode3/index.html
    [junit] 39772 ms. Memory: 1887744K Free: 1307964K (69%)
    [junit] ####### 79 Tue Jan 29 23:16:04 UTC 2019 $PTII/bin/ptinvoke ptolemy.vergil.basic.export.ExportModel -force htm -run -openComposites -timeOut 30000 -whiteBackground ptolemy/demo/CapeCode/CapeCode4.xml $PTII/ptolemy/demo/CapeCode/CapeCode4
    [junit] Running .CapeCode4
    [junit] ExportHTMLTimer went off after 30000 ms., calling getDirector().finish and getDirector().stopFire()
    [junit] 30084 ms. Memory: 1989632K Free: 1477023K (74%)
    [junit] Exported /home/travis/build/icyphy/ptII/ptolemy/demo/CapeCode/CapeCode4/index.html
    [junit] 37913 ms. Memory: 1989632K Free: 1429409K (72%)
    [junit] ####### 80 Tue Jan 29 23:16:42 UTC 2019 $PTII/bin/ptinvoke ptolemy.vergil.basic.export.ExportModel -force htm -run -openComposites -timeOut 30000 -whiteBackground ptolemy/demo/ElectricPowerSystem/Contactor.xml $PTII/ptolemy/demo/ElectricPowerSystem/Contactor
    [junit] Model ".Contactor" contains actors such cannot be run  as part of the export process from ExportModel or it has a WebExportParameters value that runBeforeExport set to false. To export run this model and export it, use vergil.
    [junit] Exported /home/travis/build/icyphy/ptII/ptolemy/demo/ElectricPowerSystem/Contactor/index.html
    [junit] 3186 ms. Memory: 1989632K Free: 1300770K (65%)
    [junit] ####### 81 Tue Jan 29 23:16:46 UTC 2019 $PTII/bin/ptinvoke ptolemy.vergil.basic.export.ExportModel -force htm -run -openComposites -timeOut 30000 -whiteBackground ptolemy/demo/ElectricPowerSystem/ContactorTester.xml $PTII/ptolemy/demo/ElectricPowerSystem/ContactorTester
    [junit] Running .ContactorTester
    [junit] 319 ms. Memory: 1989632K Free: 1096201K (55%)
    [junit] Exported /home/travis/build/icyphy/ptII/ptolemy/demo/ElectricPowerSystem/ContactorTester/index.html
    [junit] 4655 ms. Memory: 1989632K Free: 952058K (48%)
    [junit] ####### 82 Tue Jan 29 23:16:50 UTC 2019 $PTII/bin/ptinvoke ptolemy.vergil.basic.export.ExportModel -force htm -run -openComposites -timeOut 30000 -whiteBackground ptolemy/demo/ElectricPowerSystem/Controller.xml $PTII/ptolemy/demo/ElectricPowerSystem/Controller
    [junit] Running .Controller
    [junit] 16 ms. Memory: 1989632K Free: 871594K (44%)
    [junit] Exported /home/travis/build/icyphy/ptII/ptolemy/demo/ElectricPowerSystem/Controller/index.html
    [junit] 4200 ms. Memory: 1989632K Free: 826283K (42%)
    [junit] ####### 83 Tue Jan 29 23:16:54 UTC 2019 $PTII/bin/ptinvoke ptolemy.vergil.basic.export.ExportModel -force htm  -openComposites -timeOut 30000 -whiteBackground ptolemy/demo/ElectricPowerSystem/ElectricPowerSystem.xml $PTII/ptolemy/demo/ElectricPowerSystem/ElectricPowerSystem
    [junit] Warning: not running ptolemy/demo/ElectricPowerSystem/ElectricPowerSystem.xml. See ptolemy/vergil/basic/export/test/junit/ExportModelJUnitTest.java
    [junit] Exported /home/travis/build/icyphy/ptII/ptolemy/demo/ElectricPowerSystem/ElectricPowerSystem/index.html
    [junit] 3187 ms. Memory: 1989632K Free: 681697K (34%)
    [junit] ####### 84 Tue Jan 29 23:16:58 UTC 2019 $PTII/bin/ptinvoke ptolemy.vergil.basic.export.ExportModel -force htm -run -openComposites -timeOut 30000 -whiteBackground ptolemy/demo/ElectricPowerSystem/Generator.xml $PTII/ptolemy/demo/ElectricPowerSystem/Generator
    [junit] Model ".Generator" contains actors such cannot be run  as part of the export process from ExportModel or it has a WebExportParameters value that runBeforeExport set to false. To export run this model and export it, use vergil.
    [junit] Exported /home/travis/build/icyphy/ptII/ptolemy/demo/ElectricPowerSystem/Generator/index.html
    [junit] 3202 ms. Memory: 1989632K Free: 533633K (27%)
    [junit] ####### 85 Tue Jan 29 23:17:01 UTC 2019 $PTII/bin/ptinvoke ptolemy.vergil.basic.export.ExportModel -force htm  -openComposites -timeOut 30000 -whiteBackground ptolemy/demo/ElectricPowerSystem/GeneratorContactorLoad.xml $PTII/ptolemy/demo/ElectricPowerSystem/GeneratorContactorLoad
    [junit] Warning: not running ptolemy/demo/ElectricPowerSystem/GeneratorContactorLoad.xml. See ptolemy/vergil/basic/export/test/junit/ExportModelJUnitTest.java
    [junit] Exported /home/travis/build/icyphy/ptII/ptolemy/demo/ElectricPowerSystem/GeneratorContactorLoad/index.html
    [junit] 3343 ms. Memory: 1984000K Free: 1453639K (73%)
    [junit] 
    [junit] Error: 
    [junit] TransformationEditor: Ignoring clone of .Utilities beause we don't known how to import it. Exception was: ptolemy.kernel.util.NameDuplicationException: Attempt to insert object named "Utilities" into container named ".library", which already contains an object with that name.
    [junit] TransformationEditor: Ignoring clone of .Directors beause we don't known how to import it. Exception was: ptolemy.kernel.util.NameDuplicationException: Attempt to insert object named "Directors" into container named ".library", which already contains an object with that name.
    [junit] TransformationEditor: Ignoring clone of .Actors beause we don't known how to import it. Exception was: ptolemy.kernel.util.NameDuplicationException: Attempt to insert object named "Actors" into container named ".library", which already contains an object with that name.
    [junit] TransformationEditor: Ignoring clone of .MoreLibraries beause we don't known how to import it. Exception was: ptolemy.kernel.util.NameDuplicationException: Attempt to insert object named "MoreLibraries" into container named ".library", which already contains an object with that name.
    [junit] TransformationEditor: Ignoring clone of .Utilities beause we don't known how to import it. Exception was: ptolemy.kernel.util.NameDuplicationException: Attempt to insert object named "Utilities" into container named ".library", which already contains an object with that name.
    [junit] TransformationEditor: Ignoring clone of .Directors beause we don't known how to import it. Exception was: ptolemy.kernel.util.NameDuplicationException: Attempt to insert object named "Directors" into container named ".library", which already contains an object with that name.
    [junit] TransformationEditor: Ignoring clone of .Actors beause we don't known how to import it. Exception was: ptolemy.kernel.util.NameDuplicationException: Attempt to insert object named "Actors" into container named ".library", which already contains an object with that name.
    [junit] TransformationEditor: Ignoring clone of .MoreLibraries beause we don't known how to import it. Exception was: ptolemy.kernel.util.NameDuplicationException: Attempt to insert object named "MoreLibraries" into container named ".library", which already contains an object with that name.
    [junit] TransformationEditor: Ignoring clone of .Utilities beause we don't known how to import it. Exception was: ptolemy.kernel.util.NameDuplicationException: Attempt to insert object named "Utilities" into container named ".library", which already contains an object with that name.
    [junit] TransformationEditor: Ignoring clone of .Directors beause we don't known how to import it. Exception was: ptolemy.kernel.util.NameDuplicationException: Attempt to insert object named "Directors" into container named ".library", which already contains an object with that name.
    [junit] TransformationEditor: Ignoring clone of .Actors beause we don't known how to import it. Exception was: ptolemy.kernel.util.NameDuplicationException: Attempt to insert object named "Actors" into container named ".library", which already contains an object with that name.
    [junit] TransformationEditor: Ignoring clone of .MoreLibraries beause we don't known how to import it. Exception was: ptolemy.kernel.util.NameDuplicationException: Attempt to insert object named "MoreLibraries" into container named ".library", which already contains an object with that name.
    [junit] TransformationEditor: Ignoring clone of .Utilities beause we don't known how to import it. Exception was: ptolemy.kernel.util.NameDuplicationException: Attempt to insert object named "Utilities" into container named ".library", which already contains an object with that name.
    [junit] TransformationEditor: Ignoring clone of .Directors beause we don't known how to import it. Exception was: ptolemy.kernel.util.NameDuplicationException: Attempt to insert object named "Directors" into container named ".library", which already contains an object with that name.
    [junit] TransformationEditor: Ignoring clone of .Actors beause we don't known how to import it. Exception was: ptolemy.kernel.util.NameDuplicationException: Attempt to insert object named "Actors" into container named ".library", which already contains an object with that name.
    [junit] TransformationEditor: Ignoring clone of .MoreLibraries beause we don't known how to import it. Exception was: ptolemy.kernel.util.NameDuplicationException: Attempt to insert object named "MoreLibraries" into container named ".library", which already contains an object with that name.
    [junit] [AWT-EventQueue-0] INFO com.github.sarxos.webcam.Webcam - WebcamDefaultDriver capture driver will be used
    [junit] [atomic-processor-1] INFO com.github.sarxos.webcam.ds.cgt.WebcamOpenTask - Opening webcam Dummy Webcam 0
    [junit] [atomic-processor-1] INFO com.github.sarxos.webcam.ds.cgt.WebcamCloseTask - Closing Dummy Webcam 0
    [junit] [atomic-processor-1] INFO com.github.sarxos.webcam.ds.cgt.WebcamOpenTask - Opening webcam Dummy Webcam 0
    [junit] [atomic-processor-1] INFO com.github.sarxos.webcam.ds.cgt.WebcamCloseTask - Closing Dummy Webcam 0
    [junit] [atomic-processor-1] INFO com.github.sarxos.webcam.ds.cgt.WebcamOpenTask - Opening webcam Dummy Webcam 0
    [junit] [atomic-processor-1] INFO com.github.sarxos.webcam.ds.cgt.WebcamCloseTask - Closing Dummy Webcam 0
    [junit] [atomic-processor-1] INFO com.github.sarxos.webcam.ds.cgt.WebcamOpenTask - Opening webcam Dummy Webcam 0
    [junit] [atomic-processor-1] INFO com.github.sarxos.webcam.ds.cgt.WebcamCloseTask - Closing Dummy Webcam 0
    [junit] 

BUILD SUCCESSFUL
Total time: 11 minutes 41 seconds
