<?xml version="1.0" encoding="UTF-8" ?>
<testsuite errors="0" failures="0" hostname="travis-job-1b937ac3-14e2-49ff-9808-75138ad2022a" name="ptolemy.domains.continuous.test.junit.JUnitTclTest" skipped="0" tests="156" time="67.735" timestamp="2020-02-04T17:54:19">
  <properties>
[...]
</properties>
  <testcase classname="ptolemy.util.test.junit.TclTests" name="[0] ThereAreNoTclTests (RunTclFile)" time="0.015" />
  <testcase classname="ptolemy.util.test.junit.AutoKnownFailedTests" name="[0] ThereAreNoKnowFailedTests (RunModel)" time="0.002" />
  <testcase classname="ptolemy.util.test.junit.AutoNameArchTests" name="[0] ThereAreNoAutoArchTests (RunModel)" time="0.02" />
  <testcase classname="ptolemy.util.test.junit.AutoTests" name="[0] /home/travis/build/icyphy/ptII/ptolemy/domains/continuous/test/auto/BouncingBall.xml (RunModel)" time="2.757" />
  <testcase classname="ptolemy.util.test.junit.AutoTests" name="[1] /home/travis/build/icyphy/ptII/ptolemy/domains/continuous/test/auto/BouncingBallWithoutGR.xml (RunModel)" time="0.872" />
  <testcase classname="ptolemy.util.test.junit.AutoTests" name="[2] /home/travis/build/icyphy/ptII/ptolemy/domains/continuous/test/auto/Brownian.xml (RunModel)" time="0.092" />
  <testcase classname="ptolemy.util.test.junit.AutoTests" name="[3] /home/travis/build/icyphy/ptII/ptolemy/domains/continuous/test/auto/CarTracking.xml (RunModel)" time="3.865" />
  <testcase classname="ptolemy.util.test.junit.AutoTests" name="[4] /home/travis/build/icyphy/ptII/ptolemy/domains/continuous/test/auto/CartPendulum.xml (RunModel)" time="0.526" />
  <testcase classname="ptolemy.util.test.junit.AutoTests" name="[5] /home/travis/build/icyphy/ptII/ptolemy/domains/continuous/test/auto/CausalityInterface10.xml (RunModel)" time="0.043" />
  <testcase classname="ptolemy.util.test.junit.AutoTests" name="[6] /home/travis/build/icyphy/ptII/ptolemy/domains/continuous/test/auto/CausalityInterface11.xml (RunModel)" time="0.029" />
  <testcase classname="ptolemy.util.test.junit.AutoTests" name="[7] /home/travis/build/icyphy/ptII/ptolemy/domains/continuous/test/auto/CausalityInterface12.xml (RunModel)" time="0.026" />
  <testcase classname="ptolemy.util.test.junit.AutoTests" name="[8] /home/travis/build/icyphy/ptII/ptolemy/domains/continuous/test/auto/CausalityInterface13.xml (RunModel)" time="0.042" />
  <testcase classname="ptolemy.util.test.junit.AutoTests" name="[9] /home/travis/build/icyphy/ptII/ptolemy/domains/continuous/test/auto/CausalityInterface14.xml (RunModel)" time="0.028" />
  <testcase classname="ptolemy.util.test.junit.AutoTests" name="[10] /home/travis/build/icyphy/ptII/ptolemy/domains/continuous/test/auto/CausalityInterface4.xml (RunModel)" time="0.029" />
  <testcase classname="ptolemy.util.test.junit.AutoTests" name="[11] /home/travis/build/icyphy/ptII/ptolemy/domains/continuous/test/auto/CausalityInterface5.xml (RunModel)" time="0.035" />
  <testcase classname="ptolemy.util.test.junit.AutoTests" name="[12] /home/travis/build/icyphy/ptII/ptolemy/domains/continuous/test/auto/CausalityInterface6.xml (RunModel)" time="0.024" />
  <testcase classname="ptolemy.util.test.junit.AutoTests" name="[13] /home/travis/build/icyphy/ptII/ptolemy/domains/continuous/test/auto/CausalityInterface7.xml (RunModel)" time="0.04" />
  <testcase classname="ptolemy.util.test.junit.AutoTests" name="[14] /home/travis/build/icyphy/ptII/ptolemy/domains/continuous/test/auto/CausalityInterface8.xml (RunModel)" time="0.036" />
  <testcase classname="ptolemy.util.test.junit.AutoTests" name="[15] /home/travis/build/icyphy/ptII/ptolemy/domains/continuous/test/auto/CausalityInterface9.xml (RunModel)" time="0.042" />
  <testcase classname="ptolemy.util.test.junit.AutoTests" name="[16] /home/travis/build/icyphy/ptII/ptolemy/domains/continuous/test/auto/CausalityInterfaceFeedback1.xml (RunModel)" time="0.027" />
  <testcase classname="ptolemy.util.test.junit.AutoTests" name="[17] /home/travis/build/icyphy/ptII/ptolemy/domains/continuous/test/auto/CausalityInterfaceFeedback2.xml (RunModel)" time="0.031" />
  <testcase classname="ptolemy.util.test.junit.AutoTests" name="[18] /home/travis/build/icyphy/ptII/ptolemy/domains/continuous/test/auto/CompareWithCurrentTime.xml (RunModel)" time="0.024" />
  <testcase classname="ptolemy.util.test.junit.AutoTests" name="[19] /home/travis/build/icyphy/ptII/ptolemy/domains/continuous/test/auto/ComparedClocks.xml (RunModel)" time="0.062" />
  <testcase classname="ptolemy.util.test.junit.AutoTests" name="[20] /home/travis/build/icyphy/ptII/ptolemy/domains/continuous/test/auto/ContinuousAOCClone.xml (RunModel)" time="2.5" />
  <testcase classname="ptolemy.util.test.junit.AutoTests" name="[21] /home/travis/build/icyphy/ptII/ptolemy/domains/continuous/test/auto/ContinuousClock.xml (RunModel)" time="0.09" />
  <testcase classname="ptolemy.util.test.junit.AutoTests" name="[22] /home/travis/build/icyphy/ptII/ptolemy/domains/continuous/test/auto/ContinuousInContinuous.xml (RunModel)" time="0.081" />
  <testcase classname="ptolemy.util.test.junit.AutoTests" name="[23] /home/travis/build/icyphy/ptII/ptolemy/domains/continuous/test/auto/ContinuousInContinuousInContinuous.xml (RunModel)" time="0.023" />
  <testcase classname="ptolemy.util.test.junit.AutoTests" name="[24] /home/travis/build/icyphy/ptII/ptolemy/domains/continuous/test/auto/ContinuousInDE.xml (RunModel)" time="0.104" />
  <testcase classname="ptolemy.util.test.junit.AutoTests" name="[25] /home/travis/build/icyphy/ptII/ptolemy/domains/continuous/test/auto/ContinuousInDE2.xml (RunModel)" time="0.044" />
  <testcase classname="ptolemy.util.test.junit.AutoTests" name="[26] /home/travis/build/icyphy/ptII/ptolemy/domains/continuous/test/auto/ContinuousInDE3.xml (RunModel)" time="0.044" />
  <testcase classname="ptolemy.util.test.junit.AutoTests" name="[27] /home/travis/build/icyphy/ptII/ptolemy/domains/continuous/test/auto/ContinuousInDE4.xml (RunModel)" time="0.022" />
  <testcase classname="ptolemy.util.test.junit.AutoTests" name="[28] /home/travis/build/icyphy/ptII/ptolemy/domains/continuous/test/auto/ContinuousInDEDifferentRefinements.xml (RunModel)" time="0.077" />
  <testcase classname="ptolemy.util.test.junit.AutoTests" name="[29] /home/travis/build/icyphy/ptII/ptolemy/domains/continuous/test/auto/ContinuousInDEDifferentRefinementsPreemptive.xml (RunModel)" time="0.077" />
  <testcase classname="ptolemy.util.test.junit.AutoTests" name="[30] /home/travis/build/icyphy/ptII/ptolemy/domains/continuous/test/auto/ContinuousInDEInContinuous2.xml (RunModel)" time="0.05" />
  <testcase classname="ptolemy.util.test.junit.AutoTests" name="[31] /home/travis/build/icyphy/ptII/ptolemy/domains/continuous/test/auto/ContinuousInDEInContinuous3.xml (RunModel)" time="0.061" />
  <testcase classname="ptolemy.util.test.junit.AutoTests" name="[32] /home/travis/build/icyphy/ptII/ptolemy/domains/continuous/test/auto/ContinuousInDEInput.xml (RunModel)" time="0.028" />
  <testcase classname="ptolemy.util.test.junit.AutoTests" name="[33] /home/travis/build/icyphy/ptII/ptolemy/domains/continuous/test/auto/ContinuousInDEInput2.xml (RunModel)" time="0.027" />
  <testcase classname="ptolemy.util.test.junit.AutoTests" name="[34] /home/travis/build/icyphy/ptII/ptolemy/domains/continuous/test/auto/ContinuousInDEInput3.xml (RunModel)" time="0.027" />
  <testcase classname="ptolemy.util.test.junit.AutoTests" name="[35] /home/travis/build/icyphy/ptII/ptolemy/domains/continuous/test/auto/ContinuousInDESharingRefinement.xml (RunModel)" time="0.159" />
  <testcase classname="ptolemy.util.test.junit.AutoTests" name="[36] /home/travis/build/icyphy/ptII/ptolemy/domains/continuous/test/auto/ContinuousInDEwithNoPorts.xml (RunModel)" time="0.016" />
  <testcase classname="ptolemy.util.test.junit.AutoTests" name="[37] /home/travis/build/icyphy/ptII/ptolemy/domains/continuous/test/auto/ContinuousInsideDE.xml (RunModel)" time="0.083" />
  <testcase classname="ptolemy.util.test.junit.AutoTests" name="[38] /home/travis/build/icyphy/ptII/ptolemy/domains/continuous/test/auto/ContinuousMerge1.xml (RunModel)" time="0.02" />
  <testcase classname="ptolemy.util.test.junit.AutoTests" name="[39] /home/travis/build/icyphy/ptII/ptolemy/domains/continuous/test/auto/ContinuousMerge2.xml (RunModel)" time="0.043" />
  <testcase classname="ptolemy.util.test.junit.AutoTests" name="[40] /home/travis/build/icyphy/ptII/ptolemy/domains/continuous/test/auto/ContinuousMerge3.xml (RunModel)" time="0.065" />
  <testcase classname="ptolemy.util.test.junit.AutoTests" name="[41] /home/travis/build/icyphy/ptII/ptolemy/domains/continuous/test/auto/ContinuousWithinContinuous.xml (RunModel)" time="0.048" />
  <testcase classname="ptolemy.util.test.junit.AutoTests" name="[42] /home/travis/build/icyphy/ptII/ptolemy/domains/continuous/test/auto/ContinuousWithinContinuous2.xml (RunModel)" time="0.077" />
  <testcase classname="ptolemy.util.test.junit.AutoTests" name="[43] /home/travis/build/icyphy/ptII/ptolemy/domains/continuous/test/auto/ContinuousWithinContinuous3.xml (RunModel)" time="0.031" />
  <testcase classname="ptolemy.util.test.junit.AutoTests" name="[44] /home/travis/build/icyphy/ptII/ptolemy/domains/continuous/test/auto/ContinuousWithinContinuous4.xml (RunModel)" time="0.08" />
  <testcase classname="ptolemy.util.test.junit.AutoTests" name="[45] /home/travis/build/icyphy/ptII/ptolemy/domains/continuous/test/auto/ContinuousWithinContinuous5.xml (RunModel)" time="0.031" />
  <testcase classname="ptolemy.util.test.junit.AutoTests" name="[46] /home/travis/build/icyphy/ptII/ptolemy/domains/continuous/test/auto/ContinuousWithinContinuous6.xml (RunModel)" time="0.03" />
  <testcase classname="ptolemy.util.test.junit.AutoTests" name="[47] /home/travis/build/icyphy/ptII/ptolemy/domains/continuous/test/auto/ContinuousWithinContinuous7.xml (RunModel)" time="0.067" />
  <testcase classname="ptolemy.util.test.junit.AutoTests" name="[48] /home/travis/build/icyphy/ptII/ptolemy/domains/continuous/test/auto/DCMotor.xml (RunModel)" time="11.917" />
  <testcase classname="ptolemy.util.test.junit.AutoTests" name="[49] /home/travis/build/icyphy/ptII/ptolemy/domains/continuous/test/auto/DEInContinuous.xml (RunModel)" time="0.032" />
  <testcase classname="ptolemy.util.test.junit.AutoTests" name="[50] /home/travis/build/icyphy/ptII/ptolemy/domains/continuous/test/auto/DEinContinuous2.xml (RunModel)" time="0.026" />
  <testcase classname="ptolemy.util.test.junit.AutoTests" name="[51] /home/travis/build/icyphy/ptII/ptolemy/domains/continuous/test/auto/Derivative.xml (RunModel)" time="0.173" />
  <testcase classname="ptolemy.util.test.junit.AutoTests" name="[52] /home/travis/build/icyphy/ptII/ptolemy/domains/continuous/test/auto/Derivative1.xml (RunModel)" time="0.05" />
  <testcase classname="ptolemy.util.test.junit.AutoTests" name="[53] /home/travis/build/icyphy/ptII/ptolemy/domains/continuous/test/auto/DiscreteClock.xml (RunModel)" time="0.015" />
  <testcase classname="ptolemy.util.test.junit.AutoTests" name="[54] /home/travis/build/icyphy/ptII/ptolemy/domains/continuous/test/auto/EfficiencyCurve.xml (RunModel)" time="0.077" />
  <testcase classname="ptolemy.util.test.junit.AutoTests" name="[55] /home/travis/build/icyphy/ptII/ptolemy/domains/continuous/test/auto/ExponentialResponse.xml (RunModel)" time="0.11" />
  <testcase classname="ptolemy.util.test.junit.AutoTests" name="[56] /home/travis/build/icyphy/ptII/ptolemy/domains/continuous/test/auto/ExponentialResponseRK45.xml (RunModel)" time="0.03" />
  <testcase classname="ptolemy.util.test.junit.AutoTests" name="[57] /home/travis/build/icyphy/ptII/ptolemy/domains/continuous/test/auto/Friction.xml (RunModel)" time="1.545" />
  <testcase classname="ptolemy.util.test.junit.AutoTests" name="[58] /home/travis/build/icyphy/ptII/ptolemy/domains/continuous/test/auto/FurutaPendulum.xml (RunModel)" time="2.938" />
  <testcase classname="ptolemy.util.test.junit.AutoTests" name="[59] /home/travis/build/icyphy/ptII/ptolemy/domains/continuous/test/auto/HierarchicalExecution.xml (RunModel)" time="1.868" />
  <testcase classname="ptolemy.util.test.junit.AutoTests" name="[60] /home/travis/build/icyphy/ptII/ptolemy/domains/continuous/test/auto/HybridPlant.xml (RunModel)" time="0.56" />
  <testcase classname="ptolemy.util.test.junit.AutoTests" name="[61] /home/travis/build/icyphy/ptII/ptolemy/domains/continuous/test/auto/Hysteresis.xml (RunModel)" time="0.169" />
  <testcase classname="ptolemy.util.test.junit.AutoTests" name="[62] /home/travis/build/icyphy/ptII/ptolemy/domains/continuous/test/auto/HysteresisWithRandomDelay.xml (RunModel)" time="0.217" />
  <testcase classname="ptolemy.util.test.junit.AutoTests" name="[63] /home/travis/build/icyphy/ptII/ptolemy/domains/continuous/test/auto/HysteresisWithRandomLosses.xml (RunModel)" time="2.253" />
  <testcase classname="ptolemy.util.test.junit.AutoTests" name="[64] /home/travis/build/icyphy/ptII/ptolemy/domains/continuous/test/auto/ImmediateTransitions.xml (RunModel)" time="0.032" />
  <testcase classname="ptolemy.util.test.junit.AutoTests" name="[65] /home/travis/build/icyphy/ptII/ptolemy/domains/continuous/test/auto/ImpulseFeedback.xml (RunModel)" time="0.017" />
  <testcase classname="ptolemy.util.test.junit.AutoTests" name="[66] /home/travis/build/icyphy/ptII/ptolemy/domains/continuous/test/auto/ImpulseFeedback2.xml (RunModel)" time="0.018" />
  <testcase classname="ptolemy.util.test.junit.AutoTests" name="[67] /home/travis/build/icyphy/ptII/ptolemy/domains/continuous/test/auto/IncreasingRatePoisson.xml (RunModel)" time="0.615" />
  <testcase classname="ptolemy.util.test.junit.AutoTests" name="[68] /home/travis/build/icyphy/ptII/ptolemy/domains/continuous/test/auto/InitialStateFeedback.xml (RunModel)" time="0.013" />
  <testcase classname="ptolemy.util.test.junit.AutoTests" name="[69] /home/travis/build/icyphy/ptII/ptolemy/domains/continuous/test/auto/Integration.xml (RunModel)" time="0.009" />
  <testcase classname="ptolemy.util.test.junit.AutoTests" name="[70] /home/travis/build/icyphy/ptII/ptolemy/domains/continuous/test/auto/Integration2.xml (RunModel)" time="0.09" />
  <testcase classname="ptolemy.util.test.junit.AutoTests" name="[71] /home/travis/build/icyphy/ptII/ptolemy/domains/continuous/test/auto/Integration3.xml (RunModel)" time="0.012" />
  <testcase classname="ptolemy.util.test.junit.AutoTests" name="[72] /home/travis/build/icyphy/ptII/ptolemy/domains/continuous/test/auto/Integration5.xml (RunModel)" time="0.008" />
  <testcase classname="ptolemy.util.test.junit.AutoTests" name="[73] /home/travis/build/icyphy/ptII/ptolemy/domains/continuous/test/auto/IntegratorImpulse.xml (RunModel)" time="0.013" />
  <testcase classname="ptolemy.util.test.junit.AutoTests" name="[74] /home/travis/build/icyphy/ptII/ptolemy/domains/continuous/test/auto/IntegratorImpulse2.xml (RunModel)" time="0.01" />
  <testcase classname="ptolemy.util.test.junit.AutoTests" name="[75] /home/travis/build/icyphy/ptII/ptolemy/domains/continuous/test/auto/LevelCrossing1.xml (RunModel)" time="0.01" />
  <testcase classname="ptolemy.util.test.junit.AutoTests" name="[76] /home/travis/build/icyphy/ptII/ptolemy/domains/continuous/test/auto/LevelCrossing2.xml (RunModel)" time="0.011" />
  <testcase classname="ptolemy.util.test.junit.AutoTests" name="[77] /home/travis/build/icyphy/ptII/ptolemy/domains/continuous/test/auto/LevelCrossing3.xml (RunModel)" time="0.009" />
  <testcase classname="ptolemy.util.test.junit.AutoTests" name="[78] /home/travis/build/icyphy/ptII/ptolemy/domains/continuous/test/auto/LevelCrossing4.xml (RunModel)" time="0.012" />
  <testcase classname="ptolemy.util.test.junit.AutoTests" name="[79] /home/travis/build/icyphy/ptII/ptolemy/domains/continuous/test/auto/LevelCrossing5.xml (RunModel)" time="0.012" />
  <testcase classname="ptolemy.util.test.junit.AutoTests" name="[80] /home/travis/build/icyphy/ptII/ptolemy/domains/continuous/test/auto/LevelCrossing6.xml (RunModel)" time="0.01" />
  <testcase classname="ptolemy.util.test.junit.AutoTests" name="[81] /home/travis/build/icyphy/ptII/ptolemy/domains/continuous/test/auto/LevelCrossingDetector.xml (RunModel)" time="0.034" />
  <testcase classname="ptolemy.util.test.junit.AutoTests" name="[82] /home/travis/build/icyphy/ptII/ptolemy/domains/continuous/test/auto/LevelCrossingDetectorDetectingDirections.xml (RunModel)" time="0.079" />
  <testcase classname="ptolemy.util.test.junit.AutoTests" name="[83] /home/travis/build/icyphy/ptII/ptolemy/domains/continuous/test/auto/LevelCrossingDetectorDetectsGlitches.xml (RunModel)" time="0.058" />
  <testcase classname="ptolemy.util.test.junit.AutoTests" name="[84] /home/travis/build/icyphy/ptII/ptolemy/domains/continuous/test/auto/LevelCrossingNoInitialOuput.xml (RunModel)" time="0.015" />
  <testcase classname="ptolemy.util.test.junit.AutoTests" name="[85] /home/travis/build/icyphy/ptII/ptolemy/domains/continuous/test/auto/LinearStateSpaceExample.xml (RunModel)" time="0.1" />
  <testcase classname="ptolemy.util.test.junit.AutoTests" name="[86] /home/travis/build/icyphy/ptII/ptolemy/domains/continuous/test/auto/Lorenz.xml (RunModel)" time="3.142" />
  <testcase classname="ptolemy.util.test.junit.AutoTests" name="[87] /home/travis/build/icyphy/ptII/ptolemy/domains/continuous/test/auto/LorenzDifferentialSystem.xml (RunModel)" time="0.937" />
  <testcase classname="ptolemy.util.test.junit.AutoTests" name="[88] /home/travis/build/icyphy/ptII/ptolemy/domains/continuous/test/auto/LorenzDifferentialSystemWithInput.xml (RunModel)" time="1.214" />
  <testcase classname="ptolemy.util.test.junit.AutoTests" name="[89] /home/travis/build/icyphy/ptII/ptolemy/domains/continuous/test/auto/LorenzDifferentialSystemWithTime.xml (RunModel)" time="0.625" />
  <testcase classname="ptolemy.util.test.junit.AutoTests" name="[90] /home/travis/build/icyphy/ptII/ptolemy/domains/continuous/test/auto/Microsteps.xml (RunModel)" time="0.025" />
  <testcase classname="ptolemy.util.test.junit.AutoTests" name="[91] /home/travis/build/icyphy/ptII/ptolemy/domains/continuous/test/auto/Modal1.xml (RunModel)" time="0.034" />
  <testcase classname="ptolemy.util.test.junit.AutoTests" name="[92] /home/travis/build/icyphy/ptII/ptolemy/domains/continuous/test/auto/Modal2.xml (RunModel)" time="0.044" />
  <testcase classname="ptolemy.util.test.junit.AutoTests" name="[93] /home/travis/build/icyphy/ptII/ptolemy/domains/continuous/test/auto/ModalTransitionGuardWithReset.xml (RunModel)" time="0.022" />
  <testcase classname="ptolemy.util.test.junit.AutoTests" name="[94] /home/travis/build/icyphy/ptII/ptolemy/domains/continuous/test/auto/ModalTransitionGuardWithResetUsingPreemptiveTransition.xml (RunModel)" time="0.023" />
  <testcase classname="ptolemy.util.test.junit.AutoTests" name="[95] /home/travis/build/icyphy/ptII/ptolemy/domains/continuous/test/auto/ModalTransitionGuardWithResetUsingPreemptiveTransition2.xml (RunModel)" time="0.029" />
  <testcase classname="ptolemy.util.test.junit.AutoTests" name="[96] /home/travis/build/icyphy/ptII/ptolemy/domains/continuous/test/auto/ModalTransitionGuardWithResetUsingPreemptiveTransition3.xml (RunModel)" time="0.022" />
  <testcase classname="ptolemy.util.test.junit.AutoTests" name="[97] /home/travis/build/icyphy/ptII/ptolemy/domains/continuous/test/auto/NewtonsCradle.xml (RunModel)" time="0.703" />
  <testcase classname="ptolemy.util.test.junit.AutoTests" name="[98] /home/travis/build/icyphy/ptII/ptolemy/domains/continuous/test/auto/NewtonsCradleAnimated.xml (RunModel)" time="1.206" />
  <testcase classname="ptolemy.util.test.junit.AutoTests" name="[99] /home/travis/build/icyphy/ptII/ptolemy/domains/continuous/test/auto/NewtonsCradleComplicated.xml (RunModel)" time="0.903" />
  <testcase classname="ptolemy.util.test.junit.AutoTests" name="[100] /home/travis/build/icyphy/ptII/ptolemy/domains/continuous/test/auto/NewtonsCradleNondeterministic.xml (RunModel)" time="0.67" />
  <testcase classname="ptolemy.util.test.junit.AutoTests" name="[101] /home/travis/build/icyphy/ptII/ptolemy/domains/continuous/test/auto/NewtonsCradlePerfectlyInelastic1.xml (RunModel)" time="1.094" />
  <testcase classname="ptolemy.util.test.junit.AutoTests" name="[102] /home/travis/build/icyphy/ptII/ptolemy/domains/continuous/test/auto/Noise.xml (RunModel)" time="0.197" />
  <testcase classname="ptolemy.util.test.junit.AutoTests" name="[103] /home/travis/build/icyphy/ptII/ptolemy/domains/continuous/test/auto/NoiseSpectrum.xml (RunModel)" time="0.662" />
  <testcase classname="ptolemy.util.test.junit.AutoTests" name="[104] /home/travis/build/icyphy/ptII/ptolemy/domains/continuous/test/auto/ParameterizedNewtonsCradleAnimated.xml (RunModel)" time="0.323" />
  <testcase classname="ptolemy.util.test.junit.AutoTests" name="[105] /home/travis/build/icyphy/ptII/ptolemy/domains/continuous/test/auto/ParameterizedNewtonsCradleAnimatedNondeterministic.xml (RunModel)" time="1.087" />
  <testcase classname="ptolemy.util.test.junit.AutoTests" name="[106] /home/travis/build/icyphy/ptII/ptolemy/domains/continuous/test/auto/Pendulum3D.xml (RunModel)" time="0.159" />
  <testcase classname="ptolemy.util.test.junit.AutoTests" name="[107] /home/travis/build/icyphy/ptII/ptolemy/domains/continuous/test/auto/PeriodicSampler.xml (RunModel)" time="0.013" />
  <testcase classname="ptolemy.util.test.junit.AutoTests" name="[108] /home/travis/build/icyphy/ptII/ptolemy/domains/continuous/test/auto/PeriodicSampler1.xml (RunModel)" time="0.036" />
  <testcase classname="ptolemy.util.test.junit.AutoTests" name="[109] /home/travis/build/icyphy/ptII/ptolemy/domains/continuous/test/auto/PeriodicSampler2.xml (RunModel)" time="0.07" />
  <testcase classname="ptolemy.util.test.junit.AutoTests" name="[110] /home/travis/build/icyphy/ptII/ptolemy/domains/continuous/test/auto/Poisson.xml (RunModel)" time="0.431" />
  <testcase classname="ptolemy.util.test.junit.AutoTests" name="[111] /home/travis/build/icyphy/ptII/ptolemy/domains/continuous/test/auto/PoissonClock.xml (RunModel)" time="0.011" />
  <testcase classname="ptolemy.util.test.junit.AutoTests" name="[112] /home/travis/build/icyphy/ptII/ptolemy/domains/continuous/test/auto/PoissonClock2.xml (RunModel)" time="0.01" />
  <testcase classname="ptolemy.util.test.junit.AutoTests" name="[113] /home/travis/build/icyphy/ptII/ptolemy/domains/continuous/test/auto/PortParameterHierarchy.xml (RunModel)" time="0.024" />
  <testcase classname="ptolemy.util.test.junit.AutoTests" name="[114] /home/travis/build/icyphy/ptII/ptolemy/domains/continuous/test/auto/RandomHybridPlant.xml (RunModel)" time="0.503" />
  <testcase classname="ptolemy.util.test.junit.AutoTests" name="[115] /home/travis/build/icyphy/ptII/ptolemy/domains/continuous/test/auto/ResetTransitionWithStartTime1.xml (RunModel)" time="0.025" />
  <testcase classname="ptolemy.util.test.junit.AutoTests" name="[116] /home/travis/build/icyphy/ptII/ptolemy/domains/continuous/test/auto/ResetTransitionWithStartTime2.xml (RunModel)" time="0.03" />
  <testcase classname="ptolemy.util.test.junit.AutoTests" name="[117] /home/travis/build/icyphy/ptII/ptolemy/domains/continuous/test/auto/ResetTransitionWithStartTime3.xml (RunModel)" time="0.03" />
  <testcase classname="ptolemy.util.test.junit.AutoTests" name="[118] /home/travis/build/icyphy/ptII/ptolemy/domains/continuous/test/auto/ResetTransitionWithStartTime4.xml (RunModel)" time="0.021" />
  <testcase classname="ptolemy.util.test.junit.AutoTests" name="[119] /home/travis/build/icyphy/ptII/ptolemy/domains/continuous/test/auto/ResetTransitionWithStartTime5.xml (RunModel)" time="0.029" />
  <testcase classname="ptolemy.util.test.junit.AutoTests" name="[120] /home/travis/build/icyphy/ptII/ptolemy/domains/continuous/test/auto/ResetTransitionWithStartTime6.xml (RunModel)" time="0.022" />
  <testcase classname="ptolemy.util.test.junit.AutoTests" name="[121] /home/travis/build/icyphy/ptII/ptolemy/domains/continuous/test/auto/SRinContinuous.xml (RunModel)" time="0.034" />
  <testcase classname="ptolemy.util.test.junit.AutoTests" name="[122] /home/travis/build/icyphy/ptII/ptolemy/domains/continuous/test/auto/SampledClocks.xml (RunModel)" time="0.03" />
  <testcase classname="ptolemy.util.test.junit.AutoTests" name="[123] /home/travis/build/icyphy/ptII/ptolemy/domains/continuous/test/auto/Satellite.xml (RunModel)" time="0.617" />
  <testcase classname="ptolemy.util.test.junit.AutoTests" name="[124] /home/travis/build/icyphy/ptII/ptolemy/domains/continuous/test/auto/SigmaDelta.xml (RunModel)" time="2.059" />
  <testcase classname="ptolemy.util.test.junit.AutoTests" name="[125] /home/travis/build/icyphy/ptII/ptolemy/domains/continuous/test/auto/SingleRefinement.xml (RunModel)" time="0.428" />
  <testcase classname="ptolemy.util.test.junit.AutoTests" name="[126] /home/travis/build/icyphy/ptII/ptolemy/domains/continuous/test/auto/SinuBouncingBall.xml (RunModel)" time="0.936" />
  <testcase classname="ptolemy.util.test.junit.AutoTests" name="[127] /home/travis/build/icyphy/ptII/ptolemy/domains/continuous/test/auto/Sinusoid.xml (RunModel)" time="0.015" />
  <testcase classname="ptolemy.util.test.junit.AutoTests" name="[128] /home/travis/build/icyphy/ptII/ptolemy/domains/continuous/test/auto/SinusoidInNoise.xml (RunModel)" time="0.758" />
  <testcase classname="ptolemy.util.test.junit.AutoTests" name="[129] /home/travis/build/icyphy/ptII/ptolemy/domains/continuous/test/auto/SinusoidRK45.xml (RunModel)" time="0.01" />
  <testcase classname="ptolemy.util.test.junit.AutoTests" name="[130] /home/travis/build/icyphy/ptII/ptolemy/domains/continuous/test/auto/SinusoidWithMultipleImpulses.xml (RunModel)" time="0.011" />
  <testcase classname="ptolemy.util.test.junit.AutoTests" name="[131] /home/travis/build/icyphy/ptII/ptolemy/domains/continuous/test/auto/SquareWave.xml (RunModel)" time="0.164" />
  <testcase classname="ptolemy.util.test.junit.AutoTests" name="[132] /home/travis/build/icyphy/ptII/ptolemy/domains/continuous/test/auto/Starmac.xml (RunModel)" time="3.471" />
  <testcase classname="ptolemy.util.test.junit.AutoTests" name="[133] /home/travis/build/icyphy/ptII/ptolemy/domains/continuous/test/auto/StaticUnits.xml (RunModel)" time="2.431" />
  <testcase classname="ptolemy.util.test.junit.AutoTests" name="[134] /home/travis/build/icyphy/ptII/ptolemy/domains/continuous/test/auto/StickyMasses.xml (RunModel)" time="0.188" />
  <testcase classname="ptolemy.util.test.junit.AutoTests" name="[135] /home/travis/build/icyphy/ptII/ptolemy/domains/continuous/test/auto/StopTime.xml (RunModel)" time="0.06" />
  <testcase classname="ptolemy.util.test.junit.AutoTests" name="[136] /home/travis/build/icyphy/ptII/ptolemy/domains/continuous/test/auto/StopTime2.xml (RunModel)" time="0.06" />
  <testcase classname="ptolemy.util.test.junit.AutoTests" name="[137] /home/travis/build/icyphy/ptII/ptolemy/domains/continuous/test/auto/Switch.xml (RunModel)" time="0.056" />
  <testcase classname="ptolemy.util.test.junit.AutoTests" name="[138] /home/travis/build/icyphy/ptII/ptolemy/domains/continuous/test/auto/Thermostat.xml (RunModel)" time="0.191" />
  <testcase classname="ptolemy.util.test.junit.AutoTests" name="[139] /home/travis/build/icyphy/ptII/ptolemy/domains/continuous/test/auto/TimeDelay.xml (RunModel)" time="0.013" />
  <testcase classname="ptolemy.util.test.junit.AutoTests" name="[140] /home/travis/build/icyphy/ptII/ptolemy/domains/continuous/test/auto/TimeDelay2.xml (RunModel)" time="0.023" />
  <testcase classname="ptolemy.util.test.junit.AutoTests" name="[141] /home/travis/build/icyphy/ptII/ptolemy/domains/continuous/test/auto/TimeDelay3.xml (RunModel)" time="0.009" />
  <testcase classname="ptolemy.util.test.junit.AutoTests" name="[142] /home/travis/build/icyphy/ptII/ptolemy/domains/continuous/test/auto/TransferAbsentToInside.xml (RunModel)" time="0.091" />
  <testcase classname="ptolemy.util.test.junit.AutoTests" name="[143] /home/travis/build/icyphy/ptII/ptolemy/domains/continuous/test/auto/Transmission.xml (RunModel)" time="0.751" />
  <testcase classname="ptolemy.util.test.junit.AutoTests" name="[144] /home/travis/build/icyphy/ptII/ptolemy/domains/continuous/test/auto/TriggeredContinuousClock.xml (RunModel)" time="0.068" />
  <testcase classname="ptolemy.util.test.junit.AutoTests" name="[145] /home/travis/build/icyphy/ptII/ptolemy/domains/continuous/test/auto/TwoMachineInfiniteBusControl.xml (RunModel)" time="2.409" />
  <testcase classname="ptolemy.util.test.junit.AutoTests" name="[146] /home/travis/build/icyphy/ptII/ptolemy/domains/continuous/test/auto/V2V.xml (RunModel)" time="0.676" />
  <testcase classname="ptolemy.util.test.junit.AutoTests" name="[147] /home/travis/build/icyphy/ptII/ptolemy/domains/continuous/test/auto/hierarchicalModalModel.xml (RunModel)" time="0.027" />
  <testcase classname="ptolemy.util.test.junit.AutoTests" name="[148] /home/travis/build/icyphy/ptII/ptolemy/domains/continuous/test/auto/hierarchicalModalModel1.xml (RunModel)" time="0.029" />
  <testcase classname="ptolemy.util.test.junit.AutoTests" name="[149] /home/travis/build/icyphy/ptII/ptolemy/domains/continuous/test/auto/hierarchicalModalModel2.xml (RunModel)" time="0.035" />
  <testcase classname="ptolemy.util.test.junit.AutoTests" name="[150] /home/travis/build/icyphy/ptII/ptolemy/domains/continuous/test/auto/hierarchicalModalModel3.xml (RunModel)" time="0.023" />
  <testcase classname="ptolemy.util.test.junit.AutoTests" name="[151] /home/travis/build/icyphy/ptII/ptolemy/domains/continuous/test/auto/hierarchicalModalModel4.xml (RunModel)" time="0.023" />
  <testcase classname="ptolemy.util.test.junit.AutoTests" name="[152] /home/travis/build/icyphy/ptII/ptolemy/domains/continuous/test/auto/junk.xml (RunModel)" time="0.127" />
  <system-out><![CDATA[No tcl tests in /home/travis/build/icyphy/ptII/ptolemy/domains/continuous/test
No auto/knownFailedTests/*.xml tests in /home/travis/build/icyphy/ptII/ptolemy/domains/continuous/test
No auto/linux-amd64/*.xml tests in /home/travis/build/icyphy/ptII/ptolemy/domains/continuous/test
AutoTests.java: About to close Vertx.
AutoTests.java: Vertx closed.

===========================================================================================
----------------- testing Tue Feb 04 17:54:19 UTC 2020 /home/travis/build/icyphy/ptII/ptolemy/domains/continuous/test/auto/BouncingBall.xml
----------------- Instantiating /home/travis/build/icyphy/ptII/ptolemy/domains/continuous/test/auto/BouncingBall.xml
2126 ms. Memory: 129024K Free: 107475K (83%)
----------------- Invoking toplevel() on ptolemy.moml.MoMLSimpleApplication@624221d1
----------------- Done invoking toplevel() on ptolemy.moml.MoMLSimpleApplication@624221d1
reloadAllAccessors: .BouncingBall

===========================================================================================
----------------- testing Tue Feb 04 17:54:22 UTC 2020 /home/travis/build/icyphy/ptII/ptolemy/domains/continuous/test/auto/BouncingBallWithoutGR.xml
----------------- Instantiating /home/travis/build/icyphy/ptII/ptolemy/domains/continuous/test/auto/BouncingBallWithoutGR.xml
712 ms. Memory: 155648K Free: 100785K (65%)
----------------- Invoking toplevel() on ptolemy.moml.MoMLSimpleApplication@5d0cfff3
----------------- Done invoking toplevel() on ptolemy.moml.MoMLSimpleApplication@5d0cfff3
reloadAllAccessors: .BouncingBallWithoutGR

===========================================================================================
----------------- testing Tue Feb 04 17:54:23 UTC 2020 /home/travis/build/icyphy/ptII/ptolemy/domains/continuous/test/auto/Brownian.xml
----------------- Instantiating /home/travis/build/icyphy/ptII/ptolemy/domains/continuous/test/auto/Brownian.xml
21 ms. Memory: 155648K Free: 92079K (59%)
----------------- Invoking toplevel() on ptolemy.moml.MoMLSimpleApplication@521cf918
----------------- Done invoking toplevel() on ptolemy.moml.MoMLSimpleApplication@521cf918
reloadAllAccessors: .Brownian

===========================================================================================
----------------- testing Tue Feb 04 17:54:23 UTC 2020 /home/travis/build/icyphy/ptII/ptolemy/domains/continuous/test/auto/CarTracking.xml
----------------- Instantiating /home/travis/build/icyphy/ptII/ptolemy/domains/continuous/test/auto/CarTracking.xml
3398 ms. Memory: 187392K Free: 79923K (43%)
----------------- Invoking toplevel() on ptolemy.moml.MoMLSimpleApplication@4a76fb75
----------------- Done invoking toplevel() on ptolemy.moml.MoMLSimpleApplication@4a76fb75
reloadAllAccessors: .CarTracking

===========================================================================================
----------------- testing Tue Feb 04 17:54:27 UTC 2020 /home/travis/build/icyphy/ptII/ptolemy/domains/continuous/test/auto/CartPendulum.xml
----------------- Instantiating /home/travis/build/icyphy/ptII/ptolemy/domains/continuous/test/auto/CartPendulum.xml
363 ms. Memory: 225280K Free: 133757K (59%)
----------------- Invoking toplevel() on ptolemy.moml.MoMLSimpleApplication@68fbc596
----------------- Done invoking toplevel() on ptolemy.moml.MoMLSimpleApplication@68fbc596
reloadAllAccessors: .CartPendulum

===========================================================================================
----------------- testing Tue Feb 04 17:54:27 UTC 2020 /home/travis/build/icyphy/ptII/ptolemy/domains/continuous/test/auto/CausalityInterface10.xml
----------------- Instantiating /home/travis/build/icyphy/ptII/ptolemy/domains/continuous/test/auto/CausalityInterface10.xml
8 ms. Memory: 225280K Free: 123531K (55%)
----------------- Invoking toplevel() on ptolemy.moml.MoMLSimpleApplication@6d9d85ab
----------------- Done invoking toplevel() on ptolemy.moml.MoMLSimpleApplication@6d9d85ab
reloadAllAccessors: .CausalityInterface10

===========================================================================================
----------------- testing Tue Feb 04 17:54:27 UTC 2020 /home/travis/build/icyphy/ptII/ptolemy/domains/continuous/test/auto/CausalityInterface11.xml
----------------- Instantiating /home/travis/build/icyphy/ptII/ptolemy/domains/continuous/test/auto/CausalityInterface11.xml
6 ms. Memory: 225280K Free: 117387K (52%)
----------------- Invoking toplevel() on ptolemy.moml.MoMLSimpleApplication@7937bfdb
----------------- Done invoking toplevel() on ptolemy.moml.MoMLSimpleApplication@7937bfdb
reloadAllAccessors: .CausalityInterface11

===========================================================================================
----------------- testing Tue Feb 04 17:54:27 UTC 2020 /home/travis/build/icyphy/ptII/ptolemy/domains/continuous/test/auto/CausalityInterface12.xml
----------------- Instantiating /home/travis/build/icyphy/ptII/ptolemy/domains/continuous/test/auto/CausalityInterface12.xml
7 ms. Memory: 225280K Free: 111229K (49%)
----------------- Invoking toplevel() on ptolemy.moml.MoMLSimpleApplication@7a811244
----------------- Done invoking toplevel() on ptolemy.moml.MoMLSimpleApplication@7a811244
reloadAllAccessors: .CausalityInterface12

===========================================================================================
----------------- testing Tue Feb 04 17:54:27 UTC 2020 /home/travis/build/icyphy/ptII/ptolemy/domains/continuous/test/auto/CausalityInterface13.xml
----------------- Instantiating /home/travis/build/icyphy/ptII/ptolemy/domains/continuous/test/auto/CausalityInterface13.xml
17 ms. Memory: 225280K Free: 105085K (47%)
----------------- Invoking toplevel() on ptolemy.moml.MoMLSimpleApplication@11ea1e38
----------------- Done invoking toplevel() on ptolemy.moml.MoMLSimpleApplication@11ea1e38
reloadAllAccessors: .CausalityInterface13

===========================================================================================
----------------- testing Tue Feb 04 17:54:27 UTC 2020 /home/travis/build/icyphy/ptII/ptolemy/domains/continuous/test/auto/CausalityInterface14.xml
----------------- Instantiating /home/travis/build/icyphy/ptII/ptolemy/domains/continuous/test/auto/CausalityInterface14.xml
5 ms. Memory: 225280K Free: 99469K (44%)
----------------- Invoking toplevel() on ptolemy.moml.MoMLSimpleApplication@6a14cd09
----------------- Done invoking toplevel() on ptolemy.moml.MoMLSimpleApplication@6a14cd09
reloadAllAccessors: .CausalityInterface14

===========================================================================================
----------------- testing Tue Feb 04 17:54:27 UTC 2020 /home/travis/build/icyphy/ptII/ptolemy/domains/continuous/test/auto/CausalityInterface4.xml
----------------- Instantiating /home/travis/build/icyphy/ptII/ptolemy/domains/continuous/test/auto/CausalityInterface4.xml
7 ms. Memory: 225280K Free: 92797K (41%)
----------------- Invoking toplevel() on ptolemy.moml.MoMLSimpleApplication@6c7ff5c8
----------------- Done invoking toplevel() on ptolemy.moml.MoMLSimpleApplication@6c7ff5c8
reloadAllAccessors: .CausalityInterface4

===========================================================================================
----------------- testing Tue Feb 04 17:54:28 UTC 2020 /home/travis/build/icyphy/ptII/ptolemy/domains/continuous/test/auto/CausalityInterface5.xml
----------------- Instantiating /home/travis/build/icyphy/ptII/ptolemy/domains/continuous/test/auto/CausalityInterface5.xml
8 ms. Memory: 225280K Free: 84619K (38%)
----------------- Invoking toplevel() on ptolemy.moml.MoMLSimpleApplication@77405b65
----------------- Done invoking toplevel() on ptolemy.moml.MoMLSimpleApplication@77405b65
reloadAllAccessors: .CausalityInterface5

===========================================================================================
----------------- testing Tue Feb 04 17:54:28 UTC 2020 /home/travis/build/icyphy/ptII/ptolemy/domains/continuous/test/auto/CausalityInterface6.xml
----------------- Instantiating /home/travis/build/icyphy/ptII/ptolemy/domains/continuous/test/auto/CausalityInterface6.xml
6 ms. Memory: 225280K Free: 78989K (35%)
----------------- Invoking toplevel() on ptolemy.moml.MoMLSimpleApplication@24f2d74f
----------------- Done invoking toplevel() on ptolemy.moml.MoMLSimpleApplication@24f2d74f
reloadAllAccessors: .CausalityInterface6

===========================================================================================
----------------- testing Tue Feb 04 17:54:28 UTC 2020 /home/travis/build/icyphy/ptII/ptolemy/domains/continuous/test/auto/CausalityInterface7.xml
----------------- Instantiating /home/travis/build/icyphy/ptII/ptolemy/domains/continuous/test/auto/CausalityInterface7.xml
9 ms. Memory: 225280K Free: 205120K (91%)
----------------- Invoking toplevel() on ptolemy.moml.MoMLSimpleApplication@64876b1d
----------------- Done invoking toplevel() on ptolemy.moml.MoMLSimpleApplication@64876b1d
reloadAllAccessors: .CausalityInterface7

===========================================================================================
----------------- testing Tue Feb 04 17:54:28 UTC 2020 /home/travis/build/icyphy/ptII/ptolemy/domains/continuous/test/auto/CausalityInterface8.xml
----------------- Instantiating /home/travis/build/icyphy/ptII/ptolemy/domains/continuous/test/auto/CausalityInterface8.xml
6 ms. Memory: 225280K Free: 196414K (87%)
----------------- Invoking toplevel() on ptolemy.moml.MoMLSimpleApplication@31343dc
----------------- Done invoking toplevel() on ptolemy.moml.MoMLSimpleApplication@31343dc
reloadAllAccessors: .CausalityInterface8

===========================================================================================
----------------- testing Tue Feb 04 17:54:28 UTC 2020 /home/travis/build/icyphy/ptII/ptolemy/domains/continuous/test/auto/CausalityInterface9.xml
----------------- Instantiating /home/travis/build/icyphy/ptII/ptolemy/domains/continuous/test/auto/CausalityInterface9.xml
9 ms. Memory: 225280K Free: 185150K (82%)
----------------- Invoking toplevel() on ptolemy.moml.MoMLSimpleApplication@4e83d7f
----------------- Done invoking toplevel() on ptolemy.moml.MoMLSimpleApplication@4e83d7f
reloadAllAccessors: .CausalityInterface9

===========================================================================================
----------------- testing Tue Feb 04 17:54:28 UTC 2020 /home/travis/build/icyphy/ptII/ptolemy/domains/continuous/test/auto/CausalityInterfaceFeedback1.xml
----------------- Instantiating /home/travis/build/icyphy/ptII/ptolemy/domains/continuous/test/auto/CausalityInterfaceFeedback1.xml
5 ms. Memory: 225280K Free: 178496K (79%)
----------------- Invoking toplevel() on ptolemy.moml.MoMLSimpleApplication@7b05fd83
----------------- Done invoking toplevel() on ptolemy.moml.MoMLSimpleApplication@7b05fd83
reloadAllAccessors: .CausalityInterfaceFeedback1

===========================================================================================
----------------- testing Tue Feb 04 17:54:28 UTC 2020 /home/travis/build/icyphy/ptII/ptolemy/domains/continuous/test/auto/CausalityInterfaceFeedback2.xml
----------------- Instantiating /home/travis/build/icyphy/ptII/ptolemy/domains/continuous/test/auto/CausalityInterfaceFeedback2.xml
3 ms. Memory: 225280K Free: 171838K (76%)
----------------- Invoking toplevel() on ptolemy.moml.MoMLSimpleApplication@3db3ad33
----------------- Done invoking toplevel() on ptolemy.moml.MoMLSimpleApplication@3db3ad33
reloadAllAccessors: .CausalityInterfaceFeedback2

===========================================================================================
----------------- testing Tue Feb 04 17:54:29 UTC 2020 /home/travis/build/icyphy/ptII/ptolemy/domains/continuous/test/auto/CompareWithCurrentTime.xml
----------------- Instantiating /home/travis/build/icyphy/ptII/ptolemy/domains/continuous/test/auto/CompareWithCurrentTime.xml
7 ms. Memory: 225280K Free: 167742K (74%)
----------------- Invoking toplevel() on ptolemy.moml.MoMLSimpleApplication@412df13c
----------------- Done invoking toplevel() on ptolemy.moml.MoMLSimpleApplication@412df13c
reloadAllAccessors: .CompareWithCurrentTime

===========================================================================================
----------------- testing Tue Feb 04 17:54:29 UTC 2020 /home/travis/build/icyphy/ptII/ptolemy/domains/continuous/test/auto/ComparedClocks.xml
----------------- Instantiating /home/travis/build/icyphy/ptII/ptolemy/domains/continuous/test/auto/ComparedClocks.xml
6 ms. Memory: 225280K Free: 152368K (68%)
----------------- Invoking toplevel() on ptolemy.moml.MoMLSimpleApplication@31e147f6
----------------- Done invoking toplevel() on ptolemy.moml.MoMLSimpleApplication@31e147f6
reloadAllAccessors: .ComparedClocks

===========================================================================================
----------------- testing Tue Feb 04 17:54:29 UTC 2020 /home/travis/build/icyphy/ptII/ptolemy/domains/continuous/test/auto/ContinuousAOCClone.xml
----------------- Instantiating /home/travis/build/icyphy/ptII/ptolemy/domains/continuous/test/auto/ContinuousAOCClone.xml
2297 ms. Memory: 270336K Free: 215049K (80%)
----------------- Invoking toplevel() on ptolemy.moml.MoMLSimpleApplication@377b235b
----------------- Done invoking toplevel() on ptolemy.moml.MoMLSimpleApplication@377b235b
reloadAllAccessors: .ContinuousAOCClone

===========================================================================================
----------------- testing Tue Feb 04 17:54:31 UTC 2020 /home/travis/build/icyphy/ptII/ptolemy/domains/continuous/test/auto/ContinuousClock.xml
----------------- Instantiating /home/travis/build/icyphy/ptII/ptolemy/domains/continuous/test/auto/ContinuousClock.xml
32 ms. Memory: 270336K Free: 193530K (72%)
----------------- Invoking toplevel() on ptolemy.moml.MoMLSimpleApplication@ed2efc1
----------------- Done invoking toplevel() on ptolemy.moml.MoMLSimpleApplication@ed2efc1
reloadAllAccessors: .ContinuousClock

===========================================================================================
----------------- testing Tue Feb 04 17:54:31 UTC 2020 /home/travis/build/icyphy/ptII/ptolemy/domains/continuous/test/auto/ContinuousInContinuous.xml
----------------- Instantiating /home/travis/build/icyphy/ptII/ptolemy/domains/continuous/test/auto/ContinuousInContinuous.xml
41 ms. Memory: 270336K Free: 170507K (63%)
----------------- Invoking toplevel() on ptolemy.moml.MoMLSimpleApplication@25f7b3ce
----------------- Done invoking toplevel() on ptolemy.moml.MoMLSimpleApplication@25f7b3ce
reloadAllAccessors: .ContinuousInContinuous

===========================================================================================
----------------- testing Tue Feb 04 17:54:31 UTC 2020 /home/travis/build/icyphy/ptII/ptolemy/domains/continuous/test/auto/ContinuousInContinuousInContinuous.xml
----------------- Instantiating /home/travis/build/icyphy/ptII/ptolemy/domains/continuous/test/auto/ContinuousInContinuousInContinuous.xml
6 ms. Memory: 270336K Free: 163339K (60%)
----------------- Invoking toplevel() on ptolemy.moml.MoMLSimpleApplication@4050edac
----------------- Done invoking toplevel() on ptolemy.moml.MoMLSimpleApplication@4050edac
reloadAllAccessors: .ContinuousInContinuousInContinuous

===========================================================================================
----------------- testing Tue Feb 04 17:54:31 UTC 2020 /home/travis/build/icyphy/ptII/ptolemy/domains/continuous/test/auto/ContinuousInDE.xml
----------------- Instantiating /home/travis/build/icyphy/ptII/ptolemy/domains/continuous/test/auto/ContinuousInDE.xml
85 ms. Memory: 270336K Free: 153099K (57%)
----------------- Invoking toplevel() on ptolemy.moml.MoMLSimpleApplication@5e3f4bc4
----------------- Done invoking toplevel() on ptolemy.moml.MoMLSimpleApplication@5e3f4bc4
reloadAllAccessors: .ContinuousInDE

===========================================================================================
----------------- testing Tue Feb 04 17:54:31 UTC 2020 /home/travis/build/icyphy/ptII/ptolemy/domains/continuous/test/auto/ContinuousInDE2.xml
----------------- Instantiating /home/travis/build/icyphy/ptII/ptolemy/domains/continuous/test/auto/ContinuousInDE2.xml
27 ms. Memory: 270336K Free: 143369K (53%)
----------------- Invoking toplevel() on ptolemy.moml.MoMLSimpleApplication@43e77b04
----------------- Done invoking toplevel() on ptolemy.moml.MoMLSimpleApplication@43e77b04
reloadAllAccessors: .ContinuousInDE2

===========================================================================================
----------------- testing Tue Feb 04 17:54:31 UTC 2020 /home/travis/build/icyphy/ptII/ptolemy/domains/continuous/test/auto/ContinuousInDE3.xml
----------------- Instantiating /home/travis/build/icyphy/ptII/ptolemy/domains/continuous/test/auto/ContinuousInDE3.xml
27 ms. Memory: 270336K Free: 133643K (49%)
----------------- Invoking toplevel() on ptolemy.moml.MoMLSimpleApplication@436c0a4d
----------------- Done invoking toplevel() on ptolemy.moml.MoMLSimpleApplication@436c0a4d
reloadAllAccessors: .ContinuousInDE3

===========================================================================================
----------------- testing Tue Feb 04 17:54:32 UTC 2020 /home/travis/build/icyphy/ptII/ptolemy/domains/continuous/test/auto/ContinuousInDE4.xml
----------------- Instantiating /home/travis/build/icyphy/ptII/ptolemy/domains/continuous/test/auto/ContinuousInDE4.xml
11 ms. Memory: 270336K Free: 127499K (47%)
----------------- Invoking toplevel() on ptolemy.moml.MoMLSimpleApplication@57cc36d7
----------------- Done invoking toplevel() on ptolemy.moml.MoMLSimpleApplication@57cc36d7
reloadAllAccessors: .ContinuousInDE4

===========================================================================================
----------------- testing Tue Feb 04 17:54:32 UTC 2020 /home/travis/build/icyphy/ptII/ptolemy/domains/continuous/test/auto/ContinuousInDEDifferentRefinements.xml
----------------- Instantiating /home/travis/build/icyphy/ptII/ptolemy/domains/continuous/test/auto/ContinuousInDEDifferentRefinements.xml
45 ms. Memory: 270336K Free: 96779K (36%)
----------------- Invoking toplevel() on ptolemy.moml.MoMLSimpleApplication@7d8b5cd5
----------------- Done invoking toplevel() on ptolemy.moml.MoMLSimpleApplication@7d8b5cd5
reloadAllAccessors: .ContinuousInDEDifferentRefinements

===========================================================================================
----------------- testing Tue Feb 04 17:54:32 UTC 2020 /home/travis/build/icyphy/ptII/ptolemy/domains/continuous/test/auto/ContinuousInDEDifferentRefinementsPreemptive.xml
----------------- Instantiating /home/travis/build/icyphy/ptII/ptolemy/domains/continuous/test/auto/ContinuousInDEDifferentRefinementsPreemptive.xml
40 ms. Memory: 270336K Free: 226217K (84%)
----------------- Invoking toplevel() on ptolemy.moml.MoMLSimpleApplication@5c786f2b
----------------- Done invoking toplevel() on ptolemy.moml.MoMLSimpleApplication@5c786f2b
reloadAllAccessors: .ContinuousInDEDifferentRefinementsPreemptive

===========================================================================================
----------------- testing Tue Feb 04 17:54:32 UTC 2020 /home/travis/build/icyphy/ptII/ptolemy/domains/continuous/test/auto/ContinuousInDEInContinuous2.xml
----------------- Instantiating /home/travis/build/icyphy/ptII/ptolemy/domains/continuous/test/auto/ContinuousInDEInContinuous2.xml
31 ms. Memory: 270336K Free: 214953K (80%)
----------------- Invoking toplevel() on ptolemy.moml.MoMLSimpleApplication@31eea5d4
----------------- Done invoking toplevel() on ptolemy.moml.MoMLSimpleApplication@31eea5d4
reloadAllAccessors: .ContinuousInDEInContinuous2

===========================================================================================
----------------- testing Tue Feb 04 17:54:32 UTC 2020 /home/travis/build/icyphy/ptII/ptolemy/domains/continuous/test/auto/ContinuousInDEInContinuous3.xml
----------------- Instantiating /home/travis/build/icyphy/ptII/ptolemy/domains/continuous/test/auto/ContinuousInDEInContinuous3.xml
43 ms. Memory: 270336K Free: 202665K (75%)
----------------- Invoking toplevel() on ptolemy.moml.MoMLSimpleApplication@4b260a5a
----------------- Done invoking toplevel() on ptolemy.moml.MoMLSimpleApplication@4b260a5a
reloadAllAccessors: .ContinuousInDEInContinuous3

===========================================================================================
----------------- testing Tue Feb 04 17:54:32 UTC 2020 /home/travis/build/icyphy/ptII/ptolemy/domains/continuous/test/auto/ContinuousInDEInput.xml
----------------- Instantiating /home/travis/build/icyphy/ptII/ptolemy/domains/continuous/test/auto/ContinuousInDEInput.xml
13 ms. Memory: 270336K Free: 195497K (72%)
----------------- Invoking toplevel() on ptolemy.moml.MoMLSimpleApplication@79b36e2d
----------------- Done invoking toplevel() on ptolemy.moml.MoMLSimpleApplication@79b36e2d
reloadAllAccessors: .ContinuousInDEInput

===========================================================================================
----------------- testing Tue Feb 04 17:54:32 UTC 2020 /home/travis/build/icyphy/ptII/ptolemy/domains/continuous/test/auto/ContinuousInDEInput2.xml
----------------- Instantiating /home/travis/build/icyphy/ptII/ptolemy/domains/continuous/test/auto/ContinuousInDEInput2.xml
11 ms. Memory: 270336K Free: 188329K (70%)
----------------- Invoking toplevel() on ptolemy.moml.MoMLSimpleApplication@2399a0d
----------------- Done invoking toplevel() on ptolemy.moml.MoMLSimpleApplication@2399a0d
reloadAllAccessors: .ContinuousInDEInput2

===========================================================================================
----------------- testing Tue Feb 04 17:54:32 UTC 2020 /home/travis/build/icyphy/ptII/ptolemy/domains/continuous/test/auto/ContinuousInDEInput3.xml
----------------- Instantiating /home/travis/build/icyphy/ptII/ptolemy/domains/continuous/test/auto/ContinuousInDEInput3.xml
11 ms. Memory: 270336K Free: 181161K (67%)
----------------- Invoking toplevel() on ptolemy.moml.MoMLSimpleApplication@583aac65
----------------- Done invoking toplevel() on ptolemy.moml.MoMLSimpleApplication@583aac65
reloadAllAccessors: .ContinuousInDEInput3

===========================================================================================
----------------- testing Tue Feb 04 17:54:32 UTC 2020 /home/travis/build/icyphy/ptII/ptolemy/domains/continuous/test/auto/ContinuousInDESharingRefinement.xml
----------------- Instantiating /home/travis/build/icyphy/ptII/ptolemy/domains/continuous/test/auto/ContinuousInDESharingRefinement.xml
137 ms. Memory: 270336K Free: 247483K (92%)
----------------- Invoking toplevel() on ptolemy.moml.MoMLSimpleApplication@5eb83fc5
----------------- Done invoking toplevel() on ptolemy.moml.MoMLSimpleApplication@5eb83fc5
reloadAllAccessors: .ContinuousInDESharingRefinement

===========================================================================================
----------------- testing Tue Feb 04 17:54:32 UTC 2020 /home/travis/build/icyphy/ptII/ptolemy/domains/continuous/test/auto/ContinuousInDEwithNoPorts.xml
----------------- Instantiating /home/travis/build/icyphy/ptII/ptolemy/domains/continuous/test/auto/ContinuousInDEwithNoPorts.xml
2 ms. Memory: 270336K Free: 242891K (90%)
----------------- Invoking toplevel() on ptolemy.moml.MoMLSimpleApplication@51725028
----------------- Done invoking toplevel() on ptolemy.moml.MoMLSimpleApplication@51725028
reloadAllAccessors: .ContinuousInDEwithNoPorts

===========================================================================================
----------------- testing Tue Feb 04 17:54:32 UTC 2020 /home/travis/build/icyphy/ptII/ptolemy/domains/continuous/test/auto/ContinuousInsideDE.xml
----------------- Instantiating /home/travis/build/icyphy/ptII/ptolemy/domains/continuous/test/auto/ContinuousInsideDE.xml
35 ms. Memory: 270336K Free: 231627K (86%)
----------------- Invoking toplevel() on ptolemy.moml.MoMLSimpleApplication@44fe4e00
----------------- Done invoking toplevel() on ptolemy.moml.MoMLSimpleApplication@44fe4e00
reloadAllAccessors: .ContinuousInsideDE

===========================================================================================
----------------- testing Tue Feb 04 17:54:32 UTC 2020 /home/travis/build/icyphy/ptII/ptolemy/domains/continuous/test/auto/ContinuousMerge1.xml
----------------- Instantiating /home/travis/build/icyphy/ptII/ptolemy/domains/continuous/test/auto/ContinuousMerge1.xml
3 ms. Memory: 270336K Free: 227017K (84%)
----------------- Invoking toplevel() on ptolemy.moml.MoMLSimpleApplication@f5c807a
----------------- Done invoking toplevel() on ptolemy.moml.MoMLSimpleApplication@f5c807a
reloadAllAccessors: .ContinuousMerge1

===========================================================================================
----------------- testing Tue Feb 04 17:54:32 UTC 2020 /home/travis/build/icyphy/ptII/ptolemy/domains/continuous/test/auto/ContinuousMerge2.xml
----------------- Instantiating /home/travis/build/icyphy/ptII/ptolemy/domains/continuous/test/auto/ContinuousMerge2.xml
13 ms. Memory: 270336K Free: 216777K (80%)
----------------- Invoking toplevel() on ptolemy.moml.MoMLSimpleApplication@432debde
----------------- Done invoking toplevel() on ptolemy.moml.MoMLSimpleApplication@432debde
reloadAllAccessors: .ContinuousMerge2

===========================================================================================
----------------- testing Tue Feb 04 17:54:32 UTC 2020 /home/travis/build/icyphy/ptII/ptolemy/domains/continuous/test/auto/ContinuousMerge3.xml
----------------- Instantiating /home/travis/build/icyphy/ptII/ptolemy/domains/continuous/test/auto/ContinuousMerge3.xml
43 ms. Memory: 270336K Free: 206027K (76%)
----------------- Invoking toplevel() on ptolemy.moml.MoMLSimpleApplication@32532b35
----------------- Done invoking toplevel() on ptolemy.moml.MoMLSimpleApplication@32532b35
reloadAllAccessors: .ContinuousMerge3

===========================================================================================
----------------- testing Tue Feb 04 17:54:32 UTC 2020 /home/travis/build/icyphy/ptII/ptolemy/domains/continuous/test/auto/ContinuousWithinContinuous.xml
----------------- Instantiating /home/travis/build/icyphy/ptII/ptolemy/domains/continuous/test/auto/ContinuousWithinContinuous.xml
33 ms. Memory: 270336K Free: 196297K (73%)
----------------- Invoking toplevel() on ptolemy.moml.MoMLSimpleApplication@3fbb22b9
----------------- Done invoking toplevel() on ptolemy.moml.MoMLSimpleApplication@3fbb22b9
reloadAllAccessors: .ContinuousWithinContinuous

===========================================================================================
----------------- testing Tue Feb 04 17:54:32 UTC 2020 /home/travis/build/icyphy/ptII/ptolemy/domains/continuous/test/auto/ContinuousWithinContinuous2.xml
----------------- Instantiating /home/travis/build/icyphy/ptII/ptolemy/domains/continuous/test/auto/ContinuousWithinContinuous2.xml
65 ms. Memory: 270336K Free: 185033K (68%)
----------------- Invoking toplevel() on ptolemy.moml.MoMLSimpleApplication@323f2f52
----------------- Done invoking toplevel() on ptolemy.moml.MoMLSimpleApplication@323f2f52
reloadAllAccessors: .ContinuousWithinContinuous2

===========================================================================================
----------------- testing Tue Feb 04 17:54:32 UTC 2020 /home/travis/build/icyphy/ptII/ptolemy/domains/continuous/test/auto/ContinuousWithinContinuous3.xml
----------------- Instantiating /home/travis/build/icyphy/ptII/ptolemy/domains/continuous/test/auto/ContinuousWithinContinuous3.xml
15 ms. Memory: 270336K Free: 177865K (66%)
----------------- Invoking toplevel() on ptolemy.moml.MoMLSimpleApplication@3830f590
----------------- Done invoking toplevel() on ptolemy.moml.MoMLSimpleApplication@3830f590
reloadAllAccessors: .ContinuousWithinContinuous3

===========================================================================================
----------------- testing Tue Feb 04 17:54:32 UTC 2020 /home/travis/build/icyphy/ptII/ptolemy/domains/continuous/test/auto/ContinuousWithinContinuous4.xml
----------------- Instantiating /home/travis/build/icyphy/ptII/ptolemy/domains/continuous/test/auto/ContinuousWithinContinuous4.xml
65 ms. Memory: 270336K Free: 165577K (61%)
----------------- Invoking toplevel() on ptolemy.moml.MoMLSimpleApplication@e3a6e3e
----------------- Done invoking toplevel() on ptolemy.moml.MoMLSimpleApplication@e3a6e3e
reloadAllAccessors: .ContinuousWithinContinuous4

===========================================================================================
----------------- testing Tue Feb 04 17:54:33 UTC 2020 /home/travis/build/icyphy/ptII/ptolemy/domains/continuous/test/auto/ContinuousWithinContinuous5.xml
----------------- Instantiating /home/travis/build/icyphy/ptII/ptolemy/domains/continuous/test/auto/ContinuousWithinContinuous5.xml
13 ms. Memory: 270336K Free: 158409K (59%)
----------------- Invoking toplevel() on ptolemy.moml.MoMLSimpleApplication@339b2f89
----------------- Done invoking toplevel() on ptolemy.moml.MoMLSimpleApplication@339b2f89
reloadAllAccessors: .ContinuousWithinContinuous5

===========================================================================================
----------------- testing Tue Feb 04 17:54:33 UTC 2020 /home/travis/build/icyphy/ptII/ptolemy/domains/continuous/test/auto/ContinuousWithinContinuous6.xml
----------------- Instantiating /home/travis/build/icyphy/ptII/ptolemy/domains/continuous/test/auto/ContinuousWithinContinuous6.xml
12 ms. Memory: 270336K Free: 151241K (56%)
----------------- Invoking toplevel() on ptolemy.moml.MoMLSimpleApplication@54a5ea35
----------------- Done invoking toplevel() on ptolemy.moml.MoMLSimpleApplication@54a5ea35
reloadAllAccessors: .ContinuousWithinContinuous6

===========================================================================================
----------------- testing Tue Feb 04 17:54:33 UTC 2020 /home/travis/build/icyphy/ptII/ptolemy/domains/continuous/test/auto/ContinuousWithinContinuous7.xml
----------------- Instantiating /home/travis/build/icyphy/ptII/ptolemy/domains/continuous/test/auto/ContinuousWithinContinuous7.xml
54 ms. Memory: 270336K Free: 139977K (52%)
----------------- Invoking toplevel() on ptolemy.moml.MoMLSimpleApplication@de2c3ad
----------------- Done invoking toplevel() on ptolemy.moml.MoMLSimpleApplication@de2c3ad
reloadAllAccessors: .ContinuousWithinContinuous7

===========================================================================================
----------------- testing Tue Feb 04 17:54:33 UTC 2020 /home/travis/build/icyphy/ptII/ptolemy/domains/continuous/test/auto/DCMotor.xml
----------------- Instantiating /home/travis/build/icyphy/ptII/ptolemy/domains/continuous/test/auto/DCMotor.xml
11831 ms. Memory: 270336K Free: 141960K (53%)
----------------- Invoking toplevel() on ptolemy.moml.MoMLSimpleApplication@6a407a53
----------------- Done invoking toplevel() on ptolemy.moml.MoMLSimpleApplication@6a407a53
reloadAllAccessors: .DCMotor

===========================================================================================
----------------- testing Tue Feb 04 17:54:45 UTC 2020 /home/travis/build/icyphy/ptII/ptolemy/domains/continuous/test/auto/DEInContinuous.xml
----------------- Instantiating /home/travis/build/icyphy/ptII/ptolemy/domains/continuous/test/auto/DEInContinuous.xml
15 ms. Memory: 270336K Free: 135816K (50%)
----------------- Invoking toplevel() on ptolemy.moml.MoMLSimpleApplication@4234ef7a
----------------- Done invoking toplevel() on ptolemy.moml.MoMLSimpleApplication@4234ef7a
reloadAllAccessors: .DEInContinuous

===========================================================================================
----------------- testing Tue Feb 04 17:54:45 UTC 2020 /home/travis/build/icyphy/ptII/ptolemy/domains/continuous/test/auto/DEinContinuous2.xml
----------------- Instantiating /home/travis/build/icyphy/ptII/ptolemy/domains/continuous/test/auto/DEinContinuous2.xml
7 ms. Memory: 270336K Free: 128120K (47%)
----------------- Invoking toplevel() on ptolemy.moml.MoMLSimpleApplication@214b89a0
----------------- Done invoking toplevel() on ptolemy.moml.MoMLSimpleApplication@214b89a0
reloadAllAccessors: .DEinContinuous2

===========================================================================================
----------------- testing Tue Feb 04 17:54:45 UTC 2020 /home/travis/build/icyphy/ptII/ptolemy/domains/continuous/test/auto/Derivative.xml
----------------- Instantiating /home/travis/build/icyphy/ptII/ptolemy/domains/continuous/test/auto/Derivative.xml
128 ms. Memory: 270336K Free: 98952K (37%)
----------------- Invoking toplevel() on ptolemy.moml.MoMLSimpleApplication@1b5ef4de
----------------- Done invoking toplevel() on ptolemy.moml.MoMLSimpleApplication@1b5ef4de
reloadAllAccessors: .Derivative2

===========================================================================================
----------------- testing Tue Feb 04 17:54:45 UTC 2020 /home/travis/build/icyphy/ptII/ptolemy/domains/continuous/test/auto/Derivative1.xml
----------------- Instantiating /home/travis/build/icyphy/ptII/ptolemy/domains/continuous/test/auto/Derivative1.xml
20 ms. Memory: 270336K Free: 245495K (91%)
----------------- Invoking toplevel() on ptolemy.moml.MoMLSimpleApplication@543e6afe
----------------- Done invoking toplevel() on ptolemy.moml.MoMLSimpleApplication@543e6afe
reloadAllAccessors: .Derivative1

===========================================================================================
----------------- testing Tue Feb 04 17:54:45 UTC 2020 /home/travis/build/icyphy/ptII/ptolemy/domains/continuous/test/auto/DiscreteClock.xml
----------------- Instantiating /home/travis/build/icyphy/ptII/ptolemy/domains/continuous/test/auto/DiscreteClock.xml
3 ms. Memory: 270336K Free: 240375K (89%)
----------------- Invoking toplevel() on ptolemy.moml.MoMLSimpleApplication@25d1b3f7
----------------- Done invoking toplevel() on ptolemy.moml.MoMLSimpleApplication@25d1b3f7
reloadAllAccessors: .DiscreteClock

===========================================================================================
----------------- testing Tue Feb 04 17:54:45 UTC 2020 /home/travis/build/icyphy/ptII/ptolemy/domains/continuous/test/auto/EfficiencyCurve.xml
----------------- Instantiating /home/travis/build/icyphy/ptII/ptolemy/domains/continuous/test/auto/EfficiencyCurve.xml
57 ms. Memory: 270336K Free: 231159K (86%)
----------------- Invoking toplevel() on ptolemy.moml.MoMLSimpleApplication@13ae51d0
----------------- Done invoking toplevel() on ptolemy.moml.MoMLSimpleApplication@13ae51d0
reloadAllAccessors: .EfficiencyCurve

===========================================================================================
----------------- testing Tue Feb 04 17:54:45 UTC 2020 /home/travis/build/icyphy/ptII/ptolemy/domains/continuous/test/auto/ExponentialResponse.xml
----------------- Instantiating /home/travis/build/icyphy/ptII/ptolemy/domains/continuous/test/auto/ExponentialResponse.xml
84 ms. Memory: 270336K Free: 215289K (80%)
----------------- Invoking toplevel() on ptolemy.moml.MoMLSimpleApplication@33721711
----------------- Done invoking toplevel() on ptolemy.moml.MoMLSimpleApplication@33721711
reloadAllAccessors: .ExponentialResponse

===========================================================================================
----------------- testing Tue Feb 04 17:54:45 UTC 2020 /home/travis/build/icyphy/ptII/ptolemy/domains/continuous/test/auto/ExponentialResponseRK45.xml
----------------- Instantiating /home/travis/build/icyphy/ptII/ptolemy/domains/continuous/test/auto/ExponentialResponseRK45.xml
19 ms. Memory: 270336K Free: 208631K (77%)
----------------- Invoking toplevel() on ptolemy.moml.MoMLSimpleApplication@7a897d39
----------------- Done invoking toplevel() on ptolemy.moml.MoMLSimpleApplication@7a897d39
reloadAllAccessors: .ExponentialResponseRK45

===========================================================================================
----------------- testing Tue Feb 04 17:54:45 UTC 2020 /home/travis/build/icyphy/ptII/ptolemy/domains/continuous/test/auto/Friction.xml
----------------- Instantiating /home/travis/build/icyphy/ptII/ptolemy/domains/continuous/test/auto/Friction.xml
1404 ms. Memory: 270336K Free: 106343K (39%)
----------------- Invoking toplevel() on ptolemy.moml.MoMLSimpleApplication@6ca2941d
----------------- Done invoking toplevel() on ptolemy.moml.MoMLSimpleApplication@6ca2941d
reloadAllAccessors: .Friction

===========================================================================================
----------------- testing Tue Feb 04 17:54:47 UTC 2020 /home/travis/build/icyphy/ptII/ptolemy/domains/continuous/test/auto/FurutaPendulum.xml
----------------- Instantiating /home/travis/build/icyphy/ptII/ptolemy/domains/continuous/test/auto/FurutaPendulum.xml
2785 ms. Memory: 270336K Free: 95605K (35%)
----------------- Invoking toplevel() on ptolemy.moml.MoMLSimpleApplication@369c8a27
----------------- Done invoking toplevel() on ptolemy.moml.MoMLSimpleApplication@369c8a27
reloadAllAccessors: .FurutaPendulum

===========================================================================================
----------------- testing Tue Feb 04 17:54:50 UTC 2020 /home/travis/build/icyphy/ptII/ptolemy/domains/continuous/test/auto/HierarchicalExecution.xml
----------------- Instantiating /home/travis/build/icyphy/ptII/ptolemy/domains/continuous/test/auto/HierarchicalExecution.xml
1503 ms. Memory: 270336K Free: 127650K (47%)
----------------- Invoking toplevel() on ptolemy.moml.MoMLSimpleApplication@142760a4
----------------- Done invoking toplevel() on ptolemy.moml.MoMLSimpleApplication@142760a4
reloadAllAccessors: .HierarchicalExecution

===========================================================================================
----------------- testing Tue Feb 04 17:54:51 UTC 2020 /home/travis/build/icyphy/ptII/ptolemy/domains/continuous/test/auto/HybridPlant.xml
----------------- Instantiating /home/travis/build/icyphy/ptII/ptolemy/domains/continuous/test/auto/HybridPlant.xml
508 ms. Memory: 324608K Free: 272001K (84%)
----------------- Invoking toplevel() on ptolemy.moml.MoMLSimpleApplication@58b59855
----------------- Done invoking toplevel() on ptolemy.moml.MoMLSimpleApplication@58b59855
reloadAllAccessors: .HybridPlant

===========================================================================================
----------------- testing Tue Feb 04 17:54:52 UTC 2020 /home/travis/build/icyphy/ptII/ptolemy/domains/continuous/test/auto/Hysteresis.xml
----------------- Instantiating /home/travis/build/icyphy/ptII/ptolemy/domains/continuous/test/auto/Hysteresis.xml
127 ms. Memory: 324608K Free: 209537K (65%)
----------------- Invoking toplevel() on ptolemy.moml.MoMLSimpleApplication@2c7957dc
----------------- Done invoking toplevel() on ptolemy.moml.MoMLSimpleApplication@2c7957dc
reloadAllAccessors: .Hysteresis

===========================================================================================
----------------- testing Tue Feb 04 17:54:52 UTC 2020 /home/travis/build/icyphy/ptII/ptolemy/domains/continuous/test/auto/HysteresisWithRandomDelay.xml
----------------- Instantiating /home/travis/build/icyphy/ptII/ptolemy/domains/continuous/test/auto/HysteresisWithRandomDelay.xml
172 ms. Memory: 324608K Free: 137857K (42%)
----------------- Invoking toplevel() on ptolemy.moml.MoMLSimpleApplication@7963e86
----------------- Done invoking toplevel() on ptolemy.moml.MoMLSimpleApplication@7963e86
reloadAllAccessors: .HysteresisWithRandomDelay

===========================================================================================
----------------- testing Tue Feb 04 17:54:52 UTC 2020 /home/travis/build/icyphy/ptII/ptolemy/domains/continuous/test/auto/HysteresisWithRandomLosses.xml
----------------- Instantiating /home/travis/build/icyphy/ptII/ptolemy/domains/continuous/test/auto/HysteresisWithRandomLosses.xml
2171 ms. Memory: 324608K Free: 170799K (53%)
----------------- Invoking toplevel() on ptolemy.moml.MoMLSimpleApplication@1ef1367a
----------------- Done invoking toplevel() on ptolemy.moml.MoMLSimpleApplication@1ef1367a
reloadAllAccessors: .HysteresisWithRandomLosses

===========================================================================================
----------------- testing Tue Feb 04 17:54:55 UTC 2020 /home/travis/build/icyphy/ptII/ptolemy/domains/continuous/test/auto/ImmediateTransitions.xml
----------------- Instantiating /home/travis/build/icyphy/ptII/ptolemy/domains/continuous/test/auto/ImmediateTransitions.xml
11 ms. Memory: 324608K Free: 160063K (49%)
----------------- Invoking toplevel() on ptolemy.moml.MoMLSimpleApplication@66cb22f9
----------------- Done invoking toplevel() on ptolemy.moml.MoMLSimpleApplication@66cb22f9
reloadAllAccessors: .ImmediateTransitions

===========================================================================================
----------------- testing Tue Feb 04 17:54:55 UTC 2020 /home/travis/build/icyphy/ptII/ptolemy/domains/continuous/test/auto/ImpulseFeedback.xml
----------------- Instantiating /home/travis/build/icyphy/ptII/ptolemy/domains/continuous/test/auto/ImpulseFeedback.xml
6 ms. Memory: 324608K Free: 154429K (48%)
----------------- Invoking toplevel() on ptolemy.moml.MoMLSimpleApplication@19ca4b52
----------------- Done invoking toplevel() on ptolemy.moml.MoMLSimpleApplication@19ca4b52
reloadAllAccessors: .ImpulseFeedback

===========================================================================================
----------------- testing Tue Feb 04 17:54:55 UTC 2020 /home/travis/build/icyphy/ptII/ptolemy/domains/continuous/test/auto/ImpulseFeedback2.xml
----------------- Instantiating /home/travis/build/icyphy/ptII/ptolemy/domains/continuous/test/auto/ImpulseFeedback2.xml
4 ms. Memory: 324608K Free: 148799K (46%)
----------------- Invoking toplevel() on ptolemy.moml.MoMLSimpleApplication@21cb738c
----------------- Done invoking toplevel() on ptolemy.moml.MoMLSimpleApplication@21cb738c
reloadAllAccessors: .ImpulseFeedback2

===========================================================================================
----------------- testing Tue Feb 04 17:54:55 UTC 2020 /home/travis/build/icyphy/ptII/ptolemy/domains/continuous/test/auto/IncreasingRatePoisson.xml
----------------- Instantiating /home/travis/build/icyphy/ptII/ptolemy/domains/continuous/test/auto/IncreasingRatePoisson.xml
593 ms. Memory: 324608K Free: 248249K (76%)
----------------- Invoking toplevel() on ptolemy.moml.MoMLSimpleApplication@71b4c94f
----------------- Done invoking toplevel() on ptolemy.moml.MoMLSimpleApplication@71b4c94f
reloadAllAccessors: .IncreasingRatePoisson

===========================================================================================
----------------- testing Tue Feb 04 17:54:55 UTC 2020 /home/travis/build/icyphy/ptII/ptolemy/domains/continuous/test/auto/InitialStateFeedback.xml
----------------- Instantiating /home/travis/build/icyphy/ptII/ptolemy/domains/continuous/test/auto/InitialStateFeedback.xml
3 ms. Memory: 324608K Free: 243657K (75%)
----------------- Invoking toplevel() on ptolemy.moml.MoMLSimpleApplication@11daa872
----------------- Done invoking toplevel() on ptolemy.moml.MoMLSimpleApplication@11daa872
reloadAllAccessors: .InitialStateFeedback

===========================================================================================
----------------- testing Tue Feb 04 17:54:55 UTC 2020 /home/travis/build/icyphy/ptII/ptolemy/domains/continuous/test/auto/Integration.xml
----------------- Instantiating /home/travis/build/icyphy/ptII/ptolemy/domains/continuous/test/auto/Integration.xml
2 ms. Memory: 324608K Free: 239561K (74%)
----------------- Invoking toplevel() on ptolemy.moml.MoMLSimpleApplication@4ce3ec33
----------------- Done invoking toplevel() on ptolemy.moml.MoMLSimpleApplication@4ce3ec33
reloadAllAccessors: .Integration

===========================================================================================
----------------- testing Tue Feb 04 17:54:55 UTC 2020 /home/travis/build/icyphy/ptII/ptolemy/domains/continuous/test/auto/Integration2.xml
----------------- Instantiating /home/travis/build/icyphy/ptII/ptolemy/domains/continuous/test/auto/Integration2.xml
67 ms. Memory: 324608K Free: 225225K (69%)
----------------- Invoking toplevel() on ptolemy.moml.MoMLSimpleApplication@12a648e2
----------------- Done invoking toplevel() on ptolemy.moml.MoMLSimpleApplication@12a648e2
reloadAllAccessors: .Integration2

===========================================================================================
----------------- testing Tue Feb 04 17:54:56 UTC 2020 /home/travis/build/icyphy/ptII/ptolemy/domains/continuous/test/auto/Integration3.xml
----------------- Instantiating /home/travis/build/icyphy/ptII/ptolemy/domains/continuous/test/auto/Integration3.xml
2 ms. Memory: 324608K Free: 220615K (68%)
----------------- Invoking toplevel() on ptolemy.moml.MoMLSimpleApplication@224f2fe5
----------------- Done invoking toplevel() on ptolemy.moml.MoMLSimpleApplication@224f2fe5
reloadAllAccessors: .Integration3

===========================================================================================
----------------- testing Tue Feb 04 17:54:56 UTC 2020 /home/travis/build/icyphy/ptII/ptolemy/domains/continuous/test/auto/Integration5.xml
----------------- Instantiating /home/travis/build/icyphy/ptII/ptolemy/domains/continuous/test/auto/Integration5.xml
1 ms. Memory: 324608K Free: 216519K (67%)
----------------- Invoking toplevel() on ptolemy.moml.MoMLSimpleApplication@45189638
----------------- Done invoking toplevel() on ptolemy.moml.MoMLSimpleApplication@45189638
reloadAllAccessors: .Integration5

===========================================================================================
----------------- testing Tue Feb 04 17:54:56 UTC 2020 /home/travis/build/icyphy/ptII/ptolemy/domains/continuous/test/auto/IntegratorImpulse.xml
----------------- Instantiating /home/travis/build/icyphy/ptII/ptolemy/domains/continuous/test/auto/IntegratorImpulse.xml
5 ms. Memory: 324608K Free: 212423K (65%)
----------------- Invoking toplevel() on ptolemy.moml.MoMLSimpleApplication@15ac50dd
----------------- Done invoking toplevel() on ptolemy.moml.MoMLSimpleApplication@15ac50dd
reloadAllAccessors: .IntegratorImpulse

===========================================================================================
----------------- testing Tue Feb 04 17:54:56 UTC 2020 /home/travis/build/icyphy/ptII/ptolemy/domains/continuous/test/auto/IntegratorImpulse2.xml
----------------- Instantiating /home/travis/build/icyphy/ptII/ptolemy/domains/continuous/test/auto/IntegratorImpulse2.xml
4 ms. Memory: 324608K Free: 207817K (64%)
----------------- Invoking toplevel() on ptolemy.moml.MoMLSimpleApplication@4167ce63
----------------- Done invoking toplevel() on ptolemy.moml.MoMLSimpleApplication@4167ce63
reloadAllAccessors: .IntegratorImpulse2

===========================================================================================
----------------- testing Tue Feb 04 17:54:56 UTC 2020 /home/travis/build/icyphy/ptII/ptolemy/domains/continuous/test/auto/LevelCrossing1.xml
----------------- Instantiating /home/travis/build/icyphy/ptII/ptolemy/domains/continuous/test/auto/LevelCrossing1.xml
2 ms. Memory: 324608K Free: 202697K (62%)
----------------- Invoking toplevel() on ptolemy.moml.MoMLSimpleApplication@2ec79ee6
----------------- Done invoking toplevel() on ptolemy.moml.MoMLSimpleApplication@2ec79ee6
reloadAllAccessors: .LevelCrossing1

===========================================================================================
----------------- testing Tue Feb 04 17:54:56 UTC 2020 /home/travis/build/icyphy/ptII/ptolemy/domains/continuous/test/auto/LevelCrossing2.xml
----------------- Instantiating /home/travis/build/icyphy/ptII/ptolemy/domains/continuous/test/auto/LevelCrossing2.xml
2 ms. Memory: 324608K Free: 197577K (61%)
----------------- Invoking toplevel() on ptolemy.moml.MoMLSimpleApplication@28e2c84a
----------------- Done invoking toplevel() on ptolemy.moml.MoMLSimpleApplication@28e2c84a
reloadAllAccessors: .LevelCrossing2

===========================================================================================
----------------- testing Tue Feb 04 17:54:56 UTC 2020 /home/travis/build/icyphy/ptII/ptolemy/domains/continuous/test/auto/LevelCrossing3.xml
----------------- Instantiating /home/travis/build/icyphy/ptII/ptolemy/domains/continuous/test/auto/LevelCrossing3.xml
2 ms. Memory: 324608K Free: 192457K (59%)
----------------- Invoking toplevel() on ptolemy.moml.MoMLSimpleApplication@32d100de
----------------- Done invoking toplevel() on ptolemy.moml.MoMLSimpleApplication@32d100de
reloadAllAccessors: .LevelCrossing3

===========================================================================================
----------------- testing Tue Feb 04 17:54:56 UTC 2020 /home/travis/build/icyphy/ptII/ptolemy/domains/continuous/test/auto/LevelCrossing4.xml
----------------- Instantiating /home/travis/build/icyphy/ptII/ptolemy/domains/continuous/test/auto/LevelCrossing4.xml
3 ms. Memory: 324608K Free: 187337K (58%)
----------------- Invoking toplevel() on ptolemy.moml.MoMLSimpleApplication@40039d2d
----------------- Done invoking toplevel() on ptolemy.moml.MoMLSimpleApplication@40039d2d
reloadAllAccessors: .LevelCrossing4

===========================================================================================
----------------- testing Tue Feb 04 17:54:56 UTC 2020 /home/travis/build/icyphy/ptII/ptolemy/domains/continuous/test/auto/LevelCrossing5.xml
----------------- Instantiating /home/travis/build/icyphy/ptII/ptolemy/domains/continuous/test/auto/LevelCrossing5.xml
2 ms. Memory: 324608K Free: 182217K (56%)
----------------- Invoking toplevel() on ptolemy.moml.MoMLSimpleApplication@35d6929a
----------------- Done invoking toplevel() on ptolemy.moml.MoMLSimpleApplication@35d6929a
reloadAllAccessors: .LevelCrossing5

===========================================================================================
[...]
----------------- testing Tue Feb 04 17:55:10 UTC 2020 /home/travis/build/icyphy/ptII/ptolemy/domains/continuous/test/auto/SRinContinuous.xml
----------------- Instantiating /home/travis/build/icyphy/ptII/ptolemy/domains/continuous/test/auto/SRinContinuous.xml
4 ms. Memory: 324608K Free: 183537K (57%)
----------------- Invoking toplevel() on ptolemy.moml.MoMLSimpleApplication@2e831d40
----------------- Done invoking toplevel() on ptolemy.moml.MoMLSimpleApplication@2e831d40
reloadAllAccessors: .SRinContinuous

===========================================================================================
----------------- testing Tue Feb 04 17:55:10 UTC 2020 /home/travis/build/icyphy/ptII/ptolemy/domains/continuous/test/auto/SampledClocks.xml
----------------- Instantiating /home/travis/build/icyphy/ptII/ptolemy/domains/continuous/test/auto/SampledClocks.xml
8 ms. Memory: 324608K Free: 171249K (53%)
----------------- Invoking toplevel() on ptolemy.moml.MoMLSimpleApplication@27997a05
----------------- Done invoking toplevel() on ptolemy.moml.MoMLSimpleApplication@27997a05
reloadAllAccessors: .SampledClocks

===========================================================================================
----------------- testing Tue Feb 04 17:55:10 UTC 2020 /home/travis/build/icyphy/ptII/ptolemy/domains/continuous/test/auto/Satellite.xml
----------------- Instantiating /home/travis/build/icyphy/ptII/ptolemy/domains/continuous/test/auto/Satellite.xml
600 ms. Memory: 324608K Free: 173385K (53%)
----------------- Invoking toplevel() on ptolemy.moml.MoMLSimpleApplication@536922b7
----------------- Done invoking toplevel() on ptolemy.moml.MoMLSimpleApplication@536922b7
reloadAllAccessors: .Satellite

===========================================================================================
----------------- testing Tue Feb 04 17:55:11 UTC 2020 /home/travis/build/icyphy/ptII/ptolemy/domains/continuous/test/auto/SigmaDelta.xml
----------------- Instantiating /home/travis/build/icyphy/ptII/ptolemy/domains/continuous/test/auto/SigmaDelta.xml
1939 ms. Memory: 324608K Free: 290789K (90%)
----------------- Invoking toplevel() on ptolemy.moml.MoMLSimpleApplication@582db4cb
----------------- Done invoking toplevel() on ptolemy.moml.MoMLSimpleApplication@582db4cb
reloadAllAccessors: .SigmaDelta

===========================================================================================
----------------- testing Tue Feb 04 17:55:13 UTC 2020 /home/travis/build/icyphy/ptII/ptolemy/domains/continuous/test/auto/SingleRefinement.xml
----------------- Instantiating /home/travis/build/icyphy/ptII/ptolemy/domains/continuous/test/auto/SingleRefinement.xml
307 ms. Memory: 324608K Free: 302032K (93%)
----------------- Invoking toplevel() on ptolemy.moml.MoMLSimpleApplication@4c45c4d0
----------------- Done invoking toplevel() on ptolemy.moml.MoMLSimpleApplication@4c45c4d0
reloadAllAccessors: .SingleRefinement

===========================================================================================
----------------- testing Tue Feb 04 17:55:14 UTC 2020 /home/travis/build/icyphy/ptII/ptolemy/domains/continuous/test/auto/SinuBouncingBall.xml
----------------- Instantiating /home/travis/build/icyphy/ptII/ptolemy/domains/continuous/test/auto/SinuBouncingBall.xml
859 ms. Memory: 324608K Free: 281568K (87%)
----------------- Invoking toplevel() on ptolemy.moml.MoMLSimpleApplication@5d90006
----------------- Done invoking toplevel() on ptolemy.moml.MoMLSimpleApplication@5d90006
reloadAllAccessors: .SinuBouncingBall

===========================================================================================
----------------- testing Tue Feb 04 17:55:14 UTC 2020 /home/travis/build/icyphy/ptII/ptolemy/domains/continuous/test/auto/Sinusoid.xml
----------------- Instantiating /home/travis/build/icyphy/ptII/ptolemy/domains/continuous/test/auto/Sinusoid.xml
5 ms. Memory: 324608K Free: 276944K (85%)
----------------- Invoking toplevel() on ptolemy.moml.MoMLSimpleApplication@7ba11827
----------------- Done invoking toplevel() on ptolemy.moml.MoMLSimpleApplication@7ba11827
reloadAllAccessors: .Sinusoid

===========================================================================================
----------------- testing Tue Feb 04 17:55:15 UTC 2020 /home/travis/build/icyphy/ptII/ptolemy/domains/continuous/test/auto/SinusoidInNoise.xml
----------------- Instantiating /home/travis/build/icyphy/ptII/ptolemy/domains/continuous/test/auto/SinusoidInNoise.xml
718 ms. Memory: 324608K Free: 143328K (44%)
----------------- Invoking toplevel() on ptolemy.moml.MoMLSimpleApplication@23b679d4
----------------- Done invoking toplevel() on ptolemy.moml.MoMLSimpleApplication@23b679d4
reloadAllAccessors: .SinusoidInNoise

===========================================================================================
----------------- testing Tue Feb 04 17:55:15 UTC 2020 /home/travis/build/icyphy/ptII/ptolemy/domains/continuous/test/auto/SinusoidRK45.xml
----------------- Instantiating /home/travis/build/icyphy/ptII/ptolemy/domains/continuous/test/auto/SinusoidRK45.xml
2 ms. Memory: 324608K Free: 139232K (43%)
----------------- Invoking toplevel() on ptolemy.moml.MoMLSimpleApplication@39842131
----------------- Done invoking toplevel() on ptolemy.moml.MoMLSimpleApplication@39842131
reloadAllAccessors: .SinusoidRK45

===========================================================================================
----------------- testing Tue Feb 04 17:55:15 UTC 2020 /home/travis/build/icyphy/ptII/ptolemy/domains/continuous/test/auto/SinusoidWithMultipleImpulses.xml
----------------- Instantiating /home/travis/build/icyphy/ptII/ptolemy/domains/continuous/test/auto/SinusoidWithMultipleImpulses.xml
2 ms. Memory: 324608K Free: 134622K (41%)
----------------- Invoking toplevel() on ptolemy.moml.MoMLSimpleApplication@3e98d2e2
----------------- Done invoking toplevel() on ptolemy.moml.MoMLSimpleApplication@3e98d2e2
reloadAllAccessors: .SinusoidWithMultipleImpulses

===========================================================================================
----------------- testing Tue Feb 04 17:55:15 UTC 2020 /home/travis/build/icyphy/ptII/ptolemy/domains/continuous/test/auto/SquareWave.xml
----------------- Instantiating /home/travis/build/icyphy/ptII/ptolemy/domains/continuous/test/auto/SquareWave.xml
137 ms. Memory: 324608K Free: 301352K (93%)
----------------- Invoking toplevel() on ptolemy.moml.MoMLSimpleApplication@50894fa3
----------------- Done invoking toplevel() on ptolemy.moml.MoMLSimpleApplication@50894fa3
reloadAllAccessors: .SquareWave

===========================================================================================
----------------- testing Tue Feb 04 17:55:15 UTC 2020 /home/travis/build/icyphy/ptII/ptolemy/domains/continuous/test/auto/Starmac.xml
----------------- Instantiating /home/travis/build/icyphy/ptII/ptolemy/domains/continuous/test/auto/Starmac.xml
3069 ms. Memory: 324608K Free: 182347K (56%)
----------------- Invoking toplevel() on ptolemy.moml.MoMLSimpleApplication@13dd6a5b
----------------- Done invoking toplevel() on ptolemy.moml.MoMLSimpleApplication@13dd6a5b
reloadAllAccessors: .Starmac

===========================================================================================
----------------- testing Tue Feb 04 17:55:19 UTC 2020 /home/travis/build/icyphy/ptII/ptolemy/domains/continuous/test/auto/StaticUnits.xml
----------------- Instantiating /home/travis/build/icyphy/ptII/ptolemy/domains/continuous/test/auto/StaticUnits.xml
1720 ms. Memory: 324608K Free: 294269K (91%)
----------------- Invoking toplevel() on ptolemy.moml.MoMLSimpleApplication@30bec886
----------------- Done invoking toplevel() on ptolemy.moml.MoMLSimpleApplication@30bec886
reloadAllAccessors: .StaticUnits

===========================================================================================
----------------- testing Tue Feb 04 17:55:21 UTC 2020 /home/travis/build/icyphy/ptII/ptolemy/domains/continuous/test/auto/StickyMasses.xml
----------------- Instantiating /home/travis/build/icyphy/ptII/ptolemy/domains/continuous/test/auto/StickyMasses.xml
131 ms. Memory: 324608K Free: 245117K (76%)
----------------- Invoking toplevel() on ptolemy.moml.MoMLSimpleApplication@762675a1
----------------- Done invoking toplevel() on ptolemy.moml.MoMLSimpleApplication@762675a1
reloadAllAccessors: .StickyMasses

===========================================================================================
----------------- testing Tue Feb 04 17:55:22 UTC 2020 /home/travis/build/icyphy/ptII/ptolemy/domains/continuous/test/auto/StopTime.xml
----------------- Instantiating /home/travis/build/icyphy/ptII/ptolemy/domains/continuous/test/auto/StopTime.xml
41 ms. Memory: 324608K Free: 220027K (68%)
----------------- Invoking toplevel() on ptolemy.moml.MoMLSimpleApplication@6a283138
----------------- Done invoking toplevel() on ptolemy.moml.MoMLSimpleApplication@6a283138
reloadAllAccessors: .StopTime

===========================================================================================
----------------- testing Tue Feb 04 17:55:22 UTC 2020 /home/travis/build/icyphy/ptII/ptolemy/domains/continuous/test/auto/StopTime2.xml
----------------- Instantiating /home/travis/build/icyphy/ptII/ptolemy/domains/continuous/test/auto/StopTime2.xml
33 ms. Memory: 324608K Free: 198013K (61%)
----------------- Invoking toplevel() on ptolemy.moml.MoMLSimpleApplication@2e50a06c
----------------- Done invoking toplevel() on ptolemy.moml.MoMLSimpleApplication@2e50a06c
reloadAllAccessors: .StopTime2

===========================================================================================
----------------- testing Tue Feb 04 17:55:22 UTC 2020 /home/travis/build/icyphy/ptII/ptolemy/domains/continuous/test/auto/Switch.xml
----------------- Instantiating /home/travis/build/icyphy/ptII/ptolemy/domains/continuous/test/auto/Switch.xml
35 ms. Memory: 324608K Free: 173437K (53%)
----------------- Invoking toplevel() on ptolemy.moml.MoMLSimpleApplication@54ed57ba
----------------- Done invoking toplevel() on ptolemy.moml.MoMLSimpleApplication@54ed57ba
reloadAllAccessors: .Switch

===========================================================================================
----------------- testing Tue Feb 04 17:55:22 UTC 2020 /home/travis/build/icyphy/ptII/ptolemy/domains/continuous/test/auto/Thermostat.xml
----------------- Instantiating /home/travis/build/icyphy/ptII/ptolemy/domains/continuous/test/auto/Thermostat.xml
169 ms. Memory: 324608K Free: 290645K (90%)
----------------- Invoking toplevel() on ptolemy.moml.MoMLSimpleApplication@7c78d02a
----------------- Done invoking toplevel() on ptolemy.moml.MoMLSimpleApplication@7c78d02a
reloadAllAccessors: .Thermostat

===========================================================================================
----------------- testing Tue Feb 04 17:55:22 UTC 2020 /home/travis/build/icyphy/ptII/ptolemy/domains/continuous/test/auto/TimeDelay.xml
----------------- Instantiating /home/travis/build/icyphy/ptII/ptolemy/domains/continuous/test/auto/TimeDelay.xml
4 ms. Memory: 324608K Free: 285549K (88%)
----------------- Invoking toplevel() on ptolemy.moml.MoMLSimpleApplication@376a31c3
----------------- Done invoking toplevel() on ptolemy.moml.MoMLSimpleApplication@376a31c3
reloadAllAccessors: .TimeDelay

===========================================================================================
----------------- testing Tue Feb 04 17:55:22 UTC 2020 /home/travis/build/icyphy/ptII/ptolemy/domains/continuous/test/auto/TimeDelay2.xml
----------------- Instantiating /home/travis/build/icyphy/ptII/ptolemy/domains/continuous/test/auto/TimeDelay2.xml
8 ms. Memory: 324608K Free: 275829K (85%)
----------------- Invoking toplevel() on ptolemy.moml.MoMLSimpleApplication@532cc5e8
----------------- Done invoking toplevel() on ptolemy.moml.MoMLSimpleApplication@532cc5e8
reloadAllAccessors: .TimeDelay2

===========================================================================================
----------------- testing Tue Feb 04 17:55:22 UTC 2020 /home/travis/build/icyphy/ptII/ptolemy/domains/continuous/test/auto/TimeDelay3.xml
----------------- Instantiating /home/travis/build/icyphy/ptII/ptolemy/domains/continuous/test/auto/TimeDelay3.xml
4 ms. Memory: 324608K Free: 271202K (84%)
----------------- Invoking toplevel() on ptolemy.moml.MoMLSimpleApplication@580f7553
----------------- Done invoking toplevel() on ptolemy.moml.MoMLSimpleApplication@580f7553
reloadAllAccessors: .TimeDelay3

===========================================================================================
----------------- testing Tue Feb 04 17:55:22 UTC 2020 /home/travis/build/icyphy/ptII/ptolemy/domains/continuous/test/auto/TransferAbsentToInside.xml
----------------- Instantiating /home/travis/build/icyphy/ptII/ptolemy/domains/continuous/test/auto/TransferAbsentToInside.xml
26 ms. Memory: 324608K Free: 218485K (67%)
----------------- Invoking toplevel() on ptolemy.moml.MoMLSimpleApplication@55bd747e
----------------- Done invoking toplevel() on ptolemy.moml.MoMLSimpleApplication@55bd747e
reloadAllAccessors: .TransferAbsentToInside

===========================================================================================
----------------- testing Tue Feb 04 17:55:22 UTC 2020 /home/travis/build/icyphy/ptII/ptolemy/domains/continuous/test/auto/Transmission.xml
----------------- Instantiating /home/travis/build/icyphy/ptII/ptolemy/domains/continuous/test/auto/Transmission.xml
722 ms. Memory: 324608K Free: 176482K (54%)
----------------- Invoking toplevel() on ptolemy.moml.MoMLSimpleApplication@39e9abeb
----------------- Done invoking toplevel() on ptolemy.moml.MoMLSimpleApplication@39e9abeb
reloadAllAccessors: .Transmission

===========================================================================================
----------------- testing Tue Feb 04 17:55:23 UTC 2020 /home/travis/build/icyphy/ptII/ptolemy/domains/continuous/test/auto/TriggeredContinuousClock.xml
----------------- Instantiating /home/travis/build/icyphy/ptII/ptolemy/domains/continuous/test/auto/TriggeredContinuousClock.xml
36 ms. Memory: 324608K Free: 146770K (45%)
----------------- Invoking toplevel() on ptolemy.moml.MoMLSimpleApplication@78c61d2f
----------------- Done invoking toplevel() on ptolemy.moml.MoMLSimpleApplication@78c61d2f
reloadAllAccessors: .TriggeredContinuousClock

===========================================================================================
----------------- testing Tue Feb 04 17:55:23 UTC 2020 /home/travis/build/icyphy/ptII/ptolemy/domains/continuous/test/auto/TwoMachineInfiniteBusControl.xml
----------------- Instantiating /home/travis/build/icyphy/ptII/ptolemy/domains/continuous/test/auto/TwoMachineInfiniteBusControl.xml
2267 ms. Memory: 324608K Free: 149155K (46%)
----------------- Invoking toplevel() on ptolemy.moml.MoMLSimpleApplication@3f9cd1fb
----------------- Done invoking toplevel() on ptolemy.moml.MoMLSimpleApplication@3f9cd1fb
reloadAllAccessors: .TwoMachineInfiniteBusControl

===========================================================================================
----------------- testing Tue Feb 04 17:55:25 UTC 2020 /home/travis/build/icyphy/ptII/ptolemy/domains/continuous/test/auto/V2V.xml
----------------- Instantiating /home/travis/build/icyphy/ptII/ptolemy/domains/continuous/test/auto/V2V.xml
603 ms. Memory: 324608K Free: 150831K (46%)
----------------- Invoking toplevel() on ptolemy.moml.MoMLSimpleApplication@7984f451
----------------- Done invoking toplevel() on ptolemy.moml.MoMLSimpleApplication@7984f451
reloadAllAccessors: .V2V

===========================================================================================
----------------- testing Tue Feb 04 17:55:26 UTC 2020 /home/travis/build/icyphy/ptII/ptolemy/domains/continuous/test/auto/hierarchicalModalModel.xml
----------------- Instantiating /home/travis/build/icyphy/ptII/ptolemy/domains/continuous/test/auto/hierarchicalModalModel.xml
7 ms. Memory: 324608K Free: 135966K (42%)
----------------- Invoking toplevel() on ptolemy.moml.MoMLSimpleApplication@25bf2e3
----------------- Done invoking toplevel() on ptolemy.moml.MoMLSimpleApplication@25bf2e3
reloadAllAccessors: .hierarchicalModalModel

===========================================================================================
----------------- testing Tue Feb 04 17:55:26 UTC 2020 /home/travis/build/icyphy/ptII/ptolemy/domains/continuous/test/auto/hierarchicalModalModel1.xml
----------------- Instantiating /home/travis/build/icyphy/ptII/ptolemy/domains/continuous/test/auto/hierarchicalModalModel1.xml
7 ms. Memory: 324608K Free: 121645K (37%)
----------------- Invoking toplevel() on ptolemy.moml.MoMLSimpleApplication@53ff4430
----------------- Done invoking toplevel() on ptolemy.moml.MoMLSimpleApplication@53ff4430
reloadAllAccessors: .hierarchicalModalModel1

===========================================================================================
----------------- testing Tue Feb 04 17:55:26 UTC 2020 /home/travis/build/icyphy/ptII/ptolemy/domains/continuous/test/auto/hierarchicalModalModel2.xml
----------------- Instantiating /home/travis/build/icyphy/ptII/ptolemy/domains/continuous/test/auto/hierarchicalModalModel2.xml
6 ms. Memory: 324608K Free: 297748K (92%)
----------------- Invoking toplevel() on ptolemy.moml.MoMLSimpleApplication@356981e9
----------------- Done invoking toplevel() on ptolemy.moml.MoMLSimpleApplication@356981e9
reloadAllAccessors: .hierarchicalModalModel2

===========================================================================================
----------------- testing Tue Feb 04 17:55:26 UTC 2020 /home/travis/build/icyphy/ptII/ptolemy/domains/continuous/test/auto/hierarchicalModalModel3.xml
----------------- Instantiating /home/travis/build/icyphy/ptII/ptolemy/domains/continuous/test/auto/hierarchicalModalModel3.xml
5 ms. Memory: 324608K Free: 287013K (88%)
----------------- Invoking toplevel() on ptolemy.moml.MoMLSimpleApplication@4c18bbd
----------------- Done invoking toplevel() on ptolemy.moml.MoMLSimpleApplication@4c18bbd
reloadAllAccessors: .hierarchicalModalModel3

===========================================================================================
----------------- testing Tue Feb 04 17:55:26 UTC 2020 /home/travis/build/icyphy/ptII/ptolemy/domains/continuous/test/auto/hierarchicalModalModel4.xml
----------------- Instantiating /home/travis/build/icyphy/ptII/ptolemy/domains/continuous/test/auto/hierarchicalModalModel4.xml
4 ms. Memory: 324608K Free: 275235K (85%)
----------------- Invoking toplevel() on ptolemy.moml.MoMLSimpleApplication@3e8f7008
----------------- Done invoking toplevel() on ptolemy.moml.MoMLSimpleApplication@3e8f7008
reloadAllAccessors: .hierarchicalModalModel4

===========================================================================================
----------------- testing Tue Feb 04 17:55:26 UTC 2020 /home/travis/build/icyphy/ptII/ptolemy/domains/continuous/test/auto/junk.xml
----------------- Instantiating /home/travis/build/icyphy/ptII/ptolemy/domains/continuous/test/auto/junk.xml
108 ms. Memory: 324608K Free: 247587K (76%)
----------------- Invoking toplevel() on ptolemy.moml.MoMLSimpleApplication@4852937e
----------------- Done invoking toplevel() on ptolemy.moml.MoMLSimpleApplication@4852937e
reloadAllAccessors: .junk
AutoTests.java: About to close Vertx.
AutoTests.java: Vertx closed.
]]></system-out>
  <system-err><![CDATA[Warning: '.HysteresisWithRandomDelay.NonStrictTest3' The test produced only 27 tokens, yet the correctValues parameter was expecting 30 tokens.
Warning: '.IncreasingRatePoisson.NonStrictTest' The test produced only 365 tokens, yet the correctValues parameter was expecting 402 tokens.
Warning: '.Poisson.NonStrictTest' The test produced only 386 tokens, yet the correctValues parameter was expecting 430 tokens.
]]></system-err>
</testsuite>
