<?xml version="1.0" encoding="UTF-8" ?>
<testsuite errors="0" failures="0" hostname="travis-job-026907bd-9f2c-4104-9f23-8383b22448a7" name="ptolemy.domains.continuous.test.junit.JUnitTclTest" skipped="0" tests="156" time="88.276" timestamp="2019-07-28T05:08:01">
  <properties>
[...]
</properties>
  <testcase classname="ptolemy.util.test.junit.TclTests" name="[0] ThereAreNoTclTests (RunTclFile)" time="0.009" />
  <testcase classname="ptolemy.util.test.junit.AutoKnownFailedTests" name="[0] ThereAreNoKnowFailedTests (RunModel)" time="0.002" />
  <testcase classname="ptolemy.util.test.junit.AutoNameArchTests" name="[0] ThereAreNoAutoArchTests (RunModel)" time="0.013" />
  <testcase classname="ptolemy.util.test.junit.AutoTests" name="[0] /home/travis/build/icyphy/ptII/ptolemy/domains/continuous/test/auto/BouncingBall.xml (RunModel)" time="3.566" />
  <testcase classname="ptolemy.util.test.junit.AutoTests" name="[1] /home/travis/build/icyphy/ptII/ptolemy/domains/continuous/test/auto/BouncingBallWithoutGR.xml (RunModel)" time="0.872" />
  <testcase classname="ptolemy.util.test.junit.AutoTests" name="[2] /home/travis/build/icyphy/ptII/ptolemy/domains/continuous/test/auto/Brownian.xml (RunModel)" time="0.152" />
  <testcase classname="ptolemy.util.test.junit.AutoTests" name="[3] /home/travis/build/icyphy/ptII/ptolemy/domains/continuous/test/auto/CarTracking.xml (RunModel)" time="5.017" />
  <testcase classname="ptolemy.util.test.junit.AutoTests" name="[4] /home/travis/build/icyphy/ptII/ptolemy/domains/continuous/test/auto/CartPendulum.xml (RunModel)" time="0.678" />
  <testcase classname="ptolemy.util.test.junit.AutoTests" name="[5] /home/travis/build/icyphy/ptII/ptolemy/domains/continuous/test/auto/CausalityInterface10.xml (RunModel)" time="0.065" />
  <testcase classname="ptolemy.util.test.junit.AutoTests" name="[6] /home/travis/build/icyphy/ptII/ptolemy/domains/continuous/test/auto/CausalityInterface11.xml (RunModel)" time="0.033" />
  <testcase classname="ptolemy.util.test.junit.AutoTests" name="[7] /home/travis/build/icyphy/ptII/ptolemy/domains/continuous/test/auto/CausalityInterface12.xml (RunModel)" time="0.044" />
  <testcase classname="ptolemy.util.test.junit.AutoTests" name="[8] /home/travis/build/icyphy/ptII/ptolemy/domains/continuous/test/auto/CausalityInterface13.xml (RunModel)" time="0.064" />
  <testcase classname="ptolemy.util.test.junit.AutoTests" name="[9] /home/travis/build/icyphy/ptII/ptolemy/domains/continuous/test/auto/CausalityInterface14.xml (RunModel)" time="0.032" />
  <testcase classname="ptolemy.util.test.junit.AutoTests" name="[10] /home/travis/build/icyphy/ptII/ptolemy/domains/continuous/test/auto/CausalityInterface4.xml (RunModel)" time="0.047" />
  <testcase classname="ptolemy.util.test.junit.AutoTests" name="[11] /home/travis/build/icyphy/ptII/ptolemy/domains/continuous/test/auto/CausalityInterface5.xml (RunModel)" time="0.049" />
  <testcase classname="ptolemy.util.test.junit.AutoTests" name="[12] /home/travis/build/icyphy/ptII/ptolemy/domains/continuous/test/auto/CausalityInterface6.xml (RunModel)" time="0.028" />
  <testcase classname="ptolemy.util.test.junit.AutoTests" name="[13] /home/travis/build/icyphy/ptII/ptolemy/domains/continuous/test/auto/CausalityInterface7.xml (RunModel)" time="0.041" />
  <testcase classname="ptolemy.util.test.junit.AutoTests" name="[14] /home/travis/build/icyphy/ptII/ptolemy/domains/continuous/test/auto/CausalityInterface8.xml (RunModel)" time="0.052" />
  <testcase classname="ptolemy.util.test.junit.AutoTests" name="[15] /home/travis/build/icyphy/ptII/ptolemy/domains/continuous/test/auto/CausalityInterface9.xml (RunModel)" time="0.062" />
  <testcase classname="ptolemy.util.test.junit.AutoTests" name="[16] /home/travis/build/icyphy/ptII/ptolemy/domains/continuous/test/auto/CausalityInterfaceFeedback1.xml (RunModel)" time="0.034" />
  <testcase classname="ptolemy.util.test.junit.AutoTests" name="[17] /home/travis/build/icyphy/ptII/ptolemy/domains/continuous/test/auto/CausalityInterfaceFeedback2.xml (RunModel)" time="0.038" />
  <testcase classname="ptolemy.util.test.junit.AutoTests" name="[18] /home/travis/build/icyphy/ptII/ptolemy/domains/continuous/test/auto/CompareWithCurrentTime.xml (RunModel)" time="0.026" />
  <testcase classname="ptolemy.util.test.junit.AutoTests" name="[19] /home/travis/build/icyphy/ptII/ptolemy/domains/continuous/test/auto/ComparedClocks.xml (RunModel)" time="0.086" />
  <testcase classname="ptolemy.util.test.junit.AutoTests" name="[20] /home/travis/build/icyphy/ptII/ptolemy/domains/continuous/test/auto/ContinuousAOCClone.xml (RunModel)" time="3.43" />
  <testcase classname="ptolemy.util.test.junit.AutoTests" name="[21] /home/travis/build/icyphy/ptII/ptolemy/domains/continuous/test/auto/ContinuousClock.xml (RunModel)" time="0.135" />
  <testcase classname="ptolemy.util.test.junit.AutoTests" name="[22] /home/travis/build/icyphy/ptII/ptolemy/domains/continuous/test/auto/ContinuousInContinuous.xml (RunModel)" time="0.095" />
  <testcase classname="ptolemy.util.test.junit.AutoTests" name="[23] /home/travis/build/icyphy/ptII/ptolemy/domains/continuous/test/auto/ContinuousInContinuousInContinuous.xml (RunModel)" time="0.025" />
  <testcase classname="ptolemy.util.test.junit.AutoTests" name="[24] /home/travis/build/icyphy/ptII/ptolemy/domains/continuous/test/auto/ContinuousInDE.xml (RunModel)" time="0.145" />
  <testcase classname="ptolemy.util.test.junit.AutoTests" name="[25] /home/travis/build/icyphy/ptII/ptolemy/domains/continuous/test/auto/ContinuousInDE2.xml (RunModel)" time="0.06" />
  <testcase classname="ptolemy.util.test.junit.AutoTests" name="[26] /home/travis/build/icyphy/ptII/ptolemy/domains/continuous/test/auto/ContinuousInDE3.xml (RunModel)" time="0.061" />
  <testcase classname="ptolemy.util.test.junit.AutoTests" name="[27] /home/travis/build/icyphy/ptII/ptolemy/domains/continuous/test/auto/ContinuousInDE4.xml (RunModel)" time="0.038" />
  <testcase classname="ptolemy.util.test.junit.AutoTests" name="[28] /home/travis/build/icyphy/ptII/ptolemy/domains/continuous/test/auto/ContinuousInDEDifferentRefinements.xml (RunModel)" time="0.115" />
  <testcase classname="ptolemy.util.test.junit.AutoTests" name="[29] /home/travis/build/icyphy/ptII/ptolemy/domains/continuous/test/auto/ContinuousInDEDifferentRefinementsPreemptive.xml (RunModel)" time="0.096" />
  <testcase classname="ptolemy.util.test.junit.AutoTests" name="[30] /home/travis/build/icyphy/ptII/ptolemy/domains/continuous/test/auto/ContinuousInDEInContinuous2.xml (RunModel)" time="0.065" />
  <testcase classname="ptolemy.util.test.junit.AutoTests" name="[31] /home/travis/build/icyphy/ptII/ptolemy/domains/continuous/test/auto/ContinuousInDEInContinuous3.xml (RunModel)" time="0.065" />
  <testcase classname="ptolemy.util.test.junit.AutoTests" name="[32] /home/travis/build/icyphy/ptII/ptolemy/domains/continuous/test/auto/ContinuousInDEInput.xml (RunModel)" time="0.046" />
  <testcase classname="ptolemy.util.test.junit.AutoTests" name="[33] /home/travis/build/icyphy/ptII/ptolemy/domains/continuous/test/auto/ContinuousInDEInput2.xml (RunModel)" time="0.045" />
  <testcase classname="ptolemy.util.test.junit.AutoTests" name="[34] /home/travis/build/icyphy/ptII/ptolemy/domains/continuous/test/auto/ContinuousInDEInput3.xml (RunModel)" time="0.037" />
  <testcase classname="ptolemy.util.test.junit.AutoTests" name="[35] /home/travis/build/icyphy/ptII/ptolemy/domains/continuous/test/auto/ContinuousInDESharingRefinement.xml (RunModel)" time="0.237" />
  <testcase classname="ptolemy.util.test.junit.AutoTests" name="[36] /home/travis/build/icyphy/ptII/ptolemy/domains/continuous/test/auto/ContinuousInDEwithNoPorts.xml (RunModel)" time="0.025" />
  <testcase classname="ptolemy.util.test.junit.AutoTests" name="[37] /home/travis/build/icyphy/ptII/ptolemy/domains/continuous/test/auto/ContinuousInsideDE.xml (RunModel)" time="0.101" />
  <testcase classname="ptolemy.util.test.junit.AutoTests" name="[38] /home/travis/build/icyphy/ptII/ptolemy/domains/continuous/test/auto/ContinuousMerge1.xml (RunModel)" time="0.02" />
  <testcase classname="ptolemy.util.test.junit.AutoTests" name="[39] /home/travis/build/icyphy/ptII/ptolemy/domains/continuous/test/auto/ContinuousMerge2.xml (RunModel)" time="0.053" />
  <testcase classname="ptolemy.util.test.junit.AutoTests" name="[40] /home/travis/build/icyphy/ptII/ptolemy/domains/continuous/test/auto/ContinuousMerge3.xml (RunModel)" time="0.09" />
  <testcase classname="ptolemy.util.test.junit.AutoTests" name="[41] /home/travis/build/icyphy/ptII/ptolemy/domains/continuous/test/auto/ContinuousWithinContinuous.xml (RunModel)" time="0.07" />
  <testcase classname="ptolemy.util.test.junit.AutoTests" name="[42] /home/travis/build/icyphy/ptII/ptolemy/domains/continuous/test/auto/ContinuousWithinContinuous2.xml (RunModel)" time="0.11" />
  <testcase classname="ptolemy.util.test.junit.AutoTests" name="[43] /home/travis/build/icyphy/ptII/ptolemy/domains/continuous/test/auto/ContinuousWithinContinuous3.xml (RunModel)" time="0.039" />
  <testcase classname="ptolemy.util.test.junit.AutoTests" name="[44] /home/travis/build/icyphy/ptII/ptolemy/domains/continuous/test/auto/ContinuousWithinContinuous4.xml (RunModel)" time="0.114" />
  <testcase classname="ptolemy.util.test.junit.AutoTests" name="[45] /home/travis/build/icyphy/ptII/ptolemy/domains/continuous/test/auto/ContinuousWithinContinuous5.xml (RunModel)" time="0.037" />
  <testcase classname="ptolemy.util.test.junit.AutoTests" name="[46] /home/travis/build/icyphy/ptII/ptolemy/domains/continuous/test/auto/ContinuousWithinContinuous6.xml (RunModel)" time="0.044" />
  <testcase classname="ptolemy.util.test.junit.AutoTests" name="[47] /home/travis/build/icyphy/ptII/ptolemy/domains/continuous/test/auto/ContinuousWithinContinuous7.xml (RunModel)" time="0.094" />
  <testcase classname="ptolemy.util.test.junit.AutoTests" name="[48] /home/travis/build/icyphy/ptII/ptolemy/domains/continuous/test/auto/DCMotor.xml (RunModel)" time="16.845" />
  <testcase classname="ptolemy.util.test.junit.AutoTests" name="[49] /home/travis/build/icyphy/ptII/ptolemy/domains/continuous/test/auto/DEInContinuous.xml (RunModel)" time="0.023" />
  <testcase classname="ptolemy.util.test.junit.AutoTests" name="[50] /home/travis/build/icyphy/ptII/ptolemy/domains/continuous/test/auto/DEinContinuous2.xml (RunModel)" time="0.025" />
  <testcase classname="ptolemy.util.test.junit.AutoTests" name="[51] /home/travis/build/icyphy/ptII/ptolemy/domains/continuous/test/auto/Derivative.xml (RunModel)" time="0.204" />
  <testcase classname="ptolemy.util.test.junit.AutoTests" name="[52] /home/travis/build/icyphy/ptII/ptolemy/domains/continuous/test/auto/Derivative1.xml (RunModel)" time="0.039" />
  <testcase classname="ptolemy.util.test.junit.AutoTests" name="[53] /home/travis/build/icyphy/ptII/ptolemy/domains/continuous/test/auto/DiscreteClock.xml (RunModel)" time="0.017" />
  <testcase classname="ptolemy.util.test.junit.AutoTests" name="[54] /home/travis/build/icyphy/ptII/ptolemy/domains/continuous/test/auto/EfficiencyCurve.xml (RunModel)" time="0.081" />
  <testcase classname="ptolemy.util.test.junit.AutoTests" name="[55] /home/travis/build/icyphy/ptII/ptolemy/domains/continuous/test/auto/ExponentialResponse.xml (RunModel)" time="0.124" />
  <testcase classname="ptolemy.util.test.junit.AutoTests" name="[56] /home/travis/build/icyphy/ptII/ptolemy/domains/continuous/test/auto/ExponentialResponseRK45.xml (RunModel)" time="0.035" />
  <testcase classname="ptolemy.util.test.junit.AutoTests" name="[57] /home/travis/build/icyphy/ptII/ptolemy/domains/continuous/test/auto/Friction.xml (RunModel)" time="1.669" />
  <testcase classname="ptolemy.util.test.junit.AutoTests" name="[58] /home/travis/build/icyphy/ptII/ptolemy/domains/continuous/test/auto/FurutaPendulum.xml (RunModel)" time="3.985" />
  <testcase classname="ptolemy.util.test.junit.AutoTests" name="[59] /home/travis/build/icyphy/ptII/ptolemy/domains/continuous/test/auto/HierarchicalExecution.xml (RunModel)" time="2.63" />
  <testcase classname="ptolemy.util.test.junit.AutoTests" name="[60] /home/travis/build/icyphy/ptII/ptolemy/domains/continuous/test/auto/HybridPlant.xml (RunModel)" time="0.644" />
  <testcase classname="ptolemy.util.test.junit.AutoTests" name="[61] /home/travis/build/icyphy/ptII/ptolemy/domains/continuous/test/auto/Hysteresis.xml (RunModel)" time="0.236" />
  <testcase classname="ptolemy.util.test.junit.AutoTests" name="[62] /home/travis/build/icyphy/ptII/ptolemy/domains/continuous/test/auto/HysteresisWithRandomDelay.xml (RunModel)" time="0.283" />
  <testcase classname="ptolemy.util.test.junit.AutoTests" name="[63] /home/travis/build/icyphy/ptII/ptolemy/domains/continuous/test/auto/HysteresisWithRandomLosses.xml (RunModel)" time="2.728" />
  <testcase classname="ptolemy.util.test.junit.AutoTests" name="[64] /home/travis/build/icyphy/ptII/ptolemy/domains/continuous/test/auto/ImmediateTransitions.xml (RunModel)" time="0.033" />
  <testcase classname="ptolemy.util.test.junit.AutoTests" name="[65] /home/travis/build/icyphy/ptII/ptolemy/domains/continuous/test/auto/ImpulseFeedback.xml (RunModel)" time="0.021" />
  <testcase classname="ptolemy.util.test.junit.AutoTests" name="[66] /home/travis/build/icyphy/ptII/ptolemy/domains/continuous/test/auto/ImpulseFeedback2.xml (RunModel)" time="0.019" />
  <testcase classname="ptolemy.util.test.junit.AutoTests" name="[67] /home/travis/build/icyphy/ptII/ptolemy/domains/continuous/test/auto/IncreasingRatePoisson.xml (RunModel)" time="0.849" />
  <testcase classname="ptolemy.util.test.junit.AutoTests" name="[68] /home/travis/build/icyphy/ptII/ptolemy/domains/continuous/test/auto/InitialStateFeedback.xml (RunModel)" time="0.016" />
  <testcase classname="ptolemy.util.test.junit.AutoTests" name="[69] /home/travis/build/icyphy/ptII/ptolemy/domains/continuous/test/auto/Integration.xml (RunModel)" time="0.01" />
  <testcase classname="ptolemy.util.test.junit.AutoTests" name="[70] /home/travis/build/icyphy/ptII/ptolemy/domains/continuous/test/auto/Integration2.xml (RunModel)" time="0.107" />
  <testcase classname="ptolemy.util.test.junit.AutoTests" name="[71] /home/travis/build/icyphy/ptII/ptolemy/domains/continuous/test/auto/Integration3.xml (RunModel)" time="0.024" />
  <testcase classname="ptolemy.util.test.junit.AutoTests" name="[72] /home/travis/build/icyphy/ptII/ptolemy/domains/continuous/test/auto/Integration5.xml (RunModel)" time="0.013" />
  <testcase classname="ptolemy.util.test.junit.AutoTests" name="[73] /home/travis/build/icyphy/ptII/ptolemy/domains/continuous/test/auto/IntegratorImpulse.xml (RunModel)" time="0.009" />
  <testcase classname="ptolemy.util.test.junit.AutoTests" name="[74] /home/travis/build/icyphy/ptII/ptolemy/domains/continuous/test/auto/IntegratorImpulse2.xml (RunModel)" time="0.012" />
  <testcase classname="ptolemy.util.test.junit.AutoTests" name="[75] /home/travis/build/icyphy/ptII/ptolemy/domains/continuous/test/auto/LevelCrossing1.xml (RunModel)" time="0.016" />
  <testcase classname="ptolemy.util.test.junit.AutoTests" name="[76] /home/travis/build/icyphy/ptII/ptolemy/domains/continuous/test/auto/LevelCrossing2.xml (RunModel)" time="0.014" />
  <testcase classname="ptolemy.util.test.junit.AutoTests" name="[77] /home/travis/build/icyphy/ptII/ptolemy/domains/continuous/test/auto/LevelCrossing3.xml (RunModel)" time="0.013" />
  <testcase classname="ptolemy.util.test.junit.AutoTests" name="[78] /home/travis/build/icyphy/ptII/ptolemy/domains/continuous/test/auto/LevelCrossing4.xml (RunModel)" time="0.019" />
  <testcase classname="ptolemy.util.test.junit.AutoTests" name="[79] /home/travis/build/icyphy/ptII/ptolemy/domains/continuous/test/auto/LevelCrossing5.xml (RunModel)" time="0.016" />
  <testcase classname="ptolemy.util.test.junit.AutoTests" name="[80] /home/travis/build/icyphy/ptII/ptolemy/domains/continuous/test/auto/LevelCrossing6.xml (RunModel)" time="0.014" />
  <testcase classname="ptolemy.util.test.junit.AutoTests" name="[81] /home/travis/build/icyphy/ptII/ptolemy/domains/continuous/test/auto/LevelCrossingDetector.xml (RunModel)" time="0.039" />
  <testcase classname="ptolemy.util.test.junit.AutoTests" name="[82] /home/travis/build/icyphy/ptII/ptolemy/domains/continuous/test/auto/LevelCrossingDetectorDetectingDirections.xml (RunModel)" time="0.095" />
  <testcase classname="ptolemy.util.test.junit.AutoTests" name="[83] /home/travis/build/icyphy/ptII/ptolemy/domains/continuous/test/auto/LevelCrossingDetectorDetectsGlitches.xml (RunModel)" time="0.067" />
  <testcase classname="ptolemy.util.test.junit.AutoTests" name="[84] /home/travis/build/icyphy/ptII/ptolemy/domains/continuous/test/auto/LevelCrossingNoInitialOuput.xml (RunModel)" time="0.012" />
  <testcase classname="ptolemy.util.test.junit.AutoTests" name="[85] /home/travis/build/icyphy/ptII/ptolemy/domains/continuous/test/auto/LinearStateSpaceExample.xml (RunModel)" time="0.053" />
  <testcase classname="ptolemy.util.test.junit.AutoTests" name="[86] /home/travis/build/icyphy/ptII/ptolemy/domains/continuous/test/auto/Lorenz.xml (RunModel)" time="5.525" />
  <testcase classname="ptolemy.util.test.junit.AutoTests" name="[87] /home/travis/build/icyphy/ptII/ptolemy/domains/continuous/test/auto/LorenzDifferentialSystem.xml (RunModel)" time="1.274" />
  <testcase classname="ptolemy.util.test.junit.AutoTests" name="[88] /home/travis/build/icyphy/ptII/ptolemy/domains/continuous/test/auto/LorenzDifferentialSystemWithInput.xml (RunModel)" time="1.629" />
  <testcase classname="ptolemy.util.test.junit.AutoTests" name="[89] /home/travis/build/icyphy/ptII/ptolemy/domains/continuous/test/auto/LorenzDifferentialSystemWithTime.xml (RunModel)" time="0.788" />
  <testcase classname="ptolemy.util.test.junit.AutoTests" name="[90] /home/travis/build/icyphy/ptII/ptolemy/domains/continuous/test/auto/Microsteps.xml (RunModel)" time="0.045" />
  <testcase classname="ptolemy.util.test.junit.AutoTests" name="[91] /home/travis/build/icyphy/ptII/ptolemy/domains/continuous/test/auto/Modal1.xml (RunModel)" time="0.084" />
  <testcase classname="ptolemy.util.test.junit.AutoTests" name="[92] /home/travis/build/icyphy/ptII/ptolemy/domains/continuous/test/auto/Modal2.xml (RunModel)" time="0.048" />
  <testcase classname="ptolemy.util.test.junit.AutoTests" name="[93] /home/travis/build/icyphy/ptII/ptolemy/domains/continuous/test/auto/ModalTransitionGuardWithReset.xml (RunModel)" time="0.058" />
  <testcase classname="ptolemy.util.test.junit.AutoTests" name="[94] /home/travis/build/icyphy/ptII/ptolemy/domains/continuous/test/auto/ModalTransitionGuardWithResetUsingPreemptiveTransition.xml (RunModel)" time="0.052" />
  <testcase classname="ptolemy.util.test.junit.AutoTests" name="[95] /home/travis/build/icyphy/ptII/ptolemy/domains/continuous/test/auto/ModalTransitionGuardWithResetUsingPreemptiveTransition2.xml (RunModel)" time="0.056" />
  <testcase classname="ptolemy.util.test.junit.AutoTests" name="[96] /home/travis/build/icyphy/ptII/ptolemy/domains/continuous/test/auto/ModalTransitionGuardWithResetUsingPreemptiveTransition3.xml (RunModel)" time="0.062" />
  <testcase classname="ptolemy.util.test.junit.AutoTests" name="[97] /home/travis/build/icyphy/ptII/ptolemy/domains/continuous/test/auto/NewtonsCradle.xml (RunModel)" time="0.893" />
  <testcase classname="ptolemy.util.test.junit.AutoTests" name="[98] /home/travis/build/icyphy/ptII/ptolemy/domains/continuous/test/auto/NewtonsCradleAnimated.xml (RunModel)" time="1.436" />
  <testcase classname="ptolemy.util.test.junit.AutoTests" name="[99] /home/travis/build/icyphy/ptII/ptolemy/domains/continuous/test/auto/NewtonsCradleComplicated.xml (RunModel)" time="1.151" />
  <testcase classname="ptolemy.util.test.junit.AutoTests" name="[100] /home/travis/build/icyphy/ptII/ptolemy/domains/continuous/test/auto/NewtonsCradleNondeterministic.xml (RunModel)" time="0.864" />
  <testcase classname="ptolemy.util.test.junit.AutoTests" name="[101] /home/travis/build/icyphy/ptII/ptolemy/domains/continuous/test/auto/NewtonsCradlePerfectlyInelastic1.xml (RunModel)" time="1.412" />
  <testcase classname="ptolemy.util.test.junit.AutoTests" name="[102] /home/travis/build/icyphy/ptII/ptolemy/domains/continuous/test/auto/Noise.xml (RunModel)" time="0.209" />
  <testcase classname="ptolemy.util.test.junit.AutoTests" name="[103] /home/travis/build/icyphy/ptII/ptolemy/domains/continuous/test/auto/NoiseSpectrum.xml (RunModel)" time="0.899" />
  <testcase classname="ptolemy.util.test.junit.AutoTests" name="[104] /home/travis/build/icyphy/ptII/ptolemy/domains/continuous/test/auto/ParameterizedNewtonsCradleAnimated.xml (RunModel)" time="0.398" />
  <testcase classname="ptolemy.util.test.junit.AutoTests" name="[105] /home/travis/build/icyphy/ptII/ptolemy/domains/continuous/test/auto/ParameterizedNewtonsCradleAnimatedNondeterministic.xml (RunModel)" time="1.213" />
  <testcase classname="ptolemy.util.test.junit.AutoTests" name="[106] /home/travis/build/icyphy/ptII/ptolemy/domains/continuous/test/auto/Pendulum3D.xml (RunModel)" time="0.188" />
  <testcase classname="ptolemy.util.test.junit.AutoTests" name="[107] /home/travis/build/icyphy/ptII/ptolemy/domains/continuous/test/auto/PeriodicSampler.xml (RunModel)" time="0.012" />
  <testcase classname="ptolemy.util.test.junit.AutoTests" name="[108] /home/travis/build/icyphy/ptII/ptolemy/domains/continuous/test/auto/PeriodicSampler1.xml (RunModel)" time="0.045" />
  <testcase classname="ptolemy.util.test.junit.AutoTests" name="[109] /home/travis/build/icyphy/ptII/ptolemy/domains/continuous/test/auto/PeriodicSampler2.xml (RunModel)" time="0.091" />
  <testcase classname="ptolemy.util.test.junit.AutoTests" name="[110] /home/travis/build/icyphy/ptII/ptolemy/domains/continuous/test/auto/Poisson.xml (RunModel)" time="0.495" />
  <testcase classname="ptolemy.util.test.junit.AutoTests" name="[111] /home/travis/build/icyphy/ptII/ptolemy/domains/continuous/test/auto/PoissonClock.xml (RunModel)" time="0.011" />
  <testcase classname="ptolemy.util.test.junit.AutoTests" name="[112] /home/travis/build/icyphy/ptII/ptolemy/domains/continuous/test/auto/PoissonClock2.xml (RunModel)" time="0.012" />
  <testcase classname="ptolemy.util.test.junit.AutoTests" name="[113] /home/travis/build/icyphy/ptII/ptolemy/domains/continuous/test/auto/PortParameterHierarchy.xml (RunModel)" time="0.023" />
  <testcase classname="ptolemy.util.test.junit.AutoTests" name="[114] /home/travis/build/icyphy/ptII/ptolemy/domains/continuous/test/auto/RandomHybridPlant.xml (RunModel)" time="0.579" />
  <testcase classname="ptolemy.util.test.junit.AutoTests" name="[115] /home/travis/build/icyphy/ptII/ptolemy/domains/continuous/test/auto/ResetTransitionWithStartTime1.xml (RunModel)" time="0.03" />
  <testcase classname="ptolemy.util.test.junit.AutoTests" name="[116] /home/travis/build/icyphy/ptII/ptolemy/domains/continuous/test/auto/ResetTransitionWithStartTime2.xml (RunModel)" time="0.042" />
  <testcase classname="ptolemy.util.test.junit.AutoTests" name="[117] /home/travis/build/icyphy/ptII/ptolemy/domains/continuous/test/auto/ResetTransitionWithStartTime3.xml (RunModel)" time="0.036" />
  <testcase classname="ptolemy.util.test.junit.AutoTests" name="[118] /home/travis/build/icyphy/ptII/ptolemy/domains/continuous/test/auto/ResetTransitionWithStartTime4.xml (RunModel)" time="0.032" />
  <testcase classname="ptolemy.util.test.junit.AutoTests" name="[119] /home/travis/build/icyphy/ptII/ptolemy/domains/continuous/test/auto/ResetTransitionWithStartTime5.xml (RunModel)" time="0.036" />
  <testcase classname="ptolemy.util.test.junit.AutoTests" name="[120] /home/travis/build/icyphy/ptII/ptolemy/domains/continuous/test/auto/ResetTransitionWithStartTime6.xml (RunModel)" time="0.027" />
  <testcase classname="ptolemy.util.test.junit.AutoTests" name="[121] /home/travis/build/icyphy/ptII/ptolemy/domains/continuous/test/auto/SRinContinuous.xml (RunModel)" time="0.028" />
  <testcase classname="ptolemy.util.test.junit.AutoTests" name="[122] /home/travis/build/icyphy/ptII/ptolemy/domains/continuous/test/auto/SampledClocks.xml (RunModel)" time="0.046" />
  <testcase classname="ptolemy.util.test.junit.AutoTests" name="[123] /home/travis/build/icyphy/ptII/ptolemy/domains/continuous/test/auto/Satellite.xml (RunModel)" time="1.087" />
  <testcase classname="ptolemy.util.test.junit.AutoTests" name="[124] /home/travis/build/icyphy/ptII/ptolemy/domains/continuous/test/auto/SigmaDelta.xml (RunModel)" time="2.828" />
  <testcase classname="ptolemy.util.test.junit.AutoTests" name="[125] /home/travis/build/icyphy/ptII/ptolemy/domains/continuous/test/auto/SingleRefinement.xml (RunModel)" time="0.455" />
  <testcase classname="ptolemy.util.test.junit.AutoTests" name="[126] /home/travis/build/icyphy/ptII/ptolemy/domains/continuous/test/auto/SinuBouncingBall.xml (RunModel)" time="0.975" />
  <testcase classname="ptolemy.util.test.junit.AutoTests" name="[127] /home/travis/build/icyphy/ptII/ptolemy/domains/continuous/test/auto/Sinusoid.xml (RunModel)" time="0.023" />
  <testcase classname="ptolemy.util.test.junit.AutoTests" name="[128] /home/travis/build/icyphy/ptII/ptolemy/domains/continuous/test/auto/SinusoidInNoise.xml (RunModel)" time="1.025" />
  <testcase classname="ptolemy.util.test.junit.AutoTests" name="[129] /home/travis/build/icyphy/ptII/ptolemy/domains/continuous/test/auto/SinusoidRK45.xml (RunModel)" time="0.009" />
  <testcase classname="ptolemy.util.test.junit.AutoTests" name="[130] /home/travis/build/icyphy/ptII/ptolemy/domains/continuous/test/auto/SinusoidWithMultipleImpulses.xml (RunModel)" time="0.013" />
  <testcase classname="ptolemy.util.test.junit.AutoTests" name="[131] /home/travis/build/icyphy/ptII/ptolemy/domains/continuous/test/auto/SquareWave.xml (RunModel)" time="0.214" />
  <testcase classname="ptolemy.util.test.junit.AutoTests" name="[132] /home/travis/build/icyphy/ptII/ptolemy/domains/continuous/test/auto/Starmac.xml (RunModel)" time="3.379" />
  <testcase classname="ptolemy.util.test.junit.AutoTests" name="[133] /home/travis/build/icyphy/ptII/ptolemy/domains/continuous/test/auto/StaticUnits.xml (RunModel)" time="3.183" />
  <testcase classname="ptolemy.util.test.junit.AutoTests" name="[134] /home/travis/build/icyphy/ptII/ptolemy/domains/continuous/test/auto/StickyMasses.xml (RunModel)" time="0.249" />
  <testcase classname="ptolemy.util.test.junit.AutoTests" name="[135] /home/travis/build/icyphy/ptII/ptolemy/domains/continuous/test/auto/StopTime.xml (RunModel)" time="0.073" />
  <testcase classname="ptolemy.util.test.junit.AutoTests" name="[136] /home/travis/build/icyphy/ptII/ptolemy/domains/continuous/test/auto/StopTime2.xml (RunModel)" time="0.075" />
  <testcase classname="ptolemy.util.test.junit.AutoTests" name="[137] /home/travis/build/icyphy/ptII/ptolemy/domains/continuous/test/auto/Switch.xml (RunModel)" time="0.065" />
  <testcase classname="ptolemy.util.test.junit.AutoTests" name="[138] /home/travis/build/icyphy/ptII/ptolemy/domains/continuous/test/auto/Thermostat.xml (RunModel)" time="0.213" />
  <testcase classname="ptolemy.util.test.junit.AutoTests" name="[139] /home/travis/build/icyphy/ptII/ptolemy/domains/continuous/test/auto/TimeDelay.xml (RunModel)" time="0.016" />
  <testcase classname="ptolemy.util.test.junit.AutoTests" name="[140] /home/travis/build/icyphy/ptII/ptolemy/domains/continuous/test/auto/TimeDelay2.xml (RunModel)" time="0.026" />
  <testcase classname="ptolemy.util.test.junit.AutoTests" name="[141] /home/travis/build/icyphy/ptII/ptolemy/domains/continuous/test/auto/TimeDelay3.xml (RunModel)" time="0.011" />
  <testcase classname="ptolemy.util.test.junit.AutoTests" name="[142] /home/travis/build/icyphy/ptII/ptolemy/domains/continuous/test/auto/TransferAbsentToInside.xml (RunModel)" time="0.109" />
  <testcase classname="ptolemy.util.test.junit.AutoTests" name="[143] /home/travis/build/icyphy/ptII/ptolemy/domains/continuous/test/auto/Transmission.xml (RunModel)" time="0.994" />
  <testcase classname="ptolemy.util.test.junit.AutoTests" name="[144] /home/travis/build/icyphy/ptII/ptolemy/domains/continuous/test/auto/TriggeredContinuousClock.xml (RunModel)" time="0.078" />
  <testcase classname="ptolemy.util.test.junit.AutoTests" name="[145] /home/travis/build/icyphy/ptII/ptolemy/domains/continuous/test/auto/TwoMachineInfiniteBusControl.xml (RunModel)" time="3.469" />
  <testcase classname="ptolemy.util.test.junit.AutoTests" name="[146] /home/travis/build/icyphy/ptII/ptolemy/domains/continuous/test/auto/V2V.xml (RunModel)" time="0.995" />
  <testcase classname="ptolemy.util.test.junit.AutoTests" name="[147] /home/travis/build/icyphy/ptII/ptolemy/domains/continuous/test/auto/hierarchicalModalModel.xml (RunModel)" time="0.033" />
  <testcase classname="ptolemy.util.test.junit.AutoTests" name="[148] /home/travis/build/icyphy/ptII/ptolemy/domains/continuous/test/auto/hierarchicalModalModel1.xml (RunModel)" time="0.033" />
  <testcase classname="ptolemy.util.test.junit.AutoTests" name="[149] /home/travis/build/icyphy/ptII/ptolemy/domains/continuous/test/auto/hierarchicalModalModel2.xml (RunModel)" time="0.027" />
  <testcase classname="ptolemy.util.test.junit.AutoTests" name="[150] /home/travis/build/icyphy/ptII/ptolemy/domains/continuous/test/auto/hierarchicalModalModel3.xml (RunModel)" time="0.025" />
  <testcase classname="ptolemy.util.test.junit.AutoTests" name="[151] /home/travis/build/icyphy/ptII/ptolemy/domains/continuous/test/auto/hierarchicalModalModel4.xml (RunModel)" time="0.027" />
  <testcase classname="ptolemy.util.test.junit.AutoTests" name="[152] /home/travis/build/icyphy/ptII/ptolemy/domains/continuous/test/auto/junk.xml (RunModel)" time="0.163" />
  <system-out><![CDATA[No tcl tests in /home/travis/build/icyphy/ptII/ptolemy/domains/continuous/test
No auto/knownFailedTests/*.xml tests in /home/travis/build/icyphy/ptII/ptolemy/domains/continuous/test
No auto/linux-amd64/*.xml tests in /home/travis/build/icyphy/ptII/ptolemy/domains/continuous/test
AutoTests.java: About to close Vertx.
AutoTests.java: Vertx closed.

===========================================================================================
----------------- testing Sun Jul 28 05:08:02 UTC 2019 /home/travis/build/icyphy/ptII/ptolemy/domains/continuous/test/auto/BouncingBall.xml
----------------- Instantiating /home/travis/build/icyphy/ptII/ptolemy/domains/continuous/test/auto/BouncingBall.xml
2791 ms. Memory: 157696K Free: 116862K (74%)
----------------- Invoking toplevel() on ptolemy.moml.MoMLSimpleApplication@141191d9
----------------- Done invoking toplevel() on ptolemy.moml.MoMLSimpleApplication@141191d9
reloadAllAccessors: .BouncingBall

===========================================================================================
----------------- testing Sun Jul 28 05:08:05 UTC 2019 /home/travis/build/icyphy/ptII/ptolemy/domains/continuous/test/auto/BouncingBallWithoutGR.xml
----------------- Instantiating /home/travis/build/icyphy/ptII/ptolemy/domains/continuous/test/auto/BouncingBallWithoutGR.xml
787 ms. Memory: 157696K Free: 122348K (78%)
----------------- Invoking toplevel() on ptolemy.moml.MoMLSimpleApplication@39f90d8b
----------------- Done invoking toplevel() on ptolemy.moml.MoMLSimpleApplication@39f90d8b
reloadAllAccessors: .BouncingBallWithoutGR

===========================================================================================
----------------- testing Sun Jul 28 05:08:06 UTC 2019 /home/travis/build/icyphy/ptII/ptolemy/domains/continuous/test/auto/Brownian.xml
----------------- Instantiating /home/travis/build/icyphy/ptII/ptolemy/domains/continuous/test/auto/Brownian.xml
49 ms. Memory: 157696K Free: 113642K (72%)
----------------- Invoking toplevel() on ptolemy.moml.MoMLSimpleApplication@2551af4d
----------------- Done invoking toplevel() on ptolemy.moml.MoMLSimpleApplication@2551af4d
reloadAllAccessors: .Brownian

===========================================================================================
----------------- testing Sun Jul 28 05:08:06 UTC 2019 /home/travis/build/icyphy/ptII/ptolemy/domains/continuous/test/auto/CarTracking.xml
----------------- Instantiating /home/travis/build/icyphy/ptII/ptolemy/domains/continuous/test/auto/CarTracking.xml
4522 ms. Memory: 227328K Free: 172783K (76%)
----------------- Invoking toplevel() on ptolemy.moml.MoMLSimpleApplication@5012d922
----------------- Done invoking toplevel() on ptolemy.moml.MoMLSimpleApplication@5012d922
reloadAllAccessors: .CarTracking

===========================================================================================
----------------- testing Sun Jul 28 05:08:11 UTC 2019 /home/travis/build/icyphy/ptII/ptolemy/domains/continuous/test/auto/CartPendulum.xml
----------------- Instantiating /home/travis/build/icyphy/ptII/ptolemy/domains/continuous/test/auto/CartPendulum.xml
506 ms. Memory: 227328K Free: 81133K (36%)
----------------- Invoking toplevel() on ptolemy.moml.MoMLSimpleApplication@486033b5
----------------- Done invoking toplevel() on ptolemy.moml.MoMLSimpleApplication@486033b5
reloadAllAccessors: .CartPendulum

===========================================================================================
----------------- testing Sun Jul 28 05:08:12 UTC 2019 /home/travis/build/icyphy/ptII/ptolemy/domains/continuous/test/auto/CausalityInterface10.xml
----------------- Instantiating /home/travis/build/icyphy/ptII/ptolemy/domains/continuous/test/auto/CausalityInterface10.xml
17 ms. Memory: 227328K Free: 205706K (90%)
----------------- Invoking toplevel() on ptolemy.moml.MoMLSimpleApplication@3d1f722e
----------------- Done invoking toplevel() on ptolemy.moml.MoMLSimpleApplication@3d1f722e
reloadAllAccessors: .CausalityInterface10

===========================================================================================
----------------- testing Sun Jul 28 05:08:12 UTC 2019 /home/travis/build/icyphy/ptII/ptolemy/domains/continuous/test/auto/CausalityInterface11.xml
----------------- Instantiating /home/travis/build/icyphy/ptII/ptolemy/domains/continuous/test/auto/CausalityInterface11.xml
8 ms. Memory: 227328K Free: 199584K (88%)
----------------- Invoking toplevel() on ptolemy.moml.MoMLSimpleApplication@26ed9355
----------------- Done invoking toplevel() on ptolemy.moml.MoMLSimpleApplication@26ed9355
reloadAllAccessors: .CausalityInterface11

===========================================================================================
----------------- testing Sun Jul 28 05:08:12 UTC 2019 /home/travis/build/icyphy/ptII/ptolemy/domains/continuous/test/auto/CausalityInterface12.xml
----------------- Instantiating /home/travis/build/icyphy/ptII/ptolemy/domains/continuous/test/auto/CausalityInterface12.xml
10 ms. Memory: 227328K Free: 193426K (85%)
----------------- Invoking toplevel() on ptolemy.moml.MoMLSimpleApplication@337bf87d
----------------- Done invoking toplevel() on ptolemy.moml.MoMLSimpleApplication@337bf87d
reloadAllAccessors: .CausalityInterface12

===========================================================================================
----------------- testing Sun Jul 28 05:08:12 UTC 2019 /home/travis/build/icyphy/ptII/ptolemy/domains/continuous/test/auto/CausalityInterface13.xml
----------------- Instantiating /home/travis/build/icyphy/ptII/ptolemy/domains/continuous/test/auto/CausalityInterface13.xml
11 ms. Memory: 227328K Free: 187282K (82%)
----------------- Invoking toplevel() on ptolemy.moml.MoMLSimpleApplication@4e6ce6f1
----------------- Done invoking toplevel() on ptolemy.moml.MoMLSimpleApplication@4e6ce6f1
reloadAllAccessors: .CausalityInterface13

===========================================================================================
----------------- testing Sun Jul 28 05:08:12 UTC 2019 /home/travis/build/icyphy/ptII/ptolemy/domains/continuous/test/auto/CausalityInterface14.xml
----------------- Instantiating /home/travis/build/icyphy/ptII/ptolemy/domains/continuous/test/auto/CausalityInterface14.xml
13 ms. Memory: 227328K Free: 181666K (80%)
----------------- Invoking toplevel() on ptolemy.moml.MoMLSimpleApplication@651b2dc7
----------------- Done invoking toplevel() on ptolemy.moml.MoMLSimpleApplication@651b2dc7
reloadAllAccessors: .CausalityInterface14

===========================================================================================
----------------- testing Sun Jul 28 05:08:12 UTC 2019 /home/travis/build/icyphy/ptII/ptolemy/domains/continuous/test/auto/CausalityInterface4.xml
----------------- Instantiating /home/travis/build/icyphy/ptII/ptolemy/domains/continuous/test/auto/CausalityInterface4.xml
6 ms. Memory: 227328K Free: 174994K (77%)
----------------- Invoking toplevel() on ptolemy.moml.MoMLSimpleApplication@68152099
----------------- Done invoking toplevel() on ptolemy.moml.MoMLSimpleApplication@68152099
reloadAllAccessors: .CausalityInterface4

===========================================================================================
----------------- testing Sun Jul 28 05:08:12 UTC 2019 /home/travis/build/icyphy/ptII/ptolemy/domains/continuous/test/auto/CausalityInterface5.xml
----------------- Instantiating /home/travis/build/icyphy/ptII/ptolemy/domains/continuous/test/auto/CausalityInterface5.xml
9 ms. Memory: 227328K Free: 166816K (73%)
----------------- Invoking toplevel() on ptolemy.moml.MoMLSimpleApplication@d059ac6
----------------- Done invoking toplevel() on ptolemy.moml.MoMLSimpleApplication@d059ac6
reloadAllAccessors: .CausalityInterface5

===========================================================================================
----------------- testing Sun Jul 28 05:08:12 UTC 2019 /home/travis/build/icyphy/ptII/ptolemy/domains/continuous/test/auto/CausalityInterface6.xml
----------------- Instantiating /home/travis/build/icyphy/ptII/ptolemy/domains/continuous/test/auto/CausalityInterface6.xml
6 ms. Memory: 227328K Free: 161186K (71%)
----------------- Invoking toplevel() on ptolemy.moml.MoMLSimpleApplication@642fc6c8
----------------- Done invoking toplevel() on ptolemy.moml.MoMLSimpleApplication@642fc6c8
reloadAllAccessors: .CausalityInterface6

===========================================================================================
----------------- testing Sun Jul 28 05:08:12 UTC 2019 /home/travis/build/icyphy/ptII/ptolemy/domains/continuous/test/auto/CausalityInterface7.xml
----------------- Instantiating /home/travis/build/icyphy/ptII/ptolemy/domains/continuous/test/auto/CausalityInterface7.xml
8 ms. Memory: 227328K Free: 152480K (67%)
----------------- Invoking toplevel() on ptolemy.moml.MoMLSimpleApplication@69eb0abc
----------------- Done invoking toplevel() on ptolemy.moml.MoMLSimpleApplication@69eb0abc
reloadAllAccessors: .CausalityInterface7

===========================================================================================
----------------- testing Sun Jul 28 05:08:12 UTC 2019 /home/travis/build/icyphy/ptII/ptolemy/domains/continuous/test/auto/CausalityInterface8.xml
----------------- Instantiating /home/travis/build/icyphy/ptII/ptolemy/domains/continuous/test/auto/CausalityInterface8.xml
7 ms. Memory: 227328K Free: 143778K (63%)
----------------- Invoking toplevel() on ptolemy.moml.MoMLSimpleApplication@73bce8d3
----------------- Done invoking toplevel() on ptolemy.moml.MoMLSimpleApplication@73bce8d3
reloadAllAccessors: .CausalityInterface8

===========================================================================================
----------------- testing Sun Jul 28 05:08:12 UTC 2019 /home/travis/build/icyphy/ptII/ptolemy/domains/continuous/test/auto/CausalityInterface9.xml
----------------- Instantiating /home/travis/build/icyphy/ptII/ptolemy/domains/continuous/test/auto/CausalityInterface9.xml
10 ms. Memory: 227328K Free: 133024K (59%)
----------------- Invoking toplevel() on ptolemy.moml.MoMLSimpleApplication@d556889
----------------- Done invoking toplevel() on ptolemy.moml.MoMLSimpleApplication@d556889
reloadAllAccessors: .CausalityInterface9

===========================================================================================
----------------- testing Sun Jul 28 05:08:12 UTC 2019 /home/travis/build/icyphy/ptII/ptolemy/domains/continuous/test/auto/CausalityInterfaceFeedback1.xml
----------------- Instantiating /home/travis/build/icyphy/ptII/ptolemy/domains/continuous/test/auto/CausalityInterfaceFeedback1.xml
6 ms. Memory: 227328K Free: 126370K (56%)
----------------- Invoking toplevel() on ptolemy.moml.MoMLSimpleApplication@6c5fe17c
----------------- Done invoking toplevel() on ptolemy.moml.MoMLSimpleApplication@6c5fe17c
reloadAllAccessors: .CausalityInterfaceFeedback1

===========================================================================================
----------------- testing Sun Jul 28 05:08:12 UTC 2019 /home/travis/build/icyphy/ptII/ptolemy/domains/continuous/test/auto/CausalityInterfaceFeedback2.xml
----------------- Instantiating /home/travis/build/icyphy/ptII/ptolemy/domains/continuous/test/auto/CausalityInterfaceFeedback2.xml
6 ms. Memory: 227328K Free: 119682K (53%)
----------------- Invoking toplevel() on ptolemy.moml.MoMLSimpleApplication@7d2f2596
----------------- Done invoking toplevel() on ptolemy.moml.MoMLSimpleApplication@7d2f2596
reloadAllAccessors: .CausalityInterfaceFeedback2

===========================================================================================
----------------- testing Sun Jul 28 05:08:12 UTC 2019 /home/travis/build/icyphy/ptII/ptolemy/domains/continuous/test/auto/CompareWithCurrentTime.xml
----------------- Instantiating /home/travis/build/icyphy/ptII/ptolemy/domains/continuous/test/auto/CompareWithCurrentTime.xml
5 ms. Memory: 227328K Free: 115616K (51%)
----------------- Invoking toplevel() on ptolemy.moml.MoMLSimpleApplication@253eaf0a
----------------- Done invoking toplevel() on ptolemy.moml.MoMLSimpleApplication@253eaf0a
reloadAllAccessors: .CompareWithCurrentTime

===========================================================================================
----------------- testing Sun Jul 28 05:08:12 UTC 2019 /home/travis/build/icyphy/ptII/ptolemy/domains/continuous/test/auto/ComparedClocks.xml
----------------- Instantiating /home/travis/build/icyphy/ptII/ptolemy/domains/continuous/test/auto/ComparedClocks.xml
7 ms. Memory: 227328K Free: 100242K (44%)
----------------- Invoking toplevel() on ptolemy.moml.MoMLSimpleApplication@5a286ff8
----------------- Done invoking toplevel() on ptolemy.moml.MoMLSimpleApplication@5a286ff8
reloadAllAccessors: .ComparedClocks

===========================================================================================
----------------- testing Sun Jul 28 05:08:13 UTC 2019 /home/travis/build/icyphy/ptII/ptolemy/domains/continuous/test/auto/ContinuousAOCClone.xml
----------------- Instantiating /home/travis/build/icyphy/ptII/ptolemy/domains/continuous/test/auto/ContinuousAOCClone.xml
3073 ms. Memory: 273408K Free: 156331K (57%)
----------------- Invoking toplevel() on ptolemy.moml.MoMLSimpleApplication@3d715421
----------------- Done invoking toplevel() on ptolemy.moml.MoMLSimpleApplication@3d715421
reloadAllAccessors: .ContinuousAOCClone

===========================================================================================
----------------- testing Sun Jul 28 05:08:16 UTC 2019 /home/travis/build/icyphy/ptII/ptolemy/domains/continuous/test/auto/ContinuousClock.xml
----------------- Instantiating /home/travis/build/icyphy/ptII/ptolemy/domains/continuous/test/auto/ContinuousClock.xml
52 ms. Memory: 273408K Free: 134827K (49%)
----------------- Invoking toplevel() on ptolemy.moml.MoMLSimpleApplication@86231a6
----------------- Done invoking toplevel() on ptolemy.moml.MoMLSimpleApplication@86231a6
reloadAllAccessors: .ContinuousClock

===========================================================================================
----------------- testing Sun Jul 28 05:08:16 UTC 2019 /home/travis/build/icyphy/ptII/ptolemy/domains/continuous/test/auto/ContinuousInContinuous.xml
----------------- Instantiating /home/travis/build/icyphy/ptII/ptolemy/domains/continuous/test/auto/ContinuousInContinuous.xml
48 ms. Memory: 273408K Free: 111275K (41%)
----------------- Invoking toplevel() on ptolemy.moml.MoMLSimpleApplication@9bc968f
----------------- Done invoking toplevel() on ptolemy.moml.MoMLSimpleApplication@9bc968f
reloadAllAccessors: .ContinuousInContinuous

===========================================================================================
----------------- testing Sun Jul 28 05:08:16 UTC 2019 /home/travis/build/icyphy/ptII/ptolemy/domains/continuous/test/auto/ContinuousInContinuousInContinuous.xml
----------------- Instantiating /home/travis/build/icyphy/ptII/ptolemy/domains/continuous/test/auto/ContinuousInContinuousInContinuous.xml
7 ms. Memory: 273408K Free: 103593K (38%)
----------------- Invoking toplevel() on ptolemy.moml.MoMLSimpleApplication@4f27cd3a
----------------- Done invoking toplevel() on ptolemy.moml.MoMLSimpleApplication@4f27cd3a
reloadAllAccessors: .ContinuousInContinuousInContinuous

===========================================================================================
----------------- testing Sun Jul 28 05:08:16 UTC 2019 /home/travis/build/icyphy/ptII/ptolemy/domains/continuous/test/auto/ContinuousInDE.xml
----------------- Instantiating /home/travis/build/icyphy/ptII/ptolemy/domains/continuous/test/auto/ContinuousInDE.xml
114 ms. Memory: 273408K Free: 255316K (93%)
----------------- Invoking toplevel() on ptolemy.moml.MoMLSimpleApplication@5334a705
----------------- Done invoking toplevel() on ptolemy.moml.MoMLSimpleApplication@5334a705
reloadAllAccessors: .ContinuousInDE

===========================================================================================
----------------- testing Sun Jul 28 05:08:16 UTC 2019 /home/travis/build/icyphy/ptII/ptolemy/domains/continuous/test/auto/ContinuousInDE2.xml
----------------- Instantiating /home/travis/build/icyphy/ptII/ptolemy/domains/continuous/test/auto/ContinuousInDE2.xml
41 ms. Memory: 273408K Free: 245404K (90%)
----------------- Invoking toplevel() on ptolemy.moml.MoMLSimpleApplication@56caa5cd
----------------- Done invoking toplevel() on ptolemy.moml.MoMLSimpleApplication@56caa5cd
reloadAllAccessors: .ContinuousInDE2

===========================================================================================
----------------- testing Sun Jul 28 05:08:16 UTC 2019 /home/travis/build/icyphy/ptII/ptolemy/domains/continuous/test/auto/ContinuousInDE3.xml
----------------- Instantiating /home/travis/build/icyphy/ptII/ptolemy/domains/continuous/test/auto/ContinuousInDE3.xml
42 ms. Memory: 273408K Free: 235678K (86%)
----------------- Invoking toplevel() on ptolemy.moml.MoMLSimpleApplication@147f5f6a
----------------- Done invoking toplevel() on ptolemy.moml.MoMLSimpleApplication@147f5f6a
reloadAllAccessors: .ContinuousInDE3

===========================================================================================
----------------- testing Sun Jul 28 05:08:17 UTC 2019 /home/travis/build/icyphy/ptII/ptolemy/domains/continuous/test/auto/ContinuousInDE4.xml
----------------- Instantiating /home/travis/build/icyphy/ptII/ptolemy/domains/continuous/test/auto/ContinuousInDE4.xml
17 ms. Memory: 273408K Free: 229534K (84%)
----------------- Invoking toplevel() on ptolemy.moml.MoMLSimpleApplication@18f22813
----------------- Done invoking toplevel() on ptolemy.moml.MoMLSimpleApplication@18f22813
reloadAllAccessors: .ContinuousInDE4

===========================================================================================
----------------- testing Sun Jul 28 05:08:17 UTC 2019 /home/travis/build/icyphy/ptII/ptolemy/domains/continuous/test/auto/ContinuousInDEDifferentRefinements.xml
----------------- Instantiating /home/travis/build/icyphy/ptII/ptolemy/domains/continuous/test/auto/ContinuousInDEDifferentRefinements.xml
61 ms. Memory: 273408K Free: 198270K (73%)
----------------- Invoking toplevel() on ptolemy.moml.MoMLSimpleApplication@45609d86
----------------- Done invoking toplevel() on ptolemy.moml.MoMLSimpleApplication@45609d86
reloadAllAccessors: .ContinuousInDEDifferentRefinements

===========================================================================================
----------------- testing Sun Jul 28 05:08:17 UTC 2019 /home/travis/build/icyphy/ptII/ptolemy/domains/continuous/test/auto/ContinuousInDEDifferentRefinementsPreemptive.xml
----------------- Instantiating /home/travis/build/icyphy/ptII/ptolemy/domains/continuous/test/auto/ContinuousInDEDifferentRefinementsPreemptive.xml
50 ms. Memory: 273408K Free: 167550K (61%)
----------------- Invoking toplevel() on ptolemy.moml.MoMLSimpleApplication@1e04d96a
----------------- Done invoking toplevel() on ptolemy.moml.MoMLSimpleApplication@1e04d96a
reloadAllAccessors: .ContinuousInDEDifferentRefinementsPreemptive

===========================================================================================
----------------- testing Sun Jul 28 05:08:17 UTC 2019 /home/travis/build/icyphy/ptII/ptolemy/domains/continuous/test/auto/ContinuousInDEInContinuous2.xml
----------------- Instantiating /home/travis/build/icyphy/ptII/ptolemy/domains/continuous/test/auto/ContinuousInDEInContinuous2.xml
39 ms. Memory: 273408K Free: 156316K (57%)
----------------- Invoking toplevel() on ptolemy.moml.MoMLSimpleApplication@5351c36e
----------------- Done invoking toplevel() on ptolemy.moml.MoMLSimpleApplication@5351c36e
reloadAllAccessors: .ContinuousInDEInContinuous2

===========================================================================================
----------------- testing Sun Jul 28 05:08:17 UTC 2019 /home/travis/build/icyphy/ptII/ptolemy/domains/continuous/test/auto/ContinuousInDEInContinuous3.xml
----------------- Instantiating /home/travis/build/icyphy/ptII/ptolemy/domains/continuous/test/auto/ContinuousInDEInContinuous3.xml
38 ms. Memory: 273408K Free: 144542K (53%)
----------------- Invoking toplevel() on ptolemy.moml.MoMLSimpleApplication@5f8ebd9b
----------------- Done invoking toplevel() on ptolemy.moml.MoMLSimpleApplication@5f8ebd9b
reloadAllAccessors: .ContinuousInDEInContinuous3

===========================================================================================
----------------- testing Sun Jul 28 05:08:17 UTC 2019 /home/travis/build/icyphy/ptII/ptolemy/domains/continuous/test/auto/ContinuousInDEInput.xml
----------------- Instantiating /home/travis/build/icyphy/ptII/ptolemy/domains/continuous/test/auto/ContinuousInDEInput.xml
20 ms. Memory: 273408K Free: 137374K (50%)
----------------- Invoking toplevel() on ptolemy.moml.MoMLSimpleApplication@71e787d1
----------------- Done invoking toplevel() on ptolemy.moml.MoMLSimpleApplication@71e787d1
reloadAllAccessors: .ContinuousInDEInput

===========================================================================================
----------------- testing Sun Jul 28 05:08:17 UTC 2019 /home/travis/build/icyphy/ptII/ptolemy/domains/continuous/test/auto/ContinuousInDEInput2.xml
----------------- Instantiating /home/travis/build/icyphy/ptII/ptolemy/domains/continuous/test/auto/ContinuousInDEInput2.xml
16 ms. Memory: 273408K Free: 130206K (48%)
----------------- Invoking toplevel() on ptolemy.moml.MoMLSimpleApplication@3df66115
----------------- Done invoking toplevel() on ptolemy.moml.MoMLSimpleApplication@3df66115
reloadAllAccessors: .ContinuousInDEInput2

===========================================================================================
----------------- testing Sun Jul 28 05:08:17 UTC 2019 /home/travis/build/icyphy/ptII/ptolemy/domains/continuous/test/auto/ContinuousInDEInput3.xml
----------------- Instantiating /home/travis/build/icyphy/ptII/ptolemy/domains/continuous/test/auto/ContinuousInDEInput3.xml
18 ms. Memory: 273408K Free: 123038K (45%)
----------------- Invoking toplevel() on ptolemy.moml.MoMLSimpleApplication@1147430c
----------------- Done invoking toplevel() on ptolemy.moml.MoMLSimpleApplication@1147430c
reloadAllAccessors: .ContinuousInDEInput3

===========================================================================================
----------------- testing Sun Jul 28 05:08:17 UTC 2019 /home/travis/build/icyphy/ptII/ptolemy/domains/continuous/test/auto/ContinuousInDESharingRefinement.xml
----------------- Instantiating /home/travis/build/icyphy/ptII/ptolemy/domains/continuous/test/auto/ContinuousInDESharingRefinement.xml
198 ms. Memory: 273408K Free: 190804K (70%)
----------------- Invoking toplevel() on ptolemy.moml.MoMLSimpleApplication@7a9376bb
----------------- Done invoking toplevel() on ptolemy.moml.MoMLSimpleApplication@7a9376bb
reloadAllAccessors: .ContinuousInDESharingRefinement

===========================================================================================
----------------- testing Sun Jul 28 05:08:17 UTC 2019 /home/travis/build/icyphy/ptII/ptolemy/domains/continuous/test/auto/ContinuousInDEwithNoPorts.xml
----------------- Instantiating /home/travis/build/icyphy/ptII/ptolemy/domains/continuous/test/auto/ContinuousInDEwithNoPorts.xml
6 ms. Memory: 273408K Free: 186589K (68%)
----------------- Invoking toplevel() on ptolemy.moml.MoMLSimpleApplication@6ec2843f
----------------- Done invoking toplevel() on ptolemy.moml.MoMLSimpleApplication@6ec2843f
reloadAllAccessors: .ContinuousInDEwithNoPorts

===========================================================================================
----------------- testing Sun Jul 28 05:08:17 UTC 2019 /home/travis/build/icyphy/ptII/ptolemy/domains/continuous/test/auto/ContinuousInsideDE.xml
----------------- Instantiating /home/travis/build/icyphy/ptII/ptolemy/domains/continuous/test/auto/ContinuousInsideDE.xml
47 ms. Memory: 273408K Free: 175325K (64%)
----------------- Invoking toplevel() on ptolemy.moml.MoMLSimpleApplication@23734536
----------------- Done invoking toplevel() on ptolemy.moml.MoMLSimpleApplication@23734536
reloadAllAccessors: .ContinuousInsideDE

===========================================================================================
----------------- testing Sun Jul 28 05:08:17 UTC 2019 /home/travis/build/icyphy/ptII/ptolemy/domains/continuous/test/auto/ContinuousMerge1.xml
----------------- Instantiating /home/travis/build/icyphy/ptII/ptolemy/domains/continuous/test/auto/ContinuousMerge1.xml
4 ms. Memory: 273408K Free: 171229K (63%)
----------------- Invoking toplevel() on ptolemy.moml.MoMLSimpleApplication@7f7c3bf0
----------------- Done invoking toplevel() on ptolemy.moml.MoMLSimpleApplication@7f7c3bf0
reloadAllAccessors: .ContinuousMerge1

===========================================================================================
----------------- testing Sun Jul 28 05:08:17 UTC 2019 /home/travis/build/icyphy/ptII/ptolemy/domains/continuous/test/auto/ContinuousMerge2.xml
----------------- Instantiating /home/travis/build/icyphy/ptII/ptolemy/domains/continuous/test/auto/ContinuousMerge2.xml
17 ms. Memory: 273408K Free: 160989K (59%)
----------------- Invoking toplevel() on ptolemy.moml.MoMLSimpleApplication@17352711
----------------- Done invoking toplevel() on ptolemy.moml.MoMLSimpleApplication@17352711
reloadAllAccessors: .ContinuousMerge2

===========================================================================================
----------------- testing Sun Jul 28 05:08:18 UTC 2019 /home/travis/build/icyphy/ptII/ptolemy/domains/continuous/test/auto/ContinuousMerge3.xml
----------------- Instantiating /home/travis/build/icyphy/ptII/ptolemy/domains/continuous/test/auto/ContinuousMerge3.xml
63 ms. Memory: 273408K Free: 150235K (55%)
----------------- Invoking toplevel() on ptolemy.moml.MoMLSimpleApplication@459d7333
----------------- Done invoking toplevel() on ptolemy.moml.MoMLSimpleApplication@459d7333
reloadAllAccessors: .ContinuousMerge3

===========================================================================================
----------------- testing Sun Jul 28 05:08:18 UTC 2019 /home/travis/build/icyphy/ptII/ptolemy/domains/continuous/test/auto/ContinuousWithinContinuous.xml
----------------- Instantiating /home/travis/build/icyphy/ptII/ptolemy/domains/continuous/test/auto/ContinuousWithinContinuous.xml
47 ms. Memory: 273408K Free: 141019K (52%)
----------------- Invoking toplevel() on ptolemy.moml.MoMLSimpleApplication@74615233
----------------- Done invoking toplevel() on ptolemy.moml.MoMLSimpleApplication@74615233
reloadAllAccessors: .ContinuousWithinContinuous

===========================================================================================
----------------- testing Sun Jul 28 05:08:18 UTC 2019 /home/travis/build/icyphy/ptII/ptolemy/domains/continuous/test/auto/ContinuousWithinContinuous2.xml
----------------- Instantiating /home/travis/build/icyphy/ptII/ptolemy/domains/continuous/test/auto/ContinuousWithinContinuous2.xml
94 ms. Memory: 273408K Free: 129755K (47%)
----------------- Invoking toplevel() on ptolemy.moml.MoMLSimpleApplication@65f54ff1
----------------- Done invoking toplevel() on ptolemy.moml.MoMLSimpleApplication@65f54ff1
reloadAllAccessors: .ContinuousWithinContinuous2

===========================================================================================
----------------- testing Sun Jul 28 05:08:18 UTC 2019 /home/travis/build/icyphy/ptII/ptolemy/domains/continuous/test/auto/ContinuousWithinContinuous3.xml
----------------- Instantiating /home/travis/build/icyphy/ptII/ptolemy/domains/continuous/test/auto/ContinuousWithinContinuous3.xml
18 ms. Memory: 273408K Free: 122587K (45%)
----------------- Invoking toplevel() on ptolemy.moml.MoMLSimpleApplication@4d0842fd
----------------- Done invoking toplevel() on ptolemy.moml.MoMLSimpleApplication@4d0842fd
reloadAllAccessors: .ContinuousWithinContinuous3

===========================================================================================
----------------- testing Sun Jul 28 05:08:18 UTC 2019 /home/travis/build/icyphy/ptII/ptolemy/domains/continuous/test/auto/ContinuousWithinContinuous4.xml
----------------- Instantiating /home/travis/build/icyphy/ptII/ptolemy/domains/continuous/test/auto/ContinuousWithinContinuous4.xml
95 ms. Memory: 273408K Free: 110299K (40%)
----------------- Invoking toplevel() on ptolemy.moml.MoMLSimpleApplication@75dc4a59
----------------- Done invoking toplevel() on ptolemy.moml.MoMLSimpleApplication@75dc4a59
reloadAllAccessors: .ContinuousWithinContinuous4

===========================================================================================
----------------- testing Sun Jul 28 05:08:18 UTC 2019 /home/travis/build/icyphy/ptII/ptolemy/domains/continuous/test/auto/ContinuousWithinContinuous5.xml
----------------- Instantiating /home/travis/build/icyphy/ptII/ptolemy/domains/continuous/test/auto/ContinuousWithinContinuous5.xml
17 ms. Memory: 273408K Free: 103131K (38%)
----------------- Invoking toplevel() on ptolemy.moml.MoMLSimpleApplication@4e4c4de7
----------------- Done invoking toplevel() on ptolemy.moml.MoMLSimpleApplication@4e4c4de7
reloadAllAccessors: .ContinuousWithinContinuous5

===========================================================================================
----------------- testing Sun Jul 28 05:08:18 UTC 2019 /home/travis/build/icyphy/ptII/ptolemy/domains/continuous/test/auto/ContinuousWithinContinuous6.xml
----------------- Instantiating /home/travis/build/icyphy/ptII/ptolemy/domains/continuous/test/auto/ContinuousWithinContinuous6.xml
22 ms. Memory: 273408K Free: 258928K (95%)
----------------- Invoking toplevel() on ptolemy.moml.MoMLSimpleApplication@741ba727
----------------- Done invoking toplevel() on ptolemy.moml.MoMLSimpleApplication@741ba727
reloadAllAccessors: .ContinuousWithinContinuous6

===========================================================================================
----------------- testing Sun Jul 28 05:08:18 UTC 2019 /home/travis/build/icyphy/ptII/ptolemy/domains/continuous/test/auto/ContinuousWithinContinuous7.xml
----------------- Instantiating /home/travis/build/icyphy/ptII/ptolemy/domains/continuous/test/auto/ContinuousWithinContinuous7.xml
78 ms. Memory: 273408K Free: 247185K (90%)
----------------- Invoking toplevel() on ptolemy.moml.MoMLSimpleApplication@3d7bf0e7
----------------- Done invoking toplevel() on ptolemy.moml.MoMLSimpleApplication@3d7bf0e7
reloadAllAccessors: .ContinuousWithinContinuous7

===========================================================================================
----------------- testing Sun Jul 28 05:08:18 UTC 2019 /home/travis/build/icyphy/ptII/ptolemy/domains/continuous/test/auto/DCMotor.xml
----------------- Instantiating /home/travis/build/icyphy/ptII/ptolemy/domains/continuous/test/auto/DCMotor.xml
16749 ms. Memory: 273408K Free: 240889K (88%)
----------------- Invoking toplevel() on ptolemy.moml.MoMLSimpleApplication@229779ce
----------------- Done invoking toplevel() on ptolemy.moml.MoMLSimpleApplication@229779ce
reloadAllAccessors: .DCMotor

===========================================================================================
----------------- testing Sun Jul 28 05:08:35 UTC 2019 /home/travis/build/icyphy/ptII/ptolemy/domains/continuous/test/auto/DEInContinuous.xml
----------------- Instantiating /home/travis/build/icyphy/ptII/ptolemy/domains/continuous/test/auto/DEInContinuous.xml
10 ms. Memory: 273408K Free: 234759K (86%)
----------------- Invoking toplevel() on ptolemy.moml.MoMLSimpleApplication@68cc947
----------------- Done invoking toplevel() on ptolemy.moml.MoMLSimpleApplication@68cc947
reloadAllAccessors: .DEInContinuous

===========================================================================================
----------------- testing Sun Jul 28 05:08:35 UTC 2019 /home/travis/build/icyphy/ptII/ptolemy/domains/continuous/test/auto/DEinContinuous2.xml
----------------- Instantiating /home/travis/build/icyphy/ptII/ptolemy/domains/continuous/test/auto/DEinContinuous2.xml
8 ms. Memory: 273408K Free: 227081K (83%)
----------------- Invoking toplevel() on ptolemy.moml.MoMLSimpleApplication@1a1661cd
----------------- Done invoking toplevel() on ptolemy.moml.MoMLSimpleApplication@1a1661cd
reloadAllAccessors: .DEinContinuous2

===========================================================================================
----------------- testing Sun Jul 28 05:08:35 UTC 2019 /home/travis/build/icyphy/ptII/ptolemy/domains/continuous/test/auto/Derivative.xml
----------------- Instantiating /home/travis/build/icyphy/ptII/ptolemy/domains/continuous/test/auto/Derivative.xml
151 ms. Memory: 273408K Free: 197385K (72%)
----------------- Invoking toplevel() on ptolemy.moml.MoMLSimpleApplication@700d81dd
----------------- Done invoking toplevel() on ptolemy.moml.MoMLSimpleApplication@700d81dd
reloadAllAccessors: .Derivative2

===========================================================================================
----------------- testing Sun Jul 28 05:08:35 UTC 2019 /home/travis/build/icyphy/ptII/ptolemy/domains/continuous/test/auto/Derivative1.xml
----------------- Instantiating /home/travis/build/icyphy/ptII/ptolemy/domains/continuous/test/auto/Derivative1.xml
14 ms. Memory: 273408K Free: 183559K (67%)
----------------- Invoking toplevel() on ptolemy.moml.MoMLSimpleApplication@5ab33846
----------------- Done invoking toplevel() on ptolemy.moml.MoMLSimpleApplication@5ab33846
reloadAllAccessors: .Derivative1

===========================================================================================
----------------- testing Sun Jul 28 05:08:35 UTC 2019 /home/travis/build/icyphy/ptII/ptolemy/domains/continuous/test/auto/DiscreteClock.xml
----------------- Instantiating /home/travis/build/icyphy/ptII/ptolemy/domains/continuous/test/auto/DiscreteClock.xml
3 ms. Memory: 273408K Free: 177929K (65%)
----------------- Invoking toplevel() on ptolemy.moml.MoMLSimpleApplication@3ab0d39c
----------------- Done invoking toplevel() on ptolemy.moml.MoMLSimpleApplication@3ab0d39c
reloadAllAccessors: .DiscreteClock

===========================================================================================
----------------- testing Sun Jul 28 05:08:35 UTC 2019 /home/travis/build/icyphy/ptII/ptolemy/domains/continuous/test/auto/EfficiencyCurve.xml
----------------- Instantiating /home/travis/build/icyphy/ptII/ptolemy/domains/continuous/test/auto/EfficiencyCurve.xml
47 ms. Memory: 273408K Free: 168713K (62%)
----------------- Invoking toplevel() on ptolemy.moml.MoMLSimpleApplication@4d74f623
----------------- Done invoking toplevel() on ptolemy.moml.MoMLSimpleApplication@4d74f623
reloadAllAccessors: .EfficiencyCurve

===========================================================================================
----------------- testing Sun Jul 28 05:08:35 UTC 2019 /home/travis/build/icyphy/ptII/ptolemy/domains/continuous/test/auto/ExponentialResponse.xml
----------------- Instantiating /home/travis/build/icyphy/ptII/ptolemy/domains/continuous/test/auto/ExponentialResponse.xml
108 ms. Memory: 273408K Free: 153353K (56%)
----------------- Invoking toplevel() on ptolemy.moml.MoMLSimpleApplication@1358c32
----------------- Done invoking toplevel() on ptolemy.moml.MoMLSimpleApplication@1358c32
reloadAllAccessors: .ExponentialResponse

===========================================================================================
----------------- testing Sun Jul 28 05:08:36 UTC 2019 /home/travis/build/icyphy/ptII/ptolemy/domains/continuous/test/auto/ExponentialResponseRK45.xml
----------------- Instantiating /home/travis/build/icyphy/ptII/ptolemy/domains/continuous/test/auto/ExponentialResponseRK45.xml
26 ms. Memory: 273408K Free: 146695K (54%)
----------------- Invoking toplevel() on ptolemy.moml.MoMLSimpleApplication@6ac8f646
----------------- Done invoking toplevel() on ptolemy.moml.MoMLSimpleApplication@6ac8f646
reloadAllAccessors: .ExponentialResponseRK45

===========================================================================================
----------------- testing Sun Jul 28 05:08:36 UTC 2019 /home/travis/build/icyphy/ptII/ptolemy/domains/continuous/test/auto/Friction.xml
----------------- Instantiating /home/travis/build/icyphy/ptII/ptolemy/domains/continuous/test/auto/Friction.xml
1547 ms. Memory: 273408K Free: 212678K (78%)
----------------- Invoking toplevel() on ptolemy.moml.MoMLSimpleApplication@5ba9cb14
----------------- Done invoking toplevel() on ptolemy.moml.MoMLSimpleApplication@5ba9cb14
reloadAllAccessors: .Friction

===========================================================================================
----------------- testing Sun Jul 28 05:08:37 UTC 2019 /home/travis/build/icyphy/ptII/ptolemy/domains/continuous/test/auto/FurutaPendulum.xml
----------------- Instantiating /home/travis/build/icyphy/ptII/ptolemy/domains/continuous/test/auto/FurutaPendulum.xml
3784 ms. Memory: 273408K Free: 201351K (74%)
----------------- Invoking toplevel() on ptolemy.moml.MoMLSimpleApplication@1cd98125
----------------- Done invoking toplevel() on ptolemy.moml.MoMLSimpleApplication@1cd98125
reloadAllAccessors: .FurutaPendulum

===========================================================================================
----------------- testing Sun Jul 28 05:08:41 UTC 2019 /home/travis/build/icyphy/ptII/ptolemy/domains/continuous/test/auto/HierarchicalExecution.xml
----------------- Instantiating /home/travis/build/icyphy/ptII/ptolemy/domains/continuous/test/auto/HierarchicalExecution.xml
2304 ms. Memory: 328704K Free: 283413K (86%)
----------------- Invoking toplevel() on ptolemy.moml.MoMLSimpleApplication@68872adc
----------------- Done invoking toplevel() on ptolemy.moml.MoMLSimpleApplication@68872adc
reloadAllAccessors: .HierarchicalExecution

===========================================================================================
----------------- testing Sun Jul 28 05:08:44 UTC 2019 /home/travis/build/icyphy/ptII/ptolemy/domains/continuous/test/auto/HybridPlant.xml
----------------- Instantiating /home/travis/build/icyphy/ptII/ptolemy/domains/continuous/test/auto/HybridPlant.xml
567 ms. Memory: 328704K Free: 214786K (65%)
----------------- Invoking toplevel() on ptolemy.moml.MoMLSimpleApplication@2b33a8b4
----------------- Done invoking toplevel() on ptolemy.moml.MoMLSimpleApplication@2b33a8b4
reloadAllAccessors: .HybridPlant

===========================================================================================
----------------- testing Sun Jul 28 05:08:44 UTC 2019 /home/travis/build/icyphy/ptII/ptolemy/domains/continuous/test/auto/Hysteresis.xml
----------------- Instantiating /home/travis/build/icyphy/ptII/ptolemy/domains/continuous/test/auto/Hysteresis.xml
180 ms. Memory: 328704K Free: 152322K (46%)
----------------- Invoking toplevel() on ptolemy.moml.MoMLSimpleApplication@7a2164e5
----------------- Done invoking toplevel() on ptolemy.moml.MoMLSimpleApplication@7a2164e5
reloadAllAccessors: .Hysteresis

===========================================================================================
----------------- testing Sun Jul 28 05:08:45 UTC 2019 /home/travis/build/icyphy/ptII/ptolemy/domains/continuous/test/auto/HysteresisWithRandomDelay.xml
----------------- Instantiating /home/travis/build/icyphy/ptII/ptolemy/domains/continuous/test/auto/HysteresisWithRandomDelay.xml
221 ms. Memory: 328704K Free: 275996K (84%)
----------------- Invoking toplevel() on ptolemy.moml.MoMLSimpleApplication@53f4ea30
----------------- Done invoking toplevel() on ptolemy.moml.MoMLSimpleApplication@53f4ea30
reloadAllAccessors: .HysteresisWithRandomDelay

===========================================================================================
----------------- testing Sun Jul 28 05:08:45 UTC 2019 /home/travis/build/icyphy/ptII/ptolemy/domains/continuous/test/auto/HysteresisWithRandomLosses.xml
----------------- Instantiating /home/travis/build/icyphy/ptII/ptolemy/domains/continuous/test/auto/HysteresisWithRandomLosses.xml
2635 ms. Memory: 328704K Free: 119753K (36%)
----------------- Invoking toplevel() on ptolemy.moml.MoMLSimpleApplication@7d555767
----------------- Done invoking toplevel() on ptolemy.moml.MoMLSimpleApplication@7d555767
reloadAllAccessors: .HysteresisWithRandomLosses

===========================================================================================
----------------- testing Sun Jul 28 05:08:48 UTC 2019 /home/travis/build/icyphy/ptII/ptolemy/domains/continuous/test/auto/ImmediateTransitions.xml
----------------- Instantiating /home/travis/build/icyphy/ptII/ptolemy/domains/continuous/test/auto/ImmediateTransitions.xml
9 ms. Memory: 328704K Free: 304268K (93%)
----------------- Invoking toplevel() on ptolemy.moml.MoMLSimpleApplication@37e78029
----------------- Done invoking toplevel() on ptolemy.moml.MoMLSimpleApplication@37e78029
reloadAllAccessors: .ImmediateTransitions

===========================================================================================
----------------- testing Sun Jul 28 05:08:48 UTC 2019 /home/travis/build/icyphy/ptII/ptolemy/domains/continuous/test/auto/ImpulseFeedback.xml
----------------- Instantiating /home/travis/build/icyphy/ptII/ptolemy/domains/continuous/test/auto/ImpulseFeedback.xml
6 ms. Memory: 328704K Free: 298634K (91%)
----------------- Invoking toplevel() on ptolemy.moml.MoMLSimpleApplication@28a27c
----------------- Done invoking toplevel() on ptolemy.moml.MoMLSimpleApplication@28a27c
reloadAllAccessors: .ImpulseFeedback

===========================================================================================
----------------- testing Sun Jul 28 05:08:48 UTC 2019 /home/travis/build/icyphy/ptII/ptolemy/domains/continuous/test/auto/ImpulseFeedback2.xml
----------------- Instantiating /home/travis/build/icyphy/ptII/ptolemy/domains/continuous/test/auto/ImpulseFeedback2.xml
5 ms. Memory: 328704K Free: 293004K (89%)
----------------- Invoking toplevel() on ptolemy.moml.MoMLSimpleApplication@1664b35c
----------------- Done invoking toplevel() on ptolemy.moml.MoMLSimpleApplication@1664b35c
reloadAllAccessors: .ImpulseFeedback2

===========================================================================================
----------------- testing Sun Jul 28 05:08:48 UTC 2019 /home/travis/build/icyphy/ptII/ptolemy/domains/continuous/test/auto/IncreasingRatePoisson.xml
----------------- Instantiating /home/travis/build/icyphy/ptII/ptolemy/domains/continuous/test/auto/IncreasingRatePoisson.xml
822 ms. Memory: 328704K Free: 175199K (53%)
----------------- Invoking toplevel() on ptolemy.moml.MoMLSimpleApplication@3e3e8765
----------------- Done invoking toplevel() on ptolemy.moml.MoMLSimpleApplication@3e3e8765
reloadAllAccessors: .IncreasingRatePoisson

===========================================================================================
----------------- testing Sun Jul 28 05:08:49 UTC 2019 /home/travis/build/icyphy/ptII/ptolemy/domains/continuous/test/auto/InitialStateFeedback.xml
----------------- Instantiating /home/travis/build/icyphy/ptII/ptolemy/domains/continuous/test/auto/InitialStateFeedback.xml
4 ms. Memory: 328704K Free: 170589K (52%)
----------------- Invoking toplevel() on ptolemy.moml.MoMLSimpleApplication@5c906273
----------------- Done invoking toplevel() on ptolemy.moml.MoMLSimpleApplication@5c906273
reloadAllAccessors: .InitialStateFeedback

===========================================================================================
----------------- testing Sun Jul 28 05:08:49 UTC 2019 /home/travis/build/icyphy/ptII/ptolemy/domains/continuous/test/auto/Integration.xml
----------------- Instantiating /home/travis/build/icyphy/ptII/ptolemy/domains/continuous/test/auto/Integration.xml
2 ms. Memory: 328704K Free: 166493K (51%)
----------------- Invoking toplevel() on ptolemy.moml.MoMLSimpleApplication@7f76868a
----------------- Done invoking toplevel() on ptolemy.moml.MoMLSimpleApplication@7f76868a
reloadAllAccessors: .Integration

===========================================================================================
----------------- testing Sun Jul 28 05:08:49 UTC 2019 /home/travis/build/icyphy/ptII/ptolemy/domains/continuous/test/auto/Integration2.xml
----------------- Instantiating /home/travis/build/icyphy/ptII/ptolemy/domains/continuous/test/auto/Integration2.xml
92 ms. Memory: 328704K Free: 152157K (46%)
----------------- Invoking toplevel() on ptolemy.moml.MoMLSimpleApplication@33e7868
----------------- Done invoking toplevel() on ptolemy.moml.MoMLSimpleApplication@33e7868
reloadAllAccessors: .Integration2

===========================================================================================
----------------- testing Sun Jul 28 05:08:49 UTC 2019 /home/travis/build/icyphy/ptII/ptolemy/domains/continuous/test/auto/Integration3.xml
----------------- Instantiating /home/travis/build/icyphy/ptII/ptolemy/domains/continuous/test/auto/Integration3.xml
3 ms. Memory: 328704K Free: 147551K (45%)
----------------- Invoking toplevel() on ptolemy.moml.MoMLSimpleApplication@72c738ef
----------------- Done invoking toplevel() on ptolemy.moml.MoMLSimpleApplication@72c738ef
reloadAllAccessors: .Integration3

===========================================================================================
----------------- testing Sun Jul 28 05:08:49 UTC 2019 /home/travis/build/icyphy/ptII/ptolemy/domains/continuous/test/auto/Integration5.xml
----------------- Instantiating /home/travis/build/icyphy/ptII/ptolemy/domains/continuous/test/auto/Integration5.xml
2 ms. Memory: 328704K Free: 143455K (44%)
----------------- Invoking toplevel() on ptolemy.moml.MoMLSimpleApplication@3a70912a
----------------- Done invoking toplevel() on ptolemy.moml.MoMLSimpleApplication@3a70912a
reloadAllAccessors: .Integration5

===========================================================================================
----------------- testing Sun Jul 28 05:08:49 UTC 2019 /home/travis/build/icyphy/ptII/ptolemy/domains/continuous/test/auto/IntegratorImpulse.xml
----------------- Instantiating /home/travis/build/icyphy/ptII/ptolemy/domains/continuous/test/auto/IntegratorImpulse.xml
2 ms. Memory: 328704K Free: 139359K (42%)
----------------- Invoking toplevel() on ptolemy.moml.MoMLSimpleApplication@30819a28
----------------- Done invoking toplevel() on ptolemy.moml.MoMLSimpleApplication@30819a28
reloadAllAccessors: .IntegratorImpulse

===========================================================================================
----------------- testing Sun Jul 28 05:08:49 UTC 2019 /home/travis/build/icyphy/ptII/ptolemy/domains/continuous/test/auto/IntegratorImpulse2.xml
----------------- Instantiating /home/travis/build/icyphy/ptII/ptolemy/domains/continuous/test/auto/IntegratorImpulse2.xml
4 ms. Memory: 328704K Free: 134735K (41%)
----------------- Invoking toplevel() on ptolemy.moml.MoMLSimpleApplication@5b761a0e
----------------- Done invoking toplevel() on ptolemy.moml.MoMLSimpleApplication@5b761a0e
reloadAllAccessors: .IntegratorImpulse2

===========================================================================================
----------------- testing Sun Jul 28 05:08:49 UTC 2019 /home/travis/build/icyphy/ptII/ptolemy/domains/continuous/test/auto/LevelCrossing1.xml
----------------- Instantiating /home/travis/build/icyphy/ptII/ptolemy/domains/continuous/test/auto/LevelCrossing1.xml
7 ms. Memory: 328704K Free: 129615K (39%)
----------------- Invoking toplevel() on ptolemy.moml.MoMLSimpleApplication@21539cbd
----------------- Done invoking toplevel() on ptolemy.moml.MoMLSimpleApplication@21539cbd
reloadAllAccessors: .LevelCrossing1

===========================================================================================
----------------- testing Sun Jul 28 05:08:49 UTC 2019 /home/travis/build/icyphy/ptII/ptolemy/domains/continuous/test/auto/LevelCrossing2.xml
----------------- Instantiating /home/travis/build/icyphy/ptII/ptolemy/domains/continuous/test/auto/LevelCrossing2.xml
3 ms. Memory: 328704K Free: 124495K (38%)
----------------- Invoking toplevel() on ptolemy.moml.MoMLSimpleApplication@19b19772
----------------- Done invoking toplevel() on ptolemy.moml.MoMLSimpleApplication@19b19772
reloadAllAccessors: .LevelCrossing2

===========================================================================================
----------------- testing Sun Jul 28 05:08:49 UTC 2019 /home/travis/build/icyphy/ptII/ptolemy/domains/continuous/test/auto/LevelCrossing3.xml
----------------- Instantiating /home/travis/build/icyphy/ptII/ptolemy/domains/continuous/test/auto/LevelCrossing3.xml
3 ms. Memory: 328704K Free: 119375K (36%)
----------------- Invoking toplevel() on ptolemy.moml.MoMLSimpleApplication@6a7e6817
----------------- Done invoking toplevel() on ptolemy.moml.MoMLSimpleApplication@6a7e6817
reloadAllAccessors: .LevelCrossing3

===========================================================================================
----------------- testing Sun Jul 28 05:08:49 UTC 2019 /home/travis/build/icyphy/ptII/ptolemy/domains/continuous/test/auto/LevelCrossing4.xml
----------------- Instantiating /home/travis/build/icyphy/ptII/ptolemy/domains/continuous/test/auto/LevelCrossing4.xml
4 ms. Memory: 328704K Free: 309870K (94%)
----------------- Invoking toplevel() on ptolemy.moml.MoMLSimpleApplication@1be4e207
----------------- Done invoking toplevel() on ptolemy.moml.MoMLSimpleApplication@1be4e207
reloadAllAccessors: .LevelCrossing4

===========================================================================================
----------------- testing Sun Jul 28 05:08:49 UTC 2019 /home/travis/build/icyphy/ptII/ptolemy/domains/continuous/test/auto/LevelCrossing5.xml
----------------- Instantiating /home/travis/build/icyphy/ptII/ptolemy/domains/continuous/test/auto/LevelCrossing5.xml
3 ms. Memory: 328704K Free: 304736K (93%)
----------------- Invoking toplevel() on ptolemy.moml.MoMLSimpleApplication@6de4c8d5
----------------- Done invoking toplevel() on ptolemy.moml.MoMLSimpleApplication@6de4c8d5
reloadAllAccessors: .LevelCrossing5

===========================================================================================
[...]
10 ms. Memory: 328704K Free: 282263K (86%)
----------------- Invoking toplevel() on ptolemy.moml.MoMLSimpleApplication@47af8b6c
----------------- Done invoking toplevel() on ptolemy.moml.MoMLSimpleApplication@47af8b6c
reloadAllAccessors: .ResetTransitionWithStartTime6

===========================================================================================
----------------- testing Sun Jul 28 05:09:09 UTC 2019 /home/travis/build/icyphy/ptII/ptolemy/domains/continuous/test/auto/SRinContinuous.xml
----------------- Instantiating /home/travis/build/icyphy/ptII/ptolemy/domains/continuous/test/auto/SRinContinuous.xml
7 ms. Memory: 328704K Free: 274581K (84%)
----------------- Invoking toplevel() on ptolemy.moml.MoMLSimpleApplication@bf3b3ea
----------------- Done invoking toplevel() on ptolemy.moml.MoMLSimpleApplication@bf3b3ea
reloadAllAccessors: .SRinContinuous

===========================================================================================
----------------- testing Sun Jul 28 05:09:09 UTC 2019 /home/travis/build/icyphy/ptII/ptolemy/domains/continuous/test/auto/SampledClocks.xml
----------------- Instantiating /home/travis/build/icyphy/ptII/ptolemy/domains/continuous/test/auto/SampledClocks.xml
7 ms. Memory: 328704K Free: 261783K (80%)
----------------- Invoking toplevel() on ptolemy.moml.MoMLSimpleApplication@77d8db4a
----------------- Done invoking toplevel() on ptolemy.moml.MoMLSimpleApplication@77d8db4a
reloadAllAccessors: .SampledClocks

===========================================================================================
----------------- testing Sun Jul 28 05:09:09 UTC 2019 /home/travis/build/icyphy/ptII/ptolemy/domains/continuous/test/auto/Satellite.xml
----------------- Instantiating /home/travis/build/icyphy/ptII/ptolemy/domains/continuous/test/auto/Satellite.xml
1062 ms. Memory: 328704K Free: 262127K (80%)
----------------- Invoking toplevel() on ptolemy.moml.MoMLSimpleApplication@1c3fbc26
----------------- Done invoking toplevel() on ptolemy.moml.MoMLSimpleApplication@1c3fbc26
reloadAllAccessors: .Satellite

===========================================================================================
----------------- testing Sun Jul 28 05:09:10 UTC 2019 /home/travis/build/icyphy/ptII/ptolemy/domains/continuous/test/auto/SigmaDelta.xml
----------------- Instantiating /home/travis/build/icyphy/ptII/ptolemy/domains/continuous/test/auto/SigmaDelta.xml
2684 ms. Memory: 328704K Free: 195170K (59%)
----------------- Invoking toplevel() on ptolemy.moml.MoMLSimpleApplication@5b144e7d
----------------- Done invoking toplevel() on ptolemy.moml.MoMLSimpleApplication@5b144e7d
reloadAllAccessors: .SigmaDelta

===========================================================================================
----------------- testing Sun Jul 28 05:09:13 UTC 2019 /home/travis/build/icyphy/ptII/ptolemy/domains/continuous/test/auto/SingleRefinement.xml
----------------- Instantiating /home/travis/build/icyphy/ptII/ptolemy/domains/continuous/test/auto/SingleRefinement.xml
340 ms. Memory: 328704K Free: 205464K (63%)
----------------- Invoking toplevel() on ptolemy.moml.MoMLSimpleApplication@4fa0f50f
----------------- Done invoking toplevel() on ptolemy.moml.MoMLSimpleApplication@4fa0f50f
reloadAllAccessors: .SingleRefinement

===========================================================================================
----------------- testing Sun Jul 28 05:09:14 UTC 2019 /home/travis/build/icyphy/ptII/ptolemy/domains/continuous/test/auto/SinuBouncingBall.xml
----------------- Instantiating /home/travis/build/icyphy/ptII/ptolemy/domains/continuous/test/auto/SinuBouncingBall.xml
891 ms. Memory: 328704K Free: 186077K (57%)
----------------- Invoking toplevel() on ptolemy.moml.MoMLSimpleApplication@4142e64f
----------------- Done invoking toplevel() on ptolemy.moml.MoMLSimpleApplication@4142e64f
reloadAllAccessors: .SinuBouncingBall

===========================================================================================
----------------- testing Sun Jul 28 05:09:15 UTC 2019 /home/travis/build/icyphy/ptII/ptolemy/domains/continuous/test/auto/Sinusoid.xml
----------------- Instantiating /home/travis/build/icyphy/ptII/ptolemy/domains/continuous/test/auto/Sinusoid.xml
7 ms. Memory: 328704K Free: 181471K (55%)
----------------- Invoking toplevel() on ptolemy.moml.MoMLSimpleApplication@4d274489
----------------- Done invoking toplevel() on ptolemy.moml.MoMLSimpleApplication@4d274489
reloadAllAccessors: .Sinusoid

===========================================================================================
----------------- testing Sun Jul 28 05:09:15 UTC 2019 /home/travis/build/icyphy/ptII/ptolemy/domains/continuous/test/auto/SinusoidInNoise.xml
----------------- Instantiating /home/travis/build/icyphy/ptII/ptolemy/domains/continuous/test/auto/SinusoidInNoise.xml
984 ms. Memory: 328704K Free: 240555K (73%)
----------------- Invoking toplevel() on ptolemy.moml.MoMLSimpleApplication@4189d03b
----------------- Done invoking toplevel() on ptolemy.moml.MoMLSimpleApplication@4189d03b
reloadAllAccessors: .SinusoidInNoise

===========================================================================================
----------------- testing Sun Jul 28 05:09:16 UTC 2019 /home/travis/build/icyphy/ptII/ptolemy/domains/continuous/test/auto/SinusoidRK45.xml
----------------- Instantiating /home/travis/build/icyphy/ptII/ptolemy/domains/continuous/test/auto/SinusoidRK45.xml
3 ms. Memory: 328704K Free: 235915K (72%)
----------------- Invoking toplevel() on ptolemy.moml.MoMLSimpleApplication@54916da2
----------------- Done invoking toplevel() on ptolemy.moml.MoMLSimpleApplication@54916da2
reloadAllAccessors: .SinusoidRK45

===========================================================================================
----------------- testing Sun Jul 28 05:09:16 UTC 2019 /home/travis/build/icyphy/ptII/ptolemy/domains/continuous/test/auto/SinusoidWithMultipleImpulses.xml
----------------- Instantiating /home/travis/build/icyphy/ptII/ptolemy/domains/continuous/test/auto/SinusoidWithMultipleImpulses.xml
4 ms. Memory: 328704K Free: 231339K (70%)
----------------- Invoking toplevel() on ptolemy.moml.MoMLSimpleApplication@67d888a8
----------------- Done invoking toplevel() on ptolemy.moml.MoMLSimpleApplication@67d888a8
reloadAllAccessors: .SinusoidWithMultipleImpulses

===========================================================================================
----------------- testing Sun Jul 28 05:09:16 UTC 2019 /home/travis/build/icyphy/ptII/ptolemy/domains/continuous/test/auto/SquareWave.xml
----------------- Instantiating /home/travis/build/icyphy/ptII/ptolemy/domains/continuous/test/auto/SquareWave.xml
184 ms. Memory: 328704K Free: 204201K (62%)
----------------- Invoking toplevel() on ptolemy.moml.MoMLSimpleApplication@29c7b00c
----------------- Done invoking toplevel() on ptolemy.moml.MoMLSimpleApplication@29c7b00c
reloadAllAccessors: .SquareWave

===========================================================================================
----------------- testing Sun Jul 28 05:09:16 UTC 2019 /home/travis/build/icyphy/ptII/ptolemy/domains/continuous/test/auto/Starmac.xml
----------------- Instantiating /home/travis/build/icyphy/ptII/ptolemy/domains/continuous/test/auto/Starmac.xml
3055 ms. Memory: 328704K Free: 275028K (84%)
----------------- Invoking toplevel() on ptolemy.moml.MoMLSimpleApplication@196a526e
----------------- Done invoking toplevel() on ptolemy.moml.MoMLSimpleApplication@196a526e
reloadAllAccessors: .Starmac

===========================================================================================
----------------- testing Sun Jul 28 05:09:19 UTC 2019 /home/travis/build/icyphy/ptII/ptolemy/domains/continuous/test/auto/StaticUnits.xml
----------------- Instantiating /home/travis/build/icyphy/ptII/ptolemy/domains/continuous/test/auto/StaticUnits.xml
2330 ms. Memory: 328704K Free: 197687K (60%)
----------------- Invoking toplevel() on ptolemy.moml.MoMLSimpleApplication@503d3734
----------------- Done invoking toplevel() on ptolemy.moml.MoMLSimpleApplication@503d3734
reloadAllAccessors: .StaticUnits

===========================================================================================
----------------- testing Sun Jul 28 05:09:22 UTC 2019 /home/travis/build/icyphy/ptII/ptolemy/domains/continuous/test/auto/StickyMasses.xml
----------------- Instantiating /home/travis/build/icyphy/ptII/ptolemy/domains/continuous/test/auto/StickyMasses.xml
164 ms. Memory: 328704K Free: 148520K (45%)
----------------- Invoking toplevel() on ptolemy.moml.MoMLSimpleApplication@167f9555
----------------- Done invoking toplevel() on ptolemy.moml.MoMLSimpleApplication@167f9555
reloadAllAccessors: .StickyMasses

===========================================================================================
----------------- testing Sun Jul 28 05:09:23 UTC 2019 /home/travis/build/icyphy/ptII/ptolemy/domains/continuous/test/auto/StopTime.xml
----------------- Instantiating /home/travis/build/icyphy/ptII/ptolemy/domains/continuous/test/auto/StopTime.xml
48 ms. Memory: 328704K Free: 123449K (38%)
----------------- Invoking toplevel() on ptolemy.moml.MoMLSimpleApplication@2a9f9d84
----------------- Done invoking toplevel() on ptolemy.moml.MoMLSimpleApplication@2a9f9d84
reloadAllAccessors: .StopTime

===========================================================================================
----------------- testing Sun Jul 28 05:09:23 UTC 2019 /home/travis/build/icyphy/ptII/ptolemy/domains/continuous/test/auto/StopTime2.xml
----------------- Instantiating /home/travis/build/icyphy/ptII/ptolemy/domains/continuous/test/auto/StopTime2.xml
35 ms. Memory: 328704K Free: 292333K (89%)
----------------- Invoking toplevel() on ptolemy.moml.MoMLSimpleApplication@c895a12
----------------- Done invoking toplevel() on ptolemy.moml.MoMLSimpleApplication@c895a12
reloadAllAccessors: .StopTime2

===========================================================================================
----------------- testing Sun Jul 28 05:09:23 UTC 2019 /home/travis/build/icyphy/ptII/ptolemy/domains/continuous/test/auto/Switch.xml
----------------- Instantiating /home/travis/build/icyphy/ptII/ptolemy/domains/continuous/test/auto/Switch.xml
43 ms. Memory: 328704K Free: 267757K (81%)
----------------- Invoking toplevel() on ptolemy.moml.MoMLSimpleApplication@2f074c37
----------------- Done invoking toplevel() on ptolemy.moml.MoMLSimpleApplication@2f074c37
reloadAllAccessors: .Switch

===========================================================================================
----------------- testing Sun Jul 28 05:09:23 UTC 2019 /home/travis/build/icyphy/ptII/ptolemy/domains/continuous/test/auto/Thermostat.xml
----------------- Instantiating /home/travis/build/icyphy/ptII/ptolemy/domains/continuous/test/auto/Thermostat.xml
188 ms. Memory: 328704K Free: 195581K (60%)
----------------- Invoking toplevel() on ptolemy.moml.MoMLSimpleApplication@3db74839
----------------- Done invoking toplevel() on ptolemy.moml.MoMLSimpleApplication@3db74839
reloadAllAccessors: .Thermostat

===========================================================================================
----------------- testing Sun Jul 28 05:09:23 UTC 2019 /home/travis/build/icyphy/ptII/ptolemy/domains/continuous/test/auto/TimeDelay.xml
----------------- Instantiating /home/travis/build/icyphy/ptII/ptolemy/domains/continuous/test/auto/TimeDelay.xml
5 ms. Memory: 328704K Free: 190941K (58%)
----------------- Invoking toplevel() on ptolemy.moml.MoMLSimpleApplication@732701e
----------------- Done invoking toplevel() on ptolemy.moml.MoMLSimpleApplication@732701e
reloadAllAccessors: .TimeDelay

===========================================================================================
----------------- testing Sun Jul 28 05:09:23 UTC 2019 /home/travis/build/icyphy/ptII/ptolemy/domains/continuous/test/auto/TimeDelay2.xml
----------------- Instantiating /home/travis/build/icyphy/ptII/ptolemy/domains/continuous/test/auto/TimeDelay2.xml
7 ms. Memory: 328704K Free: 181245K (55%)
----------------- Invoking toplevel() on ptolemy.moml.MoMLSimpleApplication@1cf22f57
----------------- Done invoking toplevel() on ptolemy.moml.MoMLSimpleApplication@1cf22f57
reloadAllAccessors: .TimeDelay2

===========================================================================================
----------------- testing Sun Jul 28 05:09:23 UTC 2019 /home/travis/build/icyphy/ptII/ptolemy/domains/continuous/test/auto/TimeDelay3.xml
----------------- Instantiating /home/travis/build/icyphy/ptII/ptolemy/domains/continuous/test/auto/TimeDelay3.xml
5 ms. Memory: 328704K Free: 176618K (54%)
----------------- Invoking toplevel() on ptolemy.moml.MoMLSimpleApplication@a042632
----------------- Done invoking toplevel() on ptolemy.moml.MoMLSimpleApplication@a042632
reloadAllAccessors: .TimeDelay3

===========================================================================================
----------------- testing Sun Jul 28 05:09:23 UTC 2019 /home/travis/build/icyphy/ptII/ptolemy/domains/continuous/test/auto/TransferAbsentToInside.xml
----------------- Instantiating /home/travis/build/icyphy/ptII/ptolemy/domains/continuous/test/auto/TransferAbsentToInside.xml
30 ms. Memory: 328704K Free: 123901K (38%)
----------------- Invoking toplevel() on ptolemy.moml.MoMLSimpleApplication@17701ab3
----------------- Done invoking toplevel() on ptolemy.moml.MoMLSimpleApplication@17701ab3
reloadAllAccessors: .TransferAbsentToInside

===========================================================================================
----------------- testing Sun Jul 28 05:09:23 UTC 2019 /home/travis/build/icyphy/ptII/ptolemy/domains/continuous/test/auto/Transmission.xml
----------------- Instantiating /home/travis/build/icyphy/ptII/ptolemy/domains/continuous/test/auto/Transmission.xml
941 ms. Memory: 328704K Free: 274398K (83%)
----------------- Invoking toplevel() on ptolemy.moml.MoMLSimpleApplication@2db009eb
----------------- Done invoking toplevel() on ptolemy.moml.MoMLSimpleApplication@2db009eb
reloadAllAccessors: .Transmission

===========================================================================================
----------------- testing Sun Jul 28 05:09:24 UTC 2019 /home/travis/build/icyphy/ptII/ptolemy/domains/continuous/test/auto/TriggeredContinuousClock.xml
----------------- Instantiating /home/travis/build/icyphy/ptII/ptolemy/domains/continuous/test/auto/TriggeredContinuousClock.xml
46 ms. Memory: 328704K Free: 245230K (75%)
----------------- Invoking toplevel() on ptolemy.moml.MoMLSimpleApplication@189df092
----------------- Done invoking toplevel() on ptolemy.moml.MoMLSimpleApplication@189df092
reloadAllAccessors: .TriggeredContinuousClock

===========================================================================================
----------------- testing Sun Jul 28 05:09:24 UTC 2019 /home/travis/build/icyphy/ptII/ptolemy/domains/continuous/test/auto/TwoMachineInfiniteBusControl.xml
----------------- Instantiating /home/travis/build/icyphy/ptII/ptolemy/domains/continuous/test/auto/TwoMachineInfiniteBusControl.xml
3319 ms. Memory: 328704K Free: 223175K (68%)
----------------- Invoking toplevel() on ptolemy.moml.MoMLSimpleApplication@5097e8
----------------- Done invoking toplevel() on ptolemy.moml.MoMLSimpleApplication@5097e8
reloadAllAccessors: .TwoMachineInfiniteBusControl

===========================================================================================
----------------- testing Sun Jul 28 05:09:28 UTC 2019 /home/travis/build/icyphy/ptII/ptolemy/domains/continuous/test/auto/V2V.xml
----------------- Instantiating /home/travis/build/icyphy/ptII/ptolemy/domains/continuous/test/auto/V2V.xml
900 ms. Memory: 328704K Free: 226224K (69%)
----------------- Invoking toplevel() on ptolemy.moml.MoMLSimpleApplication@43d85a0a
----------------- Done invoking toplevel() on ptolemy.moml.MoMLSimpleApplication@43d85a0a
reloadAllAccessors: .V2V

===========================================================================================
----------------- testing Sun Jul 28 05:09:29 UTC 2019 /home/travis/build/icyphy/ptII/ptolemy/domains/continuous/test/auto/hierarchicalModalModel.xml
----------------- Instantiating /home/travis/build/icyphy/ptII/ptolemy/domains/continuous/test/auto/hierarchicalModalModel.xml
9 ms. Memory: 328704K Free: 211888K (64%)
----------------- Invoking toplevel() on ptolemy.moml.MoMLSimpleApplication@53c73a5c
----------------- Done invoking toplevel() on ptolemy.moml.MoMLSimpleApplication@53c73a5c
reloadAllAccessors: .hierarchicalModalModel

===========================================================================================
----------------- testing Sun Jul 28 05:09:29 UTC 2019 /home/travis/build/icyphy/ptII/ptolemy/domains/continuous/test/auto/hierarchicalModalModel1.xml
----------------- Instantiating /home/travis/build/icyphy/ptII/ptolemy/domains/continuous/test/auto/hierarchicalModalModel1.xml
10 ms. Memory: 328704K Free: 197552K (60%)
----------------- Invoking toplevel() on ptolemy.moml.MoMLSimpleApplication@5f4328e8
----------------- Done invoking toplevel() on ptolemy.moml.MoMLSimpleApplication@5f4328e8
reloadAllAccessors: .hierarchicalModalModel1

===========================================================================================
----------------- testing Sun Jul 28 05:09:29 UTC 2019 /home/travis/build/icyphy/ptII/ptolemy/domains/continuous/test/auto/hierarchicalModalModel2.xml
----------------- Instantiating /home/travis/build/icyphy/ptII/ptolemy/domains/continuous/test/auto/hierarchicalModalModel2.xml
6 ms. Memory: 328704K Free: 185264K (56%)
----------------- Invoking toplevel() on ptolemy.moml.MoMLSimpleApplication@4f52c4ac
----------------- Done invoking toplevel() on ptolemy.moml.MoMLSimpleApplication@4f52c4ac
reloadAllAccessors: .hierarchicalModalModel2

===========================================================================================
----------------- testing Sun Jul 28 05:09:29 UTC 2019 /home/travis/build/icyphy/ptII/ptolemy/domains/continuous/test/auto/hierarchicalModalModel3.xml
----------------- Instantiating /home/travis/build/icyphy/ptII/ptolemy/domains/continuous/test/auto/hierarchicalModalModel3.xml
8 ms. Memory: 328704K Free: 174510K (53%)
----------------- Invoking toplevel() on ptolemy.moml.MoMLSimpleApplication@1c526157
----------------- Done invoking toplevel() on ptolemy.moml.MoMLSimpleApplication@1c526157
reloadAllAccessors: .hierarchicalModalModel3

===========================================================================================
----------------- testing Sun Jul 28 05:09:29 UTC 2019 /home/travis/build/icyphy/ptII/ptolemy/domains/continuous/test/auto/hierarchicalModalModel4.xml
----------------- Instantiating /home/travis/build/icyphy/ptII/ptolemy/domains/continuous/test/auto/hierarchicalModalModel4.xml
5 ms. Memory: 328704K Free: 162736K (50%)
----------------- Invoking toplevel() on ptolemy.moml.MoMLSimpleApplication@3b76f2a2
----------------- Done invoking toplevel() on ptolemy.moml.MoMLSimpleApplication@3b76f2a2
reloadAllAccessors: .hierarchicalModalModel4

===========================================================================================
----------------- testing Sun Jul 28 05:09:29 UTC 2019 /home/travis/build/icyphy/ptII/ptolemy/domains/continuous/test/auto/junk.xml
----------------- Instantiating /home/travis/build/icyphy/ptII/ptolemy/domains/continuous/test/auto/junk.xml
147 ms. Memory: 328704K Free: 138160K (42%)
----------------- Invoking toplevel() on ptolemy.moml.MoMLSimpleApplication@5322ac56
----------------- Done invoking toplevel() on ptolemy.moml.MoMLSimpleApplication@5322ac56
reloadAllAccessors: .junk
AutoTests.java: About to close Vertx.
AutoTests.java: Vertx closed.
]]></system-out>
  <system-err><![CDATA[Warning: '.Poisson.NonStrictTest' The test produced only 406 tokens, yet the correctValues parameter was expecting 430 tokens.
]]></system-err>
</testsuite>
