<?xml version="1.0" encoding="UTF-8" ?>
<testsuite errors="0" failures="0" hostname="travis-job-c36e8a02-76a0-4e01-99d1-4f65214f13a0" name="ptolemy.domains.de.test.junit.JUnitTclTest" skipped="0" tests="101" time="126.551" timestamp="2020-10-15T15:48:24">
  <properties>
[...]
</properties>
  <testcase classname="ptolemy.util.test.junit.TclTests" name="[0] /home/travis/build/icyphy/ptII/ptolemy/domains/de/test/DependencyLoop.tcl (RunTclFile)" time="0.987" />
  <testcase classname="ptolemy.util.test.junit.TclTests" name="[1] /home/travis/build/icyphy/ptII/ptolemy/domains/de/test/RunDETestsAsQSS.tcl (RunTclFile)" time="85.335" />
  <testcase classname="ptolemy.util.test.junit.AutoKnownFailedTests" name="[0] /home/travis/build/icyphy/ptII/ptolemy/domains/de/test/auto/knownFailedTests/DESDFClockTest.xml (RunModel)" time="2.047" />
  <testcase classname="ptolemy.util.test.junit.AutoKnownFailedTests" name="[1] /home/travis/build/icyphy/ptII/ptolemy/domains/de/test/auto/knownFailedTests/DirectFeedback.xml (RunModel)" time="0.012" />
  <testcase classname="ptolemy.util.test.junit.AutoKnownFailedTests" name="[2] /home/travis/build/icyphy/ptII/ptolemy/domains/de/test/auto/knownFailedTests/FSMSource.xml (RunModel)" time="0.037" />
  <testcase classname="ptolemy.util.test.junit.AutoKnownFailedTests" name="[3] /home/travis/build/icyphy/ptII/ptolemy/domains/de/test/auto/knownFailedTests/HierarchicalModel.xml (RunModel)" time="0.05" />
  <testcase classname="ptolemy.util.test.junit.AutoKnownFailedTests" name="[4] /home/travis/build/icyphy/ptII/ptolemy/domains/de/test/auto/knownFailedTests/dependencyLoop.xml (RunModel)" time="0.046" />
  <testcase classname="ptolemy.util.test.junit.AutoKnownFailedTests" name="[5] /home/travis/build/icyphy/ptII/ptolemy/domains/de/test/auto/knownFailedTests/dependencyLoop2.xml (RunModel)" time="0.055" />
  <testcase classname="ptolemy.util.test.junit.AutoNameArchTests" name="[0] ThereAreNoAutoArchTests (RunModel)" time="0.002" />
  <testcase classname="ptolemy.util.test.junit.AutoTests" name="[0] /home/travis/build/icyphy/ptII/ptolemy/domains/de/test/auto/ActorDepthCalculation_actorWithoutPorts.xml (RunModel)" time="0.027" />
  <testcase classname="ptolemy.util.test.junit.AutoTests" name="[1] /home/travis/build/icyphy/ptII/ptolemy/domains/de/test/auto/AssemblyLine.xml (RunModel)" time="0.033" />
  <testcase classname="ptolemy.util.test.junit.AutoTests" name="[2] /home/travis/build/icyphy/ptII/ptolemy/domains/de/test/auto/CQBug1.xml (RunModel)" time="0.01" />
  <testcase classname="ptolemy.util.test.junit.AutoTests" name="[3] /home/travis/build/icyphy/ptII/ptolemy/domains/de/test/auto/CancelFireAt.xml (RunModel)" time="0.024" />
  <testcase classname="ptolemy.util.test.junit.AutoTests" name="[4] /home/travis/build/icyphy/ptII/ptolemy/domains/de/test/auto/CausalityAndComposabilityAnalysis.xml (RunModel)" time="0.017" />
  <testcase classname="ptolemy.util.test.junit.AutoTests" name="[5] /home/travis/build/icyphy/ptII/ptolemy/domains/de/test/auto/CausalityInterface1.xml (RunModel)" time="0.02" />
  <testcase classname="ptolemy.util.test.junit.AutoTests" name="[6] /home/travis/build/icyphy/ptII/ptolemy/domains/de/test/auto/CausalityInterface15.xml (RunModel)" time="0.014" />
  <testcase classname="ptolemy.util.test.junit.AutoTests" name="[7] /home/travis/build/icyphy/ptII/ptolemy/domains/de/test/auto/CausalityInterface2.xml (RunModel)" time="0.01" />
  <testcase classname="ptolemy.util.test.junit.AutoTests" name="[8] /home/travis/build/icyphy/ptII/ptolemy/domains/de/test/auto/CausalityInterface3.xml (RunModel)" time="0.01" />
  <testcase classname="ptolemy.util.test.junit.AutoTests" name="[9] /home/travis/build/icyphy/ptII/ptolemy/domains/de/test/auto/ClockDrift.xml (RunModel)" time="0.034" />
  <testcase classname="ptolemy.util.test.junit.AutoTests" name="[10] /home/travis/build/icyphy/ptII/ptolemy/domains/de/test/auto/ClockDriftAndValueChange.xml (RunModel)" time="0.032" />
  <testcase classname="ptolemy.util.test.junit.AutoTests" name="[11] /home/travis/build/icyphy/ptII/ptolemy/domains/de/test/auto/ClockDriftChange.xml (RunModel)" time="0.037" />
  <testcase classname="ptolemy.util.test.junit.AutoTests" name="[12] /home/travis/build/icyphy/ptII/ptolemy/domains/de/test/auto/ComposableCausalityAnalysis.xml (RunModel)" time="0.016" />
  <testcase classname="ptolemy.util.test.junit.AutoTests" name="[13] /home/travis/build/icyphy/ptII/ptolemy/domains/de/test/auto/DEFixedPointLimitation.xml (RunModel)" time="0.009" />
  <testcase classname="ptolemy.util.test.junit.AutoTests" name="[14] /home/travis/build/icyphy/ptII/ptolemy/domains/de/test/auto/DEScheduleTest.xml (RunModel)" time="0.016" />
  <testcase classname="ptolemy.util.test.junit.AutoTests" name="[15] /home/travis/build/icyphy/ptII/ptolemy/domains/de/test/auto/DEinDEwithStartTimes.xml (RunModel)" time="0.016" />
  <testcase classname="ptolemy.util.test.junit.AutoTests" name="[16] /home/travis/build/icyphy/ptII/ptolemy/domains/de/test/auto/DEinDEwithStartTimes2.xml (RunModel)" time="0.02" />
  <testcase classname="ptolemy.util.test.junit.AutoTests" name="[17] /home/travis/build/icyphy/ptII/ptolemy/domains/de/test/auto/DateDemo.xml (RunModel)" time="0.04" />
  <testcase classname="ptolemy.util.test.junit.AutoTests" name="[18] /home/travis/build/icyphy/ptII/ptolemy/domains/de/test/auto/DateToEvent.xml (RunModel)" time="2.042" />
  <testcase classname="ptolemy.util.test.junit.AutoTests" name="[19] /home/travis/build/icyphy/ptII/ptolemy/domains/de/test/auto/DepthTest1.xml (RunModel)" time="0.014" />
  <testcase classname="ptolemy.util.test.junit.AutoTests" name="[20] /home/travis/build/icyphy/ptII/ptolemy/domains/de/test/auto/DepthTest2.xml (RunModel)" time="0.018" />
  <testcase classname="ptolemy.util.test.junit.AutoTests" name="[21] /home/travis/build/icyphy/ptII/ptolemy/domains/de/test/auto/DepthTest3.xml (RunModel)" time="0.009" />
  <testcase classname="ptolemy.util.test.junit.AutoTests" name="[22] /home/travis/build/icyphy/ptII/ptolemy/domains/de/test/auto/DepthTest4.xml (RunModel)" time="0.019" />
  <testcase classname="ptolemy.util.test.junit.AutoTests" name="[23] /home/travis/build/icyphy/ptII/ptolemy/domains/de/test/auto/DepthTest5.xml (RunModel)" time="0.013" />
  <testcase classname="ptolemy.util.test.junit.AutoTests" name="[24] /home/travis/build/icyphy/ptII/ptolemy/domains/de/test/auto/DepthTest6.xml (RunModel)" time="0.015" />
  <testcase classname="ptolemy.util.test.junit.AutoTests" name="[25] /home/travis/build/icyphy/ptII/ptolemy/domains/de/test/auto/DepthTest7.xml (RunModel)" time="0.013" />
  <testcase classname="ptolemy.util.test.junit.AutoTests" name="[26] /home/travis/build/icyphy/ptII/ptolemy/domains/de/test/auto/EventToDate.xml (RunModel)" time="3.041" />
  <testcase classname="ptolemy.util.test.junit.AutoTests" name="[27] /home/travis/build/icyphy/ptII/ptolemy/domains/de/test/auto/FSM1.xml (RunModel)" time="0.048" />
  <testcase classname="ptolemy.util.test.junit.AutoTests" name="[28] /home/travis/build/icyphy/ptII/ptolemy/domains/de/test/auto/FSM7.xml (RunModel)" time="0.047" />
  <testcase classname="ptolemy.util.test.junit.AutoTests" name="[29] /home/travis/build/icyphy/ptII/ptolemy/domains/de/test/auto/Inspection.xml (RunModel)" time="0.04" />
  <testcase classname="ptolemy.util.test.junit.AutoTests" name="[30] /home/travis/build/icyphy/ptII/ptolemy/domains/de/test/auto/Iteration.xml (RunModel)" time="0.028" />
  <testcase classname="ptolemy.util.test.junit.AutoTests" name="[31] /home/travis/build/icyphy/ptII/ptolemy/domains/de/test/auto/LineFault.xml (RunModel)" time="0.532" />
  <testcase classname="ptolemy.util.test.junit.AutoTests" name="[32] /home/travis/build/icyphy/ptII/ptolemy/domains/de/test/auto/MergeModel1Add.xml (RunModel)" time="0.051" />
  <testcase classname="ptolemy.util.test.junit.AutoTests" name="[33] /home/travis/build/icyphy/ptII/ptolemy/domains/de/test/auto/MergeModel2Add.xml (RunModel)" time="0.036" />
  <testcase classname="ptolemy.util.test.junit.AutoTests" name="[34] /home/travis/build/icyphy/ptII/ptolemy/domains/de/test/auto/MergeModel3Add.xml (RunModel)" time="0.047" />
  <testcase classname="ptolemy.util.test.junit.AutoTests" name="[35] /home/travis/build/icyphy/ptII/ptolemy/domains/de/test/auto/MergeWithoutDiscard.xml (RunModel)" time="0.012" />
  <testcase classname="ptolemy.util.test.junit.AutoTests" name="[36] /home/travis/build/icyphy/ptII/ptolemy/domains/de/test/auto/Modal1.xml (RunModel)" time="0.036" />
  <testcase classname="ptolemy.util.test.junit.AutoTests" name="[37] /home/travis/build/icyphy/ptII/ptolemy/domains/de/test/auto/Modal2.xml (RunModel)" time="0.025" />
  <testcase classname="ptolemy.util.test.junit.AutoTests" name="[38] /home/travis/build/icyphy/ptII/ptolemy/domains/de/test/auto/Modal3.xml (RunModel)" time="0.032" />
  <testcase classname="ptolemy.util.test.junit.AutoTests" name="[39] /home/travis/build/icyphy/ptII/ptolemy/domains/de/test/auto/Modal4.xml (RunModel)" time="0.032" />
  <testcase classname="ptolemy.util.test.junit.AutoTests" name="[40] /home/travis/build/icyphy/ptII/ptolemy/domains/de/test/auto/Modal5.xml (RunModel)" time="0.029" />
  <testcase classname="ptolemy.util.test.junit.AutoTests" name="[41] /home/travis/build/icyphy/ptII/ptolemy/domains/de/test/auto/Modal6.xml (RunModel)" time="0.025" />
  <testcase classname="ptolemy.util.test.junit.AutoTests" name="[42] /home/travis/build/icyphy/ptII/ptolemy/domains/de/test/auto/Modal7.xml (RunModel)" time="0.035" />
  <testcase classname="ptolemy.util.test.junit.AutoTests" name="[43] /home/travis/build/icyphy/ptII/ptolemy/domains/de/test/auto/ModalModel.xml (RunModel)" time="0.171" />
  <testcase classname="ptolemy.util.test.junit.AutoTests" name="[44] /home/travis/build/icyphy/ptII/ptolemy/domains/de/test/auto/ModalSource.xml (RunModel)" time="0.019" />
  <testcase classname="ptolemy.util.test.junit.AutoTests" name="[45] /home/travis/build/icyphy/ptII/ptolemy/domains/de/test/auto/NonInterruptibleTimerZeroDelay.xml (RunModel)" time="0.014" />
  <testcase classname="ptolemy.util.test.junit.AutoTests" name="[46] /home/travis/build/icyphy/ptII/ptolemy/domains/de/test/auto/OpenQueueingNetwork.xml (RunModel)" time="2.463" />
  <testcase classname="ptolemy.util.test.junit.AutoTests" name="[47] /home/travis/build/icyphy/ptII/ptolemy/domains/de/test/auto/OpenQueuingNetwork.xml (RunModel)" time="0.27" />
  <testcase classname="ptolemy.util.test.junit.AutoTests" name="[48] /home/travis/build/icyphy/ptII/ptolemy/domains/de/test/auto/PeriodicSampler.xml (RunModel)" time="0.016" />
  <testcase classname="ptolemy.util.test.junit.AutoTests" name="[49] /home/travis/build/icyphy/ptII/ptolemy/domains/de/test/auto/PersistentIO.xml (RunModel)" time="0.018" />
  <testcase classname="ptolemy.util.test.junit.AutoTests" name="[50] /home/travis/build/icyphy/ptII/ptolemy/domains/de/test/auto/PortParameterResetOnInitialize.xml (RunModel)" time="0.01" />
  <testcase classname="ptolemy.util.test.junit.AutoTests" name="[51] /home/travis/build/icyphy/ptII/ptolemy/domains/de/test/auto/PortParameterUpdates.xml (RunModel)" time="0.016" />
  <testcase classname="ptolemy.util.test.junit.AutoTests" name="[52] /home/travis/build/icyphy/ptII/ptolemy/domains/de/test/auto/QueueAndServer.xml (RunModel)" time="0.021" />
  <testcase classname="ptolemy.util.test.junit.AutoTests" name="[53] /home/travis/build/icyphy/ptII/ptolemy/domains/de/test/auto/Records.xml (RunModel)" time="0.015" />
  <testcase classname="ptolemy.util.test.junit.AutoTests" name="[54] /home/travis/build/icyphy/ptII/ptolemy/domains/de/test/auto/ResetTransitionWithStartTime1.xml (RunModel)" time="0.021" />
  <testcase classname="ptolemy.util.test.junit.AutoTests" name="[55] /home/travis/build/icyphy/ptII/ptolemy/domains/de/test/auto/ResetTransitionWithStartTime2.xml (RunModel)" time="0.019" />
  <testcase classname="ptolemy.util.test.junit.AutoTests" name="[56] /home/travis/build/icyphy/ptII/ptolemy/domains/de/test/auto/ResetTransitionWithStartTime3.xml (RunModel)" time="0.019" />
  <testcase classname="ptolemy.util.test.junit.AutoTests" name="[57] /home/travis/build/icyphy/ptII/ptolemy/domains/de/test/auto/ResetTransitionWithStartTime4.xml (RunModel)" time="0.017" />
  <testcase classname="ptolemy.util.test.junit.AutoTests" name="[58] /home/travis/build/icyphy/ptII/ptolemy/domains/de/test/auto/ResettableTimer1.xml (RunModel)" time="0.009" />
  <testcase classname="ptolemy.util.test.junit.AutoTests" name="[59] /home/travis/build/icyphy/ptII/ptolemy/domains/de/test/auto/ResettableTimer2.xml (RunModel)" time="0.008" />
  <testcase classname="ptolemy.util.test.junit.AutoTests" name="[60] /home/travis/build/icyphy/ptII/ptolemy/domains/de/test/auto/ResettableTimer3.xml (RunModel)" time="0.01" />
  <testcase classname="ptolemy.util.test.junit.AutoTests" name="[61] /home/travis/build/icyphy/ptII/ptolemy/domains/de/test/auto/ResettableTimer4.xml (RunModel)" time="0.011" />
  <testcase classname="ptolemy.util.test.junit.AutoTests" name="[62] /home/travis/build/icyphy/ptII/ptolemy/domains/de/test/auto/ResettableTimer5.xml (RunModel)" time="0.012" />
  <testcase classname="ptolemy.util.test.junit.AutoTests" name="[63] /home/travis/build/icyphy/ptII/ptolemy/domains/de/test/auto/ResettableTimer6.xml (RunModel)" time="0.023" />
  <testcase classname="ptolemy.util.test.junit.AutoTests" name="[64] /home/travis/build/icyphy/ptII/ptolemy/domains/de/test/auto/ServerZeroDelay.xml (RunModel)" time="0.012" />
  <testcase classname="ptolemy.util.test.junit.AutoTests" name="[65] /home/travis/build/icyphy/ptII/ptolemy/domains/de/test/auto/SmartSender.xml (RunModel)" time="3.01" />
  <testcase classname="ptolemy.util.test.junit.AutoTests" name="[66] /home/travis/build/icyphy/ptII/ptolemy/domains/de/test/auto/ThreadedComposite.xml (RunModel)" time="0.116" />
  <testcase classname="ptolemy.util.test.junit.AutoTests" name="[67] /home/travis/build/icyphy/ptII/ptolemy/domains/de/test/auto/Time.xml (RunModel)" time="0.352" />
  <testcase classname="ptolemy.util.test.junit.AutoTests" name="[68] /home/travis/build/icyphy/ptII/ptolemy/domains/de/test/auto/TimeDelayZeroDelay.xml (RunModel)" time="0.013" />
  <testcase classname="ptolemy.util.test.junit.AutoTests" name="[69] /home/travis/build/icyphy/ptII/ptolemy/domains/de/test/auto/TimerZeroDelay.xml (RunModel)" time="0.011" />
  <testcase classname="ptolemy.util.test.junit.AutoTests" name="[70] /home/travis/build/icyphy/ptII/ptolemy/domains/de/test/auto/TimingParadox.xml (RunModel)" time="0.327" />
  <testcase classname="ptolemy.util.test.junit.AutoTests" name="[71] /home/travis/build/icyphy/ptII/ptolemy/domains/de/test/auto/TransferInputs.xml (RunModel)" time="0.014" />
  <testcase classname="ptolemy.util.test.junit.AutoTests" name="[72] /home/travis/build/icyphy/ptII/ptolemy/domains/de/test/auto/TransferOutputs2.xml (RunModel)" time="0.014" />
  <testcase classname="ptolemy.util.test.junit.AutoTests" name="[73] /home/travis/build/icyphy/ptII/ptolemy/domains/de/test/auto/Trilateration.xml (RunModel)" time="11.751" />
  <testcase classname="ptolemy.util.test.junit.AutoTests" name="[74] /home/travis/build/icyphy/ptII/ptolemy/domains/de/test/auto/TwoSigmaDelta.xml (RunModel)" time="1.86" />
  <testcase classname="ptolemy.util.test.junit.AutoTests" name="[75] /home/travis/build/icyphy/ptII/ptolemy/domains/de/test/auto/VariableDelay.xml (RunModel)" time="0.02" />
  <testcase classname="ptolemy.util.test.junit.AutoTests" name="[76] /home/travis/build/icyphy/ptII/ptolemy/domains/de/test/auto/VariableDelay2.xml (RunModel)" time="0.013" />
  <testcase classname="ptolemy.util.test.junit.AutoTests" name="[77] /home/travis/build/icyphy/ptII/ptolemy/domains/de/test/auto/VariableDelayZeroDelay.xml (RunModel)" time="0.022" />
  <testcase classname="ptolemy.util.test.junit.AutoTests" name="[78] /home/travis/build/icyphy/ptII/ptolemy/domains/de/test/auto/VariableDelayZeroDelay2.xml (RunModel)" time="0.011" />
  <testcase classname="ptolemy.util.test.junit.AutoTests" name="[79] /home/travis/build/icyphy/ptII/ptolemy/domains/de/test/auto/deInCt.xml (RunModel)" time="0.018" />
  <testcase classname="ptolemy.util.test.junit.AutoTests" name="[80] /home/travis/build/icyphy/ptII/ptolemy/domains/de/test/auto/deInCt2.xml (RunModel)" time="0.018" />
  <testcase classname="ptolemy.util.test.junit.AutoTests" name="[81] /home/travis/build/icyphy/ptII/ptolemy/domains/de/test/auto/dynamicCausalityInterface1.xml (RunModel)" time="0.018" />
  <testcase classname="ptolemy.util.test.junit.AutoTests" name="[82] /home/travis/build/icyphy/ptII/ptolemy/domains/de/test/auto/fsm_de_test.xml (RunModel)" time="0.024" />
  <testcase classname="ptolemy.util.test.junit.AutoTests" name="[83] /home/travis/build/icyphy/ptII/ptolemy/domains/de/test/auto/functionDependencyReconstruction.xml (RunModel)" time="0.031" />
  <testcase classname="ptolemy.util.test.junit.AutoTests" name="[84] /home/travis/build/icyphy/ptII/ptolemy/domains/de/test/auto/multirate.xml (RunModel)" time="0.018" />
  <testcase classname="ptolemy.util.test.junit.AutoTests" name="[85] /home/travis/build/icyphy/ptII/ptolemy/domains/de/test/auto/multirate2.xml (RunModel)" time="0.022" />
  <testcase classname="ptolemy.util.test.junit.AutoTests" name="[86] /home/travis/build/icyphy/ptII/ptolemy/domains/de/test/auto/realtime.xml (RunModel)" time="10.011" />
  <testcase classname="ptolemy.util.test.junit.AutoTests" name="[87] /home/travis/build/icyphy/ptII/ptolemy/domains/de/test/auto/relationGroup.xml (RunModel)" time="0.01" />
  <testcase classname="ptolemy.util.test.junit.AutoTests" name="[88] /home/travis/build/icyphy/ptII/ptolemy/domains/de/test/auto/relationGroup2.xml (RunModel)" time="0.011" />
  <testcase classname="ptolemy.util.test.junit.AutoTests" name="[89] /home/travis/build/icyphy/ptII/ptolemy/domains/de/test/auto/sortWithOpaquePorts.xml (RunModel)" time="0.015" />
  <testcase classname="ptolemy.util.test.junit.AutoTests" name="[90] /home/travis/build/icyphy/ptII/ptolemy/domains/de/test/auto/transferInputsandOutputs.xml (RunModel)" time="0.021" />
  <testcase classname="ptolemy.util.test.junit.AutoTests" name="[91] /home/travis/build/icyphy/ptII/ptolemy/domains/de/test/auto/triggerType.xml (RunModel)" time="0.008" />
  <system-out><![CDATA[/home/travis/build/icyphy/ptII/ptolemy/domains/de/test/DependencyLoop.tcl
testDefs.tcl: setting time out to 9000 seconds at Thu Oct 15 15:48:24 UTC 2020
63 ms. Memory: 129024K Free: 78792K (61%)
25 ms. Memory: 129024K Free: 61384K (48%)
/home/travis/build/icyphy/ptII/ptolemy/domains/de/test/RunDETestsAsQSS.tcl
Run the DE tests using ptolemy.domains.qss.test.QSSDirectorTest, which extends QSSDirector and prints a message in the constructors.
------------------ testing $PTII/ptolemy/domains/de/test/auto/knownFailedTests/DirectFeedback.xml (Known Failure) 
64 ms. Memory: 129024K Free: 56264K (44%)


==== $PTIIhome/travis/build/icyphy/ptII/ptolemy/domains/de/test/../../../../: Auto Automatic test in file $PTII/ptolemy/domains/de/test/auto/knownFailedTests/DirectFeedback.xml
==== Contents of test case:

	    # FIXME: we should use $relativeFilename here, but it
	    # might have backslashes under Windows, which causes no end
	    # of trouble.
	    createAndExecute $file
	    list {}
	
.... Test generated KNOWN error:
    while executing
ptolemy.kernel.util.IllegalActionException: Test fails in iteration 1.
Value was: 1.0. Should have been: 2.0
  in .DirectFeedback.Test
	at ptolemy.actor.lib.Test.fire(Test.java:268)
	at ptolemy.domains.de.kernel.DEDirector._fire(DEDirector.java:1949)
	at ptolemy.domains.de.kernel.DEDirector.fire(DEDirector.java:502)
	at ptolemy.actor.CompositeActor.fire(CompositeActor.java:455)
	at ptolemy.actor.Manager.iterate(Manager.java:851)
	at ptolemy.actor.Manager.execute(Manager.java:369)
	at ptolemy.actor.Manager.run(Manager.java:1263)
	at ptolemy.actor.Manager$PtolemyRunThread.run(Manager.java:1933)

    while executing
ptolemy.kernel.util.IllegalActionException: Test fails in iteration 1.
Value was: 1.0. Should have been: 2.0
  in .DirectFeedback.Test
    while executing
"java::new ptolemy.moml.MoMLSimpleApplication $file
"
    (procedure "createAndExecute" line 2)
    invoked from within
"createAndExecute $file"
    ("uplevel" body line 5)
    invoked from within
"uplevel $contents_of_test"
------------------ testing $PTII/ptolemy/domains/de/test/auto/knownFailedTests/dependencyLoop.xml (Known Failure) 
19 ms. Memory: 129024K Free: 53192K (41%)


==== $PTIIhome/travis/build/icyphy/ptII/ptolemy/domains/de/test/../../../../: Auto Automatic test in file $PTII/ptolemy/domains/de/test/auto/knownFailedTests/dependencyLoop.xml
==== Contents of test case:

	    # FIXME: we should use $relativeFilename here, but it
	    # might have backslashes under Windows, which causes no end
	    # of trouble.
	    createAndExecute $file
	    list {}
	
.... Test generated KNOWN error:
    while executing
ptolemy.kernel.util.IllegalActionException: Found a zero delay loop containing .dependencyLoop.original
  in .dependencyLoop and .dependencyLoop.original
	at ptolemy.actor.util.CausalityInterfaceForComposites._computeOutputPortDepth(CausalityInterfaceForComposites.java:759)
	at ptolemy.actor.util.CausalityInterfaceForComposites._computeInputDepth(CausalityInterfaceForComposites.java:696)
	at ptolemy.actor.util.CausalityInterfaceForComposites._computeOutputPortDepth(CausalityInterfaceForComposites.java:765)
	at ptolemy.actor.util.CausalityInterfaceForComposites._computeInputDepth(CausalityInterfaceForComposites.java:696)
	at ptolemy.actor.util.CausalityInterfaceForComposites._computeOutputPortDepth(CausalityInterfaceForComposites.java:765)
	at ptolemy.actor.util.CausalityInterfaceForComposites._computeInputDepth(CausalityInterfaceForComposites.java:696)
	at ptolemy.actor.util.CausalityInterfaceForComposites._computeActorDepth(CausalityInterfaceForComposites.java:532)
	at ptolemy.actor.util.CausalityInterfaceForComposites.checkForCycles(CausalityInterfaceForComposites.java:96)
	at ptolemy.domains.de.kernel.DEDirector.preinitialize(DEDirector.java:1338)
	at ptolemy.actor.CompositeActor.preinitialize(CompositeActor.java:1828)
	at ptolemy.actor.Manager.preinitializeAndResolveTypes(Manager.java:1040)
	at ptolemy.actor.Manager.initialize(Manager.java:710)
	at ptolemy.actor.Manager.execute(Manager.java:356)
	at ptolemy.actor.Manager.run(Manager.java:1263)
	at ptolemy.actor.Manager$PtolemyRunThread.run(Manager.java:1933)

    while executing
ptolemy.kernel.util.IllegalActionException: Found a zero delay loop containing .dependencyLoop.original
  in .dependencyLoop and .dependencyLoop.original
    while executing
"java::new ptolemy.moml.MoMLSimpleApplication $file
"
    (procedure "createAndExecute" line 2)
    invoked from within
"createAndExecute $file"
    ("uplevel" body line 5)
    invoked from within
"uplevel $contents_of_test"
------------------ testing $PTII/ptolemy/domains/de/test/auto/knownFailedTests/FSMSource.xml (Known Failure) 
72 ms. Memory: 129024K Free: 111483K (86%)
!!!! Auto was marked as failing, but now passes
------------------ testing $PTII/ptolemy/domains/de/test/auto/knownFailedTests/HierarchicalModel.xml (Known Failure) 
12 ms. Memory: 129024K Free: 94079K (73%)


==== $PTIIhome/travis/build/icyphy/ptII/ptolemy/domains/de/test/../../../../: Auto Automatic test in file $PTII/ptolemy/domains/de/test/auto/knownFailedTests/HierarchicalModel.xml
==== Contents of test case:

	    # FIXME: we should use $relativeFilename here, but it
	    # might have backslashes under Windows, which causes no end
	    # of trouble.
	    createAndExecute $file
	    list {}
	
.... Test generated KNOWN error:
    while executing
ptolemy.kernel.util.IllegalActionException: Found a zero delay loop containing .HierarchicalModel.A
  in .HierarchicalModel and .HierarchicalModel.A
	at ptolemy.actor.util.CausalityInterfaceForComposites._computeOutputPortDepth(CausalityInterfaceForComposites.java:759)
	at ptolemy.actor.util.CausalityInterfaceForComposites._computeInputDepth(CausalityInterfaceForComposites.java:696)
	at ptolemy.actor.util.CausalityInterfaceForComposites._computeOutputPortDepth(CausalityInterfaceForComposites.java:765)
	at ptolemy.actor.util.CausalityInterfaceForComposites._computeInputDepth(CausalityInterfaceForComposites.java:696)
	at ptolemy.actor.util.CausalityInterfaceForComposites._computeOutputPortDepth(CausalityInterfaceForComposites.java:765)
	at ptolemy.actor.util.CausalityInterfaceForComposites._computeInputDepth(CausalityInterfaceForComposites.java:696)
	at ptolemy.actor.util.CausalityInterfaceForComposites._computeActorDepth(CausalityInterfaceForComposites.java:532)
	at ptolemy.actor.util.CausalityInterfaceForComposites.checkForCycles(CausalityInterfaceForComposites.java:96)
	at ptolemy.domains.de.kernel.DEDirector.preinitialize(DEDirector.java:1338)
	at ptolemy.actor.CompositeActor.preinitialize(CompositeActor.java:1828)
	at ptolemy.actor.Manager.preinitializeAndResolveTypes(Manager.java:1040)
	at ptolemy.actor.Manager.initialize(Manager.java:710)
	at ptolemy.actor.Manager.execute(Manager.java:356)
	at ptolemy.actor.Manager.run(Manager.java:1263)
	at ptolemy.actor.Manager$PtolemyRunThread.run(Manager.java:1933)

    while executing
ptolemy.kernel.util.IllegalActionException: Found a zero delay loop containing .HierarchicalModel.A
  in .HierarchicalModel and .HierarchicalModel.A
    while executing
"java::new ptolemy.moml.MoMLSimpleApplication $file
"
    (procedure "createAndExecute" line 2)
    invoked from within
"createAndExecute $file"
    ("uplevel" body line 5)
    invoked from within
"uplevel $contents_of_test"
------------------ testing $PTII/ptolemy/domains/de/test/auto/knownFailedTests/dependencyLoop2.xml (Known Failure) 
5 ms. Memory: 129024K Free: 78187K (61%)


==== $PTIIhome/travis/build/icyphy/ptII/ptolemy/domains/de/test/../../../../: Auto Automatic test in file $PTII/ptolemy/domains/de/test/auto/knownFailedTests/dependencyLoop2.xml
==== Contents of test case:

	    # FIXME: we should use $relativeFilename here, but it
	    # might have backslashes under Windows, which causes no end
	    # of trouble.
	    createAndExecute $file
	    list {}
	
.... Test generated KNOWN error:
    while executing
ptolemy.kernel.util.IllegalActionException: Found a zero delay loop containing .dependencyLoop2.original
  in .dependencyLoop2 and .dependencyLoop2.original
	at ptolemy.actor.util.CausalityInterfaceForComposites._computeOutputPortDepth(CausalityInterfaceForComposites.java:759)
	at ptolemy.actor.util.CausalityInterfaceForComposites._computeInputDepth(CausalityInterfaceForComposites.java:696)
	at ptolemy.actor.util.CausalityInterfaceForComposites._computeOutputPortDepth(CausalityInterfaceForComposites.java:765)
	at ptolemy.actor.util.CausalityInterfaceForComposites._computeInputDepth(CausalityInterfaceForComposites.java:696)
	at ptolemy.actor.util.CausalityInterfaceForComposites._computeOutputPortDepth(CausalityInterfaceForComposites.java:765)
	at ptolemy.actor.util.CausalityInterfaceForComposites._computeInputDepth(CausalityInterfaceForComposites.java:696)
	at ptolemy.actor.util.CausalityInterfaceForComposites._computeActorDepth(CausalityInterfaceForComposites.java:532)
	at ptolemy.actor.util.CausalityInterfaceForComposites.checkForCycles(CausalityInterfaceForComposites.java:96)
	at ptolemy.domains.de.kernel.DEDirector.preinitialize(DEDirector.java:1338)
	at ptolemy.actor.CompositeActor.preinitialize(CompositeActor.java:1828)
	at ptolemy.actor.Manager.preinitializeAndResolveTypes(Manager.java:1040)
	at ptolemy.actor.Manager.initialize(Manager.java:710)
	at ptolemy.actor.Manager.execute(Manager.java:356)
	at ptolemy.actor.Manager.run(Manager.java:1263)
	at ptolemy.actor.Manager$PtolemyRunThread.run(Manager.java:1933)

    while executing
ptolemy.kernel.util.IllegalActionException: Found a zero delay loop containing .dependencyLoop2.original
  in .dependencyLoop2 and .dependencyLoop2.original
    while executing
"java::new ptolemy.moml.MoMLSimpleApplication $file
"
    (procedure "createAndExecute" line 2)
    invoked from within
"createAndExecute $file"
    ("uplevel" body line 5)
    invoked from within
"uplevel $contents_of_test"
------------------ testing $PTII/ptolemy/domains/de/test/auto/knownFailedTests/DESDFClockTest.xml (Known Failure) 
2056 ms. Memory: 129024K Free: 106809K (83%)


==== $PTIIhome/travis/build/icyphy/ptII/ptolemy/domains/de/test/../../../../: Auto Automatic test in file $PTII/ptolemy/domains/de/test/auto/knownFailedTests/DESDFClockTest.xml
==== Contents of test case:

	    # FIXME: we should use $relativeFilename here, but it
	    # might have backslashes under Windows, which causes no end
	    # of trouble.
	    createAndExecute $file
	    list {}
	
.... Test generated KNOWN error:
    while executing
ptolemy.kernel.util.IllegalActionException: Actor is not ready to fire.  Perhaps UpSample.prefire() returned false? Try debugging the actor by selecting "Listen to Actor".  Also, for SDF check moml for tokenConsumptionRate on input.
  in .DESDFClockTest.Play Bell.Copy1:SDF Director and .DESDFClockTest.Play Bell.UpSample
	at ptolemy.actor.sched.StaticSchedulingDirector.fire(StaticSchedulingDirector.java:227)
	at ptolemy.domains.sdf.kernel.SDFDirector.fire(SDFDirector.java:500)
	at ptolemy.actor.CompositeActor.fire(CompositeActor.java:455)
	at ptolemy.domains.de.kernel.DEDirector._fire(DEDirector.java:1949)
	at ptolemy.domains.de.kernel.DEDirector.fire(DEDirector.java:502)
	at ptolemy.actor.CompositeActor.fire(CompositeActor.java:455)
	at ptolemy.actor.Manager.iterate(Manager.java:851)
	at ptolemy.actor.Manager.execute(Manager.java:369)
	at ptolemy.actor.Manager.run(Manager.java:1263)
	at ptolemy.actor.Manager$PtolemyRunThread.run(Manager.java:1933)

    while executing
ptolemy.kernel.util.IllegalActionException: Actor is not ready to fire.  Perhaps UpSample.prefire() returned false? Try debugging the actor by selecting "Listen to Actor".  Also, for SDF check moml for tokenConsumptionRate on input.
  in .DESDFClockTest.Play Bell.Copy1:SDF Director and .DESDFClockTest.Play Bell.UpSample
    while executing
"java::new ptolemy.moml.MoMLSimpleApplication $file
"
    (procedure "createAndExecute" line 2)
    invoked from within
"createAndExecute $file"
    ("uplevel" body line 5)
    invoked from within
"uplevel $contents_of_test"
------------------ testing $PTII/ptolemy/domains/de/test/auto/ActorDepthCalculation_actorWithoutPorts.xml
auto.tcl: Setting watchdog for 200 seconds at Thu Oct 15 15:48:28 UTC 2020
10 ms. Memory: 129024K Free: 99131K (77%)
ptolemy.util.test.WatchDog.cancel(): canceling Thu Oct 15 15:48:28 UTC 2020
auto.tcl: Setting watchdog for 200 seconds at Thu Oct 15 15:48:28 UTC 2020
3 ms. Memory: 129024K Free: 98107K (76%)
ptolemy.util.test.WatchDog.cancel(): canceling Thu Oct 15 15:48:28 UTC 2020
------------------ testing $PTII/ptolemy/domains/de/test/auto/AssemblyLine.xml
auto.tcl: Setting watchdog for 200 seconds at Thu Oct 15 15:48:28 UTC 2020
16 ms. Memory: 51200K Free: 27466K (54%)
ptolemy.util.test.WatchDog.cancel(): canceling Thu Oct 15 15:48:28 UTC 2020
auto.tcl: Setting watchdog for 200 seconds at Thu Oct 15 15:48:28 UTC 2020
6 ms. Memory: 51200K Free: 26732K (52%)
ptolemy.util.test.WatchDog.cancel(): canceling Thu Oct 15 15:48:28 UTC 2020
------------------ testing $PTII/ptolemy/domains/de/test/auto/CQBug1.xml
auto.tcl: Setting watchdog for 200 seconds at Thu Oct 15 15:48:28 UTC 2020
2 ms. Memory: 48128K Free: 30468K (63%)
ptolemy.util.test.WatchDog.cancel(): canceling Thu Oct 15 15:48:29 UTC 2020
auto.tcl: Setting watchdog for 200 seconds at Thu Oct 15 15:48:29 UTC 2020
2 ms. Memory: 48128K Free: 30038K (62%)
ptolemy.util.test.WatchDog.cancel(): canceling Thu Oct 15 15:48:29 UTC 2020
------------------ testing $PTII/ptolemy/domains/de/test/auto/CancelFireAt.xml
auto.tcl: Setting watchdog for 200 seconds at Thu Oct 15 15:48:29 UTC 2020
3 ms. Memory: 48128K Free: 31677K (66%)
ptolemy.util.test.WatchDog.cancel(): canceling Thu Oct 15 15:48:29 UTC 2020
auto.tcl: Setting watchdog for 200 seconds at Thu Oct 15 15:48:29 UTC 2020
2 ms. Memory: 48128K Free: 31232K (65%)
ptolemy.util.test.WatchDog.cancel(): canceling Thu Oct 15 15:48:29 UTC 2020
------------------ testing $PTII/ptolemy/domains/de/test/auto/CausalityAndComposabilityAnalysis.xml
auto.tcl: Setting watchdog for 200 seconds at Thu Oct 15 15:48:29 UTC 2020
7 ms. Memory: 48128K Free: 29907K (62%)
ptolemy.util.test.WatchDog.cancel(): canceling Thu Oct 15 15:48:29 UTC 2020
auto.tcl: Setting watchdog for 200 seconds at Thu Oct 15 15:48:29 UTC 2020
5 ms. Memory: 48128K Free: 29073K (60%)
ptolemy.util.test.WatchDog.cancel(): canceling Thu Oct 15 15:48:29 UTC 2020
------------------ testing $PTII/ptolemy/domains/de/test/auto/CausalityInterface1.xml
auto.tcl: Setting watchdog for 200 seconds at Thu Oct 15 15:48:29 UTC 2020
16 ms. Memory: 48128K Free: 28348K (59%)
ptolemy.util.test.WatchDog.cancel(): canceling Thu Oct 15 15:48:29 UTC 2020
auto.tcl: Setting watchdog for 200 seconds at Thu Oct 15 15:48:29 UTC 2020
4 ms. Memory: 48128K Free: 27370K (57%)
ptolemy.util.test.WatchDog.cancel(): canceling Thu Oct 15 15:48:29 UTC 2020
------------------ testing $PTII/ptolemy/domains/de/test/auto/CausalityInterface15.xml
auto.tcl: Setting watchdog for 200 seconds at Thu Oct 15 15:48:29 UTC 2020
12 ms. Memory: 48128K Free: 28520K (59%)
ptolemy.util.test.WatchDog.cancel(): canceling Thu Oct 15 15:48:29 UTC 2020
auto.tcl: Setting watchdog for 200 seconds at Thu Oct 15 15:48:29 UTC 2020
4 ms. Memory: 48128K Free: 27333K (57%)
ptolemy.util.test.WatchDog.cancel(): canceling Thu Oct 15 15:48:29 UTC 2020
------------------ testing $PTII/ptolemy/domains/de/test/auto/CausalityInterface2.xml
auto.tcl: Setting watchdog for 200 seconds at Thu Oct 15 15:48:29 UTC 2020
5 ms. Memory: 48128K Free: 29190K (61%)
ptolemy.util.test.WatchDog.cancel(): canceling Thu Oct 15 15:48:29 UTC 2020
auto.tcl: Setting watchdog for 200 seconds at Thu Oct 15 15:48:29 UTC 2020
4 ms. Memory: 48128K Free: 28330K (59%)
ptolemy.util.test.WatchDog.cancel(): canceling Thu Oct 15 15:48:29 UTC 2020
------------------ testing $PTII/ptolemy/domains/de/test/auto/CausalityInterface3.xml
auto.tcl: Setting watchdog for 200 seconds at Thu Oct 15 15:48:29 UTC 2020
8 ms. Memory: 48128K Free: 28531K (59%)
ptolemy.util.test.WatchDog.cancel(): canceling Thu Oct 15 15:48:29 UTC 2020
auto.tcl: Setting watchdog for 200 seconds at Thu Oct 15 15:48:29 UTC 2020
3 ms. Memory: 48128K Free: 28079K (58%)
ptolemy.util.test.WatchDog.cancel(): canceling Thu Oct 15 15:48:29 UTC 2020
------------------ testing $PTII/ptolemy/domains/de/test/auto/ClockDrift.xml
auto.tcl: Setting watchdog for 200 seconds at Thu Oct 15 15:48:29 UTC 2020
92 ms. Memory: 48128K Free: 21094K (44%)
ptolemy.util.test.WatchDog.cancel(): canceling Thu Oct 15 15:48:29 UTC 2020
auto.tcl: Setting watchdog for 200 seconds at Thu Oct 15 15:48:29 UTC 2020
62 ms. Memory: 48128K Free: 17654K (37%)
ptolemy.util.test.WatchDog.cancel(): canceling Thu Oct 15 15:48:29 UTC 2020
------------------ testing $PTII/ptolemy/domains/de/test/auto/ClockDriftAndValueChange.xml
auto.tcl: Setting watchdog for 200 seconds at Thu Oct 15 15:48:29 UTC 2020
35 ms. Memory: 48128K Free: 21194K (44%)
ptolemy.util.test.WatchDog.cancel(): canceling Thu Oct 15 15:48:29 UTC 2020
auto.tcl: Setting watchdog for 200 seconds at Thu Oct 15 15:48:29 UTC 2020
34 ms. Memory: 48128K Free: 18359K (38%)
ptolemy.util.test.WatchDog.cancel(): canceling Thu Oct 15 15:48:29 UTC 2020
------------------ testing $PTII/ptolemy/domains/de/test/auto/ClockDriftChange.xml
auto.tcl: Setting watchdog for 200 seconds at Thu Oct 15 15:48:30 UTC 2020
18 ms. Memory: 48128K Free: 23006K (48%)
ptolemy.util.test.WatchDog.cancel(): canceling Thu Oct 15 15:48:30 UTC 2020
auto.tcl: Setting watchdog for 200 seconds at Thu Oct 15 15:48:30 UTC 2020
16 ms. Memory: 48128K Free: 20454K (42%)
ptolemy.util.test.WatchDog.cancel(): canceling Thu Oct 15 15:48:30 UTC 2020
------------------ testing $PTII/ptolemy/domains/de/test/auto/ComposableCausalityAnalysis.xml
auto.tcl: Setting watchdog for 200 seconds at Thu Oct 15 15:48:30 UTC 2020
3 ms. Memory: 48128K Free: 27681K (58%)
ptolemy.util.test.WatchDog.cancel(): canceling Thu Oct 15 15:48:30 UTC 2020
auto.tcl: Setting watchdog for 200 seconds at Thu Oct 15 15:48:30 UTC 2020
4 ms. Memory: 48128K Free: 26590K (55%)
ptolemy.util.test.WatchDog.cancel(): canceling Thu Oct 15 15:48:30 UTC 2020
------------------ testing $PTII/ptolemy/domains/de/test/auto/DEFixedPointLimitation.xml
auto.tcl: Setting watchdog for 200 seconds at Thu Oct 15 15:48:30 UTC 2020
3 ms. Memory: 48128K Free: 28991K (60%)
ptolemy.util.test.WatchDog.cancel(): canceling Thu Oct 15 15:48:30 UTC 2020
auto.tcl: Setting watchdog for 200 seconds at Thu Oct 15 15:48:30 UTC 2020
2 ms. Memory: 48128K Free: 28077K (58%)
ptolemy.util.test.WatchDog.cancel(): canceling Thu Oct 15 15:48:30 UTC 2020
------------------ testing $PTII/ptolemy/domains/de/test/auto/DEScheduleTest.xml
auto.tcl: Setting watchdog for 200 seconds at Thu Oct 15 15:48:30 UTC 2020
7 ms. Memory: 48128K Free: 29262K (61%)
ptolemy.util.test.WatchDog.cancel(): canceling Thu Oct 15 15:48:30 UTC 2020
auto.tcl: Setting watchdog for 200 seconds at Thu Oct 15 15:48:30 UTC 2020
3 ms. Memory: 48128K Free: 28505K (59%)
ptolemy.util.test.WatchDog.cancel(): canceling Thu Oct 15 15:48:30 UTC 2020
------------------ testing $PTII/ptolemy/domains/de/test/auto/DEinDEwithStartTimes.xml
auto.tcl: Setting watchdog for 200 seconds at Thu Oct 15 15:48:30 UTC 2020
7 ms. Memory: 48128K Free: 27432K (57%)
ptolemy.util.test.WatchDog.cancel(): canceling Thu Oct 15 15:48:30 UTC 2020
auto.tcl: Setting watchdog for 200 seconds at Thu Oct 15 15:48:30 UTC 2020
8 ms. Memory: 48128K Free: 26408K (55%)
ptolemy.util.test.WatchDog.cancel(): canceling Thu Oct 15 15:48:30 UTC 2020
------------------ testing $PTII/ptolemy/domains/de/test/auto/DEinDEwithStartTimes2.xml
auto.tcl: Setting watchdog for 200 seconds at Thu Oct 15 15:48:30 UTC 2020
8 ms. Memory: 48128K Free: 26626K (55%)
ptolemy.util.test.WatchDog.cancel(): canceling Thu Oct 15 15:48:30 UTC 2020
auto.tcl: Setting watchdog for 200 seconds at Thu Oct 15 15:48:30 UTC 2020
9 ms. Memory: 48128K Free: 25361K (53%)
ptolemy.util.test.WatchDog.cancel(): canceling Thu Oct 15 15:48:30 UTC 2020
------------------ testing $PTII/ptolemy/domains/de/test/auto/DateDemo.xml
auto.tcl: Setting watchdog for 200 seconds at Thu Oct 15 15:48:30 UTC 2020
21 ms. Memory: 48128K Free: 21304K (44%)
ptolemy.util.test.WatchDog.cancel(): canceling Thu Oct 15 15:48:30 UTC 2020
auto.tcl: Setting watchdog for 200 seconds at Thu Oct 15 15:48:30 UTC 2020
13 ms. Memory: 48128K Free: 19423K (40%)
ptolemy.util.test.WatchDog.cancel(): canceling Thu Oct 15 15:48:30 UTC 2020
------------------ testing $PTII/ptolemy/domains/de/test/auto/DateToEvent.xml
auto.tcl: Setting watchdog for 200 seconds at Thu Oct 15 15:48:30 UTC 2020
2018 ms. Memory: 48128K Free: 16925K (35%)
ptolemy.util.test.WatchDog.cancel(): canceling Thu Oct 15 15:48:32 UTC 2020
auto.tcl: Setting watchdog for 200 seconds at Thu Oct 15 15:48:32 UTC 2020
2005 ms. Memory: 48128K Free: 16144K (34%)
ptolemy.util.test.WatchDog.cancel(): canceling Thu Oct 15 15:48:34 UTC 2020
------------------ testing $PTII/ptolemy/domains/de/test/auto/DepthTest1.xml
auto.tcl: Setting watchdog for 200 seconds at Thu Oct 15 15:48:34 UTC 2020
4 ms. Memory: 48128K Free: 30072K (62%)
ptolemy.util.test.WatchDog.cancel(): canceling Thu Oct 15 15:48:34 UTC 2020
auto.tcl: Setting watchdog for 200 seconds at Thu Oct 15 15:48:34 UTC 2020
2 ms. Memory: 48128K Free: 29684K (62%)
ptolemy.util.test.WatchDog.cancel(): canceling Thu Oct 15 15:48:34 UTC 2020
------------------ testing $PTII/ptolemy/domains/de/test/auto/DepthTest2.xml
auto.tcl: Setting watchdog for 200 seconds at Thu Oct 15 15:48:34 UTC 2020
7 ms. Memory: 48128K Free: 26894K (56%)
ptolemy.util.test.WatchDog.cancel(): canceling Thu Oct 15 15:48:34 UTC 2020
auto.tcl: Setting watchdog for 200 seconds at Thu Oct 15 15:48:34 UTC 2020
3 ms. Memory: 48128K Free: 26459K (55%)
ptolemy.util.test.WatchDog.cancel(): canceling Thu Oct 15 15:48:34 UTC 2020
------------------ testing $PTII/ptolemy/domains/de/test/auto/DepthTest3.xml
auto.tcl: Setting watchdog for 200 seconds at Thu Oct 15 15:48:35 UTC 2020
5 ms. Memory: 48128K Free: 30402K (63%)
ptolemy.util.test.WatchDog.cancel(): canceling Thu Oct 15 15:48:35 UTC 2020
auto.tcl: Setting watchdog for 200 seconds at Thu Oct 15 15:48:35 UTC 2020
1 ms. Memory: 48128K Free: 30015K (62%)
ptolemy.util.test.WatchDog.cancel(): canceling Thu Oct 15 15:48:35 UTC 2020
------------------ testing $PTII/ptolemy/domains/de/test/auto/DepthTest4.xml
auto.tcl: Setting watchdog for 200 seconds at Thu Oct 15 15:48:35 UTC 2020
6 ms. Memory: 48128K Free: 28753K (60%)
ptolemy.util.test.WatchDog.cancel(): canceling Thu Oct 15 15:48:35 UTC 2020
auto.tcl: Setting watchdog for 200 seconds at Thu Oct 15 15:48:35 UTC 2020
2 ms. Memory: 48128K Free: 28018K (58%)
ptolemy.util.test.WatchDog.cancel(): canceling Thu Oct 15 15:48:35 UTC 2020
------------------ testing $PTII/ptolemy/domains/de/test/auto/DepthTest5.xml
auto.tcl: Setting watchdog for 200 seconds at Thu Oct 15 15:48:35 UTC 2020
3 ms. Memory: 48128K Free: 28150K (58%)
ptolemy.util.test.WatchDog.cancel(): canceling Thu Oct 15 15:48:35 UTC 2020
auto.tcl: Setting watchdog for 200 seconds at Thu Oct 15 15:48:35 UTC 2020
3 ms. Memory: 48128K Free: 27364K (57%)
ptolemy.util.test.WatchDog.cancel(): canceling Thu Oct 15 15:48:35 UTC 2020
------------------ testing $PTII/ptolemy/domains/de/test/auto/DepthTest6.xml
auto.tcl: Setting watchdog for 200 seconds at Thu Oct 15 15:48:35 UTC 2020
7 ms. Memory: 48128K Free: 27871K (58%)
ptolemy.util.test.WatchDog.cancel(): canceling Thu Oct 15 15:48:35 UTC 2020
auto.tcl: Setting watchdog for 200 seconds at Thu Oct 15 15:48:35 UTC 2020
5 ms. Memory: 48128K Free: 27452K (57%)
ptolemy.util.test.WatchDog.cancel(): canceling Thu Oct 15 15:48:35 UTC 2020
------------------ testing $PTII/ptolemy/domains/de/test/auto/DepthTest7.xml
auto.tcl: Setting watchdog for 200 seconds at Thu Oct 15 15:48:35 UTC 2020
3 ms. Memory: 48128K Free: 28678K (60%)
ptolemy.util.test.WatchDog.cancel(): canceling Thu Oct 15 15:48:35 UTC 2020
auto.tcl: Setting watchdog for 200 seconds at Thu Oct 15 15:48:35 UTC 2020
3 ms. Memory: 48128K Free: 27944K (58%)
ptolemy.util.test.WatchDog.cancel(): canceling Thu Oct 15 15:48:35 UTC 2020
------------------ testing $PTII/ptolemy/domains/de/test/auto/EventToDate.xml
auto.tcl: Setting watchdog for 200 seconds at Thu Oct 15 15:48:35 UTC 2020
3009 ms. Memory: 48128K Free: 19247K (40%)
ptolemy.util.test.WatchDog.cancel(): canceling Thu Oct 15 15:48:38 UTC 2020
auto.tcl: Setting watchdog for 200 seconds at Thu Oct 15 15:48:38 UTC 2020
3003 ms. Memory: 48128K Free: 18762K (39%)
ptolemy.util.test.WatchDog.cancel(): canceling Thu Oct 15 15:48:41 UTC 2020
------------------ testing $PTII/ptolemy/domains/de/test/auto/FSM1.xml
auto.tcl: Setting watchdog for 200 seconds at Thu Oct 15 15:48:41 UTC 2020
51 ms. Memory: 48128K Free: 20166K (42%)
ptolemy.util.test.WatchDog.cancel(): canceling Thu Oct 15 15:48:41 UTC 2020
auto.tcl: Setting watchdog for 200 seconds at Thu Oct 15 15:48:41 UTC 2020
24 ms. Memory: 48128K Free: 16810K (35%)
ptolemy.util.test.WatchDog.cancel(): canceling Thu Oct 15 15:48:41 UTC 2020
------------------ testing $PTII/ptolemy/domains/de/test/auto/FSM7.xml
auto.tcl: Setting watchdog for 200 seconds at Thu Oct 15 15:48:41 UTC 2020
16 ms. Memory: 48128K Free: 20367K (42%)
ptolemy.util.test.WatchDog.cancel(): canceling Thu Oct 15 15:48:41 UTC 2020
auto.tcl: Setting watchdog for 200 seconds at Thu Oct 15 15:48:41 UTC 2020
24 ms. Memory: 48128K Free: 17253K (36%)
ptolemy.util.test.WatchDog.cancel(): canceling Thu Oct 15 15:48:41 UTC 2020
------------------ testing $PTII/ptolemy/domains/de/test/auto/Inspection.xml
auto.tcl: Setting watchdog for 200 seconds at Thu Oct 15 15:48:41 UTC 2020
24 ms. Memory: 48128K Free: 20385K (42%)
ptolemy.util.test.WatchDog.cancel(): canceling Thu Oct 15 15:48:41 UTC 2020
auto.tcl: Setting watchdog for 200 seconds at Thu Oct 15 15:48:41 UTC 2020
40 ms. Memory: 48128K Free: 18661K (39%)
ptolemy.util.test.WatchDog.cancel(): canceling Thu Oct 15 15:48:41 UTC 2020
------------------ testing $PTII/ptolemy/domains/de/test/auto/Iteration.xml
auto.tcl: Setting watchdog for 200 seconds at Thu Oct 15 15:48:41 UTC 2020
8 ms. Memory: 48128K Free: 26138K (54%)
ptolemy.util.test.WatchDog.cancel(): canceling Thu Oct 15 15:48:41 UTC 2020
auto.tcl: Setting watchdog for 200 seconds at Thu Oct 15 15:48:41 UTC 2020
6 ms. Memory: 48128K Free: 25105K (52%)
ptolemy.util.test.WatchDog.cancel(): canceling Thu Oct 15 15:48:42 UTC 2020
------------------ testing $PTII/ptolemy/domains/de/test/auto/LineFault.xml
auto.tcl: Setting watchdog for 200 seconds at Thu Oct 15 15:48:42 UTC 2020
683 ms. Memory: 48128K Free: 24118K (50%)
ptolemy.util.test.WatchDog.cancel(): canceling Thu Oct 15 15:48:42 UTC 2020
auto.tcl: Setting watchdog for 200 seconds at Thu Oct 15 15:48:42 UTC 2020
634 ms. Memory: 62464K Free: 24474K (39%)
ptolemy.util.test.WatchDog.cancel(): canceling Thu Oct 15 15:48:43 UTC 2020
------------------ testing $PTII/ptolemy/domains/de/test/auto/MergeModel1Add.xml
auto.tcl: Setting watchdog for 200 seconds at Thu Oct 15 15:48:43 UTC 2020
18 ms. Memory: 55296K Free: 19292K (35%)
ptolemy.util.test.WatchDog.cancel(): canceling Thu Oct 15 15:48:43 UTC 2020
auto.tcl: Setting watchdog for 200 seconds at Thu Oct 15 15:48:43 UTC 2020
14 ms. Memory: 55296K Free: 17638K (32%)
ptolemy.util.test.WatchDog.cancel(): canceling Thu Oct 15 15:48:43 UTC 2020
------------------ testing $PTII/ptolemy/domains/de/test/auto/MergeModel2Add.xml
auto.tcl: Setting watchdog for 200 seconds at Thu Oct 15 15:48:43 UTC 2020
9 ms. Memory: 55296K Free: 21089K (38%)
ptolemy.util.test.WatchDog.cancel(): canceling Thu Oct 15 15:48:43 UTC 2020
auto.tcl: Setting watchdog for 200 seconds at Thu Oct 15 15:48:43 UTC 2020
9 ms. Memory: 55296K Free: 19368K (35%)
ptolemy.util.test.WatchDog.cancel(): canceling Thu Oct 15 15:48:43 UTC 2020
------------------ testing $PTII/ptolemy/domains/de/test/auto/MergeModel3Add.xml
auto.tcl: Setting watchdog for 200 seconds at Thu Oct 15 15:48:43 UTC 2020
8 ms. Memory: 55296K Free: 21336K (39%)
ptolemy.util.test.WatchDog.cancel(): canceling Thu Oct 15 15:48:43 UTC 2020
auto.tcl: Setting watchdog for 200 seconds at Thu Oct 15 15:48:43 UTC 2020
9 ms. Memory: 55296K Free: 19949K (36%)
ptolemy.util.test.WatchDog.cancel(): canceling Thu Oct 15 15:48:43 UTC 2020
------------------ testing $PTII/ptolemy/domains/de/test/auto/MergeWithoutDiscard.xml
auto.tcl: Setting watchdog for 200 seconds at Thu Oct 15 15:48:44 UTC 2020
1 ms. Memory: 51200K Free: 31619K (62%)
ptolemy.util.test.WatchDog.cancel(): canceling Thu Oct 15 15:48:44 UTC 2020
auto.tcl: Setting watchdog for 200 seconds at Thu Oct 15 15:48:44 UTC 2020
1 ms. Memory: 51200K Free: 31186K (61%)
ptolemy.util.test.WatchDog.cancel(): canceling Thu Oct 15 15:48:44 UTC 2020
------------------ testing $PTII/ptolemy/domains/de/test/auto/Modal1.xml
auto.tcl: Setting watchdog for 200 seconds at Thu Oct 15 15:48:44 UTC 2020
12 ms. Memory: 51200K Free: 24224K (47%)
ptolemy.util.test.WatchDog.cancel(): canceling Thu Oct 15 15:48:44 UTC 2020
auto.tcl: Setting watchdog for 200 seconds at Thu Oct 15 15:48:44 UTC 2020
11 ms. Memory: 51200K Free: 20719K (40%)
ptolemy.util.test.WatchDog.cancel(): canceling Thu Oct 15 15:48:44 UTC 2020
------------------ testing $PTII/ptolemy/domains/de/test/auto/Modal2.xml
auto.tcl: Setting watchdog for 200 seconds at Thu Oct 15 15:48:44 UTC 2020
19 ms. Memory: 51200K Free: 24140K (47%)
ptolemy.util.test.WatchDog.cancel(): canceling Thu Oct 15 15:48:44 UTC 2020
auto.tcl: Setting watchdog for 200 seconds at Thu Oct 15 15:48:44 UTC 2020
19 ms. Memory: 51200K Free: 20618K (40%)
ptolemy.util.test.WatchDog.cancel(): canceling Thu Oct 15 15:48:44 UTC 2020
------------------ testing $PTII/ptolemy/domains/de/test/auto/Modal3.xml
auto.tcl: Setting watchdog for 200 seconds at Thu Oct 15 15:48:44 UTC 2020
14 ms. Memory: 51200K Free: 23848K (47%)
ptolemy.util.test.WatchDog.cancel(): canceling Thu Oct 15 15:48:44 UTC 2020
auto.tcl: Setting watchdog for 200 seconds at Thu Oct 15 15:48:44 UTC 2020
12 ms. Memory: 51200K Free: 20645K (40%)
ptolemy.util.test.WatchDog.cancel(): canceling Thu Oct 15 15:48:44 UTC 2020
------------------ testing $PTII/ptolemy/domains/de/test/auto/Modal4.xml
auto.tcl: Setting watchdog for 200 seconds at Thu Oct 15 15:48:44 UTC 2020
23 ms. Memory: 51200K Free: 22797K (45%)
ptolemy.util.test.WatchDog.cancel(): canceling Thu Oct 15 15:48:44 UTC 2020
auto.tcl: Setting watchdog for 200 seconds at Thu Oct 15 15:48:44 UTC 2020
22 ms. Memory: 51200K Free: 18976K (37%)
ptolemy.util.test.WatchDog.cancel(): canceling Thu Oct 15 15:48:44 UTC 2020
------------------ testing $PTII/ptolemy/domains/de/test/auto/Modal5.xml
auto.tcl: Setting watchdog for 200 seconds at Thu Oct 15 15:48:44 UTC 2020
12 ms. Memory: 51200K Free: 22807K (45%)
ptolemy.util.test.WatchDog.cancel(): canceling Thu Oct 15 15:48:44 UTC 2020
auto.tcl: Setting watchdog for 200 seconds at Thu Oct 15 15:48:44 UTC 2020
11 ms. Memory: 51200K Free: 19195K (37%)
ptolemy.util.test.WatchDog.cancel(): canceling Thu Oct 15 15:48:44 UTC 2020
------------------ testing $PTII/ptolemy/domains/de/test/auto/Modal6.xml
auto.tcl: Setting watchdog for 200 seconds at Thu Oct 15 15:48:44 UTC 2020
11 ms. Memory: 51200K Free: 23608K (46%)
ptolemy.util.test.WatchDog.cancel(): canceling Thu Oct 15 15:48:44 UTC 2020
auto.tcl: Setting watchdog for 200 seconds at Thu Oct 15 15:48:44 UTC 2020
14 ms. Memory: 51200K Free: 19985K (39%)
ptolemy.util.test.WatchDog.cancel(): canceling Thu Oct 15 15:48:44 UTC 2020
------------------ testing $PTII/ptolemy/domains/de/test/auto/Modal7.xml
auto.tcl: Setting watchdog for 200 seconds at Thu Oct 15 15:48:44 UTC 2020
15 ms. Memory: 51200K Free: 22585K (44%)
ptolemy.util.test.WatchDog.cancel(): canceling Thu Oct 15 15:48:44 UTC 2020
auto.tcl: Setting watchdog for 200 seconds at Thu Oct 15 15:48:44 UTC 2020
9 ms. Memory: 51200K Free: 19243K (38%)
ptolemy.util.test.WatchDog.cancel(): canceling Thu Oct 15 15:48:44 UTC 2020
------------------ testing $PTII/ptolemy/domains/de/test/auto/ModalModel.xml
auto.tcl: Setting watchdog for 200 seconds at Thu Oct 15 15:48:44 UTC 2020
207 ms. Memory: 51200K Free: 13005K (25%)
ptolemy.util.test.WatchDog.cancel(): canceling Thu Oct 15 15:48:45 UTC 2020
auto.tcl: Setting watchdog for 200 seconds at Thu Oct 15 15:48:45 UTC 2020
204 ms. Memory: 65536K Free: 45216K (69%)
ptolemy.util.test.WatchDog.cancel(): canceling Thu Oct 15 15:48:45 UTC 2020
------------------ testing $PTII/ptolemy/domains/de/test/auto/ModalSource.xml
auto.tcl: Setting watchdog for 200 seconds at Thu Oct 15 15:48:45 UTC 2020
11 ms. Memory: 55296K Free: 31732K (57%)
ptolemy.util.test.WatchDog.cancel(): canceling Thu Oct 15 15:48:45 UTC 2020
auto.tcl: Setting watchdog for 200 seconds at Thu Oct 15 15:48:45 UTC 2020
6 ms. Memory: 55296K Free: 29684K (54%)
ptolemy.util.test.WatchDog.cancel(): canceling Thu Oct 15 15:48:45 UTC 2020
------------------ testing $PTII/ptolemy/domains/de/test/auto/NonInterruptibleTimerZeroDelay.xml
auto.tcl: Setting watchdog for 200 seconds at Thu Oct 15 15:48:45 UTC 2020
4 ms. Memory: 51200K Free: 32820K (64%)
ptolemy.util.test.WatchDog.cancel(): canceling Thu Oct 15 15:48:45 UTC 2020
auto.tcl: Setting watchdog for 200 seconds at Thu Oct 15 15:48:45 UTC 2020
3 ms. Memory: 51200K Free: 31914K (62%)
ptolemy.util.test.WatchDog.cancel(): canceling Thu Oct 15 15:48:45 UTC 2020
------------------ testing $PTII/ptolemy/domains/de/test/auto/OpenQueueingNetwork.xml
auto.tcl: Setting watchdog for 200 seconds at Thu Oct 15 15:48:45 UTC 2020
2792 ms. Memory: 103424K Free: 62480K (60%)
ptolemy.util.test.WatchDog.cancel(): canceling Thu Oct 15 15:48:48 UTC 2020
auto.tcl: Setting watchdog for 200 seconds at Thu Oct 15 15:48:48 UTC 2020
2305 ms. Memory: 124928K Free: 88508K (71%)
ptolemy.util.test.WatchDog.cancel(): canceling Thu Oct 15 15:48:50 UTC 2020
------------------ testing $PTII/ptolemy/domains/de/test/auto/OpenQueuingNetwork.xml
auto.tcl: Setting watchdog for 200 seconds at Thu Oct 15 15:48:50 UTC 2020
214 ms. Memory: 58368K Free: 32383K (55%)
ptolemy.util.test.WatchDog.cancel(): canceling Thu Oct 15 15:48:50 UTC 2020
auto.tcl: Setting watchdog for 200 seconds at Thu Oct 15 15:48:50 UTC 2020
207 ms. Memory: 58368K Free: 14236K (24%)
ptolemy.util.test.WatchDog.cancel(): canceling Thu Oct 15 15:48:51 UTC 2020
------------------ testing $PTII/ptolemy/domains/de/test/auto/PeriodicSampler.xml
auto.tcl: Setting watchdog for 200 seconds at Thu Oct 15 15:48:51 UTC 2020
3 ms. Memory: 51200K Free: 31770K (62%)
ptolemy.util.test.WatchDog.cancel(): canceling Thu Oct 15 15:48:51 UTC 2020
auto.tcl: Setting watchdog for 200 seconds at Thu Oct 15 15:48:51 UTC 2020
2 ms. Memory: 51200K Free: 31242K (61%)
ptolemy.util.test.WatchDog.cancel(): canceling Thu Oct 15 15:48:51 UTC 2020
------------------ testing $PTII/ptolemy/domains/de/test/auto/PersistentIO.xml
auto.tcl: Setting watchdog for 200 seconds at Thu Oct 15 15:48:51 UTC 2020
13 ms. Memory: 51200K Free: 26678K (52%)
ptolemy.util.test.WatchDog.cancel(): canceling Thu Oct 15 15:48:51 UTC 2020
auto.tcl: Setting watchdog for 200 seconds at Thu Oct 15 15:48:51 UTC 2020
4 ms. Memory: 51200K Free: 25174K (49%)
ptolemy.util.test.WatchDog.cancel(): canceling Thu Oct 15 15:48:51 UTC 2020
------------------ testing $PTII/ptolemy/domains/de/test/auto/PortParameterResetOnInitialize.xml
auto.tcl: Setting watchdog for 200 seconds at Thu Oct 15 15:48:51 UTC 2020
7 ms. Memory: 51200K Free: 31678K (62%)
ptolemy.util.test.WatchDog.cancel(): canceling Thu Oct 15 15:48:51 UTC 2020
auto.tcl: Setting watchdog for 200 seconds at Thu Oct 15 15:48:51 UTC 2020
1 ms. Memory: 51200K Free: 31182K (61%)
ptolemy.util.test.WatchDog.cancel(): canceling Thu Oct 15 15:48:51 UTC 2020
------------------ testing $PTII/ptolemy/domains/de/test/auto/PortParameterUpdates.xml
auto.tcl: Setting watchdog for 200 seconds at Thu Oct 15 15:48:51 UTC 2020
4 ms. Memory: 51200K Free: 29762K (58%)
ptolemy.util.test.WatchDog.cancel(): canceling Thu Oct 15 15:48:51 UTC 2020
auto.tcl: Setting watchdog for 200 seconds at Thu Oct 15 15:48:51 UTC 2020
3 ms. Memory: 51200K Free: 28722K (56%)
ptolemy.util.test.WatchDog.cancel(): canceling Thu Oct 15 15:48:51 UTC 2020
------------------ testing $PTII/ptolemy/domains/de/test/auto/QueueAndServer.xml
auto.tcl: Setting watchdog for 200 seconds at Thu Oct 15 15:48:51 UTC 2020
17 ms. Memory: 51200K Free: 28716K (56%)
ptolemy.util.test.WatchDog.cancel(): canceling Thu Oct 15 15:48:51 UTC 2020
auto.tcl: Setting watchdog for 200 seconds at Thu Oct 15 15:48:51 UTC 2020
6 ms. Memory: 51200K Free: 27182K (53%)
ptolemy.util.test.WatchDog.cancel(): canceling Thu Oct 15 15:48:51 UTC 2020
------------------ testing $PTII/ptolemy/domains/de/test/auto/Records.xml
auto.tcl: Setting watchdog for 200 seconds at Thu Oct 15 15:48:51 UTC 2020
5 ms. Memory: 51200K Free: 30922K (60%)
ptolemy.util.test.WatchDog.cancel(): canceling Thu Oct 15 15:48:51 UTC 2020
auto.tcl: Setting watchdog for 200 seconds at Thu Oct 15 15:48:51 UTC 2020
3 ms. Memory: 51200K Free: 30410K (59%)
ptolemy.util.test.WatchDog.cancel(): canceling Thu Oct 15 15:48:51 UTC 2020
------------------ testing $PTII/ptolemy/domains/de/test/auto/ResetTransitionWithStartTime1.xml
auto.tcl: Setting watchdog for 200 seconds at Thu Oct 15 15:48:51 UTC 2020
11 ms. Memory: 51200K Free: 28179K (55%)
ptolemy.util.test.WatchDog.cancel(): canceling Thu Oct 15 15:48:51 UTC 2020
auto.tcl: Setting watchdog for 200 seconds at Thu Oct 15 15:48:51 UTC 2020
6 ms. Memory: 51200K Free: 26131K (51%)
ptolemy.util.test.WatchDog.cancel(): canceling Thu Oct 15 15:48:51 UTC 2020
------------------ testing $PTII/ptolemy/domains/de/test/auto/ResetTransitionWithStartTime2.xml
auto.tcl: Setting watchdog for 200 seconds at Thu Oct 15 15:48:51 UTC 2020
9 ms. Memory: 51200K Free: 28134K (55%)
ptolemy.util.test.WatchDog.cancel(): canceling Thu Oct 15 15:48:51 UTC 2020
auto.tcl: Setting watchdog for 200 seconds at Thu Oct 15 15:48:51 UTC 2020
5 ms. Memory: 51200K Free: 26086K (51%)
ptolemy.util.test.WatchDog.cancel(): canceling Thu Oct 15 15:48:51 UTC 2020
------------------ testing $PTII/ptolemy/domains/de/test/auto/ResetTransitionWithStartTime3.xml
auto.tcl: Setting watchdog for 200 seconds at Thu Oct 15 15:48:51 UTC 2020
8 ms. Memory: 51200K Free: 28133K (55%)
ptolemy.util.test.WatchDog.cancel(): canceling Thu Oct 15 15:48:52 UTC 2020
auto.tcl: Setting watchdog for 200 seconds at Thu Oct 15 15:48:52 UTC 2020
5 ms. Memory: 51200K Free: 26085K (51%)
ptolemy.util.test.WatchDog.cancel(): canceling Thu Oct 15 15:48:52 UTC 2020
------------------ testing $PTII/ptolemy/domains/de/test/auto/ResetTransitionWithStartTime4.xml
auto.tcl: Setting watchdog for 200 seconds at Thu Oct 15 15:48:52 UTC 2020
10 ms. Memory: 51200K Free: 28581K (56%)
ptolemy.util.test.WatchDog.cancel(): canceling Thu Oct 15 15:48:52 UTC 2020
auto.tcl: Setting watchdog for 200 seconds at Thu Oct 15 15:48:52 UTC 2020
5 ms. Memory: 51200K Free: 27111K (53%)
ptolemy.util.test.WatchDog.cancel(): canceling Thu Oct 15 15:48:52 UTC 2020
------------------ testing $PTII/ptolemy/domains/de/test/auto/ResettableTimer1.xml
auto.tcl: Setting watchdog for 200 seconds at Thu Oct 15 15:48:52 UTC 2020
5 ms. Memory: 51200K Free: 32307K (63%)
ptolemy.util.test.WatchDog.cancel(): canceling Thu Oct 15 15:48:52 UTC 2020
auto.tcl: Setting watchdog for 200 seconds at Thu Oct 15 15:48:52 UTC 2020
2 ms. Memory: 51200K Free: 31680K (62%)
ptolemy.util.test.WatchDog.cancel(): canceling Thu Oct 15 15:48:52 UTC 2020
------------------ testing $PTII/ptolemy/domains/de/test/auto/ResettableTimer2.xml
auto.tcl: Setting watchdog for 200 seconds at Thu Oct 15 15:48:52 UTC 2020
2 ms. Memory: 51200K Free: 32366K (63%)
ptolemy.util.test.WatchDog.cancel(): canceling Thu Oct 15 15:48:52 UTC 2020
auto.tcl: Setting watchdog for 200 seconds at Thu Oct 15 15:48:52 UTC 2020
2 ms. Memory: 51200K Free: 31739K (62%)
ptolemy.util.test.WatchDog.cancel(): canceling Thu Oct 15 15:48:52 UTC 2020
------------------ testing $PTII/ptolemy/domains/de/test/auto/ResettableTimer3.xml
auto.tcl: Setting watchdog for 200 seconds at Thu Oct 15 15:48:52 UTC 2020
1 ms. Memory: 51200K Free: 32266K (63%)
ptolemy.util.test.WatchDog.cancel(): canceling Thu Oct 15 15:48:52 UTC 2020
auto.tcl: Setting watchdog for 200 seconds at Thu Oct 15 15:48:52 UTC 2020
1 ms. Memory: 51200K Free: 32266K (63%)
ptolemy.util.test.WatchDog.cancel(): canceling Thu Oct 15 15:48:52 UTC 2020
------------------ testing $PTII/ptolemy/domains/de/test/auto/ResettableTimer4.xml
auto.tcl: Setting watchdog for 200 seconds at Thu Oct 15 15:48:52 UTC 2020
1 ms. Memory: 51200K Free: 32279K (63%)
ptolemy.util.test.WatchDog.cancel(): canceling Thu Oct 15 15:48:52 UTC 2020
auto.tcl: Setting watchdog for 200 seconds at Thu Oct 15 15:48:52 UTC 2020
1 ms. Memory: 51200K Free: 31770K (62%)
ptolemy.util.test.WatchDog.cancel(): canceling Thu Oct 15 15:48:52 UTC 2020
------------------ testing $PTII/ptolemy/domains/de/test/auto/ResettableTimer5.xml
auto.tcl: Setting watchdog for 200 seconds at Thu Oct 15 15:48:52 UTC 2020
2 ms. Memory: 51200K Free: 31764K (62%)
ptolemy.util.test.WatchDog.cancel(): canceling Thu Oct 15 15:48:52 UTC 2020
auto.tcl: Setting watchdog for 200 seconds at Thu Oct 15 15:48:52 UTC 2020
2 ms. Memory: 51200K Free: 31764K (62%)
ptolemy.util.test.WatchDog.cancel(): canceling Thu Oct 15 15:48:52 UTC 2020
------------------ testing $PTII/ptolemy/domains/de/test/auto/ResettableTimer6.xml
auto.tcl: Setting watchdog for 200 seconds at Thu Oct 15 15:48:52 UTC 2020
2 ms. Memory: 51200K Free: 31754K (62%)
ptolemy.util.test.WatchDog.cancel(): canceling Thu Oct 15 15:48:52 UTC 2020
auto.tcl: Setting watchdog for 200 seconds at Thu Oct 15 15:48:52 UTC 2020
2 ms. Memory: 51200K Free: 31244K (61%)
ptolemy.util.test.WatchDog.cancel(): canceling Thu Oct 15 15:48:52 UTC 2020
------------------ testing $PTII/ptolemy/domains/de/test/auto/ServerZeroDelay.xml
auto.tcl: Setting watchdog for 200 seconds at Thu Oct 15 15:48:52 UTC 2020
4 ms. Memory: 51200K Free: 32259K (63%)
ptolemy.util.test.WatchDog.cancel(): canceling Thu Oct 15 15:48:52 UTC 2020
auto.tcl: Setting watchdog for 200 seconds at Thu Oct 15 15:48:52 UTC 2020
3 ms. Memory: 51200K Free: 31235K (61%)
ptolemy.util.test.WatchDog.cancel(): canceling Thu Oct 15 15:48:52 UTC 2020
------------------ testing $PTII/ptolemy/domains/de/test/auto/SmartSender.xml
auto.tcl: Setting watchdog for 200 seconds at Thu Oct 15 15:48:52 UTC 2020
3002 ms. Memory: 51200K Free: 32254K (63%)
ptolemy.util.test.WatchDog.cancel(): canceling Thu Oct 15 15:48:55 UTC 2020
auto.tcl: Setting watchdog for 200 seconds at Thu Oct 15 15:48:55 UTC 2020
3001 ms. Memory: 51200K Free: 31726K (62%)
ptolemy.util.test.WatchDog.cancel(): canceling Thu Oct 15 15:48:58 UTC 2020
------------------ testing $PTII/ptolemy/domains/de/test/auto/ThreadedComposite.xml
auto.tcl: Setting watchdog for 200 seconds at Thu Oct 15 15:48:58 UTC 2020
195 ms. Memory: 51200K Free: 13322K (26%)
ptolemy.util.test.WatchDog.cancel(): canceling Thu Oct 15 15:48:58 UTC 2020
auto.tcl: Setting watchdog for 200 seconds at Thu Oct 15 15:48:58 UTC 2020
145 ms. Memory: 51200K Free: 28166K (55%)
ptolemy.util.test.WatchDog.cancel(): canceling Thu Oct 15 15:48:59 UTC 2020
------------------ testing $PTII/ptolemy/domains/de/test/auto/Time.xml
auto.tcl: Setting watchdog for 200 seconds at Thu Oct 15 15:48:59 UTC 2020
432 ms. Memory: 51200K Free: 7491K (15%)
ptolemy.util.test.WatchDog.cancel(): canceling Thu Oct 15 15:48:59 UTC 2020
auto.tcl: Setting watchdog for 200 seconds at Thu Oct 15 15:48:59 UTC 2020
573 ms. Memory: 71680K Free: 44191K (62%)
ptolemy.util.test.WatchDog.cancel(): canceling Thu Oct 15 15:49:00 UTC 2020
------------------ testing $PTII/ptolemy/domains/de/test/auto/TimeDelayZeroDelay.xml
auto.tcl: Setting watchdog for 200 seconds at Thu Oct 15 15:49:00 UTC 2020
2 ms. Memory: 51200K Free: 32680K (64%)
ptolemy.util.test.WatchDog.cancel(): canceling Thu Oct 15 15:49:00 UTC 2020
auto.tcl: Setting watchdog for 200 seconds at Thu Oct 15 15:49:00 UTC 2020
1 ms. Memory: 51200K Free: 31828K (62%)
ptolemy.util.test.WatchDog.cancel(): canceling Thu Oct 15 15:49:00 UTC 2020
------------------ testing $PTII/ptolemy/domains/de/test/auto/TimerZeroDelay.xml
auto.tcl: Setting watchdog for 200 seconds at Thu Oct 15 15:49:00 UTC 2020
2 ms. Memory: 51200K Free: 32624K (64%)
ptolemy.util.test.WatchDog.cancel(): canceling Thu Oct 15 15:49:00 UTC 2020
auto.tcl: Setting watchdog for 200 seconds at Thu Oct 15 15:49:00 UTC 2020
2 ms. Memory: 51200K Free: 31885K (62%)
ptolemy.util.test.WatchDog.cancel(): canceling Thu Oct 15 15:49:00 UTC 2020
------------------ testing $PTII/ptolemy/domains/de/test/auto/TimingParadox.xml
auto.tcl: Setting watchdog for 200 seconds at Thu Oct 15 15:49:00 UTC 2020
356 ms. Memory: 51200K Free: 20804K (41%)
ptolemy.util.test.WatchDog.cancel(): canceling Thu Oct 15 15:49:00 UTC 2020
auto.tcl: Setting watchdog for 200 seconds at Thu Oct 15 15:49:00 UTC 2020
278 ms. Memory: 51200K Free: 11648K (23%)
ptolemy.util.test.WatchDog.cancel(): canceling Thu Oct 15 15:49:00 UTC 2020
------------------ testing $PTII/ptolemy/domains/de/test/auto/TransferInputs.xml
auto.tcl: Setting watchdog for 200 seconds at Thu Oct 15 15:49:01 UTC 2020
2 ms. Memory: 51200K Free: 30709K (60%)
ptolemy.util.test.WatchDog.cancel(): canceling Thu Oct 15 15:49:01 UTC 2020
auto.tcl: Setting watchdog for 200 seconds at Thu Oct 15 15:49:01 UTC 2020
1 ms. Memory: 51200K Free: 29817K (58%)
ptolemy.util.test.WatchDog.cancel(): canceling Thu Oct 15 15:49:01 UTC 2020
------------------ testing $PTII/ptolemy/domains/de/test/auto/TransferOutputs2.xml
auto.tcl: Setting watchdog for 200 seconds at Thu Oct 15 15:49:01 UTC 2020
2 ms. Memory: 51200K Free: 28137K (55%)
ptolemy.util.test.WatchDog.cancel(): canceling Thu Oct 15 15:49:01 UTC 2020
auto.tcl: Setting watchdog for 200 seconds at Thu Oct 15 15:49:01 UTC 2020
2 ms. Memory: 51200K Free: 26731K (52%)
ptolemy.util.test.WatchDog.cancel(): canceling Thu Oct 15 15:49:01 UTC 2020
------------------ testing $PTII/ptolemy/domains/de/test/auto/Trilateration.xml
auto.tcl: Setting watchdog for 200 seconds at Thu Oct 15 15:49:01 UTC 2020
13064 ms. Memory: 362496K Free: 126948K (35%)
ptolemy.util.test.WatchDog.cancel(): canceling Thu Oct 15 15:49:15 UTC 2020
auto.tcl: Setting watchdog for 200 seconds at Thu Oct 15 15:49:15 UTC 2020
9255 ms. Memory: 362496K Free: 278716K (77%)
ptolemy.util.test.WatchDog.cancel(): canceling Thu Oct 15 15:49:24 UTC 2020
------------------ testing $PTII/ptolemy/domains/de/test/auto/TwoSigmaDelta.xml
auto.tcl: Setting watchdog for 200 seconds at Thu Oct 15 15:49:24 UTC 2020
2543 ms. Memory: 92160K Free: 16529K (18%)
ptolemy.util.test.WatchDog.cancel(): canceling Thu Oct 15 15:49:27 UTC 2020
auto.tcl: Setting watchdog for 200 seconds at Thu Oct 15 15:49:27 UTC 2020
2075 ms. Memory: 92160K Free: 16556K (18%)
ptolemy.util.test.WatchDog.cancel(): canceling Thu Oct 15 15:49:29 UTC 2020
------------------ testing $PTII/ptolemy/domains/de/test/auto/VariableDelay.xml
auto.tcl: Setting watchdog for 200 seconds at Thu Oct 15 15:49:29 UTC 2020
2 ms. Memory: 55296K Free: 35285K (64%)
ptolemy.util.test.WatchDog.cancel(): canceling Thu Oct 15 15:49:29 UTC 2020
auto.tcl: Setting watchdog for 200 seconds at Thu Oct 15 15:49:29 UTC 2020
2 ms. Memory: 55296K Free: 34245K (62%)
ptolemy.util.test.WatchDog.cancel(): canceling Thu Oct 15 15:49:29 UTC 2020
------------------ testing $PTII/ptolemy/domains/de/test/auto/VariableDelay2.xml
auto.tcl: Setting watchdog for 200 seconds at Thu Oct 15 15:49:29 UTC 2020
3 ms. Memory: 51200K Free: 31498K (62%)
ptolemy.util.test.WatchDog.cancel(): canceling Thu Oct 15 15:49:29 UTC 2020
auto.tcl: Setting watchdog for 200 seconds at Thu Oct 15 15:49:29 UTC 2020
1 ms. Memory: 51200K Free: 30548K (60%)
ptolemy.util.test.WatchDog.cancel(): canceling Thu Oct 15 15:49:29 UTC 2020
------------------ testing $PTII/ptolemy/domains/de/test/auto/VariableDelayZeroDelay.xml
auto.tcl: Setting watchdog for 200 seconds at Thu Oct 15 15:49:29 UTC 2020
3 ms. Memory: 51200K Free: 32115K (63%)
ptolemy.util.test.WatchDog.cancel(): canceling Thu Oct 15 15:49:29 UTC 2020
auto.tcl: Setting watchdog for 200 seconds at Thu Oct 15 15:49:29 UTC 2020
2 ms. Memory: 51200K Free: 31595K (62%)
ptolemy.util.test.WatchDog.cancel(): canceling Thu Oct 15 15:49:29 UTC 2020
------------------ testing $PTII/ptolemy/domains/de/test/auto/VariableDelayZeroDelay2.xml
auto.tcl: Setting watchdog for 200 seconds at Thu Oct 15 15:49:29 UTC 2020
4 ms. Memory: 51200K Free: 32114K (63%)
ptolemy.util.test.WatchDog.cancel(): canceling Thu Oct 15 15:49:29 UTC 2020
auto.tcl: Setting watchdog for 200 seconds at Thu Oct 15 15:49:29 UTC 2020
2 ms. Memory: 51200K Free: 31106K (61%)
ptolemy.util.test.WatchDog.cancel(): canceling Thu Oct 15 15:49:29 UTC 2020
------------------ testing $PTII/ptolemy/domains/de/test/auto/deInCt.xml
auto.tcl: Setting watchdog for 200 seconds at Thu Oct 15 15:49:29 UTC 2020
0
1
1
1
0
0
0
1
1
1
0
0
0
1
1
1
1
1
0
0
0
0
1
1
1
0
0
0
1
1
1
0
0
0
1
1
0
0
1
1
1
0
0
0
0
15 ms. Memory: 51200K Free: 31087K (61%)
ptolemy.util.test.WatchDog.cancel(): canceling Thu Oct 15 15:49:29 UTC 2020
auto.tcl: Setting watchdog for 200 seconds at Thu Oct 15 15:49:29 UTC 2020
0
1
1
1
0
0
0
1
1
1
0
0
0
0
0
1
1
1
1
1
0
0
0
1
1
1
1
0
0
0
0
7 ms. Memory: 51200K Free: 29549K (58%)
ptolemy.util.test.WatchDog.cancel(): canceling Thu Oct 15 15:49:29 UTC 2020
------------------ testing $PTII/ptolemy/domains/de/test/auto/deInCt2.xml
auto.tcl: Setting watchdog for 200 seconds at Thu Oct 15 15:49:29 UTC 2020
0
1
1
1
0
0
1
1
1
0
0
1
1
1
0
0
1
1
1
0
0
1
1
1
0
0
1
1
1
0
0
1
1
1
0
0
1
1
1
0
0
0
10 ms. Memory: 51200K Free: 31090K (61%)
ptolemy.util.test.WatchDog.cancel(): canceling Thu Oct 15 15:49:29 UTC 2020
auto.tcl: Setting watchdog for 200 seconds at Thu Oct 15 15:49:29 UTC 2020
0
1
1
1
0
0
1
1
1
0
0
1
1
1
0
0
1
1
1
0
0
1
1
1
0
0
1
1
1
0
0
1
1
1
0
0
1
1
1
0
0
0
8 ms. Memory: 51200K Free: 29552K (58%)
ptolemy.util.test.WatchDog.cancel(): canceling Thu Oct 15 15:49:29 UTC 2020
------------------ testing $PTII/ptolemy/domains/de/test/auto/dynamicCausalityInterface1.xml
auto.tcl: Setting watchdog for 200 seconds at Thu Oct 15 15:49:30 UTC 2020
1 ms. Memory: 51200K Free: 26988K (53%)
ptolemy.util.test.WatchDog.cancel(): canceling Thu Oct 15 15:49:30 UTC 2020
auto.tcl: Setting watchdog for 200 seconds at Thu Oct 15 15:49:30 UTC 2020
1 ms. Memory: 51200K Free: 26474K (52%)
ptolemy.util.test.WatchDog.cancel(): canceling Thu Oct 15 15:49:30 UTC 2020
------------------ testing $PTII/ptolemy/domains/de/test/auto/fsm_de_test.xml
auto.tcl: Setting watchdog for 200 seconds at Thu Oct 15 15:49:30 UTC 2020
10 ms. Memory: 51200K Free: 26887K (53%)
ptolemy.util.test.WatchDog.cancel(): canceling Thu Oct 15 15:49:30 UTC 2020
auto.tcl: Setting watchdog for 200 seconds at Thu Oct 15 15:49:30 UTC 2020
7 ms. Memory: 51200K Free: 24839K (49%)
ptolemy.util.test.WatchDog.cancel(): canceling Thu Oct 15 15:49:30 UTC 2020
------------------ testing $PTII/ptolemy/domains/de/test/auto/functionDependencyReconstruction.xml
auto.tcl: Setting watchdog for 200 seconds at Thu Oct 15 15:49:30 UTC 2020
3 ms. Memory: 51200K Free: 20732K (40%)
ptolemy.util.test.WatchDog.cancel(): canceling Thu Oct 15 15:49:30 UTC 2020
auto.tcl: Setting watchdog for 200 seconds at Thu Oct 15 15:49:30 UTC 2020
1 ms. Memory: 51200K Free: 18684K (36%)
ptolemy.util.test.WatchDog.cancel(): canceling Thu Oct 15 15:49:30 UTC 2020
------------------ testing $PTII/ptolemy/domains/de/test/auto/multirate.xml
auto.tcl: Setting watchdog for 200 seconds at Thu Oct 15 15:49:30 UTC 2020
7 ms. Memory: 51200K Free: 29527K (58%)
ptolemy.util.test.WatchDog.cancel(): canceling Thu Oct 15 15:49:30 UTC 2020
auto.tcl: Setting watchdog for 200 seconds at Thu Oct 15 15:49:30 UTC 2020
3 ms. Memory: 51200K Free: 27807K (54%)
ptolemy.util.test.WatchDog.cancel(): canceling Thu Oct 15 15:49:30 UTC 2020
------------------ testing $PTII/ptolemy/domains/de/test/auto/multirate2.xml
auto.tcl: Setting watchdog for 200 seconds at Thu Oct 15 15:49:30 UTC 2020
7 ms. Memory: 51200K Free: 29681K (58%)
ptolemy.util.test.WatchDog.cancel(): canceling Thu Oct 15 15:49:30 UTC 2020
auto.tcl: Setting watchdog for 200 seconds at Thu Oct 15 15:49:30 UTC 2020
4 ms. Memory: 51200K Free: 27962K (55%)
ptolemy.util.test.WatchDog.cancel(): canceling Thu Oct 15 15:49:30 UTC 2020
------------------ testing $PTII/ptolemy/domains/de/test/auto/realtime.xml
auto.tcl: Setting watchdog for 200 seconds at Thu Oct 15 15:49:30 UTC 2020
10002 ms. Memory: 51200K Free: 31768K (62%)
ptolemy.util.test.WatchDog.cancel(): canceling Thu Oct 15 15:49:40 UTC 2020
auto.tcl: Setting watchdog for 200 seconds at Thu Oct 15 15:49:40 UTC 2020
10001 ms. Memory: 51200K Free: 31033K (61%)
ptolemy.util.test.WatchDog.cancel(): canceling Thu Oct 15 15:49:50 UTC 2020
------------------ testing $PTII/ptolemy/domains/de/test/auto/relationGroup.xml
auto.tcl: Setting watchdog for 200 seconds at Thu Oct 15 15:49:50 UTC 2020
7 ms. Memory: 51200K Free: 32848K (64%)
ptolemy.util.test.WatchDog.cancel(): canceling Thu Oct 15 15:49:50 UTC 2020
auto.tcl: Setting watchdog for 200 seconds at Thu Oct 15 15:49:50 UTC 2020
2 ms. Memory: 51200K Free: 32336K (63%)
ptolemy.util.test.WatchDog.cancel(): canceling Thu Oct 15 15:49:50 UTC 2020
------------------ testing $PTII/ptolemy/domains/de/test/auto/relationGroup2.xml
auto.tcl: Setting watchdog for 200 seconds at Thu Oct 15 15:49:50 UTC 2020
1 ms. Memory: 51200K Free: 32864K (64%)
ptolemy.util.test.WatchDog.cancel(): canceling Thu Oct 15 15:49:50 UTC 2020
auto.tcl: Setting watchdog for 200 seconds at Thu Oct 15 15:49:50 UTC 2020
2 ms. Memory: 51200K Free: 32320K (63%)
ptolemy.util.test.WatchDog.cancel(): canceling Thu Oct 15 15:49:50 UTC 2020
------------------ testing $PTII/ptolemy/domains/de/test/auto/sortWithOpaquePorts.xml
auto.tcl: Setting watchdog for 200 seconds at Thu Oct 15 15:49:50 UTC 2020
2 ms. Memory: 51200K Free: 32140K (63%)
ptolemy.util.test.WatchDog.cancel(): canceling Thu Oct 15 15:49:50 UTC 2020
auto.tcl: Setting watchdog for 200 seconds at Thu Oct 15 15:49:50 UTC 2020
2 ms. Memory: 51200K Free: 30602K (60%)
ptolemy.util.test.WatchDog.cancel(): canceling Thu Oct 15 15:49:50 UTC 2020
------------------ testing $PTII/ptolemy/domains/de/test/auto/transferInputsandOutputs.xml
auto.tcl: Setting watchdog for 200 seconds at Thu Oct 15 15:49:50 UTC 2020
4 ms. Memory: 51200K Free: 29055K (57%)
ptolemy.util.test.WatchDog.cancel(): canceling Thu Oct 15 15:49:50 UTC 2020
auto.tcl: Setting watchdog for 200 seconds at Thu Oct 15 15:49:50 UTC 2020
4 ms. Memory: 51200K Free: 28031K (55%)
ptolemy.util.test.WatchDog.cancel(): canceling Thu Oct 15 15:49:50 UTC 2020
------------------ testing $PTII/ptolemy/domains/de/test/auto/triggerType.xml
auto.tcl: Setting watchdog for 200 seconds at Thu Oct 15 15:49:50 UTC 2020
4 ms. Memory: 51200K Free: 32080K (63%)
ptolemy.util.test.WatchDog.cancel(): canceling Thu Oct 15 15:49:50 UTC 2020
auto.tcl: Setting watchdog for 200 seconds at Thu Oct 15 15:49:50 UTC 2020
2 ms. Memory: 51200K Free: 31068K (61%)
ptolemy.util.test.WatchDog.cancel(): canceling Thu Oct 15 15:49:50 UTC 2020
10/15/20 03:49:50
Failed: 0  Total Tests: 192  ((Passed: 187, Newly Passed: 1)  Known Failed: 5) /home/travis/build/icyphy/ptII/ptolemy/domains/de/test
10/15/20 03:49:50
Failed: 0  Total Tests: 192  ((Passed: 187, Newly Passed: 1)  Known Failed: 5) /home/travis/build/icyphy/ptII/ptolemy/domains/de/test
----------------- testing (KnownFailure) /home/travis/build/icyphy/ptII/ptolemy/domains/de/test/auto/knownFailedTests/DESDFClockTest.xml
2011 ms. Memory: 51200K Free: 24965K (49%)
Known Failure: java.lang.reflect.InvocationTargetException
----------------- testing (KnownFailure) /home/travis/build/icyphy/ptII/ptolemy/domains/de/test/auto/knownFailedTests/DirectFeedback.xml
2 ms. Memory: 51200K Free: 21379K (42%)
Known Failure: java.lang.reflect.InvocationTargetException
----------------- testing (KnownFailure) /home/travis/build/icyphy/ptII/ptolemy/domains/de/test/auto/knownFailedTests/FSMSource.xml
14 ms. Memory: 51200K Free: 13701K (27%)
----------------- testing (KnownFailure) /home/travis/build/icyphy/ptII/ptolemy/domains/de/test/auto/knownFailedTests/HierarchicalModel.xml
5 ms. Memory: 51200K Free: 26929K (53%)
Known Failure: java.lang.reflect.InvocationTargetException
----------------- testing (KnownFailure) /home/travis/build/icyphy/ptII/ptolemy/domains/de/test/auto/knownFailedTests/dependencyLoop.xml
3 ms. Memory: 51200K Free: 11554K (23%)
Known Failure: java.lang.reflect.InvocationTargetException
----------------- testing (KnownFailure) /home/travis/build/icyphy/ptII/ptolemy/domains/de/test/auto/knownFailedTests/dependencyLoop2.xml
3 ms. Memory: 51200K Free: 25623K (50%)
Known Failure: java.lang.reflect.InvocationTargetException
No auto/linux-amd64/*.xml tests in /home/travis/build/icyphy/ptII/ptolemy/domains/de/test
AutoTests.java: About to close Vertx.
AutoTests.java: Vertx closed.

===========================================================================================
----------------- testing Thu Oct 15 15:49:53 UTC 2020 /home/travis/build/icyphy/ptII/ptolemy/domains/de/test/auto/ActorDepthCalculation_actorWithoutPorts.xml
----------------- Instantiating /home/travis/build/icyphy/ptII/ptolemy/domains/de/test/auto/ActorDepthCalculation_actorWithoutPorts.xml
2 ms. Memory: 51200K Free: 18721K (37%)
----------------- Invoking toplevel() on ptolemy.moml.MoMLSimpleApplication@544a3acd
----------------- Done invoking toplevel() on ptolemy.moml.MoMLSimpleApplication@544a3acd
reloadAllAccessors: .ActorDepthCalculation_actorWithoutPorts

===========================================================================================
----------------- testing Thu Oct 15 15:49:53 UTC 2020 /home/travis/build/icyphy/ptII/ptolemy/domains/de/test/auto/AssemblyLine.xml
----------------- Instantiating /home/travis/build/icyphy/ptII/ptolemy/domains/de/test/auto/AssemblyLine.xml
3 ms. Memory: 51200K Free: 11601K (23%)
----------------- Invoking toplevel() on ptolemy.moml.MoMLSimpleApplication@7d85221c
----------------- Done invoking toplevel() on ptolemy.moml.MoMLSimpleApplication@7d85221c
reloadAllAccessors: .AssemblyLine

===========================================================================================
----------------- testing Thu Oct 15 15:49:53 UTC 2020 /home/travis/build/icyphy/ptII/ptolemy/domains/de/test/auto/CQBug1.xml
----------------- Instantiating /home/travis/build/icyphy/ptII/ptolemy/domains/de/test/auto/CQBug1.xml
3 ms. Memory: 51200K Free: 8831K (17%)
----------------- Invoking toplevel() on ptolemy.moml.MoMLSimpleApplication@49023d14
----------------- Done invoking toplevel() on ptolemy.moml.MoMLSimpleApplication@49023d14
reloadAllAccessors: .CQBug1

===========================================================================================
----------------- testing Thu Oct 15 15:49:53 UTC 2020 /home/travis/build/icyphy/ptII/ptolemy/domains/de/test/auto/CancelFireAt.xml
----------------- Instantiating /home/travis/build/icyphy/ptII/ptolemy/domains/de/test/auto/CancelFireAt.xml
10 ms. Memory: 51200K Free: 35150K (69%)
----------------- Invoking toplevel() on ptolemy.moml.MoMLSimpleApplication@41aca9dd
----------------- Done invoking toplevel() on ptolemy.moml.MoMLSimpleApplication@41aca9dd
reloadAllAccessors: .CancelFireAt

===========================================================================================
----------------- testing Thu Oct 15 15:49:53 UTC 2020 /home/travis/build/icyphy/ptII/ptolemy/domains/de/test/auto/CausalityAndComposabilityAnalysis.xml
----------------- Instantiating /home/travis/build/icyphy/ptII/ptolemy/domains/de/test/auto/CausalityAndComposabilityAnalysis.xml
2 ms. Memory: 51200K Free: 30920K (60%)
----------------- Invoking toplevel() on ptolemy.moml.MoMLSimpleApplication@6925cc61
----------------- Done invoking toplevel() on ptolemy.moml.MoMLSimpleApplication@6925cc61
reloadAllAccessors: .CausalityAndComposabilityAnalysis

===========================================================================================
----------------- testing Thu Oct 15 15:49:53 UTC 2020 /home/travis/build/icyphy/ptII/ptolemy/domains/de/test/auto/CausalityInterface1.xml
----------------- Instantiating /home/travis/build/icyphy/ptII/ptolemy/domains/de/test/auto/CausalityInterface1.xml
6 ms. Memory: 51200K Free: 25776K (50%)
----------------- Invoking toplevel() on ptolemy.moml.MoMLSimpleApplication@16f26fdb
----------------- Done invoking toplevel() on ptolemy.moml.MoMLSimpleApplication@16f26fdb
reloadAllAccessors: .CausalityInterface1

===========================================================================================
----------------- testing Thu Oct 15 15:49:53 UTC 2020 /home/travis/build/icyphy/ptII/ptolemy/domains/de/test/auto/CausalityInterface15.xml
----------------- Instantiating /home/travis/build/icyphy/ptII/ptolemy/domains/de/test/auto/CausalityInterface15.xml
2 ms. Memory: 51200K Free: 20221K (39%)
----------------- Invoking toplevel() on ptolemy.moml.MoMLSimpleApplication@7d0b6c6
----------------- Done invoking toplevel() on ptolemy.moml.MoMLSimpleApplication@7d0b6c6
reloadAllAccessors: .CausalityInterface15

===========================================================================================
----------------- testing Thu Oct 15 15:49:53 UTC 2020 /home/travis/build/icyphy/ptII/ptolemy/domains/de/test/auto/CausalityInterface2.xml
----------------- Instantiating /home/travis/build/icyphy/ptII/ptolemy/domains/de/test/auto/CausalityInterface2.xml
2 ms. Memory: 51200K Free: 15582K (30%)
[...]
	at ptolemy.actor.Manager.run(Manager.java:1263)
	at ptolemy.actor.Manager$PtolemyRunThread.run(Manager.java:1933)
java.lang.RuntimeException: Execution failed
	at ptolemy.moml.MoMLSimpleApplication$UnloadThread.run(MoMLSimpleApplication.java:402)
Caused by: ptolemy.kernel.util.IllegalActionException: Actor is not ready to fire.  Perhaps UpSample.prefire() returned false? Try debugging the actor by selecting "Listen to Actor".  Also, for SDF check moml for tokenConsumptionRate on input.
  in .DESDFClockTest.Play Bell.Copy1:SDF Director and .DESDFClockTest.Play Bell.UpSample
	at ptolemy.actor.sched.StaticSchedulingDirector.fire(StaticSchedulingDirector.java:227)
	at ptolemy.domains.sdf.kernel.SDFDirector.fire(SDFDirector.java:500)
	at ptolemy.actor.CompositeActor.fire(CompositeActor.java:455)
	at ptolemy.domains.de.kernel.DEDirector._fire(DEDirector.java:1949)
	at ptolemy.domains.de.kernel.DEDirector.fire(DEDirector.java:502)
	at ptolemy.actor.CompositeActor.fire(CompositeActor.java:455)
	at ptolemy.actor.Manager.iterate(Manager.java:851)
	at ptolemy.actor.Manager.execute(Manager.java:369)
	at ptolemy.actor.Manager.run(Manager.java:1263)
	at ptolemy.actor.Manager$PtolemyRunThread.run(Manager.java:1933)
java.lang.reflect.InvocationTargetException
	at java.base/jdk.internal.reflect.NativeConstructorAccessorImpl.newInstance0(Native Method)
	at java.base/jdk.internal.reflect.NativeConstructorAccessorImpl.newInstance(NativeConstructorAccessorImpl.java:62)
	at java.base/jdk.internal.reflect.DelegatingConstructorAccessorImpl.newInstance(DelegatingConstructorAccessorImpl.java:45)
	at java.base/java.lang.reflect.Constructor.newInstance(Constructor.java:490)
	at ptolemy.util.test.junit.AutoKnownFailedTests.RunModel(AutoKnownFailedTests.java:105)
	at java.base/jdk.internal.reflect.NativeMethodAccessorImpl.invoke0(Native Method)
	at java.base/jdk.internal.reflect.NativeMethodAccessorImpl.invoke(NativeMethodAccessorImpl.java:62)
	at java.base/jdk.internal.reflect.DelegatingMethodAccessorImpl.invoke(DelegatingMethodAccessorImpl.java:43)
	at java.base/java.lang.reflect.Method.invoke(Method.java:566)
	at org.junit.runners.model.FrameworkMethod$1.runReflectiveCall(FrameworkMethod.java:44)
	at org.junit.internal.runners.model.ReflectiveCallable.run(ReflectiveCallable.java:15)
	at org.junit.runners.model.FrameworkMethod.invokeExplosively(FrameworkMethod.java:41)
	at junitparams.internal.InvokeParameterisedMethod.evaluate(InvokeParameterisedMethod.java:102)
	at org.junit.internal.runners.statements.FailOnTimeout$1.run(FailOnTimeout.java:28)
Caused by: ptolemy.kernel.util.IllegalActionException: Actor is not ready to fire.  Perhaps UpSample.prefire() returned false? Try debugging the actor by selecting "Listen to Actor".  Also, for SDF check moml for tokenConsumptionRate on input.
  in .DESDFClockTest.Play Bell.Copy1:SDF Director and .DESDFClockTest.Play Bell.UpSample
	at ptolemy.actor.sched.StaticSchedulingDirector.fire(StaticSchedulingDirector.java:227)
	at ptolemy.domains.sdf.kernel.SDFDirector.fire(SDFDirector.java:500)
	at ptolemy.actor.CompositeActor.fire(CompositeActor.java:455)
	at ptolemy.domains.de.kernel.DEDirector._fire(DEDirector.java:1949)
	at ptolemy.domains.de.kernel.DEDirector.fire(DEDirector.java:502)
	at ptolemy.actor.CompositeActor.fire(CompositeActor.java:455)
	at ptolemy.actor.Manager.iterate(Manager.java:851)
	at ptolemy.actor.Manager.execute(Manager.java:369)
	at ptolemy.actor.Manager.run(Manager.java:1263)
	at ptolemy.actor.Manager$PtolemyRunThread.run(Manager.java:1933)
java.lang.RuntimeException: Execution failed
	at ptolemy.moml.MoMLSimpleApplication$UnloadThread.run(MoMLSimpleApplication.java:402)
Caused by: ptolemy.kernel.util.IllegalActionException: Test fails in iteration 1.
Value was: 1.0. Should have been: 2.0
  in .DirectFeedback.Test
	at ptolemy.actor.lib.Test.fire(Test.java:268)
	at ptolemy.domains.de.kernel.DEDirector._fire(DEDirector.java:1949)
	at ptolemy.domains.de.kernel.DEDirector.fire(DEDirector.java:502)
	at ptolemy.actor.CompositeActor.fire(CompositeActor.java:455)
	at ptolemy.actor.Manager.iterate(Manager.java:851)
	at ptolemy.actor.Manager.execute(Manager.java:369)
	at ptolemy.actor.Manager.run(Manager.java:1263)
	at ptolemy.actor.Manager$PtolemyRunThread.run(Manager.java:1933)
java.lang.reflect.InvocationTargetException
	at java.base/jdk.internal.reflect.NativeConstructorAccessorImpl.newInstance0(Native Method)
	at java.base/jdk.internal.reflect.NativeConstructorAccessorImpl.newInstance(NativeConstructorAccessorImpl.java:62)
	at java.base/jdk.internal.reflect.DelegatingConstructorAccessorImpl.newInstance(DelegatingConstructorAccessorImpl.java:45)
	at java.base/java.lang.reflect.Constructor.newInstance(Constructor.java:490)
	at ptolemy.util.test.junit.AutoKnownFailedTests.RunModel(AutoKnownFailedTests.java:105)
	at java.base/jdk.internal.reflect.NativeMethodAccessorImpl.invoke0(Native Method)
	at java.base/jdk.internal.reflect.NativeMethodAccessorImpl.invoke(NativeMethodAccessorImpl.java:62)
	at java.base/jdk.internal.reflect.DelegatingMethodAccessorImpl.invoke(DelegatingMethodAccessorImpl.java:43)
	at java.base/java.lang.reflect.Method.invoke(Method.java:566)
	at org.junit.runners.model.FrameworkMethod$1.runReflectiveCall(FrameworkMethod.java:44)
	at org.junit.internal.runners.model.ReflectiveCallable.run(ReflectiveCallable.java:15)
	at org.junit.runners.model.FrameworkMethod.invokeExplosively(FrameworkMethod.java:41)
	at junitparams.internal.InvokeParameterisedMethod.evaluate(InvokeParameterisedMethod.java:102)
	at org.junit.internal.runners.statements.FailOnTimeout$1.run(FailOnTimeout.java:28)
Caused by: ptolemy.kernel.util.IllegalActionException: Test fails in iteration 1.
Value was: 1.0. Should have been: 2.0
  in .DirectFeedback.Test
	at ptolemy.actor.lib.Test.fire(Test.java:268)
	at ptolemy.domains.de.kernel.DEDirector._fire(DEDirector.java:1949)
	at ptolemy.domains.de.kernel.DEDirector.fire(DEDirector.java:502)
	at ptolemy.actor.CompositeActor.fire(CompositeActor.java:455)
	at ptolemy.actor.Manager.iterate(Manager.java:851)
	at ptolemy.actor.Manager.execute(Manager.java:369)
	at ptolemy.actor.Manager.run(Manager.java:1263)
	at ptolemy.actor.Manager$PtolemyRunThread.run(Manager.java:1933)
java.lang.RuntimeException: Execution failed
	at ptolemy.moml.MoMLSimpleApplication$UnloadThread.run(MoMLSimpleApplication.java:402)
Caused by: ptolemy.kernel.util.IllegalActionException: Found a zero delay loop containing .HierarchicalModel.A
  in .HierarchicalModel and .HierarchicalModel.A
	at ptolemy.actor.util.CausalityInterfaceForComposites._computeOutputPortDepth(CausalityInterfaceForComposites.java:759)
	at ptolemy.actor.util.CausalityInterfaceForComposites._computeInputDepth(CausalityInterfaceForComposites.java:696)
	at ptolemy.actor.util.CausalityInterfaceForComposites._computeOutputPortDepth(CausalityInterfaceForComposites.java:765)
	at ptolemy.actor.util.CausalityInterfaceForComposites._computeInputDepth(CausalityInterfaceForComposites.java:696)
	at ptolemy.actor.util.CausalityInterfaceForComposites._computeOutputPortDepth(CausalityInterfaceForComposites.java:765)
	at ptolemy.actor.util.CausalityInterfaceForComposites._computeInputDepth(CausalityInterfaceForComposites.java:696)
	at ptolemy.actor.util.CausalityInterfaceForComposites._computeActorDepth(CausalityInterfaceForComposites.java:532)
	at ptolemy.actor.util.CausalityInterfaceForComposites.checkForCycles(CausalityInterfaceForComposites.java:96)
	at ptolemy.domains.de.kernel.DEDirector.preinitialize(DEDirector.java:1338)
	at ptolemy.actor.CompositeActor.preinitialize(CompositeActor.java:1828)
	at ptolemy.actor.Manager.preinitializeAndResolveTypes(Manager.java:1040)
	at ptolemy.actor.Manager.initialize(Manager.java:710)
	at ptolemy.actor.Manager.execute(Manager.java:356)
	at ptolemy.actor.Manager.run(Manager.java:1263)
	at ptolemy.actor.Manager$PtolemyRunThread.run(Manager.java:1933)
java.lang.reflect.InvocationTargetException
	at java.base/jdk.internal.reflect.NativeConstructorAccessorImpl.newInstance0(Native Method)
	at java.base/jdk.internal.reflect.NativeConstructorAccessorImpl.newInstance(NativeConstructorAccessorImpl.java:62)
	at java.base/jdk.internal.reflect.DelegatingConstructorAccessorImpl.newInstance(DelegatingConstructorAccessorImpl.java:45)
	at java.base/java.lang.reflect.Constructor.newInstance(Constructor.java:490)
	at ptolemy.util.test.junit.AutoKnownFailedTests.RunModel(AutoKnownFailedTests.java:105)
	at java.base/jdk.internal.reflect.NativeMethodAccessorImpl.invoke0(Native Method)
	at java.base/jdk.internal.reflect.NativeMethodAccessorImpl.invoke(NativeMethodAccessorImpl.java:62)
	at java.base/jdk.internal.reflect.DelegatingMethodAccessorImpl.invoke(DelegatingMethodAccessorImpl.java:43)
	at java.base/java.lang.reflect.Method.invoke(Method.java:566)
	at org.junit.runners.model.FrameworkMethod$1.runReflectiveCall(FrameworkMethod.java:44)
	at org.junit.internal.runners.model.ReflectiveCallable.run(ReflectiveCallable.java:15)
	at org.junit.runners.model.FrameworkMethod.invokeExplosively(FrameworkMethod.java:41)
	at junitparams.internal.InvokeParameterisedMethod.evaluate(InvokeParameterisedMethod.java:102)
	at org.junit.internal.runners.statements.FailOnTimeout$1.run(FailOnTimeout.java:28)
Caused by: ptolemy.kernel.util.IllegalActionException: Found a zero delay loop containing .HierarchicalModel.A
  in .HierarchicalModel and .HierarchicalModel.A
	at ptolemy.actor.util.CausalityInterfaceForComposites._computeOutputPortDepth(CausalityInterfaceForComposites.java:759)
	at ptolemy.actor.util.CausalityInterfaceForComposites._computeInputDepth(CausalityInterfaceForComposites.java:696)
	at ptolemy.actor.util.CausalityInterfaceForComposites._computeOutputPortDepth(CausalityInterfaceForComposites.java:765)
	at ptolemy.actor.util.CausalityInterfaceForComposites._computeInputDepth(CausalityInterfaceForComposites.java:696)
	at ptolemy.actor.util.CausalityInterfaceForComposites._computeOutputPortDepth(CausalityInterfaceForComposites.java:765)
	at ptolemy.actor.util.CausalityInterfaceForComposites._computeInputDepth(CausalityInterfaceForComposites.java:696)
	at ptolemy.actor.util.CausalityInterfaceForComposites._computeActorDepth(CausalityInterfaceForComposites.java:532)
	at ptolemy.actor.util.CausalityInterfaceForComposites.checkForCycles(CausalityInterfaceForComposites.java:96)
	at ptolemy.domains.de.kernel.DEDirector.preinitialize(DEDirector.java:1338)
	at ptolemy.actor.CompositeActor.preinitialize(CompositeActor.java:1828)
	at ptolemy.actor.Manager.preinitializeAndResolveTypes(Manager.java:1040)
	at ptolemy.actor.Manager.initialize(Manager.java:710)
	at ptolemy.actor.Manager.execute(Manager.java:356)
	at ptolemy.actor.Manager.run(Manager.java:1263)
	at ptolemy.actor.Manager$PtolemyRunThread.run(Manager.java:1933)
java.lang.RuntimeException: Execution failed
	at ptolemy.moml.MoMLSimpleApplication$UnloadThread.run(MoMLSimpleApplication.java:402)
Caused by: ptolemy.kernel.util.IllegalActionException: Found a zero delay loop containing .dependencyLoop.original
  in .dependencyLoop and .dependencyLoop.original
	at ptolemy.actor.util.CausalityInterfaceForComposites._computeOutputPortDepth(CausalityInterfaceForComposites.java:759)
	at ptolemy.actor.util.CausalityInterfaceForComposites._computeInputDepth(CausalityInterfaceForComposites.java:696)
	at ptolemy.actor.util.CausalityInterfaceForComposites._computeOutputPortDepth(CausalityInterfaceForComposites.java:765)
	at ptolemy.actor.util.CausalityInterfaceForComposites._computeInputDepth(CausalityInterfaceForComposites.java:696)
	at ptolemy.actor.util.CausalityInterfaceForComposites._computeOutputPortDepth(CausalityInterfaceForComposites.java:765)
	at ptolemy.actor.util.CausalityInterfaceForComposites._computeInputDepth(CausalityInterfaceForComposites.java:696)
	at ptolemy.actor.util.CausalityInterfaceForComposites._computeActorDepth(CausalityInterfaceForComposites.java:532)
	at ptolemy.actor.util.CausalityInterfaceForComposites.checkForCycles(CausalityInterfaceForComposites.java:96)
	at ptolemy.domains.de.kernel.DEDirector.preinitialize(DEDirector.java:1338)
	at ptolemy.actor.CompositeActor.preinitialize(CompositeActor.java:1828)
	at ptolemy.actor.Manager.preinitializeAndResolveTypes(Manager.java:1040)
	at ptolemy.actor.Manager.initialize(Manager.java:710)
	at ptolemy.actor.Manager.execute(Manager.java:356)
	at ptolemy.actor.Manager.run(Manager.java:1263)
	at ptolemy.actor.Manager$PtolemyRunThread.run(Manager.java:1933)
java.lang.reflect.InvocationTargetException
	at java.base/jdk.internal.reflect.NativeConstructorAccessorImpl.newInstance0(Native Method)
	at java.base/jdk.internal.reflect.NativeConstructorAccessorImpl.newInstance(NativeConstructorAccessorImpl.java:62)
	at java.base/jdk.internal.reflect.DelegatingConstructorAccessorImpl.newInstance(DelegatingConstructorAccessorImpl.java:45)
	at java.base/java.lang.reflect.Constructor.newInstance(Constructor.java:490)
	at ptolemy.util.test.junit.AutoKnownFailedTests.RunModel(AutoKnownFailedTests.java:105)
	at java.base/jdk.internal.reflect.NativeMethodAccessorImpl.invoke0(Native Method)
	at java.base/jdk.internal.reflect.NativeMethodAccessorImpl.invoke(NativeMethodAccessorImpl.java:62)
	at java.base/jdk.internal.reflect.DelegatingMethodAccessorImpl.invoke(DelegatingMethodAccessorImpl.java:43)
	at java.base/java.lang.reflect.Method.invoke(Method.java:566)
	at org.junit.runners.model.FrameworkMethod$1.runReflectiveCall(FrameworkMethod.java:44)
	at org.junit.internal.runners.model.ReflectiveCallable.run(ReflectiveCallable.java:15)
	at org.junit.runners.model.FrameworkMethod.invokeExplosively(FrameworkMethod.java:41)
	at junitparams.internal.InvokeParameterisedMethod.evaluate(InvokeParameterisedMethod.java:102)
	at org.junit.internal.runners.statements.FailOnTimeout$1.run(FailOnTimeout.java:28)
Caused by: ptolemy.kernel.util.IllegalActionException: Found a zero delay loop containing .dependencyLoop.original
  in .dependencyLoop and .dependencyLoop.original
	at ptolemy.actor.util.CausalityInterfaceForComposites._computeOutputPortDepth(CausalityInterfaceForComposites.java:759)
	at ptolemy.actor.util.CausalityInterfaceForComposites._computeInputDepth(CausalityInterfaceForComposites.java:696)
	at ptolemy.actor.util.CausalityInterfaceForComposites._computeOutputPortDepth(CausalityInterfaceForComposites.java:765)
	at ptolemy.actor.util.CausalityInterfaceForComposites._computeInputDepth(CausalityInterfaceForComposites.java:696)
	at ptolemy.actor.util.CausalityInterfaceForComposites._computeOutputPortDepth(CausalityInterfaceForComposites.java:765)
	at ptolemy.actor.util.CausalityInterfaceForComposites._computeInputDepth(CausalityInterfaceForComposites.java:696)
	at ptolemy.actor.util.CausalityInterfaceForComposites._computeActorDepth(CausalityInterfaceForComposites.java:532)
	at ptolemy.actor.util.CausalityInterfaceForComposites.checkForCycles(CausalityInterfaceForComposites.java:96)
	at ptolemy.domains.de.kernel.DEDirector.preinitialize(DEDirector.java:1338)
	at ptolemy.actor.CompositeActor.preinitialize(CompositeActor.java:1828)
	at ptolemy.actor.Manager.preinitializeAndResolveTypes(Manager.java:1040)
	at ptolemy.actor.Manager.initialize(Manager.java:710)
	at ptolemy.actor.Manager.execute(Manager.java:356)
	at ptolemy.actor.Manager.run(Manager.java:1263)
	at ptolemy.actor.Manager$PtolemyRunThread.run(Manager.java:1933)
java.lang.RuntimeException: Execution failed
	at ptolemy.moml.MoMLSimpleApplication$UnloadThread.run(MoMLSimpleApplication.java:402)
Caused by: ptolemy.kernel.util.IllegalActionException: Found a zero delay loop containing .dependencyLoop2.original
  in .dependencyLoop2 and .dependencyLoop2.original
	at ptolemy.actor.util.CausalityInterfaceForComposites._computeOutputPortDepth(CausalityInterfaceForComposites.java:759)
	at ptolemy.actor.util.CausalityInterfaceForComposites._computeInputDepth(CausalityInterfaceForComposites.java:696)
	at ptolemy.actor.util.CausalityInterfaceForComposites._computeOutputPortDepth(CausalityInterfaceForComposites.java:765)
	at ptolemy.actor.util.CausalityInterfaceForComposites._computeInputDepth(CausalityInterfaceForComposites.java:696)
	at ptolemy.actor.util.CausalityInterfaceForComposites._computeOutputPortDepth(CausalityInterfaceForComposites.java:765)
	at ptolemy.actor.util.CausalityInterfaceForComposites._computeInputDepth(CausalityInterfaceForComposites.java:696)
	at ptolemy.actor.util.CausalityInterfaceForComposites._computeActorDepth(CausalityInterfaceForComposites.java:532)
	at ptolemy.actor.util.CausalityInterfaceForComposites.checkForCycles(CausalityInterfaceForComposites.java:96)
	at ptolemy.domains.de.kernel.DEDirector.preinitialize(DEDirector.java:1338)
	at ptolemy.actor.CompositeActor.preinitialize(CompositeActor.java:1828)
	at ptolemy.actor.Manager.preinitializeAndResolveTypes(Manager.java:1040)
	at ptolemy.actor.Manager.initialize(Manager.java:710)
	at ptolemy.actor.Manager.execute(Manager.java:356)
	at ptolemy.actor.Manager.run(Manager.java:1263)
	at ptolemy.actor.Manager$PtolemyRunThread.run(Manager.java:1933)
java.lang.reflect.InvocationTargetException
	at java.base/jdk.internal.reflect.NativeConstructorAccessorImpl.newInstance0(Native Method)
	at java.base/jdk.internal.reflect.NativeConstructorAccessorImpl.newInstance(NativeConstructorAccessorImpl.java:62)
	at java.base/jdk.internal.reflect.DelegatingConstructorAccessorImpl.newInstance(DelegatingConstructorAccessorImpl.java:45)
	at java.base/java.lang.reflect.Constructor.newInstance(Constructor.java:490)
	at ptolemy.util.test.junit.AutoKnownFailedTests.RunModel(AutoKnownFailedTests.java:105)
	at java.base/jdk.internal.reflect.NativeMethodAccessorImpl.invoke0(Native Method)
	at java.base/jdk.internal.reflect.NativeMethodAccessorImpl.invoke(NativeMethodAccessorImpl.java:62)
	at java.base/jdk.internal.reflect.DelegatingMethodAccessorImpl.invoke(DelegatingMethodAccessorImpl.java:43)
	at java.base/java.lang.reflect.Method.invoke(Method.java:566)
	at org.junit.runners.model.FrameworkMethod$1.runReflectiveCall(FrameworkMethod.java:44)
	at org.junit.internal.runners.model.ReflectiveCallable.run(ReflectiveCallable.java:15)
	at org.junit.runners.model.FrameworkMethod.invokeExplosively(FrameworkMethod.java:41)
	at junitparams.internal.InvokeParameterisedMethod.evaluate(InvokeParameterisedMethod.java:102)
	at org.junit.internal.runners.statements.FailOnTimeout$1.run(FailOnTimeout.java:28)
Caused by: ptolemy.kernel.util.IllegalActionException: Found a zero delay loop containing .dependencyLoop2.original
  in .dependencyLoop2 and .dependencyLoop2.original
	at ptolemy.actor.util.CausalityInterfaceForComposites._computeOutputPortDepth(CausalityInterfaceForComposites.java:759)
	at ptolemy.actor.util.CausalityInterfaceForComposites._computeInputDepth(CausalityInterfaceForComposites.java:696)
	at ptolemy.actor.util.CausalityInterfaceForComposites._computeOutputPortDepth(CausalityInterfaceForComposites.java:765)
	at ptolemy.actor.util.CausalityInterfaceForComposites._computeInputDepth(CausalityInterfaceForComposites.java:696)
	at ptolemy.actor.util.CausalityInterfaceForComposites._computeOutputPortDepth(CausalityInterfaceForComposites.java:765)
	at ptolemy.actor.util.CausalityInterfaceForComposites._computeInputDepth(CausalityInterfaceForComposites.java:696)
	at ptolemy.actor.util.CausalityInterfaceForComposites._computeActorDepth(CausalityInterfaceForComposites.java:532)
	at ptolemy.actor.util.CausalityInterfaceForComposites.checkForCycles(CausalityInterfaceForComposites.java:96)
	at ptolemy.domains.de.kernel.DEDirector.preinitialize(DEDirector.java:1338)
	at ptolemy.actor.CompositeActor.preinitialize(CompositeActor.java:1828)
	at ptolemy.actor.Manager.preinitializeAndResolveTypes(Manager.java:1040)
	at ptolemy.actor.Manager.initialize(Manager.java:710)
	at ptolemy.actor.Manager.execute(Manager.java:356)
	at ptolemy.actor.Manager.run(Manager.java:1263)
	at ptolemy.actor.Manager$PtolemyRunThread.run(Manager.java:1933)
]]></system-err>
</testsuite>
