<?xml version="1.0" encoding="UTF-8" ?>
<testsuite errors="0" failures="0" hostname="travis-job-e0d204ae-af3e-4508-ab8f-c9f9322a4e51" name="ptolemy.domains.de.test.junit.JUnitTclTest" skipped="0" tests="101" time="139.823" timestamp="2019-10-30T06:06:30">
  <properties>
[...]
</properties>
  <testcase classname="ptolemy.util.test.junit.TclTests" name="[0] /home/travis/build/icyphy/ptII/ptolemy/domains/de/test/DependencyLoop.tcl (RunTclFile)" time="1.401" />
  <testcase classname="ptolemy.util.test.junit.TclTests" name="[1] /home/travis/build/icyphy/ptII/ptolemy/domains/de/test/RunDETestsAsQSS.tcl (RunTclFile)" time="94.547" />
  <testcase classname="ptolemy.util.test.junit.AutoKnownFailedTests" name="[0] /home/travis/build/icyphy/ptII/ptolemy/domains/de/test/auto/knownFailedTests/DESDFClockTest.xml (RunModel)" time="2.04" />
  <testcase classname="ptolemy.util.test.junit.AutoKnownFailedTests" name="[1] /home/travis/build/icyphy/ptII/ptolemy/domains/de/test/auto/knownFailedTests/DirectFeedback.xml (RunModel)" time="0.021" />
  <testcase classname="ptolemy.util.test.junit.AutoKnownFailedTests" name="[2] /home/travis/build/icyphy/ptII/ptolemy/domains/de/test/auto/knownFailedTests/FSMSource.xml (RunModel)" time="0.035" />
  <testcase classname="ptolemy.util.test.junit.AutoKnownFailedTests" name="[3] /home/travis/build/icyphy/ptII/ptolemy/domains/de/test/auto/knownFailedTests/HierarchicalModel.xml (RunModel)" time="0.051" />
  <testcase classname="ptolemy.util.test.junit.AutoKnownFailedTests" name="[4] /home/travis/build/icyphy/ptII/ptolemy/domains/de/test/auto/knownFailedTests/dependencyLoop.xml (RunModel)" time="0.043" />
  <testcase classname="ptolemy.util.test.junit.AutoKnownFailedTests" name="[5] /home/travis/build/icyphy/ptII/ptolemy/domains/de/test/auto/knownFailedTests/dependencyLoop2.xml (RunModel)" time="0.043" />
  <testcase classname="ptolemy.util.test.junit.AutoNameArchTests" name="[0] ThereAreNoAutoArchTests (RunModel)" time="0.007" />
  <testcase classname="ptolemy.util.test.junit.AutoTests" name="[0] /home/travis/build/icyphy/ptII/ptolemy/domains/de/test/auto/ActorDepthCalculation_actorWithoutPorts.xml (RunModel)" time="0.025" />
  <testcase classname="ptolemy.util.test.junit.AutoTests" name="[1] /home/travis/build/icyphy/ptII/ptolemy/domains/de/test/auto/AssemblyLine.xml (RunModel)" time="0.023" />
  <testcase classname="ptolemy.util.test.junit.AutoTests" name="[2] /home/travis/build/icyphy/ptII/ptolemy/domains/de/test/auto/CQBug1.xml (RunModel)" time="0.008" />
  <testcase classname="ptolemy.util.test.junit.AutoTests" name="[3] /home/travis/build/icyphy/ptII/ptolemy/domains/de/test/auto/CancelFireAt.xml (RunModel)" time="0.011" />
  <testcase classname="ptolemy.util.test.junit.AutoTests" name="[4] /home/travis/build/icyphy/ptII/ptolemy/domains/de/test/auto/CausalityAndComposabilityAnalysis.xml (RunModel)" time="0.01" />
  <testcase classname="ptolemy.util.test.junit.AutoTests" name="[5] /home/travis/build/icyphy/ptII/ptolemy/domains/de/test/auto/CausalityInterface1.xml (RunModel)" time="0.012" />
  <testcase classname="ptolemy.util.test.junit.AutoTests" name="[6] /home/travis/build/icyphy/ptII/ptolemy/domains/de/test/auto/CausalityInterface15.xml (RunModel)" time="0.02" />
  <testcase classname="ptolemy.util.test.junit.AutoTests" name="[7] /home/travis/build/icyphy/ptII/ptolemy/domains/de/test/auto/CausalityInterface2.xml (RunModel)" time="0.014" />
  <testcase classname="ptolemy.util.test.junit.AutoTests" name="[8] /home/travis/build/icyphy/ptII/ptolemy/domains/de/test/auto/CausalityInterface3.xml (RunModel)" time="0.016" />
  <testcase classname="ptolemy.util.test.junit.AutoTests" name="[9] /home/travis/build/icyphy/ptII/ptolemy/domains/de/test/auto/ClockDrift.xml (RunModel)" time="0.033" />
  <testcase classname="ptolemy.util.test.junit.AutoTests" name="[10] /home/travis/build/icyphy/ptII/ptolemy/domains/de/test/auto/ClockDriftAndValueChange.xml (RunModel)" time="0.034" />
  <testcase classname="ptolemy.util.test.junit.AutoTests" name="[11] /home/travis/build/icyphy/ptII/ptolemy/domains/de/test/auto/ClockDriftChange.xml (RunModel)" time="0.028" />
  <testcase classname="ptolemy.util.test.junit.AutoTests" name="[12] /home/travis/build/icyphy/ptII/ptolemy/domains/de/test/auto/ComposableCausalityAnalysis.xml (RunModel)" time="0.013" />
  <testcase classname="ptolemy.util.test.junit.AutoTests" name="[13] /home/travis/build/icyphy/ptII/ptolemy/domains/de/test/auto/DEFixedPointLimitation.xml (RunModel)" time="0.008" />
  <testcase classname="ptolemy.util.test.junit.AutoTests" name="[14] /home/travis/build/icyphy/ptII/ptolemy/domains/de/test/auto/DEScheduleTest.xml (RunModel)" time="0.013" />
  <testcase classname="ptolemy.util.test.junit.AutoTests" name="[15] /home/travis/build/icyphy/ptII/ptolemy/domains/de/test/auto/DEinDEwithStartTimes.xml (RunModel)" time="0.027" />
  <testcase classname="ptolemy.util.test.junit.AutoTests" name="[16] /home/travis/build/icyphy/ptII/ptolemy/domains/de/test/auto/DEinDEwithStartTimes2.xml (RunModel)" time="0.017" />
  <testcase classname="ptolemy.util.test.junit.AutoTests" name="[17] /home/travis/build/icyphy/ptII/ptolemy/domains/de/test/auto/DateDemo.xml (RunModel)" time="0.046" />
  <testcase classname="ptolemy.util.test.junit.AutoTests" name="[18] /home/travis/build/icyphy/ptII/ptolemy/domains/de/test/auto/DateToEvent.xml (RunModel)" time="2.057" />
  <testcase classname="ptolemy.util.test.junit.AutoTests" name="[19] /home/travis/build/icyphy/ptII/ptolemy/domains/de/test/auto/DepthTest1.xml (RunModel)" time="0.011" />
  <testcase classname="ptolemy.util.test.junit.AutoTests" name="[20] /home/travis/build/icyphy/ptII/ptolemy/domains/de/test/auto/DepthTest2.xml (RunModel)" time="0.027" />
  <testcase classname="ptolemy.util.test.junit.AutoTests" name="[21] /home/travis/build/icyphy/ptII/ptolemy/domains/de/test/auto/DepthTest3.xml (RunModel)" time="0.011" />
  <testcase classname="ptolemy.util.test.junit.AutoTests" name="[22] /home/travis/build/icyphy/ptII/ptolemy/domains/de/test/auto/DepthTest4.xml (RunModel)" time="0.019" />
  <testcase classname="ptolemy.util.test.junit.AutoTests" name="[23] /home/travis/build/icyphy/ptII/ptolemy/domains/de/test/auto/DepthTest5.xml (RunModel)" time="0.019" />
  <testcase classname="ptolemy.util.test.junit.AutoTests" name="[24] /home/travis/build/icyphy/ptII/ptolemy/domains/de/test/auto/DepthTest6.xml (RunModel)" time="0.019" />
  <testcase classname="ptolemy.util.test.junit.AutoTests" name="[25] /home/travis/build/icyphy/ptII/ptolemy/domains/de/test/auto/DepthTest7.xml (RunModel)" time="0.017" />
  <testcase classname="ptolemy.util.test.junit.AutoTests" name="[26] /home/travis/build/icyphy/ptII/ptolemy/domains/de/test/auto/EventToDate.xml (RunModel)" time="3.06" />
  <testcase classname="ptolemy.util.test.junit.AutoTests" name="[27] /home/travis/build/icyphy/ptII/ptolemy/domains/de/test/auto/FSM1.xml (RunModel)" time="0.043" />
  <testcase classname="ptolemy.util.test.junit.AutoTests" name="[28] /home/travis/build/icyphy/ptII/ptolemy/domains/de/test/auto/FSM7.xml (RunModel)" time="0.037" />
  <testcase classname="ptolemy.util.test.junit.AutoTests" name="[29] /home/travis/build/icyphy/ptII/ptolemy/domains/de/test/auto/Inspection.xml (RunModel)" time="0.035" />
  <testcase classname="ptolemy.util.test.junit.AutoTests" name="[30] /home/travis/build/icyphy/ptII/ptolemy/domains/de/test/auto/Iteration.xml (RunModel)" time="0.02" />
  <testcase classname="ptolemy.util.test.junit.AutoTests" name="[31] /home/travis/build/icyphy/ptII/ptolemy/domains/de/test/auto/LineFault.xml (RunModel)" time="0.6" />
  <testcase classname="ptolemy.util.test.junit.AutoTests" name="[32] /home/travis/build/icyphy/ptII/ptolemy/domains/de/test/auto/MergeModel1Add.xml (RunModel)" time="0.071" />
  <testcase classname="ptolemy.util.test.junit.AutoTests" name="[33] /home/travis/build/icyphy/ptII/ptolemy/domains/de/test/auto/MergeModel2Add.xml (RunModel)" time="0.052" />
  <testcase classname="ptolemy.util.test.junit.AutoTests" name="[34] /home/travis/build/icyphy/ptII/ptolemy/domains/de/test/auto/MergeModel3Add.xml (RunModel)" time="0.063" />
  <testcase classname="ptolemy.util.test.junit.AutoTests" name="[35] /home/travis/build/icyphy/ptII/ptolemy/domains/de/test/auto/MergeWithoutDiscard.xml (RunModel)" time="0.025" />
  <testcase classname="ptolemy.util.test.junit.AutoTests" name="[36] /home/travis/build/icyphy/ptII/ptolemy/domains/de/test/auto/Modal1.xml (RunModel)" time="0.042" />
  <testcase classname="ptolemy.util.test.junit.AutoTests" name="[37] /home/travis/build/icyphy/ptII/ptolemy/domains/de/test/auto/Modal2.xml (RunModel)" time="0.032" />
  <testcase classname="ptolemy.util.test.junit.AutoTests" name="[38] /home/travis/build/icyphy/ptII/ptolemy/domains/de/test/auto/Modal3.xml (RunModel)" time="0.04" />
  <testcase classname="ptolemy.util.test.junit.AutoTests" name="[39] /home/travis/build/icyphy/ptII/ptolemy/domains/de/test/auto/Modal4.xml (RunModel)" time="0.035" />
  <testcase classname="ptolemy.util.test.junit.AutoTests" name="[40] /home/travis/build/icyphy/ptII/ptolemy/domains/de/test/auto/Modal5.xml (RunModel)" time="0.043" />
  <testcase classname="ptolemy.util.test.junit.AutoTests" name="[41] /home/travis/build/icyphy/ptII/ptolemy/domains/de/test/auto/Modal6.xml (RunModel)" time="0.037" />
  <testcase classname="ptolemy.util.test.junit.AutoTests" name="[42] /home/travis/build/icyphy/ptII/ptolemy/domains/de/test/auto/Modal7.xml (RunModel)" time="0.04" />
  <testcase classname="ptolemy.util.test.junit.AutoTests" name="[43] /home/travis/build/icyphy/ptII/ptolemy/domains/de/test/auto/ModalModel.xml (RunModel)" time="0.212" />
  <testcase classname="ptolemy.util.test.junit.AutoTests" name="[44] /home/travis/build/icyphy/ptII/ptolemy/domains/de/test/auto/ModalSource.xml (RunModel)" time="0.031" />
  <testcase classname="ptolemy.util.test.junit.AutoTests" name="[45] /home/travis/build/icyphy/ptII/ptolemy/domains/de/test/auto/NonInterruptibleTimerZeroDelay.xml (RunModel)" time="0.012" />
  <testcase classname="ptolemy.util.test.junit.AutoTests" name="[46] /home/travis/build/icyphy/ptII/ptolemy/domains/de/test/auto/OpenQueueingNetwork.xml (RunModel)" time="2.684" />
  <testcase classname="ptolemy.util.test.junit.AutoTests" name="[47] /home/travis/build/icyphy/ptII/ptolemy/domains/de/test/auto/OpenQueuingNetwork.xml (RunModel)" time="0.305" />
  <testcase classname="ptolemy.util.test.junit.AutoTests" name="[48] /home/travis/build/icyphy/ptII/ptolemy/domains/de/test/auto/PeriodicSampler.xml (RunModel)" time="0.011" />
  <testcase classname="ptolemy.util.test.junit.AutoTests" name="[49] /home/travis/build/icyphy/ptII/ptolemy/domains/de/test/auto/PersistentIO.xml (RunModel)" time="0.025" />
  <testcase classname="ptolemy.util.test.junit.AutoTests" name="[50] /home/travis/build/icyphy/ptII/ptolemy/domains/de/test/auto/PortParameterResetOnInitialize.xml (RunModel)" time="0.014" />
  <testcase classname="ptolemy.util.test.junit.AutoTests" name="[51] /home/travis/build/icyphy/ptII/ptolemy/domains/de/test/auto/PortParameterUpdates.xml (RunModel)" time="0.019" />
  <testcase classname="ptolemy.util.test.junit.AutoTests" name="[52] /home/travis/build/icyphy/ptII/ptolemy/domains/de/test/auto/QueueAndServer.xml (RunModel)" time="0.027" />
  <testcase classname="ptolemy.util.test.junit.AutoTests" name="[53] /home/travis/build/icyphy/ptII/ptolemy/domains/de/test/auto/Records.xml (RunModel)" time="0.019" />
  <testcase classname="ptolemy.util.test.junit.AutoTests" name="[54] /home/travis/build/icyphy/ptII/ptolemy/domains/de/test/auto/ResetTransitionWithStartTime1.xml (RunModel)" time="0.023" />
  <testcase classname="ptolemy.util.test.junit.AutoTests" name="[55] /home/travis/build/icyphy/ptII/ptolemy/domains/de/test/auto/ResetTransitionWithStartTime2.xml (RunModel)" time="0.027" />
  <testcase classname="ptolemy.util.test.junit.AutoTests" name="[56] /home/travis/build/icyphy/ptII/ptolemy/domains/de/test/auto/ResetTransitionWithStartTime3.xml (RunModel)" time="0.023" />
  <testcase classname="ptolemy.util.test.junit.AutoTests" name="[57] /home/travis/build/icyphy/ptII/ptolemy/domains/de/test/auto/ResetTransitionWithStartTime4.xml (RunModel)" time="0.021" />
  <testcase classname="ptolemy.util.test.junit.AutoTests" name="[58] /home/travis/build/icyphy/ptII/ptolemy/domains/de/test/auto/ResettableTimer1.xml (RunModel)" time="0.015" />
  <testcase classname="ptolemy.util.test.junit.AutoTests" name="[59] /home/travis/build/icyphy/ptII/ptolemy/domains/de/test/auto/ResettableTimer2.xml (RunModel)" time="0.013" />
  <testcase classname="ptolemy.util.test.junit.AutoTests" name="[60] /home/travis/build/icyphy/ptII/ptolemy/domains/de/test/auto/ResettableTimer3.xml (RunModel)" time="0.012" />
  <testcase classname="ptolemy.util.test.junit.AutoTests" name="[61] /home/travis/build/icyphy/ptII/ptolemy/domains/de/test/auto/ResettableTimer4.xml (RunModel)" time="0.016" />
  <testcase classname="ptolemy.util.test.junit.AutoTests" name="[62] /home/travis/build/icyphy/ptII/ptolemy/domains/de/test/auto/ResettableTimer5.xml (RunModel)" time="0.019" />
  <testcase classname="ptolemy.util.test.junit.AutoTests" name="[63] /home/travis/build/icyphy/ptII/ptolemy/domains/de/test/auto/ResettableTimer6.xml (RunModel)" time="0.021" />
  <testcase classname="ptolemy.util.test.junit.AutoTests" name="[64] /home/travis/build/icyphy/ptII/ptolemy/domains/de/test/auto/ServerZeroDelay.xml (RunModel)" time="0.019" />
  <testcase classname="ptolemy.util.test.junit.AutoTests" name="[65] /home/travis/build/icyphy/ptII/ptolemy/domains/de/test/auto/SmartSender.xml (RunModel)" time="3.012" />
  <testcase classname="ptolemy.util.test.junit.AutoTests" name="[66] /home/travis/build/icyphy/ptII/ptolemy/domains/de/test/auto/ThreadedComposite.xml (RunModel)" time="0.228" />
  <testcase classname="ptolemy.util.test.junit.AutoTests" name="[67] /home/travis/build/icyphy/ptII/ptolemy/domains/de/test/auto/Time.xml (RunModel)" time="0.503" />
  <testcase classname="ptolemy.util.test.junit.AutoTests" name="[68] /home/travis/build/icyphy/ptII/ptolemy/domains/de/test/auto/TimeDelayZeroDelay.xml (RunModel)" time="0.015" />
  <testcase classname="ptolemy.util.test.junit.AutoTests" name="[69] /home/travis/build/icyphy/ptII/ptolemy/domains/de/test/auto/TimerZeroDelay.xml (RunModel)" time="0.013" />
  <testcase classname="ptolemy.util.test.junit.AutoTests" name="[70] /home/travis/build/icyphy/ptII/ptolemy/domains/de/test/auto/TimingParadox.xml (RunModel)" time="0.378" />
  <testcase classname="ptolemy.util.test.junit.AutoTests" name="[71] /home/travis/build/icyphy/ptII/ptolemy/domains/de/test/auto/TransferInputs.xml (RunModel)" time="0.016" />
  <testcase classname="ptolemy.util.test.junit.AutoTests" name="[72] /home/travis/build/icyphy/ptII/ptolemy/domains/de/test/auto/TransferOutputs2.xml (RunModel)" time="0.017" />
  <testcase classname="ptolemy.util.test.junit.AutoTests" name="[73] /home/travis/build/icyphy/ptII/ptolemy/domains/de/test/auto/Trilateration.xml (RunModel)" time="14.223" />
  <testcase classname="ptolemy.util.test.junit.AutoTests" name="[74] /home/travis/build/icyphy/ptII/ptolemy/domains/de/test/auto/TwoSigmaDelta.xml (RunModel)" time="2.157" />
  <testcase classname="ptolemy.util.test.junit.AutoTests" name="[75] /home/travis/build/icyphy/ptII/ptolemy/domains/de/test/auto/VariableDelay.xml (RunModel)" time="0.012" />
  <testcase classname="ptolemy.util.test.junit.AutoTests" name="[76] /home/travis/build/icyphy/ptII/ptolemy/domains/de/test/auto/VariableDelay2.xml (RunModel)" time="0.009" />
  <testcase classname="ptolemy.util.test.junit.AutoTests" name="[77] /home/travis/build/icyphy/ptII/ptolemy/domains/de/test/auto/VariableDelayZeroDelay.xml (RunModel)" time="0.013" />
  <testcase classname="ptolemy.util.test.junit.AutoTests" name="[78] /home/travis/build/icyphy/ptII/ptolemy/domains/de/test/auto/VariableDelayZeroDelay2.xml (RunModel)" time="0.012" />
  <testcase classname="ptolemy.util.test.junit.AutoTests" name="[79] /home/travis/build/icyphy/ptII/ptolemy/domains/de/test/auto/deInCt.xml (RunModel)" time="0.017" />
  <testcase classname="ptolemy.util.test.junit.AutoTests" name="[80] /home/travis/build/icyphy/ptII/ptolemy/domains/de/test/auto/deInCt2.xml (RunModel)" time="0.017" />
  <testcase classname="ptolemy.util.test.junit.AutoTests" name="[81] /home/travis/build/icyphy/ptII/ptolemy/domains/de/test/auto/dynamicCausalityInterface1.xml (RunModel)" time="0.016" />
  <testcase classname="ptolemy.util.test.junit.AutoTests" name="[82] /home/travis/build/icyphy/ptII/ptolemy/domains/de/test/auto/fsm_de_test.xml (RunModel)" time="0.023" />
  <testcase classname="ptolemy.util.test.junit.AutoTests" name="[83] /home/travis/build/icyphy/ptII/ptolemy/domains/de/test/auto/functionDependencyReconstruction.xml (RunModel)" time="0.028" />
  <testcase classname="ptolemy.util.test.junit.AutoTests" name="[84] /home/travis/build/icyphy/ptII/ptolemy/domains/de/test/auto/multirate.xml (RunModel)" time="0.014" />
  <testcase classname="ptolemy.util.test.junit.AutoTests" name="[85] /home/travis/build/icyphy/ptII/ptolemy/domains/de/test/auto/multirate2.xml (RunModel)" time="0.016" />
  <testcase classname="ptolemy.util.test.junit.AutoTests" name="[86] /home/travis/build/icyphy/ptII/ptolemy/domains/de/test/auto/realtime.xml (RunModel)" time="10.017" />
  <testcase classname="ptolemy.util.test.junit.AutoTests" name="[87] /home/travis/build/icyphy/ptII/ptolemy/domains/de/test/auto/relationGroup.xml (RunModel)" time="0.016" />
  <testcase classname="ptolemy.util.test.junit.AutoTests" name="[88] /home/travis/build/icyphy/ptII/ptolemy/domains/de/test/auto/relationGroup2.xml (RunModel)" time="0.012" />
  <testcase classname="ptolemy.util.test.junit.AutoTests" name="[89] /home/travis/build/icyphy/ptII/ptolemy/domains/de/test/auto/sortWithOpaquePorts.xml (RunModel)" time="0.02" />
  <testcase classname="ptolemy.util.test.junit.AutoTests" name="[90] /home/travis/build/icyphy/ptII/ptolemy/domains/de/test/auto/transferInputsandOutputs.xml (RunModel)" time="0.024" />
  <testcase classname="ptolemy.util.test.junit.AutoTests" name="[91] /home/travis/build/icyphy/ptII/ptolemy/domains/de/test/auto/triggerType.xml (RunModel)" time="0.013" />
  <system-out><![CDATA[/home/travis/build/icyphy/ptII/ptolemy/domains/de/test/DependencyLoop.tcl
testDefs.tcl: setting time out to 9000 seconds at Wed Oct 30 06:06:30 UTC 2019
109 ms. Memory: 120832K Free: 72128K (60%)
25 ms. Memory: 120832K Free: 54706K (45%)
/home/travis/build/icyphy/ptII/ptolemy/domains/de/test/RunDETestsAsQSS.tcl
Run the DE tests using ptolemy.domains.qss.test.QSSDirectorTest, which extends QSSDirector and prints a message in the constructors.
------------------ testing $PTII/ptolemy/domains/de/test/auto/knownFailedTests/DirectFeedback.xml (Known Failure) 
68 ms. Memory: 120832K Free: 48576K (40%)


==== $PTIIhome/travis/build/icyphy/ptII/ptolemy/domains/de/test/../../../../: Auto Automatic test in file $PTII/ptolemy/domains/de/test/auto/knownFailedTests/DirectFeedback.xml
==== Contents of test case:

	    # FIXME: we should use $relativeFilename here, but it
	    # might have backslashes under Windows, which causes no end
	    # of trouble.
	    createAndExecute $file
	    list {}
	
.... Test generated KNOWN error:
    while executing
ptolemy.kernel.util.IllegalActionException: Test fails in iteration 1.
Value was: 1.0. Should have been: 2.0
  in .DirectFeedback.Test
	at ptolemy.actor.lib.Test.fire(Test.java:268)
	at ptolemy.domains.de.kernel.DEDirector._fire(DEDirector.java:1949)
	at ptolemy.domains.de.kernel.DEDirector.fire(DEDirector.java:502)
	at ptolemy.actor.CompositeActor.fire(CompositeActor.java:455)
	at ptolemy.actor.Manager.iterate(Manager.java:851)
	at ptolemy.actor.Manager.execute(Manager.java:369)
	at ptolemy.actor.Manager.run(Manager.java:1263)
	at ptolemy.actor.Manager$PtolemyRunThread.run(Manager.java:1933)

    while executing
ptolemy.kernel.util.IllegalActionException: Test fails in iteration 1.
Value was: 1.0. Should have been: 2.0
  in .DirectFeedback.Test
    while executing
"java::new ptolemy.moml.MoMLSimpleApplication $file
"
    (procedure "createAndExecute" line 2)
    invoked from within
"createAndExecute $file"
    ("uplevel" body line 5)
    invoked from within
"uplevel $contents_of_test"
------------------ testing $PTII/ptolemy/domains/de/test/auto/knownFailedTests/dependencyLoop.xml (Known Failure) 
65 ms. Memory: 120832K Free: 108223K (90%)


==== $PTIIhome/travis/build/icyphy/ptII/ptolemy/domains/de/test/../../../../: Auto Automatic test in file $PTII/ptolemy/domains/de/test/auto/knownFailedTests/dependencyLoop.xml
==== Contents of test case:

	    # FIXME: we should use $relativeFilename here, but it
	    # might have backslashes under Windows, which causes no end
	    # of trouble.
	    createAndExecute $file
	    list {}
	
.... Test generated KNOWN error:
    while executing
ptolemy.kernel.util.IllegalActionException: Found a zero delay loop containing .dependencyLoop.original
  in .dependencyLoop and .dependencyLoop.original
	at ptolemy.actor.util.CausalityInterfaceForComposites._computeOutputPortDepth(CausalityInterfaceForComposites.java:759)
	at ptolemy.actor.util.CausalityInterfaceForComposites._computeInputDepth(CausalityInterfaceForComposites.java:696)
	at ptolemy.actor.util.CausalityInterfaceForComposites._computeOutputPortDepth(CausalityInterfaceForComposites.java:765)
	at ptolemy.actor.util.CausalityInterfaceForComposites._computeInputDepth(CausalityInterfaceForComposites.java:696)
	at ptolemy.actor.util.CausalityInterfaceForComposites._computeOutputPortDepth(CausalityInterfaceForComposites.java:765)
	at ptolemy.actor.util.CausalityInterfaceForComposites._computeInputDepth(CausalityInterfaceForComposites.java:696)
	at ptolemy.actor.util.CausalityInterfaceForComposites._computeActorDepth(CausalityInterfaceForComposites.java:532)
	at ptolemy.actor.util.CausalityInterfaceForComposites.checkForCycles(CausalityInterfaceForComposites.java:96)
	at ptolemy.domains.de.kernel.DEDirector.preinitialize(DEDirector.java:1338)
	at ptolemy.actor.CompositeActor.preinitialize(CompositeActor.java:1828)
	at ptolemy.actor.Manager.preinitializeAndResolveTypes(Manager.java:1040)
	at ptolemy.actor.Manager.initialize(Manager.java:710)
	at ptolemy.actor.Manager.execute(Manager.java:356)
	at ptolemy.actor.Manager.run(Manager.java:1263)
	at ptolemy.actor.Manager$PtolemyRunThread.run(Manager.java:1933)

    while executing
ptolemy.kernel.util.IllegalActionException: Found a zero delay loop containing .dependencyLoop.original
  in .dependencyLoop and .dependencyLoop.original
    while executing
"java::new ptolemy.moml.MoMLSimpleApplication $file
"
    (procedure "createAndExecute" line 2)
    invoked from within
"createAndExecute $file"
    ("uplevel" body line 5)
    invoked from within
"uplevel $contents_of_test"
------------------ testing $PTII/ptolemy/domains/de/test/auto/knownFailedTests/FSMSource.xml (Known Failure) 
95 ms. Memory: 120832K Free: 99510K (82%)
!!!! Auto was marked as failing, but now passes
------------------ testing $PTII/ptolemy/domains/de/test/auto/knownFailedTests/HierarchicalModel.xml (Known Failure) 
7 ms. Memory: 120832K Free: 81634K (68%)


==== $PTIIhome/travis/build/icyphy/ptII/ptolemy/domains/de/test/../../../../: Auto Automatic test in file $PTII/ptolemy/domains/de/test/auto/knownFailedTests/HierarchicalModel.xml
==== Contents of test case:

	    # FIXME: we should use $relativeFilename here, but it
	    # might have backslashes under Windows, which causes no end
	    # of trouble.
	    createAndExecute $file
	    list {}
	
.... Test generated KNOWN error:
    while executing
ptolemy.kernel.util.IllegalActionException: Found a zero delay loop containing .HierarchicalModel.A
  in .HierarchicalModel and .HierarchicalModel.A
	at ptolemy.actor.util.CausalityInterfaceForComposites._computeOutputPortDepth(CausalityInterfaceForComposites.java:759)
	at ptolemy.actor.util.CausalityInterfaceForComposites._computeInputDepth(CausalityInterfaceForComposites.java:696)
	at ptolemy.actor.util.CausalityInterfaceForComposites._computeOutputPortDepth(CausalityInterfaceForComposites.java:765)
	at ptolemy.actor.util.CausalityInterfaceForComposites._computeInputDepth(CausalityInterfaceForComposites.java:696)
	at ptolemy.actor.util.CausalityInterfaceForComposites._computeOutputPortDepth(CausalityInterfaceForComposites.java:765)
	at ptolemy.actor.util.CausalityInterfaceForComposites._computeInputDepth(CausalityInterfaceForComposites.java:696)
	at ptolemy.actor.util.CausalityInterfaceForComposites._computeActorDepth(CausalityInterfaceForComposites.java:532)
	at ptolemy.actor.util.CausalityInterfaceForComposites.checkForCycles(CausalityInterfaceForComposites.java:96)
	at ptolemy.domains.de.kernel.DEDirector.preinitialize(DEDirector.java:1338)
	at ptolemy.actor.CompositeActor.preinitialize(CompositeActor.java:1828)
	at ptolemy.actor.Manager.preinitializeAndResolveTypes(Manager.java:1040)
	at ptolemy.actor.Manager.initialize(Manager.java:710)
	at ptolemy.actor.Manager.execute(Manager.java:356)
	at ptolemy.actor.Manager.run(Manager.java:1263)
	at ptolemy.actor.Manager$PtolemyRunThread.run(Manager.java:1933)

    while executing
ptolemy.kernel.util.IllegalActionException: Found a zero delay loop containing .HierarchicalModel.A
  in .HierarchicalModel and .HierarchicalModel.A
    while executing
"java::new ptolemy.moml.MoMLSimpleApplication $file
"
    (procedure "createAndExecute" line 2)
    invoked from within
"createAndExecute $file"
    ("uplevel" body line 5)
    invoked from within
"uplevel $contents_of_test"
------------------ testing $PTII/ptolemy/domains/de/test/auto/knownFailedTests/dependencyLoop2.xml (Known Failure) 
25 ms. Memory: 120832K Free: 105310K (87%)


==== $PTIIhome/travis/build/icyphy/ptII/ptolemy/domains/de/test/../../../../: Auto Automatic test in file $PTII/ptolemy/domains/de/test/auto/knownFailedTests/dependencyLoop2.xml
==== Contents of test case:

	    # FIXME: we should use $relativeFilename here, but it
	    # might have backslashes under Windows, which causes no end
	    # of trouble.
	    createAndExecute $file
	    list {}
	
.... Test generated KNOWN error:
    while executing
ptolemy.kernel.util.IllegalActionException: Found a zero delay loop containing .dependencyLoop2.original
  in .dependencyLoop2 and .dependencyLoop2.original
	at ptolemy.actor.util.CausalityInterfaceForComposites._computeOutputPortDepth(CausalityInterfaceForComposites.java:759)
	at ptolemy.actor.util.CausalityInterfaceForComposites._computeInputDepth(CausalityInterfaceForComposites.java:696)
	at ptolemy.actor.util.CausalityInterfaceForComposites._computeOutputPortDepth(CausalityInterfaceForComposites.java:765)
	at ptolemy.actor.util.CausalityInterfaceForComposites._computeInputDepth(CausalityInterfaceForComposites.java:696)
	at ptolemy.actor.util.CausalityInterfaceForComposites._computeOutputPortDepth(CausalityInterfaceForComposites.java:765)
	at ptolemy.actor.util.CausalityInterfaceForComposites._computeInputDepth(CausalityInterfaceForComposites.java:696)
	at ptolemy.actor.util.CausalityInterfaceForComposites._computeActorDepth(CausalityInterfaceForComposites.java:532)
	at ptolemy.actor.util.CausalityInterfaceForComposites.checkForCycles(CausalityInterfaceForComposites.java:96)
	at ptolemy.domains.de.kernel.DEDirector.preinitialize(DEDirector.java:1338)
	at ptolemy.actor.CompositeActor.preinitialize(CompositeActor.java:1828)
	at ptolemy.actor.Manager.preinitializeAndResolveTypes(Manager.java:1040)
	at ptolemy.actor.Manager.initialize(Manager.java:710)
	at ptolemy.actor.Manager.execute(Manager.java:356)
	at ptolemy.actor.Manager.run(Manager.java:1263)
	at ptolemy.actor.Manager$PtolemyRunThread.run(Manager.java:1933)

    while executing
ptolemy.kernel.util.IllegalActionException: Found a zero delay loop containing .dependencyLoop2.original
  in .dependencyLoop2 and .dependencyLoop2.original
    while executing
"java::new ptolemy.moml.MoMLSimpleApplication $file
"
    (procedure "createAndExecute" line 2)
    invoked from within
"createAndExecute $file"
    ("uplevel" body line 5)
    invoked from within
"uplevel $contents_of_test"
------------------ testing $PTII/ptolemy/domains/de/test/auto/knownFailedTests/DESDFClockTest.xml (Known Failure) 
2072 ms. Memory: 120832K Free: 92324K (76%)


==== $PTIIhome/travis/build/icyphy/ptII/ptolemy/domains/de/test/../../../../: Auto Automatic test in file $PTII/ptolemy/domains/de/test/auto/knownFailedTests/DESDFClockTest.xml
==== Contents of test case:

	    # FIXME: we should use $relativeFilename here, but it
	    # might have backslashes under Windows, which causes no end
	    # of trouble.
	    createAndExecute $file
	    list {}
	
.... Test generated KNOWN error:
    while executing
ptolemy.kernel.util.IllegalActionException: Actor is not ready to fire.  Perhaps UpSample.prefire() returned false? Try debugging the actor by selecting "Listen to Actor".  Also, for SDF check moml for tokenConsumptionRate on input.
  in .DESDFClockTest.Play Bell.Copy1:SDF Director and .DESDFClockTest.Play Bell.UpSample
	at ptolemy.actor.sched.StaticSchedulingDirector.fire(StaticSchedulingDirector.java:227)
	at ptolemy.domains.sdf.kernel.SDFDirector.fire(SDFDirector.java:500)
	at ptolemy.actor.CompositeActor.fire(CompositeActor.java:455)
	at ptolemy.domains.de.kernel.DEDirector._fire(DEDirector.java:1949)
	at ptolemy.domains.de.kernel.DEDirector.fire(DEDirector.java:502)
	at ptolemy.actor.CompositeActor.fire(CompositeActor.java:455)
	at ptolemy.actor.Manager.iterate(Manager.java:851)
	at ptolemy.actor.Manager.execute(Manager.java:369)
	at ptolemy.actor.Manager.run(Manager.java:1263)
	at ptolemy.actor.Manager$PtolemyRunThread.run(Manager.java:1933)

    while executing
ptolemy.kernel.util.IllegalActionException: Actor is not ready to fire.  Perhaps UpSample.prefire() returned false? Try debugging the actor by selecting "Listen to Actor".  Also, for SDF check moml for tokenConsumptionRate on input.
  in .DESDFClockTest.Play Bell.Copy1:SDF Director and .DESDFClockTest.Play Bell.UpSample
    while executing
"java::new ptolemy.moml.MoMLSimpleApplication $file
"
    (procedure "createAndExecute" line 2)
    invoked from within
"createAndExecute $file"
    ("uplevel" body line 5)
    invoked from within
"uplevel $contents_of_test"
------------------ testing $PTII/ptolemy/domains/de/test/auto/ActorDepthCalculation_actorWithoutPorts.xml
auto.tcl: Setting watchdog for 200 seconds at Wed Oct 30 06:06:35 UTC 2019
11 ms. Memory: 120832K Free: 84830K (70%)
ptolemy.util.test.WatchDog.cancel(): canceling Wed Oct 30 06:06:35 UTC 2019
auto.tcl: Setting watchdog for 200 seconds at Wed Oct 30 06:06:35 UTC 2019
4 ms. Memory: 120832K Free: 83806K (69%)
ptolemy.util.test.WatchDog.cancel(): canceling Wed Oct 30 06:06:35 UTC 2019
------------------ testing $PTII/ptolemy/domains/de/test/auto/AssemblyLine.xml
auto.tcl: Setting watchdog for 200 seconds at Wed Oct 30 06:06:35 UTC 2019
8 ms. Memory: 48128K Free: 25512K (53%)
ptolemy.util.test.WatchDog.cancel(): canceling Wed Oct 30 06:06:35 UTC 2019
auto.tcl: Setting watchdog for 200 seconds at Wed Oct 30 06:06:35 UTC 2019
8 ms. Memory: 48128K Free: 25078K (52%)
ptolemy.util.test.WatchDog.cancel(): canceling Wed Oct 30 06:06:35 UTC 2019
------------------ testing $PTII/ptolemy/domains/de/test/auto/CQBug1.xml
auto.tcl: Setting watchdog for 200 seconds at Wed Oct 30 06:06:35 UTC 2019
5 ms. Memory: 48128K Free: 31582K (66%)
ptolemy.util.test.WatchDog.cancel(): canceling Wed Oct 30 06:06:35 UTC 2019
auto.tcl: Setting watchdog for 200 seconds at Wed Oct 30 06:06:35 UTC 2019
2 ms. Memory: 48128K Free: 31181K (65%)
ptolemy.util.test.WatchDog.cancel(): canceling Wed Oct 30 06:06:35 UTC 2019
------------------ testing $PTII/ptolemy/domains/de/test/auto/CancelFireAt.xml
auto.tcl: Setting watchdog for 200 seconds at Wed Oct 30 06:06:35 UTC 2019
3 ms. Memory: 45056K Free: 29485K (65%)
ptolemy.util.test.WatchDog.cancel(): canceling Wed Oct 30 06:06:35 UTC 2019
auto.tcl: Setting watchdog for 200 seconds at Wed Oct 30 06:06:35 UTC 2019
2 ms. Memory: 45056K Free: 29092K (65%)
ptolemy.util.test.WatchDog.cancel(): canceling Wed Oct 30 06:06:35 UTC 2019
------------------ testing $PTII/ptolemy/domains/de/test/auto/CausalityAndComposabilityAnalysis.xml
auto.tcl: Setting watchdog for 200 seconds at Wed Oct 30 06:06:35 UTC 2019
19 ms. Memory: 45056K Free: 27422K (61%)
ptolemy.util.test.WatchDog.cancel(): canceling Wed Oct 30 06:06:35 UTC 2019
auto.tcl: Setting watchdog for 200 seconds at Wed Oct 30 06:06:35 UTC 2019
6 ms. Memory: 45056K Free: 27037K (60%)
ptolemy.util.test.WatchDog.cancel(): canceling Wed Oct 30 06:06:36 UTC 2019
------------------ testing $PTII/ptolemy/domains/de/test/auto/CausalityInterface1.xml
auto.tcl: Setting watchdog for 200 seconds at Wed Oct 30 06:06:36 UTC 2019
40 ms. Memory: 45056K Free: 26379K (59%)
ptolemy.util.test.WatchDog.cancel(): canceling Wed Oct 30 06:06:36 UTC 2019
auto.tcl: Setting watchdog for 200 seconds at Wed Oct 30 06:06:36 UTC 2019
5 ms. Memory: 45056K Free: 25424K (56%)
ptolemy.util.test.WatchDog.cancel(): canceling Wed Oct 30 06:06:36 UTC 2019
------------------ testing $PTII/ptolemy/domains/de/test/auto/CausalityInterface15.xml
auto.tcl: Setting watchdog for 200 seconds at Wed Oct 30 06:06:36 UTC 2019
15 ms. Memory: 45056K Free: 25943K (58%)
ptolemy.util.test.WatchDog.cancel(): canceling Wed Oct 30 06:06:36 UTC 2019
auto.tcl: Setting watchdog for 200 seconds at Wed Oct 30 06:06:36 UTC 2019
9 ms. Memory: 45056K Free: 25267K (56%)
ptolemy.util.test.WatchDog.cancel(): canceling Wed Oct 30 06:06:36 UTC 2019
------------------ testing $PTII/ptolemy/domains/de/test/auto/CausalityInterface2.xml
auto.tcl: Setting watchdog for 200 seconds at Wed Oct 30 06:06:36 UTC 2019
6 ms. Memory: 45056K Free: 26440K (59%)
ptolemy.util.test.WatchDog.cancel(): canceling Wed Oct 30 06:06:36 UTC 2019
auto.tcl: Setting watchdog for 200 seconds at Wed Oct 30 06:06:36 UTC 2019
4 ms. Memory: 45056K Free: 25681K (57%)
ptolemy.util.test.WatchDog.cancel(): canceling Wed Oct 30 06:06:36 UTC 2019
------------------ testing $PTII/ptolemy/domains/de/test/auto/CausalityInterface3.xml
auto.tcl: Setting watchdog for 200 seconds at Wed Oct 30 06:06:36 UTC 2019
8 ms. Memory: 45056K Free: 26451K (59%)
ptolemy.util.test.WatchDog.cancel(): canceling Wed Oct 30 06:06:36 UTC 2019
auto.tcl: Setting watchdog for 200 seconds at Wed Oct 30 06:06:36 UTC 2019
4 ms. Memory: 45056K Free: 25699K (57%)
ptolemy.util.test.WatchDog.cancel(): canceling Wed Oct 30 06:06:36 UTC 2019
------------------ testing $PTII/ptolemy/domains/de/test/auto/ClockDrift.xml
auto.tcl: Setting watchdog for 200 seconds at Wed Oct 30 06:06:36 UTC 2019
62 ms. Memory: 45056K Free: 19045K (42%)
ptolemy.util.test.WatchDog.cancel(): canceling Wed Oct 30 06:06:36 UTC 2019
auto.tcl: Setting watchdog for 200 seconds at Wed Oct 30 06:06:36 UTC 2019
90 ms. Memory: 45056K Free: 16056K (36%)
ptolemy.util.test.WatchDog.cancel(): canceling Wed Oct 30 06:06:36 UTC 2019
------------------ testing $PTII/ptolemy/domains/de/test/auto/ClockDriftAndValueChange.xml
auto.tcl: Setting watchdog for 200 seconds at Wed Oct 30 06:06:36 UTC 2019
47 ms. Memory: 45056K Free: 19114K (42%)
ptolemy.util.test.WatchDog.cancel(): canceling Wed Oct 30 06:06:36 UTC 2019
auto.tcl: Setting watchdog for 200 seconds at Wed Oct 30 06:06:36 UTC 2019
28 ms. Memory: 45056K Free: 16270K (36%)
ptolemy.util.test.WatchDog.cancel(): canceling Wed Oct 30 06:06:37 UTC 2019
------------------ testing $PTII/ptolemy/domains/de/test/auto/ClockDriftChange.xml
auto.tcl: Setting watchdog for 200 seconds at Wed Oct 30 06:06:37 UTC 2019
21 ms. Memory: 45056K Free: 21173K (47%)
ptolemy.util.test.WatchDog.cancel(): canceling Wed Oct 30 06:06:37 UTC 2019
auto.tcl: Setting watchdog for 200 seconds at Wed Oct 30 06:06:37 UTC 2019
15 ms. Memory: 45056K Free: 18323K (41%)
ptolemy.util.test.WatchDog.cancel(): canceling Wed Oct 30 06:06:37 UTC 2019
------------------ testing $PTII/ptolemy/domains/de/test/auto/ComposableCausalityAnalysis.xml
auto.tcl: Setting watchdog for 200 seconds at Wed Oct 30 06:06:37 UTC 2019
2 ms. Memory: 45056K Free: 25814K (57%)
ptolemy.util.test.WatchDog.cancel(): canceling Wed Oct 30 06:06:37 UTC 2019
auto.tcl: Setting watchdog for 200 seconds at Wed Oct 30 06:06:37 UTC 2019
5 ms. Memory: 45056K Free: 24791K (55%)
ptolemy.util.test.WatchDog.cancel(): canceling Wed Oct 30 06:06:37 UTC 2019
------------------ testing $PTII/ptolemy/domains/de/test/auto/DEFixedPointLimitation.xml
auto.tcl: Setting watchdog for 200 seconds at Wed Oct 30 06:06:37 UTC 2019
3 ms. Memory: 45056K Free: 27144K (60%)
ptolemy.util.test.WatchDog.cancel(): canceling Wed Oct 30 06:06:37 UTC 2019
auto.tcl: Setting watchdog for 200 seconds at Wed Oct 30 06:06:37 UTC 2019
2 ms. Memory: 45056K Free: 26241K (58%)
ptolemy.util.test.WatchDog.cancel(): canceling Wed Oct 30 06:06:37 UTC 2019
------------------ testing $PTII/ptolemy/domains/de/test/auto/DEScheduleTest.xml
auto.tcl: Setting watchdog for 200 seconds at Wed Oct 30 06:06:37 UTC 2019
4 ms. Memory: 45056K Free: 27445K (61%)
ptolemy.util.test.WatchDog.cancel(): canceling Wed Oct 30 06:06:37 UTC 2019
auto.tcl: Setting watchdog for 200 seconds at Wed Oct 30 06:06:37 UTC 2019
2 ms. Memory: 45056K Free: 26687K (59%)
ptolemy.util.test.WatchDog.cancel(): canceling Wed Oct 30 06:06:37 UTC 2019
------------------ testing $PTII/ptolemy/domains/de/test/auto/DEinDEwithStartTimes.xml
auto.tcl: Setting watchdog for 200 seconds at Wed Oct 30 06:06:37 UTC 2019
5 ms. Memory: 45056K Free: 25648K (57%)
ptolemy.util.test.WatchDog.cancel(): canceling Wed Oct 30 06:06:37 UTC 2019
auto.tcl: Setting watchdog for 200 seconds at Wed Oct 30 06:06:37 UTC 2019
3 ms. Memory: 45056K Free: 24565K (55%)
ptolemy.util.test.WatchDog.cancel(): canceling Wed Oct 30 06:06:37 UTC 2019
------------------ testing $PTII/ptolemy/domains/de/test/auto/DEinDEwithStartTimes2.xml
auto.tcl: Setting watchdog for 200 seconds at Wed Oct 30 06:06:37 UTC 2019
6 ms. Memory: 45056K Free: 24905K (55%)
ptolemy.util.test.WatchDog.cancel(): canceling Wed Oct 30 06:06:37 UTC 2019
auto.tcl: Setting watchdog for 200 seconds at Wed Oct 30 06:06:37 UTC 2019
3 ms. Memory: 45056K Free: 23520K (52%)
ptolemy.util.test.WatchDog.cancel(): canceling Wed Oct 30 06:06:37 UTC 2019
------------------ testing $PTII/ptolemy/domains/de/test/auto/DateDemo.xml
auto.tcl: Setting watchdog for 200 seconds at Wed Oct 30 06:06:37 UTC 2019
19 ms. Memory: 45056K Free: 19182K (43%)
ptolemy.util.test.WatchDog.cancel(): canceling Wed Oct 30 06:06:37 UTC 2019
auto.tcl: Setting watchdog for 200 seconds at Wed Oct 30 06:06:37 UTC 2019
7 ms. Memory: 45056K Free: 17665K (39%)
ptolemy.util.test.WatchDog.cancel(): canceling Wed Oct 30 06:06:37 UTC 2019
------------------ testing $PTII/ptolemy/domains/de/test/auto/DateToEvent.xml
auto.tcl: Setting watchdog for 200 seconds at Wed Oct 30 06:06:37 UTC 2019
2024 ms. Memory: 45056K Free: 15084K (33%)
ptolemy.util.test.WatchDog.cancel(): canceling Wed Oct 30 06:06:39 UTC 2019
auto.tcl: Setting watchdog for 200 seconds at Wed Oct 30 06:06:39 UTC 2019
2004 ms. Memory: 45056K Free: 14363K (32%)
ptolemy.util.test.WatchDog.cancel(): canceling Wed Oct 30 06:06:41 UTC 2019
------------------ testing $PTII/ptolemy/domains/de/test/auto/DepthTest1.xml
auto.tcl: Setting watchdog for 200 seconds at Wed Oct 30 06:06:41 UTC 2019
2 ms. Memory: 45056K Free: 28371K (63%)
ptolemy.util.test.WatchDog.cancel(): canceling Wed Oct 30 06:06:41 UTC 2019
auto.tcl: Setting watchdog for 200 seconds at Wed Oct 30 06:06:41 UTC 2019
1 ms. Memory: 45056K Free: 27863K (62%)
ptolemy.util.test.WatchDog.cancel(): canceling Wed Oct 30 06:06:41 UTC 2019
------------------ testing $PTII/ptolemy/domains/de/test/auto/DepthTest2.xml
auto.tcl: Setting watchdog for 200 seconds at Wed Oct 30 06:06:41 UTC 2019
9 ms. Memory: 45056K Free: 25010K (56%)
ptolemy.util.test.WatchDog.cancel(): canceling Wed Oct 30 06:06:41 UTC 2019
auto.tcl: Setting watchdog for 200 seconds at Wed Oct 30 06:06:41 UTC 2019
7 ms. Memory: 45056K Free: 24620K (55%)
ptolemy.util.test.WatchDog.cancel(): canceling Wed Oct 30 06:06:41 UTC 2019
------------------ testing $PTII/ptolemy/domains/de/test/auto/DepthTest3.xml
auto.tcl: Setting watchdog for 200 seconds at Wed Oct 30 06:06:41 UTC 2019
3 ms. Memory: 45056K Free: 28707K (64%)
ptolemy.util.test.WatchDog.cancel(): canceling Wed Oct 30 06:06:42 UTC 2019
auto.tcl: Setting watchdog for 200 seconds at Wed Oct 30 06:06:42 UTC 2019
2 ms. Memory: 45056K Free: 28178K (63%)
ptolemy.util.test.WatchDog.cancel(): canceling Wed Oct 30 06:06:42 UTC 2019
------------------ testing $PTII/ptolemy/domains/de/test/auto/DepthTest4.xml
auto.tcl: Setting watchdog for 200 seconds at Wed Oct 30 06:06:42 UTC 2019
8 ms. Memory: 45056K Free: 26781K (59%)
ptolemy.util.test.WatchDog.cancel(): canceling Wed Oct 30 06:06:42 UTC 2019
auto.tcl: Setting watchdog for 200 seconds at Wed Oct 30 06:06:42 UTC 2019
3 ms. Memory: 45056K Free: 26054K (58%)
ptolemy.util.test.WatchDog.cancel(): canceling Wed Oct 30 06:06:42 UTC 2019
------------------ testing $PTII/ptolemy/domains/de/test/auto/DepthTest5.xml
auto.tcl: Setting watchdog for 200 seconds at Wed Oct 30 06:06:42 UTC 2019
6 ms. Memory: 45056K Free: 25876K (57%)
ptolemy.util.test.WatchDog.cancel(): canceling Wed Oct 30 06:06:42 UTC 2019
auto.tcl: Setting watchdog for 200 seconds at Wed Oct 30 06:06:42 UTC 2019
4 ms. Memory: 45056K Free: 25493K (57%)
ptolemy.util.test.WatchDog.cancel(): canceling Wed Oct 30 06:06:42 UTC 2019
------------------ testing $PTII/ptolemy/domains/de/test/auto/DepthTest6.xml
auto.tcl: Setting watchdog for 200 seconds at Wed Oct 30 06:06:42 UTC 2019
6 ms. Memory: 45056K Free: 25905K (57%)
ptolemy.util.test.WatchDog.cancel(): canceling Wed Oct 30 06:06:42 UTC 2019
auto.tcl: Setting watchdog for 200 seconds at Wed Oct 30 06:06:42 UTC 2019
4 ms. Memory: 45056K Free: 25356K (56%)
ptolemy.util.test.WatchDog.cancel(): canceling Wed Oct 30 06:06:42 UTC 2019
------------------ testing $PTII/ptolemy/domains/de/test/auto/DepthTest7.xml
auto.tcl: Setting watchdog for 200 seconds at Wed Oct 30 06:06:42 UTC 2019
7 ms. Memory: 45056K Free: 26699K (59%)
ptolemy.util.test.WatchDog.cancel(): canceling Wed Oct 30 06:06:42 UTC 2019
auto.tcl: Setting watchdog for 200 seconds at Wed Oct 30 06:06:42 UTC 2019
4 ms. Memory: 45056K Free: 25953K (58%)
ptolemy.util.test.WatchDog.cancel(): canceling Wed Oct 30 06:06:42 UTC 2019
------------------ testing $PTII/ptolemy/domains/de/test/auto/EventToDate.xml
auto.tcl: Setting watchdog for 200 seconds at Wed Oct 30 06:06:42 UTC 2019
3009 ms. Memory: 45056K Free: 17263K (38%)
ptolemy.util.test.WatchDog.cancel(): canceling Wed Oct 30 06:06:45 UTC 2019
auto.tcl: Setting watchdog for 200 seconds at Wed Oct 30 06:06:45 UTC 2019
3005 ms. Memory: 45056K Free: 16782K (37%)
ptolemy.util.test.WatchDog.cancel(): canceling Wed Oct 30 06:06:48 UTC 2019
------------------ testing $PTII/ptolemy/domains/de/test/auto/FSM1.xml
auto.tcl: Setting watchdog for 200 seconds at Wed Oct 30 06:06:48 UTC 2019
33 ms. Memory: 45056K Free: 18703K (42%)
ptolemy.util.test.WatchDog.cancel(): canceling Wed Oct 30 06:06:48 UTC 2019
auto.tcl: Setting watchdog for 200 seconds at Wed Oct 30 06:06:48 UTC 2019
23 ms. Memory: 45056K Free: 15446K (34%)
ptolemy.util.test.WatchDog.cancel(): canceling Wed Oct 30 06:06:48 UTC 2019
------------------ testing $PTII/ptolemy/domains/de/test/auto/FSM7.xml
auto.tcl: Setting watchdog for 200 seconds at Wed Oct 30 06:06:48 UTC 2019
20 ms. Memory: 45056K Free: 18397K (41%)
ptolemy.util.test.WatchDog.cancel(): canceling Wed Oct 30 06:06:48 UTC 2019
auto.tcl: Setting watchdog for 200 seconds at Wed Oct 30 06:06:48 UTC 2019
19 ms. Memory: 45056K Free: 15289K (34%)
ptolemy.util.test.WatchDog.cancel(): canceling Wed Oct 30 06:06:48 UTC 2019
------------------ testing $PTII/ptolemy/domains/de/test/auto/Inspection.xml
auto.tcl: Setting watchdog for 200 seconds at Wed Oct 30 06:06:48 UTC 2019
41 ms. Memory: 45056K Free: 18431K (41%)
ptolemy.util.test.WatchDog.cancel(): canceling Wed Oct 30 06:06:49 UTC 2019
auto.tcl: Setting watchdog for 200 seconds at Wed Oct 30 06:06:49 UTC 2019
18 ms. Memory: 45056K Free: 16692K (37%)
ptolemy.util.test.WatchDog.cancel(): canceling Wed Oct 30 06:06:49 UTC 2019
------------------ testing $PTII/ptolemy/domains/de/test/auto/Iteration.xml
auto.tcl: Setting watchdog for 200 seconds at Wed Oct 30 06:06:49 UTC 2019
14 ms. Memory: 45056K Free: 24147K (54%)
ptolemy.util.test.WatchDog.cancel(): canceling Wed Oct 30 06:06:49 UTC 2019
auto.tcl: Setting watchdog for 200 seconds at Wed Oct 30 06:06:49 UTC 2019
7 ms. Memory: 45056K Free: 22765K (51%)
ptolemy.util.test.WatchDog.cancel(): canceling Wed Oct 30 06:06:49 UTC 2019
------------------ testing $PTII/ptolemy/domains/de/test/auto/LineFault.xml
auto.tcl: Setting watchdog for 200 seconds at Wed Oct 30 06:06:49 UTC 2019
834 ms. Memory: 45056K Free: 14194K (32%)
ptolemy.util.test.WatchDog.cancel(): canceling Wed Oct 30 06:06:50 UTC 2019
auto.tcl: Setting watchdog for 200 seconds at Wed Oct 30 06:06:50 UTC 2019
667 ms. Memory: 56320K Free: 31774K (56%)
ptolemy.util.test.WatchDog.cancel(): canceling Wed Oct 30 06:06:50 UTC 2019
------------------ testing $PTII/ptolemy/domains/de/test/auto/MergeModel1Add.xml
auto.tcl: Setting watchdog for 200 seconds at Wed Oct 30 06:06:51 UTC 2019
35 ms. Memory: 55296K Free: 20379K (37%)
ptolemy.util.test.WatchDog.cancel(): canceling Wed Oct 30 06:06:51 UTC 2019
auto.tcl: Setting watchdog for 200 seconds at Wed Oct 30 06:06:51 UTC 2019
11 ms. Memory: 55296K Free: 18760K (34%)
ptolemy.util.test.WatchDog.cancel(): canceling Wed Oct 30 06:06:51 UTC 2019
------------------ testing $PTII/ptolemy/domains/de/test/auto/MergeModel2Add.xml
auto.tcl: Setting watchdog for 200 seconds at Wed Oct 30 06:06:51 UTC 2019
10 ms. Memory: 51200K Free: 18125K (35%)
ptolemy.util.test.WatchDog.cancel(): canceling Wed Oct 30 06:06:51 UTC 2019
auto.tcl: Setting watchdog for 200 seconds at Wed Oct 30 06:06:51 UTC 2019
13 ms. Memory: 51200K Free: 16387K (32%)
ptolemy.util.test.WatchDog.cancel(): canceling Wed Oct 30 06:06:51 UTC 2019
------------------ testing $PTII/ptolemy/domains/de/test/auto/MergeModel3Add.xml
auto.tcl: Setting watchdog for 200 seconds at Wed Oct 30 06:06:51 UTC 2019
10 ms. Memory: 51200K Free: 18355K (36%)
ptolemy.util.test.WatchDog.cancel(): canceling Wed Oct 30 06:06:51 UTC 2019
auto.tcl: Setting watchdog for 200 seconds at Wed Oct 30 06:06:51 UTC 2019
10 ms. Memory: 51200K Free: 16811K (33%)
ptolemy.util.test.WatchDog.cancel(): canceling Wed Oct 30 06:06:51 UTC 2019
------------------ testing $PTII/ptolemy/domains/de/test/auto/MergeWithoutDiscard.xml
auto.tcl: Setting watchdog for 200 seconds at Wed Oct 30 06:06:51 UTC 2019
2 ms. Memory: 51200K Free: 32698K (64%)
ptolemy.util.test.WatchDog.cancel(): canceling Wed Oct 30 06:06:51 UTC 2019
auto.tcl: Setting watchdog for 200 seconds at Wed Oct 30 06:06:51 UTC 2019
2 ms. Memory: 51200K Free: 32268K (63%)
ptolemy.util.test.WatchDog.cancel(): canceling Wed Oct 30 06:06:51 UTC 2019
------------------ testing $PTII/ptolemy/domains/de/test/auto/Modal1.xml
auto.tcl: Setting watchdog for 200 seconds at Wed Oct 30 06:06:51 UTC 2019
22 ms. Memory: 51200K Free: 24824K (48%)
ptolemy.util.test.WatchDog.cancel(): canceling Wed Oct 30 06:06:51 UTC 2019
auto.tcl: Setting watchdog for 200 seconds at Wed Oct 30 06:06:51 UTC 2019
13 ms. Memory: 51200K Free: 21372K (42%)
ptolemy.util.test.WatchDog.cancel(): canceling Wed Oct 30 06:06:51 UTC 2019
------------------ testing $PTII/ptolemy/domains/de/test/auto/Modal2.xml
auto.tcl: Setting watchdog for 200 seconds at Wed Oct 30 06:06:51 UTC 2019
19 ms. Memory: 51200K Free: 24950K (49%)
ptolemy.util.test.WatchDog.cancel(): canceling Wed Oct 30 06:06:51 UTC 2019
auto.tcl: Setting watchdog for 200 seconds at Wed Oct 30 06:06:51 UTC 2019
16 ms. Memory: 51200K Free: 21720K (42%)
ptolemy.util.test.WatchDog.cancel(): canceling Wed Oct 30 06:06:51 UTC 2019
------------------ testing $PTII/ptolemy/domains/de/test/auto/Modal3.xml
auto.tcl: Setting watchdog for 200 seconds at Wed Oct 30 06:06:51 UTC 2019
12 ms. Memory: 51200K Free: 24927K (49%)
ptolemy.util.test.WatchDog.cancel(): canceling Wed Oct 30 06:06:51 UTC 2019
auto.tcl: Setting watchdog for 200 seconds at Wed Oct 30 06:06:51 UTC 2019
12 ms. Memory: 51200K Free: 21330K (42%)
ptolemy.util.test.WatchDog.cancel(): canceling Wed Oct 30 06:06:51 UTC 2019
------------------ testing $PTII/ptolemy/domains/de/test/auto/Modal4.xml
auto.tcl: Setting watchdog for 200 seconds at Wed Oct 30 06:06:52 UTC 2019
23 ms. Memory: 51200K Free: 23884K (47%)
ptolemy.util.test.WatchDog.cancel(): canceling Wed Oct 30 06:06:52 UTC 2019
auto.tcl: Setting watchdog for 200 seconds at Wed Oct 30 06:06:52 UTC 2019
17 ms. Memory: 51200K Free: 20063K (39%)
ptolemy.util.test.WatchDog.cancel(): canceling Wed Oct 30 06:06:52 UTC 2019
------------------ testing $PTII/ptolemy/domains/de/test/auto/Modal5.xml
auto.tcl: Setting watchdog for 200 seconds at Wed Oct 30 06:06:52 UTC 2019
14 ms. Memory: 51200K Free: 23878K (47%)
ptolemy.util.test.WatchDog.cancel(): canceling Wed Oct 30 06:06:52 UTC 2019
auto.tcl: Setting watchdog for 200 seconds at Wed Oct 30 06:06:52 UTC 2019
16 ms. Memory: 51200K Free: 20050K (39%)
ptolemy.util.test.WatchDog.cancel(): canceling Wed Oct 30 06:06:52 UTC 2019
------------------ testing $PTII/ptolemy/domains/de/test/auto/Modal6.xml
auto.tcl: Setting watchdog for 200 seconds at Wed Oct 30 06:06:52 UTC 2019
13 ms. Memory: 51200K Free: 24641K (48%)
ptolemy.util.test.WatchDog.cancel(): canceling Wed Oct 30 06:06:52 UTC 2019
auto.tcl: Setting watchdog for 200 seconds at Wed Oct 30 06:06:52 UTC 2019
16 ms. Memory: 51200K Free: 20699K (40%)
ptolemy.util.test.WatchDog.cancel(): canceling Wed Oct 30 06:06:52 UTC 2019
------------------ testing $PTII/ptolemy/domains/de/test/auto/Modal7.xml
auto.tcl: Setting watchdog for 200 seconds at Wed Oct 30 06:06:52 UTC 2019
12 ms. Memory: 48128K Free: 20599K (43%)
ptolemy.util.test.WatchDog.cancel(): canceling Wed Oct 30 06:06:52 UTC 2019
auto.tcl: Setting watchdog for 200 seconds at Wed Oct 30 06:06:52 UTC 2019
10 ms. Memory: 48128K Free: 16980K (35%)
ptolemy.util.test.WatchDog.cancel(): canceling Wed Oct 30 06:06:52 UTC 2019
------------------ testing $PTII/ptolemy/domains/de/test/auto/ModalModel.xml
auto.tcl: Setting watchdog for 200 seconds at Wed Oct 30 06:06:52 UTC 2019
223 ms. Memory: 58368K Free: 41209K (71%)
ptolemy.util.test.WatchDog.cancel(): canceling Wed Oct 30 06:06:52 UTC 2019
auto.tcl: Setting watchdog for 200 seconds at Wed Oct 30 06:06:52 UTC 2019
215 ms. Memory: 58368K Free: 35619K (61%)
ptolemy.util.test.WatchDog.cancel(): canceling Wed Oct 30 06:06:53 UTC 2019
------------------ testing $PTII/ptolemy/domains/de/test/auto/ModalSource.xml
auto.tcl: Setting watchdog for 200 seconds at Wed Oct 30 06:06:53 UTC 2019
10 ms. Memory: 48128K Free: 25660K (53%)
ptolemy.util.test.WatchDog.cancel(): canceling Wed Oct 30 06:06:53 UTC 2019
auto.tcl: Setting watchdog for 200 seconds at Wed Oct 30 06:06:53 UTC 2019
8 ms. Memory: 48128K Free: 23697K (49%)
ptolemy.util.test.WatchDog.cancel(): canceling Wed Oct 30 06:06:53 UTC 2019
------------------ testing $PTII/ptolemy/domains/de/test/auto/NonInterruptibleTimerZeroDelay.xml
auto.tcl: Setting watchdog for 200 seconds at Wed Oct 30 06:06:53 UTC 2019
5 ms. Memory: 48128K Free: 30617K (64%)
ptolemy.util.test.WatchDog.cancel(): canceling Wed Oct 30 06:06:53 UTC 2019
auto.tcl: Setting watchdog for 200 seconds at Wed Oct 30 06:06:53 UTC 2019
4 ms. Memory: 48128K Free: 29920K (62%)
ptolemy.util.test.WatchDog.cancel(): canceling Wed Oct 30 06:06:53 UTC 2019
------------------ testing $PTII/ptolemy/domains/de/test/auto/OpenQueueingNetwork.xml
auto.tcl: Setting watchdog for 200 seconds at Wed Oct 30 06:06:53 UTC 2019
3301 ms. Memory: 115712K Free: 67024K (58%)
ptolemy.util.test.WatchDog.cancel(): canceling Wed Oct 30 06:06:56 UTC 2019
auto.tcl: Setting watchdog for 200 seconds at Wed Oct 30 06:06:56 UTC 2019
3186 ms. Memory: 149504K Free: 103844K (69%)
ptolemy.util.test.WatchDog.cancel(): canceling Wed Oct 30 06:06:59 UTC 2019
------------------ testing $PTII/ptolemy/domains/de/test/auto/OpenQueuingNetwork.xml
auto.tcl: Setting watchdog for 200 seconds at Wed Oct 30 06:07:00 UTC 2019
278 ms. Memory: 51200K Free: 16540K (32%)
ptolemy.util.test.WatchDog.cancel(): canceling Wed Oct 30 06:07:00 UTC 2019
auto.tcl: Setting watchdog for 200 seconds at Wed Oct 30 06:07:00 UTC 2019
263 ms. Memory: 51200K Free: 20082K (39%)
ptolemy.util.test.WatchDog.cancel(): canceling Wed Oct 30 06:07:00 UTC 2019
------------------ testing $PTII/ptolemy/domains/de/test/auto/PeriodicSampler.xml
auto.tcl: Setting watchdog for 200 seconds at Wed Oct 30 06:07:00 UTC 2019
4 ms. Memory: 51200K Free: 32859K (64%)
ptolemy.util.test.WatchDog.cancel(): canceling Wed Oct 30 06:07:00 UTC 2019
auto.tcl: Setting watchdog for 200 seconds at Wed Oct 30 06:07:00 UTC 2019
3 ms. Memory: 51200K Free: 32349K (63%)
ptolemy.util.test.WatchDog.cancel(): canceling Wed Oct 30 06:07:00 UTC 2019
------------------ testing $PTII/ptolemy/domains/de/test/auto/PersistentIO.xml
auto.tcl: Setting watchdog for 200 seconds at Wed Oct 30 06:07:00 UTC 2019
14 ms. Memory: 51200K Free: 27784K (54%)
ptolemy.util.test.WatchDog.cancel(): canceling Wed Oct 30 06:07:00 UTC 2019
auto.tcl: Setting watchdog for 200 seconds at Wed Oct 30 06:07:00 UTC 2019
5 ms. Memory: 51200K Free: 26285K (51%)
ptolemy.util.test.WatchDog.cancel(): canceling Wed Oct 30 06:07:00 UTC 2019
------------------ testing $PTII/ptolemy/domains/de/test/auto/PortParameterResetOnInitialize.xml
auto.tcl: Setting watchdog for 200 seconds at Wed Oct 30 06:07:00 UTC 2019
10 ms. Memory: 51200K Free: 32751K (64%)
ptolemy.util.test.WatchDog.cancel(): canceling Wed Oct 30 06:07:00 UTC 2019
auto.tcl: Setting watchdog for 200 seconds at Wed Oct 30 06:07:00 UTC 2019
3 ms. Memory: 51200K Free: 32271K (63%)
ptolemy.util.test.WatchDog.cancel(): canceling Wed Oct 30 06:07:00 UTC 2019
------------------ testing $PTII/ptolemy/domains/de/test/auto/PortParameterUpdates.xml
auto.tcl: Setting watchdog for 200 seconds at Wed Oct 30 06:07:01 UTC 2019
6 ms. Memory: 48128K Free: 27779K (58%)
ptolemy.util.test.WatchDog.cancel(): canceling Wed Oct 30 06:07:01 UTC 2019
auto.tcl: Setting watchdog for 200 seconds at Wed Oct 30 06:07:01 UTC 2019
6 ms. Memory: 48128K Free: 26329K (55%)
ptolemy.util.test.WatchDog.cancel(): canceling Wed Oct 30 06:07:01 UTC 2019
------------------ testing $PTII/ptolemy/domains/de/test/auto/QueueAndServer.xml
auto.tcl: Setting watchdog for 200 seconds at Wed Oct 30 06:07:01 UTC 2019
19 ms. Memory: 48128K Free: 26711K (55%)
ptolemy.util.test.WatchDog.cancel(): canceling Wed Oct 30 06:07:01 UTC 2019
auto.tcl: Setting watchdog for 200 seconds at Wed Oct 30 06:07:01 UTC 2019
11 ms. Memory: 48128K Free: 25278K (53%)
ptolemy.util.test.WatchDog.cancel(): canceling Wed Oct 30 06:07:01 UTC 2019
------------------ testing $PTII/ptolemy/domains/de/test/auto/Records.xml
auto.tcl: Setting watchdog for 200 seconds at Wed Oct 30 06:07:01 UTC 2019
6 ms. Memory: 48128K Free: 29250K (61%)
ptolemy.util.test.WatchDog.cancel(): canceling Wed Oct 30 06:07:01 UTC 2019
auto.tcl: Setting watchdog for 200 seconds at Wed Oct 30 06:07:01 UTC 2019
3 ms. Memory: 48128K Free: 28758K (60%)
ptolemy.util.test.WatchDog.cancel(): canceling Wed Oct 30 06:07:01 UTC 2019
------------------ testing $PTII/ptolemy/domains/de/test/auto/ResetTransitionWithStartTime1.xml
auto.tcl: Setting watchdog for 200 seconds at Wed Oct 30 06:07:01 UTC 2019
18 ms. Memory: 48128K Free: 26195K (54%)
ptolemy.util.test.WatchDog.cancel(): canceling Wed Oct 30 06:07:01 UTC 2019
auto.tcl: Setting watchdog for 200 seconds at Wed Oct 30 06:07:01 UTC 2019
8 ms. Memory: 48128K Free: 24131K (50%)
ptolemy.util.test.WatchDog.cancel(): canceling Wed Oct 30 06:07:01 UTC 2019
------------------ testing $PTII/ptolemy/domains/de/test/auto/ResetTransitionWithStartTime2.xml
auto.tcl: Setting watchdog for 200 seconds at Wed Oct 30 06:07:01 UTC 2019
13 ms. Memory: 48128K Free: 26150K (54%)
ptolemy.util.test.WatchDog.cancel(): canceling Wed Oct 30 06:07:01 UTC 2019
auto.tcl: Setting watchdog for 200 seconds at Wed Oct 30 06:07:01 UTC 2019
8 ms. Memory: 48128K Free: 23626K (49%)
ptolemy.util.test.WatchDog.cancel(): canceling Wed Oct 30 06:07:01 UTC 2019
------------------ testing $PTII/ptolemy/domains/de/test/auto/ResetTransitionWithStartTime3.xml
auto.tcl: Setting watchdog for 200 seconds at Wed Oct 30 06:07:01 UTC 2019
8 ms. Memory: 48128K Free: 26254K (55%)
ptolemy.util.test.WatchDog.cancel(): canceling Wed Oct 30 06:07:01 UTC 2019
auto.tcl: Setting watchdog for 200 seconds at Wed Oct 30 06:07:01 UTC 2019
7 ms. Memory: 48128K Free: 24157K (50%)
ptolemy.util.test.WatchDog.cancel(): canceling Wed Oct 30 06:07:01 UTC 2019
------------------ testing $PTII/ptolemy/domains/de/test/auto/ResetTransitionWithStartTime4.xml
auto.tcl: Setting watchdog for 200 seconds at Wed Oct 30 06:07:01 UTC 2019
8 ms. Memory: 48128K Free: 26622K (55%)
ptolemy.util.test.WatchDog.cancel(): canceling Wed Oct 30 06:07:01 UTC 2019
auto.tcl: Setting watchdog for 200 seconds at Wed Oct 30 06:07:01 UTC 2019
4 ms. Memory: 48128K Free: 25188K (52%)
ptolemy.util.test.WatchDog.cancel(): canceling Wed Oct 30 06:07:01 UTC 2019
------------------ testing $PTII/ptolemy/domains/de/test/auto/ResettableTimer1.xml
auto.tcl: Setting watchdog for 200 seconds at Wed Oct 30 06:07:01 UTC 2019
4 ms. Memory: 48128K Free: 30613K (64%)
ptolemy.util.test.WatchDog.cancel(): canceling Wed Oct 30 06:07:01 UTC 2019
auto.tcl: Setting watchdog for 200 seconds at Wed Oct 30 06:07:01 UTC 2019
3 ms. Memory: 48128K Free: 29742K (62%)
ptolemy.util.test.WatchDog.cancel(): canceling Wed Oct 30 06:07:01 UTC 2019
------------------ testing $PTII/ptolemy/domains/de/test/auto/ResettableTimer2.xml
auto.tcl: Setting watchdog for 200 seconds at Wed Oct 30 06:07:01 UTC 2019
2 ms. Memory: 48128K Free: 30450K (63%)
ptolemy.util.test.WatchDog.cancel(): canceling Wed Oct 30 06:07:01 UTC 2019
auto.tcl: Setting watchdog for 200 seconds at Wed Oct 30 06:07:01 UTC 2019
3 ms. Memory: 48128K Free: 29338K (61%)
ptolemy.util.test.WatchDog.cancel(): canceling Wed Oct 30 06:07:01 UTC 2019
------------------ testing $PTII/ptolemy/domains/de/test/auto/ResettableTimer3.xml
auto.tcl: Setting watchdog for 200 seconds at Wed Oct 30 06:07:01 UTC 2019
2 ms. Memory: 48128K Free: 30317K (63%)
ptolemy.util.test.WatchDog.cancel(): canceling Wed Oct 30 06:07:01 UTC 2019
auto.tcl: Setting watchdog for 200 seconds at Wed Oct 30 06:07:01 UTC 2019
1 ms. Memory: 48128K Free: 30281K (63%)
ptolemy.util.test.WatchDog.cancel(): canceling Wed Oct 30 06:07:01 UTC 2019
------------------ testing $PTII/ptolemy/domains/de/test/auto/ResettableTimer4.xml
auto.tcl: Setting watchdog for 200 seconds at Wed Oct 30 06:07:02 UTC 2019
1 ms. Memory: 48128K Free: 30314K (63%)
ptolemy.util.test.WatchDog.cancel(): canceling Wed Oct 30 06:07:02 UTC 2019
auto.tcl: Setting watchdog for 200 seconds at Wed Oct 30 06:07:02 UTC 2019
2 ms. Memory: 48128K Free: 29818K (62%)
ptolemy.util.test.WatchDog.cancel(): canceling Wed Oct 30 06:07:02 UTC 2019
------------------ testing $PTII/ptolemy/domains/de/test/auto/ResettableTimer5.xml
auto.tcl: Setting watchdog for 200 seconds at Wed Oct 30 06:07:02 UTC 2019
2 ms. Memory: 48128K Free: 29748K (62%)
ptolemy.util.test.WatchDog.cancel(): canceling Wed Oct 30 06:07:02 UTC 2019
auto.tcl: Setting watchdog for 200 seconds at Wed Oct 30 06:07:02 UTC 2019
2 ms. Memory: 48128K Free: 29280K (61%)
ptolemy.util.test.WatchDog.cancel(): canceling Wed Oct 30 06:07:02 UTC 2019
------------------ testing $PTII/ptolemy/domains/de/test/auto/ResettableTimer6.xml
auto.tcl: Setting watchdog for 200 seconds at Wed Oct 30 06:07:02 UTC 2019
2 ms. Memory: 48128K Free: 29754K (62%)
ptolemy.util.test.WatchDog.cancel(): canceling Wed Oct 30 06:07:02 UTC 2019
auto.tcl: Setting watchdog for 200 seconds at Wed Oct 30 06:07:02 UTC 2019
2 ms. Memory: 48128K Free: 29258K (61%)
ptolemy.util.test.WatchDog.cancel(): canceling Wed Oct 30 06:07:02 UTC 2019
------------------ testing $PTII/ptolemy/domains/de/test/auto/ServerZeroDelay.xml
auto.tcl: Setting watchdog for 200 seconds at Wed Oct 30 06:07:02 UTC 2019
5 ms. Memory: 48128K Free: 30273K (63%)
ptolemy.util.test.WatchDog.cancel(): canceling Wed Oct 30 06:07:02 UTC 2019
auto.tcl: Setting watchdog for 200 seconds at Wed Oct 30 06:07:02 UTC 2019
3 ms. Memory: 48128K Free: 29321K (61%)
ptolemy.util.test.WatchDog.cancel(): canceling Wed Oct 30 06:07:02 UTC 2019
------------------ testing $PTII/ptolemy/domains/de/test/auto/SmartSender.xml
auto.tcl: Setting watchdog for 200 seconds at Wed Oct 30 06:07:02 UTC 2019
3002 ms. Memory: 48128K Free: 30288K (63%)
ptolemy.util.test.WatchDog.cancel(): canceling Wed Oct 30 06:07:05 UTC 2019
auto.tcl: Setting watchdog for 200 seconds at Wed Oct 30 06:07:05 UTC 2019
3001 ms. Memory: 48128K Free: 29792K (62%)
ptolemy.util.test.WatchDog.cancel(): canceling Wed Oct 30 06:07:08 UTC 2019
------------------ testing $PTII/ptolemy/domains/de/test/auto/ThreadedComposite.xml
auto.tcl: Setting watchdog for 200 seconds at Wed Oct 30 06:07:08 UTC 2019
210 ms. Memory: 48128K Free: 10826K (22%)
ptolemy.util.test.WatchDog.cancel(): canceling Wed Oct 30 06:07:08 UTC 2019
auto.tcl: Setting watchdog for 200 seconds at Wed Oct 30 06:07:08 UTC 2019
126 ms. Memory: 48128K Free: 24258K (50%)
ptolemy.util.test.WatchDog.cancel(): canceling Wed Oct 30 06:07:08 UTC 2019
------------------ testing $PTII/ptolemy/domains/de/test/auto/Time.xml
auto.tcl: Setting watchdog for 200 seconds at Wed Oct 30 06:07:08 UTC 2019
679 ms. Memory: 81920K Free: 35468K (43%)
ptolemy.util.test.WatchDog.cancel(): canceling Wed Oct 30 06:07:09 UTC 2019
auto.tcl: Setting watchdog for 200 seconds at Wed Oct 30 06:07:09 UTC 2019
622 ms. Memory: 81920K Free: 24332K (30%)
ptolemy.util.test.WatchDog.cancel(): canceling Wed Oct 30 06:07:10 UTC 2019
------------------ testing $PTII/ptolemy/domains/de/test/auto/TimeDelayZeroDelay.xml
auto.tcl: Setting watchdog for 200 seconds at Wed Oct 30 06:07:10 UTC 2019
5 ms. Memory: 48128K Free: 30589K (64%)
ptolemy.util.test.WatchDog.cancel(): canceling Wed Oct 30 06:07:10 UTC 2019
auto.tcl: Setting watchdog for 200 seconds at Wed Oct 30 06:07:10 UTC 2019
3 ms. Memory: 48128K Free: 29842K (62%)
ptolemy.util.test.WatchDog.cancel(): canceling Wed Oct 30 06:07:10 UTC 2019
------------------ testing $PTII/ptolemy/domains/de/test/auto/TimerZeroDelay.xml
auto.tcl: Setting watchdog for 200 seconds at Wed Oct 30 06:07:10 UTC 2019
3 ms. Memory: 48128K Free: 30716K (64%)
ptolemy.util.test.WatchDog.cancel(): canceling Wed Oct 30 06:07:10 UTC 2019
auto.tcl: Setting watchdog for 200 seconds at Wed Oct 30 06:07:10 UTC 2019
3 ms. Memory: 48128K Free: 29876K (62%)
ptolemy.util.test.WatchDog.cancel(): canceling Wed Oct 30 06:07:10 UTC 2019
------------------ testing $PTII/ptolemy/domains/de/test/auto/TimingParadox.xml
auto.tcl: Setting watchdog for 200 seconds at Wed Oct 30 06:07:10 UTC 2019
464 ms. Memory: 48128K Free: 10862K (23%)
ptolemy.util.test.WatchDog.cancel(): canceling Wed Oct 30 06:07:11 UTC 2019
auto.tcl: Setting watchdog for 200 seconds at Wed Oct 30 06:07:11 UTC 2019
440 ms. Memory: 48128K Free: 19786K (41%)
ptolemy.util.test.WatchDog.cancel(): canceling Wed Oct 30 06:07:11 UTC 2019
------------------ testing $PTII/ptolemy/domains/de/test/auto/TransferInputs.xml
auto.tcl: Setting watchdog for 200 seconds at Wed Oct 30 06:07:11 UTC 2019
2 ms. Memory: 48128K Free: 28717K (60%)
ptolemy.util.test.WatchDog.cancel(): canceling Wed Oct 30 06:07:11 UTC 2019
auto.tcl: Setting watchdog for 200 seconds at Wed Oct 30 06:07:11 UTC 2019
8 ms. Memory: 48128K Free: 27810K (58%)
ptolemy.util.test.WatchDog.cancel(): canceling Wed Oct 30 06:07:11 UTC 2019
------------------ testing $PTII/ptolemy/domains/de/test/auto/TransferOutputs2.xml
auto.tcl: Setting watchdog for 200 seconds at Wed Oct 30 06:07:11 UTC 2019
3 ms. Memory: 48128K Free: 26151K (54%)
ptolemy.util.test.WatchDog.cancel(): canceling Wed Oct 30 06:07:11 UTC 2019
auto.tcl: Setting watchdog for 200 seconds at Wed Oct 30 06:07:11 UTC 2019
3 ms. Memory: 48128K Free: 24754K (51%)
ptolemy.util.test.WatchDog.cancel(): canceling Wed Oct 30 06:07:11 UTC 2019
------------------ testing $PTII/ptolemy/domains/de/test/auto/Trilateration.xml
auto.tcl: Setting watchdog for 200 seconds at Wed Oct 30 06:07:11 UTC 2019
15132 ms. Memory: 405504K Free: 341607K (84%)
ptolemy.util.test.WatchDog.cancel(): canceling Wed Oct 30 06:07:28 UTC 2019
auto.tcl: Setting watchdog for 200 seconds at Wed Oct 30 06:07:28 UTC 2019
11258 ms. Memory: 405504K Free: 362042K (89%)
ptolemy.util.test.WatchDog.cancel(): canceling Wed Oct 30 06:07:39 UTC 2019
------------------ testing $PTII/ptolemy/domains/de/test/auto/TwoSigmaDelta.xml
auto.tcl: Setting watchdog for 200 seconds at Wed Oct 30 06:07:39 UTC 2019
2798 ms. Memory: 86016K Free: 20224K (24%)
ptolemy.util.test.WatchDog.cancel(): canceling Wed Oct 30 06:07:42 UTC 2019
auto.tcl: Setting watchdog for 200 seconds at Wed Oct 30 06:07:42 UTC 2019
2425 ms. Memory: 86016K Free: 58598K (68%)
ptolemy.util.test.WatchDog.cancel(): canceling Wed Oct 30 06:07:44 UTC 2019
------------------ testing $PTII/ptolemy/domains/de/test/auto/VariableDelay.xml
auto.tcl: Setting watchdog for 200 seconds at Wed Oct 30 06:07:44 UTC 2019
3 ms. Memory: 51200K Free: 32274K (63%)
ptolemy.util.test.WatchDog.cancel(): canceling Wed Oct 30 06:07:45 UTC 2019
auto.tcl: Setting watchdog for 200 seconds at Wed Oct 30 06:07:45 UTC 2019
2 ms. Memory: 51200K Free: 31258K (61%)
ptolemy.util.test.WatchDog.cancel(): canceling Wed Oct 30 06:07:45 UTC 2019
------------------ testing $PTII/ptolemy/domains/de/test/auto/VariableDelay2.xml
auto.tcl: Setting watchdog for 200 seconds at Wed Oct 30 06:07:45 UTC 2019
2 ms. Memory: 48128K Free: 29601K (62%)
ptolemy.util.test.WatchDog.cancel(): canceling Wed Oct 30 06:07:45 UTC 2019
auto.tcl: Setting watchdog for 200 seconds at Wed Oct 30 06:07:45 UTC 2019
2 ms. Memory: 48128K Free: 29105K (60%)
ptolemy.util.test.WatchDog.cancel(): canceling Wed Oct 30 06:07:45 UTC 2019
------------------ testing $PTII/ptolemy/domains/de/test/auto/VariableDelayZeroDelay.xml
auto.tcl: Setting watchdog for 200 seconds at Wed Oct 30 06:07:45 UTC 2019
3 ms. Memory: 48128K Free: 30128K (63%)
ptolemy.util.test.WatchDog.cancel(): canceling Wed Oct 30 06:07:45 UTC 2019
auto.tcl: Setting watchdog for 200 seconds at Wed Oct 30 06:07:45 UTC 2019
3 ms. Memory: 48128K Free: 29610K (62%)
ptolemy.util.test.WatchDog.cancel(): canceling Wed Oct 30 06:07:45 UTC 2019
------------------ testing $PTII/ptolemy/domains/de/test/auto/VariableDelayZeroDelay2.xml
auto.tcl: Setting watchdog for 200 seconds at Wed Oct 30 06:07:45 UTC 2019
2 ms. Memory: 48128K Free: 30127K (63%)
ptolemy.util.test.WatchDog.cancel(): canceling Wed Oct 30 06:07:45 UTC 2019
auto.tcl: Setting watchdog for 200 seconds at Wed Oct 30 06:07:45 UTC 2019
3 ms. Memory: 48128K Free: 29148K (61%)
ptolemy.util.test.WatchDog.cancel(): canceling Wed Oct 30 06:07:45 UTC 2019
------------------ testing $PTII/ptolemy/domains/de/test/auto/deInCt.xml
auto.tcl: Setting watchdog for 200 seconds at Wed Oct 30 06:07:45 UTC 2019
0
1
1
1
1
1
1
1
0
0
0
1
1
1
1
1
0
0
0
1
1
1
1
11 ms. Memory: 48128K Free: 29100K (60%)
ptolemy.util.test.WatchDog.cancel(): canceling Wed Oct 30 06:07:45 UTC 2019
auto.tcl: Setting watchdog for 200 seconds at Wed Oct 30 06:07:45 UTC 2019
0
1
1
1
1
1
1
0
0
0
0
1
1
1
0
0
0
1
1
1
0
0
0
1
1
1
0
0
0
0
1
1
1
0
0
0
9 ms. Memory: 48128K Free: 27598K (57%)
ptolemy.util.test.WatchDog.cancel(): canceling Wed Oct 30 06:07:45 UTC 2019
------------------ testing $PTII/ptolemy/domains/de/test/auto/deInCt2.xml
auto.tcl: Setting watchdog for 200 seconds at Wed Oct 30 06:07:45 UTC 2019
0
1
1
1
0
0
1
1
1
0
0
1
1
1
0
0
1
1
1
0
0
1
1
1
0
0
1
1
1
0
0
1
1
1
0
0
1
1
1
0
0
0
8 ms. Memory: 48128K Free: 29102K (60%)
ptolemy.util.test.WatchDog.cancel(): canceling Wed Oct 30 06:07:45 UTC 2019
auto.tcl: Setting watchdog for 200 seconds at Wed Oct 30 06:07:45 UTC 2019
0
1
1
1
0
0
1
1
1
0
0
1
1
1
0
0
1
1
1
0
0
1
1
1
0
0
1
1
1
0
0
1
1
1
0
0
1
1
1
0
0
0
5 ms. Memory: 48128K Free: 27576K (57%)
ptolemy.util.test.WatchDog.cancel(): canceling Wed Oct 30 06:07:45 UTC 2019
------------------ testing $PTII/ptolemy/domains/de/test/auto/dynamicCausalityInterface1.xml
auto.tcl: Setting watchdog for 200 seconds at Wed Oct 30 06:07:45 UTC 2019
6 ms. Memory: 48128K Free: 24521K (51%)
ptolemy.util.test.WatchDog.cancel(): canceling Wed Oct 30 06:07:45 UTC 2019
auto.tcl: Setting watchdog for 200 seconds at Wed Oct 30 06:07:45 UTC 2019
1 ms. Memory: 48128K Free: 24037K (50%)
ptolemy.util.test.WatchDog.cancel(): canceling Wed Oct 30 06:07:45 UTC 2019
------------------ testing $PTII/ptolemy/domains/de/test/auto/fsm_de_test.xml
auto.tcl: Setting watchdog for 200 seconds at Wed Oct 30 06:07:45 UTC 2019
15 ms. Memory: 48128K Free: 24933K (52%)
ptolemy.util.test.WatchDog.cancel(): canceling Wed Oct 30 06:07:45 UTC 2019
auto.tcl: Setting watchdog for 200 seconds at Wed Oct 30 06:07:45 UTC 2019
11 ms. Memory: 48128K Free: 22933K (48%)
ptolemy.util.test.WatchDog.cancel(): canceling Wed Oct 30 06:07:45 UTC 2019
------------------ testing $PTII/ptolemy/domains/de/test/auto/functionDependencyReconstruction.xml
auto.tcl: Setting watchdog for 200 seconds at Wed Oct 30 06:07:45 UTC 2019
4 ms. Memory: 48128K Free: 18779K (39%)
ptolemy.util.test.WatchDog.cancel(): canceling Wed Oct 30 06:07:45 UTC 2019
auto.tcl: Setting watchdog for 200 seconds at Wed Oct 30 06:07:45 UTC 2019
4 ms. Memory: 48128K Free: 16778K (35%)
ptolemy.util.test.WatchDog.cancel(): canceling Wed Oct 30 06:07:45 UTC 2019
------------------ testing $PTII/ptolemy/domains/de/test/auto/multirate.xml
auto.tcl: Setting watchdog for 200 seconds at Wed Oct 30 06:07:45 UTC 2019
3 ms. Memory: 48128K Free: 27584K (57%)
ptolemy.util.test.WatchDog.cancel(): canceling Wed Oct 30 06:07:45 UTC 2019
auto.tcl: Setting watchdog for 200 seconds at Wed Oct 30 06:07:45 UTC 2019
3 ms. Memory: 48128K Free: 25868K (54%)
ptolemy.util.test.WatchDog.cancel(): canceling Wed Oct 30 06:07:45 UTC 2019
------------------ testing $PTII/ptolemy/domains/de/test/auto/multirate2.xml
auto.tcl: Setting watchdog for 200 seconds at Wed Oct 30 06:07:46 UTC 2019
10 ms. Memory: 48128K Free: 27530K (57%)
ptolemy.util.test.WatchDog.cancel(): canceling Wed Oct 30 06:07:46 UTC 2019
auto.tcl: Setting watchdog for 200 seconds at Wed Oct 30 06:07:46 UTC 2019
4 ms. Memory: 48128K Free: 26025K (54%)
ptolemy.util.test.WatchDog.cancel(): canceling Wed Oct 30 06:07:46 UTC 2019
------------------ testing $PTII/ptolemy/domains/de/test/auto/realtime.xml
auto.tcl: Setting watchdog for 200 seconds at Wed Oct 30 06:07:46 UTC 2019
10002 ms. Memory: 48128K Free: 29795K (62%)
ptolemy.util.test.WatchDog.cancel(): canceling Wed Oct 30 06:07:56 UTC 2019
auto.tcl: Setting watchdog for 200 seconds at Wed Oct 30 06:07:56 UTC 2019
10003 ms. Memory: 48128K Free: 29080K (60%)
ptolemy.util.test.WatchDog.cancel(): canceling Wed Oct 30 06:08:06 UTC 2019
------------------ testing $PTII/ptolemy/domains/de/test/auto/relationGroup.xml
auto.tcl: Setting watchdog for 200 seconds at Wed Oct 30 06:08:06 UTC 2019
5 ms. Memory: 48128K Free: 30839K (64%)
ptolemy.util.test.WatchDog.cancel(): canceling Wed Oct 30 06:08:06 UTC 2019
auto.tcl: Setting watchdog for 200 seconds at Wed Oct 30 06:08:06 UTC 2019
2 ms. Memory: 48128K Free: 30130K (63%)
ptolemy.util.test.WatchDog.cancel(): canceling Wed Oct 30 06:08:06 UTC 2019
------------------ testing $PTII/ptolemy/domains/de/test/auto/relationGroup2.xml
auto.tcl: Setting watchdog for 200 seconds at Wed Oct 30 06:08:06 UTC 2019
1 ms. Memory: 48128K Free: 30889K (64%)
ptolemy.util.test.WatchDog.cancel(): canceling Wed Oct 30 06:08:06 UTC 2019
auto.tcl: Setting watchdog for 200 seconds at Wed Oct 30 06:08:06 UTC 2019
2 ms. Memory: 48128K Free: 30156K (63%)
ptolemy.util.test.WatchDog.cancel(): canceling Wed Oct 30 06:08:06 UTC 2019
------------------ testing $PTII/ptolemy/domains/de/test/auto/sortWithOpaquePorts.xml
auto.tcl: Setting watchdog for 200 seconds at Wed Oct 30 06:08:06 UTC 2019
2 ms. Memory: 48128K Free: 29627K (62%)
ptolemy.util.test.WatchDog.cancel(): canceling Wed Oct 30 06:08:06 UTC 2019
auto.tcl: Setting watchdog for 200 seconds at Wed Oct 30 06:08:06 UTC 2019
2 ms. Memory: 48128K Free: 28645K (60%)
ptolemy.util.test.WatchDog.cancel(): canceling Wed Oct 30 06:08:06 UTC 2019
------------------ testing $PTII/ptolemy/domains/de/test/auto/transferInputsandOutputs.xml
auto.tcl: Setting watchdog for 200 seconds at Wed Oct 30 06:08:06 UTC 2019
5 ms. Memory: 48128K Free: 27072K (56%)
ptolemy.util.test.WatchDog.cancel(): canceling Wed Oct 30 06:08:06 UTC 2019
auto.tcl: Setting watchdog for 200 seconds at Wed Oct 30 06:08:06 UTC 2019
2 ms. Memory: 48128K Free: 26099K (54%)
ptolemy.util.test.WatchDog.cancel(): canceling Wed Oct 30 06:08:06 UTC 2019
------------------ testing $PTII/ptolemy/domains/de/test/auto/triggerType.xml
auto.tcl: Setting watchdog for 200 seconds at Wed Oct 30 06:08:06 UTC 2019
2 ms. Memory: 48128K Free: 30097K (63%)
ptolemy.util.test.WatchDog.cancel(): canceling Wed Oct 30 06:08:06 UTC 2019
auto.tcl: Setting watchdog for 200 seconds at Wed Oct 30 06:08:06 UTC 2019
1 ms. Memory: 48128K Free: 29097K (60%)
ptolemy.util.test.WatchDog.cancel(): canceling Wed Oct 30 06:08:06 UTC 2019
10/30/19 06:08:06
Failed: 0  Total Tests: 192  ((Passed: 187, Newly Passed: 1)  Known Failed: 5) /home/travis/build/icyphy/ptII/ptolemy/domains/de/test
10/30/19 06:08:06
Failed: 0  Total Tests: 192  ((Passed: 187, Newly Passed: 1)  Known Failed: 5) /home/travis/build/icyphy/ptII/ptolemy/domains/de/test
----------------- testing (KnownFailure) /home/travis/build/icyphy/ptII/ptolemy/domains/de/test/auto/knownFailedTests/DESDFClockTest.xml
2012 ms. Memory: 48128K Free: 23492K (49%)
Known Failure: java.lang.reflect.InvocationTargetException
----------------- testing (KnownFailure) /home/travis/build/icyphy/ptII/ptolemy/domains/de/test/auto/knownFailedTests/DirectFeedback.xml
2 ms. Memory: 48128K Free: 19910K (41%)
Known Failure: java.lang.reflect.InvocationTargetException
----------------- testing (KnownFailure) /home/travis/build/icyphy/ptII/ptolemy/domains/de/test/auto/knownFailedTests/FSMSource.xml
14 ms. Memory: 48128K Free: 12214K (25%)
----------------- testing (KnownFailure) /home/travis/build/icyphy/ptII/ptolemy/domains/de/test/auto/knownFailedTests/HierarchicalModel.xml
2 ms. Memory: 48128K Free: 23243K (48%)
Known Failure: java.lang.reflect.InvocationTargetException
----------------- testing (KnownFailure) /home/travis/build/icyphy/ptII/ptolemy/domains/de/test/auto/knownFailedTests/dependencyLoop.xml
2 ms. Memory: 48128K Free: 7913K (16%)
Known Failure: java.lang.reflect.InvocationTargetException
----------------- testing (KnownFailure) /home/travis/build/icyphy/ptII/ptolemy/domains/de/test/auto/knownFailedTests/dependencyLoop2.xml
4 ms. Memory: 48128K Free: 19810K (41%)
Known Failure: java.lang.reflect.InvocationTargetException
No auto/linux-amd64/*.xml tests in /home/travis/build/icyphy/ptII/ptolemy/domains/de/test
AutoTests.java: About to close Vertx.
AutoTests.java: Vertx closed.

===========================================================================================
----------------- testing Wed Oct 30 06:08:08 UTC 2019 /home/travis/build/icyphy/ptII/ptolemy/domains/de/test/auto/ActorDepthCalculation_actorWithoutPorts.xml
----------------- Instantiating /home/travis/build/icyphy/ptII/ptolemy/domains/de/test/auto/ActorDepthCalculation_actorWithoutPorts.xml
6 ms. Memory: 48128K Free: 13269K (28%)
----------------- Invoking toplevel() on ptolemy.moml.MoMLSimpleApplication@70ba3291
----------------- Done invoking toplevel() on ptolemy.moml.MoMLSimpleApplication@70ba3291
reloadAllAccessors: .ActorDepthCalculation_actorWithoutPorts

===========================================================================================
----------------- testing Wed Oct 30 06:08:08 UTC 2019 /home/travis/build/icyphy/ptII/ptolemy/domains/de/test/auto/AssemblyLine.xml
----------------- Instantiating /home/travis/build/icyphy/ptII/ptolemy/domains/de/test/auto/AssemblyLine.xml
3 ms. Memory: 48128K Free: 32282K (67%)
----------------- Invoking toplevel() on ptolemy.moml.MoMLSimpleApplication@2e7d2e3c
----------------- Done invoking toplevel() on ptolemy.moml.MoMLSimpleApplication@2e7d2e3c
reloadAllAccessors: .AssemblyLine

===========================================================================================
----------------- testing Wed Oct 30 06:08:08 UTC 2019 /home/travis/build/icyphy/ptII/ptolemy/domains/de/test/auto/CQBug1.xml
----------------- Instantiating /home/travis/build/icyphy/ptII/ptolemy/domains/de/test/auto/CQBug1.xml
1 ms. Memory: 48128K Free: 29436K (61%)
----------------- Invoking toplevel() on ptolemy.moml.MoMLSimpleApplication@9600c44
----------------- Done invoking toplevel() on ptolemy.moml.MoMLSimpleApplication@9600c44
reloadAllAccessors: .CQBug1

===========================================================================================
----------------- testing Wed Oct 30 06:08:08 UTC 2019 /home/travis/build/icyphy/ptII/ptolemy/domains/de/test/auto/CancelFireAt.xml
----------------- Instantiating /home/travis/build/icyphy/ptII/ptolemy/domains/de/test/auto/CancelFireAt.xml
5 ms. Memory: 48128K Free: 26901K (56%)
----------------- Invoking toplevel() on ptolemy.moml.MoMLSimpleApplication@3430cc0d
----------------- Done invoking toplevel() on ptolemy.moml.MoMLSimpleApplication@3430cc0d
reloadAllAccessors: .CancelFireAt

===========================================================================================
----------------- testing Wed Oct 30 06:08:08 UTC 2019 /home/travis/build/icyphy/ptII/ptolemy/domains/de/test/auto/CausalityAndComposabilityAnalysis.xml
----------------- Instantiating /home/travis/build/icyphy/ptII/ptolemy/domains/de/test/auto/CausalityAndComposabilityAnalysis.xml
1 ms. Memory: 48128K Free: 22614K (47%)
----------------- Invoking toplevel() on ptolemy.moml.MoMLSimpleApplication@2a122e62
----------------- Done invoking toplevel() on ptolemy.moml.MoMLSimpleApplication@2a122e62
reloadAllAccessors: .CausalityAndComposabilityAnalysis

===========================================================================================
----------------- testing Wed Oct 30 06:08:08 UTC 2019 /home/travis/build/icyphy/ptII/ptolemy/domains/de/test/auto/CausalityInterface1.xml
----------------- Instantiating /home/travis/build/icyphy/ptII/ptolemy/domains/de/test/auto/CausalityInterface1.xml
4 ms. Memory: 48128K Free: 17656K (37%)
----------------- Invoking toplevel() on ptolemy.moml.MoMLSimpleApplication@7f213047
----------------- Done invoking toplevel() on ptolemy.moml.MoMLSimpleApplication@7f213047
reloadAllAccessors: .CausalityInterface1

===========================================================================================
----------------- testing Wed Oct 30 06:08:08 UTC 2019 /home/travis/build/icyphy/ptII/ptolemy/domains/de/test/auto/CausalityInterface15.xml
----------------- Instantiating /home/travis/build/icyphy/ptII/ptolemy/domains/de/test/auto/CausalityInterface15.xml
2 ms. Memory: 48128K Free: 12068K (25%)
----------------- Invoking toplevel() on ptolemy.moml.MoMLSimpleApplication@dacd80d
----------------- Done invoking toplevel() on ptolemy.moml.MoMLSimpleApplication@dacd80d
reloadAllAccessors: .CausalityInterface15

===========================================================================================
----------------- testing Wed Oct 30 06:08:08 UTC 2019 /home/travis/build/icyphy/ptII/ptolemy/domains/de/test/auto/CausalityInterface2.xml
----------------- Instantiating /home/travis/build/icyphy/ptII/ptolemy/domains/de/test/auto/CausalityInterface2.xml
1 ms. Memory: 48128K Free: 7430K (15%)
[...]
	at ptolemy.actor.Manager.run(Manager.java:1263)
	at ptolemy.actor.Manager$PtolemyRunThread.run(Manager.java:1933)
java.lang.RuntimeException: Execution failed
	at ptolemy.moml.MoMLSimpleApplication$UnloadThread.run(MoMLSimpleApplication.java:402)
Caused by: ptolemy.kernel.util.IllegalActionException: Actor is not ready to fire.  Perhaps UpSample.prefire() returned false? Try debugging the actor by selecting "Listen to Actor".  Also, for SDF check moml for tokenConsumptionRate on input.
  in .DESDFClockTest.Play Bell.Copy1:SDF Director and .DESDFClockTest.Play Bell.UpSample
	at ptolemy.actor.sched.StaticSchedulingDirector.fire(StaticSchedulingDirector.java:227)
	at ptolemy.domains.sdf.kernel.SDFDirector.fire(SDFDirector.java:500)
	at ptolemy.actor.CompositeActor.fire(CompositeActor.java:455)
	at ptolemy.domains.de.kernel.DEDirector._fire(DEDirector.java:1949)
	at ptolemy.domains.de.kernel.DEDirector.fire(DEDirector.java:502)
	at ptolemy.actor.CompositeActor.fire(CompositeActor.java:455)
	at ptolemy.actor.Manager.iterate(Manager.java:851)
	at ptolemy.actor.Manager.execute(Manager.java:369)
	at ptolemy.actor.Manager.run(Manager.java:1263)
	at ptolemy.actor.Manager$PtolemyRunThread.run(Manager.java:1933)
java.lang.reflect.InvocationTargetException
	at java.base/jdk.internal.reflect.NativeConstructorAccessorImpl.newInstance0(Native Method)
	at java.base/jdk.internal.reflect.NativeConstructorAccessorImpl.newInstance(NativeConstructorAccessorImpl.java:62)
	at java.base/jdk.internal.reflect.DelegatingConstructorAccessorImpl.newInstance(DelegatingConstructorAccessorImpl.java:45)
	at java.base/java.lang.reflect.Constructor.newInstance(Constructor.java:490)
	at ptolemy.util.test.junit.AutoKnownFailedTests.RunModel(AutoKnownFailedTests.java:105)
	at java.base/jdk.internal.reflect.NativeMethodAccessorImpl.invoke0(Native Method)
	at java.base/jdk.internal.reflect.NativeMethodAccessorImpl.invoke(NativeMethodAccessorImpl.java:62)
	at java.base/jdk.internal.reflect.DelegatingMethodAccessorImpl.invoke(DelegatingMethodAccessorImpl.java:43)
	at java.base/java.lang.reflect.Method.invoke(Method.java:566)
	at org.junit.runners.model.FrameworkMethod$1.runReflectiveCall(FrameworkMethod.java:44)
	at org.junit.internal.runners.model.ReflectiveCallable.run(ReflectiveCallable.java:15)
	at org.junit.runners.model.FrameworkMethod.invokeExplosively(FrameworkMethod.java:41)
	at junitparams.internal.InvokeParameterisedMethod.evaluate(InvokeParameterisedMethod.java:102)
	at org.junit.internal.runners.statements.FailOnTimeout$1.run(FailOnTimeout.java:28)
Caused by: ptolemy.kernel.util.IllegalActionException: Actor is not ready to fire.  Perhaps UpSample.prefire() returned false? Try debugging the actor by selecting "Listen to Actor".  Also, for SDF check moml for tokenConsumptionRate on input.
  in .DESDFClockTest.Play Bell.Copy1:SDF Director and .DESDFClockTest.Play Bell.UpSample
	at ptolemy.actor.sched.StaticSchedulingDirector.fire(StaticSchedulingDirector.java:227)
	at ptolemy.domains.sdf.kernel.SDFDirector.fire(SDFDirector.java:500)
	at ptolemy.actor.CompositeActor.fire(CompositeActor.java:455)
	at ptolemy.domains.de.kernel.DEDirector._fire(DEDirector.java:1949)
	at ptolemy.domains.de.kernel.DEDirector.fire(DEDirector.java:502)
	at ptolemy.actor.CompositeActor.fire(CompositeActor.java:455)
	at ptolemy.actor.Manager.iterate(Manager.java:851)
	at ptolemy.actor.Manager.execute(Manager.java:369)
	at ptolemy.actor.Manager.run(Manager.java:1263)
	at ptolemy.actor.Manager$PtolemyRunThread.run(Manager.java:1933)
java.lang.RuntimeException: Execution failed
	at ptolemy.moml.MoMLSimpleApplication$UnloadThread.run(MoMLSimpleApplication.java:402)
Caused by: ptolemy.kernel.util.IllegalActionException: Test fails in iteration 1.
Value was: 1.0. Should have been: 2.0
  in .DirectFeedback.Test
	at ptolemy.actor.lib.Test.fire(Test.java:268)
	at ptolemy.domains.de.kernel.DEDirector._fire(DEDirector.java:1949)
	at ptolemy.domains.de.kernel.DEDirector.fire(DEDirector.java:502)
	at ptolemy.actor.CompositeActor.fire(CompositeActor.java:455)
	at ptolemy.actor.Manager.iterate(Manager.java:851)
	at ptolemy.actor.Manager.execute(Manager.java:369)
	at ptolemy.actor.Manager.run(Manager.java:1263)
	at ptolemy.actor.Manager$PtolemyRunThread.run(Manager.java:1933)
java.lang.reflect.InvocationTargetException
	at java.base/jdk.internal.reflect.NativeConstructorAccessorImpl.newInstance0(Native Method)
	at java.base/jdk.internal.reflect.NativeConstructorAccessorImpl.newInstance(NativeConstructorAccessorImpl.java:62)
	at java.base/jdk.internal.reflect.DelegatingConstructorAccessorImpl.newInstance(DelegatingConstructorAccessorImpl.java:45)
	at java.base/java.lang.reflect.Constructor.newInstance(Constructor.java:490)
	at ptolemy.util.test.junit.AutoKnownFailedTests.RunModel(AutoKnownFailedTests.java:105)
	at java.base/jdk.internal.reflect.NativeMethodAccessorImpl.invoke0(Native Method)
	at java.base/jdk.internal.reflect.NativeMethodAccessorImpl.invoke(NativeMethodAccessorImpl.java:62)
	at java.base/jdk.internal.reflect.DelegatingMethodAccessorImpl.invoke(DelegatingMethodAccessorImpl.java:43)
	at java.base/java.lang.reflect.Method.invoke(Method.java:566)
	at org.junit.runners.model.FrameworkMethod$1.runReflectiveCall(FrameworkMethod.java:44)
	at org.junit.internal.runners.model.ReflectiveCallable.run(ReflectiveCallable.java:15)
	at org.junit.runners.model.FrameworkMethod.invokeExplosively(FrameworkMethod.java:41)
	at junitparams.internal.InvokeParameterisedMethod.evaluate(InvokeParameterisedMethod.java:102)
	at org.junit.internal.runners.statements.FailOnTimeout$1.run(FailOnTimeout.java:28)
Caused by: ptolemy.kernel.util.IllegalActionException: Test fails in iteration 1.
Value was: 1.0. Should have been: 2.0
  in .DirectFeedback.Test
	at ptolemy.actor.lib.Test.fire(Test.java:268)
	at ptolemy.domains.de.kernel.DEDirector._fire(DEDirector.java:1949)
	at ptolemy.domains.de.kernel.DEDirector.fire(DEDirector.java:502)
	at ptolemy.actor.CompositeActor.fire(CompositeActor.java:455)
	at ptolemy.actor.Manager.iterate(Manager.java:851)
	at ptolemy.actor.Manager.execute(Manager.java:369)
	at ptolemy.actor.Manager.run(Manager.java:1263)
	at ptolemy.actor.Manager$PtolemyRunThread.run(Manager.java:1933)
java.lang.RuntimeException: Execution failed
	at ptolemy.moml.MoMLSimpleApplication$UnloadThread.run(MoMLSimpleApplication.java:402)
Caused by: ptolemy.kernel.util.IllegalActionException: Found a zero delay loop containing .HierarchicalModel.A
  in .HierarchicalModel and .HierarchicalModel.A
	at ptolemy.actor.util.CausalityInterfaceForComposites._computeOutputPortDepth(CausalityInterfaceForComposites.java:759)
	at ptolemy.actor.util.CausalityInterfaceForComposites._computeInputDepth(CausalityInterfaceForComposites.java:696)
	at ptolemy.actor.util.CausalityInterfaceForComposites._computeOutputPortDepth(CausalityInterfaceForComposites.java:765)
	at ptolemy.actor.util.CausalityInterfaceForComposites._computeInputDepth(CausalityInterfaceForComposites.java:696)
	at ptolemy.actor.util.CausalityInterfaceForComposites._computeOutputPortDepth(CausalityInterfaceForComposites.java:765)
	at ptolemy.actor.util.CausalityInterfaceForComposites._computeInputDepth(CausalityInterfaceForComposites.java:696)
	at ptolemy.actor.util.CausalityInterfaceForComposites._computeActorDepth(CausalityInterfaceForComposites.java:532)
	at ptolemy.actor.util.CausalityInterfaceForComposites.checkForCycles(CausalityInterfaceForComposites.java:96)
	at ptolemy.domains.de.kernel.DEDirector.preinitialize(DEDirector.java:1338)
	at ptolemy.actor.CompositeActor.preinitialize(CompositeActor.java:1828)
	at ptolemy.actor.Manager.preinitializeAndResolveTypes(Manager.java:1040)
	at ptolemy.actor.Manager.initialize(Manager.java:710)
	at ptolemy.actor.Manager.execute(Manager.java:356)
	at ptolemy.actor.Manager.run(Manager.java:1263)
	at ptolemy.actor.Manager$PtolemyRunThread.run(Manager.java:1933)
java.lang.reflect.InvocationTargetException
	at java.base/jdk.internal.reflect.NativeConstructorAccessorImpl.newInstance0(Native Method)
	at java.base/jdk.internal.reflect.NativeConstructorAccessorImpl.newInstance(NativeConstructorAccessorImpl.java:62)
	at java.base/jdk.internal.reflect.DelegatingConstructorAccessorImpl.newInstance(DelegatingConstructorAccessorImpl.java:45)
	at java.base/java.lang.reflect.Constructor.newInstance(Constructor.java:490)
	at ptolemy.util.test.junit.AutoKnownFailedTests.RunModel(AutoKnownFailedTests.java:105)
	at java.base/jdk.internal.reflect.NativeMethodAccessorImpl.invoke0(Native Method)
	at java.base/jdk.internal.reflect.NativeMethodAccessorImpl.invoke(NativeMethodAccessorImpl.java:62)
	at java.base/jdk.internal.reflect.DelegatingMethodAccessorImpl.invoke(DelegatingMethodAccessorImpl.java:43)
	at java.base/java.lang.reflect.Method.invoke(Method.java:566)
	at org.junit.runners.model.FrameworkMethod$1.runReflectiveCall(FrameworkMethod.java:44)
	at org.junit.internal.runners.model.ReflectiveCallable.run(ReflectiveCallable.java:15)
	at org.junit.runners.model.FrameworkMethod.invokeExplosively(FrameworkMethod.java:41)
	at junitparams.internal.InvokeParameterisedMethod.evaluate(InvokeParameterisedMethod.java:102)
	at org.junit.internal.runners.statements.FailOnTimeout$1.run(FailOnTimeout.java:28)
Caused by: ptolemy.kernel.util.IllegalActionException: Found a zero delay loop containing .HierarchicalModel.A
  in .HierarchicalModel and .HierarchicalModel.A
	at ptolemy.actor.util.CausalityInterfaceForComposites._computeOutputPortDepth(CausalityInterfaceForComposites.java:759)
	at ptolemy.actor.util.CausalityInterfaceForComposites._computeInputDepth(CausalityInterfaceForComposites.java:696)
	at ptolemy.actor.util.CausalityInterfaceForComposites._computeOutputPortDepth(CausalityInterfaceForComposites.java:765)
	at ptolemy.actor.util.CausalityInterfaceForComposites._computeInputDepth(CausalityInterfaceForComposites.java:696)
	at ptolemy.actor.util.CausalityInterfaceForComposites._computeOutputPortDepth(CausalityInterfaceForComposites.java:765)
	at ptolemy.actor.util.CausalityInterfaceForComposites._computeInputDepth(CausalityInterfaceForComposites.java:696)
	at ptolemy.actor.util.CausalityInterfaceForComposites._computeActorDepth(CausalityInterfaceForComposites.java:532)
	at ptolemy.actor.util.CausalityInterfaceForComposites.checkForCycles(CausalityInterfaceForComposites.java:96)
	at ptolemy.domains.de.kernel.DEDirector.preinitialize(DEDirector.java:1338)
	at ptolemy.actor.CompositeActor.preinitialize(CompositeActor.java:1828)
	at ptolemy.actor.Manager.preinitializeAndResolveTypes(Manager.java:1040)
	at ptolemy.actor.Manager.initialize(Manager.java:710)
	at ptolemy.actor.Manager.execute(Manager.java:356)
	at ptolemy.actor.Manager.run(Manager.java:1263)
	at ptolemy.actor.Manager$PtolemyRunThread.run(Manager.java:1933)
java.lang.RuntimeException: Execution failed
	at ptolemy.moml.MoMLSimpleApplication$UnloadThread.run(MoMLSimpleApplication.java:402)
Caused by: ptolemy.kernel.util.IllegalActionException: Found a zero delay loop containing .dependencyLoop.original
  in .dependencyLoop and .dependencyLoop.original
	at ptolemy.actor.util.CausalityInterfaceForComposites._computeOutputPortDepth(CausalityInterfaceForComposites.java:759)
	at ptolemy.actor.util.CausalityInterfaceForComposites._computeInputDepth(CausalityInterfaceForComposites.java:696)
	at ptolemy.actor.util.CausalityInterfaceForComposites._computeOutputPortDepth(CausalityInterfaceForComposites.java:765)
	at ptolemy.actor.util.CausalityInterfaceForComposites._computeInputDepth(CausalityInterfaceForComposites.java:696)
	at ptolemy.actor.util.CausalityInterfaceForComposites._computeOutputPortDepth(CausalityInterfaceForComposites.java:765)
	at ptolemy.actor.util.CausalityInterfaceForComposites._computeInputDepth(CausalityInterfaceForComposites.java:696)
	at ptolemy.actor.util.CausalityInterfaceForComposites._computeActorDepth(CausalityInterfaceForComposites.java:532)
	at ptolemy.actor.util.CausalityInterfaceForComposites.checkForCycles(CausalityInterfaceForComposites.java:96)
	at ptolemy.domains.de.kernel.DEDirector.preinitialize(DEDirector.java:1338)
	at ptolemy.actor.CompositeActor.preinitialize(CompositeActor.java:1828)
	at ptolemy.actor.Manager.preinitializeAndResolveTypes(Manager.java:1040)
	at ptolemy.actor.Manager.initialize(Manager.java:710)
	at ptolemy.actor.Manager.execute(Manager.java:356)
	at ptolemy.actor.Manager.run(Manager.java:1263)
	at ptolemy.actor.Manager$PtolemyRunThread.run(Manager.java:1933)
java.lang.reflect.InvocationTargetException
	at java.base/jdk.internal.reflect.NativeConstructorAccessorImpl.newInstance0(Native Method)
	at java.base/jdk.internal.reflect.NativeConstructorAccessorImpl.newInstance(NativeConstructorAccessorImpl.java:62)
	at java.base/jdk.internal.reflect.DelegatingConstructorAccessorImpl.newInstance(DelegatingConstructorAccessorImpl.java:45)
	at java.base/java.lang.reflect.Constructor.newInstance(Constructor.java:490)
	at ptolemy.util.test.junit.AutoKnownFailedTests.RunModel(AutoKnownFailedTests.java:105)
	at java.base/jdk.internal.reflect.NativeMethodAccessorImpl.invoke0(Native Method)
	at java.base/jdk.internal.reflect.NativeMethodAccessorImpl.invoke(NativeMethodAccessorImpl.java:62)
	at java.base/jdk.internal.reflect.DelegatingMethodAccessorImpl.invoke(DelegatingMethodAccessorImpl.java:43)
	at java.base/java.lang.reflect.Method.invoke(Method.java:566)
	at org.junit.runners.model.FrameworkMethod$1.runReflectiveCall(FrameworkMethod.java:44)
	at org.junit.internal.runners.model.ReflectiveCallable.run(ReflectiveCallable.java:15)
	at org.junit.runners.model.FrameworkMethod.invokeExplosively(FrameworkMethod.java:41)
	at junitparams.internal.InvokeParameterisedMethod.evaluate(InvokeParameterisedMethod.java:102)
	at org.junit.internal.runners.statements.FailOnTimeout$1.run(FailOnTimeout.java:28)
Caused by: ptolemy.kernel.util.IllegalActionException: Found a zero delay loop containing .dependencyLoop.original
  in .dependencyLoop and .dependencyLoop.original
	at ptolemy.actor.util.CausalityInterfaceForComposites._computeOutputPortDepth(CausalityInterfaceForComposites.java:759)
	at ptolemy.actor.util.CausalityInterfaceForComposites._computeInputDepth(CausalityInterfaceForComposites.java:696)
	at ptolemy.actor.util.CausalityInterfaceForComposites._computeOutputPortDepth(CausalityInterfaceForComposites.java:765)
	at ptolemy.actor.util.CausalityInterfaceForComposites._computeInputDepth(CausalityInterfaceForComposites.java:696)
	at ptolemy.actor.util.CausalityInterfaceForComposites._computeOutputPortDepth(CausalityInterfaceForComposites.java:765)
	at ptolemy.actor.util.CausalityInterfaceForComposites._computeInputDepth(CausalityInterfaceForComposites.java:696)
	at ptolemy.actor.util.CausalityInterfaceForComposites._computeActorDepth(CausalityInterfaceForComposites.java:532)
	at ptolemy.actor.util.CausalityInterfaceForComposites.checkForCycles(CausalityInterfaceForComposites.java:96)
	at ptolemy.domains.de.kernel.DEDirector.preinitialize(DEDirector.java:1338)
	at ptolemy.actor.CompositeActor.preinitialize(CompositeActor.java:1828)
	at ptolemy.actor.Manager.preinitializeAndResolveTypes(Manager.java:1040)
	at ptolemy.actor.Manager.initialize(Manager.java:710)
	at ptolemy.actor.Manager.execute(Manager.java:356)
	at ptolemy.actor.Manager.run(Manager.java:1263)
	at ptolemy.actor.Manager$PtolemyRunThread.run(Manager.java:1933)
java.lang.RuntimeException: Execution failed
	at ptolemy.moml.MoMLSimpleApplication$UnloadThread.run(MoMLSimpleApplication.java:402)
Caused by: ptolemy.kernel.util.IllegalActionException: Found a zero delay loop containing .dependencyLoop2.original
  in .dependencyLoop2 and .dependencyLoop2.original
	at ptolemy.actor.util.CausalityInterfaceForComposites._computeOutputPortDepth(CausalityInterfaceForComposites.java:759)
	at ptolemy.actor.util.CausalityInterfaceForComposites._computeInputDepth(CausalityInterfaceForComposites.java:696)
	at ptolemy.actor.util.CausalityInterfaceForComposites._computeOutputPortDepth(CausalityInterfaceForComposites.java:765)
	at ptolemy.actor.util.CausalityInterfaceForComposites._computeInputDepth(CausalityInterfaceForComposites.java:696)
	at ptolemy.actor.util.CausalityInterfaceForComposites._computeOutputPortDepth(CausalityInterfaceForComposites.java:765)
	at ptolemy.actor.util.CausalityInterfaceForComposites._computeInputDepth(CausalityInterfaceForComposites.java:696)
	at ptolemy.actor.util.CausalityInterfaceForComposites._computeActorDepth(CausalityInterfaceForComposites.java:532)
	at ptolemy.actor.util.CausalityInterfaceForComposites.checkForCycles(CausalityInterfaceForComposites.java:96)
	at ptolemy.domains.de.kernel.DEDirector.preinitialize(DEDirector.java:1338)
	at ptolemy.actor.CompositeActor.preinitialize(CompositeActor.java:1828)
	at ptolemy.actor.Manager.preinitializeAndResolveTypes(Manager.java:1040)
	at ptolemy.actor.Manager.initialize(Manager.java:710)
	at ptolemy.actor.Manager.execute(Manager.java:356)
	at ptolemy.actor.Manager.run(Manager.java:1263)
	at ptolemy.actor.Manager$PtolemyRunThread.run(Manager.java:1933)
java.lang.reflect.InvocationTargetException
	at java.base/jdk.internal.reflect.NativeConstructorAccessorImpl.newInstance0(Native Method)
	at java.base/jdk.internal.reflect.NativeConstructorAccessorImpl.newInstance(NativeConstructorAccessorImpl.java:62)
	at java.base/jdk.internal.reflect.DelegatingConstructorAccessorImpl.newInstance(DelegatingConstructorAccessorImpl.java:45)
	at java.base/java.lang.reflect.Constructor.newInstance(Constructor.java:490)
	at ptolemy.util.test.junit.AutoKnownFailedTests.RunModel(AutoKnownFailedTests.java:105)
	at java.base/jdk.internal.reflect.NativeMethodAccessorImpl.invoke0(Native Method)
	at java.base/jdk.internal.reflect.NativeMethodAccessorImpl.invoke(NativeMethodAccessorImpl.java:62)
	at java.base/jdk.internal.reflect.DelegatingMethodAccessorImpl.invoke(DelegatingMethodAccessorImpl.java:43)
	at java.base/java.lang.reflect.Method.invoke(Method.java:566)
	at org.junit.runners.model.FrameworkMethod$1.runReflectiveCall(FrameworkMethod.java:44)
	at org.junit.internal.runners.model.ReflectiveCallable.run(ReflectiveCallable.java:15)
	at org.junit.runners.model.FrameworkMethod.invokeExplosively(FrameworkMethod.java:41)
	at junitparams.internal.InvokeParameterisedMethod.evaluate(InvokeParameterisedMethod.java:102)
	at org.junit.internal.runners.statements.FailOnTimeout$1.run(FailOnTimeout.java:28)
Caused by: ptolemy.kernel.util.IllegalActionException: Found a zero delay loop containing .dependencyLoop2.original
  in .dependencyLoop2 and .dependencyLoop2.original
	at ptolemy.actor.util.CausalityInterfaceForComposites._computeOutputPortDepth(CausalityInterfaceForComposites.java:759)
	at ptolemy.actor.util.CausalityInterfaceForComposites._computeInputDepth(CausalityInterfaceForComposites.java:696)
	at ptolemy.actor.util.CausalityInterfaceForComposites._computeOutputPortDepth(CausalityInterfaceForComposites.java:765)
	at ptolemy.actor.util.CausalityInterfaceForComposites._computeInputDepth(CausalityInterfaceForComposites.java:696)
	at ptolemy.actor.util.CausalityInterfaceForComposites._computeOutputPortDepth(CausalityInterfaceForComposites.java:765)
	at ptolemy.actor.util.CausalityInterfaceForComposites._computeInputDepth(CausalityInterfaceForComposites.java:696)
	at ptolemy.actor.util.CausalityInterfaceForComposites._computeActorDepth(CausalityInterfaceForComposites.java:532)
	at ptolemy.actor.util.CausalityInterfaceForComposites.checkForCycles(CausalityInterfaceForComposites.java:96)
	at ptolemy.domains.de.kernel.DEDirector.preinitialize(DEDirector.java:1338)
	at ptolemy.actor.CompositeActor.preinitialize(CompositeActor.java:1828)
	at ptolemy.actor.Manager.preinitializeAndResolveTypes(Manager.java:1040)
	at ptolemy.actor.Manager.initialize(Manager.java:710)
	at ptolemy.actor.Manager.execute(Manager.java:356)
	at ptolemy.actor.Manager.run(Manager.java:1263)
	at ptolemy.actor.Manager$PtolemyRunThread.run(Manager.java:1933)
]]></system-err>
</testsuite>
