<?xml version="1.0" encoding="UTF-8" ?>
<testsuite errors="0" failures="0" hostname="travis-job-e5441af2-a51c-4a61-a4c4-3969c378271c" name="ptolemy.domains.continuous.test.junit.JUnitTclTest" skipped="0" tests="156" time="68.824" timestamp="2020-08-15T16:55:15">
  <properties>
[...]
</properties>
  <testcase classname="ptolemy.util.test.junit.TclTests" name="[0] ThereAreNoTclTests (RunTclFile)" time="0.009" />
  <testcase classname="ptolemy.util.test.junit.AutoKnownFailedTests" name="[0] ThereAreNoKnowFailedTests (RunModel)" time="0.002" />
  <testcase classname="ptolemy.util.test.junit.AutoNameArchTests" name="[0] ThereAreNoAutoArchTests (RunModel)" time="0.026" />
  <testcase classname="ptolemy.util.test.junit.AutoTests" name="[0] /home/travis/build/icyphy/ptII/ptolemy/domains/continuous/test/auto/BouncingBall.xml (RunModel)" time="3.12" />
  <testcase classname="ptolemy.util.test.junit.AutoTests" name="[1] /home/travis/build/icyphy/ptII/ptolemy/domains/continuous/test/auto/BouncingBallWithoutGR.xml (RunModel)" time="1.033" />
  <testcase classname="ptolemy.util.test.junit.AutoTests" name="[2] /home/travis/build/icyphy/ptII/ptolemy/domains/continuous/test/auto/Brownian.xml (RunModel)" time="0.142" />
  <testcase classname="ptolemy.util.test.junit.AutoTests" name="[3] /home/travis/build/icyphy/ptII/ptolemy/domains/continuous/test/auto/CarTracking.xml (RunModel)" time="3.806" />
  <testcase classname="ptolemy.util.test.junit.AutoTests" name="[4] /home/travis/build/icyphy/ptII/ptolemy/domains/continuous/test/auto/CartPendulum.xml (RunModel)" time="0.551" />
  <testcase classname="ptolemy.util.test.junit.AutoTests" name="[5] /home/travis/build/icyphy/ptII/ptolemy/domains/continuous/test/auto/CausalityInterface10.xml (RunModel)" time="0.111" />
  <testcase classname="ptolemy.util.test.junit.AutoTests" name="[6] /home/travis/build/icyphy/ptII/ptolemy/domains/continuous/test/auto/CausalityInterface11.xml (RunModel)" time="0.032" />
  <testcase classname="ptolemy.util.test.junit.AutoTests" name="[7] /home/travis/build/icyphy/ptII/ptolemy/domains/continuous/test/auto/CausalityInterface12.xml (RunModel)" time="0.048" />
  <testcase classname="ptolemy.util.test.junit.AutoTests" name="[8] /home/travis/build/icyphy/ptII/ptolemy/domains/continuous/test/auto/CausalityInterface13.xml (RunModel)" time="0.04" />
  <testcase classname="ptolemy.util.test.junit.AutoTests" name="[9] /home/travis/build/icyphy/ptII/ptolemy/domains/continuous/test/auto/CausalityInterface14.xml (RunModel)" time="0.033" />
  <testcase classname="ptolemy.util.test.junit.AutoTests" name="[10] /home/travis/build/icyphy/ptII/ptolemy/domains/continuous/test/auto/CausalityInterface4.xml (RunModel)" time="0.026" />
  <testcase classname="ptolemy.util.test.junit.AutoTests" name="[11] /home/travis/build/icyphy/ptII/ptolemy/domains/continuous/test/auto/CausalityInterface5.xml (RunModel)" time="0.048" />
  <testcase classname="ptolemy.util.test.junit.AutoTests" name="[12] /home/travis/build/icyphy/ptII/ptolemy/domains/continuous/test/auto/CausalityInterface6.xml (RunModel)" time="0.023" />
  <testcase classname="ptolemy.util.test.junit.AutoTests" name="[13] /home/travis/build/icyphy/ptII/ptolemy/domains/continuous/test/auto/CausalityInterface7.xml (RunModel)" time="0.037" />
  <testcase classname="ptolemy.util.test.junit.AutoTests" name="[14] /home/travis/build/icyphy/ptII/ptolemy/domains/continuous/test/auto/CausalityInterface8.xml (RunModel)" time="0.042" />
  <testcase classname="ptolemy.util.test.junit.AutoTests" name="[15] /home/travis/build/icyphy/ptII/ptolemy/domains/continuous/test/auto/CausalityInterface9.xml (RunModel)" time="0.039" />
  <testcase classname="ptolemy.util.test.junit.AutoTests" name="[16] /home/travis/build/icyphy/ptII/ptolemy/domains/continuous/test/auto/CausalityInterfaceFeedback1.xml (RunModel)" time="0.034" />
  <testcase classname="ptolemy.util.test.junit.AutoTests" name="[17] /home/travis/build/icyphy/ptII/ptolemy/domains/continuous/test/auto/CausalityInterfaceFeedback2.xml (RunModel)" time="0.018" />
  <testcase classname="ptolemy.util.test.junit.AutoTests" name="[18] /home/travis/build/icyphy/ptII/ptolemy/domains/continuous/test/auto/CompareWithCurrentTime.xml (RunModel)" time="0.026" />
  <testcase classname="ptolemy.util.test.junit.AutoTests" name="[19] /home/travis/build/icyphy/ptII/ptolemy/domains/continuous/test/auto/ComparedClocks.xml (RunModel)" time="0.083" />
  <testcase classname="ptolemy.util.test.junit.AutoTests" name="[20] /home/travis/build/icyphy/ptII/ptolemy/domains/continuous/test/auto/ContinuousAOCClone.xml (RunModel)" time="2.641" />
  <testcase classname="ptolemy.util.test.junit.AutoTests" name="[21] /home/travis/build/icyphy/ptII/ptolemy/domains/continuous/test/auto/ContinuousClock.xml (RunModel)" time="0.117" />
  <testcase classname="ptolemy.util.test.junit.AutoTests" name="[22] /home/travis/build/icyphy/ptII/ptolemy/domains/continuous/test/auto/ContinuousInContinuous.xml (RunModel)" time="0.096" />
  <testcase classname="ptolemy.util.test.junit.AutoTests" name="[23] /home/travis/build/icyphy/ptII/ptolemy/domains/continuous/test/auto/ContinuousInContinuousInContinuous.xml (RunModel)" time="0.021" />
  <testcase classname="ptolemy.util.test.junit.AutoTests" name="[24] /home/travis/build/icyphy/ptII/ptolemy/domains/continuous/test/auto/ContinuousInDE.xml (RunModel)" time="0.076" />
  <testcase classname="ptolemy.util.test.junit.AutoTests" name="[25] /home/travis/build/icyphy/ptII/ptolemy/domains/continuous/test/auto/ContinuousInDE2.xml (RunModel)" time="0.072" />
  <testcase classname="ptolemy.util.test.junit.AutoTests" name="[26] /home/travis/build/icyphy/ptII/ptolemy/domains/continuous/test/auto/ContinuousInDE3.xml (RunModel)" time="0.054" />
  <testcase classname="ptolemy.util.test.junit.AutoTests" name="[27] /home/travis/build/icyphy/ptII/ptolemy/domains/continuous/test/auto/ContinuousInDE4.xml (RunModel)" time="0.038" />
  <testcase classname="ptolemy.util.test.junit.AutoTests" name="[28] /home/travis/build/icyphy/ptII/ptolemy/domains/continuous/test/auto/ContinuousInDEDifferentRefinements.xml (RunModel)" time="0.097" />
  <testcase classname="ptolemy.util.test.junit.AutoTests" name="[29] /home/travis/build/icyphy/ptII/ptolemy/domains/continuous/test/auto/ContinuousInDEDifferentRefinementsPreemptive.xml (RunModel)" time="0.11" />
  <testcase classname="ptolemy.util.test.junit.AutoTests" name="[30] /home/travis/build/icyphy/ptII/ptolemy/domains/continuous/test/auto/ContinuousInDEInContinuous2.xml (RunModel)" time="0.056" />
  <testcase classname="ptolemy.util.test.junit.AutoTests" name="[31] /home/travis/build/icyphy/ptII/ptolemy/domains/continuous/test/auto/ContinuousInDEInContinuous3.xml (RunModel)" time="0.059" />
  <testcase classname="ptolemy.util.test.junit.AutoTests" name="[32] /home/travis/build/icyphy/ptII/ptolemy/domains/continuous/test/auto/ContinuousInDEInput.xml (RunModel)" time="0.031" />
  <testcase classname="ptolemy.util.test.junit.AutoTests" name="[33] /home/travis/build/icyphy/ptII/ptolemy/domains/continuous/test/auto/ContinuousInDEInput2.xml (RunModel)" time="0.032" />
  <testcase classname="ptolemy.util.test.junit.AutoTests" name="[34] /home/travis/build/icyphy/ptII/ptolemy/domains/continuous/test/auto/ContinuousInDEInput3.xml (RunModel)" time="0.034" />
  <testcase classname="ptolemy.util.test.junit.AutoTests" name="[35] /home/travis/build/icyphy/ptII/ptolemy/domains/continuous/test/auto/ContinuousInDESharingRefinement.xml (RunModel)" time="0.179" />
  <testcase classname="ptolemy.util.test.junit.AutoTests" name="[36] /home/travis/build/icyphy/ptII/ptolemy/domains/continuous/test/auto/ContinuousInDEwithNoPorts.xml (RunModel)" time="0.014" />
  <testcase classname="ptolemy.util.test.junit.AutoTests" name="[37] /home/travis/build/icyphy/ptII/ptolemy/domains/continuous/test/auto/ContinuousInsideDE.xml (RunModel)" time="0.067" />
  <testcase classname="ptolemy.util.test.junit.AutoTests" name="[38] /home/travis/build/icyphy/ptII/ptolemy/domains/continuous/test/auto/ContinuousMerge1.xml (RunModel)" time="0.015" />
  <testcase classname="ptolemy.util.test.junit.AutoTests" name="[39] /home/travis/build/icyphy/ptII/ptolemy/domains/continuous/test/auto/ContinuousMerge2.xml (RunModel)" time="0.041" />
  <testcase classname="ptolemy.util.test.junit.AutoTests" name="[40] /home/travis/build/icyphy/ptII/ptolemy/domains/continuous/test/auto/ContinuousMerge3.xml (RunModel)" time="0.061" />
  <testcase classname="ptolemy.util.test.junit.AutoTests" name="[41] /home/travis/build/icyphy/ptII/ptolemy/domains/continuous/test/auto/ContinuousWithinContinuous.xml (RunModel)" time="0.053" />
  <testcase classname="ptolemy.util.test.junit.AutoTests" name="[42] /home/travis/build/icyphy/ptII/ptolemy/domains/continuous/test/auto/ContinuousWithinContinuous2.xml (RunModel)" time="0.081" />
  <testcase classname="ptolemy.util.test.junit.AutoTests" name="[43] /home/travis/build/icyphy/ptII/ptolemy/domains/continuous/test/auto/ContinuousWithinContinuous3.xml (RunModel)" time="0.029" />
  <testcase classname="ptolemy.util.test.junit.AutoTests" name="[44] /home/travis/build/icyphy/ptII/ptolemy/domains/continuous/test/auto/ContinuousWithinContinuous4.xml (RunModel)" time="0.092" />
  <testcase classname="ptolemy.util.test.junit.AutoTests" name="[45] /home/travis/build/icyphy/ptII/ptolemy/domains/continuous/test/auto/ContinuousWithinContinuous5.xml (RunModel)" time="0.032" />
  <testcase classname="ptolemy.util.test.junit.AutoTests" name="[46] /home/travis/build/icyphy/ptII/ptolemy/domains/continuous/test/auto/ContinuousWithinContinuous6.xml (RunModel)" time="0.029" />
  <testcase classname="ptolemy.util.test.junit.AutoTests" name="[47] /home/travis/build/icyphy/ptII/ptolemy/domains/continuous/test/auto/ContinuousWithinContinuous7.xml (RunModel)" time="0.092" />
  <testcase classname="ptolemy.util.test.junit.AutoTests" name="[48] /home/travis/build/icyphy/ptII/ptolemy/domains/continuous/test/auto/DCMotor.xml (RunModel)" time="12.636" />
  <testcase classname="ptolemy.util.test.junit.AutoTests" name="[49] /home/travis/build/icyphy/ptII/ptolemy/domains/continuous/test/auto/DEInContinuous.xml (RunModel)" time="0.033" />
  <testcase classname="ptolemy.util.test.junit.AutoTests" name="[50] /home/travis/build/icyphy/ptII/ptolemy/domains/continuous/test/auto/DEinContinuous2.xml (RunModel)" time="0.032" />
  <testcase classname="ptolemy.util.test.junit.AutoTests" name="[51] /home/travis/build/icyphy/ptII/ptolemy/domains/continuous/test/auto/Derivative.xml (RunModel)" time="0.174" />
  <testcase classname="ptolemy.util.test.junit.AutoTests" name="[52] /home/travis/build/icyphy/ptII/ptolemy/domains/continuous/test/auto/Derivative1.xml (RunModel)" time="0.051" />
  <testcase classname="ptolemy.util.test.junit.AutoTests" name="[53] /home/travis/build/icyphy/ptII/ptolemy/domains/continuous/test/auto/DiscreteClock.xml (RunModel)" time="0.012" />
  <testcase classname="ptolemy.util.test.junit.AutoTests" name="[54] /home/travis/build/icyphy/ptII/ptolemy/domains/continuous/test/auto/EfficiencyCurve.xml (RunModel)" time="0.079" />
  <testcase classname="ptolemy.util.test.junit.AutoTests" name="[55] /home/travis/build/icyphy/ptII/ptolemy/domains/continuous/test/auto/ExponentialResponse.xml (RunModel)" time="0.108" />
  <testcase classname="ptolemy.util.test.junit.AutoTests" name="[56] /home/travis/build/icyphy/ptII/ptolemy/domains/continuous/test/auto/ExponentialResponseRK45.xml (RunModel)" time="0.033" />
  <testcase classname="ptolemy.util.test.junit.AutoTests" name="[57] /home/travis/build/icyphy/ptII/ptolemy/domains/continuous/test/auto/Friction.xml (RunModel)" time="1.454" />
  <testcase classname="ptolemy.util.test.junit.AutoTests" name="[58] /home/travis/build/icyphy/ptII/ptolemy/domains/continuous/test/auto/FurutaPendulum.xml (RunModel)" time="3.06" />
  <testcase classname="ptolemy.util.test.junit.AutoTests" name="[59] /home/travis/build/icyphy/ptII/ptolemy/domains/continuous/test/auto/HierarchicalExecution.xml (RunModel)" time="1.74" />
  <testcase classname="ptolemy.util.test.junit.AutoTests" name="[60] /home/travis/build/icyphy/ptII/ptolemy/domains/continuous/test/auto/HybridPlant.xml (RunModel)" time="0.526" />
  <testcase classname="ptolemy.util.test.junit.AutoTests" name="[61] /home/travis/build/icyphy/ptII/ptolemy/domains/continuous/test/auto/Hysteresis.xml (RunModel)" time="0.18" />
  <testcase classname="ptolemy.util.test.junit.AutoTests" name="[62] /home/travis/build/icyphy/ptII/ptolemy/domains/continuous/test/auto/HysteresisWithRandomDelay.xml (RunModel)" time="0.218" />
  <testcase classname="ptolemy.util.test.junit.AutoTests" name="[63] /home/travis/build/icyphy/ptII/ptolemy/domains/continuous/test/auto/HysteresisWithRandomLosses.xml (RunModel)" time="2.222" />
  <testcase classname="ptolemy.util.test.junit.AutoTests" name="[64] /home/travis/build/icyphy/ptII/ptolemy/domains/continuous/test/auto/ImmediateTransitions.xml (RunModel)" time="0.038" />
  <testcase classname="ptolemy.util.test.junit.AutoTests" name="[65] /home/travis/build/icyphy/ptII/ptolemy/domains/continuous/test/auto/ImpulseFeedback.xml (RunModel)" time="0.022" />
  <testcase classname="ptolemy.util.test.junit.AutoTests" name="[66] /home/travis/build/icyphy/ptII/ptolemy/domains/continuous/test/auto/ImpulseFeedback2.xml (RunModel)" time="0.016" />
  <testcase classname="ptolemy.util.test.junit.AutoTests" name="[67] /home/travis/build/icyphy/ptII/ptolemy/domains/continuous/test/auto/IncreasingRatePoisson.xml (RunModel)" time="0.704" />
  <testcase classname="ptolemy.util.test.junit.AutoTests" name="[68] /home/travis/build/icyphy/ptII/ptolemy/domains/continuous/test/auto/InitialStateFeedback.xml (RunModel)" time="0.019" />
  <testcase classname="ptolemy.util.test.junit.AutoTests" name="[69] /home/travis/build/icyphy/ptII/ptolemy/domains/continuous/test/auto/Integration.xml (RunModel)" time="0.012" />
  <testcase classname="ptolemy.util.test.junit.AutoTests" name="[70] /home/travis/build/icyphy/ptII/ptolemy/domains/continuous/test/auto/Integration2.xml (RunModel)" time="0.079" />
  <testcase classname="ptolemy.util.test.junit.AutoTests" name="[71] /home/travis/build/icyphy/ptII/ptolemy/domains/continuous/test/auto/Integration3.xml (RunModel)" time="0.014" />
  <testcase classname="ptolemy.util.test.junit.AutoTests" name="[72] /home/travis/build/icyphy/ptII/ptolemy/domains/continuous/test/auto/Integration5.xml (RunModel)" time="0.011" />
  <testcase classname="ptolemy.util.test.junit.AutoTests" name="[73] /home/travis/build/icyphy/ptII/ptolemy/domains/continuous/test/auto/IntegratorImpulse.xml (RunModel)" time="0.009" />
  <testcase classname="ptolemy.util.test.junit.AutoTests" name="[74] /home/travis/build/icyphy/ptII/ptolemy/domains/continuous/test/auto/IntegratorImpulse2.xml (RunModel)" time="0.023" />
  <testcase classname="ptolemy.util.test.junit.AutoTests" name="[75] /home/travis/build/icyphy/ptII/ptolemy/domains/continuous/test/auto/LevelCrossing1.xml (RunModel)" time="0.015" />
  <testcase classname="ptolemy.util.test.junit.AutoTests" name="[76] /home/travis/build/icyphy/ptII/ptolemy/domains/continuous/test/auto/LevelCrossing2.xml (RunModel)" time="0.014" />
  <testcase classname="ptolemy.util.test.junit.AutoTests" name="[77] /home/travis/build/icyphy/ptII/ptolemy/domains/continuous/test/auto/LevelCrossing3.xml (RunModel)" time="0.012" />
  <testcase classname="ptolemy.util.test.junit.AutoTests" name="[78] /home/travis/build/icyphy/ptII/ptolemy/domains/continuous/test/auto/LevelCrossing4.xml (RunModel)" time="0.012" />
  <testcase classname="ptolemy.util.test.junit.AutoTests" name="[79] /home/travis/build/icyphy/ptII/ptolemy/domains/continuous/test/auto/LevelCrossing5.xml (RunModel)" time="0.016" />
  <testcase classname="ptolemy.util.test.junit.AutoTests" name="[80] /home/travis/build/icyphy/ptII/ptolemy/domains/continuous/test/auto/LevelCrossing6.xml (RunModel)" time="0.012" />
  <testcase classname="ptolemy.util.test.junit.AutoTests" name="[81] /home/travis/build/icyphy/ptII/ptolemy/domains/continuous/test/auto/LevelCrossingDetector.xml (RunModel)" time="0.041" />
  <testcase classname="ptolemy.util.test.junit.AutoTests" name="[82] /home/travis/build/icyphy/ptII/ptolemy/domains/continuous/test/auto/LevelCrossingDetectorDetectingDirections.xml (RunModel)" time="0.083" />
  <testcase classname="ptolemy.util.test.junit.AutoTests" name="[83] /home/travis/build/icyphy/ptII/ptolemy/domains/continuous/test/auto/LevelCrossingDetectorDetectsGlitches.xml (RunModel)" time="0.058" />
  <testcase classname="ptolemy.util.test.junit.AutoTests" name="[84] /home/travis/build/icyphy/ptII/ptolemy/domains/continuous/test/auto/LevelCrossingNoInitialOuput.xml (RunModel)" time="0.012" />
  <testcase classname="ptolemy.util.test.junit.AutoTests" name="[85] /home/travis/build/icyphy/ptII/ptolemy/domains/continuous/test/auto/LinearStateSpaceExample.xml (RunModel)" time="0.067" />
  <testcase classname="ptolemy.util.test.junit.AutoTests" name="[86] /home/travis/build/icyphy/ptII/ptolemy/domains/continuous/test/auto/Lorenz.xml (RunModel)" time="3.057" />
  <testcase classname="ptolemy.util.test.junit.AutoTests" name="[87] /home/travis/build/icyphy/ptII/ptolemy/domains/continuous/test/auto/LorenzDifferentialSystem.xml (RunModel)" time="0.919" />
  <testcase classname="ptolemy.util.test.junit.AutoTests" name="[88] /home/travis/build/icyphy/ptII/ptolemy/domains/continuous/test/auto/LorenzDifferentialSystemWithInput.xml (RunModel)" time="1.139" />
  <testcase classname="ptolemy.util.test.junit.AutoTests" name="[89] /home/travis/build/icyphy/ptII/ptolemy/domains/continuous/test/auto/LorenzDifferentialSystemWithTime.xml (RunModel)" time="0.615" />
  <testcase classname="ptolemy.util.test.junit.AutoTests" name="[90] /home/travis/build/icyphy/ptII/ptolemy/domains/continuous/test/auto/Microsteps.xml (RunModel)" time="0.025" />
  <testcase classname="ptolemy.util.test.junit.AutoTests" name="[91] /home/travis/build/icyphy/ptII/ptolemy/domains/continuous/test/auto/Modal1.xml (RunModel)" time="0.033" />
  <testcase classname="ptolemy.util.test.junit.AutoTests" name="[92] /home/travis/build/icyphy/ptII/ptolemy/domains/continuous/test/auto/Modal2.xml (RunModel)" time="0.035" />
  <testcase classname="ptolemy.util.test.junit.AutoTests" name="[93] /home/travis/build/icyphy/ptII/ptolemy/domains/continuous/test/auto/ModalTransitionGuardWithReset.xml (RunModel)" time="0.026" />
  <testcase classname="ptolemy.util.test.junit.AutoTests" name="[94] /home/travis/build/icyphy/ptII/ptolemy/domains/continuous/test/auto/ModalTransitionGuardWithResetUsingPreemptiveTransition.xml (RunModel)" time="0.022" />
  <testcase classname="ptolemy.util.test.junit.AutoTests" name="[95] /home/travis/build/icyphy/ptII/ptolemy/domains/continuous/test/auto/ModalTransitionGuardWithResetUsingPreemptiveTransition2.xml (RunModel)" time="0.022" />
  <testcase classname="ptolemy.util.test.junit.AutoTests" name="[96] /home/travis/build/icyphy/ptII/ptolemy/domains/continuous/test/auto/ModalTransitionGuardWithResetUsingPreemptiveTransition3.xml (RunModel)" time="0.029" />
  <testcase classname="ptolemy.util.test.junit.AutoTests" name="[97] /home/travis/build/icyphy/ptII/ptolemy/domains/continuous/test/auto/NewtonsCradle.xml (RunModel)" time="0.68" />
  <testcase classname="ptolemy.util.test.junit.AutoTests" name="[98] /home/travis/build/icyphy/ptII/ptolemy/domains/continuous/test/auto/NewtonsCradleAnimated.xml (RunModel)" time="1.179" />
  <testcase classname="ptolemy.util.test.junit.AutoTests" name="[99] /home/travis/build/icyphy/ptII/ptolemy/domains/continuous/test/auto/NewtonsCradleComplicated.xml (RunModel)" time="0.841" />
  <testcase classname="ptolemy.util.test.junit.AutoTests" name="[100] /home/travis/build/icyphy/ptII/ptolemy/domains/continuous/test/auto/NewtonsCradleNondeterministic.xml (RunModel)" time="0.644" />
  <testcase classname="ptolemy.util.test.junit.AutoTests" name="[101] /home/travis/build/icyphy/ptII/ptolemy/domains/continuous/test/auto/NewtonsCradlePerfectlyInelastic1.xml (RunModel)" time="1.121" />
  <testcase classname="ptolemy.util.test.junit.AutoTests" name="[102] /home/travis/build/icyphy/ptII/ptolemy/domains/continuous/test/auto/Noise.xml (RunModel)" time="0.177" />
  <testcase classname="ptolemy.util.test.junit.AutoTests" name="[103] /home/travis/build/icyphy/ptII/ptolemy/domains/continuous/test/auto/NoiseSpectrum.xml (RunModel)" time="0.667" />
  <testcase classname="ptolemy.util.test.junit.AutoTests" name="[104] /home/travis/build/icyphy/ptII/ptolemy/domains/continuous/test/auto/ParameterizedNewtonsCradleAnimated.xml (RunModel)" time="0.36" />
  <testcase classname="ptolemy.util.test.junit.AutoTests" name="[105] /home/travis/build/icyphy/ptII/ptolemy/domains/continuous/test/auto/ParameterizedNewtonsCradleAnimatedNondeterministic.xml (RunModel)" time="1.106" />
  <testcase classname="ptolemy.util.test.junit.AutoTests" name="[106] /home/travis/build/icyphy/ptII/ptolemy/domains/continuous/test/auto/Pendulum3D.xml (RunModel)" time="0.162" />
  <testcase classname="ptolemy.util.test.junit.AutoTests" name="[107] /home/travis/build/icyphy/ptII/ptolemy/domains/continuous/test/auto/PeriodicSampler.xml (RunModel)" time="0.011" />
  <testcase classname="ptolemy.util.test.junit.AutoTests" name="[108] /home/travis/build/icyphy/ptII/ptolemy/domains/continuous/test/auto/PeriodicSampler1.xml (RunModel)" time="0.049" />
  <testcase classname="ptolemy.util.test.junit.AutoTests" name="[109] /home/travis/build/icyphy/ptII/ptolemy/domains/continuous/test/auto/PeriodicSampler2.xml (RunModel)" time="0.079" />
  <testcase classname="ptolemy.util.test.junit.AutoTests" name="[110] /home/travis/build/icyphy/ptII/ptolemy/domains/continuous/test/auto/Poisson.xml (RunModel)" time="0.433" />
  <testcase classname="ptolemy.util.test.junit.AutoTests" name="[111] /home/travis/build/icyphy/ptII/ptolemy/domains/continuous/test/auto/PoissonClock.xml (RunModel)" time="0.013" />
  <testcase classname="ptolemy.util.test.junit.AutoTests" name="[112] /home/travis/build/icyphy/ptII/ptolemy/domains/continuous/test/auto/PoissonClock2.xml (RunModel)" time="0.012" />
  <testcase classname="ptolemy.util.test.junit.AutoTests" name="[113] /home/travis/build/icyphy/ptII/ptolemy/domains/continuous/test/auto/PortParameterHierarchy.xml (RunModel)" time="0.025" />
  <testcase classname="ptolemy.util.test.junit.AutoTests" name="[114] /home/travis/build/icyphy/ptII/ptolemy/domains/continuous/test/auto/RandomHybridPlant.xml (RunModel)" time="0.543" />
  <testcase classname="ptolemy.util.test.junit.AutoTests" name="[115] /home/travis/build/icyphy/ptII/ptolemy/domains/continuous/test/auto/ResetTransitionWithStartTime1.xml (RunModel)" time="0.037" />
  <testcase classname="ptolemy.util.test.junit.AutoTests" name="[116] /home/travis/build/icyphy/ptII/ptolemy/domains/continuous/test/auto/ResetTransitionWithStartTime2.xml (RunModel)" time="0.04" />
  <testcase classname="ptolemy.util.test.junit.AutoTests" name="[117] /home/travis/build/icyphy/ptII/ptolemy/domains/continuous/test/auto/ResetTransitionWithStartTime3.xml (RunModel)" time="0.032" />
  <testcase classname="ptolemy.util.test.junit.AutoTests" name="[118] /home/travis/build/icyphy/ptII/ptolemy/domains/continuous/test/auto/ResetTransitionWithStartTime4.xml (RunModel)" time="0.026" />
  <testcase classname="ptolemy.util.test.junit.AutoTests" name="[119] /home/travis/build/icyphy/ptII/ptolemy/domains/continuous/test/auto/ResetTransitionWithStartTime5.xml (RunModel)" time="0.033" />
  <testcase classname="ptolemy.util.test.junit.AutoTests" name="[120] /home/travis/build/icyphy/ptII/ptolemy/domains/continuous/test/auto/ResetTransitionWithStartTime6.xml (RunModel)" time="0.033" />
  <testcase classname="ptolemy.util.test.junit.AutoTests" name="[121] /home/travis/build/icyphy/ptII/ptolemy/domains/continuous/test/auto/SRinContinuous.xml (RunModel)" time="0.026" />
  <testcase classname="ptolemy.util.test.junit.AutoTests" name="[122] /home/travis/build/icyphy/ptII/ptolemy/domains/continuous/test/auto/SampledClocks.xml (RunModel)" time="0.031" />
  <testcase classname="ptolemy.util.test.junit.AutoTests" name="[123] /home/travis/build/icyphy/ptII/ptolemy/domains/continuous/test/auto/Satellite.xml (RunModel)" time="0.655" />
  <testcase classname="ptolemy.util.test.junit.AutoTests" name="[124] /home/travis/build/icyphy/ptII/ptolemy/domains/continuous/test/auto/SigmaDelta.xml (RunModel)" time="1.96" />
  <testcase classname="ptolemy.util.test.junit.AutoTests" name="[125] /home/travis/build/icyphy/ptII/ptolemy/domains/continuous/test/auto/SingleRefinement.xml (RunModel)" time="0.377" />
  <testcase classname="ptolemy.util.test.junit.AutoTests" name="[126] /home/travis/build/icyphy/ptII/ptolemy/domains/continuous/test/auto/SinuBouncingBall.xml (RunModel)" time="0.771" />
  <testcase classname="ptolemy.util.test.junit.AutoTests" name="[127] /home/travis/build/icyphy/ptII/ptolemy/domains/continuous/test/auto/Sinusoid.xml (RunModel)" time="0.015" />
  <testcase classname="ptolemy.util.test.junit.AutoTests" name="[128] /home/travis/build/icyphy/ptII/ptolemy/domains/continuous/test/auto/SinusoidInNoise.xml (RunModel)" time="0.814" />
  <testcase classname="ptolemy.util.test.junit.AutoTests" name="[129] /home/travis/build/icyphy/ptII/ptolemy/domains/continuous/test/auto/SinusoidRK45.xml (RunModel)" time="0.013" />
  <testcase classname="ptolemy.util.test.junit.AutoTests" name="[130] /home/travis/build/icyphy/ptII/ptolemy/domains/continuous/test/auto/SinusoidWithMultipleImpulses.xml (RunModel)" time="0.011" />
  <testcase classname="ptolemy.util.test.junit.AutoTests" name="[131] /home/travis/build/icyphy/ptII/ptolemy/domains/continuous/test/auto/SquareWave.xml (RunModel)" time="0.169" />
  <testcase classname="ptolemy.util.test.junit.AutoTests" name="[132] /home/travis/build/icyphy/ptII/ptolemy/domains/continuous/test/auto/Starmac.xml (RunModel)" time="3.379" />
  <testcase classname="ptolemy.util.test.junit.AutoTests" name="[133] /home/travis/build/icyphy/ptII/ptolemy/domains/continuous/test/auto/StaticUnits.xml (RunModel)" time="2.333" />
  <testcase classname="ptolemy.util.test.junit.AutoTests" name="[134] /home/travis/build/icyphy/ptII/ptolemy/domains/continuous/test/auto/StickyMasses.xml (RunModel)" time="0.191" />
  <testcase classname="ptolemy.util.test.junit.AutoTests" name="[135] /home/travis/build/icyphy/ptII/ptolemy/domains/continuous/test/auto/StopTime.xml (RunModel)" time="0.064" />
  <testcase classname="ptolemy.util.test.junit.AutoTests" name="[136] /home/travis/build/icyphy/ptII/ptolemy/domains/continuous/test/auto/StopTime2.xml (RunModel)" time="0.054" />
  <testcase classname="ptolemy.util.test.junit.AutoTests" name="[137] /home/travis/build/icyphy/ptII/ptolemy/domains/continuous/test/auto/Switch.xml (RunModel)" time="0.064" />
  <testcase classname="ptolemy.util.test.junit.AutoTests" name="[138] /home/travis/build/icyphy/ptII/ptolemy/domains/continuous/test/auto/Thermostat.xml (RunModel)" time="0.199" />
  <testcase classname="ptolemy.util.test.junit.AutoTests" name="[139] /home/travis/build/icyphy/ptII/ptolemy/domains/continuous/test/auto/TimeDelay.xml (RunModel)" time="0.018" />
  <testcase classname="ptolemy.util.test.junit.AutoTests" name="[140] /home/travis/build/icyphy/ptII/ptolemy/domains/continuous/test/auto/TimeDelay2.xml (RunModel)" time="0.027" />
  <testcase classname="ptolemy.util.test.junit.AutoTests" name="[141] /home/travis/build/icyphy/ptII/ptolemy/domains/continuous/test/auto/TimeDelay3.xml (RunModel)" time="0.013" />
  <testcase classname="ptolemy.util.test.junit.AutoTests" name="[142] /home/travis/build/icyphy/ptII/ptolemy/domains/continuous/test/auto/TransferAbsentToInside.xml (RunModel)" time="0.113" />
  <testcase classname="ptolemy.util.test.junit.AutoTests" name="[143] /home/travis/build/icyphy/ptII/ptolemy/domains/continuous/test/auto/Transmission.xml (RunModel)" time="0.796" />
  <testcase classname="ptolemy.util.test.junit.AutoTests" name="[144] /home/travis/build/icyphy/ptII/ptolemy/domains/continuous/test/auto/TriggeredContinuousClock.xml (RunModel)" time="0.061" />
  <testcase classname="ptolemy.util.test.junit.AutoTests" name="[145] /home/travis/build/icyphy/ptII/ptolemy/domains/continuous/test/auto/TwoMachineInfiniteBusControl.xml (RunModel)" time="2.603" />
  <testcase classname="ptolemy.util.test.junit.AutoTests" name="[146] /home/travis/build/icyphy/ptII/ptolemy/domains/continuous/test/auto/V2V.xml (RunModel)" time="0.814" />
  <testcase classname="ptolemy.util.test.junit.AutoTests" name="[147] /home/travis/build/icyphy/ptII/ptolemy/domains/continuous/test/auto/hierarchicalModalModel.xml (RunModel)" time="0.036" />
  <testcase classname="ptolemy.util.test.junit.AutoTests" name="[148] /home/travis/build/icyphy/ptII/ptolemy/domains/continuous/test/auto/hierarchicalModalModel1.xml (RunModel)" time="0.029" />
  <testcase classname="ptolemy.util.test.junit.AutoTests" name="[149] /home/travis/build/icyphy/ptII/ptolemy/domains/continuous/test/auto/hierarchicalModalModel2.xml (RunModel)" time="0.027" />
  <testcase classname="ptolemy.util.test.junit.AutoTests" name="[150] /home/travis/build/icyphy/ptII/ptolemy/domains/continuous/test/auto/hierarchicalModalModel3.xml (RunModel)" time="0.03" />
  <testcase classname="ptolemy.util.test.junit.AutoTests" name="[151] /home/travis/build/icyphy/ptII/ptolemy/domains/continuous/test/auto/hierarchicalModalModel4.xml (RunModel)" time="0.025" />
  <testcase classname="ptolemy.util.test.junit.AutoTests" name="[152] /home/travis/build/icyphy/ptII/ptolemy/domains/continuous/test/auto/junk.xml (RunModel)" time="0.144" />
  <system-out><![CDATA[No tcl tests in /home/travis/build/icyphy/ptII/ptolemy/domains/continuous/test
No auto/knownFailedTests/*.xml tests in /home/travis/build/icyphy/ptII/ptolemy/domains/continuous/test
No auto/linux-amd64/*.xml tests in /home/travis/build/icyphy/ptII/ptolemy/domains/continuous/test
AutoTests.java: About to close Vertx.
AutoTests.java: Vertx closed.

===========================================================================================
----------------- testing Sat Aug 15 16:55:16 UTC 2020 /home/travis/build/icyphy/ptII/ptolemy/domains/continuous/test/auto/BouncingBall.xml
----------------- Instantiating /home/travis/build/icyphy/ptII/ptolemy/domains/continuous/test/auto/BouncingBall.xml
2495 ms. Memory: 155648K Free: 101791K (65%)
----------------- Invoking toplevel() on ptolemy.moml.MoMLSimpleApplication@25e296d
----------------- Done invoking toplevel() on ptolemy.moml.MoMLSimpleApplication@25e296d
reloadAllAccessors: .BouncingBall

===========================================================================================
----------------- testing Sat Aug 15 16:55:19 UTC 2020 /home/travis/build/icyphy/ptII/ptolemy/domains/continuous/test/auto/BouncingBallWithoutGR.xml
----------------- Instantiating /home/travis/build/icyphy/ptII/ptolemy/domains/continuous/test/auto/BouncingBallWithoutGR.xml
880 ms. Memory: 187392K Free: 155911K (83%)
----------------- Invoking toplevel() on ptolemy.moml.MoMLSimpleApplication@593f883b
----------------- Done invoking toplevel() on ptolemy.moml.MoMLSimpleApplication@593f883b
reloadAllAccessors: .BouncingBallWithoutGR

===========================================================================================
----------------- testing Sat Aug 15 16:55:20 UTC 2020 /home/travis/build/icyphy/ptII/ptolemy/domains/continuous/test/auto/Brownian.xml
----------------- Instantiating /home/travis/build/icyphy/ptII/ptolemy/domains/continuous/test/auto/Brownian.xml
25 ms. Memory: 187392K Free: 146709K (78%)
----------------- Invoking toplevel() on ptolemy.moml.MoMLSimpleApplication@2873a6f1
----------------- Done invoking toplevel() on ptolemy.moml.MoMLSimpleApplication@2873a6f1
reloadAllAccessors: .Brownian

===========================================================================================
----------------- testing Sat Aug 15 16:55:20 UTC 2020 /home/travis/build/icyphy/ptII/ptolemy/domains/continuous/test/auto/CarTracking.xml
----------------- Instantiating /home/travis/build/icyphy/ptII/ptolemy/domains/continuous/test/auto/CarTracking.xml
3330 ms. Memory: 225280K Free: 145283K (64%)
----------------- Invoking toplevel() on ptolemy.moml.MoMLSimpleApplication@2c48662
----------------- Done invoking toplevel() on ptolemy.moml.MoMLSimpleApplication@2c48662
reloadAllAccessors: .CarTracking

===========================================================================================
----------------- testing Sat Aug 15 16:55:24 UTC 2020 /home/travis/build/icyphy/ptII/ptolemy/domains/continuous/test/auto/CartPendulum.xml
----------------- Instantiating /home/travis/build/icyphy/ptII/ptolemy/domains/continuous/test/auto/CartPendulum.xml
409 ms. Memory: 225280K Free: 188651K (84%)
----------------- Invoking toplevel() on ptolemy.moml.MoMLSimpleApplication@7060ec86
----------------- Done invoking toplevel() on ptolemy.moml.MoMLSimpleApplication@7060ec86
reloadAllAccessors: .CartPendulum

===========================================================================================
----------------- testing Sat Aug 15 16:55:25 UTC 2020 /home/travis/build/icyphy/ptII/ptolemy/domains/continuous/test/auto/CausalityInterface10.xml
----------------- Instantiating /home/travis/build/icyphy/ptII/ptolemy/domains/continuous/test/auto/CausalityInterface10.xml
11 ms. Memory: 225280K Free: 177897K (79%)
----------------- Invoking toplevel() on ptolemy.moml.MoMLSimpleApplication@5ba5e193
----------------- Done invoking toplevel() on ptolemy.moml.MoMLSimpleApplication@5ba5e193
reloadAllAccessors: .CausalityInterface10

===========================================================================================
----------------- testing Sat Aug 15 16:55:25 UTC 2020 /home/travis/build/icyphy/ptII/ptolemy/domains/continuous/test/auto/CausalityInterface11.xml
----------------- Instantiating /home/travis/build/icyphy/ptII/ptolemy/domains/continuous/test/auto/CausalityInterface11.xml
8 ms. Memory: 225280K Free: 171739K (76%)
----------------- Invoking toplevel() on ptolemy.moml.MoMLSimpleApplication@25ef6f83
----------------- Done invoking toplevel() on ptolemy.moml.MoMLSimpleApplication@25ef6f83
reloadAllAccessors: .CausalityInterface11

===========================================================================================
----------------- testing Sat Aug 15 16:55:25 UTC 2020 /home/travis/build/icyphy/ptII/ptolemy/domains/continuous/test/auto/CausalityInterface12.xml
----------------- Instantiating /home/travis/build/icyphy/ptII/ptolemy/domains/continuous/test/auto/CausalityInterface12.xml
12 ms. Memory: 225280K Free: 165609K (74%)
----------------- Invoking toplevel() on ptolemy.moml.MoMLSimpleApplication@61f2e7b2
----------------- Done invoking toplevel() on ptolemy.moml.MoMLSimpleApplication@61f2e7b2
reloadAllAccessors: .CausalityInterface12

===========================================================================================
----------------- testing Sat Aug 15 16:55:25 UTC 2020 /home/travis/build/icyphy/ptII/ptolemy/domains/continuous/test/auto/CausalityInterface13.xml
----------------- Instantiating /home/travis/build/icyphy/ptII/ptolemy/domains/continuous/test/auto/CausalityInterface13.xml
8 ms. Memory: 225280K Free: 159465K (71%)
----------------- Invoking toplevel() on ptolemy.moml.MoMLSimpleApplication@77b78468
----------------- Done invoking toplevel() on ptolemy.moml.MoMLSimpleApplication@77b78468
reloadAllAccessors: .CausalityInterface13

===========================================================================================
----------------- testing Sat Aug 15 16:55:25 UTC 2020 /home/travis/build/icyphy/ptII/ptolemy/domains/continuous/test/auto/CausalityInterface14.xml
----------------- Instantiating /home/travis/build/icyphy/ptII/ptolemy/domains/continuous/test/auto/CausalityInterface14.xml
4 ms. Memory: 225280K Free: 153835K (68%)
----------------- Invoking toplevel() on ptolemy.moml.MoMLSimpleApplication@713d0212
----------------- Done invoking toplevel() on ptolemy.moml.MoMLSimpleApplication@713d0212
reloadAllAccessors: .CausalityInterface14

===========================================================================================
----------------- testing Sat Aug 15 16:55:25 UTC 2020 /home/travis/build/icyphy/ptII/ptolemy/domains/continuous/test/auto/CausalityInterface4.xml
----------------- Instantiating /home/travis/build/icyphy/ptII/ptolemy/domains/continuous/test/auto/CausalityInterface4.xml
6 ms. Memory: 225280K Free: 146667K (65%)
----------------- Invoking toplevel() on ptolemy.moml.MoMLSimpleApplication@66d80a67
----------------- Done invoking toplevel() on ptolemy.moml.MoMLSimpleApplication@66d80a67
reloadAllAccessors: .CausalityInterface4

===========================================================================================
----------------- testing Sat Aug 15 16:55:25 UTC 2020 /home/travis/build/icyphy/ptII/ptolemy/domains/continuous/test/auto/CausalityInterface5.xml
----------------- Instantiating /home/travis/build/icyphy/ptII/ptolemy/domains/continuous/test/auto/CausalityInterface5.xml
8 ms. Memory: 225280K Free: 138475K (61%)
----------------- Invoking toplevel() on ptolemy.moml.MoMLSimpleApplication@6db351bf
----------------- Done invoking toplevel() on ptolemy.moml.MoMLSimpleApplication@6db351bf
reloadAllAccessors: .CausalityInterface5

===========================================================================================
----------------- testing Sat Aug 15 16:55:25 UTC 2020 /home/travis/build/icyphy/ptII/ptolemy/domains/continuous/test/auto/CausalityInterface6.xml
----------------- Instantiating /home/travis/build/icyphy/ptII/ptolemy/domains/continuous/test/auto/CausalityInterface6.xml
6 ms. Memory: 225280K Free: 133355K (59%)
----------------- Invoking toplevel() on ptolemy.moml.MoMLSimpleApplication@25ec2bc9
----------------- Done invoking toplevel() on ptolemy.moml.MoMLSimpleApplication@25ec2bc9
reloadAllAccessors: .CausalityInterface6

===========================================================================================
----------------- testing Sat Aug 15 16:55:25 UTC 2020 /home/travis/build/icyphy/ptII/ptolemy/domains/continuous/test/auto/CausalityInterface7.xml
----------------- Instantiating /home/travis/build/icyphy/ptII/ptolemy/domains/continuous/test/auto/CausalityInterface7.xml
9 ms. Memory: 225280K Free: 124649K (55%)
----------------- Invoking toplevel() on ptolemy.moml.MoMLSimpleApplication@11a0f2c6
----------------- Done invoking toplevel() on ptolemy.moml.MoMLSimpleApplication@11a0f2c6
reloadAllAccessors: .CausalityInterface7

===========================================================================================
----------------- testing Sat Aug 15 16:55:25 UTC 2020 /home/travis/build/icyphy/ptII/ptolemy/domains/continuous/test/auto/CausalityInterface8.xml
----------------- Instantiating /home/travis/build/icyphy/ptII/ptolemy/domains/continuous/test/auto/CausalityInterface8.xml
7 ms. Memory: 225280K Free: 115433K (51%)
----------------- Invoking toplevel() on ptolemy.moml.MoMLSimpleApplication@5ad1eecc
----------------- Done invoking toplevel() on ptolemy.moml.MoMLSimpleApplication@5ad1eecc
reloadAllAccessors: .CausalityInterface8

===========================================================================================
----------------- testing Sat Aug 15 16:55:25 UTC 2020 /home/travis/build/icyphy/ptII/ptolemy/domains/continuous/test/auto/CausalityInterface9.xml
----------------- Instantiating /home/travis/build/icyphy/ptII/ptolemy/domains/continuous/test/auto/CausalityInterface9.xml
5 ms. Memory: 225280K Free: 104683K (46%)
----------------- Invoking toplevel() on ptolemy.moml.MoMLSimpleApplication@3ca4fb55
----------------- Done invoking toplevel() on ptolemy.moml.MoMLSimpleApplication@3ca4fb55
reloadAllAccessors: .CausalityInterface9

===========================================================================================
----------------- testing Sat Aug 15 16:55:25 UTC 2020 /home/travis/build/icyphy/ptII/ptolemy/domains/continuous/test/auto/CausalityInterfaceFeedback1.xml
----------------- Instantiating /home/travis/build/icyphy/ptII/ptolemy/domains/continuous/test/auto/CausalityInterfaceFeedback1.xml
8 ms. Memory: 225280K Free: 98025K (44%)
----------------- Invoking toplevel() on ptolemy.moml.MoMLSimpleApplication@2daed021
----------------- Done invoking toplevel() on ptolemy.moml.MoMLSimpleApplication@2daed021
reloadAllAccessors: .CausalityInterfaceFeedback1

===========================================================================================
----------------- testing Sat Aug 15 16:55:26 UTC 2020 /home/travis/build/icyphy/ptII/ptolemy/domains/continuous/test/auto/CausalityInterfaceFeedback2.xml
----------------- Instantiating /home/travis/build/icyphy/ptII/ptolemy/domains/continuous/test/auto/CausalityInterfaceFeedback2.xml
2 ms. Memory: 225280K Free: 91371K (41%)
----------------- Invoking toplevel() on ptolemy.moml.MoMLSimpleApplication@1937305e
----------------- Done invoking toplevel() on ptolemy.moml.MoMLSimpleApplication@1937305e
reloadAllAccessors: .CausalityInterfaceFeedback2

===========================================================================================
----------------- testing Sat Aug 15 16:55:26 UTC 2020 /home/travis/build/icyphy/ptII/ptolemy/domains/continuous/test/auto/CompareWithCurrentTime.xml
----------------- Instantiating /home/travis/build/icyphy/ptII/ptolemy/domains/continuous/test/auto/CompareWithCurrentTime.xml
5 ms. Memory: 225280K Free: 87275K (39%)
----------------- Invoking toplevel() on ptolemy.moml.MoMLSimpleApplication@1dd8d69f
----------------- Done invoking toplevel() on ptolemy.moml.MoMLSimpleApplication@1dd8d69f
reloadAllAccessors: .CompareWithCurrentTime

===========================================================================================
----------------- testing Sat Aug 15 16:55:26 UTC 2020 /home/travis/build/icyphy/ptII/ptolemy/domains/continuous/test/auto/ComparedClocks.xml
----------------- Instantiating /home/travis/build/icyphy/ptII/ptolemy/domains/continuous/test/auto/ComparedClocks.xml
7 ms. Memory: 225280K Free: 205210K (91%)
----------------- Invoking toplevel() on ptolemy.moml.MoMLSimpleApplication@130db2b1
----------------- Done invoking toplevel() on ptolemy.moml.MoMLSimpleApplication@130db2b1
reloadAllAccessors: .ComparedClocks

===========================================================================================
----------------- testing Sat Aug 15 16:55:26 UTC 2020 /home/travis/build/icyphy/ptII/ptolemy/domains/continuous/test/auto/ContinuousAOCClone.xml
----------------- Instantiating /home/travis/build/icyphy/ptII/ptolemy/domains/continuous/test/auto/ContinuousAOCClone.xml
2446 ms. Memory: 270336K Free: 132910K (49%)
----------------- Invoking toplevel() on ptolemy.moml.MoMLSimpleApplication@298324eb
----------------- Done invoking toplevel() on ptolemy.moml.MoMLSimpleApplication@298324eb
reloadAllAccessors: .ContinuousAOCClone

===========================================================================================
----------------- testing Sat Aug 15 16:55:28 UTC 2020 /home/travis/build/icyphy/ptII/ptolemy/domains/continuous/test/auto/ContinuousClock.xml
----------------- Instantiating /home/travis/build/icyphy/ptII/ptolemy/domains/continuous/test/auto/ContinuousClock.xml
33 ms. Memory: 270336K Free: 111406K (41%)
----------------- Invoking toplevel() on ptolemy.moml.MoMLSimpleApplication@4d2cbe6d
----------------- Done invoking toplevel() on ptolemy.moml.MoMLSimpleApplication@4d2cbe6d
reloadAllAccessors: .ContinuousClock

===========================================================================================
----------------- testing Sat Aug 15 16:55:28 UTC 2020 /home/travis/build/icyphy/ptII/ptolemy/domains/continuous/test/auto/ContinuousInContinuous.xml
----------------- Instantiating /home/travis/build/icyphy/ptII/ptolemy/domains/continuous/test/auto/ContinuousInContinuous.xml
48 ms. Memory: 270336K Free: 247959K (92%)
----------------- Invoking toplevel() on ptolemy.moml.MoMLSimpleApplication@25f7b3ce
----------------- Done invoking toplevel() on ptolemy.moml.MoMLSimpleApplication@25f7b3ce
reloadAllAccessors: .ContinuousInContinuous

===========================================================================================
----------------- testing Sat Aug 15 16:55:29 UTC 2020 /home/travis/build/icyphy/ptII/ptolemy/domains/continuous/test/auto/ContinuousInContinuousInContinuous.xml
----------------- Instantiating /home/travis/build/icyphy/ptII/ptolemy/domains/continuous/test/auto/ContinuousInContinuousInContinuous.xml
6 ms. Memory: 270336K Free: 239895K (89%)
----------------- Invoking toplevel() on ptolemy.moml.MoMLSimpleApplication@35ee1446
----------------- Done invoking toplevel() on ptolemy.moml.MoMLSimpleApplication@35ee1446
reloadAllAccessors: .ContinuousInContinuousInContinuous

===========================================================================================
----------------- testing Sat Aug 15 16:55:29 UTC 2020 /home/travis/build/icyphy/ptII/ptolemy/domains/continuous/test/auto/ContinuousInDE.xml
----------------- Instantiating /home/travis/build/icyphy/ptII/ptolemy/domains/continuous/test/auto/ContinuousInDE.xml
55 ms. Memory: 270336K Free: 229655K (85%)
----------------- Invoking toplevel() on ptolemy.moml.MoMLSimpleApplication@68b81ad5
----------------- Done invoking toplevel() on ptolemy.moml.MoMLSimpleApplication@68b81ad5
reloadAllAccessors: .ContinuousInDE

===========================================================================================
----------------- testing Sat Aug 15 16:55:29 UTC 2020 /home/travis/build/icyphy/ptII/ptolemy/domains/continuous/test/auto/ContinuousInDE2.xml
----------------- Instantiating /home/travis/build/icyphy/ptII/ptolemy/domains/continuous/test/auto/ContinuousInDE2.xml
58 ms. Memory: 270336K Free: 220439K (82%)
----------------- Invoking toplevel() on ptolemy.moml.MoMLSimpleApplication@54b09a33
----------------- Done invoking toplevel() on ptolemy.moml.MoMLSimpleApplication@54b09a33
reloadAllAccessors: .ContinuousInDE2

===========================================================================================
----------------- testing Sat Aug 15 16:55:29 UTC 2020 /home/travis/build/icyphy/ptII/ptolemy/domains/continuous/test/auto/ContinuousInDE3.xml
----------------- Instantiating /home/travis/build/icyphy/ptII/ptolemy/domains/continuous/test/auto/ContinuousInDE3.xml
30 ms. Memory: 270336K Free: 210713K (78%)
----------------- Invoking toplevel() on ptolemy.moml.MoMLSimpleApplication@3662d4b
----------------- Done invoking toplevel() on ptolemy.moml.MoMLSimpleApplication@3662d4b
reloadAllAccessors: .ContinuousInDE3

===========================================================================================
----------------- testing Sat Aug 15 16:55:29 UTC 2020 /home/travis/build/icyphy/ptII/ptolemy/domains/continuous/test/auto/ContinuousInDE4.xml
----------------- Instantiating /home/travis/build/icyphy/ptII/ptolemy/domains/continuous/test/auto/ContinuousInDE4.xml
15 ms. Memory: 270336K Free: 204569K (76%)
----------------- Invoking toplevel() on ptolemy.moml.MoMLSimpleApplication@2cb4152
----------------- Done invoking toplevel() on ptolemy.moml.MoMLSimpleApplication@2cb4152
reloadAllAccessors: .ContinuousInDE4

===========================================================================================
----------------- testing Sat Aug 15 16:55:29 UTC 2020 /home/travis/build/icyphy/ptII/ptolemy/domains/continuous/test/auto/ContinuousInDEDifferentRefinements.xml
----------------- Instantiating /home/travis/build/icyphy/ptII/ptolemy/domains/continuous/test/auto/ContinuousInDEDifferentRefinements.xml
55 ms. Memory: 270336K Free: 173320K (64%)
----------------- Invoking toplevel() on ptolemy.moml.MoMLSimpleApplication@4b35da4e
----------------- Done invoking toplevel() on ptolemy.moml.MoMLSimpleApplication@4b35da4e
reloadAllAccessors: .ContinuousInDEDifferentRefinements

===========================================================================================
----------------- testing Sat Aug 15 16:55:29 UTC 2020 /home/travis/build/icyphy/ptII/ptolemy/domains/continuous/test/auto/ContinuousInDEDifferentRefinementsPreemptive.xml
----------------- Instantiating /home/travis/build/icyphy/ptII/ptolemy/domains/continuous/test/auto/ContinuousInDEDifferentRefinementsPreemptive.xml
62 ms. Memory: 270336K Free: 142600K (53%)
----------------- Invoking toplevel() on ptolemy.moml.MoMLSimpleApplication@181cf18e
----------------- Done invoking toplevel() on ptolemy.moml.MoMLSimpleApplication@181cf18e
reloadAllAccessors: .ContinuousInDEDifferentRefinementsPreemptive

===========================================================================================
----------------- testing Sat Aug 15 16:55:29 UTC 2020 /home/travis/build/icyphy/ptII/ptolemy/domains/continuous/test/auto/ContinuousInDEInContinuous2.xml
----------------- Instantiating /home/travis/build/icyphy/ptII/ptolemy/domains/continuous/test/auto/ContinuousInDEInContinuous2.xml
35 ms. Memory: 270336K Free: 131351K (49%)
----------------- Invoking toplevel() on ptolemy.moml.MoMLSimpleApplication@601f6a51
----------------- Done invoking toplevel() on ptolemy.moml.MoMLSimpleApplication@601f6a51
reloadAllAccessors: .ContinuousInDEInContinuous2

===========================================================================================
----------------- testing Sat Aug 15 16:55:29 UTC 2020 /home/travis/build/icyphy/ptII/ptolemy/domains/continuous/test/auto/ContinuousInDEInContinuous3.xml
----------------- Instantiating /home/travis/build/icyphy/ptII/ptolemy/domains/continuous/test/auto/ContinuousInDEInContinuous3.xml
36 ms. Memory: 270336K Free: 119577K (44%)
----------------- Invoking toplevel() on ptolemy.moml.MoMLSimpleApplication@1fb26ce7
----------------- Done invoking toplevel() on ptolemy.moml.MoMLSimpleApplication@1fb26ce7
reloadAllAccessors: .ContinuousInDEInContinuous3

===========================================================================================
----------------- testing Sat Aug 15 16:55:29 UTC 2020 /home/travis/build/icyphy/ptII/ptolemy/domains/continuous/test/auto/ContinuousInDEInput.xml
----------------- Instantiating /home/travis/build/icyphy/ptII/ptolemy/domains/continuous/test/auto/ContinuousInDEInput.xml
14 ms. Memory: 270336K Free: 112409K (42%)
----------------- Invoking toplevel() on ptolemy.moml.MoMLSimpleApplication@12faf7a2
----------------- Done invoking toplevel() on ptolemy.moml.MoMLSimpleApplication@12faf7a2
reloadAllAccessors: .ContinuousInDEInput

===========================================================================================
----------------- testing Sat Aug 15 16:55:29 UTC 2020 /home/travis/build/icyphy/ptII/ptolemy/domains/continuous/test/auto/ContinuousInDEInput2.xml
----------------- Instantiating /home/travis/build/icyphy/ptII/ptolemy/domains/continuous/test/auto/ContinuousInDEInput2.xml
12 ms. Memory: 270336K Free: 105241K (39%)
----------------- Invoking toplevel() on ptolemy.moml.MoMLSimpleApplication@5ecbef8b
----------------- Done invoking toplevel() on ptolemy.moml.MoMLSimpleApplication@5ecbef8b
reloadAllAccessors: .ContinuousInDEInput2

===========================================================================================
----------------- testing Sat Aug 15 16:55:29 UTC 2020 /home/travis/build/icyphy/ptII/ptolemy/domains/continuous/test/auto/ContinuousInDEInput3.xml
----------------- Instantiating /home/travis/build/icyphy/ptII/ptolemy/domains/continuous/test/auto/ContinuousInDEInput3.xml
12 ms. Memory: 270336K Free: 98073K (36%)
----------------- Invoking toplevel() on ptolemy.moml.MoMLSimpleApplication@6f686d19
----------------- Done invoking toplevel() on ptolemy.moml.MoMLSimpleApplication@6f686d19
reloadAllAccessors: .ContinuousInDEInput3

===========================================================================================
----------------- testing Sat Aug 15 16:55:29 UTC 2020 /home/travis/build/icyphy/ptII/ptolemy/domains/continuous/test/auto/ContinuousInDESharingRefinement.xml
----------------- Instantiating /home/travis/build/icyphy/ptII/ptolemy/domains/continuous/test/auto/ContinuousInDESharingRefinement.xml
148 ms. Memory: 270336K Free: 164193K (61%)
----------------- Invoking toplevel() on ptolemy.moml.MoMLSimpleApplication@cdb0620
----------------- Done invoking toplevel() on ptolemy.moml.MoMLSimpleApplication@cdb0620
reloadAllAccessors: .ContinuousInDESharingRefinement

===========================================================================================
----------------- testing Sat Aug 15 16:55:29 UTC 2020 /home/travis/build/icyphy/ptII/ptolemy/domains/continuous/test/auto/ContinuousInDEwithNoPorts.xml
----------------- Instantiating /home/travis/build/icyphy/ptII/ptolemy/domains/continuous/test/auto/ContinuousInDEwithNoPorts.xml
3 ms. Memory: 270336K Free: 160097K (59%)
----------------- Invoking toplevel() on ptolemy.moml.MoMLSimpleApplication@51725028
----------------- Done invoking toplevel() on ptolemy.moml.MoMLSimpleApplication@51725028
reloadAllAccessors: .ContinuousInDEwithNoPorts

===========================================================================================
----------------- testing Sat Aug 15 16:55:29 UTC 2020 /home/travis/build/icyphy/ptII/ptolemy/domains/continuous/test/auto/ContinuousInsideDE.xml
----------------- Instantiating /home/travis/build/icyphy/ptII/ptolemy/domains/continuous/test/auto/ContinuousInsideDE.xml
33 ms. Memory: 270336K Free: 148833K (55%)
----------------- Invoking toplevel() on ptolemy.moml.MoMLSimpleApplication@61b81743
----------------- Done invoking toplevel() on ptolemy.moml.MoMLSimpleApplication@61b81743
reloadAllAccessors: .ContinuousInsideDE

===========================================================================================
----------------- testing Sat Aug 15 16:55:29 UTC 2020 /home/travis/build/icyphy/ptII/ptolemy/domains/continuous/test/auto/ContinuousMerge1.xml
----------------- Instantiating /home/travis/build/icyphy/ptII/ptolemy/domains/continuous/test/auto/ContinuousMerge1.xml
3 ms. Memory: 270336K Free: 144209K (53%)
----------------- Invoking toplevel() on ptolemy.moml.MoMLSimpleApplication@f5c807a
----------------- Done invoking toplevel() on ptolemy.moml.MoMLSimpleApplication@f5c807a
reloadAllAccessors: .ContinuousMerge1

===========================================================================================
----------------- testing Sat Aug 15 16:55:30 UTC 2020 /home/travis/build/icyphy/ptII/ptolemy/domains/continuous/test/auto/ContinuousMerge2.xml
----------------- Instantiating /home/travis/build/icyphy/ptII/ptolemy/domains/continuous/test/auto/ContinuousMerge2.xml
19 ms. Memory: 270336K Free: 133983K (50%)
----------------- Invoking toplevel() on ptolemy.moml.MoMLSimpleApplication@432debde
----------------- Done invoking toplevel() on ptolemy.moml.MoMLSimpleApplication@432debde
reloadAllAccessors: .ContinuousMerge2

===========================================================================================
----------------- testing Sat Aug 15 16:55:30 UTC 2020 /home/travis/build/icyphy/ptII/ptolemy/domains/continuous/test/auto/ContinuousMerge3.xml
----------------- Instantiating /home/travis/build/icyphy/ptII/ptolemy/domains/continuous/test/auto/ContinuousMerge3.xml
43 ms. Memory: 270336K Free: 123233K (46%)
----------------- Invoking toplevel() on ptolemy.moml.MoMLSimpleApplication@511e8b56
----------------- Done invoking toplevel() on ptolemy.moml.MoMLSimpleApplication@511e8b56
reloadAllAccessors: .ContinuousMerge3

===========================================================================================
----------------- testing Sat Aug 15 16:55:30 UTC 2020 /home/travis/build/icyphy/ptII/ptolemy/domains/continuous/test/auto/ContinuousWithinContinuous.xml
----------------- Instantiating /home/travis/build/icyphy/ptII/ptolemy/domains/continuous/test/auto/ContinuousWithinContinuous.xml
34 ms. Memory: 270336K Free: 113503K (42%)
----------------- Invoking toplevel() on ptolemy.moml.MoMLSimpleApplication@36db17fb
----------------- Done invoking toplevel() on ptolemy.moml.MoMLSimpleApplication@36db17fb
reloadAllAccessors: .ContinuousWithinContinuous

===========================================================================================
----------------- testing Sat Aug 15 16:55:30 UTC 2020 /home/travis/build/icyphy/ptII/ptolemy/domains/continuous/test/auto/ContinuousWithinContinuous2.xml
----------------- Instantiating /home/travis/build/icyphy/ptII/ptolemy/domains/continuous/test/auto/ContinuousWithinContinuous2.xml
66 ms. Memory: 270336K Free: 102239K (38%)
----------------- Invoking toplevel() on ptolemy.moml.MoMLSimpleApplication@3a4b9cbb
----------------- Done invoking toplevel() on ptolemy.moml.MoMLSimpleApplication@3a4b9cbb
reloadAllAccessors: .ContinuousWithinContinuous2

===========================================================================================
----------------- testing Sat Aug 15 16:55:30 UTC 2020 /home/travis/build/icyphy/ptII/ptolemy/domains/continuous/test/auto/ContinuousWithinContinuous3.xml
----------------- Instantiating /home/travis/build/icyphy/ptII/ptolemy/domains/continuous/test/auto/ContinuousWithinContinuous3.xml
13 ms. Memory: 270336K Free: 95585K (35%)
----------------- Invoking toplevel() on ptolemy.moml.MoMLSimpleApplication@489f0f56
----------------- Done invoking toplevel() on ptolemy.moml.MoMLSimpleApplication@489f0f56
reloadAllAccessors: .ContinuousWithinContinuous3

===========================================================================================
----------------- testing Sat Aug 15 16:55:30 UTC 2020 /home/travis/build/icyphy/ptII/ptolemy/domains/continuous/test/auto/ContinuousWithinContinuous4.xml
----------------- Instantiating /home/travis/build/icyphy/ptII/ptolemy/domains/continuous/test/auto/ContinuousWithinContinuous4.xml
67 ms. Memory: 270336K Free: 244249K (90%)
----------------- Invoking toplevel() on ptolemy.moml.MoMLSimpleApplication@2a43f700
----------------- Done invoking toplevel() on ptolemy.moml.MoMLSimpleApplication@2a43f700
reloadAllAccessors: .ContinuousWithinContinuous4

===========================================================================================
----------------- testing Sat Aug 15 16:55:30 UTC 2020 /home/travis/build/icyphy/ptII/ptolemy/domains/continuous/test/auto/ContinuousWithinContinuous5.xml
----------------- Instantiating /home/travis/build/icyphy/ptII/ptolemy/domains/continuous/test/auto/ContinuousWithinContinuous5.xml
13 ms. Memory: 270336K Free: 236567K (88%)
----------------- Invoking toplevel() on ptolemy.moml.MoMLSimpleApplication@1bfb434b
----------------- Done invoking toplevel() on ptolemy.moml.MoMLSimpleApplication@1bfb434b
reloadAllAccessors: .ContinuousWithinContinuous5

===========================================================================================
----------------- testing Sat Aug 15 16:55:30 UTC 2020 /home/travis/build/icyphy/ptII/ptolemy/domains/continuous/test/auto/ContinuousWithinContinuous6.xml
----------------- Instantiating /home/travis/build/icyphy/ptII/ptolemy/domains/continuous/test/auto/ContinuousWithinContinuous6.xml
11 ms. Memory: 270336K Free: 229913K (85%)
----------------- Invoking toplevel() on ptolemy.moml.MoMLSimpleApplication@2765bd32
----------------- Done invoking toplevel() on ptolemy.moml.MoMLSimpleApplication@2765bd32
reloadAllAccessors: .ContinuousWithinContinuous6

===========================================================================================
----------------- testing Sat Aug 15 16:55:30 UTC 2020 /home/travis/build/icyphy/ptII/ptolemy/domains/continuous/test/auto/ContinuousWithinContinuous7.xml
----------------- Instantiating /home/travis/build/icyphy/ptII/ptolemy/domains/continuous/test/auto/ContinuousWithinContinuous7.xml
55 ms. Memory: 270336K Free: 219159K (81%)
----------------- Invoking toplevel() on ptolemy.moml.MoMLSimpleApplication@824c1ce
----------------- Done invoking toplevel() on ptolemy.moml.MoMLSimpleApplication@824c1ce
reloadAllAccessors: .ContinuousWithinContinuous7

===========================================================================================
----------------- testing Sat Aug 15 16:55:30 UTC 2020 /home/travis/build/icyphy/ptII/ptolemy/domains/continuous/test/auto/DCMotor.xml
----------------- Instantiating /home/travis/build/icyphy/ptII/ptolemy/domains/continuous/test/auto/DCMotor.xml
12545 ms. Memory: 270336K Free: 195475K (72%)
----------------- Invoking toplevel() on ptolemy.moml.MoMLSimpleApplication@5067131
----------------- Done invoking toplevel() on ptolemy.moml.MoMLSimpleApplication@5067131
reloadAllAccessors: .DCMotor

===========================================================================================
----------------- testing Sat Aug 15 16:55:43 UTC 2020 /home/travis/build/icyphy/ptII/ptolemy/domains/continuous/test/auto/DEInContinuous.xml
----------------- Instantiating /home/travis/build/icyphy/ptII/ptolemy/domains/continuous/test/auto/DEInContinuous.xml
18 ms. Memory: 270336K Free: 189331K (70%)
----------------- Invoking toplevel() on ptolemy.moml.MoMLSimpleApplication@14322021
----------------- Done invoking toplevel() on ptolemy.moml.MoMLSimpleApplication@14322021
reloadAllAccessors: .DEInContinuous

===========================================================================================
----------------- testing Sat Aug 15 16:55:43 UTC 2020 /home/travis/build/icyphy/ptII/ptolemy/domains/continuous/test/auto/DEinContinuous2.xml
----------------- Instantiating /home/travis/build/icyphy/ptII/ptolemy/domains/continuous/test/auto/DEinContinuous2.xml
8 ms. Memory: 270336K Free: 181139K (67%)
----------------- Invoking toplevel() on ptolemy.moml.MoMLSimpleApplication@308298dc
----------------- Done invoking toplevel() on ptolemy.moml.MoMLSimpleApplication@308298dc
reloadAllAccessors: .DEinContinuous2

===========================================================================================
----------------- testing Sat Aug 15 16:55:43 UTC 2020 /home/travis/build/icyphy/ptII/ptolemy/domains/continuous/test/auto/Derivative.xml
----------------- Instantiating /home/travis/build/icyphy/ptII/ptolemy/domains/continuous/test/auto/Derivative.xml
124 ms. Memory: 270336K Free: 151443K (56%)
----------------- Invoking toplevel() on ptolemy.moml.MoMLSimpleApplication@6a151d2a
----------------- Done invoking toplevel() on ptolemy.moml.MoMLSimpleApplication@6a151d2a
reloadAllAccessors: .Derivative2

===========================================================================================
----------------- testing Sat Aug 15 16:55:43 UTC 2020 /home/travis/build/icyphy/ptII/ptolemy/domains/continuous/test/auto/Derivative1.xml
----------------- Instantiating /home/travis/build/icyphy/ptII/ptolemy/domains/continuous/test/auto/Derivative1.xml
23 ms. Memory: 270336K Free: 137107K (51%)
----------------- Invoking toplevel() on ptolemy.moml.MoMLSimpleApplication@343fdd09
----------------- Done invoking toplevel() on ptolemy.moml.MoMLSimpleApplication@343fdd09
reloadAllAccessors: .Derivative1

===========================================================================================
----------------- testing Sat Aug 15 16:55:43 UTC 2020 /home/travis/build/icyphy/ptII/ptolemy/domains/continuous/test/auto/DiscreteClock.xml
----------------- Instantiating /home/travis/build/icyphy/ptII/ptolemy/domains/continuous/test/auto/DiscreteClock.xml
4 ms. Memory: 270336K Free: 131987K (49%)
----------------- Invoking toplevel() on ptolemy.moml.MoMLSimpleApplication@75a8a7b9
----------------- Done invoking toplevel() on ptolemy.moml.MoMLSimpleApplication@75a8a7b9
reloadAllAccessors: .DiscreteClock

===========================================================================================
----------------- testing Sat Aug 15 16:55:43 UTC 2020 /home/travis/build/icyphy/ptII/ptolemy/domains/continuous/test/auto/EfficiencyCurve.xml
----------------- Instantiating /home/travis/build/icyphy/ptII/ptolemy/domains/continuous/test/auto/EfficiencyCurve.xml
53 ms. Memory: 270336K Free: 122771K (45%)
----------------- Invoking toplevel() on ptolemy.moml.MoMLSimpleApplication@1f1c9490
----------------- Done invoking toplevel() on ptolemy.moml.MoMLSimpleApplication@1f1c9490
reloadAllAccessors: .EfficiencyCurve

===========================================================================================
----------------- testing Sat Aug 15 16:55:43 UTC 2020 /home/travis/build/icyphy/ptII/ptolemy/domains/continuous/test/auto/ExponentialResponse.xml
----------------- Instantiating /home/travis/build/icyphy/ptII/ptolemy/domains/continuous/test/auto/ExponentialResponse.xml
97 ms. Memory: 270336K Free: 106897K (40%)
----------------- Invoking toplevel() on ptolemy.moml.MoMLSimpleApplication@16a9b57
----------------- Done invoking toplevel() on ptolemy.moml.MoMLSimpleApplication@16a9b57
reloadAllAccessors: .ExponentialResponse

===========================================================================================
----------------- testing Sat Aug 15 16:55:43 UTC 2020 /home/travis/build/icyphy/ptII/ptolemy/domains/continuous/test/auto/ExponentialResponseRK45.xml
----------------- Instantiating /home/travis/build/icyphy/ptII/ptolemy/domains/continuous/test/auto/ExponentialResponseRK45.xml
24 ms. Memory: 270336K Free: 100243K (37%)
----------------- Invoking toplevel() on ptolemy.moml.MoMLSimpleApplication@56523214
----------------- Done invoking toplevel() on ptolemy.moml.MoMLSimpleApplication@56523214
reloadAllAccessors: .ExponentialResponseRK45

===========================================================================================
----------------- testing Sat Aug 15 16:55:43 UTC 2020 /home/travis/build/icyphy/ptII/ptolemy/domains/continuous/test/auto/Friction.xml
----------------- Instantiating /home/travis/build/icyphy/ptII/ptolemy/domains/continuous/test/auto/Friction.xml
1334 ms. Memory: 270336K Free: 157945K (58%)
----------------- Invoking toplevel() on ptolemy.moml.MoMLSimpleApplication@7ffb90d
----------------- Done invoking toplevel() on ptolemy.moml.MoMLSimpleApplication@7ffb90d
reloadAllAccessors: .Friction

===========================================================================================
----------------- testing Sat Aug 15 16:55:45 UTC 2020 /home/travis/build/icyphy/ptII/ptolemy/domains/continuous/test/auto/FurutaPendulum.xml
----------------- Instantiating /home/travis/build/icyphy/ptII/ptolemy/domains/continuous/test/auto/FurutaPendulum.xml
2895 ms. Memory: 270336K Free: 149261K (55%)
----------------- Invoking toplevel() on ptolemy.moml.MoMLSimpleApplication@7ea99be
----------------- Done invoking toplevel() on ptolemy.moml.MoMLSimpleApplication@7ea99be
reloadAllAccessors: .FurutaPendulum

===========================================================================================
----------------- testing Sat Aug 15 16:55:48 UTC 2020 /home/travis/build/icyphy/ptII/ptolemy/domains/continuous/test/auto/HierarchicalExecution.xml
----------------- Instantiating /home/travis/build/icyphy/ptII/ptolemy/domains/continuous/test/auto/HierarchicalExecution.xml
1447 ms. Memory: 324608K Free: 233868K (72%)
----------------- Invoking toplevel() on ptolemy.moml.MoMLSimpleApplication@668a7153
----------------- Done invoking toplevel() on ptolemy.moml.MoMLSimpleApplication@668a7153
reloadAllAccessors: .HierarchicalExecution

===========================================================================================
----------------- testing Sat Aug 15 16:55:49 UTC 2020 /home/travis/build/icyphy/ptII/ptolemy/domains/continuous/test/auto/HybridPlant.xml
----------------- Instantiating /home/travis/build/icyphy/ptII/ptolemy/domains/continuous/test/auto/HybridPlant.xml
474 ms. Memory: 324608K Free: 163211K (50%)
----------------- Invoking toplevel() on ptolemy.moml.MoMLSimpleApplication@847efeb
----------------- Done invoking toplevel() on ptolemy.moml.MoMLSimpleApplication@847efeb
reloadAllAccessors: .HybridPlant

===========================================================================================
----------------- testing Sat Aug 15 16:55:50 UTC 2020 /home/travis/build/icyphy/ptII/ptolemy/domains/continuous/test/auto/Hysteresis.xml
----------------- Instantiating /home/travis/build/icyphy/ptII/ptolemy/domains/continuous/test/auto/Hysteresis.xml
132 ms. Memory: 324608K Free: 293769K (90%)
----------------- Invoking toplevel() on ptolemy.moml.MoMLSimpleApplication@6e3980da
----------------- Done invoking toplevel() on ptolemy.moml.MoMLSimpleApplication@6e3980da
reloadAllAccessors: .Hysteresis

===========================================================================================
----------------- testing Sat Aug 15 16:55:50 UTC 2020 /home/travis/build/icyphy/ptII/ptolemy/domains/continuous/test/auto/HysteresisWithRandomDelay.xml
----------------- Instantiating /home/travis/build/icyphy/ptII/ptolemy/domains/continuous/test/auto/HysteresisWithRandomDelay.xml
175 ms. Memory: 324608K Free: 222089K (68%)
----------------- Invoking toplevel() on ptolemy.moml.MoMLSimpleApplication@1f69c81d
----------------- Done invoking toplevel() on ptolemy.moml.MoMLSimpleApplication@1f69c81d
reloadAllAccessors: .HysteresisWithRandomDelay

===========================================================================================
----------------- testing Sat Aug 15 16:55:50 UTC 2020 /home/travis/build/icyphy/ptII/ptolemy/domains/continuous/test/auto/HysteresisWithRandomLosses.xml
----------------- Instantiating /home/travis/build/icyphy/ptII/ptolemy/domains/continuous/test/auto/HysteresisWithRandomLosses.xml
2151 ms. Memory: 324608K Free: 252992K (78%)
----------------- Invoking toplevel() on ptolemy.moml.MoMLSimpleApplication@2da48b9
----------------- Done invoking toplevel() on ptolemy.moml.MoMLSimpleApplication@2da48b9
reloadAllAccessors: .HysteresisWithRandomLosses

===========================================================================================
----------------- testing Sat Aug 15 16:55:53 UTC 2020 /home/travis/build/icyphy/ptII/ptolemy/domains/continuous/test/auto/ImmediateTransitions.xml
----------------- Instantiating /home/travis/build/icyphy/ptII/ptolemy/domains/continuous/test/auto/ImmediateTransitions.xml
10 ms. Memory: 324608K Free: 242248K (75%)
----------------- Invoking toplevel() on ptolemy.moml.MoMLSimpleApplication@7a3c9e0e
----------------- Done invoking toplevel() on ptolemy.moml.MoMLSimpleApplication@7a3c9e0e
reloadAllAccessors: .ImmediateTransitions

===========================================================================================
----------------- testing Sat Aug 15 16:55:53 UTC 2020 /home/travis/build/icyphy/ptII/ptolemy/domains/continuous/test/auto/ImpulseFeedback.xml
----------------- Instantiating /home/travis/build/icyphy/ptII/ptolemy/domains/continuous/test/auto/ImpulseFeedback.xml
7 ms. Memory: 324608K Free: 236614K (73%)
----------------- Invoking toplevel() on ptolemy.moml.MoMLSimpleApplication@1fa795e7
----------------- Done invoking toplevel() on ptolemy.moml.MoMLSimpleApplication@1fa795e7
reloadAllAccessors: .ImpulseFeedback

===========================================================================================
----------------- testing Sat Aug 15 16:55:53 UTC 2020 /home/travis/build/icyphy/ptII/ptolemy/domains/continuous/test/auto/ImpulseFeedback2.xml
----------------- Instantiating /home/travis/build/icyphy/ptII/ptolemy/domains/continuous/test/auto/ImpulseFeedback2.xml
5 ms. Memory: 324608K Free: 230984K (71%)
----------------- Invoking toplevel() on ptolemy.moml.MoMLSimpleApplication@6324ea9f
----------------- Done invoking toplevel() on ptolemy.moml.MoMLSimpleApplication@6324ea9f
reloadAllAccessors: .ImpulseFeedback2

===========================================================================================
----------------- testing Sat Aug 15 16:55:53 UTC 2020 /home/travis/build/icyphy/ptII/ptolemy/domains/continuous/test/auto/IncreasingRatePoisson.xml
----------------- Instantiating /home/travis/build/icyphy/ptII/ptolemy/domains/continuous/test/auto/IncreasingRatePoisson.xml
682 ms. Memory: 324608K Free: 115974K (36%)
----------------- Invoking toplevel() on ptolemy.moml.MoMLSimpleApplication@6acc8791
----------------- Done invoking toplevel() on ptolemy.moml.MoMLSimpleApplication@6acc8791
reloadAllAccessors: .IncreasingRatePoisson

===========================================================================================
----------------- testing Sat Aug 15 16:55:53 UTC 2020 /home/travis/build/icyphy/ptII/ptolemy/domains/continuous/test/auto/InitialStateFeedback.xml
----------------- Instantiating /home/travis/build/icyphy/ptII/ptolemy/domains/continuous/test/auto/InitialStateFeedback.xml
3 ms. Memory: 324608K Free: 304822K (94%)
----------------- Invoking toplevel() on ptolemy.moml.MoMLSimpleApplication@2efc67a5
----------------- Done invoking toplevel() on ptolemy.moml.MoMLSimpleApplication@2efc67a5
reloadAllAccessors: .InitialStateFeedback

===========================================================================================
----------------- testing Sat Aug 15 16:55:53 UTC 2020 /home/travis/build/icyphy/ptII/ptolemy/domains/continuous/test/auto/Integration.xml
----------------- Instantiating /home/travis/build/icyphy/ptII/ptolemy/domains/continuous/test/auto/Integration.xml
4 ms. Memory: 324608K Free: 300740K (93%)
----------------- Invoking toplevel() on ptolemy.moml.MoMLSimpleApplication@d152fd9
----------------- Done invoking toplevel() on ptolemy.moml.MoMLSimpleApplication@d152fd9
reloadAllAccessors: .Integration

===========================================================================================
----------------- testing Sat Aug 15 16:55:53 UTC 2020 /home/travis/build/icyphy/ptII/ptolemy/domains/continuous/test/auto/Integration2.xml
----------------- Instantiating /home/travis/build/icyphy/ptII/ptolemy/domains/continuous/test/auto/Integration2.xml
66 ms. Memory: 324608K Free: 286404K (88%)
----------------- Invoking toplevel() on ptolemy.moml.MoMLSimpleApplication@3748de58
----------------- Done invoking toplevel() on ptolemy.moml.MoMLSimpleApplication@3748de58
reloadAllAccessors: .Integration2

===========================================================================================
----------------- testing Sat Aug 15 16:55:54 UTC 2020 /home/travis/build/icyphy/ptII/ptolemy/domains/continuous/test/auto/Integration3.xml
----------------- Instantiating /home/travis/build/icyphy/ptII/ptolemy/domains/continuous/test/auto/Integration3.xml
2 ms. Memory: 324608K Free: 281798K (87%)
----------------- Invoking toplevel() on ptolemy.moml.MoMLSimpleApplication@1e6d0c30
----------------- Done invoking toplevel() on ptolemy.moml.MoMLSimpleApplication@1e6d0c30
reloadAllAccessors: .Integration3

===========================================================================================
----------------- testing Sat Aug 15 16:55:54 UTC 2020 /home/travis/build/icyphy/ptII/ptolemy/domains/continuous/test/auto/Integration5.xml
----------------- Instantiating /home/travis/build/icyphy/ptII/ptolemy/domains/continuous/test/auto/Integration5.xml
2 ms. Memory: 324608K Free: 277702K (86%)
----------------- Invoking toplevel() on ptolemy.moml.MoMLSimpleApplication@57f524e6
----------------- Done invoking toplevel() on ptolemy.moml.MoMLSimpleApplication@57f524e6
reloadAllAccessors: .Integration5

===========================================================================================
----------------- testing Sat Aug 15 16:55:54 UTC 2020 /home/travis/build/icyphy/ptII/ptolemy/domains/continuous/test/auto/IntegratorImpulse.xml
----------------- Instantiating /home/travis/build/icyphy/ptII/ptolemy/domains/continuous/test/auto/IntegratorImpulse.xml
2 ms. Memory: 324608K Free: 273606K (84%)
----------------- Invoking toplevel() on ptolemy.moml.MoMLSimpleApplication@4d1ba1e4
----------------- Done invoking toplevel() on ptolemy.moml.MoMLSimpleApplication@4d1ba1e4
reloadAllAccessors: .IntegratorImpulse

===========================================================================================
----------------- testing Sat Aug 15 16:55:54 UTC 2020 /home/travis/build/icyphy/ptII/ptolemy/domains/continuous/test/auto/IntegratorImpulse2.xml
----------------- Instantiating /home/travis/build/icyphy/ptII/ptolemy/domains/continuous/test/auto/IntegratorImpulse2.xml
3 ms. Memory: 324608K Free: 268996K (83%)
----------------- Invoking toplevel() on ptolemy.moml.MoMLSimpleApplication@3a8cb4d0
----------------- Done invoking toplevel() on ptolemy.moml.MoMLSimpleApplication@3a8cb4d0
reloadAllAccessors: .IntegratorImpulse2

===========================================================================================
----------------- testing Sat Aug 15 16:55:54 UTC 2020 /home/travis/build/icyphy/ptII/ptolemy/domains/continuous/test/auto/LevelCrossing1.xml
----------------- Instantiating /home/travis/build/icyphy/ptII/ptolemy/domains/continuous/test/auto/LevelCrossing1.xml
2 ms. Memory: 324608K Free: 263862K (81%)
----------------- Invoking toplevel() on ptolemy.moml.MoMLSimpleApplication@394e1bf
----------------- Done invoking toplevel() on ptolemy.moml.MoMLSimpleApplication@394e1bf
reloadAllAccessors: .LevelCrossing1

===========================================================================================
----------------- testing Sat Aug 15 16:55:54 UTC 2020 /home/travis/build/icyphy/ptII/ptolemy/domains/continuous/test/auto/LevelCrossing2.xml
----------------- Instantiating /home/travis/build/icyphy/ptII/ptolemy/domains/continuous/test/auto/LevelCrossing2.xml
3 ms. Memory: 324608K Free: 258750K (80%)
----------------- Invoking toplevel() on ptolemy.moml.MoMLSimpleApplication@35d6929a
----------------- Done invoking toplevel() on ptolemy.moml.MoMLSimpleApplication@35d6929a
reloadAllAccessors: .LevelCrossing2

===========================================================================================
----------------- testing Sat Aug 15 16:55:54 UTC 2020 /home/travis/build/icyphy/ptII/ptolemy/domains/continuous/test/auto/LevelCrossing3.xml
----------------- Instantiating /home/travis/build/icyphy/ptII/ptolemy/domains/continuous/test/auto/LevelCrossing3.xml
2 ms. Memory: 324608K Free: 253622K (78%)
----------------- Invoking toplevel() on ptolemy.moml.MoMLSimpleApplication@3be15d5
----------------- Done invoking toplevel() on ptolemy.moml.MoMLSimpleApplication@3be15d5
reloadAllAccessors: .LevelCrossing3

===========================================================================================
----------------- testing Sat Aug 15 16:55:54 UTC 2020 /home/travis/build/icyphy/ptII/ptolemy/domains/continuous/test/auto/LevelCrossing4.xml
----------------- Instantiating /home/travis/build/icyphy/ptII/ptolemy/domains/continuous/test/auto/LevelCrossing4.xml
3 ms. Memory: 324608K Free: 248516K (77%)
----------------- Invoking toplevel() on ptolemy.moml.MoMLSimpleApplication@58ad96a6
----------------- Done invoking toplevel() on ptolemy.moml.MoMLSimpleApplication@58ad96a6
reloadAllAccessors: .LevelCrossing4

===========================================================================================
----------------- testing Sat Aug 15 16:55:54 UTC 2020 /home/travis/build/icyphy/ptII/ptolemy/domains/continuous/test/auto/LevelCrossing5.xml
----------------- Instantiating /home/travis/build/icyphy/ptII/ptolemy/domains/continuous/test/auto/LevelCrossing5.xml
3 ms. Memory: 324608K Free: 243396K (75%)
----------------- Invoking toplevel() on ptolemy.moml.MoMLSimpleApplication@6d655c04
----------------- Done invoking toplevel() on ptolemy.moml.MoMLSimpleApplication@6d655c04
reloadAllAccessors: .LevelCrossing5

===========================================================================================
[...]
5 ms. Memory: 324608K Free: 235958K (73%)
----------------- Invoking toplevel() on ptolemy.moml.MoMLSimpleApplication@4018295b
----------------- Done invoking toplevel() on ptolemy.moml.MoMLSimpleApplication@4018295b
reloadAllAccessors: .SRinContinuous

===========================================================================================
----------------- testing Sat Aug 15 16:56:08 UTC 2020 /home/travis/build/icyphy/ptII/ptolemy/domains/continuous/test/auto/SampledClocks.xml
----------------- Instantiating /home/travis/build/icyphy/ptII/ptolemy/domains/continuous/test/auto/SampledClocks.xml
6 ms. Memory: 324608K Free: 223160K (69%)
----------------- Invoking toplevel() on ptolemy.moml.MoMLSimpleApplication@29899dc
----------------- Done invoking toplevel() on ptolemy.moml.MoMLSimpleApplication@29899dc
reloadAllAccessors: .SampledClocks

===========================================================================================
----------------- testing Sat Aug 15 16:56:08 UTC 2020 /home/travis/build/icyphy/ptII/ptolemy/domains/continuous/test/auto/Satellite.xml
----------------- Instantiating /home/travis/build/icyphy/ptII/ptolemy/domains/continuous/test/auto/Satellite.xml
637 ms. Memory: 324608K Free: 220749K (68%)
----------------- Invoking toplevel() on ptolemy.moml.MoMLSimpleApplication@2dbab905
----------------- Done invoking toplevel() on ptolemy.moml.MoMLSimpleApplication@2dbab905
reloadAllAccessors: .Satellite

===========================================================================================
----------------- testing Sat Aug 15 16:56:09 UTC 2020 /home/travis/build/icyphy/ptII/ptolemy/domains/continuous/test/auto/SigmaDelta.xml
----------------- Instantiating /home/travis/build/icyphy/ptII/ptolemy/domains/continuous/test/auto/SigmaDelta.xml
1825 ms. Memory: 324608K Free: 151743K (47%)
----------------- Invoking toplevel() on ptolemy.moml.MoMLSimpleApplication@66f9c65f
----------------- Done invoking toplevel() on ptolemy.moml.MoMLSimpleApplication@66f9c65f
reloadAllAccessors: .SigmaDelta

===========================================================================================
----------------- testing Sat Aug 15 16:56:11 UTC 2020 /home/travis/build/icyphy/ptII/ptolemy/domains/continuous/test/auto/SingleRefinement.xml
----------------- Instantiating /home/travis/build/icyphy/ptII/ptolemy/domains/continuous/test/auto/SingleRefinement.xml
276 ms. Memory: 324608K Free: 161515K (50%)
----------------- Invoking toplevel() on ptolemy.moml.MoMLSimpleApplication@21b8818d
----------------- Done invoking toplevel() on ptolemy.moml.MoMLSimpleApplication@21b8818d
reloadAllAccessors: .SingleRefinement

===========================================================================================
----------------- testing Sat Aug 15 16:56:11 UTC 2020 /home/travis/build/icyphy/ptII/ptolemy/domains/continuous/test/auto/SinuBouncingBall.xml
----------------- Instantiating /home/travis/build/icyphy/ptII/ptolemy/domains/continuous/test/auto/SinuBouncingBall.xml
703 ms. Memory: 324608K Free: 141803K (44%)
----------------- Invoking toplevel() on ptolemy.moml.MoMLSimpleApplication@16451fff
----------------- Done invoking toplevel() on ptolemy.moml.MoMLSimpleApplication@16451fff
reloadAllAccessors: .SinuBouncingBall

===========================================================================================
----------------- testing Sat Aug 15 16:56:12 UTC 2020 /home/travis/build/icyphy/ptII/ptolemy/domains/continuous/test/auto/Sinusoid.xml
----------------- Instantiating /home/travis/build/icyphy/ptII/ptolemy/domains/continuous/test/auto/Sinusoid.xml
4 ms. Memory: 324608K Free: 137582K (42%)
----------------- Invoking toplevel() on ptolemy.moml.MoMLSimpleApplication@32a212aa
----------------- Done invoking toplevel() on ptolemy.moml.MoMLSimpleApplication@32a212aa
reloadAllAccessors: .Sinusoid

===========================================================================================
----------------- testing Sat Aug 15 16:56:12 UTC 2020 /home/travis/build/icyphy/ptII/ptolemy/domains/continuous/test/auto/SinusoidInNoise.xml
----------------- Instantiating /home/travis/build/icyphy/ptII/ptolemy/domains/continuous/test/auto/SinusoidInNoise.xml
778 ms. Memory: 324608K Free: 193623K (60%)
----------------- Invoking toplevel() on ptolemy.moml.MoMLSimpleApplication@2806ab57
----------------- Done invoking toplevel() on ptolemy.moml.MoMLSimpleApplication@2806ab57
reloadAllAccessors: .SinusoidInNoise

===========================================================================================
----------------- testing Sat Aug 15 16:56:13 UTC 2020 /home/travis/build/icyphy/ptII/ptolemy/domains/continuous/test/auto/SinusoidRK45.xml
----------------- Instantiating /home/travis/build/icyphy/ptII/ptolemy/domains/continuous/test/auto/SinusoidRK45.xml
2 ms. Memory: 324608K Free: 189498K (58%)
----------------- Invoking toplevel() on ptolemy.moml.MoMLSimpleApplication@70356a60
----------------- Done invoking toplevel() on ptolemy.moml.MoMLSimpleApplication@70356a60
reloadAllAccessors: .SinusoidRK45

===========================================================================================
----------------- testing Sat Aug 15 16:56:13 UTC 2020 /home/travis/build/icyphy/ptII/ptolemy/domains/continuous/test/auto/SinusoidWithMultipleImpulses.xml
----------------- Instantiating /home/travis/build/icyphy/ptII/ptolemy/domains/continuous/test/auto/SinusoidWithMultipleImpulses.xml
3 ms. Memory: 324608K Free: 184888K (57%)
----------------- Invoking toplevel() on ptolemy.moml.MoMLSimpleApplication@658453fa
----------------- Done invoking toplevel() on ptolemy.moml.MoMLSimpleApplication@658453fa
reloadAllAccessors: .SinusoidWithMultipleImpulses

===========================================================================================
----------------- testing Sat Aug 15 16:56:13 UTC 2020 /home/travis/build/icyphy/ptII/ptolemy/domains/continuous/test/auto/SquareWave.xml
----------------- Instantiating /home/travis/build/icyphy/ptII/ptolemy/domains/continuous/test/auto/SquareWave.xml
138 ms. Memory: 324608K Free: 157240K (48%)
----------------- Invoking toplevel() on ptolemy.moml.MoMLSimpleApplication@401acaae
----------------- Done invoking toplevel() on ptolemy.moml.MoMLSimpleApplication@401acaae
reloadAllAccessors: .SquareWave

===========================================================================================
----------------- testing Sat Aug 15 16:56:13 UTC 2020 /home/travis/build/icyphy/ptII/ptolemy/domains/continuous/test/auto/Starmac.xml
----------------- Instantiating /home/travis/build/icyphy/ptII/ptolemy/domains/continuous/test/auto/Starmac.xml
3077 ms. Memory: 324608K Free: 224484K (69%)
----------------- Invoking toplevel() on ptolemy.moml.MoMLSimpleApplication@7767563d
----------------- Done invoking toplevel() on ptolemy.moml.MoMLSimpleApplication@7767563d
reloadAllAccessors: .Starmac

===========================================================================================
----------------- testing Sat Aug 15 16:56:16 UTC 2020 /home/travis/build/icyphy/ptII/ptolemy/domains/continuous/test/auto/StaticUnits.xml
----------------- Instantiating /home/travis/build/icyphy/ptII/ptolemy/domains/continuous/test/auto/StaticUnits.xml
1661 ms. Memory: 324608K Free: 145611K (45%)
----------------- Invoking toplevel() on ptolemy.moml.MoMLSimpleApplication@3d9f9caf
----------------- Done invoking toplevel() on ptolemy.moml.MoMLSimpleApplication@3d9f9caf
reloadAllAccessors: .StaticUnits

===========================================================================================
----------------- testing Sat Aug 15 16:56:19 UTC 2020 /home/travis/build/icyphy/ptII/ptolemy/domains/continuous/test/auto/StickyMasses.xml
----------------- Instantiating /home/travis/build/icyphy/ptII/ptolemy/domains/continuous/test/auto/StickyMasses.xml
140 ms. Memory: 324608K Free: 284809K (88%)
----------------- Invoking toplevel() on ptolemy.moml.MoMLSimpleApplication@2018e424
----------------- Done invoking toplevel() on ptolemy.moml.MoMLSimpleApplication@2018e424
reloadAllAccessors: .StickyMasses

===========================================================================================
----------------- testing Sat Aug 15 16:56:19 UTC 2020 /home/travis/build/icyphy/ptII/ptolemy/domains/continuous/test/auto/StopTime.xml
----------------- Instantiating /home/travis/build/icyphy/ptII/ptolemy/domains/continuous/test/auto/StopTime.xml
42 ms. Memory: 324608K Free: 259704K (80%)
----------------- Invoking toplevel() on ptolemy.moml.MoMLSimpleApplication@6a283138
----------------- Done invoking toplevel() on ptolemy.moml.MoMLSimpleApplication@6a283138
reloadAllAccessors: .StopTime

===========================================================================================
----------------- testing Sat Aug 15 16:56:19 UTC 2020 /home/travis/build/icyphy/ptII/ptolemy/domains/continuous/test/auto/StopTime2.xml
----------------- Instantiating /home/travis/build/icyphy/ptII/ptolemy/domains/continuous/test/auto/StopTime2.xml
34 ms. Memory: 324608K Free: 237705K (73%)
----------------- Invoking toplevel() on ptolemy.moml.MoMLSimpleApplication@2e50a06c
----------------- Done invoking toplevel() on ptolemy.moml.MoMLSimpleApplication@2e50a06c
reloadAllAccessors: .StopTime2

===========================================================================================
----------------- testing Sat Aug 15 16:56:19 UTC 2020 /home/travis/build/icyphy/ptII/ptolemy/domains/continuous/test/auto/Switch.xml
----------------- Instantiating /home/travis/build/icyphy/ptII/ptolemy/domains/continuous/test/auto/Switch.xml
43 ms. Memory: 324608K Free: 213129K (66%)
----------------- Invoking toplevel() on ptolemy.moml.MoMLSimpleApplication@3917b9df
----------------- Done invoking toplevel() on ptolemy.moml.MoMLSimpleApplication@3917b9df
reloadAllAccessors: .Switch

===========================================================================================
----------------- testing Sat Aug 15 16:56:19 UTC 2020 /home/travis/build/icyphy/ptII/ptolemy/domains/continuous/test/auto/Thermostat.xml
----------------- Instantiating /home/travis/build/icyphy/ptII/ptolemy/domains/continuous/test/auto/Thermostat.xml
172 ms. Memory: 324608K Free: 140920K (43%)
----------------- Invoking toplevel() on ptolemy.moml.MoMLSimpleApplication@46d6e65b
----------------- Done invoking toplevel() on ptolemy.moml.MoMLSimpleApplication@46d6e65b
reloadAllAccessors: .Thermostat

===========================================================================================
----------------- testing Sat Aug 15 16:56:19 UTC 2020 /home/travis/build/icyphy/ptII/ptolemy/domains/continuous/test/auto/TimeDelay.xml
----------------- Instantiating /home/travis/build/icyphy/ptII/ptolemy/domains/continuous/test/auto/TimeDelay.xml
5 ms. Memory: 324608K Free: 136329K (42%)
----------------- Invoking toplevel() on ptolemy.moml.MoMLSimpleApplication@340d3b43
----------------- Done invoking toplevel() on ptolemy.moml.MoMLSimpleApplication@340d3b43
reloadAllAccessors: .TimeDelay

===========================================================================================
----------------- testing Sat Aug 15 16:56:19 UTC 2020 /home/travis/build/icyphy/ptII/ptolemy/domains/continuous/test/auto/TimeDelay2.xml
----------------- Instantiating /home/travis/build/icyphy/ptII/ptolemy/domains/continuous/test/auto/TimeDelay2.xml
8 ms. Memory: 324608K Free: 126599K (39%)
----------------- Invoking toplevel() on ptolemy.moml.MoMLSimpleApplication@1e6af657
----------------- Done invoking toplevel() on ptolemy.moml.MoMLSimpleApplication@1e6af657
reloadAllAccessors: .TimeDelay2

===========================================================================================
----------------- testing Sat Aug 15 16:56:19 UTC 2020 /home/travis/build/icyphy/ptII/ptolemy/domains/continuous/test/auto/TimeDelay3.xml
----------------- Instantiating /home/travis/build/icyphy/ptII/ptolemy/domains/continuous/test/auto/TimeDelay3.xml
5 ms. Memory: 324608K Free: 121993K (38%)
----------------- Invoking toplevel() on ptolemy.moml.MoMLSimpleApplication@720213f9
----------------- Done invoking toplevel() on ptolemy.moml.MoMLSimpleApplication@720213f9
reloadAllAccessors: .TimeDelay3

===========================================================================================
----------------- testing Sat Aug 15 16:56:19 UTC 2020 /home/travis/build/icyphy/ptII/ptolemy/domains/continuous/test/auto/TransferAbsentToInside.xml
----------------- Instantiating /home/travis/build/icyphy/ptII/ptolemy/domains/continuous/test/auto/TransferAbsentToInside.xml
28 ms. Memory: 324608K Free: 257154K (79%)
----------------- Invoking toplevel() on ptolemy.moml.MoMLSimpleApplication@536d4207
----------------- Done invoking toplevel() on ptolemy.moml.MoMLSimpleApplication@536d4207
reloadAllAccessors: .TransferAbsentToInside

===========================================================================================
----------------- testing Sat Aug 15 16:56:20 UTC 2020 /home/travis/build/icyphy/ptII/ptolemy/domains/continuous/test/auto/Transmission.xml
----------------- Instantiating /home/travis/build/icyphy/ptII/ptolemy/domains/continuous/test/auto/Transmission.xml
742 ms. Memory: 324608K Free: 214615K (66%)
----------------- Invoking toplevel() on ptolemy.moml.MoMLSimpleApplication@10c58e4c
----------------- Done invoking toplevel() on ptolemy.moml.MoMLSimpleApplication@10c58e4c
reloadAllAccessors: .Transmission

===========================================================================================
----------------- testing Sat Aug 15 16:56:20 UTC 2020 /home/travis/build/icyphy/ptII/ptolemy/domains/continuous/test/auto/TriggeredContinuousClock.xml
----------------- Instantiating /home/travis/build/icyphy/ptII/ptolemy/domains/continuous/test/auto/TriggeredContinuousClock.xml
34 ms. Memory: 324608K Free: 184935K (57%)
----------------- Invoking toplevel() on ptolemy.moml.MoMLSimpleApplication@4002b262
----------------- Done invoking toplevel() on ptolemy.moml.MoMLSimpleApplication@4002b262
reloadAllAccessors: .TriggeredContinuousClock

===========================================================================================
----------------- testing Sat Aug 15 16:56:20 UTC 2020 /home/travis/build/icyphy/ptII/ptolemy/domains/continuous/test/auto/TwoMachineInfiniteBusControl.xml
----------------- Instantiating /home/travis/build/icyphy/ptII/ptolemy/domains/continuous/test/auto/TwoMachineInfiniteBusControl.xml
2486 ms. Memory: 324608K Free: 183885K (57%)
----------------- Invoking toplevel() on ptolemy.moml.MoMLSimpleApplication@20ef56dc
----------------- Done invoking toplevel() on ptolemy.moml.MoMLSimpleApplication@20ef56dc
reloadAllAccessors: .TwoMachineInfiniteBusControl

===========================================================================================
----------------- testing Sat Aug 15 16:56:23 UTC 2020 /home/travis/build/icyphy/ptII/ptolemy/domains/continuous/test/auto/V2V.xml
----------------- Instantiating /home/travis/build/icyphy/ptII/ptolemy/domains/continuous/test/auto/V2V.xml
733 ms. Memory: 324608K Free: 184895K (57%)
----------------- Invoking toplevel() on ptolemy.moml.MoMLSimpleApplication@555f4471
----------------- Done invoking toplevel() on ptolemy.moml.MoMLSimpleApplication@555f4471
reloadAllAccessors: .V2V

===========================================================================================
----------------- testing Sat Aug 15 16:56:24 UTC 2020 /home/travis/build/icyphy/ptII/ptolemy/domains/continuous/test/auto/hierarchicalModalModel.xml
----------------- Instantiating /home/travis/build/icyphy/ptII/ptolemy/domains/continuous/test/auto/hierarchicalModalModel.xml
8 ms. Memory: 324608K Free: 170544K (53%)
----------------- Invoking toplevel() on ptolemy.moml.MoMLSimpleApplication@3ee0f027
----------------- Done invoking toplevel() on ptolemy.moml.MoMLSimpleApplication@3ee0f027
reloadAllAccessors: .hierarchicalModalModel

===========================================================================================
----------------- testing Sat Aug 15 16:56:24 UTC 2020 /home/travis/build/icyphy/ptII/ptolemy/domains/continuous/test/auto/hierarchicalModalModel1.xml
----------------- Instantiating /home/travis/build/icyphy/ptII/ptolemy/domains/continuous/test/auto/hierarchicalModalModel1.xml
8 ms. Memory: 324608K Free: 156223K (48%)
----------------- Invoking toplevel() on ptolemy.moml.MoMLSimpleApplication@18ceee75
----------------- Done invoking toplevel() on ptolemy.moml.MoMLSimpleApplication@18ceee75
reloadAllAccessors: .hierarchicalModalModel1

===========================================================================================
----------------- testing Sat Aug 15 16:56:24 UTC 2020 /home/travis/build/icyphy/ptII/ptolemy/domains/continuous/test/auto/hierarchicalModalModel2.xml
----------------- Instantiating /home/travis/build/icyphy/ptII/ptolemy/domains/continuous/test/auto/hierarchicalModalModel2.xml
6 ms. Memory: 324608K Free: 143920K (44%)
----------------- Invoking toplevel() on ptolemy.moml.MoMLSimpleApplication@1d6b1074
----------------- Done invoking toplevel() on ptolemy.moml.MoMLSimpleApplication@1d6b1074
reloadAllAccessors: .hierarchicalModalModel2

===========================================================================================
----------------- testing Sat Aug 15 16:56:24 UTC 2020 /home/travis/build/icyphy/ptII/ptolemy/domains/continuous/test/auto/hierarchicalModalModel3.xml
----------------- Instantiating /home/travis/build/icyphy/ptII/ptolemy/domains/continuous/test/auto/hierarchicalModalModel3.xml
5 ms. Memory: 324608K Free: 133185K (41%)
----------------- Invoking toplevel() on ptolemy.moml.MoMLSimpleApplication@72932ced
----------------- Done invoking toplevel() on ptolemy.moml.MoMLSimpleApplication@72932ced
reloadAllAccessors: .hierarchicalModalModel3

===========================================================================================
----------------- testing Sat Aug 15 16:56:24 UTC 2020 /home/travis/build/icyphy/ptII/ptolemy/domains/continuous/test/auto/hierarchicalModalModel4.xml
----------------- Instantiating /home/travis/build/icyphy/ptII/ptolemy/domains/continuous/test/auto/hierarchicalModalModel4.xml
6 ms. Memory: 324608K Free: 121407K (37%)
----------------- Invoking toplevel() on ptolemy.moml.MoMLSimpleApplication@6d4812f3
----------------- Done invoking toplevel() on ptolemy.moml.MoMLSimpleApplication@6d4812f3
reloadAllAccessors: .hierarchicalModalModel4

===========================================================================================
----------------- testing Sat Aug 15 16:56:24 UTC 2020 /home/travis/build/icyphy/ptII/ptolemy/domains/continuous/test/auto/junk.xml
----------------- Instantiating /home/travis/build/icyphy/ptII/ptolemy/domains/continuous/test/auto/junk.xml
130 ms. Memory: 324608K Free: 283549K (87%)
----------------- Invoking toplevel() on ptolemy.moml.MoMLSimpleApplication@7b76ed7e
----------------- Done invoking toplevel() on ptolemy.moml.MoMLSimpleApplication@7b76ed7e
reloadAllAccessors: .junk
AutoTests.java: About to close Vertx.
AutoTests.java: Vertx closed.
]]></system-out>
  <system-err><![CDATA[Warning: '.HysteresisWithRandomDelay.NonStrictTest' The test produced only 221 tokens, yet the correctValues parameter was expecting 222 tokens.
Warning: '.HysteresisWithRandomDelay.NonStrictTest2' The test produced only 220 tokens, yet the correctValues parameter was expecting 221 tokens.
Warning: '.HysteresisWithRandomDelay.NonStrictTest3' The test produced only 18 tokens, yet the correctValues parameter was expecting 30 tokens.
Warning: '.IncreasingRatePoisson.NonStrictTest' The test produced only 400 tokens, yet the correctValues parameter was expecting 402 tokens.
Warning: '.Poisson.NonStrictTest' The test produced only 421 tokens, yet the correctValues parameter was expecting 430 tokens.
]]></system-err>
</testsuite>
