<?xml version="1.0" encoding="UTF-8" ?>
<testsuite errors="0" failures="0" hostname="travis-job-03ce8396-f10e-4229-a159-dacf056b7787" name="ptolemy.domains.de.test.junit.JUnitTclTest" skipped="0" tests="101" time="127.81" timestamp="2018-08-30T02:02:43">
  <properties>
[...]
</properties>
  <testcase classname="ptolemy.util.test.junit.TclTests" name="[0] /home/travis/build/icyphy/ptII/ptolemy/domains/de/test/DependencyLoop.tcl (RunTclFile)" time="0.77" />
  <testcase classname="ptolemy.util.test.junit.TclTests" name="[1] /home/travis/build/icyphy/ptII/ptolemy/domains/de/test/RunDETestsAsQSS.tcl (RunTclFile)" time="87.824" />
  <testcase classname="ptolemy.util.test.junit.AutoKnownFailedTests" name="[0] /home/travis/build/icyphy/ptII/ptolemy/domains/de/test/auto/knownFailedTests/DESDFClockTest.xml (RunModel)" time="2.03" />
  <testcase classname="ptolemy.util.test.junit.AutoKnownFailedTests" name="[1] /home/travis/build/icyphy/ptII/ptolemy/domains/de/test/auto/knownFailedTests/DirectFeedback.xml (RunModel)" time="0.014" />
  <testcase classname="ptolemy.util.test.junit.AutoKnownFailedTests" name="[2] /home/travis/build/icyphy/ptII/ptolemy/domains/de/test/auto/knownFailedTests/FSMSource.xml (RunModel)" time="0.028" />
  <testcase classname="ptolemy.util.test.junit.AutoKnownFailedTests" name="[3] /home/travis/build/icyphy/ptII/ptolemy/domains/de/test/auto/knownFailedTests/HierarchicalModel.xml (RunModel)" time="0.051" />
  <testcase classname="ptolemy.util.test.junit.AutoKnownFailedTests" name="[4] /home/travis/build/icyphy/ptII/ptolemy/domains/de/test/auto/knownFailedTests/dependencyLoop.xml (RunModel)" time="0.041" />
  <testcase classname="ptolemy.util.test.junit.AutoKnownFailedTests" name="[5] /home/travis/build/icyphy/ptII/ptolemy/domains/de/test/auto/knownFailedTests/dependencyLoop2.xml (RunModel)" time="0.049" />
  <testcase classname="ptolemy.util.test.junit.AutoNameArchTests" name="[0] ThereAreNoAutoArchTests (RunModel)" time="0.001" />
  <testcase classname="ptolemy.util.test.junit.AutoTests" name="[0] /home/travis/build/icyphy/ptII/ptolemy/domains/de/test/auto/ActorDepthCalculation_actorWithoutPorts.xml (RunModel)" time="0.019" />
  <testcase classname="ptolemy.util.test.junit.AutoTests" name="[1] /home/travis/build/icyphy/ptII/ptolemy/domains/de/test/auto/AssemblyLine.xml (RunModel)" time="0.019" />
  <testcase classname="ptolemy.util.test.junit.AutoTests" name="[2] /home/travis/build/icyphy/ptII/ptolemy/domains/de/test/auto/CQBug1.xml (RunModel)" time="0.01" />
  <testcase classname="ptolemy.util.test.junit.AutoTests" name="[3] /home/travis/build/icyphy/ptII/ptolemy/domains/de/test/auto/CancelFireAt.xml (RunModel)" time="0.009" />
  <testcase classname="ptolemy.util.test.junit.AutoTests" name="[4] /home/travis/build/icyphy/ptII/ptolemy/domains/de/test/auto/CausalityAndComposabilityAnalysis.xml (RunModel)" time="0.01" />
  <testcase classname="ptolemy.util.test.junit.AutoTests" name="[5] /home/travis/build/icyphy/ptII/ptolemy/domains/de/test/auto/CausalityInterface1.xml (RunModel)" time="0.012" />
  <testcase classname="ptolemy.util.test.junit.AutoTests" name="[6] /home/travis/build/icyphy/ptII/ptolemy/domains/de/test/auto/CausalityInterface15.xml (RunModel)" time="0.014" />
  <testcase classname="ptolemy.util.test.junit.AutoTests" name="[7] /home/travis/build/icyphy/ptII/ptolemy/domains/de/test/auto/CausalityInterface2.xml (RunModel)" time="0.01" />
  <testcase classname="ptolemy.util.test.junit.AutoTests" name="[8] /home/travis/build/icyphy/ptII/ptolemy/domains/de/test/auto/CausalityInterface3.xml (RunModel)" time="0.014" />
  <testcase classname="ptolemy.util.test.junit.AutoTests" name="[9] /home/travis/build/icyphy/ptII/ptolemy/domains/de/test/auto/ClockDrift.xml (RunModel)" time="0.033" />
  <testcase classname="ptolemy.util.test.junit.AutoTests" name="[10] /home/travis/build/icyphy/ptII/ptolemy/domains/de/test/auto/ClockDriftAndValueChange.xml (RunModel)" time="0.041" />
  <testcase classname="ptolemy.util.test.junit.AutoTests" name="[11] /home/travis/build/icyphy/ptII/ptolemy/domains/de/test/auto/ClockDriftChange.xml (RunModel)" time="0.027" />
  <testcase classname="ptolemy.util.test.junit.AutoTests" name="[12] /home/travis/build/icyphy/ptII/ptolemy/domains/de/test/auto/ComposableCausalityAnalysis.xml (RunModel)" time="0.016" />
  <testcase classname="ptolemy.util.test.junit.AutoTests" name="[13] /home/travis/build/icyphy/ptII/ptolemy/domains/de/test/auto/DEFixedPointLimitation.xml (RunModel)" time="0.008" />
  <testcase classname="ptolemy.util.test.junit.AutoTests" name="[14] /home/travis/build/icyphy/ptII/ptolemy/domains/de/test/auto/DEScheduleTest.xml (RunModel)" time="0.01" />
  <testcase classname="ptolemy.util.test.junit.AutoTests" name="[15] /home/travis/build/icyphy/ptII/ptolemy/domains/de/test/auto/DEinDEwithStartTimes.xml (RunModel)" time="0.025" />
  <testcase classname="ptolemy.util.test.junit.AutoTests" name="[16] /home/travis/build/icyphy/ptII/ptolemy/domains/de/test/auto/DEinDEwithStartTimes2.xml (RunModel)" time="0.013" />
  <testcase classname="ptolemy.util.test.junit.AutoTests" name="[17] /home/travis/build/icyphy/ptII/ptolemy/domains/de/test/auto/DateDemo.xml (RunModel)" time="0.03" />
  <testcase classname="ptolemy.util.test.junit.AutoTests" name="[18] /home/travis/build/icyphy/ptII/ptolemy/domains/de/test/auto/DateToEvent.xml (RunModel)" time="2.04" />
  <testcase classname="ptolemy.util.test.junit.AutoTests" name="[19] /home/travis/build/icyphy/ptII/ptolemy/domains/de/test/auto/DepthTest1.xml (RunModel)" time="0.006" />
  <testcase classname="ptolemy.util.test.junit.AutoTests" name="[20] /home/travis/build/icyphy/ptII/ptolemy/domains/de/test/auto/DepthTest2.xml (RunModel)" time="0.016" />
  <testcase classname="ptolemy.util.test.junit.AutoTests" name="[21] /home/travis/build/icyphy/ptII/ptolemy/domains/de/test/auto/DepthTest3.xml (RunModel)" time="0.007" />
  <testcase classname="ptolemy.util.test.junit.AutoTests" name="[22] /home/travis/build/icyphy/ptII/ptolemy/domains/de/test/auto/DepthTest4.xml (RunModel)" time="0.012" />
  <testcase classname="ptolemy.util.test.junit.AutoTests" name="[23] /home/travis/build/icyphy/ptII/ptolemy/domains/de/test/auto/DepthTest5.xml (RunModel)" time="0.013" />
  <testcase classname="ptolemy.util.test.junit.AutoTests" name="[24] /home/travis/build/icyphy/ptII/ptolemy/domains/de/test/auto/DepthTest6.xml (RunModel)" time="0.014" />
  <testcase classname="ptolemy.util.test.junit.AutoTests" name="[25] /home/travis/build/icyphy/ptII/ptolemy/domains/de/test/auto/DepthTest7.xml (RunModel)" time="0.012" />
  <testcase classname="ptolemy.util.test.junit.AutoTests" name="[26] /home/travis/build/icyphy/ptII/ptolemy/domains/de/test/auto/EventToDate.xml (RunModel)" time="3.032" />
  <testcase classname="ptolemy.util.test.junit.AutoTests" name="[27] /home/travis/build/icyphy/ptII/ptolemy/domains/de/test/auto/FSM1.xml (RunModel)" time="0.029" />
  <testcase classname="ptolemy.util.test.junit.AutoTests" name="[28] /home/travis/build/icyphy/ptII/ptolemy/domains/de/test/auto/FSM7.xml (RunModel)" time="0.028" />
  <testcase classname="ptolemy.util.test.junit.AutoTests" name="[29] /home/travis/build/icyphy/ptII/ptolemy/domains/de/test/auto/Inspection.xml (RunModel)" time="0.042" />
  <testcase classname="ptolemy.util.test.junit.AutoTests" name="[30] /home/travis/build/icyphy/ptII/ptolemy/domains/de/test/auto/Iteration.xml (RunModel)" time="0.027" />
  <testcase classname="ptolemy.util.test.junit.AutoTests" name="[31] /home/travis/build/icyphy/ptII/ptolemy/domains/de/test/auto/LineFault.xml (RunModel)" time="0.547" />
  <testcase classname="ptolemy.util.test.junit.AutoTests" name="[32] /home/travis/build/icyphy/ptII/ptolemy/domains/de/test/auto/MergeModel1Add.xml (RunModel)" time="0.039" />
  <testcase classname="ptolemy.util.test.junit.AutoTests" name="[33] /home/travis/build/icyphy/ptII/ptolemy/domains/de/test/auto/MergeModel2Add.xml (RunModel)" time="0.039" />
  <testcase classname="ptolemy.util.test.junit.AutoTests" name="[34] /home/travis/build/icyphy/ptII/ptolemy/domains/de/test/auto/MergeModel3Add.xml (RunModel)" time="0.042" />
  <testcase classname="ptolemy.util.test.junit.AutoTests" name="[35] /home/travis/build/icyphy/ptII/ptolemy/domains/de/test/auto/MergeWithoutDiscard.xml (RunModel)" time="0.01" />
  <testcase classname="ptolemy.util.test.junit.AutoTests" name="[36] /home/travis/build/icyphy/ptII/ptolemy/domains/de/test/auto/Modal1.xml (RunModel)" time="0.026" />
  <testcase classname="ptolemy.util.test.junit.AutoTests" name="[37] /home/travis/build/icyphy/ptII/ptolemy/domains/de/test/auto/Modal2.xml (RunModel)" time="0.03" />
  <testcase classname="ptolemy.util.test.junit.AutoTests" name="[38] /home/travis/build/icyphy/ptII/ptolemy/domains/de/test/auto/Modal3.xml (RunModel)" time="0.035" />
  <testcase classname="ptolemy.util.test.junit.AutoTests" name="[39] /home/travis/build/icyphy/ptII/ptolemy/domains/de/test/auto/Modal4.xml (RunModel)" time="0.029" />
  <testcase classname="ptolemy.util.test.junit.AutoTests" name="[40] /home/travis/build/icyphy/ptII/ptolemy/domains/de/test/auto/Modal5.xml (RunModel)" time="0.026" />
  <testcase classname="ptolemy.util.test.junit.AutoTests" name="[41] /home/travis/build/icyphy/ptII/ptolemy/domains/de/test/auto/Modal6.xml (RunModel)" time="0.026" />
  <testcase classname="ptolemy.util.test.junit.AutoTests" name="[42] /home/travis/build/icyphy/ptII/ptolemy/domains/de/test/auto/Modal7.xml (RunModel)" time="0.026" />
  <testcase classname="ptolemy.util.test.junit.AutoTests" name="[43] /home/travis/build/icyphy/ptII/ptolemy/domains/de/test/auto/ModalModel.xml (RunModel)" time="0.16" />
  <testcase classname="ptolemy.util.test.junit.AutoTests" name="[44] /home/travis/build/icyphy/ptII/ptolemy/domains/de/test/auto/ModalSource.xml (RunModel)" time="0.017" />
  <testcase classname="ptolemy.util.test.junit.AutoTests" name="[45] /home/travis/build/icyphy/ptII/ptolemy/domains/de/test/auto/NonInterruptibleTimerZeroDelay.xml (RunModel)" time="0.01" />
  <testcase classname="ptolemy.util.test.junit.AutoTests" name="[46] /home/travis/build/icyphy/ptII/ptolemy/domains/de/test/auto/OpenQueueingNetwork.xml (RunModel)" time="2.143" />
  <testcase classname="ptolemy.util.test.junit.AutoTests" name="[47] /home/travis/build/icyphy/ptII/ptolemy/domains/de/test/auto/OpenQueuingNetwork.xml (RunModel)" time="0.278" />
  <testcase classname="ptolemy.util.test.junit.AutoTests" name="[48] /home/travis/build/icyphy/ptII/ptolemy/domains/de/test/auto/PeriodicSampler.xml (RunModel)" time="0.007" />
  <testcase classname="ptolemy.util.test.junit.AutoTests" name="[49] /home/travis/build/icyphy/ptII/ptolemy/domains/de/test/auto/PersistentIO.xml (RunModel)" time="0.02" />
  <testcase classname="ptolemy.util.test.junit.AutoTests" name="[50] /home/travis/build/icyphy/ptII/ptolemy/domains/de/test/auto/PortParameterResetOnInitialize.xml (RunModel)" time="0.009" />
  <testcase classname="ptolemy.util.test.junit.AutoTests" name="[51] /home/travis/build/icyphy/ptII/ptolemy/domains/de/test/auto/PortParameterUpdates.xml (RunModel)" time="0.014" />
  <testcase classname="ptolemy.util.test.junit.AutoTests" name="[52] /home/travis/build/icyphy/ptII/ptolemy/domains/de/test/auto/QueueAndServer.xml (RunModel)" time="0.02" />
  <testcase classname="ptolemy.util.test.junit.AutoTests" name="[53] /home/travis/build/icyphy/ptII/ptolemy/domains/de/test/auto/Records.xml (RunModel)" time="0.019" />
  <testcase classname="ptolemy.util.test.junit.AutoTests" name="[54] /home/travis/build/icyphy/ptII/ptolemy/domains/de/test/auto/ResetTransitionWithStartTime1.xml (RunModel)" time="0.02" />
  <testcase classname="ptolemy.util.test.junit.AutoTests" name="[55] /home/travis/build/icyphy/ptII/ptolemy/domains/de/test/auto/ResetTransitionWithStartTime2.xml (RunModel)" time="0.026" />
  <testcase classname="ptolemy.util.test.junit.AutoTests" name="[56] /home/travis/build/icyphy/ptII/ptolemy/domains/de/test/auto/ResetTransitionWithStartTime3.xml (RunModel)" time="0.018" />
  <testcase classname="ptolemy.util.test.junit.AutoTests" name="[57] /home/travis/build/icyphy/ptII/ptolemy/domains/de/test/auto/ResetTransitionWithStartTime4.xml (RunModel)" time="0.02" />
  <testcase classname="ptolemy.util.test.junit.AutoTests" name="[58] /home/travis/build/icyphy/ptII/ptolemy/domains/de/test/auto/ResettableTimer1.xml (RunModel)" time="0.01" />
  <testcase classname="ptolemy.util.test.junit.AutoTests" name="[59] /home/travis/build/icyphy/ptII/ptolemy/domains/de/test/auto/ResettableTimer2.xml (RunModel)" time="0.011" />
  <testcase classname="ptolemy.util.test.junit.AutoTests" name="[60] /home/travis/build/icyphy/ptII/ptolemy/domains/de/test/auto/ResettableTimer3.xml (RunModel)" time="0.008" />
  <testcase classname="ptolemy.util.test.junit.AutoTests" name="[61] /home/travis/build/icyphy/ptII/ptolemy/domains/de/test/auto/ResettableTimer4.xml (RunModel)" time="0.009" />
  <testcase classname="ptolemy.util.test.junit.AutoTests" name="[62] /home/travis/build/icyphy/ptII/ptolemy/domains/de/test/auto/ResettableTimer5.xml (RunModel)" time="0.01" />
  <testcase classname="ptolemy.util.test.junit.AutoTests" name="[63] /home/travis/build/icyphy/ptII/ptolemy/domains/de/test/auto/ResettableTimer6.xml (RunModel)" time="0.025" />
  <testcase classname="ptolemy.util.test.junit.AutoTests" name="[64] /home/travis/build/icyphy/ptII/ptolemy/domains/de/test/auto/ServerZeroDelay.xml (RunModel)" time="0.017" />
  <testcase classname="ptolemy.util.test.junit.AutoTests" name="[65] /home/travis/build/icyphy/ptII/ptolemy/domains/de/test/auto/SmartSender.xml (RunModel)" time="3.009" />
  <testcase classname="ptolemy.util.test.junit.AutoTests" name="[66] /home/travis/build/icyphy/ptII/ptolemy/domains/de/test/auto/ThreadedComposite.xml (RunModel)" time="0.106" />
  <testcase classname="ptolemy.util.test.junit.AutoTests" name="[67] /home/travis/build/icyphy/ptII/ptolemy/domains/de/test/auto/Time.xml (RunModel)" time="0.395" />
  <testcase classname="ptolemy.util.test.junit.AutoTests" name="[68] /home/travis/build/icyphy/ptII/ptolemy/domains/de/test/auto/TimeDelayZeroDelay.xml (RunModel)" time="0.016" />
  <testcase classname="ptolemy.util.test.junit.AutoTests" name="[69] /home/travis/build/icyphy/ptII/ptolemy/domains/de/test/auto/TimerZeroDelay.xml (RunModel)" time="0.009" />
  <testcase classname="ptolemy.util.test.junit.AutoTests" name="[70] /home/travis/build/icyphy/ptII/ptolemy/domains/de/test/auto/TimingParadox.xml (RunModel)" time="0.315" />
  <testcase classname="ptolemy.util.test.junit.AutoTests" name="[71] /home/travis/build/icyphy/ptII/ptolemy/domains/de/test/auto/TransferInputs.xml (RunModel)" time="0.012" />
  <testcase classname="ptolemy.util.test.junit.AutoTests" name="[72] /home/travis/build/icyphy/ptII/ptolemy/domains/de/test/auto/TransferOutputs2.xml (RunModel)" time="0.014" />
  <testcase classname="ptolemy.util.test.junit.AutoTests" name="[73] /home/travis/build/icyphy/ptII/ptolemy/domains/de/test/auto/Trilateration.xml (RunModel)" time="11.239" />
  <testcase classname="ptolemy.util.test.junit.AutoTests" name="[74] /home/travis/build/icyphy/ptII/ptolemy/domains/de/test/auto/TwoSigmaDelta.xml (RunModel)" time="2.046" />
  <testcase classname="ptolemy.util.test.junit.AutoTests" name="[75] /home/travis/build/icyphy/ptII/ptolemy/domains/de/test/auto/VariableDelay.xml (RunModel)" time="0.01" />
  <testcase classname="ptolemy.util.test.junit.AutoTests" name="[76] /home/travis/build/icyphy/ptII/ptolemy/domains/de/test/auto/VariableDelay2.xml (RunModel)" time="0.008" />
  <testcase classname="ptolemy.util.test.junit.AutoTests" name="[77] /home/travis/build/icyphy/ptII/ptolemy/domains/de/test/auto/VariableDelayZeroDelay.xml (RunModel)" time="0.009" />
  <testcase classname="ptolemy.util.test.junit.AutoTests" name="[78] /home/travis/build/icyphy/ptII/ptolemy/domains/de/test/auto/VariableDelayZeroDelay2.xml (RunModel)" time="0.009" />
  <testcase classname="ptolemy.util.test.junit.AutoTests" name="[79] /home/travis/build/icyphy/ptII/ptolemy/domains/de/test/auto/deInCt.xml (RunModel)" time="0.019" />
  <testcase classname="ptolemy.util.test.junit.AutoTests" name="[80] /home/travis/build/icyphy/ptII/ptolemy/domains/de/test/auto/deInCt2.xml (RunModel)" time="0.012" />
  <testcase classname="ptolemy.util.test.junit.AutoTests" name="[81] /home/travis/build/icyphy/ptII/ptolemy/domains/de/test/auto/dynamicCausalityInterface1.xml (RunModel)" time="0.017" />
  <testcase classname="ptolemy.util.test.junit.AutoTests" name="[82] /home/travis/build/icyphy/ptII/ptolemy/domains/de/test/auto/fsm_de_test.xml (RunModel)" time="0.022" />
  <testcase classname="ptolemy.util.test.junit.AutoTests" name="[83] /home/travis/build/icyphy/ptII/ptolemy/domains/de/test/auto/functionDependencyReconstruction.xml (RunModel)" time="0.029" />
  <testcase classname="ptolemy.util.test.junit.AutoTests" name="[84] /home/travis/build/icyphy/ptII/ptolemy/domains/de/test/auto/multirate.xml (RunModel)" time="0.015" />
  <testcase classname="ptolemy.util.test.junit.AutoTests" name="[85] /home/travis/build/icyphy/ptII/ptolemy/domains/de/test/auto/multirate2.xml (RunModel)" time="0.014" />
  <testcase classname="ptolemy.util.test.junit.AutoTests" name="[86] /home/travis/build/icyphy/ptII/ptolemy/domains/de/test/auto/realtime.xml (RunModel)" time="10.01" />
  <testcase classname="ptolemy.util.test.junit.AutoTests" name="[87] /home/travis/build/icyphy/ptII/ptolemy/domains/de/test/auto/relationGroup.xml (RunModel)" time="0.015" />
  <testcase classname="ptolemy.util.test.junit.AutoTests" name="[88] /home/travis/build/icyphy/ptII/ptolemy/domains/de/test/auto/relationGroup2.xml (RunModel)" time="0.007" />
  <testcase classname="ptolemy.util.test.junit.AutoTests" name="[89] /home/travis/build/icyphy/ptII/ptolemy/domains/de/test/auto/sortWithOpaquePorts.xml (RunModel)" time="0.009" />
  <testcase classname="ptolemy.util.test.junit.AutoTests" name="[90] /home/travis/build/icyphy/ptII/ptolemy/domains/de/test/auto/transferInputsandOutputs.xml (RunModel)" time="0.01" />
  <testcase classname="ptolemy.util.test.junit.AutoTests" name="[91] /home/travis/build/icyphy/ptII/ptolemy/domains/de/test/auto/triggerType.xml (RunModel)" time="0.013" />
  <system-out><![CDATA[/home/travis/build/icyphy/ptII/ptolemy/domains/de/test/DependencyLoop.tcl
testDefs.tcl: setting time out to 9000 seconds at Thu Aug 30 02:02:43 UTC 2018
17 ms. Memory: 116224K Free: 93404K (80%)
9 ms. Memory: 146944K Free: 136771K (93%)
/home/travis/build/icyphy/ptII/ptolemy/domains/de/test/RunDETestsAsQSS.tcl
Run the DE tests using ptolemy.domains.qss.test.QSSDirectorTest, which extends QSSDirector and prints a message in the constructors.
------------------ testing $PTII/ptolemy/domains/de/test/auto/knownFailedTests/dependencyLoop.xml (Known Failure) 
6 ms. Memory: 146944K Free: 133659K (91%)


==== $PTIIhome/travis/build/icyphy/ptII/ptolemy/domains/de/test/../../../../: Auto Automatic test in file $PTII/ptolemy/domains/de/test/auto/knownFailedTests/dependencyLoop.xml
==== Contents of test case:

	    # FIXME: we should use $relativeFilename here, but it
	    # might have backslashes under Windows, which causes no end
	    # of trouble.
	    createAndExecute $file
	    list {}
	
.... Test generated KNOWN error:
    while executing
ptolemy.kernel.util.IllegalActionException: Found a zero delay loop containing .dependencyLoop.original
  in .dependencyLoop and .dependencyLoop.original
	at ptolemy.actor.util.CausalityInterfaceForComposites._computeOutputPortDepth(CausalityInterfaceForComposites.java:759)
	at ptolemy.actor.util.CausalityInterfaceForComposites._computeInputDepth(CausalityInterfaceForComposites.java:696)
	at ptolemy.actor.util.CausalityInterfaceForComposites._computeOutputPortDepth(CausalityInterfaceForComposites.java:765)
	at ptolemy.actor.util.CausalityInterfaceForComposites._computeInputDepth(CausalityInterfaceForComposites.java:696)
	at ptolemy.actor.util.CausalityInterfaceForComposites._computeOutputPortDepth(CausalityInterfaceForComposites.java:765)
	at ptolemy.actor.util.CausalityInterfaceForComposites._computeInputDepth(CausalityInterfaceForComposites.java:696)
	at ptolemy.actor.util.CausalityInterfaceForComposites._computeActorDepth(CausalityInterfaceForComposites.java:532)
	at ptolemy.actor.util.CausalityInterfaceForComposites.checkForCycles(CausalityInterfaceForComposites.java:96)
	at ptolemy.domains.de.kernel.DEDirector.preinitialize(DEDirector.java:1338)
	at ptolemy.actor.CompositeActor.preinitialize(CompositeActor.java:1828)
	at ptolemy.actor.Manager.preinitializeAndResolveTypes(Manager.java:1040)
	at ptolemy.actor.Manager.initialize(Manager.java:710)
	at ptolemy.actor.Manager.execute(Manager.java:356)
	at ptolemy.actor.Manager.run(Manager.java:1263)
	at ptolemy.actor.Manager$PtolemyRunThread.run(Manager.java:1915)

    while executing
ptolemy.kernel.util.IllegalActionException: Found a zero delay loop containing .dependencyLoop.original
  in .dependencyLoop and .dependencyLoop.original
    while executing
"java::new ptolemy.moml.MoMLSimpleApplication $file
"
    (procedure "createAndExecute" line 2)
    invoked from within
"createAndExecute $file"
    ("uplevel" body line 5)
    invoked from within
"uplevel $contents_of_test"
------------------ testing $PTII/ptolemy/domains/de/test/auto/knownFailedTests/DESDFClockTest.xml (Known Failure) 
2053 ms. Memory: 146944K Free: 117811K (80%)


==== $PTIIhome/travis/build/icyphy/ptII/ptolemy/domains/de/test/../../../../: Auto Automatic test in file $PTII/ptolemy/domains/de/test/auto/knownFailedTests/DESDFClockTest.xml
==== Contents of test case:

	    # FIXME: we should use $relativeFilename here, but it
	    # might have backslashes under Windows, which causes no end
	    # of trouble.
	    createAndExecute $file
	    list {}
	
.... Test generated KNOWN error:
    while executing
ptolemy.kernel.util.IllegalActionException: Actor is not ready to fire.  Perhaps UpSample.prefire() returned false? Try debugging the actor by selecting "Listen to Actor".  Also, for SDF check moml for tokenConsumptionRate on input.
  in .DESDFClockTest.Play Bell.Copy1:SDF Director and .DESDFClockTest.Play Bell.UpSample
	at ptolemy.actor.sched.StaticSchedulingDirector.fire(StaticSchedulingDirector.java:227)
	at ptolemy.domains.sdf.kernel.SDFDirector.fire(SDFDirector.java:500)
	at ptolemy.actor.CompositeActor.fire(CompositeActor.java:455)
	at ptolemy.domains.de.kernel.DEDirector._fire(DEDirector.java:1949)
	at ptolemy.domains.de.kernel.DEDirector.fire(DEDirector.java:502)
	at ptolemy.actor.CompositeActor.fire(CompositeActor.java:455)
	at ptolemy.actor.Manager.iterate(Manager.java:851)
	at ptolemy.actor.Manager.execute(Manager.java:369)
	at ptolemy.actor.Manager.run(Manager.java:1263)
	at ptolemy.actor.Manager$PtolemyRunThread.run(Manager.java:1915)

    while executing
ptolemy.kernel.util.IllegalActionException: Actor is not ready to fire.  Perhaps UpSample.prefire() returned false? Try debugging the actor by selecting "Listen to Actor".  Also, for SDF check moml for tokenConsumptionRate on input.
  in .DESDFClockTest.Play Bell.Copy1:SDF Director and .DESDFClockTest.Play Bell.UpSample
    while executing
"java::new ptolemy.moml.MoMLSimpleApplication $file
"
    (procedure "createAndExecute" line 2)
    invoked from within
"createAndExecute $file"
    ("uplevel" body line 5)
    invoked from within
"uplevel $contents_of_test"
------------------ testing $PTII/ptolemy/domains/de/test/auto/knownFailedTests/FSMSource.xml (Known Failure) 
21 ms. Memory: 146944K Free: 108121K (74%)
!!!! Auto was marked as failing, but now passes
------------------ testing $PTII/ptolemy/domains/de/test/auto/knownFailedTests/dependencyLoop2.xml (Known Failure) 
6 ms. Memory: 146944K Free: 106237K (72%)


==== $PTIIhome/travis/build/icyphy/ptII/ptolemy/domains/de/test/../../../../: Auto Automatic test in file $PTII/ptolemy/domains/de/test/auto/knownFailedTests/dependencyLoop2.xml
==== Contents of test case:

	    # FIXME: we should use $relativeFilename here, but it
	    # might have backslashes under Windows, which causes no end
	    # of trouble.
	    createAndExecute $file
	    list {}
	
.... Test generated KNOWN error:
    while executing
ptolemy.kernel.util.IllegalActionException: Found a zero delay loop containing .dependencyLoop2.original
  in .dependencyLoop2 and .dependencyLoop2.original
	at ptolemy.actor.util.CausalityInterfaceForComposites._computeOutputPortDepth(CausalityInterfaceForComposites.java:759)
	at ptolemy.actor.util.CausalityInterfaceForComposites._computeInputDepth(CausalityInterfaceForComposites.java:696)
	at ptolemy.actor.util.CausalityInterfaceForComposites._computeOutputPortDepth(CausalityInterfaceForComposites.java:765)
	at ptolemy.actor.util.CausalityInterfaceForComposites._computeInputDepth(CausalityInterfaceForComposites.java:696)
	at ptolemy.actor.util.CausalityInterfaceForComposites._computeOutputPortDepth(CausalityInterfaceForComposites.java:765)
	at ptolemy.actor.util.CausalityInterfaceForComposites._computeInputDepth(CausalityInterfaceForComposites.java:696)
	at ptolemy.actor.util.CausalityInterfaceForComposites._computeActorDepth(CausalityInterfaceForComposites.java:532)
	at ptolemy.actor.util.CausalityInterfaceForComposites.checkForCycles(CausalityInterfaceForComposites.java:96)
	at ptolemy.domains.de.kernel.DEDirector.preinitialize(DEDirector.java:1338)
	at ptolemy.actor.CompositeActor.preinitialize(CompositeActor.java:1828)
	at ptolemy.actor.Manager.preinitializeAndResolveTypes(Manager.java:1040)
	at ptolemy.actor.Manager.initialize(Manager.java:710)
	at ptolemy.actor.Manager.execute(Manager.java:356)
	at ptolemy.actor.Manager.run(Manager.java:1263)
	at ptolemy.actor.Manager$PtolemyRunThread.run(Manager.java:1915)

    while executing
ptolemy.kernel.util.IllegalActionException: Found a zero delay loop containing .dependencyLoop2.original
  in .dependencyLoop2 and .dependencyLoop2.original
    while executing
"java::new ptolemy.moml.MoMLSimpleApplication $file
"
    (procedure "createAndExecute" line 2)
    invoked from within
"createAndExecute $file"
    ("uplevel" body line 5)
    invoked from within
"uplevel $contents_of_test"
------------------ testing $PTII/ptolemy/domains/de/test/auto/knownFailedTests/HierarchicalModel.xml (Known Failure) 
5 ms. Memory: 146944K Free: 85635K (58%)


==== $PTIIhome/travis/build/icyphy/ptII/ptolemy/domains/de/test/../../../../: Auto Automatic test in file $PTII/ptolemy/domains/de/test/auto/knownFailedTests/HierarchicalModel.xml
==== Contents of test case:

	    # FIXME: we should use $relativeFilename here, but it
	    # might have backslashes under Windows, which causes no end
	    # of trouble.
	    createAndExecute $file
	    list {}
	
.... Test generated KNOWN error:
    while executing
ptolemy.kernel.util.IllegalActionException: Found a zero delay loop containing .HierarchicalModel.A
  in .HierarchicalModel and .HierarchicalModel.A
	at ptolemy.actor.util.CausalityInterfaceForComposites._computeOutputPortDepth(CausalityInterfaceForComposites.java:759)
	at ptolemy.actor.util.CausalityInterfaceForComposites._computeInputDepth(CausalityInterfaceForComposites.java:696)
	at ptolemy.actor.util.CausalityInterfaceForComposites._computeOutputPortDepth(CausalityInterfaceForComposites.java:765)
	at ptolemy.actor.util.CausalityInterfaceForComposites._computeInputDepth(CausalityInterfaceForComposites.java:696)
	at ptolemy.actor.util.CausalityInterfaceForComposites._computeOutputPortDepth(CausalityInterfaceForComposites.java:765)
	at ptolemy.actor.util.CausalityInterfaceForComposites._computeInputDepth(CausalityInterfaceForComposites.java:696)
	at ptolemy.actor.util.CausalityInterfaceForComposites._computeActorDepth(CausalityInterfaceForComposites.java:532)
	at ptolemy.actor.util.CausalityInterfaceForComposites.checkForCycles(CausalityInterfaceForComposites.java:96)
	at ptolemy.domains.de.kernel.DEDirector.preinitialize(DEDirector.java:1338)
	at ptolemy.actor.CompositeActor.preinitialize(CompositeActor.java:1828)
	at ptolemy.actor.Manager.preinitializeAndResolveTypes(Manager.java:1040)
	at ptolemy.actor.Manager.initialize(Manager.java:710)
	at ptolemy.actor.Manager.execute(Manager.java:356)
	at ptolemy.actor.Manager.run(Manager.java:1263)
	at ptolemy.actor.Manager$PtolemyRunThread.run(Manager.java:1915)

    while executing
ptolemy.kernel.util.IllegalActionException: Found a zero delay loop containing .HierarchicalModel.A
  in .HierarchicalModel and .HierarchicalModel.A
    while executing
"java::new ptolemy.moml.MoMLSimpleApplication $file
"
    (procedure "createAndExecute" line 2)
    invoked from within
"createAndExecute $file"
    ("uplevel" body line 5)
    invoked from within
"uplevel $contents_of_test"
------------------ testing $PTII/ptolemy/domains/de/test/auto/knownFailedTests/DirectFeedback.xml (Known Failure) 
14 ms. Memory: 146944K Free: 142794K (97%)


==== $PTIIhome/travis/build/icyphy/ptII/ptolemy/domains/de/test/../../../../: Auto Automatic test in file $PTII/ptolemy/domains/de/test/auto/knownFailedTests/DirectFeedback.xml
==== Contents of test case:

	    # FIXME: we should use $relativeFilename here, but it
	    # might have backslashes under Windows, which causes no end
	    # of trouble.
	    createAndExecute $file
	    list {}
	
.... Test generated KNOWN error:
    while executing
ptolemy.kernel.util.IllegalActionException: Test fails in iteration 1.
Value was: 1.0. Should have been: 2.0
  in .DirectFeedback.Test
	at ptolemy.actor.lib.Test.fire(Test.java:268)
	at ptolemy.domains.de.kernel.DEDirector._fire(DEDirector.java:1949)
	at ptolemy.domains.de.kernel.DEDirector.fire(DEDirector.java:502)
	at ptolemy.actor.CompositeActor.fire(CompositeActor.java:455)
	at ptolemy.actor.Manager.iterate(Manager.java:851)
	at ptolemy.actor.Manager.execute(Manager.java:369)
	at ptolemy.actor.Manager.run(Manager.java:1263)
	at ptolemy.actor.Manager$PtolemyRunThread.run(Manager.java:1915)

    while executing
ptolemy.kernel.util.IllegalActionException: Test fails in iteration 1.
Value was: 1.0. Should have been: 2.0
  in .DirectFeedback.Test
    while executing
"java::new ptolemy.moml.MoMLSimpleApplication $file
"
    (procedure "createAndExecute" line 2)
    invoked from within
"createAndExecute $file"
    ("uplevel" body line 5)
    invoked from within
"uplevel $contents_of_test"
------------------ testing $PTII/ptolemy/domains/de/test/auto/ActorDepthCalculation_actorWithoutPorts.xml
auto.tcl: Setting watchdog for 200 seconds at Thu Aug 30 02:02:47 UTC 2018
9 ms. Memory: 146944K Free: 133848K (91%)
ptolemy.util.test.WatchDog.cancel(): canceling Thu Aug 30 02:02:47 UTC 2018
auto.tcl: Setting watchdog for 200 seconds at Thu Aug 30 02:02:47 UTC 2018
5 ms. Memory: 146944K Free: 132814K (90%)
ptolemy.util.test.WatchDog.cancel(): canceling Thu Aug 30 02:02:47 UTC 2018
------------------ testing $PTII/ptolemy/domains/de/test/auto/AssemblyLine.xml
auto.tcl: Setting watchdog for 200 seconds at Thu Aug 30 02:02:47 UTC 2018
28 ms. Memory: 208384K Free: 181504K (87%)
ptolemy.util.test.WatchDog.cancel(): canceling Thu Aug 30 02:02:47 UTC 2018
auto.tcl: Setting watchdog for 200 seconds at Thu Aug 30 02:02:47 UTC 2018
7 ms. Memory: 208384K Free: 181504K (87%)
ptolemy.util.test.WatchDog.cancel(): canceling Thu Aug 30 02:02:47 UTC 2018
------------------ testing $PTII/ptolemy/domains/de/test/auto/CQBug1.xml
auto.tcl: Setting watchdog for 200 seconds at Thu Aug 30 02:02:47 UTC 2018
3 ms. Memory: 208384K Free: 196432K (94%)
ptolemy.util.test.WatchDog.cancel(): canceling Thu Aug 30 02:02:47 UTC 2018
auto.tcl: Setting watchdog for 200 seconds at Thu Aug 30 02:02:47 UTC 2018
2 ms. Memory: 208384K Free: 196432K (94%)
ptolemy.util.test.WatchDog.cancel(): canceling Thu Aug 30 02:02:47 UTC 2018
------------------ testing $PTII/ptolemy/domains/de/test/auto/CancelFireAt.xml
auto.tcl: Setting watchdog for 200 seconds at Thu Aug 30 02:02:47 UTC 2018
11 ms. Memory: 208384K Free: 201063K (96%)
ptolemy.util.test.WatchDog.cancel(): canceling Thu Aug 30 02:02:47 UTC 2018
auto.tcl: Setting watchdog for 200 seconds at Thu Aug 30 02:02:47 UTC 2018
2 ms. Memory: 208384K Free: 198938K (95%)
ptolemy.util.test.WatchDog.cancel(): canceling Thu Aug 30 02:02:47 UTC 2018
------------------ testing $PTII/ptolemy/domains/de/test/auto/CausalityAndComposabilityAnalysis.xml
auto.tcl: Setting watchdog for 200 seconds at Thu Aug 30 02:02:47 UTC 2018
10 ms. Memory: 208384K Free: 198534K (95%)
ptolemy.util.test.WatchDog.cancel(): canceling Thu Aug 30 02:02:47 UTC 2018
auto.tcl: Setting watchdog for 200 seconds at Thu Aug 30 02:02:47 UTC 2018
14 ms. Memory: 208384K Free: 196408K (94%)
ptolemy.util.test.WatchDog.cancel(): canceling Thu Aug 30 02:02:47 UTC 2018
------------------ testing $PTII/ptolemy/domains/de/test/auto/CausalityInterface1.xml
auto.tcl: Setting watchdog for 200 seconds at Thu Aug 30 02:02:48 UTC 2018
26 ms. Memory: 208384K Free: 196345K (94%)
ptolemy.util.test.WatchDog.cancel(): canceling Thu Aug 30 02:02:48 UTC 2018
auto.tcl: Setting watchdog for 200 seconds at Thu Aug 30 02:02:48 UTC 2018
7 ms. Memory: 208384K Free: 196345K (94%)
ptolemy.util.test.WatchDog.cancel(): canceling Thu Aug 30 02:02:48 UTC 2018
------------------ testing $PTII/ptolemy/domains/de/test/auto/CausalityInterface15.xml
auto.tcl: Setting watchdog for 200 seconds at Thu Aug 30 02:02:48 UTC 2018
7 ms. Memory: 208384K Free: 196336K (94%)
ptolemy.util.test.WatchDog.cancel(): canceling Thu Aug 30 02:02:48 UTC 2018
auto.tcl: Setting watchdog for 200 seconds at Thu Aug 30 02:02:48 UTC 2018
8 ms. Memory: 208384K Free: 196336K (94%)
ptolemy.util.test.WatchDog.cancel(): canceling Thu Aug 30 02:02:48 UTC 2018
------------------ testing $PTII/ptolemy/domains/de/test/auto/CausalityInterface2.xml
auto.tcl: Setting watchdog for 200 seconds at Thu Aug 30 02:02:48 UTC 2018
7 ms. Memory: 208384K Free: 196319K (94%)
ptolemy.util.test.WatchDog.cancel(): canceling Thu Aug 30 02:02:48 UTC 2018
auto.tcl: Setting watchdog for 200 seconds at Thu Aug 30 02:02:48 UTC 2018
3 ms. Memory: 208384K Free: 196319K (94%)
ptolemy.util.test.WatchDog.cancel(): canceling Thu Aug 30 02:02:48 UTC 2018
------------------ testing $PTII/ptolemy/domains/de/test/auto/CausalityInterface3.xml
auto.tcl: Setting watchdog for 200 seconds at Thu Aug 30 02:02:48 UTC 2018
4 ms. Memory: 208384K Free: 196332K (94%)
ptolemy.util.test.WatchDog.cancel(): canceling Thu Aug 30 02:02:48 UTC 2018
auto.tcl: Setting watchdog for 200 seconds at Thu Aug 30 02:02:48 UTC 2018
3 ms. Memory: 208384K Free: 196332K (94%)
ptolemy.util.test.WatchDog.cancel(): canceling Thu Aug 30 02:02:48 UTC 2018
------------------ testing $PTII/ptolemy/domains/de/test/auto/ClockDrift.xml
auto.tcl: Setting watchdog for 200 seconds at Thu Aug 30 02:02:48 UTC 2018
86 ms. Memory: 208384K Free: 187488K (90%)
ptolemy.util.test.WatchDog.cancel(): canceling Thu Aug 30 02:02:48 UTC 2018
auto.tcl: Setting watchdog for 200 seconds at Thu Aug 30 02:02:48 UTC 2018
51 ms. Memory: 208384K Free: 185362K (89%)
ptolemy.util.test.WatchDog.cancel(): canceling Thu Aug 30 02:02:48 UTC 2018
------------------ testing $PTII/ptolemy/domains/de/test/auto/ClockDriftAndValueChange.xml
auto.tcl: Setting watchdog for 200 seconds at Thu Aug 30 02:02:48 UTC 2018
32 ms. Memory: 208384K Free: 187323K (90%)
ptolemy.util.test.WatchDog.cancel(): canceling Thu Aug 30 02:02:48 UTC 2018
auto.tcl: Setting watchdog for 200 seconds at Thu Aug 30 02:02:48 UTC 2018
37 ms. Memory: 208384K Free: 185198K (89%)
ptolemy.util.test.WatchDog.cancel(): canceling Thu Aug 30 02:02:48 UTC 2018
------------------ testing $PTII/ptolemy/domains/de/test/auto/ClockDriftChange.xml
auto.tcl: Setting watchdog for 200 seconds at Thu Aug 30 02:02:48 UTC 2018
20 ms. Memory: 208384K Free: 190628K (91%)
ptolemy.util.test.WatchDog.cancel(): canceling Thu Aug 30 02:02:48 UTC 2018
auto.tcl: Setting watchdog for 200 seconds at Thu Aug 30 02:02:48 UTC 2018
19 ms. Memory: 208384K Free: 188503K (90%)
ptolemy.util.test.WatchDog.cancel(): canceling Thu Aug 30 02:02:48 UTC 2018
------------------ testing $PTII/ptolemy/domains/de/test/auto/ComposableCausalityAnalysis.xml
auto.tcl: Setting watchdog for 200 seconds at Thu Aug 30 02:02:48 UTC 2018
2 ms. Memory: 208384K Free: 196178K (94%)
ptolemy.util.test.WatchDog.cancel(): canceling Thu Aug 30 02:02:49 UTC 2018
auto.tcl: Setting watchdog for 200 seconds at Thu Aug 30 02:02:49 UTC 2018
2 ms. Memory: 208384K Free: 194053K (93%)
ptolemy.util.test.WatchDog.cancel(): canceling Thu Aug 30 02:02:49 UTC 2018
------------------ testing $PTII/ptolemy/domains/de/test/auto/DEFixedPointLimitation.xml
auto.tcl: Setting watchdog for 200 seconds at Thu Aug 30 02:02:49 UTC 2018
1 ms. Memory: 208384K Free: 198400K (95%)
ptolemy.util.test.WatchDog.cancel(): canceling Thu Aug 30 02:02:49 UTC 2018
auto.tcl: Setting watchdog for 200 seconds at Thu Aug 30 02:02:49 UTC 2018
1 ms. Memory: 208384K Free: 196272K (94%)
ptolemy.util.test.WatchDog.cancel(): canceling Thu Aug 30 02:02:49 UTC 2018
------------------ testing $PTII/ptolemy/domains/de/test/auto/DEScheduleTest.xml
auto.tcl: Setting watchdog for 200 seconds at Thu Aug 30 02:02:49 UTC 2018
3 ms. Memory: 208384K Free: 198436K (95%)
ptolemy.util.test.WatchDog.cancel(): canceling Thu Aug 30 02:02:49 UTC 2018
auto.tcl: Setting watchdog for 200 seconds at Thu Aug 30 02:02:49 UTC 2018
6 ms. Memory: 208384K Free: 196295K (94%)
ptolemy.util.test.WatchDog.cancel(): canceling Thu Aug 30 02:02:49 UTC 2018
------------------ testing $PTII/ptolemy/domains/de/test/auto/DEinDEwithStartTimes.xml
auto.tcl: Setting watchdog for 200 seconds at Thu Aug 30 02:02:49 UTC 2018
4 ms. Memory: 208384K Free: 196249K (94%)
ptolemy.util.test.WatchDog.cancel(): canceling Thu Aug 30 02:02:49 UTC 2018
auto.tcl: Setting watchdog for 200 seconds at Thu Aug 30 02:02:49 UTC 2018
3 ms. Memory: 208384K Free: 194123K (93%)
ptolemy.util.test.WatchDog.cancel(): canceling Thu Aug 30 02:02:49 UTC 2018
------------------ testing $PTII/ptolemy/domains/de/test/auto/DEinDEwithStartTimes2.xml
auto.tcl: Setting watchdog for 200 seconds at Thu Aug 30 02:02:49 UTC 2018
4 ms. Memory: 208384K Free: 196244K (94%)
ptolemy.util.test.WatchDog.cancel(): canceling Thu Aug 30 02:02:49 UTC 2018
auto.tcl: Setting watchdog for 200 seconds at Thu Aug 30 02:02:49 UTC 2018
4 ms. Memory: 208384K Free: 194118K (93%)
ptolemy.util.test.WatchDog.cancel(): canceling Thu Aug 30 02:02:49 UTC 2018
------------------ testing $PTII/ptolemy/domains/de/test/auto/DateDemo.xml
auto.tcl: Setting watchdog for 200 seconds at Thu Aug 30 02:02:49 UTC 2018
8 ms. Memory: 208384K Free: 188613K (91%)
ptolemy.util.test.WatchDog.cancel(): canceling Thu Aug 30 02:02:49 UTC 2018
auto.tcl: Setting watchdog for 200 seconds at Thu Aug 30 02:02:49 UTC 2018
11 ms. Memory: 208384K Free: 186472K (89%)
ptolemy.util.test.WatchDog.cancel(): canceling Thu Aug 30 02:02:49 UTC 2018
------------------ testing $PTII/ptolemy/domains/de/test/auto/DateToEvent.xml
auto.tcl: Setting watchdog for 200 seconds at Thu Aug 30 02:02:49 UTC 2018
2012 ms. Memory: 208384K Free: 183180K (88%)
ptolemy.util.test.WatchDog.cancel(): canceling Thu Aug 30 02:02:51 UTC 2018
auto.tcl: Setting watchdog for 200 seconds at Thu Aug 30 02:02:51 UTC 2018
2005 ms. Memory: 208384K Free: 183180K (88%)
ptolemy.util.test.WatchDog.cancel(): canceling Thu Aug 30 02:02:53 UTC 2018
------------------ testing $PTII/ptolemy/domains/de/test/auto/DepthTest1.xml
auto.tcl: Setting watchdog for 200 seconds at Thu Aug 30 02:02:53 UTC 2018
3 ms. Memory: 208384K Free: 197956K (95%)
ptolemy.util.test.WatchDog.cancel(): canceling Thu Aug 30 02:02:53 UTC 2018
auto.tcl: Setting watchdog for 200 seconds at Thu Aug 30 02:02:53 UTC 2018
1 ms. Memory: 208384K Free: 197956K (95%)
ptolemy.util.test.WatchDog.cancel(): canceling Thu Aug 30 02:02:53 UTC 2018
------------------ testing $PTII/ptolemy/domains/de/test/auto/DepthTest2.xml
auto.tcl: Setting watchdog for 200 seconds at Thu Aug 30 02:02:53 UTC 2018
3 ms. Memory: 208384K Free: 194139K (93%)
ptolemy.util.test.WatchDog.cancel(): canceling Thu Aug 30 02:02:53 UTC 2018
auto.tcl: Setting watchdog for 200 seconds at Thu Aug 30 02:02:53 UTC 2018
6 ms. Memory: 208384K Free: 194139K (93%)
ptolemy.util.test.WatchDog.cancel(): canceling Thu Aug 30 02:02:53 UTC 2018
------------------ testing $PTII/ptolemy/domains/de/test/auto/DepthTest3.xml
auto.tcl: Setting watchdog for 200 seconds at Thu Aug 30 02:02:53 UTC 2018
4 ms. Memory: 208384K Free: 198620K (95%)
ptolemy.util.test.WatchDog.cancel(): canceling Thu Aug 30 02:02:53 UTC 2018
auto.tcl: Setting watchdog for 200 seconds at Thu Aug 30 02:02:53 UTC 2018
1 ms. Memory: 208384K Free: 198620K (95%)
ptolemy.util.test.WatchDog.cancel(): canceling Thu Aug 30 02:02:53 UTC 2018
------------------ testing $PTII/ptolemy/domains/de/test/auto/DepthTest4.xml
auto.tcl: Setting watchdog for 200 seconds at Thu Aug 30 02:02:53 UTC 2018
8 ms. Memory: 208384K Free: 196245K (94%)
ptolemy.util.test.WatchDog.cancel(): canceling Thu Aug 30 02:02:53 UTC 2018
auto.tcl: Setting watchdog for 200 seconds at Thu Aug 30 02:02:53 UTC 2018
2 ms. Memory: 208384K Free: 196245K (94%)
ptolemy.util.test.WatchDog.cancel(): canceling Thu Aug 30 02:02:53 UTC 2018
------------------ testing $PTII/ptolemy/domains/de/test/auto/DepthTest5.xml
auto.tcl: Setting watchdog for 200 seconds at Thu Aug 30 02:02:53 UTC 2018
3 ms. Memory: 208384K Free: 196192K (94%)
ptolemy.util.test.WatchDog.cancel(): canceling Thu Aug 30 02:02:53 UTC 2018
auto.tcl: Setting watchdog for 200 seconds at Thu Aug 30 02:02:53 UTC 2018
2 ms. Memory: 208384K Free: 196192K (94%)
ptolemy.util.test.WatchDog.cancel(): canceling Thu Aug 30 02:02:53 UTC 2018
------------------ testing $PTII/ptolemy/domains/de/test/auto/DepthTest6.xml
auto.tcl: Setting watchdog for 200 seconds at Thu Aug 30 02:02:53 UTC 2018
9 ms. Memory: 208384K Free: 196506K (94%)
ptolemy.util.test.WatchDog.cancel(): canceling Thu Aug 30 02:02:53 UTC 2018
auto.tcl: Setting watchdog for 200 seconds at Thu Aug 30 02:02:53 UTC 2018
2 ms. Memory: 208384K Free: 196506K (94%)
ptolemy.util.test.WatchDog.cancel(): canceling Thu Aug 30 02:02:53 UTC 2018
------------------ testing $PTII/ptolemy/domains/de/test/auto/DepthTest7.xml
auto.tcl: Setting watchdog for 200 seconds at Thu Aug 30 02:02:53 UTC 2018
2 ms. Memory: 208384K Free: 196149K (94%)
ptolemy.util.test.WatchDog.cancel(): canceling Thu Aug 30 02:02:54 UTC 2018
auto.tcl: Setting watchdog for 200 seconds at Thu Aug 30 02:02:54 UTC 2018
2 ms. Memory: 208384K Free: 196149K (94%)
ptolemy.util.test.WatchDog.cancel(): canceling Thu Aug 30 02:02:54 UTC 2018
------------------ testing $PTII/ptolemy/domains/de/test/auto/EventToDate.xml
auto.tcl: Setting watchdog for 200 seconds at Thu Aug 30 02:02:54 UTC 2018
3010 ms. Memory: 208384K Free: 183055K (88%)
ptolemy.util.test.WatchDog.cancel(): canceling Thu Aug 30 02:02:57 UTC 2018
auto.tcl: Setting watchdog for 200 seconds at Thu Aug 30 02:02:57 UTC 2018
3005 ms. Memory: 208384K Free: 183055K (88%)
ptolemy.util.test.WatchDog.cancel(): canceling Thu Aug 30 02:03:00 UTC 2018
------------------ testing $PTII/ptolemy/domains/de/test/auto/FSM1.xml
auto.tcl: Setting watchdog for 200 seconds at Thu Aug 30 02:03:00 UTC 2018
15 ms. Memory: 208384K Free: 189119K (91%)
ptolemy.util.test.WatchDog.cancel(): canceling Thu Aug 30 02:03:00 UTC 2018
auto.tcl: Setting watchdog for 200 seconds at Thu Aug 30 02:03:00 UTC 2018
18 ms. Memory: 208384K Free: 184836K (89%)
ptolemy.util.test.WatchDog.cancel(): canceling Thu Aug 30 02:03:00 UTC 2018
------------------ testing $PTII/ptolemy/domains/de/test/auto/FSM7.xml
auto.tcl: Setting watchdog for 200 seconds at Thu Aug 30 02:03:00 UTC 2018
27 ms. Memory: 208384K Free: 187196K (90%)
ptolemy.util.test.WatchDog.cancel(): canceling Thu Aug 30 02:03:00 UTC 2018
auto.tcl: Setting watchdog for 200 seconds at Thu Aug 30 02:03:00 UTC 2018
16 ms. Memory: 208384K Free: 185071K (89%)
ptolemy.util.test.WatchDog.cancel(): canceling Thu Aug 30 02:03:00 UTC 2018
------------------ testing $PTII/ptolemy/domains/de/test/auto/Inspection.xml
auto.tcl: Setting watchdog for 200 seconds at Thu Aug 30 02:03:00 UTC 2018
23 ms. Memory: 208384K Free: 188756K (91%)
ptolemy.util.test.WatchDog.cancel(): canceling Thu Aug 30 02:03:00 UTC 2018
auto.tcl: Setting watchdog for 200 seconds at Thu Aug 30 02:03:00 UTC 2018
22 ms. Memory: 208384K Free: 186623K (90%)
ptolemy.util.test.WatchDog.cancel(): canceling Thu Aug 30 02:03:00 UTC 2018
------------------ testing $PTII/ptolemy/domains/de/test/auto/Iteration.xml
auto.tcl: Setting watchdog for 200 seconds at Thu Aug 30 02:03:00 UTC 2018
16 ms. Memory: 208384K Free: 195972K (94%)
ptolemy.util.test.WatchDog.cancel(): canceling Thu Aug 30 02:03:00 UTC 2018
auto.tcl: Setting watchdog for 200 seconds at Thu Aug 30 02:03:00 UTC 2018
7 ms. Memory: 208384K Free: 193831K (93%)
ptolemy.util.test.WatchDog.cancel(): canceling Thu Aug 30 02:03:00 UTC 2018
------------------ testing $PTII/ptolemy/domains/de/test/auto/LineFault.xml
auto.tcl: Setting watchdog for 200 seconds at Thu Aug 30 02:03:00 UTC 2018
811 ms. Memory: 208384K Free: 195197K (94%)
ptolemy.util.test.WatchDog.cancel(): canceling Thu Aug 30 02:03:01 UTC 2018
auto.tcl: Setting watchdog for 200 seconds at Thu Aug 30 02:03:01 UTC 2018
615 ms. Memory: 208384K Free: 138973K (67%)
ptolemy.util.test.WatchDog.cancel(): canceling Thu Aug 30 02:03:02 UTC 2018
------------------ testing $PTII/ptolemy/domains/de/test/auto/MergeModel1Add.xml
auto.tcl: Setting watchdog for 200 seconds at Thu Aug 30 02:03:02 UTC 2018
31 ms. Memory: 331264K Free: 298930K (90%)
ptolemy.util.test.WatchDog.cancel(): canceling Thu Aug 30 02:03:02 UTC 2018
auto.tcl: Setting watchdog for 200 seconds at Thu Aug 30 02:03:02 UTC 2018
9 ms. Memory: 331264K Free: 298930K (90%)
ptolemy.util.test.WatchDog.cancel(): canceling Thu Aug 30 02:03:02 UTC 2018
------------------ testing $PTII/ptolemy/domains/de/test/auto/MergeModel2Add.xml
auto.tcl: Setting watchdog for 200 seconds at Thu Aug 30 02:03:02 UTC 2018
9 ms. Memory: 331264K Free: 304228K (92%)
ptolemy.util.test.WatchDog.cancel(): canceling Thu Aug 30 02:03:02 UTC 2018
auto.tcl: Setting watchdog for 200 seconds at Thu Aug 30 02:03:02 UTC 2018
7 ms. Memory: 331264K Free: 300292K (91%)
ptolemy.util.test.WatchDog.cancel(): canceling Thu Aug 30 02:03:02 UTC 2018
------------------ testing $PTII/ptolemy/domains/de/test/auto/MergeModel3Add.xml
auto.tcl: Setting watchdog for 200 seconds at Thu Aug 30 02:03:02 UTC 2018
8 ms. Memory: 331264K Free: 304232K (92%)
ptolemy.util.test.WatchDog.cancel(): canceling Thu Aug 30 02:03:02 UTC 2018
auto.tcl: Setting watchdog for 200 seconds at Thu Aug 30 02:03:02 UTC 2018
7 ms. Memory: 331264K Free: 300304K (91%)
ptolemy.util.test.WatchDog.cancel(): canceling Thu Aug 30 02:03:02 UTC 2018
------------------ testing $PTII/ptolemy/domains/de/test/auto/MergeWithoutDiscard.xml
auto.tcl: Setting watchdog for 200 seconds at Thu Aug 30 02:03:02 UTC 2018
2 ms. Memory: 331264K Free: 320249K (97%)
ptolemy.util.test.WatchDog.cancel(): canceling Thu Aug 30 02:03:02 UTC 2018
auto.tcl: Setting watchdog for 200 seconds at Thu Aug 30 02:03:02 UTC 2018
1 ms. Memory: 331264K Free: 316321K (95%)
ptolemy.util.test.WatchDog.cancel(): canceling Thu Aug 30 02:03:02 UTC 2018
------------------ testing $PTII/ptolemy/domains/de/test/auto/Modal1.xml
auto.tcl: Setting watchdog for 200 seconds at Thu Aug 30 02:03:02 UTC 2018
14 ms. Memory: 331264K Free: 309940K (94%)
ptolemy.util.test.WatchDog.cancel(): canceling Thu Aug 30 02:03:02 UTC 2018
auto.tcl: Setting watchdog for 200 seconds at Thu Aug 30 02:03:02 UTC 2018
11 ms. Memory: 331264K Free: 306012K (92%)
ptolemy.util.test.WatchDog.cancel(): canceling Thu Aug 30 02:03:02 UTC 2018
------------------ testing $PTII/ptolemy/domains/de/test/auto/Modal2.xml
auto.tcl: Setting watchdog for 200 seconds at Thu Aug 30 02:03:02 UTC 2018
10 ms. Memory: 331264K Free: 309806K (94%)
ptolemy.util.test.WatchDog.cancel(): canceling Thu Aug 30 02:03:03 UTC 2018
auto.tcl: Setting watchdog for 200 seconds at Thu Aug 30 02:03:03 UTC 2018
15 ms. Memory: 331264K Free: 305870K (92%)
ptolemy.util.test.WatchDog.cancel(): canceling Thu Aug 30 02:03:03 UTC 2018
------------------ testing $PTII/ptolemy/domains/de/test/auto/Modal3.xml
auto.tcl: Setting watchdog for 200 seconds at Thu Aug 30 02:03:03 UTC 2018
10 ms. Memory: 331264K Free: 309820K (94%)
ptolemy.util.test.WatchDog.cancel(): canceling Thu Aug 30 02:03:03 UTC 2018
auto.tcl: Setting watchdog for 200 seconds at Thu Aug 30 02:03:03 UTC 2018
10 ms. Memory: 331264K Free: 305884K (92%)
ptolemy.util.test.WatchDog.cancel(): canceling Thu Aug 30 02:03:03 UTC 2018
------------------ testing $PTII/ptolemy/domains/de/test/auto/Modal4.xml
auto.tcl: Setting watchdog for 200 seconds at Thu Aug 30 02:03:03 UTC 2018
27 ms. Memory: 331264K Free: 309817K (94%)
ptolemy.util.test.WatchDog.cancel(): canceling Thu Aug 30 02:03:03 UTC 2018
auto.tcl: Setting watchdog for 200 seconds at Thu Aug 30 02:03:03 UTC 2018
19 ms. Memory: 331264K Free: 305873K (92%)
ptolemy.util.test.WatchDog.cancel(): canceling Thu Aug 30 02:03:03 UTC 2018
------------------ testing $PTII/ptolemy/domains/de/test/auto/Modal5.xml
auto.tcl: Setting watchdog for 200 seconds at Thu Aug 30 02:03:03 UTC 2018
16 ms. Memory: 331264K Free: 309804K (94%)
ptolemy.util.test.WatchDog.cancel(): canceling Thu Aug 30 02:03:03 UTC 2018
auto.tcl: Setting watchdog for 200 seconds at Thu Aug 30 02:03:03 UTC 2018
16 ms. Memory: 331264K Free: 305876K (92%)
ptolemy.util.test.WatchDog.cancel(): canceling Thu Aug 30 02:03:03 UTC 2018
------------------ testing $PTII/ptolemy/domains/de/test/auto/Modal6.xml
auto.tcl: Setting watchdog for 200 seconds at Thu Aug 30 02:03:03 UTC 2018
14 ms. Memory: 331264K Free: 309786K (94%)
ptolemy.util.test.WatchDog.cancel(): canceling Thu Aug 30 02:03:03 UTC 2018
auto.tcl: Setting watchdog for 200 seconds at Thu Aug 30 02:03:03 UTC 2018
18 ms. Memory: 331264K Free: 305850K (92%)
ptolemy.util.test.WatchDog.cancel(): canceling Thu Aug 30 02:03:03 UTC 2018
------------------ testing $PTII/ptolemy/domains/de/test/auto/Modal7.xml
auto.tcl: Setting watchdog for 200 seconds at Thu Aug 30 02:03:03 UTC 2018
17 ms. Memory: 331264K Free: 309802K (94%)
ptolemy.util.test.WatchDog.cancel(): canceling Thu Aug 30 02:03:03 UTC 2018
auto.tcl: Setting watchdog for 200 seconds at Thu Aug 30 02:03:03 UTC 2018
13 ms. Memory: 331264K Free: 305871K (92%)
ptolemy.util.test.WatchDog.cancel(): canceling Thu Aug 30 02:03:03 UTC 2018
------------------ testing $PTII/ptolemy/domains/de/test/auto/ModalModel.xml
auto.tcl: Setting watchdog for 200 seconds at Thu Aug 30 02:03:03 UTC 2018
188 ms. Memory: 331264K Free: 246087K (74%)
ptolemy.util.test.WatchDog.cancel(): canceling Thu Aug 30 02:03:03 UTC 2018
auto.tcl: Setting watchdog for 200 seconds at Thu Aug 30 02:03:03 UTC 2018
170 ms. Memory: 331264K Free: 190968K (58%)
ptolemy.util.test.WatchDog.cancel(): canceling Thu Aug 30 02:03:04 UTC 2018
------------------ testing $PTII/ptolemy/domains/de/test/auto/ModalSource.xml
auto.tcl: Setting watchdog for 200 seconds at Thu Aug 30 02:03:04 UTC 2018
9 ms. Memory: 331264K Free: 316755K (96%)
ptolemy.util.test.WatchDog.cancel(): canceling Thu Aug 30 02:03:04 UTC 2018
auto.tcl: Setting watchdog for 200 seconds at Thu Aug 30 02:03:04 UTC 2018
6 ms. Memory: 331264K Free: 313256K (95%)
ptolemy.util.test.WatchDog.cancel(): canceling Thu Aug 30 02:03:04 UTC 2018
------------------ testing $PTII/ptolemy/domains/de/test/auto/NonInterruptibleTimerZeroDelay.xml
auto.tcl: Setting watchdog for 200 seconds at Thu Aug 30 02:03:04 UTC 2018
4 ms. Memory: 331264K Free: 320915K (97%)
ptolemy.util.test.WatchDog.cancel(): canceling Thu Aug 30 02:03:04 UTC 2018
auto.tcl: Setting watchdog for 200 seconds at Thu Aug 30 02:03:04 UTC 2018
2 ms. Memory: 331264K Free: 317416K (96%)
ptolemy.util.test.WatchDog.cancel(): canceling Thu Aug 30 02:03:04 UTC 2018
------------------ testing $PTII/ptolemy/domains/de/test/auto/OpenQueueingNetwork.xml
auto.tcl: Setting watchdog for 200 seconds at Thu Aug 30 02:03:04 UTC 2018
2820 ms. Memory: 317952K Free: 147129K (46%)
ptolemy.util.test.WatchDog.cancel(): canceling Thu Aug 30 02:03:07 UTC 2018
auto.tcl: Setting watchdog for 200 seconds at Thu Aug 30 02:03:07 UTC 2018
2224 ms. Memory: 287232K Free: 224357K (78%)
ptolemy.util.test.WatchDog.cancel(): canceling Thu Aug 30 02:03:09 UTC 2018
------------------ testing $PTII/ptolemy/domains/de/test/auto/OpenQueuingNetwork.xml
auto.tcl: Setting watchdog for 200 seconds at Thu Aug 30 02:03:09 UTC 2018
227 ms. Memory: 287232K Free: 187884K (65%)
ptolemy.util.test.WatchDog.cancel(): canceling Thu Aug 30 02:03:09 UTC 2018
auto.tcl: Setting watchdog for 200 seconds at Thu Aug 30 02:03:09 UTC 2018
208 ms. Memory: 287232K Free: 128128K (45%)
ptolemy.util.test.WatchDog.cancel(): canceling Thu Aug 30 02:03:10 UTC 2018
------------------ testing $PTII/ptolemy/domains/de/test/auto/PeriodicSampler.xml
auto.tcl: Setting watchdog for 200 seconds at Thu Aug 30 02:03:10 UTC 2018
3 ms. Memory: 289792K Free: 274925K (95%)
ptolemy.util.test.WatchDog.cancel(): canceling Thu Aug 30 02:03:10 UTC 2018
auto.tcl: Setting watchdog for 200 seconds at Thu Aug 30 02:03:10 UTC 2018
1 ms. Memory: 289792K Free: 274925K (95%)
ptolemy.util.test.WatchDog.cancel(): canceling Thu Aug 30 02:03:10 UTC 2018
------------------ testing $PTII/ptolemy/domains/de/test/auto/PersistentIO.xml
auto.tcl: Setting watchdog for 200 seconds at Thu Aug 30 02:03:10 UTC 2018
14 ms. Memory: 287232K Free: 267201K (93%)
ptolemy.util.test.WatchDog.cancel(): canceling Thu Aug 30 02:03:10 UTC 2018
auto.tcl: Setting watchdog for 200 seconds at Thu Aug 30 02:03:10 UTC 2018
4 ms. Memory: 287232K Free: 267201K (93%)
ptolemy.util.test.WatchDog.cancel(): canceling Thu Aug 30 02:03:10 UTC 2018
------------------ testing $PTII/ptolemy/domains/de/test/auto/PortParameterResetOnInitialize.xml
auto.tcl: Setting watchdog for 200 seconds at Thu Aug 30 02:03:10 UTC 2018
3 ms. Memory: 289280K Free: 274757K (95%)
ptolemy.util.test.WatchDog.cancel(): canceling Thu Aug 30 02:03:10 UTC 2018
auto.tcl: Setting watchdog for 200 seconds at Thu Aug 30 02:03:10 UTC 2018
1 ms. Memory: 289280K Free: 274757K (95%)
ptolemy.util.test.WatchDog.cancel(): canceling Thu Aug 30 02:03:10 UTC 2018
------------------ testing $PTII/ptolemy/domains/de/test/auto/PortParameterUpdates.xml
auto.tcl: Setting watchdog for 200 seconds at Thu Aug 30 02:03:10 UTC 2018
3 ms. Memory: 287232K Free: 275002K (96%)
ptolemy.util.test.WatchDog.cancel(): canceling Thu Aug 30 02:03:10 UTC 2018
auto.tcl: Setting watchdog for 200 seconds at Thu Aug 30 02:03:10 UTC 2018
3 ms. Memory: 287232K Free: 272120K (95%)
ptolemy.util.test.WatchDog.cancel(): canceling Thu Aug 30 02:03:10 UTC 2018
------------------ testing $PTII/ptolemy/domains/de/test/auto/QueueAndServer.xml
auto.tcl: Setting watchdog for 200 seconds at Thu Aug 30 02:03:10 UTC 2018
19 ms. Memory: 289280K Free: 274039K (95%)
ptolemy.util.test.WatchDog.cancel(): canceling Thu Aug 30 02:03:10 UTC 2018
auto.tcl: Setting watchdog for 200 seconds at Thu Aug 30 02:03:10 UTC 2018
6 ms. Memory: 289280K Free: 274039K (95%)
ptolemy.util.test.WatchDog.cancel(): canceling Thu Aug 30 02:03:10 UTC 2018
------------------ testing $PTII/ptolemy/domains/de/test/auto/Records.xml
auto.tcl: Setting watchdog for 200 seconds at Thu Aug 30 02:03:10 UTC 2018
7 ms. Memory: 287232K Free: 274821K (96%)
ptolemy.util.test.WatchDog.cancel(): canceling Thu Aug 30 02:03:10 UTC 2018
auto.tcl: Setting watchdog for 200 seconds at Thu Aug 30 02:03:10 UTC 2018
2 ms. Memory: 287232K Free: 274821K (96%)
ptolemy.util.test.WatchDog.cancel(): canceling Thu Aug 30 02:03:10 UTC 2018
------------------ testing $PTII/ptolemy/domains/de/test/auto/ResetTransitionWithStartTime1.xml
auto.tcl: Setting watchdog for 200 seconds at Thu Aug 30 02:03:10 UTC 2018
12 ms. Memory: 288768K Free: 273594K (95%)
ptolemy.util.test.WatchDog.cancel(): canceling Thu Aug 30 02:03:10 UTC 2018
auto.tcl: Setting watchdog for 200 seconds at Thu Aug 30 02:03:10 UTC 2018
6 ms. Memory: 288768K Free: 270604K (94%)
ptolemy.util.test.WatchDog.cancel(): canceling Thu Aug 30 02:03:10 UTC 2018
------------------ testing $PTII/ptolemy/domains/de/test/auto/ResetTransitionWithStartTime2.xml
auto.tcl: Setting watchdog for 200 seconds at Thu Aug 30 02:03:10 UTC 2018
6 ms. Memory: 287232K Free: 272048K (95%)
ptolemy.util.test.WatchDog.cancel(): canceling Thu Aug 30 02:03:10 UTC 2018
auto.tcl: Setting watchdog for 200 seconds at Thu Aug 30 02:03:10 UTC 2018
6 ms. Memory: 287232K Free: 269158K (94%)
ptolemy.util.test.WatchDog.cancel(): canceling Thu Aug 30 02:03:10 UTC 2018
------------------ testing $PTII/ptolemy/domains/de/test/auto/ResetTransitionWithStartTime3.xml
auto.tcl: Setting watchdog for 200 seconds at Thu Aug 30 02:03:10 UTC 2018
9 ms. Memory: 288768K Free: 273360K (95%)
ptolemy.util.test.WatchDog.cancel(): canceling Thu Aug 30 02:03:10 UTC 2018
auto.tcl: Setting watchdog for 200 seconds at Thu Aug 30 02:03:10 UTC 2018
4 ms. Memory: 288768K Free: 270470K (94%)
ptolemy.util.test.WatchDog.cancel(): canceling Thu Aug 30 02:03:10 UTC 2018
------------------ testing $PTII/ptolemy/domains/de/test/auto/ResetTransitionWithStartTime4.xml
auto.tcl: Setting watchdog for 200 seconds at Thu Aug 30 02:03:10 UTC 2018
3 ms. Memory: 287232K Free: 271814K (95%)
ptolemy.util.test.WatchDog.cancel(): canceling Thu Aug 30 02:03:10 UTC 2018
auto.tcl: Setting watchdog for 200 seconds at Thu Aug 30 02:03:10 UTC 2018
4 ms. Memory: 287232K Free: 271814K (95%)
ptolemy.util.test.WatchDog.cancel(): canceling Thu Aug 30 02:03:10 UTC 2018
------------------ testing $PTII/ptolemy/domains/de/test/auto/ResettableTimer1.xml
auto.tcl: Setting watchdog for 200 seconds at Thu Aug 30 02:03:10 UTC 2018
2 ms. Memory: 288768K Free: 276211K (96%)
ptolemy.util.test.WatchDog.cancel(): canceling Thu Aug 30 02:03:10 UTC 2018
auto.tcl: Setting watchdog for 200 seconds at Thu Aug 30 02:03:10 UTC 2018
2 ms. Memory: 288768K Free: 276211K (96%)
ptolemy.util.test.WatchDog.cancel(): canceling Thu Aug 30 02:03:10 UTC 2018
------------------ testing $PTII/ptolemy/domains/de/test/auto/ResettableTimer2.xml
auto.tcl: Setting watchdog for 200 seconds at Thu Aug 30 02:03:10 UTC 2018
3 ms. Memory: 287232K Free: 274834K (96%)
ptolemy.util.test.WatchDog.cancel(): canceling Thu Aug 30 02:03:10 UTC 2018
auto.tcl: Setting watchdog for 200 seconds at Thu Aug 30 02:03:10 UTC 2018
3 ms. Memory: 287232K Free: 274834K (96%)
ptolemy.util.test.WatchDog.cancel(): canceling Thu Aug 30 02:03:10 UTC 2018
------------------ testing $PTII/ptolemy/domains/de/test/auto/ResettableTimer3.xml
auto.tcl: Setting watchdog for 200 seconds at Thu Aug 30 02:03:10 UTC 2018
1 ms. Memory: 288256K Free: 275757K (96%)
ptolemy.util.test.WatchDog.cancel(): canceling Thu Aug 30 02:03:11 UTC 2018
auto.tcl: Setting watchdog for 200 seconds at Thu Aug 30 02:03:11 UTC 2018
1 ms. Memory: 288256K Free: 275757K (96%)
ptolemy.util.test.WatchDog.cancel(): canceling Thu Aug 30 02:03:11 UTC 2018
------------------ testing $PTII/ptolemy/domains/de/test/auto/ResettableTimer4.xml
auto.tcl: Setting watchdog for 200 seconds at Thu Aug 30 02:03:11 UTC 2018
1 ms. Memory: 287232K Free: 274862K (96%)
ptolemy.util.test.WatchDog.cancel(): canceling Thu Aug 30 02:03:11 UTC 2018
auto.tcl: Setting watchdog for 200 seconds at Thu Aug 30 02:03:11 UTC 2018
1 ms. Memory: 287232K Free: 274862K (96%)
ptolemy.util.test.WatchDog.cancel(): canceling Thu Aug 30 02:03:11 UTC 2018
------------------ testing $PTII/ptolemy/domains/de/test/auto/ResettableTimer5.xml
auto.tcl: Setting watchdog for 200 seconds at Thu Aug 30 02:03:11 UTC 2018
1 ms. Memory: 288256K Free: 273819K (95%)
ptolemy.util.test.WatchDog.cancel(): canceling Thu Aug 30 02:03:11 UTC 2018
auto.tcl: Setting watchdog for 200 seconds at Thu Aug 30 02:03:11 UTC 2018
2 ms. Memory: 288256K Free: 273819K (95%)
ptolemy.util.test.WatchDog.cancel(): canceling Thu Aug 30 02:03:11 UTC 2018
------------------ testing $PTII/ptolemy/domains/de/test/auto/ResettableTimer6.xml
auto.tcl: Setting watchdog for 200 seconds at Thu Aug 30 02:03:11 UTC 2018
1 ms. Memory: 287232K Free: 272635K (95%)
ptolemy.util.test.WatchDog.cancel(): canceling Thu Aug 30 02:03:11 UTC 2018
auto.tcl: Setting watchdog for 200 seconds at Thu Aug 30 02:03:11 UTC 2018
1 ms. Memory: 287232K Free: 272635K (95%)
ptolemy.util.test.WatchDog.cancel(): canceling Thu Aug 30 02:03:11 UTC 2018
------------------ testing $PTII/ptolemy/domains/de/test/auto/ServerZeroDelay.xml
auto.tcl: Setting watchdog for 200 seconds at Thu Aug 30 02:03:11 UTC 2018
5 ms. Memory: 288256K Free: 275809K (96%)
ptolemy.util.test.WatchDog.cancel(): canceling Thu Aug 30 02:03:11 UTC 2018
auto.tcl: Setting watchdog for 200 seconds at Thu Aug 30 02:03:11 UTC 2018
2 ms. Memory: 288256K Free: 275809K (96%)
ptolemy.util.test.WatchDog.cancel(): canceling Thu Aug 30 02:03:11 UTC 2018
------------------ testing $PTII/ptolemy/domains/de/test/auto/SmartSender.xml
auto.tcl: Setting watchdog for 200 seconds at Thu Aug 30 02:03:11 UTC 2018
3001 ms. Memory: 287232K Free: 268621K (94%)
ptolemy.util.test.WatchDog.cancel(): canceling Thu Aug 30 02:03:14 UTC 2018
auto.tcl: Setting watchdog for 200 seconds at Thu Aug 30 02:03:14 UTC 2018
3001 ms. Memory: 287232K Free: 268621K (94%)
ptolemy.util.test.WatchDog.cancel(): canceling Thu Aug 30 02:03:17 UTC 2018
------------------ testing $PTII/ptolemy/domains/de/test/auto/ThreadedComposite.xml
auto.tcl: Setting watchdog for 200 seconds at Thu Aug 30 02:03:17 UTC 2018
198 ms. Memory: 288256K Free: 254729K (88%)
ptolemy.util.test.WatchDog.cancel(): canceling Thu Aug 30 02:03:17 UTC 2018
auto.tcl: Setting watchdog for 200 seconds at Thu Aug 30 02:03:17 UTC 2018
110 ms. Memory: 288256K Free: 238691K (83%)
ptolemy.util.test.WatchDog.cancel(): canceling Thu Aug 30 02:03:17 UTC 2018
------------------ testing $PTII/ptolemy/domains/de/test/auto/Time.xml
auto.tcl: Setting watchdog for 200 seconds at Thu Aug 30 02:03:17 UTC 2018
515 ms. Memory: 287232K Free: 218831K (76%)
ptolemy.util.test.WatchDog.cancel(): canceling Thu Aug 30 02:03:18 UTC 2018
auto.tcl: Setting watchdog for 200 seconds at Thu Aug 30 02:03:18 UTC 2018
517 ms. Memory: 287232K Free: 164234K (57%)
ptolemy.util.test.WatchDog.cancel(): canceling Thu Aug 30 02:03:18 UTC 2018
------------------ testing $PTII/ptolemy/domains/de/test/auto/TimeDelayZeroDelay.xml
auto.tcl: Setting watchdog for 200 seconds at Thu Aug 30 02:03:18 UTC 2018
2 ms. Memory: 287744K Free: 275765K (96%)
ptolemy.util.test.WatchDog.cancel(): canceling Thu Aug 30 02:03:18 UTC 2018
auto.tcl: Setting watchdog for 200 seconds at Thu Aug 30 02:03:18 UTC 2018
2 ms. Memory: 287744K Free: 275765K (96%)
ptolemy.util.test.WatchDog.cancel(): canceling Thu Aug 30 02:03:18 UTC 2018
------------------ testing $PTII/ptolemy/domains/de/test/auto/TimerZeroDelay.xml
auto.tcl: Setting watchdog for 200 seconds at Thu Aug 30 02:03:18 UTC 2018
4 ms. Memory: 287232K Free: 275362K (96%)
ptolemy.util.test.WatchDog.cancel(): canceling Thu Aug 30 02:03:18 UTC 2018
auto.tcl: Setting watchdog for 200 seconds at Thu Aug 30 02:03:18 UTC 2018
2 ms. Memory: 287232K Free: 275362K (96%)
ptolemy.util.test.WatchDog.cancel(): canceling Thu Aug 30 02:03:18 UTC 2018
------------------ testing $PTII/ptolemy/domains/de/test/auto/TimingParadox.xml
auto.tcl: Setting watchdog for 200 seconds at Thu Aug 30 02:03:18 UTC 2018
413 ms. Memory: 287744K Free: 207849K (72%)
ptolemy.util.test.WatchDog.cancel(): canceling Thu Aug 30 02:03:19 UTC 2018
auto.tcl: Setting watchdog for 200 seconds at Thu Aug 30 02:03:19 UTC 2018
389 ms. Memory: 287744K Free: 169312K (59%)
ptolemy.util.test.WatchDog.cancel(): canceling Thu Aug 30 02:03:19 UTC 2018
------------------ testing $PTII/ptolemy/domains/de/test/auto/TransferInputs.xml
auto.tcl: Setting watchdog for 200 seconds at Thu Aug 30 02:03:19 UTC 2018
2 ms. Memory: 287744K Free: 274745K (95%)
ptolemy.util.test.WatchDog.cancel(): canceling Thu Aug 30 02:03:19 UTC 2018
auto.tcl: Setting watchdog for 200 seconds at Thu Aug 30 02:03:19 UTC 2018
1 ms. Memory: 287744K Free: 274745K (95%)
ptolemy.util.test.WatchDog.cancel(): canceling Thu Aug 30 02:03:19 UTC 2018
------------------ testing $PTII/ptolemy/domains/de/test/auto/TransferOutputs2.xml
auto.tcl: Setting watchdog for 200 seconds at Thu Aug 30 02:03:19 UTC 2018
3 ms. Memory: 287232K Free: 272753K (95%)
ptolemy.util.test.WatchDog.cancel(): canceling Thu Aug 30 02:03:20 UTC 2018
auto.tcl: Setting watchdog for 200 seconds at Thu Aug 30 02:03:20 UTC 2018
3 ms. Memory: 287232K Free: 270155K (94%)
ptolemy.util.test.WatchDog.cancel(): canceling Thu Aug 30 02:03:20 UTC 2018
------------------ testing $PTII/ptolemy/domains/de/test/auto/Trilateration.xml
auto.tcl: Setting watchdog for 200 seconds at Thu Aug 30 02:03:20 UTC 2018
13394 ms. Memory: 473088K Free: 274018K (58%)
ptolemy.util.test.WatchDog.cancel(): canceling Thu Aug 30 02:03:34 UTC 2018
auto.tcl: Setting watchdog for 200 seconds at Thu Aug 30 02:03:34 UTC 2018
10835 ms. Memory: 352256K Free: 234492K (67%)
ptolemy.util.test.WatchDog.cancel(): canceling Thu Aug 30 02:03:45 UTC 2018
------------------ testing $PTII/ptolemy/domains/de/test/auto/TwoSigmaDelta.xml
auto.tcl: Setting watchdog for 200 seconds at Thu Aug 30 02:03:45 UTC 2018
2670 ms. Memory: 339968K Free: 312924K (92%)
ptolemy.util.test.WatchDog.cancel(): canceling Thu Aug 30 02:03:48 UTC 2018
auto.tcl: Setting watchdog for 200 seconds at Thu Aug 30 02:03:48 UTC 2018
2110 ms. Memory: 339968K Free: 84622K (25%)
ptolemy.util.test.WatchDog.cancel(): canceling Thu Aug 30 02:03:50 UTC 2018
------------------ testing $PTII/ptolemy/domains/de/test/auto/VariableDelay.xml
auto.tcl: Setting watchdog for 200 seconds at Thu Aug 30 02:03:50 UTC 2018
3 ms. Memory: 337408K Free: 313710K (93%)
ptolemy.util.test.WatchDog.cancel(): canceling Thu Aug 30 02:03:50 UTC 2018
auto.tcl: Setting watchdog for 200 seconds at Thu Aug 30 02:03:50 UTC 2018
2 ms. Memory: 337408K Free: 309785K (92%)
ptolemy.util.test.WatchDog.cancel(): canceling Thu Aug 30 02:03:50 UTC 2018
------------------ testing $PTII/ptolemy/domains/de/test/auto/VariableDelay2.xml
auto.tcl: Setting watchdog for 200 seconds at Thu Aug 30 02:03:50 UTC 2018
2 ms. Memory: 339456K Free: 315675K (93%)
ptolemy.util.test.WatchDog.cancel(): canceling Thu Aug 30 02:03:50 UTC 2018
auto.tcl: Setting watchdog for 200 seconds at Thu Aug 30 02:03:50 UTC 2018
1 ms. Memory: 339456K Free: 311766K (92%)
ptolemy.util.test.WatchDog.cancel(): canceling Thu Aug 30 02:03:50 UTC 2018
------------------ testing $PTII/ptolemy/domains/de/test/auto/VariableDelayZeroDelay.xml
auto.tcl: Setting watchdog for 200 seconds at Thu Aug 30 02:03:50 UTC 2018
2 ms. Memory: 337408K Free: 311066K (92%)
ptolemy.util.test.WatchDog.cancel(): canceling Thu Aug 30 02:03:50 UTC 2018
auto.tcl: Setting watchdog for 200 seconds at Thu Aug 30 02:03:50 UTC 2018
2 ms. Memory: 337408K Free: 311066K (92%)
ptolemy.util.test.WatchDog.cancel(): canceling Thu Aug 30 02:03:50 UTC 2018
------------------ testing $PTII/ptolemy/domains/de/test/auto/VariableDelayZeroDelay2.xml
auto.tcl: Setting watchdog for 200 seconds at Thu Aug 30 02:03:50 UTC 2018
3 ms. Memory: 339456K Free: 313112K (92%)
ptolemy.util.test.WatchDog.cancel(): canceling Thu Aug 30 02:03:50 UTC 2018
auto.tcl: Setting watchdog for 200 seconds at Thu Aug 30 02:03:50 UTC 2018
2 ms. Memory: 339456K Free: 309187K (91%)
ptolemy.util.test.WatchDog.cancel(): canceling Thu Aug 30 02:03:50 UTC 2018
------------------ testing $PTII/ptolemy/domains/de/test/auto/deInCt.xml
auto.tcl: Setting watchdog for 200 seconds at Thu Aug 30 02:03:50 UTC 2018
0
1
1
1
0
0
1
1
1
1
0
0
0
1
1
1
1
0
0
1
1
0
0
0
0
1
1
1
0
0
0
1
1
1
0
0
0
1
1
1
0
0
0
1
1
0
0
0
0
1
1
0
0
0
0
19 ms. Memory: 337408K Free: 307132K (91%)
ptolemy.util.test.WatchDog.cancel(): canceling Thu Aug 30 02:03:50 UTC 2018
auto.tcl: Setting watchdog for 200 seconds at Thu Aug 30 02:03:50 UTC 2018
0
1
1
1
0
0
0
1
1
1
0
0
0
0
1
1
0
0
0
0
1
1
1
0
0
0
0
1
1
1
1
1
0
0
1
1
1
1
6 ms. Memory: 337408K Free: 307132K (91%)
ptolemy.util.test.WatchDog.cancel(): canceling Thu Aug 30 02:03:50 UTC 2018
------------------ testing $PTII/ptolemy/domains/de/test/auto/deInCt2.xml
auto.tcl: Setting watchdog for 200 seconds at Thu Aug 30 02:03:51 UTC 2018
0
1
1
1
0
0
1
1
1
0
0
1
1
1
0
0
1
1
1
0
0
1
1
1
0
0
1
1
1
0
0
1
1
1
0
0
1
1
1
0
0
0
8 ms. Memory: 338944K Free: 308672K (91%)
ptolemy.util.test.WatchDog.cancel(): canceling Thu Aug 30 02:03:51 UTC 2018
auto.tcl: Setting watchdog for 200 seconds at Thu Aug 30 02:03:51 UTC 2018
0
1
1
1
0
0
1
1
1
0
0
1
1
1
0
0
1
1
1
0
0
1
1
1
0
0
1
1
1
0
0
1
1
1
0
0
1
1
1
0
0
0
5 ms. Memory: 338944K Free: 308672K (91%)
ptolemy.util.test.WatchDog.cancel(): canceling Thu Aug 30 02:03:51 UTC 2018
------------------ testing $PTII/ptolemy/domains/de/test/auto/dynamicCausalityInterface1.xml
auto.tcl: Setting watchdog for 200 seconds at Thu Aug 30 02:03:51 UTC 2018
1 ms. Memory: 337408K Free: 303239K (90%)
ptolemy.util.test.WatchDog.cancel(): canceling Thu Aug 30 02:03:51 UTC 2018
auto.tcl: Setting watchdog for 200 seconds at Thu Aug 30 02:03:51 UTC 2018
1 ms. Memory: 337408K Free: 303239K (90%)
ptolemy.util.test.WatchDog.cancel(): canceling Thu Aug 30 02:03:51 UTC 2018
------------------ testing $PTII/ptolemy/domains/de/test/auto/fsm_de_test.xml
auto.tcl: Setting watchdog for 200 seconds at Thu Aug 30 02:03:51 UTC 2018
15 ms. Memory: 338944K Free: 304654K (90%)
ptolemy.util.test.WatchDog.cancel(): canceling Thu Aug 30 02:03:51 UTC 2018
auto.tcl: Setting watchdog for 200 seconds at Thu Aug 30 02:03:51 UTC 2018
5 ms. Memory: 338944K Free: 304654K (90%)
ptolemy.util.test.WatchDog.cancel(): canceling Thu Aug 30 02:03:51 UTC 2018
------------------ testing $PTII/ptolemy/domains/de/test/auto/functionDependencyReconstruction.xml
auto.tcl: Setting watchdog for 200 seconds at Thu Aug 30 02:03:51 UTC 2018
2 ms. Memory: 337408K Free: 299184K (89%)
ptolemy.util.test.WatchDog.cancel(): canceling Thu Aug 30 02:03:51 UTC 2018
auto.tcl: Setting watchdog for 200 seconds at Thu Aug 30 02:03:51 UTC 2018
3 ms. Memory: 337408K Free: 295267K (88%)
ptolemy.util.test.WatchDog.cancel(): canceling Thu Aug 30 02:03:51 UTC 2018
------------------ testing $PTII/ptolemy/domains/de/test/auto/multirate.xml
auto.tcl: Setting watchdog for 200 seconds at Thu Aug 30 02:03:51 UTC 2018
6 ms. Memory: 338432K Free: 307926K (91%)
ptolemy.util.test.WatchDog.cancel(): canceling Thu Aug 30 02:03:51 UTC 2018
auto.tcl: Setting watchdog for 200 seconds at Thu Aug 30 02:03:51 UTC 2018
2 ms. Memory: 338432K Free: 307926K (91%)
ptolemy.util.test.WatchDog.cancel(): canceling Thu Aug 30 02:03:51 UTC 2018
------------------ testing $PTII/ptolemy/domains/de/test/auto/multirate2.xml
auto.tcl: Setting watchdog for 200 seconds at Thu Aug 30 02:03:51 UTC 2018
3 ms. Memory: 337408K Free: 307082K (91%)
ptolemy.util.test.WatchDog.cancel(): canceling Thu Aug 30 02:03:51 UTC 2018
auto.tcl: Setting watchdog for 200 seconds at Thu Aug 30 02:03:51 UTC 2018
3 ms. Memory: 337408K Free: 307082K (91%)
ptolemy.util.test.WatchDog.cancel(): canceling Thu Aug 30 02:03:51 UTC 2018
------------------ testing $PTII/ptolemy/domains/de/test/auto/realtime.xml
auto.tcl: Setting watchdog for 200 seconds at Thu Aug 30 02:03:51 UTC 2018
10001 ms. Memory: 338432K Free: 308100K (91%)
ptolemy.util.test.WatchDog.cancel(): canceling Thu Aug 30 02:04:01 UTC 2018
auto.tcl: Setting watchdog for 200 seconds at Thu Aug 30 02:04:01 UTC 2018
10001 ms. Memory: 338432K Free: 308100K (91%)
ptolemy.util.test.WatchDog.cancel(): canceling Thu Aug 30 02:04:11 UTC 2018
------------------ testing $PTII/ptolemy/domains/de/test/auto/relationGroup.xml
auto.tcl: Setting watchdog for 200 seconds at Thu Aug 30 02:04:11 UTC 2018
2 ms. Memory: 337408K Free: 311032K (92%)
ptolemy.util.test.WatchDog.cancel(): canceling Thu Aug 30 02:04:11 UTC 2018
auto.tcl: Setting watchdog for 200 seconds at Thu Aug 30 02:04:11 UTC 2018
1 ms. Memory: 337408K Free: 311032K (92%)
ptolemy.util.test.WatchDog.cancel(): canceling Thu Aug 30 02:04:11 UTC 2018
------------------ testing $PTII/ptolemy/domains/de/test/auto/relationGroup2.xml
auto.tcl: Setting watchdog for 200 seconds at Thu Aug 30 02:04:12 UTC 2018
1 ms. Memory: 338432K Free: 312083K (92%)
ptolemy.util.test.WatchDog.cancel(): canceling Thu Aug 30 02:04:12 UTC 2018
auto.tcl: Setting watchdog for 200 seconds at Thu Aug 30 02:04:12 UTC 2018
2 ms. Memory: 338432K Free: 312083K (92%)
ptolemy.util.test.WatchDog.cancel(): canceling Thu Aug 30 02:04:12 UTC 2018
------------------ testing $PTII/ptolemy/domains/de/test/auto/sortWithOpaquePorts.xml
auto.tcl: Setting watchdog for 200 seconds at Thu Aug 30 02:04:12 UTC 2018
1 ms. Memory: 337408K Free: 311060K (92%)
ptolemy.util.test.WatchDog.cancel(): canceling Thu Aug 30 02:04:12 UTC 2018
auto.tcl: Setting watchdog for 200 seconds at Thu Aug 30 02:04:12 UTC 2018
2 ms. Memory: 337408K Free: 307135K (91%)
ptolemy.util.test.WatchDog.cancel(): canceling Thu Aug 30 02:04:12 UTC 2018
------------------ testing $PTII/ptolemy/domains/de/test/auto/transferInputsandOutputs.xml
auto.tcl: Setting watchdog for 200 seconds at Thu Aug 30 02:04:12 UTC 2018
2 ms. Memory: 337920K Free: 307634K (91%)
ptolemy.util.test.WatchDog.cancel(): canceling Thu Aug 30 02:04:12 UTC 2018
auto.tcl: Setting watchdog for 200 seconds at Thu Aug 30 02:04:12 UTC 2018
4 ms. Memory: 337920K Free: 307634K (91%)
ptolemy.util.test.WatchDog.cancel(): canceling Thu Aug 30 02:04:12 UTC 2018
------------------ testing $PTII/ptolemy/domains/de/test/auto/triggerType.xml
auto.tcl: Setting watchdog for 200 seconds at Thu Aug 30 02:04:12 UTC 2018
2 ms. Memory: 337408K Free: 310997K (92%)
ptolemy.util.test.WatchDog.cancel(): canceling Thu Aug 30 02:04:12 UTC 2018
auto.tcl: Setting watchdog for 200 seconds at Thu Aug 30 02:04:12 UTC 2018
2 ms. Memory: 337408K Free: 307072K (91%)
ptolemy.util.test.WatchDog.cancel(): canceling Thu Aug 30 02:04:12 UTC 2018
08/30/18 02:04:12
Failed: 0  Total Tests: 192  ((Passed: 187, Newly Passed: 1)  Known Failed: 5) /home/travis/build/icyphy/ptII/ptolemy/domains/de/test
08/30/18 02:04:12
Failed: 0  Total Tests: 192  ((Passed: 187, Newly Passed: 1)  Known Failed: 5) /home/travis/build/icyphy/ptII/ptolemy/domains/de/test
----------------- testing (KnownFailure) /home/travis/build/icyphy/ptII/ptolemy/domains/de/test/auto/knownFailedTests/DESDFClockTest.xml
2009 ms. Memory: 337920K Free: 301303K (89%)
Known Failure: java.lang.reflect.InvocationTargetException
----------------- testing (KnownFailure) /home/travis/build/icyphy/ptII/ptolemy/domains/de/test/auto/knownFailedTests/DirectFeedback.xml
1 ms. Memory: 337920K Free: 280822K (83%)
Known Failure: java.lang.reflect.InvocationTargetException
----------------- testing (KnownFailure) /home/travis/build/icyphy/ptII/ptolemy/domains/de/test/auto/knownFailedTests/FSMSource.xml
13 ms. Memory: 337920K Free: 255206K (76%)
----------------- testing (KnownFailure) /home/travis/build/icyphy/ptII/ptolemy/domains/de/test/auto/knownFailedTests/HierarchicalModel.xml
3 ms. Memory: 337920K Free: 229574K (68%)
Known Failure: java.lang.reflect.InvocationTargetException
----------------- testing (KnownFailure) /home/travis/build/icyphy/ptII/ptolemy/domains/de/test/auto/knownFailedTests/dependencyLoop.xml
2 ms. Memory: 337920K Free: 198837K (59%)
Known Failure: java.lang.reflect.InvocationTargetException
----------------- testing (KnownFailure) /home/travis/build/icyphy/ptII/ptolemy/domains/de/test/auto/knownFailedTests/dependencyLoop2.xml
3 ms. Memory: 337920K Free: 168101K (50%)
Known Failure: java.lang.reflect.InvocationTargetException
No auto/linux-amd64/*.xml tests in /home/travis/build/icyphy/ptII/ptolemy/domains/de/test
AutoTests.java: About to close Vertx.
AutoTests.java: Vertx closed.

===========================================================================================
----------------- testing Thu Aug 30 02:04:14 UTC 2018 /home/travis/build/icyphy/ptII/ptolemy/domains/de/test/auto/ActorDepthCalculation_actorWithoutPorts.xml
----------------- Instantiating /home/travis/build/icyphy/ptII/ptolemy/domains/de/test/auto/ActorDepthCalculation_actorWithoutPorts.xml
1 ms. Memory: 337920K Free: 142501K (42%)
----------------- Invoking toplevel() on ptolemy.moml.MoMLSimpleApplication@b8c70b0
----------------- Done invoking toplevel() on ptolemy.moml.MoMLSimpleApplication@b8c70b0
reloadAllAccessors: .ActorDepthCalculation_actorWithoutPorts

===========================================================================================
----------------- testing Thu Aug 30 02:04:14 UTC 2018 /home/travis/build/icyphy/ptII/ptolemy/domains/de/test/auto/AssemblyLine.xml
----------------- Instantiating /home/travis/build/icyphy/ptII/ptolemy/domains/de/test/auto/AssemblyLine.xml
2 ms. Memory: 337920K Free: 127141K (38%)
----------------- Invoking toplevel() on ptolemy.moml.MoMLSimpleApplication@313e91f6
----------------- Done invoking toplevel() on ptolemy.moml.MoMLSimpleApplication@313e91f6
reloadAllAccessors: .AssemblyLine

===========================================================================================
----------------- testing Thu Aug 30 02:04:14 UTC 2018 /home/travis/build/icyphy/ptII/ptolemy/domains/de/test/auto/CQBug1.xml
----------------- Instantiating /home/travis/build/icyphy/ptII/ptolemy/domains/de/test/auto/CQBug1.xml
0 ms. Memory: 337920K Free: 116901K (35%)
----------------- Invoking toplevel() on ptolemy.moml.MoMLSimpleApplication@31b077d2
----------------- Done invoking toplevel() on ptolemy.moml.MoMLSimpleApplication@31b077d2
reloadAllAccessors: .CQBug1

===========================================================================================
----------------- testing Thu Aug 30 02:04:14 UTC 2018 /home/travis/build/icyphy/ptII/ptolemy/domains/de/test/auto/CancelFireAt.xml
----------------- Instantiating /home/travis/build/icyphy/ptII/ptolemy/domains/de/test/auto/CancelFireAt.xml
2 ms. Memory: 337920K Free: 106661K (32%)
----------------- Invoking toplevel() on ptolemy.moml.MoMLSimpleApplication@1db57dfc
----------------- Done invoking toplevel() on ptolemy.moml.MoMLSimpleApplication@1db57dfc
reloadAllAccessors: .CancelFireAt

===========================================================================================
----------------- testing Thu Aug 30 02:04:14 UTC 2018 /home/travis/build/icyphy/ptII/ptolemy/domains/de/test/auto/CausalityAndComposabilityAnalysis.xml
----------------- Instantiating /home/travis/build/icyphy/ptII/ptolemy/domains/de/test/auto/CausalityAndComposabilityAnalysis.xml
2 ms. Memory: 337920K Free: 96420K (29%)
----------------- Invoking toplevel() on ptolemy.moml.MoMLSimpleApplication@507f00e1
----------------- Done invoking toplevel() on ptolemy.moml.MoMLSimpleApplication@507f00e1
reloadAllAccessors: .CausalityAndComposabilityAnalysis

===========================================================================================
----------------- testing Thu Aug 30 02:04:14 UTC 2018 /home/travis/build/icyphy/ptII/ptolemy/domains/de/test/auto/CausalityInterface1.xml
----------------- Instantiating /home/travis/build/icyphy/ptII/ptolemy/domains/de/test/auto/CausalityInterface1.xml
4 ms. Memory: 337920K Free: 86180K (26%)
----------------- Invoking toplevel() on ptolemy.moml.MoMLSimpleApplication@749f1ee6
----------------- Done invoking toplevel() on ptolemy.moml.MoMLSimpleApplication@749f1ee6
reloadAllAccessors: .CausalityInterface1

===========================================================================================
----------------- testing Thu Aug 30 02:04:14 UTC 2018 /home/travis/build/icyphy/ptII/ptolemy/domains/de/test/auto/CausalityInterface15.xml
----------------- Instantiating /home/travis/build/icyphy/ptII/ptolemy/domains/de/test/auto/CausalityInterface15.xml
2 ms. Memory: 337920K Free: 72031K (21%)
----------------- Invoking toplevel() on ptolemy.moml.MoMLSimpleApplication@3947668f
----------------- Done invoking toplevel() on ptolemy.moml.MoMLSimpleApplication@3947668f
reloadAllAccessors: .CausalityInterface15

[...]
java.lang.RuntimeException: Execution failed
	at ptolemy.moml.MoMLSimpleApplication$UnloadThread.run(MoMLSimpleApplication.java:402)
Caused by: ptolemy.kernel.util.IllegalActionException: Test fails in iteration 1.
Value was: 1.0. Should have been: 2.0
  in .DirectFeedback.Test
	at ptolemy.actor.lib.Test.fire(Test.java:268)
	at ptolemy.domains.de.kernel.DEDirector._fire(DEDirector.java:1949)
	at ptolemy.domains.de.kernel.DEDirector.fire(DEDirector.java:502)
	at ptolemy.actor.CompositeActor.fire(CompositeActor.java:455)
	at ptolemy.actor.Manager.iterate(Manager.java:851)
	at ptolemy.actor.Manager.execute(Manager.java:369)
	at ptolemy.actor.Manager.run(Manager.java:1263)
	at ptolemy.actor.Manager$PtolemyRunThread.run(Manager.java:1915)
java.lang.RuntimeException: Execution failed
	at ptolemy.moml.MoMLSimpleApplication$UnloadThread.run(MoMLSimpleApplication.java:402)
Caused by: ptolemy.kernel.util.IllegalActionException: Actor is not ready to fire.  Perhaps UpSample.prefire() returned false? Try debugging the actor by selecting "Listen to Actor".  Also, for SDF check moml for tokenConsumptionRate on input.
  in .DESDFClockTest.Play Bell.Copy1:SDF Director and .DESDFClockTest.Play Bell.UpSample
	at ptolemy.actor.sched.StaticSchedulingDirector.fire(StaticSchedulingDirector.java:227)
	at ptolemy.domains.sdf.kernel.SDFDirector.fire(SDFDirector.java:500)
	at ptolemy.actor.CompositeActor.fire(CompositeActor.java:455)
	at ptolemy.domains.de.kernel.DEDirector._fire(DEDirector.java:1949)
	at ptolemy.domains.de.kernel.DEDirector.fire(DEDirector.java:502)
	at ptolemy.actor.CompositeActor.fire(CompositeActor.java:455)
	at ptolemy.actor.Manager.iterate(Manager.java:851)
	at ptolemy.actor.Manager.execute(Manager.java:369)
	at ptolemy.actor.Manager.run(Manager.java:1263)
	at ptolemy.actor.Manager$PtolemyRunThread.run(Manager.java:1915)
java.lang.reflect.InvocationTargetException
	at sun.reflect.NativeConstructorAccessorImpl.newInstance0(Native Method)
	at sun.reflect.NativeConstructorAccessorImpl.newInstance(NativeConstructorAccessorImpl.java:62)
	at sun.reflect.DelegatingConstructorAccessorImpl.newInstance(DelegatingConstructorAccessorImpl.java:45)
	at java.lang.reflect.Constructor.newInstance(Constructor.java:423)
	at ptolemy.util.test.junit.AutoKnownFailedTests.RunModel(AutoKnownFailedTests.java:107)
	at sun.reflect.NativeMethodAccessorImpl.invoke0(Native Method)
	at sun.reflect.NativeMethodAccessorImpl.invoke(NativeMethodAccessorImpl.java:62)
	at sun.reflect.DelegatingMethodAccessorImpl.invoke(DelegatingMethodAccessorImpl.java:43)
	at java.lang.reflect.Method.invoke(Method.java:498)
	at org.junit.runners.model.FrameworkMethod$1.runReflectiveCall(FrameworkMethod.java:44)
	at org.junit.internal.runners.model.ReflectiveCallable.run(ReflectiveCallable.java:15)
	at org.junit.runners.model.FrameworkMethod.invokeExplosively(FrameworkMethod.java:41)
	at junitparams.internal.InvokeParameterisedMethod.evaluate(InvokeParameterisedMethod.java:102)
	at org.junit.internal.runners.statements.FailOnTimeout$1.run(FailOnTimeout.java:28)
Caused by: ptolemy.kernel.util.IllegalActionException: Actor is not ready to fire.  Perhaps UpSample.prefire() returned false? Try debugging the actor by selecting "Listen to Actor".  Also, for SDF check moml for tokenConsumptionRate on input.
  in .DESDFClockTest.Play Bell.Copy1:SDF Director and .DESDFClockTest.Play Bell.UpSample
	at ptolemy.actor.sched.StaticSchedulingDirector.fire(StaticSchedulingDirector.java:227)
	at ptolemy.domains.sdf.kernel.SDFDirector.fire(SDFDirector.java:500)
	at ptolemy.actor.CompositeActor.fire(CompositeActor.java:455)
	at ptolemy.domains.de.kernel.DEDirector._fire(DEDirector.java:1949)
	at ptolemy.domains.de.kernel.DEDirector.fire(DEDirector.java:502)
	at ptolemy.actor.CompositeActor.fire(CompositeActor.java:455)
	at ptolemy.actor.Manager.iterate(Manager.java:851)
	at ptolemy.actor.Manager.execute(Manager.java:369)
	at ptolemy.actor.Manager.run(Manager.java:1263)
	at ptolemy.actor.Manager$PtolemyRunThread.run(Manager.java:1915)
java.lang.RuntimeException: Execution failed
	at ptolemy.moml.MoMLSimpleApplication$UnloadThread.run(MoMLSimpleApplication.java:402)
Caused by: ptolemy.kernel.util.IllegalActionException: Test fails in iteration 1.
Value was: 1.0. Should have been: 2.0
  in .DirectFeedback.Test
	at ptolemy.actor.lib.Test.fire(Test.java:268)
	at ptolemy.domains.de.kernel.DEDirector._fire(DEDirector.java:1949)
	at ptolemy.domains.de.kernel.DEDirector.fire(DEDirector.java:502)
	at ptolemy.actor.CompositeActor.fire(CompositeActor.java:455)
	at ptolemy.actor.Manager.iterate(Manager.java:851)
	at ptolemy.actor.Manager.execute(Manager.java:369)
	at ptolemy.actor.Manager.run(Manager.java:1263)
	at ptolemy.actor.Manager$PtolemyRunThread.run(Manager.java:1915)
java.lang.reflect.InvocationTargetException
	at sun.reflect.NativeConstructorAccessorImpl.newInstance0(Native Method)
	at sun.reflect.NativeConstructorAccessorImpl.newInstance(NativeConstructorAccessorImpl.java:62)
	at sun.reflect.DelegatingConstructorAccessorImpl.newInstance(DelegatingConstructorAccessorImpl.java:45)
	at java.lang.reflect.Constructor.newInstance(Constructor.java:423)
	at ptolemy.util.test.junit.AutoKnownFailedTests.RunModel(AutoKnownFailedTests.java:107)
	at sun.reflect.NativeMethodAccessorImpl.invoke0(Native Method)
	at sun.reflect.NativeMethodAccessorImpl.invoke(NativeMethodAccessorImpl.java:62)
	at sun.reflect.DelegatingMethodAccessorImpl.invoke(DelegatingMethodAccessorImpl.java:43)
	at java.lang.reflect.Method.invoke(Method.java:498)
	at org.junit.runners.model.FrameworkMethod$1.runReflectiveCall(FrameworkMethod.java:44)
	at org.junit.internal.runners.model.ReflectiveCallable.run(ReflectiveCallable.java:15)
	at org.junit.runners.model.FrameworkMethod.invokeExplosively(FrameworkMethod.java:41)
	at junitparams.internal.InvokeParameterisedMethod.evaluate(InvokeParameterisedMethod.java:102)
	at org.junit.internal.runners.statements.FailOnTimeout$1.run(FailOnTimeout.java:28)
Caused by: ptolemy.kernel.util.IllegalActionException: Test fails in iteration 1.
Value was: 1.0. Should have been: 2.0
  in .DirectFeedback.Test
	at ptolemy.actor.lib.Test.fire(Test.java:268)
	at ptolemy.domains.de.kernel.DEDirector._fire(DEDirector.java:1949)
	at ptolemy.domains.de.kernel.DEDirector.fire(DEDirector.java:502)
	at ptolemy.actor.CompositeActor.fire(CompositeActor.java:455)
	at ptolemy.actor.Manager.iterate(Manager.java:851)
	at ptolemy.actor.Manager.execute(Manager.java:369)
	at ptolemy.actor.Manager.run(Manager.java:1263)
	at ptolemy.actor.Manager$PtolemyRunThread.run(Manager.java:1915)
java.lang.RuntimeException: Execution failed
	at ptolemy.moml.MoMLSimpleApplication$UnloadThread.run(MoMLSimpleApplication.java:402)
Caused by: ptolemy.kernel.util.IllegalActionException: Found a zero delay loop containing .HierarchicalModel.A
  in .HierarchicalModel and .HierarchicalModel.A
	at ptolemy.actor.util.CausalityInterfaceForComposites._computeOutputPortDepth(CausalityInterfaceForComposites.java:759)
	at ptolemy.actor.util.CausalityInterfaceForComposites._computeInputDepth(CausalityInterfaceForComposites.java:696)
	at ptolemy.actor.util.CausalityInterfaceForComposites._computeOutputPortDepth(CausalityInterfaceForComposites.java:765)
	at ptolemy.actor.util.CausalityInterfaceForComposites._computeInputDepth(CausalityInterfaceForComposites.java:696)
	at ptolemy.actor.util.CausalityInterfaceForComposites._computeOutputPortDepth(CausalityInterfaceForComposites.java:765)
	at ptolemy.actor.util.CausalityInterfaceForComposites._computeInputDepth(CausalityInterfaceForComposites.java:696)
	at ptolemy.actor.util.CausalityInterfaceForComposites._computeActorDepth(CausalityInterfaceForComposites.java:532)
	at ptolemy.actor.util.CausalityInterfaceForComposites.checkForCycles(CausalityInterfaceForComposites.java:96)
	at ptolemy.domains.de.kernel.DEDirector.preinitialize(DEDirector.java:1338)
	at ptolemy.actor.CompositeActor.preinitialize(CompositeActor.java:1828)
	at ptolemy.actor.Manager.preinitializeAndResolveTypes(Manager.java:1040)
	at ptolemy.actor.Manager.initialize(Manager.java:710)
	at ptolemy.actor.Manager.execute(Manager.java:356)
	at ptolemy.actor.Manager.run(Manager.java:1263)
	at ptolemy.actor.Manager$PtolemyRunThread.run(Manager.java:1915)
java.lang.reflect.InvocationTargetException
	at sun.reflect.NativeConstructorAccessorImpl.newInstance0(Native Method)
	at sun.reflect.NativeConstructorAccessorImpl.newInstance(NativeConstructorAccessorImpl.java:62)
	at sun.reflect.DelegatingConstructorAccessorImpl.newInstance(DelegatingConstructorAccessorImpl.java:45)
	at java.lang.reflect.Constructor.newInstance(Constructor.java:423)
	at ptolemy.util.test.junit.AutoKnownFailedTests.RunModel(AutoKnownFailedTests.java:107)
	at sun.reflect.NativeMethodAccessorImpl.invoke0(Native Method)
	at sun.reflect.NativeMethodAccessorImpl.invoke(NativeMethodAccessorImpl.java:62)
	at sun.reflect.DelegatingMethodAccessorImpl.invoke(DelegatingMethodAccessorImpl.java:43)
	at java.lang.reflect.Method.invoke(Method.java:498)
	at org.junit.runners.model.FrameworkMethod$1.runReflectiveCall(FrameworkMethod.java:44)
	at org.junit.internal.runners.model.ReflectiveCallable.run(ReflectiveCallable.java:15)
	at org.junit.runners.model.FrameworkMethod.invokeExplosively(FrameworkMethod.java:41)
	at junitparams.internal.InvokeParameterisedMethod.evaluate(InvokeParameterisedMethod.java:102)
	at org.junit.internal.runners.statements.FailOnTimeout$1.run(FailOnTimeout.java:28)
Caused by: ptolemy.kernel.util.IllegalActionException: Found a zero delay loop containing .HierarchicalModel.A
  in .HierarchicalModel and .HierarchicalModel.A
	at ptolemy.actor.util.CausalityInterfaceForComposites._computeOutputPortDepth(CausalityInterfaceForComposites.java:759)
	at ptolemy.actor.util.CausalityInterfaceForComposites._computeInputDepth(CausalityInterfaceForComposites.java:696)
	at ptolemy.actor.util.CausalityInterfaceForComposites._computeOutputPortDepth(CausalityInterfaceForComposites.java:765)
	at ptolemy.actor.util.CausalityInterfaceForComposites._computeInputDepth(CausalityInterfaceForComposites.java:696)
	at ptolemy.actor.util.CausalityInterfaceForComposites._computeOutputPortDepth(CausalityInterfaceForComposites.java:765)
	at ptolemy.actor.util.CausalityInterfaceForComposites._computeInputDepth(CausalityInterfaceForComposites.java:696)
	at ptolemy.actor.util.CausalityInterfaceForComposites._computeActorDepth(CausalityInterfaceForComposites.java:532)
	at ptolemy.actor.util.CausalityInterfaceForComposites.checkForCycles(CausalityInterfaceForComposites.java:96)
	at ptolemy.domains.de.kernel.DEDirector.preinitialize(DEDirector.java:1338)
	at ptolemy.actor.CompositeActor.preinitialize(CompositeActor.java:1828)
	at ptolemy.actor.Manager.preinitializeAndResolveTypes(Manager.java:1040)
	at ptolemy.actor.Manager.initialize(Manager.java:710)
	at ptolemy.actor.Manager.execute(Manager.java:356)
	at ptolemy.actor.Manager.run(Manager.java:1263)
	at ptolemy.actor.Manager$PtolemyRunThread.run(Manager.java:1915)
java.lang.RuntimeException: Execution failed
	at ptolemy.moml.MoMLSimpleApplication$UnloadThread.run(MoMLSimpleApplication.java:402)
Caused by: ptolemy.kernel.util.IllegalActionException: Found a zero delay loop containing .dependencyLoop.original
  in .dependencyLoop and .dependencyLoop.original
	at ptolemy.actor.util.CausalityInterfaceForComposites._computeOutputPortDepth(CausalityInterfaceForComposites.java:759)
	at ptolemy.actor.util.CausalityInterfaceForComposites._computeInputDepth(CausalityInterfaceForComposites.java:696)
	at ptolemy.actor.util.CausalityInterfaceForComposites._computeOutputPortDepth(CausalityInterfaceForComposites.java:765)
	at ptolemy.actor.util.CausalityInterfaceForComposites._computeInputDepth(CausalityInterfaceForComposites.java:696)
	at ptolemy.actor.util.CausalityInterfaceForComposites._computeOutputPortDepth(CausalityInterfaceForComposites.java:765)
	at ptolemy.actor.util.CausalityInterfaceForComposites._computeInputDepth(CausalityInterfaceForComposites.java:696)
	at ptolemy.actor.util.CausalityInterfaceForComposites._computeActorDepth(CausalityInterfaceForComposites.java:532)
	at ptolemy.actor.util.CausalityInterfaceForComposites.checkForCycles(CausalityInterfaceForComposites.java:96)
	at ptolemy.domains.de.kernel.DEDirector.preinitialize(DEDirector.java:1338)
	at ptolemy.actor.CompositeActor.preinitialize(CompositeActor.java:1828)
	at ptolemy.actor.Manager.preinitializeAndResolveTypes(Manager.java:1040)
	at ptolemy.actor.Manager.initialize(Manager.java:710)
	at ptolemy.actor.Manager.execute(Manager.java:356)
	at ptolemy.actor.Manager.run(Manager.java:1263)
	at ptolemy.actor.Manager$PtolemyRunThread.run(Manager.java:1915)
java.lang.reflect.InvocationTargetException
	at sun.reflect.NativeConstructorAccessorImpl.newInstance0(Native Method)
	at sun.reflect.NativeConstructorAccessorImpl.newInstance(NativeConstructorAccessorImpl.java:62)
	at sun.reflect.DelegatingConstructorAccessorImpl.newInstance(DelegatingConstructorAccessorImpl.java:45)
	at java.lang.reflect.Constructor.newInstance(Constructor.java:423)
	at ptolemy.util.test.junit.AutoKnownFailedTests.RunModel(AutoKnownFailedTests.java:107)
	at sun.reflect.NativeMethodAccessorImpl.invoke0(Native Method)
	at sun.reflect.NativeMethodAccessorImpl.invoke(NativeMethodAccessorImpl.java:62)
	at sun.reflect.DelegatingMethodAccessorImpl.invoke(DelegatingMethodAccessorImpl.java:43)
	at java.lang.reflect.Method.invoke(Method.java:498)
	at org.junit.runners.model.FrameworkMethod$1.runReflectiveCall(FrameworkMethod.java:44)
	at org.junit.internal.runners.model.ReflectiveCallable.run(ReflectiveCallable.java:15)
	at org.junit.runners.model.FrameworkMethod.invokeExplosively(FrameworkMethod.java:41)
	at junitparams.internal.InvokeParameterisedMethod.evaluate(InvokeParameterisedMethod.java:102)
	at org.junit.internal.runners.statements.FailOnTimeout$1.run(FailOnTimeout.java:28)
Caused by: ptolemy.kernel.util.IllegalActionException: Found a zero delay loop containing .dependencyLoop.original
  in .dependencyLoop and .dependencyLoop.original
	at ptolemy.actor.util.CausalityInterfaceForComposites._computeOutputPortDepth(CausalityInterfaceForComposites.java:759)
	at ptolemy.actor.util.CausalityInterfaceForComposites._computeInputDepth(CausalityInterfaceForComposites.java:696)
	at ptolemy.actor.util.CausalityInterfaceForComposites._computeOutputPortDepth(CausalityInterfaceForComposites.java:765)
	at ptolemy.actor.util.CausalityInterfaceForComposites._computeInputDepth(CausalityInterfaceForComposites.java:696)
	at ptolemy.actor.util.CausalityInterfaceForComposites._computeOutputPortDepth(CausalityInterfaceForComposites.java:765)
	at ptolemy.actor.util.CausalityInterfaceForComposites._computeInputDepth(CausalityInterfaceForComposites.java:696)
	at ptolemy.actor.util.CausalityInterfaceForComposites._computeActorDepth(CausalityInterfaceForComposites.java:532)
	at ptolemy.actor.util.CausalityInterfaceForComposites.checkForCycles(CausalityInterfaceForComposites.java:96)
	at ptolemy.domains.de.kernel.DEDirector.preinitialize(DEDirector.java:1338)
	at ptolemy.actor.CompositeActor.preinitialize(CompositeActor.java:1828)
	at ptolemy.actor.Manager.preinitializeAndResolveTypes(Manager.java:1040)
	at ptolemy.actor.Manager.initialize(Manager.java:710)
	at ptolemy.actor.Manager.execute(Manager.java:356)
	at ptolemy.actor.Manager.run(Manager.java:1263)
	at ptolemy.actor.Manager$PtolemyRunThread.run(Manager.java:1915)
java.lang.RuntimeException: Execution failed
	at ptolemy.moml.MoMLSimpleApplication$UnloadThread.run(MoMLSimpleApplication.java:402)
Caused by: ptolemy.kernel.util.IllegalActionException: Found a zero delay loop containing .dependencyLoop2.original
  in .dependencyLoop2 and .dependencyLoop2.original
	at ptolemy.actor.util.CausalityInterfaceForComposites._computeOutputPortDepth(CausalityInterfaceForComposites.java:759)
	at ptolemy.actor.util.CausalityInterfaceForComposites._computeInputDepth(CausalityInterfaceForComposites.java:696)
	at ptolemy.actor.util.CausalityInterfaceForComposites._computeOutputPortDepth(CausalityInterfaceForComposites.java:765)
	at ptolemy.actor.util.CausalityInterfaceForComposites._computeInputDepth(CausalityInterfaceForComposites.java:696)
	at ptolemy.actor.util.CausalityInterfaceForComposites._computeOutputPortDepth(CausalityInterfaceForComposites.java:765)
	at ptolemy.actor.util.CausalityInterfaceForComposites._computeInputDepth(CausalityInterfaceForComposites.java:696)
	at ptolemy.actor.util.CausalityInterfaceForComposites._computeActorDepth(CausalityInterfaceForComposites.java:532)
	at ptolemy.actor.util.CausalityInterfaceForComposites.checkForCycles(CausalityInterfaceForComposites.java:96)
	at ptolemy.domains.de.kernel.DEDirector.preinitialize(DEDirector.java:1338)
	at ptolemy.actor.CompositeActor.preinitialize(CompositeActor.java:1828)
	at ptolemy.actor.Manager.preinitializeAndResolveTypes(Manager.java:1040)
	at ptolemy.actor.Manager.initialize(Manager.java:710)
	at ptolemy.actor.Manager.execute(Manager.java:356)
	at ptolemy.actor.Manager.run(Manager.java:1263)
	at ptolemy.actor.Manager$PtolemyRunThread.run(Manager.java:1915)
java.lang.reflect.InvocationTargetException
	at sun.reflect.NativeConstructorAccessorImpl.newInstance0(Native Method)
	at sun.reflect.NativeConstructorAccessorImpl.newInstance(NativeConstructorAccessorImpl.java:62)
	at sun.reflect.DelegatingConstructorAccessorImpl.newInstance(DelegatingConstructorAccessorImpl.java:45)
	at java.lang.reflect.Constructor.newInstance(Constructor.java:423)
	at ptolemy.util.test.junit.AutoKnownFailedTests.RunModel(AutoKnownFailedTests.java:107)
	at sun.reflect.NativeMethodAccessorImpl.invoke0(Native Method)
	at sun.reflect.NativeMethodAccessorImpl.invoke(NativeMethodAccessorImpl.java:62)
	at sun.reflect.DelegatingMethodAccessorImpl.invoke(DelegatingMethodAccessorImpl.java:43)
	at java.lang.reflect.Method.invoke(Method.java:498)
	at org.junit.runners.model.FrameworkMethod$1.runReflectiveCall(FrameworkMethod.java:44)
	at org.junit.internal.runners.model.ReflectiveCallable.run(ReflectiveCallable.java:15)
	at org.junit.runners.model.FrameworkMethod.invokeExplosively(FrameworkMethod.java:41)
	at junitparams.internal.InvokeParameterisedMethod.evaluate(InvokeParameterisedMethod.java:102)
	at org.junit.internal.runners.statements.FailOnTimeout$1.run(FailOnTimeout.java:28)
Caused by: ptolemy.kernel.util.IllegalActionException: Found a zero delay loop containing .dependencyLoop2.original
  in .dependencyLoop2 and .dependencyLoop2.original
	at ptolemy.actor.util.CausalityInterfaceForComposites._computeOutputPortDepth(CausalityInterfaceForComposites.java:759)
	at ptolemy.actor.util.CausalityInterfaceForComposites._computeInputDepth(CausalityInterfaceForComposites.java:696)
	at ptolemy.actor.util.CausalityInterfaceForComposites._computeOutputPortDepth(CausalityInterfaceForComposites.java:765)
	at ptolemy.actor.util.CausalityInterfaceForComposites._computeInputDepth(CausalityInterfaceForComposites.java:696)
	at ptolemy.actor.util.CausalityInterfaceForComposites._computeOutputPortDepth(CausalityInterfaceForComposites.java:765)
	at ptolemy.actor.util.CausalityInterfaceForComposites._computeInputDepth(CausalityInterfaceForComposites.java:696)
	at ptolemy.actor.util.CausalityInterfaceForComposites._computeActorDepth(CausalityInterfaceForComposites.java:532)
	at ptolemy.actor.util.CausalityInterfaceForComposites.checkForCycles(CausalityInterfaceForComposites.java:96)
	at ptolemy.domains.de.kernel.DEDirector.preinitialize(DEDirector.java:1338)
	at ptolemy.actor.CompositeActor.preinitialize(CompositeActor.java:1828)
	at ptolemy.actor.Manager.preinitializeAndResolveTypes(Manager.java:1040)
	at ptolemy.actor.Manager.initialize(Manager.java:710)
	at ptolemy.actor.Manager.execute(Manager.java:356)
	at ptolemy.actor.Manager.run(Manager.java:1263)
	at ptolemy.actor.Manager$PtolemyRunThread.run(Manager.java:1915)
]]></system-err>
</testsuite>
