<?xml version="1.0" encoding="UTF-8" ?>
<testsuite errors="0" failures="0" hostname="travis-job-3761a9a7-b751-4333-a263-0ec2e5d5e64a" name="ptolemy.actor.lib.hoc.test.junit.JUnitTclTest" skipped="0" tests="58" time="36.866" timestamp="2019-10-06T05:56:55">
  <properties>
[...]
</properties>
  <testcase classname="ptolemy.util.test.junit.TclTests" name="[0] /home/travis/build/icyphy/ptII/ptolemy/actor/lib/hoc/test/IterateOverArray.tcl (RunTclFile)" time="0.337" />
  <testcase classname="ptolemy.util.test.junit.AutoKnownFailedTests" name="[0] /home/travis/build/icyphy/ptII/ptolemy/actor/lib/hoc/test/auto/knownFailedTests/PreinitializeMustBeInvokedRunComposite.xml (RunModel)" time="0.509" />
  <testcase classname="ptolemy.util.test.junit.AutoNameArchTests" name="[0] ThereAreNoAutoArchTests (RunModel)" time="0.002" />
  <testcase classname="ptolemy.util.test.junit.AutoTests" name="[0] /home/travis/build/icyphy/ptII/ptolemy/actor/lib/hoc/test/auto/AllToAllMultiInstanceComposite.xml (RunModel)" time="0.483" />
  <testcase classname="ptolemy.util.test.junit.AutoTests" name="[1] /home/travis/build/icyphy/ptII/ptolemy/actor/lib/hoc/test/auto/ApplyFFTTest.xml (RunModel)" time="0.437" />
  <testcase classname="ptolemy.util.test.junit.AutoTests" name="[2] /home/travis/build/icyphy/ptII/ptolemy/actor/lib/hoc/test/auto/ApplyFunction.xml (RunModel)" time="0.07" />
  <testcase classname="ptolemy.util.test.junit.AutoTests" name="[3] /home/travis/build/icyphy/ptII/ptolemy/actor/lib/hoc/test/auto/BackgroundExecution.xml (RunModel)" time="0.767" />
  <testcase classname="ptolemy.util.test.junit.AutoTests" name="[4] /home/travis/build/icyphy/ptII/ptolemy/actor/lib/hoc/test/auto/Case.xml (RunModel)" time="0.086" />
  <testcase classname="ptolemy.util.test.junit.AutoTests" name="[5] /home/travis/build/icyphy/ptII/ptolemy/actor/lib/hoc/test/auto/Case1.xml (RunModel)" time="0.098" />
  <testcase classname="ptolemy.util.test.junit.AutoTests" name="[6] /home/travis/build/icyphy/ptII/ptolemy/actor/lib/hoc/test/auto/Case2.xml (RunModel)" time="0.158" />
  <testcase classname="ptolemy.util.test.junit.AutoTests" name="[7] /home/travis/build/icyphy/ptII/ptolemy/actor/lib/hoc/test/auto/Case3.xml (RunModel)" time="0.074" />
  <testcase classname="ptolemy.util.test.junit.AutoTests" name="[8] /home/travis/build/icyphy/ptII/ptolemy/actor/lib/hoc/test/auto/Case4.xml (RunModel)" time="0.08" />
  <testcase classname="ptolemy.util.test.junit.AutoTests" name="[9] /home/travis/build/icyphy/ptII/ptolemy/actor/lib/hoc/test/auto/Case5.xml (RunModel)" time="0.105" />
  <testcase classname="ptolemy.util.test.junit.AutoTests" name="[10] /home/travis/build/icyphy/ptII/ptolemy/actor/lib/hoc/test/auto/Case6.xml (RunModel)" time="0.155" />
  <testcase classname="ptolemy.util.test.junit.AutoTests" name="[11] /home/travis/build/icyphy/ptII/ptolemy/actor/lib/hoc/test/auto/CaseString2.xml (RunModel)" time="0.045" />
  <testcase classname="ptolemy.util.test.junit.AutoTests" name="[12] /home/travis/build/icyphy/ptII/ptolemy/actor/lib/hoc/test/auto/CatchUpComposite1.xml (RunModel)" time="0.108" />
  <testcase classname="ptolemy.util.test.junit.AutoTests" name="[13] /home/travis/build/icyphy/ptII/ptolemy/actor/lib/hoc/test/auto/CatchUpComposite2.xml (RunModel)" time="0.056" />
  <testcase classname="ptolemy.util.test.junit.AutoTests" name="[14] /home/travis/build/icyphy/ptII/ptolemy/actor/lib/hoc/test/auto/CatchUpComposite3.xml (RunModel)" time="0.096" />
  <testcase classname="ptolemy.util.test.junit.AutoTests" name="[15] /home/travis/build/icyphy/ptII/ptolemy/actor/lib/hoc/test/auto/CatchUpComposite4.xml (RunModel)" time="0.083" />
  <testcase classname="ptolemy.util.test.junit.AutoTests" name="[16] /home/travis/build/icyphy/ptII/ptolemy/actor/lib/hoc/test/auto/CatchUpComposite5.xml (RunModel)" time="0.059" />
  <testcase classname="ptolemy.util.test.junit.AutoTests" name="[17] /home/travis/build/icyphy/ptII/ptolemy/actor/lib/hoc/test/auto/CatchUpComposite6.xml (RunModel)" time="0.225" />
  <testcase classname="ptolemy.util.test.junit.AutoTests" name="[18] /home/travis/build/icyphy/ptII/ptolemy/actor/lib/hoc/test/auto/CatchUpComposite7.xml (RunModel)" time="0.114" />
  <testcase classname="ptolemy.util.test.junit.AutoTests" name="[19] /home/travis/build/icyphy/ptII/ptolemy/actor/lib/hoc/test/auto/ConcurrentExecutionTimeSDF.xml (RunModel)" time="1.761" />
  <testcase classname="ptolemy.util.test.junit.AutoTests" name="[20] /home/travis/build/icyphy/ptII/ptolemy/actor/lib/hoc/test/auto/ConcurrentSleep.xml (RunModel)" time="0.796" />
  <testcase classname="ptolemy.util.test.junit.AutoTests" name="[21] /home/travis/build/icyphy/ptII/ptolemy/actor/lib/hoc/test/auto/DEInPNInRunCompositeActor.xml (RunModel)" time="0.053" />
  <testcase classname="ptolemy.util.test.junit.AutoTests" name="[22] /home/travis/build/icyphy/ptII/ptolemy/actor/lib/hoc/test/auto/DFTSubSetTest.xml (RunModel)" time="0.357" />
  <testcase classname="ptolemy.util.test.junit.AutoTests" name="[23] /home/travis/build/icyphy/ptII/ptolemy/actor/lib/hoc/test/auto/HocDE.xml (RunModel)" time="0.277" />
  <testcase classname="ptolemy.util.test.junit.AutoTests" name="[24] /home/travis/build/icyphy/ptII/ptolemy/actor/lib/hoc/test/auto/IterateOverArray.xml (RunModel)" time="0.037" />
  <testcase classname="ptolemy.util.test.junit.AutoTests" name="[25] /home/travis/build/icyphy/ptII/ptolemy/actor/lib/hoc/test/auto/IterateOverArray10.xml (RunModel)" time="0.044" />
  <testcase classname="ptolemy.util.test.junit.AutoTests" name="[26] /home/travis/build/icyphy/ptII/ptolemy/actor/lib/hoc/test/auto/IterateOverArray11.xml (RunModel)" time="0.025" />
  <testcase classname="ptolemy.util.test.junit.AutoTests" name="[27] /home/travis/build/icyphy/ptII/ptolemy/actor/lib/hoc/test/auto/IterateOverArray12.xml (RunModel)" time="0.038" />
  <testcase classname="ptolemy.util.test.junit.AutoTests" name="[28] /home/travis/build/icyphy/ptII/ptolemy/actor/lib/hoc/test/auto/IterateOverArray13.xml (RunModel)" time="0.189" />
  <testcase classname="ptolemy.util.test.junit.AutoTests" name="[29] /home/travis/build/icyphy/ptII/ptolemy/actor/lib/hoc/test/auto/IterateOverArray14.xml (RunModel)" time="0.197" />
  <testcase classname="ptolemy.util.test.junit.AutoTests" name="[30] /home/travis/build/icyphy/ptII/ptolemy/actor/lib/hoc/test/auto/IterateOverArray2.xml (RunModel)" time="0.04" />
  <testcase classname="ptolemy.util.test.junit.AutoTests" name="[31] /home/travis/build/icyphy/ptII/ptolemy/actor/lib/hoc/test/auto/IterateOverArray3.xml (RunModel)" time="0.042" />
  <testcase classname="ptolemy.util.test.junit.AutoTests" name="[32] /home/travis/build/icyphy/ptII/ptolemy/actor/lib/hoc/test/auto/IterateOverArray4.xml (RunModel)" time="0.026" />
  <testcase classname="ptolemy.util.test.junit.AutoTests" name="[33] /home/travis/build/icyphy/ptII/ptolemy/actor/lib/hoc/test/auto/IterateOverArray5.xml (RunModel)" time="0.032" />
  <testcase classname="ptolemy.util.test.junit.AutoTests" name="[34] /home/travis/build/icyphy/ptII/ptolemy/actor/lib/hoc/test/auto/IterateOverArray6.xml (RunModel)" time="0.028" />
  <testcase classname="ptolemy.util.test.junit.AutoTests" name="[35] /home/travis/build/icyphy/ptII/ptolemy/actor/lib/hoc/test/auto/IterateOverArray7.xml (RunModel)" time="0.031" />
  <testcase classname="ptolemy.util.test.junit.AutoTests" name="[36] /home/travis/build/icyphy/ptII/ptolemy/actor/lib/hoc/test/auto/IterateOverArray8.xml (RunModel)" time="0.025" />
  <testcase classname="ptolemy.util.test.junit.AutoTests" name="[37] /home/travis/build/icyphy/ptII/ptolemy/actor/lib/hoc/test/auto/IterateOverArray9.xml (RunModel)" time="0.033" />
  <testcase classname="ptolemy.util.test.junit.AutoTests" name="[38] /home/travis/build/icyphy/ptII/ptolemy/actor/lib/hoc/test/auto/IterateOverArrayCoercedOutputType.xml (RunModel)" time="0.047" />
  <testcase classname="ptolemy.util.test.junit.AutoTests" name="[39] /home/travis/build/icyphy/ptII/ptolemy/actor/lib/hoc/test/auto/IterateOverArrayInferredOutputType.xml (RunModel)" time="0.035" />
  <testcase classname="ptolemy.util.test.junit.AutoTests" name="[40] /home/travis/build/icyphy/ptII/ptolemy/actor/lib/hoc/test/auto/MobileFunctionTest.xml (RunModel)" time="0.033" />
  <testcase classname="ptolemy.util.test.junit.AutoTests" name="[41] /home/travis/build/icyphy/ptII/ptolemy/actor/lib/hoc/test/auto/MobileModelTest.xml (RunModel)" time="0.208" />
  <testcase classname="ptolemy.util.test.junit.AutoTests" name="[42] /home/travis/build/icyphy/ptII/ptolemy/actor/lib/hoc/test/auto/ModelReference.xml (RunModel)" time="0.058" />
  <testcase classname="ptolemy.util.test.junit.AutoTests" name="[43] /home/travis/build/icyphy/ptII/ptolemy/actor/lib/hoc/test/auto/ModelReference3.xml (RunModel)" time="0.071" />
  <testcase classname="ptolemy.util.test.junit.AutoTests" name="[44] /home/travis/build/icyphy/ptII/ptolemy/actor/lib/hoc/test/auto/ModelReference4.xml (RunModel)" time="10.037" />
  <testcase classname="ptolemy.util.test.junit.AutoTests" name="[45] /home/travis/build/icyphy/ptII/ptolemy/actor/lib/hoc/test/auto/MultiInstanceComposite.xml (RunModel)" time="0.067" />
  <testcase classname="ptolemy.util.test.junit.AutoTests" name="[46] /home/travis/build/icyphy/ptII/ptolemy/actor/lib/hoc/test/auto/MultiInstanceComposite2.xml (RunModel)" time="0.065" />
  <testcase classname="ptolemy.util.test.junit.AutoTests" name="[47] /home/travis/build/icyphy/ptII/ptolemy/actor/lib/hoc/test/auto/MulticoreExecution.xml (RunModel)" time="1.141" />
  <testcase classname="ptolemy.util.test.junit.AutoTests" name="[48] /home/travis/build/icyphy/ptII/ptolemy/actor/lib/hoc/test/auto/ParallelExecution.xml (RunModel)" time="0.941" />
  <testcase classname="ptolemy.util.test.junit.AutoTests" name="[49] /home/travis/build/icyphy/ptII/ptolemy/actor/lib/hoc/test/auto/RunCompositeActor.xml (RunModel)" time="0.038" />
  <testcase classname="ptolemy.util.test.junit.AutoTests" name="[50] /home/travis/build/icyphy/ptII/ptolemy/actor/lib/hoc/test/auto/RunCompositeActor2.xml (RunModel)" time="0.019" />
  <testcase classname="ptolemy.util.test.junit.AutoTests" name="[51] /home/travis/build/icyphy/ptII/ptolemy/actor/lib/hoc/test/auto/RunCompositeActor3.xml (RunModel)" time="0.021" />
  <testcase classname="ptolemy.util.test.junit.AutoTests" name="[52] /home/travis/build/icyphy/ptII/ptolemy/actor/lib/hoc/test/auto/RunCompositeActor4.xml (RunModel)" time="0.024" />
  <testcase classname="ptolemy.util.test.junit.AutoTests" name="[53] /home/travis/build/icyphy/ptII/ptolemy/actor/lib/hoc/test/auto/RunCompositeIterateOverArray.xml (RunModel)" time="0.019" />
  <testcase classname="ptolemy.util.test.junit.AutoTests" name="[54] /home/travis/build/icyphy/ptII/ptolemy/actor/lib/hoc/test/auto/ThreadedJS.xml (RunModel)" time="15.101" />
  <system-out><![CDATA[/home/travis/build/icyphy/ptII/ptolemy/actor/lib/hoc/test/IterateOverArray.tcl
testDefs.tcl: setting time out to 9000 seconds at Sun Oct 06 05:56:55 UTC 2019
10/06/19 05:56:55
Failed: 0  Total Tests: 2  ((Passed: 2, Newly Passed: 0)  Known Failed: 0) /home/travis/build/icyphy/ptII/ptolemy/actor/lib/hoc/test
----------------- testing (KnownFailure) /home/travis/build/icyphy/ptII/ptolemy/actor/lib/hoc/test/auto/knownFailedTests/PreinitializeMustBeInvokedRunComposite.xml
171 ms. Memory: 120832K Free: 79815K (66%)
Known Failure: java.lang.reflect.InvocationTargetException
No auto/linux-amd64/*.xml tests in /home/travis/build/icyphy/ptII/ptolemy/actor/lib/hoc/test
AutoTests.java: About to close Vertx.
AutoTests.java: Vertx closed.

===========================================================================================
----------------- testing Sun Oct 06 05:56:56 UTC 2019 /home/travis/build/icyphy/ptII/ptolemy/actor/lib/hoc/test/auto/AllToAllMultiInstanceComposite.xml
----------------- Instantiating /home/travis/build/icyphy/ptII/ptolemy/actor/lib/hoc/test/auto/AllToAllMultiInstanceComposite.xml
197 ms. Memory: 120832K Free: 92938K (77%)
----------------- Invoking toplevel() on ptolemy.moml.MoMLSimpleApplication@2160d682
----------------- Done invoking toplevel() on ptolemy.moml.MoMLSimpleApplication@2160d682
reloadAllAccessors: .AllToAllMultiInstanceComposite

===========================================================================================
----------------- testing Sun Oct 06 05:56:56 UTC 2019 /home/travis/build/icyphy/ptII/ptolemy/actor/lib/hoc/test/auto/ApplyFFTTest.xml
----------------- Instantiating /home/travis/build/icyphy/ptII/ptolemy/actor/lib/hoc/test/auto/ApplyFFTTest.xml
163 ms. Memory: 120832K Free: 98986K (82%)
----------------- Invoking toplevel() on ptolemy.moml.MoMLSimpleApplication@4876ad81
----------------- Done invoking toplevel() on ptolemy.moml.MoMLSimpleApplication@4876ad81
reloadAllAccessors: .ApplyFFTTest

===========================================================================================
----------------- testing Sun Oct 06 05:56:57 UTC 2019 /home/travis/build/icyphy/ptII/ptolemy/actor/lib/hoc/test/auto/ApplyFunction.xml
----------------- Instantiating /home/travis/build/icyphy/ptII/ptolemy/actor/lib/hoc/test/auto/ApplyFunction.xml
16 ms. Memory: 120832K Free: 95591K (79%)
----------------- Invoking toplevel() on ptolemy.moml.MoMLSimpleApplication@3a2e2911
----------------- Done invoking toplevel() on ptolemy.moml.MoMLSimpleApplication@3a2e2911
reloadAllAccessors: .ApplyFunction

===========================================================================================
----------------- testing Sun Oct 06 05:56:57 UTC 2019 /home/travis/build/icyphy/ptII/ptolemy/actor/lib/hoc/test/auto/BackgroundExecution.xml
----------------- Instantiating /home/travis/build/icyphy/ptII/ptolemy/actor/lib/hoc/test/auto/BackgroundExecution.xml
634 ms. Memory: 120832K Free: 88423K (73%)
----------------- Invoking toplevel() on ptolemy.moml.MoMLSimpleApplication@3ecd718
----------------- Done invoking toplevel() on ptolemy.moml.MoMLSimpleApplication@3ecd718
reloadAllAccessors: .BackgroundExecution

===========================================================================================
----------------- testing Sun Oct 06 05:56:58 UTC 2019 /home/travis/build/icyphy/ptII/ptolemy/actor/lib/hoc/test/auto/Case.xml
----------------- Instantiating /home/travis/build/icyphy/ptII/ptolemy/actor/lib/hoc/test/auto/Case.xml
40 ms. Memory: 120832K Free: 81274K (67%)
----------------- Invoking toplevel() on ptolemy.moml.MoMLSimpleApplication@47f9738e
----------------- Done invoking toplevel() on ptolemy.moml.MoMLSimpleApplication@47f9738e
reloadAllAccessors: .Case

===========================================================================================
----------------- testing Sun Oct 06 05:56:58 UTC 2019 /home/travis/build/icyphy/ptII/ptolemy/actor/lib/hoc/test/auto/Case1.xml
----------------- Instantiating /home/travis/build/icyphy/ptII/ptolemy/actor/lib/hoc/test/auto/Case1.xml
22 ms. Memory: 120832K Free: 74884K (62%)
----------------- Invoking toplevel() on ptolemy.moml.MoMLSimpleApplication@75fefa7d
----------------- Done invoking toplevel() on ptolemy.moml.MoMLSimpleApplication@75fefa7d
reloadAllAccessors: .Case1

===========================================================================================
----------------- testing Sun Oct 06 05:56:58 UTC 2019 /home/travis/build/icyphy/ptII/ptolemy/actor/lib/hoc/test/auto/Case2.xml
----------------- Instantiating /home/travis/build/icyphy/ptII/ptolemy/actor/lib/hoc/test/auto/Case2.xml
57 ms. Memory: 152576K Free: 130125K (85%)
----------------- Invoking toplevel() on ptolemy.moml.MoMLSimpleApplication@397b1450
----------------- Done invoking toplevel() on ptolemy.moml.MoMLSimpleApplication@397b1450
reloadAllAccessors: .Case2

===========================================================================================
----------------- testing Sun Oct 06 05:56:58 UTC 2019 /home/travis/build/icyphy/ptII/ptolemy/actor/lib/hoc/test/auto/Case3.xml
----------------- Instantiating /home/travis/build/icyphy/ptII/ptolemy/actor/lib/hoc/test/auto/Case3.xml
16 ms. Memory: 152576K Free: 123642K (81%)
----------------- Invoking toplevel() on ptolemy.moml.MoMLSimpleApplication@6ebad9b7
----------------- Done invoking toplevel() on ptolemy.moml.MoMLSimpleApplication@6ebad9b7
reloadAllAccessors: .Case3

===========================================================================================
----------------- testing Sun Oct 06 05:56:58 UTC 2019 /home/travis/build/icyphy/ptII/ptolemy/actor/lib/hoc/test/auto/Case4.xml
----------------- Instantiating /home/travis/build/icyphy/ptII/ptolemy/actor/lib/hoc/test/auto/Case4.xml
25 ms. Memory: 152576K Free: 115789K (76%)
----------------- Invoking toplevel() on ptolemy.moml.MoMLSimpleApplication@2cdb1ac9
----------------- Done invoking toplevel() on ptolemy.moml.MoMLSimpleApplication@2cdb1ac9
reloadAllAccessors: .Case4

===========================================================================================
----------------- testing Sun Oct 06 05:56:58 UTC 2019 /home/travis/build/icyphy/ptII/ptolemy/actor/lib/hoc/test/auto/Case5.xml
----------------- Instantiating /home/travis/build/icyphy/ptII/ptolemy/actor/lib/hoc/test/auto/Case5.xml
61 ms. Memory: 152576K Free: 109652K (72%)
----------------- Invoking toplevel() on ptolemy.moml.MoMLSimpleApplication@7f70a5e
----------------- Done invoking toplevel() on ptolemy.moml.MoMLSimpleApplication@7f70a5e
reloadAllAccessors: .junk

===========================================================================================
----------------- testing Sun Oct 06 05:56:58 UTC 2019 /home/travis/build/icyphy/ptII/ptolemy/actor/lib/hoc/test/auto/Case6.xml
----------------- Instantiating /home/travis/build/icyphy/ptII/ptolemy/actor/lib/hoc/test/auto/Case6.xml
62 ms. Memory: 152576K Free: 98087K (64%)
----------------- Invoking toplevel() on ptolemy.moml.MoMLSimpleApplication@4e2b143a
----------------- Done invoking toplevel() on ptolemy.moml.MoMLSimpleApplication@4e2b143a
reloadAllAccessors: .Case6

===========================================================================================
----------------- testing Sun Oct 06 05:56:58 UTC 2019 /home/travis/build/icyphy/ptII/ptolemy/actor/lib/hoc/test/auto/CaseString2.xml
----------------- Instantiating /home/travis/build/icyphy/ptII/ptolemy/actor/lib/hoc/test/auto/CaseString2.xml
11 ms. Memory: 152576K Free: 134960K (88%)
----------------- Invoking toplevel() on ptolemy.moml.MoMLSimpleApplication@3ffddddf
----------------- Done invoking toplevel() on ptolemy.moml.MoMLSimpleApplication@3ffddddf
reloadAllAccessors: .CaseString2

===========================================================================================
----------------- testing Sun Oct 06 05:56:59 UTC 2019 /home/travis/build/icyphy/ptII/ptolemy/actor/lib/hoc/test/auto/CatchUpComposite1.xml
----------------- Instantiating /home/travis/build/icyphy/ptII/ptolemy/actor/lib/hoc/test/auto/CatchUpComposite1.xml
43 ms. Memory: 152576K Free: 125811K (82%)
----------------- Invoking toplevel() on ptolemy.moml.MoMLSimpleApplication@57e78a01
----------------- Done invoking toplevel() on ptolemy.moml.MoMLSimpleApplication@57e78a01
reloadAllAccessors: .CatchUpComposite1

===========================================================================================
----------------- testing Sun Oct 06 05:56:59 UTC 2019 /home/travis/build/icyphy/ptII/ptolemy/actor/lib/hoc/test/auto/CatchUpComposite2.xml
----------------- Instantiating /home/travis/build/icyphy/ptII/ptolemy/actor/lib/hoc/test/auto/CatchUpComposite2.xml
13 ms. Memory: 152576K Free: 117611K (77%)
----------------- Invoking toplevel() on ptolemy.moml.MoMLSimpleApplication@3352cbd0
----------------- Done invoking toplevel() on ptolemy.moml.MoMLSimpleApplication@3352cbd0
reloadAllAccessors: .CatchUpComposite2

===========================================================================================
----------------- testing Sun Oct 06 05:56:59 UTC 2019 /home/travis/build/icyphy/ptII/ptolemy/actor/lib/hoc/test/auto/CatchUpComposite3.xml
----------------- Instantiating /home/travis/build/icyphy/ptII/ptolemy/actor/lib/hoc/test/auto/CatchUpComposite3.xml
38 ms. Memory: 152576K Free: 109044K (71%)
----------------- Invoking toplevel() on ptolemy.moml.MoMLSimpleApplication@6574489a
----------------- Done invoking toplevel() on ptolemy.moml.MoMLSimpleApplication@6574489a
reloadAllAccessors: .CatchUpComposite3

===========================================================================================
----------------- testing Sun Oct 06 05:56:59 UTC 2019 /home/travis/build/icyphy/ptII/ptolemy/actor/lib/hoc/test/auto/CatchUpComposite4.xml
----------------- Instantiating /home/travis/build/icyphy/ptII/ptolemy/actor/lib/hoc/test/auto/CatchUpComposite4.xml
24 ms. Memory: 152576K Free: 101204K (66%)
----------------- Invoking toplevel() on ptolemy.moml.MoMLSimpleApplication@230e4acf
----------------- Done invoking toplevel() on ptolemy.moml.MoMLSimpleApplication@230e4acf
reloadAllAccessors: .CatchUpComposite4

===========================================================================================
----------------- testing Sun Oct 06 05:56:59 UTC 2019 /home/travis/build/icyphy/ptII/ptolemy/actor/lib/hoc/test/auto/CatchUpComposite5.xml
----------------- Instantiating /home/travis/build/icyphy/ptII/ptolemy/actor/lib/hoc/test/auto/CatchUpComposite5.xml
17 ms. Memory: 152576K Free: 93668K (61%)
----------------- Invoking toplevel() on ptolemy.moml.MoMLSimpleApplication@4b575176
----------------- Done invoking toplevel() on ptolemy.moml.MoMLSimpleApplication@4b575176
reloadAllAccessors: .CatchUpComposite5

===========================================================================================
----------------- testing Sun Oct 06 05:56:59 UTC 2019 /home/travis/build/icyphy/ptII/ptolemy/actor/lib/hoc/test/auto/CatchUpComposite6.xml
----------------- Instantiating /home/travis/build/icyphy/ptII/ptolemy/actor/lib/hoc/test/auto/CatchUpComposite6.xml
WARNING: The execution aspects in this model can influence the timing of actors by delaying the 
execution, potentially changing the behavior. There is no guarantee that actors fire at the 
time they request to be fired. 
Use Ptides for deterministic DE behavior that is not influenced by execution aspects. 

120 ms. Memory: 152576K Free: 135340K (89%)
----------------- Invoking toplevel() on ptolemy.moml.MoMLSimpleApplication@3302a2e0
----------------- Done invoking toplevel() on ptolemy.moml.MoMLSimpleApplication@3302a2e0
reloadAllAccessors: .CatchUpComposite6

===========================================================================================
----------------- testing Sun Oct 06 05:56:59 UTC 2019 /home/travis/build/icyphy/ptII/ptolemy/actor/lib/hoc/test/auto/CatchUpComposite7.xml
----------------- Instantiating /home/travis/build/icyphy/ptII/ptolemy/actor/lib/hoc/test/auto/CatchUpComposite7.xml
WARNING: The execution aspects in this model can influence the timing of actors by delaying the 
execution, potentially changing the behavior. There is no guarantee that actors fire at the 
time they request to be fired. 
Use Ptides for deterministic DE behavior that is not influenced by execution aspects. 

47 ms. Memory: 152576K Free: 121504K (80%)
----------------- Invoking toplevel() on ptolemy.moml.MoMLSimpleApplication@3735c25b
----------------- Done invoking toplevel() on ptolemy.moml.MoMLSimpleApplication@3735c25b
reloadAllAccessors: .CatchUpComposite7

===========================================================================================
----------------- testing Sun Oct 06 05:56:59 UTC 2019 /home/travis/build/icyphy/ptII/ptolemy/actor/lib/hoc/test/auto/ConcurrentExecutionTimeSDF.xml
----------------- Instantiating /home/travis/build/icyphy/ptII/ptolemy/actor/lib/hoc/test/auto/ConcurrentExecutionTimeSDF.xml
Fired ExecutionTime: 40400000
Fired ExecutionTime: 40400000
Fired ExecutionTime: 40400000
Fired ExecutionTime: 40400000
Fired ExecutionTime: 40400000
Fired ExecutionTime: 40400000
Fired ExecutionTime: 40400000
Fired ExecutionTime: 40400000
Fired ExecutionTime: 40400000
Fired ExecutionTime: 40400000
Fired ExecutionTime: 40400000
Fired ExecutionTime: 40400000
Fired ExecutionTime: 40400000
Fired ExecutionTime: 40400000
Fired ExecutionTime: 40400000
Fired ExecutionTime: 40400000
Fired ExecutionTime: 40400000
Fired ExecutionTime: 40400000
Fired ExecutionTime: 40400000
Fired ExecutionTime: 40400000
1720 ms. Memory: 152576K Free: 114788K (75%)
----------------- Invoking toplevel() on ptolemy.moml.MoMLSimpleApplication@b47296d
----------------- Done invoking toplevel() on ptolemy.moml.MoMLSimpleApplication@b47296d
reloadAllAccessors: .ConcurrentExecutionTimeSDF

===========================================================================================
----------------- testing Sun Oct 06 05:57:01 UTC 2019 /home/travis/build/icyphy/ptII/ptolemy/actor/lib/hoc/test/auto/ConcurrentSleep.xml
----------------- Instantiating /home/travis/build/icyphy/ptII/ptolemy/actor/lib/hoc/test/auto/ConcurrentSleep.xml
730 ms. Memory: 152576K Free: 104548K (69%)
----------------- Invoking toplevel() on ptolemy.moml.MoMLSimpleApplication@105f5abb
----------------- Done invoking toplevel() on ptolemy.moml.MoMLSimpleApplication@105f5abb
reloadAllAccessors: .ConcurrentSleep

===========================================================================================
----------------- testing Sun Oct 06 05:57:02 UTC 2019 /home/travis/build/icyphy/ptII/ptolemy/actor/lib/hoc/test/auto/DEInPNInRunCompositeActor.xml
----------------- Instantiating /home/travis/build/icyphy/ptII/ptolemy/actor/lib/hoc/test/auto/DEInPNInRunCompositeActor.xml
20 ms. Memory: 152576K Free: 98976K (65%)
----------------- Invoking toplevel() on ptolemy.moml.MoMLSimpleApplication@7d42ca3c
----------------- Done invoking toplevel() on ptolemy.moml.MoMLSimpleApplication@7d42ca3c
reloadAllAccessors: .DEInPNInRunCompositeActor

===========================================================================================
----------------- testing Sun Oct 06 05:57:02 UTC 2019 /home/travis/build/icyphy/ptII/ptolemy/actor/lib/hoc/test/auto/DFTSubSetTest.xml
----------------- Instantiating /home/travis/build/icyphy/ptII/ptolemy/actor/lib/hoc/test/auto/DFTSubSetTest.xml
272 ms. Memory: 152576K Free: 123437K (81%)
----------------- Invoking toplevel() on ptolemy.moml.MoMLSimpleApplication@5ec6c1dc
----------------- Done invoking toplevel() on ptolemy.moml.MoMLSimpleApplication@5ec6c1dc
reloadAllAccessors: .DFTSubSetTest

===========================================================================================
----------------- testing Sun Oct 06 05:57:02 UTC 2019 /home/travis/build/icyphy/ptII/ptolemy/actor/lib/hoc/test/auto/HocDE.xml
----------------- Instantiating /home/travis/build/icyphy/ptII/ptolemy/actor/lib/hoc/test/auto/HocDE.xml
199 ms. Memory: 152576K Free: 98295K (64%)
----------------- Invoking toplevel() on ptolemy.moml.MoMLSimpleApplication@36e9e7c1
----------------- Done invoking toplevel() on ptolemy.moml.MoMLSimpleApplication@36e9e7c1
reloadAllAccessors: .HocDE

===========================================================================================
----------------- testing Sun Oct 06 05:57:03 UTC 2019 /home/travis/build/icyphy/ptII/ptolemy/actor/lib/hoc/test/auto/IterateOverArray.xml
----------------- Instantiating /home/travis/build/icyphy/ptII/ptolemy/actor/lib/hoc/test/auto/IterateOverArray.xml
7 ms. Memory: 152576K Free: 94169K (62%)
----------------- Invoking toplevel() on ptolemy.moml.MoMLSimpleApplication@4c7daacd
----------------- Done invoking toplevel() on ptolemy.moml.MoMLSimpleApplication@4c7daacd
reloadAllAccessors: .IterateOverArray

===========================================================================================
----------------- testing Sun Oct 06 05:57:03 UTC 2019 /home/travis/build/icyphy/ptII/ptolemy/actor/lib/hoc/test/auto/IterateOverArray10.xml
----------------- Instantiating /home/travis/build/icyphy/ptII/ptolemy/actor/lib/hoc/test/auto/IterateOverArray10.xml
6 ms. Memory: 152576K Free: 90748K (59%)
----------------- Invoking toplevel() on ptolemy.moml.MoMLSimpleApplication@25c9167b
----------------- Done invoking toplevel() on ptolemy.moml.MoMLSimpleApplication@25c9167b
reloadAllAccessors: .IterateOverArray10

===========================================================================================
----------------- testing Sun Oct 06 05:57:03 UTC 2019 /home/travis/build/icyphy/ptII/ptolemy/actor/lib/hoc/test/auto/IterateOverArray11.xml
----------------- Instantiating /home/travis/build/icyphy/ptII/ptolemy/actor/lib/hoc/test/auto/IterateOverArray11.xml
6 ms. Memory: 152576K Free: 86630K (57%)
----------------- Invoking toplevel() on ptolemy.moml.MoMLSimpleApplication@7cab25dd
----------------- Done invoking toplevel() on ptolemy.moml.MoMLSimpleApplication@7cab25dd
reloadAllAccessors: .IterateOverArray11

===========================================================================================
----------------- testing Sun Oct 06 05:57:03 UTC 2019 /home/travis/build/icyphy/ptII/ptolemy/actor/lib/hoc/test/auto/IterateOverArray12.xml
----------------- Instantiating /home/travis/build/icyphy/ptII/ptolemy/actor/lib/hoc/test/auto/IterateOverArray12.xml
16 ms. Memory: 152576K Free: 80887K (53%)
----------------- Invoking toplevel() on ptolemy.moml.MoMLSimpleApplication@e0dfaf7
----------------- Done invoking toplevel() on ptolemy.moml.MoMLSimpleApplication@e0dfaf7
reloadAllAccessors: .IterateOverArray12

===========================================================================================
----------------- testing Sun Oct 06 05:57:03 UTC 2019 /home/travis/build/icyphy/ptII/ptolemy/actor/lib/hoc/test/auto/IterateOverArray13.xml
----------------- Instantiating /home/travis/build/icyphy/ptII/ptolemy/actor/lib/hoc/test/auto/IterateOverArray13.xml
105 ms. Memory: 152576K Free: 129448K (85%)
----------------- Invoking toplevel() on ptolemy.moml.MoMLSimpleApplication@22b37073
----------------- Done invoking toplevel() on ptolemy.moml.MoMLSimpleApplication@22b37073
reloadAllAccessors: .IterateOverArray13

===========================================================================================
----------------- testing Sun Oct 06 05:57:03 UTC 2019 /home/travis/build/icyphy/ptII/ptolemy/actor/lib/hoc/test/auto/IterateOverArray14.xml
----------------- Instantiating /home/travis/build/icyphy/ptII/ptolemy/actor/lib/hoc/test/auto/IterateOverArray14.xml
89 ms. Memory: 152576K Free: 96543K (63%)
----------------- Invoking toplevel() on ptolemy.moml.MoMLSimpleApplication@29912f68
----------------- Done invoking toplevel() on ptolemy.moml.MoMLSimpleApplication@29912f68
reloadAllAccessors: .IterateOverArray14

===========================================================================================
----------------- testing Sun Oct 06 05:57:03 UTC 2019 /home/travis/build/icyphy/ptII/ptolemy/actor/lib/hoc/test/auto/IterateOverArray2.xml
----------------- Instantiating /home/travis/build/icyphy/ptII/ptolemy/actor/lib/hoc/test/auto/IterateOverArray2.xml
13 ms. Memory: 152576K Free: 91848K (60%)
----------------- Invoking toplevel() on ptolemy.moml.MoMLSimpleApplication@55b18d85
----------------- Done invoking toplevel() on ptolemy.moml.MoMLSimpleApplication@55b18d85
reloadAllAccessors: .IterateOverArray2

===========================================================================================
----------------- testing Sun Oct 06 05:57:03 UTC 2019 /home/travis/build/icyphy/ptII/ptolemy/actor/lib/hoc/test/auto/IterateOverArray3.xml
----------------- Instantiating /home/travis/build/icyphy/ptII/ptolemy/actor/lib/hoc/test/auto/IterateOverArray3.xml
9 ms. Memory: 152576K Free: 85690K (56%)
----------------- Invoking toplevel() on ptolemy.moml.MoMLSimpleApplication@23a602f5
----------------- Done invoking toplevel() on ptolemy.moml.MoMLSimpleApplication@23a602f5
reloadAllAccessors: .IterateOverArray3

===========================================================================================
----------------- testing Sun Oct 06 05:57:03 UTC 2019 /home/travis/build/icyphy/ptII/ptolemy/actor/lib/hoc/test/auto/IterateOverArray4.xml
----------------- Instantiating /home/travis/build/icyphy/ptII/ptolemy/actor/lib/hoc/test/auto/IterateOverArray4.xml
6 ms. Memory: 152576K Free: 81608K (53%)
----------------- Invoking toplevel() on ptolemy.moml.MoMLSimpleApplication@140bb799
----------------- Done invoking toplevel() on ptolemy.moml.MoMLSimpleApplication@140bb799
reloadAllAccessors: .IterateOverArray4

===========================================================================================
----------------- testing Sun Oct 06 05:57:03 UTC 2019 /home/travis/build/icyphy/ptII/ptolemy/actor/lib/hoc/test/auto/IterateOverArray5.xml
----------------- Instantiating /home/travis/build/icyphy/ptII/ptolemy/actor/lib/hoc/test/auto/IterateOverArray5.xml
5 ms. Memory: 152576K Free: 77512K (51%)
----------------- Invoking toplevel() on ptolemy.moml.MoMLSimpleApplication@5284a118
----------------- Done invoking toplevel() on ptolemy.moml.MoMLSimpleApplication@5284a118
reloadAllAccessors: .IterateOverArray5

===========================================================================================
----------------- testing Sun Oct 06 05:57:03 UTC 2019 /home/travis/build/icyphy/ptII/ptolemy/actor/lib/hoc/test/auto/IterateOverArray6.xml
----------------- Instantiating /home/travis/build/icyphy/ptII/ptolemy/actor/lib/hoc/test/auto/IterateOverArray6.xml
4 ms. Memory: 152576K Free: 73993K (48%)
----------------- Invoking toplevel() on ptolemy.moml.MoMLSimpleApplication@46dacb49
----------------- Done invoking toplevel() on ptolemy.moml.MoMLSimpleApplication@46dacb49
reloadAllAccessors: .IterateOverArray6

===========================================================================================
----------------- testing Sun Oct 06 05:57:03 UTC 2019 /home/travis/build/icyphy/ptII/ptolemy/actor/lib/hoc/test/auto/IterateOverArray7.xml
----------------- Instantiating /home/travis/build/icyphy/ptII/ptolemy/actor/lib/hoc/test/auto/IterateOverArray7.xml
10 ms. Memory: 152576K Free: 69747K (46%)
----------------- Invoking toplevel() on ptolemy.moml.MoMLSimpleApplication@1a2d6895
----------------- Done invoking toplevel() on ptolemy.moml.MoMLSimpleApplication@1a2d6895
reloadAllAccessors: .IterateOverArray7

===========================================================================================
----------------- testing Sun Oct 06 05:57:03 UTC 2019 /home/travis/build/icyphy/ptII/ptolemy/actor/lib/hoc/test/auto/IterateOverArray8.xml
----------------- Instantiating /home/travis/build/icyphy/ptII/ptolemy/actor/lib/hoc/test/auto/IterateOverArray8.xml
6 ms. Memory: 152576K Free: 65801K (43%)
----------------- Invoking toplevel() on ptolemy.moml.MoMLSimpleApplication@5e0be42b
----------------- Done invoking toplevel() on ptolemy.moml.MoMLSimpleApplication@5e0be42b
reloadAllAccessors: .IterateOverArray8

===========================================================================================
----------------- testing Sun Oct 06 05:57:03 UTC 2019 /home/travis/build/icyphy/ptII/ptolemy/actor/lib/hoc/test/auto/IterateOverArray9.xml
----------------- Instantiating /home/travis/build/icyphy/ptII/ptolemy/actor/lib/hoc/test/auto/IterateOverArray9.xml
8 ms. Memory: 152576K Free: 61705K (40%)
----------------- Invoking toplevel() on ptolemy.moml.MoMLSimpleApplication@1ff6ef55
----------------- Done invoking toplevel() on ptolemy.moml.MoMLSimpleApplication@1ff6ef55
reloadAllAccessors: .IterateOverArray9

===========================================================================================
----------------- testing Sun Oct 06 05:57:03 UTC 2019 /home/travis/build/icyphy/ptII/ptolemy/actor/lib/hoc/test/auto/IterateOverArrayCoercedOutputType.xml
----------------- Instantiating /home/travis/build/icyphy/ptII/ptolemy/actor/lib/hoc/test/auto/IterateOverArrayCoercedOutputType.xml
9 ms. Memory: 152576K Free: 56569K (37%)
----------------- Invoking toplevel() on ptolemy.moml.MoMLSimpleApplication@51108139
----------------- Done invoking toplevel() on ptolemy.moml.MoMLSimpleApplication@51108139
reloadAllAccessors: .IterateOverArrayCoercedOutputType

===========================================================================================
----------------- testing Sun Oct 06 05:57:03 UTC 2019 /home/travis/build/icyphy/ptII/ptolemy/actor/lib/hoc/test/auto/IterateOverArrayInferredOutputType.xml
----------------- Instantiating /home/travis/build/icyphy/ptII/ptolemy/actor/lib/hoc/test/auto/IterateOverArrayInferredOutputType.xml
10 ms. Memory: 152576K Free: 51912K (34%)
----------------- Invoking toplevel() on ptolemy.moml.MoMLSimpleApplication@22821042
----------------- Done invoking toplevel() on ptolemy.moml.MoMLSimpleApplication@22821042
reloadAllAccessors: .IterateOverArrayInferredOutputType

===========================================================================================
----------------- testing Sun Oct 06 05:57:03 UTC 2019 /home/travis/build/icyphy/ptII/ptolemy/actor/lib/hoc/test/auto/MobileFunctionTest.xml
----------------- Instantiating /home/travis/build/icyphy/ptII/ptolemy/actor/lib/hoc/test/auto/MobileFunctionTest.xml
4 ms. Memory: 152576K Free: 134619K (88%)
----------------- Invoking toplevel() on ptolemy.moml.MoMLSimpleApplication@21c36bf4
----------------- Done invoking toplevel() on ptolemy.moml.MoMLSimpleApplication@21c36bf4
reloadAllAccessors: .MobileFunctionTest

===========================================================================================
----------------- testing Sun Oct 06 05:57:03 UTC 2019 /home/travis/build/icyphy/ptII/ptolemy/actor/lib/hoc/test/auto/MobileModelTest.xml
----------------- Instantiating /home/travis/build/icyphy/ptII/ptolemy/actor/lib/hoc/test/auto/MobileModelTest.xml
176 ms. Memory: 152576K Free: 113659K (74%)
----------------- Invoking toplevel() on ptolemy.moml.MoMLSimpleApplication@58712ed7
----------------- Done invoking toplevel() on ptolemy.moml.MoMLSimpleApplication@58712ed7
reloadAllAccessors: .MobileModelTest

===========================================================================================
----------------- testing Sun Oct 06 05:57:04 UTC 2019 /home/travis/build/icyphy/ptII/ptolemy/actor/lib/hoc/test/auto/ModelReference.xml
----------------- Instantiating /home/travis/build/icyphy/ptII/ptolemy/actor/lib/hoc/test/auto/ModelReference.xml
4 ms. Memory: 152576K Free: 107001K (70%)
3 ms. Memory: 152576K Free: 106491K (70%)
2 ms. Memory: 152576K Free: 105467K (69%)
3 ms. Memory: 152576K Free: 104443K (68%)
2 ms. Memory: 152576K Free: 103915K (68%)
2 ms. Memory: 152576K Free: 102905K (67%)
2 ms. Memory: 152576K Free: 102395K (67%)
2 ms. Memory: 152576K Free: 101371K (66%)
2 ms. Memory: 152576K Free: 100347K (66%)
2 ms. Memory: 152576K Free: 99819K (65%)
31 ms. Memory: 152576K Free: 99819K (65%)
----------------- Invoking toplevel() on ptolemy.moml.MoMLSimpleApplication@49fd79f8
----------------- Done invoking toplevel() on ptolemy.moml.MoMLSimpleApplication@49fd79f8
reloadAllAccessors: .ModelReference

===========================================================================================
----------------- testing Sun Oct 06 05:57:04 UTC 2019 /home/travis/build/icyphy/ptII/ptolemy/actor/lib/hoc/test/auto/ModelReference3.xml
----------------- Instantiating /home/travis/build/icyphy/ptII/ptolemy/actor/lib/hoc/test/auto/ModelReference3.xml
3 ms. Memory: 152576K Free: 94699K (62%)
7 ms. Memory: 152576K Free: 94203K (62%)
3 ms. Memory: 152576K Free: 93179K (61%)
5 ms. Memory: 152576K Free: 92659K (61%)
4 ms. Memory: 152576K Free: 91611K (60%)
2 ms. Memory: 152576K Free: 90587K (59%)
5 ms. Memory: 152576K Free: 90107K (59%)
3 ms. Memory: 152576K Free: 89083K (58%)
3 ms. Memory: 152576K Free: 88539K (58%)
2 ms. Memory: 152576K Free: 87531K (57%)
56 ms. Memory: 152576K Free: 87531K (57%)
----------------- Invoking toplevel() on ptolemy.moml.MoMLSimpleApplication@7425ca26
----------------- Done invoking toplevel() on ptolemy.moml.MoMLSimpleApplication@7425ca26
reloadAllAccessors: .ModelReference3

===========================================================================================
----------------- testing Sun Oct 06 05:57:04 UTC 2019 /home/travis/build/icyphy/ptII/ptolemy/actor/lib/hoc/test/auto/ModelReference4.xml
----------------- Instantiating /home/travis/build/icyphy/ptII/ptolemy/actor/lib/hoc/test/auto/ModelReference4.xml
2 ms. Memory: 152576K Free: 82939K (54%)
3 ms. Memory: 152576K Free: 81395K (53%)
3 ms. Memory: 152576K Free: 80363K (53%)
3 ms. Memory: 152576K Free: 79353K (52%)
3 ms. Memory: 152576K Free: 77819K (51%)
3 ms. Memory: 152576K Free: 76795K (50%)
2 ms. Memory: 152576K Free: 75251K (49%)
1 ms. Memory: 152576K Free: 74219K (49%)
2 ms. Memory: 152576K Free: 72699K (48%)
2 ms. Memory: 152576K Free: 71675K (47%)
10018 ms. Memory: 152576K Free: 71675K (47%)
----------------- Invoking toplevel() on ptolemy.moml.MoMLSimpleApplication@54d260e2
----------------- Done invoking toplevel() on ptolemy.moml.MoMLSimpleApplication@54d260e2
reloadAllAccessors: .ModelReference4

===========================================================================================
----------------- testing Sun Oct 06 05:57:14 UTC 2019 /home/travis/build/icyphy/ptII/ptolemy/actor/lib/hoc/test/auto/MultiInstanceComposite.xml
----------------- Instantiating /home/travis/build/icyphy/ptII/ptolemy/actor/lib/hoc/test/auto/MultiInstanceComposite.xml
33 ms. Memory: 152576K Free: 52219K (34%)
----------------- Invoking toplevel() on ptolemy.moml.MoMLSimpleApplication@5d9a0e5c
----------------- Done invoking toplevel() on ptolemy.moml.MoMLSimpleApplication@5d9a0e5c
reloadAllAccessors: .MultiInstanceComposite

===========================================================================================
----------------- testing Sun Oct 06 05:57:14 UTC 2019 /home/travis/build/icyphy/ptII/ptolemy/actor/lib/hoc/test/auto/MultiInstanceComposite2.xml
----------------- Instantiating /home/travis/build/icyphy/ptII/ptolemy/actor/lib/hoc/test/auto/MultiInstanceComposite2.xml
31 ms. Memory: 152576K Free: 129596K (85%)
----------------- Invoking toplevel() on ptolemy.moml.MoMLSimpleApplication@5df5f882
----------------- Done invoking toplevel() on ptolemy.moml.MoMLSimpleApplication@5df5f882
reloadAllAccessors: .MultiInstanceComposite2

===========================================================================================
----------------- testing Sun Oct 06 05:57:14 UTC 2019 /home/travis/build/icyphy/ptII/ptolemy/actor/lib/hoc/test/auto/MulticoreExecution.xml
----------------- Instantiating /home/travis/build/icyphy/ptII/ptolemy/actor/lib/hoc/test/auto/MulticoreExecution.xml
Fired ExecutionTime: 2400000
Fired ExecutionTime: 2800000
Fired ExecutionTime: 3200000
Fired ExecutionTime: 2000000
Fired ExecutionTime: 2000000
Fired ExecutionTime: 3600000
Fired ExecutionTime: 4000000
Fired ExecutionTime: 1600000
Fired ExecutionTime: 3600000
Fired ExecutionTime: 2000000
Fired ExecutionTime: 49200000
Fired ExecutionTime: 58400000
Fired ExecutionTime: 51600000
Fired ExecutionTime: 64400000
Fired ExecutionTime: 73600000
Fired ExecutionTime: 63600000
Fired ExecutionTime: 88000000
Fired ExecutionTime: 87600000
Fired ExecutionTime: 86000000
Fired ExecutionTime: 86400000
1117 ms. Memory: 152576K Free: 120380K (79%)
----------------- Invoking toplevel() on ptolemy.moml.MoMLSimpleApplication@3996b81f
----------------- Done invoking toplevel() on ptolemy.moml.MoMLSimpleApplication@3996b81f
reloadAllAccessors: .MulticoreExecution

===========================================================================================
----------------- testing Sun Oct 06 05:57:15 UTC 2019 /home/travis/build/icyphy/ptII/ptolemy/actor/lib/hoc/test/auto/ParallelExecution.xml
----------------- Instantiating /home/travis/build/icyphy/ptII/ptolemy/actor/lib/hoc/test/auto/ParallelExecution.xml
920 ms. Memory: 152576K Free: 112686K (74%)
----------------- Invoking toplevel() on ptolemy.moml.MoMLSimpleApplication@3197328c
----------------- Done invoking toplevel() on ptolemy.moml.MoMLSimpleApplication@3197328c
reloadAllAccessors: .ParallelExecution

===========================================================================================
----------------- testing Sun Oct 06 05:57:16 UTC 2019 /home/travis/build/icyphy/ptII/ptolemy/actor/lib/hoc/test/auto/RunCompositeActor.xml
----------------- Instantiating /home/travis/build/icyphy/ptII/ptolemy/actor/lib/hoc/test/auto/RunCompositeActor.xml
7 ms. Memory: 152576K Free: 105524K (69%)
----------------- Invoking toplevel() on ptolemy.moml.MoMLSimpleApplication@4cd1379b
----------------- Done invoking toplevel() on ptolemy.moml.MoMLSimpleApplication@4cd1379b
reloadAllAccessors: .RunCompositeActor

===========================================================================================
----------------- testing Sun Oct 06 05:57:16 UTC 2019 /home/travis/build/icyphy/ptII/ptolemy/actor/lib/hoc/test/auto/RunCompositeActor2.xml
----------------- Instantiating /home/travis/build/icyphy/ptII/ptolemy/actor/lib/hoc/test/auto/RunCompositeActor2.xml
4 ms. Memory: 152576K Free: 99372K (65%)
----------------- Invoking toplevel() on ptolemy.moml.MoMLSimpleApplication@4133c0b8
----------------- Done invoking toplevel() on ptolemy.moml.MoMLSimpleApplication@4133c0b8
reloadAllAccessors: .RunCompositeActor2

===========================================================================================
----------------- testing Sun Oct 06 05:57:16 UTC 2019 /home/travis/build/icyphy/ptII/ptolemy/actor/lib/hoc/test/auto/RunCompositeActor3.xml
----------------- Instantiating /home/travis/build/icyphy/ptII/ptolemy/actor/lib/hoc/test/auto/RunCompositeActor3.xml
4 ms. Memory: 152576K Free: 93756K (61%)
----------------- Invoking toplevel() on ptolemy.moml.MoMLSimpleApplication@78238694
----------------- Done invoking toplevel() on ptolemy.moml.MoMLSimpleApplication@78238694
reloadAllAccessors: .RunCompositeActor3

===========================================================================================
----------------- testing Sun Oct 06 05:57:16 UTC 2019 /home/travis/build/icyphy/ptII/ptolemy/actor/lib/hoc/test/auto/RunCompositeActor4.xml
----------------- Instantiating /home/travis/build/icyphy/ptII/ptolemy/actor/lib/hoc/test/auto/RunCompositeActor4.xml
11 ms. Memory: 152576K Free: 85564K (56%)
----------------- Invoking toplevel() on ptolemy.moml.MoMLSimpleApplication@31851072
----------------- Done invoking toplevel() on ptolemy.moml.MoMLSimpleApplication@31851072
reloadAllAccessors: .RunCompositeActor4

===========================================================================================
----------------- testing Sun Oct 06 05:57:16 UTC 2019 /home/travis/build/icyphy/ptII/ptolemy/actor/lib/hoc/test/auto/RunCompositeIterateOverArray.xml
----------------- Instantiating /home/travis/build/icyphy/ptII/ptolemy/actor/lib/hoc/test/auto/RunCompositeIterateOverArray.xml
4 ms. Memory: 152576K Free: 79420K (52%)
----------------- Invoking toplevel() on ptolemy.moml.MoMLSimpleApplication@2445a140
----------------- Done invoking toplevel() on ptolemy.moml.MoMLSimpleApplication@2445a140
reloadAllAccessors: .RunCompositeIterateOverArray

===========================================================================================
----------------- testing Sun Oct 06 05:57:16 UTC 2019 /home/travis/build/icyphy/ptII/ptolemy/actor/lib/hoc/test/auto/ThreadedJS.xml
----------------- Instantiating /home/travis/build/icyphy/ptII/ptolemy/actor/lib/hoc/test/auto/ThreadedJS.xml
7206 ms. Memory: 220160K Free: 69930K (32%)
----------------- Invoking toplevel() on ptolemy.moml.MoMLSimpleApplication@1e773c8e
----------------- Done invoking toplevel() on ptolemy.moml.MoMLSimpleApplication@1e773c8e
reloadAllAccessors: .ThreadedJS
AutoTests.java: About to close Vertx.
AutoTests.java: Vertx closed.
]]></system-out>
  <system-err><![CDATA[java.lang.RuntimeException: Execution failed
	at ptolemy.moml.MoMLSimpleApplication$UnloadThread.run(MoMLSimpleApplication.java:402)
Caused by: ptolemy.kernel.util.IllegalActionException: initialize() was called after wrapup() was called but preinitialize() was not called after wrapup().
	at ptolemy.actor.lib.hoc.test.PreinitializeMustBeInvoked.initialize(PreinitializeMustBeInvoked.java:78)
	at ptolemy.actor.Director.initialize(Director.java:938)
	at ptolemy.actor.Director.initialize(Director.java:907)
	at ptolemy.actor.sched.StaticSchedulingDirector.initialize(StaticSchedulingDirector.java:159)
	at ptolemy.domains.sdf.kernel.SDFDirector.initialize(SDFDirector.java:544)
	at ptolemy.actor.CompositeActor.initialize(CompositeActor.java:935)
	at ptolemy.actor.lib.hoc.LifeCycleManager._executeInsideModel(LifeCycleManager.java:339)
	at ptolemy.actor.lib.hoc.RunCompositeActor.fire(RunCompositeActor.java:205)
	at ptolemy.actor.CompositeActor.iterate(CompositeActor.java:1146)
	at ptolemy.actor.sched.StaticSchedulingDirector.fire(StaticSchedulingDirector.java:216)
	at ptolemy.domains.sdf.kernel.SDFDirector.fire(SDFDirector.java:500)
	at ptolemy.actor.CompositeActor.fire(CompositeActor.java:455)
	at ptolemy.actor.Manager.iterate(Manager.java:851)
	at ptolemy.actor.Manager.execute(Manager.java:369)
	at ptolemy.actor.Manager.run(Manager.java:1263)
	at ptolemy.actor.Manager$PtolemyRunThread.run(Manager.java:1933)
java.lang.reflect.InvocationTargetException
	at java.base/jdk.internal.reflect.NativeConstructorAccessorImpl.newInstance0(Native Method)
	at java.base/jdk.internal.reflect.NativeConstructorAccessorImpl.newInstance(NativeConstructorAccessorImpl.java:62)
	at java.base/jdk.internal.reflect.DelegatingConstructorAccessorImpl.newInstance(DelegatingConstructorAccessorImpl.java:45)
	at java.base/java.lang.reflect.Constructor.newInstance(Constructor.java:490)
	at ptolemy.util.test.junit.AutoKnownFailedTests.RunModel(AutoKnownFailedTests.java:105)
	at java.base/jdk.internal.reflect.NativeMethodAccessorImpl.invoke0(Native Method)
	at java.base/jdk.internal.reflect.NativeMethodAccessorImpl.invoke(NativeMethodAccessorImpl.java:62)
	at java.base/jdk.internal.reflect.DelegatingMethodAccessorImpl.invoke(DelegatingMethodAccessorImpl.java:43)
	at java.base/java.lang.reflect.Method.invoke(Method.java:566)
	at org.junit.runners.model.FrameworkMethod$1.runReflectiveCall(FrameworkMethod.java:44)
	at org.junit.internal.runners.model.ReflectiveCallable.run(ReflectiveCallable.java:15)
	at org.junit.runners.model.FrameworkMethod.invokeExplosively(FrameworkMethod.java:41)
	at junitparams.internal.InvokeParameterisedMethod.evaluate(InvokeParameterisedMethod.java:102)
	at org.junit.internal.runners.statements.FailOnTimeout$1.run(FailOnTimeout.java:28)
Caused by: ptolemy.kernel.util.IllegalActionException: initialize() was called after wrapup() was called but preinitialize() was not called after wrapup().
	at ptolemy.actor.lib.hoc.test.PreinitializeMustBeInvoked.initialize(PreinitializeMustBeInvoked.java:78)
	at ptolemy.actor.Director.initialize(Director.java:938)
	at ptolemy.actor.Director.initialize(Director.java:907)
	at ptolemy.actor.sched.StaticSchedulingDirector.initialize(StaticSchedulingDirector.java:159)
	at ptolemy.domains.sdf.kernel.SDFDirector.initialize(SDFDirector.java:544)
	at ptolemy.actor.CompositeActor.initialize(CompositeActor.java:935)
	at ptolemy.actor.lib.hoc.LifeCycleManager._executeInsideModel(LifeCycleManager.java:339)
	at ptolemy.actor.lib.hoc.RunCompositeActor.fire(RunCompositeActor.java:205)
	at ptolemy.actor.CompositeActor.iterate(CompositeActor.java:1146)
	at ptolemy.actor.sched.StaticSchedulingDirector.fire(StaticSchedulingDirector.java:216)
	at ptolemy.domains.sdf.kernel.SDFDirector.fire(SDFDirector.java:500)
	at ptolemy.actor.CompositeActor.fire(CompositeActor.java:455)
	at ptolemy.actor.Manager.iterate(Manager.java:851)
	at ptolemy.actor.Manager.execute(Manager.java:369)
	at ptolemy.actor.Manager.run(Manager.java:1263)
	at ptolemy.actor.Manager$PtolemyRunThread.run(Manager.java:1933)
Warning: Nashorn engine is planned to be removed from a future JDK release
Warning: Nashorn engine is planned to be removed from a future JDK release
Warning: Nashorn engine is planned to be removed from a future JDK release
Warning: Nashorn engine is planned to be removed from a future JDK release
Warning: Nashorn engine is planned to be removed from a future JDK release
Warning: Nashorn engine is planned to be removed from a future JDK release
Warning: Nashorn engine is planned to be removed from a future JDK release
Warning: Nashorn engine is planned to be removed from a future JDK release
]]></system-err>
</testsuite>
