<?xml version="1.0" encoding="UTF-8" ?>
<testsuite errors="0" failures="0" hostname="travis-job-d9ad7b77-3224-47a7-8ee7-9924094abad0" name="ptolemy.domains.de.test.junit.JUnitTclTest" skipped="0" tests="101" time="126.111" timestamp="2020-08-08T15:19:59">
  <properties>
[...]
</properties>
  <testcase classname="ptolemy.util.test.junit.TclTests" name="[0] /home/travis/build/icyphy/ptII/ptolemy/domains/de/test/DependencyLoop.tcl (RunTclFile)" time="1.074" />
  <testcase classname="ptolemy.util.test.junit.TclTests" name="[1] /home/travis/build/icyphy/ptII/ptolemy/domains/de/test/RunDETestsAsQSS.tcl (RunTclFile)" time="85.668" />
  <testcase classname="ptolemy.util.test.junit.AutoKnownFailedTests" name="[0] /home/travis/build/icyphy/ptII/ptolemy/domains/de/test/auto/knownFailedTests/DESDFClockTest.xml (RunModel)" time="2.054" />
  <testcase classname="ptolemy.util.test.junit.AutoKnownFailedTests" name="[1] /home/travis/build/icyphy/ptII/ptolemy/domains/de/test/auto/knownFailedTests/DirectFeedback.xml (RunModel)" time="0.02" />
  <testcase classname="ptolemy.util.test.junit.AutoKnownFailedTests" name="[2] /home/travis/build/icyphy/ptII/ptolemy/domains/de/test/auto/knownFailedTests/FSMSource.xml (RunModel)" time="0.024" />
  <testcase classname="ptolemy.util.test.junit.AutoKnownFailedTests" name="[3] /home/travis/build/icyphy/ptII/ptolemy/domains/de/test/auto/knownFailedTests/HierarchicalModel.xml (RunModel)" time="0.063" />
  <testcase classname="ptolemy.util.test.junit.AutoKnownFailedTests" name="[4] /home/travis/build/icyphy/ptII/ptolemy/domains/de/test/auto/knownFailedTests/dependencyLoop.xml (RunModel)" time="0.04" />
  <testcase classname="ptolemy.util.test.junit.AutoKnownFailedTests" name="[5] /home/travis/build/icyphy/ptII/ptolemy/domains/de/test/auto/knownFailedTests/dependencyLoop2.xml (RunModel)" time="0.043" />
  <testcase classname="ptolemy.util.test.junit.AutoNameArchTests" name="[0] ThereAreNoAutoArchTests (RunModel)" time="0.001" />
  <testcase classname="ptolemy.util.test.junit.AutoTests" name="[0] /home/travis/build/icyphy/ptII/ptolemy/domains/de/test/auto/ActorDepthCalculation_actorWithoutPorts.xml (RunModel)" time="0.025" />
  <testcase classname="ptolemy.util.test.junit.AutoTests" name="[1] /home/travis/build/icyphy/ptII/ptolemy/domains/de/test/auto/AssemblyLine.xml (RunModel)" time="0.024" />
  <testcase classname="ptolemy.util.test.junit.AutoTests" name="[2] /home/travis/build/icyphy/ptII/ptolemy/domains/de/test/auto/CQBug1.xml (RunModel)" time="0.017" />
  <testcase classname="ptolemy.util.test.junit.AutoTests" name="[3] /home/travis/build/icyphy/ptII/ptolemy/domains/de/test/auto/CancelFireAt.xml (RunModel)" time="0.019" />
  <testcase classname="ptolemy.util.test.junit.AutoTests" name="[4] /home/travis/build/icyphy/ptII/ptolemy/domains/de/test/auto/CausalityAndComposabilityAnalysis.xml (RunModel)" time="0.024" />
  <testcase classname="ptolemy.util.test.junit.AutoTests" name="[5] /home/travis/build/icyphy/ptII/ptolemy/domains/de/test/auto/CausalityInterface1.xml (RunModel)" time="0.019" />
  <testcase classname="ptolemy.util.test.junit.AutoTests" name="[6] /home/travis/build/icyphy/ptII/ptolemy/domains/de/test/auto/CausalityInterface15.xml (RunModel)" time="0.016" />
  <testcase classname="ptolemy.util.test.junit.AutoTests" name="[7] /home/travis/build/icyphy/ptII/ptolemy/domains/de/test/auto/CausalityInterface2.xml (RunModel)" time="0.013" />
  <testcase classname="ptolemy.util.test.junit.AutoTests" name="[8] /home/travis/build/icyphy/ptII/ptolemy/domains/de/test/auto/CausalityInterface3.xml (RunModel)" time="0.019" />
  <testcase classname="ptolemy.util.test.junit.AutoTests" name="[9] /home/travis/build/icyphy/ptII/ptolemy/domains/de/test/auto/ClockDrift.xml (RunModel)" time="0.034" />
  <testcase classname="ptolemy.util.test.junit.AutoTests" name="[10] /home/travis/build/icyphy/ptII/ptolemy/domains/de/test/auto/ClockDriftAndValueChange.xml (RunModel)" time="0.031" />
  <testcase classname="ptolemy.util.test.junit.AutoTests" name="[11] /home/travis/build/icyphy/ptII/ptolemy/domains/de/test/auto/ClockDriftChange.xml (RunModel)" time="0.042" />
  <testcase classname="ptolemy.util.test.junit.AutoTests" name="[12] /home/travis/build/icyphy/ptII/ptolemy/domains/de/test/auto/ComposableCausalityAnalysis.xml (RunModel)" time="0.016" />
  <testcase classname="ptolemy.util.test.junit.AutoTests" name="[13] /home/travis/build/icyphy/ptII/ptolemy/domains/de/test/auto/DEFixedPointLimitation.xml (RunModel)" time="0.01" />
  <testcase classname="ptolemy.util.test.junit.AutoTests" name="[14] /home/travis/build/icyphy/ptII/ptolemy/domains/de/test/auto/DEScheduleTest.xml (RunModel)" time="0.015" />
  <testcase classname="ptolemy.util.test.junit.AutoTests" name="[15] /home/travis/build/icyphy/ptII/ptolemy/domains/de/test/auto/DEinDEwithStartTimes.xml (RunModel)" time="0.015" />
  <testcase classname="ptolemy.util.test.junit.AutoTests" name="[16] /home/travis/build/icyphy/ptII/ptolemy/domains/de/test/auto/DEinDEwithStartTimes2.xml (RunModel)" time="0.017" />
  <testcase classname="ptolemy.util.test.junit.AutoTests" name="[17] /home/travis/build/icyphy/ptII/ptolemy/domains/de/test/auto/DateDemo.xml (RunModel)" time="0.029" />
  <testcase classname="ptolemy.util.test.junit.AutoTests" name="[18] /home/travis/build/icyphy/ptII/ptolemy/domains/de/test/auto/DateToEvent.xml (RunModel)" time="2.043" />
  <testcase classname="ptolemy.util.test.junit.AutoTests" name="[19] /home/travis/build/icyphy/ptII/ptolemy/domains/de/test/auto/DepthTest1.xml (RunModel)" time="0.008" />
  <testcase classname="ptolemy.util.test.junit.AutoTests" name="[20] /home/travis/build/icyphy/ptII/ptolemy/domains/de/test/auto/DepthTest2.xml (RunModel)" time="0.019" />
  <testcase classname="ptolemy.util.test.junit.AutoTests" name="[21] /home/travis/build/icyphy/ptII/ptolemy/domains/de/test/auto/DepthTest3.xml (RunModel)" time="0.009" />
  <testcase classname="ptolemy.util.test.junit.AutoTests" name="[22] /home/travis/build/icyphy/ptII/ptolemy/domains/de/test/auto/DepthTest4.xml (RunModel)" time="0.029" />
  <testcase classname="ptolemy.util.test.junit.AutoTests" name="[23] /home/travis/build/icyphy/ptII/ptolemy/domains/de/test/auto/DepthTest5.xml (RunModel)" time="0.017" />
  <testcase classname="ptolemy.util.test.junit.AutoTests" name="[24] /home/travis/build/icyphy/ptII/ptolemy/domains/de/test/auto/DepthTest6.xml (RunModel)" time="0.013" />
  <testcase classname="ptolemy.util.test.junit.AutoTests" name="[25] /home/travis/build/icyphy/ptII/ptolemy/domains/de/test/auto/DepthTest7.xml (RunModel)" time="0.011" />
  <testcase classname="ptolemy.util.test.junit.AutoTests" name="[26] /home/travis/build/icyphy/ptII/ptolemy/domains/de/test/auto/EventToDate.xml (RunModel)" time="3.04" />
  <testcase classname="ptolemy.util.test.junit.AutoTests" name="[27] /home/travis/build/icyphy/ptII/ptolemy/domains/de/test/auto/FSM1.xml (RunModel)" time="0.051" />
  <testcase classname="ptolemy.util.test.junit.AutoTests" name="[28] /home/travis/build/icyphy/ptII/ptolemy/domains/de/test/auto/FSM7.xml (RunModel)" time="0.048" />
  <testcase classname="ptolemy.util.test.junit.AutoTests" name="[29] /home/travis/build/icyphy/ptII/ptolemy/domains/de/test/auto/Inspection.xml (RunModel)" time="0.039" />
  <testcase classname="ptolemy.util.test.junit.AutoTests" name="[30] /home/travis/build/icyphy/ptII/ptolemy/domains/de/test/auto/Iteration.xml (RunModel)" time="0.027" />
  <testcase classname="ptolemy.util.test.junit.AutoTests" name="[31] /home/travis/build/icyphy/ptII/ptolemy/domains/de/test/auto/LineFault.xml (RunModel)" time="0.559" />
  <testcase classname="ptolemy.util.test.junit.AutoTests" name="[32] /home/travis/build/icyphy/ptII/ptolemy/domains/de/test/auto/MergeModel1Add.xml (RunModel)" time="0.044" />
  <testcase classname="ptolemy.util.test.junit.AutoTests" name="[33] /home/travis/build/icyphy/ptII/ptolemy/domains/de/test/auto/MergeModel2Add.xml (RunModel)" time="0.036" />
  <testcase classname="ptolemy.util.test.junit.AutoTests" name="[34] /home/travis/build/icyphy/ptII/ptolemy/domains/de/test/auto/MergeModel3Add.xml (RunModel)" time="0.041" />
  <testcase classname="ptolemy.util.test.junit.AutoTests" name="[35] /home/travis/build/icyphy/ptII/ptolemy/domains/de/test/auto/MergeWithoutDiscard.xml (RunModel)" time="0.011" />
  <testcase classname="ptolemy.util.test.junit.AutoTests" name="[36] /home/travis/build/icyphy/ptII/ptolemy/domains/de/test/auto/Modal1.xml (RunModel)" time="0.028" />
  <testcase classname="ptolemy.util.test.junit.AutoTests" name="[37] /home/travis/build/icyphy/ptII/ptolemy/domains/de/test/auto/Modal2.xml (RunModel)" time="0.031" />
  <testcase classname="ptolemy.util.test.junit.AutoTests" name="[38] /home/travis/build/icyphy/ptII/ptolemy/domains/de/test/auto/Modal3.xml (RunModel)" time="0.029" />
  <testcase classname="ptolemy.util.test.junit.AutoTests" name="[39] /home/travis/build/icyphy/ptII/ptolemy/domains/de/test/auto/Modal4.xml (RunModel)" time="0.033" />
  <testcase classname="ptolemy.util.test.junit.AutoTests" name="[40] /home/travis/build/icyphy/ptII/ptolemy/domains/de/test/auto/Modal5.xml (RunModel)" time="0.031" />
  <testcase classname="ptolemy.util.test.junit.AutoTests" name="[41] /home/travis/build/icyphy/ptII/ptolemy/domains/de/test/auto/Modal6.xml (RunModel)" time="0.035" />
  <testcase classname="ptolemy.util.test.junit.AutoTests" name="[42] /home/travis/build/icyphy/ptII/ptolemy/domains/de/test/auto/Modal7.xml (RunModel)" time="0.028" />
  <testcase classname="ptolemy.util.test.junit.AutoTests" name="[43] /home/travis/build/icyphy/ptII/ptolemy/domains/de/test/auto/ModalModel.xml (RunModel)" time="0.154" />
  <testcase classname="ptolemy.util.test.junit.AutoTests" name="[44] /home/travis/build/icyphy/ptII/ptolemy/domains/de/test/auto/ModalSource.xml (RunModel)" time="0.02" />
  <testcase classname="ptolemy.util.test.junit.AutoTests" name="[45] /home/travis/build/icyphy/ptII/ptolemy/domains/de/test/auto/NonInterruptibleTimerZeroDelay.xml (RunModel)" time="0.01" />
  <testcase classname="ptolemy.util.test.junit.AutoTests" name="[46] /home/travis/build/icyphy/ptII/ptolemy/domains/de/test/auto/OpenQueueingNetwork.xml (RunModel)" time="2.36" />
  <testcase classname="ptolemy.util.test.junit.AutoTests" name="[47] /home/travis/build/icyphy/ptII/ptolemy/domains/de/test/auto/OpenQueuingNetwork.xml (RunModel)" time="0.263" />
  <testcase classname="ptolemy.util.test.junit.AutoTests" name="[48] /home/travis/build/icyphy/ptII/ptolemy/domains/de/test/auto/PeriodicSampler.xml (RunModel)" time="0.011" />
  <testcase classname="ptolemy.util.test.junit.AutoTests" name="[49] /home/travis/build/icyphy/ptII/ptolemy/domains/de/test/auto/PersistentIO.xml (RunModel)" time="0.019" />
  <testcase classname="ptolemy.util.test.junit.AutoTests" name="[50] /home/travis/build/icyphy/ptII/ptolemy/domains/de/test/auto/PortParameterResetOnInitialize.xml (RunModel)" time="0.011" />
  <testcase classname="ptolemy.util.test.junit.AutoTests" name="[51] /home/travis/build/icyphy/ptII/ptolemy/domains/de/test/auto/PortParameterUpdates.xml (RunModel)" time="0.015" />
  <testcase classname="ptolemy.util.test.junit.AutoTests" name="[52] /home/travis/build/icyphy/ptII/ptolemy/domains/de/test/auto/QueueAndServer.xml (RunModel)" time="0.021" />
  <testcase classname="ptolemy.util.test.junit.AutoTests" name="[53] /home/travis/build/icyphy/ptII/ptolemy/domains/de/test/auto/Records.xml (RunModel)" time="0.013" />
  <testcase classname="ptolemy.util.test.junit.AutoTests" name="[54] /home/travis/build/icyphy/ptII/ptolemy/domains/de/test/auto/ResetTransitionWithStartTime1.xml (RunModel)" time="0.019" />
  <testcase classname="ptolemy.util.test.junit.AutoTests" name="[55] /home/travis/build/icyphy/ptII/ptolemy/domains/de/test/auto/ResetTransitionWithStartTime2.xml (RunModel)" time="0.019" />
  <testcase classname="ptolemy.util.test.junit.AutoTests" name="[56] /home/travis/build/icyphy/ptII/ptolemy/domains/de/test/auto/ResetTransitionWithStartTime3.xml (RunModel)" time="0.02" />
  <testcase classname="ptolemy.util.test.junit.AutoTests" name="[57] /home/travis/build/icyphy/ptII/ptolemy/domains/de/test/auto/ResetTransitionWithStartTime4.xml (RunModel)" time="0.024" />
  <testcase classname="ptolemy.util.test.junit.AutoTests" name="[58] /home/travis/build/icyphy/ptII/ptolemy/domains/de/test/auto/ResettableTimer1.xml (RunModel)" time="0.009" />
  <testcase classname="ptolemy.util.test.junit.AutoTests" name="[59] /home/travis/build/icyphy/ptII/ptolemy/domains/de/test/auto/ResettableTimer2.xml (RunModel)" time="0.009" />
  <testcase classname="ptolemy.util.test.junit.AutoTests" name="[60] /home/travis/build/icyphy/ptII/ptolemy/domains/de/test/auto/ResettableTimer3.xml (RunModel)" time="0.009" />
  <testcase classname="ptolemy.util.test.junit.AutoTests" name="[61] /home/travis/build/icyphy/ptII/ptolemy/domains/de/test/auto/ResettableTimer4.xml (RunModel)" time="0.009" />
  <testcase classname="ptolemy.util.test.junit.AutoTests" name="[62] /home/travis/build/icyphy/ptII/ptolemy/domains/de/test/auto/ResettableTimer5.xml (RunModel)" time="0.009" />
  <testcase classname="ptolemy.util.test.junit.AutoTests" name="[63] /home/travis/build/icyphy/ptII/ptolemy/domains/de/test/auto/ResettableTimer6.xml (RunModel)" time="0.016" />
  <testcase classname="ptolemy.util.test.junit.AutoTests" name="[64] /home/travis/build/icyphy/ptII/ptolemy/domains/de/test/auto/ServerZeroDelay.xml (RunModel)" time="0.01" />
  <testcase classname="ptolemy.util.test.junit.AutoTests" name="[65] /home/travis/build/icyphy/ptII/ptolemy/domains/de/test/auto/SmartSender.xml (RunModel)" time="3.008" />
  <testcase classname="ptolemy.util.test.junit.AutoTests" name="[66] /home/travis/build/icyphy/ptII/ptolemy/domains/de/test/auto/ThreadedComposite.xml (RunModel)" time="0.138" />
  <testcase classname="ptolemy.util.test.junit.AutoTests" name="[67] /home/travis/build/icyphy/ptII/ptolemy/domains/de/test/auto/Time.xml (RunModel)" time="0.387" />
  <testcase classname="ptolemy.util.test.junit.AutoTests" name="[68] /home/travis/build/icyphy/ptII/ptolemy/domains/de/test/auto/TimeDelayZeroDelay.xml (RunModel)" time="0.012" />
  <testcase classname="ptolemy.util.test.junit.AutoTests" name="[69] /home/travis/build/icyphy/ptII/ptolemy/domains/de/test/auto/TimerZeroDelay.xml (RunModel)" time="0.011" />
  <testcase classname="ptolemy.util.test.junit.AutoTests" name="[70] /home/travis/build/icyphy/ptII/ptolemy/domains/de/test/auto/TimingParadox.xml (RunModel)" time="0.363" />
  <testcase classname="ptolemy.util.test.junit.AutoTests" name="[71] /home/travis/build/icyphy/ptII/ptolemy/domains/de/test/auto/TransferInputs.xml (RunModel)" time="0.009" />
  <testcase classname="ptolemy.util.test.junit.AutoTests" name="[72] /home/travis/build/icyphy/ptII/ptolemy/domains/de/test/auto/TransferOutputs2.xml (RunModel)" time="0.015" />
  <testcase classname="ptolemy.util.test.junit.AutoTests" name="[73] /home/travis/build/icyphy/ptII/ptolemy/domains/de/test/auto/Trilateration.xml (RunModel)" time="11.028" />
  <testcase classname="ptolemy.util.test.junit.AutoTests" name="[74] /home/travis/build/icyphy/ptII/ptolemy/domains/de/test/auto/TwoSigmaDelta.xml (RunModel)" time="1.825" />
  <testcase classname="ptolemy.util.test.junit.AutoTests" name="[75] /home/travis/build/icyphy/ptII/ptolemy/domains/de/test/auto/VariableDelay.xml (RunModel)" time="0.012" />
  <testcase classname="ptolemy.util.test.junit.AutoTests" name="[76] /home/travis/build/icyphy/ptII/ptolemy/domains/de/test/auto/VariableDelay2.xml (RunModel)" time="0.008" />
  <testcase classname="ptolemy.util.test.junit.AutoTests" name="[77] /home/travis/build/icyphy/ptII/ptolemy/domains/de/test/auto/VariableDelayZeroDelay.xml (RunModel)" time="0.018" />
  <testcase classname="ptolemy.util.test.junit.AutoTests" name="[78] /home/travis/build/icyphy/ptII/ptolemy/domains/de/test/auto/VariableDelayZeroDelay2.xml (RunModel)" time="0.009" />
  <testcase classname="ptolemy.util.test.junit.AutoTests" name="[79] /home/travis/build/icyphy/ptII/ptolemy/domains/de/test/auto/deInCt.xml (RunModel)" time="0.021" />
  <testcase classname="ptolemy.util.test.junit.AutoTests" name="[80] /home/travis/build/icyphy/ptII/ptolemy/domains/de/test/auto/deInCt2.xml (RunModel)" time="0.017" />
  <testcase classname="ptolemy.util.test.junit.AutoTests" name="[81] /home/travis/build/icyphy/ptII/ptolemy/domains/de/test/auto/dynamicCausalityInterface1.xml (RunModel)" time="0.018" />
  <testcase classname="ptolemy.util.test.junit.AutoTests" name="[82] /home/travis/build/icyphy/ptII/ptolemy/domains/de/test/auto/fsm_de_test.xml (RunModel)" time="0.026" />
  <testcase classname="ptolemy.util.test.junit.AutoTests" name="[83] /home/travis/build/icyphy/ptII/ptolemy/domains/de/test/auto/functionDependencyReconstruction.xml (RunModel)" time="0.037" />
  <testcase classname="ptolemy.util.test.junit.AutoTests" name="[84] /home/travis/build/icyphy/ptII/ptolemy/domains/de/test/auto/multirate.xml (RunModel)" time="0.015" />
  <testcase classname="ptolemy.util.test.junit.AutoTests" name="[85] /home/travis/build/icyphy/ptII/ptolemy/domains/de/test/auto/multirate2.xml (RunModel)" time="0.019" />
  <testcase classname="ptolemy.util.test.junit.AutoTests" name="[86] /home/travis/build/icyphy/ptII/ptolemy/domains/de/test/auto/realtime.xml (RunModel)" time="10.011" />
  <testcase classname="ptolemy.util.test.junit.AutoTests" name="[87] /home/travis/build/icyphy/ptII/ptolemy/domains/de/test/auto/relationGroup.xml (RunModel)" time="0.01" />
  <testcase classname="ptolemy.util.test.junit.AutoTests" name="[88] /home/travis/build/icyphy/ptII/ptolemy/domains/de/test/auto/relationGroup2.xml (RunModel)" time="0.013" />
  <testcase classname="ptolemy.util.test.junit.AutoTests" name="[89] /home/travis/build/icyphy/ptII/ptolemy/domains/de/test/auto/sortWithOpaquePorts.xml (RunModel)" time="0.007" />
  <testcase classname="ptolemy.util.test.junit.AutoTests" name="[90] /home/travis/build/icyphy/ptII/ptolemy/domains/de/test/auto/transferInputsandOutputs.xml (RunModel)" time="0.019" />
  <testcase classname="ptolemy.util.test.junit.AutoTests" name="[91] /home/travis/build/icyphy/ptII/ptolemy/domains/de/test/auto/triggerType.xml (RunModel)" time="0.012" />
  <system-out><![CDATA[/home/travis/build/icyphy/ptII/ptolemy/domains/de/test/DependencyLoop.tcl
testDefs.tcl: setting time out to 9000 seconds at Sat Aug 08 15:19:59 UTC 2020
98 ms. Memory: 129024K Free: 78792K (61%)
18 ms. Memory: 129024K Free: 61384K (48%)
/home/travis/build/icyphy/ptII/ptolemy/domains/de/test/RunDETestsAsQSS.tcl
Run the DE tests using ptolemy.domains.qss.test.QSSDirectorTest, which extends QSSDirector and prints a message in the constructors.
------------------ testing $PTII/ptolemy/domains/de/test/auto/knownFailedTests/DirectFeedback.xml (Known Failure) 
67 ms. Memory: 129024K Free: 55750K (43%)


==== $PTIIhome/travis/build/icyphy/ptII/ptolemy/domains/de/test/../../../../: Auto Automatic test in file $PTII/ptolemy/domains/de/test/auto/knownFailedTests/DirectFeedback.xml
==== Contents of test case:

	    # FIXME: we should use $relativeFilename here, but it
	    # might have backslashes under Windows, which causes no end
	    # of trouble.
	    createAndExecute $file
	    list {}
	
.... Test generated KNOWN error:
    while executing
ptolemy.kernel.util.IllegalActionException: Test fails in iteration 1.
Value was: 1.0. Should have been: 2.0
  in .DirectFeedback.Test
	at ptolemy.actor.lib.Test.fire(Test.java:268)
	at ptolemy.domains.de.kernel.DEDirector._fire(DEDirector.java:1949)
	at ptolemy.domains.de.kernel.DEDirector.fire(DEDirector.java:502)
	at ptolemy.actor.CompositeActor.fire(CompositeActor.java:455)
	at ptolemy.actor.Manager.iterate(Manager.java:851)
	at ptolemy.actor.Manager.execute(Manager.java:369)
	at ptolemy.actor.Manager.run(Manager.java:1263)
	at ptolemy.actor.Manager$PtolemyRunThread.run(Manager.java:1933)

    while executing
ptolemy.kernel.util.IllegalActionException: Test fails in iteration 1.
Value was: 1.0. Should have been: 2.0
  in .DirectFeedback.Test
    while executing
"java::new ptolemy.moml.MoMLSimpleApplication $file
"
    (procedure "createAndExecute" line 2)
    invoked from within
"createAndExecute $file"
    ("uplevel" body line 5)
    invoked from within
"uplevel $contents_of_test"
------------------ testing $PTII/ptolemy/domains/de/test/auto/knownFailedTests/dependencyLoop.xml (Known Failure) 
17 ms. Memory: 129024K Free: 52678K (41%)


==== $PTIIhome/travis/build/icyphy/ptII/ptolemy/domains/de/test/../../../../: Auto Automatic test in file $PTII/ptolemy/domains/de/test/auto/knownFailedTests/dependencyLoop.xml
==== Contents of test case:

	    # FIXME: we should use $relativeFilename here, but it
	    # might have backslashes under Windows, which causes no end
	    # of trouble.
	    createAndExecute $file
	    list {}
	
.... Test generated KNOWN error:
    while executing
ptolemy.kernel.util.IllegalActionException: Found a zero delay loop containing .dependencyLoop.original
  in .dependencyLoop and .dependencyLoop.original
	at ptolemy.actor.util.CausalityInterfaceForComposites._computeOutputPortDepth(CausalityInterfaceForComposites.java:759)
	at ptolemy.actor.util.CausalityInterfaceForComposites._computeInputDepth(CausalityInterfaceForComposites.java:696)
	at ptolemy.actor.util.CausalityInterfaceForComposites._computeOutputPortDepth(CausalityInterfaceForComposites.java:765)
	at ptolemy.actor.util.CausalityInterfaceForComposites._computeInputDepth(CausalityInterfaceForComposites.java:696)
	at ptolemy.actor.util.CausalityInterfaceForComposites._computeOutputPortDepth(CausalityInterfaceForComposites.java:765)
	at ptolemy.actor.util.CausalityInterfaceForComposites._computeInputDepth(CausalityInterfaceForComposites.java:696)
	at ptolemy.actor.util.CausalityInterfaceForComposites._computeActorDepth(CausalityInterfaceForComposites.java:532)
	at ptolemy.actor.util.CausalityInterfaceForComposites.checkForCycles(CausalityInterfaceForComposites.java:96)
	at ptolemy.domains.de.kernel.DEDirector.preinitialize(DEDirector.java:1338)
	at ptolemy.actor.CompositeActor.preinitialize(CompositeActor.java:1828)
	at ptolemy.actor.Manager.preinitializeAndResolveTypes(Manager.java:1040)
	at ptolemy.actor.Manager.initialize(Manager.java:710)
	at ptolemy.actor.Manager.execute(Manager.java:356)
	at ptolemy.actor.Manager.run(Manager.java:1263)
	at ptolemy.actor.Manager$PtolemyRunThread.run(Manager.java:1933)

    while executing
ptolemy.kernel.util.IllegalActionException: Found a zero delay loop containing .dependencyLoop.original
  in .dependencyLoop and .dependencyLoop.original
    while executing
"java::new ptolemy.moml.MoMLSimpleApplication $file
"
    (procedure "createAndExecute" line 2)
    invoked from within
"createAndExecute $file"
    ("uplevel" body line 5)
    invoked from within
"uplevel $contents_of_test"
------------------ testing $PTII/ptolemy/domains/de/test/auto/knownFailedTests/FSMSource.xml (Known Failure) 
74 ms. Memory: 129024K Free: 110824K (86%)
!!!! Auto was marked as failing, but now passes
------------------ testing $PTII/ptolemy/domains/de/test/auto/knownFailedTests/HierarchicalModel.xml (Known Failure) 
11 ms. Memory: 129024K Free: 93389K (72%)


==== $PTIIhome/travis/build/icyphy/ptII/ptolemy/domains/de/test/../../../../: Auto Automatic test in file $PTII/ptolemy/domains/de/test/auto/knownFailedTests/HierarchicalModel.xml
==== Contents of test case:

	    # FIXME: we should use $relativeFilename here, but it
	    # might have backslashes under Windows, which causes no end
	    # of trouble.
	    createAndExecute $file
	    list {}
	
.... Test generated KNOWN error:
    while executing
ptolemy.kernel.util.IllegalActionException: Found a zero delay loop containing .HierarchicalModel.A
  in .HierarchicalModel and .HierarchicalModel.A
	at ptolemy.actor.util.CausalityInterfaceForComposites._computeOutputPortDepth(CausalityInterfaceForComposites.java:759)
	at ptolemy.actor.util.CausalityInterfaceForComposites._computeInputDepth(CausalityInterfaceForComposites.java:696)
	at ptolemy.actor.util.CausalityInterfaceForComposites._computeOutputPortDepth(CausalityInterfaceForComposites.java:765)
	at ptolemy.actor.util.CausalityInterfaceForComposites._computeInputDepth(CausalityInterfaceForComposites.java:696)
	at ptolemy.actor.util.CausalityInterfaceForComposites._computeOutputPortDepth(CausalityInterfaceForComposites.java:765)
	at ptolemy.actor.util.CausalityInterfaceForComposites._computeInputDepth(CausalityInterfaceForComposites.java:696)
	at ptolemy.actor.util.CausalityInterfaceForComposites._computeActorDepth(CausalityInterfaceForComposites.java:532)
	at ptolemy.actor.util.CausalityInterfaceForComposites.checkForCycles(CausalityInterfaceForComposites.java:96)
	at ptolemy.domains.de.kernel.DEDirector.preinitialize(DEDirector.java:1338)
	at ptolemy.actor.CompositeActor.preinitialize(CompositeActor.java:1828)
	at ptolemy.actor.Manager.preinitializeAndResolveTypes(Manager.java:1040)
	at ptolemy.actor.Manager.initialize(Manager.java:710)
	at ptolemy.actor.Manager.execute(Manager.java:356)
	at ptolemy.actor.Manager.run(Manager.java:1263)
	at ptolemy.actor.Manager$PtolemyRunThread.run(Manager.java:1933)

    while executing
ptolemy.kernel.util.IllegalActionException: Found a zero delay loop containing .HierarchicalModel.A
  in .HierarchicalModel and .HierarchicalModel.A
    while executing
"java::new ptolemy.moml.MoMLSimpleApplication $file
"
    (procedure "createAndExecute" line 2)
    invoked from within
"createAndExecute $file"
    ("uplevel" body line 5)
    invoked from within
"uplevel $contents_of_test"
------------------ testing $PTII/ptolemy/domains/de/test/auto/knownFailedTests/dependencyLoop2.xml (Known Failure) 
4 ms. Memory: 129024K Free: 77372K (60%)


==== $PTIIhome/travis/build/icyphy/ptII/ptolemy/domains/de/test/../../../../: Auto Automatic test in file $PTII/ptolemy/domains/de/test/auto/knownFailedTests/dependencyLoop2.xml
==== Contents of test case:

	    # FIXME: we should use $relativeFilename here, but it
	    # might have backslashes under Windows, which causes no end
	    # of trouble.
	    createAndExecute $file
	    list {}
	
.... Test generated KNOWN error:
    while executing
ptolemy.kernel.util.IllegalActionException: Found a zero delay loop containing .dependencyLoop2.original
  in .dependencyLoop2 and .dependencyLoop2.original
	at ptolemy.actor.util.CausalityInterfaceForComposites._computeOutputPortDepth(CausalityInterfaceForComposites.java:759)
	at ptolemy.actor.util.CausalityInterfaceForComposites._computeInputDepth(CausalityInterfaceForComposites.java:696)
	at ptolemy.actor.util.CausalityInterfaceForComposites._computeOutputPortDepth(CausalityInterfaceForComposites.java:765)
	at ptolemy.actor.util.CausalityInterfaceForComposites._computeInputDepth(CausalityInterfaceForComposites.java:696)
	at ptolemy.actor.util.CausalityInterfaceForComposites._computeOutputPortDepth(CausalityInterfaceForComposites.java:765)
	at ptolemy.actor.util.CausalityInterfaceForComposites._computeInputDepth(CausalityInterfaceForComposites.java:696)
	at ptolemy.actor.util.CausalityInterfaceForComposites._computeActorDepth(CausalityInterfaceForComposites.java:532)
	at ptolemy.actor.util.CausalityInterfaceForComposites.checkForCycles(CausalityInterfaceForComposites.java:96)
	at ptolemy.domains.de.kernel.DEDirector.preinitialize(DEDirector.java:1338)
	at ptolemy.actor.CompositeActor.preinitialize(CompositeActor.java:1828)
	at ptolemy.actor.Manager.preinitializeAndResolveTypes(Manager.java:1040)
	at ptolemy.actor.Manager.initialize(Manager.java:710)
	at ptolemy.actor.Manager.execute(Manager.java:356)
	at ptolemy.actor.Manager.run(Manager.java:1263)
	at ptolemy.actor.Manager$PtolemyRunThread.run(Manager.java:1933)

    while executing
ptolemy.kernel.util.IllegalActionException: Found a zero delay loop containing .dependencyLoop2.original
  in .dependencyLoop2 and .dependencyLoop2.original
    while executing
"java::new ptolemy.moml.MoMLSimpleApplication $file
"
    (procedure "createAndExecute" line 2)
    invoked from within
"createAndExecute $file"
    ("uplevel" body line 5)
    invoked from within
"uplevel $contents_of_test"
------------------ testing $PTII/ptolemy/domains/de/test/auto/knownFailedTests/DESDFClockTest.xml (Known Failure) 
2040 ms. Memory: 129024K Free: 106234K (82%)


==== $PTIIhome/travis/build/icyphy/ptII/ptolemy/domains/de/test/../../../../: Auto Automatic test in file $PTII/ptolemy/domains/de/test/auto/knownFailedTests/DESDFClockTest.xml
==== Contents of test case:

	    # FIXME: we should use $relativeFilename here, but it
	    # might have backslashes under Windows, which causes no end
	    # of trouble.
	    createAndExecute $file
	    list {}
	
.... Test generated KNOWN error:
    while executing
ptolemy.kernel.util.IllegalActionException: Actor is not ready to fire.  Perhaps UpSample.prefire() returned false? Try debugging the actor by selecting "Listen to Actor".  Also, for SDF check moml for tokenConsumptionRate on input.
  in .DESDFClockTest.Play Bell.Copy1:SDF Director and .DESDFClockTest.Play Bell.UpSample
	at ptolemy.actor.sched.StaticSchedulingDirector.fire(StaticSchedulingDirector.java:227)
	at ptolemy.domains.sdf.kernel.SDFDirector.fire(SDFDirector.java:500)
	at ptolemy.actor.CompositeActor.fire(CompositeActor.java:455)
	at ptolemy.domains.de.kernel.DEDirector._fire(DEDirector.java:1949)
	at ptolemy.domains.de.kernel.DEDirector.fire(DEDirector.java:502)
	at ptolemy.actor.CompositeActor.fire(CompositeActor.java:455)
	at ptolemy.actor.Manager.iterate(Manager.java:851)
	at ptolemy.actor.Manager.execute(Manager.java:369)
	at ptolemy.actor.Manager.run(Manager.java:1263)
	at ptolemy.actor.Manager$PtolemyRunThread.run(Manager.java:1933)

    while executing
ptolemy.kernel.util.IllegalActionException: Actor is not ready to fire.  Perhaps UpSample.prefire() returned false? Try debugging the actor by selecting "Listen to Actor".  Also, for SDF check moml for tokenConsumptionRate on input.
  in .DESDFClockTest.Play Bell.Copy1:SDF Director and .DESDFClockTest.Play Bell.UpSample
    while executing
"java::new ptolemy.moml.MoMLSimpleApplication $file
"
    (procedure "createAndExecute" line 2)
    invoked from within
"createAndExecute $file"
    ("uplevel" body line 5)
    invoked from within
"uplevel $contents_of_test"
------------------ testing $PTII/ptolemy/domains/de/test/auto/ActorDepthCalculation_actorWithoutPorts.xml
auto.tcl: Setting watchdog for 200 seconds at Sat Aug 08 15:20:03 UTC 2020
4 ms. Memory: 129024K Free: 99066K (77%)
ptolemy.util.test.WatchDog.cancel(): canceling Sat Aug 08 15:20:03 UTC 2020
auto.tcl: Setting watchdog for 200 seconds at Sat Aug 08 15:20:03 UTC 2020
9 ms. Memory: 129024K Free: 97528K (76%)
ptolemy.util.test.WatchDog.cancel(): canceling Sat Aug 08 15:20:03 UTC 2020
------------------ testing $PTII/ptolemy/domains/de/test/auto/AssemblyLine.xml
auto.tcl: Setting watchdog for 200 seconds at Sat Aug 08 15:20:03 UTC 2020
8 ms. Memory: 51200K Free: 27126K (53%)
ptolemy.util.test.WatchDog.cancel(): canceling Sat Aug 08 15:20:03 UTC 2020
auto.tcl: Setting watchdog for 200 seconds at Sat Aug 08 15:20:03 UTC 2020
9 ms. Memory: 51200K Free: 26730K (52%)
ptolemy.util.test.WatchDog.cancel(): canceling Sat Aug 08 15:20:03 UTC 2020
------------------ testing $PTII/ptolemy/domains/de/test/auto/CQBug1.xml
auto.tcl: Setting watchdog for 200 seconds at Sat Aug 08 15:20:03 UTC 2020
5 ms. Memory: 51200K Free: 33282K (65%)
ptolemy.util.test.WatchDog.cancel(): canceling Sat Aug 08 15:20:03 UTC 2020
auto.tcl: Setting watchdog for 200 seconds at Sat Aug 08 15:20:03 UTC 2020
2 ms. Memory: 51200K Free: 32816K (64%)
ptolemy.util.test.WatchDog.cancel(): canceling Sat Aug 08 15:20:03 UTC 2020
------------------ testing $PTII/ptolemy/domains/de/test/auto/CancelFireAt.xml
auto.tcl: Setting watchdog for 200 seconds at Sat Aug 08 15:20:04 UTC 2020
4 ms. Memory: 51200K Free: 34462K (67%)
ptolemy.util.test.WatchDog.cancel(): canceling Sat Aug 08 15:20:04 UTC 2020
auto.tcl: Setting watchdog for 200 seconds at Sat Aug 08 15:20:04 UTC 2020
6 ms. Memory: 51200K Free: 34002K (66%)
ptolemy.util.test.WatchDog.cancel(): canceling Sat Aug 08 15:20:04 UTC 2020
------------------ testing $PTII/ptolemy/domains/de/test/auto/CausalityAndComposabilityAnalysis.xml
auto.tcl: Setting watchdog for 200 seconds at Sat Aug 08 15:20:04 UTC 2020
6 ms. Memory: 48128K Free: 29350K (61%)
ptolemy.util.test.WatchDog.cancel(): canceling Sat Aug 08 15:20:04 UTC 2020
auto.tcl: Setting watchdog for 200 seconds at Sat Aug 08 15:20:04 UTC 2020
9 ms. Memory: 48128K Free: 28902K (60%)
ptolemy.util.test.WatchDog.cancel(): canceling Sat Aug 08 15:20:04 UTC 2020
------------------ testing $PTII/ptolemy/domains/de/test/auto/CausalityInterface1.xml
auto.tcl: Setting watchdog for 200 seconds at Sat Aug 08 15:20:04 UTC 2020
33 ms. Memory: 48128K Free: 28333K (59%)
ptolemy.util.test.WatchDog.cancel(): canceling Sat Aug 08 15:20:04 UTC 2020
auto.tcl: Setting watchdog for 200 seconds at Sat Aug 08 15:20:04 UTC 2020
5 ms. Memory: 48128K Free: 27370K (57%)
ptolemy.util.test.WatchDog.cancel(): canceling Sat Aug 08 15:20:04 UTC 2020
------------------ testing $PTII/ptolemy/domains/de/test/auto/CausalityInterface15.xml
auto.tcl: Setting watchdog for 200 seconds at Sat Aug 08 15:20:04 UTC 2020
6 ms. Memory: 48128K Free: 28022K (58%)
ptolemy.util.test.WatchDog.cancel(): canceling Sat Aug 08 15:20:04 UTC 2020
auto.tcl: Setting watchdog for 200 seconds at Sat Aug 08 15:20:04 UTC 2020
11 ms. Memory: 48128K Free: 27323K (57%)
ptolemy.util.test.WatchDog.cancel(): canceling Sat Aug 08 15:20:04 UTC 2020
------------------ testing $PTII/ptolemy/domains/de/test/auto/CausalityInterface2.xml
auto.tcl: Setting watchdog for 200 seconds at Sat Aug 08 15:20:04 UTC 2020
6 ms. Memory: 48128K Free: 29235K (61%)
ptolemy.util.test.WatchDog.cancel(): canceling Sat Aug 08 15:20:04 UTC 2020
auto.tcl: Setting watchdog for 200 seconds at Sat Aug 08 15:20:04 UTC 2020
3 ms. Memory: 48128K Free: 28346K (59%)
ptolemy.util.test.WatchDog.cancel(): canceling Sat Aug 08 15:20:04 UTC 2020
------------------ testing $PTII/ptolemy/domains/de/test/auto/CausalityInterface3.xml
auto.tcl: Setting watchdog for 200 seconds at Sat Aug 08 15:20:04 UTC 2020
10 ms. Memory: 48128K Free: 28535K (59%)
ptolemy.util.test.WatchDog.cancel(): canceling Sat Aug 08 15:20:04 UTC 2020
auto.tcl: Setting watchdog for 200 seconds at Sat Aug 08 15:20:04 UTC 2020
3 ms. Memory: 48128K Free: 27748K (58%)
ptolemy.util.test.WatchDog.cancel(): canceling Sat Aug 08 15:20:04 UTC 2020
------------------ testing $PTII/ptolemy/domains/de/test/auto/ClockDrift.xml
auto.tcl: Setting watchdog for 200 seconds at Sat Aug 08 15:20:04 UTC 2020
88 ms. Memory: 48128K Free: 21120K (44%)
ptolemy.util.test.WatchDog.cancel(): canceling Sat Aug 08 15:20:04 UTC 2020
auto.tcl: Setting watchdog for 200 seconds at Sat Aug 08 15:20:04 UTC 2020
57 ms. Memory: 48128K Free: 18105K (38%)
ptolemy.util.test.WatchDog.cancel(): canceling Sat Aug 08 15:20:04 UTC 2020
------------------ testing $PTII/ptolemy/domains/de/test/auto/ClockDriftAndValueChange.xml
auto.tcl: Setting watchdog for 200 seconds at Sat Aug 08 15:20:04 UTC 2020
36 ms. Memory: 48128K Free: 21206K (44%)
ptolemy.util.test.WatchDog.cancel(): canceling Sat Aug 08 15:20:04 UTC 2020
auto.tcl: Setting watchdog for 200 seconds at Sat Aug 08 15:20:04 UTC 2020
26 ms. Memory: 48128K Free: 18362K (38%)
ptolemy.util.test.WatchDog.cancel(): canceling Sat Aug 08 15:20:04 UTC 2020
------------------ testing $PTII/ptolemy/domains/de/test/auto/ClockDriftChange.xml
auto.tcl: Setting watchdog for 200 seconds at Sat Aug 08 15:20:04 UTC 2020
21 ms. Memory: 48128K Free: 23256K (48%)
ptolemy.util.test.WatchDog.cancel(): canceling Sat Aug 08 15:20:05 UTC 2020
auto.tcl: Setting watchdog for 200 seconds at Sat Aug 08 15:20:05 UTC 2020
15 ms. Memory: 48128K Free: 20700K (43%)
ptolemy.util.test.WatchDog.cancel(): canceling Sat Aug 08 15:20:05 UTC 2020
------------------ testing $PTII/ptolemy/domains/de/test/auto/ComposableCausalityAnalysis.xml
auto.tcl: Setting watchdog for 200 seconds at Sat Aug 08 15:20:05 UTC 2020
5 ms. Memory: 48128K Free: 27879K (58%)
ptolemy.util.test.WatchDog.cancel(): canceling Sat Aug 08 15:20:05 UTC 2020
auto.tcl: Setting watchdog for 200 seconds at Sat Aug 08 15:20:05 UTC 2020
4 ms. Memory: 48128K Free: 26857K (56%)
ptolemy.util.test.WatchDog.cancel(): canceling Sat Aug 08 15:20:05 UTC 2020
------------------ testing $PTII/ptolemy/domains/de/test/auto/DEFixedPointLimitation.xml
auto.tcl: Setting watchdog for 200 seconds at Sat Aug 08 15:20:05 UTC 2020
8 ms. Memory: 48128K Free: 29234K (61%)
ptolemy.util.test.WatchDog.cancel(): canceling Sat Aug 08 15:20:05 UTC 2020
auto.tcl: Setting watchdog for 200 seconds at Sat Aug 08 15:20:05 UTC 2020
1 ms. Memory: 48128K Free: 28326K (59%)
ptolemy.util.test.WatchDog.cancel(): canceling Sat Aug 08 15:20:05 UTC 2020
------------------ testing $PTII/ptolemy/domains/de/test/auto/DEScheduleTest.xml
auto.tcl: Setting watchdog for 200 seconds at Sat Aug 08 15:20:05 UTC 2020
10 ms. Memory: 48128K Free: 29542K (61%)
ptolemy.util.test.WatchDog.cancel(): canceling Sat Aug 08 15:20:05 UTC 2020
auto.tcl: Setting watchdog for 200 seconds at Sat Aug 08 15:20:05 UTC 2020
3 ms. Memory: 48128K Free: 28756K (60%)
ptolemy.util.test.WatchDog.cancel(): canceling Sat Aug 08 15:20:05 UTC 2020
------------------ testing $PTII/ptolemy/domains/de/test/auto/DEinDEwithStartTimes.xml
auto.tcl: Setting watchdog for 200 seconds at Sat Aug 08 15:20:05 UTC 2020
6 ms. Memory: 48128K Free: 27682K (58%)
ptolemy.util.test.WatchDog.cancel(): canceling Sat Aug 08 15:20:05 UTC 2020
auto.tcl: Setting watchdog for 200 seconds at Sat Aug 08 15:20:05 UTC 2020
6 ms. Memory: 48128K Free: 26658K (55%)
ptolemy.util.test.WatchDog.cancel(): canceling Sat Aug 08 15:20:05 UTC 2020
------------------ testing $PTII/ptolemy/domains/de/test/auto/DEinDEwithStartTimes2.xml
auto.tcl: Setting watchdog for 200 seconds at Sat Aug 08 15:20:05 UTC 2020
4 ms. Memory: 48128K Free: 26880K (56%)
ptolemy.util.test.WatchDog.cancel(): canceling Sat Aug 08 15:20:05 UTC 2020
auto.tcl: Setting watchdog for 200 seconds at Sat Aug 08 15:20:05 UTC 2020
7 ms. Memory: 48128K Free: 25611K (53%)
ptolemy.util.test.WatchDog.cancel(): canceling Sat Aug 08 15:20:05 UTC 2020
------------------ testing $PTII/ptolemy/domains/de/test/auto/DateDemo.xml
auto.tcl: Setting watchdog for 200 seconds at Sat Aug 08 15:20:05 UTC 2020
23 ms. Memory: 48128K Free: 21564K (45%)
ptolemy.util.test.WatchDog.cancel(): canceling Sat Aug 08 15:20:05 UTC 2020
auto.tcl: Setting watchdog for 200 seconds at Sat Aug 08 15:20:05 UTC 2020
8 ms. Memory: 48128K Free: 19732K (41%)
ptolemy.util.test.WatchDog.cancel(): canceling Sat Aug 08 15:20:05 UTC 2020
------------------ testing $PTII/ptolemy/domains/de/test/auto/DateToEvent.xml
auto.tcl: Setting watchdog for 200 seconds at Sat Aug 08 15:20:05 UTC 2020
2016 ms. Memory: 48128K Free: 17173K (36%)
ptolemy.util.test.WatchDog.cancel(): canceling Sat Aug 08 15:20:07 UTC 2020
auto.tcl: Setting watchdog for 200 seconds at Sat Aug 08 15:20:07 UTC 2020
2005 ms. Memory: 48128K Free: 16417K (34%)
ptolemy.util.test.WatchDog.cancel(): canceling Sat Aug 08 15:20:09 UTC 2020
------------------ testing $PTII/ptolemy/domains/de/test/auto/DepthTest1.xml
auto.tcl: Setting watchdog for 200 seconds at Sat Aug 08 15:20:09 UTC 2020
4 ms. Memory: 48128K Free: 30000K (62%)
ptolemy.util.test.WatchDog.cancel(): canceling Sat Aug 08 15:20:09 UTC 2020
auto.tcl: Setting watchdog for 200 seconds at Sat Aug 08 15:20:09 UTC 2020
2 ms. Memory: 48128K Free: 29572K (61%)
ptolemy.util.test.WatchDog.cancel(): canceling Sat Aug 08 15:20:09 UTC 2020
------------------ testing $PTII/ptolemy/domains/de/test/auto/DepthTest2.xml
auto.tcl: Setting watchdog for 200 seconds at Sat Aug 08 15:20:09 UTC 2020
4 ms. Memory: 48128K Free: 26867K (56%)
ptolemy.util.test.WatchDog.cancel(): canceling Sat Aug 08 15:20:09 UTC 2020
auto.tcl: Setting watchdog for 200 seconds at Sat Aug 08 15:20:09 UTC 2020
3 ms. Memory: 48128K Free: 26326K (55%)
ptolemy.util.test.WatchDog.cancel(): canceling Sat Aug 08 15:20:09 UTC 2020
------------------ testing $PTII/ptolemy/domains/de/test/auto/DepthTest3.xml
auto.tcl: Setting watchdog for 200 seconds at Sat Aug 08 15:20:09 UTC 2020
4 ms. Memory: 48128K Free: 30326K (63%)
ptolemy.util.test.WatchDog.cancel(): canceling Sat Aug 08 15:20:09 UTC 2020
auto.tcl: Setting watchdog for 200 seconds at Sat Aug 08 15:20:09 UTC 2020
2 ms. Memory: 48128K Free: 29908K (62%)
ptolemy.util.test.WatchDog.cancel(): canceling Sat Aug 08 15:20:09 UTC 2020
------------------ testing $PTII/ptolemy/domains/de/test/auto/DepthTest4.xml
auto.tcl: Setting watchdog for 200 seconds at Sat Aug 08 15:20:10 UTC 2020
6 ms. Memory: 48128K Free: 28684K (60%)
ptolemy.util.test.WatchDog.cancel(): canceling Sat Aug 08 15:20:10 UTC 2020
auto.tcl: Setting watchdog for 200 seconds at Sat Aug 08 15:20:10 UTC 2020
2 ms. Memory: 48128K Free: 27936K (58%)
ptolemy.util.test.WatchDog.cancel(): canceling Sat Aug 08 15:20:10 UTC 2020
------------------ testing $PTII/ptolemy/domains/de/test/auto/DepthTest5.xml
auto.tcl: Setting watchdog for 200 seconds at Sat Aug 08 15:20:10 UTC 2020
6 ms. Memory: 48128K Free: 27846K (58%)
ptolemy.util.test.WatchDog.cancel(): canceling Sat Aug 08 15:20:10 UTC 2020
auto.tcl: Setting watchdog for 200 seconds at Sat Aug 08 15:20:10 UTC 2020
3 ms. Memory: 48128K Free: 27419K (57%)
ptolemy.util.test.WatchDog.cancel(): canceling Sat Aug 08 15:20:10 UTC 2020
------------------ testing $PTII/ptolemy/domains/de/test/auto/DepthTest6.xml
auto.tcl: Setting watchdog for 200 seconds at Sat Aug 08 15:20:10 UTC 2020
7 ms. Memory: 48128K Free: 27814K (58%)
ptolemy.util.test.WatchDog.cancel(): canceling Sat Aug 08 15:20:10 UTC 2020
auto.tcl: Setting watchdog for 200 seconds at Sat Aug 08 15:20:10 UTC 2020
2 ms. Memory: 48128K Free: 27420K (57%)
ptolemy.util.test.WatchDog.cancel(): canceling Sat Aug 08 15:20:10 UTC 2020
------------------ testing $PTII/ptolemy/domains/de/test/auto/DepthTest7.xml
auto.tcl: Setting watchdog for 200 seconds at Sat Aug 08 15:20:10 UTC 2020
7 ms. Memory: 48128K Free: 28286K (59%)
ptolemy.util.test.WatchDog.cancel(): canceling Sat Aug 08 15:20:10 UTC 2020
auto.tcl: Setting watchdog for 200 seconds at Sat Aug 08 15:20:10 UTC 2020
2 ms. Memory: 48128K Free: 27868K (58%)
ptolemy.util.test.WatchDog.cancel(): canceling Sat Aug 08 15:20:10 UTC 2020
------------------ testing $PTII/ptolemy/domains/de/test/auto/EventToDate.xml
auto.tcl: Setting watchdog for 200 seconds at Sat Aug 08 15:20:10 UTC 2020
3014 ms. Memory: 48128K Free: 19360K (40%)
ptolemy.util.test.WatchDog.cancel(): canceling Sat Aug 08 15:20:13 UTC 2020
auto.tcl: Setting watchdog for 200 seconds at Sat Aug 08 15:20:13 UTC 2020
3004 ms. Memory: 48128K Free: 18685K (39%)
ptolemy.util.test.WatchDog.cancel(): canceling Sat Aug 08 15:20:16 UTC 2020
------------------ testing $PTII/ptolemy/domains/de/test/auto/FSM1.xml
auto.tcl: Setting watchdog for 200 seconds at Sat Aug 08 15:20:16 UTC 2020
20 ms. Memory: 48128K Free: 20096K (42%)
ptolemy.util.test.WatchDog.cancel(): canceling Sat Aug 08 15:20:16 UTC 2020
auto.tcl: Setting watchdog for 200 seconds at Sat Aug 08 15:20:16 UTC 2020
16 ms. Memory: 48128K Free: 16969K (35%)
ptolemy.util.test.WatchDog.cancel(): canceling Sat Aug 08 15:20:16 UTC 2020
------------------ testing $PTII/ptolemy/domains/de/test/auto/FSM7.xml
auto.tcl: Setting watchdog for 200 seconds at Sat Aug 08 15:20:16 UTC 2020
14 ms. Memory: 48128K Free: 20276K (42%)
ptolemy.util.test.WatchDog.cancel(): canceling Sat Aug 08 15:20:16 UTC 2020
auto.tcl: Setting watchdog for 200 seconds at Sat Aug 08 15:20:16 UTC 2020
14 ms. Memory: 48128K Free: 17124K (36%)
ptolemy.util.test.WatchDog.cancel(): canceling Sat Aug 08 15:20:16 UTC 2020
------------------ testing $PTII/ptolemy/domains/de/test/auto/Inspection.xml
auto.tcl: Setting watchdog for 200 seconds at Sat Aug 08 15:20:16 UTC 2020
30 ms. Memory: 48128K Free: 20340K (42%)
ptolemy.util.test.WatchDog.cancel(): canceling Sat Aug 08 15:20:16 UTC 2020
auto.tcl: Setting watchdog for 200 seconds at Sat Aug 08 15:20:16 UTC 2020
29 ms. Memory: 48128K Free: 18604K (39%)
ptolemy.util.test.WatchDog.cancel(): canceling Sat Aug 08 15:20:16 UTC 2020
------------------ testing $PTII/ptolemy/domains/de/test/auto/Iteration.xml
auto.tcl: Setting watchdog for 200 seconds at Sat Aug 08 15:20:16 UTC 2020
8 ms. Memory: 48128K Free: 26112K (54%)
ptolemy.util.test.WatchDog.cancel(): canceling Sat Aug 08 15:20:16 UTC 2020
auto.tcl: Setting watchdog for 200 seconds at Sat Aug 08 15:20:16 UTC 2020
6 ms. Memory: 48128K Free: 25029K (52%)
ptolemy.util.test.WatchDog.cancel(): canceling Sat Aug 08 15:20:16 UTC 2020
------------------ testing $PTII/ptolemy/domains/de/test/auto/LineFault.xml
auto.tcl: Setting watchdog for 200 seconds at Sat Aug 08 15:20:16 UTC 2020
519 ms. Memory: 61440K Free: 37856K (62%)
ptolemy.util.test.WatchDog.cancel(): canceling Sat Aug 08 15:20:17 UTC 2020
auto.tcl: Setting watchdog for 200 seconds at Sat Aug 08 15:20:17 UTC 2020
542 ms. Memory: 61440K Free: 35576K (58%)
ptolemy.util.test.WatchDog.cancel(): canceling Sat Aug 08 15:20:18 UTC 2020
------------------ testing $PTII/ptolemy/domains/de/test/auto/MergeModel1Add.xml
auto.tcl: Setting watchdog for 200 seconds at Sat Aug 08 15:20:18 UTC 2020
26 ms. Memory: 58368K Free: 21671K (37%)
ptolemy.util.test.WatchDog.cancel(): canceling Sat Aug 08 15:20:18 UTC 2020
auto.tcl: Setting watchdog for 200 seconds at Sat Aug 08 15:20:18 UTC 2020
12 ms. Memory: 58368K Free: 19991K (34%)
ptolemy.util.test.WatchDog.cancel(): canceling Sat Aug 08 15:20:18 UTC 2020
------------------ testing $PTII/ptolemy/domains/de/test/auto/MergeModel2Add.xml
auto.tcl: Setting watchdog for 200 seconds at Sat Aug 08 15:20:18 UTC 2020
8 ms. Memory: 51200K Free: 17427K (34%)
ptolemy.util.test.WatchDog.cancel(): canceling Sat Aug 08 15:20:18 UTC 2020
auto.tcl: Setting watchdog for 200 seconds at Sat Aug 08 15:20:18 UTC 2020
7 ms. Memory: 51200K Free: 15748K (31%)
ptolemy.util.test.WatchDog.cancel(): canceling Sat Aug 08 15:20:18 UTC 2020
------------------ testing $PTII/ptolemy/domains/de/test/auto/MergeModel3Add.xml
auto.tcl: Setting watchdog for 200 seconds at Sat Aug 08 15:20:18 UTC 2020
7 ms. Memory: 51200K Free: 17435K (34%)
ptolemy.util.test.WatchDog.cancel(): canceling Sat Aug 08 15:20:18 UTC 2020
auto.tcl: Setting watchdog for 200 seconds at Sat Aug 08 15:20:18 UTC 2020
6 ms. Memory: 51200K Free: 16185K (32%)
ptolemy.util.test.WatchDog.cancel(): canceling Sat Aug 08 15:20:18 UTC 2020
------------------ testing $PTII/ptolemy/domains/de/test/auto/MergeWithoutDiscard.xml
auto.tcl: Setting watchdog for 200 seconds at Sat Aug 08 15:20:18 UTC 2020
2 ms. Memory: 51200K Free: 32028K (63%)
ptolemy.util.test.WatchDog.cancel(): canceling Sat Aug 08 15:20:18 UTC 2020
auto.tcl: Setting watchdog for 200 seconds at Sat Aug 08 15:20:18 UTC 2020
2 ms. Memory: 51200K Free: 31111K (61%)
ptolemy.util.test.WatchDog.cancel(): canceling Sat Aug 08 15:20:18 UTC 2020
------------------ testing $PTII/ptolemy/domains/de/test/auto/Modal1.xml
auto.tcl: Setting watchdog for 200 seconds at Sat Aug 08 15:20:18 UTC 2020
12 ms. Memory: 51200K Free: 23618K (46%)
ptolemy.util.test.WatchDog.cancel(): canceling Sat Aug 08 15:20:18 UTC 2020
auto.tcl: Setting watchdog for 200 seconds at Sat Aug 08 15:20:18 UTC 2020
12 ms. Memory: 51200K Free: 20157K (39%)
ptolemy.util.test.WatchDog.cancel(): canceling Sat Aug 08 15:20:18 UTC 2020
------------------ testing $PTII/ptolemy/domains/de/test/auto/Modal2.xml
auto.tcl: Setting watchdog for 200 seconds at Sat Aug 08 15:20:18 UTC 2020
10 ms. Memory: 51200K Free: 23765K (46%)
ptolemy.util.test.WatchDog.cancel(): canceling Sat Aug 08 15:20:18 UTC 2020
auto.tcl: Setting watchdog for 200 seconds at Sat Aug 08 15:20:18 UTC 2020
11 ms. Memory: 51200K Free: 20518K (40%)
ptolemy.util.test.WatchDog.cancel(): canceling Sat Aug 08 15:20:18 UTC 2020
------------------ testing $PTII/ptolemy/domains/de/test/auto/Modal3.xml
auto.tcl: Setting watchdog for 200 seconds at Sat Aug 08 15:20:18 UTC 2020
12 ms. Memory: 51200K Free: 23478K (46%)
ptolemy.util.test.WatchDog.cancel(): canceling Sat Aug 08 15:20:18 UTC 2020
auto.tcl: Setting watchdog for 200 seconds at Sat Aug 08 15:20:18 UTC 2020
11 ms. Memory: 51200K Free: 20094K (39%)
ptolemy.util.test.WatchDog.cancel(): canceling Sat Aug 08 15:20:18 UTC 2020
------------------ testing $PTII/ptolemy/domains/de/test/auto/Modal4.xml
auto.tcl: Setting watchdog for 200 seconds at Sat Aug 08 15:20:18 UTC 2020
12 ms. Memory: 51200K Free: 22707K (44%)
ptolemy.util.test.WatchDog.cancel(): canceling Sat Aug 08 15:20:18 UTC 2020
auto.tcl: Setting watchdog for 200 seconds at Sat Aug 08 15:20:18 UTC 2020
16 ms. Memory: 51200K Free: 18899K (37%)
ptolemy.util.test.WatchDog.cancel(): canceling Sat Aug 08 15:20:19 UTC 2020
------------------ testing $PTII/ptolemy/domains/de/test/auto/Modal5.xml
auto.tcl: Setting watchdog for 200 seconds at Sat Aug 08 15:20:19 UTC 2020
16 ms. Memory: 51200K Free: 22709K (44%)
ptolemy.util.test.WatchDog.cancel(): canceling Sat Aug 08 15:20:19 UTC 2020
auto.tcl: Setting watchdog for 200 seconds at Sat Aug 08 15:20:19 UTC 2020
15 ms. Memory: 51200K Free: 18885K (37%)
ptolemy.util.test.WatchDog.cancel(): canceling Sat Aug 08 15:20:19 UTC 2020
------------------ testing $PTII/ptolemy/domains/de/test/auto/Modal6.xml
auto.tcl: Setting watchdog for 200 seconds at Sat Aug 08 15:20:19 UTC 2020
17 ms. Memory: 51200K Free: 23457K (46%)
ptolemy.util.test.WatchDog.cancel(): canceling Sat Aug 08 15:20:19 UTC 2020
auto.tcl: Setting watchdog for 200 seconds at Sat Aug 08 15:20:19 UTC 2020
15 ms. Memory: 51200K Free: 19488K (38%)
ptolemy.util.test.WatchDog.cancel(): canceling Sat Aug 08 15:20:19 UTC 2020
------------------ testing $PTII/ptolemy/domains/de/test/auto/Modal7.xml
auto.tcl: Setting watchdog for 200 seconds at Sat Aug 08 15:20:19 UTC 2020
15 ms. Memory: 51200K Free: 22452K (44%)
ptolemy.util.test.WatchDog.cancel(): canceling Sat Aug 08 15:20:19 UTC 2020
auto.tcl: Setting watchdog for 200 seconds at Sat Aug 08 15:20:19 UTC 2020
11 ms. Memory: 51200K Free: 18884K (37%)
ptolemy.util.test.WatchDog.cancel(): canceling Sat Aug 08 15:20:19 UTC 2020
------------------ testing $PTII/ptolemy/domains/de/test/auto/ModalModel.xml
auto.tcl: Setting watchdog for 200 seconds at Sat Aug 08 15:20:19 UTC 2020
174 ms. Memory: 51200K Free: 15643K (31%)
ptolemy.util.test.WatchDog.cancel(): canceling Sat Aug 08 15:20:19 UTC 2020
auto.tcl: Setting watchdog for 200 seconds at Sat Aug 08 15:20:19 UTC 2020
193 ms. Memory: 64512K Free: 25742K (40%)
ptolemy.util.test.WatchDog.cancel(): canceling Sat Aug 08 15:20:19 UTC 2020
------------------ testing $PTII/ptolemy/domains/de/test/auto/ModalSource.xml
auto.tcl: Setting watchdog for 200 seconds at Sat Aug 08 15:20:19 UTC 2020
7 ms. Memory: 55296K Free: 31654K (57%)
ptolemy.util.test.WatchDog.cancel(): canceling Sat Aug 08 15:20:19 UTC 2020
auto.tcl: Setting watchdog for 200 seconds at Sat Aug 08 15:20:19 UTC 2020
5 ms. Memory: 55296K Free: 29751K (54%)
ptolemy.util.test.WatchDog.cancel(): canceling Sat Aug 08 15:20:19 UTC 2020
------------------ testing $PTII/ptolemy/domains/de/test/auto/NonInterruptibleTimerZeroDelay.xml
auto.tcl: Setting watchdog for 200 seconds at Sat Aug 08 15:20:19 UTC 2020
4 ms. Memory: 51200K Free: 32735K (64%)
ptolemy.util.test.WatchDog.cancel(): canceling Sat Aug 08 15:20:19 UTC 2020
auto.tcl: Setting watchdog for 200 seconds at Sat Aug 08 15:20:19 UTC 2020
2 ms. Memory: 51200K Free: 31847K (62%)
ptolemy.util.test.WatchDog.cancel(): canceling Sat Aug 08 15:20:19 UTC 2020
------------------ testing $PTII/ptolemy/domains/de/test/auto/OpenQueueingNetwork.xml
auto.tcl: Setting watchdog for 200 seconds at Sat Aug 08 15:20:20 UTC 2020
2795 ms. Memory: 106496K Free: 37289K (35%)
ptolemy.util.test.WatchDog.cancel(): canceling Sat Aug 08 15:20:22 UTC 2020
auto.tcl: Setting watchdog for 200 seconds at Sat Aug 08 15:20:22 UTC 2020
2455 ms. Memory: 128000K Free: 91000K (71%)
ptolemy.util.test.WatchDog.cancel(): canceling Sat Aug 08 15:20:25 UTC 2020
------------------ testing $PTII/ptolemy/domains/de/test/auto/OpenQueuingNetwork.xml
auto.tcl: Setting watchdog for 200 seconds at Sat Aug 08 15:20:25 UTC 2020
227 ms. Memory: 58368K Free: 28641K (49%)
ptolemy.util.test.WatchDog.cancel(): canceling Sat Aug 08 15:20:25 UTC 2020
auto.tcl: Setting watchdog for 200 seconds at Sat Aug 08 15:20:25 UTC 2020
241 ms. Memory: 58368K Free: 40806K (70%)
ptolemy.util.test.WatchDog.cancel(): canceling Sat Aug 08 15:20:26 UTC 2020
------------------ testing $PTII/ptolemy/domains/de/test/auto/PeriodicSampler.xml
auto.tcl: Setting watchdog for 200 seconds at Sat Aug 08 15:20:26 UTC 2020
2 ms. Memory: 55296K Free: 35791K (65%)
ptolemy.util.test.WatchDog.cancel(): canceling Sat Aug 08 15:20:26 UTC 2020
auto.tcl: Setting watchdog for 200 seconds at Sat Aug 08 15:20:26 UTC 2020
2 ms. Memory: 55296K Free: 35277K (64%)
ptolemy.util.test.WatchDog.cancel(): canceling Sat Aug 08 15:20:26 UTC 2020
------------------ testing $PTII/ptolemy/domains/de/test/auto/PersistentIO.xml
auto.tcl: Setting watchdog for 200 seconds at Sat Aug 08 15:20:26 UTC 2020
13 ms. Memory: 55296K Free: 30716K (56%)
ptolemy.util.test.WatchDog.cancel(): canceling Sat Aug 08 15:20:26 UTC 2020
auto.tcl: Setting watchdog for 200 seconds at Sat Aug 08 15:20:26 UTC 2020
6 ms. Memory: 55296K Free: 29196K (53%)
ptolemy.util.test.WatchDog.cancel(): canceling Sat Aug 08 15:20:26 UTC 2020
------------------ testing $PTII/ptolemy/domains/de/test/auto/PortParameterResetOnInitialize.xml
auto.tcl: Setting watchdog for 200 seconds at Sat Aug 08 15:20:26 UTC 2020
8 ms. Memory: 51200K Free: 31588K (62%)
ptolemy.util.test.WatchDog.cancel(): canceling Sat Aug 08 15:20:26 UTC 2020
auto.tcl: Setting watchdog for 200 seconds at Sat Aug 08 15:20:26 UTC 2020
2 ms. Memory: 51200K Free: 31108K (61%)
ptolemy.util.test.WatchDog.cancel(): canceling Sat Aug 08 15:20:26 UTC 2020
------------------ testing $PTII/ptolemy/domains/de/test/auto/PortParameterUpdates.xml
auto.tcl: Setting watchdog for 200 seconds at Sat Aug 08 15:20:26 UTC 2020
5 ms. Memory: 51200K Free: 29688K (58%)
ptolemy.util.test.WatchDog.cancel(): canceling Sat Aug 08 15:20:26 UTC 2020
auto.tcl: Setting watchdog for 200 seconds at Sat Aug 08 15:20:26 UTC 2020
5 ms. Memory: 51200K Free: 28676K (56%)
ptolemy.util.test.WatchDog.cancel(): canceling Sat Aug 08 15:20:26 UTC 2020
------------------ testing $PTII/ptolemy/domains/de/test/auto/QueueAndServer.xml
auto.tcl: Setting watchdog for 200 seconds at Sat Aug 08 15:20:26 UTC 2020
14 ms. Memory: 51200K Free: 28641K (56%)
ptolemy.util.test.WatchDog.cancel(): canceling Sat Aug 08 15:20:26 UTC 2020
auto.tcl: Setting watchdog for 200 seconds at Sat Aug 08 15:20:26 UTC 2020
6 ms. Memory: 51200K Free: 27107K (53%)
ptolemy.util.test.WatchDog.cancel(): canceling Sat Aug 08 15:20:26 UTC 2020
------------------ testing $PTII/ptolemy/domains/de/test/auto/Records.xml
auto.tcl: Setting watchdog for 200 seconds at Sat Aug 08 15:20:26 UTC 2020
6 ms. Memory: 51200K Free: 30846K (60%)
ptolemy.util.test.WatchDog.cancel(): canceling Sat Aug 08 15:20:26 UTC 2020
auto.tcl: Setting watchdog for 200 seconds at Sat Aug 08 15:20:26 UTC 2020
2 ms. Memory: 51200K Free: 30302K (59%)
ptolemy.util.test.WatchDog.cancel(): canceling Sat Aug 08 15:20:26 UTC 2020
------------------ testing $PTII/ptolemy/domains/de/test/auto/ResetTransitionWithStartTime1.xml
auto.tcl: Setting watchdog for 200 seconds at Sat Aug 08 15:20:26 UTC 2020
6 ms. Memory: 51200K Free: 28104K (55%)
ptolemy.util.test.WatchDog.cancel(): canceling Sat Aug 08 15:20:26 UTC 2020
auto.tcl: Setting watchdog for 200 seconds at Sat Aug 08 15:20:26 UTC 2020
5 ms. Memory: 51200K Free: 25555K (50%)
ptolemy.util.test.WatchDog.cancel(): canceling Sat Aug 08 15:20:26 UTC 2020
------------------ testing $PTII/ptolemy/domains/de/test/auto/ResetTransitionWithStartTime2.xml
auto.tcl: Setting watchdog for 200 seconds at Sat Aug 08 15:20:26 UTC 2020
5 ms. Memory: 51200K Free: 28058K (55%)
ptolemy.util.test.WatchDog.cancel(): canceling Sat Aug 08 15:20:26 UTC 2020
auto.tcl: Setting watchdog for 200 seconds at Sat Aug 08 15:20:26 UTC 2020
5 ms. Memory: 51200K Free: 26010K (51%)
ptolemy.util.test.WatchDog.cancel(): canceling Sat Aug 08 15:20:26 UTC 2020
------------------ testing $PTII/ptolemy/domains/de/test/auto/ResetTransitionWithStartTime3.xml
auto.tcl: Setting watchdog for 200 seconds at Sat Aug 08 15:20:26 UTC 2020
6 ms. Memory: 51200K Free: 28057K (55%)
ptolemy.util.test.WatchDog.cancel(): canceling Sat Aug 08 15:20:26 UTC 2020
auto.tcl: Setting watchdog for 200 seconds at Sat Aug 08 15:20:26 UTC 2020
5 ms. Memory: 51200K Free: 25494K (50%)
ptolemy.util.test.WatchDog.cancel(): canceling Sat Aug 08 15:20:26 UTC 2020
------------------ testing $PTII/ptolemy/domains/de/test/auto/ResetTransitionWithStartTime4.xml
auto.tcl: Setting watchdog for 200 seconds at Sat Aug 08 15:20:26 UTC 2020
6 ms. Memory: 51200K Free: 28485K (56%)
ptolemy.util.test.WatchDog.cancel(): canceling Sat Aug 08 15:20:26 UTC 2020
auto.tcl: Setting watchdog for 200 seconds at Sat Aug 08 15:20:26 UTC 2020
4 ms. Memory: 51200K Free: 27033K (53%)
ptolemy.util.test.WatchDog.cancel(): canceling Sat Aug 08 15:20:26 UTC 2020
------------------ testing $PTII/ptolemy/domains/de/test/auto/ResettableTimer1.xml
auto.tcl: Setting watchdog for 200 seconds at Sat Aug 08 15:20:26 UTC 2020
5 ms. Memory: 51200K Free: 32234K (63%)
ptolemy.util.test.WatchDog.cancel(): canceling Sat Aug 08 15:20:26 UTC 2020
auto.tcl: Setting watchdog for 200 seconds at Sat Aug 08 15:20:26 UTC 2020
2 ms. Memory: 51200K Free: 31607K (62%)
ptolemy.util.test.WatchDog.cancel(): canceling Sat Aug 08 15:20:26 UTC 2020
------------------ testing $PTII/ptolemy/domains/de/test/auto/ResettableTimer2.xml
auto.tcl: Setting watchdog for 200 seconds at Sat Aug 08 15:20:26 UTC 2020
2 ms. Memory: 51200K Free: 32329K (63%)
ptolemy.util.test.WatchDog.cancel(): canceling Sat Aug 08 15:20:26 UTC 2020
auto.tcl: Setting watchdog for 200 seconds at Sat Aug 08 15:20:26 UTC 2020
2 ms. Memory: 51200K Free: 31690K (62%)
ptolemy.util.test.WatchDog.cancel(): canceling Sat Aug 08 15:20:26 UTC 2020
------------------ testing $PTII/ptolemy/domains/de/test/auto/ResettableTimer3.xml
auto.tcl: Setting watchdog for 200 seconds at Sat Aug 08 15:20:27 UTC 2020
2 ms. Memory: 51200K Free: 32191K (63%)
ptolemy.util.test.WatchDog.cancel(): canceling Sat Aug 08 15:20:27 UTC 2020
auto.tcl: Setting watchdog for 200 seconds at Sat Aug 08 15:20:27 UTC 2020
1 ms. Memory: 51200K Free: 32191K (63%)
ptolemy.util.test.WatchDog.cancel(): canceling Sat Aug 08 15:20:27 UTC 2020
------------------ testing $PTII/ptolemy/domains/de/test/auto/ResettableTimer4.xml
auto.tcl: Setting watchdog for 200 seconds at Sat Aug 08 15:20:27 UTC 2020
1 ms. Memory: 51200K Free: 32204K (63%)
ptolemy.util.test.WatchDog.cancel(): canceling Sat Aug 08 15:20:27 UTC 2020
auto.tcl: Setting watchdog for 200 seconds at Sat Aug 08 15:20:27 UTC 2020
1 ms. Memory: 51200K Free: 31703K (62%)
ptolemy.util.test.WatchDog.cancel(): canceling Sat Aug 08 15:20:27 UTC 2020
------------------ testing $PTII/ptolemy/domains/de/test/auto/ResettableTimer5.xml
auto.tcl: Setting watchdog for 200 seconds at Sat Aug 08 15:20:27 UTC 2020
1 ms. Memory: 51200K Free: 32202K (63%)
ptolemy.util.test.WatchDog.cancel(): canceling Sat Aug 08 15:20:27 UTC 2020
auto.tcl: Setting watchdog for 200 seconds at Sat Aug 08 15:20:27 UTC 2020
1 ms. Memory: 51200K Free: 31700K (62%)
ptolemy.util.test.WatchDog.cancel(): canceling Sat Aug 08 15:20:27 UTC 2020
------------------ testing $PTII/ptolemy/domains/de/test/auto/ResettableTimer6.xml
auto.tcl: Setting watchdog for 200 seconds at Sat Aug 08 15:20:27 UTC 2020
2 ms. Memory: 51200K Free: 31679K (62%)
ptolemy.util.test.WatchDog.cancel(): canceling Sat Aug 08 15:20:27 UTC 2020
auto.tcl: Setting watchdog for 200 seconds at Sat Aug 08 15:20:27 UTC 2020
2 ms. Memory: 51200K Free: 31169K (61%)
ptolemy.util.test.WatchDog.cancel(): canceling Sat Aug 08 15:20:27 UTC 2020
------------------ testing $PTII/ptolemy/domains/de/test/auto/ServerZeroDelay.xml
auto.tcl: Setting watchdog for 200 seconds at Sat Aug 08 15:20:27 UTC 2020
3 ms. Memory: 51200K Free: 32185K (63%)
ptolemy.util.test.WatchDog.cancel(): canceling Sat Aug 08 15:20:27 UTC 2020
auto.tcl: Setting watchdog for 200 seconds at Sat Aug 08 15:20:27 UTC 2020
2 ms. Memory: 51200K Free: 31161K (61%)
ptolemy.util.test.WatchDog.cancel(): canceling Sat Aug 08 15:20:27 UTC 2020
------------------ testing $PTII/ptolemy/domains/de/test/auto/SmartSender.xml
auto.tcl: Setting watchdog for 200 seconds at Sat Aug 08 15:20:27 UTC 2020
3003 ms. Memory: 51200K Free: 32178K (63%)
ptolemy.util.test.WatchDog.cancel(): canceling Sat Aug 08 15:20:30 UTC 2020
auto.tcl: Setting watchdog for 200 seconds at Sat Aug 08 15:20:30 UTC 2020
3003 ms. Memory: 51200K Free: 31658K (62%)
ptolemy.util.test.WatchDog.cancel(): canceling Sat Aug 08 15:20:33 UTC 2020
------------------ testing $PTII/ptolemy/domains/de/test/auto/ThreadedComposite.xml
auto.tcl: Setting watchdog for 200 seconds at Sat Aug 08 15:20:33 UTC 2020
228 ms. Memory: 51200K Free: 12737K (25%)
ptolemy.util.test.WatchDog.cancel(): canceling Sat Aug 08 15:20:33 UTC 2020
auto.tcl: Setting watchdog for 200 seconds at Sat Aug 08 15:20:33 UTC 2020
123 ms. Memory: 66560K Free: 43658K (66%)
ptolemy.util.test.WatchDog.cancel(): canceling Sat Aug 08 15:20:33 UTC 2020
------------------ testing $PTII/ptolemy/domains/de/test/auto/Time.xml
auto.tcl: Setting watchdog for 200 seconds at Sat Aug 08 15:20:33 UTC 2020
446 ms. Memory: 55296K Free: 11450K (21%)
ptolemy.util.test.WatchDog.cancel(): canceling Sat Aug 08 15:20:34 UTC 2020
auto.tcl: Setting watchdog for 200 seconds at Sat Aug 08 15:20:34 UTC 2020
436 ms. Memory: 55296K Free: 17736K (32%)
ptolemy.util.test.WatchDog.cancel(): canceling Sat Aug 08 15:20:34 UTC 2020
------------------ testing $PTII/ptolemy/domains/de/test/auto/TimeDelayZeroDelay.xml
auto.tcl: Setting watchdog for 200 seconds at Sat Aug 08 15:20:34 UTC 2020
2 ms. Memory: 51200K Free: 32108K (63%)
ptolemy.util.test.WatchDog.cancel(): canceling Sat Aug 08 15:20:34 UTC 2020
auto.tcl: Setting watchdog for 200 seconds at Sat Aug 08 15:20:34 UTC 2020
2 ms. Memory: 51200K Free: 31251K (61%)
ptolemy.util.test.WatchDog.cancel(): canceling Sat Aug 08 15:20:34 UTC 2020
------------------ testing $PTII/ptolemy/domains/de/test/auto/TimerZeroDelay.xml
auto.tcl: Setting watchdog for 200 seconds at Sat Aug 08 15:20:34 UTC 2020
4 ms. Memory: 51200K Free: 32569K (64%)
ptolemy.util.test.WatchDog.cancel(): canceling Sat Aug 08 15:20:34 UTC 2020
auto.tcl: Setting watchdog for 200 seconds at Sat Aug 08 15:20:34 UTC 2020
2 ms. Memory: 51200K Free: 31736K (62%)
ptolemy.util.test.WatchDog.cancel(): canceling Sat Aug 08 15:20:34 UTC 2020
------------------ testing $PTII/ptolemy/domains/de/test/auto/TimingParadox.xml
auto.tcl: Setting watchdog for 200 seconds at Sat Aug 08 15:20:34 UTC 2020
314 ms. Memory: 51200K Free: 19798K (39%)
ptolemy.util.test.WatchDog.cancel(): canceling Sat Aug 08 15:20:35 UTC 2020
auto.tcl: Setting watchdog for 200 seconds at Sat Aug 08 15:20:35 UTC 2020
279 ms. Memory: 51200K Free: 10446K (20%)
ptolemy.util.test.WatchDog.cancel(): canceling Sat Aug 08 15:20:35 UTC 2020
------------------ testing $PTII/ptolemy/domains/de/test/auto/TransferInputs.xml
auto.tcl: Setting watchdog for 200 seconds at Sat Aug 08 15:20:35 UTC 2020
2 ms. Memory: 51200K Free: 30626K (60%)
ptolemy.util.test.WatchDog.cancel(): canceling Sat Aug 08 15:20:35 UTC 2020
auto.tcl: Setting watchdog for 200 seconds at Sat Aug 08 15:20:35 UTC 2020
1 ms. Memory: 51200K Free: 29742K (58%)
ptolemy.util.test.WatchDog.cancel(): canceling Sat Aug 08 15:20:35 UTC 2020
------------------ testing $PTII/ptolemy/domains/de/test/auto/TransferOutputs2.xml
auto.tcl: Setting watchdog for 200 seconds at Sat Aug 08 15:20:35 UTC 2020
2 ms. Memory: 51200K Free: 28061K (55%)
ptolemy.util.test.WatchDog.cancel(): canceling Sat Aug 08 15:20:35 UTC 2020
auto.tcl: Setting watchdog for 200 seconds at Sat Aug 08 15:20:35 UTC 2020
3 ms. Memory: 51200K Free: 26642K (52%)
ptolemy.util.test.WatchDog.cancel(): canceling Sat Aug 08 15:20:35 UTC 2020
------------------ testing $PTII/ptolemy/domains/de/test/auto/Trilateration.xml
auto.tcl: Setting watchdog for 200 seconds at Sat Aug 08 15:20:35 UTC 2020
13451 ms. Memory: 473088K Free: 170261K (36%)
ptolemy.util.test.WatchDog.cancel(): canceling Sat Aug 08 15:20:50 UTC 2020
auto.tcl: Setting watchdog for 200 seconds at Sat Aug 08 15:20:50 UTC 2020
9705 ms. Memory: 473088K Free: 338848K (72%)
ptolemy.util.test.WatchDog.cancel(): canceling Sat Aug 08 15:21:00 UTC 2020
------------------ testing $PTII/ptolemy/domains/de/test/auto/TwoSigmaDelta.xml
auto.tcl: Setting watchdog for 200 seconds at Sat Aug 08 15:21:00 UTC 2020
2369 ms. Memory: 92160K Free: 36972K (40%)
ptolemy.util.test.WatchDog.cancel(): canceling Sat Aug 08 15:21:02 UTC 2020
auto.tcl: Setting watchdog for 200 seconds at Sat Aug 08 15:21:02 UTC 2020
2029 ms. Memory: 92160K Free: 39002K (42%)
ptolemy.util.test.WatchDog.cancel(): canceling Sat Aug 08 15:21:04 UTC 2020
------------------ testing $PTII/ptolemy/domains/de/test/auto/VariableDelay.xml
auto.tcl: Setting watchdog for 200 seconds at Sat Aug 08 15:21:04 UTC 2020
3 ms. Memory: 55296K Free: 35191K (64%)
ptolemy.util.test.WatchDog.cancel(): canceling Sat Aug 08 15:21:04 UTC 2020
auto.tcl: Setting watchdog for 200 seconds at Sat Aug 08 15:21:04 UTC 2020
2 ms. Memory: 55296K Free: 34197K (62%)
ptolemy.util.test.WatchDog.cancel(): canceling Sat Aug 08 15:21:04 UTC 2020
------------------ testing $PTII/ptolemy/domains/de/test/auto/VariableDelay2.xml
auto.tcl: Setting watchdog for 200 seconds at Sat Aug 08 15:21:04 UTC 2020
2 ms. Memory: 55296K Free: 35784K (65%)
ptolemy.util.test.WatchDog.cancel(): canceling Sat Aug 08 15:21:04 UTC 2020
auto.tcl: Setting watchdog for 200 seconds at Sat Aug 08 15:21:04 UTC 2020
1 ms. Memory: 55296K Free: 35110K (63%)
ptolemy.util.test.WatchDog.cancel(): canceling Sat Aug 08 15:21:04 UTC 2020
------------------ testing $PTII/ptolemy/domains/de/test/auto/VariableDelayZeroDelay.xml
auto.tcl: Setting watchdog for 200 seconds at Sat Aug 08 15:21:04 UTC 2020
3 ms. Memory: 55296K Free: 36133K (65%)
ptolemy.util.test.WatchDog.cancel(): canceling Sat Aug 08 15:21:04 UTC 2020
auto.tcl: Setting watchdog for 200 seconds at Sat Aug 08 15:21:04 UTC 2020
2 ms. Memory: 55296K Free: 35605K (64%)
ptolemy.util.test.WatchDog.cancel(): canceling Sat Aug 08 15:21:04 UTC 2020
------------------ testing $PTII/ptolemy/domains/de/test/auto/VariableDelayZeroDelay2.xml
auto.tcl: Setting watchdog for 200 seconds at Sat Aug 08 15:21:04 UTC 2020
3 ms. Memory: 51200K Free: 32035K (63%)
ptolemy.util.test.WatchDog.cancel(): canceling Sat Aug 08 15:21:04 UTC 2020
auto.tcl: Setting watchdog for 200 seconds at Sat Aug 08 15:21:04 UTC 2020
3 ms. Memory: 51200K Free: 31011K (61%)
ptolemy.util.test.WatchDog.cancel(): canceling Sat Aug 08 15:21:04 UTC 2020
------------------ testing $PTII/ptolemy/domains/de/test/auto/deInCt.xml
auto.tcl: Setting watchdog for 200 seconds at Sat Aug 08 15:21:04 UTC 2020
0
1
1
1
0
0
0
0
0
0
0
1
1
1
1
0
0
0
0
0
0
1
1
0
0
0
0
9 ms. Memory: 51200K Free: 31009K (61%)
ptolemy.util.test.WatchDog.cancel(): canceling Sat Aug 08 15:21:04 UTC 2020
auto.tcl: Setting watchdog for 200 seconds at Sat Aug 08 15:21:04 UTC 2020
0
1
1
1
0
0
0
1
1
1
1
0
0
0
0
1
1
1
1
1
0
0
0
1
1
0
0
0
0
0
0
10 ms. Memory: 51200K Free: 29457K (58%)
ptolemy.util.test.WatchDog.cancel(): canceling Sat Aug 08 15:21:04 UTC 2020
------------------ testing $PTII/ptolemy/domains/de/test/auto/deInCt2.xml
auto.tcl: Setting watchdog for 200 seconds at Sat Aug 08 15:21:05 UTC 2020
0
1
1
1
0
0
1
1
1
0
0
1
1
1
0
0
1
1
1
0
0
1
1
1
0
0
1
1
1
0
0
1
1
1
0
0
1
1
1
0
0
0
19 ms. Memory: 51200K Free: 31011K (61%)
ptolemy.util.test.WatchDog.cancel(): canceling Sat Aug 08 15:21:05 UTC 2020
auto.tcl: Setting watchdog for 200 seconds at Sat Aug 08 15:21:05 UTC 2020
0
1
1
1
0
0
1
1
1
0
0
1
1
1
0
0
1
1
1
0
0
1
1
1
0
0
1
1
1
0
0
1
1
1
0
0
1
1
1
0
0
0
10 ms. Memory: 51200K Free: 29459K (58%)
ptolemy.util.test.WatchDog.cancel(): canceling Sat Aug 08 15:21:05 UTC 2020
------------------ testing $PTII/ptolemy/domains/de/test/auto/dynamicCausalityInterface1.xml
auto.tcl: Setting watchdog for 200 seconds at Sat Aug 08 15:21:05 UTC 2020
1 ms. Memory: 51200K Free: 26326K (51%)
ptolemy.util.test.WatchDog.cancel(): canceling Sat Aug 08 15:21:05 UTC 2020
auto.tcl: Setting watchdog for 200 seconds at Sat Aug 08 15:21:05 UTC 2020
1 ms. Memory: 51200K Free: 25886K (51%)
ptolemy.util.test.WatchDog.cancel(): canceling Sat Aug 08 15:21:05 UTC 2020
------------------ testing $PTII/ptolemy/domains/de/test/auto/fsm_de_test.xml
auto.tcl: Setting watchdog for 200 seconds at Sat Aug 08 15:21:05 UTC 2020
11 ms. Memory: 51200K Free: 26280K (51%)
ptolemy.util.test.WatchDog.cancel(): canceling Sat Aug 08 15:21:05 UTC 2020
auto.tcl: Setting watchdog for 200 seconds at Sat Aug 08 15:21:05 UTC 2020
9 ms. Memory: 51200K Free: 24760K (48%)
ptolemy.util.test.WatchDog.cancel(): canceling Sat Aug 08 15:21:05 UTC 2020
------------------ testing $PTII/ptolemy/domains/de/test/auto/functionDependencyReconstruction.xml
auto.tcl: Setting watchdog for 200 seconds at Sat Aug 08 15:21:05 UTC 2020
3 ms. Memory: 51200K Free: 20654K (40%)
ptolemy.util.test.WatchDog.cancel(): canceling Sat Aug 08 15:21:05 UTC 2020
auto.tcl: Setting watchdog for 200 seconds at Sat Aug 08 15:21:05 UTC 2020
3 ms. Memory: 51200K Free: 18606K (36%)
ptolemy.util.test.WatchDog.cancel(): canceling Sat Aug 08 15:21:05 UTC 2020
------------------ testing $PTII/ptolemy/domains/de/test/auto/multirate.xml
auto.tcl: Setting watchdog for 200 seconds at Sat Aug 08 15:21:05 UTC 2020
3 ms. Memory: 51200K Free: 29449K (58%)
ptolemy.util.test.WatchDog.cancel(): canceling Sat Aug 08 15:21:05 UTC 2020
auto.tcl: Setting watchdog for 200 seconds at Sat Aug 08 15:21:05 UTC 2020
2 ms. Memory: 51200K Free: 27704K (54%)
ptolemy.util.test.WatchDog.cancel(): canceling Sat Aug 08 15:21:05 UTC 2020
------------------ testing $PTII/ptolemy/domains/de/test/auto/multirate2.xml
auto.tcl: Setting watchdog for 200 seconds at Sat Aug 08 15:21:05 UTC 2020
6 ms. Memory: 51200K Free: 29405K (57%)
ptolemy.util.test.WatchDog.cancel(): canceling Sat Aug 08 15:21:05 UTC 2020
auto.tcl: Setting watchdog for 200 seconds at Sat Aug 08 15:21:05 UTC 2020
3 ms. Memory: 51200K Free: 27894K (54%)
ptolemy.util.test.WatchDog.cancel(): canceling Sat Aug 08 15:21:05 UTC 2020
------------------ testing $PTII/ptolemy/domains/de/test/auto/realtime.xml
auto.tcl: Setting watchdog for 200 seconds at Sat Aug 08 15:21:05 UTC 2020
10001 ms. Memory: 51200K Free: 31690K (62%)
ptolemy.util.test.WatchDog.cancel(): canceling Sat Aug 08 15:21:15 UTC 2020
auto.tcl: Setting watchdog for 200 seconds at Sat Aug 08 15:21:15 UTC 2020
10002 ms. Memory: 51200K Free: 30955K (60%)
ptolemy.util.test.WatchDog.cancel(): canceling Sat Aug 08 15:21:25 UTC 2020
------------------ testing $PTII/ptolemy/domains/de/test/auto/relationGroup.xml
auto.tcl: Setting watchdog for 200 seconds at Sat Aug 08 15:21:25 UTC 2020
12 ms. Memory: 51200K Free: 32771K (64%)
ptolemy.util.test.WatchDog.cancel(): canceling Sat Aug 08 15:21:25 UTC 2020
auto.tcl: Setting watchdog for 200 seconds at Sat Aug 08 15:21:25 UTC 2020
1 ms. Memory: 51200K Free: 32264K (63%)
ptolemy.util.test.WatchDog.cancel(): canceling Sat Aug 08 15:21:25 UTC 2020
------------------ testing $PTII/ptolemy/domains/de/test/auto/relationGroup2.xml
auto.tcl: Setting watchdog for 200 seconds at Sat Aug 08 15:21:25 UTC 2020
2 ms. Memory: 51200K Free: 32571K (64%)
ptolemy.util.test.WatchDog.cancel(): canceling Sat Aug 08 15:21:25 UTC 2020
auto.tcl: Setting watchdog for 200 seconds at Sat Aug 08 15:21:25 UTC 2020
1 ms. Memory: 51200K Free: 32061K (63%)
ptolemy.util.test.WatchDog.cancel(): canceling Sat Aug 08 15:21:25 UTC 2020
------------------ testing $PTII/ptolemy/domains/de/test/auto/sortWithOpaquePorts.xml
auto.tcl: Setting watchdog for 200 seconds at Sat Aug 08 15:21:25 UTC 2020
1 ms. Memory: 51200K Free: 31534K (62%)
ptolemy.util.test.WatchDog.cancel(): canceling Sat Aug 08 15:21:25 UTC 2020
auto.tcl: Setting watchdog for 200 seconds at Sat Aug 08 15:21:25 UTC 2020
2 ms. Memory: 51200K Free: 30524K (60%)
ptolemy.util.test.WatchDog.cancel(): canceling Sat Aug 08 15:21:25 UTC 2020
------------------ testing $PTII/ptolemy/domains/de/test/auto/transferInputsandOutputs.xml
auto.tcl: Setting watchdog for 200 seconds at Sat Aug 08 15:21:25 UTC 2020
2 ms. Memory: 51200K Free: 28977K (57%)
ptolemy.util.test.WatchDog.cancel(): canceling Sat Aug 08 15:21:25 UTC 2020
auto.tcl: Setting watchdog for 200 seconds at Sat Aug 08 15:21:25 UTC 2020
3 ms. Memory: 51200K Free: 27953K (55%)
ptolemy.util.test.WatchDog.cancel(): canceling Sat Aug 08 15:21:25 UTC 2020
------------------ testing $PTII/ptolemy/domains/de/test/auto/triggerType.xml
auto.tcl: Setting watchdog for 200 seconds at Sat Aug 08 15:21:25 UTC 2020
1 ms. Memory: 51200K Free: 32001K (63%)
ptolemy.util.test.WatchDog.cancel(): canceling Sat Aug 08 15:21:25 UTC 2020
auto.tcl: Setting watchdog for 200 seconds at Sat Aug 08 15:21:25 UTC 2020
2 ms. Memory: 51200K Free: 30977K (61%)
ptolemy.util.test.WatchDog.cancel(): canceling Sat Aug 08 15:21:25 UTC 2020
08/08/20 03:21:25
Failed: 0  Total Tests: 192  ((Passed: 187, Newly Passed: 1)  Known Failed: 5) /home/travis/build/icyphy/ptII/ptolemy/domains/de/test
08/08/20 03:21:25
Failed: 0  Total Tests: 192  ((Passed: 187, Newly Passed: 1)  Known Failed: 5) /home/travis/build/icyphy/ptII/ptolemy/domains/de/test
----------------- testing (KnownFailure) /home/travis/build/icyphy/ptII/ptolemy/domains/de/test/auto/knownFailedTests/DESDFClockTest.xml
2014 ms. Memory: 51200K Free: 24886K (49%)
Known Failure: java.lang.reflect.InvocationTargetException
----------------- testing (KnownFailure) /home/travis/build/icyphy/ptII/ptolemy/domains/de/test/auto/knownFailedTests/DirectFeedback.xml
1 ms. Memory: 51200K Free: 21300K (42%)
Known Failure: java.lang.reflect.InvocationTargetException
----------------- testing (KnownFailure) /home/travis/build/icyphy/ptII/ptolemy/domains/de/test/auto/knownFailedTests/FSMSource.xml
7 ms. Memory: 51200K Free: 13622K (27%)
----------------- testing (KnownFailure) /home/travis/build/icyphy/ptII/ptolemy/domains/de/test/auto/knownFailedTests/HierarchicalModel.xml
4 ms. Memory: 51200K Free: 25813K (50%)
Known Failure: java.lang.reflect.InvocationTargetException
----------------- testing (KnownFailure) /home/travis/build/icyphy/ptII/ptolemy/domains/de/test/auto/knownFailedTests/dependencyLoop.xml
2 ms. Memory: 51200K Free: 10786K (21%)
Known Failure: java.lang.reflect.InvocationTargetException
----------------- testing (KnownFailure) /home/travis/build/icyphy/ptII/ptolemy/domains/de/test/auto/knownFailedTests/dependencyLoop2.xml
2 ms. Memory: 51200K Free: 23402K (46%)
Known Failure: java.lang.reflect.InvocationTargetException
No auto/linux-amd64/*.xml tests in /home/travis/build/icyphy/ptII/ptolemy/domains/de/test
AutoTests.java: About to close Vertx.
AutoTests.java: Vertx closed.

===========================================================================================
----------------- testing Sat Aug 08 15:21:28 UTC 2020 /home/travis/build/icyphy/ptII/ptolemy/domains/de/test/auto/ActorDepthCalculation_actorWithoutPorts.xml
----------------- Instantiating /home/travis/build/icyphy/ptII/ptolemy/domains/de/test/auto/ActorDepthCalculation_actorWithoutPorts.xml
3 ms. Memory: 51200K Free: 16950K (33%)
----------------- Invoking toplevel() on ptolemy.moml.MoMLSimpleApplication@7dc7a856
----------------- Done invoking toplevel() on ptolemy.moml.MoMLSimpleApplication@7dc7a856
reloadAllAccessors: .ActorDepthCalculation_actorWithoutPorts

===========================================================================================
----------------- testing Sat Aug 08 15:21:28 UTC 2020 /home/travis/build/icyphy/ptII/ptolemy/domains/de/test/auto/AssemblyLine.xml
----------------- Instantiating /home/travis/build/icyphy/ptII/ptolemy/domains/de/test/auto/AssemblyLine.xml
3 ms. Memory: 51200K Free: 9481K (19%)
----------------- Invoking toplevel() on ptolemy.moml.MoMLSimpleApplication@2b8da6d9
----------------- Done invoking toplevel() on ptolemy.moml.MoMLSimpleApplication@2b8da6d9
reloadAllAccessors: .AssemblyLine

===========================================================================================
----------------- testing Sat Aug 08 15:21:28 UTC 2020 /home/travis/build/icyphy/ptII/ptolemy/domains/de/test/auto/CQBug1.xml
----------------- Instantiating /home/travis/build/icyphy/ptII/ptolemy/domains/de/test/auto/CQBug1.xml
1 ms. Memory: 51200K Free: 34204K (67%)
----------------- Invoking toplevel() on ptolemy.moml.MoMLSimpleApplication@41d729d5
----------------- Done invoking toplevel() on ptolemy.moml.MoMLSimpleApplication@41d729d5
reloadAllAccessors: .CQBug1

===========================================================================================
----------------- testing Sat Aug 08 15:21:28 UTC 2020 /home/travis/build/icyphy/ptII/ptolemy/domains/de/test/auto/CancelFireAt.xml
----------------- Instantiating /home/travis/build/icyphy/ptII/ptolemy/domains/de/test/auto/CancelFireAt.xml
3 ms. Memory: 51200K Free: 31717K (62%)
----------------- Invoking toplevel() on ptolemy.moml.MoMLSimpleApplication@5f6276e9
----------------- Done invoking toplevel() on ptolemy.moml.MoMLSimpleApplication@5f6276e9
reloadAllAccessors: .CancelFireAt

===========================================================================================
----------------- testing Sat Aug 08 15:21:28 UTC 2020 /home/travis/build/icyphy/ptII/ptolemy/domains/de/test/auto/CausalityAndComposabilityAnalysis.xml
----------------- Instantiating /home/travis/build/icyphy/ptII/ptolemy/domains/de/test/auto/CausalityAndComposabilityAnalysis.xml
15 ms. Memory: 51200K Free: 27286K (53%)
----------------- Invoking toplevel() on ptolemy.moml.MoMLSimpleApplication@12cc13b4
----------------- Done invoking toplevel() on ptolemy.moml.MoMLSimpleApplication@12cc13b4
reloadAllAccessors: .CausalityAndComposabilityAnalysis

===========================================================================================
----------------- testing Sat Aug 08 15:21:28 UTC 2020 /home/travis/build/icyphy/ptII/ptolemy/domains/de/test/auto/CausalityInterface1.xml
----------------- Instantiating /home/travis/build/icyphy/ptII/ptolemy/domains/de/test/auto/CausalityInterface1.xml
5 ms. Memory: 51200K Free: 22223K (43%)
----------------- Invoking toplevel() on ptolemy.moml.MoMLSimpleApplication@1914d67
----------------- Done invoking toplevel() on ptolemy.moml.MoMLSimpleApplication@1914d67
reloadAllAccessors: .CausalityInterface1

===========================================================================================
----------------- testing Sat Aug 08 15:21:28 UTC 2020 /home/travis/build/icyphy/ptII/ptolemy/domains/de/test/auto/CausalityInterface15.xml
----------------- Instantiating /home/travis/build/icyphy/ptII/ptolemy/domains/de/test/auto/CausalityInterface15.xml
1 ms. Memory: 51200K Free: 16788K (33%)
----------------- Invoking toplevel() on ptolemy.moml.MoMLSimpleApplication@2859b65e
----------------- Done invoking toplevel() on ptolemy.moml.MoMLSimpleApplication@2859b65e
reloadAllAccessors: .CausalityInterface15

===========================================================================================
----------------- testing Sat Aug 08 15:21:28 UTC 2020 /home/travis/build/icyphy/ptII/ptolemy/domains/de/test/auto/CausalityInterface2.xml
----------------- Instantiating /home/travis/build/icyphy/ptII/ptolemy/domains/de/test/auto/CausalityInterface2.xml
2 ms. Memory: 51200K Free: 12261K (24%)
----------------- Invoking toplevel() on ptolemy.moml.MoMLSimpleApplication@32bb41a1
[...]
	at ptolemy.actor.Manager.run(Manager.java:1263)
	at ptolemy.actor.Manager$PtolemyRunThread.run(Manager.java:1933)
java.lang.RuntimeException: Execution failed
	at ptolemy.moml.MoMLSimpleApplication$UnloadThread.run(MoMLSimpleApplication.java:402)
Caused by: ptolemy.kernel.util.IllegalActionException: Actor is not ready to fire.  Perhaps UpSample.prefire() returned false? Try debugging the actor by selecting "Listen to Actor".  Also, for SDF check moml for tokenConsumptionRate on input.
  in .DESDFClockTest.Play Bell.Copy1:SDF Director and .DESDFClockTest.Play Bell.UpSample
	at ptolemy.actor.sched.StaticSchedulingDirector.fire(StaticSchedulingDirector.java:227)
	at ptolemy.domains.sdf.kernel.SDFDirector.fire(SDFDirector.java:500)
	at ptolemy.actor.CompositeActor.fire(CompositeActor.java:455)
	at ptolemy.domains.de.kernel.DEDirector._fire(DEDirector.java:1949)
	at ptolemy.domains.de.kernel.DEDirector.fire(DEDirector.java:502)
	at ptolemy.actor.CompositeActor.fire(CompositeActor.java:455)
	at ptolemy.actor.Manager.iterate(Manager.java:851)
	at ptolemy.actor.Manager.execute(Manager.java:369)
	at ptolemy.actor.Manager.run(Manager.java:1263)
	at ptolemy.actor.Manager$PtolemyRunThread.run(Manager.java:1933)
java.lang.reflect.InvocationTargetException
	at java.base/jdk.internal.reflect.NativeConstructorAccessorImpl.newInstance0(Native Method)
	at java.base/jdk.internal.reflect.NativeConstructorAccessorImpl.newInstance(NativeConstructorAccessorImpl.java:62)
	at java.base/jdk.internal.reflect.DelegatingConstructorAccessorImpl.newInstance(DelegatingConstructorAccessorImpl.java:45)
	at java.base/java.lang.reflect.Constructor.newInstance(Constructor.java:490)
	at ptolemy.util.test.junit.AutoKnownFailedTests.RunModel(AutoKnownFailedTests.java:105)
	at java.base/jdk.internal.reflect.NativeMethodAccessorImpl.invoke0(Native Method)
	at java.base/jdk.internal.reflect.NativeMethodAccessorImpl.invoke(NativeMethodAccessorImpl.java:62)
	at java.base/jdk.internal.reflect.DelegatingMethodAccessorImpl.invoke(DelegatingMethodAccessorImpl.java:43)
	at java.base/java.lang.reflect.Method.invoke(Method.java:566)
	at org.junit.runners.model.FrameworkMethod$1.runReflectiveCall(FrameworkMethod.java:44)
	at org.junit.internal.runners.model.ReflectiveCallable.run(ReflectiveCallable.java:15)
	at org.junit.runners.model.FrameworkMethod.invokeExplosively(FrameworkMethod.java:41)
	at junitparams.internal.InvokeParameterisedMethod.evaluate(InvokeParameterisedMethod.java:102)
	at org.junit.internal.runners.statements.FailOnTimeout$1.run(FailOnTimeout.java:28)
Caused by: ptolemy.kernel.util.IllegalActionException: Actor is not ready to fire.  Perhaps UpSample.prefire() returned false? Try debugging the actor by selecting "Listen to Actor".  Also, for SDF check moml for tokenConsumptionRate on input.
  in .DESDFClockTest.Play Bell.Copy1:SDF Director and .DESDFClockTest.Play Bell.UpSample
	at ptolemy.actor.sched.StaticSchedulingDirector.fire(StaticSchedulingDirector.java:227)
	at ptolemy.domains.sdf.kernel.SDFDirector.fire(SDFDirector.java:500)
	at ptolemy.actor.CompositeActor.fire(CompositeActor.java:455)
	at ptolemy.domains.de.kernel.DEDirector._fire(DEDirector.java:1949)
	at ptolemy.domains.de.kernel.DEDirector.fire(DEDirector.java:502)
	at ptolemy.actor.CompositeActor.fire(CompositeActor.java:455)
	at ptolemy.actor.Manager.iterate(Manager.java:851)
	at ptolemy.actor.Manager.execute(Manager.java:369)
	at ptolemy.actor.Manager.run(Manager.java:1263)
	at ptolemy.actor.Manager$PtolemyRunThread.run(Manager.java:1933)
java.lang.RuntimeException: Execution failed
	at ptolemy.moml.MoMLSimpleApplication$UnloadThread.run(MoMLSimpleApplication.java:402)
Caused by: ptolemy.kernel.util.IllegalActionException: Test fails in iteration 1.
Value was: 1.0. Should have been: 2.0
  in .DirectFeedback.Test
	at ptolemy.actor.lib.Test.fire(Test.java:268)
	at ptolemy.domains.de.kernel.DEDirector._fire(DEDirector.java:1949)
	at ptolemy.domains.de.kernel.DEDirector.fire(DEDirector.java:502)
	at ptolemy.actor.CompositeActor.fire(CompositeActor.java:455)
	at ptolemy.actor.Manager.iterate(Manager.java:851)
	at ptolemy.actor.Manager.execute(Manager.java:369)
	at ptolemy.actor.Manager.run(Manager.java:1263)
	at ptolemy.actor.Manager$PtolemyRunThread.run(Manager.java:1933)
java.lang.reflect.InvocationTargetException
	at java.base/jdk.internal.reflect.NativeConstructorAccessorImpl.newInstance0(Native Method)
	at java.base/jdk.internal.reflect.NativeConstructorAccessorImpl.newInstance(NativeConstructorAccessorImpl.java:62)
	at java.base/jdk.internal.reflect.DelegatingConstructorAccessorImpl.newInstance(DelegatingConstructorAccessorImpl.java:45)
	at java.base/java.lang.reflect.Constructor.newInstance(Constructor.java:490)
	at ptolemy.util.test.junit.AutoKnownFailedTests.RunModel(AutoKnownFailedTests.java:105)
	at java.base/jdk.internal.reflect.NativeMethodAccessorImpl.invoke0(Native Method)
	at java.base/jdk.internal.reflect.NativeMethodAccessorImpl.invoke(NativeMethodAccessorImpl.java:62)
	at java.base/jdk.internal.reflect.DelegatingMethodAccessorImpl.invoke(DelegatingMethodAccessorImpl.java:43)
	at java.base/java.lang.reflect.Method.invoke(Method.java:566)
	at org.junit.runners.model.FrameworkMethod$1.runReflectiveCall(FrameworkMethod.java:44)
	at org.junit.internal.runners.model.ReflectiveCallable.run(ReflectiveCallable.java:15)
	at org.junit.runners.model.FrameworkMethod.invokeExplosively(FrameworkMethod.java:41)
	at junitparams.internal.InvokeParameterisedMethod.evaluate(InvokeParameterisedMethod.java:102)
	at org.junit.internal.runners.statements.FailOnTimeout$1.run(FailOnTimeout.java:28)
Caused by: ptolemy.kernel.util.IllegalActionException: Test fails in iteration 1.
Value was: 1.0. Should have been: 2.0
  in .DirectFeedback.Test
	at ptolemy.actor.lib.Test.fire(Test.java:268)
	at ptolemy.domains.de.kernel.DEDirector._fire(DEDirector.java:1949)
	at ptolemy.domains.de.kernel.DEDirector.fire(DEDirector.java:502)
	at ptolemy.actor.CompositeActor.fire(CompositeActor.java:455)
	at ptolemy.actor.Manager.iterate(Manager.java:851)
	at ptolemy.actor.Manager.execute(Manager.java:369)
	at ptolemy.actor.Manager.run(Manager.java:1263)
	at ptolemy.actor.Manager$PtolemyRunThread.run(Manager.java:1933)
java.lang.RuntimeException: Execution failed
	at ptolemy.moml.MoMLSimpleApplication$UnloadThread.run(MoMLSimpleApplication.java:402)
Caused by: ptolemy.kernel.util.IllegalActionException: Found a zero delay loop containing .HierarchicalModel.A
  in .HierarchicalModel and .HierarchicalModel.A
	at ptolemy.actor.util.CausalityInterfaceForComposites._computeOutputPortDepth(CausalityInterfaceForComposites.java:759)
	at ptolemy.actor.util.CausalityInterfaceForComposites._computeInputDepth(CausalityInterfaceForComposites.java:696)
	at ptolemy.actor.util.CausalityInterfaceForComposites._computeOutputPortDepth(CausalityInterfaceForComposites.java:765)
	at ptolemy.actor.util.CausalityInterfaceForComposites._computeInputDepth(CausalityInterfaceForComposites.java:696)
	at ptolemy.actor.util.CausalityInterfaceForComposites._computeOutputPortDepth(CausalityInterfaceForComposites.java:765)
	at ptolemy.actor.util.CausalityInterfaceForComposites._computeInputDepth(CausalityInterfaceForComposites.java:696)
	at ptolemy.actor.util.CausalityInterfaceForComposites._computeActorDepth(CausalityInterfaceForComposites.java:532)
	at ptolemy.actor.util.CausalityInterfaceForComposites.checkForCycles(CausalityInterfaceForComposites.java:96)
	at ptolemy.domains.de.kernel.DEDirector.preinitialize(DEDirector.java:1338)
	at ptolemy.actor.CompositeActor.preinitialize(CompositeActor.java:1828)
	at ptolemy.actor.Manager.preinitializeAndResolveTypes(Manager.java:1040)
	at ptolemy.actor.Manager.initialize(Manager.java:710)
	at ptolemy.actor.Manager.execute(Manager.java:356)
	at ptolemy.actor.Manager.run(Manager.java:1263)
	at ptolemy.actor.Manager$PtolemyRunThread.run(Manager.java:1933)
java.lang.reflect.InvocationTargetException
	at java.base/jdk.internal.reflect.NativeConstructorAccessorImpl.newInstance0(Native Method)
	at java.base/jdk.internal.reflect.NativeConstructorAccessorImpl.newInstance(NativeConstructorAccessorImpl.java:62)
	at java.base/jdk.internal.reflect.DelegatingConstructorAccessorImpl.newInstance(DelegatingConstructorAccessorImpl.java:45)
	at java.base/java.lang.reflect.Constructor.newInstance(Constructor.java:490)
	at ptolemy.util.test.junit.AutoKnownFailedTests.RunModel(AutoKnownFailedTests.java:105)
	at java.base/jdk.internal.reflect.NativeMethodAccessorImpl.invoke0(Native Method)
	at java.base/jdk.internal.reflect.NativeMethodAccessorImpl.invoke(NativeMethodAccessorImpl.java:62)
	at java.base/jdk.internal.reflect.DelegatingMethodAccessorImpl.invoke(DelegatingMethodAccessorImpl.java:43)
	at java.base/java.lang.reflect.Method.invoke(Method.java:566)
	at org.junit.runners.model.FrameworkMethod$1.runReflectiveCall(FrameworkMethod.java:44)
	at org.junit.internal.runners.model.ReflectiveCallable.run(ReflectiveCallable.java:15)
	at org.junit.runners.model.FrameworkMethod.invokeExplosively(FrameworkMethod.java:41)
	at junitparams.internal.InvokeParameterisedMethod.evaluate(InvokeParameterisedMethod.java:102)
	at org.junit.internal.runners.statements.FailOnTimeout$1.run(FailOnTimeout.java:28)
Caused by: ptolemy.kernel.util.IllegalActionException: Found a zero delay loop containing .HierarchicalModel.A
  in .HierarchicalModel and .HierarchicalModel.A
	at ptolemy.actor.util.CausalityInterfaceForComposites._computeOutputPortDepth(CausalityInterfaceForComposites.java:759)
	at ptolemy.actor.util.CausalityInterfaceForComposites._computeInputDepth(CausalityInterfaceForComposites.java:696)
	at ptolemy.actor.util.CausalityInterfaceForComposites._computeOutputPortDepth(CausalityInterfaceForComposites.java:765)
	at ptolemy.actor.util.CausalityInterfaceForComposites._computeInputDepth(CausalityInterfaceForComposites.java:696)
	at ptolemy.actor.util.CausalityInterfaceForComposites._computeOutputPortDepth(CausalityInterfaceForComposites.java:765)
	at ptolemy.actor.util.CausalityInterfaceForComposites._computeInputDepth(CausalityInterfaceForComposites.java:696)
	at ptolemy.actor.util.CausalityInterfaceForComposites._computeActorDepth(CausalityInterfaceForComposites.java:532)
	at ptolemy.actor.util.CausalityInterfaceForComposites.checkForCycles(CausalityInterfaceForComposites.java:96)
	at ptolemy.domains.de.kernel.DEDirector.preinitialize(DEDirector.java:1338)
	at ptolemy.actor.CompositeActor.preinitialize(CompositeActor.java:1828)
	at ptolemy.actor.Manager.preinitializeAndResolveTypes(Manager.java:1040)
	at ptolemy.actor.Manager.initialize(Manager.java:710)
	at ptolemy.actor.Manager.execute(Manager.java:356)
	at ptolemy.actor.Manager.run(Manager.java:1263)
	at ptolemy.actor.Manager$PtolemyRunThread.run(Manager.java:1933)
java.lang.RuntimeException: Execution failed
	at ptolemy.moml.MoMLSimpleApplication$UnloadThread.run(MoMLSimpleApplication.java:402)
Caused by: ptolemy.kernel.util.IllegalActionException: Found a zero delay loop containing .dependencyLoop.original
  in .dependencyLoop and .dependencyLoop.original
	at ptolemy.actor.util.CausalityInterfaceForComposites._computeOutputPortDepth(CausalityInterfaceForComposites.java:759)
	at ptolemy.actor.util.CausalityInterfaceForComposites._computeInputDepth(CausalityInterfaceForComposites.java:696)
	at ptolemy.actor.util.CausalityInterfaceForComposites._computeOutputPortDepth(CausalityInterfaceForComposites.java:765)
	at ptolemy.actor.util.CausalityInterfaceForComposites._computeInputDepth(CausalityInterfaceForComposites.java:696)
	at ptolemy.actor.util.CausalityInterfaceForComposites._computeOutputPortDepth(CausalityInterfaceForComposites.java:765)
	at ptolemy.actor.util.CausalityInterfaceForComposites._computeInputDepth(CausalityInterfaceForComposites.java:696)
	at ptolemy.actor.util.CausalityInterfaceForComposites._computeActorDepth(CausalityInterfaceForComposites.java:532)
	at ptolemy.actor.util.CausalityInterfaceForComposites.checkForCycles(CausalityInterfaceForComposites.java:96)
	at ptolemy.domains.de.kernel.DEDirector.preinitialize(DEDirector.java:1338)
	at ptolemy.actor.CompositeActor.preinitialize(CompositeActor.java:1828)
	at ptolemy.actor.Manager.preinitializeAndResolveTypes(Manager.java:1040)
	at ptolemy.actor.Manager.initialize(Manager.java:710)
	at ptolemy.actor.Manager.execute(Manager.java:356)
	at ptolemy.actor.Manager.run(Manager.java:1263)
	at ptolemy.actor.Manager$PtolemyRunThread.run(Manager.java:1933)
java.lang.reflect.InvocationTargetException
	at java.base/jdk.internal.reflect.NativeConstructorAccessorImpl.newInstance0(Native Method)
	at java.base/jdk.internal.reflect.NativeConstructorAccessorImpl.newInstance(NativeConstructorAccessorImpl.java:62)
	at java.base/jdk.internal.reflect.DelegatingConstructorAccessorImpl.newInstance(DelegatingConstructorAccessorImpl.java:45)
	at java.base/java.lang.reflect.Constructor.newInstance(Constructor.java:490)
	at ptolemy.util.test.junit.AutoKnownFailedTests.RunModel(AutoKnownFailedTests.java:105)
	at java.base/jdk.internal.reflect.NativeMethodAccessorImpl.invoke0(Native Method)
	at java.base/jdk.internal.reflect.NativeMethodAccessorImpl.invoke(NativeMethodAccessorImpl.java:62)
	at java.base/jdk.internal.reflect.DelegatingMethodAccessorImpl.invoke(DelegatingMethodAccessorImpl.java:43)
	at java.base/java.lang.reflect.Method.invoke(Method.java:566)
	at org.junit.runners.model.FrameworkMethod$1.runReflectiveCall(FrameworkMethod.java:44)
	at org.junit.internal.runners.model.ReflectiveCallable.run(ReflectiveCallable.java:15)
	at org.junit.runners.model.FrameworkMethod.invokeExplosively(FrameworkMethod.java:41)
	at junitparams.internal.InvokeParameterisedMethod.evaluate(InvokeParameterisedMethod.java:102)
	at org.junit.internal.runners.statements.FailOnTimeout$1.run(FailOnTimeout.java:28)
Caused by: ptolemy.kernel.util.IllegalActionException: Found a zero delay loop containing .dependencyLoop.original
  in .dependencyLoop and .dependencyLoop.original
	at ptolemy.actor.util.CausalityInterfaceForComposites._computeOutputPortDepth(CausalityInterfaceForComposites.java:759)
	at ptolemy.actor.util.CausalityInterfaceForComposites._computeInputDepth(CausalityInterfaceForComposites.java:696)
	at ptolemy.actor.util.CausalityInterfaceForComposites._computeOutputPortDepth(CausalityInterfaceForComposites.java:765)
	at ptolemy.actor.util.CausalityInterfaceForComposites._computeInputDepth(CausalityInterfaceForComposites.java:696)
	at ptolemy.actor.util.CausalityInterfaceForComposites._computeOutputPortDepth(CausalityInterfaceForComposites.java:765)
	at ptolemy.actor.util.CausalityInterfaceForComposites._computeInputDepth(CausalityInterfaceForComposites.java:696)
	at ptolemy.actor.util.CausalityInterfaceForComposites._computeActorDepth(CausalityInterfaceForComposites.java:532)
	at ptolemy.actor.util.CausalityInterfaceForComposites.checkForCycles(CausalityInterfaceForComposites.java:96)
	at ptolemy.domains.de.kernel.DEDirector.preinitialize(DEDirector.java:1338)
	at ptolemy.actor.CompositeActor.preinitialize(CompositeActor.java:1828)
	at ptolemy.actor.Manager.preinitializeAndResolveTypes(Manager.java:1040)
	at ptolemy.actor.Manager.initialize(Manager.java:710)
	at ptolemy.actor.Manager.execute(Manager.java:356)
	at ptolemy.actor.Manager.run(Manager.java:1263)
	at ptolemy.actor.Manager$PtolemyRunThread.run(Manager.java:1933)
java.lang.RuntimeException: Execution failed
	at ptolemy.moml.MoMLSimpleApplication$UnloadThread.run(MoMLSimpleApplication.java:402)
Caused by: ptolemy.kernel.util.IllegalActionException: Found a zero delay loop containing .dependencyLoop2.original
  in .dependencyLoop2 and .dependencyLoop2.original
	at ptolemy.actor.util.CausalityInterfaceForComposites._computeOutputPortDepth(CausalityInterfaceForComposites.java:759)
	at ptolemy.actor.util.CausalityInterfaceForComposites._computeInputDepth(CausalityInterfaceForComposites.java:696)
	at ptolemy.actor.util.CausalityInterfaceForComposites._computeOutputPortDepth(CausalityInterfaceForComposites.java:765)
	at ptolemy.actor.util.CausalityInterfaceForComposites._computeInputDepth(CausalityInterfaceForComposites.java:696)
	at ptolemy.actor.util.CausalityInterfaceForComposites._computeOutputPortDepth(CausalityInterfaceForComposites.java:765)
	at ptolemy.actor.util.CausalityInterfaceForComposites._computeInputDepth(CausalityInterfaceForComposites.java:696)
	at ptolemy.actor.util.CausalityInterfaceForComposites._computeActorDepth(CausalityInterfaceForComposites.java:532)
	at ptolemy.actor.util.CausalityInterfaceForComposites.checkForCycles(CausalityInterfaceForComposites.java:96)
	at ptolemy.domains.de.kernel.DEDirector.preinitialize(DEDirector.java:1338)
	at ptolemy.actor.CompositeActor.preinitialize(CompositeActor.java:1828)
	at ptolemy.actor.Manager.preinitializeAndResolveTypes(Manager.java:1040)
	at ptolemy.actor.Manager.initialize(Manager.java:710)
	at ptolemy.actor.Manager.execute(Manager.java:356)
	at ptolemy.actor.Manager.run(Manager.java:1263)
	at ptolemy.actor.Manager$PtolemyRunThread.run(Manager.java:1933)
java.lang.reflect.InvocationTargetException
	at java.base/jdk.internal.reflect.NativeConstructorAccessorImpl.newInstance0(Native Method)
	at java.base/jdk.internal.reflect.NativeConstructorAccessorImpl.newInstance(NativeConstructorAccessorImpl.java:62)
	at java.base/jdk.internal.reflect.DelegatingConstructorAccessorImpl.newInstance(DelegatingConstructorAccessorImpl.java:45)
	at java.base/java.lang.reflect.Constructor.newInstance(Constructor.java:490)
	at ptolemy.util.test.junit.AutoKnownFailedTests.RunModel(AutoKnownFailedTests.java:105)
	at java.base/jdk.internal.reflect.NativeMethodAccessorImpl.invoke0(Native Method)
	at java.base/jdk.internal.reflect.NativeMethodAccessorImpl.invoke(NativeMethodAccessorImpl.java:62)
	at java.base/jdk.internal.reflect.DelegatingMethodAccessorImpl.invoke(DelegatingMethodAccessorImpl.java:43)
	at java.base/java.lang.reflect.Method.invoke(Method.java:566)
	at org.junit.runners.model.FrameworkMethod$1.runReflectiveCall(FrameworkMethod.java:44)
	at org.junit.internal.runners.model.ReflectiveCallable.run(ReflectiveCallable.java:15)
	at org.junit.runners.model.FrameworkMethod.invokeExplosively(FrameworkMethod.java:41)
	at junitparams.internal.InvokeParameterisedMethod.evaluate(InvokeParameterisedMethod.java:102)
	at org.junit.internal.runners.statements.FailOnTimeout$1.run(FailOnTimeout.java:28)
Caused by: ptolemy.kernel.util.IllegalActionException: Found a zero delay loop containing .dependencyLoop2.original
  in .dependencyLoop2 and .dependencyLoop2.original
	at ptolemy.actor.util.CausalityInterfaceForComposites._computeOutputPortDepth(CausalityInterfaceForComposites.java:759)
	at ptolemy.actor.util.CausalityInterfaceForComposites._computeInputDepth(CausalityInterfaceForComposites.java:696)
	at ptolemy.actor.util.CausalityInterfaceForComposites._computeOutputPortDepth(CausalityInterfaceForComposites.java:765)
	at ptolemy.actor.util.CausalityInterfaceForComposites._computeInputDepth(CausalityInterfaceForComposites.java:696)
	at ptolemy.actor.util.CausalityInterfaceForComposites._computeOutputPortDepth(CausalityInterfaceForComposites.java:765)
	at ptolemy.actor.util.CausalityInterfaceForComposites._computeInputDepth(CausalityInterfaceForComposites.java:696)
	at ptolemy.actor.util.CausalityInterfaceForComposites._computeActorDepth(CausalityInterfaceForComposites.java:532)
	at ptolemy.actor.util.CausalityInterfaceForComposites.checkForCycles(CausalityInterfaceForComposites.java:96)
	at ptolemy.domains.de.kernel.DEDirector.preinitialize(DEDirector.java:1338)
	at ptolemy.actor.CompositeActor.preinitialize(CompositeActor.java:1828)
	at ptolemy.actor.Manager.preinitializeAndResolveTypes(Manager.java:1040)
	at ptolemy.actor.Manager.initialize(Manager.java:710)
	at ptolemy.actor.Manager.execute(Manager.java:356)
	at ptolemy.actor.Manager.run(Manager.java:1263)
	at ptolemy.actor.Manager$PtolemyRunThread.run(Manager.java:1933)
]]></system-err>
</testsuite>
