<?xml version="1.0" encoding="UTF-8" ?>
<testsuite errors="0" failures="0" hostname="travis-job-b90da246-4215-4823-8ab2-ae78c513c1da" name="ptolemy.domains.de.test.junit.JUnitTclTest" skipped="0" tests="101" time="123.743" timestamp="2020-09-17T15:43:07">
  <properties>
[...]
</properties>
  <testcase classname="ptolemy.util.test.junit.TclTests" name="[0] /home/travis/build/icyphy/ptII/ptolemy/domains/de/test/DependencyLoop.tcl (RunTclFile)" time="1.07" />
  <testcase classname="ptolemy.util.test.junit.TclTests" name="[1] /home/travis/build/icyphy/ptII/ptolemy/domains/de/test/RunDETestsAsQSS.tcl (RunTclFile)" time="83.455" />
  <testcase classname="ptolemy.util.test.junit.AutoKnownFailedTests" name="[0] /home/travis/build/icyphy/ptII/ptolemy/domains/de/test/auto/knownFailedTests/DESDFClockTest.xml (RunModel)" time="2.076" />
  <testcase classname="ptolemy.util.test.junit.AutoKnownFailedTests" name="[1] /home/travis/build/icyphy/ptII/ptolemy/domains/de/test/auto/knownFailedTests/DirectFeedback.xml (RunModel)" time="0.018" />
  <testcase classname="ptolemy.util.test.junit.AutoKnownFailedTests" name="[2] /home/travis/build/icyphy/ptII/ptolemy/domains/de/test/auto/knownFailedTests/FSMSource.xml (RunModel)" time="0.048" />
  <testcase classname="ptolemy.util.test.junit.AutoKnownFailedTests" name="[3] /home/travis/build/icyphy/ptII/ptolemy/domains/de/test/auto/knownFailedTests/HierarchicalModel.xml (RunModel)" time="0.045" />
  <testcase classname="ptolemy.util.test.junit.AutoKnownFailedTests" name="[4] /home/travis/build/icyphy/ptII/ptolemy/domains/de/test/auto/knownFailedTests/dependencyLoop.xml (RunModel)" time="0.042" />
  <testcase classname="ptolemy.util.test.junit.AutoKnownFailedTests" name="[5] /home/travis/build/icyphy/ptII/ptolemy/domains/de/test/auto/knownFailedTests/dependencyLoop2.xml (RunModel)" time="0.051" />
  <testcase classname="ptolemy.util.test.junit.AutoNameArchTests" name="[0] ThereAreNoAutoArchTests (RunModel)" time="0.001" />
  <testcase classname="ptolemy.util.test.junit.AutoTests" name="[0] /home/travis/build/icyphy/ptII/ptolemy/domains/de/test/auto/ActorDepthCalculation_actorWithoutPorts.xml (RunModel)" time="0.026" />
  <testcase classname="ptolemy.util.test.junit.AutoTests" name="[1] /home/travis/build/icyphy/ptII/ptolemy/domains/de/test/auto/AssemblyLine.xml (RunModel)" time="0.025" />
  <testcase classname="ptolemy.util.test.junit.AutoTests" name="[2] /home/travis/build/icyphy/ptII/ptolemy/domains/de/test/auto/CQBug1.xml (RunModel)" time="0.012" />
  <testcase classname="ptolemy.util.test.junit.AutoTests" name="[3] /home/travis/build/icyphy/ptII/ptolemy/domains/de/test/auto/CancelFireAt.xml (RunModel)" time="0.015" />
  <testcase classname="ptolemy.util.test.junit.AutoTests" name="[4] /home/travis/build/icyphy/ptII/ptolemy/domains/de/test/auto/CausalityAndComposabilityAnalysis.xml (RunModel)" time="0.012" />
  <testcase classname="ptolemy.util.test.junit.AutoTests" name="[5] /home/travis/build/icyphy/ptII/ptolemy/domains/de/test/auto/CausalityInterface1.xml (RunModel)" time="0.016" />
  <testcase classname="ptolemy.util.test.junit.AutoTests" name="[6] /home/travis/build/icyphy/ptII/ptolemy/domains/de/test/auto/CausalityInterface15.xml (RunModel)" time="0.015" />
  <testcase classname="ptolemy.util.test.junit.AutoTests" name="[7] /home/travis/build/icyphy/ptII/ptolemy/domains/de/test/auto/CausalityInterface2.xml (RunModel)" time="0.016" />
  <testcase classname="ptolemy.util.test.junit.AutoTests" name="[8] /home/travis/build/icyphy/ptII/ptolemy/domains/de/test/auto/CausalityInterface3.xml (RunModel)" time="0.017" />
  <testcase classname="ptolemy.util.test.junit.AutoTests" name="[9] /home/travis/build/icyphy/ptII/ptolemy/domains/de/test/auto/ClockDrift.xml (RunModel)" time="0.034" />
  <testcase classname="ptolemy.util.test.junit.AutoTests" name="[10] /home/travis/build/icyphy/ptII/ptolemy/domains/de/test/auto/ClockDriftAndValueChange.xml (RunModel)" time="0.028" />
  <testcase classname="ptolemy.util.test.junit.AutoTests" name="[11] /home/travis/build/icyphy/ptII/ptolemy/domains/de/test/auto/ClockDriftChange.xml (RunModel)" time="0.039" />
  <testcase classname="ptolemy.util.test.junit.AutoTests" name="[12] /home/travis/build/icyphy/ptII/ptolemy/domains/de/test/auto/ComposableCausalityAnalysis.xml (RunModel)" time="0.013" />
  <testcase classname="ptolemy.util.test.junit.AutoTests" name="[13] /home/travis/build/icyphy/ptII/ptolemy/domains/de/test/auto/DEFixedPointLimitation.xml (RunModel)" time="0.01" />
  <testcase classname="ptolemy.util.test.junit.AutoTests" name="[14] /home/travis/build/icyphy/ptII/ptolemy/domains/de/test/auto/DEScheduleTest.xml (RunModel)" time="0.019" />
  <testcase classname="ptolemy.util.test.junit.AutoTests" name="[15] /home/travis/build/icyphy/ptII/ptolemy/domains/de/test/auto/DEinDEwithStartTimes.xml (RunModel)" time="0.017" />
  <testcase classname="ptolemy.util.test.junit.AutoTests" name="[16] /home/travis/build/icyphy/ptII/ptolemy/domains/de/test/auto/DEinDEwithStartTimes2.xml (RunModel)" time="0.014" />
  <testcase classname="ptolemy.util.test.junit.AutoTests" name="[17] /home/travis/build/icyphy/ptII/ptolemy/domains/de/test/auto/DateDemo.xml (RunModel)" time="0.028" />
  <testcase classname="ptolemy.util.test.junit.AutoTests" name="[18] /home/travis/build/icyphy/ptII/ptolemy/domains/de/test/auto/DateToEvent.xml (RunModel)" time="2.038" />
  <testcase classname="ptolemy.util.test.junit.AutoTests" name="[19] /home/travis/build/icyphy/ptII/ptolemy/domains/de/test/auto/DepthTest1.xml (RunModel)" time="0.012" />
  <testcase classname="ptolemy.util.test.junit.AutoTests" name="[20] /home/travis/build/icyphy/ptII/ptolemy/domains/de/test/auto/DepthTest2.xml (RunModel)" time="0.028" />
  <testcase classname="ptolemy.util.test.junit.AutoTests" name="[21] /home/travis/build/icyphy/ptII/ptolemy/domains/de/test/auto/DepthTest3.xml (RunModel)" time="0.009" />
  <testcase classname="ptolemy.util.test.junit.AutoTests" name="[22] /home/travis/build/icyphy/ptII/ptolemy/domains/de/test/auto/DepthTest4.xml (RunModel)" time="0.023" />
  <testcase classname="ptolemy.util.test.junit.AutoTests" name="[23] /home/travis/build/icyphy/ptII/ptolemy/domains/de/test/auto/DepthTest5.xml (RunModel)" time="0.017" />
  <testcase classname="ptolemy.util.test.junit.AutoTests" name="[24] /home/travis/build/icyphy/ptII/ptolemy/domains/de/test/auto/DepthTest6.xml (RunModel)" time="0.014" />
  <testcase classname="ptolemy.util.test.junit.AutoTests" name="[25] /home/travis/build/icyphy/ptII/ptolemy/domains/de/test/auto/DepthTest7.xml (RunModel)" time="0.016" />
  <testcase classname="ptolemy.util.test.junit.AutoTests" name="[26] /home/travis/build/icyphy/ptII/ptolemy/domains/de/test/auto/EventToDate.xml (RunModel)" time="3.047" />
  <testcase classname="ptolemy.util.test.junit.AutoTests" name="[27] /home/travis/build/icyphy/ptII/ptolemy/domains/de/test/auto/FSM1.xml (RunModel)" time="0.046" />
  <testcase classname="ptolemy.util.test.junit.AutoTests" name="[28] /home/travis/build/icyphy/ptII/ptolemy/domains/de/test/auto/FSM7.xml (RunModel)" time="0.042" />
  <testcase classname="ptolemy.util.test.junit.AutoTests" name="[29] /home/travis/build/icyphy/ptII/ptolemy/domains/de/test/auto/Inspection.xml (RunModel)" time="0.038" />
  <testcase classname="ptolemy.util.test.junit.AutoTests" name="[30] /home/travis/build/icyphy/ptII/ptolemy/domains/de/test/auto/Iteration.xml (RunModel)" time="0.029" />
  <testcase classname="ptolemy.util.test.junit.AutoTests" name="[31] /home/travis/build/icyphy/ptII/ptolemy/domains/de/test/auto/LineFault.xml (RunModel)" time="0.561" />
  <testcase classname="ptolemy.util.test.junit.AutoTests" name="[32] /home/travis/build/icyphy/ptII/ptolemy/domains/de/test/auto/MergeModel1Add.xml (RunModel)" time="0.05" />
  <testcase classname="ptolemy.util.test.junit.AutoTests" name="[33] /home/travis/build/icyphy/ptII/ptolemy/domains/de/test/auto/MergeModel2Add.xml (RunModel)" time="0.037" />
  <testcase classname="ptolemy.util.test.junit.AutoTests" name="[34] /home/travis/build/icyphy/ptII/ptolemy/domains/de/test/auto/MergeModel3Add.xml (RunModel)" time="0.041" />
  <testcase classname="ptolemy.util.test.junit.AutoTests" name="[35] /home/travis/build/icyphy/ptII/ptolemy/domains/de/test/auto/MergeWithoutDiscard.xml (RunModel)" time="0.009" />
  <testcase classname="ptolemy.util.test.junit.AutoTests" name="[36] /home/travis/build/icyphy/ptII/ptolemy/domains/de/test/auto/Modal1.xml (RunModel)" time="0.032" />
  <testcase classname="ptolemy.util.test.junit.AutoTests" name="[37] /home/travis/build/icyphy/ptII/ptolemy/domains/de/test/auto/Modal2.xml (RunModel)" time="0.029" />
  <testcase classname="ptolemy.util.test.junit.AutoTests" name="[38] /home/travis/build/icyphy/ptII/ptolemy/domains/de/test/auto/Modal3.xml (RunModel)" time="0.033" />
  <testcase classname="ptolemy.util.test.junit.AutoTests" name="[39] /home/travis/build/icyphy/ptII/ptolemy/domains/de/test/auto/Modal4.xml (RunModel)" time="0.03" />
  <testcase classname="ptolemy.util.test.junit.AutoTests" name="[40] /home/travis/build/icyphy/ptII/ptolemy/domains/de/test/auto/Modal5.xml (RunModel)" time="0.033" />
  <testcase classname="ptolemy.util.test.junit.AutoTests" name="[41] /home/travis/build/icyphy/ptII/ptolemy/domains/de/test/auto/Modal6.xml (RunModel)" time="0.027" />
  <testcase classname="ptolemy.util.test.junit.AutoTests" name="[42] /home/travis/build/icyphy/ptII/ptolemy/domains/de/test/auto/Modal7.xml (RunModel)" time="0.033" />
  <testcase classname="ptolemy.util.test.junit.AutoTests" name="[43] /home/travis/build/icyphy/ptII/ptolemy/domains/de/test/auto/ModalModel.xml (RunModel)" time="0.18" />
  <testcase classname="ptolemy.util.test.junit.AutoTests" name="[44] /home/travis/build/icyphy/ptII/ptolemy/domains/de/test/auto/ModalSource.xml (RunModel)" time="0.019" />
  <testcase classname="ptolemy.util.test.junit.AutoTests" name="[45] /home/travis/build/icyphy/ptII/ptolemy/domains/de/test/auto/NonInterruptibleTimerZeroDelay.xml (RunModel)" time="0.014" />
  <testcase classname="ptolemy.util.test.junit.AutoTests" name="[46] /home/travis/build/icyphy/ptII/ptolemy/domains/de/test/auto/OpenQueueingNetwork.xml (RunModel)" time="2.203" />
  <testcase classname="ptolemy.util.test.junit.AutoTests" name="[47] /home/travis/build/icyphy/ptII/ptolemy/domains/de/test/auto/OpenQueuingNetwork.xml (RunModel)" time="0.259" />
  <testcase classname="ptolemy.util.test.junit.AutoTests" name="[48] /home/travis/build/icyphy/ptII/ptolemy/domains/de/test/auto/PeriodicSampler.xml (RunModel)" time="0.014" />
  <testcase classname="ptolemy.util.test.junit.AutoTests" name="[49] /home/travis/build/icyphy/ptII/ptolemy/domains/de/test/auto/PersistentIO.xml (RunModel)" time="0.026" />
  <testcase classname="ptolemy.util.test.junit.AutoTests" name="[50] /home/travis/build/icyphy/ptII/ptolemy/domains/de/test/auto/PortParameterResetOnInitialize.xml (RunModel)" time="0.008" />
  <testcase classname="ptolemy.util.test.junit.AutoTests" name="[51] /home/travis/build/icyphy/ptII/ptolemy/domains/de/test/auto/PortParameterUpdates.xml (RunModel)" time="0.015" />
  <testcase classname="ptolemy.util.test.junit.AutoTests" name="[52] /home/travis/build/icyphy/ptII/ptolemy/domains/de/test/auto/QueueAndServer.xml (RunModel)" time="0.022" />
  <testcase classname="ptolemy.util.test.junit.AutoTests" name="[53] /home/travis/build/icyphy/ptII/ptolemy/domains/de/test/auto/Records.xml (RunModel)" time="0.014" />
  <testcase classname="ptolemy.util.test.junit.AutoTests" name="[54] /home/travis/build/icyphy/ptII/ptolemy/domains/de/test/auto/ResetTransitionWithStartTime1.xml (RunModel)" time="0.022" />
  <testcase classname="ptolemy.util.test.junit.AutoTests" name="[55] /home/travis/build/icyphy/ptII/ptolemy/domains/de/test/auto/ResetTransitionWithStartTime2.xml (RunModel)" time="0.023" />
  <testcase classname="ptolemy.util.test.junit.AutoTests" name="[56] /home/travis/build/icyphy/ptII/ptolemy/domains/de/test/auto/ResetTransitionWithStartTime3.xml (RunModel)" time="0.021" />
  <testcase classname="ptolemy.util.test.junit.AutoTests" name="[57] /home/travis/build/icyphy/ptII/ptolemy/domains/de/test/auto/ResetTransitionWithStartTime4.xml (RunModel)" time="0.018" />
  <testcase classname="ptolemy.util.test.junit.AutoTests" name="[58] /home/travis/build/icyphy/ptII/ptolemy/domains/de/test/auto/ResettableTimer1.xml (RunModel)" time="0.012" />
  <testcase classname="ptolemy.util.test.junit.AutoTests" name="[59] /home/travis/build/icyphy/ptII/ptolemy/domains/de/test/auto/ResettableTimer2.xml (RunModel)" time="0.01" />
  <testcase classname="ptolemy.util.test.junit.AutoTests" name="[60] /home/travis/build/icyphy/ptII/ptolemy/domains/de/test/auto/ResettableTimer3.xml (RunModel)" time="0.012" />
  <testcase classname="ptolemy.util.test.junit.AutoTests" name="[61] /home/travis/build/icyphy/ptII/ptolemy/domains/de/test/auto/ResettableTimer4.xml (RunModel)" time="0.01" />
  <testcase classname="ptolemy.util.test.junit.AutoTests" name="[62] /home/travis/build/icyphy/ptII/ptolemy/domains/de/test/auto/ResettableTimer5.xml (RunModel)" time="0.01" />
  <testcase classname="ptolemy.util.test.junit.AutoTests" name="[63] /home/travis/build/icyphy/ptII/ptolemy/domains/de/test/auto/ResettableTimer6.xml (RunModel)" time="0.017" />
  <testcase classname="ptolemy.util.test.junit.AutoTests" name="[64] /home/travis/build/icyphy/ptII/ptolemy/domains/de/test/auto/ServerZeroDelay.xml (RunModel)" time="0.01" />
  <testcase classname="ptolemy.util.test.junit.AutoTests" name="[65] /home/travis/build/icyphy/ptII/ptolemy/domains/de/test/auto/SmartSender.xml (RunModel)" time="3.01" />
  <testcase classname="ptolemy.util.test.junit.AutoTests" name="[66] /home/travis/build/icyphy/ptII/ptolemy/domains/de/test/auto/ThreadedComposite.xml (RunModel)" time="0.156" />
  <testcase classname="ptolemy.util.test.junit.AutoTests" name="[67] /home/travis/build/icyphy/ptII/ptolemy/domains/de/test/auto/Time.xml (RunModel)" time="0.38" />
  <testcase classname="ptolemy.util.test.junit.AutoTests" name="[68] /home/travis/build/icyphy/ptII/ptolemy/domains/de/test/auto/TimeDelayZeroDelay.xml (RunModel)" time="0.015" />
  <testcase classname="ptolemy.util.test.junit.AutoTests" name="[69] /home/travis/build/icyphy/ptII/ptolemy/domains/de/test/auto/TimerZeroDelay.xml (RunModel)" time="0.011" />
  <testcase classname="ptolemy.util.test.junit.AutoTests" name="[70] /home/travis/build/icyphy/ptII/ptolemy/domains/de/test/auto/TimingParadox.xml (RunModel)" time="0.301" />
  <testcase classname="ptolemy.util.test.junit.AutoTests" name="[71] /home/travis/build/icyphy/ptII/ptolemy/domains/de/test/auto/TransferInputs.xml (RunModel)" time="0.017" />
  <testcase classname="ptolemy.util.test.junit.AutoTests" name="[72] /home/travis/build/icyphy/ptII/ptolemy/domains/de/test/auto/TransferOutputs2.xml (RunModel)" time="0.015" />
  <testcase classname="ptolemy.util.test.junit.AutoTests" name="[73] /home/travis/build/icyphy/ptII/ptolemy/domains/de/test/auto/Trilateration.xml (RunModel)" time="11.093" />
  <testcase classname="ptolemy.util.test.junit.AutoTests" name="[74] /home/travis/build/icyphy/ptII/ptolemy/domains/de/test/auto/TwoSigmaDelta.xml (RunModel)" time="1.768" />
  <testcase classname="ptolemy.util.test.junit.AutoTests" name="[75] /home/travis/build/icyphy/ptII/ptolemy/domains/de/test/auto/VariableDelay.xml (RunModel)" time="0.02" />
  <testcase classname="ptolemy.util.test.junit.AutoTests" name="[76] /home/travis/build/icyphy/ptII/ptolemy/domains/de/test/auto/VariableDelay2.xml (RunModel)" time="0.013" />
  <testcase classname="ptolemy.util.test.junit.AutoTests" name="[77] /home/travis/build/icyphy/ptII/ptolemy/domains/de/test/auto/VariableDelayZeroDelay.xml (RunModel)" time="0.017" />
  <testcase classname="ptolemy.util.test.junit.AutoTests" name="[78] /home/travis/build/icyphy/ptII/ptolemy/domains/de/test/auto/VariableDelayZeroDelay2.xml (RunModel)" time="0.01" />
  <testcase classname="ptolemy.util.test.junit.AutoTests" name="[79] /home/travis/build/icyphy/ptII/ptolemy/domains/de/test/auto/deInCt.xml (RunModel)" time="0.015" />
  <testcase classname="ptolemy.util.test.junit.AutoTests" name="[80] /home/travis/build/icyphy/ptII/ptolemy/domains/de/test/auto/deInCt2.xml (RunModel)" time="0.022" />
  <testcase classname="ptolemy.util.test.junit.AutoTests" name="[81] /home/travis/build/icyphy/ptII/ptolemy/domains/de/test/auto/dynamicCausalityInterface1.xml (RunModel)" time="0.021" />
  <testcase classname="ptolemy.util.test.junit.AutoTests" name="[82] /home/travis/build/icyphy/ptII/ptolemy/domains/de/test/auto/fsm_de_test.xml (RunModel)" time="0.021" />
  <testcase classname="ptolemy.util.test.junit.AutoTests" name="[83] /home/travis/build/icyphy/ptII/ptolemy/domains/de/test/auto/functionDependencyReconstruction.xml (RunModel)" time="0.028" />
  <testcase classname="ptolemy.util.test.junit.AutoTests" name="[84] /home/travis/build/icyphy/ptII/ptolemy/domains/de/test/auto/multirate.xml (RunModel)" time="0.014" />
  <testcase classname="ptolemy.util.test.junit.AutoTests" name="[85] /home/travis/build/icyphy/ptII/ptolemy/domains/de/test/auto/multirate2.xml (RunModel)" time="0.016" />
  <testcase classname="ptolemy.util.test.junit.AutoTests" name="[86] /home/travis/build/icyphy/ptII/ptolemy/domains/de/test/auto/realtime.xml (RunModel)" time="10.01" />
  <testcase classname="ptolemy.util.test.junit.AutoTests" name="[87] /home/travis/build/icyphy/ptII/ptolemy/domains/de/test/auto/relationGroup.xml (RunModel)" time="0.01" />
  <testcase classname="ptolemy.util.test.junit.AutoTests" name="[88] /home/travis/build/icyphy/ptII/ptolemy/domains/de/test/auto/relationGroup2.xml (RunModel)" time="0.009" />
  <testcase classname="ptolemy.util.test.junit.AutoTests" name="[89] /home/travis/build/icyphy/ptII/ptolemy/domains/de/test/auto/sortWithOpaquePorts.xml (RunModel)" time="0.014" />
  <testcase classname="ptolemy.util.test.junit.AutoTests" name="[90] /home/travis/build/icyphy/ptII/ptolemy/domains/de/test/auto/transferInputsandOutputs.xml (RunModel)" time="0.018" />
  <testcase classname="ptolemy.util.test.junit.AutoTests" name="[91] /home/travis/build/icyphy/ptII/ptolemy/domains/de/test/auto/triggerType.xml (RunModel)" time="0.009" />
  <system-out><![CDATA[/home/travis/build/icyphy/ptII/ptolemy/domains/de/test/DependencyLoop.tcl
testDefs.tcl: setting time out to 9000 seconds at Thu Sep 17 15:43:07 UTC 2020
85 ms. Memory: 129024K Free: 78791K (61%)
13 ms. Memory: 129024K Free: 61383K (48%)
/home/travis/build/icyphy/ptII/ptolemy/domains/de/test/RunDETestsAsQSS.tcl
Run the DE tests using ptolemy.domains.qss.test.QSSDirectorTest, which extends QSSDirector and prints a message in the constructors.
------------------ testing $PTII/ptolemy/domains/de/test/auto/knownFailedTests/DirectFeedback.xml (Known Failure) 
59 ms. Memory: 129024K Free: 55749K (43%)


==== $PTIIhome/travis/build/icyphy/ptII/ptolemy/domains/de/test/../../../../: Auto Automatic test in file $PTII/ptolemy/domains/de/test/auto/knownFailedTests/DirectFeedback.xml
==== Contents of test case:

	    # FIXME: we should use $relativeFilename here, but it
	    # might have backslashes under Windows, which causes no end
	    # of trouble.
	    createAndExecute $file
	    list {}
	
.... Test generated KNOWN error:
    while executing
ptolemy.kernel.util.IllegalActionException: Test fails in iteration 1.
Value was: 1.0. Should have been: 2.0
  in .DirectFeedback.Test
	at ptolemy.actor.lib.Test.fire(Test.java:268)
	at ptolemy.domains.de.kernel.DEDirector._fire(DEDirector.java:1949)
	at ptolemy.domains.de.kernel.DEDirector.fire(DEDirector.java:502)
	at ptolemy.actor.CompositeActor.fire(CompositeActor.java:455)
	at ptolemy.actor.Manager.iterate(Manager.java:851)
	at ptolemy.actor.Manager.execute(Manager.java:369)
	at ptolemy.actor.Manager.run(Manager.java:1263)
	at ptolemy.actor.Manager$PtolemyRunThread.run(Manager.java:1933)

    while executing
ptolemy.kernel.util.IllegalActionException: Test fails in iteration 1.
Value was: 1.0. Should have been: 2.0
  in .DirectFeedback.Test
    while executing
"java::new ptolemy.moml.MoMLSimpleApplication $file
"
    (procedure "createAndExecute" line 2)
    invoked from within
"createAndExecute $file"
    ("uplevel" body line 5)
    invoked from within
"uplevel $contents_of_test"
------------------ testing $PTII/ptolemy/domains/de/test/auto/knownFailedTests/dependencyLoop.xml (Known Failure) 
10 ms. Memory: 129024K Free: 52677K (41%)


==== $PTIIhome/travis/build/icyphy/ptII/ptolemy/domains/de/test/../../../../: Auto Automatic test in file $PTII/ptolemy/domains/de/test/auto/knownFailedTests/dependencyLoop.xml
==== Contents of test case:

	    # FIXME: we should use $relativeFilename here, but it
	    # might have backslashes under Windows, which causes no end
	    # of trouble.
	    createAndExecute $file
	    list {}
	
.... Test generated KNOWN error:
    while executing
ptolemy.kernel.util.IllegalActionException: Found a zero delay loop containing .dependencyLoop.original
  in .dependencyLoop and .dependencyLoop.original
	at ptolemy.actor.util.CausalityInterfaceForComposites._computeOutputPortDepth(CausalityInterfaceForComposites.java:759)
	at ptolemy.actor.util.CausalityInterfaceForComposites._computeInputDepth(CausalityInterfaceForComposites.java:696)
	at ptolemy.actor.util.CausalityInterfaceForComposites._computeOutputPortDepth(CausalityInterfaceForComposites.java:765)
	at ptolemy.actor.util.CausalityInterfaceForComposites._computeInputDepth(CausalityInterfaceForComposites.java:696)
	at ptolemy.actor.util.CausalityInterfaceForComposites._computeOutputPortDepth(CausalityInterfaceForComposites.java:765)
	at ptolemy.actor.util.CausalityInterfaceForComposites._computeInputDepth(CausalityInterfaceForComposites.java:696)
	at ptolemy.actor.util.CausalityInterfaceForComposites._computeActorDepth(CausalityInterfaceForComposites.java:532)
	at ptolemy.actor.util.CausalityInterfaceForComposites.checkForCycles(CausalityInterfaceForComposites.java:96)
	at ptolemy.domains.de.kernel.DEDirector.preinitialize(DEDirector.java:1338)
	at ptolemy.actor.CompositeActor.preinitialize(CompositeActor.java:1828)
	at ptolemy.actor.Manager.preinitializeAndResolveTypes(Manager.java:1040)
	at ptolemy.actor.Manager.initialize(Manager.java:710)
	at ptolemy.actor.Manager.execute(Manager.java:356)
	at ptolemy.actor.Manager.run(Manager.java:1263)
	at ptolemy.actor.Manager$PtolemyRunThread.run(Manager.java:1933)

    while executing
ptolemy.kernel.util.IllegalActionException: Found a zero delay loop containing .dependencyLoop.original
  in .dependencyLoop and .dependencyLoop.original
    while executing
"java::new ptolemy.moml.MoMLSimpleApplication $file
"
    (procedure "createAndExecute" line 2)
    invoked from within
"createAndExecute $file"
    ("uplevel" body line 5)
    invoked from within
"uplevel $contents_of_test"
------------------ testing $PTII/ptolemy/domains/de/test/auto/knownFailedTests/FSMSource.xml (Known Failure) 
57 ms. Memory: 129024K Free: 110544K (86%)
!!!! Auto was marked as failing, but now passes
------------------ testing $PTII/ptolemy/domains/de/test/auto/knownFailedTests/HierarchicalModel.xml (Known Failure) 
11 ms. Memory: 129024K Free: 93174K (72%)


==== $PTIIhome/travis/build/icyphy/ptII/ptolemy/domains/de/test/../../../../: Auto Automatic test in file $PTII/ptolemy/domains/de/test/auto/knownFailedTests/HierarchicalModel.xml
==== Contents of test case:

	    # FIXME: we should use $relativeFilename here, but it
	    # might have backslashes under Windows, which causes no end
	    # of trouble.
	    createAndExecute $file
	    list {}
	
.... Test generated KNOWN error:
    while executing
ptolemy.kernel.util.IllegalActionException: Found a zero delay loop containing .HierarchicalModel.A
  in .HierarchicalModel and .HierarchicalModel.A
	at ptolemy.actor.util.CausalityInterfaceForComposites._computeOutputPortDepth(CausalityInterfaceForComposites.java:759)
	at ptolemy.actor.util.CausalityInterfaceForComposites._computeInputDepth(CausalityInterfaceForComposites.java:696)
	at ptolemy.actor.util.CausalityInterfaceForComposites._computeOutputPortDepth(CausalityInterfaceForComposites.java:765)
	at ptolemy.actor.util.CausalityInterfaceForComposites._computeInputDepth(CausalityInterfaceForComposites.java:696)
	at ptolemy.actor.util.CausalityInterfaceForComposites._computeOutputPortDepth(CausalityInterfaceForComposites.java:765)
	at ptolemy.actor.util.CausalityInterfaceForComposites._computeInputDepth(CausalityInterfaceForComposites.java:696)
	at ptolemy.actor.util.CausalityInterfaceForComposites._computeActorDepth(CausalityInterfaceForComposites.java:532)
	at ptolemy.actor.util.CausalityInterfaceForComposites.checkForCycles(CausalityInterfaceForComposites.java:96)
	at ptolemy.domains.de.kernel.DEDirector.preinitialize(DEDirector.java:1338)
	at ptolemy.actor.CompositeActor.preinitialize(CompositeActor.java:1828)
	at ptolemy.actor.Manager.preinitializeAndResolveTypes(Manager.java:1040)
	at ptolemy.actor.Manager.initialize(Manager.java:710)
	at ptolemy.actor.Manager.execute(Manager.java:356)
	at ptolemy.actor.Manager.run(Manager.java:1263)
	at ptolemy.actor.Manager$PtolemyRunThread.run(Manager.java:1933)

    while executing
ptolemy.kernel.util.IllegalActionException: Found a zero delay loop containing .HierarchicalModel.A
  in .HierarchicalModel and .HierarchicalModel.A
    while executing
"java::new ptolemy.moml.MoMLSimpleApplication $file
"
    (procedure "createAndExecute" line 2)
    invoked from within
"createAndExecute $file"
    ("uplevel" body line 5)
    invoked from within
"uplevel $contents_of_test"
------------------ testing $PTII/ptolemy/domains/de/test/auto/knownFailedTests/dependencyLoop2.xml (Known Failure) 
10 ms. Memory: 129024K Free: 77231K (60%)


==== $PTIIhome/travis/build/icyphy/ptII/ptolemy/domains/de/test/../../../../: Auto Automatic test in file $PTII/ptolemy/domains/de/test/auto/knownFailedTests/dependencyLoop2.xml
==== Contents of test case:

	    # FIXME: we should use $relativeFilename here, but it
	    # might have backslashes under Windows, which causes no end
	    # of trouble.
	    createAndExecute $file
	    list {}
	
.... Test generated KNOWN error:
    while executing
ptolemy.kernel.util.IllegalActionException: Found a zero delay loop containing .dependencyLoop2.original
  in .dependencyLoop2 and .dependencyLoop2.original
	at ptolemy.actor.util.CausalityInterfaceForComposites._computeOutputPortDepth(CausalityInterfaceForComposites.java:759)
	at ptolemy.actor.util.CausalityInterfaceForComposites._computeInputDepth(CausalityInterfaceForComposites.java:696)
	at ptolemy.actor.util.CausalityInterfaceForComposites._computeOutputPortDepth(CausalityInterfaceForComposites.java:765)
	at ptolemy.actor.util.CausalityInterfaceForComposites._computeInputDepth(CausalityInterfaceForComposites.java:696)
	at ptolemy.actor.util.CausalityInterfaceForComposites._computeOutputPortDepth(CausalityInterfaceForComposites.java:765)
	at ptolemy.actor.util.CausalityInterfaceForComposites._computeInputDepth(CausalityInterfaceForComposites.java:696)
	at ptolemy.actor.util.CausalityInterfaceForComposites._computeActorDepth(CausalityInterfaceForComposites.java:532)
	at ptolemy.actor.util.CausalityInterfaceForComposites.checkForCycles(CausalityInterfaceForComposites.java:96)
	at ptolemy.domains.de.kernel.DEDirector.preinitialize(DEDirector.java:1338)
	at ptolemy.actor.CompositeActor.preinitialize(CompositeActor.java:1828)
	at ptolemy.actor.Manager.preinitializeAndResolveTypes(Manager.java:1040)
	at ptolemy.actor.Manager.initialize(Manager.java:710)
	at ptolemy.actor.Manager.execute(Manager.java:356)
	at ptolemy.actor.Manager.run(Manager.java:1263)
	at ptolemy.actor.Manager$PtolemyRunThread.run(Manager.java:1933)

    while executing
ptolemy.kernel.util.IllegalActionException: Found a zero delay loop containing .dependencyLoop2.original
  in .dependencyLoop2 and .dependencyLoop2.original
    while executing
"java::new ptolemy.moml.MoMLSimpleApplication $file
"
    (procedure "createAndExecute" line 2)
    invoked from within
"createAndExecute $file"
    ("uplevel" body line 5)
    invoked from within
"uplevel $contents_of_test"
------------------ testing $PTII/ptolemy/domains/de/test/auto/knownFailedTests/DESDFClockTest.xml (Known Failure) 
2067 ms. Memory: 129024K Free: 106621K (83%)


==== $PTIIhome/travis/build/icyphy/ptII/ptolemy/domains/de/test/../../../../: Auto Automatic test in file $PTII/ptolemy/domains/de/test/auto/knownFailedTests/DESDFClockTest.xml
==== Contents of test case:

	    # FIXME: we should use $relativeFilename here, but it
	    # might have backslashes under Windows, which causes no end
	    # of trouble.
	    createAndExecute $file
	    list {}
	
.... Test generated KNOWN error:
    while executing
ptolemy.kernel.util.IllegalActionException: Actor is not ready to fire.  Perhaps UpSample.prefire() returned false? Try debugging the actor by selecting "Listen to Actor".  Also, for SDF check moml for tokenConsumptionRate on input.
  in .DESDFClockTest.Play Bell.Copy1:SDF Director and .DESDFClockTest.Play Bell.UpSample
	at ptolemy.actor.sched.StaticSchedulingDirector.fire(StaticSchedulingDirector.java:227)
	at ptolemy.domains.sdf.kernel.SDFDirector.fire(SDFDirector.java:500)
	at ptolemy.actor.CompositeActor.fire(CompositeActor.java:455)
	at ptolemy.domains.de.kernel.DEDirector._fire(DEDirector.java:1949)
	at ptolemy.domains.de.kernel.DEDirector.fire(DEDirector.java:502)
	at ptolemy.actor.CompositeActor.fire(CompositeActor.java:455)
	at ptolemy.actor.Manager.iterate(Manager.java:851)
	at ptolemy.actor.Manager.execute(Manager.java:369)
	at ptolemy.actor.Manager.run(Manager.java:1263)
	at ptolemy.actor.Manager$PtolemyRunThread.run(Manager.java:1933)

    while executing
ptolemy.kernel.util.IllegalActionException: Actor is not ready to fire.  Perhaps UpSample.prefire() returned false? Try debugging the actor by selecting "Listen to Actor".  Also, for SDF check moml for tokenConsumptionRate on input.
  in .DESDFClockTest.Play Bell.Copy1:SDF Director and .DESDFClockTest.Play Bell.UpSample
    while executing
"java::new ptolemy.moml.MoMLSimpleApplication $file
"
    (procedure "createAndExecute" line 2)
    invoked from within
"createAndExecute $file"
    ("uplevel" body line 5)
    invoked from within
"uplevel $contents_of_test"
------------------ testing $PTII/ptolemy/domains/de/test/auto/ActorDepthCalculation_actorWithoutPorts.xml
auto.tcl: Setting watchdog for 200 seconds at Thu Sep 17 15:43:11 UTC 2020
7 ms. Memory: 129024K Free: 98943K (77%)
ptolemy.util.test.WatchDog.cancel(): canceling Thu Sep 17 15:43:11 UTC 2020
auto.tcl: Setting watchdog for 200 seconds at Thu Sep 17 15:43:11 UTC 2020
6 ms. Memory: 129024K Free: 97405K (75%)
ptolemy.util.test.WatchDog.cancel(): canceling Thu Sep 17 15:43:11 UTC 2020
------------------ testing $PTII/ptolemy/domains/de/test/auto/AssemblyLine.xml
auto.tcl: Setting watchdog for 200 seconds at Thu Sep 17 15:43:11 UTC 2020
15 ms. Memory: 51200K Free: 27757K (54%)
ptolemy.util.test.WatchDog.cancel(): canceling Thu Sep 17 15:43:11 UTC 2020
auto.tcl: Setting watchdog for 200 seconds at Thu Sep 17 15:43:11 UTC 2020
5 ms. Memory: 51200K Free: 27267K (53%)
ptolemy.util.test.WatchDog.cancel(): canceling Thu Sep 17 15:43:12 UTC 2020
------------------ testing $PTII/ptolemy/domains/de/test/auto/CQBug1.xml
auto.tcl: Setting watchdog for 200 seconds at Thu Sep 17 15:43:12 UTC 2020
3 ms. Memory: 51200K Free: 33826K (66%)
ptolemy.util.test.WatchDog.cancel(): canceling Thu Sep 17 15:43:12 UTC 2020
auto.tcl: Setting watchdog for 200 seconds at Thu Sep 17 15:43:12 UTC 2020
2 ms. Memory: 51200K Free: 33357K (65%)
ptolemy.util.test.WatchDog.cancel(): canceling Thu Sep 17 15:43:12 UTC 2020
------------------ testing $PTII/ptolemy/domains/de/test/auto/CancelFireAt.xml
auto.tcl: Setting watchdog for 200 seconds at Thu Sep 17 15:43:12 UTC 2020
12 ms. Memory: 48128K Free: 31692K (66%)
ptolemy.util.test.WatchDog.cancel(): canceling Thu Sep 17 15:43:12 UTC 2020
auto.tcl: Setting watchdog for 200 seconds at Thu Sep 17 15:43:12 UTC 2020
2 ms. Memory: 48128K Free: 31261K (65%)
ptolemy.util.test.WatchDog.cancel(): canceling Thu Sep 17 15:43:12 UTC 2020
------------------ testing $PTII/ptolemy/domains/de/test/auto/CausalityAndComposabilityAnalysis.xml
auto.tcl: Setting watchdog for 200 seconds at Thu Sep 17 15:43:12 UTC 2020
17 ms. Memory: 48128K Free: 29665K (62%)
ptolemy.util.test.WatchDog.cancel(): canceling Thu Sep 17 15:43:12 UTC 2020
auto.tcl: Setting watchdog for 200 seconds at Thu Sep 17 15:43:12 UTC 2020
5 ms. Memory: 48128K Free: 28889K (60%)
ptolemy.util.test.WatchDog.cancel(): canceling Thu Sep 17 15:43:12 UTC 2020
------------------ testing $PTII/ptolemy/domains/de/test/auto/CausalityInterface1.xml
auto.tcl: Setting watchdog for 200 seconds at Thu Sep 17 15:43:12 UTC 2020
19 ms. Memory: 48128K Free: 28353K (59%)
ptolemy.util.test.WatchDog.cancel(): canceling Thu Sep 17 15:43:12 UTC 2020
auto.tcl: Setting watchdog for 200 seconds at Thu Sep 17 15:43:12 UTC 2020
4 ms. Memory: 48128K Free: 27358K (57%)
ptolemy.util.test.WatchDog.cancel(): canceling Thu Sep 17 15:43:12 UTC 2020
------------------ testing $PTII/ptolemy/domains/de/test/auto/CausalityInterface15.xml
auto.tcl: Setting watchdog for 200 seconds at Thu Sep 17 15:43:12 UTC 2020
7 ms. Memory: 48128K Free: 28371K (59%)
ptolemy.util.test.WatchDog.cancel(): canceling Thu Sep 17 15:43:12 UTC 2020
auto.tcl: Setting watchdog for 200 seconds at Thu Sep 17 15:43:12 UTC 2020
4 ms. Memory: 48128K Free: 27306K (57%)
ptolemy.util.test.WatchDog.cancel(): canceling Thu Sep 17 15:43:12 UTC 2020
------------------ testing $PTII/ptolemy/domains/de/test/auto/CausalityInterface2.xml
auto.tcl: Setting watchdog for 200 seconds at Thu Sep 17 15:43:12 UTC 2020
6 ms. Memory: 48128K Free: 29243K (61%)
ptolemy.util.test.WatchDog.cancel(): canceling Thu Sep 17 15:43:12 UTC 2020
auto.tcl: Setting watchdog for 200 seconds at Thu Sep 17 15:43:12 UTC 2020
3 ms. Memory: 48128K Free: 28318K (59%)
ptolemy.util.test.WatchDog.cancel(): canceling Thu Sep 17 15:43:12 UTC 2020
------------------ testing $PTII/ptolemy/domains/de/test/auto/CausalityInterface3.xml
auto.tcl: Setting watchdog for 200 seconds at Thu Sep 17 15:43:12 UTC 2020
5 ms. Memory: 48128K Free: 28535K (59%)
ptolemy.util.test.WatchDog.cancel(): canceling Thu Sep 17 15:43:12 UTC 2020
auto.tcl: Setting watchdog for 200 seconds at Thu Sep 17 15:43:12 UTC 2020
3 ms. Memory: 48128K Free: 27749K (58%)
ptolemy.util.test.WatchDog.cancel(): canceling Thu Sep 17 15:43:12 UTC 2020
------------------ testing $PTII/ptolemy/domains/de/test/auto/ClockDrift.xml
auto.tcl: Setting watchdog for 200 seconds at Thu Sep 17 15:43:12 UTC 2020
83 ms. Memory: 48128K Free: 21114K (44%)
ptolemy.util.test.WatchDog.cancel(): canceling Thu Sep 17 15:43:12 UTC 2020
auto.tcl: Setting watchdog for 200 seconds at Thu Sep 17 15:43:12 UTC 2020
55 ms. Memory: 48128K Free: 17689K (37%)
ptolemy.util.test.WatchDog.cancel(): canceling Thu Sep 17 15:43:12 UTC 2020
------------------ testing $PTII/ptolemy/domains/de/test/auto/ClockDriftAndValueChange.xml
auto.tcl: Setting watchdog for 200 seconds at Thu Sep 17 15:43:12 UTC 2020
32 ms. Memory: 48128K Free: 21199K (44%)
ptolemy.util.test.WatchDog.cancel(): canceling Thu Sep 17 15:43:13 UTC 2020
auto.tcl: Setting watchdog for 200 seconds at Thu Sep 17 15:43:13 UTC 2020
28 ms. Memory: 48128K Free: 18364K (38%)
ptolemy.util.test.WatchDog.cancel(): canceling Thu Sep 17 15:43:13 UTC 2020
------------------ testing $PTII/ptolemy/domains/de/test/auto/ClockDriftChange.xml
auto.tcl: Setting watchdog for 200 seconds at Thu Sep 17 15:43:13 UTC 2020
22 ms. Memory: 48128K Free: 23248K (48%)
ptolemy.util.test.WatchDog.cancel(): canceling Thu Sep 17 15:43:13 UTC 2020
auto.tcl: Setting watchdog for 200 seconds at Thu Sep 17 15:43:13 UTC 2020
15 ms. Memory: 48128K Free: 20669K (43%)
ptolemy.util.test.WatchDog.cancel(): canceling Thu Sep 17 15:43:13 UTC 2020
------------------ testing $PTII/ptolemy/domains/de/test/auto/ComposableCausalityAnalysis.xml
auto.tcl: Setting watchdog for 200 seconds at Thu Sep 17 15:43:13 UTC 2020
9 ms. Memory: 48128K Free: 27892K (58%)
ptolemy.util.test.WatchDog.cancel(): canceling Thu Sep 17 15:43:13 UTC 2020
auto.tcl: Setting watchdog for 200 seconds at Thu Sep 17 15:43:13 UTC 2020
3 ms. Memory: 48128K Free: 26845K (56%)
ptolemy.util.test.WatchDog.cancel(): canceling Thu Sep 17 15:43:13 UTC 2020
------------------ testing $PTII/ptolemy/domains/de/test/auto/DEFixedPointLimitation.xml
auto.tcl: Setting watchdog for 200 seconds at Thu Sep 17 15:43:13 UTC 2020
3 ms. Memory: 48128K Free: 29231K (61%)
ptolemy.util.test.WatchDog.cancel(): canceling Thu Sep 17 15:43:13 UTC 2020
auto.tcl: Setting watchdog for 200 seconds at Thu Sep 17 15:43:13 UTC 2020
2 ms. Memory: 48128K Free: 28306K (59%)
ptolemy.util.test.WatchDog.cancel(): canceling Thu Sep 17 15:43:13 UTC 2020
------------------ testing $PTII/ptolemy/domains/de/test/auto/DEScheduleTest.xml
auto.tcl: Setting watchdog for 200 seconds at Thu Sep 17 15:43:13 UTC 2020
4 ms. Memory: 48128K Free: 29517K (61%)
ptolemy.util.test.WatchDog.cancel(): canceling Thu Sep 17 15:43:13 UTC 2020
auto.tcl: Setting watchdog for 200 seconds at Thu Sep 17 15:43:13 UTC 2020
2 ms. Memory: 48128K Free: 28753K (60%)
ptolemy.util.test.WatchDog.cancel(): canceling Thu Sep 17 15:43:13 UTC 2020
------------------ testing $PTII/ptolemy/domains/de/test/auto/DEinDEwithStartTimes.xml
auto.tcl: Setting watchdog for 200 seconds at Thu Sep 17 15:43:13 UTC 2020
3 ms. Memory: 48128K Free: 27698K (58%)
ptolemy.util.test.WatchDog.cancel(): canceling Thu Sep 17 15:43:13 UTC 2020
auto.tcl: Setting watchdog for 200 seconds at Thu Sep 17 15:43:13 UTC 2020
4 ms. Memory: 48128K Free: 26656K (55%)
ptolemy.util.test.WatchDog.cancel(): canceling Thu Sep 17 15:43:13 UTC 2020
------------------ testing $PTII/ptolemy/domains/de/test/auto/DEinDEwithStartTimes2.xml
auto.tcl: Setting watchdog for 200 seconds at Thu Sep 17 15:43:13 UTC 2020
7 ms. Memory: 48128K Free: 26889K (56%)
ptolemy.util.test.WatchDog.cancel(): canceling Thu Sep 17 15:43:13 UTC 2020
auto.tcl: Setting watchdog for 200 seconds at Thu Sep 17 15:43:13 UTC 2020
4 ms. Memory: 48128K Free: 25612K (53%)
ptolemy.util.test.WatchDog.cancel(): canceling Thu Sep 17 15:43:13 UTC 2020
------------------ testing $PTII/ptolemy/domains/de/test/auto/DateDemo.xml
auto.tcl: Setting watchdog for 200 seconds at Thu Sep 17 15:43:13 UTC 2020
12 ms. Memory: 48128K Free: 21253K (44%)
ptolemy.util.test.WatchDog.cancel(): canceling Thu Sep 17 15:43:13 UTC 2020
auto.tcl: Setting watchdog for 200 seconds at Thu Sep 17 15:43:13 UTC 2020
10 ms. Memory: 48128K Free: 19651K (41%)
ptolemy.util.test.WatchDog.cancel(): canceling Thu Sep 17 15:43:13 UTC 2020
------------------ testing $PTII/ptolemy/domains/de/test/auto/DateToEvent.xml
auto.tcl: Setting watchdog for 200 seconds at Thu Sep 17 15:43:13 UTC 2020
2016 ms. Memory: 48128K Free: 17173K (36%)
ptolemy.util.test.WatchDog.cancel(): canceling Thu Sep 17 15:43:15 UTC 2020
auto.tcl: Setting watchdog for 200 seconds at Thu Sep 17 15:43:15 UTC 2020
2006 ms. Memory: 48128K Free: 16401K (34%)
ptolemy.util.test.WatchDog.cancel(): canceling Thu Sep 17 15:43:17 UTC 2020
------------------ testing $PTII/ptolemy/domains/de/test/auto/DepthTest1.xml
auto.tcl: Setting watchdog for 200 seconds at Thu Sep 17 15:43:17 UTC 2020
3 ms. Memory: 48128K Free: 30320K (63%)
ptolemy.util.test.WatchDog.cancel(): canceling Thu Sep 17 15:43:17 UTC 2020
auto.tcl: Setting watchdog for 200 seconds at Thu Sep 17 15:43:17 UTC 2020
2 ms. Memory: 48128K Free: 29914K (62%)
ptolemy.util.test.WatchDog.cancel(): canceling Thu Sep 17 15:43:17 UTC 2020
------------------ testing $PTII/ptolemy/domains/de/test/auto/DepthTest2.xml
auto.tcl: Setting watchdog for 200 seconds at Thu Sep 17 15:43:17 UTC 2020
5 ms. Memory: 48128K Free: 27185K (56%)
ptolemy.util.test.WatchDog.cancel(): canceling Thu Sep 17 15:43:17 UTC 2020
auto.tcl: Setting watchdog for 200 seconds at Thu Sep 17 15:43:17 UTC 2020
3 ms. Memory: 48128K Free: 26753K (56%)
ptolemy.util.test.WatchDog.cancel(): canceling Thu Sep 17 15:43:17 UTC 2020
------------------ testing $PTII/ptolemy/domains/de/test/auto/DepthTest3.xml
auto.tcl: Setting watchdog for 200 seconds at Thu Sep 17 15:43:17 UTC 2020
8 ms. Memory: 48128K Free: 30650K (64%)
ptolemy.util.test.WatchDog.cancel(): canceling Thu Sep 17 15:43:18 UTC 2020
auto.tcl: Setting watchdog for 200 seconds at Thu Sep 17 15:43:18 UTC 2020
2 ms. Memory: 48128K Free: 30211K (63%)
ptolemy.util.test.WatchDog.cancel(): canceling Thu Sep 17 15:43:18 UTC 2020
------------------ testing $PTII/ptolemy/domains/de/test/auto/DepthTest4.xml
auto.tcl: Setting watchdog for 200 seconds at Thu Sep 17 15:43:18 UTC 2020
7 ms. Memory: 48128K Free: 29001K (60%)
ptolemy.util.test.WatchDog.cancel(): canceling Thu Sep 17 15:43:18 UTC 2020
auto.tcl: Setting watchdog for 200 seconds at Thu Sep 17 15:43:18 UTC 2020
4 ms. Memory: 48128K Free: 28284K (59%)
ptolemy.util.test.WatchDog.cancel(): canceling Thu Sep 17 15:43:18 UTC 2020
------------------ testing $PTII/ptolemy/domains/de/test/auto/DepthTest5.xml
auto.tcl: Setting watchdog for 200 seconds at Thu Sep 17 15:43:18 UTC 2020
4 ms. Memory: 48128K Free: 28398K (59%)
ptolemy.util.test.WatchDog.cancel(): canceling Thu Sep 17 15:43:18 UTC 2020
auto.tcl: Setting watchdog for 200 seconds at Thu Sep 17 15:43:18 UTC 2020
2 ms. Memory: 48128K Free: 27611K (57%)
ptolemy.util.test.WatchDog.cancel(): canceling Thu Sep 17 15:43:18 UTC 2020
------------------ testing $PTII/ptolemy/domains/de/test/auto/DepthTest6.xml
auto.tcl: Setting watchdog for 200 seconds at Thu Sep 17 15:43:18 UTC 2020
3 ms. Memory: 48128K Free: 28139K (58%)
ptolemy.util.test.WatchDog.cancel(): canceling Thu Sep 17 15:43:18 UTC 2020
auto.tcl: Setting watchdog for 200 seconds at Thu Sep 17 15:43:18 UTC 2020
3 ms. Memory: 48128K Free: 27717K (58%)
ptolemy.util.test.WatchDog.cancel(): canceling Thu Sep 17 15:43:18 UTC 2020
------------------ testing $PTII/ptolemy/domains/de/test/auto/DepthTest7.xml
auto.tcl: Setting watchdog for 200 seconds at Thu Sep 17 15:43:18 UTC 2020
2 ms. Memory: 48128K Free: 28688K (60%)
ptolemy.util.test.WatchDog.cancel(): canceling Thu Sep 17 15:43:18 UTC 2020
auto.tcl: Setting watchdog for 200 seconds at Thu Sep 17 15:43:18 UTC 2020
3 ms. Memory: 48128K Free: 27753K (58%)
ptolemy.util.test.WatchDog.cancel(): canceling Thu Sep 17 15:43:18 UTC 2020
------------------ testing $PTII/ptolemy/domains/de/test/auto/EventToDate.xml
auto.tcl: Setting watchdog for 200 seconds at Thu Sep 17 15:43:18 UTC 2020
3006 ms. Memory: 48128K Free: 19412K (40%)
ptolemy.util.test.WatchDog.cancel(): canceling Thu Sep 17 15:43:21 UTC 2020
auto.tcl: Setting watchdog for 200 seconds at Thu Sep 17 15:43:21 UTC 2020
3004 ms. Memory: 48128K Free: 18981K (39%)
ptolemy.util.test.WatchDog.cancel(): canceling Thu Sep 17 15:43:24 UTC 2020
------------------ testing $PTII/ptolemy/domains/de/test/auto/FSM1.xml
auto.tcl: Setting watchdog for 200 seconds at Thu Sep 17 15:43:24 UTC 2020
39 ms. Memory: 48128K Free: 20925K (43%)
ptolemy.util.test.WatchDog.cancel(): canceling Thu Sep 17 15:43:24 UTC 2020
auto.tcl: Setting watchdog for 200 seconds at Thu Sep 17 15:43:24 UTC 2020
31 ms. Memory: 48128K Free: 17689K (37%)
ptolemy.util.test.WatchDog.cancel(): canceling Thu Sep 17 15:43:24 UTC 2020
------------------ testing $PTII/ptolemy/domains/de/test/auto/FSM7.xml
auto.tcl: Setting watchdog for 200 seconds at Thu Sep 17 15:43:24 UTC 2020
27 ms. Memory: 48128K Free: 20612K (43%)
ptolemy.util.test.WatchDog.cancel(): canceling Thu Sep 17 15:43:24 UTC 2020
auto.tcl: Setting watchdog for 200 seconds at Thu Sep 17 15:43:24 UTC 2020
13 ms. Memory: 48128K Free: 17510K (36%)
ptolemy.util.test.WatchDog.cancel(): canceling Thu Sep 17 15:43:24 UTC 2020
------------------ testing $PTII/ptolemy/domains/de/test/auto/Inspection.xml
auto.tcl: Setting watchdog for 200 seconds at Thu Sep 17 15:43:24 UTC 2020
34 ms. Memory: 48128K Free: 20660K (43%)
ptolemy.util.test.WatchDog.cancel(): canceling Thu Sep 17 15:43:24 UTC 2020
auto.tcl: Setting watchdog for 200 seconds at Thu Sep 17 15:43:24 UTC 2020
22 ms. Memory: 48128K Free: 18921K (39%)
ptolemy.util.test.WatchDog.cancel(): canceling Thu Sep 17 15:43:24 UTC 2020
------------------ testing $PTII/ptolemy/domains/de/test/auto/Iteration.xml
auto.tcl: Setting watchdog for 200 seconds at Thu Sep 17 15:43:24 UTC 2020
9 ms. Memory: 48128K Free: 26375K (55%)
ptolemy.util.test.WatchDog.cancel(): canceling Thu Sep 17 15:43:24 UTC 2020
auto.tcl: Setting watchdog for 200 seconds at Thu Sep 17 15:43:24 UTC 2020
4 ms. Memory: 48128K Free: 24977K (52%)
ptolemy.util.test.WatchDog.cancel(): canceling Thu Sep 17 15:43:24 UTC 2020
------------------ testing $PTII/ptolemy/domains/de/test/auto/LineFault.xml
auto.tcl: Setting watchdog for 200 seconds at Thu Sep 17 15:43:24 UTC 2020
611 ms. Memory: 58368K Free: 38186K (65%)
ptolemy.util.test.WatchDog.cancel(): canceling Thu Sep 17 15:43:25 UTC 2020
auto.tcl: Setting watchdog for 200 seconds at Thu Sep 17 15:43:25 UTC 2020
506 ms. Memory: 58368K Free: 34358K (59%)
ptolemy.util.test.WatchDog.cancel(): canceling Thu Sep 17 15:43:26 UTC 2020
------------------ testing $PTII/ptolemy/domains/de/test/auto/MergeModel1Add.xml
auto.tcl: Setting watchdog for 200 seconds at Thu Sep 17 15:43:26 UTC 2020
30 ms. Memory: 55296K Free: 19515K (35%)
ptolemy.util.test.WatchDog.cancel(): canceling Thu Sep 17 15:43:26 UTC 2020
auto.tcl: Setting watchdog for 200 seconds at Thu Sep 17 15:43:26 UTC 2020
10 ms. Memory: 55296K Free: 17801K (32%)
ptolemy.util.test.WatchDog.cancel(): canceling Thu Sep 17 15:43:26 UTC 2020
------------------ testing $PTII/ptolemy/domains/de/test/auto/MergeModel2Add.xml
auto.tcl: Setting watchdog for 200 seconds at Thu Sep 17 15:43:26 UTC 2020
10 ms. Memory: 55296K Free: 21537K (39%)
ptolemy.util.test.WatchDog.cancel(): canceling Thu Sep 17 15:43:26 UTC 2020
auto.tcl: Setting watchdog for 200 seconds at Thu Sep 17 15:43:26 UTC 2020
8 ms. Memory: 55296K Free: 19576K (35%)
ptolemy.util.test.WatchDog.cancel(): canceling Thu Sep 17 15:43:26 UTC 2020
------------------ testing $PTII/ptolemy/domains/de/test/auto/MergeModel3Add.xml
auto.tcl: Setting watchdog for 200 seconds at Thu Sep 17 15:43:26 UTC 2020
8 ms. Memory: 55296K Free: 21288K (38%)
ptolemy.util.test.WatchDog.cancel(): canceling Thu Sep 17 15:43:26 UTC 2020
auto.tcl: Setting watchdog for 200 seconds at Thu Sep 17 15:43:26 UTC 2020
7 ms. Memory: 55296K Free: 19585K (35%)
ptolemy.util.test.WatchDog.cancel(): canceling Thu Sep 17 15:43:26 UTC 2020
------------------ testing $PTII/ptolemy/domains/de/test/auto/MergeWithoutDiscard.xml
auto.tcl: Setting watchdog for 200 seconds at Thu Sep 17 15:43:26 UTC 2020
2 ms. Memory: 55296K Free: 36445K (66%)
ptolemy.util.test.WatchDog.cancel(): canceling Thu Sep 17 15:43:26 UTC 2020
auto.tcl: Setting watchdog for 200 seconds at Thu Sep 17 15:43:26 UTC 2020
1 ms. Memory: 55296K Free: 35971K (65%)
ptolemy.util.test.WatchDog.cancel(): canceling Thu Sep 17 15:43:26 UTC 2020
------------------ testing $PTII/ptolemy/domains/de/test/auto/Modal1.xml
auto.tcl: Setting watchdog for 200 seconds at Thu Sep 17 15:43:26 UTC 2020
12 ms. Memory: 51200K Free: 23939K (47%)
ptolemy.util.test.WatchDog.cancel(): canceling Thu Sep 17 15:43:26 UTC 2020
auto.tcl: Setting watchdog for 200 seconds at Thu Sep 17 15:43:26 UTC 2020
13 ms. Memory: 51200K Free: 20438K (40%)
ptolemy.util.test.WatchDog.cancel(): canceling Thu Sep 17 15:43:26 UTC 2020
------------------ testing $PTII/ptolemy/domains/de/test/auto/Modal2.xml
auto.tcl: Setting watchdog for 200 seconds at Thu Sep 17 15:43:26 UTC 2020
17 ms. Memory: 51200K Free: 24344K (48%)
ptolemy.util.test.WatchDog.cancel(): canceling Thu Sep 17 15:43:27 UTC 2020
auto.tcl: Setting watchdog for 200 seconds at Thu Sep 17 15:43:27 UTC 2020
18 ms. Memory: 51200K Free: 20826K (41%)
ptolemy.util.test.WatchDog.cancel(): canceling Thu Sep 17 15:43:27 UTC 2020
------------------ testing $PTII/ptolemy/domains/de/test/auto/Modal3.xml
auto.tcl: Setting watchdog for 200 seconds at Thu Sep 17 15:43:27 UTC 2020
16 ms. Memory: 51200K Free: 23799K (46%)
ptolemy.util.test.WatchDog.cancel(): canceling Thu Sep 17 15:43:27 UTC 2020
auto.tcl: Setting watchdog for 200 seconds at Thu Sep 17 15:43:27 UTC 2020
14 ms. Memory: 51200K Free: 20840K (41%)
ptolemy.util.test.WatchDog.cancel(): canceling Thu Sep 17 15:43:27 UTC 2020
------------------ testing $PTII/ptolemy/domains/de/test/auto/Modal4.xml
auto.tcl: Setting watchdog for 200 seconds at Thu Sep 17 15:43:27 UTC 2020
13 ms. Memory: 51200K Free: 23058K (45%)
ptolemy.util.test.WatchDog.cancel(): canceling Thu Sep 17 15:43:27 UTC 2020
auto.tcl: Setting watchdog for 200 seconds at Thu Sep 17 15:43:27 UTC 2020
14 ms. Memory: 51200K Free: 19220K (38%)
ptolemy.util.test.WatchDog.cancel(): canceling Thu Sep 17 15:43:27 UTC 2020
------------------ testing $PTII/ptolemy/domains/de/test/auto/Modal5.xml
auto.tcl: Setting watchdog for 200 seconds at Thu Sep 17 15:43:27 UTC 2020
14 ms. Memory: 51200K Free: 23014K (45%)
ptolemy.util.test.WatchDog.cancel(): canceling Thu Sep 17 15:43:27 UTC 2020
auto.tcl: Setting watchdog for 200 seconds at Thu Sep 17 15:43:27 UTC 2020
13 ms. Memory: 51200K Free: 19206K (38%)
ptolemy.util.test.WatchDog.cancel(): canceling Thu Sep 17 15:43:27 UTC 2020
------------------ testing $PTII/ptolemy/domains/de/test/auto/Modal6.xml
auto.tcl: Setting watchdog for 200 seconds at Thu Sep 17 15:43:27 UTC 2020
11 ms. Memory: 51200K Free: 23794K (46%)
ptolemy.util.test.WatchDog.cancel(): canceling Thu Sep 17 15:43:27 UTC 2020
auto.tcl: Setting watchdog for 200 seconds at Thu Sep 17 15:43:27 UTC 2020
17 ms. Memory: 51200K Free: 19806K (39%)
ptolemy.util.test.WatchDog.cancel(): canceling Thu Sep 17 15:43:27 UTC 2020
------------------ testing $PTII/ptolemy/domains/de/test/auto/Modal7.xml
auto.tcl: Setting watchdog for 200 seconds at Thu Sep 17 15:43:27 UTC 2020
9 ms. Memory: 51200K Free: 22755K (44%)
ptolemy.util.test.WatchDog.cancel(): canceling Thu Sep 17 15:43:27 UTC 2020
auto.tcl: Setting watchdog for 200 seconds at Thu Sep 17 15:43:27 UTC 2020
8 ms. Memory: 51200K Free: 19205K (38%)
ptolemy.util.test.WatchDog.cancel(): canceling Thu Sep 17 15:43:27 UTC 2020
------------------ testing $PTII/ptolemy/domains/de/test/auto/ModalModel.xml
auto.tcl: Setting watchdog for 200 seconds at Thu Sep 17 15:43:27 UTC 2020
186 ms. Memory: 51200K Free: 15964K (31%)
ptolemy.util.test.WatchDog.cancel(): canceling Thu Sep 17 15:43:27 UTC 2020
auto.tcl: Setting watchdog for 200 seconds at Thu Sep 17 15:43:27 UTC 2020
202 ms. Memory: 61440K Free: 21566K (35%)
ptolemy.util.test.WatchDog.cancel(): canceling Thu Sep 17 15:43:28 UTC 2020
------------------ testing $PTII/ptolemy/domains/de/test/auto/ModalSource.xml
auto.tcl: Setting watchdog for 200 seconds at Thu Sep 17 15:43:28 UTC 2020
9 ms. Memory: 51200K Free: 27879K (54%)
ptolemy.util.test.WatchDog.cancel(): canceling Thu Sep 17 15:43:28 UTC 2020
auto.tcl: Setting watchdog for 200 seconds at Thu Sep 17 15:43:28 UTC 2020
6 ms. Memory: 51200K Free: 25831K (50%)
ptolemy.util.test.WatchDog.cancel(): canceling Thu Sep 17 15:43:28 UTC 2020
------------------ testing $PTII/ptolemy/domains/de/test/auto/NonInterruptibleTimerZeroDelay.xml
auto.tcl: Setting watchdog for 200 seconds at Thu Sep 17 15:43:28 UTC 2020
4 ms. Memory: 51200K Free: 32844K (64%)
ptolemy.util.test.WatchDog.cancel(): canceling Thu Sep 17 15:43:28 UTC 2020
auto.tcl: Setting watchdog for 200 seconds at Thu Sep 17 15:43:28 UTC 2020
2 ms. Memory: 51200K Free: 32152K (63%)
ptolemy.util.test.WatchDog.cancel(): canceling Thu Sep 17 15:43:28 UTC 2020
------------------ testing $PTII/ptolemy/domains/de/test/auto/OpenQueueingNetwork.xml
auto.tcl: Setting watchdog for 200 seconds at Thu Sep 17 15:43:28 UTC 2020
2843 ms. Memory: 103424K Free: 45207K (44%)
ptolemy.util.test.WatchDog.cancel(): canceling Thu Sep 17 15:43:31 UTC 2020
auto.tcl: Setting watchdog for 200 seconds at Thu Sep 17 15:43:31 UTC 2020
2431 ms. Memory: 124928K Free: 66192K (53%)
ptolemy.util.test.WatchDog.cancel(): canceling Thu Sep 17 15:43:33 UTC 2020
------------------ testing $PTII/ptolemy/domains/de/test/auto/OpenQueuingNetwork.xml
auto.tcl: Setting watchdog for 200 seconds at Thu Sep 17 15:43:33 UTC 2020
234 ms. Memory: 55296K Free: 25301K (46%)
ptolemy.util.test.WatchDog.cancel(): canceling Thu Sep 17 15:43:33 UTC 2020
auto.tcl: Setting watchdog for 200 seconds at Thu Sep 17 15:43:33 UTC 2020
217 ms. Memory: 55296K Free: 34481K (62%)
ptolemy.util.test.WatchDog.cancel(): canceling Thu Sep 17 15:43:34 UTC 2020
------------------ testing $PTII/ptolemy/domains/de/test/auto/PeriodicSampler.xml
auto.tcl: Setting watchdog for 200 seconds at Thu Sep 17 15:43:34 UTC 2020
2 ms. Memory: 55296K Free: 36115K (65%)
ptolemy.util.test.WatchDog.cancel(): canceling Thu Sep 17 15:43:34 UTC 2020
auto.tcl: Setting watchdog for 200 seconds at Thu Sep 17 15:43:34 UTC 2020
2 ms. Memory: 55296K Free: 35595K (64%)
ptolemy.util.test.WatchDog.cancel(): canceling Thu Sep 17 15:43:34 UTC 2020
------------------ testing $PTII/ptolemy/domains/de/test/auto/PersistentIO.xml
auto.tcl: Setting watchdog for 200 seconds at Thu Sep 17 15:43:34 UTC 2020
5 ms. Memory: 55296K Free: 31040K (56%)
ptolemy.util.test.WatchDog.cancel(): canceling Thu Sep 17 15:43:34 UTC 2020
auto.tcl: Setting watchdog for 200 seconds at Thu Sep 17 15:43:34 UTC 2020
5 ms. Memory: 55296K Free: 29520K (53%)
ptolemy.util.test.WatchDog.cancel(): canceling Thu Sep 17 15:43:34 UTC 2020
------------------ testing $PTII/ptolemy/domains/de/test/auto/PortParameterResetOnInitialize.xml
auto.tcl: Setting watchdog for 200 seconds at Thu Sep 17 15:43:34 UTC 2020
2 ms. Memory: 51200K Free: 31932K (62%)
ptolemy.util.test.WatchDog.cancel(): canceling Thu Sep 17 15:43:34 UTC 2020
auto.tcl: Setting watchdog for 200 seconds at Thu Sep 17 15:43:34 UTC 2020
2 ms. Memory: 51200K Free: 31432K (61%)
ptolemy.util.test.WatchDog.cancel(): canceling Thu Sep 17 15:43:34 UTC 2020
------------------ testing $PTII/ptolemy/domains/de/test/auto/PortParameterUpdates.xml
auto.tcl: Setting watchdog for 200 seconds at Thu Sep 17 15:43:34 UTC 2020
3 ms. Memory: 51200K Free: 30236K (59%)
ptolemy.util.test.WatchDog.cancel(): canceling Thu Sep 17 15:43:34 UTC 2020
auto.tcl: Setting watchdog for 200 seconds at Thu Sep 17 15:43:34 UTC 2020
4 ms. Memory: 51200K Free: 28996K (57%)
ptolemy.util.test.WatchDog.cancel(): canceling Thu Sep 17 15:43:34 UTC 2020
------------------ testing $PTII/ptolemy/domains/de/test/auto/QueueAndServer.xml
auto.tcl: Setting watchdog for 200 seconds at Thu Sep 17 15:43:34 UTC 2020
16 ms. Memory: 51200K Free: 28905K (56%)
ptolemy.util.test.WatchDog.cancel(): canceling Thu Sep 17 15:43:34 UTC 2020
auto.tcl: Setting watchdog for 200 seconds at Thu Sep 17 15:43:34 UTC 2020
6 ms. Memory: 51200K Free: 27468K (54%)
ptolemy.util.test.WatchDog.cancel(): canceling Thu Sep 17 15:43:34 UTC 2020
------------------ testing $PTII/ptolemy/domains/de/test/auto/Records.xml
auto.tcl: Setting watchdog for 200 seconds at Thu Sep 17 15:43:34 UTC 2020
4 ms. Memory: 51200K Free: 31183K (61%)
ptolemy.util.test.WatchDog.cancel(): canceling Thu Sep 17 15:43:34 UTC 2020
auto.tcl: Setting watchdog for 200 seconds at Thu Sep 17 15:43:34 UTC 2020
3 ms. Memory: 51200K Free: 30671K (60%)
ptolemy.util.test.WatchDog.cancel(): canceling Thu Sep 17 15:43:34 UTC 2020
------------------ testing $PTII/ptolemy/domains/de/test/auto/ResetTransitionWithStartTime1.xml
auto.tcl: Setting watchdog for 200 seconds at Thu Sep 17 15:43:34 UTC 2020
7 ms. Memory: 51200K Free: 28427K (56%)
ptolemy.util.test.WatchDog.cancel(): canceling Thu Sep 17 15:43:34 UTC 2020
auto.tcl: Setting watchdog for 200 seconds at Thu Sep 17 15:43:34 UTC 2020
6 ms. Memory: 51200K Free: 25871K (51%)
ptolemy.util.test.WatchDog.cancel(): canceling Thu Sep 17 15:43:34 UTC 2020
------------------ testing $PTII/ptolemy/domains/de/test/auto/ResetTransitionWithStartTime2.xml
auto.tcl: Setting watchdog for 200 seconds at Thu Sep 17 15:43:34 UTC 2020
6 ms. Memory: 51200K Free: 28382K (55%)
ptolemy.util.test.WatchDog.cancel(): canceling Thu Sep 17 15:43:34 UTC 2020
auto.tcl: Setting watchdog for 200 seconds at Thu Sep 17 15:43:34 UTC 2020
7 ms. Memory: 51200K Free: 25825K (50%)
ptolemy.util.test.WatchDog.cancel(): canceling Thu Sep 17 15:43:34 UTC 2020
------------------ testing $PTII/ptolemy/domains/de/test/auto/ResetTransitionWithStartTime3.xml
auto.tcl: Setting watchdog for 200 seconds at Thu Sep 17 15:43:34 UTC 2020
7 ms. Memory: 51200K Free: 28381K (55%)
ptolemy.util.test.WatchDog.cancel(): canceling Thu Sep 17 15:43:34 UTC 2020
auto.tcl: Setting watchdog for 200 seconds at Thu Sep 17 15:43:34 UTC 2020
6 ms. Memory: 51200K Free: 26355K (51%)
ptolemy.util.test.WatchDog.cancel(): canceling Thu Sep 17 15:43:34 UTC 2020
------------------ testing $PTII/ptolemy/domains/de/test/auto/ResetTransitionWithStartTime4.xml
auto.tcl: Setting watchdog for 200 seconds at Thu Sep 17 15:43:34 UTC 2020
7 ms. Memory: 51200K Free: 28798K (56%)
ptolemy.util.test.WatchDog.cancel(): canceling Thu Sep 17 15:43:34 UTC 2020
auto.tcl: Setting watchdog for 200 seconds at Thu Sep 17 15:43:34 UTC 2020
5 ms. Memory: 51200K Free: 27368K (53%)
ptolemy.util.test.WatchDog.cancel(): canceling Thu Sep 17 15:43:34 UTC 2020
------------------ testing $PTII/ptolemy/domains/de/test/auto/ResettableTimer1.xml
auto.tcl: Setting watchdog for 200 seconds at Thu Sep 17 15:43:34 UTC 2020
2 ms. Memory: 51200K Free: 32593K (64%)
ptolemy.util.test.WatchDog.cancel(): canceling Thu Sep 17 15:43:34 UTC 2020
auto.tcl: Setting watchdog for 200 seconds at Thu Sep 17 15:43:34 UTC 2020
2 ms. Memory: 51200K Free: 31938K (62%)
ptolemy.util.test.WatchDog.cancel(): canceling Thu Sep 17 15:43:34 UTC 2020
------------------ testing $PTII/ptolemy/domains/de/test/auto/ResettableTimer2.xml
auto.tcl: Setting watchdog for 200 seconds at Thu Sep 17 15:43:35 UTC 2020
2 ms. Memory: 51200K Free: 32651K (64%)
ptolemy.util.test.WatchDog.cancel(): canceling Thu Sep 17 15:43:35 UTC 2020
auto.tcl: Setting watchdog for 200 seconds at Thu Sep 17 15:43:35 UTC 2020
3 ms. Memory: 51200K Free: 32019K (63%)
ptolemy.util.test.WatchDog.cancel(): canceling Thu Sep 17 15:43:35 UTC 2020
------------------ testing $PTII/ptolemy/domains/de/test/auto/ResettableTimer3.xml
auto.tcl: Setting watchdog for 200 seconds at Thu Sep 17 15:43:35 UTC 2020
2 ms. Memory: 51200K Free: 32516K (64%)
ptolemy.util.test.WatchDog.cancel(): canceling Thu Sep 17 15:43:35 UTC 2020
auto.tcl: Setting watchdog for 200 seconds at Thu Sep 17 15:43:35 UTC 2020
1 ms. Memory: 51200K Free: 32516K (64%)
ptolemy.util.test.WatchDog.cancel(): canceling Thu Sep 17 15:43:35 UTC 2020
------------------ testing $PTII/ptolemy/domains/de/test/auto/ResettableTimer4.xml
auto.tcl: Setting watchdog for 200 seconds at Thu Sep 17 15:43:35 UTC 2020
2 ms. Memory: 51200K Free: 32527K (64%)
ptolemy.util.test.WatchDog.cancel(): canceling Thu Sep 17 15:43:35 UTC 2020
auto.tcl: Setting watchdog for 200 seconds at Thu Sep 17 15:43:35 UTC 2020
2 ms. Memory: 51200K Free: 32032K (63%)
ptolemy.util.test.WatchDog.cancel(): canceling Thu Sep 17 15:43:35 UTC 2020
------------------ testing $PTII/ptolemy/domains/de/test/auto/ResettableTimer5.xml
auto.tcl: Setting watchdog for 200 seconds at Thu Sep 17 15:43:35 UTC 2020
3 ms. Memory: 51200K Free: 31997K (62%)
ptolemy.util.test.WatchDog.cancel(): canceling Thu Sep 17 15:43:35 UTC 2020
auto.tcl: Setting watchdog for 200 seconds at Thu Sep 17 15:43:35 UTC 2020
2 ms. Memory: 51200K Free: 31504K (62%)
ptolemy.util.test.WatchDog.cancel(): canceling Thu Sep 17 15:43:35 UTC 2020
------------------ testing $PTII/ptolemy/domains/de/test/auto/ResettableTimer6.xml
auto.tcl: Setting watchdog for 200 seconds at Thu Sep 17 15:43:35 UTC 2020
2 ms. Memory: 51200K Free: 31972K (62%)
ptolemy.util.test.WatchDog.cancel(): canceling Thu Sep 17 15:43:35 UTC 2020
auto.tcl: Setting watchdog for 200 seconds at Thu Sep 17 15:43:35 UTC 2020
2 ms. Memory: 51200K Free: 31492K (62%)
ptolemy.util.test.WatchDog.cancel(): canceling Thu Sep 17 15:43:35 UTC 2020
------------------ testing $PTII/ptolemy/domains/de/test/auto/ServerZeroDelay.xml
auto.tcl: Setting watchdog for 200 seconds at Thu Sep 17 15:43:35 UTC 2020
3 ms. Memory: 51200K Free: 32507K (63%)
ptolemy.util.test.WatchDog.cancel(): canceling Thu Sep 17 15:43:35 UTC 2020
auto.tcl: Setting watchdog for 200 seconds at Thu Sep 17 15:43:35 UTC 2020
3 ms. Memory: 51200K Free: 31483K (61%)
ptolemy.util.test.WatchDog.cancel(): canceling Thu Sep 17 15:43:35 UTC 2020
------------------ testing $PTII/ptolemy/domains/de/test/auto/SmartSender.xml
auto.tcl: Setting watchdog for 200 seconds at Thu Sep 17 15:43:35 UTC 2020
3001 ms. Memory: 51200K Free: 32501K (63%)
ptolemy.util.test.WatchDog.cancel(): canceling Thu Sep 17 15:43:38 UTC 2020
auto.tcl: Setting watchdog for 200 seconds at Thu Sep 17 15:43:38 UTC 2020
3002 ms. Memory: 51200K Free: 32006K (63%)
ptolemy.util.test.WatchDog.cancel(): canceling Thu Sep 17 15:43:41 UTC 2020
------------------ testing $PTII/ptolemy/domains/de/test/auto/ThreadedComposite.xml
auto.tcl: Setting watchdog for 200 seconds at Thu Sep 17 15:43:41 UTC 2020
214 ms. Memory: 51200K Free: 13569K (27%)
ptolemy.util.test.WatchDog.cancel(): canceling Thu Sep 17 15:43:41 UTC 2020
auto.tcl: Setting watchdog for 200 seconds at Thu Sep 17 15:43:41 UTC 2020
125 ms. Memory: 51200K Free: 29010K (57%)
ptolemy.util.test.WatchDog.cancel(): canceling Thu Sep 17 15:43:41 UTC 2020
------------------ testing $PTII/ptolemy/domains/de/test/auto/Time.xml
auto.tcl: Setting watchdog for 200 seconds at Thu Sep 17 15:43:41 UTC 2020
436 ms. Memory: 76800K Free: 33605K (44%)
ptolemy.util.test.WatchDog.cancel(): canceling Thu Sep 17 15:43:42 UTC 2020
auto.tcl: Setting watchdog for 200 seconds at Thu Sep 17 15:43:42 UTC 2020
363 ms. Memory: 76800K Free: 21827K (28%)
ptolemy.util.test.WatchDog.cancel(): canceling Thu Sep 17 15:43:42 UTC 2020
------------------ testing $PTII/ptolemy/domains/de/test/auto/TimeDelayZeroDelay.xml
auto.tcl: Setting watchdog for 200 seconds at Thu Sep 17 15:43:42 UTC 2020
4 ms. Memory: 51200K Free: 32796K (64%)
ptolemy.util.test.WatchDog.cancel(): canceling Thu Sep 17 15:43:42 UTC 2020
auto.tcl: Setting watchdog for 200 seconds at Thu Sep 17 15:43:42 UTC 2020
2 ms. Memory: 51200K Free: 32049K (63%)
ptolemy.util.test.WatchDog.cancel(): canceling Thu Sep 17 15:43:42 UTC 2020
------------------ testing $PTII/ptolemy/domains/de/test/auto/TimerZeroDelay.xml
auto.tcl: Setting watchdog for 200 seconds at Thu Sep 17 15:43:42 UTC 2020
3 ms. Memory: 51200K Free: 32892K (64%)
ptolemy.util.test.WatchDog.cancel(): canceling Thu Sep 17 15:43:42 UTC 2020
auto.tcl: Setting watchdog for 200 seconds at Thu Sep 17 15:43:42 UTC 2020
2 ms. Memory: 51200K Free: 32075K (63%)
ptolemy.util.test.WatchDog.cancel(): canceling Thu Sep 17 15:43:42 UTC 2020
------------------ testing $PTII/ptolemy/domains/de/test/auto/TimingParadox.xml
auto.tcl: Setting watchdog for 200 seconds at Thu Sep 17 15:43:42 UTC 2020
272 ms. Memory: 51200K Free: 20099K (39%)
ptolemy.util.test.WatchDog.cancel(): canceling Thu Sep 17 15:43:43 UTC 2020
auto.tcl: Setting watchdog for 200 seconds at Thu Sep 17 15:43:43 UTC 2020
269 ms. Memory: 51200K Free: 9742K (19%)
ptolemy.util.test.WatchDog.cancel(): canceling Thu Sep 17 15:43:43 UTC 2020
------------------ testing $PTII/ptolemy/domains/de/test/auto/TransferInputs.xml
auto.tcl: Setting watchdog for 200 seconds at Thu Sep 17 15:43:43 UTC 2020
1 ms. Memory: 51200K Free: 30941K (60%)
ptolemy.util.test.WatchDog.cancel(): canceling Thu Sep 17 15:43:43 UTC 2020
auto.tcl: Setting watchdog for 200 seconds at Thu Sep 17 15:43:43 UTC 2020
1 ms. Memory: 51200K Free: 30073K (59%)
ptolemy.util.test.WatchDog.cancel(): canceling Thu Sep 17 15:43:43 UTC 2020
------------------ testing $PTII/ptolemy/domains/de/test/auto/TransferOutputs2.xml
auto.tcl: Setting watchdog for 200 seconds at Thu Sep 17 15:43:43 UTC 2020
2 ms. Memory: 51200K Free: 28384K (55%)
ptolemy.util.test.WatchDog.cancel(): canceling Thu Sep 17 15:43:43 UTC 2020
auto.tcl: Setting watchdog for 200 seconds at Thu Sep 17 15:43:43 UTC 2020
3 ms. Memory: 51200K Free: 26974K (53%)
ptolemy.util.test.WatchDog.cancel(): canceling Thu Sep 17 15:43:43 UTC 2020
------------------ testing $PTII/ptolemy/domains/de/test/auto/Trilateration.xml
auto.tcl: Setting watchdog for 200 seconds at Thu Sep 17 15:43:43 UTC 2020
12749 ms. Memory: 502784K Free: 293362K (58%)
ptolemy.util.test.WatchDog.cancel(): canceling Thu Sep 17 15:43:57 UTC 2020
auto.tcl: Setting watchdog for 200 seconds at Thu Sep 17 15:43:57 UTC 2020
9142 ms. Memory: 502784K Free: 339316K (67%)
ptolemy.util.test.WatchDog.cancel(): canceling Thu Sep 17 15:44:06 UTC 2020
------------------ testing $PTII/ptolemy/domains/de/test/auto/TwoSigmaDelta.xml
auto.tcl: Setting watchdog for 200 seconds at Thu Sep 17 15:44:06 UTC 2020
2305 ms. Memory: 92160K Free: 23482K (25%)
ptolemy.util.test.WatchDog.cancel(): canceling Thu Sep 17 15:44:09 UTC 2020
auto.tcl: Setting watchdog for 200 seconds at Thu Sep 17 15:44:09 UTC 2020
1633 ms. Memory: 92160K Free: 28581K (31%)
ptolemy.util.test.WatchDog.cancel(): canceling Thu Sep 17 15:44:10 UTC 2020
------------------ testing $PTII/ptolemy/domains/de/test/auto/VariableDelay.xml
auto.tcl: Setting watchdog for 200 seconds at Thu Sep 17 15:44:10 UTC 2020
2 ms. Memory: 55296K Free: 35514K (64%)
ptolemy.util.test.WatchDog.cancel(): canceling Thu Sep 17 15:44:10 UTC 2020
auto.tcl: Setting watchdog for 200 seconds at Thu Sep 17 15:44:10 UTC 2020
2 ms. Memory: 55296K Free: 34520K (62%)
ptolemy.util.test.WatchDog.cancel(): canceling Thu Sep 17 15:44:10 UTC 2020
------------------ testing $PTII/ptolemy/domains/de/test/auto/VariableDelay2.xml
auto.tcl: Setting watchdog for 200 seconds at Thu Sep 17 15:44:10 UTC 2020
2 ms. Memory: 55296K Free: 36123K (65%)
ptolemy.util.test.WatchDog.cancel(): canceling Thu Sep 17 15:44:10 UTC 2020
auto.tcl: Setting watchdog for 200 seconds at Thu Sep 17 15:44:10 UTC 2020
3 ms. Memory: 55296K Free: 35595K (64%)
ptolemy.util.test.WatchDog.cancel(): canceling Thu Sep 17 15:44:10 UTC 2020
------------------ testing $PTII/ptolemy/domains/de/test/auto/VariableDelayZeroDelay.xml
auto.tcl: Setting watchdog for 200 seconds at Thu Sep 17 15:44:10 UTC 2020
3 ms. Memory: 55296K Free: 36455K (66%)
ptolemy.util.test.WatchDog.cancel(): canceling Thu Sep 17 15:44:10 UTC 2020
auto.tcl: Setting watchdog for 200 seconds at Thu Sep 17 15:44:10 UTC 2020
3 ms. Memory: 55296K Free: 35911K (65%)
ptolemy.util.test.WatchDog.cancel(): canceling Thu Sep 17 15:44:10 UTC 2020
------------------ testing $PTII/ptolemy/domains/de/test/auto/VariableDelayZeroDelay2.xml
auto.tcl: Setting watchdog for 200 seconds at Thu Sep 17 15:44:11 UTC 2020
2 ms. Memory: 55296K Free: 36454K (66%)
ptolemy.util.test.WatchDog.cancel(): canceling Thu Sep 17 15:44:11 UTC 2020
auto.tcl: Setting watchdog for 200 seconds at Thu Sep 17 15:44:11 UTC 2020
2 ms. Memory: 55296K Free: 35430K (64%)
ptolemy.util.test.WatchDog.cancel(): canceling Thu Sep 17 15:44:11 UTC 2020
------------------ testing $PTII/ptolemy/domains/de/test/auto/deInCt.xml
auto.tcl: Setting watchdog for 200 seconds at Thu Sep 17 15:44:11 UTC 2020
0
1
1
0
0
0
0
1
1
1
0
0
0
0
0
1
1
1
0
0
0
0
1
1
1
0
0
0
0
1
1
1
0
0
1
1
1
0
0
0
1
1
1
11 ms. Memory: 51200K Free: 31332K (61%)
ptolemy.util.test.WatchDog.cancel(): canceling Thu Sep 17 15:44:11 UTC 2020
auto.tcl: Setting watchdog for 200 seconds at Thu Sep 17 15:44:11 UTC 2020
0
1
1
1
0
0
1
1
1
0
0
0
1
1
1
0
0
0
1
1
1
0
0
0
0
1
1
1
1
0
0
0
1
1
1
0
0
0
0
1
1
1
1
1
6 ms. Memory: 51200K Free: 29794K (58%)
ptolemy.util.test.WatchDog.cancel(): canceling Thu Sep 17 15:44:11 UTC 2020
------------------ testing $PTII/ptolemy/domains/de/test/auto/deInCt2.xml
auto.tcl: Setting watchdog for 200 seconds at Thu Sep 17 15:44:11 UTC 2020
0
1
1
1
0
0
1
1
1
0
0
1
1
1
0
0
1
1
1
0
0
1
1
1
0
0
1
1
1
0
0
1
1
1
0
0
1
1
1
0
0
0
8 ms. Memory: 51200K Free: 31332K (61%)
ptolemy.util.test.WatchDog.cancel(): canceling Thu Sep 17 15:44:11 UTC 2020
auto.tcl: Setting watchdog for 200 seconds at Thu Sep 17 15:44:11 UTC 2020
0
1
1
1
0
0
1
1
1
0
0
1
1
1
0
0
1
1
1
0
0
1
1
1
0
0
1
1
1
0
0
1
1
1
0
0
1
1
1
0
0
0
7 ms. Memory: 51200K Free: 29791K (58%)
ptolemy.util.test.WatchDog.cancel(): canceling Thu Sep 17 15:44:11 UTC 2020
------------------ testing $PTII/ptolemy/domains/de/test/auto/dynamicCausalityInterface1.xml
auto.tcl: Setting watchdog for 200 seconds at Thu Sep 17 15:44:11 UTC 2020
5 ms. Memory: 51200K Free: 27231K (53%)
ptolemy.util.test.WatchDog.cancel(): canceling Thu Sep 17 15:44:11 UTC 2020
auto.tcl: Setting watchdog for 200 seconds at Thu Sep 17 15:44:11 UTC 2020
1 ms. Memory: 51200K Free: 26730K (52%)
ptolemy.util.test.WatchDog.cancel(): canceling Thu Sep 17 15:44:11 UTC 2020
------------------ testing $PTII/ptolemy/domains/de/test/auto/fsm_de_test.xml
auto.tcl: Setting watchdog for 200 seconds at Thu Sep 17 15:44:11 UTC 2020
10 ms. Memory: 51200K Free: 27130K (53%)
ptolemy.util.test.WatchDog.cancel(): canceling Thu Sep 17 15:44:11 UTC 2020
auto.tcl: Setting watchdog for 200 seconds at Thu Sep 17 15:44:11 UTC 2020
10 ms. Memory: 51200K Free: 25082K (49%)
ptolemy.util.test.WatchDog.cancel(): canceling Thu Sep 17 15:44:11 UTC 2020
------------------ testing $PTII/ptolemy/domains/de/test/auto/functionDependencyReconstruction.xml
auto.tcl: Setting watchdog for 200 seconds at Thu Sep 17 15:44:11 UTC 2020
2 ms. Memory: 51200K Free: 20975K (41%)
ptolemy.util.test.WatchDog.cancel(): canceling Thu Sep 17 15:44:11 UTC 2020
auto.tcl: Setting watchdog for 200 seconds at Thu Sep 17 15:44:11 UTC 2020
3 ms. Memory: 51200K Free: 18927K (37%)
ptolemy.util.test.WatchDog.cancel(): canceling Thu Sep 17 15:44:11 UTC 2020
------------------ testing $PTII/ptolemy/domains/de/test/auto/multirate.xml
auto.tcl: Setting watchdog for 200 seconds at Thu Sep 17 15:44:11 UTC 2020
8 ms. Memory: 51200K Free: 29704K (58%)
ptolemy.util.test.WatchDog.cancel(): canceling Thu Sep 17 15:44:11 UTC 2020
auto.tcl: Setting watchdog for 200 seconds at Thu Sep 17 15:44:11 UTC 2020
3 ms. Memory: 51200K Free: 28026K (55%)
ptolemy.util.test.WatchDog.cancel(): canceling Thu Sep 17 15:44:11 UTC 2020
------------------ testing $PTII/ptolemy/domains/de/test/auto/multirate2.xml
auto.tcl: Setting watchdog for 200 seconds at Thu Sep 17 15:44:11 UTC 2020
3 ms. Memory: 51200K Free: 29966K (59%)
ptolemy.util.test.WatchDog.cancel(): canceling Thu Sep 17 15:44:11 UTC 2020
auto.tcl: Setting watchdog for 200 seconds at Thu Sep 17 15:44:11 UTC 2020
3 ms. Memory: 51200K Free: 28237K (55%)
ptolemy.util.test.WatchDog.cancel(): canceling Thu Sep 17 15:44:11 UTC 2020
------------------ testing $PTII/ptolemy/domains/de/test/auto/realtime.xml
auto.tcl: Setting watchdog for 200 seconds at Thu Sep 17 15:44:11 UTC 2020
10001 ms. Memory: 51200K Free: 32004K (63%)
ptolemy.util.test.WatchDog.cancel(): canceling Thu Sep 17 15:44:21 UTC 2020
auto.tcl: Setting watchdog for 200 seconds at Thu Sep 17 15:44:21 UTC 2020
10002 ms. Memory: 51200K Free: 31277K (61%)
ptolemy.util.test.WatchDog.cancel(): canceling Thu Sep 17 15:44:31 UTC 2020
------------------ testing $PTII/ptolemy/domains/de/test/auto/relationGroup.xml
auto.tcl: Setting watchdog for 200 seconds at Thu Sep 17 15:44:31 UTC 2020
2 ms. Memory: 51200K Free: 33091K (65%)
ptolemy.util.test.WatchDog.cancel(): canceling Thu Sep 17 15:44:31 UTC 2020
auto.tcl: Setting watchdog for 200 seconds at Thu Sep 17 15:44:31 UTC 2020
1 ms. Memory: 51200K Free: 32356K (63%)
ptolemy.util.test.WatchDog.cancel(): canceling Thu Sep 17 15:44:31 UTC 2020
------------------ testing $PTII/ptolemy/domains/de/test/auto/relationGroup2.xml
auto.tcl: Setting watchdog for 200 seconds at Thu Sep 17 15:44:31 UTC 2020
2 ms. Memory: 51200K Free: 32891K (64%)
ptolemy.util.test.WatchDog.cancel(): canceling Thu Sep 17 15:44:31 UTC 2020
auto.tcl: Setting watchdog for 200 seconds at Thu Sep 17 15:44:31 UTC 2020
2 ms. Memory: 51200K Free: 32395K (63%)
ptolemy.util.test.WatchDog.cancel(): canceling Thu Sep 17 15:44:31 UTC 2020
------------------ testing $PTII/ptolemy/domains/de/test/auto/sortWithOpaquePorts.xml
auto.tcl: Setting watchdog for 200 seconds at Thu Sep 17 15:44:31 UTC 2020
1 ms. Memory: 51200K Free: 31867K (62%)
ptolemy.util.test.WatchDog.cancel(): canceling Thu Sep 17 15:44:31 UTC 2020
auto.tcl: Setting watchdog for 200 seconds at Thu Sep 17 15:44:31 UTC 2020
2 ms. Memory: 51200K Free: 30333K (59%)
ptolemy.util.test.WatchDog.cancel(): canceling Thu Sep 17 15:44:31 UTC 2020
------------------ testing $PTII/ptolemy/domains/de/test/auto/transferInputsandOutputs.xml
auto.tcl: Setting watchdog for 200 seconds at Thu Sep 17 15:44:31 UTC 2020
2 ms. Memory: 51200K Free: 29297K (57%)
ptolemy.util.test.WatchDog.cancel(): canceling Thu Sep 17 15:44:31 UTC 2020
auto.tcl: Setting watchdog for 200 seconds at Thu Sep 17 15:44:31 UTC 2020
3 ms. Memory: 51200K Free: 28287K (55%)
ptolemy.util.test.WatchDog.cancel(): canceling Thu Sep 17 15:44:31 UTC 2020
------------------ testing $PTII/ptolemy/domains/de/test/auto/triggerType.xml
auto.tcl: Setting watchdog for 200 seconds at Thu Sep 17 15:44:31 UTC 2020
1 ms. Memory: 51200K Free: 32321K (63%)
ptolemy.util.test.WatchDog.cancel(): canceling Thu Sep 17 15:44:31 UTC 2020
auto.tcl: Setting watchdog for 200 seconds at Thu Sep 17 15:44:31 UTC 2020
2 ms. Memory: 51200K Free: 31305K (61%)
ptolemy.util.test.WatchDog.cancel(): canceling Thu Sep 17 15:44:31 UTC 2020
09/17/20 03:44:31
Failed: 0  Total Tests: 192  ((Passed: 187, Newly Passed: 1)  Known Failed: 5) /home/travis/build/icyphy/ptII/ptolemy/domains/de/test
09/17/20 03:44:31
Failed: 0  Total Tests: 192  ((Passed: 187, Newly Passed: 1)  Known Failed: 5) /home/travis/build/icyphy/ptII/ptolemy/domains/de/test
----------------- testing (KnownFailure) /home/travis/build/icyphy/ptII/ptolemy/domains/de/test/auto/knownFailedTests/DESDFClockTest.xml
2011 ms. Memory: 51200K Free: 25716K (50%)
Known Failure: java.lang.reflect.InvocationTargetException
----------------- testing (KnownFailure) /home/travis/build/icyphy/ptII/ptolemy/domains/de/test/auto/knownFailedTests/DirectFeedback.xml
2 ms. Memory: 51200K Free: 22134K (43%)
Known Failure: java.lang.reflect.InvocationTargetException
----------------- testing (KnownFailure) /home/travis/build/icyphy/ptII/ptolemy/domains/de/test/auto/knownFailedTests/FSMSource.xml
21 ms. Memory: 51200K Free: 14438K (28%)
----------------- testing (KnownFailure) /home/travis/build/icyphy/ptII/ptolemy/domains/de/test/auto/knownFailedTests/HierarchicalModel.xml
5 ms. Memory: 51200K Free: 27479K (54%)
Known Failure: java.lang.reflect.InvocationTargetException
----------------- testing (KnownFailure) /home/travis/build/icyphy/ptII/ptolemy/domains/de/test/auto/knownFailedTests/dependencyLoop.xml
3 ms. Memory: 51200K Free: 12103K (24%)
Known Failure: java.lang.reflect.InvocationTargetException
----------------- testing (KnownFailure) /home/travis/build/icyphy/ptII/ptolemy/domains/de/test/auto/knownFailedTests/dependencyLoop2.xml
8 ms. Memory: 51200K Free: 25838K (50%)
Known Failure: java.lang.reflect.InvocationTargetException
No auto/linux-amd64/*.xml tests in /home/travis/build/icyphy/ptII/ptolemy/domains/de/test
AutoTests.java: About to close Vertx.
AutoTests.java: Vertx closed.

===========================================================================================
----------------- testing Thu Sep 17 15:44:34 UTC 2020 /home/travis/build/icyphy/ptII/ptolemy/domains/de/test/auto/ActorDepthCalculation_actorWithoutPorts.xml
----------------- Instantiating /home/travis/build/icyphy/ptII/ptolemy/domains/de/test/auto/ActorDepthCalculation_actorWithoutPorts.xml
5 ms. Memory: 51200K Free: 18943K (37%)
----------------- Invoking toplevel() on ptolemy.moml.MoMLSimpleApplication@3eb3abac
----------------- Done invoking toplevel() on ptolemy.moml.MoMLSimpleApplication@3eb3abac
reloadAllAccessors: .ActorDepthCalculation_actorWithoutPorts

===========================================================================================
----------------- testing Thu Sep 17 15:44:34 UTC 2020 /home/travis/build/icyphy/ptII/ptolemy/domains/de/test/auto/AssemblyLine.xml
----------------- Instantiating /home/travis/build/icyphy/ptII/ptolemy/domains/de/test/auto/AssemblyLine.xml
3 ms. Memory: 51200K Free: 11831K (23%)
----------------- Invoking toplevel() on ptolemy.moml.MoMLSimpleApplication@da22204
----------------- Done invoking toplevel() on ptolemy.moml.MoMLSimpleApplication@da22204
reloadAllAccessors: .AssemblyLine

===========================================================================================
----------------- testing Thu Sep 17 15:44:34 UTC 2020 /home/travis/build/icyphy/ptII/ptolemy/domains/de/test/auto/CQBug1.xml
----------------- Instantiating /home/travis/build/icyphy/ptII/ptolemy/domains/de/test/auto/CQBug1.xml
1 ms. Memory: 51200K Free: 9046K (18%)
----------------- Invoking toplevel() on ptolemy.moml.MoMLSimpleApplication@72dc79fb
----------------- Done invoking toplevel() on ptolemy.moml.MoMLSimpleApplication@72dc79fb
reloadAllAccessors: .CQBug1

===========================================================================================
----------------- testing Thu Sep 17 15:44:34 UTC 2020 /home/travis/build/icyphy/ptII/ptolemy/domains/de/test/auto/CancelFireAt.xml
----------------- Instantiating /home/travis/build/icyphy/ptII/ptolemy/domains/de/test/auto/CancelFireAt.xml
2 ms. Memory: 51200K Free: 35408K (69%)
----------------- Invoking toplevel() on ptolemy.moml.MoMLSimpleApplication@2e1bbf46
----------------- Done invoking toplevel() on ptolemy.moml.MoMLSimpleApplication@2e1bbf46
reloadAllAccessors: .CancelFireAt

===========================================================================================
----------------- testing Thu Sep 17 15:44:34 UTC 2020 /home/travis/build/icyphy/ptII/ptolemy/domains/de/test/auto/CausalityAndComposabilityAnalysis.xml
----------------- Instantiating /home/travis/build/icyphy/ptII/ptolemy/domains/de/test/auto/CausalityAndComposabilityAnalysis.xml
2 ms. Memory: 51200K Free: 31191K (61%)
----------------- Invoking toplevel() on ptolemy.moml.MoMLSimpleApplication@47ffb056
----------------- Done invoking toplevel() on ptolemy.moml.MoMLSimpleApplication@47ffb056
reloadAllAccessors: .CausalityAndComposabilityAnalysis

===========================================================================================
----------------- testing Thu Sep 17 15:44:34 UTC 2020 /home/travis/build/icyphy/ptII/ptolemy/domains/de/test/auto/CausalityInterface1.xml
----------------- Instantiating /home/travis/build/icyphy/ptII/ptolemy/domains/de/test/auto/CausalityInterface1.xml
6 ms. Memory: 51200K Free: 26047K (51%)
----------------- Invoking toplevel() on ptolemy.moml.MoMLSimpleApplication@24422ba8
----------------- Done invoking toplevel() on ptolemy.moml.MoMLSimpleApplication@24422ba8
reloadAllAccessors: .CausalityInterface1

===========================================================================================
----------------- testing Thu Sep 17 15:44:34 UTC 2020 /home/travis/build/icyphy/ptII/ptolemy/domains/de/test/auto/CausalityInterface15.xml
----------------- Instantiating /home/travis/build/icyphy/ptII/ptolemy/domains/de/test/auto/CausalityInterface15.xml
2 ms. Memory: 51200K Free: 20523K (40%)
----------------- Invoking toplevel() on ptolemy.moml.MoMLSimpleApplication@173ea069
----------------- Done invoking toplevel() on ptolemy.moml.MoMLSimpleApplication@173ea069
reloadAllAccessors: .CausalityInterface15

===========================================================================================
----------------- testing Thu Sep 17 15:44:34 UTC 2020 /home/travis/build/icyphy/ptII/ptolemy/domains/de/test/auto/CausalityInterface2.xml
----------------- Instantiating /home/travis/build/icyphy/ptII/ptolemy/domains/de/test/auto/CausalityInterface2.xml
2 ms. Memory: 51200K Free: 15853K (31%)
[...]
	at ptolemy.actor.Manager.run(Manager.java:1263)
	at ptolemy.actor.Manager$PtolemyRunThread.run(Manager.java:1933)
java.lang.RuntimeException: Execution failed
	at ptolemy.moml.MoMLSimpleApplication$UnloadThread.run(MoMLSimpleApplication.java:402)
Caused by: ptolemy.kernel.util.IllegalActionException: Actor is not ready to fire.  Perhaps UpSample.prefire() returned false? Try debugging the actor by selecting "Listen to Actor".  Also, for SDF check moml for tokenConsumptionRate on input.
  in .DESDFClockTest.Play Bell.Copy1:SDF Director and .DESDFClockTest.Play Bell.UpSample
	at ptolemy.actor.sched.StaticSchedulingDirector.fire(StaticSchedulingDirector.java:227)
	at ptolemy.domains.sdf.kernel.SDFDirector.fire(SDFDirector.java:500)
	at ptolemy.actor.CompositeActor.fire(CompositeActor.java:455)
	at ptolemy.domains.de.kernel.DEDirector._fire(DEDirector.java:1949)
	at ptolemy.domains.de.kernel.DEDirector.fire(DEDirector.java:502)
	at ptolemy.actor.CompositeActor.fire(CompositeActor.java:455)
	at ptolemy.actor.Manager.iterate(Manager.java:851)
	at ptolemy.actor.Manager.execute(Manager.java:369)
	at ptolemy.actor.Manager.run(Manager.java:1263)
	at ptolemy.actor.Manager$PtolemyRunThread.run(Manager.java:1933)
java.lang.reflect.InvocationTargetException
	at java.base/jdk.internal.reflect.NativeConstructorAccessorImpl.newInstance0(Native Method)
	at java.base/jdk.internal.reflect.NativeConstructorAccessorImpl.newInstance(NativeConstructorAccessorImpl.java:62)
	at java.base/jdk.internal.reflect.DelegatingConstructorAccessorImpl.newInstance(DelegatingConstructorAccessorImpl.java:45)
	at java.base/java.lang.reflect.Constructor.newInstance(Constructor.java:490)
	at ptolemy.util.test.junit.AutoKnownFailedTests.RunModel(AutoKnownFailedTests.java:105)
	at java.base/jdk.internal.reflect.NativeMethodAccessorImpl.invoke0(Native Method)
	at java.base/jdk.internal.reflect.NativeMethodAccessorImpl.invoke(NativeMethodAccessorImpl.java:62)
	at java.base/jdk.internal.reflect.DelegatingMethodAccessorImpl.invoke(DelegatingMethodAccessorImpl.java:43)
	at java.base/java.lang.reflect.Method.invoke(Method.java:566)
	at org.junit.runners.model.FrameworkMethod$1.runReflectiveCall(FrameworkMethod.java:44)
	at org.junit.internal.runners.model.ReflectiveCallable.run(ReflectiveCallable.java:15)
	at org.junit.runners.model.FrameworkMethod.invokeExplosively(FrameworkMethod.java:41)
	at junitparams.internal.InvokeParameterisedMethod.evaluate(InvokeParameterisedMethod.java:102)
	at org.junit.internal.runners.statements.FailOnTimeout$1.run(FailOnTimeout.java:28)
Caused by: ptolemy.kernel.util.IllegalActionException: Actor is not ready to fire.  Perhaps UpSample.prefire() returned false? Try debugging the actor by selecting "Listen to Actor".  Also, for SDF check moml for tokenConsumptionRate on input.
  in .DESDFClockTest.Play Bell.Copy1:SDF Director and .DESDFClockTest.Play Bell.UpSample
	at ptolemy.actor.sched.StaticSchedulingDirector.fire(StaticSchedulingDirector.java:227)
	at ptolemy.domains.sdf.kernel.SDFDirector.fire(SDFDirector.java:500)
	at ptolemy.actor.CompositeActor.fire(CompositeActor.java:455)
	at ptolemy.domains.de.kernel.DEDirector._fire(DEDirector.java:1949)
	at ptolemy.domains.de.kernel.DEDirector.fire(DEDirector.java:502)
	at ptolemy.actor.CompositeActor.fire(CompositeActor.java:455)
	at ptolemy.actor.Manager.iterate(Manager.java:851)
	at ptolemy.actor.Manager.execute(Manager.java:369)
	at ptolemy.actor.Manager.run(Manager.java:1263)
	at ptolemy.actor.Manager$PtolemyRunThread.run(Manager.java:1933)
java.lang.RuntimeException: Execution failed
	at ptolemy.moml.MoMLSimpleApplication$UnloadThread.run(MoMLSimpleApplication.java:402)
Caused by: ptolemy.kernel.util.IllegalActionException: Test fails in iteration 1.
Value was: 1.0. Should have been: 2.0
  in .DirectFeedback.Test
	at ptolemy.actor.lib.Test.fire(Test.java:268)
	at ptolemy.domains.de.kernel.DEDirector._fire(DEDirector.java:1949)
	at ptolemy.domains.de.kernel.DEDirector.fire(DEDirector.java:502)
	at ptolemy.actor.CompositeActor.fire(CompositeActor.java:455)
	at ptolemy.actor.Manager.iterate(Manager.java:851)
	at ptolemy.actor.Manager.execute(Manager.java:369)
	at ptolemy.actor.Manager.run(Manager.java:1263)
	at ptolemy.actor.Manager$PtolemyRunThread.run(Manager.java:1933)
java.lang.reflect.InvocationTargetException
	at java.base/jdk.internal.reflect.NativeConstructorAccessorImpl.newInstance0(Native Method)
	at java.base/jdk.internal.reflect.NativeConstructorAccessorImpl.newInstance(NativeConstructorAccessorImpl.java:62)
	at java.base/jdk.internal.reflect.DelegatingConstructorAccessorImpl.newInstance(DelegatingConstructorAccessorImpl.java:45)
	at java.base/java.lang.reflect.Constructor.newInstance(Constructor.java:490)
	at ptolemy.util.test.junit.AutoKnownFailedTests.RunModel(AutoKnownFailedTests.java:105)
	at java.base/jdk.internal.reflect.NativeMethodAccessorImpl.invoke0(Native Method)
	at java.base/jdk.internal.reflect.NativeMethodAccessorImpl.invoke(NativeMethodAccessorImpl.java:62)
	at java.base/jdk.internal.reflect.DelegatingMethodAccessorImpl.invoke(DelegatingMethodAccessorImpl.java:43)
	at java.base/java.lang.reflect.Method.invoke(Method.java:566)
	at org.junit.runners.model.FrameworkMethod$1.runReflectiveCall(FrameworkMethod.java:44)
	at org.junit.internal.runners.model.ReflectiveCallable.run(ReflectiveCallable.java:15)
	at org.junit.runners.model.FrameworkMethod.invokeExplosively(FrameworkMethod.java:41)
	at junitparams.internal.InvokeParameterisedMethod.evaluate(InvokeParameterisedMethod.java:102)
	at org.junit.internal.runners.statements.FailOnTimeout$1.run(FailOnTimeout.java:28)
Caused by: ptolemy.kernel.util.IllegalActionException: Test fails in iteration 1.
Value was: 1.0. Should have been: 2.0
  in .DirectFeedback.Test
	at ptolemy.actor.lib.Test.fire(Test.java:268)
	at ptolemy.domains.de.kernel.DEDirector._fire(DEDirector.java:1949)
	at ptolemy.domains.de.kernel.DEDirector.fire(DEDirector.java:502)
	at ptolemy.actor.CompositeActor.fire(CompositeActor.java:455)
	at ptolemy.actor.Manager.iterate(Manager.java:851)
	at ptolemy.actor.Manager.execute(Manager.java:369)
	at ptolemy.actor.Manager.run(Manager.java:1263)
	at ptolemy.actor.Manager$PtolemyRunThread.run(Manager.java:1933)
java.lang.RuntimeException: Execution failed
	at ptolemy.moml.MoMLSimpleApplication$UnloadThread.run(MoMLSimpleApplication.java:402)
Caused by: ptolemy.kernel.util.IllegalActionException: Found a zero delay loop containing .HierarchicalModel.A
  in .HierarchicalModel and .HierarchicalModel.A
	at ptolemy.actor.util.CausalityInterfaceForComposites._computeOutputPortDepth(CausalityInterfaceForComposites.java:759)
	at ptolemy.actor.util.CausalityInterfaceForComposites._computeInputDepth(CausalityInterfaceForComposites.java:696)
	at ptolemy.actor.util.CausalityInterfaceForComposites._computeOutputPortDepth(CausalityInterfaceForComposites.java:765)
	at ptolemy.actor.util.CausalityInterfaceForComposites._computeInputDepth(CausalityInterfaceForComposites.java:696)
	at ptolemy.actor.util.CausalityInterfaceForComposites._computeOutputPortDepth(CausalityInterfaceForComposites.java:765)
	at ptolemy.actor.util.CausalityInterfaceForComposites._computeInputDepth(CausalityInterfaceForComposites.java:696)
	at ptolemy.actor.util.CausalityInterfaceForComposites._computeActorDepth(CausalityInterfaceForComposites.java:532)
	at ptolemy.actor.util.CausalityInterfaceForComposites.checkForCycles(CausalityInterfaceForComposites.java:96)
	at ptolemy.domains.de.kernel.DEDirector.preinitialize(DEDirector.java:1338)
	at ptolemy.actor.CompositeActor.preinitialize(CompositeActor.java:1828)
	at ptolemy.actor.Manager.preinitializeAndResolveTypes(Manager.java:1040)
	at ptolemy.actor.Manager.initialize(Manager.java:710)
	at ptolemy.actor.Manager.execute(Manager.java:356)
	at ptolemy.actor.Manager.run(Manager.java:1263)
	at ptolemy.actor.Manager$PtolemyRunThread.run(Manager.java:1933)
java.lang.reflect.InvocationTargetException
	at java.base/jdk.internal.reflect.NativeConstructorAccessorImpl.newInstance0(Native Method)
	at java.base/jdk.internal.reflect.NativeConstructorAccessorImpl.newInstance(NativeConstructorAccessorImpl.java:62)
	at java.base/jdk.internal.reflect.DelegatingConstructorAccessorImpl.newInstance(DelegatingConstructorAccessorImpl.java:45)
	at java.base/java.lang.reflect.Constructor.newInstance(Constructor.java:490)
	at ptolemy.util.test.junit.AutoKnownFailedTests.RunModel(AutoKnownFailedTests.java:105)
	at java.base/jdk.internal.reflect.NativeMethodAccessorImpl.invoke0(Native Method)
	at java.base/jdk.internal.reflect.NativeMethodAccessorImpl.invoke(NativeMethodAccessorImpl.java:62)
	at java.base/jdk.internal.reflect.DelegatingMethodAccessorImpl.invoke(DelegatingMethodAccessorImpl.java:43)
	at java.base/java.lang.reflect.Method.invoke(Method.java:566)
	at org.junit.runners.model.FrameworkMethod$1.runReflectiveCall(FrameworkMethod.java:44)
	at org.junit.internal.runners.model.ReflectiveCallable.run(ReflectiveCallable.java:15)
	at org.junit.runners.model.FrameworkMethod.invokeExplosively(FrameworkMethod.java:41)
	at junitparams.internal.InvokeParameterisedMethod.evaluate(InvokeParameterisedMethod.java:102)
	at org.junit.internal.runners.statements.FailOnTimeout$1.run(FailOnTimeout.java:28)
Caused by: ptolemy.kernel.util.IllegalActionException: Found a zero delay loop containing .HierarchicalModel.A
  in .HierarchicalModel and .HierarchicalModel.A
	at ptolemy.actor.util.CausalityInterfaceForComposites._computeOutputPortDepth(CausalityInterfaceForComposites.java:759)
	at ptolemy.actor.util.CausalityInterfaceForComposites._computeInputDepth(CausalityInterfaceForComposites.java:696)
	at ptolemy.actor.util.CausalityInterfaceForComposites._computeOutputPortDepth(CausalityInterfaceForComposites.java:765)
	at ptolemy.actor.util.CausalityInterfaceForComposites._computeInputDepth(CausalityInterfaceForComposites.java:696)
	at ptolemy.actor.util.CausalityInterfaceForComposites._computeOutputPortDepth(CausalityInterfaceForComposites.java:765)
	at ptolemy.actor.util.CausalityInterfaceForComposites._computeInputDepth(CausalityInterfaceForComposites.java:696)
	at ptolemy.actor.util.CausalityInterfaceForComposites._computeActorDepth(CausalityInterfaceForComposites.java:532)
	at ptolemy.actor.util.CausalityInterfaceForComposites.checkForCycles(CausalityInterfaceForComposites.java:96)
	at ptolemy.domains.de.kernel.DEDirector.preinitialize(DEDirector.java:1338)
	at ptolemy.actor.CompositeActor.preinitialize(CompositeActor.java:1828)
	at ptolemy.actor.Manager.preinitializeAndResolveTypes(Manager.java:1040)
	at ptolemy.actor.Manager.initialize(Manager.java:710)
	at ptolemy.actor.Manager.execute(Manager.java:356)
	at ptolemy.actor.Manager.run(Manager.java:1263)
	at ptolemy.actor.Manager$PtolemyRunThread.run(Manager.java:1933)
java.lang.RuntimeException: Execution failed
	at ptolemy.moml.MoMLSimpleApplication$UnloadThread.run(MoMLSimpleApplication.java:402)
Caused by: ptolemy.kernel.util.IllegalActionException: Found a zero delay loop containing .dependencyLoop.original
  in .dependencyLoop and .dependencyLoop.original
	at ptolemy.actor.util.CausalityInterfaceForComposites._computeOutputPortDepth(CausalityInterfaceForComposites.java:759)
	at ptolemy.actor.util.CausalityInterfaceForComposites._computeInputDepth(CausalityInterfaceForComposites.java:696)
	at ptolemy.actor.util.CausalityInterfaceForComposites._computeOutputPortDepth(CausalityInterfaceForComposites.java:765)
	at ptolemy.actor.util.CausalityInterfaceForComposites._computeInputDepth(CausalityInterfaceForComposites.java:696)
	at ptolemy.actor.util.CausalityInterfaceForComposites._computeOutputPortDepth(CausalityInterfaceForComposites.java:765)
	at ptolemy.actor.util.CausalityInterfaceForComposites._computeInputDepth(CausalityInterfaceForComposites.java:696)
	at ptolemy.actor.util.CausalityInterfaceForComposites._computeActorDepth(CausalityInterfaceForComposites.java:532)
	at ptolemy.actor.util.CausalityInterfaceForComposites.checkForCycles(CausalityInterfaceForComposites.java:96)
	at ptolemy.domains.de.kernel.DEDirector.preinitialize(DEDirector.java:1338)
	at ptolemy.actor.CompositeActor.preinitialize(CompositeActor.java:1828)
	at ptolemy.actor.Manager.preinitializeAndResolveTypes(Manager.java:1040)
	at ptolemy.actor.Manager.initialize(Manager.java:710)
	at ptolemy.actor.Manager.execute(Manager.java:356)
	at ptolemy.actor.Manager.run(Manager.java:1263)
	at ptolemy.actor.Manager$PtolemyRunThread.run(Manager.java:1933)
java.lang.reflect.InvocationTargetException
	at java.base/jdk.internal.reflect.NativeConstructorAccessorImpl.newInstance0(Native Method)
	at java.base/jdk.internal.reflect.NativeConstructorAccessorImpl.newInstance(NativeConstructorAccessorImpl.java:62)
	at java.base/jdk.internal.reflect.DelegatingConstructorAccessorImpl.newInstance(DelegatingConstructorAccessorImpl.java:45)
	at java.base/java.lang.reflect.Constructor.newInstance(Constructor.java:490)
	at ptolemy.util.test.junit.AutoKnownFailedTests.RunModel(AutoKnownFailedTests.java:105)
	at java.base/jdk.internal.reflect.NativeMethodAccessorImpl.invoke0(Native Method)
	at java.base/jdk.internal.reflect.NativeMethodAccessorImpl.invoke(NativeMethodAccessorImpl.java:62)
	at java.base/jdk.internal.reflect.DelegatingMethodAccessorImpl.invoke(DelegatingMethodAccessorImpl.java:43)
	at java.base/java.lang.reflect.Method.invoke(Method.java:566)
	at org.junit.runners.model.FrameworkMethod$1.runReflectiveCall(FrameworkMethod.java:44)
	at org.junit.internal.runners.model.ReflectiveCallable.run(ReflectiveCallable.java:15)
	at org.junit.runners.model.FrameworkMethod.invokeExplosively(FrameworkMethod.java:41)
	at junitparams.internal.InvokeParameterisedMethod.evaluate(InvokeParameterisedMethod.java:102)
	at org.junit.internal.runners.statements.FailOnTimeout$1.run(FailOnTimeout.java:28)
Caused by: ptolemy.kernel.util.IllegalActionException: Found a zero delay loop containing .dependencyLoop.original
  in .dependencyLoop and .dependencyLoop.original
	at ptolemy.actor.util.CausalityInterfaceForComposites._computeOutputPortDepth(CausalityInterfaceForComposites.java:759)
	at ptolemy.actor.util.CausalityInterfaceForComposites._computeInputDepth(CausalityInterfaceForComposites.java:696)
	at ptolemy.actor.util.CausalityInterfaceForComposites._computeOutputPortDepth(CausalityInterfaceForComposites.java:765)
	at ptolemy.actor.util.CausalityInterfaceForComposites._computeInputDepth(CausalityInterfaceForComposites.java:696)
	at ptolemy.actor.util.CausalityInterfaceForComposites._computeOutputPortDepth(CausalityInterfaceForComposites.java:765)
	at ptolemy.actor.util.CausalityInterfaceForComposites._computeInputDepth(CausalityInterfaceForComposites.java:696)
	at ptolemy.actor.util.CausalityInterfaceForComposites._computeActorDepth(CausalityInterfaceForComposites.java:532)
	at ptolemy.actor.util.CausalityInterfaceForComposites.checkForCycles(CausalityInterfaceForComposites.java:96)
	at ptolemy.domains.de.kernel.DEDirector.preinitialize(DEDirector.java:1338)
	at ptolemy.actor.CompositeActor.preinitialize(CompositeActor.java:1828)
	at ptolemy.actor.Manager.preinitializeAndResolveTypes(Manager.java:1040)
	at ptolemy.actor.Manager.initialize(Manager.java:710)
	at ptolemy.actor.Manager.execute(Manager.java:356)
	at ptolemy.actor.Manager.run(Manager.java:1263)
	at ptolemy.actor.Manager$PtolemyRunThread.run(Manager.java:1933)
java.lang.RuntimeException: Execution failed
	at ptolemy.moml.MoMLSimpleApplication$UnloadThread.run(MoMLSimpleApplication.java:402)
Caused by: ptolemy.kernel.util.IllegalActionException: Found a zero delay loop containing .dependencyLoop2.original
  in .dependencyLoop2 and .dependencyLoop2.original
	at ptolemy.actor.util.CausalityInterfaceForComposites._computeOutputPortDepth(CausalityInterfaceForComposites.java:759)
	at ptolemy.actor.util.CausalityInterfaceForComposites._computeInputDepth(CausalityInterfaceForComposites.java:696)
	at ptolemy.actor.util.CausalityInterfaceForComposites._computeOutputPortDepth(CausalityInterfaceForComposites.java:765)
	at ptolemy.actor.util.CausalityInterfaceForComposites._computeInputDepth(CausalityInterfaceForComposites.java:696)
	at ptolemy.actor.util.CausalityInterfaceForComposites._computeOutputPortDepth(CausalityInterfaceForComposites.java:765)
	at ptolemy.actor.util.CausalityInterfaceForComposites._computeInputDepth(CausalityInterfaceForComposites.java:696)
	at ptolemy.actor.util.CausalityInterfaceForComposites._computeActorDepth(CausalityInterfaceForComposites.java:532)
	at ptolemy.actor.util.CausalityInterfaceForComposites.checkForCycles(CausalityInterfaceForComposites.java:96)
	at ptolemy.domains.de.kernel.DEDirector.preinitialize(DEDirector.java:1338)
	at ptolemy.actor.CompositeActor.preinitialize(CompositeActor.java:1828)
	at ptolemy.actor.Manager.preinitializeAndResolveTypes(Manager.java:1040)
	at ptolemy.actor.Manager.initialize(Manager.java:710)
	at ptolemy.actor.Manager.execute(Manager.java:356)
	at ptolemy.actor.Manager.run(Manager.java:1263)
	at ptolemy.actor.Manager$PtolemyRunThread.run(Manager.java:1933)
java.lang.reflect.InvocationTargetException
	at java.base/jdk.internal.reflect.NativeConstructorAccessorImpl.newInstance0(Native Method)
	at java.base/jdk.internal.reflect.NativeConstructorAccessorImpl.newInstance(NativeConstructorAccessorImpl.java:62)
	at java.base/jdk.internal.reflect.DelegatingConstructorAccessorImpl.newInstance(DelegatingConstructorAccessorImpl.java:45)
	at java.base/java.lang.reflect.Constructor.newInstance(Constructor.java:490)
	at ptolemy.util.test.junit.AutoKnownFailedTests.RunModel(AutoKnownFailedTests.java:105)
	at java.base/jdk.internal.reflect.NativeMethodAccessorImpl.invoke0(Native Method)
	at java.base/jdk.internal.reflect.NativeMethodAccessorImpl.invoke(NativeMethodAccessorImpl.java:62)
	at java.base/jdk.internal.reflect.DelegatingMethodAccessorImpl.invoke(DelegatingMethodAccessorImpl.java:43)
	at java.base/java.lang.reflect.Method.invoke(Method.java:566)
	at org.junit.runners.model.FrameworkMethod$1.runReflectiveCall(FrameworkMethod.java:44)
	at org.junit.internal.runners.model.ReflectiveCallable.run(ReflectiveCallable.java:15)
	at org.junit.runners.model.FrameworkMethod.invokeExplosively(FrameworkMethod.java:41)
	at junitparams.internal.InvokeParameterisedMethod.evaluate(InvokeParameterisedMethod.java:102)
	at org.junit.internal.runners.statements.FailOnTimeout$1.run(FailOnTimeout.java:28)
Caused by: ptolemy.kernel.util.IllegalActionException: Found a zero delay loop containing .dependencyLoop2.original
  in .dependencyLoop2 and .dependencyLoop2.original
	at ptolemy.actor.util.CausalityInterfaceForComposites._computeOutputPortDepth(CausalityInterfaceForComposites.java:759)
	at ptolemy.actor.util.CausalityInterfaceForComposites._computeInputDepth(CausalityInterfaceForComposites.java:696)
	at ptolemy.actor.util.CausalityInterfaceForComposites._computeOutputPortDepth(CausalityInterfaceForComposites.java:765)
	at ptolemy.actor.util.CausalityInterfaceForComposites._computeInputDepth(CausalityInterfaceForComposites.java:696)
	at ptolemy.actor.util.CausalityInterfaceForComposites._computeOutputPortDepth(CausalityInterfaceForComposites.java:765)
	at ptolemy.actor.util.CausalityInterfaceForComposites._computeInputDepth(CausalityInterfaceForComposites.java:696)
	at ptolemy.actor.util.CausalityInterfaceForComposites._computeActorDepth(CausalityInterfaceForComposites.java:532)
	at ptolemy.actor.util.CausalityInterfaceForComposites.checkForCycles(CausalityInterfaceForComposites.java:96)
	at ptolemy.domains.de.kernel.DEDirector.preinitialize(DEDirector.java:1338)
	at ptolemy.actor.CompositeActor.preinitialize(CompositeActor.java:1828)
	at ptolemy.actor.Manager.preinitializeAndResolveTypes(Manager.java:1040)
	at ptolemy.actor.Manager.initialize(Manager.java:710)
	at ptolemy.actor.Manager.execute(Manager.java:356)
	at ptolemy.actor.Manager.run(Manager.java:1263)
	at ptolemy.actor.Manager$PtolemyRunThread.run(Manager.java:1933)
]]></system-err>
</testsuite>
