<?xml version="1.0" encoding="UTF-8" ?>
<testsuite errors="0" failures="0" hostname="travis-job-5f902f2b-0470-441e-8cd1-694a66a0b0a1" name="ptolemy.domains.continuous.test.junit.JUnitTclTest" skipped="0" tests="156" time="68.769" timestamp="2020-05-07T14:11:12">
  <properties>
[...]
</properties>
  <testcase classname="ptolemy.util.test.junit.TclTests" name="[0] ThereAreNoTclTests (RunTclFile)" time="0.017" />
  <testcase classname="ptolemy.util.test.junit.AutoKnownFailedTests" name="[0] ThereAreNoKnowFailedTests (RunModel)" time="0.004" />
  <testcase classname="ptolemy.util.test.junit.AutoNameArchTests" name="[0] ThereAreNoAutoArchTests (RunModel)" time="0.03" />
  <testcase classname="ptolemy.util.test.junit.AutoTests" name="[0] /home/travis/build/icyphy/ptII/ptolemy/domains/continuous/test/auto/BouncingBall.xml (RunModel)" time="2.961" />
  <testcase classname="ptolemy.util.test.junit.AutoTests" name="[1] /home/travis/build/icyphy/ptII/ptolemy/domains/continuous/test/auto/BouncingBallWithoutGR.xml (RunModel)" time="0.903" />
  <testcase classname="ptolemy.util.test.junit.AutoTests" name="[2] /home/travis/build/icyphy/ptII/ptolemy/domains/continuous/test/auto/Brownian.xml (RunModel)" time="0.129" />
  <testcase classname="ptolemy.util.test.junit.AutoTests" name="[3] /home/travis/build/icyphy/ptII/ptolemy/domains/continuous/test/auto/CarTracking.xml (RunModel)" time="3.838" />
  <testcase classname="ptolemy.util.test.junit.AutoTests" name="[4] /home/travis/build/icyphy/ptII/ptolemy/domains/continuous/test/auto/CartPendulum.xml (RunModel)" time="0.534" />
  <testcase classname="ptolemy.util.test.junit.AutoTests" name="[5] /home/travis/build/icyphy/ptII/ptolemy/domains/continuous/test/auto/CausalityInterface10.xml (RunModel)" time="0.053" />
  <testcase classname="ptolemy.util.test.junit.AutoTests" name="[6] /home/travis/build/icyphy/ptII/ptolemy/domains/continuous/test/auto/CausalityInterface11.xml (RunModel)" time="0.021" />
  <testcase classname="ptolemy.util.test.junit.AutoTests" name="[7] /home/travis/build/icyphy/ptII/ptolemy/domains/continuous/test/auto/CausalityInterface12.xml (RunModel)" time="0.022" />
  <testcase classname="ptolemy.util.test.junit.AutoTests" name="[8] /home/travis/build/icyphy/ptII/ptolemy/domains/continuous/test/auto/CausalityInterface13.xml (RunModel)" time="0.033" />
  <testcase classname="ptolemy.util.test.junit.AutoTests" name="[9] /home/travis/build/icyphy/ptII/ptolemy/domains/continuous/test/auto/CausalityInterface14.xml (RunModel)" time="0.026" />
  <testcase classname="ptolemy.util.test.junit.AutoTests" name="[10] /home/travis/build/icyphy/ptII/ptolemy/domains/continuous/test/auto/CausalityInterface4.xml (RunModel)" time="0.033" />
  <testcase classname="ptolemy.util.test.junit.AutoTests" name="[11] /home/travis/build/icyphy/ptII/ptolemy/domains/continuous/test/auto/CausalityInterface5.xml (RunModel)" time="0.035" />
  <testcase classname="ptolemy.util.test.junit.AutoTests" name="[12] /home/travis/build/icyphy/ptII/ptolemy/domains/continuous/test/auto/CausalityInterface6.xml (RunModel)" time="0.02" />
  <testcase classname="ptolemy.util.test.junit.AutoTests" name="[13] /home/travis/build/icyphy/ptII/ptolemy/domains/continuous/test/auto/CausalityInterface7.xml (RunModel)" time="0.042" />
  <testcase classname="ptolemy.util.test.junit.AutoTests" name="[14] /home/travis/build/icyphy/ptII/ptolemy/domains/continuous/test/auto/CausalityInterface8.xml (RunModel)" time="0.047" />
  <testcase classname="ptolemy.util.test.junit.AutoTests" name="[15] /home/travis/build/icyphy/ptII/ptolemy/domains/continuous/test/auto/CausalityInterface9.xml (RunModel)" time="0.045" />
  <testcase classname="ptolemy.util.test.junit.AutoTests" name="[16] /home/travis/build/icyphy/ptII/ptolemy/domains/continuous/test/auto/CausalityInterfaceFeedback1.xml (RunModel)" time="0.027" />
  <testcase classname="ptolemy.util.test.junit.AutoTests" name="[17] /home/travis/build/icyphy/ptII/ptolemy/domains/continuous/test/auto/CausalityInterfaceFeedback2.xml (RunModel)" time="0.02" />
  <testcase classname="ptolemy.util.test.junit.AutoTests" name="[18] /home/travis/build/icyphy/ptII/ptolemy/domains/continuous/test/auto/CompareWithCurrentTime.xml (RunModel)" time="0.014" />
  <testcase classname="ptolemy.util.test.junit.AutoTests" name="[19] /home/travis/build/icyphy/ptII/ptolemy/domains/continuous/test/auto/ComparedClocks.xml (RunModel)" time="0.054" />
  <testcase classname="ptolemy.util.test.junit.AutoTests" name="[20] /home/travis/build/icyphy/ptII/ptolemy/domains/continuous/test/auto/ContinuousAOCClone.xml (RunModel)" time="2.693" />
  <testcase classname="ptolemy.util.test.junit.AutoTests" name="[21] /home/travis/build/icyphy/ptII/ptolemy/domains/continuous/test/auto/ContinuousClock.xml (RunModel)" time="0.112" />
  <testcase classname="ptolemy.util.test.junit.AutoTests" name="[22] /home/travis/build/icyphy/ptII/ptolemy/domains/continuous/test/auto/ContinuousInContinuous.xml (RunModel)" time="0.084" />
  <testcase classname="ptolemy.util.test.junit.AutoTests" name="[23] /home/travis/build/icyphy/ptII/ptolemy/domains/continuous/test/auto/ContinuousInContinuousInContinuous.xml (RunModel)" time="0.03" />
  <testcase classname="ptolemy.util.test.junit.AutoTests" name="[24] /home/travis/build/icyphy/ptII/ptolemy/domains/continuous/test/auto/ContinuousInDE.xml (RunModel)" time="0.115" />
  <testcase classname="ptolemy.util.test.junit.AutoTests" name="[25] /home/travis/build/icyphy/ptII/ptolemy/domains/continuous/test/auto/ContinuousInDE2.xml (RunModel)" time="0.05" />
  <testcase classname="ptolemy.util.test.junit.AutoTests" name="[26] /home/travis/build/icyphy/ptII/ptolemy/domains/continuous/test/auto/ContinuousInDE3.xml (RunModel)" time="0.049" />
  <testcase classname="ptolemy.util.test.junit.AutoTests" name="[27] /home/travis/build/icyphy/ptII/ptolemy/domains/continuous/test/auto/ContinuousInDE4.xml (RunModel)" time="0.033" />
  <testcase classname="ptolemy.util.test.junit.AutoTests" name="[28] /home/travis/build/icyphy/ptII/ptolemy/domains/continuous/test/auto/ContinuousInDEDifferentRefinements.xml (RunModel)" time="0.093" />
  <testcase classname="ptolemy.util.test.junit.AutoTests" name="[29] /home/travis/build/icyphy/ptII/ptolemy/domains/continuous/test/auto/ContinuousInDEDifferentRefinementsPreemptive.xml (RunModel)" time="0.098" />
  <testcase classname="ptolemy.util.test.junit.AutoTests" name="[30] /home/travis/build/icyphy/ptII/ptolemy/domains/continuous/test/auto/ContinuousInDEInContinuous2.xml (RunModel)" time="0.06" />
  <testcase classname="ptolemy.util.test.junit.AutoTests" name="[31] /home/travis/build/icyphy/ptII/ptolemy/domains/continuous/test/auto/ContinuousInDEInContinuous3.xml (RunModel)" time="0.064" />
  <testcase classname="ptolemy.util.test.junit.AutoTests" name="[32] /home/travis/build/icyphy/ptII/ptolemy/domains/continuous/test/auto/ContinuousInDEInput.xml (RunModel)" time="0.031" />
  <testcase classname="ptolemy.util.test.junit.AutoTests" name="[33] /home/travis/build/icyphy/ptII/ptolemy/domains/continuous/test/auto/ContinuousInDEInput2.xml (RunModel)" time="0.033" />
  <testcase classname="ptolemy.util.test.junit.AutoTests" name="[34] /home/travis/build/icyphy/ptII/ptolemy/domains/continuous/test/auto/ContinuousInDEInput3.xml (RunModel)" time="0.024" />
  <testcase classname="ptolemy.util.test.junit.AutoTests" name="[35] /home/travis/build/icyphy/ptII/ptolemy/domains/continuous/test/auto/ContinuousInDESharingRefinement.xml (RunModel)" time="0.167" />
  <testcase classname="ptolemy.util.test.junit.AutoTests" name="[36] /home/travis/build/icyphy/ptII/ptolemy/domains/continuous/test/auto/ContinuousInDEwithNoPorts.xml (RunModel)" time="0.023" />
  <testcase classname="ptolemy.util.test.junit.AutoTests" name="[37] /home/travis/build/icyphy/ptII/ptolemy/domains/continuous/test/auto/ContinuousInsideDE.xml (RunModel)" time="0.079" />
  <testcase classname="ptolemy.util.test.junit.AutoTests" name="[38] /home/travis/build/icyphy/ptII/ptolemy/domains/continuous/test/auto/ContinuousMerge1.xml (RunModel)" time="0.012" />
  <testcase classname="ptolemy.util.test.junit.AutoTests" name="[39] /home/travis/build/icyphy/ptII/ptolemy/domains/continuous/test/auto/ContinuousMerge2.xml (RunModel)" time="0.046" />
  <testcase classname="ptolemy.util.test.junit.AutoTests" name="[40] /home/travis/build/icyphy/ptII/ptolemy/domains/continuous/test/auto/ContinuousMerge3.xml (RunModel)" time="0.048" />
  <testcase classname="ptolemy.util.test.junit.AutoTests" name="[41] /home/travis/build/icyphy/ptII/ptolemy/domains/continuous/test/auto/ContinuousWithinContinuous.xml (RunModel)" time="0.04" />
  <testcase classname="ptolemy.util.test.junit.AutoTests" name="[42] /home/travis/build/icyphy/ptII/ptolemy/domains/continuous/test/auto/ContinuousWithinContinuous2.xml (RunModel)" time="0.061" />
  <testcase classname="ptolemy.util.test.junit.AutoTests" name="[43] /home/travis/build/icyphy/ptII/ptolemy/domains/continuous/test/auto/ContinuousWithinContinuous3.xml (RunModel)" time="0.029" />
  <testcase classname="ptolemy.util.test.junit.AutoTests" name="[44] /home/travis/build/icyphy/ptII/ptolemy/domains/continuous/test/auto/ContinuousWithinContinuous4.xml (RunModel)" time="0.062" />
  <testcase classname="ptolemy.util.test.junit.AutoTests" name="[45] /home/travis/build/icyphy/ptII/ptolemy/domains/continuous/test/auto/ContinuousWithinContinuous5.xml (RunModel)" time="0.024" />
  <testcase classname="ptolemy.util.test.junit.AutoTests" name="[46] /home/travis/build/icyphy/ptII/ptolemy/domains/continuous/test/auto/ContinuousWithinContinuous6.xml (RunModel)" time="0.024" />
  <testcase classname="ptolemy.util.test.junit.AutoTests" name="[47] /home/travis/build/icyphy/ptII/ptolemy/domains/continuous/test/auto/ContinuousWithinContinuous7.xml (RunModel)" time="0.059" />
  <testcase classname="ptolemy.util.test.junit.AutoTests" name="[48] /home/travis/build/icyphy/ptII/ptolemy/domains/continuous/test/auto/DCMotor.xml (RunModel)" time="12.106" />
  <testcase classname="ptolemy.util.test.junit.AutoTests" name="[49] /home/travis/build/icyphy/ptII/ptolemy/domains/continuous/test/auto/DEInContinuous.xml (RunModel)" time="0.034" />
  <testcase classname="ptolemy.util.test.junit.AutoTests" name="[50] /home/travis/build/icyphy/ptII/ptolemy/domains/continuous/test/auto/DEinContinuous2.xml (RunModel)" time="0.036" />
  <testcase classname="ptolemy.util.test.junit.AutoTests" name="[51] /home/travis/build/icyphy/ptII/ptolemy/domains/continuous/test/auto/Derivative.xml (RunModel)" time="0.158" />
  <testcase classname="ptolemy.util.test.junit.AutoTests" name="[52] /home/travis/build/icyphy/ptII/ptolemy/domains/continuous/test/auto/Derivative1.xml (RunModel)" time="0.035" />
  <testcase classname="ptolemy.util.test.junit.AutoTests" name="[53] /home/travis/build/icyphy/ptII/ptolemy/domains/continuous/test/auto/DiscreteClock.xml (RunModel)" time="0.012" />
  <testcase classname="ptolemy.util.test.junit.AutoTests" name="[54] /home/travis/build/icyphy/ptII/ptolemy/domains/continuous/test/auto/EfficiencyCurve.xml (RunModel)" time="0.113" />
  <testcase classname="ptolemy.util.test.junit.AutoTests" name="[55] /home/travis/build/icyphy/ptII/ptolemy/domains/continuous/test/auto/ExponentialResponse.xml (RunModel)" time="0.093" />
  <testcase classname="ptolemy.util.test.junit.AutoTests" name="[56] /home/travis/build/icyphy/ptII/ptolemy/domains/continuous/test/auto/ExponentialResponseRK45.xml (RunModel)" time="0.028" />
  <testcase classname="ptolemy.util.test.junit.AutoTests" name="[57] /home/travis/build/icyphy/ptII/ptolemy/domains/continuous/test/auto/Friction.xml (RunModel)" time="1.474" />
  <testcase classname="ptolemy.util.test.junit.AutoTests" name="[58] /home/travis/build/icyphy/ptII/ptolemy/domains/continuous/test/auto/FurutaPendulum.xml (RunModel)" time="3.043" />
  <testcase classname="ptolemy.util.test.junit.AutoTests" name="[59] /home/travis/build/icyphy/ptII/ptolemy/domains/continuous/test/auto/HierarchicalExecution.xml (RunModel)" time="1.93" />
  <testcase classname="ptolemy.util.test.junit.AutoTests" name="[60] /home/travis/build/icyphy/ptII/ptolemy/domains/continuous/test/auto/HybridPlant.xml (RunModel)" time="0.584" />
  <testcase classname="ptolemy.util.test.junit.AutoTests" name="[61] /home/travis/build/icyphy/ptII/ptolemy/domains/continuous/test/auto/Hysteresis.xml (RunModel)" time="0.178" />
  <testcase classname="ptolemy.util.test.junit.AutoTests" name="[62] /home/travis/build/icyphy/ptII/ptolemy/domains/continuous/test/auto/HysteresisWithRandomDelay.xml (RunModel)" time="0.213" />
  <testcase classname="ptolemy.util.test.junit.AutoTests" name="[63] /home/travis/build/icyphy/ptII/ptolemy/domains/continuous/test/auto/HysteresisWithRandomLosses.xml (RunModel)" time="2.26" />
  <testcase classname="ptolemy.util.test.junit.AutoTests" name="[64] /home/travis/build/icyphy/ptII/ptolemy/domains/continuous/test/auto/ImmediateTransitions.xml (RunModel)" time="0.025" />
  <testcase classname="ptolemy.util.test.junit.AutoTests" name="[65] /home/travis/build/icyphy/ptII/ptolemy/domains/continuous/test/auto/ImpulseFeedback.xml (RunModel)" time="0.018" />
  <testcase classname="ptolemy.util.test.junit.AutoTests" name="[66] /home/travis/build/icyphy/ptII/ptolemy/domains/continuous/test/auto/ImpulseFeedback2.xml (RunModel)" time="0.017" />
  <testcase classname="ptolemy.util.test.junit.AutoTests" name="[67] /home/travis/build/icyphy/ptII/ptolemy/domains/continuous/test/auto/IncreasingRatePoisson.xml (RunModel)" time="0.738" />
  <testcase classname="ptolemy.util.test.junit.AutoTests" name="[68] /home/travis/build/icyphy/ptII/ptolemy/domains/continuous/test/auto/InitialStateFeedback.xml (RunModel)" time="0.013" />
  <testcase classname="ptolemy.util.test.junit.AutoTests" name="[69] /home/travis/build/icyphy/ptII/ptolemy/domains/continuous/test/auto/Integration.xml (RunModel)" time="0.016" />
  <testcase classname="ptolemy.util.test.junit.AutoTests" name="[70] /home/travis/build/icyphy/ptII/ptolemy/domains/continuous/test/auto/Integration2.xml (RunModel)" time="0.083" />
  <testcase classname="ptolemy.util.test.junit.AutoTests" name="[71] /home/travis/build/icyphy/ptII/ptolemy/domains/continuous/test/auto/Integration3.xml (RunModel)" time="0.011" />
  <testcase classname="ptolemy.util.test.junit.AutoTests" name="[72] /home/travis/build/icyphy/ptII/ptolemy/domains/continuous/test/auto/Integration5.xml (RunModel)" time="0.01" />
  <testcase classname="ptolemy.util.test.junit.AutoTests" name="[73] /home/travis/build/icyphy/ptII/ptolemy/domains/continuous/test/auto/IntegratorImpulse.xml (RunModel)" time="0.012" />
  <testcase classname="ptolemy.util.test.junit.AutoTests" name="[74] /home/travis/build/icyphy/ptII/ptolemy/domains/continuous/test/auto/IntegratorImpulse2.xml (RunModel)" time="0.013" />
  <testcase classname="ptolemy.util.test.junit.AutoTests" name="[75] /home/travis/build/icyphy/ptII/ptolemy/domains/continuous/test/auto/LevelCrossing1.xml (RunModel)" time="0.009" />
  <testcase classname="ptolemy.util.test.junit.AutoTests" name="[76] /home/travis/build/icyphy/ptII/ptolemy/domains/continuous/test/auto/LevelCrossing2.xml (RunModel)" time="0.009" />
  <testcase classname="ptolemy.util.test.junit.AutoTests" name="[77] /home/travis/build/icyphy/ptII/ptolemy/domains/continuous/test/auto/LevelCrossing3.xml (RunModel)" time="0.011" />
  <testcase classname="ptolemy.util.test.junit.AutoTests" name="[78] /home/travis/build/icyphy/ptII/ptolemy/domains/continuous/test/auto/LevelCrossing4.xml (RunModel)" time="0.014" />
  <testcase classname="ptolemy.util.test.junit.AutoTests" name="[79] /home/travis/build/icyphy/ptII/ptolemy/domains/continuous/test/auto/LevelCrossing5.xml (RunModel)" time="0.012" />
  <testcase classname="ptolemy.util.test.junit.AutoTests" name="[80] /home/travis/build/icyphy/ptII/ptolemy/domains/continuous/test/auto/LevelCrossing6.xml (RunModel)" time="0.011" />
  <testcase classname="ptolemy.util.test.junit.AutoTests" name="[81] /home/travis/build/icyphy/ptII/ptolemy/domains/continuous/test/auto/LevelCrossingDetector.xml (RunModel)" time="0.036" />
  <testcase classname="ptolemy.util.test.junit.AutoTests" name="[82] /home/travis/build/icyphy/ptII/ptolemy/domains/continuous/test/auto/LevelCrossingDetectorDetectingDirections.xml (RunModel)" time="0.095" />
  <testcase classname="ptolemy.util.test.junit.AutoTests" name="[83] /home/travis/build/icyphy/ptII/ptolemy/domains/continuous/test/auto/LevelCrossingDetectorDetectsGlitches.xml (RunModel)" time="0.059" />
  <testcase classname="ptolemy.util.test.junit.AutoTests" name="[84] /home/travis/build/icyphy/ptII/ptolemy/domains/continuous/test/auto/LevelCrossingNoInitialOuput.xml (RunModel)" time="0.013" />
  <testcase classname="ptolemy.util.test.junit.AutoTests" name="[85] /home/travis/build/icyphy/ptII/ptolemy/domains/continuous/test/auto/LinearStateSpaceExample.xml (RunModel)" time="0.055" />
  <testcase classname="ptolemy.util.test.junit.AutoTests" name="[86] /home/travis/build/icyphy/ptII/ptolemy/domains/continuous/test/auto/Lorenz.xml (RunModel)" time="3.185" />
  <testcase classname="ptolemy.util.test.junit.AutoTests" name="[87] /home/travis/build/icyphy/ptII/ptolemy/domains/continuous/test/auto/LorenzDifferentialSystem.xml (RunModel)" time="0.834" />
  <testcase classname="ptolemy.util.test.junit.AutoTests" name="[88] /home/travis/build/icyphy/ptII/ptolemy/domains/continuous/test/auto/LorenzDifferentialSystemWithInput.xml (RunModel)" time="1.172" />
  <testcase classname="ptolemy.util.test.junit.AutoTests" name="[89] /home/travis/build/icyphy/ptII/ptolemy/domains/continuous/test/auto/LorenzDifferentialSystemWithTime.xml (RunModel)" time="0.629" />
  <testcase classname="ptolemy.util.test.junit.AutoTests" name="[90] /home/travis/build/icyphy/ptII/ptolemy/domains/continuous/test/auto/Microsteps.xml (RunModel)" time="0.029" />
  <testcase classname="ptolemy.util.test.junit.AutoTests" name="[91] /home/travis/build/icyphy/ptII/ptolemy/domains/continuous/test/auto/Modal1.xml (RunModel)" time="0.046" />
  <testcase classname="ptolemy.util.test.junit.AutoTests" name="[92] /home/travis/build/icyphy/ptII/ptolemy/domains/continuous/test/auto/Modal2.xml (RunModel)" time="0.054" />
  <testcase classname="ptolemy.util.test.junit.AutoTests" name="[93] /home/travis/build/icyphy/ptII/ptolemy/domains/continuous/test/auto/ModalTransitionGuardWithReset.xml (RunModel)" time="0.025" />
  <testcase classname="ptolemy.util.test.junit.AutoTests" name="[94] /home/travis/build/icyphy/ptII/ptolemy/domains/continuous/test/auto/ModalTransitionGuardWithResetUsingPreemptiveTransition.xml (RunModel)" time="0.032" />
  <testcase classname="ptolemy.util.test.junit.AutoTests" name="[95] /home/travis/build/icyphy/ptII/ptolemy/domains/continuous/test/auto/ModalTransitionGuardWithResetUsingPreemptiveTransition2.xml (RunModel)" time="0.028" />
  <testcase classname="ptolemy.util.test.junit.AutoTests" name="[96] /home/travis/build/icyphy/ptII/ptolemy/domains/continuous/test/auto/ModalTransitionGuardWithResetUsingPreemptiveTransition3.xml (RunModel)" time="0.033" />
  <testcase classname="ptolemy.util.test.junit.AutoTests" name="[97] /home/travis/build/icyphy/ptII/ptolemy/domains/continuous/test/auto/NewtonsCradle.xml (RunModel)" time="0.725" />
  <testcase classname="ptolemy.util.test.junit.AutoTests" name="[98] /home/travis/build/icyphy/ptII/ptolemy/domains/continuous/test/auto/NewtonsCradleAnimated.xml (RunModel)" time="1.145" />
  <testcase classname="ptolemy.util.test.junit.AutoTests" name="[99] /home/travis/build/icyphy/ptII/ptolemy/domains/continuous/test/auto/NewtonsCradleComplicated.xml (RunModel)" time="0.915" />
  <testcase classname="ptolemy.util.test.junit.AutoTests" name="[100] /home/travis/build/icyphy/ptII/ptolemy/domains/continuous/test/auto/NewtonsCradleNondeterministic.xml (RunModel)" time="0.664" />
  <testcase classname="ptolemy.util.test.junit.AutoTests" name="[101] /home/travis/build/icyphy/ptII/ptolemy/domains/continuous/test/auto/NewtonsCradlePerfectlyInelastic1.xml (RunModel)" time="1.131" />
  <testcase classname="ptolemy.util.test.junit.AutoTests" name="[102] /home/travis/build/icyphy/ptII/ptolemy/domains/continuous/test/auto/Noise.xml (RunModel)" time="0.195" />
  <testcase classname="ptolemy.util.test.junit.AutoTests" name="[103] /home/travis/build/icyphy/ptII/ptolemy/domains/continuous/test/auto/NoiseSpectrum.xml (RunModel)" time="0.678" />
  <testcase classname="ptolemy.util.test.junit.AutoTests" name="[104] /home/travis/build/icyphy/ptII/ptolemy/domains/continuous/test/auto/ParameterizedNewtonsCradleAnimated.xml (RunModel)" time="0.37" />
  <testcase classname="ptolemy.util.test.junit.AutoTests" name="[105] /home/travis/build/icyphy/ptII/ptolemy/domains/continuous/test/auto/ParameterizedNewtonsCradleAnimatedNondeterministic.xml (RunModel)" time="1.08" />
  <testcase classname="ptolemy.util.test.junit.AutoTests" name="[106] /home/travis/build/icyphy/ptII/ptolemy/domains/continuous/test/auto/Pendulum3D.xml (RunModel)" time="0.164" />
  <testcase classname="ptolemy.util.test.junit.AutoTests" name="[107] /home/travis/build/icyphy/ptII/ptolemy/domains/continuous/test/auto/PeriodicSampler.xml (RunModel)" time="0.008" />
  <testcase classname="ptolemy.util.test.junit.AutoTests" name="[108] /home/travis/build/icyphy/ptII/ptolemy/domains/continuous/test/auto/PeriodicSampler1.xml (RunModel)" time="0.035" />
  <testcase classname="ptolemy.util.test.junit.AutoTests" name="[109] /home/travis/build/icyphy/ptII/ptolemy/domains/continuous/test/auto/PeriodicSampler2.xml (RunModel)" time="0.071" />
  <testcase classname="ptolemy.util.test.junit.AutoTests" name="[110] /home/travis/build/icyphy/ptII/ptolemy/domains/continuous/test/auto/Poisson.xml (RunModel)" time="0.461" />
  <testcase classname="ptolemy.util.test.junit.AutoTests" name="[111] /home/travis/build/icyphy/ptII/ptolemy/domains/continuous/test/auto/PoissonClock.xml (RunModel)" time="0.01" />
  <testcase classname="ptolemy.util.test.junit.AutoTests" name="[112] /home/travis/build/icyphy/ptII/ptolemy/domains/continuous/test/auto/PoissonClock2.xml (RunModel)" time="0.01" />
  <testcase classname="ptolemy.util.test.junit.AutoTests" name="[113] /home/travis/build/icyphy/ptII/ptolemy/domains/continuous/test/auto/PortParameterHierarchy.xml (RunModel)" time="0.023" />
  <testcase classname="ptolemy.util.test.junit.AutoTests" name="[114] /home/travis/build/icyphy/ptII/ptolemy/domains/continuous/test/auto/RandomHybridPlant.xml (RunModel)" time="0.527" />
  <testcase classname="ptolemy.util.test.junit.AutoTests" name="[115] /home/travis/build/icyphy/ptII/ptolemy/domains/continuous/test/auto/ResetTransitionWithStartTime1.xml (RunModel)" time="0.03" />
  <testcase classname="ptolemy.util.test.junit.AutoTests" name="[116] /home/travis/build/icyphy/ptII/ptolemy/domains/continuous/test/auto/ResetTransitionWithStartTime2.xml (RunModel)" time="0.034" />
  <testcase classname="ptolemy.util.test.junit.AutoTests" name="[117] /home/travis/build/icyphy/ptII/ptolemy/domains/continuous/test/auto/ResetTransitionWithStartTime3.xml (RunModel)" time="0.036" />
  <testcase classname="ptolemy.util.test.junit.AutoTests" name="[118] /home/travis/build/icyphy/ptII/ptolemy/domains/continuous/test/auto/ResetTransitionWithStartTime4.xml (RunModel)" time="0.023" />
  <testcase classname="ptolemy.util.test.junit.AutoTests" name="[119] /home/travis/build/icyphy/ptII/ptolemy/domains/continuous/test/auto/ResetTransitionWithStartTime5.xml (RunModel)" time="0.031" />
  <testcase classname="ptolemy.util.test.junit.AutoTests" name="[120] /home/travis/build/icyphy/ptII/ptolemy/domains/continuous/test/auto/ResetTransitionWithStartTime6.xml (RunModel)" time="0.026" />
  <testcase classname="ptolemy.util.test.junit.AutoTests" name="[121] /home/travis/build/icyphy/ptII/ptolemy/domains/continuous/test/auto/SRinContinuous.xml (RunModel)" time="0.02" />
  <testcase classname="ptolemy.util.test.junit.AutoTests" name="[122] /home/travis/build/icyphy/ptII/ptolemy/domains/continuous/test/auto/SampledClocks.xml (RunModel)" time="0.034" />
  <testcase classname="ptolemy.util.test.junit.AutoTests" name="[123] /home/travis/build/icyphy/ptII/ptolemy/domains/continuous/test/auto/Satellite.xml (RunModel)" time="0.846" />
  <testcase classname="ptolemy.util.test.junit.AutoTests" name="[124] /home/travis/build/icyphy/ptII/ptolemy/domains/continuous/test/auto/SigmaDelta.xml (RunModel)" time="2.222" />
  <testcase classname="ptolemy.util.test.junit.AutoTests" name="[125] /home/travis/build/icyphy/ptII/ptolemy/domains/continuous/test/auto/SingleRefinement.xml (RunModel)" time="0.453" />
  <testcase classname="ptolemy.util.test.junit.AutoTests" name="[126] /home/travis/build/icyphy/ptII/ptolemy/domains/continuous/test/auto/SinuBouncingBall.xml (RunModel)" time="0.911" />
  <testcase classname="ptolemy.util.test.junit.AutoTests" name="[127] /home/travis/build/icyphy/ptII/ptolemy/domains/continuous/test/auto/Sinusoid.xml (RunModel)" time="0.012" />
  <testcase classname="ptolemy.util.test.junit.AutoTests" name="[128] /home/travis/build/icyphy/ptII/ptolemy/domains/continuous/test/auto/SinusoidInNoise.xml (RunModel)" time="0.843" />
  <testcase classname="ptolemy.util.test.junit.AutoTests" name="[129] /home/travis/build/icyphy/ptII/ptolemy/domains/continuous/test/auto/SinusoidRK45.xml (RunModel)" time="0.007" />
  <testcase classname="ptolemy.util.test.junit.AutoTests" name="[130] /home/travis/build/icyphy/ptII/ptolemy/domains/continuous/test/auto/SinusoidWithMultipleImpulses.xml (RunModel)" time="0.018" />
  <testcase classname="ptolemy.util.test.junit.AutoTests" name="[131] /home/travis/build/icyphy/ptII/ptolemy/domains/continuous/test/auto/SquareWave.xml (RunModel)" time="0.161" />
  <testcase classname="ptolemy.util.test.junit.AutoTests" name="[132] /home/travis/build/icyphy/ptII/ptolemy/domains/continuous/test/auto/Starmac.xml (RunModel)" time="3.504" />
  <testcase classname="ptolemy.util.test.junit.AutoTests" name="[133] /home/travis/build/icyphy/ptII/ptolemy/domains/continuous/test/auto/StaticUnits.xml (RunModel)" time="2.401" />
  <testcase classname="ptolemy.util.test.junit.AutoTests" name="[134] /home/travis/build/icyphy/ptII/ptolemy/domains/continuous/test/auto/StickyMasses.xml (RunModel)" time="0.183" />
  <testcase classname="ptolemy.util.test.junit.AutoTests" name="[135] /home/travis/build/icyphy/ptII/ptolemy/domains/continuous/test/auto/StopTime.xml (RunModel)" time="0.056" />
  <testcase classname="ptolemy.util.test.junit.AutoTests" name="[136] /home/travis/build/icyphy/ptII/ptolemy/domains/continuous/test/auto/StopTime2.xml (RunModel)" time="0.061" />
  <testcase classname="ptolemy.util.test.junit.AutoTests" name="[137] /home/travis/build/icyphy/ptII/ptolemy/domains/continuous/test/auto/Switch.xml (RunModel)" time="0.065" />
  <testcase classname="ptolemy.util.test.junit.AutoTests" name="[138] /home/travis/build/icyphy/ptII/ptolemy/domains/continuous/test/auto/Thermostat.xml (RunModel)" time="0.201" />
  <testcase classname="ptolemy.util.test.junit.AutoTests" name="[139] /home/travis/build/icyphy/ptII/ptolemy/domains/continuous/test/auto/TimeDelay.xml (RunModel)" time="0.014" />
  <testcase classname="ptolemy.util.test.junit.AutoTests" name="[140] /home/travis/build/icyphy/ptII/ptolemy/domains/continuous/test/auto/TimeDelay2.xml (RunModel)" time="0.026" />
  <testcase classname="ptolemy.util.test.junit.AutoTests" name="[141] /home/travis/build/icyphy/ptII/ptolemy/domains/continuous/test/auto/TimeDelay3.xml (RunModel)" time="0.012" />
  <testcase classname="ptolemy.util.test.junit.AutoTests" name="[142] /home/travis/build/icyphy/ptII/ptolemy/domains/continuous/test/auto/TransferAbsentToInside.xml (RunModel)" time="0.101" />
  <testcase classname="ptolemy.util.test.junit.AutoTests" name="[143] /home/travis/build/icyphy/ptII/ptolemy/domains/continuous/test/auto/Transmission.xml (RunModel)" time="0.727" />
  <testcase classname="ptolemy.util.test.junit.AutoTests" name="[144] /home/travis/build/icyphy/ptII/ptolemy/domains/continuous/test/auto/TriggeredContinuousClock.xml (RunModel)" time="0.056" />
  <testcase classname="ptolemy.util.test.junit.AutoTests" name="[145] /home/travis/build/icyphy/ptII/ptolemy/domains/continuous/test/auto/TwoMachineInfiniteBusControl.xml (RunModel)" time="2.617" />
  <testcase classname="ptolemy.util.test.junit.AutoTests" name="[146] /home/travis/build/icyphy/ptII/ptolemy/domains/continuous/test/auto/V2V.xml (RunModel)" time="0.826" />
  <testcase classname="ptolemy.util.test.junit.AutoTests" name="[147] /home/travis/build/icyphy/ptII/ptolemy/domains/continuous/test/auto/hierarchicalModalModel.xml (RunModel)" time="0.029" />
  <testcase classname="ptolemy.util.test.junit.AutoTests" name="[148] /home/travis/build/icyphy/ptII/ptolemy/domains/continuous/test/auto/hierarchicalModalModel1.xml (RunModel)" time="0.028" />
  <testcase classname="ptolemy.util.test.junit.AutoTests" name="[149] /home/travis/build/icyphy/ptII/ptolemy/domains/continuous/test/auto/hierarchicalModalModel2.xml (RunModel)" time="0.038" />
  <testcase classname="ptolemy.util.test.junit.AutoTests" name="[150] /home/travis/build/icyphy/ptII/ptolemy/domains/continuous/test/auto/hierarchicalModalModel3.xml (RunModel)" time="0.021" />
  <testcase classname="ptolemy.util.test.junit.AutoTests" name="[151] /home/travis/build/icyphy/ptII/ptolemy/domains/continuous/test/auto/hierarchicalModalModel4.xml (RunModel)" time="0.023" />
  <testcase classname="ptolemy.util.test.junit.AutoTests" name="[152] /home/travis/build/icyphy/ptII/ptolemy/domains/continuous/test/auto/junk.xml (RunModel)" time="0.13" />
  <system-out><![CDATA[No tcl tests in /home/travis/build/icyphy/ptII/ptolemy/domains/continuous/test
No auto/knownFailedTests/*.xml tests in /home/travis/build/icyphy/ptII/ptolemy/domains/continuous/test
No auto/linux-amd64/*.xml tests in /home/travis/build/icyphy/ptII/ptolemy/domains/continuous/test
AutoTests.java: About to close Vertx.
AutoTests.java: Vertx closed.

===========================================================================================
----------------- testing Thu May 07 14:11:13 UTC 2020 /home/travis/build/icyphy/ptII/ptolemy/domains/continuous/test/auto/BouncingBall.xml
----------------- Instantiating /home/travis/build/icyphy/ptII/ptolemy/domains/continuous/test/auto/BouncingBall.xml
2328 ms. Memory: 166912K Free: 95975K (58%)
----------------- Invoking toplevel() on ptolemy.moml.MoMLSimpleApplication@34cb5e90
----------------- Done invoking toplevel() on ptolemy.moml.MoMLSimpleApplication@34cb5e90
reloadAllAccessors: .BouncingBall

===========================================================================================
----------------- testing Thu May 07 14:11:16 UTC 2020 /home/travis/build/icyphy/ptII/ptolemy/domains/continuous/test/auto/BouncingBallWithoutGR.xml
----------------- Instantiating /home/travis/build/icyphy/ptII/ptolemy/domains/continuous/test/auto/BouncingBallWithoutGR.xml
788 ms. Memory: 166912K Free: 113356K (68%)
----------------- Invoking toplevel() on ptolemy.moml.MoMLSimpleApplication@301cd6d5
----------------- Done invoking toplevel() on ptolemy.moml.MoMLSimpleApplication@301cd6d5
reloadAllAccessors: .BouncingBallWithoutGR

===========================================================================================
----------------- testing Thu May 07 14:11:17 UTC 2020 /home/travis/build/icyphy/ptII/ptolemy/domains/continuous/test/auto/Brownian.xml
----------------- Instantiating /home/travis/build/icyphy/ptII/ptolemy/domains/continuous/test/auto/Brownian.xml
34 ms. Memory: 166912K Free: 104650K (63%)
----------------- Invoking toplevel() on ptolemy.moml.MoMLSimpleApplication@4da59ce2
----------------- Done invoking toplevel() on ptolemy.moml.MoMLSimpleApplication@4da59ce2
reloadAllAccessors: .Brownian

===========================================================================================
----------------- testing Thu May 07 14:11:17 UTC 2020 /home/travis/build/icyphy/ptII/ptolemy/domains/continuous/test/auto/CarTracking.xml
----------------- Instantiating /home/travis/build/icyphy/ptII/ptolemy/domains/continuous/test/auto/CarTracking.xml
3437 ms. Memory: 245760K Free: 228798K (93%)
----------------- Invoking toplevel() on ptolemy.moml.MoMLSimpleApplication@7c36fc46
----------------- Done invoking toplevel() on ptolemy.moml.MoMLSimpleApplication@7c36fc46
reloadAllAccessors: .CarTracking

===========================================================================================
----------------- testing Thu May 07 14:11:21 UTC 2020 /home/travis/build/icyphy/ptII/ptolemy/domains/continuous/test/auto/CartPendulum.xml
----------------- Instantiating /home/travis/build/icyphy/ptII/ptolemy/domains/continuous/test/auto/CartPendulum.xml
390 ms. Memory: 245760K Free: 140238K (57%)
----------------- Invoking toplevel() on ptolemy.moml.MoMLSimpleApplication@68fbc596
----------------- Done invoking toplevel() on ptolemy.moml.MoMLSimpleApplication@68fbc596
reloadAllAccessors: .CartPendulum

===========================================================================================
----------------- testing Thu May 07 14:11:21 UTC 2020 /home/travis/build/icyphy/ptII/ptolemy/domains/continuous/test/auto/CausalityInterface10.xml
----------------- Instantiating /home/travis/build/icyphy/ptII/ptolemy/domains/continuous/test/auto/CausalityInterface10.xml
13 ms. Memory: 245760K Free: 129998K (53%)
----------------- Invoking toplevel() on ptolemy.moml.MoMLSimpleApplication@1daf919a
----------------- Done invoking toplevel() on ptolemy.moml.MoMLSimpleApplication@1daf919a
reloadAllAccessors: .CausalityInterface10

===========================================================================================
----------------- testing Thu May 07 14:11:21 UTC 2020 /home/travis/build/icyphy/ptII/ptolemy/domains/continuous/test/auto/CausalityInterface11.xml
----------------- Instantiating /home/travis/build/icyphy/ptII/ptolemy/domains/continuous/test/auto/CausalityInterface11.xml
4 ms. Memory: 245760K Free: 123854K (50%)
----------------- Invoking toplevel() on ptolemy.moml.MoMLSimpleApplication@1021f68d
----------------- Done invoking toplevel() on ptolemy.moml.MoMLSimpleApplication@1021f68d
reloadAllAccessors: .CausalityInterface11

===========================================================================================
----------------- testing Thu May 07 14:11:21 UTC 2020 /home/travis/build/icyphy/ptII/ptolemy/domains/continuous/test/auto/CausalityInterface12.xml
----------------- Instantiating /home/travis/build/icyphy/ptII/ptolemy/domains/continuous/test/auto/CausalityInterface12.xml
4 ms. Memory: 245760K Free: 117710K (48%)
----------------- Invoking toplevel() on ptolemy.moml.MoMLSimpleApplication@7686f41e
----------------- Done invoking toplevel() on ptolemy.moml.MoMLSimpleApplication@7686f41e
reloadAllAccessors: .CausalityInterface12

===========================================================================================
----------------- testing Thu May 07 14:11:21 UTC 2020 /home/travis/build/icyphy/ptII/ptolemy/domains/continuous/test/auto/CausalityInterface13.xml
----------------- Instantiating /home/travis/build/icyphy/ptII/ptolemy/domains/continuous/test/auto/CausalityInterface13.xml
7 ms. Memory: 245760K Free: 111566K (45%)
----------------- Invoking toplevel() on ptolemy.moml.MoMLSimpleApplication@1a4a24c5
----------------- Done invoking toplevel() on ptolemy.moml.MoMLSimpleApplication@1a4a24c5
reloadAllAccessors: .CausalityInterface13

===========================================================================================
----------------- testing Thu May 07 14:11:21 UTC 2020 /home/travis/build/icyphy/ptII/ptolemy/domains/continuous/test/auto/CausalityInterface14.xml
----------------- Instantiating /home/travis/build/icyphy/ptII/ptolemy/domains/continuous/test/auto/CausalityInterface14.xml
5 ms. Memory: 245760K Free: 105918K (43%)
----------------- Invoking toplevel() on ptolemy.moml.MoMLSimpleApplication@4f577d5f
----------------- Done invoking toplevel() on ptolemy.moml.MoMLSimpleApplication@4f577d5f
reloadAllAccessors: .CausalityInterface14

===========================================================================================
----------------- testing Thu May 07 14:11:21 UTC 2020 /home/travis/build/icyphy/ptII/ptolemy/domains/continuous/test/auto/CausalityInterface4.xml
----------------- Instantiating /home/travis/build/icyphy/ptII/ptolemy/domains/continuous/test/auto/CausalityInterface4.xml
7 ms. Memory: 245760K Free: 98750K (40%)
----------------- Invoking toplevel() on ptolemy.moml.MoMLSimpleApplication@6a35e52b
----------------- Done invoking toplevel() on ptolemy.moml.MoMLSimpleApplication@6a35e52b
reloadAllAccessors: .CausalityInterface4

===========================================================================================
----------------- testing Thu May 07 14:11:21 UTC 2020 /home/travis/build/icyphy/ptII/ptolemy/domains/continuous/test/auto/CausalityInterface5.xml
----------------- Instantiating /home/travis/build/icyphy/ptII/ptolemy/domains/continuous/test/auto/CausalityInterface5.xml
8 ms. Memory: 245760K Free: 91086K (37%)
----------------- Invoking toplevel() on ptolemy.moml.MoMLSimpleApplication@5a49c7a2
----------------- Done invoking toplevel() on ptolemy.moml.MoMLSimpleApplication@5a49c7a2
reloadAllAccessors: .CausalityInterface5

===========================================================================================
----------------- testing Thu May 07 14:11:21 UTC 2020 /home/travis/build/icyphy/ptII/ptolemy/domains/continuous/test/auto/CausalityInterface6.xml
----------------- Instantiating /home/travis/build/icyphy/ptII/ptolemy/domains/continuous/test/auto/CausalityInterface6.xml
4 ms. Memory: 245760K Free: 84942K (35%)
----------------- Invoking toplevel() on ptolemy.moml.MoMLSimpleApplication@2d27ed30
----------------- Done invoking toplevel() on ptolemy.moml.MoMLSimpleApplication@2d27ed30
reloadAllAccessors: .CausalityInterface6

===========================================================================================
----------------- testing Thu May 07 14:11:21 UTC 2020 /home/travis/build/icyphy/ptII/ptolemy/domains/continuous/test/auto/CausalityInterface7.xml
----------------- Instantiating /home/travis/build/icyphy/ptII/ptolemy/domains/continuous/test/auto/CausalityInterface7.xml
12 ms. Memory: 245760K Free: 222515K (91%)
----------------- Invoking toplevel() on ptolemy.moml.MoMLSimpleApplication@66dc6caf
----------------- Done invoking toplevel() on ptolemy.moml.MoMLSimpleApplication@66dc6caf
reloadAllAccessors: .CausalityInterface7

===========================================================================================
----------------- testing Thu May 07 14:11:21 UTC 2020 /home/travis/build/icyphy/ptII/ptolemy/domains/continuous/test/auto/CausalityInterface8.xml
----------------- Instantiating /home/travis/build/icyphy/ptII/ptolemy/domains/continuous/test/auto/CausalityInterface8.xml
16 ms. Memory: 245760K Free: 213299K (87%)
----------------- Invoking toplevel() on ptolemy.moml.MoMLSimpleApplication@3cf1e0f1
----------------- Done invoking toplevel() on ptolemy.moml.MoMLSimpleApplication@3cf1e0f1
reloadAllAccessors: .CausalityInterface8

===========================================================================================
----------------- testing Thu May 07 14:11:21 UTC 2020 /home/travis/build/icyphy/ptII/ptolemy/domains/continuous/test/auto/CausalityInterface9.xml
----------------- Instantiating /home/travis/build/icyphy/ptII/ptolemy/domains/continuous/test/auto/CausalityInterface9.xml
8 ms. Memory: 245760K Free: 202547K (82%)
----------------- Invoking toplevel() on ptolemy.moml.MoMLSimpleApplication@3aa9a7c9
----------------- Done invoking toplevel() on ptolemy.moml.MoMLSimpleApplication@3aa9a7c9
reloadAllAccessors: .CausalityInterface9

===========================================================================================
----------------- testing Thu May 07 14:11:21 UTC 2020 /home/travis/build/icyphy/ptII/ptolemy/domains/continuous/test/auto/CausalityInterfaceFeedback1.xml
----------------- Instantiating /home/travis/build/icyphy/ptII/ptolemy/domains/continuous/test/auto/CausalityInterfaceFeedback1.xml
3 ms. Memory: 245760K Free: 195381K (80%)
----------------- Invoking toplevel() on ptolemy.moml.MoMLSimpleApplication@3bf739b0
----------------- Done invoking toplevel() on ptolemy.moml.MoMLSimpleApplication@3bf739b0
reloadAllAccessors: .CausalityInterfaceFeedback1

===========================================================================================
----------------- testing Thu May 07 14:11:21 UTC 2020 /home/travis/build/icyphy/ptII/ptolemy/domains/continuous/test/auto/CausalityInterfaceFeedback2.xml
----------------- Instantiating /home/travis/build/icyphy/ptII/ptolemy/domains/continuous/test/auto/CausalityInterfaceFeedback2.xml
3 ms. Memory: 245760K Free: 188709K (77%)
----------------- Invoking toplevel() on ptolemy.moml.MoMLSimpleApplication@3896bc42
----------------- Done invoking toplevel() on ptolemy.moml.MoMLSimpleApplication@3896bc42
reloadAllAccessors: .CausalityInterfaceFeedback2

===========================================================================================
----------------- testing Thu May 07 14:11:22 UTC 2020 /home/travis/build/icyphy/ptII/ptolemy/domains/continuous/test/auto/CompareWithCurrentTime.xml
----------------- Instantiating /home/travis/build/icyphy/ptII/ptolemy/domains/continuous/test/auto/CompareWithCurrentTime.xml
3 ms. Memory: 245760K Free: 184627K (75%)
----------------- Invoking toplevel() on ptolemy.moml.MoMLSimpleApplication@1dd8d69f
----------------- Done invoking toplevel() on ptolemy.moml.MoMLSimpleApplication@1dd8d69f
reloadAllAccessors: .CompareWithCurrentTime

===========================================================================================
----------------- testing Thu May 07 14:11:22 UTC 2020 /home/travis/build/icyphy/ptII/ptolemy/domains/continuous/test/auto/ComparedClocks.xml
----------------- Instantiating /home/travis/build/icyphy/ptII/ptolemy/domains/continuous/test/auto/ComparedClocks.xml
5 ms. Memory: 245760K Free: 169253K (69%)
----------------- Invoking toplevel() on ptolemy.moml.MoMLSimpleApplication@4732029f
----------------- Done invoking toplevel() on ptolemy.moml.MoMLSimpleApplication@4732029f
reloadAllAccessors: .ComparedClocks

===========================================================================================
----------------- testing Thu May 07 14:11:22 UTC 2020 /home/travis/build/icyphy/ptII/ptolemy/domains/continuous/test/auto/ContinuousAOCClone.xml
----------------- Instantiating /home/travis/build/icyphy/ptII/ptolemy/domains/continuous/test/auto/ContinuousAOCClone.xml
2471 ms. Memory: 245760K Free: 92405K (38%)
----------------- Invoking toplevel() on ptolemy.moml.MoMLSimpleApplication@5e475d26
----------------- Done invoking toplevel() on ptolemy.moml.MoMLSimpleApplication@5e475d26
reloadAllAccessors: .ContinuousAOCClone

===========================================================================================
----------------- testing Thu May 07 14:11:24 UTC 2020 /home/travis/build/icyphy/ptII/ptolemy/domains/continuous/test/auto/ContinuousClock.xml
----------------- Instantiating /home/travis/build/icyphy/ptII/ptolemy/domains/continuous/test/auto/ContinuousClock.xml
32 ms. Memory: 294912K Free: 265958K (90%)
----------------- Invoking toplevel() on ptolemy.moml.MoMLSimpleApplication@32e904c1
----------------- Done invoking toplevel() on ptolemy.moml.MoMLSimpleApplication@32e904c1
reloadAllAccessors: .ContinuousClock

===========================================================================================
----------------- testing Thu May 07 14:11:24 UTC 2020 /home/travis/build/icyphy/ptII/ptolemy/domains/continuous/test/auto/ContinuousInContinuous.xml
----------------- Instantiating /home/travis/build/icyphy/ptII/ptolemy/domains/continuous/test/auto/ContinuousInContinuous.xml
42 ms. Memory: 294912K Free: 242406K (82%)
----------------- Invoking toplevel() on ptolemy.moml.MoMLSimpleApplication@61d77f41
----------------- Done invoking toplevel() on ptolemy.moml.MoMLSimpleApplication@61d77f41
reloadAllAccessors: .ContinuousInContinuous

===========================================================================================
----------------- testing Thu May 07 14:11:24 UTC 2020 /home/travis/build/icyphy/ptII/ptolemy/domains/continuous/test/auto/ContinuousInContinuousInContinuous.xml
----------------- Instantiating /home/travis/build/icyphy/ptII/ptolemy/domains/continuous/test/auto/ContinuousInContinuousInContinuous.xml
11 ms. Memory: 294912K Free: 234735K (80%)
----------------- Invoking toplevel() on ptolemy.moml.MoMLSimpleApplication@793445bb
----------------- Done invoking toplevel() on ptolemy.moml.MoMLSimpleApplication@793445bb
reloadAllAccessors: .ContinuousInContinuousInContinuous

===========================================================================================
----------------- testing Thu May 07 14:11:25 UTC 2020 /home/travis/build/icyphy/ptII/ptolemy/domains/continuous/test/auto/ContinuousInDE.xml
----------------- Instantiating /home/travis/build/icyphy/ptII/ptolemy/domains/continuous/test/auto/ContinuousInDE.xml
89 ms. Memory: 294912K Free: 225005K (76%)
----------------- Invoking toplevel() on ptolemy.moml.MoMLSimpleApplication@bb23a54
----------------- Done invoking toplevel() on ptolemy.moml.MoMLSimpleApplication@bb23a54
reloadAllAccessors: .ContinuousInDE

===========================================================================================
----------------- testing Thu May 07 14:11:25 UTC 2020 /home/travis/build/icyphy/ptII/ptolemy/domains/continuous/test/auto/ContinuousInDE2.xml
----------------- Instantiating /home/travis/build/icyphy/ptII/ptolemy/domains/continuous/test/auto/ContinuousInDE2.xml
35 ms. Memory: 294912K Free: 215789K (73%)
----------------- Invoking toplevel() on ptolemy.moml.MoMLSimpleApplication@2164571b
----------------- Done invoking toplevel() on ptolemy.moml.MoMLSimpleApplication@2164571b
reloadAllAccessors: .ContinuousInDE2

===========================================================================================
----------------- testing Thu May 07 14:11:25 UTC 2020 /home/travis/build/icyphy/ptII/ptolemy/domains/continuous/test/auto/ContinuousInDE3.xml
----------------- Instantiating /home/travis/build/icyphy/ptII/ptolemy/domains/continuous/test/auto/ContinuousInDE3.xml
32 ms. Memory: 294912K Free: 206573K (70%)
----------------- Invoking toplevel() on ptolemy.moml.MoMLSimpleApplication@436c0a4d
----------------- Done invoking toplevel() on ptolemy.moml.MoMLSimpleApplication@436c0a4d
reloadAllAccessors: .ContinuousInDE3

===========================================================================================
----------------- testing Thu May 07 14:11:25 UTC 2020 /home/travis/build/icyphy/ptII/ptolemy/domains/continuous/test/auto/ContinuousInDE4.xml
----------------- Instantiating /home/travis/build/icyphy/ptII/ptolemy/domains/continuous/test/auto/ContinuousInDE4.xml
15 ms. Memory: 294912K Free: 200429K (68%)
----------------- Invoking toplevel() on ptolemy.moml.MoMLSimpleApplication@61b59ce3
----------------- Done invoking toplevel() on ptolemy.moml.MoMLSimpleApplication@61b59ce3
reloadAllAccessors: .ContinuousInDE4

===========================================================================================
----------------- testing Thu May 07 14:11:25 UTC 2020 /home/travis/build/icyphy/ptII/ptolemy/domains/continuous/test/auto/ContinuousInDEDifferentRefinements.xml
----------------- Instantiating /home/travis/build/icyphy/ptII/ptolemy/domains/continuous/test/auto/ContinuousInDEDifferentRefinements.xml
52 ms. Memory: 294912K Free: 169199K (57%)
----------------- Invoking toplevel() on ptolemy.moml.MoMLSimpleApplication@53bc7501
----------------- Done invoking toplevel() on ptolemy.moml.MoMLSimpleApplication@53bc7501
reloadAllAccessors: .ContinuousInDEDifferentRefinements

===========================================================================================
----------------- testing Thu May 07 14:11:25 UTC 2020 /home/travis/build/icyphy/ptII/ptolemy/domains/continuous/test/auto/ContinuousInDEDifferentRefinementsPreemptive.xml
----------------- Instantiating /home/travis/build/icyphy/ptII/ptolemy/domains/continuous/test/auto/ContinuousInDEDifferentRefinementsPreemptive.xml
56 ms. Memory: 294912K Free: 138479K (47%)
----------------- Invoking toplevel() on ptolemy.moml.MoMLSimpleApplication@71e05115
----------------- Done invoking toplevel() on ptolemy.moml.MoMLSimpleApplication@71e05115
reloadAllAccessors: .ContinuousInDEDifferentRefinementsPreemptive

===========================================================================================
----------------- testing Thu May 07 14:11:25 UTC 2020 /home/travis/build/icyphy/ptII/ptolemy/domains/continuous/test/auto/ContinuousInDEInContinuous2.xml
----------------- Instantiating /home/travis/build/icyphy/ptII/ptolemy/domains/continuous/test/auto/ContinuousInDEInContinuous2.xml
39 ms. Memory: 294912K Free: 126701K (43%)
----------------- Invoking toplevel() on ptolemy.moml.MoMLSimpleApplication@3346933d
----------------- Done invoking toplevel() on ptolemy.moml.MoMLSimpleApplication@3346933d
reloadAllAccessors: .ContinuousInDEInContinuous2

===========================================================================================
----------------- testing Thu May 07 14:11:25 UTC 2020 /home/travis/build/icyphy/ptII/ptolemy/domains/continuous/test/auto/ContinuousInDEInContinuous3.xml
----------------- Instantiating /home/travis/build/icyphy/ptII/ptolemy/domains/continuous/test/auto/ContinuousInDEInContinuous3.xml
42 ms. Memory: 294912K Free: 114927K (39%)
----------------- Invoking toplevel() on ptolemy.moml.MoMLSimpleApplication@4a16ea4
----------------- Done invoking toplevel() on ptolemy.moml.MoMLSimpleApplication@4a16ea4
reloadAllAccessors: .ContinuousInDEInContinuous3

===========================================================================================
----------------- testing Thu May 07 14:11:25 UTC 2020 /home/travis/build/icyphy/ptII/ptolemy/domains/continuous/test/auto/ContinuousInDEInput.xml
----------------- Instantiating /home/travis/build/icyphy/ptII/ptolemy/domains/continuous/test/auto/ContinuousInDEInput.xml
14 ms. Memory: 294912K Free: 107759K (37%)
----------------- Invoking toplevel() on ptolemy.moml.MoMLSimpleApplication@5e5de3c6
----------------- Done invoking toplevel() on ptolemy.moml.MoMLSimpleApplication@5e5de3c6
reloadAllAccessors: .ContinuousInDEInput

===========================================================================================
----------------- testing Thu May 07 14:11:25 UTC 2020 /home/travis/build/icyphy/ptII/ptolemy/domains/continuous/test/auto/ContinuousInDEInput2.xml
----------------- Instantiating /home/travis/build/icyphy/ptII/ptolemy/domains/continuous/test/auto/ContinuousInDEInput2.xml
10 ms. Memory: 294912K Free: 275759K (94%)
----------------- Invoking toplevel() on ptolemy.moml.MoMLSimpleApplication@4ff0b608
----------------- Done invoking toplevel() on ptolemy.moml.MoMLSimpleApplication@4ff0b608
reloadAllAccessors: .ContinuousInDEInput2

===========================================================================================
----------------- testing Thu May 07 14:11:25 UTC 2020 /home/travis/build/icyphy/ptII/ptolemy/domains/continuous/test/auto/ContinuousInDEInput3.xml
----------------- Instantiating /home/travis/build/icyphy/ptII/ptolemy/domains/continuous/test/auto/ContinuousInDEInput3.xml
8 ms. Memory: 294912K Free: 268591K (91%)
----------------- Invoking toplevel() on ptolemy.moml.MoMLSimpleApplication@1783a307
----------------- Done invoking toplevel() on ptolemy.moml.MoMLSimpleApplication@1783a307
reloadAllAccessors: .ContinuousInDEInput3

===========================================================================================
----------------- testing Thu May 07 14:11:25 UTC 2020 /home/travis/build/icyphy/ptII/ptolemy/domains/continuous/test/auto/ContinuousInDESharingRefinement.xml
----------------- Instantiating /home/travis/build/icyphy/ptII/ptolemy/domains/continuous/test/auto/ContinuousInDESharingRefinement.xml
139 ms. Memory: 294912K Free: 174383K (59%)
----------------- Invoking toplevel() on ptolemy.moml.MoMLSimpleApplication@2e520f73
----------------- Done invoking toplevel() on ptolemy.moml.MoMLSimpleApplication@2e520f73
reloadAllAccessors: .ContinuousInDESharingRefinement

===========================================================================================
----------------- testing Thu May 07 14:11:25 UTC 2020 /home/travis/build/icyphy/ptII/ptolemy/domains/continuous/test/auto/ContinuousInDEwithNoPorts.xml
----------------- Instantiating /home/travis/build/icyphy/ptII/ptolemy/domains/continuous/test/auto/ContinuousInDEwithNoPorts.xml
6 ms. Memory: 294912K Free: 170287K (58%)
----------------- Invoking toplevel() on ptolemy.moml.MoMLSimpleApplication@68c4578f
----------------- Done invoking toplevel() on ptolemy.moml.MoMLSimpleApplication@68c4578f
reloadAllAccessors: .ContinuousInDEwithNoPorts

===========================================================================================
----------------- testing Thu May 07 14:11:25 UTC 2020 /home/travis/build/icyphy/ptII/ptolemy/domains/continuous/test/auto/ContinuousInsideDE.xml
----------------- Instantiating /home/travis/build/icyphy/ptII/ptolemy/domains/continuous/test/auto/ContinuousInsideDE.xml
29 ms. Memory: 294912K Free: 158509K (54%)
----------------- Invoking toplevel() on ptolemy.moml.MoMLSimpleApplication@5f965552
----------------- Done invoking toplevel() on ptolemy.moml.MoMLSimpleApplication@5f965552
reloadAllAccessors: .ContinuousInsideDE

===========================================================================================
----------------- testing Thu May 07 14:11:25 UTC 2020 /home/travis/build/icyphy/ptII/ptolemy/domains/continuous/test/auto/ContinuousMerge1.xml
----------------- Instantiating /home/travis/build/icyphy/ptII/ptolemy/domains/continuous/test/auto/ContinuousMerge1.xml
3 ms. Memory: 294912K Free: 154399K (52%)
----------------- Invoking toplevel() on ptolemy.moml.MoMLSimpleApplication@60d86a2
----------------- Done invoking toplevel() on ptolemy.moml.MoMLSimpleApplication@60d86a2
reloadAllAccessors: .ContinuousMerge1

===========================================================================================
----------------- testing Thu May 07 14:11:25 UTC 2020 /home/travis/build/icyphy/ptII/ptolemy/domains/continuous/test/auto/ContinuousMerge2.xml
----------------- Instantiating /home/travis/build/icyphy/ptII/ptolemy/domains/continuous/test/auto/ContinuousMerge2.xml
18 ms. Memory: 294912K Free: 143663K (49%)
----------------- Invoking toplevel() on ptolemy.moml.MoMLSimpleApplication@48ae159b
----------------- Done invoking toplevel() on ptolemy.moml.MoMLSimpleApplication@48ae159b
reloadAllAccessors: .ContinuousMerge2

===========================================================================================
----------------- testing Thu May 07 14:11:26 UTC 2020 /home/travis/build/icyphy/ptII/ptolemy/domains/continuous/test/auto/ContinuousMerge3.xml
----------------- Instantiating /home/travis/build/icyphy/ptII/ptolemy/domains/continuous/test/auto/ContinuousMerge3.xml
30 ms. Memory: 294912K Free: 132909K (45%)
----------------- Invoking toplevel() on ptolemy.moml.MoMLSimpleApplication@58dab565
----------------- Done invoking toplevel() on ptolemy.moml.MoMLSimpleApplication@58dab565
reloadAllAccessors: .ContinuousMerge3

===========================================================================================
----------------- testing Thu May 07 14:11:26 UTC 2020 /home/travis/build/icyphy/ptII/ptolemy/domains/continuous/test/auto/ContinuousWithinContinuous.xml
----------------- Instantiating /home/travis/build/icyphy/ptII/ptolemy/domains/continuous/test/auto/ContinuousWithinContinuous.xml
27 ms. Memory: 294912K Free: 124207K (42%)
----------------- Invoking toplevel() on ptolemy.moml.MoMLSimpleApplication@3830f590
----------------- Done invoking toplevel() on ptolemy.moml.MoMLSimpleApplication@3830f590
reloadAllAccessors: .ContinuousWithinContinuous

===========================================================================================
----------------- testing Thu May 07 14:11:26 UTC 2020 /home/travis/build/icyphy/ptII/ptolemy/domains/continuous/test/auto/ContinuousWithinContinuous2.xml
----------------- Instantiating /home/travis/build/icyphy/ptII/ptolemy/domains/continuous/test/auto/ContinuousWithinContinuous2.xml
52 ms. Memory: 294912K Free: 113453K (38%)
----------------- Invoking toplevel() on ptolemy.moml.MoMLSimpleApplication@6a10a9ab
----------------- Done invoking toplevel() on ptolemy.moml.MoMLSimpleApplication@6a10a9ab
reloadAllAccessors: .ContinuousWithinContinuous2

===========================================================================================
----------------- testing Thu May 07 14:11:26 UTC 2020 /home/travis/build/icyphy/ptII/ptolemy/domains/continuous/test/auto/ContinuousWithinContinuous3.xml
----------------- Instantiating /home/travis/build/icyphy/ptII/ptolemy/domains/continuous/test/auto/ContinuousWithinContinuous3.xml
13 ms. Memory: 294912K Free: 106799K (36%)
----------------- Invoking toplevel() on ptolemy.moml.MoMLSimpleApplication@56d655
----------------- Done invoking toplevel() on ptolemy.moml.MoMLSimpleApplication@56d655
reloadAllAccessors: .ContinuousWithinContinuous3

===========================================================================================
----------------- testing Thu May 07 14:11:26 UTC 2020 /home/travis/build/icyphy/ptII/ptolemy/domains/continuous/test/auto/ContinuousWithinContinuous4.xml
----------------- Instantiating /home/travis/build/icyphy/ptII/ptolemy/domains/continuous/test/auto/ContinuousWithinContinuous4.xml
48 ms. Memory: 294912K Free: 269707K (91%)
----------------- Invoking toplevel() on ptolemy.moml.MoMLSimpleApplication@a9d2c57
----------------- Done invoking toplevel() on ptolemy.moml.MoMLSimpleApplication@a9d2c57
reloadAllAccessors: .ContinuousWithinContinuous4

===========================================================================================
----------------- testing Thu May 07 14:11:26 UTC 2020 /home/travis/build/icyphy/ptII/ptolemy/domains/continuous/test/auto/ContinuousWithinContinuous5.xml
----------------- Instantiating /home/travis/build/icyphy/ptII/ptolemy/domains/continuous/test/auto/ContinuousWithinContinuous5.xml
10 ms. Memory: 294912K Free: 262025K (89%)
----------------- Invoking toplevel() on ptolemy.moml.MoMLSimpleApplication@2202b880
----------------- Done invoking toplevel() on ptolemy.moml.MoMLSimpleApplication@2202b880
reloadAllAccessors: .ContinuousWithinContinuous5

===========================================================================================
----------------- testing Thu May 07 14:11:26 UTC 2020 /home/travis/build/icyphy/ptII/ptolemy/domains/continuous/test/auto/ContinuousWithinContinuous6.xml
----------------- Instantiating /home/travis/build/icyphy/ptII/ptolemy/domains/continuous/test/auto/ContinuousWithinContinuous6.xml
10 ms. Memory: 294912K Free: 254857K (86%)
----------------- Invoking toplevel() on ptolemy.moml.MoMLSimpleApplication@d4ecdee
----------------- Done invoking toplevel() on ptolemy.moml.MoMLSimpleApplication@d4ecdee
reloadAllAccessors: .ContinuousWithinContinuous6

===========================================================================================
----------------- testing Thu May 07 14:11:26 UTC 2020 /home/travis/build/icyphy/ptII/ptolemy/domains/continuous/test/auto/ContinuousWithinContinuous7.xml
----------------- Instantiating /home/travis/build/icyphy/ptII/ptolemy/domains/continuous/test/auto/ContinuousWithinContinuous7.xml
49 ms. Memory: 294912K Free: 244107K (83%)
----------------- Invoking toplevel() on ptolemy.moml.MoMLSimpleApplication@77da0094
----------------- Done invoking toplevel() on ptolemy.moml.MoMLSimpleApplication@77da0094
reloadAllAccessors: .ContinuousWithinContinuous7

===========================================================================================
----------------- testing Thu May 07 14:11:26 UTC 2020 /home/travis/build/icyphy/ptII/ptolemy/domains/continuous/test/auto/DCMotor.xml
----------------- Instantiating /home/travis/build/icyphy/ptII/ptolemy/domains/continuous/test/auto/DCMotor.xml
12043 ms. Memory: 294912K Free: 169798K (58%)
----------------- Invoking toplevel() on ptolemy.moml.MoMLSimpleApplication@5673933d
----------------- Done invoking toplevel() on ptolemy.moml.MoMLSimpleApplication@5673933d
reloadAllAccessors: .DCMotor

===========================================================================================
----------------- testing Thu May 07 14:11:38 UTC 2020 /home/travis/build/icyphy/ptII/ptolemy/domains/continuous/test/auto/DEInContinuous.xml
----------------- Instantiating /home/travis/build/icyphy/ptII/ptolemy/domains/continuous/test/auto/DEInContinuous.xml
19 ms. Memory: 294912K Free: 163654K (55%)
----------------- Invoking toplevel() on ptolemy.moml.MoMLSimpleApplication@6ca63094
----------------- Done invoking toplevel() on ptolemy.moml.MoMLSimpleApplication@6ca63094
reloadAllAccessors: .DEInContinuous

===========================================================================================
----------------- testing Thu May 07 14:11:38 UTC 2020 /home/travis/build/icyphy/ptII/ptolemy/domains/continuous/test/auto/DEinContinuous2.xml
----------------- Instantiating /home/travis/build/icyphy/ptII/ptolemy/domains/continuous/test/auto/DEinContinuous2.xml
7 ms. Memory: 294912K Free: 155462K (53%)
----------------- Invoking toplevel() on ptolemy.moml.MoMLSimpleApplication@2df6a6b2
----------------- Done invoking toplevel() on ptolemy.moml.MoMLSimpleApplication@2df6a6b2
reloadAllAccessors: .DEinContinuous2

===========================================================================================
----------------- testing Thu May 07 14:11:38 UTC 2020 /home/travis/build/icyphy/ptII/ptolemy/domains/continuous/test/auto/Derivative.xml
----------------- Instantiating /home/travis/build/icyphy/ptII/ptolemy/domains/continuous/test/auto/Derivative.xml
118 ms. Memory: 294912K Free: 126276K (43%)
----------------- Invoking toplevel() on ptolemy.moml.MoMLSimpleApplication@13fb6385
----------------- Done invoking toplevel() on ptolemy.moml.MoMLSimpleApplication@13fb6385
reloadAllAccessors: .Derivative2

===========================================================================================
----------------- testing Thu May 07 14:11:38 UTC 2020 /home/travis/build/icyphy/ptII/ptolemy/domains/continuous/test/auto/Derivative1.xml
----------------- Instantiating /home/travis/build/icyphy/ptII/ptolemy/domains/continuous/test/auto/Derivative1.xml
15 ms. Memory: 294912K Free: 111940K (38%)
----------------- Invoking toplevel() on ptolemy.moml.MoMLSimpleApplication@4629c721
----------------- Done invoking toplevel() on ptolemy.moml.MoMLSimpleApplication@4629c721
reloadAllAccessors: .Derivative1

===========================================================================================
----------------- testing Thu May 07 14:11:38 UTC 2020 /home/travis/build/icyphy/ptII/ptolemy/domains/continuous/test/auto/DiscreteClock.xml
----------------- Instantiating /home/travis/build/icyphy/ptII/ptolemy/domains/continuous/test/auto/DiscreteClock.xml
4 ms. Memory: 294912K Free: 106820K (36%)
----------------- Invoking toplevel() on ptolemy.moml.MoMLSimpleApplication@732e3086
----------------- Done invoking toplevel() on ptolemy.moml.MoMLSimpleApplication@732e3086
reloadAllAccessors: .DiscreteClock

===========================================================================================
----------------- testing Thu May 07 14:11:38 UTC 2020 /home/travis/build/icyphy/ptII/ptolemy/domains/continuous/test/auto/EfficiencyCurve.xml
----------------- Instantiating /home/travis/build/icyphy/ptII/ptolemy/domains/continuous/test/auto/EfficiencyCurve.xml
58 ms. Memory: 294912K Free: 272884K (93%)
----------------- Invoking toplevel() on ptolemy.moml.MoMLSimpleApplication@6dfd7ed4
----------------- Done invoking toplevel() on ptolemy.moml.MoMLSimpleApplication@6dfd7ed4
reloadAllAccessors: .EfficiencyCurve

===========================================================================================
----------------- testing Thu May 07 14:11:38 UTC 2020 /home/travis/build/icyphy/ptII/ptolemy/domains/continuous/test/auto/ExponentialResponse.xml
----------------- Instantiating /home/travis/build/icyphy/ptII/ptolemy/domains/continuous/test/auto/ExponentialResponse.xml
79 ms. Memory: 294912K Free: 258034K (87%)
----------------- Invoking toplevel() on ptolemy.moml.MoMLSimpleApplication@5321a541
----------------- Done invoking toplevel() on ptolemy.moml.MoMLSimpleApplication@5321a541
reloadAllAccessors: .ExponentialResponse

===========================================================================================
----------------- testing Thu May 07 14:11:39 UTC 2020 /home/travis/build/icyphy/ptII/ptolemy/domains/continuous/test/auto/ExponentialResponseRK45.xml
----------------- Instantiating /home/travis/build/icyphy/ptII/ptolemy/domains/continuous/test/auto/ExponentialResponseRK45.xml
20 ms. Memory: 294912K Free: 251380K (85%)
----------------- Invoking toplevel() on ptolemy.moml.MoMLSimpleApplication@114f59f6
----------------- Done invoking toplevel() on ptolemy.moml.MoMLSimpleApplication@114f59f6
reloadAllAccessors: .ExponentialResponseRK45

===========================================================================================
----------------- testing Thu May 07 14:11:39 UTC 2020 /home/travis/build/icyphy/ptII/ptolemy/domains/continuous/test/auto/Friction.xml
----------------- Instantiating /home/travis/build/icyphy/ptII/ptolemy/domains/continuous/test/auto/Friction.xml
1347 ms. Memory: 294912K Free: 177214K (60%)
----------------- Invoking toplevel() on ptolemy.moml.MoMLSimpleApplication@6add00b
----------------- Done invoking toplevel() on ptolemy.moml.MoMLSimpleApplication@6add00b
reloadAllAccessors: .Friction

===========================================================================================
----------------- testing Thu May 07 14:11:40 UTC 2020 /home/travis/build/icyphy/ptII/ptolemy/domains/continuous/test/auto/FurutaPendulum.xml
----------------- Instantiating /home/travis/build/icyphy/ptII/ptolemy/domains/continuous/test/auto/FurutaPendulum.xml
2845 ms. Memory: 294912K Free: 206034K (70%)
----------------- Invoking toplevel() on ptolemy.moml.MoMLSimpleApplication@3b4987b8
----------------- Done invoking toplevel() on ptolemy.moml.MoMLSimpleApplication@3b4987b8
reloadAllAccessors: .FurutaPendulum

===========================================================================================
----------------- testing Thu May 07 14:11:43 UTC 2020 /home/travis/build/icyphy/ptII/ptolemy/domains/continuous/test/auto/HierarchicalExecution.xml
----------------- Instantiating /home/travis/build/icyphy/ptII/ptolemy/domains/continuous/test/auto/HierarchicalExecution.xml
1612 ms. Memory: 294912K Free: 103767K (35%)
----------------- Invoking toplevel() on ptolemy.moml.MoMLSimpleApplication@751cccbf
----------------- Done invoking toplevel() on ptolemy.moml.MoMLSimpleApplication@751cccbf
reloadAllAccessors: .HierarchicalExecution

===========================================================================================
----------------- testing Thu May 07 14:11:45 UTC 2020 /home/travis/build/icyphy/ptII/ptolemy/domains/continuous/test/auto/HybridPlant.xml
----------------- Instantiating /home/travis/build/icyphy/ptII/ptolemy/domains/continuous/test/auto/HybridPlant.xml
510 ms. Memory: 354304K Free: 279365K (79%)
----------------- Invoking toplevel() on ptolemy.moml.MoMLSimpleApplication@11504078
----------------- Done invoking toplevel() on ptolemy.moml.MoMLSimpleApplication@11504078
reloadAllAccessors: .HybridPlant

===========================================================================================
----------------- testing Thu May 07 14:11:46 UTC 2020 /home/travis/build/icyphy/ptII/ptolemy/domains/continuous/test/auto/Hysteresis.xml
----------------- Instantiating /home/travis/build/icyphy/ptII/ptolemy/domains/continuous/test/auto/Hysteresis.xml
134 ms. Memory: 354304K Free: 216901K (61%)
----------------- Invoking toplevel() on ptolemy.moml.MoMLSimpleApplication@7973e433
----------------- Done invoking toplevel() on ptolemy.moml.MoMLSimpleApplication@7973e433
reloadAllAccessors: .Hysteresis

===========================================================================================
----------------- testing Thu May 07 14:11:46 UTC 2020 /home/travis/build/icyphy/ptII/ptolemy/domains/continuous/test/auto/HysteresisWithRandomDelay.xml
----------------- Instantiating /home/travis/build/icyphy/ptII/ptolemy/domains/continuous/test/auto/HysteresisWithRandomDelay.xml
164 ms. Memory: 354304K Free: 145717K (41%)
----------------- Invoking toplevel() on ptolemy.moml.MoMLSimpleApplication@77dbb174
----------------- Done invoking toplevel() on ptolemy.moml.MoMLSimpleApplication@77dbb174
reloadAllAccessors: .HysteresisWithRandomDelay

===========================================================================================
----------------- testing Thu May 07 14:11:46 UTC 2020 /home/travis/build/icyphy/ptII/ptolemy/domains/continuous/test/auto/HysteresisWithRandomLosses.xml
----------------- Instantiating /home/travis/build/icyphy/ptII/ptolemy/domains/continuous/test/auto/HysteresisWithRandomLosses.xml
2184 ms. Memory: 354304K Free: 252111K (71%)
----------------- Invoking toplevel() on ptolemy.moml.MoMLSimpleApplication@723970b3
----------------- Done invoking toplevel() on ptolemy.moml.MoMLSimpleApplication@723970b3
reloadAllAccessors: .HysteresisWithRandomLosses

===========================================================================================
----------------- testing Thu May 07 14:11:48 UTC 2020 /home/travis/build/icyphy/ptII/ptolemy/domains/continuous/test/auto/ImmediateTransitions.xml
----------------- Instantiating /home/travis/build/icyphy/ptII/ptolemy/domains/continuous/test/auto/ImmediateTransitions.xml
8 ms. Memory: 354304K Free: 241343K (68%)
----------------- Invoking toplevel() on ptolemy.moml.MoMLSimpleApplication@49bbe24e
----------------- Done invoking toplevel() on ptolemy.moml.MoMLSimpleApplication@49bbe24e
reloadAllAccessors: .ImmediateTransitions

===========================================================================================
----------------- testing Thu May 07 14:11:48 UTC 2020 /home/travis/build/icyphy/ptII/ptolemy/domains/continuous/test/auto/ImpulseFeedback.xml
----------------- Instantiating /home/travis/build/icyphy/ptII/ptolemy/domains/continuous/test/auto/ImpulseFeedback.xml
5 ms. Memory: 354304K Free: 235727K (67%)
----------------- Invoking toplevel() on ptolemy.moml.MoMLSimpleApplication@6be889e7
----------------- Done invoking toplevel() on ptolemy.moml.MoMLSimpleApplication@6be889e7
reloadAllAccessors: .ImpulseFeedback

===========================================================================================
----------------- testing Thu May 07 14:11:48 UTC 2020 /home/travis/build/icyphy/ptII/ptolemy/domains/continuous/test/auto/ImpulseFeedback2.xml
----------------- Instantiating /home/travis/build/icyphy/ptII/ptolemy/domains/continuous/test/auto/ImpulseFeedback2.xml
3 ms. Memory: 354304K Free: 230093K (65%)
----------------- Invoking toplevel() on ptolemy.moml.MoMLSimpleApplication@14cc2e38
----------------- Done invoking toplevel() on ptolemy.moml.MoMLSimpleApplication@14cc2e38
reloadAllAccessors: .ImpulseFeedback2

===========================================================================================
----------------- testing Thu May 07 14:11:48 UTC 2020 /home/travis/build/icyphy/ptII/ptolemy/domains/continuous/test/auto/IncreasingRatePoisson.xml
----------------- Instantiating /home/travis/build/icyphy/ptII/ptolemy/domains/continuous/test/auto/IncreasingRatePoisson.xml
714 ms. Memory: 354304K Free: 319701K (90%)
----------------- Invoking toplevel() on ptolemy.moml.MoMLSimpleApplication@6470bfb8
----------------- Done invoking toplevel() on ptolemy.moml.MoMLSimpleApplication@6470bfb8
reloadAllAccessors: .IncreasingRatePoisson

===========================================================================================
----------------- testing Thu May 07 14:11:49 UTC 2020 /home/travis/build/icyphy/ptII/ptolemy/domains/continuous/test/auto/InitialStateFeedback.xml
----------------- Instantiating /home/travis/build/icyphy/ptII/ptolemy/domains/continuous/test/auto/InitialStateFeedback.xml
3 ms. Memory: 354304K Free: 315091K (89%)
----------------- Invoking toplevel() on ptolemy.moml.MoMLSimpleApplication@1449ebd7
----------------- Done invoking toplevel() on ptolemy.moml.MoMLSimpleApplication@1449ebd7
reloadAllAccessors: .InitialStateFeedback

===========================================================================================
----------------- testing Thu May 07 14:11:49 UTC 2020 /home/travis/build/icyphy/ptII/ptolemy/domains/continuous/test/auto/Integration.xml
----------------- Instantiating /home/travis/build/icyphy/ptII/ptolemy/domains/continuous/test/auto/Integration.xml
4 ms. Memory: 354304K Free: 310995K (88%)
----------------- Invoking toplevel() on ptolemy.moml.MoMLSimpleApplication@2e2efe4e
----------------- Done invoking toplevel() on ptolemy.moml.MoMLSimpleApplication@2e2efe4e
reloadAllAccessors: .Integration

===========================================================================================
----------------- testing Thu May 07 14:11:49 UTC 2020 /home/travis/build/icyphy/ptII/ptolemy/domains/continuous/test/auto/Integration2.xml
----------------- Instantiating /home/travis/build/icyphy/ptII/ptolemy/domains/continuous/test/auto/Integration2.xml
64 ms. Memory: 354304K Free: 297173K (84%)
----------------- Invoking toplevel() on ptolemy.moml.MoMLSimpleApplication@224b3a3e
----------------- Done invoking toplevel() on ptolemy.moml.MoMLSimpleApplication@224b3a3e
reloadAllAccessors: .Integration2

===========================================================================================
----------------- testing Thu May 07 14:11:49 UTC 2020 /home/travis/build/icyphy/ptII/ptolemy/domains/continuous/test/auto/Integration3.xml
----------------- Instantiating /home/travis/build/icyphy/ptII/ptolemy/domains/continuous/test/auto/Integration3.xml
2 ms. Memory: 354304K Free: 292549K (83%)
----------------- Invoking toplevel() on ptolemy.moml.MoMLSimpleApplication@3a60f19b
----------------- Done invoking toplevel() on ptolemy.moml.MoMLSimpleApplication@3a60f19b
reloadAllAccessors: .Integration3

===========================================================================================
----------------- testing Thu May 07 14:11:49 UTC 2020 /home/travis/build/icyphy/ptII/ptolemy/domains/continuous/test/auto/Integration5.xml
----------------- Instantiating /home/travis/build/icyphy/ptII/ptolemy/domains/continuous/test/auto/Integration5.xml
2 ms. Memory: 354304K Free: 288467K (81%)
----------------- Invoking toplevel() on ptolemy.moml.MoMLSimpleApplication@37870f6e
----------------- Done invoking toplevel() on ptolemy.moml.MoMLSimpleApplication@37870f6e
reloadAllAccessors: .Integration5

===========================================================================================
----------------- testing Thu May 07 14:11:49 UTC 2020 /home/travis/build/icyphy/ptII/ptolemy/domains/continuous/test/auto/IntegratorImpulse.xml
----------------- Instantiating /home/travis/build/icyphy/ptII/ptolemy/domains/continuous/test/auto/IntegratorImpulse.xml
5 ms. Memory: 354304K Free: 284371K (80%)
----------------- Invoking toplevel() on ptolemy.moml.MoMLSimpleApplication@72f3bb79
----------------- Done invoking toplevel() on ptolemy.moml.MoMLSimpleApplication@72f3bb79
reloadAllAccessors: .IntegratorImpulse

===========================================================================================
----------------- testing Thu May 07 14:11:49 UTC 2020 /home/travis/build/icyphy/ptII/ptolemy/domains/continuous/test/auto/IntegratorImpulse2.xml
----------------- Instantiating /home/travis/build/icyphy/ptII/ptolemy/domains/continuous/test/auto/IntegratorImpulse2.xml
3 ms. Memory: 354304K Free: 279765K (79%)
----------------- Invoking toplevel() on ptolemy.moml.MoMLSimpleApplication@74e522e4
----------------- Done invoking toplevel() on ptolemy.moml.MoMLSimpleApplication@74e522e4
reloadAllAccessors: .IntegratorImpulse2

===========================================================================================
----------------- testing Thu May 07 14:11:49 UTC 2020 /home/travis/build/icyphy/ptII/ptolemy/domains/continuous/test/auto/LevelCrossing1.xml
----------------- Instantiating /home/travis/build/icyphy/ptII/ptolemy/domains/continuous/test/auto/LevelCrossing1.xml
2 ms. Memory: 354304K Free: 274645K (78%)
----------------- Invoking toplevel() on ptolemy.moml.MoMLSimpleApplication@4acc383c
----------------- Done invoking toplevel() on ptolemy.moml.MoMLSimpleApplication@4acc383c
reloadAllAccessors: .LevelCrossing1

===========================================================================================
----------------- testing Thu May 07 14:11:49 UTC 2020 /home/travis/build/icyphy/ptII/ptolemy/domains/continuous/test/auto/LevelCrossing2.xml
----------------- Instantiating /home/travis/build/icyphy/ptII/ptolemy/domains/continuous/test/auto/LevelCrossing2.xml
3 ms. Memory: 354304K Free: 269525K (76%)
----------------- Invoking toplevel() on ptolemy.moml.MoMLSimpleApplication@468a1a52
----------------- Done invoking toplevel() on ptolemy.moml.MoMLSimpleApplication@468a1a52
reloadAllAccessors: .LevelCrossing2

===========================================================================================
----------------- testing Thu May 07 14:11:49 UTC 2020 /home/travis/build/icyphy/ptII/ptolemy/domains/continuous/test/auto/LevelCrossing3.xml
----------------- Instantiating /home/travis/build/icyphy/ptII/ptolemy/domains/continuous/test/auto/LevelCrossing3.xml
3 ms. Memory: 354304K Free: 264405K (75%)
----------------- Invoking toplevel() on ptolemy.moml.MoMLSimpleApplication@4e9512c9
----------------- Done invoking toplevel() on ptolemy.moml.MoMLSimpleApplication@4e9512c9
reloadAllAccessors: .LevelCrossing3

===========================================================================================
----------------- testing Thu May 07 14:11:49 UTC 2020 /home/travis/build/icyphy/ptII/ptolemy/domains/continuous/test/auto/LevelCrossing4.xml
----------------- Instantiating /home/travis/build/icyphy/ptII/ptolemy/domains/continuous/test/auto/LevelCrossing4.xml
3 ms. Memory: 354304K Free: 259285K (73%)
----------------- Invoking toplevel() on ptolemy.moml.MoMLSimpleApplication@190ac0a4
----------------- Done invoking toplevel() on ptolemy.moml.MoMLSimpleApplication@190ac0a4
reloadAllAccessors: .LevelCrossing4

===========================================================================================
----------------- testing Thu May 07 14:11:49 UTC 2020 /home/travis/build/icyphy/ptII/ptolemy/domains/continuous/test/auto/LevelCrossing5.xml
----------------- Instantiating /home/travis/build/icyphy/ptII/ptolemy/domains/continuous/test/auto/LevelCrossing5.xml
3 ms. Memory: 354304K Free: 254165K (72%)
----------------- Invoking toplevel() on ptolemy.moml.MoMLSimpleApplication@20c2d427
----------------- Done invoking toplevel() on ptolemy.moml.MoMLSimpleApplication@20c2d427
reloadAllAccessors: .LevelCrossing5

===========================================================================================
[...]
----------------- Invoking toplevel() on ptolemy.moml.MoMLSimpleApplication@5db1f2f6
----------------- Done invoking toplevel() on ptolemy.moml.MoMLSimpleApplication@5db1f2f6
reloadAllAccessors: .ResetTransitionWithStartTime6

===========================================================================================
----------------- testing Thu May 07 14:12:04 UTC 2020 /home/travis/build/icyphy/ptII/ptolemy/domains/continuous/test/auto/SRinContinuous.xml
----------------- Instantiating /home/travis/build/icyphy/ptII/ptolemy/domains/continuous/test/auto/SRinContinuous.xml
6 ms. Memory: 354304K Free: 135054K (38%)
----------------- Invoking toplevel() on ptolemy.moml.MoMLSimpleApplication@1c2e7950
----------------- Done invoking toplevel() on ptolemy.moml.MoMLSimpleApplication@1c2e7950
reloadAllAccessors: .SRinContinuous

===========================================================================================
----------------- testing Thu May 07 14:12:04 UTC 2020 /home/travis/build/icyphy/ptII/ptolemy/domains/continuous/test/auto/SampledClocks.xml
----------------- Instantiating /home/travis/build/icyphy/ptII/ptolemy/domains/continuous/test/auto/SampledClocks.xml
9 ms. Memory: 354304K Free: 333858K (94%)
----------------- Invoking toplevel() on ptolemy.moml.MoMLSimpleApplication@2b4c351b
----------------- Done invoking toplevel() on ptolemy.moml.MoMLSimpleApplication@2b4c351b
reloadAllAccessors: .SampledClocks

===========================================================================================
----------------- testing Thu May 07 14:12:04 UTC 2020 /home/travis/build/icyphy/ptII/ptolemy/domains/continuous/test/auto/Satellite.xml
----------------- Instantiating /home/travis/build/icyphy/ptII/ptolemy/domains/continuous/test/auto/Satellite.xml
828 ms. Memory: 354304K Free: 139312K (39%)
----------------- Invoking toplevel() on ptolemy.moml.MoMLSimpleApplication@6539fbfd
----------------- Done invoking toplevel() on ptolemy.moml.MoMLSimpleApplication@6539fbfd
reloadAllAccessors: .Satellite

===========================================================================================
----------------- testing Thu May 07 14:12:05 UTC 2020 /home/travis/build/icyphy/ptII/ptolemy/domains/continuous/test/auto/SigmaDelta.xml
----------------- Instantiating /home/travis/build/icyphy/ptII/ptolemy/domains/continuous/test/auto/SigmaDelta.xml
1904 ms. Memory: 354304K Free: 295425K (83%)
----------------- Invoking toplevel() on ptolemy.moml.MoMLSimpleApplication@18511
----------------- Done invoking toplevel() on ptolemy.moml.MoMLSimpleApplication@18511
reloadAllAccessors: .SigmaDelta

===========================================================================================
----------------- testing Thu May 07 14:12:07 UTC 2020 /home/travis/build/icyphy/ptII/ptolemy/domains/continuous/test/auto/SingleRefinement.xml
----------------- Instantiating /home/travis/build/icyphy/ptII/ptolemy/domains/continuous/test/auto/SingleRefinement.xml
325 ms. Memory: 354304K Free: 321198K (91%)
----------------- Invoking toplevel() on ptolemy.moml.MoMLSimpleApplication@1d1c2c14
----------------- Done invoking toplevel() on ptolemy.moml.MoMLSimpleApplication@1d1c2c14
reloadAllAccessors: .SingleRefinement

===========================================================================================
----------------- testing Thu May 07 14:12:08 UTC 2020 /home/travis/build/icyphy/ptII/ptolemy/domains/continuous/test/auto/SinuBouncingBall.xml
----------------- Instantiating /home/travis/build/icyphy/ptII/ptolemy/domains/continuous/test/auto/SinuBouncingBall.xml
824 ms. Memory: 354304K Free: 314604K (89%)
----------------- Invoking toplevel() on ptolemy.moml.MoMLSimpleApplication@796dbf96
----------------- Done invoking toplevel() on ptolemy.moml.MoMLSimpleApplication@796dbf96
reloadAllAccessors: .SinuBouncingBall

===========================================================================================
----------------- testing Thu May 07 14:12:09 UTC 2020 /home/travis/build/icyphy/ptII/ptolemy/domains/continuous/test/auto/Sinusoid.xml
----------------- Instantiating /home/travis/build/icyphy/ptII/ptolemy/domains/continuous/test/auto/Sinusoid.xml
5 ms. Memory: 354304K Free: 309964K (87%)
----------------- Invoking toplevel() on ptolemy.moml.MoMLSimpleApplication@7af8f2e3
----------------- Done invoking toplevel() on ptolemy.moml.MoMLSimpleApplication@7af8f2e3
reloadAllAccessors: .Sinusoid

===========================================================================================
----------------- testing Thu May 07 14:12:09 UTC 2020 /home/travis/build/icyphy/ptII/ptolemy/domains/continuous/test/auto/SinusoidInNoise.xml
----------------- Instantiating /home/travis/build/icyphy/ptII/ptolemy/domains/continuous/test/auto/SinusoidInNoise.xml
808 ms. Memory: 354304K Free: 175340K (49%)
----------------- Invoking toplevel() on ptolemy.moml.MoMLSimpleApplication@96ab9f6
----------------- Done invoking toplevel() on ptolemy.moml.MoMLSimpleApplication@96ab9f6
reloadAllAccessors: .SinusoidInNoise

===========================================================================================
----------------- testing Thu May 07 14:12:09 UTC 2020 /home/travis/build/icyphy/ptII/ptolemy/domains/continuous/test/auto/SinusoidRK45.xml
----------------- Instantiating /home/travis/build/icyphy/ptII/ptolemy/domains/continuous/test/auto/SinusoidRK45.xml
2 ms. Memory: 354304K Free: 171244K (48%)
----------------- Invoking toplevel() on ptolemy.moml.MoMLSimpleApplication@5244c3f6
----------------- Done invoking toplevel() on ptolemy.moml.MoMLSimpleApplication@5244c3f6
reloadAllAccessors: .SinusoidRK45

===========================================================================================
----------------- testing Thu May 07 14:12:09 UTC 2020 /home/travis/build/icyphy/ptII/ptolemy/domains/continuous/test/auto/SinusoidWithMultipleImpulses.xml
----------------- Instantiating /home/travis/build/icyphy/ptII/ptolemy/domains/continuous/test/auto/SinusoidWithMultipleImpulses.xml
2 ms. Memory: 354304K Free: 166634K (47%)
----------------- Invoking toplevel() on ptolemy.moml.MoMLSimpleApplication@6f920d5f
----------------- Done invoking toplevel() on ptolemy.moml.MoMLSimpleApplication@6f920d5f
reloadAllAccessors: .SinusoidWithMultipleImpulses

===========================================================================================
----------------- testing Thu May 07 14:12:09 UTC 2020 /home/travis/build/icyphy/ptII/ptolemy/domains/continuous/test/auto/SquareWave.xml
----------------- Instantiating /home/travis/build/icyphy/ptII/ptolemy/domains/continuous/test/auto/SquareWave.xml
123 ms. Memory: 354304K Free: 139500K (39%)
----------------- Invoking toplevel() on ptolemy.moml.MoMLSimpleApplication@47e35989
----------------- Done invoking toplevel() on ptolemy.moml.MoMLSimpleApplication@47e35989
reloadAllAccessors: .SquareWave

===========================================================================================
----------------- testing Thu May 07 14:12:10 UTC 2020 /home/travis/build/icyphy/ptII/ptolemy/domains/continuous/test/auto/Starmac.xml
----------------- Instantiating /home/travis/build/icyphy/ptII/ptolemy/domains/continuous/test/auto/Starmac.xml
3081 ms. Memory: 354304K Free: 247642K (70%)
----------------- Invoking toplevel() on ptolemy.moml.MoMLSimpleApplication@6110db56
----------------- Done invoking toplevel() on ptolemy.moml.MoMLSimpleApplication@6110db56
reloadAllAccessors: .Starmac

===========================================================================================
----------------- testing Thu May 07 14:12:13 UTC 2020 /home/travis/build/icyphy/ptII/ptolemy/domains/continuous/test/auto/StaticUnits.xml
----------------- Instantiating /home/travis/build/icyphy/ptII/ptolemy/domains/continuous/test/auto/StaticUnits.xml
1747 ms. Memory: 354304K Free: 204446K (58%)
----------------- Invoking toplevel() on ptolemy.moml.MoMLSimpleApplication@1faacf25
----------------- Done invoking toplevel() on ptolemy.moml.MoMLSimpleApplication@1faacf25
reloadAllAccessors: .StaticUnits

===========================================================================================
----------------- testing Thu May 07 14:12:16 UTC 2020 /home/travis/build/icyphy/ptII/ptolemy/domains/continuous/test/auto/StickyMasses.xml
----------------- Instantiating /home/travis/build/icyphy/ptII/ptolemy/domains/continuous/test/auto/StickyMasses.xml
139 ms. Memory: 354304K Free: 154780K (44%)
----------------- Invoking toplevel() on ptolemy.moml.MoMLSimpleApplication@2ba8c320
----------------- Done invoking toplevel() on ptolemy.moml.MoMLSimpleApplication@2ba8c320
reloadAllAccessors: .StickyMasses

===========================================================================================
----------------- testing Thu May 07 14:12:16 UTC 2020 /home/travis/build/icyphy/ptII/ptolemy/domains/continuous/test/auto/StopTime.xml
----------------- Instantiating /home/travis/build/icyphy/ptII/ptolemy/domains/continuous/test/auto/StopTime.xml
37 ms. Memory: 354304K Free: 130189K (37%)
----------------- Invoking toplevel() on ptolemy.moml.MoMLSimpleApplication@32ff7175
----------------- Done invoking toplevel() on ptolemy.moml.MoMLSimpleApplication@32ff7175
reloadAllAccessors: .StopTime

===========================================================================================
----------------- testing Thu May 07 14:12:16 UTC 2020 /home/travis/build/icyphy/ptII/ptolemy/domains/continuous/test/auto/StopTime2.xml
----------------- Instantiating /home/travis/build/icyphy/ptII/ptolemy/domains/continuous/test/auto/StopTime2.xml
32 ms. Memory: 354304K Free: 314513K (89%)
----------------- Invoking toplevel() on ptolemy.moml.MoMLSimpleApplication@4cd520e4
----------------- Done invoking toplevel() on ptolemy.moml.MoMLSimpleApplication@4cd520e4
reloadAllAccessors: .StopTime2

===========================================================================================
----------------- testing Thu May 07 14:12:16 UTC 2020 /home/travis/build/icyphy/ptII/ptolemy/domains/continuous/test/auto/Switch.xml
----------------- Instantiating /home/travis/build/icyphy/ptII/ptolemy/domains/continuous/test/auto/Switch.xml
45 ms. Memory: 354304K Free: 289937K (82%)
----------------- Invoking toplevel() on ptolemy.moml.MoMLSimpleApplication@16d2aeb8
----------------- Done invoking toplevel() on ptolemy.moml.MoMLSimpleApplication@16d2aeb8
reloadAllAccessors: .Switch

===========================================================================================
----------------- testing Thu May 07 14:12:16 UTC 2020 /home/travis/build/icyphy/ptII/ptolemy/domains/continuous/test/auto/Thermostat.xml
----------------- Instantiating /home/travis/build/icyphy/ptII/ptolemy/domains/continuous/test/auto/Thermostat.xml
178 ms. Memory: 354304K Free: 217737K (61%)
----------------- Invoking toplevel() on ptolemy.moml.MoMLSimpleApplication@12535cf0
----------------- Done invoking toplevel() on ptolemy.moml.MoMLSimpleApplication@12535cf0
reloadAllAccessors: .Thermostat

===========================================================================================
----------------- testing Thu May 07 14:12:16 UTC 2020 /home/travis/build/icyphy/ptII/ptolemy/domains/continuous/test/auto/TimeDelay.xml
----------------- Instantiating /home/travis/build/icyphy/ptII/ptolemy/domains/continuous/test/auto/TimeDelay.xml
5 ms. Memory: 354304K Free: 213137K (60%)
----------------- Invoking toplevel() on ptolemy.moml.MoMLSimpleApplication@150b43b8
----------------- Done invoking toplevel() on ptolemy.moml.MoMLSimpleApplication@150b43b8
reloadAllAccessors: .TimeDelay

===========================================================================================
----------------- testing Thu May 07 14:12:16 UTC 2020 /home/travis/build/icyphy/ptII/ptolemy/domains/continuous/test/auto/TimeDelay2.xml
----------------- Instantiating /home/travis/build/icyphy/ptII/ptolemy/domains/continuous/test/auto/TimeDelay2.xml
9 ms. Memory: 354304K Free: 203407K (57%)
----------------- Invoking toplevel() on ptolemy.moml.MoMLSimpleApplication@b0c1215
----------------- Done invoking toplevel() on ptolemy.moml.MoMLSimpleApplication@b0c1215
reloadAllAccessors: .TimeDelay2

===========================================================================================
----------------- testing Thu May 07 14:12:16 UTC 2020 /home/travis/build/icyphy/ptII/ptolemy/domains/continuous/test/auto/TimeDelay3.xml
----------------- Instantiating /home/travis/build/icyphy/ptII/ptolemy/domains/continuous/test/auto/TimeDelay3.xml
5 ms. Memory: 354304K Free: 198799K (56%)
----------------- Invoking toplevel() on ptolemy.moml.MoMLSimpleApplication@24e07f09
----------------- Done invoking toplevel() on ptolemy.moml.MoMLSimpleApplication@24e07f09
reloadAllAccessors: .TimeDelay3

===========================================================================================
----------------- testing Thu May 07 14:12:16 UTC 2020 /home/travis/build/icyphy/ptII/ptolemy/domains/continuous/test/auto/TransferAbsentToInside.xml
----------------- Instantiating /home/travis/build/icyphy/ptII/ptolemy/domains/continuous/test/auto/TransferAbsentToInside.xml
26 ms. Memory: 354304K Free: 146033K (41%)
----------------- Invoking toplevel() on ptolemy.moml.MoMLSimpleApplication@350c29da
----------------- Done invoking toplevel() on ptolemy.moml.MoMLSimpleApplication@350c29da
reloadAllAccessors: .TransferAbsentToInside

===========================================================================================
----------------- testing Thu May 07 14:12:16 UTC 2020 /home/travis/build/icyphy/ptII/ptolemy/domains/continuous/test/auto/Transmission.xml
----------------- Instantiating /home/travis/build/icyphy/ptII/ptolemy/domains/continuous/test/auto/Transmission.xml
699 ms. Memory: 354304K Free: 329289K (93%)
----------------- Invoking toplevel() on ptolemy.moml.MoMLSimpleApplication@722dde9c
----------------- Done invoking toplevel() on ptolemy.moml.MoMLSimpleApplication@722dde9c
reloadAllAccessors: .Transmission

===========================================================================================
----------------- testing Thu May 07 14:12:17 UTC 2020 /home/travis/build/icyphy/ptII/ptolemy/domains/continuous/test/auto/TriggeredContinuousClock.xml
----------------- Instantiating /home/travis/build/icyphy/ptII/ptolemy/domains/continuous/test/auto/TriggeredContinuousClock.xml
30 ms. Memory: 354304K Free: 299593K (85%)
----------------- Invoking toplevel() on ptolemy.moml.MoMLSimpleApplication@e225c7d
----------------- Done invoking toplevel() on ptolemy.moml.MoMLSimpleApplication@e225c7d
reloadAllAccessors: .TriggeredContinuousClock

===========================================================================================
----------------- testing Thu May 07 14:12:17 UTC 2020 /home/travis/build/icyphy/ptII/ptolemy/domains/continuous/test/auto/TwoMachineInfiniteBusControl.xml
----------------- Instantiating /home/travis/build/icyphy/ptII/ptolemy/domains/continuous/test/auto/TwoMachineInfiniteBusControl.xml
2503 ms. Memory: 354304K Free: 144438K (41%)
----------------- Invoking toplevel() on ptolemy.moml.MoMLSimpleApplication@147844f3
----------------- Done invoking toplevel() on ptolemy.moml.MoMLSimpleApplication@147844f3
reloadAllAccessors: .TwoMachineInfiniteBusControl

===========================================================================================
----------------- testing Thu May 07 14:12:20 UTC 2020 /home/travis/build/icyphy/ptII/ptolemy/domains/continuous/test/auto/V2V.xml
----------------- Instantiating /home/travis/build/icyphy/ptII/ptolemy/domains/continuous/test/auto/V2V.xml
750 ms. Memory: 354304K Free: 162858K (46%)
----------------- Invoking toplevel() on ptolemy.moml.MoMLSimpleApplication@58036648
----------------- Done invoking toplevel() on ptolemy.moml.MoMLSimpleApplication@58036648
reloadAllAccessors: .V2V

===========================================================================================
----------------- testing Thu May 07 14:12:21 UTC 2020 /home/travis/build/icyphy/ptII/ptolemy/domains/continuous/test/auto/hierarchicalModalModel.xml
----------------- Instantiating /home/travis/build/icyphy/ptII/ptolemy/domains/continuous/test/auto/hierarchicalModalModel.xml
7 ms. Memory: 354304K Free: 149017K (42%)
----------------- Invoking toplevel() on ptolemy.moml.MoMLSimpleApplication@3a20ecfd
----------------- Done invoking toplevel() on ptolemy.moml.MoMLSimpleApplication@3a20ecfd
reloadAllAccessors: .hierarchicalModalModel

===========================================================================================
----------------- testing Thu May 07 14:12:21 UTC 2020 /home/travis/build/icyphy/ptII/ptolemy/domains/continuous/test/auto/hierarchicalModalModel1.xml
----------------- Instantiating /home/travis/build/icyphy/ptII/ptolemy/domains/continuous/test/auto/hierarchicalModalModel1.xml
7 ms. Memory: 354304K Free: 134696K (38%)
----------------- Invoking toplevel() on ptolemy.moml.MoMLSimpleApplication@6dcc4303
----------------- Done invoking toplevel() on ptolemy.moml.MoMLSimpleApplication@6dcc4303
reloadAllAccessors: .hierarchicalModalModel1

===========================================================================================
----------------- testing Thu May 07 14:12:21 UTC 2020 /home/travis/build/icyphy/ptII/ptolemy/domains/continuous/test/auto/hierarchicalModalModel2.xml
----------------- Instantiating /home/travis/build/icyphy/ptII/ptolemy/domains/continuous/test/auto/hierarchicalModalModel2.xml
5 ms. Memory: 354304K Free: 328697K (93%)
----------------- Invoking toplevel() on ptolemy.moml.MoMLSimpleApplication@c1409f7
----------------- Done invoking toplevel() on ptolemy.moml.MoMLSimpleApplication@c1409f7
reloadAllAccessors: .hierarchicalModalModel2

===========================================================================================
----------------- testing Thu May 07 14:12:21 UTC 2020 /home/travis/build/icyphy/ptII/ptolemy/domains/continuous/test/auto/hierarchicalModalModel3.xml
----------------- Instantiating /home/travis/build/icyphy/ptII/ptolemy/domains/continuous/test/auto/hierarchicalModalModel3.xml
6 ms. Memory: 354304K Free: 317961K (90%)
----------------- Invoking toplevel() on ptolemy.moml.MoMLSimpleApplication@580e68b
----------------- Done invoking toplevel() on ptolemy.moml.MoMLSimpleApplication@580e68b
reloadAllAccessors: .hierarchicalModalModel3

===========================================================================================
----------------- testing Thu May 07 14:12:21 UTC 2020 /home/travis/build/icyphy/ptII/ptolemy/domains/continuous/test/auto/hierarchicalModalModel4.xml
----------------- Instantiating /home/travis/build/icyphy/ptII/ptolemy/domains/continuous/test/auto/hierarchicalModalModel4.xml
4 ms. Memory: 354304K Free: 306183K (86%)
----------------- Invoking toplevel() on ptolemy.moml.MoMLSimpleApplication@5c248d07
----------------- Done invoking toplevel() on ptolemy.moml.MoMLSimpleApplication@5c248d07
reloadAllAccessors: .hierarchicalModalModel4

===========================================================================================
----------------- testing Thu May 07 14:12:21 UTC 2020 /home/travis/build/icyphy/ptII/ptolemy/domains/continuous/test/auto/junk.xml
----------------- Instantiating /home/travis/build/icyphy/ptII/ptolemy/domains/continuous/test/auto/junk.xml
111 ms. Memory: 354304K Free: 278535K (79%)
----------------- Invoking toplevel() on ptolemy.moml.MoMLSimpleApplication@705ecf46
----------------- Done invoking toplevel() on ptolemy.moml.MoMLSimpleApplication@705ecf46
reloadAllAccessors: .junk
AutoTests.java: About to close Vertx.
AutoTests.java: Vertx closed.
]]></system-out>
  <system-err><![CDATA[Warning: '.HysteresisWithRandomDelay.NonStrictTest3' The test produced only 27 tokens, yet the correctValues parameter was expecting 30 tokens.
]]></system-err>
</testsuite>
