/home/travis/build/icyphy/ptII/bin/ant: Running /home/travis/build/icyphy/ptII/ant/bin/ant build test.capecode1.xml
Buildfile: /home/travis/build/icyphy/ptII/build.xml

build-message:
     [echo] Use ant -p to see other targets. JAVA_HOME=/usr/lib/jvm/java-8-oracle
     [echo] tools.jar is necessary for compilation of doc/doclets/.
     [echo] If compilation fails, try setting JAVA_HOME to the location of the JDK.
     [echo] For example:
     [echo]   [bldmastr@sisyphus ptII]$ which java
     [echo]   /usr/bin/java
     [echo]   [bldmastr@sisyphus ptII]$ ls -l /usr/bin/java
     [echo]   lrwxrwxrwx 1 root root 26 Jul 31 10:12 /usr/bin/java -> /usr/java/default/bin/java
     [echo]   [bldmastr@sisyphus ptII]$ export JAVA_HOME=/usr/java/default
     [echo]     

-build-subprojects-empty:

-check-maven-ant-task:

build-websensor:

build-subprojects:

-check-node:

-check-node-works:
     [exec] v7.10.1

-check-npm:

-check-npm-works:
     [exec] 4.2.0

-check-if-npmjs-org-is-up:
     [echo] Check to see if https://www.npmjs.org is up.

-jsdoc-no-network-message:

-check-jsdoc:

jsdoc-install:
    [mkdir] Created dir: /home/travis/build/icyphy/ptII/node_modules
     [exec] /home/travis/build/icyphy/ptII
     [exec] └─┬ @terraswarm/jsdoc@3.5.1-dev 
     [exec]   ├── bluebird@3.4.7 
     [exec]   ├─┬ catharsis@0.8.9 
     [exec]   │ └─┬ underscore-contrib@0.3.0 
     [exec]   │   └── underscore@1.6.0 
     [exec]   ├── escape-string-regexp@1.0.5 
     [exec]   ├─┬ espree@3.1.7 
     [exec]   │ ├── acorn@3.3.0 
     [exec]   │ └── acorn-jsx@3.0.1 
     [exec]   ├── js2xmlparser@1.0.0 
     [exec]   ├─┬ klaw@1.3.1 
     [exec]   │ └── graceful-fs@4.1.11 
     [exec]   ├── marked@0.3.19 
     [exec]   ├─┬ mkdirp@0.5.1 
     [exec]   │ └── minimist@0.0.8 
     [exec]   ├─┬ requizzle@0.2.1 
     [exec]   │ └── underscore@1.6.0 
     [exec]   ├── strip-json-comments@2.0.1 
     [exec]   ├── taffydb@2.6.2 
     [exec]   └── underscore@1.8.3 
     [exec] 
     [exec] npm WARN enoent ENOENT: no such file or directory, open '/home/travis/build/icyphy/ptII/package.json'
     [exec] npm WARN ptII No description
     [exec] npm WARN ptII No repository field.
     [exec] npm WARN ptII No README data
     [exec] npm WARN ptII No license field.

jsdoc-update:

-ptdoc-no-node:

-ptdoc-no-npm:

ptdoc:
     [echo] 
     [echo]       If the ptdoc target fails, then try running:
     [echo]           ant build-project build-bin
     [echo]     

-check-node:

-check-node-works:
     [exec] v7.10.1

-check-npm:

-check-npm-works:
     [exec] 4.2.0

-check-if-npmjs-org-is-up:
     [echo] Check to see if https://www.npmjs.org is up or $TRAVIS is set.

-jsdoc-no-network-message:

-check-jsdoc:
     [echo] To stop CapeCode from invoking jsdoc and svn, set the PT_NO_NET environment variable.  
     [echo]     Under BASH:
     [echo]         export PT_NO_NET=true
     [echo]     If ptdoc fails, and you are building from $PTII, try:
     [echo]         ant build-project build-bin
     [echo]     

jsdoc-install:
     [echo] npm.executable: npm
    [mkdir] Created dir: /home/travis/build/icyphy/ptII/org/terraswarm/accessor/accessors/node_modules
     [exec] /home/travis/build/icyphy/ptII/org/terraswarm/accessor/accessors
     [exec] └─┬ @terraswarm/jsdoc@3.5.1-dev 
     [exec]   ├── bluebird@3.4.7 
     [exec]   ├─┬ catharsis@0.8.9 
     [exec]   │ └─┬ underscore-contrib@0.3.0 
     [exec]   │   └── underscore@1.6.0 
     [exec]   ├── escape-string-regexp@1.0.5 
     [exec]   ├─┬ espree@3.1.7 
     [exec]   │ ├── acorn@3.3.0 
     [exec]   │ └── acorn-jsx@3.0.1 
     [exec]   ├── js2xmlparser@1.0.0 
     [exec]   ├─┬ klaw@1.3.1 
     [exec]   │ └── graceful-fs@4.1.11 
     [exec]   ├── marked@0.3.19 
     [exec]   ├─┬ mkdirp@0.5.1 
     [exec]   │ └── minimist@0.0.8 
     [exec]   ├─┬ requizzle@0.2.1 
     [exec]   │ └── underscore@1.6.0 
     [exec]   ├── strip-json-comments@2.0.1 
     [exec]   ├── taffydb@2.6.2 
     [exec]   └── underscore@1.8.3 
     [exec] 
     [exec] npm WARN enoent ENOENT: no such file or directory, open '/home/travis/build/icyphy/ptII/org/terraswarm/accessor/accessors/package.json'
     [exec] npm WARN accessors No description
     [exec] npm WARN accessors No repository field.
     [exec] npm WARN accessors No README data
     [exec] npm WARN accessors No license field.

jsdoc-update:

-ptdoc-no-node-message:

-ptdoc-no-npm-message:

-check-jsdoc-again:

-jsdoc-command-message:

ptdoc:
     [echo] Invoke /home/travis/build/icyphy/ptII/org/terraswarm/accessor/accessors/web/../node_modules/@terraswarm/jsdoc/jsdoc.js to read *.js files and generate *PtDoc.xml files suitable for Ptolemy.
     [echo]     See https://chess.eecs.berkeley.edu/ptexternal/wiki/Main/JSDocSystems
     [echo]     See jsdoc/jsdoc.json
     [echo]     See jsdoc/plugins/accessorJSDocTags.js
     [echo]     See jsdoc/templates/ptdoc/publish.js
     [echo] 
     [echo]     If the ptdoc target fails, the there is likely a problem with node or npm.  It is possible
     [echo]     to use CapeCode even if the ptdoc target fails.
     [echo]     
     [echo]     If you are building from $PTII, try:
     [echo]         ant build-project build-bin
     [echo] 
     [echo]     
     [exec] Generating output files...
     [exec] Finished running in 4.25 seconds.

build-project:
     [echo] ptII: /home/travis/build/icyphy/ptII/build.xml
    [javac] Compiling 4724 source files to /home/travis/build/icyphy/ptII
    [javac] /home/travis/build/icyphy/ptII/ptolemy/copernicus/applet/JarSigner.java:61: warning: ManifestDigester is internal proprietary API and may be removed in a future release
    [javac] import sun.security.util.ManifestDigester;
    [javac]                         ^
    [javac] /home/travis/build/icyphy/ptII/ptolemy/media/viewer/AudioViewer.java:51: warning: AudioPlayer is internal proprietary API and may be removed in a future release
    [javac] import sun.audio.AudioPlayer;
    [javac]                 ^
    [javac] /home/travis/build/icyphy/ptII/ptolemy/util/StringUtilities.java:48: warning: Unsafe is internal proprietary API and may be removed in a future release
    [javac] import sun.misc.Unsafe;
    [javac]                ^
    [javac] warning: Supported source version 'RELEASE_6' from annotation processor 'org.netbeans.modules.openide.util.NbBundleProcessor' less than -source '1.8'
    [javac] warning: Supported source version 'RELEASE_6' from annotation processor 'org.netbeans.modules.openide.util.URLStreamHandlerRegistrationProcessor' less than -source '1.8'
    [javac] warning: Supported source version 'RELEASE_6' from annotation processor 'org.netbeans.modules.openide.util.ServiceProviderProcessor' less than -source '1.8'
    [javac] /home/travis/build/icyphy/ptII/ptolemy/copernicus/applet/JarSigner.java:61: warning: ManifestDigester is internal proprietary API and may be removed in a future release
    [javac] import sun.security.util.ManifestDigester;
    [javac]                         ^
    [javac] /home/travis/build/icyphy/ptII/ptolemy/media/viewer/AudioViewer.java:51: warning: AudioPlayer is internal proprietary API and may be removed in a future release
    [javac] import sun.audio.AudioPlayer;
    [javac]                 ^
    [javac] /home/travis/build/icyphy/ptII/ptolemy/util/StringUtilities.java:48: warning: Unsafe is internal proprietary API and may be removed in a future release
    [javac] import sun.misc.Unsafe;
    [javac]                ^
    [javac] /home/travis/build/icyphy/ptII/ptolemy/copernicus/applet/JarSigner.java:61: warning: ManifestDigester is internal proprietary API and may be removed in a future release
    [javac] import sun.security.util.ManifestDigester;
    [javac]                         ^
    [javac] /home/travis/build/icyphy/ptII/ptolemy/media/viewer/AudioViewer.java:51: warning: AudioPlayer is internal proprietary API and may be removed in a future release
    [javac] import sun.audio.AudioPlayer;
    [javac]                 ^
    [javac] /home/travis/build/icyphy/ptII/ptolemy/util/StringUtilities.java:48: warning: Unsafe is internal proprietary API and may be removed in a future release
    [javac] import sun.misc.Unsafe;
    [javac]                ^
    [javac] /home/travis/build/icyphy/ptII/ptolemy/copernicus/applet/JarSigner.java:320: warning: ManifestDigester is internal proprietary API and may be removed in a future release
    [javac]         ManifestDigester manifestDigester = new ManifestDigester(
    [javac]         ^
    [javac] /home/travis/build/icyphy/ptII/ptolemy/copernicus/applet/JarSigner.java:320: warning: ManifestDigester is internal proprietary API and may be removed in a future release
    [javac]         ManifestDigester manifestDigester = new ManifestDigester(
    [javac]                                                 ^
    [javac] /home/travis/build/icyphy/ptII/ptolemy/copernicus/applet/JarSigner.java:634: warning: ManifestDigester is internal proprietary API and may be removed in a future release
    [javac]                 ManifestDigester md, String baseName, boolean signManifest)
    [javac]                 ^
    [javac] /home/travis/build/icyphy/ptII/ptolemy/copernicus/applet/JarSigner.java:648: warning: ManifestDigester is internal proprietary API and may be removed in a future release
    [javac]                     ManifestDigester.class, String.class, Boolean.TYPE);
    [javac]                     ^
    [javac] /home/travis/build/icyphy/ptII/ptolemy/media/viewer/AudioViewer.java:242: warning: AudioPlayer is internal proprietary API and may be removed in a future release
    [javac]         AudioPlayer.player.start(_instream);
    [javac]         ^
    [javac] /home/travis/build/icyphy/ptII/ptolemy/util/StringUtilities.java:118: warning: Unsafe is internal proprietary API and may be removed in a future release
    [javac]             Field theUnsafe = Unsafe.class.getDeclaredField("theUnsafe");
    [javac]                               ^
    [javac] /home/travis/build/icyphy/ptII/ptolemy/util/StringUtilities.java:120: warning: Unsafe is internal proprietary API and may be removed in a future release
    [javac]             Unsafe unsafe = (Unsafe) theUnsafe.get(null);
    [javac]             ^
    [javac] /home/travis/build/icyphy/ptII/ptolemy/util/StringUtilities.java:120: warning: Unsafe is internal proprietary API and may be removed in a future release
    [javac]             Unsafe unsafe = (Unsafe) theUnsafe.get(null);
    [javac]                              ^
    [javac] Note: Some input files use or override a deprecated API.
    [javac] Note: Recompile with -Xlint:deprecation for details.
    [javac] Note: Some input files use unchecked or unsafe operations.
    [javac] Note: Recompile with -Xlint:unchecked for details.
    [javac] 20 warnings

-check-ptII-mk-file:

-check-bin-vergil:

-check-make-bin-vergil:

build-bin-not:

build-not-bin-vergil:
     [echo] 
     [echo] 	$PTII/bin/vergil does not exist, perhaps (cd $PTII/bin; make) has not been run?
     [echo] 	This can happen if the make binary cannot be found in the path or if $PTII/mk/ptII.mk
     [echo] 	is not present.
     [echo] 	Skipping running make in $PTII/bin, which creates scripts like $PTII/bin/vergil.
     [echo] 	This is only an issue if you want to invoke "$PTII/bin/vergil" instead of "ant vergil".
     [echo] 	However, $PTII/bin does include other scripts that may be of use.
     [echo]       

build-bin:
     [exec] for file in .momllib-util .nc2moml-util .ncapp2moml-util capecode convertToLazy copernicus decompile emachine giottoc histogram homer jode mescal moml obfuscate ptcg ptcodegen ptexecute ptjacl ptjaclapp ptplot ptstartjini ptolemy ptweb pxgraph soot tinicomm tinic tiniconverter startjini.gui vergil; do \
     [exec] 		echo "$file"; \
     [exec] 		rm -f "$file"; \
     [exec] 		ln -s ptinvoke "$file"; \
     [exec] 		chmod a+x "$file"; \
     [exec] 	done
     [exec] .momllib-util
     [exec] .nc2moml-util
     [exec] .ncapp2moml-util
     [exec] capecode
     [exec] convertToLazy
     [exec] copernicus
     [exec] decompile
     [exec] emachine
     [exec] giottoc
     [exec] histogram
     [exec] homer
     [exec] jode
     [exec] mescal
     [exec] moml
     [exec] obfuscate
     [exec] ptcg
     [exec] ptcodegen
     [exec] ptexecute
     [exec] ptjacl
     [exec] ptjaclapp
     [exec] ptplot
     [exec] ptstartjini
     [exec] ptolemy
     [exec] ptweb
     [exec] pxgraph
     [exec] soot
     [exec] tinicomm
     [exec] tinic
     [exec] tiniconverter
     [exec] startjini.gui
     [exec] vergil
     [exec] rm -f makebat
     [exec] ln -s ptinvoke makebat
     [exec] rm -f ".momllib-util.bat"
     [exec] ./makebat -q "`basename .momllib-util.bat .bat`"
     [exec] rm -f ".nc2moml-util.bat"
     [exec] ./makebat -q "`basename .nc2moml-util.bat .bat`"
     [exec] rm -f ".ncapp2moml-util.bat"
     [exec] ./makebat -q "`basename .ncapp2moml-util.bat .bat`"
     [exec] rm -f "capecode.bat"
     [exec] ./makebat -q "`basename capecode.bat .bat`"
     [exec] rm -f "convertToLazy.bat"
     [exec] ./makebat -q "`basename convertToLazy.bat .bat`"
     [exec] rm -f "copernicus.bat"
     [exec] ./makebat -q "`basename copernicus.bat .bat`"
     [exec] rm -f "decompile.bat"
     [exec] ./makebat -q "`basename decompile.bat .bat`"
     [exec] rm -f "emachine.bat"
     [exec] ./makebat -q "`basename emachine.bat .bat`"
     [exec] rm -f "giottoc.bat"
     [exec] ./makebat -q "`basename giottoc.bat .bat`"
     [exec] rm -f "histogram.bat"
     [exec] ./makebat -q "`basename histogram.bat .bat`"
     [exec] rm -f "homer.bat"
     [exec] ./makebat -q "`basename homer.bat .bat`"
     [exec] rm -f "jode.bat"
     [exec] ./makebat -q "`basename jode.bat .bat`"
     [exec] rm -f "mescal.bat"
     [exec] ./makebat -q "`basename mescal.bat .bat`"
     [exec] LD_LIBRARY_PATH = /home/travis/build/icyphy/ptII/mescal/lib:/home/travis/build/icyphy/ptII/mescal/bin:/usr/local/lib:/home/travis/build/icyphy/ptII/lib:/home/travis/pthla/certi-tools/lib:/home/travis/pthla/certi-tools/lib:/usr/lib/jni:/usr/local/share/OpenCV/java/:/usr/share/OpenCV/java:
     [exec] rm -f "moml.bat"
     [exec] ./makebat -q "`basename moml.bat .bat`"
     [exec] rm -f "obfuscate.bat"
     [exec] ./makebat -q "`basename obfuscate.bat .bat`"
     [exec] rm -f "ptcg.bat"
     [exec] ./makebat -q "`basename ptcg.bat .bat`"
     [exec] rm -f "ptcodegen.bat"
     [exec] ./makebat -q "`basename ptcodegen.bat .bat`"
     [exec] rm -f "ptexecute.bat"
     [exec] ./makebat -q "`basename ptexecute.bat .bat`"
     [exec] rm -f "ptjacl.bat"
     [exec] ./makebat -q "`basename ptjacl.bat .bat`"
     [exec] rm -f "ptjaclapp.bat"
     [exec] ./makebat -q "`basename ptjaclapp.bat .bat`"
     [exec] rm -f "ptplot.bat"
     [exec] ./makebat -q "`basename ptplot.bat .bat`"
     [exec] rm -f "ptstartjini.bat"
     [exec] ./makebat -q "`basename ptstartjini.bat .bat`"
     [exec] rm -f "ptolemy.bat"
     [exec] ./makebat -q "`basename ptolemy.bat .bat`"
     [exec] rm -f "ptweb.bat"
     [exec] ./makebat -q "`basename ptweb.bat .bat`"
     [exec] rm -f "pxgraph.bat"
     [exec] ./makebat -q "`basename pxgraph.bat .bat`"
     [exec] rm -f "soot.bat"
     [exec] ./makebat -q "`basename soot.bat .bat`"
     [exec] rm -f "tinicomm.bat"
     [exec] ./makebat -q "`basename tinicomm.bat .bat`"
     [exec] rm -f "tinic.bat"
     [exec] ./makebat -q "`basename tinic.bat .bat`"
     [exec] rm -f "tiniconverter.bat"
     [exec] ./makebat -q "`basename tiniconverter.bat .bat`"
     [exec] rm -f "startjini.gui.bat"
     [exec] ./makebat -q "`basename startjini.gui.bat .bat`"
     [exec] rm -f "vergil.bat"
     [exec] ./makebat -q "`basename vergil.bat .bat`"
     [exec] rm -f makeapp
     [exec] ln -s ptinvoke makeapp
     [exec] chmod a+x ptinvoke makeapp
     [exec] ./makeapp CapeCode.app CAPECODE -capecode
     [exec] ./makeapp: /home/travis/build/icyphy/ptII/vendors/universalJavaApplicationStub/src/universalJavaApplicationStub does not exist, creating it from GitHub.
     [exec] Cloning into 'universalJavaApplicationStub'...
     [exec] Updating universalJavaApplicationStub from /home/travis/build/icyphy/ptII/vendors/universalJavaApplicationStub/src/universalJavaApplicationStub
     [exec] Untaring /home/travis/build/icyphy/ptII/vendors/installer/MacJVM.tar.gz in /home/travis/build/icyphy/ptII/ now: Thu Sep  6 01:49:12 UTC 2018
     [exec] ./makeapp: Installation of /home/travis/build/icyphy/ptII/jdk succeeded.
     [exec] ./makeapp: copying /home/travis/build/icyphy/ptII/vendors/jogl to /home/travis/build/icyphy/ptII/bin
     [exec] touch CapeCode.app
     [exec] ./makeapp Vergil.app FULL -full
     [exec] Updating universalJavaApplicationStub from /home/travis/build/icyphy/ptII/vendors/universalJavaApplicationStub/src/universalJavaApplicationStub
     [exec] Untaring /home/travis/build/icyphy/ptII/vendors/installer/MacJVM.tar.gz in /home/travis/build/icyphy/ptII/ now: Thu Sep  6 01:49:15 UTC 2018
     [exec] ./makeapp: Installation of /home/travis/build/icyphy/ptII/jdk succeeded.
     [exec] touch Vergil.app
     [exec] chmod a+x ant cyphysim hyvisual startjini mkjnlp mkl4j mkosgi mkptdemo mkptlivelinkdemo mkpttest node npm ptjunit ptIITravisBuild.sh reloadAllAccessors updateFmu viptos 

build:

initReports:
    [mkdir] Created dir: /home/travis/build/icyphy/ptII/reports/doccheck
    [mkdir] Created dir: /home/travis/build/icyphy/ptII/reports/ojdcheck

test.capecode1.xml:
     [echo] 
     [echo]       ==test.capecode1.xml ==
     [echo]       This target runs the first batch Cape Code accessors tests and
     [echo]       generates JUnit xml output.
     [echo]       timeout = 4000000 milliseconds
     [echo]     
    [junit] javachdir: directory = ptolemy/actor/lib/jjs/modules/audio/test
    [junit] javachdir: pwd: /home/travis/build/icyphy/ptII/ptolemy/actor/lib/jjs/modules/audio/test  Invoking with -Djava.net.preferIPv4Stack=true
    [junit] Running ptolemy.actor.lib.jjs.modules.audio.test.junit.JUnitTclTest
    [junit] No tcl tests in /home/travis/build/icyphy/ptII/ptolemy/actor/lib/jjs/modules/audio/test
    [junit] ----------------- testing (KnownFailure) /home/travis/build/icyphy/ptII/ptolemy/actor/lib/jjs/modules/audio/test/auto/knownFailedTests/AudioError.xml
    [junit] JSAccessor: PT_NO_NET environment variable is set, so git pull and ptdoc are not being run.
    [junit] Xlib:  extension "RANDR" missing on display ":99.0".
    [junit] 1327 ms. Memory: 179200K Free: 137464K (77%)
    [junit] Known Failure: java.lang.reflect.InvocationTargetException
    [junit] No auto/linux-amd64/*.xml tests in /home/travis/build/icyphy/ptII/ptolemy/actor/lib/jjs/modules/audio/test
    [junit] AutoTests.java: About to close Vertx.
    [junit] AutoTests.java: Vertx closed.
    [junit] 
    [junit] ===========================================================================================
    [junit] ----------------- *** Skipping testing of /home/travis/build/icyphy/ptII/ptolemy/actor/lib/jjs/modules/audio/test/auto/SpeechSynthesisTest.xml because it does fails under Travis.  To updated this list, edit ptolemy/util/test/junit/AutoTests.java
    [junit] AutoTests.java: About to close Vertx.
    [junit] AutoTests.java: Vertx closed.
    [junit] Tests run: 4, Failures: 0, Errors: 0, Skipped: 0, Time elapsed: 5.922 sec
    [junit] Output:
    [junit] No tcl tests in /home/travis/build/icyphy/ptII/ptolemy/actor/lib/jjs/modules/audio/test
    [junit] java.lang.RuntimeException: Execution failed
    [junit] 	at ptolemy.moml.MoMLSimpleApplication$UnloadThread.run(MoMLSimpleApplication.java:402)
    [junit] Caused by: ptolemy.actor.sched.NotSchedulableException: SDF scheduler found disconnected actors! Usually, disconnected actors in an SDF model indicates an error.  If this is not an error, try setting the SDFDirector parameter allowDisconnectedGraphs to true.
    [junit] Unreached Actors:
    [junit] .AudioError.Const 
    [junit] Reached Actors:
    [junit] .AudioError.ClipPlayer .AudioError.Test 
    [junit]   in .AudioError.SDF Director.Scheduler
    [junit] 	at ptolemy.domains.sdf.kernel.SDFScheduler._solveBalanceEquations(SDFScheduler.java:861)
    [junit] 	at ptolemy.domains.sdf.kernel.SDFScheduler._getSchedule(SDFScheduler.java:566)
    [junit] 	at ptolemy.actor.sched.Scheduler.getSchedule(Scheduler.java:189)
    [junit] 	at ptolemy.domains.sdf.kernel.SDFDirector.createSchedule(SDFDirector.java:408)
    [junit] 	at ptolemy.domains.sdf.kernel.SDFDirector.preinitialize(SDFDirector.java:764)
    [junit] 	at ptolemy.actor.CompositeActor.preinitialize(CompositeActor.java:1828)
    [junit] 	at ptolemy.actor.Manager.preinitializeAndResolveTypes(Manager.java:1040)
    [junit] 	at ptolemy.actor.Manager.initialize(Manager.java:710)
    [junit] 	at ptolemy.actor.Manager.execute(Manager.java:356)
    [junit] 	at ptolemy.actor.Manager.run(Manager.java:1263)
    [junit] 	at ptolemy.actor.Manager$PtolemyRunThread.run(Manager.java:1915)
    [junit] 
    [junit] Exception: java.lang.RuntimeException thrown from the UncaughtExceptionHandler in thread "Thread-6"
    [junit] java.lang.reflect.InvocationTargetException
    [junit] 	at sun.reflect.NativeConstructorAccessorImpl.newInstance0(Native Method)
    [junit] 	at sun.reflect.NativeConstructorAccessorImpl.newInstance(NativeConstructorAccessorImpl.java:62)
    [junit] 	at sun.reflect.DelegatingConstructorAccessorImpl.newInstance(DelegatingConstructorAccessorImpl.java:45)
    [junit] 	at java.lang.reflect.Constructor.newInstance(Constructor.java:423)
    [junit] 	at ptolemy.util.test.junit.AutoKnownFailedTests.RunModel(AutoKnownFailedTests.java:107)
    [junit] 	at sun.reflect.NativeMethodAccessorImpl.invoke0(Native Method)
    [junit] 	at sun.reflect.NativeMethodAccessorImpl.invoke(NativeMethodAccessorImpl.java:62)
    [junit] 	at sun.reflect.DelegatingMethodAccessorImpl.invoke(DelegatingMethodAccessorImpl.java:43)
    [junit] 	at java.lang.reflect.Method.invoke(Method.java:498)
    [junit] 	at org.junit.runners.model.FrameworkMethod$1.runReflectiveCall(FrameworkMethod.java:44)
    [junit] 	at org.junit.internal.runners.model.ReflectiveCallable.run(ReflectiveCallable.java:15)
    [junit] 	at org.junit.runners.model.FrameworkMethod.invokeExplosively(FrameworkMethod.java:41)
    [junit] 	at junitparams.internal.InvokeParameterisedMethod.evaluate(InvokeParameterisedMethod.java:102)
    [junit] 	at org.junit.internal.runners.statements.FailOnTimeout$1.run(FailOnTimeout.java:28)
    [junit] Caused by: ptolemy.actor.sched.NotSchedulableException: SDF scheduler found disconnected actors! Usually, disconnected actors in an SDF model indicates an error.  If this is not an error, try setting the SDFDirector parameter allowDisconnectedGraphs to true.
    [junit] Unreached Actors:
    [junit] .AudioError.Const 
    [junit] Reached Actors:
    [junit] .AudioError.ClipPlayer .AudioError.Test 
    [junit]   in .AudioError.SDF Director.Scheduler
    [junit] 	at ptolemy.domains.sdf.kernel.SDFScheduler._solveBalanceEquations(SDFScheduler.java:861)
    [junit] 	at ptolemy.domains.sdf.kernel.SDFScheduler._getSchedule(SDFScheduler.java:566)
    [junit] 	at ptolemy.actor.sched.Scheduler.getSchedule(Scheduler.java:189)
    [junit] 	at ptolemy.domains.sdf.kernel.SDFDirector.createSchedule(SDFDirector.java:408)
    [junit] 	at ptolemy.domains.sdf.kernel.SDFDirector.preinitialize(SDFDirector.java:764)
    [junit] 	at ptolemy.actor.CompositeActor.preinitialize(CompositeActor.java:1828)
    [junit] 	at ptolemy.actor.Manager.preinitializeAndResolveTypes(Manager.java:1040)
    [junit] 	at ptolemy.actor.Manager.initialize(Manager.java:710)
    [junit] 	at ptolemy.actor.Manager.execute(Manager.java:356)
    [junit] 	at ptolemy.actor.Manager.run(Manager.java:1263)
    [junit] 	at ptolemy.actor.Manager$PtolemyRunThread.run(Manager.java:1915)
    [junit] ----------------- testing (KnownFailure) /home/travis/build/icyphy/ptII/ptolemy/actor/lib/jjs/modules/audio/test/auto/knownFailedTests/AudioError.xml
    [junit] JSAccessor: PT_NO_NET environment variable is set, so git pull and ptdoc are not being run.
    [junit] 1327 ms. Memory: 179200K Free: 137464K (77%)
    [junit] Known Failure: java.lang.reflect.InvocationTargetException
    [junit] No auto/linux-amd64/*.xml tests in /home/travis/build/icyphy/ptII/ptolemy/actor/lib/jjs/modules/audio/test
    [junit] AutoTests.java: About to close Vertx.
    [junit] AutoTests.java: Vertx closed.
    [junit] 
    [junit] ===========================================================================================
    [junit] ----------------- *** Skipping testing of /home/travis/build/icyphy/ptII/ptolemy/actor/lib/jjs/modules/audio/test/auto/SpeechSynthesisTest.xml because it does fails under Travis.  To updated this list, edit ptolemy/util/test/junit/AutoTests.java
    [junit] AutoTests.java: About to close Vertx.
    [junit] AutoTests.java: Vertx closed.
    [junit] 
    [junit] Error: 
    [junit] java.lang.RuntimeException: Execution failed
    [junit] 	at ptolemy.moml.MoMLSimpleApplication$UnloadThread.run(MoMLSimpleApplication.java:402)
    [junit] Caused by: ptolemy.actor.sched.NotSchedulableException: SDF scheduler found disconnected actors! Usually, disconnected actors in an SDF model indicates an error.  If this is not an error, try setting the SDFDirector parameter allowDisconnectedGraphs to true.
    [junit] Unreached Actors:
    [junit] .AudioError.Const 
    [junit] Reached Actors:
    [junit] .AudioError.ClipPlayer .AudioError.Test 
    [junit]   in .AudioError.SDF Director.Scheduler
    [junit] 	at ptolemy.domains.sdf.kernel.SDFScheduler._solveBalanceEquations(SDFScheduler.java:861)
    [junit] 	at ptolemy.domains.sdf.kernel.SDFScheduler._getSchedule(SDFScheduler.java:566)
    [junit] 	at ptolemy.actor.sched.Scheduler.getSchedule(Scheduler.java:189)
    [junit] 	at ptolemy.domains.sdf.kernel.SDFDirector.createSchedule(SDFDirector.java:408)
    [junit] 	at ptolemy.domains.sdf.kernel.SDFDirector.preinitialize(SDFDirector.java:764)
    [junit] 	at ptolemy.actor.CompositeActor.preinitialize(CompositeActor.java:1828)
    [junit] 	at ptolemy.actor.Manager.preinitializeAndResolveTypes(Manager.java:1040)
    [junit] 	at ptolemy.actor.Manager.initialize(Manager.java:710)
    [junit] 	at ptolemy.actor.Manager.execute(Manager.java:356)
    [junit] 	at ptolemy.actor.Manager.run(Manager.java:1263)
    [junit] 	at ptolemy.actor.Manager$PtolemyRunThread.run(Manager.java:1915)
    [junit] java.lang.reflect.InvocationTargetException
    [junit] 	at sun.reflect.NativeConstructorAccessorImpl.newInstance0(Native Method)
    [junit] 	at sun.reflect.NativeConstructorAccessorImpl.newInstance(NativeConstructorAccessorImpl.java:62)
    [junit] 	at sun.reflect.DelegatingConstructorAccessorImpl.newInstance(DelegatingConstructorAccessorImpl.java:45)
    [junit] 	at java.lang.reflect.Constructor.newInstance(Constructor.java:423)
    [junit] 	at ptolemy.util.test.junit.AutoKnownFailedTests.RunModel(AutoKnownFailedTests.java:107)
    [junit] 	at sun.reflect.NativeMethodAccessorImpl.invoke0(Native Method)
    [junit] 	at sun.reflect.NativeMethodAccessorImpl.invoke(NativeMethodAccessorImpl.java:62)
    [junit] 	at sun.reflect.DelegatingMethodAccessorImpl.invoke(DelegatingMethodAccessorImpl.java:43)
    [junit] 	at java.lang.reflect.Method.invoke(Method.java:498)
    [junit] 	at org.junit.runners.model.FrameworkMethod$1.runReflectiveCall(FrameworkMethod.java:44)
    [junit] 	at org.junit.internal.runners.model.ReflectiveCallable.run(ReflectiveCallable.java:15)
    [junit] 	at org.junit.runners.model.FrameworkMethod.invokeExplosively(FrameworkMethod.java:41)
    [junit] 	at junitparams.internal.InvokeParameterisedMethod.evaluate(InvokeParameterisedMethod.java:102)
    [junit] 	at org.junit.internal.runners.statements.FailOnTimeout$1.run(FailOnTimeout.java:28)
    [junit] Caused by: ptolemy.actor.sched.NotSchedulableException: SDF scheduler found disconnected actors! Usually, disconnected actors in an SDF model indicates an error.  If this is not an error, try setting the SDFDirector parameter allowDisconnectedGraphs to true.
    [junit] Unreached Actors:
    [junit] .AudioError.Const 
    [junit] Reached Actors:
    [junit] .AudioError.ClipPlayer .AudioError.Test 
    [junit]   in .AudioError.SDF Director.Scheduler
    [junit] 	at ptolemy.domains.sdf.kernel.SDFScheduler._solveBalanceEquations(SDFScheduler.java:861)
    [junit] 	at ptolemy.domains.sdf.kernel.SDFScheduler._getSchedule(SDFScheduler.java:566)
    [junit] 	at ptolemy.actor.sched.Scheduler.getSchedule(Scheduler.java:189)
    [junit] 	at ptolemy.domains.sdf.kernel.SDFDirector.createSchedule(SDFDirector.java:408)
    [junit] 	at ptolemy.domains.sdf.kernel.SDFDirector.preinitialize(SDFDirector.java:764)
    [junit] 	at ptolemy.actor.CompositeActor.preinitialize(CompositeActor.java:1828)
    [junit] 	at ptolemy.actor.Manager.preinitializeAndResolveTypes(Manager.java:1040)
    [junit] 	at ptolemy.actor.Manager.initialize(Manager.java:710)
    [junit] 	at ptolemy.actor.Manager.execute(Manager.java:356)
    [junit] 	at ptolemy.actor.Manager.run(Manager.java:1263)
    [junit] 	at ptolemy.actor.Manager$PtolemyRunThread.run(Manager.java:1915)
    [junit] 
    [junit] javachdir: directory = ptolemy/actor/lib/jjs/modules/contextAware/test
    [junit] javachdir: pwd: /home/travis/build/icyphy/ptII/ptolemy/actor/lib/jjs/modules/contextAware/test  Invoking with -Djava.net.preferIPv4Stack=true
    [junit] Running ptolemy.actor.lib.jjs.modules.contextAware.test.junit.JUnitTclTest
    [junit] No tcl tests in /home/travis/build/icyphy/ptII/ptolemy/actor/lib/jjs/modules/contextAware/test
    [junit] ----------------- testing (KnownFailure) /home/travis/build/icyphy/ptII/ptolemy/actor/lib/jjs/modules/contextAware/test/auto/knownFailedTests/ContextAware.xml
    [junit] JSAccessor: PT_NO_NET environment variable is set, so git pull and ptdoc are not being run.
    [junit] ContextAware: Making an HTTP request. (Thread[ContextAware,1,main])
    [junit] The total body: {
    [junit]   "error" : "Firebase error. Please ensure that you spelled the name of your Firebase correctly"
    [junit] }
    [junit] 
    [junit] 3570 ms. Memory: 300032K Free: 245106K (82%)
    [junit] Known Failure: java.lang.reflect.InvocationTargetException
    [junit] No auto/linux-amd64/*.xml tests in /home/travis/build/icyphy/ptII/ptolemy/actor/lib/jjs/modules/contextAware/test
    [junit] AutoTests.java: About to close Vertx.
    [junit] AutoTests.java: Vertx closed.
    [junit] No auto/*.xml tests in /home/travis/build/icyphy/ptII/ptolemy/actor/lib/jjs/modules/contextAware/test
    [junit] AutoTests.java: About to close Vertx.
    [junit] AutoTests.java: Vertx closed.
    [junit] Tests run: 4, Failures: 0, Errors: 0, Skipped: 0, Time elapsed: 8.116 sec
    [junit] Output:
    [junit] No tcl tests in /home/travis/build/icyphy/ptII/ptolemy/actor/lib/jjs/modules/contextAware/test
    [junit] ----------------- testing (KnownFailure) /home/travis/build/icyphy/ptII/ptolemy/actor/lib/jjs/modules/contextAware/test/auto/knownFailedTests/ContextAware.xml
    [junit] JSAccessor: PT_NO_NET environment variable is set, so git pull and ptdoc are not being run.
    [junit] ContextAware: Making an HTTP request. (Thread[ContextAware,1,main])
    [junit] The total body: {
    [junit]   "error" : "Firebase error. Please ensure that you spelled the name of your Firebase correctly"
    [junit] }
    [junit] 
    [junit] 3570 ms. Memory: 300032K Free: 245106K (82%)
    [junit] Known Failure: java.lang.reflect.InvocationTargetException
    [junit] No auto/linux-amd64/*.xml tests in /home/travis/build/icyphy/ptII/ptolemy/actor/lib/jjs/modules/contextAware/test
    [junit] AutoTests.java: About to close Vertx.
    [junit] AutoTests.java: Vertx closed.
    [junit] No auto/*.xml tests in /home/travis/build/icyphy/ptII/ptolemy/actor/lib/jjs/modules/contextAware/test
    [junit] AutoTests.java: About to close Vertx.
    [junit] AutoTests.java: Vertx closed.
    [junit] 
    [junit] Error: 
    [junit] WARNING: ContextAware: Model stopped before executing actions (e.g. producing outputs) scheduled for execution at times [5.0]
    [junit] java.lang.RuntimeException: Execution failed
    [junit] 	at ptolemy.moml.MoMLSimpleApplication$UnloadThread.run(MoMLSimpleApplication.java:402)
    [junit] Caused by: java.lang.RuntimeException: ContextAware: Request failed with code 404: Not Found
    [junit] 	at ptolemy.util.SimpleMessageHandler._error(SimpleMessageHandler.java:53)
    [junit] 	at ptolemy.util.MessageHandler.error(MessageHandler.java:84)
    [junit] 	at ptolemy.actor.lib.jjs.JavaScript.error(JavaScript.java:862)
    [junit] 	at ptolemy.actor.lib.jjs.RestrictedJavaScriptInterface.error(RestrictedJavaScriptInterface.java:123)
    [junit] 	at jdk.nashorn.internal.scripts.Script$Recompilation$516$3477A$\^eval\_.error(<eval>:98)
    [junit] 	at jdk.nashorn.internal.scripts.Script$Recompilation$514$16324A$require.L:1#_handleError(/home/travis/build/icyphy/ptII/ptolemy/actor/lib/jjs/external/require.js#401:30<eval>:383)
    [junit] 	at jdk.nashorn.internal.scripts.Script$Recompilation$507$17958AA$require.L:1#_errorResponse(/home/travis/build/icyphy/ptII/ptolemy/actor/lib/jjs/external/require.js#401:30<eval>:420)
    [junit] 	at jdk.nashorn.internal.runtime.ScriptFunctionData.invoke(ScriptFunctionData.java:641)
    [junit] 	at jdk.nashorn.internal.runtime.ScriptFunction.invoke(ScriptFunction.java:494)
    [junit] 	at jdk.nashorn.internal.runtime.ScriptRuntime.apply(ScriptRuntime.java:393)
    [junit] 	at jdk.nashorn.api.scripting.ScriptObjectMirror.callMember(ScriptObjectMirror.java:199)
    [junit] 	at ptolemy.actor.lib.jjs.modules.httpClient.HttpClientHelper$HttpClientResponseHandler$2.run(HttpClientHelper.java:343)
    [junit] 	at ptolemy.actor.lib.jjs.JavaScript.fire(JavaScript.java:1084)
    [junit] 	at ptolemy.domains.de.kernel.DEDirector._fire(DEDirector.java:1949)
    [junit] 	at ptolemy.domains.de.kernel.DEDirector.fire(DEDirector.java:502)
    [junit] 	at ptolemy.actor.CompositeActor.fire(CompositeActor.java:455)
    [junit] 	at ptolemy.actor.Manager.iterate(Manager.java:851)
    [junit] 	at ptolemy.actor.Manager.execute(Manager.java:369)
    [junit] 	at ptolemy.actor.Manager.run(Manager.java:1263)
    [junit] 	at ptolemy.actor.Manager$PtolemyRunThread.run(Manager.java:1915)
    [junit] java.lang.reflect.InvocationTargetException
    [junit] 	at sun.reflect.NativeConstructorAccessorImpl.newInstance0(Native Method)
    [junit] 	at sun.reflect.NativeConstructorAccessorImpl.newInstance(NativeConstructorAccessorImpl.java:62)
    [junit] 	at sun.reflect.DelegatingConstructorAccessorImpl.newInstance(DelegatingConstructorAccessorImpl.java:45)
    [junit] 	at java.lang.reflect.Constructor.newInstance(Constructor.java:423)
    [junit] 	at ptolemy.util.test.junit.AutoKnownFailedTests.RunModel(AutoKnownFailedTests.java:107)
    [junit] 	at sun.reflect.NativeMethodAccessorImpl.invoke0(Native Method)
    [junit] 	at sun.reflect.NativeMethodAccessorImpl.invoke(NativeMethodAccessorImpl.java:62)
    [junit] 	at sun.reflect.DelegatingMethodAccessorImpl.invoke(DelegatingMethodAccessorImpl.java:43)
    [junit] 	at java.lang.reflect.Method.invoke(Method.java:498)
    [junit] 	at org.junit.runners.model.FrameworkMethod$1.runReflectiveCall(FrameworkMethod.java:44)
    [junit] 	at org.junit.internal.runners.model.ReflectiveCallable.run(ReflectiveCallable.java:15)
    [junit] 	at org.junit.runners.model.FrameworkMethod.invokeExplosively(FrameworkMethod.java:41)
    [junit] 	at junitparams.internal.InvokeParameterisedMethod.evaluate(InvokeParameterisedMethod.java:102)
    [junit] 	at org.junit.internal.runners.statements.FailOnTimeout$1.run(FailOnTimeout.java:28)
    [junit] Caused by: java.lang.RuntimeException: ContextAware: Request failed with code 404: Not Found
    [junit] 	at ptolemy.util.SimpleMessageHandler._error(SimpleMessageHandler.java:53)
    [junit] 	at ptolemy.util.MessageHandler.error(MessageHandler.java:84)
    [junit] 	at ptolemy.actor.lib.jjs.JavaScript.error(JavaScript.java:862)
    [junit] 	at ptolemy.actor.lib.jjs.RestrictedJavaScriptInterface.error(RestrictedJavaScriptInterface.java:123)
    [junit] 	at jdk.nashorn.internal.scripts.Script$Recompilation$516$3477A$\^eval\_.error(<eval>:98)
    [junit] 	at jdk.nashorn.internal.scripts.Script$Recompilation$514$16324A$require.L:1#_handleError(/home/travis/build/icyphy/ptII/ptolemy/actor/lib/jjs/external/require.js#401:30<eval>:383)
    [junit] 	at jdk.nashorn.internal.scripts.Script$Recompilation$507$17958AA$require.L:1#_errorResponse(/home/travis/build/icyphy/ptII/ptolemy/actor/lib/jjs/external/require.js#401:30<eval>:420)
    [junit] 	at jdk.nashorn.internal.runtime.ScriptFunctionData.invoke(ScriptFunctionData.java:641)
    [junit] 	at jdk.nashorn.internal.runtime.ScriptFunction.invoke(ScriptFunction.java:494)
    [junit] 	at jdk.nashorn.internal.runtime.ScriptRuntime.apply(ScriptRuntime.java:393)
    [junit] 	at jdk.nashorn.api.scripting.ScriptObjectMirror.callMember(ScriptObjectMirror.java:199)
    [junit] 	at ptolemy.actor.lib.jjs.modules.httpClient.HttpClientHelper$HttpClientResponseHandler$2.run(HttpClientHelper.java:343)
    [junit] 	at ptolemy.actor.lib.jjs.JavaScript.fire(JavaScript.java:1084)
    [junit] 	at ptolemy.domains.de.kernel.DEDirector._fire(DEDirector.java:1949)
    [junit] 	at ptolemy.domains.de.kernel.DEDirector.fire(DEDirector.java:502)
    [junit] 	at ptolemy.actor.CompositeActor.fire(CompositeActor.java:455)
    [junit] 	at ptolemy.actor.Manager.iterate(Manager.java:851)
    [junit] 	at ptolemy.actor.Manager.execute(Manager.java:369)
    [junit] 	at ptolemy.actor.Manager.run(Manager.java:1263)
    [junit] 	at ptolemy.actor.Manager$PtolemyRunThread.run(Manager.java:1915)
    [junit] 
    [junit] WARNING: ContextAware: Model stopped before executing actions (e.g. producing outputs) scheduled for execution at times [5.0]
    [junit] java.lang.RuntimeException: Execution failed
    [junit] 	at ptolemy.moml.MoMLSimpleApplication$UnloadThread.run(MoMLSimpleApplication.java:402)
    [junit] Caused by: java.lang.RuntimeException: ContextAware: Request failed with code 404: Not Found
    [junit] 	at ptolemy.util.SimpleMessageHandler._error(SimpleMessageHandler.java:53)
    [junit] 	at ptolemy.util.MessageHandler.error(MessageHandler.java:84)
    [junit] 	at ptolemy.actor.lib.jjs.JavaScript.error(JavaScript.java:862)
    [junit] 	at ptolemy.actor.lib.jjs.RestrictedJavaScriptInterface.error(RestrictedJavaScriptInterface.java:123)
    [junit] 	at jdk.nashorn.internal.scripts.Script$Recompilation$516$3477A$\^eval\_.error(<eval>:98)
    [junit] 	at jdk.nashorn.internal.scripts.Script$Recompilation$514$16324A$require.L:1#_handleError(/home/travis/build/icyphy/ptII/ptolemy/actor/lib/jjs/external/require.js#401:30<eval>:383)
    [junit] 	at jdk.nashorn.internal.scripts.Script$Recompilation$507$17958AA$require.L:1#_errorResponse(/home/travis/build/icyphy/ptII/ptolemy/actor/lib/jjs/external/require.js#401:30<eval>:420)
    [junit] 	at jdk.nashorn.internal.runtime.ScriptFunctionData.invoke(ScriptFunctionData.java:641)
    [junit] 	at jdk.nashorn.internal.runtime.ScriptFunction.invoke(ScriptFunction.java:494)
    [junit] 	at jdk.nashorn.internal.runtime.ScriptRuntime.apply(ScriptRuntime.java:393)
    [junit] 	at jdk.nashorn.api.scripting.ScriptObjectMirror.callMember(ScriptObjectMirror.java:199)
    [junit] 	at ptolemy.actor.lib.jjs.modules.httpClient.HttpClientHelper$HttpClientResponseHandler$2.run(HttpClientHelper.java:343)
    [junit] 	at ptolemy.actor.lib.jjs.JavaScript.fire(JavaScript.java:1084)
    [junit] 	at ptolemy.domains.de.kernel.DEDirector._fire(DEDirector.java:1949)
    [junit] 	at ptolemy.domains.de.kernel.DEDirector.fire(DEDirector.java:502)
    [junit] 	at ptolemy.actor.CompositeActor.fire(CompositeActor.java:455)
    [junit] 	at ptolemy.actor.Manager.iterate(Manager.java:851)
    [junit] 	at ptolemy.actor.Manager.execute(Manager.java:369)
    [junit] 	at ptolemy.actor.Manager.run(Manager.java:1263)
    [junit] 	at ptolemy.actor.Manager$PtolemyRunThread.run(Manager.java:1915)
    [junit] 
    [junit] Exception: java.lang.RuntimeException thrown from the UncaughtExceptionHandler in thread "Thread-4"
    [junit] java.lang.reflect.InvocationTargetException
    [junit] 	at sun.reflect.NativeConstructorAccessorImpl.newInstance0(Native Method)
    [junit] 	at sun.reflect.NativeConstructorAccessorImpl.newInstance(NativeConstructorAccessorImpl.java:62)
    [junit] 	at sun.reflect.DelegatingConstructorAccessorImpl.newInstance(DelegatingConstructorAccessorImpl.java:45)
    [junit] 	at java.lang.reflect.Constructor.newInstance(Constructor.java:423)
    [junit] 	at ptolemy.util.test.junit.AutoKnownFailedTests.RunModel(AutoKnownFailedTests.java:107)
    [junit] 	at sun.reflect.NativeMethodAccessorImpl.invoke0(Native Method)
    [junit] 	at sun.reflect.NativeMethodAccessorImpl.invoke(NativeMethodAccessorImpl.java:62)
    [junit] 	at sun.reflect.DelegatingMethodAccessorImpl.invoke(DelegatingMethodAccessorImpl.java:43)
    [junit] 	at java.lang.reflect.Method.invoke(Method.java:498)
    [junit] 	at org.junit.runners.model.FrameworkMethod$1.runReflectiveCall(FrameworkMethod.java:44)
    [junit] 	at org.junit.internal.runners.model.ReflectiveCallable.run(ReflectiveCallable.java:15)
    [junit] 	at org.junit.runners.model.FrameworkMethod.invokeExplosively(FrameworkMethod.java:41)
    [junit] 	at junitparams.internal.InvokeParameterisedMethod.evaluate(InvokeParameterisedMethod.java:102)
    [junit] 	at org.junit.internal.runners.statements.FailOnTimeout$1.run(FailOnTimeout.java:28)
    [junit] Caused by: java.lang.RuntimeException: ContextAware: Request failed with code 404: Not Found
    [junit] 	at ptolemy.util.SimpleMessageHandler._error(SimpleMessageHandler.java:53)
    [junit] 	at ptolemy.util.MessageHandler.error(MessageHandler.java:84)
    [junit] 	at ptolemy.actor.lib.jjs.JavaScript.error(JavaScript.java:862)
    [junit] 	at ptolemy.actor.lib.jjs.RestrictedJavaScriptInterface.error(RestrictedJavaScriptInterface.java:123)
    [junit] 	at jdk.nashorn.internal.scripts.Script$Recompilation$516$3477A$\^eval\_.error(<eval>:98)
    [junit] 	at jdk.nashorn.internal.scripts.Script$Recompilation$514$16324A$require.L:1#_handleError(/home/travis/build/icyphy/ptII/ptolemy/actor/lib/jjs/external/require.js#401:30<eval>:383)
    [junit] 	at jdk.nashorn.internal.scripts.Script$Recompilation$507$17958AA$require.L:1#_errorResponse(/home/travis/build/icyphy/ptII/ptolemy/actor/lib/jjs/external/require.js#401:30<eval>:420)
    [junit] 	at jdk.nashorn.internal.runtime.ScriptFunctionData.invoke(ScriptFunctionData.java:641)
    [junit] 	at jdk.nashorn.internal.runtime.ScriptFunction.invoke(ScriptFunction.java:494)
    [junit] 	at jdk.nashorn.internal.runtime.ScriptRuntime.apply(ScriptRuntime.java:393)
    [junit] 	at jdk.nashorn.api.scripting.ScriptObjectMirror.callMember(ScriptObjectMirror.java:199)
    [junit] 	at ptolemy.actor.lib.jjs.modules.httpClient.HttpClientHelper$HttpClientResponseHandler$2.run(HttpClientHelper.java:343)
    [junit] 	at ptolemy.actor.lib.jjs.JavaScript.fire(JavaScript.java:1084)
    [junit] 	at ptolemy.domains.de.kernel.DEDirector._fire(DEDirector.java:1949)
    [junit] 	at ptolemy.domains.de.kernel.DEDirector.fire(DEDirector.java:502)
    [junit] 	at ptolemy.actor.CompositeActor.fire(CompositeActor.java:455)
    [junit] 	at ptolemy.actor.Manager.iterate(Manager.java:851)
    [junit] 	at ptolemy.actor.Manager.execute(Manager.java:369)
    [junit] 	at ptolemy.actor.Manager.run(Manager.java:1263)
    [junit] 	at ptolemy.actor.Manager$PtolemyRunThread.run(Manager.java:1915)
    [junit] javachdir: directory = ptolemy/actor/lib/jjs/modules/discovery/test
    [junit] javachdir: pwd: /home/travis/build/icyphy/ptII/ptolemy/actor/lib/jjs/modules/discovery/test  Invoking with -Djava.net.preferIPv4Stack=true
    [junit] Running ptolemy.actor.lib.jjs.modules.discovery.test.junit.JUnitTclTest
    [junit] No tcl tests in /home/travis/build/icyphy/ptII/ptolemy/actor/lib/jjs/modules/discovery/test
    [junit] No auto/knownFailedTests/*.xml tests in /home/travis/build/icyphy/ptII/ptolemy/actor/lib/jjs/modules/discovery/test
    [junit] No auto/linux-amd64/*.xml tests in /home/travis/build/icyphy/ptII/ptolemy/actor/lib/jjs/modules/discovery/test
    [junit] AutoTests.java: About to close Vertx.
    [junit] AutoTests.java: Vertx closed.
    [junit] 
    [junit] ===========================================================================================
    [junit] ----------------- testing Thu Sep 06 01:49:35 UTC 2018 /home/travis/build/icyphy/ptII/ptolemy/actor/lib/jjs/modules/discovery/test/auto/DiscoveryJSStdout.xml
    [junit] ----------------- Thu Sep 06 01:49:35 UTC 2018 About to sleep for 5.0 seconds before running or rerunning.  Test is: /home/travis/build/icyphy/ptII/ptolemy/actor/lib/jjs/modules/discovery/test/auto/DiscoveryJSStdout.xml
    [junit] Done sleeping
    [junit] ----------------- Instantiating /home/travis/build/icyphy/ptII/ptolemy/actor/lib/jjs/modules/discovery/test/auto/DiscoveryJSStdout.xml
    [junit] JSAccessor: PT_NO_NET environment variable is set, so git pull and ptdoc are not being run.
    [junit] {{IPAddress = "172.17.0.1", mac = "Host machine", name = "Host machine"}}
    [junit] "172.17.0.1"
    [junit] 7865 ms. Memory: 423424K Free: 161135K (38%)
    [junit] ----------------- Invoking toplevel() on ptolemy.moml.MoMLSimpleApplication@6bfd8771
    [junit] ----------------- Done invoking toplevel() on ptolemy.moml.MoMLSimpleApplication@6bfd8771
    [junit] reloadAllAccessors: .DiscoveryJSStdout
    [junit] This is the first time that the reloadAllAccessors method has been invoked in this JVM, so the the accessors repo will be checked out or updated and JSDoc invoked. Note that running the tests may end up invoking a new JVM for each directory, so the repo may be checked out or updated and JSDoc invoked more than once when the tests are run.
    [junit] -------------- Reloaded accessors, but skipping rerun for now. Thu Sep 06 01:49:54 UTC 2018 /home/travis/build/icyphy/ptII/ptolemy/actor/lib/jjs/modules/discovery/test/auto/DiscoveryJSStdout.xml
    [junit] AutoTests.java: About to close Vertx.
    [junit] AutoTests.java: Vertx closed.
    [junit] Tests run: 4, Failures: 0, Errors: 0, Skipped: 0, Time elapsed: 19.087 sec
    [junit] Output:
    [junit] No tcl tests in /home/travis/build/icyphy/ptII/ptolemy/actor/lib/jjs/modules/discovery/test
    [junit] No auto/knownFailedTests/*.xml tests in /home/travis/build/icyphy/ptII/ptolemy/actor/lib/jjs/modules/discovery/test
    [junit] No auto/linux-amd64/*.xml tests in /home/travis/build/icyphy/ptII/ptolemy/actor/lib/jjs/modules/discovery/test
    [junit] AutoTests.java: About to close Vertx.
    [junit] AutoTests.java: Vertx closed.
    [junit] 
    [junit] ===========================================================================================
    [junit] ----------------- testing Thu Sep 06 01:49:35 UTC 2018 /home/travis/build/icyphy/ptII/ptolemy/actor/lib/jjs/modules/discovery/test/auto/DiscoveryJSStdout.xml
    [junit] ----------------- Thu Sep 06 01:49:35 UTC 2018 About to sleep for 5.0 seconds before running or rerunning.  Test is: /home/travis/build/icyphy/ptII/ptolemy/actor/lib/jjs/modules/discovery/test/auto/DiscoveryJSStdout.xml
    [junit] Done sleeping
    [junit] ----------------- Instantiating /home/travis/build/icyphy/ptII/ptolemy/actor/lib/jjs/modules/discovery/test/auto/DiscoveryJSStdout.xml
    [junit] JSAccessor: PT_NO_NET environment variable is set, so git pull and ptdoc are not being run.
    [junit] {{IPAddress = "172.17.0.1", mac = "Host machine", name = "Host machine"}}
    [junit] "172.17.0.1"
    [junit] 7865 ms. Memory: 423424K Free: 161135K (38%)
    [junit] ----------------- Invoking toplevel() on ptolemy.moml.MoMLSimpleApplication@6bfd8771
    [junit] ----------------- Done invoking toplevel() on ptolemy.moml.MoMLSimpleApplication@6bfd8771
    [junit] reloadAllAccessors: .DiscoveryJSStdout
    [junit] This is the first time that the reloadAllAccessors method has been invoked in this JVM, so the the accessors repo will be checked out or updated and JSDoc invoked. Note that running the tests may end up invoking a new JVM for each directory, so the repo may be checked out or updated and JSDoc invoked more than once when the tests are run.
    [junit] -------------- Reloaded accessors, but skipping rerun for now. Thu Sep 06 01:49:54 UTC 2018 /home/travis/build/icyphy/ptII/ptolemy/actor/lib/jjs/modules/discovery/test/auto/DiscoveryJSStdout.xml
    [junit] AutoTests.java: About to close Vertx.
    [junit] AutoTests.java: Vertx closed.
    [junit] 
    [junit] javachdir: directory = ptolemy/actor/lib/jjs/modules/eventbus/test
    [junit] javachdir: pwd: /home/travis/build/icyphy/ptII/ptolemy/actor/lib/jjs/modules/eventbus/test  Invoking with -Djava.net.preferIPv4Stack=true
    [junit] Running ptolemy.actor.lib.jjs.modules.eventbus.test.junit.JUnitTclTest
    [junit] No tcl tests in /home/travis/build/icyphy/ptII/ptolemy/actor/lib/jjs/modules/eventbus/test
    [junit] No auto/knownFailedTests/*.xml tests in /home/travis/build/icyphy/ptII/ptolemy/actor/lib/jjs/modules/eventbus/test
    [junit] No auto/linux-amd64/*.xml tests in /home/travis/build/icyphy/ptII/ptolemy/actor/lib/jjs/modules/eventbus/test
    [junit] AutoTests.java: About to close Vertx.
    [junit] AutoTests.java: Vertx closed.
    [junit] 
    [junit] ===========================================================================================
    [junit] ----------------- testing Thu Sep 06 01:49:55 UTC 2018 /home/travis/build/icyphy/ptII/ptolemy/actor/lib/jjs/modules/eventbus/test/auto/SmokeTest.xml
    [junit] ----------------- Thu Sep 06 01:49:55 UTC 2018 About to sleep for 5.0 seconds before running or rerunning.  Test is: /home/travis/build/icyphy/ptII/ptolemy/actor/lib/jjs/modules/eventbus/test/auto/SmokeTest.xml
    [junit] Done sleeping
    [junit] ----------------- Instantiating /home/travis/build/icyphy/ptII/ptolemy/actor/lib/jjs/modules/eventbus/test/auto/SmokeTest.xml
    [junit] 2118 ms. Memory: 201728K Free: 103355K (51%)
    [junit] ----------------- Invoking toplevel() on ptolemy.moml.MoMLSimpleApplication@101dc490
    [junit] ----------------- Done invoking toplevel() on ptolemy.moml.MoMLSimpleApplication@101dc490
    [junit] reloadAllAccessors: .SmokeTest
    [junit] 
    [junit] ===========================================================================================
    [junit] ----------------- testing Thu Sep 06 01:50:05 UTC 2018 /home/travis/build/icyphy/ptII/ptolemy/actor/lib/jjs/modules/eventbus/test/auto/VertxEventBus1.xml
    [junit] ----------------- Thu Sep 06 01:50:05 UTC 2018 About to sleep for 5.0 seconds before running or rerunning.  Test is: /home/travis/build/icyphy/ptII/ptolemy/actor/lib/jjs/modules/eventbus/test/auto/VertxEventBus1.xml
    [junit] Done sleeping
    [junit] ----------------- Instantiating /home/travis/build/icyphy/ptII/ptolemy/actor/lib/jjs/modules/eventbus/test/auto/VertxEventBus1.xml
    [junit] JSAccessor: PT_NO_NET environment variable is set, so git pull and ptdoc are not being run.
    [junit] 4777 ms. Memory: 399872K Free: 172199K (43%)
    [junit] ----------------- Invoking toplevel() on ptolemy.moml.MoMLSimpleApplication@3d2e704
    [junit] ----------------- Done invoking toplevel() on ptolemy.moml.MoMLSimpleApplication@3d2e704
    [junit] reloadAllAccessors: .VertxEventBus1
    [junit] This is the first time that the reloadAllAccessors method has been invoked in this JVM, so the the accessors repo will be checked out or updated and JSDoc invoked. Note that running the tests may end up invoking a new JVM for each directory, so the repo may be checked out or updated and JSDoc invoked more than once when the tests are run.
    [junit] -------------- Reloaded accessors, but skipping rerun for now. Thu Sep 06 01:50:19 UTC 2018 /home/travis/build/icyphy/ptII/ptolemy/actor/lib/jjs/modules/eventbus/test/auto/VertxEventBus1.xml
    [junit] 
    [junit] ===========================================================================================
    [junit] ----------------- testing Thu Sep 06 01:50:19 UTC 2018 /home/travis/build/icyphy/ptII/ptolemy/actor/lib/jjs/modules/eventbus/test/auto/VertxEventBus2.xml
    [junit] ----------------- Thu Sep 06 01:50:19 UTC 2018 About to sleep for 5.0 seconds before running or rerunning.  Test is: /home/travis/build/icyphy/ptII/ptolemy/actor/lib/jjs/modules/eventbus/test/auto/VertxEventBus2.xml
    [junit] Done sleeping
    [junit] ----------------- Instantiating /home/travis/build/icyphy/ptII/ptolemy/actor/lib/jjs/modules/eventbus/test/auto/VertxEventBus2.xml
    [junit] 5243 ms. Memory: 752640K Free: 543147K (72%)
    [junit] ----------------- Invoking toplevel() on ptolemy.moml.MoMLSimpleApplication@4f67c4a3
    [junit] ----------------- Done invoking toplevel() on ptolemy.moml.MoMLSimpleApplication@4f67c4a3
    [junit] reloadAllAccessors: .VertxEventBus2
    [junit] -------------- Reloaded accessors, but skipping rerun for now. Thu Sep 06 01:50:34 UTC 2018 /home/travis/build/icyphy/ptII/ptolemy/actor/lib/jjs/modules/eventbus/test/auto/VertxEventBus2.xml
    [junit] 
    [junit] ===========================================================================================
    [junit] ----------------- testing Thu Sep 06 01:50:34 UTC 2018 /home/travis/build/icyphy/ptII/ptolemy/actor/lib/jjs/modules/eventbus/test/auto/VertxEventBus3.xml
    [junit] ----------------- Thu Sep 06 01:50:34 UTC 2018 About to sleep for 5.0 seconds before running or rerunning.  Test is: /home/travis/build/icyphy/ptII/ptolemy/actor/lib/jjs/modules/eventbus/test/auto/VertxEventBus3.xml
    [junit] Done sleeping
    [junit] ----------------- Instantiating /home/travis/build/icyphy/ptII/ptolemy/actor/lib/jjs/modules/eventbus/test/auto/VertxEventBus3.xml
    [junit] 4620 ms. Memory: 974848K Free: 385452K (40%)
    [junit] ----------------- Invoking toplevel() on ptolemy.moml.MoMLSimpleApplication@1b6295ab
    [junit] ----------------- Done invoking toplevel() on ptolemy.moml.MoMLSimpleApplication@1b6295ab
    [junit] reloadAllAccessors: .VertxEventBus3
    [junit] -------------- Reloaded accessors, but skipping rerun for now. Thu Sep 06 01:50:47 UTC 2018 /home/travis/build/icyphy/ptII/ptolemy/actor/lib/jjs/modules/eventbus/test/auto/VertxEventBus3.xml
    [junit] 
    [junit] ===========================================================================================
    [junit] ----------------- testing Thu Sep 06 01:50:47 UTC 2018 /home/travis/build/icyphy/ptII/ptolemy/actor/lib/jjs/modules/eventbus/test/auto/VertxEventBus4.xml
    [junit] ----------------- Thu Sep 06 01:50:47 UTC 2018 About to sleep for 5.0 seconds before running or rerunning.  Test is: /home/travis/build/icyphy/ptII/ptolemy/actor/lib/jjs/modules/eventbus/test/auto/VertxEventBus4.xml
    [junit] Done sleeping
    [junit] ----------------- Instantiating /home/travis/build/icyphy/ptII/ptolemy/actor/lib/jjs/modules/eventbus/test/auto/VertxEventBus4.xml
    [junit] 6488 ms. Memory: 1475584K Free: 1036124K (70%)
    [junit] ----------------- Invoking toplevel() on ptolemy.moml.MoMLSimpleApplication@73bd32a9
    [junit] ----------------- Done invoking toplevel() on ptolemy.moml.MoMLSimpleApplication@73bd32a9
    [junit] reloadAllAccessors: .VertxEventBus4
    [junit] -------------- Reloaded accessors, but skipping rerun for now. Thu Sep 06 01:51:04 UTC 2018 /home/travis/build/icyphy/ptII/ptolemy/actor/lib/jjs/modules/eventbus/test/auto/VertxEventBus4.xml
    [junit] AutoTests.java: About to close Vertx.
    [junit] AutoTests.java: Vertx closed.
    [junit] Tests run: 8, Failures: 0, Errors: 0, Skipped: 0, Time elapsed: 69.376 sec
    [junit] Output:
    [junit] No tcl tests in /home/travis/build/icyphy/ptII/ptolemy/actor/lib/jjs/modules/eventbus/test
    [junit] No auto/knownFailedTests/*.xml tests in /home/travis/build/icyphy/ptII/ptolemy/actor/lib/jjs/modules/eventbus/test
    [junit] No auto/linux-amd64/*.xml tests in /home/travis/build/icyphy/ptII/ptolemy/actor/lib/jjs/modules/eventbus/test
    [junit] AutoTests.java: About to close Vertx.
    [junit] AutoTests.java: Vertx closed.
    [junit] 
    [junit] ===========================================================================================
    [junit] ----------------- testing Thu Sep 06 01:49:55 UTC 2018 /home/travis/build/icyphy/ptII/ptolemy/actor/lib/jjs/modules/eventbus/test/auto/SmokeTest.xml
    [junit] ----------------- Thu Sep 06 01:49:55 UTC 2018 About to sleep for 5.0 seconds before running or rerunning.  Test is: /home/travis/build/icyphy/ptII/ptolemy/actor/lib/jjs/modules/eventbus/test/auto/SmokeTest.xml
    [junit] Done sleeping
    [junit] ----------------- Instantiating /home/travis/build/icyphy/ptII/ptolemy/actor/lib/jjs/modules/eventbus/test/auto/SmokeTest.xml
    [junit] 2118 ms. Memory: 201728K Free: 103355K (51%)
    [junit] ----------------- Invoking toplevel() on ptolemy.moml.MoMLSimpleApplication@101dc490
    [junit] ----------------- Done invoking toplevel() on ptolemy.moml.MoMLSimpleApplication@101dc490
    [junit] reloadAllAccessors: .SmokeTest
    [junit] 
    [junit] ===========================================================================================
    [junit] ----------------- testing Thu Sep 06 01:50:05 UTC 2018 /home/travis/build/icyphy/ptII/ptolemy/actor/lib/jjs/modules/eventbus/test/auto/VertxEventBus1.xml
    [junit] ----------------- Thu Sep 06 01:50:05 UTC 2018 About to sleep for 5.0 seconds before running or rerunning.  Test is: /home/travis/build/icyphy/ptII/ptolemy/actor/lib/jjs/modules/eventbus/test/auto/VertxEventBus1.xml
    [junit] Done sleeping
    [junit] ----------------- Instantiating /home/travis/build/icyphy/ptII/ptolemy/actor/lib/jjs/modules/eventbus/test/auto/VertxEventBus1.xml
    [junit] JSAccessor: PT_NO_NET environment variable is set, so git pull and ptdoc are not being run.
    [junit] 4777 ms. Memory: 399872K Free: 172199K (43%)
    [junit] ----------------- Invoking toplevel() on ptolemy.moml.MoMLSimpleApplication@3d2e704
    [junit] ----------------- Done invoking toplevel() on ptolemy.moml.MoMLSimpleApplication@3d2e704
    [junit] reloadAllAccessors: .VertxEventBus1
    [junit] This is the first time that the reloadAllAccessors method has been invoked in this JVM, so the the accessors repo will be checked out or updated and JSDoc invoked. Note that running the tests may end up invoking a new JVM for each directory, so the repo may be checked out or updated and JSDoc invoked more than once when the tests are run.
    [junit] -------------- Reloaded accessors, but skipping rerun for now. Thu Sep 06 01:50:19 UTC 2018 /home/travis/build/icyphy/ptII/ptolemy/actor/lib/jjs/modules/eventbus/test/auto/VertxEventBus1.xml
    [junit] 
    [junit] ===========================================================================================
    [junit] ----------------- testing Thu Sep 06 01:50:19 UTC 2018 /home/travis/build/icyphy/ptII/ptolemy/actor/lib/jjs/modules/eventbus/test/auto/VertxEventBus2.xml
    [junit] ----------------- Thu Sep 06 01:50:19 UTC 2018 About to sleep for 5.0 seconds before running or rerunning.  Test is: /home/travis/build/icyphy/ptII/ptolemy/actor/lib/jjs/modules/eventbus/test/auto/VertxEventBus2.xml
    [junit] Done sleeping
    [junit] ----------------- Instantiating /home/travis/build/icyphy/ptII/ptolemy/actor/lib/jjs/modules/eventbus/test/auto/VertxEventBus2.xml
    [junit] 5243 ms. Memory: 752640K Free: 543147K (72%)
    [junit] ----------------- Invoking toplevel() on ptolemy.moml.MoMLSimpleApplication@4f67c4a3
    [junit] ----------------- Done invoking toplevel() on ptolemy.moml.MoMLSimpleApplication@4f67c4a3
    [junit] reloadAllAccessors: .VertxEventBus2
    [junit] -------------- Reloaded accessors, but skipping rerun for now. Thu Sep 06 01:50:34 UTC 2018 /home/travis/build/icyphy/ptII/ptolemy/actor/lib/jjs/modules/eventbus/test/auto/VertxEventBus2.xml
    [junit] 
    [junit] ===========================================================================================
    [junit] ----------------- testing Thu Sep 06 01:50:34 UTC 2018 /home/travis/build/icyphy/ptII/ptolemy/actor/lib/jjs/modules/eventbus/test/auto/VertxEventBus3.xml
    [junit] ----------------- Thu Sep 06 01:50:34 UTC 2018 About to sleep for 5.0 seconds before running or rerunning.  Test is: /home/travis/build/icyphy/ptII/ptolemy/actor/lib/jjs/modules/eventbus/test/auto/VertxEventBus3.xml
    [junit] Done sleeping
    [junit] ----------------- Instantiating /home/travis/build/icyphy/ptII/ptolemy/actor/lib/jjs/modules/eventbus/test/auto/VertxEventBus3.xml
    [junit] 4620 ms. Memory: 974848K Free: 385452K (40%)
    [junit] ----------------- Invoking toplevel() on ptolemy.moml.MoMLSimpleApplication@1b6295ab
    [junit] ----------------- Done invoking toplevel() on ptolemy.moml.MoMLSimpleApplication@1b6295ab
    [junit] reloadAllAccessors: .VertxEventBus3
    [junit] -------------- Reloaded accessors, but skipping rerun for now. Thu Sep 06 01:50:47 UTC 2018 /home/travis/build/icyphy/ptII/ptolemy/actor/lib/jjs/modules/eventbus/test/auto/VertxEventBus3.xml
    [junit] 
    [junit] ===========================================================================================
    [junit] ----------------- testing Thu Sep 06 01:50:47 UTC 2018 /home/travis/build/icyphy/ptII/ptolemy/actor/lib/jjs/modules/eventbus/test/auto/VertxEventBus4.xml
    [junit] ----------------- Thu Sep 06 01:50:47 UTC 2018 About to sleep for 5.0 seconds before running or rerunning.  Test is: /home/travis/build/icyphy/ptII/ptolemy/actor/lib/jjs/modules/eventbus/test/auto/VertxEventBus4.xml
    [junit] Done sleeping
    [junit] ----------------- Instantiating /home/travis/build/icyphy/ptII/ptolemy/actor/lib/jjs/modules/eventbus/test/auto/VertxEventBus4.xml
    [junit] 6488 ms. Memory: 1475584K Free: 1036124K (70%)
    [junit] ----------------- Invoking toplevel() on ptolemy.moml.MoMLSimpleApplication@73bd32a9
    [junit] ----------------- Done invoking toplevel() on ptolemy.moml.MoMLSimpleApplication@73bd32a9
    [junit] reloadAllAccessors: .VertxEventBus4
    [junit] -------------- Reloaded accessors, but skipping rerun for now. Thu Sep 06 01:51:04 UTC 2018 /home/travis/build/icyphy/ptII/ptolemy/actor/lib/jjs/modules/eventbus/test/auto/VertxEventBus4.xml
    [junit] AutoTests.java: About to close Vertx.
    [junit] AutoTests.java: Vertx closed.
    [junit] 
    [junit] javachdir: directory = ptolemy/actor/lib/jjs/modules/faceDetector/test
    [junit] javachdir: pwd: /home/travis/build/icyphy/ptII/ptolemy/actor/lib/jjs/modules/faceDetector/test  Invoking with -Djava.net.preferIPv4Stack=true
    [junit] Running ptolemy.actor.lib.jjs.modules.faceDetector.test.junit.JUnitTclTest
    [junit] No tcl tests in /home/travis/build/icyphy/ptII/ptolemy/actor/lib/jjs/modules/faceDetector/test
    [junit] No auto/knownFailedTests/*.xml tests in /home/travis/build/icyphy/ptII/ptolemy/actor/lib/jjs/modules/faceDetector/test
    [junit] No auto/linux-amd64/*.xml tests in /home/travis/build/icyphy/ptII/ptolemy/actor/lib/jjs/modules/faceDetector/test
    [junit] AutoTests.java: About to close Vertx.
    [junit] AutoTests.java: Vertx closed.
    [junit] 
    [junit] ===========================================================================================
    [junit] ----------------- testing Thu Sep 06 01:51:05 UTC 2018 /home/travis/build/icyphy/ptII/ptolemy/actor/lib/jjs/modules/faceDetector/test/auto/TestFaceDetector.xml
    [junit] ----------------- Thu Sep 06 01:51:05 UTC 2018 About to sleep for 5.0 seconds before running or rerunning.  Test is: /home/travis/build/icyphy/ptII/ptolemy/actor/lib/jjs/modules/faceDetector/test/auto/TestFaceDetector.xml
    [junit] Done sleeping
    [junit] ----------------- Instantiating /home/travis/build/icyphy/ptII/ptolemy/actor/lib/jjs/modules/faceDetector/test/auto/TestFaceDetector.xml
    [junit] JSAccessor: PT_NO_NET environment variable is set, so git pull and ptdoc are not being run.
    [junit] libdc1394 error: Failed to initialize libdc1394
    [junit] 7214 ms. Memory: 408064K Free: 211422K (52%)
    [junit] ----------------- Invoking toplevel() on ptolemy.moml.MoMLSimpleApplication@13593647
    [junit] ----------------- Done invoking toplevel() on ptolemy.moml.MoMLSimpleApplication@13593647
    [junit] reloadAllAccessors: .TestFaceDetector
    [junit] This is the first time that the reloadAllAccessors method has been invoked in this JVM, so the the accessors repo will be checked out or updated and JSDoc invoked. Note that running the tests may end up invoking a new JVM for each directory, so the repo may be checked out or updated and JSDoc invoked more than once when the tests are run.
    [junit] -------------- Reloaded accessors, but skipping rerun for now. Thu Sep 06 01:51:26 UTC 2018 /home/travis/build/icyphy/ptII/ptolemy/actor/lib/jjs/modules/faceDetector/test/auto/TestFaceDetector.xml
    [junit] AutoTests.java: About to close Vertx.
    [junit] AutoTests.java: Vertx closed.
    [junit] Tests run: 4, Failures: 0, Errors: 0, Skipped: 0, Time elapsed: 21.843 sec
    [junit] Output:
    [junit] No tcl tests in /home/travis/build/icyphy/ptII/ptolemy/actor/lib/jjs/modules/faceDetector/test
    [junit] No auto/knownFailedTests/*.xml tests in /home/travis/build/icyphy/ptII/ptolemy/actor/lib/jjs/modules/faceDetector/test
    [junit] No auto/linux-amd64/*.xml tests in /home/travis/build/icyphy/ptII/ptolemy/actor/lib/jjs/modules/faceDetector/test
    [junit] AutoTests.java: About to close Vertx.
    [junit] AutoTests.java: Vertx closed.
    [junit] 
    [junit] ===========================================================================================
    [junit] ----------------- testing Thu Sep 06 01:51:05 UTC 2018 /home/travis/build/icyphy/ptII/ptolemy/actor/lib/jjs/modules/faceDetector/test/auto/TestFaceDetector.xml
    [junit] ----------------- Thu Sep 06 01:51:05 UTC 2018 About to sleep for 5.0 seconds before running or rerunning.  Test is: /home/travis/build/icyphy/ptII/ptolemy/actor/lib/jjs/modules/faceDetector/test/auto/TestFaceDetector.xml
    [junit] Done sleeping
    [junit] ----------------- Instantiating /home/travis/build/icyphy/ptII/ptolemy/actor/lib/jjs/modules/faceDetector/test/auto/TestFaceDetector.xml
    [junit] JSAccessor: PT_NO_NET environment variable is set, so git pull and ptdoc are not being run.
    [junit] 7214 ms. Memory: 408064K Free: 211422K (52%)
    [junit] ----------------- Invoking toplevel() on ptolemy.moml.MoMLSimpleApplication@13593647
    [junit] ----------------- Done invoking toplevel() on ptolemy.moml.MoMLSimpleApplication@13593647
    [junit] reloadAllAccessors: .TestFaceDetector
    [junit] This is the first time that the reloadAllAccessors method has been invoked in this JVM, so the the accessors repo will be checked out or updated and JSDoc invoked. Note that running the tests may end up invoking a new JVM for each directory, so the repo may be checked out or updated and JSDoc invoked more than once when the tests are run.
    [junit] -------------- Reloaded accessors, but skipping rerun for now. Thu Sep 06 01:51:26 UTC 2018 /home/travis/build/icyphy/ptII/ptolemy/actor/lib/jjs/modules/faceDetector/test/auto/TestFaceDetector.xml
    [junit] AutoTests.java: About to close Vertx.
    [junit] AutoTests.java: Vertx closed.
    [junit] 
    [junit] javachdir: directory = ptolemy/actor/lib/jjs/modules/httpClient/test
    [junit] javachdir: pwd: /home/travis/build/icyphy/ptII/ptolemy/actor/lib/jjs/modules/httpClient/test  Invoking with -Djava.net.preferIPv4Stack=true
    [junit] Running ptolemy.actor.lib.jjs.modules.httpClient.test.junit.JUnitTclTest
    [junit] No tcl tests in /home/travis/build/icyphy/ptII/ptolemy/actor/lib/jjs/modules/httpClient/test
    [junit] No auto/knownFailedTests/*.xml tests in /home/travis/build/icyphy/ptII/ptolemy/actor/lib/jjs/modules/httpClient/test
    [junit] No auto/linux-amd64/*.xml tests in /home/travis/build/icyphy/ptII/ptolemy/actor/lib/jjs/modules/httpClient/test
    [junit] AutoTests.java: About to close Vertx.
    [junit] AutoTests.java: Vertx closed.
    [junit] 
    [junit] ===========================================================================================
    [junit] ----------------- testing Thu Sep 06 01:51:27 UTC 2018 /home/travis/build/icyphy/ptII/ptolemy/actor/lib/jjs/modules/httpClient/test/auto/GeoCoderWeather.xml
    [junit] ----------------- Thu Sep 06 01:51:27 UTC 2018 About to sleep for 5.0 seconds before running or rerunning.  Test is: /home/travis/build/icyphy/ptII/ptolemy/actor/lib/jjs/modules/httpClient/test/auto/GeoCoderWeather.xml
    [junit] Done sleeping
    [junit] ----------------- Instantiating /home/travis/build/icyphy/ptII/ptolemy/actor/lib/jjs/modules/httpClient/test/auto/GeoCoderWeather.xml
    [junit] JSAccessor: PT_NO_NET environment variable is set, so git pull and ptdoc are not being run.
    [junit] GeoCoder: Making an HTTP request. (Thread[GeoCoderWeather,1,main])
    [junit] true
    [junit] Weather: Making an HTTP request. (Thread[GeoCoderWeather,1,main])
    [junit] true
    [junit] 10905 ms. Memory: 696320K Free: 437602K (63%)
    [junit] ----------------- Invoking toplevel() on ptolemy.moml.MoMLSimpleApplication@18021d2d
    [junit] ----------------- Done invoking toplevel() on ptolemy.moml.MoMLSimpleApplication@18021d2d
    [junit] reloadAllAccessors: .GeoCoderWeather
    [junit] This is the first time that the reloadAllAccessors method has been invoked in this JVM, so the the accessors repo will be checked out or updated and JSDoc invoked. Note that running the tests may end up invoking a new JVM for each directory, so the repo may be checked out or updated and JSDoc invoked more than once when the tests are run.
    [junit] WARNING: GeoCoder: Model stopped before executing actions (e.g. producing outputs) scheduled for execution at times [11.0]
    [junit] WARNING: Weather: Model stopped before executing actions (e.g. producing outputs) scheduled for execution at times [12.325000000000001]
    [junit] -------------- Reloaded accessors, but skipping rerun for now. Thu Sep 06 01:51:55 UTC 2018 /home/travis/build/icyphy/ptII/ptolemy/actor/lib/jjs/modules/httpClient/test/auto/GeoCoderWeather.xml
    [junit] 
    [junit] ===========================================================================================
    [junit] ----------------- *** Skipping testing of /home/travis/build/icyphy/ptII/ptolemy/actor/lib/jjs/modules/httpClient/test/auto/RESTComposite.xml because it does fails under Travis.  To updated this list, edit ptolemy/util/test/junit/AutoTests.java
    [junit] 
    [junit] ===========================================================================================
    [junit] ----------------- *** Skipping testing of /home/travis/build/icyphy/ptII/ptolemy/actor/lib/jjs/modules/httpClient/test/auto/RESTGet.xml because it does fails under Travis.  To updated this list, edit ptolemy/util/test/junit/AutoTests.java
    [junit] 
    [junit] ===========================================================================================
    [junit] ----------------- *** Skipping testing of /home/travis/build/icyphy/ptII/ptolemy/actor/lib/jjs/modules/httpClient/test/auto/RESTGetCompleteResponseOnly.xml because it does fails under Travis.  To updated this list, edit ptolemy/util/test/junit/AutoTests.java
    [junit] 
    [junit] ===========================================================================================
    [junit] ----------------- *** Skipping testing of /home/travis/build/icyphy/ptII/ptolemy/actor/lib/jjs/modules/httpClient/test/auto/RESTPost.xml because it does fails under Travis.  To updated this list, edit ptolemy/util/test/junit/AutoTests.java
    [junit] 
    [junit] ===========================================================================================
    [junit] ----------------- *** Skipping testing of /home/travis/build/icyphy/ptII/ptolemy/actor/lib/jjs/modules/httpClient/test/auto/RESTPostDataTypes.xml because it does fails under Travis.  To updated this list, edit ptolemy/util/test/junit/AutoTests.java
    [junit] 
    [junit] ===========================================================================================
    [junit] ----------------- *** Skipping testing of /home/travis/build/icyphy/ptII/ptolemy/actor/lib/jjs/modules/httpClient/test/auto/RESTPut.xml because it does fails under Travis.  To updated this list, edit ptolemy/util/test/junit/AutoTests.java
    [junit] 
    [junit] ===========================================================================================
    [junit] ----------------- *** Skipping testing of /home/travis/build/icyphy/ptII/ptolemy/actor/lib/jjs/modules/httpClient/test/auto/RESTReceiveImage.xml because it does fails under Travis.  To updated this list, edit ptolemy/util/test/junit/AutoTests.java
    [junit] 
    [junit] ===========================================================================================
    [junit] ----------------- *** Skipping testing of /home/travis/build/icyphy/ptII/ptolemy/actor/lib/jjs/modules/httpClient/test/auto/RESTSendImage.xml because it does fails under Travis.  To updated this list, edit ptolemy/util/test/junit/AutoTests.java
    [junit] 
    [junit] ===========================================================================================
    [junit] ----------------- *** Skipping testing of /home/travis/build/icyphy/ptII/ptolemy/actor/lib/jjs/modules/httpClient/test/auto/RESTStringURL.xml because it does fails under Travis.  To updated this list, edit ptolemy/util/test/junit/AutoTests.java
    [junit] 
    [junit] ===========================================================================================
    [junit] ----------------- *** Skipping testing of /home/travis/build/icyphy/ptII/ptolemy/actor/lib/jjs/modules/httpClient/test/auto/RESTTimeout.xml because it does fails under Travis.  To updated this list, edit ptolemy/util/test/junit/AutoTests.java
    [junit] 
    [junit] ===========================================================================================
    [junit] ----------------- testing Thu Sep 06 01:51:55 UTC 2018 /home/travis/build/icyphy/ptII/ptolemy/actor/lib/jjs/modules/httpClient/test/auto/RESTWithTimeout.xml
    [junit] ----------------- Thu Sep 06 01:51:55 UTC 2018 About to sleep for 5.0 seconds before running or rerunning.  Test is: /home/travis/build/icyphy/ptII/ptolemy/actor/lib/jjs/modules/httpClient/test/auto/RESTWithTimeout.xml
    [junit] Done sleeping
    [junit] ----------------- Instantiating /home/travis/build/icyphy/ptII/ptolemy/actor/lib/jjs/modules/httpClient/test/auto/RESTWithTimeout.xml
    [junit] REST: Making an HTTP request. (Thread[RESTWithTimeout,1,main])
    [junit] 1153 ms. Memory: 701440K Free: 66348K (9%)
    [junit] ----------------- Invoking toplevel() on ptolemy.moml.MoMLSimpleApplication@496f2ed6
    [junit] ----------------- Done invoking toplevel() on ptolemy.moml.MoMLSimpleApplication@496f2ed6
    [junit] reloadAllAccessors: .RESTWithTimeout
    [junit] -------------- Reloaded accessors, but skipping rerun for now. Thu Sep 06 01:52:02 UTC 2018 /home/travis/build/icyphy/ptII/ptolemy/actor/lib/jjs/modules/httpClient/test/auto/RESTWithTimeout.xml
    [junit] AutoTests.java: About to close Vertx.
    [junit] AutoTests.java: Vertx closed.
    [junit] Tests run: 15, Failures: 0, Errors: 0, Skipped: 0, Time elapsed: 35.514 sec
    [junit] Output:
    [junit] No tcl tests in /home/travis/build/icyphy/ptII/ptolemy/actor/lib/jjs/modules/httpClient/test
    [junit] No auto/knownFailedTests/*.xml tests in /home/travis/build/icyphy/ptII/ptolemy/actor/lib/jjs/modules/httpClient/test
    [junit] No auto/linux-amd64/*.xml tests in /home/travis/build/icyphy/ptII/ptolemy/actor/lib/jjs/modules/httpClient/test
    [junit] AutoTests.java: About to close Vertx.
    [junit] AutoTests.java: Vertx closed.
    [junit] 
    [junit] ===========================================================================================
    [junit] ----------------- testing Thu Sep 06 01:51:27 UTC 2018 /home/travis/build/icyphy/ptII/ptolemy/actor/lib/jjs/modules/httpClient/test/auto/GeoCoderWeather.xml
    [junit] ----------------- Thu Sep 06 01:51:27 UTC 2018 About to sleep for 5.0 seconds before running or rerunning.  Test is: /home/travis/build/icyphy/ptII/ptolemy/actor/lib/jjs/modules/httpClient/test/auto/GeoCoderWeather.xml
    [junit] Done sleeping
    [junit] ----------------- Instantiating /home/travis/build/icyphy/ptII/ptolemy/actor/lib/jjs/modules/httpClient/test/auto/GeoCoderWeather.xml
    [junit] JSAccessor: PT_NO_NET environment variable is set, so git pull and ptdoc are not being run.
    [junit] GeoCoder: Making an HTTP request. (Thread[GeoCoderWeather,1,main])
    [junit] true
    [junit] Weather: Making an HTTP request. (Thread[GeoCoderWeather,1,main])
    [junit] true
    [junit] 10905 ms. Memory: 696320K Free: 437602K (63%)
    [junit] ----------------- Invoking toplevel() on ptolemy.moml.MoMLSimpleApplication@18021d2d
    [junit] ----------------- Done invoking toplevel() on ptolemy.moml.MoMLSimpleApplication@18021d2d
    [junit] reloadAllAccessors: .GeoCoderWeather
    [junit] This is the first time that the reloadAllAccessors method has been invoked in this JVM, so the the accessors repo will be checked out or updated and JSDoc invoked. Note that running the tests may end up invoking a new JVM for each directory, so the repo may be checked out or updated and JSDoc invoked more than once when the tests are run.
    [junit] -------------- Reloaded accessors, but skipping rerun for now. Thu Sep 06 01:51:55 UTC 2018 /home/travis/build/icyphy/ptII/ptolemy/actor/lib/jjs/modules/httpClient/test/auto/GeoCoderWeather.xml
    [junit] 
    [junit] ===========================================================================================
    [junit] ----------------- *** Skipping testing of /home/travis/build/icyphy/ptII/ptolemy/actor/lib/jjs/modules/httpClient/test/auto/RESTComposite.xml because it does fails under Travis.  To updated this list, edit ptolemy/util/test/junit/AutoTests.java
    [junit] 
    [junit] ===========================================================================================
    [junit] ----------------- *** Skipping testing of /home/travis/build/icyphy/ptII/ptolemy/actor/lib/jjs/modules/httpClient/test/auto/RESTGet.xml because it does fails under Travis.  To updated this list, edit ptolemy/util/test/junit/AutoTests.java
    [junit] 
    [junit] ===========================================================================================
    [junit] ----------------- *** Skipping testing of /home/travis/build/icyphy/ptII/ptolemy/actor/lib/jjs/modules/httpClient/test/auto/RESTGetCompleteResponseOnly.xml because it does fails under Travis.  To updated this list, edit ptolemy/util/test/junit/AutoTests.java
    [junit] 
    [junit] ===========================================================================================
    [junit] ----------------- *** Skipping testing of /home/travis/build/icyphy/ptII/ptolemy/actor/lib/jjs/modules/httpClient/test/auto/RESTPost.xml because it does fails under Travis.  To updated this list, edit ptolemy/util/test/junit/AutoTests.java
    [junit] 
    [junit] ===========================================================================================
    [junit] ----------------- *** Skipping testing of /home/travis/build/icyphy/ptII/ptolemy/actor/lib/jjs/modules/httpClient/test/auto/RESTPostDataTypes.xml because it does fails under Travis.  To updated this list, edit ptolemy/util/test/junit/AutoTests.java
    [junit] 
    [junit] ===========================================================================================
    [junit] ----------------- *** Skipping testing of /home/travis/build/icyphy/ptII/ptolemy/actor/lib/jjs/modules/httpClient/test/auto/RESTPut.xml because it does fails under Travis.  To updated this list, edit ptolemy/util/test/junit/AutoTests.java
    [junit] 
    [junit] ===========================================================================================
    [junit] ----------------- *** Skipping testing of /home/travis/build/icyphy/ptII/ptolemy/actor/lib/jjs/modules/httpClient/test/auto/RESTReceiveImage.xml because it does fails under Travis.  To updated this list, edit ptolemy/util/test/junit/AutoTests.java
    [junit] 
    [junit] ===========================================================================================
    [junit] ----------------- *** Skipping testing of /home/travis/build/icyphy/ptII/ptolemy/actor/lib/jjs/modules/httpClient/test/auto/RESTSendImage.xml because it does fails under Travis.  To updated this list, edit ptolemy/util/test/junit/AutoTests.java
    [junit] 
    [junit] ===========================================================================================
    [junit] ----------------- *** Skipping testing of /home/travis/build/icyphy/ptII/ptolemy/actor/lib/jjs/modules/httpClient/test/auto/RESTStringURL.xml because it does fails under Travis.  To updated this list, edit ptolemy/util/test/junit/AutoTests.java
    [junit] 
    [junit] ===========================================================================================
    [junit] ----------------- *** Skipping testing of /home/travis/build/icyphy/ptII/ptolemy/actor/lib/jjs/modules/httpClient/test/auto/RESTTimeout.xml because it does fails under Travis.  To updated this list, edit ptolemy/util/test/junit/AutoTests.java
    [junit] 
    [junit] ===========================================================================================
    [junit] ----------------- testing Thu Sep 06 01:51:55 UTC 2018 /home/travis/build/icyphy/ptII/ptolemy/actor/lib/jjs/modules/httpClient/test/auto/RESTWithTimeout.xml
    [junit] ----------------- Thu Sep 06 01:51:55 UTC 2018 About to sleep for 5.0 seconds before running or rerunning.  Test is: /home/travis/build/icyphy/ptII/ptolemy/actor/lib/jjs/modules/httpClient/test/auto/RESTWithTimeout.xml
    [junit] Done sleeping
    [junit] ----------------- Instantiating /home/travis/build/icyphy/ptII/ptolemy/actor/lib/jjs/modules/httpClient/test/auto/RESTWithTimeout.xml
    [junit] REST: Making an HTTP request. (Thread[RESTWithTimeout,1,main])
    [junit] 1153 ms. Memory: 701440K Free: 66348K (9%)
    [junit] ----------------- Invoking toplevel() on ptolemy.moml.MoMLSimpleApplication@496f2ed6
    [junit] ----------------- Done invoking toplevel() on ptolemy.moml.MoMLSimpleApplication@496f2ed6
    [junit] reloadAllAccessors: .RESTWithTimeout
    [junit] -------------- Reloaded accessors, but skipping rerun for now. Thu Sep 06 01:52:02 UTC 2018 /home/travis/build/icyphy/ptII/ptolemy/actor/lib/jjs/modules/httpClient/test/auto/RESTWithTimeout.xml
    [junit] AutoTests.java: About to close Vertx.
    [junit] AutoTests.java: Vertx closed.
    [junit] 
    [junit] Error: 
    [junit] WARNING: GeoCoder: Model stopped before executing actions (e.g. producing outputs) scheduled for execution at times [11.0]
    [junit] WARNING: Weather: Model stopped before executing actions (e.g. producing outputs) scheduled for execution at times [12.325000000000001]
    [junit] 
    [junit] javachdir: directory = ptolemy/actor/lib/jjs/modules/httpServer/test
    [junit] javachdir: pwd: /home/travis/build/icyphy/ptII/ptolemy/actor/lib/jjs/modules/httpServer/test  Invoking with -Djava.net.preferIPv4Stack=true
    [junit] Running ptolemy.actor.lib.jjs.modules.httpServer.test.junit.JUnitTclTest
    [junit] No tcl tests in /home/travis/build/icyphy/ptII/ptolemy/actor/lib/jjs/modules/httpServer/test
    [junit] No auto/knownFailedTests/*.xml tests in /home/travis/build/icyphy/ptII/ptolemy/actor/lib/jjs/modules/httpServer/test
    [junit] No auto/linux-amd64/*.xml tests in /home/travis/build/icyphy/ptII/ptolemy/actor/lib/jjs/modules/httpServer/test
    [junit] AutoTests.java: About to close Vertx.
    [junit] AutoTests.java: Vertx closed.
    [junit] 
    [junit] ===========================================================================================
    [junit] ----------------- *** Skipping testing of /home/travis/build/icyphy/ptII/ptolemy/actor/lib/jjs/modules/httpServer/test/auto/KeyValueStoreClient.xml because it does fails under Travis.  To updated this list, edit ptolemy/util/test/junit/AutoTests.java
    [junit] 
    [junit] ===========================================================================================
    [junit] ----------------- testing Thu Sep 06 01:52:03 UTC 2018 /home/travis/build/icyphy/ptII/ptolemy/actor/lib/jjs/modules/httpServer/test/auto/WebServer.xml
    [junit] ----------------- Thu Sep 06 01:52:03 UTC 2018 About to sleep for 5.0 seconds before running or rerunning.  Test is: /home/travis/build/icyphy/ptII/ptolemy/actor/lib/jjs/modules/httpServer/test/auto/WebServer.xml
    [junit] Done sleeping
    [junit] ----------------- Instantiating /home/travis/build/icyphy/ptII/ptolemy/actor/lib/jjs/modules/httpServer/test/auto/WebServer.xml
    [junit] JSAccessor: PT_NO_NET environment variable is set, so git pull and ptdoc are not being run.
    [junit] WebServer: WebServer: Creating new server. (Thread[WebServer,1,main])
    [junit] WebServer: WebServer: Listening for requests. (Thread[vert.x-eventloop-thread-0,1,main])
    [junit] Manager.initialize() finished: 11524 ms. Memory: 853504K Free: 776580K (91%)
    [junit] REST: Making an HTTP request. (Thread[WebServer,1,main])
    [junit] WebServer: Server received request. (Thread[WebServer,1,main])
    [junit] true
    [junit] WARNING: WebServer: Model stopped before executing actions (e.g. producing outputs) scheduled for execution at times [11.271]
    [junit] WARNING: REST: Model stopped before executing actions (e.g. producing outputs) scheduled for execution at times [29.0]
    [junit] WebServer: WebServer: Stopping the server. (Thread[WebServer,1,main])
    [junit] WARNING: JavaScriptBarrier: Model stopped before executing actions (e.g. producing outputs) scheduled for execution at times [18.0]
    [junit] 13196 ms. Memory: 853504K Free: 689570K (81%)
    [junit] ----------------- Invoking toplevel() on ptolemy.moml.MoMLSimpleApplication@571e6071
    [junit] ----------------- Done invoking toplevel() on ptolemy.moml.MoMLSimpleApplication@571e6071
    [junit] reloadAllAccessors: .WebServer
    [junit] This is the first time that the reloadAllAccessors method has been invoked in this JVM, so the the accessors repo will be checked out or updated and JSDoc invoked. Note that running the tests may end up invoking a new JVM for each directory, so the repo may be checked out or updated and JSDoc invoked more than once when the tests are run.
    [junit] -------------- Reloaded accessors, but skipping rerun for now. Thu Sep 06 01:52:36 UTC 2018 /home/travis/build/icyphy/ptII/ptolemy/actor/lib/jjs/modules/httpServer/test/auto/WebServer.xml
    [junit] 
    [junit] ===========================================================================================
    [junit] ----------------- *** Skipping testing of /home/travis/build/icyphy/ptII/ptolemy/actor/lib/jjs/modules/httpServer/test/auto/WebServerBasic.xml because it does fails under Travis.  To updated this list, edit ptolemy/util/test/junit/AutoTests.java
    [junit] 
    [junit] ===========================================================================================
    [junit] ----------------- *** Skipping testing of /home/travis/build/icyphy/ptII/ptolemy/actor/lib/jjs/modules/httpServer/test/auto/WebServerTimeout.xml because it does fails under Travis.  To updated this list, edit ptolemy/util/test/junit/AutoTests.java
    [junit] AutoTests.java: About to close Vertx.
    [junit] AutoTests.java: Vertx closed.
    [junit] Tests run: 7, Failures: 0, Errors: 0, Skipped: 0, Time elapsed: 33.24 sec
    [junit] Output:
    [junit] No tcl tests in /home/travis/build/icyphy/ptII/ptolemy/actor/lib/jjs/modules/httpServer/test
    [junit] No auto/knownFailedTests/*.xml tests in /home/travis/build/icyphy/ptII/ptolemy/actor/lib/jjs/modules/httpServer/test
    [junit] No auto/linux-amd64/*.xml tests in /home/travis/build/icyphy/ptII/ptolemy/actor/lib/jjs/modules/httpServer/test
    [junit] AutoTests.java: About to close Vertx.
    [junit] AutoTests.java: Vertx closed.
    [junit] 
    [junit] ===========================================================================================
    [junit] ----------------- *** Skipping testing of /home/travis/build/icyphy/ptII/ptolemy/actor/lib/jjs/modules/httpServer/test/auto/KeyValueStoreClient.xml because it does fails under Travis.  To updated this list, edit ptolemy/util/test/junit/AutoTests.java
    [junit] 
    [junit] ===========================================================================================
    [junit] ----------------- testing Thu Sep 06 01:52:03 UTC 2018 /home/travis/build/icyphy/ptII/ptolemy/actor/lib/jjs/modules/httpServer/test/auto/WebServer.xml
    [junit] ----------------- Thu Sep 06 01:52:03 UTC 2018 About to sleep for 5.0 seconds before running or rerunning.  Test is: /home/travis/build/icyphy/ptII/ptolemy/actor/lib/jjs/modules/httpServer/test/auto/WebServer.xml
    [junit] Done sleeping
    [junit] ----------------- Instantiating /home/travis/build/icyphy/ptII/ptolemy/actor/lib/jjs/modules/httpServer/test/auto/WebServer.xml
    [junit] JSAccessor: PT_NO_NET environment variable is set, so git pull and ptdoc are not being run.
    [junit] WebServer: WebServer: Creating new server. (Thread[WebServer,1,main])
    [junit] WebServer: WebServer: Listening for requests. (Thread[vert.x-eventloop-thread-0,1,main])
    [junit] Manager.initialize() finished: 11524 ms. Memory: 853504K Free: 776580K (91%)
    [junit] REST: Making an HTTP request. (Thread[WebServer,1,main])
    [junit] WebServer: Server received request. (Thread[WebServer,1,main])
    [junit] true
    [junit] WebServer: WebServer: Stopping the server. (Thread[WebServer,1,main])
    [junit] 13196 ms. Memory: 853504K Free: 689570K (81%)
    [junit] ----------------- Invoking toplevel() on ptolemy.moml.MoMLSimpleApplication@571e6071
    [junit] ----------------- Done invoking toplevel() on ptolemy.moml.MoMLSimpleApplication@571e6071
    [junit] reloadAllAccessors: .WebServer
    [junit] This is the first time that the reloadAllAccessors method has been invoked in this JVM, so the the accessors repo will be checked out or updated and JSDoc invoked. Note that running the tests may end up invoking a new JVM for each directory, so the repo may be checked out or updated and JSDoc invoked more than once when the tests are run.
    [junit] -------------- Reloaded accessors, but skipping rerun for now. Thu Sep 06 01:52:36 UTC 2018 /home/travis/build/icyphy/ptII/ptolemy/actor/lib/jjs/modules/httpServer/test/auto/WebServer.xml
    [junit] 
    [junit] ===========================================================================================
    [junit] ----------------- *** Skipping testing of /home/travis/build/icyphy/ptII/ptolemy/actor/lib/jjs/modules/httpServer/test/auto/WebServerBasic.xml because it does fails under Travis.  To updated this list, edit ptolemy/util/test/junit/AutoTests.java
    [junit] 
    [junit] ===========================================================================================
    [junit] ----------------- *** Skipping testing of /home/travis/build/icyphy/ptII/ptolemy/actor/lib/jjs/modules/httpServer/test/auto/WebServerTimeout.xml because it does fails under Travis.  To updated this list, edit ptolemy/util/test/junit/AutoTests.java
    [junit] AutoTests.java: About to close Vertx.
    [junit] AutoTests.java: Vertx closed.
    [junit] 
    [junit] Error: 
    [junit] WARNING: WebServer: Model stopped before executing actions (e.g. producing outputs) scheduled for execution at times [11.271]
    [junit] WARNING: REST: Model stopped before executing actions (e.g. producing outputs) scheduled for execution at times [29.0]
    [junit] WARNING: JavaScriptBarrier: Model stopped before executing actions (e.g. producing outputs) scheduled for execution at times [18.0]
    [junit] 
    [junit] javachdir: directory = ptolemy/actor/lib/jjs/modules/mapManager/test
    [junit] javachdir: pwd: /home/travis/build/icyphy/ptII/ptolemy/actor/lib/jjs/modules/mapManager/test  Invoking with -Djava.net.preferIPv4Stack=true
    [junit] Running ptolemy.actor.lib.jjs.modules.mapManager.test.junit.JUnitTclTest
    [junit] No tcl tests in /home/travis/build/icyphy/ptII/ptolemy/actor/lib/jjs/modules/mapManager/test
    [junit] No auto/knownFailedTests/*.xml tests in /home/travis/build/icyphy/ptII/ptolemy/actor/lib/jjs/modules/mapManager/test
    [junit] No auto/linux-amd64/*.xml tests in /home/travis/build/icyphy/ptII/ptolemy/actor/lib/jjs/modules/mapManager/test
    [junit] AutoTests.java: About to close Vertx.
    [junit] AutoTests.java: Vertx closed.
    [junit] 
    [junit] ===========================================================================================
    [junit] ----------------- testing Thu Sep 06 01:52:37 UTC 2018 /home/travis/build/icyphy/ptII/ptolemy/actor/lib/jjs/modules/mapManager/test/auto/createEntity.xml
    [junit] ----------------- Thu Sep 06 01:52:37 UTC 2018 About to sleep for 5.0 seconds before running or rerunning.  Test is: /home/travis/build/icyphy/ptII/ptolemy/actor/lib/jjs/modules/mapManager/test/auto/createEntity.xml
    [junit] Done sleeping
    [junit] ----------------- Instantiating /home/travis/build/icyphy/ptII/ptolemy/actor/lib/jjs/modules/mapManager/test/auto/createEntity.xml
    [junit] 2101 ms. Memory: 215552K Free: 121550K (56%)
    [junit] ----------------- Invoking toplevel() on ptolemy.moml.MoMLSimpleApplication@3bd2f3d4
    [junit] ----------------- Done invoking toplevel() on ptolemy.moml.MoMLSimpleApplication@3bd2f3d4
    [junit] reloadAllAccessors: .createEntity
    [junit] 
    [junit] ===========================================================================================
    [junit] ----------------- testing Thu Sep 06 01:52:48 UTC 2018 /home/travis/build/icyphy/ptII/ptolemy/actor/lib/jjs/modules/mapManager/test/auto/createEntityAliases.xml
    [junit] ----------------- Thu Sep 06 01:52:48 UTC 2018 About to sleep for 5.0 seconds before running or rerunning.  Test is: /home/travis/build/icyphy/ptII/ptolemy/actor/lib/jjs/modules/mapManager/test/auto/createEntityAliases.xml
    [junit] Done sleeping
    [junit] ----------------- Instantiating /home/travis/build/icyphy/ptII/ptolemy/actor/lib/jjs/modules/mapManager/test/auto/createEntityAliases.xml
    [junit] 1345 ms. Memory: 292352K Free: 143885K (49%)
    [junit] ----------------- Invoking toplevel() on ptolemy.moml.MoMLSimpleApplication@2dbfcb06
    [junit] ----------------- Done invoking toplevel() on ptolemy.moml.MoMLSimpleApplication@2dbfcb06
    [junit] reloadAllAccessors: .createEntityAliases
    [junit] 
    [junit] ===========================================================================================
    [junit] ----------------- testing Thu Sep 06 01:52:55 UTC 2018 /home/travis/build/icyphy/ptII/ptolemy/actor/lib/jjs/modules/mapManager/test/auto/createMap.xml
    [junit] ----------------- Thu Sep 06 01:52:55 UTC 2018 About to sleep for 5.0 seconds before running or rerunning.  Test is: /home/travis/build/icyphy/ptII/ptolemy/actor/lib/jjs/modules/mapManager/test/auto/createMap.xml
    [junit] Done sleeping
    [junit] ----------------- Instantiating /home/travis/build/icyphy/ptII/ptolemy/actor/lib/jjs/modules/mapManager/test/auto/createMap.xml
    [junit] 1267 ms. Memory: 419328K Free: 361906K (86%)
    [junit] ----------------- Invoking toplevel() on ptolemy.moml.MoMLSimpleApplication@3b38562
    [junit] ----------------- Done invoking toplevel() on ptolemy.moml.MoMLSimpleApplication@3b38562
    [junit] reloadAllAccessors: .createMap
    [junit] 
    [junit] ===========================================================================================
    [junit] ----------------- testing Thu Sep 06 01:53:02 UTC 2018 /home/travis/build/icyphy/ptII/ptolemy/actor/lib/jjs/modules/mapManager/test/auto/entityOccupancy.xml
    [junit] ----------------- Thu Sep 06 01:53:02 UTC 2018 About to sleep for 5.0 seconds before running or rerunning.  Test is: /home/travis/build/icyphy/ptII/ptolemy/actor/lib/jjs/modules/mapManager/test/auto/entityOccupancy.xml
    [junit] Done sleeping
    [junit] ----------------- Instantiating /home/travis/build/icyphy/ptII/ptolemy/actor/lib/jjs/modules/mapManager/test/auto/entityOccupancy.xml
    [junit] 1340 ms. Memory: 419840K Free: 302348K (72%)
    [junit] ----------------- Invoking toplevel() on ptolemy.moml.MoMLSimpleApplication@7952ec06
    [junit] ----------------- Done invoking toplevel() on ptolemy.moml.MoMLSimpleApplication@7952ec06
    [junit] reloadAllAccessors: .entityOccupancy
    [junit] 
    [junit] ===========================================================================================
    [junit] ----------------- testing Thu Sep 06 01:53:09 UTC 2018 /home/travis/build/icyphy/ptII/ptolemy/actor/lib/jjs/modules/mapManager/test/auto/entityPlacement.xml
    [junit] ----------------- Thu Sep 06 01:53:09 UTC 2018 About to sleep for 5.0 seconds before running or rerunning.  Test is: /home/travis/build/icyphy/ptII/ptolemy/actor/lib/jjs/modules/mapManager/test/auto/entityPlacement.xml
    [junit] Done sleeping
    [junit] ----------------- Instantiating /home/travis/build/icyphy/ptII/ptolemy/actor/lib/jjs/modules/mapManager/test/auto/entityPlacement.xml
    [junit] 1261 ms. Memory: 570880K Free: 394160K (69%)
    [junit] ----------------- Invoking toplevel() on ptolemy.moml.MoMLSimpleApplication@35e6044e
    [junit] ----------------- Done invoking toplevel() on ptolemy.moml.MoMLSimpleApplication@35e6044e
    [junit] reloadAllAccessors: .entityPlacement
    [junit] AutoTests.java: About to close Vertx.
    [junit] AutoTests.java: Vertx closed.
    [junit] Tests run: 8, Failures: 0, Errors: 0, Skipped: 0, Time elapsed: 39.677 sec
    [junit] Output:
    [junit] No tcl tests in /home/travis/build/icyphy/ptII/ptolemy/actor/lib/jjs/modules/mapManager/test
    [junit] No auto/knownFailedTests/*.xml tests in /home/travis/build/icyphy/ptII/ptolemy/actor/lib/jjs/modules/mapManager/test
    [junit] No auto/linux-amd64/*.xml tests in /home/travis/build/icyphy/ptII/ptolemy/actor/lib/jjs/modules/mapManager/test
    [junit] AutoTests.java: About to close Vertx.
    [junit] AutoTests.java: Vertx closed.
    [junit] 
    [junit] ===========================================================================================
    [junit] ----------------- testing Thu Sep 06 01:52:37 UTC 2018 /home/travis/build/icyphy/ptII/ptolemy/actor/lib/jjs/modules/mapManager/test/auto/createEntity.xml
    [junit] ----------------- Thu Sep 06 01:52:37 UTC 2018 About to sleep for 5.0 seconds before running or rerunning.  Test is: /home/travis/build/icyphy/ptII/ptolemy/actor/lib/jjs/modules/mapManager/test/auto/createEntity.xml
    [junit] Done sleeping
    [junit] ----------------- Instantiating /home/travis/build/icyphy/ptII/ptolemy/actor/lib/jjs/modules/mapManager/test/auto/createEntity.xml
    [junit] 2101 ms. Memory: 215552K Free: 121550K (56%)
    [junit] ----------------- Invoking toplevel() on ptolemy.moml.MoMLSimpleApplication@3bd2f3d4
    [junit] ----------------- Done invoking toplevel() on ptolemy.moml.MoMLSimpleApplication@3bd2f3d4
    [junit] reloadAllAccessors: .createEntity
    [junit] 
    [junit] ===========================================================================================
    [junit] ----------------- testing Thu Sep 06 01:52:48 UTC 2018 /home/travis/build/icyphy/ptII/ptolemy/actor/lib/jjs/modules/mapManager/test/auto/createEntityAliases.xml
    [junit] ----------------- Thu Sep 06 01:52:48 UTC 2018 About to sleep for 5.0 seconds before running or rerunning.  Test is: /home/travis/build/icyphy/ptII/ptolemy/actor/lib/jjs/modules/mapManager/test/auto/createEntityAliases.xml
    [junit] Done sleeping
    [junit] ----------------- Instantiating /home/travis/build/icyphy/ptII/ptolemy/actor/lib/jjs/modules/mapManager/test/auto/createEntityAliases.xml
    [junit] 1345 ms. Memory: 292352K Free: 143885K (49%)
    [junit] ----------------- Invoking toplevel() on ptolemy.moml.MoMLSimpleApplication@2dbfcb06
    [junit] ----------------- Done invoking toplevel() on ptolemy.moml.MoMLSimpleApplication@2dbfcb06
    [junit] reloadAllAccessors: .createEntityAliases
    [junit] 
    [junit] ===========================================================================================
    [junit] ----------------- testing Thu Sep 06 01:52:55 UTC 2018 /home/travis/build/icyphy/ptII/ptolemy/actor/lib/jjs/modules/mapManager/test/auto/createMap.xml
    [junit] ----------------- Thu Sep 06 01:52:55 UTC 2018 About to sleep for 5.0 seconds before running or rerunning.  Test is: /home/travis/build/icyphy/ptII/ptolemy/actor/lib/jjs/modules/mapManager/test/auto/createMap.xml
    [junit] Done sleeping
    [junit] ----------------- Instantiating /home/travis/build/icyphy/ptII/ptolemy/actor/lib/jjs/modules/mapManager/test/auto/createMap.xml
    [junit] 1267 ms. Memory: 419328K Free: 361906K (86%)
    [junit] ----------------- Invoking toplevel() on ptolemy.moml.MoMLSimpleApplication@3b38562
    [junit] ----------------- Done invoking toplevel() on ptolemy.moml.MoMLSimpleApplication@3b38562
    [junit] reloadAllAccessors: .createMap
    [junit] 
    [junit] ===========================================================================================
    [junit] ----------------- testing Thu Sep 06 01:53:02 UTC 2018 /home/travis/build/icyphy/ptII/ptolemy/actor/lib/jjs/modules/mapManager/test/auto/entityOccupancy.xml
    [junit] ----------------- Thu Sep 06 01:53:02 UTC 2018 About to sleep for 5.0 seconds before running or rerunning.  Test is: /home/travis/build/icyphy/ptII/ptolemy/actor/lib/jjs/modules/mapManager/test/auto/entityOccupancy.xml
    [junit] Done sleeping
    [junit] ----------------- Instantiating /home/travis/build/icyphy/ptII/ptolemy/actor/lib/jjs/modules/mapManager/test/auto/entityOccupancy.xml
    [junit] 1340 ms. Memory: 419840K Free: 302348K (72%)
    [junit] ----------------- Invoking toplevel() on ptolemy.moml.MoMLSimpleApplication@7952ec06
    [junit] ----------------- Done invoking toplevel() on ptolemy.moml.MoMLSimpleApplication@7952ec06
    [junit] reloadAllAccessors: .entityOccupancy
    [junit] 
    [junit] ===========================================================================================
    [junit] ----------------- testing Thu Sep 06 01:53:09 UTC 2018 /home/travis/build/icyphy/ptII/ptolemy/actor/lib/jjs/modules/mapManager/test/auto/entityPlacement.xml
    [junit] ----------------- Thu Sep 06 01:53:09 UTC 2018 About to sleep for 5.0 seconds before running or rerunning.  Test is: /home/travis/build/icyphy/ptII/ptolemy/actor/lib/jjs/modules/mapManager/test/auto/entityPlacement.xml
    [junit] Done sleeping
    [junit] ----------------- Instantiating /home/travis/build/icyphy/ptII/ptolemy/actor/lib/jjs/modules/mapManager/test/auto/entityPlacement.xml
    [junit] 1261 ms. Memory: 570880K Free: 394160K (69%)
    [junit] ----------------- Invoking toplevel() on ptolemy.moml.MoMLSimpleApplication@35e6044e
    [junit] ----------------- Done invoking toplevel() on ptolemy.moml.MoMLSimpleApplication@35e6044e
    [junit] reloadAllAccessors: .entityPlacement
    [junit] AutoTests.java: About to close Vertx.
    [junit] AutoTests.java: Vertx closed.
    [junit] 
    [junit] javachdir: directory = ptolemy/actor/lib/jjs/modules/mqtt/test
    [junit] javachdir: pwd: /home/travis/build/icyphy/ptII/ptolemy/actor/lib/jjs/modules/mqtt/test  Invoking with -Djava.net.preferIPv4Stack=true
    [junit] Running ptolemy.actor.lib.jjs.modules.mqtt.test.junit.JUnitTclTest
    [junit] No tcl tests in /home/travis/build/icyphy/ptII/ptolemy/actor/lib/jjs/modules/mqtt/test
    [junit] No auto/knownFailedTests/*.xml tests in /home/travis/build/icyphy/ptII/ptolemy/actor/lib/jjs/modules/mqtt/test
    [junit] No auto/linux-amd64/*.xml tests in /home/travis/build/icyphy/ptII/ptolemy/actor/lib/jjs/modules/mqtt/test
    [junit] AutoTests.java: About to close Vertx.
    [junit] AutoTests.java: Vertx closed.
    [junit] 
    [junit] ===========================================================================================
    [junit] ----------------- testing Thu Sep 06 01:53:17 UTC 2018 /home/travis/build/icyphy/ptII/ptolemy/actor/lib/jjs/modules/mqtt/test/auto/MQTTPubSub.xml
    [junit] ----------------- Thu Sep 06 01:53:17 UTC 2018 About to sleep for 5.0 seconds before running or rerunning.  Test is: /home/travis/build/icyphy/ptII/ptolemy/actor/lib/jjs/modules/mqtt/test/auto/MQTTPubSub.xml
    [junit] Done sleeping
    [junit] ----------------- Instantiating /home/travis/build/icyphy/ptII/ptolemy/actor/lib/jjs/modules/mqtt/test/auto/MQTTPubSub.xml
    [junit] JSAccessor: PT_NO_NET environment variable is set, so git pull and ptdoc are not being run.
    [junit] 13296 ms. Memory: 308224K Free: 271936K (88%)
    [junit] ----------------- Invoking toplevel() on ptolemy.moml.MoMLSimpleApplication@69a72d63
    [junit] ----------------- Done invoking toplevel() on ptolemy.moml.MoMLSimpleApplication@69a72d63
    [junit] reloadAllAccessors: .MQTTPubSub
    [junit] This is the first time that the reloadAllAccessors method has been invoked in this JVM, so the the accessors repo will be checked out or updated and JSDoc invoked. Note that running the tests may end up invoking a new JVM for each directory, so the repo may be checked out or updated and JSDoc invoked more than once when the tests are run.
    [junit] -------------- Reloaded accessors, but skipping rerun for now. Thu Sep 06 01:53:41 UTC 2018 /home/travis/build/icyphy/ptII/ptolemy/actor/lib/jjs/modules/mqtt/test/auto/MQTTPubSub.xml
    [junit] AutoTests.java: About to close Vertx.
    [junit] AutoTests.java: Vertx closed.
    [junit] Tests run: 4, Failures: 0, Errors: 0, Skipped: 0, Time elapsed: 24.521 sec
    [junit] Output:
    [junit] No tcl tests in /home/travis/build/icyphy/ptII/ptolemy/actor/lib/jjs/modules/mqtt/test
    [junit] No auto/knownFailedTests/*.xml tests in /home/travis/build/icyphy/ptII/ptolemy/actor/lib/jjs/modules/mqtt/test
    [junit] No auto/linux-amd64/*.xml tests in /home/travis/build/icyphy/ptII/ptolemy/actor/lib/jjs/modules/mqtt/test
    [junit] AutoTests.java: About to close Vertx.
    [junit] AutoTests.java: Vertx closed.
    [junit] 
    [junit] ===========================================================================================
    [junit] ----------------- testing Thu Sep 06 01:53:17 UTC 2018 /home/travis/build/icyphy/ptII/ptolemy/actor/lib/jjs/modules/mqtt/test/auto/MQTTPubSub.xml
    [junit] ----------------- Thu Sep 06 01:53:17 UTC 2018 About to sleep for 5.0 seconds before running or rerunning.  Test is: /home/travis/build/icyphy/ptII/ptolemy/actor/lib/jjs/modules/mqtt/test/auto/MQTTPubSub.xml
    [junit] Done sleeping
    [junit] ----------------- Instantiating /home/travis/build/icyphy/ptII/ptolemy/actor/lib/jjs/modules/mqtt/test/auto/MQTTPubSub.xml
    [junit] JSAccessor: PT_NO_NET environment variable is set, so git pull and ptdoc are not being run.
    [junit] 13296 ms. Memory: 308224K Free: 271936K (88%)
    [junit] ----------------- Invoking toplevel() on ptolemy.moml.MoMLSimpleApplication@69a72d63
    [junit] ----------------- Done invoking toplevel() on ptolemy.moml.MoMLSimpleApplication@69a72d63
    [junit] reloadAllAccessors: .MQTTPubSub
    [junit] This is the first time that the reloadAllAccessors method has been invoked in this JVM, so the the accessors repo will be checked out or updated and JSDoc invoked. Note that running the tests may end up invoking a new JVM for each directory, so the repo may be checked out or updated and JSDoc invoked more than once when the tests are run.
    [junit] -------------- Reloaded accessors, but skipping rerun for now. Thu Sep 06 01:53:41 UTC 2018 /home/travis/build/icyphy/ptII/ptolemy/actor/lib/jjs/modules/mqtt/test/auto/MQTTPubSub.xml
    [junit] AutoTests.java: About to close Vertx.
    [junit] AutoTests.java: Vertx closed.
    [junit] 
    [junit] javachdir: directory = ptolemy/actor/lib/jjs/modules/objectAssign/test
    [junit] javachdir: pwd: /home/travis/build/icyphy/ptII/ptolemy/actor/lib/jjs/modules/objectAssign/test  Invoking with -Djava.net.preferIPv4Stack=true
    [junit] Running ptolemy.actor.lib.jjs.modules.objectAssign.test.junit.JUnitTclTest
    [junit] No tcl tests in /home/travis/build/icyphy/ptII/ptolemy/actor/lib/jjs/modules/objectAssign/test
    [junit] No auto/knownFailedTests/*.xml tests in /home/travis/build/icyphy/ptII/ptolemy/actor/lib/jjs/modules/objectAssign/test
    [junit] No auto/linux-amd64/*.xml tests in /home/travis/build/icyphy/ptII/ptolemy/actor/lib/jjs/modules/objectAssign/test
    [junit] AutoTests.java: About to close Vertx.
    [junit] AutoTests.java: Vertx closed.
    [junit] No auto/*.xml tests in /home/travis/build/icyphy/ptII/ptolemy/actor/lib/jjs/modules/objectAssign/test
    [junit] AutoTests.java: About to close Vertx.
    [junit] AutoTests.java: Vertx closed.
    [junit] Tests run: 4, Failures: 0, Errors: 0, Skipped: 0, Time elapsed: 0.487 sec
    [junit] Output:
    [junit] No tcl tests in /home/travis/build/icyphy/ptII/ptolemy/actor/lib/jjs/modules/objectAssign/test
    [junit] No auto/knownFailedTests/*.xml tests in /home/travis/build/icyphy/ptII/ptolemy/actor/lib/jjs/modules/objectAssign/test
    [junit] No auto/linux-amd64/*.xml tests in /home/travis/build/icyphy/ptII/ptolemy/actor/lib/jjs/modules/objectAssign/test
    [junit] AutoTests.java: About to close Vertx.
    [junit] AutoTests.java: Vertx closed.
    [junit] No auto/*.xml tests in /home/travis/build/icyphy/ptII/ptolemy/actor/lib/jjs/modules/objectAssign/test
    [junit] AutoTests.java: About to close Vertx.
    [junit] AutoTests.java: Vertx closed.
    [junit] 
    [junit] javachdir: directory = ptolemy/actor/lib/jjs/modules/os/test
    [junit] javachdir: pwd: /home/travis/build/icyphy/ptII/ptolemy/actor/lib/jjs/modules/os/test  Invoking with -Djava.net.preferIPv4Stack=true
    [junit] Running ptolemy.actor.lib.jjs.modules.os.test.junit.JUnitTclTest
    [junit] No tcl tests in /home/travis/build/icyphy/ptII/ptolemy/actor/lib/jjs/modules/os/test
    [junit] No auto/knownFailedTests/*.xml tests in /home/travis/build/icyphy/ptII/ptolemy/actor/lib/jjs/modules/os/test
    [junit] No auto/linux-amd64/*.xml tests in /home/travis/build/icyphy/ptII/ptolemy/actor/lib/jjs/modules/os/test
    [junit] AutoTests.java: About to close Vertx.
    [junit] AutoTests.java: Vertx closed.
    [junit] No auto/*.xml tests in /home/travis/build/icyphy/ptII/ptolemy/actor/lib/jjs/modules/os/test
    [junit] AutoTests.java: About to close Vertx.
    [junit] AutoTests.java: Vertx closed.
    [junit] Tests run: 4, Failures: 0, Errors: 0, Skipped: 0, Time elapsed: 0.508 sec
    [junit] Output:
    [junit] No tcl tests in /home/travis/build/icyphy/ptII/ptolemy/actor/lib/jjs/modules/os/test
    [junit] No auto/knownFailedTests/*.xml tests in /home/travis/build/icyphy/ptII/ptolemy/actor/lib/jjs/modules/os/test
    [junit] No auto/linux-amd64/*.xml tests in /home/travis/build/icyphy/ptII/ptolemy/actor/lib/jjs/modules/os/test
    [junit] AutoTests.java: About to close Vertx.
    [junit] AutoTests.java: Vertx closed.
    [junit] No auto/*.xml tests in /home/travis/build/icyphy/ptII/ptolemy/actor/lib/jjs/modules/os/test
    [junit] AutoTests.java: About to close Vertx.
    [junit] AutoTests.java: Vertx closed.
    [junit] 
    [junit] javachdir: directory = ptolemy/actor/lib/jjs/modules/process/test
    [junit] javachdir: pwd: /home/travis/build/icyphy/ptII/ptolemy/actor/lib/jjs/modules/process/test  Invoking with -Djava.net.preferIPv4Stack=true
    [junit] Running ptolemy.actor.lib.jjs.modules.process.test.junit.JUnitTclTest
    [junit] No tcl tests in /home/travis/build/icyphy/ptII/ptolemy/actor/lib/jjs/modules/process/test
    [junit] No auto/knownFailedTests/*.xml tests in /home/travis/build/icyphy/ptII/ptolemy/actor/lib/jjs/modules/process/test
    [junit] No auto/linux-amd64/*.xml tests in /home/travis/build/icyphy/ptII/ptolemy/actor/lib/jjs/modules/process/test
    [junit] AutoTests.java: About to close Vertx.
    [junit] AutoTests.java: Vertx closed.
    [junit] No auto/*.xml tests in /home/travis/build/icyphy/ptII/ptolemy/actor/lib/jjs/modules/process/test
    [junit] AutoTests.java: About to close Vertx.
    [junit] AutoTests.java: Vertx closed.
    [junit] Tests run: 4, Failures: 0, Errors: 0, Skipped: 0, Time elapsed: 0.471 sec
    [junit] Output:
    [junit] No tcl tests in /home/travis/build/icyphy/ptII/ptolemy/actor/lib/jjs/modules/process/test
    [junit] No auto/knownFailedTests/*.xml tests in /home/travis/build/icyphy/ptII/ptolemy/actor/lib/jjs/modules/process/test
    [junit] No auto/linux-amd64/*.xml tests in /home/travis/build/icyphy/ptII/ptolemy/actor/lib/jjs/modules/process/test
    [junit] AutoTests.java: About to close Vertx.
    [junit] AutoTests.java: Vertx closed.
    [junit] No auto/*.xml tests in /home/travis/build/icyphy/ptII/ptolemy/actor/lib/jjs/modules/process/test
    [junit] AutoTests.java: About to close Vertx.
    [junit] AutoTests.java: Vertx closed.
    [junit] 

BUILD SUCCESSFUL
Total time: 5 minutes 41 seconds
