<?xml version="1.0" encoding="UTF-8" ?>
<testsuite errors="0" failures="0" hostname="travis-job-5511d318-b1f6-4b8f-a336-bad001782573" name="ptolemy.domains.de.test.junit.JUnitTclTest" skipped="0" tests="101" time="123.334" timestamp="2020-10-08T16:08:21">
  <properties>
[...]
</properties>
  <testcase classname="ptolemy.util.test.junit.TclTests" name="[0] /home/travis/build/icyphy/ptII/ptolemy/domains/de/test/DependencyLoop.tcl (RunTclFile)" time="1.0" />
  <testcase classname="ptolemy.util.test.junit.TclTests" name="[1] /home/travis/build/icyphy/ptII/ptolemy/domains/de/test/RunDETestsAsQSS.tcl (RunTclFile)" time="83.266" />
  <testcase classname="ptolemy.util.test.junit.AutoKnownFailedTests" name="[0] /home/travis/build/icyphy/ptII/ptolemy/domains/de/test/auto/knownFailedTests/DESDFClockTest.xml (RunModel)" time="2.034" />
  <testcase classname="ptolemy.util.test.junit.AutoKnownFailedTests" name="[1] /home/travis/build/icyphy/ptII/ptolemy/domains/de/test/auto/knownFailedTests/DirectFeedback.xml (RunModel)" time="0.022" />
  <testcase classname="ptolemy.util.test.junit.AutoKnownFailedTests" name="[2] /home/travis/build/icyphy/ptII/ptolemy/domains/de/test/auto/knownFailedTests/FSMSource.xml (RunModel)" time="0.023" />
  <testcase classname="ptolemy.util.test.junit.AutoKnownFailedTests" name="[3] /home/travis/build/icyphy/ptII/ptolemy/domains/de/test/auto/knownFailedTests/HierarchicalModel.xml (RunModel)" time="0.05" />
  <testcase classname="ptolemy.util.test.junit.AutoKnownFailedTests" name="[4] /home/travis/build/icyphy/ptII/ptolemy/domains/de/test/auto/knownFailedTests/dependencyLoop.xml (RunModel)" time="0.039" />
  <testcase classname="ptolemy.util.test.junit.AutoKnownFailedTests" name="[5] /home/travis/build/icyphy/ptII/ptolemy/domains/de/test/auto/knownFailedTests/dependencyLoop2.xml (RunModel)" time="0.047" />
  <testcase classname="ptolemy.util.test.junit.AutoNameArchTests" name="[0] ThereAreNoAutoArchTests (RunModel)" time="0.002" />
  <testcase classname="ptolemy.util.test.junit.AutoTests" name="[0] /home/travis/build/icyphy/ptII/ptolemy/domains/de/test/auto/ActorDepthCalculation_actorWithoutPorts.xml (RunModel)" time="0.025" />
  <testcase classname="ptolemy.util.test.junit.AutoTests" name="[1] /home/travis/build/icyphy/ptII/ptolemy/domains/de/test/auto/AssemblyLine.xml (RunModel)" time="0.023" />
  <testcase classname="ptolemy.util.test.junit.AutoTests" name="[2] /home/travis/build/icyphy/ptII/ptolemy/domains/de/test/auto/CQBug1.xml (RunModel)" time="0.014" />
  <testcase classname="ptolemy.util.test.junit.AutoTests" name="[3] /home/travis/build/icyphy/ptII/ptolemy/domains/de/test/auto/CancelFireAt.xml (RunModel)" time="0.014" />
  <testcase classname="ptolemy.util.test.junit.AutoTests" name="[4] /home/travis/build/icyphy/ptII/ptolemy/domains/de/test/auto/CausalityAndComposabilityAnalysis.xml (RunModel)" time="0.012" />
  <testcase classname="ptolemy.util.test.junit.AutoTests" name="[5] /home/travis/build/icyphy/ptII/ptolemy/domains/de/test/auto/CausalityInterface1.xml (RunModel)" time="0.015" />
  <testcase classname="ptolemy.util.test.junit.AutoTests" name="[6] /home/travis/build/icyphy/ptII/ptolemy/domains/de/test/auto/CausalityInterface15.xml (RunModel)" time="0.015" />
  <testcase classname="ptolemy.util.test.junit.AutoTests" name="[7] /home/travis/build/icyphy/ptII/ptolemy/domains/de/test/auto/CausalityInterface2.xml (RunModel)" time="0.016" />
  <testcase classname="ptolemy.util.test.junit.AutoTests" name="[8] /home/travis/build/icyphy/ptII/ptolemy/domains/de/test/auto/CausalityInterface3.xml (RunModel)" time="0.026" />
  <testcase classname="ptolemy.util.test.junit.AutoTests" name="[9] /home/travis/build/icyphy/ptII/ptolemy/domains/de/test/auto/ClockDrift.xml (RunModel)" time="0.034" />
  <testcase classname="ptolemy.util.test.junit.AutoTests" name="[10] /home/travis/build/icyphy/ptII/ptolemy/domains/de/test/auto/ClockDriftAndValueChange.xml (RunModel)" time="0.029" />
  <testcase classname="ptolemy.util.test.junit.AutoTests" name="[11] /home/travis/build/icyphy/ptII/ptolemy/domains/de/test/auto/ClockDriftChange.xml (RunModel)" time="0.032" />
  <testcase classname="ptolemy.util.test.junit.AutoTests" name="[12] /home/travis/build/icyphy/ptII/ptolemy/domains/de/test/auto/ComposableCausalityAnalysis.xml (RunModel)" time="0.021" />
  <testcase classname="ptolemy.util.test.junit.AutoTests" name="[13] /home/travis/build/icyphy/ptII/ptolemy/domains/de/test/auto/DEFixedPointLimitation.xml (RunModel)" time="0.009" />
  <testcase classname="ptolemy.util.test.junit.AutoTests" name="[14] /home/travis/build/icyphy/ptII/ptolemy/domains/de/test/auto/DEScheduleTest.xml (RunModel)" time="0.013" />
  <testcase classname="ptolemy.util.test.junit.AutoTests" name="[15] /home/travis/build/icyphy/ptII/ptolemy/domains/de/test/auto/DEinDEwithStartTimes.xml (RunModel)" time="0.015" />
  <testcase classname="ptolemy.util.test.junit.AutoTests" name="[16] /home/travis/build/icyphy/ptII/ptolemy/domains/de/test/auto/DEinDEwithStartTimes2.xml (RunModel)" time="0.021" />
  <testcase classname="ptolemy.util.test.junit.AutoTests" name="[17] /home/travis/build/icyphy/ptII/ptolemy/domains/de/test/auto/DateDemo.xml (RunModel)" time="0.035" />
  <testcase classname="ptolemy.util.test.junit.AutoTests" name="[18] /home/travis/build/icyphy/ptII/ptolemy/domains/de/test/auto/DateToEvent.xml (RunModel)" time="2.046" />
  <testcase classname="ptolemy.util.test.junit.AutoTests" name="[19] /home/travis/build/icyphy/ptII/ptolemy/domains/de/test/auto/DepthTest1.xml (RunModel)" time="0.009" />
  <testcase classname="ptolemy.util.test.junit.AutoTests" name="[20] /home/travis/build/icyphy/ptII/ptolemy/domains/de/test/auto/DepthTest2.xml (RunModel)" time="0.019" />
  <testcase classname="ptolemy.util.test.junit.AutoTests" name="[21] /home/travis/build/icyphy/ptII/ptolemy/domains/de/test/auto/DepthTest3.xml (RunModel)" time="0.018" />
  <testcase classname="ptolemy.util.test.junit.AutoTests" name="[22] /home/travis/build/icyphy/ptII/ptolemy/domains/de/test/auto/DepthTest4.xml (RunModel)" time="0.017" />
  <testcase classname="ptolemy.util.test.junit.AutoTests" name="[23] /home/travis/build/icyphy/ptII/ptolemy/domains/de/test/auto/DepthTest5.xml (RunModel)" time="0.02" />
  <testcase classname="ptolemy.util.test.junit.AutoTests" name="[24] /home/travis/build/icyphy/ptII/ptolemy/domains/de/test/auto/DepthTest6.xml (RunModel)" time="0.011" />
  <testcase classname="ptolemy.util.test.junit.AutoTests" name="[25] /home/travis/build/icyphy/ptII/ptolemy/domains/de/test/auto/DepthTest7.xml (RunModel)" time="0.011" />
  <testcase classname="ptolemy.util.test.junit.AutoTests" name="[26] /home/travis/build/icyphy/ptII/ptolemy/domains/de/test/auto/EventToDate.xml (RunModel)" time="3.04" />
  <testcase classname="ptolemy.util.test.junit.AutoTests" name="[27] /home/travis/build/icyphy/ptII/ptolemy/domains/de/test/auto/FSM1.xml (RunModel)" time="0.046" />
  <testcase classname="ptolemy.util.test.junit.AutoTests" name="[28] /home/travis/build/icyphy/ptII/ptolemy/domains/de/test/auto/FSM7.xml (RunModel)" time="0.04" />
  <testcase classname="ptolemy.util.test.junit.AutoTests" name="[29] /home/travis/build/icyphy/ptII/ptolemy/domains/de/test/auto/Inspection.xml (RunModel)" time="0.04" />
  <testcase classname="ptolemy.util.test.junit.AutoTests" name="[30] /home/travis/build/icyphy/ptII/ptolemy/domains/de/test/auto/Iteration.xml (RunModel)" time="0.029" />
  <testcase classname="ptolemy.util.test.junit.AutoTests" name="[31] /home/travis/build/icyphy/ptII/ptolemy/domains/de/test/auto/LineFault.xml (RunModel)" time="0.541" />
  <testcase classname="ptolemy.util.test.junit.AutoTests" name="[32] /home/travis/build/icyphy/ptII/ptolemy/domains/de/test/auto/MergeModel1Add.xml (RunModel)" time="0.048" />
  <testcase classname="ptolemy.util.test.junit.AutoTests" name="[33] /home/travis/build/icyphy/ptII/ptolemy/domains/de/test/auto/MergeModel2Add.xml (RunModel)" time="0.036" />
  <testcase classname="ptolemy.util.test.junit.AutoTests" name="[34] /home/travis/build/icyphy/ptII/ptolemy/domains/de/test/auto/MergeModel3Add.xml (RunModel)" time="0.04" />
  <testcase classname="ptolemy.util.test.junit.AutoTests" name="[35] /home/travis/build/icyphy/ptII/ptolemy/domains/de/test/auto/MergeWithoutDiscard.xml (RunModel)" time="0.01" />
  <testcase classname="ptolemy.util.test.junit.AutoTests" name="[36] /home/travis/build/icyphy/ptII/ptolemy/domains/de/test/auto/Modal1.xml (RunModel)" time="0.037" />
  <testcase classname="ptolemy.util.test.junit.AutoTests" name="[37] /home/travis/build/icyphy/ptII/ptolemy/domains/de/test/auto/Modal2.xml (RunModel)" time="0.024" />
  <testcase classname="ptolemy.util.test.junit.AutoTests" name="[38] /home/travis/build/icyphy/ptII/ptolemy/domains/de/test/auto/Modal3.xml (RunModel)" time="0.028" />
  <testcase classname="ptolemy.util.test.junit.AutoTests" name="[39] /home/travis/build/icyphy/ptII/ptolemy/domains/de/test/auto/Modal4.xml (RunModel)" time="0.029" />
  <testcase classname="ptolemy.util.test.junit.AutoTests" name="[40] /home/travis/build/icyphy/ptII/ptolemy/domains/de/test/auto/Modal5.xml (RunModel)" time="0.035" />
  <testcase classname="ptolemy.util.test.junit.AutoTests" name="[41] /home/travis/build/icyphy/ptII/ptolemy/domains/de/test/auto/Modal6.xml (RunModel)" time="0.025" />
  <testcase classname="ptolemy.util.test.junit.AutoTests" name="[42] /home/travis/build/icyphy/ptII/ptolemy/domains/de/test/auto/Modal7.xml (RunModel)" time="0.034" />
  <testcase classname="ptolemy.util.test.junit.AutoTests" name="[43] /home/travis/build/icyphy/ptII/ptolemy/domains/de/test/auto/ModalModel.xml (RunModel)" time="0.18" />
  <testcase classname="ptolemy.util.test.junit.AutoTests" name="[44] /home/travis/build/icyphy/ptII/ptolemy/domains/de/test/auto/ModalSource.xml (RunModel)" time="0.018" />
  <testcase classname="ptolemy.util.test.junit.AutoTests" name="[45] /home/travis/build/icyphy/ptII/ptolemy/domains/de/test/auto/NonInterruptibleTimerZeroDelay.xml (RunModel)" time="0.009" />
  <testcase classname="ptolemy.util.test.junit.AutoTests" name="[46] /home/travis/build/icyphy/ptII/ptolemy/domains/de/test/auto/OpenQueueingNetwork.xml (RunModel)" time="2.383" />
  <testcase classname="ptolemy.util.test.junit.AutoTests" name="[47] /home/travis/build/icyphy/ptII/ptolemy/domains/de/test/auto/OpenQueuingNetwork.xml (RunModel)" time="0.296" />
  <testcase classname="ptolemy.util.test.junit.AutoTests" name="[48] /home/travis/build/icyphy/ptII/ptolemy/domains/de/test/auto/PeriodicSampler.xml (RunModel)" time="0.01" />
  <testcase classname="ptolemy.util.test.junit.AutoTests" name="[49] /home/travis/build/icyphy/ptII/ptolemy/domains/de/test/auto/PersistentIO.xml (RunModel)" time="0.031" />
  <testcase classname="ptolemy.util.test.junit.AutoTests" name="[50] /home/travis/build/icyphy/ptII/ptolemy/domains/de/test/auto/PortParameterResetOnInitialize.xml (RunModel)" time="0.008" />
  <testcase classname="ptolemy.util.test.junit.AutoTests" name="[51] /home/travis/build/icyphy/ptII/ptolemy/domains/de/test/auto/PortParameterUpdates.xml (RunModel)" time="0.013" />
  <testcase classname="ptolemy.util.test.junit.AutoTests" name="[52] /home/travis/build/icyphy/ptII/ptolemy/domains/de/test/auto/QueueAndServer.xml (RunModel)" time="0.023" />
  <testcase classname="ptolemy.util.test.junit.AutoTests" name="[53] /home/travis/build/icyphy/ptII/ptolemy/domains/de/test/auto/Records.xml (RunModel)" time="0.019" />
  <testcase classname="ptolemy.util.test.junit.AutoTests" name="[54] /home/travis/build/icyphy/ptII/ptolemy/domains/de/test/auto/ResetTransitionWithStartTime1.xml (RunModel)" time="0.02" />
  <testcase classname="ptolemy.util.test.junit.AutoTests" name="[55] /home/travis/build/icyphy/ptII/ptolemy/domains/de/test/auto/ResetTransitionWithStartTime2.xml (RunModel)" time="0.017" />
  <testcase classname="ptolemy.util.test.junit.AutoTests" name="[56] /home/travis/build/icyphy/ptII/ptolemy/domains/de/test/auto/ResetTransitionWithStartTime3.xml (RunModel)" time="0.017" />
  <testcase classname="ptolemy.util.test.junit.AutoTests" name="[57] /home/travis/build/icyphy/ptII/ptolemy/domains/de/test/auto/ResetTransitionWithStartTime4.xml (RunModel)" time="0.016" />
  <testcase classname="ptolemy.util.test.junit.AutoTests" name="[58] /home/travis/build/icyphy/ptII/ptolemy/domains/de/test/auto/ResettableTimer1.xml (RunModel)" time="0.009" />
  <testcase classname="ptolemy.util.test.junit.AutoTests" name="[59] /home/travis/build/icyphy/ptII/ptolemy/domains/de/test/auto/ResettableTimer2.xml (RunModel)" time="0.009" />
  <testcase classname="ptolemy.util.test.junit.AutoTests" name="[60] /home/travis/build/icyphy/ptII/ptolemy/domains/de/test/auto/ResettableTimer3.xml (RunModel)" time="0.008" />
  <testcase classname="ptolemy.util.test.junit.AutoTests" name="[61] /home/travis/build/icyphy/ptII/ptolemy/domains/de/test/auto/ResettableTimer4.xml (RunModel)" time="0.009" />
  <testcase classname="ptolemy.util.test.junit.AutoTests" name="[62] /home/travis/build/icyphy/ptII/ptolemy/domains/de/test/auto/ResettableTimer5.xml (RunModel)" time="0.008" />
  <testcase classname="ptolemy.util.test.junit.AutoTests" name="[63] /home/travis/build/icyphy/ptII/ptolemy/domains/de/test/auto/ResettableTimer6.xml (RunModel)" time="0.016" />
  <testcase classname="ptolemy.util.test.junit.AutoTests" name="[64] /home/travis/build/icyphy/ptII/ptolemy/domains/de/test/auto/ServerZeroDelay.xml (RunModel)" time="0.009" />
  <testcase classname="ptolemy.util.test.junit.AutoTests" name="[65] /home/travis/build/icyphy/ptII/ptolemy/domains/de/test/auto/SmartSender.xml (RunModel)" time="3.007" />
  <testcase classname="ptolemy.util.test.junit.AutoTests" name="[66] /home/travis/build/icyphy/ptII/ptolemy/domains/de/test/auto/ThreadedComposite.xml (RunModel)" time="0.108" />
  <testcase classname="ptolemy.util.test.junit.AutoTests" name="[67] /home/travis/build/icyphy/ptII/ptolemy/domains/de/test/auto/Time.xml (RunModel)" time="0.345" />
  <testcase classname="ptolemy.util.test.junit.AutoTests" name="[68] /home/travis/build/icyphy/ptII/ptolemy/domains/de/test/auto/TimeDelayZeroDelay.xml (RunModel)" time="0.015" />
  <testcase classname="ptolemy.util.test.junit.AutoTests" name="[69] /home/travis/build/icyphy/ptII/ptolemy/domains/de/test/auto/TimerZeroDelay.xml (RunModel)" time="0.009" />
  <testcase classname="ptolemy.util.test.junit.AutoTests" name="[70] /home/travis/build/icyphy/ptII/ptolemy/domains/de/test/auto/TimingParadox.xml (RunModel)" time="0.283" />
  <testcase classname="ptolemy.util.test.junit.AutoTests" name="[71] /home/travis/build/icyphy/ptII/ptolemy/domains/de/test/auto/TransferInputs.xml (RunModel)" time="0.011" />
  <testcase classname="ptolemy.util.test.junit.AutoTests" name="[72] /home/travis/build/icyphy/ptII/ptolemy/domains/de/test/auto/TransferOutputs2.xml (RunModel)" time="0.028" />
  <testcase classname="ptolemy.util.test.junit.AutoTests" name="[73] /home/travis/build/icyphy/ptII/ptolemy/domains/de/test/auto/Trilateration.xml (RunModel)" time="10.668" />
  <testcase classname="ptolemy.util.test.junit.AutoTests" name="[74] /home/travis/build/icyphy/ptII/ptolemy/domains/de/test/auto/TwoSigmaDelta.xml (RunModel)" time="2.064" />
  <testcase classname="ptolemy.util.test.junit.AutoTests" name="[75] /home/travis/build/icyphy/ptII/ptolemy/domains/de/test/auto/VariableDelay.xml (RunModel)" time="0.019" />
  <testcase classname="ptolemy.util.test.junit.AutoTests" name="[76] /home/travis/build/icyphy/ptII/ptolemy/domains/de/test/auto/VariableDelay2.xml (RunModel)" time="0.011" />
  <testcase classname="ptolemy.util.test.junit.AutoTests" name="[77] /home/travis/build/icyphy/ptII/ptolemy/domains/de/test/auto/VariableDelayZeroDelay.xml (RunModel)" time="0.012" />
  <testcase classname="ptolemy.util.test.junit.AutoTests" name="[78] /home/travis/build/icyphy/ptII/ptolemy/domains/de/test/auto/VariableDelayZeroDelay2.xml (RunModel)" time="0.009" />
  <testcase classname="ptolemy.util.test.junit.AutoTests" name="[79] /home/travis/build/icyphy/ptII/ptolemy/domains/de/test/auto/deInCt.xml (RunModel)" time="0.017" />
  <testcase classname="ptolemy.util.test.junit.AutoTests" name="[80] /home/travis/build/icyphy/ptII/ptolemy/domains/de/test/auto/deInCt2.xml (RunModel)" time="0.014" />
  <testcase classname="ptolemy.util.test.junit.AutoTests" name="[81] /home/travis/build/icyphy/ptII/ptolemy/domains/de/test/auto/dynamicCausalityInterface1.xml (RunModel)" time="0.022" />
  <testcase classname="ptolemy.util.test.junit.AutoTests" name="[82] /home/travis/build/icyphy/ptII/ptolemy/domains/de/test/auto/fsm_de_test.xml (RunModel)" time="0.026" />
  <testcase classname="ptolemy.util.test.junit.AutoTests" name="[83] /home/travis/build/icyphy/ptII/ptolemy/domains/de/test/auto/functionDependencyReconstruction.xml (RunModel)" time="0.028" />
  <testcase classname="ptolemy.util.test.junit.AutoTests" name="[84] /home/travis/build/icyphy/ptII/ptolemy/domains/de/test/auto/multirate.xml (RunModel)" time="0.017" />
  <testcase classname="ptolemy.util.test.junit.AutoTests" name="[85] /home/travis/build/icyphy/ptII/ptolemy/domains/de/test/auto/multirate2.xml (RunModel)" time="0.023" />
  <testcase classname="ptolemy.util.test.junit.AutoTests" name="[86] /home/travis/build/icyphy/ptII/ptolemy/domains/de/test/auto/realtime.xml (RunModel)" time="10.015" />
  <testcase classname="ptolemy.util.test.junit.AutoTests" name="[87] /home/travis/build/icyphy/ptII/ptolemy/domains/de/test/auto/relationGroup.xml (RunModel)" time="0.011" />
  <testcase classname="ptolemy.util.test.junit.AutoTests" name="[88] /home/travis/build/icyphy/ptII/ptolemy/domains/de/test/auto/relationGroup2.xml (RunModel)" time="0.008" />
  <testcase classname="ptolemy.util.test.junit.AutoTests" name="[89] /home/travis/build/icyphy/ptII/ptolemy/domains/de/test/auto/sortWithOpaquePorts.xml (RunModel)" time="0.012" />
  <testcase classname="ptolemy.util.test.junit.AutoTests" name="[90] /home/travis/build/icyphy/ptII/ptolemy/domains/de/test/auto/transferInputsandOutputs.xml (RunModel)" time="0.02" />
  <testcase classname="ptolemy.util.test.junit.AutoTests" name="[91] /home/travis/build/icyphy/ptII/ptolemy/domains/de/test/auto/triggerType.xml (RunModel)" time="0.009" />
  <system-out><![CDATA[/home/travis/build/icyphy/ptII/ptolemy/domains/de/test/DependencyLoop.tcl
testDefs.tcl: setting time out to 9000 seconds at Thu Oct 08 16:08:21 UTC 2020
71 ms. Memory: 129024K Free: 79153K (61%)
15 ms. Memory: 129024K Free: 61745K (48%)
/home/travis/build/icyphy/ptII/ptolemy/domains/de/test/RunDETestsAsQSS.tcl
Run the DE tests using ptolemy.domains.qss.test.QSSDirectorTest, which extends QSSDirector and prints a message in the constructors.
------------------ testing $PTII/ptolemy/domains/de/test/auto/knownFailedTests/DirectFeedback.xml (Known Failure) 
53 ms. Memory: 129024K Free: 56115K (43%)


==== $PTIIhome/travis/build/icyphy/ptII/ptolemy/domains/de/test/../../../../: Auto Automatic test in file $PTII/ptolemy/domains/de/test/auto/knownFailedTests/DirectFeedback.xml
==== Contents of test case:

	    # FIXME: we should use $relativeFilename here, but it
	    # might have backslashes under Windows, which causes no end
	    # of trouble.
	    createAndExecute $file
	    list {}
	
.... Test generated KNOWN error:
    while executing
ptolemy.kernel.util.IllegalActionException: Test fails in iteration 1.
Value was: 1.0. Should have been: 2.0
  in .DirectFeedback.Test
	at ptolemy.actor.lib.Test.fire(Test.java:268)
	at ptolemy.domains.de.kernel.DEDirector._fire(DEDirector.java:1949)
	at ptolemy.domains.de.kernel.DEDirector.fire(DEDirector.java:502)
	at ptolemy.actor.CompositeActor.fire(CompositeActor.java:455)
	at ptolemy.actor.Manager.iterate(Manager.java:851)
	at ptolemy.actor.Manager.execute(Manager.java:369)
	at ptolemy.actor.Manager.run(Manager.java:1263)
	at ptolemy.actor.Manager$PtolemyRunThread.run(Manager.java:1933)

    while executing
ptolemy.kernel.util.IllegalActionException: Test fails in iteration 1.
Value was: 1.0. Should have been: 2.0
  in .DirectFeedback.Test
    while executing
"java::new ptolemy.moml.MoMLSimpleApplication $file
"
    (procedure "createAndExecute" line 2)
    invoked from within
"createAndExecute $file"
    ("uplevel" body line 5)
    invoked from within
"uplevel $contents_of_test"
------------------ testing $PTII/ptolemy/domains/de/test/auto/knownFailedTests/dependencyLoop.xml (Known Failure) 
20 ms. Memory: 129024K Free: 53043K (41%)


==== $PTIIhome/travis/build/icyphy/ptII/ptolemy/domains/de/test/../../../../: Auto Automatic test in file $PTII/ptolemy/domains/de/test/auto/knownFailedTests/dependencyLoop.xml
==== Contents of test case:

	    # FIXME: we should use $relativeFilename here, but it
	    # might have backslashes under Windows, which causes no end
	    # of trouble.
	    createAndExecute $file
	    list {}
	
.... Test generated KNOWN error:
    while executing
ptolemy.kernel.util.IllegalActionException: Found a zero delay loop containing .dependencyLoop.original
  in .dependencyLoop and .dependencyLoop.original
	at ptolemy.actor.util.CausalityInterfaceForComposites._computeOutputPortDepth(CausalityInterfaceForComposites.java:759)
	at ptolemy.actor.util.CausalityInterfaceForComposites._computeInputDepth(CausalityInterfaceForComposites.java:696)
	at ptolemy.actor.util.CausalityInterfaceForComposites._computeOutputPortDepth(CausalityInterfaceForComposites.java:765)
	at ptolemy.actor.util.CausalityInterfaceForComposites._computeInputDepth(CausalityInterfaceForComposites.java:696)
	at ptolemy.actor.util.CausalityInterfaceForComposites._computeOutputPortDepth(CausalityInterfaceForComposites.java:765)
	at ptolemy.actor.util.CausalityInterfaceForComposites._computeInputDepth(CausalityInterfaceForComposites.java:696)
	at ptolemy.actor.util.CausalityInterfaceForComposites._computeActorDepth(CausalityInterfaceForComposites.java:532)
	at ptolemy.actor.util.CausalityInterfaceForComposites.checkForCycles(CausalityInterfaceForComposites.java:96)
	at ptolemy.domains.de.kernel.DEDirector.preinitialize(DEDirector.java:1338)
	at ptolemy.actor.CompositeActor.preinitialize(CompositeActor.java:1828)
	at ptolemy.actor.Manager.preinitializeAndResolveTypes(Manager.java:1040)
	at ptolemy.actor.Manager.initialize(Manager.java:710)
	at ptolemy.actor.Manager.execute(Manager.java:356)
	at ptolemy.actor.Manager.run(Manager.java:1263)
	at ptolemy.actor.Manager$PtolemyRunThread.run(Manager.java:1933)

    while executing
ptolemy.kernel.util.IllegalActionException: Found a zero delay loop containing .dependencyLoop.original
  in .dependencyLoop and .dependencyLoop.original
    while executing
"java::new ptolemy.moml.MoMLSimpleApplication $file
"
    (procedure "createAndExecute" line 2)
    invoked from within
"createAndExecute $file"
    ("uplevel" body line 5)
    invoked from within
"uplevel $contents_of_test"
------------------ testing $PTII/ptolemy/domains/de/test/auto/knownFailedTests/FSMSource.xml (Known Failure) 
79 ms. Memory: 129024K Free: 112168K (87%)
!!!! Auto was marked as failing, but now passes
------------------ testing $PTII/ptolemy/domains/de/test/auto/knownFailedTests/HierarchicalModel.xml (Known Failure) 
5 ms. Memory: 129024K Free: 94250K (73%)


==== $PTIIhome/travis/build/icyphy/ptII/ptolemy/domains/de/test/../../../../: Auto Automatic test in file $PTII/ptolemy/domains/de/test/auto/knownFailedTests/HierarchicalModel.xml
==== Contents of test case:

	    # FIXME: we should use $relativeFilename here, but it
	    # might have backslashes under Windows, which causes no end
	    # of trouble.
	    createAndExecute $file
	    list {}
	
.... Test generated KNOWN error:
    while executing
ptolemy.kernel.util.IllegalActionException: Found a zero delay loop containing .HierarchicalModel.A
  in .HierarchicalModel and .HierarchicalModel.A
	at ptolemy.actor.util.CausalityInterfaceForComposites._computeOutputPortDepth(CausalityInterfaceForComposites.java:759)
	at ptolemy.actor.util.CausalityInterfaceForComposites._computeInputDepth(CausalityInterfaceForComposites.java:696)
	at ptolemy.actor.util.CausalityInterfaceForComposites._computeOutputPortDepth(CausalityInterfaceForComposites.java:765)
	at ptolemy.actor.util.CausalityInterfaceForComposites._computeInputDepth(CausalityInterfaceForComposites.java:696)
	at ptolemy.actor.util.CausalityInterfaceForComposites._computeOutputPortDepth(CausalityInterfaceForComposites.java:765)
	at ptolemy.actor.util.CausalityInterfaceForComposites._computeInputDepth(CausalityInterfaceForComposites.java:696)
	at ptolemy.actor.util.CausalityInterfaceForComposites._computeActorDepth(CausalityInterfaceForComposites.java:532)
	at ptolemy.actor.util.CausalityInterfaceForComposites.checkForCycles(CausalityInterfaceForComposites.java:96)
	at ptolemy.domains.de.kernel.DEDirector.preinitialize(DEDirector.java:1338)
	at ptolemy.actor.CompositeActor.preinitialize(CompositeActor.java:1828)
	at ptolemy.actor.Manager.preinitializeAndResolveTypes(Manager.java:1040)
	at ptolemy.actor.Manager.initialize(Manager.java:710)
	at ptolemy.actor.Manager.execute(Manager.java:356)
	at ptolemy.actor.Manager.run(Manager.java:1263)
	at ptolemy.actor.Manager$PtolemyRunThread.run(Manager.java:1933)

    while executing
ptolemy.kernel.util.IllegalActionException: Found a zero delay loop containing .HierarchicalModel.A
  in .HierarchicalModel and .HierarchicalModel.A
    while executing
"java::new ptolemy.moml.MoMLSimpleApplication $file
"
    (procedure "createAndExecute" line 2)
    invoked from within
"createAndExecute $file"
    ("uplevel" body line 5)
    invoked from within
"uplevel $contents_of_test"
------------------ testing $PTII/ptolemy/domains/de/test/auto/knownFailedTests/dependencyLoop2.xml (Known Failure) 
13 ms. Memory: 129024K Free: 78381K (61%)


==== $PTIIhome/travis/build/icyphy/ptII/ptolemy/domains/de/test/../../../../: Auto Automatic test in file $PTII/ptolemy/domains/de/test/auto/knownFailedTests/dependencyLoop2.xml
==== Contents of test case:

	    # FIXME: we should use $relativeFilename here, but it
	    # might have backslashes under Windows, which causes no end
	    # of trouble.
	    createAndExecute $file
	    list {}
	
.... Test generated KNOWN error:
    while executing
ptolemy.kernel.util.IllegalActionException: Found a zero delay loop containing .dependencyLoop2.original
  in .dependencyLoop2 and .dependencyLoop2.original
	at ptolemy.actor.util.CausalityInterfaceForComposites._computeOutputPortDepth(CausalityInterfaceForComposites.java:759)
	at ptolemy.actor.util.CausalityInterfaceForComposites._computeInputDepth(CausalityInterfaceForComposites.java:696)
	at ptolemy.actor.util.CausalityInterfaceForComposites._computeOutputPortDepth(CausalityInterfaceForComposites.java:765)
	at ptolemy.actor.util.CausalityInterfaceForComposites._computeInputDepth(CausalityInterfaceForComposites.java:696)
	at ptolemy.actor.util.CausalityInterfaceForComposites._computeOutputPortDepth(CausalityInterfaceForComposites.java:765)
	at ptolemy.actor.util.CausalityInterfaceForComposites._computeInputDepth(CausalityInterfaceForComposites.java:696)
	at ptolemy.actor.util.CausalityInterfaceForComposites._computeActorDepth(CausalityInterfaceForComposites.java:532)
	at ptolemy.actor.util.CausalityInterfaceForComposites.checkForCycles(CausalityInterfaceForComposites.java:96)
	at ptolemy.domains.de.kernel.DEDirector.preinitialize(DEDirector.java:1338)
	at ptolemy.actor.CompositeActor.preinitialize(CompositeActor.java:1828)
	at ptolemy.actor.Manager.preinitializeAndResolveTypes(Manager.java:1040)
	at ptolemy.actor.Manager.initialize(Manager.java:710)
	at ptolemy.actor.Manager.execute(Manager.java:356)
	at ptolemy.actor.Manager.run(Manager.java:1263)
	at ptolemy.actor.Manager$PtolemyRunThread.run(Manager.java:1933)

    while executing
ptolemy.kernel.util.IllegalActionException: Found a zero delay loop containing .dependencyLoop2.original
  in .dependencyLoop2 and .dependencyLoop2.original
    while executing
"java::new ptolemy.moml.MoMLSimpleApplication $file
"
    (procedure "createAndExecute" line 2)
    invoked from within
"createAndExecute $file"
    ("uplevel" body line 5)
    invoked from within
"uplevel $contents_of_test"
------------------ testing $PTII/ptolemy/domains/de/test/auto/knownFailedTests/DESDFClockTest.xml (Known Failure) 
2064 ms. Memory: 129024K Free: 108789K (84%)


==== $PTIIhome/travis/build/icyphy/ptII/ptolemy/domains/de/test/../../../../: Auto Automatic test in file $PTII/ptolemy/domains/de/test/auto/knownFailedTests/DESDFClockTest.xml
==== Contents of test case:

	    # FIXME: we should use $relativeFilename here, but it
	    # might have backslashes under Windows, which causes no end
	    # of trouble.
	    createAndExecute $file
	    list {}
	
.... Test generated KNOWN error:
    while executing
ptolemy.kernel.util.IllegalActionException: Actor is not ready to fire.  Perhaps UpSample.prefire() returned false? Try debugging the actor by selecting "Listen to Actor".  Also, for SDF check moml for tokenConsumptionRate on input.
  in .DESDFClockTest.Play Bell.Copy1:SDF Director and .DESDFClockTest.Play Bell.UpSample
	at ptolemy.actor.sched.StaticSchedulingDirector.fire(StaticSchedulingDirector.java:227)
	at ptolemy.domains.sdf.kernel.SDFDirector.fire(SDFDirector.java:500)
	at ptolemy.actor.CompositeActor.fire(CompositeActor.java:455)
	at ptolemy.domains.de.kernel.DEDirector._fire(DEDirector.java:1949)
	at ptolemy.domains.de.kernel.DEDirector.fire(DEDirector.java:502)
	at ptolemy.actor.CompositeActor.fire(CompositeActor.java:455)
	at ptolemy.actor.Manager.iterate(Manager.java:851)
	at ptolemy.actor.Manager.execute(Manager.java:369)
	at ptolemy.actor.Manager.run(Manager.java:1263)
	at ptolemy.actor.Manager$PtolemyRunThread.run(Manager.java:1933)

    while executing
ptolemy.kernel.util.IllegalActionException: Actor is not ready to fire.  Perhaps UpSample.prefire() returned false? Try debugging the actor by selecting "Listen to Actor".  Also, for SDF check moml for tokenConsumptionRate on input.
  in .DESDFClockTest.Play Bell.Copy1:SDF Director and .DESDFClockTest.Play Bell.UpSample
    while executing
"java::new ptolemy.moml.MoMLSimpleApplication $file
"
    (procedure "createAndExecute" line 2)
    invoked from within
"createAndExecute $file"
    ("uplevel" body line 5)
    invoked from within
"uplevel $contents_of_test"
------------------ testing $PTII/ptolemy/domains/de/test/auto/ActorDepthCalculation_actorWithoutPorts.xml
auto.tcl: Setting watchdog for 200 seconds at Thu Oct 08 16:08:25 UTC 2020
5 ms. Memory: 129024K Free: 101111K (78%)
ptolemy.util.test.WatchDog.cancel(): canceling Thu Oct 08 16:08:25 UTC 2020
auto.tcl: Setting watchdog for 200 seconds at Thu Oct 08 16:08:25 UTC 2020
5 ms. Memory: 129024K Free: 100087K (78%)
ptolemy.util.test.WatchDog.cancel(): canceling Thu Oct 08 16:08:25 UTC 2020
------------------ testing $PTII/ptolemy/domains/de/test/auto/AssemblyLine.xml
auto.tcl: Setting watchdog for 200 seconds at Thu Oct 08 16:08:25 UTC 2020
7 ms. Memory: 55296K Free: 31570K (57%)
ptolemy.util.test.WatchDog.cancel(): canceling Thu Oct 08 16:08:25 UTC 2020
auto.tcl: Setting watchdog for 200 seconds at Thu Oct 08 16:08:25 UTC 2020
6 ms. Memory: 55296K Free: 30835K (56%)
ptolemy.util.test.WatchDog.cancel(): canceling Thu Oct 08 16:08:25 UTC 2020
------------------ testing $PTII/ptolemy/domains/de/test/auto/CQBug1.xml
auto.tcl: Setting watchdog for 200 seconds at Thu Oct 08 16:08:25 UTC 2020
8 ms. Memory: 55296K Free: 37345K (68%)
ptolemy.util.test.WatchDog.cancel(): canceling Thu Oct 08 16:08:25 UTC 2020
auto.tcl: Setting watchdog for 200 seconds at Thu Oct 08 16:08:25 UTC 2020
2 ms. Memory: 55296K Free: 36904K (67%)
ptolemy.util.test.WatchDog.cancel(): canceling Thu Oct 08 16:08:25 UTC 2020
------------------ testing $PTII/ptolemy/domains/de/test/auto/CancelFireAt.xml
auto.tcl: Setting watchdog for 200 seconds at Thu Oct 08 16:08:25 UTC 2020
8 ms. Memory: 51200K Free: 34597K (68%)
ptolemy.util.test.WatchDog.cancel(): canceling Thu Oct 08 16:08:25 UTC 2020
auto.tcl: Setting watchdog for 200 seconds at Thu Oct 08 16:08:25 UTC 2020
2 ms. Memory: 51200K Free: 34083K (67%)
ptolemy.util.test.WatchDog.cancel(): canceling Thu Oct 08 16:08:25 UTC 2020
------------------ testing $PTII/ptolemy/domains/de/test/auto/CausalityAndComposabilityAnalysis.xml
auto.tcl: Setting watchdog for 200 seconds at Thu Oct 08 16:08:25 UTC 2020
5 ms. Memory: 48128K Free: 29388K (61%)
ptolemy.util.test.WatchDog.cancel(): canceling Thu Oct 08 16:08:25 UTC 2020
auto.tcl: Setting watchdog for 200 seconds at Thu Oct 08 16:08:25 UTC 2020
5 ms. Memory: 48128K Free: 28896K (60%)
ptolemy.util.test.WatchDog.cancel(): canceling Thu Oct 08 16:08:25 UTC 2020
------------------ testing $PTII/ptolemy/domains/de/test/auto/CausalityInterface1.xml
auto.tcl: Setting watchdog for 200 seconds at Thu Oct 08 16:08:25 UTC 2020
15 ms. Memory: 48128K Free: 28361K (59%)
ptolemy.util.test.WatchDog.cancel(): canceling Thu Oct 08 16:08:25 UTC 2020
auto.tcl: Setting watchdog for 200 seconds at Thu Oct 08 16:08:25 UTC 2020
4 ms. Memory: 48128K Free: 27389K (57%)
ptolemy.util.test.WatchDog.cancel(): canceling Thu Oct 08 16:08:25 UTC 2020
------------------ testing $PTII/ptolemy/domains/de/test/auto/CausalityInterface15.xml
auto.tcl: Setting watchdog for 200 seconds at Thu Oct 08 16:08:26 UTC 2020
8 ms. Memory: 48128K Free: 28006K (58%)
ptolemy.util.test.WatchDog.cancel(): canceling Thu Oct 08 16:08:26 UTC 2020
auto.tcl: Setting watchdog for 200 seconds at Thu Oct 08 16:08:26 UTC 2020
7 ms. Memory: 48128K Free: 27309K (57%)
ptolemy.util.test.WatchDog.cancel(): canceling Thu Oct 08 16:08:26 UTC 2020
------------------ testing $PTII/ptolemy/domains/de/test/auto/CausalityInterface2.xml
auto.tcl: Setting watchdog for 200 seconds at Thu Oct 08 16:08:26 UTC 2020
6 ms. Memory: 48128K Free: 29032K (60%)
ptolemy.util.test.WatchDog.cancel(): canceling Thu Oct 08 16:08:26 UTC 2020
auto.tcl: Setting watchdog for 200 seconds at Thu Oct 08 16:08:26 UTC 2020
3 ms. Memory: 48128K Free: 27916K (58%)
ptolemy.util.test.WatchDog.cancel(): canceling Thu Oct 08 16:08:26 UTC 2020
------------------ testing $PTII/ptolemy/domains/de/test/auto/CausalityInterface3.xml
auto.tcl: Setting watchdog for 200 seconds at Thu Oct 08 16:08:26 UTC 2020
5 ms. Memory: 48128K Free: 28545K (59%)
ptolemy.util.test.WatchDog.cancel(): canceling Thu Oct 08 16:08:26 UTC 2020
auto.tcl: Setting watchdog for 200 seconds at Thu Oct 08 16:08:26 UTC 2020
3 ms. Memory: 48128K Free: 27758K (58%)
ptolemy.util.test.WatchDog.cancel(): canceling Thu Oct 08 16:08:26 UTC 2020
------------------ testing $PTII/ptolemy/domains/de/test/auto/ClockDrift.xml
auto.tcl: Setting watchdog for 200 seconds at Thu Oct 08 16:08:26 UTC 2020
73 ms. Memory: 48128K Free: 20658K (43%)
ptolemy.util.test.WatchDog.cancel(): canceling Thu Oct 08 16:08:26 UTC 2020
auto.tcl: Setting watchdog for 200 seconds at Thu Oct 08 16:08:26 UTC 2020
51 ms. Memory: 48128K Free: 17689K (37%)
ptolemy.util.test.WatchDog.cancel(): canceling Thu Oct 08 16:08:26 UTC 2020
------------------ testing $PTII/ptolemy/domains/de/test/auto/ClockDriftAndValueChange.xml
auto.tcl: Setting watchdog for 200 seconds at Thu Oct 08 16:08:26 UTC 2020
28 ms. Memory: 48128K Free: 21558K (45%)
ptolemy.util.test.WatchDog.cancel(): canceling Thu Oct 08 16:08:26 UTC 2020
auto.tcl: Setting watchdog for 200 seconds at Thu Oct 08 16:08:26 UTC 2020
21 ms. Memory: 48128K Free: 18625K (39%)
ptolemy.util.test.WatchDog.cancel(): canceling Thu Oct 08 16:08:26 UTC 2020
------------------ testing $PTII/ptolemy/domains/de/test/auto/ClockDriftChange.xml
auto.tcl: Setting watchdog for 200 seconds at Thu Oct 08 16:08:26 UTC 2020
16 ms. Memory: 48128K Free: 23005K (48%)
ptolemy.util.test.WatchDog.cancel(): canceling Thu Oct 08 16:08:26 UTC 2020
auto.tcl: Setting watchdog for 200 seconds at Thu Oct 08 16:08:26 UTC 2020
17 ms. Memory: 48128K Free: 20405K (42%)
ptolemy.util.test.WatchDog.cancel(): canceling Thu Oct 08 16:08:26 UTC 2020
------------------ testing $PTII/ptolemy/domains/de/test/auto/ComposableCausalityAnalysis.xml
auto.tcl: Setting watchdog for 200 seconds at Thu Oct 08 16:08:26 UTC 2020
2 ms. Memory: 48128K Free: 27627K (57%)
ptolemy.util.test.WatchDog.cancel(): canceling Thu Oct 08 16:08:26 UTC 2020
auto.tcl: Setting watchdog for 200 seconds at Thu Oct 08 16:08:26 UTC 2020
4 ms. Memory: 48128K Free: 26597K (55%)
ptolemy.util.test.WatchDog.cancel(): canceling Thu Oct 08 16:08:26 UTC 2020
------------------ testing $PTII/ptolemy/domains/de/test/auto/DEFixedPointLimitation.xml
auto.tcl: Setting watchdog for 200 seconds at Thu Oct 08 16:08:26 UTC 2020
2 ms. Memory: 48128K Free: 29023K (60%)
ptolemy.util.test.WatchDog.cancel(): canceling Thu Oct 08 16:08:26 UTC 2020
auto.tcl: Setting watchdog for 200 seconds at Thu Oct 08 16:08:26 UTC 2020
2 ms. Memory: 48128K Free: 28089K (58%)
ptolemy.util.test.WatchDog.cancel(): canceling Thu Oct 08 16:08:26 UTC 2020
------------------ testing $PTII/ptolemy/domains/de/test/auto/DEScheduleTest.xml
auto.tcl: Setting watchdog for 200 seconds at Thu Oct 08 16:08:26 UTC 2020
7 ms. Memory: 48128K Free: 29292K (61%)
ptolemy.util.test.WatchDog.cancel(): canceling Thu Oct 08 16:08:26 UTC 2020
auto.tcl: Setting watchdog for 200 seconds at Thu Oct 08 16:08:26 UTC 2020
3 ms. Memory: 48128K Free: 28514K (59%)
ptolemy.util.test.WatchDog.cancel(): canceling Thu Oct 08 16:08:26 UTC 2020
------------------ testing $PTII/ptolemy/domains/de/test/auto/DEinDEwithStartTimes.xml
auto.tcl: Setting watchdog for 200 seconds at Thu Oct 08 16:08:26 UTC 2020
5 ms. Memory: 48128K Free: 27451K (57%)
ptolemy.util.test.WatchDog.cancel(): canceling Thu Oct 08 16:08:26 UTC 2020
auto.tcl: Setting watchdog for 200 seconds at Thu Oct 08 16:08:26 UTC 2020
4 ms. Memory: 48128K Free: 26416K (55%)
ptolemy.util.test.WatchDog.cancel(): canceling Thu Oct 08 16:08:26 UTC 2020
------------------ testing $PTII/ptolemy/domains/de/test/auto/DEinDEwithStartTimes2.xml
auto.tcl: Setting watchdog for 200 seconds at Thu Oct 08 16:08:27 UTC 2020
7 ms. Memory: 48128K Free: 26649K (55%)
ptolemy.util.test.WatchDog.cancel(): canceling Thu Oct 08 16:08:27 UTC 2020
auto.tcl: Setting watchdog for 200 seconds at Thu Oct 08 16:08:27 UTC 2020
3 ms. Memory: 48128K Free: 25371K (53%)
ptolemy.util.test.WatchDog.cancel(): canceling Thu Oct 08 16:08:27 UTC 2020
------------------ testing $PTII/ptolemy/domains/de/test/auto/DateDemo.xml
auto.tcl: Setting watchdog for 200 seconds at Thu Oct 08 16:08:27 UTC 2020
16 ms. Memory: 48128K Free: 21315K (44%)
ptolemy.util.test.WatchDog.cancel(): canceling Thu Oct 08 16:08:27 UTC 2020
auto.tcl: Setting watchdog for 200 seconds at Thu Oct 08 16:08:27 UTC 2020
7 ms. Memory: 48128K Free: 19830K (41%)
ptolemy.util.test.WatchDog.cancel(): canceling Thu Oct 08 16:08:27 UTC 2020
------------------ testing $PTII/ptolemy/domains/de/test/auto/DateToEvent.xml
auto.tcl: Setting watchdog for 200 seconds at Thu Oct 08 16:08:27 UTC 2020
2012 ms. Memory: 48128K Free: 16463K (34%)
ptolemy.util.test.WatchDog.cancel(): canceling Thu Oct 08 16:08:29 UTC 2020
auto.tcl: Setting watchdog for 200 seconds at Thu Oct 08 16:08:29 UTC 2020
2004 ms. Memory: 48128K Free: 16079K (33%)
ptolemy.util.test.WatchDog.cancel(): canceling Thu Oct 08 16:08:31 UTC 2020
------------------ testing $PTII/ptolemy/domains/de/test/auto/DepthTest1.xml
auto.tcl: Setting watchdog for 200 seconds at Thu Oct 08 16:08:31 UTC 2020
5 ms. Memory: 48128K Free: 30083K (63%)
ptolemy.util.test.WatchDog.cancel(): canceling Thu Oct 08 16:08:31 UTC 2020
auto.tcl: Setting watchdog for 200 seconds at Thu Oct 08 16:08:31 UTC 2020
2 ms. Memory: 48128K Free: 29701K (62%)
ptolemy.util.test.WatchDog.cancel(): canceling Thu Oct 08 16:08:31 UTC 2020
------------------ testing $PTII/ptolemy/domains/de/test/auto/DepthTest2.xml
auto.tcl: Setting watchdog for 200 seconds at Thu Oct 08 16:08:31 UTC 2020
9 ms. Memory: 48128K Free: 26936K (56%)
ptolemy.util.test.WatchDog.cancel(): canceling Thu Oct 08 16:08:31 UTC 2020
auto.tcl: Setting watchdog for 200 seconds at Thu Oct 08 16:08:31 UTC 2020
2 ms. Memory: 48128K Free: 26515K (55%)
ptolemy.util.test.WatchDog.cancel(): canceling Thu Oct 08 16:08:31 UTC 2020
------------------ testing $PTII/ptolemy/domains/de/test/auto/DepthTest3.xml
auto.tcl: Setting watchdog for 200 seconds at Thu Oct 08 16:08:31 UTC 2020
3 ms. Memory: 48128K Free: 30413K (63%)
ptolemy.util.test.WatchDog.cancel(): canceling Thu Oct 08 16:08:31 UTC 2020
auto.tcl: Setting watchdog for 200 seconds at Thu Oct 08 16:08:31 UTC 2020
2 ms. Memory: 48128K Free: 30031K (62%)
ptolemy.util.test.WatchDog.cancel(): canceling Thu Oct 08 16:08:31 UTC 2020
------------------ testing $PTII/ptolemy/domains/de/test/auto/DepthTest4.xml
auto.tcl: Setting watchdog for 200 seconds at Thu Oct 08 16:08:31 UTC 2020
10 ms. Memory: 48128K Free: 28763K (60%)
ptolemy.util.test.WatchDog.cancel(): canceling Thu Oct 08 16:08:31 UTC 2020
auto.tcl: Setting watchdog for 200 seconds at Thu Oct 08 16:08:31 UTC 2020
2 ms. Memory: 48128K Free: 28019K (58%)
ptolemy.util.test.WatchDog.cancel(): canceling Thu Oct 08 16:08:31 UTC 2020
------------------ testing $PTII/ptolemy/domains/de/test/auto/DepthTest5.xml
auto.tcl: Setting watchdog for 200 seconds at Thu Oct 08 16:08:31 UTC 2020
4 ms. Memory: 48128K Free: 28146K (58%)
ptolemy.util.test.WatchDog.cancel(): canceling Thu Oct 08 16:08:31 UTC 2020
auto.tcl: Setting watchdog for 200 seconds at Thu Oct 08 16:08:31 UTC 2020
2 ms. Memory: 48128K Free: 27373K (57%)
ptolemy.util.test.WatchDog.cancel(): canceling Thu Oct 08 16:08:31 UTC 2020
------------------ testing $PTII/ptolemy/domains/de/test/auto/DepthTest6.xml
auto.tcl: Setting watchdog for 200 seconds at Thu Oct 08 16:08:31 UTC 2020
4 ms. Memory: 48128K Free: 27888K (58%)
ptolemy.util.test.WatchDog.cancel(): canceling Thu Oct 08 16:08:31 UTC 2020
auto.tcl: Setting watchdog for 200 seconds at Thu Oct 08 16:08:31 UTC 2020
2 ms. Memory: 48128K Free: 27475K (57%)
ptolemy.util.test.WatchDog.cancel(): canceling Thu Oct 08 16:08:31 UTC 2020
------------------ testing $PTII/ptolemy/domains/de/test/auto/DepthTest7.xml
auto.tcl: Setting watchdog for 200 seconds at Thu Oct 08 16:08:31 UTC 2020
2 ms. Memory: 48128K Free: 28372K (59%)
ptolemy.util.test.WatchDog.cancel(): canceling Thu Oct 08 16:08:31 UTC 2020
auto.tcl: Setting watchdog for 200 seconds at Thu Oct 08 16:08:31 UTC 2020
2 ms. Memory: 48128K Free: 27935K (58%)
ptolemy.util.test.WatchDog.cancel(): canceling Thu Oct 08 16:08:31 UTC 2020
------------------ testing $PTII/ptolemy/domains/de/test/auto/EventToDate.xml
auto.tcl: Setting watchdog for 200 seconds at Thu Oct 08 16:08:31 UTC 2020
3005 ms. Memory: 48128K Free: 19227K (40%)
ptolemy.util.test.WatchDog.cancel(): canceling Thu Oct 08 16:08:34 UTC 2020
auto.tcl: Setting watchdog for 200 seconds at Thu Oct 08 16:08:34 UTC 2020
3003 ms. Memory: 48128K Free: 18365K (38%)
ptolemy.util.test.WatchDog.cancel(): canceling Thu Oct 08 16:08:37 UTC 2020
------------------ testing $PTII/ptolemy/domains/de/test/auto/FSM1.xml
auto.tcl: Setting watchdog for 200 seconds at Thu Oct 08 16:08:37 UTC 2020
20 ms. Memory: 48128K Free: 20689K (43%)
ptolemy.util.test.WatchDog.cancel(): canceling Thu Oct 08 16:08:38 UTC 2020
auto.tcl: Setting watchdog for 200 seconds at Thu Oct 08 16:08:38 UTC 2020
25 ms. Memory: 48128K Free: 17452K (36%)
ptolemy.util.test.WatchDog.cancel(): canceling Thu Oct 08 16:08:38 UTC 2020
------------------ testing $PTII/ptolemy/domains/de/test/auto/FSM7.xml
auto.tcl: Setting watchdog for 200 seconds at Thu Oct 08 16:08:38 UTC 2020
27 ms. Memory: 48128K Free: 20391K (42%)
ptolemy.util.test.WatchDog.cancel(): canceling Thu Oct 08 16:08:38 UTC 2020
auto.tcl: Setting watchdog for 200 seconds at Thu Oct 08 16:08:38 UTC 2020
24 ms. Memory: 48128K Free: 17266K (36%)
ptolemy.util.test.WatchDog.cancel(): canceling Thu Oct 08 16:08:38 UTC 2020
------------------ testing $PTII/ptolemy/domains/de/test/auto/Inspection.xml
auto.tcl: Setting watchdog for 200 seconds at Thu Oct 08 16:08:38 UTC 2020
38 ms. Memory: 48128K Free: 20158K (42%)
ptolemy.util.test.WatchDog.cancel(): canceling Thu Oct 08 16:08:38 UTC 2020
auto.tcl: Setting watchdog for 200 seconds at Thu Oct 08 16:08:38 UTC 2020
25 ms. Memory: 48128K Free: 18295K (38%)
ptolemy.util.test.WatchDog.cancel(): canceling Thu Oct 08 16:08:38 UTC 2020
------------------ testing $PTII/ptolemy/domains/de/test/auto/Iteration.xml
auto.tcl: Setting watchdog for 200 seconds at Thu Oct 08 16:08:38 UTC 2020
13 ms. Memory: 48128K Free: 26188K (54%)
ptolemy.util.test.WatchDog.cancel(): canceling Thu Oct 08 16:08:38 UTC 2020
auto.tcl: Setting watchdog for 200 seconds at Thu Oct 08 16:08:38 UTC 2020
4 ms. Memory: 48128K Free: 25114K (52%)
ptolemy.util.test.WatchDog.cancel(): canceling Thu Oct 08 16:08:38 UTC 2020
------------------ testing $PTII/ptolemy/domains/de/test/auto/LineFault.xml
auto.tcl: Setting watchdog for 200 seconds at Thu Oct 08 16:08:38 UTC 2020
535 ms. Memory: 58368K Free: 27783K (48%)
ptolemy.util.test.WatchDog.cancel(): canceling Thu Oct 08 16:08:39 UTC 2020
auto.tcl: Setting watchdog for 200 seconds at Thu Oct 08 16:08:39 UTC 2020
458 ms. Memory: 58368K Free: 20869K (36%)
ptolemy.util.test.WatchDog.cancel(): canceling Thu Oct 08 16:08:39 UTC 2020
------------------ testing $PTII/ptolemy/domains/de/test/auto/MergeModel1Add.xml
auto.tcl: Setting watchdog for 200 seconds at Thu Oct 08 16:08:39 UTC 2020
28 ms. Memory: 58368K Free: 21763K (37%)
ptolemy.util.test.WatchDog.cancel(): canceling Thu Oct 08 16:08:39 UTC 2020
auto.tcl: Setting watchdog for 200 seconds at Thu Oct 08 16:08:39 UTC 2020
8 ms. Memory: 58368K Free: 20107K (34%)
ptolemy.util.test.WatchDog.cancel(): canceling Thu Oct 08 16:08:39 UTC 2020
------------------ testing $PTII/ptolemy/domains/de/test/auto/MergeModel2Add.xml
auto.tcl: Setting watchdog for 200 seconds at Thu Oct 08 16:08:39 UTC 2020
11 ms. Memory: 55296K Free: 21609K (39%)
ptolemy.util.test.WatchDog.cancel(): canceling Thu Oct 08 16:08:40 UTC 2020
auto.tcl: Setting watchdog for 200 seconds at Thu Oct 08 16:08:40 UTC 2020
8 ms. Memory: 55296K Free: 19937K (36%)
ptolemy.util.test.WatchDog.cancel(): canceling Thu Oct 08 16:08:40 UTC 2020
------------------ testing $PTII/ptolemy/domains/de/test/auto/MergeModel3Add.xml
auto.tcl: Setting watchdog for 200 seconds at Thu Oct 08 16:08:40 UTC 2020
8 ms. Memory: 55296K Free: 21339K (39%)
ptolemy.util.test.WatchDog.cancel(): canceling Thu Oct 08 16:08:40 UTC 2020
auto.tcl: Setting watchdog for 200 seconds at Thu Oct 08 16:08:40 UTC 2020
6 ms. Memory: 55296K Free: 19948K (36%)
ptolemy.util.test.WatchDog.cancel(): canceling Thu Oct 08 16:08:40 UTC 2020
------------------ testing $PTII/ptolemy/domains/de/test/auto/MergeWithoutDiscard.xml
auto.tcl: Setting watchdog for 200 seconds at Thu Oct 08 16:08:40 UTC 2020
1 ms. Memory: 55296K Free: 36210K (65%)
ptolemy.util.test.WatchDog.cancel(): canceling Thu Oct 08 16:08:40 UTC 2020
auto.tcl: Setting watchdog for 200 seconds at Thu Oct 08 16:08:40 UTC 2020
1 ms. Memory: 55296K Free: 35749K (65%)
ptolemy.util.test.WatchDog.cancel(): canceling Thu Oct 08 16:08:40 UTC 2020
------------------ testing $PTII/ptolemy/domains/de/test/auto/Modal1.xml
auto.tcl: Setting watchdog for 200 seconds at Thu Oct 08 16:08:40 UTC 2020
17 ms. Memory: 55296K Free: 28070K (51%)
ptolemy.util.test.WatchDog.cancel(): canceling Thu Oct 08 16:08:40 UTC 2020
auto.tcl: Setting watchdog for 200 seconds at Thu Oct 08 16:08:40 UTC 2020
22 ms. Memory: 55296K Free: 24781K (45%)
ptolemy.util.test.WatchDog.cancel(): canceling Thu Oct 08 16:08:40 UTC 2020
------------------ testing $PTII/ptolemy/domains/de/test/auto/Modal2.xml
auto.tcl: Setting watchdog for 200 seconds at Thu Oct 08 16:08:40 UTC 2020
13 ms. Memory: 55296K Free: 27947K (51%)
ptolemy.util.test.WatchDog.cancel(): canceling Thu Oct 08 16:08:40 UTC 2020
auto.tcl: Setting watchdog for 200 seconds at Thu Oct 08 16:08:40 UTC 2020
23 ms. Memory: 55296K Free: 24695K (45%)
ptolemy.util.test.WatchDog.cancel(): canceling Thu Oct 08 16:08:40 UTC 2020
------------------ testing $PTII/ptolemy/domains/de/test/auto/Modal3.xml
auto.tcl: Setting watchdog for 200 seconds at Thu Oct 08 16:08:40 UTC 2020
11 ms. Memory: 55296K Free: 27652K (50%)
ptolemy.util.test.WatchDog.cancel(): canceling Thu Oct 08 16:08:40 UTC 2020
auto.tcl: Setting watchdog for 200 seconds at Thu Oct 08 16:08:40 UTC 2020
12 ms. Memory: 55296K Free: 24711K (45%)
ptolemy.util.test.WatchDog.cancel(): canceling Thu Oct 08 16:08:40 UTC 2020
------------------ testing $PTII/ptolemy/domains/de/test/auto/Modal4.xml
auto.tcl: Setting watchdog for 200 seconds at Thu Oct 08 16:08:40 UTC 2020
12 ms. Memory: 55296K Free: 26919K (49%)
ptolemy.util.test.WatchDog.cancel(): canceling Thu Oct 08 16:08:40 UTC 2020
auto.tcl: Setting watchdog for 200 seconds at Thu Oct 08 16:08:40 UTC 2020
23 ms. Memory: 55296K Free: 23081K (42%)
ptolemy.util.test.WatchDog.cancel(): canceling Thu Oct 08 16:08:40 UTC 2020
------------------ testing $PTII/ptolemy/domains/de/test/auto/Modal5.xml
auto.tcl: Setting watchdog for 200 seconds at Thu Oct 08 16:08:40 UTC 2020
15 ms. Memory: 55296K Free: 26877K (49%)
ptolemy.util.test.WatchDog.cancel(): canceling Thu Oct 08 16:08:40 UTC 2020
auto.tcl: Setting watchdog for 200 seconds at Thu Oct 08 16:08:40 UTC 2020
16 ms. Memory: 55296K Free: 23069K (42%)
ptolemy.util.test.WatchDog.cancel(): canceling Thu Oct 08 16:08:40 UTC 2020
------------------ testing $PTII/ptolemy/domains/de/test/auto/Modal6.xml
auto.tcl: Setting watchdog for 200 seconds at Thu Oct 08 16:08:40 UTC 2020
12 ms. Memory: 55296K Free: 27654K (50%)
ptolemy.util.test.WatchDog.cancel(): canceling Thu Oct 08 16:08:40 UTC 2020
auto.tcl: Setting watchdog for 200 seconds at Thu Oct 08 16:08:40 UTC 2020
22 ms. Memory: 55296K Free: 23669K (43%)
ptolemy.util.test.WatchDog.cancel(): canceling Thu Oct 08 16:08:40 UTC 2020
------------------ testing $PTII/ptolemy/domains/de/test/auto/Modal7.xml
auto.tcl: Setting watchdog for 200 seconds at Thu Oct 08 16:08:40 UTC 2020
15 ms. Memory: 51200K Free: 22535K (44%)
ptolemy.util.test.WatchDog.cancel(): canceling Thu Oct 08 16:08:40 UTC 2020
auto.tcl: Setting watchdog for 200 seconds at Thu Oct 08 16:08:40 UTC 2020
11 ms. Memory: 51200K Free: 18970K (37%)
ptolemy.util.test.WatchDog.cancel(): canceling Thu Oct 08 16:08:40 UTC 2020
------------------ testing $PTII/ptolemy/domains/de/test/auto/ModalModel.xml
auto.tcl: Setting watchdog for 200 seconds at Thu Oct 08 16:08:40 UTC 2020
211 ms. Memory: 51200K Free: 13156K (26%)
ptolemy.util.test.WatchDog.cancel(): canceling Thu Oct 08 16:08:41 UTC 2020
auto.tcl: Setting watchdog for 200 seconds at Thu Oct 08 16:08:41 UTC 2020
194 ms. Memory: 63488K Free: 20132K (32%)
ptolemy.util.test.WatchDog.cancel(): canceling Thu Oct 08 16:08:41 UTC 2020
------------------ testing $PTII/ptolemy/domains/de/test/auto/ModalSource.xml
auto.tcl: Setting watchdog for 200 seconds at Thu Oct 08 16:08:41 UTC 2020
6 ms. Memory: 55296K Free: 31740K (57%)
ptolemy.util.test.WatchDog.cancel(): canceling Thu Oct 08 16:08:41 UTC 2020
auto.tcl: Setting watchdog for 200 seconds at Thu Oct 08 16:08:41 UTC 2020
6 ms. Memory: 55296K Free: 29692K (54%)
ptolemy.util.test.WatchDog.cancel(): canceling Thu Oct 08 16:08:41 UTC 2020
------------------ testing $PTII/ptolemy/domains/de/test/auto/NonInterruptibleTimerZeroDelay.xml
auto.tcl: Setting watchdog for 200 seconds at Thu Oct 08 16:08:41 UTC 2020
3 ms. Memory: 55296K Free: 36839K (67%)
ptolemy.util.test.WatchDog.cancel(): canceling Thu Oct 08 16:08:41 UTC 2020
auto.tcl: Setting watchdog for 200 seconds at Thu Oct 08 16:08:41 UTC 2020
2 ms. Memory: 55296K Free: 36009K (65%)
ptolemy.util.test.WatchDog.cancel(): canceling Thu Oct 08 16:08:41 UTC 2020
------------------ testing $PTII/ptolemy/domains/de/test/auto/OpenQueueingNetwork.xml
auto.tcl: Setting watchdog for 200 seconds at Thu Oct 08 16:08:41 UTC 2020
2770 ms. Memory: 95232K Free: 51223K (54%)
ptolemy.util.test.WatchDog.cancel(): canceling Thu Oct 08 16:08:44 UTC 2020
auto.tcl: Setting watchdog for 200 seconds at Thu Oct 08 16:08:44 UTC 2020
2341 ms. Memory: 114688K Free: 88027K (77%)
ptolemy.util.test.WatchDog.cancel(): canceling Thu Oct 08 16:08:46 UTC 2020
------------------ testing $PTII/ptolemy/domains/de/test/auto/OpenQueuingNetwork.xml
auto.tcl: Setting watchdog for 200 seconds at Thu Oct 08 16:08:46 UTC 2020
301 ms. Memory: 58368K Free: 30364K (52%)
ptolemy.util.test.WatchDog.cancel(): canceling Thu Oct 08 16:08:47 UTC 2020
auto.tcl: Setting watchdog for 200 seconds at Thu Oct 08 16:08:47 UTC 2020
230 ms. Memory: 58368K Free: 12192K (21%)
ptolemy.util.test.WatchDog.cancel(): canceling Thu Oct 08 16:08:47 UTC 2020
------------------ testing $PTII/ptolemy/domains/de/test/auto/PeriodicSampler.xml
auto.tcl: Setting watchdog for 200 seconds at Thu Oct 08 16:08:47 UTC 2020
2 ms. Memory: 51200K Free: 31777K (62%)
ptolemy.util.test.WatchDog.cancel(): canceling Thu Oct 08 16:08:47 UTC 2020
auto.tcl: Setting watchdog for 200 seconds at Thu Oct 08 16:08:47 UTC 2020
2 ms. Memory: 51200K Free: 31257K (61%)
ptolemy.util.test.WatchDog.cancel(): canceling Thu Oct 08 16:08:47 UTC 2020
------------------ testing $PTII/ptolemy/domains/de/test/auto/PersistentIO.xml
auto.tcl: Setting watchdog for 200 seconds at Thu Oct 08 16:08:47 UTC 2020
19 ms. Memory: 51200K Free: 26702K (52%)
ptolemy.util.test.WatchDog.cancel(): canceling Thu Oct 08 16:08:47 UTC 2020
auto.tcl: Setting watchdog for 200 seconds at Thu Oct 08 16:08:47 UTC 2020
4 ms. Memory: 51200K Free: 25182K (49%)
ptolemy.util.test.WatchDog.cancel(): canceling Thu Oct 08 16:08:47 UTC 2020
------------------ testing $PTII/ptolemy/domains/de/test/auto/PortParameterResetOnInitialize.xml
auto.tcl: Setting watchdog for 200 seconds at Thu Oct 08 16:08:47 UTC 2020
7 ms. Memory: 51200K Free: 31700K (62%)
ptolemy.util.test.WatchDog.cancel(): canceling Thu Oct 08 16:08:47 UTC 2020
auto.tcl: Setting watchdog for 200 seconds at Thu Oct 08 16:08:47 UTC 2020
2 ms. Memory: 51200K Free: 31190K (61%)
ptolemy.util.test.WatchDog.cancel(): canceling Thu Oct 08 16:08:47 UTC 2020
------------------ testing $PTII/ptolemy/domains/de/test/auto/PortParameterUpdates.xml
auto.tcl: Setting watchdog for 200 seconds at Thu Oct 08 16:08:47 UTC 2020
8 ms. Memory: 51200K Free: 29770K (58%)
ptolemy.util.test.WatchDog.cancel(): canceling Thu Oct 08 16:08:47 UTC 2020
auto.tcl: Setting watchdog for 200 seconds at Thu Oct 08 16:08:47 UTC 2020
3 ms. Memory: 51200K Free: 28746K (56%)
ptolemy.util.test.WatchDog.cancel(): canceling Thu Oct 08 16:08:47 UTC 2020
------------------ testing $PTII/ptolemy/domains/de/test/auto/QueueAndServer.xml
auto.tcl: Setting watchdog for 200 seconds at Thu Oct 08 16:08:47 UTC 2020
5 ms. Memory: 51200K Free: 28724K (56%)
ptolemy.util.test.WatchDog.cancel(): canceling Thu Oct 08 16:08:47 UTC 2020
auto.tcl: Setting watchdog for 200 seconds at Thu Oct 08 16:08:47 UTC 2020
5 ms. Memory: 51200K Free: 27191K (53%)
ptolemy.util.test.WatchDog.cancel(): canceling Thu Oct 08 16:08:47 UTC 2020
------------------ testing $PTII/ptolemy/domains/de/test/auto/Records.xml
auto.tcl: Setting watchdog for 200 seconds at Thu Oct 08 16:08:48 UTC 2020
3 ms. Memory: 51200K Free: 30931K (60%)
ptolemy.util.test.WatchDog.cancel(): canceling Thu Oct 08 16:08:48 UTC 2020
auto.tcl: Setting watchdog for 200 seconds at Thu Oct 08 16:08:48 UTC 2020
2 ms. Memory: 51200K Free: 30417K (59%)
ptolemy.util.test.WatchDog.cancel(): canceling Thu Oct 08 16:08:48 UTC 2020
------------------ testing $PTII/ptolemy/domains/de/test/auto/ResetTransitionWithStartTime1.xml
auto.tcl: Setting watchdog for 200 seconds at Thu Oct 08 16:08:48 UTC 2020
14 ms. Memory: 51200K Free: 28186K (55%)
ptolemy.util.test.WatchDog.cancel(): canceling Thu Oct 08 16:08:48 UTC 2020
auto.tcl: Setting watchdog for 200 seconds at Thu Oct 08 16:08:48 UTC 2020
8 ms. Memory: 51200K Free: 25610K (50%)
ptolemy.util.test.WatchDog.cancel(): canceling Thu Oct 08 16:08:48 UTC 2020
------------------ testing $PTII/ptolemy/domains/de/test/auto/ResetTransitionWithStartTime2.xml
auto.tcl: Setting watchdog for 200 seconds at Thu Oct 08 16:08:48 UTC 2020
8 ms. Memory: 51200K Free: 28141K (55%)
ptolemy.util.test.WatchDog.cancel(): canceling Thu Oct 08 16:08:48 UTC 2020
auto.tcl: Setting watchdog for 200 seconds at Thu Oct 08 16:08:48 UTC 2020
5 ms. Memory: 51200K Free: 26094K (51%)
ptolemy.util.test.WatchDog.cancel(): canceling Thu Oct 08 16:08:48 UTC 2020
------------------ testing $PTII/ptolemy/domains/de/test/auto/ResetTransitionWithStartTime3.xml
auto.tcl: Setting watchdog for 200 seconds at Thu Oct 08 16:08:48 UTC 2020
9 ms. Memory: 51200K Free: 28139K (55%)
ptolemy.util.test.WatchDog.cancel(): canceling Thu Oct 08 16:08:48 UTC 2020
auto.tcl: Setting watchdog for 200 seconds at Thu Oct 08 16:08:48 UTC 2020
8 ms. Memory: 51200K Free: 25563K (50%)
ptolemy.util.test.WatchDog.cancel(): canceling Thu Oct 08 16:08:48 UTC 2020
------------------ testing $PTII/ptolemy/domains/de/test/auto/ResetTransitionWithStartTime4.xml
auto.tcl: Setting watchdog for 200 seconds at Thu Oct 08 16:08:48 UTC 2020
7 ms. Memory: 51200K Free: 28564K (56%)
ptolemy.util.test.WatchDog.cancel(): canceling Thu Oct 08 16:08:48 UTC 2020
auto.tcl: Setting watchdog for 200 seconds at Thu Oct 08 16:08:48 UTC 2020
3 ms. Memory: 51200K Free: 27114K (53%)
ptolemy.util.test.WatchDog.cancel(): canceling Thu Oct 08 16:08:48 UTC 2020
------------------ testing $PTII/ptolemy/domains/de/test/auto/ResettableTimer1.xml
auto.tcl: Setting watchdog for 200 seconds at Thu Oct 08 16:08:48 UTC 2020
3 ms. Memory: 51200K Free: 32308K (63%)
ptolemy.util.test.WatchDog.cancel(): canceling Thu Oct 08 16:08:48 UTC 2020
auto.tcl: Setting watchdog for 200 seconds at Thu Oct 08 16:08:48 UTC 2020
2 ms. Memory: 51200K Free: 31688K (62%)
ptolemy.util.test.WatchDog.cancel(): canceling Thu Oct 08 16:08:48 UTC 2020
------------------ testing $PTII/ptolemy/domains/de/test/auto/ResettableTimer2.xml
auto.tcl: Setting watchdog for 200 seconds at Thu Oct 08 16:08:48 UTC 2020
5 ms. Memory: 51200K Free: 32372K (63%)
ptolemy.util.test.WatchDog.cancel(): canceling Thu Oct 08 16:08:48 UTC 2020
auto.tcl: Setting watchdog for 200 seconds at Thu Oct 08 16:08:48 UTC 2020
2 ms. Memory: 51200K Free: 31753K (62%)
ptolemy.util.test.WatchDog.cancel(): canceling Thu Oct 08 16:08:48 UTC 2020
------------------ testing $PTII/ptolemy/domains/de/test/auto/ResettableTimer3.xml
auto.tcl: Setting watchdog for 200 seconds at Thu Oct 08 16:08:48 UTC 2020
2 ms. Memory: 51200K Free: 32712K (64%)
ptolemy.util.test.WatchDog.cancel(): canceling Thu Oct 08 16:08:48 UTC 2020
auto.tcl: Setting watchdog for 200 seconds at Thu Oct 08 16:08:48 UTC 2020
1 ms. Memory: 51200K Free: 32272K (63%)
ptolemy.util.test.WatchDog.cancel(): canceling Thu Oct 08 16:08:48 UTC 2020
------------------ testing $PTII/ptolemy/domains/de/test/auto/ResettableTimer4.xml
auto.tcl: Setting watchdog for 200 seconds at Thu Oct 08 16:08:48 UTC 2020
1 ms. Memory: 51200K Free: 32285K (63%)
ptolemy.util.test.WatchDog.cancel(): canceling Thu Oct 08 16:08:48 UTC 2020
auto.tcl: Setting watchdog for 200 seconds at Thu Oct 08 16:08:48 UTC 2020
1 ms. Memory: 51200K Free: 32285K (63%)
ptolemy.util.test.WatchDog.cancel(): canceling Thu Oct 08 16:08:48 UTC 2020
------------------ testing $PTII/ptolemy/domains/de/test/auto/ResettableTimer5.xml
auto.tcl: Setting watchdog for 200 seconds at Thu Oct 08 16:08:48 UTC 2020
2 ms. Memory: 51200K Free: 32284K (63%)
ptolemy.util.test.WatchDog.cancel(): canceling Thu Oct 08 16:08:48 UTC 2020
auto.tcl: Setting watchdog for 200 seconds at Thu Oct 08 16:08:48 UTC 2020
2 ms. Memory: 51200K Free: 31777K (62%)
ptolemy.util.test.WatchDog.cancel(): canceling Thu Oct 08 16:08:48 UTC 2020
------------------ testing $PTII/ptolemy/domains/de/test/auto/ResettableTimer6.xml
auto.tcl: Setting watchdog for 200 seconds at Thu Oct 08 16:08:48 UTC 2020
1 ms. Memory: 51200K Free: 31760K (62%)
ptolemy.util.test.WatchDog.cancel(): canceling Thu Oct 08 16:08:48 UTC 2020
auto.tcl: Setting watchdog for 200 seconds at Thu Oct 08 16:08:48 UTC 2020
2 ms. Memory: 51200K Free: 31250K (61%)
ptolemy.util.test.WatchDog.cancel(): canceling Thu Oct 08 16:08:48 UTC 2020
------------------ testing $PTII/ptolemy/domains/de/test/auto/ServerZeroDelay.xml
auto.tcl: Setting watchdog for 200 seconds at Thu Oct 08 16:08:48 UTC 2020
4 ms. Memory: 51200K Free: 32265K (63%)
ptolemy.util.test.WatchDog.cancel(): canceling Thu Oct 08 16:08:48 UTC 2020
auto.tcl: Setting watchdog for 200 seconds at Thu Oct 08 16:08:48 UTC 2020
3 ms. Memory: 51200K Free: 31241K (61%)
ptolemy.util.test.WatchDog.cancel(): canceling Thu Oct 08 16:08:48 UTC 2020
------------------ testing $PTII/ptolemy/domains/de/test/auto/SmartSender.xml
auto.tcl: Setting watchdog for 200 seconds at Thu Oct 08 16:08:48 UTC 2020
3001 ms. Memory: 51200K Free: 32260K (63%)
ptolemy.util.test.WatchDog.cancel(): canceling Thu Oct 08 16:08:51 UTC 2020
auto.tcl: Setting watchdog for 200 seconds at Thu Oct 08 16:08:51 UTC 2020
3001 ms. Memory: 51200K Free: 31754K (62%)
ptolemy.util.test.WatchDog.cancel(): canceling Thu Oct 08 16:08:54 UTC 2020
------------------ testing $PTII/ptolemy/domains/de/test/auto/ThreadedComposite.xml
auto.tcl: Setting watchdog for 200 seconds at Thu Oct 08 16:08:54 UTC 2020
199 ms. Memory: 51200K Free: 12817K (25%)
ptolemy.util.test.WatchDog.cancel(): canceling Thu Oct 08 16:08:55 UTC 2020
auto.tcl: Setting watchdog for 200 seconds at Thu Oct 08 16:08:55 UTC 2020
120 ms. Memory: 51200K Free: 27433K (54%)
ptolemy.util.test.WatchDog.cancel(): canceling Thu Oct 08 16:08:55 UTC 2020
------------------ testing $PTII/ptolemy/domains/de/test/auto/Time.xml
auto.tcl: Setting watchdog for 200 seconds at Thu Oct 08 16:08:55 UTC 2020
492 ms. Memory: 51200K Free: 7844K (15%)
ptolemy.util.test.WatchDog.cancel(): canceling Thu Oct 08 16:08:55 UTC 2020
auto.tcl: Setting watchdog for 200 seconds at Thu Oct 08 16:08:55 UTC 2020
494 ms. Memory: 51200K Free: 12055K (24%)
ptolemy.util.test.WatchDog.cancel(): canceling Thu Oct 08 16:08:56 UTC 2020
------------------ testing $PTII/ptolemy/domains/de/test/auto/TimeDelayZeroDelay.xml
auto.tcl: Setting watchdog for 200 seconds at Thu Oct 08 16:08:56 UTC 2020
3 ms. Memory: 51200K Free: 32608K (64%)
ptolemy.util.test.WatchDog.cancel(): canceling Thu Oct 08 16:08:56 UTC 2020
auto.tcl: Setting watchdog for 200 seconds at Thu Oct 08 16:08:56 UTC 2020
2 ms. Memory: 51200K Free: 31764K (62%)
ptolemy.util.test.WatchDog.cancel(): canceling Thu Oct 08 16:08:56 UTC 2020
------------------ testing $PTII/ptolemy/domains/de/test/auto/TimerZeroDelay.xml
auto.tcl: Setting watchdog for 200 seconds at Thu Oct 08 16:08:56 UTC 2020
3 ms. Memory: 51200K Free: 32607K (64%)
ptolemy.util.test.WatchDog.cancel(): canceling Thu Oct 08 16:08:56 UTC 2020
auto.tcl: Setting watchdog for 200 seconds at Thu Oct 08 16:08:56 UTC 2020
2 ms. Memory: 51200K Free: 31806K (62%)
ptolemy.util.test.WatchDog.cancel(): canceling Thu Oct 08 16:08:56 UTC 2020
------------------ testing $PTII/ptolemy/domains/de/test/auto/TimingParadox.xml
auto.tcl: Setting watchdog for 200 seconds at Thu Oct 08 16:08:56 UTC 2020
349 ms. Memory: 51200K Free: 19125K (37%)
ptolemy.util.test.WatchDog.cancel(): canceling Thu Oct 08 16:08:56 UTC 2020
auto.tcl: Setting watchdog for 200 seconds at Thu Oct 08 16:08:56 UTC 2020
315 ms. Memory: 51200K Free: 9694K (19%)
ptolemy.util.test.WatchDog.cancel(): canceling Thu Oct 08 16:08:57 UTC 2020
------------------ testing $PTII/ptolemy/domains/de/test/auto/TransferInputs.xml
auto.tcl: Setting watchdog for 200 seconds at Thu Oct 08 16:08:57 UTC 2020
1 ms. Memory: 51200K Free: 30701K (60%)
ptolemy.util.test.WatchDog.cancel(): canceling Thu Oct 08 16:08:57 UTC 2020
auto.tcl: Setting watchdog for 200 seconds at Thu Oct 08 16:08:57 UTC 2020
2 ms. Memory: 51200K Free: 29828K (58%)
ptolemy.util.test.WatchDog.cancel(): canceling Thu Oct 08 16:08:57 UTC 2020
------------------ testing $PTII/ptolemy/domains/de/test/auto/TransferOutputs2.xml
auto.tcl: Setting watchdog for 200 seconds at Thu Oct 08 16:08:57 UTC 2020
2 ms. Memory: 51200K Free: 28143K (55%)
ptolemy.util.test.WatchDog.cancel(): canceling Thu Oct 08 16:08:57 UTC 2020
auto.tcl: Setting watchdog for 200 seconds at Thu Oct 08 16:08:57 UTC 2020
3 ms. Memory: 51200K Free: 26742K (52%)
ptolemy.util.test.WatchDog.cancel(): canceling Thu Oct 08 16:08:57 UTC 2020
------------------ testing $PTII/ptolemy/domains/de/test/auto/Trilateration.xml
auto.tcl: Setting watchdog for 200 seconds at Thu Oct 08 16:08:57 UTC 2020
12577 ms. Memory: 420864K Free: 174803K (42%)
ptolemy.util.test.WatchDog.cancel(): canceling Thu Oct 08 16:09:10 UTC 2020
auto.tcl: Setting watchdog for 200 seconds at Thu Oct 08 16:09:10 UTC 2020
9127 ms. Memory: 420864K Free: 288910K (69%)
ptolemy.util.test.WatchDog.cancel(): canceling Thu Oct 08 16:09:20 UTC 2020
------------------ testing $PTII/ptolemy/domains/de/test/auto/TwoSigmaDelta.xml
auto.tcl: Setting watchdog for 200 seconds at Thu Oct 08 16:09:20 UTC 2020
2242 ms. Memory: 92160K Free: 44747K (49%)
ptolemy.util.test.WatchDog.cancel(): canceling Thu Oct 08 16:09:22 UTC 2020
auto.tcl: Setting watchdog for 200 seconds at Thu Oct 08 16:09:22 UTC 2020
1844 ms. Memory: 92160K Free: 49848K (54%)
ptolemy.util.test.WatchDog.cancel(): canceling Thu Oct 08 16:09:24 UTC 2020
------------------ testing $PTII/ptolemy/domains/de/test/auto/VariableDelay.xml
auto.tcl: Setting watchdog for 200 seconds at Thu Oct 08 16:09:24 UTC 2020
3 ms. Memory: 55296K Free: 35278K (64%)
ptolemy.util.test.WatchDog.cancel(): canceling Thu Oct 08 16:09:24 UTC 2020
auto.tcl: Setting watchdog for 200 seconds at Thu Oct 08 16:09:24 UTC 2020
2 ms. Memory: 55296K Free: 34284K (62%)
ptolemy.util.test.WatchDog.cancel(): canceling Thu Oct 08 16:09:24 UTC 2020
------------------ testing $PTII/ptolemy/domains/de/test/auto/VariableDelay2.xml
auto.tcl: Setting watchdog for 200 seconds at Thu Oct 08 16:09:24 UTC 2020
3 ms. Memory: 55296K Free: 36220K (66%)
ptolemy.util.test.WatchDog.cancel(): canceling Thu Oct 08 16:09:24 UTC 2020
auto.tcl: Setting watchdog for 200 seconds at Thu Oct 08 16:09:24 UTC 2020
1 ms. Memory: 55296K Free: 35196K (64%)
ptolemy.util.test.WatchDog.cancel(): canceling Thu Oct 08 16:09:24 UTC 2020
------------------ testing $PTII/ptolemy/domains/de/test/auto/VariableDelayZeroDelay.xml
auto.tcl: Setting watchdog for 200 seconds at Thu Oct 08 16:09:24 UTC 2020
2 ms. Memory: 51200K Free: 32123K (63%)
ptolemy.util.test.WatchDog.cancel(): canceling Thu Oct 08 16:09:24 UTC 2020
auto.tcl: Setting watchdog for 200 seconds at Thu Oct 08 16:09:24 UTC 2020
2 ms. Memory: 51200K Free: 31579K (62%)
ptolemy.util.test.WatchDog.cancel(): canceling Thu Oct 08 16:09:24 UTC 2020
------------------ testing $PTII/ptolemy/domains/de/test/auto/VariableDelayZeroDelay2.xml
auto.tcl: Setting watchdog for 200 seconds at Thu Oct 08 16:09:24 UTC 2020
2 ms. Memory: 51200K Free: 32123K (63%)
ptolemy.util.test.WatchDog.cancel(): canceling Thu Oct 08 16:09:24 UTC 2020
auto.tcl: Setting watchdog for 200 seconds at Thu Oct 08 16:09:24 UTC 2020
2 ms. Memory: 51200K Free: 31099K (61%)
ptolemy.util.test.WatchDog.cancel(): canceling Thu Oct 08 16:09:24 UTC 2020
------------------ testing $PTII/ptolemy/domains/de/test/auto/deInCt.xml
auto.tcl: Setting watchdog for 200 seconds at Thu Oct 08 16:09:24 UTC 2020
0
1
1
1
0
0
1
1
1
0
0
0
1
1
1
1
1
0
0
0
1
1
1
1
1
1
1
1
0
0
0
0
18 ms. Memory: 51200K Free: 31096K (61%)
ptolemy.util.test.WatchDog.cancel(): canceling Thu Oct 08 16:09:24 UTC 2020
auto.tcl: Setting watchdog for 200 seconds at Thu Oct 08 16:09:24 UTC 2020
0
1
1
1
1
0
0
0
1
1
1
0
0
0
1
1
1
0
0
0
1
1
1
1
1
1
0
0
0
0
0
0
4 ms. Memory: 51200K Free: 29567K (58%)
ptolemy.util.test.WatchDog.cancel(): canceling Thu Oct 08 16:09:24 UTC 2020
------------------ testing $PTII/ptolemy/domains/de/test/auto/deInCt2.xml
auto.tcl: Setting watchdog for 200 seconds at Thu Oct 08 16:09:24 UTC 2020
0
1
1
1
0
0
1
1
1
0
0
1
1
1
0
0
1
1
1
0
0
1
1
1
0
0
1
1
1
0
0
1
1
1
0
0
1
1
1
0
0
0
8 ms. Memory: 51200K Free: 31097K (61%)
ptolemy.util.test.WatchDog.cancel(): canceling Thu Oct 08 16:09:24 UTC 2020
auto.tcl: Setting watchdog for 200 seconds at Thu Oct 08 16:09:24 UTC 2020
0
1
1
1
0
0
1
1
1
0
0
1
1
1
0
0
1
1
1
0
0
1
1
1
0
0
1
1
1
0
0
1
1
1
0
0
1
1
1
0
0
0
5 ms. Memory: 51200K Free: 29545K (58%)
ptolemy.util.test.WatchDog.cancel(): canceling Thu Oct 08 16:09:24 UTC 2020
------------------ testing $PTII/ptolemy/domains/de/test/auto/dynamicCausalityInterface1.xml
auto.tcl: Setting watchdog for 200 seconds at Thu Oct 08 16:09:24 UTC 2020
2 ms. Memory: 51200K Free: 26412K (52%)
ptolemy.util.test.WatchDog.cancel(): canceling Thu Oct 08 16:09:24 UTC 2020
auto.tcl: Setting watchdog for 200 seconds at Thu Oct 08 16:09:24 UTC 2020
0 ms. Memory: 51200K Free: 26412K (52%)
ptolemy.util.test.WatchDog.cancel(): canceling Thu Oct 08 16:09:24 UTC 2020
------------------ testing $PTII/ptolemy/domains/de/test/auto/fsm_de_test.xml
auto.tcl: Setting watchdog for 200 seconds at Thu Oct 08 16:09:24 UTC 2020
7 ms. Memory: 51200K Free: 26894K (53%)
ptolemy.util.test.WatchDog.cancel(): canceling Thu Oct 08 16:09:24 UTC 2020
auto.tcl: Setting watchdog for 200 seconds at Thu Oct 08 16:09:24 UTC 2020
5 ms. Memory: 51200K Free: 24846K (49%)
ptolemy.util.test.WatchDog.cancel(): canceling Thu Oct 08 16:09:24 UTC 2020
------------------ testing $PTII/ptolemy/domains/de/test/auto/functionDependencyReconstruction.xml
auto.tcl: Setting watchdog for 200 seconds at Thu Oct 08 16:09:24 UTC 2020
2 ms. Memory: 51200K Free: 20739K (41%)
ptolemy.util.test.WatchDog.cancel(): canceling Thu Oct 08 16:09:24 UTC 2020
auto.tcl: Setting watchdog for 200 seconds at Thu Oct 08 16:09:24 UTC 2020
2 ms. Memory: 51200K Free: 18691K (37%)
ptolemy.util.test.WatchDog.cancel(): canceling Thu Oct 08 16:09:25 UTC 2020
------------------ testing $PTII/ptolemy/domains/de/test/auto/multirate.xml
auto.tcl: Setting watchdog for 200 seconds at Thu Oct 08 16:09:25 UTC 2020
5 ms. Memory: 51200K Free: 29534K (58%)
ptolemy.util.test.WatchDog.cancel(): canceling Thu Oct 08 16:09:25 UTC 2020
auto.tcl: Setting watchdog for 200 seconds at Thu Oct 08 16:09:25 UTC 2020
3 ms. Memory: 51200K Free: 27801K (54%)
ptolemy.util.test.WatchDog.cancel(): canceling Thu Oct 08 16:09:25 UTC 2020
------------------ testing $PTII/ptolemy/domains/de/test/auto/multirate2.xml
auto.tcl: Setting watchdog for 200 seconds at Thu Oct 08 16:09:25 UTC 2020
3 ms. Memory: 51200K Free: 29689K (58%)
ptolemy.util.test.WatchDog.cancel(): canceling Thu Oct 08 16:09:25 UTC 2020
auto.tcl: Setting watchdog for 200 seconds at Thu Oct 08 16:09:25 UTC 2020
3 ms. Memory: 51200K Free: 28450K (56%)
ptolemy.util.test.WatchDog.cancel(): canceling Thu Oct 08 16:09:25 UTC 2020
------------------ testing $PTII/ptolemy/domains/de/test/auto/realtime.xml
auto.tcl: Setting watchdog for 200 seconds at Thu Oct 08 16:09:25 UTC 2020
10001 ms. Memory: 51200K Free: 31776K (62%)
ptolemy.util.test.WatchDog.cancel(): canceling Thu Oct 08 16:09:35 UTC 2020
auto.tcl: Setting watchdog for 200 seconds at Thu Oct 08 16:09:35 UTC 2020
10002 ms. Memory: 51200K Free: 31041K (61%)
ptolemy.util.test.WatchDog.cancel(): canceling Thu Oct 08 16:09:45 UTC 2020
------------------ testing $PTII/ptolemy/domains/de/test/auto/relationGroup.xml
auto.tcl: Setting watchdog for 200 seconds at Thu Oct 08 16:09:45 UTC 2020
4 ms. Memory: 51200K Free: 32855K (64%)
ptolemy.util.test.WatchDog.cancel(): canceling Thu Oct 08 16:09:45 UTC 2020
auto.tcl: Setting watchdog for 200 seconds at Thu Oct 08 16:09:45 UTC 2020
2 ms. Memory: 51200K Free: 32120K (63%)
ptolemy.util.test.WatchDog.cancel(): canceling Thu Oct 08 16:09:45 UTC 2020
------------------ testing $PTII/ptolemy/domains/de/test/auto/relationGroup2.xml
auto.tcl: Setting watchdog for 200 seconds at Thu Oct 08 16:09:45 UTC 2020
1 ms. Memory: 51200K Free: 32881K (64%)
ptolemy.util.test.WatchDog.cancel(): canceling Thu Oct 08 16:09:45 UTC 2020
auto.tcl: Setting watchdog for 200 seconds at Thu Oct 08 16:09:45 UTC 2020
2 ms. Memory: 51200K Free: 32146K (63%)
ptolemy.util.test.WatchDog.cancel(): canceling Thu Oct 08 16:09:45 UTC 2020
------------------ testing $PTII/ptolemy/domains/de/test/auto/sortWithOpaquePorts.xml
auto.tcl: Setting watchdog for 200 seconds at Thu Oct 08 16:09:45 UTC 2020
2 ms. Memory: 51200K Free: 31619K (62%)
ptolemy.util.test.WatchDog.cancel(): canceling Thu Oct 08 16:09:45 UTC 2020
auto.tcl: Setting watchdog for 200 seconds at Thu Oct 08 16:09:45 UTC 2020
2 ms. Memory: 51200K Free: 30593K (60%)
ptolemy.util.test.WatchDog.cancel(): canceling Thu Oct 08 16:09:45 UTC 2020
------------------ testing $PTII/ptolemy/domains/de/test/auto/transferInputsandOutputs.xml
auto.tcl: Setting watchdog for 200 seconds at Thu Oct 08 16:09:45 UTC 2020
2 ms. Memory: 51200K Free: 29062K (57%)
ptolemy.util.test.WatchDog.cancel(): canceling Thu Oct 08 16:09:45 UTC 2020
auto.tcl: Setting watchdog for 200 seconds at Thu Oct 08 16:09:45 UTC 2020
2 ms. Memory: 51200K Free: 28043K (55%)
ptolemy.util.test.WatchDog.cancel(): canceling Thu Oct 08 16:09:45 UTC 2020
------------------ testing $PTII/ptolemy/domains/de/test/auto/triggerType.xml
auto.tcl: Setting watchdog for 200 seconds at Thu Oct 08 16:09:45 UTC 2020
2 ms. Memory: 51200K Free: 32087K (63%)
ptolemy.util.test.WatchDog.cancel(): canceling Thu Oct 08 16:09:45 UTC 2020
auto.tcl: Setting watchdog for 200 seconds at Thu Oct 08 16:09:45 UTC 2020
2 ms. Memory: 51200K Free: 31063K (61%)
ptolemy.util.test.WatchDog.cancel(): canceling Thu Oct 08 16:09:45 UTC 2020
10/08/20 04:09:45
Failed: 0  Total Tests: 192  ((Passed: 187, Newly Passed: 1)  Known Failed: 5) /home/travis/build/icyphy/ptII/ptolemy/domains/de/test
10/08/20 04:09:45
Failed: 0  Total Tests: 192  ((Passed: 187, Newly Passed: 1)  Known Failed: 5) /home/travis/build/icyphy/ptII/ptolemy/domains/de/test
----------------- testing (KnownFailure) /home/travis/build/icyphy/ptII/ptolemy/domains/de/test/auto/knownFailedTests/DESDFClockTest.xml
2010 ms. Memory: 51200K Free: 24972K (49%)
Known Failure: java.lang.reflect.InvocationTargetException
----------------- testing (KnownFailure) /home/travis/build/icyphy/ptII/ptolemy/domains/de/test/auto/knownFailedTests/DirectFeedback.xml
1 ms. Memory: 51200K Free: 20876K (41%)
Known Failure: java.lang.reflect.InvocationTargetException
----------------- testing (KnownFailure) /home/travis/build/icyphy/ptII/ptolemy/domains/de/test/auto/knownFailedTests/FSMSource.xml
11 ms. Memory: 51200K Free: 13708K (27%)
----------------- testing (KnownFailure) /home/travis/build/icyphy/ptII/ptolemy/domains/de/test/auto/knownFailedTests/HierarchicalModel.xml
6 ms. Memory: 51200K Free: 25946K (51%)
Known Failure: java.lang.reflect.InvocationTargetException
----------------- testing (KnownFailure) /home/travis/build/icyphy/ptII/ptolemy/domains/de/test/auto/knownFailedTests/dependencyLoop.xml
3 ms. Memory: 51200K Free: 10626K (21%)
Known Failure: java.lang.reflect.InvocationTargetException
----------------- testing (KnownFailure) /home/travis/build/icyphy/ptII/ptolemy/domains/de/test/auto/knownFailedTests/dependencyLoop2.xml
6 ms. Memory: 51200K Free: 23469K (46%)
Known Failure: java.lang.reflect.InvocationTargetException
No auto/linux-amd64/*.xml tests in /home/travis/build/icyphy/ptII/ptolemy/domains/de/test
AutoTests.java: About to close Vertx.
AutoTests.java: Vertx closed.

===========================================================================================
----------------- testing Thu Oct 08 16:09:47 UTC 2020 /home/travis/build/icyphy/ptII/ptolemy/domains/de/test/auto/ActorDepthCalculation_actorWithoutPorts.xml
----------------- Instantiating /home/travis/build/icyphy/ptII/ptolemy/domains/de/test/auto/ActorDepthCalculation_actorWithoutPorts.xml
2 ms. Memory: 51200K Free: 17016K (33%)
----------------- Invoking toplevel() on ptolemy.moml.MoMLSimpleApplication@332eed20
----------------- Done invoking toplevel() on ptolemy.moml.MoMLSimpleApplication@332eed20
reloadAllAccessors: .ActorDepthCalculation_actorWithoutPorts

===========================================================================================
----------------- testing Thu Oct 08 16:09:47 UTC 2020 /home/travis/build/icyphy/ptII/ptolemy/domains/de/test/auto/AssemblyLine.xml
----------------- Instantiating /home/travis/build/icyphy/ptII/ptolemy/domains/de/test/auto/AssemblyLine.xml
3 ms. Memory: 51200K Free: 9878K (19%)
----------------- Invoking toplevel() on ptolemy.moml.MoMLSimpleApplication@21df578c
----------------- Done invoking toplevel() on ptolemy.moml.MoMLSimpleApplication@21df578c
reloadAllAccessors: .AssemblyLine

===========================================================================================
----------------- testing Thu Oct 08 16:09:47 UTC 2020 /home/travis/build/icyphy/ptII/ptolemy/domains/de/test/auto/CQBug1.xml
----------------- Instantiating /home/travis/build/icyphy/ptII/ptolemy/domains/de/test/auto/CQBug1.xml
1 ms. Memory: 51200K Free: 34908K (68%)
----------------- Invoking toplevel() on ptolemy.moml.MoMLSimpleApplication@3bb40612
----------------- Done invoking toplevel() on ptolemy.moml.MoMLSimpleApplication@3bb40612
reloadAllAccessors: .CQBug1

===========================================================================================
----------------- testing Thu Oct 08 16:09:47 UTC 2020 /home/travis/build/icyphy/ptII/ptolemy/domains/de/test/auto/CancelFireAt.xml
----------------- Instantiating /home/travis/build/icyphy/ptII/ptolemy/domains/de/test/auto/CancelFireAt.xml
4 ms. Memory: 51200K Free: 32504K (63%)
----------------- Invoking toplevel() on ptolemy.moml.MoMLSimpleApplication@1a7e0211
----------------- Done invoking toplevel() on ptolemy.moml.MoMLSimpleApplication@1a7e0211
reloadAllAccessors: .CancelFireAt

===========================================================================================
----------------- testing Thu Oct 08 16:09:47 UTC 2020 /home/travis/build/icyphy/ptII/ptolemy/domains/de/test/auto/CausalityAndComposabilityAnalysis.xml
----------------- Instantiating /home/travis/build/icyphy/ptII/ptolemy/domains/de/test/auto/CausalityAndComposabilityAnalysis.xml
2 ms. Memory: 51200K Free: 28163K (55%)
----------------- Invoking toplevel() on ptolemy.moml.MoMLSimpleApplication@6e8df23f
----------------- Done invoking toplevel() on ptolemy.moml.MoMLSimpleApplication@6e8df23f
reloadAllAccessors: .CausalityAndComposabilityAnalysis

===========================================================================================
----------------- testing Thu Oct 08 16:09:47 UTC 2020 /home/travis/build/icyphy/ptII/ptolemy/domains/de/test/auto/CausalityInterface1.xml
----------------- Instantiating /home/travis/build/icyphy/ptII/ptolemy/domains/de/test/auto/CausalityInterface1.xml
5 ms. Memory: 51200K Free: 23075K (45%)
----------------- Invoking toplevel() on ptolemy.moml.MoMLSimpleApplication@3209bc58
----------------- Done invoking toplevel() on ptolemy.moml.MoMLSimpleApplication@3209bc58
reloadAllAccessors: .CausalityInterface1

===========================================================================================
----------------- testing Thu Oct 08 16:09:47 UTC 2020 /home/travis/build/icyphy/ptII/ptolemy/domains/de/test/auto/CausalityInterface15.xml
----------------- Instantiating /home/travis/build/icyphy/ptII/ptolemy/domains/de/test/auto/CausalityInterface15.xml
2 ms. Memory: 51200K Free: 17630K (34%)
----------------- Invoking toplevel() on ptolemy.moml.MoMLSimpleApplication@7f95ff9b
----------------- Done invoking toplevel() on ptolemy.moml.MoMLSimpleApplication@7f95ff9b
reloadAllAccessors: .CausalityInterface15

===========================================================================================
----------------- testing Thu Oct 08 16:09:47 UTC 2020 /home/travis/build/icyphy/ptII/ptolemy/domains/de/test/auto/CausalityInterface2.xml
----------------- Instantiating /home/travis/build/icyphy/ptII/ptolemy/domains/de/test/auto/CausalityInterface2.xml
2 ms. Memory: 51200K Free: 13096K (26%)
[...]
	at ptolemy.actor.Manager.run(Manager.java:1263)
	at ptolemy.actor.Manager$PtolemyRunThread.run(Manager.java:1933)
java.lang.RuntimeException: Execution failed
	at ptolemy.moml.MoMLSimpleApplication$UnloadThread.run(MoMLSimpleApplication.java:402)
Caused by: ptolemy.kernel.util.IllegalActionException: Actor is not ready to fire.  Perhaps UpSample.prefire() returned false? Try debugging the actor by selecting "Listen to Actor".  Also, for SDF check moml for tokenConsumptionRate on input.
  in .DESDFClockTest.Play Bell.Copy1:SDF Director and .DESDFClockTest.Play Bell.UpSample
	at ptolemy.actor.sched.StaticSchedulingDirector.fire(StaticSchedulingDirector.java:227)
	at ptolemy.domains.sdf.kernel.SDFDirector.fire(SDFDirector.java:500)
	at ptolemy.actor.CompositeActor.fire(CompositeActor.java:455)
	at ptolemy.domains.de.kernel.DEDirector._fire(DEDirector.java:1949)
	at ptolemy.domains.de.kernel.DEDirector.fire(DEDirector.java:502)
	at ptolemy.actor.CompositeActor.fire(CompositeActor.java:455)
	at ptolemy.actor.Manager.iterate(Manager.java:851)
	at ptolemy.actor.Manager.execute(Manager.java:369)
	at ptolemy.actor.Manager.run(Manager.java:1263)
	at ptolemy.actor.Manager$PtolemyRunThread.run(Manager.java:1933)
java.lang.reflect.InvocationTargetException
	at java.base/jdk.internal.reflect.NativeConstructorAccessorImpl.newInstance0(Native Method)
	at java.base/jdk.internal.reflect.NativeConstructorAccessorImpl.newInstance(NativeConstructorAccessorImpl.java:62)
	at java.base/jdk.internal.reflect.DelegatingConstructorAccessorImpl.newInstance(DelegatingConstructorAccessorImpl.java:45)
	at java.base/java.lang.reflect.Constructor.newInstance(Constructor.java:490)
	at ptolemy.util.test.junit.AutoKnownFailedTests.RunModel(AutoKnownFailedTests.java:105)
	at java.base/jdk.internal.reflect.NativeMethodAccessorImpl.invoke0(Native Method)
	at java.base/jdk.internal.reflect.NativeMethodAccessorImpl.invoke(NativeMethodAccessorImpl.java:62)
	at java.base/jdk.internal.reflect.DelegatingMethodAccessorImpl.invoke(DelegatingMethodAccessorImpl.java:43)
	at java.base/java.lang.reflect.Method.invoke(Method.java:566)
	at org.junit.runners.model.FrameworkMethod$1.runReflectiveCall(FrameworkMethod.java:44)
	at org.junit.internal.runners.model.ReflectiveCallable.run(ReflectiveCallable.java:15)
	at org.junit.runners.model.FrameworkMethod.invokeExplosively(FrameworkMethod.java:41)
	at junitparams.internal.InvokeParameterisedMethod.evaluate(InvokeParameterisedMethod.java:102)
	at org.junit.internal.runners.statements.FailOnTimeout$1.run(FailOnTimeout.java:28)
Caused by: ptolemy.kernel.util.IllegalActionException: Actor is not ready to fire.  Perhaps UpSample.prefire() returned false? Try debugging the actor by selecting "Listen to Actor".  Also, for SDF check moml for tokenConsumptionRate on input.
  in .DESDFClockTest.Play Bell.Copy1:SDF Director and .DESDFClockTest.Play Bell.UpSample
	at ptolemy.actor.sched.StaticSchedulingDirector.fire(StaticSchedulingDirector.java:227)
	at ptolemy.domains.sdf.kernel.SDFDirector.fire(SDFDirector.java:500)
	at ptolemy.actor.CompositeActor.fire(CompositeActor.java:455)
	at ptolemy.domains.de.kernel.DEDirector._fire(DEDirector.java:1949)
	at ptolemy.domains.de.kernel.DEDirector.fire(DEDirector.java:502)
	at ptolemy.actor.CompositeActor.fire(CompositeActor.java:455)
	at ptolemy.actor.Manager.iterate(Manager.java:851)
	at ptolemy.actor.Manager.execute(Manager.java:369)
	at ptolemy.actor.Manager.run(Manager.java:1263)
	at ptolemy.actor.Manager$PtolemyRunThread.run(Manager.java:1933)
java.lang.RuntimeException: Execution failed
	at ptolemy.moml.MoMLSimpleApplication$UnloadThread.run(MoMLSimpleApplication.java:402)
Caused by: ptolemy.kernel.util.IllegalActionException: Test fails in iteration 1.
Value was: 1.0. Should have been: 2.0
  in .DirectFeedback.Test
	at ptolemy.actor.lib.Test.fire(Test.java:268)
	at ptolemy.domains.de.kernel.DEDirector._fire(DEDirector.java:1949)
	at ptolemy.domains.de.kernel.DEDirector.fire(DEDirector.java:502)
	at ptolemy.actor.CompositeActor.fire(CompositeActor.java:455)
	at ptolemy.actor.Manager.iterate(Manager.java:851)
	at ptolemy.actor.Manager.execute(Manager.java:369)
	at ptolemy.actor.Manager.run(Manager.java:1263)
	at ptolemy.actor.Manager$PtolemyRunThread.run(Manager.java:1933)
java.lang.reflect.InvocationTargetException
	at java.base/jdk.internal.reflect.NativeConstructorAccessorImpl.newInstance0(Native Method)
	at java.base/jdk.internal.reflect.NativeConstructorAccessorImpl.newInstance(NativeConstructorAccessorImpl.java:62)
	at java.base/jdk.internal.reflect.DelegatingConstructorAccessorImpl.newInstance(DelegatingConstructorAccessorImpl.java:45)
	at java.base/java.lang.reflect.Constructor.newInstance(Constructor.java:490)
	at ptolemy.util.test.junit.AutoKnownFailedTests.RunModel(AutoKnownFailedTests.java:105)
	at java.base/jdk.internal.reflect.NativeMethodAccessorImpl.invoke0(Native Method)
	at java.base/jdk.internal.reflect.NativeMethodAccessorImpl.invoke(NativeMethodAccessorImpl.java:62)
	at java.base/jdk.internal.reflect.DelegatingMethodAccessorImpl.invoke(DelegatingMethodAccessorImpl.java:43)
	at java.base/java.lang.reflect.Method.invoke(Method.java:566)
	at org.junit.runners.model.FrameworkMethod$1.runReflectiveCall(FrameworkMethod.java:44)
	at org.junit.internal.runners.model.ReflectiveCallable.run(ReflectiveCallable.java:15)
	at org.junit.runners.model.FrameworkMethod.invokeExplosively(FrameworkMethod.java:41)
	at junitparams.internal.InvokeParameterisedMethod.evaluate(InvokeParameterisedMethod.java:102)
	at org.junit.internal.runners.statements.FailOnTimeout$1.run(FailOnTimeout.java:28)
Caused by: ptolemy.kernel.util.IllegalActionException: Test fails in iteration 1.
Value was: 1.0. Should have been: 2.0
  in .DirectFeedback.Test
	at ptolemy.actor.lib.Test.fire(Test.java:268)
	at ptolemy.domains.de.kernel.DEDirector._fire(DEDirector.java:1949)
	at ptolemy.domains.de.kernel.DEDirector.fire(DEDirector.java:502)
	at ptolemy.actor.CompositeActor.fire(CompositeActor.java:455)
	at ptolemy.actor.Manager.iterate(Manager.java:851)
	at ptolemy.actor.Manager.execute(Manager.java:369)
	at ptolemy.actor.Manager.run(Manager.java:1263)
	at ptolemy.actor.Manager$PtolemyRunThread.run(Manager.java:1933)
java.lang.RuntimeException: Execution failed
	at ptolemy.moml.MoMLSimpleApplication$UnloadThread.run(MoMLSimpleApplication.java:402)
Caused by: ptolemy.kernel.util.IllegalActionException: Found a zero delay loop containing .HierarchicalModel.A
  in .HierarchicalModel and .HierarchicalModel.A
	at ptolemy.actor.util.CausalityInterfaceForComposites._computeOutputPortDepth(CausalityInterfaceForComposites.java:759)
	at ptolemy.actor.util.CausalityInterfaceForComposites._computeInputDepth(CausalityInterfaceForComposites.java:696)
	at ptolemy.actor.util.CausalityInterfaceForComposites._computeOutputPortDepth(CausalityInterfaceForComposites.java:765)
	at ptolemy.actor.util.CausalityInterfaceForComposites._computeInputDepth(CausalityInterfaceForComposites.java:696)
	at ptolemy.actor.util.CausalityInterfaceForComposites._computeOutputPortDepth(CausalityInterfaceForComposites.java:765)
	at ptolemy.actor.util.CausalityInterfaceForComposites._computeInputDepth(CausalityInterfaceForComposites.java:696)
	at ptolemy.actor.util.CausalityInterfaceForComposites._computeActorDepth(CausalityInterfaceForComposites.java:532)
	at ptolemy.actor.util.CausalityInterfaceForComposites.checkForCycles(CausalityInterfaceForComposites.java:96)
	at ptolemy.domains.de.kernel.DEDirector.preinitialize(DEDirector.java:1338)
	at ptolemy.actor.CompositeActor.preinitialize(CompositeActor.java:1828)
	at ptolemy.actor.Manager.preinitializeAndResolveTypes(Manager.java:1040)
	at ptolemy.actor.Manager.initialize(Manager.java:710)
	at ptolemy.actor.Manager.execute(Manager.java:356)
	at ptolemy.actor.Manager.run(Manager.java:1263)
	at ptolemy.actor.Manager$PtolemyRunThread.run(Manager.java:1933)
java.lang.reflect.InvocationTargetException
	at java.base/jdk.internal.reflect.NativeConstructorAccessorImpl.newInstance0(Native Method)
	at java.base/jdk.internal.reflect.NativeConstructorAccessorImpl.newInstance(NativeConstructorAccessorImpl.java:62)
	at java.base/jdk.internal.reflect.DelegatingConstructorAccessorImpl.newInstance(DelegatingConstructorAccessorImpl.java:45)
	at java.base/java.lang.reflect.Constructor.newInstance(Constructor.java:490)
	at ptolemy.util.test.junit.AutoKnownFailedTests.RunModel(AutoKnownFailedTests.java:105)
	at java.base/jdk.internal.reflect.NativeMethodAccessorImpl.invoke0(Native Method)
	at java.base/jdk.internal.reflect.NativeMethodAccessorImpl.invoke(NativeMethodAccessorImpl.java:62)
	at java.base/jdk.internal.reflect.DelegatingMethodAccessorImpl.invoke(DelegatingMethodAccessorImpl.java:43)
	at java.base/java.lang.reflect.Method.invoke(Method.java:566)
	at org.junit.runners.model.FrameworkMethod$1.runReflectiveCall(FrameworkMethod.java:44)
	at org.junit.internal.runners.model.ReflectiveCallable.run(ReflectiveCallable.java:15)
	at org.junit.runners.model.FrameworkMethod.invokeExplosively(FrameworkMethod.java:41)
	at junitparams.internal.InvokeParameterisedMethod.evaluate(InvokeParameterisedMethod.java:102)
	at org.junit.internal.runners.statements.FailOnTimeout$1.run(FailOnTimeout.java:28)
Caused by: ptolemy.kernel.util.IllegalActionException: Found a zero delay loop containing .HierarchicalModel.A
  in .HierarchicalModel and .HierarchicalModel.A
	at ptolemy.actor.util.CausalityInterfaceForComposites._computeOutputPortDepth(CausalityInterfaceForComposites.java:759)
	at ptolemy.actor.util.CausalityInterfaceForComposites._computeInputDepth(CausalityInterfaceForComposites.java:696)
	at ptolemy.actor.util.CausalityInterfaceForComposites._computeOutputPortDepth(CausalityInterfaceForComposites.java:765)
	at ptolemy.actor.util.CausalityInterfaceForComposites._computeInputDepth(CausalityInterfaceForComposites.java:696)
	at ptolemy.actor.util.CausalityInterfaceForComposites._computeOutputPortDepth(CausalityInterfaceForComposites.java:765)
	at ptolemy.actor.util.CausalityInterfaceForComposites._computeInputDepth(CausalityInterfaceForComposites.java:696)
	at ptolemy.actor.util.CausalityInterfaceForComposites._computeActorDepth(CausalityInterfaceForComposites.java:532)
	at ptolemy.actor.util.CausalityInterfaceForComposites.checkForCycles(CausalityInterfaceForComposites.java:96)
	at ptolemy.domains.de.kernel.DEDirector.preinitialize(DEDirector.java:1338)
	at ptolemy.actor.CompositeActor.preinitialize(CompositeActor.java:1828)
	at ptolemy.actor.Manager.preinitializeAndResolveTypes(Manager.java:1040)
	at ptolemy.actor.Manager.initialize(Manager.java:710)
	at ptolemy.actor.Manager.execute(Manager.java:356)
	at ptolemy.actor.Manager.run(Manager.java:1263)
	at ptolemy.actor.Manager$PtolemyRunThread.run(Manager.java:1933)
java.lang.RuntimeException: Execution failed
	at ptolemy.moml.MoMLSimpleApplication$UnloadThread.run(MoMLSimpleApplication.java:402)
Caused by: ptolemy.kernel.util.IllegalActionException: Found a zero delay loop containing .dependencyLoop.original
  in .dependencyLoop and .dependencyLoop.original
	at ptolemy.actor.util.CausalityInterfaceForComposites._computeOutputPortDepth(CausalityInterfaceForComposites.java:759)
	at ptolemy.actor.util.CausalityInterfaceForComposites._computeInputDepth(CausalityInterfaceForComposites.java:696)
	at ptolemy.actor.util.CausalityInterfaceForComposites._computeOutputPortDepth(CausalityInterfaceForComposites.java:765)
	at ptolemy.actor.util.CausalityInterfaceForComposites._computeInputDepth(CausalityInterfaceForComposites.java:696)
	at ptolemy.actor.util.CausalityInterfaceForComposites._computeOutputPortDepth(CausalityInterfaceForComposites.java:765)
	at ptolemy.actor.util.CausalityInterfaceForComposites._computeInputDepth(CausalityInterfaceForComposites.java:696)
	at ptolemy.actor.util.CausalityInterfaceForComposites._computeActorDepth(CausalityInterfaceForComposites.java:532)
	at ptolemy.actor.util.CausalityInterfaceForComposites.checkForCycles(CausalityInterfaceForComposites.java:96)
	at ptolemy.domains.de.kernel.DEDirector.preinitialize(DEDirector.java:1338)
	at ptolemy.actor.CompositeActor.preinitialize(CompositeActor.java:1828)
	at ptolemy.actor.Manager.preinitializeAndResolveTypes(Manager.java:1040)
	at ptolemy.actor.Manager.initialize(Manager.java:710)
	at ptolemy.actor.Manager.execute(Manager.java:356)
	at ptolemy.actor.Manager.run(Manager.java:1263)
	at ptolemy.actor.Manager$PtolemyRunThread.run(Manager.java:1933)
java.lang.reflect.InvocationTargetException
	at java.base/jdk.internal.reflect.NativeConstructorAccessorImpl.newInstance0(Native Method)
	at java.base/jdk.internal.reflect.NativeConstructorAccessorImpl.newInstance(NativeConstructorAccessorImpl.java:62)
	at java.base/jdk.internal.reflect.DelegatingConstructorAccessorImpl.newInstance(DelegatingConstructorAccessorImpl.java:45)
	at java.base/java.lang.reflect.Constructor.newInstance(Constructor.java:490)
	at ptolemy.util.test.junit.AutoKnownFailedTests.RunModel(AutoKnownFailedTests.java:105)
	at java.base/jdk.internal.reflect.NativeMethodAccessorImpl.invoke0(Native Method)
	at java.base/jdk.internal.reflect.NativeMethodAccessorImpl.invoke(NativeMethodAccessorImpl.java:62)
	at java.base/jdk.internal.reflect.DelegatingMethodAccessorImpl.invoke(DelegatingMethodAccessorImpl.java:43)
	at java.base/java.lang.reflect.Method.invoke(Method.java:566)
	at org.junit.runners.model.FrameworkMethod$1.runReflectiveCall(FrameworkMethod.java:44)
	at org.junit.internal.runners.model.ReflectiveCallable.run(ReflectiveCallable.java:15)
	at org.junit.runners.model.FrameworkMethod.invokeExplosively(FrameworkMethod.java:41)
	at junitparams.internal.InvokeParameterisedMethod.evaluate(InvokeParameterisedMethod.java:102)
	at org.junit.internal.runners.statements.FailOnTimeout$1.run(FailOnTimeout.java:28)
Caused by: ptolemy.kernel.util.IllegalActionException: Found a zero delay loop containing .dependencyLoop.original
  in .dependencyLoop and .dependencyLoop.original
	at ptolemy.actor.util.CausalityInterfaceForComposites._computeOutputPortDepth(CausalityInterfaceForComposites.java:759)
	at ptolemy.actor.util.CausalityInterfaceForComposites._computeInputDepth(CausalityInterfaceForComposites.java:696)
	at ptolemy.actor.util.CausalityInterfaceForComposites._computeOutputPortDepth(CausalityInterfaceForComposites.java:765)
	at ptolemy.actor.util.CausalityInterfaceForComposites._computeInputDepth(CausalityInterfaceForComposites.java:696)
	at ptolemy.actor.util.CausalityInterfaceForComposites._computeOutputPortDepth(CausalityInterfaceForComposites.java:765)
	at ptolemy.actor.util.CausalityInterfaceForComposites._computeInputDepth(CausalityInterfaceForComposites.java:696)
	at ptolemy.actor.util.CausalityInterfaceForComposites._computeActorDepth(CausalityInterfaceForComposites.java:532)
	at ptolemy.actor.util.CausalityInterfaceForComposites.checkForCycles(CausalityInterfaceForComposites.java:96)
	at ptolemy.domains.de.kernel.DEDirector.preinitialize(DEDirector.java:1338)
	at ptolemy.actor.CompositeActor.preinitialize(CompositeActor.java:1828)
	at ptolemy.actor.Manager.preinitializeAndResolveTypes(Manager.java:1040)
	at ptolemy.actor.Manager.initialize(Manager.java:710)
	at ptolemy.actor.Manager.execute(Manager.java:356)
	at ptolemy.actor.Manager.run(Manager.java:1263)
	at ptolemy.actor.Manager$PtolemyRunThread.run(Manager.java:1933)
java.lang.RuntimeException: Execution failed
	at ptolemy.moml.MoMLSimpleApplication$UnloadThread.run(MoMLSimpleApplication.java:402)
Caused by: ptolemy.kernel.util.IllegalActionException: Found a zero delay loop containing .dependencyLoop2.original
  in .dependencyLoop2 and .dependencyLoop2.original
	at ptolemy.actor.util.CausalityInterfaceForComposites._computeOutputPortDepth(CausalityInterfaceForComposites.java:759)
	at ptolemy.actor.util.CausalityInterfaceForComposites._computeInputDepth(CausalityInterfaceForComposites.java:696)
	at ptolemy.actor.util.CausalityInterfaceForComposites._computeOutputPortDepth(CausalityInterfaceForComposites.java:765)
	at ptolemy.actor.util.CausalityInterfaceForComposites._computeInputDepth(CausalityInterfaceForComposites.java:696)
	at ptolemy.actor.util.CausalityInterfaceForComposites._computeOutputPortDepth(CausalityInterfaceForComposites.java:765)
	at ptolemy.actor.util.CausalityInterfaceForComposites._computeInputDepth(CausalityInterfaceForComposites.java:696)
	at ptolemy.actor.util.CausalityInterfaceForComposites._computeActorDepth(CausalityInterfaceForComposites.java:532)
	at ptolemy.actor.util.CausalityInterfaceForComposites.checkForCycles(CausalityInterfaceForComposites.java:96)
	at ptolemy.domains.de.kernel.DEDirector.preinitialize(DEDirector.java:1338)
	at ptolemy.actor.CompositeActor.preinitialize(CompositeActor.java:1828)
	at ptolemy.actor.Manager.preinitializeAndResolveTypes(Manager.java:1040)
	at ptolemy.actor.Manager.initialize(Manager.java:710)
	at ptolemy.actor.Manager.execute(Manager.java:356)
	at ptolemy.actor.Manager.run(Manager.java:1263)
	at ptolemy.actor.Manager$PtolemyRunThread.run(Manager.java:1933)
java.lang.reflect.InvocationTargetException
	at java.base/jdk.internal.reflect.NativeConstructorAccessorImpl.newInstance0(Native Method)
	at java.base/jdk.internal.reflect.NativeConstructorAccessorImpl.newInstance(NativeConstructorAccessorImpl.java:62)
	at java.base/jdk.internal.reflect.DelegatingConstructorAccessorImpl.newInstance(DelegatingConstructorAccessorImpl.java:45)
	at java.base/java.lang.reflect.Constructor.newInstance(Constructor.java:490)
	at ptolemy.util.test.junit.AutoKnownFailedTests.RunModel(AutoKnownFailedTests.java:105)
	at java.base/jdk.internal.reflect.NativeMethodAccessorImpl.invoke0(Native Method)
	at java.base/jdk.internal.reflect.NativeMethodAccessorImpl.invoke(NativeMethodAccessorImpl.java:62)
	at java.base/jdk.internal.reflect.DelegatingMethodAccessorImpl.invoke(DelegatingMethodAccessorImpl.java:43)
	at java.base/java.lang.reflect.Method.invoke(Method.java:566)
	at org.junit.runners.model.FrameworkMethod$1.runReflectiveCall(FrameworkMethod.java:44)
	at org.junit.internal.runners.model.ReflectiveCallable.run(ReflectiveCallable.java:15)
	at org.junit.runners.model.FrameworkMethod.invokeExplosively(FrameworkMethod.java:41)
	at junitparams.internal.InvokeParameterisedMethod.evaluate(InvokeParameterisedMethod.java:102)
	at org.junit.internal.runners.statements.FailOnTimeout$1.run(FailOnTimeout.java:28)
Caused by: ptolemy.kernel.util.IllegalActionException: Found a zero delay loop containing .dependencyLoop2.original
  in .dependencyLoop2 and .dependencyLoop2.original
	at ptolemy.actor.util.CausalityInterfaceForComposites._computeOutputPortDepth(CausalityInterfaceForComposites.java:759)
	at ptolemy.actor.util.CausalityInterfaceForComposites._computeInputDepth(CausalityInterfaceForComposites.java:696)
	at ptolemy.actor.util.CausalityInterfaceForComposites._computeOutputPortDepth(CausalityInterfaceForComposites.java:765)
	at ptolemy.actor.util.CausalityInterfaceForComposites._computeInputDepth(CausalityInterfaceForComposites.java:696)
	at ptolemy.actor.util.CausalityInterfaceForComposites._computeOutputPortDepth(CausalityInterfaceForComposites.java:765)
	at ptolemy.actor.util.CausalityInterfaceForComposites._computeInputDepth(CausalityInterfaceForComposites.java:696)
	at ptolemy.actor.util.CausalityInterfaceForComposites._computeActorDepth(CausalityInterfaceForComposites.java:532)
	at ptolemy.actor.util.CausalityInterfaceForComposites.checkForCycles(CausalityInterfaceForComposites.java:96)
	at ptolemy.domains.de.kernel.DEDirector.preinitialize(DEDirector.java:1338)
	at ptolemy.actor.CompositeActor.preinitialize(CompositeActor.java:1828)
	at ptolemy.actor.Manager.preinitializeAndResolveTypes(Manager.java:1040)
	at ptolemy.actor.Manager.initialize(Manager.java:710)
	at ptolemy.actor.Manager.execute(Manager.java:356)
	at ptolemy.actor.Manager.run(Manager.java:1263)
	at ptolemy.actor.Manager$PtolemyRunThread.run(Manager.java:1933)
]]></system-err>
</testsuite>
