<?xml version="1.0" encoding="UTF-8" ?>
<testsuite errors="0" failures="0" hostname="travis-job-11fc071e-d043-4753-acad-dba02029eea2" name="ptolemy.domains.sdf.lib.test.junit.JUnitTclTest" skipped="0" tests="82" time="7.527" timestamp="2018-06-08T19:17:11">
  <properties>
[...]
</properties>
  <testcase classname="ptolemy.util.test.junit.TclTests" name="[0] /home/travis/build/icyphy/ptII/ptolemy/domains/sdf/lib/test/ArrayToSequence.tcl (RunTclFile)" time="0.509" />
  <testcase classname="ptolemy.util.test.junit.TclTests" name="[1] /home/travis/build/icyphy/ptII/ptolemy/domains/sdf/lib/test/BitsToInt.tcl (RunTclFile)" time="0.038" />
  <testcase classname="ptolemy.util.test.junit.TclTests" name="[2] /home/travis/build/icyphy/ptII/ptolemy/domains/sdf/lib/test/DelayLine.tcl (RunTclFile)" time="0.018" />
  <testcase classname="ptolemy.util.test.junit.TclTests" name="[3] /home/travis/build/icyphy/ptII/ptolemy/domains/sdf/lib/test/FFT.tcl (RunTclFile)" time="0.014" />
  <testcase classname="ptolemy.util.test.junit.TclTests" name="[4] /home/travis/build/icyphy/ptII/ptolemy/domains/sdf/lib/test/FIR.tcl (RunTclFile)" time="0.073" />
  <testcase classname="ptolemy.util.test.junit.TclTests" name="[5] /home/travis/build/icyphy/ptII/ptolemy/domains/sdf/lib/test/IntToBits.tcl (RunTclFile)" time="0.027" />
  <testcase classname="ptolemy.util.test.junit.TclTests" name="[6] /home/travis/build/icyphy/ptII/ptolemy/domains/sdf/lib/test/MaximumEntropySpectrum.tcl (RunTclFile)" time="0.222" />
  <testcase classname="ptolemy.util.test.junit.TclTests" name="[7] /home/travis/build/icyphy/ptII/ptolemy/domains/sdf/lib/test/Repeat.tcl (RunTclFile)" time="0.032" />
  <testcase classname="ptolemy.util.test.junit.TclTests" name="[8] /home/travis/build/icyphy/ptII/ptolemy/domains/sdf/lib/test/SampleDelay.tcl (RunTclFile)" time="0.066" />
  <testcase classname="ptolemy.util.test.junit.TclTests" name="[9] /home/travis/build/icyphy/ptII/ptolemy/domains/sdf/lib/test/SequenceToArray.tcl (RunTclFile)" time="0.058" />
  <testcase classname="ptolemy.util.test.junit.AutoKnownFailedTests" name="[0] ThereAreNoKnowFailedTests (RunModel)" time="0.002" />
  <testcase classname="ptolemy.util.test.junit.AutoNameArchTests" name="[0] ThereAreNoAutoArchTests (RunModel)" time="0.001" />
  <testcase classname="ptolemy.util.test.junit.AutoTests" name="[0] /home/travis/build/icyphy/ptII/ptolemy/domains/sdf/lib/test/auto/ArrayToSequence.xml (RunModel)" time="0.162" />
  <testcase classname="ptolemy.util.test.junit.AutoTests" name="[1] /home/travis/build/icyphy/ptII/ptolemy/domains/sdf/lib/test/auto/ArrayToSequenceTest.xml (RunModel)" time="0.057" />
  <testcase classname="ptolemy.util.test.junit.AutoTests" name="[2] /home/travis/build/icyphy/ptII/ptolemy/domains/sdf/lib/test/auto/Autocorrelation.xml (RunModel)" time="0.019" />
  <testcase classname="ptolemy.util.test.junit.AutoTests" name="[3] /home/travis/build/icyphy/ptII/ptolemy/domains/sdf/lib/test/auto/Autocorrelation2.xml (RunModel)" time="0.026" />
  <testcase classname="ptolemy.util.test.junit.AutoTests" name="[4] /home/travis/build/icyphy/ptII/ptolemy/domains/sdf/lib/test/auto/Autocorrelation3.xml (RunModel)" time="0.014" />
  <testcase classname="ptolemy.util.test.junit.AutoTests" name="[5] /home/travis/build/icyphy/ptII/ptolemy/domains/sdf/lib/test/auto/Autocorrelation4.xml (RunModel)" time="0.017" />
  <testcase classname="ptolemy.util.test.junit.AutoTests" name="[6] /home/travis/build/icyphy/ptII/ptolemy/domains/sdf/lib/test/auto/Autocorrelation5.xml (RunModel)" time="0.074" />
  <testcase classname="ptolemy.util.test.junit.AutoTests" name="[7] /home/travis/build/icyphy/ptII/ptolemy/domains/sdf/lib/test/auto/BitsToInt.xml (RunModel)" time="0.029" />
  <testcase classname="ptolemy.util.test.junit.AutoTests" name="[8] /home/travis/build/icyphy/ptII/ptolemy/domains/sdf/lib/test/auto/BooleanJoin.xml (RunModel)" time="0.025" />
  <testcase classname="ptolemy.util.test.junit.AutoTests" name="[9] /home/travis/build/icyphy/ptII/ptolemy/domains/sdf/lib/test/auto/BootstrapSampleDelay.xml (RunModel)" time="0.018" />
  <testcase classname="ptolemy.util.test.junit.AutoTests" name="[10] /home/travis/build/icyphy/ptII/ptolemy/domains/sdf/lib/test/auto/Chop.xml (RunModel)" time="0.047" />
  <testcase classname="ptolemy.util.test.junit.AutoTests" name="[11] /home/travis/build/icyphy/ptII/ptolemy/domains/sdf/lib/test/auto/Chop2.xml (RunModel)" time="0.053" />
  <testcase classname="ptolemy.util.test.junit.AutoTests" name="[12] /home/travis/build/icyphy/ptII/ptolemy/domains/sdf/lib/test/auto/ComplexJoin.xml (RunModel)" time="0.04" />
  <testcase classname="ptolemy.util.test.junit.AutoTests" name="[13] /home/travis/build/icyphy/ptII/ptolemy/domains/sdf/lib/test/auto/CountTrues.xml (RunModel)" time="0.029" />
  <testcase classname="ptolemy.util.test.junit.AutoTests" name="[14] /home/travis/build/icyphy/ptII/ptolemy/domains/sdf/lib/test/auto/DelayLine.xml (RunModel)" time="0.03" />
  <testcase classname="ptolemy.util.test.junit.AutoTests" name="[15] /home/travis/build/icyphy/ptII/ptolemy/domains/sdf/lib/test/auto/DotProduct.xml (RunModel)" time="0.013" />
  <testcase classname="ptolemy.util.test.junit.AutoTests" name="[16] /home/travis/build/icyphy/ptII/ptolemy/domains/sdf/lib/test/auto/DotProductMatrix.xml (RunModel)" time="0.01" />
  <testcase classname="ptolemy.util.test.junit.AutoTests" name="[17] /home/travis/build/icyphy/ptII/ptolemy/domains/sdf/lib/test/auto/DownSample1.xml (RunModel)" time="0.01" />
  <testcase classname="ptolemy.util.test.junit.AutoTests" name="[18] /home/travis/build/icyphy/ptII/ptolemy/domains/sdf/lib/test/auto/DynamicRateChange.xml (RunModel)" time="0.019" />
  <testcase classname="ptolemy.util.test.junit.AutoTests" name="[19] /home/travis/build/icyphy/ptII/ptolemy/domains/sdf/lib/test/auto/DynamicRates.xml (RunModel)" time="0.019" />
  <testcase classname="ptolemy.util.test.junit.AutoTests" name="[20] /home/travis/build/icyphy/ptII/ptolemy/domains/sdf/lib/test/auto/FFT1.xml (RunModel)" time="0.017" />
  <testcase classname="ptolemy.util.test.junit.AutoTests" name="[21] /home/travis/build/icyphy/ptII/ptolemy/domains/sdf/lib/test/auto/FIR1.xml (RunModel)" time="0.031" />
  <testcase classname="ptolemy.util.test.junit.AutoTests" name="[22] /home/travis/build/icyphy/ptII/ptolemy/domains/sdf/lib/test/auto/FIR2.xml (RunModel)" time="0.028" />
  <testcase classname="ptolemy.util.test.junit.AutoTests" name="[23] /home/travis/build/icyphy/ptII/ptolemy/domains/sdf/lib/test/auto/FIR4.xml (RunModel)" time="0.036" />
  <testcase classname="ptolemy.util.test.junit.AutoTests" name="[24] /home/travis/build/icyphy/ptII/ptolemy/domains/sdf/lib/test/auto/FixJoin.xml (RunModel)" time="0.04" />
  <testcase classname="ptolemy.util.test.junit.AutoTests" name="[25] /home/travis/build/icyphy/ptII/ptolemy/domains/sdf/lib/test/auto/IntJoin1.xml (RunModel)" time="0.024" />
  <testcase classname="ptolemy.util.test.junit.AutoTests" name="[26] /home/travis/build/icyphy/ptII/ptolemy/domains/sdf/lib/test/auto/IntJoin2.xml (RunModel)" time="0.02" />
  <testcase classname="ptolemy.util.test.junit.AutoTests" name="[27] /home/travis/build/icyphy/ptII/ptolemy/domains/sdf/lib/test/auto/IntJoin3.xml (RunModel)" time="0.025" />
  <testcase classname="ptolemy.util.test.junit.AutoTests" name="[28] /home/travis/build/icyphy/ptII/ptolemy/domains/sdf/lib/test/auto/IntJoin4.xml (RunModel)" time="0.017" />
  <testcase classname="ptolemy.util.test.junit.AutoTests" name="[29] /home/travis/build/icyphy/ptII/ptolemy/domains/sdf/lib/test/auto/IntJoin5.xml (RunModel)" time="0.014" />
  <testcase classname="ptolemy.util.test.junit.AutoTests" name="[30] /home/travis/build/icyphy/ptII/ptolemy/domains/sdf/lib/test/auto/IntToBits.xml (RunModel)" time="0.014" />
  <testcase classname="ptolemy.util.test.junit.AutoTests" name="[31] /home/travis/build/icyphy/ptII/ptolemy/domains/sdf/lib/test/auto/LMSAdaptive.xml (RunModel)" time="0.067" />
  <testcase classname="ptolemy.util.test.junit.AutoTests" name="[32] /home/travis/build/icyphy/ptII/ptolemy/domains/sdf/lib/test/auto/LMSAdaptiveFIR.xml (RunModel)" time="0.356" />
  <testcase classname="ptolemy.util.test.junit.AutoTests" name="[33] /home/travis/build/icyphy/ptII/ptolemy/domains/sdf/lib/test/auto/LMSAdaptiveFIR2.xml (RunModel)" time="0.429" />
  <testcase classname="ptolemy.util.test.junit.AutoTests" name="[34] /home/travis/build/icyphy/ptII/ptolemy/domains/sdf/lib/test/auto/LongJoin.xml (RunModel)" time="0.036" />
  <testcase classname="ptolemy.util.test.junit.AutoTests" name="[35] /home/travis/build/icyphy/ptII/ptolemy/domains/sdf/lib/test/auto/Matrix1.xml (RunModel)" time="0.031" />
  <testcase classname="ptolemy.util.test.junit.AutoTests" name="[36] /home/travis/build/icyphy/ptII/ptolemy/domains/sdf/lib/test/auto/Matrix2.xml (RunModel)" time="0.033" />
  <testcase classname="ptolemy.util.test.junit.AutoTests" name="[37] /home/travis/build/icyphy/ptII/ptolemy/domains/sdf/lib/test/auto/MatrixJoin1.xml (RunModel)" time="0.023" />
  <testcase classname="ptolemy.util.test.junit.AutoTests" name="[38] /home/travis/build/icyphy/ptII/ptolemy/domains/sdf/lib/test/auto/MatrixJoin2.xml (RunModel)" time="0.034" />
  <testcase classname="ptolemy.util.test.junit.AutoTests" name="[39] /home/travis/build/icyphy/ptII/ptolemy/domains/sdf/lib/test/auto/MatrixJoin3.xml (RunModel)" time="0.012" />
  <testcase classname="ptolemy.util.test.junit.AutoTests" name="[40] /home/travis/build/icyphy/ptII/ptolemy/domains/sdf/lib/test/auto/MatrixJoin4.xml (RunModel)" time="0.011" />
  <testcase classname="ptolemy.util.test.junit.AutoTests" name="[41] /home/travis/build/icyphy/ptII/ptolemy/domains/sdf/lib/test/auto/MatrixJoin5.xml (RunModel)" time="0.012" />
  <testcase classname="ptolemy.util.test.junit.AutoTests" name="[42] /home/travis/build/icyphy/ptII/ptolemy/domains/sdf/lib/test/auto/MatrixSplit1.xml (RunModel)" time="0.017" />
  <testcase classname="ptolemy.util.test.junit.AutoTests" name="[43] /home/travis/build/icyphy/ptII/ptolemy/domains/sdf/lib/test/auto/MatrixSplit10.xml (RunModel)" time="0.011" />
  <testcase classname="ptolemy.util.test.junit.AutoTests" name="[44] /home/travis/build/icyphy/ptII/ptolemy/domains/sdf/lib/test/auto/MatrixSplit11.xml (RunModel)" time="0.01" />
  <testcase classname="ptolemy.util.test.junit.AutoTests" name="[45] /home/travis/build/icyphy/ptII/ptolemy/domains/sdf/lib/test/auto/MatrixSplit12.xml (RunModel)" time="0.012" />
  <testcase classname="ptolemy.util.test.junit.AutoTests" name="[46] /home/travis/build/icyphy/ptII/ptolemy/domains/sdf/lib/test/auto/MatrixSplit13.xml (RunModel)" time="0.011" />
  <testcase classname="ptolemy.util.test.junit.AutoTests" name="[47] /home/travis/build/icyphy/ptII/ptolemy/domains/sdf/lib/test/auto/MatrixSplit14.xml (RunModel)" time="0.009" />
  <testcase classname="ptolemy.util.test.junit.AutoTests" name="[48] /home/travis/build/icyphy/ptII/ptolemy/domains/sdf/lib/test/auto/MatrixSplit2.xml (RunModel)" time="0.009" />
  <testcase classname="ptolemy.util.test.junit.AutoTests" name="[49] /home/travis/build/icyphy/ptII/ptolemy/domains/sdf/lib/test/auto/MatrixSplit3.xml (RunModel)" time="0.009" />
  <testcase classname="ptolemy.util.test.junit.AutoTests" name="[50] /home/travis/build/icyphy/ptII/ptolemy/domains/sdf/lib/test/auto/MatrixSplit4.xml (RunModel)" time="0.01" />
  <testcase classname="ptolemy.util.test.junit.AutoTests" name="[51] /home/travis/build/icyphy/ptII/ptolemy/domains/sdf/lib/test/auto/MatrixSplit5.xml (RunModel)" time="0.009" />
  <testcase classname="ptolemy.util.test.junit.AutoTests" name="[52] /home/travis/build/icyphy/ptII/ptolemy/domains/sdf/lib/test/auto/MatrixSplit6.xml (RunModel)" time="0.009" />
  <testcase classname="ptolemy.util.test.junit.AutoTests" name="[53] /home/travis/build/icyphy/ptII/ptolemy/domains/sdf/lib/test/auto/MatrixSplit7.xml (RunModel)" time="0.009" />
  <testcase classname="ptolemy.util.test.junit.AutoTests" name="[54] /home/travis/build/icyphy/ptII/ptolemy/domains/sdf/lib/test/auto/MatrixSplit8.xml (RunModel)" time="0.01" />
  <testcase classname="ptolemy.util.test.junit.AutoTests" name="[55] /home/travis/build/icyphy/ptII/ptolemy/domains/sdf/lib/test/auto/MatrixSplit9.xml (RunModel)" time="0.012" />
  <testcase classname="ptolemy.util.test.junit.AutoTests" name="[56] /home/travis/build/icyphy/ptII/ptolemy/domains/sdf/lib/test/auto/MatrixToSequence.xml (RunModel)" time="0.026" />
  <testcase classname="ptolemy.util.test.junit.AutoTests" name="[57] /home/travis/build/icyphy/ptII/ptolemy/domains/sdf/lib/test/auto/MaximumEntropySpectrum.xml (RunModel)" time="0.062" />
  <testcase classname="ptolemy.util.test.junit.AutoTests" name="[58] /home/travis/build/icyphy/ptII/ptolemy/domains/sdf/lib/test/auto/SampleDelayConversion.xml (RunModel)" time="0.019" />
  <testcase classname="ptolemy.util.test.junit.AutoTests" name="[59] /home/travis/build/icyphy/ptII/ptolemy/domains/sdf/lib/test/auto/SequenceToArray.xml (RunModel)" time="0.055" />
  <testcase classname="ptolemy.util.test.junit.AutoTests" name="[60] /home/travis/build/icyphy/ptII/ptolemy/domains/sdf/lib/test/auto/SequenceToMatrix.xml (RunModel)" time="3.416" />
  <testcase classname="ptolemy.util.test.junit.AutoTests" name="[61] /home/travis/build/icyphy/ptII/ptolemy/domains/sdf/lib/test/auto/SmoothedPeriodogram.xml (RunModel)" time="0.053" />
  <testcase classname="ptolemy.util.test.junit.AutoTests" name="[62] /home/travis/build/icyphy/ptII/ptolemy/domains/sdf/lib/test/auto/UpDownSample1.xml (RunModel)" time="0.028" />
  <testcase classname="ptolemy.util.test.junit.AutoTests" name="[63] /home/travis/build/icyphy/ptII/ptolemy/domains/sdf/lib/test/auto/UpSample1.xml (RunModel)" time="0.016" />
  <testcase classname="ptolemy.util.test.junit.AutoTests" name="[64] /home/travis/build/icyphy/ptII/ptolemy/domains/sdf/lib/test/auto/VariableFIR.xml (RunModel)" time="0.039" />
  <testcase classname="ptolemy.util.test.junit.AutoTests" name="[65] /home/travis/build/icyphy/ptII/ptolemy/domains/sdf/lib/test/auto/VariableFIR2.xml (RunModel)" time="0.026" />
  <testcase classname="ptolemy.util.test.junit.AutoTests" name="[66] /home/travis/build/icyphy/ptII/ptolemy/domains/sdf/lib/test/auto/VariableLattice.xml (RunModel)" time="0.024" />
  <testcase classname="ptolemy.util.test.junit.AutoTests" name="[67] /home/travis/build/icyphy/ptII/ptolemy/domains/sdf/lib/test/auto/VariableLattice2.xml (RunModel)" time="0.016" />
  <testcase classname="ptolemy.util.test.junit.AutoTests" name="[68] /home/travis/build/icyphy/ptII/ptolemy/domains/sdf/lib/test/auto/VariableRecursiveLattice.xml (RunModel)" time="0.024" />
  <testcase classname="ptolemy.util.test.junit.AutoTests" name="[69] /home/travis/build/icyphy/ptII/ptolemy/domains/sdf/lib/test/auto/VariableRecursiveLattice2.xml (RunModel)" time="0.01" />
  <system-out><![CDATA[/home/travis/build/icyphy/ptII/ptolemy/domains/sdf/lib/test/ArrayToSequence.tcl
testDefs.tcl: setting time out to 9000 seconds at Fri Jun 08 19:17:11 UTC 2018
51 ms. Memory: 116224K Free: 85504K (74%)
15 ms. Memory: 116224K Free: 110187K (95%)
18 ms. Memory: 116224K Free: 107765K (93%)
7 ms. Memory: 116224K Free: 106558K (92%)
/home/travis/build/icyphy/ptII/ptolemy/domains/sdf/lib/test/BitsToInt.tcl
7 ms. Memory: 116224K Free: 104738K (90%)
11 ms. Memory: 116224K Free: 102928K (89%)
/home/travis/build/icyphy/ptII/ptolemy/domains/sdf/lib/test/DelayLine.tcl
6 ms. Memory: 116224K Free: 101117K (87%)
/home/travis/build/icyphy/ptII/ptolemy/domains/sdf/lib/test/FFT.tcl
4 ms. Memory: 116224K Free: 99285K (85%)
/home/travis/build/icyphy/ptII/ptolemy/domains/sdf/lib/test/FIR.tcl
7 ms. Memory: 116224K Free: 97475K (84%)
3 ms. Memory: 116224K Free: 96268K (83%)
ptolemy.kernel.util.IllegalActionException: multiplyReverse method not supported between ptolemy.data.FixToken 'fix(-0.0625,6,2)' and ptolemy.data.IntToken '1' because the types are incomparable.
  in .top.FIRclone
Because:
multiplyReverse method not supported between ptolemy.data.FixToken 'fix(-0.0625,6,2)' and ptolemy.data.IntToken '1' because the types are incomparable.
27 ms. Memory: 116224K Free: 93846K (81%)
/home/travis/build/icyphy/ptII/ptolemy/domains/sdf/lib/test/IntToBits.tcl
4 ms. Memory: 116224K Free: 92655K (80%)
6 ms. Memory: 116224K Free: 90869K (78%)
/home/travis/build/icyphy/ptII/ptolemy/domains/sdf/lib/test/MaximumEntropySpectrum.tcl
/home/travis/build/icyphy/ptII/ptolemy/domains/sdf/lib/test/Repeat.tcl
18 ms. Memory: 146944K Free: 120514K (82%)
/home/travis/build/icyphy/ptII/ptolemy/domains/sdf/lib/test/SampleDelay.tcl
7 ms. Memory: 146944K Free: 118070K (80%)
4 ms. Memory: 146944K Free: 116871K (80%)
9 ms. Memory: 146944K Free: 115672K (79%)
3 ms. Memory: 146944K Free: 115672K (79%)
2 ms. Memory: 146944K Free: 114473K (78%)
12 ms. Memory: 146944K Free: 114473K (78%)
/home/travis/build/icyphy/ptII/ptolemy/domains/sdf/lib/test/SequenceToArray.tcl
8 ms. Memory: 146944K Free: 112060K (76%)
3 ms. Memory: 146944K Free: 110861K (75%)
13 ms. Memory: 146944K Free: 109662K (75%)
8 ms. Memory: 146944K Free: 108463K (74%)
06/08/18 07:17:12
Failed: 0  Total Tests: 41  ((Passed: 41, Newly Passed: 0)  Known Failed: 0) /home/travis/build/icyphy/ptII/ptolemy/domains/sdf/lib/test
No auto/knownFailedTests/*.xml tests in /home/travis/build/icyphy/ptII/ptolemy/domains/sdf/lib/test
No auto/linux-amd64/*.xml tests in /home/travis/build/icyphy/ptII/ptolemy/domains/sdf/lib/test
AutoTests.java: About to close Vertx.
AutoTests.java: Vertx closed.

===========================================================================================
----------------- testing Fri Jun 08 19:17:12 UTC 2018 /home/travis/build/icyphy/ptII/ptolemy/domains/sdf/lib/test/auto/ArrayToSequence.xml
----------------- Instantiating /home/travis/build/icyphy/ptII/ptolemy/domains/sdf/lib/test/auto/ArrayToSequence.xml
22 ms. Memory: 146944K Free: 126101K (86%)
----------------- Invoking toplevel() on ptolemy.moml.MoMLSimpleApplication@3596d298
----------------- Done invoking toplevel() on ptolemy.moml.MoMLSimpleApplication@3596d298
reloadAllAccessors: .ArrayToSequence

===========================================================================================
----------------- testing Fri Jun 08 19:17:12 UTC 2018 /home/travis/build/icyphy/ptII/ptolemy/domains/sdf/lib/test/auto/ArrayToSequenceTest.xml
----------------- Instantiating /home/travis/build/icyphy/ptII/ptolemy/domains/sdf/lib/test/auto/ArrayToSequenceTest.xml
16 ms. Memory: 146944K Free: 118787K (81%)
----------------- Invoking toplevel() on ptolemy.moml.MoMLSimpleApplication@679c19c8
----------------- Done invoking toplevel() on ptolemy.moml.MoMLSimpleApplication@679c19c8
reloadAllAccessors: .ArrayToSequenceTest

===========================================================================================
----------------- testing Fri Jun 08 19:17:12 UTC 2018 /home/travis/build/icyphy/ptII/ptolemy/domains/sdf/lib/test/auto/Autocorrelation.xml
----------------- Instantiating /home/travis/build/icyphy/ptII/ptolemy/domains/sdf/lib/test/auto/Autocorrelation.xml
3 ms. Memory: 146944K Free: 114221K (78%)
----------------- Invoking toplevel() on ptolemy.moml.MoMLSimpleApplication@43a15da4
----------------- Done invoking toplevel() on ptolemy.moml.MoMLSimpleApplication@43a15da4
reloadAllAccessors: .Autocorrelation

===========================================================================================
----------------- testing Fri Jun 08 19:17:12 UTC 2018 /home/travis/build/icyphy/ptII/ptolemy/domains/sdf/lib/test/auto/Autocorrelation2.xml
----------------- Instantiating /home/travis/build/icyphy/ptII/ptolemy/domains/sdf/lib/test/auto/Autocorrelation2.xml
4 ms. Memory: 146944K Free: 109703K (75%)
----------------- Invoking toplevel() on ptolemy.moml.MoMLSimpleApplication@63c79176
----------------- Done invoking toplevel() on ptolemy.moml.MoMLSimpleApplication@63c79176
reloadAllAccessors: .Autocorrelation2

===========================================================================================
----------------- testing Fri Jun 08 19:17:12 UTC 2018 /home/travis/build/icyphy/ptII/ptolemy/domains/sdf/lib/test/auto/Autocorrelation3.xml
----------------- Instantiating /home/travis/build/icyphy/ptII/ptolemy/domains/sdf/lib/test/auto/Autocorrelation3.xml
3 ms. Memory: 146944K Free: 104707K (71%)
----------------- Invoking toplevel() on ptolemy.moml.MoMLSimpleApplication@48255491
----------------- Done invoking toplevel() on ptolemy.moml.MoMLSimpleApplication@48255491
reloadAllAccessors: .Autocorrelation3

===========================================================================================
----------------- testing Fri Jun 08 19:17:12 UTC 2018 /home/travis/build/icyphy/ptII/ptolemy/domains/sdf/lib/test/auto/Autocorrelation4.xml
----------------- Instantiating /home/travis/build/icyphy/ptII/ptolemy/domains/sdf/lib/test/auto/Autocorrelation4.xml
3 ms. Memory: 146944K Free: 100150K (68%)
----------------- Invoking toplevel() on ptolemy.moml.MoMLSimpleApplication@205ae469
----------------- Done invoking toplevel() on ptolemy.moml.MoMLSimpleApplication@205ae469
reloadAllAccessors: .Autocorrelation4

===========================================================================================
----------------- testing Fri Jun 08 19:17:12 UTC 2018 /home/travis/build/icyphy/ptII/ptolemy/domains/sdf/lib/test/auto/Autocorrelation5.xml
----------------- Instantiating /home/travis/build/icyphy/ptII/ptolemy/domains/sdf/lib/test/auto/Autocorrelation5.xml
53 ms. Memory: 146944K Free: 93199K (63%)
----------------- Invoking toplevel() on ptolemy.moml.MoMLSimpleApplication@5b3efee3
----------------- Done invoking toplevel() on ptolemy.moml.MoMLSimpleApplication@5b3efee3
reloadAllAccessors: .Autocorrelation5

===========================================================================================
----------------- testing Fri Jun 08 19:17:12 UTC 2018 /home/travis/build/icyphy/ptII/ptolemy/domains/sdf/lib/test/auto/BitsToInt.xml
----------------- Instantiating /home/travis/build/icyphy/ptII/ptolemy/domains/sdf/lib/test/auto/BitsToInt.xml
2 ms. Memory: 146944K Free: 88864K (60%)
----------------- Invoking toplevel() on ptolemy.moml.MoMLSimpleApplication@5b0c6527
----------------- Done invoking toplevel() on ptolemy.moml.MoMLSimpleApplication@5b0c6527
reloadAllAccessors: .BitsToInt

===========================================================================================
----------------- testing Fri Jun 08 19:17:12 UTC 2018 /home/travis/build/icyphy/ptII/ptolemy/domains/sdf/lib/test/auto/BooleanJoin.xml
----------------- Instantiating /home/travis/build/icyphy/ptII/ptolemy/domains/sdf/lib/test/auto/BooleanJoin.xml
3 ms. Memory: 146944K Free: 84378K (57%)
----------------- Invoking toplevel() on ptolemy.moml.MoMLSimpleApplication@21f72848
----------------- Done invoking toplevel() on ptolemy.moml.MoMLSimpleApplication@21f72848
reloadAllAccessors: .BooleanJoin

===========================================================================================
----------------- testing Fri Jun 08 19:17:12 UTC 2018 /home/travis/build/icyphy/ptII/ptolemy/domains/sdf/lib/test/auto/BootstrapSampleDelay.xml
----------------- Instantiating /home/travis/build/icyphy/ptII/ptolemy/domains/sdf/lib/test/auto/BootstrapSampleDelay.xml
4 ms. Memory: 146944K Free: 80475K (55%)
----------------- Invoking toplevel() on ptolemy.moml.MoMLSimpleApplication@722b3c58
----------------- Done invoking toplevel() on ptolemy.moml.MoMLSimpleApplication@722b3c58
reloadAllAccessors: .BootstrapSampleDelay

===========================================================================================
----------------- testing Fri Jun 08 19:17:12 UTC 2018 /home/travis/build/icyphy/ptII/ptolemy/domains/sdf/lib/test/auto/Chop.xml
----------------- Instantiating /home/travis/build/icyphy/ptII/ptolemy/domains/sdf/lib/test/auto/Chop.xml
12 ms. Memory: 208384K Free: 193631K (93%)
----------------- Invoking toplevel() on ptolemy.moml.MoMLSimpleApplication@7d31865c
----------------- Done invoking toplevel() on ptolemy.moml.MoMLSimpleApplication@7d31865c
reloadAllAccessors: .Chop

===========================================================================================
----------------- testing Fri Jun 08 19:17:12 UTC 2018 /home/travis/build/icyphy/ptII/ptolemy/domains/sdf/lib/test/auto/Chop2.xml
----------------- Instantiating /home/travis/build/icyphy/ptII/ptolemy/domains/sdf/lib/test/auto/Chop2.xml
5 ms. Memory: 208384K Free: 185313K (89%)
----------------- Invoking toplevel() on ptolemy.moml.MoMLSimpleApplication@1133306
----------------- Done invoking toplevel() on ptolemy.moml.MoMLSimpleApplication@1133306
reloadAllAccessors: .Chop2

===========================================================================================
----------------- testing Fri Jun 08 19:17:13 UTC 2018 /home/travis/build/icyphy/ptII/ptolemy/domains/sdf/lib/test/auto/ComplexJoin.xml
----------------- Instantiating /home/travis/build/icyphy/ptII/ptolemy/domains/sdf/lib/test/auto/ComplexJoin.xml
3 ms. Memory: 208384K Free: 180988K (87%)
----------------- Invoking toplevel() on ptolemy.moml.MoMLSimpleApplication@7896df24
----------------- Done invoking toplevel() on ptolemy.moml.MoMLSimpleApplication@7896df24
reloadAllAccessors: .ComplexJoin

===========================================================================================
----------------- testing Fri Jun 08 19:17:13 UTC 2018 /home/travis/build/icyphy/ptII/ptolemy/domains/sdf/lib/test/auto/CountTrues.xml
----------------- Instantiating /home/travis/build/icyphy/ptII/ptolemy/domains/sdf/lib/test/auto/CountTrues.xml
3 ms. Memory: 208384K Free: 177302K (85%)
----------------- Invoking toplevel() on ptolemy.moml.MoMLSimpleApplication@3a2fd861
----------------- Done invoking toplevel() on ptolemy.moml.MoMLSimpleApplication@3a2fd861
reloadAllAccessors: .CountTrues

===========================================================================================
----------------- testing Fri Jun 08 19:17:13 UTC 2018 /home/travis/build/icyphy/ptII/ptolemy/domains/sdf/lib/test/auto/DelayLine.xml
----------------- Instantiating /home/travis/build/icyphy/ptII/ptolemy/domains/sdf/lib/test/auto/DelayLine.xml
4 ms. Memory: 208384K Free: 171772K (82%)
----------------- Invoking toplevel() on ptolemy.moml.MoMLSimpleApplication@3447b8b7
----------------- Done invoking toplevel() on ptolemy.moml.MoMLSimpleApplication@3447b8b7
reloadAllAccessors: .DelayLine

===========================================================================================
----------------- testing Fri Jun 08 19:17:13 UTC 2018 /home/travis/build/icyphy/ptII/ptolemy/domains/sdf/lib/test/auto/DotProduct.xml
----------------- Instantiating /home/travis/build/icyphy/ptII/ptolemy/domains/sdf/lib/test/auto/DotProduct.xml
2 ms. Memory: 208384K Free: 167138K (80%)
----------------- Invoking toplevel() on ptolemy.moml.MoMLSimpleApplication@50596fdd
----------------- Done invoking toplevel() on ptolemy.moml.MoMLSimpleApplication@50596fdd
reloadAllAccessors: .DotProduct

===========================================================================================
----------------- testing Fri Jun 08 19:17:13 UTC 2018 /home/travis/build/icyphy/ptII/ptolemy/domains/sdf/lib/test/auto/DotProductMatrix.xml
----------------- Instantiating /home/travis/build/icyphy/ptII/ptolemy/domains/sdf/lib/test/auto/DotProductMatrix.xml
1 ms. Memory: 208384K Free: 164050K (79%)
----------------- Invoking toplevel() on ptolemy.moml.MoMLSimpleApplication@436c21a9
----------------- Done invoking toplevel() on ptolemy.moml.MoMLSimpleApplication@436c21a9
reloadAllAccessors: .DotProductMatrix

===========================================================================================
----------------- testing Fri Jun 08 19:17:13 UTC 2018 /home/travis/build/icyphy/ptII/ptolemy/domains/sdf/lib/test/auto/DownSample1.xml
----------------- Instantiating /home/travis/build/icyphy/ptII/ptolemy/domains/sdf/lib/test/auto/DownSample1.xml
3 ms. Memory: 208384K Free: 160363K (77%)
----------------- Invoking toplevel() on ptolemy.moml.MoMLSimpleApplication@2935704d
----------------- Done invoking toplevel() on ptolemy.moml.MoMLSimpleApplication@2935704d
reloadAllAccessors: .DownSample1

===========================================================================================
----------------- testing Fri Jun 08 19:17:13 UTC 2018 /home/travis/build/icyphy/ptII/ptolemy/domains/sdf/lib/test/auto/DynamicRateChange.xml
----------------- Instantiating /home/travis/build/icyphy/ptII/ptolemy/domains/sdf/lib/test/auto/DynamicRateChange.xml
6 ms. Memory: 208384K Free: 154219K (74%)
----------------- Invoking toplevel() on ptolemy.moml.MoMLSimpleApplication@1fbf3743
----------------- Done invoking toplevel() on ptolemy.moml.MoMLSimpleApplication@1fbf3743
reloadAllAccessors: .DynamicRateChange

===========================================================================================
----------------- testing Fri Jun 08 19:17:13 UTC 2018 /home/travis/build/icyphy/ptII/ptolemy/domains/sdf/lib/test/auto/DynamicRates.xml
----------------- Instantiating /home/travis/build/icyphy/ptII/ptolemy/domains/sdf/lib/test/auto/DynamicRates.xml
5 ms. Memory: 208384K Free: 147049K (71%)
----------------- Invoking toplevel() on ptolemy.moml.MoMLSimpleApplication@79320e84
----------------- Done invoking toplevel() on ptolemy.moml.MoMLSimpleApplication@79320e84
reloadAllAccessors: .DynamicRates

===========================================================================================
----------------- testing Fri Jun 08 19:17:13 UTC 2018 /home/travis/build/icyphy/ptII/ptolemy/domains/sdf/lib/test/auto/FFT1.xml
----------------- Instantiating /home/travis/build/icyphy/ptII/ptolemy/domains/sdf/lib/test/auto/FFT1.xml
5 ms. Memory: 208384K Free: 142086K (68%)
----------------- Invoking toplevel() on ptolemy.moml.MoMLSimpleApplication@4a36f771
----------------- Done invoking toplevel() on ptolemy.moml.MoMLSimpleApplication@4a36f771
reloadAllAccessors: .FFT1

===========================================================================================
----------------- testing Fri Jun 08 19:17:13 UTC 2018 /home/travis/build/icyphy/ptII/ptolemy/domains/sdf/lib/test/auto/FIR1.xml
----------------- Instantiating /home/travis/build/icyphy/ptII/ptolemy/domains/sdf/lib/test/auto/FIR1.xml
11 ms. Memory: 208384K Free: 134600K (65%)
----------------- Invoking toplevel() on ptolemy.moml.MoMLSimpleApplication@15f5867e
----------------- Done invoking toplevel() on ptolemy.moml.MoMLSimpleApplication@15f5867e
reloadAllAccessors: .FIR1

===========================================================================================
----------------- testing Fri Jun 08 19:17:13 UTC 2018 /home/travis/build/icyphy/ptII/ptolemy/domains/sdf/lib/test/auto/FIR2.xml
----------------- Instantiating /home/travis/build/icyphy/ptII/ptolemy/domains/sdf/lib/test/auto/FIR2.xml
6 ms. Memory: 208384K Free: 130898K (63%)
----------------- Invoking toplevel() on ptolemy.moml.MoMLSimpleApplication@61d3706b
----------------- Done invoking toplevel() on ptolemy.moml.MoMLSimpleApplication@61d3706b
reloadAllAccessors: .FIR2

===========================================================================================
----------------- testing Fri Jun 08 19:17:13 UTC 2018 /home/travis/build/icyphy/ptII/ptolemy/domains/sdf/lib/test/auto/FIR4.xml
----------------- Instantiating /home/travis/build/icyphy/ptII/ptolemy/domains/sdf/lib/test/auto/FIR4.xml
7 ms. Memory: 208384K Free: 120704K (58%)
----------------- Invoking toplevel() on ptolemy.moml.MoMLSimpleApplication@1b3c5c74
----------------- Done invoking toplevel() on ptolemy.moml.MoMLSimpleApplication@1b3c5c74
reloadAllAccessors: .FIR4

===========================================================================================
----------------- testing Fri Jun 08 19:17:13 UTC 2018 /home/travis/build/icyphy/ptII/ptolemy/domains/sdf/lib/test/auto/FixJoin.xml
----------------- Instantiating /home/travis/build/icyphy/ptII/ptolemy/domains/sdf/lib/test/auto/FixJoin.xml
4 ms. Memory: 208384K Free: 115773K (56%)
----------------- Invoking toplevel() on ptolemy.moml.MoMLSimpleApplication@fd60360
----------------- Done invoking toplevel() on ptolemy.moml.MoMLSimpleApplication@fd60360
reloadAllAccessors: .FixJoin

===========================================================================================
----------------- testing Fri Jun 08 19:17:13 UTC 2018 /home/travis/build/icyphy/ptII/ptolemy/domains/sdf/lib/test/auto/IntJoin1.xml
----------------- Instantiating /home/travis/build/icyphy/ptII/ptolemy/domains/sdf/lib/test/auto/IntJoin1.xml
4 ms. Memory: 208384K Free: 111456K (53%)
----------------- Invoking toplevel() on ptolemy.moml.MoMLSimpleApplication@1555a89e
----------------- Done invoking toplevel() on ptolemy.moml.MoMLSimpleApplication@1555a89e
reloadAllAccessors: .IntJoin1

===========================================================================================
----------------- testing Fri Jun 08 19:17:13 UTC 2018 /home/travis/build/icyphy/ptII/ptolemy/domains/sdf/lib/test/auto/IntJoin2.xml
----------------- Instantiating /home/travis/build/icyphy/ptII/ptolemy/domains/sdf/lib/test/auto/IntJoin2.xml
2 ms. Memory: 208384K Free: 106525K (51%)
----------------- Invoking toplevel() on ptolemy.moml.MoMLSimpleApplication@6be40abf
----------------- Done invoking toplevel() on ptolemy.moml.MoMLSimpleApplication@6be40abf
reloadAllAccessors: .IntJoin2

===========================================================================================
----------------- testing Fri Jun 08 19:17:13 UTC 2018 /home/travis/build/icyphy/ptII/ptolemy/domains/sdf/lib/test/auto/IntJoin3.xml
----------------- Instantiating /home/travis/build/icyphy/ptII/ptolemy/domains/sdf/lib/test/auto/IntJoin3.xml
4 ms. Memory: 208384K Free: 100609K (48%)
----------------- Invoking toplevel() on ptolemy.moml.MoMLSimpleApplication@4dbe5396
----------------- Done invoking toplevel() on ptolemy.moml.MoMLSimpleApplication@4dbe5396
reloadAllAccessors: .IntJoin3

===========================================================================================
----------------- testing Fri Jun 08 19:17:13 UTC 2018 /home/travis/build/icyphy/ptII/ptolemy/domains/sdf/lib/test/auto/IntJoin4.xml
----------------- Instantiating /home/travis/build/icyphy/ptII/ptolemy/domains/sdf/lib/test/auto/IntJoin4.xml
2 ms. Memory: 208384K Free: 95031K (46%)
----------------- Invoking toplevel() on ptolemy.moml.MoMLSimpleApplication@6f1b0665
----------------- Done invoking toplevel() on ptolemy.moml.MoMLSimpleApplication@6f1b0665
reloadAllAccessors: .IntJoin4

===========================================================================================
----------------- testing Fri Jun 08 19:17:13 UTC 2018 /home/travis/build/icyphy/ptII/ptolemy/domains/sdf/lib/test/auto/IntJoin5.xml
----------------- Instantiating /home/travis/build/icyphy/ptII/ptolemy/domains/sdf/lib/test/auto/IntJoin5.xml
1 ms. Memory: 208384K Free: 90107K (43%)
----------------- Invoking toplevel() on ptolemy.moml.MoMLSimpleApplication@672a37b5
----------------- Done invoking toplevel() on ptolemy.moml.MoMLSimpleApplication@672a37b5
reloadAllAccessors: .IntJoin5

===========================================================================================
----------------- testing Fri Jun 08 19:17:13 UTC 2018 /home/travis/build/icyphy/ptII/ptolemy/domains/sdf/lib/test/auto/IntToBits.xml
----------------- Instantiating /home/travis/build/icyphy/ptII/ptolemy/domains/sdf/lib/test/auto/IntToBits.xml
2 ms. Memory: 208384K Free: 87035K (42%)
----------------- Invoking toplevel() on ptolemy.moml.MoMLSimpleApplication@78e4aa00
----------------- Done invoking toplevel() on ptolemy.moml.MoMLSimpleApplication@78e4aa00
reloadAllAccessors: .IntToBits

===========================================================================================
----------------- testing Fri Jun 08 19:17:13 UTC 2018 /home/travis/build/icyphy/ptII/ptolemy/domains/sdf/lib/test/auto/LMSAdaptive.xml
----------------- Instantiating /home/travis/build/icyphy/ptII/ptolemy/domains/sdf/lib/test/auto/LMSAdaptive.xml
25 ms. Memory: 208384K Free: 199304K (96%)
----------------- Invoking toplevel() on ptolemy.moml.MoMLSimpleApplication@1a310810
----------------- Done invoking toplevel() on ptolemy.moml.MoMLSimpleApplication@1a310810
reloadAllAccessors: .LMSAdaptive

===========================================================================================
----------------- testing Fri Jun 08 19:17:13 UTC 2018 /home/travis/build/icyphy/ptII/ptolemy/domains/sdf/lib/test/auto/LMSAdaptiveFIR.xml
----------------- Instantiating /home/travis/build/icyphy/ptII/ptolemy/domains/sdf/lib/test/auto/LMSAdaptiveFIR.xml
279 ms. Memory: 208384K Free: 158281K (76%)
----------------- Invoking toplevel() on ptolemy.moml.MoMLSimpleApplication@489b0c33
----------------- Done invoking toplevel() on ptolemy.moml.MoMLSimpleApplication@489b0c33
reloadAllAccessors: .LMSAdaptiveFIR

===========================================================================================
----------------- testing Fri Jun 08 19:17:13 UTC 2018 /home/travis/build/icyphy/ptII/ptolemy/domains/sdf/lib/test/auto/LMSAdaptiveFIR2.xml
----------------- Instantiating /home/travis/build/icyphy/ptII/ptolemy/domains/sdf/lib/test/auto/LMSAdaptiveFIR2.xml
347 ms. Memory: 208384K Free: 97927K (47%)
----------------- Invoking toplevel() on ptolemy.moml.MoMLSimpleApplication@27505941
----------------- Done invoking toplevel() on ptolemy.moml.MoMLSimpleApplication@27505941
reloadAllAccessors: .LMSAdaptiveFIR2

===========================================================================================
----------------- testing Fri Jun 08 19:17:14 UTC 2018 /home/travis/build/icyphy/ptII/ptolemy/domains/sdf/lib/test/auto/LongJoin.xml
----------------- Instantiating /home/travis/build/icyphy/ptII/ptolemy/domains/sdf/lib/test/auto/LongJoin.xml
5 ms. Memory: 208384K Free: 92552K (44%)
----------------- Invoking toplevel() on ptolemy.moml.MoMLSimpleApplication@32192518
----------------- Done invoking toplevel() on ptolemy.moml.MoMLSimpleApplication@32192518
reloadAllAccessors: .LongJoin

===========================================================================================
----------------- testing Fri Jun 08 19:17:14 UTC 2018 /home/travis/build/icyphy/ptII/ptolemy/domains/sdf/lib/test/auto/Matrix1.xml
----------------- Instantiating /home/travis/build/icyphy/ptII/ptolemy/domains/sdf/lib/test/auto/Matrix1.xml
7 ms. Memory: 208384K Free: 88219K (42%)
----------------- Invoking toplevel() on ptolemy.moml.MoMLSimpleApplication@27908456
----------------- Done invoking toplevel() on ptolemy.moml.MoMLSimpleApplication@27908456
reloadAllAccessors: .Matrix1

===========================================================================================
----------------- testing Fri Jun 08 19:17:14 UTC 2018 /home/travis/build/icyphy/ptII/ptolemy/domains/sdf/lib/test/auto/Matrix2.xml
----------------- Instantiating /home/travis/build/icyphy/ptII/ptolemy/domains/sdf/lib/test/auto/Matrix2.xml
2 ms. Memory: 208384K Free: 83870K (40%)
----------------- Invoking toplevel() on ptolemy.moml.MoMLSimpleApplication@7d8c320f
----------------- Done invoking toplevel() on ptolemy.moml.MoMLSimpleApplication@7d8c320f
reloadAllAccessors: .Matrix2

===========================================================================================
----------------- testing Fri Jun 08 19:17:14 UTC 2018 /home/travis/build/icyphy/ptII/ptolemy/domains/sdf/lib/test/auto/MatrixJoin1.xml
----------------- Instantiating /home/travis/build/icyphy/ptII/ptolemy/domains/sdf/lib/test/auto/MatrixJoin1.xml
1 ms. Memory: 208384K Free: 78464K (38%)
----------------- Invoking toplevel() on ptolemy.moml.MoMLSimpleApplication@59b7aeff
----------------- Done invoking toplevel() on ptolemy.moml.MoMLSimpleApplication@59b7aeff
reloadAllAccessors: .MatrixJoin1

===========================================================================================
----------------- testing Fri Jun 08 19:17:14 UTC 2018 /home/travis/build/icyphy/ptII/ptolemy/domains/sdf/lib/test/auto/MatrixJoin2.xml
----------------- Instantiating /home/travis/build/icyphy/ptII/ptolemy/domains/sdf/lib/test/auto/MatrixJoin2.xml
2 ms. Memory: 333312K Free: 321060K (96%)
----------------- Invoking toplevel() on ptolemy.moml.MoMLSimpleApplication@2a41b0a3
----------------- Done invoking toplevel() on ptolemy.moml.MoMLSimpleApplication@2a41b0a3
reloadAllAccessors: .MatrixJoin2

===========================================================================================
----------------- testing Fri Jun 08 19:17:14 UTC 2018 /home/travis/build/icyphy/ptII/ptolemy/domains/sdf/lib/test/auto/MatrixJoin3.xml
----------------- Instantiating /home/travis/build/icyphy/ptII/ptolemy/domains/sdf/lib/test/auto/MatrixJoin3.xml
2 ms. Memory: 333312K Free: 314724K (94%)
----------------- Invoking toplevel() on ptolemy.moml.MoMLSimpleApplication@407f2201
----------------- Done invoking toplevel() on ptolemy.moml.MoMLSimpleApplication@407f2201
reloadAllAccessors: .MatrixJoin3

===========================================================================================
----------------- testing Fri Jun 08 19:17:14 UTC 2018 /home/travis/build/icyphy/ptII/ptolemy/domains/sdf/lib/test/auto/MatrixJoin4.xml
----------------- Instantiating /home/travis/build/icyphy/ptII/ptolemy/domains/sdf/lib/test/auto/MatrixJoin4.xml
1 ms. Memory: 333312K Free: 308278K (92%)
----------------- Invoking toplevel() on ptolemy.moml.MoMLSimpleApplication@622b72ee
----------------- Done invoking toplevel() on ptolemy.moml.MoMLSimpleApplication@622b72ee
reloadAllAccessors: .MatrixJoin4

===========================================================================================
----------------- testing Fri Jun 08 19:17:14 UTC 2018 /home/travis/build/icyphy/ptII/ptolemy/domains/sdf/lib/test/auto/MatrixJoin5.xml
----------------- Instantiating /home/travis/build/icyphy/ptII/ptolemy/domains/sdf/lib/test/auto/MatrixJoin5.xml
2 ms. Memory: 333312K Free: 302118K (91%)
----------------- Invoking toplevel() on ptolemy.moml.MoMLSimpleApplication@5f454472
----------------- Done invoking toplevel() on ptolemy.moml.MoMLSimpleApplication@5f454472
reloadAllAccessors: .MatrixJoin5

===========================================================================================
----------------- testing Fri Jun 08 19:17:14 UTC 2018 /home/travis/build/icyphy/ptII/ptolemy/domains/sdf/lib/test/auto/MatrixSplit1.xml
----------------- Instantiating /home/travis/build/icyphy/ptII/ptolemy/domains/sdf/lib/test/auto/MatrixSplit1.xml
1 ms. Memory: 333312K Free: 294569K (88%)
----------------- Invoking toplevel() on ptolemy.moml.MoMLSimpleApplication@667ee88f
----------------- Done invoking toplevel() on ptolemy.moml.MoMLSimpleApplication@667ee88f
reloadAllAccessors: .MatrixSplit1

===========================================================================================
----------------- testing Fri Jun 08 19:17:14 UTC 2018 /home/travis/build/icyphy/ptII/ptolemy/domains/sdf/lib/test/auto/MatrixSplit10.xml
----------------- Instantiating /home/travis/build/icyphy/ptII/ptolemy/domains/sdf/lib/test/auto/MatrixSplit10.xml
2 ms. Memory: 333312K Free: 289654K (87%)
----------------- Invoking toplevel() on ptolemy.moml.MoMLSimpleApplication@2a1d700d
----------------- Done invoking toplevel() on ptolemy.moml.MoMLSimpleApplication@2a1d700d
reloadAllAccessors: .MatrixSplit10

===========================================================================================
----------------- testing Fri Jun 08 19:17:14 UTC 2018 /home/travis/build/icyphy/ptII/ptolemy/domains/sdf/lib/test/auto/MatrixSplit11.xml
----------------- Instantiating /home/travis/build/icyphy/ptII/ptolemy/domains/sdf/lib/test/auto/MatrixSplit11.xml
1 ms. Memory: 333312K Free: 284738K (85%)
----------------- Invoking toplevel() on ptolemy.moml.MoMLSimpleApplication@2c588bcf
----------------- Done invoking toplevel() on ptolemy.moml.MoMLSimpleApplication@2c588bcf
reloadAllAccessors: .MatrixSplit11

===========================================================================================
----------------- testing Fri Jun 08 19:17:14 UTC 2018 /home/travis/build/icyphy/ptII/ptolemy/domains/sdf/lib/test/auto/MatrixSplit12.xml
----------------- Instantiating /home/travis/build/icyphy/ptII/ptolemy/domains/sdf/lib/test/auto/MatrixSplit12.xml
2 ms. Memory: 333312K Free: 279823K (84%)
----------------- Invoking toplevel() on ptolemy.moml.MoMLSimpleApplication@694d0da6
----------------- Done invoking toplevel() on ptolemy.moml.MoMLSimpleApplication@694d0da6
reloadAllAccessors: .MatrixSplit12

===========================================================================================
----------------- testing Fri Jun 08 19:17:14 UTC 2018 /home/travis/build/icyphy/ptII/ptolemy/domains/sdf/lib/test/auto/MatrixSplit13.xml
----------------- Instantiating /home/travis/build/icyphy/ptII/ptolemy/domains/sdf/lib/test/auto/MatrixSplit13.xml
2 ms. Memory: 333312K Free: 273502K (82%)
----------------- Invoking toplevel() on ptolemy.moml.MoMLSimpleApplication@211675f4
----------------- Done invoking toplevel() on ptolemy.moml.MoMLSimpleApplication@211675f4
reloadAllAccessors: .MatrixSplit13

===========================================================================================
----------------- testing Fri Jun 08 19:17:14 UTC 2018 /home/travis/build/icyphy/ptII/ptolemy/domains/sdf/lib/test/auto/MatrixSplit14.xml
----------------- Instantiating /home/travis/build/icyphy/ptII/ptolemy/domains/sdf/lib/test/auto/MatrixSplit14.xml
1 ms. Memory: 333312K Free: 268587K (81%)
----------------- Invoking toplevel() on ptolemy.moml.MoMLSimpleApplication@669eef
----------------- Done invoking toplevel() on ptolemy.moml.MoMLSimpleApplication@669eef
reloadAllAccessors: .MatrixSplit14

===========================================================================================
----------------- testing Fri Jun 08 19:17:14 UTC 2018 /home/travis/build/icyphy/ptII/ptolemy/domains/sdf/lib/test/auto/MatrixSplit2.xml
----------------- Instantiating /home/travis/build/icyphy/ptII/ptolemy/domains/sdf/lib/test/auto/MatrixSplit2.xml
1 ms. Memory: 333312K Free: 263672K (79%)
----------------- Invoking toplevel() on ptolemy.moml.MoMLSimpleApplication@76d3b42c
----------------- Done invoking toplevel() on ptolemy.moml.MoMLSimpleApplication@76d3b42c
reloadAllAccessors: .MatrixSplit2

===========================================================================================
----------------- testing Fri Jun 08 19:17:14 UTC 2018 /home/travis/build/icyphy/ptII/ptolemy/domains/sdf/lib/test/auto/MatrixSplit3.xml
----------------- Instantiating /home/travis/build/icyphy/ptII/ptolemy/domains/sdf/lib/test/auto/MatrixSplit3.xml
1 ms. Memory: 333312K Free: 257351K (77%)
----------------- Invoking toplevel() on ptolemy.moml.MoMLSimpleApplication@2175cf3c
----------------- Done invoking toplevel() on ptolemy.moml.MoMLSimpleApplication@2175cf3c
reloadAllAccessors: .MatrixSplit3

===========================================================================================
----------------- testing Fri Jun 08 19:17:14 UTC 2018 /home/travis/build/icyphy/ptII/ptolemy/domains/sdf/lib/test/auto/MatrixSplit4.xml
----------------- Instantiating /home/travis/build/icyphy/ptII/ptolemy/domains/sdf/lib/test/auto/MatrixSplit4.xml
1 ms. Memory: 333312K Free: 252436K (76%)
----------------- Invoking toplevel() on ptolemy.moml.MoMLSimpleApplication@23eb7390
----------------- Done invoking toplevel() on ptolemy.moml.MoMLSimpleApplication@23eb7390
reloadAllAccessors: .MatrixSplit4

===========================================================================================
----------------- testing Fri Jun 08 19:17:14 UTC 2018 /home/travis/build/icyphy/ptII/ptolemy/domains/sdf/lib/test/auto/MatrixSplit5.xml
----------------- Instantiating /home/travis/build/icyphy/ptII/ptolemy/domains/sdf/lib/test/auto/MatrixSplit5.xml
1 ms. Memory: 333312K Free: 247521K (74%)
----------------- Invoking toplevel() on ptolemy.moml.MoMLSimpleApplication@57ecc698
----------------- Done invoking toplevel() on ptolemy.moml.MoMLSimpleApplication@57ecc698
reloadAllAccessors: .MatrixSplit5

===========================================================================================
----------------- testing Fri Jun 08 19:17:14 UTC 2018 /home/travis/build/icyphy/ptII/ptolemy/domains/sdf/lib/test/auto/MatrixSplit6.xml
----------------- Instantiating /home/travis/build/icyphy/ptII/ptolemy/domains/sdf/lib/test/auto/MatrixSplit6.xml
1 ms. Memory: 333312K Free: 241200K (72%)
----------------- Invoking toplevel() on ptolemy.moml.MoMLSimpleApplication@786004c9
----------------- Done invoking toplevel() on ptolemy.moml.MoMLSimpleApplication@786004c9
reloadAllAccessors: .MatrixSplit6

===========================================================================================
----------------- testing Fri Jun 08 19:17:14 UTC 2018 /home/travis/build/icyphy/ptII/ptolemy/domains/sdf/lib/test/auto/MatrixSplit7.xml
----------------- Instantiating /home/travis/build/icyphy/ptII/ptolemy/domains/sdf/lib/test/auto/MatrixSplit7.xml
2 ms. Memory: 333312K Free: 236285K (71%)
----------------- Invoking toplevel() on ptolemy.moml.MoMLSimpleApplication@7b2ad21a
----------------- Done invoking toplevel() on ptolemy.moml.MoMLSimpleApplication@7b2ad21a
reloadAllAccessors: .MatrixSplit7

===========================================================================================
----------------- testing Fri Jun 08 19:17:14 UTC 2018 /home/travis/build/icyphy/ptII/ptolemy/domains/sdf/lib/test/auto/MatrixSplit8.xml
----------------- Instantiating /home/travis/build/icyphy/ptII/ptolemy/domains/sdf/lib/test/auto/MatrixSplit8.xml
1 ms. Memory: 333312K Free: 231370K (69%)
----------------- Invoking toplevel() on ptolemy.moml.MoMLSimpleApplication@50a3b85b
----------------- Done invoking toplevel() on ptolemy.moml.MoMLSimpleApplication@50a3b85b
reloadAllAccessors: .MatrixSplit8

===========================================================================================
----------------- testing Fri Jun 08 19:17:14 UTC 2018 /home/travis/build/icyphy/ptII/ptolemy/domains/sdf/lib/test/auto/MatrixSplit9.xml
----------------- Instantiating /home/travis/build/icyphy/ptII/ptolemy/domains/sdf/lib/test/auto/MatrixSplit9.xml
1 ms. Memory: 333312K Free: 226455K (68%)
----------------- Invoking toplevel() on ptolemy.moml.MoMLSimpleApplication@726cdd8a
----------------- Done invoking toplevel() on ptolemy.moml.MoMLSimpleApplication@726cdd8a
reloadAllAccessors: .MatrixSplit9

===========================================================================================
----------------- testing Fri Jun 08 19:17:14 UTC 2018 /home/travis/build/icyphy/ptII/ptolemy/domains/sdf/lib/test/auto/MatrixToSequence.xml
----------------- Instantiating /home/travis/build/icyphy/ptII/ptolemy/domains/sdf/lib/test/auto/MatrixToSequence.xml
4 ms. Memory: 333312K Free: 213990K (64%)
----------------- Invoking toplevel() on ptolemy.moml.MoMLSimpleApplication@668025fe
----------------- Done invoking toplevel() on ptolemy.moml.MoMLSimpleApplication@668025fe
reloadAllAccessors: .MatrixToSequence

===========================================================================================
----------------- testing Fri Jun 08 19:17:14 UTC 2018 /home/travis/build/icyphy/ptII/ptolemy/domains/sdf/lib/test/auto/MaximumEntropySpectrum.xml
----------------- Instantiating /home/travis/build/icyphy/ptII/ptolemy/domains/sdf/lib/test/auto/MaximumEntropySpectrum.xml
9 ms. Memory: 333312K Free: 190622K (57%)
----------------- Invoking toplevel() on ptolemy.moml.MoMLSimpleApplication@62e5c494
----------------- Done invoking toplevel() on ptolemy.moml.MoMLSimpleApplication@62e5c494
reloadAllAccessors: .MaximumEntropySpectrum

===========================================================================================
----------------- testing Fri Jun 08 19:17:14 UTC 2018 /home/travis/build/icyphy/ptII/ptolemy/domains/sdf/lib/test/auto/SampleDelayConversion.xml
----------------- Instantiating /home/travis/build/icyphy/ptII/ptolemy/domains/sdf/lib/test/auto/SampleDelayConversion.xml
4 ms. Memory: 333312K Free: 185707K (56%)
----------------- Invoking toplevel() on ptolemy.moml.MoMLSimpleApplication@3cc7f424
----------------- Done invoking toplevel() on ptolemy.moml.MoMLSimpleApplication@3cc7f424
reloadAllAccessors: .SampleDelayConversion

===========================================================================================
----------------- testing Fri Jun 08 19:17:14 UTC 2018 /home/travis/build/icyphy/ptII/ptolemy/domains/sdf/lib/test/auto/SequenceToArray.xml
----------------- Instantiating /home/travis/build/icyphy/ptII/ptolemy/domains/sdf/lib/test/auto/SequenceToArray.xml
19 ms. Memory: 333312K Free: 170785K (51%)
----------------- Invoking toplevel() on ptolemy.moml.MoMLSimpleApplication@168953af
----------------- Done invoking toplevel() on ptolemy.moml.MoMLSimpleApplication@168953af
reloadAllAccessors: .SequenceToArray

===========================================================================================
----------------- testing Fri Jun 08 19:17:14 UTC 2018 /home/travis/build/icyphy/ptII/ptolemy/domains/sdf/lib/test/auto/SequenceToMatrix.xml
----------------- Instantiating /home/travis/build/icyphy/ptII/ptolemy/domains/sdf/lib/test/auto/SequenceToMatrix.xml
3382 ms. Memory: 333312K Free: 89818K (27%)
----------------- Invoking toplevel() on ptolemy.moml.MoMLSimpleApplication@b9d1821
----------------- Done invoking toplevel() on ptolemy.moml.MoMLSimpleApplication@b9d1821
reloadAllAccessors: .SequenceToMatrix

===========================================================================================
----------------- testing Fri Jun 08 19:17:18 UTC 2018 /home/travis/build/icyphy/ptII/ptolemy/domains/sdf/lib/test/auto/SmoothedPeriodogram.xml
----------------- Instantiating /home/travis/build/icyphy/ptII/ptolemy/domains/sdf/lib/test/auto/SmoothedPeriodogram.xml
10 ms. Memory: 579072K Free: 562472K (97%)
----------------- Invoking toplevel() on ptolemy.moml.MoMLSimpleApplication@7a33cd9c
----------------- Done invoking toplevel() on ptolemy.moml.MoMLSimpleApplication@7a33cd9c
reloadAllAccessors: .SmoothedPeriodogram

===========================================================================================
----------------- testing Fri Jun 08 19:17:18 UTC 2018 /home/travis/build/icyphy/ptII/ptolemy/domains/sdf/lib/test/auto/UpDownSample1.xml
----------------- Instantiating /home/travis/build/icyphy/ptII/ptolemy/domains/sdf/lib/test/auto/UpDownSample1.xml
6 ms. Memory: 579072K Free: 553830K (96%)
----------------- Invoking toplevel() on ptolemy.moml.MoMLSimpleApplication@4666f146
----------------- Done invoking toplevel() on ptolemy.moml.MoMLSimpleApplication@4666f146
reloadAllAccessors: .UpDownSample1

===========================================================================================
----------------- testing Fri Jun 08 19:17:18 UTC 2018 /home/travis/build/icyphy/ptII/ptolemy/domains/sdf/lib/test/auto/UpSample1.xml
----------------- Instantiating /home/travis/build/icyphy/ptII/ptolemy/domains/sdf/lib/test/auto/UpSample1.xml
1 ms. Memory: 579072K Free: 548920K (95%)
----------------- Invoking toplevel() on ptolemy.moml.MoMLSimpleApplication@36fd259a
----------------- Done invoking toplevel() on ptolemy.moml.MoMLSimpleApplication@36fd259a
reloadAllAccessors: .UpSample1

===========================================================================================
----------------- testing Fri Jun 08 19:17:18 UTC 2018 /home/travis/build/icyphy/ptII/ptolemy/domains/sdf/lib/test/auto/VariableFIR.xml
----------------- Instantiating /home/travis/build/icyphy/ptII/ptolemy/domains/sdf/lib/test/auto/VariableFIR.xml
12 ms. Memory: 579072K Free: 540270K (93%)
----------------- Invoking toplevel() on ptolemy.moml.MoMLSimpleApplication@38f70733
----------------- Done invoking toplevel() on ptolemy.moml.MoMLSimpleApplication@38f70733
reloadAllAccessors: .VariableFIR

===========================================================================================
----------------- testing Fri Jun 08 19:17:18 UTC 2018 /home/travis/build/icyphy/ptII/ptolemy/domains/sdf/lib/test/auto/VariableFIR2.xml
----------------- Instantiating /home/travis/build/icyphy/ptII/ptolemy/domains/sdf/lib/test/auto/VariableFIR2.xml
7 ms. Memory: 579072K Free: 532905K (92%)
----------------- Invoking toplevel() on ptolemy.moml.MoMLSimpleApplication@764f48b5
----------------- Done invoking toplevel() on ptolemy.moml.MoMLSimpleApplication@764f48b5
reloadAllAccessors: .VariableFIR2

===========================================================================================
----------------- testing Fri Jun 08 19:17:18 UTC 2018 /home/travis/build/icyphy/ptII/ptolemy/domains/sdf/lib/test/auto/VariableLattice.xml
----------------- Instantiating /home/travis/build/icyphy/ptII/ptolemy/domains/sdf/lib/test/auto/VariableLattice.xml
5 ms. Memory: 579072K Free: 523085K (90%)
----------------- Invoking toplevel() on ptolemy.moml.MoMLSimpleApplication@43dbd4c2
----------------- Done invoking toplevel() on ptolemy.moml.MoMLSimpleApplication@43dbd4c2
reloadAllAccessors: .VariableLattice

===========================================================================================
----------------- testing Fri Jun 08 19:17:18 UTC 2018 /home/travis/build/icyphy/ptII/ptolemy/domains/sdf/lib/test/auto/VariableLattice2.xml
----------------- Instantiating /home/travis/build/icyphy/ptII/ptolemy/domains/sdf/lib/test/auto/VariableLattice2.xml
1.0
-1.999999602036
1.9099998677481
-0.9099996420674
0.205
0.0
0.0
1.0
-0.25
-0.5
0.0
0.0
0.0
0.0
3 ms. Memory: 579072K Free: 514443K (89%)
----------------- Invoking toplevel() on ptolemy.moml.MoMLSimpleApplication@1612d563
----------------- Done invoking toplevel() on ptolemy.moml.MoMLSimpleApplication@1612d563
reloadAllAccessors: .VariableLattice2

===========================================================================================
----------------- testing Fri Jun 08 19:17:18 UTC 2018 /home/travis/build/icyphy/ptII/ptolemy/domains/sdf/lib/test/auto/VariableRecursiveLattice.xml
----------------- Instantiating /home/travis/build/icyphy/ptII/ptolemy/domains/sdf/lib/test/auto/VariableRecursiveLattice.xml
2 ms. Memory: 579072K Free: 507078K (88%)
----------------- Invoking toplevel() on ptolemy.moml.MoMLSimpleApplication@14e3fa59
----------------- Done invoking toplevel() on ptolemy.moml.MoMLSimpleApplication@14e3fa59
reloadAllAccessors: .VariableRecursiveLattice

===========================================================================================
----------------- testing Fri Jun 08 19:17:18 UTC 2018 /home/travis/build/icyphy/ptII/ptolemy/domains/sdf/lib/test/auto/VariableRecursiveLattice2.xml
----------------- Instantiating /home/travis/build/icyphy/ptII/ptolemy/domains/sdf/lib/test/auto/VariableRecursiveLattice2.xml
2 ms. Memory: 579072K Free: 499713K (86%)
----------------- Invoking toplevel() on ptolemy.moml.MoMLSimpleApplication@612acd60
----------------- Done invoking toplevel() on ptolemy.moml.MoMLSimpleApplication@612acd60
reloadAllAccessors: .VariableRecursiveLattice2
AutoTests.java: About to close Vertx.
AutoTests.java: Vertx closed.
]]></system-out>
  <system-err><![CDATA[]]></system-err>
</testsuite>
