<?xml version="1.0" encoding="UTF-8" ?>
<testsuite errors="0" failures="0" hostname="travis-job-9f39510a-c6dd-4a08-9e74-25ce00270a1a" name="ptolemy.domains.modal.test.junit.JUnitTclTest" skipped="0" tests="148" time="10.118" timestamp="2018-10-06T02:27:14">
  <properties>
[...]
</properties>
  <testcase classname="ptolemy.util.test.junit.TclTests" name="[0] /home/travis/build/icyphy/ptII/ptolemy/domains/modal/test/SystemLevelType.tcl (RunTclFile)" time="1.822" />
  <testcase classname="ptolemy.util.test.junit.AutoKnownFailedTests" name="[0] /home/travis/build/icyphy/ptII/ptolemy/domains/modal/test/auto/knownFailedTests/CannotAnalysisWithPreemption.xml (RunModel)" time="0.121" />
  <testcase classname="ptolemy.util.test.junit.AutoNameArchTests" name="[0] ThereAreNoAutoArchTests (RunModel)" time="0.002" />
  <testcase classname="ptolemy.util.test.junit.AutoTests" name="[0] /home/travis/build/icyphy/ptII/ptolemy/domains/modal/test/auto/ABPTest.xml (RunModel)" time="0.725" />
  <testcase classname="ptolemy.util.test.junit.AutoTests" name="[1] /home/travis/build/icyphy/ptII/ptolemy/domains/modal/test/auto/ABROFlat.xml (RunModel)" time="0.092" />
  <testcase classname="ptolemy.util.test.junit.AutoTests" name="[2] /home/travis/build/icyphy/ptII/ptolemy/domains/modal/test/auto/ABROFlat2.xml (RunModel)" time="0.075" />
  <testcase classname="ptolemy.util.test.junit.AutoTests" name="[3] /home/travis/build/icyphy/ptII/ptolemy/domains/modal/test/auto/ABRO_present_hmm.xml (RunModel)" time="0.151" />
  <testcase classname="ptolemy.util.test.junit.AutoTests" name="[4] /home/travis/build/icyphy/ptII/ptolemy/domains/modal/test/auto/AMICoderExample.xml (RunModel)" time="0.063" />
  <testcase classname="ptolemy.util.test.junit.AutoTests" name="[5] /home/travis/build/icyphy/ptII/ptolemy/domains/modal/test/auto/AbsentToPresent.xml (RunModel)" time="0.025" />
  <testcase classname="ptolemy.util.test.junit.AutoTests" name="[6] /home/travis/build/icyphy/ptII/ptolemy/domains/modal/test/auto/Blending.xml (RunModel)" time="0.281" />
  <testcase classname="ptolemy.util.test.junit.AutoTests" name="[7] /home/travis/build/icyphy/ptII/ptolemy/domains/modal/test/auto/Broadcast.xml (RunModel)" time="0.06" />
  <testcase classname="ptolemy.util.test.junit.AutoTests" name="[8] /home/travis/build/icyphy/ptII/ptolemy/domains/modal/test/auto/BroadcastHierarchy.xml (RunModel)" time="0.094" />
  <testcase classname="ptolemy.util.test.junit.AutoTests" name="[9] /home/travis/build/icyphy/ptII/ptolemy/domains/modal/test/auto/BroadcastHierarchy2.xml (RunModel)" time="0.114" />
  <testcase classname="ptolemy.util.test.junit.AutoTests" name="[10] /home/travis/build/icyphy/ptII/ptolemy/domains/modal/test/auto/BroadcastHierarchy3.xml (RunModel)" time="0.118" />
  <testcase classname="ptolemy.util.test.junit.AutoTests" name="[11] /home/travis/build/icyphy/ptII/ptolemy/domains/modal/test/auto/BroadcastHierarchy4.xml (RunModel)" time="0.1" />
  <testcase classname="ptolemy.util.test.junit.AutoTests" name="[12] /home/travis/build/icyphy/ptII/ptolemy/domains/modal/test/auto/CannotAnalysisWithPreemption2.xml (RunModel)" time="0.039" />
  <testcase classname="ptolemy.util.test.junit.AutoTests" name="[13] /home/travis/build/icyphy/ptII/ptolemy/domains/modal/test/auto/CannotAnalysisWithPreemption3.xml (RunModel)" time="0.043" />
  <testcase classname="ptolemy.util.test.junit.AutoTests" name="[14] /home/travis/build/icyphy/ptII/ptolemy/domains/modal/test/auto/CannotProduce.xml (RunModel)" time="0.035" />
  <testcase classname="ptolemy.util.test.junit.AutoTests" name="[15] /home/travis/build/icyphy/ptII/ptolemy/domains/modal/test/auto/CannotProduceModal.xml (RunModel)" time="0.035" />
  <testcase classname="ptolemy.util.test.junit.AutoTests" name="[16] /home/travis/build/icyphy/ptII/ptolemy/domains/modal/test/auto/Case.xml (RunModel)" time="0.079" />
  <testcase classname="ptolemy.util.test.junit.AutoTests" name="[17] /home/travis/build/icyphy/ptII/ptolemy/domains/modal/test/auto/Case1.xml (RunModel)" time="0.048" />
  <testcase classname="ptolemy.util.test.junit.AutoTests" name="[18] /home/travis/build/icyphy/ptII/ptolemy/domains/modal/test/auto/Case2.xml (RunModel)" time="0.074" />
  <testcase classname="ptolemy.util.test.junit.AutoTests" name="[19] /home/travis/build/icyphy/ptII/ptolemy/domains/modal/test/auto/CausalityInterface1.xml (RunModel)" time="0.031" />
  <testcase classname="ptolemy.util.test.junit.AutoTests" name="[20] /home/travis/build/icyphy/ptII/ptolemy/domains/modal/test/auto/CausalityInterface10.xml (RunModel)" time="0.05" />
  <testcase classname="ptolemy.util.test.junit.AutoTests" name="[21] /home/travis/build/icyphy/ptII/ptolemy/domains/modal/test/auto/CausalityInterface11.xml (RunModel)" time="0.045" />
  <testcase classname="ptolemy.util.test.junit.AutoTests" name="[22] /home/travis/build/icyphy/ptII/ptolemy/domains/modal/test/auto/CausalityInterface12.xml (RunModel)" time="0.052" />
  <testcase classname="ptolemy.util.test.junit.AutoTests" name="[23] /home/travis/build/icyphy/ptII/ptolemy/domains/modal/test/auto/CausalityInterface13.xml (RunModel)" time="0.063" />
  <testcase classname="ptolemy.util.test.junit.AutoTests" name="[24] /home/travis/build/icyphy/ptII/ptolemy/domains/modal/test/auto/CausalityInterface14.xml (RunModel)" time="0.05" />
  <testcase classname="ptolemy.util.test.junit.AutoTests" name="[25] /home/travis/build/icyphy/ptII/ptolemy/domains/modal/test/auto/CausalityInterface2.xml (RunModel)" time="0.037" />
  <testcase classname="ptolemy.util.test.junit.AutoTests" name="[26] /home/travis/build/icyphy/ptII/ptolemy/domains/modal/test/auto/CausalityInterface3.xml (RunModel)" time="0.021" />
  <testcase classname="ptolemy.util.test.junit.AutoTests" name="[27] /home/travis/build/icyphy/ptII/ptolemy/domains/modal/test/auto/CausalityInterface4.xml (RunModel)" time="0.051" />
  <testcase classname="ptolemy.util.test.junit.AutoTests" name="[28] /home/travis/build/icyphy/ptII/ptolemy/domains/modal/test/auto/CausalityInterface5.xml (RunModel)" time="0.031" />
  <testcase classname="ptolemy.util.test.junit.AutoTests" name="[29] /home/travis/build/icyphy/ptII/ptolemy/domains/modal/test/auto/CausalityInterface6.xml (RunModel)" time="0.035" />
  <testcase classname="ptolemy.util.test.junit.AutoTests" name="[30] /home/travis/build/icyphy/ptII/ptolemy/domains/modal/test/auto/CausalityInterface7.xml (RunModel)" time="0.038" />
  <testcase classname="ptolemy.util.test.junit.AutoTests" name="[31] /home/travis/build/icyphy/ptII/ptolemy/domains/modal/test/auto/CausalityInterface8.xml (RunModel)" time="0.054" />
  <testcase classname="ptolemy.util.test.junit.AutoTests" name="[32] /home/travis/build/icyphy/ptII/ptolemy/domains/modal/test/auto/CausalityInterface9.xml (RunModel)" time="0.035" />
  <testcase classname="ptolemy.util.test.junit.AutoTests" name="[33] /home/travis/build/icyphy/ptII/ptolemy/domains/modal/test/auto/ChainedTransitions.xml (RunModel)" time="0.132" />
  <testcase classname="ptolemy.util.test.junit.AutoTests" name="[34] /home/travis/build/icyphy/ptII/ptolemy/domains/modal/test/auto/CycleOfImmediateTransitionsFSM.xml (RunModel)" time="0.028" />
  <testcase classname="ptolemy.util.test.junit.AutoTests" name="[35] /home/travis/build/icyphy/ptII/ptolemy/domains/modal/test/auto/CycleOfImmediateTransitionsModal.xml (RunModel)" time="0.031" />
  <testcase classname="ptolemy.util.test.junit.AutoTests" name="[36] /home/travis/build/icyphy/ptII/ptolemy/domains/modal/test/auto/CycleOfImmediateTransitionsModal2.xml (RunModel)" time="0.026" />
  <testcase classname="ptolemy.util.test.junit.AutoTests" name="[37] /home/travis/build/icyphy/ptII/ptolemy/domains/modal/test/auto/CycleOfImmediateTransitionsModal3.xml (RunModel)" time="0.09" />
  <testcase classname="ptolemy.util.test.junit.AutoTests" name="[38] /home/travis/build/icyphy/ptII/ptolemy/domains/modal/test/auto/DeepModal1.xml (RunModel)" time="0.053" />
  <testcase classname="ptolemy.util.test.junit.AutoTests" name="[39] /home/travis/build/icyphy/ptII/ptolemy/domains/modal/test/auto/DeepModal2.xml (RunModel)" time="0.068" />
  <testcase classname="ptolemy.util.test.junit.AutoTests" name="[40] /home/travis/build/icyphy/ptII/ptolemy/domains/modal/test/auto/DeepModal3.xml (RunModel)" time="0.069" />
  <testcase classname="ptolemy.util.test.junit.AutoTests" name="[41] /home/travis/build/icyphy/ptII/ptolemy/domains/modal/test/auto/DeepModal4.xml (RunModel)" time="0.075" />
  <testcase classname="ptolemy.util.test.junit.AutoTests" name="[42] /home/travis/build/icyphy/ptII/ptolemy/domains/modal/test/auto/Default1.xml (RunModel)" time="0.017" />
  <testcase classname="ptolemy.util.test.junit.AutoTests" name="[43] /home/travis/build/icyphy/ptII/ptolemy/domains/modal/test/auto/Default2.xml (RunModel)" time="0.018" />
  <testcase classname="ptolemy.util.test.junit.AutoTests" name="[44] /home/travis/build/icyphy/ptII/ptolemy/domains/modal/test/auto/Default3.xml (RunModel)" time="0.026" />
  <testcase classname="ptolemy.util.test.junit.AutoTests" name="[45] /home/travis/build/icyphy/ptII/ptolemy/domains/modal/test/auto/Default4.xml (RunModel)" time="0.023" />
  <testcase classname="ptolemy.util.test.junit.AutoTests" name="[46] /home/travis/build/icyphy/ptII/ptolemy/domains/modal/test/auto/Default5.xml (RunModel)" time="0.033" />
  <testcase classname="ptolemy.util.test.junit.AutoTests" name="[47] /home/travis/build/icyphy/ptII/ptolemy/domains/modal/test/auto/EmptyGuard.xml (RunModel)" time="0.031" />
  <testcase classname="ptolemy.util.test.junit.AutoTests" name="[48] /home/travis/build/icyphy/ptII/ptolemy/domains/modal/test/auto/ErrorTransition1.xml (RunModel)" time="0.031" />
  <testcase classname="ptolemy.util.test.junit.AutoTests" name="[49] /home/travis/build/icyphy/ptII/ptolemy/domains/modal/test/auto/ErrorTransition10.xml (RunModel)" time="0.038" />
  <testcase classname="ptolemy.util.test.junit.AutoTests" name="[50] /home/travis/build/icyphy/ptII/ptolemy/domains/modal/test/auto/ErrorTransition11.xml (RunModel)" time="0.036" />
  <testcase classname="ptolemy.util.test.junit.AutoTests" name="[51] /home/travis/build/icyphy/ptII/ptolemy/domains/modal/test/auto/ErrorTransition2.xml (RunModel)" time="0.025" />
  <testcase classname="ptolemy.util.test.junit.AutoTests" name="[52] /home/travis/build/icyphy/ptII/ptolemy/domains/modal/test/auto/ErrorTransition3.xml (RunModel)" time="0.031" />
  <testcase classname="ptolemy.util.test.junit.AutoTests" name="[53] /home/travis/build/icyphy/ptII/ptolemy/domains/modal/test/auto/ErrorTransition4.xml (RunModel)" time="0.034" />
  <testcase classname="ptolemy.util.test.junit.AutoTests" name="[54] /home/travis/build/icyphy/ptII/ptolemy/domains/modal/test/auto/ErrorTransition5.xml (RunModel)" time="0.024" />
  <testcase classname="ptolemy.util.test.junit.AutoTests" name="[55] /home/travis/build/icyphy/ptII/ptolemy/domains/modal/test/auto/ErrorTransition6.xml (RunModel)" time="0.029" />
  <testcase classname="ptolemy.util.test.junit.AutoTests" name="[56] /home/travis/build/icyphy/ptII/ptolemy/domains/modal/test/auto/ErrorTransition7.xml (RunModel)" time="0.036" />
  <testcase classname="ptolemy.util.test.junit.AutoTests" name="[57] /home/travis/build/icyphy/ptII/ptolemy/domains/modal/test/auto/ErrorTransition8.xml (RunModel)" time="0.051" />
  <testcase classname="ptolemy.util.test.junit.AutoTests" name="[58] /home/travis/build/icyphy/ptII/ptolemy/domains/modal/test/auto/ErrorTransition9.xml (RunModel)" time="0.047" />
  <testcase classname="ptolemy.util.test.junit.AutoTests" name="[59] /home/travis/build/icyphy/ptII/ptolemy/domains/modal/test/auto/ExtendedFSM.xml (RunModel)" time="0.027" />
  <testcase classname="ptolemy.util.test.junit.AutoTests" name="[60] /home/travis/build/icyphy/ptII/ptolemy/domains/modal/test/auto/FinalStates.xml (RunModel)" time="0.025" />
  <testcase classname="ptolemy.util.test.junit.AutoTests" name="[61] /home/travis/build/icyphy/ptII/ptolemy/domains/modal/test/auto/FixedPointFSM.xml (RunModel)" time="0.041" />
  <testcase classname="ptolemy.util.test.junit.AutoTests" name="[62] /home/travis/build/icyphy/ptII/ptolemy/domains/modal/test/auto/FixedPointIterationFSMActor.xml (RunModel)" time="0.026" />
  <testcase classname="ptolemy.util.test.junit.AutoTests" name="[63] /home/travis/build/icyphy/ptII/ptolemy/domains/modal/test/auto/FixedPointIterationFSMActor2.xml (RunModel)" time="0.033" />
  <testcase classname="ptolemy.util.test.junit.AutoTests" name="[64] /home/travis/build/icyphy/ptII/ptolemy/domains/modal/test/auto/ForbiddenInstantanousLoop.xml (RunModel)" time="0.031" />
  <testcase classname="ptolemy.util.test.junit.AutoTests" name="[65] /home/travis/build/icyphy/ptII/ptolemy/domains/modal/test/auto/FunctionDependencyOfFSMActorTest.xml (RunModel)" time="0.027" />
  <testcase classname="ptolemy.util.test.junit.AutoTests" name="[66] /home/travis/build/icyphy/ptII/ptolemy/domains/modal/test/auto/GuardExpression.xml (RunModel)" time="0.02" />
  <testcase classname="ptolemy.util.test.junit.AutoTests" name="[67] /home/travis/build/icyphy/ptII/ptolemy/domains/modal/test/auto/GuardNotEvaluated.xml (RunModel)" time="0.033" />
  <testcase classname="ptolemy.util.test.junit.AutoTests" name="[68] /home/travis/build/icyphy/ptII/ptolemy/domains/modal/test/auto/GuardNotEvaluated2.xml (RunModel)" time="0.023" />
  <testcase classname="ptolemy.util.test.junit.AutoTests" name="[69] /home/travis/build/icyphy/ptII/ptolemy/domains/modal/test/auto/GuardOnAbsent.xml (RunModel)" time="0.028" />
  <testcase classname="ptolemy.util.test.junit.AutoTests" name="[70] /home/travis/build/icyphy/ptII/ptolemy/domains/modal/test/auto/HierarchicalFSMTypeInference.xml (RunModel)" time="0.026" />
  <testcase classname="ptolemy.util.test.junit.AutoTests" name="[71] /home/travis/build/icyphy/ptII/ptolemy/domains/modal/test/auto/Hysteresis.xml (RunModel)" time="0.044" />
  <testcase classname="ptolemy.util.test.junit.AutoTests" name="[72] /home/travis/build/icyphy/ptII/ptolemy/domains/modal/test/auto/HysteresisWithDefault.xml (RunModel)" time="0.062" />
  <testcase classname="ptolemy.util.test.junit.AutoTests" name="[73] /home/travis/build/icyphy/ptII/ptolemy/domains/modal/test/auto/HysteresisWithDefault2.xml (RunModel)" time="0.068" />
  <testcase classname="ptolemy.util.test.junit.AutoTests" name="[74] /home/travis/build/icyphy/ptII/ptolemy/domains/modal/test/auto/ImmediateNonConstructiveness.xml (RunModel)" time="0.017" />
  <testcase classname="ptolemy.util.test.junit.AutoTests" name="[75] /home/travis/build/icyphy/ptII/ptolemy/domains/modal/test/auto/ImmediateNonConstructiveness2.xml (RunModel)" time="0.016" />
  <testcase classname="ptolemy.util.test.junit.AutoTests" name="[76] /home/travis/build/icyphy/ptII/ptolemy/domains/modal/test/auto/ImmediateTransitionReset.xml (RunModel)" time="0.031" />
  <testcase classname="ptolemy.util.test.junit.AutoTests" name="[77] /home/travis/build/icyphy/ptII/ptolemy/domains/modal/test/auto/ImmediateTransitions1.xml (RunModel)" time="0.018" />
  <testcase classname="ptolemy.util.test.junit.AutoTests" name="[78] /home/travis/build/icyphy/ptII/ptolemy/domains/modal/test/auto/ImmediateTransitionsInstantaneousCommunication.xml (RunModel)" time="0.034" />
  <testcase classname="ptolemy.util.test.junit.AutoTests" name="[79] /home/travis/build/icyphy/ptII/ptolemy/domains/modal/test/auto/InitialImmediateTransition.xml (RunModel)" time="0.017" />
  <testcase classname="ptolemy.util.test.junit.AutoTests" name="[80] /home/travis/build/icyphy/ptII/ptolemy/domains/modal/test/auto/InitialOutputs.xml (RunModel)" time="0.018" />
  <testcase classname="ptolemy.util.test.junit.AutoTests" name="[81] /home/travis/build/icyphy/ptII/ptolemy/domains/modal/test/auto/InitialStateTransition1.xml (RunModel)" time="0.019" />
  <testcase classname="ptolemy.util.test.junit.AutoTests" name="[82] /home/travis/build/icyphy/ptII/ptolemy/domains/modal/test/auto/InitialStateTransition2.xml (RunModel)" time="0.021" />
  <testcase classname="ptolemy.util.test.junit.AutoTests" name="[83] /home/travis/build/icyphy/ptII/ptolemy/domains/modal/test/auto/InitialStateTransition3.xml (RunModel)" time="0.025" />
  <testcase classname="ptolemy.util.test.junit.AutoTests" name="[84] /home/travis/build/icyphy/ptII/ptolemy/domains/modal/test/auto/InitialStateTransition4.xml (RunModel)" time="0.033" />
  <testcase classname="ptolemy.util.test.junit.AutoTests" name="[85] /home/travis/build/icyphy/ptII/ptolemy/domains/modal/test/auto/MalformedGuardExpressionNotCaught.xml (RunModel)" time="0.02" />
  <testcase classname="ptolemy.util.test.junit.AutoTests" name="[86] /home/travis/build/icyphy/ptII/ptolemy/domains/modal/test/auto/ModalBSC.xml (RunModel)" time="0.086" />
  <testcase classname="ptolemy.util.test.junit.AutoTests" name="[87] /home/travis/build/icyphy/ptII/ptolemy/domains/modal/test/auto/ModalClocks.xml (RunModel)" time="0.079" />
  <testcase classname="ptolemy.util.test.junit.AutoTests" name="[88] /home/travis/build/icyphy/ptII/ptolemy/domains/modal/test/auto/ModalDelay.xml (RunModel)" time="0.046" />
  <testcase classname="ptolemy.util.test.junit.AutoTests" name="[89] /home/travis/build/icyphy/ptII/ptolemy/domains/modal/test/auto/ModalDelay2.xml (RunModel)" time="0.049" />
  <testcase classname="ptolemy.util.test.junit.AutoTests" name="[90] /home/travis/build/icyphy/ptII/ptolemy/domains/modal/test/auto/ModalModelFromMemo.xml (RunModel)" time="0.06" />
  <testcase classname="ptolemy.util.test.junit.AutoTests" name="[91] /home/travis/build/icyphy/ptII/ptolemy/domains/modal/test/auto/ModalModelWithMultirateTransient.xml (RunModel)" time="0.042" />
  <testcase classname="ptolemy.util.test.junit.AutoTests" name="[92] /home/travis/build/icyphy/ptII/ptolemy/domains/modal/test/auto/ModalModelWithReset.xml (RunModel)" time="0.045" />
  <testcase classname="ptolemy.util.test.junit.AutoTests" name="[93] /home/travis/build/icyphy/ptII/ptolemy/domains/modal/test/auto/MouseClickFSM.xml (RunModel)" time="0.042" />
  <testcase classname="ptolemy.util.test.junit.AutoTests" name="[94] /home/travis/build/icyphy/ptII/ptolemy/domains/modal/test/auto/MouseClickFSMModal.xml (RunModel)" time="0.031" />
  <testcase classname="ptolemy.util.test.junit.AutoTests" name="[95] /home/travis/build/icyphy/ptII/ptolemy/domains/modal/test/auto/NonStrictFSM_FeedbackLoop.xml (RunModel)" time="0.041" />
  <testcase classname="ptolemy.util.test.junit.AutoTests" name="[96] /home/travis/build/icyphy/ptII/ptolemy/domains/modal/test/auto/NonStrictFSM_FeedbackLoop_Refinement.xml (RunModel)" time="0.077" />
  <testcase classname="ptolemy.util.test.junit.AutoTests" name="[97] /home/travis/build/icyphy/ptII/ptolemy/domains/modal/test/auto/NonStrictFSM_FeedbackLoop_preemptive.xml (RunModel)" time="0.053" />
  <testcase classname="ptolemy.util.test.junit.AutoTests" name="[98] /home/travis/build/icyphy/ptII/ptolemy/domains/modal/test/auto/NormalTermination.xml (RunModel)" time="0.055" />
  <testcase classname="ptolemy.util.test.junit.AutoTests" name="[99] /home/travis/build/icyphy/ptII/ptolemy/domains/modal/test/auto/Pong.xml (RunModel)" time="0.07" />
  <testcase classname="ptolemy.util.test.junit.AutoTests" name="[100] /home/travis/build/icyphy/ptII/ptolemy/domains/modal/test/auto/Pong_test.xml (RunModel)" time="0.108" />
  <testcase classname="ptolemy.util.test.junit.AutoTests" name="[101] /home/travis/build/icyphy/ptII/ptolemy/domains/modal/test/auto/PreemptionHierarchy.xml (RunModel)" time="0.026" />
  <testcase classname="ptolemy.util.test.junit.AutoTests" name="[102] /home/travis/build/icyphy/ptII/ptolemy/domains/modal/test/auto/PreemptionHierarchy2.xml (RunModel)" time="0.029" />
  <testcase classname="ptolemy.util.test.junit.AutoTests" name="[103] /home/travis/build/icyphy/ptII/ptolemy/domains/modal/test/auto/PreemptiveTransition.xml (RunModel)" time="0.021" />
  <testcase classname="ptolemy.util.test.junit.AutoTests" name="[104] /home/travis/build/icyphy/ptII/ptolemy/domains/modal/test/auto/Priorities.xml (RunModel)" time="0.086" />
  <testcase classname="ptolemy.util.test.junit.AutoTests" name="[105] /home/travis/build/icyphy/ptII/ptolemy/domains/modal/test/auto/ResetFinal.xml (RunModel)" time="0.038" />
  <testcase classname="ptolemy.util.test.junit.AutoTests" name="[106] /home/travis/build/icyphy/ptII/ptolemy/domains/modal/test/auto/ResetFinal2.xml (RunModel)" time="0.036" />
  <testcase classname="ptolemy.util.test.junit.AutoTests" name="[107] /home/travis/build/icyphy/ptII/ptolemy/domains/modal/test/auto/ResetTransitionWithStartTime.xml (RunModel)" time="0.036" />
  <testcase classname="ptolemy.util.test.junit.AutoTests" name="[108] /home/travis/build/icyphy/ptII/ptolemy/domains/modal/test/auto/SDF-FSMComposite.xml (RunModel)" time="0.024" />
  <testcase classname="ptolemy.util.test.junit.AutoTests" name="[109] /home/travis/build/icyphy/ptII/ptolemy/domains/modal/test/auto/SeeminglyNondeterminate.xml (RunModel)" time="0.08" />
  <testcase classname="ptolemy.util.test.junit.AutoTests" name="[110] /home/travis/build/icyphy/ptII/ptolemy/domains/modal/test/auto/SeeminglyNondeterminate2.xml (RunModel)" time="0.075" />
  <testcase classname="ptolemy.util.test.junit.AutoTests" name="[111] /home/travis/build/icyphy/ptII/ptolemy/domains/modal/test/auto/SpontaneousFSM.xml (RunModel)" time="0.043" />
  <testcase classname="ptolemy.util.test.junit.AutoTests" name="[112] /home/travis/build/icyphy/ptII/ptolemy/domains/modal/test/auto/SpontaneousFSM2.xml (RunModel)" time="0.031" />
  <testcase classname="ptolemy.util.test.junit.AutoTests" name="[113] /home/travis/build/icyphy/ptII/ptolemy/domains/modal/test/auto/SpontaneousFSM3.xml (RunModel)" time="0.041" />
  <testcase classname="ptolemy.util.test.junit.AutoTests" name="[114] /home/travis/build/icyphy/ptII/ptolemy/domains/modal/test/auto/SpontaneousFSM4.xml (RunModel)" time="0.047" />
  <testcase classname="ptolemy.util.test.junit.AutoTests" name="[115] /home/travis/build/icyphy/ptII/ptolemy/domains/modal/test/auto/StateTrackerTest.xml (RunModel)" time="0.053" />
  <testcase classname="ptolemy.util.test.junit.AutoTests" name="[116] /home/travis/build/icyphy/ptII/ptolemy/domains/modal/test/auto/StrongImmediateTransition.xml (RunModel)" time="0.026" />
  <testcase classname="ptolemy.util.test.junit.AutoTests" name="[117] /home/travis/build/icyphy/ptII/ptolemy/domains/modal/test/auto/SustainHierarchy.xml (RunModel)" time="0.035" />
  <testcase classname="ptolemy.util.test.junit.AutoTests" name="[118] /home/travis/build/icyphy/ptII/ptolemy/domains/modal/test/auto/TerminationTransition1.xml (RunModel)" time="0.021" />
  <testcase classname="ptolemy.util.test.junit.AutoTests" name="[119] /home/travis/build/icyphy/ptII/ptolemy/domains/modal/test/auto/TerminationTransition2.xml (RunModel)" time="0.027" />
  <testcase classname="ptolemy.util.test.junit.AutoTests" name="[120] /home/travis/build/icyphy/ptII/ptolemy/domains/modal/test/auto/TerminationTransition3.xml (RunModel)" time="0.026" />
  <testcase classname="ptolemy.util.test.junit.AutoTests" name="[121] /home/travis/build/icyphy/ptII/ptolemy/domains/modal/test/auto/TerminationTransition4.xml (RunModel)" time="0.041" />
  <testcase classname="ptolemy.util.test.junit.AutoTests" name="[122] /home/travis/build/icyphy/ptII/ptolemy/domains/modal/test/auto/TerminationTransition5.xml (RunModel)" time="0.04" />
  <testcase classname="ptolemy.util.test.junit.AutoTests" name="[123] /home/travis/build/icyphy/ptII/ptolemy/domains/modal/test/auto/TerminationTransition6.xml (RunModel)" time="0.02" />
  <testcase classname="ptolemy.util.test.junit.AutoTests" name="[124] /home/travis/build/icyphy/ptII/ptolemy/domains/modal/test/auto/TerminationTransition7.xml (RunModel)" time="0.021" />
  <testcase classname="ptolemy.util.test.junit.AutoTests" name="[125] /home/travis/build/icyphy/ptII/ptolemy/domains/modal/test/auto/TerminationTransition8.xml (RunModel)" time="0.023" />
  <testcase classname="ptolemy.util.test.junit.AutoTests" name="[126] /home/travis/build/icyphy/ptII/ptolemy/domains/modal/test/auto/Thermostat_NoHysteresis.xml (RunModel)" time="0.048" />
  <testcase classname="ptolemy.util.test.junit.AutoTests" name="[127] /home/travis/build/icyphy/ptII/ptolemy/domains/modal/test/auto/TimedFSM.xml (RunModel)" time="0.029" />
  <testcase classname="ptolemy.util.test.junit.AutoTests" name="[128] /home/travis/build/icyphy/ptII/ptolemy/domains/modal/test/auto/Timeout1.xml (RunModel)" time="0.012" />
  <testcase classname="ptolemy.util.test.junit.AutoTests" name="[129] /home/travis/build/icyphy/ptII/ptolemy/domains/modal/test/auto/Timeout2.xml (RunModel)" time="0.017" />
  <testcase classname="ptolemy.util.test.junit.AutoTests" name="[130] /home/travis/build/icyphy/ptII/ptolemy/domains/modal/test/auto/Timeout3.xml (RunModel)" time="0.015" />
  <testcase classname="ptolemy.util.test.junit.AutoTests" name="[131] /home/travis/build/icyphy/ptII/ptolemy/domains/modal/test/auto/Timeout4.xml (RunModel)" time="0.012" />
  <testcase classname="ptolemy.util.test.junit.AutoTests" name="[132] /home/travis/build/icyphy/ptII/ptolemy/domains/modal/test/auto/TransientstateModelAdvanced.xml (RunModel)" time="0.024" />
  <testcase classname="ptolemy.util.test.junit.AutoTests" name="[133] /home/travis/build/icyphy/ptII/ptolemy/domains/modal/test/auto/TransientstateModelAdvanced2.xml (RunModel)" time="0.03" />
  <testcase classname="ptolemy.util.test.junit.AutoTests" name="[134] /home/travis/build/icyphy/ptII/ptolemy/domains/modal/test/auto/TransitionRefinements.xml (RunModel)" time="0.027" />
  <testcase classname="ptolemy.util.test.junit.AutoTests" name="[135] /home/travis/build/icyphy/ptII/ptolemy/domains/modal/test/auto/TwoRefinements1.xml (RunModel)" time="0.024" />
  <testcase classname="ptolemy.util.test.junit.AutoTests" name="[136] /home/travis/build/icyphy/ptII/ptolemy/domains/modal/test/auto/TwoRefinements2.xml (RunModel)" time="0.021" />
  <testcase classname="ptolemy.util.test.junit.AutoTests" name="[137] /home/travis/build/icyphy/ptII/ptolemy/domains/modal/test/auto/WeakImmediateTransition.xml (RunModel)" time="0.025" />
  <testcase classname="ptolemy.util.test.junit.AutoTests" name="[138] /home/travis/build/icyphy/ptII/ptolemy/domains/modal/test/auto/booleanSelect.xml (RunModel)" time="0.071" />
  <testcase classname="ptolemy.util.test.junit.AutoTests" name="[139] /home/travis/build/icyphy/ptII/ptolemy/domains/modal/test/auto/modalChangingParams.xml (RunModel)" time="0.237" />
  <testcase classname="ptolemy.util.test.junit.AutoTests" name="[140] /home/travis/build/icyphy/ptII/ptolemy/domains/modal/test/auto/modalModel.xml (RunModel)" time="0.021" />
  <testcase classname="ptolemy.util.test.junit.AutoTests" name="[141] /home/travis/build/icyphy/ptII/ptolemy/domains/modal/test/auto/modalModel2.xml (RunModel)" time="0.023" />
  <testcase classname="ptolemy.util.test.junit.AutoTests" name="[142] /home/travis/build/icyphy/ptII/ptolemy/domains/modal/test/auto/modalModel3.xml (RunModel)" time="0.044" />
  <testcase classname="ptolemy.util.test.junit.AutoTests" name="[143] /home/travis/build/icyphy/ptII/ptolemy/domains/modal/test/auto/model1.xml (RunModel)" time="0.018" />
  <testcase classname="ptolemy.util.test.junit.AutoTests" name="[144] /home/travis/build/icyphy/ptII/ptolemy/domains/modal/test/auto/test-direct-in-out.xml (RunModel)" time="0.018" />
  <system-out><![CDATA[/home/travis/build/icyphy/ptII/ptolemy/domains/modal/test/SystemLevelType.tcl
testDefs.tcl: setting time out to 9000 seconds at Sat Oct 06 02:27:14 UTC 2018
10/06/18 02:27:16
Failed: 0  Total Tests: 1  ((Passed: 1, Newly Passed: 0)  Known Failed: 0) /home/travis/build/icyphy/ptII/ptolemy/domains/modal/test
----------------- testing (KnownFailure) /home/travis/build/icyphy/ptII/ptolemy/domains/modal/test/auto/knownFailedTests/CannotAnalysisWithPreemption.xml
27 ms. Memory: 208384K Free: 185794K (89%)
Known Failure: java.lang.reflect.InvocationTargetException
No auto/linux-amd64/*.xml tests in /home/travis/build/icyphy/ptII/ptolemy/domains/modal/test
AutoTests.java: About to close Vertx.
AutoTests.java: Vertx closed.

===========================================================================================
----------------- testing Sat Oct 06 02:27:16 UTC 2018 /home/travis/build/icyphy/ptII/ptolemy/domains/modal/test/auto/ABPTest.xml
----------------- Instantiating /home/travis/build/icyphy/ptII/ptolemy/domains/modal/test/auto/ABPTest.xml
298 ms. Memory: 332288K Free: 289283K (87%)
----------------- Invoking toplevel() on ptolemy.moml.MoMLSimpleApplication@3ba0c77f
----------------- Done invoking toplevel() on ptolemy.moml.MoMLSimpleApplication@3ba0c77f
reloadAllAccessors: .ABPTest

===========================================================================================
----------------- testing Sat Oct 06 02:27:17 UTC 2018 /home/travis/build/icyphy/ptII/ptolemy/domains/modal/test/auto/ABROFlat.xml
----------------- Instantiating /home/travis/build/icyphy/ptII/ptolemy/domains/modal/test/auto/ABROFlat.xml
26 ms. Memory: 332288K Free: 267069K (80%)
----------------- Invoking toplevel() on ptolemy.moml.MoMLSimpleApplication@68f207aa
----------------- Done invoking toplevel() on ptolemy.moml.MoMLSimpleApplication@68f207aa
reloadAllAccessors: .ABROFlat

===========================================================================================
----------------- testing Sat Oct 06 02:27:17 UTC 2018 /home/travis/build/icyphy/ptII/ptolemy/domains/modal/test/auto/ABROFlat2.xml
----------------- Instantiating /home/travis/build/icyphy/ptII/ptolemy/domains/modal/test/auto/ABROFlat2.xml
19 ms. Memory: 332288K Free: 249055K (75%)
----------------- Invoking toplevel() on ptolemy.moml.MoMLSimpleApplication@9be779b
----------------- Done invoking toplevel() on ptolemy.moml.MoMLSimpleApplication@9be779b
reloadAllAccessors: .ABROFlat2

===========================================================================================
----------------- testing Sat Oct 06 02:27:17 UTC 2018 /home/travis/build/icyphy/ptII/ptolemy/domains/modal/test/auto/ABRO_present_hmm.xml
----------------- Instantiating /home/travis/build/icyphy/ptII/ptolemy/domains/modal/test/auto/ABRO_present_hmm.xml
32 ms. Memory: 332288K Free: 216349K (65%)
----------------- Invoking toplevel() on ptolemy.moml.MoMLSimpleApplication@276761a1
----------------- Done invoking toplevel() on ptolemy.moml.MoMLSimpleApplication@276761a1
reloadAllAccessors: .ABRO_present_hmm

===========================================================================================
----------------- testing Sat Oct 06 02:27:17 UTC 2018 /home/travis/build/icyphy/ptII/ptolemy/domains/modal/test/auto/AMICoderExample.xml
----------------- Instantiating /home/travis/build/icyphy/ptII/ptolemy/domains/modal/test/auto/AMICoderExample.xml
23 ms. Memory: 332288K Free: 204920K (62%)
----------------- Invoking toplevel() on ptolemy.moml.MoMLSimpleApplication@60cd6f08
----------------- Done invoking toplevel() on ptolemy.moml.MoMLSimpleApplication@60cd6f08
reloadAllAccessors: .AMICoderExample

===========================================================================================
----------------- testing Sat Oct 06 02:27:17 UTC 2018 /home/travis/build/icyphy/ptII/ptolemy/domains/modal/test/auto/AbsentToPresent.xml
----------------- Instantiating /home/travis/build/icyphy/ptII/ptolemy/domains/modal/test/auto/AbsentToPresent.xml
7 ms. Memory: 332288K Free: 196604K (59%)
----------------- Invoking toplevel() on ptolemy.moml.MoMLSimpleApplication@29eb7b35
----------------- Done invoking toplevel() on ptolemy.moml.MoMLSimpleApplication@29eb7b35
reloadAllAccessors: .AbsentToPresent

===========================================================================================
----------------- testing Sat Oct 06 02:27:17 UTC 2018 /home/travis/build/icyphy/ptII/ptolemy/domains/modal/test/auto/Blending.xml
----------------- Instantiating /home/travis/build/icyphy/ptII/ptolemy/domains/modal/test/auto/Blending.xml
130 ms. Memory: 332288K Free: 145945K (44%)
----------------- Invoking toplevel() on ptolemy.moml.MoMLSimpleApplication@400e773
----------------- Done invoking toplevel() on ptolemy.moml.MoMLSimpleApplication@400e773
reloadAllAccessors: .Blending

===========================================================================================
----------------- testing Sat Oct 06 02:27:18 UTC 2018 /home/travis/build/icyphy/ptII/ptolemy/domains/modal/test/auto/Broadcast.xml
----------------- Instantiating /home/travis/build/icyphy/ptII/ptolemy/domains/modal/test/auto/Broadcast.xml
16 ms. Memory: 332288K Free: 132840K (40%)
----------------- Invoking toplevel() on ptolemy.moml.MoMLSimpleApplication@12dbb3f7
----------------- Done invoking toplevel() on ptolemy.moml.MoMLSimpleApplication@12dbb3f7
reloadAllAccessors: .Broadcast

===========================================================================================
----------------- testing Sat Oct 06 02:27:18 UTC 2018 /home/travis/build/icyphy/ptII/ptolemy/domains/modal/test/auto/BroadcastHierarchy.xml
----------------- Instantiating /home/travis/build/icyphy/ptII/ptolemy/domains/modal/test/auto/BroadcastHierarchy.xml
17 ms. Memory: 332288K Free: 116494K (35%)
----------------- Invoking toplevel() on ptolemy.moml.MoMLSimpleApplication@54db8d8c
----------------- Done invoking toplevel() on ptolemy.moml.MoMLSimpleApplication@54db8d8c
reloadAllAccessors: .BroadcastHierarchy

===========================================================================================
----------------- testing Sat Oct 06 02:27:18 UTC 2018 /home/travis/build/icyphy/ptII/ptolemy/domains/modal/test/auto/BroadcastHierarchy2.xml
----------------- Instantiating /home/travis/build/icyphy/ptII/ptolemy/domains/modal/test/auto/BroadcastHierarchy2.xml
25 ms. Memory: 332288K Free: 82181K (25%)
----------------- Invoking toplevel() on ptolemy.moml.MoMLSimpleApplication@5742e30a
----------------- Done invoking toplevel() on ptolemy.moml.MoMLSimpleApplication@5742e30a
reloadAllAccessors: .BroadcastHierarchy2

===========================================================================================
----------------- testing Sat Oct 06 02:27:18 UTC 2018 /home/travis/build/icyphy/ptII/ptolemy/domains/modal/test/auto/BroadcastHierarchy3.xml
----------------- Instantiating /home/travis/build/icyphy/ptII/ptolemy/domains/modal/test/auto/BroadcastHierarchy3.xml
19 ms. Memory: 333824K Free: 299975K (90%)
----------------- Invoking toplevel() on ptolemy.moml.MoMLSimpleApplication@3ee4528d
----------------- Done invoking toplevel() on ptolemy.moml.MoMLSimpleApplication@3ee4528d
reloadAllAccessors: .BroadcastHierarchy3

===========================================================================================
----------------- testing Sat Oct 06 02:27:18 UTC 2018 /home/travis/build/icyphy/ptII/ptolemy/domains/modal/test/auto/BroadcastHierarchy4.xml
----------------- Instantiating /home/travis/build/icyphy/ptII/ptolemy/domains/modal/test/auto/BroadcastHierarchy4.xml
23 ms. Memory: 333824K Free: 266973K (80%)
----------------- Invoking toplevel() on ptolemy.moml.MoMLSimpleApplication@831cd4d
----------------- Done invoking toplevel() on ptolemy.moml.MoMLSimpleApplication@831cd4d
reloadAllAccessors: .BroadcastHierarchy4

===========================================================================================
----------------- testing Sat Oct 06 02:27:18 UTC 2018 /home/travis/build/icyphy/ptII/ptolemy/domains/modal/test/auto/CannotAnalysisWithPreemption2.xml
----------------- Instantiating /home/travis/build/icyphy/ptII/ptolemy/domains/modal/test/auto/CannotAnalysisWithPreemption2.xml
4 ms. Memory: 333824K Free: 258369K (77%)
----------------- Invoking toplevel() on ptolemy.moml.MoMLSimpleApplication@76a6dc3c
----------------- Done invoking toplevel() on ptolemy.moml.MoMLSimpleApplication@76a6dc3c
reloadAllAccessors: .CannotAnalysisWithPreemption2

===========================================================================================
----------------- testing Sat Oct 06 02:27:18 UTC 2018 /home/travis/build/icyphy/ptII/ptolemy/domains/modal/test/auto/CannotAnalysisWithPreemption3.xml
----------------- Instantiating /home/travis/build/icyphy/ptII/ptolemy/domains/modal/test/auto/CannotAnalysisWithPreemption3.xml
5 ms. Memory: 333824K Free: 246117K (74%)
----------------- Invoking toplevel() on ptolemy.moml.MoMLSimpleApplication@1c38df69
----------------- Done invoking toplevel() on ptolemy.moml.MoMLSimpleApplication@1c38df69
reloadAllAccessors: .CannotAnalysisWithPreemption3

===========================================================================================
----------------- testing Sat Oct 06 02:27:18 UTC 2018 /home/travis/build/icyphy/ptII/ptolemy/domains/modal/test/auto/CannotProduce.xml
----------------- Instantiating /home/travis/build/icyphy/ptII/ptolemy/domains/modal/test/auto/CannotProduce.xml
10 ms. Memory: 333824K Free: 236454K (71%)
----------------- Invoking toplevel() on ptolemy.moml.MoMLSimpleApplication@520b54ed
----------------- Done invoking toplevel() on ptolemy.moml.MoMLSimpleApplication@520b54ed
reloadAllAccessors: .CannotProduce

===========================================================================================
----------------- testing Sat Oct 06 02:27:18 UTC 2018 /home/travis/build/icyphy/ptII/ptolemy/domains/modal/test/auto/CannotProduceModal.xml
----------------- Instantiating /home/travis/build/icyphy/ptII/ptolemy/domains/modal/test/auto/CannotProduceModal.xml
14 ms. Memory: 333824K Free: 227866K (68%)
----------------- Invoking toplevel() on ptolemy.moml.MoMLSimpleApplication@51bba615
----------------- Done invoking toplevel() on ptolemy.moml.MoMLSimpleApplication@51bba615
reloadAllAccessors: .CannotProduceModal

===========================================================================================
----------------- testing Sat Oct 06 02:27:18 UTC 2018 /home/travis/build/icyphy/ptII/ptolemy/domains/modal/test/auto/Case.xml
----------------- Instantiating /home/travis/build/icyphy/ptII/ptolemy/domains/modal/test/auto/Case.xml
33 ms. Memory: 333824K Free: 214377K (64%)
----------------- Invoking toplevel() on ptolemy.moml.MoMLSimpleApplication@3d7df988
----------------- Done invoking toplevel() on ptolemy.moml.MoMLSimpleApplication@3d7df988
reloadAllAccessors: .Case

===========================================================================================
----------------- testing Sat Oct 06 02:27:18 UTC 2018 /home/travis/build/icyphy/ptII/ptolemy/domains/modal/test/auto/Case1.xml
----------------- Instantiating /home/travis/build/icyphy/ptII/ptolemy/domains/modal/test/auto/Case1.xml
15 ms. Memory: 333824K Free: 203493K (61%)
----------------- Invoking toplevel() on ptolemy.moml.MoMLSimpleApplication@61a1334b
----------------- Done invoking toplevel() on ptolemy.moml.MoMLSimpleApplication@61a1334b
reloadAllAccessors: .Case1

===========================================================================================
----------------- testing Sat Oct 06 02:27:18 UTC 2018 /home/travis/build/icyphy/ptII/ptolemy/domains/modal/test/auto/Case2.xml
----------------- Instantiating /home/travis/build/icyphy/ptII/ptolemy/domains/modal/test/auto/Case2.xml
31 ms. Memory: 333824K Free: 191201K (57%)
----------------- Invoking toplevel() on ptolemy.moml.MoMLSimpleApplication@49f07b02
----------------- Done invoking toplevel() on ptolemy.moml.MoMLSimpleApplication@49f07b02
reloadAllAccessors: .Case2

===========================================================================================
----------------- testing Sat Oct 06 02:27:18 UTC 2018 /home/travis/build/icyphy/ptII/ptolemy/domains/modal/test/auto/CausalityInterface1.xml
----------------- Instantiating /home/travis/build/icyphy/ptII/ptolemy/domains/modal/test/auto/CausalityInterface1.xml
2 ms. Memory: 333824K Free: 185079K (55%)
----------------- Invoking toplevel() on ptolemy.moml.MoMLSimpleApplication@2b248a24
----------------- Done invoking toplevel() on ptolemy.moml.MoMLSimpleApplication@2b248a24
reloadAllAccessors: .CausalityInterface1

===========================================================================================
----------------- testing Sat Oct 06 02:27:18 UTC 2018 /home/travis/build/icyphy/ptII/ptolemy/domains/modal/test/auto/CausalityInterface10.xml
----------------- Instantiating /home/travis/build/icyphy/ptII/ptolemy/domains/modal/test/auto/CausalityInterface10.xml
5 ms. Memory: 333824K Free: 166819K (50%)
----------------- Invoking toplevel() on ptolemy.moml.MoMLSimpleApplication@c7ce7a9
----------------- Done invoking toplevel() on ptolemy.moml.MoMLSimpleApplication@c7ce7a9
reloadAllAccessors: .CausalityInterface10

===========================================================================================
----------------- testing Sat Oct 06 02:27:19 UTC 2018 /home/travis/build/icyphy/ptII/ptolemy/domains/modal/test/auto/CausalityInterface11.xml
----------------- Instantiating /home/travis/build/icyphy/ptII/ptolemy/domains/modal/test/auto/CausalityInterface11.xml
4 ms. Memory: 333824K Free: 152086K (46%)
----------------- Invoking toplevel() on ptolemy.moml.MoMLSimpleApplication@39a37c61
----------------- Done invoking toplevel() on ptolemy.moml.MoMLSimpleApplication@39a37c61
reloadAllAccessors: .CausalityInterface11

===========================================================================================
----------------- testing Sat Oct 06 02:27:19 UTC 2018 /home/travis/build/icyphy/ptII/ptolemy/domains/modal/test/auto/CausalityInterface12.xml
----------------- Instantiating /home/travis/build/icyphy/ptII/ptolemy/domains/modal/test/auto/CausalityInterface12.xml
9 ms. Memory: 333824K Free: 136154K (41%)
----------------- Invoking toplevel() on ptolemy.moml.MoMLSimpleApplication@22cf98f3
----------------- Done invoking toplevel() on ptolemy.moml.MoMLSimpleApplication@22cf98f3
reloadAllAccessors: .CausalityInterface12

===========================================================================================
----------------- testing Sat Oct 06 02:27:19 UTC 2018 /home/travis/build/icyphy/ptII/ptolemy/domains/modal/test/auto/CausalityInterface13.xml
----------------- Instantiating /home/travis/build/icyphy/ptII/ptolemy/domains/modal/test/auto/CausalityInterface13.xml
11 ms. Memory: 333824K Free: 116673K (35%)
----------------- Invoking toplevel() on ptolemy.moml.MoMLSimpleApplication@49537c67
----------------- Done invoking toplevel() on ptolemy.moml.MoMLSimpleApplication@49537c67
reloadAllAccessors: .CausalityInterface13

===========================================================================================
----------------- testing Sat Oct 06 02:27:19 UTC 2018 /home/travis/build/icyphy/ptII/ptolemy/domains/modal/test/auto/CausalityInterface14.xml
----------------- Instantiating /home/travis/build/icyphy/ptII/ptolemy/domains/modal/test/auto/CausalityInterface14.xml
13 ms. Memory: 333824K Free: 99489K (30%)
----------------- Invoking toplevel() on ptolemy.moml.MoMLSimpleApplication@289fd679
----------------- Done invoking toplevel() on ptolemy.moml.MoMLSimpleApplication@289fd679
reloadAllAccessors: .CausalityInterface14

===========================================================================================
----------------- testing Sat Oct 06 02:27:19 UTC 2018 /home/travis/build/icyphy/ptII/ptolemy/domains/modal/test/auto/CausalityInterface2.xml
----------------- Instantiating /home/travis/build/icyphy/ptII/ptolemy/domains/modal/test/auto/CausalityInterface2.xml
8 ms. Memory: 333824K Free: 92130K (28%)
----------------- Invoking toplevel() on ptolemy.moml.MoMLSimpleApplication@4bcf4315
----------------- Done invoking toplevel() on ptolemy.moml.MoMLSimpleApplication@4bcf4315
reloadAllAccessors: .CausalityInterface2

===========================================================================================
----------------- testing Sat Oct 06 02:27:19 UTC 2018 /home/travis/build/icyphy/ptII/ptolemy/domains/modal/test/auto/CausalityInterface3.xml
----------------- Instantiating /home/travis/build/icyphy/ptII/ptolemy/domains/modal/test/auto/CausalityInterface3.xml
3 ms. Memory: 333824K Free: 82499K (25%)
----------------- Invoking toplevel() on ptolemy.moml.MoMLSimpleApplication@c81c3f
----------------- Done invoking toplevel() on ptolemy.moml.MoMLSimpleApplication@c81c3f
reloadAllAccessors: .CausalityInterface3

===========================================================================================
----------------- testing Sat Oct 06 02:27:19 UTC 2018 /home/travis/build/icyphy/ptII/ptolemy/domains/modal/test/auto/CausalityInterface4.xml
----------------- Instantiating /home/travis/build/icyphy/ptII/ptolemy/domains/modal/test/auto/CausalityInterface4.xml
6 ms. Memory: 577536K Free: 561398K (97%)
----------------- Invoking toplevel() on ptolemy.moml.MoMLSimpleApplication@81dc74
----------------- Done invoking toplevel() on ptolemy.moml.MoMLSimpleApplication@81dc74
reloadAllAccessors: .CausalityInterface4

===========================================================================================
----------------- testing Sat Oct 06 02:27:19 UTC 2018 /home/travis/build/icyphy/ptII/ptolemy/domains/modal/test/auto/CausalityInterface5.xml
----------------- Instantiating /home/travis/build/icyphy/ptII/ptolemy/domains/modal/test/auto/CausalityInterface5.xml
3 ms. Memory: 577536K Free: 545236K (94%)
----------------- Invoking toplevel() on ptolemy.moml.MoMLSimpleApplication@2a1446f6
----------------- Done invoking toplevel() on ptolemy.moml.MoMLSimpleApplication@2a1446f6
reloadAllAccessors: .CausalityInterface5

===========================================================================================
----------------- testing Sat Oct 06 02:27:19 UTC 2018 /home/travis/build/icyphy/ptII/ptolemy/domains/modal/test/auto/CausalityInterface6.xml
----------------- Instantiating /home/travis/build/icyphy/ptII/ptolemy/domains/modal/test/auto/CausalityInterface6.xml
3 ms. Memory: 577536K Free: 531977K (92%)
----------------- Invoking toplevel() on ptolemy.moml.MoMLSimpleApplication@5125ae59
----------------- Done invoking toplevel() on ptolemy.moml.MoMLSimpleApplication@5125ae59
reloadAllAccessors: .CausalityInterface6

===========================================================================================
----------------- testing Sat Oct 06 02:27:19 UTC 2018 /home/travis/build/icyphy/ptII/ptolemy/domains/modal/test/auto/CausalityInterface7.xml
----------------- Instantiating /home/travis/build/icyphy/ptII/ptolemy/domains/modal/test/auto/CausalityInterface7.xml
13 ms. Memory: 577536K Free: 518965K (90%)
----------------- Invoking toplevel() on ptolemy.moml.MoMLSimpleApplication@1a10fc9a
----------------- Done invoking toplevel() on ptolemy.moml.MoMLSimpleApplication@1a10fc9a
reloadAllAccessors: .CausalityInterface7

===========================================================================================
----------------- testing Sat Oct 06 02:27:19 UTC 2018 /home/travis/build/icyphy/ptII/ptolemy/domains/modal/test/auto/CausalityInterface8.xml
----------------- Instantiating /home/travis/build/icyphy/ptII/ptolemy/domains/modal/test/auto/CausalityInterface8.xml
5 ms. Memory: 577536K Free: 505937K (88%)
----------------- Invoking toplevel() on ptolemy.moml.MoMLSimpleApplication@5572f4ec
----------------- Done invoking toplevel() on ptolemy.moml.MoMLSimpleApplication@5572f4ec
reloadAllAccessors: .CausalityInterface8

===========================================================================================
----------------- testing Sat Oct 06 02:27:19 UTC 2018 /home/travis/build/icyphy/ptII/ptolemy/domains/modal/test/auto/CausalityInterface9.xml
----------------- Instantiating /home/travis/build/icyphy/ptII/ptolemy/domains/modal/test/auto/CausalityInterface9.xml
8 ms. Memory: 577536K Free: 489789K (85%)
----------------- Invoking toplevel() on ptolemy.moml.MoMLSimpleApplication@619befc5
----------------- Done invoking toplevel() on ptolemy.moml.MoMLSimpleApplication@619befc5
reloadAllAccessors: .CausalityInterface9

===========================================================================================
----------------- testing Sat Oct 06 02:27:19 UTC 2018 /home/travis/build/icyphy/ptII/ptolemy/domains/modal/test/auto/ChainedTransitions.xml
----------------- Instantiating /home/travis/build/icyphy/ptII/ptolemy/domains/modal/test/auto/ChainedTransitions.xml
80 ms. Memory: 577536K Free: 460448K (80%)
----------------- Invoking toplevel() on ptolemy.moml.MoMLSimpleApplication@1576d5d4
----------------- Done invoking toplevel() on ptolemy.moml.MoMLSimpleApplication@1576d5d4
reloadAllAccessors: .ChainedTransitions

===========================================================================================
----------------- testing Sat Oct 06 02:27:19 UTC 2018 /home/travis/build/icyphy/ptII/ptolemy/domains/modal/test/auto/CycleOfImmediateTransitionsFSM.xml
----------------- Instantiating /home/travis/build/icyphy/ptII/ptolemy/domains/modal/test/auto/CycleOfImmediateTransitionsFSM.xml
4 ms. Memory: 577536K Free: 450674K (78%)
----------------- Invoking toplevel() on ptolemy.moml.MoMLSimpleApplication@3ed5bdea
----------------- Done invoking toplevel() on ptolemy.moml.MoMLSimpleApplication@3ed5bdea
reloadAllAccessors: .CycleOfImmediateTransitionsFSM

===========================================================================================
----------------- testing Sat Oct 06 02:27:19 UTC 2018 /home/travis/build/icyphy/ptII/ptolemy/domains/modal/test/auto/CycleOfImmediateTransitionsModal.xml
----------------- Instantiating /home/travis/build/icyphy/ptII/ptolemy/domains/modal/test/auto/CycleOfImmediateTransitionsModal.xml
7 ms. Memory: 577536K Free: 440899K (76%)
----------------- Invoking toplevel() on ptolemy.moml.MoMLSimpleApplication@56acd31b
----------------- Done invoking toplevel() on ptolemy.moml.MoMLSimpleApplication@56acd31b
reloadAllAccessors: .CycleOfImmediateTransitionsModal

===========================================================================================
----------------- testing Sat Oct 06 02:27:19 UTC 2018 /home/travis/build/icyphy/ptII/ptolemy/domains/modal/test/auto/CycleOfImmediateTransitionsModal2.xml
----------------- Instantiating /home/travis/build/icyphy/ptII/ptolemy/domains/modal/test/auto/CycleOfImmediateTransitionsModal2.xml
4 ms. Memory: 577536K Free: 427990K (74%)
----------------- Invoking toplevel() on ptolemy.moml.MoMLSimpleApplication@7758bc83
----------------- Done invoking toplevel() on ptolemy.moml.MoMLSimpleApplication@7758bc83
reloadAllAccessors: .CycleOfImmediateTransitionsModal2

===========================================================================================
----------------- testing Sat Oct 06 02:27:19 UTC 2018 /home/travis/build/icyphy/ptII/ptolemy/domains/modal/test/auto/CycleOfImmediateTransitionsModal3.xml
----------------- Instantiating /home/travis/build/icyphy/ptII/ptolemy/domains/modal/test/auto/CycleOfImmediateTransitionsModal3.xml
20 ms. Memory: 577536K Free: 398649K (69%)
----------------- Invoking toplevel() on ptolemy.moml.MoMLSimpleApplication@6b77253d
----------------- Done invoking toplevel() on ptolemy.moml.MoMLSimpleApplication@6b77253d
reloadAllAccessors: .CycleOfImmediateTransitionsModal3

===========================================================================================
----------------- testing Sat Oct 06 02:27:19 UTC 2018 /home/travis/build/icyphy/ptII/ptolemy/domains/modal/test/auto/DeepModal1.xml
----------------- Instantiating /home/travis/build/icyphy/ptII/ptolemy/domains/modal/test/auto/DeepModal1.xml
22 ms. Memory: 577536K Free: 379083K (66%)
----------------- Invoking toplevel() on ptolemy.moml.MoMLSimpleApplication@7a83bb7d
----------------- Done invoking toplevel() on ptolemy.moml.MoMLSimpleApplication@7a83bb7d
reloadAllAccessors: .DeepModal1

===========================================================================================
----------------- testing Sat Oct 06 02:27:19 UTC 2018 /home/travis/build/icyphy/ptII/ptolemy/domains/modal/test/auto/DeepModal2.xml
----------------- Instantiating /home/travis/build/icyphy/ptII/ptolemy/domains/modal/test/auto/DeepModal2.xml
24 ms. Memory: 577536K Free: 356265K (62%)
----------------- Invoking toplevel() on ptolemy.moml.MoMLSimpleApplication@4111e5ca
----------------- Done invoking toplevel() on ptolemy.moml.MoMLSimpleApplication@4111e5ca
reloadAllAccessors: .DeepModal2

===========================================================================================
----------------- testing Sat Oct 06 02:27:20 UTC 2018 /home/travis/build/icyphy/ptII/ptolemy/domains/modal/test/auto/DeepModal3.xml
----------------- Instantiating /home/travis/build/icyphy/ptII/ptolemy/domains/modal/test/auto/DeepModal3.xml
27 ms. Memory: 577536K Free: 330328K (57%)
----------------- Invoking toplevel() on ptolemy.moml.MoMLSimpleApplication@59fb7257
----------------- Done invoking toplevel() on ptolemy.moml.MoMLSimpleApplication@59fb7257
reloadAllAccessors: .DeepModal3

===========================================================================================
----------------- testing Sat Oct 06 02:27:20 UTC 2018 /home/travis/build/icyphy/ptII/ptolemy/domains/modal/test/auto/DeepModal4.xml
----------------- Instantiating /home/travis/build/icyphy/ptII/ptolemy/domains/modal/test/auto/DeepModal4.xml
31 ms. Memory: 577536K Free: 307517K (53%)
----------------- Invoking toplevel() on ptolemy.moml.MoMLSimpleApplication@1d537be9
----------------- Done invoking toplevel() on ptolemy.moml.MoMLSimpleApplication@1d537be9
reloadAllAccessors: .DeepModal4

===========================================================================================
----------------- testing Sat Oct 06 02:27:20 UTC 2018 /home/travis/build/icyphy/ptII/ptolemy/domains/modal/test/auto/Default1.xml
----------------- Instantiating /home/travis/build/icyphy/ptII/ptolemy/domains/modal/test/auto/Default1.xml
1 ms. Memory: 577536K Free: 297743K (52%)
----------------- Invoking toplevel() on ptolemy.moml.MoMLSimpleApplication@18f40337
----------------- Done invoking toplevel() on ptolemy.moml.MoMLSimpleApplication@18f40337
reloadAllAccessors: .Default1

===========================================================================================
----------------- testing Sat Oct 06 02:27:20 UTC 2018 /home/travis/build/icyphy/ptII/ptolemy/domains/modal/test/auto/Default2.xml
----------------- Instantiating /home/travis/build/icyphy/ptII/ptolemy/domains/modal/test/auto/Default2.xml
2 ms. Memory: 577536K Free: 287968K (50%)
----------------- Invoking toplevel() on ptolemy.moml.MoMLSimpleApplication@6e859ea1
----------------- Done invoking toplevel() on ptolemy.moml.MoMLSimpleApplication@6e859ea1
reloadAllAccessors: .Default2

===========================================================================================
----------------- testing Sat Oct 06 02:27:20 UTC 2018 /home/travis/build/icyphy/ptII/ptolemy/domains/modal/test/auto/Default3.xml
----------------- Instantiating /home/travis/build/icyphy/ptII/ptolemy/domains/modal/test/auto/Default3.xml
3 ms. Memory: 577536K Free: 275059K (48%)
----------------- Invoking toplevel() on ptolemy.moml.MoMLSimpleApplication@57798725
----------------- Done invoking toplevel() on ptolemy.moml.MoMLSimpleApplication@57798725
reloadAllAccessors: .Default3

===========================================================================================
----------------- testing Sat Oct 06 02:27:20 UTC 2018 /home/travis/build/icyphy/ptII/ptolemy/domains/modal/test/auto/Default4.xml
----------------- Instantiating /home/travis/build/icyphy/ptII/ptolemy/domains/modal/test/auto/Default4.xml
9 ms. Memory: 577536K Free: 265284K (46%)
----------------- Invoking toplevel() on ptolemy.moml.MoMLSimpleApplication@2cbe5b7f
----------------- Done invoking toplevel() on ptolemy.moml.MoMLSimpleApplication@2cbe5b7f
reloadAllAccessors: .Default4

===========================================================================================
----------------- testing Sat Oct 06 02:27:20 UTC 2018 /home/travis/build/icyphy/ptII/ptolemy/domains/modal/test/auto/Default5.xml
----------------- Instantiating /home/travis/build/icyphy/ptII/ptolemy/domains/modal/test/auto/Default5.xml
11 ms. Memory: 577536K Free: 252264K (44%)
----------------- Invoking toplevel() on ptolemy.moml.MoMLSimpleApplication@3656d1fa
----------------- Done invoking toplevel() on ptolemy.moml.MoMLSimpleApplication@3656d1fa
reloadAllAccessors: .Default5

===========================================================================================
----------------- testing Sat Oct 06 02:27:20 UTC 2018 /home/travis/build/icyphy/ptII/ptolemy/domains/modal/test/auto/EmptyGuard.xml
----------------- Instantiating /home/travis/build/icyphy/ptII/ptolemy/domains/modal/test/auto/EmptyGuard.xml
6 ms. Memory: 577536K Free: 242498K (42%)
----------------- Invoking toplevel() on ptolemy.moml.MoMLSimpleApplication@148f7aa5
----------------- Done invoking toplevel() on ptolemy.moml.MoMLSimpleApplication@148f7aa5
reloadAllAccessors: .EmptyGuard

===========================================================================================
----------------- testing Sat Oct 06 02:27:20 UTC 2018 /home/travis/build/icyphy/ptII/ptolemy/domains/modal/test/auto/ErrorTransition1.xml
----------------- Instantiating /home/travis/build/icyphy/ptII/ptolemy/domains/modal/test/auto/ErrorTransition1.xml
6 ms. Memory: 577536K Free: 226351K (39%)
----------------- Invoking toplevel() on ptolemy.moml.MoMLSimpleApplication@7632ea
----------------- Done invoking toplevel() on ptolemy.moml.MoMLSimpleApplication@7632ea
reloadAllAccessors: .ErrorTransition1

===========================================================================================
----------------- testing Sat Oct 06 02:27:20 UTC 2018 /home/travis/build/icyphy/ptII/ptolemy/domains/modal/test/auto/ErrorTransition10.xml
----------------- Instantiating /home/travis/build/icyphy/ptII/ptolemy/domains/modal/test/auto/ErrorTransition10.xml
11 ms. Memory: 577536K Free: 210062K (36%)
----------------- Invoking toplevel() on ptolemy.moml.MoMLSimpleApplication@616288d9
----------------- Done invoking toplevel() on ptolemy.moml.MoMLSimpleApplication@616288d9
reloadAllAccessors: .ErrorTransition10

===========================================================================================
----------------- testing Sat Oct 06 02:27:20 UTC 2018 /home/travis/build/icyphy/ptII/ptolemy/domains/modal/test/auto/ErrorTransition11.xml
----------------- Instantiating /home/travis/build/icyphy/ptII/ptolemy/domains/modal/test/auto/ErrorTransition11.xml
6 ms. Memory: 577536K Free: 193782K (34%)
----------------- Invoking toplevel() on ptolemy.moml.MoMLSimpleApplication@103acad8
----------------- Done invoking toplevel() on ptolemy.moml.MoMLSimpleApplication@103acad8
reloadAllAccessors: .ErrorTransition11

===========================================================================================
----------------- testing Sat Oct 06 02:27:20 UTC 2018 /home/travis/build/icyphy/ptII/ptolemy/domains/modal/test/auto/ErrorTransition2.xml
----------------- Instantiating /home/travis/build/icyphy/ptII/ptolemy/domains/modal/test/auto/ErrorTransition2.xml
6 ms. Memory: 577536K Free: 180762K (31%)
----------------- Invoking toplevel() on ptolemy.moml.MoMLSimpleApplication@748d159b
----------------- Done invoking toplevel() on ptolemy.moml.MoMLSimpleApplication@748d159b
reloadAllAccessors: .ErrorTransition2

===========================================================================================
----------------- testing Sat Oct 06 02:27:20 UTC 2018 /home/travis/build/icyphy/ptII/ptolemy/domains/modal/test/auto/ErrorTransition3.xml
----------------- Instantiating /home/travis/build/icyphy/ptII/ptolemy/domains/modal/test/auto/ErrorTransition3.xml
11 ms. Memory: 577536K Free: 164608K (29%)
----------------- Invoking toplevel() on ptolemy.moml.MoMLSimpleApplication@5eeafeb2
----------------- Done invoking toplevel() on ptolemy.moml.MoMLSimpleApplication@5eeafeb2
reloadAllAccessors: .ErrorTransition3

===========================================================================================
----------------- testing Sat Oct 06 02:27:20 UTC 2018 /home/travis/build/icyphy/ptII/ptolemy/domains/modal/test/auto/ErrorTransition4.xml
----------------- Instantiating /home/travis/build/icyphy/ptII/ptolemy/domains/modal/test/auto/ErrorTransition4.xml
9 ms. Memory: 577536K Free: 151580K (26%)
----------------- Invoking toplevel() on ptolemy.moml.MoMLSimpleApplication@63f5d94
----------------- Done invoking toplevel() on ptolemy.moml.MoMLSimpleApplication@63f5d94
reloadAllAccessors: .ErrorTransition4

===========================================================================================
----------------- testing Sat Oct 06 02:27:20 UTC 2018 /home/travis/build/icyphy/ptII/ptolemy/domains/modal/test/auto/ErrorTransition5.xml
----------------- Instantiating /home/travis/build/icyphy/ptII/ptolemy/domains/modal/test/auto/ErrorTransition5.xml
5 ms. Memory: 577536K Free: 138568K (24%)
----------------- Invoking toplevel() on ptolemy.moml.MoMLSimpleApplication@88aac93
----------------- Done invoking toplevel() on ptolemy.moml.MoMLSimpleApplication@88aac93
reloadAllAccessors: .ErrorTransition5

===========================================================================================
----------------- testing Sat Oct 06 02:27:20 UTC 2018 /home/travis/build/icyphy/ptII/ptolemy/domains/modal/test/auto/ErrorTransition6.xml
----------------- Instantiating /home/travis/build/icyphy/ptII/ptolemy/domains/modal/test/auto/ErrorTransition6.xml
6 ms. Memory: 577536K Free: 125541K (22%)
----------------- Invoking toplevel() on ptolemy.moml.MoMLSimpleApplication@2418032
----------------- Done invoking toplevel() on ptolemy.moml.MoMLSimpleApplication@2418032
reloadAllAccessors: .ErrorTransition6

===========================================================================================
----------------- testing Sat Oct 06 02:27:20 UTC 2018 /home/travis/build/icyphy/ptII/ptolemy/domains/modal/test/auto/ErrorTransition7.xml
----------------- Instantiating /home/travis/build/icyphy/ptII/ptolemy/domains/modal/test/auto/ErrorTransition7.xml
9 ms. Memory: 577536K Free: 109244K (19%)
----------------- Invoking toplevel() on ptolemy.moml.MoMLSimpleApplication@7e5d1c6c
----------------- Done invoking toplevel() on ptolemy.moml.MoMLSimpleApplication@7e5d1c6c
reloadAllAccessors: .ErrorTransition7

===========================================================================================
----------------- testing Sat Oct 06 02:27:20 UTC 2018 /home/travis/build/icyphy/ptII/ptolemy/domains/modal/test/auto/ErrorTransition8.xml
----------------- Instantiating /home/travis/build/icyphy/ptII/ptolemy/domains/modal/test/auto/ErrorTransition8.xml
19 ms. Memory: 577536K Free: 89813K (16%)
----------------- Invoking toplevel() on ptolemy.moml.MoMLSimpleApplication@1c3f9a6d
----------------- Done invoking toplevel() on ptolemy.moml.MoMLSimpleApplication@1c3f9a6d
reloadAllAccessors: .ErrorTransition8

===========================================================================================
----------------- testing Sat Oct 06 02:27:20 UTC 2018 /home/travis/build/icyphy/ptII/ptolemy/domains/modal/test/auto/ErrorTransition9.xml
----------------- Instantiating /home/travis/build/icyphy/ptII/ptolemy/domains/modal/test/auto/ErrorTransition9.xml
8 ms. Memory: 578048K Free: 561943K (97%)
----------------- Invoking toplevel() on ptolemy.moml.MoMLSimpleApplication@51af4c16
----------------- Done invoking toplevel() on ptolemy.moml.MoMLSimpleApplication@51af4c16
reloadAllAccessors: .ErrorTransition9

===========================================================================================
----------------- testing Sat Oct 06 02:27:20 UTC 2018 /home/travis/build/icyphy/ptII/ptolemy/domains/modal/test/auto/ExtendedFSM.xml
----------------- Instantiating /home/travis/build/icyphy/ptII/ptolemy/domains/modal/test/auto/ExtendedFSM.xml
8 ms. Memory: 578048K Free: 549971K (95%)
----------------- Invoking toplevel() on ptolemy.moml.MoMLSimpleApplication@6dfda2ba
----------------- Done invoking toplevel() on ptolemy.moml.MoMLSimpleApplication@6dfda2ba
reloadAllAccessors: .ExtendedFSM

===========================================================================================
----------------- testing Sat Oct 06 02:27:20 UTC 2018 /home/travis/build/icyphy/ptII/ptolemy/domains/modal/test/auto/FinalStates.xml
----------------- Instantiating /home/travis/build/icyphy/ptII/ptolemy/domains/modal/test/auto/FinalStates.xml
5 ms. Memory: 578048K Free: 540196K (93%)
----------------- Invoking toplevel() on ptolemy.moml.MoMLSimpleApplication@704ad825
----------------- Done invoking toplevel() on ptolemy.moml.MoMLSimpleApplication@704ad825
reloadAllAccessors: .FinalStates

===========================================================================================
----------------- testing Sat Oct 06 02:27:20 UTC 2018 /home/travis/build/icyphy/ptII/ptolemy/domains/modal/test/auto/FixedPointFSM.xml
----------------- Instantiating /home/travis/build/icyphy/ptII/ptolemy/domains/modal/test/auto/FixedPointFSM.xml
18 ms. Memory: 578048K Free: 518442K (90%)
----------------- Invoking toplevel() on ptolemy.moml.MoMLSimpleApplication@1e9540dc
----------------- Done invoking toplevel() on ptolemy.moml.MoMLSimpleApplication@1e9540dc
reloadAllAccessors: .FixedPointFSM

===========================================================================================
----------------- testing Sat Oct 06 02:27:20 UTC 2018 /home/travis/build/icyphy/ptII/ptolemy/domains/modal/test/auto/FixedPointIterationFSMActor.xml
----------------- Instantiating /home/travis/build/icyphy/ptII/ptolemy/domains/modal/test/auto/FixedPointIterationFSMActor.xml
5 ms. Memory: 578048K Free: 505414K (87%)
----------------- Invoking toplevel() on ptolemy.moml.MoMLSimpleApplication@4be6f7ab
----------------- Done invoking toplevel() on ptolemy.moml.MoMLSimpleApplication@4be6f7ab
reloadAllAccessors: .FixedPointIterationFSMActor

===========================================================================================
----------------- testing Sat Oct 06 02:27:20 UTC 2018 /home/travis/build/icyphy/ptII/ptolemy/domains/modal/test/auto/FixedPointIterationFSMActor2.xml
----------------- Instantiating /home/travis/build/icyphy/ptII/ptolemy/domains/modal/test/auto/FixedPointIterationFSMActor2.xml
13 ms. Memory: 578048K Free: 489133K (85%)
----------------- Invoking toplevel() on ptolemy.moml.MoMLSimpleApplication@15b597e6
----------------- Done invoking toplevel() on ptolemy.moml.MoMLSimpleApplication@15b597e6
reloadAllAccessors: .FixedPointIterationFSMActor2

===========================================================================================
----------------- testing Sat Oct 06 02:27:20 UTC 2018 /home/travis/build/icyphy/ptII/ptolemy/domains/modal/test/auto/ForbiddenInstantanousLoop.xml
----------------- Instantiating /home/travis/build/icyphy/ptII/ptolemy/domains/modal/test/auto/ForbiddenInstantanousLoop.xml
5 ms. Memory: 578048K Free: 470639K (81%)
----------------- Invoking toplevel() on ptolemy.moml.MoMLSimpleApplication@7841c090
----------------- Done invoking toplevel() on ptolemy.moml.MoMLSimpleApplication@7841c090
reloadAllAccessors: .ForbiddenInstantanousLoop

===========================================================================================
----------------- testing Sat Oct 06 02:27:20 UTC 2018 /home/travis/build/icyphy/ptII/ptolemy/domains/modal/test/auto/FunctionDependencyOfFSMActorTest.xml
----------------- Instantiating /home/travis/build/icyphy/ptII/ptolemy/domains/modal/test/auto/FunctionDependencyOfFSMActorTest.xml
12 ms. Memory: 578048K Free: 460880K (80%)
----------------- Invoking toplevel() on ptolemy.moml.MoMLSimpleApplication@105a8de8
----------------- Done invoking toplevel() on ptolemy.moml.MoMLSimpleApplication@105a8de8
reloadAllAccessors: .FunctionDependencyOfFSMActorTest

===========================================================================================
----------------- testing Sat Oct 06 02:27:20 UTC 2018 /home/travis/build/icyphy/ptII/ptolemy/domains/modal/test/auto/GuardExpression.xml
----------------- Instantiating /home/travis/build/icyphy/ptII/ptolemy/domains/modal/test/auto/GuardExpression.xml
2 ms. Memory: 578048K Free: 451122K (78%)
----------------- Invoking toplevel() on ptolemy.moml.MoMLSimpleApplication@52fb27af
----------------- Done invoking toplevel() on ptolemy.moml.MoMLSimpleApplication@52fb27af
reloadAllAccessors: .GuardExpression

===========================================================================================
----------------- testing Sat Oct 06 02:27:20 UTC 2018 /home/travis/build/icyphy/ptII/ptolemy/domains/modal/test/auto/GuardNotEvaluated.xml
----------------- Instantiating /home/travis/build/icyphy/ptII/ptolemy/domains/modal/test/auto/GuardNotEvaluated.xml
10 ms. Memory: 578048K Free: 435897K (75%)
----------------- Invoking toplevel() on ptolemy.moml.MoMLSimpleApplication@41f4b097
----------------- Done invoking toplevel() on ptolemy.moml.MoMLSimpleApplication@41f4b097
reloadAllAccessors: .GuardNotEvaluated

===========================================================================================
----------------- testing Sat Oct 06 02:27:21 UTC 2018 /home/travis/build/icyphy/ptII/ptolemy/domains/modal/test/auto/GuardNotEvaluated2.xml
----------------- Instantiating /home/travis/build/icyphy/ptII/ptolemy/domains/modal/test/auto/GuardNotEvaluated2.xml
8 ms. Memory: 578048K Free: 422869K (73%)
----------------- Invoking toplevel() on ptolemy.moml.MoMLSimpleApplication@62711e91
----------------- Done invoking toplevel() on ptolemy.moml.MoMLSimpleApplication@62711e91
reloadAllAccessors: .GuardNotEvaluated2

===========================================================================================
----------------- testing Sat Oct 06 02:27:21 UTC 2018 /home/travis/build/icyphy/ptII/ptolemy/domains/modal/test/auto/GuardOnAbsent.xml
----------------- Instantiating /home/travis/build/icyphy/ptII/ptolemy/domains/modal/test/auto/GuardOnAbsent.xml
8 ms. Memory: 578048K Free: 413110K (71%)
----------------- Invoking toplevel() on ptolemy.moml.MoMLSimpleApplication@10cba2eb
----------------- Done invoking toplevel() on ptolemy.moml.MoMLSimpleApplication@10cba2eb
reloadAllAccessors: .GuardOnAbsent

===========================================================================================
----------------- testing Sat Oct 06 02:27:21 UTC 2018 /home/travis/build/icyphy/ptII/ptolemy/domains/modal/test/auto/HierarchicalFSMTypeInference.xml
----------------- Instantiating /home/travis/build/icyphy/ptII/ptolemy/domains/modal/test/auto/HierarchicalFSMTypeInference.xml
5 ms. Memory: 578048K Free: 394632K (68%)
----------------- Invoking toplevel() on ptolemy.moml.MoMLSimpleApplication@64b99374
----------------- Done invoking toplevel() on ptolemy.moml.MoMLSimpleApplication@64b99374
reloadAllAccessors: .HierarchicalFSMTypeInference

===========================================================================================
----------------- testing Sat Oct 06 02:27:21 UTC 2018 /home/travis/build/icyphy/ptII/ptolemy/domains/modal/test/auto/Hysteresis.xml
----------------- Instantiating /home/travis/build/icyphy/ptII/ptolemy/domains/modal/test/auto/Hysteresis.xml
10 ms. Memory: 578048K Free: 375083K (65%)
----------------- Invoking toplevel() on ptolemy.moml.MoMLSimpleApplication@b99319a
----------------- Done invoking toplevel() on ptolemy.moml.MoMLSimpleApplication@b99319a
reloadAllAccessors: .Hysteresis

===========================================================================================
----------------- testing Sat Oct 06 02:27:21 UTC 2018 /home/travis/build/icyphy/ptII/ptolemy/domains/modal/test/auto/HysteresisWithDefault.xml
----------------- Instantiating /home/travis/build/icyphy/ptII/ptolemy/domains/modal/test/auto/HysteresisWithDefault.xml
37 ms. Memory: 578048K Free: 346806K (60%)
----------------- Invoking toplevel() on ptolemy.moml.MoMLSimpleApplication@22dac9d1
----------------- Done invoking toplevel() on ptolemy.moml.MoMLSimpleApplication@22dac9d1
reloadAllAccessors: .HysteresisWithDefault

===========================================================================================
----------------- testing Sat Oct 06 02:27:21 UTC 2018 /home/travis/build/icyphy/ptII/ptolemy/domains/modal/test/auto/HysteresisWithDefault2.xml
----------------- Instantiating /home/travis/build/icyphy/ptII/ptolemy/domains/modal/test/auto/HysteresisWithDefault2.xml
36 ms. Memory: 578048K Free: 314189K (54%)
----------------- Invoking toplevel() on ptolemy.moml.MoMLSimpleApplication@3b439d2c
----------------- Done invoking toplevel() on ptolemy.moml.MoMLSimpleApplication@3b439d2c
reloadAllAccessors: .HysteresisWithDefault2

===========================================================================================
----------------- testing Sat Oct 06 02:27:21 UTC 2018 /home/travis/build/icyphy/ptII/ptolemy/domains/modal/test/auto/ImmediateNonConstructiveness.xml
----------------- Instantiating /home/travis/build/icyphy/ptII/ptolemy/domains/modal/test/auto/ImmediateNonConstructiveness.xml
3 ms. Memory: 578048K Free: 304414K (53%)
----------------- Invoking toplevel() on ptolemy.moml.MoMLSimpleApplication@43385b99
----------------- Done invoking toplevel() on ptolemy.moml.MoMLSimpleApplication@43385b99
reloadAllAccessors: .ImmediateNonConstructiveness

===========================================================================================
----------------- testing Sat Oct 06 02:27:21 UTC 2018 /home/travis/build/icyphy/ptII/ptolemy/domains/modal/test/auto/ImmediateNonConstructiveness2.xml
----------------- Instantiating /home/travis/build/icyphy/ptII/ptolemy/domains/modal/test/auto/ImmediateNonConstructiveness2.xml
2 ms. Memory: 578048K Free: 292442K (51%)
----------------- Invoking toplevel() on ptolemy.moml.MoMLSimpleApplication@742104b2
----------------- Done invoking toplevel() on ptolemy.moml.MoMLSimpleApplication@742104b2
reloadAllAccessors: .ImmediateNonConstructiveness2

===========================================================================================
----------------- testing Sat Oct 06 02:27:21 UTC 2018 /home/travis/build/icyphy/ptII/ptolemy/domains/modal/test/auto/ImmediateTransitionReset.xml
----------------- Instantiating /home/travis/build/icyphy/ptII/ptolemy/domains/modal/test/auto/ImmediateTransitionReset.xml
5 ms. Memory: 578048K Free: 276162K (48%)
----------------- Invoking toplevel() on ptolemy.moml.MoMLSimpleApplication@4449f15e
----------------- Done invoking toplevel() on ptolemy.moml.MoMLSimpleApplication@4449f15e
reloadAllAccessors: .ImmediateTransitionReset

===========================================================================================
----------------- testing Sat Oct 06 02:27:21 UTC 2018 /home/travis/build/icyphy/ptII/ptolemy/domains/modal/test/auto/ImmediateTransitions1.xml
----------------- Instantiating /home/travis/build/icyphy/ptII/ptolemy/domains/modal/test/auto/ImmediateTransitions1.xml
2 ms. Memory: 578048K Free: 266387K (46%)
----------------- Invoking toplevel() on ptolemy.moml.MoMLSimpleApplication@63ca8c42
----------------- Done invoking toplevel() on ptolemy.moml.MoMLSimpleApplication@63ca8c42
reloadAllAccessors: .ImmediateTransitions1

===========================================================================================
----------------- testing Sat Oct 06 02:27:21 UTC 2018 /home/travis/build/icyphy/ptII/ptolemy/domains/modal/test/auto/ImmediateTransitionsInstantaneousCommunication.xml
----------------- Instantiating /home/travis/build/icyphy/ptII/ptolemy/domains/modal/test/auto/ImmediateTransitionsInstantaneousCommunication.xml
4 ms. Memory: 578048K Free: 247893K (43%)
----------------- Invoking toplevel() on ptolemy.moml.MoMLSimpleApplication@6de7cbe6
----------------- Done invoking toplevel() on ptolemy.moml.MoMLSimpleApplication@6de7cbe6
reloadAllAccessors: .ImmediateTransitionsInstantaneousCommunication

===========================================================================================
----------------- testing Sat Oct 06 02:27:21 UTC 2018 /home/travis/build/icyphy/ptII/ptolemy/domains/modal/test/auto/InitialImmediateTransition.xml
----------------- Instantiating /home/travis/build/icyphy/ptII/ptolemy/domains/modal/test/auto/InitialImmediateTransition.xml
4 ms. Memory: 578048K Free: 238118K (41%)
----------------- Invoking toplevel() on ptolemy.moml.MoMLSimpleApplication@5217a6ed
----------------- Done invoking toplevel() on ptolemy.moml.MoMLSimpleApplication@5217a6ed
reloadAllAccessors: .InitialImmediateTransition

===========================================================================================
----------------- testing Sat Oct 06 02:27:21 UTC 2018 /home/travis/build/icyphy/ptII/ptolemy/domains/modal/test/auto/InitialOutputs.xml
----------------- Instantiating /home/travis/build/icyphy/ptII/ptolemy/domains/modal/test/auto/InitialOutputs.xml
2 ms. Memory: 578048K Free: 228360K (40%)
----------------- Invoking toplevel() on ptolemy.moml.MoMLSimpleApplication@1eb43a22
----------------- Done invoking toplevel() on ptolemy.moml.MoMLSimpleApplication@1eb43a22
reloadAllAccessors: .InitialOutputs

===========================================================================================
----------------- testing Sat Oct 06 02:27:21 UTC 2018 /home/travis/build/icyphy/ptII/ptolemy/domains/modal/test/auto/InitialStateTransition1.xml
----------------- Instantiating /home/travis/build/icyphy/ptII/ptolemy/domains/modal/test/auto/InitialStateTransition1.xml
2 ms. Memory: 578048K Free: 213150K (37%)
----------------- Invoking toplevel() on ptolemy.moml.MoMLSimpleApplication@2f9c5afd
----------------- Done invoking toplevel() on ptolemy.moml.MoMLSimpleApplication@2f9c5afd
reloadAllAccessors: .InitialStateTransition1

===========================================================================================
----------------- testing Sat Oct 06 02:27:21 UTC 2018 /home/travis/build/icyphy/ptII/ptolemy/domains/modal/test/auto/InitialStateTransition2.xml
----------------- Instantiating /home/travis/build/icyphy/ptII/ptolemy/domains/modal/test/auto/InitialStateTransition2.xml
.InitialStateTransition2.TestExceptionAttributeNonConstructive: initialize() was not invoked, but wrapup() was.  This is unusual, but not always a problem.  For example, exporting JNLP will do this.
1 ms. Memory: 578048K Free: 200138K (35%)
----------------- Invoking toplevel() on ptolemy.moml.MoMLSimpleApplication@17f44ed5
----------------- Done invoking toplevel() on ptolemy.moml.MoMLSimpleApplication@17f44ed5
reloadAllAccessors: .InitialStateTransition2

===========================================================================================
----------------- testing Sat Oct 06 02:27:21 UTC 2018 /home/travis/build/icyphy/ptII/ptolemy/domains/modal/test/auto/InitialStateTransition3.xml
----------------- Instantiating /home/travis/build/icyphy/ptII/ptolemy/domains/modal/test/auto/InitialStateTransition3.xml
3 ms. Memory: 578048K Free: 184929K (32%)
----------------- Invoking toplevel() on ptolemy.moml.MoMLSimpleApplication@386c49b5
----------------- Done invoking toplevel() on ptolemy.moml.MoMLSimpleApplication@386c49b5
reloadAllAccessors: .InitialStateTransition3

===========================================================================================
----------------- testing Sat Oct 06 02:27:21 UTC 2018 /home/travis/build/icyphy/ptII/ptolemy/domains/modal/test/auto/InitialStateTransition4.xml
----------------- Instantiating /home/travis/build/icyphy/ptII/ptolemy/domains/modal/test/auto/InitialStateTransition4.xml
3 ms. Memory: 578048K Free: 171902K (30%)
----------------- Invoking toplevel() on ptolemy.moml.MoMLSimpleApplication@7f7ff41c
----------------- Done invoking toplevel() on ptolemy.moml.MoMLSimpleApplication@7f7ff41c
[...]
----------------- Done invoking toplevel() on ptolemy.moml.MoMLSimpleApplication@3c10b169
reloadAllAccessors: .TerminationTransition3

===========================================================================================
----------------- testing Sat Oct 06 02:27:23 UTC 2018 /home/travis/build/icyphy/ptII/ptolemy/domains/modal/test/auto/TerminationTransition4.xml
----------------- Instantiating /home/travis/build/icyphy/ptII/ptolemy/domains/modal/test/auto/TerminationTransition4.xml
6 ms. Memory: 870400K Free: 79180K (9%)
----------------- Invoking toplevel() on ptolemy.moml.MoMLSimpleApplication@37bf84dc
----------------- Done invoking toplevel() on ptolemy.moml.MoMLSimpleApplication@37bf84dc
reloadAllAccessors: .TerminationTransition4

===========================================================================================
----------------- testing Sat Oct 06 02:27:23 UTC 2018 /home/travis/build/icyphy/ptII/ptolemy/domains/modal/test/auto/TerminationTransition5.xml
----------------- Instantiating /home/travis/build/icyphy/ptII/ptolemy/domains/modal/test/auto/TerminationTransition5.xml
2 ms. Memory: 870912K Free: 838450K (96%)
----------------- Invoking toplevel() on ptolemy.moml.MoMLSimpleApplication@57270b95
----------------- Done invoking toplevel() on ptolemy.moml.MoMLSimpleApplication@57270b95
reloadAllAccessors: .TerminationTransition5

===========================================================================================
----------------- testing Sat Oct 06 02:27:23 UTC 2018 /home/travis/build/icyphy/ptII/ptolemy/domains/modal/test/auto/TerminationTransition6.xml
----------------- Instantiating /home/travis/build/icyphy/ptII/ptolemy/domains/modal/test/auto/TerminationTransition6.xml
2 ms. Memory: 870912K Free: 820973K (94%)
----------------- Invoking toplevel() on ptolemy.moml.MoMLSimpleApplication@4a401518
----------------- Done invoking toplevel() on ptolemy.moml.MoMLSimpleApplication@4a401518
reloadAllAccessors: .TerminationTransition6

===========================================================================================
----------------- testing Sat Oct 06 02:27:23 UTC 2018 /home/travis/build/icyphy/ptII/ptolemy/domains/modal/test/auto/TerminationTransition7.xml
----------------- Instantiating /home/travis/build/icyphy/ptII/ptolemy/domains/modal/test/auto/TerminationTransition7.xml
3 ms. Memory: 870912K Free: 805246K (92%)
----------------- Invoking toplevel() on ptolemy.moml.MoMLSimpleApplication@6a0c42bc
----------------- Done invoking toplevel() on ptolemy.moml.MoMLSimpleApplication@6a0c42bc
reloadAllAccessors: .TerminationTransition7

===========================================================================================
----------------- testing Sat Oct 06 02:27:23 UTC 2018 /home/travis/build/icyphy/ptII/ptolemy/domains/modal/test/auto/TerminationTransition8.xml
----------------- Instantiating /home/travis/build/icyphy/ptII/ptolemy/domains/modal/test/auto/TerminationTransition8.xml
2 ms. Memory: 870912K Free: 787769K (90%)
----------------- Invoking toplevel() on ptolemy.moml.MoMLSimpleApplication@e7cbca7
----------------- Done invoking toplevel() on ptolemy.moml.MoMLSimpleApplication@e7cbca7
reloadAllAccessors: .TerminationTransition8

===========================================================================================
----------------- testing Sat Oct 06 02:27:23 UTC 2018 /home/travis/build/icyphy/ptII/ptolemy/domains/modal/test/auto/Thermostat_NoHysteresis.xml
----------------- Instantiating /home/travis/build/icyphy/ptII/ptolemy/domains/modal/test/auto/Thermostat_NoHysteresis.xml
19 ms. Memory: 870912K Free: 756525K (87%)
----------------- Invoking toplevel() on ptolemy.moml.MoMLSimpleApplication@1b0b5861
----------------- Done invoking toplevel() on ptolemy.moml.MoMLSimpleApplication@1b0b5861
reloadAllAccessors: .Thermostat_NoHysteresis

===========================================================================================
----------------- testing Sat Oct 06 02:27:23 UTC 2018 /home/travis/build/icyphy/ptII/ptolemy/domains/modal/test/auto/TimedFSM.xml
----------------- Instantiating /home/travis/build/icyphy/ptII/ptolemy/domains/modal/test/auto/TimedFSM.xml
7 ms. Memory: 870912K Free: 739048K (85%)
----------------- Invoking toplevel() on ptolemy.moml.MoMLSimpleApplication@cc534a4
----------------- Done invoking toplevel() on ptolemy.moml.MoMLSimpleApplication@cc534a4
reloadAllAccessors: .TimedFSM

===========================================================================================
----------------- testing Sat Oct 06 02:27:23 UTC 2018 /home/travis/build/icyphy/ptII/ptolemy/domains/modal/test/auto/Timeout1.xml
----------------- Instantiating /home/travis/build/icyphy/ptII/ptolemy/domains/modal/test/auto/Timeout1.xml
3 ms. Memory: 870912K Free: 728644K (84%)
----------------- Invoking toplevel() on ptolemy.moml.MoMLSimpleApplication@497a3750
----------------- Done invoking toplevel() on ptolemy.moml.MoMLSimpleApplication@497a3750
reloadAllAccessors: .Timeout1

===========================================================================================
----------------- testing Sat Oct 06 02:27:23 UTC 2018 /home/travis/build/icyphy/ptII/ptolemy/domains/modal/test/auto/Timeout2.xml
----------------- Instantiating /home/travis/build/icyphy/ptII/ptolemy/domains/modal/test/auto/Timeout2.xml
4 ms. Memory: 870912K Free: 711167K (82%)
----------------- Invoking toplevel() on ptolemy.moml.MoMLSimpleApplication@77708413
----------------- Done invoking toplevel() on ptolemy.moml.MoMLSimpleApplication@77708413
reloadAllAccessors: .Timeout2

===========================================================================================
----------------- testing Sat Oct 06 02:27:23 UTC 2018 /home/travis/build/icyphy/ptII/ptolemy/domains/modal/test/auto/Timeout3.xml
----------------- Instantiating /home/travis/build/icyphy/ptII/ptolemy/domains/modal/test/auto/Timeout3.xml
2 ms. Memory: 870912K Free: 700763K (80%)
----------------- Invoking toplevel() on ptolemy.moml.MoMLSimpleApplication@556fad56
----------------- Done invoking toplevel() on ptolemy.moml.MoMLSimpleApplication@556fad56
reloadAllAccessors: .Timeout3

===========================================================================================
----------------- testing Sat Oct 06 02:27:23 UTC 2018 /home/travis/build/icyphy/ptII/ptolemy/domains/modal/test/auto/Timeout4.xml
----------------- Instantiating /home/travis/build/icyphy/ptII/ptolemy/domains/modal/test/auto/Timeout4.xml
2 ms. Memory: 870912K Free: 688504K (79%)
----------------- Invoking toplevel() on ptolemy.moml.MoMLSimpleApplication@107aa614
----------------- Done invoking toplevel() on ptolemy.moml.MoMLSimpleApplication@107aa614
reloadAllAccessors: .Timeout4

===========================================================================================
----------------- testing Sat Oct 06 02:27:23 UTC 2018 /home/travis/build/icyphy/ptII/ptolemy/domains/modal/test/auto/TransientstateModelAdvanced.xml
----------------- Instantiating /home/travis/build/icyphy/ptII/ptolemy/domains/modal/test/auto/TransientstateModelAdvanced.xml
3 ms. Memory: 870912K Free: 667688K (77%)
----------------- Invoking toplevel() on ptolemy.moml.MoMLSimpleApplication@57944c38
----------------- Done invoking toplevel() on ptolemy.moml.MoMLSimpleApplication@57944c38
reloadAllAccessors: .TransientstateModelAdvanced

===========================================================================================
----------------- testing Sat Oct 06 02:27:23 UTC 2018 /home/travis/build/icyphy/ptII/ptolemy/domains/modal/test/auto/TransientstateModelAdvanced2.xml
----------------- Instantiating /home/travis/build/icyphy/ptII/ptolemy/domains/modal/test/auto/TransientstateModelAdvanced2.xml
3 ms. Memory: 870912K Free: 645008K (74%)
----------------- Invoking toplevel() on ptolemy.moml.MoMLSimpleApplication@42332a8a
----------------- Done invoking toplevel() on ptolemy.moml.MoMLSimpleApplication@42332a8a
reloadAllAccessors: .transientstatemodelAdvanced

===========================================================================================
----------------- testing Sat Oct 06 02:27:23 UTC 2018 /home/travis/build/icyphy/ptII/ptolemy/domains/modal/test/auto/TransitionRefinements.xml
----------------- Instantiating /home/travis/build/icyphy/ptII/ptolemy/domains/modal/test/auto/TransitionRefinements.xml
9 ms. Memory: 870912K Free: 629395K (72%)
----------------- Invoking toplevel() on ptolemy.moml.MoMLSimpleApplication@3d2ad392
----------------- Done invoking toplevel() on ptolemy.moml.MoMLSimpleApplication@3d2ad392
reloadAllAccessors: .TransitionRefinements

===========================================================================================
----------------- testing Sat Oct 06 02:27:23 UTC 2018 /home/travis/build/icyphy/ptII/ptolemy/domains/modal/test/auto/TwoRefinements1.xml
----------------- Instantiating /home/travis/build/icyphy/ptII/ptolemy/domains/modal/test/auto/TwoRefinements1.xml
3 ms. Memory: 870912K Free: 611918K (70%)
----------------- Invoking toplevel() on ptolemy.moml.MoMLSimpleApplication@73fa3621
----------------- Done invoking toplevel() on ptolemy.moml.MoMLSimpleApplication@73fa3621
reloadAllAccessors: .TwoRefinements1

===========================================================================================
----------------- testing Sat Oct 06 02:27:23 UTC 2018 /home/travis/build/icyphy/ptII/ptolemy/domains/modal/test/auto/TwoRefinements2.xml
----------------- Instantiating /home/travis/build/icyphy/ptII/ptolemy/domains/modal/test/auto/TwoRefinements2.xml
2 ms. Memory: 870912K Free: 596296K (68%)
----------------- Invoking toplevel() on ptolemy.moml.MoMLSimpleApplication@17cf0b12
----------------- Done invoking toplevel() on ptolemy.moml.MoMLSimpleApplication@17cf0b12
reloadAllAccessors: .TwoRefinements2

===========================================================================================
----------------- testing Sat Oct 06 02:27:23 UTC 2018 /home/travis/build/icyphy/ptII/ptolemy/domains/modal/test/auto/WeakImmediateTransition.xml
----------------- Instantiating /home/travis/build/icyphy/ptII/ptolemy/domains/modal/test/auto/WeakImmediateTransition.xml
2 ms. Memory: 870912K Free: 578819K (66%)
----------------- Invoking toplevel() on ptolemy.moml.MoMLSimpleApplication@1ffcad63
----------------- Done invoking toplevel() on ptolemy.moml.MoMLSimpleApplication@1ffcad63
reloadAllAccessors: .WeakImmediateTransition

===========================================================================================
----------------- testing Sat Oct 06 02:27:23 UTC 2018 /home/travis/build/icyphy/ptII/ptolemy/domains/modal/test/auto/booleanSelect.xml
----------------- Instantiating /home/travis/build/icyphy/ptII/ptolemy/domains/modal/test/auto/booleanSelect.xml
33 ms. Memory: 870912K Free: 552801K (63%)
----------------- Invoking toplevel() on ptolemy.moml.MoMLSimpleApplication@3e529723
----------------- Done invoking toplevel() on ptolemy.moml.MoMLSimpleApplication@3e529723
reloadAllAccessors: .booleanSelect

===========================================================================================
----------------- testing Sat Oct 06 02:27:23 UTC 2018 /home/travis/build/icyphy/ptII/ptolemy/domains/modal/test/auto/modalChangingParams.xml
----------------- Instantiating /home/travis/build/icyphy/ptII/ptolemy/domains/modal/test/auto/modalChangingParams.xml
0
1
0
2
4
6
8
7
0
2
4
6
8
13
0
2
4
6
8
19
0
2
4
6
8
25
0
2
4
6
8
31
0
2
4
6
8
37
0
2
4
6
8
43
0
2
4
6
8
49
0
2
4
6
8
55
0
2
4
6
8
61
0
2
4
6
8
67
0
2
4
6
8
73
0
2
4
6
8
79
0
2
4
6
8
85
0
2
4
6
8
91
0
2
4
6
8
97
0
2
4
6
8
103
0
2
4
6
8
109
0
2
4
6
8
115
0
2
4
6
8
121
0
2
4
6
8
127
0
2
4
6
8
133
0
2
4
6
8
139
0
2
4
6
8
145
0
2
4
6
8
151
0
2
4
6
8
157
0
2
4
6
8
163
0
2
4
6
8
169
0
2
4
6
8
175
0
2
4
6
8
181
0
2
4
6
8
187
0
2
4
6
8
193
0
2
4
6
8
199
0
2
4
6
8
205
0
2
4
6
8
211
0
2
4
6
8
217
0
2
4
6
8
223
0
2
4
6
8
229
0
2
4
6
8
235
0
2
4
6
8
241
0
2
4
6
8
247
0
2
4
6
8
253
0
2
4
6
8
259
0
2
4
6
8
265
0
2
4
6
8
271
0
2
4
6
8
277
0
2
4
6
8
283
0
2
4
6
8
289
0
2
4
6
8
295
0
2
4
6
8
301
0
2
4
6
8
307
0
2
4
6
8
313
0
2
4
6
8
319
0
2
4
6
8
325
0
2
4
6
8
331
0
2
4
6
8
337
0
2
4
6
8
343
0
2
4
6
8
349
0
2
4
6
8
355
0
2
4
6
8
361
0
2
4
6
8
367
0
2
4
6
8
373
0
2
4
6
8
379
0
2
4
6
8
385
0
2
4
6
8
391
0
2
4
6
8
397
0
2
4
6
8
403
0
2
4
6
8
409
0
2
4
6
8
415
0
2
4
6
8
421
0
2
4
6
8
427
0
2
4
6
8
433
0
2
4
6
8
439
0
2
4
6
8
445
0
2
4
6
8
451
0
2
4
6
8
457
0
2
4
6
8
463
0
2
4
6
8
469
0
2
4
6
8
475
0
2
4
6
8
481
0
2
4
6
8
487
0
2
4
6
8
493
0
2
4
6
8
499
0
2
4
6
8
505
0
2
4
6
8
511
0
2
4
6
8
517
0
2
4
6
8
523
0
2
4
6
8
529
0
2
4
6
8
535
0
2
4
6
8
541
0
2
4
6
8
547
0
2
4
6
8
553
0
2
4
6
8
559
0
2
4
6
8
565
0
2
4
6
8
571
0
2
4
6
8
577
0
2
4
6
8
583
0
2
4
6
8
589
0
2
4
6
8
595
0
2
4
6
8
601
0
2
4
6
8
607
0
2
4
6
8
613
0
2
4
6
8
619
0
2
4
6
8
625
0
2
4
6
8
631
0
2
4
6
8
637
0
2
4
6
8
643
0
2
4
6
8
649
0
2
4
6
8
655
0
2
4
6
8
661
0
2
4
6
8
667
0
2
4
6
8
673
0
2
4
6
8
679
0
2
4
6
8
685
0
2
4
6
8
691
0
2
4
6
8
697
0
2
4
6
8
703
0
2
4
6
8
709
0
2
4
6
8
715
0
2
4
6
8
721
0
2
4
6
8
727
0
2
4
6
8
733
0
2
4
6
8
739
0
2
4
6
8
745
0
2
4
6
8
751
0
2
4
6
8
757
0
2
4
6
8
763
0
2
4
6
8
769
0
2
4
6
8
775
0
2
4
6
8
781
0
2
4
6
8
787
0
2
4
6
8
793
0
2
4
6
8
799
0
2
4
6
8
805
0
2
4
6
8
811
0
2
4
6
8
817
0
2
4
6
8
823
0
2
4
6
8
829
0
2
4
6
8
835
0
2
4
6
8
841
0
2
4
6
8
847
0
2
4
6
8
853
0
2
4
6
8
859
0
2
4
6
8
865
0
2
4
6
8
871
0
2
4
6
8
877
0
2
4
6
8
883
0
2
4
6
8
889
0
2
4
6
8
895
0
2
4
6
8
901
0
2
4
6
8
907
0
2
4
6
8
913
0
2
4
6
8
919
0
2
4
6
8
925
0
2
4
6
8
931
0
2
4
6
8
937
0
2
4
6
8
943
0
2
4
6
8
949
0
2
4
6
8
955
0
2
4
6
8
961
0
2
4
6
8
967
0
2
4
6
8
973
0
2
4
6
8
979
0
2
4
6
8
985
0
2
4
6
8
991
0
2
4
6
8
997
0
2
209 ms. Memory: 870912K Free: 436271K (50%)
----------------- Invoking toplevel() on ptolemy.moml.MoMLSimpleApplication@3a9feb6e
----------------- Done invoking toplevel() on ptolemy.moml.MoMLSimpleApplication@3a9feb6e
reloadAllAccessors: .modalChangingParams

===========================================================================================
----------------- testing Sat Oct 06 02:27:24 UTC 2018 /home/travis/build/icyphy/ptII/ptolemy/domains/modal/test/auto/modalModel.xml
----------------- Instantiating /home/travis/build/icyphy/ptII/ptolemy/domains/modal/test/auto/modalModel.xml
6 ms. Memory: 870912K Free: 420657K (48%)
----------------- Invoking toplevel() on ptolemy.moml.MoMLSimpleApplication@750301f
----------------- Done invoking toplevel() on ptolemy.moml.MoMLSimpleApplication@750301f
reloadAllAccessors: .modalModel

===========================================================================================
----------------- testing Sat Oct 06 02:27:24 UTC 2018 /home/travis/build/icyphy/ptII/ptolemy/domains/modal/test/auto/modalModel2.xml
----------------- Instantiating /home/travis/build/icyphy/ptII/ptolemy/domains/modal/test/auto/modalModel2.xml
6 ms. Memory: 870912K Free: 405035K (47%)
----------------- Invoking toplevel() on ptolemy.moml.MoMLSimpleApplication@95e03ac
----------------- Done invoking toplevel() on ptolemy.moml.MoMLSimpleApplication@95e03ac
reloadAllAccessors: .modalModel2

===========================================================================================
----------------- testing Sat Oct 06 02:27:24 UTC 2018 /home/travis/build/icyphy/ptII/ptolemy/domains/modal/test/auto/modalModel3.xml
----------------- Instantiating /home/travis/build/icyphy/ptII/ptolemy/domains/modal/test/auto/modalModel3.xml
0	0	0
3	2	1
6	4	2
9	6	3
4	0	4
7	2	5
10	4	6
13	6	7
8	0	8
11	2	9
14	4	10
17	6	11
12	0	12
15	2	13
18	4	14
23 ms. Memory: 870912K Free: 382356K (44%)
----------------- Invoking toplevel() on ptolemy.moml.MoMLSimpleApplication@248bdd62
----------------- Done invoking toplevel() on ptolemy.moml.MoMLSimpleApplication@248bdd62
reloadAllAccessors: .modalModel3

===========================================================================================
----------------- testing Sat Oct 06 02:27:24 UTC 2018 /home/travis/build/icyphy/ptII/ptolemy/domains/modal/test/auto/model1.xml
----------------- Instantiating /home/travis/build/icyphy/ptII/ptolemy/domains/modal/test/auto/model1.xml
10 ms. Memory: 870912K Free: 371952K (43%)
----------------- Invoking toplevel() on ptolemy.moml.MoMLSimpleApplication@4b024451
----------------- Done invoking toplevel() on ptolemy.moml.MoMLSimpleApplication@4b024451
reloadAllAccessors: .model1

===========================================================================================
----------------- testing Sat Oct 06 02:27:24 UTC 2018 /home/travis/build/icyphy/ptII/ptolemy/domains/modal/test/auto/test-direct-in-out.xml
----------------- Instantiating /home/travis/build/icyphy/ptII/ptolemy/domains/modal/test/auto/test-direct-in-out.xml
4 ms. Memory: 870912K Free: 354475K (41%)
----------------- Invoking toplevel() on ptolemy.moml.MoMLSimpleApplication@647acb18
----------------- Done invoking toplevel() on ptolemy.moml.MoMLSimpleApplication@647acb18
reloadAllAccessors: .test-direct-in-out
AutoTests.java: About to close Vertx.
AutoTests.java: Vertx closed.
]]></system-out>
  <system-err><![CDATA[java.lang.RuntimeException: Execution failed
	at ptolemy.moml.MoMLSimpleApplication$UnloadThread.run(MoMLSimpleApplication.java:402)
Caused by: ptolemy.kernel.util.IllegalActionException: Unknown inputs remain. Possible causality loop:
L_model_1893289564i

  in .CannotAnalysisWithPreemption.model_1893289564_region_1 and .CannotAnalysisWithPreemption.model_1893289564_region_1.L_model_1893289564i
	at ptolemy.actor.sched.FixedPointDirector.postfire(FixedPointDirector.java:515)
	at ptolemy.domains.sr.kernel.SRDirector.postfire(SRDirector.java:417)
	at ptolemy.actor.CompositeActor.postfire(CompositeActor.java:1668)
	at ptolemy.actor.Manager.iterate(Manager.java:852)
	at ptolemy.actor.Manager.execute(Manager.java:369)
	at ptolemy.actor.Manager.run(Manager.java:1263)
	at ptolemy.actor.Manager$PtolemyRunThread.run(Manager.java:1915)
java.lang.reflect.InvocationTargetException
	at sun.reflect.NativeConstructorAccessorImpl.newInstance0(Native Method)
	at sun.reflect.NativeConstructorAccessorImpl.newInstance(NativeConstructorAccessorImpl.java:62)
	at sun.reflect.DelegatingConstructorAccessorImpl.newInstance(DelegatingConstructorAccessorImpl.java:45)
	at java.lang.reflect.Constructor.newInstance(Constructor.java:423)
	at ptolemy.util.test.junit.AutoKnownFailedTests.RunModel(AutoKnownFailedTests.java:107)
	at sun.reflect.NativeMethodAccessorImpl.invoke0(Native Method)
	at sun.reflect.NativeMethodAccessorImpl.invoke(NativeMethodAccessorImpl.java:62)
	at sun.reflect.DelegatingMethodAccessorImpl.invoke(DelegatingMethodAccessorImpl.java:43)
	at java.lang.reflect.Method.invoke(Method.java:498)
	at org.junit.runners.model.FrameworkMethod$1.runReflectiveCall(FrameworkMethod.java:44)
	at org.junit.internal.runners.model.ReflectiveCallable.run(ReflectiveCallable.java:15)
	at org.junit.runners.model.FrameworkMethod.invokeExplosively(FrameworkMethod.java:41)
	at junitparams.internal.InvokeParameterisedMethod.evaluate(InvokeParameterisedMethod.java:102)
	at org.junit.internal.runners.statements.FailOnTimeout$1.run(FailOnTimeout.java:28)
Caused by: ptolemy.kernel.util.IllegalActionException: Unknown inputs remain. Possible causality loop:
L_model_1893289564i

  in .CannotAnalysisWithPreemption.model_1893289564_region_1 and .CannotAnalysisWithPreemption.model_1893289564_region_1.L_model_1893289564i
	at ptolemy.actor.sched.FixedPointDirector.postfire(FixedPointDirector.java:515)
	at ptolemy.domains.sr.kernel.SRDirector.postfire(SRDirector.java:417)
	at ptolemy.actor.CompositeActor.postfire(CompositeActor.java:1668)
	at ptolemy.actor.Manager.iterate(Manager.java:852)
	at ptolemy.actor.Manager.execute(Manager.java:369)
	at ptolemy.actor.Manager.run(Manager.java:1263)
	at ptolemy.actor.Manager$PtolemyRunThread.run(Manager.java:1915)
]]></system-err>
</testsuite>
