<?xml version="1.0" encoding="UTF-8" ?>
<testsuite errors="0" failures="0" hostname="travis-job-c118c03c-cb46-4dcc-a95e-3a31ef2bb1f8" name="ptolemy.domains.de.test.junit.JUnitTclTest" skipped="0" tests="101" time="135.778" timestamp="2019-08-09T05:17:52">
  <properties>
[...]
</properties>
  <testcase classname="ptolemy.util.test.junit.TclTests" name="[0] /home/travis/build/icyphy/ptII/ptolemy/domains/de/test/DependencyLoop.tcl (RunTclFile)" time="1.044" />
  <testcase classname="ptolemy.util.test.junit.TclTests" name="[1] /home/travis/build/icyphy/ptII/ptolemy/domains/de/test/RunDETestsAsQSS.tcl (RunTclFile)" time="92.845" />
  <testcase classname="ptolemy.util.test.junit.AutoKnownFailedTests" name="[0] /home/travis/build/icyphy/ptII/ptolemy/domains/de/test/auto/knownFailedTests/DESDFClockTest.xml (RunModel)" time="2.026" />
  <testcase classname="ptolemy.util.test.junit.AutoKnownFailedTests" name="[1] /home/travis/build/icyphy/ptII/ptolemy/domains/de/test/auto/knownFailedTests/DirectFeedback.xml (RunModel)" time="0.012" />
  <testcase classname="ptolemy.util.test.junit.AutoKnownFailedTests" name="[2] /home/travis/build/icyphy/ptII/ptolemy/domains/de/test/auto/knownFailedTests/FSMSource.xml (RunModel)" time="0.03" />
  <testcase classname="ptolemy.util.test.junit.AutoKnownFailedTests" name="[3] /home/travis/build/icyphy/ptII/ptolemy/domains/de/test/auto/knownFailedTests/HierarchicalModel.xml (RunModel)" time="0.037" />
  <testcase classname="ptolemy.util.test.junit.AutoKnownFailedTests" name="[4] /home/travis/build/icyphy/ptII/ptolemy/domains/de/test/auto/knownFailedTests/dependencyLoop.xml (RunModel)" time="0.045" />
  <testcase classname="ptolemy.util.test.junit.AutoKnownFailedTests" name="[5] /home/travis/build/icyphy/ptII/ptolemy/domains/de/test/auto/knownFailedTests/dependencyLoop2.xml (RunModel)" time="0.036" />
  <testcase classname="ptolemy.util.test.junit.AutoNameArchTests" name="[0] ThereAreNoAutoArchTests (RunModel)" time="0.001" />
  <testcase classname="ptolemy.util.test.junit.AutoTests" name="[0] /home/travis/build/icyphy/ptII/ptolemy/domains/de/test/auto/ActorDepthCalculation_actorWithoutPorts.xml (RunModel)" time="0.011" />
  <testcase classname="ptolemy.util.test.junit.AutoTests" name="[1] /home/travis/build/icyphy/ptII/ptolemy/domains/de/test/auto/AssemblyLine.xml (RunModel)" time="0.016" />
  <testcase classname="ptolemy.util.test.junit.AutoTests" name="[2] /home/travis/build/icyphy/ptII/ptolemy/domains/de/test/auto/CQBug1.xml (RunModel)" time="0.006" />
  <testcase classname="ptolemy.util.test.junit.AutoTests" name="[3] /home/travis/build/icyphy/ptII/ptolemy/domains/de/test/auto/CancelFireAt.xml (RunModel)" time="0.022" />
  <testcase classname="ptolemy.util.test.junit.AutoTests" name="[4] /home/travis/build/icyphy/ptII/ptolemy/domains/de/test/auto/CausalityAndComposabilityAnalysis.xml (RunModel)" time="0.009" />
  <testcase classname="ptolemy.util.test.junit.AutoTests" name="[5] /home/travis/build/icyphy/ptII/ptolemy/domains/de/test/auto/CausalityInterface1.xml (RunModel)" time="0.018" />
  <testcase classname="ptolemy.util.test.junit.AutoTests" name="[6] /home/travis/build/icyphy/ptII/ptolemy/domains/de/test/auto/CausalityInterface15.xml (RunModel)" time="0.013" />
  <testcase classname="ptolemy.util.test.junit.AutoTests" name="[7] /home/travis/build/icyphy/ptII/ptolemy/domains/de/test/auto/CausalityInterface2.xml (RunModel)" time="0.014" />
  <testcase classname="ptolemy.util.test.junit.AutoTests" name="[8] /home/travis/build/icyphy/ptII/ptolemy/domains/de/test/auto/CausalityInterface3.xml (RunModel)" time="0.015" />
  <testcase classname="ptolemy.util.test.junit.AutoTests" name="[9] /home/travis/build/icyphy/ptII/ptolemy/domains/de/test/auto/ClockDrift.xml (RunModel)" time="0.041" />
  <testcase classname="ptolemy.util.test.junit.AutoTests" name="[10] /home/travis/build/icyphy/ptII/ptolemy/domains/de/test/auto/ClockDriftAndValueChange.xml (RunModel)" time="0.036" />
  <testcase classname="ptolemy.util.test.junit.AutoTests" name="[11] /home/travis/build/icyphy/ptII/ptolemy/domains/de/test/auto/ClockDriftChange.xml (RunModel)" time="0.04" />
  <testcase classname="ptolemy.util.test.junit.AutoTests" name="[12] /home/travis/build/icyphy/ptII/ptolemy/domains/de/test/auto/ComposableCausalityAnalysis.xml (RunModel)" time="0.019" />
  <testcase classname="ptolemy.util.test.junit.AutoTests" name="[13] /home/travis/build/icyphy/ptII/ptolemy/domains/de/test/auto/DEFixedPointLimitation.xml (RunModel)" time="0.01" />
  <testcase classname="ptolemy.util.test.junit.AutoTests" name="[14] /home/travis/build/icyphy/ptII/ptolemy/domains/de/test/auto/DEScheduleTest.xml (RunModel)" time="0.015" />
  <testcase classname="ptolemy.util.test.junit.AutoTests" name="[15] /home/travis/build/icyphy/ptII/ptolemy/domains/de/test/auto/DEinDEwithStartTimes.xml (RunModel)" time="0.014" />
  <testcase classname="ptolemy.util.test.junit.AutoTests" name="[16] /home/travis/build/icyphy/ptII/ptolemy/domains/de/test/auto/DEinDEwithStartTimes2.xml (RunModel)" time="0.015" />
  <testcase classname="ptolemy.util.test.junit.AutoTests" name="[17] /home/travis/build/icyphy/ptII/ptolemy/domains/de/test/auto/DateDemo.xml (RunModel)" time="0.048" />
  <testcase classname="ptolemy.util.test.junit.AutoTests" name="[18] /home/travis/build/icyphy/ptII/ptolemy/domains/de/test/auto/DateToEvent.xml (RunModel)" time="2.046" />
  <testcase classname="ptolemy.util.test.junit.AutoTests" name="[19] /home/travis/build/icyphy/ptII/ptolemy/domains/de/test/auto/DepthTest1.xml (RunModel)" time="0.009" />
  <testcase classname="ptolemy.util.test.junit.AutoTests" name="[20] /home/travis/build/icyphy/ptII/ptolemy/domains/de/test/auto/DepthTest2.xml (RunModel)" time="0.019" />
  <testcase classname="ptolemy.util.test.junit.AutoTests" name="[21] /home/travis/build/icyphy/ptII/ptolemy/domains/de/test/auto/DepthTest3.xml (RunModel)" time="0.013" />
  <testcase classname="ptolemy.util.test.junit.AutoTests" name="[22] /home/travis/build/icyphy/ptII/ptolemy/domains/de/test/auto/DepthTest4.xml (RunModel)" time="0.022" />
  <testcase classname="ptolemy.util.test.junit.AutoTests" name="[23] /home/travis/build/icyphy/ptII/ptolemy/domains/de/test/auto/DepthTest5.xml (RunModel)" time="0.016" />
  <testcase classname="ptolemy.util.test.junit.AutoTests" name="[24] /home/travis/build/icyphy/ptII/ptolemy/domains/de/test/auto/DepthTest6.xml (RunModel)" time="0.025" />
  <testcase classname="ptolemy.util.test.junit.AutoTests" name="[25] /home/travis/build/icyphy/ptII/ptolemy/domains/de/test/auto/DepthTest7.xml (RunModel)" time="0.015" />
  <testcase classname="ptolemy.util.test.junit.AutoTests" name="[26] /home/travis/build/icyphy/ptII/ptolemy/domains/de/test/auto/EventToDate.xml (RunModel)" time="3.042" />
  <testcase classname="ptolemy.util.test.junit.AutoTests" name="[27] /home/travis/build/icyphy/ptII/ptolemy/domains/de/test/auto/FSM1.xml (RunModel)" time="0.037" />
  <testcase classname="ptolemy.util.test.junit.AutoTests" name="[28] /home/travis/build/icyphy/ptII/ptolemy/domains/de/test/auto/FSM7.xml (RunModel)" time="0.047" />
  <testcase classname="ptolemy.util.test.junit.AutoTests" name="[29] /home/travis/build/icyphy/ptII/ptolemy/domains/de/test/auto/Inspection.xml (RunModel)" time="0.05" />
  <testcase classname="ptolemy.util.test.junit.AutoTests" name="[30] /home/travis/build/icyphy/ptII/ptolemy/domains/de/test/auto/Iteration.xml (RunModel)" time="0.03" />
  <testcase classname="ptolemy.util.test.junit.AutoTests" name="[31] /home/travis/build/icyphy/ptII/ptolemy/domains/de/test/auto/LineFault.xml (RunModel)" time="0.635" />
  <testcase classname="ptolemy.util.test.junit.AutoTests" name="[32] /home/travis/build/icyphy/ptII/ptolemy/domains/de/test/auto/MergeModel1Add.xml (RunModel)" time="0.053" />
  <testcase classname="ptolemy.util.test.junit.AutoTests" name="[33] /home/travis/build/icyphy/ptII/ptolemy/domains/de/test/auto/MergeModel2Add.xml (RunModel)" time="0.039" />
  <testcase classname="ptolemy.util.test.junit.AutoTests" name="[34] /home/travis/build/icyphy/ptII/ptolemy/domains/de/test/auto/MergeModel3Add.xml (RunModel)" time="0.043" />
  <testcase classname="ptolemy.util.test.junit.AutoTests" name="[35] /home/travis/build/icyphy/ptII/ptolemy/domains/de/test/auto/MergeWithoutDiscard.xml (RunModel)" time="0.011" />
  <testcase classname="ptolemy.util.test.junit.AutoTests" name="[36] /home/travis/build/icyphy/ptII/ptolemy/domains/de/test/auto/Modal1.xml (RunModel)" time="0.025" />
  <testcase classname="ptolemy.util.test.junit.AutoTests" name="[37] /home/travis/build/icyphy/ptII/ptolemy/domains/de/test/auto/Modal2.xml (RunModel)" time="0.035" />
  <testcase classname="ptolemy.util.test.junit.AutoTests" name="[38] /home/travis/build/icyphy/ptII/ptolemy/domains/de/test/auto/Modal3.xml (RunModel)" time="0.032" />
  <testcase classname="ptolemy.util.test.junit.AutoTests" name="[39] /home/travis/build/icyphy/ptII/ptolemy/domains/de/test/auto/Modal4.xml (RunModel)" time="0.036" />
  <testcase classname="ptolemy.util.test.junit.AutoTests" name="[40] /home/travis/build/icyphy/ptII/ptolemy/domains/de/test/auto/Modal5.xml (RunModel)" time="0.031" />
  <testcase classname="ptolemy.util.test.junit.AutoTests" name="[41] /home/travis/build/icyphy/ptII/ptolemy/domains/de/test/auto/Modal6.xml (RunModel)" time="0.033" />
  <testcase classname="ptolemy.util.test.junit.AutoTests" name="[42] /home/travis/build/icyphy/ptII/ptolemy/domains/de/test/auto/Modal7.xml (RunModel)" time="0.036" />
  <testcase classname="ptolemy.util.test.junit.AutoTests" name="[43] /home/travis/build/icyphy/ptII/ptolemy/domains/de/test/auto/ModalModel.xml (RunModel)" time="0.184" />
  <testcase classname="ptolemy.util.test.junit.AutoTests" name="[44] /home/travis/build/icyphy/ptII/ptolemy/domains/de/test/auto/ModalSource.xml (RunModel)" time="0.019" />
  <testcase classname="ptolemy.util.test.junit.AutoTests" name="[45] /home/travis/build/icyphy/ptII/ptolemy/domains/de/test/auto/NonInterruptibleTimerZeroDelay.xml (RunModel)" time="0.015" />
  <testcase classname="ptolemy.util.test.junit.AutoTests" name="[46] /home/travis/build/icyphy/ptII/ptolemy/domains/de/test/auto/OpenQueueingNetwork.xml (RunModel)" time="2.412" />
  <testcase classname="ptolemy.util.test.junit.AutoTests" name="[47] /home/travis/build/icyphy/ptII/ptolemy/domains/de/test/auto/OpenQueuingNetwork.xml (RunModel)" time="0.281" />
  <testcase classname="ptolemy.util.test.junit.AutoTests" name="[48] /home/travis/build/icyphy/ptII/ptolemy/domains/de/test/auto/PeriodicSampler.xml (RunModel)" time="0.018" />
  <testcase classname="ptolemy.util.test.junit.AutoTests" name="[49] /home/travis/build/icyphy/ptII/ptolemy/domains/de/test/auto/PersistentIO.xml (RunModel)" time="0.032" />
  <testcase classname="ptolemy.util.test.junit.AutoTests" name="[50] /home/travis/build/icyphy/ptII/ptolemy/domains/de/test/auto/PortParameterResetOnInitialize.xml (RunModel)" time="0.017" />
  <testcase classname="ptolemy.util.test.junit.AutoTests" name="[51] /home/travis/build/icyphy/ptII/ptolemy/domains/de/test/auto/PortParameterUpdates.xml (RunModel)" time="0.017" />
  <testcase classname="ptolemy.util.test.junit.AutoTests" name="[52] /home/travis/build/icyphy/ptII/ptolemy/domains/de/test/auto/QueueAndServer.xml (RunModel)" time="0.026" />
  <testcase classname="ptolemy.util.test.junit.AutoTests" name="[53] /home/travis/build/icyphy/ptII/ptolemy/domains/de/test/auto/Records.xml (RunModel)" time="0.022" />
  <testcase classname="ptolemy.util.test.junit.AutoTests" name="[54] /home/travis/build/icyphy/ptII/ptolemy/domains/de/test/auto/ResetTransitionWithStartTime1.xml (RunModel)" time="0.025" />
  <testcase classname="ptolemy.util.test.junit.AutoTests" name="[55] /home/travis/build/icyphy/ptII/ptolemy/domains/de/test/auto/ResetTransitionWithStartTime2.xml (RunModel)" time="0.027" />
  <testcase classname="ptolemy.util.test.junit.AutoTests" name="[56] /home/travis/build/icyphy/ptII/ptolemy/domains/de/test/auto/ResetTransitionWithStartTime3.xml (RunModel)" time="0.027" />
  <testcase classname="ptolemy.util.test.junit.AutoTests" name="[57] /home/travis/build/icyphy/ptII/ptolemy/domains/de/test/auto/ResetTransitionWithStartTime4.xml (RunModel)" time="0.022" />
  <testcase classname="ptolemy.util.test.junit.AutoTests" name="[58] /home/travis/build/icyphy/ptII/ptolemy/domains/de/test/auto/ResettableTimer1.xml (RunModel)" time="0.012" />
  <testcase classname="ptolemy.util.test.junit.AutoTests" name="[59] /home/travis/build/icyphy/ptII/ptolemy/domains/de/test/auto/ResettableTimer2.xml (RunModel)" time="0.017" />
  <testcase classname="ptolemy.util.test.junit.AutoTests" name="[60] /home/travis/build/icyphy/ptII/ptolemy/domains/de/test/auto/ResettableTimer3.xml (RunModel)" time="0.01" />
  <testcase classname="ptolemy.util.test.junit.AutoTests" name="[61] /home/travis/build/icyphy/ptII/ptolemy/domains/de/test/auto/ResettableTimer4.xml (RunModel)" time="0.012" />
  <testcase classname="ptolemy.util.test.junit.AutoTests" name="[62] /home/travis/build/icyphy/ptII/ptolemy/domains/de/test/auto/ResettableTimer5.xml (RunModel)" time="0.01" />
  <testcase classname="ptolemy.util.test.junit.AutoTests" name="[63] /home/travis/build/icyphy/ptII/ptolemy/domains/de/test/auto/ResettableTimer6.xml (RunModel)" time="0.018" />
  <testcase classname="ptolemy.util.test.junit.AutoTests" name="[64] /home/travis/build/icyphy/ptII/ptolemy/domains/de/test/auto/ServerZeroDelay.xml (RunModel)" time="0.009" />
  <testcase classname="ptolemy.util.test.junit.AutoTests" name="[65] /home/travis/build/icyphy/ptII/ptolemy/domains/de/test/auto/SmartSender.xml (RunModel)" time="3.008" />
  <testcase classname="ptolemy.util.test.junit.AutoTests" name="[66] /home/travis/build/icyphy/ptII/ptolemy/domains/de/test/auto/ThreadedComposite.xml (RunModel)" time="0.121" />
  <testcase classname="ptolemy.util.test.junit.AutoTests" name="[67] /home/travis/build/icyphy/ptII/ptolemy/domains/de/test/auto/Time.xml (RunModel)" time="0.486" />
  <testcase classname="ptolemy.util.test.junit.AutoTests" name="[68] /home/travis/build/icyphy/ptII/ptolemy/domains/de/test/auto/TimeDelayZeroDelay.xml (RunModel)" time="0.012" />
  <testcase classname="ptolemy.util.test.junit.AutoTests" name="[69] /home/travis/build/icyphy/ptII/ptolemy/domains/de/test/auto/TimerZeroDelay.xml (RunModel)" time="0.014" />
  <testcase classname="ptolemy.util.test.junit.AutoTests" name="[70] /home/travis/build/icyphy/ptII/ptolemy/domains/de/test/auto/TimingParadox.xml (RunModel)" time="0.416" />
  <testcase classname="ptolemy.util.test.junit.AutoTests" name="[71] /home/travis/build/icyphy/ptII/ptolemy/domains/de/test/auto/TransferInputs.xml (RunModel)" time="0.019" />
  <testcase classname="ptolemy.util.test.junit.AutoTests" name="[72] /home/travis/build/icyphy/ptII/ptolemy/domains/de/test/auto/TransferOutputs2.xml (RunModel)" time="0.017" />
  <testcase classname="ptolemy.util.test.junit.AutoTests" name="[73] /home/travis/build/icyphy/ptII/ptolemy/domains/de/test/auto/Trilateration.xml (RunModel)" time="12.932" />
  <testcase classname="ptolemy.util.test.junit.AutoTests" name="[74] /home/travis/build/icyphy/ptII/ptolemy/domains/de/test/auto/TwoSigmaDelta.xml (RunModel)" time="2.055" />
  <testcase classname="ptolemy.util.test.junit.AutoTests" name="[75] /home/travis/build/icyphy/ptII/ptolemy/domains/de/test/auto/VariableDelay.xml (RunModel)" time="0.012" />
  <testcase classname="ptolemy.util.test.junit.AutoTests" name="[76] /home/travis/build/icyphy/ptII/ptolemy/domains/de/test/auto/VariableDelay2.xml (RunModel)" time="0.009" />
  <testcase classname="ptolemy.util.test.junit.AutoTests" name="[77] /home/travis/build/icyphy/ptII/ptolemy/domains/de/test/auto/VariableDelayZeroDelay.xml (RunModel)" time="0.012" />
  <testcase classname="ptolemy.util.test.junit.AutoTests" name="[78] /home/travis/build/icyphy/ptII/ptolemy/domains/de/test/auto/VariableDelayZeroDelay2.xml (RunModel)" time="0.013" />
  <testcase classname="ptolemy.util.test.junit.AutoTests" name="[79] /home/travis/build/icyphy/ptII/ptolemy/domains/de/test/auto/deInCt.xml (RunModel)" time="0.015" />
  <testcase classname="ptolemy.util.test.junit.AutoTests" name="[80] /home/travis/build/icyphy/ptII/ptolemy/domains/de/test/auto/deInCt2.xml (RunModel)" time="0.024" />
  <testcase classname="ptolemy.util.test.junit.AutoTests" name="[81] /home/travis/build/icyphy/ptII/ptolemy/domains/de/test/auto/dynamicCausalityInterface1.xml (RunModel)" time="0.024" />
  <testcase classname="ptolemy.util.test.junit.AutoTests" name="[82] /home/travis/build/icyphy/ptII/ptolemy/domains/de/test/auto/fsm_de_test.xml (RunModel)" time="0.026" />
  <testcase classname="ptolemy.util.test.junit.AutoTests" name="[83] /home/travis/build/icyphy/ptII/ptolemy/domains/de/test/auto/functionDependencyReconstruction.xml (RunModel)" time="0.032" />
  <testcase classname="ptolemy.util.test.junit.AutoTests" name="[84] /home/travis/build/icyphy/ptII/ptolemy/domains/de/test/auto/multirate.xml (RunModel)" time="0.016" />
  <testcase classname="ptolemy.util.test.junit.AutoTests" name="[85] /home/travis/build/icyphy/ptII/ptolemy/domains/de/test/auto/multirate2.xml (RunModel)" time="0.015" />
  <testcase classname="ptolemy.util.test.junit.AutoTests" name="[86] /home/travis/build/icyphy/ptII/ptolemy/domains/de/test/auto/realtime.xml (RunModel)" time="10.01" />
  <testcase classname="ptolemy.util.test.junit.AutoTests" name="[87] /home/travis/build/icyphy/ptII/ptolemy/domains/de/test/auto/relationGroup.xml (RunModel)" time="0.012" />
  <testcase classname="ptolemy.util.test.junit.AutoTests" name="[88] /home/travis/build/icyphy/ptII/ptolemy/domains/de/test/auto/relationGroup2.xml (RunModel)" time="0.007" />
  <testcase classname="ptolemy.util.test.junit.AutoTests" name="[89] /home/travis/build/icyphy/ptII/ptolemy/domains/de/test/auto/sortWithOpaquePorts.xml (RunModel)" time="0.01" />
  <testcase classname="ptolemy.util.test.junit.AutoTests" name="[90] /home/travis/build/icyphy/ptII/ptolemy/domains/de/test/auto/transferInputsandOutputs.xml (RunModel)" time="0.017" />
  <testcase classname="ptolemy.util.test.junit.AutoTests" name="[91] /home/travis/build/icyphy/ptII/ptolemy/domains/de/test/auto/triggerType.xml (RunModel)" time="0.012" />
  <system-out><![CDATA[/home/travis/build/icyphy/ptII/ptolemy/domains/de/test/DependencyLoop.tcl
testDefs.tcl: setting time out to 9000 seconds at Fri Aug 09 05:17:52 UTC 2019
59 ms. Memory: 120832K Free: 72134K (60%)
12 ms. Memory: 120832K Free: 54711K (45%)
/home/travis/build/icyphy/ptII/ptolemy/domains/de/test/RunDETestsAsQSS.tcl
Run the DE tests using ptolemy.domains.qss.test.QSSDirectorTest, which extends QSSDirector and prints a message in the constructors.
------------------ testing $PTII/ptolemy/domains/de/test/auto/knownFailedTests/DirectFeedback.xml (Known Failure) 
72 ms. Memory: 120832K Free: 48582K (40%)


==== $PTIIhome/travis/build/icyphy/ptII/ptolemy/domains/de/test/../../../../: Auto Automatic test in file $PTII/ptolemy/domains/de/test/auto/knownFailedTests/DirectFeedback.xml
==== Contents of test case:

	    # FIXME: we should use $relativeFilename here, but it
	    # might have backslashes under Windows, which causes no end
	    # of trouble.
	    createAndExecute $file
	    list {}
	
.... Test generated KNOWN error:
    while executing
ptolemy.kernel.util.IllegalActionException: Test fails in iteration 1.
Value was: 1.0. Should have been: 2.0
  in .DirectFeedback.Test
	at ptolemy.actor.lib.Test.fire(Test.java:268)
	at ptolemy.domains.de.kernel.DEDirector._fire(DEDirector.java:1949)
	at ptolemy.domains.de.kernel.DEDirector.fire(DEDirector.java:502)
	at ptolemy.actor.CompositeActor.fire(CompositeActor.java:455)
	at ptolemy.actor.Manager.iterate(Manager.java:851)
	at ptolemy.actor.Manager.execute(Manager.java:369)
	at ptolemy.actor.Manager.run(Manager.java:1263)
	at ptolemy.actor.Manager$PtolemyRunThread.run(Manager.java:1933)

    while executing
ptolemy.kernel.util.IllegalActionException: Test fails in iteration 1.
Value was: 1.0. Should have been: 2.0
  in .DirectFeedback.Test
    while executing
"java::new ptolemy.moml.MoMLSimpleApplication $file
"
    (procedure "createAndExecute" line 2)
    invoked from within
"createAndExecute $file"
    ("uplevel" body line 5)
    invoked from within
"uplevel $contents_of_test"
------------------ testing $PTII/ptolemy/domains/de/test/auto/knownFailedTests/dependencyLoop.xml (Known Failure) 
48 ms. Memory: 120832K Free: 108216K (90%)


==== $PTIIhome/travis/build/icyphy/ptII/ptolemy/domains/de/test/../../../../: Auto Automatic test in file $PTII/ptolemy/domains/de/test/auto/knownFailedTests/dependencyLoop.xml
==== Contents of test case:

	    # FIXME: we should use $relativeFilename here, but it
	    # might have backslashes under Windows, which causes no end
	    # of trouble.
	    createAndExecute $file
	    list {}
	
.... Test generated KNOWN error:
    while executing
ptolemy.kernel.util.IllegalActionException: Found a zero delay loop containing .dependencyLoop.original
  in .dependencyLoop and .dependencyLoop.original
	at ptolemy.actor.util.CausalityInterfaceForComposites._computeOutputPortDepth(CausalityInterfaceForComposites.java:759)
	at ptolemy.actor.util.CausalityInterfaceForComposites._computeInputDepth(CausalityInterfaceForComposites.java:696)
	at ptolemy.actor.util.CausalityInterfaceForComposites._computeOutputPortDepth(CausalityInterfaceForComposites.java:765)
	at ptolemy.actor.util.CausalityInterfaceForComposites._computeInputDepth(CausalityInterfaceForComposites.java:696)
	at ptolemy.actor.util.CausalityInterfaceForComposites._computeOutputPortDepth(CausalityInterfaceForComposites.java:765)
	at ptolemy.actor.util.CausalityInterfaceForComposites._computeInputDepth(CausalityInterfaceForComposites.java:696)
	at ptolemy.actor.util.CausalityInterfaceForComposites._computeActorDepth(CausalityInterfaceForComposites.java:532)
	at ptolemy.actor.util.CausalityInterfaceForComposites.checkForCycles(CausalityInterfaceForComposites.java:96)
	at ptolemy.domains.de.kernel.DEDirector.preinitialize(DEDirector.java:1338)
	at ptolemy.actor.CompositeActor.preinitialize(CompositeActor.java:1828)
	at ptolemy.actor.Manager.preinitializeAndResolveTypes(Manager.java:1040)
	at ptolemy.actor.Manager.initialize(Manager.java:710)
	at ptolemy.actor.Manager.execute(Manager.java:356)
	at ptolemy.actor.Manager.run(Manager.java:1263)
	at ptolemy.actor.Manager$PtolemyRunThread.run(Manager.java:1933)

    while executing
ptolemy.kernel.util.IllegalActionException: Found a zero delay loop containing .dependencyLoop.original
  in .dependencyLoop and .dependencyLoop.original
    while executing
"java::new ptolemy.moml.MoMLSimpleApplication $file
"
    (procedure "createAndExecute" line 2)
    invoked from within
"createAndExecute $file"
    ("uplevel" body line 5)
    invoked from within
"uplevel $contents_of_test"
------------------ testing $PTII/ptolemy/domains/de/test/auto/knownFailedTests/FSMSource.xml (Known Failure) 
65 ms. Memory: 120832K Free: 99061K (82%)
!!!! Auto was marked as failing, but now passes
------------------ testing $PTII/ptolemy/domains/de/test/auto/knownFailedTests/HierarchicalModel.xml (Known Failure) 
13 ms. Memory: 120832K Free: 81653K (68%)


==== $PTIIhome/travis/build/icyphy/ptII/ptolemy/domains/de/test/../../../../: Auto Automatic test in file $PTII/ptolemy/domains/de/test/auto/knownFailedTests/HierarchicalModel.xml
==== Contents of test case:

	    # FIXME: we should use $relativeFilename here, but it
	    # might have backslashes under Windows, which causes no end
	    # of trouble.
	    createAndExecute $file
	    list {}
	
.... Test generated KNOWN error:
    while executing
ptolemy.kernel.util.IllegalActionException: Found a zero delay loop containing .HierarchicalModel.A
  in .HierarchicalModel and .HierarchicalModel.A
	at ptolemy.actor.util.CausalityInterfaceForComposites._computeOutputPortDepth(CausalityInterfaceForComposites.java:759)
	at ptolemy.actor.util.CausalityInterfaceForComposites._computeInputDepth(CausalityInterfaceForComposites.java:696)
	at ptolemy.actor.util.CausalityInterfaceForComposites._computeOutputPortDepth(CausalityInterfaceForComposites.java:765)
	at ptolemy.actor.util.CausalityInterfaceForComposites._computeInputDepth(CausalityInterfaceForComposites.java:696)
	at ptolemy.actor.util.CausalityInterfaceForComposites._computeOutputPortDepth(CausalityInterfaceForComposites.java:765)
	at ptolemy.actor.util.CausalityInterfaceForComposites._computeInputDepth(CausalityInterfaceForComposites.java:696)
	at ptolemy.actor.util.CausalityInterfaceForComposites._computeActorDepth(CausalityInterfaceForComposites.java:532)
	at ptolemy.actor.util.CausalityInterfaceForComposites.checkForCycles(CausalityInterfaceForComposites.java:96)
	at ptolemy.domains.de.kernel.DEDirector.preinitialize(DEDirector.java:1338)
	at ptolemy.actor.CompositeActor.preinitialize(CompositeActor.java:1828)
	at ptolemy.actor.Manager.preinitializeAndResolveTypes(Manager.java:1040)
	at ptolemy.actor.Manager.initialize(Manager.java:710)
	at ptolemy.actor.Manager.execute(Manager.java:356)
	at ptolemy.actor.Manager.run(Manager.java:1263)
	at ptolemy.actor.Manager$PtolemyRunThread.run(Manager.java:1933)

    while executing
ptolemy.kernel.util.IllegalActionException: Found a zero delay loop containing .HierarchicalModel.A
  in .HierarchicalModel and .HierarchicalModel.A
    while executing
"java::new ptolemy.moml.MoMLSimpleApplication $file
"
    (procedure "createAndExecute" line 2)
    invoked from within
"createAndExecute $file"
    ("uplevel" body line 5)
    invoked from within
"uplevel $contents_of_test"
------------------ testing $PTII/ptolemy/domains/de/test/auto/knownFailedTests/dependencyLoop2.xml (Known Failure) 
21 ms. Memory: 120832K Free: 106433K (88%)


==== $PTIIhome/travis/build/icyphy/ptII/ptolemy/domains/de/test/../../../../: Auto Automatic test in file $PTII/ptolemy/domains/de/test/auto/knownFailedTests/dependencyLoop2.xml
==== Contents of test case:

	    # FIXME: we should use $relativeFilename here, but it
	    # might have backslashes under Windows, which causes no end
	    # of trouble.
	    createAndExecute $file
	    list {}
	
.... Test generated KNOWN error:
    while executing
ptolemy.kernel.util.IllegalActionException: Found a zero delay loop containing .dependencyLoop2.original
  in .dependencyLoop2 and .dependencyLoop2.original
	at ptolemy.actor.util.CausalityInterfaceForComposites._computeOutputPortDepth(CausalityInterfaceForComposites.java:759)
	at ptolemy.actor.util.CausalityInterfaceForComposites._computeInputDepth(CausalityInterfaceForComposites.java:696)
	at ptolemy.actor.util.CausalityInterfaceForComposites._computeOutputPortDepth(CausalityInterfaceForComposites.java:765)
	at ptolemy.actor.util.CausalityInterfaceForComposites._computeInputDepth(CausalityInterfaceForComposites.java:696)
	at ptolemy.actor.util.CausalityInterfaceForComposites._computeOutputPortDepth(CausalityInterfaceForComposites.java:765)
	at ptolemy.actor.util.CausalityInterfaceForComposites._computeInputDepth(CausalityInterfaceForComposites.java:696)
	at ptolemy.actor.util.CausalityInterfaceForComposites._computeActorDepth(CausalityInterfaceForComposites.java:532)
	at ptolemy.actor.util.CausalityInterfaceForComposites.checkForCycles(CausalityInterfaceForComposites.java:96)
	at ptolemy.domains.de.kernel.DEDirector.preinitialize(DEDirector.java:1338)
	at ptolemy.actor.CompositeActor.preinitialize(CompositeActor.java:1828)
	at ptolemy.actor.Manager.preinitializeAndResolveTypes(Manager.java:1040)
	at ptolemy.actor.Manager.initialize(Manager.java:710)
	at ptolemy.actor.Manager.execute(Manager.java:356)
	at ptolemy.actor.Manager.run(Manager.java:1263)
	at ptolemy.actor.Manager$PtolemyRunThread.run(Manager.java:1933)

    while executing
ptolemy.kernel.util.IllegalActionException: Found a zero delay loop containing .dependencyLoop2.original
  in .dependencyLoop2 and .dependencyLoop2.original
    while executing
"java::new ptolemy.moml.MoMLSimpleApplication $file
"
    (procedure "createAndExecute" line 2)
    invoked from within
"createAndExecute $file"
    ("uplevel" body line 5)
    invoked from within
"uplevel $contents_of_test"
------------------ testing $PTII/ptolemy/domains/de/test/auto/knownFailedTests/DESDFClockTest.xml (Known Failure) 
2047 ms. Memory: 120832K Free: 93157K (77%)


==== $PTIIhome/travis/build/icyphy/ptII/ptolemy/domains/de/test/../../../../: Auto Automatic test in file $PTII/ptolemy/domains/de/test/auto/knownFailedTests/DESDFClockTest.xml
==== Contents of test case:

	    # FIXME: we should use $relativeFilename here, but it
	    # might have backslashes under Windows, which causes no end
	    # of trouble.
	    createAndExecute $file
	    list {}
	
.... Test generated KNOWN error:
    while executing
ptolemy.kernel.util.IllegalActionException: Actor is not ready to fire.  Perhaps UpSample.prefire() returned false? Try debugging the actor by selecting "Listen to Actor".  Also, for SDF check moml for tokenConsumptionRate on input.
  in .DESDFClockTest.Play Bell.Copy1:SDF Director and .DESDFClockTest.Play Bell.UpSample
	at ptolemy.actor.sched.StaticSchedulingDirector.fire(StaticSchedulingDirector.java:227)
	at ptolemy.domains.sdf.kernel.SDFDirector.fire(SDFDirector.java:500)
	at ptolemy.actor.CompositeActor.fire(CompositeActor.java:455)
	at ptolemy.domains.de.kernel.DEDirector._fire(DEDirector.java:1949)
	at ptolemy.domains.de.kernel.DEDirector.fire(DEDirector.java:502)
	at ptolemy.actor.CompositeActor.fire(CompositeActor.java:455)
	at ptolemy.actor.Manager.iterate(Manager.java:851)
	at ptolemy.actor.Manager.execute(Manager.java:369)
	at ptolemy.actor.Manager.run(Manager.java:1263)
	at ptolemy.actor.Manager$PtolemyRunThread.run(Manager.java:1933)

    while executing
ptolemy.kernel.util.IllegalActionException: Actor is not ready to fire.  Perhaps UpSample.prefire() returned false? Try debugging the actor by selecting "Listen to Actor".  Also, for SDF check moml for tokenConsumptionRate on input.
  in .DESDFClockTest.Play Bell.Copy1:SDF Director and .DESDFClockTest.Play Bell.UpSample
    while executing
"java::new ptolemy.moml.MoMLSimpleApplication $file
"
    (procedure "createAndExecute" line 2)
    invoked from within
"createAndExecute $file"
    ("uplevel" body line 5)
    invoked from within
"uplevel $contents_of_test"
------------------ testing $PTII/ptolemy/domains/de/test/auto/ActorDepthCalculation_actorWithoutPorts.xml
auto.tcl: Setting watchdog for 200 seconds at Fri Aug 09 05:17:56 UTC 2019
11 ms. Memory: 120832K Free: 85961K (71%)
ptolemy.util.test.WatchDog.cancel(): canceling Fri Aug 09 05:17:56 UTC 2019
auto.tcl: Setting watchdog for 200 seconds at Fri Aug 09 05:17:56 UTC 2019
4 ms. Memory: 120832K Free: 84818K (70%)
ptolemy.util.test.WatchDog.cancel(): canceling Fri Aug 09 05:17:56 UTC 2019
------------------ testing $PTII/ptolemy/domains/de/test/auto/AssemblyLine.xml
auto.tcl: Setting watchdog for 200 seconds at Fri Aug 09 05:17:56 UTC 2019
10 ms. Memory: 48128K Free: 26049K (54%)
ptolemy.util.test.WatchDog.cancel(): canceling Fri Aug 09 05:17:56 UTC 2019
auto.tcl: Setting watchdog for 200 seconds at Fri Aug 09 05:17:56 UTC 2019
7 ms. Memory: 48128K Free: 25321K (53%)
ptolemy.util.test.WatchDog.cancel(): canceling Fri Aug 09 05:17:56 UTC 2019
------------------ testing $PTII/ptolemy/domains/de/test/auto/CQBug1.xml
auto.tcl: Setting watchdog for 200 seconds at Fri Aug 09 05:17:56 UTC 2019
3 ms. Memory: 48128K Free: 31458K (65%)
ptolemy.util.test.WatchDog.cancel(): canceling Fri Aug 09 05:17:56 UTC 2019
auto.tcl: Setting watchdog for 200 seconds at Fri Aug 09 05:17:56 UTC 2019
3 ms. Memory: 48128K Free: 31024K (64%)
ptolemy.util.test.WatchDog.cancel(): canceling Fri Aug 09 05:17:56 UTC 2019
------------------ testing $PTII/ptolemy/domains/de/test/auto/CancelFireAt.xml
auto.tcl: Setting watchdog for 200 seconds at Fri Aug 09 05:17:56 UTC 2019
4 ms. Memory: 45056K Free: 29563K (66%)
ptolemy.util.test.WatchDog.cancel(): canceling Fri Aug 09 05:17:56 UTC 2019
auto.tcl: Setting watchdog for 200 seconds at Fri Aug 09 05:17:56 UTC 2019
3 ms. Memory: 45056K Free: 29131K (65%)
ptolemy.util.test.WatchDog.cancel(): canceling Fri Aug 09 05:17:56 UTC 2019
------------------ testing $PTII/ptolemy/domains/de/test/auto/CausalityAndComposabilityAnalysis.xml
auto.tcl: Setting watchdog for 200 seconds at Fri Aug 09 05:17:57 UTC 2019
13 ms. Memory: 45056K Free: 27922K (62%)
ptolemy.util.test.WatchDog.cancel(): canceling Fri Aug 09 05:17:57 UTC 2019
auto.tcl: Setting watchdog for 200 seconds at Fri Aug 09 05:17:57 UTC 2019
6 ms. Memory: 45056K Free: 26989K (60%)
ptolemy.util.test.WatchDog.cancel(): canceling Fri Aug 09 05:17:57 UTC 2019
------------------ testing $PTII/ptolemy/domains/de/test/auto/CausalityInterface1.xml
auto.tcl: Setting watchdog for 200 seconds at Fri Aug 09 05:17:57 UTC 2019
32 ms. Memory: 45056K Free: 26379K (59%)
ptolemy.util.test.WatchDog.cancel(): canceling Fri Aug 09 05:17:57 UTC 2019
auto.tcl: Setting watchdog for 200 seconds at Fri Aug 09 05:17:57 UTC 2019
6 ms. Memory: 45056K Free: 25402K (56%)
ptolemy.util.test.WatchDog.cancel(): canceling Fri Aug 09 05:17:57 UTC 2019
------------------ testing $PTII/ptolemy/domains/de/test/auto/CausalityInterface15.xml
auto.tcl: Setting watchdog for 200 seconds at Fri Aug 09 05:17:57 UTC 2019
7 ms. Memory: 45056K Free: 26307K (58%)
ptolemy.util.test.WatchDog.cancel(): canceling Fri Aug 09 05:17:57 UTC 2019
auto.tcl: Setting watchdog for 200 seconds at Fri Aug 09 05:17:57 UTC 2019
6 ms. Memory: 45056K Free: 25328K (56%)
ptolemy.util.test.WatchDog.cancel(): canceling Fri Aug 09 05:17:57 UTC 2019
------------------ testing $PTII/ptolemy/domains/de/test/auto/CausalityInterface2.xml
auto.tcl: Setting watchdog for 200 seconds at Fri Aug 09 05:17:57 UTC 2019
5 ms. Memory: 45056K Free: 26773K (59%)
ptolemy.util.test.WatchDog.cancel(): canceling Fri Aug 09 05:17:57 UTC 2019
auto.tcl: Setting watchdog for 200 seconds at Fri Aug 09 05:17:57 UTC 2019
4 ms. Memory: 45056K Free: 25802K (57%)
ptolemy.util.test.WatchDog.cancel(): canceling Fri Aug 09 05:17:57 UTC 2019
------------------ testing $PTII/ptolemy/domains/de/test/auto/CausalityInterface3.xml
auto.tcl: Setting watchdog for 200 seconds at Fri Aug 09 05:17:57 UTC 2019
9 ms. Memory: 45056K Free: 26452K (59%)
ptolemy.util.test.WatchDog.cancel(): canceling Fri Aug 09 05:17:57 UTC 2019
auto.tcl: Setting watchdog for 200 seconds at Fri Aug 09 05:17:57 UTC 2019
3 ms. Memory: 45056K Free: 25655K (57%)
ptolemy.util.test.WatchDog.cancel(): canceling Fri Aug 09 05:17:57 UTC 2019
------------------ testing $PTII/ptolemy/domains/de/test/auto/ClockDrift.xml
auto.tcl: Setting watchdog for 200 seconds at Fri Aug 09 05:17:57 UTC 2019
60 ms. Memory: 45056K Free: 19067K (42%)
ptolemy.util.test.WatchDog.cancel(): canceling Fri Aug 09 05:17:57 UTC 2019
auto.tcl: Setting watchdog for 200 seconds at Fri Aug 09 05:17:57 UTC 2019
63 ms. Memory: 45056K Free: 16046K (36%)
ptolemy.util.test.WatchDog.cancel(): canceling Fri Aug 09 05:17:57 UTC 2019
------------------ testing $PTII/ptolemy/domains/de/test/auto/ClockDriftAndValueChange.xml
auto.tcl: Setting watchdog for 200 seconds at Fri Aug 09 05:17:57 UTC 2019
54 ms. Memory: 45056K Free: 19118K (42%)
ptolemy.util.test.WatchDog.cancel(): canceling Fri Aug 09 05:17:57 UTC 2019
auto.tcl: Setting watchdog for 200 seconds at Fri Aug 09 05:17:57 UTC 2019
32 ms. Memory: 45056K Free: 16274K (36%)
ptolemy.util.test.WatchDog.cancel(): canceling Fri Aug 09 05:17:57 UTC 2019
------------------ testing $PTII/ptolemy/domains/de/test/auto/ClockDriftChange.xml
auto.tcl: Setting watchdog for 200 seconds at Fri Aug 09 05:17:57 UTC 2019
20 ms. Memory: 45056K Free: 21176K (47%)
ptolemy.util.test.WatchDog.cancel(): canceling Fri Aug 09 05:17:57 UTC 2019
auto.tcl: Setting watchdog for 200 seconds at Fri Aug 09 05:17:58 UTC 2019
21 ms. Memory: 45056K Free: 18641K (41%)
ptolemy.util.test.WatchDog.cancel(): canceling Fri Aug 09 05:17:58 UTC 2019
------------------ testing $PTII/ptolemy/domains/de/test/auto/ComposableCausalityAnalysis.xml
auto.tcl: Setting watchdog for 200 seconds at Fri Aug 09 05:17:58 UTC 2019
1 ms. Memory: 45056K Free: 25525K (57%)
ptolemy.util.test.WatchDog.cancel(): canceling Fri Aug 09 05:17:58 UTC 2019
auto.tcl: Setting watchdog for 200 seconds at Fri Aug 09 05:17:58 UTC 2019
5 ms. Memory: 45056K Free: 24265K (54%)
ptolemy.util.test.WatchDog.cancel(): canceling Fri Aug 09 05:17:58 UTC 2019
------------------ testing $PTII/ptolemy/domains/de/test/auto/DEFixedPointLimitation.xml
auto.tcl: Setting watchdog for 200 seconds at Fri Aug 09 05:17:58 UTC 2019
2 ms. Memory: 45056K Free: 26933K (60%)
ptolemy.util.test.WatchDog.cancel(): canceling Fri Aug 09 05:17:58 UTC 2019
auto.tcl: Setting watchdog for 200 seconds at Fri Aug 09 05:17:58 UTC 2019
1 ms. Memory: 45056K Free: 26012K (58%)
ptolemy.util.test.WatchDog.cancel(): canceling Fri Aug 09 05:17:58 UTC 2019
------------------ testing $PTII/ptolemy/domains/de/test/auto/DEScheduleTest.xml
auto.tcl: Setting watchdog for 200 seconds at Fri Aug 09 05:17:58 UTC 2019
6 ms. Memory: 45056K Free: 27164K (60%)
ptolemy.util.test.WatchDog.cancel(): canceling Fri Aug 09 05:17:58 UTC 2019
auto.tcl: Setting watchdog for 200 seconds at Fri Aug 09 05:17:58 UTC 2019
3 ms. Memory: 45056K Free: 26447K (59%)
ptolemy.util.test.WatchDog.cancel(): canceling Fri Aug 09 05:17:58 UTC 2019
------------------ testing $PTII/ptolemy/domains/de/test/auto/DEinDEwithStartTimes.xml
auto.tcl: Setting watchdog for 200 seconds at Fri Aug 09 05:17:58 UTC 2019
6 ms. Memory: 45056K Free: 25445K (56%)
ptolemy.util.test.WatchDog.cancel(): canceling Fri Aug 09 05:17:58 UTC 2019
auto.tcl: Setting watchdog for 200 seconds at Fri Aug 09 05:17:58 UTC 2019
6 ms. Memory: 45056K Free: 24330K (54%)
ptolemy.util.test.WatchDog.cancel(): canceling Fri Aug 09 05:17:58 UTC 2019
------------------ testing $PTII/ptolemy/domains/de/test/auto/DEinDEwithStartTimes2.xml
auto.tcl: Setting watchdog for 200 seconds at Fri Aug 09 05:17:58 UTC 2019
7 ms. Memory: 45056K Free: 24663K (55%)
ptolemy.util.test.WatchDog.cancel(): canceling Fri Aug 09 05:17:58 UTC 2019
auto.tcl: Setting watchdog for 200 seconds at Fri Aug 09 05:17:58 UTC 2019
7 ms. Memory: 45056K Free: 23285K (52%)
ptolemy.util.test.WatchDog.cancel(): canceling Fri Aug 09 05:17:58 UTC 2019
------------------ testing $PTII/ptolemy/domains/de/test/auto/DateDemo.xml
auto.tcl: Setting watchdog for 200 seconds at Fri Aug 09 05:17:58 UTC 2019
27 ms. Memory: 45056K Free: 18937K (42%)
ptolemy.util.test.WatchDog.cancel(): canceling Fri Aug 09 05:17:58 UTC 2019
auto.tcl: Setting watchdog for 200 seconds at Fri Aug 09 05:17:58 UTC 2019
7 ms. Memory: 45056K Free: 17366K (39%)
ptolemy.util.test.WatchDog.cancel(): canceling Fri Aug 09 05:17:58 UTC 2019
------------------ testing $PTII/ptolemy/domains/de/test/auto/DateToEvent.xml
auto.tcl: Setting watchdog for 200 seconds at Fri Aug 09 05:17:58 UTC 2019
2014 ms. Memory: 45056K Free: 14848K (33%)
ptolemy.util.test.WatchDog.cancel(): canceling Fri Aug 09 05:18:00 UTC 2019
auto.tcl: Setting watchdog for 200 seconds at Fri Aug 09 05:18:00 UTC 2019
2006 ms. Memory: 45056K Free: 14103K (31%)
ptolemy.util.test.WatchDog.cancel(): canceling Fri Aug 09 05:18:02 UTC 2019
------------------ testing $PTII/ptolemy/domains/de/test/auto/DepthTest1.xml
auto.tcl: Setting watchdog for 200 seconds at Fri Aug 09 05:18:02 UTC 2019
4 ms. Memory: 45056K Free: 27708K (61%)
ptolemy.util.test.WatchDog.cancel(): canceling Fri Aug 09 05:18:02 UTC 2019
auto.tcl: Setting watchdog for 200 seconds at Fri Aug 09 05:18:02 UTC 2019
2 ms. Memory: 45056K Free: 27327K (61%)
ptolemy.util.test.WatchDog.cancel(): canceling Fri Aug 09 05:18:02 UTC 2019
------------------ testing $PTII/ptolemy/domains/de/test/auto/DepthTest2.xml
auto.tcl: Setting watchdog for 200 seconds at Fri Aug 09 05:18:02 UTC 2019
10 ms. Memory: 45056K Free: 24871K (55%)
ptolemy.util.test.WatchDog.cancel(): canceling Fri Aug 09 05:18:02 UTC 2019
auto.tcl: Setting watchdog for 200 seconds at Fri Aug 09 05:18:02 UTC 2019
3 ms. Memory: 45056K Free: 24481K (54%)
ptolemy.util.test.WatchDog.cancel(): canceling Fri Aug 09 05:18:02 UTC 2019
------------------ testing $PTII/ptolemy/domains/de/test/auto/DepthTest3.xml
auto.tcl: Setting watchdog for 200 seconds at Fri Aug 09 05:18:03 UTC 2019
2 ms. Memory: 45056K Free: 28323K (63%)
ptolemy.util.test.WatchDog.cancel(): canceling Fri Aug 09 05:18:03 UTC 2019
auto.tcl: Setting watchdog for 200 seconds at Fri Aug 09 05:18:03 UTC 2019
1 ms. Memory: 45056K Free: 27917K (62%)
ptolemy.util.test.WatchDog.cancel(): canceling Fri Aug 09 05:18:03 UTC 2019
------------------ testing $PTII/ptolemy/domains/de/test/auto/DepthTest4.xml
auto.tcl: Setting watchdog for 200 seconds at Fri Aug 09 05:18:03 UTC 2019
3 ms. Memory: 45056K Free: 26687K (59%)
ptolemy.util.test.WatchDog.cancel(): canceling Fri Aug 09 05:18:03 UTC 2019
auto.tcl: Setting watchdog for 200 seconds at Fri Aug 09 05:18:03 UTC 2019
3 ms. Memory: 45056K Free: 25977K (58%)
ptolemy.util.test.WatchDog.cancel(): canceling Fri Aug 09 05:18:03 UTC 2019
------------------ testing $PTII/ptolemy/domains/de/test/auto/DepthTest5.xml
auto.tcl: Setting watchdog for 200 seconds at Fri Aug 09 05:18:03 UTC 2019
3 ms. Memory: 45056K Free: 26091K (58%)
ptolemy.util.test.WatchDog.cancel(): canceling Fri Aug 09 05:18:03 UTC 2019
auto.tcl: Setting watchdog for 200 seconds at Fri Aug 09 05:18:03 UTC 2019
3 ms. Memory: 45056K Free: 25362K (56%)
ptolemy.util.test.WatchDog.cancel(): canceling Fri Aug 09 05:18:03 UTC 2019
------------------ testing $PTII/ptolemy/domains/de/test/auto/DepthTest6.xml
auto.tcl: Setting watchdog for 200 seconds at Fri Aug 09 05:18:03 UTC 2019
4 ms. Memory: 45056K Free: 25812K (57%)
ptolemy.util.test.WatchDog.cancel(): canceling Fri Aug 09 05:18:03 UTC 2019
auto.tcl: Setting watchdog for 200 seconds at Fri Aug 09 05:18:03 UTC 2019
3 ms. Memory: 45056K Free: 25389K (56%)
ptolemy.util.test.WatchDog.cancel(): canceling Fri Aug 09 05:18:03 UTC 2019
------------------ testing $PTII/ptolemy/domains/de/test/auto/DepthTest7.xml
auto.tcl: Setting watchdog for 200 seconds at Fri Aug 09 05:18:03 UTC 2019
3 ms. Memory: 45056K Free: 26404K (59%)
ptolemy.util.test.WatchDog.cancel(): canceling Fri Aug 09 05:18:03 UTC 2019
auto.tcl: Setting watchdog for 200 seconds at Fri Aug 09 05:18:03 UTC 2019
2 ms. Memory: 45056K Free: 25487K (57%)
ptolemy.util.test.WatchDog.cancel(): canceling Fri Aug 09 05:18:03 UTC 2019
------------------ testing $PTII/ptolemy/domains/de/test/auto/EventToDate.xml
auto.tcl: Setting watchdog for 200 seconds at Fri Aug 09 05:18:03 UTC 2019
3006 ms. Memory: 45056K Free: 17378K (39%)
ptolemy.util.test.WatchDog.cancel(): canceling Fri Aug 09 05:18:06 UTC 2019
auto.tcl: Setting watchdog for 200 seconds at Fri Aug 09 05:18:06 UTC 2019
3007 ms. Memory: 45056K Free: 16721K (37%)
ptolemy.util.test.WatchDog.cancel(): canceling Fri Aug 09 05:18:09 UTC 2019
------------------ testing $PTII/ptolemy/domains/de/test/auto/FSM1.xml
auto.tcl: Setting watchdog for 200 seconds at Fri Aug 09 05:18:09 UTC 2019
43 ms. Memory: 45056K Free: 18609K (41%)
ptolemy.util.test.WatchDog.cancel(): canceling Fri Aug 09 05:18:09 UTC 2019
auto.tcl: Setting watchdog for 200 seconds at Fri Aug 09 05:18:09 UTC 2019
25 ms. Memory: 45056K Free: 15349K (34%)
ptolemy.util.test.WatchDog.cancel(): canceling Fri Aug 09 05:18:09 UTC 2019
------------------ testing $PTII/ptolemy/domains/de/test/auto/FSM7.xml
auto.tcl: Setting watchdog for 200 seconds at Fri Aug 09 05:18:09 UTC 2019
15 ms. Memory: 45056K Free: 18348K (41%)
ptolemy.util.test.WatchDog.cancel(): canceling Fri Aug 09 05:18:09 UTC 2019
auto.tcl: Setting watchdog for 200 seconds at Fri Aug 09 05:18:09 UTC 2019
23 ms. Memory: 45056K Free: 15221K (34%)
ptolemy.util.test.WatchDog.cancel(): canceling Fri Aug 09 05:18:09 UTC 2019
------------------ testing $PTII/ptolemy/domains/de/test/auto/Inspection.xml
auto.tcl: Setting watchdog for 200 seconds at Fri Aug 09 05:18:09 UTC 2019
22 ms. Memory: 45056K Free: 18132K (40%)
ptolemy.util.test.WatchDog.cancel(): canceling Fri Aug 09 05:18:09 UTC 2019
auto.tcl: Setting watchdog for 200 seconds at Fri Aug 09 05:18:09 UTC 2019
18 ms. Memory: 45056K Free: 16392K (36%)
ptolemy.util.test.WatchDog.cancel(): canceling Fri Aug 09 05:18:09 UTC 2019
------------------ testing $PTII/ptolemy/domains/de/test/auto/Iteration.xml
auto.tcl: Setting watchdog for 200 seconds at Fri Aug 09 05:18:09 UTC 2019
7 ms. Memory: 45056K Free: 23847K (53%)
ptolemy.util.test.WatchDog.cancel(): canceling Fri Aug 09 05:18:10 UTC 2019
auto.tcl: Setting watchdog for 200 seconds at Fri Aug 09 05:18:10 UTC 2019
7 ms. Memory: 45056K Free: 22464K (50%)
ptolemy.util.test.WatchDog.cancel(): canceling Fri Aug 09 05:18:10 UTC 2019
------------------ testing $PTII/ptolemy/domains/de/test/auto/LineFault.xml
auto.tcl: Setting watchdog for 200 seconds at Fri Aug 09 05:18:10 UTC 2019
752 ms. Memory: 45056K Free: 25234K (56%)
ptolemy.util.test.WatchDog.cancel(): canceling Fri Aug 09 05:18:11 UTC 2019
auto.tcl: Setting watchdog for 200 seconds at Fri Aug 09 05:18:11 UTC 2019
631 ms. Memory: 56320K Free: 20369K (36%)
ptolemy.util.test.WatchDog.cancel(): canceling Fri Aug 09 05:18:11 UTC 2019
------------------ testing $PTII/ptolemy/domains/de/test/auto/MergeModel1Add.xml
auto.tcl: Setting watchdog for 200 seconds at Fri Aug 09 05:18:11 UTC 2019
24 ms. Memory: 55296K Free: 20088K (36%)
ptolemy.util.test.WatchDog.cancel(): canceling Fri Aug 09 05:18:11 UTC 2019
auto.tcl: Setting watchdog for 200 seconds at Fri Aug 09 05:18:11 UTC 2019
11 ms. Memory: 55296K Free: 18491K (33%)
ptolemy.util.test.WatchDog.cancel(): canceling Fri Aug 09 05:18:11 UTC 2019
------------------ testing $PTII/ptolemy/domains/de/test/auto/MergeModel2Add.xml
auto.tcl: Setting watchdog for 200 seconds at Fri Aug 09 05:18:11 UTC 2019
8 ms. Memory: 51200K Free: 17870K (35%)
ptolemy.util.test.WatchDog.cancel(): canceling Fri Aug 09 05:18:12 UTC 2019
auto.tcl: Setting watchdog for 200 seconds at Fri Aug 09 05:18:12 UTC 2019
8 ms. Memory: 51200K Free: 16105K (31%)
ptolemy.util.test.WatchDog.cancel(): canceling Fri Aug 09 05:18:12 UTC 2019
------------------ testing $PTII/ptolemy/domains/de/test/auto/MergeModel3Add.xml
auto.tcl: Setting watchdog for 200 seconds at Fri Aug 09 05:18:12 UTC 2019
11 ms. Memory: 51200K Free: 18082K (35%)
ptolemy.util.test.WatchDog.cancel(): canceling Fri Aug 09 05:18:12 UTC 2019
auto.tcl: Setting watchdog for 200 seconds at Fri Aug 09 05:18:12 UTC 2019
10 ms. Memory: 51200K Free: 16509K (32%)
ptolemy.util.test.WatchDog.cancel(): canceling Fri Aug 09 05:18:12 UTC 2019
------------------ testing $PTII/ptolemy/domains/de/test/auto/MergeWithoutDiscard.xml
auto.tcl: Setting watchdog for 200 seconds at Fri Aug 09 05:18:12 UTC 2019
2 ms. Memory: 51200K Free: 32408K (63%)
ptolemy.util.test.WatchDog.cancel(): canceling Fri Aug 09 05:18:12 UTC 2019
auto.tcl: Setting watchdog for 200 seconds at Fri Aug 09 05:18:12 UTC 2019
2 ms. Memory: 51200K Free: 31997K (62%)
ptolemy.util.test.WatchDog.cancel(): canceling Fri Aug 09 05:18:12 UTC 2019
------------------ testing $PTII/ptolemy/domains/de/test/auto/Modal1.xml
auto.tcl: Setting watchdog for 200 seconds at Fri Aug 09 05:18:12 UTC 2019
12 ms. Memory: 51200K Free: 24543K (48%)
ptolemy.util.test.WatchDog.cancel(): canceling Fri Aug 09 05:18:12 UTC 2019
auto.tcl: Setting watchdog for 200 seconds at Fri Aug 09 05:18:12 UTC 2019
12 ms. Memory: 51200K Free: 21130K (41%)
ptolemy.util.test.WatchDog.cancel(): canceling Fri Aug 09 05:18:12 UTC 2019
------------------ testing $PTII/ptolemy/domains/de/test/auto/Modal2.xml
auto.tcl: Setting watchdog for 200 seconds at Fri Aug 09 05:18:12 UTC 2019
17 ms. Memory: 51200K Free: 24645K (48%)
ptolemy.util.test.WatchDog.cancel(): canceling Fri Aug 09 05:18:12 UTC 2019
auto.tcl: Setting watchdog for 200 seconds at Fri Aug 09 05:18:12 UTC 2019
19 ms. Memory: 51200K Free: 21398K (42%)
ptolemy.util.test.WatchDog.cancel(): canceling Fri Aug 09 05:18:12 UTC 2019
------------------ testing $PTII/ptolemy/domains/de/test/auto/Modal3.xml
auto.tcl: Setting watchdog for 200 seconds at Fri Aug 09 05:18:12 UTC 2019
20 ms. Memory: 51200K Free: 24371K (48%)
ptolemy.util.test.WatchDog.cancel(): canceling Fri Aug 09 05:18:12 UTC 2019
auto.tcl: Setting watchdog for 200 seconds at Fri Aug 09 05:18:12 UTC 2019
13 ms. Memory: 51200K Free: 21417K (42%)
ptolemy.util.test.WatchDog.cancel(): canceling Fri Aug 09 05:18:12 UTC 2019
------------------ testing $PTII/ptolemy/domains/de/test/auto/Modal4.xml
auto.tcl: Setting watchdog for 200 seconds at Fri Aug 09 05:18:12 UTC 2019
29 ms. Memory: 48128K Free: 20285K (42%)
ptolemy.util.test.WatchDog.cancel(): canceling Fri Aug 09 05:18:12 UTC 2019
auto.tcl: Setting watchdog for 200 seconds at Fri Aug 09 05:18:12 UTC 2019
29 ms. Memory: 48128K Free: 16328K (34%)
ptolemy.util.test.WatchDog.cancel(): canceling Fri Aug 09 05:18:12 UTC 2019
------------------ testing $PTII/ptolemy/domains/de/test/auto/Modal5.xml
auto.tcl: Setting watchdog for 200 seconds at Fri Aug 09 05:18:12 UTC 2019
16 ms. Memory: 48128K Free: 20507K (43%)
ptolemy.util.test.WatchDog.cancel(): canceling Fri Aug 09 05:18:12 UTC 2019
auto.tcl: Setting watchdog for 200 seconds at Fri Aug 09 05:18:12 UTC 2019
13 ms. Memory: 48128K Free: 16676K (35%)
ptolemy.util.test.WatchDog.cancel(): canceling Fri Aug 09 05:18:12 UTC 2019
------------------ testing $PTII/ptolemy/domains/de/test/auto/Modal6.xml
auto.tcl: Setting watchdog for 200 seconds at Fri Aug 09 05:18:12 UTC 2019
20 ms. Memory: 48128K Free: 21316K (44%)
ptolemy.util.test.WatchDog.cancel(): canceling Fri Aug 09 05:18:12 UTC 2019
auto.tcl: Setting watchdog for 200 seconds at Fri Aug 09 05:18:12 UTC 2019
15 ms. Memory: 48128K Free: 17332K (36%)
ptolemy.util.test.WatchDog.cancel(): canceling Fri Aug 09 05:18:12 UTC 2019
------------------ testing $PTII/ptolemy/domains/de/test/auto/Modal7.xml
auto.tcl: Setting watchdog for 200 seconds at Fri Aug 09 05:18:12 UTC 2019
11 ms. Memory: 48128K Free: 20319K (42%)
ptolemy.util.test.WatchDog.cancel(): canceling Fri Aug 09 05:18:13 UTC 2019
auto.tcl: Setting watchdog for 200 seconds at Fri Aug 09 05:18:13 UTC 2019
15 ms. Memory: 48128K Free: 16676K (35%)
ptolemy.util.test.WatchDog.cancel(): canceling Fri Aug 09 05:18:13 UTC 2019
------------------ testing $PTII/ptolemy/domains/de/test/auto/ModalModel.xml
auto.tcl: Setting watchdog for 200 seconds at Fri Aug 09 05:18:13 UTC 2019
267 ms. Memory: 67584K Free: 47126K (70%)
ptolemy.util.test.WatchDog.cancel(): canceling Fri Aug 09 05:18:13 UTC 2019
auto.tcl: Setting watchdog for 200 seconds at Fri Aug 09 05:18:13 UTC 2019
209 ms. Memory: 67584K Free: 47511K (70%)
ptolemy.util.test.WatchDog.cancel(): canceling Fri Aug 09 05:18:13 UTC 2019
------------------ testing $PTII/ptolemy/domains/de/test/auto/ModalSource.xml
auto.tcl: Setting watchdog for 200 seconds at Fri Aug 09 05:18:13 UTC 2019
7 ms. Memory: 55296K Free: 31990K (58%)
ptolemy.util.test.WatchDog.cancel(): canceling Fri Aug 09 05:18:13 UTC 2019
auto.tcl: Setting watchdog for 200 seconds at Fri Aug 09 05:18:13 UTC 2019
6 ms. Memory: 55296K Free: 29999K (54%)
ptolemy.util.test.WatchDog.cancel(): canceling Fri Aug 09 05:18:13 UTC 2019
------------------ testing $PTII/ptolemy/domains/de/test/auto/NonInterruptibleTimerZeroDelay.xml
auto.tcl: Setting watchdog for 200 seconds at Fri Aug 09 05:18:13 UTC 2019
4 ms. Memory: 48128K Free: 30337K (63%)
ptolemy.util.test.WatchDog.cancel(): canceling Fri Aug 09 05:18:13 UTC 2019
auto.tcl: Setting watchdog for 200 seconds at Fri Aug 09 05:18:13 UTC 2019
3 ms. Memory: 48128K Free: 29643K (62%)
ptolemy.util.test.WatchDog.cancel(): canceling Fri Aug 09 05:18:13 UTC 2019
------------------ testing $PTII/ptolemy/domains/de/test/auto/OpenQueueingNetwork.xml
auto.tcl: Setting watchdog for 200 seconds at Fri Aug 09 05:18:13 UTC 2019
3276 ms. Memory: 106496K Free: 52419K (49%)
ptolemy.util.test.WatchDog.cancel(): canceling Fri Aug 09 05:18:17 UTC 2019
auto.tcl: Setting watchdog for 200 seconds at Fri Aug 09 05:18:17 UTC 2019
3015 ms. Memory: 159744K Free: 90846K (57%)
ptolemy.util.test.WatchDog.cancel(): canceling Fri Aug 09 05:18:20 UTC 2019
------------------ testing $PTII/ptolemy/domains/de/test/auto/OpenQueuingNetwork.xml
auto.tcl: Setting watchdog for 200 seconds at Fri Aug 09 05:18:20 UTC 2019
293 ms. Memory: 55296K Free: 26413K (48%)
ptolemy.util.test.WatchDog.cancel(): canceling Fri Aug 09 05:18:20 UTC 2019
auto.tcl: Setting watchdog for 200 seconds at Fri Aug 09 05:18:20 UTC 2019
282 ms. Memory: 55296K Free: 36043K (65%)
ptolemy.util.test.WatchDog.cancel(): canceling Fri Aug 09 05:18:21 UTC 2019
------------------ testing $PTII/ptolemy/domains/de/test/auto/PeriodicSampler.xml
auto.tcl: Setting watchdog for 200 seconds at Fri Aug 09 05:18:21 UTC 2019
3 ms. Memory: 51200K Free: 32560K (64%)
ptolemy.util.test.WatchDog.cancel(): canceling Fri Aug 09 05:18:21 UTC 2019
auto.tcl: Setting watchdog for 200 seconds at Fri Aug 09 05:18:21 UTC 2019
2 ms. Memory: 51200K Free: 32040K (63%)
ptolemy.util.test.WatchDog.cancel(): canceling Fri Aug 09 05:18:21 UTC 2019
------------------ testing $PTII/ptolemy/domains/de/test/auto/PersistentIO.xml
auto.tcl: Setting watchdog for 200 seconds at Fri Aug 09 05:18:21 UTC 2019
18 ms. Memory: 48128K Free: 24412K (51%)
ptolemy.util.test.WatchDog.cancel(): canceling Fri Aug 09 05:18:21 UTC 2019
auto.tcl: Setting watchdog for 200 seconds at Fri Aug 09 05:18:21 UTC 2019
4 ms. Memory: 48128K Free: 22937K (48%)
ptolemy.util.test.WatchDog.cancel(): canceling Fri Aug 09 05:18:21 UTC 2019
------------------ testing $PTII/ptolemy/domains/de/test/auto/PortParameterResetOnInitialize.xml
auto.tcl: Setting watchdog for 200 seconds at Fri Aug 09 05:18:21 UTC 2019
2 ms. Memory: 48128K Free: 29399K (61%)
ptolemy.util.test.WatchDog.cancel(): canceling Fri Aug 09 05:18:21 UTC 2019
auto.tcl: Setting watchdog for 200 seconds at Fri Aug 09 05:18:21 UTC 2019
2 ms. Memory: 48128K Free: 28903K (60%)
ptolemy.util.test.WatchDog.cancel(): canceling Fri Aug 09 05:18:21 UTC 2019
------------------ testing $PTII/ptolemy/domains/de/test/auto/PortParameterUpdates.xml
auto.tcl: Setting watchdog for 200 seconds at Fri Aug 09 05:18:21 UTC 2019
5 ms. Memory: 48128K Free: 27495K (57%)
ptolemy.util.test.WatchDog.cancel(): canceling Fri Aug 09 05:18:21 UTC 2019
auto.tcl: Setting watchdog for 200 seconds at Fri Aug 09 05:18:21 UTC 2019
6 ms. Memory: 48128K Free: 25995K (54%)
ptolemy.util.test.WatchDog.cancel(): canceling Fri Aug 09 05:18:21 UTC 2019
------------------ testing $PTII/ptolemy/domains/de/test/auto/QueueAndServer.xml
auto.tcl: Setting watchdog for 200 seconds at Fri Aug 09 05:18:21 UTC 2019
10 ms. Memory: 48128K Free: 26414K (55%)
ptolemy.util.test.WatchDog.cancel(): canceling Fri Aug 09 05:18:21 UTC 2019
auto.tcl: Setting watchdog for 200 seconds at Fri Aug 09 05:18:21 UTC 2019
7 ms. Memory: 48128K Free: 24948K (52%)
ptolemy.util.test.WatchDog.cancel(): canceling Fri Aug 09 05:18:21 UTC 2019
------------------ testing $PTII/ptolemy/domains/de/test/auto/Records.xml
auto.tcl: Setting watchdog for 200 seconds at Fri Aug 09 05:18:21 UTC 2019
5 ms. Memory: 48128K Free: 28939K (60%)
ptolemy.util.test.WatchDog.cancel(): canceling Fri Aug 09 05:18:21 UTC 2019
auto.tcl: Setting watchdog for 200 seconds at Fri Aug 09 05:18:21 UTC 2019
3 ms. Memory: 48128K Free: 28437K (59%)
ptolemy.util.test.WatchDog.cancel(): canceling Fri Aug 09 05:18:21 UTC 2019
------------------ testing $PTII/ptolemy/domains/de/test/auto/ResetTransitionWithStartTime1.xml
auto.tcl: Setting watchdog for 200 seconds at Fri Aug 09 05:18:21 UTC 2019
6 ms. Memory: 48128K Free: 25897K (54%)
ptolemy.util.test.WatchDog.cancel(): canceling Fri Aug 09 05:18:21 UTC 2019
auto.tcl: Setting watchdog for 200 seconds at Fri Aug 09 05:18:21 UTC 2019
7 ms. Memory: 48128K Free: 23387K (49%)
ptolemy.util.test.WatchDog.cancel(): canceling Fri Aug 09 05:18:21 UTC 2019
------------------ testing $PTII/ptolemy/domains/de/test/auto/ResetTransitionWithStartTime2.xml
auto.tcl: Setting watchdog for 200 seconds at Fri Aug 09 05:18:21 UTC 2019
5 ms. Memory: 48128K Free: 25851K (54%)
ptolemy.util.test.WatchDog.cancel(): canceling Fri Aug 09 05:18:21 UTC 2019
auto.tcl: Setting watchdog for 200 seconds at Fri Aug 09 05:18:21 UTC 2019
7 ms. Memory: 48128K Free: 23328K (48%)
ptolemy.util.test.WatchDog.cancel(): canceling Fri Aug 09 05:18:21 UTC 2019
------------------ testing $PTII/ptolemy/domains/de/test/auto/ResetTransitionWithStartTime3.xml
auto.tcl: Setting watchdog for 200 seconds at Fri Aug 09 05:18:21 UTC 2019
11 ms. Memory: 48128K Free: 25850K (54%)
ptolemy.util.test.WatchDog.cancel(): canceling Fri Aug 09 05:18:21 UTC 2019
auto.tcl: Setting watchdog for 200 seconds at Fri Aug 09 05:18:21 UTC 2019
7 ms. Memory: 48128K Free: 23340K (48%)
ptolemy.util.test.WatchDog.cancel(): canceling Fri Aug 09 05:18:21 UTC 2019
------------------ testing $PTII/ptolemy/domains/de/test/auto/ResetTransitionWithStartTime4.xml
auto.tcl: Setting watchdog for 200 seconds at Fri Aug 09 05:18:22 UTC 2019
10 ms. Memory: 48128K Free: 26280K (55%)
ptolemy.util.test.WatchDog.cancel(): canceling Fri Aug 09 05:18:22 UTC 2019
auto.tcl: Setting watchdog for 200 seconds at Fri Aug 09 05:18:22 UTC 2019
4 ms. Memory: 48128K Free: 24878K (52%)
ptolemy.util.test.WatchDog.cancel(): canceling Fri Aug 09 05:18:22 UTC 2019
------------------ testing $PTII/ptolemy/domains/de/test/auto/ResettableTimer1.xml
auto.tcl: Setting watchdog for 200 seconds at Fri Aug 09 05:18:22 UTC 2019
4 ms. Memory: 48128K Free: 30315K (63%)
ptolemy.util.test.WatchDog.cancel(): canceling Fri Aug 09 05:18:22 UTC 2019
auto.tcl: Setting watchdog for 200 seconds at Fri Aug 09 05:18:22 UTC 2019
3 ms. Memory: 48128K Free: 29443K (61%)
ptolemy.util.test.WatchDog.cancel(): canceling Fri Aug 09 05:18:22 UTC 2019
------------------ testing $PTII/ptolemy/domains/de/test/auto/ResettableTimer2.xml
auto.tcl: Setting watchdog for 200 seconds at Fri Aug 09 05:18:22 UTC 2019
2 ms. Memory: 48128K Free: 30114K (63%)
ptolemy.util.test.WatchDog.cancel(): canceling Fri Aug 09 05:18:22 UTC 2019
auto.tcl: Setting watchdog for 200 seconds at Fri Aug 09 05:18:22 UTC 2019
2 ms. Memory: 48128K Free: 29026K (60%)
ptolemy.util.test.WatchDog.cancel(): canceling Fri Aug 09 05:18:22 UTC 2019
------------------ testing $PTII/ptolemy/domains/de/test/auto/ResettableTimer3.xml
auto.tcl: Setting watchdog for 200 seconds at Fri Aug 09 05:18:22 UTC 2019
1 ms. Memory: 48128K Free: 29982K (62%)
ptolemy.util.test.WatchDog.cancel(): canceling Fri Aug 09 05:18:22 UTC 2019
auto.tcl: Setting watchdog for 200 seconds at Fri Aug 09 05:18:22 UTC 2019
1 ms. Memory: 48128K Free: 29980K (62%)
ptolemy.util.test.WatchDog.cancel(): canceling Fri Aug 09 05:18:22 UTC 2019
------------------ testing $PTII/ptolemy/domains/de/test/auto/ResettableTimer4.xml
auto.tcl: Setting watchdog for 200 seconds at Fri Aug 09 05:18:22 UTC 2019
2 ms. Memory: 48128K Free: 30016K (62%)
ptolemy.util.test.WatchDog.cancel(): canceling Fri Aug 09 05:18:22 UTC 2019
auto.tcl: Setting watchdog for 200 seconds at Fri Aug 09 05:18:22 UTC 2019
1 ms. Memory: 48128K Free: 29520K (61%)
ptolemy.util.test.WatchDog.cancel(): canceling Fri Aug 09 05:18:22 UTC 2019
------------------ testing $PTII/ptolemy/domains/de/test/auto/ResettableTimer5.xml
auto.tcl: Setting watchdog for 200 seconds at Fri Aug 09 05:18:22 UTC 2019
3 ms. Memory: 48128K Free: 29466K (61%)
ptolemy.util.test.WatchDog.cancel(): canceling Fri Aug 09 05:18:22 UTC 2019
auto.tcl: Setting watchdog for 200 seconds at Fri Aug 09 05:18:22 UTC 2019
2 ms. Memory: 48128K Free: 28988K (60%)
ptolemy.util.test.WatchDog.cancel(): canceling Fri Aug 09 05:18:22 UTC 2019
------------------ testing $PTII/ptolemy/domains/de/test/auto/ResettableTimer6.xml
auto.tcl: Setting watchdog for 200 seconds at Fri Aug 09 05:18:22 UTC 2019
1 ms. Memory: 48128K Free: 29456K (61%)
ptolemy.util.test.WatchDog.cancel(): canceling Fri Aug 09 05:18:22 UTC 2019
auto.tcl: Setting watchdog for 200 seconds at Fri Aug 09 05:18:22 UTC 2019
2 ms. Memory: 48128K Free: 28960K (60%)
ptolemy.util.test.WatchDog.cancel(): canceling Fri Aug 09 05:18:22 UTC 2019
------------------ testing $PTII/ptolemy/domains/de/test/auto/ServerZeroDelay.xml
auto.tcl: Setting watchdog for 200 seconds at Fri Aug 09 05:18:22 UTC 2019
3 ms. Memory: 48128K Free: 29975K (62%)
ptolemy.util.test.WatchDog.cancel(): canceling Fri Aug 09 05:18:22 UTC 2019
auto.tcl: Setting watchdog for 200 seconds at Fri Aug 09 05:18:22 UTC 2019
3 ms. Memory: 48128K Free: 29023K (60%)
ptolemy.util.test.WatchDog.cancel(): canceling Fri Aug 09 05:18:22 UTC 2019
------------------ testing $PTII/ptolemy/domains/de/test/auto/SmartSender.xml
auto.tcl: Setting watchdog for 200 seconds at Fri Aug 09 05:18:22 UTC 2019
3001 ms. Memory: 48128K Free: 29990K (62%)
ptolemy.util.test.WatchDog.cancel(): canceling Fri Aug 09 05:18:25 UTC 2019
auto.tcl: Setting watchdog for 200 seconds at Fri Aug 09 05:18:25 UTC 2019
3002 ms. Memory: 48128K Free: 29494K (61%)
ptolemy.util.test.WatchDog.cancel(): canceling Fri Aug 09 05:18:28 UTC 2019
------------------ testing $PTII/ptolemy/domains/de/test/auto/ThreadedComposite.xml
auto.tcl: Setting watchdog for 200 seconds at Fri Aug 09 05:18:28 UTC 2019
248 ms. Memory: 48128K Free: 10527K (22%)
ptolemy.util.test.WatchDog.cancel(): canceling Fri Aug 09 05:18:29 UTC 2019
auto.tcl: Setting watchdog for 200 seconds at Fri Aug 09 05:18:29 UTC 2019
137 ms. Memory: 48128K Free: 23887K (50%)
ptolemy.util.test.WatchDog.cancel(): canceling Fri Aug 09 05:18:29 UTC 2019
------------------ testing $PTII/ptolemy/domains/de/test/auto/Time.xml
auto.tcl: Setting watchdog for 200 seconds at Fri Aug 09 05:18:29 UTC 2019
626 ms. Memory: 48128K Free: 31200K (65%)
ptolemy.util.test.WatchDog.cancel(): canceling Fri Aug 09 05:18:29 UTC 2019
auto.tcl: Setting watchdog for 200 seconds at Fri Aug 09 05:18:29 UTC 2019
627 ms. Memory: 48128K Free: 31816K (66%)
ptolemy.util.test.WatchDog.cancel(): canceling Fri Aug 09 05:18:30 UTC 2019
------------------ testing $PTII/ptolemy/domains/de/test/auto/TimeDelayZeroDelay.xml
auto.tcl: Setting watchdog for 200 seconds at Fri Aug 09 05:18:30 UTC 2019
3 ms. Memory: 48128K Free: 30379K (63%)
ptolemy.util.test.WatchDog.cancel(): canceling Fri Aug 09 05:18:30 UTC 2019
auto.tcl: Setting watchdog for 200 seconds at Fri Aug 09 05:18:30 UTC 2019
2 ms. Memory: 48128K Free: 29483K (61%)
ptolemy.util.test.WatchDog.cancel(): canceling Fri Aug 09 05:18:30 UTC 2019
------------------ testing $PTII/ptolemy/domains/de/test/auto/TimerZeroDelay.xml
auto.tcl: Setting watchdog for 200 seconds at Fri Aug 09 05:18:30 UTC 2019
3 ms. Memory: 48128K Free: 30421K (63%)
ptolemy.util.test.WatchDog.cancel(): canceling Fri Aug 09 05:18:30 UTC 2019
auto.tcl: Setting watchdog for 200 seconds at Fri Aug 09 05:18:30 UTC 2019
2 ms. Memory: 48128K Free: 29941K (62%)
ptolemy.util.test.WatchDog.cancel(): canceling Fri Aug 09 05:18:30 UTC 2019
------------------ testing $PTII/ptolemy/domains/de/test/auto/TimingParadox.xml
auto.tcl: Setting watchdog for 200 seconds at Fri Aug 09 05:18:30 UTC 2019
466 ms. Memory: 48128K Free: 12992K (27%)
ptolemy.util.test.WatchDog.cancel(): canceling Fri Aug 09 05:18:31 UTC 2019
auto.tcl: Setting watchdog for 200 seconds at Fri Aug 09 05:18:31 UTC 2019
444 ms. Memory: 48128K Free: 26323K (55%)
ptolemy.util.test.WatchDog.cancel(): canceling Fri Aug 09 05:18:31 UTC 2019
------------------ testing $PTII/ptolemy/domains/de/test/auto/TransferInputs.xml
auto.tcl: Setting watchdog for 200 seconds at Fri Aug 09 05:18:31 UTC 2019
1 ms. Memory: 48128K Free: 28409K (59%)
ptolemy.util.test.WatchDog.cancel(): canceling Fri Aug 09 05:18:31 UTC 2019
auto.tcl: Setting watchdog for 200 seconds at Fri Aug 09 05:18:31 UTC 2019
2 ms. Memory: 48128K Free: 27554K (57%)
ptolemy.util.test.WatchDog.cancel(): canceling Fri Aug 09 05:18:31 UTC 2019
------------------ testing $PTII/ptolemy/domains/de/test/auto/TransferOutputs2.xml
auto.tcl: Setting watchdog for 200 seconds at Fri Aug 09 05:18:31 UTC 2019
3 ms. Memory: 48128K Free: 25852K (54%)
ptolemy.util.test.WatchDog.cancel(): canceling Fri Aug 09 05:18:31 UTC 2019
auto.tcl: Setting watchdog for 200 seconds at Fri Aug 09 05:18:31 UTC 2019
3 ms. Memory: 48128K Free: 24454K (51%)
ptolemy.util.test.WatchDog.cancel(): canceling Fri Aug 09 05:18:31 UTC 2019
------------------ testing $PTII/ptolemy/domains/de/test/auto/Trilateration.xml
auto.tcl: Setting watchdog for 200 seconds at Fri Aug 09 05:18:31 UTC 2019
14873 ms. Memory: 563200K Free: 332876K (59%)
ptolemy.util.test.WatchDog.cancel(): canceling Fri Aug 09 05:18:48 UTC 2019
auto.tcl: Setting watchdog for 200 seconds at Fri Aug 09 05:18:48 UTC 2019
11549 ms. Memory: 563200K Free: 364541K (65%)
ptolemy.util.test.WatchDog.cancel(): canceling Fri Aug 09 05:18:59 UTC 2019
------------------ testing $PTII/ptolemy/domains/de/test/auto/TwoSigmaDelta.xml
auto.tcl: Setting watchdog for 200 seconds at Fri Aug 09 05:18:59 UTC 2019
2740 ms. Memory: 89088K Free: 61840K (69%)
ptolemy.util.test.WatchDog.cancel(): canceling Fri Aug 09 05:19:02 UTC 2019
auto.tcl: Setting watchdog for 200 seconds at Fri Aug 09 05:19:02 UTC 2019
2106 ms. Memory: 89088K Free: 52667K (59%)
ptolemy.util.test.WatchDog.cancel(): canceling Fri Aug 09 05:19:04 UTC 2019
------------------ testing $PTII/ptolemy/domains/de/test/auto/VariableDelay.xml
auto.tcl: Setting watchdog for 200 seconds at Fri Aug 09 05:19:04 UTC 2019
4 ms. Memory: 51200K Free: 31955K (62%)
ptolemy.util.test.WatchDog.cancel(): canceling Fri Aug 09 05:19:04 UTC 2019
auto.tcl: Setting watchdog for 200 seconds at Fri Aug 09 05:19:04 UTC 2019
2 ms. Memory: 51200K Free: 30961K (60%)
ptolemy.util.test.WatchDog.cancel(): canceling Fri Aug 09 05:19:04 UTC 2019
------------------ testing $PTII/ptolemy/domains/de/test/auto/VariableDelay2.xml
auto.tcl: Setting watchdog for 200 seconds at Fri Aug 09 05:19:04 UTC 2019
9 ms. Memory: 51200K Free: 32369K (63%)
ptolemy.util.test.WatchDog.cancel(): canceling Fri Aug 09 05:19:04 UTC 2019
auto.tcl: Setting watchdog for 200 seconds at Fri Aug 09 05:19:04 UTC 2019
2 ms. Memory: 51200K Free: 31873K (62%)
ptolemy.util.test.WatchDog.cancel(): canceling Fri Aug 09 05:19:04 UTC 2019
------------------ testing $PTII/ptolemy/domains/de/test/auto/VariableDelayZeroDelay.xml
auto.tcl: Setting watchdog for 200 seconds at Fri Aug 09 05:19:04 UTC 2019
2 ms. Memory: 51200K Free: 32897K (64%)
ptolemy.util.test.WatchDog.cancel(): canceling Fri Aug 09 05:19:04 UTC 2019
auto.tcl: Setting watchdog for 200 seconds at Fri Aug 09 05:19:04 UTC 2019
2 ms. Memory: 51200K Free: 32353K (63%)
ptolemy.util.test.WatchDog.cancel(): canceling Fri Aug 09 05:19:04 UTC 2019
------------------ testing $PTII/ptolemy/domains/de/test/auto/VariableDelayZeroDelay2.xml
auto.tcl: Setting watchdog for 200 seconds at Fri Aug 09 05:19:04 UTC 2019
2 ms. Memory: 51200K Free: 32896K (64%)
ptolemy.util.test.WatchDog.cancel(): canceling Fri Aug 09 05:19:04 UTC 2019
auto.tcl: Setting watchdog for 200 seconds at Fri Aug 09 05:19:04 UTC 2019
1 ms. Memory: 51200K Free: 31872K (62%)
ptolemy.util.test.WatchDog.cancel(): canceling Fri Aug 09 05:19:04 UTC 2019
------------------ testing $PTII/ptolemy/domains/de/test/auto/deInCt.xml
auto.tcl: Setting watchdog for 200 seconds at Fri Aug 09 05:19:04 UTC 2019
0
1
1
0
0
1
1
1
1
0
0
0
1
1
1
0
0
0
1
1
1
0
0
0
1
1
1
1
0
0
0
1
1
1
0
0
0
1
1
0
0
0
0
0
18 ms. Memory: 51200K Free: 31869K (62%)
ptolemy.util.test.WatchDog.cancel(): canceling Fri Aug 09 05:19:05 UTC 2019
auto.tcl: Setting watchdog for 200 seconds at Fri Aug 09 05:19:05 UTC 2019
0
1
1
1
0
0
0
1
1
1
0
0
0
1
1
1
0
0
0
0
0
0
1
1
1
1
0
0
1
1
1
0
0
0
1
1
1
0
0
0
1
1
1
1
8 ms. Memory: 51200K Free: 30331K (59%)
ptolemy.util.test.WatchDog.cancel(): canceling Fri Aug 09 05:19:05 UTC 2019
------------------ testing $PTII/ptolemy/domains/de/test/auto/deInCt2.xml
auto.tcl: Setting watchdog for 200 seconds at Fri Aug 09 05:19:05 UTC 2019
0
1
1
1
0
0
1
1
1
0
0
1
1
1
0
0
1
1
1
0
0
1
1
1
0
0
1
1
1
0
0
1
1
1
0
0
1
1
1
0
0
0
9 ms. Memory: 51200K Free: 31871K (62%)
ptolemy.util.test.WatchDog.cancel(): canceling Fri Aug 09 05:19:05 UTC 2019
auto.tcl: Setting watchdog for 200 seconds at Fri Aug 09 05:19:05 UTC 2019
0
1
1
1
0
0
1
1
1
0
0
1
1
1
0
0
1
1
1
0
0
1
1
1
0
0
1
1
1
0
0
1
1
1
0
0
1
1
1
0
0
0
6 ms. Memory: 51200K Free: 30319K (59%)
ptolemy.util.test.WatchDog.cancel(): canceling Fri Aug 09 05:19:05 UTC 2019
------------------ testing $PTII/ptolemy/domains/de/test/auto/dynamicCausalityInterface1.xml
auto.tcl: Setting watchdog for 200 seconds at Fri Aug 09 05:19:05 UTC 2019
1 ms. Memory: 51200K Free: 27769K (54%)
ptolemy.util.test.WatchDog.cancel(): canceling Fri Aug 09 05:19:05 UTC 2019
auto.tcl: Setting watchdog for 200 seconds at Fri Aug 09 05:19:05 UTC 2019
1 ms. Memory: 51200K Free: 27255K (53%)
ptolemy.util.test.WatchDog.cancel(): canceling Fri Aug 09 05:19:05 UTC 2019
------------------ testing $PTII/ptolemy/domains/de/test/auto/fsm_de_test.xml
auto.tcl: Setting watchdog for 200 seconds at Fri Aug 09 05:19:05 UTC 2019
9 ms. Memory: 51200K Free: 27668K (54%)
ptolemy.util.test.WatchDog.cancel(): canceling Fri Aug 09 05:19:05 UTC 2019
auto.tcl: Setting watchdog for 200 seconds at Fri Aug 09 05:19:05 UTC 2019
10 ms. Memory: 51200K Free: 25620K (50%)
ptolemy.util.test.WatchDog.cancel(): canceling Fri Aug 09 05:19:05 UTC 2019
------------------ testing $PTII/ptolemy/domains/de/test/auto/functionDependencyReconstruction.xml
auto.tcl: Setting watchdog for 200 seconds at Fri Aug 09 05:19:05 UTC 2019
3 ms. Memory: 51200K Free: 21514K (42%)
ptolemy.util.test.WatchDog.cancel(): canceling Fri Aug 09 05:19:05 UTC 2019
auto.tcl: Setting watchdog for 200 seconds at Fri Aug 09 05:19:05 UTC 2019
3 ms. Memory: 51200K Free: 19466K (38%)
ptolemy.util.test.WatchDog.cancel(): canceling Fri Aug 09 05:19:05 UTC 2019
------------------ testing $PTII/ptolemy/domains/de/test/auto/multirate.xml
auto.tcl: Setting watchdog for 200 seconds at Fri Aug 09 05:19:05 UTC 2019
3 ms. Memory: 51200K Free: 30116K (59%)
ptolemy.util.test.WatchDog.cancel(): canceling Fri Aug 09 05:19:05 UTC 2019
auto.tcl: Setting watchdog for 200 seconds at Fri Aug 09 05:19:05 UTC 2019
3 ms. Memory: 51200K Free: 28596K (56%)
ptolemy.util.test.WatchDog.cancel(): canceling Fri Aug 09 05:19:05 UTC 2019
------------------ testing $PTII/ptolemy/domains/de/test/auto/multirate2.xml
auto.tcl: Setting watchdog for 200 seconds at Fri Aug 09 05:19:05 UTC 2019
3 ms. Memory: 51200K Free: 30298K (59%)
ptolemy.util.test.WatchDog.cancel(): canceling Fri Aug 09 05:19:05 UTC 2019
auto.tcl: Setting watchdog for 200 seconds at Fri Aug 09 05:19:05 UTC 2019
3 ms. Memory: 51200K Free: 28778K (56%)
ptolemy.util.test.WatchDog.cancel(): canceling Fri Aug 09 05:19:05 UTC 2019
------------------ testing $PTII/ptolemy/domains/de/test/auto/realtime.xml
auto.tcl: Setting watchdog for 200 seconds at Fri Aug 09 05:19:05 UTC 2019
10001 ms. Memory: 51200K Free: 32572K (64%)
ptolemy.util.test.WatchDog.cancel(): canceling Fri Aug 09 05:19:15 UTC 2019
auto.tcl: Setting watchdog for 200 seconds at Fri Aug 09 05:19:15 UTC 2019
10003 ms. Memory: 51200K Free: 31847K (62%)
ptolemy.util.test.WatchDog.cancel(): canceling Fri Aug 09 05:19:25 UTC 2019
------------------ testing $PTII/ptolemy/domains/de/test/auto/relationGroup.xml
auto.tcl: Setting watchdog for 200 seconds at Fri Aug 09 05:19:25 UTC 2019
1 ms. Memory: 51200K Free: 33622K (66%)
ptolemy.util.test.WatchDog.cancel(): canceling Fri Aug 09 05:19:25 UTC 2019
auto.tcl: Setting watchdog for 200 seconds at Fri Aug 09 05:19:25 UTC 2019
1 ms. Memory: 51200K Free: 33110K (65%)
ptolemy.util.test.WatchDog.cancel(): canceling Fri Aug 09 05:19:25 UTC 2019
------------------ testing $PTII/ptolemy/domains/de/test/auto/relationGroup2.xml
auto.tcl: Setting watchdog for 200 seconds at Fri Aug 09 05:19:25 UTC 2019
2 ms. Memory: 51200K Free: 33434K (65%)
ptolemy.util.test.WatchDog.cancel(): canceling Fri Aug 09 05:19:25 UTC 2019
auto.tcl: Setting watchdog for 200 seconds at Fri Aug 09 05:19:25 UTC 2019
2 ms. Memory: 51200K Free: 32924K (64%)
ptolemy.util.test.WatchDog.cancel(): canceling Fri Aug 09 05:19:25 UTC 2019
------------------ testing $PTII/ptolemy/domains/de/test/auto/sortWithOpaquePorts.xml
auto.tcl: Setting watchdog for 200 seconds at Fri Aug 09 05:19:25 UTC 2019
2 ms. Memory: 48128K Free: 29338K (61%)
ptolemy.util.test.WatchDog.cancel(): canceling Fri Aug 09 05:19:25 UTC 2019
auto.tcl: Setting watchdog for 200 seconds at Fri Aug 09 05:19:25 UTC 2019
2 ms. Memory: 48128K Free: 27804K (58%)
ptolemy.util.test.WatchDog.cancel(): canceling Fri Aug 09 05:19:25 UTC 2019
------------------ testing $PTII/ptolemy/domains/de/test/auto/transferInputsandOutputs.xml
auto.tcl: Setting watchdog for 200 seconds at Fri Aug 09 05:19:25 UTC 2019
2 ms. Memory: 48128K Free: 26767K (56%)
ptolemy.util.test.WatchDog.cancel(): canceling Fri Aug 09 05:19:25 UTC 2019
auto.tcl: Setting watchdog for 200 seconds at Fri Aug 09 05:19:25 UTC 2019
2 ms. Memory: 48128K Free: 25771K (54%)
ptolemy.util.test.WatchDog.cancel(): canceling Fri Aug 09 05:19:25 UTC 2019
------------------ testing $PTII/ptolemy/domains/de/test/auto/triggerType.xml
auto.tcl: Setting watchdog for 200 seconds at Fri Aug 09 05:19:25 UTC 2019
2 ms. Memory: 48128K Free: 29792K (62%)
ptolemy.util.test.WatchDog.cancel(): canceling Fri Aug 09 05:19:25 UTC 2019
auto.tcl: Setting watchdog for 200 seconds at Fri Aug 09 05:19:25 UTC 2019
1 ms. Memory: 48128K Free: 28768K (60%)
ptolemy.util.test.WatchDog.cancel(): canceling Fri Aug 09 05:19:25 UTC 2019
08/09/19 05:19:26
Failed: 0  Total Tests: 192  ((Passed: 187, Newly Passed: 1)  Known Failed: 5) /home/travis/build/icyphy/ptII/ptolemy/domains/de/test
08/09/19 05:19:26
Failed: 0  Total Tests: 192  ((Passed: 187, Newly Passed: 1)  Known Failed: 5) /home/travis/build/icyphy/ptII/ptolemy/domains/de/test
----------------- testing (KnownFailure) /home/travis/build/icyphy/ptII/ptolemy/domains/de/test/auto/knownFailedTests/DESDFClockTest.xml
2009 ms. Memory: 48128K Free: 22677K (47%)
Known Failure: java.lang.reflect.InvocationTargetException
----------------- testing (KnownFailure) /home/travis/build/icyphy/ptII/ptolemy/domains/de/test/auto/knownFailedTests/DirectFeedback.xml
1 ms. Memory: 48128K Free: 19091K (40%)
Known Failure: java.lang.reflect.InvocationTargetException
----------------- testing (KnownFailure) /home/travis/build/icyphy/ptII/ptolemy/domains/de/test/auto/knownFailedTests/FSMSource.xml
8 ms. Memory: 48128K Free: 11413K (24%)
----------------- testing (KnownFailure) /home/travis/build/icyphy/ptII/ptolemy/domains/de/test/auto/knownFailedTests/HierarchicalModel.xml
1 ms. Memory: 48128K Free: 22203K (46%)
Known Failure: java.lang.reflect.InvocationTargetException
----------------- testing (KnownFailure) /home/travis/build/icyphy/ptII/ptolemy/domains/de/test/auto/knownFailedTests/dependencyLoop.xml
7 ms. Memory: 48128K Free: 32944K (68%)
Known Failure: java.lang.reflect.InvocationTargetException
----------------- testing (KnownFailure) /home/travis/build/icyphy/ptII/ptolemy/domains/de/test/auto/knownFailedTests/dependencyLoop2.xml
6 ms. Memory: 48128K Free: 17289K (36%)
Known Failure: java.lang.reflect.InvocationTargetException
No auto/linux-amd64/*.xml tests in /home/travis/build/icyphy/ptII/ptolemy/domains/de/test
AutoTests.java: About to close Vertx.
AutoTests.java: Vertx closed.

===========================================================================================
----------------- testing Fri Aug 09 05:19:28 UTC 2019 /home/travis/build/icyphy/ptII/ptolemy/domains/de/test/auto/ActorDepthCalculation_actorWithoutPorts.xml
----------------- Instantiating /home/travis/build/icyphy/ptII/ptolemy/domains/de/test/auto/ActorDepthCalculation_actorWithoutPorts.xml
1 ms. Memory: 48128K Free: 10692K (22%)
----------------- Invoking toplevel() on ptolemy.moml.MoMLSimpleApplication@2549bba1
----------------- Done invoking toplevel() on ptolemy.moml.MoMLSimpleApplication@2549bba1
reloadAllAccessors: .ActorDepthCalculation_actorWithoutPorts

===========================================================================================
----------------- testing Fri Aug 09 05:19:28 UTC 2019 /home/travis/build/icyphy/ptII/ptolemy/domains/de/test/auto/AssemblyLine.xml
----------------- Instantiating /home/travis/build/icyphy/ptII/ptolemy/domains/de/test/auto/AssemblyLine.xml
1 ms. Memory: 48128K Free: 30504K (63%)
----------------- Invoking toplevel() on ptolemy.moml.MoMLSimpleApplication@747f1723
----------------- Done invoking toplevel() on ptolemy.moml.MoMLSimpleApplication@747f1723
reloadAllAccessors: .AssemblyLine

===========================================================================================
----------------- testing Fri Aug 09 05:19:28 UTC 2019 /home/travis/build/icyphy/ptII/ptolemy/domains/de/test/auto/CQBug1.xml
----------------- Instantiating /home/travis/build/icyphy/ptII/ptolemy/domains/de/test/auto/CQBug1.xml
1 ms. Memory: 48128K Free: 27480K (57%)
----------------- Invoking toplevel() on ptolemy.moml.MoMLSimpleApplication@7421e334
----------------- Done invoking toplevel() on ptolemy.moml.MoMLSimpleApplication@7421e334
reloadAllAccessors: .CQBug1

===========================================================================================
----------------- testing Fri Aug 09 05:19:28 UTC 2019 /home/travis/build/icyphy/ptII/ptolemy/domains/de/test/auto/CancelFireAt.xml
----------------- Instantiating /home/travis/build/icyphy/ptII/ptolemy/domains/de/test/auto/CancelFireAt.xml
13 ms. Memory: 48128K Free: 24994K (52%)
----------------- Invoking toplevel() on ptolemy.moml.MoMLSimpleApplication@65c3c18a
----------------- Done invoking toplevel() on ptolemy.moml.MoMLSimpleApplication@65c3c18a
reloadAllAccessors: .CancelFireAt

===========================================================================================
----------------- testing Fri Aug 09 05:19:28 UTC 2019 /home/travis/build/icyphy/ptII/ptolemy/domains/de/test/auto/CausalityAndComposabilityAnalysis.xml
----------------- Instantiating /home/travis/build/icyphy/ptII/ptolemy/domains/de/test/auto/CausalityAndComposabilityAnalysis.xml
2 ms. Memory: 48128K Free: 20909K (43%)
----------------- Invoking toplevel() on ptolemy.moml.MoMLSimpleApplication@6cb816f2
----------------- Done invoking toplevel() on ptolemy.moml.MoMLSimpleApplication@6cb816f2
reloadAllAccessors: .CausalityAndComposabilityAnalysis

===========================================================================================
----------------- testing Fri Aug 09 05:19:28 UTC 2019 /home/travis/build/icyphy/ptII/ptolemy/domains/de/test/auto/CausalityInterface1.xml
----------------- Instantiating /home/travis/build/icyphy/ptII/ptolemy/domains/de/test/auto/CausalityInterface1.xml
5 ms. Memory: 48128K Free: 16176K (34%)
----------------- Invoking toplevel() on ptolemy.moml.MoMLSimpleApplication@6654d54
----------------- Done invoking toplevel() on ptolemy.moml.MoMLSimpleApplication@6654d54
reloadAllAccessors: .CausalityInterface1

===========================================================================================
----------------- testing Fri Aug 09 05:19:28 UTC 2019 /home/travis/build/icyphy/ptII/ptolemy/domains/de/test/auto/CausalityInterface15.xml
----------------- Instantiating /home/travis/build/icyphy/ptII/ptolemy/domains/de/test/auto/CausalityInterface15.xml
1 ms. Memory: 48128K Free: 10691K (22%)
----------------- Invoking toplevel() on ptolemy.moml.MoMLSimpleApplication@36515c6b
----------------- Done invoking toplevel() on ptolemy.moml.MoMLSimpleApplication@36515c6b
reloadAllAccessors: .CausalityInterface15

===========================================================================================
----------------- testing Fri Aug 09 05:19:28 UTC 2019 /home/travis/build/icyphy/ptII/ptolemy/domains/de/test/auto/CausalityInterface2.xml
----------------- Instantiating /home/travis/build/icyphy/ptII/ptolemy/domains/de/test/auto/CausalityInterface2.xml
2 ms. Memory: 48128K Free: 32703K (68%)
[...]
	at ptolemy.actor.Manager.run(Manager.java:1263)
	at ptolemy.actor.Manager$PtolemyRunThread.run(Manager.java:1933)
java.lang.RuntimeException: Execution failed
	at ptolemy.moml.MoMLSimpleApplication$UnloadThread.run(MoMLSimpleApplication.java:402)
Caused by: ptolemy.kernel.util.IllegalActionException: Actor is not ready to fire.  Perhaps UpSample.prefire() returned false? Try debugging the actor by selecting "Listen to Actor".  Also, for SDF check moml for tokenConsumptionRate on input.
  in .DESDFClockTest.Play Bell.Copy1:SDF Director and .DESDFClockTest.Play Bell.UpSample
	at ptolemy.actor.sched.StaticSchedulingDirector.fire(StaticSchedulingDirector.java:227)
	at ptolemy.domains.sdf.kernel.SDFDirector.fire(SDFDirector.java:500)
	at ptolemy.actor.CompositeActor.fire(CompositeActor.java:455)
	at ptolemy.domains.de.kernel.DEDirector._fire(DEDirector.java:1949)
	at ptolemy.domains.de.kernel.DEDirector.fire(DEDirector.java:502)
	at ptolemy.actor.CompositeActor.fire(CompositeActor.java:455)
	at ptolemy.actor.Manager.iterate(Manager.java:851)
	at ptolemy.actor.Manager.execute(Manager.java:369)
	at ptolemy.actor.Manager.run(Manager.java:1263)
	at ptolemy.actor.Manager$PtolemyRunThread.run(Manager.java:1933)
java.lang.reflect.InvocationTargetException
	at java.base/jdk.internal.reflect.NativeConstructorAccessorImpl.newInstance0(Native Method)
	at java.base/jdk.internal.reflect.NativeConstructorAccessorImpl.newInstance(NativeConstructorAccessorImpl.java:62)
	at java.base/jdk.internal.reflect.DelegatingConstructorAccessorImpl.newInstance(DelegatingConstructorAccessorImpl.java:45)
	at java.base/java.lang.reflect.Constructor.newInstance(Constructor.java:490)
	at ptolemy.util.test.junit.AutoKnownFailedTests.RunModel(AutoKnownFailedTests.java:105)
	at java.base/jdk.internal.reflect.NativeMethodAccessorImpl.invoke0(Native Method)
	at java.base/jdk.internal.reflect.NativeMethodAccessorImpl.invoke(NativeMethodAccessorImpl.java:62)
	at java.base/jdk.internal.reflect.DelegatingMethodAccessorImpl.invoke(DelegatingMethodAccessorImpl.java:43)
	at java.base/java.lang.reflect.Method.invoke(Method.java:566)
	at org.junit.runners.model.FrameworkMethod$1.runReflectiveCall(FrameworkMethod.java:44)
	at org.junit.internal.runners.model.ReflectiveCallable.run(ReflectiveCallable.java:15)
	at org.junit.runners.model.FrameworkMethod.invokeExplosively(FrameworkMethod.java:41)
	at junitparams.internal.InvokeParameterisedMethod.evaluate(InvokeParameterisedMethod.java:102)
	at org.junit.internal.runners.statements.FailOnTimeout$1.run(FailOnTimeout.java:28)
Caused by: ptolemy.kernel.util.IllegalActionException: Actor is not ready to fire.  Perhaps UpSample.prefire() returned false? Try debugging the actor by selecting "Listen to Actor".  Also, for SDF check moml for tokenConsumptionRate on input.
  in .DESDFClockTest.Play Bell.Copy1:SDF Director and .DESDFClockTest.Play Bell.UpSample
	at ptolemy.actor.sched.StaticSchedulingDirector.fire(StaticSchedulingDirector.java:227)
	at ptolemy.domains.sdf.kernel.SDFDirector.fire(SDFDirector.java:500)
	at ptolemy.actor.CompositeActor.fire(CompositeActor.java:455)
	at ptolemy.domains.de.kernel.DEDirector._fire(DEDirector.java:1949)
	at ptolemy.domains.de.kernel.DEDirector.fire(DEDirector.java:502)
	at ptolemy.actor.CompositeActor.fire(CompositeActor.java:455)
	at ptolemy.actor.Manager.iterate(Manager.java:851)
	at ptolemy.actor.Manager.execute(Manager.java:369)
	at ptolemy.actor.Manager.run(Manager.java:1263)
	at ptolemy.actor.Manager$PtolemyRunThread.run(Manager.java:1933)
java.lang.RuntimeException: Execution failed
	at ptolemy.moml.MoMLSimpleApplication$UnloadThread.run(MoMLSimpleApplication.java:402)
Caused by: ptolemy.kernel.util.IllegalActionException: Test fails in iteration 1.
Value was: 1.0. Should have been: 2.0
  in .DirectFeedback.Test
	at ptolemy.actor.lib.Test.fire(Test.java:268)
	at ptolemy.domains.de.kernel.DEDirector._fire(DEDirector.java:1949)
	at ptolemy.domains.de.kernel.DEDirector.fire(DEDirector.java:502)
	at ptolemy.actor.CompositeActor.fire(CompositeActor.java:455)
	at ptolemy.actor.Manager.iterate(Manager.java:851)
	at ptolemy.actor.Manager.execute(Manager.java:369)
	at ptolemy.actor.Manager.run(Manager.java:1263)
	at ptolemy.actor.Manager$PtolemyRunThread.run(Manager.java:1933)
java.lang.reflect.InvocationTargetException
	at java.base/jdk.internal.reflect.NativeConstructorAccessorImpl.newInstance0(Native Method)
	at java.base/jdk.internal.reflect.NativeConstructorAccessorImpl.newInstance(NativeConstructorAccessorImpl.java:62)
	at java.base/jdk.internal.reflect.DelegatingConstructorAccessorImpl.newInstance(DelegatingConstructorAccessorImpl.java:45)
	at java.base/java.lang.reflect.Constructor.newInstance(Constructor.java:490)
	at ptolemy.util.test.junit.AutoKnownFailedTests.RunModel(AutoKnownFailedTests.java:105)
	at java.base/jdk.internal.reflect.NativeMethodAccessorImpl.invoke0(Native Method)
	at java.base/jdk.internal.reflect.NativeMethodAccessorImpl.invoke(NativeMethodAccessorImpl.java:62)
	at java.base/jdk.internal.reflect.DelegatingMethodAccessorImpl.invoke(DelegatingMethodAccessorImpl.java:43)
	at java.base/java.lang.reflect.Method.invoke(Method.java:566)
	at org.junit.runners.model.FrameworkMethod$1.runReflectiveCall(FrameworkMethod.java:44)
	at org.junit.internal.runners.model.ReflectiveCallable.run(ReflectiveCallable.java:15)
	at org.junit.runners.model.FrameworkMethod.invokeExplosively(FrameworkMethod.java:41)
	at junitparams.internal.InvokeParameterisedMethod.evaluate(InvokeParameterisedMethod.java:102)
	at org.junit.internal.runners.statements.FailOnTimeout$1.run(FailOnTimeout.java:28)
Caused by: ptolemy.kernel.util.IllegalActionException: Test fails in iteration 1.
Value was: 1.0. Should have been: 2.0
  in .DirectFeedback.Test
	at ptolemy.actor.lib.Test.fire(Test.java:268)
	at ptolemy.domains.de.kernel.DEDirector._fire(DEDirector.java:1949)
	at ptolemy.domains.de.kernel.DEDirector.fire(DEDirector.java:502)
	at ptolemy.actor.CompositeActor.fire(CompositeActor.java:455)
	at ptolemy.actor.Manager.iterate(Manager.java:851)
	at ptolemy.actor.Manager.execute(Manager.java:369)
	at ptolemy.actor.Manager.run(Manager.java:1263)
	at ptolemy.actor.Manager$PtolemyRunThread.run(Manager.java:1933)
java.lang.RuntimeException: Execution failed
	at ptolemy.moml.MoMLSimpleApplication$UnloadThread.run(MoMLSimpleApplication.java:402)
Caused by: ptolemy.kernel.util.IllegalActionException: Found a zero delay loop containing .HierarchicalModel.A
  in .HierarchicalModel and .HierarchicalModel.A
	at ptolemy.actor.util.CausalityInterfaceForComposites._computeOutputPortDepth(CausalityInterfaceForComposites.java:759)
	at ptolemy.actor.util.CausalityInterfaceForComposites._computeInputDepth(CausalityInterfaceForComposites.java:696)
	at ptolemy.actor.util.CausalityInterfaceForComposites._computeOutputPortDepth(CausalityInterfaceForComposites.java:765)
	at ptolemy.actor.util.CausalityInterfaceForComposites._computeInputDepth(CausalityInterfaceForComposites.java:696)
	at ptolemy.actor.util.CausalityInterfaceForComposites._computeOutputPortDepth(CausalityInterfaceForComposites.java:765)
	at ptolemy.actor.util.CausalityInterfaceForComposites._computeInputDepth(CausalityInterfaceForComposites.java:696)
	at ptolemy.actor.util.CausalityInterfaceForComposites._computeActorDepth(CausalityInterfaceForComposites.java:532)
	at ptolemy.actor.util.CausalityInterfaceForComposites.checkForCycles(CausalityInterfaceForComposites.java:96)
	at ptolemy.domains.de.kernel.DEDirector.preinitialize(DEDirector.java:1338)
	at ptolemy.actor.CompositeActor.preinitialize(CompositeActor.java:1828)
	at ptolemy.actor.Manager.preinitializeAndResolveTypes(Manager.java:1040)
	at ptolemy.actor.Manager.initialize(Manager.java:710)
	at ptolemy.actor.Manager.execute(Manager.java:356)
	at ptolemy.actor.Manager.run(Manager.java:1263)
	at ptolemy.actor.Manager$PtolemyRunThread.run(Manager.java:1933)
java.lang.reflect.InvocationTargetException
	at java.base/jdk.internal.reflect.NativeConstructorAccessorImpl.newInstance0(Native Method)
	at java.base/jdk.internal.reflect.NativeConstructorAccessorImpl.newInstance(NativeConstructorAccessorImpl.java:62)
	at java.base/jdk.internal.reflect.DelegatingConstructorAccessorImpl.newInstance(DelegatingConstructorAccessorImpl.java:45)
	at java.base/java.lang.reflect.Constructor.newInstance(Constructor.java:490)
	at ptolemy.util.test.junit.AutoKnownFailedTests.RunModel(AutoKnownFailedTests.java:105)
	at java.base/jdk.internal.reflect.NativeMethodAccessorImpl.invoke0(Native Method)
	at java.base/jdk.internal.reflect.NativeMethodAccessorImpl.invoke(NativeMethodAccessorImpl.java:62)
	at java.base/jdk.internal.reflect.DelegatingMethodAccessorImpl.invoke(DelegatingMethodAccessorImpl.java:43)
	at java.base/java.lang.reflect.Method.invoke(Method.java:566)
	at org.junit.runners.model.FrameworkMethod$1.runReflectiveCall(FrameworkMethod.java:44)
	at org.junit.internal.runners.model.ReflectiveCallable.run(ReflectiveCallable.java:15)
	at org.junit.runners.model.FrameworkMethod.invokeExplosively(FrameworkMethod.java:41)
	at junitparams.internal.InvokeParameterisedMethod.evaluate(InvokeParameterisedMethod.java:102)
	at org.junit.internal.runners.statements.FailOnTimeout$1.run(FailOnTimeout.java:28)
Caused by: ptolemy.kernel.util.IllegalActionException: Found a zero delay loop containing .HierarchicalModel.A
  in .HierarchicalModel and .HierarchicalModel.A
	at ptolemy.actor.util.CausalityInterfaceForComposites._computeOutputPortDepth(CausalityInterfaceForComposites.java:759)
	at ptolemy.actor.util.CausalityInterfaceForComposites._computeInputDepth(CausalityInterfaceForComposites.java:696)
	at ptolemy.actor.util.CausalityInterfaceForComposites._computeOutputPortDepth(CausalityInterfaceForComposites.java:765)
	at ptolemy.actor.util.CausalityInterfaceForComposites._computeInputDepth(CausalityInterfaceForComposites.java:696)
	at ptolemy.actor.util.CausalityInterfaceForComposites._computeOutputPortDepth(CausalityInterfaceForComposites.java:765)
	at ptolemy.actor.util.CausalityInterfaceForComposites._computeInputDepth(CausalityInterfaceForComposites.java:696)
	at ptolemy.actor.util.CausalityInterfaceForComposites._computeActorDepth(CausalityInterfaceForComposites.java:532)
	at ptolemy.actor.util.CausalityInterfaceForComposites.checkForCycles(CausalityInterfaceForComposites.java:96)
	at ptolemy.domains.de.kernel.DEDirector.preinitialize(DEDirector.java:1338)
	at ptolemy.actor.CompositeActor.preinitialize(CompositeActor.java:1828)
	at ptolemy.actor.Manager.preinitializeAndResolveTypes(Manager.java:1040)
	at ptolemy.actor.Manager.initialize(Manager.java:710)
	at ptolemy.actor.Manager.execute(Manager.java:356)
	at ptolemy.actor.Manager.run(Manager.java:1263)
	at ptolemy.actor.Manager$PtolemyRunThread.run(Manager.java:1933)
java.lang.RuntimeException: Execution failed
	at ptolemy.moml.MoMLSimpleApplication$UnloadThread.run(MoMLSimpleApplication.java:402)
Caused by: ptolemy.kernel.util.IllegalActionException: Found a zero delay loop containing .dependencyLoop.original
  in .dependencyLoop and .dependencyLoop.original
	at ptolemy.actor.util.CausalityInterfaceForComposites._computeOutputPortDepth(CausalityInterfaceForComposites.java:759)
	at ptolemy.actor.util.CausalityInterfaceForComposites._computeInputDepth(CausalityInterfaceForComposites.java:696)
	at ptolemy.actor.util.CausalityInterfaceForComposites._computeOutputPortDepth(CausalityInterfaceForComposites.java:765)
	at ptolemy.actor.util.CausalityInterfaceForComposites._computeInputDepth(CausalityInterfaceForComposites.java:696)
	at ptolemy.actor.util.CausalityInterfaceForComposites._computeOutputPortDepth(CausalityInterfaceForComposites.java:765)
	at ptolemy.actor.util.CausalityInterfaceForComposites._computeInputDepth(CausalityInterfaceForComposites.java:696)
	at ptolemy.actor.util.CausalityInterfaceForComposites._computeActorDepth(CausalityInterfaceForComposites.java:532)
	at ptolemy.actor.util.CausalityInterfaceForComposites.checkForCycles(CausalityInterfaceForComposites.java:96)
	at ptolemy.domains.de.kernel.DEDirector.preinitialize(DEDirector.java:1338)
	at ptolemy.actor.CompositeActor.preinitialize(CompositeActor.java:1828)
	at ptolemy.actor.Manager.preinitializeAndResolveTypes(Manager.java:1040)
	at ptolemy.actor.Manager.initialize(Manager.java:710)
	at ptolemy.actor.Manager.execute(Manager.java:356)
	at ptolemy.actor.Manager.run(Manager.java:1263)
	at ptolemy.actor.Manager$PtolemyRunThread.run(Manager.java:1933)
java.lang.reflect.InvocationTargetException
	at java.base/jdk.internal.reflect.NativeConstructorAccessorImpl.newInstance0(Native Method)
	at java.base/jdk.internal.reflect.NativeConstructorAccessorImpl.newInstance(NativeConstructorAccessorImpl.java:62)
	at java.base/jdk.internal.reflect.DelegatingConstructorAccessorImpl.newInstance(DelegatingConstructorAccessorImpl.java:45)
	at java.base/java.lang.reflect.Constructor.newInstance(Constructor.java:490)
	at ptolemy.util.test.junit.AutoKnownFailedTests.RunModel(AutoKnownFailedTests.java:105)
	at java.base/jdk.internal.reflect.NativeMethodAccessorImpl.invoke0(Native Method)
	at java.base/jdk.internal.reflect.NativeMethodAccessorImpl.invoke(NativeMethodAccessorImpl.java:62)
	at java.base/jdk.internal.reflect.DelegatingMethodAccessorImpl.invoke(DelegatingMethodAccessorImpl.java:43)
	at java.base/java.lang.reflect.Method.invoke(Method.java:566)
	at org.junit.runners.model.FrameworkMethod$1.runReflectiveCall(FrameworkMethod.java:44)
	at org.junit.internal.runners.model.ReflectiveCallable.run(ReflectiveCallable.java:15)
	at org.junit.runners.model.FrameworkMethod.invokeExplosively(FrameworkMethod.java:41)
	at junitparams.internal.InvokeParameterisedMethod.evaluate(InvokeParameterisedMethod.java:102)
	at org.junit.internal.runners.statements.FailOnTimeout$1.run(FailOnTimeout.java:28)
Caused by: ptolemy.kernel.util.IllegalActionException: Found a zero delay loop containing .dependencyLoop.original
  in .dependencyLoop and .dependencyLoop.original
	at ptolemy.actor.util.CausalityInterfaceForComposites._computeOutputPortDepth(CausalityInterfaceForComposites.java:759)
	at ptolemy.actor.util.CausalityInterfaceForComposites._computeInputDepth(CausalityInterfaceForComposites.java:696)
	at ptolemy.actor.util.CausalityInterfaceForComposites._computeOutputPortDepth(CausalityInterfaceForComposites.java:765)
	at ptolemy.actor.util.CausalityInterfaceForComposites._computeInputDepth(CausalityInterfaceForComposites.java:696)
	at ptolemy.actor.util.CausalityInterfaceForComposites._computeOutputPortDepth(CausalityInterfaceForComposites.java:765)
	at ptolemy.actor.util.CausalityInterfaceForComposites._computeInputDepth(CausalityInterfaceForComposites.java:696)
	at ptolemy.actor.util.CausalityInterfaceForComposites._computeActorDepth(CausalityInterfaceForComposites.java:532)
	at ptolemy.actor.util.CausalityInterfaceForComposites.checkForCycles(CausalityInterfaceForComposites.java:96)
	at ptolemy.domains.de.kernel.DEDirector.preinitialize(DEDirector.java:1338)
	at ptolemy.actor.CompositeActor.preinitialize(CompositeActor.java:1828)
	at ptolemy.actor.Manager.preinitializeAndResolveTypes(Manager.java:1040)
	at ptolemy.actor.Manager.initialize(Manager.java:710)
	at ptolemy.actor.Manager.execute(Manager.java:356)
	at ptolemy.actor.Manager.run(Manager.java:1263)
	at ptolemy.actor.Manager$PtolemyRunThread.run(Manager.java:1933)
java.lang.RuntimeException: Execution failed
	at ptolemy.moml.MoMLSimpleApplication$UnloadThread.run(MoMLSimpleApplication.java:402)
Caused by: ptolemy.kernel.util.IllegalActionException: Found a zero delay loop containing .dependencyLoop2.original
  in .dependencyLoop2 and .dependencyLoop2.original
	at ptolemy.actor.util.CausalityInterfaceForComposites._computeOutputPortDepth(CausalityInterfaceForComposites.java:759)
	at ptolemy.actor.util.CausalityInterfaceForComposites._computeInputDepth(CausalityInterfaceForComposites.java:696)
	at ptolemy.actor.util.CausalityInterfaceForComposites._computeOutputPortDepth(CausalityInterfaceForComposites.java:765)
	at ptolemy.actor.util.CausalityInterfaceForComposites._computeInputDepth(CausalityInterfaceForComposites.java:696)
	at ptolemy.actor.util.CausalityInterfaceForComposites._computeOutputPortDepth(CausalityInterfaceForComposites.java:765)
	at ptolemy.actor.util.CausalityInterfaceForComposites._computeInputDepth(CausalityInterfaceForComposites.java:696)
	at ptolemy.actor.util.CausalityInterfaceForComposites._computeActorDepth(CausalityInterfaceForComposites.java:532)
	at ptolemy.actor.util.CausalityInterfaceForComposites.checkForCycles(CausalityInterfaceForComposites.java:96)
	at ptolemy.domains.de.kernel.DEDirector.preinitialize(DEDirector.java:1338)
	at ptolemy.actor.CompositeActor.preinitialize(CompositeActor.java:1828)
	at ptolemy.actor.Manager.preinitializeAndResolveTypes(Manager.java:1040)
	at ptolemy.actor.Manager.initialize(Manager.java:710)
	at ptolemy.actor.Manager.execute(Manager.java:356)
	at ptolemy.actor.Manager.run(Manager.java:1263)
	at ptolemy.actor.Manager$PtolemyRunThread.run(Manager.java:1933)
java.lang.reflect.InvocationTargetException
	at java.base/jdk.internal.reflect.NativeConstructorAccessorImpl.newInstance0(Native Method)
	at java.base/jdk.internal.reflect.NativeConstructorAccessorImpl.newInstance(NativeConstructorAccessorImpl.java:62)
	at java.base/jdk.internal.reflect.DelegatingConstructorAccessorImpl.newInstance(DelegatingConstructorAccessorImpl.java:45)
	at java.base/java.lang.reflect.Constructor.newInstance(Constructor.java:490)
	at ptolemy.util.test.junit.AutoKnownFailedTests.RunModel(AutoKnownFailedTests.java:105)
	at java.base/jdk.internal.reflect.NativeMethodAccessorImpl.invoke0(Native Method)
	at java.base/jdk.internal.reflect.NativeMethodAccessorImpl.invoke(NativeMethodAccessorImpl.java:62)
	at java.base/jdk.internal.reflect.DelegatingMethodAccessorImpl.invoke(DelegatingMethodAccessorImpl.java:43)
	at java.base/java.lang.reflect.Method.invoke(Method.java:566)
	at org.junit.runners.model.FrameworkMethod$1.runReflectiveCall(FrameworkMethod.java:44)
	at org.junit.internal.runners.model.ReflectiveCallable.run(ReflectiveCallable.java:15)
	at org.junit.runners.model.FrameworkMethod.invokeExplosively(FrameworkMethod.java:41)
	at junitparams.internal.InvokeParameterisedMethod.evaluate(InvokeParameterisedMethod.java:102)
	at org.junit.internal.runners.statements.FailOnTimeout$1.run(FailOnTimeout.java:28)
Caused by: ptolemy.kernel.util.IllegalActionException: Found a zero delay loop containing .dependencyLoop2.original
  in .dependencyLoop2 and .dependencyLoop2.original
	at ptolemy.actor.util.CausalityInterfaceForComposites._computeOutputPortDepth(CausalityInterfaceForComposites.java:759)
	at ptolemy.actor.util.CausalityInterfaceForComposites._computeInputDepth(CausalityInterfaceForComposites.java:696)
	at ptolemy.actor.util.CausalityInterfaceForComposites._computeOutputPortDepth(CausalityInterfaceForComposites.java:765)
	at ptolemy.actor.util.CausalityInterfaceForComposites._computeInputDepth(CausalityInterfaceForComposites.java:696)
	at ptolemy.actor.util.CausalityInterfaceForComposites._computeOutputPortDepth(CausalityInterfaceForComposites.java:765)
	at ptolemy.actor.util.CausalityInterfaceForComposites._computeInputDepth(CausalityInterfaceForComposites.java:696)
	at ptolemy.actor.util.CausalityInterfaceForComposites._computeActorDepth(CausalityInterfaceForComposites.java:532)
	at ptolemy.actor.util.CausalityInterfaceForComposites.checkForCycles(CausalityInterfaceForComposites.java:96)
	at ptolemy.domains.de.kernel.DEDirector.preinitialize(DEDirector.java:1338)
	at ptolemy.actor.CompositeActor.preinitialize(CompositeActor.java:1828)
	at ptolemy.actor.Manager.preinitializeAndResolveTypes(Manager.java:1040)
	at ptolemy.actor.Manager.initialize(Manager.java:710)
	at ptolemy.actor.Manager.execute(Manager.java:356)
	at ptolemy.actor.Manager.run(Manager.java:1263)
	at ptolemy.actor.Manager$PtolemyRunThread.run(Manager.java:1933)
]]></system-err>
</testsuite>
