<?xml version="1.0" encoding="UTF-8" ?>
<testsuite errors="0" failures="0" hostname="travis-job-60ac78e5-2eea-45f1-b9d2-af3eab514efe" name="ptolemy.domains.dt.kernel.test.junit.JUnitTclTest" skipped="0" tests="43" time="3.756" timestamp="2019-07-21T18:06:14">
  <properties>
[...]
</properties>
  <testcase classname="ptolemy.util.test.junit.TclTests" name="[0] /home/travis/build/icyphy/ptII/ptolemy/domains/dt/kernel/test/DTDirector.tcl (RunTclFile)" time="0.494" />
  <testcase classname="ptolemy.util.test.junit.TclTests" name="[1] /home/travis/build/icyphy/ptII/ptolemy/domains/dt/kernel/test/DTReceiver.tcl (RunTclFile)" time="0.005" />
  <testcase classname="ptolemy.util.test.junit.AutoKnownFailedTests" name="[0] /home/travis/build/icyphy/ptII/ptolemy/domains/dt/kernel/test/auto/knownFailedTests/DEInsideDT1.xml (RunModel)" time="0.282" />
  <testcase classname="ptolemy.util.test.junit.AutoKnownFailedTests" name="[1] /home/travis/build/icyphy/ptII/ptolemy/domains/dt/kernel/test/auto/knownFailedTests/DTinsideCT1_.xml (RunModel)" time="0.049" />
  <testcase classname="ptolemy.util.test.junit.AutoKnownFailedTests" name="[2] /home/travis/build/icyphy/ptII/ptolemy/domains/dt/kernel/test/auto/knownFailedTests/Dag3.xml (RunModel)" time="0.091" />
  <testcase classname="ptolemy.util.test.junit.AutoKnownFailedTests" name="[3] /home/travis/build/icyphy/ptII/ptolemy/domains/dt/kernel/test/auto/knownFailedTests/sdf_sdf_bug.xml (RunModel)" time="0.102" />
  <testcase classname="ptolemy.util.test.junit.AutoNameArchTests" name="[0] ThereAreNoAutoArchTests (RunModel)" time="0.001" />
  <testcase classname="ptolemy.util.test.junit.AutoTests" name="[0] /home/travis/build/icyphy/ptII/ptolemy/domains/dt/kernel/test/auto/Chain1.xml (RunModel)" time="0.173" />
  <testcase classname="ptolemy.util.test.junit.AutoTests" name="[1] /home/travis/build/icyphy/ptII/ptolemy/domains/dt/kernel/test/auto/Chain2.xml (RunModel)" time="0.071" />
  <testcase classname="ptolemy.util.test.junit.AutoTests" name="[2] /home/travis/build/icyphy/ptII/ptolemy/domains/dt/kernel/test/auto/Chain3.xml (RunModel)" time="0.119" />
  <testcase classname="ptolemy.util.test.junit.AutoTests" name="[3] /home/travis/build/icyphy/ptII/ptolemy/domains/dt/kernel/test/auto/CurrentTimeSource.xml (RunModel)" time="0.039" />
  <testcase classname="ptolemy.util.test.junit.AutoTests" name="[4] /home/travis/build/icyphy/ptII/ptolemy/domains/dt/kernel/test/auto/Dag1.xml (RunModel)" time="0.108" />
  <testcase classname="ptolemy.util.test.junit.AutoTests" name="[5] /home/travis/build/icyphy/ptII/ptolemy/domains/dt/kernel/test/auto/Dag2.xml (RunModel)" time="0.119" />
  <testcase classname="ptolemy.util.test.junit.AutoTests" name="[6] /home/travis/build/icyphy/ptII/ptolemy/domains/dt/kernel/test/auto/DagSingles1.xml (RunModel)" time="0.076" />
  <testcase classname="ptolemy.util.test.junit.AutoTests" name="[7] /home/travis/build/icyphy/ptII/ptolemy/domains/dt/kernel/test/auto/Delay1.xml (RunModel)" time="0.046" />
  <testcase classname="ptolemy.util.test.junit.AutoTests" name="[8] /home/travis/build/icyphy/ptII/ptolemy/domains/dt/kernel/test/auto/Delay2.xml (RunModel)" time="0.056" />
  <testcase classname="ptolemy.util.test.junit.AutoTests" name="[9] /home/travis/build/icyphy/ptII/ptolemy/domains/dt/kernel/test/auto/InvDag1.xml (RunModel)" time="0.061" />
  <testcase classname="ptolemy.util.test.junit.AutoTests" name="[10] /home/travis/build/icyphy/ptII/ptolemy/domains/dt/kernel/test/auto/MultiPort1.xml (RunModel)" time="0.058" />
  <testcase classname="ptolemy.util.test.junit.AutoTests" name="[11] /home/travis/build/icyphy/ptII/ptolemy/domains/dt/kernel/test/auto/MultiPort2.xml (RunModel)" time="0.064" />
  <testcase classname="ptolemy.util.test.junit.AutoTests" name="[12] /home/travis/build/icyphy/ptII/ptolemy/domains/dt/kernel/test/auto/Round.xml (RunModel)" time="0.042" />
  <testcase classname="ptolemy.util.test.junit.AutoTests" name="[13] /home/travis/build/icyphy/ptII/ptolemy/domains/dt/kernel/test/auto/Sink1.xml (RunModel)" time="0.052" />
  <testcase classname="ptolemy.util.test.junit.AutoTests" name="[14] /home/travis/build/icyphy/ptII/ptolemy/domains/dt/kernel/test/auto/SourceSink1.xml (RunModel)" time="0.159" />
  <testcase classname="ptolemy.util.test.junit.AutoTests" name="[15] /home/travis/build/icyphy/ptII/ptolemy/domains/dt/kernel/test/auto/de_dt_1.xml (RunModel)" time="0.125" />
  <testcase classname="ptolemy.util.test.junit.AutoTests" name="[16] /home/travis/build/icyphy/ptII/ptolemy/domains/dt/kernel/test/auto/de_dt_2.xml (RunModel)" time="0.063" />
  <testcase classname="ptolemy.util.test.junit.AutoTests" name="[17] /home/travis/build/icyphy/ptII/ptolemy/domains/dt/kernel/test/auto/dt_dt_opaque1.xml (RunModel)" time="0.038" />
  <testcase classname="ptolemy.util.test.junit.AutoTests" name="[18] /home/travis/build/icyphy/ptII/ptolemy/domains/dt/kernel/test/auto/dt_dt_opaque2.xml (RunModel)" time="0.034" />
  <testcase classname="ptolemy.util.test.junit.AutoTests" name="[19] /home/travis/build/icyphy/ptII/ptolemy/domains/dt/kernel/test/auto/dt_dt_opaque3.xml (RunModel)" time="0.061" />
  <testcase classname="ptolemy.util.test.junit.AutoTests" name="[20] /home/travis/build/icyphy/ptII/ptolemy/domains/dt/kernel/test/auto/dt_dt_opaque4.xml (RunModel)" time="0.077" />
  <testcase classname="ptolemy.util.test.junit.AutoTests" name="[21] /home/travis/build/icyphy/ptII/ptolemy/domains/dt/kernel/test/auto/dt_dt_transparent1.xml (RunModel)" time="0.021" />
  <testcase classname="ptolemy.util.test.junit.AutoTests" name="[22] /home/travis/build/icyphy/ptII/ptolemy/domains/dt/kernel/test/auto/dt_dt_transparent2.xml (RunModel)" time="0.038" />
  <testcase classname="ptolemy.util.test.junit.AutoTests" name="[23] /home/travis/build/icyphy/ptII/ptolemy/domains/dt/kernel/test/auto/dt_dt_transparent3.xml (RunModel)" time="0.04" />
  <testcase classname="ptolemy.util.test.junit.AutoTests" name="[24] /home/travis/build/icyphy/ptII/ptolemy/domains/dt/kernel/test/auto/dt_sdf_1.xml (RunModel)" time="0.039" />
  <testcase classname="ptolemy.util.test.junit.AutoTests" name="[25] /home/travis/build/icyphy/ptII/ptolemy/domains/dt/kernel/test/auto/dt_sdf_2.xml (RunModel)" time="0.038" />
  <testcase classname="ptolemy.util.test.junit.AutoTests" name="[26] /home/travis/build/icyphy/ptII/ptolemy/domains/dt/kernel/test/auto/dt_sdf_3.xml (RunModel)" time="0.043" />
  <testcase classname="ptolemy.util.test.junit.AutoTests" name="[27] /home/travis/build/icyphy/ptII/ptolemy/domains/dt/kernel/test/auto/dt_sdf_dt.xml (RunModel)" time="0.065" />
  <testcase classname="ptolemy.util.test.junit.AutoTests" name="[28] /home/travis/build/icyphy/ptII/ptolemy/domains/dt/kernel/test/auto/fir_downsample.xml (RunModel)" time="0.028" />
  <testcase classname="ptolemy.util.test.junit.AutoTests" name="[29] /home/travis/build/icyphy/ptII/ptolemy/domains/dt/kernel/test/auto/fir_downsample2.xml (RunModel)" time="0.019" />
  <testcase classname="ptolemy.util.test.junit.AutoTests" name="[30] /home/travis/build/icyphy/ptII/ptolemy/domains/dt/kernel/test/auto/inside_period1.xml (RunModel)" time="0.036" />
  <testcase classname="ptolemy.util.test.junit.AutoTests" name="[31] /home/travis/build/icyphy/ptII/ptolemy/domains/dt/kernel/test/auto/inside_period2.xml (RunModel)" time="0.036" />
  <testcase classname="ptolemy.util.test.junit.AutoTests" name="[32] /home/travis/build/icyphy/ptII/ptolemy/domains/dt/kernel/test/auto/pam.xml (RunModel)" time="0.072" />
  <testcase classname="ptolemy.util.test.junit.AutoTests" name="[33] /home/travis/build/icyphy/ptII/ptolemy/domains/dt/kernel/test/auto/postfireFalse.xml (RunModel)" time="0.022" />
  <testcase classname="ptolemy.util.test.junit.AutoTests" name="[34] /home/travis/build/icyphy/ptII/ptolemy/domains/dt/kernel/test/auto/sdf_dt_1.xml (RunModel)" time="0.026" />
  <testcase classname="ptolemy.util.test.junit.AutoTests" name="[35] /home/travis/build/icyphy/ptII/ptolemy/domains/dt/kernel/test/auto/sdf_dt_2.xml (RunModel)" time="0.025" />
  <system-out><![CDATA[/home/travis/build/icyphy/ptII/ptolemy/domains/dt/kernel/test/DTDirector.tcl
testDefs.tcl: setting time out to 9000 seconds at Sun Jul 21 18:06:15 UTC 2019
/home/travis/build/icyphy/ptII/ptolemy/domains/dt/kernel/test/DTReceiver.tcl
07/21/19 06:06:15
Failed: 0  Total Tests: 5  ((Passed: 5, Newly Passed: 0)  Known Failed: 0) /home/travis/build/icyphy/ptII/ptolemy/domains/dt/kernel/test
----------------- testing (KnownFailure) /home/travis/build/icyphy/ptII/ptolemy/domains/dt/kernel/test/auto/knownFailedTests/DEInsideDT1.xml
54 ms. Memory: 120832K Free: 78787K (65%)
Known Failure: java.lang.reflect.InvocationTargetException
----------------- testing (KnownFailure) /home/travis/build/icyphy/ptII/ptolemy/domains/dt/kernel/test/auto/knownFailedTests/DTinsideCT1_.xml
Known Failure: java.lang.reflect.InvocationTargetException
----------------- testing (KnownFailure) /home/travis/build/icyphy/ptII/ptolemy/domains/dt/kernel/test/auto/knownFailedTests/Dag3.xml
41 ms. Memory: 120832K Free: 65985K (55%)
Known Failure: java.lang.reflect.InvocationTargetException
----------------- testing (KnownFailure) /home/travis/build/icyphy/ptII/ptolemy/domains/dt/kernel/test/auto/knownFailedTests/sdf_sdf_bug.xml
37 ms. Memory: 120832K Free: 58307K (48%)
Known Failure: java.lang.reflect.InvocationTargetException
No auto/linux-amd64/*.xml tests in /home/travis/build/icyphy/ptII/ptolemy/domains/dt/kernel/test
AutoTests.java: About to close Vertx.
AutoTests.java: Vertx closed.

===========================================================================================
----------------- testing Sun Jul 21 18:06:16 UTC 2019 /home/travis/build/icyphy/ptII/ptolemy/domains/dt/kernel/test/auto/Chain1.xml
----------------- Instantiating /home/travis/build/icyphy/ptII/ptolemy/domains/dt/kernel/test/auto/Chain1.xml
59 ms. Memory: 120832K Free: 94025K (78%)
----------------- Invoking toplevel() on ptolemy.moml.MoMLSimpleApplication@60bc917b
----------------- Done invoking toplevel() on ptolemy.moml.MoMLSimpleApplication@60bc917b
reloadAllAccessors: .Chain1

===========================================================================================
----------------- testing Sun Jul 21 18:06:16 UTC 2019 /home/travis/build/icyphy/ptII/ptolemy/domains/dt/kernel/test/auto/Chain2.xml
----------------- Instantiating /home/travis/build/icyphy/ptII/ptolemy/domains/dt/kernel/test/auto/Chain2.xml
25 ms. Memory: 120832K Free: 106499K (88%)
----------------- Invoking toplevel() on ptolemy.moml.MoMLSimpleApplication@5e0b7be5
----------------- Done invoking toplevel() on ptolemy.moml.MoMLSimpleApplication@5e0b7be5
reloadAllAccessors: .Chain2

===========================================================================================
----------------- testing Sun Jul 21 18:06:16 UTC 2019 /home/travis/build/icyphy/ptII/ptolemy/domains/dt/kernel/test/auto/Chain3.xml
----------------- Instantiating /home/travis/build/icyphy/ptII/ptolemy/domains/dt/kernel/test/auto/Chain3.xml
10 ms. Memory: 120832K Free: 95793K (79%)
----------------- Invoking toplevel() on ptolemy.moml.MoMLSimpleApplication@11e67ba9
----------------- Done invoking toplevel() on ptolemy.moml.MoMLSimpleApplication@11e67ba9
reloadAllAccessors: .Chain3

===========================================================================================
----------------- testing Sun Jul 21 18:06:16 UTC 2019 /home/travis/build/icyphy/ptII/ptolemy/domains/dt/kernel/test/auto/CurrentTimeSource.xml
----------------- Instantiating /home/travis/build/icyphy/ptII/ptolemy/domains/dt/kernel/test/auto/CurrentTimeSource.xml
4 ms. Memory: 120832K Free: 93714K (78%)
----------------- Invoking toplevel() on ptolemy.moml.MoMLSimpleApplication@7d1d0157
----------------- Done invoking toplevel() on ptolemy.moml.MoMLSimpleApplication@7d1d0157
reloadAllAccessors: .CurrentTimeSource

===========================================================================================
----------------- testing Sun Jul 21 18:06:16 UTC 2019 /home/travis/build/icyphy/ptII/ptolemy/domains/dt/kernel/test/auto/Dag1.xml
----------------- Instantiating /home/travis/build/icyphy/ptII/ptolemy/domains/dt/kernel/test/auto/Dag1.xml
21 ms. Memory: 120832K Free: 86993K (72%)
----------------- Invoking toplevel() on ptolemy.moml.MoMLSimpleApplication@29ba5653
----------------- Done invoking toplevel() on ptolemy.moml.MoMLSimpleApplication@29ba5653
reloadAllAccessors: .Dag1

===========================================================================================
----------------- testing Sun Jul 21 18:06:16 UTC 2019 /home/travis/build/icyphy/ptII/ptolemy/domains/dt/kernel/test/auto/Dag2.xml
----------------- Instantiating /home/travis/build/icyphy/ptII/ptolemy/domains/dt/kernel/test/auto/Dag2.xml
13 ms. Memory: 154624K Free: 139172K (90%)
----------------- Invoking toplevel() on ptolemy.moml.MoMLSimpleApplication@27f24c54
----------------- Done invoking toplevel() on ptolemy.moml.MoMLSimpleApplication@27f24c54
reloadAllAccessors: .Dag2

===========================================================================================
----------------- testing Sun Jul 21 18:06:16 UTC 2019 /home/travis/build/icyphy/ptII/ptolemy/domains/dt/kernel/test/auto/DagSingles1.xml
----------------- Instantiating /home/travis/build/icyphy/ptII/ptolemy/domains/dt/kernel/test/auto/DagSingles1.xml
15 ms. Memory: 154624K Free: 132004K (85%)
----------------- Invoking toplevel() on ptolemy.moml.MoMLSimpleApplication@1f3e13b0
----------------- Done invoking toplevel() on ptolemy.moml.MoMLSimpleApplication@1f3e13b0
reloadAllAccessors: .DagSingles1

===========================================================================================
----------------- testing Sun Jul 21 18:06:17 UTC 2019 /home/travis/build/icyphy/ptII/ptolemy/domains/dt/kernel/test/auto/Delay1.xml
----------------- Instantiating /home/travis/build/icyphy/ptII/ptolemy/domains/dt/kernel/test/auto/Delay1.xml
9 ms. Memory: 154624K Free: 128242K (83%)
----------------- Invoking toplevel() on ptolemy.moml.MoMLSimpleApplication@612273ec
----------------- Done invoking toplevel() on ptolemy.moml.MoMLSimpleApplication@612273ec
reloadAllAccessors: .Delay1

===========================================================================================
----------------- testing Sun Jul 21 18:06:17 UTC 2019 /home/travis/build/icyphy/ptII/ptolemy/domains/dt/kernel/test/auto/Delay2.xml
----------------- Instantiating /home/travis/build/icyphy/ptII/ptolemy/domains/dt/kernel/test/auto/Delay2.xml
21 ms. Memory: 154624K Free: 124820K (81%)
----------------- Invoking toplevel() on ptolemy.moml.MoMLSimpleApplication@7e16aec8
----------------- Done invoking toplevel() on ptolemy.moml.MoMLSimpleApplication@7e16aec8
reloadAllAccessors: .Delay2

===========================================================================================
----------------- testing Sun Jul 21 18:06:17 UTC 2019 /home/travis/build/icyphy/ptII/ptolemy/domains/dt/kernel/test/auto/InvDag1.xml
----------------- Instantiating /home/travis/build/icyphy/ptII/ptolemy/domains/dt/kernel/test/auto/InvDag1.xml
5 ms. Memory: 154624K Free: 119010K (77%)
----------------- Invoking toplevel() on ptolemy.moml.MoMLSimpleApplication@1ffe85d5
----------------- Done invoking toplevel() on ptolemy.moml.MoMLSimpleApplication@1ffe85d5
reloadAllAccessors: .InvDag1

===========================================================================================
----------------- testing Sun Jul 21 18:06:17 UTC 2019 /home/travis/build/icyphy/ptII/ptolemy/domains/dt/kernel/test/auto/MultiPort1.xml
----------------- Instantiating /home/travis/build/icyphy/ptII/ptolemy/domains/dt/kernel/test/auto/MultiPort1.xml
11 ms. Memory: 154624K Free: 112562K (73%)
----------------- Invoking toplevel() on ptolemy.moml.MoMLSimpleApplication@76008e2a
----------------- Done invoking toplevel() on ptolemy.moml.MoMLSimpleApplication@76008e2a
reloadAllAccessors: .MultiPort1

===========================================================================================
----------------- testing Sun Jul 21 18:06:17 UTC 2019 /home/travis/build/icyphy/ptII/ptolemy/domains/dt/kernel/test/auto/MultiPort2.xml
----------------- Instantiating /home/travis/build/icyphy/ptII/ptolemy/domains/dt/kernel/test/auto/MultiPort2.xml
7 ms. Memory: 154624K Free: 103680K (67%)
----------------- Invoking toplevel() on ptolemy.moml.MoMLSimpleApplication@17327049
----------------- Done invoking toplevel() on ptolemy.moml.MoMLSimpleApplication@17327049
reloadAllAccessors: .MultiPort2

===========================================================================================
----------------- testing Sun Jul 21 18:06:17 UTC 2019 /home/travis/build/icyphy/ptII/ptolemy/domains/dt/kernel/test/auto/Round.xml
----------------- Instantiating /home/travis/build/icyphy/ptII/ptolemy/domains/dt/kernel/test/auto/Round.xml
14 ms. Memory: 154624K Free: 99554K (64%)
----------------- Invoking toplevel() on ptolemy.moml.MoMLSimpleApplication@7842941
----------------- Done invoking toplevel() on ptolemy.moml.MoMLSimpleApplication@7842941
reloadAllAccessors: .Round

===========================================================================================
----------------- testing Sun Jul 21 18:06:17 UTC 2019 /home/travis/build/icyphy/ptII/ptolemy/domains/dt/kernel/test/auto/Sink1.xml
----------------- Instantiating /home/travis/build/icyphy/ptII/ptolemy/domains/dt/kernel/test/auto/Sink1.xml
10 ms. Memory: 154624K Free: 93044K (60%)
----------------- Invoking toplevel() on ptolemy.moml.MoMLSimpleApplication@696ead6d
----------------- Done invoking toplevel() on ptolemy.moml.MoMLSimpleApplication@696ead6d
reloadAllAccessors: .Sink1

===========================================================================================
----------------- testing Sun Jul 21 18:06:17 UTC 2019 /home/travis/build/icyphy/ptII/ptolemy/domains/dt/kernel/test/auto/SourceSink1.xml
----------------- Instantiating /home/travis/build/icyphy/ptII/ptolemy/domains/dt/kernel/test/auto/SourceSink1.xml
35 ms. Memory: 154624K Free: 121750K (79%)
----------------- Invoking toplevel() on ptolemy.moml.MoMLSimpleApplication@1f1248e0
----------------- Done invoking toplevel() on ptolemy.moml.MoMLSimpleApplication@1f1248e0
reloadAllAccessors: .SourceSink1

===========================================================================================
----------------- testing Sun Jul 21 18:06:17 UTC 2019 /home/travis/build/icyphy/ptII/ptolemy/domains/dt/kernel/test/auto/de_dt_1.xml
----------------- Instantiating /home/travis/build/icyphy/ptII/ptolemy/domains/dt/kernel/test/auto/de_dt_1.xml
95 ms. Memory: 154624K Free: 114582K (74%)
----------------- Invoking toplevel() on ptolemy.moml.MoMLSimpleApplication@2d693d45
----------------- Done invoking toplevel() on ptolemy.moml.MoMLSimpleApplication@2d693d45
reloadAllAccessors: .de_dt_1

===========================================================================================
----------------- testing Sun Jul 21 18:06:17 UTC 2019 /home/travis/build/icyphy/ptII/ptolemy/domains/dt/kernel/test/auto/de_dt_2.xml
----------------- Instantiating /home/travis/build/icyphy/ptII/ptolemy/domains/dt/kernel/test/auto/de_dt_2.xml
37 ms. Memory: 154624K Free: 107994K (70%)
----------------- Invoking toplevel() on ptolemy.moml.MoMLSimpleApplication@b09d94c
----------------- Done invoking toplevel() on ptolemy.moml.MoMLSimpleApplication@b09d94c
reloadAllAccessors: .de_dt_2

===========================================================================================
----------------- testing Sun Jul 21 18:06:17 UTC 2019 /home/travis/build/icyphy/ptII/ptolemy/domains/dt/kernel/test/auto/dt_dt_opaque1.xml
----------------- Instantiating /home/travis/build/icyphy/ptII/ptolemy/domains/dt/kernel/test/auto/dt_dt_opaque1.xml
9 ms. Memory: 154624K Free: 102294K (66%)
----------------- Invoking toplevel() on ptolemy.moml.MoMLSimpleApplication@663f5556
----------------- Done invoking toplevel() on ptolemy.moml.MoMLSimpleApplication@663f5556
reloadAllAccessors: .dt_dt_opaque1

===========================================================================================
----------------- testing Sun Jul 21 18:06:17 UTC 2019 /home/travis/build/icyphy/ptII/ptolemy/domains/dt/kernel/test/auto/dt_dt_opaque2.xml
----------------- Instantiating /home/travis/build/icyphy/ptII/ptolemy/domains/dt/kernel/test/auto/dt_dt_opaque2.xml
7 ms. Memory: 154624K Free: 95126K (62%)
----------------- Invoking toplevel() on ptolemy.moml.MoMLSimpleApplication@16bfeb1a
----------------- Done invoking toplevel() on ptolemy.moml.MoMLSimpleApplication@16bfeb1a
reloadAllAccessors: .dt_dt_opaque2

===========================================================================================
----------------- testing Sun Jul 21 18:06:17 UTC 2019 /home/travis/build/icyphy/ptII/ptolemy/domains/dt/kernel/test/auto/dt_dt_opaque3.xml
----------------- Instantiating /home/travis/build/icyphy/ptII/ptolemy/domains/dt/kernel/test/auto/dt_dt_opaque3.xml
20 ms. Memory: 154624K Free: 86428K (56%)
----------------- Invoking toplevel() on ptolemy.moml.MoMLSimpleApplication@5d0d9e5
----------------- Done invoking toplevel() on ptolemy.moml.MoMLSimpleApplication@5d0d9e5
reloadAllAccessors: .dt_dt_opaque3

===========================================================================================
----------------- testing Sun Jul 21 18:06:17 UTC 2019 /home/travis/build/icyphy/ptII/ptolemy/domains/dt/kernel/test/auto/dt_dt_opaque4.xml
----------------- Instantiating /home/travis/build/icyphy/ptII/ptolemy/domains/dt/kernel/test/auto/dt_dt_opaque4.xml
5 ms. Memory: 154624K Free: 78268K (51%)
----------------- Invoking toplevel() on ptolemy.moml.MoMLSimpleApplication@791faf4f
----------------- Done invoking toplevel() on ptolemy.moml.MoMLSimpleApplication@791faf4f
reloadAllAccessors: .dt_dt_opaque4

===========================================================================================
----------------- testing Sun Jul 21 18:06:17 UTC 2019 /home/travis/build/icyphy/ptII/ptolemy/domains/dt/kernel/test/auto/dt_dt_transparent1.xml
----------------- Instantiating /home/travis/build/icyphy/ptII/ptolemy/domains/dt/kernel/test/auto/dt_dt_transparent1.xml
4 ms. Memory: 154624K Free: 74164K (48%)
----------------- Invoking toplevel() on ptolemy.moml.MoMLSimpleApplication@1c906db7
----------------- Done invoking toplevel() on ptolemy.moml.MoMLSimpleApplication@1c906db7
reloadAllAccessors: .dt_dt_transparent1

===========================================================================================
----------------- testing Sun Jul 21 18:06:18 UTC 2019 /home/travis/build/icyphy/ptII/ptolemy/domains/dt/kernel/test/auto/dt_dt_transparent2.xml
----------------- Instantiating /home/travis/build/icyphy/ptII/ptolemy/domains/dt/kernel/test/auto/dt_dt_transparent2.xml
4 ms. Memory: 154624K Free: 134416K (87%)
----------------- Invoking toplevel() on ptolemy.moml.MoMLSimpleApplication@13862adf
----------------- Done invoking toplevel() on ptolemy.moml.MoMLSimpleApplication@13862adf
reloadAllAccessors: .dt_dt_transparent2

===========================================================================================
----------------- testing Sun Jul 21 18:06:18 UTC 2019 /home/travis/build/icyphy/ptII/ptolemy/domains/dt/kernel/test/auto/dt_dt_transparent3.xml
----------------- Instantiating /home/travis/build/icyphy/ptII/ptolemy/domains/dt/kernel/test/auto/dt_dt_transparent3.xml
8 ms. Memory: 154624K Free: 127780K (83%)
----------------- Invoking toplevel() on ptolemy.moml.MoMLSimpleApplication@3f8324c9
----------------- Done invoking toplevel() on ptolemy.moml.MoMLSimpleApplication@3f8324c9
reloadAllAccessors: .dt_dt_transparent3

===========================================================================================
----------------- testing Sun Jul 21 18:06:18 UTC 2019 /home/travis/build/icyphy/ptII/ptolemy/domains/dt/kernel/test/auto/dt_sdf_1.xml
----------------- Instantiating /home/travis/build/icyphy/ptII/ptolemy/domains/dt/kernel/test/auto/dt_sdf_1.xml
14 ms. Memory: 154624K Free: 122128K (79%)
----------------- Invoking toplevel() on ptolemy.moml.MoMLSimpleApplication@5980d7f2
----------------- Done invoking toplevel() on ptolemy.moml.MoMLSimpleApplication@5980d7f2
reloadAllAccessors: .dt_sdf_1

===========================================================================================
----------------- testing Sun Jul 21 18:06:18 UTC 2019 /home/travis/build/icyphy/ptII/ptolemy/domains/dt/kernel/test/auto/dt_sdf_2.xml
----------------- Instantiating /home/travis/build/icyphy/ptII/ptolemy/domains/dt/kernel/test/auto/dt_sdf_2.xml
5 ms. Memory: 154624K Free: 115462K (75%)
----------------- Invoking toplevel() on ptolemy.moml.MoMLSimpleApplication@5a1cf7c6
----------------- Done invoking toplevel() on ptolemy.moml.MoMLSimpleApplication@5a1cf7c6
reloadAllAccessors: .dt_sdf_2

===========================================================================================
----------------- testing Sun Jul 21 18:06:18 UTC 2019 /home/travis/build/icyphy/ptII/ptolemy/domains/dt/kernel/test/auto/dt_sdf_3.xml
----------------- Instantiating /home/travis/build/icyphy/ptII/ptolemy/domains/dt/kernel/test/auto/dt_sdf_3.xml
16 ms. Memory: 154624K Free: 107286K (69%)
----------------- Invoking toplevel() on ptolemy.moml.MoMLSimpleApplication@3a0499a8
----------------- Done invoking toplevel() on ptolemy.moml.MoMLSimpleApplication@3a0499a8
reloadAllAccessors: .dt_sdf_3

===========================================================================================
----------------- testing Sun Jul 21 18:06:18 UTC 2019 /home/travis/build/icyphy/ptII/ptolemy/domains/dt/kernel/test/auto/dt_sdf_dt.xml
----------------- Instantiating /home/travis/build/icyphy/ptII/ptolemy/domains/dt/kernel/test/auto/dt_sdf_dt.xml
19 ms. Memory: 154624K Free: 94480K (61%)
----------------- Invoking toplevel() on ptolemy.moml.MoMLSimpleApplication@5415e537
----------------- Done invoking toplevel() on ptolemy.moml.MoMLSimpleApplication@5415e537
reloadAllAccessors: .dt_sdf_dt

===========================================================================================
----------------- testing Sun Jul 21 18:06:18 UTC 2019 /home/travis/build/icyphy/ptII/ptolemy/domains/dt/kernel/test/auto/fir_downsample.xml
----------------- Instantiating /home/travis/build/icyphy/ptII/ptolemy/domains/dt/kernel/test/auto/fir_downsample.xml
4 ms. Memory: 154624K Free: 90384K (58%)
----------------- Invoking toplevel() on ptolemy.moml.MoMLSimpleApplication@575ca438
----------------- Done invoking toplevel() on ptolemy.moml.MoMLSimpleApplication@575ca438
reloadAllAccessors: .fir_downsample

===========================================================================================
----------------- testing Sun Jul 21 18:06:18 UTC 2019 /home/travis/build/icyphy/ptII/ptolemy/domains/dt/kernel/test/auto/fir_downsample2.xml
----------------- Instantiating /home/travis/build/icyphy/ptII/ptolemy/domains/dt/kernel/test/auto/fir_downsample2.xml
3 ms. Memory: 154624K Free: 85264K (55%)
----------------- Invoking toplevel() on ptolemy.moml.MoMLSimpleApplication@7051f999
----------------- Done invoking toplevel() on ptolemy.moml.MoMLSimpleApplication@7051f999
reloadAllAccessors: .fir_downsample2

===========================================================================================
----------------- testing Sun Jul 21 18:06:18 UTC 2019 /home/travis/build/icyphy/ptII/ptolemy/domains/dt/kernel/test/auto/inside_period1.xml
----------------- Instantiating /home/travis/build/icyphy/ptII/ptolemy/domains/dt/kernel/test/auto/inside_period1.xml
10 ms. Memory: 154624K Free: 76566K (50%)
----------------- Invoking toplevel() on ptolemy.moml.MoMLSimpleApplication@23e6d78f
----------------- Done invoking toplevel() on ptolemy.moml.MoMLSimpleApplication@23e6d78f
reloadAllAccessors: .inside_period1

===========================================================================================
----------------- testing Sun Jul 21 18:06:18 UTC 2019 /home/travis/build/icyphy/ptII/ptolemy/domains/dt/kernel/test/auto/inside_period2.xml
----------------- Instantiating /home/travis/build/icyphy/ptII/ptolemy/domains/dt/kernel/test/auto/inside_period2.xml
4 ms. Memory: 154624K Free: 68880K (45%)
----------------- Invoking toplevel() on ptolemy.moml.MoMLSimpleApplication@61a01790
----------------- Done invoking toplevel() on ptolemy.moml.MoMLSimpleApplication@61a01790
reloadAllAccessors: .inside_period2

===========================================================================================
----------------- testing Sun Jul 21 18:06:18 UTC 2019 /home/travis/build/icyphy/ptII/ptolemy/domains/dt/kernel/test/auto/pam.xml
----------------- Instantiating /home/travis/build/icyphy/ptII/ptolemy/domains/dt/kernel/test/auto/pam.xml
19 ms. Memory: 154624K Free: 134599K (87%)
----------------- Invoking toplevel() on ptolemy.moml.MoMLSimpleApplication@68a5aed
----------------- Done invoking toplevel() on ptolemy.moml.MoMLSimpleApplication@68a5aed
reloadAllAccessors: .pam

===========================================================================================
----------------- testing Sun Jul 21 18:06:18 UTC 2019 /home/travis/build/icyphy/ptII/ptolemy/domains/dt/kernel/test/auto/postfireFalse.xml
----------------- Instantiating /home/travis/build/icyphy/ptII/ptolemy/domains/dt/kernel/test/auto/postfireFalse.xml
6 ms. Memory: 154624K Free: 130999K (85%)
----------------- Invoking toplevel() on ptolemy.moml.MoMLSimpleApplication@30daf7e5
----------------- Done invoking toplevel() on ptolemy.moml.MoMLSimpleApplication@30daf7e5
reloadAllAccessors: .postfireFalse

===========================================================================================
----------------- testing Sun Jul 21 18:06:18 UTC 2019 /home/travis/build/icyphy/ptII/ptolemy/domains/dt/kernel/test/auto/sdf_dt_1.xml
----------------- Instantiating /home/travis/build/icyphy/ptII/ptolemy/domains/dt/kernel/test/auto/sdf_dt_1.xml
10 ms. Memory: 154624K Free: 124839K (81%)
----------------- Invoking toplevel() on ptolemy.moml.MoMLSimpleApplication@51361a0
----------------- Done invoking toplevel() on ptolemy.moml.MoMLSimpleApplication@51361a0
reloadAllAccessors: .sdf_dt_1

===========================================================================================
----------------- testing Sun Jul 21 18:06:18 UTC 2019 /home/travis/build/icyphy/ptII/ptolemy/domains/dt/kernel/test/auto/sdf_dt_2.xml
----------------- Instantiating /home/travis/build/icyphy/ptII/ptolemy/domains/dt/kernel/test/auto/sdf_dt_2.xml
7 ms. Memory: 154624K Free: 116677K (75%)
----------------- Invoking toplevel() on ptolemy.moml.MoMLSimpleApplication@1ef9871a
----------------- Done invoking toplevel() on ptolemy.moml.MoMLSimpleApplication@1ef9871a
reloadAllAccessors: .sdf_dt_2
AutoTests.java: About to close Vertx.
AutoTests.java: Vertx closed.
]]></system-out>
  <system-err><![CDATA[java.lang.RuntimeException: Execution failed
	at ptolemy.moml.MoMLSimpleApplication$UnloadThread.run(MoMLSimpleApplication.java:402)
Caused by: ptolemy.kernel.util.IllegalActionException: Timing incompatibility error: DT0 is unable to fire DE_model at the requested time: 1.0. It responds it will fire it at: 10.0.
  in .deInsideDT.DE_model.DE0
	at ptolemy.actor.Director.fireContainerAt(Director.java:558)
	at ptolemy.domains.de.kernel.DEDirector._requestFiring(DEDirector.java:2708)
	at ptolemy.domains.de.kernel.DEDirector.postfire(DEDirector.java:1078)
	at ptolemy.actor.CompositeActor.postfire(CompositeActor.java:1668)
	at ptolemy.actor.CompositeActor.iterate(CompositeActor.java:1153)
	at ptolemy.actor.sched.StaticSchedulingDirector.fire(StaticSchedulingDirector.java:216)
	at ptolemy.domains.sdf.kernel.SDFDirector.fire(SDFDirector.java:500)
	at ptolemy.domains.dt.kernel.DTDirector.fire(DTDirector.java:347)
	at ptolemy.actor.CompositeActor.fire(CompositeActor.java:455)
	at ptolemy.actor.Manager.iterate(Manager.java:851)
	at ptolemy.actor.Manager.execute(Manager.java:369)
	at ptolemy.actor.Manager.run(Manager.java:1263)
	at ptolemy.actor.Manager$PtolemyRunThread.run(Manager.java:1933)
java.lang.reflect.InvocationTargetException
	at java.base/jdk.internal.reflect.NativeConstructorAccessorImpl.newInstance0(Native Method)
	at java.base/jdk.internal.reflect.NativeConstructorAccessorImpl.newInstance(NativeConstructorAccessorImpl.java:62)
	at java.base/jdk.internal.reflect.DelegatingConstructorAccessorImpl.newInstance(DelegatingConstructorAccessorImpl.java:45)
	at java.base/java.lang.reflect.Constructor.newInstance(Constructor.java:490)
	at ptolemy.util.test.junit.AutoKnownFailedTests.RunModel(AutoKnownFailedTests.java:105)
	at java.base/jdk.internal.reflect.NativeMethodAccessorImpl.invoke0(Native Method)
	at java.base/jdk.internal.reflect.NativeMethodAccessorImpl.invoke(NativeMethodAccessorImpl.java:62)
	at java.base/jdk.internal.reflect.DelegatingMethodAccessorImpl.invoke(DelegatingMethodAccessorImpl.java:43)
	at java.base/java.lang.reflect.Method.invoke(Method.java:566)
	at org.junit.runners.model.FrameworkMethod$1.runReflectiveCall(FrameworkMethod.java:44)
	at org.junit.internal.runners.model.ReflectiveCallable.run(ReflectiveCallable.java:15)
	at org.junit.runners.model.FrameworkMethod.invokeExplosively(FrameworkMethod.java:41)
	at junitparams.internal.InvokeParameterisedMethod.evaluate(InvokeParameterisedMethod.java:102)
	at org.junit.internal.runners.statements.FailOnTimeout$1.run(FailOnTimeout.java:28)
Caused by: ptolemy.kernel.util.IllegalActionException: Timing incompatibility error: DT0 is unable to fire DE_model at the requested time: 1.0. It responds it will fire it at: 10.0.
  in .deInsideDT.DE_model.DE0
	at ptolemy.actor.Director.fireContainerAt(Director.java:558)
	at ptolemy.domains.de.kernel.DEDirector._requestFiring(DEDirector.java:2708)
	at ptolemy.domains.de.kernel.DEDirector.postfire(DEDirector.java:1078)
	at ptolemy.actor.CompositeActor.postfire(CompositeActor.java:1668)
	at ptolemy.actor.CompositeActor.iterate(CompositeActor.java:1153)
	at ptolemy.actor.sched.StaticSchedulingDirector.fire(StaticSchedulingDirector.java:216)
	at ptolemy.domains.sdf.kernel.SDFDirector.fire(SDFDirector.java:500)
	at ptolemy.domains.dt.kernel.DTDirector.fire(DTDirector.java:347)
	at ptolemy.actor.CompositeActor.fire(CompositeActor.java:455)
	at ptolemy.actor.Manager.iterate(Manager.java:851)
	at ptolemy.actor.Manager.execute(Manager.java:369)
	at ptolemy.actor.Manager.run(Manager.java:1263)
	at ptolemy.actor.Manager$PtolemyRunThread.run(Manager.java:1933)
java.lang.reflect.InvocationTargetException
	at java.base/jdk.internal.reflect.NativeConstructorAccessorImpl.newInstance0(Native Method)
	at java.base/jdk.internal.reflect.NativeConstructorAccessorImpl.newInstance(NativeConstructorAccessorImpl.java:62)
	at java.base/jdk.internal.reflect.DelegatingConstructorAccessorImpl.newInstance(DelegatingConstructorAccessorImpl.java:45)
	at java.base/java.lang.reflect.Constructor.newInstance(Constructor.java:490)
	at ptolemy.util.test.junit.AutoKnownFailedTests.RunModel(AutoKnownFailedTests.java:105)
	at java.base/jdk.internal.reflect.NativeMethodAccessorImpl.invoke0(Native Method)
	at java.base/jdk.internal.reflect.NativeMethodAccessorImpl.invoke(NativeMethodAccessorImpl.java:62)
	at java.base/jdk.internal.reflect.DelegatingMethodAccessorImpl.invoke(DelegatingMethodAccessorImpl.java:43)
	at java.base/java.lang.reflect.Method.invoke(Method.java:566)
	at org.junit.runners.model.FrameworkMethod$1.runReflectiveCall(FrameworkMethod.java:44)
	at org.junit.internal.runners.model.ReflectiveCallable.run(ReflectiveCallable.java:15)
	at org.junit.runners.model.FrameworkMethod.invokeExplosively(FrameworkMethod.java:41)
	at junitparams.internal.InvokeParameterisedMethod.evaluate(InvokeParameterisedMethod.java:102)
	at org.junit.internal.runners.statements.FailOnTimeout$1.run(FailOnTimeout.java:28)
Caused by: com.microstar.xml.XmlException: Failed to find class 'ptolemy.domains.ct.kernel.CTScheduler' in file:/home/travis/build/icyphy/ptII/ptolemy/domains/dt/kernel/test/auto/knownFailedTests/DTinsideCT1_.xml at line 40 and column 71
Caused by:
 java.lang.ClassNotFoundException: ptolemy.domains.ct.kernel.CTScheduler
	at ptolemy.moml.MoMLParser._handlePropertyElement(MoMLParser.java:5911)
	at ptolemy.moml.MoMLParser.startElement(MoMLParser.java:3309)
	at com.microstar.xml.XmlParser.parseElement(XmlParser.java:921)
	at com.microstar.xml.XmlParser.parseContent(XmlParser.java:1104)
	at com.microstar.xml.XmlParser.parseElement(XmlParser.java:924)
	at com.microstar.xml.XmlParser.parseContent(XmlParser.java:1104)
	at com.microstar.xml.XmlParser.parseElement(XmlParser.java:924)
	at com.microstar.xml.XmlParser.parseDocument(XmlParser.java:481)
	at com.microstar.xml.XmlParser.doParse(XmlParser.java:159)
	at com.microstar.xml.XmlParser.parse(XmlParser.java:132)
	at ptolemy.moml.MoMLParser.parse(MoMLParser.java:1660)
	at ptolemy.moml.MoMLParser.parse(MoMLParser.java:1595)
	at ptolemy.moml.MoMLParser.parse(MoMLParser.java:1537)
	at ptolemy.moml.MoMLSimpleApplication.<init>(MoMLSimpleApplication.java:123)
	... 14 more
Caused by: java.lang.ClassNotFoundException: ptolemy.domains.ct.kernel.CTScheduler
	at java.base/jdk.internal.loader.BuiltinClassLoader.loadClass(BuiltinClassLoader.java:583)
	at java.base/jdk.internal.loader.ClassLoaders$AppClassLoader.loadClass(ClassLoaders.java:178)
	at java.base/java.lang.ClassLoader.loadClass(ClassLoader.java:521)
	at ptolemy.moml.MoMLParser._loadClass(MoMLParser.java:6402)
	at ptolemy.moml.MoMLParser._handlePropertyElement(MoMLParser.java:5906)
	... 27 more
java.lang.RuntimeException: Execution failed
	at ptolemy.moml.MoMLSimpleApplication$UnloadThread.run(MoMLSimpleApplication.java:402)
Caused by: ptolemy.kernel.util.IllegalActionException: Test fails in iteration 1.
Value was: 0.5555555556. Should have been: 11.1111111
  in .Dag3.Test18
	at ptolemy.actor.lib.Test.fire(Test.java:268)
	at ptolemy.actor.AtomicActor.iterate(AtomicActor.java:512)
	at ptolemy.actor.sched.StaticSchedulingDirector.fire(StaticSchedulingDirector.java:216)
	at ptolemy.domains.sdf.kernel.SDFDirector.fire(SDFDirector.java:500)
	at ptolemy.domains.dt.kernel.DTDirector.fire(DTDirector.java:347)
	at ptolemy.actor.CompositeActor.fire(CompositeActor.java:455)
	at ptolemy.actor.Manager.iterate(Manager.java:851)
	at ptolemy.actor.Manager.execute(Manager.java:369)
	at ptolemy.actor.Manager.run(Manager.java:1263)
	at ptolemy.actor.Manager$PtolemyRunThread.run(Manager.java:1933)
java.lang.reflect.InvocationTargetException
	at java.base/jdk.internal.reflect.NativeConstructorAccessorImpl.newInstance0(Native Method)
	at java.base/jdk.internal.reflect.NativeConstructorAccessorImpl.newInstance(NativeConstructorAccessorImpl.java:62)
	at java.base/jdk.internal.reflect.DelegatingConstructorAccessorImpl.newInstance(DelegatingConstructorAccessorImpl.java:45)
	at java.base/java.lang.reflect.Constructor.newInstance(Constructor.java:490)
	at ptolemy.util.test.junit.AutoKnownFailedTests.RunModel(AutoKnownFailedTests.java:105)
	at java.base/jdk.internal.reflect.NativeMethodAccessorImpl.invoke0(Native Method)
	at java.base/jdk.internal.reflect.NativeMethodAccessorImpl.invoke(NativeMethodAccessorImpl.java:62)
	at java.base/jdk.internal.reflect.DelegatingMethodAccessorImpl.invoke(DelegatingMethodAccessorImpl.java:43)
	at java.base/java.lang.reflect.Method.invoke(Method.java:566)
	at org.junit.runners.model.FrameworkMethod$1.runReflectiveCall(FrameworkMethod.java:44)
	at org.junit.internal.runners.model.ReflectiveCallable.run(ReflectiveCallable.java:15)
	at org.junit.runners.model.FrameworkMethod.invokeExplosively(FrameworkMethod.java:41)
	at junitparams.internal.InvokeParameterisedMethod.evaluate(InvokeParameterisedMethod.java:102)
	at org.junit.internal.runners.statements.FailOnTimeout$1.run(FailOnTimeout.java:28)
Caused by: ptolemy.kernel.util.IllegalActionException: Test fails in iteration 1.
Value was: 0.5555555556. Should have been: 11.1111111
  in .Dag3.Test18
	at ptolemy.actor.lib.Test.fire(Test.java:268)
	at ptolemy.actor.AtomicActor.iterate(AtomicActor.java:512)
	at ptolemy.actor.sched.StaticSchedulingDirector.fire(StaticSchedulingDirector.java:216)
	at ptolemy.domains.sdf.kernel.SDFDirector.fire(SDFDirector.java:500)
	at ptolemy.domains.dt.kernel.DTDirector.fire(DTDirector.java:347)
	at ptolemy.actor.CompositeActor.fire(CompositeActor.java:455)
	at ptolemy.actor.Manager.iterate(Manager.java:851)
	at ptolemy.actor.Manager.execute(Manager.java:369)
	at ptolemy.actor.Manager.run(Manager.java:1263)
	at ptolemy.actor.Manager$PtolemyRunThread.run(Manager.java:1933)
java.lang.RuntimeException: Execution failed
	at ptolemy.moml.MoMLSimpleApplication$UnloadThread.run(MoMLSimpleApplication.java:402)
Caused by: ptolemy.kernel.util.IllegalActionException: Test fails in iteration 0.
Value was: 0.0. Should have been: true
  in .sdf_sdf.typed composite actor3.Test1
	at ptolemy.actor.lib.Test.fire(Test.java:268)
	at ptolemy.actor.AtomicActor.iterate(AtomicActor.java:512)
	at ptolemy.actor.sched.StaticSchedulingDirector.fire(StaticSchedulingDirector.java:216)
	at ptolemy.domains.sdf.kernel.SDFDirector.fire(SDFDirector.java:500)
	at ptolemy.actor.CompositeActor.fire(CompositeActor.java:455)
	at ptolemy.actor.CompositeActor.iterate(CompositeActor.java:1146)
	at ptolemy.actor.sched.StaticSchedulingDirector.fire(StaticSchedulingDirector.java:216)
	at ptolemy.domains.sdf.kernel.SDFDirector.fire(SDFDirector.java:500)
	at ptolemy.actor.CompositeActor.fire(CompositeActor.java:455)
	at ptolemy.actor.Manager.iterate(Manager.java:851)
	at ptolemy.actor.Manager.execute(Manager.java:369)
	at ptolemy.actor.Manager.run(Manager.java:1263)
	at ptolemy.actor.Manager$PtolemyRunThread.run(Manager.java:1933)
java.lang.reflect.InvocationTargetException
	at java.base/jdk.internal.reflect.NativeConstructorAccessorImpl.newInstance0(Native Method)
	at java.base/jdk.internal.reflect.NativeConstructorAccessorImpl.newInstance(NativeConstructorAccessorImpl.java:62)
	at java.base/jdk.internal.reflect.DelegatingConstructorAccessorImpl.newInstance(DelegatingConstructorAccessorImpl.java:45)
	at java.base/java.lang.reflect.Constructor.newInstance(Constructor.java:490)
	at ptolemy.util.test.junit.AutoKnownFailedTests.RunModel(AutoKnownFailedTests.java:105)
	at java.base/jdk.internal.reflect.NativeMethodAccessorImpl.invoke0(Native Method)
	at java.base/jdk.internal.reflect.NativeMethodAccessorImpl.invoke(NativeMethodAccessorImpl.java:62)
	at java.base/jdk.internal.reflect.DelegatingMethodAccessorImpl.invoke(DelegatingMethodAccessorImpl.java:43)
	at java.base/java.lang.reflect.Method.invoke(Method.java:566)
	at org.junit.runners.model.FrameworkMethod$1.runReflectiveCall(FrameworkMethod.java:44)
	at org.junit.internal.runners.model.ReflectiveCallable.run(ReflectiveCallable.java:15)
	at org.junit.runners.model.FrameworkMethod.invokeExplosively(FrameworkMethod.java:41)
	at junitparams.internal.InvokeParameterisedMethod.evaluate(InvokeParameterisedMethod.java:102)
	at org.junit.internal.runners.statements.FailOnTimeout$1.run(FailOnTimeout.java:28)
Caused by: ptolemy.kernel.util.IllegalActionException: Test fails in iteration 0.
Value was: 0.0. Should have been: true
  in .sdf_sdf.typed composite actor3.Test1
	at ptolemy.actor.lib.Test.fire(Test.java:268)
	at ptolemy.actor.AtomicActor.iterate(AtomicActor.java:512)
	at ptolemy.actor.sched.StaticSchedulingDirector.fire(StaticSchedulingDirector.java:216)
	at ptolemy.domains.sdf.kernel.SDFDirector.fire(SDFDirector.java:500)
	at ptolemy.actor.CompositeActor.fire(CompositeActor.java:455)
	at ptolemy.actor.CompositeActor.iterate(CompositeActor.java:1146)
	at ptolemy.actor.sched.StaticSchedulingDirector.fire(StaticSchedulingDirector.java:216)
	at ptolemy.domains.sdf.kernel.SDFDirector.fire(SDFDirector.java:500)
	at ptolemy.actor.CompositeActor.fire(CompositeActor.java:455)
	at ptolemy.actor.Manager.iterate(Manager.java:851)
	at ptolemy.actor.Manager.execute(Manager.java:369)
	at ptolemy.actor.Manager.run(Manager.java:1263)
	at ptolemy.actor.Manager$PtolemyRunThread.run(Manager.java:1933)
]]></system-err>
</testsuite>
