<?xml version="1.0" encoding="UTF-8" ?>
<testsuite errors="0" failures="0" hostname="travis-job-f08b9624-5861-4500-b32f-073b00f473b8" name="ptolemy.domains.de.test.junit.JUnitTclTest" skipped="0" tests="101" time="126.845" timestamp="2020-08-21T15:28:54">
  <properties>
[...]
</properties>
  <testcase classname="ptolemy.util.test.junit.TclTests" name="[0] /home/travis/build/icyphy/ptII/ptolemy/domains/de/test/DependencyLoop.tcl (RunTclFile)" time="1.102" />
  <testcase classname="ptolemy.util.test.junit.TclTests" name="[1] /home/travis/build/icyphy/ptII/ptolemy/domains/de/test/RunDETestsAsQSS.tcl (RunTclFile)" time="86.693" />
  <testcase classname="ptolemy.util.test.junit.AutoKnownFailedTests" name="[0] /home/travis/build/icyphy/ptII/ptolemy/domains/de/test/auto/knownFailedTests/DESDFClockTest.xml (RunModel)" time="2.043" />
  <testcase classname="ptolemy.util.test.junit.AutoKnownFailedTests" name="[1] /home/travis/build/icyphy/ptII/ptolemy/domains/de/test/auto/knownFailedTests/DirectFeedback.xml (RunModel)" time="0.018" />
  <testcase classname="ptolemy.util.test.junit.AutoKnownFailedTests" name="[2] /home/travis/build/icyphy/ptII/ptolemy/domains/de/test/auto/knownFailedTests/FSMSource.xml (RunModel)" time="0.037" />
  <testcase classname="ptolemy.util.test.junit.AutoKnownFailedTests" name="[3] /home/travis/build/icyphy/ptII/ptolemy/domains/de/test/auto/knownFailedTests/HierarchicalModel.xml (RunModel)" time="0.057" />
  <testcase classname="ptolemy.util.test.junit.AutoKnownFailedTests" name="[4] /home/travis/build/icyphy/ptII/ptolemy/domains/de/test/auto/knownFailedTests/dependencyLoop.xml (RunModel)" time="0.039" />
  <testcase classname="ptolemy.util.test.junit.AutoKnownFailedTests" name="[5] /home/travis/build/icyphy/ptII/ptolemy/domains/de/test/auto/knownFailedTests/dependencyLoop2.xml (RunModel)" time="0.05" />
  <testcase classname="ptolemy.util.test.junit.AutoNameArchTests" name="[0] ThereAreNoAutoArchTests (RunModel)" time="0.001" />
  <testcase classname="ptolemy.util.test.junit.AutoTests" name="[0] /home/travis/build/icyphy/ptII/ptolemy/domains/de/test/auto/ActorDepthCalculation_actorWithoutPorts.xml (RunModel)" time="0.025" />
  <testcase classname="ptolemy.util.test.junit.AutoTests" name="[1] /home/travis/build/icyphy/ptII/ptolemy/domains/de/test/auto/AssemblyLine.xml (RunModel)" time="0.028" />
  <testcase classname="ptolemy.util.test.junit.AutoTests" name="[2] /home/travis/build/icyphy/ptII/ptolemy/domains/de/test/auto/CQBug1.xml (RunModel)" time="0.016" />
  <testcase classname="ptolemy.util.test.junit.AutoTests" name="[3] /home/travis/build/icyphy/ptII/ptolemy/domains/de/test/auto/CancelFireAt.xml (RunModel)" time="0.014" />
  <testcase classname="ptolemy.util.test.junit.AutoTests" name="[4] /home/travis/build/icyphy/ptII/ptolemy/domains/de/test/auto/CausalityAndComposabilityAnalysis.xml (RunModel)" time="0.012" />
  <testcase classname="ptolemy.util.test.junit.AutoTests" name="[5] /home/travis/build/icyphy/ptII/ptolemy/domains/de/test/auto/CausalityInterface1.xml (RunModel)" time="0.015" />
  <testcase classname="ptolemy.util.test.junit.AutoTests" name="[6] /home/travis/build/icyphy/ptII/ptolemy/domains/de/test/auto/CausalityInterface15.xml (RunModel)" time="0.017" />
  <testcase classname="ptolemy.util.test.junit.AutoTests" name="[7] /home/travis/build/icyphy/ptII/ptolemy/domains/de/test/auto/CausalityInterface2.xml (RunModel)" time="0.012" />
  <testcase classname="ptolemy.util.test.junit.AutoTests" name="[8] /home/travis/build/icyphy/ptII/ptolemy/domains/de/test/auto/CausalityInterface3.xml (RunModel)" time="0.018" />
  <testcase classname="ptolemy.util.test.junit.AutoTests" name="[9] /home/travis/build/icyphy/ptII/ptolemy/domains/de/test/auto/ClockDrift.xml (RunModel)" time="0.034" />
  <testcase classname="ptolemy.util.test.junit.AutoTests" name="[10] /home/travis/build/icyphy/ptII/ptolemy/domains/de/test/auto/ClockDriftAndValueChange.xml (RunModel)" time="0.03" />
  <testcase classname="ptolemy.util.test.junit.AutoTests" name="[11] /home/travis/build/icyphy/ptII/ptolemy/domains/de/test/auto/ClockDriftChange.xml (RunModel)" time="0.032" />
  <testcase classname="ptolemy.util.test.junit.AutoTests" name="[12] /home/travis/build/icyphy/ptII/ptolemy/domains/de/test/auto/ComposableCausalityAnalysis.xml (RunModel)" time="0.014" />
  <testcase classname="ptolemy.util.test.junit.AutoTests" name="[13] /home/travis/build/icyphy/ptII/ptolemy/domains/de/test/auto/DEFixedPointLimitation.xml (RunModel)" time="0.009" />
  <testcase classname="ptolemy.util.test.junit.AutoTests" name="[14] /home/travis/build/icyphy/ptII/ptolemy/domains/de/test/auto/DEScheduleTest.xml (RunModel)" time="0.015" />
  <testcase classname="ptolemy.util.test.junit.AutoTests" name="[15] /home/travis/build/icyphy/ptII/ptolemy/domains/de/test/auto/DEinDEwithStartTimes.xml (RunModel)" time="0.015" />
  <testcase classname="ptolemy.util.test.junit.AutoTests" name="[16] /home/travis/build/icyphy/ptII/ptolemy/domains/de/test/auto/DEinDEwithStartTimes2.xml (RunModel)" time="0.02" />
  <testcase classname="ptolemy.util.test.junit.AutoTests" name="[17] /home/travis/build/icyphy/ptII/ptolemy/domains/de/test/auto/DateDemo.xml (RunModel)" time="0.033" />
  <testcase classname="ptolemy.util.test.junit.AutoTests" name="[18] /home/travis/build/icyphy/ptII/ptolemy/domains/de/test/auto/DateToEvent.xml (RunModel)" time="2.044" />
  <testcase classname="ptolemy.util.test.junit.AutoTests" name="[19] /home/travis/build/icyphy/ptII/ptolemy/domains/de/test/auto/DepthTest1.xml (RunModel)" time="0.01" />
  <testcase classname="ptolemy.util.test.junit.AutoTests" name="[20] /home/travis/build/icyphy/ptII/ptolemy/domains/de/test/auto/DepthTest2.xml (RunModel)" time="0.022" />
  <testcase classname="ptolemy.util.test.junit.AutoTests" name="[21] /home/travis/build/icyphy/ptII/ptolemy/domains/de/test/auto/DepthTest3.xml (RunModel)" time="0.01" />
  <testcase classname="ptolemy.util.test.junit.AutoTests" name="[22] /home/travis/build/icyphy/ptII/ptolemy/domains/de/test/auto/DepthTest4.xml (RunModel)" time="0.015" />
  <testcase classname="ptolemy.util.test.junit.AutoTests" name="[23] /home/travis/build/icyphy/ptII/ptolemy/domains/de/test/auto/DepthTest5.xml (RunModel)" time="0.025" />
  <testcase classname="ptolemy.util.test.junit.AutoTests" name="[24] /home/travis/build/icyphy/ptII/ptolemy/domains/de/test/auto/DepthTest6.xml (RunModel)" time="0.012" />
  <testcase classname="ptolemy.util.test.junit.AutoTests" name="[25] /home/travis/build/icyphy/ptII/ptolemy/domains/de/test/auto/DepthTest7.xml (RunModel)" time="0.011" />
  <testcase classname="ptolemy.util.test.junit.AutoTests" name="[26] /home/travis/build/icyphy/ptII/ptolemy/domains/de/test/auto/EventToDate.xml (RunModel)" time="3.037" />
  <testcase classname="ptolemy.util.test.junit.AutoTests" name="[27] /home/travis/build/icyphy/ptII/ptolemy/domains/de/test/auto/FSM1.xml (RunModel)" time="0.046" />
  <testcase classname="ptolemy.util.test.junit.AutoTests" name="[28] /home/travis/build/icyphy/ptII/ptolemy/domains/de/test/auto/FSM7.xml (RunModel)" time="0.042" />
  <testcase classname="ptolemy.util.test.junit.AutoTests" name="[29] /home/travis/build/icyphy/ptII/ptolemy/domains/de/test/auto/Inspection.xml (RunModel)" time="0.046" />
  <testcase classname="ptolemy.util.test.junit.AutoTests" name="[30] /home/travis/build/icyphy/ptII/ptolemy/domains/de/test/auto/Iteration.xml (RunModel)" time="0.025" />
  <testcase classname="ptolemy.util.test.junit.AutoTests" name="[31] /home/travis/build/icyphy/ptII/ptolemy/domains/de/test/auto/LineFault.xml (RunModel)" time="0.559" />
  <testcase classname="ptolemy.util.test.junit.AutoTests" name="[32] /home/travis/build/icyphy/ptII/ptolemy/domains/de/test/auto/MergeModel1Add.xml (RunModel)" time="0.042" />
  <testcase classname="ptolemy.util.test.junit.AutoTests" name="[33] /home/travis/build/icyphy/ptII/ptolemy/domains/de/test/auto/MergeModel2Add.xml (RunModel)" time="0.042" />
  <testcase classname="ptolemy.util.test.junit.AutoTests" name="[34] /home/travis/build/icyphy/ptII/ptolemy/domains/de/test/auto/MergeModel3Add.xml (RunModel)" time="0.035" />
  <testcase classname="ptolemy.util.test.junit.AutoTests" name="[35] /home/travis/build/icyphy/ptII/ptolemy/domains/de/test/auto/MergeWithoutDiscard.xml (RunModel)" time="0.011" />
  <testcase classname="ptolemy.util.test.junit.AutoTests" name="[36] /home/travis/build/icyphy/ptII/ptolemy/domains/de/test/auto/Modal1.xml (RunModel)" time="0.038" />
  <testcase classname="ptolemy.util.test.junit.AutoTests" name="[37] /home/travis/build/icyphy/ptII/ptolemy/domains/de/test/auto/Modal2.xml (RunModel)" time="0.039" />
  <testcase classname="ptolemy.util.test.junit.AutoTests" name="[38] /home/travis/build/icyphy/ptII/ptolemy/domains/de/test/auto/Modal3.xml (RunModel)" time="0.029" />
  <testcase classname="ptolemy.util.test.junit.AutoTests" name="[39] /home/travis/build/icyphy/ptII/ptolemy/domains/de/test/auto/Modal4.xml (RunModel)" time="0.031" />
  <testcase classname="ptolemy.util.test.junit.AutoTests" name="[40] /home/travis/build/icyphy/ptII/ptolemy/domains/de/test/auto/Modal5.xml (RunModel)" time="0.029" />
  <testcase classname="ptolemy.util.test.junit.AutoTests" name="[41] /home/travis/build/icyphy/ptII/ptolemy/domains/de/test/auto/Modal6.xml (RunModel)" time="0.034" />
  <testcase classname="ptolemy.util.test.junit.AutoTests" name="[42] /home/travis/build/icyphy/ptII/ptolemy/domains/de/test/auto/Modal7.xml (RunModel)" time="0.029" />
  <testcase classname="ptolemy.util.test.junit.AutoTests" name="[43] /home/travis/build/icyphy/ptII/ptolemy/domains/de/test/auto/ModalModel.xml (RunModel)" time="0.161" />
  <testcase classname="ptolemy.util.test.junit.AutoTests" name="[44] /home/travis/build/icyphy/ptII/ptolemy/domains/de/test/auto/ModalSource.xml (RunModel)" time="0.017" />
  <testcase classname="ptolemy.util.test.junit.AutoTests" name="[45] /home/travis/build/icyphy/ptII/ptolemy/domains/de/test/auto/NonInterruptibleTimerZeroDelay.xml (RunModel)" time="0.014" />
  <testcase classname="ptolemy.util.test.junit.AutoTests" name="[46] /home/travis/build/icyphy/ptII/ptolemy/domains/de/test/auto/OpenQueueingNetwork.xml (RunModel)" time="2.347" />
  <testcase classname="ptolemy.util.test.junit.AutoTests" name="[47] /home/travis/build/icyphy/ptII/ptolemy/domains/de/test/auto/OpenQueuingNetwork.xml (RunModel)" time="0.267" />
  <testcase classname="ptolemy.util.test.junit.AutoTests" name="[48] /home/travis/build/icyphy/ptII/ptolemy/domains/de/test/auto/PeriodicSampler.xml (RunModel)" time="0.012" />
  <testcase classname="ptolemy.util.test.junit.AutoTests" name="[49] /home/travis/build/icyphy/ptII/ptolemy/domains/de/test/auto/PersistentIO.xml (RunModel)" time="0.022" />
  <testcase classname="ptolemy.util.test.junit.AutoTests" name="[50] /home/travis/build/icyphy/ptII/ptolemy/domains/de/test/auto/PortParameterResetOnInitialize.xml (RunModel)" time="0.011" />
  <testcase classname="ptolemy.util.test.junit.AutoTests" name="[51] /home/travis/build/icyphy/ptII/ptolemy/domains/de/test/auto/PortParameterUpdates.xml (RunModel)" time="0.013" />
  <testcase classname="ptolemy.util.test.junit.AutoTests" name="[52] /home/travis/build/icyphy/ptII/ptolemy/domains/de/test/auto/QueueAndServer.xml (RunModel)" time="0.022" />
  <testcase classname="ptolemy.util.test.junit.AutoTests" name="[53] /home/travis/build/icyphy/ptII/ptolemy/domains/de/test/auto/Records.xml (RunModel)" time="0.015" />
  <testcase classname="ptolemy.util.test.junit.AutoTests" name="[54] /home/travis/build/icyphy/ptII/ptolemy/domains/de/test/auto/ResetTransitionWithStartTime1.xml (RunModel)" time="0.016" />
  <testcase classname="ptolemy.util.test.junit.AutoTests" name="[55] /home/travis/build/icyphy/ptII/ptolemy/domains/de/test/auto/ResetTransitionWithStartTime2.xml (RunModel)" time="0.02" />
  <testcase classname="ptolemy.util.test.junit.AutoTests" name="[56] /home/travis/build/icyphy/ptII/ptolemy/domains/de/test/auto/ResetTransitionWithStartTime3.xml (RunModel)" time="0.027" />
  <testcase classname="ptolemy.util.test.junit.AutoTests" name="[57] /home/travis/build/icyphy/ptII/ptolemy/domains/de/test/auto/ResetTransitionWithStartTime4.xml (RunModel)" time="0.022" />
  <testcase classname="ptolemy.util.test.junit.AutoTests" name="[58] /home/travis/build/icyphy/ptII/ptolemy/domains/de/test/auto/ResettableTimer1.xml (RunModel)" time="0.02" />
  <testcase classname="ptolemy.util.test.junit.AutoTests" name="[59] /home/travis/build/icyphy/ptII/ptolemy/domains/de/test/auto/ResettableTimer2.xml (RunModel)" time="0.019" />
  <testcase classname="ptolemy.util.test.junit.AutoTests" name="[60] /home/travis/build/icyphy/ptII/ptolemy/domains/de/test/auto/ResettableTimer3.xml (RunModel)" time="0.013" />
  <testcase classname="ptolemy.util.test.junit.AutoTests" name="[61] /home/travis/build/icyphy/ptII/ptolemy/domains/de/test/auto/ResettableTimer4.xml (RunModel)" time="0.017" />
  <testcase classname="ptolemy.util.test.junit.AutoTests" name="[62] /home/travis/build/icyphy/ptII/ptolemy/domains/de/test/auto/ResettableTimer5.xml (RunModel)" time="0.01" />
  <testcase classname="ptolemy.util.test.junit.AutoTests" name="[63] /home/travis/build/icyphy/ptII/ptolemy/domains/de/test/auto/ResettableTimer6.xml (RunModel)" time="0.017" />
  <testcase classname="ptolemy.util.test.junit.AutoTests" name="[64] /home/travis/build/icyphy/ptII/ptolemy/domains/de/test/auto/ServerZeroDelay.xml (RunModel)" time="0.011" />
  <testcase classname="ptolemy.util.test.junit.AutoTests" name="[65] /home/travis/build/icyphy/ptII/ptolemy/domains/de/test/auto/SmartSender.xml (RunModel)" time="3.008" />
  <testcase classname="ptolemy.util.test.junit.AutoTests" name="[66] /home/travis/build/icyphy/ptII/ptolemy/domains/de/test/auto/ThreadedComposite.xml (RunModel)" time="0.107" />
  <testcase classname="ptolemy.util.test.junit.AutoTests" name="[67] /home/travis/build/icyphy/ptII/ptolemy/domains/de/test/auto/Time.xml (RunModel)" time="0.369" />
  <testcase classname="ptolemy.util.test.junit.AutoTests" name="[68] /home/travis/build/icyphy/ptII/ptolemy/domains/de/test/auto/TimeDelayZeroDelay.xml (RunModel)" time="0.017" />
  <testcase classname="ptolemy.util.test.junit.AutoTests" name="[69] /home/travis/build/icyphy/ptII/ptolemy/domains/de/test/auto/TimerZeroDelay.xml (RunModel)" time="0.015" />
  <testcase classname="ptolemy.util.test.junit.AutoTests" name="[70] /home/travis/build/icyphy/ptII/ptolemy/domains/de/test/auto/TimingParadox.xml (RunModel)" time="0.284" />
  <testcase classname="ptolemy.util.test.junit.AutoTests" name="[71] /home/travis/build/icyphy/ptII/ptolemy/domains/de/test/auto/TransferInputs.xml (RunModel)" time="0.026" />
  <testcase classname="ptolemy.util.test.junit.AutoTests" name="[72] /home/travis/build/icyphy/ptII/ptolemy/domains/de/test/auto/TransferOutputs2.xml (RunModel)" time="0.015" />
  <testcase classname="ptolemy.util.test.junit.AutoTests" name="[73] /home/travis/build/icyphy/ptII/ptolemy/domains/de/test/auto/Trilateration.xml (RunModel)" time="10.997" />
  <testcase classname="ptolemy.util.test.junit.AutoTests" name="[74] /home/travis/build/icyphy/ptII/ptolemy/domains/de/test/auto/TwoSigmaDelta.xml (RunModel)" time="1.668" />
  <testcase classname="ptolemy.util.test.junit.AutoTests" name="[75] /home/travis/build/icyphy/ptII/ptolemy/domains/de/test/auto/VariableDelay.xml (RunModel)" time="0.01" />
  <testcase classname="ptolemy.util.test.junit.AutoTests" name="[76] /home/travis/build/icyphy/ptII/ptolemy/domains/de/test/auto/VariableDelay2.xml (RunModel)" time="0.009" />
  <testcase classname="ptolemy.util.test.junit.AutoTests" name="[77] /home/travis/build/icyphy/ptII/ptolemy/domains/de/test/auto/VariableDelayZeroDelay.xml (RunModel)" time="0.033" />
  <testcase classname="ptolemy.util.test.junit.AutoTests" name="[78] /home/travis/build/icyphy/ptII/ptolemy/domains/de/test/auto/VariableDelayZeroDelay2.xml (RunModel)" time="0.016" />
  <testcase classname="ptolemy.util.test.junit.AutoTests" name="[79] /home/travis/build/icyphy/ptII/ptolemy/domains/de/test/auto/deInCt.xml (RunModel)" time="0.016" />
  <testcase classname="ptolemy.util.test.junit.AutoTests" name="[80] /home/travis/build/icyphy/ptII/ptolemy/domains/de/test/auto/deInCt2.xml (RunModel)" time="0.015" />
  <testcase classname="ptolemy.util.test.junit.AutoTests" name="[81] /home/travis/build/icyphy/ptII/ptolemy/domains/de/test/auto/dynamicCausalityInterface1.xml (RunModel)" time="0.02" />
  <testcase classname="ptolemy.util.test.junit.AutoTests" name="[82] /home/travis/build/icyphy/ptII/ptolemy/domains/de/test/auto/fsm_de_test.xml (RunModel)" time="0.027" />
  <testcase classname="ptolemy.util.test.junit.AutoTests" name="[83] /home/travis/build/icyphy/ptII/ptolemy/domains/de/test/auto/functionDependencyReconstruction.xml (RunModel)" time="0.028" />
  <testcase classname="ptolemy.util.test.junit.AutoTests" name="[84] /home/travis/build/icyphy/ptII/ptolemy/domains/de/test/auto/multirate.xml (RunModel)" time="0.014" />
  <testcase classname="ptolemy.util.test.junit.AutoTests" name="[85] /home/travis/build/icyphy/ptII/ptolemy/domains/de/test/auto/multirate2.xml (RunModel)" time="0.014" />
  <testcase classname="ptolemy.util.test.junit.AutoTests" name="[86] /home/travis/build/icyphy/ptII/ptolemy/domains/de/test/auto/realtime.xml (RunModel)" time="10.009" />
  <testcase classname="ptolemy.util.test.junit.AutoTests" name="[87] /home/travis/build/icyphy/ptII/ptolemy/domains/de/test/auto/relationGroup.xml (RunModel)" time="0.013" />
  <testcase classname="ptolemy.util.test.junit.AutoTests" name="[88] /home/travis/build/icyphy/ptII/ptolemy/domains/de/test/auto/relationGroup2.xml (RunModel)" time="0.007" />
  <testcase classname="ptolemy.util.test.junit.AutoTests" name="[89] /home/travis/build/icyphy/ptII/ptolemy/domains/de/test/auto/sortWithOpaquePorts.xml (RunModel)" time="0.014" />
  <testcase classname="ptolemy.util.test.junit.AutoTests" name="[90] /home/travis/build/icyphy/ptII/ptolemy/domains/de/test/auto/transferInputsandOutputs.xml (RunModel)" time="0.017" />
  <testcase classname="ptolemy.util.test.junit.AutoTests" name="[91] /home/travis/build/icyphy/ptII/ptolemy/domains/de/test/auto/triggerType.xml (RunModel)" time="0.008" />
  <system-out><![CDATA[/home/travis/build/icyphy/ptII/ptolemy/domains/de/test/DependencyLoop.tcl
testDefs.tcl: setting time out to 9000 seconds at Fri Aug 21 15:28:54 UTC 2020
88 ms. Memory: 129024K Free: 79173K (61%)
19 ms. Memory: 129024K Free: 61759K (48%)
/home/travis/build/icyphy/ptII/ptolemy/domains/de/test/RunDETestsAsQSS.tcl
Run the DE tests using ptolemy.domains.qss.test.QSSDirectorTest, which extends QSSDirector and prints a message in the constructors.
------------------ testing $PTII/ptolemy/domains/de/test/auto/knownFailedTests/DirectFeedback.xml (Known Failure) 
65 ms. Memory: 129024K Free: 56135K (44%)


==== $PTIIhome/travis/build/icyphy/ptII/ptolemy/domains/de/test/../../../../: Auto Automatic test in file $PTII/ptolemy/domains/de/test/auto/knownFailedTests/DirectFeedback.xml
==== Contents of test case:

	    # FIXME: we should use $relativeFilename here, but it
	    # might have backslashes under Windows, which causes no end
	    # of trouble.
	    createAndExecute $file
	    list {}
	
.... Test generated KNOWN error:
    while executing
ptolemy.kernel.util.IllegalActionException: Test fails in iteration 1.
Value was: 1.0. Should have been: 2.0
  in .DirectFeedback.Test
	at ptolemy.actor.lib.Test.fire(Test.java:268)
	at ptolemy.domains.de.kernel.DEDirector._fire(DEDirector.java:1949)
	at ptolemy.domains.de.kernel.DEDirector.fire(DEDirector.java:502)
	at ptolemy.actor.CompositeActor.fire(CompositeActor.java:455)
	at ptolemy.actor.Manager.iterate(Manager.java:851)
	at ptolemy.actor.Manager.execute(Manager.java:369)
	at ptolemy.actor.Manager.run(Manager.java:1263)
	at ptolemy.actor.Manager$PtolemyRunThread.run(Manager.java:1933)

    while executing
ptolemy.kernel.util.IllegalActionException: Test fails in iteration 1.
Value was: 1.0. Should have been: 2.0
  in .DirectFeedback.Test
    while executing
"java::new ptolemy.moml.MoMLSimpleApplication $file
"
    (procedure "createAndExecute" line 2)
    invoked from within
"createAndExecute $file"
    ("uplevel" body line 5)
    invoked from within
"uplevel $contents_of_test"
------------------ testing $PTII/ptolemy/domains/de/test/auto/knownFailedTests/dependencyLoop.xml (Known Failure) 
31 ms. Memory: 129024K Free: 53063K (41%)


==== $PTIIhome/travis/build/icyphy/ptII/ptolemy/domains/de/test/../../../../: Auto Automatic test in file $PTII/ptolemy/domains/de/test/auto/knownFailedTests/dependencyLoop.xml
==== Contents of test case:

	    # FIXME: we should use $relativeFilename here, but it
	    # might have backslashes under Windows, which causes no end
	    # of trouble.
	    createAndExecute $file
	    list {}
	
.... Test generated KNOWN error:
    while executing
ptolemy.kernel.util.IllegalActionException: Found a zero delay loop containing .dependencyLoop.original
  in .dependencyLoop and .dependencyLoop.original
	at ptolemy.actor.util.CausalityInterfaceForComposites._computeOutputPortDepth(CausalityInterfaceForComposites.java:759)
	at ptolemy.actor.util.CausalityInterfaceForComposites._computeInputDepth(CausalityInterfaceForComposites.java:696)
	at ptolemy.actor.util.CausalityInterfaceForComposites._computeOutputPortDepth(CausalityInterfaceForComposites.java:765)
	at ptolemy.actor.util.CausalityInterfaceForComposites._computeInputDepth(CausalityInterfaceForComposites.java:696)
	at ptolemy.actor.util.CausalityInterfaceForComposites._computeOutputPortDepth(CausalityInterfaceForComposites.java:765)
	at ptolemy.actor.util.CausalityInterfaceForComposites._computeInputDepth(CausalityInterfaceForComposites.java:696)
	at ptolemy.actor.util.CausalityInterfaceForComposites._computeActorDepth(CausalityInterfaceForComposites.java:532)
	at ptolemy.actor.util.CausalityInterfaceForComposites.checkForCycles(CausalityInterfaceForComposites.java:96)
	at ptolemy.domains.de.kernel.DEDirector.preinitialize(DEDirector.java:1338)
	at ptolemy.actor.CompositeActor.preinitialize(CompositeActor.java:1828)
	at ptolemy.actor.Manager.preinitializeAndResolveTypes(Manager.java:1040)
	at ptolemy.actor.Manager.initialize(Manager.java:710)
	at ptolemy.actor.Manager.execute(Manager.java:356)
	at ptolemy.actor.Manager.run(Manager.java:1263)
	at ptolemy.actor.Manager$PtolemyRunThread.run(Manager.java:1933)

    while executing
ptolemy.kernel.util.IllegalActionException: Found a zero delay loop containing .dependencyLoop.original
  in .dependencyLoop and .dependencyLoop.original
    while executing
"java::new ptolemy.moml.MoMLSimpleApplication $file
"
    (procedure "createAndExecute" line 2)
    invoked from within
"createAndExecute $file"
    ("uplevel" body line 5)
    invoked from within
"uplevel $contents_of_test"
------------------ testing $PTII/ptolemy/domains/de/test/auto/knownFailedTests/FSMSource.xml (Known Failure) 
47 ms. Memory: 129024K Free: 111581K (86%)
!!!! Auto was marked as failing, but now passes
------------------ testing $PTII/ptolemy/domains/de/test/auto/knownFailedTests/HierarchicalModel.xml (Known Failure) 
10 ms. Memory: 129024K Free: 94651K (73%)


==== $PTIIhome/travis/build/icyphy/ptII/ptolemy/domains/de/test/../../../../: Auto Automatic test in file $PTII/ptolemy/domains/de/test/auto/knownFailedTests/HierarchicalModel.xml
==== Contents of test case:

	    # FIXME: we should use $relativeFilename here, but it
	    # might have backslashes under Windows, which causes no end
	    # of trouble.
	    createAndExecute $file
	    list {}
	
.... Test generated KNOWN error:
    while executing
ptolemy.kernel.util.IllegalActionException: Found a zero delay loop containing .HierarchicalModel.A
  in .HierarchicalModel and .HierarchicalModel.A
	at ptolemy.actor.util.CausalityInterfaceForComposites._computeOutputPortDepth(CausalityInterfaceForComposites.java:759)
	at ptolemy.actor.util.CausalityInterfaceForComposites._computeInputDepth(CausalityInterfaceForComposites.java:696)
	at ptolemy.actor.util.CausalityInterfaceForComposites._computeOutputPortDepth(CausalityInterfaceForComposites.java:765)
	at ptolemy.actor.util.CausalityInterfaceForComposites._computeInputDepth(CausalityInterfaceForComposites.java:696)
	at ptolemy.actor.util.CausalityInterfaceForComposites._computeOutputPortDepth(CausalityInterfaceForComposites.java:765)
	at ptolemy.actor.util.CausalityInterfaceForComposites._computeInputDepth(CausalityInterfaceForComposites.java:696)
	at ptolemy.actor.util.CausalityInterfaceForComposites._computeActorDepth(CausalityInterfaceForComposites.java:532)
	at ptolemy.actor.util.CausalityInterfaceForComposites.checkForCycles(CausalityInterfaceForComposites.java:96)
	at ptolemy.domains.de.kernel.DEDirector.preinitialize(DEDirector.java:1338)
	at ptolemy.actor.CompositeActor.preinitialize(CompositeActor.java:1828)
	at ptolemy.actor.Manager.preinitializeAndResolveTypes(Manager.java:1040)
	at ptolemy.actor.Manager.initialize(Manager.java:710)
	at ptolemy.actor.Manager.execute(Manager.java:356)
	at ptolemy.actor.Manager.run(Manager.java:1263)
	at ptolemy.actor.Manager$PtolemyRunThread.run(Manager.java:1933)

    while executing
ptolemy.kernel.util.IllegalActionException: Found a zero delay loop containing .HierarchicalModel.A
  in .HierarchicalModel and .HierarchicalModel.A
    while executing
"java::new ptolemy.moml.MoMLSimpleApplication $file
"
    (procedure "createAndExecute" line 2)
    invoked from within
"createAndExecute $file"
    ("uplevel" body line 5)
    invoked from within
"uplevel $contents_of_test"
------------------ testing $PTII/ptolemy/domains/de/test/auto/knownFailedTests/dependencyLoop2.xml (Known Failure) 
5 ms. Memory: 129024K Free: 78803K (61%)


==== $PTIIhome/travis/build/icyphy/ptII/ptolemy/domains/de/test/../../../../: Auto Automatic test in file $PTII/ptolemy/domains/de/test/auto/knownFailedTests/dependencyLoop2.xml
==== Contents of test case:

	    # FIXME: we should use $relativeFilename here, but it
	    # might have backslashes under Windows, which causes no end
	    # of trouble.
	    createAndExecute $file
	    list {}
	
.... Test generated KNOWN error:
    while executing
ptolemy.kernel.util.IllegalActionException: Found a zero delay loop containing .dependencyLoop2.original
  in .dependencyLoop2 and .dependencyLoop2.original
	at ptolemy.actor.util.CausalityInterfaceForComposites._computeOutputPortDepth(CausalityInterfaceForComposites.java:759)
	at ptolemy.actor.util.CausalityInterfaceForComposites._computeInputDepth(CausalityInterfaceForComposites.java:696)
	at ptolemy.actor.util.CausalityInterfaceForComposites._computeOutputPortDepth(CausalityInterfaceForComposites.java:765)
	at ptolemy.actor.util.CausalityInterfaceForComposites._computeInputDepth(CausalityInterfaceForComposites.java:696)
	at ptolemy.actor.util.CausalityInterfaceForComposites._computeOutputPortDepth(CausalityInterfaceForComposites.java:765)
	at ptolemy.actor.util.CausalityInterfaceForComposites._computeInputDepth(CausalityInterfaceForComposites.java:696)
	at ptolemy.actor.util.CausalityInterfaceForComposites._computeActorDepth(CausalityInterfaceForComposites.java:532)
	at ptolemy.actor.util.CausalityInterfaceForComposites.checkForCycles(CausalityInterfaceForComposites.java:96)
	at ptolemy.domains.de.kernel.DEDirector.preinitialize(DEDirector.java:1338)
	at ptolemy.actor.CompositeActor.preinitialize(CompositeActor.java:1828)
	at ptolemy.actor.Manager.preinitializeAndResolveTypes(Manager.java:1040)
	at ptolemy.actor.Manager.initialize(Manager.java:710)
	at ptolemy.actor.Manager.execute(Manager.java:356)
	at ptolemy.actor.Manager.run(Manager.java:1263)
	at ptolemy.actor.Manager$PtolemyRunThread.run(Manager.java:1933)

    while executing
ptolemy.kernel.util.IllegalActionException: Found a zero delay loop containing .dependencyLoop2.original
  in .dependencyLoop2 and .dependencyLoop2.original
    while executing
"java::new ptolemy.moml.MoMLSimpleApplication $file
"
    (procedure "createAndExecute" line 2)
    invoked from within
"createAndExecute $file"
    ("uplevel" body line 5)
    invoked from within
"uplevel $contents_of_test"
------------------ testing $PTII/ptolemy/domains/de/test/auto/knownFailedTests/DESDFClockTest.xml (Known Failure) 
2062 ms. Memory: 129024K Free: 109515K (85%)


==== $PTIIhome/travis/build/icyphy/ptII/ptolemy/domains/de/test/../../../../: Auto Automatic test in file $PTII/ptolemy/domains/de/test/auto/knownFailedTests/DESDFClockTest.xml
==== Contents of test case:

	    # FIXME: we should use $relativeFilename here, but it
	    # might have backslashes under Windows, which causes no end
	    # of trouble.
	    createAndExecute $file
	    list {}
	
.... Test generated KNOWN error:
    while executing
ptolemy.kernel.util.IllegalActionException: Actor is not ready to fire.  Perhaps UpSample.prefire() returned false? Try debugging the actor by selecting "Listen to Actor".  Also, for SDF check moml for tokenConsumptionRate on input.
  in .DESDFClockTest.Play Bell.Copy1:SDF Director and .DESDFClockTest.Play Bell.UpSample
	at ptolemy.actor.sched.StaticSchedulingDirector.fire(StaticSchedulingDirector.java:227)
	at ptolemy.domains.sdf.kernel.SDFDirector.fire(SDFDirector.java:500)
	at ptolemy.actor.CompositeActor.fire(CompositeActor.java:455)
	at ptolemy.domains.de.kernel.DEDirector._fire(DEDirector.java:1949)
	at ptolemy.domains.de.kernel.DEDirector.fire(DEDirector.java:502)
	at ptolemy.actor.CompositeActor.fire(CompositeActor.java:455)
	at ptolemy.actor.Manager.iterate(Manager.java:851)
	at ptolemy.actor.Manager.execute(Manager.java:369)
	at ptolemy.actor.Manager.run(Manager.java:1263)
	at ptolemy.actor.Manager$PtolemyRunThread.run(Manager.java:1933)

    while executing
ptolemy.kernel.util.IllegalActionException: Actor is not ready to fire.  Perhaps UpSample.prefire() returned false? Try debugging the actor by selecting "Listen to Actor".  Also, for SDF check moml for tokenConsumptionRate on input.
  in .DESDFClockTest.Play Bell.Copy1:SDF Director and .DESDFClockTest.Play Bell.UpSample
    while executing
"java::new ptolemy.moml.MoMLSimpleApplication $file
"
    (procedure "createAndExecute" line 2)
    invoked from within
"createAndExecute $file"
    ("uplevel" body line 5)
    invoked from within
"uplevel $contents_of_test"
------------------ testing $PTII/ptolemy/domains/de/test/auto/ActorDepthCalculation_actorWithoutPorts.xml
auto.tcl: Setting watchdog for 200 seconds at Fri Aug 21 15:28:58 UTC 2020
5 ms. Memory: 129024K Free: 101309K (79%)
ptolemy.util.test.WatchDog.cancel(): canceling Fri Aug 21 15:28:58 UTC 2020
auto.tcl: Setting watchdog for 200 seconds at Fri Aug 21 15:28:58 UTC 2020
5 ms. Memory: 129024K Free: 100285K (78%)
ptolemy.util.test.WatchDog.cancel(): canceling Fri Aug 21 15:28:58 UTC 2020
------------------ testing $PTII/ptolemy/domains/de/test/auto/AssemblyLine.xml
auto.tcl: Setting watchdog for 200 seconds at Fri Aug 21 15:28:58 UTC 2020
23 ms. Memory: 51200K Free: 27921K (55%)
ptolemy.util.test.WatchDog.cancel(): canceling Fri Aug 21 15:28:58 UTC 2020
auto.tcl: Setting watchdog for 200 seconds at Fri Aug 21 15:28:58 UTC 2020
7 ms. Memory: 51200K Free: 27258K (53%)
ptolemy.util.test.WatchDog.cancel(): canceling Fri Aug 21 15:28:58 UTC 2020
------------------ testing $PTII/ptolemy/domains/de/test/auto/CQBug1.xml
auto.tcl: Setting watchdog for 200 seconds at Fri Aug 21 15:28:58 UTC 2020
3 ms. Memory: 51200K Free: 33235K (65%)
ptolemy.util.test.WatchDog.cancel(): canceling Fri Aug 21 15:28:58 UTC 2020
auto.tcl: Setting watchdog for 200 seconds at Fri Aug 21 15:28:58 UTC 2020
2 ms. Memory: 51200K Free: 32800K (64%)
ptolemy.util.test.WatchDog.cancel(): canceling Fri Aug 21 15:28:59 UTC 2020
------------------ testing $PTII/ptolemy/domains/de/test/auto/CancelFireAt.xml
auto.tcl: Setting watchdog for 200 seconds at Fri Aug 21 15:28:59 UTC 2020
2 ms. Memory: 51200K Free: 34490K (67%)
ptolemy.util.test.WatchDog.cancel(): canceling Fri Aug 21 15:28:59 UTC 2020
auto.tcl: Setting watchdog for 200 seconds at Fri Aug 21 15:28:59 UTC 2020
3 ms. Memory: 51200K Free: 34001K (66%)
ptolemy.util.test.WatchDog.cancel(): canceling Fri Aug 21 15:28:59 UTC 2020
------------------ testing $PTII/ptolemy/domains/de/test/auto/CausalityAndComposabilityAnalysis.xml
auto.tcl: Setting watchdog for 200 seconds at Fri Aug 21 15:28:59 UTC 2020
20 ms. Memory: 51200K Free: 32603K (64%)
ptolemy.util.test.WatchDog.cancel(): canceling Fri Aug 21 15:28:59 UTC 2020
auto.tcl: Setting watchdog for 200 seconds at Fri Aug 21 15:28:59 UTC 2020
8 ms. Memory: 51200K Free: 31960K (62%)
ptolemy.util.test.WatchDog.cancel(): canceling Fri Aug 21 15:28:59 UTC 2020
------------------ testing $PTII/ptolemy/domains/de/test/auto/CausalityInterface1.xml
auto.tcl: Setting watchdog for 200 seconds at Fri Aug 21 15:28:59 UTC 2020
37 ms. Memory: 51200K Free: 31364K (61%)
ptolemy.util.test.WatchDog.cancel(): canceling Fri Aug 21 15:28:59 UTC 2020
auto.tcl: Setting watchdog for 200 seconds at Fri Aug 21 15:28:59 UTC 2020
7 ms. Memory: 51200K Free: 30401K (59%)
ptolemy.util.test.WatchDog.cancel(): canceling Fri Aug 21 15:28:59 UTC 2020
------------------ testing $PTII/ptolemy/domains/de/test/auto/CausalityInterface15.xml
auto.tcl: Setting watchdog for 200 seconds at Fri Aug 21 15:28:59 UTC 2020
14 ms. Memory: 51200K Free: 31305K (61%)
ptolemy.util.test.WatchDog.cancel(): canceling Fri Aug 21 15:28:59 UTC 2020
auto.tcl: Setting watchdog for 200 seconds at Fri Aug 21 15:28:59 UTC 2020
4 ms. Memory: 51200K Free: 30370K (59%)
ptolemy.util.test.WatchDog.cancel(): canceling Fri Aug 21 15:28:59 UTC 2020
------------------ testing $PTII/ptolemy/domains/de/test/auto/CausalityInterface2.xml
auto.tcl: Setting watchdog for 200 seconds at Fri Aug 21 15:28:59 UTC 2020
8 ms. Memory: 51200K Free: 32004K (63%)
ptolemy.util.test.WatchDog.cancel(): canceling Fri Aug 21 15:28:59 UTC 2020
auto.tcl: Setting watchdog for 200 seconds at Fri Aug 21 15:28:59 UTC 2020
3 ms. Memory: 51200K Free: 30860K (60%)
ptolemy.util.test.WatchDog.cancel(): canceling Fri Aug 21 15:28:59 UTC 2020
------------------ testing $PTII/ptolemy/domains/de/test/auto/CausalityInterface3.xml
auto.tcl: Setting watchdog for 200 seconds at Fri Aug 21 15:28:59 UTC 2020
4 ms. Memory: 51200K Free: 31539K (62%)
ptolemy.util.test.WatchDog.cancel(): canceling Fri Aug 21 15:28:59 UTC 2020
auto.tcl: Setting watchdog for 200 seconds at Fri Aug 21 15:28:59 UTC 2020
3 ms. Memory: 51200K Free: 31052K (61%)
ptolemy.util.test.WatchDog.cancel(): canceling Fri Aug 21 15:28:59 UTC 2020
------------------ testing $PTII/ptolemy/domains/de/test/auto/ClockDrift.xml
auto.tcl: Setting watchdog for 200 seconds at Fri Aug 21 15:28:59 UTC 2020
79 ms. Memory: 51200K Free: 24130K (47%)
ptolemy.util.test.WatchDog.cancel(): canceling Fri Aug 21 15:28:59 UTC 2020
auto.tcl: Setting watchdog for 200 seconds at Fri Aug 21 15:28:59 UTC 2020
58 ms. Memory: 51200K Free: 21119K (41%)
ptolemy.util.test.WatchDog.cancel(): canceling Fri Aug 21 15:28:59 UTC 2020
------------------ testing $PTII/ptolemy/domains/de/test/auto/ClockDriftAndValueChange.xml
auto.tcl: Setting watchdog for 200 seconds at Fri Aug 21 15:29:00 UTC 2020
41 ms. Memory: 51200K Free: 24733K (48%)
ptolemy.util.test.WatchDog.cancel(): canceling Fri Aug 21 15:29:00 UTC 2020
auto.tcl: Setting watchdog for 200 seconds at Fri Aug 21 15:29:00 UTC 2020
28 ms. Memory: 51200K Free: 21560K (42%)
ptolemy.util.test.WatchDog.cancel(): canceling Fri Aug 21 15:29:00 UTC 2020
------------------ testing $PTII/ptolemy/domains/de/test/auto/ClockDriftChange.xml
auto.tcl: Setting watchdog for 200 seconds at Fri Aug 21 15:29:00 UTC 2020
19 ms. Memory: 51200K Free: 25791K (50%)
ptolemy.util.test.WatchDog.cancel(): canceling Fri Aug 21 15:29:00 UTC 2020
auto.tcl: Setting watchdog for 200 seconds at Fri Aug 21 15:29:00 UTC 2020
21 ms. Memory: 51200K Free: 23417K (46%)
ptolemy.util.test.WatchDog.cancel(): canceling Fri Aug 21 15:29:00 UTC 2020
------------------ testing $PTII/ptolemy/domains/de/test/auto/ComposableCausalityAnalysis.xml
auto.tcl: Setting watchdog for 200 seconds at Fri Aug 21 15:29:00 UTC 2020
3 ms. Memory: 51200K Free: 30621K (60%)
ptolemy.util.test.WatchDog.cancel(): canceling Fri Aug 21 15:29:00 UTC 2020
auto.tcl: Setting watchdog for 200 seconds at Fri Aug 21 15:29:00 UTC 2020
6 ms. Memory: 51200K Free: 29603K (58%)
ptolemy.util.test.WatchDog.cancel(): canceling Fri Aug 21 15:29:00 UTC 2020
------------------ testing $PTII/ptolemy/domains/de/test/auto/DEFixedPointLimitation.xml
auto.tcl: Setting watchdog for 200 seconds at Fri Aug 21 15:29:00 UTC 2020
2 ms. Memory: 51200K Free: 31766K (62%)
ptolemy.util.test.WatchDog.cancel(): canceling Fri Aug 21 15:29:00 UTC 2020
auto.tcl: Setting watchdog for 200 seconds at Fri Aug 21 15:29:00 UTC 2020
2 ms. Memory: 51200K Free: 31109K (61%)
ptolemy.util.test.WatchDog.cancel(): canceling Fri Aug 21 15:29:00 UTC 2020
------------------ testing $PTII/ptolemy/domains/de/test/auto/DEScheduleTest.xml
auto.tcl: Setting watchdog for 200 seconds at Fri Aug 21 15:29:00 UTC 2020
4 ms. Memory: 51200K Free: 32333K (63%)
ptolemy.util.test.WatchDog.cancel(): canceling Fri Aug 21 15:29:00 UTC 2020
auto.tcl: Setting watchdog for 200 seconds at Fri Aug 21 15:29:00 UTC 2020
3 ms. Memory: 51200K Free: 31577K (62%)
ptolemy.util.test.WatchDog.cancel(): canceling Fri Aug 21 15:29:00 UTC 2020
------------------ testing $PTII/ptolemy/domains/de/test/auto/DEinDEwithStartTimes.xml
auto.tcl: Setting watchdog for 200 seconds at Fri Aug 21 15:29:00 UTC 2020
8 ms. Memory: 51200K Free: 30504K (60%)
ptolemy.util.test.WatchDog.cancel(): canceling Fri Aug 21 15:29:00 UTC 2020
auto.tcl: Setting watchdog for 200 seconds at Fri Aug 21 15:29:00 UTC 2020
8 ms. Memory: 51200K Free: 29480K (58%)
ptolemy.util.test.WatchDog.cancel(): canceling Fri Aug 21 15:29:00 UTC 2020
------------------ testing $PTII/ptolemy/domains/de/test/auto/DEinDEwithStartTimes2.xml
auto.tcl: Setting watchdog for 200 seconds at Fri Aug 21 15:29:00 UTC 2020
6 ms. Memory: 51200K Free: 29619K (58%)
ptolemy.util.test.WatchDog.cancel(): canceling Fri Aug 21 15:29:00 UTC 2020
auto.tcl: Setting watchdog for 200 seconds at Fri Aug 21 15:29:00 UTC 2020
4 ms. Memory: 51200K Free: 28584K (56%)
ptolemy.util.test.WatchDog.cancel(): canceling Fri Aug 21 15:29:00 UTC 2020
------------------ testing $PTII/ptolemy/domains/de/test/auto/DateDemo.xml
auto.tcl: Setting watchdog for 200 seconds at Fri Aug 21 15:29:00 UTC 2020
16 ms. Memory: 51200K Free: 24523K (48%)
ptolemy.util.test.WatchDog.cancel(): canceling Fri Aug 21 15:29:00 UTC 2020
auto.tcl: Setting watchdog for 200 seconds at Fri Aug 21 15:29:00 UTC 2020
7 ms. Memory: 51200K Free: 22834K (45%)
ptolemy.util.test.WatchDog.cancel(): canceling Fri Aug 21 15:29:00 UTC 2020
------------------ testing $PTII/ptolemy/domains/de/test/auto/DateToEvent.xml
auto.tcl: Setting watchdog for 200 seconds at Fri Aug 21 15:29:00 UTC 2020
2015 ms. Memory: 51200K Free: 20000K (39%)
ptolemy.util.test.WatchDog.cancel(): canceling Fri Aug 21 15:29:02 UTC 2020
auto.tcl: Setting watchdog for 200 seconds at Fri Aug 21 15:29:02 UTC 2020
2006 ms. Memory: 51200K Free: 19138K (37%)
ptolemy.util.test.WatchDog.cancel(): canceling Fri Aug 21 15:29:04 UTC 2020
------------------ testing $PTII/ptolemy/domains/de/test/auto/DepthTest1.xml
auto.tcl: Setting watchdog for 200 seconds at Fri Aug 21 15:29:04 UTC 2020
3 ms. Memory: 51200K Free: 33174K (65%)
ptolemy.util.test.WatchDog.cancel(): canceling Fri Aug 21 15:29:05 UTC 2020
auto.tcl: Setting watchdog for 200 seconds at Fri Aug 21 15:29:05 UTC 2020
2 ms. Memory: 51200K Free: 32677K (64%)
ptolemy.util.test.WatchDog.cancel(): canceling Fri Aug 21 15:29:05 UTC 2020
------------------ testing $PTII/ptolemy/domains/de/test/auto/DepthTest2.xml
auto.tcl: Setting watchdog for 200 seconds at Fri Aug 21 15:29:05 UTC 2020
3 ms. Memory: 51200K Free: 29946K (58%)
ptolemy.util.test.WatchDog.cancel(): canceling Fri Aug 21 15:29:05 UTC 2020
auto.tcl: Setting watchdog for 200 seconds at Fri Aug 21 15:29:05 UTC 2020
3 ms. Memory: 51200K Free: 29509K (58%)
ptolemy.util.test.WatchDog.cancel(): canceling Fri Aug 21 15:29:05 UTC 2020
------------------ testing $PTII/ptolemy/domains/de/test/auto/DepthTest3.xml
auto.tcl: Setting watchdog for 200 seconds at Fri Aug 21 15:29:05 UTC 2020
2 ms. Memory: 51200K Free: 33480K (65%)
ptolemy.util.test.WatchDog.cancel(): canceling Fri Aug 21 15:29:05 UTC 2020
auto.tcl: Setting watchdog for 200 seconds at Fri Aug 21 15:29:05 UTC 2020
2 ms. Memory: 51200K Free: 33009K (64%)
ptolemy.util.test.WatchDog.cancel(): canceling Fri Aug 21 15:29:05 UTC 2020
------------------ testing $PTII/ptolemy/domains/de/test/auto/DepthTest4.xml
auto.tcl: Setting watchdog for 200 seconds at Fri Aug 21 15:29:05 UTC 2020
6 ms. Memory: 51200K Free: 31725K (62%)
ptolemy.util.test.WatchDog.cancel(): canceling Fri Aug 21 15:29:05 UTC 2020
auto.tcl: Setting watchdog for 200 seconds at Fri Aug 21 15:29:05 UTC 2020
2 ms. Memory: 51200K Free: 31065K (61%)
ptolemy.util.test.WatchDog.cancel(): canceling Fri Aug 21 15:29:05 UTC 2020
------------------ testing $PTII/ptolemy/domains/de/test/auto/DepthTest5.xml
auto.tcl: Setting watchdog for 200 seconds at Fri Aug 21 15:29:05 UTC 2020
5 ms. Memory: 51200K Free: 31171K (61%)
ptolemy.util.test.WatchDog.cancel(): canceling Fri Aug 21 15:29:05 UTC 2020
auto.tcl: Setting watchdog for 200 seconds at Fri Aug 21 15:29:05 UTC 2020
3 ms. Memory: 51200K Free: 30438K (59%)
ptolemy.util.test.WatchDog.cancel(): canceling Fri Aug 21 15:29:05 UTC 2020
------------------ testing $PTII/ptolemy/domains/de/test/auto/DepthTest6.xml
auto.tcl: Setting watchdog for 200 seconds at Fri Aug 21 15:29:05 UTC 2020
5 ms. Memory: 51200K Free: 30887K (60%)
ptolemy.util.test.WatchDog.cancel(): canceling Fri Aug 21 15:29:05 UTC 2020
auto.tcl: Setting watchdog for 200 seconds at Fri Aug 21 15:29:05 UTC 2020
3 ms. Memory: 51200K Free: 30449K (59%)
ptolemy.util.test.WatchDog.cancel(): canceling Fri Aug 21 15:29:05 UTC 2020
------------------ testing $PTII/ptolemy/domains/de/test/auto/DepthTest7.xml
auto.tcl: Setting watchdog for 200 seconds at Fri Aug 21 15:29:05 UTC 2020
2 ms. Memory: 51200K Free: 30908K (60%)
ptolemy.util.test.WatchDog.cancel(): canceling Fri Aug 21 15:29:05 UTC 2020
auto.tcl: Setting watchdog for 200 seconds at Fri Aug 21 15:29:05 UTC 2020
2 ms. Memory: 51200K Free: 30445K (59%)
ptolemy.util.test.WatchDog.cancel(): canceling Fri Aug 21 15:29:05 UTC 2020
------------------ testing $PTII/ptolemy/domains/de/test/auto/EventToDate.xml
auto.tcl: Setting watchdog for 200 seconds at Fri Aug 21 15:29:05 UTC 2020
3013 ms. Memory: 51200K Free: 22402K (44%)
ptolemy.util.test.WatchDog.cancel(): canceling Fri Aug 21 15:29:08 UTC 2020
auto.tcl: Setting watchdog for 200 seconds at Fri Aug 21 15:29:08 UTC 2020
3007 ms. Memory: 51200K Free: 21792K (43%)
ptolemy.util.test.WatchDog.cancel(): canceling Fri Aug 21 15:29:11 UTC 2020
------------------ testing $PTII/ptolemy/domains/de/test/auto/FSM1.xml
auto.tcl: Setting watchdog for 200 seconds at Fri Aug 21 15:29:11 UTC 2020
19 ms. Memory: 51200K Free: 23723K (46%)
ptolemy.util.test.WatchDog.cancel(): canceling Fri Aug 21 15:29:11 UTC 2020
auto.tcl: Setting watchdog for 200 seconds at Fri Aug 21 15:29:11 UTC 2020
17 ms. Memory: 51200K Free: 20433K (40%)
ptolemy.util.test.WatchDog.cancel(): canceling Fri Aug 21 15:29:11 UTC 2020
------------------ testing $PTII/ptolemy/domains/de/test/auto/FSM7.xml
auto.tcl: Setting watchdog for 200 seconds at Fri Aug 21 15:29:11 UTC 2020
15 ms. Memory: 51200K Free: 23631K (46%)
ptolemy.util.test.WatchDog.cancel(): canceling Fri Aug 21 15:29:11 UTC 2020
auto.tcl: Setting watchdog for 200 seconds at Fri Aug 21 15:29:11 UTC 2020
21 ms. Memory: 51200K Free: 20653K (40%)
ptolemy.util.test.WatchDog.cancel(): canceling Fri Aug 21 15:29:11 UTC 2020
------------------ testing $PTII/ptolemy/domains/de/test/auto/Inspection.xml
auto.tcl: Setting watchdog for 200 seconds at Fri Aug 21 15:29:11 UTC 2020
31 ms. Memory: 51200K Free: 23400K (46%)
ptolemy.util.test.WatchDog.cancel(): canceling Fri Aug 21 15:29:11 UTC 2020
auto.tcl: Setting watchdog for 200 seconds at Fri Aug 21 15:29:11 UTC 2020
27 ms. Memory: 51200K Free: 21300K (42%)
ptolemy.util.test.WatchDog.cancel(): canceling Fri Aug 21 15:29:11 UTC 2020
------------------ testing $PTII/ptolemy/domains/de/test/auto/Iteration.xml
auto.tcl: Setting watchdog for 200 seconds at Fri Aug 21 15:29:11 UTC 2020
7 ms. Memory: 51200K Free: 29205K (57%)
ptolemy.util.test.WatchDog.cancel(): canceling Fri Aug 21 15:29:12 UTC 2020
auto.tcl: Setting watchdog for 200 seconds at Fri Aug 21 15:29:12 UTC 2020
7 ms. Memory: 51200K Free: 28181K (55%)
ptolemy.util.test.WatchDog.cancel(): canceling Fri Aug 21 15:29:12 UTC 2020
------------------ testing $PTII/ptolemy/domains/de/test/auto/LineFault.xml
auto.tcl: Setting watchdog for 200 seconds at Fri Aug 21 15:29:12 UTC 2020
636 ms. Memory: 51200K Free: 17217K (34%)
ptolemy.util.test.WatchDog.cancel(): canceling Fri Aug 21 15:29:13 UTC 2020
auto.tcl: Setting watchdog for 200 seconds at Fri Aug 21 15:29:13 UTC 2020
473 ms. Memory: 63488K Free: 45935K (72%)
ptolemy.util.test.WatchDog.cancel(): canceling Fri Aug 21 15:29:13 UTC 2020
------------------ testing $PTII/ptolemy/domains/de/test/auto/MergeModel1Add.xml
auto.tcl: Setting watchdog for 200 seconds at Fri Aug 21 15:29:13 UTC 2020
18 ms. Memory: 58368K Free: 22044K (38%)
ptolemy.util.test.WatchDog.cancel(): canceling Fri Aug 21 15:29:13 UTC 2020
auto.tcl: Setting watchdog for 200 seconds at Fri Aug 21 15:29:13 UTC 2020
16 ms. Memory: 58368K Free: 20712K (35%)
ptolemy.util.test.WatchDog.cancel(): canceling Fri Aug 21 15:29:13 UTC 2020
------------------ testing $PTII/ptolemy/domains/de/test/auto/MergeModel2Add.xml
auto.tcl: Setting watchdog for 200 seconds at Fri Aug 21 15:29:13 UTC 2020
12 ms. Memory: 55296K Free: 21594K (39%)
ptolemy.util.test.WatchDog.cancel(): canceling Fri Aug 21 15:29:13 UTC 2020
auto.tcl: Setting watchdog for 200 seconds at Fri Aug 21 15:29:13 UTC 2020
11 ms. Memory: 55296K Free: 19908K (36%)
ptolemy.util.test.WatchDog.cancel(): canceling Fri Aug 21 15:29:13 UTC 2020
------------------ testing $PTII/ptolemy/domains/de/test/auto/MergeModel3Add.xml
auto.tcl: Setting watchdog for 200 seconds at Fri Aug 21 15:29:13 UTC 2020
9 ms. Memory: 51200K Free: 17517K (34%)
ptolemy.util.test.WatchDog.cancel(): canceling Fri Aug 21 15:29:14 UTC 2020
auto.tcl: Setting watchdog for 200 seconds at Fri Aug 21 15:29:14 UTC 2020
9 ms. Memory: 51200K Free: 15839K (31%)
ptolemy.util.test.WatchDog.cancel(): canceling Fri Aug 21 15:29:14 UTC 2020
------------------ testing $PTII/ptolemy/domains/de/test/auto/MergeWithoutDiscard.xml
auto.tcl: Setting watchdog for 200 seconds at Fri Aug 21 15:29:14 UTC 2020
2 ms. Memory: 51200K Free: 32145K (63%)
ptolemy.util.test.WatchDog.cancel(): canceling Fri Aug 21 15:29:14 UTC 2020
auto.tcl: Setting watchdog for 200 seconds at Fri Aug 21 15:29:14 UTC 2020
2 ms. Memory: 51200K Free: 31258K (61%)
ptolemy.util.test.WatchDog.cancel(): canceling Fri Aug 21 15:29:14 UTC 2020
------------------ testing $PTII/ptolemy/domains/de/test/auto/Modal1.xml
auto.tcl: Setting watchdog for 200 seconds at Fri Aug 21 15:29:14 UTC 2020
17 ms. Memory: 51200K Free: 23979K (47%)
ptolemy.util.test.WatchDog.cancel(): canceling Fri Aug 21 15:29:14 UTC 2020
auto.tcl: Setting watchdog for 200 seconds at Fri Aug 21 15:29:14 UTC 2020
22 ms. Memory: 51200K Free: 20728K (40%)
ptolemy.util.test.WatchDog.cancel(): canceling Fri Aug 21 15:29:14 UTC 2020
------------------ testing $PTII/ptolemy/domains/de/test/auto/Modal2.xml
auto.tcl: Setting watchdog for 200 seconds at Fri Aug 21 15:29:14 UTC 2020
17 ms. Memory: 51200K Free: 23832K (47%)
ptolemy.util.test.WatchDog.cancel(): canceling Fri Aug 21 15:29:14 UTC 2020
auto.tcl: Setting watchdog for 200 seconds at Fri Aug 21 15:29:14 UTC 2020
11 ms. Memory: 51200K Free: 20591K (40%)
ptolemy.util.test.WatchDog.cancel(): canceling Fri Aug 21 15:29:14 UTC 2020
------------------ testing $PTII/ptolemy/domains/de/test/auto/Modal3.xml
auto.tcl: Setting watchdog for 200 seconds at Fri Aug 21 15:29:14 UTC 2020
10 ms. Memory: 51200K Free: 23519K (46%)
ptolemy.util.test.WatchDog.cancel(): canceling Fri Aug 21 15:29:14 UTC 2020
auto.tcl: Setting watchdog for 200 seconds at Fri Aug 21 15:29:14 UTC 2020
12 ms. Memory: 51200K Free: 20587K (40%)
ptolemy.util.test.WatchDog.cancel(): canceling Fri Aug 21 15:29:14 UTC 2020
------------------ testing $PTII/ptolemy/domains/de/test/auto/Modal4.xml
auto.tcl: Setting watchdog for 200 seconds at Fri Aug 21 15:29:14 UTC 2020
13 ms. Memory: 51200K Free: 22828K (45%)
ptolemy.util.test.WatchDog.cancel(): canceling Fri Aug 21 15:29:14 UTC 2020
auto.tcl: Setting watchdog for 200 seconds at Fri Aug 21 15:29:14 UTC 2020
12 ms. Memory: 51200K Free: 18979K (37%)
ptolemy.util.test.WatchDog.cancel(): canceling Fri Aug 21 15:29:14 UTC 2020
------------------ testing $PTII/ptolemy/domains/de/test/auto/Modal5.xml
auto.tcl: Setting watchdog for 200 seconds at Fri Aug 21 15:29:14 UTC 2020
14 ms. Memory: 51200K Free: 22814K (45%)
ptolemy.util.test.WatchDog.cancel(): canceling Fri Aug 21 15:29:14 UTC 2020
auto.tcl: Setting watchdog for 200 seconds at Fri Aug 21 15:29:14 UTC 2020
15 ms. Memory: 51200K Free: 18966K (37%)
ptolemy.util.test.WatchDog.cancel(): canceling Fri Aug 21 15:29:14 UTC 2020
------------------ testing $PTII/ptolemy/domains/de/test/auto/Modal6.xml
auto.tcl: Setting watchdog for 200 seconds at Fri Aug 21 15:29:14 UTC 2020
16 ms. Memory: 51200K Free: 23532K (46%)
ptolemy.util.test.WatchDog.cancel(): canceling Fri Aug 21 15:29:14 UTC 2020
auto.tcl: Setting watchdog for 200 seconds at Fri Aug 21 15:29:14 UTC 2020
16 ms. Memory: 51200K Free: 19988K (39%)
ptolemy.util.test.WatchDog.cancel(): canceling Fri Aug 21 15:29:14 UTC 2020
------------------ testing $PTII/ptolemy/domains/de/test/auto/Modal7.xml
auto.tcl: Setting watchdog for 200 seconds at Fri Aug 21 15:29:14 UTC 2020
16 ms. Memory: 51200K Free: 22560K (44%)
ptolemy.util.test.WatchDog.cancel(): canceling Fri Aug 21 15:29:14 UTC 2020
auto.tcl: Setting watchdog for 200 seconds at Fri Aug 21 15:29:14 UTC 2020
11 ms. Memory: 51200K Free: 19195K (37%)
ptolemy.util.test.WatchDog.cancel(): canceling Fri Aug 21 15:29:14 UTC 2020
------------------ testing $PTII/ptolemy/domains/de/test/auto/ModalModel.xml
auto.tcl: Setting watchdog for 200 seconds at Fri Aug 21 15:29:14 UTC 2020
191 ms. Memory: 51200K Free: 14701K (29%)
ptolemy.util.test.WatchDog.cancel(): canceling Fri Aug 21 15:29:15 UTC 2020
auto.tcl: Setting watchdog for 200 seconds at Fri Aug 21 15:29:15 UTC 2020
186 ms. Memory: 65536K Free: 20254K (31%)
ptolemy.util.test.WatchDog.cancel(): canceling Fri Aug 21 15:29:15 UTC 2020
------------------ testing $PTII/ptolemy/domains/de/test/auto/ModalSource.xml
auto.tcl: Setting watchdog for 200 seconds at Fri Aug 21 15:29:15 UTC 2020
6 ms. Memory: 55296K Free: 31467K (57%)
ptolemy.util.test.WatchDog.cancel(): canceling Fri Aug 21 15:29:15 UTC 2020
auto.tcl: Setting watchdog for 200 seconds at Fri Aug 21 15:29:15 UTC 2020
5 ms. Memory: 55296K Free: 29262K (53%)
ptolemy.util.test.WatchDog.cancel(): canceling Fri Aug 21 15:29:15 UTC 2020
------------------ testing $PTII/ptolemy/domains/de/test/auto/NonInterruptibleTimerZeroDelay.xml
auto.tcl: Setting watchdog for 200 seconds at Fri Aug 21 15:29:15 UTC 2020
3 ms. Memory: 51200K Free: 32583K (64%)
ptolemy.util.test.WatchDog.cancel(): canceling Fri Aug 21 15:29:15 UTC 2020
auto.tcl: Setting watchdog for 200 seconds at Fri Aug 21 15:29:15 UTC 2020
2 ms. Memory: 51200K Free: 31911K (62%)
ptolemy.util.test.WatchDog.cancel(): canceling Fri Aug 21 15:29:15 UTC 2020
------------------ testing $PTII/ptolemy/domains/de/test/auto/OpenQueueingNetwork.xml
auto.tcl: Setting watchdog for 200 seconds at Fri Aug 21 15:29:15 UTC 2020
3230 ms. Memory: 101376K Free: 56211K (55%)
ptolemy.util.test.WatchDog.cancel(): canceling Fri Aug 21 15:29:18 UTC 2020
auto.tcl: Setting watchdog for 200 seconds at Fri Aug 21 15:29:18 UTC 2020
2850 ms. Memory: 121856K Free: 55724K (46%)
ptolemy.util.test.WatchDog.cancel(): canceling Fri Aug 21 15:29:21 UTC 2020
------------------ testing $PTII/ptolemy/domains/de/test/auto/OpenQueuingNetwork.xml
auto.tcl: Setting watchdog for 200 seconds at Fri Aug 21 15:29:21 UTC 2020
262 ms. Memory: 58368K Free: 28284K (48%)
ptolemy.util.test.WatchDog.cancel(): canceling Fri Aug 21 15:29:22 UTC 2020
auto.tcl: Setting watchdog for 200 seconds at Fri Aug 21 15:29:22 UTC 2020
268 ms. Memory: 58368K Free: 39308K (67%)
ptolemy.util.test.WatchDog.cancel(): canceling Fri Aug 21 15:29:22 UTC 2020
------------------ testing $PTII/ptolemy/domains/de/test/auto/PeriodicSampler.xml
auto.tcl: Setting watchdog for 200 seconds at Fri Aug 21 15:29:22 UTC 2020
2 ms. Memory: 55296K Free: 36355K (66%)
ptolemy.util.test.WatchDog.cancel(): canceling Fri Aug 21 15:29:22 UTC 2020
auto.tcl: Setting watchdog for 200 seconds at Fri Aug 21 15:29:22 UTC 2020
3 ms. Memory: 55296K Free: 35361K (64%)
ptolemy.util.test.WatchDog.cancel(): canceling Fri Aug 21 15:29:22 UTC 2020
------------------ testing $PTII/ptolemy/domains/de/test/auto/PersistentIO.xml
auto.tcl: Setting watchdog for 200 seconds at Fri Aug 21 15:29:22 UTC 2020
13 ms. Memory: 55296K Free: 30800K (56%)
ptolemy.util.test.WatchDog.cancel(): canceling Fri Aug 21 15:29:22 UTC 2020
auto.tcl: Setting watchdog for 200 seconds at Fri Aug 21 15:29:22 UTC 2020
4 ms. Memory: 55296K Free: 29280K (53%)
ptolemy.util.test.WatchDog.cancel(): canceling Fri Aug 21 15:29:22 UTC 2020
------------------ testing $PTII/ptolemy/domains/de/test/auto/PortParameterResetOnInitialize.xml
auto.tcl: Setting watchdog for 200 seconds at Fri Aug 21 15:29:22 UTC 2020
2 ms. Memory: 55296K Free: 35978K (65%)
ptolemy.util.test.WatchDog.cancel(): canceling Fri Aug 21 15:29:22 UTC 2020
auto.tcl: Setting watchdog for 200 seconds at Fri Aug 21 15:29:22 UTC 2020
1 ms. Memory: 55296K Free: 35466K (64%)
ptolemy.util.test.WatchDog.cancel(): canceling Fri Aug 21 15:29:22 UTC 2020
------------------ testing $PTII/ptolemy/domains/de/test/auto/PortParameterUpdates.xml
auto.tcl: Setting watchdog for 200 seconds at Fri Aug 21 15:29:22 UTC 2020
5 ms. Memory: 55296K Free: 34464K (62%)
ptolemy.util.test.WatchDog.cancel(): canceling Fri Aug 21 15:29:22 UTC 2020
auto.tcl: Setting watchdog for 200 seconds at Fri Aug 21 15:29:22 UTC 2020
5 ms. Memory: 55296K Free: 32842K (59%)
ptolemy.util.test.WatchDog.cancel(): canceling Fri Aug 21 15:29:22 UTC 2020
------------------ testing $PTII/ptolemy/domains/de/test/auto/QueueAndServer.xml
auto.tcl: Setting watchdog for 200 seconds at Fri Aug 21 15:29:22 UTC 2020
14 ms. Memory: 55296K Free: 32719K (59%)
ptolemy.util.test.WatchDog.cancel(): canceling Fri Aug 21 15:29:22 UTC 2020
auto.tcl: Setting watchdog for 200 seconds at Fri Aug 21 15:29:22 UTC 2020
9 ms. Memory: 55296K Free: 31288K (57%)
ptolemy.util.test.WatchDog.cancel(): canceling Fri Aug 21 15:29:22 UTC 2020
------------------ testing $PTII/ptolemy/domains/de/test/auto/Records.xml
auto.tcl: Setting watchdog for 200 seconds at Fri Aug 21 15:29:22 UTC 2020
3 ms. Memory: 55296K Free: 35019K (63%)
ptolemy.util.test.WatchDog.cancel(): canceling Fri Aug 21 15:29:22 UTC 2020
auto.tcl: Setting watchdog for 200 seconds at Fri Aug 21 15:29:22 UTC 2020
3 ms. Memory: 55296K Free: 34473K (62%)
ptolemy.util.test.WatchDog.cancel(): canceling Fri Aug 21 15:29:22 UTC 2020
------------------ testing $PTII/ptolemy/domains/de/test/auto/ResetTransitionWithStartTime1.xml
auto.tcl: Setting watchdog for 200 seconds at Fri Aug 21 15:29:22 UTC 2020
12 ms. Memory: 55296K Free: 32284K (58%)
ptolemy.util.test.WatchDog.cancel(): canceling Fri Aug 21 15:29:23 UTC 2020
auto.tcl: Setting watchdog for 200 seconds at Fri Aug 21 15:29:23 UTC 2020
5 ms. Memory: 55296K Free: 29722K (54%)
ptolemy.util.test.WatchDog.cancel(): canceling Fri Aug 21 15:29:23 UTC 2020
------------------ testing $PTII/ptolemy/domains/de/test/auto/ResetTransitionWithStartTime2.xml
auto.tcl: Setting watchdog for 200 seconds at Fri Aug 21 15:29:23 UTC 2020
5 ms. Memory: 55296K Free: 32239K (58%)
ptolemy.util.test.WatchDog.cancel(): canceling Fri Aug 21 15:29:23 UTC 2020
auto.tcl: Setting watchdog for 200 seconds at Fri Aug 21 15:29:23 UTC 2020
6 ms. Memory: 55296K Free: 30191K (55%)
ptolemy.util.test.WatchDog.cancel(): canceling Fri Aug 21 15:29:23 UTC 2020
------------------ testing $PTII/ptolemy/domains/de/test/auto/ResetTransitionWithStartTime3.xml
auto.tcl: Setting watchdog for 200 seconds at Fri Aug 21 15:29:23 UTC 2020
5 ms. Memory: 55296K Free: 32238K (58%)
ptolemy.util.test.WatchDog.cancel(): canceling Fri Aug 21 15:29:23 UTC 2020
auto.tcl: Setting watchdog for 200 seconds at Fri Aug 21 15:29:23 UTC 2020
6 ms. Memory: 55296K Free: 29676K (54%)
ptolemy.util.test.WatchDog.cancel(): canceling Fri Aug 21 15:29:23 UTC 2020
------------------ testing $PTII/ptolemy/domains/de/test/auto/ResetTransitionWithStartTime4.xml
auto.tcl: Setting watchdog for 200 seconds at Fri Aug 21 15:29:23 UTC 2020
8 ms. Memory: 55296K Free: 32643K (59%)
ptolemy.util.test.WatchDog.cancel(): canceling Fri Aug 21 15:29:23 UTC 2020
auto.tcl: Setting watchdog for 200 seconds at Fri Aug 21 15:29:23 UTC 2020
3 ms. Memory: 55296K Free: 31212K (56%)
ptolemy.util.test.WatchDog.cancel(): canceling Fri Aug 21 15:29:23 UTC 2020
------------------ testing $PTII/ptolemy/domains/de/test/auto/ResettableTimer1.xml
auto.tcl: Setting watchdog for 200 seconds at Fri Aug 21 15:29:23 UTC 2020
3 ms. Memory: 55296K Free: 36314K (66%)
ptolemy.util.test.WatchDog.cancel(): canceling Fri Aug 21 15:29:23 UTC 2020
auto.tcl: Setting watchdog for 200 seconds at Fri Aug 21 15:29:23 UTC 2020
2 ms. Memory: 55296K Free: 35290K (64%)
ptolemy.util.test.WatchDog.cancel(): canceling Fri Aug 21 15:29:23 UTC 2020
------------------ testing $PTII/ptolemy/domains/de/test/auto/ResettableTimer2.xml
auto.tcl: Setting watchdog for 200 seconds at Fri Aug 21 15:29:23 UTC 2020
3 ms. Memory: 55296K Free: 36370K (66%)
ptolemy.util.test.WatchDog.cancel(): canceling Fri Aug 21 15:29:23 UTC 2020
auto.tcl: Setting watchdog for 200 seconds at Fri Aug 21 15:29:23 UTC 2020
2 ms. Memory: 55296K Free: 35346K (64%)
ptolemy.util.test.WatchDog.cancel(): canceling Fri Aug 21 15:29:23 UTC 2020
------------------ testing $PTII/ptolemy/domains/de/test/auto/ResettableTimer3.xml
auto.tcl: Setting watchdog for 200 seconds at Fri Aug 21 15:29:23 UTC 2020
1 ms. Memory: 55296K Free: 36880K (67%)
ptolemy.util.test.WatchDog.cancel(): canceling Fri Aug 21 15:29:23 UTC 2020
auto.tcl: Setting watchdog for 200 seconds at Fri Aug 21 15:29:23 UTC 2020
2 ms. Memory: 55296K Free: 36370K (66%)
ptolemy.util.test.WatchDog.cancel(): canceling Fri Aug 21 15:29:23 UTC 2020
------------------ testing $PTII/ptolemy/domains/de/test/auto/ResettableTimer4.xml
auto.tcl: Setting watchdog for 200 seconds at Fri Aug 21 15:29:23 UTC 2020
1 ms. Memory: 55296K Free: 36383K (66%)
ptolemy.util.test.WatchDog.cancel(): canceling Fri Aug 21 15:29:23 UTC 2020
auto.tcl: Setting watchdog for 200 seconds at Fri Aug 21 15:29:23 UTC 2020
1 ms. Memory: 55296K Free: 36383K (66%)
ptolemy.util.test.WatchDog.cancel(): canceling Fri Aug 21 15:29:23 UTC 2020
------------------ testing $PTII/ptolemy/domains/de/test/auto/ResettableTimer5.xml
auto.tcl: Setting watchdog for 200 seconds at Fri Aug 21 15:29:23 UTC 2020
2 ms. Memory: 51200K Free: 32285K (63%)
ptolemy.util.test.WatchDog.cancel(): canceling Fri Aug 21 15:29:23 UTC 2020
auto.tcl: Setting watchdog for 200 seconds at Fri Aug 21 15:29:23 UTC 2020
1 ms. Memory: 51200K Free: 31771K (62%)
ptolemy.util.test.WatchDog.cancel(): canceling Fri Aug 21 15:29:23 UTC 2020
------------------ testing $PTII/ptolemy/domains/de/test/auto/ResettableTimer6.xml
auto.tcl: Setting watchdog for 200 seconds at Fri Aug 21 15:29:23 UTC 2020
1 ms. Memory: 51200K Free: 31763K (62%)
ptolemy.util.test.WatchDog.cancel(): canceling Fri Aug 21 15:29:23 UTC 2020
auto.tcl: Setting watchdog for 200 seconds at Fri Aug 21 15:29:23 UTC 2020
2 ms. Memory: 51200K Free: 31253K (61%)
ptolemy.util.test.WatchDog.cancel(): canceling Fri Aug 21 15:29:23 UTC 2020
------------------ testing $PTII/ptolemy/domains/de/test/auto/ServerZeroDelay.xml
auto.tcl: Setting watchdog for 200 seconds at Fri Aug 21 15:29:23 UTC 2020
3 ms. Memory: 51200K Free: 32268K (63%)
ptolemy.util.test.WatchDog.cancel(): canceling Fri Aug 21 15:29:23 UTC 2020
auto.tcl: Setting watchdog for 200 seconds at Fri Aug 21 15:29:23 UTC 2020
2 ms. Memory: 51200K Free: 31254K (61%)
ptolemy.util.test.WatchDog.cancel(): canceling Fri Aug 21 15:29:23 UTC 2020
------------------ testing $PTII/ptolemy/domains/de/test/auto/SmartSender.xml
auto.tcl: Setting watchdog for 200 seconds at Fri Aug 21 15:29:23 UTC 2020
3002 ms. Memory: 51200K Free: 32262K (63%)
ptolemy.util.test.WatchDog.cancel(): canceling Fri Aug 21 15:29:26 UTC 2020
auto.tcl: Setting watchdog for 200 seconds at Fri Aug 21 15:29:26 UTC 2020
3002 ms. Memory: 51200K Free: 31762K (62%)
ptolemy.util.test.WatchDog.cancel(): canceling Fri Aug 21 15:29:29 UTC 2020
------------------ testing $PTII/ptolemy/domains/de/test/auto/ThreadedComposite.xml
auto.tcl: Setting watchdog for 200 seconds at Fri Aug 21 15:29:29 UTC 2020
182 ms. Memory: 51200K Free: 13329K (26%)
ptolemy.util.test.WatchDog.cancel(): canceling Fri Aug 21 15:29:29 UTC 2020
auto.tcl: Setting watchdog for 200 seconds at Fri Aug 21 15:29:29 UTC 2020
182 ms. Memory: 51200K Free: 24355K (48%)
ptolemy.util.test.WatchDog.cancel(): canceling Fri Aug 21 15:29:30 UTC 2020
------------------ testing $PTII/ptolemy/domains/de/test/auto/Time.xml
auto.tcl: Setting watchdog for 200 seconds at Fri Aug 21 15:29:30 UTC 2020
451 ms. Memory: 75776K Free: 28757K (38%)
ptolemy.util.test.WatchDog.cancel(): canceling Fri Aug 21 15:29:30 UTC 2020
auto.tcl: Setting watchdog for 200 seconds at Fri Aug 21 15:29:30 UTC 2020
430 ms. Memory: 75776K Free: 55914K (74%)
ptolemy.util.test.WatchDog.cancel(): canceling Fri Aug 21 15:29:31 UTC 2020
------------------ testing $PTII/ptolemy/domains/de/test/auto/TimeDelayZeroDelay.xml
auto.tcl: Setting watchdog for 200 seconds at Fri Aug 21 15:29:31 UTC 2020
3 ms. Memory: 55296K Free: 36796K (67%)
ptolemy.util.test.WatchDog.cancel(): canceling Fri Aug 21 15:29:31 UTC 2020
auto.tcl: Setting watchdog for 200 seconds at Fri Aug 21 15:29:31 UTC 2020
2 ms. Memory: 55296K Free: 36286K (66%)
ptolemy.util.test.WatchDog.cancel(): canceling Fri Aug 21 15:29:31 UTC 2020
------------------ testing $PTII/ptolemy/domains/de/test/auto/TimerZeroDelay.xml
auto.tcl: Setting watchdog for 200 seconds at Fri Aug 21 15:29:31 UTC 2020
3 ms. Memory: 55296K Free: 36637K (66%)
ptolemy.util.test.WatchDog.cancel(): canceling Fri Aug 21 15:29:31 UTC 2020
auto.tcl: Setting watchdog for 200 seconds at Fri Aug 21 15:29:31 UTC 2020
2 ms. Memory: 55296K Free: 35930K (65%)
ptolemy.util.test.WatchDog.cancel(): canceling Fri Aug 21 15:29:31 UTC 2020
------------------ testing $PTII/ptolemy/domains/de/test/auto/TimingParadox.xml
auto.tcl: Setting watchdog for 200 seconds at Fri Aug 21 15:29:31 UTC 2020
314 ms. Memory: 51200K Free: 18315K (36%)
ptolemy.util.test.WatchDog.cancel(): canceling Fri Aug 21 15:29:31 UTC 2020
auto.tcl: Setting watchdog for 200 seconds at Fri Aug 21 15:29:31 UTC 2020
302 ms. Memory: 51200K Free: 33149K (65%)
ptolemy.util.test.WatchDog.cancel(): canceling Fri Aug 21 15:29:32 UTC 2020
------------------ testing $PTII/ptolemy/domains/de/test/auto/TransferInputs.xml
auto.tcl: Setting watchdog for 200 seconds at Fri Aug 21 15:29:32 UTC 2020
1 ms. Memory: 51200K Free: 30714K (60%)
ptolemy.util.test.WatchDog.cancel(): canceling Fri Aug 21 15:29:32 UTC 2020
auto.tcl: Setting watchdog for 200 seconds at Fri Aug 21 15:29:32 UTC 2020
1 ms. Memory: 51200K Free: 29832K (58%)
ptolemy.util.test.WatchDog.cancel(): canceling Fri Aug 21 15:29:32 UTC 2020
------------------ testing $PTII/ptolemy/domains/de/test/auto/TransferOutputs2.xml
auto.tcl: Setting watchdog for 200 seconds at Fri Aug 21 15:29:32 UTC 2020
2 ms. Memory: 51200K Free: 28142K (55%)
ptolemy.util.test.WatchDog.cancel(): canceling Fri Aug 21 15:29:32 UTC 2020
auto.tcl: Setting watchdog for 200 seconds at Fri Aug 21 15:29:32 UTC 2020
3 ms. Memory: 51200K Free: 26732K (52%)
ptolemy.util.test.WatchDog.cancel(): canceling Fri Aug 21 15:29:32 UTC 2020
------------------ testing $PTII/ptolemy/domains/de/test/auto/Trilateration.xml
auto.tcl: Setting watchdog for 200 seconds at Fri Aug 21 15:29:32 UTC 2020
13255 ms. Memory: 472064K Free: 275818K (58%)
ptolemy.util.test.WatchDog.cancel(): canceling Fri Aug 21 15:29:46 UTC 2020
auto.tcl: Setting watchdog for 200 seconds at Fri Aug 21 15:29:46 UTC 2020
9678 ms. Memory: 472064K Free: 426987K (90%)
ptolemy.util.test.WatchDog.cancel(): canceling Fri Aug 21 15:29:56 UTC 2020
------------------ testing $PTII/ptolemy/domains/de/test/auto/TwoSigmaDelta.xml
auto.tcl: Setting watchdog for 200 seconds at Fri Aug 21 15:29:56 UTC 2020
2292 ms. Memory: 92160K Free: 21189K (23%)
ptolemy.util.test.WatchDog.cancel(): canceling Fri Aug 21 15:29:58 UTC 2020
auto.tcl: Setting watchdog for 200 seconds at Fri Aug 21 15:29:58 UTC 2020
1974 ms. Memory: 92160K Free: 19067K (21%)
ptolemy.util.test.WatchDog.cancel(): canceling Fri Aug 21 15:30:00 UTC 2020
------------------ testing $PTII/ptolemy/domains/de/test/auto/VariableDelay.xml
auto.tcl: Setting watchdog for 200 seconds at Fri Aug 21 15:30:00 UTC 2020
3 ms. Memory: 55296K Free: 35282K (64%)
ptolemy.util.test.WatchDog.cancel(): canceling Fri Aug 21 15:30:00 UTC 2020
auto.tcl: Setting watchdog for 200 seconds at Fri Aug 21 15:30:00 UTC 2020
2 ms. Memory: 55296K Free: 34266K (62%)
ptolemy.util.test.WatchDog.cancel(): canceling Fri Aug 21 15:30:00 UTC 2020
------------------ testing $PTII/ptolemy/domains/de/test/auto/VariableDelay2.xml
auto.tcl: Setting watchdog for 200 seconds at Fri Aug 21 15:30:00 UTC 2020
3 ms. Memory: 55296K Free: 36214K (65%)
ptolemy.util.test.WatchDog.cancel(): canceling Fri Aug 21 15:30:00 UTC 2020
auto.tcl: Setting watchdog for 200 seconds at Fri Aug 21 15:30:00 UTC 2020
2 ms. Memory: 55296K Free: 35185K (64%)
ptolemy.util.test.WatchDog.cancel(): canceling Fri Aug 21 15:30:00 UTC 2020
------------------ testing $PTII/ptolemy/domains/de/test/auto/VariableDelayZeroDelay.xml
auto.tcl: Setting watchdog for 200 seconds at Fri Aug 21 15:30:01 UTC 2020
2 ms. Memory: 55296K Free: 36208K (65%)
ptolemy.util.test.WatchDog.cancel(): canceling Fri Aug 21 15:30:01 UTC 2020
auto.tcl: Setting watchdog for 200 seconds at Fri Aug 21 15:30:01 UTC 2020
3 ms. Memory: 55296K Free: 35694K (65%)
ptolemy.util.test.WatchDog.cancel(): canceling Fri Aug 21 15:30:01 UTC 2020
------------------ testing $PTII/ptolemy/domains/de/test/auto/VariableDelayZeroDelay2.xml
auto.tcl: Setting watchdog for 200 seconds at Fri Aug 21 15:30:01 UTC 2020
2 ms. Memory: 55296K Free: 36207K (65%)
ptolemy.util.test.WatchDog.cancel(): canceling Fri Aug 21 15:30:01 UTC 2020
auto.tcl: Setting watchdog for 200 seconds at Fri Aug 21 15:30:01 UTC 2020
2 ms. Memory: 55296K Free: 35183K (64%)
ptolemy.util.test.WatchDog.cancel(): canceling Fri Aug 21 15:30:01 UTC 2020
------------------ testing $PTII/ptolemy/domains/de/test/auto/deInCt.xml
auto.tcl: Setting watchdog for 200 seconds at Fri Aug 21 15:30:01 UTC 2020
0
1
1
1
0
0
1
1
1
0
0
0
0
0
1
1
1
1
0
0
0
1
1
1
0
0
0
0
0
0
0
0
12 ms. Memory: 55296K Free: 35180K (64%)
ptolemy.util.test.WatchDog.cancel(): canceling Fri Aug 21 15:30:01 UTC 2020
auto.tcl: Setting watchdog for 200 seconds at Fri Aug 21 15:30:01 UTC 2020
0
1
1
1
0
0
0
1
1
1
0
0
0
0
0
0
1
1
0
0
1
1
1
1
1
1
0
0
0
1
1
1
1
6 ms. Memory: 55296K Free: 33642K (61%)
ptolemy.util.test.WatchDog.cancel(): canceling Fri Aug 21 15:30:01 UTC 2020
------------------ testing $PTII/ptolemy/domains/de/test/auto/deInCt2.xml
auto.tcl: Setting watchdog for 200 seconds at Fri Aug 21 15:30:01 UTC 2020
0
1
1
1
0
0
1
1
1
0
0
1
1
1
0
0
1
1
1
0
0
1
1
1
0
0
1
1
1
0
0
1
1
1
0
0
1
1
1
0
0
0
9 ms. Memory: 55296K Free: 35182K (64%)
ptolemy.util.test.WatchDog.cancel(): canceling Fri Aug 21 15:30:01 UTC 2020
auto.tcl: Setting watchdog for 200 seconds at Fri Aug 21 15:30:01 UTC 2020
0
1
1
1
0
0
1
1
1
0
0
1
1
1
0
0
1
1
1
0
0
1
1
1
0
0
1
1
1
0
0
1
1
1
0
0
1
1
1
0
0
0
10 ms. Memory: 55296K Free: 33638K (61%)
ptolemy.util.test.WatchDog.cancel(): canceling Fri Aug 21 15:30:01 UTC 2020
------------------ testing $PTII/ptolemy/domains/de/test/auto/dynamicCausalityInterface1.xml
auto.tcl: Setting watchdog for 200 seconds at Fri Aug 21 15:30:01 UTC 2020
2 ms. Memory: 51200K Free: 26985K (53%)
ptolemy.util.test.WatchDog.cancel(): canceling Fri Aug 21 15:30:01 UTC 2020
auto.tcl: Setting watchdog for 200 seconds at Fri Aug 21 15:30:01 UTC 2020
1 ms. Memory: 51200K Free: 26471K (52%)
ptolemy.util.test.WatchDog.cancel(): canceling Fri Aug 21 15:30:01 UTC 2020
------------------ testing $PTII/ptolemy/domains/de/test/auto/fsm_de_test.xml
auto.tcl: Setting watchdog for 200 seconds at Fri Aug 21 15:30:01 UTC 2020
15 ms. Memory: 51200K Free: 26883K (53%)
ptolemy.util.test.WatchDog.cancel(): canceling Fri Aug 21 15:30:01 UTC 2020
auto.tcl: Setting watchdog for 200 seconds at Fri Aug 21 15:30:01 UTC 2020
9 ms. Memory: 51200K Free: 24835K (49%)
ptolemy.util.test.WatchDog.cancel(): canceling Fri Aug 21 15:30:01 UTC 2020
------------------ testing $PTII/ptolemy/domains/de/test/auto/functionDependencyReconstruction.xml
auto.tcl: Setting watchdog for 200 seconds at Fri Aug 21 15:30:01 UTC 2020
2 ms. Memory: 51200K Free: 20729K (40%)
ptolemy.util.test.WatchDog.cancel(): canceling Fri Aug 21 15:30:01 UTC 2020
auto.tcl: Setting watchdog for 200 seconds at Fri Aug 21 15:30:01 UTC 2020
2 ms. Memory: 51200K Free: 18681K (36%)
ptolemy.util.test.WatchDog.cancel(): canceling Fri Aug 21 15:30:01 UTC 2020
------------------ testing $PTII/ptolemy/domains/de/test/auto/multirate.xml
auto.tcl: Setting watchdog for 200 seconds at Fri Aug 21 15:30:01 UTC 2020
4 ms. Memory: 51200K Free: 29524K (58%)
ptolemy.util.test.WatchDog.cancel(): canceling Fri Aug 21 15:30:01 UTC 2020
auto.tcl: Setting watchdog for 200 seconds at Fri Aug 21 15:30:01 UTC 2020
3 ms. Memory: 51200K Free: 27782K (54%)
ptolemy.util.test.WatchDog.cancel(): canceling Fri Aug 21 15:30:01 UTC 2020
------------------ testing $PTII/ptolemy/domains/de/test/auto/multirate2.xml
auto.tcl: Setting watchdog for 200 seconds at Fri Aug 21 15:30:01 UTC 2020
5 ms. Memory: 51200K Free: 29689K (58%)
ptolemy.util.test.WatchDog.cancel(): canceling Fri Aug 21 15:30:01 UTC 2020
auto.tcl: Setting watchdog for 200 seconds at Fri Aug 21 15:30:01 UTC 2020
3 ms. Memory: 51200K Free: 28464K (56%)
ptolemy.util.test.WatchDog.cancel(): canceling Fri Aug 21 15:30:01 UTC 2020
------------------ testing $PTII/ptolemy/domains/de/test/auto/realtime.xml
auto.tcl: Setting watchdog for 200 seconds at Fri Aug 21 15:30:01 UTC 2020
10002 ms. Memory: 51200K Free: 31766K (62%)
ptolemy.util.test.WatchDog.cancel(): canceling Fri Aug 21 15:30:11 UTC 2020
auto.tcl: Setting watchdog for 200 seconds at Fri Aug 21 15:30:11 UTC 2020
10002 ms. Memory: 51200K Free: 31031K (61%)
ptolemy.util.test.WatchDog.cancel(): canceling Fri Aug 21 15:30:21 UTC 2020
------------------ testing $PTII/ptolemy/domains/de/test/auto/relationGroup.xml
auto.tcl: Setting watchdog for 200 seconds at Fri Aug 21 15:30:21 UTC 2020
2 ms. Memory: 51200K Free: 32846K (64%)
ptolemy.util.test.WatchDog.cancel(): canceling Fri Aug 21 15:30:21 UTC 2020
auto.tcl: Setting watchdog for 200 seconds at Fri Aug 21 15:30:21 UTC 2020
2 ms. Memory: 51200K Free: 32111K (63%)
ptolemy.util.test.WatchDog.cancel(): canceling Fri Aug 21 15:30:21 UTC 2020
------------------ testing $PTII/ptolemy/domains/de/test/auto/relationGroup2.xml
auto.tcl: Setting watchdog for 200 seconds at Fri Aug 21 15:30:21 UTC 2020
1 ms. Memory: 51200K Free: 32872K (64%)
ptolemy.util.test.WatchDog.cancel(): canceling Fri Aug 21 15:30:21 UTC 2020
auto.tcl: Setting watchdog for 200 seconds at Fri Aug 21 15:30:21 UTC 2020
1 ms. Memory: 51200K Free: 32137K (63%)
ptolemy.util.test.WatchDog.cancel(): canceling Fri Aug 21 15:30:21 UTC 2020
------------------ testing $PTII/ptolemy/domains/de/test/auto/sortWithOpaquePorts.xml
auto.tcl: Setting watchdog for 200 seconds at Fri Aug 21 15:30:21 UTC 2020
1 ms. Memory: 51200K Free: 31594K (62%)
ptolemy.util.test.WatchDog.cancel(): canceling Fri Aug 21 15:30:21 UTC 2020
auto.tcl: Setting watchdog for 200 seconds at Fri Aug 21 15:30:21 UTC 2020
2 ms. Memory: 51200K Free: 30603K (60%)
ptolemy.util.test.WatchDog.cancel(): canceling Fri Aug 21 15:30:21 UTC 2020
------------------ testing $PTII/ptolemy/domains/de/test/auto/transferInputsandOutputs.xml
auto.tcl: Setting watchdog for 200 seconds at Fri Aug 21 15:30:22 UTC 2020
2 ms. Memory: 51200K Free: 29054K (57%)
ptolemy.util.test.WatchDog.cancel(): canceling Fri Aug 21 15:30:22 UTC 2020
auto.tcl: Setting watchdog for 200 seconds at Fri Aug 21 15:30:22 UTC 2020
3 ms. Memory: 51200K Free: 28030K (55%)
ptolemy.util.test.WatchDog.cancel(): canceling Fri Aug 21 15:30:22 UTC 2020
------------------ testing $PTII/ptolemy/domains/de/test/auto/triggerType.xml
auto.tcl: Setting watchdog for 200 seconds at Fri Aug 21 15:30:22 UTC 2020
2 ms. Memory: 51200K Free: 32078K (63%)
ptolemy.util.test.WatchDog.cancel(): canceling Fri Aug 21 15:30:22 UTC 2020
auto.tcl: Setting watchdog for 200 seconds at Fri Aug 21 15:30:22 UTC 2020
2 ms. Memory: 51200K Free: 31054K (61%)
ptolemy.util.test.WatchDog.cancel(): canceling Fri Aug 21 15:30:22 UTC 2020
08/21/20 03:30:22
Failed: 0  Total Tests: 192  ((Passed: 187, Newly Passed: 1)  Known Failed: 5) /home/travis/build/icyphy/ptII/ptolemy/domains/de/test
08/21/20 03:30:22
Failed: 0  Total Tests: 192  ((Passed: 187, Newly Passed: 1)  Known Failed: 5) /home/travis/build/icyphy/ptII/ptolemy/domains/de/test
----------------- testing (KnownFailure) /home/travis/build/icyphy/ptII/ptolemy/domains/de/test/auto/knownFailedTests/DESDFClockTest.xml
2014 ms. Memory: 51200K Free: 24963K (49%)
Known Failure: java.lang.reflect.InvocationTargetException
----------------- testing (KnownFailure) /home/travis/build/icyphy/ptII/ptolemy/domains/de/test/auto/knownFailedTests/DirectFeedback.xml
2 ms. Memory: 51200K Free: 21377K (42%)
Known Failure: java.lang.reflect.InvocationTargetException
----------------- testing (KnownFailure) /home/travis/build/icyphy/ptII/ptolemy/domains/de/test/auto/knownFailedTests/FSMSource.xml
22 ms. Memory: 51200K Free: 13171K (26%)
----------------- testing (KnownFailure) /home/travis/build/icyphy/ptII/ptolemy/domains/de/test/auto/knownFailedTests/HierarchicalModel.xml
9 ms. Memory: 51200K Free: 25412K (50%)
Known Failure: java.lang.reflect.InvocationTargetException
----------------- testing (KnownFailure) /home/travis/build/icyphy/ptII/ptolemy/domains/de/test/auto/knownFailedTests/dependencyLoop.xml
2 ms. Memory: 51200K Free: 10212K (20%)
Known Failure: java.lang.reflect.InvocationTargetException
----------------- testing (KnownFailure) /home/travis/build/icyphy/ptII/ptolemy/domains/de/test/auto/knownFailedTests/dependencyLoop2.xml
6 ms. Memory: 51200K Free: 23174K (45%)
Known Failure: java.lang.reflect.InvocationTargetException
No auto/linux-amd64/*.xml tests in /home/travis/build/icyphy/ptII/ptolemy/domains/de/test
AutoTests.java: About to close Vertx.
AutoTests.java: Vertx closed.

===========================================================================================
----------------- testing Fri Aug 21 15:30:24 UTC 2020 /home/travis/build/icyphy/ptII/ptolemy/domains/de/test/auto/ActorDepthCalculation_actorWithoutPorts.xml
----------------- Instantiating /home/travis/build/icyphy/ptII/ptolemy/domains/de/test/auto/ActorDepthCalculation_actorWithoutPorts.xml
2 ms. Memory: 51200K Free: 16453K (32%)
----------------- Invoking toplevel() on ptolemy.moml.MoMLSimpleApplication@314f492c
----------------- Done invoking toplevel() on ptolemy.moml.MoMLSimpleApplication@314f492c
reloadAllAccessors: .ActorDepthCalculation_actorWithoutPorts

===========================================================================================
----------------- testing Fri Aug 21 15:30:24 UTC 2020 /home/travis/build/icyphy/ptII/ptolemy/domains/de/test/auto/AssemblyLine.xml
----------------- Instantiating /home/travis/build/icyphy/ptII/ptolemy/domains/de/test/auto/AssemblyLine.xml
5 ms. Memory: 51200K Free: 9599K (19%)
----------------- Invoking toplevel() on ptolemy.moml.MoMLSimpleApplication@50c25e2d
----------------- Done invoking toplevel() on ptolemy.moml.MoMLSimpleApplication@50c25e2d
reloadAllAccessors: .AssemblyLine

===========================================================================================
----------------- testing Fri Aug 21 15:30:24 UTC 2020 /home/travis/build/icyphy/ptII/ptolemy/domains/de/test/auto/CQBug1.xml
----------------- Instantiating /home/travis/build/icyphy/ptII/ptolemy/domains/de/test/auto/CQBug1.xml
2 ms. Memory: 51200K Free: 34266K (67%)
----------------- Invoking toplevel() on ptolemy.moml.MoMLSimpleApplication@6491bcaf
----------------- Done invoking toplevel() on ptolemy.moml.MoMLSimpleApplication@6491bcaf
reloadAllAccessors: .CQBug1

===========================================================================================
----------------- testing Fri Aug 21 15:30:24 UTC 2020 /home/travis/build/icyphy/ptII/ptolemy/domains/de/test/auto/CancelFireAt.xml
----------------- Instantiating /home/travis/build/icyphy/ptII/ptolemy/domains/de/test/auto/CancelFireAt.xml
0 ms. Memory: 51200K Free: 31805K (62%)
----------------- Invoking toplevel() on ptolemy.moml.MoMLSimpleApplication@b9f21bb
----------------- Done invoking toplevel() on ptolemy.moml.MoMLSimpleApplication@b9f21bb
reloadAllAccessors: .CancelFireAt

===========================================================================================
----------------- testing Fri Aug 21 15:30:24 UTC 2020 /home/travis/build/icyphy/ptII/ptolemy/domains/de/test/auto/CausalityAndComposabilityAnalysis.xml
----------------- Instantiating /home/travis/build/icyphy/ptII/ptolemy/domains/de/test/auto/CausalityAndComposabilityAnalysis.xml
2 ms. Memory: 51200K Free: 27431K (54%)
----------------- Invoking toplevel() on ptolemy.moml.MoMLSimpleApplication@506615c3
----------------- Done invoking toplevel() on ptolemy.moml.MoMLSimpleApplication@506615c3
reloadAllAccessors: .CausalityAndComposabilityAnalysis

===========================================================================================
----------------- testing Fri Aug 21 15:30:24 UTC 2020 /home/travis/build/icyphy/ptII/ptolemy/domains/de/test/auto/CausalityInterface1.xml
----------------- Instantiating /home/travis/build/icyphy/ptII/ptolemy/domains/de/test/auto/CausalityInterface1.xml
6 ms. Memory: 51200K Free: 22311K (44%)
----------------- Invoking toplevel() on ptolemy.moml.MoMLSimpleApplication@4a30e188
----------------- Done invoking toplevel() on ptolemy.moml.MoMLSimpleApplication@4a30e188
reloadAllAccessors: .CausalityInterface1

===========================================================================================
----------------- testing Fri Aug 21 15:30:24 UTC 2020 /home/travis/build/icyphy/ptII/ptolemy/domains/de/test/auto/CausalityInterface15.xml
----------------- Instantiating /home/travis/build/icyphy/ptII/ptolemy/domains/de/test/auto/CausalityInterface15.xml
2 ms. Memory: 51200K Free: 16876K (33%)
----------------- Invoking toplevel() on ptolemy.moml.MoMLSimpleApplication@764b1df3
----------------- Done invoking toplevel() on ptolemy.moml.MoMLSimpleApplication@764b1df3
reloadAllAccessors: .CausalityInterface15

===========================================================================================
----------------- testing Fri Aug 21 15:30:24 UTC 2020 /home/travis/build/icyphy/ptII/ptolemy/domains/de/test/auto/CausalityInterface2.xml
----------------- Instantiating /home/travis/build/icyphy/ptII/ptolemy/domains/de/test/auto/CausalityInterface2.xml
2 ms. Memory: 51200K Free: 12349K (24%)
[...]
	at ptolemy.actor.Manager.run(Manager.java:1263)
	at ptolemy.actor.Manager$PtolemyRunThread.run(Manager.java:1933)
java.lang.RuntimeException: Execution failed
	at ptolemy.moml.MoMLSimpleApplication$UnloadThread.run(MoMLSimpleApplication.java:402)
Caused by: ptolemy.kernel.util.IllegalActionException: Actor is not ready to fire.  Perhaps UpSample.prefire() returned false? Try debugging the actor by selecting "Listen to Actor".  Also, for SDF check moml for tokenConsumptionRate on input.
  in .DESDFClockTest.Play Bell.Copy1:SDF Director and .DESDFClockTest.Play Bell.UpSample
	at ptolemy.actor.sched.StaticSchedulingDirector.fire(StaticSchedulingDirector.java:227)
	at ptolemy.domains.sdf.kernel.SDFDirector.fire(SDFDirector.java:500)
	at ptolemy.actor.CompositeActor.fire(CompositeActor.java:455)
	at ptolemy.domains.de.kernel.DEDirector._fire(DEDirector.java:1949)
	at ptolemy.domains.de.kernel.DEDirector.fire(DEDirector.java:502)
	at ptolemy.actor.CompositeActor.fire(CompositeActor.java:455)
	at ptolemy.actor.Manager.iterate(Manager.java:851)
	at ptolemy.actor.Manager.execute(Manager.java:369)
	at ptolemy.actor.Manager.run(Manager.java:1263)
	at ptolemy.actor.Manager$PtolemyRunThread.run(Manager.java:1933)
java.lang.reflect.InvocationTargetException
	at java.base/jdk.internal.reflect.NativeConstructorAccessorImpl.newInstance0(Native Method)
	at java.base/jdk.internal.reflect.NativeConstructorAccessorImpl.newInstance(NativeConstructorAccessorImpl.java:62)
	at java.base/jdk.internal.reflect.DelegatingConstructorAccessorImpl.newInstance(DelegatingConstructorAccessorImpl.java:45)
	at java.base/java.lang.reflect.Constructor.newInstance(Constructor.java:490)
	at ptolemy.util.test.junit.AutoKnownFailedTests.RunModel(AutoKnownFailedTests.java:105)
	at java.base/jdk.internal.reflect.NativeMethodAccessorImpl.invoke0(Native Method)
	at java.base/jdk.internal.reflect.NativeMethodAccessorImpl.invoke(NativeMethodAccessorImpl.java:62)
	at java.base/jdk.internal.reflect.DelegatingMethodAccessorImpl.invoke(DelegatingMethodAccessorImpl.java:43)
	at java.base/java.lang.reflect.Method.invoke(Method.java:566)
	at org.junit.runners.model.FrameworkMethod$1.runReflectiveCall(FrameworkMethod.java:44)
	at org.junit.internal.runners.model.ReflectiveCallable.run(ReflectiveCallable.java:15)
	at org.junit.runners.model.FrameworkMethod.invokeExplosively(FrameworkMethod.java:41)
	at junitparams.internal.InvokeParameterisedMethod.evaluate(InvokeParameterisedMethod.java:102)
	at org.junit.internal.runners.statements.FailOnTimeout$1.run(FailOnTimeout.java:28)
Caused by: ptolemy.kernel.util.IllegalActionException: Actor is not ready to fire.  Perhaps UpSample.prefire() returned false? Try debugging the actor by selecting "Listen to Actor".  Also, for SDF check moml for tokenConsumptionRate on input.
  in .DESDFClockTest.Play Bell.Copy1:SDF Director and .DESDFClockTest.Play Bell.UpSample
	at ptolemy.actor.sched.StaticSchedulingDirector.fire(StaticSchedulingDirector.java:227)
	at ptolemy.domains.sdf.kernel.SDFDirector.fire(SDFDirector.java:500)
	at ptolemy.actor.CompositeActor.fire(CompositeActor.java:455)
	at ptolemy.domains.de.kernel.DEDirector._fire(DEDirector.java:1949)
	at ptolemy.domains.de.kernel.DEDirector.fire(DEDirector.java:502)
	at ptolemy.actor.CompositeActor.fire(CompositeActor.java:455)
	at ptolemy.actor.Manager.iterate(Manager.java:851)
	at ptolemy.actor.Manager.execute(Manager.java:369)
	at ptolemy.actor.Manager.run(Manager.java:1263)
	at ptolemy.actor.Manager$PtolemyRunThread.run(Manager.java:1933)
java.lang.RuntimeException: Execution failed
	at ptolemy.moml.MoMLSimpleApplication$UnloadThread.run(MoMLSimpleApplication.java:402)
Caused by: ptolemy.kernel.util.IllegalActionException: Test fails in iteration 1.
Value was: 1.0. Should have been: 2.0
  in .DirectFeedback.Test
	at ptolemy.actor.lib.Test.fire(Test.java:268)
	at ptolemy.domains.de.kernel.DEDirector._fire(DEDirector.java:1949)
	at ptolemy.domains.de.kernel.DEDirector.fire(DEDirector.java:502)
	at ptolemy.actor.CompositeActor.fire(CompositeActor.java:455)
	at ptolemy.actor.Manager.iterate(Manager.java:851)
	at ptolemy.actor.Manager.execute(Manager.java:369)
	at ptolemy.actor.Manager.run(Manager.java:1263)
	at ptolemy.actor.Manager$PtolemyRunThread.run(Manager.java:1933)
java.lang.reflect.InvocationTargetException
	at java.base/jdk.internal.reflect.NativeConstructorAccessorImpl.newInstance0(Native Method)
	at java.base/jdk.internal.reflect.NativeConstructorAccessorImpl.newInstance(NativeConstructorAccessorImpl.java:62)
	at java.base/jdk.internal.reflect.DelegatingConstructorAccessorImpl.newInstance(DelegatingConstructorAccessorImpl.java:45)
	at java.base/java.lang.reflect.Constructor.newInstance(Constructor.java:490)
	at ptolemy.util.test.junit.AutoKnownFailedTests.RunModel(AutoKnownFailedTests.java:105)
	at java.base/jdk.internal.reflect.NativeMethodAccessorImpl.invoke0(Native Method)
	at java.base/jdk.internal.reflect.NativeMethodAccessorImpl.invoke(NativeMethodAccessorImpl.java:62)
	at java.base/jdk.internal.reflect.DelegatingMethodAccessorImpl.invoke(DelegatingMethodAccessorImpl.java:43)
	at java.base/java.lang.reflect.Method.invoke(Method.java:566)
	at org.junit.runners.model.FrameworkMethod$1.runReflectiveCall(FrameworkMethod.java:44)
	at org.junit.internal.runners.model.ReflectiveCallable.run(ReflectiveCallable.java:15)
	at org.junit.runners.model.FrameworkMethod.invokeExplosively(FrameworkMethod.java:41)
	at junitparams.internal.InvokeParameterisedMethod.evaluate(InvokeParameterisedMethod.java:102)
	at org.junit.internal.runners.statements.FailOnTimeout$1.run(FailOnTimeout.java:28)
Caused by: ptolemy.kernel.util.IllegalActionException: Test fails in iteration 1.
Value was: 1.0. Should have been: 2.0
  in .DirectFeedback.Test
	at ptolemy.actor.lib.Test.fire(Test.java:268)
	at ptolemy.domains.de.kernel.DEDirector._fire(DEDirector.java:1949)
	at ptolemy.domains.de.kernel.DEDirector.fire(DEDirector.java:502)
	at ptolemy.actor.CompositeActor.fire(CompositeActor.java:455)
	at ptolemy.actor.Manager.iterate(Manager.java:851)
	at ptolemy.actor.Manager.execute(Manager.java:369)
	at ptolemy.actor.Manager.run(Manager.java:1263)
	at ptolemy.actor.Manager$PtolemyRunThread.run(Manager.java:1933)
java.lang.RuntimeException: Execution failed
	at ptolemy.moml.MoMLSimpleApplication$UnloadThread.run(MoMLSimpleApplication.java:402)
Caused by: ptolemy.kernel.util.IllegalActionException: Found a zero delay loop containing .HierarchicalModel.A
  in .HierarchicalModel and .HierarchicalModel.A
	at ptolemy.actor.util.CausalityInterfaceForComposites._computeOutputPortDepth(CausalityInterfaceForComposites.java:759)
	at ptolemy.actor.util.CausalityInterfaceForComposites._computeInputDepth(CausalityInterfaceForComposites.java:696)
	at ptolemy.actor.util.CausalityInterfaceForComposites._computeOutputPortDepth(CausalityInterfaceForComposites.java:765)
	at ptolemy.actor.util.CausalityInterfaceForComposites._computeInputDepth(CausalityInterfaceForComposites.java:696)
	at ptolemy.actor.util.CausalityInterfaceForComposites._computeOutputPortDepth(CausalityInterfaceForComposites.java:765)
	at ptolemy.actor.util.CausalityInterfaceForComposites._computeInputDepth(CausalityInterfaceForComposites.java:696)
	at ptolemy.actor.util.CausalityInterfaceForComposites._computeActorDepth(CausalityInterfaceForComposites.java:532)
	at ptolemy.actor.util.CausalityInterfaceForComposites.checkForCycles(CausalityInterfaceForComposites.java:96)
	at ptolemy.domains.de.kernel.DEDirector.preinitialize(DEDirector.java:1338)
	at ptolemy.actor.CompositeActor.preinitialize(CompositeActor.java:1828)
	at ptolemy.actor.Manager.preinitializeAndResolveTypes(Manager.java:1040)
	at ptolemy.actor.Manager.initialize(Manager.java:710)
	at ptolemy.actor.Manager.execute(Manager.java:356)
	at ptolemy.actor.Manager.run(Manager.java:1263)
	at ptolemy.actor.Manager$PtolemyRunThread.run(Manager.java:1933)
java.lang.reflect.InvocationTargetException
	at java.base/jdk.internal.reflect.NativeConstructorAccessorImpl.newInstance0(Native Method)
	at java.base/jdk.internal.reflect.NativeConstructorAccessorImpl.newInstance(NativeConstructorAccessorImpl.java:62)
	at java.base/jdk.internal.reflect.DelegatingConstructorAccessorImpl.newInstance(DelegatingConstructorAccessorImpl.java:45)
	at java.base/java.lang.reflect.Constructor.newInstance(Constructor.java:490)
	at ptolemy.util.test.junit.AutoKnownFailedTests.RunModel(AutoKnownFailedTests.java:105)
	at java.base/jdk.internal.reflect.NativeMethodAccessorImpl.invoke0(Native Method)
	at java.base/jdk.internal.reflect.NativeMethodAccessorImpl.invoke(NativeMethodAccessorImpl.java:62)
	at java.base/jdk.internal.reflect.DelegatingMethodAccessorImpl.invoke(DelegatingMethodAccessorImpl.java:43)
	at java.base/java.lang.reflect.Method.invoke(Method.java:566)
	at org.junit.runners.model.FrameworkMethod$1.runReflectiveCall(FrameworkMethod.java:44)
	at org.junit.internal.runners.model.ReflectiveCallable.run(ReflectiveCallable.java:15)
	at org.junit.runners.model.FrameworkMethod.invokeExplosively(FrameworkMethod.java:41)
	at junitparams.internal.InvokeParameterisedMethod.evaluate(InvokeParameterisedMethod.java:102)
	at org.junit.internal.runners.statements.FailOnTimeout$1.run(FailOnTimeout.java:28)
Caused by: ptolemy.kernel.util.IllegalActionException: Found a zero delay loop containing .HierarchicalModel.A
  in .HierarchicalModel and .HierarchicalModel.A
	at ptolemy.actor.util.CausalityInterfaceForComposites._computeOutputPortDepth(CausalityInterfaceForComposites.java:759)
	at ptolemy.actor.util.CausalityInterfaceForComposites._computeInputDepth(CausalityInterfaceForComposites.java:696)
	at ptolemy.actor.util.CausalityInterfaceForComposites._computeOutputPortDepth(CausalityInterfaceForComposites.java:765)
	at ptolemy.actor.util.CausalityInterfaceForComposites._computeInputDepth(CausalityInterfaceForComposites.java:696)
	at ptolemy.actor.util.CausalityInterfaceForComposites._computeOutputPortDepth(CausalityInterfaceForComposites.java:765)
	at ptolemy.actor.util.CausalityInterfaceForComposites._computeInputDepth(CausalityInterfaceForComposites.java:696)
	at ptolemy.actor.util.CausalityInterfaceForComposites._computeActorDepth(CausalityInterfaceForComposites.java:532)
	at ptolemy.actor.util.CausalityInterfaceForComposites.checkForCycles(CausalityInterfaceForComposites.java:96)
	at ptolemy.domains.de.kernel.DEDirector.preinitialize(DEDirector.java:1338)
	at ptolemy.actor.CompositeActor.preinitialize(CompositeActor.java:1828)
	at ptolemy.actor.Manager.preinitializeAndResolveTypes(Manager.java:1040)
	at ptolemy.actor.Manager.initialize(Manager.java:710)
	at ptolemy.actor.Manager.execute(Manager.java:356)
	at ptolemy.actor.Manager.run(Manager.java:1263)
	at ptolemy.actor.Manager$PtolemyRunThread.run(Manager.java:1933)
java.lang.RuntimeException: Execution failed
	at ptolemy.moml.MoMLSimpleApplication$UnloadThread.run(MoMLSimpleApplication.java:402)
Caused by: ptolemy.kernel.util.IllegalActionException: Found a zero delay loop containing .dependencyLoop.original
  in .dependencyLoop and .dependencyLoop.original
	at ptolemy.actor.util.CausalityInterfaceForComposites._computeOutputPortDepth(CausalityInterfaceForComposites.java:759)
	at ptolemy.actor.util.CausalityInterfaceForComposites._computeInputDepth(CausalityInterfaceForComposites.java:696)
	at ptolemy.actor.util.CausalityInterfaceForComposites._computeOutputPortDepth(CausalityInterfaceForComposites.java:765)
	at ptolemy.actor.util.CausalityInterfaceForComposites._computeInputDepth(CausalityInterfaceForComposites.java:696)
	at ptolemy.actor.util.CausalityInterfaceForComposites._computeOutputPortDepth(CausalityInterfaceForComposites.java:765)
	at ptolemy.actor.util.CausalityInterfaceForComposites._computeInputDepth(CausalityInterfaceForComposites.java:696)
	at ptolemy.actor.util.CausalityInterfaceForComposites._computeActorDepth(CausalityInterfaceForComposites.java:532)
	at ptolemy.actor.util.CausalityInterfaceForComposites.checkForCycles(CausalityInterfaceForComposites.java:96)
	at ptolemy.domains.de.kernel.DEDirector.preinitialize(DEDirector.java:1338)
	at ptolemy.actor.CompositeActor.preinitialize(CompositeActor.java:1828)
	at ptolemy.actor.Manager.preinitializeAndResolveTypes(Manager.java:1040)
	at ptolemy.actor.Manager.initialize(Manager.java:710)
	at ptolemy.actor.Manager.execute(Manager.java:356)
	at ptolemy.actor.Manager.run(Manager.java:1263)
	at ptolemy.actor.Manager$PtolemyRunThread.run(Manager.java:1933)
java.lang.reflect.InvocationTargetException
	at java.base/jdk.internal.reflect.NativeConstructorAccessorImpl.newInstance0(Native Method)
	at java.base/jdk.internal.reflect.NativeConstructorAccessorImpl.newInstance(NativeConstructorAccessorImpl.java:62)
	at java.base/jdk.internal.reflect.DelegatingConstructorAccessorImpl.newInstance(DelegatingConstructorAccessorImpl.java:45)
	at java.base/java.lang.reflect.Constructor.newInstance(Constructor.java:490)
	at ptolemy.util.test.junit.AutoKnownFailedTests.RunModel(AutoKnownFailedTests.java:105)
	at java.base/jdk.internal.reflect.NativeMethodAccessorImpl.invoke0(Native Method)
	at java.base/jdk.internal.reflect.NativeMethodAccessorImpl.invoke(NativeMethodAccessorImpl.java:62)
	at java.base/jdk.internal.reflect.DelegatingMethodAccessorImpl.invoke(DelegatingMethodAccessorImpl.java:43)
	at java.base/java.lang.reflect.Method.invoke(Method.java:566)
	at org.junit.runners.model.FrameworkMethod$1.runReflectiveCall(FrameworkMethod.java:44)
	at org.junit.internal.runners.model.ReflectiveCallable.run(ReflectiveCallable.java:15)
	at org.junit.runners.model.FrameworkMethod.invokeExplosively(FrameworkMethod.java:41)
	at junitparams.internal.InvokeParameterisedMethod.evaluate(InvokeParameterisedMethod.java:102)
	at org.junit.internal.runners.statements.FailOnTimeout$1.run(FailOnTimeout.java:28)
Caused by: ptolemy.kernel.util.IllegalActionException: Found a zero delay loop containing .dependencyLoop.original
  in .dependencyLoop and .dependencyLoop.original
	at ptolemy.actor.util.CausalityInterfaceForComposites._computeOutputPortDepth(CausalityInterfaceForComposites.java:759)
	at ptolemy.actor.util.CausalityInterfaceForComposites._computeInputDepth(CausalityInterfaceForComposites.java:696)
	at ptolemy.actor.util.CausalityInterfaceForComposites._computeOutputPortDepth(CausalityInterfaceForComposites.java:765)
	at ptolemy.actor.util.CausalityInterfaceForComposites._computeInputDepth(CausalityInterfaceForComposites.java:696)
	at ptolemy.actor.util.CausalityInterfaceForComposites._computeOutputPortDepth(CausalityInterfaceForComposites.java:765)
	at ptolemy.actor.util.CausalityInterfaceForComposites._computeInputDepth(CausalityInterfaceForComposites.java:696)
	at ptolemy.actor.util.CausalityInterfaceForComposites._computeActorDepth(CausalityInterfaceForComposites.java:532)
	at ptolemy.actor.util.CausalityInterfaceForComposites.checkForCycles(CausalityInterfaceForComposites.java:96)
	at ptolemy.domains.de.kernel.DEDirector.preinitialize(DEDirector.java:1338)
	at ptolemy.actor.CompositeActor.preinitialize(CompositeActor.java:1828)
	at ptolemy.actor.Manager.preinitializeAndResolveTypes(Manager.java:1040)
	at ptolemy.actor.Manager.initialize(Manager.java:710)
	at ptolemy.actor.Manager.execute(Manager.java:356)
	at ptolemy.actor.Manager.run(Manager.java:1263)
	at ptolemy.actor.Manager$PtolemyRunThread.run(Manager.java:1933)
java.lang.RuntimeException: Execution failed
	at ptolemy.moml.MoMLSimpleApplication$UnloadThread.run(MoMLSimpleApplication.java:402)
Caused by: ptolemy.kernel.util.IllegalActionException: Found a zero delay loop containing .dependencyLoop2.original
  in .dependencyLoop2 and .dependencyLoop2.original
	at ptolemy.actor.util.CausalityInterfaceForComposites._computeOutputPortDepth(CausalityInterfaceForComposites.java:759)
	at ptolemy.actor.util.CausalityInterfaceForComposites._computeInputDepth(CausalityInterfaceForComposites.java:696)
	at ptolemy.actor.util.CausalityInterfaceForComposites._computeOutputPortDepth(CausalityInterfaceForComposites.java:765)
	at ptolemy.actor.util.CausalityInterfaceForComposites._computeInputDepth(CausalityInterfaceForComposites.java:696)
	at ptolemy.actor.util.CausalityInterfaceForComposites._computeOutputPortDepth(CausalityInterfaceForComposites.java:765)
	at ptolemy.actor.util.CausalityInterfaceForComposites._computeInputDepth(CausalityInterfaceForComposites.java:696)
	at ptolemy.actor.util.CausalityInterfaceForComposites._computeActorDepth(CausalityInterfaceForComposites.java:532)
	at ptolemy.actor.util.CausalityInterfaceForComposites.checkForCycles(CausalityInterfaceForComposites.java:96)
	at ptolemy.domains.de.kernel.DEDirector.preinitialize(DEDirector.java:1338)
	at ptolemy.actor.CompositeActor.preinitialize(CompositeActor.java:1828)
	at ptolemy.actor.Manager.preinitializeAndResolveTypes(Manager.java:1040)
	at ptolemy.actor.Manager.initialize(Manager.java:710)
	at ptolemy.actor.Manager.execute(Manager.java:356)
	at ptolemy.actor.Manager.run(Manager.java:1263)
	at ptolemy.actor.Manager$PtolemyRunThread.run(Manager.java:1933)
java.lang.reflect.InvocationTargetException
	at java.base/jdk.internal.reflect.NativeConstructorAccessorImpl.newInstance0(Native Method)
	at java.base/jdk.internal.reflect.NativeConstructorAccessorImpl.newInstance(NativeConstructorAccessorImpl.java:62)
	at java.base/jdk.internal.reflect.DelegatingConstructorAccessorImpl.newInstance(DelegatingConstructorAccessorImpl.java:45)
	at java.base/java.lang.reflect.Constructor.newInstance(Constructor.java:490)
	at ptolemy.util.test.junit.AutoKnownFailedTests.RunModel(AutoKnownFailedTests.java:105)
	at java.base/jdk.internal.reflect.NativeMethodAccessorImpl.invoke0(Native Method)
	at java.base/jdk.internal.reflect.NativeMethodAccessorImpl.invoke(NativeMethodAccessorImpl.java:62)
	at java.base/jdk.internal.reflect.DelegatingMethodAccessorImpl.invoke(DelegatingMethodAccessorImpl.java:43)
	at java.base/java.lang.reflect.Method.invoke(Method.java:566)
	at org.junit.runners.model.FrameworkMethod$1.runReflectiveCall(FrameworkMethod.java:44)
	at org.junit.internal.runners.model.ReflectiveCallable.run(ReflectiveCallable.java:15)
	at org.junit.runners.model.FrameworkMethod.invokeExplosively(FrameworkMethod.java:41)
	at junitparams.internal.InvokeParameterisedMethod.evaluate(InvokeParameterisedMethod.java:102)
	at org.junit.internal.runners.statements.FailOnTimeout$1.run(FailOnTimeout.java:28)
Caused by: ptolemy.kernel.util.IllegalActionException: Found a zero delay loop containing .dependencyLoop2.original
  in .dependencyLoop2 and .dependencyLoop2.original
	at ptolemy.actor.util.CausalityInterfaceForComposites._computeOutputPortDepth(CausalityInterfaceForComposites.java:759)
	at ptolemy.actor.util.CausalityInterfaceForComposites._computeInputDepth(CausalityInterfaceForComposites.java:696)
	at ptolemy.actor.util.CausalityInterfaceForComposites._computeOutputPortDepth(CausalityInterfaceForComposites.java:765)
	at ptolemy.actor.util.CausalityInterfaceForComposites._computeInputDepth(CausalityInterfaceForComposites.java:696)
	at ptolemy.actor.util.CausalityInterfaceForComposites._computeOutputPortDepth(CausalityInterfaceForComposites.java:765)
	at ptolemy.actor.util.CausalityInterfaceForComposites._computeInputDepth(CausalityInterfaceForComposites.java:696)
	at ptolemy.actor.util.CausalityInterfaceForComposites._computeActorDepth(CausalityInterfaceForComposites.java:532)
	at ptolemy.actor.util.CausalityInterfaceForComposites.checkForCycles(CausalityInterfaceForComposites.java:96)
	at ptolemy.domains.de.kernel.DEDirector.preinitialize(DEDirector.java:1338)
	at ptolemy.actor.CompositeActor.preinitialize(CompositeActor.java:1828)
	at ptolemy.actor.Manager.preinitializeAndResolveTypes(Manager.java:1040)
	at ptolemy.actor.Manager.initialize(Manager.java:710)
	at ptolemy.actor.Manager.execute(Manager.java:356)
	at ptolemy.actor.Manager.run(Manager.java:1263)
	at ptolemy.actor.Manager$PtolemyRunThread.run(Manager.java:1933)
]]></system-err>
</testsuite>
