<?xml version="1.0" encoding="UTF-8" ?>
<testsuite errors="0" failures="0" hostname="travis-job-2246ef07-296f-44a6-bf88-34f1235f00bf" name="ptolemy.domains.de.test.junit.JUnitTclTest" skipped="0" tests="101" time="138.054" timestamp="2019-11-07T06:13:17">
  <properties>
[...]
</properties>
  <testcase classname="ptolemy.util.test.junit.TclTests" name="[0] /home/travis/build/icyphy/ptII/ptolemy/domains/de/test/DependencyLoop.tcl (RunTclFile)" time="1.349" />
  <testcase classname="ptolemy.util.test.junit.TclTests" name="[1] /home/travis/build/icyphy/ptII/ptolemy/domains/de/test/RunDETestsAsQSS.tcl (RunTclFile)" time="93.384" />
  <testcase classname="ptolemy.util.test.junit.AutoKnownFailedTests" name="[0] /home/travis/build/icyphy/ptII/ptolemy/domains/de/test/auto/knownFailedTests/DESDFClockTest.xml (RunModel)" time="2.054" />
  <testcase classname="ptolemy.util.test.junit.AutoKnownFailedTests" name="[1] /home/travis/build/icyphy/ptII/ptolemy/domains/de/test/auto/knownFailedTests/DirectFeedback.xml (RunModel)" time="0.025" />
  <testcase classname="ptolemy.util.test.junit.AutoKnownFailedTests" name="[2] /home/travis/build/icyphy/ptII/ptolemy/domains/de/test/auto/knownFailedTests/FSMSource.xml (RunModel)" time="0.027" />
  <testcase classname="ptolemy.util.test.junit.AutoKnownFailedTests" name="[3] /home/travis/build/icyphy/ptII/ptolemy/domains/de/test/auto/knownFailedTests/HierarchicalModel.xml (RunModel)" time="0.068" />
  <testcase classname="ptolemy.util.test.junit.AutoKnownFailedTests" name="[4] /home/travis/build/icyphy/ptII/ptolemy/domains/de/test/auto/knownFailedTests/dependencyLoop.xml (RunModel)" time="0.058" />
  <testcase classname="ptolemy.util.test.junit.AutoKnownFailedTests" name="[5] /home/travis/build/icyphy/ptII/ptolemy/domains/de/test/auto/knownFailedTests/dependencyLoop2.xml (RunModel)" time="0.054" />
  <testcase classname="ptolemy.util.test.junit.AutoNameArchTests" name="[0] ThereAreNoAutoArchTests (RunModel)" time="0.005" />
  <testcase classname="ptolemy.util.test.junit.AutoTests" name="[0] /home/travis/build/icyphy/ptII/ptolemy/domains/de/test/auto/ActorDepthCalculation_actorWithoutPorts.xml (RunModel)" time="0.021" />
  <testcase classname="ptolemy.util.test.junit.AutoTests" name="[1] /home/travis/build/icyphy/ptII/ptolemy/domains/de/test/auto/AssemblyLine.xml (RunModel)" time="0.029" />
  <testcase classname="ptolemy.util.test.junit.AutoTests" name="[2] /home/travis/build/icyphy/ptII/ptolemy/domains/de/test/auto/CQBug1.xml (RunModel)" time="0.011" />
  <testcase classname="ptolemy.util.test.junit.AutoTests" name="[3] /home/travis/build/icyphy/ptII/ptolemy/domains/de/test/auto/CancelFireAt.xml (RunModel)" time="0.017" />
  <testcase classname="ptolemy.util.test.junit.AutoTests" name="[4] /home/travis/build/icyphy/ptII/ptolemy/domains/de/test/auto/CausalityAndComposabilityAnalysis.xml (RunModel)" time="0.016" />
  <testcase classname="ptolemy.util.test.junit.AutoTests" name="[5] /home/travis/build/icyphy/ptII/ptolemy/domains/de/test/auto/CausalityInterface1.xml (RunModel)" time="0.017" />
  <testcase classname="ptolemy.util.test.junit.AutoTests" name="[6] /home/travis/build/icyphy/ptII/ptolemy/domains/de/test/auto/CausalityInterface15.xml (RunModel)" time="0.02" />
  <testcase classname="ptolemy.util.test.junit.AutoTests" name="[7] /home/travis/build/icyphy/ptII/ptolemy/domains/de/test/auto/CausalityInterface2.xml (RunModel)" time="0.027" />
  <testcase classname="ptolemy.util.test.junit.AutoTests" name="[8] /home/travis/build/icyphy/ptII/ptolemy/domains/de/test/auto/CausalityInterface3.xml (RunModel)" time="0.021" />
  <testcase classname="ptolemy.util.test.junit.AutoTests" name="[9] /home/travis/build/icyphy/ptII/ptolemy/domains/de/test/auto/ClockDrift.xml (RunModel)" time="0.049" />
  <testcase classname="ptolemy.util.test.junit.AutoTests" name="[10] /home/travis/build/icyphy/ptII/ptolemy/domains/de/test/auto/ClockDriftAndValueChange.xml (RunModel)" time="0.039" />
  <testcase classname="ptolemy.util.test.junit.AutoTests" name="[11] /home/travis/build/icyphy/ptII/ptolemy/domains/de/test/auto/ClockDriftChange.xml (RunModel)" time="0.038" />
  <testcase classname="ptolemy.util.test.junit.AutoTests" name="[12] /home/travis/build/icyphy/ptII/ptolemy/domains/de/test/auto/ComposableCausalityAnalysis.xml (RunModel)" time="0.017" />
  <testcase classname="ptolemy.util.test.junit.AutoTests" name="[13] /home/travis/build/icyphy/ptII/ptolemy/domains/de/test/auto/DEFixedPointLimitation.xml (RunModel)" time="0.012" />
  <testcase classname="ptolemy.util.test.junit.AutoTests" name="[14] /home/travis/build/icyphy/ptII/ptolemy/domains/de/test/auto/DEScheduleTest.xml (RunModel)" time="0.014" />
  <testcase classname="ptolemy.util.test.junit.AutoTests" name="[15] /home/travis/build/icyphy/ptII/ptolemy/domains/de/test/auto/DEinDEwithStartTimes.xml (RunModel)" time="0.017" />
  <testcase classname="ptolemy.util.test.junit.AutoTests" name="[16] /home/travis/build/icyphy/ptII/ptolemy/domains/de/test/auto/DEinDEwithStartTimes2.xml (RunModel)" time="0.024" />
  <testcase classname="ptolemy.util.test.junit.AutoTests" name="[17] /home/travis/build/icyphy/ptII/ptolemy/domains/de/test/auto/DateDemo.xml (RunModel)" time="0.053" />
  <testcase classname="ptolemy.util.test.junit.AutoTests" name="[18] /home/travis/build/icyphy/ptII/ptolemy/domains/de/test/auto/DateToEvent.xml (RunModel)" time="2.049" />
  <testcase classname="ptolemy.util.test.junit.AutoTests" name="[19] /home/travis/build/icyphy/ptII/ptolemy/domains/de/test/auto/DepthTest1.xml (RunModel)" time="0.009" />
  <testcase classname="ptolemy.util.test.junit.AutoTests" name="[20] /home/travis/build/icyphy/ptII/ptolemy/domains/de/test/auto/DepthTest2.xml (RunModel)" time="0.023" />
  <testcase classname="ptolemy.util.test.junit.AutoTests" name="[21] /home/travis/build/icyphy/ptII/ptolemy/domains/de/test/auto/DepthTest3.xml (RunModel)" time="0.014" />
  <testcase classname="ptolemy.util.test.junit.AutoTests" name="[22] /home/travis/build/icyphy/ptII/ptolemy/domains/de/test/auto/DepthTest4.xml (RunModel)" time="0.019" />
  <testcase classname="ptolemy.util.test.junit.AutoTests" name="[23] /home/travis/build/icyphy/ptII/ptolemy/domains/de/test/auto/DepthTest5.xml (RunModel)" time="0.016" />
  <testcase classname="ptolemy.util.test.junit.AutoTests" name="[24] /home/travis/build/icyphy/ptII/ptolemy/domains/de/test/auto/DepthTest6.xml (RunModel)" time="0.012" />
  <testcase classname="ptolemy.util.test.junit.AutoTests" name="[25] /home/travis/build/icyphy/ptII/ptolemy/domains/de/test/auto/DepthTest7.xml (RunModel)" time="0.014" />
  <testcase classname="ptolemy.util.test.junit.AutoTests" name="[26] /home/travis/build/icyphy/ptII/ptolemy/domains/de/test/auto/EventToDate.xml (RunModel)" time="3.057" />
  <testcase classname="ptolemy.util.test.junit.AutoTests" name="[27] /home/travis/build/icyphy/ptII/ptolemy/domains/de/test/auto/FSM1.xml (RunModel)" time="0.054" />
  <testcase classname="ptolemy.util.test.junit.AutoTests" name="[28] /home/travis/build/icyphy/ptII/ptolemy/domains/de/test/auto/FSM7.xml (RunModel)" time="0.038" />
  <testcase classname="ptolemy.util.test.junit.AutoTests" name="[29] /home/travis/build/icyphy/ptII/ptolemy/domains/de/test/auto/Inspection.xml (RunModel)" time="0.049" />
  <testcase classname="ptolemy.util.test.junit.AutoTests" name="[30] /home/travis/build/icyphy/ptII/ptolemy/domains/de/test/auto/Iteration.xml (RunModel)" time="0.026" />
  <testcase classname="ptolemy.util.test.junit.AutoTests" name="[31] /home/travis/build/icyphy/ptII/ptolemy/domains/de/test/auto/LineFault.xml (RunModel)" time="0.648" />
  <testcase classname="ptolemy.util.test.junit.AutoTests" name="[32] /home/travis/build/icyphy/ptII/ptolemy/domains/de/test/auto/MergeModel1Add.xml (RunModel)" time="0.067" />
  <testcase classname="ptolemy.util.test.junit.AutoTests" name="[33] /home/travis/build/icyphy/ptII/ptolemy/domains/de/test/auto/MergeModel2Add.xml (RunModel)" time="0.047" />
  <testcase classname="ptolemy.util.test.junit.AutoTests" name="[34] /home/travis/build/icyphy/ptII/ptolemy/domains/de/test/auto/MergeModel3Add.xml (RunModel)" time="0.054" />
  <testcase classname="ptolemy.util.test.junit.AutoTests" name="[35] /home/travis/build/icyphy/ptII/ptolemy/domains/de/test/auto/MergeWithoutDiscard.xml (RunModel)" time="0.013" />
  <testcase classname="ptolemy.util.test.junit.AutoTests" name="[36] /home/travis/build/icyphy/ptII/ptolemy/domains/de/test/auto/Modal1.xml (RunModel)" time="0.043" />
  <testcase classname="ptolemy.util.test.junit.AutoTests" name="[37] /home/travis/build/icyphy/ptII/ptolemy/domains/de/test/auto/Modal2.xml (RunModel)" time="0.039" />
  <testcase classname="ptolemy.util.test.junit.AutoTests" name="[38] /home/travis/build/icyphy/ptII/ptolemy/domains/de/test/auto/Modal3.xml (RunModel)" time="0.039" />
  <testcase classname="ptolemy.util.test.junit.AutoTests" name="[39] /home/travis/build/icyphy/ptII/ptolemy/domains/de/test/auto/Modal4.xml (RunModel)" time="0.032" />
  <testcase classname="ptolemy.util.test.junit.AutoTests" name="[40] /home/travis/build/icyphy/ptII/ptolemy/domains/de/test/auto/Modal5.xml (RunModel)" time="0.041" />
  <testcase classname="ptolemy.util.test.junit.AutoTests" name="[41] /home/travis/build/icyphy/ptII/ptolemy/domains/de/test/auto/Modal6.xml (RunModel)" time="0.031" />
  <testcase classname="ptolemy.util.test.junit.AutoTests" name="[42] /home/travis/build/icyphy/ptII/ptolemy/domains/de/test/auto/Modal7.xml (RunModel)" time="0.045" />
  <testcase classname="ptolemy.util.test.junit.AutoTests" name="[43] /home/travis/build/icyphy/ptII/ptolemy/domains/de/test/auto/ModalModel.xml (RunModel)" time="0.191" />
  <testcase classname="ptolemy.util.test.junit.AutoTests" name="[44] /home/travis/build/icyphy/ptII/ptolemy/domains/de/test/auto/ModalSource.xml (RunModel)" time="0.021" />
  <testcase classname="ptolemy.util.test.junit.AutoTests" name="[45] /home/travis/build/icyphy/ptII/ptolemy/domains/de/test/auto/NonInterruptibleTimerZeroDelay.xml (RunModel)" time="0.009" />
  <testcase classname="ptolemy.util.test.junit.AutoTests" name="[46] /home/travis/build/icyphy/ptII/ptolemy/domains/de/test/auto/OpenQueueingNetwork.xml (RunModel)" time="2.405" />
  <testcase classname="ptolemy.util.test.junit.AutoTests" name="[47] /home/travis/build/icyphy/ptII/ptolemy/domains/de/test/auto/OpenQueuingNetwork.xml (RunModel)" time="0.261" />
  <testcase classname="ptolemy.util.test.junit.AutoTests" name="[48] /home/travis/build/icyphy/ptII/ptolemy/domains/de/test/auto/PeriodicSampler.xml (RunModel)" time="0.017" />
  <testcase classname="ptolemy.util.test.junit.AutoTests" name="[49] /home/travis/build/icyphy/ptII/ptolemy/domains/de/test/auto/PersistentIO.xml (RunModel)" time="0.031" />
  <testcase classname="ptolemy.util.test.junit.AutoTests" name="[50] /home/travis/build/icyphy/ptII/ptolemy/domains/de/test/auto/PortParameterResetOnInitialize.xml (RunModel)" time="0.012" />
  <testcase classname="ptolemy.util.test.junit.AutoTests" name="[51] /home/travis/build/icyphy/ptII/ptolemy/domains/de/test/auto/PortParameterUpdates.xml (RunModel)" time="0.025" />
  <testcase classname="ptolemy.util.test.junit.AutoTests" name="[52] /home/travis/build/icyphy/ptII/ptolemy/domains/de/test/auto/QueueAndServer.xml (RunModel)" time="0.027" />
  <testcase classname="ptolemy.util.test.junit.AutoTests" name="[53] /home/travis/build/icyphy/ptII/ptolemy/domains/de/test/auto/Records.xml (RunModel)" time="0.021" />
  <testcase classname="ptolemy.util.test.junit.AutoTests" name="[54] /home/travis/build/icyphy/ptII/ptolemy/domains/de/test/auto/ResetTransitionWithStartTime1.xml (RunModel)" time="0.021" />
  <testcase classname="ptolemy.util.test.junit.AutoTests" name="[55] /home/travis/build/icyphy/ptII/ptolemy/domains/de/test/auto/ResetTransitionWithStartTime2.xml (RunModel)" time="0.027" />
  <testcase classname="ptolemy.util.test.junit.AutoTests" name="[56] /home/travis/build/icyphy/ptII/ptolemy/domains/de/test/auto/ResetTransitionWithStartTime3.xml (RunModel)" time="0.025" />
  <testcase classname="ptolemy.util.test.junit.AutoTests" name="[57] /home/travis/build/icyphy/ptII/ptolemy/domains/de/test/auto/ResetTransitionWithStartTime4.xml (RunModel)" time="0.021" />
  <testcase classname="ptolemy.util.test.junit.AutoTests" name="[58] /home/travis/build/icyphy/ptII/ptolemy/domains/de/test/auto/ResettableTimer1.xml (RunModel)" time="0.012" />
  <testcase classname="ptolemy.util.test.junit.AutoTests" name="[59] /home/travis/build/icyphy/ptII/ptolemy/domains/de/test/auto/ResettableTimer2.xml (RunModel)" time="0.012" />
  <testcase classname="ptolemy.util.test.junit.AutoTests" name="[60] /home/travis/build/icyphy/ptII/ptolemy/domains/de/test/auto/ResettableTimer3.xml (RunModel)" time="0.011" />
  <testcase classname="ptolemy.util.test.junit.AutoTests" name="[61] /home/travis/build/icyphy/ptII/ptolemy/domains/de/test/auto/ResettableTimer4.xml (RunModel)" time="0.014" />
  <testcase classname="ptolemy.util.test.junit.AutoTests" name="[62] /home/travis/build/icyphy/ptII/ptolemy/domains/de/test/auto/ResettableTimer5.xml (RunModel)" time="0.012" />
  <testcase classname="ptolemy.util.test.junit.AutoTests" name="[63] /home/travis/build/icyphy/ptII/ptolemy/domains/de/test/auto/ResettableTimer6.xml (RunModel)" time="0.019" />
  <testcase classname="ptolemy.util.test.junit.AutoTests" name="[64] /home/travis/build/icyphy/ptII/ptolemy/domains/de/test/auto/ServerZeroDelay.xml (RunModel)" time="0.012" />
  <testcase classname="ptolemy.util.test.junit.AutoTests" name="[65] /home/travis/build/icyphy/ptII/ptolemy/domains/de/test/auto/SmartSender.xml (RunModel)" time="3.01" />
  <testcase classname="ptolemy.util.test.junit.AutoTests" name="[66] /home/travis/build/icyphy/ptII/ptolemy/domains/de/test/auto/ThreadedComposite.xml (RunModel)" time="0.132" />
  <testcase classname="ptolemy.util.test.junit.AutoTests" name="[67] /home/travis/build/icyphy/ptII/ptolemy/domains/de/test/auto/Time.xml (RunModel)" time="0.443" />
  <testcase classname="ptolemy.util.test.junit.AutoTests" name="[68] /home/travis/build/icyphy/ptII/ptolemy/domains/de/test/auto/TimeDelayZeroDelay.xml (RunModel)" time="0.012" />
  <testcase classname="ptolemy.util.test.junit.AutoTests" name="[69] /home/travis/build/icyphy/ptII/ptolemy/domains/de/test/auto/TimerZeroDelay.xml (RunModel)" time="0.009" />
  <testcase classname="ptolemy.util.test.junit.AutoTests" name="[70] /home/travis/build/icyphy/ptII/ptolemy/domains/de/test/auto/TimingParadox.xml (RunModel)" time="0.421" />
  <testcase classname="ptolemy.util.test.junit.AutoTests" name="[71] /home/travis/build/icyphy/ptII/ptolemy/domains/de/test/auto/TransferInputs.xml (RunModel)" time="0.019" />
  <testcase classname="ptolemy.util.test.junit.AutoTests" name="[72] /home/travis/build/icyphy/ptII/ptolemy/domains/de/test/auto/TransferOutputs2.xml (RunModel)" time="0.019" />
  <testcase classname="ptolemy.util.test.junit.AutoTests" name="[73] /home/travis/build/icyphy/ptII/ptolemy/domains/de/test/auto/Trilateration.xml (RunModel)" time="13.854" />
  <testcase classname="ptolemy.util.test.junit.AutoTests" name="[74] /home/travis/build/icyphy/ptII/ptolemy/domains/de/test/auto/TwoSigmaDelta.xml (RunModel)" time="2.276" />
  <testcase classname="ptolemy.util.test.junit.AutoTests" name="[75] /home/travis/build/icyphy/ptII/ptolemy/domains/de/test/auto/VariableDelay.xml (RunModel)" time="0.013" />
  <testcase classname="ptolemy.util.test.junit.AutoTests" name="[76] /home/travis/build/icyphy/ptII/ptolemy/domains/de/test/auto/VariableDelay2.xml (RunModel)" time="0.01" />
  <testcase classname="ptolemy.util.test.junit.AutoTests" name="[77] /home/travis/build/icyphy/ptII/ptolemy/domains/de/test/auto/VariableDelayZeroDelay.xml (RunModel)" time="0.011" />
  <testcase classname="ptolemy.util.test.junit.AutoTests" name="[78] /home/travis/build/icyphy/ptII/ptolemy/domains/de/test/auto/VariableDelayZeroDelay2.xml (RunModel)" time="0.011" />
  <testcase classname="ptolemy.util.test.junit.AutoTests" name="[79] /home/travis/build/icyphy/ptII/ptolemy/domains/de/test/auto/deInCt.xml (RunModel)" time="0.014" />
  <testcase classname="ptolemy.util.test.junit.AutoTests" name="[80] /home/travis/build/icyphy/ptII/ptolemy/domains/de/test/auto/deInCt2.xml (RunModel)" time="0.027" />
  <testcase classname="ptolemy.util.test.junit.AutoTests" name="[81] /home/travis/build/icyphy/ptII/ptolemy/domains/de/test/auto/dynamicCausalityInterface1.xml (RunModel)" time="0.023" />
  <testcase classname="ptolemy.util.test.junit.AutoTests" name="[82] /home/travis/build/icyphy/ptII/ptolemy/domains/de/test/auto/fsm_de_test.xml (RunModel)" time="0.032" />
  <testcase classname="ptolemy.util.test.junit.AutoTests" name="[83] /home/travis/build/icyphy/ptII/ptolemy/domains/de/test/auto/functionDependencyReconstruction.xml (RunModel)" time="0.042" />
  <testcase classname="ptolemy.util.test.junit.AutoTests" name="[84] /home/travis/build/icyphy/ptII/ptolemy/domains/de/test/auto/multirate.xml (RunModel)" time="0.017" />
  <testcase classname="ptolemy.util.test.junit.AutoTests" name="[85] /home/travis/build/icyphy/ptII/ptolemy/domains/de/test/auto/multirate2.xml (RunModel)" time="0.016" />
  <testcase classname="ptolemy.util.test.junit.AutoTests" name="[86] /home/travis/build/icyphy/ptII/ptolemy/domains/de/test/auto/realtime.xml (RunModel)" time="10.015" />
  <testcase classname="ptolemy.util.test.junit.AutoTests" name="[87] /home/travis/build/icyphy/ptII/ptolemy/domains/de/test/auto/relationGroup.xml (RunModel)" time="0.007" />
  <testcase classname="ptolemy.util.test.junit.AutoTests" name="[88] /home/travis/build/icyphy/ptII/ptolemy/domains/de/test/auto/relationGroup2.xml (RunModel)" time="0.007" />
  <testcase classname="ptolemy.util.test.junit.AutoTests" name="[89] /home/travis/build/icyphy/ptII/ptolemy/domains/de/test/auto/sortWithOpaquePorts.xml (RunModel)" time="0.01" />
  <testcase classname="ptolemy.util.test.junit.AutoTests" name="[90] /home/travis/build/icyphy/ptII/ptolemy/domains/de/test/auto/transferInputsandOutputs.xml (RunModel)" time="0.015" />
  <testcase classname="ptolemy.util.test.junit.AutoTests" name="[91] /home/travis/build/icyphy/ptII/ptolemy/domains/de/test/auto/triggerType.xml (RunModel)" time="0.012" />
  <system-out><![CDATA[/home/travis/build/icyphy/ptII/ptolemy/domains/de/test/DependencyLoop.tcl
testDefs.tcl: setting time out to 9000 seconds at Thu Nov 07 06:13:18 UTC 2019
110 ms. Memory: 120832K Free: 72012K (60%)
32 ms. Memory: 120832K Free: 54590K (45%)
/home/travis/build/icyphy/ptII/ptolemy/domains/de/test/RunDETestsAsQSS.tcl
Run the DE tests using ptolemy.domains.qss.test.QSSDirectorTest, which extends QSSDirector and prints a message in the constructors.
------------------ testing $PTII/ptolemy/domains/de/test/auto/knownFailedTests/DirectFeedback.xml (Known Failure) 
55 ms. Memory: 120832K Free: 48974K (41%)


==== $PTIIhome/travis/build/icyphy/ptII/ptolemy/domains/de/test/../../../../: Auto Automatic test in file $PTII/ptolemy/domains/de/test/auto/knownFailedTests/DirectFeedback.xml
==== Contents of test case:

	    # FIXME: we should use $relativeFilename here, but it
	    # might have backslashes under Windows, which causes no end
	    # of trouble.
	    createAndExecute $file
	    list {}
	
.... Test generated KNOWN error:
    while executing
ptolemy.kernel.util.IllegalActionException: Test fails in iteration 1.
Value was: 1.0. Should have been: 2.0
  in .DirectFeedback.Test
	at ptolemy.actor.lib.Test.fire(Test.java:268)
	at ptolemy.domains.de.kernel.DEDirector._fire(DEDirector.java:1949)
	at ptolemy.domains.de.kernel.DEDirector.fire(DEDirector.java:502)
	at ptolemy.actor.CompositeActor.fire(CompositeActor.java:455)
	at ptolemy.actor.Manager.iterate(Manager.java:851)
	at ptolemy.actor.Manager.execute(Manager.java:369)
	at ptolemy.actor.Manager.run(Manager.java:1263)
	at ptolemy.actor.Manager$PtolemyRunThread.run(Manager.java:1933)

    while executing
ptolemy.kernel.util.IllegalActionException: Test fails in iteration 1.
Value was: 1.0. Should have been: 2.0
  in .DirectFeedback.Test
    while executing
"java::new ptolemy.moml.MoMLSimpleApplication $file
"
    (procedure "createAndExecute" line 2)
    invoked from within
"createAndExecute $file"
    ("uplevel" body line 5)
    invoked from within
"uplevel $contents_of_test"
------------------ testing $PTII/ptolemy/domains/de/test/auto/knownFailedTests/dependencyLoop.xml (Known Failure) 
17 ms. Memory: 120832K Free: 45902K (38%)


==== $PTIIhome/travis/build/icyphy/ptII/ptolemy/domains/de/test/../../../../: Auto Automatic test in file $PTII/ptolemy/domains/de/test/auto/knownFailedTests/dependencyLoop.xml
==== Contents of test case:

	    # FIXME: we should use $relativeFilename here, but it
	    # might have backslashes under Windows, which causes no end
	    # of trouble.
	    createAndExecute $file
	    list {}
	
.... Test generated KNOWN error:
    while executing
ptolemy.kernel.util.IllegalActionException: Found a zero delay loop containing .dependencyLoop.original
  in .dependencyLoop and .dependencyLoop.original
	at ptolemy.actor.util.CausalityInterfaceForComposites._computeOutputPortDepth(CausalityInterfaceForComposites.java:759)
	at ptolemy.actor.util.CausalityInterfaceForComposites._computeInputDepth(CausalityInterfaceForComposites.java:696)
	at ptolemy.actor.util.CausalityInterfaceForComposites._computeOutputPortDepth(CausalityInterfaceForComposites.java:765)
	at ptolemy.actor.util.CausalityInterfaceForComposites._computeInputDepth(CausalityInterfaceForComposites.java:696)
	at ptolemy.actor.util.CausalityInterfaceForComposites._computeOutputPortDepth(CausalityInterfaceForComposites.java:765)
	at ptolemy.actor.util.CausalityInterfaceForComposites._computeInputDepth(CausalityInterfaceForComposites.java:696)
	at ptolemy.actor.util.CausalityInterfaceForComposites._computeActorDepth(CausalityInterfaceForComposites.java:532)
	at ptolemy.actor.util.CausalityInterfaceForComposites.checkForCycles(CausalityInterfaceForComposites.java:96)
	at ptolemy.domains.de.kernel.DEDirector.preinitialize(DEDirector.java:1338)
	at ptolemy.actor.CompositeActor.preinitialize(CompositeActor.java:1828)
	at ptolemy.actor.Manager.preinitializeAndResolveTypes(Manager.java:1040)
	at ptolemy.actor.Manager.initialize(Manager.java:710)
	at ptolemy.actor.Manager.execute(Manager.java:356)
	at ptolemy.actor.Manager.run(Manager.java:1263)
	at ptolemy.actor.Manager$PtolemyRunThread.run(Manager.java:1933)

    while executing
ptolemy.kernel.util.IllegalActionException: Found a zero delay loop containing .dependencyLoop.original
  in .dependencyLoop and .dependencyLoop.original
    while executing
"java::new ptolemy.moml.MoMLSimpleApplication $file
"
    (procedure "createAndExecute" line 2)
    invoked from within
"createAndExecute $file"
    ("uplevel" body line 5)
    invoked from within
"uplevel $contents_of_test"
------------------ testing $PTII/ptolemy/domains/de/test/auto/knownFailedTests/FSMSource.xml (Known Failure) 
80 ms. Memory: 120832K Free: 99534K (82%)
!!!! Auto was marked as failing, but now passes
------------------ testing $PTII/ptolemy/domains/de/test/auto/knownFailedTests/HierarchicalModel.xml (Known Failure) 
13 ms. Memory: 120832K Free: 82142K (68%)


==== $PTIIhome/travis/build/icyphy/ptII/ptolemy/domains/de/test/../../../../: Auto Automatic test in file $PTII/ptolemy/domains/de/test/auto/knownFailedTests/HierarchicalModel.xml
==== Contents of test case:

	    # FIXME: we should use $relativeFilename here, but it
	    # might have backslashes under Windows, which causes no end
	    # of trouble.
	    createAndExecute $file
	    list {}
	
.... Test generated KNOWN error:
    while executing
ptolemy.kernel.util.IllegalActionException: Found a zero delay loop containing .HierarchicalModel.A
  in .HierarchicalModel and .HierarchicalModel.A
	at ptolemy.actor.util.CausalityInterfaceForComposites._computeOutputPortDepth(CausalityInterfaceForComposites.java:759)
	at ptolemy.actor.util.CausalityInterfaceForComposites._computeInputDepth(CausalityInterfaceForComposites.java:696)
	at ptolemy.actor.util.CausalityInterfaceForComposites._computeOutputPortDepth(CausalityInterfaceForComposites.java:765)
	at ptolemy.actor.util.CausalityInterfaceForComposites._computeInputDepth(CausalityInterfaceForComposites.java:696)
	at ptolemy.actor.util.CausalityInterfaceForComposites._computeOutputPortDepth(CausalityInterfaceForComposites.java:765)
	at ptolemy.actor.util.CausalityInterfaceForComposites._computeInputDepth(CausalityInterfaceForComposites.java:696)
	at ptolemy.actor.util.CausalityInterfaceForComposites._computeActorDepth(CausalityInterfaceForComposites.java:532)
	at ptolemy.actor.util.CausalityInterfaceForComposites.checkForCycles(CausalityInterfaceForComposites.java:96)
	at ptolemy.domains.de.kernel.DEDirector.preinitialize(DEDirector.java:1338)
	at ptolemy.actor.CompositeActor.preinitialize(CompositeActor.java:1828)
	at ptolemy.actor.Manager.preinitializeAndResolveTypes(Manager.java:1040)
	at ptolemy.actor.Manager.initialize(Manager.java:710)
	at ptolemy.actor.Manager.execute(Manager.java:356)
	at ptolemy.actor.Manager.run(Manager.java:1263)
	at ptolemy.actor.Manager$PtolemyRunThread.run(Manager.java:1933)

    while executing
ptolemy.kernel.util.IllegalActionException: Found a zero delay loop containing .HierarchicalModel.A
  in .HierarchicalModel and .HierarchicalModel.A
    while executing
"java::new ptolemy.moml.MoMLSimpleApplication $file
"
    (procedure "createAndExecute" line 2)
    invoked from within
"createAndExecute $file"
    ("uplevel" body line 5)
    invoked from within
"uplevel $contents_of_test"
------------------ testing $PTII/ptolemy/domains/de/test/auto/knownFailedTests/dependencyLoop2.xml (Known Failure) 
28 ms. Memory: 120832K Free: 105791K (88%)


==== $PTIIhome/travis/build/icyphy/ptII/ptolemy/domains/de/test/../../../../: Auto Automatic test in file $PTII/ptolemy/domains/de/test/auto/knownFailedTests/dependencyLoop2.xml
==== Contents of test case:

	    # FIXME: we should use $relativeFilename here, but it
	    # might have backslashes under Windows, which causes no end
	    # of trouble.
	    createAndExecute $file
	    list {}
	
.... Test generated KNOWN error:
    while executing
ptolemy.kernel.util.IllegalActionException: Found a zero delay loop containing .dependencyLoop2.original
  in .dependencyLoop2 and .dependencyLoop2.original
	at ptolemy.actor.util.CausalityInterfaceForComposites._computeOutputPortDepth(CausalityInterfaceForComposites.java:759)
	at ptolemy.actor.util.CausalityInterfaceForComposites._computeInputDepth(CausalityInterfaceForComposites.java:696)
	at ptolemy.actor.util.CausalityInterfaceForComposites._computeOutputPortDepth(CausalityInterfaceForComposites.java:765)
	at ptolemy.actor.util.CausalityInterfaceForComposites._computeInputDepth(CausalityInterfaceForComposites.java:696)
	at ptolemy.actor.util.CausalityInterfaceForComposites._computeOutputPortDepth(CausalityInterfaceForComposites.java:765)
	at ptolemy.actor.util.CausalityInterfaceForComposites._computeInputDepth(CausalityInterfaceForComposites.java:696)
	at ptolemy.actor.util.CausalityInterfaceForComposites._computeActorDepth(CausalityInterfaceForComposites.java:532)
	at ptolemy.actor.util.CausalityInterfaceForComposites.checkForCycles(CausalityInterfaceForComposites.java:96)
	at ptolemy.domains.de.kernel.DEDirector.preinitialize(DEDirector.java:1338)
	at ptolemy.actor.CompositeActor.preinitialize(CompositeActor.java:1828)
	at ptolemy.actor.Manager.preinitializeAndResolveTypes(Manager.java:1040)
	at ptolemy.actor.Manager.initialize(Manager.java:710)
	at ptolemy.actor.Manager.execute(Manager.java:356)
	at ptolemy.actor.Manager.run(Manager.java:1263)
	at ptolemy.actor.Manager$PtolemyRunThread.run(Manager.java:1933)

    while executing
ptolemy.kernel.util.IllegalActionException: Found a zero delay loop containing .dependencyLoop2.original
  in .dependencyLoop2 and .dependencyLoop2.original
    while executing
"java::new ptolemy.moml.MoMLSimpleApplication $file
"
    (procedure "createAndExecute" line 2)
    invoked from within
"createAndExecute $file"
    ("uplevel" body line 5)
    invoked from within
"uplevel $contents_of_test"
------------------ testing $PTII/ptolemy/domains/de/test/auto/knownFailedTests/DESDFClockTest.xml (Known Failure) 
2055 ms. Memory: 120832K Free: 91509K (76%)


==== $PTIIhome/travis/build/icyphy/ptII/ptolemy/domains/de/test/../../../../: Auto Automatic test in file $PTII/ptolemy/domains/de/test/auto/knownFailedTests/DESDFClockTest.xml
==== Contents of test case:

	    # FIXME: we should use $relativeFilename here, but it
	    # might have backslashes under Windows, which causes no end
	    # of trouble.
	    createAndExecute $file
	    list {}
	
.... Test generated KNOWN error:
    while executing
ptolemy.kernel.util.IllegalActionException: Actor is not ready to fire.  Perhaps UpSample.prefire() returned false? Try debugging the actor by selecting "Listen to Actor".  Also, for SDF check moml for tokenConsumptionRate on input.
  in .DESDFClockTest.Play Bell.Copy1:SDF Director and .DESDFClockTest.Play Bell.UpSample
	at ptolemy.actor.sched.StaticSchedulingDirector.fire(StaticSchedulingDirector.java:227)
	at ptolemy.domains.sdf.kernel.SDFDirector.fire(SDFDirector.java:500)
	at ptolemy.actor.CompositeActor.fire(CompositeActor.java:455)
	at ptolemy.domains.de.kernel.DEDirector._fire(DEDirector.java:1949)
	at ptolemy.domains.de.kernel.DEDirector.fire(DEDirector.java:502)
	at ptolemy.actor.CompositeActor.fire(CompositeActor.java:455)
	at ptolemy.actor.Manager.iterate(Manager.java:851)
	at ptolemy.actor.Manager.execute(Manager.java:369)
	at ptolemy.actor.Manager.run(Manager.java:1263)
	at ptolemy.actor.Manager$PtolemyRunThread.run(Manager.java:1933)

    while executing
ptolemy.kernel.util.IllegalActionException: Actor is not ready to fire.  Perhaps UpSample.prefire() returned false? Try debugging the actor by selecting "Listen to Actor".  Also, for SDF check moml for tokenConsumptionRate on input.
  in .DESDFClockTest.Play Bell.Copy1:SDF Director and .DESDFClockTest.Play Bell.UpSample
    while executing
"java::new ptolemy.moml.MoMLSimpleApplication $file
"
    (procedure "createAndExecute" line 2)
    invoked from within
"createAndExecute $file"
    ("uplevel" body line 5)
    invoked from within
"uplevel $contents_of_test"
------------------ testing $PTII/ptolemy/domains/de/test/auto/ActorDepthCalculation_actorWithoutPorts.xml
auto.tcl: Setting watchdog for 200 seconds at Thu Nov 07 06:13:22 UTC 2019
4 ms. Memory: 120832K Free: 84328K (70%)
ptolemy.util.test.WatchDog.cancel(): canceling Thu Nov 07 06:13:22 UTC 2019
auto.tcl: Setting watchdog for 200 seconds at Thu Nov 07 06:13:22 UTC 2019
9 ms. Memory: 120832K Free: 82808K (69%)
ptolemy.util.test.WatchDog.cancel(): canceling Thu Nov 07 06:13:22 UTC 2019
------------------ testing $PTII/ptolemy/domains/de/test/auto/AssemblyLine.xml
auto.tcl: Setting watchdog for 200 seconds at Thu Nov 07 06:13:22 UTC 2019
22 ms. Memory: 48128K Free: 26009K (54%)
ptolemy.util.test.WatchDog.cancel(): canceling Thu Nov 07 06:13:23 UTC 2019
auto.tcl: Setting watchdog for 200 seconds at Thu Nov 07 06:13:23 UTC 2019
11 ms. Memory: 48128K Free: 25310K (53%)
ptolemy.util.test.WatchDog.cancel(): canceling Thu Nov 07 06:13:23 UTC 2019
------------------ testing $PTII/ptolemy/domains/de/test/auto/CQBug1.xml
auto.tcl: Setting watchdog for 200 seconds at Thu Nov 07 06:13:23 UTC 2019
3 ms. Memory: 45056K Free: 28290K (63%)
ptolemy.util.test.WatchDog.cancel(): canceling Thu Nov 07 06:13:23 UTC 2019
auto.tcl: Setting watchdog for 200 seconds at Thu Nov 07 06:13:23 UTC 2019
3 ms. Memory: 45056K Free: 27853K (62%)
ptolemy.util.test.WatchDog.cancel(): canceling Thu Nov 07 06:13:23 UTC 2019
------------------ testing $PTII/ptolemy/domains/de/test/auto/CancelFireAt.xml
auto.tcl: Setting watchdog for 200 seconds at Thu Nov 07 06:13:23 UTC 2019
3 ms. Memory: 45056K Free: 29722K (66%)
ptolemy.util.test.WatchDog.cancel(): canceling Thu Nov 07 06:13:23 UTC 2019
auto.tcl: Setting watchdog for 200 seconds at Thu Nov 07 06:13:23 UTC 2019
2 ms. Memory: 45056K Free: 29320K (65%)
ptolemy.util.test.WatchDog.cancel(): canceling Thu Nov 07 06:13:23 UTC 2019
------------------ testing $PTII/ptolemy/domains/de/test/auto/CausalityAndComposabilityAnalysis.xml
auto.tcl: Setting watchdog for 200 seconds at Thu Nov 07 06:13:23 UTC 2019
19 ms. Memory: 45056K Free: 27396K (61%)
ptolemy.util.test.WatchDog.cancel(): canceling Thu Nov 07 06:13:23 UTC 2019
auto.tcl: Setting watchdog for 200 seconds at Thu Nov 07 06:13:23 UTC 2019
6 ms. Memory: 45056K Free: 26951K (60%)
ptolemy.util.test.WatchDog.cancel(): canceling Thu Nov 07 06:13:23 UTC 2019
------------------ testing $PTII/ptolemy/domains/de/test/auto/CausalityInterface1.xml
auto.tcl: Setting watchdog for 200 seconds at Thu Nov 07 06:13:23 UTC 2019
35 ms. Memory: 45056K Free: 26377K (59%)
ptolemy.util.test.WatchDog.cancel(): canceling Thu Nov 07 06:13:23 UTC 2019
auto.tcl: Setting watchdog for 200 seconds at Thu Nov 07 06:13:23 UTC 2019
8 ms. Memory: 45056K Free: 25387K (56%)
ptolemy.util.test.WatchDog.cancel(): canceling Thu Nov 07 06:13:23 UTC 2019
------------------ testing $PTII/ptolemy/domains/de/test/auto/CausalityInterface15.xml
auto.tcl: Setting watchdog for 200 seconds at Thu Nov 07 06:13:23 UTC 2019
17 ms. Memory: 45056K Free: 26063K (58%)
ptolemy.util.test.WatchDog.cancel(): canceling Thu Nov 07 06:13:23 UTC 2019
auto.tcl: Setting watchdog for 200 seconds at Thu Nov 07 06:13:23 UTC 2019
5 ms. Memory: 45056K Free: 24910K (55%)
ptolemy.util.test.WatchDog.cancel(): canceling Thu Nov 07 06:13:23 UTC 2019
------------------ testing $PTII/ptolemy/domains/de/test/auto/CausalityInterface2.xml
auto.tcl: Setting watchdog for 200 seconds at Thu Nov 07 06:13:23 UTC 2019
10 ms. Memory: 45056K Free: 27095K (60%)
ptolemy.util.test.WatchDog.cancel(): canceling Thu Nov 07 06:13:23 UTC 2019
auto.tcl: Setting watchdog for 200 seconds at Thu Nov 07 06:13:23 UTC 2019
4 ms. Memory: 45056K Free: 26339K (58%)
ptolemy.util.test.WatchDog.cancel(): canceling Thu Nov 07 06:13:23 UTC 2019
------------------ testing $PTII/ptolemy/domains/de/test/auto/CausalityInterface3.xml
auto.tcl: Setting watchdog for 200 seconds at Thu Nov 07 06:13:23 UTC 2019
6 ms. Memory: 45056K Free: 26555K (59%)
ptolemy.util.test.WatchDog.cancel(): canceling Thu Nov 07 06:13:23 UTC 2019
auto.tcl: Setting watchdog for 200 seconds at Thu Nov 07 06:13:23 UTC 2019
3 ms. Memory: 45056K Free: 26152K (58%)
ptolemy.util.test.WatchDog.cancel(): canceling Thu Nov 07 06:13:23 UTC 2019
------------------ testing $PTII/ptolemy/domains/de/test/auto/ClockDrift.xml
auto.tcl: Setting watchdog for 200 seconds at Thu Nov 07 06:13:23 UTC 2019
100 ms. Memory: 45056K Free: 19149K (43%)
ptolemy.util.test.WatchDog.cancel(): canceling Thu Nov 07 06:13:24 UTC 2019
auto.tcl: Setting watchdog for 200 seconds at Thu Nov 07 06:13:24 UTC 2019
76 ms. Memory: 45056K Free: 15723K (35%)
ptolemy.util.test.WatchDog.cancel(): canceling Thu Nov 07 06:13:24 UTC 2019
------------------ testing $PTII/ptolemy/domains/de/test/auto/ClockDriftAndValueChange.xml
auto.tcl: Setting watchdog for 200 seconds at Thu Nov 07 06:13:24 UTC 2019
53 ms. Memory: 45056K Free: 19566K (43%)
ptolemy.util.test.WatchDog.cancel(): canceling Thu Nov 07 06:13:24 UTC 2019
auto.tcl: Setting watchdog for 200 seconds at Thu Nov 07 06:13:24 UTC 2019
27 ms. Memory: 45056K Free: 16373K (36%)
ptolemy.util.test.WatchDog.cancel(): canceling Thu Nov 07 06:13:24 UTC 2019
------------------ testing $PTII/ptolemy/domains/de/test/auto/ClockDriftChange.xml
auto.tcl: Setting watchdog for 200 seconds at Thu Nov 07 06:13:24 UTC 2019
17 ms. Memory: 45056K Free: 21020K (47%)
ptolemy.util.test.WatchDog.cancel(): canceling Thu Nov 07 06:13:24 UTC 2019
auto.tcl: Setting watchdog for 200 seconds at Thu Nov 07 06:13:24 UTC 2019
20 ms. Memory: 45056K Free: 18448K (41%)
ptolemy.util.test.WatchDog.cancel(): canceling Thu Nov 07 06:13:24 UTC 2019
------------------ testing $PTII/ptolemy/domains/de/test/auto/ComposableCausalityAnalysis.xml
auto.tcl: Setting watchdog for 200 seconds at Thu Nov 07 06:13:24 UTC 2019
5 ms. Memory: 45056K Free: 25607K (57%)
ptolemy.util.test.WatchDog.cancel(): canceling Thu Nov 07 06:13:24 UTC 2019
auto.tcl: Setting watchdog for 200 seconds at Thu Nov 07 06:13:24 UTC 2019
4 ms. Memory: 45056K Free: 24357K (54%)
ptolemy.util.test.WatchDog.cancel(): canceling Thu Nov 07 06:13:24 UTC 2019
------------------ testing $PTII/ptolemy/domains/de/test/auto/DEFixedPointLimitation.xml
auto.tcl: Setting watchdog for 200 seconds at Thu Nov 07 06:13:24 UTC 2019
3 ms. Memory: 45056K Free: 27030K (60%)
ptolemy.util.test.WatchDog.cancel(): canceling Thu Nov 07 06:13:24 UTC 2019
auto.tcl: Setting watchdog for 200 seconds at Thu Nov 07 06:13:24 UTC 2019
1 ms. Memory: 45056K Free: 26108K (58%)
ptolemy.util.test.WatchDog.cancel(): canceling Thu Nov 07 06:13:24 UTC 2019
------------------ testing $PTII/ptolemy/domains/de/test/auto/DEScheduleTest.xml
auto.tcl: Setting watchdog for 200 seconds at Thu Nov 07 06:13:24 UTC 2019
8 ms. Memory: 45056K Free: 27312K (61%)
ptolemy.util.test.WatchDog.cancel(): canceling Thu Nov 07 06:13:24 UTC 2019
auto.tcl: Setting watchdog for 200 seconds at Thu Nov 07 06:13:24 UTC 2019
3 ms. Memory: 45056K Free: 26551K (59%)
ptolemy.util.test.WatchDog.cancel(): canceling Thu Nov 07 06:13:24 UTC 2019
------------------ testing $PTII/ptolemy/domains/de/test/auto/DEinDEwithStartTimes.xml
auto.tcl: Setting watchdog for 200 seconds at Thu Nov 07 06:13:24 UTC 2019
4 ms. Memory: 45056K Free: 25497K (57%)
ptolemy.util.test.WatchDog.cancel(): canceling Thu Nov 07 06:13:24 UTC 2019
auto.tcl: Setting watchdog for 200 seconds at Thu Nov 07 06:13:24 UTC 2019
3 ms. Memory: 45056K Free: 24421K (54%)
ptolemy.util.test.WatchDog.cancel(): canceling Thu Nov 07 06:13:24 UTC 2019
------------------ testing $PTII/ptolemy/domains/de/test/auto/DEinDEwithStartTimes2.xml
auto.tcl: Setting watchdog for 200 seconds at Thu Nov 07 06:13:25 UTC 2019
5 ms. Memory: 45056K Free: 24682K (55%)
ptolemy.util.test.WatchDog.cancel(): canceling Thu Nov 07 06:13:25 UTC 2019
auto.tcl: Setting watchdog for 200 seconds at Thu Nov 07 06:13:25 UTC 2019
3 ms. Memory: 45056K Free: 23377K (52%)
ptolemy.util.test.WatchDog.cancel(): canceling Thu Nov 07 06:13:25 UTC 2019
------------------ testing $PTII/ptolemy/domains/de/test/auto/DateDemo.xml
auto.tcl: Setting watchdog for 200 seconds at Thu Nov 07 06:13:25 UTC 2019
17 ms. Memory: 45056K Free: 19594K (43%)
ptolemy.util.test.WatchDog.cancel(): canceling Thu Nov 07 06:13:25 UTC 2019
auto.tcl: Setting watchdog for 200 seconds at Thu Nov 07 06:13:25 UTC 2019
12 ms. Memory: 45056K Free: 17839K (40%)
ptolemy.util.test.WatchDog.cancel(): canceling Thu Nov 07 06:13:25 UTC 2019
------------------ testing $PTII/ptolemy/domains/de/test/auto/DateToEvent.xml
auto.tcl: Setting watchdog for 200 seconds at Thu Nov 07 06:13:25 UTC 2019
2016 ms. Memory: 45056K Free: 14507K (32%)
ptolemy.util.test.WatchDog.cancel(): canceling Thu Nov 07 06:13:27 UTC 2019
auto.tcl: Setting watchdog for 200 seconds at Thu Nov 07 06:13:27 UTC 2019
2006 ms. Memory: 45056K Free: 14121K (31%)
ptolemy.util.test.WatchDog.cancel(): canceling Thu Nov 07 06:13:29 UTC 2019
------------------ testing $PTII/ptolemy/domains/de/test/auto/DepthTest1.xml
auto.tcl: Setting watchdog for 200 seconds at Thu Nov 07 06:13:29 UTC 2019
6 ms. Memory: 45056K Free: 28209K (63%)
ptolemy.util.test.WatchDog.cancel(): canceling Thu Nov 07 06:13:29 UTC 2019
auto.tcl: Setting watchdog for 200 seconds at Thu Nov 07 06:13:29 UTC 2019
2 ms. Memory: 45056K Free: 27327K (61%)
ptolemy.util.test.WatchDog.cancel(): canceling Thu Nov 07 06:13:29 UTC 2019
------------------ testing $PTII/ptolemy/domains/de/test/auto/DepthTest2.xml
auto.tcl: Setting watchdog for 200 seconds at Thu Nov 07 06:13:29 UTC 2019
5 ms. Memory: 45056K Free: 24963K (55%)
ptolemy.util.test.WatchDog.cancel(): canceling Thu Nov 07 06:13:29 UTC 2019
auto.tcl: Setting watchdog for 200 seconds at Thu Nov 07 06:13:29 UTC 2019
7 ms. Memory: 45056K Free: 24414K (54%)
ptolemy.util.test.WatchDog.cancel(): canceling Thu Nov 07 06:13:29 UTC 2019
------------------ testing $PTII/ptolemy/domains/de/test/auto/DepthTest3.xml
auto.tcl: Setting watchdog for 200 seconds at Thu Nov 07 06:13:29 UTC 2019
3 ms. Memory: 45056K Free: 28572K (63%)
ptolemy.util.test.WatchDog.cancel(): canceling Thu Nov 07 06:13:29 UTC 2019
auto.tcl: Setting watchdog for 200 seconds at Thu Nov 07 06:13:29 UTC 2019
2 ms. Memory: 45056K Free: 28012K (62%)
ptolemy.util.test.WatchDog.cancel(): canceling Thu Nov 07 06:13:29 UTC 2019
------------------ testing $PTII/ptolemy/domains/de/test/auto/DepthTest4.xml
auto.tcl: Setting watchdog for 200 seconds at Thu Nov 07 06:13:29 UTC 2019
6 ms. Memory: 45056K Free: 26780K (59%)
ptolemy.util.test.WatchDog.cancel(): canceling Thu Nov 07 06:13:29 UTC 2019
auto.tcl: Setting watchdog for 200 seconds at Thu Nov 07 06:13:29 UTC 2019
2 ms. Memory: 45056K Free: 26047K (58%)
ptolemy.util.test.WatchDog.cancel(): canceling Thu Nov 07 06:13:29 UTC 2019
------------------ testing $PTII/ptolemy/domains/de/test/auto/DepthTest5.xml
auto.tcl: Setting watchdog for 200 seconds at Thu Nov 07 06:13:29 UTC 2019
3 ms. Memory: 45056K Free: 25891K (57%)
ptolemy.util.test.WatchDog.cancel(): canceling Thu Nov 07 06:13:29 UTC 2019
auto.tcl: Setting watchdog for 200 seconds at Thu Nov 07 06:13:29 UTC 2019
3 ms. Memory: 45056K Free: 25511K (57%)
ptolemy.util.test.WatchDog.cancel(): canceling Thu Nov 07 06:13:29 UTC 2019
------------------ testing $PTII/ptolemy/domains/de/test/auto/DepthTest6.xml
auto.tcl: Setting watchdog for 200 seconds at Thu Nov 07 06:13:29 UTC 2019
7 ms. Memory: 45056K Free: 25877K (57%)
ptolemy.util.test.WatchDog.cancel(): canceling Thu Nov 07 06:13:29 UTC 2019
auto.tcl: Setting watchdog for 200 seconds at Thu Nov 07 06:13:29 UTC 2019
2 ms. Memory: 45056K Free: 25355K (56%)
ptolemy.util.test.WatchDog.cancel(): canceling Thu Nov 07 06:13:29 UTC 2019
------------------ testing $PTII/ptolemy/domains/de/test/auto/DepthTest7.xml
auto.tcl: Setting watchdog for 200 seconds at Thu Nov 07 06:13:29 UTC 2019
3 ms. Memory: 45056K Free: 26376K (59%)
ptolemy.util.test.WatchDog.cancel(): canceling Thu Nov 07 06:13:29 UTC 2019
auto.tcl: Setting watchdog for 200 seconds at Thu Nov 07 06:13:29 UTC 2019
2 ms. Memory: 45056K Free: 26010K (58%)
ptolemy.util.test.WatchDog.cancel(): canceling Thu Nov 07 06:13:29 UTC 2019
------------------ testing $PTII/ptolemy/domains/de/test/auto/EventToDate.xml
auto.tcl: Setting watchdog for 200 seconds at Thu Nov 07 06:13:30 UTC 2019
3010 ms. Memory: 45056K Free: 17487K (39%)
ptolemy.util.test.WatchDog.cancel(): canceling Thu Nov 07 06:13:33 UTC 2019
auto.tcl: Setting watchdog for 200 seconds at Thu Nov 07 06:13:33 UTC 2019
3006 ms. Memory: 45056K Free: 16814K (37%)
ptolemy.util.test.WatchDog.cancel(): canceling Thu Nov 07 06:13:36 UTC 2019
------------------ testing $PTII/ptolemy/domains/de/test/auto/FSM1.xml
auto.tcl: Setting watchdog for 200 seconds at Thu Nov 07 06:13:36 UTC 2019
41 ms. Memory: 45056K Free: 18704K (42%)
ptolemy.util.test.WatchDog.cancel(): canceling Thu Nov 07 06:13:36 UTC 2019
auto.tcl: Setting watchdog for 200 seconds at Thu Nov 07 06:13:36 UTC 2019
35 ms. Memory: 45056K Free: 15445K (34%)
ptolemy.util.test.WatchDog.cancel(): canceling Thu Nov 07 06:13:36 UTC 2019
------------------ testing $PTII/ptolemy/domains/de/test/auto/FSM7.xml
auto.tcl: Setting watchdog for 200 seconds at Thu Nov 07 06:13:36 UTC 2019
20 ms. Memory: 45056K Free: 18428K (41%)
ptolemy.util.test.WatchDog.cancel(): canceling Thu Nov 07 06:13:36 UTC 2019
auto.tcl: Setting watchdog for 200 seconds at Thu Nov 07 06:13:36 UTC 2019
21 ms. Memory: 45056K Free: 15309K (34%)
ptolemy.util.test.WatchDog.cancel(): canceling Thu Nov 07 06:13:36 UTC 2019
------------------ testing $PTII/ptolemy/domains/de/test/auto/Inspection.xml
auto.tcl: Setting watchdog for 200 seconds at Thu Nov 07 06:13:36 UTC 2019
34 ms. Memory: 45056K Free: 18248K (41%)
ptolemy.util.test.WatchDog.cancel(): canceling Thu Nov 07 06:13:36 UTC 2019
auto.tcl: Setting watchdog for 200 seconds at Thu Nov 07 06:13:36 UTC 2019
33 ms. Memory: 45056K Free: 16367K (36%)
ptolemy.util.test.WatchDog.cancel(): canceling Thu Nov 07 06:13:36 UTC 2019
------------------ testing $PTII/ptolemy/domains/de/test/auto/Iteration.xml
auto.tcl: Setting watchdog for 200 seconds at Thu Nov 07 06:13:36 UTC 2019
8 ms. Memory: 45056K Free: 24148K (54%)
ptolemy.util.test.WatchDog.cancel(): canceling Thu Nov 07 06:13:36 UTC 2019
auto.tcl: Setting watchdog for 200 seconds at Thu Nov 07 06:13:36 UTC 2019
8 ms. Memory: 45056K Free: 23122K (51%)
ptolemy.util.test.WatchDog.cancel(): canceling Thu Nov 07 06:13:36 UTC 2019
------------------ testing $PTII/ptolemy/domains/de/test/auto/LineFault.xml
auto.tcl: Setting watchdog for 200 seconds at Thu Nov 07 06:13:36 UTC 2019
745 ms. Memory: 55296K Free: 39002K (71%)
ptolemy.util.test.WatchDog.cancel(): canceling Thu Nov 07 06:13:37 UTC 2019
auto.tcl: Setting watchdog for 200 seconds at Thu Nov 07 06:13:37 UTC 2019
609 ms. Memory: 55296K Free: 28757K (52%)
ptolemy.util.test.WatchDog.cancel(): canceling Thu Nov 07 06:13:38 UTC 2019
------------------ testing $PTII/ptolemy/domains/de/test/auto/MergeModel1Add.xml
auto.tcl: Setting watchdog for 200 seconds at Thu Nov 07 06:13:38 UTC 2019
32 ms. Memory: 55296K Free: 20097K (36%)
ptolemy.util.test.WatchDog.cancel(): canceling Thu Nov 07 06:13:38 UTC 2019
auto.tcl: Setting watchdog for 200 seconds at Thu Nov 07 06:13:38 UTC 2019
14 ms. Memory: 55296K Free: 18581K (34%)
ptolemy.util.test.WatchDog.cancel(): canceling Thu Nov 07 06:13:38 UTC 2019
------------------ testing $PTII/ptolemy/domains/de/test/auto/MergeModel2Add.xml
auto.tcl: Setting watchdog for 200 seconds at Thu Nov 07 06:13:38 UTC 2019
9 ms. Memory: 51200K Free: 18852K (37%)
ptolemy.util.test.WatchDog.cancel(): canceling Thu Nov 07 06:13:38 UTC 2019
auto.tcl: Setting watchdog for 200 seconds at Thu Nov 07 06:13:38 UTC 2019
8 ms. Memory: 51200K Free: 17401K (34%)
ptolemy.util.test.WatchDog.cancel(): canceling Thu Nov 07 06:13:38 UTC 2019
------------------ testing $PTII/ptolemy/domains/de/test/auto/MergeModel3Add.xml
auto.tcl: Setting watchdog for 200 seconds at Thu Nov 07 06:13:38 UTC 2019
9 ms. Memory: 51200K Free: 18366K (36%)
ptolemy.util.test.WatchDog.cancel(): canceling Thu Nov 07 06:13:38 UTC 2019
auto.tcl: Setting watchdog for 200 seconds at Thu Nov 07 06:13:38 UTC 2019
7 ms. Memory: 51200K Free: 17005K (33%)
ptolemy.util.test.WatchDog.cancel(): canceling Thu Nov 07 06:13:38 UTC 2019
------------------ testing $PTII/ptolemy/domains/de/test/auto/MergeWithoutDiscard.xml
auto.tcl: Setting watchdog for 200 seconds at Thu Nov 07 06:13:38 UTC 2019
2 ms. Memory: 48128K Free: 30192K (63%)
ptolemy.util.test.WatchDog.cancel(): canceling Thu Nov 07 06:13:38 UTC 2019
auto.tcl: Setting watchdog for 200 seconds at Thu Nov 07 06:13:38 UTC 2019
1 ms. Memory: 48128K Free: 29671K (62%)
ptolemy.util.test.WatchDog.cancel(): canceling Thu Nov 07 06:13:38 UTC 2019
------------------ testing $PTII/ptolemy/domains/de/test/auto/Modal1.xml
auto.tcl: Setting watchdog for 200 seconds at Thu Nov 07 06:13:38 UTC 2019
21 ms. Memory: 48128K Free: 21775K (45%)
ptolemy.util.test.WatchDog.cancel(): canceling Thu Nov 07 06:13:38 UTC 2019
auto.tcl: Setting watchdog for 200 seconds at Thu Nov 07 06:13:38 UTC 2019
24 ms. Memory: 48128K Free: 18363K (38%)
ptolemy.util.test.WatchDog.cancel(): canceling Thu Nov 07 06:13:38 UTC 2019
------------------ testing $PTII/ptolemy/domains/de/test/auto/Modal2.xml
auto.tcl: Setting watchdog for 200 seconds at Thu Nov 07 06:13:39 UTC 2019
23 ms. Memory: 48128K Free: 21889K (45%)
ptolemy.util.test.WatchDog.cancel(): canceling Thu Nov 07 06:13:39 UTC 2019
auto.tcl: Setting watchdog for 200 seconds at Thu Nov 07 06:13:39 UTC 2019
21 ms. Memory: 48128K Free: 18649K (39%)
ptolemy.util.test.WatchDog.cancel(): canceling Thu Nov 07 06:13:39 UTC 2019
------------------ testing $PTII/ptolemy/domains/de/test/auto/Modal3.xml
auto.tcl: Setting watchdog for 200 seconds at Thu Nov 07 06:13:39 UTC 2019
18 ms. Memory: 48128K Free: 21608K (45%)
ptolemy.util.test.WatchDog.cancel(): canceling Thu Nov 07 06:13:39 UTC 2019
auto.tcl: Setting watchdog for 200 seconds at Thu Nov 07 06:13:39 UTC 2019
16 ms. Memory: 48128K Free: 18287K (38%)
ptolemy.util.test.WatchDog.cancel(): canceling Thu Nov 07 06:13:39 UTC 2019
------------------ testing $PTII/ptolemy/domains/de/test/auto/Modal4.xml
auto.tcl: Setting watchdog for 200 seconds at Thu Nov 07 06:13:39 UTC 2019
15 ms. Memory: 48128K Free: 20822K (43%)
ptolemy.util.test.WatchDog.cancel(): canceling Thu Nov 07 06:13:39 UTC 2019
auto.tcl: Setting watchdog for 200 seconds at Thu Nov 07 06:13:39 UTC 2019
17 ms. Memory: 48128K Free: 16992K (35%)
ptolemy.util.test.WatchDog.cancel(): canceling Thu Nov 07 06:13:39 UTC 2019
------------------ testing $PTII/ptolemy/domains/de/test/auto/Modal5.xml
auto.tcl: Setting watchdog for 200 seconds at Thu Nov 07 06:13:39 UTC 2019
16 ms. Memory: 48128K Free: 20817K (43%)
ptolemy.util.test.WatchDog.cancel(): canceling Thu Nov 07 06:13:39 UTC 2019
auto.tcl: Setting watchdog for 200 seconds at Thu Nov 07 06:13:39 UTC 2019
15 ms. Memory: 48128K Free: 16978K (35%)
ptolemy.util.test.WatchDog.cancel(): canceling Thu Nov 07 06:13:39 UTC 2019
------------------ testing $PTII/ptolemy/domains/de/test/auto/Modal6.xml
auto.tcl: Setting watchdog for 200 seconds at Thu Nov 07 06:13:39 UTC 2019
14 ms. Memory: 48128K Free: 21597K (45%)
ptolemy.util.test.WatchDog.cancel(): canceling Thu Nov 07 06:13:39 UTC 2019
auto.tcl: Setting watchdog for 200 seconds at Thu Nov 07 06:13:39 UTC 2019
17 ms. Memory: 48128K Free: 17652K (37%)
ptolemy.util.test.WatchDog.cancel(): canceling Thu Nov 07 06:13:39 UTC 2019
------------------ testing $PTII/ptolemy/domains/de/test/auto/Modal7.xml
auto.tcl: Setting watchdog for 200 seconds at Thu Nov 07 06:13:39 UTC 2019
18 ms. Memory: 48128K Free: 20789K (43%)
ptolemy.util.test.WatchDog.cancel(): canceling Thu Nov 07 06:13:39 UTC 2019
auto.tcl: Setting watchdog for 200 seconds at Thu Nov 07 06:13:39 UTC 2019
13 ms. Memory: 48128K Free: 17289K (36%)
ptolemy.util.test.WatchDog.cancel(): canceling Thu Nov 07 06:13:39 UTC 2019
------------------ testing $PTII/ptolemy/domains/de/test/auto/ModalModel.xml
auto.tcl: Setting watchdog for 200 seconds at Thu Nov 07 06:13:39 UTC 2019
253 ms. Memory: 58368K Free: 18551K (32%)
ptolemy.util.test.WatchDog.cancel(): canceling Thu Nov 07 06:13:40 UTC 2019
auto.tcl: Setting watchdog for 200 seconds at Thu Nov 07 06:13:40 UTC 2019
227 ms. Memory: 58368K Free: 41803K (72%)
ptolemy.util.test.WatchDog.cancel(): canceling Thu Nov 07 06:13:40 UTC 2019
------------------ testing $PTII/ptolemy/domains/de/test/auto/ModalSource.xml
auto.tcl: Setting watchdog for 200 seconds at Thu Nov 07 06:13:40 UTC 2019
7 ms. Memory: 51200K Free: 28723K (56%)
ptolemy.util.test.WatchDog.cancel(): canceling Thu Nov 07 06:13:40 UTC 2019
auto.tcl: Setting watchdog for 200 seconds at Thu Nov 07 06:13:40 UTC 2019
7 ms. Memory: 51200K Free: 26675K (52%)
ptolemy.util.test.WatchDog.cancel(): canceling Thu Nov 07 06:13:40 UTC 2019
------------------ testing $PTII/ptolemy/domains/de/test/auto/NonInterruptibleTimerZeroDelay.xml
auto.tcl: Setting watchdog for 200 seconds at Thu Nov 07 06:13:40 UTC 2019
4 ms. Memory: 51200K Free: 33689K (66%)
ptolemy.util.test.WatchDog.cancel(): canceling Thu Nov 07 06:13:40 UTC 2019
auto.tcl: Setting watchdog for 200 seconds at Thu Nov 07 06:13:40 UTC 2019
2 ms. Memory: 51200K Free: 32991K (64%)
ptolemy.util.test.WatchDog.cancel(): canceling Thu Nov 07 06:13:40 UTC 2019
------------------ testing $PTII/ptolemy/domains/de/test/auto/OpenQueueingNetwork.xml
auto.tcl: Setting watchdog for 200 seconds at Thu Nov 07 06:13:40 UTC 2019
3205 ms. Memory: 158720K Free: 140240K (88%)
ptolemy.util.test.WatchDog.cancel(): canceling Thu Nov 07 06:13:43 UTC 2019
auto.tcl: Setting watchdog for 200 seconds at Thu Nov 07 06:13:43 UTC 2019
2591 ms. Memory: 190464K Free: 93163K (49%)
ptolemy.util.test.WatchDog.cancel(): canceling Thu Nov 07 06:13:46 UTC 2019
------------------ testing $PTII/ptolemy/domains/de/test/auto/OpenQueuingNetwork.xml
auto.tcl: Setting watchdog for 200 seconds at Thu Nov 07 06:13:46 UTC 2019
296 ms. Memory: 51200K Free: 15809K (31%)
ptolemy.util.test.WatchDog.cancel(): canceling Thu Nov 07 06:13:47 UTC 2019
auto.tcl: Setting watchdog for 200 seconds at Thu Nov 07 06:13:47 UTC 2019
284 ms. Memory: 51200K Free: 20503K (40%)
ptolemy.util.test.WatchDog.cancel(): canceling Thu Nov 07 06:13:47 UTC 2019
------------------ testing $PTII/ptolemy/domains/de/test/auto/PeriodicSampler.xml
auto.tcl: Setting watchdog for 200 seconds at Thu Nov 07 06:13:47 UTC 2019
3 ms. Memory: 51200K Free: 32859K (64%)
ptolemy.util.test.WatchDog.cancel(): canceling Thu Nov 07 06:13:47 UTC 2019
auto.tcl: Setting watchdog for 200 seconds at Thu Nov 07 06:13:47 UTC 2019
2 ms. Memory: 51200K Free: 32348K (63%)
ptolemy.util.test.WatchDog.cancel(): canceling Thu Nov 07 06:13:47 UTC 2019
------------------ testing $PTII/ptolemy/domains/de/test/auto/PersistentIO.xml
auto.tcl: Setting watchdog for 200 seconds at Thu Nov 07 06:13:47 UTC 2019
20 ms. Memory: 51200K Free: 27783K (54%)
ptolemy.util.test.WatchDog.cancel(): canceling Thu Nov 07 06:13:47 UTC 2019
auto.tcl: Setting watchdog for 200 seconds at Thu Nov 07 06:13:47 UTC 2019
6 ms. Memory: 51200K Free: 26319K (51%)
ptolemy.util.test.WatchDog.cancel(): canceling Thu Nov 07 06:13:47 UTC 2019
------------------ testing $PTII/ptolemy/domains/de/test/auto/PortParameterResetOnInitialize.xml
auto.tcl: Setting watchdog for 200 seconds at Thu Nov 07 06:13:47 UTC 2019
9 ms. Memory: 51200K Free: 32751K (64%)
ptolemy.util.test.WatchDog.cancel(): canceling Thu Nov 07 06:13:47 UTC 2019
auto.tcl: Setting watchdog for 200 seconds at Thu Nov 07 06:13:47 UTC 2019
3 ms. Memory: 51200K Free: 32271K (63%)
ptolemy.util.test.WatchDog.cancel(): canceling Thu Nov 07 06:13:47 UTC 2019
------------------ testing $PTII/ptolemy/domains/de/test/auto/PortParameterUpdates.xml
auto.tcl: Setting watchdog for 200 seconds at Thu Nov 07 06:13:47 UTC 2019
6 ms. Memory: 51200K Free: 31087K (61%)
ptolemy.util.test.WatchDog.cancel(): canceling Thu Nov 07 06:13:47 UTC 2019
auto.tcl: Setting watchdog for 200 seconds at Thu Nov 07 06:13:47 UTC 2019
9 ms. Memory: 51200K Free: 29845K (58%)
ptolemy.util.test.WatchDog.cancel(): canceling Thu Nov 07 06:13:47 UTC 2019
------------------ testing $PTII/ptolemy/domains/de/test/auto/QueueAndServer.xml
auto.tcl: Setting watchdog for 200 seconds at Thu Nov 07 06:13:47 UTC 2019
22 ms. Memory: 48128K Free: 26733K (56%)
ptolemy.util.test.WatchDog.cancel(): canceling Thu Nov 07 06:13:47 UTC 2019
auto.tcl: Setting watchdog for 200 seconds at Thu Nov 07 06:13:47 UTC 2019
7 ms. Memory: 48128K Free: 25300K (53%)
ptolemy.util.test.WatchDog.cancel(): canceling Thu Nov 07 06:13:47 UTC 2019
------------------ testing $PTII/ptolemy/domains/de/test/auto/Records.xml
auto.tcl: Setting watchdog for 200 seconds at Thu Nov 07 06:13:47 UTC 2019
4 ms. Memory: 48128K Free: 28973K (60%)
ptolemy.util.test.WatchDog.cancel(): canceling Thu Nov 07 06:13:47 UTC 2019
auto.tcl: Setting watchdog for 200 seconds at Thu Nov 07 06:13:47 UTC 2019
2 ms. Memory: 48128K Free: 28509K (59%)
ptolemy.util.test.WatchDog.cancel(): canceling Thu Nov 07 06:13:47 UTC 2019
------------------ testing $PTII/ptolemy/domains/de/test/auto/ResetTransitionWithStartTime1.xml
auto.tcl: Setting watchdog for 200 seconds at Thu Nov 07 06:13:47 UTC 2019
16 ms. Memory: 48128K Free: 26196K (54%)
ptolemy.util.test.WatchDog.cancel(): canceling Thu Nov 07 06:13:47 UTC 2019
auto.tcl: Setting watchdog for 200 seconds at Thu Nov 07 06:13:47 UTC 2019
7 ms. Memory: 48128K Free: 23685K (49%)
ptolemy.util.test.WatchDog.cancel(): canceling Thu Nov 07 06:13:47 UTC 2019
------------------ testing $PTII/ptolemy/domains/de/test/auto/ResetTransitionWithStartTime2.xml
auto.tcl: Setting watchdog for 200 seconds at Thu Nov 07 06:13:48 UTC 2019
6 ms. Memory: 48128K Free: 26151K (54%)
ptolemy.util.test.WatchDog.cancel(): canceling Thu Nov 07 06:13:48 UTC 2019
auto.tcl: Setting watchdog for 200 seconds at Thu Nov 07 06:13:48 UTC 2019
8 ms. Memory: 48128K Free: 23640K (49%)
ptolemy.util.test.WatchDog.cancel(): canceling Thu Nov 07 06:13:48 UTC 2019
------------------ testing $PTII/ptolemy/domains/de/test/auto/ResetTransitionWithStartTime3.xml
auto.tcl: Setting watchdog for 200 seconds at Thu Nov 07 06:13:48 UTC 2019
12 ms. Memory: 48128K Free: 26149K (54%)
ptolemy.util.test.WatchDog.cancel(): canceling Thu Nov 07 06:13:48 UTC 2019
auto.tcl: Setting watchdog for 200 seconds at Thu Nov 07 06:13:48 UTC 2019
7 ms. Memory: 48128K Free: 23616K (49%)
ptolemy.util.test.WatchDog.cancel(): canceling Thu Nov 07 06:13:48 UTC 2019
------------------ testing $PTII/ptolemy/domains/de/test/auto/ResetTransitionWithStartTime4.xml
auto.tcl: Setting watchdog for 200 seconds at Thu Nov 07 06:13:48 UTC 2019
11 ms. Memory: 48128K Free: 26637K (55%)
ptolemy.util.test.WatchDog.cancel(): canceling Thu Nov 07 06:13:48 UTC 2019
auto.tcl: Setting watchdog for 200 seconds at Thu Nov 07 06:13:48 UTC 2019
5 ms. Memory: 48128K Free: 25194K (52%)
ptolemy.util.test.WatchDog.cancel(): canceling Thu Nov 07 06:13:48 UTC 2019
------------------ testing $PTII/ptolemy/domains/de/test/auto/ResettableTimer1.xml
auto.tcl: Setting watchdog for 200 seconds at Thu Nov 07 06:13:48 UTC 2019
4 ms. Memory: 48128K Free: 30226K (63%)
ptolemy.util.test.WatchDog.cancel(): canceling Thu Nov 07 06:13:48 UTC 2019
auto.tcl: Setting watchdog for 200 seconds at Thu Nov 07 06:13:48 UTC 2019
4 ms. Memory: 48128K Free: 29264K (61%)
ptolemy.util.test.WatchDog.cancel(): canceling Thu Nov 07 06:13:48 UTC 2019
------------------ testing $PTII/ptolemy/domains/de/test/auto/ResettableTimer2.xml
auto.tcl: Setting watchdog for 200 seconds at Thu Nov 07 06:13:48 UTC 2019
3 ms. Memory: 48128K Free: 30282K (63%)
ptolemy.util.test.WatchDog.cancel(): canceling Thu Nov 07 06:13:48 UTC 2019
auto.tcl: Setting watchdog for 200 seconds at Thu Nov 07 06:13:48 UTC 2019
4 ms. Memory: 48128K Free: 29326K (61%)
ptolemy.util.test.WatchDog.cancel(): canceling Thu Nov 07 06:13:48 UTC 2019
------------------ testing $PTII/ptolemy/domains/de/test/auto/ResettableTimer3.xml
auto.tcl: Setting watchdog for 200 seconds at Thu Nov 07 06:13:48 UTC 2019
1 ms. Memory: 48128K Free: 30761K (64%)
ptolemy.util.test.WatchDog.cancel(): canceling Thu Nov 07 06:13:48 UTC 2019
auto.tcl: Setting watchdog for 200 seconds at Thu Nov 07 06:13:48 UTC 2019
1 ms. Memory: 48128K Free: 30300K (63%)
ptolemy.util.test.WatchDog.cancel(): canceling Thu Nov 07 06:13:48 UTC 2019
------------------ testing $PTII/ptolemy/domains/de/test/auto/ResettableTimer4.xml
auto.tcl: Setting watchdog for 200 seconds at Thu Nov 07 06:13:48 UTC 2019
2 ms. Memory: 48128K Free: 30330K (63%)
ptolemy.util.test.WatchDog.cancel(): canceling Thu Nov 07 06:13:48 UTC 2019
auto.tcl: Setting watchdog for 200 seconds at Thu Nov 07 06:13:48 UTC 2019
1 ms. Memory: 48128K Free: 30295K (63%)
ptolemy.util.test.WatchDog.cancel(): canceling Thu Nov 07 06:13:48 UTC 2019
------------------ testing $PTII/ptolemy/domains/de/test/auto/ResettableTimer5.xml
auto.tcl: Setting watchdog for 200 seconds at Thu Nov 07 06:13:48 UTC 2019
2 ms. Memory: 48128K Free: 29749K (62%)
ptolemy.util.test.WatchDog.cancel(): canceling Thu Nov 07 06:13:48 UTC 2019
auto.tcl: Setting watchdog for 200 seconds at Thu Nov 07 06:13:48 UTC 2019
1 ms. Memory: 48128K Free: 29288K (61%)
ptolemy.util.test.WatchDog.cancel(): canceling Thu Nov 07 06:13:48 UTC 2019
------------------ testing $PTII/ptolemy/domains/de/test/auto/ResettableTimer6.xml
auto.tcl: Setting watchdog for 200 seconds at Thu Nov 07 06:13:48 UTC 2019
2 ms. Memory: 48128K Free: 29739K (62%)
ptolemy.util.test.WatchDog.cancel(): canceling Thu Nov 07 06:13:48 UTC 2019
auto.tcl: Setting watchdog for 200 seconds at Thu Nov 07 06:13:48 UTC 2019
1 ms. Memory: 48128K Free: 29278K (61%)
ptolemy.util.test.WatchDog.cancel(): canceling Thu Nov 07 06:13:48 UTC 2019
------------------ testing $PTII/ptolemy/domains/de/test/auto/ServerZeroDelay.xml
auto.tcl: Setting watchdog for 200 seconds at Thu Nov 07 06:13:48 UTC 2019
4 ms. Memory: 48128K Free: 30274K (63%)
ptolemy.util.test.WatchDog.cancel(): canceling Thu Nov 07 06:13:48 UTC 2019
auto.tcl: Setting watchdog for 200 seconds at Thu Nov 07 06:13:48 UTC 2019
3 ms. Memory: 48128K Free: 29320K (61%)
ptolemy.util.test.WatchDog.cancel(): canceling Thu Nov 07 06:13:48 UTC 2019
------------------ testing $PTII/ptolemy/domains/de/test/auto/SmartSender.xml
auto.tcl: Setting watchdog for 200 seconds at Thu Nov 07 06:13:48 UTC 2019
3001 ms. Memory: 48128K Free: 30287K (63%)
ptolemy.util.test.WatchDog.cancel(): canceling Thu Nov 07 06:13:51 UTC 2019
auto.tcl: Setting watchdog for 200 seconds at Thu Nov 07 06:13:51 UTC 2019
3002 ms. Memory: 48128K Free: 29805K (62%)
ptolemy.util.test.WatchDog.cancel(): canceling Thu Nov 07 06:13:54 UTC 2019
------------------ testing $PTII/ptolemy/domains/de/test/auto/ThreadedComposite.xml
auto.tcl: Setting watchdog for 200 seconds at Thu Nov 07 06:13:54 UTC 2019
426 ms. Memory: 48128K Free: 32950K (68%)
ptolemy.util.test.WatchDog.cancel(): canceling Thu Nov 07 06:13:55 UTC 2019
auto.tcl: Setting watchdog for 200 seconds at Thu Nov 07 06:13:55 UTC 2019
127 ms. Memory: 48128K Free: 19787K (41%)
ptolemy.util.test.WatchDog.cancel(): canceling Thu Nov 07 06:13:55 UTC 2019
------------------ testing $PTII/ptolemy/domains/de/test/auto/Time.xml
auto.tcl: Setting watchdog for 200 seconds at Thu Nov 07 06:13:55 UTC 2019
575 ms. Memory: 48128K Free: 27786K (58%)
ptolemy.util.test.WatchDog.cancel(): canceling Thu Nov 07 06:13:56 UTC 2019
auto.tcl: Setting watchdog for 200 seconds at Thu Nov 07 06:13:56 UTC 2019
527 ms. Memory: 65536K Free: 42153K (64%)
ptolemy.util.test.WatchDog.cancel(): canceling Thu Nov 07 06:13:56 UTC 2019
------------------ testing $PTII/ptolemy/domains/de/test/auto/TimeDelayZeroDelay.xml
auto.tcl: Setting watchdog for 200 seconds at Thu Nov 07 06:13:56 UTC 2019
3 ms. Memory: 51200K Free: 33750K (66%)
ptolemy.util.test.WatchDog.cancel(): canceling Thu Nov 07 06:13:56 UTC 2019
auto.tcl: Setting watchdog for 200 seconds at Thu Nov 07 06:13:56 UTC 2019
2 ms. Memory: 51200K Free: 32863K (64%)
ptolemy.util.test.WatchDog.cancel(): canceling Thu Nov 07 06:13:56 UTC 2019
------------------ testing $PTII/ptolemy/domains/de/test/auto/TimerZeroDelay.xml
auto.tcl: Setting watchdog for 200 seconds at Thu Nov 07 06:13:56 UTC 2019
2 ms. Memory: 51200K Free: 33731K (66%)
ptolemy.util.test.WatchDog.cancel(): canceling Thu Nov 07 06:13:56 UTC 2019
auto.tcl: Setting watchdog for 200 seconds at Thu Nov 07 06:13:56 UTC 2019
2 ms. Memory: 51200K Free: 32906K (64%)
ptolemy.util.test.WatchDog.cancel(): canceling Thu Nov 07 06:13:56 UTC 2019
------------------ testing $PTII/ptolemy/domains/de/test/auto/TimingParadox.xml
auto.tcl: Setting watchdog for 200 seconds at Thu Nov 07 06:13:56 UTC 2019
447 ms. Memory: 51200K Free: 20440K (40%)
ptolemy.util.test.WatchDog.cancel(): canceling Thu Nov 07 06:13:57 UTC 2019
auto.tcl: Setting watchdog for 200 seconds at Thu Nov 07 06:13:57 UTC 2019
399 ms. Memory: 51200K Free: 11423K (22%)
ptolemy.util.test.WatchDog.cancel(): canceling Thu Nov 07 06:13:58 UTC 2019
------------------ testing $PTII/ptolemy/domains/de/test/auto/TransferInputs.xml
auto.tcl: Setting watchdog for 200 seconds at Thu Nov 07 06:13:58 UTC 2019
2 ms. Memory: 51200K Free: 31789K (62%)
ptolemy.util.test.WatchDog.cancel(): canceling Thu Nov 07 06:13:58 UTC 2019
auto.tcl: Setting watchdog for 200 seconds at Thu Nov 07 06:13:58 UTC 2019
2 ms. Memory: 51200K Free: 30872K (60%)
ptolemy.util.test.WatchDog.cancel(): canceling Thu Nov 07 06:13:58 UTC 2019
------------------ testing $PTII/ptolemy/domains/de/test/auto/TransferOutputs2.xml
auto.tcl: Setting watchdog for 200 seconds at Thu Nov 07 06:13:58 UTC 2019
4 ms. Memory: 51200K Free: 29224K (57%)
ptolemy.util.test.WatchDog.cancel(): canceling Thu Nov 07 06:13:58 UTC 2019
auto.tcl: Setting watchdog for 200 seconds at Thu Nov 07 06:13:58 UTC 2019
3 ms. Memory: 51200K Free: 27803K (54%)
ptolemy.util.test.WatchDog.cancel(): canceling Thu Nov 07 06:13:58 UTC 2019
------------------ testing $PTII/ptolemy/domains/de/test/auto/Trilateration.xml
auto.tcl: Setting watchdog for 200 seconds at Thu Nov 07 06:13:58 UTC 2019
14672 ms. Memory: 408576K Free: 195654K (48%)
ptolemy.util.test.WatchDog.cancel(): canceling Thu Nov 07 06:14:14 UTC 2019
auto.tcl: Setting watchdog for 200 seconds at Thu Nov 07 06:14:14 UTC 2019
11922 ms. Memory: 408576K Free: 226476K (55%)
ptolemy.util.test.WatchDog.cancel(): canceling Thu Nov 07 06:14:26 UTC 2019
------------------ testing $PTII/ptolemy/domains/de/test/auto/TwoSigmaDelta.xml
auto.tcl: Setting watchdog for 200 seconds at Thu Nov 07 06:14:26 UTC 2019
2783 ms. Memory: 89088K Free: 30925K (35%)
ptolemy.util.test.WatchDog.cancel(): canceling Thu Nov 07 06:14:29 UTC 2019
auto.tcl: Setting watchdog for 200 seconds at Thu Nov 07 06:14:29 UTC 2019
2111 ms. Memory: 89088K Free: 29931K (34%)
ptolemy.util.test.WatchDog.cancel(): canceling Thu Nov 07 06:14:31 UTC 2019
------------------ testing $PTII/ptolemy/domains/de/test/auto/VariableDelay.xml
auto.tcl: Setting watchdog for 200 seconds at Thu Nov 07 06:14:31 UTC 2019
3 ms. Memory: 51200K Free: 32260K (63%)
ptolemy.util.test.WatchDog.cancel(): canceling Thu Nov 07 06:14:31 UTC 2019
auto.tcl: Setting watchdog for 200 seconds at Thu Nov 07 06:14:31 UTC 2019
2 ms. Memory: 51200K Free: 31250K (61%)
ptolemy.util.test.WatchDog.cancel(): canceling Thu Nov 07 06:14:31 UTC 2019
------------------ testing $PTII/ptolemy/domains/de/test/auto/VariableDelay2.xml
auto.tcl: Setting watchdog for 200 seconds at Thu Nov 07 06:14:31 UTC 2019
5 ms. Memory: 51200K Free: 33303K (65%)
ptolemy.util.test.WatchDog.cancel(): canceling Thu Nov 07 06:14:31 UTC 2019
auto.tcl: Setting watchdog for 200 seconds at Thu Nov 07 06:14:31 UTC 2019
2 ms. Memory: 51200K Free: 32180K (63%)
ptolemy.util.test.WatchDog.cancel(): canceling Thu Nov 07 06:14:31 UTC 2019
------------------ testing $PTII/ptolemy/domains/de/test/auto/VariableDelayZeroDelay.xml
auto.tcl: Setting watchdog for 200 seconds at Thu Nov 07 06:14:31 UTC 2019
2 ms. Memory: 51200K Free: 33202K (65%)
ptolemy.util.test.WatchDog.cancel(): canceling Thu Nov 07 06:14:31 UTC 2019
auto.tcl: Setting watchdog for 200 seconds at Thu Nov 07 06:14:31 UTC 2019
2 ms. Memory: 51200K Free: 32674K (64%)
ptolemy.util.test.WatchDog.cancel(): canceling Thu Nov 07 06:14:31 UTC 2019
------------------ testing $PTII/ptolemy/domains/de/test/auto/VariableDelayZeroDelay2.xml
auto.tcl: Setting watchdog for 200 seconds at Thu Nov 07 06:14:31 UTC 2019
2 ms. Memory: 51200K Free: 33201K (65%)
ptolemy.util.test.WatchDog.cancel(): canceling Thu Nov 07 06:14:31 UTC 2019
auto.tcl: Setting watchdog for 200 seconds at Thu Nov 07 06:14:31 UTC 2019
3 ms. Memory: 51200K Free: 32177K (63%)
ptolemy.util.test.WatchDog.cancel(): canceling Thu Nov 07 06:14:31 UTC 2019
------------------ testing $PTII/ptolemy/domains/de/test/auto/deInCt.xml
auto.tcl: Setting watchdog for 200 seconds at Thu Nov 07 06:14:31 UTC 2019
0
1
1
1
0
0
1
1
1
0
0
0
0
1
1
1
1
0
0
0
1
1
1
1
0
0
0
0
0
0
0
11 ms. Memory: 51200K Free: 32174K (63%)
ptolemy.util.test.WatchDog.cancel(): canceling Thu Nov 07 06:14:31 UTC 2019
auto.tcl: Setting watchdog for 200 seconds at Thu Nov 07 06:14:31 UTC 2019
0
1
1
1
1
0
0
0
1
1
1
0
0
0
1
1
1
0
0
0
0
1
1
1
0
0
0
1
1
1
0
0
0
1
1
1
0
0
0
0
0
8 ms. Memory: 51200K Free: 30636K (60%)
ptolemy.util.test.WatchDog.cancel(): canceling Thu Nov 07 06:14:31 UTC 2019
------------------ testing $PTII/ptolemy/domains/de/test/auto/deInCt2.xml
auto.tcl: Setting watchdog for 200 seconds at Thu Nov 07 06:14:31 UTC 2019
0
1
1
1
0
0
1
1
1
0
0
1
1
1
0
0
1
1
1
0
0
1
1
1
0
0
1
1
1
0
0
1
1
1
0
0
1
1
1
0
0
0
9 ms. Memory: 51200K Free: 32176K (63%)
ptolemy.util.test.WatchDog.cancel(): canceling Thu Nov 07 06:14:31 UTC 2019
auto.tcl: Setting watchdog for 200 seconds at Thu Nov 07 06:14:31 UTC 2019
0
1
1
1
0
0
1
1
1
0
0
1
1
1
0
0
1
1
1
0
0
1
1
1
0
0
1
1
1
0
0
1
1
1
0
0
1
1
1
0
0
0
7 ms. Memory: 51200K Free: 30624K (60%)
ptolemy.util.test.WatchDog.cancel(): canceling Thu Nov 07 06:14:31 UTC 2019
------------------ testing $PTII/ptolemy/domains/de/test/auto/dynamicCausalityInterface1.xml
auto.tcl: Setting watchdog for 200 seconds at Thu Nov 07 06:14:31 UTC 2019
1 ms. Memory: 51200K Free: 28074K (55%)
ptolemy.util.test.WatchDog.cancel(): canceling Thu Nov 07 06:14:31 UTC 2019
auto.tcl: Setting watchdog for 200 seconds at Thu Nov 07 06:14:31 UTC 2019
1 ms. Memory: 51200K Free: 27560K (54%)
ptolemy.util.test.WatchDog.cancel(): canceling Thu Nov 07 06:14:31 UTC 2019
------------------ testing $PTII/ptolemy/domains/de/test/auto/fsm_de_test.xml
auto.tcl: Setting watchdog for 200 seconds at Thu Nov 07 06:14:31 UTC 2019
8 ms. Memory: 51200K Free: 27973K (55%)
ptolemy.util.test.WatchDog.cancel(): canceling Thu Nov 07 06:14:31 UTC 2019
auto.tcl: Setting watchdog for 200 seconds at Thu Nov 07 06:14:31 UTC 2019
6 ms. Memory: 51200K Free: 25925K (51%)
ptolemy.util.test.WatchDog.cancel(): canceling Thu Nov 07 06:14:31 UTC 2019
------------------ testing $PTII/ptolemy/domains/de/test/auto/functionDependencyReconstruction.xml
auto.tcl: Setting watchdog for 200 seconds at Thu Nov 07 06:14:32 UTC 2019
3 ms. Memory: 51200K Free: 21851K (43%)
ptolemy.util.test.WatchDog.cancel(): canceling Thu Nov 07 06:14:32 UTC 2019
auto.tcl: Setting watchdog for 200 seconds at Thu Nov 07 06:14:32 UTC 2019
3 ms. Memory: 51200K Free: 19803K (39%)
ptolemy.util.test.WatchDog.cancel(): canceling Thu Nov 07 06:14:32 UTC 2019
------------------ testing $PTII/ptolemy/domains/de/test/auto/multirate.xml
auto.tcl: Setting watchdog for 200 seconds at Thu Nov 07 06:14:32 UTC 2019
3 ms. Memory: 51200K Free: 30580K (60%)
ptolemy.util.test.WatchDog.cancel(): canceling Thu Nov 07 06:14:32 UTC 2019
auto.tcl: Setting watchdog for 200 seconds at Thu Nov 07 06:14:32 UTC 2019
3 ms. Memory: 51200K Free: 28901K (56%)
ptolemy.util.test.WatchDog.cancel(): canceling Thu Nov 07 06:14:32 UTC 2019
------------------ testing $PTII/ptolemy/domains/de/test/auto/multirate2.xml
auto.tcl: Setting watchdog for 200 seconds at Thu Nov 07 06:14:32 UTC 2019
5 ms. Memory: 48128K Free: 27771K (58%)
ptolemy.util.test.WatchDog.cancel(): canceling Thu Nov 07 06:14:32 UTC 2019
auto.tcl: Setting watchdog for 200 seconds at Thu Nov 07 06:14:32 UTC 2019
3 ms. Memory: 48128K Free: 26047K (54%)
ptolemy.util.test.WatchDog.cancel(): canceling Thu Nov 07 06:14:32 UTC 2019
------------------ testing $PTII/ptolemy/domains/de/test/auto/realtime.xml
auto.tcl: Setting watchdog for 200 seconds at Thu Nov 07 06:14:32 UTC 2019
10002 ms. Memory: 48128K Free: 29821K (62%)
ptolemy.util.test.WatchDog.cancel(): canceling Thu Nov 07 06:14:42 UTC 2019
auto.tcl: Setting watchdog for 200 seconds at Thu Nov 07 06:14:42 UTC 2019
10001 ms. Memory: 48128K Free: 29080K (60%)
ptolemy.util.test.WatchDog.cancel(): canceling Thu Nov 07 06:14:52 UTC 2019
------------------ testing $PTII/ptolemy/domains/de/test/auto/relationGroup.xml
auto.tcl: Setting watchdog for 200 seconds at Thu Nov 07 06:14:52 UTC 2019
2 ms. Memory: 48128K Free: 30863K (64%)
ptolemy.util.test.WatchDog.cancel(): canceling Thu Nov 07 06:14:52 UTC 2019
auto.tcl: Setting watchdog for 200 seconds at Thu Nov 07 06:14:52 UTC 2019
1 ms. Memory: 48128K Free: 30129K (63%)
ptolemy.util.test.WatchDog.cancel(): canceling Thu Nov 07 06:14:52 UTC 2019
------------------ testing $PTII/ptolemy/domains/de/test/auto/relationGroup2.xml
auto.tcl: Setting watchdog for 200 seconds at Thu Nov 07 06:14:52 UTC 2019
1 ms. Memory: 48128K Free: 30902K (64%)
ptolemy.util.test.WatchDog.cancel(): canceling Thu Nov 07 06:14:52 UTC 2019
auto.tcl: Setting watchdog for 200 seconds at Thu Nov 07 06:14:52 UTC 2019
2 ms. Memory: 48128K Free: 30155K (63%)
ptolemy.util.test.WatchDog.cancel(): canceling Thu Nov 07 06:14:52 UTC 2019
------------------ testing $PTII/ptolemy/domains/de/test/auto/sortWithOpaquePorts.xml
auto.tcl: Setting watchdog for 200 seconds at Thu Nov 07 06:14:52 UTC 2019
2 ms. Memory: 48128K Free: 29628K (62%)
ptolemy.util.test.WatchDog.cancel(): canceling Thu Nov 07 06:14:52 UTC 2019
auto.tcl: Setting watchdog for 200 seconds at Thu Nov 07 06:14:52 UTC 2019
2 ms. Memory: 48128K Free: 28623K (59%)
ptolemy.util.test.WatchDog.cancel(): canceling Thu Nov 07 06:14:52 UTC 2019
------------------ testing $PTII/ptolemy/domains/de/test/auto/transferInputsandOutputs.xml
auto.tcl: Setting watchdog for 200 seconds at Thu Nov 07 06:14:52 UTC 2019
3 ms. Memory: 48128K Free: 27072K (56%)
ptolemy.util.test.WatchDog.cancel(): canceling Thu Nov 07 06:14:52 UTC 2019
auto.tcl: Setting watchdog for 200 seconds at Thu Nov 07 06:14:52 UTC 2019
3 ms. Memory: 48128K Free: 26077K (54%)
ptolemy.util.test.WatchDog.cancel(): canceling Thu Nov 07 06:14:52 UTC 2019
------------------ testing $PTII/ptolemy/domains/de/test/auto/triggerType.xml
auto.tcl: Setting watchdog for 200 seconds at Thu Nov 07 06:14:52 UTC 2019
2 ms. Memory: 48128K Free: 30096K (63%)
ptolemy.util.test.WatchDog.cancel(): canceling Thu Nov 07 06:14:52 UTC 2019
auto.tcl: Setting watchdog for 200 seconds at Thu Nov 07 06:14:52 UTC 2019
2 ms. Memory: 48128K Free: 29122K (61%)
ptolemy.util.test.WatchDog.cancel(): canceling Thu Nov 07 06:14:52 UTC 2019
11/07/19 06:14:52
Failed: 0  Total Tests: 192  ((Passed: 187, Newly Passed: 1)  Known Failed: 5) /home/travis/build/icyphy/ptII/ptolemy/domains/de/test
11/07/19 06:14:52
Failed: 0  Total Tests: 192  ((Passed: 187, Newly Passed: 1)  Known Failed: 5) /home/travis/build/icyphy/ptII/ptolemy/domains/de/test
----------------- testing (KnownFailure) /home/travis/build/icyphy/ptII/ptolemy/domains/de/test/auto/knownFailedTests/DESDFClockTest.xml
2014 ms. Memory: 48128K Free: 22982K (48%)
Known Failure: java.lang.reflect.InvocationTargetException
----------------- testing (KnownFailure) /home/travis/build/icyphy/ptII/ptolemy/domains/de/test/auto/knownFailedTests/DirectFeedback.xml
2 ms. Memory: 48128K Free: 19396K (40%)
Known Failure: java.lang.reflect.InvocationTargetException
----------------- testing (KnownFailure) /home/travis/build/icyphy/ptII/ptolemy/domains/de/test/auto/knownFailedTests/FSMSource.xml
7 ms. Memory: 48128K Free: 11718K (24%)
----------------- testing (KnownFailure) /home/travis/build/icyphy/ptII/ptolemy/domains/de/test/auto/knownFailedTests/HierarchicalModel.xml
3 ms. Memory: 48128K Free: 21838K (45%)
Known Failure: java.lang.reflect.InvocationTargetException
----------------- testing (KnownFailure) /home/travis/build/icyphy/ptII/ptolemy/domains/de/test/auto/knownFailedTests/dependencyLoop.xml
14 ms. Memory: 48128K Free: 32363K (67%)
Known Failure: java.lang.reflect.InvocationTargetException
----------------- testing (KnownFailure) /home/travis/build/icyphy/ptII/ptolemy/domains/de/test/auto/knownFailedTests/dependencyLoop2.xml
8 ms. Memory: 48128K Free: 17225K (36%)
Known Failure: java.lang.reflect.InvocationTargetException
No auto/linux-amd64/*.xml tests in /home/travis/build/icyphy/ptII/ptolemy/domains/de/test
AutoTests.java: About to close Vertx.
AutoTests.java: Vertx closed.

===========================================================================================
----------------- testing Thu Nov 07 06:14:55 UTC 2019 /home/travis/build/icyphy/ptII/ptolemy/domains/de/test/auto/ActorDepthCalculation_actorWithoutPorts.xml
----------------- Instantiating /home/travis/build/icyphy/ptII/ptolemy/domains/de/test/auto/ActorDepthCalculation_actorWithoutPorts.xml
2 ms. Memory: 48128K Free: 10846K (23%)
----------------- Invoking toplevel() on ptolemy.moml.MoMLSimpleApplication@7566676f
----------------- Done invoking toplevel() on ptolemy.moml.MoMLSimpleApplication@7566676f
reloadAllAccessors: .ActorDepthCalculation_actorWithoutPorts

===========================================================================================
----------------- testing Thu Nov 07 06:14:55 UTC 2019 /home/travis/build/icyphy/ptII/ptolemy/domains/de/test/auto/AssemblyLine.xml
----------------- Instantiating /home/travis/build/icyphy/ptII/ptolemy/domains/de/test/auto/AssemblyLine.xml
4 ms. Memory: 48128K Free: 29692K (62%)
----------------- Invoking toplevel() on ptolemy.moml.MoMLSimpleApplication@47a7f059
----------------- Done invoking toplevel() on ptolemy.moml.MoMLSimpleApplication@47a7f059
reloadAllAccessors: .AssemblyLine

===========================================================================================
----------------- testing Thu Nov 07 06:14:55 UTC 2019 /home/travis/build/icyphy/ptII/ptolemy/domains/de/test/auto/CQBug1.xml
----------------- Instantiating /home/travis/build/icyphy/ptII/ptolemy/domains/de/test/auto/CQBug1.xml
3 ms. Memory: 48128K Free: 26694K (55%)
----------------- Invoking toplevel() on ptolemy.moml.MoMLSimpleApplication@628df689
----------------- Done invoking toplevel() on ptolemy.moml.MoMLSimpleApplication@628df689
reloadAllAccessors: .CQBug1

===========================================================================================
----------------- testing Thu Nov 07 06:14:55 UTC 2019 /home/travis/build/icyphy/ptII/ptolemy/domains/de/test/auto/CancelFireAt.xml
----------------- Instantiating /home/travis/build/icyphy/ptII/ptolemy/domains/de/test/auto/CancelFireAt.xml
1 ms. Memory: 48128K Free: 24361K (51%)
----------------- Invoking toplevel() on ptolemy.moml.MoMLSimpleApplication@16472603
----------------- Done invoking toplevel() on ptolemy.moml.MoMLSimpleApplication@16472603
reloadAllAccessors: .CancelFireAt

===========================================================================================
----------------- testing Thu Nov 07 06:14:55 UTC 2019 /home/travis/build/icyphy/ptII/ptolemy/domains/de/test/auto/CausalityAndComposabilityAnalysis.xml
----------------- Instantiating /home/travis/build/icyphy/ptII/ptolemy/domains/de/test/auto/CausalityAndComposabilityAnalysis.xml
2 ms. Memory: 48128K Free: 20273K (42%)
----------------- Invoking toplevel() on ptolemy.moml.MoMLSimpleApplication@74a5d4a7
----------------- Done invoking toplevel() on ptolemy.moml.MoMLSimpleApplication@74a5d4a7
reloadAllAccessors: .CausalityAndComposabilityAnalysis

===========================================================================================
----------------- testing Thu Nov 07 06:14:55 UTC 2019 /home/travis/build/icyphy/ptII/ptolemy/domains/de/test/auto/CausalityInterface1.xml
----------------- Instantiating /home/travis/build/icyphy/ptII/ptolemy/domains/de/test/auto/CausalityInterface1.xml
6 ms. Memory: 48128K Free: 15366K (32%)
----------------- Invoking toplevel() on ptolemy.moml.MoMLSimpleApplication@51a0265c
----------------- Done invoking toplevel() on ptolemy.moml.MoMLSimpleApplication@51a0265c
reloadAllAccessors: .CausalityInterface1

===========================================================================================
----------------- testing Thu Nov 07 06:14:55 UTC 2019 /home/travis/build/icyphy/ptII/ptolemy/domains/de/test/auto/CausalityInterface15.xml
----------------- Instantiating /home/travis/build/icyphy/ptII/ptolemy/domains/de/test/auto/CausalityInterface15.xml
2 ms. Memory: 48128K Free: 9876K (21%)
----------------- Invoking toplevel() on ptolemy.moml.MoMLSimpleApplication@1f8b106b
----------------- Done invoking toplevel() on ptolemy.moml.MoMLSimpleApplication@1f8b106b
reloadAllAccessors: .CausalityInterface15

===========================================================================================
----------------- testing Thu Nov 07 06:14:55 UTC 2019 /home/travis/build/icyphy/ptII/ptolemy/domains/de/test/auto/CausalityInterface2.xml
----------------- Instantiating /home/travis/build/icyphy/ptII/ptolemy/domains/de/test/auto/CausalityInterface2.xml
1 ms. Memory: 48128K Free: 31053K (65%)
[...]
	at ptolemy.actor.Manager.run(Manager.java:1263)
	at ptolemy.actor.Manager$PtolemyRunThread.run(Manager.java:1933)
java.lang.RuntimeException: Execution failed
	at ptolemy.moml.MoMLSimpleApplication$UnloadThread.run(MoMLSimpleApplication.java:402)
Caused by: ptolemy.kernel.util.IllegalActionException: Actor is not ready to fire.  Perhaps UpSample.prefire() returned false? Try debugging the actor by selecting "Listen to Actor".  Also, for SDF check moml for tokenConsumptionRate on input.
  in .DESDFClockTest.Play Bell.Copy1:SDF Director and .DESDFClockTest.Play Bell.UpSample
	at ptolemy.actor.sched.StaticSchedulingDirector.fire(StaticSchedulingDirector.java:227)
	at ptolemy.domains.sdf.kernel.SDFDirector.fire(SDFDirector.java:500)
	at ptolemy.actor.CompositeActor.fire(CompositeActor.java:455)
	at ptolemy.domains.de.kernel.DEDirector._fire(DEDirector.java:1949)
	at ptolemy.domains.de.kernel.DEDirector.fire(DEDirector.java:502)
	at ptolemy.actor.CompositeActor.fire(CompositeActor.java:455)
	at ptolemy.actor.Manager.iterate(Manager.java:851)
	at ptolemy.actor.Manager.execute(Manager.java:369)
	at ptolemy.actor.Manager.run(Manager.java:1263)
	at ptolemy.actor.Manager$PtolemyRunThread.run(Manager.java:1933)
java.lang.reflect.InvocationTargetException
	at java.base/jdk.internal.reflect.NativeConstructorAccessorImpl.newInstance0(Native Method)
	at java.base/jdk.internal.reflect.NativeConstructorAccessorImpl.newInstance(NativeConstructorAccessorImpl.java:62)
	at java.base/jdk.internal.reflect.DelegatingConstructorAccessorImpl.newInstance(DelegatingConstructorAccessorImpl.java:45)
	at java.base/java.lang.reflect.Constructor.newInstance(Constructor.java:490)
	at ptolemy.util.test.junit.AutoKnownFailedTests.RunModel(AutoKnownFailedTests.java:105)
	at java.base/jdk.internal.reflect.NativeMethodAccessorImpl.invoke0(Native Method)
	at java.base/jdk.internal.reflect.NativeMethodAccessorImpl.invoke(NativeMethodAccessorImpl.java:62)
	at java.base/jdk.internal.reflect.DelegatingMethodAccessorImpl.invoke(DelegatingMethodAccessorImpl.java:43)
	at java.base/java.lang.reflect.Method.invoke(Method.java:566)
	at org.junit.runners.model.FrameworkMethod$1.runReflectiveCall(FrameworkMethod.java:44)
	at org.junit.internal.runners.model.ReflectiveCallable.run(ReflectiveCallable.java:15)
	at org.junit.runners.model.FrameworkMethod.invokeExplosively(FrameworkMethod.java:41)
	at junitparams.internal.InvokeParameterisedMethod.evaluate(InvokeParameterisedMethod.java:102)
	at org.junit.internal.runners.statements.FailOnTimeout$1.run(FailOnTimeout.java:28)
Caused by: ptolemy.kernel.util.IllegalActionException: Actor is not ready to fire.  Perhaps UpSample.prefire() returned false? Try debugging the actor by selecting "Listen to Actor".  Also, for SDF check moml for tokenConsumptionRate on input.
  in .DESDFClockTest.Play Bell.Copy1:SDF Director and .DESDFClockTest.Play Bell.UpSample
	at ptolemy.actor.sched.StaticSchedulingDirector.fire(StaticSchedulingDirector.java:227)
	at ptolemy.domains.sdf.kernel.SDFDirector.fire(SDFDirector.java:500)
	at ptolemy.actor.CompositeActor.fire(CompositeActor.java:455)
	at ptolemy.domains.de.kernel.DEDirector._fire(DEDirector.java:1949)
	at ptolemy.domains.de.kernel.DEDirector.fire(DEDirector.java:502)
	at ptolemy.actor.CompositeActor.fire(CompositeActor.java:455)
	at ptolemy.actor.Manager.iterate(Manager.java:851)
	at ptolemy.actor.Manager.execute(Manager.java:369)
	at ptolemy.actor.Manager.run(Manager.java:1263)
	at ptolemy.actor.Manager$PtolemyRunThread.run(Manager.java:1933)
java.lang.RuntimeException: Execution failed
	at ptolemy.moml.MoMLSimpleApplication$UnloadThread.run(MoMLSimpleApplication.java:402)
Caused by: ptolemy.kernel.util.IllegalActionException: Test fails in iteration 1.
Value was: 1.0. Should have been: 2.0
  in .DirectFeedback.Test
	at ptolemy.actor.lib.Test.fire(Test.java:268)
	at ptolemy.domains.de.kernel.DEDirector._fire(DEDirector.java:1949)
	at ptolemy.domains.de.kernel.DEDirector.fire(DEDirector.java:502)
	at ptolemy.actor.CompositeActor.fire(CompositeActor.java:455)
	at ptolemy.actor.Manager.iterate(Manager.java:851)
	at ptolemy.actor.Manager.execute(Manager.java:369)
	at ptolemy.actor.Manager.run(Manager.java:1263)
	at ptolemy.actor.Manager$PtolemyRunThread.run(Manager.java:1933)
java.lang.reflect.InvocationTargetException
	at java.base/jdk.internal.reflect.NativeConstructorAccessorImpl.newInstance0(Native Method)
	at java.base/jdk.internal.reflect.NativeConstructorAccessorImpl.newInstance(NativeConstructorAccessorImpl.java:62)
	at java.base/jdk.internal.reflect.DelegatingConstructorAccessorImpl.newInstance(DelegatingConstructorAccessorImpl.java:45)
	at java.base/java.lang.reflect.Constructor.newInstance(Constructor.java:490)
	at ptolemy.util.test.junit.AutoKnownFailedTests.RunModel(AutoKnownFailedTests.java:105)
	at java.base/jdk.internal.reflect.NativeMethodAccessorImpl.invoke0(Native Method)
	at java.base/jdk.internal.reflect.NativeMethodAccessorImpl.invoke(NativeMethodAccessorImpl.java:62)
	at java.base/jdk.internal.reflect.DelegatingMethodAccessorImpl.invoke(DelegatingMethodAccessorImpl.java:43)
	at java.base/java.lang.reflect.Method.invoke(Method.java:566)
	at org.junit.runners.model.FrameworkMethod$1.runReflectiveCall(FrameworkMethod.java:44)
	at org.junit.internal.runners.model.ReflectiveCallable.run(ReflectiveCallable.java:15)
	at org.junit.runners.model.FrameworkMethod.invokeExplosively(FrameworkMethod.java:41)
	at junitparams.internal.InvokeParameterisedMethod.evaluate(InvokeParameterisedMethod.java:102)
	at org.junit.internal.runners.statements.FailOnTimeout$1.run(FailOnTimeout.java:28)
Caused by: ptolemy.kernel.util.IllegalActionException: Test fails in iteration 1.
Value was: 1.0. Should have been: 2.0
  in .DirectFeedback.Test
	at ptolemy.actor.lib.Test.fire(Test.java:268)
	at ptolemy.domains.de.kernel.DEDirector._fire(DEDirector.java:1949)
	at ptolemy.domains.de.kernel.DEDirector.fire(DEDirector.java:502)
	at ptolemy.actor.CompositeActor.fire(CompositeActor.java:455)
	at ptolemy.actor.Manager.iterate(Manager.java:851)
	at ptolemy.actor.Manager.execute(Manager.java:369)
	at ptolemy.actor.Manager.run(Manager.java:1263)
	at ptolemy.actor.Manager$PtolemyRunThread.run(Manager.java:1933)
java.lang.RuntimeException: Execution failed
	at ptolemy.moml.MoMLSimpleApplication$UnloadThread.run(MoMLSimpleApplication.java:402)
Caused by: ptolemy.kernel.util.IllegalActionException: Found a zero delay loop containing .HierarchicalModel.A
  in .HierarchicalModel and .HierarchicalModel.A
	at ptolemy.actor.util.CausalityInterfaceForComposites._computeOutputPortDepth(CausalityInterfaceForComposites.java:759)
	at ptolemy.actor.util.CausalityInterfaceForComposites._computeInputDepth(CausalityInterfaceForComposites.java:696)
	at ptolemy.actor.util.CausalityInterfaceForComposites._computeOutputPortDepth(CausalityInterfaceForComposites.java:765)
	at ptolemy.actor.util.CausalityInterfaceForComposites._computeInputDepth(CausalityInterfaceForComposites.java:696)
	at ptolemy.actor.util.CausalityInterfaceForComposites._computeOutputPortDepth(CausalityInterfaceForComposites.java:765)
	at ptolemy.actor.util.CausalityInterfaceForComposites._computeInputDepth(CausalityInterfaceForComposites.java:696)
	at ptolemy.actor.util.CausalityInterfaceForComposites._computeActorDepth(CausalityInterfaceForComposites.java:532)
	at ptolemy.actor.util.CausalityInterfaceForComposites.checkForCycles(CausalityInterfaceForComposites.java:96)
	at ptolemy.domains.de.kernel.DEDirector.preinitialize(DEDirector.java:1338)
	at ptolemy.actor.CompositeActor.preinitialize(CompositeActor.java:1828)
	at ptolemy.actor.Manager.preinitializeAndResolveTypes(Manager.java:1040)
	at ptolemy.actor.Manager.initialize(Manager.java:710)
	at ptolemy.actor.Manager.execute(Manager.java:356)
	at ptolemy.actor.Manager.run(Manager.java:1263)
	at ptolemy.actor.Manager$PtolemyRunThread.run(Manager.java:1933)
java.lang.reflect.InvocationTargetException
	at java.base/jdk.internal.reflect.NativeConstructorAccessorImpl.newInstance0(Native Method)
	at java.base/jdk.internal.reflect.NativeConstructorAccessorImpl.newInstance(NativeConstructorAccessorImpl.java:62)
	at java.base/jdk.internal.reflect.DelegatingConstructorAccessorImpl.newInstance(DelegatingConstructorAccessorImpl.java:45)
	at java.base/java.lang.reflect.Constructor.newInstance(Constructor.java:490)
	at ptolemy.util.test.junit.AutoKnownFailedTests.RunModel(AutoKnownFailedTests.java:105)
	at java.base/jdk.internal.reflect.NativeMethodAccessorImpl.invoke0(Native Method)
	at java.base/jdk.internal.reflect.NativeMethodAccessorImpl.invoke(NativeMethodAccessorImpl.java:62)
	at java.base/jdk.internal.reflect.DelegatingMethodAccessorImpl.invoke(DelegatingMethodAccessorImpl.java:43)
	at java.base/java.lang.reflect.Method.invoke(Method.java:566)
	at org.junit.runners.model.FrameworkMethod$1.runReflectiveCall(FrameworkMethod.java:44)
	at org.junit.internal.runners.model.ReflectiveCallable.run(ReflectiveCallable.java:15)
	at org.junit.runners.model.FrameworkMethod.invokeExplosively(FrameworkMethod.java:41)
	at junitparams.internal.InvokeParameterisedMethod.evaluate(InvokeParameterisedMethod.java:102)
	at org.junit.internal.runners.statements.FailOnTimeout$1.run(FailOnTimeout.java:28)
Caused by: ptolemy.kernel.util.IllegalActionException: Found a zero delay loop containing .HierarchicalModel.A
  in .HierarchicalModel and .HierarchicalModel.A
	at ptolemy.actor.util.CausalityInterfaceForComposites._computeOutputPortDepth(CausalityInterfaceForComposites.java:759)
	at ptolemy.actor.util.CausalityInterfaceForComposites._computeInputDepth(CausalityInterfaceForComposites.java:696)
	at ptolemy.actor.util.CausalityInterfaceForComposites._computeOutputPortDepth(CausalityInterfaceForComposites.java:765)
	at ptolemy.actor.util.CausalityInterfaceForComposites._computeInputDepth(CausalityInterfaceForComposites.java:696)
	at ptolemy.actor.util.CausalityInterfaceForComposites._computeOutputPortDepth(CausalityInterfaceForComposites.java:765)
	at ptolemy.actor.util.CausalityInterfaceForComposites._computeInputDepth(CausalityInterfaceForComposites.java:696)
	at ptolemy.actor.util.CausalityInterfaceForComposites._computeActorDepth(CausalityInterfaceForComposites.java:532)
	at ptolemy.actor.util.CausalityInterfaceForComposites.checkForCycles(CausalityInterfaceForComposites.java:96)
	at ptolemy.domains.de.kernel.DEDirector.preinitialize(DEDirector.java:1338)
	at ptolemy.actor.CompositeActor.preinitialize(CompositeActor.java:1828)
	at ptolemy.actor.Manager.preinitializeAndResolveTypes(Manager.java:1040)
	at ptolemy.actor.Manager.initialize(Manager.java:710)
	at ptolemy.actor.Manager.execute(Manager.java:356)
	at ptolemy.actor.Manager.run(Manager.java:1263)
	at ptolemy.actor.Manager$PtolemyRunThread.run(Manager.java:1933)
java.lang.RuntimeException: Execution failed
	at ptolemy.moml.MoMLSimpleApplication$UnloadThread.run(MoMLSimpleApplication.java:402)
Caused by: ptolemy.kernel.util.IllegalActionException: Found a zero delay loop containing .dependencyLoop.original
  in .dependencyLoop and .dependencyLoop.original
	at ptolemy.actor.util.CausalityInterfaceForComposites._computeOutputPortDepth(CausalityInterfaceForComposites.java:759)
	at ptolemy.actor.util.CausalityInterfaceForComposites._computeInputDepth(CausalityInterfaceForComposites.java:696)
	at ptolemy.actor.util.CausalityInterfaceForComposites._computeOutputPortDepth(CausalityInterfaceForComposites.java:765)
	at ptolemy.actor.util.CausalityInterfaceForComposites._computeInputDepth(CausalityInterfaceForComposites.java:696)
	at ptolemy.actor.util.CausalityInterfaceForComposites._computeOutputPortDepth(CausalityInterfaceForComposites.java:765)
	at ptolemy.actor.util.CausalityInterfaceForComposites._computeInputDepth(CausalityInterfaceForComposites.java:696)
	at ptolemy.actor.util.CausalityInterfaceForComposites._computeActorDepth(CausalityInterfaceForComposites.java:532)
	at ptolemy.actor.util.CausalityInterfaceForComposites.checkForCycles(CausalityInterfaceForComposites.java:96)
	at ptolemy.domains.de.kernel.DEDirector.preinitialize(DEDirector.java:1338)
	at ptolemy.actor.CompositeActor.preinitialize(CompositeActor.java:1828)
	at ptolemy.actor.Manager.preinitializeAndResolveTypes(Manager.java:1040)
	at ptolemy.actor.Manager.initialize(Manager.java:710)
	at ptolemy.actor.Manager.execute(Manager.java:356)
	at ptolemy.actor.Manager.run(Manager.java:1263)
	at ptolemy.actor.Manager$PtolemyRunThread.run(Manager.java:1933)
java.lang.reflect.InvocationTargetException
	at java.base/jdk.internal.reflect.NativeConstructorAccessorImpl.newInstance0(Native Method)
	at java.base/jdk.internal.reflect.NativeConstructorAccessorImpl.newInstance(NativeConstructorAccessorImpl.java:62)
	at java.base/jdk.internal.reflect.DelegatingConstructorAccessorImpl.newInstance(DelegatingConstructorAccessorImpl.java:45)
	at java.base/java.lang.reflect.Constructor.newInstance(Constructor.java:490)
	at ptolemy.util.test.junit.AutoKnownFailedTests.RunModel(AutoKnownFailedTests.java:105)
	at java.base/jdk.internal.reflect.NativeMethodAccessorImpl.invoke0(Native Method)
	at java.base/jdk.internal.reflect.NativeMethodAccessorImpl.invoke(NativeMethodAccessorImpl.java:62)
	at java.base/jdk.internal.reflect.DelegatingMethodAccessorImpl.invoke(DelegatingMethodAccessorImpl.java:43)
	at java.base/java.lang.reflect.Method.invoke(Method.java:566)
	at org.junit.runners.model.FrameworkMethod$1.runReflectiveCall(FrameworkMethod.java:44)
	at org.junit.internal.runners.model.ReflectiveCallable.run(ReflectiveCallable.java:15)
	at org.junit.runners.model.FrameworkMethod.invokeExplosively(FrameworkMethod.java:41)
	at junitparams.internal.InvokeParameterisedMethod.evaluate(InvokeParameterisedMethod.java:102)
	at org.junit.internal.runners.statements.FailOnTimeout$1.run(FailOnTimeout.java:28)
Caused by: ptolemy.kernel.util.IllegalActionException: Found a zero delay loop containing .dependencyLoop.original
  in .dependencyLoop and .dependencyLoop.original
	at ptolemy.actor.util.CausalityInterfaceForComposites._computeOutputPortDepth(CausalityInterfaceForComposites.java:759)
	at ptolemy.actor.util.CausalityInterfaceForComposites._computeInputDepth(CausalityInterfaceForComposites.java:696)
	at ptolemy.actor.util.CausalityInterfaceForComposites._computeOutputPortDepth(CausalityInterfaceForComposites.java:765)
	at ptolemy.actor.util.CausalityInterfaceForComposites._computeInputDepth(CausalityInterfaceForComposites.java:696)
	at ptolemy.actor.util.CausalityInterfaceForComposites._computeOutputPortDepth(CausalityInterfaceForComposites.java:765)
	at ptolemy.actor.util.CausalityInterfaceForComposites._computeInputDepth(CausalityInterfaceForComposites.java:696)
	at ptolemy.actor.util.CausalityInterfaceForComposites._computeActorDepth(CausalityInterfaceForComposites.java:532)
	at ptolemy.actor.util.CausalityInterfaceForComposites.checkForCycles(CausalityInterfaceForComposites.java:96)
	at ptolemy.domains.de.kernel.DEDirector.preinitialize(DEDirector.java:1338)
	at ptolemy.actor.CompositeActor.preinitialize(CompositeActor.java:1828)
	at ptolemy.actor.Manager.preinitializeAndResolveTypes(Manager.java:1040)
	at ptolemy.actor.Manager.initialize(Manager.java:710)
	at ptolemy.actor.Manager.execute(Manager.java:356)
	at ptolemy.actor.Manager.run(Manager.java:1263)
	at ptolemy.actor.Manager$PtolemyRunThread.run(Manager.java:1933)
java.lang.RuntimeException: Execution failed
	at ptolemy.moml.MoMLSimpleApplication$UnloadThread.run(MoMLSimpleApplication.java:402)
Caused by: ptolemy.kernel.util.IllegalActionException: Found a zero delay loop containing .dependencyLoop2.original
  in .dependencyLoop2 and .dependencyLoop2.original
	at ptolemy.actor.util.CausalityInterfaceForComposites._computeOutputPortDepth(CausalityInterfaceForComposites.java:759)
	at ptolemy.actor.util.CausalityInterfaceForComposites._computeInputDepth(CausalityInterfaceForComposites.java:696)
	at ptolemy.actor.util.CausalityInterfaceForComposites._computeOutputPortDepth(CausalityInterfaceForComposites.java:765)
	at ptolemy.actor.util.CausalityInterfaceForComposites._computeInputDepth(CausalityInterfaceForComposites.java:696)
	at ptolemy.actor.util.CausalityInterfaceForComposites._computeOutputPortDepth(CausalityInterfaceForComposites.java:765)
	at ptolemy.actor.util.CausalityInterfaceForComposites._computeInputDepth(CausalityInterfaceForComposites.java:696)
	at ptolemy.actor.util.CausalityInterfaceForComposites._computeActorDepth(CausalityInterfaceForComposites.java:532)
	at ptolemy.actor.util.CausalityInterfaceForComposites.checkForCycles(CausalityInterfaceForComposites.java:96)
	at ptolemy.domains.de.kernel.DEDirector.preinitialize(DEDirector.java:1338)
	at ptolemy.actor.CompositeActor.preinitialize(CompositeActor.java:1828)
	at ptolemy.actor.Manager.preinitializeAndResolveTypes(Manager.java:1040)
	at ptolemy.actor.Manager.initialize(Manager.java:710)
	at ptolemy.actor.Manager.execute(Manager.java:356)
	at ptolemy.actor.Manager.run(Manager.java:1263)
	at ptolemy.actor.Manager$PtolemyRunThread.run(Manager.java:1933)
java.lang.reflect.InvocationTargetException
	at java.base/jdk.internal.reflect.NativeConstructorAccessorImpl.newInstance0(Native Method)
	at java.base/jdk.internal.reflect.NativeConstructorAccessorImpl.newInstance(NativeConstructorAccessorImpl.java:62)
	at java.base/jdk.internal.reflect.DelegatingConstructorAccessorImpl.newInstance(DelegatingConstructorAccessorImpl.java:45)
	at java.base/java.lang.reflect.Constructor.newInstance(Constructor.java:490)
	at ptolemy.util.test.junit.AutoKnownFailedTests.RunModel(AutoKnownFailedTests.java:105)
	at java.base/jdk.internal.reflect.NativeMethodAccessorImpl.invoke0(Native Method)
	at java.base/jdk.internal.reflect.NativeMethodAccessorImpl.invoke(NativeMethodAccessorImpl.java:62)
	at java.base/jdk.internal.reflect.DelegatingMethodAccessorImpl.invoke(DelegatingMethodAccessorImpl.java:43)
	at java.base/java.lang.reflect.Method.invoke(Method.java:566)
	at org.junit.runners.model.FrameworkMethod$1.runReflectiveCall(FrameworkMethod.java:44)
	at org.junit.internal.runners.model.ReflectiveCallable.run(ReflectiveCallable.java:15)
	at org.junit.runners.model.FrameworkMethod.invokeExplosively(FrameworkMethod.java:41)
	at junitparams.internal.InvokeParameterisedMethod.evaluate(InvokeParameterisedMethod.java:102)
	at org.junit.internal.runners.statements.FailOnTimeout$1.run(FailOnTimeout.java:28)
Caused by: ptolemy.kernel.util.IllegalActionException: Found a zero delay loop containing .dependencyLoop2.original
  in .dependencyLoop2 and .dependencyLoop2.original
	at ptolemy.actor.util.CausalityInterfaceForComposites._computeOutputPortDepth(CausalityInterfaceForComposites.java:759)
	at ptolemy.actor.util.CausalityInterfaceForComposites._computeInputDepth(CausalityInterfaceForComposites.java:696)
	at ptolemy.actor.util.CausalityInterfaceForComposites._computeOutputPortDepth(CausalityInterfaceForComposites.java:765)
	at ptolemy.actor.util.CausalityInterfaceForComposites._computeInputDepth(CausalityInterfaceForComposites.java:696)
	at ptolemy.actor.util.CausalityInterfaceForComposites._computeOutputPortDepth(CausalityInterfaceForComposites.java:765)
	at ptolemy.actor.util.CausalityInterfaceForComposites._computeInputDepth(CausalityInterfaceForComposites.java:696)
	at ptolemy.actor.util.CausalityInterfaceForComposites._computeActorDepth(CausalityInterfaceForComposites.java:532)
	at ptolemy.actor.util.CausalityInterfaceForComposites.checkForCycles(CausalityInterfaceForComposites.java:96)
	at ptolemy.domains.de.kernel.DEDirector.preinitialize(DEDirector.java:1338)
	at ptolemy.actor.CompositeActor.preinitialize(CompositeActor.java:1828)
	at ptolemy.actor.Manager.preinitializeAndResolveTypes(Manager.java:1040)
	at ptolemy.actor.Manager.initialize(Manager.java:710)
	at ptolemy.actor.Manager.execute(Manager.java:356)
	at ptolemy.actor.Manager.run(Manager.java:1263)
	at ptolemy.actor.Manager$PtolemyRunThread.run(Manager.java:1933)
]]></system-err>
</testsuite>
