<?xml version="1.0" encoding="UTF-8" ?>
<testsuite errors="0" failures="0" hostname="travis-job-5307bb85-ea12-4318-8960-fb8586a36337" name="ptolemy.domains.de.test.junit.JUnitTclTest" skipped="0" tests="101" time="125.374" timestamp="2018-09-28T02:21:04">
  <properties>
[...]
</properties>
  <testcase classname="ptolemy.util.test.junit.TclTests" name="[0] /home/travis/build/icyphy/ptII/ptolemy/domains/de/test/DependencyLoop.tcl (RunTclFile)" time="0.825" />
  <testcase classname="ptolemy.util.test.junit.TclTests" name="[1] /home/travis/build/icyphy/ptII/ptolemy/domains/de/test/RunDETestsAsQSS.tcl (RunTclFile)" time="85.972" />
  <testcase classname="ptolemy.util.test.junit.AutoKnownFailedTests" name="[0] /home/travis/build/icyphy/ptII/ptolemy/domains/de/test/auto/knownFailedTests/DESDFClockTest.xml (RunModel)" time="2.045" />
  <testcase classname="ptolemy.util.test.junit.AutoKnownFailedTests" name="[1] /home/travis/build/icyphy/ptII/ptolemy/domains/de/test/auto/knownFailedTests/DirectFeedback.xml (RunModel)" time="0.026" />
  <testcase classname="ptolemy.util.test.junit.AutoKnownFailedTests" name="[2] /home/travis/build/icyphy/ptII/ptolemy/domains/de/test/auto/knownFailedTests/FSMSource.xml (RunModel)" time="0.035" />
  <testcase classname="ptolemy.util.test.junit.AutoKnownFailedTests" name="[3] /home/travis/build/icyphy/ptII/ptolemy/domains/de/test/auto/knownFailedTests/HierarchicalModel.xml (RunModel)" time="0.051" />
  <testcase classname="ptolemy.util.test.junit.AutoKnownFailedTests" name="[4] /home/travis/build/icyphy/ptII/ptolemy/domains/de/test/auto/knownFailedTests/dependencyLoop.xml (RunModel)" time="0.03" />
  <testcase classname="ptolemy.util.test.junit.AutoKnownFailedTests" name="[5] /home/travis/build/icyphy/ptII/ptolemy/domains/de/test/auto/knownFailedTests/dependencyLoop2.xml (RunModel)" time="0.036" />
  <testcase classname="ptolemy.util.test.junit.AutoNameArchTests" name="[0] ThereAreNoAutoArchTests (RunModel)" time="0.0" />
  <testcase classname="ptolemy.util.test.junit.AutoTests" name="[0] /home/travis/build/icyphy/ptII/ptolemy/domains/de/test/auto/ActorDepthCalculation_actorWithoutPorts.xml (RunModel)" time="0.016" />
  <testcase classname="ptolemy.util.test.junit.AutoTests" name="[1] /home/travis/build/icyphy/ptII/ptolemy/domains/de/test/auto/AssemblyLine.xml (RunModel)" time="0.018" />
  <testcase classname="ptolemy.util.test.junit.AutoTests" name="[2] /home/travis/build/icyphy/ptII/ptolemy/domains/de/test/auto/CQBug1.xml (RunModel)" time="0.01" />
  <testcase classname="ptolemy.util.test.junit.AutoTests" name="[3] /home/travis/build/icyphy/ptII/ptolemy/domains/de/test/auto/CancelFireAt.xml (RunModel)" time="0.01" />
  <testcase classname="ptolemy.util.test.junit.AutoTests" name="[4] /home/travis/build/icyphy/ptII/ptolemy/domains/de/test/auto/CausalityAndComposabilityAnalysis.xml (RunModel)" time="0.01" />
  <testcase classname="ptolemy.util.test.junit.AutoTests" name="[5] /home/travis/build/icyphy/ptII/ptolemy/domains/de/test/auto/CausalityInterface1.xml (RunModel)" time="0.013" />
  <testcase classname="ptolemy.util.test.junit.AutoTests" name="[6] /home/travis/build/icyphy/ptII/ptolemy/domains/de/test/auto/CausalityInterface15.xml (RunModel)" time="0.014" />
  <testcase classname="ptolemy.util.test.junit.AutoTests" name="[7] /home/travis/build/icyphy/ptII/ptolemy/domains/de/test/auto/CausalityInterface2.xml (RunModel)" time="0.01" />
  <testcase classname="ptolemy.util.test.junit.AutoTests" name="[8] /home/travis/build/icyphy/ptII/ptolemy/domains/de/test/auto/CausalityInterface3.xml (RunModel)" time="0.008" />
  <testcase classname="ptolemy.util.test.junit.AutoTests" name="[9] /home/travis/build/icyphy/ptII/ptolemy/domains/de/test/auto/ClockDrift.xml (RunModel)" time="0.033" />
  <testcase classname="ptolemy.util.test.junit.AutoTests" name="[10] /home/travis/build/icyphy/ptII/ptolemy/domains/de/test/auto/ClockDriftAndValueChange.xml (RunModel)" time="0.022" />
  <testcase classname="ptolemy.util.test.junit.AutoTests" name="[11] /home/travis/build/icyphy/ptII/ptolemy/domains/de/test/auto/ClockDriftChange.xml (RunModel)" time="0.026" />
  <testcase classname="ptolemy.util.test.junit.AutoTests" name="[12] /home/travis/build/icyphy/ptII/ptolemy/domains/de/test/auto/ComposableCausalityAnalysis.xml (RunModel)" time="0.009" />
  <testcase classname="ptolemy.util.test.junit.AutoTests" name="[13] /home/travis/build/icyphy/ptII/ptolemy/domains/de/test/auto/DEFixedPointLimitation.xml (RunModel)" time="0.007" />
  <testcase classname="ptolemy.util.test.junit.AutoTests" name="[14] /home/travis/build/icyphy/ptII/ptolemy/domains/de/test/auto/DEScheduleTest.xml (RunModel)" time="0.023" />
  <testcase classname="ptolemy.util.test.junit.AutoTests" name="[15] /home/travis/build/icyphy/ptII/ptolemy/domains/de/test/auto/DEinDEwithStartTimes.xml (RunModel)" time="0.012" />
  <testcase classname="ptolemy.util.test.junit.AutoTests" name="[16] /home/travis/build/icyphy/ptII/ptolemy/domains/de/test/auto/DEinDEwithStartTimes2.xml (RunModel)" time="0.011" />
  <testcase classname="ptolemy.util.test.junit.AutoTests" name="[17] /home/travis/build/icyphy/ptII/ptolemy/domains/de/test/auto/DateDemo.xml (RunModel)" time="0.021" />
  <testcase classname="ptolemy.util.test.junit.AutoTests" name="[18] /home/travis/build/icyphy/ptII/ptolemy/domains/de/test/auto/DateToEvent.xml (RunModel)" time="2.032" />
  <testcase classname="ptolemy.util.test.junit.AutoTests" name="[19] /home/travis/build/icyphy/ptII/ptolemy/domains/de/test/auto/DepthTest1.xml (RunModel)" time="0.008" />
  <testcase classname="ptolemy.util.test.junit.AutoTests" name="[20] /home/travis/build/icyphy/ptII/ptolemy/domains/de/test/auto/DepthTest2.xml (RunModel)" time="0.019" />
  <testcase classname="ptolemy.util.test.junit.AutoTests" name="[21] /home/travis/build/icyphy/ptII/ptolemy/domains/de/test/auto/DepthTest3.xml (RunModel)" time="0.008" />
  <testcase classname="ptolemy.util.test.junit.AutoTests" name="[22] /home/travis/build/icyphy/ptII/ptolemy/domains/de/test/auto/DepthTest4.xml (RunModel)" time="0.014" />
  <testcase classname="ptolemy.util.test.junit.AutoTests" name="[23] /home/travis/build/icyphy/ptII/ptolemy/domains/de/test/auto/DepthTest5.xml (RunModel)" time="0.016" />
  <testcase classname="ptolemy.util.test.junit.AutoTests" name="[24] /home/travis/build/icyphy/ptII/ptolemy/domains/de/test/auto/DepthTest6.xml (RunModel)" time="0.015" />
  <testcase classname="ptolemy.util.test.junit.AutoTests" name="[25] /home/travis/build/icyphy/ptII/ptolemy/domains/de/test/auto/DepthTest7.xml (RunModel)" time="0.013" />
  <testcase classname="ptolemy.util.test.junit.AutoTests" name="[26] /home/travis/build/icyphy/ptII/ptolemy/domains/de/test/auto/EventToDate.xml (RunModel)" time="3.045" />
  <testcase classname="ptolemy.util.test.junit.AutoTests" name="[27] /home/travis/build/icyphy/ptII/ptolemy/domains/de/test/auto/FSM1.xml (RunModel)" time="0.037" />
  <testcase classname="ptolemy.util.test.junit.AutoTests" name="[28] /home/travis/build/icyphy/ptII/ptolemy/domains/de/test/auto/FSM7.xml (RunModel)" time="0.034" />
  <testcase classname="ptolemy.util.test.junit.AutoTests" name="[29] /home/travis/build/icyphy/ptII/ptolemy/domains/de/test/auto/Inspection.xml (RunModel)" time="0.04" />
  <testcase classname="ptolemy.util.test.junit.AutoTests" name="[30] /home/travis/build/icyphy/ptII/ptolemy/domains/de/test/auto/Iteration.xml (RunModel)" time="0.021" />
  <testcase classname="ptolemy.util.test.junit.AutoTests" name="[31] /home/travis/build/icyphy/ptII/ptolemy/domains/de/test/auto/LineFault.xml (RunModel)" time="0.503" />
  <testcase classname="ptolemy.util.test.junit.AutoTests" name="[32] /home/travis/build/icyphy/ptII/ptolemy/domains/de/test/auto/MergeModel1Add.xml (RunModel)" time="0.029" />
  <testcase classname="ptolemy.util.test.junit.AutoTests" name="[33] /home/travis/build/icyphy/ptII/ptolemy/domains/de/test/auto/MergeModel2Add.xml (RunModel)" time="0.027" />
  <testcase classname="ptolemy.util.test.junit.AutoTests" name="[34] /home/travis/build/icyphy/ptII/ptolemy/domains/de/test/auto/MergeModel3Add.xml (RunModel)" time="0.028" />
  <testcase classname="ptolemy.util.test.junit.AutoTests" name="[35] /home/travis/build/icyphy/ptII/ptolemy/domains/de/test/auto/MergeWithoutDiscard.xml (RunModel)" time="0.007" />
  <testcase classname="ptolemy.util.test.junit.AutoTests" name="[36] /home/travis/build/icyphy/ptII/ptolemy/domains/de/test/auto/Modal1.xml (RunModel)" time="0.018" />
  <testcase classname="ptolemy.util.test.junit.AutoTests" name="[37] /home/travis/build/icyphy/ptII/ptolemy/domains/de/test/auto/Modal2.xml (RunModel)" time="0.031" />
  <testcase classname="ptolemy.util.test.junit.AutoTests" name="[38] /home/travis/build/icyphy/ptII/ptolemy/domains/de/test/auto/Modal3.xml (RunModel)" time="0.022" />
  <testcase classname="ptolemy.util.test.junit.AutoTests" name="[39] /home/travis/build/icyphy/ptII/ptolemy/domains/de/test/auto/Modal4.xml (RunModel)" time="0.028" />
  <testcase classname="ptolemy.util.test.junit.AutoTests" name="[40] /home/travis/build/icyphy/ptII/ptolemy/domains/de/test/auto/Modal5.xml (RunModel)" time="0.022" />
  <testcase classname="ptolemy.util.test.junit.AutoTests" name="[41] /home/travis/build/icyphy/ptII/ptolemy/domains/de/test/auto/Modal6.xml (RunModel)" time="0.022" />
  <testcase classname="ptolemy.util.test.junit.AutoTests" name="[42] /home/travis/build/icyphy/ptII/ptolemy/domains/de/test/auto/Modal7.xml (RunModel)" time="0.023" />
  <testcase classname="ptolemy.util.test.junit.AutoTests" name="[43] /home/travis/build/icyphy/ptII/ptolemy/domains/de/test/auto/ModalModel.xml (RunModel)" time="0.119" />
  <testcase classname="ptolemy.util.test.junit.AutoTests" name="[44] /home/travis/build/icyphy/ptII/ptolemy/domains/de/test/auto/ModalSource.xml (RunModel)" time="0.02" />
  <testcase classname="ptolemy.util.test.junit.AutoTests" name="[45] /home/travis/build/icyphy/ptII/ptolemy/domains/de/test/auto/NonInterruptibleTimerZeroDelay.xml (RunModel)" time="0.008" />
  <testcase classname="ptolemy.util.test.junit.AutoTests" name="[46] /home/travis/build/icyphy/ptII/ptolemy/domains/de/test/auto/OpenQueueingNetwork.xml (RunModel)" time="1.901" />
  <testcase classname="ptolemy.util.test.junit.AutoTests" name="[47] /home/travis/build/icyphy/ptII/ptolemy/domains/de/test/auto/OpenQueuingNetwork.xml (RunModel)" time="0.276" />
  <testcase classname="ptolemy.util.test.junit.AutoTests" name="[48] /home/travis/build/icyphy/ptII/ptolemy/domains/de/test/auto/PeriodicSampler.xml (RunModel)" time="0.011" />
  <testcase classname="ptolemy.util.test.junit.AutoTests" name="[49] /home/travis/build/icyphy/ptII/ptolemy/domains/de/test/auto/PersistentIO.xml (RunModel)" time="0.018" />
  <testcase classname="ptolemy.util.test.junit.AutoTests" name="[50] /home/travis/build/icyphy/ptII/ptolemy/domains/de/test/auto/PortParameterResetOnInitialize.xml (RunModel)" time="0.008" />
  <testcase classname="ptolemy.util.test.junit.AutoTests" name="[51] /home/travis/build/icyphy/ptII/ptolemy/domains/de/test/auto/PortParameterUpdates.xml (RunModel)" time="0.018" />
  <testcase classname="ptolemy.util.test.junit.AutoTests" name="[52] /home/travis/build/icyphy/ptII/ptolemy/domains/de/test/auto/QueueAndServer.xml (RunModel)" time="0.026" />
  <testcase classname="ptolemy.util.test.junit.AutoTests" name="[53] /home/travis/build/icyphy/ptII/ptolemy/domains/de/test/auto/Records.xml (RunModel)" time="0.017" />
  <testcase classname="ptolemy.util.test.junit.AutoTests" name="[54] /home/travis/build/icyphy/ptII/ptolemy/domains/de/test/auto/ResetTransitionWithStartTime1.xml (RunModel)" time="0.018" />
  <testcase classname="ptolemy.util.test.junit.AutoTests" name="[55] /home/travis/build/icyphy/ptII/ptolemy/domains/de/test/auto/ResetTransitionWithStartTime2.xml (RunModel)" time="0.018" />
  <testcase classname="ptolemy.util.test.junit.AutoTests" name="[56] /home/travis/build/icyphy/ptII/ptolemy/domains/de/test/auto/ResetTransitionWithStartTime3.xml (RunModel)" time="0.017" />
  <testcase classname="ptolemy.util.test.junit.AutoTests" name="[57] /home/travis/build/icyphy/ptII/ptolemy/domains/de/test/auto/ResetTransitionWithStartTime4.xml (RunModel)" time="0.02" />
  <testcase classname="ptolemy.util.test.junit.AutoTests" name="[58] /home/travis/build/icyphy/ptII/ptolemy/domains/de/test/auto/ResettableTimer1.xml (RunModel)" time="0.01" />
  <testcase classname="ptolemy.util.test.junit.AutoTests" name="[59] /home/travis/build/icyphy/ptII/ptolemy/domains/de/test/auto/ResettableTimer2.xml (RunModel)" time="0.009" />
  <testcase classname="ptolemy.util.test.junit.AutoTests" name="[60] /home/travis/build/icyphy/ptII/ptolemy/domains/de/test/auto/ResettableTimer3.xml (RunModel)" time="0.009" />
  <testcase classname="ptolemy.util.test.junit.AutoTests" name="[61] /home/travis/build/icyphy/ptII/ptolemy/domains/de/test/auto/ResettableTimer4.xml (RunModel)" time="0.009" />
  <testcase classname="ptolemy.util.test.junit.AutoTests" name="[62] /home/travis/build/icyphy/ptII/ptolemy/domains/de/test/auto/ResettableTimer5.xml (RunModel)" time="0.011" />
  <testcase classname="ptolemy.util.test.junit.AutoTests" name="[63] /home/travis/build/icyphy/ptII/ptolemy/domains/de/test/auto/ResettableTimer6.xml (RunModel)" time="0.018" />
  <testcase classname="ptolemy.util.test.junit.AutoTests" name="[64] /home/travis/build/icyphy/ptII/ptolemy/domains/de/test/auto/ServerZeroDelay.xml (RunModel)" time="0.014" />
  <testcase classname="ptolemy.util.test.junit.AutoTests" name="[65] /home/travis/build/icyphy/ptII/ptolemy/domains/de/test/auto/SmartSender.xml (RunModel)" time="3.01" />
  <testcase classname="ptolemy.util.test.junit.AutoTests" name="[66] /home/travis/build/icyphy/ptII/ptolemy/domains/de/test/auto/ThreadedComposite.xml (RunModel)" time="0.26" />
  <testcase classname="ptolemy.util.test.junit.AutoTests" name="[67] /home/travis/build/icyphy/ptII/ptolemy/domains/de/test/auto/Time.xml (RunModel)" time="0.401" />
  <testcase classname="ptolemy.util.test.junit.AutoTests" name="[68] /home/travis/build/icyphy/ptII/ptolemy/domains/de/test/auto/TimeDelayZeroDelay.xml (RunModel)" time="0.01" />
  <testcase classname="ptolemy.util.test.junit.AutoTests" name="[69] /home/travis/build/icyphy/ptII/ptolemy/domains/de/test/auto/TimerZeroDelay.xml (RunModel)" time="0.008" />
  <testcase classname="ptolemy.util.test.junit.AutoTests" name="[70] /home/travis/build/icyphy/ptII/ptolemy/domains/de/test/auto/TimingParadox.xml (RunModel)" time="0.32" />
  <testcase classname="ptolemy.util.test.junit.AutoTests" name="[71] /home/travis/build/icyphy/ptII/ptolemy/domains/de/test/auto/TransferInputs.xml (RunModel)" time="0.011" />
  <testcase classname="ptolemy.util.test.junit.AutoTests" name="[72] /home/travis/build/icyphy/ptII/ptolemy/domains/de/test/auto/TransferOutputs2.xml (RunModel)" time="0.015" />
  <testcase classname="ptolemy.util.test.junit.AutoTests" name="[73] /home/travis/build/icyphy/ptII/ptolemy/domains/de/test/auto/Trilateration.xml (RunModel)" time="10.93" />
  <testcase classname="ptolemy.util.test.junit.AutoTests" name="[74] /home/travis/build/icyphy/ptII/ptolemy/domains/de/test/auto/TwoSigmaDelta.xml (RunModel)" time="2.008" />
  <testcase classname="ptolemy.util.test.junit.AutoTests" name="[75] /home/travis/build/icyphy/ptII/ptolemy/domains/de/test/auto/VariableDelay.xml (RunModel)" time="0.016" />
  <testcase classname="ptolemy.util.test.junit.AutoTests" name="[76] /home/travis/build/icyphy/ptII/ptolemy/domains/de/test/auto/VariableDelay2.xml (RunModel)" time="0.008" />
  <testcase classname="ptolemy.util.test.junit.AutoTests" name="[77] /home/travis/build/icyphy/ptII/ptolemy/domains/de/test/auto/VariableDelayZeroDelay.xml (RunModel)" time="0.009" />
  <testcase classname="ptolemy.util.test.junit.AutoTests" name="[78] /home/travis/build/icyphy/ptII/ptolemy/domains/de/test/auto/VariableDelayZeroDelay2.xml (RunModel)" time="0.009" />
  <testcase classname="ptolemy.util.test.junit.AutoTests" name="[79] /home/travis/build/icyphy/ptII/ptolemy/domains/de/test/auto/deInCt.xml (RunModel)" time="0.015" />
  <testcase classname="ptolemy.util.test.junit.AutoTests" name="[80] /home/travis/build/icyphy/ptII/ptolemy/domains/de/test/auto/deInCt2.xml (RunModel)" time="0.013" />
  <testcase classname="ptolemy.util.test.junit.AutoTests" name="[81] /home/travis/build/icyphy/ptII/ptolemy/domains/de/test/auto/dynamicCausalityInterface1.xml (RunModel)" time="0.019" />
  <testcase classname="ptolemy.util.test.junit.AutoTests" name="[82] /home/travis/build/icyphy/ptII/ptolemy/domains/de/test/auto/fsm_de_test.xml (RunModel)" time="0.023" />
  <testcase classname="ptolemy.util.test.junit.AutoTests" name="[83] /home/travis/build/icyphy/ptII/ptolemy/domains/de/test/auto/functionDependencyReconstruction.xml (RunModel)" time="0.031" />
  <testcase classname="ptolemy.util.test.junit.AutoTests" name="[84] /home/travis/build/icyphy/ptII/ptolemy/domains/de/test/auto/multirate.xml (RunModel)" time="0.015" />
  <testcase classname="ptolemy.util.test.junit.AutoTests" name="[85] /home/travis/build/icyphy/ptII/ptolemy/domains/de/test/auto/multirate2.xml (RunModel)" time="0.014" />
  <testcase classname="ptolemy.util.test.junit.AutoTests" name="[86] /home/travis/build/icyphy/ptII/ptolemy/domains/de/test/auto/realtime.xml (RunModel)" time="10.009" />
  <testcase classname="ptolemy.util.test.junit.AutoTests" name="[87] /home/travis/build/icyphy/ptII/ptolemy/domains/de/test/auto/relationGroup.xml (RunModel)" time="0.011" />
  <testcase classname="ptolemy.util.test.junit.AutoTests" name="[88] /home/travis/build/icyphy/ptII/ptolemy/domains/de/test/auto/relationGroup2.xml (RunModel)" time="0.013" />
  <testcase classname="ptolemy.util.test.junit.AutoTests" name="[89] /home/travis/build/icyphy/ptII/ptolemy/domains/de/test/auto/sortWithOpaquePorts.xml (RunModel)" time="0.012" />
  <testcase classname="ptolemy.util.test.junit.AutoTests" name="[90] /home/travis/build/icyphy/ptII/ptolemy/domains/de/test/auto/transferInputsandOutputs.xml (RunModel)" time="0.018" />
  <testcase classname="ptolemy.util.test.junit.AutoTests" name="[91] /home/travis/build/icyphy/ptII/ptolemy/domains/de/test/auto/triggerType.xml (RunModel)" time="0.009" />
  <system-out><![CDATA[/home/travis/build/icyphy/ptII/ptolemy/domains/de/test/DependencyLoop.tcl
testDefs.tcl: setting time out to 9000 seconds at Fri Sep 28 02:21:04 UTC 2018
20 ms. Memory: 116224K Free: 93919K (81%)
6 ms. Memory: 146944K Free: 135493K (92%)
/home/travis/build/icyphy/ptII/ptolemy/domains/de/test/RunDETestsAsQSS.tcl
Run the DE tests using ptolemy.domains.qss.test.QSSDirectorTest, which extends QSSDirector and prints a message in the constructors.
------------------ testing $PTII/ptolemy/domains/de/test/auto/knownFailedTests/dependencyLoop.xml (Known Failure) 
12 ms. Memory: 146944K Free: 132381K (90%)


==== $PTIIhome/travis/build/icyphy/ptII/ptolemy/domains/de/test/../../../../: Auto Automatic test in file $PTII/ptolemy/domains/de/test/auto/knownFailedTests/dependencyLoop.xml
==== Contents of test case:

	    # FIXME: we should use $relativeFilename here, but it
	    # might have backslashes under Windows, which causes no end
	    # of trouble.
	    createAndExecute $file
	    list {}
	
.... Test generated KNOWN error:
    while executing
ptolemy.kernel.util.IllegalActionException: Found a zero delay loop containing .dependencyLoop.original
  in .dependencyLoop and .dependencyLoop.original
	at ptolemy.actor.util.CausalityInterfaceForComposites._computeOutputPortDepth(CausalityInterfaceForComposites.java:759)
	at ptolemy.actor.util.CausalityInterfaceForComposites._computeInputDepth(CausalityInterfaceForComposites.java:696)
	at ptolemy.actor.util.CausalityInterfaceForComposites._computeOutputPortDepth(CausalityInterfaceForComposites.java:765)
	at ptolemy.actor.util.CausalityInterfaceForComposites._computeInputDepth(CausalityInterfaceForComposites.java:696)
	at ptolemy.actor.util.CausalityInterfaceForComposites._computeOutputPortDepth(CausalityInterfaceForComposites.java:765)
	at ptolemy.actor.util.CausalityInterfaceForComposites._computeInputDepth(CausalityInterfaceForComposites.java:696)
	at ptolemy.actor.util.CausalityInterfaceForComposites._computeActorDepth(CausalityInterfaceForComposites.java:532)
	at ptolemy.actor.util.CausalityInterfaceForComposites.checkForCycles(CausalityInterfaceForComposites.java:96)
	at ptolemy.domains.de.kernel.DEDirector.preinitialize(DEDirector.java:1338)
	at ptolemy.actor.CompositeActor.preinitialize(CompositeActor.java:1828)
	at ptolemy.actor.Manager.preinitializeAndResolveTypes(Manager.java:1040)
	at ptolemy.actor.Manager.initialize(Manager.java:710)
	at ptolemy.actor.Manager.execute(Manager.java:356)
	at ptolemy.actor.Manager.run(Manager.java:1263)
	at ptolemy.actor.Manager$PtolemyRunThread.run(Manager.java:1915)

    while executing
ptolemy.kernel.util.IllegalActionException: Found a zero delay loop containing .dependencyLoop.original
  in .dependencyLoop and .dependencyLoop.original
    while executing
"java::new ptolemy.moml.MoMLSimpleApplication $file
"
    (procedure "createAndExecute" line 2)
    invoked from within
"createAndExecute $file"
    ("uplevel" body line 5)
    invoked from within
"uplevel $contents_of_test"
------------------ testing $PTII/ptolemy/domains/de/test/auto/knownFailedTests/DESDFClockTest.xml (Known Failure) 
2056 ms. Memory: 146944K Free: 116544K (79%)


==== $PTIIhome/travis/build/icyphy/ptII/ptolemy/domains/de/test/../../../../: Auto Automatic test in file $PTII/ptolemy/domains/de/test/auto/knownFailedTests/DESDFClockTest.xml
==== Contents of test case:

	    # FIXME: we should use $relativeFilename here, but it
	    # might have backslashes under Windows, which causes no end
	    # of trouble.
	    createAndExecute $file
	    list {}
	
.... Test generated KNOWN error:
    while executing
ptolemy.kernel.util.IllegalActionException: Actor is not ready to fire.  Perhaps UpSample.prefire() returned false? Try debugging the actor by selecting "Listen to Actor".  Also, for SDF check moml for tokenConsumptionRate on input.
  in .DESDFClockTest.Play Bell.Copy1:SDF Director and .DESDFClockTest.Play Bell.UpSample
	at ptolemy.actor.sched.StaticSchedulingDirector.fire(StaticSchedulingDirector.java:227)
	at ptolemy.domains.sdf.kernel.SDFDirector.fire(SDFDirector.java:500)
	at ptolemy.actor.CompositeActor.fire(CompositeActor.java:455)
	at ptolemy.domains.de.kernel.DEDirector._fire(DEDirector.java:1949)
	at ptolemy.domains.de.kernel.DEDirector.fire(DEDirector.java:502)
	at ptolemy.actor.CompositeActor.fire(CompositeActor.java:455)
	at ptolemy.actor.Manager.iterate(Manager.java:851)
	at ptolemy.actor.Manager.execute(Manager.java:369)
	at ptolemy.actor.Manager.run(Manager.java:1263)
	at ptolemy.actor.Manager$PtolemyRunThread.run(Manager.java:1915)

    while executing
ptolemy.kernel.util.IllegalActionException: Actor is not ready to fire.  Perhaps UpSample.prefire() returned false? Try debugging the actor by selecting "Listen to Actor".  Also, for SDF check moml for tokenConsumptionRate on input.
  in .DESDFClockTest.Play Bell.Copy1:SDF Director and .DESDFClockTest.Play Bell.UpSample
    while executing
"java::new ptolemy.moml.MoMLSimpleApplication $file
"
    (procedure "createAndExecute" line 2)
    invoked from within
"createAndExecute $file"
    ("uplevel" body line 5)
    invoked from within
"uplevel $contents_of_test"
------------------ testing $PTII/ptolemy/domains/de/test/auto/knownFailedTests/FSMSource.xml (Known Failure) 
24 ms. Memory: 146944K Free: 107525K (73%)
!!!! Auto was marked as failing, but now passes
------------------ testing $PTII/ptolemy/domains/de/test/auto/knownFailedTests/dependencyLoop2.xml (Known Failure) 
6 ms. Memory: 146944K Free: 105650K (72%)


==== $PTIIhome/travis/build/icyphy/ptII/ptolemy/domains/de/test/../../../../: Auto Automatic test in file $PTII/ptolemy/domains/de/test/auto/knownFailedTests/dependencyLoop2.xml
==== Contents of test case:

	    # FIXME: we should use $relativeFilename here, but it
	    # might have backslashes under Windows, which causes no end
	    # of trouble.
	    createAndExecute $file
	    list {}
	
.... Test generated KNOWN error:
    while executing
ptolemy.kernel.util.IllegalActionException: Found a zero delay loop containing .dependencyLoop2.original
  in .dependencyLoop2 and .dependencyLoop2.original
	at ptolemy.actor.util.CausalityInterfaceForComposites._computeOutputPortDepth(CausalityInterfaceForComposites.java:759)
	at ptolemy.actor.util.CausalityInterfaceForComposites._computeInputDepth(CausalityInterfaceForComposites.java:696)
	at ptolemy.actor.util.CausalityInterfaceForComposites._computeOutputPortDepth(CausalityInterfaceForComposites.java:765)
	at ptolemy.actor.util.CausalityInterfaceForComposites._computeInputDepth(CausalityInterfaceForComposites.java:696)
	at ptolemy.actor.util.CausalityInterfaceForComposites._computeOutputPortDepth(CausalityInterfaceForComposites.java:765)
	at ptolemy.actor.util.CausalityInterfaceForComposites._computeInputDepth(CausalityInterfaceForComposites.java:696)
	at ptolemy.actor.util.CausalityInterfaceForComposites._computeActorDepth(CausalityInterfaceForComposites.java:532)
	at ptolemy.actor.util.CausalityInterfaceForComposites.checkForCycles(CausalityInterfaceForComposites.java:96)
	at ptolemy.domains.de.kernel.DEDirector.preinitialize(DEDirector.java:1338)
	at ptolemy.actor.CompositeActor.preinitialize(CompositeActor.java:1828)
	at ptolemy.actor.Manager.preinitializeAndResolveTypes(Manager.java:1040)
	at ptolemy.actor.Manager.initialize(Manager.java:710)
	at ptolemy.actor.Manager.execute(Manager.java:356)
	at ptolemy.actor.Manager.run(Manager.java:1263)
	at ptolemy.actor.Manager$PtolemyRunThread.run(Manager.java:1915)

    while executing
ptolemy.kernel.util.IllegalActionException: Found a zero delay loop containing .dependencyLoop2.original
  in .dependencyLoop2 and .dependencyLoop2.original
    while executing
"java::new ptolemy.moml.MoMLSimpleApplication $file
"
    (procedure "createAndExecute" line 2)
    invoked from within
"createAndExecute $file"
    ("uplevel" body line 5)
    invoked from within
"uplevel $contents_of_test"
------------------ testing $PTII/ptolemy/domains/de/test/auto/knownFailedTests/HierarchicalModel.xml (Known Failure) 
5 ms. Memory: 146944K Free: 85153K (58%)


==== $PTIIhome/travis/build/icyphy/ptII/ptolemy/domains/de/test/../../../../: Auto Automatic test in file $PTII/ptolemy/domains/de/test/auto/knownFailedTests/HierarchicalModel.xml
==== Contents of test case:

	    # FIXME: we should use $relativeFilename here, but it
	    # might have backslashes under Windows, which causes no end
	    # of trouble.
	    createAndExecute $file
	    list {}
	
.... Test generated KNOWN error:
    while executing
ptolemy.kernel.util.IllegalActionException: Found a zero delay loop containing .HierarchicalModel.A
  in .HierarchicalModel and .HierarchicalModel.A
	at ptolemy.actor.util.CausalityInterfaceForComposites._computeOutputPortDepth(CausalityInterfaceForComposites.java:759)
	at ptolemy.actor.util.CausalityInterfaceForComposites._computeInputDepth(CausalityInterfaceForComposites.java:696)
	at ptolemy.actor.util.CausalityInterfaceForComposites._computeOutputPortDepth(CausalityInterfaceForComposites.java:765)
	at ptolemy.actor.util.CausalityInterfaceForComposites._computeInputDepth(CausalityInterfaceForComposites.java:696)
	at ptolemy.actor.util.CausalityInterfaceForComposites._computeOutputPortDepth(CausalityInterfaceForComposites.java:765)
	at ptolemy.actor.util.CausalityInterfaceForComposites._computeInputDepth(CausalityInterfaceForComposites.java:696)
	at ptolemy.actor.util.CausalityInterfaceForComposites._computeActorDepth(CausalityInterfaceForComposites.java:532)
	at ptolemy.actor.util.CausalityInterfaceForComposites.checkForCycles(CausalityInterfaceForComposites.java:96)
	at ptolemy.domains.de.kernel.DEDirector.preinitialize(DEDirector.java:1338)
	at ptolemy.actor.CompositeActor.preinitialize(CompositeActor.java:1828)
	at ptolemy.actor.Manager.preinitializeAndResolveTypes(Manager.java:1040)
	at ptolemy.actor.Manager.initialize(Manager.java:710)
	at ptolemy.actor.Manager.execute(Manager.java:356)
	at ptolemy.actor.Manager.run(Manager.java:1263)
	at ptolemy.actor.Manager$PtolemyRunThread.run(Manager.java:1915)

    while executing
ptolemy.kernel.util.IllegalActionException: Found a zero delay loop containing .HierarchicalModel.A
  in .HierarchicalModel and .HierarchicalModel.A
    while executing
"java::new ptolemy.moml.MoMLSimpleApplication $file
"
    (procedure "createAndExecute" line 2)
    invoked from within
"createAndExecute $file"
    ("uplevel" body line 5)
    invoked from within
"uplevel $contents_of_test"
------------------ testing $PTII/ptolemy/domains/de/test/auto/knownFailedTests/DirectFeedback.xml (Known Failure) 
6 ms. Memory: 146944K Free: 141372K (96%)


==== $PTIIhome/travis/build/icyphy/ptII/ptolemy/domains/de/test/../../../../: Auto Automatic test in file $PTII/ptolemy/domains/de/test/auto/knownFailedTests/DirectFeedback.xml
==== Contents of test case:

	    # FIXME: we should use $relativeFilename here, but it
	    # might have backslashes under Windows, which causes no end
	    # of trouble.
	    createAndExecute $file
	    list {}
	
.... Test generated KNOWN error:
    while executing
ptolemy.kernel.util.IllegalActionException: Test fails in iteration 1.
Value was: 1.0. Should have been: 2.0
  in .DirectFeedback.Test
	at ptolemy.actor.lib.Test.fire(Test.java:268)
	at ptolemy.domains.de.kernel.DEDirector._fire(DEDirector.java:1949)
	at ptolemy.domains.de.kernel.DEDirector.fire(DEDirector.java:502)
	at ptolemy.actor.CompositeActor.fire(CompositeActor.java:455)
	at ptolemy.actor.Manager.iterate(Manager.java:851)
	at ptolemy.actor.Manager.execute(Manager.java:369)
	at ptolemy.actor.Manager.run(Manager.java:1263)
	at ptolemy.actor.Manager$PtolemyRunThread.run(Manager.java:1915)

    while executing
ptolemy.kernel.util.IllegalActionException: Test fails in iteration 1.
Value was: 1.0. Should have been: 2.0
  in .DirectFeedback.Test
    while executing
"java::new ptolemy.moml.MoMLSimpleApplication $file
"
    (procedure "createAndExecute" line 2)
    invoked from within
"createAndExecute $file"
    ("uplevel" body line 5)
    invoked from within
"uplevel $contents_of_test"
------------------ testing $PTII/ptolemy/domains/de/test/auto/ActorDepthCalculation_actorWithoutPorts.xml
auto.tcl: Setting watchdog for 200 seconds at Fri Sep 28 02:21:07 UTC 2018
9 ms. Memory: 146944K Free: 133426K (91%)
ptolemy.util.test.WatchDog.cancel(): canceling Fri Sep 28 02:21:07 UTC 2018
auto.tcl: Setting watchdog for 200 seconds at Fri Sep 28 02:21:07 UTC 2018
5 ms. Memory: 146944K Free: 131335K (89%)
ptolemy.util.test.WatchDog.cancel(): canceling Fri Sep 28 02:21:07 UTC 2018
------------------ testing $PTII/ptolemy/domains/de/test/auto/AssemblyLine.xml
auto.tcl: Setting watchdog for 200 seconds at Fri Sep 28 02:21:08 UTC 2018
26 ms. Memory: 208384K Free: 182805K (88%)
ptolemy.util.test.WatchDog.cancel(): canceling Fri Sep 28 02:21:08 UTC 2018
auto.tcl: Setting watchdog for 200 seconds at Fri Sep 28 02:21:08 UTC 2018
7 ms. Memory: 208384K Free: 182805K (88%)
ptolemy.util.test.WatchDog.cancel(): canceling Fri Sep 28 02:21:08 UTC 2018
------------------ testing $PTII/ptolemy/domains/de/test/auto/CQBug1.xml
auto.tcl: Setting watchdog for 200 seconds at Fri Sep 28 02:21:08 UTC 2018
3 ms. Memory: 208384K Free: 197692K (95%)
ptolemy.util.test.WatchDog.cancel(): canceling Fri Sep 28 02:21:08 UTC 2018
auto.tcl: Setting watchdog for 200 seconds at Fri Sep 28 02:21:08 UTC 2018
5 ms. Memory: 208384K Free: 197692K (95%)
ptolemy.util.test.WatchDog.cancel(): canceling Fri Sep 28 02:21:08 UTC 2018
------------------ testing $PTII/ptolemy/domains/de/test/auto/CancelFireAt.xml
auto.tcl: Setting watchdog for 200 seconds at Fri Sep 28 02:21:08 UTC 2018
16 ms. Memory: 208384K Free: 201419K (97%)
ptolemy.util.test.WatchDog.cancel(): canceling Fri Sep 28 02:21:08 UTC 2018
auto.tcl: Setting watchdog for 200 seconds at Fri Sep 28 02:21:08 UTC 2018
3 ms. Memory: 208384K Free: 199312K (96%)
ptolemy.util.test.WatchDog.cancel(): canceling Fri Sep 28 02:21:08 UTC 2018
------------------ testing $PTII/ptolemy/domains/de/test/auto/CausalityAndComposabilityAnalysis.xml
auto.tcl: Setting watchdog for 200 seconds at Fri Sep 28 02:21:08 UTC 2018
17 ms. Memory: 208384K Free: 196467K (94%)
ptolemy.util.test.WatchDog.cancel(): canceling Fri Sep 28 02:21:08 UTC 2018
auto.tcl: Setting watchdog for 200 seconds at Fri Sep 28 02:21:08 UTC 2018
6 ms. Memory: 208384K Free: 196467K (94%)
ptolemy.util.test.WatchDog.cancel(): canceling Fri Sep 28 02:21:08 UTC 2018
------------------ testing $PTII/ptolemy/domains/de/test/auto/CausalityInterface1.xml
auto.tcl: Setting watchdog for 200 seconds at Fri Sep 28 02:21:08 UTC 2018
13 ms. Memory: 208384K Free: 196404K (94%)
ptolemy.util.test.WatchDog.cancel(): canceling Fri Sep 28 02:21:08 UTC 2018
auto.tcl: Setting watchdog for 200 seconds at Fri Sep 28 02:21:08 UTC 2018
4 ms. Memory: 208384K Free: 196404K (94%)
ptolemy.util.test.WatchDog.cancel(): canceling Fri Sep 28 02:21:08 UTC 2018
------------------ testing $PTII/ptolemy/domains/de/test/auto/CausalityInterface15.xml
auto.tcl: Setting watchdog for 200 seconds at Fri Sep 28 02:21:08 UTC 2018
8 ms. Memory: 208384K Free: 196395K (94%)
ptolemy.util.test.WatchDog.cancel(): canceling Fri Sep 28 02:21:08 UTC 2018
auto.tcl: Setting watchdog for 200 seconds at Fri Sep 28 02:21:08 UTC 2018
7 ms. Memory: 208384K Free: 196395K (94%)
ptolemy.util.test.WatchDog.cancel(): canceling Fri Sep 28 02:21:08 UTC 2018
------------------ testing $PTII/ptolemy/domains/de/test/auto/CausalityInterface2.xml
auto.tcl: Setting watchdog for 200 seconds at Fri Sep 28 02:21:08 UTC 2018
11 ms. Memory: 208384K Free: 196379K (94%)
ptolemy.util.test.WatchDog.cancel(): canceling Fri Sep 28 02:21:08 UTC 2018
auto.tcl: Setting watchdog for 200 seconds at Fri Sep 28 02:21:08 UTC 2018
3 ms. Memory: 208384K Free: 196379K (94%)
ptolemy.util.test.WatchDog.cancel(): canceling Fri Sep 28 02:21:08 UTC 2018
------------------ testing $PTII/ptolemy/domains/de/test/auto/CausalityInterface3.xml
auto.tcl: Setting watchdog for 200 seconds at Fri Sep 28 02:21:08 UTC 2018
10 ms. Memory: 208384K Free: 196392K (94%)
ptolemy.util.test.WatchDog.cancel(): canceling Fri Sep 28 02:21:08 UTC 2018
auto.tcl: Setting watchdog for 200 seconds at Fri Sep 28 02:21:08 UTC 2018
3 ms. Memory: 208384K Free: 196392K (94%)
ptolemy.util.test.WatchDog.cancel(): canceling Fri Sep 28 02:21:08 UTC 2018
------------------ testing $PTII/ptolemy/domains/de/test/auto/ClockDrift.xml
auto.tcl: Setting watchdog for 200 seconds at Fri Sep 28 02:21:08 UTC 2018
96 ms. Memory: 208384K Free: 187605K (90%)
ptolemy.util.test.WatchDog.cancel(): canceling Fri Sep 28 02:21:09 UTC 2018
auto.tcl: Setting watchdog for 200 seconds at Fri Sep 28 02:21:09 UTC 2018
36 ms. Memory: 208384K Free: 185498K (89%)
ptolemy.util.test.WatchDog.cancel(): canceling Fri Sep 28 02:21:09 UTC 2018
------------------ testing $PTII/ptolemy/domains/de/test/auto/ClockDriftAndValueChange.xml
auto.tcl: Setting watchdog for 200 seconds at Fri Sep 28 02:21:09 UTC 2018
45 ms. Memory: 208384K Free: 187440K (90%)
ptolemy.util.test.WatchDog.cancel(): canceling Fri Sep 28 02:21:09 UTC 2018
auto.tcl: Setting watchdog for 200 seconds at Fri Sep 28 02:21:09 UTC 2018
22 ms. Memory: 208384K Free: 185334K (89%)
ptolemy.util.test.WatchDog.cancel(): canceling Fri Sep 28 02:21:09 UTC 2018
------------------ testing $PTII/ptolemy/domains/de/test/auto/ClockDriftChange.xml
auto.tcl: Setting watchdog for 200 seconds at Fri Sep 28 02:21:09 UTC 2018
38 ms. Memory: 208384K Free: 190768K (92%)
ptolemy.util.test.WatchDog.cancel(): canceling Fri Sep 28 02:21:09 UTC 2018
auto.tcl: Setting watchdog for 200 seconds at Fri Sep 28 02:21:09 UTC 2018
29 ms. Memory: 208384K Free: 188662K (91%)
ptolemy.util.test.WatchDog.cancel(): canceling Fri Sep 28 02:21:09 UTC 2018
------------------ testing $PTII/ptolemy/domains/de/test/auto/ComposableCausalityAnalysis.xml
auto.tcl: Setting watchdog for 200 seconds at Fri Sep 28 02:21:09 UTC 2018
2 ms. Memory: 208384K Free: 196246K (94%)
ptolemy.util.test.WatchDog.cancel(): canceling Fri Sep 28 02:21:09 UTC 2018
auto.tcl: Setting watchdog for 200 seconds at Fri Sep 28 02:21:09 UTC 2018
4 ms. Memory: 208384K Free: 194140K (93%)
ptolemy.util.test.WatchDog.cancel(): canceling Fri Sep 28 02:21:09 UTC 2018
------------------ testing $PTII/ptolemy/domains/de/test/auto/DEFixedPointLimitation.xml
auto.tcl: Setting watchdog for 200 seconds at Fri Sep 28 02:21:09 UTC 2018
1 ms. Memory: 208384K Free: 196124K (94%)
ptolemy.util.test.WatchDog.cancel(): canceling Fri Sep 28 02:21:09 UTC 2018
auto.tcl: Setting watchdog for 200 seconds at Fri Sep 28 02:21:09 UTC 2018
1 ms. Memory: 208384K Free: 196124K (94%)
ptolemy.util.test.WatchDog.cancel(): canceling Fri Sep 28 02:21:09 UTC 2018
------------------ testing $PTII/ptolemy/domains/de/test/auto/DEScheduleTest.xml
auto.tcl: Setting watchdog for 200 seconds at Fri Sep 28 02:21:09 UTC 2018
4 ms. Memory: 208384K Free: 198265K (95%)
ptolemy.util.test.WatchDog.cancel(): canceling Fri Sep 28 02:21:09 UTC 2018
auto.tcl: Setting watchdog for 200 seconds at Fri Sep 28 02:21:09 UTC 2018
7 ms. Memory: 208384K Free: 196158K (94%)
ptolemy.util.test.WatchDog.cancel(): canceling Fri Sep 28 02:21:09 UTC 2018
------------------ testing $PTII/ptolemy/domains/de/test/auto/DEinDEwithStartTimes.xml
auto.tcl: Setting watchdog for 200 seconds at Fri Sep 28 02:21:09 UTC 2018
4 ms. Memory: 208384K Free: 196129K (94%)
ptolemy.util.test.WatchDog.cancel(): canceling Fri Sep 28 02:21:09 UTC 2018
auto.tcl: Setting watchdog for 200 seconds at Fri Sep 28 02:21:09 UTC 2018
8 ms. Memory: 208384K Free: 194023K (93%)
ptolemy.util.test.WatchDog.cancel(): canceling Fri Sep 28 02:21:09 UTC 2018
------------------ testing $PTII/ptolemy/domains/de/test/auto/DEinDEwithStartTimes2.xml
auto.tcl: Setting watchdog for 200 seconds at Fri Sep 28 02:21:09 UTC 2018
11 ms. Memory: 208384K Free: 196446K (94%)
ptolemy.util.test.WatchDog.cancel(): canceling Fri Sep 28 02:21:09 UTC 2018
auto.tcl: Setting watchdog for 200 seconds at Fri Sep 28 02:21:09 UTC 2018
4 ms. Memory: 208384K Free: 194002K (93%)
ptolemy.util.test.WatchDog.cancel(): canceling Fri Sep 28 02:21:09 UTC 2018
------------------ testing $PTII/ptolemy/domains/de/test/auto/DateDemo.xml
auto.tcl: Setting watchdog for 200 seconds at Fri Sep 28 02:21:09 UTC 2018
16 ms. Memory: 208384K Free: 188519K (90%)
ptolemy.util.test.WatchDog.cancel(): canceling Fri Sep 28 02:21:10 UTC 2018
auto.tcl: Setting watchdog for 200 seconds at Fri Sep 28 02:21:10 UTC 2018
9 ms. Memory: 208384K Free: 186413K (89%)
ptolemy.util.test.WatchDog.cancel(): canceling Fri Sep 28 02:21:10 UTC 2018
------------------ testing $PTII/ptolemy/domains/de/test/auto/DateToEvent.xml
auto.tcl: Setting watchdog for 200 seconds at Fri Sep 28 02:21:10 UTC 2018
2010 ms. Memory: 208384K Free: 183221K (88%)
ptolemy.util.test.WatchDog.cancel(): canceling Fri Sep 28 02:21:12 UTC 2018
auto.tcl: Setting watchdog for 200 seconds at Fri Sep 28 02:21:12 UTC 2018
2005 ms. Memory: 208384K Free: 183221K (88%)
ptolemy.util.test.WatchDog.cancel(): canceling Fri Sep 28 02:21:14 UTC 2018
------------------ testing $PTII/ptolemy/domains/de/test/auto/DepthTest1.xml
auto.tcl: Setting watchdog for 200 seconds at Fri Sep 28 02:21:14 UTC 2018
4 ms. Memory: 208384K Free: 197467K (95%)
ptolemy.util.test.WatchDog.cancel(): canceling Fri Sep 28 02:21:14 UTC 2018
auto.tcl: Setting watchdog for 200 seconds at Fri Sep 28 02:21:14 UTC 2018
2 ms. Memory: 208384K Free: 197467K (95%)
ptolemy.util.test.WatchDog.cancel(): canceling Fri Sep 28 02:21:14 UTC 2018
------------------ testing $PTII/ptolemy/domains/de/test/auto/DepthTest2.xml
auto.tcl: Setting watchdog for 200 seconds at Fri Sep 28 02:21:14 UTC 2018
6 ms. Memory: 208384K Free: 193654K (93%)
ptolemy.util.test.WatchDog.cancel(): canceling Fri Sep 28 02:21:14 UTC 2018
auto.tcl: Setting watchdog for 200 seconds at Fri Sep 28 02:21:14 UTC 2018
6 ms. Memory: 208384K Free: 193654K (93%)
ptolemy.util.test.WatchDog.cancel(): canceling Fri Sep 28 02:21:14 UTC 2018
------------------ testing $PTII/ptolemy/domains/de/test/auto/DepthTest3.xml
auto.tcl: Setting watchdog for 200 seconds at Fri Sep 28 02:21:14 UTC 2018
6 ms. Memory: 208384K Free: 198138K (95%)
ptolemy.util.test.WatchDog.cancel(): canceling Fri Sep 28 02:21:14 UTC 2018
auto.tcl: Setting watchdog for 200 seconds at Fri Sep 28 02:21:14 UTC 2018
2 ms. Memory: 208384K Free: 198138K (95%)
ptolemy.util.test.WatchDog.cancel(): canceling Fri Sep 28 02:21:14 UTC 2018
------------------ testing $PTII/ptolemy/domains/de/test/auto/DepthTest4.xml
auto.tcl: Setting watchdog for 200 seconds at Fri Sep 28 02:21:14 UTC 2018
7 ms. Memory: 208384K Free: 196120K (94%)
ptolemy.util.test.WatchDog.cancel(): canceling Fri Sep 28 02:21:14 UTC 2018
auto.tcl: Setting watchdog for 200 seconds at Fri Sep 28 02:21:14 UTC 2018
2 ms. Memory: 208384K Free: 195782K (94%)
ptolemy.util.test.WatchDog.cancel(): canceling Fri Sep 28 02:21:14 UTC 2018
------------------ testing $PTII/ptolemy/domains/de/test/auto/DepthTest5.xml
auto.tcl: Setting watchdog for 200 seconds at Fri Sep 28 02:21:14 UTC 2018
3 ms. Memory: 208384K Free: 195729K (94%)
ptolemy.util.test.WatchDog.cancel(): canceling Fri Sep 28 02:21:14 UTC 2018
auto.tcl: Setting watchdog for 200 seconds at Fri Sep 28 02:21:14 UTC 2018
2 ms. Memory: 208384K Free: 195729K (94%)
ptolemy.util.test.WatchDog.cancel(): canceling Fri Sep 28 02:21:14 UTC 2018
------------------ testing $PTII/ptolemy/domains/de/test/auto/DepthTest6.xml
auto.tcl: Setting watchdog for 200 seconds at Fri Sep 28 02:21:14 UTC 2018
7 ms. Memory: 208384K Free: 196035K (94%)
ptolemy.util.test.WatchDog.cancel(): canceling Fri Sep 28 02:21:14 UTC 2018
auto.tcl: Setting watchdog for 200 seconds at Fri Sep 28 02:21:14 UTC 2018
2 ms. Memory: 208384K Free: 196035K (94%)
ptolemy.util.test.WatchDog.cancel(): canceling Fri Sep 28 02:21:14 UTC 2018
------------------ testing $PTII/ptolemy/domains/de/test/auto/DepthTest7.xml
auto.tcl: Setting watchdog for 200 seconds at Fri Sep 28 02:21:14 UTC 2018
3 ms. Memory: 208384K Free: 195686K (94%)
ptolemy.util.test.WatchDog.cancel(): canceling Fri Sep 28 02:21:14 UTC 2018
auto.tcl: Setting watchdog for 200 seconds at Fri Sep 28 02:21:14 UTC 2018
2 ms. Memory: 208384K Free: 195686K (94%)
ptolemy.util.test.WatchDog.cancel(): canceling Fri Sep 28 02:21:14 UTC 2018
------------------ testing $PTII/ptolemy/domains/de/test/auto/EventToDate.xml
auto.tcl: Setting watchdog for 200 seconds at Fri Sep 28 02:21:14 UTC 2018
3010 ms. Memory: 208384K Free: 182718K (88%)
ptolemy.util.test.WatchDog.cancel(): canceling Fri Sep 28 02:21:17 UTC 2018
auto.tcl: Setting watchdog for 200 seconds at Fri Sep 28 02:21:17 UTC 2018
3005 ms. Memory: 208384K Free: 182718K (88%)
ptolemy.util.test.WatchDog.cancel(): canceling Fri Sep 28 02:21:20 UTC 2018
------------------ testing $PTII/ptolemy/domains/de/test/auto/FSM1.xml
auto.tcl: Setting watchdog for 200 seconds at Fri Sep 28 02:21:20 UTC 2018
33 ms. Memory: 208384K Free: 188726K (91%)
ptolemy.util.test.WatchDog.cancel(): canceling Fri Sep 28 02:21:21 UTC 2018
auto.tcl: Setting watchdog for 200 seconds at Fri Sep 28 02:21:21 UTC 2018
13 ms. Memory: 208384K Free: 184513K (89%)
ptolemy.util.test.WatchDog.cancel(): canceling Fri Sep 28 02:21:21 UTC 2018
------------------ testing $PTII/ptolemy/domains/de/test/auto/FSM7.xml
auto.tcl: Setting watchdog for 200 seconds at Fri Sep 28 02:21:21 UTC 2018
14 ms. Memory: 208384K Free: 187159K (90%)
ptolemy.util.test.WatchDog.cancel(): canceling Fri Sep 28 02:21:21 UTC 2018
auto.tcl: Setting watchdog for 200 seconds at Fri Sep 28 02:21:21 UTC 2018
16 ms. Memory: 208384K Free: 184715K (89%)
ptolemy.util.test.WatchDog.cancel(): canceling Fri Sep 28 02:21:21 UTC 2018
------------------ testing $PTII/ptolemy/domains/de/test/auto/Inspection.xml
auto.tcl: Setting watchdog for 200 seconds at Fri Sep 28 02:21:21 UTC 2018
28 ms. Memory: 208384K Free: 188374K (90%)
ptolemy.util.test.WatchDog.cancel(): canceling Fri Sep 28 02:21:21 UTC 2018
auto.tcl: Setting watchdog for 200 seconds at Fri Sep 28 02:21:21 UTC 2018
22 ms. Memory: 208384K Free: 186268K (89%)
ptolemy.util.test.WatchDog.cancel(): canceling Fri Sep 28 02:21:21 UTC 2018
------------------ testing $PTII/ptolemy/domains/de/test/auto/Iteration.xml
auto.tcl: Setting watchdog for 200 seconds at Fri Sep 28 02:21:21 UTC 2018
8 ms. Memory: 208384K Free: 195831K (94%)
ptolemy.util.test.WatchDog.cancel(): canceling Fri Sep 28 02:21:21 UTC 2018
auto.tcl: Setting watchdog for 200 seconds at Fri Sep 28 02:21:21 UTC 2018
8 ms. Memory: 208384K Free: 193725K (93%)
ptolemy.util.test.WatchDog.cancel(): canceling Fri Sep 28 02:21:21 UTC 2018
------------------ testing $PTII/ptolemy/domains/de/test/auto/LineFault.xml
auto.tcl: Setting watchdog for 200 seconds at Fri Sep 28 02:21:21 UTC 2018
765 ms. Memory: 208384K Free: 194226K (93%)
ptolemy.util.test.WatchDog.cancel(): canceling Fri Sep 28 02:21:22 UTC 2018
auto.tcl: Setting watchdog for 200 seconds at Fri Sep 28 02:21:22 UTC 2018
558 ms. Memory: 208384K Free: 136721K (66%)
ptolemy.util.test.WatchDog.cancel(): canceling Fri Sep 28 02:21:22 UTC 2018
------------------ testing $PTII/ptolemy/domains/de/test/auto/MergeModel1Add.xml
auto.tcl: Setting watchdog for 200 seconds at Fri Sep 28 02:21:23 UTC 2018
28 ms. Memory: 331264K Free: 298494K (90%)
ptolemy.util.test.WatchDog.cancel(): canceling Fri Sep 28 02:21:23 UTC 2018
auto.tcl: Setting watchdog for 200 seconds at Fri Sep 28 02:21:23 UTC 2018
7 ms. Memory: 331264K Free: 298494K (90%)
ptolemy.util.test.WatchDog.cancel(): canceling Fri Sep 28 02:21:23 UTC 2018
------------------ testing $PTII/ptolemy/domains/de/test/auto/MergeModel2Add.xml
auto.tcl: Setting watchdog for 200 seconds at Fri Sep 28 02:21:23 UTC 2018
9 ms. Memory: 331264K Free: 303778K (92%)
ptolemy.util.test.WatchDog.cancel(): canceling Fri Sep 28 02:21:23 UTC 2018
auto.tcl: Setting watchdog for 200 seconds at Fri Sep 28 02:21:23 UTC 2018
10 ms. Memory: 331264K Free: 299864K (91%)
ptolemy.util.test.WatchDog.cancel(): canceling Fri Sep 28 02:21:23 UTC 2018
------------------ testing $PTII/ptolemy/domains/de/test/auto/MergeModel3Add.xml
auto.tcl: Setting watchdog for 200 seconds at Fri Sep 28 02:21:23 UTC 2018
10 ms. Memory: 331264K Free: 303788K (92%)
ptolemy.util.test.WatchDog.cancel(): canceling Fri Sep 28 02:21:23 UTC 2018
auto.tcl: Setting watchdog for 200 seconds at Fri Sep 28 02:21:23 UTC 2018
7 ms. Memory: 331264K Free: 299874K (91%)
ptolemy.util.test.WatchDog.cancel(): canceling Fri Sep 28 02:21:23 UTC 2018
------------------ testing $PTII/ptolemy/domains/de/test/auto/MergeWithoutDiscard.xml
auto.tcl: Setting watchdog for 200 seconds at Fri Sep 28 02:21:23 UTC 2018
5 ms. Memory: 331264K Free: 319441K (96%)
ptolemy.util.test.WatchDog.cancel(): canceling Fri Sep 28 02:21:23 UTC 2018
auto.tcl: Setting watchdog for 200 seconds at Fri Sep 28 02:21:23 UTC 2018
1 ms. Memory: 331264K Free: 315524K (95%)
ptolemy.util.test.WatchDog.cancel(): canceling Fri Sep 28 02:21:23 UTC 2018
------------------ testing $PTII/ptolemy/domains/de/test/auto/Modal1.xml
auto.tcl: Setting watchdog for 200 seconds at Fri Sep 28 02:21:23 UTC 2018
17 ms. Memory: 331264K Free: 309461K (93%)
ptolemy.util.test.WatchDog.cancel(): canceling Fri Sep 28 02:21:23 UTC 2018
auto.tcl: Setting watchdog for 200 seconds at Fri Sep 28 02:21:23 UTC 2018
23 ms. Memory: 331264K Free: 305547K (92%)
ptolemy.util.test.WatchDog.cancel(): canceling Fri Sep 28 02:21:23 UTC 2018
------------------ testing $PTII/ptolemy/domains/de/test/auto/Modal2.xml
auto.tcl: Setting watchdog for 200 seconds at Fri Sep 28 02:21:23 UTC 2018
17 ms. Memory: 331264K Free: 309335K (93%)
ptolemy.util.test.WatchDog.cancel(): canceling Fri Sep 28 02:21:23 UTC 2018
auto.tcl: Setting watchdog for 200 seconds at Fri Sep 28 02:21:23 UTC 2018
15 ms. Memory: 331264K Free: 305421K (92%)
ptolemy.util.test.WatchDog.cancel(): canceling Fri Sep 28 02:21:23 UTC 2018
------------------ testing $PTII/ptolemy/domains/de/test/auto/Modal3.xml
auto.tcl: Setting watchdog for 200 seconds at Fri Sep 28 02:21:23 UTC 2018
19 ms. Memory: 331264K Free: 309618K (93%)
ptolemy.util.test.WatchDog.cancel(): canceling Fri Sep 28 02:21:23 UTC 2018
auto.tcl: Setting watchdog for 200 seconds at Fri Sep 28 02:21:23 UTC 2018
15 ms. Memory: 331264K Free: 305419K (92%)
ptolemy.util.test.WatchDog.cancel(): canceling Fri Sep 28 02:21:23 UTC 2018
------------------ testing $PTII/ptolemy/domains/de/test/auto/Modal4.xml
auto.tcl: Setting watchdog for 200 seconds at Fri Sep 28 02:21:23 UTC 2018
15 ms. Memory: 331264K Free: 309129K (93%)
ptolemy.util.test.WatchDog.cancel(): canceling Fri Sep 28 02:21:23 UTC 2018
auto.tcl: Setting watchdog for 200 seconds at Fri Sep 28 02:21:23 UTC 2018
13 ms. Memory: 331264K Free: 305215K (92%)
ptolemy.util.test.WatchDog.cancel(): canceling Fri Sep 28 02:21:23 UTC 2018
------------------ testing $PTII/ptolemy/domains/de/test/auto/Modal5.xml
auto.tcl: Setting watchdog for 200 seconds at Fri Sep 28 02:21:24 UTC 2018
12 ms. Memory: 331264K Free: 309116K (93%)
ptolemy.util.test.WatchDog.cancel(): canceling Fri Sep 28 02:21:24 UTC 2018
auto.tcl: Setting watchdog for 200 seconds at Fri Sep 28 02:21:24 UTC 2018
13 ms. Memory: 331264K Free: 305202K (92%)
ptolemy.util.test.WatchDog.cancel(): canceling Fri Sep 28 02:21:24 UTC 2018
------------------ testing $PTII/ptolemy/domains/de/test/auto/Modal6.xml
auto.tcl: Setting watchdog for 200 seconds at Fri Sep 28 02:21:24 UTC 2018
11 ms. Memory: 331264K Free: 309113K (93%)
ptolemy.util.test.WatchDog.cancel(): canceling Fri Sep 28 02:21:24 UTC 2018
auto.tcl: Setting watchdog for 200 seconds at Fri Sep 28 02:21:24 UTC 2018
12 ms. Memory: 331264K Free: 305200K (92%)
ptolemy.util.test.WatchDog.cancel(): canceling Fri Sep 28 02:21:24 UTC 2018
------------------ testing $PTII/ptolemy/domains/de/test/auto/Modal7.xml
auto.tcl: Setting watchdog for 200 seconds at Fri Sep 28 02:21:24 UTC 2018
19 ms. Memory: 331264K Free: 305200K (92%)
ptolemy.util.test.WatchDog.cancel(): canceling Fri Sep 28 02:21:24 UTC 2018
auto.tcl: Setting watchdog for 200 seconds at Fri Sep 28 02:21:24 UTC 2018
12 ms. Memory: 331264K Free: 305200K (92%)
ptolemy.util.test.WatchDog.cancel(): canceling Fri Sep 28 02:21:24 UTC 2018
------------------ testing $PTII/ptolemy/domains/de/test/auto/ModalModel.xml
auto.tcl: Setting watchdog for 200 seconds at Fri Sep 28 02:21:24 UTC 2018
204 ms. Memory: 331264K Free: 245674K (74%)
ptolemy.util.test.WatchDog.cancel(): canceling Fri Sep 28 02:21:24 UTC 2018
auto.tcl: Setting watchdog for 200 seconds at Fri Sep 28 02:21:24 UTC 2018
177 ms. Memory: 331264K Free: 190776K (58%)
ptolemy.util.test.WatchDog.cancel(): canceling Fri Sep 28 02:21:24 UTC 2018
------------------ testing $PTII/ptolemy/domains/de/test/auto/ModalSource.xml
auto.tcl: Setting watchdog for 200 seconds at Fri Sep 28 02:21:24 UTC 2018
6 ms. Memory: 331264K Free: 316033K (95%)
ptolemy.util.test.WatchDog.cancel(): canceling Fri Sep 28 02:21:24 UTC 2018
auto.tcl: Setting watchdog for 200 seconds at Fri Sep 28 02:21:24 UTC 2018
5 ms. Memory: 331264K Free: 312527K (94%)
ptolemy.util.test.WatchDog.cancel(): canceling Fri Sep 28 02:21:24 UTC 2018
------------------ testing $PTII/ptolemy/domains/de/test/auto/NonInterruptibleTimerZeroDelay.xml
auto.tcl: Setting watchdog for 200 seconds at Fri Sep 28 02:21:24 UTC 2018
3 ms. Memory: 331264K Free: 320177K (97%)
ptolemy.util.test.WatchDog.cancel(): canceling Fri Sep 28 02:21:24 UTC 2018
auto.tcl: Setting watchdog for 200 seconds at Fri Sep 28 02:21:24 UTC 2018
2 ms. Memory: 331264K Free: 316671K (96%)
ptolemy.util.test.WatchDog.cancel(): canceling Fri Sep 28 02:21:24 UTC 2018
------------------ testing $PTII/ptolemy/domains/de/test/auto/OpenQueueingNetwork.xml
auto.tcl: Setting watchdog for 200 seconds at Fri Sep 28 02:21:25 UTC 2018
2458 ms. Memory: 573952K Free: 409360K (71%)
ptolemy.util.test.WatchDog.cancel(): canceling Fri Sep 28 02:21:27 UTC 2018
auto.tcl: Setting watchdog for 200 seconds at Fri Sep 28 02:21:27 UTC 2018
2344 ms. Memory: 550912K Free: 302435K (55%)
ptolemy.util.test.WatchDog.cancel(): canceling Fri Sep 28 02:21:29 UTC 2018
------------------ testing $PTII/ptolemy/domains/de/test/auto/OpenQueuingNetwork.xml
auto.tcl: Setting watchdog for 200 seconds at Fri Sep 28 02:21:30 UTC 2018
223 ms. Memory: 549888K Free: 444089K (81%)
ptolemy.util.test.WatchDog.cancel(): canceling Fri Sep 28 02:21:30 UTC 2018
auto.tcl: Setting watchdog for 200 seconds at Fri Sep 28 02:21:30 UTC 2018
220 ms. Memory: 549888K Free: 383870K (70%)
ptolemy.util.test.WatchDog.cancel(): canceling Fri Sep 28 02:21:30 UTC 2018
------------------ testing $PTII/ptolemy/domains/de/test/auto/PeriodicSampler.xml
auto.tcl: Setting watchdog for 200 seconds at Fri Sep 28 02:21:30 UTC 2018
3 ms. Memory: 551936K Free: 529899K (96%)
ptolemy.util.test.WatchDog.cancel(): canceling Fri Sep 28 02:21:30 UTC 2018
auto.tcl: Setting watchdog for 200 seconds at Fri Sep 28 02:21:30 UTC 2018
2 ms. Memory: 551936K Free: 529899K (96%)
ptolemy.util.test.WatchDog.cancel(): canceling Fri Sep 28 02:21:30 UTC 2018
------------------ testing $PTII/ptolemy/domains/de/test/auto/PersistentIO.xml
auto.tcl: Setting watchdog for 200 seconds at Fri Sep 28 02:21:30 UTC 2018
12 ms. Memory: 549376K Free: 521468K (95%)
ptolemy.util.test.WatchDog.cancel(): canceling Fri Sep 28 02:21:30 UTC 2018
auto.tcl: Setting watchdog for 200 seconds at Fri Sep 28 02:21:30 UTC 2018
4 ms. Memory: 549376K Free: 521468K (95%)
ptolemy.util.test.WatchDog.cancel(): canceling Fri Sep 28 02:21:30 UTC 2018
------------------ testing $PTII/ptolemy/domains/de/test/auto/PortParameterResetOnInitialize.xml
auto.tcl: Setting watchdog for 200 seconds at Fri Sep 28 02:21:30 UTC 2018
4 ms. Memory: 551424K Free: 530077K (96%)
ptolemy.util.test.WatchDog.cancel(): canceling Fri Sep 28 02:21:30 UTC 2018
auto.tcl: Setting watchdog for 200 seconds at Fri Sep 28 02:21:30 UTC 2018
2 ms. Memory: 551424K Free: 530077K (96%)
ptolemy.util.test.WatchDog.cancel(): canceling Fri Sep 28 02:21:30 UTC 2018
------------------ testing $PTII/ptolemy/domains/de/test/auto/PortParameterUpdates.xml
auto.tcl: Setting watchdog for 200 seconds at Fri Sep 28 02:21:30 UTC 2018
6 ms. Memory: 549376K Free: 532842K (97%)
ptolemy.util.test.WatchDog.cancel(): canceling Fri Sep 28 02:21:30 UTC 2018
auto.tcl: Setting watchdog for 200 seconds at Fri Sep 28 02:21:30 UTC 2018
3 ms. Memory: 549376K Free: 526151K (96%)
ptolemy.util.test.WatchDog.cancel(): canceling Fri Sep 28 02:21:30 UTC 2018
------------------ testing $PTII/ptolemy/domains/de/test/auto/QueueAndServer.xml
auto.tcl: Setting watchdog for 200 seconds at Fri Sep 28 02:21:30 UTC 2018
8 ms. Memory: 551424K Free: 534623K (97%)
ptolemy.util.test.WatchDog.cancel(): canceling Fri Sep 28 02:21:30 UTC 2018
auto.tcl: Setting watchdog for 200 seconds at Fri Sep 28 02:21:30 UTC 2018
6 ms. Memory: 551424K Free: 527916K (96%)
ptolemy.util.test.WatchDog.cancel(): canceling Fri Sep 28 02:21:30 UTC 2018
------------------ testing $PTII/ptolemy/domains/de/test/auto/Records.xml
auto.tcl: Setting watchdog for 200 seconds at Fri Sep 28 02:21:30 UTC 2018
7 ms. Memory: 549376K Free: 532518K (97%)
ptolemy.util.test.WatchDog.cancel(): canceling Fri Sep 28 02:21:31 UTC 2018
auto.tcl: Setting watchdog for 200 seconds at Fri Sep 28 02:21:31 UTC 2018
2 ms. Memory: 549376K Free: 532518K (97%)
ptolemy.util.test.WatchDog.cancel(): canceling Fri Sep 28 02:21:31 UTC 2018
------------------ testing $PTII/ptolemy/domains/de/test/auto/ResetTransitionWithStartTime1.xml
auto.tcl: Setting watchdog for 200 seconds at Fri Sep 28 02:21:31 UTC 2018
6 ms. Memory: 551424K Free: 534592K (97%)
ptolemy.util.test.WatchDog.cancel(): canceling Fri Sep 28 02:21:31 UTC 2018
auto.tcl: Setting watchdog for 200 seconds at Fri Sep 28 02:21:31 UTC 2018
6 ms. Memory: 551424K Free: 527897K (96%)
ptolemy.util.test.WatchDog.cancel(): canceling Fri Sep 28 02:21:31 UTC 2018
------------------ testing $PTII/ptolemy/domains/de/test/auto/ResetTransitionWithStartTime2.xml
auto.tcl: Setting watchdog for 200 seconds at Fri Sep 28 02:21:31 UTC 2018
6 ms. Memory: 549376K Free: 526065K (96%)
ptolemy.util.test.WatchDog.cancel(): canceling Fri Sep 28 02:21:31 UTC 2018
auto.tcl: Setting watchdog for 200 seconds at Fri Sep 28 02:21:31 UTC 2018
7 ms. Memory: 549376K Free: 526065K (96%)
ptolemy.util.test.WatchDog.cancel(): canceling Fri Sep 28 02:21:31 UTC 2018
------------------ testing $PTII/ptolemy/domains/de/test/auto/ResetTransitionWithStartTime3.xml
auto.tcl: Setting watchdog for 200 seconds at Fri Sep 28 02:21:31 UTC 2018
8 ms. Memory: 550912K Free: 534299K (97%)
ptolemy.util.test.WatchDog.cancel(): canceling Fri Sep 28 02:21:31 UTC 2018
auto.tcl: Setting watchdog for 200 seconds at Fri Sep 28 02:21:31 UTC 2018
9 ms. Memory: 550912K Free: 527378K (96%)
ptolemy.util.test.WatchDog.cancel(): canceling Fri Sep 28 02:21:31 UTC 2018
------------------ testing $PTII/ptolemy/domains/de/test/auto/ResetTransitionWithStartTime4.xml
auto.tcl: Setting watchdog for 200 seconds at Fri Sep 28 02:21:31 UTC 2018
4 ms. Memory: 549376K Free: 525824K (96%)
ptolemy.util.test.WatchDog.cancel(): canceling Fri Sep 28 02:21:31 UTC 2018
auto.tcl: Setting watchdog for 200 seconds at Fri Sep 28 02:21:31 UTC 2018
4 ms. Memory: 549376K Free: 525824K (96%)
ptolemy.util.test.WatchDog.cancel(): canceling Fri Sep 28 02:21:31 UTC 2018
------------------ testing $PTII/ptolemy/domains/de/test/auto/ResettableTimer1.xml
auto.tcl: Setting watchdog for 200 seconds at Fri Sep 28 02:21:31 UTC 2018
3 ms. Memory: 550912K Free: 534062K (97%)
ptolemy.util.test.WatchDog.cancel(): canceling Fri Sep 28 02:21:31 UTC 2018
auto.tcl: Setting watchdog for 200 seconds at Fri Sep 28 02:21:31 UTC 2018
3 ms. Memory: 550912K Free: 534062K (97%)
ptolemy.util.test.WatchDog.cancel(): canceling Fri Sep 28 02:21:31 UTC 2018
------------------ testing $PTII/ptolemy/domains/de/test/auto/ResettableTimer2.xml
auto.tcl: Setting watchdog for 200 seconds at Fri Sep 28 02:21:31 UTC 2018
5 ms. Memory: 549376K Free: 532814K (97%)
ptolemy.util.test.WatchDog.cancel(): canceling Fri Sep 28 02:21:31 UTC 2018
auto.tcl: Setting watchdog for 200 seconds at Fri Sep 28 02:21:31 UTC 2018
2 ms. Memory: 549376K Free: 532814K (97%)
ptolemy.util.test.WatchDog.cancel(): canceling Fri Sep 28 02:21:31 UTC 2018
------------------ testing $PTII/ptolemy/domains/de/test/auto/ResettableTimer3.xml
auto.tcl: Setting watchdog for 200 seconds at Fri Sep 28 02:21:31 UTC 2018
1 ms. Memory: 550912K Free: 534120K (97%)
ptolemy.util.test.WatchDog.cancel(): canceling Fri Sep 28 02:21:31 UTC 2018
auto.tcl: Setting watchdog for 200 seconds at Fri Sep 28 02:21:31 UTC 2018
1 ms. Memory: 550912K Free: 534120K (97%)
ptolemy.util.test.WatchDog.cancel(): canceling Fri Sep 28 02:21:31 UTC 2018
------------------ testing $PTII/ptolemy/domains/de/test/auto/ResettableTimer4.xml
auto.tcl: Setting watchdog for 200 seconds at Fri Sep 28 02:21:31 UTC 2018
1 ms. Memory: 549376K Free: 532827K (97%)
ptolemy.util.test.WatchDog.cancel(): canceling Fri Sep 28 02:21:31 UTC 2018
auto.tcl: Setting watchdog for 200 seconds at Fri Sep 28 02:21:31 UTC 2018
1 ms. Memory: 549376K Free: 532827K (97%)
ptolemy.util.test.WatchDog.cancel(): canceling Fri Sep 28 02:21:31 UTC 2018
------------------ testing $PTII/ptolemy/domains/de/test/auto/ResettableTimer5.xml
auto.tcl: Setting watchdog for 200 seconds at Fri Sep 28 02:21:31 UTC 2018
1 ms. Memory: 550400K Free: 529170K (96%)
ptolemy.util.test.WatchDog.cancel(): canceling Fri Sep 28 02:21:31 UTC 2018
auto.tcl: Setting watchdog for 200 seconds at Fri Sep 28 02:21:31 UTC 2018
2 ms. Memory: 550400K Free: 529170K (96%)
ptolemy.util.test.WatchDog.cancel(): canceling Fri Sep 28 02:21:31 UTC 2018
------------------ testing $PTII/ptolemy/domains/de/test/auto/ResettableTimer6.xml
auto.tcl: Setting watchdog for 200 seconds at Fri Sep 28 02:21:31 UTC 2018
1 ms. Memory: 549376K Free: 527865K (96%)
ptolemy.util.test.WatchDog.cancel(): canceling Fri Sep 28 02:21:31 UTC 2018
auto.tcl: Setting watchdog for 200 seconds at Fri Sep 28 02:21:31 UTC 2018
2 ms. Memory: 549376K Free: 527865K (96%)
ptolemy.util.test.WatchDog.cancel(): canceling Fri Sep 28 02:21:31 UTC 2018
------------------ testing $PTII/ptolemy/domains/de/test/auto/ServerZeroDelay.xml
auto.tcl: Setting watchdog for 200 seconds at Fri Sep 28 02:21:31 UTC 2018
4 ms. Memory: 550400K Free: 533789K (97%)
ptolemy.util.test.WatchDog.cancel(): canceling Fri Sep 28 02:21:31 UTC 2018
auto.tcl: Setting watchdog for 200 seconds at Fri Sep 28 02:21:31 UTC 2018
2 ms. Memory: 550400K Free: 533789K (97%)
ptolemy.util.test.WatchDog.cancel(): canceling Fri Sep 28 02:21:31 UTC 2018
------------------ testing $PTII/ptolemy/domains/de/test/auto/SmartSender.xml
auto.tcl: Setting watchdog for 200 seconds at Fri Sep 28 02:21:31 UTC 2018
3002 ms. Memory: 549376K Free: 528080K (96%)
ptolemy.util.test.WatchDog.cancel(): canceling Fri Sep 28 02:21:34 UTC 2018
auto.tcl: Setting watchdog for 200 seconds at Fri Sep 28 02:21:34 UTC 2018
3002 ms. Memory: 549376K Free: 528080K (96%)
ptolemy.util.test.WatchDog.cancel(): canceling Fri Sep 28 02:21:37 UTC 2018
------------------ testing $PTII/ptolemy/domains/de/test/auto/ThreadedComposite.xml
auto.tcl: Setting watchdog for 200 seconds at Fri Sep 28 02:21:37 UTC 2018
218 ms. Memory: 550400K Free: 503479K (91%)
ptolemy.util.test.WatchDog.cancel(): canceling Fri Sep 28 02:21:38 UTC 2018
auto.tcl: Setting watchdog for 200 seconds at Fri Sep 28 02:21:38 UTC 2018
189 ms. Memory: 550400K Free: 478061K (87%)
ptolemy.util.test.WatchDog.cancel(): canceling Fri Sep 28 02:21:38 UTC 2018
------------------ testing $PTII/ptolemy/domains/de/test/auto/Time.xml
auto.tcl: Setting watchdog for 200 seconds at Fri Sep 28 02:21:38 UTC 2018
464 ms. Memory: 549376K Free: 480778K (88%)
ptolemy.util.test.WatchDog.cancel(): canceling Fri Sep 28 02:21:38 UTC 2018
auto.tcl: Setting watchdog for 200 seconds at Fri Sep 28 02:21:38 UTC 2018
429 ms. Memory: 549376K Free: 427250K (78%)
ptolemy.util.test.WatchDog.cancel(): canceling Fri Sep 28 02:21:39 UTC 2018
------------------ testing $PTII/ptolemy/domains/de/test/auto/TimeDelayZeroDelay.xml
auto.tcl: Setting watchdog for 200 seconds at Fri Sep 28 02:21:39 UTC 2018
2 ms. Memory: 550400K Free: 533476K (97%)
ptolemy.util.test.WatchDog.cancel(): canceling Fri Sep 28 02:21:39 UTC 2018
auto.tcl: Setting watchdog for 200 seconds at Fri Sep 28 02:21:39 UTC 2018
2 ms. Memory: 550400K Free: 533476K (97%)
ptolemy.util.test.WatchDog.cancel(): canceling Fri Sep 28 02:21:39 UTC 2018
------------------ testing $PTII/ptolemy/domains/de/test/auto/TimerZeroDelay.xml
auto.tcl: Setting watchdog for 200 seconds at Fri Sep 28 02:21:39 UTC 2018
4 ms. Memory: 549376K Free: 532726K (97%)
ptolemy.util.test.WatchDog.cancel(): canceling Fri Sep 28 02:21:39 UTC 2018
auto.tcl: Setting watchdog for 200 seconds at Fri Sep 28 02:21:39 UTC 2018
2 ms. Memory: 549376K Free: 532726K (97%)
ptolemy.util.test.WatchDog.cancel(): canceling Fri Sep 28 02:21:39 UTC 2018
------------------ testing $PTII/ptolemy/domains/de/test/auto/TimingParadox.xml
auto.tcl: Setting watchdog for 200 seconds at Fri Sep 28 02:21:39 UTC 2018
332 ms. Memory: 549888K Free: 466763K (85%)
ptolemy.util.test.WatchDog.cancel(): canceling Fri Sep 28 02:21:39 UTC 2018
auto.tcl: Setting watchdog for 200 seconds at Fri Sep 28 02:21:39 UTC 2018
289 ms. Memory: 549888K Free: 433309K (79%)
ptolemy.util.test.WatchDog.cancel(): canceling Fri Sep 28 02:21:40 UTC 2018
------------------ testing $PTII/ptolemy/domains/de/test/auto/TransferInputs.xml
auto.tcl: Setting watchdog for 200 seconds at Fri Sep 28 02:21:40 UTC 2018
2 ms. Memory: 549888K Free: 532141K (97%)
ptolemy.util.test.WatchDog.cancel(): canceling Fri Sep 28 02:21:40 UTC 2018
auto.tcl: Setting watchdog for 200 seconds at Fri Sep 28 02:21:40 UTC 2018
2 ms. Memory: 549888K Free: 532141K (97%)
ptolemy.util.test.WatchDog.cancel(): canceling Fri Sep 28 02:21:40 UTC 2018
------------------ testing $PTII/ptolemy/domains/de/test/auto/TransferOutputs2.xml
auto.tcl: Setting watchdog for 200 seconds at Fri Sep 28 02:21:40 UTC 2018
5 ms. Memory: 549376K Free: 526033K (96%)
ptolemy.util.test.WatchDog.cancel(): canceling Fri Sep 28 02:21:40 UTC 2018
auto.tcl: Setting watchdog for 200 seconds at Fri Sep 28 02:21:40 UTC 2018
3 ms. Memory: 549376K Free: 526033K (96%)
ptolemy.util.test.WatchDog.cancel(): canceling Fri Sep 28 02:21:40 UTC 2018
------------------ testing $PTII/ptolemy/domains/de/test/auto/Trilateration.xml
auto.tcl: Setting watchdog for 200 seconds at Fri Sep 28 02:21:40 UTC 2018
12760 ms. Memory: 453632K Free: 109899K (24%)
ptolemy.util.test.WatchDog.cancel(): canceling Fri Sep 28 02:21:54 UTC 2018
auto.tcl: Setting watchdog for 200 seconds at Fri Sep 28 02:21:54 UTC 2018
10429 ms. Memory: 331264K Free: 220600K (67%)
ptolemy.util.test.WatchDog.cancel(): canceling Fri Sep 28 02:22:04 UTC 2018
------------------ testing $PTII/ptolemy/domains/de/test/auto/TwoSigmaDelta.xml
auto.tcl: Setting watchdog for 200 seconds at Fri Sep 28 02:22:04 UTC 2018
2693 ms. Memory: 320000K Free: 257078K (80%)
ptolemy.util.test.WatchDog.cancel(): canceling Fri Sep 28 02:22:07 UTC 2018
auto.tcl: Setting watchdog for 200 seconds at Fri Sep 28 02:22:07 UTC 2018
2023 ms. Memory: 307712K Free: 250665K (81%)
ptolemy.util.test.WatchDog.cancel(): canceling Fri Sep 28 02:22:09 UTC 2018
------------------ testing $PTII/ptolemy/domains/de/test/auto/VariableDelay.xml
auto.tcl: Setting watchdog for 200 seconds at Fri Sep 28 02:22:09 UTC 2018
7 ms. Memory: 309760K Free: 292884K (95%)
ptolemy.util.test.WatchDog.cancel(): canceling Fri Sep 28 02:22:09 UTC 2018
auto.tcl: Setting watchdog for 200 seconds at Fri Sep 28 02:22:09 UTC 2018
2 ms. Memory: 309760K Free: 292884K (95%)
ptolemy.util.test.WatchDog.cancel(): canceling Fri Sep 28 02:22:09 UTC 2018
------------------ testing $PTII/ptolemy/domains/de/test/auto/VariableDelay2.xml
auto.tcl: Setting watchdog for 200 seconds at Fri Sep 28 02:22:09 UTC 2018
7 ms. Memory: 307712K Free: 293506K (95%)
ptolemy.util.test.WatchDog.cancel(): canceling Fri Sep 28 02:22:09 UTC 2018
auto.tcl: Setting watchdog for 200 seconds at Fri Sep 28 02:22:09 UTC 2018
2 ms. Memory: 307712K Free: 293506K (95%)
ptolemy.util.test.WatchDog.cancel(): canceling Fri Sep 28 02:22:09 UTC 2018
------------------ testing $PTII/ptolemy/domains/de/test/auto/VariableDelayZeroDelay.xml
auto.tcl: Setting watchdog for 200 seconds at Fri Sep 28 02:22:09 UTC 2018
2 ms. Memory: 309248K Free: 296052K (96%)
ptolemy.util.test.WatchDog.cancel(): canceling Fri Sep 28 02:22:09 UTC 2018
auto.tcl: Setting watchdog for 200 seconds at Fri Sep 28 02:22:09 UTC 2018
2 ms. Memory: 309248K Free: 292777K (95%)
ptolemy.util.test.WatchDog.cancel(): canceling Fri Sep 28 02:22:09 UTC 2018
------------------ testing $PTII/ptolemy/domains/de/test/auto/VariableDelayZeroDelay2.xml
auto.tcl: Setting watchdog for 200 seconds at Fri Sep 28 02:22:09 UTC 2018
2 ms. Memory: 307712K Free: 293503K (95%)
ptolemy.util.test.WatchDog.cancel(): canceling Fri Sep 28 02:22:09 UTC 2018
auto.tcl: Setting watchdog for 200 seconds at Fri Sep 28 02:22:09 UTC 2018
2 ms. Memory: 307712K Free: 293503K (95%)
ptolemy.util.test.WatchDog.cancel(): canceling Fri Sep 28 02:22:09 UTC 2018
------------------ testing $PTII/ptolemy/domains/de/test/auto/deInCt.xml
auto.tcl: Setting watchdog for 200 seconds at Fri Sep 28 02:22:09 UTC 2018
0
1
1
1
0
0
0
1
1
1
0
0
1
1
1
0
0
0
0
1
1
1
1
0
0
0
0
1
1
1
0
0
0
0
1
1
1
1
1
19 ms. Memory: 309248K Free: 292781K (95%)
ptolemy.util.test.WatchDog.cancel(): canceling Fri Sep 28 02:22:10 UTC 2018
auto.tcl: Setting watchdog for 200 seconds at Fri Sep 28 02:22:10 UTC 2018
0
1
1
1
0
0
0
1
1
1
0
0
0
0
1
1
1
0
0
0
1
1
1
0
0
0
1
1
1
0
0
0
0
1
1
1
1
0
0
0
0
1
1
1
1
6 ms. Memory: 309248K Free: 292781K (95%)
ptolemy.util.test.WatchDog.cancel(): canceling Fri Sep 28 02:22:10 UTC 2018
------------------ testing $PTII/ptolemy/domains/de/test/auto/deInCt2.xml
auto.tcl: Setting watchdog for 200 seconds at Fri Sep 28 02:22:10 UTC 2018
0
1
1
1
0
0
1
1
1
0
0
1
1
1
0
0
1
1
1
0
0
1
1
1
0
0
1
1
1
0
0
1
1
1
0
0
1
1
1
0
0
0
5 ms. Memory: 307712K Free: 293500K (95%)
ptolemy.util.test.WatchDog.cancel(): canceling Fri Sep 28 02:22:10 UTC 2018
auto.tcl: Setting watchdog for 200 seconds at Fri Sep 28 02:22:10 UTC 2018
0
1
1
1
0
0
1
1
1
0
0
1
1
1
0
0
1
1
1
0
0
1
1
1
0
0
1
1
1
0
0
1
1
1
0
0
1
1
1
0
0
0
5 ms. Memory: 307712K Free: 293500K (95%)
ptolemy.util.test.WatchDog.cancel(): canceling Fri Sep 28 02:22:10 UTC 2018
------------------ testing $PTII/ptolemy/domains/de/test/auto/dynamicCausalityInterface1.xml
auto.tcl: Setting watchdog for 200 seconds at Fri Sep 28 02:22:10 UTC 2018
1 ms. Memory: 308736K Free: 291261K (94%)
ptolemy.util.test.WatchDog.cancel(): canceling Fri Sep 28 02:22:10 UTC 2018
auto.tcl: Setting watchdog for 200 seconds at Fri Sep 28 02:22:10 UTC 2018
1 ms. Memory: 308736K Free: 288003K (93%)
ptolemy.util.test.WatchDog.cancel(): canceling Fri Sep 28 02:22:10 UTC 2018
------------------ testing $PTII/ptolemy/domains/de/test/auto/fsm_de_test.xml
auto.tcl: Setting watchdog for 200 seconds at Fri Sep 28 02:22:10 UTC 2018
12 ms. Memory: 307712K Free: 287885K (94%)
ptolemy.util.test.WatchDog.cancel(): canceling Fri Sep 28 02:22:10 UTC 2018
auto.tcl: Setting watchdog for 200 seconds at Fri Sep 28 02:22:10 UTC 2018
5 ms. Memory: 307712K Free: 284611K (92%)
ptolemy.util.test.WatchDog.cancel(): canceling Fri Sep 28 02:22:10 UTC 2018
------------------ testing $PTII/ptolemy/domains/de/test/auto/functionDependencyReconstruction.xml
auto.tcl: Setting watchdog for 200 seconds at Fri Sep 28 02:22:10 UTC 2018
3 ms. Memory: 308736K Free: 282351K (91%)
ptolemy.util.test.WatchDog.cancel(): canceling Fri Sep 28 02:22:10 UTC 2018
auto.tcl: Setting watchdog for 200 seconds at Fri Sep 28 02:22:10 UTC 2018
3 ms. Memory: 308736K Free: 279093K (90%)
ptolemy.util.test.WatchDog.cancel(): canceling Fri Sep 28 02:22:10 UTC 2018
------------------ testing $PTII/ptolemy/domains/de/test/auto/multirate.xml
auto.tcl: Setting watchdog for 200 seconds at Fri Sep 28 02:22:10 UTC 2018
6 ms. Memory: 307712K Free: 290995K (95%)
ptolemy.util.test.WatchDog.cancel(): canceling Fri Sep 28 02:22:10 UTC 2018
auto.tcl: Setting watchdog for 200 seconds at Fri Sep 28 02:22:10 UTC 2018
3 ms. Memory: 307712K Free: 287721K (94%)
ptolemy.util.test.WatchDog.cancel(): canceling Fri Sep 28 02:22:10 UTC 2018
------------------ testing $PTII/ptolemy/domains/de/test/auto/multirate2.xml
auto.tcl: Setting watchdog for 200 seconds at Fri Sep 28 02:22:10 UTC 2018
3 ms. Memory: 308736K Free: 292223K (95%)
ptolemy.util.test.WatchDog.cancel(): canceling Fri Sep 28 02:22:10 UTC 2018
auto.tcl: Setting watchdog for 200 seconds at Fri Sep 28 02:22:10 UTC 2018
3 ms. Memory: 308736K Free: 288949K (94%)
ptolemy.util.test.WatchDog.cancel(): canceling Fri Sep 28 02:22:10 UTC 2018
------------------ testing $PTII/ptolemy/domains/de/test/auto/realtime.xml
auto.tcl: Setting watchdog for 200 seconds at Fri Sep 28 02:22:10 UTC 2018
10003 ms. Memory: 307712K Free: 291189K (95%)
ptolemy.util.test.WatchDog.cancel(): canceling Fri Sep 28 02:22:20 UTC 2018
auto.tcl: Setting watchdog for 200 seconds at Fri Sep 28 02:22:20 UTC 2018
10001 ms. Memory: 307712K Free: 291189K (95%)
ptolemy.util.test.WatchDog.cancel(): canceling Fri Sep 28 02:22:30 UTC 2018
------------------ testing $PTII/ptolemy/domains/de/test/auto/relationGroup.xml
auto.tcl: Setting watchdog for 200 seconds at Fri Sep 28 02:22:30 UTC 2018
1 ms. Memory: 308224K Free: 294994K (96%)
ptolemy.util.test.WatchDog.cancel(): canceling Fri Sep 28 02:22:30 UTC 2018
auto.tcl: Setting watchdog for 200 seconds at Fri Sep 28 02:22:30 UTC 2018
2 ms. Memory: 308224K Free: 291736K (95%)
ptolemy.util.test.WatchDog.cancel(): canceling Fri Sep 28 02:22:30 UTC 2018
------------------ testing $PTII/ptolemy/domains/de/test/auto/relationGroup2.xml
auto.tcl: Setting watchdog for 200 seconds at Fri Sep 28 02:22:30 UTC 2018
1 ms. Memory: 307712K Free: 294509K (96%)
ptolemy.util.test.WatchDog.cancel(): canceling Fri Sep 28 02:22:30 UTC 2018
auto.tcl: Setting watchdog for 200 seconds at Fri Sep 28 02:22:30 UTC 2018
2 ms. Memory: 307712K Free: 294509K (96%)
ptolemy.util.test.WatchDog.cancel(): canceling Fri Sep 28 02:22:30 UTC 2018
------------------ testing $PTII/ptolemy/domains/de/test/auto/sortWithOpaquePorts.xml
auto.tcl: Setting watchdog for 200 seconds at Fri Sep 28 02:22:30 UTC 2018
2 ms. Memory: 308224K Free: 291763K (95%)
ptolemy.util.test.WatchDog.cancel(): canceling Fri Sep 28 02:22:30 UTC 2018
auto.tcl: Setting watchdog for 200 seconds at Fri Sep 28 02:22:30 UTC 2018
2 ms. Memory: 308224K Free: 291763K (95%)
ptolemy.util.test.WatchDog.cancel(): canceling Fri Sep 28 02:22:30 UTC 2018
------------------ testing $PTII/ptolemy/domains/de/test/auto/transferInputsandOutputs.xml
auto.tcl: Setting watchdog for 200 seconds at Fri Sep 28 02:22:30 UTC 2018
2 ms. Memory: 307712K Free: 291222K (95%)
ptolemy.util.test.WatchDog.cancel(): canceling Fri Sep 28 02:22:30 UTC 2018
auto.tcl: Setting watchdog for 200 seconds at Fri Sep 28 02:22:30 UTC 2018
2 ms. Memory: 307712K Free: 287964K (94%)
ptolemy.util.test.WatchDog.cancel(): canceling Fri Sep 28 02:22:30 UTC 2018
------------------ testing $PTII/ptolemy/domains/de/test/auto/triggerType.xml
auto.tcl: Setting watchdog for 200 seconds at Fri Sep 28 02:22:30 UTC 2018
3 ms. Memory: 308224K Free: 291685K (95%)
ptolemy.util.test.WatchDog.cancel(): canceling Fri Sep 28 02:22:30 UTC 2018
auto.tcl: Setting watchdog for 200 seconds at Fri Sep 28 02:22:30 UTC 2018
1 ms. Memory: 308224K Free: 291685K (95%)
ptolemy.util.test.WatchDog.cancel(): canceling Fri Sep 28 02:22:30 UTC 2018
09/28/18 02:22:30
Failed: 0  Total Tests: 192  ((Passed: 187, Newly Passed: 1)  Known Failed: 5) /home/travis/build/icyphy/ptII/ptolemy/domains/de/test
09/28/18 02:22:30
Failed: 0  Total Tests: 192  ((Passed: 187, Newly Passed: 1)  Known Failed: 5) /home/travis/build/icyphy/ptII/ptolemy/domains/de/test
----------------- testing (KnownFailure) /home/travis/build/icyphy/ptII/ptolemy/domains/de/test/auto/knownFailedTests/DESDFClockTest.xml
2016 ms. Memory: 307712K Free: 285433K (93%)
Known Failure: java.lang.reflect.InvocationTargetException
----------------- testing (KnownFailure) /home/travis/build/icyphy/ptII/ptolemy/domains/de/test/auto/knownFailedTests/DirectFeedback.xml
3 ms. Memory: 307712K Free: 267320K (87%)
Known Failure: java.lang.reflect.InvocationTargetException
----------------- testing (KnownFailure) /home/travis/build/icyphy/ptII/ptolemy/domains/de/test/auto/knownFailedTests/FSMSource.xml
11 ms. Memory: 307712K Free: 244673K (80%)
----------------- testing (KnownFailure) /home/travis/build/icyphy/ptII/ptolemy/domains/de/test/auto/knownFailedTests/HierarchicalModel.xml
3 ms. Memory: 307712K Free: 222011K (72%)
Known Failure: java.lang.reflect.InvocationTargetException
----------------- testing (KnownFailure) /home/travis/build/icyphy/ptII/ptolemy/domains/de/test/auto/knownFailedTests/dependencyLoop.xml
3 ms. Memory: 307712K Free: 190296K (62%)
Known Failure: java.lang.reflect.InvocationTargetException
----------------- testing (KnownFailure) /home/travis/build/icyphy/ptII/ptolemy/domains/de/test/auto/knownFailedTests/dependencyLoop2.xml
3 ms. Memory: 307712K Free: 158581K (52%)
Known Failure: java.lang.reflect.InvocationTargetException
No auto/linux-amd64/*.xml tests in /home/travis/build/icyphy/ptII/ptolemy/domains/de/test
AutoTests.java: About to close Vertx.
AutoTests.java: Vertx closed.

===========================================================================================
----------------- testing Fri Sep 28 02:22:33 UTC 2018 /home/travis/build/icyphy/ptII/ptolemy/domains/de/test/auto/ActorDepthCalculation_actorWithoutPorts.xml
----------------- Instantiating /home/travis/build/icyphy/ptII/ptolemy/domains/de/test/auto/ActorDepthCalculation_actorWithoutPorts.xml
2 ms. Memory: 307712K Free: 131408K (43%)
----------------- Invoking toplevel() on ptolemy.moml.MoMLSimpleApplication@26ae6f5b
----------------- Done invoking toplevel() on ptolemy.moml.MoMLSimpleApplication@26ae6f5b
reloadAllAccessors: .ActorDepthCalculation_actorWithoutPorts

===========================================================================================
----------------- testing Fri Sep 28 02:22:33 UTC 2018 /home/travis/build/icyphy/ptII/ptolemy/domains/de/test/auto/AssemblyLine.xml
----------------- Instantiating /home/travis/build/icyphy/ptII/ptolemy/domains/de/test/auto/AssemblyLine.xml
4 ms. Memory: 307712K Free: 117830K (38%)
----------------- Invoking toplevel() on ptolemy.moml.MoMLSimpleApplication@114741a9
----------------- Done invoking toplevel() on ptolemy.moml.MoMLSimpleApplication@114741a9
reloadAllAccessors: .AssemblyLine

===========================================================================================
----------------- testing Fri Sep 28 02:22:33 UTC 2018 /home/travis/build/icyphy/ptII/ptolemy/domains/de/test/auto/CQBug1.xml
----------------- Instantiating /home/travis/build/icyphy/ptII/ptolemy/domains/de/test/auto/CQBug1.xml
0 ms. Memory: 307712K Free: 108778K (35%)
----------------- Invoking toplevel() on ptolemy.moml.MoMLSimpleApplication@37e673f
----------------- Done invoking toplevel() on ptolemy.moml.MoMLSimpleApplication@37e673f
reloadAllAccessors: .CQBug1

===========================================================================================
----------------- testing Fri Sep 28 02:22:33 UTC 2018 /home/travis/build/icyphy/ptII/ptolemy/domains/de/test/auto/CancelFireAt.xml
----------------- Instantiating /home/travis/build/icyphy/ptII/ptolemy/domains/de/test/auto/CancelFireAt.xml
0 ms. Memory: 307712K Free: 99725K (32%)
----------------- Invoking toplevel() on ptolemy.moml.MoMLSimpleApplication@4915f8c8
----------------- Done invoking toplevel() on ptolemy.moml.MoMLSimpleApplication@4915f8c8
reloadAllAccessors: .CancelFireAt

===========================================================================================
----------------- testing Fri Sep 28 02:22:33 UTC 2018 /home/travis/build/icyphy/ptII/ptolemy/domains/de/test/auto/CausalityAndComposabilityAnalysis.xml
----------------- Instantiating /home/travis/build/icyphy/ptII/ptolemy/domains/de/test/auto/CausalityAndComposabilityAnalysis.xml
1 ms. Memory: 307712K Free: 90673K (29%)
----------------- Invoking toplevel() on ptolemy.moml.MoMLSimpleApplication@742e7b0d
----------------- Done invoking toplevel() on ptolemy.moml.MoMLSimpleApplication@742e7b0d
reloadAllAccessors: .CausalityAndComposabilityAnalysis

===========================================================================================
----------------- testing Fri Sep 28 02:22:33 UTC 2018 /home/travis/build/icyphy/ptII/ptolemy/domains/de/test/auto/CausalityInterface1.xml
----------------- Instantiating /home/travis/build/icyphy/ptII/ptolemy/domains/de/test/auto/CausalityInterface1.xml
3 ms. Memory: 307712K Free: 78362K (25%)
----------------- Invoking toplevel() on ptolemy.moml.MoMLSimpleApplication@dc26206
----------------- Done invoking toplevel() on ptolemy.moml.MoMLSimpleApplication@dc26206
reloadAllAccessors: .CausalityInterface1

===========================================================================================
----------------- testing Fri Sep 28 02:22:33 UTC 2018 /home/travis/build/icyphy/ptII/ptolemy/domains/de/test/auto/CausalityInterface15.xml
----------------- Instantiating /home/travis/build/icyphy/ptII/ptolemy/domains/de/test/auto/CausalityInterface15.xml
2 ms. Memory: 298496K Free: 286053K (96%)
----------------- Invoking toplevel() on ptolemy.moml.MoMLSimpleApplication@286c5af2
----------------- Done invoking toplevel() on ptolemy.moml.MoMLSimpleApplication@286c5af2
reloadAllAccessors: .CausalityInterface15

[...]
java.lang.RuntimeException: Execution failed
	at ptolemy.moml.MoMLSimpleApplication$UnloadThread.run(MoMLSimpleApplication.java:402)
Caused by: ptolemy.kernel.util.IllegalActionException: Test fails in iteration 1.
Value was: 1.0. Should have been: 2.0
  in .DirectFeedback.Test
	at ptolemy.actor.lib.Test.fire(Test.java:268)
	at ptolemy.domains.de.kernel.DEDirector._fire(DEDirector.java:1949)
	at ptolemy.domains.de.kernel.DEDirector.fire(DEDirector.java:502)
	at ptolemy.actor.CompositeActor.fire(CompositeActor.java:455)
	at ptolemy.actor.Manager.iterate(Manager.java:851)
	at ptolemy.actor.Manager.execute(Manager.java:369)
	at ptolemy.actor.Manager.run(Manager.java:1263)
	at ptolemy.actor.Manager$PtolemyRunThread.run(Manager.java:1915)
java.lang.RuntimeException: Execution failed
	at ptolemy.moml.MoMLSimpleApplication$UnloadThread.run(MoMLSimpleApplication.java:402)
Caused by: ptolemy.kernel.util.IllegalActionException: Actor is not ready to fire.  Perhaps UpSample.prefire() returned false? Try debugging the actor by selecting "Listen to Actor".  Also, for SDF check moml for tokenConsumptionRate on input.
  in .DESDFClockTest.Play Bell.Copy1:SDF Director and .DESDFClockTest.Play Bell.UpSample
	at ptolemy.actor.sched.StaticSchedulingDirector.fire(StaticSchedulingDirector.java:227)
	at ptolemy.domains.sdf.kernel.SDFDirector.fire(SDFDirector.java:500)
	at ptolemy.actor.CompositeActor.fire(CompositeActor.java:455)
	at ptolemy.domains.de.kernel.DEDirector._fire(DEDirector.java:1949)
	at ptolemy.domains.de.kernel.DEDirector.fire(DEDirector.java:502)
	at ptolemy.actor.CompositeActor.fire(CompositeActor.java:455)
	at ptolemy.actor.Manager.iterate(Manager.java:851)
	at ptolemy.actor.Manager.execute(Manager.java:369)
	at ptolemy.actor.Manager.run(Manager.java:1263)
	at ptolemy.actor.Manager$PtolemyRunThread.run(Manager.java:1915)
java.lang.reflect.InvocationTargetException
	at sun.reflect.NativeConstructorAccessorImpl.newInstance0(Native Method)
	at sun.reflect.NativeConstructorAccessorImpl.newInstance(NativeConstructorAccessorImpl.java:62)
	at sun.reflect.DelegatingConstructorAccessorImpl.newInstance(DelegatingConstructorAccessorImpl.java:45)
	at java.lang.reflect.Constructor.newInstance(Constructor.java:423)
	at ptolemy.util.test.junit.AutoKnownFailedTests.RunModel(AutoKnownFailedTests.java:107)
	at sun.reflect.NativeMethodAccessorImpl.invoke0(Native Method)
	at sun.reflect.NativeMethodAccessorImpl.invoke(NativeMethodAccessorImpl.java:62)
	at sun.reflect.DelegatingMethodAccessorImpl.invoke(DelegatingMethodAccessorImpl.java:43)
	at java.lang.reflect.Method.invoke(Method.java:498)
	at org.junit.runners.model.FrameworkMethod$1.runReflectiveCall(FrameworkMethod.java:44)
	at org.junit.internal.runners.model.ReflectiveCallable.run(ReflectiveCallable.java:15)
	at org.junit.runners.model.FrameworkMethod.invokeExplosively(FrameworkMethod.java:41)
	at junitparams.internal.InvokeParameterisedMethod.evaluate(InvokeParameterisedMethod.java:102)
	at org.junit.internal.runners.statements.FailOnTimeout$1.run(FailOnTimeout.java:28)
Caused by: ptolemy.kernel.util.IllegalActionException: Actor is not ready to fire.  Perhaps UpSample.prefire() returned false? Try debugging the actor by selecting "Listen to Actor".  Also, for SDF check moml for tokenConsumptionRate on input.
  in .DESDFClockTest.Play Bell.Copy1:SDF Director and .DESDFClockTest.Play Bell.UpSample
	at ptolemy.actor.sched.StaticSchedulingDirector.fire(StaticSchedulingDirector.java:227)
	at ptolemy.domains.sdf.kernel.SDFDirector.fire(SDFDirector.java:500)
	at ptolemy.actor.CompositeActor.fire(CompositeActor.java:455)
	at ptolemy.domains.de.kernel.DEDirector._fire(DEDirector.java:1949)
	at ptolemy.domains.de.kernel.DEDirector.fire(DEDirector.java:502)
	at ptolemy.actor.CompositeActor.fire(CompositeActor.java:455)
	at ptolemy.actor.Manager.iterate(Manager.java:851)
	at ptolemy.actor.Manager.execute(Manager.java:369)
	at ptolemy.actor.Manager.run(Manager.java:1263)
	at ptolemy.actor.Manager$PtolemyRunThread.run(Manager.java:1915)
java.lang.RuntimeException: Execution failed
	at ptolemy.moml.MoMLSimpleApplication$UnloadThread.run(MoMLSimpleApplication.java:402)
Caused by: ptolemy.kernel.util.IllegalActionException: Test fails in iteration 1.
Value was: 1.0. Should have been: 2.0
  in .DirectFeedback.Test
	at ptolemy.actor.lib.Test.fire(Test.java:268)
	at ptolemy.domains.de.kernel.DEDirector._fire(DEDirector.java:1949)
	at ptolemy.domains.de.kernel.DEDirector.fire(DEDirector.java:502)
	at ptolemy.actor.CompositeActor.fire(CompositeActor.java:455)
	at ptolemy.actor.Manager.iterate(Manager.java:851)
	at ptolemy.actor.Manager.execute(Manager.java:369)
	at ptolemy.actor.Manager.run(Manager.java:1263)
	at ptolemy.actor.Manager$PtolemyRunThread.run(Manager.java:1915)
java.lang.reflect.InvocationTargetException
	at sun.reflect.NativeConstructorAccessorImpl.newInstance0(Native Method)
	at sun.reflect.NativeConstructorAccessorImpl.newInstance(NativeConstructorAccessorImpl.java:62)
	at sun.reflect.DelegatingConstructorAccessorImpl.newInstance(DelegatingConstructorAccessorImpl.java:45)
	at java.lang.reflect.Constructor.newInstance(Constructor.java:423)
	at ptolemy.util.test.junit.AutoKnownFailedTests.RunModel(AutoKnownFailedTests.java:107)
	at sun.reflect.NativeMethodAccessorImpl.invoke0(Native Method)
	at sun.reflect.NativeMethodAccessorImpl.invoke(NativeMethodAccessorImpl.java:62)
	at sun.reflect.DelegatingMethodAccessorImpl.invoke(DelegatingMethodAccessorImpl.java:43)
	at java.lang.reflect.Method.invoke(Method.java:498)
	at org.junit.runners.model.FrameworkMethod$1.runReflectiveCall(FrameworkMethod.java:44)
	at org.junit.internal.runners.model.ReflectiveCallable.run(ReflectiveCallable.java:15)
	at org.junit.runners.model.FrameworkMethod.invokeExplosively(FrameworkMethod.java:41)
	at junitparams.internal.InvokeParameterisedMethod.evaluate(InvokeParameterisedMethod.java:102)
	at org.junit.internal.runners.statements.FailOnTimeout$1.run(FailOnTimeout.java:28)
Caused by: ptolemy.kernel.util.IllegalActionException: Test fails in iteration 1.
Value was: 1.0. Should have been: 2.0
  in .DirectFeedback.Test
	at ptolemy.actor.lib.Test.fire(Test.java:268)
	at ptolemy.domains.de.kernel.DEDirector._fire(DEDirector.java:1949)
	at ptolemy.domains.de.kernel.DEDirector.fire(DEDirector.java:502)
	at ptolemy.actor.CompositeActor.fire(CompositeActor.java:455)
	at ptolemy.actor.Manager.iterate(Manager.java:851)
	at ptolemy.actor.Manager.execute(Manager.java:369)
	at ptolemy.actor.Manager.run(Manager.java:1263)
	at ptolemy.actor.Manager$PtolemyRunThread.run(Manager.java:1915)
java.lang.RuntimeException: Execution failed
	at ptolemy.moml.MoMLSimpleApplication$UnloadThread.run(MoMLSimpleApplication.java:402)
Caused by: ptolemy.kernel.util.IllegalActionException: Found a zero delay loop containing .HierarchicalModel.A
  in .HierarchicalModel and .HierarchicalModel.A
	at ptolemy.actor.util.CausalityInterfaceForComposites._computeOutputPortDepth(CausalityInterfaceForComposites.java:759)
	at ptolemy.actor.util.CausalityInterfaceForComposites._computeInputDepth(CausalityInterfaceForComposites.java:696)
	at ptolemy.actor.util.CausalityInterfaceForComposites._computeOutputPortDepth(CausalityInterfaceForComposites.java:765)
	at ptolemy.actor.util.CausalityInterfaceForComposites._computeInputDepth(CausalityInterfaceForComposites.java:696)
	at ptolemy.actor.util.CausalityInterfaceForComposites._computeOutputPortDepth(CausalityInterfaceForComposites.java:765)
	at ptolemy.actor.util.CausalityInterfaceForComposites._computeInputDepth(CausalityInterfaceForComposites.java:696)
	at ptolemy.actor.util.CausalityInterfaceForComposites._computeActorDepth(CausalityInterfaceForComposites.java:532)
	at ptolemy.actor.util.CausalityInterfaceForComposites.checkForCycles(CausalityInterfaceForComposites.java:96)
	at ptolemy.domains.de.kernel.DEDirector.preinitialize(DEDirector.java:1338)
	at ptolemy.actor.CompositeActor.preinitialize(CompositeActor.java:1828)
	at ptolemy.actor.Manager.preinitializeAndResolveTypes(Manager.java:1040)
	at ptolemy.actor.Manager.initialize(Manager.java:710)
	at ptolemy.actor.Manager.execute(Manager.java:356)
	at ptolemy.actor.Manager.run(Manager.java:1263)
	at ptolemy.actor.Manager$PtolemyRunThread.run(Manager.java:1915)
java.lang.reflect.InvocationTargetException
	at sun.reflect.NativeConstructorAccessorImpl.newInstance0(Native Method)
	at sun.reflect.NativeConstructorAccessorImpl.newInstance(NativeConstructorAccessorImpl.java:62)
	at sun.reflect.DelegatingConstructorAccessorImpl.newInstance(DelegatingConstructorAccessorImpl.java:45)
	at java.lang.reflect.Constructor.newInstance(Constructor.java:423)
	at ptolemy.util.test.junit.AutoKnownFailedTests.RunModel(AutoKnownFailedTests.java:107)
	at sun.reflect.NativeMethodAccessorImpl.invoke0(Native Method)
	at sun.reflect.NativeMethodAccessorImpl.invoke(NativeMethodAccessorImpl.java:62)
	at sun.reflect.DelegatingMethodAccessorImpl.invoke(DelegatingMethodAccessorImpl.java:43)
	at java.lang.reflect.Method.invoke(Method.java:498)
	at org.junit.runners.model.FrameworkMethod$1.runReflectiveCall(FrameworkMethod.java:44)
	at org.junit.internal.runners.model.ReflectiveCallable.run(ReflectiveCallable.java:15)
	at org.junit.runners.model.FrameworkMethod.invokeExplosively(FrameworkMethod.java:41)
	at junitparams.internal.InvokeParameterisedMethod.evaluate(InvokeParameterisedMethod.java:102)
	at org.junit.internal.runners.statements.FailOnTimeout$1.run(FailOnTimeout.java:28)
Caused by: ptolemy.kernel.util.IllegalActionException: Found a zero delay loop containing .HierarchicalModel.A
  in .HierarchicalModel and .HierarchicalModel.A
	at ptolemy.actor.util.CausalityInterfaceForComposites._computeOutputPortDepth(CausalityInterfaceForComposites.java:759)
	at ptolemy.actor.util.CausalityInterfaceForComposites._computeInputDepth(CausalityInterfaceForComposites.java:696)
	at ptolemy.actor.util.CausalityInterfaceForComposites._computeOutputPortDepth(CausalityInterfaceForComposites.java:765)
	at ptolemy.actor.util.CausalityInterfaceForComposites._computeInputDepth(CausalityInterfaceForComposites.java:696)
	at ptolemy.actor.util.CausalityInterfaceForComposites._computeOutputPortDepth(CausalityInterfaceForComposites.java:765)
	at ptolemy.actor.util.CausalityInterfaceForComposites._computeInputDepth(CausalityInterfaceForComposites.java:696)
	at ptolemy.actor.util.CausalityInterfaceForComposites._computeActorDepth(CausalityInterfaceForComposites.java:532)
	at ptolemy.actor.util.CausalityInterfaceForComposites.checkForCycles(CausalityInterfaceForComposites.java:96)
	at ptolemy.domains.de.kernel.DEDirector.preinitialize(DEDirector.java:1338)
	at ptolemy.actor.CompositeActor.preinitialize(CompositeActor.java:1828)
	at ptolemy.actor.Manager.preinitializeAndResolveTypes(Manager.java:1040)
	at ptolemy.actor.Manager.initialize(Manager.java:710)
	at ptolemy.actor.Manager.execute(Manager.java:356)
	at ptolemy.actor.Manager.run(Manager.java:1263)
	at ptolemy.actor.Manager$PtolemyRunThread.run(Manager.java:1915)
java.lang.RuntimeException: Execution failed
	at ptolemy.moml.MoMLSimpleApplication$UnloadThread.run(MoMLSimpleApplication.java:402)
Caused by: ptolemy.kernel.util.IllegalActionException: Found a zero delay loop containing .dependencyLoop.original
  in .dependencyLoop and .dependencyLoop.original
	at ptolemy.actor.util.CausalityInterfaceForComposites._computeOutputPortDepth(CausalityInterfaceForComposites.java:759)
	at ptolemy.actor.util.CausalityInterfaceForComposites._computeInputDepth(CausalityInterfaceForComposites.java:696)
	at ptolemy.actor.util.CausalityInterfaceForComposites._computeOutputPortDepth(CausalityInterfaceForComposites.java:765)
	at ptolemy.actor.util.CausalityInterfaceForComposites._computeInputDepth(CausalityInterfaceForComposites.java:696)
	at ptolemy.actor.util.CausalityInterfaceForComposites._computeOutputPortDepth(CausalityInterfaceForComposites.java:765)
	at ptolemy.actor.util.CausalityInterfaceForComposites._computeInputDepth(CausalityInterfaceForComposites.java:696)
	at ptolemy.actor.util.CausalityInterfaceForComposites._computeActorDepth(CausalityInterfaceForComposites.java:532)
	at ptolemy.actor.util.CausalityInterfaceForComposites.checkForCycles(CausalityInterfaceForComposites.java:96)
	at ptolemy.domains.de.kernel.DEDirector.preinitialize(DEDirector.java:1338)
	at ptolemy.actor.CompositeActor.preinitialize(CompositeActor.java:1828)
	at ptolemy.actor.Manager.preinitializeAndResolveTypes(Manager.java:1040)
	at ptolemy.actor.Manager.initialize(Manager.java:710)
	at ptolemy.actor.Manager.execute(Manager.java:356)
	at ptolemy.actor.Manager.run(Manager.java:1263)
	at ptolemy.actor.Manager$PtolemyRunThread.run(Manager.java:1915)
java.lang.reflect.InvocationTargetException
	at sun.reflect.NativeConstructorAccessorImpl.newInstance0(Native Method)
	at sun.reflect.NativeConstructorAccessorImpl.newInstance(NativeConstructorAccessorImpl.java:62)
	at sun.reflect.DelegatingConstructorAccessorImpl.newInstance(DelegatingConstructorAccessorImpl.java:45)
	at java.lang.reflect.Constructor.newInstance(Constructor.java:423)
	at ptolemy.util.test.junit.AutoKnownFailedTests.RunModel(AutoKnownFailedTests.java:107)
	at sun.reflect.NativeMethodAccessorImpl.invoke0(Native Method)
	at sun.reflect.NativeMethodAccessorImpl.invoke(NativeMethodAccessorImpl.java:62)
	at sun.reflect.DelegatingMethodAccessorImpl.invoke(DelegatingMethodAccessorImpl.java:43)
	at java.lang.reflect.Method.invoke(Method.java:498)
	at org.junit.runners.model.FrameworkMethod$1.runReflectiveCall(FrameworkMethod.java:44)
	at org.junit.internal.runners.model.ReflectiveCallable.run(ReflectiveCallable.java:15)
	at org.junit.runners.model.FrameworkMethod.invokeExplosively(FrameworkMethod.java:41)
	at junitparams.internal.InvokeParameterisedMethod.evaluate(InvokeParameterisedMethod.java:102)
	at org.junit.internal.runners.statements.FailOnTimeout$1.run(FailOnTimeout.java:28)
Caused by: ptolemy.kernel.util.IllegalActionException: Found a zero delay loop containing .dependencyLoop.original
  in .dependencyLoop and .dependencyLoop.original
	at ptolemy.actor.util.CausalityInterfaceForComposites._computeOutputPortDepth(CausalityInterfaceForComposites.java:759)
	at ptolemy.actor.util.CausalityInterfaceForComposites._computeInputDepth(CausalityInterfaceForComposites.java:696)
	at ptolemy.actor.util.CausalityInterfaceForComposites._computeOutputPortDepth(CausalityInterfaceForComposites.java:765)
	at ptolemy.actor.util.CausalityInterfaceForComposites._computeInputDepth(CausalityInterfaceForComposites.java:696)
	at ptolemy.actor.util.CausalityInterfaceForComposites._computeOutputPortDepth(CausalityInterfaceForComposites.java:765)
	at ptolemy.actor.util.CausalityInterfaceForComposites._computeInputDepth(CausalityInterfaceForComposites.java:696)
	at ptolemy.actor.util.CausalityInterfaceForComposites._computeActorDepth(CausalityInterfaceForComposites.java:532)
	at ptolemy.actor.util.CausalityInterfaceForComposites.checkForCycles(CausalityInterfaceForComposites.java:96)
	at ptolemy.domains.de.kernel.DEDirector.preinitialize(DEDirector.java:1338)
	at ptolemy.actor.CompositeActor.preinitialize(CompositeActor.java:1828)
	at ptolemy.actor.Manager.preinitializeAndResolveTypes(Manager.java:1040)
	at ptolemy.actor.Manager.initialize(Manager.java:710)
	at ptolemy.actor.Manager.execute(Manager.java:356)
	at ptolemy.actor.Manager.run(Manager.java:1263)
	at ptolemy.actor.Manager$PtolemyRunThread.run(Manager.java:1915)
java.lang.RuntimeException: Execution failed
	at ptolemy.moml.MoMLSimpleApplication$UnloadThread.run(MoMLSimpleApplication.java:402)
Caused by: ptolemy.kernel.util.IllegalActionException: Found a zero delay loop containing .dependencyLoop2.original
  in .dependencyLoop2 and .dependencyLoop2.original
	at ptolemy.actor.util.CausalityInterfaceForComposites._computeOutputPortDepth(CausalityInterfaceForComposites.java:759)
	at ptolemy.actor.util.CausalityInterfaceForComposites._computeInputDepth(CausalityInterfaceForComposites.java:696)
	at ptolemy.actor.util.CausalityInterfaceForComposites._computeOutputPortDepth(CausalityInterfaceForComposites.java:765)
	at ptolemy.actor.util.CausalityInterfaceForComposites._computeInputDepth(CausalityInterfaceForComposites.java:696)
	at ptolemy.actor.util.CausalityInterfaceForComposites._computeOutputPortDepth(CausalityInterfaceForComposites.java:765)
	at ptolemy.actor.util.CausalityInterfaceForComposites._computeInputDepth(CausalityInterfaceForComposites.java:696)
	at ptolemy.actor.util.CausalityInterfaceForComposites._computeActorDepth(CausalityInterfaceForComposites.java:532)
	at ptolemy.actor.util.CausalityInterfaceForComposites.checkForCycles(CausalityInterfaceForComposites.java:96)
	at ptolemy.domains.de.kernel.DEDirector.preinitialize(DEDirector.java:1338)
	at ptolemy.actor.CompositeActor.preinitialize(CompositeActor.java:1828)
	at ptolemy.actor.Manager.preinitializeAndResolveTypes(Manager.java:1040)
	at ptolemy.actor.Manager.initialize(Manager.java:710)
	at ptolemy.actor.Manager.execute(Manager.java:356)
	at ptolemy.actor.Manager.run(Manager.java:1263)
	at ptolemy.actor.Manager$PtolemyRunThread.run(Manager.java:1915)
java.lang.reflect.InvocationTargetException
	at sun.reflect.NativeConstructorAccessorImpl.newInstance0(Native Method)
	at sun.reflect.NativeConstructorAccessorImpl.newInstance(NativeConstructorAccessorImpl.java:62)
	at sun.reflect.DelegatingConstructorAccessorImpl.newInstance(DelegatingConstructorAccessorImpl.java:45)
	at java.lang.reflect.Constructor.newInstance(Constructor.java:423)
	at ptolemy.util.test.junit.AutoKnownFailedTests.RunModel(AutoKnownFailedTests.java:107)
	at sun.reflect.NativeMethodAccessorImpl.invoke0(Native Method)
	at sun.reflect.NativeMethodAccessorImpl.invoke(NativeMethodAccessorImpl.java:62)
	at sun.reflect.DelegatingMethodAccessorImpl.invoke(DelegatingMethodAccessorImpl.java:43)
	at java.lang.reflect.Method.invoke(Method.java:498)
	at org.junit.runners.model.FrameworkMethod$1.runReflectiveCall(FrameworkMethod.java:44)
	at org.junit.internal.runners.model.ReflectiveCallable.run(ReflectiveCallable.java:15)
	at org.junit.runners.model.FrameworkMethod.invokeExplosively(FrameworkMethod.java:41)
	at junitparams.internal.InvokeParameterisedMethod.evaluate(InvokeParameterisedMethod.java:102)
	at org.junit.internal.runners.statements.FailOnTimeout$1.run(FailOnTimeout.java:28)
Caused by: ptolemy.kernel.util.IllegalActionException: Found a zero delay loop containing .dependencyLoop2.original
  in .dependencyLoop2 and .dependencyLoop2.original
	at ptolemy.actor.util.CausalityInterfaceForComposites._computeOutputPortDepth(CausalityInterfaceForComposites.java:759)
	at ptolemy.actor.util.CausalityInterfaceForComposites._computeInputDepth(CausalityInterfaceForComposites.java:696)
	at ptolemy.actor.util.CausalityInterfaceForComposites._computeOutputPortDepth(CausalityInterfaceForComposites.java:765)
	at ptolemy.actor.util.CausalityInterfaceForComposites._computeInputDepth(CausalityInterfaceForComposites.java:696)
	at ptolemy.actor.util.CausalityInterfaceForComposites._computeOutputPortDepth(CausalityInterfaceForComposites.java:765)
	at ptolemy.actor.util.CausalityInterfaceForComposites._computeInputDepth(CausalityInterfaceForComposites.java:696)
	at ptolemy.actor.util.CausalityInterfaceForComposites._computeActorDepth(CausalityInterfaceForComposites.java:532)
	at ptolemy.actor.util.CausalityInterfaceForComposites.checkForCycles(CausalityInterfaceForComposites.java:96)
	at ptolemy.domains.de.kernel.DEDirector.preinitialize(DEDirector.java:1338)
	at ptolemy.actor.CompositeActor.preinitialize(CompositeActor.java:1828)
	at ptolemy.actor.Manager.preinitializeAndResolveTypes(Manager.java:1040)
	at ptolemy.actor.Manager.initialize(Manager.java:710)
	at ptolemy.actor.Manager.execute(Manager.java:356)
	at ptolemy.actor.Manager.run(Manager.java:1263)
	at ptolemy.actor.Manager$PtolemyRunThread.run(Manager.java:1915)
]]></system-err>
</testsuite>
