<?xml version="1.0" encoding="UTF-8" ?>
<testsuite errors="0" failures="0" hostname="travis-job-5bc43107-6bbd-4ae1-978d-c2576cb25361" name="ptolemy.domains.de.test.junit.JUnitTclTest" skipped="0" tests="101" time="131.8" timestamp="2019-03-01T21:48:03">
  <properties>
[...]
</properties>
  <testcase classname="ptolemy.util.test.junit.TclTests" name="[0] /home/travis/build/icyphy/ptII/ptolemy/domains/de/test/DependencyLoop.tcl (RunTclFile)" time="0.81" />
  <testcase classname="ptolemy.util.test.junit.TclTests" name="[1] /home/travis/build/icyphy/ptII/ptolemy/domains/de/test/RunDETestsAsQSS.tcl (RunTclFile)" time="90.324" />
  <testcase classname="ptolemy.util.test.junit.AutoKnownFailedTests" name="[0] /home/travis/build/icyphy/ptII/ptolemy/domains/de/test/auto/knownFailedTests/DESDFClockTest.xml (RunModel)" time="2.05" />
  <testcase classname="ptolemy.util.test.junit.AutoKnownFailedTests" name="[1] /home/travis/build/icyphy/ptII/ptolemy/domains/de/test/auto/knownFailedTests/DirectFeedback.xml (RunModel)" time="0.019" />
  <testcase classname="ptolemy.util.test.junit.AutoKnownFailedTests" name="[2] /home/travis/build/icyphy/ptII/ptolemy/domains/de/test/auto/knownFailedTests/FSMSource.xml (RunModel)" time="0.023" />
  <testcase classname="ptolemy.util.test.junit.AutoKnownFailedTests" name="[3] /home/travis/build/icyphy/ptII/ptolemy/domains/de/test/auto/knownFailedTests/HierarchicalModel.xml (RunModel)" time="0.058" />
  <testcase classname="ptolemy.util.test.junit.AutoKnownFailedTests" name="[4] /home/travis/build/icyphy/ptII/ptolemy/domains/de/test/auto/knownFailedTests/dependencyLoop.xml (RunModel)" time="0.044" />
  <testcase classname="ptolemy.util.test.junit.AutoKnownFailedTests" name="[5] /home/travis/build/icyphy/ptII/ptolemy/domains/de/test/auto/knownFailedTests/dependencyLoop2.xml (RunModel)" time="0.05" />
  <testcase classname="ptolemy.util.test.junit.AutoNameArchTests" name="[0] ThereAreNoAutoArchTests (RunModel)" time="0.0" />
  <testcase classname="ptolemy.util.test.junit.AutoTests" name="[0] /home/travis/build/icyphy/ptII/ptolemy/domains/de/test/auto/ActorDepthCalculation_actorWithoutPorts.xml (RunModel)" time="0.016" />
  <testcase classname="ptolemy.util.test.junit.AutoTests" name="[1] /home/travis/build/icyphy/ptII/ptolemy/domains/de/test/auto/AssemblyLine.xml (RunModel)" time="0.02" />
  <testcase classname="ptolemy.util.test.junit.AutoTests" name="[2] /home/travis/build/icyphy/ptII/ptolemy/domains/de/test/auto/CQBug1.xml (RunModel)" time="0.012" />
  <testcase classname="ptolemy.util.test.junit.AutoTests" name="[3] /home/travis/build/icyphy/ptII/ptolemy/domains/de/test/auto/CancelFireAt.xml (RunModel)" time="0.012" />
  <testcase classname="ptolemy.util.test.junit.AutoTests" name="[4] /home/travis/build/icyphy/ptII/ptolemy/domains/de/test/auto/CausalityAndComposabilityAnalysis.xml (RunModel)" time="0.013" />
  <testcase classname="ptolemy.util.test.junit.AutoTests" name="[5] /home/travis/build/icyphy/ptII/ptolemy/domains/de/test/auto/CausalityInterface1.xml (RunModel)" time="0.015" />
  <testcase classname="ptolemy.util.test.junit.AutoTests" name="[6] /home/travis/build/icyphy/ptII/ptolemy/domains/de/test/auto/CausalityInterface15.xml (RunModel)" time="0.014" />
  <testcase classname="ptolemy.util.test.junit.AutoTests" name="[7] /home/travis/build/icyphy/ptII/ptolemy/domains/de/test/auto/CausalityInterface2.xml (RunModel)" time="0.012" />
  <testcase classname="ptolemy.util.test.junit.AutoTests" name="[8] /home/travis/build/icyphy/ptII/ptolemy/domains/de/test/auto/CausalityInterface3.xml (RunModel)" time="0.014" />
  <testcase classname="ptolemy.util.test.junit.AutoTests" name="[9] /home/travis/build/icyphy/ptII/ptolemy/domains/de/test/auto/ClockDrift.xml (RunModel)" time="0.035" />
  <testcase classname="ptolemy.util.test.junit.AutoTests" name="[10] /home/travis/build/icyphy/ptII/ptolemy/domains/de/test/auto/ClockDriftAndValueChange.xml (RunModel)" time="0.03" />
  <testcase classname="ptolemy.util.test.junit.AutoTests" name="[11] /home/travis/build/icyphy/ptII/ptolemy/domains/de/test/auto/ClockDriftChange.xml (RunModel)" time="0.03" />
  <testcase classname="ptolemy.util.test.junit.AutoTests" name="[12] /home/travis/build/icyphy/ptII/ptolemy/domains/de/test/auto/ComposableCausalityAnalysis.xml (RunModel)" time="0.021" />
  <testcase classname="ptolemy.util.test.junit.AutoTests" name="[13] /home/travis/build/icyphy/ptII/ptolemy/domains/de/test/auto/DEFixedPointLimitation.xml (RunModel)" time="0.012" />
  <testcase classname="ptolemy.util.test.junit.AutoTests" name="[14] /home/travis/build/icyphy/ptII/ptolemy/domains/de/test/auto/DEScheduleTest.xml (RunModel)" time="0.014" />
  <testcase classname="ptolemy.util.test.junit.AutoTests" name="[15] /home/travis/build/icyphy/ptII/ptolemy/domains/de/test/auto/DEinDEwithStartTimes.xml (RunModel)" time="0.015" />
  <testcase classname="ptolemy.util.test.junit.AutoTests" name="[16] /home/travis/build/icyphy/ptII/ptolemy/domains/de/test/auto/DEinDEwithStartTimes2.xml (RunModel)" time="0.015" />
  <testcase classname="ptolemy.util.test.junit.AutoTests" name="[17] /home/travis/build/icyphy/ptII/ptolemy/domains/de/test/auto/DateDemo.xml (RunModel)" time="0.031" />
  <testcase classname="ptolemy.util.test.junit.AutoTests" name="[18] /home/travis/build/icyphy/ptII/ptolemy/domains/de/test/auto/DateToEvent.xml (RunModel)" time="2.043" />
  <testcase classname="ptolemy.util.test.junit.AutoTests" name="[19] /home/travis/build/icyphy/ptII/ptolemy/domains/de/test/auto/DepthTest1.xml (RunModel)" time="0.02" />
  <testcase classname="ptolemy.util.test.junit.AutoTests" name="[20] /home/travis/build/icyphy/ptII/ptolemy/domains/de/test/auto/DepthTest2.xml (RunModel)" time="0.027" />
  <testcase classname="ptolemy.util.test.junit.AutoTests" name="[21] /home/travis/build/icyphy/ptII/ptolemy/domains/de/test/auto/DepthTest3.xml (RunModel)" time="0.011" />
  <testcase classname="ptolemy.util.test.junit.AutoTests" name="[22] /home/travis/build/icyphy/ptII/ptolemy/domains/de/test/auto/DepthTest4.xml (RunModel)" time="0.017" />
  <testcase classname="ptolemy.util.test.junit.AutoTests" name="[23] /home/travis/build/icyphy/ptII/ptolemy/domains/de/test/auto/DepthTest5.xml (RunModel)" time="0.016" />
  <testcase classname="ptolemy.util.test.junit.AutoTests" name="[24] /home/travis/build/icyphy/ptII/ptolemy/domains/de/test/auto/DepthTest6.xml (RunModel)" time="0.021" />
  <testcase classname="ptolemy.util.test.junit.AutoTests" name="[25] /home/travis/build/icyphy/ptII/ptolemy/domains/de/test/auto/DepthTest7.xml (RunModel)" time="0.026" />
  <testcase classname="ptolemy.util.test.junit.AutoTests" name="[26] /home/travis/build/icyphy/ptII/ptolemy/domains/de/test/auto/EventToDate.xml (RunModel)" time="3.045" />
  <testcase classname="ptolemy.util.test.junit.AutoTests" name="[27] /home/travis/build/icyphy/ptII/ptolemy/domains/de/test/auto/FSM1.xml (RunModel)" time="0.036" />
  <testcase classname="ptolemy.util.test.junit.AutoTests" name="[28] /home/travis/build/icyphy/ptII/ptolemy/domains/de/test/auto/FSM7.xml (RunModel)" time="0.038" />
  <testcase classname="ptolemy.util.test.junit.AutoTests" name="[29] /home/travis/build/icyphy/ptII/ptolemy/domains/de/test/auto/Inspection.xml (RunModel)" time="0.042" />
  <testcase classname="ptolemy.util.test.junit.AutoTests" name="[30] /home/travis/build/icyphy/ptII/ptolemy/domains/de/test/auto/Iteration.xml (RunModel)" time="0.019" />
  <testcase classname="ptolemy.util.test.junit.AutoTests" name="[31] /home/travis/build/icyphy/ptII/ptolemy/domains/de/test/auto/LineFault.xml (RunModel)" time="0.573" />
  <testcase classname="ptolemy.util.test.junit.AutoTests" name="[32] /home/travis/build/icyphy/ptII/ptolemy/domains/de/test/auto/MergeModel1Add.xml (RunModel)" time="0.044" />
  <testcase classname="ptolemy.util.test.junit.AutoTests" name="[33] /home/travis/build/icyphy/ptII/ptolemy/domains/de/test/auto/MergeModel2Add.xml (RunModel)" time="0.036" />
  <testcase classname="ptolemy.util.test.junit.AutoTests" name="[34] /home/travis/build/icyphy/ptII/ptolemy/domains/de/test/auto/MergeModel3Add.xml (RunModel)" time="0.037" />
  <testcase classname="ptolemy.util.test.junit.AutoTests" name="[35] /home/travis/build/icyphy/ptII/ptolemy/domains/de/test/auto/MergeWithoutDiscard.xml (RunModel)" time="0.011" />
  <testcase classname="ptolemy.util.test.junit.AutoTests" name="[36] /home/travis/build/icyphy/ptII/ptolemy/domains/de/test/auto/Modal1.xml (RunModel)" time="0.03" />
  <testcase classname="ptolemy.util.test.junit.AutoTests" name="[37] /home/travis/build/icyphy/ptII/ptolemy/domains/de/test/auto/Modal2.xml (RunModel)" time="0.03" />
  <testcase classname="ptolemy.util.test.junit.AutoTests" name="[38] /home/travis/build/icyphy/ptII/ptolemy/domains/de/test/auto/Modal3.xml (RunModel)" time="0.031" />
  <testcase classname="ptolemy.util.test.junit.AutoTests" name="[39] /home/travis/build/icyphy/ptII/ptolemy/domains/de/test/auto/Modal4.xml (RunModel)" time="0.036" />
  <testcase classname="ptolemy.util.test.junit.AutoTests" name="[40] /home/travis/build/icyphy/ptII/ptolemy/domains/de/test/auto/Modal5.xml (RunModel)" time="0.034" />
  <testcase classname="ptolemy.util.test.junit.AutoTests" name="[41] /home/travis/build/icyphy/ptII/ptolemy/domains/de/test/auto/Modal6.xml (RunModel)" time="0.03" />
  <testcase classname="ptolemy.util.test.junit.AutoTests" name="[42] /home/travis/build/icyphy/ptII/ptolemy/domains/de/test/auto/Modal7.xml (RunModel)" time="0.034" />
  <testcase classname="ptolemy.util.test.junit.AutoTests" name="[43] /home/travis/build/icyphy/ptII/ptolemy/domains/de/test/auto/ModalModel.xml (RunModel)" time="0.187" />
  <testcase classname="ptolemy.util.test.junit.AutoTests" name="[44] /home/travis/build/icyphy/ptII/ptolemy/domains/de/test/auto/ModalSource.xml (RunModel)" time="0.022" />
  <testcase classname="ptolemy.util.test.junit.AutoTests" name="[45] /home/travis/build/icyphy/ptII/ptolemy/domains/de/test/auto/NonInterruptibleTimerZeroDelay.xml (RunModel)" time="0.01" />
  <testcase classname="ptolemy.util.test.junit.AutoTests" name="[46] /home/travis/build/icyphy/ptII/ptolemy/domains/de/test/auto/OpenQueueingNetwork.xml (RunModel)" time="2.46" />
  <testcase classname="ptolemy.util.test.junit.AutoTests" name="[47] /home/travis/build/icyphy/ptII/ptolemy/domains/de/test/auto/OpenQueuingNetwork.xml (RunModel)" time="0.286" />
  <testcase classname="ptolemy.util.test.junit.AutoTests" name="[48] /home/travis/build/icyphy/ptII/ptolemy/domains/de/test/auto/PeriodicSampler.xml (RunModel)" time="0.009" />
  <testcase classname="ptolemy.util.test.junit.AutoTests" name="[49] /home/travis/build/icyphy/ptII/ptolemy/domains/de/test/auto/PersistentIO.xml (RunModel)" time="0.02" />
  <testcase classname="ptolemy.util.test.junit.AutoTests" name="[50] /home/travis/build/icyphy/ptII/ptolemy/domains/de/test/auto/PortParameterResetOnInitialize.xml (RunModel)" time="0.01" />
  <testcase classname="ptolemy.util.test.junit.AutoTests" name="[51] /home/travis/build/icyphy/ptII/ptolemy/domains/de/test/auto/PortParameterUpdates.xml (RunModel)" time="0.024" />
  <testcase classname="ptolemy.util.test.junit.AutoTests" name="[52] /home/travis/build/icyphy/ptII/ptolemy/domains/de/test/auto/QueueAndServer.xml (RunModel)" time="0.028" />
  <testcase classname="ptolemy.util.test.junit.AutoTests" name="[53] /home/travis/build/icyphy/ptII/ptolemy/domains/de/test/auto/Records.xml (RunModel)" time="0.014" />
  <testcase classname="ptolemy.util.test.junit.AutoTests" name="[54] /home/travis/build/icyphy/ptII/ptolemy/domains/de/test/auto/ResetTransitionWithStartTime1.xml (RunModel)" time="0.019" />
  <testcase classname="ptolemy.util.test.junit.AutoTests" name="[55] /home/travis/build/icyphy/ptII/ptolemy/domains/de/test/auto/ResetTransitionWithStartTime2.xml (RunModel)" time="0.02" />
  <testcase classname="ptolemy.util.test.junit.AutoTests" name="[56] /home/travis/build/icyphy/ptII/ptolemy/domains/de/test/auto/ResetTransitionWithStartTime3.xml (RunModel)" time="0.02" />
  <testcase classname="ptolemy.util.test.junit.AutoTests" name="[57] /home/travis/build/icyphy/ptII/ptolemy/domains/de/test/auto/ResetTransitionWithStartTime4.xml (RunModel)" time="0.022" />
  <testcase classname="ptolemy.util.test.junit.AutoTests" name="[58] /home/travis/build/icyphy/ptII/ptolemy/domains/de/test/auto/ResettableTimer1.xml (RunModel)" time="0.011" />
  <testcase classname="ptolemy.util.test.junit.AutoTests" name="[59] /home/travis/build/icyphy/ptII/ptolemy/domains/de/test/auto/ResettableTimer2.xml (RunModel)" time="0.01" />
  <testcase classname="ptolemy.util.test.junit.AutoTests" name="[60] /home/travis/build/icyphy/ptII/ptolemy/domains/de/test/auto/ResettableTimer3.xml (RunModel)" time="0.01" />
  <testcase classname="ptolemy.util.test.junit.AutoTests" name="[61] /home/travis/build/icyphy/ptII/ptolemy/domains/de/test/auto/ResettableTimer4.xml (RunModel)" time="0.012" />
  <testcase classname="ptolemy.util.test.junit.AutoTests" name="[62] /home/travis/build/icyphy/ptII/ptolemy/domains/de/test/auto/ResettableTimer5.xml (RunModel)" time="0.01" />
  <testcase classname="ptolemy.util.test.junit.AutoTests" name="[63] /home/travis/build/icyphy/ptII/ptolemy/domains/de/test/auto/ResettableTimer6.xml (RunModel)" time="0.02" />
  <testcase classname="ptolemy.util.test.junit.AutoTests" name="[64] /home/travis/build/icyphy/ptII/ptolemy/domains/de/test/auto/ServerZeroDelay.xml (RunModel)" time="0.018" />
  <testcase classname="ptolemy.util.test.junit.AutoTests" name="[65] /home/travis/build/icyphy/ptII/ptolemy/domains/de/test/auto/SmartSender.xml (RunModel)" time="3.011" />
  <testcase classname="ptolemy.util.test.junit.AutoTests" name="[66] /home/travis/build/icyphy/ptII/ptolemy/domains/de/test/auto/ThreadedComposite.xml (RunModel)" time="0.221" />
  <testcase classname="ptolemy.util.test.junit.AutoTests" name="[67] /home/travis/build/icyphy/ptII/ptolemy/domains/de/test/auto/Time.xml (RunModel)" time="0.424" />
  <testcase classname="ptolemy.util.test.junit.AutoTests" name="[68] /home/travis/build/icyphy/ptII/ptolemy/domains/de/test/auto/TimeDelayZeroDelay.xml (RunModel)" time="0.013" />
  <testcase classname="ptolemy.util.test.junit.AutoTests" name="[69] /home/travis/build/icyphy/ptII/ptolemy/domains/de/test/auto/TimerZeroDelay.xml (RunModel)" time="0.011" />
  <testcase classname="ptolemy.util.test.junit.AutoTests" name="[70] /home/travis/build/icyphy/ptII/ptolemy/domains/de/test/auto/TimingParadox.xml (RunModel)" time="0.352" />
  <testcase classname="ptolemy.util.test.junit.AutoTests" name="[71] /home/travis/build/icyphy/ptII/ptolemy/domains/de/test/auto/TransferInputs.xml (RunModel)" time="0.016" />
  <testcase classname="ptolemy.util.test.junit.AutoTests" name="[72] /home/travis/build/icyphy/ptII/ptolemy/domains/de/test/auto/TransferOutputs2.xml (RunModel)" time="0.017" />
  <testcase classname="ptolemy.util.test.junit.AutoTests" name="[73] /home/travis/build/icyphy/ptII/ptolemy/domains/de/test/auto/Trilateration.xml (RunModel)" time="11.884" />
  <testcase classname="ptolemy.util.test.junit.AutoTests" name="[74] /home/travis/build/icyphy/ptII/ptolemy/domains/de/test/auto/TwoSigmaDelta.xml (RunModel)" time="2.056" />
  <testcase classname="ptolemy.util.test.junit.AutoTests" name="[75] /home/travis/build/icyphy/ptII/ptolemy/domains/de/test/auto/VariableDelay.xml (RunModel)" time="0.019" />
  <testcase classname="ptolemy.util.test.junit.AutoTests" name="[76] /home/travis/build/icyphy/ptII/ptolemy/domains/de/test/auto/VariableDelay2.xml (RunModel)" time="0.009" />
  <testcase classname="ptolemy.util.test.junit.AutoTests" name="[77] /home/travis/build/icyphy/ptII/ptolemy/domains/de/test/auto/VariableDelayZeroDelay.xml (RunModel)" time="0.011" />
  <testcase classname="ptolemy.util.test.junit.AutoTests" name="[78] /home/travis/build/icyphy/ptII/ptolemy/domains/de/test/auto/VariableDelayZeroDelay2.xml (RunModel)" time="0.011" />
  <testcase classname="ptolemy.util.test.junit.AutoTests" name="[79] /home/travis/build/icyphy/ptII/ptolemy/domains/de/test/auto/deInCt.xml (RunModel)" time="0.018" />
  <testcase classname="ptolemy.util.test.junit.AutoTests" name="[80] /home/travis/build/icyphy/ptII/ptolemy/domains/de/test/auto/deInCt2.xml (RunModel)" time="0.017" />
  <testcase classname="ptolemy.util.test.junit.AutoTests" name="[81] /home/travis/build/icyphy/ptII/ptolemy/domains/de/test/auto/dynamicCausalityInterface1.xml (RunModel)" time="0.019" />
  <testcase classname="ptolemy.util.test.junit.AutoTests" name="[82] /home/travis/build/icyphy/ptII/ptolemy/domains/de/test/auto/fsm_de_test.xml (RunModel)" time="0.022" />
  <testcase classname="ptolemy.util.test.junit.AutoTests" name="[83] /home/travis/build/icyphy/ptII/ptolemy/domains/de/test/auto/functionDependencyReconstruction.xml (RunModel)" time="0.035" />
  <testcase classname="ptolemy.util.test.junit.AutoTests" name="[84] /home/travis/build/icyphy/ptII/ptolemy/domains/de/test/auto/multirate.xml (RunModel)" time="0.018" />
  <testcase classname="ptolemy.util.test.junit.AutoTests" name="[85] /home/travis/build/icyphy/ptII/ptolemy/domains/de/test/auto/multirate2.xml (RunModel)" time="0.015" />
  <testcase classname="ptolemy.util.test.junit.AutoTests" name="[86] /home/travis/build/icyphy/ptII/ptolemy/domains/de/test/auto/realtime.xml (RunModel)" time="10.011" />
  <testcase classname="ptolemy.util.test.junit.AutoTests" name="[87] /home/travis/build/icyphy/ptII/ptolemy/domains/de/test/auto/relationGroup.xml (RunModel)" time="0.008" />
  <testcase classname="ptolemy.util.test.junit.AutoTests" name="[88] /home/travis/build/icyphy/ptII/ptolemy/domains/de/test/auto/relationGroup2.xml (RunModel)" time="0.008" />
  <testcase classname="ptolemy.util.test.junit.AutoTests" name="[89] /home/travis/build/icyphy/ptII/ptolemy/domains/de/test/auto/sortWithOpaquePorts.xml (RunModel)" time="0.009" />
  <testcase classname="ptolemy.util.test.junit.AutoTests" name="[90] /home/travis/build/icyphy/ptII/ptolemy/domains/de/test/auto/transferInputsandOutputs.xml (RunModel)" time="0.015" />
  <testcase classname="ptolemy.util.test.junit.AutoTests" name="[91] /home/travis/build/icyphy/ptII/ptolemy/domains/de/test/auto/triggerType.xml (RunModel)" time="0.008" />
  <system-out><![CDATA[/home/travis/build/icyphy/ptII/ptolemy/domains/de/test/DependencyLoop.tcl
testDefs.tcl: setting time out to 9000 seconds at Fri Mar 01 21:48:03 UTC 2019
14 ms. Memory: 116224K Free: 97571K (84%)
27 ms. Memory: 146944K Free: 142363K (97%)
/home/travis/build/icyphy/ptII/ptolemy/domains/de/test/RunDETestsAsQSS.tcl
Run the DE tests using ptolemy.domains.qss.test.QSSDirectorTest, which extends QSSDirector and prints a message in the constructors.
------------------ testing $PTII/ptolemy/domains/de/test/auto/knownFailedTests/dependencyLoop.xml (Known Failure) 
7 ms. Memory: 146944K Free: 136888K (93%)


==== $PTIIhome/travis/build/icyphy/ptII/ptolemy/domains/de/test/../../../../: Auto Automatic test in file $PTII/ptolemy/domains/de/test/auto/knownFailedTests/dependencyLoop.xml
==== Contents of test case:

	    # FIXME: we should use $relativeFilename here, but it
	    # might have backslashes under Windows, which causes no end
	    # of trouble.
	    createAndExecute $file
	    list {}
	
.... Test generated KNOWN error:
    while executing
ptolemy.kernel.util.IllegalActionException: Found a zero delay loop containing .dependencyLoop.original
  in .dependencyLoop and .dependencyLoop.original
	at ptolemy.actor.util.CausalityInterfaceForComposites._computeOutputPortDepth(CausalityInterfaceForComposites.java:759)
	at ptolemy.actor.util.CausalityInterfaceForComposites._computeInputDepth(CausalityInterfaceForComposites.java:696)
	at ptolemy.actor.util.CausalityInterfaceForComposites._computeOutputPortDepth(CausalityInterfaceForComposites.java:765)
	at ptolemy.actor.util.CausalityInterfaceForComposites._computeInputDepth(CausalityInterfaceForComposites.java:696)
	at ptolemy.actor.util.CausalityInterfaceForComposites._computeOutputPortDepth(CausalityInterfaceForComposites.java:765)
	at ptolemy.actor.util.CausalityInterfaceForComposites._computeInputDepth(CausalityInterfaceForComposites.java:696)
	at ptolemy.actor.util.CausalityInterfaceForComposites._computeActorDepth(CausalityInterfaceForComposites.java:532)
	at ptolemy.actor.util.CausalityInterfaceForComposites.checkForCycles(CausalityInterfaceForComposites.java:96)
	at ptolemy.domains.de.kernel.DEDirector.preinitialize(DEDirector.java:1338)
	at ptolemy.actor.CompositeActor.preinitialize(CompositeActor.java:1828)
	at ptolemy.actor.Manager.preinitializeAndResolveTypes(Manager.java:1040)
	at ptolemy.actor.Manager.initialize(Manager.java:710)
	at ptolemy.actor.Manager.execute(Manager.java:356)
	at ptolemy.actor.Manager.run(Manager.java:1263)
	at ptolemy.actor.Manager$PtolemyRunThread.run(Manager.java:1915)

    while executing
ptolemy.kernel.util.IllegalActionException: Found a zero delay loop containing .dependencyLoop.original
  in .dependencyLoop and .dependencyLoop.original
    while executing
"java::new ptolemy.moml.MoMLSimpleApplication $file
"
    (procedure "createAndExecute" line 2)
    invoked from within
"createAndExecute $file"
    ("uplevel" body line 5)
    invoked from within
"uplevel $contents_of_test"
------------------ testing $PTII/ptolemy/domains/de/test/auto/knownFailedTests/DESDFClockTest.xml (Known Failure) 
2071 ms. Memory: 146944K Free: 121326K (83%)


==== $PTIIhome/travis/build/icyphy/ptII/ptolemy/domains/de/test/../../../../: Auto Automatic test in file $PTII/ptolemy/domains/de/test/auto/knownFailedTests/DESDFClockTest.xml
==== Contents of test case:

	    # FIXME: we should use $relativeFilename here, but it
	    # might have backslashes under Windows, which causes no end
	    # of trouble.
	    createAndExecute $file
	    list {}
	
.... Test generated KNOWN error:
    while executing
ptolemy.kernel.util.IllegalActionException: Actor is not ready to fire.  Perhaps UpSample.prefire() returned false? Try debugging the actor by selecting "Listen to Actor".  Also, for SDF check moml for tokenConsumptionRate on input.
  in .DESDFClockTest.Play Bell.Copy1:SDF Director and .DESDFClockTest.Play Bell.UpSample
	at ptolemy.actor.sched.StaticSchedulingDirector.fire(StaticSchedulingDirector.java:227)
	at ptolemy.domains.sdf.kernel.SDFDirector.fire(SDFDirector.java:500)
	at ptolemy.actor.CompositeActor.fire(CompositeActor.java:455)
	at ptolemy.domains.de.kernel.DEDirector._fire(DEDirector.java:1949)
	at ptolemy.domains.de.kernel.DEDirector.fire(DEDirector.java:502)
	at ptolemy.actor.CompositeActor.fire(CompositeActor.java:455)
	at ptolemy.actor.Manager.iterate(Manager.java:851)
	at ptolemy.actor.Manager.execute(Manager.java:369)
	at ptolemy.actor.Manager.run(Manager.java:1263)
	at ptolemy.actor.Manager$PtolemyRunThread.run(Manager.java:1915)

    while executing
ptolemy.kernel.util.IllegalActionException: Actor is not ready to fire.  Perhaps UpSample.prefire() returned false? Try debugging the actor by selecting "Listen to Actor".  Also, for SDF check moml for tokenConsumptionRate on input.
  in .DESDFClockTest.Play Bell.Copy1:SDF Director and .DESDFClockTest.Play Bell.UpSample
    while executing
"java::new ptolemy.moml.MoMLSimpleApplication $file
"
    (procedure "createAndExecute" line 2)
    invoked from within
"createAndExecute $file"
    ("uplevel" body line 5)
    invoked from within
"uplevel $contents_of_test"
------------------ testing $PTII/ptolemy/domains/de/test/auto/knownFailedTests/FSMSource.xml (Known Failure) 
43 ms. Memory: 146944K Free: 111925K (76%)
!!!! Auto was marked as failing, but now passes
------------------ testing $PTII/ptolemy/domains/de/test/auto/knownFailedTests/dependencyLoop2.xml (Known Failure) 
6 ms. Memory: 146944K Free: 110065K (75%)


==== $PTIIhome/travis/build/icyphy/ptII/ptolemy/domains/de/test/../../../../: Auto Automatic test in file $PTII/ptolemy/domains/de/test/auto/knownFailedTests/dependencyLoop2.xml
==== Contents of test case:

	    # FIXME: we should use $relativeFilename here, but it
	    # might have backslashes under Windows, which causes no end
	    # of trouble.
	    createAndExecute $file
	    list {}
	
.... Test generated KNOWN error:
    while executing
ptolemy.kernel.util.IllegalActionException: Found a zero delay loop containing .dependencyLoop2.original
  in .dependencyLoop2 and .dependencyLoop2.original
	at ptolemy.actor.util.CausalityInterfaceForComposites._computeOutputPortDepth(CausalityInterfaceForComposites.java:759)
	at ptolemy.actor.util.CausalityInterfaceForComposites._computeInputDepth(CausalityInterfaceForComposites.java:696)
	at ptolemy.actor.util.CausalityInterfaceForComposites._computeOutputPortDepth(CausalityInterfaceForComposites.java:765)
	at ptolemy.actor.util.CausalityInterfaceForComposites._computeInputDepth(CausalityInterfaceForComposites.java:696)
	at ptolemy.actor.util.CausalityInterfaceForComposites._computeOutputPortDepth(CausalityInterfaceForComposites.java:765)
	at ptolemy.actor.util.CausalityInterfaceForComposites._computeInputDepth(CausalityInterfaceForComposites.java:696)
	at ptolemy.actor.util.CausalityInterfaceForComposites._computeActorDepth(CausalityInterfaceForComposites.java:532)
	at ptolemy.actor.util.CausalityInterfaceForComposites.checkForCycles(CausalityInterfaceForComposites.java:96)
	at ptolemy.domains.de.kernel.DEDirector.preinitialize(DEDirector.java:1338)
	at ptolemy.actor.CompositeActor.preinitialize(CompositeActor.java:1828)
	at ptolemy.actor.Manager.preinitializeAndResolveTypes(Manager.java:1040)
	at ptolemy.actor.Manager.initialize(Manager.java:710)
	at ptolemy.actor.Manager.execute(Manager.java:356)
	at ptolemy.actor.Manager.run(Manager.java:1263)
	at ptolemy.actor.Manager$PtolemyRunThread.run(Manager.java:1915)

    while executing
ptolemy.kernel.util.IllegalActionException: Found a zero delay loop containing .dependencyLoop2.original
  in .dependencyLoop2 and .dependencyLoop2.original
    while executing
"java::new ptolemy.moml.MoMLSimpleApplication $file
"
    (procedure "createAndExecute" line 2)
    invoked from within
"createAndExecute $file"
    ("uplevel" body line 5)
    invoked from within
"uplevel $contents_of_test"
------------------ testing $PTII/ptolemy/domains/de/test/auto/knownFailedTests/HierarchicalModel.xml (Known Failure) 
8 ms. Memory: 146944K Free: 89978K (61%)


==== $PTIIhome/travis/build/icyphy/ptII/ptolemy/domains/de/test/../../../../: Auto Automatic test in file $PTII/ptolemy/domains/de/test/auto/knownFailedTests/HierarchicalModel.xml
==== Contents of test case:

	    # FIXME: we should use $relativeFilename here, but it
	    # might have backslashes under Windows, which causes no end
	    # of trouble.
	    createAndExecute $file
	    list {}
	
.... Test generated KNOWN error:
    while executing
ptolemy.kernel.util.IllegalActionException: Found a zero delay loop containing .HierarchicalModel.A
  in .HierarchicalModel and .HierarchicalModel.A
	at ptolemy.actor.util.CausalityInterfaceForComposites._computeOutputPortDepth(CausalityInterfaceForComposites.java:759)
	at ptolemy.actor.util.CausalityInterfaceForComposites._computeInputDepth(CausalityInterfaceForComposites.java:696)
	at ptolemy.actor.util.CausalityInterfaceForComposites._computeOutputPortDepth(CausalityInterfaceForComposites.java:765)
	at ptolemy.actor.util.CausalityInterfaceForComposites._computeInputDepth(CausalityInterfaceForComposites.java:696)
	at ptolemy.actor.util.CausalityInterfaceForComposites._computeOutputPortDepth(CausalityInterfaceForComposites.java:765)
	at ptolemy.actor.util.CausalityInterfaceForComposites._computeInputDepth(CausalityInterfaceForComposites.java:696)
	at ptolemy.actor.util.CausalityInterfaceForComposites._computeActorDepth(CausalityInterfaceForComposites.java:532)
	at ptolemy.actor.util.CausalityInterfaceForComposites.checkForCycles(CausalityInterfaceForComposites.java:96)
	at ptolemy.domains.de.kernel.DEDirector.preinitialize(DEDirector.java:1338)
	at ptolemy.actor.CompositeActor.preinitialize(CompositeActor.java:1828)
	at ptolemy.actor.Manager.preinitializeAndResolveTypes(Manager.java:1040)
	at ptolemy.actor.Manager.initialize(Manager.java:710)
	at ptolemy.actor.Manager.execute(Manager.java:356)
	at ptolemy.actor.Manager.run(Manager.java:1263)
	at ptolemy.actor.Manager$PtolemyRunThread.run(Manager.java:1915)

    while executing
ptolemy.kernel.util.IllegalActionException: Found a zero delay loop containing .HierarchicalModel.A
  in .HierarchicalModel and .HierarchicalModel.A
    while executing
"java::new ptolemy.moml.MoMLSimpleApplication $file
"
    (procedure "createAndExecute" line 2)
    invoked from within
"createAndExecute $file"
    ("uplevel" body line 5)
    invoked from within
"uplevel $contents_of_test"
------------------ testing $PTII/ptolemy/domains/de/test/auto/knownFailedTests/DirectFeedback.xml (Known Failure) 
4 ms. Memory: 146944K Free: 85868K (58%)


==== $PTIIhome/travis/build/icyphy/ptII/ptolemy/domains/de/test/../../../../: Auto Automatic test in file $PTII/ptolemy/domains/de/test/auto/knownFailedTests/DirectFeedback.xml
==== Contents of test case:

	    # FIXME: we should use $relativeFilename here, but it
	    # might have backslashes under Windows, which causes no end
	    # of trouble.
	    createAndExecute $file
	    list {}
	
.... Test generated KNOWN error:
    while executing
ptolemy.kernel.util.IllegalActionException: Test fails in iteration 1.
Value was: 1.0. Should have been: 2.0
  in .DirectFeedback.Test
	at ptolemy.actor.lib.Test.fire(Test.java:268)
	at ptolemy.domains.de.kernel.DEDirector._fire(DEDirector.java:1949)
	at ptolemy.domains.de.kernel.DEDirector.fire(DEDirector.java:502)
	at ptolemy.actor.CompositeActor.fire(CompositeActor.java:455)
	at ptolemy.actor.Manager.iterate(Manager.java:851)
	at ptolemy.actor.Manager.execute(Manager.java:369)
	at ptolemy.actor.Manager.run(Manager.java:1263)
	at ptolemy.actor.Manager$PtolemyRunThread.run(Manager.java:1915)

    while executing
ptolemy.kernel.util.IllegalActionException: Test fails in iteration 1.
Value was: 1.0. Should have been: 2.0
  in .DirectFeedback.Test
    while executing
"java::new ptolemy.moml.MoMLSimpleApplication $file
"
    (procedure "createAndExecute" line 2)
    invoked from within
"createAndExecute $file"
    ("uplevel" body line 5)
    invoked from within
"uplevel $contents_of_test"
------------------ testing $PTII/ptolemy/domains/de/test/auto/ActorDepthCalculation_actorWithoutPorts.xml
auto.tcl: Setting watchdog for 200 seconds at Fri Mar 01 21:48:06 UTC 2019
8 ms. Memory: 146944K Free: 138630K (94%)
ptolemy.util.test.WatchDog.cancel(): canceling Fri Mar 01 21:48:06 UTC 2019
auto.tcl: Setting watchdog for 200 seconds at Fri Mar 01 21:48:06 UTC 2019
4 ms. Memory: 146944K Free: 136587K (93%)
ptolemy.util.test.WatchDog.cancel(): canceling Fri Mar 01 21:48:06 UTC 2019
------------------ testing $PTII/ptolemy/domains/de/test/auto/AssemblyLine.xml
auto.tcl: Setting watchdog for 200 seconds at Fri Mar 01 21:48:07 UTC 2019
24 ms. Memory: 208384K Free: 183389K (88%)
ptolemy.util.test.WatchDog.cancel(): canceling Fri Mar 01 21:48:07 UTC 2019
auto.tcl: Setting watchdog for 200 seconds at Fri Mar 01 21:48:07 UTC 2019
13 ms. Memory: 208384K Free: 183389K (88%)
ptolemy.util.test.WatchDog.cancel(): canceling Fri Mar 01 21:48:07 UTC 2019
------------------ testing $PTII/ptolemy/domains/de/test/auto/CQBug1.xml
auto.tcl: Setting watchdog for 200 seconds at Fri Mar 01 21:48:07 UTC 2019
7 ms. Memory: 208384K Free: 197900K (95%)
ptolemy.util.test.WatchDog.cancel(): canceling Fri Mar 01 21:48:07 UTC 2019
auto.tcl: Setting watchdog for 200 seconds at Fri Mar 01 21:48:07 UTC 2019
2 ms. Memory: 208384K Free: 197900K (95%)
ptolemy.util.test.WatchDog.cancel(): canceling Fri Mar 01 21:48:07 UTC 2019
------------------ testing $PTII/ptolemy/domains/de/test/auto/CancelFireAt.xml
auto.tcl: Setting watchdog for 200 seconds at Fri Mar 01 21:48:07 UTC 2019
5 ms. Memory: 208384K Free: 201564K (97%)
ptolemy.util.test.WatchDog.cancel(): canceling Fri Mar 01 21:48:07 UTC 2019
auto.tcl: Setting watchdog for 200 seconds at Fri Mar 01 21:48:07 UTC 2019
6 ms. Memory: 208384K Free: 199520K (96%)
ptolemy.util.test.WatchDog.cancel(): canceling Fri Mar 01 21:48:07 UTC 2019
------------------ testing $PTII/ptolemy/domains/de/test/auto/CausalityAndComposabilityAnalysis.xml
auto.tcl: Setting watchdog for 200 seconds at Fri Mar 01 21:48:07 UTC 2019
9 ms. Memory: 208384K Free: 199118K (96%)
ptolemy.util.test.WatchDog.cancel(): canceling Fri Mar 01 21:48:07 UTC 2019
auto.tcl: Setting watchdog for 200 seconds at Fri Mar 01 21:48:07 UTC 2019
13 ms. Memory: 208384K Free: 197075K (95%)
ptolemy.util.test.WatchDog.cancel(): canceling Fri Mar 01 21:48:07 UTC 2019
------------------ testing $PTII/ptolemy/domains/de/test/auto/CausalityInterface1.xml
auto.tcl: Setting watchdog for 200 seconds at Fri Mar 01 21:48:07 UTC 2019
23 ms. Memory: 208384K Free: 196493K (94%)
ptolemy.util.test.WatchDog.cancel(): canceling Fri Mar 01 21:48:07 UTC 2019
auto.tcl: Setting watchdog for 200 seconds at Fri Mar 01 21:48:07 UTC 2019
4 ms. Memory: 208384K Free: 196493K (94%)
ptolemy.util.test.WatchDog.cancel(): canceling Fri Mar 01 21:48:07 UTC 2019
------------------ testing $PTII/ptolemy/domains/de/test/auto/CausalityInterface15.xml
auto.tcl: Setting watchdog for 200 seconds at Fri Mar 01 21:48:07 UTC 2019
8 ms. Memory: 208384K Free: 196451K (94%)
ptolemy.util.test.WatchDog.cancel(): canceling Fri Mar 01 21:48:07 UTC 2019
auto.tcl: Setting watchdog for 200 seconds at Fri Mar 01 21:48:07 UTC 2019
4 ms. Memory: 208384K Free: 196451K (94%)
ptolemy.util.test.WatchDog.cancel(): canceling Fri Mar 01 21:48:07 UTC 2019
------------------ testing $PTII/ptolemy/domains/de/test/auto/CausalityInterface2.xml
auto.tcl: Setting watchdog for 200 seconds at Fri Mar 01 21:48:07 UTC 2019
4 ms. Memory: 208384K Free: 196467K (94%)
ptolemy.util.test.WatchDog.cancel(): canceling Fri Mar 01 21:48:08 UTC 2019
auto.tcl: Setting watchdog for 200 seconds at Fri Mar 01 21:48:08 UTC 2019
3 ms. Memory: 208384K Free: 196467K (94%)
ptolemy.util.test.WatchDog.cancel(): canceling Fri Mar 01 21:48:08 UTC 2019
------------------ testing $PTII/ptolemy/domains/de/test/auto/CausalityInterface3.xml
auto.tcl: Setting watchdog for 200 seconds at Fri Mar 01 21:48:08 UTC 2019
10 ms. Memory: 208384K Free: 196480K (94%)
ptolemy.util.test.WatchDog.cancel(): canceling Fri Mar 01 21:48:08 UTC 2019
auto.tcl: Setting watchdog for 200 seconds at Fri Mar 01 21:48:08 UTC 2019
3 ms. Memory: 208384K Free: 196480K (94%)
ptolemy.util.test.WatchDog.cancel(): canceling Fri Mar 01 21:48:08 UTC 2019
------------------ testing $PTII/ptolemy/domains/de/test/auto/ClockDrift.xml
auto.tcl: Setting watchdog for 200 seconds at Fri Mar 01 21:48:08 UTC 2019
80 ms. Memory: 208384K Free: 187880K (90%)
ptolemy.util.test.WatchDog.cancel(): canceling Fri Mar 01 21:48:08 UTC 2019
auto.tcl: Setting watchdog for 200 seconds at Fri Mar 01 21:48:08 UTC 2019
45 ms. Memory: 208384K Free: 185837K (89%)
ptolemy.util.test.WatchDog.cancel(): canceling Fri Mar 01 21:48:08 UTC 2019
------------------ testing $PTII/ptolemy/domains/de/test/auto/ClockDriftAndValueChange.xml
auto.tcl: Setting watchdog for 200 seconds at Fri Mar 01 21:48:08 UTC 2019
31 ms. Memory: 208384K Free: 189760K (91%)
ptolemy.util.test.WatchDog.cancel(): canceling Fri Mar 01 21:48:08 UTC 2019
auto.tcl: Setting watchdog for 200 seconds at Fri Mar 01 21:48:08 UTC 2019
31 ms. Memory: 208384K Free: 185670K (89%)
ptolemy.util.test.WatchDog.cancel(): canceling Fri Mar 01 21:48:08 UTC 2019
------------------ testing $PTII/ptolemy/domains/de/test/auto/ClockDriftChange.xml
auto.tcl: Setting watchdog for 200 seconds at Fri Mar 01 21:48:08 UTC 2019
47 ms. Memory: 208384K Free: 190985K (92%)
ptolemy.util.test.WatchDog.cancel(): canceling Fri Mar 01 21:48:08 UTC 2019
auto.tcl: Setting watchdog for 200 seconds at Fri Mar 01 21:48:08 UTC 2019
23 ms. Memory: 208384K Free: 188941K (91%)
ptolemy.util.test.WatchDog.cancel(): canceling Fri Mar 01 21:48:08 UTC 2019
------------------ testing $PTII/ptolemy/domains/de/test/auto/ComposableCausalityAnalysis.xml
auto.tcl: Setting watchdog for 200 seconds at Fri Mar 01 21:48:08 UTC 2019
3 ms. Memory: 208384K Free: 196334K (94%)
ptolemy.util.test.WatchDog.cancel(): canceling Fri Mar 01 21:48:08 UTC 2019
auto.tcl: Setting watchdog for 200 seconds at Fri Mar 01 21:48:08 UTC 2019
2 ms. Memory: 208384K Free: 194290K (93%)
ptolemy.util.test.WatchDog.cancel(): canceling Fri Mar 01 21:48:08 UTC 2019
------------------ testing $PTII/ptolemy/domains/de/test/auto/DEFixedPointLimitation.xml
auto.tcl: Setting watchdog for 200 seconds at Fri Mar 01 21:48:08 UTC 2019
2 ms. Memory: 208384K Free: 198458K (95%)
ptolemy.util.test.WatchDog.cancel(): canceling Fri Mar 01 21:48:08 UTC 2019
auto.tcl: Setting watchdog for 200 seconds at Fri Mar 01 21:48:08 UTC 2019
2 ms. Memory: 208384K Free: 196414K (94%)
ptolemy.util.test.WatchDog.cancel(): canceling Fri Mar 01 21:48:08 UTC 2019
------------------ testing $PTII/ptolemy/domains/de/test/auto/DEScheduleTest.xml
auto.tcl: Setting watchdog for 200 seconds at Fri Mar 01 21:48:08 UTC 2019
4 ms. Memory: 208384K Free: 199013K (96%)
ptolemy.util.test.WatchDog.cancel(): canceling Fri Mar 01 21:48:09 UTC 2019
auto.tcl: Setting watchdog for 200 seconds at Fri Mar 01 21:48:09 UTC 2019
5 ms. Memory: 208384K Free: 196969K (95%)
ptolemy.util.test.WatchDog.cancel(): canceling Fri Mar 01 21:48:09 UTC 2019
------------------ testing $PTII/ptolemy/domains/de/test/auto/DEinDEwithStartTimes.xml
auto.tcl: Setting watchdog for 200 seconds at Fri Mar 01 21:48:09 UTC 2019
7 ms. Memory: 208384K Free: 196420K (94%)
ptolemy.util.test.WatchDog.cancel(): canceling Fri Mar 01 21:48:09 UTC 2019
auto.tcl: Setting watchdog for 200 seconds at Fri Mar 01 21:48:09 UTC 2019
5 ms. Memory: 208384K Free: 196420K (94%)
ptolemy.util.test.WatchDog.cancel(): canceling Fri Mar 01 21:48:09 UTC 2019
------------------ testing $PTII/ptolemy/domains/de/test/auto/DEinDEwithStartTimes2.xml
auto.tcl: Setting watchdog for 200 seconds at Fri Mar 01 21:48:09 UTC 2019
9 ms. Memory: 208384K Free: 196400K (94%)
ptolemy.util.test.WatchDog.cancel(): canceling Fri Mar 01 21:48:09 UTC 2019
auto.tcl: Setting watchdog for 200 seconds at Fri Mar 01 21:48:09 UTC 2019
5 ms. Memory: 208384K Free: 194356K (93%)
ptolemy.util.test.WatchDog.cancel(): canceling Fri Mar 01 21:48:09 UTC 2019
------------------ testing $PTII/ptolemy/domains/de/test/auto/DateDemo.xml
auto.tcl: Setting watchdog for 200 seconds at Fri Mar 01 21:48:09 UTC 2019
9 ms. Memory: 208384K Free: 189006K (91%)
ptolemy.util.test.WatchDog.cancel(): canceling Fri Mar 01 21:48:09 UTC 2019
auto.tcl: Setting watchdog for 200 seconds at Fri Mar 01 21:48:09 UTC 2019
15 ms. Memory: 208384K Free: 186963K (90%)
ptolemy.util.test.WatchDog.cancel(): canceling Fri Mar 01 21:48:09 UTC 2019
------------------ testing $PTII/ptolemy/domains/de/test/auto/DateToEvent.xml
auto.tcl: Setting watchdog for 200 seconds at Fri Mar 01 21:48:09 UTC 2019
2012 ms. Memory: 208384K Free: 183907K (88%)
ptolemy.util.test.WatchDog.cancel(): canceling Fri Mar 01 21:48:11 UTC 2019
auto.tcl: Setting watchdog for 200 seconds at Fri Mar 01 21:48:11 UTC 2019
2007 ms. Memory: 208384K Free: 183907K (88%)
ptolemy.util.test.WatchDog.cancel(): canceling Fri Mar 01 21:48:13 UTC 2019
------------------ testing $PTII/ptolemy/domains/de/test/auto/DepthTest1.xml
auto.tcl: Setting watchdog for 200 seconds at Fri Mar 01 21:48:13 UTC 2019
3 ms. Memory: 208384K Free: 198021K (95%)
ptolemy.util.test.WatchDog.cancel(): canceling Fri Mar 01 21:48:13 UTC 2019
auto.tcl: Setting watchdog for 200 seconds at Fri Mar 01 21:48:13 UTC 2019
4 ms. Memory: 208384K Free: 198021K (95%)
ptolemy.util.test.WatchDog.cancel(): canceling Fri Mar 01 21:48:13 UTC 2019
------------------ testing $PTII/ptolemy/domains/de/test/auto/DepthTest2.xml
auto.tcl: Setting watchdog for 200 seconds at Fri Mar 01 21:48:13 UTC 2019
8 ms. Memory: 208384K Free: 194368K (93%)
ptolemy.util.test.WatchDog.cancel(): canceling Fri Mar 01 21:48:13 UTC 2019
auto.tcl: Setting watchdog for 200 seconds at Fri Mar 01 21:48:13 UTC 2019
6 ms. Memory: 208384K Free: 194368K (93%)
ptolemy.util.test.WatchDog.cancel(): canceling Fri Mar 01 21:48:13 UTC 2019
------------------ testing $PTII/ptolemy/domains/de/test/auto/DepthTest3.xml
auto.tcl: Setting watchdog for 200 seconds at Fri Mar 01 21:48:13 UTC 2019
2 ms. Memory: 208384K Free: 198356K (95%)
ptolemy.util.test.WatchDog.cancel(): canceling Fri Mar 01 21:48:13 UTC 2019
auto.tcl: Setting watchdog for 200 seconds at Fri Mar 01 21:48:13 UTC 2019
2 ms. Memory: 208384K Free: 198356K (95%)
ptolemy.util.test.WatchDog.cancel(): canceling Fri Mar 01 21:48:13 UTC 2019
------------------ testing $PTII/ptolemy/domains/de/test/auto/DepthTest4.xml
auto.tcl: Setting watchdog for 200 seconds at Fri Mar 01 21:48:13 UTC 2019
11 ms. Memory: 208384K Free: 196400K (94%)
ptolemy.util.test.WatchDog.cancel(): canceling Fri Mar 01 21:48:13 UTC 2019
auto.tcl: Setting watchdog for 200 seconds at Fri Mar 01 21:48:13 UTC 2019
3 ms. Memory: 208384K Free: 196400K (94%)
ptolemy.util.test.WatchDog.cancel(): canceling Fri Mar 01 21:48:13 UTC 2019
------------------ testing $PTII/ptolemy/domains/de/test/auto/DepthTest5.xml
auto.tcl: Setting watchdog for 200 seconds at Fri Mar 01 21:48:13 UTC 2019
3 ms. Memory: 208384K Free: 196347K (94%)
ptolemy.util.test.WatchDog.cancel(): canceling Fri Mar 01 21:48:13 UTC 2019
auto.tcl: Setting watchdog for 200 seconds at Fri Mar 01 21:48:13 UTC 2019
2 ms. Memory: 208384K Free: 196347K (94%)
ptolemy.util.test.WatchDog.cancel(): canceling Fri Mar 01 21:48:13 UTC 2019
------------------ testing $PTII/ptolemy/domains/de/test/auto/DepthTest6.xml
auto.tcl: Setting watchdog for 200 seconds at Fri Mar 01 21:48:13 UTC 2019
9 ms. Memory: 208384K Free: 196842K (94%)
ptolemy.util.test.WatchDog.cancel(): canceling Fri Mar 01 21:48:13 UTC 2019
auto.tcl: Setting watchdog for 200 seconds at Fri Mar 01 21:48:13 UTC 2019
2 ms. Memory: 208384K Free: 196842K (94%)
ptolemy.util.test.WatchDog.cancel(): canceling Fri Mar 01 21:48:14 UTC 2019
------------------ testing $PTII/ptolemy/domains/de/test/auto/DepthTest7.xml
auto.tcl: Setting watchdog for 200 seconds at Fri Mar 01 21:48:14 UTC 2019
2 ms. Memory: 208384K Free: 196304K (94%)
ptolemy.util.test.WatchDog.cancel(): canceling Fri Mar 01 21:48:14 UTC 2019
auto.tcl: Setting watchdog for 200 seconds at Fri Mar 01 21:48:14 UTC 2019
2 ms. Memory: 208384K Free: 196304K (94%)
ptolemy.util.test.WatchDog.cancel(): canceling Fri Mar 01 21:48:14 UTC 2019
------------------ testing $PTII/ptolemy/domains/de/test/auto/EventToDate.xml
auto.tcl: Setting watchdog for 200 seconds at Fri Mar 01 21:48:14 UTC 2019
3009 ms. Memory: 208384K Free: 186101K (89%)
ptolemy.util.test.WatchDog.cancel(): canceling Fri Mar 01 21:48:17 UTC 2019
auto.tcl: Setting watchdog for 200 seconds at Fri Mar 01 21:48:17 UTC 2019
3004 ms. Memory: 208384K Free: 186101K (89%)
ptolemy.util.test.WatchDog.cancel(): canceling Fri Mar 01 21:48:20 UTC 2019
------------------ testing $PTII/ptolemy/domains/de/test/auto/FSM1.xml
auto.tcl: Setting watchdog for 200 seconds at Fri Mar 01 21:48:20 UTC 2019
18 ms. Memory: 208384K Free: 189989K (91%)
ptolemy.util.test.WatchDog.cancel(): canceling Fri Mar 01 21:48:20 UTC 2019
auto.tcl: Setting watchdog for 200 seconds at Fri Mar 01 21:48:20 UTC 2019
22 ms. Memory: 208384K Free: 185382K (89%)
ptolemy.util.test.WatchDog.cancel(): canceling Fri Mar 01 21:48:20 UTC 2019
------------------ testing $PTII/ptolemy/domains/de/test/auto/FSM7.xml
auto.tcl: Setting watchdog for 200 seconds at Fri Mar 01 21:48:20 UTC 2019
29 ms. Memory: 208384K Free: 189673K (91%)
ptolemy.util.test.WatchDog.cancel(): canceling Fri Mar 01 21:48:20 UTC 2019
auto.tcl: Setting watchdog for 200 seconds at Fri Mar 01 21:48:20 UTC 2019
27 ms. Memory: 208384K Free: 185586K (89%)
ptolemy.util.test.WatchDog.cancel(): canceling Fri Mar 01 21:48:20 UTC 2019
------------------ testing $PTII/ptolemy/domains/de/test/auto/Inspection.xml
auto.tcl: Setting watchdog for 200 seconds at Fri Mar 01 21:48:20 UTC 2019
42 ms. Memory: 208384K Free: 189361K (91%)
ptolemy.util.test.WatchDog.cancel(): canceling Fri Mar 01 21:48:20 UTC 2019
auto.tcl: Setting watchdog for 200 seconds at Fri Mar 01 21:48:20 UTC 2019
33 ms. Memory: 208384K Free: 187317K (90%)
ptolemy.util.test.WatchDog.cancel(): canceling Fri Mar 01 21:48:20 UTC 2019
------------------ testing $PTII/ptolemy/domains/de/test/auto/Iteration.xml
auto.tcl: Setting watchdog for 200 seconds at Fri Mar 01 21:48:20 UTC 2019
10 ms. Memory: 208384K Free: 196110K (94%)
ptolemy.util.test.WatchDog.cancel(): canceling Fri Mar 01 21:48:20 UTC 2019
auto.tcl: Setting watchdog for 200 seconds at Fri Mar 01 21:48:20 UTC 2019
7 ms. Memory: 208384K Free: 194066K (93%)
ptolemy.util.test.WatchDog.cancel(): canceling Fri Mar 01 21:48:20 UTC 2019
------------------ testing $PTII/ptolemy/domains/de/test/auto/LineFault.xml
auto.tcl: Setting watchdog for 200 seconds at Fri Mar 01 21:48:20 UTC 2019
816 ms. Memory: 208384K Free: 199810K (96%)
ptolemy.util.test.WatchDog.cancel(): canceling Fri Mar 01 21:48:21 UTC 2019
auto.tcl: Setting watchdog for 200 seconds at Fri Mar 01 21:48:21 UTC 2019
654 ms. Memory: 208384K Free: 142336K (68%)
ptolemy.util.test.WatchDog.cancel(): canceling Fri Mar 01 21:48:22 UTC 2019
------------------ testing $PTII/ptolemy/domains/de/test/auto/MergeModel1Add.xml
auto.tcl: Setting watchdog for 200 seconds at Fri Mar 01 21:48:22 UTC 2019
38 ms. Memory: 331264K Free: 300773K (91%)
ptolemy.util.test.WatchDog.cancel(): canceling Fri Mar 01 21:48:22 UTC 2019
auto.tcl: Setting watchdog for 200 seconds at Fri Mar 01 21:48:22 UTC 2019
15 ms. Memory: 331264K Free: 300773K (91%)
ptolemy.util.test.WatchDog.cancel(): canceling Fri Mar 01 21:48:22 UTC 2019
------------------ testing $PTII/ptolemy/domains/de/test/auto/MergeModel2Add.xml
auto.tcl: Setting watchdog for 200 seconds at Fri Mar 01 21:48:22 UTC 2019
10 ms. Memory: 331264K Free: 305715K (92%)
ptolemy.util.test.WatchDog.cancel(): canceling Fri Mar 01 21:48:22 UTC 2019
auto.tcl: Setting watchdog for 200 seconds at Fri Mar 01 21:48:22 UTC 2019
11 ms. Memory: 331264K Free: 302144K (91%)
ptolemy.util.test.WatchDog.cancel(): canceling Fri Mar 01 21:48:22 UTC 2019
------------------ testing $PTII/ptolemy/domains/de/test/auto/MergeModel3Add.xml
auto.tcl: Setting watchdog for 200 seconds at Fri Mar 01 21:48:22 UTC 2019
12 ms. Memory: 331264K Free: 305694K (92%)
ptolemy.util.test.WatchDog.cancel(): canceling Fri Mar 01 21:48:23 UTC 2019
auto.tcl: Setting watchdog for 200 seconds at Fri Mar 01 21:48:23 UTC 2019
10 ms. Memory: 331264K Free: 302123K (91%)
ptolemy.util.test.WatchDog.cancel(): canceling Fri Mar 01 21:48:23 UTC 2019
------------------ testing $PTII/ptolemy/domains/de/test/auto/MergeWithoutDiscard.xml
auto.tcl: Setting watchdog for 200 seconds at Fri Mar 01 21:48:23 UTC 2019
4 ms. Memory: 331264K Free: 316435K (96%)
ptolemy.util.test.WatchDog.cancel(): canceling Fri Mar 01 21:48:23 UTC 2019
auto.tcl: Setting watchdog for 200 seconds at Fri Mar 01 21:48:23 UTC 2019
2 ms. Memory: 331264K Free: 316435K (96%)
ptolemy.util.test.WatchDog.cancel(): canceling Fri Mar 01 21:48:23 UTC 2019
------------------ testing $PTII/ptolemy/domains/de/test/auto/Modal1.xml
auto.tcl: Setting watchdog for 200 seconds at Fri Mar 01 21:48:23 UTC 2019
11 ms. Memory: 331264K Free: 310705K (94%)
ptolemy.util.test.WatchDog.cancel(): canceling Fri Mar 01 21:48:23 UTC 2019
auto.tcl: Setting watchdog for 200 seconds at Fri Mar 01 21:48:23 UTC 2019
13 ms. Memory: 331264K Free: 307134K (93%)
ptolemy.util.test.WatchDog.cancel(): canceling Fri Mar 01 21:48:23 UTC 2019
------------------ testing $PTII/ptolemy/domains/de/test/auto/Modal2.xml
auto.tcl: Setting watchdog for 200 seconds at Fri Mar 01 21:48:23 UTC 2019
11 ms. Memory: 331264K Free: 305647K (92%)
ptolemy.util.test.WatchDog.cancel(): canceling Fri Mar 01 21:48:23 UTC 2019
auto.tcl: Setting watchdog for 200 seconds at Fri Mar 01 21:48:23 UTC 2019
12 ms. Memory: 331264K Free: 302076K (91%)
ptolemy.util.test.WatchDog.cancel(): canceling Fri Mar 01 21:48:23 UTC 2019
------------------ testing $PTII/ptolemy/domains/de/test/auto/Modal3.xml
auto.tcl: Setting watchdog for 200 seconds at Fri Mar 01 21:48:23 UTC 2019
12 ms. Memory: 331264K Free: 310577K (94%)
ptolemy.util.test.WatchDog.cancel(): canceling Fri Mar 01 21:48:23 UTC 2019
auto.tcl: Setting watchdog for 200 seconds at Fri Mar 01 21:48:23 UTC 2019
12 ms. Memory: 331264K Free: 307006K (93%)
ptolemy.util.test.WatchDog.cancel(): canceling Fri Mar 01 21:48:23 UTC 2019
------------------ testing $PTII/ptolemy/domains/de/test/auto/Modal4.xml
auto.tcl: Setting watchdog for 200 seconds at Fri Mar 01 21:48:23 UTC 2019
34 ms. Memory: 331264K Free: 310590K (94%)
ptolemy.util.test.WatchDog.cancel(): canceling Fri Mar 01 21:48:23 UTC 2019
auto.tcl: Setting watchdog for 200 seconds at Fri Mar 01 21:48:23 UTC 2019
26 ms. Memory: 331264K Free: 307019K (93%)
ptolemy.util.test.WatchDog.cancel(): canceling Fri Mar 01 21:48:23 UTC 2019
------------------ testing $PTII/ptolemy/domains/de/test/auto/Modal5.xml
auto.tcl: Setting watchdog for 200 seconds at Fri Mar 01 21:48:23 UTC 2019
19 ms. Memory: 331264K Free: 310577K (94%)
ptolemy.util.test.WatchDog.cancel(): canceling Fri Mar 01 21:48:23 UTC 2019
auto.tcl: Setting watchdog for 200 seconds at Fri Mar 01 21:48:23 UTC 2019
14 ms. Memory: 331264K Free: 307006K (93%)
ptolemy.util.test.WatchDog.cancel(): canceling Fri Mar 01 21:48:23 UTC 2019
------------------ testing $PTII/ptolemy/domains/de/test/auto/Modal6.xml
auto.tcl: Setting watchdog for 200 seconds at Fri Mar 01 21:48:23 UTC 2019
15 ms. Memory: 331264K Free: 310574K (94%)
ptolemy.util.test.WatchDog.cancel(): canceling Fri Mar 01 21:48:23 UTC 2019
auto.tcl: Setting watchdog for 200 seconds at Fri Mar 01 21:48:23 UTC 2019
21 ms. Memory: 331264K Free: 307003K (93%)
ptolemy.util.test.WatchDog.cancel(): canceling Fri Mar 01 21:48:23 UTC 2019
------------------ testing $PTII/ptolemy/domains/de/test/auto/Modal7.xml
auto.tcl: Setting watchdog for 200 seconds at Fri Mar 01 21:48:23 UTC 2019
20 ms. Memory: 331264K Free: 307004K (93%)
ptolemy.util.test.WatchDog.cancel(): canceling Fri Mar 01 21:48:23 UTC 2019
auto.tcl: Setting watchdog for 200 seconds at Fri Mar 01 21:48:23 UTC 2019
10 ms. Memory: 331264K Free: 303432K (92%)
ptolemy.util.test.WatchDog.cancel(): canceling Fri Mar 01 21:48:23 UTC 2019
------------------ testing $PTII/ptolemy/domains/de/test/auto/ModalModel.xml
auto.tcl: Setting watchdog for 200 seconds at Fri Mar 01 21:48:23 UTC 2019
180 ms. Memory: 331264K Free: 248219K (75%)
ptolemy.util.test.WatchDog.cancel(): canceling Fri Mar 01 21:48:24 UTC 2019
auto.tcl: Setting watchdog for 200 seconds at Fri Mar 01 21:48:24 UTC 2019
192 ms. Memory: 331264K Free: 191083K (58%)
ptolemy.util.test.WatchDog.cancel(): canceling Fri Mar 01 21:48:24 UTC 2019
------------------ testing $PTII/ptolemy/domains/de/test/auto/ModalSource.xml
auto.tcl: Setting watchdog for 200 seconds at Fri Mar 01 21:48:24 UTC 2019
11 ms. Memory: 331264K Free: 316859K (96%)
ptolemy.util.test.WatchDog.cancel(): canceling Fri Mar 01 21:48:24 UTC 2019
auto.tcl: Setting watchdog for 200 seconds at Fri Mar 01 21:48:24 UTC 2019
7 ms. Memory: 331264K Free: 313588K (95%)
ptolemy.util.test.WatchDog.cancel(): canceling Fri Mar 01 21:48:24 UTC 2019
------------------ testing $PTII/ptolemy/domains/de/test/auto/NonInterruptibleTimerZeroDelay.xml
auto.tcl: Setting watchdog for 200 seconds at Fri Mar 01 21:48:24 UTC 2019
5 ms. Memory: 331264K Free: 320781K (97%)
ptolemy.util.test.WatchDog.cancel(): canceling Fri Mar 01 21:48:24 UTC 2019
auto.tcl: Setting watchdog for 200 seconds at Fri Mar 01 21:48:24 UTC 2019
2 ms. Memory: 331264K Free: 317511K (96%)
ptolemy.util.test.WatchDog.cancel(): canceling Fri Mar 01 21:48:24 UTC 2019
------------------ testing $PTII/ptolemy/domains/de/test/auto/OpenQueueingNetwork.xml
auto.tcl: Setting watchdog for 200 seconds at Fri Mar 01 21:48:24 UTC 2019
2966 ms. Memory: 573952K Free: 414476K (72%)
ptolemy.util.test.WatchDog.cancel(): canceling Fri Mar 01 21:48:27 UTC 2019
auto.tcl: Setting watchdog for 200 seconds at Fri Mar 01 21:48:27 UTC 2019
2340 ms. Memory: 550912K Free: 325316K (59%)
ptolemy.util.test.WatchDog.cancel(): canceling Fri Mar 01 21:48:30 UTC 2019
------------------ testing $PTII/ptolemy/domains/de/test/auto/OpenQueuingNetwork.xml
auto.tcl: Setting watchdog for 200 seconds at Fri Mar 01 21:48:30 UTC 2019
238 ms. Memory: 549888K Free: 446453K (81%)
ptolemy.util.test.WatchDog.cancel(): canceling Fri Mar 01 21:48:30 UTC 2019
auto.tcl: Setting watchdog for 200 seconds at Fri Mar 01 21:48:30 UTC 2019
226 ms. Memory: 549888K Free: 388991K (71%)
ptolemy.util.test.WatchDog.cancel(): canceling Fri Mar 01 21:48:30 UTC 2019
------------------ testing $PTII/ptolemy/domains/de/test/auto/PeriodicSampler.xml
auto.tcl: Setting watchdog for 200 seconds at Fri Mar 01 21:48:30 UTC 2019
2 ms. Memory: 551936K Free: 537106K (97%)
ptolemy.util.test.WatchDog.cancel(): canceling Fri Mar 01 21:48:30 UTC 2019
auto.tcl: Setting watchdog for 200 seconds at Fri Mar 01 21:48:30 UTC 2019
2 ms. Memory: 551936K Free: 537106K (97%)
ptolemy.util.test.WatchDog.cancel(): canceling Fri Mar 01 21:48:30 UTC 2019
------------------ testing $PTII/ptolemy/domains/de/test/auto/PersistentIO.xml
auto.tcl: Setting watchdog for 200 seconds at Fri Mar 01 21:48:30 UTC 2019
14 ms. Memory: 549376K Free: 525226K (96%)
ptolemy.util.test.WatchDog.cancel(): canceling Fri Mar 01 21:48:30 UTC 2019
auto.tcl: Setting watchdog for 200 seconds at Fri Mar 01 21:48:30 UTC 2019
3 ms. Memory: 549376K Free: 525226K (96%)
ptolemy.util.test.WatchDog.cancel(): canceling Fri Mar 01 21:48:30 UTC 2019
------------------ testing $PTII/ptolemy/domains/de/test/auto/PortParameterResetOnInitialize.xml
auto.tcl: Setting watchdog for 200 seconds at Fri Mar 01 21:48:30 UTC 2019
3 ms. Memory: 551424K Free: 536512K (97%)
ptolemy.util.test.WatchDog.cancel(): canceling Fri Mar 01 21:48:30 UTC 2019
auto.tcl: Setting watchdog for 200 seconds at Fri Mar 01 21:48:30 UTC 2019
1 ms. Memory: 551424K Free: 536512K (97%)
ptolemy.util.test.WatchDog.cancel(): canceling Fri Mar 01 21:48:30 UTC 2019
------------------ testing $PTII/ptolemy/domains/de/test/auto/PortParameterUpdates.xml
auto.tcl: Setting watchdog for 200 seconds at Fri Mar 01 21:48:31 UTC 2019
6 ms. Memory: 549376K Free: 534597K (97%)
ptolemy.util.test.WatchDog.cancel(): canceling Fri Mar 01 21:48:31 UTC 2019
auto.tcl: Setting watchdog for 200 seconds at Fri Mar 01 21:48:31 UTC 2019
4 ms. Memory: 549376K Free: 529357K (96%)
ptolemy.util.test.WatchDog.cancel(): canceling Fri Mar 01 21:48:31 UTC 2019
------------------ testing $PTII/ptolemy/domains/de/test/auto/QueueAndServer.xml
auto.tcl: Setting watchdog for 200 seconds at Fri Mar 01 21:48:31 UTC 2019
16 ms. Memory: 551424K Free: 531369K (96%)
ptolemy.util.test.WatchDog.cancel(): canceling Fri Mar 01 21:48:31 UTC 2019
auto.tcl: Setting watchdog for 200 seconds at Fri Mar 01 21:48:31 UTC 2019
12 ms. Memory: 551424K Free: 531369K (96%)
ptolemy.util.test.WatchDog.cancel(): canceling Fri Mar 01 21:48:31 UTC 2019
------------------ testing $PTII/ptolemy/domains/de/test/auto/Records.xml
auto.tcl: Setting watchdog for 200 seconds at Fri Mar 01 21:48:31 UTC 2019
3 ms. Memory: 549376K Free: 534503K (97%)
ptolemy.util.test.WatchDog.cancel(): canceling Fri Mar 01 21:48:31 UTC 2019
auto.tcl: Setting watchdog for 200 seconds at Fri Mar 01 21:48:31 UTC 2019
3 ms. Memory: 549376K Free: 529279K (96%)
ptolemy.util.test.WatchDog.cancel(): canceling Fri Mar 01 21:48:31 UTC 2019
------------------ testing $PTII/ptolemy/domains/de/test/auto/ResetTransitionWithStartTime1.xml
auto.tcl: Setting watchdog for 200 seconds at Fri Mar 01 21:48:31 UTC 2019
16 ms. Memory: 551424K Free: 531879K (96%)
ptolemy.util.test.WatchDog.cancel(): canceling Fri Mar 01 21:48:31 UTC 2019
auto.tcl: Setting watchdog for 200 seconds at Fri Mar 01 21:48:31 UTC 2019
8 ms. Memory: 551424K Free: 531336K (96%)
ptolemy.util.test.WatchDog.cancel(): canceling Fri Mar 01 21:48:31 UTC 2019
------------------ testing $PTII/ptolemy/domains/de/test/auto/ResetTransitionWithStartTime2.xml
auto.tcl: Setting watchdog for 200 seconds at Fri Mar 01 21:48:31 UTC 2019
10 ms. Memory: 549376K Free: 529823K (96%)
ptolemy.util.test.WatchDog.cancel(): canceling Fri Mar 01 21:48:31 UTC 2019
auto.tcl: Setting watchdog for 200 seconds at Fri Mar 01 21:48:31 UTC 2019
4 ms. Memory: 549376K Free: 529823K (96%)
ptolemy.util.test.WatchDog.cancel(): canceling Fri Mar 01 21:48:31 UTC 2019
------------------ testing $PTII/ptolemy/domains/de/test/auto/ResetTransitionWithStartTime3.xml
auto.tcl: Setting watchdog for 200 seconds at Fri Mar 01 21:48:31 UTC 2019
7 ms. Memory: 550912K Free: 530814K (96%)
ptolemy.util.test.WatchDog.cancel(): canceling Fri Mar 01 21:48:31 UTC 2019
auto.tcl: Setting watchdog for 200 seconds at Fri Mar 01 21:48:31 UTC 2019
6 ms. Memory: 550912K Free: 530814K (96%)
ptolemy.util.test.WatchDog.cancel(): canceling Fri Mar 01 21:48:31 UTC 2019
------------------ testing $PTII/ptolemy/domains/de/test/auto/ResetTransitionWithStartTime4.xml
auto.tcl: Setting watchdog for 200 seconds at Fri Mar 01 21:48:31 UTC 2019
4 ms. Memory: 549376K Free: 529277K (96%)
ptolemy.util.test.WatchDog.cancel(): canceling Fri Mar 01 21:48:31 UTC 2019
auto.tcl: Setting watchdog for 200 seconds at Fri Mar 01 21:48:31 UTC 2019
4 ms. Memory: 549376K Free: 529277K (96%)
ptolemy.util.test.WatchDog.cancel(): canceling Fri Mar 01 21:48:31 UTC 2019
------------------ testing $PTII/ptolemy/domains/de/test/auto/ResettableTimer1.xml
auto.tcl: Setting watchdog for 200 seconds at Fri Mar 01 21:48:31 UTC 2019
3 ms. Memory: 550912K Free: 536049K (97%)
ptolemy.util.test.WatchDog.cancel(): canceling Fri Mar 01 21:48:31 UTC 2019
auto.tcl: Setting watchdog for 200 seconds at Fri Mar 01 21:48:31 UTC 2019
2 ms. Memory: 550912K Free: 536049K (97%)
ptolemy.util.test.WatchDog.cancel(): canceling Fri Mar 01 21:48:31 UTC 2019
------------------ testing $PTII/ptolemy/domains/de/test/auto/ResettableTimer2.xml
auto.tcl: Setting watchdog for 200 seconds at Fri Mar 01 21:48:31 UTC 2019
3 ms. Memory: 549376K Free: 535114K (97%)
ptolemy.util.test.WatchDog.cancel(): canceling Fri Mar 01 21:48:31 UTC 2019
auto.tcl: Setting watchdog for 200 seconds at Fri Mar 01 21:48:31 UTC 2019
2 ms. Memory: 549376K Free: 535114K (97%)
ptolemy.util.test.WatchDog.cancel(): canceling Fri Mar 01 21:48:31 UTC 2019
------------------ testing $PTII/ptolemy/domains/de/test/auto/ResettableTimer3.xml
auto.tcl: Setting watchdog for 200 seconds at Fri Mar 01 21:48:31 UTC 2019
1 ms. Memory: 550912K Free: 536106K (97%)
ptolemy.util.test.WatchDog.cancel(): canceling Fri Mar 01 21:48:31 UTC 2019
auto.tcl: Setting watchdog for 200 seconds at Fri Mar 01 21:48:31 UTC 2019
2 ms. Memory: 550912K Free: 536106K (97%)
ptolemy.util.test.WatchDog.cancel(): canceling Fri Mar 01 21:48:31 UTC 2019
------------------ testing $PTII/ptolemy/domains/de/test/auto/ResettableTimer4.xml
auto.tcl: Setting watchdog for 200 seconds at Fri Mar 01 21:48:31 UTC 2019
2 ms. Memory: 549376K Free: 535126K (97%)
ptolemy.util.test.WatchDog.cancel(): canceling Fri Mar 01 21:48:31 UTC 2019
auto.tcl: Setting watchdog for 200 seconds at Fri Mar 01 21:48:31 UTC 2019
1 ms. Memory: 549376K Free: 535126K (97%)
ptolemy.util.test.WatchDog.cancel(): canceling Fri Mar 01 21:48:31 UTC 2019
------------------ testing $PTII/ptolemy/domains/de/test/auto/ResettableTimer5.xml
auto.tcl: Setting watchdog for 200 seconds at Fri Mar 01 21:48:31 UTC 2019
2 ms. Memory: 550400K Free: 531468K (97%)
ptolemy.util.test.WatchDog.cancel(): canceling Fri Mar 01 21:48:31 UTC 2019
auto.tcl: Setting watchdog for 200 seconds at Fri Mar 01 21:48:31 UTC 2019
2 ms. Memory: 550400K Free: 531468K (97%)
ptolemy.util.test.WatchDog.cancel(): canceling Fri Mar 01 21:48:31 UTC 2019
------------------ testing $PTII/ptolemy/domains/de/test/auto/ResettableTimer6.xml
auto.tcl: Setting watchdog for 200 seconds at Fri Mar 01 21:48:31 UTC 2019
2 ms. Memory: 549376K Free: 520491K (95%)
ptolemy.util.test.WatchDog.cancel(): canceling Fri Mar 01 21:48:31 UTC 2019
auto.tcl: Setting watchdog for 200 seconds at Fri Mar 01 21:48:31 UTC 2019
2 ms. Memory: 549376K Free: 520491K (95%)
ptolemy.util.test.WatchDog.cancel(): canceling Fri Mar 01 21:48:31 UTC 2019
------------------ testing $PTII/ptolemy/domains/de/test/auto/ServerZeroDelay.xml
auto.tcl: Setting watchdog for 200 seconds at Fri Mar 01 21:48:32 UTC 2019
8 ms. Memory: 550400K Free: 536088K (97%)
ptolemy.util.test.WatchDog.cancel(): canceling Fri Mar 01 21:48:32 UTC 2019
auto.tcl: Setting watchdog for 200 seconds at Fri Mar 01 21:48:32 UTC 2019
2 ms. Memory: 550400K Free: 536088K (97%)
ptolemy.util.test.WatchDog.cancel(): canceling Fri Mar 01 21:48:32 UTC 2019
------------------ testing $PTII/ptolemy/domains/de/test/auto/SmartSender.xml
auto.tcl: Setting watchdog for 200 seconds at Fri Mar 01 21:48:32 UTC 2019
3001 ms. Memory: 549376K Free: 535060K (97%)
ptolemy.util.test.WatchDog.cancel(): canceling Fri Mar 01 21:48:35 UTC 2019
auto.tcl: Setting watchdog for 200 seconds at Fri Mar 01 21:48:35 UTC 2019
3001 ms. Memory: 549376K Free: 535060K (97%)
ptolemy.util.test.WatchDog.cancel(): canceling Fri Mar 01 21:48:38 UTC 2019
------------------ testing $PTII/ptolemy/domains/de/test/auto/ThreadedComposite.xml
auto.tcl: Setting watchdog for 200 seconds at Fri Mar 01 21:48:38 UTC 2019
270 ms. Memory: 550400K Free: 511035K (93%)
ptolemy.util.test.WatchDog.cancel(): canceling Fri Mar 01 21:48:38 UTC 2019
auto.tcl: Setting watchdog for 200 seconds at Fri Mar 01 21:48:38 UTC 2019
139 ms. Memory: 550400K Free: 496452K (90%)
ptolemy.util.test.WatchDog.cancel(): canceling Fri Mar 01 21:48:38 UTC 2019
------------------ testing $PTII/ptolemy/domains/de/test/auto/Time.xml
auto.tcl: Setting watchdog for 200 seconds at Fri Mar 01 21:48:38 UTC 2019
479 ms. Memory: 549376K Free: 487444K (89%)
ptolemy.util.test.WatchDog.cancel(): canceling Fri Mar 01 21:48:39 UTC 2019
auto.tcl: Setting watchdog for 200 seconds at Fri Mar 01 21:48:39 UTC 2019
468 ms. Memory: 549376K Free: 435205K (79%)
ptolemy.util.test.WatchDog.cancel(): canceling Fri Mar 01 21:48:39 UTC 2019
------------------ testing $PTII/ptolemy/domains/de/test/auto/TimeDelayZeroDelay.xml
auto.tcl: Setting watchdog for 200 seconds at Fri Mar 01 21:48:39 UTC 2019
2 ms. Memory: 550400K Free: 535462K (97%)
ptolemy.util.test.WatchDog.cancel(): canceling Fri Mar 01 21:48:39 UTC 2019
auto.tcl: Setting watchdog for 200 seconds at Fri Mar 01 21:48:39 UTC 2019
2 ms. Memory: 550400K Free: 535462K (97%)
ptolemy.util.test.WatchDog.cancel(): canceling Fri Mar 01 21:48:39 UTC 2019
------------------ testing $PTII/ptolemy/domains/de/test/auto/TimerZeroDelay.xml
auto.tcl: Setting watchdog for 200 seconds at Fri Mar 01 21:48:39 UTC 2019
4 ms. Memory: 549376K Free: 535025K (97%)
ptolemy.util.test.WatchDog.cancel(): canceling Fri Mar 01 21:48:39 UTC 2019
auto.tcl: Setting watchdog for 200 seconds at Fri Mar 01 21:48:39 UTC 2019
2 ms. Memory: 549376K Free: 535025K (97%)
ptolemy.util.test.WatchDog.cancel(): canceling Fri Mar 01 21:48:39 UTC 2019
------------------ testing $PTII/ptolemy/domains/de/test/auto/TimingParadox.xml
auto.tcl: Setting watchdog for 200 seconds at Fri Mar 01 21:48:39 UTC 2019
352 ms. Memory: 549888K Free: 470828K (86%)
ptolemy.util.test.WatchDog.cancel(): canceling Fri Mar 01 21:48:40 UTC 2019
auto.tcl: Setting watchdog for 200 seconds at Fri Mar 01 21:48:40 UTC 2019
317 ms. Memory: 549888K Free: 434261K (79%)
ptolemy.util.test.WatchDog.cancel(): canceling Fri Mar 01 21:48:40 UTC 2019
------------------ testing $PTII/ptolemy/domains/de/test/auto/TransferInputs.xml
auto.tcl: Setting watchdog for 200 seconds at Fri Mar 01 21:48:40 UTC 2019
1 ms. Memory: 549888K Free: 534496K (97%)
ptolemy.util.test.WatchDog.cancel(): canceling Fri Mar 01 21:48:40 UTC 2019
auto.tcl: Setting watchdog for 200 seconds at Fri Mar 01 21:48:40 UTC 2019
1 ms. Memory: 549888K Free: 534496K (97%)
ptolemy.util.test.WatchDog.cancel(): canceling Fri Mar 01 21:48:40 UTC 2019
------------------ testing $PTII/ptolemy/domains/de/test/auto/TransferOutputs2.xml
auto.tcl: Setting watchdog for 200 seconds at Fri Mar 01 21:48:40 UTC 2019
3 ms. Memory: 549376K Free: 525166K (96%)
ptolemy.util.test.WatchDog.cancel(): canceling Fri Mar 01 21:48:40 UTC 2019
auto.tcl: Setting watchdog for 200 seconds at Fri Mar 01 21:48:40 UTC 2019
3 ms. Memory: 549376K Free: 525166K (96%)
ptolemy.util.test.WatchDog.cancel(): canceling Fri Mar 01 21:48:40 UTC 2019
------------------ testing $PTII/ptolemy/domains/de/test/auto/Trilateration.xml
auto.tcl: Setting watchdog for 200 seconds at Fri Mar 01 21:48:40 UTC 2019
14274 ms. Memory: 766976K Free: 260464K (34%)
ptolemy.util.test.WatchDog.cancel(): canceling Fri Mar 01 21:48:55 UTC 2019
auto.tcl: Setting watchdog for 200 seconds at Fri Mar 01 21:48:55 UTC 2019
11347 ms. Memory: 646144K Free: 109880K (17%)
ptolemy.util.test.WatchDog.cancel(): canceling Fri Mar 01 21:49:07 UTC 2019
------------------ testing $PTII/ptolemy/domains/de/test/auto/TwoSigmaDelta.xml
auto.tcl: Setting watchdog for 200 seconds at Fri Mar 01 21:49:07 UTC 2019
3169 ms. Memory: 649728K Free: 330279K (51%)
ptolemy.util.test.WatchDog.cancel(): canceling Fri Mar 01 21:49:10 UTC 2019
auto.tcl: Setting watchdog for 200 seconds at Fri Mar 01 21:49:10 UTC 2019
2236 ms. Memory: 649728K Free: 84474K (13%)
ptolemy.util.test.WatchDog.cancel(): canceling Fri Mar 01 21:49:13 UTC 2019
------------------ testing $PTII/ptolemy/domains/de/test/auto/VariableDelay.xml
auto.tcl: Setting watchdog for 200 seconds at Fri Mar 01 21:49:13 UTC 2019
3 ms. Memory: 646656K Free: 627506K (97%)
ptolemy.util.test.WatchDog.cancel(): canceling Fri Mar 01 21:49:13 UTC 2019
auto.tcl: Setting watchdog for 200 seconds at Fri Mar 01 21:49:13 UTC 2019
2 ms. Memory: 646656K Free: 627506K (97%)
ptolemy.util.test.WatchDog.cancel(): canceling Fri Mar 01 21:49:13 UTC 2019
------------------ testing $PTII/ptolemy/domains/de/test/auto/VariableDelay2.xml
auto.tcl: Setting watchdog for 200 seconds at Fri Mar 01 21:49:13 UTC 2019
5 ms. Memory: 646144K Free: 627483K (97%)
ptolemy.util.test.WatchDog.cancel(): canceling Fri Mar 01 21:49:13 UTC 2019
auto.tcl: Setting watchdog for 200 seconds at Fri Mar 01 21:49:13 UTC 2019
2 ms. Memory: 646144K Free: 627483K (97%)
ptolemy.util.test.WatchDog.cancel(): canceling Fri Mar 01 21:49:13 UTC 2019
------------------ testing $PTII/ptolemy/domains/de/test/auto/VariableDelayZeroDelay.xml
auto.tcl: Setting watchdog for 200 seconds at Fri Mar 01 21:49:13 UTC 2019
2 ms. Memory: 646144K Free: 621834K (96%)
ptolemy.util.test.WatchDog.cancel(): canceling Fri Mar 01 21:49:13 UTC 2019
auto.tcl: Setting watchdog for 200 seconds at Fri Mar 01 21:49:13 UTC 2019
2 ms. Memory: 646144K Free: 621834K (96%)
ptolemy.util.test.WatchDog.cancel(): canceling Fri Mar 01 21:49:13 UTC 2019
------------------ testing $PTII/ptolemy/domains/de/test/auto/VariableDelayZeroDelay2.xml
auto.tcl: Setting watchdog for 200 seconds at Fri Mar 01 21:49:13 UTC 2019
1 ms. Memory: 649216K Free: 624905K (96%)
ptolemy.util.test.WatchDog.cancel(): canceling Fri Mar 01 21:49:13 UTC 2019
auto.tcl: Setting watchdog for 200 seconds at Fri Mar 01 21:49:13 UTC 2019
2 ms. Memory: 649216K Free: 624905K (96%)
ptolemy.util.test.WatchDog.cancel(): canceling Fri Mar 01 21:49:13 UTC 2019
------------------ testing $PTII/ptolemy/domains/de/test/auto/deInCt.xml
auto.tcl: Setting watchdog for 200 seconds at Fri Mar 01 21:49:13 UTC 2019
0
1
1
1
1
1
0
0
0
1
1
1
1
0
0
0
1
1
1
1
1
0
0
0
1
1
0
0
0
1
1
1
0
0
0
1
1
1
1
7 ms. Memory: 646144K Free: 621754K (96%)
ptolemy.util.test.WatchDog.cancel(): canceling Fri Mar 01 21:49:13 UTC 2019
auto.tcl: Setting watchdog for 200 seconds at Fri Mar 01 21:49:13 UTC 2019
0
1
1
1
1
0
0
1
1
1
1
1
0
0
0
0
1
1
1
0
0
0
1
1
1
1
1
0
0
0
0
0
6 ms. Memory: 646144K Free: 621754K (96%)
ptolemy.util.test.WatchDog.cancel(): canceling Fri Mar 01 21:49:13 UTC 2019
------------------ testing $PTII/ptolemy/domains/de/test/auto/deInCt2.xml
auto.tcl: Setting watchdog for 200 seconds at Fri Mar 01 21:49:13 UTC 2019
0
1
1
1
0
0
1
1
1
0
0
1
1
1
0
0
1
1
1
0
0
1
1
1
0
0
1
1
1
0
0
1
1
1
0
0
1
1
1
0
0
0
9 ms. Memory: 648704K Free: 624313K (96%)
ptolemy.util.test.WatchDog.cancel(): canceling Fri Mar 01 21:49:13 UTC 2019
auto.tcl: Setting watchdog for 200 seconds at Fri Mar 01 21:49:13 UTC 2019
0
1
1
1
0
0
1
1
1
0
0
1
1
1
0
0
1
1
1
0
0
1
1
1
0
0
1
1
1
0
0
1
1
1
0
0
1
1
1
0
0
0
6 ms. Memory: 648704K Free: 624313K (96%)
ptolemy.util.test.WatchDog.cancel(): canceling Fri Mar 01 21:49:13 UTC 2019
------------------ testing $PTII/ptolemy/domains/de/test/auto/dynamicCausalityInterface1.xml
auto.tcl: Setting watchdog for 200 seconds at Fri Mar 01 21:49:13 UTC 2019
1 ms. Memory: 646144K Free: 618971K (96%)
ptolemy.util.test.WatchDog.cancel(): canceling Fri Mar 01 21:49:13 UTC 2019
auto.tcl: Setting watchdog for 200 seconds at Fri Mar 01 21:49:13 UTC 2019
1 ms. Memory: 646144K Free: 618971K (96%)
ptolemy.util.test.WatchDog.cancel(): canceling Fri Mar 01 21:49:13 UTC 2019
------------------ testing $PTII/ptolemy/domains/de/test/auto/fsm_de_test.xml
auto.tcl: Setting watchdog for 200 seconds at Fri Mar 01 21:49:13 UTC 2019
9 ms. Memory: 648192K Free: 623767K (96%)
ptolemy.util.test.WatchDog.cancel(): canceling Fri Mar 01 21:49:13 UTC 2019
auto.tcl: Setting watchdog for 200 seconds at Fri Mar 01 21:49:13 UTC 2019
5 ms. Memory: 648192K Free: 615250K (95%)
ptolemy.util.test.WatchDog.cancel(): canceling Fri Mar 01 21:49:13 UTC 2019
------------------ testing $PTII/ptolemy/domains/de/test/auto/functionDependencyReconstruction.xml
auto.tcl: Setting watchdog for 200 seconds at Fri Mar 01 21:49:13 UTC 2019
2 ms. Memory: 646144K Free: 613193K (95%)
ptolemy.util.test.WatchDog.cancel(): canceling Fri Mar 01 21:49:13 UTC 2019
auto.tcl: Setting watchdog for 200 seconds at Fri Mar 01 21:49:13 UTC 2019
3 ms. Memory: 646144K Free: 613193K (95%)
ptolemy.util.test.WatchDog.cancel(): canceling Fri Mar 01 21:49:13 UTC 2019
------------------ testing $PTII/ptolemy/domains/de/test/auto/multirate.xml
auto.tcl: Setting watchdog for 200 seconds at Fri Mar 01 21:49:13 UTC 2019
5 ms. Memory: 648192K Free: 629203K (97%)
ptolemy.util.test.WatchDog.cancel(): canceling Fri Mar 01 21:49:13 UTC 2019
auto.tcl: Setting watchdog for 200 seconds at Fri Mar 01 21:49:13 UTC 2019
4 ms. Memory: 648192K Free: 629203K (97%)
ptolemy.util.test.WatchDog.cancel(): canceling Fri Mar 01 21:49:13 UTC 2019
------------------ testing $PTII/ptolemy/domains/de/test/auto/multirate2.xml
auto.tcl: Setting watchdog for 200 seconds at Fri Mar 01 21:49:13 UTC 2019
7 ms. Memory: 646144K Free: 627418K (97%)
ptolemy.util.test.WatchDog.cancel(): canceling Fri Mar 01 21:49:13 UTC 2019
auto.tcl: Setting watchdog for 200 seconds at Fri Mar 01 21:49:13 UTC 2019
3 ms. Memory: 646144K Free: 627418K (97%)
ptolemy.util.test.WatchDog.cancel(): canceling Fri Mar 01 21:49:13 UTC 2019
------------------ testing $PTII/ptolemy/domains/de/test/auto/realtime.xml
auto.tcl: Setting watchdog for 200 seconds at Fri Mar 01 21:49:13 UTC 2019
10002 ms. Memory: 647680K Free: 623229K (96%)
ptolemy.util.test.WatchDog.cancel(): canceling Fri Mar 01 21:49:23 UTC 2019
auto.tcl: Setting watchdog for 200 seconds at Fri Mar 01 21:49:23 UTC 2019
10001 ms. Memory: 647680K Free: 623229K (96%)
ptolemy.util.test.WatchDog.cancel(): canceling Fri Mar 01 21:49:33 UTC 2019
------------------ testing $PTII/ptolemy/domains/de/test/auto/relationGroup.xml
auto.tcl: Setting watchdog for 200 seconds at Fri Mar 01 21:49:33 UTC 2019
2 ms. Memory: 646144K Free: 627442K (97%)
ptolemy.util.test.WatchDog.cancel(): canceling Fri Mar 01 21:49:33 UTC 2019
auto.tcl: Setting watchdog for 200 seconds at Fri Mar 01 21:49:33 UTC 2019
2 ms. Memory: 646144K Free: 627442K (97%)
ptolemy.util.test.WatchDog.cancel(): canceling Fri Mar 01 21:49:33 UTC 2019
------------------ testing $PTII/ptolemy/domains/de/test/auto/relationGroup2.xml
auto.tcl: Setting watchdog for 200 seconds at Fri Mar 01 21:49:34 UTC 2019
2 ms. Memory: 647680K Free: 623357K (96%)
ptolemy.util.test.WatchDog.cancel(): canceling Fri Mar 01 21:49:34 UTC 2019
auto.tcl: Setting watchdog for 200 seconds at Fri Mar 01 21:49:34 UTC 2019
2 ms. Memory: 647680K Free: 623357K (96%)
ptolemy.util.test.WatchDog.cancel(): canceling Fri Mar 01 21:49:34 UTC 2019
------------------ testing $PTII/ptolemy/domains/de/test/auto/sortWithOpaquePorts.xml
auto.tcl: Setting watchdog for 200 seconds at Fri Mar 01 21:49:34 UTC 2019
2 ms. Memory: 646144K Free: 621820K (96%)
ptolemy.util.test.WatchDog.cancel(): canceling Fri Mar 01 21:49:34 UTC 2019
auto.tcl: Setting watchdog for 200 seconds at Fri Mar 01 21:49:34 UTC 2019
2 ms. Memory: 646144K Free: 621820K (96%)
ptolemy.util.test.WatchDog.cancel(): canceling Fri Mar 01 21:49:34 UTC 2019
------------------ testing $PTII/ptolemy/domains/de/test/auto/transferInputsandOutputs.xml
auto.tcl: Setting watchdog for 200 seconds at Fri Mar 01 21:49:34 UTC 2019
3 ms. Memory: 647168K Free: 622832K (96%)
ptolemy.util.test.WatchDog.cancel(): canceling Fri Mar 01 21:49:34 UTC 2019
auto.tcl: Setting watchdog for 200 seconds at Fri Mar 01 21:49:34 UTC 2019
2 ms. Memory: 647168K Free: 622832K (96%)
ptolemy.util.test.WatchDog.cancel(): canceling Fri Mar 01 21:49:34 UTC 2019
------------------ testing $PTII/ptolemy/domains/de/test/auto/triggerType.xml
auto.tcl: Setting watchdog for 200 seconds at Fri Mar 01 21:49:34 UTC 2019
1 ms. Memory: 646144K Free: 621758K (96%)
ptolemy.util.test.WatchDog.cancel(): canceling Fri Mar 01 21:49:34 UTC 2019
auto.tcl: Setting watchdog for 200 seconds at Fri Mar 01 21:49:34 UTC 2019
2 ms. Memory: 646144K Free: 621758K (96%)
ptolemy.util.test.WatchDog.cancel(): canceling Fri Mar 01 21:49:34 UTC 2019
03/01/19 09:49:34
Failed: 0  Total Tests: 192  ((Passed: 187, Newly Passed: 1)  Known Failed: 5) /home/travis/build/icyphy/ptII/ptolemy/domains/de/test
03/01/19 09:49:34
Failed: 0  Total Tests: 192  ((Passed: 187, Newly Passed: 1)  Known Failed: 5) /home/travis/build/icyphy/ptII/ptolemy/domains/de/test
----------------- testing (KnownFailure) /home/travis/build/icyphy/ptII/ptolemy/domains/de/test/auto/knownFailedTests/DESDFClockTest.xml
2024 ms. Memory: 647168K Free: 611465K (94%)
Known Failure: java.lang.reflect.InvocationTargetException
----------------- testing (KnownFailure) /home/travis/build/icyphy/ptII/ptolemy/domains/de/test/auto/knownFailedTests/DirectFeedback.xml
2 ms. Memory: 647168K Free: 566286K (88%)
Known Failure: java.lang.reflect.InvocationTargetException
----------------- testing (KnownFailure) /home/travis/build/icyphy/ptII/ptolemy/domains/de/test/auto/knownFailedTests/FSMSource.xml
6 ms. Memory: 647168K Free: 521107K (81%)
----------------- testing (KnownFailure) /home/travis/build/icyphy/ptII/ptolemy/domains/de/test/auto/knownFailedTests/HierarchicalModel.xml
3 ms. Memory: 647168K Free: 487206K (75%)
Known Failure: java.lang.reflect.InvocationTargetException
----------------- testing (KnownFailure) /home/travis/build/icyphy/ptII/ptolemy/domains/de/test/auto/knownFailedTests/dependencyLoop.xml
2 ms. Memory: 647168K Free: 430716K (67%)
Known Failure: java.lang.reflect.InvocationTargetException
----------------- testing (KnownFailure) /home/travis/build/icyphy/ptII/ptolemy/domains/de/test/auto/knownFailedTests/dependencyLoop2.xml
3 ms. Memory: 647168K Free: 374227K (58%)
Known Failure: java.lang.reflect.InvocationTargetException
No auto/linux-amd64/*.xml tests in /home/travis/build/icyphy/ptII/ptolemy/domains/de/test
AutoTests.java: About to close Vertx.
AutoTests.java: Vertx closed.

===========================================================================================
----------------- testing Fri Mar 01 21:49:36 UTC 2019 /home/travis/build/icyphy/ptII/ptolemy/domains/de/test/auto/ActorDepthCalculation_actorWithoutPorts.xml
----------------- Instantiating /home/travis/build/icyphy/ptII/ptolemy/domains/de/test/auto/ActorDepthCalculation_actorWithoutPorts.xml
1 ms. Memory: 647168K Free: 317753K (49%)
----------------- Invoking toplevel() on ptolemy.moml.MoMLSimpleApplication@44c55871
----------------- Done invoking toplevel() on ptolemy.moml.MoMLSimpleApplication@44c55871
reloadAllAccessors: .ActorDepthCalculation_actorWithoutPorts

===========================================================================================
----------------- testing Fri Mar 01 21:49:36 UTC 2019 /home/travis/build/icyphy/ptII/ptolemy/domains/de/test/auto/AssemblyLine.xml
----------------- Instantiating /home/travis/build/icyphy/ptII/ptolemy/domains/de/test/auto/AssemblyLine.xml
2 ms. Memory: 647168K Free: 295163K (46%)
----------------- Invoking toplevel() on ptolemy.moml.MoMLSimpleApplication@54a56132
----------------- Done invoking toplevel() on ptolemy.moml.MoMLSimpleApplication@54a56132
reloadAllAccessors: .AssemblyLine

===========================================================================================
----------------- testing Fri Mar 01 21:49:36 UTC 2019 /home/travis/build/icyphy/ptII/ptolemy/domains/de/test/auto/CQBug1.xml
----------------- Instantiating /home/travis/build/icyphy/ptII/ptolemy/domains/de/test/auto/CQBug1.xml
1 ms. Memory: 647168K Free: 272574K (42%)
----------------- Invoking toplevel() on ptolemy.moml.MoMLSimpleApplication@5c774bb2
----------------- Done invoking toplevel() on ptolemy.moml.MoMLSimpleApplication@5c774bb2
reloadAllAccessors: .CQBug1

===========================================================================================
----------------- testing Fri Mar 01 21:49:36 UTC 2019 /home/travis/build/icyphy/ptII/ptolemy/domains/de/test/auto/CancelFireAt.xml
----------------- Instantiating /home/travis/build/icyphy/ptII/ptolemy/domains/de/test/auto/CancelFireAt.xml
3 ms. Memory: 647168K Free: 249984K (39%)
----------------- Invoking toplevel() on ptolemy.moml.MoMLSimpleApplication@2369333f
----------------- Done invoking toplevel() on ptolemy.moml.MoMLSimpleApplication@2369333f
reloadAllAccessors: .CancelFireAt

===========================================================================================
----------------- testing Fri Mar 01 21:49:36 UTC 2019 /home/travis/build/icyphy/ptII/ptolemy/domains/de/test/auto/CausalityAndComposabilityAnalysis.xml
----------------- Instantiating /home/travis/build/icyphy/ptII/ptolemy/domains/de/test/auto/CausalityAndComposabilityAnalysis.xml
2 ms. Memory: 647168K Free: 227395K (35%)
----------------- Invoking toplevel() on ptolemy.moml.MoMLSimpleApplication@2398f961
----------------- Done invoking toplevel() on ptolemy.moml.MoMLSimpleApplication@2398f961
reloadAllAccessors: .CausalityAndComposabilityAnalysis

===========================================================================================
----------------- testing Fri Mar 01 21:49:36 UTC 2019 /home/travis/build/icyphy/ptII/ptolemy/domains/de/test/auto/CausalityInterface1.xml
----------------- Instantiating /home/travis/build/icyphy/ptII/ptolemy/domains/de/test/auto/CausalityInterface1.xml
5 ms. Memory: 647168K Free: 204805K (32%)
----------------- Invoking toplevel() on ptolemy.moml.MoMLSimpleApplication@259df8dd
----------------- Done invoking toplevel() on ptolemy.moml.MoMLSimpleApplication@259df8dd
reloadAllAccessors: .CausalityInterface1

===========================================================================================
----------------- testing Fri Mar 01 21:49:36 UTC 2019 /home/travis/build/icyphy/ptII/ptolemy/domains/de/test/auto/CausalityInterface15.xml
----------------- Instantiating /home/travis/build/icyphy/ptII/ptolemy/domains/de/test/auto/CausalityInterface15.xml
2 ms. Memory: 647168K Free: 182216K (28%)
----------------- Invoking toplevel() on ptolemy.moml.MoMLSimpleApplication@41823708
----------------- Done invoking toplevel() on ptolemy.moml.MoMLSimpleApplication@41823708
reloadAllAccessors: .CausalityInterface15

[...]
java.lang.RuntimeException: Execution failed
	at ptolemy.moml.MoMLSimpleApplication$UnloadThread.run(MoMLSimpleApplication.java:402)
Caused by: ptolemy.kernel.util.IllegalActionException: Test fails in iteration 1.
Value was: 1.0. Should have been: 2.0
  in .DirectFeedback.Test
	at ptolemy.actor.lib.Test.fire(Test.java:268)
	at ptolemy.domains.de.kernel.DEDirector._fire(DEDirector.java:1949)
	at ptolemy.domains.de.kernel.DEDirector.fire(DEDirector.java:502)
	at ptolemy.actor.CompositeActor.fire(CompositeActor.java:455)
	at ptolemy.actor.Manager.iterate(Manager.java:851)
	at ptolemy.actor.Manager.execute(Manager.java:369)
	at ptolemy.actor.Manager.run(Manager.java:1263)
	at ptolemy.actor.Manager$PtolemyRunThread.run(Manager.java:1915)
java.lang.RuntimeException: Execution failed
	at ptolemy.moml.MoMLSimpleApplication$UnloadThread.run(MoMLSimpleApplication.java:402)
Caused by: ptolemy.kernel.util.IllegalActionException: Actor is not ready to fire.  Perhaps UpSample.prefire() returned false? Try debugging the actor by selecting "Listen to Actor".  Also, for SDF check moml for tokenConsumptionRate on input.
  in .DESDFClockTest.Play Bell.Copy1:SDF Director and .DESDFClockTest.Play Bell.UpSample
	at ptolemy.actor.sched.StaticSchedulingDirector.fire(StaticSchedulingDirector.java:227)
	at ptolemy.domains.sdf.kernel.SDFDirector.fire(SDFDirector.java:500)
	at ptolemy.actor.CompositeActor.fire(CompositeActor.java:455)
	at ptolemy.domains.de.kernel.DEDirector._fire(DEDirector.java:1949)
	at ptolemy.domains.de.kernel.DEDirector.fire(DEDirector.java:502)
	at ptolemy.actor.CompositeActor.fire(CompositeActor.java:455)
	at ptolemy.actor.Manager.iterate(Manager.java:851)
	at ptolemy.actor.Manager.execute(Manager.java:369)
	at ptolemy.actor.Manager.run(Manager.java:1263)
	at ptolemy.actor.Manager$PtolemyRunThread.run(Manager.java:1915)
java.lang.reflect.InvocationTargetException
	at sun.reflect.NativeConstructorAccessorImpl.newInstance0(Native Method)
	at sun.reflect.NativeConstructorAccessorImpl.newInstance(NativeConstructorAccessorImpl.java:62)
	at sun.reflect.DelegatingConstructorAccessorImpl.newInstance(DelegatingConstructorAccessorImpl.java:45)
	at java.lang.reflect.Constructor.newInstance(Constructor.java:423)
	at ptolemy.util.test.junit.AutoKnownFailedTests.RunModel(AutoKnownFailedTests.java:105)
	at sun.reflect.NativeMethodAccessorImpl.invoke0(Native Method)
	at sun.reflect.NativeMethodAccessorImpl.invoke(NativeMethodAccessorImpl.java:62)
	at sun.reflect.DelegatingMethodAccessorImpl.invoke(DelegatingMethodAccessorImpl.java:43)
	at java.lang.reflect.Method.invoke(Method.java:498)
	at org.junit.runners.model.FrameworkMethod$1.runReflectiveCall(FrameworkMethod.java:44)
	at org.junit.internal.runners.model.ReflectiveCallable.run(ReflectiveCallable.java:15)
	at org.junit.runners.model.FrameworkMethod.invokeExplosively(FrameworkMethod.java:41)
	at junitparams.internal.InvokeParameterisedMethod.evaluate(InvokeParameterisedMethod.java:102)
	at org.junit.internal.runners.statements.FailOnTimeout$1.run(FailOnTimeout.java:28)
Caused by: ptolemy.kernel.util.IllegalActionException: Actor is not ready to fire.  Perhaps UpSample.prefire() returned false? Try debugging the actor by selecting "Listen to Actor".  Also, for SDF check moml for tokenConsumptionRate on input.
  in .DESDFClockTest.Play Bell.Copy1:SDF Director and .DESDFClockTest.Play Bell.UpSample
	at ptolemy.actor.sched.StaticSchedulingDirector.fire(StaticSchedulingDirector.java:227)
	at ptolemy.domains.sdf.kernel.SDFDirector.fire(SDFDirector.java:500)
	at ptolemy.actor.CompositeActor.fire(CompositeActor.java:455)
	at ptolemy.domains.de.kernel.DEDirector._fire(DEDirector.java:1949)
	at ptolemy.domains.de.kernel.DEDirector.fire(DEDirector.java:502)
	at ptolemy.actor.CompositeActor.fire(CompositeActor.java:455)
	at ptolemy.actor.Manager.iterate(Manager.java:851)
	at ptolemy.actor.Manager.execute(Manager.java:369)
	at ptolemy.actor.Manager.run(Manager.java:1263)
	at ptolemy.actor.Manager$PtolemyRunThread.run(Manager.java:1915)
java.lang.RuntimeException: Execution failed
	at ptolemy.moml.MoMLSimpleApplication$UnloadThread.run(MoMLSimpleApplication.java:402)
Caused by: ptolemy.kernel.util.IllegalActionException: Test fails in iteration 1.
Value was: 1.0. Should have been: 2.0
  in .DirectFeedback.Test
	at ptolemy.actor.lib.Test.fire(Test.java:268)
	at ptolemy.domains.de.kernel.DEDirector._fire(DEDirector.java:1949)
	at ptolemy.domains.de.kernel.DEDirector.fire(DEDirector.java:502)
	at ptolemy.actor.CompositeActor.fire(CompositeActor.java:455)
	at ptolemy.actor.Manager.iterate(Manager.java:851)
	at ptolemy.actor.Manager.execute(Manager.java:369)
	at ptolemy.actor.Manager.run(Manager.java:1263)
	at ptolemy.actor.Manager$PtolemyRunThread.run(Manager.java:1915)
java.lang.reflect.InvocationTargetException
	at sun.reflect.NativeConstructorAccessorImpl.newInstance0(Native Method)
	at sun.reflect.NativeConstructorAccessorImpl.newInstance(NativeConstructorAccessorImpl.java:62)
	at sun.reflect.DelegatingConstructorAccessorImpl.newInstance(DelegatingConstructorAccessorImpl.java:45)
	at java.lang.reflect.Constructor.newInstance(Constructor.java:423)
	at ptolemy.util.test.junit.AutoKnownFailedTests.RunModel(AutoKnownFailedTests.java:105)
	at sun.reflect.NativeMethodAccessorImpl.invoke0(Native Method)
	at sun.reflect.NativeMethodAccessorImpl.invoke(NativeMethodAccessorImpl.java:62)
	at sun.reflect.DelegatingMethodAccessorImpl.invoke(DelegatingMethodAccessorImpl.java:43)
	at java.lang.reflect.Method.invoke(Method.java:498)
	at org.junit.runners.model.FrameworkMethod$1.runReflectiveCall(FrameworkMethod.java:44)
	at org.junit.internal.runners.model.ReflectiveCallable.run(ReflectiveCallable.java:15)
	at org.junit.runners.model.FrameworkMethod.invokeExplosively(FrameworkMethod.java:41)
	at junitparams.internal.InvokeParameterisedMethod.evaluate(InvokeParameterisedMethod.java:102)
	at org.junit.internal.runners.statements.FailOnTimeout$1.run(FailOnTimeout.java:28)
Caused by: ptolemy.kernel.util.IllegalActionException: Test fails in iteration 1.
Value was: 1.0. Should have been: 2.0
  in .DirectFeedback.Test
	at ptolemy.actor.lib.Test.fire(Test.java:268)
	at ptolemy.domains.de.kernel.DEDirector._fire(DEDirector.java:1949)
	at ptolemy.domains.de.kernel.DEDirector.fire(DEDirector.java:502)
	at ptolemy.actor.CompositeActor.fire(CompositeActor.java:455)
	at ptolemy.actor.Manager.iterate(Manager.java:851)
	at ptolemy.actor.Manager.execute(Manager.java:369)
	at ptolemy.actor.Manager.run(Manager.java:1263)
	at ptolemy.actor.Manager$PtolemyRunThread.run(Manager.java:1915)
java.lang.RuntimeException: Execution failed
	at ptolemy.moml.MoMLSimpleApplication$UnloadThread.run(MoMLSimpleApplication.java:402)
Caused by: ptolemy.kernel.util.IllegalActionException: Found a zero delay loop containing .HierarchicalModel.A
  in .HierarchicalModel and .HierarchicalModel.A
	at ptolemy.actor.util.CausalityInterfaceForComposites._computeOutputPortDepth(CausalityInterfaceForComposites.java:759)
	at ptolemy.actor.util.CausalityInterfaceForComposites._computeInputDepth(CausalityInterfaceForComposites.java:696)
	at ptolemy.actor.util.CausalityInterfaceForComposites._computeOutputPortDepth(CausalityInterfaceForComposites.java:765)
	at ptolemy.actor.util.CausalityInterfaceForComposites._computeInputDepth(CausalityInterfaceForComposites.java:696)
	at ptolemy.actor.util.CausalityInterfaceForComposites._computeOutputPortDepth(CausalityInterfaceForComposites.java:765)
	at ptolemy.actor.util.CausalityInterfaceForComposites._computeInputDepth(CausalityInterfaceForComposites.java:696)
	at ptolemy.actor.util.CausalityInterfaceForComposites._computeActorDepth(CausalityInterfaceForComposites.java:532)
	at ptolemy.actor.util.CausalityInterfaceForComposites.checkForCycles(CausalityInterfaceForComposites.java:96)
	at ptolemy.domains.de.kernel.DEDirector.preinitialize(DEDirector.java:1338)
	at ptolemy.actor.CompositeActor.preinitialize(CompositeActor.java:1828)
	at ptolemy.actor.Manager.preinitializeAndResolveTypes(Manager.java:1040)
	at ptolemy.actor.Manager.initialize(Manager.java:710)
	at ptolemy.actor.Manager.execute(Manager.java:356)
	at ptolemy.actor.Manager.run(Manager.java:1263)
	at ptolemy.actor.Manager$PtolemyRunThread.run(Manager.java:1915)
java.lang.reflect.InvocationTargetException
	at sun.reflect.NativeConstructorAccessorImpl.newInstance0(Native Method)
	at sun.reflect.NativeConstructorAccessorImpl.newInstance(NativeConstructorAccessorImpl.java:62)
	at sun.reflect.DelegatingConstructorAccessorImpl.newInstance(DelegatingConstructorAccessorImpl.java:45)
	at java.lang.reflect.Constructor.newInstance(Constructor.java:423)
	at ptolemy.util.test.junit.AutoKnownFailedTests.RunModel(AutoKnownFailedTests.java:105)
	at sun.reflect.NativeMethodAccessorImpl.invoke0(Native Method)
	at sun.reflect.NativeMethodAccessorImpl.invoke(NativeMethodAccessorImpl.java:62)
	at sun.reflect.DelegatingMethodAccessorImpl.invoke(DelegatingMethodAccessorImpl.java:43)
	at java.lang.reflect.Method.invoke(Method.java:498)
	at org.junit.runners.model.FrameworkMethod$1.runReflectiveCall(FrameworkMethod.java:44)
	at org.junit.internal.runners.model.ReflectiveCallable.run(ReflectiveCallable.java:15)
	at org.junit.runners.model.FrameworkMethod.invokeExplosively(FrameworkMethod.java:41)
	at junitparams.internal.InvokeParameterisedMethod.evaluate(InvokeParameterisedMethod.java:102)
	at org.junit.internal.runners.statements.FailOnTimeout$1.run(FailOnTimeout.java:28)
Caused by: ptolemy.kernel.util.IllegalActionException: Found a zero delay loop containing .HierarchicalModel.A
  in .HierarchicalModel and .HierarchicalModel.A
	at ptolemy.actor.util.CausalityInterfaceForComposites._computeOutputPortDepth(CausalityInterfaceForComposites.java:759)
	at ptolemy.actor.util.CausalityInterfaceForComposites._computeInputDepth(CausalityInterfaceForComposites.java:696)
	at ptolemy.actor.util.CausalityInterfaceForComposites._computeOutputPortDepth(CausalityInterfaceForComposites.java:765)
	at ptolemy.actor.util.CausalityInterfaceForComposites._computeInputDepth(CausalityInterfaceForComposites.java:696)
	at ptolemy.actor.util.CausalityInterfaceForComposites._computeOutputPortDepth(CausalityInterfaceForComposites.java:765)
	at ptolemy.actor.util.CausalityInterfaceForComposites._computeInputDepth(CausalityInterfaceForComposites.java:696)
	at ptolemy.actor.util.CausalityInterfaceForComposites._computeActorDepth(CausalityInterfaceForComposites.java:532)
	at ptolemy.actor.util.CausalityInterfaceForComposites.checkForCycles(CausalityInterfaceForComposites.java:96)
	at ptolemy.domains.de.kernel.DEDirector.preinitialize(DEDirector.java:1338)
	at ptolemy.actor.CompositeActor.preinitialize(CompositeActor.java:1828)
	at ptolemy.actor.Manager.preinitializeAndResolveTypes(Manager.java:1040)
	at ptolemy.actor.Manager.initialize(Manager.java:710)
	at ptolemy.actor.Manager.execute(Manager.java:356)
	at ptolemy.actor.Manager.run(Manager.java:1263)
	at ptolemy.actor.Manager$PtolemyRunThread.run(Manager.java:1915)
java.lang.RuntimeException: Execution failed
	at ptolemy.moml.MoMLSimpleApplication$UnloadThread.run(MoMLSimpleApplication.java:402)
Caused by: ptolemy.kernel.util.IllegalActionException: Found a zero delay loop containing .dependencyLoop.original
  in .dependencyLoop and .dependencyLoop.original
	at ptolemy.actor.util.CausalityInterfaceForComposites._computeOutputPortDepth(CausalityInterfaceForComposites.java:759)
	at ptolemy.actor.util.CausalityInterfaceForComposites._computeInputDepth(CausalityInterfaceForComposites.java:696)
	at ptolemy.actor.util.CausalityInterfaceForComposites._computeOutputPortDepth(CausalityInterfaceForComposites.java:765)
	at ptolemy.actor.util.CausalityInterfaceForComposites._computeInputDepth(CausalityInterfaceForComposites.java:696)
	at ptolemy.actor.util.CausalityInterfaceForComposites._computeOutputPortDepth(CausalityInterfaceForComposites.java:765)
	at ptolemy.actor.util.CausalityInterfaceForComposites._computeInputDepth(CausalityInterfaceForComposites.java:696)
	at ptolemy.actor.util.CausalityInterfaceForComposites._computeActorDepth(CausalityInterfaceForComposites.java:532)
	at ptolemy.actor.util.CausalityInterfaceForComposites.checkForCycles(CausalityInterfaceForComposites.java:96)
	at ptolemy.domains.de.kernel.DEDirector.preinitialize(DEDirector.java:1338)
	at ptolemy.actor.CompositeActor.preinitialize(CompositeActor.java:1828)
	at ptolemy.actor.Manager.preinitializeAndResolveTypes(Manager.java:1040)
	at ptolemy.actor.Manager.initialize(Manager.java:710)
	at ptolemy.actor.Manager.execute(Manager.java:356)
	at ptolemy.actor.Manager.run(Manager.java:1263)
	at ptolemy.actor.Manager$PtolemyRunThread.run(Manager.java:1915)
java.lang.reflect.InvocationTargetException
	at sun.reflect.NativeConstructorAccessorImpl.newInstance0(Native Method)
	at sun.reflect.NativeConstructorAccessorImpl.newInstance(NativeConstructorAccessorImpl.java:62)
	at sun.reflect.DelegatingConstructorAccessorImpl.newInstance(DelegatingConstructorAccessorImpl.java:45)
	at java.lang.reflect.Constructor.newInstance(Constructor.java:423)
	at ptolemy.util.test.junit.AutoKnownFailedTests.RunModel(AutoKnownFailedTests.java:105)
	at sun.reflect.NativeMethodAccessorImpl.invoke0(Native Method)
	at sun.reflect.NativeMethodAccessorImpl.invoke(NativeMethodAccessorImpl.java:62)
	at sun.reflect.DelegatingMethodAccessorImpl.invoke(DelegatingMethodAccessorImpl.java:43)
	at java.lang.reflect.Method.invoke(Method.java:498)
	at org.junit.runners.model.FrameworkMethod$1.runReflectiveCall(FrameworkMethod.java:44)
	at org.junit.internal.runners.model.ReflectiveCallable.run(ReflectiveCallable.java:15)
	at org.junit.runners.model.FrameworkMethod.invokeExplosively(FrameworkMethod.java:41)
	at junitparams.internal.InvokeParameterisedMethod.evaluate(InvokeParameterisedMethod.java:102)
	at org.junit.internal.runners.statements.FailOnTimeout$1.run(FailOnTimeout.java:28)
Caused by: ptolemy.kernel.util.IllegalActionException: Found a zero delay loop containing .dependencyLoop.original
  in .dependencyLoop and .dependencyLoop.original
	at ptolemy.actor.util.CausalityInterfaceForComposites._computeOutputPortDepth(CausalityInterfaceForComposites.java:759)
	at ptolemy.actor.util.CausalityInterfaceForComposites._computeInputDepth(CausalityInterfaceForComposites.java:696)
	at ptolemy.actor.util.CausalityInterfaceForComposites._computeOutputPortDepth(CausalityInterfaceForComposites.java:765)
	at ptolemy.actor.util.CausalityInterfaceForComposites._computeInputDepth(CausalityInterfaceForComposites.java:696)
	at ptolemy.actor.util.CausalityInterfaceForComposites._computeOutputPortDepth(CausalityInterfaceForComposites.java:765)
	at ptolemy.actor.util.CausalityInterfaceForComposites._computeInputDepth(CausalityInterfaceForComposites.java:696)
	at ptolemy.actor.util.CausalityInterfaceForComposites._computeActorDepth(CausalityInterfaceForComposites.java:532)
	at ptolemy.actor.util.CausalityInterfaceForComposites.checkForCycles(CausalityInterfaceForComposites.java:96)
	at ptolemy.domains.de.kernel.DEDirector.preinitialize(DEDirector.java:1338)
	at ptolemy.actor.CompositeActor.preinitialize(CompositeActor.java:1828)
	at ptolemy.actor.Manager.preinitializeAndResolveTypes(Manager.java:1040)
	at ptolemy.actor.Manager.initialize(Manager.java:710)
	at ptolemy.actor.Manager.execute(Manager.java:356)
	at ptolemy.actor.Manager.run(Manager.java:1263)
	at ptolemy.actor.Manager$PtolemyRunThread.run(Manager.java:1915)
java.lang.RuntimeException: Execution failed
	at ptolemy.moml.MoMLSimpleApplication$UnloadThread.run(MoMLSimpleApplication.java:402)
Caused by: ptolemy.kernel.util.IllegalActionException: Found a zero delay loop containing .dependencyLoop2.original
  in .dependencyLoop2 and .dependencyLoop2.original
	at ptolemy.actor.util.CausalityInterfaceForComposites._computeOutputPortDepth(CausalityInterfaceForComposites.java:759)
	at ptolemy.actor.util.CausalityInterfaceForComposites._computeInputDepth(CausalityInterfaceForComposites.java:696)
	at ptolemy.actor.util.CausalityInterfaceForComposites._computeOutputPortDepth(CausalityInterfaceForComposites.java:765)
	at ptolemy.actor.util.CausalityInterfaceForComposites._computeInputDepth(CausalityInterfaceForComposites.java:696)
	at ptolemy.actor.util.CausalityInterfaceForComposites._computeOutputPortDepth(CausalityInterfaceForComposites.java:765)
	at ptolemy.actor.util.CausalityInterfaceForComposites._computeInputDepth(CausalityInterfaceForComposites.java:696)
	at ptolemy.actor.util.CausalityInterfaceForComposites._computeActorDepth(CausalityInterfaceForComposites.java:532)
	at ptolemy.actor.util.CausalityInterfaceForComposites.checkForCycles(CausalityInterfaceForComposites.java:96)
	at ptolemy.domains.de.kernel.DEDirector.preinitialize(DEDirector.java:1338)
	at ptolemy.actor.CompositeActor.preinitialize(CompositeActor.java:1828)
	at ptolemy.actor.Manager.preinitializeAndResolveTypes(Manager.java:1040)
	at ptolemy.actor.Manager.initialize(Manager.java:710)
	at ptolemy.actor.Manager.execute(Manager.java:356)
	at ptolemy.actor.Manager.run(Manager.java:1263)
	at ptolemy.actor.Manager$PtolemyRunThread.run(Manager.java:1915)
java.lang.reflect.InvocationTargetException
	at sun.reflect.NativeConstructorAccessorImpl.newInstance0(Native Method)
	at sun.reflect.NativeConstructorAccessorImpl.newInstance(NativeConstructorAccessorImpl.java:62)
	at sun.reflect.DelegatingConstructorAccessorImpl.newInstance(DelegatingConstructorAccessorImpl.java:45)
	at java.lang.reflect.Constructor.newInstance(Constructor.java:423)
	at ptolemy.util.test.junit.AutoKnownFailedTests.RunModel(AutoKnownFailedTests.java:105)
	at sun.reflect.NativeMethodAccessorImpl.invoke0(Native Method)
	at sun.reflect.NativeMethodAccessorImpl.invoke(NativeMethodAccessorImpl.java:62)
	at sun.reflect.DelegatingMethodAccessorImpl.invoke(DelegatingMethodAccessorImpl.java:43)
	at java.lang.reflect.Method.invoke(Method.java:498)
	at org.junit.runners.model.FrameworkMethod$1.runReflectiveCall(FrameworkMethod.java:44)
	at org.junit.internal.runners.model.ReflectiveCallable.run(ReflectiveCallable.java:15)
	at org.junit.runners.model.FrameworkMethod.invokeExplosively(FrameworkMethod.java:41)
	at junitparams.internal.InvokeParameterisedMethod.evaluate(InvokeParameterisedMethod.java:102)
	at org.junit.internal.runners.statements.FailOnTimeout$1.run(FailOnTimeout.java:28)
Caused by: ptolemy.kernel.util.IllegalActionException: Found a zero delay loop containing .dependencyLoop2.original
  in .dependencyLoop2 and .dependencyLoop2.original
	at ptolemy.actor.util.CausalityInterfaceForComposites._computeOutputPortDepth(CausalityInterfaceForComposites.java:759)
	at ptolemy.actor.util.CausalityInterfaceForComposites._computeInputDepth(CausalityInterfaceForComposites.java:696)
	at ptolemy.actor.util.CausalityInterfaceForComposites._computeOutputPortDepth(CausalityInterfaceForComposites.java:765)
	at ptolemy.actor.util.CausalityInterfaceForComposites._computeInputDepth(CausalityInterfaceForComposites.java:696)
	at ptolemy.actor.util.CausalityInterfaceForComposites._computeOutputPortDepth(CausalityInterfaceForComposites.java:765)
	at ptolemy.actor.util.CausalityInterfaceForComposites._computeInputDepth(CausalityInterfaceForComposites.java:696)
	at ptolemy.actor.util.CausalityInterfaceForComposites._computeActorDepth(CausalityInterfaceForComposites.java:532)
	at ptolemy.actor.util.CausalityInterfaceForComposites.checkForCycles(CausalityInterfaceForComposites.java:96)
	at ptolemy.domains.de.kernel.DEDirector.preinitialize(DEDirector.java:1338)
	at ptolemy.actor.CompositeActor.preinitialize(CompositeActor.java:1828)
	at ptolemy.actor.Manager.preinitializeAndResolveTypes(Manager.java:1040)
	at ptolemy.actor.Manager.initialize(Manager.java:710)
	at ptolemy.actor.Manager.execute(Manager.java:356)
	at ptolemy.actor.Manager.run(Manager.java:1263)
	at ptolemy.actor.Manager$PtolemyRunThread.run(Manager.java:1915)
]]></system-err>
</testsuite>
