<?xml version="1.0" encoding="UTF-8" ?>
<testsuite errors="0" failures="0" hostname="travis-job-6fd68bf3-3579-410b-a484-267ba3e00baa" name="ptolemy.domains.sdf.test.junit.JUnitTclTest" skipped="0" tests="66" time="22.676" timestamp="2019-11-13T06:55:23">
  <properties>
[...]
</properties>
  <testcase classname="ptolemy.util.test.junit.TclTests" name="[0] /home/travis/build/icyphy/ptII/ptolemy/domains/sdf/test/SDFSchedulerErrors.tcl (RunTclFile)" time="1.064" />
  <testcase classname="ptolemy.util.test.junit.TclTests" name="[1] /home/travis/build/icyphy/ptII/ptolemy/domains/sdf/test/composition.tcl (RunTclFile)" time="0.251" />
  <testcase classname="ptolemy.util.test.junit.TclTests" name="[2] /home/travis/build/icyphy/ptII/ptolemy/domains/sdf/test/cycle.tcl (RunTclFile)" time="0.087" />
  <testcase classname="ptolemy.util.test.junit.AutoKnownFailedTests" name="[0] ThereAreNoKnowFailedTests (RunModel)" time="0.001" />
  <testcase classname="ptolemy.util.test.junit.AutoNameArchTests" name="[0] ThereAreNoAutoArchTests (RunModel)" time="0.001" />
  <testcase classname="ptolemy.util.test.junit.AutoTests" name="[0] /home/travis/build/icyphy/ptII/ptolemy/domains/sdf/test/auto/Array.xml (RunModel)" time="0.329" />
  <testcase classname="ptolemy.util.test.junit.AutoTests" name="[1] /home/travis/build/icyphy/ptII/ptolemy/domains/sdf/test/auto/Butterfly.xml (RunModel)" time="0.182" />
  <testcase classname="ptolemy.util.test.junit.AutoTests" name="[2] /home/travis/build/icyphy/ptII/ptolemy/domains/sdf/test/auto/Expression.xml (RunModel)" time="0.132" />
  <testcase classname="ptolemy.util.test.junit.AutoTests" name="[3] /home/travis/build/icyphy/ptII/ptolemy/domains/sdf/test/auto/Eye.xml (RunModel)" time="0.265" />
  <testcase classname="ptolemy.util.test.junit.AutoTests" name="[4] /home/travis/build/icyphy/ptII/ptolemy/domains/sdf/test/auto/FixFIR.xml (RunModel)" time="0.351" />
  <testcase classname="ptolemy.util.test.junit.AutoTests" name="[5] /home/travis/build/icyphy/ptII/ptolemy/domains/sdf/test/auto/FixPoint.xml (RunModel)" time="0.048" />
  <testcase classname="ptolemy.util.test.junit.AutoTests" name="[6] /home/travis/build/icyphy/ptII/ptolemy/domains/sdf/test/auto/Gravitation.xml (RunModel)" time="3.385" />
  <testcase classname="ptolemy.util.test.junit.AutoTests" name="[7] /home/travis/build/icyphy/ptII/ptolemy/domains/sdf/test/auto/GravitationWithCollisionDetection.xml (RunModel)" time="7.604" />
  <testcase classname="ptolemy.util.test.junit.AutoTests" name="[8] /home/travis/build/icyphy/ptII/ptolemy/domains/sdf/test/auto/HDF.xml (RunModel)" time="0.128" />
  <testcase classname="ptolemy.util.test.junit.AutoTests" name="[9] /home/travis/build/icyphy/ptII/ptolemy/domains/sdf/test/auto/HDFwithTransientStates.xml (RunModel)" time="0.093" />
  <testcase classname="ptolemy.util.test.junit.AutoTests" name="[10] /home/travis/build/icyphy/ptII/ptolemy/domains/sdf/test/auto/HTVQ.xml (RunModel)" time="0.987" />
  <testcase classname="ptolemy.util.test.junit.AutoTests" name="[11] /home/travis/build/icyphy/ptII/ptolemy/domains/sdf/test/auto/InferInitProduction.xml (RunModel)" time="0.039" />
  <testcase classname="ptolemy.util.test.junit.AutoTests" name="[12] /home/travis/build/icyphy/ptII/ptolemy/domains/sdf/test/auto/InferInitProductionDeeper.xml (RunModel)" time="0.03" />
  <testcase classname="ptolemy.util.test.junit.AutoTests" name="[13] /home/travis/build/icyphy/ptII/ptolemy/domains/sdf/test/auto/LMSAdaptive.xml (RunModel)" time="0.093" />
  <testcase classname="ptolemy.util.test.junit.AutoTests" name="[14] /home/travis/build/icyphy/ptII/ptolemy/domains/sdf/test/auto/LogisticMap.xml (RunModel)" time="0.485" />
  <testcase classname="ptolemy.util.test.junit.AutoTests" name="[15] /home/travis/build/icyphy/ptII/ptolemy/domains/sdf/test/auto/MaximumEntropySpectrum.xml (RunModel)" time="0.342" />
  <testcase classname="ptolemy.util.test.junit.AutoTests" name="[16] /home/travis/build/icyphy/ptII/ptolemy/domains/sdf/test/auto/MultirateSDF.xml (RunModel)" time="0.059" />
  <testcase classname="ptolemy.util.test.junit.AutoTests" name="[17] /home/travis/build/icyphy/ptII/ptolemy/domains/sdf/test/auto/MultirateSDFwithTransientStates.xml (RunModel)" time="0.073" />
  <testcase classname="ptolemy.util.test.junit.AutoTests" name="[18] /home/travis/build/icyphy/ptII/ptolemy/domains/sdf/test/auto/NoisySinewave.xml (RunModel)" time="0.06" />
  <testcase classname="ptolemy.util.test.junit.AutoTests" name="[19] /home/travis/build/icyphy/ptII/ptolemy/domains/sdf/test/auto/Objects.xml (RunModel)" time="0.044" />
  <testcase classname="ptolemy.util.test.junit.AutoTests" name="[20] /home/travis/build/icyphy/ptII/ptolemy/domains/sdf/test/auto/OrthogonalCom.xml (RunModel)" time="0.048" />
  <testcase classname="ptolemy.util.test.junit.AutoTests" name="[21] /home/travis/build/icyphy/ptII/ptolemy/domains/sdf/test/auto/RijndaelEncryption.xml (RunModel)" time="0.639" />
  <testcase classname="ptolemy.util.test.junit.AutoTests" name="[22] /home/travis/build/icyphy/ptII/ptolemy/domains/sdf/test/auto/SDFEmptyIterations.xml (RunModel)" time="0.018" />
  <testcase classname="ptolemy.util.test.junit.AutoTests" name="[23] /home/travis/build/icyphy/ptII/ptolemy/domains/sdf/test/auto/Spectrum.xml (RunModel)" time="0.121" />
  <testcase classname="ptolemy.util.test.junit.AutoTests" name="[24] /home/travis/build/icyphy/ptII/ptolemy/domains/sdf/test/auto/de_inside_sdf.xml (RunModel)" time="0.036" />
  <testcase classname="ptolemy.util.test.junit.AutoTests" name="[25] /home/travis/build/icyphy/ptII/ptolemy/domains/sdf/test/auto/disconnectedHierarchicalSDF.xml (RunModel)" time="0.031" />
  <testcase classname="ptolemy.util.test.junit.AutoTests" name="[26] /home/travis/build/icyphy/ptII/ptolemy/domains/sdf/test/auto/disconnectedSDF.xml (RunModel)" time="0.033" />
  <testcase classname="ptolemy.util.test.junit.AutoTests" name="[27] /home/travis/build/icyphy/ptII/ptolemy/domains/sdf/test/auto/emptyRefinement.xml (RunModel)" time="0.022" />
  <testcase classname="ptolemy.util.test.junit.AutoTests" name="[28] /home/travis/build/icyphy/ptII/ptolemy/domains/sdf/test/auto/filePortParameter.xml (RunModel)" time="0.055" />
  <testcase classname="ptolemy.util.test.junit.AutoTests" name="[29] /home/travis/build/icyphy/ptII/ptolemy/domains/sdf/test/auto/inferRelationWidth1.xml (RunModel)" time="0.023" />
  <testcase classname="ptolemy.util.test.junit.AutoTests" name="[30] /home/travis/build/icyphy/ptII/ptolemy/domains/sdf/test/auto/initProductionInference.xml (RunModel)" time="0.029" />
  <testcase classname="ptolemy.util.test.junit.AutoTests" name="[31] /home/travis/build/icyphy/ptII/ptolemy/domains/sdf/test/auto/relationGroup.xml (RunModel)" time="0.031" />
  <testcase classname="ptolemy.util.test.junit.AutoTests" name="[32] /home/travis/build/icyphy/ptII/ptolemy/domains/sdf/test/auto/relationGroup10.xml (RunModel)" time="0.017" />
  <testcase classname="ptolemy.util.test.junit.AutoTests" name="[33] /home/travis/build/icyphy/ptII/ptolemy/domains/sdf/test/auto/relationGroup11.xml (RunModel)" time="0.016" />
  <testcase classname="ptolemy.util.test.junit.AutoTests" name="[34] /home/travis/build/icyphy/ptII/ptolemy/domains/sdf/test/auto/relationGroup12.xml (RunModel)" time="0.015" />
  <testcase classname="ptolemy.util.test.junit.AutoTests" name="[35] /home/travis/build/icyphy/ptII/ptolemy/domains/sdf/test/auto/relationGroup13.xml (RunModel)" time="0.024" />
  <testcase classname="ptolemy.util.test.junit.AutoTests" name="[36] /home/travis/build/icyphy/ptII/ptolemy/domains/sdf/test/auto/relationGroup14.xml (RunModel)" time="0.018" />
  <testcase classname="ptolemy.util.test.junit.AutoTests" name="[37] /home/travis/build/icyphy/ptII/ptolemy/domains/sdf/test/auto/relationGroup15.xml (RunModel)" time="0.018" />
  <testcase classname="ptolemy.util.test.junit.AutoTests" name="[38] /home/travis/build/icyphy/ptII/ptolemy/domains/sdf/test/auto/relationGroup2.xml (RunModel)" time="0.02" />
  <testcase classname="ptolemy.util.test.junit.AutoTests" name="[39] /home/travis/build/icyphy/ptII/ptolemy/domains/sdf/test/auto/relationGroup3.xml (RunModel)" time="0.01" />
  <testcase classname="ptolemy.util.test.junit.AutoTests" name="[40] /home/travis/build/icyphy/ptII/ptolemy/domains/sdf/test/auto/relationGroup4.xml (RunModel)" time="0.018" />
  <testcase classname="ptolemy.util.test.junit.AutoTests" name="[41] /home/travis/build/icyphy/ptII/ptolemy/domains/sdf/test/auto/relationGroup5.xml (RunModel)" time="0.02" />
  <testcase classname="ptolemy.util.test.junit.AutoTests" name="[42] /home/travis/build/icyphy/ptII/ptolemy/domains/sdf/test/auto/relationGroup6.xml (RunModel)" time="0.015" />
  <testcase classname="ptolemy.util.test.junit.AutoTests" name="[43] /home/travis/build/icyphy/ptII/ptolemy/domains/sdf/test/auto/relationGroup7.xml (RunModel)" time="0.012" />
  <testcase classname="ptolemy.util.test.junit.AutoTests" name="[44] /home/travis/build/icyphy/ptII/ptolemy/domains/sdf/test/auto/relationGroup8.xml (RunModel)" time="0.022" />
  <testcase classname="ptolemy.util.test.junit.AutoTests" name="[45] /home/travis/build/icyphy/ptII/ptolemy/domains/sdf/test/auto/relationGroup9.xml (RunModel)" time="0.016" />
  <testcase classname="ptolemy.util.test.junit.AutoTests" name="[46] /home/travis/build/icyphy/ptII/ptolemy/domains/sdf/test/auto/sdf_inside_de.xml (RunModel)" time="0.04" />
  <testcase classname="ptolemy.util.test.junit.AutoTests" name="[47] /home/travis/build/icyphy/ptII/ptolemy/domains/sdf/test/auto/sdf_inside_pn.xml (RunModel)" time="0.061" />
  <testcase classname="ptolemy.util.test.junit.AutoTests" name="[48] /home/travis/build/icyphy/ptII/ptolemy/domains/sdf/test/auto/sdf_sdf1.xml (RunModel)" time="0.032" />
  <testcase classname="ptolemy.util.test.junit.AutoTests" name="[49] /home/travis/build/icyphy/ptII/ptolemy/domains/sdf/test/auto/test1.xml (RunModel)" time="0.019" />
  <testcase classname="ptolemy.util.test.junit.AutoTests" name="[50] /home/travis/build/icyphy/ptII/ptolemy/domains/sdf/test/auto/time1.xml (RunModel)" time="0.011" />
  <testcase classname="ptolemy.util.test.junit.AutoTests" name="[51] /home/travis/build/icyphy/ptII/ptolemy/domains/sdf/test/auto/time2.xml (RunModel)" time="0.017" />
  <testcase classname="ptolemy.util.test.junit.AutoTests" name="[52] /home/travis/build/icyphy/ptII/ptolemy/domains/sdf/test/auto/time3.xml (RunModel)" time="0.026" />
  <testcase classname="ptolemy.util.test.junit.AutoTests" name="[53] /home/travis/build/icyphy/ptII/ptolemy/domains/sdf/test/auto/time4.xml (RunModel)" time="0.019" />
  <testcase classname="ptolemy.util.test.junit.AutoTests" name="[54] /home/travis/build/icyphy/ptII/ptolemy/domains/sdf/test/auto/time5.xml (RunModel)" time="4.01" />
  <testcase classname="ptolemy.util.test.junit.AutoTests" name="[55] /home/travis/build/icyphy/ptII/ptolemy/domains/sdf/test/auto/typeSystem_Const_Integer_smallest_Type.xml (RunModel)" time="0.037" />
  <testcase classname="ptolemy.util.test.junit.AutoTests" name="[56] /home/travis/build/icyphy/ptII/ptolemy/domains/sdf/test/auto/typeSystem_declared_Inports_OutportTypeException.xml (RunModel)" time="0.025" />
  <testcase classname="ptolemy.util.test.junit.AutoTests" name="[57] /home/travis/build/icyphy/ptII/ptolemy/domains/sdf/test/auto/typeSystem_oneDeclaredInportType_wrongTypeOutport.xml (RunModel)" time="0.019" />
  <testcase classname="ptolemy.util.test.junit.AutoTests" name="[58] /home/travis/build/icyphy/ptII/ptolemy/domains/sdf/test/auto/width.xml (RunModel)" time="0.012" />
  <testcase classname="ptolemy.util.test.junit.AutoTests" name="[59] /home/travis/build/icyphy/ptII/ptolemy/domains/sdf/test/auto/width2.xml (RunModel)" time="0.037" />
  <testcase classname="ptolemy.util.test.junit.AutoTests" name="[60] /home/travis/build/icyphy/ptII/ptolemy/domains/sdf/test/auto/width3.xml (RunModel)" time="0.042" />
  <system-out><![CDATA[/home/travis/build/icyphy/ptII/ptolemy/domains/sdf/test/SDFSchedulerErrors.tcl
testDefs.tcl: setting time out to 9000 seconds at Wed Nov 13 06:55:23 UTC 2019
84 ms. Memory: 120832K Free: 82374K (68%)
15 ms. Memory: 120832K Free: 74696K (62%)
10 ms. Memory: 120832K Free: 68031K (56%)
6 ms. Memory: 120832K Free: 65480K (54%)
/home/travis/build/icyphy/ptII/ptolemy/domains/sdf/test/composition.tcl
59 ms. Memory: 120832K Free: 61384K (51%)
22 ms. Memory: 120832K Free: 59336K (49%)
/home/travis/build/icyphy/ptII/ptolemy/domains/sdf/test/cycle.tcl
.Toplevel.Director Preinitializing ...
Invoking preinitialize():  .Toplevel.Actor1
Invoking preinitialize():  .Toplevel.Actor2
Invoking preinitialize():  .Toplevel.Delay
.Toplevel.Director Finished preinitialize().
### Schedule:
Execute Schedule{
Fire Actor ptolemy.domains.sdf.kernel.test.SDFTestDelay {.Toplevel.Actor1}
Fire Actor ptolemy.domains.sdf.kernel.test.SDFTestDelay {.Toplevel.Actor2}
Fire Actor ptolemy.domains.sdf.lib.SampleDelay {.Toplevel.Delay}
}
### End schedule
Called initialize().
Invoking initialize():  .Toplevel.Actor1
Initializing actor: .Toplevel.Actor1.
Invoking initialize():  .Toplevel.Actor2
Initializing actor: .Toplevel.Actor2.
Invoking initialize():  .Toplevel.Delay
Initializing actor: .Toplevel.Delay.
Director: Called prefire().
-- Setting current time to 0.0
Director prefire returns true.
The actor .Toplevel.Actor1 will be iterated.
The actor .Toplevel.Actor1 was iterated.
The actor .Toplevel.Actor2 will be iterated.
The actor .Toplevel.Actor2 was iterated.
The actor .Toplevel.Delay will be iterated.
The actor .Toplevel.Delay was iterated.
Director: Called postfire().
Postfire returns: true
Director: Called prefire().
-- Setting current time to 0.0
Director prefire returns true.
The actor .Toplevel.Actor1 will be iterated.
The actor .Toplevel.Actor1 was iterated.
The actor .Toplevel.Actor2 will be iterated.
The actor .Toplevel.Actor2 was iterated.
The actor .Toplevel.Delay will be iterated.
The actor .Toplevel.Delay was iterated.
Director: Called postfire().
Postfire returns: true
Director: Called prefire().
-- Setting current time to 0.0
Director prefire returns true.
The actor .Toplevel.Actor1 will be iterated.
The actor .Toplevel.Actor1 was iterated.
The actor .Toplevel.Actor2 will be iterated.
The actor .Toplevel.Actor2 was iterated.
The actor .Toplevel.Delay will be iterated.
The actor .Toplevel.Delay was iterated.
Director: Called postfire().
Postfire returns: true
Director: Called prefire().
-- Setting current time to 0.0
Director prefire returns true.
The actor .Toplevel.Actor1 will be iterated.
The actor .Toplevel.Actor1 was iterated.
The actor .Toplevel.Actor2 will be iterated.
The actor .Toplevel.Actor2 was iterated.
The actor .Toplevel.Delay will be iterated.
The actor .Toplevel.Delay was iterated.
Director: Called postfire().
Postfire returns: true
Director: Called prefire().
-- Setting current time to 0.0
Director prefire returns true.
The actor .Toplevel.Actor1 will be iterated.
The actor .Toplevel.Actor1 was iterated.
The actor .Toplevel.Actor2 will be iterated.
The actor .Toplevel.Actor2 was iterated.
The actor .Toplevel.Delay will be iterated.
The actor .Toplevel.Delay was iterated.
Director: Called postfire().
Postfire returns: true
Director: Called prefire().
-- Setting current time to 0.0
Director prefire returns true.
The actor .Toplevel.Actor1 will be iterated.
The actor .Toplevel.Actor1 was iterated.
The actor .Toplevel.Actor2 will be iterated.
The actor .Toplevel.Actor2 was iterated.
The actor .Toplevel.Delay will be iterated.
The actor .Toplevel.Delay was iterated.
Reached specified number of iterations: 6
Director: Called wrapup().
34 ms. Memory: 120832K Free: 56264K (47%)
11/13/19 06:55:25
Failed: 0  Total Tests: 8  ((Passed: 8, Newly Passed: 0)  Known Failed: 0) /home/travis/build/icyphy/ptII/ptolemy/domains/sdf/test
No auto/knownFailedTests/*.xml tests in /home/travis/build/icyphy/ptII/ptolemy/domains/sdf/test
No auto/linux-amd64/*.xml tests in /home/travis/build/icyphy/ptII/ptolemy/domains/sdf/test
AutoTests.java: About to close Vertx.
AutoTests.java: Vertx closed.

===========================================================================================
----------------- testing Wed Nov 13 06:55:25 UTC 2019 /home/travis/build/icyphy/ptII/ptolemy/domains/sdf/test/auto/Array.xml
----------------- Instantiating /home/travis/build/icyphy/ptII/ptolemy/domains/sdf/test/auto/Array.xml
54 ms. Memory: 120832K Free: 94545K (78%)
----------------- Invoking toplevel() on ptolemy.moml.MoMLSimpleApplication@687751ae
----------------- Done invoking toplevel() on ptolemy.moml.MoMLSimpleApplication@687751ae
reloadAllAccessors: .Array

===========================================================================================
----------------- testing Wed Nov 13 06:55:26 UTC 2019 /home/travis/build/icyphy/ptII/ptolemy/domains/sdf/test/auto/Butterfly.xml
----------------- Instantiating /home/travis/build/icyphy/ptII/ptolemy/domains/sdf/test/auto/Butterfly.xml
100 ms. Memory: 120832K Free: 88863K (74%)
----------------- Invoking toplevel() on ptolemy.moml.MoMLSimpleApplication@13e4d4d3
----------------- Done invoking toplevel() on ptolemy.moml.MoMLSimpleApplication@13e4d4d3
reloadAllAccessors: .Butterfly

===========================================================================================
----------------- testing Wed Nov 13 06:55:26 UTC 2019 /home/travis/build/icyphy/ptII/ptolemy/domains/sdf/test/auto/Expression.xml
----------------- Instantiating /home/travis/build/icyphy/ptII/ptolemy/domains/sdf/test/auto/Expression.xml
67 ms. Memory: 120832K Free: 103193K (85%)
----------------- Invoking toplevel() on ptolemy.moml.MoMLSimpleApplication@3c8b83eb
----------------- Done invoking toplevel() on ptolemy.moml.MoMLSimpleApplication@3c8b83eb
reloadAllAccessors: .Expression

===========================================================================================
----------------- testing Wed Nov 13 06:55:26 UTC 2019 /home/travis/build/icyphy/ptII/ptolemy/domains/sdf/test/auto/Eye.xml
----------------- Instantiating /home/travis/build/icyphy/ptII/ptolemy/domains/sdf/test/auto/Eye.xml
144 ms. Memory: 120832K Free: 78392K (65%)
----------------- Invoking toplevel() on ptolemy.moml.MoMLSimpleApplication@666c5082
----------------- Done invoking toplevel() on ptolemy.moml.MoMLSimpleApplication@666c5082
reloadAllAccessors: .Eye

===========================================================================================
----------------- testing Wed Nov 13 06:55:26 UTC 2019 /home/travis/build/icyphy/ptII/ptolemy/domains/sdf/test/auto/FixFIR.xml
----------------- Instantiating /home/travis/build/icyphy/ptII/ptolemy/domains/sdf/test/auto/FixFIR.xml
161 ms. Memory: 120832K Free: 79521K (66%)
----------------- Invoking toplevel() on ptolemy.moml.MoMLSimpleApplication@361db316
----------------- Done invoking toplevel() on ptolemy.moml.MoMLSimpleApplication@361db316
reloadAllAccessors: .FixFIR

===========================================================================================
----------------- testing Wed Nov 13 06:55:27 UTC 2019 /home/travis/build/icyphy/ptII/ptolemy/domains/sdf/test/auto/FixPoint.xml
----------------- Instantiating /home/travis/build/icyphy/ptII/ptolemy/domains/sdf/test/auto/FixPoint.xml
19 ms. Memory: 120832K Free: 75426K (62%)
----------------- Invoking toplevel() on ptolemy.moml.MoMLSimpleApplication@69312914
----------------- Done invoking toplevel() on ptolemy.moml.MoMLSimpleApplication@69312914
reloadAllAccessors: .FixPoint

===========================================================================================
----------------- testing Wed Nov 13 06:55:27 UTC 2019 /home/travis/build/icyphy/ptII/ptolemy/domains/sdf/test/auto/Gravitation.xml
----------------- Instantiating /home/travis/build/icyphy/ptII/ptolemy/domains/sdf/test/auto/Gravitation.xml
3272 ms. Memory: 153600K Free: 110726K (72%)
----------------- Invoking toplevel() on ptolemy.moml.MoMLSimpleApplication@7a23e62c
----------------- Done invoking toplevel() on ptolemy.moml.MoMLSimpleApplication@7a23e62c
reloadAllAccessors: .Gravitation

===========================================================================================
----------------- testing Wed Nov 13 06:55:30 UTC 2019 /home/travis/build/icyphy/ptII/ptolemy/domains/sdf/test/auto/GravitationWithCollisionDetection.xml
----------------- Instantiating /home/travis/build/icyphy/ptII/ptolemy/domains/sdf/test/auto/GravitationWithCollisionDetection.xml
7326 ms. Memory: 269312K Free: 247586K (92%)
----------------- Invoking toplevel() on ptolemy.moml.MoMLSimpleApplication@77d7cb94
----------------- Done invoking toplevel() on ptolemy.moml.MoMLSimpleApplication@77d7cb94
reloadAllAccessors: .GravitationWithCollisionDetection

===========================================================================================
----------------- testing Wed Nov 13 06:55:38 UTC 2019 /home/travis/build/icyphy/ptII/ptolemy/domains/sdf/test/auto/HDF.xml
----------------- Instantiating /home/travis/build/icyphy/ptII/ptolemy/domains/sdf/test/auto/HDF.xml
43 ms. Memory: 269312K Free: 232232K (86%)
----------------- Invoking toplevel() on ptolemy.moml.MoMLSimpleApplication@11543e4
----------------- Done invoking toplevel() on ptolemy.moml.MoMLSimpleApplication@11543e4
reloadAllAccessors: .HDF

===========================================================================================
----------------- testing Wed Nov 13 06:55:38 UTC 2019 /home/travis/build/icyphy/ptII/ptolemy/domains/sdf/test/auto/HDFwithTransientStates.xml
----------------- Instantiating /home/travis/build/icyphy/ptII/ptolemy/domains/sdf/test/auto/HDFwithTransientStates.xml
32 ms. Memory: 269312K Free: 213290K (79%)
----------------- Invoking toplevel() on ptolemy.moml.MoMLSimpleApplication@2afa66cb
----------------- Done invoking toplevel() on ptolemy.moml.MoMLSimpleApplication@2afa66cb
reloadAllAccessors: .HDFwithTransientStates

===========================================================================================
----------------- testing Wed Nov 13 06:55:38 UTC 2019 /home/travis/build/icyphy/ptII/ptolemy/domains/sdf/test/auto/HTVQ.xml
----------------- Instantiating /home/travis/build/icyphy/ptII/ptolemy/domains/sdf/test/auto/HTVQ.xml
940 ms. Memory: 330752K Free: 264883K (80%)
----------------- Invoking toplevel() on ptolemy.moml.MoMLSimpleApplication@15247091
----------------- Done invoking toplevel() on ptolemy.moml.MoMLSimpleApplication@15247091
reloadAllAccessors: .HTVQ

===========================================================================================
----------------- testing Wed Nov 13 06:55:39 UTC 2019 /home/travis/build/icyphy/ptII/ptolemy/domains/sdf/test/auto/InferInitProduction.xml
----------------- Instantiating /home/travis/build/icyphy/ptII/ptolemy/domains/sdf/test/auto/InferInitProduction.xml
5 ms. Memory: 330752K Free: 259350K (78%)
----------------- Invoking toplevel() on ptolemy.moml.MoMLSimpleApplication@699dc608
----------------- Done invoking toplevel() on ptolemy.moml.MoMLSimpleApplication@699dc608
reloadAllAccessors: .InferInitProduction

===========================================================================================
----------------- testing Wed Nov 13 06:55:39 UTC 2019 /home/travis/build/icyphy/ptII/ptolemy/domains/sdf/test/auto/InferInitProductionDeeper.xml
----------------- Instantiating /home/travis/build/icyphy/ptII/ptolemy/domains/sdf/test/auto/InferInitProductionDeeper.xml
5 ms. Memory: 330752K Free: 253702K (77%)
----------------- Invoking toplevel() on ptolemy.moml.MoMLSimpleApplication@1ebcfd0a
----------------- Done invoking toplevel() on ptolemy.moml.MoMLSimpleApplication@1ebcfd0a
reloadAllAccessors: .InferInitProductionDeeper

===========================================================================================
----------------- testing Wed Nov 13 06:55:39 UTC 2019 /home/travis/build/icyphy/ptII/ptolemy/domains/sdf/test/auto/LMSAdaptive.xml
----------------- Instantiating /home/travis/build/icyphy/ptII/ptolemy/domains/sdf/test/auto/LMSAdaptive.xml
16 ms. Memory: 330752K Free: 243990K (74%)
----------------- Invoking toplevel() on ptolemy.moml.MoMLSimpleApplication@12f8332d
----------------- Done invoking toplevel() on ptolemy.moml.MoMLSimpleApplication@12f8332d
reloadAllAccessors: .LMSAdaptive

===========================================================================================
----------------- testing Wed Nov 13 06:55:39 UTC 2019 /home/travis/build/icyphy/ptII/ptolemy/domains/sdf/test/auto/LogisticMap.xml
----------------- Instantiating /home/travis/build/icyphy/ptII/ptolemy/domains/sdf/test/auto/LogisticMap.xml
444 ms. Memory: 330752K Free: 238356K (72%)
----------------- Invoking toplevel() on ptolemy.moml.MoMLSimpleApplication@476deb2b
----------------- Done invoking toplevel() on ptolemy.moml.MoMLSimpleApplication@476deb2b
reloadAllAccessors: .LogisticMap

===========================================================================================
----------------- testing Wed Nov 13 06:55:39 UTC 2019 /home/travis/build/icyphy/ptII/ptolemy/domains/sdf/test/auto/MaximumEntropySpectrum.xml
----------------- Instantiating /home/travis/build/icyphy/ptII/ptolemy/domains/sdf/test/auto/MaximumEntropySpectrum.xml
88 ms. Memory: 330752K Free: 176916K (53%)
----------------- Invoking toplevel() on ptolemy.moml.MoMLSimpleApplication@5ae2b721
----------------- Done invoking toplevel() on ptolemy.moml.MoMLSimpleApplication@5ae2b721
reloadAllAccessors: .MaximumEntropySpectrum

===========================================================================================
----------------- testing Wed Nov 13 06:55:40 UTC 2019 /home/travis/build/icyphy/ptII/ptolemy/domains/sdf/test/auto/MultirateSDF.xml
----------------- Instantiating /home/travis/build/icyphy/ptII/ptolemy/domains/sdf/test/auto/MultirateSDF.xml
18 ms. Memory: 330752K Free: 162566K (49%)
----------------- Invoking toplevel() on ptolemy.moml.MoMLSimpleApplication@1d309f35
----------------- Done invoking toplevel() on ptolemy.moml.MoMLSimpleApplication@1d309f35
reloadAllAccessors: .MultirateSDF

===========================================================================================
----------------- testing Wed Nov 13 06:55:40 UTC 2019 /home/travis/build/icyphy/ptII/ptolemy/domains/sdf/test/auto/MultirateSDFwithTransientStates.xml
----------------- Instantiating /home/travis/build/icyphy/ptII/ptolemy/domains/sdf/test/auto/MultirateSDFwithTransientStates.xml
21 ms. Memory: 330752K Free: 143110K (43%)
----------------- Invoking toplevel() on ptolemy.moml.MoMLSimpleApplication@42257999
----------------- Done invoking toplevel() on ptolemy.moml.MoMLSimpleApplication@42257999
reloadAllAccessors: .MultirateSDFwithTransientStates

===========================================================================================
----------------- testing Wed Nov 13 06:55:40 UTC 2019 /home/travis/build/icyphy/ptII/ptolemy/domains/sdf/test/auto/NoisySinewave.xml
----------------- Instantiating /home/travis/build/icyphy/ptII/ptolemy/domains/sdf/test/auto/NoisySinewave.xml
16 ms. Memory: 330752K Free: 126740K (38%)
----------------- Invoking toplevel() on ptolemy.moml.MoMLSimpleApplication@2beefc63
----------------- Done invoking toplevel() on ptolemy.moml.MoMLSimpleApplication@2beefc63
reloadAllAccessors: .NoisySinewave

===========================================================================================
----------------- testing Wed Nov 13 06:55:40 UTC 2019 /home/travis/build/icyphy/ptII/ptolemy/domains/sdf/test/auto/Objects.xml
----------------- Instantiating /home/travis/build/icyphy/ptII/ptolemy/domains/sdf/test/auto/Objects.xml
4 ms. Memory: 330752K Free: 118548K (36%)
----------------- Invoking toplevel() on ptolemy.moml.MoMLSimpleApplication@16542fb
----------------- Done invoking toplevel() on ptolemy.moml.MoMLSimpleApplication@16542fb
reloadAllAccessors: .Objects

===========================================================================================
----------------- testing Wed Nov 13 06:55:40 UTC 2019 /home/travis/build/icyphy/ptII/ptolemy/domains/sdf/test/auto/OrthogonalCom.xml
----------------- Instantiating /home/travis/build/icyphy/ptII/ptolemy/domains/sdf/test/auto/OrthogonalCom.xml
6 ms. Memory: 330752K Free: 306354K (93%)
----------------- Invoking toplevel() on ptolemy.moml.MoMLSimpleApplication@3fb87580
----------------- Done invoking toplevel() on ptolemy.moml.MoMLSimpleApplication@3fb87580
reloadAllAccessors: .OrthogonalCom

===========================================================================================
----------------- testing Wed Nov 13 06:55:40 UTC 2019 /home/travis/build/icyphy/ptII/ptolemy/domains/sdf/test/auto/RijndaelEncryption.xml
----------------- Instantiating /home/travis/build/icyphy/ptII/ptolemy/domains/sdf/test/auto/RijndaelEncryption.xml
356 ms. Memory: 330752K Free: 161460K (49%)
----------------- Invoking toplevel() on ptolemy.moml.MoMLSimpleApplication@7bd685f7
----------------- Done invoking toplevel() on ptolemy.moml.MoMLSimpleApplication@7bd685f7
reloadAllAccessors: .RijndaelEncryption

===========================================================================================
----------------- testing Wed Nov 13 06:55:41 UTC 2019 /home/travis/build/icyphy/ptII/ptolemy/domains/sdf/test/auto/SDFEmptyIterations.xml
----------------- Instantiating /home/travis/build/icyphy/ptII/ptolemy/domains/sdf/test/auto/SDFEmptyIterations.xml
8 ms. Memory: 330752K Free: 156836K (47%)
----------------- Invoking toplevel() on ptolemy.moml.MoMLSimpleApplication@7e6e32d6
----------------- Done invoking toplevel() on ptolemy.moml.MoMLSimpleApplication@7e6e32d6
reloadAllAccessors: .SDFEmptyIterations

===========================================================================================
----------------- testing Wed Nov 13 06:55:41 UTC 2019 /home/travis/build/icyphy/ptII/ptolemy/domains/sdf/test/auto/Spectrum.xml
----------------- Instantiating /home/travis/build/icyphy/ptII/ptolemy/domains/sdf/test/auto/Spectrum.xml
39 ms. Memory: 330752K Free: 132274K (40%)
----------------- Invoking toplevel() on ptolemy.moml.MoMLSimpleApplication@5177b712
----------------- Done invoking toplevel() on ptolemy.moml.MoMLSimpleApplication@5177b712
reloadAllAccessors: .Spectrum

===========================================================================================
----------------- testing Wed Nov 13 06:55:41 UTC 2019 /home/travis/build/icyphy/ptII/ptolemy/domains/sdf/test/auto/de_inside_sdf.xml
----------------- Instantiating /home/travis/build/icyphy/ptII/ptolemy/domains/sdf/test/auto/de_inside_sdf.xml
13 ms. Memory: 330752K Free: 127124K (38%)
----------------- Invoking toplevel() on ptolemy.moml.MoMLSimpleApplication@5070164d
----------------- Done invoking toplevel() on ptolemy.moml.MoMLSimpleApplication@5070164d
reloadAllAccessors: .de_inside_sdf

===========================================================================================
----------------- testing Wed Nov 13 06:55:41 UTC 2019 /home/travis/build/icyphy/ptII/ptolemy/domains/sdf/test/auto/disconnectedHierarchicalSDF.xml
----------------- Instantiating /home/travis/build/icyphy/ptII/ptolemy/domains/sdf/test/auto/disconnectedHierarchicalSDF.xml
6 ms. Memory: 330752K Free: 120996K (37%)
----------------- Invoking toplevel() on ptolemy.moml.MoMLSimpleApplication@5b685bf3
----------------- Done invoking toplevel() on ptolemy.moml.MoMLSimpleApplication@5b685bf3
reloadAllAccessors: .disconnectedHierarchicalSDF

===========================================================================================
----------------- testing Wed Nov 13 06:55:41 UTC 2019 /home/travis/build/icyphy/ptII/ptolemy/domains/sdf/test/auto/disconnectedSDF.xml
----------------- Instantiating /home/travis/build/icyphy/ptII/ptolemy/domains/sdf/test/auto/disconnectedSDF.xml
13 ms. Memory: 330752K Free: 312711K (95%)
----------------- Invoking toplevel() on ptolemy.moml.MoMLSimpleApplication@101e021
----------------- Done invoking toplevel() on ptolemy.moml.MoMLSimpleApplication@101e021
reloadAllAccessors: .disconnectedSDF

===========================================================================================
----------------- testing Wed Nov 13 06:55:41 UTC 2019 /home/travis/build/icyphy/ptII/ptolemy/domains/sdf/test/auto/emptyRefinement.xml
----------------- Instantiating /home/travis/build/icyphy/ptII/ptolemy/domains/sdf/test/auto/emptyRefinement.xml
5 ms. Memory: 330752K Free: 307853K (93%)
----------------- Invoking toplevel() on ptolemy.moml.MoMLSimpleApplication@daf2b2b
----------------- Done invoking toplevel() on ptolemy.moml.MoMLSimpleApplication@daf2b2b
reloadAllAccessors: .emptyRefinement

===========================================================================================
----------------- testing Wed Nov 13 06:55:41 UTC 2019 /home/travis/build/icyphy/ptII/ptolemy/domains/sdf/test/auto/filePortParameter.xml
----------------- Instantiating /home/travis/build/icyphy/ptII/ptolemy/domains/sdf/test/auto/filePortParameter.xml
19 ms. Memory: 330752K Free: 300685K (91%)
----------------- Invoking toplevel() on ptolemy.moml.MoMLSimpleApplication@5fbc2394
----------------- Done invoking toplevel() on ptolemy.moml.MoMLSimpleApplication@5fbc2394
reloadAllAccessors: .filePortParameter

===========================================================================================
----------------- testing Wed Nov 13 06:55:41 UTC 2019 /home/travis/build/icyphy/ptII/ptolemy/domains/sdf/test/auto/inferRelationWidth1.xml
----------------- Instantiating /home/travis/build/icyphy/ptII/ptolemy/domains/sdf/test/auto/inferRelationWidth1.xml
4 ms. Memory: 330752K Free: 297613K (90%)
----------------- Invoking toplevel() on ptolemy.moml.MoMLSimpleApplication@631d33ad
----------------- Done invoking toplevel() on ptolemy.moml.MoMLSimpleApplication@631d33ad
reloadAllAccessors: .inferRelationWidth1

===========================================================================================
----------------- testing Wed Nov 13 06:55:41 UTC 2019 /home/travis/build/icyphy/ptII/ptolemy/domains/sdf/test/auto/initProductionInference.xml
----------------- Instantiating /home/travis/build/icyphy/ptII/ptolemy/domains/sdf/test/auto/initProductionInference.xml
10 ms. Memory: 330752K Free: 293517K (89%)
----------------- Invoking toplevel() on ptolemy.moml.MoMLSimpleApplication@261eff4a
----------------- Done invoking toplevel() on ptolemy.moml.MoMLSimpleApplication@261eff4a
reloadAllAccessors: .initProductionInference

===========================================================================================
----------------- testing Wed Nov 13 06:55:41 UTC 2019 /home/travis/build/icyphy/ptII/ptolemy/domains/sdf/test/auto/relationGroup.xml
----------------- Instantiating /home/travis/build/icyphy/ptII/ptolemy/domains/sdf/test/auto/relationGroup.xml
3 ms. Memory: 330752K Free: 289931K (88%)
----------------- Invoking toplevel() on ptolemy.moml.MoMLSimpleApplication@a76a84
----------------- Done invoking toplevel() on ptolemy.moml.MoMLSimpleApplication@a76a84
reloadAllAccessors: .relationGroup

===========================================================================================
----------------- testing Wed Nov 13 06:55:41 UTC 2019 /home/travis/build/icyphy/ptII/ptolemy/domains/sdf/test/auto/relationGroup10.xml
----------------- Instantiating /home/travis/build/icyphy/ptII/ptolemy/domains/sdf/test/auto/relationGroup10.xml
4 ms. Memory: 330752K Free: 286349K (87%)
----------------- Invoking toplevel() on ptolemy.moml.MoMLSimpleApplication@32b6bdf7
----------------- Done invoking toplevel() on ptolemy.moml.MoMLSimpleApplication@32b6bdf7
reloadAllAccessors: .relationGroup10

===========================================================================================
----------------- testing Wed Nov 13 06:55:41 UTC 2019 /home/travis/build/icyphy/ptII/ptolemy/domains/sdf/test/auto/relationGroup11.xml
----------------- Instantiating /home/travis/build/icyphy/ptII/ptolemy/domains/sdf/test/auto/relationGroup11.xml
3 ms. Memory: 330752K Free: 282763K (85%)
----------------- Invoking toplevel() on ptolemy.moml.MoMLSimpleApplication@11e5bbb7
----------------- Done invoking toplevel() on ptolemy.moml.MoMLSimpleApplication@11e5bbb7
reloadAllAccessors: .relationGroup11

===========================================================================================
----------------- testing Wed Nov 13 06:55:41 UTC 2019 /home/travis/build/icyphy/ptII/ptolemy/domains/sdf/test/auto/relationGroup12.xml
----------------- Instantiating /home/travis/build/icyphy/ptII/ptolemy/domains/sdf/test/auto/relationGroup12.xml
3 ms. Memory: 330752K Free: 279181K (84%)
----------------- Invoking toplevel() on ptolemy.moml.MoMLSimpleApplication@1887f7aa
----------------- Done invoking toplevel() on ptolemy.moml.MoMLSimpleApplication@1887f7aa
reloadAllAccessors: .relationGroup12

===========================================================================================
----------------- testing Wed Nov 13 06:55:41 UTC 2019 /home/travis/build/icyphy/ptII/ptolemy/domains/sdf/test/auto/relationGroup13.xml
----------------- Instantiating /home/travis/build/icyphy/ptII/ptolemy/domains/sdf/test/auto/relationGroup13.xml
9 ms. Memory: 330752K Free: 274571K (83%)
----------------- Invoking toplevel() on ptolemy.moml.MoMLSimpleApplication@4a15bbfe
----------------- Done invoking toplevel() on ptolemy.moml.MoMLSimpleApplication@4a15bbfe
reloadAllAccessors: .relationGroup13

===========================================================================================
----------------- testing Wed Nov 13 06:55:41 UTC 2019 /home/travis/build/icyphy/ptII/ptolemy/domains/sdf/test/auto/relationGroup14.xml
----------------- Instantiating /home/travis/build/icyphy/ptII/ptolemy/domains/sdf/test/auto/relationGroup14.xml
5 ms. Memory: 330752K Free: 269965K (82%)
----------------- Invoking toplevel() on ptolemy.moml.MoMLSimpleApplication@21deb4bd
----------------- Done invoking toplevel() on ptolemy.moml.MoMLSimpleApplication@21deb4bd
reloadAllAccessors: .relationGroup14

===========================================================================================
----------------- testing Wed Nov 13 06:55:41 UTC 2019 /home/travis/build/icyphy/ptII/ptolemy/domains/sdf/test/auto/relationGroup15.xml
----------------- Instantiating /home/travis/build/icyphy/ptII/ptolemy/domains/sdf/test/auto/relationGroup15.xml
2 ms. Memory: 330752K Free: 266379K (81%)
----------------- Invoking toplevel() on ptolemy.moml.MoMLSimpleApplication@2aca56e7
----------------- Done invoking toplevel() on ptolemy.moml.MoMLSimpleApplication@2aca56e7
reloadAllAccessors: .relationGroup15

===========================================================================================
----------------- testing Wed Nov 13 06:55:41 UTC 2019 /home/travis/build/icyphy/ptII/ptolemy/domains/sdf/test/auto/relationGroup2.xml
----------------- Instantiating /home/travis/build/icyphy/ptII/ptolemy/domains/sdf/test/auto/relationGroup2.xml
4 ms. Memory: 330752K Free: 263307K (80%)
----------------- Invoking toplevel() on ptolemy.moml.MoMLSimpleApplication@120034bc
----------------- Done invoking toplevel() on ptolemy.moml.MoMLSimpleApplication@120034bc
reloadAllAccessors: .relationGroup2

===========================================================================================
----------------- testing Wed Nov 13 06:55:41 UTC 2019 /home/travis/build/icyphy/ptII/ptolemy/domains/sdf/test/auto/relationGroup3.xml
----------------- Instantiating /home/travis/build/icyphy/ptII/ptolemy/domains/sdf/test/auto/relationGroup3.xml
2 ms. Memory: 330752K Free: 260235K (79%)
----------------- Invoking toplevel() on ptolemy.moml.MoMLSimpleApplication@13d62ba7
----------------- Done invoking toplevel() on ptolemy.moml.MoMLSimpleApplication@13d62ba7
reloadAllAccessors: .relationGroup3

===========================================================================================
----------------- testing Wed Nov 13 06:55:41 UTC 2019 /home/travis/build/icyphy/ptII/ptolemy/domains/sdf/test/auto/relationGroup4.xml
----------------- Instantiating /home/travis/build/icyphy/ptII/ptolemy/domains/sdf/test/auto/relationGroup4.xml
7 ms. Memory: 330752K Free: 255629K (77%)
----------------- Invoking toplevel() on ptolemy.moml.MoMLSimpleApplication@68afffcc
----------------- Done invoking toplevel() on ptolemy.moml.MoMLSimpleApplication@68afffcc
reloadAllAccessors: .relationGroup4

===========================================================================================
----------------- testing Wed Nov 13 06:55:41 UTC 2019 /home/travis/build/icyphy/ptII/ptolemy/domains/sdf/test/auto/relationGroup5.xml
----------------- Instantiating /home/travis/build/icyphy/ptII/ptolemy/domains/sdf/test/auto/relationGroup5.xml
6 ms. Memory: 330752K Free: 251019K (76%)
----------------- Invoking toplevel() on ptolemy.moml.MoMLSimpleApplication@63e06f6e
----------------- Done invoking toplevel() on ptolemy.moml.MoMLSimpleApplication@63e06f6e
reloadAllAccessors: .relationGroup5

===========================================================================================
----------------- testing Wed Nov 13 06:55:41 UTC 2019 /home/travis/build/icyphy/ptII/ptolemy/domains/sdf/test/auto/relationGroup6.xml
----------------- Instantiating /home/travis/build/icyphy/ptII/ptolemy/domains/sdf/test/auto/relationGroup6.xml
4 ms. Memory: 330752K Free: 246923K (75%)
----------------- Invoking toplevel() on ptolemy.moml.MoMLSimpleApplication@5cb87e65
----------------- Done invoking toplevel() on ptolemy.moml.MoMLSimpleApplication@5cb87e65
reloadAllAccessors: .relationGroup6

===========================================================================================
----------------- testing Wed Nov 13 06:55:41 UTC 2019 /home/travis/build/icyphy/ptII/ptolemy/domains/sdf/test/auto/relationGroup7.xml
----------------- Instantiating /home/travis/build/icyphy/ptII/ptolemy/domains/sdf/test/auto/relationGroup7.xml
2 ms. Memory: 330752K Free: 243851K (74%)
----------------- Invoking toplevel() on ptolemy.moml.MoMLSimpleApplication@e30d594
----------------- Done invoking toplevel() on ptolemy.moml.MoMLSimpleApplication@e30d594
reloadAllAccessors: .relationGroup7

===========================================================================================
----------------- testing Wed Nov 13 06:55:41 UTC 2019 /home/travis/build/icyphy/ptII/ptolemy/domains/sdf/test/auto/relationGroup8.xml
----------------- Instantiating /home/travis/build/icyphy/ptII/ptolemy/domains/sdf/test/auto/relationGroup8.xml
4 ms. Memory: 330752K Free: 240779K (73%)
----------------- Invoking toplevel() on ptolemy.moml.MoMLSimpleApplication@26e9f200
----------------- Done invoking toplevel() on ptolemy.moml.MoMLSimpleApplication@26e9f200
reloadAllAccessors: .relationGroup8

===========================================================================================
----------------- testing Wed Nov 13 06:55:41 UTC 2019 /home/travis/build/icyphy/ptII/ptolemy/domains/sdf/test/auto/relationGroup9.xml
----------------- Instantiating /home/travis/build/icyphy/ptII/ptolemy/domains/sdf/test/auto/relationGroup9.xml
3 ms. Memory: 330752K Free: 236173K (71%)
----------------- Invoking toplevel() on ptolemy.moml.MoMLSimpleApplication@7620992a
----------------- Done invoking toplevel() on ptolemy.moml.MoMLSimpleApplication@7620992a
reloadAllAccessors: .relationGroup9

===========================================================================================
----------------- testing Wed Nov 13 06:55:41 UTC 2019 /home/travis/build/icyphy/ptII/ptolemy/domains/sdf/test/auto/sdf_inside_de.xml
----------------- Instantiating /home/travis/build/icyphy/ptII/ptolemy/domains/sdf/test/auto/sdf_inside_de.xml
10 ms. Memory: 330752K Free: 227467K (69%)
----------------- Invoking toplevel() on ptolemy.moml.MoMLSimpleApplication@5fc4b62
----------------- Done invoking toplevel() on ptolemy.moml.MoMLSimpleApplication@5fc4b62
reloadAllAccessors: .sdf_inside_de

===========================================================================================
----------------- testing Wed Nov 13 06:55:41 UTC 2019 /home/travis/build/icyphy/ptII/ptolemy/domains/sdf/test/auto/sdf_inside_pn.xml
----------------- Instantiating /home/travis/build/icyphy/ptII/ptolemy/domains/sdf/test/auto/sdf_inside_pn.xml
39 ms. Memory: 330752K Free: 218251K (66%)
----------------- Invoking toplevel() on ptolemy.moml.MoMLSimpleApplication@1d0b9ae5
----------------- Done invoking toplevel() on ptolemy.moml.MoMLSimpleApplication@1d0b9ae5
reloadAllAccessors: .sdf_inside_pn

===========================================================================================
----------------- testing Wed Nov 13 06:55:41 UTC 2019 /home/travis/build/icyphy/ptII/ptolemy/domains/sdf/test/auto/sdf_sdf1.xml
----------------- Instantiating /home/travis/build/icyphy/ptII/ptolemy/domains/sdf/test/auto/sdf_sdf1.xml
13 ms. Memory: 330752K Free: 212621K (64%)
----------------- Invoking toplevel() on ptolemy.moml.MoMLSimpleApplication@472f375e
----------------- Done invoking toplevel() on ptolemy.moml.MoMLSimpleApplication@472f375e
reloadAllAccessors: .sdf_sdf1

===========================================================================================
----------------- testing Wed Nov 13 06:55:42 UTC 2019 /home/travis/build/icyphy/ptII/ptolemy/domains/sdf/test/auto/test1.xml
----------------- Instantiating /home/travis/build/icyphy/ptII/ptolemy/domains/sdf/test/auto/test1.xml
3 ms. Memory: 330752K Free: 207501K (63%)
----------------- Invoking toplevel() on ptolemy.moml.MoMLSimpleApplication@2b347d0
----------------- Done invoking toplevel() on ptolemy.moml.MoMLSimpleApplication@2b347d0
reloadAllAccessors: .test1

===========================================================================================
----------------- testing Wed Nov 13 06:55:42 UTC 2019 /home/travis/build/icyphy/ptII/ptolemy/domains/sdf/test/auto/time1.xml
----------------- Instantiating /home/travis/build/icyphy/ptII/ptolemy/domains/sdf/test/auto/time1.xml
2 ms. Memory: 330752K Free: 203915K (62%)
----------------- Invoking toplevel() on ptolemy.moml.MoMLSimpleApplication@55a09edc
----------------- Done invoking toplevel() on ptolemy.moml.MoMLSimpleApplication@55a09edc
reloadAllAccessors: .time1

===========================================================================================
----------------- testing Wed Nov 13 06:55:42 UTC 2019 /home/travis/build/icyphy/ptII/ptolemy/domains/sdf/test/auto/time2.xml
----------------- Instantiating /home/travis/build/icyphy/ptII/ptolemy/domains/sdf/test/auto/time2.xml
2 ms. Memory: 330752K Free: 200333K (61%)
----------------- Invoking toplevel() on ptolemy.moml.MoMLSimpleApplication@4f1545a4
----------------- Done invoking toplevel() on ptolemy.moml.MoMLSimpleApplication@4f1545a4
reloadAllAccessors: .time2

===========================================================================================
----------------- testing Wed Nov 13 06:55:42 UTC 2019 /home/travis/build/icyphy/ptII/ptolemy/domains/sdf/test/auto/time3.xml
----------------- Instantiating /home/travis/build/icyphy/ptII/ptolemy/domains/sdf/test/auto/time3.xml
7 ms. Memory: 330752K Free: 195213K (59%)
----------------- Invoking toplevel() on ptolemy.moml.MoMLSimpleApplication@644caa3a
----------------- Done invoking toplevel() on ptolemy.moml.MoMLSimpleApplication@644caa3a
reloadAllAccessors: .time3

===========================================================================================
----------------- testing Wed Nov 13 06:55:42 UTC 2019 /home/travis/build/icyphy/ptII/ptolemy/domains/sdf/test/auto/time4.xml
----------------- Instantiating /home/travis/build/icyphy/ptII/ptolemy/domains/sdf/test/auto/time4.xml
6 ms. Memory: 330752K Free: 189565K (57%)
----------------- Invoking toplevel() on ptolemy.moml.MoMLSimpleApplication@6a3732c1
----------------- Done invoking toplevel() on ptolemy.moml.MoMLSimpleApplication@6a3732c1
reloadAllAccessors: .time4

===========================================================================================
----------------- testing Wed Nov 13 06:55:42 UTC 2019 /home/travis/build/icyphy/ptII/ptolemy/domains/sdf/test/auto/time5.xml
----------------- Instantiating /home/travis/build/icyphy/ptII/ptolemy/domains/sdf/test/auto/time5.xml
4002 ms. Memory: 330752K Free: 185997K (56%)
----------------- Invoking toplevel() on ptolemy.moml.MoMLSimpleApplication@7cbb7884
----------------- Done invoking toplevel() on ptolemy.moml.MoMLSimpleApplication@7cbb7884
reloadAllAccessors: .time5

===========================================================================================
----------------- testing Wed Nov 13 06:55:46 UTC 2019 /home/travis/build/icyphy/ptII/ptolemy/domains/sdf/test/auto/typeSystem_Const_Integer_smallest_Type.xml
----------------- Instantiating /home/travis/build/icyphy/ptII/ptolemy/domains/sdf/test/auto/typeSystem_Const_Integer_smallest_Type.xml
5 ms. Memory: 330752K Free: 181387K (55%)
----------------- Invoking toplevel() on ptolemy.moml.MoMLSimpleApplication@4ab419c6
----------------- Done invoking toplevel() on ptolemy.moml.MoMLSimpleApplication@4ab419c6
reloadAllAccessors: .typeSystem_Const_Integer_smallest_Type

===========================================================================================
----------------- testing Wed Nov 13 06:55:46 UTC 2019 /home/travis/build/icyphy/ptII/ptolemy/domains/sdf/test/auto/typeSystem_declared_Inports_OutportTypeException.xml
----------------- Instantiating /home/travis/build/icyphy/ptII/ptolemy/domains/sdf/test/auto/typeSystem_declared_Inports_OutportTypeException.xml
.typeSystem_declared_Inports_OutportTypeException.TestExceptionAttribute: initialize() was not invoked, but wrapup() was.  This is unusual, but not always a problem.  For example, exporting JNLP will do this.
7 ms. Memory: 330752K Free: 177291K (54%)
----------------- Invoking toplevel() on ptolemy.moml.MoMLSimpleApplication@5dd7761f
----------------- Done invoking toplevel() on ptolemy.moml.MoMLSimpleApplication@5dd7761f
reloadAllAccessors: .typeSystem_declared_Inports_OutportTypeException

===========================================================================================
----------------- testing Wed Nov 13 06:55:46 UTC 2019 /home/travis/build/icyphy/ptII/ptolemy/domains/sdf/test/auto/typeSystem_oneDeclaredInportType_wrongTypeOutport.xml
----------------- Instantiating /home/travis/build/icyphy/ptII/ptolemy/domains/sdf/test/auto/typeSystem_oneDeclaredInportType_wrongTypeOutport.xml
4 ms. Memory: 330752K Free: 173195K (52%)
----------------- Invoking toplevel() on ptolemy.moml.MoMLSimpleApplication@9b0834a
----------------- Done invoking toplevel() on ptolemy.moml.MoMLSimpleApplication@9b0834a
reloadAllAccessors: .typeSystem_oneDeclaredInportType_wrongTypeOutport

===========================================================================================
----------------- testing Wed Nov 13 06:55:46 UTC 2019 /home/travis/build/icyphy/ptII/ptolemy/domains/sdf/test/auto/width.xml
----------------- Instantiating /home/travis/build/icyphy/ptII/ptolemy/domains/sdf/test/auto/width.xml
2 ms. Memory: 330752K Free: 169613K (51%)
----------------- Invoking toplevel() on ptolemy.moml.MoMLSimpleApplication@18423bc9
----------------- Done invoking toplevel() on ptolemy.moml.MoMLSimpleApplication@18423bc9
reloadAllAccessors: .width

===========================================================================================
----------------- testing Wed Nov 13 06:55:46 UTC 2019 /home/travis/build/icyphy/ptII/ptolemy/domains/sdf/test/auto/width2.xml
----------------- Instantiating /home/travis/build/icyphy/ptII/ptolemy/domains/sdf/test/auto/width2.xml
26 ms. Memory: 330752K Free: 165003K (50%)
----------------- Invoking toplevel() on ptolemy.moml.MoMLSimpleApplication@37b95c11
----------------- Done invoking toplevel() on ptolemy.moml.MoMLSimpleApplication@37b95c11
reloadAllAccessors: .width2

===========================================================================================
----------------- testing Wed Nov 13 06:55:46 UTC 2019 /home/travis/build/icyphy/ptII/ptolemy/domains/sdf/test/auto/width3.xml
----------------- Instantiating /home/travis/build/icyphy/ptII/ptolemy/domains/sdf/test/auto/width3.xml
28 ms. Memory: 330752K Free: 159883K (48%)
----------------- Invoking toplevel() on ptolemy.moml.MoMLSimpleApplication@1af0d280
----------------- Done invoking toplevel() on ptolemy.moml.MoMLSimpleApplication@1af0d280
reloadAllAccessors: .width3
AutoTests.java: About to close Vertx.
AutoTests.java: Vertx closed.
]]></system-out>
  <system-err><![CDATA[java.lang.RuntimeException: Execution failed
	at ptolemy.moml.MoMLSimpleApplication$UnloadThread.run(MoMLSimpleApplication.java:402)
Caused by: ptolemy.actor.sched.NotSchedulableException: No solution exists for the balance equations.
Graph is not consistent under the SDF domain detected on external port .rateConsistency.actor.port2
  in .rateConsistency.SDF Director.Scheduler
	at ptolemy.domains.sdf.kernel.SDFScheduler._propagatePort(SDFScheduler.java:1425)
	at ptolemy.domains.sdf.kernel.SDFScheduler._solveBalanceEquations(SDFScheduler.java:710)
	at ptolemy.domains.sdf.kernel.SDFScheduler._getSchedule(SDFScheduler.java:566)
	at ptolemy.actor.sched.Scheduler.getSchedule(Scheduler.java:189)
	at ptolemy.domains.sdf.kernel.SDFDirector.createSchedule(SDFDirector.java:408)
	at ptolemy.domains.sdf.kernel.SDFDirector.preinitialize(SDFDirector.java:764)
	at ptolemy.actor.CompositeActor.preinitialize(CompositeActor.java:1828)
	at ptolemy.actor.Manager.preinitializeAndResolveTypes(Manager.java:1040)
	at ptolemy.actor.Manager.initialize(Manager.java:710)
	at ptolemy.actor.Manager.execute(Manager.java:356)
	at ptolemy.actor.Manager.run(Manager.java:1263)
	at ptolemy.actor.Manager$PtolemyRunThread.run(Manager.java:1933)
java.lang.RuntimeException: Execution failed
	at ptolemy.moml.MoMLSimpleApplication$UnloadThread.run(MoMLSimpleApplication.java:402)
Caused by: ptolemy.kernel.util.IllegalActionException: Failed to compute schedule:
  in .badRateChanges.typed composite actor.SDF Director
Because:
The SDF rate parameter may change. This is not allowed in SDF models that will be run through the code generator.  If you don't care about code generation, then you might consider setting the allowRateChanges parameter of the SDF director to false.
  in .badRateChanges.typed composite actor.Repeat.output.tokenProductionRate
	at ptolemy.domains.sdf.kernel.SDFDirector.createSchedule(SDFDirector.java:418)
	at ptolemy.domains.sdf.kernel.SDFDirector.preinitialize(SDFDirector.java:764)
	at ptolemy.actor.CompositeActor.preinitialize(CompositeActor.java:1828)
	at ptolemy.actor.Director.preinitialize(Director.java:1302)
	at ptolemy.actor.Director.preinitialize(Director.java:1257)
	at ptolemy.domains.sdf.kernel.SDFDirector.preinitialize(SDFDirector.java:763)
	at ptolemy.actor.CompositeActor.preinitialize(CompositeActor.java:1828)
	at ptolemy.actor.Manager.preinitializeAndResolveTypes(Manager.java:1040)
	at ptolemy.actor.Manager.initialize(Manager.java:710)
	at ptolemy.actor.Manager.execute(Manager.java:356)
	at ptolemy.actor.Manager.run(Manager.java:1263)
	at ptolemy.actor.Manager$PtolemyRunThread.run(Manager.java:1933)
Caused by: ptolemy.kernel.util.IllegalActionException: The SDF rate parameter may change. This is not allowed in SDF models that will be run through the code generator.  If you don't care about code generation, then you might consider setting the allowRateChanges parameter of the SDF director to false.
  in .badRateChanges.typed composite actor.Repeat.output.tokenProductionRate
	at ptolemy.domains.sdf.kernel.SDFScheduler._assertDynamicRateVariable(SDFScheduler.java:931)
	at ptolemy.domains.sdf.kernel.SDFScheduler._checkDynamicRateVariables(SDFScheduler.java:339)
	at ptolemy.domains.sdf.kernel.SDFScheduler._getSchedule(SDFScheduler.java:527)
	at ptolemy.actor.sched.Scheduler.getSchedule(Scheduler.java:189)
	at ptolemy.domains.sdf.kernel.SDFDirector.createSchedule(SDFDirector.java:408)
	... 11 more
java.lang.RuntimeException: Execution failed
	at ptolemy.moml.MoMLSimpleApplication$UnloadThread.run(MoMLSimpleApplication.java:402)
Caused by: ptolemy.kernel.util.IllegalActionException: Failed to compute schedule:
  in .badRateChanges2.typed composite actor.SDF Director
Because:
The SDF rate parameter may change. This is not allowed in SDF models that will be run through the code generator.  If you don't care about code generation, then you might consider setting the allowRateChanges parameter of the SDF director to false.
  in .badRateChanges2.typed composite actor.Repeat.output.tokenProductionRate
	at ptolemy.domains.sdf.kernel.SDFDirector.createSchedule(SDFDirector.java:418)
	at ptolemy.domains.sdf.kernel.SDFDirector.preinitialize(SDFDirector.java:764)
	at ptolemy.actor.CompositeActor.preinitialize(CompositeActor.java:1828)
	at ptolemy.actor.Director.preinitialize(Director.java:1302)
	at ptolemy.actor.Director.preinitialize(Director.java:1257)
	at ptolemy.domains.sdf.kernel.SDFDirector.preinitialize(SDFDirector.java:763)
	at ptolemy.actor.CompositeActor.preinitialize(CompositeActor.java:1828)
	at ptolemy.actor.Manager.preinitializeAndResolveTypes(Manager.java:1040)
	at ptolemy.actor.Manager.initialize(Manager.java:710)
	at ptolemy.actor.Manager.execute(Manager.java:356)
	at ptolemy.actor.Manager.run(Manager.java:1263)
	at ptolemy.actor.Manager$PtolemyRunThread.run(Manager.java:1933)
Caused by: ptolemy.kernel.util.IllegalActionException: The SDF rate parameter may change. This is not allowed in SDF models that will be run through the code generator.  If you don't care about code generation, then you might consider setting the allowRateChanges parameter of the SDF director to false.
  in .badRateChanges2.typed composite actor.Repeat.output.tokenProductionRate
	at ptolemy.domains.sdf.kernel.SDFScheduler._assertDynamicRateVariable(SDFScheduler.java:931)
	at ptolemy.domains.sdf.kernel.SDFScheduler._checkDynamicRateVariables(SDFScheduler.java:339)
	at ptolemy.domains.sdf.kernel.SDFScheduler._getSchedule(SDFScheduler.java:527)
	at ptolemy.actor.sched.Scheduler.getSchedule(Scheduler.java:189)
	at ptolemy.domains.sdf.kernel.SDFDirector.createSchedule(SDFDirector.java:408)
	... 11 more
java.lang.RuntimeException: Execution failed
	at ptolemy.moml.MoMLSimpleApplication$UnloadThread.run(MoMLSimpleApplication.java:402)
Caused by: ptolemy.actor.sched.NotSchedulableException: Actors remain that cannot be scheduled!

There are several possible reasons:
* SDF Graphs with feedback loops should have an actor with a delay in the loop, such as a SampleDelay.
* The SDF director has an "allowDisconnectedGraphs"parameter, which, when true, permits disconnected SDF graphs.
* The token consumption rate and production rates might be mismatched.
Usually, actors produce one token or consume one token on a port.  To produce or consume multiple tokens per firing, add a "tokenConsumptionRate" or "tokenProductionRate" parameter to the appropriate port.
Unscheduled actors:
.partiallyConnected.Const2 
Scheduled actors:
.partiallyConnected.Const 
  in .partiallyConnected.SDF Director.Scheduler
	at ptolemy.domains.sdf.kernel.SDFScheduler._scheduleConnectedActors(SDFScheduler.java:1828)
	at ptolemy.domains.sdf.kernel.SDFScheduler._getSchedule(SDFScheduler.java:587)
	at ptolemy.actor.sched.Scheduler.getSchedule(Scheduler.java:189)
	at ptolemy.domains.sdf.kernel.SDFDirector.createSchedule(SDFDirector.java:408)
	at ptolemy.domains.sdf.kernel.SDFDirector.preinitialize(SDFDirector.java:764)
	at ptolemy.actor.CompositeActor.preinitialize(CompositeActor.java:1828)
	at ptolemy.actor.Manager.preinitializeAndResolveTypes(Manager.java:1040)
	at ptolemy.actor.Manager.initialize(Manager.java:710)
	at ptolemy.actor.Manager.execute(Manager.java:356)
	at ptolemy.actor.Manager.run(Manager.java:1263)
	at ptolemy.actor.Manager$PtolemyRunThread.run(Manager.java:1933)
]]></system-err>
</testsuite>
