<?xml version="1.0" encoding="UTF-8" ?>
<testsuite errors="0" failures="0" hostname="travis-job-627e5ce0-ef7a-47c1-b7f0-6c8a4f05b38c" name="ptolemy.domains.continuous.test.junit.JUnitTclTest" skipped="0" tests="155" time="72.258" timestamp="2018-07-11T01:37:04">
  <properties>
[...]
</properties>
  <testcase classname="ptolemy.util.test.junit.TclTests" name="[0] ThereAreNoTclTests (RunTclFile)" time="0.001" />
  <testcase classname="ptolemy.util.test.junit.AutoKnownFailedTests" name="[0] ThereAreNoKnowFailedTests (RunModel)" time="0.003" />
  <testcase classname="ptolemy.util.test.junit.AutoNameArchTests" name="[0] ThereAreNoAutoArchTests (RunModel)" time="0.002" />
  <testcase classname="ptolemy.util.test.junit.AutoTests" name="[0] /home/travis/build/icyphy/ptII/ptolemy/domains/continuous/test/auto/BouncingBall.xml (RunModel)" time="2.783" />
  <testcase classname="ptolemy.util.test.junit.AutoTests" name="[1] /home/travis/build/icyphy/ptII/ptolemy/domains/continuous/test/auto/BouncingBallWithoutGR.xml (RunModel)" time="0.806" />
  <testcase classname="ptolemy.util.test.junit.AutoTests" name="[2] /home/travis/build/icyphy/ptII/ptolemy/domains/continuous/test/auto/Brownian.xml (RunModel)" time="0.129" />
  <testcase classname="ptolemy.util.test.junit.AutoTests" name="[3] /home/travis/build/icyphy/ptII/ptolemy/domains/continuous/test/auto/CarTracking.xml (RunModel)" time="3.799" />
  <testcase classname="ptolemy.util.test.junit.AutoTests" name="[4] /home/travis/build/icyphy/ptII/ptolemy/domains/continuous/test/auto/CartPendulum.xml (RunModel)" time="0.556" />
  <testcase classname="ptolemy.util.test.junit.AutoTests" name="[5] /home/travis/build/icyphy/ptII/ptolemy/domains/continuous/test/auto/CausalityInterface10.xml (RunModel)" time="0.058" />
  <testcase classname="ptolemy.util.test.junit.AutoTests" name="[6] /home/travis/build/icyphy/ptII/ptolemy/domains/continuous/test/auto/CausalityInterface11.xml (RunModel)" time="0.033" />
  <testcase classname="ptolemy.util.test.junit.AutoTests" name="[7] /home/travis/build/icyphy/ptII/ptolemy/domains/continuous/test/auto/CausalityInterface12.xml (RunModel)" time="0.045" />
  <testcase classname="ptolemy.util.test.junit.AutoTests" name="[8] /home/travis/build/icyphy/ptII/ptolemy/domains/continuous/test/auto/CausalityInterface13.xml (RunModel)" time="0.041" />
  <testcase classname="ptolemy.util.test.junit.AutoTests" name="[9] /home/travis/build/icyphy/ptII/ptolemy/domains/continuous/test/auto/CausalityInterface14.xml (RunModel)" time="0.034" />
  <testcase classname="ptolemy.util.test.junit.AutoTests" name="[10] /home/travis/build/icyphy/ptII/ptolemy/domains/continuous/test/auto/CausalityInterface4.xml (RunModel)" time="0.032" />
  <testcase classname="ptolemy.util.test.junit.AutoTests" name="[11] /home/travis/build/icyphy/ptII/ptolemy/domains/continuous/test/auto/CausalityInterface5.xml (RunModel)" time="0.049" />
  <testcase classname="ptolemy.util.test.junit.AutoTests" name="[12] /home/travis/build/icyphy/ptII/ptolemy/domains/continuous/test/auto/CausalityInterface6.xml (RunModel)" time="0.035" />
  <testcase classname="ptolemy.util.test.junit.AutoTests" name="[13] /home/travis/build/icyphy/ptII/ptolemy/domains/continuous/test/auto/CausalityInterface7.xml (RunModel)" time="0.049" />
  <testcase classname="ptolemy.util.test.junit.AutoTests" name="[14] /home/travis/build/icyphy/ptII/ptolemy/domains/continuous/test/auto/CausalityInterface8.xml (RunModel)" time="0.035" />
  <testcase classname="ptolemy.util.test.junit.AutoTests" name="[15] /home/travis/build/icyphy/ptII/ptolemy/domains/continuous/test/auto/CausalityInterface9.xml (RunModel)" time="0.051" />
  <testcase classname="ptolemy.util.test.junit.AutoTests" name="[16] /home/travis/build/icyphy/ptII/ptolemy/domains/continuous/test/auto/CausalityInterfaceFeedback1.xml (RunModel)" time="0.035" />
  <testcase classname="ptolemy.util.test.junit.AutoTests" name="[17] /home/travis/build/icyphy/ptII/ptolemy/domains/continuous/test/auto/CausalityInterfaceFeedback2.xml (RunModel)" time="0.032" />
  <testcase classname="ptolemy.util.test.junit.AutoTests" name="[18] /home/travis/build/icyphy/ptII/ptolemy/domains/continuous/test/auto/CompareWithCurrentTime.xml (RunModel)" time="0.026" />
  <testcase classname="ptolemy.util.test.junit.AutoTests" name="[19] /home/travis/build/icyphy/ptII/ptolemy/domains/continuous/test/auto/ComparedClocks.xml (RunModel)" time="0.077" />
  <testcase classname="ptolemy.util.test.junit.AutoTests" name="[20] /home/travis/build/icyphy/ptII/ptolemy/domains/continuous/test/auto/ContinuousAOCClone.xml (RunModel)" time="2.717" />
  <testcase classname="ptolemy.util.test.junit.AutoTests" name="[21] /home/travis/build/icyphy/ptII/ptolemy/domains/continuous/test/auto/ContinuousClock.xml (RunModel)" time="0.112" />
  <testcase classname="ptolemy.util.test.junit.AutoTests" name="[22] /home/travis/build/icyphy/ptII/ptolemy/domains/continuous/test/auto/ContinuousInContinuous.xml (RunModel)" time="0.095" />
  <testcase classname="ptolemy.util.test.junit.AutoTests" name="[23] /home/travis/build/icyphy/ptII/ptolemy/domains/continuous/test/auto/ContinuousInContinuousInContinuous.xml (RunModel)" time="0.03" />
  <testcase classname="ptolemy.util.test.junit.AutoTests" name="[24] /home/travis/build/icyphy/ptII/ptolemy/domains/continuous/test/auto/ContinuousInDE.xml (RunModel)" time="0.1" />
  <testcase classname="ptolemy.util.test.junit.AutoTests" name="[25] /home/travis/build/icyphy/ptII/ptolemy/domains/continuous/test/auto/ContinuousInDE2.xml (RunModel)" time="0.058" />
  <testcase classname="ptolemy.util.test.junit.AutoTests" name="[26] /home/travis/build/icyphy/ptII/ptolemy/domains/continuous/test/auto/ContinuousInDE3.xml (RunModel)" time="0.058" />
  <testcase classname="ptolemy.util.test.junit.AutoTests" name="[27] /home/travis/build/icyphy/ptII/ptolemy/domains/continuous/test/auto/ContinuousInDE4.xml (RunModel)" time="0.041" />
  <testcase classname="ptolemy.util.test.junit.AutoTests" name="[28] /home/travis/build/icyphy/ptII/ptolemy/domains/continuous/test/auto/ContinuousInDEDifferentRefinements.xml (RunModel)" time="0.125" />
  <testcase classname="ptolemy.util.test.junit.AutoTests" name="[29] /home/travis/build/icyphy/ptII/ptolemy/domains/continuous/test/auto/ContinuousInDEDifferentRefinementsPreemptive.xml (RunModel)" time="0.099" />
  <testcase classname="ptolemy.util.test.junit.AutoTests" name="[30] /home/travis/build/icyphy/ptII/ptolemy/domains/continuous/test/auto/ContinuousInDEInContinuous2.xml (RunModel)" time="0.064" />
  <testcase classname="ptolemy.util.test.junit.AutoTests" name="[31] /home/travis/build/icyphy/ptII/ptolemy/domains/continuous/test/auto/ContinuousInDEInContinuous3.xml (RunModel)" time="0.074" />
  <testcase classname="ptolemy.util.test.junit.AutoTests" name="[32] /home/travis/build/icyphy/ptII/ptolemy/domains/continuous/test/auto/ContinuousInDEInput.xml (RunModel)" time="0.059" />
  <testcase classname="ptolemy.util.test.junit.AutoTests" name="[33] /home/travis/build/icyphy/ptII/ptolemy/domains/continuous/test/auto/ContinuousInDEInput2.xml (RunModel)" time="0.036" />
  <testcase classname="ptolemy.util.test.junit.AutoTests" name="[34] /home/travis/build/icyphy/ptII/ptolemy/domains/continuous/test/auto/ContinuousInDEInput3.xml (RunModel)" time="0.039" />
  <testcase classname="ptolemy.util.test.junit.AutoTests" name="[35] /home/travis/build/icyphy/ptII/ptolemy/domains/continuous/test/auto/ContinuousInDESharingRefinement.xml (RunModel)" time="0.188" />
  <testcase classname="ptolemy.util.test.junit.AutoTests" name="[36] /home/travis/build/icyphy/ptII/ptolemy/domains/continuous/test/auto/ContinuousInDEwithNoPorts.xml (RunModel)" time="0.021" />
  <testcase classname="ptolemy.util.test.junit.AutoTests" name="[37] /home/travis/build/icyphy/ptII/ptolemy/domains/continuous/test/auto/ContinuousInsideDE.xml (RunModel)" time="0.088" />
  <testcase classname="ptolemy.util.test.junit.AutoTests" name="[38] /home/travis/build/icyphy/ptII/ptolemy/domains/continuous/test/auto/ContinuousMerge1.xml (RunModel)" time="0.017" />
  <testcase classname="ptolemy.util.test.junit.AutoTests" name="[39] /home/travis/build/icyphy/ptII/ptolemy/domains/continuous/test/auto/ContinuousMerge2.xml (RunModel)" time="0.053" />
  <testcase classname="ptolemy.util.test.junit.AutoTests" name="[40] /home/travis/build/icyphy/ptII/ptolemy/domains/continuous/test/auto/ContinuousMerge3.xml (RunModel)" time="0.074" />
  <testcase classname="ptolemy.util.test.junit.AutoTests" name="[41] /home/travis/build/icyphy/ptII/ptolemy/domains/continuous/test/auto/ContinuousWithinContinuous.xml (RunModel)" time="0.062" />
  <testcase classname="ptolemy.util.test.junit.AutoTests" name="[42] /home/travis/build/icyphy/ptII/ptolemy/domains/continuous/test/auto/ContinuousWithinContinuous2.xml (RunModel)" time="0.097" />
  <testcase classname="ptolemy.util.test.junit.AutoTests" name="[43] /home/travis/build/icyphy/ptII/ptolemy/domains/continuous/test/auto/ContinuousWithinContinuous3.xml (RunModel)" time="0.036" />
  <testcase classname="ptolemy.util.test.junit.AutoTests" name="[44] /home/travis/build/icyphy/ptII/ptolemy/domains/continuous/test/auto/ContinuousWithinContinuous4.xml (RunModel)" time="0.091" />
  <testcase classname="ptolemy.util.test.junit.AutoTests" name="[45] /home/travis/build/icyphy/ptII/ptolemy/domains/continuous/test/auto/ContinuousWithinContinuous5.xml (RunModel)" time="0.032" />
  <testcase classname="ptolemy.util.test.junit.AutoTests" name="[46] /home/travis/build/icyphy/ptII/ptolemy/domains/continuous/test/auto/ContinuousWithinContinuous6.xml (RunModel)" time="0.033" />
  <testcase classname="ptolemy.util.test.junit.AutoTests" name="[47] /home/travis/build/icyphy/ptII/ptolemy/domains/continuous/test/auto/ContinuousWithinContinuous7.xml (RunModel)" time="0.078" />
  <testcase classname="ptolemy.util.test.junit.AutoTests" name="[48] /home/travis/build/icyphy/ptII/ptolemy/domains/continuous/test/auto/DCMotor.xml (RunModel)" time="14.648" />
  <testcase classname="ptolemy.util.test.junit.AutoTests" name="[49] /home/travis/build/icyphy/ptII/ptolemy/domains/continuous/test/auto/DEInContinuous.xml (RunModel)" time="0.029" />
  <testcase classname="ptolemy.util.test.junit.AutoTests" name="[50] /home/travis/build/icyphy/ptII/ptolemy/domains/continuous/test/auto/DEinContinuous2.xml (RunModel)" time="0.024" />
  <testcase classname="ptolemy.util.test.junit.AutoTests" name="[51] /home/travis/build/icyphy/ptII/ptolemy/domains/continuous/test/auto/Derivative.xml (RunModel)" time="0.194" />
  <testcase classname="ptolemy.util.test.junit.AutoTests" name="[52] /home/travis/build/icyphy/ptII/ptolemy/domains/continuous/test/auto/Derivative1.xml (RunModel)" time="0.053" />
  <testcase classname="ptolemy.util.test.junit.AutoTests" name="[53] /home/travis/build/icyphy/ptII/ptolemy/domains/continuous/test/auto/DiscreteClock.xml (RunModel)" time="0.018" />
  <testcase classname="ptolemy.util.test.junit.AutoTests" name="[54] /home/travis/build/icyphy/ptII/ptolemy/domains/continuous/test/auto/EfficiencyCurve.xml (RunModel)" time="0.108" />
  <testcase classname="ptolemy.util.test.junit.AutoTests" name="[55] /home/travis/build/icyphy/ptII/ptolemy/domains/continuous/test/auto/ExponentialResponse.xml (RunModel)" time="0.115" />
  <testcase classname="ptolemy.util.test.junit.AutoTests" name="[56] /home/travis/build/icyphy/ptII/ptolemy/domains/continuous/test/auto/ExponentialResponseRK45.xml (RunModel)" time="0.034" />
  <testcase classname="ptolemy.util.test.junit.AutoTests" name="[57] /home/travis/build/icyphy/ptII/ptolemy/domains/continuous/test/auto/Friction.xml (RunModel)" time="1.375" />
  <testcase classname="ptolemy.util.test.junit.AutoTests" name="[58] /home/travis/build/icyphy/ptII/ptolemy/domains/continuous/test/auto/FurutaPendulum.xml (RunModel)" time="3.307" />
  <testcase classname="ptolemy.util.test.junit.AutoTests" name="[59] /home/travis/build/icyphy/ptII/ptolemy/domains/continuous/test/auto/HierarchicalExecution.xml (RunModel)" time="2.142" />
  <testcase classname="ptolemy.util.test.junit.AutoTests" name="[60] /home/travis/build/icyphy/ptII/ptolemy/domains/continuous/test/auto/HybridPlant.xml (RunModel)" time="0.564" />
  <testcase classname="ptolemy.util.test.junit.AutoTests" name="[61] /home/travis/build/icyphy/ptII/ptolemy/domains/continuous/test/auto/Hysteresis.xml (RunModel)" time="0.176" />
  <testcase classname="ptolemy.util.test.junit.AutoTests" name="[62] /home/travis/build/icyphy/ptII/ptolemy/domains/continuous/test/auto/HysteresisWithRandomDelay.xml (RunModel)" time="0.203" />
  <testcase classname="ptolemy.util.test.junit.AutoTests" name="[63] /home/travis/build/icyphy/ptII/ptolemy/domains/continuous/test/auto/HysteresisWithRandomLosses.xml (RunModel)" time="2.1" />
  <testcase classname="ptolemy.util.test.junit.AutoTests" name="[64] /home/travis/build/icyphy/ptII/ptolemy/domains/continuous/test/auto/ImmediateTransitions.xml (RunModel)" time="0.043" />
  <testcase classname="ptolemy.util.test.junit.AutoTests" name="[65] /home/travis/build/icyphy/ptII/ptolemy/domains/continuous/test/auto/ImpulseFeedback.xml (RunModel)" time="0.023" />
  <testcase classname="ptolemy.util.test.junit.AutoTests" name="[66] /home/travis/build/icyphy/ptII/ptolemy/domains/continuous/test/auto/ImpulseFeedback2.xml (RunModel)" time="0.017" />
  <testcase classname="ptolemy.util.test.junit.AutoTests" name="[67] /home/travis/build/icyphy/ptII/ptolemy/domains/continuous/test/auto/IncreasingRatePoisson.xml (RunModel)" time="0.662" />
  <testcase classname="ptolemy.util.test.junit.AutoTests" name="[68] /home/travis/build/icyphy/ptII/ptolemy/domains/continuous/test/auto/InitialStateFeedback.xml (RunModel)" time="0.013" />
  <testcase classname="ptolemy.util.test.junit.AutoTests" name="[69] /home/travis/build/icyphy/ptII/ptolemy/domains/continuous/test/auto/Integration.xml (RunModel)" time="0.016" />
  <testcase classname="ptolemy.util.test.junit.AutoTests" name="[70] /home/travis/build/icyphy/ptII/ptolemy/domains/continuous/test/auto/Integration2.xml (RunModel)" time="0.106" />
  <testcase classname="ptolemy.util.test.junit.AutoTests" name="[71] /home/travis/build/icyphy/ptII/ptolemy/domains/continuous/test/auto/Integration3.xml (RunModel)" time="0.02" />
  <testcase classname="ptolemy.util.test.junit.AutoTests" name="[72] /home/travis/build/icyphy/ptII/ptolemy/domains/continuous/test/auto/Integration5.xml (RunModel)" time="0.021" />
  <testcase classname="ptolemy.util.test.junit.AutoTests" name="[73] /home/travis/build/icyphy/ptII/ptolemy/domains/continuous/test/auto/IntegratorImpulse.xml (RunModel)" time="0.013" />
  <testcase classname="ptolemy.util.test.junit.AutoTests" name="[74] /home/travis/build/icyphy/ptII/ptolemy/domains/continuous/test/auto/IntegratorImpulse2.xml (RunModel)" time="0.011" />
  <testcase classname="ptolemy.util.test.junit.AutoTests" name="[75] /home/travis/build/icyphy/ptII/ptolemy/domains/continuous/test/auto/LevelCrossing1.xml (RunModel)" time="0.011" />
  <testcase classname="ptolemy.util.test.junit.AutoTests" name="[76] /home/travis/build/icyphy/ptII/ptolemy/domains/continuous/test/auto/LevelCrossing2.xml (RunModel)" time="0.012" />
  <testcase classname="ptolemy.util.test.junit.AutoTests" name="[77] /home/travis/build/icyphy/ptII/ptolemy/domains/continuous/test/auto/LevelCrossing3.xml (RunModel)" time="0.012" />
  <testcase classname="ptolemy.util.test.junit.AutoTests" name="[78] /home/travis/build/icyphy/ptII/ptolemy/domains/continuous/test/auto/LevelCrossing4.xml (RunModel)" time="0.014" />
  <testcase classname="ptolemy.util.test.junit.AutoTests" name="[79] /home/travis/build/icyphy/ptII/ptolemy/domains/continuous/test/auto/LevelCrossing5.xml (RunModel)" time="0.013" />
  <testcase classname="ptolemy.util.test.junit.AutoTests" name="[80] /home/travis/build/icyphy/ptII/ptolemy/domains/continuous/test/auto/LevelCrossing6.xml (RunModel)" time="0.014" />
  <testcase classname="ptolemy.util.test.junit.AutoTests" name="[81] /home/travis/build/icyphy/ptII/ptolemy/domains/continuous/test/auto/LevelCrossingDetector.xml (RunModel)" time="0.039" />
  <testcase classname="ptolemy.util.test.junit.AutoTests" name="[82] /home/travis/build/icyphy/ptII/ptolemy/domains/continuous/test/auto/LevelCrossingDetectorDetectingDirections.xml (RunModel)" time="0.086" />
  <testcase classname="ptolemy.util.test.junit.AutoTests" name="[83] /home/travis/build/icyphy/ptII/ptolemy/domains/continuous/test/auto/LevelCrossingDetectorDetectsGlitches.xml (RunModel)" time="0.068" />
  <testcase classname="ptolemy.util.test.junit.AutoTests" name="[84] /home/travis/build/icyphy/ptII/ptolemy/domains/continuous/test/auto/LevelCrossingNoInitialOuput.xml (RunModel)" time="0.013" />
  <testcase classname="ptolemy.util.test.junit.AutoTests" name="[85] /home/travis/build/icyphy/ptII/ptolemy/domains/continuous/test/auto/LinearStateSpaceExample.xml (RunModel)" time="0.041" />
  <testcase classname="ptolemy.util.test.junit.AutoTests" name="[86] /home/travis/build/icyphy/ptII/ptolemy/domains/continuous/test/auto/Lorenz.xml (RunModel)" time="3.921" />
  <testcase classname="ptolemy.util.test.junit.AutoTests" name="[87] /home/travis/build/icyphy/ptII/ptolemy/domains/continuous/test/auto/LorenzDifferentialSystem.xml (RunModel)" time="1.071" />
  <testcase classname="ptolemy.util.test.junit.AutoTests" name="[88] /home/travis/build/icyphy/ptII/ptolemy/domains/continuous/test/auto/LorenzDifferentialSystemWithInput.xml (RunModel)" time="1.346" />
  <testcase classname="ptolemy.util.test.junit.AutoTests" name="[89] /home/travis/build/icyphy/ptII/ptolemy/domains/continuous/test/auto/LorenzDifferentialSystemWithTime.xml (RunModel)" time="0.725" />
  <testcase classname="ptolemy.util.test.junit.AutoTests" name="[90] /home/travis/build/icyphy/ptII/ptolemy/domains/continuous/test/auto/Microsteps.xml (RunModel)" time="0.016" />
  <testcase classname="ptolemy.util.test.junit.AutoTests" name="[91] /home/travis/build/icyphy/ptII/ptolemy/domains/continuous/test/auto/Modal1.xml (RunModel)" time="0.034" />
  <testcase classname="ptolemy.util.test.junit.AutoTests" name="[92] /home/travis/build/icyphy/ptII/ptolemy/domains/continuous/test/auto/Modal2.xml (RunModel)" time="0.037" />
  <testcase classname="ptolemy.util.test.junit.AutoTests" name="[93] /home/travis/build/icyphy/ptII/ptolemy/domains/continuous/test/auto/ModalTransitionGuardWithReset.xml (RunModel)" time="0.021" />
  <testcase classname="ptolemy.util.test.junit.AutoTests" name="[94] /home/travis/build/icyphy/ptII/ptolemy/domains/continuous/test/auto/ModalTransitionGuardWithResetUsingPreemptiveTransition.xml (RunModel)" time="0.056" />
  <testcase classname="ptolemy.util.test.junit.AutoTests" name="[95] /home/travis/build/icyphy/ptII/ptolemy/domains/continuous/test/auto/ModalTransitionGuardWithResetUsingPreemptiveTransition2.xml (RunModel)" time="0.028" />
  <testcase classname="ptolemy.util.test.junit.AutoTests" name="[96] /home/travis/build/icyphy/ptII/ptolemy/domains/continuous/test/auto/ModalTransitionGuardWithResetUsingPreemptiveTransition3.xml (RunModel)" time="0.049" />
  <testcase classname="ptolemy.util.test.junit.AutoTests" name="[97] /home/travis/build/icyphy/ptII/ptolemy/domains/continuous/test/auto/NewtonsCradle.xml (RunModel)" time="0.77" />
  <testcase classname="ptolemy.util.test.junit.AutoTests" name="[98] /home/travis/build/icyphy/ptII/ptolemy/domains/continuous/test/auto/NewtonsCradleAnimated.xml (RunModel)" time="1.087" />
  <testcase classname="ptolemy.util.test.junit.AutoTests" name="[99] /home/travis/build/icyphy/ptII/ptolemy/domains/continuous/test/auto/NewtonsCradleComplicated.xml (RunModel)" time="0.82" />
  <testcase classname="ptolemy.util.test.junit.AutoTests" name="[100] /home/travis/build/icyphy/ptII/ptolemy/domains/continuous/test/auto/NewtonsCradleNondeterministic.xml (RunModel)" time="0.58" />
  <testcase classname="ptolemy.util.test.junit.AutoTests" name="[101] /home/travis/build/icyphy/ptII/ptolemy/domains/continuous/test/auto/NewtonsCradlePerfectlyInelastic1.xml (RunModel)" time="1.115" />
  <testcase classname="ptolemy.util.test.junit.AutoTests" name="[102] /home/travis/build/icyphy/ptII/ptolemy/domains/continuous/test/auto/Noise.xml (RunModel)" time="0.158" />
  <testcase classname="ptolemy.util.test.junit.AutoTests" name="[103] /home/travis/build/icyphy/ptII/ptolemy/domains/continuous/test/auto/NoiseSpectrum.xml (RunModel)" time="0.735" />
  <testcase classname="ptolemy.util.test.junit.AutoTests" name="[104] /home/travis/build/icyphy/ptII/ptolemy/domains/continuous/test/auto/ParameterizedNewtonsCradleAnimated.xml (RunModel)" time="0.352" />
  <testcase classname="ptolemy.util.test.junit.AutoTests" name="[105] /home/travis/build/icyphy/ptII/ptolemy/domains/continuous/test/auto/ParameterizedNewtonsCradleAnimatedNondeterministic.xml (RunModel)" time="1.087" />
  <testcase classname="ptolemy.util.test.junit.AutoTests" name="[106] /home/travis/build/icyphy/ptII/ptolemy/domains/continuous/test/auto/Pendulum3D.xml (RunModel)" time="0.177" />
  <testcase classname="ptolemy.util.test.junit.AutoTests" name="[107] /home/travis/build/icyphy/ptII/ptolemy/domains/continuous/test/auto/PeriodicSampler.xml (RunModel)" time="0.01" />
  <testcase classname="ptolemy.util.test.junit.AutoTests" name="[108] /home/travis/build/icyphy/ptII/ptolemy/domains/continuous/test/auto/PeriodicSampler1.xml (RunModel)" time="0.045" />
  <testcase classname="ptolemy.util.test.junit.AutoTests" name="[109] /home/travis/build/icyphy/ptII/ptolemy/domains/continuous/test/auto/PeriodicSampler2.xml (RunModel)" time="0.065" />
  <testcase classname="ptolemy.util.test.junit.AutoTests" name="[110] /home/travis/build/icyphy/ptII/ptolemy/domains/continuous/test/auto/Poisson.xml (RunModel)" time="0.406" />
  <testcase classname="ptolemy.util.test.junit.AutoTests" name="[111] /home/travis/build/icyphy/ptII/ptolemy/domains/continuous/test/auto/PoissonClock.xml (RunModel)" time="0.013" />
  <testcase classname="ptolemy.util.test.junit.AutoTests" name="[112] /home/travis/build/icyphy/ptII/ptolemy/domains/continuous/test/auto/PoissonClock2.xml (RunModel)" time="0.014" />
  <testcase classname="ptolemy.util.test.junit.AutoTests" name="[113] /home/travis/build/icyphy/ptII/ptolemy/domains/continuous/test/auto/PortParameterHierarchy.xml (RunModel)" time="0.018" />
  <testcase classname="ptolemy.util.test.junit.AutoTests" name="[114] /home/travis/build/icyphy/ptII/ptolemy/domains/continuous/test/auto/RandomHybridPlant.xml (RunModel)" time="0.507" />
  <testcase classname="ptolemy.util.test.junit.AutoTests" name="[115] /home/travis/build/icyphy/ptII/ptolemy/domains/continuous/test/auto/ResetTransitionWithStartTime1.xml (RunModel)" time="0.024" />
  <testcase classname="ptolemy.util.test.junit.AutoTests" name="[116] /home/travis/build/icyphy/ptII/ptolemy/domains/continuous/test/auto/ResetTransitionWithStartTime2.xml (RunModel)" time="0.035" />
  <testcase classname="ptolemy.util.test.junit.AutoTests" name="[117] /home/travis/build/icyphy/ptII/ptolemy/domains/continuous/test/auto/ResetTransitionWithStartTime3.xml (RunModel)" time="0.038" />
  <testcase classname="ptolemy.util.test.junit.AutoTests" name="[118] /home/travis/build/icyphy/ptII/ptolemy/domains/continuous/test/auto/ResetTransitionWithStartTime4.xml (RunModel)" time="0.023" />
  <testcase classname="ptolemy.util.test.junit.AutoTests" name="[119] /home/travis/build/icyphy/ptII/ptolemy/domains/continuous/test/auto/ResetTransitionWithStartTime5.xml (RunModel)" time="0.031" />
  <testcase classname="ptolemy.util.test.junit.AutoTests" name="[120] /home/travis/build/icyphy/ptII/ptolemy/domains/continuous/test/auto/ResetTransitionWithStartTime6.xml (RunModel)" time="0.029" />
  <testcase classname="ptolemy.util.test.junit.AutoTests" name="[121] /home/travis/build/icyphy/ptII/ptolemy/domains/continuous/test/auto/SRinContinuous.xml (RunModel)" time="0.024" />
  <testcase classname="ptolemy.util.test.junit.AutoTests" name="[122] /home/travis/build/icyphy/ptII/ptolemy/domains/continuous/test/auto/SampledClocks.xml (RunModel)" time="0.023" />
  <testcase classname="ptolemy.util.test.junit.AutoTests" name="[123] /home/travis/build/icyphy/ptII/ptolemy/domains/continuous/test/auto/Satellite.xml (RunModel)" time="0.915" />
  <testcase classname="ptolemy.util.test.junit.AutoTests" name="[124] /home/travis/build/icyphy/ptII/ptolemy/domains/continuous/test/auto/SigmaDelta.xml (RunModel)" time="2.15" />
  <testcase classname="ptolemy.util.test.junit.AutoTests" name="[125] /home/travis/build/icyphy/ptII/ptolemy/domains/continuous/test/auto/SinuBouncingBall.xml (RunModel)" time="0.76" />
  <testcase classname="ptolemy.util.test.junit.AutoTests" name="[126] /home/travis/build/icyphy/ptII/ptolemy/domains/continuous/test/auto/Sinusoid.xml (RunModel)" time="0.011" />
  <testcase classname="ptolemy.util.test.junit.AutoTests" name="[127] /home/travis/build/icyphy/ptII/ptolemy/domains/continuous/test/auto/SinusoidInNoise.xml (RunModel)" time="0.902" />
  <testcase classname="ptolemy.util.test.junit.AutoTests" name="[128] /home/travis/build/icyphy/ptII/ptolemy/domains/continuous/test/auto/SinusoidRK45.xml (RunModel)" time="0.013" />
  <testcase classname="ptolemy.util.test.junit.AutoTests" name="[129] /home/travis/build/icyphy/ptII/ptolemy/domains/continuous/test/auto/SinusoidWithMultipleImpulses.xml (RunModel)" time="0.012" />
  <testcase classname="ptolemy.util.test.junit.AutoTests" name="[130] /home/travis/build/icyphy/ptII/ptolemy/domains/continuous/test/auto/SquareWave.xml (RunModel)" time="0.172" />
  <testcase classname="ptolemy.util.test.junit.AutoTests" name="[131] /home/travis/build/icyphy/ptII/ptolemy/domains/continuous/test/auto/Starmac.xml (RunModel)" time="3.334" />
  <testcase classname="ptolemy.util.test.junit.AutoTests" name="[132] /home/travis/build/icyphy/ptII/ptolemy/domains/continuous/test/auto/StaticUnits.xml (RunModel)" time="2.543" />
  <testcase classname="ptolemy.util.test.junit.AutoTests" name="[133] /home/travis/build/icyphy/ptII/ptolemy/domains/continuous/test/auto/StickyMasses.xml (RunModel)" time="0.17" />
  <testcase classname="ptolemy.util.test.junit.AutoTests" name="[134] /home/travis/build/icyphy/ptII/ptolemy/domains/continuous/test/auto/StopTime.xml (RunModel)" time="0.055" />
  <testcase classname="ptolemy.util.test.junit.AutoTests" name="[135] /home/travis/build/icyphy/ptII/ptolemy/domains/continuous/test/auto/StopTime2.xml (RunModel)" time="0.07" />
  <testcase classname="ptolemy.util.test.junit.AutoTests" name="[136] /home/travis/build/icyphy/ptII/ptolemy/domains/continuous/test/auto/Switch.xml (RunModel)" time="0.063" />
  <testcase classname="ptolemy.util.test.junit.AutoTests" name="[137] /home/travis/build/icyphy/ptII/ptolemy/domains/continuous/test/auto/Thermostat.xml (RunModel)" time="0.194" />
  <testcase classname="ptolemy.util.test.junit.AutoTests" name="[138] /home/travis/build/icyphy/ptII/ptolemy/domains/continuous/test/auto/TimeDelay.xml (RunModel)" time="0.012" />
  <testcase classname="ptolemy.util.test.junit.AutoTests" name="[139] /home/travis/build/icyphy/ptII/ptolemy/domains/continuous/test/auto/TimeDelay2.xml (RunModel)" time="0.019" />
  <testcase classname="ptolemy.util.test.junit.AutoTests" name="[140] /home/travis/build/icyphy/ptII/ptolemy/domains/continuous/test/auto/TimeDelay3.xml (RunModel)" time="0.011" />
  <testcase classname="ptolemy.util.test.junit.AutoTests" name="[141] /home/travis/build/icyphy/ptII/ptolemy/domains/continuous/test/auto/TransferAbsentToInside.xml (RunModel)" time="0.173" />
  <testcase classname="ptolemy.util.test.junit.AutoTests" name="[142] /home/travis/build/icyphy/ptII/ptolemy/domains/continuous/test/auto/Transmission.xml (RunModel)" time="0.775" />
  <testcase classname="ptolemy.util.test.junit.AutoTests" name="[143] /home/travis/build/icyphy/ptII/ptolemy/domains/continuous/test/auto/TriggeredContinuousClock.xml (RunModel)" time="0.068" />
  <testcase classname="ptolemy.util.test.junit.AutoTests" name="[144] /home/travis/build/icyphy/ptII/ptolemy/domains/continuous/test/auto/TwoMachineInfiniteBusControl.xml (RunModel)" time="2.726" />
  <testcase classname="ptolemy.util.test.junit.AutoTests" name="[145] /home/travis/build/icyphy/ptII/ptolemy/domains/continuous/test/auto/V2V.xml (RunModel)" time="0.778" />
  <testcase classname="ptolemy.util.test.junit.AutoTests" name="[146] /home/travis/build/icyphy/ptII/ptolemy/domains/continuous/test/auto/hierarchicalModalModel.xml (RunModel)" time="0.032" />
  <testcase classname="ptolemy.util.test.junit.AutoTests" name="[147] /home/travis/build/icyphy/ptII/ptolemy/domains/continuous/test/auto/hierarchicalModalModel1.xml (RunModel)" time="0.032" />
  <testcase classname="ptolemy.util.test.junit.AutoTests" name="[148] /home/travis/build/icyphy/ptII/ptolemy/domains/continuous/test/auto/hierarchicalModalModel2.xml (RunModel)" time="0.048" />
  <testcase classname="ptolemy.util.test.junit.AutoTests" name="[149] /home/travis/build/icyphy/ptII/ptolemy/domains/continuous/test/auto/hierarchicalModalModel3.xml (RunModel)" time="0.031" />
  <testcase classname="ptolemy.util.test.junit.AutoTests" name="[150] /home/travis/build/icyphy/ptII/ptolemy/domains/continuous/test/auto/hierarchicalModalModel4.xml (RunModel)" time="0.027" />
  <testcase classname="ptolemy.util.test.junit.AutoTests" name="[151] /home/travis/build/icyphy/ptII/ptolemy/domains/continuous/test/auto/junk.xml (RunModel)" time="0.147" />
  <system-out><![CDATA[No tcl tests in /home/travis/build/icyphy/ptII/ptolemy/domains/continuous/test
No auto/knownFailedTests/*.xml tests in /home/travis/build/icyphy/ptII/ptolemy/domains/continuous/test
No auto/linux-amd64/*.xml tests in /home/travis/build/icyphy/ptII/ptolemy/domains/continuous/test
AutoTests.java: About to close Vertx.
AutoTests.java: Vertx closed.

===========================================================================================
----------------- testing Wed Jul 11 01:37:05 UTC 2018 /home/travis/build/icyphy/ptII/ptolemy/domains/continuous/test/auto/BouncingBall.xml
----------------- Instantiating /home/travis/build/icyphy/ptII/ptolemy/domains/continuous/test/auto/BouncingBall.xml
2316 ms. Memory: 331776K Free: 259320K (78%)
----------------- Invoking toplevel() on ptolemy.moml.MoMLSimpleApplication@206eae6a
----------------- Done invoking toplevel() on ptolemy.moml.MoMLSimpleApplication@206eae6a
reloadAllAccessors: .BouncingBall

===========================================================================================
----------------- testing Wed Jul 11 01:37:08 UTC 2018 /home/travis/build/icyphy/ptII/ptolemy/domains/continuous/test/auto/BouncingBallWithoutGR.xml
----------------- Instantiating /home/travis/build/icyphy/ptII/ptolemy/domains/continuous/test/auto/BouncingBallWithoutGR.xml
699 ms. Memory: 331776K Free: 320966K (97%)
----------------- Invoking toplevel() on ptolemy.moml.MoMLSimpleApplication@ebd92ad
----------------- Done invoking toplevel() on ptolemy.moml.MoMLSimpleApplication@ebd92ad
reloadAllAccessors: .BouncingBallWithoutGR

===========================================================================================
----------------- testing Wed Jul 11 01:37:08 UTC 2018 /home/travis/build/icyphy/ptII/ptolemy/domains/continuous/test/auto/Brownian.xml
----------------- Instantiating /home/travis/build/icyphy/ptII/ptolemy/domains/continuous/test/auto/Brownian.xml
27 ms. Memory: 331776K Free: 307069K (93%)
----------------- Invoking toplevel() on ptolemy.moml.MoMLSimpleApplication@2a3005c7
----------------- Done invoking toplevel() on ptolemy.moml.MoMLSimpleApplication@2a3005c7
reloadAllAccessors: .Brownian

===========================================================================================
----------------- testing Wed Jul 11 01:37:09 UTC 2018 /home/travis/build/icyphy/ptII/ptolemy/domains/continuous/test/auto/CarTracking.xml
----------------- Instantiating /home/travis/build/icyphy/ptII/ptolemy/domains/continuous/test/auto/CarTracking.xml
3333 ms. Memory: 578048K Free: 451413K (78%)
----------------- Invoking toplevel() on ptolemy.moml.MoMLSimpleApplication@4c2011e7
----------------- Done invoking toplevel() on ptolemy.moml.MoMLSimpleApplication@4c2011e7
reloadAllAccessors: .CarTracking

===========================================================================================
----------------- testing Wed Jul 11 01:37:12 UTC 2018 /home/travis/build/icyphy/ptII/ptolemy/domains/continuous/test/auto/CartPendulum.xml
----------------- Instantiating /home/travis/build/icyphy/ptII/ptolemy/domains/continuous/test/auto/CartPendulum.xml
431 ms. Memory: 578048K Free: 343412K (59%)
----------------- Invoking toplevel() on ptolemy.moml.MoMLSimpleApplication@6270e525
----------------- Done invoking toplevel() on ptolemy.moml.MoMLSimpleApplication@6270e525
reloadAllAccessors: .CartPendulum

===========================================================================================
----------------- testing Wed Jul 11 01:37:13 UTC 2018 /home/travis/build/icyphy/ptII/ptolemy/domains/continuous/test/auto/CausalityInterface10.xml
----------------- Instantiating /home/travis/build/icyphy/ptII/ptolemy/domains/continuous/test/auto/CausalityInterface10.xml
13 ms. Memory: 578048K Free: 327020K (57%)
----------------- Invoking toplevel() on ptolemy.moml.MoMLSimpleApplication@64fb0ab8
----------------- Done invoking toplevel() on ptolemy.moml.MoMLSimpleApplication@64fb0ab8
reloadAllAccessors: .CausalityInterface10

===========================================================================================
----------------- testing Wed Jul 11 01:37:13 UTC 2018 /home/travis/build/icyphy/ptII/ptolemy/domains/continuous/test/auto/CausalityInterface11.xml
----------------- Instantiating /home/travis/build/icyphy/ptII/ptolemy/domains/continuous/test/auto/CausalityInterface11.xml
10 ms. Memory: 578048K Free: 317173K (55%)
----------------- Invoking toplevel() on ptolemy.moml.MoMLSimpleApplication@72717d55
----------------- Done invoking toplevel() on ptolemy.moml.MoMLSimpleApplication@72717d55
reloadAllAccessors: .CausalityInterface11

===========================================================================================
----------------- testing Wed Jul 11 01:37:13 UTC 2018 /home/travis/build/icyphy/ptII/ptolemy/domains/continuous/test/auto/CausalityInterface12.xml
----------------- Instantiating /home/travis/build/icyphy/ptII/ptolemy/domains/continuous/test/auto/CausalityInterface12.xml
8 ms. Memory: 578048K Free: 307343K (53%)
----------------- Invoking toplevel() on ptolemy.moml.MoMLSimpleApplication@4e57f59b
----------------- Done invoking toplevel() on ptolemy.moml.MoMLSimpleApplication@4e57f59b
reloadAllAccessors: .CausalityInterface12

===========================================================================================
----------------- testing Wed Jul 11 01:37:13 UTC 2018 /home/travis/build/icyphy/ptII/ptolemy/domains/continuous/test/auto/CausalityInterface13.xml
----------------- Instantiating /home/travis/build/icyphy/ptII/ptolemy/domains/continuous/test/auto/CausalityInterface13.xml
4 ms. Memory: 578048K Free: 294333K (51%)
----------------- Invoking toplevel() on ptolemy.moml.MoMLSimpleApplication@3ec81722
----------------- Done invoking toplevel() on ptolemy.moml.MoMLSimpleApplication@3ec81722
reloadAllAccessors: .CausalityInterface13

===========================================================================================
----------------- testing Wed Jul 11 01:37:13 UTC 2018 /home/travis/build/icyphy/ptII/ptolemy/domains/continuous/test/auto/CausalityInterface14.xml
----------------- Instantiating /home/travis/build/icyphy/ptII/ptolemy/domains/continuous/test/auto/CausalityInterface14.xml
8 ms. Memory: 578048K Free: 284487K (49%)
----------------- Invoking toplevel() on ptolemy.moml.MoMLSimpleApplication@230e255
----------------- Done invoking toplevel() on ptolemy.moml.MoMLSimpleApplication@230e255
reloadAllAccessors: .CausalityInterface14

===========================================================================================
----------------- testing Wed Jul 11 01:37:13 UTC 2018 /home/travis/build/icyphy/ptII/ptolemy/domains/continuous/test/auto/CausalityInterface4.xml
----------------- Instantiating /home/travis/build/icyphy/ptII/ptolemy/domains/continuous/test/auto/CausalityInterface4.xml
5 ms. Memory: 578048K Free: 274648K (48%)
----------------- Invoking toplevel() on ptolemy.moml.MoMLSimpleApplication@3dec9322
----------------- Done invoking toplevel() on ptolemy.moml.MoMLSimpleApplication@3dec9322
reloadAllAccessors: .CausalityInterface4

===========================================================================================
----------------- testing Wed Jul 11 01:37:13 UTC 2018 /home/travis/build/icyphy/ptII/ptolemy/domains/continuous/test/auto/CausalityInterface5.xml
----------------- Instantiating /home/travis/build/icyphy/ptII/ptolemy/domains/continuous/test/auto/CausalityInterface5.xml
3 ms. Memory: 578048K Free: 261525K (45%)
----------------- Invoking toplevel() on ptolemy.moml.MoMLSimpleApplication@194f92e3
----------------- Done invoking toplevel() on ptolemy.moml.MoMLSimpleApplication@194f92e3
reloadAllAccessors: .CausalityInterface5

===========================================================================================
----------------- testing Wed Jul 11 01:37:13 UTC 2018 /home/travis/build/icyphy/ptII/ptolemy/domains/continuous/test/auto/CausalityInterface6.xml
----------------- Instantiating /home/travis/build/icyphy/ptII/ptolemy/domains/continuous/test/auto/CausalityInterface6.xml
6 ms. Memory: 578048K Free: 248515K (43%)
----------------- Invoking toplevel() on ptolemy.moml.MoMLSimpleApplication@141940b4
----------------- Done invoking toplevel() on ptolemy.moml.MoMLSimpleApplication@141940b4
reloadAllAccessors: .CausalityInterface6

===========================================================================================
----------------- testing Wed Jul 11 01:37:13 UTC 2018 /home/travis/build/icyphy/ptII/ptolemy/domains/continuous/test/auto/CausalityInterface7.xml
----------------- Instantiating /home/travis/build/icyphy/ptII/ptolemy/domains/continuous/test/auto/CausalityInterface7.xml
15 ms. Memory: 578048K Free: 235400K (41%)
----------------- Invoking toplevel() on ptolemy.moml.MoMLSimpleApplication@75ea0880
----------------- Done invoking toplevel() on ptolemy.moml.MoMLSimpleApplication@75ea0880
reloadAllAccessors: .CausalityInterface7

===========================================================================================
----------------- testing Wed Jul 11 01:37:13 UTC 2018 /home/travis/build/icyphy/ptII/ptolemy/domains/continuous/test/auto/CausalityInterface8.xml
----------------- Instantiating /home/travis/build/icyphy/ptII/ptolemy/domains/continuous/test/auto/CausalityInterface8.xml
3 ms. Memory: 578048K Free: 222292K (38%)
----------------- Invoking toplevel() on ptolemy.moml.MoMLSimpleApplication@1c3707fe
----------------- Done invoking toplevel() on ptolemy.moml.MoMLSimpleApplication@1c3707fe
reloadAllAccessors: .CausalityInterface8

===========================================================================================
----------------- testing Wed Jul 11 01:37:13 UTC 2018 /home/travis/build/icyphy/ptII/ptolemy/domains/continuous/test/auto/CausalityInterface9.xml
----------------- Instantiating /home/travis/build/icyphy/ptII/ptolemy/domains/continuous/test/auto/CausalityInterface9.xml
9 ms. Memory: 578048K Free: 205892K (36%)
----------------- Invoking toplevel() on ptolemy.moml.MoMLSimpleApplication@4f8bfedb
----------------- Done invoking toplevel() on ptolemy.moml.MoMLSimpleApplication@4f8bfedb
reloadAllAccessors: .CausalityInterface9

===========================================================================================
----------------- testing Wed Jul 11 01:37:13 UTC 2018 /home/travis/build/icyphy/ptII/ptolemy/domains/continuous/test/auto/CausalityInterfaceFeedback1.xml
----------------- Instantiating /home/travis/build/icyphy/ptII/ptolemy/domains/continuous/test/auto/CausalityInterfaceFeedback1.xml
5 ms. Memory: 578048K Free: 192882K (33%)
----------------- Invoking toplevel() on ptolemy.moml.MoMLSimpleApplication@7d7e4d39
----------------- Done invoking toplevel() on ptolemy.moml.MoMLSimpleApplication@7d7e4d39
reloadAllAccessors: .CausalityInterfaceFeedback1

===========================================================================================
----------------- testing Wed Jul 11 01:37:13 UTC 2018 /home/travis/build/icyphy/ptII/ptolemy/domains/continuous/test/auto/CausalityInterfaceFeedback2.xml
----------------- Instantiating /home/travis/build/icyphy/ptII/ptolemy/domains/continuous/test/auto/CausalityInterfaceFeedback2.xml
6 ms. Memory: 578048K Free: 183043K (32%)
----------------- Invoking toplevel() on ptolemy.moml.MoMLSimpleApplication@2823018
----------------- Done invoking toplevel() on ptolemy.moml.MoMLSimpleApplication@2823018
reloadAllAccessors: .CausalityInterfaceFeedback2

===========================================================================================
----------------- testing Wed Jul 11 01:37:13 UTC 2018 /home/travis/build/icyphy/ptII/ptolemy/domains/continuous/test/auto/CompareWithCurrentTime.xml
----------------- Instantiating /home/travis/build/icyphy/ptII/ptolemy/domains/continuous/test/auto/CompareWithCurrentTime.xml
3 ms. Memory: 578048K Free: 176490K (31%)
----------------- Invoking toplevel() on ptolemy.moml.MoMLSimpleApplication@1a0362f5
----------------- Done invoking toplevel() on ptolemy.moml.MoMLSimpleApplication@1a0362f5
reloadAllAccessors: .CompareWithCurrentTime

===========================================================================================
----------------- testing Wed Jul 11 01:37:13 UTC 2018 /home/travis/build/icyphy/ptII/ptolemy/domains/continuous/test/auto/ComparedClocks.xml
----------------- Instantiating /home/travis/build/icyphy/ptII/ptolemy/domains/continuous/test/auto/ComparedClocks.xml
7 ms. Memory: 578048K Free: 156804K (27%)
----------------- Invoking toplevel() on ptolemy.moml.MoMLSimpleApplication@b24139b
----------------- Done invoking toplevel() on ptolemy.moml.MoMLSimpleApplication@b24139b
reloadAllAccessors: .ComparedClocks

===========================================================================================
----------------- testing Wed Jul 11 01:37:14 UTC 2018 /home/travis/build/icyphy/ptII/ptolemy/domains/continuous/test/auto/ContinuousAOCClone.xml
----------------- Instantiating /home/travis/build/icyphy/ptII/ptolemy/domains/continuous/test/auto/ContinuousAOCClone.xml
2497 ms. Memory: 872960K Free: 391238K (45%)
----------------- Invoking toplevel() on ptolemy.moml.MoMLSimpleApplication@6035b515
----------------- Done invoking toplevel() on ptolemy.moml.MoMLSimpleApplication@6035b515
reloadAllAccessors: .ContinuousAOCClone

===========================================================================================
----------------- testing Wed Jul 11 01:37:16 UTC 2018 /home/travis/build/icyphy/ptII/ptolemy/domains/continuous/test/auto/ContinuousClock.xml
----------------- Instantiating /home/travis/build/icyphy/ptII/ptolemy/domains/continuous/test/auto/ContinuousClock.xml
31 ms. Memory: 872960K Free: 358031K (41%)
----------------- Invoking toplevel() on ptolemy.moml.MoMLSimpleApplication@f3281dd
----------------- Done invoking toplevel() on ptolemy.moml.MoMLSimpleApplication@f3281dd
reloadAllAccessors: .ContinuousClock

===========================================================================================
----------------- testing Wed Jul 11 01:37:16 UTC 2018 /home/travis/build/icyphy/ptII/ptolemy/domains/continuous/test/auto/ContinuousInContinuous.xml
----------------- Instantiating /home/travis/build/icyphy/ptII/ptolemy/domains/continuous/test/auto/ContinuousInContinuous.xml
43 ms. Memory: 872960K Free: 326554K (37%)
----------------- Invoking toplevel() on ptolemy.moml.MoMLSimpleApplication@3a5444ad
----------------- Done invoking toplevel() on ptolemy.moml.MoMLSimpleApplication@3a5444ad
reloadAllAccessors: .ContinuousInContinuous

===========================================================================================
----------------- testing Wed Jul 11 01:37:16 UTC 2018 /home/travis/build/icyphy/ptII/ptolemy/domains/continuous/test/auto/ContinuousInContinuousInContinuous.xml
----------------- Instantiating /home/travis/build/icyphy/ptII/ptolemy/domains/continuous/test/auto/ContinuousInContinuousInContinuous.xml
8 ms. Memory: 872960K Free: 310820K (36%)
----------------- Invoking toplevel() on ptolemy.moml.MoMLSimpleApplication@4aa8b858
----------------- Done invoking toplevel() on ptolemy.moml.MoMLSimpleApplication@4aa8b858
reloadAllAccessors: .ContinuousInContinuousInContinuous

===========================================================================================
----------------- testing Wed Jul 11 01:37:17 UTC 2018 /home/travis/build/icyphy/ptII/ptolemy/domains/continuous/test/auto/ContinuousInDE.xml
----------------- Instantiating /home/travis/build/icyphy/ptII/ptolemy/domains/continuous/test/auto/ContinuousInDE.xml
74 ms. Memory: 872960K Free: 295101K (34%)
----------------- Invoking toplevel() on ptolemy.moml.MoMLSimpleApplication@33cfb24
----------------- Done invoking toplevel() on ptolemy.moml.MoMLSimpleApplication@33cfb24
reloadAllAccessors: .ContinuousInDE

===========================================================================================
----------------- testing Wed Jul 11 01:37:17 UTC 2018 /home/travis/build/icyphy/ptII/ptolemy/domains/continuous/test/auto/ContinuousInDE2.xml
----------------- Instantiating /home/travis/build/icyphy/ptII/ptolemy/domains/continuous/test/auto/ContinuousInDE2.xml
41 ms. Memory: 872960K Free: 275954K (32%)
----------------- Invoking toplevel() on ptolemy.moml.MoMLSimpleApplication@3ccb8632
----------------- Done invoking toplevel() on ptolemy.moml.MoMLSimpleApplication@3ccb8632
reloadAllAccessors: .ContinuousInDE2

===========================================================================================
----------------- testing Wed Jul 11 01:37:17 UTC 2018 /home/travis/build/icyphy/ptII/ptolemy/domains/continuous/test/auto/ContinuousInDE3.xml
----------------- Instantiating /home/travis/build/icyphy/ptII/ptolemy/domains/continuous/test/auto/ContinuousInDE3.xml
33 ms. Memory: 872960K Free: 260235K (30%)
----------------- Invoking toplevel() on ptolemy.moml.MoMLSimpleApplication@65d8024f
----------------- Done invoking toplevel() on ptolemy.moml.MoMLSimpleApplication@65d8024f
reloadAllAccessors: .ContinuousInDE3

===========================================================================================
----------------- testing Wed Jul 11 01:37:17 UTC 2018 /home/travis/build/icyphy/ptII/ptolemy/domains/continuous/test/auto/ContinuousInDE4.xml
----------------- Instantiating /home/travis/build/icyphy/ptII/ptolemy/domains/continuous/test/auto/ContinuousInDE4.xml
14 ms. Memory: 872960K Free: 249756K (29%)
----------------- Invoking toplevel() on ptolemy.moml.MoMLSimpleApplication@6b9311a8
----------------- Done invoking toplevel() on ptolemy.moml.MoMLSimpleApplication@6b9311a8
reloadAllAccessors: .ContinuousInDE4

===========================================================================================
----------------- testing Wed Jul 11 01:37:17 UTC 2018 /home/travis/build/icyphy/ptII/ptolemy/domains/continuous/test/auto/ContinuousInDEDifferentRefinements.xml
----------------- Instantiating /home/travis/build/icyphy/ptII/ptolemy/domains/continuous/test/auto/ContinuousInDEDifferentRefinements.xml
72 ms. Memory: 872960K Free: 213032K (24%)
----------------- Invoking toplevel() on ptolemy.moml.MoMLSimpleApplication@6fb8c7ce
----------------- Done invoking toplevel() on ptolemy.moml.MoMLSimpleApplication@6fb8c7ce
reloadAllAccessors: .ContinuousInDEDifferentRefinements

===========================================================================================
----------------- testing Wed Jul 11 01:37:17 UTC 2018 /home/travis/build/icyphy/ptII/ptolemy/domains/continuous/test/auto/ContinuousInDEDifferentRefinementsPreemptive.xml
----------------- Instantiating /home/travis/build/icyphy/ptII/ptolemy/domains/continuous/test/auto/ContinuousInDEDifferentRefinementsPreemptive.xml
47 ms. Memory: 872960K Free: 172878K (20%)
----------------- Invoking toplevel() on ptolemy.moml.MoMLSimpleApplication@17e88ef3
----------------- Done invoking toplevel() on ptolemy.moml.MoMLSimpleApplication@17e88ef3
reloadAllAccessors: .ContinuousInDEDifferentRefinementsPreemptive

===========================================================================================
----------------- testing Wed Jul 11 01:37:17 UTC 2018 /home/travis/build/icyphy/ptII/ptolemy/domains/continuous/test/auto/ContinuousInDEInContinuous2.xml
----------------- Instantiating /home/travis/build/icyphy/ptII/ptolemy/domains/continuous/test/auto/ContinuousInDEInContinuous2.xml
36 ms. Memory: 872960K Free: 157152K (18%)
----------------- Invoking toplevel() on ptolemy.moml.MoMLSimpleApplication@7a0cde6
----------------- Done invoking toplevel() on ptolemy.moml.MoMLSimpleApplication@7a0cde6
reloadAllAccessors: .ContinuousInDEInContinuous2

===========================================================================================
----------------- testing Wed Jul 11 01:37:17 UTC 2018 /home/travis/build/icyphy/ptII/ptolemy/domains/continuous/test/auto/ContinuousInDEInContinuous3.xml
----------------- Instantiating /home/travis/build/icyphy/ptII/ptolemy/domains/continuous/test/auto/ContinuousInDEInContinuous3.xml
49 ms. Memory: 872960K Free: 136194K (16%)
----------------- Invoking toplevel() on ptolemy.moml.MoMLSimpleApplication@a75eeff
----------------- Done invoking toplevel() on ptolemy.moml.MoMLSimpleApplication@a75eeff
reloadAllAccessors: .ContinuousInDEInContinuous3

===========================================================================================
----------------- testing Wed Jul 11 01:37:17 UTC 2018 /home/travis/build/icyphy/ptII/ptolemy/domains/continuous/test/auto/ContinuousInDEInput.xml
----------------- Instantiating /home/travis/build/icyphy/ptII/ptolemy/domains/continuous/test/auto/ContinuousInDEInput.xml
15 ms. Memory: 872960K Free: 125715K (14%)
----------------- Invoking toplevel() on ptolemy.moml.MoMLSimpleApplication@4283f1a7
----------------- Done invoking toplevel() on ptolemy.moml.MoMLSimpleApplication@4283f1a7
reloadAllAccessors: .ContinuousInDEInput

===========================================================================================
----------------- testing Wed Jul 11 01:37:17 UTC 2018 /home/travis/build/icyphy/ptII/ptolemy/domains/continuous/test/auto/ContinuousInDEInput2.xml
----------------- Instantiating /home/travis/build/icyphy/ptII/ptolemy/domains/continuous/test/auto/ContinuousInDEInput2.xml
14 ms. Memory: 872960K Free: 111799K (13%)
----------------- Invoking toplevel() on ptolemy.moml.MoMLSimpleApplication@6fc8d47a
----------------- Done invoking toplevel() on ptolemy.moml.MoMLSimpleApplication@6fc8d47a
reloadAllAccessors: .ContinuousInDEInput2

===========================================================================================
----------------- testing Wed Jul 11 01:37:17 UTC 2018 /home/travis/build/icyphy/ptII/ptolemy/domains/continuous/test/auto/ContinuousInDEInput3.xml
----------------- Instantiating /home/travis/build/icyphy/ptII/ptolemy/domains/continuous/test/auto/ContinuousInDEInput3.xml
16 ms. Memory: 872960K Free: 101320K (12%)
----------------- Invoking toplevel() on ptolemy.moml.MoMLSimpleApplication@5a211266
----------------- Done invoking toplevel() on ptolemy.moml.MoMLSimpleApplication@5a211266
reloadAllAccessors: .ContinuousInDEInput3

===========================================================================================
----------------- testing Wed Jul 11 01:37:17 UTC 2018 /home/travis/build/icyphy/ptII/ptolemy/domains/continuous/test/auto/ContinuousInDESharingRefinement.xml
----------------- Instantiating /home/travis/build/icyphy/ptII/ptolemy/domains/continuous/test/auto/ContinuousInDESharingRefinement.xml
154 ms. Memory: 873472K Free: 788221K (90%)
----------------- Invoking toplevel() on ptolemy.moml.MoMLSimpleApplication@74702a1d
----------------- Done invoking toplevel() on ptolemy.moml.MoMLSimpleApplication@74702a1d
reloadAllAccessors: .ContinuousInDESharingRefinement

===========================================================================================
----------------- testing Wed Jul 11 01:37:17 UTC 2018 /home/travis/build/icyphy/ptII/ptolemy/domains/continuous/test/auto/ContinuousInDEwithNoPorts.xml
----------------- Instantiating /home/travis/build/icyphy/ptII/ptolemy/domains/continuous/test/auto/ContinuousInDEwithNoPorts.xml
5 ms. Memory: 873472K Free: 772765K (88%)
----------------- Invoking toplevel() on ptolemy.moml.MoMLSimpleApplication@6f02219
----------------- Done invoking toplevel() on ptolemy.moml.MoMLSimpleApplication@6f02219
reloadAllAccessors: .ContinuousInDEwithNoPorts

===========================================================================================
----------------- testing Wed Jul 11 01:37:18 UTC 2018 /home/travis/build/icyphy/ptII/ptolemy/domains/continuous/test/auto/ContinuousInsideDE.xml
----------------- Instantiating /home/travis/build/icyphy/ptII/ptolemy/domains/continuous/test/auto/ContinuousInsideDE.xml
45 ms. Memory: 873472K Free: 757039K (87%)
----------------- Invoking toplevel() on ptolemy.moml.MoMLSimpleApplication@b268e5b
----------------- Done invoking toplevel() on ptolemy.moml.MoMLSimpleApplication@b268e5b
reloadAllAccessors: .ContinuousInsideDE

===========================================================================================
----------------- testing Wed Jul 11 01:37:18 UTC 2018 /home/travis/build/icyphy/ptII/ptolemy/domains/continuous/test/auto/ContinuousMerge1.xml
----------------- Instantiating /home/travis/build/icyphy/ptII/ptolemy/domains/continuous/test/auto/ContinuousMerge1.xml
3 ms. Memory: 873472K Free: 744255K (85%)
----------------- Invoking toplevel() on ptolemy.moml.MoMLSimpleApplication@67d1149d
----------------- Done invoking toplevel() on ptolemy.moml.MoMLSimpleApplication@67d1149d
reloadAllAccessors: .ContinuousMerge1

===========================================================================================
----------------- testing Wed Jul 11 01:37:18 UTC 2018 /home/travis/build/icyphy/ptII/ptolemy/domains/continuous/test/auto/ContinuousMerge2.xml
----------------- Instantiating /home/travis/build/icyphy/ptII/ptolemy/domains/continuous/test/auto/ContinuousMerge2.xml
18 ms. Memory: 873472K Free: 728358K (83%)
----------------- Invoking toplevel() on ptolemy.moml.MoMLSimpleApplication@3207e87b
----------------- Done invoking toplevel() on ptolemy.moml.MoMLSimpleApplication@3207e87b
reloadAllAccessors: .ContinuousMerge2

===========================================================================================
----------------- testing Wed Jul 11 01:37:18 UTC 2018 /home/travis/build/icyphy/ptII/ptolemy/domains/continuous/test/auto/ContinuousMerge3.xml
----------------- Instantiating /home/travis/build/icyphy/ptII/ptolemy/domains/continuous/test/auto/ContinuousMerge3.xml
48 ms. Memory: 873472K Free: 712623K (82%)
----------------- Invoking toplevel() on ptolemy.moml.MoMLSimpleApplication@2897d8d7
----------------- Done invoking toplevel() on ptolemy.moml.MoMLSimpleApplication@2897d8d7
reloadAllAccessors: .ContinuousMerge3

===========================================================================================
----------------- testing Wed Jul 11 01:37:18 UTC 2018 /home/travis/build/icyphy/ptII/ptolemy/domains/continuous/test/auto/ContinuousWithinContinuous.xml
----------------- Instantiating /home/travis/build/icyphy/ptII/ptolemy/domains/continuous/test/auto/ContinuousWithinContinuous.xml
40 ms. Memory: 873472K Free: 699840K (80%)
----------------- Invoking toplevel() on ptolemy.moml.MoMLSimpleApplication@24984519
----------------- Done invoking toplevel() on ptolemy.moml.MoMLSimpleApplication@24984519
reloadAllAccessors: .ContinuousWithinContinuous

===========================================================================================
----------------- testing Wed Jul 11 01:37:18 UTC 2018 /home/travis/build/icyphy/ptII/ptolemy/domains/continuous/test/auto/ContinuousWithinContinuous2.xml
----------------- Instantiating /home/travis/build/icyphy/ptII/ptolemy/domains/continuous/test/auto/ContinuousWithinContinuous2.xml
81 ms. Memory: 873472K Free: 684121K (78%)
----------------- Invoking toplevel() on ptolemy.moml.MoMLSimpleApplication@46ee500c
----------------- Done invoking toplevel() on ptolemy.moml.MoMLSimpleApplication@46ee500c
reloadAllAccessors: .ContinuousWithinContinuous2

===========================================================================================
----------------- testing Wed Jul 11 01:37:18 UTC 2018 /home/travis/build/icyphy/ptII/ptolemy/domains/continuous/test/auto/ContinuousWithinContinuous3.xml
----------------- Instantiating /home/travis/build/icyphy/ptII/ptolemy/domains/continuous/test/auto/ContinuousWithinContinuous3.xml
13 ms. Memory: 873472K Free: 673642K (77%)
----------------- Invoking toplevel() on ptolemy.moml.MoMLSimpleApplication@7303a4e3
----------------- Done invoking toplevel() on ptolemy.moml.MoMLSimpleApplication@7303a4e3
reloadAllAccessors: .ContinuousWithinContinuous3

===========================================================================================
----------------- testing Wed Jul 11 01:37:18 UTC 2018 /home/travis/build/icyphy/ptII/ptolemy/domains/continuous/test/auto/ContinuousWithinContinuous4.xml
----------------- Instantiating /home/travis/build/icyphy/ptII/ptolemy/domains/continuous/test/auto/ContinuousWithinContinuous4.xml
76 ms. Memory: 873472K Free: 655620K (75%)
----------------- Invoking toplevel() on ptolemy.moml.MoMLSimpleApplication@2edaf80b
----------------- Done invoking toplevel() on ptolemy.moml.MoMLSimpleApplication@2edaf80b
reloadAllAccessors: .ContinuousWithinContinuous4

===========================================================================================
----------------- testing Wed Jul 11 01:37:18 UTC 2018 /home/travis/build/icyphy/ptII/ptolemy/domains/continuous/test/auto/ContinuousWithinContinuous5.xml
----------------- Instantiating /home/travis/build/icyphy/ptII/ptolemy/domains/continuous/test/auto/ContinuousWithinContinuous5.xml
15 ms. Memory: 873472K Free: 639893K (73%)
----------------- Invoking toplevel() on ptolemy.moml.MoMLSimpleApplication@5f8206d4
----------------- Done invoking toplevel() on ptolemy.moml.MoMLSimpleApplication@5f8206d4
reloadAllAccessors: .ContinuousWithinContinuous5

===========================================================================================
----------------- testing Wed Jul 11 01:37:18 UTC 2018 /home/travis/build/icyphy/ptII/ptolemy/domains/continuous/test/auto/ContinuousWithinContinuous6.xml
----------------- Instantiating /home/travis/build/icyphy/ptII/ptolemy/domains/continuous/test/auto/ContinuousWithinContinuous6.xml
16 ms. Memory: 873472K Free: 629414K (72%)
----------------- Invoking toplevel() on ptolemy.moml.MoMLSimpleApplication@aa8ea72
----------------- Done invoking toplevel() on ptolemy.moml.MoMLSimpleApplication@aa8ea72
reloadAllAccessors: .ContinuousWithinContinuous6

===========================================================================================
----------------- testing Wed Jul 11 01:37:18 UTC 2018 /home/travis/build/icyphy/ptII/ptolemy/domains/continuous/test/auto/ContinuousWithinContinuous7.xml
----------------- Instantiating /home/travis/build/icyphy/ptII/ptolemy/domains/continuous/test/auto/ContinuousWithinContinuous7.xml
61 ms. Memory: 873472K Free: 611391K (70%)
----------------- Invoking toplevel() on ptolemy.moml.MoMLSimpleApplication@4866b692
----------------- Done invoking toplevel() on ptolemy.moml.MoMLSimpleApplication@4866b692
reloadAllAccessors: .ContinuousWithinContinuous7

===========================================================================================
----------------- testing Wed Jul 11 01:37:18 UTC 2018 /home/travis/build/icyphy/ptII/ptolemy/domains/continuous/test/auto/DCMotor.xml
----------------- Instantiating /home/travis/build/icyphy/ptII/ptolemy/domains/continuous/test/auto/DCMotor.xml
14567 ms. Memory: 697344K Free: 628042K (90%)
----------------- Invoking toplevel() on ptolemy.moml.MoMLSimpleApplication@c613791
----------------- Done invoking toplevel() on ptolemy.moml.MoMLSimpleApplication@c613791
reloadAllAccessors: .DCMotor

===========================================================================================
----------------- testing Wed Jul 11 01:37:33 UTC 2018 /home/travis/build/icyphy/ptII/ptolemy/domains/continuous/test/auto/DEInContinuous.xml
----------------- Instantiating /home/travis/build/icyphy/ptII/ptolemy/domains/continuous/test/auto/DEInContinuous.xml
11 ms. Memory: 697344K Free: 612191K (88%)
----------------- Invoking toplevel() on ptolemy.moml.MoMLSimpleApplication@7740ea84
----------------- Done invoking toplevel() on ptolemy.moml.MoMLSimpleApplication@7740ea84
reloadAllAccessors: .DEInContinuous

===========================================================================================
----------------- testing Wed Jul 11 01:37:33 UTC 2018 /home/travis/build/icyphy/ptII/ptolemy/domains/continuous/test/auto/DEinContinuous2.xml
----------------- Instantiating /home/travis/build/icyphy/ptII/ptolemy/domains/continuous/test/auto/DEinContinuous2.xml
7 ms. Memory: 697344K Free: 592463K (85%)
----------------- Invoking toplevel() on ptolemy.moml.MoMLSimpleApplication@6460f90
----------------- Done invoking toplevel() on ptolemy.moml.MoMLSimpleApplication@6460f90
reloadAllAccessors: .DEinContinuous2

===========================================================================================
----------------- testing Wed Jul 11 01:37:33 UTC 2018 /home/travis/build/icyphy/ptII/ptolemy/domains/continuous/test/auto/Derivative.xml
----------------- Instantiating /home/travis/build/icyphy/ptII/ptolemy/domains/continuous/test/auto/Derivative.xml
143 ms. Memory: 697344K Free: 554203K (79%)
----------------- Invoking toplevel() on ptolemy.moml.MoMLSimpleApplication@5c6a686e
----------------- Done invoking toplevel() on ptolemy.moml.MoMLSimpleApplication@5c6a686e
reloadAllAccessors: .Derivative2

===========================================================================================
----------------- testing Wed Jul 11 01:37:33 UTC 2018 /home/travis/build/icyphy/ptII/ptolemy/domains/continuous/test/auto/Derivative1.xml
----------------- Instantiating /home/travis/build/icyphy/ptII/ptolemy/domains/continuous/test/auto/Derivative1.xml
23 ms. Memory: 697344K Free: 535717K (77%)
----------------- Invoking toplevel() on ptolemy.moml.MoMLSimpleApplication@50712cd3
----------------- Done invoking toplevel() on ptolemy.moml.MoMLSimpleApplication@50712cd3
reloadAllAccessors: .Derivative1

===========================================================================================
----------------- testing Wed Jul 11 01:37:33 UTC 2018 /home/travis/build/icyphy/ptII/ptolemy/domains/continuous/test/auto/DiscreteClock.xml
----------------- Instantiating /home/travis/build/icyphy/ptII/ptolemy/domains/continuous/test/auto/DiscreteClock.xml
5 ms. Memory: 697344K Free: 522165K (75%)
----------------- Invoking toplevel() on ptolemy.moml.MoMLSimpleApplication@cae4ce9
----------------- Done invoking toplevel() on ptolemy.moml.MoMLSimpleApplication@cae4ce9
reloadAllAccessors: .DiscreteClock

===========================================================================================
----------------- testing Wed Jul 11 01:37:33 UTC 2018 /home/travis/build/icyphy/ptII/ptolemy/domains/continuous/test/auto/EfficiencyCurve.xml
----------------- Instantiating /home/travis/build/icyphy/ptII/ptolemy/domains/continuous/test/auto/EfficiencyCurve.xml
60 ms. Memory: 697344K Free: 508613K (73%)
----------------- Invoking toplevel() on ptolemy.moml.MoMLSimpleApplication@1730caa5
----------------- Done invoking toplevel() on ptolemy.moml.MoMLSimpleApplication@1730caa5
reloadAllAccessors: .EfficiencyCurve

===========================================================================================
----------------- testing Wed Jul 11 01:37:33 UTC 2018 /home/travis/build/icyphy/ptII/ptolemy/domains/continuous/test/auto/ExponentialResponse.xml
----------------- Instantiating /home/travis/build/icyphy/ptII/ptolemy/domains/continuous/test/auto/ExponentialResponse.xml
103 ms. Memory: 697344K Free: 477816K (69%)
----------------- Invoking toplevel() on ptolemy.moml.MoMLSimpleApplication@59edea10
----------------- Done invoking toplevel() on ptolemy.moml.MoMLSimpleApplication@59edea10
reloadAllAccessors: .ExponentialResponse

===========================================================================================
----------------- testing Wed Jul 11 01:37:33 UTC 2018 /home/travis/build/icyphy/ptII/ptolemy/domains/continuous/test/auto/ExponentialResponseRK45.xml
----------------- Instantiating /home/travis/build/icyphy/ptII/ptolemy/domains/continuous/test/auto/ExponentialResponseRK45.xml
25 ms. Memory: 697344K Free: 464263K (67%)
----------------- Invoking toplevel() on ptolemy.moml.MoMLSimpleApplication@127fd0a1
----------------- Done invoking toplevel() on ptolemy.moml.MoMLSimpleApplication@127fd0a1
reloadAllAccessors: .ExponentialResponseRK45

===========================================================================================
----------------- testing Wed Jul 11 01:37:33 UTC 2018 /home/travis/build/icyphy/ptII/ptolemy/domains/continuous/test/auto/Friction.xml
----------------- Instantiating /home/travis/build/icyphy/ptII/ptolemy/domains/continuous/test/auto/Friction.xml
1272 ms. Memory: 674816K Free: 596716K (88%)
----------------- Invoking toplevel() on ptolemy.moml.MoMLSimpleApplication@573584e3
----------------- Done invoking toplevel() on ptolemy.moml.MoMLSimpleApplication@573584e3
reloadAllAccessors: .Friction

===========================================================================================
----------------- testing Wed Jul 11 01:37:35 UTC 2018 /home/travis/build/icyphy/ptII/ptolemy/domains/continuous/test/auto/FurutaPendulum.xml
----------------- Instantiating /home/travis/build/icyphy/ptII/ptolemy/domains/continuous/test/auto/FurutaPendulum.xml
3137 ms. Memory: 674816K Free: 98721K (15%)
----------------- Invoking toplevel() on ptolemy.moml.MoMLSimpleApplication@7146218
----------------- Done invoking toplevel() on ptolemy.moml.MoMLSimpleApplication@7146218
reloadAllAccessors: .FurutaPendulum

===========================================================================================
----------------- testing Wed Jul 11 01:37:38 UTC 2018 /home/travis/build/icyphy/ptII/ptolemy/domains/continuous/test/auto/HierarchicalExecution.xml
----------------- Instantiating /home/travis/build/icyphy/ptII/ptolemy/domains/continuous/test/auto/HierarchicalExecution.xml
1774 ms. Memory: 646656K Free: 344721K (53%)
----------------- Invoking toplevel() on ptolemy.moml.MoMLSimpleApplication@5ad3cc03
----------------- Done invoking toplevel() on ptolemy.moml.MoMLSimpleApplication@5ad3cc03
reloadAllAccessors: .HierarchicalExecution

===========================================================================================
----------------- testing Wed Jul 11 01:37:40 UTC 2018 /home/travis/build/icyphy/ptII/ptolemy/domains/continuous/test/auto/HybridPlant.xml
----------------- Instantiating /home/travis/build/icyphy/ptII/ptolemy/domains/continuous/test/auto/HybridPlant.xml
503 ms. Memory: 646656K Free: 67120K (10%)
----------------- Invoking toplevel() on ptolemy.moml.MoMLSimpleApplication@1c5c526c
----------------- Done invoking toplevel() on ptolemy.moml.MoMLSimpleApplication@1c5c526c
reloadAllAccessors: .HybridPlant

===========================================================================================
----------------- testing Wed Jul 11 01:37:41 UTC 2018 /home/travis/build/icyphy/ptII/ptolemy/domains/continuous/test/auto/Hysteresis.xml
----------------- Instantiating /home/travis/build/icyphy/ptII/ptolemy/domains/continuous/test/auto/Hysteresis.xml
123 ms. Memory: 620032K Free: 531682K (86%)
----------------- Invoking toplevel() on ptolemy.moml.MoMLSimpleApplication@7934f37c
----------------- Done invoking toplevel() on ptolemy.moml.MoMLSimpleApplication@7934f37c
reloadAllAccessors: .Hysteresis

===========================================================================================
----------------- testing Wed Jul 11 01:37:41 UTC 2018 /home/travis/build/icyphy/ptII/ptolemy/domains/continuous/test/auto/HysteresisWithRandomDelay.xml
----------------- Instantiating /home/travis/build/icyphy/ptII/ptolemy/domains/continuous/test/auto/HysteresisWithRandomDelay.xml
150 ms. Memory: 620032K Free: 452331K (73%)
----------------- Invoking toplevel() on ptolemy.moml.MoMLSimpleApplication@4d07c623
----------------- Done invoking toplevel() on ptolemy.moml.MoMLSimpleApplication@4d07c623
reloadAllAccessors: .HysteresisWithRandomDelay

===========================================================================================
----------------- testing Wed Jul 11 01:37:41 UTC 2018 /home/travis/build/icyphy/ptII/ptolemy/domains/continuous/test/auto/HysteresisWithRandomLosses.xml
----------------- Instantiating /home/travis/build/icyphy/ptII/ptolemy/domains/continuous/test/auto/HysteresisWithRandomLosses.xml
2026 ms. Memory: 591872K Free: 175179K (30%)
----------------- Invoking toplevel() on ptolemy.moml.MoMLSimpleApplication@56308248
----------------- Done invoking toplevel() on ptolemy.moml.MoMLSimpleApplication@56308248
reloadAllAccessors: .HysteresisWithRandomLosses

===========================================================================================
----------------- testing Wed Jul 11 01:37:43 UTC 2018 /home/travis/build/icyphy/ptII/ptolemy/domains/continuous/test/auto/ImmediateTransitions.xml
----------------- Instantiating /home/travis/build/icyphy/ptII/ptolemy/domains/continuous/test/auto/ImmediateTransitions.xml
16 ms. Memory: 591872K Free: 158808K (27%)
----------------- Invoking toplevel() on ptolemy.moml.MoMLSimpleApplication@7fd9405c
----------------- Done invoking toplevel() on ptolemy.moml.MoMLSimpleApplication@7fd9405c
reloadAllAccessors: .ImmediateTransitions

===========================================================================================
----------------- testing Wed Jul 11 01:37:43 UTC 2018 /home/travis/build/icyphy/ptII/ptolemy/domains/continuous/test/auto/ImpulseFeedback.xml
----------------- Instantiating /home/travis/build/icyphy/ptII/ptolemy/domains/continuous/test/auto/ImpulseFeedback.xml
7 ms. Memory: 591872K Free: 147761K (25%)
----------------- Invoking toplevel() on ptolemy.moml.MoMLSimpleApplication@4c6204ac
----------------- Done invoking toplevel() on ptolemy.moml.MoMLSimpleApplication@4c6204ac
reloadAllAccessors: .ImpulseFeedback

===========================================================================================
----------------- testing Wed Jul 11 01:37:43 UTC 2018 /home/travis/build/icyphy/ptII/ptolemy/domains/continuous/test/auto/ImpulseFeedback2.xml
----------------- Instantiating /home/travis/build/icyphy/ptII/ptolemy/domains/continuous/test/auto/ImpulseFeedback2.xml
5 ms. Memory: 591872K Free: 136722K (23%)
----------------- Invoking toplevel() on ptolemy.moml.MoMLSimpleApplication@4c1d4990
----------------- Done invoking toplevel() on ptolemy.moml.MoMLSimpleApplication@4c1d4990
reloadAllAccessors: .ImpulseFeedback2

===========================================================================================
----------------- testing Wed Jul 11 01:37:43 UTC 2018 /home/travis/build/icyphy/ptII/ptolemy/domains/continuous/test/auto/IncreasingRatePoisson.xml
----------------- Instantiating /home/travis/build/icyphy/ptII/ptolemy/domains/continuous/test/auto/IncreasingRatePoisson.xml
633 ms. Memory: 565760K Free: 287941K (51%)
----------------- Invoking toplevel() on ptolemy.moml.MoMLSimpleApplication@3016ad9b
----------------- Done invoking toplevel() on ptolemy.moml.MoMLSimpleApplication@3016ad9b
reloadAllAccessors: .IncreasingRatePoisson

===========================================================================================
----------------- testing Wed Jul 11 01:37:44 UTC 2018 /home/travis/build/icyphy/ptII/ptolemy/domains/continuous/test/auto/InitialStateFeedback.xml
----------------- Instantiating /home/travis/build/icyphy/ptII/ptolemy/domains/continuous/test/auto/InitialStateFeedback.xml
3 ms. Memory: 565760K Free: 278046K (49%)
----------------- Invoking toplevel() on ptolemy.moml.MoMLSimpleApplication@1f7bda84
----------------- Done invoking toplevel() on ptolemy.moml.MoMLSimpleApplication@1f7bda84
reloadAllAccessors: .InitialStateFeedback

===========================================================================================
----------------- testing Wed Jul 11 01:37:44 UTC 2018 /home/travis/build/icyphy/ptII/ptolemy/domains/continuous/test/auto/Integration.xml
----------------- Instantiating /home/travis/build/icyphy/ptII/ptolemy/domains/continuous/test/auto/Integration.xml
6 ms. Memory: 565760K Free: 269986K (48%)
----------------- Invoking toplevel() on ptolemy.moml.MoMLSimpleApplication@bd490c4
----------------- Done invoking toplevel() on ptolemy.moml.MoMLSimpleApplication@bd490c4
reloadAllAccessors: .Integration

===========================================================================================
----------------- testing Wed Jul 11 01:37:44 UTC 2018 /home/travis/build/icyphy/ptII/ptolemy/domains/continuous/test/auto/Integration2.xml
----------------- Instantiating /home/travis/build/icyphy/ptII/ptolemy/domains/continuous/test/auto/Integration2.xml
92 ms. Memory: 565760K Free: 252098K (45%)
----------------- Invoking toplevel() on ptolemy.moml.MoMLSimpleApplication@7b82099d
----------------- Done invoking toplevel() on ptolemy.moml.MoMLSimpleApplication@7b82099d
reloadAllAccessors: .Integration2

===========================================================================================
----------------- testing Wed Jul 11 01:37:44 UTC 2018 /home/travis/build/icyphy/ptII/ptolemy/domains/continuous/test/auto/Integration3.xml
----------------- Instantiating /home/travis/build/icyphy/ptII/ptolemy/domains/continuous/test/auto/Integration3.xml
2 ms. Memory: 565760K Free: 244032K (43%)
----------------- Invoking toplevel() on ptolemy.moml.MoMLSimpleApplication@33719b6a
----------------- Done invoking toplevel() on ptolemy.moml.MoMLSimpleApplication@33719b6a
reloadAllAccessors: .Integration3

===========================================================================================
----------------- testing Wed Jul 11 01:37:44 UTC 2018 /home/travis/build/icyphy/ptII/ptolemy/domains/continuous/test/auto/Integration5.xml
----------------- Instantiating /home/travis/build/icyphy/ptII/ptolemy/domains/continuous/test/auto/Integration5.xml
2 ms. Memory: 565760K Free: 235815K (42%)
----------------- Invoking toplevel() on ptolemy.moml.MoMLSimpleApplication@35ffd6fe
----------------- Done invoking toplevel() on ptolemy.moml.MoMLSimpleApplication@35ffd6fe
reloadAllAccessors: .Integration5

===========================================================================================
----------------- testing Wed Jul 11 01:37:44 UTC 2018 /home/travis/build/icyphy/ptII/ptolemy/domains/continuous/test/auto/IntegratorImpulse.xml
----------------- Instantiating /home/travis/build/icyphy/ptII/ptolemy/domains/continuous/test/auto/IntegratorImpulse.xml
2 ms. Memory: 565760K Free: 227770K (40%)
----------------- Invoking toplevel() on ptolemy.moml.MoMLSimpleApplication@2ac2403d
----------------- Done invoking toplevel() on ptolemy.moml.MoMLSimpleApplication@2ac2403d
reloadAllAccessors: .IntegratorImpulse

===========================================================================================
----------------- testing Wed Jul 11 01:37:44 UTC 2018 /home/travis/build/icyphy/ptII/ptolemy/domains/continuous/test/auto/IntegratorImpulse2.xml
----------------- Instantiating /home/travis/build/icyphy/ptII/ptolemy/domains/continuous/test/auto/IntegratorImpulse2.xml
3 ms. Memory: 565760K Free: 219555K (39%)
----------------- Invoking toplevel() on ptolemy.moml.MoMLSimpleApplication@2169cbc9
----------------- Done invoking toplevel() on ptolemy.moml.MoMLSimpleApplication@2169cbc9
reloadAllAccessors: .IntegratorImpulse2

===========================================================================================
----------------- testing Wed Jul 11 01:37:44 UTC 2018 /home/travis/build/icyphy/ptII/ptolemy/domains/continuous/test/auto/LevelCrossing1.xml
----------------- Instantiating /home/travis/build/icyphy/ptII/ptolemy/domains/continuous/test/auto/LevelCrossing1.xml
2 ms. Memory: 565760K Free: 211494K (37%)
----------------- Invoking toplevel() on ptolemy.moml.MoMLSimpleApplication@c987a84
----------------- Done invoking toplevel() on ptolemy.moml.MoMLSimpleApplication@c987a84
reloadAllAccessors: .LevelCrossing1

===========================================================================================
----------------- testing Wed Jul 11 01:37:44 UTC 2018 /home/travis/build/icyphy/ptII/ptolemy/domains/continuous/test/auto/LevelCrossing2.xml
----------------- Instantiating /home/travis/build/icyphy/ptII/ptolemy/domains/continuous/test/auto/LevelCrossing2.xml
3 ms. Memory: 565760K Free: 203278K (36%)
----------------- Invoking toplevel() on ptolemy.moml.MoMLSimpleApplication@6b07c732
----------------- Done invoking toplevel() on ptolemy.moml.MoMLSimpleApplication@6b07c732
reloadAllAccessors: .LevelCrossing2

===========================================================================================
----------------- testing Wed Jul 11 01:37:44 UTC 2018 /home/travis/build/icyphy/ptII/ptolemy/domains/continuous/test/auto/LevelCrossing3.xml
----------------- Instantiating /home/travis/build/icyphy/ptII/ptolemy/domains/continuous/test/auto/LevelCrossing3.xml
2 ms. Memory: 565760K Free: 195217K (35%)
----------------- Invoking toplevel() on ptolemy.moml.MoMLSimpleApplication@2a377775
----------------- Done invoking toplevel() on ptolemy.moml.MoMLSimpleApplication@2a377775
reloadAllAccessors: .LevelCrossing3

===========================================================================================
----------------- testing Wed Jul 11 01:37:44 UTC 2018 /home/travis/build/icyphy/ptII/ptolemy/domains/continuous/test/auto/LevelCrossing4.xml
----------------- Instantiating /home/travis/build/icyphy/ptII/ptolemy/domains/continuous/test/auto/LevelCrossing4.xml
4 ms. Memory: 565760K Free: 187008K (33%)
----------------- Invoking toplevel() on ptolemy.moml.MoMLSimpleApplication@5144bb31
----------------- Done invoking toplevel() on ptolemy.moml.MoMLSimpleApplication@5144bb31
reloadAllAccessors: .LevelCrossing4

===========================================================================================
----------------- testing Wed Jul 11 01:37:44 UTC 2018 /home/travis/build/icyphy/ptII/ptolemy/domains/continuous/test/auto/LevelCrossing5.xml
----------------- Instantiating /home/travis/build/icyphy/ptII/ptolemy/domains/continuous/test/auto/LevelCrossing5.xml
3 ms. Memory: 565760K Free: 178947K (32%)
----------------- Invoking toplevel() on ptolemy.moml.MoMLSimpleApplication@76eaebe1
----------------- Done invoking toplevel() on ptolemy.moml.MoMLSimpleApplication@76eaebe1
reloadAllAccessors: .LevelCrossing5

===========================================================================================
----------------- testing Wed Jul 11 01:37:44 UTC 2018 /home/travis/build/icyphy/ptII/ptolemy/domains/continuous/test/auto/LevelCrossing6.xml
----------------- Instantiating /home/travis/build/icyphy/ptII/ptolemy/domains/continuous/test/auto/LevelCrossing6.xml
2 ms. Memory: 565760K Free: 170731K (30%)
[...]
----------------- Instantiating /home/travis/build/icyphy/ptII/ptolemy/domains/continuous/test/auto/ResetTransitionWithStartTime6.xml
11 ms. Memory: 847360K Free: 612367K (72%)
----------------- Invoking toplevel() on ptolemy.moml.MoMLSimpleApplication@1b3712f3
----------------- Done invoking toplevel() on ptolemy.moml.MoMLSimpleApplication@1b3712f3
reloadAllAccessors: .ResetTransitionWithStartTime6

===========================================================================================
----------------- testing Wed Jul 11 01:38:00 UTC 2018 /home/travis/build/icyphy/ptII/ptolemy/domains/continuous/test/auto/SRinContinuous.xml
----------------- Instantiating /home/travis/build/icyphy/ptII/ptolemy/domains/continuous/test/auto/SRinContinuous.xml
5 ms. Memory: 847360K Free: 599970K (71%)
----------------- Invoking toplevel() on ptolemy.moml.MoMLSimpleApplication@23344e93
----------------- Done invoking toplevel() on ptolemy.moml.MoMLSimpleApplication@23344e93
reloadAllAccessors: .SRinContinuous

===========================================================================================
----------------- testing Wed Jul 11 01:38:00 UTC 2018 /home/travis/build/icyphy/ptII/ptolemy/domains/continuous/test/auto/SampledClocks.xml
----------------- Instantiating /home/travis/build/icyphy/ptII/ptolemy/domains/continuous/test/auto/SampledClocks.xml
4 ms. Memory: 847360K Free: 587464K (69%)
----------------- Invoking toplevel() on ptolemy.moml.MoMLSimpleApplication@41f6a3cb
----------------- Done invoking toplevel() on ptolemy.moml.MoMLSimpleApplication@41f6a3cb
reloadAllAccessors: .SampledClocks

===========================================================================================
----------------- testing Wed Jul 11 01:38:00 UTC 2018 /home/travis/build/icyphy/ptII/ptolemy/domains/continuous/test/auto/Satellite.xml
----------------- Instantiating /home/travis/build/icyphy/ptII/ptolemy/domains/continuous/test/auto/Satellite.xml
893 ms. Memory: 847360K Free: 402860K (48%)
----------------- Invoking toplevel() on ptolemy.moml.MoMLSimpleApplication@b30ed60
----------------- Done invoking toplevel() on ptolemy.moml.MoMLSimpleApplication@b30ed60
reloadAllAccessors: .Satellite

===========================================================================================
----------------- testing Wed Jul 11 01:38:01 UTC 2018 /home/travis/build/icyphy/ptII/ptolemy/domains/continuous/test/auto/SigmaDelta.xml
----------------- Instantiating /home/travis/build/icyphy/ptII/ptolemy/domains/continuous/test/auto/SigmaDelta.xml
2023 ms. Memory: 847360K Free: 30700K (4%)
----------------- Invoking toplevel() on ptolemy.moml.MoMLSimpleApplication@4803c34c
----------------- Done invoking toplevel() on ptolemy.moml.MoMLSimpleApplication@4803c34c
reloadAllAccessors: .SigmaDelta

===========================================================================================
----------------- testing Wed Jul 11 01:38:03 UTC 2018 /home/travis/build/icyphy/ptII/ptolemy/domains/continuous/test/auto/SinuBouncingBall.xml
----------------- Instantiating /home/travis/build/icyphy/ptII/ptolemy/domains/continuous/test/auto/SinuBouncingBall.xml
658 ms. Memory: 811008K Free: 535543K (66%)
----------------- Invoking toplevel() on ptolemy.moml.MoMLSimpleApplication@7e330260
----------------- Done invoking toplevel() on ptolemy.moml.MoMLSimpleApplication@7e330260
reloadAllAccessors: .SinuBouncingBall

===========================================================================================
----------------- testing Wed Jul 11 01:38:04 UTC 2018 /home/travis/build/icyphy/ptII/ptolemy/domains/continuous/test/auto/Sinusoid.xml
----------------- Instantiating /home/travis/build/icyphy/ptII/ptolemy/domains/continuous/test/auto/Sinusoid.xml
4 ms. Memory: 811008K Free: 527228K (65%)
----------------- Invoking toplevel() on ptolemy.moml.MoMLSimpleApplication@78c4424c
----------------- Done invoking toplevel() on ptolemy.moml.MoMLSimpleApplication@78c4424c
reloadAllAccessors: .Sinusoid

===========================================================================================
----------------- testing Wed Jul 11 01:38:04 UTC 2018 /home/travis/build/icyphy/ptII/ptolemy/domains/continuous/test/auto/SinusoidInNoise.xml
----------------- Instantiating /home/travis/build/icyphy/ptII/ptolemy/domains/continuous/test/auto/SinusoidInNoise.xml
867 ms. Memory: 811008K Free: 322193K (40%)
----------------- Invoking toplevel() on ptolemy.moml.MoMLSimpleApplication@1653d5c2
----------------- Done invoking toplevel() on ptolemy.moml.MoMLSimpleApplication@1653d5c2
reloadAllAccessors: .SinusoidInNoise

===========================================================================================
----------------- testing Wed Jul 11 01:38:05 UTC 2018 /home/travis/build/icyphy/ptII/ptolemy/domains/continuous/test/auto/SinusoidRK45.xml
----------------- Instantiating /home/travis/build/icyphy/ptII/ptolemy/domains/continuous/test/auto/SinusoidRK45.xml
2 ms. Memory: 811008K Free: 314024K (39%)
----------------- Invoking toplevel() on ptolemy.moml.MoMLSimpleApplication@2f1bc4c7
----------------- Done invoking toplevel() on ptolemy.moml.MoMLSimpleApplication@2f1bc4c7
reloadAllAccessors: .SinusoidRK45

===========================================================================================
----------------- testing Wed Jul 11 01:38:05 UTC 2018 /home/travis/build/icyphy/ptII/ptolemy/domains/continuous/test/auto/SinusoidWithMultipleImpulses.xml
----------------- Instantiating /home/travis/build/icyphy/ptII/ptolemy/domains/continuous/test/auto/SinusoidWithMultipleImpulses.xml
3 ms. Memory: 811008K Free: 305710K (38%)
----------------- Invoking toplevel() on ptolemy.moml.MoMLSimpleApplication@eee36a5
----------------- Done invoking toplevel() on ptolemy.moml.MoMLSimpleApplication@eee36a5
reloadAllAccessors: .SinusoidWithMultipleImpulses

===========================================================================================
----------------- testing Wed Jul 11 01:38:05 UTC 2018 /home/travis/build/icyphy/ptII/ptolemy/domains/continuous/test/auto/SquareWave.xml
----------------- Instantiating /home/travis/build/icyphy/ptII/ptolemy/domains/continuous/test/auto/SquareWave.xml
146 ms. Memory: 811008K Free: 275637K (34%)
----------------- Invoking toplevel() on ptolemy.moml.MoMLSimpleApplication@6307c99
----------------- Done invoking toplevel() on ptolemy.moml.MoMLSimpleApplication@6307c99
reloadAllAccessors: .SquareWave

===========================================================================================
----------------- testing Wed Jul 11 01:38:05 UTC 2018 /home/travis/build/icyphy/ptII/ptolemy/domains/continuous/test/auto/Starmac.xml
----------------- Instantiating /home/travis/build/icyphy/ptII/ptolemy/domains/continuous/test/auto/Starmac.xml
3045 ms. Memory: 781824K Free: 597972K (76%)
----------------- Invoking toplevel() on ptolemy.moml.MoMLSimpleApplication@15094928
----------------- Done invoking toplevel() on ptolemy.moml.MoMLSimpleApplication@15094928
reloadAllAccessors: .Starmac

===========================================================================================
----------------- testing Wed Jul 11 01:38:09 UTC 2018 /home/travis/build/icyphy/ptII/ptolemy/domains/continuous/test/auto/StaticUnits.xml
----------------- Instantiating /home/travis/build/icyphy/ptII/ptolemy/domains/continuous/test/auto/StaticUnits.xml
2172 ms. Memory: 781824K Free: 127378K (16%)
----------------- Invoking toplevel() on ptolemy.moml.MoMLSimpleApplication@3d097225
----------------- Done invoking toplevel() on ptolemy.moml.MoMLSimpleApplication@3d097225
reloadAllAccessors: .StaticUnits

===========================================================================================
----------------- testing Wed Jul 11 01:38:11 UTC 2018 /home/travis/build/icyphy/ptII/ptolemy/domains/continuous/test/auto/StickyMasses.xml
----------------- Instantiating /home/travis/build/icyphy/ptII/ptolemy/domains/continuous/test/auto/StickyMasses.xml
123 ms. Memory: 781824K Free: 67410K (9%)
----------------- Invoking toplevel() on ptolemy.moml.MoMLSimpleApplication@5f8dab29
----------------- Done invoking toplevel() on ptolemy.moml.MoMLSimpleApplication@5f8dab29
reloadAllAccessors: .StickyMasses

===========================================================================================
----------------- testing Wed Jul 11 01:38:11 UTC 2018 /home/travis/build/icyphy/ptII/ptolemy/domains/continuous/test/auto/StopTime.xml
----------------- Instantiating /home/travis/build/icyphy/ptII/ptolemy/domains/continuous/test/auto/StopTime.xml
34 ms. Memory: 781824K Free: 38709K (5%)
----------------- Invoking toplevel() on ptolemy.moml.MoMLSimpleApplication@10f811de
----------------- Done invoking toplevel() on ptolemy.moml.MoMLSimpleApplication@10f811de
reloadAllAccessors: .StopTime

===========================================================================================
----------------- testing Wed Jul 11 01:38:11 UTC 2018 /home/travis/build/icyphy/ptII/ptolemy/domains/continuous/test/auto/StopTime2.xml
----------------- Instantiating /home/travis/build/icyphy/ptII/ptolemy/domains/continuous/test/auto/StopTime2.xml
49 ms. Memory: 743424K Free: 669313K (90%)
----------------- Invoking toplevel() on ptolemy.moml.MoMLSimpleApplication@752f94
----------------- Done invoking toplevel() on ptolemy.moml.MoMLSimpleApplication@752f94
reloadAllAccessors: .StopTime2

===========================================================================================
----------------- testing Wed Jul 11 01:38:11 UTC 2018 /home/travis/build/icyphy/ptII/ptolemy/domains/continuous/test/auto/Switch.xml
----------------- Instantiating /home/travis/build/icyphy/ptII/ptolemy/domains/continuous/test/auto/Switch.xml
37 ms. Memory: 743424K Free: 636815K (86%)
----------------- Invoking toplevel() on ptolemy.moml.MoMLSimpleApplication@1773a7be
----------------- Done invoking toplevel() on ptolemy.moml.MoMLSimpleApplication@1773a7be
reloadAllAccessors: .Switch

===========================================================================================
----------------- testing Wed Jul 11 01:38:11 UTC 2018 /home/travis/build/icyphy/ptII/ptolemy/domains/continuous/test/auto/Thermostat.xml
----------------- Instantiating /home/travis/build/icyphy/ptII/ptolemy/domains/continuous/test/auto/Thermostat.xml
168 ms. Memory: 743424K Free: 559603K (75%)
----------------- Invoking toplevel() on ptolemy.moml.MoMLSimpleApplication@1950959
----------------- Done invoking toplevel() on ptolemy.moml.MoMLSimpleApplication@1950959
reloadAllAccessors: .Thermostat

===========================================================================================
----------------- testing Wed Jul 11 01:38:12 UTC 2018 /home/travis/build/icyphy/ptII/ptolemy/domains/continuous/test/auto/TimeDelay.xml
----------------- Instantiating /home/travis/build/icyphy/ptII/ptolemy/domains/continuous/test/auto/TimeDelay.xml
5 ms. Memory: 743424K Free: 552050K (74%)
----------------- Invoking toplevel() on ptolemy.moml.MoMLSimpleApplication@5380969d
----------------- Done invoking toplevel() on ptolemy.moml.MoMLSimpleApplication@5380969d
reloadAllAccessors: .TimeDelay

===========================================================================================
----------------- testing Wed Jul 11 01:38:12 UTC 2018 /home/travis/build/icyphy/ptII/ptolemy/domains/continuous/test/auto/TimeDelay2.xml
----------------- Instantiating /home/travis/build/icyphy/ptII/ptolemy/domains/continuous/test/auto/TimeDelay2.xml
7 ms. Memory: 743424K Free: 541172K (73%)
----------------- Invoking toplevel() on ptolemy.moml.MoMLSimpleApplication@337978f4
----------------- Done invoking toplevel() on ptolemy.moml.MoMLSimpleApplication@337978f4
reloadAllAccessors: .TimeDelay2

===========================================================================================
----------------- testing Wed Jul 11 01:38:12 UTC 2018 /home/travis/build/icyphy/ptII/ptolemy/domains/continuous/test/auto/TimeDelay3.xml
----------------- Instantiating /home/travis/build/icyphy/ptII/ptolemy/domains/continuous/test/auto/TimeDelay3.xml
2 ms. Memory: 743424K Free: 533619K (72%)
----------------- Invoking toplevel() on ptolemy.moml.MoMLSimpleApplication@28b5d4b8
----------------- Done invoking toplevel() on ptolemy.moml.MoMLSimpleApplication@28b5d4b8
reloadAllAccessors: .TimeDelay3

===========================================================================================
----------------- testing Wed Jul 11 01:38:12 UTC 2018 /home/travis/build/icyphy/ptII/ptolemy/domains/continuous/test/auto/TransferAbsentToInside.xml
----------------- Instantiating /home/travis/build/icyphy/ptII/ptolemy/domains/continuous/test/auto/TransferAbsentToInside.xml
50 ms. Memory: 743424K Free: 472966K (64%)
----------------- Invoking toplevel() on ptolemy.moml.MoMLSimpleApplication@192cb5d7
----------------- Done invoking toplevel() on ptolemy.moml.MoMLSimpleApplication@192cb5d7
reloadAllAccessors: .TransferAbsentToInside

===========================================================================================
----------------- testing Wed Jul 11 01:38:12 UTC 2018 /home/travis/build/icyphy/ptII/ptolemy/domains/continuous/test/auto/Transmission.xml
----------------- Instantiating /home/travis/build/icyphy/ptII/ptolemy/domains/continuous/test/auto/Transmission.xml
698 ms. Memory: 743424K Free: 230152K (31%)
----------------- Invoking toplevel() on ptolemy.moml.MoMLSimpleApplication@98870e6
----------------- Done invoking toplevel() on ptolemy.moml.MoMLSimpleApplication@98870e6
reloadAllAccessors: .Transmission

===========================================================================================
----------------- testing Wed Jul 11 01:38:13 UTC 2018 /home/travis/build/icyphy/ptII/ptolemy/domains/continuous/test/auto/TriggeredContinuousClock.xml
----------------- Instantiating /home/travis/build/icyphy/ptII/ptolemy/domains/continuous/test/auto/TriggeredContinuousClock.xml
34 ms. Memory: 743424K Free: 196002K (26%)
----------------- Invoking toplevel() on ptolemy.moml.MoMLSimpleApplication@45442183
----------------- Done invoking toplevel() on ptolemy.moml.MoMLSimpleApplication@45442183
reloadAllAccessors: .TriggeredContinuousClock

===========================================================================================
----------------- testing Wed Jul 11 01:38:13 UTC 2018 /home/travis/build/icyphy/ptII/ptolemy/domains/continuous/test/auto/TwoMachineInfiniteBusControl.xml
----------------- Instantiating /home/travis/build/icyphy/ptII/ptolemy/domains/continuous/test/auto/TwoMachineInfiniteBusControl.xml
2597 ms. Memory: 720384K Free: 273236K (38%)
----------------- Invoking toplevel() on ptolemy.moml.MoMLSimpleApplication@f9e8616
----------------- Done invoking toplevel() on ptolemy.moml.MoMLSimpleApplication@f9e8616
reloadAllAccessors: .TwoMachineInfiniteBusControl

===========================================================================================
----------------- testing Wed Jul 11 01:38:15 UTC 2018 /home/travis/build/icyphy/ptII/ptolemy/domains/continuous/test/auto/V2V.xml
----------------- Instantiating /home/travis/build/icyphy/ptII/ptolemy/domains/continuous/test/auto/V2V.xml
700 ms. Memory: 720384K Free: 77567K (11%)
----------------- Invoking toplevel() on ptolemy.moml.MoMLSimpleApplication@6882c322
----------------- Done invoking toplevel() on ptolemy.moml.MoMLSimpleApplication@6882c322
reloadAllAccessors: .V2V

===========================================================================================
----------------- testing Wed Jul 11 01:38:16 UTC 2018 /home/travis/build/icyphy/ptII/ptolemy/domains/continuous/test/auto/hierarchicalModalModel.xml
----------------- Instantiating /home/travis/build/icyphy/ptII/ptolemy/domains/continuous/test/auto/hierarchicalModalModel.xml
8 ms. Memory: 720384K Free: 60808K (8%)
----------------- Invoking toplevel() on ptolemy.moml.MoMLSimpleApplication@1d3099f2
----------------- Done invoking toplevel() on ptolemy.moml.MoMLSimpleApplication@1d3099f2
reloadAllAccessors: .hierarchicalModalModel

===========================================================================================
----------------- testing Wed Jul 11 01:38:16 UTC 2018 /home/travis/build/icyphy/ptII/ptolemy/domains/continuous/test/auto/hierarchicalModalModel1.xml
----------------- Instantiating /home/travis/build/icyphy/ptII/ptolemy/domains/continuous/test/auto/hierarchicalModalModel1.xml
8 ms. Memory: 720384K Free: 40897K (6%)
----------------- Invoking toplevel() on ptolemy.moml.MoMLSimpleApplication@4699b53c
----------------- Done invoking toplevel() on ptolemy.moml.MoMLSimpleApplication@4699b53c
reloadAllAccessors: .hierarchicalModalModel1

===========================================================================================
----------------- testing Wed Jul 11 01:38:16 UTC 2018 /home/travis/build/icyphy/ptII/ptolemy/domains/continuous/test/auto/hierarchicalModalModel2.xml
----------------- Instantiating /home/travis/build/icyphy/ptII/ptolemy/domains/continuous/test/auto/hierarchicalModalModel2.xml
16 ms. Memory: 681984K Free: 613703K (90%)
----------------- Invoking toplevel() on ptolemy.moml.MoMLSimpleApplication@6925a66d
----------------- Done invoking toplevel() on ptolemy.moml.MoMLSimpleApplication@6925a66d
reloadAllAccessors: .hierarchicalModalModel2

===========================================================================================
----------------- testing Wed Jul 11 01:38:16 UTC 2018 /home/travis/build/icyphy/ptII/ptolemy/domains/continuous/test/auto/hierarchicalModalModel3.xml
----------------- Instantiating /home/travis/build/icyphy/ptII/ptolemy/domains/continuous/test/auto/hierarchicalModalModel3.xml
5 ms. Memory: 681984K Free: 599090K (88%)
----------------- Invoking toplevel() on ptolemy.moml.MoMLSimpleApplication@479770c4
----------------- Done invoking toplevel() on ptolemy.moml.MoMLSimpleApplication@479770c4
reloadAllAccessors: .hierarchicalModalModel3

===========================================================================================
----------------- testing Wed Jul 11 01:38:16 UTC 2018 /home/travis/build/icyphy/ptII/ptolemy/domains/continuous/test/auto/hierarchicalModalModel4.xml
----------------- Instantiating /home/travis/build/icyphy/ptII/ptolemy/domains/continuous/test/auto/hierarchicalModalModel4.xml
4 ms. Memory: 681984K Free: 583148K (86%)
----------------- Invoking toplevel() on ptolemy.moml.MoMLSimpleApplication@6f0beff5
----------------- Done invoking toplevel() on ptolemy.moml.MoMLSimpleApplication@6f0beff5
reloadAllAccessors: .hierarchicalModalModel4

===========================================================================================
----------------- testing Wed Jul 11 01:38:16 UTC 2018 /home/travis/build/icyphy/ptII/ptolemy/domains/continuous/test/auto/junk.xml
----------------- Instantiating /home/travis/build/icyphy/ptII/ptolemy/domains/continuous/test/auto/junk.xml
131 ms. Memory: 681984K Free: 549203K (81%)
----------------- Invoking toplevel() on ptolemy.moml.MoMLSimpleApplication@5642c911
----------------- Done invoking toplevel() on ptolemy.moml.MoMLSimpleApplication@5642c911
reloadAllAccessors: .junk
AutoTests.java: About to close Vertx.
AutoTests.java: Vertx closed.
]]></system-out>
  <system-err><![CDATA[Warning: '.HysteresisWithRandomDelay.NonStrictTest' The test produced only 221 tokens, yet the correctValues parameter was expecting 222 tokens.
Warning: '.HysteresisWithRandomDelay.NonStrictTest2' The test produced only 220 tokens, yet the correctValues parameter was expecting 221 tokens.
Warning: '.HysteresisWithRandomDelay.NonStrictTest3' The test produced only 23 tokens, yet the correctValues parameter was expecting 30 tokens.
Warning: '.Poisson.NonStrictTest' The test produced only 390 tokens, yet the correctValues parameter was expecting 430 tokens.
]]></system-err>
</testsuite>
