<?xml version="1.0" encoding="UTF-8" ?>
<testsuite errors="0" failures="0" hostname="travis-job-ce42f304-b394-41b5-83dd-cf167763748a" name="ptolemy.domains.de.test.junit.JUnitTclTest" skipped="0" tests="101" time="132.65" timestamp="2018-06-12T00:09:38">
  <properties>
[...]
</properties>
  <testcase classname="ptolemy.util.test.junit.TclTests" name="[0] /home/travis/build/icyphy/ptII/ptolemy/domains/de/test/DependencyLoop.tcl (RunTclFile)" time="0.824" />
  <testcase classname="ptolemy.util.test.junit.TclTests" name="[1] /home/travis/build/icyphy/ptII/ptolemy/domains/de/test/RunDETestsAsQSS.tcl (RunTclFile)" time="92.637" />
  <testcase classname="ptolemy.util.test.junit.AutoKnownFailedTests" name="[0] /home/travis/build/icyphy/ptII/ptolemy/domains/de/test/auto/knownFailedTests/DESDFClockTest.xml (RunModel)" time="2.031" />
  <testcase classname="ptolemy.util.test.junit.AutoKnownFailedTests" name="[1] /home/travis/build/icyphy/ptII/ptolemy/domains/de/test/auto/knownFailedTests/DirectFeedback.xml (RunModel)" time="0.015" />
  <testcase classname="ptolemy.util.test.junit.AutoKnownFailedTests" name="[2] /home/travis/build/icyphy/ptII/ptolemy/domains/de/test/auto/knownFailedTests/FSMSource.xml (RunModel)" time="0.023" />
  <testcase classname="ptolemy.util.test.junit.AutoKnownFailedTests" name="[3] /home/travis/build/icyphy/ptII/ptolemy/domains/de/test/auto/knownFailedTests/HierarchicalModel.xml (RunModel)" time="0.034" />
  <testcase classname="ptolemy.util.test.junit.AutoKnownFailedTests" name="[4] /home/travis/build/icyphy/ptII/ptolemy/domains/de/test/auto/knownFailedTests/dependencyLoop.xml (RunModel)" time="0.027" />
  <testcase classname="ptolemy.util.test.junit.AutoKnownFailedTests" name="[5] /home/travis/build/icyphy/ptII/ptolemy/domains/de/test/auto/knownFailedTests/dependencyLoop2.xml (RunModel)" time="0.029" />
  <testcase classname="ptolemy.util.test.junit.AutoNameArchTests" name="[0] ThereAreNoAutoArchTests (RunModel)" time="0.001" />
  <testcase classname="ptolemy.util.test.junit.AutoTests" name="[0] /home/travis/build/icyphy/ptII/ptolemy/domains/de/test/auto/ActorDepthCalculation_actorWithoutPorts.xml (RunModel)" time="0.012" />
  <testcase classname="ptolemy.util.test.junit.AutoTests" name="[1] /home/travis/build/icyphy/ptII/ptolemy/domains/de/test/auto/AssemblyLine.xml (RunModel)" time="0.01" />
  <testcase classname="ptolemy.util.test.junit.AutoTests" name="[2] /home/travis/build/icyphy/ptII/ptolemy/domains/de/test/auto/CQBug1.xml (RunModel)" time="0.005" />
  <testcase classname="ptolemy.util.test.junit.AutoTests" name="[3] /home/travis/build/icyphy/ptII/ptolemy/domains/de/test/auto/CancelFireAt.xml (RunModel)" time="0.004" />
  <testcase classname="ptolemy.util.test.junit.AutoTests" name="[4] /home/travis/build/icyphy/ptII/ptolemy/domains/de/test/auto/CausalityAndComposabilityAnalysis.xml (RunModel)" time="0.007" />
  <testcase classname="ptolemy.util.test.junit.AutoTests" name="[5] /home/travis/build/icyphy/ptII/ptolemy/domains/de/test/auto/CausalityInterface1.xml (RunModel)" time="0.008" />
  <testcase classname="ptolemy.util.test.junit.AutoTests" name="[6] /home/travis/build/icyphy/ptII/ptolemy/domains/de/test/auto/CausalityInterface15.xml (RunModel)" time="0.009" />
  <testcase classname="ptolemy.util.test.junit.AutoTests" name="[7] /home/travis/build/icyphy/ptII/ptolemy/domains/de/test/auto/CausalityInterface2.xml (RunModel)" time="0.007" />
  <testcase classname="ptolemy.util.test.junit.AutoTests" name="[8] /home/travis/build/icyphy/ptII/ptolemy/domains/de/test/auto/CausalityInterface3.xml (RunModel)" time="0.009" />
  <testcase classname="ptolemy.util.test.junit.AutoTests" name="[9] /home/travis/build/icyphy/ptII/ptolemy/domains/de/test/auto/ClockDrift.xml (RunModel)" time="0.023" />
  <testcase classname="ptolemy.util.test.junit.AutoTests" name="[10] /home/travis/build/icyphy/ptII/ptolemy/domains/de/test/auto/ClockDriftAndValueChange.xml (RunModel)" time="0.022" />
  <testcase classname="ptolemy.util.test.junit.AutoTests" name="[11] /home/travis/build/icyphy/ptII/ptolemy/domains/de/test/auto/ClockDriftChange.xml (RunModel)" time="0.018" />
  <testcase classname="ptolemy.util.test.junit.AutoTests" name="[12] /home/travis/build/icyphy/ptII/ptolemy/domains/de/test/auto/ComposableCausalityAnalysis.xml (RunModel)" time="0.012" />
  <testcase classname="ptolemy.util.test.junit.AutoTests" name="[13] /home/travis/build/icyphy/ptII/ptolemy/domains/de/test/auto/DEFixedPointLimitation.xml (RunModel)" time="0.006" />
  <testcase classname="ptolemy.util.test.junit.AutoTests" name="[14] /home/travis/build/icyphy/ptII/ptolemy/domains/de/test/auto/DEScheduleTest.xml (RunModel)" time="0.007" />
  <testcase classname="ptolemy.util.test.junit.AutoTests" name="[15] /home/travis/build/icyphy/ptII/ptolemy/domains/de/test/auto/DEinDEwithStartTimes.xml (RunModel)" time="0.009" />
  <testcase classname="ptolemy.util.test.junit.AutoTests" name="[16] /home/travis/build/icyphy/ptII/ptolemy/domains/de/test/auto/DEinDEwithStartTimes2.xml (RunModel)" time="0.009" />
  <testcase classname="ptolemy.util.test.junit.AutoTests" name="[17] /home/travis/build/icyphy/ptII/ptolemy/domains/de/test/auto/DateDemo.xml (RunModel)" time="0.019" />
  <testcase classname="ptolemy.util.test.junit.AutoTests" name="[18] /home/travis/build/icyphy/ptII/ptolemy/domains/de/test/auto/DateToEvent.xml (RunModel)" time="2.027" />
  <testcase classname="ptolemy.util.test.junit.AutoTests" name="[19] /home/travis/build/icyphy/ptII/ptolemy/domains/de/test/auto/DepthTest1.xml (RunModel)" time="0.01" />
  <testcase classname="ptolemy.util.test.junit.AutoTests" name="[20] /home/travis/build/icyphy/ptII/ptolemy/domains/de/test/auto/DepthTest2.xml (RunModel)" time="0.011" />
  <testcase classname="ptolemy.util.test.junit.AutoTests" name="[21] /home/travis/build/icyphy/ptII/ptolemy/domains/de/test/auto/DepthTest3.xml (RunModel)" time="0.005" />
  <testcase classname="ptolemy.util.test.junit.AutoTests" name="[22] /home/travis/build/icyphy/ptII/ptolemy/domains/de/test/auto/DepthTest4.xml (RunModel)" time="0.007" />
  <testcase classname="ptolemy.util.test.junit.AutoTests" name="[23] /home/travis/build/icyphy/ptII/ptolemy/domains/de/test/auto/DepthTest5.xml (RunModel)" time="0.009" />
  <testcase classname="ptolemy.util.test.junit.AutoTests" name="[24] /home/travis/build/icyphy/ptII/ptolemy/domains/de/test/auto/DepthTest6.xml (RunModel)" time="0.014" />
  <testcase classname="ptolemy.util.test.junit.AutoTests" name="[25] /home/travis/build/icyphy/ptII/ptolemy/domains/de/test/auto/DepthTest7.xml (RunModel)" time="0.021" />
  <testcase classname="ptolemy.util.test.junit.AutoTests" name="[26] /home/travis/build/icyphy/ptII/ptolemy/domains/de/test/auto/EventToDate.xml (RunModel)" time="3.027" />
  <testcase classname="ptolemy.util.test.junit.AutoTests" name="[27] /home/travis/build/icyphy/ptII/ptolemy/domains/de/test/auto/FSM1.xml (RunModel)" time="0.044" />
  <testcase classname="ptolemy.util.test.junit.AutoTests" name="[28] /home/travis/build/icyphy/ptII/ptolemy/domains/de/test/auto/FSM7.xml (RunModel)" time="0.037" />
  <testcase classname="ptolemy.util.test.junit.AutoTests" name="[29] /home/travis/build/icyphy/ptII/ptolemy/domains/de/test/auto/Inspection.xml (RunModel)" time="0.029" />
  <testcase classname="ptolemy.util.test.junit.AutoTests" name="[30] /home/travis/build/icyphy/ptII/ptolemy/domains/de/test/auto/Iteration.xml (RunModel)" time="0.016" />
  <testcase classname="ptolemy.util.test.junit.AutoTests" name="[31] /home/travis/build/icyphy/ptII/ptolemy/domains/de/test/auto/LineFault.xml (RunModel)" time="0.481" />
  <testcase classname="ptolemy.util.test.junit.AutoTests" name="[32] /home/travis/build/icyphy/ptII/ptolemy/domains/de/test/auto/MergeModel1Add.xml (RunModel)" time="0.037" />
  <testcase classname="ptolemy.util.test.junit.AutoTests" name="[33] /home/travis/build/icyphy/ptII/ptolemy/domains/de/test/auto/MergeModel2Add.xml (RunModel)" time="0.038" />
  <testcase classname="ptolemy.util.test.junit.AutoTests" name="[34] /home/travis/build/icyphy/ptII/ptolemy/domains/de/test/auto/MergeModel3Add.xml (RunModel)" time="0.038" />
  <testcase classname="ptolemy.util.test.junit.AutoTests" name="[35] /home/travis/build/icyphy/ptII/ptolemy/domains/de/test/auto/MergeWithoutDiscard.xml (RunModel)" time="0.009" />
  <testcase classname="ptolemy.util.test.junit.AutoTests" name="[36] /home/travis/build/icyphy/ptII/ptolemy/domains/de/test/auto/Modal1.xml (RunModel)" time="0.024" />
  <testcase classname="ptolemy.util.test.junit.AutoTests" name="[37] /home/travis/build/icyphy/ptII/ptolemy/domains/de/test/auto/Modal2.xml (RunModel)" time="0.027" />
  <testcase classname="ptolemy.util.test.junit.AutoTests" name="[38] /home/travis/build/icyphy/ptII/ptolemy/domains/de/test/auto/Modal3.xml (RunModel)" time="0.029" />
  <testcase classname="ptolemy.util.test.junit.AutoTests" name="[39] /home/travis/build/icyphy/ptII/ptolemy/domains/de/test/auto/Modal4.xml (RunModel)" time="0.028" />
  <testcase classname="ptolemy.util.test.junit.AutoTests" name="[40] /home/travis/build/icyphy/ptII/ptolemy/domains/de/test/auto/Modal5.xml (RunModel)" time="0.028" />
  <testcase classname="ptolemy.util.test.junit.AutoTests" name="[41] /home/travis/build/icyphy/ptII/ptolemy/domains/de/test/auto/Modal6.xml (RunModel)" time="0.034" />
  <testcase classname="ptolemy.util.test.junit.AutoTests" name="[42] /home/travis/build/icyphy/ptII/ptolemy/domains/de/test/auto/Modal7.xml (RunModel)" time="0.033" />
  <testcase classname="ptolemy.util.test.junit.AutoTests" name="[43] /home/travis/build/icyphy/ptII/ptolemy/domains/de/test/auto/ModalModel.xml (RunModel)" time="0.149" />
  <testcase classname="ptolemy.util.test.junit.AutoTests" name="[44] /home/travis/build/icyphy/ptII/ptolemy/domains/de/test/auto/ModalSource.xml (RunModel)" time="0.013" />
  <testcase classname="ptolemy.util.test.junit.AutoTests" name="[45] /home/travis/build/icyphy/ptII/ptolemy/domains/de/test/auto/NonInterruptibleTimerZeroDelay.xml (RunModel)" time="0.011" />
  <testcase classname="ptolemy.util.test.junit.AutoTests" name="[46] /home/travis/build/icyphy/ptII/ptolemy/domains/de/test/auto/OpenQueueingNetwork.xml (RunModel)" time="2.037" />
  <testcase classname="ptolemy.util.test.junit.AutoTests" name="[47] /home/travis/build/icyphy/ptII/ptolemy/domains/de/test/auto/OpenQueuingNetwork.xml (RunModel)" time="0.243" />
  <testcase classname="ptolemy.util.test.junit.AutoTests" name="[48] /home/travis/build/icyphy/ptII/ptolemy/domains/de/test/auto/PeriodicSampler.xml (RunModel)" time="0.009" />
  <testcase classname="ptolemy.util.test.junit.AutoTests" name="[49] /home/travis/build/icyphy/ptII/ptolemy/domains/de/test/auto/PersistentIO.xml (RunModel)" time="0.02" />
  <testcase classname="ptolemy.util.test.junit.AutoTests" name="[50] /home/travis/build/icyphy/ptII/ptolemy/domains/de/test/auto/PortParameterResetOnInitialize.xml (RunModel)" time="0.009" />
  <testcase classname="ptolemy.util.test.junit.AutoTests" name="[51] /home/travis/build/icyphy/ptII/ptolemy/domains/de/test/auto/PortParameterUpdates.xml (RunModel)" time="0.014" />
  <testcase classname="ptolemy.util.test.junit.AutoTests" name="[52] /home/travis/build/icyphy/ptII/ptolemy/domains/de/test/auto/QueueAndServer.xml (RunModel)" time="0.019" />
  <testcase classname="ptolemy.util.test.junit.AutoTests" name="[53] /home/travis/build/icyphy/ptII/ptolemy/domains/de/test/auto/Records.xml (RunModel)" time="0.021" />
  <testcase classname="ptolemy.util.test.junit.AutoTests" name="[54] /home/travis/build/icyphy/ptII/ptolemy/domains/de/test/auto/ResetTransitionWithStartTime1.xml (RunModel)" time="0.019" />
  <testcase classname="ptolemy.util.test.junit.AutoTests" name="[55] /home/travis/build/icyphy/ptII/ptolemy/domains/de/test/auto/ResetTransitionWithStartTime2.xml (RunModel)" time="0.022" />
  <testcase classname="ptolemy.util.test.junit.AutoTests" name="[56] /home/travis/build/icyphy/ptII/ptolemy/domains/de/test/auto/ResetTransitionWithStartTime3.xml (RunModel)" time="0.02" />
  <testcase classname="ptolemy.util.test.junit.AutoTests" name="[57] /home/travis/build/icyphy/ptII/ptolemy/domains/de/test/auto/ResetTransitionWithStartTime4.xml (RunModel)" time="0.021" />
  <testcase classname="ptolemy.util.test.junit.AutoTests" name="[58] /home/travis/build/icyphy/ptII/ptolemy/domains/de/test/auto/ResettableTimer1.xml (RunModel)" time="0.01" />
  <testcase classname="ptolemy.util.test.junit.AutoTests" name="[59] /home/travis/build/icyphy/ptII/ptolemy/domains/de/test/auto/ResettableTimer2.xml (RunModel)" time="0.013" />
  <testcase classname="ptolemy.util.test.junit.AutoTests" name="[60] /home/travis/build/icyphy/ptII/ptolemy/domains/de/test/auto/ResettableTimer3.xml (RunModel)" time="0.009" />
  <testcase classname="ptolemy.util.test.junit.AutoTests" name="[61] /home/travis/build/icyphy/ptII/ptolemy/domains/de/test/auto/ResettableTimer4.xml (RunModel)" time="0.009" />
  <testcase classname="ptolemy.util.test.junit.AutoTests" name="[62] /home/travis/build/icyphy/ptII/ptolemy/domains/de/test/auto/ResettableTimer5.xml (RunModel)" time="0.009" />
  <testcase classname="ptolemy.util.test.junit.AutoTests" name="[63] /home/travis/build/icyphy/ptII/ptolemy/domains/de/test/auto/ResettableTimer6.xml (RunModel)" time="0.021" />
  <testcase classname="ptolemy.util.test.junit.AutoTests" name="[64] /home/travis/build/icyphy/ptII/ptolemy/domains/de/test/auto/ServerZeroDelay.xml (RunModel)" time="0.014" />
  <testcase classname="ptolemy.util.test.junit.AutoTests" name="[65] /home/travis/build/icyphy/ptII/ptolemy/domains/de/test/auto/SmartSender.xml (RunModel)" time="3.013" />
  <testcase classname="ptolemy.util.test.junit.AutoTests" name="[66] /home/travis/build/icyphy/ptII/ptolemy/domains/de/test/auto/ThreadedComposite.xml (RunModel)" time="0.196" />
  <testcase classname="ptolemy.util.test.junit.AutoTests" name="[67] /home/travis/build/icyphy/ptII/ptolemy/domains/de/test/auto/Time.xml (RunModel)" time="0.477" />
  <testcase classname="ptolemy.util.test.junit.AutoTests" name="[68] /home/travis/build/icyphy/ptII/ptolemy/domains/de/test/auto/TimeDelayZeroDelay.xml (RunModel)" time="0.012" />
  <testcase classname="ptolemy.util.test.junit.AutoTests" name="[69] /home/travis/build/icyphy/ptII/ptolemy/domains/de/test/auto/TimerZeroDelay.xml (RunModel)" time="0.01" />
  <testcase classname="ptolemy.util.test.junit.AutoTests" name="[70] /home/travis/build/icyphy/ptII/ptolemy/domains/de/test/auto/TimingParadox.xml (RunModel)" time="0.353" />
  <testcase classname="ptolemy.util.test.junit.AutoTests" name="[71] /home/travis/build/icyphy/ptII/ptolemy/domains/de/test/auto/TransferInputs.xml (RunModel)" time="0.013" />
  <testcase classname="ptolemy.util.test.junit.AutoTests" name="[72] /home/travis/build/icyphy/ptII/ptolemy/domains/de/test/auto/TransferOutputs2.xml (RunModel)" time="0.016" />
  <testcase classname="ptolemy.util.test.junit.AutoTests" name="[73] /home/travis/build/icyphy/ptII/ptolemy/domains/de/test/auto/Trilateration.xml (RunModel)" time="11.36" />
  <testcase classname="ptolemy.util.test.junit.AutoTests" name="[74] /home/travis/build/icyphy/ptII/ptolemy/domains/de/test/auto/TwoSigmaDelta.xml (RunModel)" time="2.101" />
  <testcase classname="ptolemy.util.test.junit.AutoTests" name="[75] /home/travis/build/icyphy/ptII/ptolemy/domains/de/test/auto/VariableDelay.xml (RunModel)" time="0.012" />
  <testcase classname="ptolemy.util.test.junit.AutoTests" name="[76] /home/travis/build/icyphy/ptII/ptolemy/domains/de/test/auto/VariableDelay2.xml (RunModel)" time="0.008" />
  <testcase classname="ptolemy.util.test.junit.AutoTests" name="[77] /home/travis/build/icyphy/ptII/ptolemy/domains/de/test/auto/VariableDelayZeroDelay.xml (RunModel)" time="0.012" />
  <testcase classname="ptolemy.util.test.junit.AutoTests" name="[78] /home/travis/build/icyphy/ptII/ptolemy/domains/de/test/auto/VariableDelayZeroDelay2.xml (RunModel)" time="0.017" />
  <testcase classname="ptolemy.util.test.junit.AutoTests" name="[79] /home/travis/build/icyphy/ptII/ptolemy/domains/de/test/auto/deInCt.xml (RunModel)" time="0.02" />
  <testcase classname="ptolemy.util.test.junit.AutoTests" name="[80] /home/travis/build/icyphy/ptII/ptolemy/domains/de/test/auto/deInCt2.xml (RunModel)" time="0.015" />
  <testcase classname="ptolemy.util.test.junit.AutoTests" name="[81] /home/travis/build/icyphy/ptII/ptolemy/domains/de/test/auto/dynamicCausalityInterface1.xml (RunModel)" time="0.024" />
  <testcase classname="ptolemy.util.test.junit.AutoTests" name="[82] /home/travis/build/icyphy/ptII/ptolemy/domains/de/test/auto/fsm_de_test.xml (RunModel)" time="0.033" />
  <testcase classname="ptolemy.util.test.junit.AutoTests" name="[83] /home/travis/build/icyphy/ptII/ptolemy/domains/de/test/auto/functionDependencyReconstruction.xml (RunModel)" time="0.033" />
  <testcase classname="ptolemy.util.test.junit.AutoTests" name="[84] /home/travis/build/icyphy/ptII/ptolemy/domains/de/test/auto/multirate.xml (RunModel)" time="0.016" />
  <testcase classname="ptolemy.util.test.junit.AutoTests" name="[85] /home/travis/build/icyphy/ptII/ptolemy/domains/de/test/auto/multirate2.xml (RunModel)" time="0.016" />
  <testcase classname="ptolemy.util.test.junit.AutoTests" name="[86] /home/travis/build/icyphy/ptII/ptolemy/domains/de/test/auto/realtime.xml (RunModel)" time="10.016" />
  <testcase classname="ptolemy.util.test.junit.AutoTests" name="[87] /home/travis/build/icyphy/ptII/ptolemy/domains/de/test/auto/relationGroup.xml (RunModel)" time="0.007" />
  <testcase classname="ptolemy.util.test.junit.AutoTests" name="[88] /home/travis/build/icyphy/ptII/ptolemy/domains/de/test/auto/relationGroup2.xml (RunModel)" time="0.005" />
  <testcase classname="ptolemy.util.test.junit.AutoTests" name="[89] /home/travis/build/icyphy/ptII/ptolemy/domains/de/test/auto/sortWithOpaquePorts.xml (RunModel)" time="0.007" />
  <testcase classname="ptolemy.util.test.junit.AutoTests" name="[90] /home/travis/build/icyphy/ptII/ptolemy/domains/de/test/auto/transferInputsandOutputs.xml (RunModel)" time="0.013" />
  <testcase classname="ptolemy.util.test.junit.AutoTests" name="[91] /home/travis/build/icyphy/ptII/ptolemy/domains/de/test/auto/triggerType.xml (RunModel)" time="0.013" />
  <system-out><![CDATA[/home/travis/build/icyphy/ptII/ptolemy/domains/de/test/DependencyLoop.tcl
testDefs.tcl: setting time out to 9000 seconds at Tue Jun 12 00:09:39 UTC 2018
18 ms. Memory: 116224K Free: 95103K (82%)
6 ms. Memory: 146944K Free: 137818K (94%)
/home/travis/build/icyphy/ptII/ptolemy/domains/de/test/RunDETestsAsQSS.tcl
Run the DE tests using ptolemy.domains.qss.test.QSSDirectorTest, which extends QSSDirector and prints a message in the constructors.
------------------ testing $PTII/ptolemy/domains/de/test/auto/knownFailedTests/dependencyLoop.xml (Known Failure) 
7 ms. Memory: 146944K Free: 133549K (91%)


==== $PTIIhome/travis/build/icyphy/ptII/ptolemy/domains/de/test/../../../../: Auto Automatic test in file $PTII/ptolemy/domains/de/test/auto/knownFailedTests/dependencyLoop.xml
==== Contents of test case:

	    # FIXME: we should use $relativeFilename here, but it
	    # might have backslashes under Windows, which causes no end
	    # of trouble.
	    createAndExecute $file
	    list {}
	
.... Test generated KNOWN error:
    while executing
ptolemy.kernel.util.IllegalActionException: Found a zero delay loop containing .dependencyLoop.original
  in .dependencyLoop and .dependencyLoop.original
	at ptolemy.actor.util.CausalityInterfaceForComposites._computeOutputPortDepth(CausalityInterfaceForComposites.java:759)
	at ptolemy.actor.util.CausalityInterfaceForComposites._computeInputDepth(CausalityInterfaceForComposites.java:696)
	at ptolemy.actor.util.CausalityInterfaceForComposites._computeOutputPortDepth(CausalityInterfaceForComposites.java:765)
	at ptolemy.actor.util.CausalityInterfaceForComposites._computeInputDepth(CausalityInterfaceForComposites.java:696)
	at ptolemy.actor.util.CausalityInterfaceForComposites._computeOutputPortDepth(CausalityInterfaceForComposites.java:765)
	at ptolemy.actor.util.CausalityInterfaceForComposites._computeInputDepth(CausalityInterfaceForComposites.java:696)
	at ptolemy.actor.util.CausalityInterfaceForComposites._computeActorDepth(CausalityInterfaceForComposites.java:532)
	at ptolemy.actor.util.CausalityInterfaceForComposites.checkForCycles(CausalityInterfaceForComposites.java:96)
	at ptolemy.domains.de.kernel.DEDirector.preinitialize(DEDirector.java:1338)
	at ptolemy.actor.CompositeActor.preinitialize(CompositeActor.java:1828)
	at ptolemy.actor.Manager.preinitializeAndResolveTypes(Manager.java:1040)
	at ptolemy.actor.Manager.initialize(Manager.java:710)
	at ptolemy.actor.Manager.execute(Manager.java:356)
	at ptolemy.actor.Manager.run(Manager.java:1263)
	at ptolemy.actor.Manager$PtolemyRunThread.run(Manager.java:1915)

    while executing
ptolemy.kernel.util.IllegalActionException: Found a zero delay loop containing .dependencyLoop.original
  in .dependencyLoop and .dependencyLoop.original
    while executing
"java::new ptolemy.moml.MoMLSimpleApplication $file
"
    (procedure "createAndExecute" line 2)
    invoked from within
"createAndExecute $file"
    ("uplevel" body line 5)
    invoked from within
"uplevel $contents_of_test"
------------------ testing $PTII/ptolemy/domains/de/test/auto/knownFailedTests/DESDFClockTest.xml (Known Failure) 
2080 ms. Memory: 146944K Free: 117707K (80%)


==== $PTIIhome/travis/build/icyphy/ptII/ptolemy/domains/de/test/../../../../: Auto Automatic test in file $PTII/ptolemy/domains/de/test/auto/knownFailedTests/DESDFClockTest.xml
==== Contents of test case:

	    # FIXME: we should use $relativeFilename here, but it
	    # might have backslashes under Windows, which causes no end
	    # of trouble.
	    createAndExecute $file
	    list {}
	
.... Test generated KNOWN error:
    while executing
ptolemy.kernel.util.IllegalActionException: Actor is not ready to fire.  Perhaps UpSample.prefire() returned false? Try debugging the actor by selecting "Listen to Actor".  Also, for SDF check moml for tokenConsumptionRate on input.
  in .DESDFClockTest.Play Bell.Copy1:SDF Director and .DESDFClockTest.Play Bell.UpSample
	at ptolemy.actor.sched.StaticSchedulingDirector.fire(StaticSchedulingDirector.java:227)
	at ptolemy.domains.sdf.kernel.SDFDirector.fire(SDFDirector.java:500)
	at ptolemy.actor.CompositeActor.fire(CompositeActor.java:455)
	at ptolemy.domains.de.kernel.DEDirector._fire(DEDirector.java:1949)
	at ptolemy.domains.de.kernel.DEDirector.fire(DEDirector.java:502)
	at ptolemy.actor.CompositeActor.fire(CompositeActor.java:455)
	at ptolemy.actor.Manager.iterate(Manager.java:851)
	at ptolemy.actor.Manager.execute(Manager.java:369)
	at ptolemy.actor.Manager.run(Manager.java:1263)
	at ptolemy.actor.Manager$PtolemyRunThread.run(Manager.java:1915)

    while executing
ptolemy.kernel.util.IllegalActionException: Actor is not ready to fire.  Perhaps UpSample.prefire() returned false? Try debugging the actor by selecting "Listen to Actor".  Also, for SDF check moml for tokenConsumptionRate on input.
  in .DESDFClockTest.Play Bell.Copy1:SDF Director and .DESDFClockTest.Play Bell.UpSample
    while executing
"java::new ptolemy.moml.MoMLSimpleApplication $file
"
    (procedure "createAndExecute" line 2)
    invoked from within
"createAndExecute $file"
    ("uplevel" body line 5)
    invoked from within
"uplevel $contents_of_test"
------------------ testing $PTII/ptolemy/domains/de/test/auto/knownFailedTests/FSMSource.xml (Known Failure) 
45 ms. Memory: 146944K Free: 108710K (74%)
!!!! Auto was marked as failing, but now passes
------------------ testing $PTII/ptolemy/domains/de/test/auto/knownFailedTests/dependencyLoop2.xml (Known Failure) 
8 ms. Memory: 146944K Free: 106827K (73%)


==== $PTIIhome/travis/build/icyphy/ptII/ptolemy/domains/de/test/../../../../: Auto Automatic test in file $PTII/ptolemy/domains/de/test/auto/knownFailedTests/dependencyLoop2.xml
==== Contents of test case:

	    # FIXME: we should use $relativeFilename here, but it
	    # might have backslashes under Windows, which causes no end
	    # of trouble.
	    createAndExecute $file
	    list {}
	
.... Test generated KNOWN error:
    while executing
ptolemy.kernel.util.IllegalActionException: Found a zero delay loop containing .dependencyLoop2.original
  in .dependencyLoop2 and .dependencyLoop2.original
	at ptolemy.actor.util.CausalityInterfaceForComposites._computeOutputPortDepth(CausalityInterfaceForComposites.java:759)
	at ptolemy.actor.util.CausalityInterfaceForComposites._computeInputDepth(CausalityInterfaceForComposites.java:696)
	at ptolemy.actor.util.CausalityInterfaceForComposites._computeOutputPortDepth(CausalityInterfaceForComposites.java:765)
	at ptolemy.actor.util.CausalityInterfaceForComposites._computeInputDepth(CausalityInterfaceForComposites.java:696)
	at ptolemy.actor.util.CausalityInterfaceForComposites._computeOutputPortDepth(CausalityInterfaceForComposites.java:765)
	at ptolemy.actor.util.CausalityInterfaceForComposites._computeInputDepth(CausalityInterfaceForComposites.java:696)
	at ptolemy.actor.util.CausalityInterfaceForComposites._computeActorDepth(CausalityInterfaceForComposites.java:532)
	at ptolemy.actor.util.CausalityInterfaceForComposites.checkForCycles(CausalityInterfaceForComposites.java:96)
	at ptolemy.domains.de.kernel.DEDirector.preinitialize(DEDirector.java:1338)
	at ptolemy.actor.CompositeActor.preinitialize(CompositeActor.java:1828)
	at ptolemy.actor.Manager.preinitializeAndResolveTypes(Manager.java:1040)
	at ptolemy.actor.Manager.initialize(Manager.java:710)
	at ptolemy.actor.Manager.execute(Manager.java:356)
	at ptolemy.actor.Manager.run(Manager.java:1263)
	at ptolemy.actor.Manager$PtolemyRunThread.run(Manager.java:1915)

    while executing
ptolemy.kernel.util.IllegalActionException: Found a zero delay loop containing .dependencyLoop2.original
  in .dependencyLoop2 and .dependencyLoop2.original
    while executing
"java::new ptolemy.moml.MoMLSimpleApplication $file
"
    (procedure "createAndExecute" line 2)
    invoked from within
"createAndExecute $file"
    ("uplevel" body line 5)
    invoked from within
"uplevel $contents_of_test"
------------------ testing $PTII/ptolemy/domains/de/test/auto/knownFailedTests/HierarchicalModel.xml (Known Failure) 
6 ms. Memory: 146944K Free: 85241K (58%)


==== $PTIIhome/travis/build/icyphy/ptII/ptolemy/domains/de/test/../../../../: Auto Automatic test in file $PTII/ptolemy/domains/de/test/auto/knownFailedTests/HierarchicalModel.xml
==== Contents of test case:

	    # FIXME: we should use $relativeFilename here, but it
	    # might have backslashes under Windows, which causes no end
	    # of trouble.
	    createAndExecute $file
	    list {}
	
.... Test generated KNOWN error:
    while executing
ptolemy.kernel.util.IllegalActionException: Found a zero delay loop containing .HierarchicalModel.A
  in .HierarchicalModel and .HierarchicalModel.A
	at ptolemy.actor.util.CausalityInterfaceForComposites._computeOutputPortDepth(CausalityInterfaceForComposites.java:759)
	at ptolemy.actor.util.CausalityInterfaceForComposites._computeInputDepth(CausalityInterfaceForComposites.java:696)
	at ptolemy.actor.util.CausalityInterfaceForComposites._computeOutputPortDepth(CausalityInterfaceForComposites.java:765)
	at ptolemy.actor.util.CausalityInterfaceForComposites._computeInputDepth(CausalityInterfaceForComposites.java:696)
	at ptolemy.actor.util.CausalityInterfaceForComposites._computeOutputPortDepth(CausalityInterfaceForComposites.java:765)
	at ptolemy.actor.util.CausalityInterfaceForComposites._computeInputDepth(CausalityInterfaceForComposites.java:696)
	at ptolemy.actor.util.CausalityInterfaceForComposites._computeActorDepth(CausalityInterfaceForComposites.java:532)
	at ptolemy.actor.util.CausalityInterfaceForComposites.checkForCycles(CausalityInterfaceForComposites.java:96)
	at ptolemy.domains.de.kernel.DEDirector.preinitialize(DEDirector.java:1338)
	at ptolemy.actor.CompositeActor.preinitialize(CompositeActor.java:1828)
	at ptolemy.actor.Manager.preinitializeAndResolveTypes(Manager.java:1040)
	at ptolemy.actor.Manager.initialize(Manager.java:710)
	at ptolemy.actor.Manager.execute(Manager.java:356)
	at ptolemy.actor.Manager.run(Manager.java:1263)
	at ptolemy.actor.Manager$PtolemyRunThread.run(Manager.java:1915)

    while executing
ptolemy.kernel.util.IllegalActionException: Found a zero delay loop containing .HierarchicalModel.A
  in .HierarchicalModel and .HierarchicalModel.A
    while executing
"java::new ptolemy.moml.MoMLSimpleApplication $file
"
    (procedure "createAndExecute" line 2)
    invoked from within
"createAndExecute $file"
    ("uplevel" body line 5)
    invoked from within
"uplevel $contents_of_test"
------------------ testing $PTII/ptolemy/domains/de/test/auto/knownFailedTests/DirectFeedback.xml (Known Failure) 
21 ms. Memory: 146944K Free: 142294K (97%)


==== $PTIIhome/travis/build/icyphy/ptII/ptolemy/domains/de/test/../../../../: Auto Automatic test in file $PTII/ptolemy/domains/de/test/auto/knownFailedTests/DirectFeedback.xml
==== Contents of test case:

	    # FIXME: we should use $relativeFilename here, but it
	    # might have backslashes under Windows, which causes no end
	    # of trouble.
	    createAndExecute $file
	    list {}
	
.... Test generated KNOWN error:
    while executing
ptolemy.kernel.util.IllegalActionException: Test fails in iteration 1.
Value was: 1.0. Should have been: 2.0
  in .DirectFeedback.Test
	at ptolemy.actor.lib.Test.fire(Test.java:268)
	at ptolemy.domains.de.kernel.DEDirector._fire(DEDirector.java:1949)
	at ptolemy.domains.de.kernel.DEDirector.fire(DEDirector.java:502)
	at ptolemy.actor.CompositeActor.fire(CompositeActor.java:455)
	at ptolemy.actor.Manager.iterate(Manager.java:851)
	at ptolemy.actor.Manager.execute(Manager.java:369)
	at ptolemy.actor.Manager.run(Manager.java:1263)
	at ptolemy.actor.Manager$PtolemyRunThread.run(Manager.java:1915)

    while executing
ptolemy.kernel.util.IllegalActionException: Test fails in iteration 1.
Value was: 1.0. Should have been: 2.0
  in .DirectFeedback.Test
    while executing
"java::new ptolemy.moml.MoMLSimpleApplication $file
"
    (procedure "createAndExecute" line 2)
    invoked from within
"createAndExecute $file"
    ("uplevel" body line 5)
    invoked from within
"uplevel $contents_of_test"
------------------ testing $PTII/ptolemy/domains/de/test/auto/ActorDepthCalculation_actorWithoutPorts.xml
auto.tcl: Setting watchdog for 200 seconds at Tue Jun 12 00:09:42 UTC 2018
5 ms. Memory: 146944K Free: 133648K (91%)
ptolemy.util.test.WatchDog.cancel(): canceling Tue Jun 12 00:09:42 UTC 2018
auto.tcl: Setting watchdog for 200 seconds at Tue Jun 12 00:09:42 UTC 2018
4 ms. Memory: 146944K Free: 132618K (90%)
ptolemy.util.test.WatchDog.cancel(): canceling Tue Jun 12 00:09:42 UTC 2018
------------------ testing $PTII/ptolemy/domains/de/test/auto/AssemblyLine.xml
auto.tcl: Setting watchdog for 200 seconds at Tue Jun 12 00:09:42 UTC 2018
26 ms. Memory: 208384K Free: 182855K (88%)
ptolemy.util.test.WatchDog.cancel(): canceling Tue Jun 12 00:09:43 UTC 2018
auto.tcl: Setting watchdog for 200 seconds at Tue Jun 12 00:09:43 UTC 2018
16 ms. Memory: 208384K Free: 182855K (88%)
ptolemy.util.test.WatchDog.cancel(): canceling Tue Jun 12 00:09:43 UTC 2018
------------------ testing $PTII/ptolemy/domains/de/test/auto/CQBug1.xml
auto.tcl: Setting watchdog for 200 seconds at Tue Jun 12 00:09:43 UTC 2018
16 ms. Memory: 208384K Free: 197726K (95%)
ptolemy.util.test.WatchDog.cancel(): canceling Tue Jun 12 00:09:43 UTC 2018
auto.tcl: Setting watchdog for 200 seconds at Tue Jun 12 00:09:43 UTC 2018
2 ms. Memory: 208384K Free: 197726K (95%)
ptolemy.util.test.WatchDog.cancel(): canceling Tue Jun 12 00:09:43 UTC 2018
------------------ testing $PTII/ptolemy/domains/de/test/auto/CancelFireAt.xml
auto.tcl: Setting watchdog for 200 seconds at Tue Jun 12 00:09:43 UTC 2018
3 ms. Memory: 208384K Free: 201445K (97%)
ptolemy.util.test.WatchDog.cancel(): canceling Tue Jun 12 00:09:43 UTC 2018
auto.tcl: Setting watchdog for 200 seconds at Tue Jun 12 00:09:43 UTC 2018
2 ms. Memory: 208384K Free: 199347K (96%)
ptolemy.util.test.WatchDog.cancel(): canceling Tue Jun 12 00:09:43 UTC 2018
------------------ testing $PTII/ptolemy/domains/de/test/auto/CausalityAndComposabilityAnalysis.xml
auto.tcl: Setting watchdog for 200 seconds at Tue Jun 12 00:09:43 UTC 2018
8 ms. Memory: 208384K Free: 196846K (94%)
ptolemy.util.test.WatchDog.cancel(): canceling Tue Jun 12 00:09:43 UTC 2018
auto.tcl: Setting watchdog for 200 seconds at Tue Jun 12 00:09:43 UTC 2018
10 ms. Memory: 208384K Free: 196846K (94%)
ptolemy.util.test.WatchDog.cancel(): canceling Tue Jun 12 00:09:43 UTC 2018
------------------ testing $PTII/ptolemy/domains/de/test/auto/CausalityInterface1.xml
auto.tcl: Setting watchdog for 200 seconds at Tue Jun 12 00:09:43 UTC 2018
17 ms. Memory: 208384K Free: 196447K (94%)
ptolemy.util.test.WatchDog.cancel(): canceling Tue Jun 12 00:09:43 UTC 2018
auto.tcl: Setting watchdog for 200 seconds at Tue Jun 12 00:09:43 UTC 2018
5 ms. Memory: 208384K Free: 196447K (94%)
ptolemy.util.test.WatchDog.cancel(): canceling Tue Jun 12 00:09:43 UTC 2018
------------------ testing $PTII/ptolemy/domains/de/test/auto/CausalityInterface15.xml
auto.tcl: Setting watchdog for 200 seconds at Tue Jun 12 00:09:43 UTC 2018
11 ms. Memory: 208384K Free: 196435K (94%)
ptolemy.util.test.WatchDog.cancel(): canceling Tue Jun 12 00:09:43 UTC 2018
auto.tcl: Setting watchdog for 200 seconds at Tue Jun 12 00:09:43 UTC 2018
4 ms. Memory: 208384K Free: 196435K (94%)
ptolemy.util.test.WatchDog.cancel(): canceling Tue Jun 12 00:09:43 UTC 2018
------------------ testing $PTII/ptolemy/domains/de/test/auto/CausalityInterface2.xml
auto.tcl: Setting watchdog for 200 seconds at Tue Jun 12 00:09:43 UTC 2018
9 ms. Memory: 208384K Free: 196419K (94%)
ptolemy.util.test.WatchDog.cancel(): canceling Tue Jun 12 00:09:43 UTC 2018
auto.tcl: Setting watchdog for 200 seconds at Tue Jun 12 00:09:43 UTC 2018
3 ms. Memory: 208384K Free: 196419K (94%)
ptolemy.util.test.WatchDog.cancel(): canceling Tue Jun 12 00:09:43 UTC 2018
------------------ testing $PTII/ptolemy/domains/de/test/auto/CausalityInterface3.xml
auto.tcl: Setting watchdog for 200 seconds at Tue Jun 12 00:09:43 UTC 2018
7 ms. Memory: 208384K Free: 196431K (94%)
ptolemy.util.test.WatchDog.cancel(): canceling Tue Jun 12 00:09:43 UTC 2018
auto.tcl: Setting watchdog for 200 seconds at Tue Jun 12 00:09:43 UTC 2018
6 ms. Memory: 208384K Free: 196431K (94%)
ptolemy.util.test.WatchDog.cancel(): canceling Tue Jun 12 00:09:43 UTC 2018
------------------ testing $PTII/ptolemy/domains/de/test/auto/ClockDrift.xml
auto.tcl: Setting watchdog for 200 seconds at Tue Jun 12 00:09:43 UTC 2018
110 ms. Memory: 208384K Free: 187666K (90%)
ptolemy.util.test.WatchDog.cancel(): canceling Tue Jun 12 00:09:44 UTC 2018
auto.tcl: Setting watchdog for 200 seconds at Tue Jun 12 00:09:44 UTC 2018
70 ms. Memory: 208384K Free: 185568K (89%)
ptolemy.util.test.WatchDog.cancel(): canceling Tue Jun 12 00:09:44 UTC 2018
------------------ testing $PTII/ptolemy/domains/de/test/auto/ClockDriftAndValueChange.xml
auto.tcl: Setting watchdog for 200 seconds at Tue Jun 12 00:09:44 UTC 2018
54 ms. Memory: 208384K Free: 187495K (90%)
ptolemy.util.test.WatchDog.cancel(): canceling Tue Jun 12 00:09:44 UTC 2018
auto.tcl: Setting watchdog for 200 seconds at Tue Jun 12 00:09:44 UTC 2018
34 ms. Memory: 208384K Free: 185396K (89%)
ptolemy.util.test.WatchDog.cancel(): canceling Tue Jun 12 00:09:44 UTC 2018
------------------ testing $PTII/ptolemy/domains/de/test/auto/ClockDriftChange.xml
auto.tcl: Setting watchdog for 200 seconds at Tue Jun 12 00:09:44 UTC 2018
39 ms. Memory: 208384K Free: 190820K (92%)
ptolemy.util.test.WatchDog.cancel(): canceling Tue Jun 12 00:09:44 UTC 2018
auto.tcl: Setting watchdog for 200 seconds at Tue Jun 12 00:09:44 UTC 2018
23 ms. Memory: 208384K Free: 188721K (91%)
ptolemy.util.test.WatchDog.cancel(): canceling Tue Jun 12 00:09:44 UTC 2018
------------------ testing $PTII/ptolemy/domains/de/test/auto/ComposableCausalityAnalysis.xml
auto.tcl: Setting watchdog for 200 seconds at Tue Jun 12 00:09:44 UTC 2018
2 ms. Memory: 208384K Free: 196038K (94%)
ptolemy.util.test.WatchDog.cancel(): canceling Tue Jun 12 00:09:44 UTC 2018
auto.tcl: Setting watchdog for 200 seconds at Tue Jun 12 00:09:44 UTC 2018
2 ms. Memory: 208384K Free: 193939K (93%)
ptolemy.util.test.WatchDog.cancel(): canceling Tue Jun 12 00:09:44 UTC 2018
------------------ testing $PTII/ptolemy/domains/de/test/auto/DEFixedPointLimitation.xml
auto.tcl: Setting watchdog for 200 seconds at Tue Jun 12 00:09:44 UTC 2018
2 ms. Memory: 208384K Free: 196118K (94%)
ptolemy.util.test.WatchDog.cancel(): canceling Tue Jun 12 00:09:44 UTC 2018
auto.tcl: Setting watchdog for 200 seconds at Tue Jun 12 00:09:44 UTC 2018
2 ms. Memory: 208384K Free: 196118K (94%)
ptolemy.util.test.WatchDog.cancel(): canceling Tue Jun 12 00:09:44 UTC 2018
------------------ testing $PTII/ptolemy/domains/de/test/auto/DEScheduleTest.xml
auto.tcl: Setting watchdog for 200 seconds at Tue Jun 12 00:09:44 UTC 2018
8 ms. Memory: 208384K Free: 198252K (95%)
ptolemy.util.test.WatchDog.cancel(): canceling Tue Jun 12 00:09:44 UTC 2018
auto.tcl: Setting watchdog for 200 seconds at Tue Jun 12 00:09:44 UTC 2018
6 ms. Memory: 208384K Free: 196154K (94%)
ptolemy.util.test.WatchDog.cancel(): canceling Tue Jun 12 00:09:44 UTC 2018
------------------ testing $PTII/ptolemy/domains/de/test/auto/DEinDEwithStartTimes.xml
auto.tcl: Setting watchdog for 200 seconds at Tue Jun 12 00:09:44 UTC 2018
8 ms. Memory: 208384K Free: 196123K (94%)
ptolemy.util.test.WatchDog.cancel(): canceling Tue Jun 12 00:09:45 UTC 2018
auto.tcl: Setting watchdog for 200 seconds at Tue Jun 12 00:09:45 UTC 2018
4 ms. Memory: 208384K Free: 194025K (93%)
ptolemy.util.test.WatchDog.cancel(): canceling Tue Jun 12 00:09:45 UTC 2018
------------------ testing $PTII/ptolemy/domains/de/test/auto/DEinDEwithStartTimes2.xml
auto.tcl: Setting watchdog for 200 seconds at Tue Jun 12 00:09:45 UTC 2018
12 ms. Memory: 208384K Free: 196102K (94%)
ptolemy.util.test.WatchDog.cancel(): canceling Tue Jun 12 00:09:45 UTC 2018
auto.tcl: Setting watchdog for 200 seconds at Tue Jun 12 00:09:45 UTC 2018
5 ms. Memory: 208384K Free: 194004K (93%)
ptolemy.util.test.WatchDog.cancel(): canceling Tue Jun 12 00:09:45 UTC 2018
------------------ testing $PTII/ptolemy/domains/de/test/auto/DateDemo.xml
auto.tcl: Setting watchdog for 200 seconds at Tue Jun 12 00:09:45 UTC 2018
16 ms. Memory: 208384K Free: 188544K (90%)
ptolemy.util.test.WatchDog.cancel(): canceling Tue Jun 12 00:09:45 UTC 2018
auto.tcl: Setting watchdog for 200 seconds at Tue Jun 12 00:09:45 UTC 2018
10 ms. Memory: 208384K Free: 186446K (89%)
ptolemy.util.test.WatchDog.cancel(): canceling Tue Jun 12 00:09:45 UTC 2018
------------------ testing $PTII/ptolemy/domains/de/test/auto/DateToEvent.xml
auto.tcl: Setting watchdog for 200 seconds at Tue Jun 12 00:09:45 UTC 2018
2016 ms. Memory: 208384K Free: 183278K (88%)
ptolemy.util.test.WatchDog.cancel(): canceling Tue Jun 12 00:09:47 UTC 2018
auto.tcl: Setting watchdog for 200 seconds at Tue Jun 12 00:09:47 UTC 2018
2006 ms. Memory: 208384K Free: 180820K (87%)
ptolemy.util.test.WatchDog.cancel(): canceling Tue Jun 12 00:09:49 UTC 2018
------------------ testing $PTII/ptolemy/domains/de/test/auto/DepthTest1.xml
auto.tcl: Setting watchdog for 200 seconds at Tue Jun 12 00:09:49 UTC 2018
5 ms. Memory: 208384K Free: 197780K (95%)
ptolemy.util.test.WatchDog.cancel(): canceling Tue Jun 12 00:09:49 UTC 2018
auto.tcl: Setting watchdog for 200 seconds at Tue Jun 12 00:09:49 UTC 2018
2 ms. Memory: 208384K Free: 197780K (95%)
ptolemy.util.test.WatchDog.cancel(): canceling Tue Jun 12 00:09:49 UTC 2018
------------------ testing $PTII/ptolemy/domains/de/test/auto/DepthTest2.xml
auto.tcl: Setting watchdog for 200 seconds at Tue Jun 12 00:09:49 UTC 2018
3 ms. Memory: 208384K Free: 193984K (93%)
ptolemy.util.test.WatchDog.cancel(): canceling Tue Jun 12 00:09:49 UTC 2018
auto.tcl: Setting watchdog for 200 seconds at Tue Jun 12 00:09:49 UTC 2018
4 ms. Memory: 208384K Free: 193984K (93%)
ptolemy.util.test.WatchDog.cancel(): canceling Tue Jun 12 00:09:49 UTC 2018
------------------ testing $PTII/ptolemy/domains/de/test/auto/DepthTest3.xml
auto.tcl: Setting watchdog for 200 seconds at Tue Jun 12 00:09:49 UTC 2018
3 ms. Memory: 208384K Free: 198114K (95%)
ptolemy.util.test.WatchDog.cancel(): canceling Tue Jun 12 00:09:49 UTC 2018
auto.tcl: Setting watchdog for 200 seconds at Tue Jun 12 00:09:49 UTC 2018
1 ms. Memory: 208384K Free: 198114K (95%)
ptolemy.util.test.WatchDog.cancel(): canceling Tue Jun 12 00:09:49 UTC 2018
------------------ testing $PTII/ptolemy/domains/de/test/auto/DepthTest4.xml
auto.tcl: Setting watchdog for 200 seconds at Tue Jun 12 00:09:49 UTC 2018
4 ms. Memory: 208384K Free: 196103K (94%)
ptolemy.util.test.WatchDog.cancel(): canceling Tue Jun 12 00:09:49 UTC 2018
auto.tcl: Setting watchdog for 200 seconds at Tue Jun 12 00:09:49 UTC 2018
3 ms. Memory: 208384K Free: 196103K (94%)
ptolemy.util.test.WatchDog.cancel(): canceling Tue Jun 12 00:09:49 UTC 2018
------------------ testing $PTII/ptolemy/domains/de/test/auto/DepthTest5.xml
auto.tcl: Setting watchdog for 200 seconds at Tue Jun 12 00:09:49 UTC 2018
8 ms. Memory: 208384K Free: 196050K (94%)
ptolemy.util.test.WatchDog.cancel(): canceling Tue Jun 12 00:09:49 UTC 2018
auto.tcl: Setting watchdog for 200 seconds at Tue Jun 12 00:09:49 UTC 2018
4 ms. Memory: 208384K Free: 196050K (94%)
ptolemy.util.test.WatchDog.cancel(): canceling Tue Jun 12 00:09:49 UTC 2018
------------------ testing $PTII/ptolemy/domains/de/test/auto/DepthTest6.xml
auto.tcl: Setting watchdog for 200 seconds at Tue Jun 12 00:09:49 UTC 2018
9 ms. Memory: 208384K Free: 196357K (94%)
ptolemy.util.test.WatchDog.cancel(): canceling Tue Jun 12 00:09:49 UTC 2018
auto.tcl: Setting watchdog for 200 seconds at Tue Jun 12 00:09:49 UTC 2018
2 ms. Memory: 208384K Free: 196357K (94%)
ptolemy.util.test.WatchDog.cancel(): canceling Tue Jun 12 00:09:49 UTC 2018
------------------ testing $PTII/ptolemy/domains/de/test/auto/DepthTest7.xml
auto.tcl: Setting watchdog for 200 seconds at Tue Jun 12 00:09:50 UTC 2018
2 ms. Memory: 208384K Free: 196008K (94%)
ptolemy.util.test.WatchDog.cancel(): canceling Tue Jun 12 00:09:50 UTC 2018
auto.tcl: Setting watchdog for 200 seconds at Tue Jun 12 00:09:50 UTC 2018
2 ms. Memory: 208384K Free: 196008K (94%)
ptolemy.util.test.WatchDog.cancel(): canceling Tue Jun 12 00:09:50 UTC 2018
------------------ testing $PTII/ptolemy/domains/de/test/auto/EventToDate.xml
auto.tcl: Setting watchdog for 200 seconds at Tue Jun 12 00:09:50 UTC 2018
3006 ms. Memory: 208384K Free: 185536K (89%)
ptolemy.util.test.WatchDog.cancel(): canceling Tue Jun 12 00:09:53 UTC 2018
auto.tcl: Setting watchdog for 200 seconds at Tue Jun 12 00:09:53 UTC 2018
3005 ms. Memory: 208384K Free: 185536K (89%)
ptolemy.util.test.WatchDog.cancel(): canceling Tue Jun 12 00:09:56 UTC 2018
------------------ testing $PTII/ptolemy/domains/de/test/auto/FSM1.xml
auto.tcl: Setting watchdog for 200 seconds at Tue Jun 12 00:09:56 UTC 2018
33 ms. Memory: 208384K Free: 186964K (90%)
ptolemy.util.test.WatchDog.cancel(): canceling Tue Jun 12 00:09:56 UTC 2018
auto.tcl: Setting watchdog for 200 seconds at Tue Jun 12 00:09:56 UTC 2018
18 ms. Memory: 208384K Free: 184866K (89%)
ptolemy.util.test.WatchDog.cancel(): canceling Tue Jun 12 00:09:56 UTC 2018
------------------ testing $PTII/ptolemy/domains/de/test/auto/FSM7.xml
auto.tcl: Setting watchdog for 200 seconds at Tue Jun 12 00:09:56 UTC 2018
14 ms. Memory: 208384K Free: 187165K (90%)
ptolemy.util.test.WatchDog.cancel(): canceling Tue Jun 12 00:09:56 UTC 2018
auto.tcl: Setting watchdog for 200 seconds at Tue Jun 12 00:09:56 UTC 2018
16 ms. Memory: 208384K Free: 185067K (89%)
ptolemy.util.test.WatchDog.cancel(): canceling Tue Jun 12 00:09:56 UTC 2018
------------------ testing $PTII/ptolemy/domains/de/test/auto/Inspection.xml
auto.tcl: Setting watchdog for 200 seconds at Tue Jun 12 00:09:56 UTC 2018
50 ms. Memory: 208384K Free: 188717K (91%)
ptolemy.util.test.WatchDog.cancel(): canceling Tue Jun 12 00:09:56 UTC 2018
auto.tcl: Setting watchdog for 200 seconds at Tue Jun 12 00:09:56 UTC 2018
27 ms. Memory: 208384K Free: 186281K (89%)
ptolemy.util.test.WatchDog.cancel(): canceling Tue Jun 12 00:09:56 UTC 2018
------------------ testing $PTII/ptolemy/domains/de/test/auto/Iteration.xml
auto.tcl: Setting watchdog for 200 seconds at Tue Jun 12 00:09:56 UTC 2018
10 ms. Memory: 208384K Free: 194052K (93%)
ptolemy.util.test.WatchDog.cancel(): canceling Tue Jun 12 00:09:56 UTC 2018
auto.tcl: Setting watchdog for 200 seconds at Tue Jun 12 00:09:56 UTC 2018
8 ms. Memory: 208384K Free: 193714K (93%)
ptolemy.util.test.WatchDog.cancel(): canceling Tue Jun 12 00:09:56 UTC 2018
------------------ testing $PTII/ptolemy/domains/de/test/auto/LineFault.xml
auto.tcl: Setting watchdog for 200 seconds at Tue Jun 12 00:09:56 UTC 2018
868 ms. Memory: 208384K Free: 195969K (94%)
ptolemy.util.test.WatchDog.cancel(): canceling Tue Jun 12 00:09:57 UTC 2018
auto.tcl: Setting watchdog for 200 seconds at Tue Jun 12 00:09:57 UTC 2018
710 ms. Memory: 208384K Free: 138680K (67%)
ptolemy.util.test.WatchDog.cancel(): canceling Tue Jun 12 00:09:58 UTC 2018
------------------ testing $PTII/ptolemy/domains/de/test/auto/MergeModel1Add.xml
auto.tcl: Setting watchdog for 200 seconds at Tue Jun 12 00:09:58 UTC 2018
27 ms. Memory: 331264K Free: 302494K (91%)
ptolemy.util.test.WatchDog.cancel(): canceling Tue Jun 12 00:09:58 UTC 2018
auto.tcl: Setting watchdog for 200 seconds at Tue Jun 12 00:09:58 UTC 2018
13 ms. Memory: 331264K Free: 298532K (90%)
ptolemy.util.test.WatchDog.cancel(): canceling Tue Jun 12 00:09:58 UTC 2018
------------------ testing $PTII/ptolemy/domains/de/test/auto/MergeModel2Add.xml
auto.tcl: Setting watchdog for 200 seconds at Tue Jun 12 00:09:58 UTC 2018
15 ms. Memory: 331264K Free: 303832K (92%)
ptolemy.util.test.WatchDog.cancel(): canceling Tue Jun 12 00:09:59 UTC 2018
auto.tcl: Setting watchdog for 200 seconds at Tue Jun 12 00:09:59 UTC 2018
13 ms. Memory: 331264K Free: 299870K (91%)
ptolemy.util.test.WatchDog.cancel(): canceling Tue Jun 12 00:09:59 UTC 2018
------------------ testing $PTII/ptolemy/domains/de/test/auto/MergeModel3Add.xml
auto.tcl: Setting watchdog for 200 seconds at Tue Jun 12 00:09:59 UTC 2018
12 ms. Memory: 331264K Free: 303432K (92%)
ptolemy.util.test.WatchDog.cancel(): canceling Tue Jun 12 00:09:59 UTC 2018
auto.tcl: Setting watchdog for 200 seconds at Tue Jun 12 00:09:59 UTC 2018
11 ms. Memory: 331264K Free: 299469K (90%)
ptolemy.util.test.WatchDog.cancel(): canceling Tue Jun 12 00:09:59 UTC 2018
------------------ testing $PTII/ptolemy/domains/de/test/auto/MergeWithoutDiscard.xml
auto.tcl: Setting watchdog for 200 seconds at Tue Jun 12 00:09:59 UTC 2018
2 ms. Memory: 331264K Free: 319564K (96%)
ptolemy.util.test.WatchDog.cancel(): canceling Tue Jun 12 00:09:59 UTC 2018
auto.tcl: Setting watchdog for 200 seconds at Tue Jun 12 00:09:59 UTC 2018
2 ms. Memory: 331264K Free: 315601K (95%)
ptolemy.util.test.WatchDog.cancel(): canceling Tue Jun 12 00:09:59 UTC 2018
------------------ testing $PTII/ptolemy/domains/de/test/auto/Modal1.xml
auto.tcl: Setting watchdog for 200 seconds at Tue Jun 12 00:09:59 UTC 2018
25 ms. Memory: 331264K Free: 309210K (93%)
ptolemy.util.test.WatchDog.cancel(): canceling Tue Jun 12 00:09:59 UTC 2018
auto.tcl: Setting watchdog for 200 seconds at Tue Jun 12 00:09:59 UTC 2018
25 ms. Memory: 331264K Free: 305247K (92%)
ptolemy.util.test.WatchDog.cancel(): canceling Tue Jun 12 00:09:59 UTC 2018
------------------ testing $PTII/ptolemy/domains/de/test/auto/Modal2.xml
auto.tcl: Setting watchdog for 200 seconds at Tue Jun 12 00:09:59 UTC 2018
18 ms. Memory: 331264K Free: 309067K (93%)
ptolemy.util.test.WatchDog.cancel(): canceling Tue Jun 12 00:09:59 UTC 2018
auto.tcl: Setting watchdog for 200 seconds at Tue Jun 12 00:09:59 UTC 2018
20 ms. Memory: 331264K Free: 305104K (92%)
ptolemy.util.test.WatchDog.cancel(): canceling Tue Jun 12 00:09:59 UTC 2018
------------------ testing $PTII/ptolemy/domains/de/test/auto/Modal3.xml
auto.tcl: Setting watchdog for 200 seconds at Tue Jun 12 00:09:59 UTC 2018
19 ms. Memory: 331264K Free: 309149K (93%)
ptolemy.util.test.WatchDog.cancel(): canceling Tue Jun 12 00:09:59 UTC 2018
auto.tcl: Setting watchdog for 200 seconds at Tue Jun 12 00:09:59 UTC 2018
14 ms. Memory: 331264K Free: 304901K (92%)
ptolemy.util.test.WatchDog.cancel(): canceling Tue Jun 12 00:09:59 UTC 2018
------------------ testing $PTII/ptolemy/domains/de/test/auto/Modal4.xml
auto.tcl: Setting watchdog for 200 seconds at Tue Jun 12 00:09:59 UTC 2018
20 ms. Memory: 331264K Free: 308868K (93%)
ptolemy.util.test.WatchDog.cancel(): canceling Tue Jun 12 00:09:59 UTC 2018
auto.tcl: Setting watchdog for 200 seconds at Tue Jun 12 00:09:59 UTC 2018
20 ms. Memory: 331264K Free: 304906K (92%)
ptolemy.util.test.WatchDog.cancel(): canceling Tue Jun 12 00:09:59 UTC 2018
------------------ testing $PTII/ptolemy/domains/de/test/auto/Modal5.xml
auto.tcl: Setting watchdog for 200 seconds at Tue Jun 12 00:09:59 UTC 2018
21 ms. Memory: 331264K Free: 308856K (93%)
ptolemy.util.test.WatchDog.cancel(): canceling Tue Jun 12 00:09:59 UTC 2018
auto.tcl: Setting watchdog for 200 seconds at Tue Jun 12 00:09:59 UTC 2018
16 ms. Memory: 331264K Free: 304893K (92%)
ptolemy.util.test.WatchDog.cancel(): canceling Tue Jun 12 00:10:00 UTC 2018
------------------ testing $PTII/ptolemy/domains/de/test/auto/Modal6.xml
auto.tcl: Setting watchdog for 200 seconds at Tue Jun 12 00:10:00 UTC 2018
13 ms. Memory: 331264K Free: 308854K (93%)
ptolemy.util.test.WatchDog.cancel(): canceling Tue Jun 12 00:10:00 UTC 2018
auto.tcl: Setting watchdog for 200 seconds at Tue Jun 12 00:10:00 UTC 2018
15 ms. Memory: 331264K Free: 304891K (92%)
ptolemy.util.test.WatchDog.cancel(): canceling Tue Jun 12 00:10:00 UTC 2018
------------------ testing $PTII/ptolemy/domains/de/test/auto/Modal7.xml
auto.tcl: Setting watchdog for 200 seconds at Tue Jun 12 00:10:00 UTC 2018
11 ms. Memory: 331264K Free: 308853K (93%)
ptolemy.util.test.WatchDog.cancel(): canceling Tue Jun 12 00:10:00 UTC 2018
auto.tcl: Setting watchdog for 200 seconds at Tue Jun 12 00:10:00 UTC 2018
12 ms. Memory: 331264K Free: 304891K (92%)
ptolemy.util.test.WatchDog.cancel(): canceling Tue Jun 12 00:10:00 UTC 2018
------------------ testing $PTII/ptolemy/domains/de/test/auto/ModalModel.xml
auto.tcl: Setting watchdog for 200 seconds at Tue Jun 12 00:10:00 UTC 2018
205 ms. Memory: 331264K Free: 245324K (74%)
ptolemy.util.test.WatchDog.cancel(): canceling Tue Jun 12 00:10:00 UTC 2018
auto.tcl: Setting watchdog for 200 seconds at Tue Jun 12 00:10:00 UTC 2018
225 ms. Memory: 331264K Free: 189752K (57%)
ptolemy.util.test.WatchDog.cancel(): canceling Tue Jun 12 00:10:00 UTC 2018
------------------ testing $PTII/ptolemy/domains/de/test/auto/ModalSource.xml
auto.tcl: Setting watchdog for 200 seconds at Tue Jun 12 00:10:00 UTC 2018
7 ms. Memory: 331264K Free: 315831K (95%)
ptolemy.util.test.WatchDog.cancel(): canceling Tue Jun 12 00:10:00 UTC 2018
auto.tcl: Setting watchdog for 200 seconds at Tue Jun 12 00:10:00 UTC 2018
8 ms. Memory: 331264K Free: 312304K (94%)
ptolemy.util.test.WatchDog.cancel(): canceling Tue Jun 12 00:10:00 UTC 2018
------------------ testing $PTII/ptolemy/domains/de/test/auto/NonInterruptibleTimerZeroDelay.xml
auto.tcl: Setting watchdog for 200 seconds at Tue Jun 12 00:10:00 UTC 2018
4 ms. Memory: 331264K Free: 320027K (97%)
ptolemy.util.test.WatchDog.cancel(): canceling Tue Jun 12 00:10:00 UTC 2018
auto.tcl: Setting watchdog for 200 seconds at Tue Jun 12 00:10:00 UTC 2018
3 ms. Memory: 331264K Free: 316484K (96%)
ptolemy.util.test.WatchDog.cancel(): canceling Tue Jun 12 00:10:00 UTC 2018
------------------ testing $PTII/ptolemy/domains/de/test/auto/OpenQueueingNetwork.xml
auto.tcl: Setting watchdog for 200 seconds at Tue Jun 12 00:10:01 UTC 2018
3523 ms. Memory: 317952K Free: 154576K (49%)
ptolemy.util.test.WatchDog.cancel(): canceling Tue Jun 12 00:10:04 UTC 2018
auto.tcl: Setting watchdog for 200 seconds at Tue Jun 12 00:10:04 UTC 2018
2719 ms. Memory: 287232K Free: 229386K (80%)
ptolemy.util.test.WatchDog.cancel(): canceling Tue Jun 12 00:10:07 UTC 2018
------------------ testing $PTII/ptolemy/domains/de/test/auto/OpenQueuingNetwork.xml
auto.tcl: Setting watchdog for 200 seconds at Tue Jun 12 00:10:07 UTC 2018
270 ms. Memory: 287232K Free: 186746K (65%)
ptolemy.util.test.WatchDog.cancel(): canceling Tue Jun 12 00:10:07 UTC 2018
auto.tcl: Setting watchdog for 200 seconds at Tue Jun 12 00:10:07 UTC 2018
268 ms. Memory: 287232K Free: 126491K (44%)
ptolemy.util.test.WatchDog.cancel(): canceling Tue Jun 12 00:10:08 UTC 2018
------------------ testing $PTII/ptolemy/domains/de/test/auto/PeriodicSampler.xml
auto.tcl: Setting watchdog for 200 seconds at Tue Jun 12 00:10:08 UTC 2018
2 ms. Memory: 289792K Free: 273906K (95%)
ptolemy.util.test.WatchDog.cancel(): canceling Tue Jun 12 00:10:08 UTC 2018
auto.tcl: Setting watchdog for 200 seconds at Tue Jun 12 00:10:08 UTC 2018
2 ms. Memory: 289792K Free: 273906K (95%)
ptolemy.util.test.WatchDog.cancel(): canceling Tue Jun 12 00:10:08 UTC 2018
------------------ testing $PTII/ptolemy/domains/de/test/auto/PersistentIO.xml
auto.tcl: Setting watchdog for 200 seconds at Tue Jun 12 00:10:08 UTC 2018
14 ms. Memory: 287232K Free: 266243K (93%)
ptolemy.util.test.WatchDog.cancel(): canceling Tue Jun 12 00:10:08 UTC 2018
auto.tcl: Setting watchdog for 200 seconds at Tue Jun 12 00:10:08 UTC 2018
6 ms. Memory: 287232K Free: 266243K (93%)
ptolemy.util.test.WatchDog.cancel(): canceling Tue Jun 12 00:10:08 UTC 2018
------------------ testing $PTII/ptolemy/domains/de/test/auto/PortParameterResetOnInitialize.xml
auto.tcl: Setting watchdog for 200 seconds at Tue Jun 12 00:10:08 UTC 2018
2 ms. Memory: 289280K Free: 273863K (95%)
ptolemy.util.test.WatchDog.cancel(): canceling Tue Jun 12 00:10:08 UTC 2018
auto.tcl: Setting watchdog for 200 seconds at Tue Jun 12 00:10:08 UTC 2018
1 ms. Memory: 289280K Free: 273863K (95%)
ptolemy.util.test.WatchDog.cancel(): canceling Tue Jun 12 00:10:08 UTC 2018
------------------ testing $PTII/ptolemy/domains/de/test/auto/PortParameterUpdates.xml
auto.tcl: Setting watchdog for 200 seconds at Tue Jun 12 00:10:08 UTC 2018
6 ms. Memory: 287232K Free: 274100K (95%)
ptolemy.util.test.WatchDog.cancel(): canceling Tue Jun 12 00:10:08 UTC 2018
auto.tcl: Setting watchdog for 200 seconds at Tue Jun 12 00:10:08 UTC 2018
5 ms. Memory: 287232K Free: 271190K (94%)
ptolemy.util.test.WatchDog.cancel(): canceling Tue Jun 12 00:10:08 UTC 2018
------------------ testing $PTII/ptolemy/domains/de/test/auto/QueueAndServer.xml
auto.tcl: Setting watchdog for 200 seconds at Tue Jun 12 00:10:08 UTC 2018
18 ms. Memory: 289280K Free: 273100K (94%)
ptolemy.util.test.WatchDog.cancel(): canceling Tue Jun 12 00:10:08 UTC 2018
auto.tcl: Setting watchdog for 200 seconds at Tue Jun 12 00:10:08 UTC 2018
8 ms. Memory: 289280K Free: 273100K (94%)
ptolemy.util.test.WatchDog.cancel(): canceling Tue Jun 12 00:10:08 UTC 2018
------------------ testing $PTII/ptolemy/domains/de/test/auto/Records.xml
auto.tcl: Setting watchdog for 200 seconds at Tue Jun 12 00:10:08 UTC 2018
6 ms. Memory: 287232K Free: 273912K (95%)
ptolemy.util.test.WatchDog.cancel(): canceling Tue Jun 12 00:10:08 UTC 2018
auto.tcl: Setting watchdog for 200 seconds at Tue Jun 12 00:10:08 UTC 2018
4 ms. Memory: 287232K Free: 273912K (95%)
ptolemy.util.test.WatchDog.cancel(): canceling Tue Jun 12 00:10:08 UTC 2018
------------------ testing $PTII/ptolemy/domains/de/test/auto/ResetTransitionWithStartTime1.xml
auto.tcl: Setting watchdog for 200 seconds at Tue Jun 12 00:10:08 UTC 2018
18 ms. Memory: 288768K Free: 272571K (94%)
ptolemy.util.test.WatchDog.cancel(): canceling Tue Jun 12 00:10:08 UTC 2018
auto.tcl: Setting watchdog for 200 seconds at Tue Jun 12 00:10:08 UTC 2018
9 ms. Memory: 288768K Free: 269678K (93%)
ptolemy.util.test.WatchDog.cancel(): canceling Tue Jun 12 00:10:08 UTC 2018
------------------ testing $PTII/ptolemy/domains/de/test/auto/ResetTransitionWithStartTime2.xml
auto.tcl: Setting watchdog for 200 seconds at Tue Jun 12 00:10:08 UTC 2018
10 ms. Memory: 287232K Free: 271128K (94%)
ptolemy.util.test.WatchDog.cancel(): canceling Tue Jun 12 00:10:08 UTC 2018
auto.tcl: Setting watchdog for 200 seconds at Tue Jun 12 00:10:08 UTC 2018
9 ms. Memory: 287232K Free: 264118K (92%)
ptolemy.util.test.WatchDog.cancel(): canceling Tue Jun 12 00:10:08 UTC 2018
------------------ testing $PTII/ptolemy/domains/de/test/auto/ResetTransitionWithStartTime3.xml
auto.tcl: Setting watchdog for 200 seconds at Tue Jun 12 00:10:08 UTC 2018
8 ms. Memory: 288768K Free: 272554K (94%)
ptolemy.util.test.WatchDog.cancel(): canceling Tue Jun 12 00:10:08 UTC 2018
auto.tcl: Setting watchdog for 200 seconds at Tue Jun 12 00:10:08 UTC 2018
11 ms. Memory: 288768K Free: 269660K (93%)
ptolemy.util.test.WatchDog.cancel(): canceling Tue Jun 12 00:10:08 UTC 2018
------------------ testing $PTII/ptolemy/domains/de/test/auto/ResetTransitionWithStartTime4.xml
auto.tcl: Setting watchdog for 200 seconds at Tue Jun 12 00:10:09 UTC 2018
5 ms. Memory: 287232K Free: 271023K (94%)
ptolemy.util.test.WatchDog.cancel(): canceling Tue Jun 12 00:10:09 UTC 2018
auto.tcl: Setting watchdog for 200 seconds at Tue Jun 12 00:10:09 UTC 2018
4 ms. Memory: 287232K Free: 271023K (94%)
ptolemy.util.test.WatchDog.cancel(): canceling Tue Jun 12 00:10:09 UTC 2018
------------------ testing $PTII/ptolemy/domains/de/test/auto/ResettableTimer1.xml
auto.tcl: Setting watchdog for 200 seconds at Tue Jun 12 00:10:09 UTC 2018
3 ms. Memory: 288768K Free: 275463K (95%)
ptolemy.util.test.WatchDog.cancel(): canceling Tue Jun 12 00:10:09 UTC 2018
auto.tcl: Setting watchdog for 200 seconds at Tue Jun 12 00:10:09 UTC 2018
2 ms. Memory: 288768K Free: 275463K (95%)
ptolemy.util.test.WatchDog.cancel(): canceling Tue Jun 12 00:10:09 UTC 2018
------------------ testing $PTII/ptolemy/domains/de/test/auto/ResettableTimer2.xml
auto.tcl: Setting watchdog for 200 seconds at Tue Jun 12 00:10:09 UTC 2018
4 ms. Memory: 287232K Free: 274070K (95%)
ptolemy.util.test.WatchDog.cancel(): canceling Tue Jun 12 00:10:09 UTC 2018
auto.tcl: Setting watchdog for 200 seconds at Tue Jun 12 00:10:09 UTC 2018
2 ms. Memory: 287232K Free: 274070K (95%)
ptolemy.util.test.WatchDog.cancel(): canceling Tue Jun 12 00:10:09 UTC 2018
------------------ testing $PTII/ptolemy/domains/de/test/auto/ResettableTimer3.xml
auto.tcl: Setting watchdog for 200 seconds at Tue Jun 12 00:10:09 UTC 2018
1 ms. Memory: 288256K Free: 275109K (95%)
ptolemy.util.test.WatchDog.cancel(): canceling Tue Jun 12 00:10:09 UTC 2018
auto.tcl: Setting watchdog for 200 seconds at Tue Jun 12 00:10:09 UTC 2018
2 ms. Memory: 288256K Free: 275109K (95%)
ptolemy.util.test.WatchDog.cancel(): canceling Tue Jun 12 00:10:09 UTC 2018
------------------ testing $PTII/ptolemy/domains/de/test/auto/ResettableTimer4.xml
auto.tcl: Setting watchdog for 200 seconds at Tue Jun 12 00:10:09 UTC 2018
1 ms. Memory: 287232K Free: 271931K (95%)
ptolemy.util.test.WatchDog.cancel(): canceling Tue Jun 12 00:10:09 UTC 2018
auto.tcl: Setting watchdog for 200 seconds at Tue Jun 12 00:10:09 UTC 2018
2 ms. Memory: 287232K Free: 271931K (95%)
ptolemy.util.test.WatchDog.cancel(): canceling Tue Jun 12 00:10:09 UTC 2018
------------------ testing $PTII/ptolemy/domains/de/test/auto/ResettableTimer5.xml
auto.tcl: Setting watchdog for 200 seconds at Tue Jun 12 00:10:09 UTC 2018
2 ms. Memory: 288256K Free: 275105K (95%)
ptolemy.util.test.WatchDog.cancel(): canceling Tue Jun 12 00:10:09 UTC 2018
auto.tcl: Setting watchdog for 200 seconds at Tue Jun 12 00:10:09 UTC 2018
1 ms. Memory: 288256K Free: 275105K (95%)
ptolemy.util.test.WatchDog.cancel(): canceling Tue Jun 12 00:10:09 UTC 2018
------------------ testing $PTII/ptolemy/domains/de/test/auto/ResettableTimer6.xml
auto.tcl: Setting watchdog for 200 seconds at Tue Jun 12 00:10:09 UTC 2018
1 ms. Memory: 287232K Free: 271878K (95%)
ptolemy.util.test.WatchDog.cancel(): canceling Tue Jun 12 00:10:09 UTC 2018
auto.tcl: Setting watchdog for 200 seconds at Tue Jun 12 00:10:09 UTC 2018
2 ms. Memory: 287232K Free: 271878K (95%)
ptolemy.util.test.WatchDog.cancel(): canceling Tue Jun 12 00:10:09 UTC 2018
------------------ testing $PTII/ptolemy/domains/de/test/auto/ServerZeroDelay.xml
auto.tcl: Setting watchdog for 200 seconds at Tue Jun 12 00:10:09 UTC 2018
3 ms. Memory: 288256K Free: 275044K (95%)
ptolemy.util.test.WatchDog.cancel(): canceling Tue Jun 12 00:10:09 UTC 2018
auto.tcl: Setting watchdog for 200 seconds at Tue Jun 12 00:10:09 UTC 2018
2 ms. Memory: 288256K Free: 275044K (95%)
ptolemy.util.test.WatchDog.cancel(): canceling Tue Jun 12 00:10:09 UTC 2018
------------------ testing $PTII/ptolemy/domains/de/test/auto/SmartSender.xml
auto.tcl: Setting watchdog for 200 seconds at Tue Jun 12 00:10:09 UTC 2018
3002 ms. Memory: 287232K Free: 271965K (95%)
ptolemy.util.test.WatchDog.cancel(): canceling Tue Jun 12 00:10:12 UTC 2018
auto.tcl: Setting watchdog for 200 seconds at Tue Jun 12 00:10:12 UTC 2018
3002 ms. Memory: 287232K Free: 271965K (95%)
ptolemy.util.test.WatchDog.cancel(): canceling Tue Jun 12 00:10:15 UTC 2018
------------------ testing $PTII/ptolemy/domains/de/test/auto/ThreadedComposite.xml
auto.tcl: Setting watchdog for 200 seconds at Tue Jun 12 00:10:15 UTC 2018
210 ms. Memory: 288256K Free: 251848K (87%)
ptolemy.util.test.WatchDog.cancel(): canceling Tue Jun 12 00:10:15 UTC 2018
auto.tcl: Setting watchdog for 200 seconds at Tue Jun 12 00:10:15 UTC 2018
163 ms. Memory: 288256K Free: 240722K (84%)
ptolemy.util.test.WatchDog.cancel(): canceling Tue Jun 12 00:10:16 UTC 2018
------------------ testing $PTII/ptolemy/domains/de/test/auto/Time.xml
auto.tcl: Setting watchdog for 200 seconds at Tue Jun 12 00:10:16 UTC 2018
706 ms. Memory: 287232K Free: 222182K (77%)
ptolemy.util.test.WatchDog.cancel(): canceling Tue Jun 12 00:10:16 UTC 2018
auto.tcl: Setting watchdog for 200 seconds at Tue Jun 12 00:10:16 UTC 2018
671 ms. Memory: 287232K Free: 170103K (59%)
ptolemy.util.test.WatchDog.cancel(): canceling Tue Jun 12 00:10:17 UTC 2018
------------------ testing $PTII/ptolemy/domains/de/test/auto/TimeDelayZeroDelay.xml
auto.tcl: Setting watchdog for 200 seconds at Tue Jun 12 00:10:17 UTC 2018
3 ms. Memory: 287744K Free: 274988K (96%)
ptolemy.util.test.WatchDog.cancel(): canceling Tue Jun 12 00:10:17 UTC 2018
auto.tcl: Setting watchdog for 200 seconds at Tue Jun 12 00:10:17 UTC 2018
2 ms. Memory: 287744K Free: 274988K (96%)
ptolemy.util.test.WatchDog.cancel(): canceling Tue Jun 12 00:10:17 UTC 2018
------------------ testing $PTII/ptolemy/domains/de/test/auto/TimerZeroDelay.xml
auto.tcl: Setting watchdog for 200 seconds at Tue Jun 12 00:10:17 UTC 2018
4 ms. Memory: 287232K Free: 274586K (96%)
ptolemy.util.test.WatchDog.cancel(): canceling Tue Jun 12 00:10:17 UTC 2018
auto.tcl: Setting watchdog for 200 seconds at Tue Jun 12 00:10:17 UTC 2018
2 ms. Memory: 287232K Free: 274586K (96%)
ptolemy.util.test.WatchDog.cancel(): canceling Tue Jun 12 00:10:17 UTC 2018
------------------ testing $PTII/ptolemy/domains/de/test/auto/TimingParadox.xml
auto.tcl: Setting watchdog for 200 seconds at Tue Jun 12 00:10:17 UTC 2018
507 ms. Memory: 287744K Free: 208869K (73%)
ptolemy.util.test.WatchDog.cancel(): canceling Tue Jun 12 00:10:18 UTC 2018
auto.tcl: Setting watchdog for 200 seconds at Tue Jun 12 00:10:18 UTC 2018
423 ms. Memory: 287744K Free: 175186K (61%)
ptolemy.util.test.WatchDog.cancel(): canceling Tue Jun 12 00:10:18 UTC 2018
------------------ testing $PTII/ptolemy/domains/de/test/auto/TransferInputs.xml
auto.tcl: Setting watchdog for 200 seconds at Tue Jun 12 00:10:18 UTC 2018
3 ms. Memory: 287744K Free: 273986K (95%)
ptolemy.util.test.WatchDog.cancel(): canceling Tue Jun 12 00:10:18 UTC 2018
auto.tcl: Setting watchdog for 200 seconds at Tue Jun 12 00:10:18 UTC 2018
3 ms. Memory: 287744K Free: 273986K (95%)
ptolemy.util.test.WatchDog.cancel(): canceling Tue Jun 12 00:10:18 UTC 2018
------------------ testing $PTII/ptolemy/domains/de/test/auto/TransferOutputs2.xml
auto.tcl: Setting watchdog for 200 seconds at Tue Jun 12 00:10:19 UTC 2018
4 ms. Memory: 287232K Free: 271972K (95%)
ptolemy.util.test.WatchDog.cancel(): canceling Tue Jun 12 00:10:19 UTC 2018
auto.tcl: Setting watchdog for 200 seconds at Tue Jun 12 00:10:19 UTC 2018
3 ms. Memory: 287232K Free: 269361K (94%)
ptolemy.util.test.WatchDog.cancel(): canceling Tue Jun 12 00:10:19 UTC 2018
------------------ testing $PTII/ptolemy/domains/de/test/auto/Trilateration.xml
auto.tcl: Setting watchdog for 200 seconds at Tue Jun 12 00:10:19 UTC 2018
14260 ms. Memory: 473088K Free: 280632K (59%)
ptolemy.util.test.WatchDog.cancel(): canceling Tue Jun 12 00:10:34 UTC 2018
auto.tcl: Setting watchdog for 200 seconds at Tue Jun 12 00:10:34 UTC 2018
10736 ms. Memory: 352256K Free: 223147K (63%)
ptolemy.util.test.WatchDog.cancel(): canceling Tue Jun 12 00:10:45 UTC 2018
------------------ testing $PTII/ptolemy/domains/de/test/auto/TwoSigmaDelta.xml
auto.tcl: Setting watchdog for 200 seconds at Tue Jun 12 00:10:45 UTC 2018
3071 ms. Memory: 339968K Free: 312195K (92%)
ptolemy.util.test.WatchDog.cancel(): canceling Tue Jun 12 00:10:48 UTC 2018
auto.tcl: Setting watchdog for 200 seconds at Tue Jun 12 00:10:48 UTC 2018
2281 ms. Memory: 339968K Free: 80384K (24%)
ptolemy.util.test.WatchDog.cancel(): canceling Tue Jun 12 00:10:51 UTC 2018
------------------ testing $PTII/ptolemy/domains/de/test/auto/VariableDelay.xml
auto.tcl: Setting watchdog for 200 seconds at Tue Jun 12 00:10:51 UTC 2018
2 ms. Memory: 337408K Free: 324993K (96%)
ptolemy.util.test.WatchDog.cancel(): canceling Tue Jun 12 00:10:51 UTC 2018
auto.tcl: Setting watchdog for 200 seconds at Tue Jun 12 00:10:51 UTC 2018
2 ms. Memory: 337408K Free: 321065K (95%)
ptolemy.util.test.WatchDog.cancel(): canceling Tue Jun 12 00:10:51 UTC 2018
------------------ testing $PTII/ptolemy/domains/de/test/auto/VariableDelay2.xml
auto.tcl: Setting watchdog for 200 seconds at Tue Jun 12 00:10:51 UTC 2018
2 ms. Memory: 339456K Free: 327451K (96%)
ptolemy.util.test.WatchDog.cancel(): canceling Tue Jun 12 00:10:51 UTC 2018
auto.tcl: Setting watchdog for 200 seconds at Tue Jun 12 00:10:51 UTC 2018
3 ms. Memory: 339456K Free: 323539K (95%)
ptolemy.util.test.WatchDog.cancel(): canceling Tue Jun 12 00:10:51 UTC 2018
------------------ testing $PTII/ptolemy/domains/de/test/auto/VariableDelayZeroDelay.xml
auto.tcl: Setting watchdog for 200 seconds at Tue Jun 12 00:10:51 UTC 2018
2 ms. Memory: 337408K Free: 322843K (96%)
ptolemy.util.test.WatchDog.cancel(): canceling Tue Jun 12 00:10:51 UTC 2018
auto.tcl: Setting watchdog for 200 seconds at Tue Jun 12 00:10:51 UTC 2018
2 ms. Memory: 337408K Free: 322843K (96%)
ptolemy.util.test.WatchDog.cancel(): canceling Tue Jun 12 00:10:51 UTC 2018
------------------ testing $PTII/ptolemy/domains/de/test/auto/VariableDelayZeroDelay2.xml
auto.tcl: Setting watchdog for 200 seconds at Tue Jun 12 00:10:51 UTC 2018
6 ms. Memory: 339456K Free: 324889K (96%)
ptolemy.util.test.WatchDog.cancel(): canceling Tue Jun 12 00:10:51 UTC 2018
auto.tcl: Setting watchdog for 200 seconds at Tue Jun 12 00:10:51 UTC 2018
2 ms. Memory: 339456K Free: 320977K (95%)
ptolemy.util.test.WatchDog.cancel(): canceling Tue Jun 12 00:10:51 UTC 2018
------------------ testing $PTII/ptolemy/domains/de/test/auto/deInCt.xml
auto.tcl: Setting watchdog for 200 seconds at Tue Jun 12 00:10:51 UTC 2018
0
1
1
1
0
0
0
1
1
1
1
0
0
0
1
1
1
0
0
0
0
0
0
0
1
1
1
1
1
17 ms. Memory: 337408K Free: 318922K (95%)
ptolemy.util.test.WatchDog.cancel(): canceling Tue Jun 12 00:10:51 UTC 2018
auto.tcl: Setting watchdog for 200 seconds at Tue Jun 12 00:10:51 UTC 2018
0
1
1
1
1
1
0
0
0
0
1
1
1
0
0
0
1
1
1
0
0
0
0
1
1
1
1
0
0
0
1
1
1
1
16 ms. Memory: 337408K Free: 318922K (95%)
ptolemy.util.test.WatchDog.cancel(): canceling Tue Jun 12 00:10:51 UTC 2018
------------------ testing $PTII/ptolemy/domains/de/test/auto/deInCt2.xml
auto.tcl: Setting watchdog for 200 seconds at Tue Jun 12 00:10:51 UTC 2018
0
1
1
1
0
0
1
1
1
0
0
1
1
1
0
0
1
1
1
0
0
1
1
1
0
0
1
1
1
0
0
1
1
1
0
0
1
1
1
0
0
0
10 ms. Memory: 338944K Free: 320442K (95%)
ptolemy.util.test.WatchDog.cancel(): canceling Tue Jun 12 00:10:51 UTC 2018
auto.tcl: Setting watchdog for 200 seconds at Tue Jun 12 00:10:51 UTC 2018
0
1
1
1
0
0
1
1
1
0
0
1
1
1
0
0
1
1
1
0
0
1
1
1
0
0
1
1
1
0
0
1
1
1
0
0
1
1
1
0
0
0
7 ms. Memory: 338944K Free: 320442K (95%)
ptolemy.util.test.WatchDog.cancel(): canceling Tue Jun 12 00:10:51 UTC 2018
------------------ testing $PTII/ptolemy/domains/de/test/auto/dynamicCausalityInterface1.xml
auto.tcl: Setting watchdog for 200 seconds at Tue Jun 12 00:10:51 UTC 2018
1 ms. Memory: 337408K Free: 317554K (94%)
ptolemy.util.test.WatchDog.cancel(): canceling Tue Jun 12 00:10:51 UTC 2018
auto.tcl: Setting watchdog for 200 seconds at Tue Jun 12 00:10:51 UTC 2018
1 ms. Memory: 337408K Free: 317554K (94%)
ptolemy.util.test.WatchDog.cancel(): canceling Tue Jun 12 00:10:51 UTC 2018
------------------ testing $PTII/ptolemy/domains/de/test/auto/fsm_de_test.xml
auto.tcl: Setting watchdog for 200 seconds at Tue Jun 12 00:10:51 UTC 2018
6 ms. Memory: 338944K Free: 316433K (93%)
ptolemy.util.test.WatchDog.cancel(): canceling Tue Jun 12 00:10:51 UTC 2018
auto.tcl: Setting watchdog for 200 seconds at Tue Jun 12 00:10:51 UTC 2018
4 ms. Memory: 338944K Free: 316433K (93%)
ptolemy.util.test.WatchDog.cancel(): canceling Tue Jun 12 00:10:51 UTC 2018
------------------ testing $PTII/ptolemy/domains/de/test/auto/functionDependencyReconstruction.xml
auto.tcl: Setting watchdog for 200 seconds at Tue Jun 12 00:10:51 UTC 2018
2 ms. Memory: 337408K Free: 310960K (92%)
ptolemy.util.test.WatchDog.cancel(): canceling Tue Jun 12 00:10:51 UTC 2018
auto.tcl: Setting watchdog for 200 seconds at Tue Jun 12 00:10:51 UTC 2018
3 ms. Memory: 337408K Free: 307032K (91%)
ptolemy.util.test.WatchDog.cancel(): canceling Tue Jun 12 00:10:51 UTC 2018
------------------ testing $PTII/ptolemy/domains/de/test/auto/multirate.xml
auto.tcl: Setting watchdog for 200 seconds at Tue Jun 12 00:10:51 UTC 2018
3 ms. Memory: 338432K Free: 319700K (94%)
ptolemy.util.test.WatchDog.cancel(): canceling Tue Jun 12 00:10:51 UTC 2018
auto.tcl: Setting watchdog for 200 seconds at Tue Jun 12 00:10:51 UTC 2018
6 ms. Memory: 338432K Free: 319700K (94%)
ptolemy.util.test.WatchDog.cancel(): canceling Tue Jun 12 00:10:51 UTC 2018
------------------ testing $PTII/ptolemy/domains/de/test/auto/multirate2.xml
auto.tcl: Setting watchdog for 200 seconds at Tue Jun 12 00:10:52 UTC 2018
5 ms. Memory: 337408K Free: 318856K (95%)
ptolemy.util.test.WatchDog.cancel(): canceling Tue Jun 12 00:10:52 UTC 2018
auto.tcl: Setting watchdog for 200 seconds at Tue Jun 12 00:10:52 UTC 2018
3 ms. Memory: 337408K Free: 318856K (95%)
ptolemy.util.test.WatchDog.cancel(): canceling Tue Jun 12 00:10:52 UTC 2018
------------------ testing $PTII/ptolemy/domains/de/test/auto/realtime.xml
auto.tcl: Setting watchdog for 200 seconds at Tue Jun 12 00:10:52 UTC 2018
10003 ms. Memory: 338432K Free: 319875K (95%)
ptolemy.util.test.WatchDog.cancel(): canceling Tue Jun 12 00:11:02 UTC 2018
auto.tcl: Setting watchdog for 200 seconds at Tue Jun 12 00:11:02 UTC 2018
10001 ms. Memory: 338432K Free: 319875K (95%)
ptolemy.util.test.WatchDog.cancel(): canceling Tue Jun 12 00:11:12 UTC 2018
------------------ testing $PTII/ptolemy/domains/de/test/auto/relationGroup.xml
auto.tcl: Setting watchdog for 200 seconds at Tue Jun 12 00:11:12 UTC 2018
2 ms. Memory: 337408K Free: 322809K (96%)
ptolemy.util.test.WatchDog.cancel(): canceling Tue Jun 12 00:11:12 UTC 2018
auto.tcl: Setting watchdog for 200 seconds at Tue Jun 12 00:11:12 UTC 2018
1 ms. Memory: 337408K Free: 322809K (96%)
ptolemy.util.test.WatchDog.cancel(): canceling Tue Jun 12 00:11:12 UTC 2018
------------------ testing $PTII/ptolemy/domains/de/test/auto/relationGroup2.xml
auto.tcl: Setting watchdog for 200 seconds at Tue Jun 12 00:11:12 UTC 2018
1 ms. Memory: 338432K Free: 323859K (96%)
ptolemy.util.test.WatchDog.cancel(): canceling Tue Jun 12 00:11:12 UTC 2018
auto.tcl: Setting watchdog for 200 seconds at Tue Jun 12 00:11:12 UTC 2018
1 ms. Memory: 338432K Free: 323859K (96%)
ptolemy.util.test.WatchDog.cancel(): canceling Tue Jun 12 00:11:12 UTC 2018
------------------ testing $PTII/ptolemy/domains/de/test/auto/sortWithOpaquePorts.xml
auto.tcl: Setting watchdog for 200 seconds at Tue Jun 12 00:11:12 UTC 2018
1 ms. Memory: 337408K Free: 322836K (96%)
ptolemy.util.test.WatchDog.cancel(): canceling Tue Jun 12 00:11:12 UTC 2018
auto.tcl: Setting watchdog for 200 seconds at Tue Jun 12 00:11:12 UTC 2018
1 ms. Memory: 337408K Free: 318908K (95%)
ptolemy.util.test.WatchDog.cancel(): canceling Tue Jun 12 00:11:12 UTC 2018
------------------ testing $PTII/ptolemy/domains/de/test/auto/transferInputsandOutputs.xml
auto.tcl: Setting watchdog for 200 seconds at Tue Jun 12 00:11:12 UTC 2018
3 ms. Memory: 337920K Free: 319407K (95%)
ptolemy.util.test.WatchDog.cancel(): canceling Tue Jun 12 00:11:12 UTC 2018
auto.tcl: Setting watchdog for 200 seconds at Tue Jun 12 00:11:12 UTC 2018
1 ms. Memory: 337920K Free: 319407K (95%)
ptolemy.util.test.WatchDog.cancel(): canceling Tue Jun 12 00:11:12 UTC 2018
------------------ testing $PTII/ptolemy/domains/de/test/auto/triggerType.xml
auto.tcl: Setting watchdog for 200 seconds at Tue Jun 12 00:11:12 UTC 2018
1 ms. Memory: 337408K Free: 322775K (96%)
ptolemy.util.test.WatchDog.cancel(): canceling Tue Jun 12 00:11:12 UTC 2018
auto.tcl: Setting watchdog for 200 seconds at Tue Jun 12 00:11:12 UTC 2018
1 ms. Memory: 337408K Free: 318862K (95%)
ptolemy.util.test.WatchDog.cancel(): canceling Tue Jun 12 00:11:12 UTC 2018
06/12/18 12:11:12
Failed: 0  Total Tests: 192  ((Passed: 187, Newly Passed: 1)  Known Failed: 5) /home/travis/build/icyphy/ptII/ptolemy/domains/de/test
06/12/18 12:11:12
Failed: 0  Total Tests: 192  ((Passed: 187, Newly Passed: 1)  Known Failed: 5) /home/travis/build/icyphy/ptII/ptolemy/domains/de/test
----------------- testing (KnownFailure) /home/travis/build/icyphy/ptII/ptolemy/domains/de/test/auto/knownFailedTests/DESDFClockTest.xml
2013 ms. Memory: 337920K Free: 313080K (93%)
Known Failure: java.lang.reflect.InvocationTargetException
----------------- testing (KnownFailure) /home/travis/build/icyphy/ptII/ptolemy/domains/de/test/auto/knownFailedTests/DirectFeedback.xml
1 ms. Memory: 337920K Free: 292600K (87%)
Known Failure: java.lang.reflect.InvocationTargetException
----------------- testing (KnownFailure) /home/travis/build/icyphy/ptII/ptolemy/domains/de/test/auto/knownFailedTests/FSMSource.xml
10 ms. Memory: 337920K Free: 266984K (79%)
----------------- testing (KnownFailure) /home/travis/build/icyphy/ptII/ptolemy/domains/de/test/auto/knownFailedTests/HierarchicalModel.xml
2 ms. Memory: 337920K Free: 241351K (71%)
Known Failure: java.lang.reflect.InvocationTargetException
----------------- testing (KnownFailure) /home/travis/build/icyphy/ptII/ptolemy/domains/de/test/auto/knownFailedTests/dependencyLoop.xml
2 ms. Memory: 337920K Free: 210615K (62%)
Known Failure: java.lang.reflect.InvocationTargetException
----------------- testing (KnownFailure) /home/travis/build/icyphy/ptII/ptolemy/domains/de/test/auto/knownFailedTests/dependencyLoop2.xml
1 ms. Memory: 337920K Free: 179879K (53%)
Known Failure: java.lang.reflect.InvocationTargetException
No auto/linux-amd64/*.xml tests in /home/travis/build/icyphy/ptII/ptolemy/domains/de/test
AutoTests.java: About to close Vertx.
AutoTests.java: Vertx closed.

===========================================================================================
----------------- testing Tue Jun 12 00:11:14 UTC 2018 /home/travis/build/icyphy/ptII/ptolemy/domains/de/test/auto/ActorDepthCalculation_actorWithoutPorts.xml
----------------- Instantiating /home/travis/build/icyphy/ptII/ptolemy/domains/de/test/auto/ActorDepthCalculation_actorWithoutPorts.xml
2 ms. Memory: 337920K Free: 154278K (46%)
----------------- Invoking toplevel() on ptolemy.moml.MoMLSimpleApplication@6faa2f82
----------------- Done invoking toplevel() on ptolemy.moml.MoMLSimpleApplication@6faa2f82
reloadAllAccessors: .ActorDepthCalculation_actorWithoutPorts

===========================================================================================
----------------- testing Tue Jun 12 00:11:14 UTC 2018 /home/travis/build/icyphy/ptII/ptolemy/domains/de/test/auto/AssemblyLine.xml
----------------- Instantiating /home/travis/build/icyphy/ptII/ptolemy/domains/de/test/auto/AssemblyLine.xml
1 ms. Memory: 337920K Free: 138902K (41%)
----------------- Invoking toplevel() on ptolemy.moml.MoMLSimpleApplication@1181c1c1
----------------- Done invoking toplevel() on ptolemy.moml.MoMLSimpleApplication@1181c1c1
reloadAllAccessors: .AssemblyLine

===========================================================================================
----------------- testing Tue Jun 12 00:11:14 UTC 2018 /home/travis/build/icyphy/ptII/ptolemy/domains/de/test/auto/CQBug1.xml
----------------- Instantiating /home/travis/build/icyphy/ptII/ptolemy/domains/de/test/auto/CQBug1.xml
0 ms. Memory: 337920K Free: 128662K (38%)
----------------- Invoking toplevel() on ptolemy.moml.MoMLSimpleApplication@6a1147bc
----------------- Done invoking toplevel() on ptolemy.moml.MoMLSimpleApplication@6a1147bc
reloadAllAccessors: .CQBug1

===========================================================================================
----------------- testing Tue Jun 12 00:11:14 UTC 2018 /home/travis/build/icyphy/ptII/ptolemy/domains/de/test/auto/CancelFireAt.xml
----------------- Instantiating /home/travis/build/icyphy/ptII/ptolemy/domains/de/test/auto/CancelFireAt.xml
1 ms. Memory: 337920K Free: 118422K (35%)
----------------- Invoking toplevel() on ptolemy.moml.MoMLSimpleApplication@c7a55d8
----------------- Done invoking toplevel() on ptolemy.moml.MoMLSimpleApplication@c7a55d8
reloadAllAccessors: .CancelFireAt

===========================================================================================
----------------- testing Tue Jun 12 00:11:14 UTC 2018 /home/travis/build/icyphy/ptII/ptolemy/domains/de/test/auto/CausalityAndComposabilityAnalysis.xml
----------------- Instantiating /home/travis/build/icyphy/ptII/ptolemy/domains/de/test/auto/CausalityAndComposabilityAnalysis.xml
1 ms. Memory: 337920K Free: 108182K (32%)
----------------- Invoking toplevel() on ptolemy.moml.MoMLSimpleApplication@4c0cf43
----------------- Done invoking toplevel() on ptolemy.moml.MoMLSimpleApplication@4c0cf43
reloadAllAccessors: .CausalityAndComposabilityAnalysis

===========================================================================================
----------------- testing Tue Jun 12 00:11:14 UTC 2018 /home/travis/build/icyphy/ptII/ptolemy/domains/de/test/auto/CausalityInterface1.xml
----------------- Instantiating /home/travis/build/icyphy/ptII/ptolemy/domains/de/test/auto/CausalityInterface1.xml
2 ms. Memory: 337920K Free: 97942K (29%)
----------------- Invoking toplevel() on ptolemy.moml.MoMLSimpleApplication@5358779e
----------------- Done invoking toplevel() on ptolemy.moml.MoMLSimpleApplication@5358779e
reloadAllAccessors: .CausalityInterface1

===========================================================================================
----------------- testing Tue Jun 12 00:11:14 UTC 2018 /home/travis/build/icyphy/ptII/ptolemy/domains/de/test/auto/CausalityInterface15.xml
----------------- Instantiating /home/travis/build/icyphy/ptII/ptolemy/domains/de/test/auto/CausalityInterface15.xml
1 ms. Memory: 337920K Free: 83790K (25%)
----------------- Invoking toplevel() on ptolemy.moml.MoMLSimpleApplication@3db702a8
----------------- Done invoking toplevel() on ptolemy.moml.MoMLSimpleApplication@3db702a8
reloadAllAccessors: .CausalityInterface15

[...]
java.lang.RuntimeException: Execution failed
	at ptolemy.moml.MoMLSimpleApplication$UnloadThread.run(MoMLSimpleApplication.java:402)
Caused by: ptolemy.kernel.util.IllegalActionException: Test fails in iteration 1.
Value was: 1.0. Should have been: 2.0
  in .DirectFeedback.Test
	at ptolemy.actor.lib.Test.fire(Test.java:268)
	at ptolemy.domains.de.kernel.DEDirector._fire(DEDirector.java:1949)
	at ptolemy.domains.de.kernel.DEDirector.fire(DEDirector.java:502)
	at ptolemy.actor.CompositeActor.fire(CompositeActor.java:455)
	at ptolemy.actor.Manager.iterate(Manager.java:851)
	at ptolemy.actor.Manager.execute(Manager.java:369)
	at ptolemy.actor.Manager.run(Manager.java:1263)
	at ptolemy.actor.Manager$PtolemyRunThread.run(Manager.java:1915)
java.lang.RuntimeException: Execution failed
	at ptolemy.moml.MoMLSimpleApplication$UnloadThread.run(MoMLSimpleApplication.java:402)
Caused by: ptolemy.kernel.util.IllegalActionException: Actor is not ready to fire.  Perhaps UpSample.prefire() returned false? Try debugging the actor by selecting "Listen to Actor".  Also, for SDF check moml for tokenConsumptionRate on input.
  in .DESDFClockTest.Play Bell.Copy1:SDF Director and .DESDFClockTest.Play Bell.UpSample
	at ptolemy.actor.sched.StaticSchedulingDirector.fire(StaticSchedulingDirector.java:227)
	at ptolemy.domains.sdf.kernel.SDFDirector.fire(SDFDirector.java:500)
	at ptolemy.actor.CompositeActor.fire(CompositeActor.java:455)
	at ptolemy.domains.de.kernel.DEDirector._fire(DEDirector.java:1949)
	at ptolemy.domains.de.kernel.DEDirector.fire(DEDirector.java:502)
	at ptolemy.actor.CompositeActor.fire(CompositeActor.java:455)
	at ptolemy.actor.Manager.iterate(Manager.java:851)
	at ptolemy.actor.Manager.execute(Manager.java:369)
	at ptolemy.actor.Manager.run(Manager.java:1263)
	at ptolemy.actor.Manager$PtolemyRunThread.run(Manager.java:1915)
java.lang.reflect.InvocationTargetException
	at sun.reflect.NativeConstructorAccessorImpl.newInstance0(Native Method)
	at sun.reflect.NativeConstructorAccessorImpl.newInstance(NativeConstructorAccessorImpl.java:62)
	at sun.reflect.DelegatingConstructorAccessorImpl.newInstance(DelegatingConstructorAccessorImpl.java:45)
	at java.lang.reflect.Constructor.newInstance(Constructor.java:423)
	at ptolemy.util.test.junit.AutoKnownFailedTests.RunModel(AutoKnownFailedTests.java:107)
	at sun.reflect.NativeMethodAccessorImpl.invoke0(Native Method)
	at sun.reflect.NativeMethodAccessorImpl.invoke(NativeMethodAccessorImpl.java:62)
	at sun.reflect.DelegatingMethodAccessorImpl.invoke(DelegatingMethodAccessorImpl.java:43)
	at java.lang.reflect.Method.invoke(Method.java:498)
	at org.junit.runners.model.FrameworkMethod$1.runReflectiveCall(FrameworkMethod.java:44)
	at org.junit.internal.runners.model.ReflectiveCallable.run(ReflectiveCallable.java:15)
	at org.junit.runners.model.FrameworkMethod.invokeExplosively(FrameworkMethod.java:41)
	at junitparams.internal.InvokeParameterisedMethod.evaluate(InvokeParameterisedMethod.java:102)
	at org.junit.internal.runners.statements.FailOnTimeout$1.run(FailOnTimeout.java:28)
Caused by: ptolemy.kernel.util.IllegalActionException: Actor is not ready to fire.  Perhaps UpSample.prefire() returned false? Try debugging the actor by selecting "Listen to Actor".  Also, for SDF check moml for tokenConsumptionRate on input.
  in .DESDFClockTest.Play Bell.Copy1:SDF Director and .DESDFClockTest.Play Bell.UpSample
	at ptolemy.actor.sched.StaticSchedulingDirector.fire(StaticSchedulingDirector.java:227)
	at ptolemy.domains.sdf.kernel.SDFDirector.fire(SDFDirector.java:500)
	at ptolemy.actor.CompositeActor.fire(CompositeActor.java:455)
	at ptolemy.domains.de.kernel.DEDirector._fire(DEDirector.java:1949)
	at ptolemy.domains.de.kernel.DEDirector.fire(DEDirector.java:502)
	at ptolemy.actor.CompositeActor.fire(CompositeActor.java:455)
	at ptolemy.actor.Manager.iterate(Manager.java:851)
	at ptolemy.actor.Manager.execute(Manager.java:369)
	at ptolemy.actor.Manager.run(Manager.java:1263)
	at ptolemy.actor.Manager$PtolemyRunThread.run(Manager.java:1915)
java.lang.RuntimeException: Execution failed
	at ptolemy.moml.MoMLSimpleApplication$UnloadThread.run(MoMLSimpleApplication.java:402)
Caused by: ptolemy.kernel.util.IllegalActionException: Test fails in iteration 1.
Value was: 1.0. Should have been: 2.0
  in .DirectFeedback.Test
	at ptolemy.actor.lib.Test.fire(Test.java:268)
	at ptolemy.domains.de.kernel.DEDirector._fire(DEDirector.java:1949)
	at ptolemy.domains.de.kernel.DEDirector.fire(DEDirector.java:502)
	at ptolemy.actor.CompositeActor.fire(CompositeActor.java:455)
	at ptolemy.actor.Manager.iterate(Manager.java:851)
	at ptolemy.actor.Manager.execute(Manager.java:369)
	at ptolemy.actor.Manager.run(Manager.java:1263)
	at ptolemy.actor.Manager$PtolemyRunThread.run(Manager.java:1915)
java.lang.reflect.InvocationTargetException
	at sun.reflect.NativeConstructorAccessorImpl.newInstance0(Native Method)
	at sun.reflect.NativeConstructorAccessorImpl.newInstance(NativeConstructorAccessorImpl.java:62)
	at sun.reflect.DelegatingConstructorAccessorImpl.newInstance(DelegatingConstructorAccessorImpl.java:45)
	at java.lang.reflect.Constructor.newInstance(Constructor.java:423)
	at ptolemy.util.test.junit.AutoKnownFailedTests.RunModel(AutoKnownFailedTests.java:107)
	at sun.reflect.NativeMethodAccessorImpl.invoke0(Native Method)
	at sun.reflect.NativeMethodAccessorImpl.invoke(NativeMethodAccessorImpl.java:62)
	at sun.reflect.DelegatingMethodAccessorImpl.invoke(DelegatingMethodAccessorImpl.java:43)
	at java.lang.reflect.Method.invoke(Method.java:498)
	at org.junit.runners.model.FrameworkMethod$1.runReflectiveCall(FrameworkMethod.java:44)
	at org.junit.internal.runners.model.ReflectiveCallable.run(ReflectiveCallable.java:15)
	at org.junit.runners.model.FrameworkMethod.invokeExplosively(FrameworkMethod.java:41)
	at junitparams.internal.InvokeParameterisedMethod.evaluate(InvokeParameterisedMethod.java:102)
	at org.junit.internal.runners.statements.FailOnTimeout$1.run(FailOnTimeout.java:28)
Caused by: ptolemy.kernel.util.IllegalActionException: Test fails in iteration 1.
Value was: 1.0. Should have been: 2.0
  in .DirectFeedback.Test
	at ptolemy.actor.lib.Test.fire(Test.java:268)
	at ptolemy.domains.de.kernel.DEDirector._fire(DEDirector.java:1949)
	at ptolemy.domains.de.kernel.DEDirector.fire(DEDirector.java:502)
	at ptolemy.actor.CompositeActor.fire(CompositeActor.java:455)
	at ptolemy.actor.Manager.iterate(Manager.java:851)
	at ptolemy.actor.Manager.execute(Manager.java:369)
	at ptolemy.actor.Manager.run(Manager.java:1263)
	at ptolemy.actor.Manager$PtolemyRunThread.run(Manager.java:1915)
java.lang.RuntimeException: Execution failed
	at ptolemy.moml.MoMLSimpleApplication$UnloadThread.run(MoMLSimpleApplication.java:402)
Caused by: ptolemy.kernel.util.IllegalActionException: Found a zero delay loop containing .HierarchicalModel.A
  in .HierarchicalModel and .HierarchicalModel.A
	at ptolemy.actor.util.CausalityInterfaceForComposites._computeOutputPortDepth(CausalityInterfaceForComposites.java:759)
	at ptolemy.actor.util.CausalityInterfaceForComposites._computeInputDepth(CausalityInterfaceForComposites.java:696)
	at ptolemy.actor.util.CausalityInterfaceForComposites._computeOutputPortDepth(CausalityInterfaceForComposites.java:765)
	at ptolemy.actor.util.CausalityInterfaceForComposites._computeInputDepth(CausalityInterfaceForComposites.java:696)
	at ptolemy.actor.util.CausalityInterfaceForComposites._computeOutputPortDepth(CausalityInterfaceForComposites.java:765)
	at ptolemy.actor.util.CausalityInterfaceForComposites._computeInputDepth(CausalityInterfaceForComposites.java:696)
	at ptolemy.actor.util.CausalityInterfaceForComposites._computeActorDepth(CausalityInterfaceForComposites.java:532)
	at ptolemy.actor.util.CausalityInterfaceForComposites.checkForCycles(CausalityInterfaceForComposites.java:96)
	at ptolemy.domains.de.kernel.DEDirector.preinitialize(DEDirector.java:1338)
	at ptolemy.actor.CompositeActor.preinitialize(CompositeActor.java:1828)
	at ptolemy.actor.Manager.preinitializeAndResolveTypes(Manager.java:1040)
	at ptolemy.actor.Manager.initialize(Manager.java:710)
	at ptolemy.actor.Manager.execute(Manager.java:356)
	at ptolemy.actor.Manager.run(Manager.java:1263)
	at ptolemy.actor.Manager$PtolemyRunThread.run(Manager.java:1915)
java.lang.reflect.InvocationTargetException
	at sun.reflect.NativeConstructorAccessorImpl.newInstance0(Native Method)
	at sun.reflect.NativeConstructorAccessorImpl.newInstance(NativeConstructorAccessorImpl.java:62)
	at sun.reflect.DelegatingConstructorAccessorImpl.newInstance(DelegatingConstructorAccessorImpl.java:45)
	at java.lang.reflect.Constructor.newInstance(Constructor.java:423)
	at ptolemy.util.test.junit.AutoKnownFailedTests.RunModel(AutoKnownFailedTests.java:107)
	at sun.reflect.NativeMethodAccessorImpl.invoke0(Native Method)
	at sun.reflect.NativeMethodAccessorImpl.invoke(NativeMethodAccessorImpl.java:62)
	at sun.reflect.DelegatingMethodAccessorImpl.invoke(DelegatingMethodAccessorImpl.java:43)
	at java.lang.reflect.Method.invoke(Method.java:498)
	at org.junit.runners.model.FrameworkMethod$1.runReflectiveCall(FrameworkMethod.java:44)
	at org.junit.internal.runners.model.ReflectiveCallable.run(ReflectiveCallable.java:15)
	at org.junit.runners.model.FrameworkMethod.invokeExplosively(FrameworkMethod.java:41)
	at junitparams.internal.InvokeParameterisedMethod.evaluate(InvokeParameterisedMethod.java:102)
	at org.junit.internal.runners.statements.FailOnTimeout$1.run(FailOnTimeout.java:28)
Caused by: ptolemy.kernel.util.IllegalActionException: Found a zero delay loop containing .HierarchicalModel.A
  in .HierarchicalModel and .HierarchicalModel.A
	at ptolemy.actor.util.CausalityInterfaceForComposites._computeOutputPortDepth(CausalityInterfaceForComposites.java:759)
	at ptolemy.actor.util.CausalityInterfaceForComposites._computeInputDepth(CausalityInterfaceForComposites.java:696)
	at ptolemy.actor.util.CausalityInterfaceForComposites._computeOutputPortDepth(CausalityInterfaceForComposites.java:765)
	at ptolemy.actor.util.CausalityInterfaceForComposites._computeInputDepth(CausalityInterfaceForComposites.java:696)
	at ptolemy.actor.util.CausalityInterfaceForComposites._computeOutputPortDepth(CausalityInterfaceForComposites.java:765)
	at ptolemy.actor.util.CausalityInterfaceForComposites._computeInputDepth(CausalityInterfaceForComposites.java:696)
	at ptolemy.actor.util.CausalityInterfaceForComposites._computeActorDepth(CausalityInterfaceForComposites.java:532)
	at ptolemy.actor.util.CausalityInterfaceForComposites.checkForCycles(CausalityInterfaceForComposites.java:96)
	at ptolemy.domains.de.kernel.DEDirector.preinitialize(DEDirector.java:1338)
	at ptolemy.actor.CompositeActor.preinitialize(CompositeActor.java:1828)
	at ptolemy.actor.Manager.preinitializeAndResolveTypes(Manager.java:1040)
	at ptolemy.actor.Manager.initialize(Manager.java:710)
	at ptolemy.actor.Manager.execute(Manager.java:356)
	at ptolemy.actor.Manager.run(Manager.java:1263)
	at ptolemy.actor.Manager$PtolemyRunThread.run(Manager.java:1915)
java.lang.RuntimeException: Execution failed
	at ptolemy.moml.MoMLSimpleApplication$UnloadThread.run(MoMLSimpleApplication.java:402)
Caused by: ptolemy.kernel.util.IllegalActionException: Found a zero delay loop containing .dependencyLoop.original
  in .dependencyLoop and .dependencyLoop.original
	at ptolemy.actor.util.CausalityInterfaceForComposites._computeOutputPortDepth(CausalityInterfaceForComposites.java:759)
	at ptolemy.actor.util.CausalityInterfaceForComposites._computeInputDepth(CausalityInterfaceForComposites.java:696)
	at ptolemy.actor.util.CausalityInterfaceForComposites._computeOutputPortDepth(CausalityInterfaceForComposites.java:765)
	at ptolemy.actor.util.CausalityInterfaceForComposites._computeInputDepth(CausalityInterfaceForComposites.java:696)
	at ptolemy.actor.util.CausalityInterfaceForComposites._computeOutputPortDepth(CausalityInterfaceForComposites.java:765)
	at ptolemy.actor.util.CausalityInterfaceForComposites._computeInputDepth(CausalityInterfaceForComposites.java:696)
	at ptolemy.actor.util.CausalityInterfaceForComposites._computeActorDepth(CausalityInterfaceForComposites.java:532)
	at ptolemy.actor.util.CausalityInterfaceForComposites.checkForCycles(CausalityInterfaceForComposites.java:96)
	at ptolemy.domains.de.kernel.DEDirector.preinitialize(DEDirector.java:1338)
	at ptolemy.actor.CompositeActor.preinitialize(CompositeActor.java:1828)
	at ptolemy.actor.Manager.preinitializeAndResolveTypes(Manager.java:1040)
	at ptolemy.actor.Manager.initialize(Manager.java:710)
	at ptolemy.actor.Manager.execute(Manager.java:356)
	at ptolemy.actor.Manager.run(Manager.java:1263)
	at ptolemy.actor.Manager$PtolemyRunThread.run(Manager.java:1915)
java.lang.reflect.InvocationTargetException
	at sun.reflect.NativeConstructorAccessorImpl.newInstance0(Native Method)
	at sun.reflect.NativeConstructorAccessorImpl.newInstance(NativeConstructorAccessorImpl.java:62)
	at sun.reflect.DelegatingConstructorAccessorImpl.newInstance(DelegatingConstructorAccessorImpl.java:45)
	at java.lang.reflect.Constructor.newInstance(Constructor.java:423)
	at ptolemy.util.test.junit.AutoKnownFailedTests.RunModel(AutoKnownFailedTests.java:107)
	at sun.reflect.NativeMethodAccessorImpl.invoke0(Native Method)
	at sun.reflect.NativeMethodAccessorImpl.invoke(NativeMethodAccessorImpl.java:62)
	at sun.reflect.DelegatingMethodAccessorImpl.invoke(DelegatingMethodAccessorImpl.java:43)
	at java.lang.reflect.Method.invoke(Method.java:498)
	at org.junit.runners.model.FrameworkMethod$1.runReflectiveCall(FrameworkMethod.java:44)
	at org.junit.internal.runners.model.ReflectiveCallable.run(ReflectiveCallable.java:15)
	at org.junit.runners.model.FrameworkMethod.invokeExplosively(FrameworkMethod.java:41)
	at junitparams.internal.InvokeParameterisedMethod.evaluate(InvokeParameterisedMethod.java:102)
	at org.junit.internal.runners.statements.FailOnTimeout$1.run(FailOnTimeout.java:28)
Caused by: ptolemy.kernel.util.IllegalActionException: Found a zero delay loop containing .dependencyLoop.original
  in .dependencyLoop and .dependencyLoop.original
	at ptolemy.actor.util.CausalityInterfaceForComposites._computeOutputPortDepth(CausalityInterfaceForComposites.java:759)
	at ptolemy.actor.util.CausalityInterfaceForComposites._computeInputDepth(CausalityInterfaceForComposites.java:696)
	at ptolemy.actor.util.CausalityInterfaceForComposites._computeOutputPortDepth(CausalityInterfaceForComposites.java:765)
	at ptolemy.actor.util.CausalityInterfaceForComposites._computeInputDepth(CausalityInterfaceForComposites.java:696)
	at ptolemy.actor.util.CausalityInterfaceForComposites._computeOutputPortDepth(CausalityInterfaceForComposites.java:765)
	at ptolemy.actor.util.CausalityInterfaceForComposites._computeInputDepth(CausalityInterfaceForComposites.java:696)
	at ptolemy.actor.util.CausalityInterfaceForComposites._computeActorDepth(CausalityInterfaceForComposites.java:532)
	at ptolemy.actor.util.CausalityInterfaceForComposites.checkForCycles(CausalityInterfaceForComposites.java:96)
	at ptolemy.domains.de.kernel.DEDirector.preinitialize(DEDirector.java:1338)
	at ptolemy.actor.CompositeActor.preinitialize(CompositeActor.java:1828)
	at ptolemy.actor.Manager.preinitializeAndResolveTypes(Manager.java:1040)
	at ptolemy.actor.Manager.initialize(Manager.java:710)
	at ptolemy.actor.Manager.execute(Manager.java:356)
	at ptolemy.actor.Manager.run(Manager.java:1263)
	at ptolemy.actor.Manager$PtolemyRunThread.run(Manager.java:1915)
java.lang.RuntimeException: Execution failed
	at ptolemy.moml.MoMLSimpleApplication$UnloadThread.run(MoMLSimpleApplication.java:402)
Caused by: ptolemy.kernel.util.IllegalActionException: Found a zero delay loop containing .dependencyLoop2.original
  in .dependencyLoop2 and .dependencyLoop2.original
	at ptolemy.actor.util.CausalityInterfaceForComposites._computeOutputPortDepth(CausalityInterfaceForComposites.java:759)
	at ptolemy.actor.util.CausalityInterfaceForComposites._computeInputDepth(CausalityInterfaceForComposites.java:696)
	at ptolemy.actor.util.CausalityInterfaceForComposites._computeOutputPortDepth(CausalityInterfaceForComposites.java:765)
	at ptolemy.actor.util.CausalityInterfaceForComposites._computeInputDepth(CausalityInterfaceForComposites.java:696)
	at ptolemy.actor.util.CausalityInterfaceForComposites._computeOutputPortDepth(CausalityInterfaceForComposites.java:765)
	at ptolemy.actor.util.CausalityInterfaceForComposites._computeInputDepth(CausalityInterfaceForComposites.java:696)
	at ptolemy.actor.util.CausalityInterfaceForComposites._computeActorDepth(CausalityInterfaceForComposites.java:532)
	at ptolemy.actor.util.CausalityInterfaceForComposites.checkForCycles(CausalityInterfaceForComposites.java:96)
	at ptolemy.domains.de.kernel.DEDirector.preinitialize(DEDirector.java:1338)
	at ptolemy.actor.CompositeActor.preinitialize(CompositeActor.java:1828)
	at ptolemy.actor.Manager.preinitializeAndResolveTypes(Manager.java:1040)
	at ptolemy.actor.Manager.initialize(Manager.java:710)
	at ptolemy.actor.Manager.execute(Manager.java:356)
	at ptolemy.actor.Manager.run(Manager.java:1263)
	at ptolemy.actor.Manager$PtolemyRunThread.run(Manager.java:1915)
java.lang.reflect.InvocationTargetException
	at sun.reflect.NativeConstructorAccessorImpl.newInstance0(Native Method)
	at sun.reflect.NativeConstructorAccessorImpl.newInstance(NativeConstructorAccessorImpl.java:62)
	at sun.reflect.DelegatingConstructorAccessorImpl.newInstance(DelegatingConstructorAccessorImpl.java:45)
	at java.lang.reflect.Constructor.newInstance(Constructor.java:423)
	at ptolemy.util.test.junit.AutoKnownFailedTests.RunModel(AutoKnownFailedTests.java:107)
	at sun.reflect.NativeMethodAccessorImpl.invoke0(Native Method)
	at sun.reflect.NativeMethodAccessorImpl.invoke(NativeMethodAccessorImpl.java:62)
	at sun.reflect.DelegatingMethodAccessorImpl.invoke(DelegatingMethodAccessorImpl.java:43)
	at java.lang.reflect.Method.invoke(Method.java:498)
	at org.junit.runners.model.FrameworkMethod$1.runReflectiveCall(FrameworkMethod.java:44)
	at org.junit.internal.runners.model.ReflectiveCallable.run(ReflectiveCallable.java:15)
	at org.junit.runners.model.FrameworkMethod.invokeExplosively(FrameworkMethod.java:41)
	at junitparams.internal.InvokeParameterisedMethod.evaluate(InvokeParameterisedMethod.java:102)
	at org.junit.internal.runners.statements.FailOnTimeout$1.run(FailOnTimeout.java:28)
Caused by: ptolemy.kernel.util.IllegalActionException: Found a zero delay loop containing .dependencyLoop2.original
  in .dependencyLoop2 and .dependencyLoop2.original
	at ptolemy.actor.util.CausalityInterfaceForComposites._computeOutputPortDepth(CausalityInterfaceForComposites.java:759)
	at ptolemy.actor.util.CausalityInterfaceForComposites._computeInputDepth(CausalityInterfaceForComposites.java:696)
	at ptolemy.actor.util.CausalityInterfaceForComposites._computeOutputPortDepth(CausalityInterfaceForComposites.java:765)
	at ptolemy.actor.util.CausalityInterfaceForComposites._computeInputDepth(CausalityInterfaceForComposites.java:696)
	at ptolemy.actor.util.CausalityInterfaceForComposites._computeOutputPortDepth(CausalityInterfaceForComposites.java:765)
	at ptolemy.actor.util.CausalityInterfaceForComposites._computeInputDepth(CausalityInterfaceForComposites.java:696)
	at ptolemy.actor.util.CausalityInterfaceForComposites._computeActorDepth(CausalityInterfaceForComposites.java:532)
	at ptolemy.actor.util.CausalityInterfaceForComposites.checkForCycles(CausalityInterfaceForComposites.java:96)
	at ptolemy.domains.de.kernel.DEDirector.preinitialize(DEDirector.java:1338)
	at ptolemy.actor.CompositeActor.preinitialize(CompositeActor.java:1828)
	at ptolemy.actor.Manager.preinitializeAndResolveTypes(Manager.java:1040)
	at ptolemy.actor.Manager.initialize(Manager.java:710)
	at ptolemy.actor.Manager.execute(Manager.java:356)
	at ptolemy.actor.Manager.run(Manager.java:1263)
	at ptolemy.actor.Manager$PtolemyRunThread.run(Manager.java:1915)
]]></system-err>
</testsuite>
