<?xml version="1.0" encoding="UTF-8" ?>
<testsuite errors="0" failures="0" hostname="travis-job-83d51ac2-d5c7-4f12-b84a-a94730280943" name="ptolemy.actor.lib.fmi.test.junit.JUnitTclTest" skipped="0" tests="63" time="19.909" timestamp="2020-10-22T15:49:07">
  <properties>
[...]
</properties>
  <testcase classname="ptolemy.util.test.junit.TclTests" name="[0] /home/travis/build/icyphy/ptII/ptolemy/actor/lib/fmi/test/FMUImport.tcl (RunTclFile)" time="2.448" />
  <testcase classname="ptolemy.util.test.junit.TclTests" name="[1] /home/travis/build/icyphy/ptII/ptolemy/actor/lib/fmi/test/FMUQSS.tcl (RunTclFile)" time="0.056" />
  <testcase classname="ptolemy.util.test.junit.AutoKnownFailedTests" name="[0] /home/travis/build/icyphy/ptII/ptolemy/actor/lib/fmi/test/auto/knownFailedTests/FMUContinuousInc20.xml (RunModel)" time="0.346" />
  <testcase classname="ptolemy.util.test.junit.AutoNameArchTests" name="[0] /home/travis/build/icyphy/ptII/ptolemy/actor/lib/fmi/test/auto/linux-amd64/FMUQSSAirOulet1_QSS1.xml (RunModel)" time="1.406" />
  <testcase classname="ptolemy.util.test.junit.AutoNameArchTests" name="[1] /home/travis/build/icyphy/ptII/ptolemy/actor/lib/fmi/test/auto/linux-amd64/FMUQSSAirToOulet1_QSS1.xml (RunModel)" time="0.717" />
  <testcase classname="ptolemy.util.test.junit.AutoNameArchTests" name="[2] /home/travis/build/icyphy/ptII/ptolemy/actor/lib/fmi/test/auto/linux-amd64/FMUQSSAirToOulet2_QSS1.xml (RunModel)" time="1.818" />
  <testcase classname="ptolemy.util.test.junit.AutoNameArchTests" name="[3] /home/travis/build/icyphy/ptII/ptolemy/actor/lib/fmi/test/auto/linux-amd64/FMUQSSStateEvent1_QSS1.xml (RunModel)" time="0.231" />
  <testcase classname="ptolemy.util.test.junit.AutoNameArchTests" name="[4] /home/travis/build/icyphy/ptII/ptolemy/actor/lib/fmi/test/auto/linux-amd64/FMUQSSStateEvent1_QSS2.xml (RunModel)" time="1.037" />
  <testcase classname="ptolemy.util.test.junit.AutoNameArchTests" name="[5] /home/travis/build/icyphy/ptII/ptolemy/actor/lib/fmi/test/auto/linux-amd64/FMUQSSStateEvent1_QSS3.xml (RunModel)" time="0.161" />
  <testcase classname="ptolemy.util.test.junit.AutoNameArchTests" name="[6] /home/travis/build/icyphy/ptII/ptolemy/actor/lib/fmi/test/auto/linux-amd64/FMUQSSStateEvent2_QSS1.xml (RunModel)" time="0.605" />
  <testcase classname="ptolemy.util.test.junit.AutoNameArchTests" name="[7] /home/travis/build/icyphy/ptII/ptolemy/actor/lib/fmi/test/auto/linux-amd64/FMUQSSStateEvent2_QSS2.xml (RunModel)" time="0.813" />
  <testcase classname="ptolemy.util.test.junit.AutoNameArchTests" name="[8] /home/travis/build/icyphy/ptII/ptolemy/actor/lib/fmi/test/auto/linux-amd64/FMUQSSStateEvent4_QSS1.xml (RunModel)" time="0.17" />
  <testcase classname="ptolemy.util.test.junit.AutoNameArchTests" name="[9] /home/travis/build/icyphy/ptII/ptolemy/actor/lib/fmi/test/auto/linux-amd64/FMUQSSStateEvent4_QSS2.xml (RunModel)" time="0.098" />
  <testcase classname="ptolemy.util.test.junit.AutoNameArchTests" name="[10] /home/travis/build/icyphy/ptII/ptolemy/actor/lib/fmi/test/auto/linux-amd64/FMUQSSStateEvent4_QSS3.xml (RunModel)" time="0.097" />
  <testcase classname="ptolemy.util.test.junit.AutoNameArchTests" name="[11] /home/travis/build/icyphy/ptII/ptolemy/actor/lib/fmi/test/auto/linux-amd64/FMUQSSStateEvent5_QSS1.xml (RunModel)" time="0.18" />
  <testcase classname="ptolemy.util.test.junit.AutoNameArchTests" name="[12] /home/travis/build/icyphy/ptII/ptolemy/actor/lib/fmi/test/auto/linux-amd64/FMUQSSStateEvent5_QSS2.xml (RunModel)" time="0.428" />
  <testcase classname="ptolemy.util.test.junit.AutoNameArchTests" name="[13] /home/travis/build/icyphy/ptII/ptolemy/actor/lib/fmi/test/auto/linux-amd64/FMUQSSStateEvent5_QSS3.xml (RunModel)" time="0.087" />
  <testcase classname="ptolemy.util.test.junit.AutoNameArchTests" name="[14] /home/travis/build/icyphy/ptII/ptolemy/actor/lib/fmi/test/auto/linux-amd64/FMUQSSStateEvent6_QSS1.xml (RunModel)" time="0.605" />
  <testcase classname="ptolemy.util.test.junit.AutoNameArchTests" name="[15] /home/travis/build/icyphy/ptII/ptolemy/actor/lib/fmi/test/auto/linux-amd64/FMUQSSStateEvent6_QSS2.xml (RunModel)" time="0.716" />
  <testcase classname="ptolemy.util.test.junit.AutoTests" name="[0] /home/travis/build/icyphy/ptII/ptolemy/actor/lib/fmi/test/auto/FMU30Inc.xml (RunModel)" time="0.365" />
  <testcase classname="ptolemy.util.test.junit.AutoTests" name="[1] /home/travis/build/icyphy/ptII/ptolemy/actor/lib/fmi/test/auto/FMUBouncingBall.xml (RunModel)" time="0.149" />
  <testcase classname="ptolemy.util.test.junit.AutoTests" name="[2] /home/travis/build/icyphy/ptII/ptolemy/actor/lib/fmi/test/auto/FMUBouncingBallME20.xml (RunModel)" time="0.294" />
  <testcase classname="ptolemy.util.test.junit.AutoTests" name="[3] /home/travis/build/icyphy/ptII/ptolemy/actor/lib/fmi/test/auto/FMUDQ.xml (RunModel)" time="0.025" />
  <testcase classname="ptolemy.util.test.junit.AutoTests" name="[4] /home/travis/build/icyphy/ptII/ptolemy/actor/lib/fmi/test/auto/FMUDq20.xml (RunModel)" time="0.062" />
  <testcase classname="ptolemy.util.test.junit.AutoTests" name="[5] /home/travis/build/icyphy/ptII/ptolemy/actor/lib/fmi/test/auto/FMUDqME20.xml (RunModel)" time="0.033" />
  <testcase classname="ptolemy.util.test.junit.AutoTests" name="[6] /home/travis/build/icyphy/ptII/ptolemy/actor/lib/fmi/test/auto/FMUFourInputsFourOutputsME20.xml (RunModel)" time="0.049" />
  <testcase classname="ptolemy.util.test.junit.AutoTests" name="[7] /home/travis/build/icyphy/ptII/ptolemy/actor/lib/fmi/test/auto/FMUHeaterFlowResistance.xml (RunModel)" time="0.31" />
  <testcase classname="ptolemy.util.test.junit.AutoTests" name="[8] /home/travis/build/icyphy/ptII/ptolemy/actor/lib/fmi/test/auto/FMUHelloWorld.xml (RunModel)" time="0.03" />
  <testcase classname="ptolemy.util.test.junit.AutoTests" name="[9] /home/travis/build/icyphy/ptII/ptolemy/actor/lib/fmi/test/auto/FMUHelloWorldUnBuilt.xml (RunModel)" time="0.09" />
  <testcase classname="ptolemy.util.test.junit.AutoTests" name="[10] /home/travis/build/icyphy/ptII/ptolemy/actor/lib/fmi/test/auto/FMUInc.xml (RunModel)" time="0.014" />
  <testcase classname="ptolemy.util.test.junit.AutoTests" name="[11] /home/travis/build/icyphy/ptII/ptolemy/actor/lib/fmi/test/auto/FMUInc2.xml (RunModel)" time="0.024" />
  <testcase classname="ptolemy.util.test.junit.AutoTests" name="[12] /home/travis/build/icyphy/ptII/ptolemy/actor/lib/fmi/test/auto/FMUIncME1.xml (RunModel)" time="0.025" />
  <testcase classname="ptolemy.util.test.junit.AutoTests" name="[13] /home/travis/build/icyphy/ptII/ptolemy/actor/lib/fmi/test/auto/FMUIncME20.xml (RunModel)" time="0.022" />
  <testcase classname="ptolemy.util.test.junit.AutoTests" name="[14] /home/travis/build/icyphy/ptII/ptolemy/actor/lib/fmi/test/auto/FMUIncScale20RC1pt.xml (RunModel)" time="0.028" />
  <testcase classname="ptolemy.util.test.junit.AutoTests" name="[15] /home/travis/build/icyphy/ptII/ptolemy/actor/lib/fmi/test/auto/FMULevelStairs.xml (RunModel)" time="0.044" />
  <testcase classname="ptolemy.util.test.junit.AutoTests" name="[16] /home/travis/build/icyphy/ptII/ptolemy/actor/lib/fmi/test/auto/FMUPumpConstantSpeed.xml (RunModel)" time="0.128" />
  <testcase classname="ptolemy.util.test.junit.AutoTests" name="[17] /home/travis/build/icyphy/ptII/ptolemy/actor/lib/fmi/test/auto/FMUQSSTankOpen.xml (RunModel)" time="3.101" />
  <testcase classname="ptolemy.util.test.junit.AutoTests" name="[18] /home/travis/build/icyphy/ptII/ptolemy/actor/lib/fmi/test/auto/FMUSDFBouncingBall.xml (RunModel)" time="0.032" />
  <testcase classname="ptolemy.util.test.junit.AutoTests" name="[19] /home/travis/build/icyphy/ptII/ptolemy/actor/lib/fmi/test/auto/FMUSDFBouncingBall20.xml (RunModel)" time="0.277" />
  <testcase classname="ptolemy.util.test.junit.AutoTests" name="[20] /home/travis/build/icyphy/ptII/ptolemy/actor/lib/fmi/test/auto/FMUSDFBouncingBall20RC1.xml (RunModel)" time="0.034" />
  <testcase classname="ptolemy.util.test.junit.AutoTests" name="[21] /home/travis/build/icyphy/ptII/ptolemy/actor/lib/fmi/test/auto/FMUSDFInc20.xml (RunModel)" time="0.035" />
  <testcase classname="ptolemy.util.test.junit.AutoTests" name="[22] /home/travis/build/icyphy/ptII/ptolemy/actor/lib/fmi/test/auto/FMUStairs.xml (RunModel)" time="0.052" />
  <testcase classname="ptolemy.util.test.junit.AutoTests" name="[23] /home/travis/build/icyphy/ptII/ptolemy/actor/lib/fmi/test/auto/FMUStepCounter1.xml (RunModel)" time="0.103" />
  <testcase classname="ptolemy.util.test.junit.AutoTests" name="[24] /home/travis/build/icyphy/ptII/ptolemy/actor/lib/fmi/test/auto/FMUStepCounter2.xml (RunModel)" time="0.105" />
  <testcase classname="ptolemy.util.test.junit.AutoTests" name="[25] /home/travis/build/icyphy/ptII/ptolemy/actor/lib/fmi/test/auto/FMUStepCounterContinuous1.xml (RunModel)" time="0.023" />
  <testcase classname="ptolemy.util.test.junit.AutoTests" name="[26] /home/travis/build/icyphy/ptII/ptolemy/actor/lib/fmi/test/auto/FMUStepCounterContinuous2.xml (RunModel)" time="0.02" />
  <testcase classname="ptolemy.util.test.junit.AutoTests" name="[27] /home/travis/build/icyphy/ptII/ptolemy/actor/lib/fmi/test/auto/FMUStepCounterContinuousTwoFMUs1.xml (RunModel)" time="0.029" />
  <testcase classname="ptolemy.util.test.junit.AutoTests" name="[28] /home/travis/build/icyphy/ptII/ptolemy/actor/lib/fmi/test/auto/FMUStepCounterContinuousTwoFMUs2.xml (RunModel)" time="0.044" />
  <testcase classname="ptolemy.util.test.junit.AutoTests" name="[29] /home/travis/build/icyphy/ptII/ptolemy/actor/lib/fmi/test/auto/FMUStepCounterExtendedFMI.xml (RunModel)" time="0.123" />
  <testcase classname="ptolemy.util.test.junit.AutoTests" name="[30] /home/travis/build/icyphy/ptII/ptolemy/actor/lib/fmi/test/auto/FMUStepCounterPeriodInNameContinuous2.xml (RunModel)" time="0.1" />
  <testcase classname="ptolemy.util.test.junit.AutoTests" name="[31] /home/travis/build/icyphy/ptII/ptolemy/actor/lib/fmi/test/auto/FMUTankOpen.xml (RunModel)" time="0.059" />
  <testcase classname="ptolemy.util.test.junit.AutoTests" name="[32] /home/travis/build/icyphy/ptII/ptolemy/actor/lib/fmi/test/auto/FMUTwoBallCollision.xml (RunModel)" time="0.324" />
  <testcase classname="ptolemy.util.test.junit.AutoTests" name="[33] /home/travis/build/icyphy/ptII/ptolemy/actor/lib/fmi/test/auto/FMUValues.xml (RunModel)" time="0.034" />
  <testcase classname="ptolemy.util.test.junit.AutoTests" name="[34] /home/travis/build/icyphy/ptII/ptolemy/actor/lib/fmi/test/auto/FMUValues20.xml (RunModel)" time="0.025" />
  <testcase classname="ptolemy.util.test.junit.AutoTests" name="[35] /home/travis/build/icyphy/ptII/ptolemy/actor/lib/fmi/test/auto/FMUValuesME20.xml (RunModel)" time="0.055" />
  <testcase classname="ptolemy.util.test.junit.AutoTests" name="[36] /home/travis/build/icyphy/ptII/ptolemy/actor/lib/fmi/test/auto/FMUVanDerPol.xml (RunModel)" time="0.016" />
  <testcase classname="ptolemy.util.test.junit.AutoTests" name="[37] /home/travis/build/icyphy/ptII/ptolemy/actor/lib/fmi/test/auto/FMUVanDerPol20.xml (RunModel)" time="0.082" />
  <testcase classname="ptolemy.util.test.junit.AutoTests" name="[38] /home/travis/build/icyphy/ptII/ptolemy/actor/lib/fmi/test/auto/FMUVanDerPolME20.xml (RunModel)" time="0.045" />
  <testcase classname="ptolemy.util.test.junit.AutoTests" name="[39] /home/travis/build/icyphy/ptII/ptolemy/actor/lib/fmi/test/auto/FMUdq20RC1.xml (RunModel)" time="0.012" />
  <testcase classname="ptolemy.util.test.junit.AutoTests" name="[40] /home/travis/build/icyphy/ptII/ptolemy/actor/lib/fmi/test/auto/FMUvalues20RC1.xml (RunModel)" time="0.03" />
  <testcase classname="ptolemy.util.test.junit.AutoTests" name="[41] /home/travis/build/icyphy/ptII/ptolemy/actor/lib/fmi/test/auto/FMUvanDerPol20RC1.xml (RunModel)" time="0.02" />
  <testcase classname="ptolemy.util.test.junit.AutoTests" name="[42] /home/travis/build/icyphy/ptII/ptolemy/actor/lib/fmi/test/auto/TestZeroDelayFeedback.xml (RunModel)" time="0.909" />
  <testcase classname="ptolemy.util.test.junit.AutoTests" name="[43] /home/travis/build/icyphy/ptII/ptolemy/actor/lib/fmi/test/auto/helloWorldME2.xml (RunModel)" time="0.032" />
  <system-out><![CDATA[/home/travis/build/icyphy/ptII/ptolemy/actor/lib/fmi/test/FMUImport.tcl
testDefs.tcl: setting time out to 9000 seconds at Thu Oct 22 15:49:07 UTC 2020
.top.qss1State1OutputNoBinaries
.top.helloWorld
FMUImport.tcl: auto/valuesME20.fmu is to be imported as a modelExchange fmu.
.top.valuesME
Warning: FMU modelDescription provides Integer representation of time, but precision is not specified
.top.HybridSequenceCheck
.top.inc
.top.values
.top.stairsB
.top.values20RC
.top.stepCounter
Warning: FMU modelDescription provides Integer representation of time, but precision is not specified
.top.HybridConstantSignalGenerator
.top.bouncingBall20RC
.top.SamplerFP
Warning: FMU modelDescription provides Integer representation of time, but precision is not specified
.top.HybridTriggeredConst
Warning: FMU modelDescription provides Integer representation of time, but precision is not specified
.top.HybridDelay
FMUImport.tcl: auto/dqME20.fmu is to be imported as a modelExchange fmu.
.top.dqME
.top.inc20pt
Warning: FMU modelDescription provides Integer representation of time, but precision is not specified
.top.ConstantIT
Warning: FMU modelDescription provides Integer representation of time, but precision is not specified
.top.SamplerIT
Warning: FMU modelDescription provides Integer representation of time, but precision is not specified
.top.ZeroCrossingDetectorIT
Warning: FMU modelDescription provides Integer representation of time, but precision is not specified
.top.HybridAdder
FMUImport.tcl: auto/incME20.fmu is to be imported as a modelExchange fmu.
.top.incME
.top.stepCounterExtendedFMI
.top.ballDynamics
.top.inc20RC
Warning: FMU modelDescription provides Integer representation of time, but precision is not specified
.top.DelayW
Warning: FMU modelDescription provides Integer representation of time, but precision is not specified
.top.Adder
FMUImport.tcl: auto/vanDerPolME1.fmu is to be imported as a modelExchange fmu.
.top.vanDerPolME
.top.bouncingBall
.top.fmuB20pt
.top.ClockFP
.top.onOffSupervisor
.top.fmuD20pt
.top.scale20pt
.top.stairsA
.top.dq
.top.pumpConstantSpeed
FMUImport.tcl: auto/bouncingBallME1.fmu is to be imported as a modelExchange fmu.
.top.bouncingBallME
FMUImport.tcl: auto/valuesME1.fmu is to be imported as a modelExchange fmu.
.top.valuesME
Warning: FMU modelDescription provides Integer representation of time, but precision is not specified
.top.CheckEqualityIT
Warning: FMU modelDescription provides Integer representation of time, but precision is not specified
.top.CTClockW
.top.dq20RC
.top.stepCounter
.top.helloWorldME
.top.scale20RC
Warning: FMU modelDescription provides Integer representation of time, but precision is not specified
.top.ClockW
Warning: FMU modelDescription provides Integer representation of time, but precision is not specified
.top.HybridIntegratorReset
Warning: FMU modelDescription provides Integer representation of time, but precision is not specified
.top.HybridZeroCrossingDetector
.top.fmuC20pt
.top.vanDerPol20RC
.top.levelStairs
.top.fmuA20pt
Warning: FMU modelDescription provides Integer representation of time, but precision is not specified
.top.CTClockIT
.top.stepCounterPeriodInName
Warning: FMU modelDescription provides Integer representation of time, but precision is not specified
.top.IntegratorIT
FMUImport.tcl: auto/fourInputsFourOutputsME20.fmu is to be imported as a modelExchange fmu.
.top.fourInputsFourOutputsME
Warning: FMU modelDescription provides Integer representation of time, but precision is not specified
.top.Clock
FMUImport.tcl: auto/dqME1.fmu is to be imported as a modelExchange fmu.
.top.dqME
FMUImport.tcl: auto/incME1.fmu is to be imported as a modelExchange fmu.
.top.incME
.top.CheckEqualityFP
.top.vanDerPol
Warning: FMU modelDescription provides Integer representation of time, but precision is not specified
.top.ClockIT
FMUImport.tcl: auto/tankOpen.fmu is to be imported as a modelExchange fmu.
.top.tankOpen
.top.heaterFlowResistance
FMUImport.tcl: auto/vanDerPolME20.fmu is to be imported as a modelExchange fmu.
.top.vanDerPolME
Warning: FMU modelDescription provides Integer representation of time, but precision is not specified
.top.Constant
Warning: FMU modelDescription provides Integer representation of time, but precision is not specified
.top.ZeroCrossingDetector
Warning: FMU modelDescription provides Integer representation of time, but precision is not specified
.top.Integrator
Warning: FMU modelDescription provides Integer representation of time, but precision is not specified
.top.AdderIT
Warning: FMU modelDescription provides Integer representation of time, but precision is not specified
.top.DelayIT
.top.out20pt
Warning: FMU modelDescription provides Integer representation of time, but precision is not specified
.top.Delay
.top.stairsA20RC1F
FMUImport.tcl: auto/bouncingBallME20.fmu is to be imported as a modelExchange fmu.
.top.bouncingBallME
.top.helloWorldUnBuilt
/home/travis/build/icyphy/ptII/ptolemy/actor/lib/fmi/test/FMUQSS.tcl
10/22/20 03:49:09
Failed: 0  Total Tests: 80  ((Passed: 80, Newly Passed: 0)  Known Failed: 0) /home/travis/build/icyphy/ptII/ptolemy/actor/lib/fmi/test
----------------- testing (KnownFailure) /home/travis/build/icyphy/ptII/ptolemy/actor/lib/fmi/test/auto/knownFailedTests/FMUContinuousInc20.xml
185 ms. Memory: 129024K Free: 104626K (81%)
Known Failure: java.lang.reflect.InvocationTargetException

===========================================================================================
----------------- testing Thu Oct 22 15:49:10 UTC 2020 /home/travis/build/icyphy/ptII/ptolemy/actor/lib/fmi/test/auto/linux-amd64/FMUQSSAirOulet1_QSS1.xml
----------------- Instantiating /home/travis/build/icyphy/ptII/ptolemy/actor/lib/fmi/test/auto/linux-amd64/FMUQSSAirOulet1_QSS1.xml
 Number of steps: 1811
  stateEvents: 3
  stepEvents: 0
  timeEvents: 0
1215 ms. Memory: 155648K Free: 120348K (77%)
----------------- Invoking toplevel() on ptolemy.moml.MoMLSimpleApplication@32f88fb3
----------------- Done invoking toplevel() on ptolemy.moml.MoMLSimpleApplication@32f88fb3
reloadAllAccessors: .FMUQSSAirOulet1_QSS1

===========================================================================================
----------------- testing Thu Oct 22 15:49:11 UTC 2020 /home/travis/build/icyphy/ptII/ptolemy/actor/lib/fmi/test/auto/linux-amd64/FMUQSSAirToOulet1_QSS1.xml
----------------- Instantiating /home/travis/build/icyphy/ptII/ptolemy/actor/lib/fmi/test/auto/linux-amd64/FMUQSSAirToOulet1_QSS1.xml
 Number of steps: 1811
  stateEvents: 3
  stepEvents: 0
  timeEvents: 0
628 ms. Memory: 155648K Free: 127611K (82%)
----------------- Invoking toplevel() on ptolemy.moml.MoMLSimpleApplication@70d47bda
----------------- Done invoking toplevel() on ptolemy.moml.MoMLSimpleApplication@70d47bda
reloadAllAccessors: .FMUQSSAirToOulet1_QSS1

===========================================================================================
----------------- testing Thu Oct 22 15:49:12 UTC 2020 /home/travis/build/icyphy/ptII/ptolemy/actor/lib/fmi/test/auto/linux-amd64/FMUQSSAirToOulet2_QSS1.xml
----------------- Instantiating /home/travis/build/icyphy/ptII/ptolemy/actor/lib/fmi/test/auto/linux-amd64/FMUQSSAirToOulet2_QSS1.xml
 Number of steps: 9936
  stateEvents: 1
  stepEvents: 0
  timeEvents: 8
1731 ms. Memory: 155648K Free: 66602K (43%)
----------------- Invoking toplevel() on ptolemy.moml.MoMLSimpleApplication@14ed9f7f
----------------- Done invoking toplevel() on ptolemy.moml.MoMLSimpleApplication@14ed9f7f
reloadAllAccessors: .FMUQSSAirToOulet2_QSS1

===========================================================================================
----------------- testing Thu Oct 22 15:49:13 UTC 2020 /home/travis/build/icyphy/ptII/ptolemy/actor/lib/fmi/test/auto/linux-amd64/FMUQSSStateEvent1_QSS1.xml
----------------- Instantiating /home/travis/build/icyphy/ptII/ptolemy/actor/lib/fmi/test/auto/linux-amd64/FMUQSSStateEvent1_QSS1.xml
 Number of steps: 295
  stateEvents: 1
  stepEvents: 0
  timeEvents: 0
155 ms. Memory: 201728K Free: 174474K (86%)
----------------- Invoking toplevel() on ptolemy.moml.MoMLSimpleApplication@5fc7c1a0
----------------- Done invoking toplevel() on ptolemy.moml.MoMLSimpleApplication@5fc7c1a0
reloadAllAccessors: .FMUQSSStateEvent1_QSS1

===========================================================================================
----------------- testing Thu Oct 22 15:49:14 UTC 2020 /home/travis/build/icyphy/ptII/ptolemy/actor/lib/fmi/test/auto/linux-amd64/FMUQSSStateEvent1_QSS2.xml
----------------- Instantiating /home/travis/build/icyphy/ptII/ptolemy/actor/lib/fmi/test/auto/linux-amd64/FMUQSSStateEvent1_QSS2.xml
 Number of steps: 6179
  stateEvents: 1
  stepEvents: 0
  timeEvents: 0
980 ms. Memory: 201728K Free: 152366K (76%)
----------------- Invoking toplevel() on ptolemy.moml.MoMLSimpleApplication@7d8519b6
----------------- Done invoking toplevel() on ptolemy.moml.MoMLSimpleApplication@7d8519b6
reloadAllAccessors: .FMUQSSStateEvent1_QSS2

===========================================================================================
----------------- testing Thu Oct 22 15:49:15 UTC 2020 /home/travis/build/icyphy/ptII/ptolemy/actor/lib/fmi/test/auto/linux-amd64/FMUQSSStateEvent1_QSS3.xml
----------------- Instantiating /home/travis/build/icyphy/ptII/ptolemy/actor/lib/fmi/test/auto/linux-amd64/FMUQSSStateEvent1_QSS3.xml
 Number of steps: 1067
  stateEvents: 1
  stepEvents: 0
  timeEvents: 0
140 ms. Memory: 201728K Free: 125742K (62%)
----------------- Invoking toplevel() on ptolemy.moml.MoMLSimpleApplication@12db7300
----------------- Done invoking toplevel() on ptolemy.moml.MoMLSimpleApplication@12db7300
reloadAllAccessors: .FMUQSSStateEvent1_QSS3

===========================================================================================
----------------- testing Thu Oct 22 15:49:15 UTC 2020 /home/travis/build/icyphy/ptII/ptolemy/actor/lib/fmi/test/auto/linux-amd64/FMUQSSStateEvent2_QSS1.xml
----------------- Instantiating /home/travis/build/icyphy/ptII/ptolemy/actor/lib/fmi/test/auto/linux-amd64/FMUQSSStateEvent2_QSS1.xml
 Number of steps: 3368
  stateEvents: 8
  stepEvents: 0
  timeEvents: 0
519 ms. Memory: 201728K Free: 159206K (79%)
----------------- Invoking toplevel() on ptolemy.moml.MoMLSimpleApplication@6ad009a0
----------------- Done invoking toplevel() on ptolemy.moml.MoMLSimpleApplication@6ad009a0
reloadAllAccessors: .FMUQSSStateEvent2_QSS1

===========================================================================================
----------------- testing Thu Oct 22 15:49:15 UTC 2020 /home/travis/build/icyphy/ptII/ptolemy/actor/lib/fmi/test/auto/linux-amd64/FMUQSSStateEvent2_QSS2.xml
----------------- Instantiating /home/travis/build/icyphy/ptII/ptolemy/actor/lib/fmi/test/auto/linux-amd64/FMUQSSStateEvent2_QSS2.xml
 Number of steps: 2499
  stateEvents: 8
  stepEvents: 0
  timeEvents: 0
599 ms. Memory: 201728K Free: 166752K (83%)
----------------- Invoking toplevel() on ptolemy.moml.MoMLSimpleApplication@16931fcd
----------------- Done invoking toplevel() on ptolemy.moml.MoMLSimpleApplication@16931fcd
reloadAllAccessors: .FMUQSSStateEvent2_QSS2

===========================================================================================
----------------- testing Thu Oct 22 15:49:16 UTC 2020 /home/travis/build/icyphy/ptII/ptolemy/actor/lib/fmi/test/auto/linux-amd64/FMUQSSStateEvent4_QSS1.xml
----------------- Instantiating /home/travis/build/icyphy/ptII/ptolemy/actor/lib/fmi/test/auto/linux-amd64/FMUQSSStateEvent4_QSS1.xml
 Number of steps: 707
  stateEvents: 1
  stepEvents: 0
  timeEvents: 1
95 ms. Memory: 201728K Free: 146782K (73%)
----------------- Invoking toplevel() on ptolemy.moml.MoMLSimpleApplication@51c3852d
----------------- Done invoking toplevel() on ptolemy.moml.MoMLSimpleApplication@51c3852d
reloadAllAccessors: .FMUQSSStateEvent4_QSS1

===========================================================================================
----------------- testing Thu Oct 22 15:49:16 UTC 2020 /home/travis/build/icyphy/ptII/ptolemy/actor/lib/fmi/test/auto/linux-amd64/FMUQSSStateEvent4_QSS2.xml
----------------- Instantiating /home/travis/build/icyphy/ptII/ptolemy/actor/lib/fmi/test/auto/linux-amd64/FMUQSSStateEvent4_QSS2.xml
 Number of steps: 528
  stateEvents: 1
  stepEvents: 0
  timeEvents: 1
70 ms. Memory: 201728K Free: 131422K (65%)
----------------- Invoking toplevel() on ptolemy.moml.MoMLSimpleApplication@18905d10
----------------- Done invoking toplevel() on ptolemy.moml.MoMLSimpleApplication@18905d10
reloadAllAccessors: .FMUQSSStateEvent4_QSS2

===========================================================================================
----------------- testing Thu Oct 22 15:49:17 UTC 2020 /home/travis/build/icyphy/ptII/ptolemy/actor/lib/fmi/test/auto/linux-amd64/FMUQSSStateEvent4_QSS3.xml
----------------- Instantiating /home/travis/build/icyphy/ptII/ptolemy/actor/lib/fmi/test/auto/linux-amd64/FMUQSSStateEvent4_QSS3.xml
 Number of steps: 546
  stateEvents: 1
  stepEvents: 0
  timeEvents: 1
74 ms. Memory: 201728K Free: 115552K (57%)
----------------- Invoking toplevel() on ptolemy.moml.MoMLSimpleApplication@74d8f9ea
----------------- Done invoking toplevel() on ptolemy.moml.MoMLSimpleApplication@74d8f9ea
reloadAllAccessors: .FMUQSSStateEvent4_QSS3

===========================================================================================
----------------- testing Thu Oct 22 15:49:17 UTC 2020 /home/travis/build/icyphy/ptII/ptolemy/actor/lib/fmi/test/auto/linux-amd64/FMUQSSStateEvent5_QSS1.xml
----------------- Instantiating /home/travis/build/icyphy/ptII/ptolemy/actor/lib/fmi/test/auto/linux-amd64/FMUQSSStateEvent5_QSS1.xml
 Number of steps: 991
  stateEvents: 2
  stepEvents: 0
  timeEvents: 0
129 ms. Memory: 201728K Free: 89438K (44%)
----------------- Invoking toplevel() on ptolemy.moml.MoMLSimpleApplication@61ace5e6
----------------- Done invoking toplevel() on ptolemy.moml.MoMLSimpleApplication@61ace5e6
reloadAllAccessors: .FMUQSSStateEvent5_QSS1

===========================================================================================
----------------- testing Thu Oct 22 15:49:17 UTC 2020 /home/travis/build/icyphy/ptII/ptolemy/actor/lib/fmi/test/auto/linux-amd64/FMUQSSStateEvent5_QSS2.xml
----------------- Instantiating /home/travis/build/icyphy/ptII/ptolemy/actor/lib/fmi/test/auto/linux-amd64/FMUQSSStateEvent5_QSS2.xml
 Number of steps: 3082
  stateEvents: 2
  stepEvents: 0
  timeEvents: 0
405 ms. Memory: 295936K Free: 227233K (77%)
----------------- Invoking toplevel() on ptolemy.moml.MoMLSimpleApplication@5c9ef4f5
----------------- Done invoking toplevel() on ptolemy.moml.MoMLSimpleApplication@5c9ef4f5
reloadAllAccessors: .FMUQSSStateEvent5_QSS2

===========================================================================================
----------------- testing Thu Oct 22 15:49:17 UTC 2020 /home/travis/build/icyphy/ptII/ptolemy/actor/lib/fmi/test/auto/linux-amd64/FMUQSSStateEvent5_QSS3.xml
----------------- Instantiating /home/travis/build/icyphy/ptII/ptolemy/actor/lib/fmi/test/auto/linux-amd64/FMUQSSStateEvent5_QSS3.xml
 Number of steps: 416
  stateEvents: 2
  stepEvents: 0
  timeEvents: 0
64 ms. Memory: 295936K Free: 213411K (72%)
----------------- Invoking toplevel() on ptolemy.moml.MoMLSimpleApplication@7e06dcbb
----------------- Done invoking toplevel() on ptolemy.moml.MoMLSimpleApplication@7e06dcbb
reloadAllAccessors: .FMUQSSStateEvent5_QSS3

===========================================================================================
----------------- testing Thu Oct 22 15:49:17 UTC 2020 /home/travis/build/icyphy/ptII/ptolemy/actor/lib/fmi/test/auto/linux-amd64/FMUQSSStateEvent6_QSS1.xml
----------------- Instantiating /home/travis/build/icyphy/ptII/ptolemy/actor/lib/fmi/test/auto/linux-amd64/FMUQSSStateEvent6_QSS1.xml
 Number of steps: 4328
  stateEvents: 8
  stepEvents: 0
  timeEvents: 0
533 ms. Memory: 295936K Free: 117665K (40%)
----------------- Invoking toplevel() on ptolemy.moml.MoMLSimpleApplication@507dbabf
----------------- Done invoking toplevel() on ptolemy.moml.MoMLSimpleApplication@507dbabf
reloadAllAccessors: .FMUQSSStateEvent6_QSS1

===========================================================================================
----------------- testing Thu Oct 22 15:49:18 UTC 2020 /home/travis/build/icyphy/ptII/ptolemy/actor/lib/fmi/test/auto/linux-amd64/FMUQSSStateEvent6_QSS2.xml
----------------- Instantiating /home/travis/build/icyphy/ptII/ptolemy/actor/lib/fmi/test/auto/linux-amd64/FMUQSSStateEvent6_QSS2.xml
 Number of steps: 2682
  stateEvents: 9
  stepEvents: 0
  timeEvents: 0
533 ms. Memory: 295936K Free: 173987K (59%)
----------------- Invoking toplevel() on ptolemy.moml.MoMLSimpleApplication@15263b22
----------------- Done invoking toplevel() on ptolemy.moml.MoMLSimpleApplication@15263b22
reloadAllAccessors: .FMUQSSStateEvent6_QSS2
AutoTests.java: About to close Vertx.
AutoTests.java: Vertx closed.

===========================================================================================
----------------- testing Thu Oct 22 15:49:19 UTC 2020 /home/travis/build/icyphy/ptII/ptolemy/actor/lib/fmi/test/auto/FMU30Inc.xml
----------------- Instantiating /home/travis/build/icyphy/ptII/ptolemy/actor/lib/fmi/test/auto/FMU30Inc.xml
178 ms. Memory: 295936K Free: 113571K (38%)
----------------- Invoking toplevel() on ptolemy.moml.MoMLSimpleApplication@3bf6133e
----------------- Done invoking toplevel() on ptolemy.moml.MoMLSimpleApplication@3bf6133e
reloadAllAccessors: .FMU30Inc

===========================================================================================
----------------- testing Thu Oct 22 15:49:19 UTC 2020 /home/travis/build/icyphy/ptII/ptolemy/actor/lib/fmi/test/auto/FMUBouncingBall.xml
----------------- Instantiating /home/travis/build/icyphy/ptII/ptolemy/actor/lib/fmi/test/auto/FMUBouncingBall.xml
104 ms. Memory: 295936K Free: 102817K (35%)
----------------- Invoking toplevel() on ptolemy.moml.MoMLSimpleApplication@3464176a
----------------- Done invoking toplevel() on ptolemy.moml.MoMLSimpleApplication@3464176a
reloadAllAccessors: .FMUBouncingBall

===========================================================================================
----------------- testing Thu Oct 22 15:49:19 UTC 2020 /home/travis/build/icyphy/ptII/ptolemy/actor/lib/fmi/test/auto/FMUBouncingBallME20.xml
----------------- Instantiating /home/travis/build/icyphy/ptII/ptolemy/actor/lib/fmi/test/auto/FMUBouncingBallME20.xml
119 ms. Memory: 295936K Free: 252133K (85%)
----------------- Invoking toplevel() on ptolemy.moml.MoMLSimpleApplication@6b24c027
----------------- Done invoking toplevel() on ptolemy.moml.MoMLSimpleApplication@6b24c027
reloadAllAccessors: .FMUBouncingBallME20

===========================================================================================
----------------- testing Thu Oct 22 15:49:20 UTC 2020 /home/travis/build/icyphy/ptII/ptolemy/actor/lib/fmi/test/auto/FMUDQ.xml
----------------- Instantiating /home/travis/build/icyphy/ptII/ptolemy/actor/lib/fmi/test/auto/FMUDQ.xml
5 ms. Memory: 295936K Free: 247527K (84%)
----------------- Invoking toplevel() on ptolemy.moml.MoMLSimpleApplication@1b3cadc5
----------------- Done invoking toplevel() on ptolemy.moml.MoMLSimpleApplication@1b3cadc5
reloadAllAccessors: .FMUDQ

===========================================================================================
----------------- testing Thu Oct 22 15:49:20 UTC 2020 /home/travis/build/icyphy/ptII/ptolemy/actor/lib/fmi/test/auto/FMUDq20.xml
----------------- Instantiating /home/travis/build/icyphy/ptII/ptolemy/actor/lib/fmi/test/auto/FMUDq20.xml
27 ms. Memory: 295936K Free: 237287K (80%)
----------------- Invoking toplevel() on ptolemy.moml.MoMLSimpleApplication@3f72d1d9
----------------- Done invoking toplevel() on ptolemy.moml.MoMLSimpleApplication@3f72d1d9
reloadAllAccessors: .FMUDq20

===========================================================================================
----------------- testing Thu Oct 22 15:49:20 UTC 2020 /home/travis/build/icyphy/ptII/ptolemy/actor/lib/fmi/test/auto/FMUDqME20.xml
----------------- Instantiating /home/travis/build/icyphy/ptII/ptolemy/actor/lib/fmi/test/auto/FMUDqME20.xml
7 ms. Memory: 295936K Free: 230629K (78%)
----------------- Invoking toplevel() on ptolemy.moml.MoMLSimpleApplication@fb6b383
----------------- Done invoking toplevel() on ptolemy.moml.MoMLSimpleApplication@fb6b383
reloadAllAccessors: .FMUDqME20

===========================================================================================
----------------- testing Thu Oct 22 15:49:20 UTC 2020 /home/travis/build/icyphy/ptII/ptolemy/actor/lib/fmi/test/auto/FMUFourInputsFourOutputsME20.xml
----------------- Instantiating /home/travis/build/icyphy/ptII/ptolemy/actor/lib/fmi/test/auto/FMUFourInputsFourOutputsME20.xml
16 ms. Memory: 295936K Free: 221927K (75%)
----------------- Invoking toplevel() on ptolemy.moml.MoMLSimpleApplication@5bba0d1c
----------------- Done invoking toplevel() on ptolemy.moml.MoMLSimpleApplication@5bba0d1c
reloadAllAccessors: .FMUFourInputsFourOutputsME20

===========================================================================================
----------------- testing Thu Oct 22 15:49:20 UTC 2020 /home/travis/build/icyphy/ptII/ptolemy/actor/lib/fmi/test/auto/FMUHeaterFlowResistance.xml
----------------- Instantiating /home/travis/build/icyphy/ptII/ptolemy/actor/lib/fmi/test/auto/FMUHeaterFlowResistance.xml
FMU Builder messages:

Attempting to build /tmp/FMUFile7453892225811976443.tmp/binaries/linux64/heaterFlowResistance.so
architecture: linux64 isWindows: false  command: make target: linux64
make ARCH=linux64 CBITSFLAGS=-fvisibility=hidden PIC=-fPIC SHARED_LIBRARY_SUFFIX=so heaterFlowResistance.so
make[1]: Entering directory '/tmp/FMUFile7453892225811976443.tmp/sources'
echo `pwd`
/tmp/FMUFile7453892225811976443.tmp/sources
cc -g -c -fvisibility=hidden -fPIC -Wall -DFMI_COSIMULATION -I.  heaterFlowResistance.c -o heaterFlowResistance.o
Creating ../binaries/linux64/
cc -fvisibility=hidden -g -Wall -shared -Wl,-soname,heaterFlowResistance.so -DFMI_COSIMULATION -I. -o ../binaries/linux64/heaterFlowResistance.so heaterFlowResistance.o 
rm heaterFlowResistance.o
make[1]: Leaving directory '/tmp/FMUFile7453892225811976443.tmp/sources'

280 ms. Memory: 295936K Free: 211687K (72%)
----------------- Invoking toplevel() on ptolemy.moml.MoMLSimpleApplication@31857310
----------------- Done invoking toplevel() on ptolemy.moml.MoMLSimpleApplication@31857310
reloadAllAccessors: .FMUHeaterFlowResistance

===========================================================================================
----------------- testing Thu Oct 22 15:49:20 UTC 2020 /home/travis/build/icyphy/ptII/ptolemy/actor/lib/fmi/test/auto/FMUHelloWorld.xml
----------------- Instantiating /home/travis/build/icyphy/ptII/ptolemy/actor/lib/fmi/test/auto/FMUHelloWorld.xml
7 ms. Memory: 295936K Free: 208101K (70%)
----------------- Invoking toplevel() on ptolemy.moml.MoMLSimpleApplication@7dd2efe2
----------------- Done invoking toplevel() on ptolemy.moml.MoMLSimpleApplication@7dd2efe2
reloadAllAccessors: .FMUHelloWorld

===========================================================================================
----------------- testing Thu Oct 22 15:49:20 UTC 2020 /home/travis/build/icyphy/ptII/ptolemy/actor/lib/fmi/test/auto/FMUHelloWorldUnBuilt.xml
----------------- Instantiating /home/travis/build/icyphy/ptII/ptolemy/actor/lib/fmi/test/auto/FMUHelloWorldUnBuilt.xml
FMU Builder messages:

Attempting to build /tmp/FMUFile2432074633649611090.tmp/binaries/linux64/helloWorld.so
architecture: linux64 isWindows: false  command: make target: linux64
make ARCH=linux64 CBITSFLAGS=-fvisibility=hidden PIC=-fPIC SHARED_LIBRARY_SUFFIX=so helloWorld.so
make[1]: Entering directory '/tmp/FMUFile2432074633649611090.tmp/sources'
echo `pwd`
/tmp/FMUFile2432074633649611090.tmp/sources
cc -g -c -fvisibility=hidden -fPIC -Wall -DFMI_COSIMULATION -I.  helloWorld.c -o helloWorld.o
Creating ../binaries/linux64/
cc -fvisibility=hidden -g -Wall -shared -Wl,-soname,helloWorld.so -DFMI_COSIMULATION -I. -o ../binaries/linux64/helloWorld.so helloWorld.o 
rm helloWorld.o
make[1]: Leaving directory '/tmp/FMUFile2432074633649611090.tmp/sources'

72 ms. Memory: 295936K Free: 203495K (69%)
----------------- Invoking toplevel() on ptolemy.moml.MoMLSimpleApplication@4e2ba567
----------------- Done invoking toplevel() on ptolemy.moml.MoMLSimpleApplication@4e2ba567
reloadAllAccessors: .FMUHelloWorldUnBuilt

===========================================================================================
----------------- testing Thu Oct 22 15:49:20 UTC 2020 /home/travis/build/icyphy/ptII/ptolemy/actor/lib/fmi/test/auto/FMUInc.xml
----------------- Instantiating /home/travis/build/icyphy/ptII/ptolemy/actor/lib/fmi/test/auto/FMUInc.xml
4 ms. Memory: 295936K Free: 199909K (68%)
----------------- Invoking toplevel() on ptolemy.moml.MoMLSimpleApplication@58dff661
----------------- Done invoking toplevel() on ptolemy.moml.MoMLSimpleApplication@58dff661
reloadAllAccessors: .FMUInc

===========================================================================================
----------------- testing Thu Oct 22 15:49:20 UTC 2020 /home/travis/build/icyphy/ptII/ptolemy/actor/lib/fmi/test/auto/FMUInc2.xml
----------------- Instantiating /home/travis/build/icyphy/ptII/ptolemy/actor/lib/fmi/test/auto/FMUInc2.xml
12 ms. Memory: 295936K Free: 195807K (66%)
----------------- Invoking toplevel() on ptolemy.moml.MoMLSimpleApplication@c5a7ad
----------------- Done invoking toplevel() on ptolemy.moml.MoMLSimpleApplication@c5a7ad
reloadAllAccessors: .FMUInc2

===========================================================================================
----------------- testing Thu Oct 22 15:49:20 UTC 2020 /home/travis/build/icyphy/ptII/ptolemy/actor/lib/fmi/test/auto/FMUIncME1.xml
----------------- Instantiating /home/travis/build/icyphy/ptII/ptolemy/actor/lib/fmi/test/auto/FMUIncME1.xml
15 ms. Memory: 295936K Free: 192231K (65%)
----------------- Invoking toplevel() on ptolemy.moml.MoMLSimpleApplication@1e1dbd01
----------------- Done invoking toplevel() on ptolemy.moml.MoMLSimpleApplication@1e1dbd01
reloadAllAccessors: .FMUIncME1

===========================================================================================
----------------- testing Thu Oct 22 15:49:20 UTC 2020 /home/travis/build/icyphy/ptII/ptolemy/actor/lib/fmi/test/auto/FMUIncME20.xml
----------------- Instantiating /home/travis/build/icyphy/ptII/ptolemy/actor/lib/fmi/test/auto/FMUIncME20.xml
7 ms. Memory: 295936K Free: 188135K (64%)
----------------- Invoking toplevel() on ptolemy.moml.MoMLSimpleApplication@72be36af
----------------- Done invoking toplevel() on ptolemy.moml.MoMLSimpleApplication@72be36af
reloadAllAccessors: .FMUIncME20

===========================================================================================
----------------- testing Thu Oct 22 15:49:20 UTC 2020 /home/travis/build/icyphy/ptII/ptolemy/actor/lib/fmi/test/auto/FMUIncScale20RC1pt.xml
----------------- Instantiating /home/travis/build/icyphy/ptII/ptolemy/actor/lib/fmi/test/auto/FMUIncScale20RC1pt.xml
11 ms. Memory: 295936K Free: 182501K (62%)
----------------- Invoking toplevel() on ptolemy.moml.MoMLSimpleApplication@7d596f19
----------------- Done invoking toplevel() on ptolemy.moml.MoMLSimpleApplication@7d596f19
reloadAllAccessors: .FMUIncScale20RC1pt

===========================================================================================
----------------- testing Thu Oct 22 15:49:20 UTC 2020 /home/travis/build/icyphy/ptII/ptolemy/actor/lib/fmi/test/auto/FMULevelStairs.xml
----------------- Instantiating /home/travis/build/icyphy/ptII/ptolemy/actor/lib/fmi/test/auto/FMULevelStairs.xml
31 ms. Memory: 295936K Free: 177895K (60%)
----------------- Invoking toplevel() on ptolemy.moml.MoMLSimpleApplication@220c2117
----------------- Done invoking toplevel() on ptolemy.moml.MoMLSimpleApplication@220c2117
reloadAllAccessors: .FMULevelStairs

===========================================================================================
----------------- testing Thu Oct 22 15:49:21 UTC 2020 /home/travis/build/icyphy/ptII/ptolemy/actor/lib/fmi/test/auto/FMUPumpConstantSpeed.xml
----------------- Instantiating /home/travis/build/icyphy/ptII/ptolemy/actor/lib/fmi/test/auto/FMUPumpConstantSpeed.xml
FMU Builder messages:

Attempting to build /tmp/FMUFile14516517250662162594.tmp/binaries/linux64/pumpConstantSpeed.so
architecture: linux64 isWindows: false  command: make target: linux64
make ARCH=linux64 CBITSFLAGS=-fvisibility=hidden PIC=-fPIC SHARED_LIBRARY_SUFFIX=so pumpConstantSpeed.so
make[1]: Entering directory '/tmp/FMUFile14516517250662162594.tmp/sources'
echo `pwd`
/tmp/FMUFile14516517250662162594.tmp/sources
cc -g -c -fvisibility=hidden -fPIC -Wall -DFMI_COSIMULATION -I.  pumpConstantSpeed.c -o pumpConstantSpeed.o
Creating ../binaries/linux64/
cc -fvisibility=hidden -g -Wall -shared -Wl,-soname,pumpConstantSpeed.so -DFMI_COSIMULATION -I. -o ../binaries/linux64/pumpConstantSpeed.so pumpConstantSpeed.o 
rm pumpConstantSpeed.o
make[1]: Leaving directory '/tmp/FMUFile14516517250662162594.tmp/sources'

104 ms. Memory: 295936K Free: 169703K (57%)
----------------- Invoking toplevel() on ptolemy.moml.MoMLSimpleApplication@529bd611
----------------- Done invoking toplevel() on ptolemy.moml.MoMLSimpleApplication@529bd611
reloadAllAccessors: .FMUPumpConstantSpeed

===========================================================================================
----------------- testing Thu Oct 22 15:49:21 UTC 2020 /home/travis/build/icyphy/ptII/ptolemy/actor/lib/fmi/test/auto/FMUQSSTankOpen.xml
----------------- Instantiating /home/travis/build/icyphy/ptII/ptolemy/actor/lib/fmi/test/auto/FMUQSSTankOpen.xml
FMU Builder messages:

Attempting to build /tmp/FMUFile16039303108634821302.tmp/binaries/linux64/tankOpen.so
architecture: linux64 isWindows: false  command: make target: linux64
make ARCH=linux64 CBITSFLAGS=-fvisibility=hidden PIC=-fPIC SHARED_LIBRARY_SUFFIX=so tankOpen.so
make[1]: Entering directory '/tmp/FMUFile16039303108634821302.tmp/sources'
echo `pwd`
/tmp/FMUFile16039303108634821302.tmp/sources
cc -g -c -fvisibility=hidden -fPIC -Wall -DFMI_COSIMULATION -I.  tankOpen.c -o tankOpen.o
Creating ../binaries/linux64/
cc -fvisibility=hidden -g -Wall -shared -Wl,-soname,tankOpen.so -DFMI_COSIMULATION -I. -o ../binaries/linux64/tankOpen.so tankOpen.o -lm
rm tankOpen.o
make[1]: Leaving directory '/tmp/FMUFile16039303108634821302.tmp/sources'

 Number of steps: 39894
  stateEvents: 0
  stepEvents: 0
  timeEvents: 0
3025 ms. Memory: 436224K Free: 348389K (80%)
----------------- Invoking toplevel() on ptolemy.moml.MoMLSimpleApplication@371883d0
----------------- Done invoking toplevel() on ptolemy.moml.MoMLSimpleApplication@371883d0
reloadAllAccessors: .FMUQSSTankOpen

===========================================================================================
----------------- testing Thu Oct 22 15:49:24 UTC 2020 /home/travis/build/icyphy/ptII/ptolemy/actor/lib/fmi/test/auto/FMUSDFBouncingBall.xml
----------------- Instantiating /home/travis/build/icyphy/ptII/ptolemy/actor/lib/fmi/test/auto/FMUSDFBouncingBall.xml
8 ms. Memory: 436224K Free: 342759K (79%)
----------------- Invoking toplevel() on ptolemy.moml.MoMLSimpleApplication@76f6a693
----------------- Done invoking toplevel() on ptolemy.moml.MoMLSimpleApplication@76f6a693
reloadAllAccessors: .FMUSDFBouncingBall

===========================================================================================
----------------- testing Thu Oct 22 15:49:24 UTC 2020 /home/travis/build/icyphy/ptII/ptolemy/actor/lib/fmi/test/auto/FMUSDFBouncingBall20.xml
----------------- Instantiating /home/travis/build/icyphy/ptII/ptolemy/actor/lib/fmi/test/auto/FMUSDFBouncingBall20.xml
200 ms. Memory: 436224K Free: 303847K (70%)
----------------- Invoking toplevel() on ptolemy.moml.MoMLSimpleApplication@7e50ca87
----------------- Done invoking toplevel() on ptolemy.moml.MoMLSimpleApplication@7e50ca87
reloadAllAccessors: .FMUSDFBouncingBall20

===========================================================================================
----------------- testing Thu Oct 22 15:49:24 UTC 2020 /home/travis/build/icyphy/ptII/ptolemy/actor/lib/fmi/test/auto/FMUSDFBouncingBall20RC1.xml
----------------- Instantiating /home/travis/build/icyphy/ptII/ptolemy/actor/lib/fmi/test/auto/FMUSDFBouncingBall20RC1.xml
11 ms. Memory: 436224K Free: 297703K (68%)
----------------- Invoking toplevel() on ptolemy.moml.MoMLSimpleApplication@799b18ad
----------------- Done invoking toplevel() on ptolemy.moml.MoMLSimpleApplication@799b18ad
reloadAllAccessors: .FMUSDFBouncingBall20RC1

===========================================================================================
----------------- testing Thu Oct 22 15:49:24 UTC 2020 /home/travis/build/icyphy/ptII/ptolemy/actor/lib/fmi/test/auto/FMUSDFInc20.xml
----------------- Instantiating /home/travis/build/icyphy/ptII/ptolemy/actor/lib/fmi/test/auto/FMUSDFInc20.xml
12 ms. Memory: 436224K Free: 292069K (67%)
----------------- Invoking toplevel() on ptolemy.moml.MoMLSimpleApplication@1a621708
----------------- Done invoking toplevel() on ptolemy.moml.MoMLSimpleApplication@1a621708
reloadAllAccessors: .FMUSDFInc20

===========================================================================================
----------------- testing Thu Oct 22 15:49:24 UTC 2020 /home/travis/build/icyphy/ptII/ptolemy/actor/lib/fmi/test/auto/FMUStairs.xml
----------------- Instantiating /home/travis/build/icyphy/ptII/ptolemy/actor/lib/fmi/test/auto/FMUStairs.xml
29 ms. Memory: 436224K Free: 285925K (66%)
----------------- Invoking toplevel() on ptolemy.moml.MoMLSimpleApplication@2ca5eb81
----------------- Done invoking toplevel() on ptolemy.moml.MoMLSimpleApplication@2ca5eb81
reloadAllAccessors: .FMUStairs

===========================================================================================
----------------- testing Thu Oct 22 15:49:24 UTC 2020 /home/travis/build/icyphy/ptII/ptolemy/actor/lib/fmi/test/auto/FMUStepCounter1.xml
----------------- Instantiating /home/travis/build/icyphy/ptII/ptolemy/actor/lib/fmi/test/auto/FMUStepCounter1.xml
FMU Builder messages:

Attempting to build /tmp/FMUFile7040442743990467730.tmp/binaries/linux64/stepCounter1.so
architecture: linux64 isWindows: false  command: make target: linux64
make ARCH=linux64 CBITSFLAGS=-fvisibility=hidden PIC=-fPIC SHARED_LIBRARY_SUFFIX=so stepCounter1.so
make[1]: Entering directory '/tmp/FMUFile7040442743990467730.tmp/sources'
echo `pwd`
/tmp/FMUFile7040442743990467730.tmp/sources
cc -g -c -fvisibility=hidden -fPIC -Wall -DFMI_COSIMULATION -I.  stepCounter1.c -o stepCounter1.o
Creating ../binaries/linux64/
cc -fvisibility=hidden -g -Wall -shared -Wl,-soname,stepCounter1.so -DFMI_COSIMULATION -I. -o ../binaries/linux64/stepCounter1.so stepCounter1.o 
rm stepCounter1.o
make[1]: Leaving directory '/tmp/FMUFile7040442743990467730.tmp/sources'

84 ms. Memory: 436224K Free: 280805K (64%)
----------------- Invoking toplevel() on ptolemy.moml.MoMLSimpleApplication@4e69eef4
----------------- Done invoking toplevel() on ptolemy.moml.MoMLSimpleApplication@4e69eef4
reloadAllAccessors: .FMUStepCounter1

===========================================================================================
----------------- testing Thu Oct 22 15:49:24 UTC 2020 /home/travis/build/icyphy/ptII/ptolemy/actor/lib/fmi/test/auto/FMUStepCounter2.xml
----------------- Instantiating /home/travis/build/icyphy/ptII/ptolemy/actor/lib/fmi/test/auto/FMUStepCounter2.xml
FMU Builder messages:

Attempting to build /tmp/FMUFile7654610132350702359.tmp/binaries/linux64/stepCounter.so
architecture: linux64 isWindows: false  command: make target: linux64
make ARCH=linux64 CBITSFLAGS=-fvisibility=hidden PIC=-fPIC SHARED_LIBRARY_SUFFIX=so stepCounter.so
make[1]: Entering directory '/tmp/FMUFile7654610132350702359.tmp/sources'
echo `pwd`
/tmp/FMUFile7654610132350702359.tmp/sources
cc -g -c -fvisibility=hidden -fPIC -Wall -DFMI_COSIMULATION -I.  stepCounter.c -o stepCounter.o
Creating ../binaries/linux64/
cc -fvisibility=hidden -g -Wall -shared -Wl,-soname,stepCounter.so -DFMI_COSIMULATION -I. -o ../binaries/linux64/stepCounter.so stepCounter.o 
rm stepCounter.o
make[1]: Leaving directory '/tmp/FMUFile7654610132350702359.tmp/sources'

93 ms. Memory: 436224K Free: 274661K (63%)
----------------- Invoking toplevel() on ptolemy.moml.MoMLSimpleApplication@5a6b4888
----------------- Done invoking toplevel() on ptolemy.moml.MoMLSimpleApplication@5a6b4888
reloadAllAccessors: .FMUStepCounter2

===========================================================================================
----------------- testing Thu Oct 22 15:49:24 UTC 2020 /home/travis/build/icyphy/ptII/ptolemy/actor/lib/fmi/test/auto/FMUStepCounterContinuous1.xml
----------------- Instantiating /home/travis/build/icyphy/ptII/ptolemy/actor/lib/fmi/test/auto/FMUStepCounterContinuous1.xml
7 ms. Memory: 436224K Free: 270565K (62%)
----------------- Invoking toplevel() on ptolemy.moml.MoMLSimpleApplication@18ef43d8
----------------- Done invoking toplevel() on ptolemy.moml.MoMLSimpleApplication@18ef43d8
reloadAllAccessors: .FMUStepCounterContinuous

===========================================================================================
----------------- testing Thu Oct 22 15:49:24 UTC 2020 /home/travis/build/icyphy/ptII/ptolemy/actor/lib/fmi/test/auto/FMUStepCounterContinuous2.xml
----------------- Instantiating /home/travis/build/icyphy/ptII/ptolemy/actor/lib/fmi/test/auto/FMUStepCounterContinuous2.xml
6 ms. Memory: 436224K Free: 266469K (61%)
----------------- Invoking toplevel() on ptolemy.moml.MoMLSimpleApplication@3b73a5a6
----------------- Done invoking toplevel() on ptolemy.moml.MoMLSimpleApplication@3b73a5a6
reloadAllAccessors: .FMUStepCounterContinuous2

===========================================================================================
----------------- testing Thu Oct 22 15:49:24 UTC 2020 /home/travis/build/icyphy/ptII/ptolemy/actor/lib/fmi/test/auto/FMUStepCounterContinuousTwoFMUs1.xml
----------------- Instantiating /home/travis/build/icyphy/ptII/ptolemy/actor/lib/fmi/test/auto/FMUStepCounterContinuousTwoFMUs1.xml
13 ms. Memory: 436224K Free: 261349K (60%)
----------------- Invoking toplevel() on ptolemy.moml.MoMLSimpleApplication@2a9968e3
----------------- Done invoking toplevel() on ptolemy.moml.MoMLSimpleApplication@2a9968e3
reloadAllAccessors: .FMUStepCounterContinuousTwoFMUs

===========================================================================================
----------------- testing Thu Oct 22 15:49:24 UTC 2020 /home/travis/build/icyphy/ptII/ptolemy/actor/lib/fmi/test/auto/FMUStepCounterContinuousTwoFMUs2.xml
----------------- Instantiating /home/travis/build/icyphy/ptII/ptolemy/actor/lib/fmi/test/auto/FMUStepCounterContinuousTwoFMUs2.xml
24 ms. Memory: 436224K Free: 255719K (59%)
----------------- Invoking toplevel() on ptolemy.moml.MoMLSimpleApplication@6d0e7629
----------------- Done invoking toplevel() on ptolemy.moml.MoMLSimpleApplication@6d0e7629
reloadAllAccessors: .FMUStepCounterContinuousTwoFMUs2

===========================================================================================
----------------- testing Thu Oct 22 15:49:25 UTC 2020 /home/travis/build/icyphy/ptII/ptolemy/actor/lib/fmi/test/auto/FMUStepCounterExtendedFMI.xml
----------------- Instantiating /home/travis/build/icyphy/ptII/ptolemy/actor/lib/fmi/test/auto/FMUStepCounterExtendedFMI.xml
FMU Builder messages:

Attempting to build /tmp/FMUFile15652835281136352634.tmp/binaries/linux64/stepCounterExtendedFMI.so
architecture: linux64 isWindows: false  command: make target: linux64
make ARCH=linux64 CBITSFLAGS=-fvisibility=hidden PIC=-fPIC SHARED_LIBRARY_SUFFIX=so stepCounterExtendedFMI.so
make[1]: Entering directory '/tmp/FMUFile15652835281136352634.tmp/sources'
echo `pwd`
/tmp/FMUFile15652835281136352634.tmp/sources
cc -g -c -fvisibility=hidden -fPIC -Wall -DFMI_COSIMULATION -I.  stepCounterExtendedFMI.c -o stepCounterExtendedFMI.o
Creating ../binaries/linux64/
cc -fvisibility=hidden -g -Wall -shared -Wl,-soname,stepCounterExtendedFMI.so -DFMI_COSIMULATION -I. -o ../binaries/linux64/stepCounterExtendedFMI.so stepCounterExtendedFMI.o 

109 ms. Memory: 436224K Free: 247527K (57%)
----------------- Invoking toplevel() on ptolemy.moml.MoMLSimpleApplication@732ad5d5
----------------- Done invoking toplevel() on ptolemy.moml.MoMLSimpleApplication@732ad5d5
reloadAllAccessors: .FMUStepCounterExtendedFMI

===========================================================================================
----------------- testing Thu Oct 22 15:49:25 UTC 2020 /home/travis/build/icyphy/ptII/ptolemy/actor/lib/fmi/test/auto/FMUStepCounterPeriodInNameContinuous2.xml
----------------- Instantiating /home/travis/build/icyphy/ptII/ptolemy/actor/lib/fmi/test/auto/FMUStepCounterPeriodInNameContinuous2.xml
FMU Builder messages:

Attempting to build /tmp/FMUFile16986627338164535964.tmp/binaries/linux64/stepCounterPeriodInName.so
architecture: linux64 isWindows: false  command: make target: linux64
make ARCH=linux64 CBITSFLAGS=-fvisibility=hidden PIC=-fPIC SHARED_LIBRARY_SUFFIX=so stepCounterPeriodInName.so
make[1]: Entering directory '/tmp/FMUFile16986627338164535964.tmp/sources'
echo `pwd`
/tmp/FMUFile16986627338164535964.tmp/sources
cc -g -c -fvisibility=hidden -fPIC -Wall -DFMI_COSIMULATION -I.  stepCounterPeriodInName.c -o stepCounterPeriodInName.o
Creating ../binaries/linux64/
cc -fvisibility=hidden -g -Wall -shared -Wl,-soname,stepCounterPeriodInName.so -DFMI_COSIMULATION -I. -o ../binaries/linux64/stepCounterPeriodInName.so stepCounterPeriodInName.o 
rm stepCounterPeriodInName.o
make[1]: Leaving directory '/tmp/FMUFile16986627338164535964.tmp/sources'

86 ms. Memory: 436224K Free: 241893K (55%)
----------------- Invoking toplevel() on ptolemy.moml.MoMLSimpleApplication@4b8add6a
----------------- Done invoking toplevel() on ptolemy.moml.MoMLSimpleApplication@4b8add6a
reloadAllAccessors: .FMUStepCounterPeriodInNameContinuous2

===========================================================================================
----------------- testing Thu Oct 22 15:49:25 UTC 2020 /home/travis/build/icyphy/ptII/ptolemy/actor/lib/fmi/test/auto/FMUTankOpen.xml
----------------- Instantiating /home/travis/build/icyphy/ptII/ptolemy/actor/lib/fmi/test/auto/FMUTankOpen.xml
26 ms. Memory: 436224K Free: 232677K (53%)
----------------- Invoking toplevel() on ptolemy.moml.MoMLSimpleApplication@43c7b3ca
----------------- Done invoking toplevel() on ptolemy.moml.MoMLSimpleApplication@43c7b3ca
reloadAllAccessors: .FMUTankOpen

===========================================================================================
----------------- testing Thu Oct 22 15:49:25 UTC 2020 /home/travis/build/icyphy/ptII/ptolemy/actor/lib/fmi/test/auto/FMUTwoBallCollision.xml
----------------- Instantiating /home/travis/build/icyphy/ptII/ptolemy/actor/lib/fmi/test/auto/FMUTwoBallCollision.xml
152 ms. Memory: 436224K Free: 199909K (46%)
----------------- Invoking toplevel() on ptolemy.moml.MoMLSimpleApplication@63fefbd1
----------------- Done invoking toplevel() on ptolemy.moml.MoMLSimpleApplication@63fefbd1
reloadAllAccessors: .FMUTwoBallCollision

===========================================================================================
----------------- testing Thu Oct 22 15:49:25 UTC 2020 /home/travis/build/icyphy/ptII/ptolemy/actor/lib/fmi/test/auto/FMUValues.xml
----------------- Instantiating /home/travis/build/icyphy/ptII/ptolemy/actor/lib/fmi/test/auto/FMUValues.xml
10 ms. Memory: 436224K Free: 192231K (44%)
----------------- Invoking toplevel() on ptolemy.moml.MoMLSimpleApplication@424dd859
----------------- Done invoking toplevel() on ptolemy.moml.MoMLSimpleApplication@424dd859
reloadAllAccessors: .FMUValues

===========================================================================================
----------------- testing Thu Oct 22 15:49:25 UTC 2020 /home/travis/build/icyphy/ptII/ptolemy/actor/lib/fmi/test/auto/FMUValues20.xml
----------------- Instantiating /home/travis/build/icyphy/ptII/ptolemy/actor/lib/fmi/test/auto/FMUValues20.xml
7 ms. Memory: 436224K Free: 183495K (42%)
----------------- Invoking toplevel() on ptolemy.moml.MoMLSimpleApplication@773faa31
----------------- Done invoking toplevel() on ptolemy.moml.MoMLSimpleApplication@773faa31
reloadAllAccessors: .FMUValues20

===========================================================================================
----------------- testing Thu Oct 22 15:49:25 UTC 2020 /home/travis/build/icyphy/ptII/ptolemy/actor/lib/fmi/test/auto/FMUValuesME20.xml
----------------- Instantiating /home/travis/build/icyphy/ptII/ptolemy/actor/lib/fmi/test/auto/FMUValuesME20.xml
34 ms. Memory: 436224K Free: 170213K (39%)
----------------- Invoking toplevel() on ptolemy.moml.MoMLSimpleApplication@4867184a
----------------- Done invoking toplevel() on ptolemy.moml.MoMLSimpleApplication@4867184a
reloadAllAccessors: .FMUValuesME20

===========================================================================================
----------------- testing Thu Oct 22 15:49:25 UTC 2020 /home/travis/build/icyphy/ptII/ptolemy/actor/lib/fmi/test/auto/FMUVanDerPol.xml
----------------- Instantiating /home/travis/build/icyphy/ptII/ptolemy/actor/lib/fmi/test/auto/FMUVanDerPol.xml
3 ms. Memory: 436224K Free: 165093K (38%)
----------------- Invoking toplevel() on ptolemy.moml.MoMLSimpleApplication@2ed0c5a4
----------------- Done invoking toplevel() on ptolemy.moml.MoMLSimpleApplication@2ed0c5a4
reloadAllAccessors: .FMUVanDerPol

===========================================================================================
----------------- testing Thu Oct 22 15:49:25 UTC 2020 /home/travis/build/icyphy/ptII/ptolemy/actor/lib/fmi/test/auto/FMUVanDerPol20.xml
----------------- Instantiating /home/travis/build/icyphy/ptII/ptolemy/actor/lib/fmi/test/auto/FMUVanDerPol20.xml
57 ms. Memory: 436224K Free: 149223K (34%)
----------------- Invoking toplevel() on ptolemy.moml.MoMLSimpleApplication@70cc2984
----------------- Done invoking toplevel() on ptolemy.moml.MoMLSimpleApplication@70cc2984
reloadAllAccessors: .FMUVanDerPol20

===========================================================================================
----------------- testing Thu Oct 22 15:49:25 UTC 2020 /home/travis/build/icyphy/ptII/ptolemy/actor/lib/fmi/test/auto/FMUVanDerPolME20.xml
----------------- Instantiating /home/travis/build/icyphy/ptII/ptolemy/actor/lib/fmi/test/auto/FMUVanDerPolME20.xml
12 ms. Memory: 436224K Free: 393447K (90%)
----------------- Invoking toplevel() on ptolemy.moml.MoMLSimpleApplication@6aeb8357
----------------- Done invoking toplevel() on ptolemy.moml.MoMLSimpleApplication@6aeb8357
reloadAllAccessors: .FMUVanDerPolME20

===========================================================================================
----------------- testing Thu Oct 22 15:49:25 UTC 2020 /home/travis/build/icyphy/ptII/ptolemy/actor/lib/fmi/test/auto/FMUdq20RC1.xml
----------------- Instantiating /home/travis/build/icyphy/ptII/ptolemy/actor/lib/fmi/test/auto/FMUdq20RC1.xml
3 ms. Memory: 436224K Free: 388837K (89%)
----------------- Invoking toplevel() on ptolemy.moml.MoMLSimpleApplication@57ac404e
----------------- Done invoking toplevel() on ptolemy.moml.MoMLSimpleApplication@57ac404e
reloadAllAccessors: .FMUdq20RC1

===========================================================================================
----------------- testing Thu Oct 22 15:49:25 UTC 2020 /home/travis/build/icyphy/ptII/ptolemy/actor/lib/fmi/test/auto/FMUvalues20RC1.xml
----------------- Instantiating /home/travis/build/icyphy/ptII/ptolemy/actor/lib/fmi/test/auto/FMUvalues20RC1.xml
12 ms. Memory: 436224K Free: 380645K (87%)
----------------- Invoking toplevel() on ptolemy.moml.MoMLSimpleApplication@6a77ee01
----------------- Done invoking toplevel() on ptolemy.moml.MoMLSimpleApplication@6a77ee01
reloadAllAccessors: .FMUvalues20RC1

===========================================================================================
----------------- testing Thu Oct 22 15:49:25 UTC 2020 /home/travis/build/icyphy/ptII/ptolemy/actor/lib/fmi/test/auto/FMUvanDerPol20RC1.xml
----------------- Instantiating /home/travis/build/icyphy/ptII/ptolemy/actor/lib/fmi/test/auto/FMUvanDerPol20RC1.xml
7 ms. Memory: 436224K Free: 374501K (86%)
----------------- Invoking toplevel() on ptolemy.moml.MoMLSimpleApplication@758a2f5f
----------------- Done invoking toplevel() on ptolemy.moml.MoMLSimpleApplication@758a2f5f
reloadAllAccessors: .FMUvanDerPol20RC1

===========================================================================================
----------------- testing Thu Oct 22 15:49:25 UTC 2020 /home/travis/build/icyphy/ptII/ptolemy/actor/lib/fmi/test/auto/TestZeroDelayFeedback.xml
----------------- Instantiating /home/travis/build/icyphy/ptII/ptolemy/actor/lib/fmi/test/auto/TestZeroDelayFeedback.xml
FMU Builder messages:

Attempting to build /tmp/FMUFile3101605735310566630.tmp/binaries/linux64/Constant.so
architecture: linux64 isWindows: false  command: make target: linux64
make ARCH=linux64 CBITSFLAGS=-fvisibility=hidden PIC=-fPIC SHARED_LIBRARY_SUFFIX=so Constant.so
make[1]: Entering directory '/tmp/FMUFile3101605735310566630.tmp/sources'
echo `pwd`
/tmp/FMUFile3101605735310566630.tmp/sources
cc -g -c -fvisibility=hidden -fPIC -Wall -DFMI_COSIMULATION -I.  Constant.c -o Constant.o
Creating ../binaries/linux64/
cc -fvisibility=hidden -g -Wall -shared -Wl,-soname,Constant.so -DFMI_COSIMULATION -I. -o ../binaries/linux64/Constant.so Constant.o 
rm Constant.o
make[1]: Leaving directory '/tmp/FMUFile3101605735310566630.tmp/sources'

FMU Builder messages:

Attempting to build /tmp/FMUFile8630078624329314592.tmp/binaries/linux64/Integrator.so
architecture: linux64 isWindows: false  command: make target: linux64
make ARCH=linux64 CBITSFLAGS=-fvisibility=hidden PIC=-fPIC SHARED_LIBRARY_SUFFIX=so Integrator.so
make[1]: Entering directory '/tmp/FMUFile8630078624329314592.tmp/sources'
echo `pwd`
/tmp/FMUFile8630078624329314592.tmp/sources
cc -g -c -fvisibility=hidden -fPIC -Wall -DFMI_COSIMULATION -I.  Integrator.c -o Integrator.o
Integrator.c: In function ‘fmi2HybridGetMaxStepSize’:
Integrator.c:112:20: warning: unused variable ‘comp’ [-Wunused-variable]
     ModelInstance *comp = (ModelInstance *)c;
                    ^
In file included from Integrator.c:123:0:
fmuTemplate.c: In function ‘fmi2HybridDoStep’:
fmuTemplate.c:992:12: warning: variable ‘prevState’ set but not used [-Wunused-but-set-variable]
     double prevState[max(NUMBER_OF_STATES, 1)];
            ^
Creating ../binaries/linux64/
cc -fvisibility=hidden -g -Wall -shared -Wl,-soname,Integrator.so -DFMI_COSIMULATION -I. -o ../binaries/linux64/Integrator.so Integrator.o 
rm Integrator.o
make[1]: Leaving directory '/tmp/FMUFile8630078624329314592.tmp/sources'

FMU Builder messages:

Attempting to build /tmp/FMUFile13438789333849496216.tmp/binaries/linux64/Adder.so
architecture: linux64 isWindows: false  command: make target: linux64
make ARCH=linux64 CBITSFLAGS=-fvisibility=hidden PIC=-fPIC SHARED_LIBRARY_SUFFIX=so Adder.so
make[1]: Entering directory '/tmp/FMUFile13438789333849496216.tmp/sources'
echo `pwd`
/tmp/FMUFile13438789333849496216.tmp/sources
cc -g -c -fvisibility=hidden -fPIC -Wall -DFMI_COSIMULATION -I.  Adder.c -o Adder.o
Creating ../binaries/linux64/
cc -fvisibility=hidden -g -Wall -shared -Wl,-soname,Adder.so -DFMI_COSIMULATION -I. -o ../binaries/linux64/Adder.so Adder.o 
rm Adder.o
make[1]: Leaving directory '/tmp/FMUFile13438789333849496216.tmp/sources'

FMU Builder messages:

Attempting to build /tmp/FMUFile1283238250994726149.tmp/binaries/linux64/ZeroCrossingDetector.so
architecture: linux64 isWindows: false  command: make target: linux64
make ARCH=linux64 CBITSFLAGS=-fvisibility=hidden PIC=-fPIC SHARED_LIBRARY_SUFFIX=so ZeroCrossingDetector.so
make[1]: Entering directory '/tmp/FMUFile1283238250994726149.tmp/sources'
echo `pwd`
/tmp/FMUFile1283238250994726149.tmp/sources
cc -g -c -fvisibility=hidden -fPIC -Wall -DFMI_COSIMULATION -I.  ZeroCrossingDetector.c -o ZeroCrossingDetector.o
Creating ../binaries/linux64/
cc -fvisibility=hidden -g -Wall -shared -Wl,-soname,ZeroCrossingDetector.so -DFMI_COSIMULATION -I. -o ../binaries/linux64/ZeroCrossingDetector.so ZeroCrossingDetector.o 
rm ZeroCrossingDetector.o
make[1]: Leaving directory '/tmp/FMUFile1283238250994726149.tmp/sources'

FMU Builder messages:

Attempting to build /tmp/FMUFile12642449303870694756.tmp/binaries/linux64/Delay.so
architecture: linux64 isWindows: false  command: make target: linux64
make ARCH=linux64 CBITSFLAGS=-fvisibility=hidden PIC=-fPIC SHARED_LIBRARY_SUFFIX=so Delay.so
make[1]: Entering directory '/tmp/FMUFile12642449303870694756.tmp/sources'
echo `pwd`
/tmp/FMUFile12642449303870694756.tmp/sources
cc -g -c -fvisibility=hidden -fPIC -Wall -DFMI_COSIMULATION -I.  Delay.c -o Delay.o
Creating ../binaries/linux64/
cc -fvisibility=hidden -g -Wall -shared -Wl,-soname,Delay.so -DFMI_COSIMULATION -I. -o ../binaries/linux64/Delay.so Delay.o 
rm Delay.o
make[1]: Leaving directory '/tmp/FMUFile12642449303870694756.tmp/sources'

887 ms. Memory: 436224K Free: 358117K (82%)
----------------- Invoking toplevel() on ptolemy.moml.MoMLSimpleApplication@4833f817
----------------- Done invoking toplevel() on ptolemy.moml.MoMLSimpleApplication@4833f817
reloadAllAccessors: .TestZeroDelayFeedback

===========================================================================================
----------------- testing Thu Oct 22 15:49:26 UTC 2020 /home/travis/build/icyphy/ptII/ptolemy/actor/lib/fmi/test/auto/helloWorldME2.xml
----------------- Instantiating /home/travis/build/icyphy/ptII/ptolemy/actor/lib/fmi/test/auto/helloWorldME2.xml
17 ms. Memory: 436224K Free: 354535K (81%)
----------------- Invoking toplevel() on ptolemy.moml.MoMLSimpleApplication@760fd595
----------------- Done invoking toplevel() on ptolemy.moml.MoMLSimpleApplication@760fd595
reloadAllAccessors: .helloWorldME2
AutoTests.java: About to close Vertx.
AutoTests.java: Vertx closed.
]]></system-out>
  <system-err><![CDATA[java.lang.RuntimeException: Execution failed
	at ptolemy.moml.MoMLSimpleApplication$UnloadThread.run(MoMLSimpleApplication.java:402)
Caused by: ptolemy.kernel.util.IllegalActionException: Could not simulate, inc20_fmiDoStep(Component, /* time */ 0.0, /* stepSize */0.0, /* newStep */ 1) returned fmiError
  in .FMUInc20.inc20
	at ptolemy.actor.lib.fmi.FMUImport._fmiDoStep(FMUImport.java:2739)
	at ptolemy.actor.lib.fmi.FMUImport.fire(FMUImport.java:675)
	at ptolemy.actor.sched.FixedPointDirector._fireActor(FixedPointDirector.java:768)
	at ptolemy.actor.sched.FixedPointDirector.fire(FixedPointDirector.java:244)
	at ptolemy.domains.continuous.kernel.ContinuousDirector.fire(ContinuousDirector.java:494)
	at ptolemy.actor.CompositeActor.fire(CompositeActor.java:455)
	at ptolemy.actor.Manager.iterate(Manager.java:851)
	at ptolemy.actor.Manager.execute(Manager.java:369)
	at ptolemy.actor.Manager.run(Manager.java:1263)
	at ptolemy.actor.Manager$PtolemyRunThread.run(Manager.java:1933)
java.lang.reflect.InvocationTargetException
	at java.base/jdk.internal.reflect.NativeConstructorAccessorImpl.newInstance0(Native Method)
	at java.base/jdk.internal.reflect.NativeConstructorAccessorImpl.newInstance(NativeConstructorAccessorImpl.java:62)
	at java.base/jdk.internal.reflect.DelegatingConstructorAccessorImpl.newInstance(DelegatingConstructorAccessorImpl.java:45)
	at java.base/java.lang.reflect.Constructor.newInstance(Constructor.java:490)
	at ptolemy.util.test.junit.AutoKnownFailedTests.RunModel(AutoKnownFailedTests.java:105)
	at java.base/jdk.internal.reflect.NativeMethodAccessorImpl.invoke0(Native Method)
	at java.base/jdk.internal.reflect.NativeMethodAccessorImpl.invoke(NativeMethodAccessorImpl.java:62)
	at java.base/jdk.internal.reflect.DelegatingMethodAccessorImpl.invoke(DelegatingMethodAccessorImpl.java:43)
	at java.base/java.lang.reflect.Method.invoke(Method.java:566)
	at org.junit.runners.model.FrameworkMethod$1.runReflectiveCall(FrameworkMethod.java:44)
	at org.junit.internal.runners.model.ReflectiveCallable.run(ReflectiveCallable.java:15)
	at org.junit.runners.model.FrameworkMethod.invokeExplosively(FrameworkMethod.java:41)
	at junitparams.internal.InvokeParameterisedMethod.evaluate(InvokeParameterisedMethod.java:102)
	at org.junit.internal.runners.statements.FailOnTimeout$1.run(FailOnTimeout.java:28)
Caused by: ptolemy.kernel.util.IllegalActionException: Could not simulate, inc20_fmiDoStep(Component, /* time */ 0.0, /* stepSize */0.0, /* newStep */ 1) returned fmiError
  in .FMUInc20.inc20
	at ptolemy.actor.lib.fmi.FMUImport._fmiDoStep(FMUImport.java:2739)
	at ptolemy.actor.lib.fmi.FMUImport.fire(FMUImport.java:675)
	at ptolemy.actor.sched.FixedPointDirector._fireActor(FixedPointDirector.java:768)
	at ptolemy.actor.sched.FixedPointDirector.fire(FixedPointDirector.java:244)
	at ptolemy.domains.continuous.kernel.ContinuousDirector.fire(ContinuousDirector.java:494)
	at ptolemy.actor.CompositeActor.fire(CompositeActor.java:455)
	at ptolemy.actor.Manager.iterate(Manager.java:851)
	at ptolemy.actor.Manager.execute(Manager.java:369)
	at ptolemy.actor.Manager.run(Manager.java:1263)
	at ptolemy.actor.Manager$PtolemyRunThread.run(Manager.java:1933)
]]></system-err>
</testsuite>
