<?xml version="1.0" encoding="UTF-8" ?>
<testsuite errors="0" failures="0" hostname="travis-job-56640465-7bb7-4f6f-9e20-9f3680df9a38" name="ptolemy.vergil.basic.export.test.junit.ExportModelJUnitTestBatch3" skipped="0" tests="60" time="1198.654" timestamp="2019-04-08T04:14:24">
  <properties>
[...]
</properties>
  <testcase classname="ptolemy.vergil.basic.export.test.junit.ExportModelJUnitTestBatch3" name="[0] ptolemy/actor/lib/jjs/modules/iotAuth/demo/SecureCommServerClient/SecureCommServerClientJS.xml (RunExportModel)" time="27.729" />
  <testcase classname="ptolemy.vergil.basic.export.test.junit.ExportModelJUnitTestBatch3" name="[1] ptolemy/actor/lib/jjs/modules/iotAuth/demo/SecureCommServerClientWithAuthManager/SecureCommServerClientWithAuthManager.xml (RunExportModel)" time="22.326" />
  <testcase classname="ptolemy.vergil.basic.export.test.junit.ExportModelJUnitTestBatch3" name="[2] ptolemy/actor/lib/jjs/modules/iotAuth/demo/SecurePubSub/SecurePubSub.xml (RunExportModel)" time="23.639" />
  <testcase classname="ptolemy.vergil.basic.export.test.junit.ExportModelJUnitTestBatch3" name="[3] ptolemy/actor/lib/jjs/modules/localStorage/demo/LocalStorage/LocalStorage.xml (RunExportModel)" time="10.965" />
  <testcase classname="ptolemy.vergil.basic.export.test.junit.ExportModelJUnitTestBatch3" name="[4] ptolemy/actor/lib/jjs/modules/mqtt/demo/MQTTPubSub/MQTTPubSub.xml (RunExportModel)" time="22.641" />
  <testcase classname="ptolemy.vergil.basic.export.test.junit.ExportModelJUnitTestBatch3" name="[5] ptolemy/actor/lib/jjs/modules/socket/demo/SecureSocket/SecureSocket.xml (RunExportModel)" time="22.422" />
  <testcase classname="ptolemy.vergil.basic.export.test.junit.ExportModelJUnitTestBatch3" name="[6] ptolemy/actor/lib/jjs/modules/socket/demo/SocketDoubleArrayBatched/SocketDoubleArrayBatched.xml (RunExportModel)" time="14.121" />
  <testcase classname="ptolemy.vergil.basic.export.test.junit.ExportModelJUnitTestBatch3" name="[7] ptolemy/actor/lib/jjs/modules/socket/demo/SocketImage/SocketImage.xml (RunExportModel)" time="36.613" />
  <testcase classname="ptolemy.vergil.basic.export.test.junit.ExportModelJUnitTestBatch3" name="[8] ptolemy/actor/lib/jjs/modules/socket/demo/SocketString/SocketString.xml (RunExportModel)" time="16.986" />
  <testcase classname="ptolemy.vergil.basic.export.test.junit.ExportModelJUnitTestBatch3" name="[9] ptolemy/actor/lib/jjs/modules/socket/demo/SocketUnsignedShort/SocketUnsignedShort.xml (RunExportModel)" time="14.607" />
  <testcase classname="ptolemy.vergil.basic.export.test.junit.ExportModelJUnitTestBatch3" name="[10] ptolemy/actor/lib/jjs/modules/socket/demo/TCPSocket/TCPSocket.xml (RunExportModel)" time="8.196" />
  <testcase classname="ptolemy.vergil.basic.export.test.junit.ExportModelJUnitTestBatch3" name="[11] ptolemy/actor/lib/jjs/modules/socket/demo/TCPSocket/TCPSocketDoubleArrayBatched.xml (RunExportModel)" time="14.103" />
  <testcase classname="ptolemy.vergil.basic.export.test.junit.ExportModelJUnitTestBatch3" name="[12] ptolemy/actor/lib/jjs/modules/socket/demo/TCPSocket/TCPSocketImage.xml (RunExportModel)" time="33.847" />
  <testcase classname="ptolemy.vergil.basic.export.test.junit.ExportModelJUnitTestBatch3" name="[13] ptolemy/actor/lib/jjs/modules/socket/demo/TCPSocket/TCPSocketSecureServerClient.xml (RunExportModel)" time="22.819" />
  <testcase classname="ptolemy.vergil.basic.export.test.junit.ExportModelJUnitTestBatch3" name="[14] ptolemy/actor/lib/jjs/modules/socket/demo/TCPSocket/TCPSocketTwoClients.xml (RunExportModel)" time="34.567" />
  <testcase classname="ptolemy.vergil.basic.export.test.junit.ExportModelJUnitTestBatch3" name="[15] ptolemy/actor/lib/jjs/modules/socket/demo/TCPSocket/TCPSocketUnsignedShort.xml (RunExportModel)" time="14.602" />
  <testcase classname="ptolemy.vergil.basic.export.test.junit.ExportModelJUnitTestBatch3" name="[16] ptolemy/actor/lib/jjs/modules/speechRecognition/demo/SpeechRecognition/SpeechRecognition.xml (RunExportModel)" time="10.209" />
  <testcase classname="ptolemy.vergil.basic.export.test.junit.ExportModelJUnitTestBatch3" name="[17] ptolemy/actor/lib/jjs/modules/speechRecognition/demo/WatchCommandUpdater/WatchCommandUpdater.xml (RunExportModel)" time="13.437" />
  <testcase classname="ptolemy.vergil.basic.export.test.junit.ExportModelJUnitTestBatch3" name="[18] ptolemy/actor/lib/jjs/modules/testing/demo/Testing/Testing.xml (RunExportModel)" time="27.164" />
  <testcase classname="ptolemy.vergil.basic.export.test.junit.ExportModelJUnitTestBatch3" name="[19] ptolemy/actor/lib/jjs/modules/udpSocket/demo/UDPSocket/UDPSocket.xml (RunExportModel)" time="39.856" />
  <testcase classname="ptolemy.vergil.basic.export.test.junit.ExportModelJUnitTestBatch3" name="[20] ptolemy/actor/lib/jjs/modules/udpSocket/demo/WatchEmulator/WatchEmulator.xml (RunExportModel)" time="13.313" />
  <testcase classname="ptolemy.vergil.basic.export.test.junit.ExportModelJUnitTestBatch3" name="[21] ptolemy/actor/lib/jjs/modules/userInterface/demo/Dots/Dots.xml (RunExportModel)" time="40.845" />
  <testcase classname="ptolemy.vergil.basic.export.test.junit.ExportModelJUnitTestBatch3" name="[22] ptolemy/actor/lib/jjs/modules/userInterface/demo/HelloUserInterface/HelloUserInterface.xml (RunExportModel)" time="76.315" />
  <testcase classname="ptolemy.vergil.basic.export.test.junit.ExportModelJUnitTestBatch3" name="[23] ptolemy/actor/lib/jjs/modules/userInterface/demo/UserInterface/UserInterface.xml (RunExportModel)" time="8.188" />
  <testcase classname="ptolemy.vergil.basic.export.test.junit.ExportModelJUnitTestBatch3" name="[24] ptolemy/actor/lib/jjs/modules/userInterface/demo/UserInterface/UserInterfaceBrowser.xml (RunExportModel)" time="41.195" />
  <testcase classname="ptolemy.vergil.basic.export.test.junit.ExportModelJUnitTestBatch3" name="[25] ptolemy/actor/lib/jjs/modules/userInterface/demo/UserInterface/UserInterfaceFixedPage.xml (RunExportModel)" time="15.995" />
  <testcase classname="ptolemy.vergil.basic.export.test.junit.ExportModelJUnitTestBatch3" name="[26] ptolemy/actor/lib/jjs/modules/userInterface/demo/UserInterface/UserInterfaceInteractive.xml (RunExportModel)" time="40.134" />
  <testcase classname="ptolemy.vergil.basic.export.test.junit.ExportModelJUnitTestBatch3" name="[27] ptolemy/actor/lib/jjs/modules/userInterface/demo/UserInterface/UserInterfaceRamp.xml (RunExportModel)" time="24.045" />
  <testcase classname="ptolemy.vergil.basic.export.test.junit.ExportModelJUnitTestBatch3" name="[28] ptolemy/actor/lib/jjs/modules/userInterface/demo/UserInterface/UserInterfaceUpdate.xml (RunExportModel)" time="26.327" />
  <testcase classname="ptolemy.vergil.basic.export.test.junit.ExportModelJUnitTestBatch3" name="[29] ptolemy/actor/lib/jjs/modules/userInterface/demo/UserInterface/UserInterfaceVideo.xml (RunExportModel)" time="41.574" />
  <testcase classname="ptolemy.vergil.basic.export.test.junit.ExportModelJUnitTestBatch3" name="[30] ptolemy/actor/lib/jjs/modules/webSocket/demo/SpeakingServerListeningClient/SpeakingServerListeningClient.xml (RunExportModel)" time="17.171" />
  <testcase classname="ptolemy.vergil.basic.export.test.junit.ExportModelJUnitTestBatch3" name="[31] ptolemy/actor/lib/jjs/modules/webSocket/demo/TwoWebSockets/TwoWebSockets.xml (RunExportModel)" time="15.787" />
  <testcase classname="ptolemy.vergil.basic.export.test.junit.ExportModelJUnitTestBatch3" name="[32] ptolemy/actor/lib/jjs/modules/webSocket/demo/WebSocketChat/Client.xml (RunExportModel)" time="8.793" />
  <testcase classname="ptolemy.vergil.basic.export.test.junit.ExportModelJUnitTestBatch3" name="[33] ptolemy/actor/lib/jjs/modules/webSocket/demo/WebSocketChat/SecureClient.xml (RunExportModel)" time="9.151" />
  <testcase classname="ptolemy.vergil.basic.export.test.junit.ExportModelJUnitTestBatch3" name="[34] ptolemy/actor/lib/jjs/modules/webSocket/demo/WebSocketChat/SecureServer.xml (RunExportModel)" time="39.725" />
  <testcase classname="ptolemy.vergil.basic.export.test.junit.ExportModelJUnitTestBatch3" name="[35] ptolemy/actor/lib/jjs/modules/webSocket/demo/WebSocketChat/Server.xml (RunExportModel)" time="39.879" />
  <testcase classname="ptolemy.vergil.basic.export.test.junit.ExportModelJUnitTestBatch3" name="[36] ptolemy/actor/lib/jjs/modules/webSocket/demo/WebSocketChat/WebSocketChat.xml (RunExportModel)" time="8.178" />
  <testcase classname="ptolemy.vergil.basic.export.test.junit.ExportModelJUnitTestBatch3" name="[37] ptolemy/actor/lib/jjs/modules/webSocket/demo/WebSocketClient/WebSocketClient.xml (RunExportModel)" time="8.91" />
  <testcase classname="ptolemy.vergil.basic.export.test.junit.ExportModelJUnitTestBatch3" name="[38] ptolemy/actor/lib/jjs/modules/webSocket/demo/WebSocketClient/WebSocketServer.xml (RunExportModel)" time="40.57" />
  <testcase classname="ptolemy.vergil.basic.export.test.junit.ExportModelJUnitTestBatch3" name="[39] ptolemy/actor/lib/jjs/modules/webSocket/demo/WebSocketFullDuplex/WebSocketFullDuplex.xml (RunExportModel)" time="43.027" />
  <testcase classname="ptolemy.vergil.basic.export.test.junit.ExportModelJUnitTestBatch3" name="[40] ptolemy/actor/lib/jjs/modules/webSocket/demo/WebSocketGraph/WebSocketGraph.xml (RunExportModel)" time="42.988" />
  <testcase classname="ptolemy.vergil.basic.export.test.junit.ExportModelJUnitTestBatch3" name="[41] ptolemy/actor/lib/jjs/modules/webSocket/demo/WebSocketImage/WebSocketImage.xml (RunExportModel)" time="41.89" />
  <testcase classname="ptolemy.vergil.basic.export.test.junit.ExportModelJUnitTestBatch3" name="[42] ptolemy/actor/lib/jjs/modules/webSocket/demo/WebSocketLog/WebSocketLog.xml (RunExportModel)" time="24.662" />
  <testcase classname="ptolemy.vergil.basic.export.test.junit.ExportModelJUnitTestBatch3" name="[43] ptolemy/actor/lib/jjs/modules/webSocket/demo/WebSocketsServerClient/WebSocketsServerClient.xml (RunExportModel)" time="22.804" />
  <testcase classname="ptolemy.vergil.basic.export.test.junit.ExportModelJUnitTestBatch3" name="[44] ptolemy/actor/lib/jjs/modules/xbee/demo/XBeeHelloWorld/XBeeDataTypes.xml (RunExportModel)" time="9.609" />
  <testcase classname="ptolemy.vergil.basic.export.test.junit.ExportModelJUnitTestBatch3" name="[45] ptolemy/actor/lib/jjs/modules/xbee/demo/XBeeHelloWorld/XBeeHelloWorld.xml (RunExportModel)" time="9.541" />
  <testcase classname="ptolemy.vergil.basic.export.test.junit.ExportModelJUnitTestBatch3" name="[46] ptolemy/actor/lib/jmf/demo/JMFJAI/JMFJAI.xml (RunExportModel)" time="3.159" />
  <testcase classname="ptolemy.vergil.basic.export.test.junit.ExportModelJUnitTestBatch3" name="[47] ptolemy/actor/lib/jmf/demo/VideoCapture/VideoCapture.xml (RunExportModel)" time="3.141" />
  <testcase classname="ptolemy.vergil.basic.export.test.junit.ExportModelJUnitTestBatch3" name="[48] ptolemy/actor/lib/mail/demo/ExceptionEmailer/ExceptionEmailer.xml (RunExportModel)" time="4.225" />
  <testcase classname="ptolemy.vergil.basic.export.test.junit.ExportModelJUnitTestBatch3" name="[49] ptolemy/actor/lib/mail/demo/SendMail/SendMail.xml (RunExportModel)" time="4.243" />
  <testcase classname="ptolemy.vergil.basic.export.test.junit.ExportModelJUnitTestBatch3" name="[50] ptolemy/actor/lib/python/demo/Ptolemnizer/Ptolemnizer.xml (RunExportModel)" time="7.191" />
  <testcase classname="ptolemy.vergil.basic.export.test.junit.ExportModelJUnitTestBatch3" name="[51] ptolemy/actor/lib/python/demo/PythonScale/PythonScale.xml (RunExportModel)" time="4.274" />
  <testcase classname="ptolemy.vergil.basic.export.test.junit.ExportModelJUnitTestBatch3" name="[52] ptolemy/actor/lib/python/demo/RecordManipulation/RecordManipulation.xml (RunExportModel)" time="3.321" />
  <testcase classname="ptolemy.vergil.basic.export.test.junit.ExportModelJUnitTestBatch3" name="[53] ptolemy/actor/lib/r/demo/R3DPlot/R3DPlot.xml (RunExportModel)" time="3.276" />
  <testcase classname="ptolemy.vergil.basic.export.test.junit.ExportModelJUnitTestBatch3" name="[54] ptolemy/actor/lib/r/demo/RRecordToDataframe/RRecordToDataframe.xml (RunExportModel)" time="3.164" />
  <testcase classname="ptolemy.vergil.basic.export.test.junit.ExportModelJUnitTestBatch3" name="[55] ptolemy/actor/lib/security/demo/Signature/Signature.xml (RunExportModel)" time="3.329" />
  <testcase classname="ptolemy.vergil.basic.export.test.junit.ExportModelJUnitTestBatch3" name="[56] ptolemy/actor/lib/video/demo/DCT2x2dc/DCT2x2dc.xml (RunExportModel)" time="4.292" />
  <testcase classname="ptolemy.vergil.basic.export.test.junit.ExportModelJUnitTestBatch3" name="[57] ptolemy/actor/lib/video/demo/DCT4x4dc/DCT4x4dc.xml (RunExportModel)" time="4.194" />
  <testcase classname="ptolemy.vergil.basic.export.test.junit.ExportModelJUnitTestBatch3" name="[58] ptolemy/actor/lib/video/demo/DCT8x8/DCT8x8.xml (RunExportModel)" time="4.321" />
  <testcase classname="ptolemy.vergil.basic.export.test.junit.ExportModelJUnitTestBatch3" name="[59] ptolemy/actor/lib/xslt/demo/MoMLFileTransformation/MoMLFileTransformation.xml (RunExportModel)" time="4.853" />
  <system-out><![CDATA[ExportModeJUnitTestBatch: There are 746 demos. Exporting demos: 211 to 270.
####### 1 Mon Apr 08 04:14:24 UTC 2019 $PTII/bin/ptinvoke ptolemy.vergil.basic.export.ExportModel -force htm  -openComposites -timeOut 30000 -whiteBackground ptolemy/actor/lib/jjs/modules/iotAuth/demo/SecureCommServerClient/SecureCommServerClientJS.xml $PTII/ptolemy/actor/lib/jjs/modules/iotAuth/demo/SecureCommServerClient/SecureCommServerClientJS
Warning: not running ptolemy/actor/lib/jjs/modules/iotAuth/demo/SecureCommServerClient/SecureCommServerClientJS.xml. See ptolemy/vergil/basic/export/test/junit/ExportModelJUnitTest.java
----------------- Mon Apr 08 04:14:24 UTC 2019 About to sleep for 5.0 seconds before running or rerunning.  Test is: /home/travis/build/icyphy/ptII/ptolemy/actor/lib/jjs/modules/iotAuth/demo/SecureCommServerClient/SecureCommServerClientJS.xml
Done sleeping
JSAccessor: PT_NO_NET environment variable is set, so git pull and ptdoc are not being run.
Opened file:/home/travis/build/icyphy/ptII/ptolemy/actor/lib/jjs/modules/iotAuth/demo/SecureCommServerClient/SecureCommServerClientJS.xml in 16594 ms.
Size Statistics for .SecureCommServerClientJS
AtomicEntities: 17
CompositeEntities: 0
OpaqueCompositeEntities: 0
Relations: 18
Attributes: 213
Atomic Actor Names and Counts:
org.terraswarm.accessor.JSAccessor 12
ptolemy.actor.lib.jjs.JavaScript 5

Composite Entity Depths and Counts:

Exported /home/travis/build/icyphy/ptII/ptolemy/actor/lib/jjs/modules/iotAuth/demo/SecureCommServerClient/SecureCommServerClientJS/index.html
22719 ms. Memory: 720384K Free: 302709K (42%)
####### 2 Mon Apr 08 04:14:52 UTC 2019 $PTII/bin/ptinvoke ptolemy.vergil.basic.export.ExportModel -force htm -run -openComposites -timeOut 30000 -whiteBackground ptolemy/actor/lib/jjs/modules/iotAuth/demo/SecureCommServerClientWithAuthManager/SecureCommServerClientWithAuthManager.xml $PTII/ptolemy/actor/lib/jjs/modules/iotAuth/demo/SecureCommServerClientWithAuthManager/SecureCommServerClientWithAuthManager
----------------- Mon Apr 08 04:14:52 UTC 2019 About to sleep for 5.0 seconds before running or rerunning.  Test is: /home/travis/build/icyphy/ptII/ptolemy/actor/lib/jjs/modules/iotAuth/demo/SecureCommServerClientWithAuthManager/SecureCommServerClientWithAuthManager.xml
Done sleeping
Running .SecureCommServerClientWithAuthManager
AuthManager._cloneOrPull(/home/travis/build/icyphy/ptII/vendors/iotauth, https://github.com/iotauth/iotauth.git, -1
In "/home/travis/build/icyphy/ptII/vendors/iotauth", about to execute:
    git clone https://github.com/iotauth/iotauth.git .
Cloning into '.'...
All Done
patternLog: 
AuthManager._generateCredentials(/home/travis/build/icyphy/ptII/vendors/iotauth, examples)
11034 ms. Memory: 861184K Free: 400119K (46%)
Exported /home/travis/build/icyphy/ptII/ptolemy/actor/lib/jjs/modules/iotAuth/demo/SecureCommServerClientWithAuthManager/SecureCommServerClientWithAuthManager/index.html
17324 ms. Memory: 861184K Free: 352170K (41%)
####### 3 Mon Apr 08 04:15:14 UTC 2019 $PTII/bin/ptinvoke ptolemy.vergil.basic.export.ExportModel -force htm -run -openComposites -timeOut 30000 -whiteBackground ptolemy/actor/lib/jjs/modules/iotAuth/demo/SecurePubSub/SecurePubSub.xml $PTII/ptolemy/actor/lib/jjs/modules/iotAuth/demo/SecurePubSub/SecurePubSub
----------------- Mon Apr 08 04:15:14 UTC 2019 About to sleep for 5.0 seconds before running or rerunning.  Test is: /home/travis/build/icyphy/ptII/ptolemy/actor/lib/jjs/modules/iotAuth/demo/SecurePubSub/SecurePubSub.xml
Done sleeping
Running .SecurePubSub
12553 ms. Memory: 1028608K Free: 833956K (81%)
Exported /home/travis/build/icyphy/ptII/ptolemy/actor/lib/jjs/modules/iotAuth/demo/SecurePubSub/SecurePubSub/index.html
18638 ms. Memory: 1028608K Free: 776671K (76%)
####### 4 Mon Apr 08 04:15:38 UTC 2019 $PTII/bin/ptinvoke ptolemy.vergil.basic.export.ExportModel -force htm -run -openComposites -timeOut 30000 -whiteBackground ptolemy/actor/lib/jjs/modules/localStorage/demo/LocalStorage/LocalStorage.xml $PTII/ptolemy/actor/lib/jjs/modules/localStorage/demo/LocalStorage/LocalStorage
----------------- Mon Apr 08 04:15:38 UTC 2019 About to sleep for 5.0 seconds before running or rerunning.  Test is: /home/travis/build/icyphy/ptII/ptolemy/actor/lib/jjs/modules/localStorage/demo/LocalStorage/LocalStorage.xml
Done sleeping
Running .LocalStorage
1120 ms. Memory: 1028608K Free: 312603K (30%)
Exported /home/travis/build/icyphy/ptII/ptolemy/actor/lib/jjs/modules/localStorage/demo/LocalStorage/LocalStorage/index.html
5963 ms. Memory: 1028608K Free: 282271K (27%)
####### 5 Mon Apr 08 04:15:49 UTC 2019 $PTII/bin/ptinvoke ptolemy.vergil.basic.export.ExportModel -force htm -run -openComposites -timeOut 30000 -whiteBackground ptolemy/actor/lib/jjs/modules/mqtt/demo/MQTTPubSub/MQTTPubSub.xml $PTII/ptolemy/actor/lib/jjs/modules/mqtt/demo/MQTTPubSub/MQTTPubSub
----------------- Mon Apr 08 04:15:49 UTC 2019 About to sleep for 5.0 seconds before running or rerunning.  Test is: /home/travis/build/icyphy/ptII/ptolemy/actor/lib/jjs/modules/mqtt/demo/MQTTPubSub/MQTTPubSub.xml
Done sleeping
Running .MQTTPubSub
11944 ms. Memory: 1033216K Free: 145310K (14%)
Exported /home/travis/build/icyphy/ptII/ptolemy/actor/lib/jjs/modules/mqtt/demo/MQTTPubSub/MQTTPubSub/index.html
17640 ms. Memory: 1131008K Free: 888445K (79%)
####### 6 Mon Apr 08 04:16:12 UTC 2019 $PTII/bin/ptinvoke ptolemy.vergil.basic.export.ExportModel -force htm -run -openComposites -timeOut 30000 -whiteBackground ptolemy/actor/lib/jjs/modules/socket/demo/SecureSocket/SecureSocket.xml $PTII/ptolemy/actor/lib/jjs/modules/socket/demo/SecureSocket/SecureSocket
----------------- Mon Apr 08 04:16:12 UTC 2019 About to sleep for 5.0 seconds before running or rerunning.  Test is: /home/travis/build/icyphy/ptII/ptolemy/actor/lib/jjs/modules/socket/demo/SecureSocket/SecureSocket.xml
Done sleeping
Running .SecureSocket
12137 ms. Memory: 1208832K Free: 1070051K (89%)
Exported /home/travis/build/icyphy/ptII/ptolemy/actor/lib/jjs/modules/socket/demo/SecureSocket/SecureSocket/index.html
17422 ms. Memory: 1208832K Free: 1020043K (84%)
####### 7 Mon Apr 08 04:16:34 UTC 2019 $PTII/bin/ptinvoke ptolemy.vergil.basic.export.ExportModel -force htm -run -openComposites -timeOut 30000 -whiteBackground ptolemy/actor/lib/jjs/modules/socket/demo/SocketDoubleArrayBatched/SocketDoubleArrayBatched.xml $PTII/ptolemy/actor/lib/jjs/modules/socket/demo/SocketDoubleArrayBatched/SocketDoubleArrayBatched
----------------- Mon Apr 08 04:16:34 UTC 2019 About to sleep for 5.0 seconds before running or rerunning.  Test is: /home/travis/build/icyphy/ptII/ptolemy/actor/lib/jjs/modules/socket/demo/SocketDoubleArrayBatched/SocketDoubleArrayBatched.xml
Done sleeping
Running .SocketDoubleArrayBatched
Client: Sending data: 1.1,1.2 (Thread[AWT-EventQueue-0,6,main])
3773 ms. Memory: 1318400K Free: 1089154K (83%)
Exported /home/travis/build/icyphy/ptII/ptolemy/actor/lib/jjs/modules/socket/demo/SocketDoubleArrayBatched/SocketDoubleArrayBatched/index.html
9121 ms. Memory: 1318400K Free: 1048298K (80%)
####### 8 Mon Apr 08 04:16:48 UTC 2019 $PTII/bin/ptinvoke ptolemy.vergil.basic.export.ExportModel -force htm -run -openComposites -timeOut 30000 -whiteBackground ptolemy/actor/lib/jjs/modules/socket/demo/SocketImage/SocketImage.xml $PTII/ptolemy/actor/lib/jjs/modules/socket/demo/SocketImage/SocketImage
----------------- Mon Apr 08 04:16:48 UTC 2019 About to sleep for 5.0 seconds before running or rerunning.  Test is: /home/travis/build/icyphy/ptII/ptolemy/actor/lib/jjs/modules/socket/demo/SocketImage/SocketImage.xml
Done sleeping
No physical cameras found, using WebcamDummyDriver.
Running .SocketImage
22838 ms. Memory: 1625088K Free: 490299K (30%)
Exported /home/travis/build/icyphy/ptII/ptolemy/actor/lib/jjs/modules/socket/demo/SocketImage/SocketImage/index.html
31613 ms. Memory: 1625088K Free: 447206K (28%)
####### 9 Mon Apr 08 04:17:25 UTC 2019 $PTII/bin/ptinvoke ptolemy.vergil.basic.export.ExportModel -force htm -run -openComposites -timeOut 30000 -whiteBackground ptolemy/actor/lib/jjs/modules/socket/demo/SocketString/SocketString.xml $PTII/ptolemy/actor/lib/jjs/modules/socket/demo/SocketString/SocketString
----------------- Mon Apr 08 04:17:25 UTC 2019 About to sleep for 5.0 seconds before running or rerunning.  Test is: /home/travis/build/icyphy/ptII/ptolemy/actor/lib/jjs/modules/socket/demo/SocketString/SocketString.xml
Done sleeping
Running .SocketString
6612 ms. Memory: 1703936K Free: 631411K (37%)
Exported /home/travis/build/icyphy/ptII/ptolemy/actor/lib/jjs/modules/socket/demo/SocketString/SocketString/index.html
11985 ms. Memory: 1703936K Free: 601829K (35%)
####### 10 Mon Apr 08 04:17:42 UTC 2019 $PTII/bin/ptinvoke ptolemy.vergil.basic.export.ExportModel -force htm -run -openComposites -timeOut 30000 -whiteBackground ptolemy/actor/lib/jjs/modules/socket/demo/SocketUnsignedShort/SocketUnsignedShort.xml $PTII/ptolemy/actor/lib/jjs/modules/socket/demo/SocketUnsignedShort/SocketUnsignedShort
----------------- Mon Apr 08 04:17:42 UTC 2019 About to sleep for 5.0 seconds before running or rerunning.  Test is: /home/travis/build/icyphy/ptII/ptolemy/actor/lib/jjs/modules/socket/demo/SocketUnsignedShort/SocketUnsignedShort.xml
Done sleeping
Running .SocketUnsignedShort
Client: Sending data: -1,0,1,65535,65536 (Thread[AWT-EventQueue-0,6,main])
4499 ms. Memory: 1802752K Free: 1286284K (71%)
Exported /home/travis/build/icyphy/ptII/ptolemy/actor/lib/jjs/modules/socket/demo/SocketUnsignedShort/SocketUnsignedShort/index.html
9606 ms. Memory: 1802752K Free: 1254174K (70%)
####### 11 Mon Apr 08 04:17:56 UTC 2019 $PTII/bin/ptinvoke ptolemy.vergil.basic.export.ExportModel -force htm  -openComposites -timeOut 30000 -whiteBackground ptolemy/actor/lib/jjs/modules/socket/demo/TCPSocket/TCPSocket.xml $PTII/ptolemy/actor/lib/jjs/modules/socket/demo/TCPSocket/TCPSocket
Warning: not running ptolemy/actor/lib/jjs/modules/socket/demo/TCPSocket/TCPSocket.xml. See ptolemy/vergil/basic/export/test/junit/ExportModelJUnitTest.java
----------------- Mon Apr 08 04:17:56 UTC 2019 About to sleep for 5.0 seconds before running or rerunning.  Test is: /home/travis/build/icyphy/ptII/ptolemy/actor/lib/jjs/modules/socket/demo/TCPSocket/TCPSocket.xml
Done sleeping
Exported /home/travis/build/icyphy/ptII/ptolemy/actor/lib/jjs/modules/socket/demo/TCPSocket/TCPSocket/index.html
3195 ms. Memory: 1802752K Free: 1130263K (63%)
####### 12 Mon Apr 08 04:18:05 UTC 2019 $PTII/bin/ptinvoke ptolemy.vergil.basic.export.ExportModel -force htm -run -openComposites -timeOut 30000 -whiteBackground ptolemy/actor/lib/jjs/modules/socket/demo/TCPSocket/TCPSocketDoubleArrayBatched.xml $PTII/ptolemy/actor/lib/jjs/modules/socket/demo/TCPSocket/TCPSocketDoubleArrayBatched
----------------- Mon Apr 08 04:18:05 UTC 2019 About to sleep for 5.0 seconds before running or rerunning.  Test is: /home/travis/build/icyphy/ptII/ptolemy/actor/lib/jjs/modules/socket/demo/TCPSocket/TCPSocketDoubleArrayBatched.xml
Done sleeping
Running .TCPSocketDoubleArrayBatched
3926 ms. Memory: 1895424K Free: 1366161K (72%)
Exported /home/travis/build/icyphy/ptII/ptolemy/actor/lib/jjs/modules/socket/demo/TCPSocket/TCPSocketDoubleArrayBatched/index.html
9103 ms. Memory: 1895424K Free: 1325968K (70%)
####### 13 Mon Apr 08 04:18:19 UTC 2019 $PTII/bin/ptinvoke ptolemy.vergil.basic.export.ExportModel -force htm -run -openComposites -timeOut 30000 -whiteBackground ptolemy/actor/lib/jjs/modules/socket/demo/TCPSocket/TCPSocketImage.xml $PTII/ptolemy/actor/lib/jjs/modules/socket/demo/TCPSocket/TCPSocketImage
----------------- Mon Apr 08 04:18:19 UTC 2019 About to sleep for 5.0 seconds before running or rerunning.  Test is: /home/travis/build/icyphy/ptII/ptolemy/actor/lib/jjs/modules/socket/demo/TCPSocket/TCPSocketImage.xml
Done sleeping
Running .TCPSocketImage
23317 ms. Memory: 1895424K Free: 839861K (44%)
Exported /home/travis/build/icyphy/ptII/ptolemy/actor/lib/jjs/modules/socket/demo/TCPSocket/TCPSocketImage/index.html
28846 ms. Memory: 1895424K Free: 807909K (43%)
####### 14 Mon Apr 08 04:18:53 UTC 2019 $PTII/bin/ptinvoke ptolemy.vergil.basic.export.ExportModel -force htm -run -openComposites -timeOut 30000 -whiteBackground ptolemy/actor/lib/jjs/modules/socket/demo/TCPSocket/TCPSocketSecureServerClient.xml $PTII/ptolemy/actor/lib/jjs/modules/socket/demo/TCPSocket/TCPSocketSecureServerClient
----------------- Mon Apr 08 04:18:53 UTC 2019 About to sleep for 5.0 seconds before running or rerunning.  Test is: /home/travis/build/icyphy/ptII/ptolemy/actor/lib/jjs/modules/socket/demo/TCPSocket/TCPSocketSecureServerClient.xml
Done sleeping
Running .TCPSocketSecureServerClient
9922 ms. Memory: 1904128K Free: 1589098K (83%)
Exported /home/travis/build/icyphy/ptII/ptolemy/actor/lib/jjs/modules/socket/demo/TCPSocket/TCPSocketSecureServerClient/index.html
17818 ms. Memory: 1904128K Free: 1550688K (81%)
####### 15 Mon Apr 08 04:19:15 UTC 2019 $PTII/bin/ptinvoke ptolemy.vergil.basic.export.ExportModel -force htm -run -openComposites -timeOut 30000 -whiteBackground ptolemy/actor/lib/jjs/modules/socket/demo/TCPSocket/TCPSocketTwoClients.xml $PTII/ptolemy/actor/lib/jjs/modules/socket/demo/TCPSocket/TCPSocketTwoClients
----------------- Mon Apr 08 04:19:15 UTC 2019 About to sleep for 5.0 seconds before running or rerunning.  Test is: /home/travis/build/icyphy/ptII/ptolemy/actor/lib/jjs/modules/socket/demo/TCPSocket/TCPSocketTwoClients.xml
Done sleeping
Running .TCPSocketTwoClients
23340 ms. Memory: 1853952K Free: 1169041K (63%)
Exported /home/travis/build/icyphy/ptII/ptolemy/actor/lib/jjs/modules/socket/demo/TCPSocket/TCPSocketTwoClients/index.html
29567 ms. Memory: 1853952K Free: 1125041K (61%)
####### 16 Mon Apr 08 04:19:50 UTC 2019 $PTII/bin/ptinvoke ptolemy.vergil.basic.export.ExportModel -force htm -run -openComposites -timeOut 30000 -whiteBackground ptolemy/actor/lib/jjs/modules/socket/demo/TCPSocket/TCPSocketUnsignedShort.xml $PTII/ptolemy/actor/lib/jjs/modules/socket/demo/TCPSocket/TCPSocketUnsignedShort
----------------- Mon Apr 08 04:19:50 UTC 2019 About to sleep for 5.0 seconds before running or rerunning.  Test is: /home/travis/build/icyphy/ptII/ptolemy/actor/lib/jjs/modules/socket/demo/TCPSocket/TCPSocketUnsignedShort.xml
Done sleeping
Running .TCPSocketUnsignedShort
4228 ms. Memory: 1884672K Free: 1245712K (66%)
Exported /home/travis/build/icyphy/ptII/ptolemy/actor/lib/jjs/modules/socket/demo/TCPSocket/TCPSocketUnsignedShort/index.html
9599 ms. Memory: 1884672K Free: 1204105K (64%)
####### 17 Mon Apr 08 04:20:05 UTC 2019 $PTII/bin/ptinvoke ptolemy.vergil.basic.export.ExportModel -force htm  -openComposites -timeOut 30000 -whiteBackground ptolemy/actor/lib/jjs/modules/speechRecognition/demo/SpeechRecognition/SpeechRecognition.xml $PTII/ptolemy/actor/lib/jjs/modules/speechRecognition/demo/SpeechRecognition/SpeechRecognition
Warning: not running ptolemy/actor/lib/jjs/modules/speechRecognition/demo/SpeechRecognition/SpeechRecognition.xml. See ptolemy/vergil/basic/export/test/junit/ExportModelJUnitTest.java
----------------- Mon Apr 08 04:20:05 UTC 2019 About to sleep for 5.0 seconds before running or rerunning.  Test is: /home/travis/build/icyphy/ptII/ptolemy/actor/lib/jjs/modules/speechRecognition/demo/SpeechRecognition/SpeechRecognition.xml
Done sleeping
Exported /home/travis/build/icyphy/ptII/ptolemy/actor/lib/jjs/modules/speechRecognition/demo/SpeechRecognition/SpeechRecognition/index.html
5208 ms. Memory: 1884672K Free: 529088K (28%)
####### 18 Mon Apr 08 04:20:15 UTC 2019 $PTII/bin/ptinvoke ptolemy.vergil.basic.export.ExportModel -force htm  -openComposites -timeOut 30000 -whiteBackground ptolemy/actor/lib/jjs/modules/speechRecognition/demo/WatchCommandUpdater/WatchCommandUpdater.xml $PTII/ptolemy/actor/lib/jjs/modules/speechRecognition/demo/WatchCommandUpdater/WatchCommandUpdater
Warning: not running ptolemy/actor/lib/jjs/modules/speechRecognition/demo/WatchCommandUpdater/WatchCommandUpdater.xml. See ptolemy/vergil/basic/export/test/junit/ExportModelJUnitTest.java
----------------- Mon Apr 08 04:20:15 UTC 2019 About to sleep for 5.0 seconds before running or rerunning.  Test is: /home/travis/build/icyphy/ptII/ptolemy/actor/lib/jjs/modules/speechRecognition/demo/WatchCommandUpdater/WatchCommandUpdater.xml
Done sleeping
Exported /home/travis/build/icyphy/ptII/ptolemy/actor/lib/jjs/modules/speechRecognition/demo/WatchCommandUpdater/WatchCommandUpdater/index.html
8437 ms. Memory: 1874432K Free: 1112904K (59%)
####### 19 Mon Apr 08 04:20:28 UTC 2019 $PTII/bin/ptinvoke ptolemy.vergil.basic.export.ExportModel -force htm -run -openComposites -timeOut 30000 -whiteBackground ptolemy/actor/lib/jjs/modules/testing/demo/Testing/Testing.xml $PTII/ptolemy/actor/lib/jjs/modules/testing/demo/Testing/Testing
----------------- Mon Apr 08 04:20:28 UTC 2019 About to sleep for 5.0 seconds before running or rerunning.  Test is: /home/travis/build/icyphy/ptII/ptolemy/actor/lib/jjs/modules/testing/demo/Testing/Testing.xml
Done sleeping
Running .Testing
MochaTest: Start of Common host: Basic (Thread[AWT-EventQueue-0,6,main])
MochaTest: End of Common host: Basic (Thread[AWT-EventQueue-0,6,main])
MochaTest: Start of Common host: Composite accessors (Thread[AWT-EventQueue-0,6,main])
MochaTest: Start of Common host: Spontaneous accessors (Thread[AWT-EventQueue-0,6,main])
MochaTest: Start of Common host: Spontaneous accessors (Thread[AWT-EventQueue-0,6,main])
MochaTest: Before Spontaneous accessor produces correct outputs after 1 and 2 seconds. (Thread[AWT-EventQueue-0,6,main])
MochaTest: After Spontaneous accessor produces correct outputs after 1 and 2 seconds. (Thread[AWT-EventQueue-0,6,main])
MochaTest: End of Common host: Spontaneous accessors (Thread[AWT-EventQueue-0,6,main])
MochaTest: Start of Common host: Inheritance (Thread[AWT-EventQueue-0,6,main])
MochaTest: End of Common host: Inheritance (Thread[AWT-EventQueue-0,6,main])
MochaTest: Instance of TestAccessor: [Circular]
Tests: (Thread[AWT-EventQueue-0,6,main])
MochaTest: TestAccessor.fire() invoked. (Thread[AWT-EventQueue-0,6,main])
MochaTest: TestAdder: fire(): inputLeft: 10 inputRight: 40 (Thread[AWT-EventQueue-0,6,main])
MochaTest: TestAdder: fire(): inputLeft: 5 inputRight: 20 (Thread[AWT-EventQueue-0,6,main])
MochaTest: TestAdder: fire(): inputLeft: 5 inputRight: 20 (Thread[AWT-EventQueue-0,6,main])
MochaTest: TestAccessor.fire() invoked. (Thread[AWT-EventQueue-0,6,main])
MochaTest: <?xml version="1.0" encoding="UTF-8"?>
 <testsuites>
 <testsuite name="Root Suite" tests="0">
 <testsuite name="Common host: Basic" tests="7">
 <testcase name="this.getParameter() returns default value." > </testcase>
 <testcase name="this.getParameter() returns value set by this.setParameter()." > </testcase>
 <testcase name="this.get() returns default value." > </testcase>
 <testcase name="this.get() returns null if no input yet provided." > </testcase>
 <testcase name="this.get() returns null if no input yet provided but type being boolean." > </testcase>
 <testcase name="this.get() returns value provided by provideInput()." > </testcase>
 <testcase name="latestOutput contains value provided by inputHandlers and send()." > </testcase>
 </testsuite>
 <testsuite name="Common host: Composite accessors" tests="2">
 <testcase name="Composite accessor produces correct output when manually scheduled." > </testcase>
 <testcase name="Composite accessor produces correct output when automatically scheduled." > </testcase>
 </testsuite>
 <testsuite name="Common host: Spontaneous accessors" tests="2">
 <testcase name="Spontaneous accessor produces correct outputs after 1 and 2 seconds." > </testcase>
 <testcase name="Composite spontaneous accessor produces correct outputs after 1 and 2 seconds." > </testcase>
 </testsuite>
 <testsuite name="Common host: Inheritance" tests="4">
 <testcase name="Inheritance, function overriding, and variable visiility should work properly." > </testcase>
 <testcase name="Implementing an interface should work properly." > </testcase>
 <testcase name="Exported fields of base classes can be accessed and initialize() is properly scoped." > </testcase>
 <testcase name="Two-level inheritance should work properly." > </testcase>
 </testsuite>
 </testsuite>
 </testsuites>
 (Thread[AWT-EventQueue-0,6,main])
16682 ms. Memory: 1840640K Free: 1068992K (58%)
Exported /home/travis/build/icyphy/ptII/ptolemy/actor/lib/jjs/modules/testing/demo/Testing/Testing/index.html
22164 ms. Memory: 1840640K Free: 1038759K (56%)
####### 20 Mon Apr 08 04:20:55 UTC 2019 $PTII/bin/ptinvoke ptolemy.vergil.basic.export.ExportModel -force htm -run -openComposites -timeOut 30000 -whiteBackground ptolemy/actor/lib/jjs/modules/udpSocket/demo/UDPSocket/UDPSocket.xml $PTII/ptolemy/actor/lib/jjs/modules/udpSocket/demo/UDPSocket/UDPSocket
----------------- Mon Apr 08 04:20:55 UTC 2019 About to sleep for 5.0 seconds before running or rerunning.  Test is: /home/travis/build/icyphy/ptII/ptolemy/actor/lib/jjs/modules/udpSocket/demo/UDPSocket/UDPSocket.xml
Done sleeping
Running .UDPSocket
ExportHTMLTimer went off after 30000 ms., calling getDirector().finish and getDirector().stopFire()
30014 ms. Memory: 1840640K Free: 564291K (31%)
Exported /home/travis/build/icyphy/ptII/ptolemy/actor/lib/jjs/modules/udpSocket/demo/UDPSocket/UDPSocket/index.html
34855 ms. Memory: 1840640K Free: 533135K (29%)
####### 21 Mon Apr 08 04:21:35 UTC 2019 $PTII/bin/ptinvoke ptolemy.vergil.basic.export.ExportModel -force htm  -openComposites -timeOut 30000 -whiteBackground ptolemy/actor/lib/jjs/modules/udpSocket/demo/WatchEmulator/WatchEmulator.xml $PTII/ptolemy/actor/lib/jjs/modules/udpSocket/demo/WatchEmulator/WatchEmulator
Warning: not running ptolemy/actor/lib/jjs/modules/udpSocket/demo/WatchEmulator/WatchEmulator.xml. See ptolemy/vergil/basic/export/test/junit/ExportModelJUnitTest.java
----------------- Mon Apr 08 04:21:35 UTC 2019 About to sleep for 5.0 seconds before running or rerunning.  Test is: /home/travis/build/icyphy/ptII/ptolemy/actor/lib/jjs/modules/udpSocket/demo/WatchEmulator/WatchEmulator.xml
Done sleeping
Exported /home/travis/build/icyphy/ptII/ptolemy/actor/lib/jjs/modules/udpSocket/demo/WatchEmulator/WatchEmulator/index.html
8313 ms. Memory: 1724416K Free: 564811K (33%)
####### 22 Mon Apr 08 04:21:49 UTC 2019 $PTII/bin/ptinvoke ptolemy.vergil.basic.export.ExportModel -force htm -run -openComposites -timeOut 30000 -whiteBackground ptolemy/actor/lib/jjs/modules/userInterface/demo/Dots/Dots.xml $PTII/ptolemy/actor/lib/jjs/modules/userInterface/demo/Dots/Dots
----------------- Mon Apr 08 04:21:49 UTC 2019 About to sleep for 5.0 seconds before running or rerunning.  Test is: /home/travis/build/icyphy/ptII/ptolemy/actor/lib/jjs/modules/userInterface/demo/Dots/Dots.xml
Done sleeping
Running .Dots
ExportHTMLTimer went off after 30000 ms., calling getDirector().finish and getDirector().stopFire()
30032 ms. Memory: 1948160K Free: 1370003K (70%)
Exported /home/travis/build/icyphy/ptII/ptolemy/actor/lib/jjs/modules/userInterface/demo/Dots/Dots/index.html
35845 ms. Memory: 1948160K Free: 1338678K (69%)
####### 23 Mon Apr 08 04:22:29 UTC 2019 $PTII/bin/ptinvoke ptolemy.vergil.basic.export.ExportModel -force htm -run -openComposites -timeOut 30000 -whiteBackground ptolemy/actor/lib/jjs/modules/userInterface/demo/HelloUserInterface/HelloUserInterface.xml $PTII/ptolemy/actor/lib/jjs/modules/userInterface/demo/HelloUserInterface/HelloUserInterface
----------------- Mon Apr 08 04:22:29 UTC 2019 About to sleep for 5.0 seconds before running or rerunning.  Test is: /home/travis/build/icyphy/ptII/ptolemy/actor/lib/jjs/modules/userInterface/demo/HelloUserInterface/HelloUserInterface.xml
Done sleeping
Running .HelloUserInterface
BrowserLauncher: UnsupportedOperation: http://localhost:8089: java.lang.UnsupportedOperationException: The BROWSE action is not supported on the current platform!
ExportHTMLTimer went off after 30000 ms., calling getDirector().finish and getDirector().stopFire()
ExportHTMLTimer went off after 60000 ms., calling manager.stop().
65719 ms. Memory: 1968128K Free: 1418125K (72%)
Exported /home/travis/build/icyphy/ptII/ptolemy/actor/lib/jjs/modules/userInterface/demo/HelloUserInterface/HelloUserInterface/index.html
71314 ms. Memory: 1968128K Free: 1390569K (71%)
####### 24 Mon Apr 08 04:23:46 UTC 2019 $PTII/bin/ptinvoke ptolemy.vergil.basic.export.ExportModel -force htm -run -openComposites -timeOut 30000 -whiteBackground ptolemy/actor/lib/jjs/modules/userInterface/demo/UserInterface/UserInterface.xml $PTII/ptolemy/actor/lib/jjs/modules/userInterface/demo/UserInterface/UserInterface
----------------- Mon Apr 08 04:23:46 UTC 2019 About to sleep for 5.0 seconds before running or rerunning.  Test is: /home/travis/build/icyphy/ptII/ptolemy/actor/lib/jjs/modules/userInterface/demo/UserInterface/UserInterface.xml
Done sleeping
Model ".UserInterface" contains actors such cannot be run  as part of the export process from ExportModel or it has a WebExportParameters value that runBeforeExport set to false. To export run this model and export it, use vergil.
Exported /home/travis/build/icyphy/ptII/ptolemy/actor/lib/jjs/modules/userInterface/demo/UserInterface/UserInterface/index.html
3187 ms. Memory: 1968128K Free: 1257665K (64%)
####### 25 Mon Apr 08 04:23:54 UTC 2019 $PTII/bin/ptinvoke ptolemy.vergil.basic.export.ExportModel -force htm -run -openComposites -timeOut 30000 -whiteBackground ptolemy/actor/lib/jjs/modules/userInterface/demo/UserInterface/UserInterfaceBrowser.xml $PTII/ptolemy/actor/lib/jjs/modules/userInterface/demo/UserInterface/UserInterfaceBrowser
----------------- Mon Apr 08 04:23:54 UTC 2019 About to sleep for 5.0 seconds before running or rerunning.  Test is: /home/travis/build/icyphy/ptII/ptolemy/actor/lib/jjs/modules/userInterface/demo/UserInterface/UserInterfaceBrowser.xml
Done sleeping
Running .UserInterfaceBrowser
BrowserLauncher: UnsupportedOperation: http://localhost:8090: java.lang.UnsupportedOperationException: The BROWSE action is not supported on the current platform!
ExportHTMLTimer went off after 30000 ms., calling getDirector().finish and getDirector().stopFire()
UserInterface: Connection closed because model is no longer running. (Thread[AWT-EventQueue-0,6,main])
30088 ms. Memory: 1969664K Free: 619122K (31%)
Exported /home/travis/build/icyphy/ptII/ptolemy/actor/lib/jjs/modules/userInterface/demo/UserInterface/UserInterfaceBrowser/index.html
36194 ms. Memory: 1969664K Free: 585836K (30%)
####### 26 Mon Apr 08 04:24:35 UTC 2019 $PTII/bin/ptinvoke ptolemy.vergil.basic.export.ExportModel -force htm -run -openComposites -timeOut 30000 -whiteBackground ptolemy/actor/lib/jjs/modules/userInterface/demo/UserInterface/UserInterfaceFixedPage.xml $PTII/ptolemy/actor/lib/jjs/modules/userInterface/demo/UserInterface/UserInterfaceFixedPage
----------------- Mon Apr 08 04:24:35 UTC 2019 About to sleep for 5.0 seconds before running or rerunning.  Test is: /home/travis/build/icyphy/ptII/ptolemy/actor/lib/jjs/modules/userInterface/demo/UserInterface/UserInterfaceFixedPage.xml
Done sleeping
Running .UserInterfaceFixedPage
BrowserLauncher: UnsupportedOperation: http://localhost:8089: java.lang.UnsupportedOperationException: The BROWSE action is not supported on the current platform!
UserInterface: Connection closed because model is no longer running. (Thread[AWT-EventQueue-0,6,main])
5967 ms. Memory: 1973248K Free: 1005186K (51%)
Exported /home/travis/build/icyphy/ptII/ptolemy/actor/lib/jjs/modules/userInterface/demo/UserInterface/UserInterfaceFixedPage/index.html
10995 ms. Memory: 1973248K Free: 971674K (49%)
####### 27 Mon Apr 08 04:24:51 UTC 2019 $PTII/bin/ptinvoke ptolemy.vergil.basic.export.ExportModel -force htm -run -openComposites -timeOut 30000 -whiteBackground ptolemy/actor/lib/jjs/modules/userInterface/demo/UserInterface/UserInterfaceInteractive.xml $PTII/ptolemy/actor/lib/jjs/modules/userInterface/demo/UserInterface/UserInterfaceInteractive
----------------- Mon Apr 08 04:24:51 UTC 2019 About to sleep for 5.0 seconds before running or rerunning.  Test is: /home/travis/build/icyphy/ptII/ptolemy/actor/lib/jjs/modules/userInterface/demo/UserInterface/UserInterfaceInteractive.xml
Done sleeping
Running .UserInterfaceInteractive
BrowserLauncher: UnsupportedOperation: http://localhost:8090: java.lang.UnsupportedOperationException: The BROWSE action is not supported on the current platform!
ExportHTMLTimer went off after 30000 ms., calling getDirector().finish and getDirector().stopFire()
UserInterface: Connection closed because model is no longer running. (Thread[AWT-EventQueue-0,6,main])
30021 ms. Memory: 1977856K Free: 1119561K (57%)
Exported /home/travis/build/icyphy/ptII/ptolemy/actor/lib/jjs/modules/userInterface/demo/UserInterface/UserInterfaceInteractive/index.html
35133 ms. Memory: 1977856K Free: 1085523K (55%)
####### 28 Mon Apr 08 04:25:31 UTC 2019 $PTII/bin/ptinvoke ptolemy.vergil.basic.export.ExportModel -force htm -run -openComposites -timeOut 30000 -whiteBackground ptolemy/actor/lib/jjs/modules/userInterface/demo/UserInterface/UserInterfaceRamp.xml $PTII/ptolemy/actor/lib/jjs/modules/userInterface/demo/UserInterface/UserInterfaceRamp
----------------- Mon Apr 08 04:25:31 UTC 2019 About to sleep for 5.0 seconds before running or rerunning.  Test is: /home/travis/build/icyphy/ptII/ptolemy/actor/lib/jjs/modules/userInterface/demo/UserInterface/UserInterfaceRamp.xml
Done sleeping
Running .UserInterfaceRamp
BrowserLauncher: UnsupportedOperation: http://localhost:8089: java.lang.UnsupportedOperationException: The BROWSE action is not supported on the current platform!
UserInterface: Connection closed because model is no longer running. (Thread[AWT-EventQueue-0,6,main])
13383 ms. Memory: 1988096K Free: 898427K (45%)
Exported /home/travis/build/icyphy/ptII/ptolemy/actor/lib/jjs/modules/userInterface/demo/UserInterface/UserInterfaceRamp/index.html
19044 ms. Memory: 1988096K Free: 863589K (43%)
####### 29 Mon Apr 08 04:25:55 UTC 2019 $PTII/bin/ptinvoke ptolemy.vergil.basic.export.ExportModel -force htm -run -openComposites -timeOut 30000 -whiteBackground ptolemy/actor/lib/jjs/modules/userInterface/demo/UserInterface/UserInterfaceUpdate.xml $PTII/ptolemy/actor/lib/jjs/modules/userInterface/demo/UserInterface/UserInterfaceUpdate
----------------- Mon Apr 08 04:25:55 UTC 2019 About to sleep for 5.0 seconds before running or rerunning.  Test is: /home/travis/build/icyphy/ptII/ptolemy/actor/lib/jjs/modules/userInterface/demo/UserInterface/UserInterfaceUpdate.xml
Done sleeping
Running .UserInterfaceUpdate
BrowserLauncher: UnsupportedOperation: http://localhost:8090: java.lang.UnsupportedOperationException: The BROWSE action is not supported on the current platform!
UserInterface: Connection closed because model is no longer running. (Thread[AWT-EventQueue-0,6,main])
14317 ms. Memory: 1988096K Free: 312761K (16%)
Exported /home/travis/build/icyphy/ptII/ptolemy/actor/lib/jjs/modules/userInterface/demo/UserInterface/UserInterfaceUpdate/index.html
21327 ms. Memory: 1988096K Free: 285706K (14%)
####### 30 Mon Apr 08 04:26:22 UTC 2019 $PTII/bin/ptinvoke ptolemy.vergil.basic.export.ExportModel -force htm -run -openComposites -timeOut 30000 -whiteBackground ptolemy/actor/lib/jjs/modules/userInterface/demo/UserInterface/UserInterfaceVideo.xml $PTII/ptolemy/actor/lib/jjs/modules/userInterface/demo/UserInterface/UserInterfaceVideo
----------------- Mon Apr 08 04:26:22 UTC 2019 About to sleep for 5.0 seconds before running or rerunning.  Test is: /home/travis/build/icyphy/ptII/ptolemy/actor/lib/jjs/modules/userInterface/demo/UserInterface/UserInterfaceVideo.xml
Done sleeping
Running .UserInterfaceVideo
BrowserLauncher: UnsupportedOperation: http://localhost:8090: java.lang.UnsupportedOperationException: The BROWSE action is not supported on the current platform!
ExportHTMLTimer went off after 30000 ms., calling getDirector().finish and getDirector().stopFire()
UserInterface: Connection closed because model is no longer running. (Thread[AWT-EventQueue-0,6,main])
30083 ms. Memory: 1554944K Free: 816767K (53%)
Exported /home/travis/build/icyphy/ptII/ptolemy/actor/lib/jjs/modules/userInterface/demo/UserInterface/UserInterfaceVideo/index.html
36574 ms. Memory: 1554944K Free: 792501K (51%)
####### 31 Mon Apr 08 04:27:03 UTC 2019 $PTII/bin/ptinvoke ptolemy.vergil.basic.export.ExportModel -force htm -run -openComposites -timeOut 30000 -whiteBackground ptolemy/actor/lib/jjs/modules/webSocket/demo/SpeakingServerListeningClient/SpeakingServerListeningClient.xml $PTII/ptolemy/actor/lib/jjs/modules/webSocket/demo/SpeakingServerListeningClient/SpeakingServerListeningClient
----------------- Mon Apr 08 04:27:03 UTC 2019 About to sleep for 5.0 seconds before running or rerunning.  Test is: /home/travis/build/icyphy/ptII/ptolemy/actor/lib/jjs/modules/webSocket/demo/SpeakingServerListeningClient/SpeakingServerListeningClient.xml
Done sleeping
Running .SpeakingServerListeningClient
WSServer: *** server is listenting. (Thread[vert.x-eventloop-thread-0,6,main])
WSServer: *** server initialized. (Thread[AWT-EventQueue-0,6,main])
WSClient1: --- client 1 initialized. (Thread[AWT-EventQueue-0,6,main])
WSClient2: +++ client 2 initialized. (Thread[AWT-EventQueue-0,6,main])
WSServer: *** server received connection 0 (Thread[vert.x-eventloop-thread-0,6,main])
WSClient2: +++ connection established. Sending message to server. (Thread[vert.x-eventloop-thread-0,6,main])
WSClient2: +++ client 2 received message: Hello to client number 1 (Thread[AWT-EventQueue-0,6,main])
WSServer: *** server received message: Hello from the client (Thread[AWT-EventQueue-0,6,main])
WSServer: *** server wrapping up. (Thread[AWT-EventQueue-0,6,main])
WSClient1: --- client 1 wrapping up. (Thread[AWT-EventQueue-0,6,main])
WSClient1: Connection closed because model is no longer running. (Thread[AWT-EventQueue-0,6,main])
WSClient2: +++ client 2 wrapping up. (Thread[AWT-EventQueue-0,6,main])
WSClient2: Connection closed because model is no longer running. (Thread[AWT-EventQueue-0,6,main])
5941 ms. Memory: 2009088K Free: 922276K (46%)
Exported /home/travis/build/icyphy/ptII/ptolemy/actor/lib/jjs/modules/webSocket/demo/SpeakingServerListeningClient/SpeakingServerListeningClient/index.html
12170 ms. Memory: 2009088K Free: 895629K (45%)
####### 32 Mon Apr 08 04:27:20 UTC 2019 $PTII/bin/ptinvoke ptolemy.vergil.basic.export.ExportModel -force htm -run -openComposites -timeOut 30000 -whiteBackground ptolemy/actor/lib/jjs/modules/webSocket/demo/TwoWebSockets/TwoWebSockets.xml $PTII/ptolemy/actor/lib/jjs/modules/webSocket/demo/TwoWebSockets/TwoWebSockets
----------------- Mon Apr 08 04:27:20 UTC 2019 About to sleep for 5.0 seconds before running or rerunning.  Test is: /home/travis/build/icyphy/ptII/ptolemy/actor/lib/jjs/modules/webSocket/demo/TwoWebSockets/TwoWebSockets.xml
Done sleeping
Running .TwoWebSockets
JavaScript: Connection failed. Will try again: Connection refused: localhost/127.0.0.1:8080
Connection refused (Thread[vert.x-eventloop-thread-3,6,main])
JavaScript: Connection failed. Will try again: Connection refused: localhost/127.0.0.1:1984
Connection refused (Thread[vert.x-eventloop-thread-3,6,main])
JavaScript: Connection failed. Will try again: Connection refused: localhost/127.0.0.1:8080
Connection refused (Thread[vert.x-eventloop-thread-3,6,main])
JavaScript: Connection failed. Will try again: Connection refused: localhost/127.0.0.1:1984
Connection refused (Thread[vert.x-eventloop-thread-3,6,main])
JavaScript: Connection failed. Will try again: Connection refused: localhost/127.0.0.1:8080
Connection refused (Thread[vert.x-eventloop-thread-3,6,main])
JavaScript: Connection failed. Will try again: Connection refused: localhost/127.0.0.1:1984
Connection refused (Thread[vert.x-eventloop-thread-3,6,main])
JavaScript: Connection failed. Will try again: Connection refused: localhost/127.0.0.1:8080
Connection refused (Thread[vert.x-eventloop-thread-3,6,main])
JavaScript: Connection failed. Will try again: Connection refused: localhost/127.0.0.1:1984
Connection refused (Thread[vert.x-eventloop-thread-3,6,main])
JavaScript: Connection failed. Will try again: Connection refused: localhost/127.0.0.1:8080
Connection refused (Thread[vert.x-eventloop-thread-3,6,main])
JavaScript: Connection failed. Will try again: Connection refused: localhost/127.0.0.1:1984
Connection refused (Thread[vert.x-eventloop-thread-3,6,main])
JavaScript: Connection failed. Will try again: Connection refused: localhost/127.0.0.1:8080
Connection refused (Thread[vert.x-eventloop-thread-3,6,main])
JavaScript: Connection failed. Will try again: Connection refused: localhost/127.0.0.1:1984
Connection refused (Thread[vert.x-eventloop-thread-3,6,main])
JavaScript: Connection failed. Will try again: Connection refused: localhost/127.0.0.1:8080
Connection refused (Thread[vert.x-eventloop-thread-3,6,main])
JavaScript: Connection failed. Will try again: Connection refused: localhost/127.0.0.1:1984
Connection refused (Thread[vert.x-eventloop-thread-3,6,main])
JavaScript: Connection failed. Will try again: Connection refused: localhost/127.0.0.1:8080
Connection refused (Thread[vert.x-eventloop-thread-3,6,main])
JavaScript: Connection failed. Will try again: Connection refused: localhost/127.0.0.1:1984
Connection refused (Thread[vert.x-eventloop-thread-3,6,main])
JavaScript: Connection failed. Will try again: Connection refused: localhost/127.0.0.1:8080
Connection refused (Thread[vert.x-eventloop-thread-3,6,main])
JavaScript: Connection failed. Will try again: Connection refused: localhost/127.0.0.1:1984
Connection refused (Thread[vert.x-eventloop-thread-3,6,main])
JavaScript: Connection failed. Will try again: Connection refused: localhost/127.0.0.1:8080
Connection refused (Thread[vert.x-eventloop-thread-3,6,main])
JavaScript: Connection failed. Will try again: Connection refused: localhost/127.0.0.1:1984
Connection refused (Thread[vert.x-eventloop-thread-3,6,main])
5956 ms. Memory: 1627648K Free: 813955K (50%)
Exported /home/travis/build/icyphy/ptII/ptolemy/actor/lib/jjs/modules/webSocket/demo/TwoWebSockets/TwoWebSockets/index.html
10786 ms. Memory: 1627648K Free: 783785K (48%)
####### 33 Mon Apr 08 04:27:36 UTC 2019 $PTII/bin/ptinvoke ptolemy.vergil.basic.export.ExportModel -force htm -run -openComposites -timeOut 30000 -whiteBackground ptolemy/actor/lib/jjs/modules/webSocket/demo/WebSocketChat/Client.xml $PTII/ptolemy/actor/lib/jjs/modules/webSocket/demo/WebSocketChat/Client
----------------- Mon Apr 08 04:27:36 UTC 2019 About to sleep for 5.0 seconds before running or rerunning.  Test is: /home/travis/build/icyphy/ptII/ptolemy/actor/lib/jjs/modules/webSocket/demo/WebSocketChat/Client.xml
Done sleeping
.Client.InteractiveDialog invoked SwingUtilities.invokeAndWait()
Model ".Client" contains actors such cannot be run  as part of the export process from ExportModel or it has a WebExportParameters value that runBeforeExport set to false. To export run this model and export it, use vergil.
Exported /home/travis/build/icyphy/ptII/ptolemy/actor/lib/jjs/modules/webSocket/demo/WebSocketChat/Client/index.html
3791 ms. Memory: 1627648K Free: 525404K (32%)
####### 34 Mon Apr 08 04:27:45 UTC 2019 $PTII/bin/ptinvoke ptolemy.vergil.basic.export.ExportModel -force htm -run -openComposites -timeOut 30000 -whiteBackground ptolemy/actor/lib/jjs/modules/webSocket/demo/WebSocketChat/SecureClient.xml $PTII/ptolemy/actor/lib/jjs/modules/webSocket/demo/WebSocketChat/SecureClient
----------------- Mon Apr 08 04:27:45 UTC 2019 About to sleep for 5.0 seconds before running or rerunning.  Test is: /home/travis/build/icyphy/ptII/ptolemy/actor/lib/jjs/modules/webSocket/demo/WebSocketChat/SecureClient.xml
Done sleeping
.SecureClient.InteractiveDialog invoked SwingUtilities.invokeAndWait()
Model ".SecureClient" contains actors such cannot be run  as part of the export process from ExportModel or it has a WebExportParameters value that runBeforeExport set to false. To export run this model and export it, use vergil.
Exported /home/travis/build/icyphy/ptII/ptolemy/actor/lib/jjs/modules/webSocket/demo/WebSocketChat/SecureClient/index.html
4149 ms. Memory: 1997312K Free: 1377715K (69%)
####### 35 Mon Apr 08 04:27:54 UTC 2019 $PTII/bin/ptinvoke ptolemy.vergil.basic.export.ExportModel -force htm -run -openComposites -timeOut 30000 -whiteBackground ptolemy/actor/lib/jjs/modules/webSocket/demo/WebSocketChat/SecureServer.xml $PTII/ptolemy/actor/lib/jjs/modules/webSocket/demo/WebSocketChat/SecureServer
----------------- Mon Apr 08 04:27:54 UTC 2019 About to sleep for 5.0 seconds before running or rerunning.  Test is: /home/travis/build/icyphy/ptII/ptolemy/actor/lib/jjs/modules/webSocket/demo/WebSocketChat/SecureServer.xml
Done sleeping
Running .SecureServer
ExportHTMLTimer went off after 30000 ms., calling getDirector().finish and getDirector().stopFire()
30014 ms. Memory: 1997312K Free: 938363K (47%)
Exported /home/travis/build/icyphy/ptII/ptolemy/actor/lib/jjs/modules/webSocket/demo/WebSocketChat/SecureServer/index.html
34725 ms. Memory: 1997312K Free: 916574K (46%)
####### 36 Mon Apr 08 04:28:34 UTC 2019 $PTII/bin/ptinvoke ptolemy.vergil.basic.export.ExportModel -force htm -run -openComposites -timeOut 30000 -whiteBackground ptolemy/actor/lib/jjs/modules/webSocket/demo/WebSocketChat/Server.xml $PTII/ptolemy/actor/lib/jjs/modules/webSocket/demo/WebSocketChat/Server
----------------- Mon Apr 08 04:28:34 UTC 2019 About to sleep for 5.0 seconds before running or rerunning.  Test is: /home/travis/build/icyphy/ptII/ptolemy/actor/lib/jjs/modules/webSocket/demo/WebSocketChat/Server.xml
Done sleeping
Running .Server
ExportHTMLTimer went off after 30000 ms., calling getDirector().finish and getDirector().stopFire()
30016 ms. Memory: 1986560K Free: 1226464K (62%)
Exported /home/travis/build/icyphy/ptII/ptolemy/actor/lib/jjs/modules/webSocket/demo/WebSocketChat/Server/index.html
34878 ms. Memory: 1986560K Free: 1206280K (61%)
####### 37 Mon Apr 08 04:29:14 UTC 2019 $PTII/bin/ptinvoke ptolemy.vergil.basic.export.ExportModel -force htm  -openComposites -timeOut 30000 -whiteBackground ptolemy/actor/lib/jjs/modules/webSocket/demo/WebSocketChat/WebSocketChat.xml $PTII/ptolemy/actor/lib/jjs/modules/webSocket/demo/WebSocketChat/WebSocketChat
Warning: not running ptolemy/actor/lib/jjs/modules/webSocket/demo/WebSocketChat/WebSocketChat.xml. See ptolemy/vergil/basic/export/test/junit/ExportModelJUnitTest.java
----------------- Mon Apr 08 04:29:14 UTC 2019 About to sleep for 5.0 seconds before running or rerunning.  Test is: /home/travis/build/icyphy/ptII/ptolemy/actor/lib/jjs/modules/webSocket/demo/WebSocketChat/WebSocketChat.xml
Done sleeping
Exported /home/travis/build/icyphy/ptII/ptolemy/actor/lib/jjs/modules/webSocket/demo/WebSocketChat/WebSocketChat/index.html
3178 ms. Memory: 1986560K Free: 1086742K (55%)
####### 38 Mon Apr 08 04:29:22 UTC 2019 $PTII/bin/ptinvoke ptolemy.vergil.basic.export.ExportModel -force htm  -openComposites -timeOut 30000 -whiteBackground ptolemy/actor/lib/jjs/modules/webSocket/demo/WebSocketClient/WebSocketClient.xml $PTII/ptolemy/actor/lib/jjs/modules/webSocket/demo/WebSocketClient/WebSocketClient
Warning: not running ptolemy/actor/lib/jjs/modules/webSocket/demo/WebSocketClient/WebSocketClient.xml. See ptolemy/vergil/basic/export/test/junit/ExportModelJUnitTest.java
----------------- Mon Apr 08 04:29:22 UTC 2019 About to sleep for 5.0 seconds before running or rerunning.  Test is: /home/travis/build/icyphy/ptII/ptolemy/actor/lib/jjs/modules/webSocket/demo/WebSocketClient/WebSocketClient.xml
Done sleeping
Exported /home/travis/build/icyphy/ptII/ptolemy/actor/lib/jjs/modules/webSocket/demo/WebSocketClient/WebSocketClient/index.html
3910 ms. Memory: 1986560K Free: 805344K (41%)
####### 39 Mon Apr 08 04:29:31 UTC 2019 $PTII/bin/ptinvoke ptolemy.vergil.basic.export.ExportModel -force htm -run -openComposites -timeOut 30000 -whiteBackground ptolemy/actor/lib/jjs/modules/webSocket/demo/WebSocketClient/WebSocketServer.xml $PTII/ptolemy/actor/lib/jjs/modules/webSocket/demo/WebSocketClient/WebSocketServer
----------------- Mon Apr 08 04:29:31 UTC 2019 About to sleep for 5.0 seconds before running or rerunning.  Test is: /home/travis/build/icyphy/ptII/ptolemy/actor/lib/jjs/modules/webSocket/demo/WebSocketClient/WebSocketServer.xml
Done sleeping
Running .WebSocketServer
ExportHTMLTimer went off after 30000 ms., calling getDirector().finish and getDirector().stopFire()
30026 ms. Memory: 2024448K Free: 830867K (41%)
Exported /home/travis/build/icyphy/ptII/ptolemy/actor/lib/jjs/modules/webSocket/demo/WebSocketClient/WebSocketServer/index.html
35569 ms. Memory: 2024448K Free: 802551K (40%)
####### 40 Mon Apr 08 04:30:11 UTC 2019 $PTII/bin/ptinvoke ptolemy.vergil.basic.export.ExportModel -force htm -run -openComposites -timeOut 30000 -whiteBackground ptolemy/actor/lib/jjs/modules/webSocket/demo/WebSocketFullDuplex/WebSocketFullDuplex.xml $PTII/ptolemy/actor/lib/jjs/modules/webSocket/demo/WebSocketFullDuplex/WebSocketFullDuplex
----------------- Mon Apr 08 04:30:11 UTC 2019 About to sleep for 5.0 seconds before running or rerunning.  Test is: /home/travis/build/icyphy/ptII/ptolemy/actor/lib/jjs/modules/webSocket/demo/WebSocketFullDuplex/WebSocketFullDuplex.xml
Done sleeping
Running .WebSocketFullDuplex
ExportHTMLTimer went off after 30000 ms., calling getDirector().finish and getDirector().stopFire()
WebSocketClient: Connection closed because model is no longer running. (Thread[AWT-EventQueue-0,6,main])
32365 ms. Memory: 2013184K Free: 718806K (36%)
Exported /home/travis/build/icyphy/ptII/ptolemy/actor/lib/jjs/modules/webSocket/demo/WebSocketFullDuplex/WebSocketFullDuplex/index.html
38025 ms. Memory: 2013184K Free: 689864K (34%)
####### 41 Mon Apr 08 04:30:54 UTC 2019 $PTII/bin/ptinvoke ptolemy.vergil.basic.export.ExportModel -force htm -run -openComposites -timeOut 30000 -whiteBackground ptolemy/actor/lib/jjs/modules/webSocket/demo/WebSocketGraph/WebSocketGraph.xml $PTII/ptolemy/actor/lib/jjs/modules/webSocket/demo/WebSocketGraph/WebSocketGraph
----------------- Mon Apr 08 04:30:54 UTC 2019 About to sleep for 5.0 seconds before running or rerunning.  Test is: /home/travis/build/icyphy/ptII/ptolemy/actor/lib/jjs/modules/webSocket/demo/WebSocketGraph/WebSocketGraph.xml
Done sleeping
Running .WebSocketGraph
BrowserLauncher: UnsupportedOperation: http://localhost:8089: java.lang.UnsupportedOperationException: The BROWSE action is not supported on the current platform!
ExportHTMLTimer went off after 30000 ms., calling getDirector().finish and getDirector().stopFire()
UserInterface: Connection closed because model is no longer running. (Thread[AWT-EventQueue-0,6,main])
30083 ms. Memory: 2169856K Free: 1499510K (69%)
Exported /home/travis/build/icyphy/ptII/ptolemy/actor/lib/jjs/modules/webSocket/demo/WebSocketGraph/WebSocketGraph/index.html
37988 ms. Memory: 2169856K Free: 1460153K (67%)
####### 42 Mon Apr 08 04:31:37 UTC 2019 $PTII/bin/ptinvoke ptolemy.vergil.basic.export.ExportModel -force htm -run -openComposites -timeOut 30000 -whiteBackground ptolemy/actor/lib/jjs/modules/webSocket/demo/WebSocketImage/WebSocketImage.xml $PTII/ptolemy/actor/lib/jjs/modules/webSocket/demo/WebSocketImage/WebSocketImage
----------------- Mon Apr 08 04:31:37 UTC 2019 About to sleep for 5.0 seconds before running or rerunning.  Test is: /home/travis/build/icyphy/ptII/ptolemy/actor/lib/jjs/modules/webSocket/demo/WebSocketImage/WebSocketImage.xml
Done sleeping
Running .WebSocketImage
WebSocketClient: WebSocketClient: WebSocketClient.js: connect(): portValue: -1, which is less than 0. This could be a signal to close a previously open socket.  Returning. (Thread[AWT-EventQueue-0,6,main])
WebSocketServer: WebSocketServer message(): {type="class ptolemy.data.AWTImageToken", width="640", height="480"}, typeof message: object (Thread[AWT-EventQueue-0,6,main])
WebSocketServer: WebSocketServer message(): {type="class ptolemy.data.AWTImageToken", width="640", height="480"}, typeof message: object (Thread[AWT-EventQueue-0,6,main])
WebSocketServer: WebSocketServer message(): {type="class ptolemy.data.AWTImageToken", width="640", height="480"}, typeof message: object (Thread[AWT-EventQueue-0,6,main])
WebSocketServer: WebSocketServer message(): {type="class ptolemy.data.AWTImageToken", width="640", height="480"}, typeof message: object (Thread[AWT-EventQueue-0,6,main])
WebSocketServer: WebSocketServer message(): {type="class ptolemy.data.AWTImageToken", width="640", height="480"}, typeof message: object (Thread[AWT-EventQueue-0,6,main])
WebSocketServer: WebSocketServer message(): {type="class ptolemy.data.AWTImageToken", width="640", height="480"}, typeof message: object (Thread[AWT-EventQueue-0,6,main])
WebSocketServer: WebSocketServer message(): {type="class ptolemy.data.AWTImageToken", width="640", height="480"}, typeof message: object (Thread[AWT-EventQueue-0,6,main])
WebSocketServer: WebSocketServer message(): {type="class ptolemy.data.AWTImageToken", width="640", height="480"}, typeof message: object (Thread[AWT-EventQueue-0,6,main])
WebSocketServer: WebSocketServer message(): {type="class ptolemy.data.AWTImageToken", width="640", height="480"}, typeof message: object (Thread[AWT-EventQueue-0,6,main])
WebSocketServer: WebSocketServer message(): {type="class ptolemy.data.AWTImageToken", width="640", height="480"}, typeof message: object (Thread[AWT-EventQueue-0,6,main])
WebSocketServer: WebSocketServer message(): {type="class ptolemy.data.AWTImageToken", width="640", height="480"}, typeof message: object (Thread[AWT-EventQueue-0,6,main])
WebSocketServer: WebSocketServer message(): {type="class ptolemy.data.AWTImageToken", width="640", height="480"}, typeof message: object (Thread[AWT-EventQueue-0,6,main])
WebSocketServer: WebSocketServer message(): {type="class ptolemy.data.AWTImageToken", width="640", height="480"}, typeof message: object (Thread[AWT-EventQueue-0,6,main])
WebSocketServer: WebSocketServer message(): {type="class ptolemy.data.AWTImageToken", width="640", height="480"}, typeof message: object (Thread[AWT-EventQueue-0,6,main])
WebSocketServer: WebSocketServer message(): {type="class ptolemy.data.AWTImageToken", width="640", height="480"}, typeof message: object (Thread[AWT-EventQueue-0,6,main])
WebSocketServer: WebSocketServer message(): {type="class ptolemy.data.AWTImageToken", width="640", height="480"}, typeof message: object (Thread[AWT-EventQueue-0,6,main])
WebSocketServer: WebSocketServer message(): {type="class ptolemy.data.AWTImageToken", width="640", height="480"}, typeof message: object (Thread[AWT-EventQueue-0,6,main])
WebSocketServer: WebSocketServer message(): {type="class ptolemy.data.AWTImageToken", width="640", height="480"}, typeof message: object (Thread[AWT-EventQueue-0,6,main])
WebSocketServer: WebSocketServer message(): {type="class ptolemy.data.AWTImageToken", width="640", height="480"}, typeof message: object (Thread[AWT-EventQueue-0,6,main])
WebSocketServer: WebSocketServer message(): {type="class ptolemy.data.AWTImageToken", width="640", height="480"}, typeof message: object (Thread[AWT-EventQueue-0,6,main])
WebSocketServer: WebSocketServer message(): {type="class ptolemy.data.AWTImageToken", width="640", height="480"}, typeof message: object (Thread[AWT-EventQueue-0,6,main])
WebSocketServer: WebSocketServer message(): {type="class ptolemy.data.AWTImageToken", width="640", height="480"}, typeof message: object (Thread[AWT-EventQueue-0,6,main])
WebSocketServer: WebSocketServer message(): {type="class ptolemy.data.AWTImageToken", width="640", height="480"}, typeof message: object (Thread[AWT-EventQueue-0,6,main])
WebSocketServer: WebSocketServer message(): {type="class ptolemy.data.AWTImageToken", width="640", height="480"}, typeof message: object (Thread[AWT-EventQueue-0,6,main])
WebSocketServer: WebSocketServer message(): {type="class ptolemy.data.AWTImageToken", width="640", height="480"}, typeof message: object (Thread[AWT-EventQueue-0,6,main])
WebSocketServer: WebSocketServer message(): {type="class ptolemy.data.AWTImageToken", width="640", height="480"}, typeof message: object (Thread[AWT-EventQueue-0,6,main])
WebSocketServer: WebSocketServer message(): {type="class ptolemy.data.AWTImageToken", width="640", height="480"}, typeof message: object (Thread[AWT-EventQueue-0,6,main])
WebSocketServer: WebSocketServer message(): {type="class ptolemy.data.AWTImageToken", width="640", height="480"}, typeof message: object (Thread[AWT-EventQueue-0,6,main])
WebSocketServer: WebSocketServer message(): {type="class ptolemy.data.AWTImageToken", width="640", height="480"}, typeof message: object (Thread[AWT-EventQueue-0,6,main])
WebSocketServer: WebSocketServer message(): {type="class ptolemy.data.AWTImageToken", width="640", height="480"}, typeof message: object (Thread[AWT-EventQueue-0,6,main])
WebSocketServer: WebSocketServer message(): {type="class ptolemy.data.AWTImageToken", width="640", height="480"}, typeof message: object (Thread[AWT-EventQueue-0,6,main])
WebSocketServer: WebSocketServer message(): {type="class ptolemy.data.AWTImageToken", width="640", height="480"}, typeof message: object (Thread[AWT-EventQueue-0,6,main])
WebSocketServer: WebSocketServer message(): {type="class ptolemy.data.AWTImageToken", width="640", height="480"}, typeof message: object (Thread[AWT-EventQueue-0,6,main])
WebSocketServer: WebSocketServer message(): {type="class ptolemy.data.AWTImageToken", width="640", height="480"}, typeof message: object (Thread[AWT-EventQueue-0,6,main])
WebSocketServer: WebSocketServer message(): {type="class ptolemy.data.AWTImageToken", width="640", height="480"}, typeof message: object (Thread[AWT-EventQueue-0,6,main])
WebSocketServer: WebSocketServer message(): {type="class ptolemy.data.AWTImageToken", width="640", height="480"}, typeof message: object (Thread[AWT-EventQueue-0,6,main])
WebSocketServer: WebSocketServer message(): {type="class ptolemy.data.AWTImageToken", width="640", height="480"}, typeof message: object (Thread[AWT-EventQueue-0,6,main])
WebSocketServer: WebSocketServer message(): {type="class ptolemy.data.AWTImageToken", width="640", height="480"}, typeof message: object (Thread[AWT-EventQueue-0,6,main])
WebSocketServer: WebSocketServer message(): {type="class ptolemy.data.AWTImageToken", width="640", height="480"}, typeof message: object (Thread[AWT-EventQueue-0,6,main])
WebSocketServer: WebSocketServer message(): {type="class ptolemy.data.AWTImageToken", width="640", height="480"}, typeof message: object (Thread[AWT-EventQueue-0,6,main])
WebSocketServer: WebSocketServer message(): {type="class ptolemy.data.AWTImageToken", width="640", height="480"}, typeof message: object (Thread[AWT-EventQueue-0,6,main])
WebSocketServer: WebSocketServer message(): {type="class ptolemy.data.AWTImageToken", width="640", height="480"}, typeof message: object (Thread[AWT-EventQueue-0,6,main])
WebSocketServer: WebSocketServer message(): {type="class ptolemy.data.AWTImageToken", width="640", height="480"}, typeof message: object (Thread[AWT-EventQueue-0,6,main])
WebSocketServer: WebSocketServer message(): {type="class ptolemy.data.AWTImageToken", width="640", height="480"}, typeof message: object (Thread[AWT-EventQueue-0,6,main])
WebSocketServer: WebSocketServer message(): {type="class ptolemy.data.AWTImageToken", width="640", height="480"}, typeof message: object (Thread[AWT-EventQueue-0,6,main])
WebSocketServer: WebSocketServer message(): {type="class ptolemy.data.AWTImageToken", width="640", height="480"}, typeof message: object (Thread[AWT-EventQueue-0,6,main])
WebSocketServer: WebSocketServer message(): {type="class ptolemy.data.AWTImageToken", width="640", height="480"}, typeof message: object (Thread[AWT-EventQueue-0,6,main])
WebSocketServer: WebSocketServer message(): {type="class ptolemy.data.AWTImageToken", width="640", height="480"}, typeof message: object (Thread[AWT-EventQueue-0,6,main])
WebSocketServer: WebSocketServer message(): {type="class ptolemy.data.AWTImageToken", width="640", height="480"}, typeof message: object (Thread[AWT-EventQueue-0,6,main])
WebSocketServer: WebSocketServer message(): {type="class ptolemy.data.AWTImageToken", width="640", height="480"}, typeof message: object (Thread[AWT-EventQueue-0,6,main])
WebSocketServer: WebSocketServer message(): {type="class ptolemy.data.AWTImageToken", width="640", height="480"}, typeof message: object (Thread[AWT-EventQueue-0,6,main])
WebSocketServer: WebSocketServer message(): {type="class ptolemy.data.AWTImageToken", width="640", height="480"}, typeof message: object (Thread[AWT-EventQueue-0,6,main])
WebSocketServer: WebSocketServer message(): {type="class ptolemy.data.AWTImageToken", width="640", height="480"}, typeof message: object (Thread[AWT-EventQueue-0,6,main])
WebSocketServer: WebSocketServer message(): {type="class ptolemy.data.AWTImageToken", width="640", height="480"}, typeof message: object (Thread[AWT-EventQueue-0,6,main])
WebSocketServer: WebSocketServer message(): {type="class ptolemy.data.AWTImageToken", width="640", height="480"}, typeof message: object (Thread[AWT-EventQueue-0,6,main])
WebSocketServer: WebSocketServer message(): {type="class ptolemy.data.AWTImageToken", width="640", height="480"}, typeof message: object (Thread[AWT-EventQueue-0,6,main])
WebSocketServer: WebSocketServer message(): {type="class ptolemy.data.AWTImageToken", width="640", height="480"}, typeof message: object (Thread[AWT-EventQueue-0,6,main])
WebSocketServer: WebSocketServer message(): {type="class ptolemy.data.AWTImageToken", width="640", height="480"}, typeof message: object (Thread[AWT-EventQueue-0,6,main])
WebSocketServer: WebSocketServer message(): {type="class ptolemy.data.AWTImageToken", width="640", height="480"}, typeof message: object (Thread[AWT-EventQueue-0,6,main])
WebSocketServer: WebSocketServer message(): {type="class ptolemy.data.AWTImageToken", width="640", height="480"}, typeof message: object (Thread[AWT-EventQueue-0,6,main])
WebSocketServer: WebSocketServer message(): {type="class ptolemy.data.AWTImageToken", width="640", height="480"}, typeof message: object (Thread[AWT-EventQueue-0,6,main])
WebSocketServer: WebSocketServer message(): {type="class ptolemy.data.AWTImageToken", width="640", height="480"}, typeof message: object (Thread[AWT-EventQueue-0,6,main])
WebSocketServer: WebSocketServer message(): {type="class ptolemy.data.AWTImageToken", width="640", height="480"}, typeof message: object (Thread[AWT-EventQueue-0,6,main])
WebSocketServer: WebSocketServer message(): {type="class ptolemy.data.AWTImageToken", width="640", height="480"}, typeof message: object (Thread[AWT-EventQueue-0,6,main])
WebSocketServer: WebSocketServer message(): {type="class ptolemy.data.AWTImageToken", width="640", height="480"}, typeof message: object (Thread[AWT-EventQueue-0,6,main])
WebSocketServer: WebSocketServer message(): {type="class ptolemy.data.AWTImageToken", width="640", height="480"}, typeof message: object (Thread[AWT-EventQueue-0,6,main])
WebSocketServer: WebSocketServer message(): {type="class ptolemy.data.AWTImageToken", width="640", height="480"}, typeof message: object (Thread[AWT-EventQueue-0,6,main])
WebSocketServer: WebSocketServer message(): {type="class ptolemy.data.AWTImageToken", width="640", height="480"}, typeof message: object (Thread[AWT-EventQueue-0,6,main])
WebSocketServer: WebSocketServer message(): {type="class ptolemy.data.AWTImageToken", width="640", height="480"}, typeof message: object (Thread[AWT-EventQueue-0,6,main])
WebSocketServer: WebSocketServer message(): {type="class ptolemy.data.AWTImageToken", width="640", height="480"}, typeof message: object (Thread[AWT-EventQueue-0,6,main])
WebSocketServer: WebSocketServer message(): {type="class ptolemy.data.AWTImageToken", width="640", height="480"}, typeof message: object (Thread[AWT-EventQueue-0,6,main])
WebSocketServer: WebSocketServer message(): {type="class ptolemy.data.AWTImageToken", width="640", height="480"}, typeof message: object (Thread[AWT-EventQueue-0,6,main])
WebSocketServer: WebSocketServer message(): {type="class ptolemy.data.AWTImageToken", width="640", height="480"}, typeof message: object (Thread[AWT-EventQueue-0,6,main])
WebSocketServer: WebSocketServer message(): {type="class ptolemy.data.AWTImageToken", width="640", height="480"}, typeof message: object (Thread[AWT-EventQueue-0,6,main])
WebSocketServer: WebSocketServer message(): {type="class ptolemy.data.AWTImageToken", width="640", height="480"}, typeof message: object (Thread[AWT-EventQueue-0,6,main])
WebSocketServer: WebSocketServer message(): {type="class ptolemy.data.AWTImageToken", width="640", height="480"}, typeof message: object (Thread[AWT-EventQueue-0,6,main])
WebSocketServer: WebSocketServer message(): {type="class ptolemy.data.AWTImageToken", width="640", height="480"}, typeof message: object (Thread[AWT-EventQueue-0,6,main])
WebSocketServer: WebSocketServer message(): {type="class ptolemy.data.AWTImageToken", width="640", height="480"}, typeof message: object (Thread[AWT-EventQueue-0,6,main])
WebSocketServer: WebSocketServer message(): {type="class ptolemy.data.AWTImageToken", width="640", height="480"}, typeof message: object (Thread[AWT-EventQueue-0,6,main])
WebSocketServer: WebSocketServer message(): {type="class ptolemy.data.AWTImageToken", width="640", height="480"}, typeof message: object (Thread[AWT-EventQueue-0,6,main])
WebSocketServer: WebSocketServer message(): {type="class ptolemy.data.AWTImageToken", width="640", height="480"}, typeof message: object (Thread[AWT-EventQueue-0,6,main])
WebSocketServer: WebSocketServer message(): {type="class ptolemy.data.AWTImageToken", width="640", height="480"}, typeof message: object (Thread[AWT-EventQueue-0,6,main])
WebSocketServer: WebSocketServer message(): {type="class ptolemy.data.AWTImageToken", width="640", height="480"}, typeof message: object (Thread[AWT-EventQueue-0,6,main])
WebSocketServer: WebSocketServer message(): {type="class ptolemy.data.AWTImageToken", width="640", height="480"}, typeof message: object (Thread[AWT-EventQueue-0,6,main])
WebSocketServer: WebSocketServer message(): {type="class ptolemy.data.AWTImageToken", width="640", height="480"}, typeof message: object (Thread[AWT-EventQueue-0,6,main])
WebSocketServer: WebSocketServer message(): {type="class ptolemy.data.AWTImageToken", width="640", height="480"}, typeof message: object (Thread[AWT-EventQueue-0,6,main])
WebSocketServer: WebSocketServer message(): {type="class ptolemy.data.AWTImageToken", width="640", height="480"}, typeof message: object (Thread[AWT-EventQueue-0,6,main])
WebSocketServer: WebSocketServer message(): {type="class ptolemy.data.AWTImageToken", width="640", height="480"}, typeof message: object (Thread[AWT-EventQueue-0,6,main])
WebSocketServer: WebSocketServer message(): {type="class ptolemy.data.AWTImageToken", width="640", height="480"}, typeof message: object (Thread[AWT-EventQueue-0,6,main])
WebSocketServer: WebSocketServer message(): {type="class ptolemy.data.AWTImageToken", width="640", height="480"}, typeof message: object (Thread[AWT-EventQueue-0,6,main])
WebSocketServer: WebSocketServer message(): {type="class ptolemy.data.AWTImageToken", width="640", height="480"}, typeof message: object (Thread[AWT-EventQueue-0,6,main])
WebSocketServer: WebSocketServer message(): {type="class ptolemy.data.AWTImageToken", width="640", height="480"}, typeof message: object (Thread[AWT-EventQueue-0,6,main])
WebSocketServer: WebSocketServer message(): {type="class ptolemy.data.AWTImageToken", width="640", height="480"}, typeof message: object (Thread[AWT-EventQueue-0,6,main])
WebSocketServer: WebSocketServer message(): {type="class ptolemy.data.AWTImageToken", width="640", height="480"}, typeof message: object (Thread[AWT-EventQueue-0,6,main])
WebSocketServer: WebSocketServer message(): {type="class ptolemy.data.AWTImageToken", width="640", height="480"}, typeof message: object (Thread[AWT-EventQueue-0,6,main])
WebSocketServer: WebSocketServer message(): {type="class ptolemy.data.AWTImageToken", width="640", height="480"}, typeof message: object (Thread[AWT-EventQueue-0,6,main])
WebSocketServer: WebSocketServer message(): {type="class ptolemy.data.AWTImageToken", width="640", height="480"}, typeof message: object (Thread[AWT-EventQueue-0,6,main])
WebSocketServer: WebSocketServer message(): {type="class ptolemy.data.AWTImageToken", width="640", height="480"}, typeof message: object (Thread[AWT-EventQueue-0,6,main])
WebSocketServer: WebSocketServer message(): {type="class ptolemy.data.AWTImageToken", width="640", height="480"}, typeof message: object (Thread[AWT-EventQueue-0,6,main])
WebSocketServer: WebSocketServer message(): {type="class ptolemy.data.AWTImageToken", width="640", height="480"}, typeof message: object (Thread[AWT-EventQueue-0,6,main])
WebSocketServer: WebSocketServer message(): {type="class ptolemy.data.AWTImageToken", width="640", height="480"}, typeof message: object (Thread[AWT-EventQueue-0,6,main])
WebSocketServer: WebSocketServer message(): {type="class ptolemy.data.AWTImageToken", width="640", height="480"}, typeof message: object (Thread[AWT-EventQueue-0,6,main])
WebSocketServer: WebSocketServer message(): {type="class ptolemy.data.AWTImageToken", width="640", height="480"}, typeof message: object (Thread[AWT-EventQueue-0,6,main])
WebSocketServer: WebSocketServer message(): {type="class ptolemy.data.AWTImageToken", width="640", height="480"}, typeof message: object (Thread[AWT-EventQueue-0,6,main])
WebSocketServer: WebSocketServer message(): {type="class ptolemy.data.AWTImageToken", width="640", height="480"}, typeof message: object (Thread[AWT-EventQueue-0,6,main])
WebSocketServer: WebSocketServer message(): {type="class ptolemy.data.AWTImageToken", width="640", height="480"}, typeof message: object (Thread[AWT-EventQueue-0,6,main])
WebSocketServer: WebSocketServer message(): {type="class ptolemy.data.AWTImageToken", width="640", height="480"}, typeof message: object (Thread[AWT-EventQueue-0,6,main])
WebSocketServer: WebSocketServer message(): {type="class ptolemy.data.AWTImageToken", width="640", height="480"}, typeof message: object (Thread[AWT-EventQueue-0,6,main])
WebSocketServer: WebSocketServer message(): {type="class ptolemy.data.AWTImageToken", width="640", height="480"}, typeof message: object (Thread[AWT-EventQueue-0,6,main])
WebSocketServer: WebSocketServer message(): {type="class ptolemy.data.AWTImageToken", width="640", height="480"}, typeof message: object (Thread[AWT-EventQueue-0,6,main])
WebSocketServer: WebSocketServer message(): {type="class ptolemy.data.AWTImageToken", width="640", height="480"}, typeof message: object (Thread[AWT-EventQueue-0,6,main])
WebSocketServer: WebSocketServer message(): {type="class ptolemy.data.AWTImageToken", width="640", height="480"}, typeof message: object (Thread[AWT-EventQueue-0,6,main])
WebSocketServer: WebSocketServer message(): {type="class ptolemy.data.AWTImageToken", width="640", height="480"}, typeof message: object (Thread[AWT-EventQueue-0,6,main])
[...]
WebSocketServer: WebSocketServer message(): {type="class ptolemy.data.AWTImageToken", width="640", height="480"}, typeof message: object (Thread[AWT-EventQueue-0,6,main])
WebSocketServer: WebSocketServer message(): {type="class ptolemy.data.AWTImageToken", width="640", height="480"}, typeof message: object (Thread[AWT-EventQueue-0,6,main])
WebSocketServer: WebSocketServer message(): {type="class ptolemy.data.AWTImageToken", width="640", height="480"}, typeof message: object (Thread[AWT-EventQueue-0,6,main])
WebSocketServer: WebSocketServer message(): {type="class ptolemy.data.AWTImageToken", width="640", height="480"}, typeof message: object (Thread[AWT-EventQueue-0,6,main])
WebSocketServer: WebSocketServer message(): {type="class ptolemy.data.AWTImageToken", width="640", height="480"}, typeof message: object (Thread[AWT-EventQueue-0,6,main])
WebSocketServer: WebSocketServer message(): {type="class ptolemy.data.AWTImageToken", width="640", height="480"}, typeof message: object (Thread[AWT-EventQueue-0,6,main])
WebSocketServer: WebSocketServer message(): {type="class ptolemy.data.AWTImageToken", width="640", height="480"}, typeof message: object (Thread[AWT-EventQueue-0,6,main])
WebSocketServer: WebSocketServer message(): {type="class ptolemy.data.AWTImageToken", width="640", height="480"}, typeof message: object (Thread[AWT-EventQueue-0,6,main])
WebSocketServer: WebSocketServer message(): {type="class ptolemy.data.AWTImageToken", width="640", height="480"}, typeof message: object (Thread[AWT-EventQueue-0,6,main])
WebSocketServer: WebSocketServer message(): {type="class ptolemy.data.AWTImageToken", width="640", height="480"}, typeof message: object (Thread[AWT-EventQueue-0,6,main])
WebSocketServer: WebSocketServer message(): {type="class ptolemy.data.AWTImageToken", width="640", height="480"}, typeof message: object (Thread[AWT-EventQueue-0,6,main])
WebSocketServer: WebSocketServer message(): {type="class ptolemy.data.AWTImageToken", width="640", height="480"}, typeof message: object (Thread[AWT-EventQueue-0,6,main])
WebSocketServer: WebSocketServer message(): {type="class ptolemy.data.AWTImageToken", width="640", height="480"}, typeof message: object (Thread[AWT-EventQueue-0,6,main])
WebSocketServer: WebSocketServer message(): {type="class ptolemy.data.AWTImageToken", width="640", height="480"}, typeof message: object (Thread[AWT-EventQueue-0,6,main])
WebSocketServer: WebSocketServer message(): {type="class ptolemy.data.AWTImageToken", width="640", height="480"}, typeof message: object (Thread[AWT-EventQueue-0,6,main])
WebSocketServer: WebSocketServer message(): {type="class ptolemy.data.AWTImageToken", width="640", height="480"}, typeof message: object (Thread[AWT-EventQueue-0,6,main])
WebSocketServer: WebSocketServer message(): {type="class ptolemy.data.AWTImageToken", width="640", height="480"}, typeof message: object (Thread[AWT-EventQueue-0,6,main])
WebSocketServer: WebSocketServer message(): {type="class ptolemy.data.AWTImageToken", width="640", height="480"}, typeof message: object (Thread[AWT-EventQueue-0,6,main])
WebSocketServer: WebSocketServer message(): {type="class ptolemy.data.AWTImageToken", width="640", height="480"}, typeof message: object (Thread[AWT-EventQueue-0,6,main])
WebSocketServer: WebSocketServer message(): {type="class ptolemy.data.AWTImageToken", width="640", height="480"}, typeof message: object (Thread[AWT-EventQueue-0,6,main])
WebSocketServer: WebSocketServer message(): {type="class ptolemy.data.AWTImageToken", width="640", height="480"}, typeof message: object (Thread[AWT-EventQueue-0,6,main])
WebSocketServer: WebSocketServer message(): {type="class ptolemy.data.AWTImageToken", width="640", height="480"}, typeof message: object (Thread[AWT-EventQueue-0,6,main])
WebSocketServer: WebSocketServer message(): {type="class ptolemy.data.AWTImageToken", width="640", height="480"}, typeof message: object (Thread[AWT-EventQueue-0,6,main])
ExportHTMLTimer went off after 30000 ms., calling getDirector().finish and getDirector().stopFire()
WebSocketClient: Connection closed because model is no longer running. (Thread[AWT-EventQueue-0,6,main])
30091 ms. Memory: 2438144K Free: 1564437K (64%)
Exported /home/travis/build/icyphy/ptII/ptolemy/actor/lib/jjs/modules/webSocket/demo/WebSocketImage/WebSocketImage/index.html
36889 ms. Memory: 2438144K Free: 1534890K (63%)
####### 43 Mon Apr 08 04:32:19 UTC 2019 $PTII/bin/ptinvoke ptolemy.vergil.basic.export.ExportModel -force htm -run -openComposites -timeOut 30000 -whiteBackground ptolemy/actor/lib/jjs/modules/webSocket/demo/WebSocketLog/WebSocketLog.xml $PTII/ptolemy/actor/lib/jjs/modules/webSocket/demo/WebSocketLog/WebSocketLog
----------------- Mon Apr 08 04:32:19 UTC 2019 About to sleep for 5.0 seconds before running or rerunning.  Test is: /home/travis/build/icyphy/ptII/ptolemy/actor/lib/jjs/modules/webSocket/demo/WebSocketLog/WebSocketLog.xml
Done sleeping
Running .WebSocketLog
13577 ms. Memory: 2422784K Free: 1274774K (53%)
Exported /home/travis/build/icyphy/ptII/ptolemy/actor/lib/jjs/modules/webSocket/demo/WebSocketLog/WebSocketLog/index.html
19662 ms. Memory: 2422784K Free: 1236981K (51%)
####### 44 Mon Apr 08 04:32:44 UTC 2019 $PTII/bin/ptinvoke ptolemy.vergil.basic.export.ExportModel -force htm -run -openComposites -timeOut 30000 -whiteBackground ptolemy/actor/lib/jjs/modules/webSocket/demo/WebSocketsServerClient/WebSocketsServerClient.xml $PTII/ptolemy/actor/lib/jjs/modules/webSocket/demo/WebSocketsServerClient/WebSocketsServerClient
----------------- Mon Apr 08 04:32:44 UTC 2019 About to sleep for 5.0 seconds before running or rerunning.  Test is: /home/travis/build/icyphy/ptII/ptolemy/actor/lib/jjs/modules/webSocket/demo/WebSocketsServerClient/WebSocketsServerClient.xml
Done sleeping
Running .WebSocketsServerClient
WSClient: Connection to socket is open. (Thread[vert.x-eventloop-thread-3,6,main])
WSClient: Connection closed because model is no longer running. (Thread[AWT-EventQueue-0,6,main])
12386 ms. Memory: 2473472K Free: 1491196K (60%)
Exported /home/travis/build/icyphy/ptII/ptolemy/actor/lib/jjs/modules/webSocket/demo/WebSocketsServerClient/WebSocketsServerClient/index.html
17802 ms. Memory: 2473472K Free: 1467967K (59%)
####### 45 Mon Apr 08 04:33:07 UTC 2019 $PTII/bin/ptinvoke ptolemy.vergil.basic.export.ExportModel -force htm  -openComposites -timeOut 30000 -whiteBackground ptolemy/actor/lib/jjs/modules/xbee/demo/XBeeHelloWorld/XBeeDataTypes.xml $PTII/ptolemy/actor/lib/jjs/modules/xbee/demo/XBeeHelloWorld/XBeeDataTypes
Warning: not running ptolemy/actor/lib/jjs/modules/xbee/demo/XBeeHelloWorld/XBeeDataTypes.xml. See ptolemy/vergil/basic/export/test/junit/ExportModelJUnitTest.java
----------------- Mon Apr 08 04:33:07 UTC 2019 About to sleep for 5.0 seconds before running or rerunning.  Test is: /home/travis/build/icyphy/ptII/ptolemy/actor/lib/jjs/modules/xbee/demo/XBeeHelloWorld/XBeeDataTypes.xml
Done sleeping
Exported /home/travis/build/icyphy/ptII/ptolemy/actor/lib/jjs/modules/xbee/demo/XBeeHelloWorld/XBeeDataTypes/index.html
4608 ms. Memory: 2473472K Free: 1074946K (43%)
####### 46 Mon Apr 08 04:33:16 UTC 2019 $PTII/bin/ptinvoke ptolemy.vergil.basic.export.ExportModel -force htm  -openComposites -timeOut 30000 -whiteBackground ptolemy/actor/lib/jjs/modules/xbee/demo/XBeeHelloWorld/XBeeHelloWorld.xml $PTII/ptolemy/actor/lib/jjs/modules/xbee/demo/XBeeHelloWorld/XBeeHelloWorld
Warning: not running ptolemy/actor/lib/jjs/modules/xbee/demo/XBeeHelloWorld/XBeeHelloWorld.xml. See ptolemy/vergil/basic/export/test/junit/ExportModelJUnitTest.java
----------------- Mon Apr 08 04:33:16 UTC 2019 About to sleep for 5.0 seconds before running or rerunning.  Test is: /home/travis/build/icyphy/ptII/ptolemy/actor/lib/jjs/modules/xbee/demo/XBeeHelloWorld/XBeeHelloWorld.xml
Done sleeping
Exported /home/travis/build/icyphy/ptII/ptolemy/actor/lib/jjs/modules/xbee/demo/XBeeHelloWorld/XBeeHelloWorld/index.html
4539 ms. Memory: 2473472K Free: 660021K (27%)
####### 47 Mon Apr 08 04:33:26 UTC 2019 $PTII/bin/ptinvoke ptolemy.vergil.basic.export.ExportModel -force htm  -openComposites -timeOut 30000 -whiteBackground ptolemy/actor/lib/jmf/demo/JMFJAI/JMFJAI.xml $PTII/ptolemy/actor/lib/jmf/demo/JMFJAI/JMFJAI
Warning: not running ptolemy/actor/lib/jmf/demo/JMFJAI/JMFJAI.xml. See ptolemy/vergil/basic/export/test/junit/ExportModelJUnitTest.java
Exported /home/travis/build/icyphy/ptII/ptolemy/actor/lib/jmf/demo/JMFJAI/JMFJAI/index.html
3158 ms. Memory: 2463232K Free: 1569498K (64%)
####### 48 Mon Apr 08 04:33:29 UTC 2019 $PTII/bin/ptinvoke ptolemy.vergil.basic.export.ExportModel -force htm  -openComposites -timeOut 30000 -whiteBackground ptolemy/actor/lib/jmf/demo/VideoCapture/VideoCapture.xml $PTII/ptolemy/actor/lib/jmf/demo/VideoCapture/VideoCapture
Warning: not running ptolemy/actor/lib/jmf/demo/VideoCapture/VideoCapture.xml. See ptolemy/vergil/basic/export/test/junit/ExportModelJUnitTest.java
Exported /home/travis/build/icyphy/ptII/ptolemy/actor/lib/jmf/demo/VideoCapture/VideoCapture/index.html
3141 ms. Memory: 2463232K Free: 1452332K (59%)
####### 49 Mon Apr 08 04:33:32 UTC 2019 $PTII/bin/ptinvoke ptolemy.vergil.basic.export.ExportModel -force htm -run -openComposites -timeOut 30000 -whiteBackground ptolemy/actor/lib/mail/demo/ExceptionEmailer/ExceptionEmailer.xml $PTII/ptolemy/actor/lib/mail/demo/ExceptionEmailer/ExceptionEmailer
Running .ExceptionEmailer
24 ms. Memory: 2463232K Free: 1346823K (55%)
Exported /home/travis/build/icyphy/ptII/ptolemy/actor/lib/mail/demo/ExceptionEmailer/ExceptionEmailer/index.html
4225 ms. Memory: 2463232K Free: 1303497K (53%)
####### 50 Mon Apr 08 04:33:36 UTC 2019 $PTII/bin/ptinvoke ptolemy.vergil.basic.export.ExportModel -force htm -run -openComposites -timeOut 30000 -whiteBackground ptolemy/actor/lib/mail/demo/SendMail/SendMail.xml $PTII/ptolemy/actor/lib/mail/demo/SendMail/SendMail
Running .SendMail
38 ms. Memory: 2463232K Free: 1185065K (48%)
Exported /home/travis/build/icyphy/ptII/ptolemy/actor/lib/mail/demo/SendMail/SendMail/index.html
4241 ms. Memory: 2463232K Free: 1152136K (47%)
####### 51 Mon Apr 08 04:33:41 UTC 2019 $PTII/bin/ptinvoke ptolemy.vergil.basic.export.ExportModel -force htm -run -openComposites -timeOut 30000 -whiteBackground ptolemy/actor/lib/python/demo/Ptolemnizer/Ptolemnizer.xml $PTII/ptolemy/actor/lib/python/demo/Ptolemnizer/Ptolemnizer
.Ptolemnizer.InteractiveShell invoked SwingUtilities.invokeAndWait()
Model ".Ptolemnizer" contains actors such cannot be run  as part of the export process from ExportModel or it has a WebExportParameters value that runBeforeExport set to false. To export run this model and export it, use vergil.
Exported /home/travis/build/icyphy/ptII/ptolemy/actor/lib/python/demo/Ptolemnizer/Ptolemnizer/index.html
7190 ms. Memory: 2463232K Free: 738289K (30%)
####### 52 Mon Apr 08 04:33:48 UTC 2019 $PTII/bin/ptinvoke ptolemy.vergil.basic.export.ExportModel -force htm -run -openComposites -timeOut 30000 -whiteBackground ptolemy/actor/lib/python/demo/PythonScale/PythonScale.xml $PTII/ptolemy/actor/lib/python/demo/PythonScale/PythonScale
Running .PythonScale
68 ms. Memory: 2463232K Free: 642306K (26%)
Exported /home/travis/build/icyphy/ptII/ptolemy/actor/lib/python/demo/PythonScale/PythonScale/index.html
4273 ms. Memory: 2463232K Free: 612650K (25%)
####### 53 Mon Apr 08 04:33:52 UTC 2019 $PTII/bin/ptinvoke ptolemy.vergil.basic.export.ExportModel -force htm  -openComposites -timeOut 30000 -whiteBackground ptolemy/actor/lib/python/demo/RecordManipulation/RecordManipulation.xml $PTII/ptolemy/actor/lib/python/demo/RecordManipulation/RecordManipulation
Warning: not running ptolemy/actor/lib/python/demo/RecordManipulation/RecordManipulation.xml. See ptolemy/vergil/basic/export/test/junit/ExportModelJUnitTest.java
Exported /home/travis/build/icyphy/ptII/ptolemy/actor/lib/python/demo/RecordManipulation/RecordManipulation/index.html
3321 ms. Memory: 2496512K Free: 1564093K (63%)
####### 54 Mon Apr 08 04:33:56 UTC 2019 $PTII/bin/ptinvoke ptolemy.vergil.basic.export.ExportModel -force htm  -openComposites -timeOut 30000 -whiteBackground ptolemy/actor/lib/r/demo/R3DPlot/R3DPlot.xml $PTII/ptolemy/actor/lib/r/demo/R3DPlot/R3DPlot
Warning: not running ptolemy/actor/lib/r/demo/R3DPlot/R3DPlot.xml. See ptolemy/vergil/basic/export/test/junit/ExportModelJUnitTest.java
Exported /home/travis/build/icyphy/ptII/ptolemy/actor/lib/r/demo/R3DPlot/R3DPlot/index.html
3275 ms. Memory: 2496512K Free: 1442576K (58%)
####### 55 Mon Apr 08 04:33:59 UTC 2019 $PTII/bin/ptinvoke ptolemy.vergil.basic.export.ExportModel -force htm  -openComposites -timeOut 30000 -whiteBackground ptolemy/actor/lib/r/demo/RRecordToDataframe/RRecordToDataframe.xml $PTII/ptolemy/actor/lib/r/demo/RRecordToDataframe/RRecordToDataframe
Warning: not running ptolemy/actor/lib/r/demo/RRecordToDataframe/RRecordToDataframe.xml. See ptolemy/vergil/basic/export/test/junit/ExportModelJUnitTest.java
Exported /home/travis/build/icyphy/ptII/ptolemy/actor/lib/r/demo/RRecordToDataframe/RRecordToDataframe/index.html
3164 ms. Memory: 2496512K Free: 1314811K (53%)
####### 56 Mon Apr 08 04:34:02 UTC 2019 $PTII/bin/ptinvoke ptolemy.vergil.basic.export.ExportModel -force htm  -openComposites -timeOut 30000 -whiteBackground ptolemy/actor/lib/security/demo/Signature/Signature.xml $PTII/ptolemy/actor/lib/security/demo/Signature/Signature
Warning: not running ptolemy/actor/lib/security/demo/Signature/Signature.xml. See ptolemy/vergil/basic/export/test/junit/ExportModelJUnitTest.java
Exported /home/travis/build/icyphy/ptII/ptolemy/actor/lib/security/demo/Signature/Signature/index.html
3327 ms. Memory: 2496512K Free: 1142656K (46%)
####### 57 Mon Apr 08 04:34:05 UTC 2019 $PTII/bin/ptinvoke ptolemy.vergil.basic.export.ExportModel -force htm -run -openComposites -timeOut 30000 -whiteBackground ptolemy/actor/lib/video/demo/DCT2x2dc/DCT2x2dc.xml $PTII/ptolemy/actor/lib/video/demo/DCT2x2dc/DCT2x2dc
Running .DCT2x2dc
92 ms. Memory: 2496512K Free: 1051963K (42%)
Exported /home/travis/build/icyphy/ptII/ptolemy/actor/lib/video/demo/DCT2x2dc/DCT2x2dc/index.html
4292 ms. Memory: 2496512K Free: 1028197K (41%)
####### 58 Mon Apr 08 04:34:10 UTC 2019 $PTII/bin/ptinvoke ptolemy.vergil.basic.export.ExportModel -force htm -run -openComposites -timeOut 30000 -whiteBackground ptolemy/actor/lib/video/demo/DCT4x4dc/DCT4x4dc.xml $PTII/ptolemy/actor/lib/video/demo/DCT4x4dc/DCT4x4dc
Running .DCT4x4dc
38 ms. Memory: 2496512K Free: 938453K (38%)
Exported /home/travis/build/icyphy/ptII/ptolemy/actor/lib/video/demo/DCT4x4dc/DCT4x4dc/index.html
4194 ms. Memory: 2496512K Free: 914973K (37%)
####### 59 Mon Apr 08 04:34:14 UTC 2019 $PTII/bin/ptinvoke ptolemy.vergil.basic.export.ExportModel -force htm -run -openComposites -timeOut 30000 -whiteBackground ptolemy/actor/lib/video/demo/DCT8x8/DCT8x8.xml $PTII/ptolemy/actor/lib/video/demo/DCT8x8/DCT8x8
Running .DCT8x8
65 ms. Memory: 2496512K Free: 826187K (33%)
Exported /home/travis/build/icyphy/ptII/ptolemy/actor/lib/video/demo/DCT8x8/DCT8x8/index.html
4320 ms. Memory: 2496512K Free: 796851K (32%)
####### 60 Mon Apr 08 04:34:18 UTC 2019 $PTII/bin/ptinvoke ptolemy.vergil.basic.export.ExportModel -force htm -run -openComposites -timeOut 30000 -whiteBackground ptolemy/actor/lib/xslt/demo/MoMLFileTransformation/MoMLFileTransformation.xml $PTII/ptolemy/actor/lib/xslt/demo/MoMLFileTransformation/MoMLFileTransformation
Running .MOMLFileTransformation
635 ms. Memory: 2496512K Free: 618741K (25%)
Exported /home/travis/build/icyphy/ptII/ptolemy/actor/lib/xslt/demo/MoMLFileTransformation/MoMLFileTransformation/index.html
4852 ms. Memory: 2496512K Free: 519040K (21%)
]]></system-out>
  <system-err><![CDATA[[AWT-EventQueue-0] INFO com.github.sarxos.webcam.Webcam - WebcamDefaultDriver capture driver will be used
[atomic-processor-1] INFO com.github.sarxos.webcam.ds.cgt.WebcamOpenTask - Opening webcam Dummy Webcam 0
[atomic-processor-1] INFO com.github.sarxos.webcam.ds.cgt.WebcamCloseTask - Closing Dummy Webcam 0
WARNING: Camera: Model stopped before executing actions (e.g. producing outputs) scheduled for execution at times [20.012]
Apr 08, 2019 4:18:09 AM org.eclipse.paho.client.mqttv3.internal.ClientState checkForActivity
SEVERE: mqttpt_4198389380780947676: Timed out as no activity, keepAlive=60,000 lastOutboundActivity=1,554,697,029,166 lastInboundActivity=1,554,696,965,515 time=1,554,697,089,166 lastPing=1,554,697,029,166
[atomic-processor-1] INFO com.github.sarxos.webcam.ds.cgt.WebcamOpenTask - Opening webcam Dummy Webcam 0
WARNING: Invoking send() too late (probably in a callback), so Camera is not able to send the token {type="class ptolemy.data.AWTImageToken", width="640", height="480"} to the output image. Token is discarded.
[atomic-processor-1] INFO com.github.sarxos.webcam.ds.cgt.WebcamCloseTask - Closing Dummy Webcam 0
WARNING: Clock: Model stopped before executing actions (e.g. producing outputs) scheduled for execution at times [27.0]
WARNING: Invoking send() too late (probably in a callback), so WebSocketServer is not able to send the token {socketID = 0, status = "closed"} to the output connection. Token is discarded.
WARNING: Invoking send() too late (probably in a callback), so WebSocketServer is not able to send the token {socketID = 0, status = "closed"} to the output connection. Token is discarded.
WARNING: Clock: Model stopped before executing actions (e.g. producing outputs) scheduled for execution at times [11.0]
WARNING: Clock: Model stopped before executing actions (e.g. producing outputs) scheduled for execution at times [11.0]
WARNING: Invoking send() too late (probably in a callback), so WebSocketServer is not able to send the token {socketID = 0, status = "closed"} to the output connection. Token is discarded.
WARNING: Invoking send() too late (probably in a callback), so WebSocketServer is not able to send the token {socketID = 0, status = "closed"} to the output connection. Token is discarded.
[atomic-processor-1] INFO com.github.sarxos.webcam.ds.cgt.WebcamOpenTask - Opening webcam Dummy Webcam 0
WARNING: Invoking send() too late (probably in a callback), so Camera is not able to send the token {type="class ptolemy.data.AWTImageToken", width="640", height="480"} to the output image. Token is discarded.
[atomic-processor-1] INFO com.github.sarxos.webcam.ds.cgt.WebcamCloseTask - Closing Dummy Webcam 0
WARNING: TestSpontaneous: Model stopped before executing actions (e.g. producing outputs) scheduled for execution at times [23.0]
WARNING: Invoking send() too late (probably in a callback), so WebSocketServer is not able to send the token {socketID = 0, status = "closed"} to the output connection. Token is discarded.
WARNING: Invoking send() too late (probably in a callback), so WebSocketServer is not able to send the token {socketID = 0, status = "closed"} to the output connection. Token is discarded.
[atomic-processor-1] INFO com.github.sarxos.webcam.ds.cgt.WebcamOpenTask - Opening webcam Dummy Webcam 0
[atomic-processor-1] INFO com.github.sarxos.webcam.ds.cgt.WebcamCloseTask - Closing Dummy Webcam 0
WARNING: Invoking send() too late (probably in a callback), so WebSocketServer is not able to send the token {socketID = 0, status = "closed"} to the output connection. Token is discarded.
WARNING: Invoking send() too late (probably in a callback), so WebSocketServer is not able to send the token {socketID = 0, status = "closed"} to the output connection. Token is discarded.
WARNING: WebSocketClient: Model stopped before executing actions (e.g. producing outputs) scheduled for execution at times [25.778000000000002]
WARNING: TestSpontaneous: Model stopped before executing actions (e.g. producing outputs) scheduled for execution at times [12.5]
Warning: Running an XSLT 1.0 stylesheet with an XSLT 2.0 processor
Warning: Running an XSLT 1.0 stylesheet with an XSLT 2.0 processor
Warning: Running an XSLT 1.0 stylesheet with an XSLT 2.0 processor
]]></system-err>
</testsuite>
