<?xml version="1.0" encoding="UTF-8" ?>
<testsuite errors="0" failures="0" hostname="travis-job-da24e4a4-2ff0-492a-87c1-3b32e1990b3f" name="ptolemy.domains.sdf.test.junit.JUnitTclTest" skipped="0" tests="66" time="19.771" timestamp="2018-06-15T00:13:48">
  <properties>
[...]
</properties>
  <testcase classname="ptolemy.util.test.junit.TclTests" name="[0] /home/travis/build/icyphy/ptII/ptolemy/domains/sdf/test/SDFSchedulerErrors.tcl (RunTclFile)" time="0.578" />
  <testcase classname="ptolemy.util.test.junit.TclTests" name="[1] /home/travis/build/icyphy/ptII/ptolemy/domains/sdf/test/composition.tcl (RunTclFile)" time="0.137" />
  <testcase classname="ptolemy.util.test.junit.TclTests" name="[2] /home/travis/build/icyphy/ptII/ptolemy/domains/sdf/test/cycle.tcl (RunTclFile)" time="0.056" />
  <testcase classname="ptolemy.util.test.junit.AutoKnownFailedTests" name="[0] ThereAreNoKnowFailedTests (RunModel)" time="0.001" />
  <testcase classname="ptolemy.util.test.junit.AutoNameArchTests" name="[0] ThereAreNoAutoArchTests (RunModel)" time="0.0" />
  <testcase classname="ptolemy.util.test.junit.AutoTests" name="[0] /home/travis/build/icyphy/ptII/ptolemy/domains/sdf/test/auto/Array.xml (RunModel)" time="0.214" />
  <testcase classname="ptolemy.util.test.junit.AutoTests" name="[1] /home/travis/build/icyphy/ptII/ptolemy/domains/sdf/test/auto/Butterfly.xml (RunModel)" time="0.175" />
  <testcase classname="ptolemy.util.test.junit.AutoTests" name="[2] /home/travis/build/icyphy/ptII/ptolemy/domains/sdf/test/auto/Expression.xml (RunModel)" time="0.083" />
  <testcase classname="ptolemy.util.test.junit.AutoTests" name="[3] /home/travis/build/icyphy/ptII/ptolemy/domains/sdf/test/auto/Eye.xml (RunModel)" time="0.27" />
  <testcase classname="ptolemy.util.test.junit.AutoTests" name="[4] /home/travis/build/icyphy/ptII/ptolemy/domains/sdf/test/auto/FixFIR.xml (RunModel)" time="0.315" />
  <testcase classname="ptolemy.util.test.junit.AutoTests" name="[5] /home/travis/build/icyphy/ptII/ptolemy/domains/sdf/test/auto/FixPoint.xml (RunModel)" time="0.036" />
  <testcase classname="ptolemy.util.test.junit.AutoTests" name="[6] /home/travis/build/icyphy/ptII/ptolemy/domains/sdf/test/auto/Gravitation.xml (RunModel)" time="3.249" />
  <testcase classname="ptolemy.util.test.junit.AutoTests" name="[7] /home/travis/build/icyphy/ptII/ptolemy/domains/sdf/test/auto/GravitationWithCollisionDetection.xml (RunModel)" time="6.431" />
  <testcase classname="ptolemy.util.test.junit.AutoTests" name="[8] /home/travis/build/icyphy/ptII/ptolemy/domains/sdf/test/auto/HDF.xml (RunModel)" time="0.146" />
  <testcase classname="ptolemy.util.test.junit.AutoTests" name="[9] /home/travis/build/icyphy/ptII/ptolemy/domains/sdf/test/auto/HDFwithTransientStates.xml (RunModel)" time="0.1" />
  <testcase classname="ptolemy.util.test.junit.AutoTests" name="[10] /home/travis/build/icyphy/ptII/ptolemy/domains/sdf/test/auto/HTVQ.xml (RunModel)" time="0.869" />
  <testcase classname="ptolemy.util.test.junit.AutoTests" name="[11] /home/travis/build/icyphy/ptII/ptolemy/domains/sdf/test/auto/InferInitProduction.xml (RunModel)" time="0.031" />
  <testcase classname="ptolemy.util.test.junit.AutoTests" name="[12] /home/travis/build/icyphy/ptII/ptolemy/domains/sdf/test/auto/InferInitProductionDeeper.xml (RunModel)" time="0.041" />
  <testcase classname="ptolemy.util.test.junit.AutoTests" name="[13] /home/travis/build/icyphy/ptII/ptolemy/domains/sdf/test/auto/LMSAdaptive.xml (RunModel)" time="0.062" />
  <testcase classname="ptolemy.util.test.junit.AutoTests" name="[14] /home/travis/build/icyphy/ptII/ptolemy/domains/sdf/test/auto/LogisticMap.xml (RunModel)" time="0.464" />
  <testcase classname="ptolemy.util.test.junit.AutoTests" name="[15] /home/travis/build/icyphy/ptII/ptolemy/domains/sdf/test/auto/MaximumEntropySpectrum.xml (RunModel)" time="0.237" />
  <testcase classname="ptolemy.util.test.junit.AutoTests" name="[16] /home/travis/build/icyphy/ptII/ptolemy/domains/sdf/test/auto/MultirateSDF.xml (RunModel)" time="0.067" />
  <testcase classname="ptolemy.util.test.junit.AutoTests" name="[17] /home/travis/build/icyphy/ptII/ptolemy/domains/sdf/test/auto/MultirateSDFwithTransientStates.xml (RunModel)" time="0.069" />
  <testcase classname="ptolemy.util.test.junit.AutoTests" name="[18] /home/travis/build/icyphy/ptII/ptolemy/domains/sdf/test/auto/NoisySinewave.xml (RunModel)" time="0.064" />
  <testcase classname="ptolemy.util.test.junit.AutoTests" name="[19] /home/travis/build/icyphy/ptII/ptolemy/domains/sdf/test/auto/Objects.xml (RunModel)" time="0.06" />
  <testcase classname="ptolemy.util.test.junit.AutoTests" name="[20] /home/travis/build/icyphy/ptII/ptolemy/domains/sdf/test/auto/OrthogonalCom.xml (RunModel)" time="0.051" />
  <testcase classname="ptolemy.util.test.junit.AutoTests" name="[21] /home/travis/build/icyphy/ptII/ptolemy/domains/sdf/test/auto/RijndaelEncryption.xml (RunModel)" time="0.494" />
  <testcase classname="ptolemy.util.test.junit.AutoTests" name="[22] /home/travis/build/icyphy/ptII/ptolemy/domains/sdf/test/auto/SDFEmptyIterations.xml (RunModel)" time="0.015" />
  <testcase classname="ptolemy.util.test.junit.AutoTests" name="[23] /home/travis/build/icyphy/ptII/ptolemy/domains/sdf/test/auto/Spectrum.xml (RunModel)" time="0.07" />
  <testcase classname="ptolemy.util.test.junit.AutoTests" name="[24] /home/travis/build/icyphy/ptII/ptolemy/domains/sdf/test/auto/de_inside_sdf.xml (RunModel)" time="0.033" />
  <testcase classname="ptolemy.util.test.junit.AutoTests" name="[25] /home/travis/build/icyphy/ptII/ptolemy/domains/sdf/test/auto/disconnectedHierarchicalSDF.xml (RunModel)" time="0.022" />
  <testcase classname="ptolemy.util.test.junit.AutoTests" name="[26] /home/travis/build/icyphy/ptII/ptolemy/domains/sdf/test/auto/disconnectedSDF.xml (RunModel)" time="0.026" />
  <testcase classname="ptolemy.util.test.junit.AutoTests" name="[27] /home/travis/build/icyphy/ptII/ptolemy/domains/sdf/test/auto/emptyRefinement.xml (RunModel)" time="0.016" />
  <testcase classname="ptolemy.util.test.junit.AutoTests" name="[28] /home/travis/build/icyphy/ptII/ptolemy/domains/sdf/test/auto/filePortParameter.xml (RunModel)" time="0.05" />
  <testcase classname="ptolemy.util.test.junit.AutoTests" name="[29] /home/travis/build/icyphy/ptII/ptolemy/domains/sdf/test/auto/inferRelationWidth1.xml (RunModel)" time="0.017" />
  <testcase classname="ptolemy.util.test.junit.AutoTests" name="[30] /home/travis/build/icyphy/ptII/ptolemy/domains/sdf/test/auto/initProductionInference.xml (RunModel)" time="0.021" />
  <testcase classname="ptolemy.util.test.junit.AutoTests" name="[31] /home/travis/build/icyphy/ptII/ptolemy/domains/sdf/test/auto/relationGroup.xml (RunModel)" time="0.015" />
  <testcase classname="ptolemy.util.test.junit.AutoTests" name="[32] /home/travis/build/icyphy/ptII/ptolemy/domains/sdf/test/auto/relationGroup10.xml (RunModel)" time="0.017" />
  <testcase classname="ptolemy.util.test.junit.AutoTests" name="[33] /home/travis/build/icyphy/ptII/ptolemy/domains/sdf/test/auto/relationGroup11.xml (RunModel)" time="0.018" />
  <testcase classname="ptolemy.util.test.junit.AutoTests" name="[34] /home/travis/build/icyphy/ptII/ptolemy/domains/sdf/test/auto/relationGroup12.xml (RunModel)" time="0.017" />
  <testcase classname="ptolemy.util.test.junit.AutoTests" name="[35] /home/travis/build/icyphy/ptII/ptolemy/domains/sdf/test/auto/relationGroup13.xml (RunModel)" time="0.026" />
  <testcase classname="ptolemy.util.test.junit.AutoTests" name="[36] /home/travis/build/icyphy/ptII/ptolemy/domains/sdf/test/auto/relationGroup14.xml (RunModel)" time="0.019" />
  <testcase classname="ptolemy.util.test.junit.AutoTests" name="[37] /home/travis/build/icyphy/ptII/ptolemy/domains/sdf/test/auto/relationGroup15.xml (RunModel)" time="0.016" />
  <testcase classname="ptolemy.util.test.junit.AutoTests" name="[38] /home/travis/build/icyphy/ptII/ptolemy/domains/sdf/test/auto/relationGroup2.xml (RunModel)" time="0.023" />
  <testcase classname="ptolemy.util.test.junit.AutoTests" name="[39] /home/travis/build/icyphy/ptII/ptolemy/domains/sdf/test/auto/relationGroup3.xml (RunModel)" time="0.013" />
  <testcase classname="ptolemy.util.test.junit.AutoTests" name="[40] /home/travis/build/icyphy/ptII/ptolemy/domains/sdf/test/auto/relationGroup4.xml (RunModel)" time="0.022" />
  <testcase classname="ptolemy.util.test.junit.AutoTests" name="[41] /home/travis/build/icyphy/ptII/ptolemy/domains/sdf/test/auto/relationGroup5.xml (RunModel)" time="0.018" />
  <testcase classname="ptolemy.util.test.junit.AutoTests" name="[42] /home/travis/build/icyphy/ptII/ptolemy/domains/sdf/test/auto/relationGroup6.xml (RunModel)" time="0.022" />
  <testcase classname="ptolemy.util.test.junit.AutoTests" name="[43] /home/travis/build/icyphy/ptII/ptolemy/domains/sdf/test/auto/relationGroup7.xml (RunModel)" time="0.016" />
  <testcase classname="ptolemy.util.test.junit.AutoTests" name="[44] /home/travis/build/icyphy/ptII/ptolemy/domains/sdf/test/auto/relationGroup8.xml (RunModel)" time="0.02" />
  <testcase classname="ptolemy.util.test.junit.AutoTests" name="[45] /home/travis/build/icyphy/ptII/ptolemy/domains/sdf/test/auto/relationGroup9.xml (RunModel)" time="0.019" />
  <testcase classname="ptolemy.util.test.junit.AutoTests" name="[46] /home/travis/build/icyphy/ptII/ptolemy/domains/sdf/test/auto/sdf_inside_de.xml (RunModel)" time="0.068" />
  <testcase classname="ptolemy.util.test.junit.AutoTests" name="[47] /home/travis/build/icyphy/ptII/ptolemy/domains/sdf/test/auto/sdf_inside_pn.xml (RunModel)" time="0.061" />
  <testcase classname="ptolemy.util.test.junit.AutoTests" name="[48] /home/travis/build/icyphy/ptII/ptolemy/domains/sdf/test/auto/sdf_sdf1.xml (RunModel)" time="0.02" />
  <testcase classname="ptolemy.util.test.junit.AutoTests" name="[49] /home/travis/build/icyphy/ptII/ptolemy/domains/sdf/test/auto/test1.xml (RunModel)" time="0.015" />
  <testcase classname="ptolemy.util.test.junit.AutoTests" name="[50] /home/travis/build/icyphy/ptII/ptolemy/domains/sdf/test/auto/time1.xml (RunModel)" time="0.009" />
  <testcase classname="ptolemy.util.test.junit.AutoTests" name="[51] /home/travis/build/icyphy/ptII/ptolemy/domains/sdf/test/auto/time2.xml (RunModel)" time="0.01" />
  <testcase classname="ptolemy.util.test.junit.AutoTests" name="[52] /home/travis/build/icyphy/ptII/ptolemy/domains/sdf/test/auto/time3.xml (RunModel)" time="0.02" />
  <testcase classname="ptolemy.util.test.junit.AutoTests" name="[53] /home/travis/build/icyphy/ptII/ptolemy/domains/sdf/test/auto/time4.xml (RunModel)" time="0.019" />
  <testcase classname="ptolemy.util.test.junit.AutoTests" name="[54] /home/travis/build/icyphy/ptII/ptolemy/domains/sdf/test/auto/time5.xml (RunModel)" time="4.01" />
  <testcase classname="ptolemy.util.test.junit.AutoTests" name="[55] /home/travis/build/icyphy/ptII/ptolemy/domains/sdf/test/auto/typeSystem_Const_Integer_smallest_Type.xml (RunModel)" time="0.031" />
  <testcase classname="ptolemy.util.test.junit.AutoTests" name="[56] /home/travis/build/icyphy/ptII/ptolemy/domains/sdf/test/auto/typeSystem_declared_Inports_OutportTypeException.xml (RunModel)" time="0.037" />
  <testcase classname="ptolemy.util.test.junit.AutoTests" name="[57] /home/travis/build/icyphy/ptII/ptolemy/domains/sdf/test/auto/typeSystem_oneDeclaredInportType_wrongTypeOutport.xml (RunModel)" time="0.024" />
  <testcase classname="ptolemy.util.test.junit.AutoTests" name="[58] /home/travis/build/icyphy/ptII/ptolemy/domains/sdf/test/auto/width.xml (RunModel)" time="0.01" />
  <testcase classname="ptolemy.util.test.junit.AutoTests" name="[59] /home/travis/build/icyphy/ptII/ptolemy/domains/sdf/test/auto/width2.xml (RunModel)" time="0.041" />
  <testcase classname="ptolemy.util.test.junit.AutoTests" name="[60] /home/travis/build/icyphy/ptII/ptolemy/domains/sdf/test/auto/width3.xml (RunModel)" time="0.038" />
  <system-out><![CDATA[/home/travis/build/icyphy/ptII/ptolemy/domains/sdf/test/SDFSchedulerErrors.tcl
testDefs.tcl: setting time out to 9000 seconds at Fri Jun 15 00:13:48 UTC 2018
16 ms. Memory: 116224K Free: 105561K (91%)
4 ms. Memory: 116224K Free: 98497K (85%)
4 ms. Memory: 116224K Free: 91418K (79%)
3 ms. Memory: 116224K Free: 88357K (76%)
/home/travis/build/icyphy/ptII/ptolemy/domains/sdf/test/composition.tcl
38 ms. Memory: 116224K Free: 84768K (73%)
7 ms. Memory: 116224K Free: 82371K (71%)
/home/travis/build/icyphy/ptII/ptolemy/domains/sdf/test/cycle.tcl
.Toplevel.Director Preinitializing ...
Invoking preinitialize():  .Toplevel.Actor1
Invoking preinitialize():  .Toplevel.Actor2
Invoking preinitialize():  .Toplevel.Delay
.Toplevel.Director Finished preinitialize().
### Schedule:
Execute Schedule{
Fire Actor ptolemy.domains.sdf.kernel.test.SDFTestDelay {.Toplevel.Actor1}
Fire Actor ptolemy.domains.sdf.kernel.test.SDFTestDelay {.Toplevel.Actor2}
Fire Actor ptolemy.domains.sdf.lib.SampleDelay {.Toplevel.Delay}
}
### End schedule
Called initialize().
Invoking initialize():  .Toplevel.Actor1
Initializing actor: .Toplevel.Actor1.
Invoking initialize():  .Toplevel.Actor2
Initializing actor: .Toplevel.Actor2.
Invoking initialize():  .Toplevel.Delay
Initializing actor: .Toplevel.Delay.
Director: Called prefire().
-- Setting current time to 0.0
Director prefire returns true.
The actor .Toplevel.Actor1 will be iterated.
The actor .Toplevel.Actor1 was iterated.
The actor .Toplevel.Actor2 will be iterated.
The actor .Toplevel.Actor2 was iterated.
The actor .Toplevel.Delay will be iterated.
The actor .Toplevel.Delay was iterated.
Director: Called postfire().
Postfire returns: true
Director: Called prefire().
-- Setting current time to 0.0
Director prefire returns true.
The actor .Toplevel.Actor1 will be iterated.
The actor .Toplevel.Actor1 was iterated.
The actor .Toplevel.Actor2 will be iterated.
The actor .Toplevel.Actor2 was iterated.
The actor .Toplevel.Delay will be iterated.
The actor .Toplevel.Delay was iterated.
Director: Called postfire().
Postfire returns: true
Director: Called prefire().
-- Setting current time to 0.0
Director prefire returns true.
The actor .Toplevel.Actor1 will be iterated.
The actor .Toplevel.Actor1 was iterated.
The actor .Toplevel.Actor2 will be iterated.
The actor .Toplevel.Actor2 was iterated.
The actor .Toplevel.Delay will be iterated.
The actor .Toplevel.Delay was iterated.
Director: Called postfire().
Postfire returns: true
Director: Called prefire().
-- Setting current time to 0.0
Director prefire returns true.
The actor .Toplevel.Actor1 will be iterated.
The actor .Toplevel.Actor1 was iterated.
The actor .Toplevel.Actor2 will be iterated.
The actor .Toplevel.Actor2 was iterated.
The actor .Toplevel.Delay will be iterated.
The actor .Toplevel.Delay was iterated.
Director: Called postfire().
Postfire returns: true
Director: Called prefire().
-- Setting current time to 0.0
Director prefire returns true.
The actor .Toplevel.Actor1 will be iterated.
The actor .Toplevel.Actor1 was iterated.
The actor .Toplevel.Actor2 will be iterated.
The actor .Toplevel.Actor2 was iterated.
The actor .Toplevel.Delay will be iterated.
The actor .Toplevel.Delay was iterated.
Director: Called postfire().
Postfire returns: true
Director: Called prefire().
-- Setting current time to 0.0
Director prefire returns true.
The actor .Toplevel.Actor1 will be iterated.
The actor .Toplevel.Actor1 was iterated.
The actor .Toplevel.Actor2 will be iterated.
The actor .Toplevel.Actor2 was iterated.
The actor .Toplevel.Delay will be iterated.
The actor .Toplevel.Delay was iterated.
Reached specified number of iterations: 6
Director: Called wrapup().
28 ms. Memory: 146944K Free: 141073K (96%)
06/15/18 12:13:49
Failed: 0  Total Tests: 8  ((Passed: 8, Newly Passed: 0)  Known Failed: 0) /home/travis/build/icyphy/ptII/ptolemy/domains/sdf/test
No auto/knownFailedTests/*.xml tests in /home/travis/build/icyphy/ptII/ptolemy/domains/sdf/test
No auto/linux-amd64/*.xml tests in /home/travis/build/icyphy/ptII/ptolemy/domains/sdf/test
AutoTests.java: About to close Vertx.
AutoTests.java: Vertx closed.

===========================================================================================
----------------- testing Fri Jun 15 00:13:49 UTC 2018 /home/travis/build/icyphy/ptII/ptolemy/domains/sdf/test/auto/Array.xml
----------------- Instantiating /home/travis/build/icyphy/ptII/ptolemy/domains/sdf/test/auto/Array.xml
55 ms. Memory: 146944K Free: 101156K (69%)
----------------- Invoking toplevel() on ptolemy.moml.MoMLSimpleApplication@eb67e54
----------------- Done invoking toplevel() on ptolemy.moml.MoMLSimpleApplication@eb67e54
reloadAllAccessors: .Array

===========================================================================================
----------------- testing Fri Jun 15 00:13:50 UTC 2018 /home/travis/build/icyphy/ptII/ptolemy/domains/sdf/test/auto/Butterfly.xml
----------------- Instantiating /home/travis/build/icyphy/ptII/ptolemy/domains/sdf/test/auto/Butterfly.xml
101 ms. Memory: 146944K Free: 95594K (65%)
----------------- Invoking toplevel() on ptolemy.moml.MoMLSimpleApplication@4e1b4332
----------------- Done invoking toplevel() on ptolemy.moml.MoMLSimpleApplication@4e1b4332
reloadAllAccessors: .Butterfly

===========================================================================================
----------------- testing Fri Jun 15 00:13:50 UTC 2018 /home/travis/build/icyphy/ptII/ptolemy/domains/sdf/test/auto/Expression.xml
----------------- Instantiating /home/travis/build/icyphy/ptII/ptolemy/domains/sdf/test/auto/Expression.xml
35 ms. Memory: 146944K Free: 89509K (61%)
----------------- Invoking toplevel() on ptolemy.moml.MoMLSimpleApplication@5f358610
----------------- Done invoking toplevel() on ptolemy.moml.MoMLSimpleApplication@5f358610
reloadAllAccessors: .Expression

===========================================================================================
----------------- testing Fri Jun 15 00:13:50 UTC 2018 /home/travis/build/icyphy/ptII/ptolemy/domains/sdf/test/auto/Eye.xml
----------------- Instantiating /home/travis/build/icyphy/ptII/ptolemy/domains/sdf/test/auto/Eye.xml
138 ms. Memory: 146944K Free: 120374K (82%)
----------------- Invoking toplevel() on ptolemy.moml.MoMLSimpleApplication@fb46f21
----------------- Done invoking toplevel() on ptolemy.moml.MoMLSimpleApplication@fb46f21
reloadAllAccessors: .Eye

===========================================================================================
----------------- testing Fri Jun 15 00:13:50 UTC 2018 /home/travis/build/icyphy/ptII/ptolemy/domains/sdf/test/auto/FixFIR.xml
----------------- Instantiating /home/travis/build/icyphy/ptII/ptolemy/domains/sdf/test/auto/FixFIR.xml
125 ms. Memory: 146944K Free: 83985K (57%)
----------------- Invoking toplevel() on ptolemy.moml.MoMLSimpleApplication@33ed5df9
----------------- Done invoking toplevel() on ptolemy.moml.MoMLSimpleApplication@33ed5df9
reloadAllAccessors: .FixFIR

===========================================================================================
----------------- testing Fri Jun 15 00:13:51 UTC 2018 /home/travis/build/icyphy/ptII/ptolemy/domains/sdf/test/auto/FixPoint.xml
----------------- Instantiating /home/travis/build/icyphy/ptII/ptolemy/domains/sdf/test/auto/FixPoint.xml
18 ms. Memory: 146944K Free: 79399K (54%)
----------------- Invoking toplevel() on ptolemy.moml.MoMLSimpleApplication@5601dec8
----------------- Done invoking toplevel() on ptolemy.moml.MoMLSimpleApplication@5601dec8
reloadAllAccessors: .FixPoint

===========================================================================================
----------------- testing Fri Jun 15 00:13:51 UTC 2018 /home/travis/build/icyphy/ptII/ptolemy/domains/sdf/test/auto/Gravitation.xml
----------------- Instantiating /home/travis/build/icyphy/ptII/ptolemy/domains/sdf/test/auto/Gravitation.xml
3114 ms. Memory: 208384K Free: 109168K (52%)
----------------- Invoking toplevel() on ptolemy.moml.MoMLSimpleApplication@2337cc23
----------------- Done invoking toplevel() on ptolemy.moml.MoMLSimpleApplication@2337cc23
reloadAllAccessors: .Gravitation

===========================================================================================
----------------- testing Fri Jun 15 00:13:54 UTC 2018 /home/travis/build/icyphy/ptII/ptolemy/domains/sdf/test/auto/GravitationWithCollisionDetection.xml
----------------- Instantiating /home/travis/build/icyphy/ptII/ptolemy/domains/sdf/test/auto/GravitationWithCollisionDetection.xml
6219 ms. Memory: 873984K Free: 326887K (37%)
----------------- Invoking toplevel() on ptolemy.moml.MoMLSimpleApplication@43ceec51
----------------- Done invoking toplevel() on ptolemy.moml.MoMLSimpleApplication@43ceec51
reloadAllAccessors: .GravitationWithCollisionDetection

===========================================================================================
----------------- testing Fri Jun 15 00:14:00 UTC 2018 /home/travis/build/icyphy/ptII/ptolemy/domains/sdf/test/auto/HDF.xml
----------------- Instantiating /home/travis/build/icyphy/ptII/ptolemy/domains/sdf/test/auto/HDF.xml
35 ms. Memory: 873984K Free: 293878K (34%)
----------------- Invoking toplevel() on ptolemy.moml.MoMLSimpleApplication@3fe3ca70
----------------- Done invoking toplevel() on ptolemy.moml.MoMLSimpleApplication@3fe3ca70
reloadAllAccessors: .HDF

===========================================================================================
----------------- testing Fri Jun 15 00:14:00 UTC 2018 /home/travis/build/icyphy/ptII/ptolemy/domains/sdf/test/auto/HDFwithTransientStates.xml
----------------- Instantiating /home/travis/build/icyphy/ptII/ptolemy/domains/sdf/test/auto/HDFwithTransientStates.xml
33 ms. Memory: 873984K Free: 270284K (31%)
----------------- Invoking toplevel() on ptolemy.moml.MoMLSimpleApplication@6601745d
----------------- Done invoking toplevel() on ptolemy.moml.MoMLSimpleApplication@6601745d
reloadAllAccessors: .HDFwithTransientStates

===========================================================================================
----------------- testing Fri Jun 15 00:14:01 UTC 2018 /home/travis/build/icyphy/ptII/ptolemy/domains/sdf/test/auto/HTVQ.xml
----------------- Instantiating /home/travis/build/icyphy/ptII/ptolemy/domains/sdf/test/auto/HTVQ.xml
832 ms. Memory: 873984K Free: 97364K (11%)
----------------- Invoking toplevel() on ptolemy.moml.MoMLSimpleApplication@65d775c2
----------------- Done invoking toplevel() on ptolemy.moml.MoMLSimpleApplication@65d775c2
reloadAllAccessors: .HTVQ

===========================================================================================
----------------- testing Fri Jun 15 00:14:01 UTC 2018 /home/travis/build/icyphy/ptII/ptolemy/domains/sdf/test/auto/InferInitProduction.xml
----------------- Instantiating /home/travis/build/icyphy/ptII/ptolemy/domains/sdf/test/auto/InferInitProduction.xml
5 ms. Memory: 873984K Free: 81646K (9%)
----------------- Invoking toplevel() on ptolemy.moml.MoMLSimpleApplication@5f5b6c11
----------------- Done invoking toplevel() on ptolemy.moml.MoMLSimpleApplication@5f5b6c11
reloadAllAccessors: .InferInitProduction

===========================================================================================
----------------- testing Fri Jun 15 00:14:01 UTC 2018 /home/travis/build/icyphy/ptII/ptolemy/domains/sdf/test/auto/InferInitProductionDeeper.xml
----------------- Instantiating /home/travis/build/icyphy/ptII/ptolemy/domains/sdf/test/auto/InferInitProductionDeeper.xml
14 ms. Memory: 874496K Free: 859229K (98%)
----------------- Invoking toplevel() on ptolemy.moml.MoMLSimpleApplication@2191955d
----------------- Done invoking toplevel() on ptolemy.moml.MoMLSimpleApplication@2191955d
reloadAllAccessors: .InferInitProductionDeeper

===========================================================================================
----------------- testing Fri Jun 15 00:14:01 UTC 2018 /home/travis/build/icyphy/ptII/ptolemy/domains/sdf/test/auto/LMSAdaptive.xml
----------------- Instantiating /home/travis/build/icyphy/ptII/ptolemy/domains/sdf/test/auto/LMSAdaptive.xml
7 ms. Memory: 874496K Free: 836183K (96%)
----------------- Invoking toplevel() on ptolemy.moml.MoMLSimpleApplication@4ee41c8c
----------------- Done invoking toplevel() on ptolemy.moml.MoMLSimpleApplication@4ee41c8c
reloadAllAccessors: .LMSAdaptive

===========================================================================================
----------------- testing Fri Jun 15 00:14:02 UTC 2018 /home/travis/build/icyphy/ptII/ptolemy/domains/sdf/test/auto/LogisticMap.xml
----------------- Instantiating /home/travis/build/icyphy/ptII/ptolemy/domains/sdf/test/auto/LogisticMap.xml
436 ms. Memory: 874496K Free: 825704K (94%)
----------------- Invoking toplevel() on ptolemy.moml.MoMLSimpleApplication@2a76dc25
----------------- Done invoking toplevel() on ptolemy.moml.MoMLSimpleApplication@2a76dc25
reloadAllAccessors: .LogisticMap

===========================================================================================
----------------- testing Fri Jun 15 00:14:02 UTC 2018 /home/travis/build/icyphy/ptII/ptolemy/domains/sdf/test/auto/MaximumEntropySpectrum.xml
----------------- Instantiating /home/travis/build/icyphy/ptII/ptolemy/domains/sdf/test/auto/MaximumEntropySpectrum.xml
55 ms. Memory: 874496K Free: 757454K (87%)
----------------- Invoking toplevel() on ptolemy.moml.MoMLSimpleApplication@37835395
----------------- Done invoking toplevel() on ptolemy.moml.MoMLSimpleApplication@37835395
reloadAllAccessors: .MaximumEntropySpectrum

===========================================================================================
----------------- testing Fri Jun 15 00:14:02 UTC 2018 /home/travis/build/icyphy/ptII/ptolemy/domains/sdf/test/auto/MultirateSDF.xml
----------------- Instantiating /home/travis/build/icyphy/ptII/ptolemy/domains/sdf/test/auto/MultirateSDF.xml
21 ms. Memory: 874496K Free: 736480K (84%)
----------------- Invoking toplevel() on ptolemy.moml.MoMLSimpleApplication@76caae7f
----------------- Done invoking toplevel() on ptolemy.moml.MoMLSimpleApplication@76caae7f
reloadAllAccessors: .MultirateSDF

===========================================================================================
----------------- testing Fri Jun 15 00:14:02 UTC 2018 /home/travis/build/icyphy/ptII/ptolemy/domains/sdf/test/auto/MultirateSDFwithTransientStates.xml
----------------- Instantiating /home/travis/build/icyphy/ptII/ptolemy/domains/sdf/test/auto/MultirateSDFwithTransientStates.xml
17 ms. Memory: 874496K Free: 715506K (82%)
----------------- Invoking toplevel() on ptolemy.moml.MoMLSimpleApplication@63605aab
----------------- Done invoking toplevel() on ptolemy.moml.MoMLSimpleApplication@63605aab
reloadAllAccessors: .MultirateSDFwithTransientStates

===========================================================================================
----------------- testing Fri Jun 15 00:14:02 UTC 2018 /home/travis/build/icyphy/ptII/ptolemy/domains/sdf/test/auto/NoisySinewave.xml
----------------- Instantiating /home/travis/build/icyphy/ptII/ptolemy/domains/sdf/test/auto/NoisySinewave.xml
16 ms. Memory: 874496K Free: 694524K (79%)
----------------- Invoking toplevel() on ptolemy.moml.MoMLSimpleApplication@7f2202dd
----------------- Done invoking toplevel() on ptolemy.moml.MoMLSimpleApplication@7f2202dd
reloadAllAccessors: .NoisySinewave

===========================================================================================
----------------- testing Fri Jun 15 00:14:02 UTC 2018 /home/travis/build/icyphy/ptII/ptolemy/domains/sdf/test/auto/Objects.xml
----------------- Instantiating /home/travis/build/icyphy/ptII/ptolemy/domains/sdf/test/auto/Objects.xml
4 ms. Memory: 874496K Free: 678790K (78%)
----------------- Invoking toplevel() on ptolemy.moml.MoMLSimpleApplication@19faa2b4
----------------- Done invoking toplevel() on ptolemy.moml.MoMLSimpleApplication@19faa2b4
reloadAllAccessors: .Objects

===========================================================================================
----------------- testing Fri Jun 15 00:14:03 UTC 2018 /home/travis/build/icyphy/ptII/ptolemy/domains/sdf/test/auto/OrthogonalCom.xml
----------------- Instantiating /home/travis/build/icyphy/ptII/ptolemy/domains/sdf/test/auto/OrthogonalCom.xml
7 ms. Memory: 874496K Free: 663064K (76%)
----------------- Invoking toplevel() on ptolemy.moml.MoMLSimpleApplication@7a79f66a
----------------- Done invoking toplevel() on ptolemy.moml.MoMLSimpleApplication@7a79f66a
reloadAllAccessors: .OrthogonalCom

===========================================================================================
----------------- testing Fri Jun 15 00:14:03 UTC 2018 /home/travis/build/icyphy/ptII/ptolemy/domains/sdf/test/auto/RijndaelEncryption.xml
----------------- Instantiating /home/travis/build/icyphy/ptII/ptolemy/domains/sdf/test/auto/RijndaelEncryption.xml
242 ms. Memory: 874496K Free: 500319K (57%)
----------------- Invoking toplevel() on ptolemy.moml.MoMLSimpleApplication@7a380dc3
----------------- Done invoking toplevel() on ptolemy.moml.MoMLSimpleApplication@7a380dc3
reloadAllAccessors: .RijndaelEncryption

===========================================================================================
----------------- testing Fri Jun 15 00:14:03 UTC 2018 /home/travis/build/icyphy/ptII/ptolemy/domains/sdf/test/auto/SDFEmptyIterations.xml
----------------- Instantiating /home/travis/build/icyphy/ptII/ptolemy/domains/sdf/test/auto/SDFEmptyIterations.xml
5 ms. Memory: 874496K Free: 486693K (56%)
----------------- Invoking toplevel() on ptolemy.moml.MoMLSimpleApplication@14f083e0
----------------- Done invoking toplevel() on ptolemy.moml.MoMLSimpleApplication@14f083e0
reloadAllAccessors: .SDFEmptyIterations

===========================================================================================
----------------- testing Fri Jun 15 00:14:03 UTC 2018 /home/travis/build/icyphy/ptII/ptolemy/domains/sdf/test/auto/Spectrum.xml
----------------- Instantiating /home/travis/build/icyphy/ptII/ptolemy/domains/sdf/test/auto/Spectrum.xml
30 ms. Memory: 874496K Free: 465719K (53%)
----------------- Invoking toplevel() on ptolemy.moml.MoMLSimpleApplication@5774322b
----------------- Done invoking toplevel() on ptolemy.moml.MoMLSimpleApplication@5774322b
reloadAllAccessors: .Spectrum

===========================================================================================
----------------- testing Fri Jun 15 00:14:03 UTC 2018 /home/travis/build/icyphy/ptII/ptolemy/domains/sdf/test/auto/de_inside_sdf.xml
----------------- Instantiating /home/travis/build/icyphy/ptII/ptolemy/domains/sdf/test/auto/de_inside_sdf.xml
11 ms. Memory: 874496K Free: 455240K (52%)
----------------- Invoking toplevel() on ptolemy.moml.MoMLSimpleApplication@4096a1c5
----------------- Done invoking toplevel() on ptolemy.moml.MoMLSimpleApplication@4096a1c5
reloadAllAccessors: .de_inside_sdf

===========================================================================================
----------------- testing Fri Jun 15 00:14:03 UTC 2018 /home/travis/build/icyphy/ptII/ptolemy/domains/sdf/test/auto/disconnectedHierarchicalSDF.xml
----------------- Instantiating /home/travis/build/icyphy/ptII/ptolemy/domains/sdf/test/auto/disconnectedHierarchicalSDF.xml
5 ms. Memory: 874496K Free: 444761K (51%)
----------------- Invoking toplevel() on ptolemy.moml.MoMLSimpleApplication@1cd4843f
----------------- Done invoking toplevel() on ptolemy.moml.MoMLSimpleApplication@1cd4843f
reloadAllAccessors: .disconnectedHierarchicalSDF

===========================================================================================
----------------- testing Fri Jun 15 00:14:03 UTC 2018 /home/travis/build/icyphy/ptII/ptolemy/domains/sdf/test/auto/disconnectedSDF.xml
----------------- Instantiating /home/travis/build/icyphy/ptII/ptolemy/domains/sdf/test/auto/disconnectedSDF.xml
5 ms. Memory: 874496K Free: 434282K (50%)
----------------- Invoking toplevel() on ptolemy.moml.MoMLSimpleApplication@3504cf57
----------------- Done invoking toplevel() on ptolemy.moml.MoMLSimpleApplication@3504cf57
reloadAllAccessors: .disconnectedSDF

===========================================================================================
----------------- testing Fri Jun 15 00:14:03 UTC 2018 /home/travis/build/icyphy/ptII/ptolemy/domains/sdf/test/auto/emptyRefinement.xml
----------------- Instantiating /home/travis/build/icyphy/ptII/ptolemy/domains/sdf/test/auto/emptyRefinement.xml
2 ms. Memory: 874496K Free: 423803K (48%)
----------------- Invoking toplevel() on ptolemy.moml.MoMLSimpleApplication@59b4674b
----------------- Done invoking toplevel() on ptolemy.moml.MoMLSimpleApplication@59b4674b
reloadAllAccessors: .emptyRefinement

===========================================================================================
----------------- testing Fri Jun 15 00:14:03 UTC 2018 /home/travis/build/icyphy/ptII/ptolemy/domains/sdf/test/auto/filePortParameter.xml
----------------- Instantiating /home/travis/build/icyphy/ptII/ptolemy/domains/sdf/test/auto/filePortParameter.xml
15 ms. Memory: 874496K Free: 408069K (47%)
----------------- Invoking toplevel() on ptolemy.moml.MoMLSimpleApplication@89a39d6
----------------- Done invoking toplevel() on ptolemy.moml.MoMLSimpleApplication@89a39d6
reloadAllAccessors: .filePortParameter

===========================================================================================
----------------- testing Fri Jun 15 00:14:03 UTC 2018 /home/travis/build/icyphy/ptII/ptolemy/domains/sdf/test/auto/inferRelationWidth1.xml
----------------- Instantiating /home/travis/build/icyphy/ptII/ptolemy/domains/sdf/test/auto/inferRelationWidth1.xml
4 ms. Memory: 874496K Free: 397590K (45%)
----------------- Invoking toplevel() on ptolemy.moml.MoMLSimpleApplication@223faa0b
----------------- Done invoking toplevel() on ptolemy.moml.MoMLSimpleApplication@223faa0b
reloadAllAccessors: .inferRelationWidth1

===========================================================================================
----------------- testing Fri Jun 15 00:14:03 UTC 2018 /home/travis/build/icyphy/ptII/ptolemy/domains/sdf/test/auto/initProductionInference.xml
----------------- Instantiating /home/travis/build/icyphy/ptII/ptolemy/domains/sdf/test/auto/initProductionInference.xml
7 ms. Memory: 874496K Free: 387111K (44%)
----------------- Invoking toplevel() on ptolemy.moml.MoMLSimpleApplication@2dcf2dc
----------------- Done invoking toplevel() on ptolemy.moml.MoMLSimpleApplication@2dcf2dc
reloadAllAccessors: .initProductionInference

===========================================================================================
----------------- testing Fri Jun 15 00:14:03 UTC 2018 /home/travis/build/icyphy/ptII/ptolemy/domains/sdf/test/auto/relationGroup.xml
----------------- Instantiating /home/travis/build/icyphy/ptII/ptolemy/domains/sdf/test/auto/relationGroup.xml
1 ms. Memory: 874496K Free: 376632K (43%)
----------------- Invoking toplevel() on ptolemy.moml.MoMLSimpleApplication@ce69436
----------------- Done invoking toplevel() on ptolemy.moml.MoMLSimpleApplication@ce69436
reloadAllAccessors: .relationGroup

===========================================================================================
----------------- testing Fri Jun 15 00:14:03 UTC 2018 /home/travis/build/icyphy/ptII/ptolemy/domains/sdf/test/auto/relationGroup10.xml
----------------- Instantiating /home/travis/build/icyphy/ptII/ptolemy/domains/sdf/test/auto/relationGroup10.xml
2 ms. Memory: 874496K Free: 363005K (42%)
----------------- Invoking toplevel() on ptolemy.moml.MoMLSimpleApplication@87120c1
----------------- Done invoking toplevel() on ptolemy.moml.MoMLSimpleApplication@87120c1
reloadAllAccessors: .relationGroup10

===========================================================================================
----------------- testing Fri Jun 15 00:14:03 UTC 2018 /home/travis/build/icyphy/ptII/ptolemy/domains/sdf/test/auto/relationGroup11.xml
----------------- Instantiating /home/travis/build/icyphy/ptII/ptolemy/domains/sdf/test/auto/relationGroup11.xml
2 ms. Memory: 874496K Free: 352526K (40%)
----------------- Invoking toplevel() on ptolemy.moml.MoMLSimpleApplication@2219f700
----------------- Done invoking toplevel() on ptolemy.moml.MoMLSimpleApplication@2219f700
reloadAllAccessors: .relationGroup11

===========================================================================================
----------------- testing Fri Jun 15 00:14:03 UTC 2018 /home/travis/build/icyphy/ptII/ptolemy/domains/sdf/test/auto/relationGroup12.xml
----------------- Instantiating /home/travis/build/icyphy/ptII/ptolemy/domains/sdf/test/auto/relationGroup12.xml
1 ms. Memory: 874496K Free: 342048K (39%)
----------------- Invoking toplevel() on ptolemy.moml.MoMLSimpleApplication@12c774e8
----------------- Done invoking toplevel() on ptolemy.moml.MoMLSimpleApplication@12c774e8
reloadAllAccessors: .relationGroup12

===========================================================================================
----------------- testing Fri Jun 15 00:14:03 UTC 2018 /home/travis/build/icyphy/ptII/ptolemy/domains/sdf/test/auto/relationGroup13.xml
----------------- Instantiating /home/travis/build/icyphy/ptII/ptolemy/domains/sdf/test/auto/relationGroup13.xml
6 ms. Memory: 874496K Free: 331569K (38%)
----------------- Invoking toplevel() on ptolemy.moml.MoMLSimpleApplication@792c2295
----------------- Done invoking toplevel() on ptolemy.moml.MoMLSimpleApplication@792c2295
reloadAllAccessors: .relationGroup13

===========================================================================================
----------------- testing Fri Jun 15 00:14:03 UTC 2018 /home/travis/build/icyphy/ptII/ptolemy/domains/sdf/test/auto/relationGroup14.xml
----------------- Instantiating /home/travis/build/icyphy/ptII/ptolemy/domains/sdf/test/auto/relationGroup14.xml
3 ms. Memory: 874496K Free: 321090K (37%)
----------------- Invoking toplevel() on ptolemy.moml.MoMLSimpleApplication@6a10b45c
----------------- Done invoking toplevel() on ptolemy.moml.MoMLSimpleApplication@6a10b45c
reloadAllAccessors: .relationGroup14

===========================================================================================
----------------- testing Fri Jun 15 00:14:03 UTC 2018 /home/travis/build/icyphy/ptII/ptolemy/domains/sdf/test/auto/relationGroup15.xml
----------------- Instantiating /home/travis/build/icyphy/ptII/ptolemy/domains/sdf/test/auto/relationGroup15.xml
2 ms. Memory: 874496K Free: 310611K (36%)
----------------- Invoking toplevel() on ptolemy.moml.MoMLSimpleApplication@66ac9cc9
----------------- Done invoking toplevel() on ptolemy.moml.MoMLSimpleApplication@66ac9cc9
reloadAllAccessors: .relationGroup15

===========================================================================================
----------------- testing Fri Jun 15 00:14:03 UTC 2018 /home/travis/build/icyphy/ptII/ptolemy/domains/sdf/test/auto/relationGroup2.xml
----------------- Instantiating /home/travis/build/icyphy/ptII/ptolemy/domains/sdf/test/auto/relationGroup2.xml
5 ms. Memory: 874496K Free: 300132K (34%)
----------------- Invoking toplevel() on ptolemy.moml.MoMLSimpleApplication@37c36ce1
----------------- Done invoking toplevel() on ptolemy.moml.MoMLSimpleApplication@37c36ce1
reloadAllAccessors: .relationGroup2

===========================================================================================
----------------- testing Fri Jun 15 00:14:04 UTC 2018 /home/travis/build/icyphy/ptII/ptolemy/domains/sdf/test/auto/relationGroup3.xml
----------------- Instantiating /home/travis/build/icyphy/ptII/ptolemy/domains/sdf/test/auto/relationGroup3.xml
2 ms. Memory: 874496K Free: 289653K (33%)
----------------- Invoking toplevel() on ptolemy.moml.MoMLSimpleApplication@1b0b70aa
----------------- Done invoking toplevel() on ptolemy.moml.MoMLSimpleApplication@1b0b70aa
reloadAllAccessors: .relationGroup3

===========================================================================================
----------------- testing Fri Jun 15 00:14:04 UTC 2018 /home/travis/build/icyphy/ptII/ptolemy/domains/sdf/test/auto/relationGroup4.xml
----------------- Instantiating /home/travis/build/icyphy/ptII/ptolemy/domains/sdf/test/auto/relationGroup4.xml
6 ms. Memory: 874496K Free: 279174K (32%)
----------------- Invoking toplevel() on ptolemy.moml.MoMLSimpleApplication@4649bc22
----------------- Done invoking toplevel() on ptolemy.moml.MoMLSimpleApplication@4649bc22
reloadAllAccessors: .relationGroup4

===========================================================================================
----------------- testing Fri Jun 15 00:14:04 UTC 2018 /home/travis/build/icyphy/ptII/ptolemy/domains/sdf/test/auto/relationGroup5.xml
----------------- Instantiating /home/travis/build/icyphy/ptII/ptolemy/domains/sdf/test/auto/relationGroup5.xml
4 ms. Memory: 874496K Free: 265547K (30%)
----------------- Invoking toplevel() on ptolemy.moml.MoMLSimpleApplication@74039631
----------------- Done invoking toplevel() on ptolemy.moml.MoMLSimpleApplication@74039631
reloadAllAccessors: .relationGroup5

===========================================================================================
----------------- testing Fri Jun 15 00:14:04 UTC 2018 /home/travis/build/icyphy/ptII/ptolemy/domains/sdf/test/auto/relationGroup6.xml
----------------- Instantiating /home/travis/build/icyphy/ptII/ptolemy/domains/sdf/test/auto/relationGroup6.xml
4 ms. Memory: 874496K Free: 255068K (29%)
----------------- Invoking toplevel() on ptolemy.moml.MoMLSimpleApplication@153c789b
----------------- Done invoking toplevel() on ptolemy.moml.MoMLSimpleApplication@153c789b
reloadAllAccessors: .relationGroup6

===========================================================================================
----------------- testing Fri Jun 15 00:14:04 UTC 2018 /home/travis/build/icyphy/ptII/ptolemy/domains/sdf/test/auto/relationGroup7.xml
----------------- Instantiating /home/travis/build/icyphy/ptII/ptolemy/domains/sdf/test/auto/relationGroup7.xml
4 ms. Memory: 874496K Free: 244590K (28%)
----------------- Invoking toplevel() on ptolemy.moml.MoMLSimpleApplication@22fedefb
----------------- Done invoking toplevel() on ptolemy.moml.MoMLSimpleApplication@22fedefb
reloadAllAccessors: .relationGroup7

===========================================================================================
----------------- testing Fri Jun 15 00:14:04 UTC 2018 /home/travis/build/icyphy/ptII/ptolemy/domains/sdf/test/auto/relationGroup8.xml
----------------- Instantiating /home/travis/build/icyphy/ptII/ptolemy/domains/sdf/test/auto/relationGroup8.xml
4 ms. Memory: 874496K Free: 234111K (27%)
----------------- Invoking toplevel() on ptolemy.moml.MoMLSimpleApplication@655491ab
----------------- Done invoking toplevel() on ptolemy.moml.MoMLSimpleApplication@655491ab
reloadAllAccessors: .relationGroup8

===========================================================================================
----------------- testing Fri Jun 15 00:14:04 UTC 2018 /home/travis/build/icyphy/ptII/ptolemy/domains/sdf/test/auto/relationGroup9.xml
----------------- Instantiating /home/travis/build/icyphy/ptII/ptolemy/domains/sdf/test/auto/relationGroup9.xml
3 ms. Memory: 874496K Free: 223632K (26%)
----------------- Invoking toplevel() on ptolemy.moml.MoMLSimpleApplication@18d69918
----------------- Done invoking toplevel() on ptolemy.moml.MoMLSimpleApplication@18d69918
reloadAllAccessors: .relationGroup9

===========================================================================================
----------------- testing Fri Jun 15 00:14:04 UTC 2018 /home/travis/build/icyphy/ptII/ptolemy/domains/sdf/test/auto/sdf_inside_de.xml
----------------- Instantiating /home/travis/build/icyphy/ptII/ptolemy/domains/sdf/test/auto/sdf_inside_de.xml
13 ms. Memory: 874496K Free: 207897K (24%)
----------------- Invoking toplevel() on ptolemy.moml.MoMLSimpleApplication@4b46c11a
----------------- Done invoking toplevel() on ptolemy.moml.MoMLSimpleApplication@4b46c11a
reloadAllAccessors: .sdf_inside_de

===========================================================================================
----------------- testing Fri Jun 15 00:14:04 UTC 2018 /home/travis/build/icyphy/ptII/ptolemy/domains/sdf/test/auto/sdf_inside_pn.xml
----------------- Instantiating /home/travis/build/icyphy/ptII/ptolemy/domains/sdf/test/auto/sdf_inside_pn.xml
35 ms. Memory: 874496K Free: 165981K (19%)
----------------- Invoking toplevel() on ptolemy.moml.MoMLSimpleApplication@3681c95
----------------- Done invoking toplevel() on ptolemy.moml.MoMLSimpleApplication@3681c95
reloadAllAccessors: .sdf_inside_pn

===========================================================================================
----------------- testing Fri Jun 15 00:14:04 UTC 2018 /home/travis/build/icyphy/ptII/ptolemy/domains/sdf/test/auto/sdf_sdf1.xml
----------------- Instantiating /home/travis/build/icyphy/ptII/ptolemy/domains/sdf/test/auto/sdf_sdf1.xml
3 ms. Memory: 874496K Free: 155502K (18%)
----------------- Invoking toplevel() on ptolemy.moml.MoMLSimpleApplication@6ccf0821
----------------- Done invoking toplevel() on ptolemy.moml.MoMLSimpleApplication@6ccf0821
reloadAllAccessors: .sdf_sdf1

===========================================================================================
----------------- testing Fri Jun 15 00:14:04 UTC 2018 /home/travis/build/icyphy/ptII/ptolemy/domains/sdf/test/auto/test1.xml
----------------- Instantiating /home/travis/build/icyphy/ptII/ptolemy/domains/sdf/test/auto/test1.xml
2 ms. Memory: 874496K Free: 141876K (16%)
----------------- Invoking toplevel() on ptolemy.moml.MoMLSimpleApplication@690d9bec
----------------- Done invoking toplevel() on ptolemy.moml.MoMLSimpleApplication@690d9bec
reloadAllAccessors: .test1

===========================================================================================
----------------- testing Fri Jun 15 00:14:04 UTC 2018 /home/travis/build/icyphy/ptII/ptolemy/domains/sdf/test/auto/time1.xml
----------------- Instantiating /home/travis/build/icyphy/ptII/ptolemy/domains/sdf/test/auto/time1.xml
2 ms. Memory: 874496K Free: 131397K (15%)
----------------- Invoking toplevel() on ptolemy.moml.MoMLSimpleApplication@296d3eed
----------------- Done invoking toplevel() on ptolemy.moml.MoMLSimpleApplication@296d3eed
reloadAllAccessors: .time1

===========================================================================================
----------------- testing Fri Jun 15 00:14:04 UTC 2018 /home/travis/build/icyphy/ptII/ptolemy/domains/sdf/test/auto/time2.xml
----------------- Instantiating /home/travis/build/icyphy/ptII/ptolemy/domains/sdf/test/auto/time2.xml
3 ms. Memory: 874496K Free: 120918K (14%)
----------------- Invoking toplevel() on ptolemy.moml.MoMLSimpleApplication@184f69b
----------------- Done invoking toplevel() on ptolemy.moml.MoMLSimpleApplication@184f69b
reloadAllAccessors: .time2

===========================================================================================
----------------- testing Fri Jun 15 00:14:04 UTC 2018 /home/travis/build/icyphy/ptII/ptolemy/domains/sdf/test/auto/time3.xml
----------------- Instantiating /home/travis/build/icyphy/ptII/ptolemy/domains/sdf/test/auto/time3.xml
6 ms. Memory: 874496K Free: 110439K (13%)
----------------- Invoking toplevel() on ptolemy.moml.MoMLSimpleApplication@a96c701
----------------- Done invoking toplevel() on ptolemy.moml.MoMLSimpleApplication@a96c701
reloadAllAccessors: .time3

===========================================================================================
----------------- testing Fri Jun 15 00:14:04 UTC 2018 /home/travis/build/icyphy/ptII/ptolemy/domains/sdf/test/auto/time4.xml
----------------- Instantiating /home/travis/build/icyphy/ptII/ptolemy/domains/sdf/test/auto/time4.xml
5 ms. Memory: 874496K Free: 99960K (11%)
----------------- Invoking toplevel() on ptolemy.moml.MoMLSimpleApplication@6a1f03e8
----------------- Done invoking toplevel() on ptolemy.moml.MoMLSimpleApplication@6a1f03e8
reloadAllAccessors: .time4

===========================================================================================
----------------- testing Fri Jun 15 00:14:04 UTC 2018 /home/travis/build/icyphy/ptII/ptolemy/domains/sdf/test/auto/time5.xml
----------------- Instantiating /home/travis/build/icyphy/ptII/ptolemy/domains/sdf/test/auto/time5.xml
4002 ms. Memory: 874496K Free: 89481K (10%)
----------------- Invoking toplevel() on ptolemy.moml.MoMLSimpleApplication@15a4083f
----------------- Done invoking toplevel() on ptolemy.moml.MoMLSimpleApplication@15a4083f
reloadAllAccessors: .time5

===========================================================================================
----------------- testing Fri Jun 15 00:14:08 UTC 2018 /home/travis/build/icyphy/ptII/ptolemy/domains/sdf/test/auto/typeSystem_Const_Integer_smallest_Type.xml
----------------- Instantiating /home/travis/build/icyphy/ptII/ptolemy/domains/sdf/test/auto/typeSystem_Const_Integer_smallest_Type.xml
7 ms. Memory: 874496K Free: 79002K (9%)
----------------- Invoking toplevel() on ptolemy.moml.MoMLSimpleApplication@6e59217
----------------- Done invoking toplevel() on ptolemy.moml.MoMLSimpleApplication@6e59217
reloadAllAccessors: .typeSystem_Const_Integer_smallest_Type

===========================================================================================
----------------- testing Fri Jun 15 00:14:08 UTC 2018 /home/travis/build/icyphy/ptII/ptolemy/domains/sdf/test/auto/typeSystem_declared_Inports_OutportTypeException.xml
----------------- Instantiating /home/travis/build/icyphy/ptII/ptolemy/domains/sdf/test/auto/typeSystem_declared_Inports_OutportTypeException.xml
.typeSystem_declared_Inports_OutportTypeException.TestExceptionAttribute: initialize() was not invoked, but wrapup() was.  This is unusual, but not always a problem.  For example, exporting JNLP will do this.
11 ms. Memory: 830976K Free: 811101K (98%)
----------------- Invoking toplevel() on ptolemy.moml.MoMLSimpleApplication@58cbcfc8
----------------- Done invoking toplevel() on ptolemy.moml.MoMLSimpleApplication@58cbcfc8
reloadAllAccessors: .typeSystem_declared_Inports_OutportTypeException

===========================================================================================
----------------- testing Fri Jun 15 00:14:08 UTC 2018 /home/travis/build/icyphy/ptII/ptolemy/domains/sdf/test/auto/typeSystem_oneDeclaredInportType_wrongTypeOutport.xml
----------------- Instantiating /home/travis/build/icyphy/ptII/ptolemy/domains/sdf/test/auto/typeSystem_oneDeclaredInportType_wrongTypeOutport.xml
3 ms. Memory: 830976K Free: 799077K (96%)
----------------- Invoking toplevel() on ptolemy.moml.MoMLSimpleApplication@677b1ff8
----------------- Done invoking toplevel() on ptolemy.moml.MoMLSimpleApplication@677b1ff8
reloadAllAccessors: .typeSystem_oneDeclaredInportType_wrongTypeOutport

===========================================================================================
----------------- testing Fri Jun 15 00:14:08 UTC 2018 /home/travis/build/icyphy/ptII/ptolemy/domains/sdf/test/auto/width.xml
----------------- Instantiating /home/travis/build/icyphy/ptII/ptolemy/domains/sdf/test/auto/width.xml
2 ms. Memory: 830976K Free: 789097K (95%)
----------------- Invoking toplevel() on ptolemy.moml.MoMLSimpleApplication@4f5406fa
----------------- Done invoking toplevel() on ptolemy.moml.MoMLSimpleApplication@4f5406fa
reloadAllAccessors: .width

===========================================================================================
----------------- testing Fri Jun 15 00:14:08 UTC 2018 /home/travis/build/icyphy/ptII/ptolemy/domains/sdf/test/auto/width2.xml
----------------- Instantiating /home/travis/build/icyphy/ptII/ptolemy/domains/sdf/test/auto/width2.xml
32 ms. Memory: 830976K Free: 779116K (94%)
----------------- Invoking toplevel() on ptolemy.moml.MoMLSimpleApplication@73e7eecf
----------------- Done invoking toplevel() on ptolemy.moml.MoMLSimpleApplication@73e7eecf
reloadAllAccessors: .width2

===========================================================================================
----------------- testing Fri Jun 15 00:14:08 UTC 2018 /home/travis/build/icyphy/ptII/ptolemy/domains/sdf/test/auto/width3.xml
----------------- Instantiating /home/travis/build/icyphy/ptII/ptolemy/domains/sdf/test/auto/width3.xml
26 ms. Memory: 830976K Free: 768980K (93%)
----------------- Invoking toplevel() on ptolemy.moml.MoMLSimpleApplication@7046e7dd
----------------- Done invoking toplevel() on ptolemy.moml.MoMLSimpleApplication@7046e7dd
reloadAllAccessors: .width3
AutoTests.java: About to close Vertx.
AutoTests.java: Vertx closed.
]]></system-out>
  <system-err><![CDATA[java.lang.RuntimeException: Execution failed
	at ptolemy.moml.MoMLSimpleApplication$UnloadThread.run(MoMLSimpleApplication.java:402)
Caused by: ptolemy.actor.sched.NotSchedulableException: No solution exists for the balance equations.
Graph is not consistent under the SDF domain detected on external port .rateConsistency.actor.port2
  in .rateConsistency.SDF Director.Scheduler
	at ptolemy.domains.sdf.kernel.SDFScheduler._propagatePort(SDFScheduler.java:1425)
	at ptolemy.domains.sdf.kernel.SDFScheduler._solveBalanceEquations(SDFScheduler.java:710)
	at ptolemy.domains.sdf.kernel.SDFScheduler._getSchedule(SDFScheduler.java:566)
	at ptolemy.actor.sched.Scheduler.getSchedule(Scheduler.java:189)
	at ptolemy.domains.sdf.kernel.SDFDirector.createSchedule(SDFDirector.java:408)
	at ptolemy.domains.sdf.kernel.SDFDirector.preinitialize(SDFDirector.java:764)
	at ptolemy.actor.CompositeActor.preinitialize(CompositeActor.java:1828)
	at ptolemy.actor.Manager.preinitializeAndResolveTypes(Manager.java:1040)
	at ptolemy.actor.Manager.initialize(Manager.java:710)
	at ptolemy.actor.Manager.execute(Manager.java:356)
	at ptolemy.actor.Manager.run(Manager.java:1263)
	at ptolemy.actor.Manager$PtolemyRunThread.run(Manager.java:1915)
java.lang.RuntimeException: Execution failed
	at ptolemy.moml.MoMLSimpleApplication$UnloadThread.run(MoMLSimpleApplication.java:402)
Caused by: ptolemy.kernel.util.IllegalActionException: Failed to compute schedule:
  in .badRateChanges.typed composite actor.SDF Director
Because:
The SDF rate parameter may change. This is not allowed in SDF models that will be run through the code generator.  If you don't care about code generation, then you might consider setting the allowRateChanges parameter of the SDF director to false.
  in .badRateChanges.typed composite actor.Repeat.output.tokenProductionRate
	at ptolemy.domains.sdf.kernel.SDFDirector.createSchedule(SDFDirector.java:418)
	at ptolemy.domains.sdf.kernel.SDFDirector.preinitialize(SDFDirector.java:764)
	at ptolemy.actor.CompositeActor.preinitialize(CompositeActor.java:1828)
	at ptolemy.actor.Director.preinitialize(Director.java:1302)
	at ptolemy.actor.Director.preinitialize(Director.java:1257)
	at ptolemy.domains.sdf.kernel.SDFDirector.preinitialize(SDFDirector.java:763)
	at ptolemy.actor.CompositeActor.preinitialize(CompositeActor.java:1828)
	at ptolemy.actor.Manager.preinitializeAndResolveTypes(Manager.java:1040)
	at ptolemy.actor.Manager.initialize(Manager.java:710)
	at ptolemy.actor.Manager.execute(Manager.java:356)
	at ptolemy.actor.Manager.run(Manager.java:1263)
	at ptolemy.actor.Manager$PtolemyRunThread.run(Manager.java:1915)
Caused by: ptolemy.kernel.util.IllegalActionException: The SDF rate parameter may change. This is not allowed in SDF models that will be run through the code generator.  If you don't care about code generation, then you might consider setting the allowRateChanges parameter of the SDF director to false.
  in .badRateChanges.typed composite actor.Repeat.output.tokenProductionRate
	at ptolemy.domains.sdf.kernel.SDFScheduler._assertDynamicRateVariable(SDFScheduler.java:931)
	at ptolemy.domains.sdf.kernel.SDFScheduler._checkDynamicRateVariables(SDFScheduler.java:339)
	at ptolemy.domains.sdf.kernel.SDFScheduler._getSchedule(SDFScheduler.java:527)
	at ptolemy.actor.sched.Scheduler.getSchedule(Scheduler.java:189)
	at ptolemy.domains.sdf.kernel.SDFDirector.createSchedule(SDFDirector.java:408)
	... 11 more
java.lang.RuntimeException: Execution failed
	at ptolemy.moml.MoMLSimpleApplication$UnloadThread.run(MoMLSimpleApplication.java:402)
Caused by: ptolemy.kernel.util.IllegalActionException: Failed to compute schedule:
  in .badRateChanges2.typed composite actor.SDF Director
Because:
The SDF rate parameter may change. This is not allowed in SDF models that will be run through the code generator.  If you don't care about code generation, then you might consider setting the allowRateChanges parameter of the SDF director to false.
  in .badRateChanges2.typed composite actor.Repeat.output.tokenProductionRate
	at ptolemy.domains.sdf.kernel.SDFDirector.createSchedule(SDFDirector.java:418)
	at ptolemy.domains.sdf.kernel.SDFDirector.preinitialize(SDFDirector.java:764)
	at ptolemy.actor.CompositeActor.preinitialize(CompositeActor.java:1828)
	at ptolemy.actor.Director.preinitialize(Director.java:1302)
	at ptolemy.actor.Director.preinitialize(Director.java:1257)
	at ptolemy.domains.sdf.kernel.SDFDirector.preinitialize(SDFDirector.java:763)
	at ptolemy.actor.CompositeActor.preinitialize(CompositeActor.java:1828)
	at ptolemy.actor.Manager.preinitializeAndResolveTypes(Manager.java:1040)
	at ptolemy.actor.Manager.initialize(Manager.java:710)
	at ptolemy.actor.Manager.execute(Manager.java:356)
	at ptolemy.actor.Manager.run(Manager.java:1263)
	at ptolemy.actor.Manager$PtolemyRunThread.run(Manager.java:1915)
Caused by: ptolemy.kernel.util.IllegalActionException: The SDF rate parameter may change. This is not allowed in SDF models that will be run through the code generator.  If you don't care about code generation, then you might consider setting the allowRateChanges parameter of the SDF director to false.
  in .badRateChanges2.typed composite actor.Repeat.output.tokenProductionRate
	at ptolemy.domains.sdf.kernel.SDFScheduler._assertDynamicRateVariable(SDFScheduler.java:931)
	at ptolemy.domains.sdf.kernel.SDFScheduler._checkDynamicRateVariables(SDFScheduler.java:339)
	at ptolemy.domains.sdf.kernel.SDFScheduler._getSchedule(SDFScheduler.java:527)
	at ptolemy.actor.sched.Scheduler.getSchedule(Scheduler.java:189)
	at ptolemy.domains.sdf.kernel.SDFDirector.createSchedule(SDFDirector.java:408)
	... 11 more
java.lang.RuntimeException: Execution failed
	at ptolemy.moml.MoMLSimpleApplication$UnloadThread.run(MoMLSimpleApplication.java:402)
Caused by: ptolemy.actor.sched.NotSchedulableException: Actors remain that cannot be scheduled!

There are several possible reasons:
* SDF Graphs with feedback loops should have an actor with a delay in the loop, such as a SampleDelay.
* The SDF director has an "allowDisconnectedGraphs"parameter, which, when true, permits disconnected SDF graphs.
* The token consumption rate and production rates might be mismatched.
Usually, actors produce one token or consume one token on a port.  To produce or consume multiple tokens per firing, add a "tokenConsumptionRate" or "tokenProductionRate" parameter to the appropriate port.
Unscheduled actors:
.partiallyConnected.Const2 
Scheduled actors:
.partiallyConnected.Const 
  in .partiallyConnected.SDF Director.Scheduler
	at ptolemy.domains.sdf.kernel.SDFScheduler._scheduleConnectedActors(SDFScheduler.java:1828)
	at ptolemy.domains.sdf.kernel.SDFScheduler._getSchedule(SDFScheduler.java:587)
	at ptolemy.actor.sched.Scheduler.getSchedule(Scheduler.java:189)
	at ptolemy.domains.sdf.kernel.SDFDirector.createSchedule(SDFDirector.java:408)
	at ptolemy.domains.sdf.kernel.SDFDirector.preinitialize(SDFDirector.java:764)
	at ptolemy.actor.CompositeActor.preinitialize(CompositeActor.java:1828)
	at ptolemy.actor.Manager.preinitializeAndResolveTypes(Manager.java:1040)
	at ptolemy.actor.Manager.initialize(Manager.java:710)
	at ptolemy.actor.Manager.execute(Manager.java:356)
	at ptolemy.actor.Manager.run(Manager.java:1263)
	at ptolemy.actor.Manager$PtolemyRunThread.run(Manager.java:1915)
]]></system-err>
</testsuite>
