<?xml version="1.0" encoding="UTF-8" ?>
<testsuite errors="0" failures="0" hostname="travis-job-14e41439-803a-407d-b4f0-f4377fb7855c" name="ptolemy.domains.modal.test.junit.JUnitTclTest" skipped="0" tests="148" time="10.305" timestamp="2019-03-31T03:57:49">
  <properties>
[...]
</properties>
  <testcase classname="ptolemy.util.test.junit.TclTests" name="[0] /home/travis/build/icyphy/ptII/ptolemy/domains/modal/test/SystemLevelType.tcl (RunTclFile)" time="1.921" />
  <testcase classname="ptolemy.util.test.junit.AutoKnownFailedTests" name="[0] /home/travis/build/icyphy/ptII/ptolemy/domains/modal/test/auto/knownFailedTests/CannotAnalysisWithPreemption.xml (RunModel)" time="0.121" />
  <testcase classname="ptolemy.util.test.junit.AutoNameArchTests" name="[0] ThereAreNoAutoArchTests (RunModel)" time="0.029" />
  <testcase classname="ptolemy.util.test.junit.AutoTests" name="[0] /home/travis/build/icyphy/ptII/ptolemy/domains/modal/test/auto/ABPTest.xml (RunModel)" time="0.731" />
  <testcase classname="ptolemy.util.test.junit.AutoTests" name="[1] /home/travis/build/icyphy/ptII/ptolemy/domains/modal/test/auto/ABROFlat.xml (RunModel)" time="0.079" />
  <testcase classname="ptolemy.util.test.junit.AutoTests" name="[2] /home/travis/build/icyphy/ptII/ptolemy/domains/modal/test/auto/ABROFlat2.xml (RunModel)" time="0.095" />
  <testcase classname="ptolemy.util.test.junit.AutoTests" name="[3] /home/travis/build/icyphy/ptII/ptolemy/domains/modal/test/auto/ABRO_present_hmm.xml (RunModel)" time="0.159" />
  <testcase classname="ptolemy.util.test.junit.AutoTests" name="[4] /home/travis/build/icyphy/ptII/ptolemy/domains/modal/test/auto/AMICoderExample.xml (RunModel)" time="0.063" />
  <testcase classname="ptolemy.util.test.junit.AutoTests" name="[5] /home/travis/build/icyphy/ptII/ptolemy/domains/modal/test/auto/AbsentToPresent.xml (RunModel)" time="0.025" />
  <testcase classname="ptolemy.util.test.junit.AutoTests" name="[6] /home/travis/build/icyphy/ptII/ptolemy/domains/modal/test/auto/Blending.xml (RunModel)" time="0.288" />
  <testcase classname="ptolemy.util.test.junit.AutoTests" name="[7] /home/travis/build/icyphy/ptII/ptolemy/domains/modal/test/auto/Broadcast.xml (RunModel)" time="0.057" />
  <testcase classname="ptolemy.util.test.junit.AutoTests" name="[8] /home/travis/build/icyphy/ptII/ptolemy/domains/modal/test/auto/BroadcastHierarchy.xml (RunModel)" time="0.072" />
  <testcase classname="ptolemy.util.test.junit.AutoTests" name="[9] /home/travis/build/icyphy/ptII/ptolemy/domains/modal/test/auto/BroadcastHierarchy2.xml (RunModel)" time="0.119" />
  <testcase classname="ptolemy.util.test.junit.AutoTests" name="[10] /home/travis/build/icyphy/ptII/ptolemy/domains/modal/test/auto/BroadcastHierarchy3.xml (RunModel)" time="0.083" />
  <testcase classname="ptolemy.util.test.junit.AutoTests" name="[11] /home/travis/build/icyphy/ptII/ptolemy/domains/modal/test/auto/BroadcastHierarchy4.xml (RunModel)" time="0.16" />
  <testcase classname="ptolemy.util.test.junit.AutoTests" name="[12] /home/travis/build/icyphy/ptII/ptolemy/domains/modal/test/auto/CannotAnalysisWithPreemption2.xml (RunModel)" time="0.032" />
  <testcase classname="ptolemy.util.test.junit.AutoTests" name="[13] /home/travis/build/icyphy/ptII/ptolemy/domains/modal/test/auto/CannotAnalysisWithPreemption3.xml (RunModel)" time="0.05" />
  <testcase classname="ptolemy.util.test.junit.AutoTests" name="[14] /home/travis/build/icyphy/ptII/ptolemy/domains/modal/test/auto/CannotProduce.xml (RunModel)" time="0.034" />
  <testcase classname="ptolemy.util.test.junit.AutoTests" name="[15] /home/travis/build/icyphy/ptII/ptolemy/domains/modal/test/auto/CannotProduceModal.xml (RunModel)" time="0.029" />
  <testcase classname="ptolemy.util.test.junit.AutoTests" name="[16] /home/travis/build/icyphy/ptII/ptolemy/domains/modal/test/auto/Case.xml (RunModel)" time="0.075" />
  <testcase classname="ptolemy.util.test.junit.AutoTests" name="[17] /home/travis/build/icyphy/ptII/ptolemy/domains/modal/test/auto/Case1.xml (RunModel)" time="0.031" />
  <testcase classname="ptolemy.util.test.junit.AutoTests" name="[18] /home/travis/build/icyphy/ptII/ptolemy/domains/modal/test/auto/Case2.xml (RunModel)" time="0.062" />
  <testcase classname="ptolemy.util.test.junit.AutoTests" name="[19] /home/travis/build/icyphy/ptII/ptolemy/domains/modal/test/auto/CausalityInterface1.xml (RunModel)" time="0.028" />
  <testcase classname="ptolemy.util.test.junit.AutoTests" name="[20] /home/travis/build/icyphy/ptII/ptolemy/domains/modal/test/auto/CausalityInterface10.xml (RunModel)" time="0.064" />
  <testcase classname="ptolemy.util.test.junit.AutoTests" name="[21] /home/travis/build/icyphy/ptII/ptolemy/domains/modal/test/auto/CausalityInterface11.xml (RunModel)" time="0.06" />
  <testcase classname="ptolemy.util.test.junit.AutoTests" name="[22] /home/travis/build/icyphy/ptII/ptolemy/domains/modal/test/auto/CausalityInterface12.xml (RunModel)" time="0.051" />
  <testcase classname="ptolemy.util.test.junit.AutoTests" name="[23] /home/travis/build/icyphy/ptII/ptolemy/domains/modal/test/auto/CausalityInterface13.xml (RunModel)" time="0.056" />
  <testcase classname="ptolemy.util.test.junit.AutoTests" name="[24] /home/travis/build/icyphy/ptII/ptolemy/domains/modal/test/auto/CausalityInterface14.xml (RunModel)" time="0.061" />
  <testcase classname="ptolemy.util.test.junit.AutoTests" name="[25] /home/travis/build/icyphy/ptII/ptolemy/domains/modal/test/auto/CausalityInterface2.xml (RunModel)" time="0.035" />
  <testcase classname="ptolemy.util.test.junit.AutoTests" name="[26] /home/travis/build/icyphy/ptII/ptolemy/domains/modal/test/auto/CausalityInterface3.xml (RunModel)" time="0.023" />
  <testcase classname="ptolemy.util.test.junit.AutoTests" name="[27] /home/travis/build/icyphy/ptII/ptolemy/domains/modal/test/auto/CausalityInterface4.xml (RunModel)" time="0.025" />
  <testcase classname="ptolemy.util.test.junit.AutoTests" name="[28] /home/travis/build/icyphy/ptII/ptolemy/domains/modal/test/auto/CausalityInterface5.xml (RunModel)" time="0.044" />
  <testcase classname="ptolemy.util.test.junit.AutoTests" name="[29] /home/travis/build/icyphy/ptII/ptolemy/domains/modal/test/auto/CausalityInterface6.xml (RunModel)" time="0.035" />
  <testcase classname="ptolemy.util.test.junit.AutoTests" name="[30] /home/travis/build/icyphy/ptII/ptolemy/domains/modal/test/auto/CausalityInterface7.xml (RunModel)" time="0.051" />
  <testcase classname="ptolemy.util.test.junit.AutoTests" name="[31] /home/travis/build/icyphy/ptII/ptolemy/domains/modal/test/auto/CausalityInterface8.xml (RunModel)" time="0.04" />
  <testcase classname="ptolemy.util.test.junit.AutoTests" name="[32] /home/travis/build/icyphy/ptII/ptolemy/domains/modal/test/auto/CausalityInterface9.xml (RunModel)" time="0.035" />
  <testcase classname="ptolemy.util.test.junit.AutoTests" name="[33] /home/travis/build/icyphy/ptII/ptolemy/domains/modal/test/auto/ChainedTransitions.xml (RunModel)" time="0.144" />
  <testcase classname="ptolemy.util.test.junit.AutoTests" name="[34] /home/travis/build/icyphy/ptII/ptolemy/domains/modal/test/auto/CycleOfImmediateTransitionsFSM.xml (RunModel)" time="0.022" />
  <testcase classname="ptolemy.util.test.junit.AutoTests" name="[35] /home/travis/build/icyphy/ptII/ptolemy/domains/modal/test/auto/CycleOfImmediateTransitionsModal.xml (RunModel)" time="0.027" />
  <testcase classname="ptolemy.util.test.junit.AutoTests" name="[36] /home/travis/build/icyphy/ptII/ptolemy/domains/modal/test/auto/CycleOfImmediateTransitionsModal2.xml (RunModel)" time="0.032" />
  <testcase classname="ptolemy.util.test.junit.AutoTests" name="[37] /home/travis/build/icyphy/ptII/ptolemy/domains/modal/test/auto/CycleOfImmediateTransitionsModal3.xml (RunModel)" time="0.075" />
  <testcase classname="ptolemy.util.test.junit.AutoTests" name="[38] /home/travis/build/icyphy/ptII/ptolemy/domains/modal/test/auto/DeepModal1.xml (RunModel)" time="0.054" />
  <testcase classname="ptolemy.util.test.junit.AutoTests" name="[39] /home/travis/build/icyphy/ptII/ptolemy/domains/modal/test/auto/DeepModal2.xml (RunModel)" time="0.087" />
  <testcase classname="ptolemy.util.test.junit.AutoTests" name="[40] /home/travis/build/icyphy/ptII/ptolemy/domains/modal/test/auto/DeepModal3.xml (RunModel)" time="0.067" />
  <testcase classname="ptolemy.util.test.junit.AutoTests" name="[41] /home/travis/build/icyphy/ptII/ptolemy/domains/modal/test/auto/DeepModal4.xml (RunModel)" time="0.085" />
  <testcase classname="ptolemy.util.test.junit.AutoTests" name="[42] /home/travis/build/icyphy/ptII/ptolemy/domains/modal/test/auto/Default1.xml (RunModel)" time="0.028" />
  <testcase classname="ptolemy.util.test.junit.AutoTests" name="[43] /home/travis/build/icyphy/ptII/ptolemy/domains/modal/test/auto/Default2.xml (RunModel)" time="0.02" />
  <testcase classname="ptolemy.util.test.junit.AutoTests" name="[44] /home/travis/build/icyphy/ptII/ptolemy/domains/modal/test/auto/Default3.xml (RunModel)" time="0.023" />
  <testcase classname="ptolemy.util.test.junit.AutoTests" name="[45] /home/travis/build/icyphy/ptII/ptolemy/domains/modal/test/auto/Default4.xml (RunModel)" time="0.02" />
  <testcase classname="ptolemy.util.test.junit.AutoTests" name="[46] /home/travis/build/icyphy/ptII/ptolemy/domains/modal/test/auto/Default5.xml (RunModel)" time="0.029" />
  <testcase classname="ptolemy.util.test.junit.AutoTests" name="[47] /home/travis/build/icyphy/ptII/ptolemy/domains/modal/test/auto/EmptyGuard.xml (RunModel)" time="0.036" />
  <testcase classname="ptolemy.util.test.junit.AutoTests" name="[48] /home/travis/build/icyphy/ptII/ptolemy/domains/modal/test/auto/ErrorTransition1.xml (RunModel)" time="0.032" />
  <testcase classname="ptolemy.util.test.junit.AutoTests" name="[49] /home/travis/build/icyphy/ptII/ptolemy/domains/modal/test/auto/ErrorTransition10.xml (RunModel)" time="0.044" />
  <testcase classname="ptolemy.util.test.junit.AutoTests" name="[50] /home/travis/build/icyphy/ptII/ptolemy/domains/modal/test/auto/ErrorTransition11.xml (RunModel)" time="0.039" />
  <testcase classname="ptolemy.util.test.junit.AutoTests" name="[51] /home/travis/build/icyphy/ptII/ptolemy/domains/modal/test/auto/ErrorTransition2.xml (RunModel)" time="0.025" />
  <testcase classname="ptolemy.util.test.junit.AutoTests" name="[52] /home/travis/build/icyphy/ptII/ptolemy/domains/modal/test/auto/ErrorTransition3.xml (RunModel)" time="0.036" />
  <testcase classname="ptolemy.util.test.junit.AutoTests" name="[53] /home/travis/build/icyphy/ptII/ptolemy/domains/modal/test/auto/ErrorTransition4.xml (RunModel)" time="0.041" />
  <testcase classname="ptolemy.util.test.junit.AutoTests" name="[54] /home/travis/build/icyphy/ptII/ptolemy/domains/modal/test/auto/ErrorTransition5.xml (RunModel)" time="0.028" />
  <testcase classname="ptolemy.util.test.junit.AutoTests" name="[55] /home/travis/build/icyphy/ptII/ptolemy/domains/modal/test/auto/ErrorTransition6.xml (RunModel)" time="0.033" />
  <testcase classname="ptolemy.util.test.junit.AutoTests" name="[56] /home/travis/build/icyphy/ptII/ptolemy/domains/modal/test/auto/ErrorTransition7.xml (RunModel)" time="0.042" />
  <testcase classname="ptolemy.util.test.junit.AutoTests" name="[57] /home/travis/build/icyphy/ptII/ptolemy/domains/modal/test/auto/ErrorTransition8.xml (RunModel)" time="0.073" />
  <testcase classname="ptolemy.util.test.junit.AutoTests" name="[58] /home/travis/build/icyphy/ptII/ptolemy/domains/modal/test/auto/ErrorTransition9.xml (RunModel)" time="0.042" />
  <testcase classname="ptolemy.util.test.junit.AutoTests" name="[59] /home/travis/build/icyphy/ptII/ptolemy/domains/modal/test/auto/ExtendedFSM.xml (RunModel)" time="0.022" />
  <testcase classname="ptolemy.util.test.junit.AutoTests" name="[60] /home/travis/build/icyphy/ptII/ptolemy/domains/modal/test/auto/FinalStates.xml (RunModel)" time="0.025" />
  <testcase classname="ptolemy.util.test.junit.AutoTests" name="[61] /home/travis/build/icyphy/ptII/ptolemy/domains/modal/test/auto/FixedPointFSM.xml (RunModel)" time="0.047" />
  <testcase classname="ptolemy.util.test.junit.AutoTests" name="[62] /home/travis/build/icyphy/ptII/ptolemy/domains/modal/test/auto/FixedPointIterationFSMActor.xml (RunModel)" time="0.031" />
  <testcase classname="ptolemy.util.test.junit.AutoTests" name="[63] /home/travis/build/icyphy/ptII/ptolemy/domains/modal/test/auto/FixedPointIterationFSMActor2.xml (RunModel)" time="0.037" />
  <testcase classname="ptolemy.util.test.junit.AutoTests" name="[64] /home/travis/build/icyphy/ptII/ptolemy/domains/modal/test/auto/ForbiddenInstantanousLoop.xml (RunModel)" time="0.033" />
  <testcase classname="ptolemy.util.test.junit.AutoTests" name="[65] /home/travis/build/icyphy/ptII/ptolemy/domains/modal/test/auto/FunctionDependencyOfFSMActorTest.xml (RunModel)" time="0.033" />
  <testcase classname="ptolemy.util.test.junit.AutoTests" name="[66] /home/travis/build/icyphy/ptII/ptolemy/domains/modal/test/auto/GuardExpression.xml (RunModel)" time="0.021" />
  <testcase classname="ptolemy.util.test.junit.AutoTests" name="[67] /home/travis/build/icyphy/ptII/ptolemy/domains/modal/test/auto/GuardNotEvaluated.xml (RunModel)" time="0.029" />
  <testcase classname="ptolemy.util.test.junit.AutoTests" name="[68] /home/travis/build/icyphy/ptII/ptolemy/domains/modal/test/auto/GuardNotEvaluated2.xml (RunModel)" time="0.025" />
  <testcase classname="ptolemy.util.test.junit.AutoTests" name="[69] /home/travis/build/icyphy/ptII/ptolemy/domains/modal/test/auto/GuardOnAbsent.xml (RunModel)" time="0.024" />
  <testcase classname="ptolemy.util.test.junit.AutoTests" name="[70] /home/travis/build/icyphy/ptII/ptolemy/domains/modal/test/auto/HierarchicalFSMTypeInference.xml (RunModel)" time="0.04" />
  <testcase classname="ptolemy.util.test.junit.AutoTests" name="[71] /home/travis/build/icyphy/ptII/ptolemy/domains/modal/test/auto/Hysteresis.xml (RunModel)" time="0.042" />
  <testcase classname="ptolemy.util.test.junit.AutoTests" name="[72] /home/travis/build/icyphy/ptII/ptolemy/domains/modal/test/auto/HysteresisWithDefault.xml (RunModel)" time="0.069" />
  <testcase classname="ptolemy.util.test.junit.AutoTests" name="[73] /home/travis/build/icyphy/ptII/ptolemy/domains/modal/test/auto/HysteresisWithDefault2.xml (RunModel)" time="0.083" />
  <testcase classname="ptolemy.util.test.junit.AutoTests" name="[74] /home/travis/build/icyphy/ptII/ptolemy/domains/modal/test/auto/ImmediateNonConstructiveness.xml (RunModel)" time="0.021" />
  <testcase classname="ptolemy.util.test.junit.AutoTests" name="[75] /home/travis/build/icyphy/ptII/ptolemy/domains/modal/test/auto/ImmediateNonConstructiveness2.xml (RunModel)" time="0.019" />
  <testcase classname="ptolemy.util.test.junit.AutoTests" name="[76] /home/travis/build/icyphy/ptII/ptolemy/domains/modal/test/auto/ImmediateTransitionReset.xml (RunModel)" time="0.04" />
  <testcase classname="ptolemy.util.test.junit.AutoTests" name="[77] /home/travis/build/icyphy/ptII/ptolemy/domains/modal/test/auto/ImmediateTransitions1.xml (RunModel)" time="0.013" />
  <testcase classname="ptolemy.util.test.junit.AutoTests" name="[78] /home/travis/build/icyphy/ptII/ptolemy/domains/modal/test/auto/ImmediateTransitionsInstantaneousCommunication.xml (RunModel)" time="0.043" />
  <testcase classname="ptolemy.util.test.junit.AutoTests" name="[79] /home/travis/build/icyphy/ptII/ptolemy/domains/modal/test/auto/InitialImmediateTransition.xml (RunModel)" time="0.019" />
  <testcase classname="ptolemy.util.test.junit.AutoTests" name="[80] /home/travis/build/icyphy/ptII/ptolemy/domains/modal/test/auto/InitialOutputs.xml (RunModel)" time="0.018" />
  <testcase classname="ptolemy.util.test.junit.AutoTests" name="[81] /home/travis/build/icyphy/ptII/ptolemy/domains/modal/test/auto/InitialStateTransition1.xml (RunModel)" time="0.022" />
  <testcase classname="ptolemy.util.test.junit.AutoTests" name="[82] /home/travis/build/icyphy/ptII/ptolemy/domains/modal/test/auto/InitialStateTransition2.xml (RunModel)" time="0.025" />
  <testcase classname="ptolemy.util.test.junit.AutoTests" name="[83] /home/travis/build/icyphy/ptII/ptolemy/domains/modal/test/auto/InitialStateTransition3.xml (RunModel)" time="0.023" />
  <testcase classname="ptolemy.util.test.junit.AutoTests" name="[84] /home/travis/build/icyphy/ptII/ptolemy/domains/modal/test/auto/InitialStateTransition4.xml (RunModel)" time="0.026" />
  <testcase classname="ptolemy.util.test.junit.AutoTests" name="[85] /home/travis/build/icyphy/ptII/ptolemy/domains/modal/test/auto/MalformedGuardExpressionNotCaught.xml (RunModel)" time="0.026" />
  <testcase classname="ptolemy.util.test.junit.AutoTests" name="[86] /home/travis/build/icyphy/ptII/ptolemy/domains/modal/test/auto/ModalBSC.xml (RunModel)" time="0.082" />
  <testcase classname="ptolemy.util.test.junit.AutoTests" name="[87] /home/travis/build/icyphy/ptII/ptolemy/domains/modal/test/auto/ModalClocks.xml (RunModel)" time="0.074" />
  <testcase classname="ptolemy.util.test.junit.AutoTests" name="[88] /home/travis/build/icyphy/ptII/ptolemy/domains/modal/test/auto/ModalDelay.xml (RunModel)" time="0.049" />
  <testcase classname="ptolemy.util.test.junit.AutoTests" name="[89] /home/travis/build/icyphy/ptII/ptolemy/domains/modal/test/auto/ModalDelay2.xml (RunModel)" time="0.036" />
  <testcase classname="ptolemy.util.test.junit.AutoTests" name="[90] /home/travis/build/icyphy/ptII/ptolemy/domains/modal/test/auto/ModalModelFromMemo.xml (RunModel)" time="0.05" />
  <testcase classname="ptolemy.util.test.junit.AutoTests" name="[91] /home/travis/build/icyphy/ptII/ptolemy/domains/modal/test/auto/ModalModelWithMultirateTransient.xml (RunModel)" time="0.055" />
  <testcase classname="ptolemy.util.test.junit.AutoTests" name="[92] /home/travis/build/icyphy/ptII/ptolemy/domains/modal/test/auto/ModalModelWithReset.xml (RunModel)" time="0.041" />
  <testcase classname="ptolemy.util.test.junit.AutoTests" name="[93] /home/travis/build/icyphy/ptII/ptolemy/domains/modal/test/auto/MouseClickFSM.xml (RunModel)" time="0.042" />
  <testcase classname="ptolemy.util.test.junit.AutoTests" name="[94] /home/travis/build/icyphy/ptII/ptolemy/domains/modal/test/auto/MouseClickFSMModal.xml (RunModel)" time="0.031" />
  <testcase classname="ptolemy.util.test.junit.AutoTests" name="[95] /home/travis/build/icyphy/ptII/ptolemy/domains/modal/test/auto/NonStrictFSM_FeedbackLoop.xml (RunModel)" time="0.049" />
  <testcase classname="ptolemy.util.test.junit.AutoTests" name="[96] /home/travis/build/icyphy/ptII/ptolemy/domains/modal/test/auto/NonStrictFSM_FeedbackLoop_Refinement.xml (RunModel)" time="0.059" />
  <testcase classname="ptolemy.util.test.junit.AutoTests" name="[97] /home/travis/build/icyphy/ptII/ptolemy/domains/modal/test/auto/NonStrictFSM_FeedbackLoop_preemptive.xml (RunModel)" time="0.037" />
  <testcase classname="ptolemy.util.test.junit.AutoTests" name="[98] /home/travis/build/icyphy/ptII/ptolemy/domains/modal/test/auto/NormalTermination.xml (RunModel)" time="0.043" />
  <testcase classname="ptolemy.util.test.junit.AutoTests" name="[99] /home/travis/build/icyphy/ptII/ptolemy/domains/modal/test/auto/Pong.xml (RunModel)" time="0.049" />
  <testcase classname="ptolemy.util.test.junit.AutoTests" name="[100] /home/travis/build/icyphy/ptII/ptolemy/domains/modal/test/auto/Pong_test.xml (RunModel)" time="0.074" />
  <testcase classname="ptolemy.util.test.junit.AutoTests" name="[101] /home/travis/build/icyphy/ptII/ptolemy/domains/modal/test/auto/PreemptionHierarchy.xml (RunModel)" time="0.023" />
  <testcase classname="ptolemy.util.test.junit.AutoTests" name="[102] /home/travis/build/icyphy/ptII/ptolemy/domains/modal/test/auto/PreemptionHierarchy2.xml (RunModel)" time="0.028" />
  <testcase classname="ptolemy.util.test.junit.AutoTests" name="[103] /home/travis/build/icyphy/ptII/ptolemy/domains/modal/test/auto/PreemptiveTransition.xml (RunModel)" time="0.017" />
  <testcase classname="ptolemy.util.test.junit.AutoTests" name="[104] /home/travis/build/icyphy/ptII/ptolemy/domains/modal/test/auto/Priorities.xml (RunModel)" time="0.068" />
  <testcase classname="ptolemy.util.test.junit.AutoTests" name="[105] /home/travis/build/icyphy/ptII/ptolemy/domains/modal/test/auto/ResetFinal.xml (RunModel)" time="0.033" />
  <testcase classname="ptolemy.util.test.junit.AutoTests" name="[106] /home/travis/build/icyphy/ptII/ptolemy/domains/modal/test/auto/ResetFinal2.xml (RunModel)" time="0.026" />
  <testcase classname="ptolemy.util.test.junit.AutoTests" name="[107] /home/travis/build/icyphy/ptII/ptolemy/domains/modal/test/auto/ResetTransitionWithStartTime.xml (RunModel)" time="0.024" />
  <testcase classname="ptolemy.util.test.junit.AutoTests" name="[108] /home/travis/build/icyphy/ptII/ptolemy/domains/modal/test/auto/SDF-FSMComposite.xml (RunModel)" time="0.019" />
  <testcase classname="ptolemy.util.test.junit.AutoTests" name="[109] /home/travis/build/icyphy/ptII/ptolemy/domains/modal/test/auto/SeeminglyNondeterminate.xml (RunModel)" time="0.056" />
  <testcase classname="ptolemy.util.test.junit.AutoTests" name="[110] /home/travis/build/icyphy/ptII/ptolemy/domains/modal/test/auto/SeeminglyNondeterminate2.xml (RunModel)" time="0.062" />
  <testcase classname="ptolemy.util.test.junit.AutoTests" name="[111] /home/travis/build/icyphy/ptII/ptolemy/domains/modal/test/auto/SpontaneousFSM.xml (RunModel)" time="0.042" />
  <testcase classname="ptolemy.util.test.junit.AutoTests" name="[112] /home/travis/build/icyphy/ptII/ptolemy/domains/modal/test/auto/SpontaneousFSM2.xml (RunModel)" time="0.036" />
  <testcase classname="ptolemy.util.test.junit.AutoTests" name="[113] /home/travis/build/icyphy/ptII/ptolemy/domains/modal/test/auto/SpontaneousFSM3.xml (RunModel)" time="0.047" />
  <testcase classname="ptolemy.util.test.junit.AutoTests" name="[114] /home/travis/build/icyphy/ptII/ptolemy/domains/modal/test/auto/SpontaneousFSM4.xml (RunModel)" time="0.069" />
  <testcase classname="ptolemy.util.test.junit.AutoTests" name="[115] /home/travis/build/icyphy/ptII/ptolemy/domains/modal/test/auto/StateTrackerTest.xml (RunModel)" time="0.068" />
  <testcase classname="ptolemy.util.test.junit.AutoTests" name="[116] /home/travis/build/icyphy/ptII/ptolemy/domains/modal/test/auto/StrongImmediateTransition.xml (RunModel)" time="0.029" />
  <testcase classname="ptolemy.util.test.junit.AutoTests" name="[117] /home/travis/build/icyphy/ptII/ptolemy/domains/modal/test/auto/SustainHierarchy.xml (RunModel)" time="0.036" />
  <testcase classname="ptolemy.util.test.junit.AutoTests" name="[118] /home/travis/build/icyphy/ptII/ptolemy/domains/modal/test/auto/TerminationTransition1.xml (RunModel)" time="0.022" />
  <testcase classname="ptolemy.util.test.junit.AutoTests" name="[119] /home/travis/build/icyphy/ptII/ptolemy/domains/modal/test/auto/TerminationTransition2.xml (RunModel)" time="0.031" />
  <testcase classname="ptolemy.util.test.junit.AutoTests" name="[120] /home/travis/build/icyphy/ptII/ptolemy/domains/modal/test/auto/TerminationTransition3.xml (RunModel)" time="0.03" />
  <testcase classname="ptolemy.util.test.junit.AutoTests" name="[121] /home/travis/build/icyphy/ptII/ptolemy/domains/modal/test/auto/TerminationTransition4.xml (RunModel)" time="0.038" />
  <testcase classname="ptolemy.util.test.junit.AutoTests" name="[122] /home/travis/build/icyphy/ptII/ptolemy/domains/modal/test/auto/TerminationTransition5.xml (RunModel)" time="0.032" />
  <testcase classname="ptolemy.util.test.junit.AutoTests" name="[123] /home/travis/build/icyphy/ptII/ptolemy/domains/modal/test/auto/TerminationTransition6.xml (RunModel)" time="0.023" />
  <testcase classname="ptolemy.util.test.junit.AutoTests" name="[124] /home/travis/build/icyphy/ptII/ptolemy/domains/modal/test/auto/TerminationTransition7.xml (RunModel)" time="0.027" />
  <testcase classname="ptolemy.util.test.junit.AutoTests" name="[125] /home/travis/build/icyphy/ptII/ptolemy/domains/modal/test/auto/TerminationTransition8.xml (RunModel)" time="0.035" />
  <testcase classname="ptolemy.util.test.junit.AutoTests" name="[126] /home/travis/build/icyphy/ptII/ptolemy/domains/modal/test/auto/Thermostat_NoHysteresis.xml (RunModel)" time="0.054" />
  <testcase classname="ptolemy.util.test.junit.AutoTests" name="[127] /home/travis/build/icyphy/ptII/ptolemy/domains/modal/test/auto/TimedFSM.xml (RunModel)" time="0.032" />
  <testcase classname="ptolemy.util.test.junit.AutoTests" name="[128] /home/travis/build/icyphy/ptII/ptolemy/domains/modal/test/auto/Timeout1.xml (RunModel)" time="0.013" />
  <testcase classname="ptolemy.util.test.junit.AutoTests" name="[129] /home/travis/build/icyphy/ptII/ptolemy/domains/modal/test/auto/Timeout2.xml (RunModel)" time="0.019" />
  <testcase classname="ptolemy.util.test.junit.AutoTests" name="[130] /home/travis/build/icyphy/ptII/ptolemy/domains/modal/test/auto/Timeout3.xml (RunModel)" time="0.016" />
  <testcase classname="ptolemy.util.test.junit.AutoTests" name="[131] /home/travis/build/icyphy/ptII/ptolemy/domains/modal/test/auto/Timeout4.xml (RunModel)" time="0.022" />
  <testcase classname="ptolemy.util.test.junit.AutoTests" name="[132] /home/travis/build/icyphy/ptII/ptolemy/domains/modal/test/auto/TransientstateModelAdvanced.xml (RunModel)" time="0.026" />
  <testcase classname="ptolemy.util.test.junit.AutoTests" name="[133] /home/travis/build/icyphy/ptII/ptolemy/domains/modal/test/auto/TransientstateModelAdvanced2.xml (RunModel)" time="0.03" />
  <testcase classname="ptolemy.util.test.junit.AutoTests" name="[134] /home/travis/build/icyphy/ptII/ptolemy/domains/modal/test/auto/TransitionRefinements.xml (RunModel)" time="0.028" />
  <testcase classname="ptolemy.util.test.junit.AutoTests" name="[135] /home/travis/build/icyphy/ptII/ptolemy/domains/modal/test/auto/TwoRefinements1.xml (RunModel)" time="0.025" />
  <testcase classname="ptolemy.util.test.junit.AutoTests" name="[136] /home/travis/build/icyphy/ptII/ptolemy/domains/modal/test/auto/TwoRefinements2.xml (RunModel)" time="0.027" />
  <testcase classname="ptolemy.util.test.junit.AutoTests" name="[137] /home/travis/build/icyphy/ptII/ptolemy/domains/modal/test/auto/WeakImmediateTransition.xml (RunModel)" time="0.027" />
  <testcase classname="ptolemy.util.test.junit.AutoTests" name="[138] /home/travis/build/icyphy/ptII/ptolemy/domains/modal/test/auto/booleanSelect.xml (RunModel)" time="0.073" />
  <testcase classname="ptolemy.util.test.junit.AutoTests" name="[139] /home/travis/build/icyphy/ptII/ptolemy/domains/modal/test/auto/modalChangingParams.xml (RunModel)" time="0.253" />
  <testcase classname="ptolemy.util.test.junit.AutoTests" name="[140] /home/travis/build/icyphy/ptII/ptolemy/domains/modal/test/auto/modalModel.xml (RunModel)" time="0.02" />
  <testcase classname="ptolemy.util.test.junit.AutoTests" name="[141] /home/travis/build/icyphy/ptII/ptolemy/domains/modal/test/auto/modalModel2.xml (RunModel)" time="0.025" />
  <testcase classname="ptolemy.util.test.junit.AutoTests" name="[142] /home/travis/build/icyphy/ptII/ptolemy/domains/modal/test/auto/modalModel3.xml (RunModel)" time="0.035" />
  <testcase classname="ptolemy.util.test.junit.AutoTests" name="[143] /home/travis/build/icyphy/ptII/ptolemy/domains/modal/test/auto/model1.xml (RunModel)" time="0.023" />
  <testcase classname="ptolemy.util.test.junit.AutoTests" name="[144] /home/travis/build/icyphy/ptII/ptolemy/domains/modal/test/auto/test-direct-in-out.xml (RunModel)" time="0.025" />
  <system-out><![CDATA[/home/travis/build/icyphy/ptII/ptolemy/domains/modal/test/SystemLevelType.tcl
testDefs.tcl: setting time out to 9000 seconds at Sun Mar 31 03:57:49 UTC 2019
03/31/19 03:57:51
Failed: 0  Total Tests: 1  ((Passed: 1, Newly Passed: 0)  Known Failed: 0) /home/travis/build/icyphy/ptII/ptolemy/domains/modal/test
----------------- testing (KnownFailure) /home/travis/build/icyphy/ptII/ptolemy/domains/modal/test/auto/knownFailedTests/CannotAnalysisWithPreemption.xml
28 ms. Memory: 208384K Free: 81765K (39%)
Known Failure: java.lang.reflect.InvocationTargetException
No auto/linux-amd64/*.xml tests in /home/travis/build/icyphy/ptII/ptolemy/domains/modal/test
AutoTests.java: About to close Vertx.
AutoTests.java: Vertx closed.

===========================================================================================
----------------- testing Sun Mar 31 03:57:51 UTC 2019 /home/travis/build/icyphy/ptII/ptolemy/domains/modal/test/auto/ABPTest.xml
----------------- Instantiating /home/travis/build/icyphy/ptII/ptolemy/domains/modal/test/auto/ABPTest.xml
325 ms. Memory: 332288K Free: 312526K (94%)
----------------- Invoking toplevel() on ptolemy.moml.MoMLSimpleApplication@5782f5f0
----------------- Done invoking toplevel() on ptolemy.moml.MoMLSimpleApplication@5782f5f0
reloadAllAccessors: .ABPTest

===========================================================================================
----------------- testing Sun Mar 31 03:57:52 UTC 2019 /home/travis/build/icyphy/ptII/ptolemy/domains/modal/test/auto/ABROFlat.xml
----------------- Instantiating /home/travis/build/icyphy/ptII/ptolemy/domains/modal/test/auto/ABROFlat.xml
17 ms. Memory: 332288K Free: 290524K (87%)
----------------- Invoking toplevel() on ptolemy.moml.MoMLSimpleApplication@5192e046
----------------- Done invoking toplevel() on ptolemy.moml.MoMLSimpleApplication@5192e046
reloadAllAccessors: .ABROFlat

===========================================================================================
----------------- testing Sun Mar 31 03:57:52 UTC 2019 /home/travis/build/icyphy/ptII/ptolemy/domains/modal/test/auto/ABROFlat2.xml
----------------- Instantiating /home/travis/build/icyphy/ptII/ptolemy/domains/modal/test/auto/ABROFlat2.xml
23 ms. Memory: 332288K Free: 272510K (82%)
----------------- Invoking toplevel() on ptolemy.moml.MoMLSimpleApplication@1e040ba6
----------------- Done invoking toplevel() on ptolemy.moml.MoMLSimpleApplication@1e040ba6
reloadAllAccessors: .ABROFlat2

===========================================================================================
----------------- testing Sun Mar 31 03:57:52 UTC 2019 /home/travis/build/icyphy/ptII/ptolemy/domains/modal/test/auto/ABRO_present_hmm.xml
----------------- Instantiating /home/travis/build/icyphy/ptII/ptolemy/domains/modal/test/auto/ABRO_present_hmm.xml
37 ms. Memory: 332288K Free: 241479K (73%)
----------------- Invoking toplevel() on ptolemy.moml.MoMLSimpleApplication@440f41ff
----------------- Done invoking toplevel() on ptolemy.moml.MoMLSimpleApplication@440f41ff
reloadAllAccessors: .ABRO_present_hmm

===========================================================================================
----------------- testing Sun Mar 31 03:57:52 UTC 2019 /home/travis/build/icyphy/ptII/ptolemy/domains/modal/test/auto/AMICoderExample.xml
----------------- Instantiating /home/travis/build/icyphy/ptII/ptolemy/domains/modal/test/auto/AMICoderExample.xml
26 ms. Memory: 332288K Free: 230042K (69%)
----------------- Invoking toplevel() on ptolemy.moml.MoMLSimpleApplication@664b26ae
----------------- Done invoking toplevel() on ptolemy.moml.MoMLSimpleApplication@664b26ae
reloadAllAccessors: .AMICoderExample

===========================================================================================
----------------- testing Sun Mar 31 03:57:53 UTC 2019 /home/travis/build/icyphy/ptII/ptolemy/domains/modal/test/auto/AbsentToPresent.xml
----------------- Instantiating /home/travis/build/icyphy/ptII/ptolemy/domains/modal/test/auto/AbsentToPresent.xml
6 ms. Memory: 332288K Free: 221866K (67%)
----------------- Invoking toplevel() on ptolemy.moml.MoMLSimpleApplication@6f0009b7
----------------- Done invoking toplevel() on ptolemy.moml.MoMLSimpleApplication@6f0009b7
reloadAllAccessors: .AbsentToPresent

===========================================================================================
----------------- testing Sun Mar 31 03:57:53 UTC 2019 /home/travis/build/icyphy/ptII/ptolemy/domains/modal/test/auto/Blending.xml
----------------- Instantiating /home/travis/build/icyphy/ptII/ptolemy/domains/modal/test/auto/Blending.xml
174 ms. Memory: 332288K Free: 172772K (52%)
----------------- Invoking toplevel() on ptolemy.moml.MoMLSimpleApplication@1daf3e40
----------------- Done invoking toplevel() on ptolemy.moml.MoMLSimpleApplication@1daf3e40
reloadAllAccessors: .Blending

===========================================================================================
----------------- testing Sun Mar 31 03:57:53 UTC 2019 /home/travis/build/icyphy/ptII/ptolemy/domains/modal/test/auto/Broadcast.xml
----------------- Instantiating /home/travis/build/icyphy/ptII/ptolemy/domains/modal/test/auto/Broadcast.xml
12 ms. Memory: 332288K Free: 161327K (49%)
----------------- Invoking toplevel() on ptolemy.moml.MoMLSimpleApplication@1d8e659d
----------------- Done invoking toplevel() on ptolemy.moml.MoMLSimpleApplication@1d8e659d
reloadAllAccessors: .Broadcast

===========================================================================================
----------------- testing Sun Mar 31 03:57:53 UTC 2019 /home/travis/build/icyphy/ptII/ptolemy/domains/modal/test/auto/BroadcastHierarchy.xml
----------------- Instantiating /home/travis/build/icyphy/ptII/ptolemy/domains/modal/test/auto/BroadcastHierarchy.xml
12 ms. Memory: 332288K Free: 144973K (44%)
----------------- Invoking toplevel() on ptolemy.moml.MoMLSimpleApplication@4e46ca30
----------------- Done invoking toplevel() on ptolemy.moml.MoMLSimpleApplication@4e46ca30
reloadAllAccessors: .BroadcastHierarchy

===========================================================================================
----------------- testing Sun Mar 31 03:57:53 UTC 2019 /home/travis/build/icyphy/ptII/ptolemy/domains/modal/test/auto/BroadcastHierarchy2.xml
----------------- Instantiating /home/travis/build/icyphy/ptII/ptolemy/domains/modal/test/auto/BroadcastHierarchy2.xml
27 ms. Memory: 332288K Free: 110597K (33%)
----------------- Invoking toplevel() on ptolemy.moml.MoMLSimpleApplication@21af9089
----------------- Done invoking toplevel() on ptolemy.moml.MoMLSimpleApplication@21af9089
reloadAllAccessors: .BroadcastHierarchy2

===========================================================================================
----------------- testing Sun Mar 31 03:57:53 UTC 2019 /home/travis/build/icyphy/ptII/ptolemy/domains/modal/test/auto/BroadcastHierarchy3.xml
----------------- Instantiating /home/travis/build/icyphy/ptII/ptolemy/domains/modal/test/auto/BroadcastHierarchy3.xml
24 ms. Memory: 332288K Free: 82779K (25%)
----------------- Invoking toplevel() on ptolemy.moml.MoMLSimpleApplication@4dc09a94
----------------- Done invoking toplevel() on ptolemy.moml.MoMLSimpleApplication@4dc09a94
reloadAllAccessors: .BroadcastHierarchy3

===========================================================================================
----------------- testing Sun Mar 31 03:57:53 UTC 2019 /home/travis/build/icyphy/ptII/ptolemy/domains/modal/test/auto/BroadcastHierarchy4.xml
----------------- Instantiating /home/travis/build/icyphy/ptII/ptolemy/domains/modal/test/auto/BroadcastHierarchy4.xml
20 ms. Memory: 333824K Free: 298884K (90%)
----------------- Invoking toplevel() on ptolemy.moml.MoMLSimpleApplication@56693472
----------------- Done invoking toplevel() on ptolemy.moml.MoMLSimpleApplication@56693472
reloadAllAccessors: .BroadcastHierarchy4

===========================================================================================
----------------- testing Sun Mar 31 03:57:53 UTC 2019 /home/travis/build/icyphy/ptII/ptolemy/domains/modal/test/auto/CannotAnalysisWithPreemption2.xml
----------------- Instantiating /home/travis/build/icyphy/ptII/ptolemy/domains/modal/test/auto/CannotAnalysisWithPreemption2.xml
3 ms. Memory: 333824K Free: 288524K (86%)
----------------- Invoking toplevel() on ptolemy.moml.MoMLSimpleApplication@6c3e7efc
----------------- Done invoking toplevel() on ptolemy.moml.MoMLSimpleApplication@6c3e7efc
reloadAllAccessors: .CannotAnalysisWithPreemption2

===========================================================================================
----------------- testing Sun Mar 31 03:57:53 UTC 2019 /home/travis/build/icyphy/ptII/ptolemy/domains/modal/test/auto/CannotAnalysisWithPreemption3.xml
----------------- Instantiating /home/travis/build/icyphy/ptII/ptolemy/domains/modal/test/auto/CannotAnalysisWithPreemption3.xml
9 ms. Memory: 333824K Free: 275458K (83%)
----------------- Invoking toplevel() on ptolemy.moml.MoMLSimpleApplication@5df49d00
----------------- Done invoking toplevel() on ptolemy.moml.MoMLSimpleApplication@5df49d00
reloadAllAccessors: .CannotAnalysisWithPreemption3

===========================================================================================
----------------- testing Sun Mar 31 03:57:53 UTC 2019 /home/travis/build/icyphy/ptII/ptolemy/domains/modal/test/auto/CannotProduce.xml
----------------- Instantiating /home/travis/build/icyphy/ptII/ptolemy/domains/modal/test/auto/CannotProduce.xml
10 ms. Memory: 333824K Free: 268937K (81%)
----------------- Invoking toplevel() on ptolemy.moml.MoMLSimpleApplication@2001f772
----------------- Done invoking toplevel() on ptolemy.moml.MoMLSimpleApplication@2001f772
reloadAllAccessors: .CannotProduce

===========================================================================================
----------------- testing Sun Mar 31 03:57:53 UTC 2019 /home/travis/build/icyphy/ptII/ptolemy/domains/modal/test/auto/CannotProduceModal.xml
----------------- Instantiating /home/travis/build/icyphy/ptII/ptolemy/domains/modal/test/auto/CannotProduceModal.xml
7 ms. Memory: 333824K Free: 258585K (77%)
----------------- Invoking toplevel() on ptolemy.moml.MoMLSimpleApplication@6ec42d9c
----------------- Done invoking toplevel() on ptolemy.moml.MoMLSimpleApplication@6ec42d9c
reloadAllAccessors: .CannotProduceModal

===========================================================================================
----------------- testing Sun Mar 31 03:57:53 UTC 2019 /home/travis/build/icyphy/ptII/ptolemy/domains/modal/test/auto/Case.xml
----------------- Instantiating /home/travis/build/icyphy/ptII/ptolemy/domains/modal/test/auto/Case.xml
30 ms. Memory: 333824K Free: 245512K (74%)
----------------- Invoking toplevel() on ptolemy.moml.MoMLSimpleApplication@6e2c8d05
----------------- Done invoking toplevel() on ptolemy.moml.MoMLSimpleApplication@6e2c8d05
reloadAllAccessors: .Case

===========================================================================================
----------------- testing Sun Mar 31 03:57:54 UTC 2019 /home/travis/build/icyphy/ptII/ptolemy/domains/modal/test/auto/Case1.xml
----------------- Instantiating /home/travis/build/icyphy/ptII/ptolemy/domains/modal/test/auto/Case1.xml
6 ms. Memory: 333824K Free: 237339K (71%)
----------------- Invoking toplevel() on ptolemy.moml.MoMLSimpleApplication@261b5d3e
----------------- Done invoking toplevel() on ptolemy.moml.MoMLSimpleApplication@261b5d3e
reloadAllAccessors: .Case1

===========================================================================================
----------------- testing Sun Mar 31 03:57:54 UTC 2019 /home/travis/build/icyphy/ptII/ptolemy/domains/modal/test/auto/Case2.xml
----------------- Instantiating /home/travis/build/icyphy/ptII/ptolemy/domains/modal/test/auto/Case2.xml
26 ms. Memory: 333824K Free: 223715K (67%)
----------------- Invoking toplevel() on ptolemy.moml.MoMLSimpleApplication@42bebf11
----------------- Done invoking toplevel() on ptolemy.moml.MoMLSimpleApplication@42bebf11
reloadAllAccessors: .Case2

===========================================================================================
----------------- testing Sun Mar 31 03:57:54 UTC 2019 /home/travis/build/icyphy/ptII/ptolemy/domains/modal/test/auto/CausalityInterface1.xml
----------------- Instantiating /home/travis/build/icyphy/ptII/ptolemy/domains/modal/test/auto/CausalityInterface1.xml
3 ms. Memory: 333824K Free: 217186K (65%)
----------------- Invoking toplevel() on ptolemy.moml.MoMLSimpleApplication@1d324ff1
----------------- Done invoking toplevel() on ptolemy.moml.MoMLSimpleApplication@1d324ff1
reloadAllAccessors: .CausalityInterface1

===========================================================================================
----------------- testing Sun Mar 31 03:57:54 UTC 2019 /home/travis/build/icyphy/ptII/ptolemy/domains/modal/test/auto/CausalityInterface10.xml
----------------- Instantiating /home/travis/build/icyphy/ptII/ptolemy/domains/modal/test/auto/CausalityInterface10.xml
17 ms. Memory: 333824K Free: 202476K (61%)
----------------- Invoking toplevel() on ptolemy.moml.MoMLSimpleApplication@4f4a96db
----------------- Done invoking toplevel() on ptolemy.moml.MoMLSimpleApplication@4f4a96db
reloadAllAccessors: .CausalityInterface10

===========================================================================================
----------------- testing Sun Mar 31 03:57:54 UTC 2019 /home/travis/build/icyphy/ptII/ptolemy/domains/modal/test/auto/CausalityInterface11.xml
----------------- Instantiating /home/travis/build/icyphy/ptII/ptolemy/domains/modal/test/auto/CausalityInterface11.xml
8 ms. Memory: 333824K Free: 185587K (56%)
----------------- Invoking toplevel() on ptolemy.moml.MoMLSimpleApplication@60e780b2
----------------- Done invoking toplevel() on ptolemy.moml.MoMLSimpleApplication@60e780b2
reloadAllAccessors: .CausalityInterface11

===========================================================================================
----------------- testing Sun Mar 31 03:57:54 UTC 2019 /home/travis/build/icyphy/ptII/ptolemy/domains/modal/test/auto/CausalityInterface12.xml
----------------- Instantiating /home/travis/build/icyphy/ptII/ptolemy/domains/modal/test/auto/CausalityInterface12.xml
9 ms. Memory: 333824K Free: 169241K (51%)
----------------- Invoking toplevel() on ptolemy.moml.MoMLSimpleApplication@3b6777fd
----------------- Done invoking toplevel() on ptolemy.moml.MoMLSimpleApplication@3b6777fd
reloadAllAccessors: .CausalityInterface12

===========================================================================================
----------------- testing Sun Mar 31 03:57:54 UTC 2019 /home/travis/build/icyphy/ptII/ptolemy/domains/modal/test/auto/CausalityInterface13.xml
----------------- Instantiating /home/travis/build/icyphy/ptII/ptolemy/domains/modal/test/auto/CausalityInterface13.xml
12 ms. Memory: 333824K Free: 152927K (46%)
----------------- Invoking toplevel() on ptolemy.moml.MoMLSimpleApplication@318fe024
----------------- Done invoking toplevel() on ptolemy.moml.MoMLSimpleApplication@318fe024
reloadAllAccessors: .CausalityInterface13

===========================================================================================
----------------- testing Sun Mar 31 03:57:54 UTC 2019 /home/travis/build/icyphy/ptII/ptolemy/domains/modal/test/auto/CausalityInterface14.xml
----------------- Instantiating /home/travis/build/icyphy/ptII/ptolemy/domains/modal/test/auto/CausalityInterface14.xml
11 ms. Memory: 333824K Free: 134426K (40%)
----------------- Invoking toplevel() on ptolemy.moml.MoMLSimpleApplication@4c497832
----------------- Done invoking toplevel() on ptolemy.moml.MoMLSimpleApplication@4c497832
reloadAllAccessors: .CausalityInterface14

===========================================================================================
----------------- testing Sun Mar 31 03:57:54 UTC 2019 /home/travis/build/icyphy/ptII/ptolemy/domains/modal/test/auto/CausalityInterface2.xml
----------------- Instantiating /home/travis/build/icyphy/ptII/ptolemy/domains/modal/test/auto/CausalityInterface2.xml
7 ms. Memory: 333824K Free: 126269K (38%)
----------------- Invoking toplevel() on ptolemy.moml.MoMLSimpleApplication@3ada8c84
----------------- Done invoking toplevel() on ptolemy.moml.MoMLSimpleApplication@3ada8c84
reloadAllAccessors: .CausalityInterface2

===========================================================================================
----------------- testing Sun Mar 31 03:57:54 UTC 2019 /home/travis/build/icyphy/ptII/ptolemy/domains/modal/test/auto/CausalityInterface3.xml
----------------- Instantiating /home/travis/build/icyphy/ptII/ptolemy/domains/modal/test/auto/CausalityInterface3.xml
6 ms. Memory: 333824K Free: 118128K (35%)
----------------- Invoking toplevel() on ptolemy.moml.MoMLSimpleApplication@eb464c2
----------------- Done invoking toplevel() on ptolemy.moml.MoMLSimpleApplication@eb464c2
reloadAllAccessors: .CausalityInterface3

===========================================================================================
----------------- testing Sun Mar 31 03:57:54 UTC 2019 /home/travis/build/icyphy/ptII/ptolemy/domains/modal/test/auto/CausalityInterface4.xml
----------------- Instantiating /home/travis/build/icyphy/ptII/ptolemy/domains/modal/test/auto/CausalityInterface4.xml
3 ms. Memory: 333824K Free: 107784K (32%)
----------------- Invoking toplevel() on ptolemy.moml.MoMLSimpleApplication@540ea05c
----------------- Done invoking toplevel() on ptolemy.moml.MoMLSimpleApplication@540ea05c
reloadAllAccessors: .CausalityInterface4

===========================================================================================
----------------- testing Sun Mar 31 03:57:54 UTC 2019 /home/travis/build/icyphy/ptII/ptolemy/domains/modal/test/auto/CausalityInterface5.xml
----------------- Instantiating /home/travis/build/icyphy/ptII/ptolemy/domains/modal/test/auto/CausalityInterface5.xml
18 ms. Memory: 333824K Free: 97967K (29%)
----------------- Invoking toplevel() on ptolemy.moml.MoMLSimpleApplication@4cb9fb64
----------------- Done invoking toplevel() on ptolemy.moml.MoMLSimpleApplication@4cb9fb64
reloadAllAccessors: .CausalityInterface5

===========================================================================================
----------------- testing Sun Mar 31 03:57:54 UTC 2019 /home/travis/build/icyphy/ptII/ptolemy/domains/modal/test/auto/CausalityInterface6.xml
----------------- Instantiating /home/travis/build/icyphy/ptII/ptolemy/domains/modal/test/auto/CausalityInterface6.xml
5 ms. Memory: 333824K Free: 88182K (26%)
----------------- Invoking toplevel() on ptolemy.moml.MoMLSimpleApplication@3b2624bd
----------------- Done invoking toplevel() on ptolemy.moml.MoMLSimpleApplication@3b2624bd
reloadAllAccessors: .CausalityInterface6

===========================================================================================
----------------- testing Sun Mar 31 03:57:54 UTC 2019 /home/travis/build/icyphy/ptII/ptolemy/domains/modal/test/auto/CausalityInterface7.xml
----------------- Instantiating /home/travis/build/icyphy/ptII/ptolemy/domains/modal/test/auto/CausalityInterface7.xml
8 ms. Memory: 578048K Free: 562592K (97%)
----------------- Invoking toplevel() on ptolemy.moml.MoMLSimpleApplication@79429053
----------------- Done invoking toplevel() on ptolemy.moml.MoMLSimpleApplication@79429053
reloadAllAccessors: .CausalityInterface7

===========================================================================================
----------------- testing Sun Mar 31 03:57:54 UTC 2019 /home/travis/build/icyphy/ptII/ptolemy/domains/modal/test/auto/CausalityInterface8.xml
----------------- Instantiating /home/travis/build/icyphy/ptII/ptolemy/domains/modal/test/auto/CausalityInterface8.xml
7 ms. Memory: 578048K Free: 546507K (95%)
----------------- Invoking toplevel() on ptolemy.moml.MoMLSimpleApplication@1f1615a4
----------------- Done invoking toplevel() on ptolemy.moml.MoMLSimpleApplication@1f1615a4
reloadAllAccessors: .CausalityInterface8

===========================================================================================
----------------- testing Sun Mar 31 03:57:54 UTC 2019 /home/travis/build/icyphy/ptII/ptolemy/domains/modal/test/auto/CausalityInterface9.xml
----------------- Instantiating /home/travis/build/icyphy/ptII/ptolemy/domains/modal/test/auto/CausalityInterface9.xml
6 ms. Memory: 578048K Free: 533466K (92%)
----------------- Invoking toplevel() on ptolemy.moml.MoMLSimpleApplication@7685d898
----------------- Done invoking toplevel() on ptolemy.moml.MoMLSimpleApplication@7685d898
reloadAllAccessors: .CausalityInterface9

===========================================================================================
----------------- testing Sun Mar 31 03:57:54 UTC 2019 /home/travis/build/icyphy/ptII/ptolemy/domains/modal/test/auto/ChainedTransitions.xml
----------------- Instantiating /home/travis/build/icyphy/ptII/ptolemy/domains/modal/test/auto/ChainedTransitions.xml
86 ms. Memory: 578048K Free: 504095K (87%)
----------------- Invoking toplevel() on ptolemy.moml.MoMLSimpleApplication@25714689
----------------- Done invoking toplevel() on ptolemy.moml.MoMLSimpleApplication@25714689
reloadAllAccessors: .ChainedTransitions

===========================================================================================
----------------- testing Sun Mar 31 03:57:54 UTC 2019 /home/travis/build/icyphy/ptII/ptolemy/domains/modal/test/auto/CycleOfImmediateTransitionsFSM.xml
----------------- Instantiating /home/travis/build/icyphy/ptII/ptolemy/domains/modal/test/auto/CycleOfImmediateTransitionsFSM.xml
4 ms. Memory: 578048K Free: 494310K (86%)
----------------- Invoking toplevel() on ptolemy.moml.MoMLSimpleApplication@7a24ca51
----------------- Done invoking toplevel() on ptolemy.moml.MoMLSimpleApplication@7a24ca51
reloadAllAccessors: .CycleOfImmediateTransitionsFSM

===========================================================================================
----------------- testing Sun Mar 31 03:57:54 UTC 2019 /home/travis/build/icyphy/ptII/ptolemy/domains/modal/test/auto/CycleOfImmediateTransitionsModal.xml
----------------- Instantiating /home/travis/build/icyphy/ptII/ptolemy/domains/modal/test/auto/CycleOfImmediateTransitionsModal.xml
4 ms. Memory: 578048K Free: 481481K (83%)
----------------- Invoking toplevel() on ptolemy.moml.MoMLSimpleApplication@3fc6587e
----------------- Done invoking toplevel() on ptolemy.moml.MoMLSimpleApplication@3fc6587e
reloadAllAccessors: .CycleOfImmediateTransitionsModal

===========================================================================================
----------------- testing Sun Mar 31 03:57:55 UTC 2019 /home/travis/build/icyphy/ptII/ptolemy/domains/modal/test/auto/CycleOfImmediateTransitionsModal2.xml
----------------- Instantiating /home/travis/build/icyphy/ptII/ptolemy/domains/modal/test/auto/CycleOfImmediateTransitionsModal2.xml
4 ms. Memory: 578048K Free: 471696K (82%)
----------------- Invoking toplevel() on ptolemy.moml.MoMLSimpleApplication@7206a947
----------------- Done invoking toplevel() on ptolemy.moml.MoMLSimpleApplication@7206a947
reloadAllAccessors: .CycleOfImmediateTransitionsModal2

===========================================================================================
----------------- testing Sun Mar 31 03:57:55 UTC 2019 /home/travis/build/icyphy/ptII/ptolemy/domains/modal/test/auto/CycleOfImmediateTransitionsModal3.xml
----------------- Instantiating /home/travis/build/icyphy/ptII/ptolemy/domains/modal/test/auto/CycleOfImmediateTransitionsModal3.xml
12 ms. Memory: 578048K Free: 442341K (77%)
----------------- Invoking toplevel() on ptolemy.moml.MoMLSimpleApplication@43e3a44d
----------------- Done invoking toplevel() on ptolemy.moml.MoMLSimpleApplication@43e3a44d
reloadAllAccessors: .CycleOfImmediateTransitionsModal3

===========================================================================================
----------------- testing Sun Mar 31 03:57:55 UTC 2019 /home/travis/build/icyphy/ptII/ptolemy/domains/modal/test/auto/DeepModal1.xml
----------------- Instantiating /home/travis/build/icyphy/ptII/ptolemy/domains/modal/test/auto/DeepModal1.xml
26 ms. Memory: 578048K Free: 426027K (74%)
----------------- Invoking toplevel() on ptolemy.moml.MoMLSimpleApplication@568da8e6
----------------- Done invoking toplevel() on ptolemy.moml.MoMLSimpleApplication@568da8e6
reloadAllAccessors: .DeepModal1

===========================================================================================
----------------- testing Sun Mar 31 03:57:55 UTC 2019 /home/travis/build/icyphy/ptII/ptolemy/domains/modal/test/auto/DeepModal2.xml
----------------- Instantiating /home/travis/build/icyphy/ptII/ptolemy/domains/modal/test/auto/DeepModal2.xml
28 ms. Memory: 578048K Free: 400157K (69%)
----------------- Invoking toplevel() on ptolemy.moml.MoMLSimpleApplication@21bff6af
----------------- Done invoking toplevel() on ptolemy.moml.MoMLSimpleApplication@21bff6af
reloadAllAccessors: .DeepModal2

===========================================================================================
----------------- testing Sun Mar 31 03:57:55 UTC 2019 /home/travis/build/icyphy/ptII/ptolemy/domains/modal/test/auto/DeepModal3.xml
----------------- Instantiating /home/travis/build/icyphy/ptII/ptolemy/domains/modal/test/auto/DeepModal3.xml
25 ms. Memory: 578048K Free: 377315K (65%)
----------------- Invoking toplevel() on ptolemy.moml.MoMLSimpleApplication@11783855
----------------- Done invoking toplevel() on ptolemy.moml.MoMLSimpleApplication@11783855
reloadAllAccessors: .DeepModal3

===========================================================================================
----------------- testing Sun Mar 31 03:57:55 UTC 2019 /home/travis/build/icyphy/ptII/ptolemy/domains/modal/test/auto/DeepModal4.xml
----------------- Instantiating /home/travis/build/icyphy/ptII/ptolemy/domains/modal/test/auto/DeepModal4.xml
29 ms. Memory: 578048K Free: 354480K (61%)
----------------- Invoking toplevel() on ptolemy.moml.MoMLSimpleApplication@36fe60a2
----------------- Done invoking toplevel() on ptolemy.moml.MoMLSimpleApplication@36fe60a2
reloadAllAccessors: .DeepModal4

===========================================================================================
----------------- testing Sun Mar 31 03:57:55 UTC 2019 /home/travis/build/icyphy/ptII/ptolemy/domains/modal/test/auto/Default1.xml
----------------- Instantiating /home/travis/build/icyphy/ptII/ptolemy/domains/modal/test/auto/Default1.xml
2 ms. Memory: 578048K Free: 344695K (60%)
----------------- Invoking toplevel() on ptolemy.moml.MoMLSimpleApplication@255678c9
----------------- Done invoking toplevel() on ptolemy.moml.MoMLSimpleApplication@255678c9
reloadAllAccessors: .Default1

===========================================================================================
----------------- testing Sun Mar 31 03:57:55 UTC 2019 /home/travis/build/icyphy/ptII/ptolemy/domains/modal/test/auto/Default2.xml
----------------- Instantiating /home/travis/build/icyphy/ptII/ptolemy/domains/modal/test/auto/Default2.xml
3 ms. Memory: 578048K Free: 331866K (57%)
----------------- Invoking toplevel() on ptolemy.moml.MoMLSimpleApplication@7de488e6
----------------- Done invoking toplevel() on ptolemy.moml.MoMLSimpleApplication@7de488e6
reloadAllAccessors: .Default2

===========================================================================================
----------------- testing Sun Mar 31 03:57:55 UTC 2019 /home/travis/build/icyphy/ptII/ptolemy/domains/modal/test/auto/Default3.xml
----------------- Instantiating /home/travis/build/icyphy/ptII/ptolemy/domains/modal/test/auto/Default3.xml
2 ms. Memory: 578048K Free: 322089K (56%)
----------------- Invoking toplevel() on ptolemy.moml.MoMLSimpleApplication@2bf5ad2d
----------------- Done invoking toplevel() on ptolemy.moml.MoMLSimpleApplication@2bf5ad2d
reloadAllAccessors: .Default3

===========================================================================================
----------------- testing Sun Mar 31 03:57:55 UTC 2019 /home/travis/build/icyphy/ptII/ptolemy/domains/modal/test/auto/Default4.xml
----------------- Instantiating /home/travis/build/icyphy/ptII/ptolemy/domains/modal/test/auto/Default4.xml
6 ms. Memory: 578048K Free: 312304K (54%)
----------------- Invoking toplevel() on ptolemy.moml.MoMLSimpleApplication@3bd965f4
----------------- Done invoking toplevel() on ptolemy.moml.MoMLSimpleApplication@3bd965f4
reloadAllAccessors: .Default4

===========================================================================================
----------------- testing Sun Mar 31 03:57:55 UTC 2019 /home/travis/build/icyphy/ptII/ptolemy/domains/modal/test/auto/Default5.xml
----------------- Instantiating /home/travis/build/icyphy/ptII/ptolemy/domains/modal/test/auto/Default5.xml
8 ms. Memory: 578048K Free: 299255K (52%)
----------------- Invoking toplevel() on ptolemy.moml.MoMLSimpleApplication@75f1fda5
----------------- Done invoking toplevel() on ptolemy.moml.MoMLSimpleApplication@75f1fda5
reloadAllAccessors: .Default5

===========================================================================================
----------------- testing Sun Mar 31 03:57:55 UTC 2019 /home/travis/build/icyphy/ptII/ptolemy/domains/modal/test/auto/EmptyGuard.xml
----------------- Instantiating /home/travis/build/icyphy/ptII/ptolemy/domains/modal/test/auto/EmptyGuard.xml
10 ms. Memory: 578048K Free: 286435K (50%)
----------------- Invoking toplevel() on ptolemy.moml.MoMLSimpleApplication@5fbe57cf
----------------- Done invoking toplevel() on ptolemy.moml.MoMLSimpleApplication@5fbe57cf
reloadAllAccessors: .EmptyGuard

===========================================================================================
----------------- testing Sun Mar 31 03:57:55 UTC 2019 /home/travis/build/icyphy/ptII/ptolemy/domains/modal/test/auto/ErrorTransition1.xml
----------------- Instantiating /home/travis/build/icyphy/ptII/ptolemy/domains/modal/test/auto/ErrorTransition1.xml
6 ms. Memory: 578048K Free: 273385K (47%)
----------------- Invoking toplevel() on ptolemy.moml.MoMLSimpleApplication@1f6438ce
----------------- Done invoking toplevel() on ptolemy.moml.MoMLSimpleApplication@1f6438ce
reloadAllAccessors: .ErrorTransition1

===========================================================================================
----------------- testing Sun Mar 31 03:57:55 UTC 2019 /home/travis/build/icyphy/ptII/ptolemy/domains/modal/test/auto/ErrorTransition10.xml
----------------- Instantiating /home/travis/build/icyphy/ptII/ptolemy/domains/modal/test/auto/ErrorTransition10.xml
14 ms. Memory: 578048K Free: 257072K (44%)
----------------- Invoking toplevel() on ptolemy.moml.MoMLSimpleApplication@3c9b462c
----------------- Done invoking toplevel() on ptolemy.moml.MoMLSimpleApplication@3c9b462c
reloadAllAccessors: .ErrorTransition10

===========================================================================================
----------------- testing Sun Mar 31 03:57:55 UTC 2019 /home/travis/build/icyphy/ptII/ptolemy/domains/modal/test/auto/ErrorTransition11.xml
----------------- Instantiating /home/travis/build/icyphy/ptII/ptolemy/domains/modal/test/auto/ErrorTransition11.xml
8 ms. Memory: 578048K Free: 240774K (42%)
----------------- Invoking toplevel() on ptolemy.moml.MoMLSimpleApplication@1f733b63
----------------- Done invoking toplevel() on ptolemy.moml.MoMLSimpleApplication@1f733b63
reloadAllAccessors: .ErrorTransition11

===========================================================================================
----------------- testing Sun Mar 31 03:57:55 UTC 2019 /home/travis/build/icyphy/ptII/ptolemy/domains/modal/test/auto/ErrorTransition2.xml
----------------- Instantiating /home/travis/build/icyphy/ptII/ptolemy/domains/modal/test/auto/ErrorTransition2.xml
5 ms. Memory: 578048K Free: 224673K (39%)
----------------- Invoking toplevel() on ptolemy.moml.MoMLSimpleApplication@4cee8a03
----------------- Done invoking toplevel() on ptolemy.moml.MoMLSimpleApplication@4cee8a03
reloadAllAccessors: .ErrorTransition2

===========================================================================================
----------------- testing Sun Mar 31 03:57:55 UTC 2019 /home/travis/build/icyphy/ptII/ptolemy/domains/modal/test/auto/ErrorTransition3.xml
----------------- Instantiating /home/travis/build/icyphy/ptII/ptolemy/domains/modal/test/auto/ErrorTransition3.xml
9 ms. Memory: 578048K Free: 211648K (37%)
----------------- Invoking toplevel() on ptolemy.moml.MoMLSimpleApplication@2b880eae
----------------- Done invoking toplevel() on ptolemy.moml.MoMLSimpleApplication@2b880eae
reloadAllAccessors: .ErrorTransition3

===========================================================================================
----------------- testing Sun Mar 31 03:57:55 UTC 2019 /home/travis/build/icyphy/ptII/ptolemy/domains/modal/test/auto/ErrorTransition4.xml
----------------- Instantiating /home/travis/build/icyphy/ptII/ptolemy/domains/modal/test/auto/ErrorTransition4.xml
11 ms. Memory: 578048K Free: 198606K (34%)
----------------- Invoking toplevel() on ptolemy.moml.MoMLSimpleApplication@47ad5913
----------------- Done invoking toplevel() on ptolemy.moml.MoMLSimpleApplication@47ad5913
reloadAllAccessors: .ErrorTransition4

===========================================================================================
----------------- testing Sun Mar 31 03:57:55 UTC 2019 /home/travis/build/icyphy/ptII/ptolemy/domains/modal/test/auto/ErrorTransition5.xml
----------------- Instantiating /home/travis/build/icyphy/ptII/ptolemy/domains/modal/test/auto/ErrorTransition5.xml
5 ms. Memory: 578048K Free: 185581K (32%)
----------------- Invoking toplevel() on ptolemy.moml.MoMLSimpleApplication@1172a613
----------------- Done invoking toplevel() on ptolemy.moml.MoMLSimpleApplication@1172a613
reloadAllAccessors: .ErrorTransition5

===========================================================================================
----------------- testing Sun Mar 31 03:57:55 UTC 2019 /home/travis/build/icyphy/ptII/ptolemy/domains/modal/test/auto/ErrorTransition6.xml
----------------- Instantiating /home/travis/build/icyphy/ptII/ptolemy/domains/modal/test/auto/ErrorTransition6.xml
8 ms. Memory: 578048K Free: 169496K (29%)
----------------- Invoking toplevel() on ptolemy.moml.MoMLSimpleApplication@368db3c5
----------------- Done invoking toplevel() on ptolemy.moml.MoMLSimpleApplication@368db3c5
reloadAllAccessors: .ErrorTransition6

===========================================================================================
----------------- testing Sun Mar 31 03:57:55 UTC 2019 /home/travis/build/icyphy/ptII/ptolemy/domains/modal/test/auto/ErrorTransition7.xml
----------------- Instantiating /home/travis/build/icyphy/ptII/ptolemy/domains/modal/test/auto/ErrorTransition7.xml
11 ms. Memory: 578048K Free: 153182K (26%)
----------------- Invoking toplevel() on ptolemy.moml.MoMLSimpleApplication@36fc450c
----------------- Done invoking toplevel() on ptolemy.moml.MoMLSimpleApplication@36fc450c
reloadAllAccessors: .ErrorTransition7

===========================================================================================
----------------- testing Sun Mar 31 03:57:55 UTC 2019 /home/travis/build/icyphy/ptII/ptolemy/domains/modal/test/auto/ErrorTransition8.xml
----------------- Instantiating /home/travis/build/icyphy/ptII/ptolemy/domains/modal/test/auto/ErrorTransition8.xml
43 ms. Memory: 578048K Free: 136900K (24%)
----------------- Invoking toplevel() on ptolemy.moml.MoMLSimpleApplication@ada7ab3
----------------- Done invoking toplevel() on ptolemy.moml.MoMLSimpleApplication@ada7ab3
reloadAllAccessors: .ErrorTransition8

===========================================================================================
----------------- testing Sun Mar 31 03:57:56 UTC 2019 /home/travis/build/icyphy/ptII/ptolemy/domains/modal/test/auto/ErrorTransition9.xml
----------------- Instantiating /home/travis/build/icyphy/ptII/ptolemy/domains/modal/test/auto/ErrorTransition9.xml
15 ms. Memory: 578048K Free: 120587K (21%)
----------------- Invoking toplevel() on ptolemy.moml.MoMLSimpleApplication@6cf3e002
----------------- Done invoking toplevel() on ptolemy.moml.MoMLSimpleApplication@6cf3e002
reloadAllAccessors: .ErrorTransition9

===========================================================================================
----------------- testing Sun Mar 31 03:57:56 UTC 2019 /home/travis/build/icyphy/ptII/ptolemy/domains/modal/test/auto/ExtendedFSM.xml
----------------- Instantiating /home/travis/build/icyphy/ptII/ptolemy/domains/modal/test/auto/ExtendedFSM.xml
5 ms. Memory: 578048K Free: 107758K (19%)
----------------- Invoking toplevel() on ptolemy.moml.MoMLSimpleApplication@2c4bc7a9
----------------- Done invoking toplevel() on ptolemy.moml.MoMLSimpleApplication@2c4bc7a9
reloadAllAccessors: .ExtendedFSM

===========================================================================================
----------------- testing Sun Mar 31 03:57:56 UTC 2019 /home/travis/build/icyphy/ptII/ptolemy/domains/modal/test/auto/FinalStates.xml
----------------- Instantiating /home/travis/build/icyphy/ptII/ptolemy/domains/modal/test/auto/FinalStates.xml
9 ms. Memory: 578048K Free: 97973K (17%)
----------------- Invoking toplevel() on ptolemy.moml.MoMLSimpleApplication@122efff6
----------------- Done invoking toplevel() on ptolemy.moml.MoMLSimpleApplication@122efff6
reloadAllAccessors: .FinalStates

===========================================================================================
----------------- testing Sun Mar 31 03:57:56 UTC 2019 /home/travis/build/icyphy/ptII/ptolemy/domains/modal/test/auto/FixedPointFSM.xml
----------------- Instantiating /home/travis/build/icyphy/ptII/ptolemy/domains/modal/test/auto/FixedPointFSM.xml
19 ms. Memory: 578048K Free: 79433K (14%)
----------------- Invoking toplevel() on ptolemy.moml.MoMLSimpleApplication@2478d34b
----------------- Done invoking toplevel() on ptolemy.moml.MoMLSimpleApplication@2478d34b
reloadAllAccessors: .FixedPointFSM

===========================================================================================
----------------- testing Sun Mar 31 03:57:56 UTC 2019 /home/travis/build/icyphy/ptII/ptolemy/domains/modal/test/auto/FixedPointIterationFSMActor.xml
----------------- Instantiating /home/travis/build/icyphy/ptII/ptolemy/domains/modal/test/auto/FixedPointIterationFSMActor.xml
7 ms. Memory: 578048K Free: 552109K (96%)
----------------- Invoking toplevel() on ptolemy.moml.MoMLSimpleApplication@4d81f324
----------------- Done invoking toplevel() on ptolemy.moml.MoMLSimpleApplication@4d81f324
reloadAllAccessors: .FixedPointIterationFSMActor

===========================================================================================
----------------- testing Sun Mar 31 03:57:56 UTC 2019 /home/travis/build/icyphy/ptII/ptolemy/domains/modal/test/auto/FixedPointIterationFSMActor2.xml
----------------- Instantiating /home/travis/build/icyphy/ptII/ptolemy/domains/modal/test/auto/FixedPointIterationFSMActor2.xml
12 ms. Memory: 578048K Free: 535672K (93%)
----------------- Invoking toplevel() on ptolemy.moml.MoMLSimpleApplication@57ac25ce
----------------- Done invoking toplevel() on ptolemy.moml.MoMLSimpleApplication@57ac25ce
reloadAllAccessors: .FixedPointIterationFSMActor2

===========================================================================================
----------------- testing Sun Mar 31 03:57:56 UTC 2019 /home/travis/build/icyphy/ptII/ptolemy/domains/modal/test/auto/ForbiddenInstantanousLoop.xml
----------------- Instantiating /home/travis/build/icyphy/ptII/ptolemy/domains/modal/test/auto/ForbiddenInstantanousLoop.xml
6 ms. Memory: 578048K Free: 519358K (90%)
----------------- Invoking toplevel() on ptolemy.moml.MoMLSimpleApplication@33fefefd
----------------- Done invoking toplevel() on ptolemy.moml.MoMLSimpleApplication@33fefefd
reloadAllAccessors: .ForbiddenInstantanousLoop

===========================================================================================
----------------- testing Sun Mar 31 03:57:56 UTC 2019 /home/travis/build/icyphy/ptII/ptolemy/domains/modal/test/auto/FunctionDependencyOfFSMActorTest.xml
----------------- Instantiating /home/travis/build/icyphy/ptII/ptolemy/domains/modal/test/auto/FunctionDependencyOfFSMActorTest.xml
15 ms. Memory: 578048K Free: 507414K (88%)
----------------- Invoking toplevel() on ptolemy.moml.MoMLSimpleApplication@79463c5e
----------------- Done invoking toplevel() on ptolemy.moml.MoMLSimpleApplication@79463c5e
reloadAllAccessors: .FunctionDependencyOfFSMActorTest

===========================================================================================
----------------- testing Sun Mar 31 03:57:56 UTC 2019 /home/travis/build/icyphy/ptII/ptolemy/domains/modal/test/auto/GuardExpression.xml
----------------- Instantiating /home/travis/build/icyphy/ptII/ptolemy/domains/modal/test/auto/GuardExpression.xml
5 ms. Memory: 578048K Free: 497637K (86%)
----------------- Invoking toplevel() on ptolemy.moml.MoMLSimpleApplication@bb44aa2
----------------- Done invoking toplevel() on ptolemy.moml.MoMLSimpleApplication@bb44aa2
reloadAllAccessors: .GuardExpression

===========================================================================================
----------------- testing Sun Mar 31 03:57:56 UTC 2019 /home/travis/build/icyphy/ptII/ptolemy/domains/modal/test/auto/GuardNotEvaluated.xml
----------------- Instantiating /home/travis/build/icyphy/ptII/ptolemy/domains/modal/test/auto/GuardNotEvaluated.xml
4 ms. Memory: 578048K Free: 484588K (84%)
----------------- Invoking toplevel() on ptolemy.moml.MoMLSimpleApplication@4dbd294
----------------- Done invoking toplevel() on ptolemy.moml.MoMLSimpleApplication@4dbd294
reloadAllAccessors: .GuardNotEvaluated

===========================================================================================
----------------- testing Sun Mar 31 03:57:56 UTC 2019 /home/travis/build/icyphy/ptII/ptolemy/domains/modal/test/auto/GuardNotEvaluated2.xml
----------------- Instantiating /home/travis/build/icyphy/ptII/ptolemy/domains/modal/test/auto/GuardNotEvaluated2.xml
6 ms. Memory: 578048K Free: 469371K (81%)
----------------- Invoking toplevel() on ptolemy.moml.MoMLSimpleApplication@306f6ec6
----------------- Done invoking toplevel() on ptolemy.moml.MoMLSimpleApplication@306f6ec6
reloadAllAccessors: .GuardNotEvaluated2

===========================================================================================
----------------- testing Sun Mar 31 03:57:56 UTC 2019 /home/travis/build/icyphy/ptII/ptolemy/domains/modal/test/auto/GuardOnAbsent.xml
----------------- Instantiating /home/travis/build/icyphy/ptII/ptolemy/domains/modal/test/auto/GuardOnAbsent.xml
10 ms. Memory: 578048K Free: 459586K (80%)
----------------- Invoking toplevel() on ptolemy.moml.MoMLSimpleApplication@38e3cbf8
----------------- Done invoking toplevel() on ptolemy.moml.MoMLSimpleApplication@38e3cbf8
reloadAllAccessors: .GuardOnAbsent

===========================================================================================
----------------- testing Sun Mar 31 03:57:56 UTC 2019 /home/travis/build/icyphy/ptII/ptolemy/domains/modal/test/auto/HierarchicalFSMTypeInference.xml
----------------- Instantiating /home/travis/build/icyphy/ptII/ptolemy/domains/modal/test/auto/HierarchicalFSMTypeInference.xml
5 ms. Memory: 578048K Free: 443272K (77%)
----------------- Invoking toplevel() on ptolemy.moml.MoMLSimpleApplication@64effd48
----------------- Done invoking toplevel() on ptolemy.moml.MoMLSimpleApplication@64effd48
reloadAllAccessors: .HierarchicalFSMTypeInference

===========================================================================================
----------------- testing Sun Mar 31 03:57:56 UTC 2019 /home/travis/build/icyphy/ptII/ptolemy/domains/modal/test/auto/Hysteresis.xml
----------------- Instantiating /home/travis/build/icyphy/ptII/ptolemy/domains/modal/test/auto/Hysteresis.xml
12 ms. Memory: 578048K Free: 421519K (73%)
----------------- Invoking toplevel() on ptolemy.moml.MoMLSimpleApplication@415c1f66
----------------- Done invoking toplevel() on ptolemy.moml.MoMLSimpleApplication@415c1f66
reloadAllAccessors: .Hysteresis

===========================================================================================
----------------- testing Sun Mar 31 03:57:56 UTC 2019 /home/travis/build/icyphy/ptII/ptolemy/domains/modal/test/auto/HysteresisWithDefault.xml
----------------- Instantiating /home/travis/build/icyphy/ptII/ptolemy/domains/modal/test/auto/HysteresisWithDefault.xml
39 ms. Memory: 578048K Free: 395420K (68%)
----------------- Invoking toplevel() on ptolemy.moml.MoMLSimpleApplication@393c9621
----------------- Done invoking toplevel() on ptolemy.moml.MoMLSimpleApplication@393c9621
reloadAllAccessors: .HysteresisWithDefault

===========================================================================================
----------------- testing Sun Mar 31 03:57:56 UTC 2019 /home/travis/build/icyphy/ptII/ptolemy/domains/modal/test/auto/HysteresisWithDefault2.xml
----------------- Instantiating /home/travis/build/icyphy/ptII/ptolemy/domains/modal/test/auto/HysteresisWithDefault2.xml
55 ms. Memory: 578048K Free: 360594K (62%)
----------------- Invoking toplevel() on ptolemy.moml.MoMLSimpleApplication@21377744
----------------- Done invoking toplevel() on ptolemy.moml.MoMLSimpleApplication@21377744
reloadAllAccessors: .HysteresisWithDefault2

===========================================================================================
----------------- testing Sun Mar 31 03:57:56 UTC 2019 /home/travis/build/icyphy/ptII/ptolemy/domains/modal/test/auto/ImmediateNonConstructiveness.xml
----------------- Instantiating /home/travis/build/icyphy/ptII/ptolemy/domains/modal/test/auto/ImmediateNonConstructiveness.xml
4 ms. Memory: 578048K Free: 350825K (61%)
----------------- Invoking toplevel() on ptolemy.moml.MoMLSimpleApplication@6b6392d
----------------- Done invoking toplevel() on ptolemy.moml.MoMLSimpleApplication@6b6392d
reloadAllAccessors: .ImmediateNonConstructiveness

===========================================================================================
----------------- testing Sun Mar 31 03:57:56 UTC 2019 /home/travis/build/icyphy/ptII/ptolemy/domains/modal/test/auto/ImmediateNonConstructiveness2.xml
----------------- Instantiating /home/travis/build/icyphy/ptII/ptolemy/domains/modal/test/auto/ImmediateNonConstructiveness2.xml
2 ms. Memory: 578048K Free: 341056K (59%)
----------------- Invoking toplevel() on ptolemy.moml.MoMLSimpleApplication@285c80c6
----------------- Done invoking toplevel() on ptolemy.moml.MoMLSimpleApplication@285c80c6
reloadAllAccessors: .ImmediateNonConstructiveness2

===========================================================================================
----------------- testing Sun Mar 31 03:57:56 UTC 2019 /home/travis/build/icyphy/ptII/ptolemy/domains/modal/test/auto/ImmediateTransitionReset.xml
----------------- Instantiating /home/travis/build/icyphy/ptII/ptolemy/domains/modal/test/auto/ImmediateTransitionReset.xml
7 ms. Memory: 578048K Free: 322567K (56%)
----------------- Invoking toplevel() on ptolemy.moml.MoMLSimpleApplication@23379a5e
----------------- Done invoking toplevel() on ptolemy.moml.MoMLSimpleApplication@23379a5e
reloadAllAccessors: .ImmediateTransitionReset

===========================================================================================
----------------- testing Sun Mar 31 03:57:56 UTC 2019 /home/travis/build/icyphy/ptII/ptolemy/domains/modal/test/auto/ImmediateTransitions1.xml
----------------- Instantiating /home/travis/build/icyphy/ptII/ptolemy/domains/modal/test/auto/ImmediateTransitions1.xml
1 ms. Memory: 578048K Free: 312798K (54%)
----------------- Invoking toplevel() on ptolemy.moml.MoMLSimpleApplication@69f90910
----------------- Done invoking toplevel() on ptolemy.moml.MoMLSimpleApplication@69f90910
reloadAllAccessors: .ImmediateTransitions1

===========================================================================================
----------------- testing Sun Mar 31 03:57:56 UTC 2019 /home/travis/build/icyphy/ptII/ptolemy/domains/modal/test/auto/ImmediateTransitionsInstantaneousCommunication.xml
----------------- Instantiating /home/travis/build/icyphy/ptII/ptolemy/domains/modal/test/auto/ImmediateTransitionsInstantaneousCommunication.xml
4 ms. Memory: 578048K Free: 296484K (51%)
----------------- Invoking toplevel() on ptolemy.moml.MoMLSimpleApplication@5fb9193
----------------- Done invoking toplevel() on ptolemy.moml.MoMLSimpleApplication@5fb9193
reloadAllAccessors: .ImmediateTransitionsInstantaneousCommunication

===========================================================================================
----------------- testing Sun Mar 31 03:57:56 UTC 2019 /home/travis/build/icyphy/ptII/ptolemy/domains/modal/test/auto/InitialImmediateTransition.xml
----------------- Instantiating /home/travis/build/icyphy/ptII/ptolemy/domains/modal/test/auto/InitialImmediateTransition.xml
4 ms. Memory: 578048K Free: 284524K (49%)
----------------- Invoking toplevel() on ptolemy.moml.MoMLSimpleApplication@2468ba24
----------------- Done invoking toplevel() on ptolemy.moml.MoMLSimpleApplication@2468ba24
reloadAllAccessors: .InitialImmediateTransition

===========================================================================================
----------------- testing Sun Mar 31 03:57:56 UTC 2019 /home/travis/build/icyphy/ptII/ptolemy/domains/modal/test/auto/InitialOutputs.xml
----------------- Instantiating /home/travis/build/icyphy/ptII/ptolemy/domains/modal/test/auto/InitialOutputs.xml
4 ms. Memory: 578048K Free: 274748K (48%)
----------------- Invoking toplevel() on ptolemy.moml.MoMLSimpleApplication@529fb043
----------------- Done invoking toplevel() on ptolemy.moml.MoMLSimpleApplication@529fb043
reloadAllAccessors: .InitialOutputs

===========================================================================================
----------------- testing Sun Mar 31 03:57:56 UTC 2019 /home/travis/build/icyphy/ptII/ptolemy/domains/modal/test/auto/InitialStateTransition1.xml
----------------- Instantiating /home/travis/build/icyphy/ptII/ptolemy/domains/modal/test/auto/InitialStateTransition1.xml
3 ms. Memory: 578048K Free: 261706K (45%)
----------------- Invoking toplevel() on ptolemy.moml.MoMLSimpleApplication@3e427a
----------------- Done invoking toplevel() on ptolemy.moml.MoMLSimpleApplication@3e427a
reloadAllAccessors: .InitialStateTransition1

===========================================================================================
----------------- testing Sun Mar 31 03:57:56 UTC 2019 /home/travis/build/icyphy/ptII/ptolemy/domains/modal/test/auto/InitialStateTransition2.xml
----------------- Instantiating /home/travis/build/icyphy/ptII/ptolemy/domains/modal/test/auto/InitialStateTransition2.xml
.InitialStateTransition2.TestExceptionAttributeNonConstructive: initialize() was not invoked, but wrapup() was.  This is unusual, but not always a problem.  For example, exporting JNLP will do this.
1 ms. Memory: 578048K Free: 246498K (43%)
----------------- Invoking toplevel() on ptolemy.moml.MoMLSimpleApplication@64a210dd
----------------- Done invoking toplevel() on ptolemy.moml.MoMLSimpleApplication@64a210dd
reloadAllAccessors: .InitialStateTransition2

===========================================================================================
----------------- testing Sun Mar 31 03:57:56 UTC 2019 /home/travis/build/icyphy/ptII/ptolemy/domains/modal/test/auto/InitialStateTransition3.xml
----------------- Instantiating /home/travis/build/icyphy/ptII/ptolemy/domains/modal/test/auto/InitialStateTransition3.xml
4 ms. Memory: 578048K Free: 233472K (40%)
----------------- Invoking toplevel() on ptolemy.moml.MoMLSimpleApplication@70a83fa2
----------------- Done invoking toplevel() on ptolemy.moml.MoMLSimpleApplication@70a83fa2
reloadAllAccessors: .InitialStateTransition3

===========================================================================================
----------------- testing Sun Mar 31 03:57:56 UTC 2019 /home/travis/build/icyphy/ptII/ptolemy/domains/modal/test/auto/InitialStateTransition4.xml
----------------- Instantiating /home/travis/build/icyphy/ptII/ptolemy/domains/modal/test/auto/InitialStateTransition4.xml
3 ms. Memory: 578048K Free: 218272K (38%)
----------------- Invoking toplevel() on ptolemy.moml.MoMLSimpleApplication@348166c
----------------- Done invoking toplevel() on ptolemy.moml.MoMLSimpleApplication@348166c
[...]
----------------- Done invoking toplevel() on ptolemy.moml.MoMLSimpleApplication@7d33ca14
reloadAllAccessors: .TerminationTransition3

===========================================================================================
----------------- testing Sun Mar 31 03:57:58 UTC 2019 /home/travis/build/icyphy/ptII/ptolemy/domains/modal/test/auto/TerminationTransition4.xml
----------------- Instantiating /home/travis/build/icyphy/ptII/ptolemy/domains/modal/test/auto/TerminationTransition4.xml
4 ms. Memory: 871936K Free: 136421K (16%)
----------------- Invoking toplevel() on ptolemy.moml.MoMLSimpleApplication@451698e6
----------------- Done invoking toplevel() on ptolemy.moml.MoMLSimpleApplication@451698e6
reloadAllAccessors: .TerminationTransition4

===========================================================================================
----------------- testing Sun Mar 31 03:57:58 UTC 2019 /home/travis/build/icyphy/ptII/ptolemy/domains/modal/test/auto/TerminationTransition5.xml
----------------- Instantiating /home/travis/build/icyphy/ptII/ptolemy/domains/modal/test/auto/TerminationTransition5.xml
2 ms. Memory: 871936K Free: 115557K (13%)
----------------- Invoking toplevel() on ptolemy.moml.MoMLSimpleApplication@5625d6d
----------------- Done invoking toplevel() on ptolemy.moml.MoMLSimpleApplication@5625d6d
reloadAllAccessors: .TerminationTransition5

===========================================================================================
----------------- testing Sun Mar 31 03:57:58 UTC 2019 /home/travis/build/icyphy/ptII/ptolemy/domains/modal/test/auto/TerminationTransition6.xml
----------------- Instantiating /home/travis/build/icyphy/ptII/ptolemy/domains/modal/test/auto/TerminationTransition6.xml
2 ms. Memory: 871936K Free: 99904K (11%)
----------------- Invoking toplevel() on ptolemy.moml.MoMLSimpleApplication@3552d122
----------------- Done invoking toplevel() on ptolemy.moml.MoMLSimpleApplication@3552d122
reloadAllAccessors: .TerminationTransition6

===========================================================================================
----------------- testing Sun Mar 31 03:57:58 UTC 2019 /home/travis/build/icyphy/ptII/ptolemy/domains/modal/test/auto/TerminationTransition7.xml
----------------- Instantiating /home/travis/build/icyphy/ptII/ptolemy/domains/modal/test/auto/TerminationTransition7.xml
2 ms. Memory: 871936K Free: 81761K (9%)
----------------- Invoking toplevel() on ptolemy.moml.MoMLSimpleApplication@6e6181c5
----------------- Done invoking toplevel() on ptolemy.moml.MoMLSimpleApplication@6e6181c5
reloadAllAccessors: .TerminationTransition7

===========================================================================================
----------------- testing Sun Mar 31 03:57:58 UTC 2019 /home/travis/build/icyphy/ptII/ptolemy/domains/modal/test/auto/TerminationTransition8.xml
----------------- Instantiating /home/travis/build/icyphy/ptII/ptolemy/domains/modal/test/auto/TerminationTransition8.xml
2 ms. Memory: 871936K Free: 847063K (97%)
----------------- Invoking toplevel() on ptolemy.moml.MoMLSimpleApplication@2f9910c
----------------- Done invoking toplevel() on ptolemy.moml.MoMLSimpleApplication@2f9910c
reloadAllAccessors: .TerminationTransition8

===========================================================================================
----------------- testing Sun Mar 31 03:57:58 UTC 2019 /home/travis/build/icyphy/ptII/ptolemy/domains/modal/test/auto/Thermostat_NoHysteresis.xml
----------------- Instantiating /home/travis/build/icyphy/ptII/ptolemy/domains/modal/test/auto/Thermostat_NoHysteresis.xml
24 ms. Memory: 871936K Free: 813820K (93%)
----------------- Invoking toplevel() on ptolemy.moml.MoMLSimpleApplication@249b33b
----------------- Done invoking toplevel() on ptolemy.moml.MoMLSimpleApplication@249b33b
reloadAllAccessors: .Thermostat_NoHysteresis

===========================================================================================
----------------- testing Sun Mar 31 03:57:58 UTC 2019 /home/travis/build/icyphy/ptII/ptolemy/domains/modal/test/auto/TimedFSM.xml
----------------- Instantiating /home/travis/build/icyphy/ptII/ptolemy/domains/modal/test/auto/TimedFSM.xml
8 ms. Memory: 871936K Free: 798167K (92%)
----------------- Invoking toplevel() on ptolemy.moml.MoMLSimpleApplication@12a6e0b7
----------------- Done invoking toplevel() on ptolemy.moml.MoMLSimpleApplication@12a6e0b7
reloadAllAccessors: .TimedFSM

===========================================================================================
----------------- testing Sun Mar 31 03:57:58 UTC 2019 /home/travis/build/icyphy/ptII/ptolemy/domains/modal/test/auto/Timeout1.xml
----------------- Instantiating /home/travis/build/icyphy/ptII/ptolemy/domains/modal/test/auto/Timeout1.xml
3 ms. Memory: 871936K Free: 785909K (90%)
----------------- Invoking toplevel() on ptolemy.moml.MoMLSimpleApplication@1f38b1b5
----------------- Done invoking toplevel() on ptolemy.moml.MoMLSimpleApplication@1f38b1b5
reloadAllAccessors: .Timeout1

===========================================================================================
----------------- testing Sun Mar 31 03:57:58 UTC 2019 /home/travis/build/icyphy/ptII/ptolemy/domains/modal/test/auto/Timeout2.xml
----------------- Instantiating /home/travis/build/icyphy/ptII/ptolemy/domains/modal/test/auto/Timeout2.xml
5 ms. Memory: 871936K Free: 770257K (88%)
----------------- Invoking toplevel() on ptolemy.moml.MoMLSimpleApplication@7709495
----------------- Done invoking toplevel() on ptolemy.moml.MoMLSimpleApplication@7709495
reloadAllAccessors: .Timeout2

===========================================================================================
----------------- testing Sun Mar 31 03:57:58 UTC 2019 /home/travis/build/icyphy/ptII/ptolemy/domains/modal/test/auto/Timeout3.xml
----------------- Instantiating /home/travis/build/icyphy/ptII/ptolemy/domains/modal/test/auto/Timeout3.xml
6 ms. Memory: 871936K Free: 757999K (87%)
----------------- Invoking toplevel() on ptolemy.moml.MoMLSimpleApplication@299f79bf
----------------- Done invoking toplevel() on ptolemy.moml.MoMLSimpleApplication@299f79bf
reloadAllAccessors: .Timeout3

===========================================================================================
----------------- testing Sun Mar 31 03:57:59 UTC 2019 /home/travis/build/icyphy/ptII/ptolemy/domains/modal/test/auto/Timeout4.xml
----------------- Instantiating /home/travis/build/icyphy/ptII/ptolemy/domains/modal/test/auto/Timeout4.xml
5 ms. Memory: 871936K Free: 747575K (86%)
----------------- Invoking toplevel() on ptolemy.moml.MoMLSimpleApplication@208d496b
----------------- Done invoking toplevel() on ptolemy.moml.MoMLSimpleApplication@208d496b
reloadAllAccessors: .Timeout4

===========================================================================================
----------------- testing Sun Mar 31 03:57:59 UTC 2019 /home/travis/build/icyphy/ptII/ptolemy/domains/modal/test/auto/TransientstateModelAdvanced.xml
----------------- Instantiating /home/travis/build/icyphy/ptII/ptolemy/domains/modal/test/auto/TransientstateModelAdvanced.xml
4 ms. Memory: 871936K Free: 724877K (83%)
----------------- Invoking toplevel() on ptolemy.moml.MoMLSimpleApplication@1e6498e7
----------------- Done invoking toplevel() on ptolemy.moml.MoMLSimpleApplication@1e6498e7
reloadAllAccessors: .TransientstateModelAdvanced

===========================================================================================
----------------- testing Sun Mar 31 03:57:59 UTC 2019 /home/travis/build/icyphy/ptII/ptolemy/domains/modal/test/auto/TransientstateModelAdvanced2.xml
----------------- Instantiating /home/travis/build/icyphy/ptII/ptolemy/domains/modal/test/auto/TransientstateModelAdvanced2.xml
3 ms. Memory: 871936K Free: 704012K (81%)
----------------- Invoking toplevel() on ptolemy.moml.MoMLSimpleApplication@4b3aa127
----------------- Done invoking toplevel() on ptolemy.moml.MoMLSimpleApplication@4b3aa127
reloadAllAccessors: .transientstatemodelAdvanced

===========================================================================================
----------------- testing Sun Mar 31 03:57:59 UTC 2019 /home/travis/build/icyphy/ptII/ptolemy/domains/modal/test/auto/TransitionRefinements.xml
----------------- Instantiating /home/travis/build/icyphy/ptII/ptolemy/domains/modal/test/auto/TransitionRefinements.xml
10 ms. Memory: 871936K Free: 686527K (79%)
----------------- Invoking toplevel() on ptolemy.moml.MoMLSimpleApplication@6df34620
----------------- Done invoking toplevel() on ptolemy.moml.MoMLSimpleApplication@6df34620
reloadAllAccessors: .TransitionRefinements

===========================================================================================
----------------- testing Sun Mar 31 03:57:59 UTC 2019 /home/travis/build/icyphy/ptII/ptolemy/domains/modal/test/auto/TwoRefinements1.xml
----------------- Instantiating /home/travis/build/icyphy/ptII/ptolemy/domains/modal/test/auto/TwoRefinements1.xml
3 ms. Memory: 871936K Free: 670874K (77%)
----------------- Invoking toplevel() on ptolemy.moml.MoMLSimpleApplication@6434a16e
----------------- Done invoking toplevel() on ptolemy.moml.MoMLSimpleApplication@6434a16e
reloadAllAccessors: .TwoRefinements1

===========================================================================================
----------------- testing Sun Mar 31 03:57:59 UTC 2019 /home/travis/build/icyphy/ptII/ptolemy/domains/modal/test/auto/TwoRefinements2.xml
----------------- Instantiating /home/travis/build/icyphy/ptII/ptolemy/domains/modal/test/auto/TwoRefinements2.xml
2 ms. Memory: 871936K Free: 653389K (75%)
----------------- Invoking toplevel() on ptolemy.moml.MoMLSimpleApplication@4a4c656c
----------------- Done invoking toplevel() on ptolemy.moml.MoMLSimpleApplication@4a4c656c
reloadAllAccessors: .TwoRefinements2

===========================================================================================
----------------- testing Sun Mar 31 03:57:59 UTC 2019 /home/travis/build/icyphy/ptII/ptolemy/domains/modal/test/auto/WeakImmediateTransition.xml
----------------- Instantiating /home/travis/build/icyphy/ptII/ptolemy/domains/modal/test/auto/WeakImmediateTransition.xml
2 ms. Memory: 871936K Free: 637736K (73%)
----------------- Invoking toplevel() on ptolemy.moml.MoMLSimpleApplication@74db57ed
----------------- Done invoking toplevel() on ptolemy.moml.MoMLSimpleApplication@74db57ed
reloadAllAccessors: .WeakImmediateTransition

===========================================================================================
----------------- testing Sun Mar 31 03:57:59 UTC 2019 /home/travis/build/icyphy/ptII/ptolemy/domains/modal/test/auto/booleanSelect.xml
----------------- Instantiating /home/travis/build/icyphy/ptII/ptolemy/domains/modal/test/auto/booleanSelect.xml
41 ms. Memory: 871936K Free: 609826K (70%)
----------------- Invoking toplevel() on ptolemy.moml.MoMLSimpleApplication@428bf8d6
----------------- Done invoking toplevel() on ptolemy.moml.MoMLSimpleApplication@428bf8d6
reloadAllAccessors: .booleanSelect

===========================================================================================
----------------- testing Sun Mar 31 03:57:59 UTC 2019 /home/travis/build/icyphy/ptII/ptolemy/domains/modal/test/auto/modalChangingParams.xml
----------------- Instantiating /home/travis/build/icyphy/ptII/ptolemy/domains/modal/test/auto/modalChangingParams.xml
0
1
0
2
4
6
8
7
0
2
4
6
8
13
0
2
4
6
8
19
0
2
4
6
8
25
0
2
4
6
8
31
0
2
4
6
8
37
0
2
4
6
8
43
0
2
4
6
8
49
0
2
4
6
8
55
0
2
4
6
8
61
0
2
4
6
8
67
0
2
4
6
8
73
0
2
4
6
8
79
0
2
4
6
8
85
0
2
4
6
8
91
0
2
4
6
8
97
0
2
4
6
8
103
0
2
4
6
8
109
0
2
4
6
8
115
0
2
4
6
8
121
0
2
4
6
8
127
0
2
4
6
8
133
0
2
4
6
8
139
0
2
4
6
8
145
0
2
4
6
8
151
0
2
4
6
8
157
0
2
4
6
8
163
0
2
4
6
8
169
0
2
4
6
8
175
0
2
4
6
8
181
0
2
4
6
8
187
0
2
4
6
8
193
0
2
4
6
8
199
0
2
4
6
8
205
0
2
4
6
8
211
0
2
4
6
8
217
0
2
4
6
8
223
0
2
4
6
8
229
0
2
4
6
8
235
0
2
4
6
8
241
0
2
4
6
8
247
0
2
4
6
8
253
0
2
4
6
8
259
0
2
4
6
8
265
0
2
4
6
8
271
0
2
4
6
8
277
0
2
4
6
8
283
0
2
4
6
8
289
0
2
4
6
8
295
0
2
4
6
8
301
0
2
4
6
8
307
0
2
4
6
8
313
0
2
4
6
8
319
0
2
4
6
8
325
0
2
4
6
8
331
0
2
4
6
8
337
0
2
4
6
8
343
0
2
4
6
8
349
0
2
4
6
8
355
0
2
4
6
8
361
0
2
4
6
8
367
0
2
4
6
8
373
0
2
4
6
8
379
0
2
4
6
8
385
0
2
4
6
8
391
0
2
4
6
8
397
0
2
4
6
8
403
0
2
4
6
8
409
0
2
4
6
8
415
0
2
4
6
8
421
0
2
4
6
8
427
0
2
4
6
8
433
0
2
4
6
8
439
0
2
4
6
8
445
0
2
4
6
8
451
0
2
4
6
8
457
0
2
4
6
8
463
0
2
4
6
8
469
0
2
4
6
8
475
0
2
4
6
8
481
0
2
4
6
8
487
0
2
4
6
8
493
0
2
4
6
8
499
0
2
4
6
8
505
0
2
4
6
8
511
0
2
4
6
8
517
0
2
4
6
8
523
0
2
4
6
8
529
0
2
4
6
8
535
0
2
4
6
8
541
0
2
4
6
8
547
0
2
4
6
8
553
0
2
4
6
8
559
0
2
4
6
8
565
0
2
4
6
8
571
0
2
4
6
8
577
0
2
4
6
8
583
0
2
4
6
8
589
0
2
4
6
8
595
0
2
4
6
8
601
0
2
4
6
8
607
0
2
4
6
8
613
0
2
4
6
8
619
0
2
4
6
8
625
0
2
4
6
8
631
0
2
4
6
8
637
0
2
4
6
8
643
0
2
4
6
8
649
0
2
4
6
8
655
0
2
4
6
8
661
0
2
4
6
8
667
0
2
4
6
8
673
0
2
4
6
8
679
0
2
4
6
8
685
0
2
4
6
8
691
0
2
4
6
8
697
0
2
4
6
8
703
0
2
4
6
8
709
0
2
4
6
8
715
0
2
4
6
8
721
0
2
4
6
8
727
0
2
4
6
8
733
0
2
4
6
8
739
0
2
4
6
8
745
0
2
4
6
8
751
0
2
4
6
8
757
0
2
4
6
8
763
0
2
4
6
8
769
0
2
4
6
8
775
0
2
4
6
8
781
0
2
4
6
8
787
0
2
4
6
8
793
0
2
4
6
8
799
0
2
4
6
8
805
0
2
4
6
8
811
0
2
4
6
8
817
0
2
4
6
8
823
0
2
4
6
8
829
0
2
4
6
8
835
0
2
4
6
8
841
0
2
4
6
8
847
0
2
4
6
8
853
0
2
4
6
8
859
0
2
4
6
8
865
0
2
4
6
8
871
0
2
4
6
8
877
0
2
4
6
8
883
0
2
4
6
8
889
0
2
4
6
8
895
0
2
4
6
8
901
0
2
4
6
8
907
0
2
4
6
8
913
0
2
4
6
8
919
0
2
4
6
8
925
0
2
4
6
8
931
0
2
4
6
8
937
0
2
4
6
8
943
0
2
4
6
8
949
0
2
4
6
8
955
0
2
4
6
8
961
0
2
4
6
8
967
0
2
4
6
8
973
0
2
4
6
8
979
0
2
4
6
8
985
0
2
4
6
8
991
0
2
4
6
8
997
0
2
225 ms. Memory: 871936K Free: 494966K (57%)
----------------- Invoking toplevel() on ptolemy.moml.MoMLSimpleApplication@26db5e4
----------------- Done invoking toplevel() on ptolemy.moml.MoMLSimpleApplication@26db5e4
reloadAllAccessors: .modalChangingParams

===========================================================================================
----------------- testing Sun Mar 31 03:57:59 UTC 2019 /home/travis/build/icyphy/ptII/ptolemy/domains/modal/test/auto/modalModel.xml
----------------- Instantiating /home/travis/build/icyphy/ptII/ptolemy/domains/modal/test/auto/modalModel.xml
4 ms. Memory: 871936K Free: 477480K (55%)
----------------- Invoking toplevel() on ptolemy.moml.MoMLSimpleApplication@2bc3594
----------------- Done invoking toplevel() on ptolemy.moml.MoMLSimpleApplication@2bc3594
reloadAllAccessors: .modalModel

===========================================================================================
----------------- testing Sun Mar 31 03:57:59 UTC 2019 /home/travis/build/icyphy/ptII/ptolemy/domains/modal/test/auto/modalModel2.xml
----------------- Instantiating /home/travis/build/icyphy/ptII/ptolemy/domains/modal/test/auto/modalModel2.xml
7 ms. Memory: 871936K Free: 461828K (53%)
----------------- Invoking toplevel() on ptolemy.moml.MoMLSimpleApplication@63049729
----------------- Done invoking toplevel() on ptolemy.moml.MoMLSimpleApplication@63049729
reloadAllAccessors: .modalModel2

===========================================================================================
----------------- testing Sun Mar 31 03:57:59 UTC 2019 /home/travis/build/icyphy/ptII/ptolemy/domains/modal/test/auto/modalModel3.xml
----------------- Instantiating /home/travis/build/icyphy/ptII/ptolemy/domains/modal/test/auto/modalModel3.xml
0	0	0
3	2	1
6	4	2
9	6	3
4	0	4
7	2	5
10	4	6
13	6	7
8	0	8
11	2	9
14	4	10
17	6	11
12	0	12
15	2	13
18	4	14
13 ms. Memory: 871936K Free: 444342K (51%)
----------------- Invoking toplevel() on ptolemy.moml.MoMLSimpleApplication@ae66fae
----------------- Done invoking toplevel() on ptolemy.moml.MoMLSimpleApplication@ae66fae
reloadAllAccessors: .modalModel3

===========================================================================================
----------------- testing Sun Mar 31 03:57:59 UTC 2019 /home/travis/build/icyphy/ptII/ptolemy/domains/modal/test/auto/model1.xml
----------------- Instantiating /home/travis/build/icyphy/ptII/ptolemy/domains/modal/test/auto/model1.xml
11 ms. Memory: 871936K Free: 433918K (50%)
----------------- Invoking toplevel() on ptolemy.moml.MoMLSimpleApplication@30b24820
----------------- Done invoking toplevel() on ptolemy.moml.MoMLSimpleApplication@30b24820
reloadAllAccessors: .model1

===========================================================================================
----------------- testing Sun Mar 31 03:57:59 UTC 2019 /home/travis/build/icyphy/ptII/ptolemy/domains/modal/test/auto/test-direct-in-out.xml
----------------- Instantiating /home/travis/build/icyphy/ptII/ptolemy/domains/modal/test/auto/test-direct-in-out.xml
7 ms. Memory: 871936K Free: 416432K (48%)
----------------- Invoking toplevel() on ptolemy.moml.MoMLSimpleApplication@1e1c4036
----------------- Done invoking toplevel() on ptolemy.moml.MoMLSimpleApplication@1e1c4036
reloadAllAccessors: .test-direct-in-out
AutoTests.java: About to close Vertx.
AutoTests.java: Vertx closed.
]]></system-out>
  <system-err><![CDATA[java.lang.RuntimeException: Execution failed
	at ptolemy.moml.MoMLSimpleApplication$UnloadThread.run(MoMLSimpleApplication.java:402)
Caused by: ptolemy.kernel.util.IllegalActionException: Unknown inputs remain. Possible causality loop:
L_model_1893289564i

  in .CannotAnalysisWithPreemption.model_1893289564_region_1 and .CannotAnalysisWithPreemption.model_1893289564_region_1.L_model_1893289564i
	at ptolemy.actor.sched.FixedPointDirector.postfire(FixedPointDirector.java:515)
	at ptolemy.domains.sr.kernel.SRDirector.postfire(SRDirector.java:417)
	at ptolemy.actor.CompositeActor.postfire(CompositeActor.java:1668)
	at ptolemy.actor.Manager.iterate(Manager.java:852)
	at ptolemy.actor.Manager.execute(Manager.java:369)
	at ptolemy.actor.Manager.run(Manager.java:1263)
	at ptolemy.actor.Manager$PtolemyRunThread.run(Manager.java:1915)
java.lang.reflect.InvocationTargetException
	at sun.reflect.NativeConstructorAccessorImpl.newInstance0(Native Method)
	at sun.reflect.NativeConstructorAccessorImpl.newInstance(NativeConstructorAccessorImpl.java:62)
	at sun.reflect.DelegatingConstructorAccessorImpl.newInstance(DelegatingConstructorAccessorImpl.java:45)
	at java.lang.reflect.Constructor.newInstance(Constructor.java:423)
	at ptolemy.util.test.junit.AutoKnownFailedTests.RunModel(AutoKnownFailedTests.java:105)
	at sun.reflect.NativeMethodAccessorImpl.invoke0(Native Method)
	at sun.reflect.NativeMethodAccessorImpl.invoke(NativeMethodAccessorImpl.java:62)
	at sun.reflect.DelegatingMethodAccessorImpl.invoke(DelegatingMethodAccessorImpl.java:43)
	at java.lang.reflect.Method.invoke(Method.java:498)
	at org.junit.runners.model.FrameworkMethod$1.runReflectiveCall(FrameworkMethod.java:44)
	at org.junit.internal.runners.model.ReflectiveCallable.run(ReflectiveCallable.java:15)
	at org.junit.runners.model.FrameworkMethod.invokeExplosively(FrameworkMethod.java:41)
	at junitparams.internal.InvokeParameterisedMethod.evaluate(InvokeParameterisedMethod.java:102)
	at org.junit.internal.runners.statements.FailOnTimeout$1.run(FailOnTimeout.java:28)
Caused by: ptolemy.kernel.util.IllegalActionException: Unknown inputs remain. Possible causality loop:
L_model_1893289564i

  in .CannotAnalysisWithPreemption.model_1893289564_region_1 and .CannotAnalysisWithPreemption.model_1893289564_region_1.L_model_1893289564i
	at ptolemy.actor.sched.FixedPointDirector.postfire(FixedPointDirector.java:515)
	at ptolemy.domains.sr.kernel.SRDirector.postfire(SRDirector.java:417)
	at ptolemy.actor.CompositeActor.postfire(CompositeActor.java:1668)
	at ptolemy.actor.Manager.iterate(Manager.java:852)
	at ptolemy.actor.Manager.execute(Manager.java:369)
	at ptolemy.actor.Manager.run(Manager.java:1263)
	at ptolemy.actor.Manager$PtolemyRunThread.run(Manager.java:1915)
]]></system-err>
</testsuite>
