<?xml version="1.0" encoding="UTF-8" ?>
<testsuite errors="0" failures="0" hostname="travis-job-ee83c024-5d28-4625-b056-91a57a19de27" name="ptolemy.actor.lib.hoc.test.junit.JUnitTclTest" skipped="0" tests="58" time="34.601" timestamp="2019-09-09T05:38:16">
  <properties>
[...]
</properties>
  <testcase classname="ptolemy.util.test.junit.TclTests" name="[0] /home/travis/build/icyphy/ptII/ptolemy/actor/lib/hoc/test/IterateOverArray.tcl (RunTclFile)" time="0.357" />
  <testcase classname="ptolemy.util.test.junit.AutoKnownFailedTests" name="[0] /home/travis/build/icyphy/ptII/ptolemy/actor/lib/hoc/test/auto/knownFailedTests/PreinitializeMustBeInvokedRunComposite.xml (RunModel)" time="0.534" />
  <testcase classname="ptolemy.util.test.junit.AutoNameArchTests" name="[0] ThereAreNoAutoArchTests (RunModel)" time="0.01" />
  <testcase classname="ptolemy.util.test.junit.AutoTests" name="[0] /home/travis/build/icyphy/ptII/ptolemy/actor/lib/hoc/test/auto/AllToAllMultiInstanceComposite.xml (RunModel)" time="0.475" />
  <testcase classname="ptolemy.util.test.junit.AutoTests" name="[1] /home/travis/build/icyphy/ptII/ptolemy/actor/lib/hoc/test/auto/ApplyFFTTest.xml (RunModel)" time="0.517" />
  <testcase classname="ptolemy.util.test.junit.AutoTests" name="[2] /home/travis/build/icyphy/ptII/ptolemy/actor/lib/hoc/test/auto/ApplyFunction.xml (RunModel)" time="0.043" />
  <testcase classname="ptolemy.util.test.junit.AutoTests" name="[3] /home/travis/build/icyphy/ptII/ptolemy/actor/lib/hoc/test/auto/BackgroundExecution.xml (RunModel)" time="0.73" />
  <testcase classname="ptolemy.util.test.junit.AutoTests" name="[4] /home/travis/build/icyphy/ptII/ptolemy/actor/lib/hoc/test/auto/Case.xml (RunModel)" time="0.109" />
  <testcase classname="ptolemy.util.test.junit.AutoTests" name="[5] /home/travis/build/icyphy/ptII/ptolemy/actor/lib/hoc/test/auto/Case1.xml (RunModel)" time="0.051" />
  <testcase classname="ptolemy.util.test.junit.AutoTests" name="[6] /home/travis/build/icyphy/ptII/ptolemy/actor/lib/hoc/test/auto/Case2.xml (RunModel)" time="0.106" />
  <testcase classname="ptolemy.util.test.junit.AutoTests" name="[7] /home/travis/build/icyphy/ptII/ptolemy/actor/lib/hoc/test/auto/Case3.xml (RunModel)" time="0.052" />
  <testcase classname="ptolemy.util.test.junit.AutoTests" name="[8] /home/travis/build/icyphy/ptII/ptolemy/actor/lib/hoc/test/auto/Case4.xml (RunModel)" time="0.067" />
  <testcase classname="ptolemy.util.test.junit.AutoTests" name="[9] /home/travis/build/icyphy/ptII/ptolemy/actor/lib/hoc/test/auto/Case5.xml (RunModel)" time="0.105" />
  <testcase classname="ptolemy.util.test.junit.AutoTests" name="[10] /home/travis/build/icyphy/ptII/ptolemy/actor/lib/hoc/test/auto/Case6.xml (RunModel)" time="0.114" />
  <testcase classname="ptolemy.util.test.junit.AutoTests" name="[11] /home/travis/build/icyphy/ptII/ptolemy/actor/lib/hoc/test/auto/CaseString2.xml (RunModel)" time="0.06" />
  <testcase classname="ptolemy.util.test.junit.AutoTests" name="[12] /home/travis/build/icyphy/ptII/ptolemy/actor/lib/hoc/test/auto/CatchUpComposite1.xml (RunModel)" time="0.095" />
  <testcase classname="ptolemy.util.test.junit.AutoTests" name="[13] /home/travis/build/icyphy/ptII/ptolemy/actor/lib/hoc/test/auto/CatchUpComposite2.xml (RunModel)" time="0.073" />
  <testcase classname="ptolemy.util.test.junit.AutoTests" name="[14] /home/travis/build/icyphy/ptII/ptolemy/actor/lib/hoc/test/auto/CatchUpComposite3.xml (RunModel)" time="0.079" />
  <testcase classname="ptolemy.util.test.junit.AutoTests" name="[15] /home/travis/build/icyphy/ptII/ptolemy/actor/lib/hoc/test/auto/CatchUpComposite4.xml (RunModel)" time="0.082" />
  <testcase classname="ptolemy.util.test.junit.AutoTests" name="[16] /home/travis/build/icyphy/ptII/ptolemy/actor/lib/hoc/test/auto/CatchUpComposite5.xml (RunModel)" time="0.072" />
  <testcase classname="ptolemy.util.test.junit.AutoTests" name="[17] /home/travis/build/icyphy/ptII/ptolemy/actor/lib/hoc/test/auto/CatchUpComposite6.xml (RunModel)" time="0.217" />
  <testcase classname="ptolemy.util.test.junit.AutoTests" name="[18] /home/travis/build/icyphy/ptII/ptolemy/actor/lib/hoc/test/auto/CatchUpComposite7.xml (RunModel)" time="0.113" />
  <testcase classname="ptolemy.util.test.junit.AutoTests" name="[19] /home/travis/build/icyphy/ptII/ptolemy/actor/lib/hoc/test/auto/ConcurrentExecutionTimeSDF.xml (RunModel)" time="1.385" />
  <testcase classname="ptolemy.util.test.junit.AutoTests" name="[20] /home/travis/build/icyphy/ptII/ptolemy/actor/lib/hoc/test/auto/ConcurrentSleep.xml (RunModel)" time="0.766" />
  <testcase classname="ptolemy.util.test.junit.AutoTests" name="[21] /home/travis/build/icyphy/ptII/ptolemy/actor/lib/hoc/test/auto/DEInPNInRunCompositeActor.xml (RunModel)" time="0.029" />
  <testcase classname="ptolemy.util.test.junit.AutoTests" name="[22] /home/travis/build/icyphy/ptII/ptolemy/actor/lib/hoc/test/auto/DFTSubSetTest.xml (RunModel)" time="0.337" />
  <testcase classname="ptolemy.util.test.junit.AutoTests" name="[23] /home/travis/build/icyphy/ptII/ptolemy/actor/lib/hoc/test/auto/HocDE.xml (RunModel)" time="0.189" />
  <testcase classname="ptolemy.util.test.junit.AutoTests" name="[24] /home/travis/build/icyphy/ptII/ptolemy/actor/lib/hoc/test/auto/IterateOverArray.xml (RunModel)" time="0.04" />
  <testcase classname="ptolemy.util.test.junit.AutoTests" name="[25] /home/travis/build/icyphy/ptII/ptolemy/actor/lib/hoc/test/auto/IterateOverArray10.xml (RunModel)" time="0.021" />
  <testcase classname="ptolemy.util.test.junit.AutoTests" name="[26] /home/travis/build/icyphy/ptII/ptolemy/actor/lib/hoc/test/auto/IterateOverArray11.xml (RunModel)" time="0.021" />
  <testcase classname="ptolemy.util.test.junit.AutoTests" name="[27] /home/travis/build/icyphy/ptII/ptolemy/actor/lib/hoc/test/auto/IterateOverArray12.xml (RunModel)" time="0.045" />
  <testcase classname="ptolemy.util.test.junit.AutoTests" name="[28] /home/travis/build/icyphy/ptII/ptolemy/actor/lib/hoc/test/auto/IterateOverArray13.xml (RunModel)" time="0.148" />
  <testcase classname="ptolemy.util.test.junit.AutoTests" name="[29] /home/travis/build/icyphy/ptII/ptolemy/actor/lib/hoc/test/auto/IterateOverArray14.xml (RunModel)" time="0.189" />
  <testcase classname="ptolemy.util.test.junit.AutoTests" name="[30] /home/travis/build/icyphy/ptII/ptolemy/actor/lib/hoc/test/auto/IterateOverArray2.xml (RunModel)" time="0.03" />
  <testcase classname="ptolemy.util.test.junit.AutoTests" name="[31] /home/travis/build/icyphy/ptII/ptolemy/actor/lib/hoc/test/auto/IterateOverArray3.xml (RunModel)" time="0.043" />
  <testcase classname="ptolemy.util.test.junit.AutoTests" name="[32] /home/travis/build/icyphy/ptII/ptolemy/actor/lib/hoc/test/auto/IterateOverArray4.xml (RunModel)" time="0.042" />
  <testcase classname="ptolemy.util.test.junit.AutoTests" name="[33] /home/travis/build/icyphy/ptII/ptolemy/actor/lib/hoc/test/auto/IterateOverArray5.xml (RunModel)" time="0.023" />
  <testcase classname="ptolemy.util.test.junit.AutoTests" name="[34] /home/travis/build/icyphy/ptII/ptolemy/actor/lib/hoc/test/auto/IterateOverArray6.xml (RunModel)" time="0.016" />
  <testcase classname="ptolemy.util.test.junit.AutoTests" name="[35] /home/travis/build/icyphy/ptII/ptolemy/actor/lib/hoc/test/auto/IterateOverArray7.xml (RunModel)" time="0.025" />
  <testcase classname="ptolemy.util.test.junit.AutoTests" name="[36] /home/travis/build/icyphy/ptII/ptolemy/actor/lib/hoc/test/auto/IterateOverArray8.xml (RunModel)" time="0.025" />
  <testcase classname="ptolemy.util.test.junit.AutoTests" name="[37] /home/travis/build/icyphy/ptII/ptolemy/actor/lib/hoc/test/auto/IterateOverArray9.xml (RunModel)" time="0.019" />
  <testcase classname="ptolemy.util.test.junit.AutoTests" name="[38] /home/travis/build/icyphy/ptII/ptolemy/actor/lib/hoc/test/auto/IterateOverArrayCoercedOutputType.xml (RunModel)" time="0.023" />
  <testcase classname="ptolemy.util.test.junit.AutoTests" name="[39] /home/travis/build/icyphy/ptII/ptolemy/actor/lib/hoc/test/auto/IterateOverArrayInferredOutputType.xml (RunModel)" time="0.019" />
  <testcase classname="ptolemy.util.test.junit.AutoTests" name="[40] /home/travis/build/icyphy/ptII/ptolemy/actor/lib/hoc/test/auto/MobileFunctionTest.xml (RunModel)" time="0.029" />
  <testcase classname="ptolemy.util.test.junit.AutoTests" name="[41] /home/travis/build/icyphy/ptII/ptolemy/actor/lib/hoc/test/auto/MobileModelTest.xml (RunModel)" time="0.176" />
  <testcase classname="ptolemy.util.test.junit.AutoTests" name="[42] /home/travis/build/icyphy/ptII/ptolemy/actor/lib/hoc/test/auto/ModelReference.xml (RunModel)" time="0.062" />
  <testcase classname="ptolemy.util.test.junit.AutoTests" name="[43] /home/travis/build/icyphy/ptII/ptolemy/actor/lib/hoc/test/auto/ModelReference3.xml (RunModel)" time="0.047" />
  <testcase classname="ptolemy.util.test.junit.AutoTests" name="[44] /home/travis/build/icyphy/ptII/ptolemy/actor/lib/hoc/test/auto/ModelReference4.xml (RunModel)" time="10.029" />
  <testcase classname="ptolemy.util.test.junit.AutoTests" name="[45] /home/travis/build/icyphy/ptII/ptolemy/actor/lib/hoc/test/auto/MultiInstanceComposite.xml (RunModel)" time="0.077" />
  <testcase classname="ptolemy.util.test.junit.AutoTests" name="[46] /home/travis/build/icyphy/ptII/ptolemy/actor/lib/hoc/test/auto/MultiInstanceComposite2.xml (RunModel)" time="0.052" />
  <testcase classname="ptolemy.util.test.junit.AutoTests" name="[47] /home/travis/build/icyphy/ptII/ptolemy/actor/lib/hoc/test/auto/MulticoreExecution.xml (RunModel)" time="1.078" />
  <testcase classname="ptolemy.util.test.junit.AutoTests" name="[48] /home/travis/build/icyphy/ptII/ptolemy/actor/lib/hoc/test/auto/ParallelExecution.xml (RunModel)" time="0.963" />
  <testcase classname="ptolemy.util.test.junit.AutoTests" name="[49] /home/travis/build/icyphy/ptII/ptolemy/actor/lib/hoc/test/auto/RunCompositeActor.xml (RunModel)" time="0.028" />
  <testcase classname="ptolemy.util.test.junit.AutoTests" name="[50] /home/travis/build/icyphy/ptII/ptolemy/actor/lib/hoc/test/auto/RunCompositeActor2.xml (RunModel)" time="0.027" />
  <testcase classname="ptolemy.util.test.junit.AutoTests" name="[51] /home/travis/build/icyphy/ptII/ptolemy/actor/lib/hoc/test/auto/RunCompositeActor3.xml (RunModel)" time="0.019" />
  <testcase classname="ptolemy.util.test.junit.AutoTests" name="[52] /home/travis/build/icyphy/ptII/ptolemy/actor/lib/hoc/test/auto/RunCompositeActor4.xml (RunModel)" time="0.026" />
  <testcase classname="ptolemy.util.test.junit.AutoTests" name="[53] /home/travis/build/icyphy/ptII/ptolemy/actor/lib/hoc/test/auto/RunCompositeIterateOverArray.xml (RunModel)" time="0.035" />
  <testcase classname="ptolemy.util.test.junit.AutoTests" name="[54] /home/travis/build/icyphy/ptII/ptolemy/actor/lib/hoc/test/auto/ThreadedJS.xml (RunModel)" time="13.7" />
  <system-out><![CDATA[/home/travis/build/icyphy/ptII/ptolemy/actor/lib/hoc/test/IterateOverArray.tcl
testDefs.tcl: setting time out to 9000 seconds at Mon Sep 09 05:38:16 UTC 2019
09/09/19 05:38:17
Failed: 0  Total Tests: 2  ((Passed: 2, Newly Passed: 0)  Known Failed: 0) /home/travis/build/icyphy/ptII/ptolemy/actor/lib/hoc/test
----------------- testing (KnownFailure) /home/travis/build/icyphy/ptII/ptolemy/actor/lib/hoc/test/auto/knownFailedTests/PreinitializeMustBeInvokedRunComposite.xml
166 ms. Memory: 120832K Free: 79813K (66%)
Known Failure: java.lang.reflect.InvocationTargetException
No auto/linux-amd64/*.xml tests in /home/travis/build/icyphy/ptII/ptolemy/actor/lib/hoc/test
AutoTests.java: About to close Vertx.
AutoTests.java: Vertx closed.

===========================================================================================
----------------- testing Mon Sep 09 05:38:18 UTC 2019 /home/travis/build/icyphy/ptII/ptolemy/actor/lib/hoc/test/auto/AllToAllMultiInstanceComposite.xml
----------------- Instantiating /home/travis/build/icyphy/ptII/ptolemy/actor/lib/hoc/test/auto/AllToAllMultiInstanceComposite.xml
178 ms. Memory: 120832K Free: 89512K (74%)
----------------- Invoking toplevel() on ptolemy.moml.MoMLSimpleApplication@10db3e0f
----------------- Done invoking toplevel() on ptolemy.moml.MoMLSimpleApplication@10db3e0f
reloadAllAccessors: .AllToAllMultiInstanceComposite

===========================================================================================
----------------- testing Mon Sep 09 05:38:18 UTC 2019 /home/travis/build/icyphy/ptII/ptolemy/actor/lib/hoc/test/auto/ApplyFFTTest.xml
----------------- Instantiating /home/travis/build/icyphy/ptII/ptolemy/actor/lib/hoc/test/auto/ApplyFFTTest.xml
195 ms. Memory: 120832K Free: 92482K (77%)
----------------- Invoking toplevel() on ptolemy.moml.MoMLSimpleApplication@34448a2e
----------------- Done invoking toplevel() on ptolemy.moml.MoMLSimpleApplication@34448a2e
reloadAllAccessors: .ApplyFFTTest

===========================================================================================
----------------- testing Mon Sep 09 05:38:19 UTC 2019 /home/travis/build/icyphy/ptII/ptolemy/actor/lib/hoc/test/auto/ApplyFunction.xml
----------------- Instantiating /home/travis/build/icyphy/ptII/ptolemy/actor/lib/hoc/test/auto/ApplyFunction.xml
10 ms. Memory: 120832K Free: 89332K (74%)
----------------- Invoking toplevel() on ptolemy.moml.MoMLSimpleApplication@3c661842
----------------- Done invoking toplevel() on ptolemy.moml.MoMLSimpleApplication@3c661842
reloadAllAccessors: .ApplyFunction

===========================================================================================
----------------- testing Mon Sep 09 05:38:19 UTC 2019 /home/travis/build/icyphy/ptII/ptolemy/actor/lib/hoc/test/auto/BackgroundExecution.xml
----------------- Instantiating /home/travis/build/icyphy/ptII/ptolemy/actor/lib/hoc/test/auto/BackgroundExecution.xml
633 ms. Memory: 120832K Free: 81853K (68%)
----------------- Invoking toplevel() on ptolemy.moml.MoMLSimpleApplication@7ee1a485
----------------- Done invoking toplevel() on ptolemy.moml.MoMLSimpleApplication@7ee1a485
reloadAllAccessors: .BackgroundExecution

===========================================================================================
----------------- testing Mon Sep 09 05:38:19 UTC 2019 /home/travis/build/icyphy/ptII/ptolemy/actor/lib/hoc/test/auto/Case.xml
----------------- Instantiating /home/travis/build/icyphy/ptII/ptolemy/actor/lib/hoc/test/auto/Case.xml
29 ms. Memory: 148480K Free: 134311K (90%)
----------------- Invoking toplevel() on ptolemy.moml.MoMLSimpleApplication@646b264e
----------------- Done invoking toplevel() on ptolemy.moml.MoMLSimpleApplication@646b264e
reloadAllAccessors: .Case

===========================================================================================
----------------- testing Mon Sep 09 05:38:20 UTC 2019 /home/travis/build/icyphy/ptII/ptolemy/actor/lib/hoc/test/auto/Case1.xml
----------------- Instantiating /home/travis/build/icyphy/ptII/ptolemy/actor/lib/hoc/test/auto/Case1.xml
12 ms. Memory: 148480K Free: 127490K (86%)
----------------- Invoking toplevel() on ptolemy.moml.MoMLSimpleApplication@3937c2eb
----------------- Done invoking toplevel() on ptolemy.moml.MoMLSimpleApplication@3937c2eb
reloadAllAccessors: .Case1

===========================================================================================
----------------- testing Mon Sep 09 05:38:20 UTC 2019 /home/travis/build/icyphy/ptII/ptolemy/actor/lib/hoc/test/auto/Case2.xml
----------------- Instantiating /home/travis/build/icyphy/ptII/ptolemy/actor/lib/hoc/test/auto/Case2.xml
34 ms. Memory: 148480K Free: 117296K (79%)
----------------- Invoking toplevel() on ptolemy.moml.MoMLSimpleApplication@2b136dae
----------------- Done invoking toplevel() on ptolemy.moml.MoMLSimpleApplication@2b136dae
reloadAllAccessors: .Case2

===========================================================================================
----------------- testing Mon Sep 09 05:38:20 UTC 2019 /home/travis/build/icyphy/ptII/ptolemy/actor/lib/hoc/test/auto/Case3.xml
----------------- Instantiating /home/travis/build/icyphy/ptII/ptolemy/actor/lib/hoc/test/auto/Case3.xml
19 ms. Memory: 148480K Free: 111439K (75%)
----------------- Invoking toplevel() on ptolemy.moml.MoMLSimpleApplication@5098db8a
----------------- Done invoking toplevel() on ptolemy.moml.MoMLSimpleApplication@5098db8a
reloadAllAccessors: .Case3

===========================================================================================
----------------- testing Mon Sep 09 05:38:20 UTC 2019 /home/travis/build/icyphy/ptII/ptolemy/actor/lib/hoc/test/auto/Case4.xml
----------------- Instantiating /home/travis/build/icyphy/ptII/ptolemy/actor/lib/hoc/test/auto/Case4.xml
21 ms. Memory: 148480K Free: 103268K (70%)
----------------- Invoking toplevel() on ptolemy.moml.MoMLSimpleApplication@77a24747
----------------- Done invoking toplevel() on ptolemy.moml.MoMLSimpleApplication@77a24747
reloadAllAccessors: .Case4

===========================================================================================
----------------- testing Mon Sep 09 05:38:20 UTC 2019 /home/travis/build/icyphy/ptII/ptolemy/actor/lib/hoc/test/auto/Case5.xml
----------------- Instantiating /home/travis/build/icyphy/ptII/ptolemy/actor/lib/hoc/test/auto/Case5.xml
70 ms. Memory: 148480K Free: 97131K (65%)
----------------- Invoking toplevel() on ptolemy.moml.MoMLSimpleApplication@6a82f1a3
----------------- Done invoking toplevel() on ptolemy.moml.MoMLSimpleApplication@6a82f1a3
reloadAllAccessors: .junk

===========================================================================================
----------------- testing Mon Sep 09 05:38:20 UTC 2019 /home/travis/build/icyphy/ptII/ptolemy/actor/lib/hoc/test/auto/Case6.xml
----------------- Instantiating /home/travis/build/icyphy/ptII/ptolemy/actor/lib/hoc/test/auto/Case6.xml
27 ms. Memory: 148480K Free: 129191K (87%)
----------------- Invoking toplevel() on ptolemy.moml.MoMLSimpleApplication@7333510c
----------------- Done invoking toplevel() on ptolemy.moml.MoMLSimpleApplication@7333510c
reloadAllAccessors: .Case6

===========================================================================================
----------------- testing Mon Sep 09 05:38:20 UTC 2019 /home/travis/build/icyphy/ptII/ptolemy/actor/lib/hoc/test/auto/CaseString2.xml
----------------- Instantiating /home/travis/build/icyphy/ptII/ptolemy/actor/lib/hoc/test/auto/CaseString2.xml
22 ms. Memory: 148480K Free: 121410K (82%)
----------------- Invoking toplevel() on ptolemy.moml.MoMLSimpleApplication@713eca08
----------------- Done invoking toplevel() on ptolemy.moml.MoMLSimpleApplication@713eca08
reloadAllAccessors: .CaseString2

===========================================================================================
----------------- testing Mon Sep 09 05:38:20 UTC 2019 /home/travis/build/icyphy/ptII/ptolemy/actor/lib/hoc/test/auto/CatchUpComposite1.xml
----------------- Instantiating /home/travis/build/icyphy/ptII/ptolemy/actor/lib/hoc/test/auto/CatchUpComposite1.xml
39 ms. Memory: 148480K Free: 112208K (76%)
----------------- Invoking toplevel() on ptolemy.moml.MoMLSimpleApplication@28d63d10
----------------- Done invoking toplevel() on ptolemy.moml.MoMLSimpleApplication@28d63d10
reloadAllAccessors: .CatchUpComposite1

===========================================================================================
----------------- testing Mon Sep 09 05:38:20 UTC 2019 /home/travis/build/icyphy/ptII/ptolemy/actor/lib/hoc/test/auto/CatchUpComposite2.xml
----------------- Instantiating /home/travis/build/icyphy/ptII/ptolemy/actor/lib/hoc/test/auto/CatchUpComposite2.xml
13 ms. Memory: 148480K Free: 103986K (70%)
----------------- Invoking toplevel() on ptolemy.moml.MoMLSimpleApplication@384fdac3
----------------- Done invoking toplevel() on ptolemy.moml.MoMLSimpleApplication@384fdac3
reloadAllAccessors: .CatchUpComposite2

===========================================================================================
----------------- testing Mon Sep 09 05:38:20 UTC 2019 /home/travis/build/icyphy/ptII/ptolemy/actor/lib/hoc/test/auto/CatchUpComposite3.xml
----------------- Instantiating /home/travis/build/icyphy/ptII/ptolemy/actor/lib/hoc/test/auto/CatchUpComposite3.xml
30 ms. Memory: 148480K Free: 95462K (64%)
----------------- Invoking toplevel() on ptolemy.moml.MoMLSimpleApplication@70da16d8
----------------- Done invoking toplevel() on ptolemy.moml.MoMLSimpleApplication@70da16d8
reloadAllAccessors: .CatchUpComposite3

===========================================================================================
----------------- testing Mon Sep 09 05:38:20 UTC 2019 /home/travis/build/icyphy/ptII/ptolemy/actor/lib/hoc/test/auto/CatchUpComposite4.xml
----------------- Instantiating /home/travis/build/icyphy/ptII/ptolemy/actor/lib/hoc/test/auto/CatchUpComposite4.xml
28 ms. Memory: 148480K Free: 87594K (59%)
----------------- Invoking toplevel() on ptolemy.moml.MoMLSimpleApplication@76cb94c0
----------------- Done invoking toplevel() on ptolemy.moml.MoMLSimpleApplication@76cb94c0
reloadAllAccessors: .CatchUpComposite4

===========================================================================================
----------------- testing Mon Sep 09 05:38:20 UTC 2019 /home/travis/build/icyphy/ptII/ptolemy/actor/lib/hoc/test/auto/CatchUpComposite5.xml
----------------- Instantiating /home/travis/build/icyphy/ptII/ptolemy/actor/lib/hoc/test/auto/CatchUpComposite5.xml
19 ms. Memory: 148480K Free: 134485K (91%)
----------------- Invoking toplevel() on ptolemy.moml.MoMLSimpleApplication@18efe49d
----------------- Done invoking toplevel() on ptolemy.moml.MoMLSimpleApplication@18efe49d
reloadAllAccessors: .CatchUpComposite5

===========================================================================================
----------------- testing Mon Sep 09 05:38:21 UTC 2019 /home/travis/build/icyphy/ptII/ptolemy/actor/lib/hoc/test/auto/CatchUpComposite6.xml
----------------- Instantiating /home/travis/build/icyphy/ptII/ptolemy/actor/lib/hoc/test/auto/CatchUpComposite6.xml
WARNING: The execution aspects in this model can influence the timing of actors by delaying the 
execution, potentially changing the behavior. There is no guarantee that actors fire at the 
time they request to be fired. 
Use Ptides for deterministic DE behavior that is not influenced by execution aspects. 

113 ms. Memory: 148480K Free: 119233K (80%)
----------------- Invoking toplevel() on ptolemy.moml.MoMLSimpleApplication@b0c13ef
----------------- Done invoking toplevel() on ptolemy.moml.MoMLSimpleApplication@b0c13ef
reloadAllAccessors: .CatchUpComposite6

===========================================================================================
----------------- testing Mon Sep 09 05:38:21 UTC 2019 /home/travis/build/icyphy/ptII/ptolemy/actor/lib/hoc/test/auto/CatchUpComposite7.xml
----------------- Instantiating /home/travis/build/icyphy/ptII/ptolemy/actor/lib/hoc/test/auto/CatchUpComposite7.xml
WARNING: The execution aspects in this model can influence the timing of actors by delaying the 
execution, potentially changing the behavior. There is no guarantee that actors fire at the 
time they request to be fired. 
Use Ptides for deterministic DE behavior that is not influenced by execution aspects. 

49 ms. Memory: 148480K Free: 105411K (71%)
----------------- Invoking toplevel() on ptolemy.moml.MoMLSimpleApplication@466d0af1
----------------- Done invoking toplevel() on ptolemy.moml.MoMLSimpleApplication@466d0af1
reloadAllAccessors: .CatchUpComposite7

===========================================================================================
----------------- testing Mon Sep 09 05:38:21 UTC 2019 /home/travis/build/icyphy/ptII/ptolemy/actor/lib/hoc/test/auto/ConcurrentExecutionTimeSDF.xml
----------------- Instantiating /home/travis/build/icyphy/ptII/ptolemy/actor/lib/hoc/test/auto/ConcurrentExecutionTimeSDF.xml
Fired ExecutionTime: 40400000
Fired ExecutionTime: 40400000
Fired ExecutionTime: 40400000
Fired ExecutionTime: 40400000
Fired ExecutionTime: 40400000
Fired ExecutionTime: 40400000
Fired ExecutionTime: 40400000
Fired ExecutionTime: 40400000
Fired ExecutionTime: 40400000
Fired ExecutionTime: 40400000
Fired ExecutionTime: 40400000
Fired ExecutionTime: 40400000
Fired ExecutionTime: 40400000
Fired ExecutionTime: 40400000
Fired ExecutionTime: 40400000
Fired ExecutionTime: 40400000
Fired ExecutionTime: 40400000
Fired ExecutionTime: 40400000
Fired ExecutionTime: 40400000
Fired ExecutionTime: 40400000
1351 ms. Memory: 148480K Free: 98243K (66%)
----------------- Invoking toplevel() on ptolemy.moml.MoMLSimpleApplication@6ae8bf0c
----------------- Done invoking toplevel() on ptolemy.moml.MoMLSimpleApplication@6ae8bf0c
reloadAllAccessors: .ConcurrentExecutionTimeSDF

===========================================================================================
----------------- testing Mon Sep 09 05:38:22 UTC 2019 /home/travis/build/icyphy/ptII/ptolemy/actor/lib/hoc/test/auto/ConcurrentSleep.xml
----------------- Instantiating /home/travis/build/icyphy/ptII/ptolemy/actor/lib/hoc/test/auto/ConcurrentSleep.xml
729 ms. Memory: 148480K Free: 86979K (59%)
----------------- Invoking toplevel() on ptolemy.moml.MoMLSimpleApplication@5a47b220
----------------- Done invoking toplevel() on ptolemy.moml.MoMLSimpleApplication@5a47b220
reloadAllAccessors: .ConcurrentSleep

===========================================================================================
----------------- testing Mon Sep 09 05:38:23 UTC 2019 /home/travis/build/icyphy/ptII/ptolemy/actor/lib/hoc/test/auto/DEInPNInRunCompositeActor.xml
----------------- Instantiating /home/travis/build/icyphy/ptII/ptolemy/actor/lib/hoc/test/auto/DEInPNInRunCompositeActor.xml
8 ms. Memory: 148480K Free: 80835K (54%)
----------------- Invoking toplevel() on ptolemy.moml.MoMLSimpleApplication@2fe43edb
----------------- Done invoking toplevel() on ptolemy.moml.MoMLSimpleApplication@2fe43edb
reloadAllAccessors: .DEInPNInRunCompositeActor

===========================================================================================
----------------- testing Mon Sep 09 05:38:23 UTC 2019 /home/travis/build/icyphy/ptII/ptolemy/actor/lib/hoc/test/auto/DFTSubSetTest.xml
----------------- Instantiating /home/travis/build/icyphy/ptII/ptolemy/actor/lib/hoc/test/auto/DFTSubSetTest.xml
207 ms. Memory: 148480K Free: 117137K (79%)
----------------- Invoking toplevel() on ptolemy.moml.MoMLSimpleApplication@14a3ebf4
----------------- Done invoking toplevel() on ptolemy.moml.MoMLSimpleApplication@14a3ebf4
reloadAllAccessors: .DFTSubSetTest

===========================================================================================
----------------- testing Mon Sep 09 05:38:23 UTC 2019 /home/travis/build/icyphy/ptII/ptolemy/actor/lib/hoc/test/auto/HocDE.xml
----------------- Instantiating /home/travis/build/icyphy/ptII/ptolemy/actor/lib/hoc/test/auto/HocDE.xml
153 ms. Memory: 148480K Free: 91915K (62%)
----------------- Invoking toplevel() on ptolemy.moml.MoMLSimpleApplication@2bcb56a5
----------------- Done invoking toplevel() on ptolemy.moml.MoMLSimpleApplication@2bcb56a5
reloadAllAccessors: .HocDE

===========================================================================================
----------------- testing Mon Sep 09 05:38:24 UTC 2019 /home/travis/build/icyphy/ptII/ptolemy/actor/lib/hoc/test/auto/IterateOverArray.xml
----------------- Instantiating /home/travis/build/icyphy/ptII/ptolemy/actor/lib/hoc/test/auto/IterateOverArray.xml
5 ms. Memory: 148480K Free: 87369K (59%)
----------------- Invoking toplevel() on ptolemy.moml.MoMLSimpleApplication@75375765
----------------- Done invoking toplevel() on ptolemy.moml.MoMLSimpleApplication@75375765
reloadAllAccessors: .IterateOverArray

===========================================================================================
----------------- testing Mon Sep 09 05:38:24 UTC 2019 /home/travis/build/icyphy/ptII/ptolemy/actor/lib/hoc/test/auto/IterateOverArray10.xml
----------------- Instantiating /home/travis/build/icyphy/ptII/ptolemy/actor/lib/hoc/test/auto/IterateOverArray10.xml
3 ms. Memory: 148480K Free: 84160K (57%)
----------------- Invoking toplevel() on ptolemy.moml.MoMLSimpleApplication@9fcb388
----------------- Done invoking toplevel() on ptolemy.moml.MoMLSimpleApplication@9fcb388
reloadAllAccessors: .IterateOverArray10

===========================================================================================
----------------- testing Mon Sep 09 05:38:24 UTC 2019 /home/travis/build/icyphy/ptII/ptolemy/actor/lib/hoc/test/auto/IterateOverArray11.xml
----------------- Instantiating /home/travis/build/icyphy/ptII/ptolemy/actor/lib/hoc/test/auto/IterateOverArray11.xml
3 ms. Memory: 148480K Free: 80186K (54%)
----------------- Invoking toplevel() on ptolemy.moml.MoMLSimpleApplication@268c7ed7
----------------- Done invoking toplevel() on ptolemy.moml.MoMLSimpleApplication@268c7ed7
reloadAllAccessors: .IterateOverArray11

===========================================================================================
----------------- testing Mon Sep 09 05:38:24 UTC 2019 /home/travis/build/icyphy/ptII/ptolemy/actor/lib/hoc/test/auto/IterateOverArray12.xml
----------------- Instantiating /home/travis/build/icyphy/ptII/ptolemy/actor/lib/hoc/test/auto/IterateOverArray12.xml
25 ms. Memory: 148480K Free: 74507K (50%)
----------------- Invoking toplevel() on ptolemy.moml.MoMLSimpleApplication@39a87451
----------------- Done invoking toplevel() on ptolemy.moml.MoMLSimpleApplication@39a87451
reloadAllAccessors: .IterateOverArray12

===========================================================================================
----------------- testing Mon Sep 09 05:38:24 UTC 2019 /home/travis/build/icyphy/ptII/ptolemy/actor/lib/hoc/test/auto/IterateOverArray13.xml
----------------- Instantiating /home/travis/build/icyphy/ptII/ptolemy/actor/lib/hoc/test/auto/IterateOverArray13.xml
73 ms. Memory: 148480K Free: 48472K (33%)
----------------- Invoking toplevel() on ptolemy.moml.MoMLSimpleApplication@73bdd392
----------------- Done invoking toplevel() on ptolemy.moml.MoMLSimpleApplication@73bdd392
reloadAllAccessors: .IterateOverArray13

===========================================================================================
----------------- testing Mon Sep 09 05:38:24 UTC 2019 /home/travis/build/icyphy/ptII/ptolemy/actor/lib/hoc/test/auto/IterateOverArray14.xml
----------------- Instantiating /home/travis/build/icyphy/ptII/ptolemy/actor/lib/hoc/test/auto/IterateOverArray14.xml
82 ms. Memory: 148480K Free: 102553K (69%)
----------------- Invoking toplevel() on ptolemy.moml.MoMLSimpleApplication@70f97cb9
----------------- Done invoking toplevel() on ptolemy.moml.MoMLSimpleApplication@70f97cb9
reloadAllAccessors: .IterateOverArray14

===========================================================================================
----------------- testing Mon Sep 09 05:38:24 UTC 2019 /home/travis/build/icyphy/ptII/ptolemy/actor/lib/hoc/test/auto/IterateOverArray2.xml
----------------- Instantiating /home/travis/build/icyphy/ptII/ptolemy/actor/lib/hoc/test/auto/IterateOverArray2.xml
10 ms. Memory: 148480K Free: 97943K (66%)
----------------- Invoking toplevel() on ptolemy.moml.MoMLSimpleApplication@3e501c46
----------------- Done invoking toplevel() on ptolemy.moml.MoMLSimpleApplication@3e501c46
reloadAllAccessors: .IterateOverArray2

===========================================================================================
----------------- testing Mon Sep 09 05:38:24 UTC 2019 /home/travis/build/icyphy/ptII/ptolemy/actor/lib/hoc/test/auto/IterateOverArray3.xml
----------------- Instantiating /home/travis/build/icyphy/ptII/ptolemy/actor/lib/hoc/test/auto/IterateOverArray3.xml
11 ms. Memory: 148480K Free: 91799K (62%)
----------------- Invoking toplevel() on ptolemy.moml.MoMLSimpleApplication@16f6c0c0
----------------- Done invoking toplevel() on ptolemy.moml.MoMLSimpleApplication@16f6c0c0
reloadAllAccessors: .IterateOverArray3

===========================================================================================
----------------- testing Mon Sep 09 05:38:24 UTC 2019 /home/travis/build/icyphy/ptII/ptolemy/actor/lib/hoc/test/auto/IterateOverArray4.xml
----------------- Instantiating /home/travis/build/icyphy/ptII/ptolemy/actor/lib/hoc/test/auto/IterateOverArray4.xml
20 ms. Memory: 148480K Free: 87703K (59%)
----------------- Invoking toplevel() on ptolemy.moml.MoMLSimpleApplication@593880e3
----------------- Done invoking toplevel() on ptolemy.moml.MoMLSimpleApplication@593880e3
reloadAllAccessors: .IterateOverArray4

===========================================================================================
----------------- testing Mon Sep 09 05:38:24 UTC 2019 /home/travis/build/icyphy/ptII/ptolemy/actor/lib/hoc/test/auto/IterateOverArray5.xml
----------------- Instantiating /home/travis/build/icyphy/ptII/ptolemy/actor/lib/hoc/test/auto/IterateOverArray5.xml
7 ms. Memory: 148480K Free: 83607K (56%)
----------------- Invoking toplevel() on ptolemy.moml.MoMLSimpleApplication@40c905c9
----------------- Done invoking toplevel() on ptolemy.moml.MoMLSimpleApplication@40c905c9
reloadAllAccessors: .IterateOverArray5

===========================================================================================
----------------- testing Mon Sep 09 05:38:24 UTC 2019 /home/travis/build/icyphy/ptII/ptolemy/actor/lib/hoc/test/auto/IterateOverArray6.xml
----------------- Instantiating /home/travis/build/icyphy/ptII/ptolemy/actor/lib/hoc/test/auto/IterateOverArray6.xml
2 ms. Memory: 148480K Free: 80535K (54%)
----------------- Invoking toplevel() on ptolemy.moml.MoMLSimpleApplication@1badc236
----------------- Done invoking toplevel() on ptolemy.moml.MoMLSimpleApplication@1badc236
reloadAllAccessors: .IterateOverArray6

===========================================================================================
----------------- testing Mon Sep 09 05:38:24 UTC 2019 /home/travis/build/icyphy/ptII/ptolemy/actor/lib/hoc/test/auto/IterateOverArray7.xml
----------------- Instantiating /home/travis/build/icyphy/ptII/ptolemy/actor/lib/hoc/test/auto/IterateOverArray7.xml
6 ms. Memory: 148480K Free: 75929K (51%)
----------------- Invoking toplevel() on ptolemy.moml.MoMLSimpleApplication@20fbcf85
----------------- Done invoking toplevel() on ptolemy.moml.MoMLSimpleApplication@20fbcf85
reloadAllAccessors: .IterateOverArray7

===========================================================================================
----------------- testing Mon Sep 09 05:38:24 UTC 2019 /home/travis/build/icyphy/ptII/ptolemy/actor/lib/hoc/test/auto/IterateOverArray8.xml
----------------- Instantiating /home/travis/build/icyphy/ptII/ptolemy/actor/lib/hoc/test/auto/IterateOverArray8.xml
7 ms. Memory: 148480K Free: 71833K (48%)
----------------- Invoking toplevel() on ptolemy.moml.MoMLSimpleApplication@66c42d3a
----------------- Done invoking toplevel() on ptolemy.moml.MoMLSimpleApplication@66c42d3a
reloadAllAccessors: .IterateOverArray8

===========================================================================================
----------------- testing Mon Sep 09 05:38:24 UTC 2019 /home/travis/build/icyphy/ptII/ptolemy/actor/lib/hoc/test/auto/IterateOverArray9.xml
----------------- Instantiating /home/travis/build/icyphy/ptII/ptolemy/actor/lib/hoc/test/auto/IterateOverArray9.xml
4 ms. Memory: 148480K Free: 68247K (46%)
----------------- Invoking toplevel() on ptolemy.moml.MoMLSimpleApplication@3ccf2717
----------------- Done invoking toplevel() on ptolemy.moml.MoMLSimpleApplication@3ccf2717
reloadAllAccessors: .IterateOverArray9

===========================================================================================
----------------- testing Mon Sep 09 05:38:24 UTC 2019 /home/travis/build/icyphy/ptII/ptolemy/actor/lib/hoc/test/auto/IterateOverArrayCoercedOutputType.xml
----------------- Instantiating /home/travis/build/icyphy/ptII/ptolemy/actor/lib/hoc/test/auto/IterateOverArrayCoercedOutputType.xml
7 ms. Memory: 148480K Free: 63127K (43%)
----------------- Invoking toplevel() on ptolemy.moml.MoMLSimpleApplication@31f25b97
----------------- Done invoking toplevel() on ptolemy.moml.MoMLSimpleApplication@31f25b97
reloadAllAccessors: .IterateOverArrayCoercedOutputType

===========================================================================================
----------------- testing Mon Sep 09 05:38:24 UTC 2019 /home/travis/build/icyphy/ptII/ptolemy/actor/lib/hoc/test/auto/IterateOverArrayInferredOutputType.xml
----------------- Instantiating /home/travis/build/icyphy/ptII/ptolemy/actor/lib/hoc/test/auto/IterateOverArrayInferredOutputType.xml
5 ms. Memory: 148480K Free: 58007K (39%)
----------------- Invoking toplevel() on ptolemy.moml.MoMLSimpleApplication@2593aba7
----------------- Done invoking toplevel() on ptolemy.moml.MoMLSimpleApplication@2593aba7
reloadAllAccessors: .IterateOverArrayInferredOutputType

===========================================================================================
----------------- testing Mon Sep 09 05:38:24 UTC 2019 /home/travis/build/icyphy/ptII/ptolemy/actor/lib/hoc/test/auto/MobileFunctionTest.xml
----------------- Instantiating /home/travis/build/icyphy/ptII/ptolemy/actor/lib/hoc/test/auto/MobileFunctionTest.xml
5 ms. Memory: 148480K Free: 53905K (36%)
----------------- Invoking toplevel() on ptolemy.moml.MoMLSimpleApplication@431f3ddb
----------------- Done invoking toplevel() on ptolemy.moml.MoMLSimpleApplication@431f3ddb
reloadAllAccessors: .MobileFunctionTest

===========================================================================================
----------------- testing Mon Sep 09 05:38:24 UTC 2019 /home/travis/build/icyphy/ptII/ptolemy/actor/lib/hoc/test/auto/MobileModelTest.xml
----------------- Instantiating /home/travis/build/icyphy/ptII/ptolemy/actor/lib/hoc/test/auto/MobileModelTest.xml
146 ms. Memory: 148480K Free: 120375K (81%)
----------------- Invoking toplevel() on ptolemy.moml.MoMLSimpleApplication@5627fbb7
----------------- Done invoking toplevel() on ptolemy.moml.MoMLSimpleApplication@5627fbb7
reloadAllAccessors: .MobileModelTest

===========================================================================================
----------------- testing Mon Sep 09 05:38:25 UTC 2019 /home/travis/build/icyphy/ptII/ptolemy/actor/lib/hoc/test/auto/ModelReference.xml
----------------- Instantiating /home/travis/build/icyphy/ptII/ptolemy/actor/lib/hoc/test/auto/ModelReference.xml
2 ms. Memory: 148480K Free: 113627K (77%)
2 ms. Memory: 148480K Free: 113054K (76%)
2 ms. Memory: 148480K Free: 112136K (76%)
2 ms. Memory: 148480K Free: 111120K (75%)
1 ms. Memory: 148480K Free: 110547K (74%)
1 ms. Memory: 148480K Free: 109531K (74%)
2 ms. Memory: 148480K Free: 108958K (73%)
2 ms. Memory: 148480K Free: 108040K (73%)
3 ms. Memory: 148480K Free: 107024K (72%)
4 ms. Memory: 148480K Free: 106451K (72%)
33 ms. Memory: 148480K Free: 106451K (72%)
----------------- Invoking toplevel() on ptolemy.moml.MoMLSimpleApplication@c13aab6
----------------- Done invoking toplevel() on ptolemy.moml.MoMLSimpleApplication@c13aab6
reloadAllAccessors: .ModelReference

===========================================================================================
----------------- testing Mon Sep 09 05:38:25 UTC 2019 /home/travis/build/icyphy/ptII/ptolemy/actor/lib/hoc/test/auto/ModelReference3.xml
----------------- Instantiating /home/travis/build/icyphy/ptII/ptolemy/actor/lib/hoc/test/auto/ModelReference3.xml
2 ms. Memory: 148480K Free: 101880K (69%)
5 ms. Memory: 148480K Free: 101315K (68%)
2 ms. Memory: 148480K Free: 100329K (68%)
4 ms. Memory: 148480K Free: 99742K (67%)
3 ms. Memory: 148480K Free: 98870K (67%)
2 ms. Memory: 148480K Free: 97791K (66%)
3 ms. Memory: 148480K Free: 97219K (65%)
3 ms. Memory: 148480K Free: 96233K (65%)
2 ms. Memory: 148480K Free: 95646K (64%)
2 ms. Memory: 148480K Free: 94774K (64%)
35 ms. Memory: 148480K Free: 94774K (64%)
----------------- Invoking toplevel() on ptolemy.moml.MoMLSimpleApplication@690f6848
----------------- Done invoking toplevel() on ptolemy.moml.MoMLSimpleApplication@690f6848
reloadAllAccessors: .ModelReference3

===========================================================================================
----------------- testing Mon Sep 09 05:38:25 UTC 2019 /home/travis/build/icyphy/ptII/ptolemy/actor/lib/hoc/test/auto/ModelReference4.xml
----------------- Instantiating /home/travis/build/icyphy/ptII/ptolemy/actor/lib/hoc/test/auto/ModelReference4.xml
2 ms. Memory: 148480K Free: 90075K (61%)
2 ms. Memory: 148480K Free: 88576K (60%)
1 ms. Memory: 148480K Free: 87590K (59%)
2 ms. Memory: 148480K Free: 86582K (58%)
4 ms. Memory: 148480K Free: 85528K (58%)
2 ms. Memory: 148480K Free: 83915K (57%)
3 ms. Memory: 148480K Free: 82891K (56%)
2 ms. Memory: 148480K Free: 81416K (55%)
2 ms. Memory: 148480K Free: 80392K (54%)
2 ms. Memory: 148480K Free: 79414K (53%)
10017 ms. Memory: 148480K Free: 79414K (53%)
----------------- Invoking toplevel() on ptolemy.moml.MoMLSimpleApplication@65b30a3b
----------------- Done invoking toplevel() on ptolemy.moml.MoMLSimpleApplication@65b30a3b
reloadAllAccessors: .ModelReference4

===========================================================================================
----------------- testing Mon Sep 09 05:38:35 UTC 2019 /home/travis/build/icyphy/ptII/ptolemy/actor/lib/hoc/test/auto/MultiInstanceComposite.xml
----------------- Instantiating /home/travis/build/icyphy/ptII/ptolemy/actor/lib/hoc/test/auto/MultiInstanceComposite.xml
38 ms. Memory: 148480K Free: 60393K (41%)
----------------- Invoking toplevel() on ptolemy.moml.MoMLSimpleApplication@48f53ff0
----------------- Done invoking toplevel() on ptolemy.moml.MoMLSimpleApplication@48f53ff0
reloadAllAccessors: .MultiInstanceComposite

===========================================================================================
----------------- testing Mon Sep 09 05:38:35 UTC 2019 /home/travis/build/icyphy/ptII/ptolemy/actor/lib/hoc/test/auto/MultiInstanceComposite2.xml
----------------- Instantiating /home/travis/build/icyphy/ptII/ptolemy/actor/lib/hoc/test/auto/MultiInstanceComposite2.xml
25 ms. Memory: 148480K Free: 49113K (33%)
----------------- Invoking toplevel() on ptolemy.moml.MoMLSimpleApplication@773d1330
----------------- Done invoking toplevel() on ptolemy.moml.MoMLSimpleApplication@773d1330
reloadAllAccessors: .MultiInstanceComposite2

===========================================================================================
----------------- testing Mon Sep 09 05:38:35 UTC 2019 /home/travis/build/icyphy/ptII/ptolemy/actor/lib/hoc/test/auto/MulticoreExecution.xml
----------------- Instantiating /home/travis/build/icyphy/ptII/ptolemy/actor/lib/hoc/test/auto/MulticoreExecution.xml
Fired ExecutionTime: 2000000
Fired ExecutionTime: 4000000
Fired ExecutionTime: 16000000
Fired ExecutionTime: 19600000
Fired ExecutionTime: 31600000
Fired ExecutionTime: 31600000
Fired ExecutionTime: 37200000
Fired ExecutionTime: 15200000
Fired ExecutionTime: 27600000
Fired ExecutionTime: 31200000
Fired ExecutionTime: 88400000
Fired ExecutionTime: 90400000
Fired ExecutionTime: 92400000
Fired ExecutionTime: 90000000
Fired ExecutionTime: 90000000
Fired ExecutionTime: 88800000
Fired ExecutionTime: 87600000
Fired ExecutionTime: 89200000
Fired ExecutionTime: 82400000
Fired ExecutionTime: 89600000
1044 ms. Memory: 148480K Free: 127153K (86%)
----------------- Invoking toplevel() on ptolemy.moml.MoMLSimpleApplication@1a13dfb6
----------------- Done invoking toplevel() on ptolemy.moml.MoMLSimpleApplication@1a13dfb6
reloadAllAccessors: .MulticoreExecution

===========================================================================================
----------------- testing Mon Sep 09 05:38:36 UTC 2019 /home/travis/build/icyphy/ptII/ptolemy/actor/lib/hoc/test/auto/ParallelExecution.xml
----------------- Instantiating /home/travis/build/icyphy/ptII/ptolemy/actor/lib/hoc/test/auto/ParallelExecution.xml
925 ms. Memory: 148480K Free: 119471K (80%)
----------------- Invoking toplevel() on ptolemy.moml.MoMLSimpleApplication@429a5c3
----------------- Done invoking toplevel() on ptolemy.moml.MoMLSimpleApplication@429a5c3
reloadAllAccessors: .ParallelExecution

===========================================================================================
----------------- testing Mon Sep 09 05:38:37 UTC 2019 /home/travis/build/icyphy/ptII/ptolemy/actor/lib/hoc/test/auto/RunCompositeActor.xml
----------------- Instantiating /home/travis/build/icyphy/ptII/ptolemy/actor/lib/hoc/test/auto/RunCompositeActor.xml
9 ms. Memory: 148480K Free: 112289K (76%)
----------------- Invoking toplevel() on ptolemy.moml.MoMLSimpleApplication@48d927bd
----------------- Done invoking toplevel() on ptolemy.moml.MoMLSimpleApplication@48d927bd
reloadAllAccessors: .RunCompositeActor

===========================================================================================
----------------- testing Mon Sep 09 05:38:37 UTC 2019 /home/travis/build/icyphy/ptII/ptolemy/actor/lib/hoc/test/auto/RunCompositeActor2.xml
----------------- Instantiating /home/travis/build/icyphy/ptII/ptolemy/actor/lib/hoc/test/auto/RunCompositeActor2.xml
5 ms. Memory: 148480K Free: 106153K (71%)
----------------- Invoking toplevel() on ptolemy.moml.MoMLSimpleApplication@5eb608c7
----------------- Done invoking toplevel() on ptolemy.moml.MoMLSimpleApplication@5eb608c7
reloadAllAccessors: .RunCompositeActor2

===========================================================================================
----------------- testing Mon Sep 09 05:38:37 UTC 2019 /home/travis/build/icyphy/ptII/ptolemy/actor/lib/hoc/test/auto/RunCompositeActor3.xml
----------------- Instantiating /home/travis/build/icyphy/ptII/ptolemy/actor/lib/hoc/test/auto/RunCompositeActor3.xml
4 ms. Memory: 148480K Free: 100529K (68%)
----------------- Invoking toplevel() on ptolemy.moml.MoMLSimpleApplication@57859dfe
----------------- Done invoking toplevel() on ptolemy.moml.MoMLSimpleApplication@57859dfe
reloadAllAccessors: .RunCompositeActor3

===========================================================================================
----------------- testing Mon Sep 09 05:38:37 UTC 2019 /home/travis/build/icyphy/ptII/ptolemy/actor/lib/hoc/test/auto/RunCompositeActor4.xml
----------------- Instantiating /home/travis/build/icyphy/ptII/ptolemy/actor/lib/hoc/test/auto/RunCompositeActor4.xml
13 ms. Memory: 148480K Free: 92337K (62%)
----------------- Invoking toplevel() on ptolemy.moml.MoMLSimpleApplication@279305ea
----------------- Done invoking toplevel() on ptolemy.moml.MoMLSimpleApplication@279305ea
reloadAllAccessors: .RunCompositeActor4

===========================================================================================
----------------- testing Mon Sep 09 05:38:37 UTC 2019 /home/travis/build/icyphy/ptII/ptolemy/actor/lib/hoc/test/auto/RunCompositeIterateOverArray.xml
----------------- Instantiating /home/travis/build/icyphy/ptII/ptolemy/actor/lib/hoc/test/auto/RunCompositeIterateOverArray.xml
4 ms. Memory: 148480K Free: 86193K (58%)
----------------- Invoking toplevel() on ptolemy.moml.MoMLSimpleApplication@fde81b8
----------------- Done invoking toplevel() on ptolemy.moml.MoMLSimpleApplication@fde81b8
reloadAllAccessors: .RunCompositeIterateOverArray

===========================================================================================
----------------- testing Mon Sep 09 05:38:37 UTC 2019 /home/travis/build/icyphy/ptII/ptolemy/actor/lib/hoc/test/auto/ThreadedJS.xml
----------------- Instantiating /home/travis/build/icyphy/ptII/ptolemy/actor/lib/hoc/test/auto/ThreadedJS.xml
6063 ms. Memory: 214016K Free: 113239K (53%)
----------------- Invoking toplevel() on ptolemy.moml.MoMLSimpleApplication@6e62d403
----------------- Done invoking toplevel() on ptolemy.moml.MoMLSimpleApplication@6e62d403
reloadAllAccessors: .ThreadedJS
AutoTests.java: About to close Vertx.
AutoTests.java: Vertx closed.
]]></system-out>
  <system-err><![CDATA[java.lang.RuntimeException: Execution failed
	at ptolemy.moml.MoMLSimpleApplication$UnloadThread.run(MoMLSimpleApplication.java:402)
Caused by: ptolemy.kernel.util.IllegalActionException: initialize() was called after wrapup() was called but preinitialize() was not called after wrapup().
	at ptolemy.actor.lib.hoc.test.PreinitializeMustBeInvoked.initialize(PreinitializeMustBeInvoked.java:78)
	at ptolemy.actor.Director.initialize(Director.java:938)
	at ptolemy.actor.Director.initialize(Director.java:907)
	at ptolemy.actor.sched.StaticSchedulingDirector.initialize(StaticSchedulingDirector.java:159)
	at ptolemy.domains.sdf.kernel.SDFDirector.initialize(SDFDirector.java:544)
	at ptolemy.actor.CompositeActor.initialize(CompositeActor.java:935)
	at ptolemy.actor.lib.hoc.LifeCycleManager._executeInsideModel(LifeCycleManager.java:339)
	at ptolemy.actor.lib.hoc.RunCompositeActor.fire(RunCompositeActor.java:205)
	at ptolemy.actor.CompositeActor.iterate(CompositeActor.java:1146)
	at ptolemy.actor.sched.StaticSchedulingDirector.fire(StaticSchedulingDirector.java:216)
	at ptolemy.domains.sdf.kernel.SDFDirector.fire(SDFDirector.java:500)
	at ptolemy.actor.CompositeActor.fire(CompositeActor.java:455)
	at ptolemy.actor.Manager.iterate(Manager.java:851)
	at ptolemy.actor.Manager.execute(Manager.java:369)
	at ptolemy.actor.Manager.run(Manager.java:1263)
	at ptolemy.actor.Manager$PtolemyRunThread.run(Manager.java:1933)
java.lang.reflect.InvocationTargetException
	at java.base/jdk.internal.reflect.NativeConstructorAccessorImpl.newInstance0(Native Method)
	at java.base/jdk.internal.reflect.NativeConstructorAccessorImpl.newInstance(NativeConstructorAccessorImpl.java:62)
	at java.base/jdk.internal.reflect.DelegatingConstructorAccessorImpl.newInstance(DelegatingConstructorAccessorImpl.java:45)
	at java.base/java.lang.reflect.Constructor.newInstance(Constructor.java:490)
	at ptolemy.util.test.junit.AutoKnownFailedTests.RunModel(AutoKnownFailedTests.java:105)
	at java.base/jdk.internal.reflect.NativeMethodAccessorImpl.invoke0(Native Method)
	at java.base/jdk.internal.reflect.NativeMethodAccessorImpl.invoke(NativeMethodAccessorImpl.java:62)
	at java.base/jdk.internal.reflect.DelegatingMethodAccessorImpl.invoke(DelegatingMethodAccessorImpl.java:43)
	at java.base/java.lang.reflect.Method.invoke(Method.java:566)
	at org.junit.runners.model.FrameworkMethod$1.runReflectiveCall(FrameworkMethod.java:44)
	at org.junit.internal.runners.model.ReflectiveCallable.run(ReflectiveCallable.java:15)
	at org.junit.runners.model.FrameworkMethod.invokeExplosively(FrameworkMethod.java:41)
	at junitparams.internal.InvokeParameterisedMethod.evaluate(InvokeParameterisedMethod.java:102)
	at org.junit.internal.runners.statements.FailOnTimeout$1.run(FailOnTimeout.java:28)
Caused by: ptolemy.kernel.util.IllegalActionException: initialize() was called after wrapup() was called but preinitialize() was not called after wrapup().
	at ptolemy.actor.lib.hoc.test.PreinitializeMustBeInvoked.initialize(PreinitializeMustBeInvoked.java:78)
	at ptolemy.actor.Director.initialize(Director.java:938)
	at ptolemy.actor.Director.initialize(Director.java:907)
	at ptolemy.actor.sched.StaticSchedulingDirector.initialize(StaticSchedulingDirector.java:159)
	at ptolemy.domains.sdf.kernel.SDFDirector.initialize(SDFDirector.java:544)
	at ptolemy.actor.CompositeActor.initialize(CompositeActor.java:935)
	at ptolemy.actor.lib.hoc.LifeCycleManager._executeInsideModel(LifeCycleManager.java:339)
	at ptolemy.actor.lib.hoc.RunCompositeActor.fire(RunCompositeActor.java:205)
	at ptolemy.actor.CompositeActor.iterate(CompositeActor.java:1146)
	at ptolemy.actor.sched.StaticSchedulingDirector.fire(StaticSchedulingDirector.java:216)
	at ptolemy.domains.sdf.kernel.SDFDirector.fire(SDFDirector.java:500)
	at ptolemy.actor.CompositeActor.fire(CompositeActor.java:455)
	at ptolemy.actor.Manager.iterate(Manager.java:851)
	at ptolemy.actor.Manager.execute(Manager.java:369)
	at ptolemy.actor.Manager.run(Manager.java:1263)
	at ptolemy.actor.Manager$PtolemyRunThread.run(Manager.java:1933)
Warning: Nashorn engine is planned to be removed from a future JDK release
Warning: Nashorn engine is planned to be removed from a future JDK release
Warning: Nashorn engine is planned to be removed from a future JDK release
Warning: Nashorn engine is planned to be removed from a future JDK release
Warning: Nashorn engine is planned to be removed from a future JDK release
Warning: Nashorn engine is planned to be removed from a future JDK release
Warning: Nashorn engine is planned to be removed from a future JDK release
Warning: Nashorn engine is planned to be removed from a future JDK release
]]></system-err>
</testsuite>
