<?xml version="1.0" encoding="UTF-8" ?>
<testsuite errors="0" failures="0" hostname="travis-job-23a0185e-9fcd-4fae-82fc-db4b4f7265d8" name="ptolemy.domains.continuous.test.junit.JUnitTclTest" skipped="0" tests="156" time="78.346" timestamp="2019-04-06T03:55:41">
  <properties>
[...]
</properties>
  <testcase classname="ptolemy.util.test.junit.TclTests" name="[0] ThereAreNoTclTests (RunTclFile)" time="0.002" />
  <testcase classname="ptolemy.util.test.junit.AutoKnownFailedTests" name="[0] ThereAreNoKnowFailedTests (RunModel)" time="0.004" />
  <testcase classname="ptolemy.util.test.junit.AutoNameArchTests" name="[0] ThereAreNoAutoArchTests (RunModel)" time="0.003" />
  <testcase classname="ptolemy.util.test.junit.AutoTests" name="[0] /home/travis/build/icyphy/ptII/ptolemy/domains/continuous/test/auto/BouncingBall.xml (RunModel)" time="3.163" />
  <testcase classname="ptolemy.util.test.junit.AutoTests" name="[1] /home/travis/build/icyphy/ptII/ptolemy/domains/continuous/test/auto/BouncingBallWithoutGR.xml (RunModel)" time="0.868" />
  <testcase classname="ptolemy.util.test.junit.AutoTests" name="[2] /home/travis/build/icyphy/ptII/ptolemy/domains/continuous/test/auto/Brownian.xml (RunModel)" time="0.142" />
  <testcase classname="ptolemy.util.test.junit.AutoTests" name="[3] /home/travis/build/icyphy/ptII/ptolemy/domains/continuous/test/auto/CarTracking.xml (RunModel)" time="3.726" />
  <testcase classname="ptolemy.util.test.junit.AutoTests" name="[4] /home/travis/build/icyphy/ptII/ptolemy/domains/continuous/test/auto/CartPendulum.xml (RunModel)" time="0.557" />
  <testcase classname="ptolemy.util.test.junit.AutoTests" name="[5] /home/travis/build/icyphy/ptII/ptolemy/domains/continuous/test/auto/CausalityInterface10.xml (RunModel)" time="0.07" />
  <testcase classname="ptolemy.util.test.junit.AutoTests" name="[6] /home/travis/build/icyphy/ptII/ptolemy/domains/continuous/test/auto/CausalityInterface11.xml (RunModel)" time="0.043" />
  <testcase classname="ptolemy.util.test.junit.AutoTests" name="[7] /home/travis/build/icyphy/ptII/ptolemy/domains/continuous/test/auto/CausalityInterface12.xml (RunModel)" time="0.038" />
  <testcase classname="ptolemy.util.test.junit.AutoTests" name="[8] /home/travis/build/icyphy/ptII/ptolemy/domains/continuous/test/auto/CausalityInterface13.xml (RunModel)" time="0.037" />
  <testcase classname="ptolemy.util.test.junit.AutoTests" name="[9] /home/travis/build/icyphy/ptII/ptolemy/domains/continuous/test/auto/CausalityInterface14.xml (RunModel)" time="0.034" />
  <testcase classname="ptolemy.util.test.junit.AutoTests" name="[10] /home/travis/build/icyphy/ptII/ptolemy/domains/continuous/test/auto/CausalityInterface4.xml (RunModel)" time="0.05" />
  <testcase classname="ptolemy.util.test.junit.AutoTests" name="[11] /home/travis/build/icyphy/ptII/ptolemy/domains/continuous/test/auto/CausalityInterface5.xml (RunModel)" time="0.045" />
  <testcase classname="ptolemy.util.test.junit.AutoTests" name="[12] /home/travis/build/icyphy/ptII/ptolemy/domains/continuous/test/auto/CausalityInterface6.xml (RunModel)" time="0.024" />
  <testcase classname="ptolemy.util.test.junit.AutoTests" name="[13] /home/travis/build/icyphy/ptII/ptolemy/domains/continuous/test/auto/CausalityInterface7.xml (RunModel)" time="0.049" />
  <testcase classname="ptolemy.util.test.junit.AutoTests" name="[14] /home/travis/build/icyphy/ptII/ptolemy/domains/continuous/test/auto/CausalityInterface8.xml (RunModel)" time="0.032" />
  <testcase classname="ptolemy.util.test.junit.AutoTests" name="[15] /home/travis/build/icyphy/ptII/ptolemy/domains/continuous/test/auto/CausalityInterface9.xml (RunModel)" time="0.044" />
  <testcase classname="ptolemy.util.test.junit.AutoTests" name="[16] /home/travis/build/icyphy/ptII/ptolemy/domains/continuous/test/auto/CausalityInterfaceFeedback1.xml (RunModel)" time="0.024" />
  <testcase classname="ptolemy.util.test.junit.AutoTests" name="[17] /home/travis/build/icyphy/ptII/ptolemy/domains/continuous/test/auto/CausalityInterfaceFeedback2.xml (RunModel)" time="0.036" />
  <testcase classname="ptolemy.util.test.junit.AutoTests" name="[18] /home/travis/build/icyphy/ptII/ptolemy/domains/continuous/test/auto/CompareWithCurrentTime.xml (RunModel)" time="0.03" />
  <testcase classname="ptolemy.util.test.junit.AutoTests" name="[19] /home/travis/build/icyphy/ptII/ptolemy/domains/continuous/test/auto/ComparedClocks.xml (RunModel)" time="0.086" />
  <testcase classname="ptolemy.util.test.junit.AutoTests" name="[20] /home/travis/build/icyphy/ptII/ptolemy/domains/continuous/test/auto/ContinuousAOCClone.xml (RunModel)" time="2.739" />
  <testcase classname="ptolemy.util.test.junit.AutoTests" name="[21] /home/travis/build/icyphy/ptII/ptolemy/domains/continuous/test/auto/ContinuousClock.xml (RunModel)" time="0.106" />
  <testcase classname="ptolemy.util.test.junit.AutoTests" name="[22] /home/travis/build/icyphy/ptII/ptolemy/domains/continuous/test/auto/ContinuousInContinuous.xml (RunModel)" time="0.089" />
  <testcase classname="ptolemy.util.test.junit.AutoTests" name="[23] /home/travis/build/icyphy/ptII/ptolemy/domains/continuous/test/auto/ContinuousInContinuousInContinuous.xml (RunModel)" time="0.029" />
  <testcase classname="ptolemy.util.test.junit.AutoTests" name="[24] /home/travis/build/icyphy/ptII/ptolemy/domains/continuous/test/auto/ContinuousInDE.xml (RunModel)" time="0.131" />
  <testcase classname="ptolemy.util.test.junit.AutoTests" name="[25] /home/travis/build/icyphy/ptII/ptolemy/domains/continuous/test/auto/ContinuousInDE2.xml (RunModel)" time="0.051" />
  <testcase classname="ptolemy.util.test.junit.AutoTests" name="[26] /home/travis/build/icyphy/ptII/ptolemy/domains/continuous/test/auto/ContinuousInDE3.xml (RunModel)" time="0.075" />
  <testcase classname="ptolemy.util.test.junit.AutoTests" name="[27] /home/travis/build/icyphy/ptII/ptolemy/domains/continuous/test/auto/ContinuousInDE4.xml (RunModel)" time="0.043" />
  <testcase classname="ptolemy.util.test.junit.AutoTests" name="[28] /home/travis/build/icyphy/ptII/ptolemy/domains/continuous/test/auto/ContinuousInDEDifferentRefinements.xml (RunModel)" time="0.121" />
  <testcase classname="ptolemy.util.test.junit.AutoTests" name="[29] /home/travis/build/icyphy/ptII/ptolemy/domains/continuous/test/auto/ContinuousInDEDifferentRefinementsPreemptive.xml (RunModel)" time="0.09" />
  <testcase classname="ptolemy.util.test.junit.AutoTests" name="[30] /home/travis/build/icyphy/ptII/ptolemy/domains/continuous/test/auto/ContinuousInDEInContinuous2.xml (RunModel)" time="0.066" />
  <testcase classname="ptolemy.util.test.junit.AutoTests" name="[31] /home/travis/build/icyphy/ptII/ptolemy/domains/continuous/test/auto/ContinuousInDEInContinuous3.xml (RunModel)" time="0.064" />
  <testcase classname="ptolemy.util.test.junit.AutoTests" name="[32] /home/travis/build/icyphy/ptII/ptolemy/domains/continuous/test/auto/ContinuousInDEInput.xml (RunModel)" time="0.045" />
  <testcase classname="ptolemy.util.test.junit.AutoTests" name="[33] /home/travis/build/icyphy/ptII/ptolemy/domains/continuous/test/auto/ContinuousInDEInput2.xml (RunModel)" time="0.041" />
  <testcase classname="ptolemy.util.test.junit.AutoTests" name="[34] /home/travis/build/icyphy/ptII/ptolemy/domains/continuous/test/auto/ContinuousInDEInput3.xml (RunModel)" time="0.043" />
  <testcase classname="ptolemy.util.test.junit.AutoTests" name="[35] /home/travis/build/icyphy/ptII/ptolemy/domains/continuous/test/auto/ContinuousInDESharingRefinement.xml (RunModel)" time="0.198" />
  <testcase classname="ptolemy.util.test.junit.AutoTests" name="[36] /home/travis/build/icyphy/ptII/ptolemy/domains/continuous/test/auto/ContinuousInDEwithNoPorts.xml (RunModel)" time="0.021" />
  <testcase classname="ptolemy.util.test.junit.AutoTests" name="[37] /home/travis/build/icyphy/ptII/ptolemy/domains/continuous/test/auto/ContinuousInsideDE.xml (RunModel)" time="0.086" />
  <testcase classname="ptolemy.util.test.junit.AutoTests" name="[38] /home/travis/build/icyphy/ptII/ptolemy/domains/continuous/test/auto/ContinuousMerge1.xml (RunModel)" time="0.021" />
  <testcase classname="ptolemy.util.test.junit.AutoTests" name="[39] /home/travis/build/icyphy/ptII/ptolemy/domains/continuous/test/auto/ContinuousMerge2.xml (RunModel)" time="0.052" />
  <testcase classname="ptolemy.util.test.junit.AutoTests" name="[40] /home/travis/build/icyphy/ptII/ptolemy/domains/continuous/test/auto/ContinuousMerge3.xml (RunModel)" time="0.075" />
  <testcase classname="ptolemy.util.test.junit.AutoTests" name="[41] /home/travis/build/icyphy/ptII/ptolemy/domains/continuous/test/auto/ContinuousWithinContinuous.xml (RunModel)" time="0.059" />
  <testcase classname="ptolemy.util.test.junit.AutoTests" name="[42] /home/travis/build/icyphy/ptII/ptolemy/domains/continuous/test/auto/ContinuousWithinContinuous2.xml (RunModel)" time="0.093" />
  <testcase classname="ptolemy.util.test.junit.AutoTests" name="[43] /home/travis/build/icyphy/ptII/ptolemy/domains/continuous/test/auto/ContinuousWithinContinuous3.xml (RunModel)" time="0.042" />
  <testcase classname="ptolemy.util.test.junit.AutoTests" name="[44] /home/travis/build/icyphy/ptII/ptolemy/domains/continuous/test/auto/ContinuousWithinContinuous4.xml (RunModel)" time="0.085" />
  <testcase classname="ptolemy.util.test.junit.AutoTests" name="[45] /home/travis/build/icyphy/ptII/ptolemy/domains/continuous/test/auto/ContinuousWithinContinuous5.xml (RunModel)" time="0.027" />
  <testcase classname="ptolemy.util.test.junit.AutoTests" name="[46] /home/travis/build/icyphy/ptII/ptolemy/domains/continuous/test/auto/ContinuousWithinContinuous6.xml (RunModel)" time="0.027" />
  <testcase classname="ptolemy.util.test.junit.AutoTests" name="[47] /home/travis/build/icyphy/ptII/ptolemy/domains/continuous/test/auto/ContinuousWithinContinuous7.xml (RunModel)" time="0.073" />
  <testcase classname="ptolemy.util.test.junit.AutoTests" name="[48] /home/travis/build/icyphy/ptII/ptolemy/domains/continuous/test/auto/DCMotor.xml (RunModel)" time="15.752" />
  <testcase classname="ptolemy.util.test.junit.AutoTests" name="[49] /home/travis/build/icyphy/ptII/ptolemy/domains/continuous/test/auto/DEInContinuous.xml (RunModel)" time="0.016" />
  <testcase classname="ptolemy.util.test.junit.AutoTests" name="[50] /home/travis/build/icyphy/ptII/ptolemy/domains/continuous/test/auto/DEinContinuous2.xml (RunModel)" time="0.045" />
  <testcase classname="ptolemy.util.test.junit.AutoTests" name="[51] /home/travis/build/icyphy/ptII/ptolemy/domains/continuous/test/auto/Derivative.xml (RunModel)" time="0.184" />
  <testcase classname="ptolemy.util.test.junit.AutoTests" name="[52] /home/travis/build/icyphy/ptII/ptolemy/domains/continuous/test/auto/Derivative1.xml (RunModel)" time="0.04" />
  <testcase classname="ptolemy.util.test.junit.AutoTests" name="[53] /home/travis/build/icyphy/ptII/ptolemy/domains/continuous/test/auto/DiscreteClock.xml (RunModel)" time="0.015" />
  <testcase classname="ptolemy.util.test.junit.AutoTests" name="[54] /home/travis/build/icyphy/ptII/ptolemy/domains/continuous/test/auto/EfficiencyCurve.xml (RunModel)" time="0.111" />
  <testcase classname="ptolemy.util.test.junit.AutoTests" name="[55] /home/travis/build/icyphy/ptII/ptolemy/domains/continuous/test/auto/ExponentialResponse.xml (RunModel)" time="0.12" />
  <testcase classname="ptolemy.util.test.junit.AutoTests" name="[56] /home/travis/build/icyphy/ptII/ptolemy/domains/continuous/test/auto/ExponentialResponseRK45.xml (RunModel)" time="0.035" />
  <testcase classname="ptolemy.util.test.junit.AutoTests" name="[57] /home/travis/build/icyphy/ptII/ptolemy/domains/continuous/test/auto/Friction.xml (RunModel)" time="1.522" />
  <testcase classname="ptolemy.util.test.junit.AutoTests" name="[58] /home/travis/build/icyphy/ptII/ptolemy/domains/continuous/test/auto/FurutaPendulum.xml (RunModel)" time="3.754" />
  <testcase classname="ptolemy.util.test.junit.AutoTests" name="[59] /home/travis/build/icyphy/ptII/ptolemy/domains/continuous/test/auto/HierarchicalExecution.xml (RunModel)" time="2.508" />
  <testcase classname="ptolemy.util.test.junit.AutoTests" name="[60] /home/travis/build/icyphy/ptII/ptolemy/domains/continuous/test/auto/HybridPlant.xml (RunModel)" time="0.607" />
  <testcase classname="ptolemy.util.test.junit.AutoTests" name="[61] /home/travis/build/icyphy/ptII/ptolemy/domains/continuous/test/auto/Hysteresis.xml (RunModel)" time="0.201" />
  <testcase classname="ptolemy.util.test.junit.AutoTests" name="[62] /home/travis/build/icyphy/ptII/ptolemy/domains/continuous/test/auto/HysteresisWithRandomDelay.xml (RunModel)" time="0.242" />
  <testcase classname="ptolemy.util.test.junit.AutoTests" name="[63] /home/travis/build/icyphy/ptII/ptolemy/domains/continuous/test/auto/HysteresisWithRandomLosses.xml (RunModel)" time="2.418" />
  <testcase classname="ptolemy.util.test.junit.AutoTests" name="[64] /home/travis/build/icyphy/ptII/ptolemy/domains/continuous/test/auto/ImmediateTransitions.xml (RunModel)" time="0.028" />
  <testcase classname="ptolemy.util.test.junit.AutoTests" name="[65] /home/travis/build/icyphy/ptII/ptolemy/domains/continuous/test/auto/ImpulseFeedback.xml (RunModel)" time="0.031" />
  <testcase classname="ptolemy.util.test.junit.AutoTests" name="[66] /home/travis/build/icyphy/ptII/ptolemy/domains/continuous/test/auto/ImpulseFeedback2.xml (RunModel)" time="0.021" />
  <testcase classname="ptolemy.util.test.junit.AutoTests" name="[67] /home/travis/build/icyphy/ptII/ptolemy/domains/continuous/test/auto/IncreasingRatePoisson.xml (RunModel)" time="0.74" />
  <testcase classname="ptolemy.util.test.junit.AutoTests" name="[68] /home/travis/build/icyphy/ptII/ptolemy/domains/continuous/test/auto/InitialStateFeedback.xml (RunModel)" time="0.019" />
  <testcase classname="ptolemy.util.test.junit.AutoTests" name="[69] /home/travis/build/icyphy/ptII/ptolemy/domains/continuous/test/auto/Integration.xml (RunModel)" time="0.015" />
  <testcase classname="ptolemy.util.test.junit.AutoTests" name="[70] /home/travis/build/icyphy/ptII/ptolemy/domains/continuous/test/auto/Integration2.xml (RunModel)" time="0.093" />
  <testcase classname="ptolemy.util.test.junit.AutoTests" name="[71] /home/travis/build/icyphy/ptII/ptolemy/domains/continuous/test/auto/Integration3.xml (RunModel)" time="0.02" />
  <testcase classname="ptolemy.util.test.junit.AutoTests" name="[72] /home/travis/build/icyphy/ptII/ptolemy/domains/continuous/test/auto/Integration5.xml (RunModel)" time="0.02" />
  <testcase classname="ptolemy.util.test.junit.AutoTests" name="[73] /home/travis/build/icyphy/ptII/ptolemy/domains/continuous/test/auto/IntegratorImpulse.xml (RunModel)" time="0.011" />
  <testcase classname="ptolemy.util.test.junit.AutoTests" name="[74] /home/travis/build/icyphy/ptII/ptolemy/domains/continuous/test/auto/IntegratorImpulse2.xml (RunModel)" time="0.017" />
  <testcase classname="ptolemy.util.test.junit.AutoTests" name="[75] /home/travis/build/icyphy/ptII/ptolemy/domains/continuous/test/auto/LevelCrossing1.xml (RunModel)" time="0.014" />
  <testcase classname="ptolemy.util.test.junit.AutoTests" name="[76] /home/travis/build/icyphy/ptII/ptolemy/domains/continuous/test/auto/LevelCrossing2.xml (RunModel)" time="0.013" />
  <testcase classname="ptolemy.util.test.junit.AutoTests" name="[77] /home/travis/build/icyphy/ptII/ptolemy/domains/continuous/test/auto/LevelCrossing3.xml (RunModel)" time="0.012" />
  <testcase classname="ptolemy.util.test.junit.AutoTests" name="[78] /home/travis/build/icyphy/ptII/ptolemy/domains/continuous/test/auto/LevelCrossing4.xml (RunModel)" time="0.02" />
  <testcase classname="ptolemy.util.test.junit.AutoTests" name="[79] /home/travis/build/icyphy/ptII/ptolemy/domains/continuous/test/auto/LevelCrossing5.xml (RunModel)" time="0.018" />
  <testcase classname="ptolemy.util.test.junit.AutoTests" name="[80] /home/travis/build/icyphy/ptII/ptolemy/domains/continuous/test/auto/LevelCrossing6.xml (RunModel)" time="0.014" />
  <testcase classname="ptolemy.util.test.junit.AutoTests" name="[81] /home/travis/build/icyphy/ptII/ptolemy/domains/continuous/test/auto/LevelCrossingDetector.xml (RunModel)" time="0.044" />
  <testcase classname="ptolemy.util.test.junit.AutoTests" name="[82] /home/travis/build/icyphy/ptII/ptolemy/domains/continuous/test/auto/LevelCrossingDetectorDetectingDirections.xml (RunModel)" time="0.085" />
  <testcase classname="ptolemy.util.test.junit.AutoTests" name="[83] /home/travis/build/icyphy/ptII/ptolemy/domains/continuous/test/auto/LevelCrossingDetectorDetectsGlitches.xml (RunModel)" time="0.07" />
  <testcase classname="ptolemy.util.test.junit.AutoTests" name="[84] /home/travis/build/icyphy/ptII/ptolemy/domains/continuous/test/auto/LevelCrossingNoInitialOuput.xml (RunModel)" time="0.01" />
  <testcase classname="ptolemy.util.test.junit.AutoTests" name="[85] /home/travis/build/icyphy/ptII/ptolemy/domains/continuous/test/auto/LinearStateSpaceExample.xml (RunModel)" time="0.044" />
  <testcase classname="ptolemy.util.test.junit.AutoTests" name="[86] /home/travis/build/icyphy/ptII/ptolemy/domains/continuous/test/auto/Lorenz.xml (RunModel)" time="4.326" />
  <testcase classname="ptolemy.util.test.junit.AutoTests" name="[87] /home/travis/build/icyphy/ptII/ptolemy/domains/continuous/test/auto/LorenzDifferentialSystem.xml (RunModel)" time="1.127" />
  <testcase classname="ptolemy.util.test.junit.AutoTests" name="[88] /home/travis/build/icyphy/ptII/ptolemy/domains/continuous/test/auto/LorenzDifferentialSystemWithInput.xml (RunModel)" time="1.466" />
  <testcase classname="ptolemy.util.test.junit.AutoTests" name="[89] /home/travis/build/icyphy/ptII/ptolemy/domains/continuous/test/auto/LorenzDifferentialSystemWithTime.xml (RunModel)" time="0.81" />
  <testcase classname="ptolemy.util.test.junit.AutoTests" name="[90] /home/travis/build/icyphy/ptII/ptolemy/domains/continuous/test/auto/Microsteps.xml (RunModel)" time="0.029" />
  <testcase classname="ptolemy.util.test.junit.AutoTests" name="[91] /home/travis/build/icyphy/ptII/ptolemy/domains/continuous/test/auto/Modal1.xml (RunModel)" time="0.059" />
  <testcase classname="ptolemy.util.test.junit.AutoTests" name="[92] /home/travis/build/icyphy/ptII/ptolemy/domains/continuous/test/auto/Modal2.xml (RunModel)" time="0.058" />
  <testcase classname="ptolemy.util.test.junit.AutoTests" name="[93] /home/travis/build/icyphy/ptII/ptolemy/domains/continuous/test/auto/ModalTransitionGuardWithReset.xml (RunModel)" time="0.024" />
  <testcase classname="ptolemy.util.test.junit.AutoTests" name="[94] /home/travis/build/icyphy/ptII/ptolemy/domains/continuous/test/auto/ModalTransitionGuardWithResetUsingPreemptiveTransition.xml (RunModel)" time="0.035" />
  <testcase classname="ptolemy.util.test.junit.AutoTests" name="[95] /home/travis/build/icyphy/ptII/ptolemy/domains/continuous/test/auto/ModalTransitionGuardWithResetUsingPreemptiveTransition2.xml (RunModel)" time="0.037" />
  <testcase classname="ptolemy.util.test.junit.AutoTests" name="[96] /home/travis/build/icyphy/ptII/ptolemy/domains/continuous/test/auto/ModalTransitionGuardWithResetUsingPreemptiveTransition3.xml (RunModel)" time="0.026" />
  <testcase classname="ptolemy.util.test.junit.AutoTests" name="[97] /home/travis/build/icyphy/ptII/ptolemy/domains/continuous/test/auto/NewtonsCradle.xml (RunModel)" time="0.796" />
  <testcase classname="ptolemy.util.test.junit.AutoTests" name="[98] /home/travis/build/icyphy/ptII/ptolemy/domains/continuous/test/auto/NewtonsCradleAnimated.xml (RunModel)" time="1.338" />
  <testcase classname="ptolemy.util.test.junit.AutoTests" name="[99] /home/travis/build/icyphy/ptII/ptolemy/domains/continuous/test/auto/NewtonsCradleComplicated.xml (RunModel)" time="1.01" />
  <testcase classname="ptolemy.util.test.junit.AutoTests" name="[100] /home/travis/build/icyphy/ptII/ptolemy/domains/continuous/test/auto/NewtonsCradleNondeterministic.xml (RunModel)" time="0.717" />
  <testcase classname="ptolemy.util.test.junit.AutoTests" name="[101] /home/travis/build/icyphy/ptII/ptolemy/domains/continuous/test/auto/NewtonsCradlePerfectlyInelastic1.xml (RunModel)" time="1.351" />
  <testcase classname="ptolemy.util.test.junit.AutoTests" name="[102] /home/travis/build/icyphy/ptII/ptolemy/domains/continuous/test/auto/Noise.xml (RunModel)" time="0.164" />
  <testcase classname="ptolemy.util.test.junit.AutoTests" name="[103] /home/travis/build/icyphy/ptII/ptolemy/domains/continuous/test/auto/NoiseSpectrum.xml (RunModel)" time="0.769" />
  <testcase classname="ptolemy.util.test.junit.AutoTests" name="[104] /home/travis/build/icyphy/ptII/ptolemy/domains/continuous/test/auto/ParameterizedNewtonsCradleAnimated.xml (RunModel)" time="0.37" />
  <testcase classname="ptolemy.util.test.junit.AutoTests" name="[105] /home/travis/build/icyphy/ptII/ptolemy/domains/continuous/test/auto/ParameterizedNewtonsCradleAnimatedNondeterministic.xml (RunModel)" time="1.109" />
  <testcase classname="ptolemy.util.test.junit.AutoTests" name="[106] /home/travis/build/icyphy/ptII/ptolemy/domains/continuous/test/auto/Pendulum3D.xml (RunModel)" time="0.165" />
  <testcase classname="ptolemy.util.test.junit.AutoTests" name="[107] /home/travis/build/icyphy/ptII/ptolemy/domains/continuous/test/auto/PeriodicSampler.xml (RunModel)" time="0.009" />
  <testcase classname="ptolemy.util.test.junit.AutoTests" name="[108] /home/travis/build/icyphy/ptII/ptolemy/domains/continuous/test/auto/PeriodicSampler1.xml (RunModel)" time="0.045" />
  <testcase classname="ptolemy.util.test.junit.AutoTests" name="[109] /home/travis/build/icyphy/ptII/ptolemy/domains/continuous/test/auto/PeriodicSampler2.xml (RunModel)" time="0.065" />
  <testcase classname="ptolemy.util.test.junit.AutoTests" name="[110] /home/travis/build/icyphy/ptII/ptolemy/domains/continuous/test/auto/Poisson.xml (RunModel)" time="0.41" />
  <testcase classname="ptolemy.util.test.junit.AutoTests" name="[111] /home/travis/build/icyphy/ptII/ptolemy/domains/continuous/test/auto/PoissonClock.xml (RunModel)" time="0.021" />
  <testcase classname="ptolemy.util.test.junit.AutoTests" name="[112] /home/travis/build/icyphy/ptII/ptolemy/domains/continuous/test/auto/PoissonClock2.xml (RunModel)" time="0.012" />
  <testcase classname="ptolemy.util.test.junit.AutoTests" name="[113] /home/travis/build/icyphy/ptII/ptolemy/domains/continuous/test/auto/PortParameterHierarchy.xml (RunModel)" time="0.017" />
  <testcase classname="ptolemy.util.test.junit.AutoTests" name="[114] /home/travis/build/icyphy/ptII/ptolemy/domains/continuous/test/auto/RandomHybridPlant.xml (RunModel)" time="0.53" />
  <testcase classname="ptolemy.util.test.junit.AutoTests" name="[115] /home/travis/build/icyphy/ptII/ptolemy/domains/continuous/test/auto/ResetTransitionWithStartTime1.xml (RunModel)" time="0.033" />
  <testcase classname="ptolemy.util.test.junit.AutoTests" name="[116] /home/travis/build/icyphy/ptII/ptolemy/domains/continuous/test/auto/ResetTransitionWithStartTime2.xml (RunModel)" time="0.037" />
  <testcase classname="ptolemy.util.test.junit.AutoTests" name="[117] /home/travis/build/icyphy/ptII/ptolemy/domains/continuous/test/auto/ResetTransitionWithStartTime3.xml (RunModel)" time="0.041" />
  <testcase classname="ptolemy.util.test.junit.AutoTests" name="[118] /home/travis/build/icyphy/ptII/ptolemy/domains/continuous/test/auto/ResetTransitionWithStartTime4.xml (RunModel)" time="0.026" />
  <testcase classname="ptolemy.util.test.junit.AutoTests" name="[119] /home/travis/build/icyphy/ptII/ptolemy/domains/continuous/test/auto/ResetTransitionWithStartTime5.xml (RunModel)" time="0.035" />
  <testcase classname="ptolemy.util.test.junit.AutoTests" name="[120] /home/travis/build/icyphy/ptII/ptolemy/domains/continuous/test/auto/ResetTransitionWithStartTime6.xml (RunModel)" time="0.031" />
  <testcase classname="ptolemy.util.test.junit.AutoTests" name="[121] /home/travis/build/icyphy/ptII/ptolemy/domains/continuous/test/auto/SRinContinuous.xml (RunModel)" time="0.024" />
  <testcase classname="ptolemy.util.test.junit.AutoTests" name="[122] /home/travis/build/icyphy/ptII/ptolemy/domains/continuous/test/auto/SampledClocks.xml (RunModel)" time="0.038" />
  <testcase classname="ptolemy.util.test.junit.AutoTests" name="[123] /home/travis/build/icyphy/ptII/ptolemy/domains/continuous/test/auto/Satellite.xml (RunModel)" time="0.813" />
  <testcase classname="ptolemy.util.test.junit.AutoTests" name="[124] /home/travis/build/icyphy/ptII/ptolemy/domains/continuous/test/auto/SigmaDelta.xml (RunModel)" time="2.419" />
  <testcase classname="ptolemy.util.test.junit.AutoTests" name="[125] /home/travis/build/icyphy/ptII/ptolemy/domains/continuous/test/auto/SingleRefinement.xml (RunModel)" time="0.641" />
  <testcase classname="ptolemy.util.test.junit.AutoTests" name="[126] /home/travis/build/icyphy/ptII/ptolemy/domains/continuous/test/auto/SinuBouncingBall.xml (RunModel)" time="0.891" />
  <testcase classname="ptolemy.util.test.junit.AutoTests" name="[127] /home/travis/build/icyphy/ptII/ptolemy/domains/continuous/test/auto/Sinusoid.xml (RunModel)" time="0.017" />
  <testcase classname="ptolemy.util.test.junit.AutoTests" name="[128] /home/travis/build/icyphy/ptII/ptolemy/domains/continuous/test/auto/SinusoidInNoise.xml (RunModel)" time="1.014" />
  <testcase classname="ptolemy.util.test.junit.AutoTests" name="[129] /home/travis/build/icyphy/ptII/ptolemy/domains/continuous/test/auto/SinusoidRK45.xml (RunModel)" time="0.012" />
  <testcase classname="ptolemy.util.test.junit.AutoTests" name="[130] /home/travis/build/icyphy/ptII/ptolemy/domains/continuous/test/auto/SinusoidWithMultipleImpulses.xml (RunModel)" time="0.014" />
  <testcase classname="ptolemy.util.test.junit.AutoTests" name="[131] /home/travis/build/icyphy/ptII/ptolemy/domains/continuous/test/auto/SquareWave.xml (RunModel)" time="0.213" />
  <testcase classname="ptolemy.util.test.junit.AutoTests" name="[132] /home/travis/build/icyphy/ptII/ptolemy/domains/continuous/test/auto/Starmac.xml (RunModel)" time="3.408" />
  <testcase classname="ptolemy.util.test.junit.AutoTests" name="[133] /home/travis/build/icyphy/ptII/ptolemy/domains/continuous/test/auto/StaticUnits.xml (RunModel)" time="2.708" />
  <testcase classname="ptolemy.util.test.junit.AutoTests" name="[134] /home/travis/build/icyphy/ptII/ptolemy/domains/continuous/test/auto/StickyMasses.xml (RunModel)" time="0.199" />
  <testcase classname="ptolemy.util.test.junit.AutoTests" name="[135] /home/travis/build/icyphy/ptII/ptolemy/domains/continuous/test/auto/StopTime.xml (RunModel)" time="0.07" />
  <testcase classname="ptolemy.util.test.junit.AutoTests" name="[136] /home/travis/build/icyphy/ptII/ptolemy/domains/continuous/test/auto/StopTime2.xml (RunModel)" time="0.063" />
  <testcase classname="ptolemy.util.test.junit.AutoTests" name="[137] /home/travis/build/icyphy/ptII/ptolemy/domains/continuous/test/auto/Switch.xml (RunModel)" time="0.067" />
  <testcase classname="ptolemy.util.test.junit.AutoTests" name="[138] /home/travis/build/icyphy/ptII/ptolemy/domains/continuous/test/auto/Thermostat.xml (RunModel)" time="0.212" />
  <testcase classname="ptolemy.util.test.junit.AutoTests" name="[139] /home/travis/build/icyphy/ptII/ptolemy/domains/continuous/test/auto/TimeDelay.xml (RunModel)" time="0.013" />
  <testcase classname="ptolemy.util.test.junit.AutoTests" name="[140] /home/travis/build/icyphy/ptII/ptolemy/domains/continuous/test/auto/TimeDelay2.xml (RunModel)" time="0.016" />
  <testcase classname="ptolemy.util.test.junit.AutoTests" name="[141] /home/travis/build/icyphy/ptII/ptolemy/domains/continuous/test/auto/TimeDelay3.xml (RunModel)" time="0.009" />
  <testcase classname="ptolemy.util.test.junit.AutoTests" name="[142] /home/travis/build/icyphy/ptII/ptolemy/domains/continuous/test/auto/TransferAbsentToInside.xml (RunModel)" time="0.106" />
  <testcase classname="ptolemy.util.test.junit.AutoTests" name="[143] /home/travis/build/icyphy/ptII/ptolemy/domains/continuous/test/auto/Transmission.xml (RunModel)" time="0.734" />
  <testcase classname="ptolemy.util.test.junit.AutoTests" name="[144] /home/travis/build/icyphy/ptII/ptolemy/domains/continuous/test/auto/TriggeredContinuousClock.xml (RunModel)" time="0.074" />
  <testcase classname="ptolemy.util.test.junit.AutoTests" name="[145] /home/travis/build/icyphy/ptII/ptolemy/domains/continuous/test/auto/TwoMachineInfiniteBusControl.xml (RunModel)" time="2.844" />
  <testcase classname="ptolemy.util.test.junit.AutoTests" name="[146] /home/travis/build/icyphy/ptII/ptolemy/domains/continuous/test/auto/V2V.xml (RunModel)" time="0.686" />
  <testcase classname="ptolemy.util.test.junit.AutoTests" name="[147] /home/travis/build/icyphy/ptII/ptolemy/domains/continuous/test/auto/hierarchicalModalModel.xml (RunModel)" time="0.041" />
  <testcase classname="ptolemy.util.test.junit.AutoTests" name="[148] /home/travis/build/icyphy/ptII/ptolemy/domains/continuous/test/auto/hierarchicalModalModel1.xml (RunModel)" time="0.033" />
  <testcase classname="ptolemy.util.test.junit.AutoTests" name="[149] /home/travis/build/icyphy/ptII/ptolemy/domains/continuous/test/auto/hierarchicalModalModel2.xml (RunModel)" time="0.049" />
  <testcase classname="ptolemy.util.test.junit.AutoTests" name="[150] /home/travis/build/icyphy/ptII/ptolemy/domains/continuous/test/auto/hierarchicalModalModel3.xml (RunModel)" time="0.025" />
  <testcase classname="ptolemy.util.test.junit.AutoTests" name="[151] /home/travis/build/icyphy/ptII/ptolemy/domains/continuous/test/auto/hierarchicalModalModel4.xml (RunModel)" time="0.028" />
  <testcase classname="ptolemy.util.test.junit.AutoTests" name="[152] /home/travis/build/icyphy/ptII/ptolemy/domains/continuous/test/auto/junk.xml (RunModel)" time="0.159" />
  <system-out><![CDATA[No tcl tests in /home/travis/build/icyphy/ptII/ptolemy/domains/continuous/test
No auto/knownFailedTests/*.xml tests in /home/travis/build/icyphy/ptII/ptolemy/domains/continuous/test
No auto/linux-amd64/*.xml tests in /home/travis/build/icyphy/ptII/ptolemy/domains/continuous/test
AutoTests.java: About to close Vertx.
AutoTests.java: Vertx closed.

===========================================================================================
----------------- testing Sat Apr 06 03:55:41 UTC 2019 /home/travis/build/icyphy/ptII/ptolemy/domains/continuous/test/auto/BouncingBall.xml
----------------- Instantiating /home/travis/build/icyphy/ptII/ptolemy/domains/continuous/test/auto/BouncingBall.xml
2679 ms. Memory: 332288K Free: 262882K (79%)
----------------- Invoking toplevel() on ptolemy.moml.MoMLSimpleApplication@1878beb7
----------------- Done invoking toplevel() on ptolemy.moml.MoMLSimpleApplication@1878beb7
reloadAllAccessors: .BouncingBall

===========================================================================================
----------------- testing Sat Apr 06 03:55:44 UTC 2019 /home/travis/build/icyphy/ptII/ptolemy/domains/continuous/test/auto/BouncingBallWithoutGR.xml
----------------- Instantiating /home/travis/build/icyphy/ptII/ptolemy/domains/continuous/test/auto/BouncingBallWithoutGR.xml
738 ms. Memory: 332288K Free: 318132K (96%)
----------------- Invoking toplevel() on ptolemy.moml.MoMLSimpleApplication@39fb9114
----------------- Done invoking toplevel() on ptolemy.moml.MoMLSimpleApplication@39fb9114
reloadAllAccessors: .BouncingBallWithoutGR

===========================================================================================
----------------- testing Sat Apr 06 03:55:45 UTC 2019 /home/travis/build/icyphy/ptII/ptolemy/domains/continuous/test/auto/Brownian.xml
----------------- Instantiating /home/travis/build/icyphy/ptII/ptolemy/domains/continuous/test/auto/Brownian.xml
41 ms. Memory: 332288K Free: 304454K (92%)
----------------- Invoking toplevel() on ptolemy.moml.MoMLSimpleApplication@53576873
----------------- Done invoking toplevel() on ptolemy.moml.MoMLSimpleApplication@53576873
reloadAllAccessors: .Brownian

===========================================================================================
----------------- testing Sat Apr 06 03:55:45 UTC 2019 /home/travis/build/icyphy/ptII/ptolemy/domains/continuous/test/auto/CarTracking.xml
----------------- Instantiating /home/travis/build/icyphy/ptII/ptolemy/domains/continuous/test/auto/CarTracking.xml
3272 ms. Memory: 578560K Free: 452521K (78%)
----------------- Invoking toplevel() on ptolemy.moml.MoMLSimpleApplication@6d406a26
----------------- Done invoking toplevel() on ptolemy.moml.MoMLSimpleApplication@6d406a26
reloadAllAccessors: .CarTracking

===========================================================================================
----------------- testing Sat Apr 06 03:55:49 UTC 2019 /home/travis/build/icyphy/ptII/ptolemy/domains/continuous/test/auto/CartPendulum.xml
----------------- Instantiating /home/travis/build/icyphy/ptII/ptolemy/domains/continuous/test/auto/CartPendulum.xml
395 ms. Memory: 578560K Free: 344880K (60%)
----------------- Invoking toplevel() on ptolemy.moml.MoMLSimpleApplication@1dedf750
----------------- Done invoking toplevel() on ptolemy.moml.MoMLSimpleApplication@1dedf750
reloadAllAccessors: .CartPendulum

===========================================================================================
----------------- testing Sat Apr 06 03:55:50 UTC 2019 /home/travis/build/icyphy/ptII/ptolemy/domains/continuous/test/auto/CausalityInterface10.xml
----------------- Instantiating /home/travis/build/icyphy/ptII/ptolemy/domains/continuous/test/auto/CausalityInterface10.xml
15 ms. Memory: 578560K Free: 331756K (57%)
----------------- Invoking toplevel() on ptolemy.moml.MoMLSimpleApplication@49e1c5da
----------------- Done invoking toplevel() on ptolemy.moml.MoMLSimpleApplication@49e1c5da
reloadAllAccessors: .CausalityInterface10

===========================================================================================
----------------- testing Sat Apr 06 03:55:50 UTC 2019 /home/travis/build/icyphy/ptII/ptolemy/domains/continuous/test/auto/CausalityInterface11.xml
----------------- Instantiating /home/travis/build/icyphy/ptII/ptolemy/domains/continuous/test/auto/CausalityInterface11.xml
14 ms. Memory: 578560K Free: 321910K (56%)
----------------- Invoking toplevel() on ptolemy.moml.MoMLSimpleApplication@60d7c1f1
----------------- Done invoking toplevel() on ptolemy.moml.MoMLSimpleApplication@60d7c1f1
reloadAllAccessors: .CausalityInterface11

===========================================================================================
----------------- testing Sat Apr 06 03:55:50 UTC 2019 /home/travis/build/icyphy/ptII/ptolemy/domains/continuous/test/auto/CausalityInterface12.xml
----------------- Instantiating /home/travis/build/icyphy/ptII/ptolemy/domains/continuous/test/auto/CausalityInterface12.xml
7 ms. Memory: 578560K Free: 309196K (53%)
----------------- Invoking toplevel() on ptolemy.moml.MoMLSimpleApplication@65785f88
----------------- Done invoking toplevel() on ptolemy.moml.MoMLSimpleApplication@65785f88
reloadAllAccessors: .CausalityInterface12

===========================================================================================
----------------- testing Sat Apr 06 03:55:50 UTC 2019 /home/travis/build/icyphy/ptII/ptolemy/domains/continuous/test/auto/CausalityInterface13.xml
----------------- Instantiating /home/travis/build/icyphy/ptII/ptolemy/domains/continuous/test/auto/CausalityInterface13.xml
3 ms. Memory: 578560K Free: 299366K (52%)
----------------- Invoking toplevel() on ptolemy.moml.MoMLSimpleApplication@af19bf2
----------------- Done invoking toplevel() on ptolemy.moml.MoMLSimpleApplication@af19bf2
reloadAllAccessors: .CausalityInterface13

===========================================================================================
----------------- testing Sat Apr 06 03:55:50 UTC 2019 /home/travis/build/icyphy/ptII/ptolemy/domains/continuous/test/auto/CausalityInterface14.xml
----------------- Instantiating /home/travis/build/icyphy/ptII/ptolemy/domains/continuous/test/auto/CausalityInterface14.xml
10 ms. Memory: 578560K Free: 289519K (50%)
----------------- Invoking toplevel() on ptolemy.moml.MoMLSimpleApplication@279f8aaf
----------------- Done invoking toplevel() on ptolemy.moml.MoMLSimpleApplication@279f8aaf
reloadAllAccessors: .CausalityInterface14

===========================================================================================
----------------- testing Sat Apr 06 03:55:50 UTC 2019 /home/travis/build/icyphy/ptII/ptolemy/domains/continuous/test/auto/CausalityInterface4.xml
----------------- Instantiating /home/travis/build/icyphy/ptII/ptolemy/domains/continuous/test/auto/CausalityInterface4.xml
6 ms. Memory: 578560K Free: 279689K (48%)
----------------- Invoking toplevel() on ptolemy.moml.MoMLSimpleApplication@79a31e7b
----------------- Done invoking toplevel() on ptolemy.moml.MoMLSimpleApplication@79a31e7b
reloadAllAccessors: .CausalityInterface4

===========================================================================================
----------------- testing Sat Apr 06 03:55:50 UTC 2019 /home/travis/build/icyphy/ptII/ptolemy/domains/continuous/test/auto/CausalityInterface5.xml
----------------- Instantiating /home/travis/build/icyphy/ptII/ptolemy/domains/continuous/test/auto/CausalityInterface5.xml
6 ms. Memory: 578560K Free: 263675K (46%)
----------------- Invoking toplevel() on ptolemy.moml.MoMLSimpleApplication@1cb9828f
----------------- Done invoking toplevel() on ptolemy.moml.MoMLSimpleApplication@1cb9828f
reloadAllAccessors: .CausalityInterface5

===========================================================================================
----------------- testing Sat Apr 06 03:55:50 UTC 2019 /home/travis/build/icyphy/ptII/ptolemy/domains/continuous/test/auto/CausalityInterface6.xml
----------------- Instantiating /home/travis/build/icyphy/ptII/ptolemy/domains/continuous/test/auto/CausalityInterface6.xml
5 ms. Memory: 578560K Free: 253829K (44%)
----------------- Invoking toplevel() on ptolemy.moml.MoMLSimpleApplication@1f7929ce
----------------- Done invoking toplevel() on ptolemy.moml.MoMLSimpleApplication@1f7929ce
reloadAllAccessors: .CausalityInterface6

===========================================================================================
----------------- testing Sat Apr 06 03:55:50 UTC 2019 /home/travis/build/icyphy/ptII/ptolemy/domains/continuous/test/auto/CausalityInterface7.xml
----------------- Instantiating /home/travis/build/icyphy/ptII/ptolemy/domains/continuous/test/auto/CausalityInterface7.xml
14 ms. Memory: 578560K Free: 240705K (42%)
----------------- Invoking toplevel() on ptolemy.moml.MoMLSimpleApplication@725f5caf
----------------- Done invoking toplevel() on ptolemy.moml.MoMLSimpleApplication@725f5caf
reloadAllAccessors: .CausalityInterface7

===========================================================================================
----------------- testing Sat Apr 06 03:55:50 UTC 2019 /home/travis/build/icyphy/ptII/ptolemy/domains/continuous/test/auto/CausalityInterface8.xml
----------------- Instantiating /home/travis/build/icyphy/ptII/ptolemy/domains/continuous/test/auto/CausalityInterface8.xml
3 ms. Memory: 578560K Free: 227566K (39%)
----------------- Invoking toplevel() on ptolemy.moml.MoMLSimpleApplication@6c83e19a
----------------- Done invoking toplevel() on ptolemy.moml.MoMLSimpleApplication@6c83e19a
reloadAllAccessors: .CausalityInterface8

===========================================================================================
----------------- testing Sat Apr 06 03:55:50 UTC 2019 /home/travis/build/icyphy/ptII/ptolemy/domains/continuous/test/auto/CausalityInterface9.xml
----------------- Instantiating /home/travis/build/icyphy/ptII/ptolemy/domains/continuous/test/auto/CausalityInterface9.xml
10 ms. Memory: 578560K Free: 211567K (37%)
----------------- Invoking toplevel() on ptolemy.moml.MoMLSimpleApplication@f8710a4
----------------- Done invoking toplevel() on ptolemy.moml.MoMLSimpleApplication@f8710a4
reloadAllAccessors: .CausalityInterface9

===========================================================================================
----------------- testing Sat Apr 06 03:55:50 UTC 2019 /home/travis/build/icyphy/ptII/ptolemy/domains/continuous/test/auto/CausalityInterfaceFeedback1.xml
----------------- Instantiating /home/travis/build/icyphy/ptII/ptolemy/domains/continuous/test/auto/CausalityInterfaceFeedback1.xml
2 ms. Memory: 578560K Free: 198444K (34%)
----------------- Invoking toplevel() on ptolemy.moml.MoMLSimpleApplication@43412e3d
----------------- Done invoking toplevel() on ptolemy.moml.MoMLSimpleApplication@43412e3d
reloadAllAccessors: .CausalityInterfaceFeedback1

===========================================================================================
----------------- testing Sat Apr 06 03:55:50 UTC 2019 /home/travis/build/icyphy/ptII/ptolemy/domains/continuous/test/auto/CausalityInterfaceFeedback2.xml
----------------- Instantiating /home/travis/build/icyphy/ptII/ptolemy/domains/continuous/test/auto/CausalityInterfaceFeedback2.xml
7 ms. Memory: 578560K Free: 188597K (33%)
----------------- Invoking toplevel() on ptolemy.moml.MoMLSimpleApplication@4351872c
----------------- Done invoking toplevel() on ptolemy.moml.MoMLSimpleApplication@4351872c
reloadAllAccessors: .CausalityInterfaceFeedback2

===========================================================================================
----------------- testing Sat Apr 06 03:55:50 UTC 2019 /home/travis/build/icyphy/ptII/ptolemy/domains/continuous/test/auto/CompareWithCurrentTime.xml
----------------- Instantiating /home/travis/build/icyphy/ptII/ptolemy/domains/continuous/test/auto/CompareWithCurrentTime.xml
6 ms. Memory: 578560K Free: 179161K (31%)
----------------- Invoking toplevel() on ptolemy.moml.MoMLSimpleApplication@7776dcef
----------------- Done invoking toplevel() on ptolemy.moml.MoMLSimpleApplication@7776dcef
reloadAllAccessors: .CompareWithCurrentTime

===========================================================================================
----------------- testing Sat Apr 06 03:55:50 UTC 2019 /home/travis/build/icyphy/ptII/ptolemy/domains/continuous/test/auto/ComparedClocks.xml
----------------- Instantiating /home/travis/build/icyphy/ptII/ptolemy/domains/continuous/test/auto/ComparedClocks.xml
8 ms. Memory: 578560K Free: 159475K (28%)
----------------- Invoking toplevel() on ptolemy.moml.MoMLSimpleApplication@49f8f09c
----------------- Done invoking toplevel() on ptolemy.moml.MoMLSimpleApplication@49f8f09c
reloadAllAccessors: .ComparedClocks

===========================================================================================
----------------- testing Sat Apr 06 03:55:50 UTC 2019 /home/travis/build/icyphy/ptII/ptolemy/domains/continuous/test/auto/ContinuousAOCClone.xml
----------------- Instantiating /home/travis/build/icyphy/ptII/ptolemy/domains/continuous/test/auto/ContinuousAOCClone.xml
2530 ms. Memory: 872960K Free: 412985K (47%)
----------------- Invoking toplevel() on ptolemy.moml.MoMLSimpleApplication@46c1f8c3
----------------- Done invoking toplevel() on ptolemy.moml.MoMLSimpleApplication@46c1f8c3
reloadAllAccessors: .ContinuousAOCClone

===========================================================================================
----------------- testing Sat Apr 06 03:55:53 UTC 2019 /home/travis/build/icyphy/ptII/ptolemy/domains/continuous/test/auto/ContinuousClock.xml
----------------- Instantiating /home/travis/build/icyphy/ptII/ptolemy/domains/continuous/test/auto/ContinuousClock.xml
32 ms. Memory: 872960K Free: 380075K (44%)
----------------- Invoking toplevel() on ptolemy.moml.MoMLSimpleApplication@2e206e23
----------------- Done invoking toplevel() on ptolemy.moml.MoMLSimpleApplication@2e206e23
reloadAllAccessors: .ContinuousClock

===========================================================================================
----------------- testing Sat Apr 06 03:55:53 UTC 2019 /home/travis/build/icyphy/ptII/ptolemy/domains/continuous/test/auto/ContinuousInContinuous.xml
----------------- Instantiating /home/travis/build/icyphy/ptII/ptolemy/domains/continuous/test/auto/ContinuousInContinuous.xml
44 ms. Memory: 872960K Free: 348574K (40%)
----------------- Invoking toplevel() on ptolemy.moml.MoMLSimpleApplication@509b1695
----------------- Done invoking toplevel() on ptolemy.moml.MoMLSimpleApplication@509b1695
reloadAllAccessors: .ContinuousInContinuous

===========================================================================================
----------------- testing Sat Apr 06 03:55:53 UTC 2019 /home/travis/build/icyphy/ptII/ptolemy/domains/continuous/test/auto/ContinuousInContinuousInContinuous.xml
----------------- Instantiating /home/travis/build/icyphy/ptII/ptolemy/domains/continuous/test/auto/ContinuousInContinuousInContinuous.xml
8 ms. Memory: 872960K Free: 332855K (38%)
----------------- Invoking toplevel() on ptolemy.moml.MoMLSimpleApplication@70280e2a
----------------- Done invoking toplevel() on ptolemy.moml.MoMLSimpleApplication@70280e2a
reloadAllAccessors: .ContinuousInContinuousInContinuous

===========================================================================================
----------------- testing Sat Apr 06 03:55:53 UTC 2019 /home/travis/build/icyphy/ptII/ptolemy/domains/continuous/test/auto/ContinuousInDE.xml
----------------- Instantiating /home/travis/build/icyphy/ptII/ptolemy/domains/continuous/test/auto/ContinuousInDE.xml
102 ms. Memory: 872960K Free: 314011K (36%)
----------------- Invoking toplevel() on ptolemy.moml.MoMLSimpleApplication@776114e8
----------------- Done invoking toplevel() on ptolemy.moml.MoMLSimpleApplication@776114e8
reloadAllAccessors: .ContinuousInDE

===========================================================================================
----------------- testing Sat Apr 06 03:55:53 UTC 2019 /home/travis/build/icyphy/ptII/ptolemy/domains/continuous/test/auto/ContinuousInDE2.xml
----------------- Instantiating /home/travis/build/icyphy/ptII/ptolemy/domains/continuous/test/auto/ContinuousInDE2.xml
36 ms. Memory: 872960K Free: 298293K (34%)
----------------- Invoking toplevel() on ptolemy.moml.MoMLSimpleApplication@50602874
----------------- Done invoking toplevel() on ptolemy.moml.MoMLSimpleApplication@50602874
reloadAllAccessors: .ContinuousInDE2

===========================================================================================
----------------- testing Sat Apr 06 03:55:54 UTC 2019 /home/travis/build/icyphy/ptII/ptolemy/domains/continuous/test/auto/ContinuousInDE3.xml
----------------- Instantiating /home/travis/build/icyphy/ptII/ptolemy/domains/continuous/test/auto/ContinuousInDE3.xml
53 ms. Memory: 872960K Free: 282574K (32%)
----------------- Invoking toplevel() on ptolemy.moml.MoMLSimpleApplication@14e04174
----------------- Done invoking toplevel() on ptolemy.moml.MoMLSimpleApplication@14e04174
reloadAllAccessors: .ContinuousInDE3

===========================================================================================
----------------- testing Sat Apr 06 03:55:54 UTC 2019 /home/travis/build/icyphy/ptII/ptolemy/domains/continuous/test/auto/ContinuousInDE4.xml
----------------- Instantiating /home/travis/build/icyphy/ptII/ptolemy/domains/continuous/test/auto/ContinuousInDE4.xml
21 ms. Memory: 872960K Free: 272095K (31%)
----------------- Invoking toplevel() on ptolemy.moml.MoMLSimpleApplication@5c75006c
----------------- Done invoking toplevel() on ptolemy.moml.MoMLSimpleApplication@5c75006c
reloadAllAccessors: .ContinuousInDE4

===========================================================================================
----------------- testing Sat Apr 06 03:55:54 UTC 2019 /home/travis/build/icyphy/ptII/ptolemy/domains/continuous/test/auto/ContinuousInDEDifferentRefinements.xml
----------------- Instantiating /home/travis/build/icyphy/ptII/ptolemy/domains/continuous/test/auto/ContinuousInDEDifferentRefinements.xml
61 ms. Memory: 872960K Free: 232229K (27%)
----------------- Invoking toplevel() on ptolemy.moml.MoMLSimpleApplication@747737b3
----------------- Done invoking toplevel() on ptolemy.moml.MoMLSimpleApplication@747737b3
reloadAllAccessors: .ContinuousInDEDifferentRefinements

===========================================================================================
----------------- testing Sat Apr 06 03:55:54 UTC 2019 /home/travis/build/icyphy/ptII/ptolemy/domains/continuous/test/auto/ContinuousInDEDifferentRefinementsPreemptive.xml
----------------- Instantiating /home/travis/build/icyphy/ptII/ptolemy/domains/continuous/test/auto/ContinuousInDEDifferentRefinementsPreemptive.xml
44 ms. Memory: 872960K Free: 195513K (22%)
----------------- Invoking toplevel() on ptolemy.moml.MoMLSimpleApplication@73a57e91
----------------- Done invoking toplevel() on ptolemy.moml.MoMLSimpleApplication@73a57e91
reloadAllAccessors: .ContinuousInDEDifferentRefinementsPreemptive

===========================================================================================
----------------- testing Sat Apr 06 03:55:54 UTC 2019 /home/travis/build/icyphy/ptII/ptolemy/domains/continuous/test/auto/ContinuousInDEInContinuous2.xml
----------------- Instantiating /home/travis/build/icyphy/ptII/ptolemy/domains/continuous/test/auto/ContinuousInDEInContinuous2.xml
38 ms. Memory: 872960K Free: 179779K (21%)
----------------- Invoking toplevel() on ptolemy.moml.MoMLSimpleApplication@4f1e8b0b
----------------- Done invoking toplevel() on ptolemy.moml.MoMLSimpleApplication@4f1e8b0b
reloadAllAccessors: .ContinuousInDEInContinuous2

===========================================================================================
----------------- testing Sat Apr 06 03:55:54 UTC 2019 /home/travis/build/icyphy/ptII/ptolemy/domains/continuous/test/auto/ContinuousInDEInContinuous3.xml
----------------- Instantiating /home/travis/build/icyphy/ptII/ptolemy/domains/continuous/test/auto/ContinuousInDEInContinuous3.xml
40 ms. Memory: 872960K Free: 158820K (18%)
----------------- Invoking toplevel() on ptolemy.moml.MoMLSimpleApplication@6f15dc8
----------------- Done invoking toplevel() on ptolemy.moml.MoMLSimpleApplication@6f15dc8
reloadAllAccessors: .ContinuousInDEInContinuous3

===========================================================================================
----------------- testing Sat Apr 06 03:55:54 UTC 2019 /home/travis/build/icyphy/ptII/ptolemy/domains/continuous/test/auto/ContinuousInDEInput.xml
----------------- Instantiating /home/travis/build/icyphy/ptII/ptolemy/domains/continuous/test/auto/ContinuousInDEInput.xml
21 ms. Memory: 872960K Free: 145216K (17%)
----------------- Invoking toplevel() on ptolemy.moml.MoMLSimpleApplication@4bb89805
----------------- Done invoking toplevel() on ptolemy.moml.MoMLSimpleApplication@4bb89805
reloadAllAccessors: .ContinuousInDEInput

===========================================================================================
----------------- testing Sat Apr 06 03:55:54 UTC 2019 /home/travis/build/icyphy/ptII/ptolemy/domains/continuous/test/auto/ContinuousInDEInput2.xml
----------------- Instantiating /home/travis/build/icyphy/ptII/ptolemy/domains/continuous/test/auto/ContinuousInDEInput2.xml
20 ms. Memory: 872960K Free: 134737K (15%)
----------------- Invoking toplevel() on ptolemy.moml.MoMLSimpleApplication@2503da37
----------------- Done invoking toplevel() on ptolemy.moml.MoMLSimpleApplication@2503da37
reloadAllAccessors: .ContinuousInDEInput2

===========================================================================================
----------------- testing Sat Apr 06 03:55:54 UTC 2019 /home/travis/build/icyphy/ptII/ptolemy/domains/continuous/test/auto/ContinuousInDEInput3.xml
----------------- Instantiating /home/travis/build/icyphy/ptII/ptolemy/domains/continuous/test/auto/ContinuousInDEInput3.xml
23 ms. Memory: 872960K Free: 124258K (14%)
----------------- Invoking toplevel() on ptolemy.moml.MoMLSimpleApplication@77592d60
----------------- Done invoking toplevel() on ptolemy.moml.MoMLSimpleApplication@77592d60
reloadAllAccessors: .ContinuousInDEInput3

===========================================================================================
----------------- testing Sat Apr 06 03:55:54 UTC 2019 /home/travis/build/icyphy/ptII/ptolemy/domains/continuous/test/auto/ContinuousInDESharingRefinement.xml
----------------- Instantiating /home/travis/build/icyphy/ptII/ptolemy/domains/continuous/test/auto/ContinuousInDESharingRefinement.xml
163 ms. Memory: 873472K Free: 811911K (93%)
----------------- Invoking toplevel() on ptolemy.moml.MoMLSimpleApplication@5669ca2b
----------------- Done invoking toplevel() on ptolemy.moml.MoMLSimpleApplication@5669ca2b
reloadAllAccessors: .ContinuousInDESharingRefinement

===========================================================================================
----------------- testing Sat Apr 06 03:55:54 UTC 2019 /home/travis/build/icyphy/ptII/ptolemy/domains/continuous/test/auto/ContinuousInDEwithNoPorts.xml
----------------- Instantiating /home/travis/build/icyphy/ptII/ptolemy/domains/continuous/test/auto/ContinuousInDEwithNoPorts.xml
5 ms. Memory: 873472K Free: 799271K (92%)
----------------- Invoking toplevel() on ptolemy.moml.MoMLSimpleApplication@4da2c49f
----------------- Done invoking toplevel() on ptolemy.moml.MoMLSimpleApplication@4da2c49f
reloadAllAccessors: .ContinuousInDEwithNoPorts

===========================================================================================
----------------- testing Sat Apr 06 03:55:54 UTC 2019 /home/travis/build/icyphy/ptII/ptolemy/domains/continuous/test/auto/ContinuousInsideDE.xml
----------------- Instantiating /home/travis/build/icyphy/ptII/ptolemy/domains/continuous/test/auto/ContinuousInsideDE.xml
50 ms. Memory: 873472K Free: 783537K (90%)
----------------- Invoking toplevel() on ptolemy.moml.MoMLSimpleApplication@36389c20
----------------- Done invoking toplevel() on ptolemy.moml.MoMLSimpleApplication@36389c20
reloadAllAccessors: .ContinuousInsideDE

===========================================================================================
----------------- testing Sat Apr 06 03:55:54 UTC 2019 /home/travis/build/icyphy/ptII/ptolemy/domains/continuous/test/auto/ContinuousMerge1.xml
----------------- Instantiating /home/travis/build/icyphy/ptII/ptolemy/domains/continuous/test/auto/ContinuousMerge1.xml
3 ms. Memory: 873472K Free: 773568K (89%)
----------------- Invoking toplevel() on ptolemy.moml.MoMLSimpleApplication@1f356581
----------------- Done invoking toplevel() on ptolemy.moml.MoMLSimpleApplication@1f356581
reloadAllAccessors: .ContinuousMerge1

===========================================================================================
----------------- testing Sat Apr 06 03:55:55 UTC 2019 /home/travis/build/icyphy/ptII/ptolemy/domains/continuous/test/auto/ContinuousMerge2.xml
----------------- Instantiating /home/travis/build/icyphy/ptII/ptolemy/domains/continuous/test/auto/ContinuousMerge2.xml
12 ms. Memory: 873472K Free: 757663K (87%)
----------------- Invoking toplevel() on ptolemy.moml.MoMLSimpleApplication@76b2988a
----------------- Done invoking toplevel() on ptolemy.moml.MoMLSimpleApplication@76b2988a
reloadAllAccessors: .ContinuousMerge2

===========================================================================================
----------------- testing Sat Apr 06 03:55:55 UTC 2019 /home/travis/build/icyphy/ptII/ptolemy/domains/continuous/test/auto/ContinuousMerge3.xml
----------------- Instantiating /home/travis/build/icyphy/ptII/ptolemy/domains/continuous/test/auto/ContinuousMerge3.xml
49 ms. Memory: 873472K Free: 741944K (85%)
----------------- Invoking toplevel() on ptolemy.moml.MoMLSimpleApplication@28d02ea8
----------------- Done invoking toplevel() on ptolemy.moml.MoMLSimpleApplication@28d02ea8
reloadAllAccessors: .ContinuousMerge3

===========================================================================================
----------------- testing Sat Apr 06 03:55:55 UTC 2019 /home/travis/build/icyphy/ptII/ptolemy/domains/continuous/test/auto/ContinuousWithinContinuous.xml
----------------- Instantiating /home/travis/build/icyphy/ptII/ptolemy/domains/continuous/test/auto/ContinuousWithinContinuous.xml
38 ms. Memory: 873472K Free: 724108K (83%)
----------------- Invoking toplevel() on ptolemy.moml.MoMLSimpleApplication@7079d13a
----------------- Done invoking toplevel() on ptolemy.moml.MoMLSimpleApplication@7079d13a
reloadAllAccessors: .ContinuousWithinContinuous

===========================================================================================
----------------- testing Sat Apr 06 03:55:55 UTC 2019 /home/travis/build/icyphy/ptII/ptolemy/domains/continuous/test/auto/ContinuousWithinContinuous2.xml
----------------- Instantiating /home/travis/build/icyphy/ptII/ptolemy/domains/continuous/test/auto/ContinuousWithinContinuous2.xml
77 ms. Memory: 873472K Free: 712319K (82%)
----------------- Invoking toplevel() on ptolemy.moml.MoMLSimpleApplication@78ed151f
----------------- Done invoking toplevel() on ptolemy.moml.MoMLSimpleApplication@78ed151f
reloadAllAccessors: .ContinuousWithinContinuous2

===========================================================================================
----------------- testing Sat Apr 06 03:55:55 UTC 2019 /home/travis/build/icyphy/ptII/ptolemy/domains/continuous/test/auto/ContinuousWithinContinuous3.xml
----------------- Instantiating /home/travis/build/icyphy/ptII/ptolemy/domains/continuous/test/auto/ContinuousWithinContinuous3.xml
18 ms. Memory: 873472K Free: 698413K (80%)
----------------- Invoking toplevel() on ptolemy.moml.MoMLSimpleApplication@5c86f2
----------------- Done invoking toplevel() on ptolemy.moml.MoMLSimpleApplication@5c86f2
reloadAllAccessors: .ContinuousWithinContinuous3

===========================================================================================
----------------- testing Sat Apr 06 03:55:55 UTC 2019 /home/travis/build/icyphy/ptII/ptolemy/domains/continuous/test/auto/ContinuousWithinContinuous4.xml
----------------- Instantiating /home/travis/build/icyphy/ptII/ptolemy/domains/continuous/test/auto/ContinuousWithinContinuous4.xml
73 ms. Memory: 873472K Free: 682695K (78%)
----------------- Invoking toplevel() on ptolemy.moml.MoMLSimpleApplication@4c99cc56
----------------- Done invoking toplevel() on ptolemy.moml.MoMLSimpleApplication@4c99cc56
reloadAllAccessors: .ContinuousWithinContinuous4

===========================================================================================
----------------- testing Sat Apr 06 03:55:55 UTC 2019 /home/travis/build/icyphy/ptII/ptolemy/domains/continuous/test/auto/ContinuousWithinContinuous5.xml
----------------- Instantiating /home/travis/build/icyphy/ptII/ptolemy/domains/continuous/test/auto/ContinuousWithinContinuous5.xml
13 ms. Memory: 873472K Free: 670906K (77%)
----------------- Invoking toplevel() on ptolemy.moml.MoMLSimpleApplication@69c06078
----------------- Done invoking toplevel() on ptolemy.moml.MoMLSimpleApplication@69c06078
reloadAllAccessors: .ContinuousWithinContinuous5

===========================================================================================
----------------- testing Sat Apr 06 03:55:55 UTC 2019 /home/travis/build/icyphy/ptII/ptolemy/domains/continuous/test/auto/ContinuousWithinContinuous6.xml
----------------- Instantiating /home/travis/build/icyphy/ptII/ptolemy/domains/continuous/test/auto/ContinuousWithinContinuous6.xml
12 ms. Memory: 873472K Free: 657008K (75%)
----------------- Invoking toplevel() on ptolemy.moml.MoMLSimpleApplication@1ab94077
----------------- Done invoking toplevel() on ptolemy.moml.MoMLSimpleApplication@1ab94077
reloadAllAccessors: .ContinuousWithinContinuous6

===========================================================================================
----------------- testing Sat Apr 06 03:55:55 UTC 2019 /home/travis/build/icyphy/ptII/ptolemy/domains/continuous/test/auto/ContinuousWithinContinuous7.xml
----------------- Instantiating /home/travis/build/icyphy/ptII/ptolemy/domains/continuous/test/auto/ContinuousWithinContinuous7.xml
60 ms. Memory: 873472K Free: 645219K (74%)
----------------- Invoking toplevel() on ptolemy.moml.MoMLSimpleApplication@1c46e241
----------------- Done invoking toplevel() on ptolemy.moml.MoMLSimpleApplication@1c46e241
reloadAllAccessors: .ContinuousWithinContinuous7

===========================================================================================
----------------- testing Sat Apr 06 03:55:55 UTC 2019 /home/travis/build/icyphy/ptII/ptolemy/domains/continuous/test/auto/DCMotor.xml
----------------- Instantiating /home/travis/build/icyphy/ptII/ptolemy/domains/continuous/test/auto/DCMotor.xml
15679 ms. Memory: 697344K Free: 627730K (90%)
----------------- Invoking toplevel() on ptolemy.moml.MoMLSimpleApplication@88b2ec9
----------------- Done invoking toplevel() on ptolemy.moml.MoMLSimpleApplication@88b2ec9
reloadAllAccessors: .DCMotor

===========================================================================================
----------------- testing Sat Apr 06 03:56:11 UTC 2019 /home/travis/build/icyphy/ptII/ptolemy/domains/continuous/test/auto/DEInContinuous.xml
----------------- Instantiating /home/travis/build/icyphy/ptII/ptolemy/domains/continuous/test/auto/DEInContinuous.xml
5 ms. Memory: 697344K Free: 612510K (88%)
----------------- Invoking toplevel() on ptolemy.moml.MoMLSimpleApplication@26c7c1c6
----------------- Done invoking toplevel() on ptolemy.moml.MoMLSimpleApplication@26c7c1c6
reloadAllAccessors: .DEInContinuous

===========================================================================================
----------------- testing Sat Apr 06 03:56:11 UTC 2019 /home/travis/build/icyphy/ptII/ptolemy/domains/continuous/test/auto/DEinContinuous2.xml
----------------- Instantiating /home/travis/build/icyphy/ptII/ptolemy/domains/continuous/test/auto/DEinContinuous2.xml
7 ms. Memory: 697344K Free: 592877K (85%)
----------------- Invoking toplevel() on ptolemy.moml.MoMLSimpleApplication@74de47c2
----------------- Done invoking toplevel() on ptolemy.moml.MoMLSimpleApplication@74de47c2
reloadAllAccessors: .DEinContinuous2

===========================================================================================
----------------- testing Sat Apr 06 03:56:11 UTC 2019 /home/travis/build/icyphy/ptII/ptolemy/domains/continuous/test/auto/Derivative.xml
----------------- Instantiating /home/travis/build/icyphy/ptII/ptolemy/domains/continuous/test/auto/Derivative.xml
141 ms. Memory: 697344K Free: 554720K (80%)
----------------- Invoking toplevel() on ptolemy.moml.MoMLSimpleApplication@2aaffd36
----------------- Done invoking toplevel() on ptolemy.moml.MoMLSimpleApplication@2aaffd36
reloadAllAccessors: .Derivative2

===========================================================================================
----------------- testing Sat Apr 06 03:56:11 UTC 2019 /home/travis/build/icyphy/ptII/ptolemy/domains/continuous/test/auto/Derivative1.xml
----------------- Instantiating /home/travis/build/icyphy/ptII/ptolemy/domains/continuous/test/auto/Derivative1.xml
15 ms. Memory: 697344K Free: 536226K (77%)
----------------- Invoking toplevel() on ptolemy.moml.MoMLSimpleApplication@c68fd7b
----------------- Done invoking toplevel() on ptolemy.moml.MoMLSimpleApplication@c68fd7b
reloadAllAccessors: .Derivative1

===========================================================================================
----------------- testing Sat Apr 06 03:56:11 UTC 2019 /home/travis/build/icyphy/ptII/ptolemy/domains/continuous/test/auto/DiscreteClock.xml
----------------- Instantiating /home/travis/build/icyphy/ptII/ptolemy/domains/continuous/test/auto/DiscreteClock.xml
3 ms. Memory: 697344K Free: 522761K (75%)
----------------- Invoking toplevel() on ptolemy.moml.MoMLSimpleApplication@4dfdbc3d
----------------- Done invoking toplevel() on ptolemy.moml.MoMLSimpleApplication@4dfdbc3d
reloadAllAccessors: .DiscreteClock

===========================================================================================
----------------- testing Sat Apr 06 03:56:11 UTC 2019 /home/travis/build/icyphy/ptII/ptolemy/domains/continuous/test/auto/EfficiencyCurve.xml
----------------- Instantiating /home/travis/build/icyphy/ptII/ptolemy/domains/continuous/test/auto/EfficiencyCurve.xml
81 ms. Memory: 697344K Free: 509296K (73%)
----------------- Invoking toplevel() on ptolemy.moml.MoMLSimpleApplication@7c3a9e37
----------------- Done invoking toplevel() on ptolemy.moml.MoMLSimpleApplication@7c3a9e37
reloadAllAccessors: .EfficiencyCurve

===========================================================================================
----------------- testing Sat Apr 06 03:56:11 UTC 2019 /home/travis/build/icyphy/ptII/ptolemy/domains/continuous/test/auto/ExponentialResponse.xml
----------------- Instantiating /home/travis/build/icyphy/ptII/ptolemy/domains/continuous/test/auto/ExponentialResponse.xml
111 ms. Memory: 697344K Free: 483512K (69%)
----------------- Invoking toplevel() on ptolemy.moml.MoMLSimpleApplication@750129bc
----------------- Done invoking toplevel() on ptolemy.moml.MoMLSimpleApplication@750129bc
reloadAllAccessors: .ExponentialResponse

===========================================================================================
----------------- testing Sat Apr 06 03:56:11 UTC 2019 /home/travis/build/icyphy/ptII/ptolemy/domains/continuous/test/auto/ExponentialResponseRK45.xml
----------------- Instantiating /home/travis/build/icyphy/ptII/ptolemy/domains/continuous/test/auto/ExponentialResponseRK45.xml
26 ms. Memory: 697344K Free: 471193K (68%)
----------------- Invoking toplevel() on ptolemy.moml.MoMLSimpleApplication@1a9030d6
----------------- Done invoking toplevel() on ptolemy.moml.MoMLSimpleApplication@1a9030d6
reloadAllAccessors: .ExponentialResponseRK45

===========================================================================================
----------------- testing Sat Apr 06 03:56:11 UTC 2019 /home/travis/build/icyphy/ptII/ptolemy/domains/continuous/test/auto/Friction.xml
----------------- Instantiating /home/travis/build/icyphy/ptII/ptolemy/domains/continuous/test/auto/Friction.xml
1435 ms. Memory: 674816K Free: 602048K (89%)
----------------- Invoking toplevel() on ptolemy.moml.MoMLSimpleApplication@3f098948
----------------- Done invoking toplevel() on ptolemy.moml.MoMLSimpleApplication@3f098948
reloadAllAccessors: .Friction

===========================================================================================
----------------- testing Sat Apr 06 03:56:13 UTC 2019 /home/travis/build/icyphy/ptII/ptolemy/domains/continuous/test/auto/FurutaPendulum.xml
----------------- Instantiating /home/travis/build/icyphy/ptII/ptolemy/domains/continuous/test/auto/FurutaPendulum.xml
3612 ms. Memory: 643584K Free: 612257K (95%)
----------------- Invoking toplevel() on ptolemy.moml.MoMLSimpleApplication@4d3b5d00
----------------- Done invoking toplevel() on ptolemy.moml.MoMLSimpleApplication@4d3b5d00
reloadAllAccessors: .FurutaPendulum

===========================================================================================
----------------- testing Sat Apr 06 03:56:17 UTC 2019 /home/travis/build/icyphy/ptII/ptolemy/domains/continuous/test/auto/HierarchicalExecution.xml
----------------- Instantiating /home/travis/build/icyphy/ptII/ptolemy/domains/continuous/test/auto/HierarchicalExecution.xml
2169 ms. Memory: 643584K Free: 280615K (44%)
----------------- Invoking toplevel() on ptolemy.moml.MoMLSimpleApplication@440eb24c
----------------- Done invoking toplevel() on ptolemy.moml.MoMLSimpleApplication@440eb24c
reloadAllAccessors: .HierarchicalExecution

===========================================================================================
----------------- testing Sat Apr 06 03:56:19 UTC 2019 /home/travis/build/icyphy/ptII/ptolemy/domains/continuous/test/auto/HybridPlant.xml
----------------- Instantiating /home/travis/build/icyphy/ptII/ptolemy/domains/continuous/test/auto/HybridPlant.xml
524 ms. Memory: 614912K Free: 532540K (87%)
----------------- Invoking toplevel() on ptolemy.moml.MoMLSimpleApplication@509145a0
----------------- Done invoking toplevel() on ptolemy.moml.MoMLSimpleApplication@509145a0
reloadAllAccessors: .HybridPlant

===========================================================================================
----------------- testing Sat Apr 06 03:56:20 UTC 2019 /home/travis/build/icyphy/ptII/ptolemy/domains/continuous/test/auto/Hysteresis.xml
----------------- Instantiating /home/travis/build/icyphy/ptII/ptolemy/domains/continuous/test/auto/Hysteresis.xml
163 ms. Memory: 614912K Free: 466020K (76%)
----------------- Invoking toplevel() on ptolemy.moml.MoMLSimpleApplication@2c13f302
----------------- Done invoking toplevel() on ptolemy.moml.MoMLSimpleApplication@2c13f302
reloadAllAccessors: .Hysteresis

===========================================================================================
----------------- testing Sat Apr 06 03:56:20 UTC 2019 /home/travis/build/icyphy/ptII/ptolemy/domains/continuous/test/auto/HysteresisWithRandomDelay.xml
----------------- Instantiating /home/travis/build/icyphy/ptII/ptolemy/domains/continuous/test/auto/HysteresisWithRandomDelay.xml
180 ms. Memory: 614912K Free: 387604K (63%)
----------------- Invoking toplevel() on ptolemy.moml.MoMLSimpleApplication@44450776
----------------- Done invoking toplevel() on ptolemy.moml.MoMLSimpleApplication@44450776
reloadAllAccessors: .HysteresisWithRandomDelay

===========================================================================================
----------------- testing Sat Apr 06 03:56:20 UTC 2019 /home/travis/build/icyphy/ptII/ptolemy/domains/continuous/test/auto/HysteresisWithRandomLosses.xml
----------------- Instantiating /home/travis/build/icyphy/ptII/ptolemy/domains/continuous/test/auto/HysteresisWithRandomLosses.xml
2342 ms. Memory: 591872K Free: 125997K (21%)
----------------- Invoking toplevel() on ptolemy.moml.MoMLSimpleApplication@56308248
----------------- Done invoking toplevel() on ptolemy.moml.MoMLSimpleApplication@56308248
reloadAllAccessors: .HysteresisWithRandomLosses

===========================================================================================
----------------- testing Sat Apr 06 03:56:23 UTC 2019 /home/travis/build/icyphy/ptII/ptolemy/domains/continuous/test/auto/ImmediateTransitions.xml
----------------- Instantiating /home/travis/build/icyphy/ptII/ptolemy/domains/continuous/test/auto/ImmediateTransitions.xml
10 ms. Memory: 591872K Free: 110747K (19%)
----------------- Invoking toplevel() on ptolemy.moml.MoMLSimpleApplication@564e141e
----------------- Done invoking toplevel() on ptolemy.moml.MoMLSimpleApplication@564e141e
reloadAllAccessors: .ImmediateTransitions

===========================================================================================
----------------- testing Sat Apr 06 03:56:23 UTC 2019 /home/travis/build/icyphy/ptII/ptolemy/domains/continuous/test/auto/ImpulseFeedback.xml
----------------- Instantiating /home/travis/build/icyphy/ptII/ptolemy/domains/continuous/test/auto/ImpulseFeedback.xml
9 ms. Memory: 591872K Free: 102275K (17%)
----------------- Invoking toplevel() on ptolemy.moml.MoMLSimpleApplication@53b2cc97
----------------- Done invoking toplevel() on ptolemy.moml.MoMLSimpleApplication@53b2cc97
reloadAllAccessors: .ImpulseFeedback

===========================================================================================
----------------- testing Sat Apr 06 03:56:23 UTC 2019 /home/travis/build/icyphy/ptII/ptolemy/domains/continuous/test/auto/ImpulseFeedback2.xml
----------------- Instantiating /home/travis/build/icyphy/ptII/ptolemy/domains/continuous/test/auto/ImpulseFeedback2.xml
6 ms. Memory: 591872K Free: 93810K (16%)
----------------- Invoking toplevel() on ptolemy.moml.MoMLSimpleApplication@4f71bdc
----------------- Done invoking toplevel() on ptolemy.moml.MoMLSimpleApplication@4f71bdc
reloadAllAccessors: .ImpulseFeedback2

===========================================================================================
----------------- testing Sat Apr 06 03:56:23 UTC 2019 /home/travis/build/icyphy/ptII/ptolemy/domains/continuous/test/auto/IncreasingRatePoisson.xml
----------------- Instantiating /home/travis/build/icyphy/ptII/ptolemy/domains/continuous/test/auto/IncreasingRatePoisson.xml
717 ms. Memory: 565760K Free: 267950K (47%)
----------------- Invoking toplevel() on ptolemy.moml.MoMLSimpleApplication@6795fa07
----------------- Done invoking toplevel() on ptolemy.moml.MoMLSimpleApplication@6795fa07
reloadAllAccessors: .IncreasingRatePoisson

===========================================================================================
----------------- testing Sat Apr 06 03:56:24 UTC 2019 /home/travis/build/icyphy/ptII/ptolemy/domains/continuous/test/auto/InitialStateFeedback.xml
----------------- Instantiating /home/travis/build/icyphy/ptII/ptolemy/domains/continuous/test/auto/InitialStateFeedback.xml
8 ms. Memory: 565760K Free: 258493K (46%)
----------------- Invoking toplevel() on ptolemy.moml.MoMLSimpleApplication@1f7bda84
----------------- Done invoking toplevel() on ptolemy.moml.MoMLSimpleApplication@1f7bda84
reloadAllAccessors: .InitialStateFeedback

===========================================================================================
----------------- testing Sat Apr 06 03:56:24 UTC 2019 /home/travis/build/icyphy/ptII/ptolemy/domains/continuous/test/auto/Integration.xml
----------------- Instantiating /home/travis/build/icyphy/ptII/ptolemy/domains/continuous/test/auto/Integration.xml
2 ms. Memory: 565760K Free: 250319K (44%)
----------------- Invoking toplevel() on ptolemy.moml.MoMLSimpleApplication@bd490c4
----------------- Done invoking toplevel() on ptolemy.moml.MoMLSimpleApplication@bd490c4
reloadAllAccessors: .Integration

===========================================================================================
----------------- testing Sat Apr 06 03:56:24 UTC 2019 /home/travis/build/icyphy/ptII/ptolemy/domains/continuous/test/auto/Integration2.xml
----------------- Instantiating /home/travis/build/icyphy/ptII/ptolemy/domains/continuous/test/auto/Integration2.xml
80 ms. Memory: 565760K Free: 232609K (41%)
----------------- Invoking toplevel() on ptolemy.moml.MoMLSimpleApplication@6053732
----------------- Done invoking toplevel() on ptolemy.moml.MoMLSimpleApplication@6053732
reloadAllAccessors: .Integration2

===========================================================================================
----------------- testing Sat Apr 06 03:56:24 UTC 2019 /home/travis/build/icyphy/ptII/ptolemy/domains/continuous/test/auto/Integration3.xml
----------------- Instantiating /home/travis/build/icyphy/ptII/ptolemy/domains/continuous/test/auto/Integration3.xml
4 ms. Memory: 565760K Free: 224419K (40%)
----------------- Invoking toplevel() on ptolemy.moml.MoMLSimpleApplication@74a04ace
----------------- Done invoking toplevel() on ptolemy.moml.MoMLSimpleApplication@74a04ace
reloadAllAccessors: .Integration3

===========================================================================================
----------------- testing Sat Apr 06 03:56:24 UTC 2019 /home/travis/build/icyphy/ptII/ptolemy/domains/continuous/test/auto/Integration5.xml
----------------- Instantiating /home/travis/build/icyphy/ptII/ptolemy/domains/continuous/test/auto/Integration5.xml
3 ms. Memory: 565760K Free: 216229K (38%)
----------------- Invoking toplevel() on ptolemy.moml.MoMLSimpleApplication@3e2fd085
----------------- Done invoking toplevel() on ptolemy.moml.MoMLSimpleApplication@3e2fd085
reloadAllAccessors: .Integration5

===========================================================================================
----------------- testing Sat Apr 06 03:56:24 UTC 2019 /home/travis/build/icyphy/ptII/ptolemy/domains/continuous/test/auto/IntegratorImpulse.xml
----------------- Instantiating /home/travis/build/icyphy/ptII/ptolemy/domains/continuous/test/auto/IntegratorImpulse.xml
3 ms. Memory: 565760K Free: 208206K (37%)
----------------- Invoking toplevel() on ptolemy.moml.MoMLSimpleApplication@2ac2403d
----------------- Done invoking toplevel() on ptolemy.moml.MoMLSimpleApplication@2ac2403d
reloadAllAccessors: .IntegratorImpulse

===========================================================================================
----------------- testing Sat Apr 06 03:56:24 UTC 2019 /home/travis/build/icyphy/ptII/ptolemy/domains/continuous/test/auto/IntegratorImpulse2.xml
----------------- Instantiating /home/travis/build/icyphy/ptII/ptolemy/domains/continuous/test/auto/IntegratorImpulse2.xml
4 ms. Memory: 565760K Free: 200016K (35%)
----------------- Invoking toplevel() on ptolemy.moml.MoMLSimpleApplication@2169cbc9
----------------- Done invoking toplevel() on ptolemy.moml.MoMLSimpleApplication@2169cbc9
reloadAllAccessors: .IntegratorImpulse2

===========================================================================================
----------------- testing Sat Apr 06 03:56:24 UTC 2019 /home/travis/build/icyphy/ptII/ptolemy/domains/continuous/test/auto/LevelCrossing1.xml
----------------- Instantiating /home/travis/build/icyphy/ptII/ptolemy/domains/continuous/test/auto/LevelCrossing1.xml
2 ms. Memory: 565760K Free: 191826K (34%)
----------------- Invoking toplevel() on ptolemy.moml.MoMLSimpleApplication@7a079818
----------------- Done invoking toplevel() on ptolemy.moml.MoMLSimpleApplication@7a079818
reloadAllAccessors: .LevelCrossing1

===========================================================================================
----------------- testing Sat Apr 06 03:56:24 UTC 2019 /home/travis/build/icyphy/ptII/ptolemy/domains/continuous/test/auto/LevelCrossing2.xml
----------------- Instantiating /home/travis/build/icyphy/ptII/ptolemy/domains/continuous/test/auto/LevelCrossing2.xml
3 ms. Memory: 565760K Free: 183795K (32%)
----------------- Invoking toplevel() on ptolemy.moml.MoMLSimpleApplication@3d2e83ee
----------------- Done invoking toplevel() on ptolemy.moml.MoMLSimpleApplication@3d2e83ee
reloadAllAccessors: .LevelCrossing2

===========================================================================================
----------------- testing Sat Apr 06 03:56:24 UTC 2019 /home/travis/build/icyphy/ptII/ptolemy/domains/continuous/test/auto/LevelCrossing3.xml
----------------- Instantiating /home/travis/build/icyphy/ptII/ptolemy/domains/continuous/test/auto/LevelCrossing3.xml
3 ms. Memory: 565760K Free: 175621K (31%)
----------------- Invoking toplevel() on ptolemy.moml.MoMLSimpleApplication@3e11106e
----------------- Done invoking toplevel() on ptolemy.moml.MoMLSimpleApplication@3e11106e
reloadAllAccessors: .LevelCrossing3

===========================================================================================
----------------- testing Sat Apr 06 03:56:24 UTC 2019 /home/travis/build/icyphy/ptII/ptolemy/domains/continuous/test/auto/LevelCrossing4.xml
----------------- Instantiating /home/travis/build/icyphy/ptII/ptolemy/domains/continuous/test/auto/LevelCrossing4.xml
3 ms. Memory: 565760K Free: 167431K (30%)
----------------- Invoking toplevel() on ptolemy.moml.MoMLSimpleApplication@7875677b
----------------- Done invoking toplevel() on ptolemy.moml.MoMLSimpleApplication@7875677b
reloadAllAccessors: .LevelCrossing4

===========================================================================================
----------------- testing Sat Apr 06 03:56:24 UTC 2019 /home/travis/build/icyphy/ptII/ptolemy/domains/continuous/test/auto/LevelCrossing5.xml
----------------- Instantiating /home/travis/build/icyphy/ptII/ptolemy/domains/continuous/test/auto/LevelCrossing5.xml
3 ms. Memory: 565760K Free: 159258K (28%)
----------------- Invoking toplevel() on ptolemy.moml.MoMLSimpleApplication@3f98716c
----------------- Done invoking toplevel() on ptolemy.moml.MoMLSimpleApplication@3f98716c
reloadAllAccessors: .LevelCrossing5

===========================================================================================
[...]
----------------- Instantiating /home/travis/build/icyphy/ptII/ptolemy/domains/continuous/test/auto/SRinContinuous.xml
4 ms. Memory: 493056K Free: 36799K (7%)
----------------- Invoking toplevel() on ptolemy.moml.MoMLSimpleApplication@436be7e3
----------------- Done invoking toplevel() on ptolemy.moml.MoMLSimpleApplication@436be7e3
reloadAllAccessors: .SRinContinuous

===========================================================================================
----------------- testing Sat Apr 06 03:56:41 UTC 2019 /home/travis/build/icyphy/ptII/ptolemy/domains/continuous/test/auto/SampledClocks.xml
----------------- Instantiating /home/travis/build/icyphy/ptII/ptolemy/domains/continuous/test/auto/SampledClocks.xml
8 ms. Memory: 474624K Free: 418669K (88%)
----------------- Invoking toplevel() on ptolemy.moml.MoMLSimpleApplication@42a69e0c
----------------- Done invoking toplevel() on ptolemy.moml.MoMLSimpleApplication@42a69e0c
reloadAllAccessors: .SampledClocks

===========================================================================================
----------------- testing Sat Apr 06 03:56:41 UTC 2019 /home/travis/build/icyphy/ptII/ptolemy/domains/continuous/test/auto/Satellite.xml
----------------- Instantiating /home/travis/build/icyphy/ptII/ptolemy/domains/continuous/test/auto/Satellite.xml
793 ms. Memory: 474624K Free: 221321K (47%)
----------------- Invoking toplevel() on ptolemy.moml.MoMLSimpleApplication@43545da7
----------------- Done invoking toplevel() on ptolemy.moml.MoMLSimpleApplication@43545da7
reloadAllAccessors: .Satellite

===========================================================================================
----------------- testing Sat Apr 06 03:56:42 UTC 2019 /home/travis/build/icyphy/ptII/ptolemy/domains/continuous/test/auto/SigmaDelta.xml
----------------- Instantiating /home/travis/build/icyphy/ptII/ptolemy/domains/continuous/test/auto/SigmaDelta.xml
2256 ms. Memory: 462336K Free: 218560K (47%)
----------------- Invoking toplevel() on ptolemy.moml.MoMLSimpleApplication@37023a62
----------------- Done invoking toplevel() on ptolemy.moml.MoMLSimpleApplication@37023a62
reloadAllAccessors: .SigmaDelta

===========================================================================================
----------------- testing Sat Apr 06 03:56:45 UTC 2019 /home/travis/build/icyphy/ptII/ptolemy/domains/continuous/test/auto/SingleRefinement.xml
----------------- Instantiating /home/travis/build/icyphy/ptII/ptolemy/domains/continuous/test/auto/SingleRefinement.xml
423 ms. Memory: 462336K Free: 31399K (7%)
----------------- Invoking toplevel() on ptolemy.moml.MoMLSimpleApplication@30ed401b
----------------- Done invoking toplevel() on ptolemy.moml.MoMLSimpleApplication@30ed401b
reloadAllAccessors: .SingleRefinement

===========================================================================================
----------------- testing Sat Apr 06 03:56:45 UTC 2019 /home/travis/build/icyphy/ptII/ptolemy/domains/continuous/test/auto/SinuBouncingBall.xml
----------------- Instantiating /home/travis/build/icyphy/ptII/ptolemy/domains/continuous/test/auto/SinuBouncingBall.xml
816 ms. Memory: 439296K Free: 154922K (35%)
----------------- Invoking toplevel() on ptolemy.moml.MoMLSimpleApplication@73a47ec9
----------------- Done invoking toplevel() on ptolemy.moml.MoMLSimpleApplication@73a47ec9
reloadAllAccessors: .SinuBouncingBall

===========================================================================================
----------------- testing Sat Apr 06 03:56:46 UTC 2019 /home/travis/build/icyphy/ptII/ptolemy/domains/continuous/test/auto/Sinusoid.xml
----------------- Instantiating /home/travis/build/icyphy/ptII/ptolemy/domains/continuous/test/auto/Sinusoid.xml
5 ms. Memory: 439296K Free: 149257K (34%)
----------------- Invoking toplevel() on ptolemy.moml.MoMLSimpleApplication@465ee465
----------------- Done invoking toplevel() on ptolemy.moml.MoMLSimpleApplication@465ee465
reloadAllAccessors: .Sinusoid

===========================================================================================
----------------- testing Sat Apr 06 03:56:46 UTC 2019 /home/travis/build/icyphy/ptII/ptolemy/domains/continuous/test/auto/SinusoidInNoise.xml
----------------- Instantiating /home/travis/build/icyphy/ptII/ptolemy/domains/continuous/test/auto/SinusoidInNoise.xml
973 ms. Memory: 430592K Free: 291399K (68%)
----------------- Invoking toplevel() on ptolemy.moml.MoMLSimpleApplication@63537a9c
----------------- Done invoking toplevel() on ptolemy.moml.MoMLSimpleApplication@63537a9c
reloadAllAccessors: .SinusoidInNoise

===========================================================================================
----------------- testing Sat Apr 06 03:56:47 UTC 2019 /home/travis/build/icyphy/ptII/ptolemy/domains/continuous/test/auto/SinusoidRK45.xml
----------------- Instantiating /home/travis/build/icyphy/ptII/ptolemy/domains/continuous/test/auto/SinusoidRK45.xml
3 ms. Memory: 430592K Free: 282371K (66%)
----------------- Invoking toplevel() on ptolemy.moml.MoMLSimpleApplication@3c9cc10c
----------------- Done invoking toplevel() on ptolemy.moml.MoMLSimpleApplication@3c9cc10c
reloadAllAccessors: .SinusoidRK45

===========================================================================================
----------------- testing Sat Apr 06 03:56:47 UTC 2019 /home/travis/build/icyphy/ptII/ptolemy/domains/continuous/test/auto/SinusoidWithMultipleImpulses.xml
----------------- Instantiating /home/travis/build/icyphy/ptII/ptolemy/domains/continuous/test/auto/SinusoidWithMultipleImpulses.xml
4 ms. Memory: 430592K Free: 274581K (64%)
----------------- Invoking toplevel() on ptolemy.moml.MoMLSimpleApplication@a4d6dd6
----------------- Done invoking toplevel() on ptolemy.moml.MoMLSimpleApplication@a4d6dd6
reloadAllAccessors: .SinusoidWithMultipleImpulses

===========================================================================================
----------------- testing Sat Apr 06 03:56:47 UTC 2019 /home/travis/build/icyphy/ptII/ptolemy/domains/continuous/test/auto/SquareWave.xml
----------------- Instantiating /home/travis/build/icyphy/ptII/ptolemy/domains/continuous/test/auto/SquareWave.xml
175 ms. Memory: 430592K Free: 246274K (57%)
----------------- Invoking toplevel() on ptolemy.moml.MoMLSimpleApplication@2f04d0af
----------------- Done invoking toplevel() on ptolemy.moml.MoMLSimpleApplication@2f04d0af
reloadAllAccessors: .SquareWave

===========================================================================================
----------------- testing Sat Apr 06 03:56:47 UTC 2019 /home/travis/build/icyphy/ptII/ptolemy/domains/continuous/test/auto/Starmac.xml
----------------- Instantiating /home/travis/build/icyphy/ptII/ptolemy/domains/continuous/test/auto/Starmac.xml
3067 ms. Memory: 412160K Free: 192442K (47%)
----------------- Invoking toplevel() on ptolemy.moml.MoMLSimpleApplication@39226add
----------------- Done invoking toplevel() on ptolemy.moml.MoMLSimpleApplication@39226add
reloadAllAccessors: .Starmac

===========================================================================================
----------------- testing Sat Apr 06 03:56:51 UTC 2019 /home/travis/build/icyphy/ptII/ptolemy/domains/continuous/test/auto/StaticUnits.xml
----------------- Instantiating /home/travis/build/icyphy/ptII/ptolemy/domains/continuous/test/auto/StaticUnits.xml
2269 ms. Memory: 378880K Free: 298773K (79%)
----------------- Invoking toplevel() on ptolemy.moml.MoMLSimpleApplication@4f6be1f3
----------------- Done invoking toplevel() on ptolemy.moml.MoMLSimpleApplication@4f6be1f3
reloadAllAccessors: .StaticUnits

===========================================================================================
----------------- testing Sat Apr 06 03:56:54 UTC 2019 /home/travis/build/icyphy/ptII/ptolemy/domains/continuous/test/auto/StickyMasses.xml
----------------- Instantiating /home/travis/build/icyphy/ptII/ptolemy/domains/continuous/test/auto/StickyMasses.xml
141 ms. Memory: 378880K Free: 242628K (64%)
----------------- Invoking toplevel() on ptolemy.moml.MoMLSimpleApplication@7cd6f907
----------------- Done invoking toplevel() on ptolemy.moml.MoMLSimpleApplication@7cd6f907
reloadAllAccessors: .StickyMasses

===========================================================================================
----------------- testing Sat Apr 06 03:56:54 UTC 2019 /home/travis/build/icyphy/ptII/ptolemy/domains/continuous/test/auto/StopTime.xml
----------------- Instantiating /home/travis/build/icyphy/ptII/ptolemy/domains/continuous/test/auto/StopTime.xml
45 ms. Memory: 378880K Free: 215832K (57%)
----------------- Invoking toplevel() on ptolemy.moml.MoMLSimpleApplication@4423e4a4
----------------- Done invoking toplevel() on ptolemy.moml.MoMLSimpleApplication@4423e4a4
reloadAllAccessors: .StopTime

===========================================================================================
----------------- testing Sat Apr 06 03:56:54 UTC 2019 /home/travis/build/icyphy/ptII/ptolemy/domains/continuous/test/auto/StopTime2.xml
----------------- Instantiating /home/travis/build/icyphy/ptII/ptolemy/domains/continuous/test/auto/StopTime2.xml
39 ms. Memory: 378880K Free: 191009K (50%)
----------------- Invoking toplevel() on ptolemy.moml.MoMLSimpleApplication@5b0efdac
----------------- Done invoking toplevel() on ptolemy.moml.MoMLSimpleApplication@5b0efdac
reloadAllAccessors: .StopTime2

===========================================================================================
----------------- testing Sat Apr 06 03:56:54 UTC 2019 /home/travis/build/icyphy/ptII/ptolemy/domains/continuous/test/auto/Switch.xml
----------------- Instantiating /home/travis/build/icyphy/ptII/ptolemy/domains/continuous/test/auto/Switch.xml
40 ms. Memory: 378880K Free: 164164K (43%)
----------------- Invoking toplevel() on ptolemy.moml.MoMLSimpleApplication@5fc40b9c
----------------- Done invoking toplevel() on ptolemy.moml.MoMLSimpleApplication@5fc40b9c
reloadAllAccessors: .Switch

===========================================================================================
----------------- testing Sat Apr 06 03:56:54 UTC 2019 /home/travis/build/icyphy/ptII/ptolemy/domains/continuous/test/auto/Thermostat.xml
----------------- Instantiating /home/travis/build/icyphy/ptII/ptolemy/domains/continuous/test/auto/Thermostat.xml
186 ms. Memory: 378880K Free: 89564K (24%)
----------------- Invoking toplevel() on ptolemy.moml.MoMLSimpleApplication@8faf6c
----------------- Done invoking toplevel() on ptolemy.moml.MoMLSimpleApplication@8faf6c
reloadAllAccessors: .Thermostat

===========================================================================================
----------------- testing Sat Apr 06 03:56:54 UTC 2019 /home/travis/build/icyphy/ptII/ptolemy/domains/continuous/test/auto/TimeDelay.xml
----------------- Instantiating /home/travis/build/icyphy/ptII/ptolemy/domains/continuous/test/auto/TimeDelay.xml
5 ms. Memory: 378880K Free: 82639K (22%)
----------------- Invoking toplevel() on ptolemy.moml.MoMLSimpleApplication@7fbefa48
----------------- Done invoking toplevel() on ptolemy.moml.MoMLSimpleApplication@7fbefa48
reloadAllAccessors: .TimeDelay

===========================================================================================
----------------- testing Sat Apr 06 03:56:54 UTC 2019 /home/travis/build/icyphy/ptII/ptolemy/domains/continuous/test/auto/TimeDelay2.xml
----------------- Instantiating /home/travis/build/icyphy/ptII/ptolemy/domains/continuous/test/auto/TimeDelay2.xml
7 ms. Memory: 378880K Free: 73748K (19%)
----------------- Invoking toplevel() on ptolemy.moml.MoMLSimpleApplication@49a987a0
----------------- Done invoking toplevel() on ptolemy.moml.MoMLSimpleApplication@49a987a0
reloadAllAccessors: .TimeDelay2

===========================================================================================
----------------- testing Sat Apr 06 03:56:54 UTC 2019 /home/travis/build/icyphy/ptII/ptolemy/domains/continuous/test/auto/TimeDelay3.xml
----------------- Instantiating /home/travis/build/icyphy/ptII/ptolemy/domains/continuous/test/auto/TimeDelay3.xml
3 ms. Memory: 378880K Free: 66816K (18%)
----------------- Invoking toplevel() on ptolemy.moml.MoMLSimpleApplication@74e5e367
----------------- Done invoking toplevel() on ptolemy.moml.MoMLSimpleApplication@74e5e367
reloadAllAccessors: .TimeDelay3

===========================================================================================
----------------- testing Sat Apr 06 03:56:54 UTC 2019 /home/travis/build/icyphy/ptII/ptolemy/domains/continuous/test/auto/TransferAbsentToInside.xml
----------------- Instantiating /home/travis/build/icyphy/ptII/ptolemy/domains/continuous/test/auto/TransferAbsentToInside.xml
30 ms. Memory: 373760K Free: 301848K (81%)
----------------- Invoking toplevel() on ptolemy.moml.MoMLSimpleApplication@282ff14f
----------------- Done invoking toplevel() on ptolemy.moml.MoMLSimpleApplication@282ff14f
reloadAllAccessors: .TransferAbsentToInside

===========================================================================================
----------------- testing Sat Apr 06 03:56:54 UTC 2019 /home/travis/build/icyphy/ptII/ptolemy/domains/continuous/test/auto/Transmission.xml
----------------- Instantiating /home/travis/build/icyphy/ptII/ptolemy/domains/continuous/test/auto/Transmission.xml
707 ms. Memory: 373760K Free: 61693K (17%)
----------------- Invoking toplevel() on ptolemy.moml.MoMLSimpleApplication@51797c0b
----------------- Done invoking toplevel() on ptolemy.moml.MoMLSimpleApplication@51797c0b
reloadAllAccessors: .Transmission

===========================================================================================
----------------- testing Sat Apr 06 03:56:55 UTC 2019 /home/travis/build/icyphy/ptII/ptolemy/domains/continuous/test/auto/TriggeredContinuousClock.xml
----------------- Instantiating /home/travis/build/icyphy/ptII/ptolemy/domains/continuous/test/auto/TriggeredContinuousClock.xml
40 ms. Memory: 373760K Free: 28396K (8%)
----------------- Invoking toplevel() on ptolemy.moml.MoMLSimpleApplication@14cacab4
----------------- Done invoking toplevel() on ptolemy.moml.MoMLSimpleApplication@14cacab4
reloadAllAccessors: .TriggeredContinuousClock

===========================================================================================
----------------- testing Sat Apr 06 03:56:55 UTC 2019 /home/travis/build/icyphy/ptII/ptolemy/domains/continuous/test/auto/TwoMachineInfiniteBusControl.xml
----------------- Instantiating /home/travis/build/icyphy/ptII/ptolemy/domains/continuous/test/auto/TwoMachineInfiniteBusControl.xml
2673 ms. Memory: 329728K Free: 198637K (60%)
----------------- Invoking toplevel() on ptolemy.moml.MoMLSimpleApplication@1908f532
----------------- Done invoking toplevel() on ptolemy.moml.MoMLSimpleApplication@1908f532
reloadAllAccessors: .TwoMachineInfiniteBusControl

===========================================================================================
----------------- testing Sat Apr 06 03:56:58 UTC 2019 /home/travis/build/icyphy/ptII/ptolemy/domains/continuous/test/auto/V2V.xml
----------------- Instantiating /home/travis/build/icyphy/ptII/ptolemy/domains/continuous/test/auto/V2V.xml
619 ms. Memory: 326144K Free: 247009K (76%)
----------------- Invoking toplevel() on ptolemy.moml.MoMLSimpleApplication@113b4503
----------------- Done invoking toplevel() on ptolemy.moml.MoMLSimpleApplication@113b4503
reloadAllAccessors: .V2V

===========================================================================================
----------------- testing Sat Apr 06 03:56:59 UTC 2019 /home/travis/build/icyphy/ptII/ptolemy/domains/continuous/test/auto/hierarchicalModalModel.xml
----------------- Instantiating /home/travis/build/icyphy/ptII/ptolemy/domains/continuous/test/auto/hierarchicalModalModel.xml
8 ms. Memory: 326144K Free: 229064K (70%)
----------------- Invoking toplevel() on ptolemy.moml.MoMLSimpleApplication@52d0d286
----------------- Done invoking toplevel() on ptolemy.moml.MoMLSimpleApplication@52d0d286
reloadAllAccessors: .hierarchicalModalModel

===========================================================================================
----------------- testing Sat Apr 06 03:56:59 UTC 2019 /home/travis/build/icyphy/ptII/ptolemy/domains/continuous/test/auto/hierarchicalModalModel1.xml
----------------- Instantiating /home/travis/build/icyphy/ptII/ptolemy/domains/continuous/test/auto/hierarchicalModalModel1.xml
8 ms. Memory: 326144K Free: 212238K (65%)
----------------- Invoking toplevel() on ptolemy.moml.MoMLSimpleApplication@30b96aec
----------------- Done invoking toplevel() on ptolemy.moml.MoMLSimpleApplication@30b96aec
reloadAllAccessors: .hierarchicalModalModel1

===========================================================================================
----------------- testing Sat Apr 06 03:56:59 UTC 2019 /home/travis/build/icyphy/ptII/ptolemy/domains/continuous/test/auto/hierarchicalModalModel2.xml
----------------- Instantiating /home/travis/build/icyphy/ptII/ptolemy/domains/continuous/test/auto/hierarchicalModalModel2.xml
7 ms. Memory: 326144K Free: 196971K (60%)
----------------- Invoking toplevel() on ptolemy.moml.MoMLSimpleApplication@20b003a0
----------------- Done invoking toplevel() on ptolemy.moml.MoMLSimpleApplication@20b003a0
reloadAllAccessors: .hierarchicalModalModel2

===========================================================================================
----------------- testing Sat Apr 06 03:56:59 UTC 2019 /home/travis/build/icyphy/ptII/ptolemy/domains/continuous/test/auto/hierarchicalModalModel3.xml
----------------- Instantiating /home/travis/build/icyphy/ptII/ptolemy/domains/continuous/test/auto/hierarchicalModalModel3.xml
6 ms. Memory: 326144K Free: 183295K (56%)
----------------- Invoking toplevel() on ptolemy.moml.MoMLSimpleApplication@51f625ab
----------------- Done invoking toplevel() on ptolemy.moml.MoMLSimpleApplication@51f625ab
reloadAllAccessors: .hierarchicalModalModel3

===========================================================================================
----------------- testing Sat Apr 06 03:56:59 UTC 2019 /home/travis/build/icyphy/ptII/ptolemy/domains/continuous/test/auto/hierarchicalModalModel4.xml
----------------- Instantiating /home/travis/build/icyphy/ptII/ptolemy/domains/continuous/test/auto/hierarchicalModalModel4.xml
5 ms. Memory: 326144K Free: 168004K (52%)
----------------- Invoking toplevel() on ptolemy.moml.MoMLSimpleApplication@2077f5b3
----------------- Done invoking toplevel() on ptolemy.moml.MoMLSimpleApplication@2077f5b3
reloadAllAccessors: .hierarchicalModalModel4

===========================================================================================
----------------- testing Sat Apr 06 03:56:59 UTC 2019 /home/travis/build/icyphy/ptII/ptolemy/domains/continuous/test/auto/junk.xml
----------------- Instantiating /home/travis/build/icyphy/ptII/ptolemy/domains/continuous/test/auto/junk.xml
142 ms. Memory: 326144K Free: 135292K (41%)
----------------- Invoking toplevel() on ptolemy.moml.MoMLSimpleApplication@6242289e
----------------- Done invoking toplevel() on ptolemy.moml.MoMLSimpleApplication@6242289e
reloadAllAccessors: .junk
AutoTests.java: About to close Vertx.
AutoTests.java: Vertx closed.
]]></system-out>
  <system-err><![CDATA[Warning: '.HysteresisWithRandomDelay.NonStrictTest' The test produced only 221 tokens, yet the correctValues parameter was expecting 222 tokens.
Warning: '.HysteresisWithRandomDelay.NonStrictTest2' The test produced only 220 tokens, yet the correctValues parameter was expecting 221 tokens.
Warning: '.IncreasingRatePoisson.NonStrictTest' The test produced only 372 tokens, yet the correctValues parameter was expecting 402 tokens.
Warning: '.Poisson.NonStrictTest' The test produced only 387 tokens, yet the correctValues parameter was expecting 430 tokens.
]]></system-err>
</testsuite>
