<?xml version="1.0" encoding="UTF-8" ?>
<testsuite errors="0" failures="0" hostname="travis-job-583c5a21-d4e6-45eb-b296-31c4f43194e6" name="ptolemy.domains.continuous.test.junit.JUnitTclTest" skipped="0" tests="156" time="65.82" timestamp="2020-07-19T15:05:44">
  <properties>
[...]
</properties>
  <testcase classname="ptolemy.util.test.junit.TclTests" name="[0] ThereAreNoTclTests (RunTclFile)" time="0.007" />
  <testcase classname="ptolemy.util.test.junit.AutoKnownFailedTests" name="[0] ThereAreNoKnowFailedTests (RunModel)" time="0.001" />
  <testcase classname="ptolemy.util.test.junit.AutoNameArchTests" name="[0] ThereAreNoAutoArchTests (RunModel)" time="0.009" />
  <testcase classname="ptolemy.util.test.junit.AutoTests" name="[0] /home/travis/build/icyphy/ptII/ptolemy/domains/continuous/test/auto/BouncingBall.xml (RunModel)" time="2.722" />
  <testcase classname="ptolemy.util.test.junit.AutoTests" name="[1] /home/travis/build/icyphy/ptII/ptolemy/domains/continuous/test/auto/BouncingBallWithoutGR.xml (RunModel)" time="0.861" />
  <testcase classname="ptolemy.util.test.junit.AutoTests" name="[2] /home/travis/build/icyphy/ptII/ptolemy/domains/continuous/test/auto/Brownian.xml (RunModel)" time="0.143" />
  <testcase classname="ptolemy.util.test.junit.AutoTests" name="[3] /home/travis/build/icyphy/ptII/ptolemy/domains/continuous/test/auto/CarTracking.xml (RunModel)" time="3.934" />
  <testcase classname="ptolemy.util.test.junit.AutoTests" name="[4] /home/travis/build/icyphy/ptII/ptolemy/domains/continuous/test/auto/CartPendulum.xml (RunModel)" time="0.524" />
  <testcase classname="ptolemy.util.test.junit.AutoTests" name="[5] /home/travis/build/icyphy/ptII/ptolemy/domains/continuous/test/auto/CausalityInterface10.xml (RunModel)" time="0.04" />
  <testcase classname="ptolemy.util.test.junit.AutoTests" name="[6] /home/travis/build/icyphy/ptII/ptolemy/domains/continuous/test/auto/CausalityInterface11.xml (RunModel)" time="0.035" />
  <testcase classname="ptolemy.util.test.junit.AutoTests" name="[7] /home/travis/build/icyphy/ptII/ptolemy/domains/continuous/test/auto/CausalityInterface12.xml (RunModel)" time="0.042" />
  <testcase classname="ptolemy.util.test.junit.AutoTests" name="[8] /home/travis/build/icyphy/ptII/ptolemy/domains/continuous/test/auto/CausalityInterface13.xml (RunModel)" time="0.032" />
  <testcase classname="ptolemy.util.test.junit.AutoTests" name="[9] /home/travis/build/icyphy/ptII/ptolemy/domains/continuous/test/auto/CausalityInterface14.xml (RunModel)" time="0.023" />
  <testcase classname="ptolemy.util.test.junit.AutoTests" name="[10] /home/travis/build/icyphy/ptII/ptolemy/domains/continuous/test/auto/CausalityInterface4.xml (RunModel)" time="0.03" />
  <testcase classname="ptolemy.util.test.junit.AutoTests" name="[11] /home/travis/build/icyphy/ptII/ptolemy/domains/continuous/test/auto/CausalityInterface5.xml (RunModel)" time="0.048" />
  <testcase classname="ptolemy.util.test.junit.AutoTests" name="[12] /home/travis/build/icyphy/ptII/ptolemy/domains/continuous/test/auto/CausalityInterface6.xml (RunModel)" time="0.022" />
  <testcase classname="ptolemy.util.test.junit.AutoTests" name="[13] /home/travis/build/icyphy/ptII/ptolemy/domains/continuous/test/auto/CausalityInterface7.xml (RunModel)" time="0.038" />
  <testcase classname="ptolemy.util.test.junit.AutoTests" name="[14] /home/travis/build/icyphy/ptII/ptolemy/domains/continuous/test/auto/CausalityInterface8.xml (RunModel)" time="0.043" />
  <testcase classname="ptolemy.util.test.junit.AutoTests" name="[15] /home/travis/build/icyphy/ptII/ptolemy/domains/continuous/test/auto/CausalityInterface9.xml (RunModel)" time="0.038" />
  <testcase classname="ptolemy.util.test.junit.AutoTests" name="[16] /home/travis/build/icyphy/ptII/ptolemy/domains/continuous/test/auto/CausalityInterfaceFeedback1.xml (RunModel)" time="0.028" />
  <testcase classname="ptolemy.util.test.junit.AutoTests" name="[17] /home/travis/build/icyphy/ptII/ptolemy/domains/continuous/test/auto/CausalityInterfaceFeedback2.xml (RunModel)" time="0.029" />
  <testcase classname="ptolemy.util.test.junit.AutoTests" name="[18] /home/travis/build/icyphy/ptII/ptolemy/domains/continuous/test/auto/CompareWithCurrentTime.xml (RunModel)" time="0.025" />
  <testcase classname="ptolemy.util.test.junit.AutoTests" name="[19] /home/travis/build/icyphy/ptII/ptolemy/domains/continuous/test/auto/ComparedClocks.xml (RunModel)" time="0.064" />
  <testcase classname="ptolemy.util.test.junit.AutoTests" name="[20] /home/travis/build/icyphy/ptII/ptolemy/domains/continuous/test/auto/ContinuousAOCClone.xml (RunModel)" time="2.31" />
  <testcase classname="ptolemy.util.test.junit.AutoTests" name="[21] /home/travis/build/icyphy/ptII/ptolemy/domains/continuous/test/auto/ContinuousClock.xml (RunModel)" time="0.071" />
  <testcase classname="ptolemy.util.test.junit.AutoTests" name="[22] /home/travis/build/icyphy/ptII/ptolemy/domains/continuous/test/auto/ContinuousInContinuous.xml (RunModel)" time="0.077" />
  <testcase classname="ptolemy.util.test.junit.AutoTests" name="[23] /home/travis/build/icyphy/ptII/ptolemy/domains/continuous/test/auto/ContinuousInContinuousInContinuous.xml (RunModel)" time="0.02" />
  <testcase classname="ptolemy.util.test.junit.AutoTests" name="[24] /home/travis/build/icyphy/ptII/ptolemy/domains/continuous/test/auto/ContinuousInDE.xml (RunModel)" time="0.115" />
  <testcase classname="ptolemy.util.test.junit.AutoTests" name="[25] /home/travis/build/icyphy/ptII/ptolemy/domains/continuous/test/auto/ContinuousInDE2.xml (RunModel)" time="0.046" />
  <testcase classname="ptolemy.util.test.junit.AutoTests" name="[26] /home/travis/build/icyphy/ptII/ptolemy/domains/continuous/test/auto/ContinuousInDE3.xml (RunModel)" time="0.049" />
  <testcase classname="ptolemy.util.test.junit.AutoTests" name="[27] /home/travis/build/icyphy/ptII/ptolemy/domains/continuous/test/auto/ContinuousInDE4.xml (RunModel)" time="0.031" />
  <testcase classname="ptolemy.util.test.junit.AutoTests" name="[28] /home/travis/build/icyphy/ptII/ptolemy/domains/continuous/test/auto/ContinuousInDEDifferentRefinements.xml (RunModel)" time="0.095" />
  <testcase classname="ptolemy.util.test.junit.AutoTests" name="[29] /home/travis/build/icyphy/ptII/ptolemy/domains/continuous/test/auto/ContinuousInDEDifferentRefinementsPreemptive.xml (RunModel)" time="0.09" />
  <testcase classname="ptolemy.util.test.junit.AutoTests" name="[30] /home/travis/build/icyphy/ptII/ptolemy/domains/continuous/test/auto/ContinuousInDEInContinuous2.xml (RunModel)" time="0.062" />
  <testcase classname="ptolemy.util.test.junit.AutoTests" name="[31] /home/travis/build/icyphy/ptII/ptolemy/domains/continuous/test/auto/ContinuousInDEInContinuous3.xml (RunModel)" time="0.054" />
  <testcase classname="ptolemy.util.test.junit.AutoTests" name="[32] /home/travis/build/icyphy/ptII/ptolemy/domains/continuous/test/auto/ContinuousInDEInput.xml (RunModel)" time="0.036" />
  <testcase classname="ptolemy.util.test.junit.AutoTests" name="[33] /home/travis/build/icyphy/ptII/ptolemy/domains/continuous/test/auto/ContinuousInDEInput2.xml (RunModel)" time="0.034" />
  <testcase classname="ptolemy.util.test.junit.AutoTests" name="[34] /home/travis/build/icyphy/ptII/ptolemy/domains/continuous/test/auto/ContinuousInDEInput3.xml (RunModel)" time="0.03" />
  <testcase classname="ptolemy.util.test.junit.AutoTests" name="[35] /home/travis/build/icyphy/ptII/ptolemy/domains/continuous/test/auto/ContinuousInDESharingRefinement.xml (RunModel)" time="0.212" />
  <testcase classname="ptolemy.util.test.junit.AutoTests" name="[36] /home/travis/build/icyphy/ptII/ptolemy/domains/continuous/test/auto/ContinuousInDEwithNoPorts.xml (RunModel)" time="0.023" />
  <testcase classname="ptolemy.util.test.junit.AutoTests" name="[37] /home/travis/build/icyphy/ptII/ptolemy/domains/continuous/test/auto/ContinuousInsideDE.xml (RunModel)" time="0.081" />
  <testcase classname="ptolemy.util.test.junit.AutoTests" name="[38] /home/travis/build/icyphy/ptII/ptolemy/domains/continuous/test/auto/ContinuousMerge1.xml (RunModel)" time="0.014" />
  <testcase classname="ptolemy.util.test.junit.AutoTests" name="[39] /home/travis/build/icyphy/ptII/ptolemy/domains/continuous/test/auto/ContinuousMerge2.xml (RunModel)" time="0.042" />
  <testcase classname="ptolemy.util.test.junit.AutoTests" name="[40] /home/travis/build/icyphy/ptII/ptolemy/domains/continuous/test/auto/ContinuousMerge3.xml (RunModel)" time="0.074" />
  <testcase classname="ptolemy.util.test.junit.AutoTests" name="[41] /home/travis/build/icyphy/ptII/ptolemy/domains/continuous/test/auto/ContinuousWithinContinuous.xml (RunModel)" time="0.045" />
  <testcase classname="ptolemy.util.test.junit.AutoTests" name="[42] /home/travis/build/icyphy/ptII/ptolemy/domains/continuous/test/auto/ContinuousWithinContinuous2.xml (RunModel)" time="0.068" />
  <testcase classname="ptolemy.util.test.junit.AutoTests" name="[43] /home/travis/build/icyphy/ptII/ptolemy/domains/continuous/test/auto/ContinuousWithinContinuous3.xml (RunModel)" time="0.026" />
  <testcase classname="ptolemy.util.test.junit.AutoTests" name="[44] /home/travis/build/icyphy/ptII/ptolemy/domains/continuous/test/auto/ContinuousWithinContinuous4.xml (RunModel)" time="0.067" />
  <testcase classname="ptolemy.util.test.junit.AutoTests" name="[45] /home/travis/build/icyphy/ptII/ptolemy/domains/continuous/test/auto/ContinuousWithinContinuous5.xml (RunModel)" time="0.027" />
  <testcase classname="ptolemy.util.test.junit.AutoTests" name="[46] /home/travis/build/icyphy/ptII/ptolemy/domains/continuous/test/auto/ContinuousWithinContinuous6.xml (RunModel)" time="0.024" />
  <testcase classname="ptolemy.util.test.junit.AutoTests" name="[47] /home/travis/build/icyphy/ptII/ptolemy/domains/continuous/test/auto/ContinuousWithinContinuous7.xml (RunModel)" time="0.057" />
  <testcase classname="ptolemy.util.test.junit.AutoTests" name="[48] /home/travis/build/icyphy/ptII/ptolemy/domains/continuous/test/auto/DCMotor.xml (RunModel)" time="11.911" />
  <testcase classname="ptolemy.util.test.junit.AutoTests" name="[49] /home/travis/build/icyphy/ptII/ptolemy/domains/continuous/test/auto/DEInContinuous.xml (RunModel)" time="0.03" />
  <testcase classname="ptolemy.util.test.junit.AutoTests" name="[50] /home/travis/build/icyphy/ptII/ptolemy/domains/continuous/test/auto/DEinContinuous2.xml (RunModel)" time="0.03" />
  <testcase classname="ptolemy.util.test.junit.AutoTests" name="[51] /home/travis/build/icyphy/ptII/ptolemy/domains/continuous/test/auto/Derivative.xml (RunModel)" time="0.188" />
  <testcase classname="ptolemy.util.test.junit.AutoTests" name="[52] /home/travis/build/icyphy/ptII/ptolemy/domains/continuous/test/auto/Derivative1.xml (RunModel)" time="0.047" />
  <testcase classname="ptolemy.util.test.junit.AutoTests" name="[53] /home/travis/build/icyphy/ptII/ptolemy/domains/continuous/test/auto/DiscreteClock.xml (RunModel)" time="0.017" />
  <testcase classname="ptolemy.util.test.junit.AutoTests" name="[54] /home/travis/build/icyphy/ptII/ptolemy/domains/continuous/test/auto/EfficiencyCurve.xml (RunModel)" time="0.11" />
  <testcase classname="ptolemy.util.test.junit.AutoTests" name="[55] /home/travis/build/icyphy/ptII/ptolemy/domains/continuous/test/auto/ExponentialResponse.xml (RunModel)" time="0.102" />
  <testcase classname="ptolemy.util.test.junit.AutoTests" name="[56] /home/travis/build/icyphy/ptII/ptolemy/domains/continuous/test/auto/ExponentialResponseRK45.xml (RunModel)" time="0.029" />
  <testcase classname="ptolemy.util.test.junit.AutoTests" name="[57] /home/travis/build/icyphy/ptII/ptolemy/domains/continuous/test/auto/Friction.xml (RunModel)" time="1.421" />
  <testcase classname="ptolemy.util.test.junit.AutoTests" name="[58] /home/travis/build/icyphy/ptII/ptolemy/domains/continuous/test/auto/FurutaPendulum.xml (RunModel)" time="3.008" />
  <testcase classname="ptolemy.util.test.junit.AutoTests" name="[59] /home/travis/build/icyphy/ptII/ptolemy/domains/continuous/test/auto/HierarchicalExecution.xml (RunModel)" time="1.634" />
  <testcase classname="ptolemy.util.test.junit.AutoTests" name="[60] /home/travis/build/icyphy/ptII/ptolemy/domains/continuous/test/auto/HybridPlant.xml (RunModel)" time="0.571" />
  <testcase classname="ptolemy.util.test.junit.AutoTests" name="[61] /home/travis/build/icyphy/ptII/ptolemy/domains/continuous/test/auto/Hysteresis.xml (RunModel)" time="0.197" />
  <testcase classname="ptolemy.util.test.junit.AutoTests" name="[62] /home/travis/build/icyphy/ptII/ptolemy/domains/continuous/test/auto/HysteresisWithRandomDelay.xml (RunModel)" time="0.234" />
  <testcase classname="ptolemy.util.test.junit.AutoTests" name="[63] /home/travis/build/icyphy/ptII/ptolemy/domains/continuous/test/auto/HysteresisWithRandomLosses.xml (RunModel)" time="2.3" />
  <testcase classname="ptolemy.util.test.junit.AutoTests" name="[64] /home/travis/build/icyphy/ptII/ptolemy/domains/continuous/test/auto/ImmediateTransitions.xml (RunModel)" time="0.034" />
  <testcase classname="ptolemy.util.test.junit.AutoTests" name="[65] /home/travis/build/icyphy/ptII/ptolemy/domains/continuous/test/auto/ImpulseFeedback.xml (RunModel)" time="0.02" />
  <testcase classname="ptolemy.util.test.junit.AutoTests" name="[66] /home/travis/build/icyphy/ptII/ptolemy/domains/continuous/test/auto/ImpulseFeedback2.xml (RunModel)" time="0.015" />
  <testcase classname="ptolemy.util.test.junit.AutoTests" name="[67] /home/travis/build/icyphy/ptII/ptolemy/domains/continuous/test/auto/IncreasingRatePoisson.xml (RunModel)" time="0.676" />
  <testcase classname="ptolemy.util.test.junit.AutoTests" name="[68] /home/travis/build/icyphy/ptII/ptolemy/domains/continuous/test/auto/InitialStateFeedback.xml (RunModel)" time="0.017" />
  <testcase classname="ptolemy.util.test.junit.AutoTests" name="[69] /home/travis/build/icyphy/ptII/ptolemy/domains/continuous/test/auto/Integration.xml (RunModel)" time="0.014" />
  <testcase classname="ptolemy.util.test.junit.AutoTests" name="[70] /home/travis/build/icyphy/ptII/ptolemy/domains/continuous/test/auto/Integration2.xml (RunModel)" time="0.077" />
  <testcase classname="ptolemy.util.test.junit.AutoTests" name="[71] /home/travis/build/icyphy/ptII/ptolemy/domains/continuous/test/auto/Integration3.xml (RunModel)" time="0.012" />
  <testcase classname="ptolemy.util.test.junit.AutoTests" name="[72] /home/travis/build/icyphy/ptII/ptolemy/domains/continuous/test/auto/Integration5.xml (RunModel)" time="0.014" />
  <testcase classname="ptolemy.util.test.junit.AutoTests" name="[73] /home/travis/build/icyphy/ptII/ptolemy/domains/continuous/test/auto/IntegratorImpulse.xml (RunModel)" time="0.008" />
  <testcase classname="ptolemy.util.test.junit.AutoTests" name="[74] /home/travis/build/icyphy/ptII/ptolemy/domains/continuous/test/auto/IntegratorImpulse2.xml (RunModel)" time="0.009" />
  <testcase classname="ptolemy.util.test.junit.AutoTests" name="[75] /home/travis/build/icyphy/ptII/ptolemy/domains/continuous/test/auto/LevelCrossing1.xml (RunModel)" time="0.009" />
  <testcase classname="ptolemy.util.test.junit.AutoTests" name="[76] /home/travis/build/icyphy/ptII/ptolemy/domains/continuous/test/auto/LevelCrossing2.xml (RunModel)" time="0.011" />
  <testcase classname="ptolemy.util.test.junit.AutoTests" name="[77] /home/travis/build/icyphy/ptII/ptolemy/domains/continuous/test/auto/LevelCrossing3.xml (RunModel)" time="0.012" />
  <testcase classname="ptolemy.util.test.junit.AutoTests" name="[78] /home/travis/build/icyphy/ptII/ptolemy/domains/continuous/test/auto/LevelCrossing4.xml (RunModel)" time="0.012" />
  <testcase classname="ptolemy.util.test.junit.AutoTests" name="[79] /home/travis/build/icyphy/ptII/ptolemy/domains/continuous/test/auto/LevelCrossing5.xml (RunModel)" time="0.01" />
  <testcase classname="ptolemy.util.test.junit.AutoTests" name="[80] /home/travis/build/icyphy/ptII/ptolemy/domains/continuous/test/auto/LevelCrossing6.xml (RunModel)" time="0.01" />
  <testcase classname="ptolemy.util.test.junit.AutoTests" name="[81] /home/travis/build/icyphy/ptII/ptolemy/domains/continuous/test/auto/LevelCrossingDetector.xml (RunModel)" time="0.029" />
  <testcase classname="ptolemy.util.test.junit.AutoTests" name="[82] /home/travis/build/icyphy/ptII/ptolemy/domains/continuous/test/auto/LevelCrossingDetectorDetectingDirections.xml (RunModel)" time="0.08" />
  <testcase classname="ptolemy.util.test.junit.AutoTests" name="[83] /home/travis/build/icyphy/ptII/ptolemy/domains/continuous/test/auto/LevelCrossingDetectorDetectsGlitches.xml (RunModel)" time="0.05" />
  <testcase classname="ptolemy.util.test.junit.AutoTests" name="[84] /home/travis/build/icyphy/ptII/ptolemy/domains/continuous/test/auto/LevelCrossingNoInitialOuput.xml (RunModel)" time="0.012" />
  <testcase classname="ptolemy.util.test.junit.AutoTests" name="[85] /home/travis/build/icyphy/ptII/ptolemy/domains/continuous/test/auto/LinearStateSpaceExample.xml (RunModel)" time="0.046" />
  <testcase classname="ptolemy.util.test.junit.AutoTests" name="[86] /home/travis/build/icyphy/ptII/ptolemy/domains/continuous/test/auto/Lorenz.xml (RunModel)" time="3.158" />
  <testcase classname="ptolemy.util.test.junit.AutoTests" name="[87] /home/travis/build/icyphy/ptII/ptolemy/domains/continuous/test/auto/LorenzDifferentialSystem.xml (RunModel)" time="0.924" />
  <testcase classname="ptolemy.util.test.junit.AutoTests" name="[88] /home/travis/build/icyphy/ptII/ptolemy/domains/continuous/test/auto/LorenzDifferentialSystemWithInput.xml (RunModel)" time="1.178" />
  <testcase classname="ptolemy.util.test.junit.AutoTests" name="[89] /home/travis/build/icyphy/ptII/ptolemy/domains/continuous/test/auto/LorenzDifferentialSystemWithTime.xml (RunModel)" time="0.629" />
  <testcase classname="ptolemy.util.test.junit.AutoTests" name="[90] /home/travis/build/icyphy/ptII/ptolemy/domains/continuous/test/auto/Microsteps.xml (RunModel)" time="0.023" />
  <testcase classname="ptolemy.util.test.junit.AutoTests" name="[91] /home/travis/build/icyphy/ptII/ptolemy/domains/continuous/test/auto/Modal1.xml (RunModel)" time="0.037" />
  <testcase classname="ptolemy.util.test.junit.AutoTests" name="[92] /home/travis/build/icyphy/ptII/ptolemy/domains/continuous/test/auto/Modal2.xml (RunModel)" time="0.036" />
  <testcase classname="ptolemy.util.test.junit.AutoTests" name="[93] /home/travis/build/icyphy/ptII/ptolemy/domains/continuous/test/auto/ModalTransitionGuardWithReset.xml (RunModel)" time="0.022" />
  <testcase classname="ptolemy.util.test.junit.AutoTests" name="[94] /home/travis/build/icyphy/ptII/ptolemy/domains/continuous/test/auto/ModalTransitionGuardWithResetUsingPreemptiveTransition.xml (RunModel)" time="0.024" />
  <testcase classname="ptolemy.util.test.junit.AutoTests" name="[95] /home/travis/build/icyphy/ptII/ptolemy/domains/continuous/test/auto/ModalTransitionGuardWithResetUsingPreemptiveTransition2.xml (RunModel)" time="0.02" />
  <testcase classname="ptolemy.util.test.junit.AutoTests" name="[96] /home/travis/build/icyphy/ptII/ptolemy/domains/continuous/test/auto/ModalTransitionGuardWithResetUsingPreemptiveTransition3.xml (RunModel)" time="0.018" />
  <testcase classname="ptolemy.util.test.junit.AutoTests" name="[97] /home/travis/build/icyphy/ptII/ptolemy/domains/continuous/test/auto/NewtonsCradle.xml (RunModel)" time="0.713" />
  <testcase classname="ptolemy.util.test.junit.AutoTests" name="[98] /home/travis/build/icyphy/ptII/ptolemy/domains/continuous/test/auto/NewtonsCradleAnimated.xml (RunModel)" time="0.981" />
  <testcase classname="ptolemy.util.test.junit.AutoTests" name="[99] /home/travis/build/icyphy/ptII/ptolemy/domains/continuous/test/auto/NewtonsCradleComplicated.xml (RunModel)" time="0.721" />
  <testcase classname="ptolemy.util.test.junit.AutoTests" name="[100] /home/travis/build/icyphy/ptII/ptolemy/domains/continuous/test/auto/NewtonsCradleNondeterministic.xml (RunModel)" time="0.602" />
  <testcase classname="ptolemy.util.test.junit.AutoTests" name="[101] /home/travis/build/icyphy/ptII/ptolemy/domains/continuous/test/auto/NewtonsCradlePerfectlyInelastic1.xml (RunModel)" time="1.115" />
  <testcase classname="ptolemy.util.test.junit.AutoTests" name="[102] /home/travis/build/icyphy/ptII/ptolemy/domains/continuous/test/auto/Noise.xml (RunModel)" time="0.174" />
  <testcase classname="ptolemy.util.test.junit.AutoTests" name="[103] /home/travis/build/icyphy/ptII/ptolemy/domains/continuous/test/auto/NoiseSpectrum.xml (RunModel)" time="0.63" />
  <testcase classname="ptolemy.util.test.junit.AutoTests" name="[104] /home/travis/build/icyphy/ptII/ptolemy/domains/continuous/test/auto/ParameterizedNewtonsCradleAnimated.xml (RunModel)" time="0.351" />
  <testcase classname="ptolemy.util.test.junit.AutoTests" name="[105] /home/travis/build/icyphy/ptII/ptolemy/domains/continuous/test/auto/ParameterizedNewtonsCradleAnimatedNondeterministic.xml (RunModel)" time="1.12" />
  <testcase classname="ptolemy.util.test.junit.AutoTests" name="[106] /home/travis/build/icyphy/ptII/ptolemy/domains/continuous/test/auto/Pendulum3D.xml (RunModel)" time="0.156" />
  <testcase classname="ptolemy.util.test.junit.AutoTests" name="[107] /home/travis/build/icyphy/ptII/ptolemy/domains/continuous/test/auto/PeriodicSampler.xml (RunModel)" time="0.014" />
  <testcase classname="ptolemy.util.test.junit.AutoTests" name="[108] /home/travis/build/icyphy/ptII/ptolemy/domains/continuous/test/auto/PeriodicSampler1.xml (RunModel)" time="0.04" />
  <testcase classname="ptolemy.util.test.junit.AutoTests" name="[109] /home/travis/build/icyphy/ptII/ptolemy/domains/continuous/test/auto/PeriodicSampler2.xml (RunModel)" time="0.072" />
  <testcase classname="ptolemy.util.test.junit.AutoTests" name="[110] /home/travis/build/icyphy/ptII/ptolemy/domains/continuous/test/auto/Poisson.xml (RunModel)" time="0.427" />
  <testcase classname="ptolemy.util.test.junit.AutoTests" name="[111] /home/travis/build/icyphy/ptII/ptolemy/domains/continuous/test/auto/PoissonClock.xml (RunModel)" time="0.011" />
  <testcase classname="ptolemy.util.test.junit.AutoTests" name="[112] /home/travis/build/icyphy/ptII/ptolemy/domains/continuous/test/auto/PoissonClock2.xml (RunModel)" time="0.01" />
  <testcase classname="ptolemy.util.test.junit.AutoTests" name="[113] /home/travis/build/icyphy/ptII/ptolemy/domains/continuous/test/auto/PortParameterHierarchy.xml (RunModel)" time="0.023" />
  <testcase classname="ptolemy.util.test.junit.AutoTests" name="[114] /home/travis/build/icyphy/ptII/ptolemy/domains/continuous/test/auto/RandomHybridPlant.xml (RunModel)" time="0.51" />
  <testcase classname="ptolemy.util.test.junit.AutoTests" name="[115] /home/travis/build/icyphy/ptII/ptolemy/domains/continuous/test/auto/ResetTransitionWithStartTime1.xml (RunModel)" time="0.026" />
  <testcase classname="ptolemy.util.test.junit.AutoTests" name="[116] /home/travis/build/icyphy/ptII/ptolemy/domains/continuous/test/auto/ResetTransitionWithStartTime2.xml (RunModel)" time="0.03" />
  <testcase classname="ptolemy.util.test.junit.AutoTests" name="[117] /home/travis/build/icyphy/ptII/ptolemy/domains/continuous/test/auto/ResetTransitionWithStartTime3.xml (RunModel)" time="0.035" />
  <testcase classname="ptolemy.util.test.junit.AutoTests" name="[118] /home/travis/build/icyphy/ptII/ptolemy/domains/continuous/test/auto/ResetTransitionWithStartTime4.xml (RunModel)" time="0.025" />
  <testcase classname="ptolemy.util.test.junit.AutoTests" name="[119] /home/travis/build/icyphy/ptII/ptolemy/domains/continuous/test/auto/ResetTransitionWithStartTime5.xml (RunModel)" time="0.032" />
  <testcase classname="ptolemy.util.test.junit.AutoTests" name="[120] /home/travis/build/icyphy/ptII/ptolemy/domains/continuous/test/auto/ResetTransitionWithStartTime6.xml (RunModel)" time="0.023" />
  <testcase classname="ptolemy.util.test.junit.AutoTests" name="[121] /home/travis/build/icyphy/ptII/ptolemy/domains/continuous/test/auto/SRinContinuous.xml (RunModel)" time="0.018" />
  <testcase classname="ptolemy.util.test.junit.AutoTests" name="[122] /home/travis/build/icyphy/ptII/ptolemy/domains/continuous/test/auto/SampledClocks.xml (RunModel)" time="0.028" />
  <testcase classname="ptolemy.util.test.junit.AutoTests" name="[123] /home/travis/build/icyphy/ptII/ptolemy/domains/continuous/test/auto/Satellite.xml (RunModel)" time="0.713" />
  <testcase classname="ptolemy.util.test.junit.AutoTests" name="[124] /home/travis/build/icyphy/ptII/ptolemy/domains/continuous/test/auto/SigmaDelta.xml (RunModel)" time="1.961" />
  <testcase classname="ptolemy.util.test.junit.AutoTests" name="[125] /home/travis/build/icyphy/ptII/ptolemy/domains/continuous/test/auto/SingleRefinement.xml (RunModel)" time="0.363" />
  <testcase classname="ptolemy.util.test.junit.AutoTests" name="[126] /home/travis/build/icyphy/ptII/ptolemy/domains/continuous/test/auto/SinuBouncingBall.xml (RunModel)" time="0.803" />
  <testcase classname="ptolemy.util.test.junit.AutoTests" name="[127] /home/travis/build/icyphy/ptII/ptolemy/domains/continuous/test/auto/Sinusoid.xml (RunModel)" time="0.014" />
  <testcase classname="ptolemy.util.test.junit.AutoTests" name="[128] /home/travis/build/icyphy/ptII/ptolemy/domains/continuous/test/auto/SinusoidInNoise.xml (RunModel)" time="0.728" />
  <testcase classname="ptolemy.util.test.junit.AutoTests" name="[129] /home/travis/build/icyphy/ptII/ptolemy/domains/continuous/test/auto/SinusoidRK45.xml (RunModel)" time="0.007" />
  <testcase classname="ptolemy.util.test.junit.AutoTests" name="[130] /home/travis/build/icyphy/ptII/ptolemy/domains/continuous/test/auto/SinusoidWithMultipleImpulses.xml (RunModel)" time="0.009" />
  <testcase classname="ptolemy.util.test.junit.AutoTests" name="[131] /home/travis/build/icyphy/ptII/ptolemy/domains/continuous/test/auto/SquareWave.xml (RunModel)" time="0.143" />
  <testcase classname="ptolemy.util.test.junit.AutoTests" name="[132] /home/travis/build/icyphy/ptII/ptolemy/domains/continuous/test/auto/Starmac.xml (RunModel)" time="3.346" />
  <testcase classname="ptolemy.util.test.junit.AutoTests" name="[133] /home/travis/build/icyphy/ptII/ptolemy/domains/continuous/test/auto/StaticUnits.xml (RunModel)" time="2.101" />
  <testcase classname="ptolemy.util.test.junit.AutoTests" name="[134] /home/travis/build/icyphy/ptII/ptolemy/domains/continuous/test/auto/StickyMasses.xml (RunModel)" time="0.165" />
  <testcase classname="ptolemy.util.test.junit.AutoTests" name="[135] /home/travis/build/icyphy/ptII/ptolemy/domains/continuous/test/auto/StopTime.xml (RunModel)" time="0.058" />
  <testcase classname="ptolemy.util.test.junit.AutoTests" name="[136] /home/travis/build/icyphy/ptII/ptolemy/domains/continuous/test/auto/StopTime2.xml (RunModel)" time="0.064" />
  <testcase classname="ptolemy.util.test.junit.AutoTests" name="[137] /home/travis/build/icyphy/ptII/ptolemy/domains/continuous/test/auto/Switch.xml (RunModel)" time="0.061" />
  <testcase classname="ptolemy.util.test.junit.AutoTests" name="[138] /home/travis/build/icyphy/ptII/ptolemy/domains/continuous/test/auto/Thermostat.xml (RunModel)" time="0.2" />
  <testcase classname="ptolemy.util.test.junit.AutoTests" name="[139] /home/travis/build/icyphy/ptII/ptolemy/domains/continuous/test/auto/TimeDelay.xml (RunModel)" time="0.013" />
  <testcase classname="ptolemy.util.test.junit.AutoTests" name="[140] /home/travis/build/icyphy/ptII/ptolemy/domains/continuous/test/auto/TimeDelay2.xml (RunModel)" time="0.053" />
  <testcase classname="ptolemy.util.test.junit.AutoTests" name="[141] /home/travis/build/icyphy/ptII/ptolemy/domains/continuous/test/auto/TimeDelay3.xml (RunModel)" time="0.008" />
  <testcase classname="ptolemy.util.test.junit.AutoTests" name="[142] /home/travis/build/icyphy/ptII/ptolemy/domains/continuous/test/auto/TransferAbsentToInside.xml (RunModel)" time="0.088" />
  <testcase classname="ptolemy.util.test.junit.AutoTests" name="[143] /home/travis/build/icyphy/ptII/ptolemy/domains/continuous/test/auto/Transmission.xml (RunModel)" time="0.74" />
  <testcase classname="ptolemy.util.test.junit.AutoTests" name="[144] /home/travis/build/icyphy/ptII/ptolemy/domains/continuous/test/auto/TriggeredContinuousClock.xml (RunModel)" time="0.061" />
  <testcase classname="ptolemy.util.test.junit.AutoTests" name="[145] /home/travis/build/icyphy/ptII/ptolemy/domains/continuous/test/auto/TwoMachineInfiniteBusControl.xml (RunModel)" time="2.702" />
  <testcase classname="ptolemy.util.test.junit.AutoTests" name="[146] /home/travis/build/icyphy/ptII/ptolemy/domains/continuous/test/auto/V2V.xml (RunModel)" time="0.693" />
  <testcase classname="ptolemy.util.test.junit.AutoTests" name="[147] /home/travis/build/icyphy/ptII/ptolemy/domains/continuous/test/auto/hierarchicalModalModel.xml (RunModel)" time="0.04" />
  <testcase classname="ptolemy.util.test.junit.AutoTests" name="[148] /home/travis/build/icyphy/ptII/ptolemy/domains/continuous/test/auto/hierarchicalModalModel1.xml (RunModel)" time="0.029" />
  <testcase classname="ptolemy.util.test.junit.AutoTests" name="[149] /home/travis/build/icyphy/ptII/ptolemy/domains/continuous/test/auto/hierarchicalModalModel2.xml (RunModel)" time="0.022" />
  <testcase classname="ptolemy.util.test.junit.AutoTests" name="[150] /home/travis/build/icyphy/ptII/ptolemy/domains/continuous/test/auto/hierarchicalModalModel3.xml (RunModel)" time="0.019" />
  <testcase classname="ptolemy.util.test.junit.AutoTests" name="[151] /home/travis/build/icyphy/ptII/ptolemy/domains/continuous/test/auto/hierarchicalModalModel4.xml (RunModel)" time="0.023" />
  <testcase classname="ptolemy.util.test.junit.AutoTests" name="[152] /home/travis/build/icyphy/ptII/ptolemy/domains/continuous/test/auto/junk.xml (RunModel)" time="0.133" />
  <system-out><![CDATA[No tcl tests in /home/travis/build/icyphy/ptII/ptolemy/domains/continuous/test
No auto/knownFailedTests/*.xml tests in /home/travis/build/icyphy/ptII/ptolemy/domains/continuous/test
No auto/linux-amd64/*.xml tests in /home/travis/build/icyphy/ptII/ptolemy/domains/continuous/test
AutoTests.java: About to close Vertx.
AutoTests.java: Vertx closed.

===========================================================================================
----------------- testing Sun Jul 19 15:05:45 UTC 2020 /home/travis/build/icyphy/ptII/ptolemy/domains/continuous/test/auto/BouncingBall.xml
----------------- Instantiating /home/travis/build/icyphy/ptII/ptolemy/domains/continuous/test/auto/BouncingBall.xml
2167 ms. Memory: 155648K Free: 99647K (64%)
----------------- Invoking toplevel() on ptolemy.moml.MoMLSimpleApplication@5a20bfcf
----------------- Done invoking toplevel() on ptolemy.moml.MoMLSimpleApplication@5a20bfcf
reloadAllAccessors: .BouncingBall

===========================================================================================
----------------- testing Sun Jul 19 15:05:48 UTC 2020 /home/travis/build/icyphy/ptII/ptolemy/domains/continuous/test/auto/BouncingBallWithoutGR.xml
----------------- Instantiating /home/travis/build/icyphy/ptII/ptolemy/domains/continuous/test/auto/BouncingBallWithoutGR.xml
746 ms. Memory: 155648K Free: 99605K (64%)
----------------- Invoking toplevel() on ptolemy.moml.MoMLSimpleApplication@1d2ae9c8
----------------- Done invoking toplevel() on ptolemy.moml.MoMLSimpleApplication@1d2ae9c8
reloadAllAccessors: .BouncingBallWithoutGR

===========================================================================================
----------------- testing Sun Jul 19 15:05:49 UTC 2020 /home/travis/build/icyphy/ptII/ptolemy/domains/continuous/test/auto/Brownian.xml
----------------- Instantiating /home/travis/build/icyphy/ptII/ptolemy/domains/continuous/test/auto/Brownian.xml
37 ms. Memory: 155648K Free: 90389K (58%)
----------------- Invoking toplevel() on ptolemy.moml.MoMLSimpleApplication@4bd57cb4
----------------- Done invoking toplevel() on ptolemy.moml.MoMLSimpleApplication@4bd57cb4
reloadAllAccessors: .Brownian

===========================================================================================
----------------- testing Sun Jul 19 15:05:49 UTC 2020 /home/travis/build/icyphy/ptII/ptolemy/domains/continuous/test/auto/CarTracking.xml
----------------- Instantiating /home/travis/build/icyphy/ptII/ptolemy/domains/continuous/test/auto/CarTracking.xml
3401 ms. Memory: 187392K Free: 87997K (47%)
----------------- Invoking toplevel() on ptolemy.moml.MoMLSimpleApplication@7f463f80
----------------- Done invoking toplevel() on ptolemy.moml.MoMLSimpleApplication@7f463f80
reloadAllAccessors: .CarTracking

===========================================================================================
----------------- testing Sun Jul 19 15:05:53 UTC 2020 /home/travis/build/icyphy/ptII/ptolemy/domains/continuous/test/auto/CartPendulum.xml
----------------- Instantiating /home/travis/build/icyphy/ptII/ptolemy/domains/continuous/test/auto/CartPendulum.xml
403 ms. Memory: 228352K Free: 149674K (66%)
----------------- Invoking toplevel() on ptolemy.moml.MoMLSimpleApplication@87bf074
----------------- Done invoking toplevel() on ptolemy.moml.MoMLSimpleApplication@87bf074
reloadAllAccessors: .CartPendulum

===========================================================================================
----------------- testing Sun Jul 19 15:05:53 UTC 2020 /home/travis/build/icyphy/ptII/ptolemy/domains/continuous/test/auto/CausalityInterface10.xml
----------------- Instantiating /home/travis/build/icyphy/ptII/ptolemy/domains/continuous/test/auto/CausalityInterface10.xml
6 ms. Memory: 228352K Free: 139415K (61%)
----------------- Invoking toplevel() on ptolemy.moml.MoMLSimpleApplication@5ba5e193
----------------- Done invoking toplevel() on ptolemy.moml.MoMLSimpleApplication@5ba5e193
reloadAllAccessors: .CausalityInterface10

===========================================================================================
----------------- testing Sun Jul 19 15:05:53 UTC 2020 /home/travis/build/icyphy/ptII/ptolemy/domains/continuous/test/auto/CausalityInterface11.xml
----------------- Instantiating /home/travis/build/icyphy/ptII/ptolemy/domains/continuous/test/auto/CausalityInterface11.xml
8 ms. Memory: 228352K Free: 133271K (58%)
----------------- Invoking toplevel() on ptolemy.moml.MoMLSimpleApplication@29826ee4
----------------- Done invoking toplevel() on ptolemy.moml.MoMLSimpleApplication@29826ee4
reloadAllAccessors: .CausalityInterface11

===========================================================================================
----------------- testing Sun Jul 19 15:05:53 UTC 2020 /home/travis/build/icyphy/ptII/ptolemy/domains/continuous/test/auto/CausalityInterface12.xml
----------------- Instantiating /home/travis/build/icyphy/ptII/ptolemy/domains/continuous/test/auto/CausalityInterface12.xml
14 ms. Memory: 228352K Free: 127127K (56%)
----------------- Invoking toplevel() on ptolemy.moml.MoMLSimpleApplication@2ea76482
----------------- Done invoking toplevel() on ptolemy.moml.MoMLSimpleApplication@2ea76482
reloadAllAccessors: .CausalityInterface12

===========================================================================================
----------------- testing Sun Jul 19 15:05:53 UTC 2020 /home/travis/build/icyphy/ptII/ptolemy/domains/continuous/test/auto/CausalityInterface13.xml
----------------- Instantiating /home/travis/build/icyphy/ptII/ptolemy/domains/continuous/test/auto/CausalityInterface13.xml
6 ms. Memory: 228352K Free: 120983K (53%)
----------------- Invoking toplevel() on ptolemy.moml.MoMLSimpleApplication@7bc74bd5
----------------- Done invoking toplevel() on ptolemy.moml.MoMLSimpleApplication@7bc74bd5
reloadAllAccessors: .CausalityInterface13

===========================================================================================
----------------- testing Sun Jul 19 15:05:53 UTC 2020 /home/travis/build/icyphy/ptII/ptolemy/domains/continuous/test/auto/CausalityInterface14.xml
----------------- Instantiating /home/travis/build/icyphy/ptII/ptolemy/domains/continuous/test/auto/CausalityInterface14.xml
3 ms. Memory: 228352K Free: 115319K (51%)
----------------- Invoking toplevel() on ptolemy.moml.MoMLSimpleApplication@78df2c68
----------------- Done invoking toplevel() on ptolemy.moml.MoMLSimpleApplication@78df2c68
reloadAllAccessors: .CausalityInterface14

===========================================================================================
----------------- testing Sun Jul 19 15:05:53 UTC 2020 /home/travis/build/icyphy/ptII/ptolemy/domains/continuous/test/auto/CausalityInterface4.xml
----------------- Instantiating /home/travis/build/icyphy/ptII/ptolemy/domains/continuous/test/auto/CausalityInterface4.xml
5 ms. Memory: 228352K Free: 108167K (47%)
----------------- Invoking toplevel() on ptolemy.moml.MoMLSimpleApplication@6866db53
----------------- Done invoking toplevel() on ptolemy.moml.MoMLSimpleApplication@6866db53
reloadAllAccessors: .CausalityInterface4

===========================================================================================
----------------- testing Sun Jul 19 15:05:53 UTC 2020 /home/travis/build/icyphy/ptII/ptolemy/domains/continuous/test/auto/CausalityInterface5.xml
----------------- Instantiating /home/travis/build/icyphy/ptII/ptolemy/domains/continuous/test/auto/CausalityInterface5.xml
4 ms. Memory: 228352K Free: 99989K (44%)
----------------- Invoking toplevel() on ptolemy.moml.MoMLSimpleApplication@5b944788
----------------- Done invoking toplevel() on ptolemy.moml.MoMLSimpleApplication@5b944788
reloadAllAccessors: .CausalityInterface5

===========================================================================================
----------------- testing Sun Jul 19 15:05:53 UTC 2020 /home/travis/build/icyphy/ptII/ptolemy/domains/continuous/test/auto/CausalityInterface6.xml
----------------- Instantiating /home/travis/build/icyphy/ptII/ptolemy/domains/continuous/test/auto/CausalityInterface6.xml
5 ms. Memory: 228352K Free: 94855K (42%)
----------------- Invoking toplevel() on ptolemy.moml.MoMLSimpleApplication@69288c2a
----------------- Done invoking toplevel() on ptolemy.moml.MoMLSimpleApplication@69288c2a
reloadAllAccessors: .CausalityInterface6

===========================================================================================
----------------- testing Sun Jul 19 15:05:53 UTC 2020 /home/travis/build/icyphy/ptII/ptolemy/domains/continuous/test/auto/CausalityInterface7.xml
----------------- Instantiating /home/travis/build/icyphy/ptII/ptolemy/domains/continuous/test/auto/CausalityInterface7.xml
11 ms. Memory: 228352K Free: 86167K (38%)
----------------- Invoking toplevel() on ptolemy.moml.MoMLSimpleApplication@60f41063
----------------- Done invoking toplevel() on ptolemy.moml.MoMLSimpleApplication@60f41063
reloadAllAccessors: .CausalityInterface7

===========================================================================================
----------------- testing Sun Jul 19 15:05:54 UTC 2020 /home/travis/build/icyphy/ptII/ptolemy/domains/continuous/test/auto/CausalityInterface8.xml
----------------- Instantiating /home/travis/build/icyphy/ptII/ptolemy/domains/continuous/test/auto/CausalityInterface8.xml
6 ms. Memory: 228352K Free: 211473K (93%)
----------------- Invoking toplevel() on ptolemy.moml.MoMLSimpleApplication@3813d18e
----------------- Done invoking toplevel() on ptolemy.moml.MoMLSimpleApplication@3813d18e
reloadAllAccessors: .CausalityInterface8

===========================================================================================
----------------- testing Sun Jul 19 15:05:54 UTC 2020 /home/travis/build/icyphy/ptII/ptolemy/domains/continuous/test/auto/CausalityInterface9.xml
----------------- Instantiating /home/travis/build/icyphy/ptII/ptolemy/domains/continuous/test/auto/CausalityInterface9.xml
4 ms. Memory: 228352K Free: 200719K (88%)
----------------- Invoking toplevel() on ptolemy.moml.MoMLSimpleApplication@72557d5f
----------------- Done invoking toplevel() on ptolemy.moml.MoMLSimpleApplication@72557d5f
reloadAllAccessors: .CausalityInterface9

===========================================================================================
----------------- testing Sun Jul 19 15:05:54 UTC 2020 /home/travis/build/icyphy/ptII/ptolemy/domains/continuous/test/auto/CausalityInterfaceFeedback1.xml
----------------- Instantiating /home/travis/build/icyphy/ptII/ptolemy/domains/continuous/test/auto/CausalityInterfaceFeedback1.xml
4 ms. Memory: 228352K Free: 194065K (85%)
----------------- Invoking toplevel() on ptolemy.moml.MoMLSimpleApplication@2aa6ba30
----------------- Done invoking toplevel() on ptolemy.moml.MoMLSimpleApplication@2aa6ba30
reloadAllAccessors: .CausalityInterfaceFeedback1

===========================================================================================
----------------- testing Sun Jul 19 15:05:54 UTC 2020 /home/travis/build/icyphy/ptII/ptolemy/domains/continuous/test/auto/CausalityInterfaceFeedback2.xml
----------------- Instantiating /home/travis/build/icyphy/ptII/ptolemy/domains/continuous/test/auto/CausalityInterfaceFeedback2.xml
3 ms. Memory: 228352K Free: 187393K (82%)
----------------- Invoking toplevel() on ptolemy.moml.MoMLSimpleApplication@ec047d4
----------------- Done invoking toplevel() on ptolemy.moml.MoMLSimpleApplication@ec047d4
reloadAllAccessors: .CausalityInterfaceFeedback2

===========================================================================================
----------------- testing Sun Jul 19 15:05:54 UTC 2020 /home/travis/build/icyphy/ptII/ptolemy/domains/continuous/test/auto/CompareWithCurrentTime.xml
----------------- Instantiating /home/travis/build/icyphy/ptII/ptolemy/domains/continuous/test/auto/CompareWithCurrentTime.xml
3 ms. Memory: 228352K Free: 183311K (80%)
----------------- Invoking toplevel() on ptolemy.moml.MoMLSimpleApplication@63494b39
----------------- Done invoking toplevel() on ptolemy.moml.MoMLSimpleApplication@63494b39
reloadAllAccessors: .CompareWithCurrentTime

===========================================================================================
----------------- testing Sun Jul 19 15:05:54 UTC 2020 /home/travis/build/icyphy/ptII/ptolemy/domains/continuous/test/auto/ComparedClocks.xml
----------------- Instantiating /home/travis/build/icyphy/ptII/ptolemy/domains/continuous/test/auto/ComparedClocks.xml
6 ms. Memory: 228352K Free: 167937K (74%)
----------------- Invoking toplevel() on ptolemy.moml.MoMLSimpleApplication@7af46762
----------------- Done invoking toplevel() on ptolemy.moml.MoMLSimpleApplication@7af46762
reloadAllAccessors: .ComparedClocks

===========================================================================================
----------------- testing Sun Jul 19 15:05:54 UTC 2020 /home/travis/build/icyphy/ptII/ptolemy/domains/continuous/test/auto/ContinuousAOCClone.xml
----------------- Instantiating /home/travis/build/icyphy/ptII/ptolemy/domains/continuous/test/auto/ContinuousAOCClone.xml
2127 ms. Memory: 228352K Free: 193839K (85%)
----------------- Invoking toplevel() on ptolemy.moml.MoMLSimpleApplication@43361abe
----------------- Done invoking toplevel() on ptolemy.moml.MoMLSimpleApplication@43361abe
reloadAllAccessors: .ContinuousAOCClone

===========================================================================================
----------------- testing Sun Jul 19 15:05:56 UTC 2020 /home/travis/build/icyphy/ptII/ptolemy/domains/continuous/test/auto/ContinuousClock.xml
----------------- Instantiating /home/travis/build/icyphy/ptII/ptolemy/domains/continuous/test/auto/ContinuousClock.xml
38 ms. Memory: 228352K Free: 171821K (75%)
----------------- Invoking toplevel() on ptolemy.moml.MoMLSimpleApplication@ed2efc1
----------------- Done invoking toplevel() on ptolemy.moml.MoMLSimpleApplication@ed2efc1
reloadAllAccessors: .ContinuousClock

===========================================================================================
----------------- testing Sun Jul 19 15:05:56 UTC 2020 /home/travis/build/icyphy/ptII/ptolemy/domains/continuous/test/auto/ContinuousInContinuous.xml
----------------- Instantiating /home/travis/build/icyphy/ptII/ptolemy/domains/continuous/test/auto/ContinuousInContinuous.xml
37 ms. Memory: 228352K Free: 148269K (65%)
----------------- Invoking toplevel() on ptolemy.moml.MoMLSimpleApplication@52a1831f
----------------- Done invoking toplevel() on ptolemy.moml.MoMLSimpleApplication@52a1831f
reloadAllAccessors: .ContinuousInContinuous

===========================================================================================
----------------- testing Sun Jul 19 15:05:56 UTC 2020 /home/travis/build/icyphy/ptII/ptolemy/domains/continuous/test/auto/ContinuousInContinuousInContinuous.xml
----------------- Instantiating /home/travis/build/icyphy/ptII/ptolemy/domains/continuous/test/auto/ContinuousInContinuousInContinuous.xml
6 ms. Memory: 228352K Free: 140591K (62%)
----------------- Invoking toplevel() on ptolemy.moml.MoMLSimpleApplication@39597e20
----------------- Done invoking toplevel() on ptolemy.moml.MoMLSimpleApplication@39597e20
reloadAllAccessors: .ContinuousInContinuousInContinuous

===========================================================================================
----------------- testing Sun Jul 19 15:05:56 UTC 2020 /home/travis/build/icyphy/ptII/ptolemy/domains/continuous/test/auto/ContinuousInDE.xml
----------------- Instantiating /home/travis/build/icyphy/ptII/ptolemy/domains/continuous/test/auto/ContinuousInDE.xml
95 ms. Memory: 228352K Free: 129837K (57%)
----------------- Invoking toplevel() on ptolemy.moml.MoMLSimpleApplication@7102abb1
----------------- Done invoking toplevel() on ptolemy.moml.MoMLSimpleApplication@7102abb1
reloadAllAccessors: .ContinuousInDE

===========================================================================================
----------------- testing Sun Jul 19 15:05:56 UTC 2020 /home/travis/build/icyphy/ptII/ptolemy/domains/continuous/test/auto/ContinuousInDE2.xml
----------------- Instantiating /home/travis/build/icyphy/ptII/ptolemy/domains/continuous/test/auto/ContinuousInDE2.xml
32 ms. Memory: 228352K Free: 120621K (53%)
----------------- Invoking toplevel() on ptolemy.moml.MoMLSimpleApplication@67d5b4d9
----------------- Done invoking toplevel() on ptolemy.moml.MoMLSimpleApplication@67d5b4d9
reloadAllAccessors: .ContinuousInDE2

===========================================================================================
----------------- testing Sun Jul 19 15:05:56 UTC 2020 /home/travis/build/icyphy/ptII/ptolemy/domains/continuous/test/auto/ContinuousInDE3.xml
----------------- Instantiating /home/travis/build/icyphy/ptII/ptolemy/domains/continuous/test/auto/ContinuousInDE3.xml
30 ms. Memory: 228352K Free: 110895K (49%)
----------------- Invoking toplevel() on ptolemy.moml.MoMLSimpleApplication@35af8eac
----------------- Done invoking toplevel() on ptolemy.moml.MoMLSimpleApplication@35af8eac
reloadAllAccessors: .ContinuousInDE3

===========================================================================================
----------------- testing Sun Jul 19 15:05:56 UTC 2020 /home/travis/build/icyphy/ptII/ptolemy/domains/continuous/test/auto/ContinuousInDE4.xml
----------------- Instantiating /home/travis/build/icyphy/ptII/ptolemy/domains/continuous/test/auto/ContinuousInDE4.xml
11 ms. Memory: 228352K Free: 104237K (46%)
----------------- Invoking toplevel() on ptolemy.moml.MoMLSimpleApplication@5e8a0bf5
----------------- Done invoking toplevel() on ptolemy.moml.MoMLSimpleApplication@5e8a0bf5
reloadAllAccessors: .ContinuousInDE4

===========================================================================================
----------------- testing Sun Jul 19 15:05:57 UTC 2020 /home/travis/build/icyphy/ptII/ptolemy/domains/continuous/test/auto/ContinuousInDEDifferentRefinements.xml
----------------- Instantiating /home/travis/build/icyphy/ptII/ptolemy/domains/continuous/test/auto/ContinuousInDEDifferentRefinements.xml
61 ms. Memory: 274432K Free: 254204K (93%)
----------------- Invoking toplevel() on ptolemy.moml.MoMLSimpleApplication@3a37a370
----------------- Done invoking toplevel() on ptolemy.moml.MoMLSimpleApplication@3a37a370
reloadAllAccessors: .ContinuousInDEDifferentRefinements

===========================================================================================
----------------- testing Sun Jul 19 15:05:57 UTC 2020 /home/travis/build/icyphy/ptII/ptolemy/domains/continuous/test/auto/ContinuousInDEDifferentRefinementsPreemptive.xml
----------------- Instantiating /home/travis/build/icyphy/ptII/ptolemy/domains/continuous/test/auto/ContinuousInDEDifferentRefinementsPreemptive.xml
53 ms. Memory: 274432K Free: 223438K (81%)
----------------- Invoking toplevel() on ptolemy.moml.MoMLSimpleApplication@5ffe2745
----------------- Done invoking toplevel() on ptolemy.moml.MoMLSimpleApplication@5ffe2745
reloadAllAccessors: .ContinuousInDEDifferentRefinementsPreemptive

===========================================================================================
----------------- testing Sun Jul 19 15:05:57 UTC 2020 /home/travis/build/icyphy/ptII/ptolemy/domains/continuous/test/auto/ContinuousInDEInContinuous2.xml
----------------- Instantiating /home/travis/build/icyphy/ptII/ptolemy/domains/continuous/test/auto/ContinuousInDEInContinuous2.xml
42 ms. Memory: 274432K Free: 211660K (77%)
----------------- Invoking toplevel() on ptolemy.moml.MoMLSimpleApplication@601f6a51
----------------- Done invoking toplevel() on ptolemy.moml.MoMLSimpleApplication@601f6a51
reloadAllAccessors: .ContinuousInDEInContinuous2

===========================================================================================
----------------- testing Sun Jul 19 15:05:57 UTC 2020 /home/travis/build/icyphy/ptII/ptolemy/domains/continuous/test/auto/ContinuousInDEInContinuous3.xml
----------------- Instantiating /home/travis/build/icyphy/ptII/ptolemy/domains/continuous/test/auto/ContinuousInDEInContinuous3.xml
35 ms. Memory: 274432K Free: 199886K (73%)
----------------- Invoking toplevel() on ptolemy.moml.MoMLSimpleApplication@6895eec7
----------------- Done invoking toplevel() on ptolemy.moml.MoMLSimpleApplication@6895eec7
reloadAllAccessors: .ContinuousInDEInContinuous3

===========================================================================================
----------------- testing Sun Jul 19 15:05:57 UTC 2020 /home/travis/build/icyphy/ptII/ptolemy/domains/continuous/test/auto/ContinuousInDEInput.xml
----------------- Instantiating /home/travis/build/icyphy/ptII/ptolemy/domains/continuous/test/auto/ContinuousInDEInput.xml
15 ms. Memory: 274432K Free: 192718K (70%)
----------------- Invoking toplevel() on ptolemy.moml.MoMLSimpleApplication@2cdfb8f3
----------------- Done invoking toplevel() on ptolemy.moml.MoMLSimpleApplication@2cdfb8f3
reloadAllAccessors: .ContinuousInDEInput

===========================================================================================
----------------- testing Sun Jul 19 15:05:57 UTC 2020 /home/travis/build/icyphy/ptII/ptolemy/domains/continuous/test/auto/ContinuousInDEInput2.xml
----------------- Instantiating /home/travis/build/icyphy/ptII/ptolemy/domains/continuous/test/auto/ContinuousInDEInput2.xml
12 ms. Memory: 274432K Free: 185550K (68%)
----------------- Invoking toplevel() on ptolemy.moml.MoMLSimpleApplication@5db35f67
----------------- Done invoking toplevel() on ptolemy.moml.MoMLSimpleApplication@5db35f67
reloadAllAccessors: .ContinuousInDEInput2

===========================================================================================
----------------- testing Sun Jul 19 15:05:57 UTC 2020 /home/travis/build/icyphy/ptII/ptolemy/domains/continuous/test/auto/ContinuousInDEInput3.xml
----------------- Instantiating /home/travis/build/icyphy/ptII/ptolemy/domains/continuous/test/auto/ContinuousInDEInput3.xml
13 ms. Memory: 274432K Free: 178382K (65%)
----------------- Invoking toplevel() on ptolemy.moml.MoMLSimpleApplication@583aac65
----------------- Done invoking toplevel() on ptolemy.moml.MoMLSimpleApplication@583aac65
reloadAllAccessors: .ContinuousInDEInput3

===========================================================================================
----------------- testing Sun Jul 19 15:05:57 UTC 2020 /home/travis/build/icyphy/ptII/ptolemy/domains/continuous/test/auto/ContinuousInDESharingRefinement.xml
----------------- Instantiating /home/travis/build/icyphy/ptII/ptolemy/domains/continuous/test/auto/ContinuousInDESharingRefinement.xml
187 ms. Memory: 274432K Free: 247182K (90%)
----------------- Invoking toplevel() on ptolemy.moml.MoMLSimpleApplication@e65164c
----------------- Done invoking toplevel() on ptolemy.moml.MoMLSimpleApplication@e65164c
reloadAllAccessors: .ContinuousInDESharingRefinement

===========================================================================================
----------------- testing Sun Jul 19 15:05:57 UTC 2020 /home/travis/build/icyphy/ptII/ptolemy/domains/continuous/test/auto/ContinuousInDEwithNoPorts.xml
----------------- Instantiating /home/travis/build/icyphy/ptII/ptolemy/domains/continuous/test/auto/ContinuousInDEwithNoPorts.xml
6 ms. Memory: 274432K Free: 242598K (88%)
----------------- Invoking toplevel() on ptolemy.moml.MoMLSimpleApplication@51725028
----------------- Done invoking toplevel() on ptolemy.moml.MoMLSimpleApplication@51725028
reloadAllAccessors: .ContinuousInDEwithNoPorts

===========================================================================================
----------------- testing Sun Jul 19 15:05:57 UTC 2020 /home/travis/build/icyphy/ptII/ptolemy/domains/continuous/test/auto/ContinuousInsideDE.xml
----------------- Instantiating /home/travis/build/icyphy/ptII/ptolemy/domains/continuous/test/auto/ContinuousInsideDE.xml
34 ms. Memory: 274432K Free: 231340K (84%)
----------------- Invoking toplevel() on ptolemy.moml.MoMLSimpleApplication@366772c1
----------------- Done invoking toplevel() on ptolemy.moml.MoMLSimpleApplication@366772c1
reloadAllAccessors: .ContinuousInsideDE

===========================================================================================
----------------- testing Sun Jul 19 15:05:57 UTC 2020 /home/travis/build/icyphy/ptII/ptolemy/domains/continuous/test/auto/ContinuousMerge1.xml
----------------- Instantiating /home/travis/build/icyphy/ptII/ptolemy/domains/continuous/test/auto/ContinuousMerge1.xml
2 ms. Memory: 274432K Free: 227230K (83%)
----------------- Invoking toplevel() on ptolemy.moml.MoMLSimpleApplication@71a2bdaa
----------------- Done invoking toplevel() on ptolemy.moml.MoMLSimpleApplication@71a2bdaa
reloadAllAccessors: .ContinuousMerge1

===========================================================================================
----------------- testing Sun Jul 19 15:05:57 UTC 2020 /home/travis/build/icyphy/ptII/ptolemy/domains/continuous/test/auto/ContinuousMerge2.xml
----------------- Instantiating /home/travis/build/icyphy/ptII/ptolemy/domains/continuous/test/auto/ContinuousMerge2.xml
12 ms. Memory: 274432K Free: 216494K (79%)
----------------- Invoking toplevel() on ptolemy.moml.MoMLSimpleApplication@6bdf82b5
----------------- Done invoking toplevel() on ptolemy.moml.MoMLSimpleApplication@6bdf82b5
reloadAllAccessors: .ContinuousMerge2

===========================================================================================
----------------- testing Sun Jul 19 15:05:57 UTC 2020 /home/travis/build/icyphy/ptII/ptolemy/domains/continuous/test/auto/ContinuousMerge3.xml
----------------- Instantiating /home/travis/build/icyphy/ptII/ptolemy/domains/continuous/test/auto/ContinuousMerge3.xml
46 ms. Memory: 274432K Free: 205740K (75%)
----------------- Invoking toplevel() on ptolemy.moml.MoMLSimpleApplication@37a3d308
----------------- Done invoking toplevel() on ptolemy.moml.MoMLSimpleApplication@37a3d308
reloadAllAccessors: .ContinuousMerge3

===========================================================================================
----------------- testing Sun Jul 19 15:05:57 UTC 2020 /home/travis/build/icyphy/ptII/ptolemy/domains/continuous/test/auto/ContinuousWithinContinuous.xml
----------------- Instantiating /home/travis/build/icyphy/ptII/ptolemy/domains/continuous/test/auto/ContinuousWithinContinuous.xml
31 ms. Memory: 274432K Free: 197038K (72%)
----------------- Invoking toplevel() on ptolemy.moml.MoMLSimpleApplication@3830f590
----------------- Done invoking toplevel() on ptolemy.moml.MoMLSimpleApplication@3830f590
reloadAllAccessors: .ContinuousWithinContinuous

===========================================================================================
----------------- testing Sun Jul 19 15:05:57 UTC 2020 /home/travis/build/icyphy/ptII/ptolemy/domains/continuous/test/auto/ContinuousWithinContinuous2.xml
----------------- Instantiating /home/travis/build/icyphy/ptII/ptolemy/domains/continuous/test/auto/ContinuousWithinContinuous2.xml
58 ms. Memory: 274432K Free: 186284K (68%)
----------------- Invoking toplevel() on ptolemy.moml.MoMLSimpleApplication@18b37a08
----------------- Done invoking toplevel() on ptolemy.moml.MoMLSimpleApplication@18b37a08
reloadAllAccessors: .ContinuousWithinContinuous2

===========================================================================================
----------------- testing Sun Jul 19 15:05:58 UTC 2020 /home/travis/build/icyphy/ptII/ptolemy/domains/continuous/test/auto/ContinuousWithinContinuous3.xml
----------------- Instantiating /home/travis/build/icyphy/ptII/ptolemy/domains/continuous/test/auto/ContinuousWithinContinuous3.xml
10 ms. Memory: 274432K Free: 179116K (65%)
----------------- Invoking toplevel() on ptolemy.moml.MoMLSimpleApplication@5c9c5535
----------------- Done invoking toplevel() on ptolemy.moml.MoMLSimpleApplication@5c9c5535
reloadAllAccessors: .ContinuousWithinContinuous3

===========================================================================================
----------------- testing Sun Jul 19 15:05:58 UTC 2020 /home/travis/build/icyphy/ptII/ptolemy/domains/continuous/test/auto/ContinuousWithinContinuous4.xml
----------------- Instantiating /home/travis/build/icyphy/ptII/ptolemy/domains/continuous/test/auto/ContinuousWithinContinuous4.xml
53 ms. Memory: 274432K Free: 166828K (61%)
----------------- Invoking toplevel() on ptolemy.moml.MoMLSimpleApplication@46e93ea0
----------------- Done invoking toplevel() on ptolemy.moml.MoMLSimpleApplication@46e93ea0
reloadAllAccessors: .ContinuousWithinContinuous4

===========================================================================================
----------------- testing Sun Jul 19 15:05:58 UTC 2020 /home/travis/build/icyphy/ptII/ptolemy/domains/continuous/test/auto/ContinuousWithinContinuous5.xml
----------------- Instantiating /home/travis/build/icyphy/ptII/ptolemy/domains/continuous/test/auto/ContinuousWithinContinuous5.xml
11 ms. Memory: 274432K Free: 159660K (58%)
----------------- Invoking toplevel() on ptolemy.moml.MoMLSimpleApplication@27a27726
----------------- Done invoking toplevel() on ptolemy.moml.MoMLSimpleApplication@27a27726
reloadAllAccessors: .ContinuousWithinContinuous5

===========================================================================================
----------------- testing Sun Jul 19 15:05:58 UTC 2020 /home/travis/build/icyphy/ptII/ptolemy/domains/continuous/test/auto/ContinuousWithinContinuous6.xml
----------------- Instantiating /home/travis/build/icyphy/ptII/ptolemy/domains/continuous/test/auto/ContinuousWithinContinuous6.xml
11 ms. Memory: 274432K Free: 152492K (56%)
----------------- Invoking toplevel() on ptolemy.moml.MoMLSimpleApplication@518a7b60
----------------- Done invoking toplevel() on ptolemy.moml.MoMLSimpleApplication@518a7b60
reloadAllAccessors: .ContinuousWithinContinuous6

===========================================================================================
----------------- testing Sun Jul 19 15:05:58 UTC 2020 /home/travis/build/icyphy/ptII/ptolemy/domains/continuous/test/auto/ContinuousWithinContinuous7.xml
----------------- Instantiating /home/travis/build/icyphy/ptII/ptolemy/domains/continuous/test/auto/ContinuousWithinContinuous7.xml
47 ms. Memory: 274432K Free: 141742K (52%)
----------------- Invoking toplevel() on ptolemy.moml.MoMLSimpleApplication@1e7b8445
----------------- Done invoking toplevel() on ptolemy.moml.MoMLSimpleApplication@1e7b8445
reloadAllAccessors: .ContinuousWithinContinuous7

===========================================================================================
----------------- testing Sun Jul 19 15:05:58 UTC 2020 /home/travis/build/icyphy/ptII/ptolemy/domains/continuous/test/auto/DCMotor.xml
----------------- Instantiating /home/travis/build/icyphy/ptII/ptolemy/domains/continuous/test/auto/DCMotor.xml
11835 ms. Memory: 274432K Free: 182223K (66%)
----------------- Invoking toplevel() on ptolemy.moml.MoMLSimpleApplication@16f3b94e
----------------- Done invoking toplevel() on ptolemy.moml.MoMLSimpleApplication@16f3b94e
reloadAllAccessors: .DCMotor

===========================================================================================
----------------- testing Sun Jul 19 15:06:10 UTC 2020 /home/travis/build/icyphy/ptII/ptolemy/domains/continuous/test/auto/DEInContinuous.xml
----------------- Instantiating /home/travis/build/icyphy/ptII/ptolemy/domains/continuous/test/auto/DEInContinuous.xml
19 ms. Memory: 274432K Free: 176079K (64%)
----------------- Invoking toplevel() on ptolemy.moml.MoMLSimpleApplication@686a9095
----------------- Done invoking toplevel() on ptolemy.moml.MoMLSimpleApplication@686a9095
reloadAllAccessors: .DEInContinuous

===========================================================================================
----------------- testing Sun Jul 19 15:06:10 UTC 2020 /home/travis/build/icyphy/ptII/ptolemy/domains/continuous/test/auto/DEinContinuous2.xml
----------------- Instantiating /home/travis/build/icyphy/ptII/ptolemy/domains/continuous/test/auto/DEinContinuous2.xml
6 ms. Memory: 274432K Free: 167887K (61%)
----------------- Invoking toplevel() on ptolemy.moml.MoMLSimpleApplication@25c236f6
----------------- Done invoking toplevel() on ptolemy.moml.MoMLSimpleApplication@25c236f6
reloadAllAccessors: .DEinContinuous2

===========================================================================================
----------------- testing Sun Jul 19 15:06:10 UTC 2020 /home/travis/build/icyphy/ptII/ptolemy/domains/continuous/test/auto/Derivative.xml
----------------- Instantiating /home/travis/build/icyphy/ptII/ptolemy/domains/continuous/test/auto/Derivative.xml
134 ms. Memory: 274432K Free: 138191K (50%)
----------------- Invoking toplevel() on ptolemy.moml.MoMLSimpleApplication@5754bf57
----------------- Done invoking toplevel() on ptolemy.moml.MoMLSimpleApplication@5754bf57
reloadAllAccessors: .Derivative2

===========================================================================================
----------------- testing Sun Jul 19 15:06:10 UTC 2020 /home/travis/build/icyphy/ptII/ptolemy/domains/continuous/test/auto/Derivative1.xml
----------------- Instantiating /home/travis/build/icyphy/ptII/ptolemy/domains/continuous/test/auto/Derivative1.xml
16 ms. Memory: 274432K Free: 123855K (45%)
----------------- Invoking toplevel() on ptolemy.moml.MoMLSimpleApplication@343fdd09
----------------- Done invoking toplevel() on ptolemy.moml.MoMLSimpleApplication@343fdd09
reloadAllAccessors: .Derivative1

===========================================================================================
----------------- testing Sun Jul 19 15:06:10 UTC 2020 /home/travis/build/icyphy/ptII/ptolemy/domains/continuous/test/auto/DiscreteClock.xml
----------------- Instantiating /home/travis/build/icyphy/ptII/ptolemy/domains/continuous/test/auto/DiscreteClock.xml
4 ms. Memory: 274432K Free: 118735K (43%)
----------------- Invoking toplevel() on ptolemy.moml.MoMLSimpleApplication@9bd27c9
----------------- Done invoking toplevel() on ptolemy.moml.MoMLSimpleApplication@9bd27c9
reloadAllAccessors: .DiscreteClock

===========================================================================================
----------------- testing Sun Jul 19 15:06:10 UTC 2020 /home/travis/build/icyphy/ptII/ptolemy/domains/continuous/test/auto/EfficiencyCurve.xml
----------------- Instantiating /home/travis/build/icyphy/ptII/ptolemy/domains/continuous/test/auto/EfficiencyCurve.xml
65 ms. Memory: 274432K Free: 109519K (40%)
----------------- Invoking toplevel() on ptolemy.moml.MoMLSimpleApplication@138c41d5
----------------- Done invoking toplevel() on ptolemy.moml.MoMLSimpleApplication@138c41d5
reloadAllAccessors: .EfficiencyCurve

===========================================================================================
----------------- testing Sun Jul 19 15:06:10 UTC 2020 /home/travis/build/icyphy/ptII/ptolemy/domains/continuous/test/auto/ExponentialResponse.xml
----------------- Instantiating /home/travis/build/icyphy/ptII/ptolemy/domains/continuous/test/auto/ExponentialResponse.xml
89 ms. Memory: 274432K Free: 256448K (93%)
----------------- Invoking toplevel() on ptolemy.moml.MoMLSimpleApplication@3b1d772a
----------------- Done invoking toplevel() on ptolemy.moml.MoMLSimpleApplication@3b1d772a
reloadAllAccessors: .ExponentialResponse

===========================================================================================
----------------- testing Sun Jul 19 15:06:10 UTC 2020 /home/travis/build/icyphy/ptII/ptolemy/domains/continuous/test/auto/ExponentialResponseRK45.xml
----------------- Instantiating /home/travis/build/icyphy/ptII/ptolemy/domains/continuous/test/auto/ExponentialResponseRK45.xml
20 ms. Memory: 274432K Free: 249640K (91%)
----------------- Invoking toplevel() on ptolemy.moml.MoMLSimpleApplication@2eab2f13
----------------- Done invoking toplevel() on ptolemy.moml.MoMLSimpleApplication@2eab2f13
reloadAllAccessors: .ExponentialResponseRK45

===========================================================================================
----------------- testing Sun Jul 19 15:06:10 UTC 2020 /home/travis/build/icyphy/ptII/ptolemy/domains/continuous/test/auto/Friction.xml
----------------- Instantiating /home/travis/build/icyphy/ptII/ptolemy/domains/continuous/test/auto/Friction.xml
1302 ms. Memory: 274432K Free: 147149K (54%)
----------------- Invoking toplevel() on ptolemy.moml.MoMLSimpleApplication@1d3e6750
----------------- Done invoking toplevel() on ptolemy.moml.MoMLSimpleApplication@1d3e6750
reloadAllAccessors: .Friction

===========================================================================================
----------------- testing Sun Jul 19 15:06:12 UTC 2020 /home/travis/build/icyphy/ptII/ptolemy/domains/continuous/test/auto/FurutaPendulum.xml
----------------- Instantiating /home/travis/build/icyphy/ptII/ptolemy/domains/continuous/test/auto/FurutaPendulum.xml
2831 ms. Memory: 274432K Free: 138623K (51%)
----------------- Invoking toplevel() on ptolemy.moml.MoMLSimpleApplication@1f0f649a
----------------- Done invoking toplevel() on ptolemy.moml.MoMLSimpleApplication@1f0f649a
reloadAllAccessors: .FurutaPendulum

===========================================================================================
----------------- testing Sun Jul 19 15:06:15 UTC 2020 /home/travis/build/icyphy/ptII/ptolemy/domains/continuous/test/auto/HierarchicalExecution.xml
----------------- Instantiating /home/travis/build/icyphy/ptII/ptolemy/domains/continuous/test/auto/HierarchicalExecution.xml
1379 ms. Memory: 274432K Free: 178793K (65%)
----------------- Invoking toplevel() on ptolemy.moml.MoMLSimpleApplication@668a7153
----------------- Done invoking toplevel() on ptolemy.moml.MoMLSimpleApplication@668a7153
reloadAllAccessors: .HierarchicalExecution

===========================================================================================
----------------- testing Sun Jul 19 15:06:16 UTC 2020 /home/travis/build/icyphy/ptII/ptolemy/domains/continuous/test/auto/HybridPlant.xml
----------------- Instantiating /home/travis/build/icyphy/ptII/ptolemy/domains/continuous/test/auto/HybridPlant.xml
521 ms. Memory: 329728K Free: 132036K (40%)
----------------- Invoking toplevel() on ptolemy.moml.MoMLSimpleApplication@214ceece
----------------- Done invoking toplevel() on ptolemy.moml.MoMLSimpleApplication@214ceece
reloadAllAccessors: .HybridPlant

===========================================================================================
----------------- testing Sun Jul 19 15:06:17 UTC 2020 /home/travis/build/icyphy/ptII/ptolemy/domains/continuous/test/auto/Hysteresis.xml
----------------- Instantiating /home/travis/build/icyphy/ptII/ptolemy/domains/continuous/test/auto/Hysteresis.xml
146 ms. Memory: 329728K Free: 266377K (81%)
----------------- Invoking toplevel() on ptolemy.moml.MoMLSimpleApplication@16c0edef
----------------- Done invoking toplevel() on ptolemy.moml.MoMLSimpleApplication@16c0edef
reloadAllAccessors: .Hysteresis

===========================================================================================
----------------- testing Sun Jul 19 15:06:17 UTC 2020 /home/travis/build/icyphy/ptII/ptolemy/domains/continuous/test/auto/HysteresisWithRandomDelay.xml
----------------- Instantiating /home/travis/build/icyphy/ptII/ptolemy/domains/continuous/test/auto/HysteresisWithRandomDelay.xml
180 ms. Memory: 329728K Free: 195193K (59%)
----------------- Invoking toplevel() on ptolemy.moml.MoMLSimpleApplication@1f05739c
----------------- Done invoking toplevel() on ptolemy.moml.MoMLSimpleApplication@1f05739c
reloadAllAccessors: .HysteresisWithRandomDelay

===========================================================================================
----------------- testing Sun Jul 19 15:06:17 UTC 2020 /home/travis/build/icyphy/ptII/ptolemy/domains/continuous/test/auto/HysteresisWithRandomLosses.xml
----------------- Instantiating /home/travis/build/icyphy/ptII/ptolemy/domains/continuous/test/auto/HysteresisWithRandomLosses.xml
2248 ms. Memory: 329728K Free: 240981K (73%)
----------------- Invoking toplevel() on ptolemy.moml.MoMLSimpleApplication@2d405a23
----------------- Done invoking toplevel() on ptolemy.moml.MoMLSimpleApplication@2d405a23
reloadAllAccessors: .HysteresisWithRandomLosses

===========================================================================================
----------------- testing Sun Jul 19 15:06:20 UTC 2020 /home/travis/build/icyphy/ptII/ptolemy/domains/continuous/test/auto/ImmediateTransitions.xml
----------------- Instantiating /home/travis/build/icyphy/ptII/ptolemy/domains/continuous/test/auto/ImmediateTransitions.xml
11 ms. Memory: 329728K Free: 229717K (70%)
----------------- Invoking toplevel() on ptolemy.moml.MoMLSimpleApplication@13998dcf
----------------- Done invoking toplevel() on ptolemy.moml.MoMLSimpleApplication@13998dcf
reloadAllAccessors: .ImmediateTransitions

===========================================================================================
----------------- testing Sun Jul 19 15:06:20 UTC 2020 /home/travis/build/icyphy/ptII/ptolemy/domains/continuous/test/auto/ImpulseFeedback.xml
----------------- Instantiating /home/travis/build/icyphy/ptII/ptolemy/domains/continuous/test/auto/ImpulseFeedback.xml
7 ms. Memory: 329728K Free: 224083K (68%)
----------------- Invoking toplevel() on ptolemy.moml.MoMLSimpleApplication@42b926c5
----------------- Done invoking toplevel() on ptolemy.moml.MoMLSimpleApplication@42b926c5
reloadAllAccessors: .ImpulseFeedback

===========================================================================================
----------------- testing Sun Jul 19 15:06:20 UTC 2020 /home/travis/build/icyphy/ptII/ptolemy/domains/continuous/test/auto/ImpulseFeedback2.xml
----------------- Instantiating /home/travis/build/icyphy/ptII/ptolemy/domains/continuous/test/auto/ImpulseFeedback2.xml
5 ms. Memory: 329728K Free: 218453K (66%)
----------------- Invoking toplevel() on ptolemy.moml.MoMLSimpleApplication@6324ea9f
----------------- Done invoking toplevel() on ptolemy.moml.MoMLSimpleApplication@6324ea9f
reloadAllAccessors: .ImpulseFeedback2

===========================================================================================
----------------- testing Sun Jul 19 15:06:20 UTC 2020 /home/travis/build/icyphy/ptII/ptolemy/domains/continuous/test/auto/IncreasingRatePoisson.xml
----------------- Instantiating /home/travis/build/icyphy/ptII/ptolemy/domains/continuous/test/auto/IncreasingRatePoisson.xml
659 ms. Memory: 329728K Free: 301238K (91%)
----------------- Invoking toplevel() on ptolemy.moml.MoMLSimpleApplication@6acc8791
----------------- Done invoking toplevel() on ptolemy.moml.MoMLSimpleApplication@6acc8791
reloadAllAccessors: .IncreasingRatePoisson

===========================================================================================
----------------- testing Sun Jul 19 15:06:20 UTC 2020 /home/travis/build/icyphy/ptII/ptolemy/domains/continuous/test/auto/InitialStateFeedback.xml
----------------- Instantiating /home/travis/build/icyphy/ptII/ptolemy/domains/continuous/test/auto/InitialStateFeedback.xml
8 ms. Memory: 329728K Free: 296628K (90%)
----------------- Invoking toplevel() on ptolemy.moml.MoMLSimpleApplication@722f6724
----------------- Done invoking toplevel() on ptolemy.moml.MoMLSimpleApplication@722f6724
reloadAllAccessors: .InitialStateFeedback

===========================================================================================
----------------- testing Sun Jul 19 15:06:20 UTC 2020 /home/travis/build/icyphy/ptII/ptolemy/domains/continuous/test/auto/Integration.xml
----------------- Instantiating /home/travis/build/icyphy/ptII/ptolemy/domains/continuous/test/auto/Integration.xml
1 ms. Memory: 329728K Free: 292532K (89%)
----------------- Invoking toplevel() on ptolemy.moml.MoMLSimpleApplication@6f35b6ec
----------------- Done invoking toplevel() on ptolemy.moml.MoMLSimpleApplication@6f35b6ec
reloadAllAccessors: .Integration

===========================================================================================
----------------- testing Sun Jul 19 15:06:20 UTC 2020 /home/travis/build/icyphy/ptII/ptolemy/domains/continuous/test/auto/Integration2.xml
----------------- Instantiating /home/travis/build/icyphy/ptII/ptolemy/domains/continuous/test/auto/Integration2.xml
68 ms. Memory: 329728K Free: 278196K (84%)
----------------- Invoking toplevel() on ptolemy.moml.MoMLSimpleApplication@5516585b
----------------- Done invoking toplevel() on ptolemy.moml.MoMLSimpleApplication@5516585b
reloadAllAccessors: .Integration2

===========================================================================================
----------------- testing Sun Jul 19 15:06:20 UTC 2020 /home/travis/build/icyphy/ptII/ptolemy/domains/continuous/test/auto/Integration3.xml
----------------- Instantiating /home/travis/build/icyphy/ptII/ptolemy/domains/continuous/test/auto/Integration3.xml
2 ms. Memory: 329728K Free: 273590K (83%)
----------------- Invoking toplevel() on ptolemy.moml.MoMLSimpleApplication@4b3685a
----------------- Done invoking toplevel() on ptolemy.moml.MoMLSimpleApplication@4b3685a
reloadAllAccessors: .Integration3

===========================================================================================
----------------- testing Sun Jul 19 15:06:20 UTC 2020 /home/travis/build/icyphy/ptII/ptolemy/domains/continuous/test/auto/Integration5.xml
----------------- Instantiating /home/travis/build/icyphy/ptII/ptolemy/domains/continuous/test/auto/Integration5.xml
2 ms. Memory: 329728K Free: 269494K (82%)
----------------- Invoking toplevel() on ptolemy.moml.MoMLSimpleApplication@2377c19b
----------------- Done invoking toplevel() on ptolemy.moml.MoMLSimpleApplication@2377c19b
reloadAllAccessors: .Integration5

===========================================================================================
----------------- testing Sun Jul 19 15:06:20 UTC 2020 /home/travis/build/icyphy/ptII/ptolemy/domains/continuous/test/auto/IntegratorImpulse.xml
----------------- Instantiating /home/travis/build/icyphy/ptII/ptolemy/domains/continuous/test/auto/IntegratorImpulse.xml
2 ms. Memory: 329728K Free: 265398K (80%)
----------------- Invoking toplevel() on ptolemy.moml.MoMLSimpleApplication@2c40ef6a
----------------- Done invoking toplevel() on ptolemy.moml.MoMLSimpleApplication@2c40ef6a
reloadAllAccessors: .IntegratorImpulse

===========================================================================================
----------------- testing Sun Jul 19 15:06:20 UTC 2020 /home/travis/build/icyphy/ptII/ptolemy/domains/continuous/test/auto/IntegratorImpulse2.xml
----------------- Instantiating /home/travis/build/icyphy/ptII/ptolemy/domains/continuous/test/auto/IntegratorImpulse2.xml
2 ms. Memory: 329728K Free: 260788K (79%)
----------------- Invoking toplevel() on ptolemy.moml.MoMLSimpleApplication@7b2cf367
----------------- Done invoking toplevel() on ptolemy.moml.MoMLSimpleApplication@7b2cf367
reloadAllAccessors: .IntegratorImpulse2

===========================================================================================
----------------- testing Sun Jul 19 15:06:21 UTC 2020 /home/travis/build/icyphy/ptII/ptolemy/domains/continuous/test/auto/LevelCrossing1.xml
----------------- Instantiating /home/travis/build/icyphy/ptII/ptolemy/domains/continuous/test/auto/LevelCrossing1.xml
2 ms. Memory: 329728K Free: 255662K (78%)
----------------- Invoking toplevel() on ptolemy.moml.MoMLSimpleApplication@1c91a87a
----------------- Done invoking toplevel() on ptolemy.moml.MoMLSimpleApplication@1c91a87a
reloadAllAccessors: .LevelCrossing1

===========================================================================================
----------------- testing Sun Jul 19 15:06:21 UTC 2020 /home/travis/build/icyphy/ptII/ptolemy/domains/continuous/test/auto/LevelCrossing2.xml
----------------- Instantiating /home/travis/build/icyphy/ptII/ptolemy/domains/continuous/test/auto/LevelCrossing2.xml
3 ms. Memory: 329728K Free: 250542K (76%)
----------------- Invoking toplevel() on ptolemy.moml.MoMLSimpleApplication@7bcec6d3
----------------- Done invoking toplevel() on ptolemy.moml.MoMLSimpleApplication@7bcec6d3
reloadAllAccessors: .LevelCrossing2

===========================================================================================
----------------- testing Sun Jul 19 15:06:21 UTC 2020 /home/travis/build/icyphy/ptII/ptolemy/domains/continuous/test/auto/LevelCrossing3.xml
----------------- Instantiating /home/travis/build/icyphy/ptII/ptolemy/domains/continuous/test/auto/LevelCrossing3.xml
6 ms. Memory: 329728K Free: 245428K (74%)
----------------- Invoking toplevel() on ptolemy.moml.MoMLSimpleApplication@5c3ff272
----------------- Done invoking toplevel() on ptolemy.moml.MoMLSimpleApplication@5c3ff272
reloadAllAccessors: .LevelCrossing3

===========================================================================================
----------------- testing Sun Jul 19 15:06:21 UTC 2020 /home/travis/build/icyphy/ptII/ptolemy/domains/continuous/test/auto/LevelCrossing4.xml
----------------- Instantiating /home/travis/build/icyphy/ptII/ptolemy/domains/continuous/test/auto/LevelCrossing4.xml
3 ms. Memory: 329728K Free: 240302K (73%)
----------------- Invoking toplevel() on ptolemy.moml.MoMLSimpleApplication@70a00666
----------------- Done invoking toplevel() on ptolemy.moml.MoMLSimpleApplication@70a00666
reloadAllAccessors: .LevelCrossing4

===========================================================================================
----------------- testing Sun Jul 19 15:06:21 UTC 2020 /home/travis/build/icyphy/ptII/ptolemy/domains/continuous/test/auto/LevelCrossing5.xml
----------------- Instantiating /home/travis/build/icyphy/ptII/ptolemy/domains/continuous/test/auto/LevelCrossing5.xml
2 ms. Memory: 329728K Free: 235188K (71%)
----------------- Invoking toplevel() on ptolemy.moml.MoMLSimpleApplication@6fe2b929
----------------- Done invoking toplevel() on ptolemy.moml.MoMLSimpleApplication@6fe2b929
reloadAllAccessors: .LevelCrossing5

===========================================================================================
[...]
reloadAllAccessors: .ResetTransitionWithStartTime6

===========================================================================================
----------------- testing Sun Jul 19 15:06:35 UTC 2020 /home/travis/build/icyphy/ptII/ptolemy/domains/continuous/test/auto/SRinContinuous.xml
----------------- Instantiating /home/travis/build/icyphy/ptII/ptolemy/domains/continuous/test/auto/SRinContinuous.xml
3 ms. Memory: 329728K Free: 268144K (81%)
----------------- Invoking toplevel() on ptolemy.moml.MoMLSimpleApplication@2cfa53cf
----------------- Done invoking toplevel() on ptolemy.moml.MoMLSimpleApplication@2cfa53cf
reloadAllAccessors: .SRinContinuous

===========================================================================================
----------------- testing Sun Jul 19 15:06:35 UTC 2020 /home/travis/build/icyphy/ptII/ptolemy/domains/continuous/test/auto/SampledClocks.xml
----------------- Instantiating /home/travis/build/icyphy/ptII/ptolemy/domains/continuous/test/auto/SampledClocks.xml
6 ms. Memory: 329728K Free: 255856K (78%)
----------------- Invoking toplevel() on ptolemy.moml.MoMLSimpleApplication@57263957
----------------- Done invoking toplevel() on ptolemy.moml.MoMLSimpleApplication@57263957
reloadAllAccessors: .SampledClocks

===========================================================================================
----------------- testing Sun Jul 19 15:06:35 UTC 2020 /home/travis/build/icyphy/ptII/ptolemy/domains/continuous/test/auto/Satellite.xml
----------------- Instantiating /home/travis/build/icyphy/ptII/ptolemy/domains/continuous/test/auto/Satellite.xml
695 ms. Memory: 329728K Free: 256675K (78%)
----------------- Invoking toplevel() on ptolemy.moml.MoMLSimpleApplication@70395a82
----------------- Done invoking toplevel() on ptolemy.moml.MoMLSimpleApplication@70395a82
reloadAllAccessors: .Satellite

===========================================================================================
----------------- testing Sun Jul 19 15:06:36 UTC 2020 /home/travis/build/icyphy/ptII/ptolemy/domains/continuous/test/auto/SigmaDelta.xml
----------------- Instantiating /home/travis/build/icyphy/ptII/ptolemy/domains/continuous/test/auto/SigmaDelta.xml
1837 ms. Memory: 329728K Free: 191238K (58%)
----------------- Invoking toplevel() on ptolemy.moml.MoMLSimpleApplication@4992b90f
----------------- Done invoking toplevel() on ptolemy.moml.MoMLSimpleApplication@4992b90f
reloadAllAccessors: .SigmaDelta

===========================================================================================
----------------- testing Sun Jul 19 15:06:38 UTC 2020 /home/travis/build/icyphy/ptII/ptolemy/domains/continuous/test/auto/SingleRefinement.xml
----------------- Instantiating /home/travis/build/icyphy/ptII/ptolemy/domains/continuous/test/auto/SingleRefinement.xml
264 ms. Memory: 329728K Free: 204170K (62%)
----------------- Invoking toplevel() on ptolemy.moml.MoMLSimpleApplication@4c45c4d0
----------------- Done invoking toplevel() on ptolemy.moml.MoMLSimpleApplication@4c45c4d0
reloadAllAccessors: .SingleRefinement

===========================================================================================
----------------- testing Sun Jul 19 15:06:38 UTC 2020 /home/travis/build/icyphy/ptII/ptolemy/domains/continuous/test/auto/SinuBouncingBall.xml
----------------- Instantiating /home/travis/build/icyphy/ptII/ptolemy/domains/continuous/test/auto/SinuBouncingBall.xml
733 ms. Memory: 329728K Free: 184468K (56%)
----------------- Invoking toplevel() on ptolemy.moml.MoMLSimpleApplication@d2442a3
----------------- Done invoking toplevel() on ptolemy.moml.MoMLSimpleApplication@d2442a3
reloadAllAccessors: .SinuBouncingBall

===========================================================================================
----------------- testing Sun Jul 19 15:06:39 UTC 2020 /home/travis/build/icyphy/ptII/ptolemy/domains/continuous/test/auto/Sinusoid.xml
----------------- Instantiating /home/travis/build/icyphy/ptII/ptolemy/domains/continuous/test/auto/Sinusoid.xml
4 ms. Memory: 329728K Free: 179862K (55%)
----------------- Invoking toplevel() on ptolemy.moml.MoMLSimpleApplication@430f1fb9
----------------- Done invoking toplevel() on ptolemy.moml.MoMLSimpleApplication@430f1fb9
reloadAllAccessors: .Sinusoid

===========================================================================================
----------------- testing Sun Jul 19 15:06:39 UTC 2020 /home/travis/build/icyphy/ptII/ptolemy/domains/continuous/test/auto/SinusoidInNoise.xml
----------------- Instantiating /home/travis/build/icyphy/ptII/ptolemy/domains/continuous/test/auto/SinusoidInNoise.xml
692 ms. Memory: 329728K Free: 240949K (73%)
----------------- Invoking toplevel() on ptolemy.moml.MoMLSimpleApplication@b217c4
----------------- Done invoking toplevel() on ptolemy.moml.MoMLSimpleApplication@b217c4
reloadAllAccessors: .SinusoidInNoise

===========================================================================================
----------------- testing Sun Jul 19 15:06:39 UTC 2020 /home/travis/build/icyphy/ptII/ptolemy/domains/continuous/test/auto/SinusoidRK45.xml
----------------- Instantiating /home/travis/build/icyphy/ptII/ptolemy/domains/continuous/test/auto/SinusoidRK45.xml
2 ms. Memory: 329728K Free: 236309K (72%)
----------------- Invoking toplevel() on ptolemy.moml.MoMLSimpleApplication@333e603f
----------------- Done invoking toplevel() on ptolemy.moml.MoMLSimpleApplication@333e603f
reloadAllAccessors: .SinusoidRK45

===========================================================================================
----------------- testing Sun Jul 19 15:06:39 UTC 2020 /home/travis/build/icyphy/ptII/ptolemy/domains/continuous/test/auto/SinusoidWithMultipleImpulses.xml
----------------- Instantiating /home/travis/build/icyphy/ptII/ptolemy/domains/continuous/test/auto/SinusoidWithMultipleImpulses.xml
2 ms. Memory: 329728K Free: 231733K (70%)
----------------- Invoking toplevel() on ptolemy.moml.MoMLSimpleApplication@79d53d3a
----------------- Done invoking toplevel() on ptolemy.moml.MoMLSimpleApplication@79d53d3a
reloadAllAccessors: .SinusoidWithMultipleImpulses

===========================================================================================
----------------- testing Sun Jul 19 15:06:39 UTC 2020 /home/travis/build/icyphy/ptII/ptolemy/domains/continuous/test/auto/SquareWave.xml
----------------- Instantiating /home/travis/build/icyphy/ptII/ptolemy/domains/continuous/test/auto/SquareWave.xml
118 ms. Memory: 329728K Free: 204085K (62%)
----------------- Invoking toplevel() on ptolemy.moml.MoMLSimpleApplication@27b5531b
----------------- Done invoking toplevel() on ptolemy.moml.MoMLSimpleApplication@27b5531b
reloadAllAccessors: .SquareWave

===========================================================================================
----------------- testing Sun Jul 19 15:06:40 UTC 2020 /home/travis/build/icyphy/ptII/ptolemy/domains/continuous/test/auto/Starmac.xml
----------------- Instantiating /home/travis/build/icyphy/ptII/ptolemy/domains/continuous/test/auto/Starmac.xml
3061 ms. Memory: 329728K Free: 277806K (84%)
----------------- Invoking toplevel() on ptolemy.moml.MoMLSimpleApplication@3b96dee7
----------------- Done invoking toplevel() on ptolemy.moml.MoMLSimpleApplication@3b96dee7
reloadAllAccessors: .Starmac

===========================================================================================
----------------- testing Sun Jul 19 15:06:43 UTC 2020 /home/travis/build/icyphy/ptII/ptolemy/domains/continuous/test/auto/StaticUnits.xml
----------------- Instantiating /home/travis/build/icyphy/ptII/ptolemy/domains/continuous/test/auto/StaticUnits.xml
1680 ms. Memory: 329728K Free: 198933K (60%)
----------------- Invoking toplevel() on ptolemy.moml.MoMLSimpleApplication@705b8597
----------------- Done invoking toplevel() on ptolemy.moml.MoMLSimpleApplication@705b8597
reloadAllAccessors: .StaticUnits

===========================================================================================
----------------- testing Sun Jul 19 15:06:45 UTC 2020 /home/travis/build/icyphy/ptII/ptolemy/domains/continuous/test/auto/StickyMasses.xml
----------------- Instantiating /home/travis/build/icyphy/ptII/ptolemy/domains/continuous/test/auto/StickyMasses.xml
124 ms. Memory: 329728K Free: 149271K (45%)
----------------- Invoking toplevel() on ptolemy.moml.MoMLSimpleApplication@31e2d80d
----------------- Done invoking toplevel() on ptolemy.moml.MoMLSimpleApplication@31e2d80d
reloadAllAccessors: .StickyMasses

===========================================================================================
----------------- testing Sun Jul 19 15:06:45 UTC 2020 /home/travis/build/icyphy/ptII/ptolemy/domains/continuous/test/auto/StopTime.xml
----------------- Instantiating /home/travis/build/icyphy/ptII/ptolemy/domains/continuous/test/auto/StopTime.xml
40 ms. Memory: 329728K Free: 124167K (38%)
----------------- Invoking toplevel() on ptolemy.moml.MoMLSimpleApplication@51c5d23f
----------------- Done invoking toplevel() on ptolemy.moml.MoMLSimpleApplication@51c5d23f
reloadAllAccessors: .StopTime

===========================================================================================
----------------- testing Sun Jul 19 15:06:45 UTC 2020 /home/travis/build/icyphy/ptII/ptolemy/domains/continuous/test/auto/StopTime2.xml
----------------- Instantiating /home/travis/build/icyphy/ptII/ptolemy/domains/continuous/test/auto/StopTime2.xml
35 ms. Memory: 329728K Free: 294100K (89%)
----------------- Invoking toplevel() on ptolemy.moml.MoMLSimpleApplication@46d1bc04
----------------- Done invoking toplevel() on ptolemy.moml.MoMLSimpleApplication@46d1bc04
reloadAllAccessors: .StopTime2

===========================================================================================
----------------- testing Sun Jul 19 15:06:45 UTC 2020 /home/travis/build/icyphy/ptII/ptolemy/domains/continuous/test/auto/Switch.xml
----------------- Instantiating /home/travis/build/icyphy/ptII/ptolemy/domains/continuous/test/auto/Switch.xml
39 ms. Memory: 329728K Free: 269524K (82%)
----------------- Invoking toplevel() on ptolemy.moml.MoMLSimpleApplication@4babcd9
----------------- Done invoking toplevel() on ptolemy.moml.MoMLSimpleApplication@4babcd9
reloadAllAccessors: .Switch

===========================================================================================
----------------- testing Sun Jul 19 15:06:45 UTC 2020 /home/travis/build/icyphy/ptII/ptolemy/domains/continuous/test/auto/Thermostat.xml
----------------- Instantiating /home/travis/build/icyphy/ptII/ptolemy/domains/continuous/test/auto/Thermostat.xml
179 ms. Memory: 329728K Free: 197316K (60%)
----------------- Invoking toplevel() on ptolemy.moml.MoMLSimpleApplication@5ef4733c
----------------- Done invoking toplevel() on ptolemy.moml.MoMLSimpleApplication@5ef4733c
reloadAllAccessors: .Thermostat

===========================================================================================
----------------- testing Sun Jul 19 15:06:46 UTC 2020 /home/travis/build/icyphy/ptII/ptolemy/domains/continuous/test/auto/TimeDelay.xml
----------------- Instantiating /home/travis/build/icyphy/ptII/ptolemy/domains/continuous/test/auto/TimeDelay.xml
5 ms. Memory: 329728K Free: 192724K (58%)
----------------- Invoking toplevel() on ptolemy.moml.MoMLSimpleApplication@7dbed0dc
----------------- Done invoking toplevel() on ptolemy.moml.MoMLSimpleApplication@7dbed0dc
reloadAllAccessors: .TimeDelay

===========================================================================================
----------------- testing Sun Jul 19 15:06:46 UTC 2020 /home/travis/build/icyphy/ptII/ptolemy/domains/continuous/test/auto/TimeDelay2.xml
----------------- Instantiating /home/travis/build/icyphy/ptII/ptolemy/domains/continuous/test/auto/TimeDelay2.xml
6 ms. Memory: 329728K Free: 182484K (55%)
----------------- Invoking toplevel() on ptolemy.moml.MoMLSimpleApplication@63b4cb9c
----------------- Done invoking toplevel() on ptolemy.moml.MoMLSimpleApplication@63b4cb9c
reloadAllAccessors: .TimeDelay2

===========================================================================================
----------------- testing Sun Jul 19 15:06:46 UTC 2020 /home/travis/build/icyphy/ptII/ptolemy/domains/continuous/test/auto/TimeDelay3.xml
----------------- Instantiating /home/travis/build/icyphy/ptII/ptolemy/domains/continuous/test/auto/TimeDelay3.xml
2 ms. Memory: 329728K Free: 177860K (54%)
----------------- Invoking toplevel() on ptolemy.moml.MoMLSimpleApplication@1e8ae6ee
----------------- Done invoking toplevel() on ptolemy.moml.MoMLSimpleApplication@1e8ae6ee
reloadAllAccessors: .TimeDelay3

===========================================================================================
----------------- testing Sun Jul 19 15:06:46 UTC 2020 /home/travis/build/icyphy/ptII/ptolemy/domains/continuous/test/auto/TransferAbsentToInside.xml
----------------- Instantiating /home/travis/build/icyphy/ptII/ptolemy/domains/continuous/test/auto/TransferAbsentToInside.xml
27 ms. Memory: 329728K Free: 124116K (38%)
----------------- Invoking toplevel() on ptolemy.moml.MoMLSimpleApplication@4de38e84
----------------- Done invoking toplevel() on ptolemy.moml.MoMLSimpleApplication@4de38e84
reloadAllAccessors: .TransferAbsentToInside

===========================================================================================
----------------- testing Sun Jul 19 15:06:46 UTC 2020 /home/travis/build/icyphy/ptII/ptolemy/domains/continuous/test/auto/Transmission.xml
----------------- Instantiating /home/travis/build/icyphy/ptII/ptolemy/domains/continuous/test/auto/Transmission.xml
703 ms. Memory: 329728K Free: 276129K (84%)
----------------- Invoking toplevel() on ptolemy.moml.MoMLSimpleApplication@194a1284
----------------- Done invoking toplevel() on ptolemy.moml.MoMLSimpleApplication@194a1284
reloadAllAccessors: .Transmission

===========================================================================================
----------------- testing Sun Jul 19 15:06:47 UTC 2020 /home/travis/build/icyphy/ptII/ptolemy/domains/continuous/test/auto/TriggeredContinuousClock.xml
----------------- Instantiating /home/travis/build/icyphy/ptII/ptolemy/domains/continuous/test/auto/TriggeredContinuousClock.xml
34 ms. Memory: 329728K Free: 246449K (75%)
----------------- Invoking toplevel() on ptolemy.moml.MoMLSimpleApplication@7f26668a
----------------- Done invoking toplevel() on ptolemy.moml.MoMLSimpleApplication@7f26668a
reloadAllAccessors: .TriggeredContinuousClock

===========================================================================================
----------------- testing Sun Jul 19 15:06:47 UTC 2020 /home/travis/build/icyphy/ptII/ptolemy/domains/continuous/test/auto/TwoMachineInfiniteBusControl.xml
----------------- Instantiating /home/travis/build/icyphy/ptII/ptolemy/domains/continuous/test/auto/TwoMachineInfiniteBusControl.xml
2513 ms. Memory: 329728K Free: 223396K (68%)
----------------- Invoking toplevel() on ptolemy.moml.MoMLSimpleApplication@19e4e805
----------------- Done invoking toplevel() on ptolemy.moml.MoMLSimpleApplication@19e4e805
reloadAllAccessors: .TwoMachineInfiniteBusControl

===========================================================================================
----------------- testing Sun Jul 19 15:06:49 UTC 2020 /home/travis/build/icyphy/ptII/ptolemy/domains/continuous/test/auto/V2V.xml
----------------- Instantiating /home/travis/build/icyphy/ptII/ptolemy/domains/continuous/test/auto/V2V.xml
626 ms. Memory: 329728K Free: 226427K (69%)
----------------- Invoking toplevel() on ptolemy.moml.MoMLSimpleApplication@7bf1e162
----------------- Done invoking toplevel() on ptolemy.moml.MoMLSimpleApplication@7bf1e162
reloadAllAccessors: .V2V

===========================================================================================
----------------- testing Sun Jul 19 15:06:50 UTC 2020 /home/travis/build/icyphy/ptII/ptolemy/domains/continuous/test/auto/hierarchicalModalModel.xml
----------------- Instantiating /home/travis/build/icyphy/ptII/ptolemy/domains/continuous/test/auto/hierarchicalModalModel.xml
16 ms. Memory: 329728K Free: 212091K (64%)
----------------- Invoking toplevel() on ptolemy.moml.MoMLSimpleApplication@111d129
----------------- Done invoking toplevel() on ptolemy.moml.MoMLSimpleApplication@111d129
reloadAllAccessors: .hierarchicalModalModel

===========================================================================================
----------------- testing Sun Jul 19 15:06:50 UTC 2020 /home/travis/build/icyphy/ptII/ptolemy/domains/continuous/test/auto/hierarchicalModalModel1.xml
----------------- Instantiating /home/travis/build/icyphy/ptII/ptolemy/domains/continuous/test/auto/hierarchicalModalModel1.xml
7 ms. Memory: 329728K Free: 197769K (60%)
----------------- Invoking toplevel() on ptolemy.moml.MoMLSimpleApplication@7c2d5eb5
----------------- Done invoking toplevel() on ptolemy.moml.MoMLSimpleApplication@7c2d5eb5
reloadAllAccessors: .hierarchicalModalModel1

===========================================================================================
----------------- testing Sun Jul 19 15:06:50 UTC 2020 /home/travis/build/icyphy/ptII/ptolemy/domains/continuous/test/auto/hierarchicalModalModel2.xml
----------------- Instantiating /home/travis/build/icyphy/ptII/ptolemy/domains/continuous/test/auto/hierarchicalModalModel2.xml
5 ms. Memory: 329728K Free: 185467K (56%)
----------------- Invoking toplevel() on ptolemy.moml.MoMLSimpleApplication@44a8a1d3
----------------- Done invoking toplevel() on ptolemy.moml.MoMLSimpleApplication@44a8a1d3
reloadAllAccessors: .hierarchicalModalModel2

===========================================================================================
----------------- testing Sun Jul 19 15:06:50 UTC 2020 /home/travis/build/icyphy/ptII/ptolemy/domains/continuous/test/auto/hierarchicalModalModel3.xml
----------------- Instantiating /home/travis/build/icyphy/ptII/ptolemy/domains/continuous/test/auto/hierarchicalModalModel3.xml
4 ms. Memory: 329728K Free: 174731K (53%)
----------------- Invoking toplevel() on ptolemy.moml.MoMLSimpleApplication@1395c514
----------------- Done invoking toplevel() on ptolemy.moml.MoMLSimpleApplication@1395c514
reloadAllAccessors: .hierarchicalModalModel3

===========================================================================================
----------------- testing Sun Jul 19 15:06:50 UTC 2020 /home/travis/build/icyphy/ptII/ptolemy/domains/continuous/test/auto/hierarchicalModalModel4.xml
----------------- Instantiating /home/travis/build/icyphy/ptII/ptolemy/domains/continuous/test/auto/hierarchicalModalModel4.xml
5 ms. Memory: 329728K Free: 162953K (49%)
----------------- Invoking toplevel() on ptolemy.moml.MoMLSimpleApplication@78583422
----------------- Done invoking toplevel() on ptolemy.moml.MoMLSimpleApplication@78583422
reloadAllAccessors: .hierarchicalModalModel4

===========================================================================================
----------------- testing Sun Jul 19 15:06:50 UTC 2020 /home/travis/build/icyphy/ptII/ptolemy/domains/continuous/test/auto/junk.xml
----------------- Instantiating /home/travis/build/icyphy/ptII/ptolemy/domains/continuous/test/auto/junk.xml
111 ms. Memory: 329728K Free: 137353K (42%)
----------------- Invoking toplevel() on ptolemy.moml.MoMLSimpleApplication@6e0cf224
----------------- Done invoking toplevel() on ptolemy.moml.MoMLSimpleApplication@6e0cf224
reloadAllAccessors: .junk
AutoTests.java: About to close Vertx.
AutoTests.java: Vertx closed.
]]></system-out>
  <system-err><![CDATA[Warning: '.HysteresisWithRandomDelay.NonStrictTest3' The test produced only 26 tokens, yet the correctValues parameter was expecting 30 tokens.
Warning: '.Poisson.NonStrictTest' The test produced only 397 tokens, yet the correctValues parameter was expecting 430 tokens.
]]></system-err>
</testsuite>
