<?xml version="1.0" encoding="UTF-8" ?>
<testsuite errors="0" failures="0" hostname="travis-job-7d0a40c7-17b4-4ab6-b70c-d89bd5d62a2c" name="ptolemy.domains.de.test.junit.JUnitTclTest" skipped="0" tests="101" time="125.911" timestamp="2019-05-14T04:24:03">
  <properties>
[...]
</properties>
  <testcase classname="ptolemy.util.test.junit.TclTests" name="[0] /home/travis/build/icyphy/ptII/ptolemy/domains/de/test/DependencyLoop.tcl (RunTclFile)" time="0.763" />
  <testcase classname="ptolemy.util.test.junit.TclTests" name="[1] /home/travis/build/icyphy/ptII/ptolemy/domains/de/test/RunDETestsAsQSS.tcl (RunTclFile)" time="86.534" />
  <testcase classname="ptolemy.util.test.junit.AutoKnownFailedTests" name="[0] /home/travis/build/icyphy/ptII/ptolemy/domains/de/test/auto/knownFailedTests/DESDFClockTest.xml (RunModel)" time="2.029" />
  <testcase classname="ptolemy.util.test.junit.AutoKnownFailedTests" name="[1] /home/travis/build/icyphy/ptII/ptolemy/domains/de/test/auto/knownFailedTests/DirectFeedback.xml (RunModel)" time="0.019" />
  <testcase classname="ptolemy.util.test.junit.AutoKnownFailedTests" name="[2] /home/travis/build/icyphy/ptII/ptolemy/domains/de/test/auto/knownFailedTests/FSMSource.xml (RunModel)" time="0.013" />
  <testcase classname="ptolemy.util.test.junit.AutoKnownFailedTests" name="[3] /home/travis/build/icyphy/ptII/ptolemy/domains/de/test/auto/knownFailedTests/HierarchicalModel.xml (RunModel)" time="0.024" />
  <testcase classname="ptolemy.util.test.junit.AutoKnownFailedTests" name="[4] /home/travis/build/icyphy/ptII/ptolemy/domains/de/test/auto/knownFailedTests/dependencyLoop.xml (RunModel)" time="0.022" />
  <testcase classname="ptolemy.util.test.junit.AutoKnownFailedTests" name="[5] /home/travis/build/icyphy/ptII/ptolemy/domains/de/test/auto/knownFailedTests/dependencyLoop2.xml (RunModel)" time="0.032" />
  <testcase classname="ptolemy.util.test.junit.AutoNameArchTests" name="[0] ThereAreNoAutoArchTests (RunModel)" time="0.005" />
  <testcase classname="ptolemy.util.test.junit.AutoTests" name="[0] /home/travis/build/icyphy/ptII/ptolemy/domains/de/test/auto/ActorDepthCalculation_actorWithoutPorts.xml (RunModel)" time="0.014" />
  <testcase classname="ptolemy.util.test.junit.AutoTests" name="[1] /home/travis/build/icyphy/ptII/ptolemy/domains/de/test/auto/AssemblyLine.xml (RunModel)" time="0.014" />
  <testcase classname="ptolemy.util.test.junit.AutoTests" name="[2] /home/travis/build/icyphy/ptII/ptolemy/domains/de/test/auto/CQBug1.xml (RunModel)" time="0.009" />
  <testcase classname="ptolemy.util.test.junit.AutoTests" name="[3] /home/travis/build/icyphy/ptII/ptolemy/domains/de/test/auto/CancelFireAt.xml (RunModel)" time="0.009" />
  <testcase classname="ptolemy.util.test.junit.AutoTests" name="[4] /home/travis/build/icyphy/ptII/ptolemy/domains/de/test/auto/CausalityAndComposabilityAnalysis.xml (RunModel)" time="0.009" />
  <testcase classname="ptolemy.util.test.junit.AutoTests" name="[5] /home/travis/build/icyphy/ptII/ptolemy/domains/de/test/auto/CausalityInterface1.xml (RunModel)" time="0.012" />
  <testcase classname="ptolemy.util.test.junit.AutoTests" name="[6] /home/travis/build/icyphy/ptII/ptolemy/domains/de/test/auto/CausalityInterface15.xml (RunModel)" time="0.01" />
  <testcase classname="ptolemy.util.test.junit.AutoTests" name="[7] /home/travis/build/icyphy/ptII/ptolemy/domains/de/test/auto/CausalityInterface2.xml (RunModel)" time="0.009" />
  <testcase classname="ptolemy.util.test.junit.AutoTests" name="[8] /home/travis/build/icyphy/ptII/ptolemy/domains/de/test/auto/CausalityInterface3.xml (RunModel)" time="0.008" />
  <testcase classname="ptolemy.util.test.junit.AutoTests" name="[9] /home/travis/build/icyphy/ptII/ptolemy/domains/de/test/auto/ClockDrift.xml (RunModel)" time="0.035" />
  <testcase classname="ptolemy.util.test.junit.AutoTests" name="[10] /home/travis/build/icyphy/ptII/ptolemy/domains/de/test/auto/ClockDriftAndValueChange.xml (RunModel)" time="0.02" />
  <testcase classname="ptolemy.util.test.junit.AutoTests" name="[11] /home/travis/build/icyphy/ptII/ptolemy/domains/de/test/auto/ClockDriftChange.xml (RunModel)" time="0.025" />
  <testcase classname="ptolemy.util.test.junit.AutoTests" name="[12] /home/travis/build/icyphy/ptII/ptolemy/domains/de/test/auto/ComposableCausalityAnalysis.xml (RunModel)" time="0.011" />
  <testcase classname="ptolemy.util.test.junit.AutoTests" name="[13] /home/travis/build/icyphy/ptII/ptolemy/domains/de/test/auto/DEFixedPointLimitation.xml (RunModel)" time="0.012" />
  <testcase classname="ptolemy.util.test.junit.AutoTests" name="[14] /home/travis/build/icyphy/ptII/ptolemy/domains/de/test/auto/DEScheduleTest.xml (RunModel)" time="0.009" />
  <testcase classname="ptolemy.util.test.junit.AutoTests" name="[15] /home/travis/build/icyphy/ptII/ptolemy/domains/de/test/auto/DEinDEwithStartTimes.xml (RunModel)" time="0.013" />
  <testcase classname="ptolemy.util.test.junit.AutoTests" name="[16] /home/travis/build/icyphy/ptII/ptolemy/domains/de/test/auto/DEinDEwithStartTimes2.xml (RunModel)" time="0.013" />
  <testcase classname="ptolemy.util.test.junit.AutoTests" name="[17] /home/travis/build/icyphy/ptII/ptolemy/domains/de/test/auto/DateDemo.xml (RunModel)" time="0.022" />
  <testcase classname="ptolemy.util.test.junit.AutoTests" name="[18] /home/travis/build/icyphy/ptII/ptolemy/domains/de/test/auto/DateToEvent.xml (RunModel)" time="2.027" />
  <testcase classname="ptolemy.util.test.junit.AutoTests" name="[19] /home/travis/build/icyphy/ptII/ptolemy/domains/de/test/auto/DepthTest1.xml (RunModel)" time="0.006" />
  <testcase classname="ptolemy.util.test.junit.AutoTests" name="[20] /home/travis/build/icyphy/ptII/ptolemy/domains/de/test/auto/DepthTest2.xml (RunModel)" time="0.011" />
  <testcase classname="ptolemy.util.test.junit.AutoTests" name="[21] /home/travis/build/icyphy/ptII/ptolemy/domains/de/test/auto/DepthTest3.xml (RunModel)" time="0.005" />
  <testcase classname="ptolemy.util.test.junit.AutoTests" name="[22] /home/travis/build/icyphy/ptII/ptolemy/domains/de/test/auto/DepthTest4.xml (RunModel)" time="0.008" />
  <testcase classname="ptolemy.util.test.junit.AutoTests" name="[23] /home/travis/build/icyphy/ptII/ptolemy/domains/de/test/auto/DepthTest5.xml (RunModel)" time="0.009" />
  <testcase classname="ptolemy.util.test.junit.AutoTests" name="[24] /home/travis/build/icyphy/ptII/ptolemy/domains/de/test/auto/DepthTest6.xml (RunModel)" time="0.009" />
  <testcase classname="ptolemy.util.test.junit.AutoTests" name="[25] /home/travis/build/icyphy/ptII/ptolemy/domains/de/test/auto/DepthTest7.xml (RunModel)" time="0.008" />
  <testcase classname="ptolemy.util.test.junit.AutoTests" name="[26] /home/travis/build/icyphy/ptII/ptolemy/domains/de/test/auto/EventToDate.xml (RunModel)" time="3.021" />
  <testcase classname="ptolemy.util.test.junit.AutoTests" name="[27] /home/travis/build/icyphy/ptII/ptolemy/domains/de/test/auto/FSM1.xml (RunModel)" time="0.031" />
  <testcase classname="ptolemy.util.test.junit.AutoTests" name="[28] /home/travis/build/icyphy/ptII/ptolemy/domains/de/test/auto/FSM7.xml (RunModel)" time="0.041" />
  <testcase classname="ptolemy.util.test.junit.AutoTests" name="[29] /home/travis/build/icyphy/ptII/ptolemy/domains/de/test/auto/Inspection.xml (RunModel)" time="0.044" />
  <testcase classname="ptolemy.util.test.junit.AutoTests" name="[30] /home/travis/build/icyphy/ptII/ptolemy/domains/de/test/auto/Iteration.xml (RunModel)" time="0.021" />
  <testcase classname="ptolemy.util.test.junit.AutoTests" name="[31] /home/travis/build/icyphy/ptII/ptolemy/domains/de/test/auto/LineFault.xml (RunModel)" time="0.419" />
  <testcase classname="ptolemy.util.test.junit.AutoTests" name="[32] /home/travis/build/icyphy/ptII/ptolemy/domains/de/test/auto/MergeModel1Add.xml (RunModel)" time="0.032" />
  <testcase classname="ptolemy.util.test.junit.AutoTests" name="[33] /home/travis/build/icyphy/ptII/ptolemy/domains/de/test/auto/MergeModel2Add.xml (RunModel)" time="0.029" />
  <testcase classname="ptolemy.util.test.junit.AutoTests" name="[34] /home/travis/build/icyphy/ptII/ptolemy/domains/de/test/auto/MergeModel3Add.xml (RunModel)" time="0.029" />
  <testcase classname="ptolemy.util.test.junit.AutoTests" name="[35] /home/travis/build/icyphy/ptII/ptolemy/domains/de/test/auto/MergeWithoutDiscard.xml (RunModel)" time="0.007" />
  <testcase classname="ptolemy.util.test.junit.AutoTests" name="[36] /home/travis/build/icyphy/ptII/ptolemy/domains/de/test/auto/Modal1.xml (RunModel)" time="0.025" />
  <testcase classname="ptolemy.util.test.junit.AutoTests" name="[37] /home/travis/build/icyphy/ptII/ptolemy/domains/de/test/auto/Modal2.xml (RunModel)" time="0.02" />
  <testcase classname="ptolemy.util.test.junit.AutoTests" name="[38] /home/travis/build/icyphy/ptII/ptolemy/domains/de/test/auto/Modal3.xml (RunModel)" time="0.019" />
  <testcase classname="ptolemy.util.test.junit.AutoTests" name="[39] /home/travis/build/icyphy/ptII/ptolemy/domains/de/test/auto/Modal4.xml (RunModel)" time="0.02" />
  <testcase classname="ptolemy.util.test.junit.AutoTests" name="[40] /home/travis/build/icyphy/ptII/ptolemy/domains/de/test/auto/Modal5.xml (RunModel)" time="0.027" />
  <testcase classname="ptolemy.util.test.junit.AutoTests" name="[41] /home/travis/build/icyphy/ptII/ptolemy/domains/de/test/auto/Modal6.xml (RunModel)" time="0.021" />
  <testcase classname="ptolemy.util.test.junit.AutoTests" name="[42] /home/travis/build/icyphy/ptII/ptolemy/domains/de/test/auto/Modal7.xml (RunModel)" time="0.021" />
  <testcase classname="ptolemy.util.test.junit.AutoTests" name="[43] /home/travis/build/icyphy/ptII/ptolemy/domains/de/test/auto/ModalModel.xml (RunModel)" time="0.129" />
  <testcase classname="ptolemy.util.test.junit.AutoTests" name="[44] /home/travis/build/icyphy/ptII/ptolemy/domains/de/test/auto/ModalSource.xml (RunModel)" time="0.013" />
  <testcase classname="ptolemy.util.test.junit.AutoTests" name="[45] /home/travis/build/icyphy/ptII/ptolemy/domains/de/test/auto/NonInterruptibleTimerZeroDelay.xml (RunModel)" time="0.007" />
  <testcase classname="ptolemy.util.test.junit.AutoTests" name="[46] /home/travis/build/icyphy/ptII/ptolemy/domains/de/test/auto/OpenQueueingNetwork.xml (RunModel)" time="1.896" />
  <testcase classname="ptolemy.util.test.junit.AutoTests" name="[47] /home/travis/build/icyphy/ptII/ptolemy/domains/de/test/auto/OpenQueuingNetwork.xml (RunModel)" time="0.256" />
  <testcase classname="ptolemy.util.test.junit.AutoTests" name="[48] /home/travis/build/icyphy/ptII/ptolemy/domains/de/test/auto/PeriodicSampler.xml (RunModel)" time="0.011" />
  <testcase classname="ptolemy.util.test.junit.AutoTests" name="[49] /home/travis/build/icyphy/ptII/ptolemy/domains/de/test/auto/PersistentIO.xml (RunModel)" time="0.021" />
  <testcase classname="ptolemy.util.test.junit.AutoTests" name="[50] /home/travis/build/icyphy/ptII/ptolemy/domains/de/test/auto/PortParameterResetOnInitialize.xml (RunModel)" time="0.009" />
  <testcase classname="ptolemy.util.test.junit.AutoTests" name="[51] /home/travis/build/icyphy/ptII/ptolemy/domains/de/test/auto/PortParameterUpdates.xml (RunModel)" time="0.017" />
  <testcase classname="ptolemy.util.test.junit.AutoTests" name="[52] /home/travis/build/icyphy/ptII/ptolemy/domains/de/test/auto/QueueAndServer.xml (RunModel)" time="0.018" />
  <testcase classname="ptolemy.util.test.junit.AutoTests" name="[53] /home/travis/build/icyphy/ptII/ptolemy/domains/de/test/auto/Records.xml (RunModel)" time="0.014" />
  <testcase classname="ptolemy.util.test.junit.AutoTests" name="[54] /home/travis/build/icyphy/ptII/ptolemy/domains/de/test/auto/ResetTransitionWithStartTime1.xml (RunModel)" time="0.015" />
  <testcase classname="ptolemy.util.test.junit.AutoTests" name="[55] /home/travis/build/icyphy/ptII/ptolemy/domains/de/test/auto/ResetTransitionWithStartTime2.xml (RunModel)" time="0.015" />
  <testcase classname="ptolemy.util.test.junit.AutoTests" name="[56] /home/travis/build/icyphy/ptII/ptolemy/domains/de/test/auto/ResetTransitionWithStartTime3.xml (RunModel)" time="0.017" />
  <testcase classname="ptolemy.util.test.junit.AutoTests" name="[57] /home/travis/build/icyphy/ptII/ptolemy/domains/de/test/auto/ResetTransitionWithStartTime4.xml (RunModel)" time="0.018" />
  <testcase classname="ptolemy.util.test.junit.AutoTests" name="[58] /home/travis/build/icyphy/ptII/ptolemy/domains/de/test/auto/ResettableTimer1.xml (RunModel)" time="0.01" />
  <testcase classname="ptolemy.util.test.junit.AutoTests" name="[59] /home/travis/build/icyphy/ptII/ptolemy/domains/de/test/auto/ResettableTimer2.xml (RunModel)" time="0.009" />
  <testcase classname="ptolemy.util.test.junit.AutoTests" name="[60] /home/travis/build/icyphy/ptII/ptolemy/domains/de/test/auto/ResettableTimer3.xml (RunModel)" time="0.008" />
  <testcase classname="ptolemy.util.test.junit.AutoTests" name="[61] /home/travis/build/icyphy/ptII/ptolemy/domains/de/test/auto/ResettableTimer4.xml (RunModel)" time="0.01" />
  <testcase classname="ptolemy.util.test.junit.AutoTests" name="[62] /home/travis/build/icyphy/ptII/ptolemy/domains/de/test/auto/ResettableTimer5.xml (RunModel)" time="0.008" />
  <testcase classname="ptolemy.util.test.junit.AutoTests" name="[63] /home/travis/build/icyphy/ptII/ptolemy/domains/de/test/auto/ResettableTimer6.xml (RunModel)" time="0.017" />
  <testcase classname="ptolemy.util.test.junit.AutoTests" name="[64] /home/travis/build/icyphy/ptII/ptolemy/domains/de/test/auto/ServerZeroDelay.xml (RunModel)" time="0.013" />
  <testcase classname="ptolemy.util.test.junit.AutoTests" name="[65] /home/travis/build/icyphy/ptII/ptolemy/domains/de/test/auto/SmartSender.xml (RunModel)" time="3.009" />
  <testcase classname="ptolemy.util.test.junit.AutoTests" name="[66] /home/travis/build/icyphy/ptII/ptolemy/domains/de/test/auto/ThreadedComposite.xml (RunModel)" time="0.196" />
  <testcase classname="ptolemy.util.test.junit.AutoTests" name="[67] /home/travis/build/icyphy/ptII/ptolemy/domains/de/test/auto/Time.xml (RunModel)" time="0.436" />
  <testcase classname="ptolemy.util.test.junit.AutoTests" name="[68] /home/travis/build/icyphy/ptII/ptolemy/domains/de/test/auto/TimeDelayZeroDelay.xml (RunModel)" time="0.012" />
  <testcase classname="ptolemy.util.test.junit.AutoTests" name="[69] /home/travis/build/icyphy/ptII/ptolemy/domains/de/test/auto/TimerZeroDelay.xml (RunModel)" time="0.01" />
  <testcase classname="ptolemy.util.test.junit.AutoTests" name="[70] /home/travis/build/icyphy/ptII/ptolemy/domains/de/test/auto/TimingParadox.xml (RunModel)" time="0.35" />
  <testcase classname="ptolemy.util.test.junit.AutoTests" name="[71] /home/travis/build/icyphy/ptII/ptolemy/domains/de/test/auto/TransferInputs.xml (RunModel)" time="0.013" />
  <testcase classname="ptolemy.util.test.junit.AutoTests" name="[72] /home/travis/build/icyphy/ptII/ptolemy/domains/de/test/auto/TransferOutputs2.xml (RunModel)" time="0.015" />
  <testcase classname="ptolemy.util.test.junit.AutoTests" name="[73] /home/travis/build/icyphy/ptII/ptolemy/domains/de/test/auto/Trilateration.xml (RunModel)" time="11.335" />
  <testcase classname="ptolemy.util.test.junit.AutoTests" name="[74] /home/travis/build/icyphy/ptII/ptolemy/domains/de/test/auto/TwoSigmaDelta.xml (RunModel)" time="1.904" />
  <testcase classname="ptolemy.util.test.junit.AutoTests" name="[75] /home/travis/build/icyphy/ptII/ptolemy/domains/de/test/auto/VariableDelay.xml (RunModel)" time="0.015" />
  <testcase classname="ptolemy.util.test.junit.AutoTests" name="[76] /home/travis/build/icyphy/ptII/ptolemy/domains/de/test/auto/VariableDelay2.xml (RunModel)" time="0.012" />
  <testcase classname="ptolemy.util.test.junit.AutoTests" name="[77] /home/travis/build/icyphy/ptII/ptolemy/domains/de/test/auto/VariableDelayZeroDelay.xml (RunModel)" time="0.014" />
  <testcase classname="ptolemy.util.test.junit.AutoTests" name="[78] /home/travis/build/icyphy/ptII/ptolemy/domains/de/test/auto/VariableDelayZeroDelay2.xml (RunModel)" time="0.009" />
  <testcase classname="ptolemy.util.test.junit.AutoTests" name="[79] /home/travis/build/icyphy/ptII/ptolemy/domains/de/test/auto/deInCt.xml (RunModel)" time="0.015" />
  <testcase classname="ptolemy.util.test.junit.AutoTests" name="[80] /home/travis/build/icyphy/ptII/ptolemy/domains/de/test/auto/deInCt2.xml (RunModel)" time="0.015" />
  <testcase classname="ptolemy.util.test.junit.AutoTests" name="[81] /home/travis/build/icyphy/ptII/ptolemy/domains/de/test/auto/dynamicCausalityInterface1.xml (RunModel)" time="0.016" />
  <testcase classname="ptolemy.util.test.junit.AutoTests" name="[82] /home/travis/build/icyphy/ptII/ptolemy/domains/de/test/auto/fsm_de_test.xml (RunModel)" time="0.032" />
  <testcase classname="ptolemy.util.test.junit.AutoTests" name="[83] /home/travis/build/icyphy/ptII/ptolemy/domains/de/test/auto/functionDependencyReconstruction.xml (RunModel)" time="0.035" />
  <testcase classname="ptolemy.util.test.junit.AutoTests" name="[84] /home/travis/build/icyphy/ptII/ptolemy/domains/de/test/auto/multirate.xml (RunModel)" time="0.02" />
  <testcase classname="ptolemy.util.test.junit.AutoTests" name="[85] /home/travis/build/icyphy/ptII/ptolemy/domains/de/test/auto/multirate2.xml (RunModel)" time="0.014" />
  <testcase classname="ptolemy.util.test.junit.AutoTests" name="[86] /home/travis/build/icyphy/ptII/ptolemy/domains/de/test/auto/realtime.xml (RunModel)" time="10.011" />
  <testcase classname="ptolemy.util.test.junit.AutoTests" name="[87] /home/travis/build/icyphy/ptII/ptolemy/domains/de/test/auto/relationGroup.xml (RunModel)" time="0.007" />
  <testcase classname="ptolemy.util.test.junit.AutoTests" name="[88] /home/travis/build/icyphy/ptII/ptolemy/domains/de/test/auto/relationGroup2.xml (RunModel)" time="0.007" />
  <testcase classname="ptolemy.util.test.junit.AutoTests" name="[89] /home/travis/build/icyphy/ptII/ptolemy/domains/de/test/auto/sortWithOpaquePorts.xml (RunModel)" time="0.008" />
  <testcase classname="ptolemy.util.test.junit.AutoTests" name="[90] /home/travis/build/icyphy/ptII/ptolemy/domains/de/test/auto/transferInputsandOutputs.xml (RunModel)" time="0.014" />
  <testcase classname="ptolemy.util.test.junit.AutoTests" name="[91] /home/travis/build/icyphy/ptII/ptolemy/domains/de/test/auto/triggerType.xml (RunModel)" time="0.008" />
  <system-out><![CDATA[/home/travis/build/icyphy/ptII/ptolemy/domains/de/test/DependencyLoop.tcl
testDefs.tcl: setting time out to 9000 seconds at Tue May 14 04:24:03 UTC 2019
17 ms. Memory: 116224K Free: 97651K (84%)
24 ms. Memory: 146944K Free: 141126K (96%)
/home/travis/build/icyphy/ptII/ptolemy/domains/de/test/RunDETestsAsQSS.tcl
Run the DE tests using ptolemy.domains.qss.test.QSSDirectorTest, which extends QSSDirector and prints a message in the constructors.
------------------ testing $PTII/ptolemy/domains/de/test/auto/knownFailedTests/dependencyLoop.xml (Known Failure) 
7 ms. Memory: 146944K Free: 136880K (93%)


==== $PTIIhome/travis/build/icyphy/ptII/ptolemy/domains/de/test/../../../../: Auto Automatic test in file $PTII/ptolemy/domains/de/test/auto/knownFailedTests/dependencyLoop.xml
==== Contents of test case:

	    # FIXME: we should use $relativeFilename here, but it
	    # might have backslashes under Windows, which causes no end
	    # of trouble.
	    createAndExecute $file
	    list {}
	
.... Test generated KNOWN error:
    while executing
ptolemy.kernel.util.IllegalActionException: Found a zero delay loop containing .dependencyLoop.original
  in .dependencyLoop and .dependencyLoop.original
	at ptolemy.actor.util.CausalityInterfaceForComposites._computeOutputPortDepth(CausalityInterfaceForComposites.java:759)
	at ptolemy.actor.util.CausalityInterfaceForComposites._computeInputDepth(CausalityInterfaceForComposites.java:696)
	at ptolemy.actor.util.CausalityInterfaceForComposites._computeOutputPortDepth(CausalityInterfaceForComposites.java:765)
	at ptolemy.actor.util.CausalityInterfaceForComposites._computeInputDepth(CausalityInterfaceForComposites.java:696)
	at ptolemy.actor.util.CausalityInterfaceForComposites._computeOutputPortDepth(CausalityInterfaceForComposites.java:765)
	at ptolemy.actor.util.CausalityInterfaceForComposites._computeInputDepth(CausalityInterfaceForComposites.java:696)
	at ptolemy.actor.util.CausalityInterfaceForComposites._computeActorDepth(CausalityInterfaceForComposites.java:532)
	at ptolemy.actor.util.CausalityInterfaceForComposites.checkForCycles(CausalityInterfaceForComposites.java:96)
	at ptolemy.domains.de.kernel.DEDirector.preinitialize(DEDirector.java:1338)
	at ptolemy.actor.CompositeActor.preinitialize(CompositeActor.java:1828)
	at ptolemy.actor.Manager.preinitializeAndResolveTypes(Manager.java:1040)
	at ptolemy.actor.Manager.initialize(Manager.java:710)
	at ptolemy.actor.Manager.execute(Manager.java:356)
	at ptolemy.actor.Manager.run(Manager.java:1263)
	at ptolemy.actor.Manager$PtolemyRunThread.run(Manager.java:1915)

    while executing
ptolemy.kernel.util.IllegalActionException: Found a zero delay loop containing .dependencyLoop.original
  in .dependencyLoop and .dependencyLoop.original
    while executing
"java::new ptolemy.moml.MoMLSimpleApplication $file
"
    (procedure "createAndExecute" line 2)
    invoked from within
"createAndExecute $file"
    ("uplevel" body line 5)
    invoked from within
"uplevel $contents_of_test"
------------------ testing $PTII/ptolemy/domains/de/test/auto/knownFailedTests/DESDFClockTest.xml (Known Failure) 
2078 ms. Memory: 146944K Free: 121316K (83%)


==== $PTIIhome/travis/build/icyphy/ptII/ptolemy/domains/de/test/../../../../: Auto Automatic test in file $PTII/ptolemy/domains/de/test/auto/knownFailedTests/DESDFClockTest.xml
==== Contents of test case:

	    # FIXME: we should use $relativeFilename here, but it
	    # might have backslashes under Windows, which causes no end
	    # of trouble.
	    createAndExecute $file
	    list {}
	
.... Test generated KNOWN error:
    while executing
ptolemy.kernel.util.IllegalActionException: Actor is not ready to fire.  Perhaps UpSample.prefire() returned false? Try debugging the actor by selecting "Listen to Actor".  Also, for SDF check moml for tokenConsumptionRate on input.
  in .DESDFClockTest.Play Bell.Copy1:SDF Director and .DESDFClockTest.Play Bell.UpSample
	at ptolemy.actor.sched.StaticSchedulingDirector.fire(StaticSchedulingDirector.java:227)
	at ptolemy.domains.sdf.kernel.SDFDirector.fire(SDFDirector.java:500)
	at ptolemy.actor.CompositeActor.fire(CompositeActor.java:455)
	at ptolemy.domains.de.kernel.DEDirector._fire(DEDirector.java:1949)
	at ptolemy.domains.de.kernel.DEDirector.fire(DEDirector.java:502)
	at ptolemy.actor.CompositeActor.fire(CompositeActor.java:455)
	at ptolemy.actor.Manager.iterate(Manager.java:851)
	at ptolemy.actor.Manager.execute(Manager.java:369)
	at ptolemy.actor.Manager.run(Manager.java:1263)
	at ptolemy.actor.Manager$PtolemyRunThread.run(Manager.java:1915)

    while executing
ptolemy.kernel.util.IllegalActionException: Actor is not ready to fire.  Perhaps UpSample.prefire() returned false? Try debugging the actor by selecting "Listen to Actor".  Also, for SDF check moml for tokenConsumptionRate on input.
  in .DESDFClockTest.Play Bell.Copy1:SDF Director and .DESDFClockTest.Play Bell.UpSample
    while executing
"java::new ptolemy.moml.MoMLSimpleApplication $file
"
    (procedure "createAndExecute" line 2)
    invoked from within
"createAndExecute $file"
    ("uplevel" body line 5)
    invoked from within
"uplevel $contents_of_test"
------------------ testing $PTII/ptolemy/domains/de/test/auto/knownFailedTests/FSMSource.xml (Known Failure) 
39 ms. Memory: 146944K Free: 112489K (77%)
!!!! Auto was marked as failing, but now passes
------------------ testing $PTII/ptolemy/domains/de/test/auto/knownFailedTests/dependencyLoop2.xml (Known Failure) 
6 ms. Memory: 146944K Free: 110606K (75%)


==== $PTIIhome/travis/build/icyphy/ptII/ptolemy/domains/de/test/../../../../: Auto Automatic test in file $PTII/ptolemy/domains/de/test/auto/knownFailedTests/dependencyLoop2.xml
==== Contents of test case:

	    # FIXME: we should use $relativeFilename here, but it
	    # might have backslashes under Windows, which causes no end
	    # of trouble.
	    createAndExecute $file
	    list {}
	
.... Test generated KNOWN error:
    while executing
ptolemy.kernel.util.IllegalActionException: Found a zero delay loop containing .dependencyLoop2.original
  in .dependencyLoop2 and .dependencyLoop2.original
	at ptolemy.actor.util.CausalityInterfaceForComposites._computeOutputPortDepth(CausalityInterfaceForComposites.java:759)
	at ptolemy.actor.util.CausalityInterfaceForComposites._computeInputDepth(CausalityInterfaceForComposites.java:696)
	at ptolemy.actor.util.CausalityInterfaceForComposites._computeOutputPortDepth(CausalityInterfaceForComposites.java:765)
	at ptolemy.actor.util.CausalityInterfaceForComposites._computeInputDepth(CausalityInterfaceForComposites.java:696)
	at ptolemy.actor.util.CausalityInterfaceForComposites._computeOutputPortDepth(CausalityInterfaceForComposites.java:765)
	at ptolemy.actor.util.CausalityInterfaceForComposites._computeInputDepth(CausalityInterfaceForComposites.java:696)
	at ptolemy.actor.util.CausalityInterfaceForComposites._computeActorDepth(CausalityInterfaceForComposites.java:532)
	at ptolemy.actor.util.CausalityInterfaceForComposites.checkForCycles(CausalityInterfaceForComposites.java:96)
	at ptolemy.domains.de.kernel.DEDirector.preinitialize(DEDirector.java:1338)
	at ptolemy.actor.CompositeActor.preinitialize(CompositeActor.java:1828)
	at ptolemy.actor.Manager.preinitializeAndResolveTypes(Manager.java:1040)
	at ptolemy.actor.Manager.initialize(Manager.java:710)
	at ptolemy.actor.Manager.execute(Manager.java:356)
	at ptolemy.actor.Manager.run(Manager.java:1263)
	at ptolemy.actor.Manager$PtolemyRunThread.run(Manager.java:1915)

    while executing
ptolemy.kernel.util.IllegalActionException: Found a zero delay loop containing .dependencyLoop2.original
  in .dependencyLoop2 and .dependencyLoop2.original
    while executing
"java::new ptolemy.moml.MoMLSimpleApplication $file
"
    (procedure "createAndExecute" line 2)
    invoked from within
"createAndExecute $file"
    ("uplevel" body line 5)
    invoked from within
"uplevel $contents_of_test"
------------------ testing $PTII/ptolemy/domains/de/test/auto/knownFailedTests/HierarchicalModel.xml (Known Failure) 
10 ms. Memory: 146944K Free: 90380K (62%)


==== $PTIIhome/travis/build/icyphy/ptII/ptolemy/domains/de/test/../../../../: Auto Automatic test in file $PTII/ptolemy/domains/de/test/auto/knownFailedTests/HierarchicalModel.xml
==== Contents of test case:

	    # FIXME: we should use $relativeFilename here, but it
	    # might have backslashes under Windows, which causes no end
	    # of trouble.
	    createAndExecute $file
	    list {}
	
.... Test generated KNOWN error:
    while executing
ptolemy.kernel.util.IllegalActionException: Found a zero delay loop containing .HierarchicalModel.A
  in .HierarchicalModel and .HierarchicalModel.A
	at ptolemy.actor.util.CausalityInterfaceForComposites._computeOutputPortDepth(CausalityInterfaceForComposites.java:759)
	at ptolemy.actor.util.CausalityInterfaceForComposites._computeInputDepth(CausalityInterfaceForComposites.java:696)
	at ptolemy.actor.util.CausalityInterfaceForComposites._computeOutputPortDepth(CausalityInterfaceForComposites.java:765)
	at ptolemy.actor.util.CausalityInterfaceForComposites._computeInputDepth(CausalityInterfaceForComposites.java:696)
	at ptolemy.actor.util.CausalityInterfaceForComposites._computeOutputPortDepth(CausalityInterfaceForComposites.java:765)
	at ptolemy.actor.util.CausalityInterfaceForComposites._computeInputDepth(CausalityInterfaceForComposites.java:696)
	at ptolemy.actor.util.CausalityInterfaceForComposites._computeActorDepth(CausalityInterfaceForComposites.java:532)
	at ptolemy.actor.util.CausalityInterfaceForComposites.checkForCycles(CausalityInterfaceForComposites.java:96)
	at ptolemy.domains.de.kernel.DEDirector.preinitialize(DEDirector.java:1338)
	at ptolemy.actor.CompositeActor.preinitialize(CompositeActor.java:1828)
	at ptolemy.actor.Manager.preinitializeAndResolveTypes(Manager.java:1040)
	at ptolemy.actor.Manager.initialize(Manager.java:710)
	at ptolemy.actor.Manager.execute(Manager.java:356)
	at ptolemy.actor.Manager.run(Manager.java:1263)
	at ptolemy.actor.Manager$PtolemyRunThread.run(Manager.java:1915)

    while executing
ptolemy.kernel.util.IllegalActionException: Found a zero delay loop containing .HierarchicalModel.A
  in .HierarchicalModel and .HierarchicalModel.A
    while executing
"java::new ptolemy.moml.MoMLSimpleApplication $file
"
    (procedure "createAndExecute" line 2)
    invoked from within
"createAndExecute $file"
    ("uplevel" body line 5)
    invoked from within
"uplevel $contents_of_test"
------------------ testing $PTII/ptolemy/domains/de/test/auto/knownFailedTests/DirectFeedback.xml (Known Failure) 
3 ms. Memory: 146944K Free: 86269K (59%)


==== $PTIIhome/travis/build/icyphy/ptII/ptolemy/domains/de/test/../../../../: Auto Automatic test in file $PTII/ptolemy/domains/de/test/auto/knownFailedTests/DirectFeedback.xml
==== Contents of test case:

	    # FIXME: we should use $relativeFilename here, but it
	    # might have backslashes under Windows, which causes no end
	    # of trouble.
	    createAndExecute $file
	    list {}
	
.... Test generated KNOWN error:
    while executing
ptolemy.kernel.util.IllegalActionException: Test fails in iteration 1.
Value was: 1.0. Should have been: 2.0
  in .DirectFeedback.Test
	at ptolemy.actor.lib.Test.fire(Test.java:268)
	at ptolemy.domains.de.kernel.DEDirector._fire(DEDirector.java:1949)
	at ptolemy.domains.de.kernel.DEDirector.fire(DEDirector.java:502)
	at ptolemy.actor.CompositeActor.fire(CompositeActor.java:455)
	at ptolemy.actor.Manager.iterate(Manager.java:851)
	at ptolemy.actor.Manager.execute(Manager.java:369)
	at ptolemy.actor.Manager.run(Manager.java:1263)
	at ptolemy.actor.Manager$PtolemyRunThread.run(Manager.java:1915)

    while executing
ptolemy.kernel.util.IllegalActionException: Test fails in iteration 1.
Value was: 1.0. Should have been: 2.0
  in .DirectFeedback.Test
    while executing
"java::new ptolemy.moml.MoMLSimpleApplication $file
"
    (procedure "createAndExecute" line 2)
    invoked from within
"createAndExecute $file"
    ("uplevel" body line 5)
    invoked from within
"uplevel $contents_of_test"
------------------ testing $PTII/ptolemy/domains/de/test/auto/ActorDepthCalculation_actorWithoutPorts.xml
auto.tcl: Setting watchdog for 200 seconds at Tue May 14 04:24:06 UTC 2019
7 ms. Memory: 146944K Free: 138684K (94%)
ptolemy.util.test.WatchDog.cancel(): canceling Tue May 14 04:24:06 UTC 2019
auto.tcl: Setting watchdog for 200 seconds at Tue May 14 04:24:06 UTC 2019
4 ms. Memory: 146944K Free: 137656K (94%)
ptolemy.util.test.WatchDog.cancel(): canceling Tue May 14 04:24:06 UTC 2019
------------------ testing $PTII/ptolemy/domains/de/test/auto/AssemblyLine.xml
auto.tcl: Setting watchdog for 200 seconds at Tue May 14 04:24:06 UTC 2019
19 ms. Memory: 208384K Free: 183340K (88%)
ptolemy.util.test.WatchDog.cancel(): canceling Tue May 14 04:24:07 UTC 2019
auto.tcl: Setting watchdog for 200 seconds at Tue May 14 04:24:07 UTC 2019
11 ms. Memory: 208384K Free: 183340K (88%)
ptolemy.util.test.WatchDog.cancel(): canceling Tue May 14 04:24:07 UTC 2019
------------------ testing $PTII/ptolemy/domains/de/test/auto/CQBug1.xml
auto.tcl: Setting watchdog for 200 seconds at Tue May 14 04:24:07 UTC 2019
6 ms. Memory: 208384K Free: 197875K (95%)
ptolemy.util.test.WatchDog.cancel(): canceling Tue May 14 04:24:07 UTC 2019
auto.tcl: Setting watchdog for 200 seconds at Tue May 14 04:24:07 UTC 2019
2 ms. Memory: 208384K Free: 197875K (95%)
ptolemy.util.test.WatchDog.cancel(): canceling Tue May 14 04:24:07 UTC 2019
------------------ testing $PTII/ptolemy/domains/de/test/auto/CancelFireAt.xml
auto.tcl: Setting watchdog for 200 seconds at Tue May 14 04:24:07 UTC 2019
5 ms. Memory: 208384K Free: 201550K (97%)
ptolemy.util.test.WatchDog.cancel(): canceling Tue May 14 04:24:07 UTC 2019
auto.tcl: Setting watchdog for 200 seconds at Tue May 14 04:24:07 UTC 2019
3 ms. Memory: 208384K Free: 198976K (95%)
ptolemy.util.test.WatchDog.cancel(): canceling Tue May 14 04:24:07 UTC 2019
------------------ testing $PTII/ptolemy/domains/de/test/auto/CausalityAndComposabilityAnalysis.xml
auto.tcl: Setting watchdog for 200 seconds at Tue May 14 04:24:07 UTC 2019
15 ms. Memory: 208384K Free: 198573K (95%)
ptolemy.util.test.WatchDog.cancel(): canceling Tue May 14 04:24:07 UTC 2019
auto.tcl: Setting watchdog for 200 seconds at Tue May 14 04:24:07 UTC 2019
5 ms. Memory: 208384K Free: 196518K (94%)
ptolemy.util.test.WatchDog.cancel(): canceling Tue May 14 04:24:07 UTC 2019
------------------ testing $PTII/ptolemy/domains/de/test/auto/CausalityInterface1.xml
auto.tcl: Setting watchdog for 200 seconds at Tue May 14 04:24:07 UTC 2019
14 ms. Memory: 208384K Free: 198511K (95%)
ptolemy.util.test.WatchDog.cancel(): canceling Tue May 14 04:24:07 UTC 2019
auto.tcl: Setting watchdog for 200 seconds at Tue May 14 04:24:07 UTC 2019
3 ms. Memory: 208384K Free: 196455K (94%)
ptolemy.util.test.WatchDog.cancel(): canceling Tue May 14 04:24:07 UTC 2019
------------------ testing $PTII/ptolemy/domains/de/test/auto/CausalityInterface15.xml
auto.tcl: Setting watchdog for 200 seconds at Tue May 14 04:24:07 UTC 2019
8 ms. Memory: 208384K Free: 196447K (94%)
ptolemy.util.test.WatchDog.cancel(): canceling Tue May 14 04:24:07 UTC 2019
auto.tcl: Setting watchdog for 200 seconds at Tue May 14 04:24:07 UTC 2019
5 ms. Memory: 208384K Free: 196447K (94%)
ptolemy.util.test.WatchDog.cancel(): canceling Tue May 14 04:24:07 UTC 2019
------------------ testing $PTII/ptolemy/domains/de/test/auto/CausalityInterface2.xml
auto.tcl: Setting watchdog for 200 seconds at Tue May 14 04:24:07 UTC 2019
11 ms. Memory: 208384K Free: 196431K (94%)
ptolemy.util.test.WatchDog.cancel(): canceling Tue May 14 04:24:07 UTC 2019
auto.tcl: Setting watchdog for 200 seconds at Tue May 14 04:24:07 UTC 2019
6 ms. Memory: 208384K Free: 196431K (94%)
ptolemy.util.test.WatchDog.cancel(): canceling Tue May 14 04:24:07 UTC 2019
------------------ testing $PTII/ptolemy/domains/de/test/auto/CausalityInterface3.xml
auto.tcl: Setting watchdog for 200 seconds at Tue May 14 04:24:07 UTC 2019
7 ms. Memory: 208384K Free: 196444K (94%)
ptolemy.util.test.WatchDog.cancel(): canceling Tue May 14 04:24:07 UTC 2019
auto.tcl: Setting watchdog for 200 seconds at Tue May 14 04:24:07 UTC 2019
8 ms. Memory: 208384K Free: 196444K (94%)
ptolemy.util.test.WatchDog.cancel(): canceling Tue May 14 04:24:07 UTC 2019
------------------ testing $PTII/ptolemy/domains/de/test/auto/ClockDrift.xml
auto.tcl: Setting watchdog for 200 seconds at Tue May 14 04:24:08 UTC 2019
83 ms. Memory: 208384K Free: 187809K (90%)
ptolemy.util.test.WatchDog.cancel(): canceling Tue May 14 04:24:08 UTC 2019
auto.tcl: Setting watchdog for 200 seconds at Tue May 14 04:24:08 UTC 2019
52 ms. Memory: 208384K Free: 185754K (89%)
ptolemy.util.test.WatchDog.cancel(): canceling Tue May 14 04:24:08 UTC 2019
------------------ testing $PTII/ptolemy/domains/de/test/auto/ClockDriftAndValueChange.xml
auto.tcl: Setting watchdog for 200 seconds at Tue May 14 04:24:08 UTC 2019
38 ms. Memory: 208384K Free: 189698K (91%)
ptolemy.util.test.WatchDog.cancel(): canceling Tue May 14 04:24:08 UTC 2019
auto.tcl: Setting watchdog for 200 seconds at Tue May 14 04:24:08 UTC 2019
33 ms. Memory: 208384K Free: 185587K (89%)
ptolemy.util.test.WatchDog.cancel(): canceling Tue May 14 04:24:08 UTC 2019
------------------ testing $PTII/ptolemy/domains/de/test/auto/ClockDriftChange.xml
auto.tcl: Setting watchdog for 200 seconds at Tue May 14 04:24:08 UTC 2019
19 ms. Memory: 208384K Free: 190668K (91%)
ptolemy.util.test.WatchDog.cancel(): canceling Tue May 14 04:24:08 UTC 2019
auto.tcl: Setting watchdog for 200 seconds at Tue May 14 04:24:08 UTC 2019
23 ms. Memory: 208384K Free: 188613K (91%)
ptolemy.util.test.WatchDog.cancel(): canceling Tue May 14 04:24:08 UTC 2019
------------------ testing $PTII/ptolemy/domains/de/test/auto/ComposableCausalityAnalysis.xml
auto.tcl: Setting watchdog for 200 seconds at Tue May 14 04:24:08 UTC 2019
6 ms. Memory: 208384K Free: 196046K (94%)
ptolemy.util.test.WatchDog.cancel(): canceling Tue May 14 04:24:08 UTC 2019
auto.tcl: Setting watchdog for 200 seconds at Tue May 14 04:24:08 UTC 2019
2 ms. Memory: 208384K Free: 196046K (94%)
ptolemy.util.test.WatchDog.cancel(): canceling Tue May 14 04:24:08 UTC 2019
------------------ testing $PTII/ptolemy/domains/de/test/auto/DEFixedPointLimitation.xml
auto.tcl: Setting watchdog for 200 seconds at Tue May 14 04:24:08 UTC 2019
3 ms. Memory: 208384K Free: 198182K (95%)
ptolemy.util.test.WatchDog.cancel(): canceling Tue May 14 04:24:08 UTC 2019
auto.tcl: Setting watchdog for 200 seconds at Tue May 14 04:24:08 UTC 2019
1 ms. Memory: 208384K Free: 196127K (94%)
ptolemy.util.test.WatchDog.cancel(): canceling Tue May 14 04:24:08 UTC 2019
------------------ testing $PTII/ptolemy/domains/de/test/auto/DEScheduleTest.xml
auto.tcl: Setting watchdog for 200 seconds at Tue May 14 04:24:08 UTC 2019
7 ms. Memory: 208384K Free: 198737K (95%)
ptolemy.util.test.WatchDog.cancel(): canceling Tue May 14 04:24:08 UTC 2019
auto.tcl: Setting watchdog for 200 seconds at Tue May 14 04:24:08 UTC 2019
4 ms. Memory: 208384K Free: 196162K (94%)
ptolemy.util.test.WatchDog.cancel(): canceling Tue May 14 04:24:08 UTC 2019
------------------ testing $PTII/ptolemy/domains/de/test/auto/DEinDEwithStartTimes.xml
auto.tcl: Setting watchdog for 200 seconds at Tue May 14 04:24:08 UTC 2019
5 ms. Memory: 208384K Free: 196132K (94%)
ptolemy.util.test.WatchDog.cancel(): canceling Tue May 14 04:24:08 UTC 2019
auto.tcl: Setting watchdog for 200 seconds at Tue May 14 04:24:08 UTC 2019
3 ms. Memory: 208384K Free: 196132K (94%)
ptolemy.util.test.WatchDog.cancel(): canceling Tue May 14 04:24:08 UTC 2019
------------------ testing $PTII/ptolemy/domains/de/test/auto/DEinDEwithStartTimes2.xml
auto.tcl: Setting watchdog for 200 seconds at Tue May 14 04:24:08 UTC 2019
7 ms. Memory: 208384K Free: 196112K (94%)
ptolemy.util.test.WatchDog.cancel(): canceling Tue May 14 04:24:08 UTC 2019
auto.tcl: Setting watchdog for 200 seconds at Tue May 14 04:24:08 UTC 2019
6 ms. Memory: 208384K Free: 194056K (93%)
ptolemy.util.test.WatchDog.cancel(): canceling Tue May 14 04:24:09 UTC 2019
------------------ testing $PTII/ptolemy/domains/de/test/auto/DateDemo.xml
auto.tcl: Setting watchdog for 200 seconds at Tue May 14 04:24:09 UTC 2019
7 ms. Memory: 208384K Free: 188677K (91%)
ptolemy.util.test.WatchDog.cancel(): canceling Tue May 14 04:24:09 UTC 2019
auto.tcl: Setting watchdog for 200 seconds at Tue May 14 04:24:09 UTC 2019
7 ms. Memory: 208384K Free: 186621K (90%)
ptolemy.util.test.WatchDog.cancel(): canceling Tue May 14 04:24:09 UTC 2019
------------------ testing $PTII/ptolemy/domains/de/test/auto/DateToEvent.xml
auto.tcl: Setting watchdog for 200 seconds at Tue May 14 04:24:09 UTC 2019
2020 ms. Memory: 208384K Free: 183516K (88%)
ptolemy.util.test.WatchDog.cancel(): canceling Tue May 14 04:24:11 UTC 2019
auto.tcl: Setting watchdog for 200 seconds at Tue May 14 04:24:11 UTC 2019
2007 ms. Memory: 208384K Free: 183516K (88%)
ptolemy.util.test.WatchDog.cancel(): canceling Tue May 14 04:24:13 UTC 2019
------------------ testing $PTII/ptolemy/domains/de/test/auto/DepthTest1.xml
auto.tcl: Setting watchdog for 200 seconds at Tue May 14 04:24:13 UTC 2019
3 ms. Memory: 208384K Free: 198267K (95%)
ptolemy.util.test.WatchDog.cancel(): canceling Tue May 14 04:24:13 UTC 2019
auto.tcl: Setting watchdog for 200 seconds at Tue May 14 04:24:13 UTC 2019
2 ms. Memory: 208384K Free: 198267K (95%)
ptolemy.util.test.WatchDog.cancel(): canceling Tue May 14 04:24:13 UTC 2019
------------------ testing $PTII/ptolemy/domains/de/test/auto/DepthTest2.xml
auto.tcl: Setting watchdog for 200 seconds at Tue May 14 04:24:13 UTC 2019
8 ms. Memory: 208384K Free: 194071K (93%)
ptolemy.util.test.WatchDog.cancel(): canceling Tue May 14 04:24:13 UTC 2019
auto.tcl: Setting watchdog for 200 seconds at Tue May 14 04:24:13 UTC 2019
5 ms. Memory: 208384K Free: 194071K (93%)
ptolemy.util.test.WatchDog.cancel(): canceling Tue May 14 04:24:13 UTC 2019
------------------ testing $PTII/ptolemy/domains/de/test/auto/DepthTest3.xml
auto.tcl: Setting watchdog for 200 seconds at Tue May 14 04:24:13 UTC 2019
2 ms. Memory: 208384K Free: 198602K (95%)
ptolemy.util.test.WatchDog.cancel(): canceling Tue May 14 04:24:13 UTC 2019
auto.tcl: Setting watchdog for 200 seconds at Tue May 14 04:24:13 UTC 2019
1 ms. Memory: 208384K Free: 198602K (95%)
ptolemy.util.test.WatchDog.cancel(): canceling Tue May 14 04:24:13 UTC 2019
------------------ testing $PTII/ptolemy/domains/de/test/auto/DepthTest4.xml
auto.tcl: Setting watchdog for 200 seconds at Tue May 14 04:24:13 UTC 2019
3 ms. Memory: 208384K Free: 196115K (94%)
ptolemy.util.test.WatchDog.cancel(): canceling Tue May 14 04:24:13 UTC 2019
auto.tcl: Setting watchdog for 200 seconds at Tue May 14 04:24:13 UTC 2019
2 ms. Memory: 208384K Free: 196115K (94%)
ptolemy.util.test.WatchDog.cancel(): canceling Tue May 14 04:24:13 UTC 2019
------------------ testing $PTII/ptolemy/domains/de/test/auto/DepthTest5.xml
auto.tcl: Setting watchdog for 200 seconds at Tue May 14 04:24:13 UTC 2019
3 ms. Memory: 208384K Free: 196062K (94%)
ptolemy.util.test.WatchDog.cancel(): canceling Tue May 14 04:24:13 UTC 2019
auto.tcl: Setting watchdog for 200 seconds at Tue May 14 04:24:13 UTC 2019
2 ms. Memory: 208384K Free: 196062K (94%)
ptolemy.util.test.WatchDog.cancel(): canceling Tue May 14 04:24:13 UTC 2019
------------------ testing $PTII/ptolemy/domains/de/test/auto/DepthTest6.xml
auto.tcl: Setting watchdog for 200 seconds at Tue May 14 04:24:13 UTC 2019
8 ms. Memory: 208384K Free: 196556K (94%)
ptolemy.util.test.WatchDog.cancel(): canceling Tue May 14 04:24:13 UTC 2019
auto.tcl: Setting watchdog for 200 seconds at Tue May 14 04:24:13 UTC 2019
2 ms. Memory: 208384K Free: 196556K (94%)
ptolemy.util.test.WatchDog.cancel(): canceling Tue May 14 04:24:13 UTC 2019
------------------ testing $PTII/ptolemy/domains/de/test/auto/DepthTest7.xml
auto.tcl: Setting watchdog for 200 seconds at Tue May 14 04:24:13 UTC 2019
2 ms. Memory: 208384K Free: 196019K (94%)
ptolemy.util.test.WatchDog.cancel(): canceling Tue May 14 04:24:13 UTC 2019
auto.tcl: Setting watchdog for 200 seconds at Tue May 14 04:24:13 UTC 2019
2 ms. Memory: 208384K Free: 196019K (94%)
ptolemy.util.test.WatchDog.cancel(): canceling Tue May 14 04:24:13 UTC 2019
------------------ testing $PTII/ptolemy/domains/de/test/auto/EventToDate.xml
auto.tcl: Setting watchdog for 200 seconds at Tue May 14 04:24:13 UTC 2019
3006 ms. Memory: 208384K Free: 187811K (90%)
ptolemy.util.test.WatchDog.cancel(): canceling Tue May 14 04:24:16 UTC 2019
auto.tcl: Setting watchdog for 200 seconds at Tue May 14 04:24:16 UTC 2019
3004 ms. Memory: 208384K Free: 185756K (89%)
ptolemy.util.test.WatchDog.cancel(): canceling Tue May 14 04:24:19 UTC 2019
------------------ testing $PTII/ptolemy/domains/de/test/auto/FSM1.xml
auto.tcl: Setting watchdog for 200 seconds at Tue May 14 04:24:19 UTC 2019
16 ms. Memory: 208384K Free: 189160K (91%)
ptolemy.util.test.WatchDog.cancel(): canceling Tue May 14 04:24:20 UTC 2019
auto.tcl: Setting watchdog for 200 seconds at Tue May 14 04:24:20 UTC 2019
30 ms. Memory: 208384K Free: 185049K (89%)
ptolemy.util.test.WatchDog.cancel(): canceling Tue May 14 04:24:20 UTC 2019
------------------ testing $PTII/ptolemy/domains/de/test/auto/FSM7.xml
auto.tcl: Setting watchdog for 200 seconds at Tue May 14 04:24:20 UTC 2019
16 ms. Memory: 208384K Free: 186905K (90%)
ptolemy.util.test.WatchDog.cancel(): canceling Tue May 14 04:24:20 UTC 2019
auto.tcl: Setting watchdog for 200 seconds at Tue May 14 04:24:20 UTC 2019
13 ms. Memory: 208384K Free: 182794K (88%)
ptolemy.util.test.WatchDog.cancel(): canceling Tue May 14 04:24:20 UTC 2019
------------------ testing $PTII/ptolemy/domains/de/test/auto/Inspection.xml
auto.tcl: Setting watchdog for 200 seconds at Tue May 14 04:24:20 UTC 2019
46 ms. Memory: 208384K Free: 188513K (90%)
ptolemy.util.test.WatchDog.cancel(): canceling Tue May 14 04:24:20 UTC 2019
auto.tcl: Setting watchdog for 200 seconds at Tue May 14 04:24:20 UTC 2019
31 ms. Memory: 208384K Free: 186458K (89%)
ptolemy.util.test.WatchDog.cancel(): canceling Tue May 14 04:24:20 UTC 2019
------------------ testing $PTII/ptolemy/domains/de/test/auto/Iteration.xml
auto.tcl: Setting watchdog for 200 seconds at Tue May 14 04:24:20 UTC 2019
16 ms. Memory: 208384K Free: 195824K (94%)
ptolemy.util.test.WatchDog.cancel(): canceling Tue May 14 04:24:20 UTC 2019
auto.tcl: Setting watchdog for 200 seconds at Tue May 14 04:24:20 UTC 2019
6 ms. Memory: 208384K Free: 193769K (93%)
ptolemy.util.test.WatchDog.cancel(): canceling Tue May 14 04:24:20 UTC 2019
------------------ testing $PTII/ptolemy/domains/de/test/auto/LineFault.xml
auto.tcl: Setting watchdog for 200 seconds at Tue May 14 04:24:20 UTC 2019
730 ms. Memory: 208384K Free: 199279K (96%)
ptolemy.util.test.WatchDog.cancel(): canceling Tue May 14 04:24:21 UTC 2019
auto.tcl: Setting watchdog for 200 seconds at Tue May 14 04:24:21 UTC 2019
643 ms. Memory: 208384K Free: 141816K (68%)
ptolemy.util.test.WatchDog.cancel(): canceling Tue May 14 04:24:22 UTC 2019
------------------ testing $PTII/ptolemy/domains/de/test/auto/MergeModel1Add.xml
auto.tcl: Setting watchdog for 200 seconds at Tue May 14 04:24:22 UTC 2019
29 ms. Memory: 331264K Free: 300432K (91%)
ptolemy.util.test.WatchDog.cancel(): canceling Tue May 14 04:24:22 UTC 2019
auto.tcl: Setting watchdog for 200 seconds at Tue May 14 04:24:22 UTC 2019
11 ms. Memory: 331264K Free: 300432K (91%)
ptolemy.util.test.WatchDog.cancel(): canceling Tue May 14 04:24:22 UTC 2019
------------------ testing $PTII/ptolemy/domains/de/test/auto/MergeModel2Add.xml
auto.tcl: Setting watchdog for 200 seconds at Tue May 14 04:24:22 UTC 2019
12 ms. Memory: 331264K Free: 305361K (92%)
ptolemy.util.test.WatchDog.cancel(): canceling Tue May 14 04:24:22 UTC 2019
auto.tcl: Setting watchdog for 200 seconds at Tue May 14 04:24:22 UTC 2019
12 ms. Memory: 331264K Free: 301769K (91%)
ptolemy.util.test.WatchDog.cancel(): canceling Tue May 14 04:24:22 UTC 2019
------------------ testing $PTII/ptolemy/domains/de/test/auto/MergeModel3Add.xml
auto.tcl: Setting watchdog for 200 seconds at Tue May 14 04:24:22 UTC 2019
14 ms. Memory: 331264K Free: 305371K (92%)
ptolemy.util.test.WatchDog.cancel(): canceling Tue May 14 04:24:22 UTC 2019
auto.tcl: Setting watchdog for 200 seconds at Tue May 14 04:24:22 UTC 2019
10 ms. Memory: 331264K Free: 301780K (91%)
ptolemy.util.test.WatchDog.cancel(): canceling Tue May 14 04:24:22 UTC 2019
------------------ testing $PTII/ptolemy/domains/de/test/auto/MergeWithoutDiscard.xml
auto.tcl: Setting watchdog for 200 seconds at Tue May 14 04:24:22 UTC 2019
2 ms. Memory: 331264K Free: 316417K (96%)
ptolemy.util.test.WatchDog.cancel(): canceling Tue May 14 04:24:22 UTC 2019
auto.tcl: Setting watchdog for 200 seconds at Tue May 14 04:24:22 UTC 2019
1 ms. Memory: 331264K Free: 316417K (96%)
ptolemy.util.test.WatchDog.cancel(): canceling Tue May 14 04:24:22 UTC 2019
------------------ testing $PTII/ptolemy/domains/de/test/auto/Modal1.xml
auto.tcl: Setting watchdog for 200 seconds at Tue May 14 04:24:22 UTC 2019
20 ms. Memory: 331264K Free: 309974K (94%)
ptolemy.util.test.WatchDog.cancel(): canceling Tue May 14 04:24:22 UTC 2019
auto.tcl: Setting watchdog for 200 seconds at Tue May 14 04:24:22 UTC 2019
23 ms. Memory: 331264K Free: 306382K (92%)
ptolemy.util.test.WatchDog.cancel(): canceling Tue May 14 04:24:22 UTC 2019
------------------ testing $PTII/ptolemy/domains/de/test/auto/Modal2.xml
auto.tcl: Setting watchdog for 200 seconds at Tue May 14 04:24:22 UTC 2019
17 ms. Memory: 331264K Free: 309847K (94%)
ptolemy.util.test.WatchDog.cancel(): canceling Tue May 14 04:24:22 UTC 2019
auto.tcl: Setting watchdog for 200 seconds at Tue May 14 04:24:22 UTC 2019
17 ms. Memory: 331264K Free: 306256K (92%)
ptolemy.util.test.WatchDog.cancel(): canceling Tue May 14 04:24:23 UTC 2019
------------------ testing $PTII/ptolemy/domains/de/test/auto/Modal3.xml
auto.tcl: Setting watchdog for 200 seconds at Tue May 14 04:24:23 UTC 2019
15 ms. Memory: 331264K Free: 310521K (94%)
ptolemy.util.test.WatchDog.cancel(): canceling Tue May 14 04:24:23 UTC 2019
auto.tcl: Setting watchdog for 200 seconds at Tue May 14 04:24:23 UTC 2019
14 ms. Memory: 331264K Free: 306254K (92%)
ptolemy.util.test.WatchDog.cancel(): canceling Tue May 14 04:24:23 UTC 2019
------------------ testing $PTII/ptolemy/domains/de/test/auto/Modal4.xml
auto.tcl: Setting watchdog for 200 seconds at Tue May 14 04:24:23 UTC 2019
28 ms. Memory: 331264K Free: 309859K (94%)
ptolemy.util.test.WatchDog.cancel(): canceling Tue May 14 04:24:23 UTC 2019
auto.tcl: Setting watchdog for 200 seconds at Tue May 14 04:24:23 UTC 2019
16 ms. Memory: 331264K Free: 306267K (92%)
ptolemy.util.test.WatchDog.cancel(): canceling Tue May 14 04:24:23 UTC 2019
------------------ testing $PTII/ptolemy/domains/de/test/auto/Modal5.xml
auto.tcl: Setting watchdog for 200 seconds at Tue May 14 04:24:23 UTC 2019
17 ms. Memory: 331264K Free: 309854K (94%)
ptolemy.util.test.WatchDog.cancel(): canceling Tue May 14 04:24:23 UTC 2019
auto.tcl: Setting watchdog for 200 seconds at Tue May 14 04:24:23 UTC 2019
13 ms. Memory: 331264K Free: 306263K (92%)
ptolemy.util.test.WatchDog.cancel(): canceling Tue May 14 04:24:23 UTC 2019
------------------ testing $PTII/ptolemy/domains/de/test/auto/Modal6.xml
auto.tcl: Setting watchdog for 200 seconds at Tue May 14 04:24:23 UTC 2019
15 ms. Memory: 331264K Free: 309859K (94%)
ptolemy.util.test.WatchDog.cancel(): canceling Tue May 14 04:24:23 UTC 2019
auto.tcl: Setting watchdog for 200 seconds at Tue May 14 04:24:23 UTC 2019
18 ms. Memory: 331264K Free: 306268K (92%)
ptolemy.util.test.WatchDog.cancel(): canceling Tue May 14 04:24:23 UTC 2019
------------------ testing $PTII/ptolemy/domains/de/test/auto/Modal7.xml
auto.tcl: Setting watchdog for 200 seconds at Tue May 14 04:24:23 UTC 2019
15 ms. Memory: 331264K Free: 306268K (92%)
ptolemy.util.test.WatchDog.cancel(): canceling Tue May 14 04:24:23 UTC 2019
auto.tcl: Setting watchdog for 200 seconds at Tue May 14 04:24:23 UTC 2019
10 ms. Memory: 331264K Free: 302677K (91%)
ptolemy.util.test.WatchDog.cancel(): canceling Tue May 14 04:24:23 UTC 2019
------------------ testing $PTII/ptolemy/domains/de/test/auto/ModalModel.xml
auto.tcl: Setting watchdog for 200 seconds at Tue May 14 04:24:23 UTC 2019
193 ms. Memory: 331264K Free: 247444K (75%)
ptolemy.util.test.WatchDog.cancel(): canceling Tue May 14 04:24:23 UTC 2019
auto.tcl: Setting watchdog for 200 seconds at Tue May 14 04:24:23 UTC 2019
176 ms. Memory: 331264K Free: 189981K (57%)
ptolemy.util.test.WatchDog.cancel(): canceling Tue May 14 04:24:24 UTC 2019
------------------ testing $PTII/ptolemy/domains/de/test/auto/ModalSource.xml
auto.tcl: Setting watchdog for 200 seconds at Tue May 14 04:24:24 UTC 2019
6 ms. Memory: 331264K Free: 316173K (95%)
ptolemy.util.test.WatchDog.cancel(): canceling Tue May 14 04:24:24 UTC 2019
auto.tcl: Setting watchdog for 200 seconds at Tue May 14 04:24:24 UTC 2019
6 ms. Memory: 331264K Free: 312886K (94%)
ptolemy.util.test.WatchDog.cancel(): canceling Tue May 14 04:24:24 UTC 2019
------------------ testing $PTII/ptolemy/domains/de/test/auto/NonInterruptibleTimerZeroDelay.xml
auto.tcl: Setting watchdog for 200 seconds at Tue May 14 04:24:24 UTC 2019
4 ms. Memory: 331264K Free: 320550K (97%)
ptolemy.util.test.WatchDog.cancel(): canceling Tue May 14 04:24:24 UTC 2019
auto.tcl: Setting watchdog for 200 seconds at Tue May 14 04:24:24 UTC 2019
2 ms. Memory: 331264K Free: 317264K (96%)
ptolemy.util.test.WatchDog.cancel(): canceling Tue May 14 04:24:24 UTC 2019
------------------ testing $PTII/ptolemy/domains/de/test/auto/OpenQueueingNetwork.xml
auto.tcl: Setting watchdog for 200 seconds at Tue May 14 04:24:24 UTC 2019
2983 ms. Memory: 317952K Free: 163008K (51%)
ptolemy.util.test.WatchDog.cancel(): canceling Tue May 14 04:24:27 UTC 2019
auto.tcl: Setting watchdog for 200 seconds at Tue May 14 04:24:27 UTC 2019
2203 ms. Memory: 552960K Free: 77184K (14%)
ptolemy.util.test.WatchDog.cancel(): canceling Tue May 14 04:24:29 UTC 2019
------------------ testing $PTII/ptolemy/domains/de/test/auto/OpenQueuingNetwork.xml
auto.tcl: Setting watchdog for 200 seconds at Tue May 14 04:24:29 UTC 2019
228 ms. Memory: 552448K Free: 449515K (81%)
ptolemy.util.test.WatchDog.cancel(): canceling Tue May 14 04:24:29 UTC 2019
auto.tcl: Setting watchdog for 200 seconds at Tue May 14 04:24:29 UTC 2019
212 ms. Memory: 552448K Free: 389692K (71%)
ptolemy.util.test.WatchDog.cancel(): canceling Tue May 14 04:24:30 UTC 2019
------------------ testing $PTII/ptolemy/domains/de/test/auto/PeriodicSampler.xml
auto.tcl: Setting watchdog for 200 seconds at Tue May 14 04:24:30 UTC 2019
2 ms. Memory: 551936K Free: 535666K (97%)
ptolemy.util.test.WatchDog.cancel(): canceling Tue May 14 04:24:30 UTC 2019
auto.tcl: Setting watchdog for 200 seconds at Tue May 14 04:24:30 UTC 2019
1 ms. Memory: 551936K Free: 535666K (97%)
ptolemy.util.test.WatchDog.cancel(): canceling Tue May 14 04:24:30 UTC 2019
------------------ testing $PTII/ptolemy/domains/de/test/auto/PersistentIO.xml
auto.tcl: Setting watchdog for 200 seconds at Tue May 14 04:24:30 UTC 2019
11 ms. Memory: 551424K Free: 525071K (95%)
ptolemy.util.test.WatchDog.cancel(): canceling Tue May 14 04:24:30 UTC 2019
auto.tcl: Setting watchdog for 200 seconds at Tue May 14 04:24:30 UTC 2019
4 ms. Memory: 551424K Free: 525071K (95%)
ptolemy.util.test.WatchDog.cancel(): canceling Tue May 14 04:24:30 UTC 2019
------------------ testing $PTII/ptolemy/domains/de/test/auto/PortParameterResetOnInitialize.xml
auto.tcl: Setting watchdog for 200 seconds at Tue May 14 04:24:30 UTC 2019
3 ms. Memory: 553472K Free: 532963K (96%)
ptolemy.util.test.WatchDog.cancel(): canceling Tue May 14 04:24:30 UTC 2019
auto.tcl: Setting watchdog for 200 seconds at Tue May 14 04:24:30 UTC 2019
2 ms. Memory: 553472K Free: 532963K (96%)
ptolemy.util.test.WatchDog.cancel(): canceling Tue May 14 04:24:30 UTC 2019
------------------ testing $PTII/ptolemy/domains/de/test/auto/PortParameterUpdates.xml
auto.tcl: Setting watchdog for 200 seconds at Tue May 14 04:24:30 UTC 2019
7 ms. Memory: 551424K Free: 530503K (96%)
ptolemy.util.test.WatchDog.cancel(): canceling Tue May 14 04:24:30 UTC 2019
auto.tcl: Setting watchdog for 200 seconds at Tue May 14 04:24:30 UTC 2019
3 ms. Memory: 551424K Free: 524520K (95%)
ptolemy.util.test.WatchDog.cancel(): canceling Tue May 14 04:24:30 UTC 2019
------------------ testing $PTII/ptolemy/domains/de/test/auto/QueueAndServer.xml
auto.tcl: Setting watchdog for 200 seconds at Tue May 14 04:24:30 UTC 2019
6 ms. Memory: 553472K Free: 526524K (95%)
ptolemy.util.test.WatchDog.cancel(): canceling Tue May 14 04:24:30 UTC 2019
auto.tcl: Setting watchdog for 200 seconds at Tue May 14 04:24:30 UTC 2019
6 ms. Memory: 553472K Free: 526524K (95%)
ptolemy.util.test.WatchDog.cancel(): canceling Tue May 14 04:24:30 UTC 2019
------------------ testing $PTII/ptolemy/domains/de/test/auto/Records.xml
auto.tcl: Setting watchdog for 200 seconds at Tue May 14 04:24:30 UTC 2019
4 ms. Memory: 551424K Free: 535109K (97%)
ptolemy.util.test.WatchDog.cancel(): canceling Tue May 14 04:24:30 UTC 2019
auto.tcl: Setting watchdog for 200 seconds at Tue May 14 04:24:30 UTC 2019
2 ms. Memory: 551424K Free: 535109K (97%)
ptolemy.util.test.WatchDog.cancel(): canceling Tue May 14 04:24:30 UTC 2019
------------------ testing $PTII/ptolemy/domains/de/test/auto/ResetTransitionWithStartTime1.xml
auto.tcl: Setting watchdog for 200 seconds at Tue May 14 04:24:30 UTC 2019
13 ms. Memory: 553472K Free: 531183K (96%)
ptolemy.util.test.WatchDog.cancel(): canceling Tue May 14 04:24:30 UTC 2019
auto.tcl: Setting watchdog for 200 seconds at Tue May 14 04:24:30 UTC 2019
4 ms. Memory: 553472K Free: 531183K (96%)
ptolemy.util.test.WatchDog.cancel(): canceling Tue May 14 04:24:30 UTC 2019
------------------ testing $PTII/ptolemy/domains/de/test/auto/ResetTransitionWithStartTime2.xml
auto.tcl: Setting watchdog for 200 seconds at Tue May 14 04:24:30 UTC 2019
8 ms. Memory: 551424K Free: 529126K (96%)
ptolemy.util.test.WatchDog.cancel(): canceling Tue May 14 04:24:30 UTC 2019
auto.tcl: Setting watchdog for 200 seconds at Tue May 14 04:24:30 UTC 2019
6 ms. Memory: 551424K Free: 529126K (96%)
ptolemy.util.test.WatchDog.cancel(): canceling Tue May 14 04:24:30 UTC 2019
------------------ testing $PTII/ptolemy/domains/de/test/auto/ResetTransitionWithStartTime3.xml
auto.tcl: Setting watchdog for 200 seconds at Tue May 14 04:24:30 UTC 2019
7 ms. Memory: 552960K Free: 530661K (96%)
ptolemy.util.test.WatchDog.cancel(): canceling Tue May 14 04:24:30 UTC 2019
auto.tcl: Setting watchdog for 200 seconds at Tue May 14 04:24:30 UTC 2019
7 ms. Memory: 552960K Free: 530661K (96%)
ptolemy.util.test.WatchDog.cancel(): canceling Tue May 14 04:24:30 UTC 2019
------------------ testing $PTII/ptolemy/domains/de/test/auto/ResetTransitionWithStartTime4.xml
auto.tcl: Setting watchdog for 200 seconds at Tue May 14 04:24:30 UTC 2019
4 ms. Memory: 551424K Free: 529132K (96%)
ptolemy.util.test.WatchDog.cancel(): canceling Tue May 14 04:24:30 UTC 2019
auto.tcl: Setting watchdog for 200 seconds at Tue May 14 04:24:30 UTC 2019
3 ms. Memory: 551424K Free: 529132K (96%)
ptolemy.util.test.WatchDog.cancel(): canceling Tue May 14 04:24:30 UTC 2019
------------------ testing $PTII/ptolemy/domains/de/test/auto/ResettableTimer1.xml
auto.tcl: Setting watchdog for 200 seconds at Tue May 14 04:24:31 UTC 2019
3 ms. Memory: 552960K Free: 536653K (97%)
ptolemy.util.test.WatchDog.cancel(): canceling Tue May 14 04:24:31 UTC 2019
auto.tcl: Setting watchdog for 200 seconds at Tue May 14 04:24:31 UTC 2019
2 ms. Memory: 552960K Free: 536653K (97%)
ptolemy.util.test.WatchDog.cancel(): canceling Tue May 14 04:24:31 UTC 2019
------------------ testing $PTII/ptolemy/domains/de/test/auto/ResettableTimer2.xml
auto.tcl: Setting watchdog for 200 seconds at Tue May 14 04:24:31 UTC 2019
3 ms. Memory: 551424K Free: 535721K (97%)
ptolemy.util.test.WatchDog.cancel(): canceling Tue May 14 04:24:31 UTC 2019
auto.tcl: Setting watchdog for 200 seconds at Tue May 14 04:24:31 UTC 2019
2 ms. Memory: 551424K Free: 535721K (97%)
ptolemy.util.test.WatchDog.cancel(): canceling Tue May 14 04:24:31 UTC 2019
------------------ testing $PTII/ptolemy/domains/de/test/auto/ResettableTimer3.xml
auto.tcl: Setting watchdog for 200 seconds at Tue May 14 04:24:31 UTC 2019
3 ms. Memory: 552960K Free: 536711K (97%)
ptolemy.util.test.WatchDog.cancel(): canceling Tue May 14 04:24:31 UTC 2019
auto.tcl: Setting watchdog for 200 seconds at Tue May 14 04:24:31 UTC 2019
1 ms. Memory: 552960K Free: 536711K (97%)
ptolemy.util.test.WatchDog.cancel(): canceling Tue May 14 04:24:31 UTC 2019
------------------ testing $PTII/ptolemy/domains/de/test/auto/ResettableTimer4.xml
auto.tcl: Setting watchdog for 200 seconds at Tue May 14 04:24:31 UTC 2019
1 ms. Memory: 551424K Free: 535734K (97%)
ptolemy.util.test.WatchDog.cancel(): canceling Tue May 14 04:24:31 UTC 2019
auto.tcl: Setting watchdog for 200 seconds at Tue May 14 04:24:31 UTC 2019
2 ms. Memory: 551424K Free: 535734K (97%)
ptolemy.util.test.WatchDog.cancel(): canceling Tue May 14 04:24:31 UTC 2019
------------------ testing $PTII/ptolemy/domains/de/test/auto/ResettableTimer5.xml
auto.tcl: Setting watchdog for 200 seconds at Tue May 14 04:24:31 UTC 2019
3 ms. Memory: 552448K Free: 532055K (96%)
ptolemy.util.test.WatchDog.cancel(): canceling Tue May 14 04:24:31 UTC 2019
auto.tcl: Setting watchdog for 200 seconds at Tue May 14 04:24:31 UTC 2019
2 ms. Memory: 552448K Free: 532055K (96%)
ptolemy.util.test.WatchDog.cancel(): canceling Tue May 14 04:24:31 UTC 2019
------------------ testing $PTII/ptolemy/domains/de/test/auto/ResettableTimer6.xml
auto.tcl: Setting watchdog for 200 seconds at Tue May 14 04:24:31 UTC 2019
1 ms. Memory: 551424K Free: 530435K (96%)
ptolemy.util.test.WatchDog.cancel(): canceling Tue May 14 04:24:31 UTC 2019
auto.tcl: Setting watchdog for 200 seconds at Tue May 14 04:24:31 UTC 2019
1 ms. Memory: 551424K Free: 530435K (96%)
ptolemy.util.test.WatchDog.cancel(): canceling Tue May 14 04:24:31 UTC 2019
------------------ testing $PTII/ptolemy/domains/de/test/auto/ServerZeroDelay.xml
auto.tcl: Setting watchdog for 200 seconds at Tue May 14 04:24:31 UTC 2019
4 ms. Memory: 552448K Free: 536695K (97%)
ptolemy.util.test.WatchDog.cancel(): canceling Tue May 14 04:24:31 UTC 2019
auto.tcl: Setting watchdog for 200 seconds at Tue May 14 04:24:31 UTC 2019
2 ms. Memory: 552448K Free: 536695K (97%)
ptolemy.util.test.WatchDog.cancel(): canceling Tue May 14 04:24:31 UTC 2019
------------------ testing $PTII/ptolemy/domains/de/test/auto/SmartSender.xml
auto.tcl: Setting watchdog for 200 seconds at Tue May 14 04:24:31 UTC 2019
3001 ms. Memory: 551424K Free: 521566K (95%)
ptolemy.util.test.WatchDog.cancel(): canceling Tue May 14 04:24:34 UTC 2019
auto.tcl: Setting watchdog for 200 seconds at Tue May 14 04:24:34 UTC 2019
3002 ms. Memory: 551424K Free: 521566K (95%)
ptolemy.util.test.WatchDog.cancel(): canceling Tue May 14 04:24:37 UTC 2019
------------------ testing $PTII/ptolemy/domains/de/test/auto/ThreadedComposite.xml
auto.tcl: Setting watchdog for 200 seconds at Tue May 14 04:24:37 UTC 2019
216 ms. Memory: 552448K Free: 516076K (93%)
ptolemy.util.test.WatchDog.cancel(): canceling Tue May 14 04:24:37 UTC 2019
auto.tcl: Setting watchdog for 200 seconds at Tue May 14 04:24:37 UTC 2019
204 ms. Memory: 552448K Free: 495986K (90%)
ptolemy.util.test.WatchDog.cancel(): canceling Tue May 14 04:24:37 UTC 2019
------------------ testing $PTII/ptolemy/domains/de/test/auto/Time.xml
auto.tcl: Setting watchdog for 200 seconds at Tue May 14 04:24:37 UTC 2019
510 ms. Memory: 551424K Free: 487845K (88%)
ptolemy.util.test.WatchDog.cancel(): canceling Tue May 14 04:24:38 UTC 2019
auto.tcl: Setting watchdog for 200 seconds at Tue May 14 04:24:38 UTC 2019
441 ms. Memory: 551424K Free: 434005K (79%)
ptolemy.util.test.WatchDog.cancel(): canceling Tue May 14 04:24:38 UTC 2019
------------------ testing $PTII/ptolemy/domains/de/test/auto/TimeDelayZeroDelay.xml
auto.tcl: Setting watchdog for 200 seconds at Tue May 14 04:24:39 UTC 2019
2 ms. Memory: 552448K Free: 536068K (97%)
ptolemy.util.test.WatchDog.cancel(): canceling Tue May 14 04:24:39 UTC 2019
auto.tcl: Setting watchdog for 200 seconds at Tue May 14 04:24:39 UTC 2019
2 ms. Memory: 552448K Free: 536068K (97%)
ptolemy.util.test.WatchDog.cancel(): canceling Tue May 14 04:24:39 UTC 2019
------------------ testing $PTII/ptolemy/domains/de/test/auto/TimerZeroDelay.xml
auto.tcl: Setting watchdog for 200 seconds at Tue May 14 04:24:39 UTC 2019
4 ms. Memory: 551424K Free: 535633K (97%)
ptolemy.util.test.WatchDog.cancel(): canceling Tue May 14 04:24:39 UTC 2019
auto.tcl: Setting watchdog for 200 seconds at Tue May 14 04:24:39 UTC 2019
2 ms. Memory: 551424K Free: 535633K (97%)
ptolemy.util.test.WatchDog.cancel(): canceling Tue May 14 04:24:39 UTC 2019
------------------ testing $PTII/ptolemy/domains/de/test/auto/TimingParadox.xml
auto.tcl: Setting watchdog for 200 seconds at Tue May 14 04:24:39 UTC 2019
334 ms. Memory: 551936K Free: 472739K (86%)
ptolemy.util.test.WatchDog.cancel(): canceling Tue May 14 04:24:39 UTC 2019
auto.tcl: Setting watchdog for 200 seconds at Tue May 14 04:24:39 UTC 2019
318 ms. Memory: 551936K Free: 436846K (79%)
ptolemy.util.test.WatchDog.cancel(): canceling Tue May 14 04:24:39 UTC 2019
------------------ testing $PTII/ptolemy/domains/de/test/auto/TransferInputs.xml
auto.tcl: Setting watchdog for 200 seconds at Tue May 14 04:24:39 UTC 2019
2 ms. Memory: 551936K Free: 535107K (97%)
ptolemy.util.test.WatchDog.cancel(): canceling Tue May 14 04:24:40 UTC 2019
auto.tcl: Setting watchdog for 200 seconds at Tue May 14 04:24:40 UTC 2019
1 ms. Memory: 551936K Free: 535107K (97%)
ptolemy.util.test.WatchDog.cancel(): canceling Tue May 14 04:24:40 UTC 2019
------------------ testing $PTII/ptolemy/domains/de/test/auto/TransferOutputs2.xml
auto.tcl: Setting watchdog for 200 seconds at Tue May 14 04:24:40 UTC 2019
4 ms. Memory: 551424K Free: 529714K (96%)
ptolemy.util.test.WatchDog.cancel(): canceling Tue May 14 04:24:40 UTC 2019
auto.tcl: Setting watchdog for 200 seconds at Tue May 14 04:24:40 UTC 2019
3 ms. Memory: 551424K Free: 529714K (96%)
ptolemy.util.test.WatchDog.cancel(): canceling Tue May 14 04:24:40 UTC 2019
------------------ testing $PTII/ptolemy/domains/de/test/auto/Trilateration.xml
auto.tcl: Setting watchdog for 200 seconds at Tue May 14 04:24:40 UTC 2019
12773 ms. Memory: 765952K Free: 259905K (34%)
ptolemy.util.test.WatchDog.cancel(): canceling Tue May 14 04:24:53 UTC 2019
auto.tcl: Setting watchdog for 200 seconds at Tue May 14 04:24:53 UTC 2019
10331 ms. Memory: 646144K Free: 104344K (16%)
ptolemy.util.test.WatchDog.cancel(): canceling Tue May 14 04:25:04 UTC 2019
------------------ testing $PTII/ptolemy/domains/de/test/auto/TwoSigmaDelta.xml
auto.tcl: Setting watchdog for 200 seconds at Tue May 14 04:25:04 UTC 2019
2772 ms. Memory: 649728K Free: 340795K (52%)
ptolemy.util.test.WatchDog.cancel(): canceling Tue May 14 04:25:07 UTC 2019
auto.tcl: Setting watchdog for 200 seconds at Tue May 14 04:25:07 UTC 2019
2128 ms. Memory: 649728K Free: 103856K (16%)
ptolemy.util.test.WatchDog.cancel(): canceling Tue May 14 04:25:09 UTC 2019
------------------ testing $PTII/ptolemy/domains/de/test/auto/VariableDelay.xml
auto.tcl: Setting watchdog for 200 seconds at Tue May 14 04:25:09 UTC 2019
6 ms. Memory: 646656K Free: 626802K (97%)
ptolemy.util.test.WatchDog.cancel(): canceling Tue May 14 04:25:09 UTC 2019
auto.tcl: Setting watchdog for 200 seconds at Tue May 14 04:25:09 UTC 2019
2 ms. Memory: 646656K Free: 626802K (97%)
ptolemy.util.test.WatchDog.cancel(): canceling Tue May 14 04:25:09 UTC 2019
------------------ testing $PTII/ptolemy/domains/de/test/auto/VariableDelay2.xml
auto.tcl: Setting watchdog for 200 seconds at Tue May 14 04:25:09 UTC 2019
2 ms. Memory: 646144K Free: 626780K (97%)
ptolemy.util.test.WatchDog.cancel(): canceling Tue May 14 04:25:09 UTC 2019
auto.tcl: Setting watchdog for 200 seconds at Tue May 14 04:25:09 UTC 2019
2 ms. Memory: 646144K Free: 626780K (97%)
ptolemy.util.test.WatchDog.cancel(): canceling Tue May 14 04:25:09 UTC 2019
------------------ testing $PTII/ptolemy/domains/de/test/auto/VariableDelayZeroDelay.xml
auto.tcl: Setting watchdog for 200 seconds at Tue May 14 04:25:09 UTC 2019
4 ms. Memory: 646144K Free: 621131K (96%)
ptolemy.util.test.WatchDog.cancel(): canceling Tue May 14 04:25:09 UTC 2019
auto.tcl: Setting watchdog for 200 seconds at Tue May 14 04:25:09 UTC 2019
2 ms. Memory: 646144K Free: 621131K (96%)
ptolemy.util.test.WatchDog.cancel(): canceling Tue May 14 04:25:09 UTC 2019
------------------ testing $PTII/ptolemy/domains/de/test/auto/VariableDelayZeroDelay2.xml
auto.tcl: Setting watchdog for 200 seconds at Tue May 14 04:25:09 UTC 2019
2 ms. Memory: 649216K Free: 624201K (96%)
ptolemy.util.test.WatchDog.cancel(): canceling Tue May 14 04:25:09 UTC 2019
auto.tcl: Setting watchdog for 200 seconds at Tue May 14 04:25:09 UTC 2019
2 ms. Memory: 649216K Free: 624201K (96%)
ptolemy.util.test.WatchDog.cancel(): canceling Tue May 14 04:25:09 UTC 2019
------------------ testing $PTII/ptolemy/domains/de/test/auto/deInCt.xml
auto.tcl: Setting watchdog for 200 seconds at Tue May 14 04:25:09 UTC 2019
0
1
1
1
0
0
1
1
1
0
0
0
1
1
1
1
1
1
0
0
0
1
1
1
1
0
0
0
0
0
0
9 ms. Memory: 646144K Free: 621126K (96%)
ptolemy.util.test.WatchDog.cancel(): canceling Tue May 14 04:25:09 UTC 2019
auto.tcl: Setting watchdog for 200 seconds at Tue May 14 04:25:09 UTC 2019
0
1
1
1
0
0
0
0
1
1
1
0
0
0
0
1
1
1
0
0
0
0
0
1
1
1
0
0
0
1
1
1
1
0
0
0
1
1
1
1
6 ms. Memory: 646144K Free: 621126K (96%)
ptolemy.util.test.WatchDog.cancel(): canceling Tue May 14 04:25:09 UTC 2019
------------------ testing $PTII/ptolemy/domains/de/test/auto/deInCt2.xml
auto.tcl: Setting watchdog for 200 seconds at Tue May 14 04:25:09 UTC 2019
0
1
1
1
0
0
1
1
1
0
0
1
1
1
0
0
1
1
1
0
0
1
1
1
0
0
1
1
1
0
0
1
1
1
0
0
1
1
1
0
0
0
15 ms. Memory: 648704K Free: 623609K (96%)
ptolemy.util.test.WatchDog.cancel(): canceling Tue May 14 04:25:09 UTC 2019
auto.tcl: Setting watchdog for 200 seconds at Tue May 14 04:25:09 UTC 2019
0
1
1
1
0
0
1
1
1
0
0
1
1
1
0
0
1
1
1
0
0
1
1
1
0
0
1
1
1
0
0
1
1
1
0
0
1
1
1
0
0
0
7 ms. Memory: 648704K Free: 623609K (96%)
ptolemy.util.test.WatchDog.cancel(): canceling Tue May 14 04:25:09 UTC 2019
------------------ testing $PTII/ptolemy/domains/de/test/auto/dynamicCausalityInterface1.xml
auto.tcl: Setting watchdog for 200 seconds at Tue May 14 04:25:09 UTC 2019
1 ms. Memory: 646144K Free: 612559K (95%)
ptolemy.util.test.WatchDog.cancel(): canceling Tue May 14 04:25:09 UTC 2019
auto.tcl: Setting watchdog for 200 seconds at Tue May 14 04:25:09 UTC 2019
1 ms. Memory: 646144K Free: 612559K (95%)
ptolemy.util.test.WatchDog.cancel(): canceling Tue May 14 04:25:09 UTC 2019
------------------ testing $PTII/ptolemy/domains/de/test/auto/fsm_de_test.xml
auto.tcl: Setting watchdog for 200 seconds at Tue May 14 04:25:09 UTC 2019
8 ms. Memory: 648192K Free: 623062K (96%)
ptolemy.util.test.WatchDog.cancel(): canceling Tue May 14 04:25:09 UTC 2019
auto.tcl: Setting watchdog for 200 seconds at Tue May 14 04:25:09 UTC 2019
5 ms. Memory: 648192K Free: 614502K (95%)
ptolemy.util.test.WatchDog.cancel(): canceling Tue May 14 04:25:09 UTC 2019
------------------ testing $PTII/ptolemy/domains/de/test/auto/functionDependencyReconstruction.xml
auto.tcl: Setting watchdog for 200 seconds at Tue May 14 04:25:09 UTC 2019
2 ms. Memory: 646144K Free: 612453K (95%)
ptolemy.util.test.WatchDog.cancel(): canceling Tue May 14 04:25:10 UTC 2019
auto.tcl: Setting watchdog for 200 seconds at Tue May 14 04:25:10 UTC 2019
2 ms. Memory: 646144K Free: 612453K (95%)
ptolemy.util.test.WatchDog.cancel(): canceling Tue May 14 04:25:10 UTC 2019
------------------ testing $PTII/ptolemy/domains/de/test/auto/multirate.xml
auto.tcl: Setting watchdog for 200 seconds at Tue May 14 04:25:10 UTC 2019
4 ms. Memory: 648192K Free: 622853K (96%)
ptolemy.util.test.WatchDog.cancel(): canceling Tue May 14 04:25:10 UTC 2019
auto.tcl: Setting watchdog for 200 seconds at Tue May 14 04:25:10 UTC 2019
2 ms. Memory: 648192K Free: 622853K (96%)
ptolemy.util.test.WatchDog.cancel(): canceling Tue May 14 04:25:10 UTC 2019
------------------ testing $PTII/ptolemy/domains/de/test/auto/multirate2.xml
auto.tcl: Setting watchdog for 200 seconds at Tue May 14 04:25:10 UTC 2019
3 ms. Memory: 646144K Free: 626715K (97%)
ptolemy.util.test.WatchDog.cancel(): canceling Tue May 14 04:25:10 UTC 2019
auto.tcl: Setting watchdog for 200 seconds at Tue May 14 04:25:10 UTC 2019
3 ms. Memory: 646144K Free: 626715K (97%)
ptolemy.util.test.WatchDog.cancel(): canceling Tue May 14 04:25:10 UTC 2019
------------------ testing $PTII/ptolemy/domains/de/test/auto/realtime.xml
auto.tcl: Setting watchdog for 200 seconds at Tue May 14 04:25:10 UTC 2019
10002 ms. Memory: 647680K Free: 622526K (96%)
ptolemy.util.test.WatchDog.cancel(): canceling Tue May 14 04:25:20 UTC 2019
auto.tcl: Setting watchdog for 200 seconds at Tue May 14 04:25:20 UTC 2019
10002 ms. Memory: 647680K Free: 622526K (96%)
ptolemy.util.test.WatchDog.cancel(): canceling Tue May 14 04:25:30 UTC 2019
------------------ testing $PTII/ptolemy/domains/de/test/auto/relationGroup.xml
auto.tcl: Setting watchdog for 200 seconds at Tue May 14 04:25:30 UTC 2019
1 ms. Memory: 646144K Free: 626739K (97%)
ptolemy.util.test.WatchDog.cancel(): canceling Tue May 14 04:25:30 UTC 2019
auto.tcl: Setting watchdog for 200 seconds at Tue May 14 04:25:30 UTC 2019
1 ms. Memory: 646144K Free: 626739K (97%)
ptolemy.util.test.WatchDog.cancel(): canceling Tue May 14 04:25:30 UTC 2019
------------------ testing $PTII/ptolemy/domains/de/test/auto/relationGroup2.xml
auto.tcl: Setting watchdog for 200 seconds at Tue May 14 04:25:30 UTC 2019
1 ms. Memory: 647680K Free: 622654K (96%)
ptolemy.util.test.WatchDog.cancel(): canceling Tue May 14 04:25:30 UTC 2019
auto.tcl: Setting watchdog for 200 seconds at Tue May 14 04:25:30 UTC 2019
1 ms. Memory: 647680K Free: 622654K (96%)
ptolemy.util.test.WatchDog.cancel(): canceling Tue May 14 04:25:30 UTC 2019
------------------ testing $PTII/ptolemy/domains/de/test/auto/sortWithOpaquePorts.xml
auto.tcl: Setting watchdog for 200 seconds at Tue May 14 04:25:30 UTC 2019
1 ms. Memory: 646144K Free: 621119K (96%)
ptolemy.util.test.WatchDog.cancel(): canceling Tue May 14 04:25:30 UTC 2019
auto.tcl: Setting watchdog for 200 seconds at Tue May 14 04:25:30 UTC 2019
1 ms. Memory: 646144K Free: 621119K (96%)
ptolemy.util.test.WatchDog.cancel(): canceling Tue May 14 04:25:30 UTC 2019
------------------ testing $PTII/ptolemy/domains/de/test/auto/transferInputsandOutputs.xml
auto.tcl: Setting watchdog for 200 seconds at Tue May 14 04:25:30 UTC 2019
5 ms. Memory: 647168K Free: 622129K (96%)
ptolemy.util.test.WatchDog.cancel(): canceling Tue May 14 04:25:30 UTC 2019
auto.tcl: Setting watchdog for 200 seconds at Tue May 14 04:25:30 UTC 2019
2 ms. Memory: 647168K Free: 622129K (96%)
ptolemy.util.test.WatchDog.cancel(): canceling Tue May 14 04:25:30 UTC 2019
------------------ testing $PTII/ptolemy/domains/de/test/auto/triggerType.xml
auto.tcl: Setting watchdog for 200 seconds at Tue May 14 04:25:30 UTC 2019
2 ms. Memory: 646144K Free: 621055K (96%)
ptolemy.util.test.WatchDog.cancel(): canceling Tue May 14 04:25:30 UTC 2019
auto.tcl: Setting watchdog for 200 seconds at Tue May 14 04:25:30 UTC 2019
1 ms. Memory: 646144K Free: 621055K (96%)
ptolemy.util.test.WatchDog.cancel(): canceling Tue May 14 04:25:30 UTC 2019
05/14/19 04:25:30
Failed: 0  Total Tests: 192  ((Passed: 187, Newly Passed: 1)  Known Failed: 5) /home/travis/build/icyphy/ptII/ptolemy/domains/de/test
05/14/19 04:25:30
Failed: 0  Total Tests: 192  ((Passed: 187, Newly Passed: 1)  Known Failed: 5) /home/travis/build/icyphy/ptII/ptolemy/domains/de/test
----------------- testing (KnownFailure) /home/travis/build/icyphy/ptII/ptolemy/domains/de/test/auto/knownFailedTests/DESDFClockTest.xml
2012 ms. Memory: 647168K Free: 610761K (94%)
Known Failure: java.lang.reflect.InvocationTargetException
----------------- testing (KnownFailure) /home/travis/build/icyphy/ptII/ptolemy/domains/de/test/auto/knownFailedTests/DirectFeedback.xml
1 ms. Memory: 647168K Free: 565582K (87%)
Known Failure: java.lang.reflect.InvocationTargetException
----------------- testing (KnownFailure) /home/travis/build/icyphy/ptII/ptolemy/domains/de/test/auto/knownFailedTests/FSMSource.xml
5 ms. Memory: 647168K Free: 520403K (80%)
----------------- testing (KnownFailure) /home/travis/build/icyphy/ptII/ptolemy/domains/de/test/auto/knownFailedTests/HierarchicalModel.xml
2 ms. Memory: 647168K Free: 486519K (75%)
Known Failure: java.lang.reflect.InvocationTargetException
----------------- testing (KnownFailure) /home/travis/build/icyphy/ptII/ptolemy/domains/de/test/auto/knownFailedTests/dependencyLoop.xml
2 ms. Memory: 647168K Free: 430045K (66%)
Known Failure: java.lang.reflect.InvocationTargetException
----------------- testing (KnownFailure) /home/travis/build/icyphy/ptII/ptolemy/domains/de/test/auto/knownFailedTests/dependencyLoop2.xml
1 ms. Memory: 647168K Free: 373555K (58%)
Known Failure: java.lang.reflect.InvocationTargetException
No auto/linux-amd64/*.xml tests in /home/travis/build/icyphy/ptII/ptolemy/domains/de/test
AutoTests.java: About to close Vertx.
AutoTests.java: Vertx closed.

===========================================================================================
----------------- testing Tue May 14 04:25:32 UTC 2019 /home/travis/build/icyphy/ptII/ptolemy/domains/de/test/auto/ActorDepthCalculation_actorWithoutPorts.xml
----------------- Instantiating /home/travis/build/icyphy/ptII/ptolemy/domains/de/test/auto/ActorDepthCalculation_actorWithoutPorts.xml
1 ms. Memory: 647168K Free: 317081K (49%)
----------------- Invoking toplevel() on ptolemy.moml.MoMLSimpleApplication@3cf52678
----------------- Done invoking toplevel() on ptolemy.moml.MoMLSimpleApplication@3cf52678
reloadAllAccessors: .ActorDepthCalculation_actorWithoutPorts

===========================================================================================
----------------- testing Tue May 14 04:25:32 UTC 2019 /home/travis/build/icyphy/ptII/ptolemy/domains/de/test/auto/AssemblyLine.xml
----------------- Instantiating /home/travis/build/icyphy/ptII/ptolemy/domains/de/test/auto/AssemblyLine.xml
1 ms. Memory: 647168K Free: 294491K (46%)
----------------- Invoking toplevel() on ptolemy.moml.MoMLSimpleApplication@3ad43b4f
----------------- Done invoking toplevel() on ptolemy.moml.MoMLSimpleApplication@3ad43b4f
reloadAllAccessors: .AssemblyLine

===========================================================================================
----------------- testing Tue May 14 04:25:32 UTC 2019 /home/travis/build/icyphy/ptII/ptolemy/domains/de/test/auto/CQBug1.xml
----------------- Instantiating /home/travis/build/icyphy/ptII/ptolemy/domains/de/test/auto/CQBug1.xml
0 ms. Memory: 647168K Free: 271902K (42%)
----------------- Invoking toplevel() on ptolemy.moml.MoMLSimpleApplication@7746685e
----------------- Done invoking toplevel() on ptolemy.moml.MoMLSimpleApplication@7746685e
reloadAllAccessors: .CQBug1

===========================================================================================
----------------- testing Tue May 14 04:25:32 UTC 2019 /home/travis/build/icyphy/ptII/ptolemy/domains/de/test/auto/CancelFireAt.xml
----------------- Instantiating /home/travis/build/icyphy/ptII/ptolemy/domains/de/test/auto/CancelFireAt.xml
1 ms. Memory: 647168K Free: 249312K (39%)
----------------- Invoking toplevel() on ptolemy.moml.MoMLSimpleApplication@3e8ff8ad
----------------- Done invoking toplevel() on ptolemy.moml.MoMLSimpleApplication@3e8ff8ad
reloadAllAccessors: .CancelFireAt

===========================================================================================
----------------- testing Tue May 14 04:25:32 UTC 2019 /home/travis/build/icyphy/ptII/ptolemy/domains/de/test/auto/CausalityAndComposabilityAnalysis.xml
----------------- Instantiating /home/travis/build/icyphy/ptII/ptolemy/domains/de/test/auto/CausalityAndComposabilityAnalysis.xml
2 ms. Memory: 647168K Free: 226723K (35%)
----------------- Invoking toplevel() on ptolemy.moml.MoMLSimpleApplication@2785fa9b
----------------- Done invoking toplevel() on ptolemy.moml.MoMLSimpleApplication@2785fa9b
reloadAllAccessors: .CausalityAndComposabilityAnalysis

===========================================================================================
----------------- testing Tue May 14 04:25:32 UTC 2019 /home/travis/build/icyphy/ptII/ptolemy/domains/de/test/auto/CausalityInterface1.xml
----------------- Instantiating /home/travis/build/icyphy/ptII/ptolemy/domains/de/test/auto/CausalityInterface1.xml
4 ms. Memory: 647168K Free: 204133K (32%)
----------------- Invoking toplevel() on ptolemy.moml.MoMLSimpleApplication@1d2ab72f
----------------- Done invoking toplevel() on ptolemy.moml.MoMLSimpleApplication@1d2ab72f
reloadAllAccessors: .CausalityInterface1

===========================================================================================
----------------- testing Tue May 14 04:25:32 UTC 2019 /home/travis/build/icyphy/ptII/ptolemy/domains/de/test/auto/CausalityInterface15.xml
----------------- Instantiating /home/travis/build/icyphy/ptII/ptolemy/domains/de/test/auto/CausalityInterface15.xml
1 ms. Memory: 647168K Free: 181544K (28%)
----------------- Invoking toplevel() on ptolemy.moml.MoMLSimpleApplication@4d1c8f0a
----------------- Done invoking toplevel() on ptolemy.moml.MoMLSimpleApplication@4d1c8f0a
reloadAllAccessors: .CausalityInterface15

[...]
java.lang.RuntimeException: Execution failed
	at ptolemy.moml.MoMLSimpleApplication$UnloadThread.run(MoMLSimpleApplication.java:402)
Caused by: ptolemy.kernel.util.IllegalActionException: Test fails in iteration 1.
Value was: 1.0. Should have been: 2.0
  in .DirectFeedback.Test
	at ptolemy.actor.lib.Test.fire(Test.java:268)
	at ptolemy.domains.de.kernel.DEDirector._fire(DEDirector.java:1949)
	at ptolemy.domains.de.kernel.DEDirector.fire(DEDirector.java:502)
	at ptolemy.actor.CompositeActor.fire(CompositeActor.java:455)
	at ptolemy.actor.Manager.iterate(Manager.java:851)
	at ptolemy.actor.Manager.execute(Manager.java:369)
	at ptolemy.actor.Manager.run(Manager.java:1263)
	at ptolemy.actor.Manager$PtolemyRunThread.run(Manager.java:1915)
java.lang.RuntimeException: Execution failed
	at ptolemy.moml.MoMLSimpleApplication$UnloadThread.run(MoMLSimpleApplication.java:402)
Caused by: ptolemy.kernel.util.IllegalActionException: Actor is not ready to fire.  Perhaps UpSample.prefire() returned false? Try debugging the actor by selecting "Listen to Actor".  Also, for SDF check moml for tokenConsumptionRate on input.
  in .DESDFClockTest.Play Bell.Copy1:SDF Director and .DESDFClockTest.Play Bell.UpSample
	at ptolemy.actor.sched.StaticSchedulingDirector.fire(StaticSchedulingDirector.java:227)
	at ptolemy.domains.sdf.kernel.SDFDirector.fire(SDFDirector.java:500)
	at ptolemy.actor.CompositeActor.fire(CompositeActor.java:455)
	at ptolemy.domains.de.kernel.DEDirector._fire(DEDirector.java:1949)
	at ptolemy.domains.de.kernel.DEDirector.fire(DEDirector.java:502)
	at ptolemy.actor.CompositeActor.fire(CompositeActor.java:455)
	at ptolemy.actor.Manager.iterate(Manager.java:851)
	at ptolemy.actor.Manager.execute(Manager.java:369)
	at ptolemy.actor.Manager.run(Manager.java:1263)
	at ptolemy.actor.Manager$PtolemyRunThread.run(Manager.java:1915)
java.lang.reflect.InvocationTargetException
	at sun.reflect.NativeConstructorAccessorImpl.newInstance0(Native Method)
	at sun.reflect.NativeConstructorAccessorImpl.newInstance(NativeConstructorAccessorImpl.java:62)
	at sun.reflect.DelegatingConstructorAccessorImpl.newInstance(DelegatingConstructorAccessorImpl.java:45)
	at java.lang.reflect.Constructor.newInstance(Constructor.java:423)
	at ptolemy.util.test.junit.AutoKnownFailedTests.RunModel(AutoKnownFailedTests.java:105)
	at sun.reflect.NativeMethodAccessorImpl.invoke0(Native Method)
	at sun.reflect.NativeMethodAccessorImpl.invoke(NativeMethodAccessorImpl.java:62)
	at sun.reflect.DelegatingMethodAccessorImpl.invoke(DelegatingMethodAccessorImpl.java:43)
	at java.lang.reflect.Method.invoke(Method.java:498)
	at org.junit.runners.model.FrameworkMethod$1.runReflectiveCall(FrameworkMethod.java:44)
	at org.junit.internal.runners.model.ReflectiveCallable.run(ReflectiveCallable.java:15)
	at org.junit.runners.model.FrameworkMethod.invokeExplosively(FrameworkMethod.java:41)
	at junitparams.internal.InvokeParameterisedMethod.evaluate(InvokeParameterisedMethod.java:102)
	at org.junit.internal.runners.statements.FailOnTimeout$1.run(FailOnTimeout.java:28)
Caused by: ptolemy.kernel.util.IllegalActionException: Actor is not ready to fire.  Perhaps UpSample.prefire() returned false? Try debugging the actor by selecting "Listen to Actor".  Also, for SDF check moml for tokenConsumptionRate on input.
  in .DESDFClockTest.Play Bell.Copy1:SDF Director and .DESDFClockTest.Play Bell.UpSample
	at ptolemy.actor.sched.StaticSchedulingDirector.fire(StaticSchedulingDirector.java:227)
	at ptolemy.domains.sdf.kernel.SDFDirector.fire(SDFDirector.java:500)
	at ptolemy.actor.CompositeActor.fire(CompositeActor.java:455)
	at ptolemy.domains.de.kernel.DEDirector._fire(DEDirector.java:1949)
	at ptolemy.domains.de.kernel.DEDirector.fire(DEDirector.java:502)
	at ptolemy.actor.CompositeActor.fire(CompositeActor.java:455)
	at ptolemy.actor.Manager.iterate(Manager.java:851)
	at ptolemy.actor.Manager.execute(Manager.java:369)
	at ptolemy.actor.Manager.run(Manager.java:1263)
	at ptolemy.actor.Manager$PtolemyRunThread.run(Manager.java:1915)
java.lang.RuntimeException: Execution failed
	at ptolemy.moml.MoMLSimpleApplication$UnloadThread.run(MoMLSimpleApplication.java:402)
Caused by: ptolemy.kernel.util.IllegalActionException: Test fails in iteration 1.
Value was: 1.0. Should have been: 2.0
  in .DirectFeedback.Test
	at ptolemy.actor.lib.Test.fire(Test.java:268)
	at ptolemy.domains.de.kernel.DEDirector._fire(DEDirector.java:1949)
	at ptolemy.domains.de.kernel.DEDirector.fire(DEDirector.java:502)
	at ptolemy.actor.CompositeActor.fire(CompositeActor.java:455)
	at ptolemy.actor.Manager.iterate(Manager.java:851)
	at ptolemy.actor.Manager.execute(Manager.java:369)
	at ptolemy.actor.Manager.run(Manager.java:1263)
	at ptolemy.actor.Manager$PtolemyRunThread.run(Manager.java:1915)
java.lang.reflect.InvocationTargetException
	at sun.reflect.NativeConstructorAccessorImpl.newInstance0(Native Method)
	at sun.reflect.NativeConstructorAccessorImpl.newInstance(NativeConstructorAccessorImpl.java:62)
	at sun.reflect.DelegatingConstructorAccessorImpl.newInstance(DelegatingConstructorAccessorImpl.java:45)
	at java.lang.reflect.Constructor.newInstance(Constructor.java:423)
	at ptolemy.util.test.junit.AutoKnownFailedTests.RunModel(AutoKnownFailedTests.java:105)
	at sun.reflect.NativeMethodAccessorImpl.invoke0(Native Method)
	at sun.reflect.NativeMethodAccessorImpl.invoke(NativeMethodAccessorImpl.java:62)
	at sun.reflect.DelegatingMethodAccessorImpl.invoke(DelegatingMethodAccessorImpl.java:43)
	at java.lang.reflect.Method.invoke(Method.java:498)
	at org.junit.runners.model.FrameworkMethod$1.runReflectiveCall(FrameworkMethod.java:44)
	at org.junit.internal.runners.model.ReflectiveCallable.run(ReflectiveCallable.java:15)
	at org.junit.runners.model.FrameworkMethod.invokeExplosively(FrameworkMethod.java:41)
	at junitparams.internal.InvokeParameterisedMethod.evaluate(InvokeParameterisedMethod.java:102)
	at org.junit.internal.runners.statements.FailOnTimeout$1.run(FailOnTimeout.java:28)
Caused by: ptolemy.kernel.util.IllegalActionException: Test fails in iteration 1.
Value was: 1.0. Should have been: 2.0
  in .DirectFeedback.Test
	at ptolemy.actor.lib.Test.fire(Test.java:268)
	at ptolemy.domains.de.kernel.DEDirector._fire(DEDirector.java:1949)
	at ptolemy.domains.de.kernel.DEDirector.fire(DEDirector.java:502)
	at ptolemy.actor.CompositeActor.fire(CompositeActor.java:455)
	at ptolemy.actor.Manager.iterate(Manager.java:851)
	at ptolemy.actor.Manager.execute(Manager.java:369)
	at ptolemy.actor.Manager.run(Manager.java:1263)
	at ptolemy.actor.Manager$PtolemyRunThread.run(Manager.java:1915)
java.lang.RuntimeException: Execution failed
	at ptolemy.moml.MoMLSimpleApplication$UnloadThread.run(MoMLSimpleApplication.java:402)
Caused by: ptolemy.kernel.util.IllegalActionException: Found a zero delay loop containing .HierarchicalModel.A
  in .HierarchicalModel and .HierarchicalModel.A
	at ptolemy.actor.util.CausalityInterfaceForComposites._computeOutputPortDepth(CausalityInterfaceForComposites.java:759)
	at ptolemy.actor.util.CausalityInterfaceForComposites._computeInputDepth(CausalityInterfaceForComposites.java:696)
	at ptolemy.actor.util.CausalityInterfaceForComposites._computeOutputPortDepth(CausalityInterfaceForComposites.java:765)
	at ptolemy.actor.util.CausalityInterfaceForComposites._computeInputDepth(CausalityInterfaceForComposites.java:696)
	at ptolemy.actor.util.CausalityInterfaceForComposites._computeOutputPortDepth(CausalityInterfaceForComposites.java:765)
	at ptolemy.actor.util.CausalityInterfaceForComposites._computeInputDepth(CausalityInterfaceForComposites.java:696)
	at ptolemy.actor.util.CausalityInterfaceForComposites._computeActorDepth(CausalityInterfaceForComposites.java:532)
	at ptolemy.actor.util.CausalityInterfaceForComposites.checkForCycles(CausalityInterfaceForComposites.java:96)
	at ptolemy.domains.de.kernel.DEDirector.preinitialize(DEDirector.java:1338)
	at ptolemy.actor.CompositeActor.preinitialize(CompositeActor.java:1828)
	at ptolemy.actor.Manager.preinitializeAndResolveTypes(Manager.java:1040)
	at ptolemy.actor.Manager.initialize(Manager.java:710)
	at ptolemy.actor.Manager.execute(Manager.java:356)
	at ptolemy.actor.Manager.run(Manager.java:1263)
	at ptolemy.actor.Manager$PtolemyRunThread.run(Manager.java:1915)
java.lang.reflect.InvocationTargetException
	at sun.reflect.NativeConstructorAccessorImpl.newInstance0(Native Method)
	at sun.reflect.NativeConstructorAccessorImpl.newInstance(NativeConstructorAccessorImpl.java:62)
	at sun.reflect.DelegatingConstructorAccessorImpl.newInstance(DelegatingConstructorAccessorImpl.java:45)
	at java.lang.reflect.Constructor.newInstance(Constructor.java:423)
	at ptolemy.util.test.junit.AutoKnownFailedTests.RunModel(AutoKnownFailedTests.java:105)
	at sun.reflect.NativeMethodAccessorImpl.invoke0(Native Method)
	at sun.reflect.NativeMethodAccessorImpl.invoke(NativeMethodAccessorImpl.java:62)
	at sun.reflect.DelegatingMethodAccessorImpl.invoke(DelegatingMethodAccessorImpl.java:43)
	at java.lang.reflect.Method.invoke(Method.java:498)
	at org.junit.runners.model.FrameworkMethod$1.runReflectiveCall(FrameworkMethod.java:44)
	at org.junit.internal.runners.model.ReflectiveCallable.run(ReflectiveCallable.java:15)
	at org.junit.runners.model.FrameworkMethod.invokeExplosively(FrameworkMethod.java:41)
	at junitparams.internal.InvokeParameterisedMethod.evaluate(InvokeParameterisedMethod.java:102)
	at org.junit.internal.runners.statements.FailOnTimeout$1.run(FailOnTimeout.java:28)
Caused by: ptolemy.kernel.util.IllegalActionException: Found a zero delay loop containing .HierarchicalModel.A
  in .HierarchicalModel and .HierarchicalModel.A
	at ptolemy.actor.util.CausalityInterfaceForComposites._computeOutputPortDepth(CausalityInterfaceForComposites.java:759)
	at ptolemy.actor.util.CausalityInterfaceForComposites._computeInputDepth(CausalityInterfaceForComposites.java:696)
	at ptolemy.actor.util.CausalityInterfaceForComposites._computeOutputPortDepth(CausalityInterfaceForComposites.java:765)
	at ptolemy.actor.util.CausalityInterfaceForComposites._computeInputDepth(CausalityInterfaceForComposites.java:696)
	at ptolemy.actor.util.CausalityInterfaceForComposites._computeOutputPortDepth(CausalityInterfaceForComposites.java:765)
	at ptolemy.actor.util.CausalityInterfaceForComposites._computeInputDepth(CausalityInterfaceForComposites.java:696)
	at ptolemy.actor.util.CausalityInterfaceForComposites._computeActorDepth(CausalityInterfaceForComposites.java:532)
	at ptolemy.actor.util.CausalityInterfaceForComposites.checkForCycles(CausalityInterfaceForComposites.java:96)
	at ptolemy.domains.de.kernel.DEDirector.preinitialize(DEDirector.java:1338)
	at ptolemy.actor.CompositeActor.preinitialize(CompositeActor.java:1828)
	at ptolemy.actor.Manager.preinitializeAndResolveTypes(Manager.java:1040)
	at ptolemy.actor.Manager.initialize(Manager.java:710)
	at ptolemy.actor.Manager.execute(Manager.java:356)
	at ptolemy.actor.Manager.run(Manager.java:1263)
	at ptolemy.actor.Manager$PtolemyRunThread.run(Manager.java:1915)
java.lang.RuntimeException: Execution failed
	at ptolemy.moml.MoMLSimpleApplication$UnloadThread.run(MoMLSimpleApplication.java:402)
Caused by: ptolemy.kernel.util.IllegalActionException: Found a zero delay loop containing .dependencyLoop.original
  in .dependencyLoop and .dependencyLoop.original
	at ptolemy.actor.util.CausalityInterfaceForComposites._computeOutputPortDepth(CausalityInterfaceForComposites.java:759)
	at ptolemy.actor.util.CausalityInterfaceForComposites._computeInputDepth(CausalityInterfaceForComposites.java:696)
	at ptolemy.actor.util.CausalityInterfaceForComposites._computeOutputPortDepth(CausalityInterfaceForComposites.java:765)
	at ptolemy.actor.util.CausalityInterfaceForComposites._computeInputDepth(CausalityInterfaceForComposites.java:696)
	at ptolemy.actor.util.CausalityInterfaceForComposites._computeOutputPortDepth(CausalityInterfaceForComposites.java:765)
	at ptolemy.actor.util.CausalityInterfaceForComposites._computeInputDepth(CausalityInterfaceForComposites.java:696)
	at ptolemy.actor.util.CausalityInterfaceForComposites._computeActorDepth(CausalityInterfaceForComposites.java:532)
	at ptolemy.actor.util.CausalityInterfaceForComposites.checkForCycles(CausalityInterfaceForComposites.java:96)
	at ptolemy.domains.de.kernel.DEDirector.preinitialize(DEDirector.java:1338)
	at ptolemy.actor.CompositeActor.preinitialize(CompositeActor.java:1828)
	at ptolemy.actor.Manager.preinitializeAndResolveTypes(Manager.java:1040)
	at ptolemy.actor.Manager.initialize(Manager.java:710)
	at ptolemy.actor.Manager.execute(Manager.java:356)
	at ptolemy.actor.Manager.run(Manager.java:1263)
	at ptolemy.actor.Manager$PtolemyRunThread.run(Manager.java:1915)
java.lang.reflect.InvocationTargetException
	at sun.reflect.NativeConstructorAccessorImpl.newInstance0(Native Method)
	at sun.reflect.NativeConstructorAccessorImpl.newInstance(NativeConstructorAccessorImpl.java:62)
	at sun.reflect.DelegatingConstructorAccessorImpl.newInstance(DelegatingConstructorAccessorImpl.java:45)
	at java.lang.reflect.Constructor.newInstance(Constructor.java:423)
	at ptolemy.util.test.junit.AutoKnownFailedTests.RunModel(AutoKnownFailedTests.java:105)
	at sun.reflect.NativeMethodAccessorImpl.invoke0(Native Method)
	at sun.reflect.NativeMethodAccessorImpl.invoke(NativeMethodAccessorImpl.java:62)
	at sun.reflect.DelegatingMethodAccessorImpl.invoke(DelegatingMethodAccessorImpl.java:43)
	at java.lang.reflect.Method.invoke(Method.java:498)
	at org.junit.runners.model.FrameworkMethod$1.runReflectiveCall(FrameworkMethod.java:44)
	at org.junit.internal.runners.model.ReflectiveCallable.run(ReflectiveCallable.java:15)
	at org.junit.runners.model.FrameworkMethod.invokeExplosively(FrameworkMethod.java:41)
	at junitparams.internal.InvokeParameterisedMethod.evaluate(InvokeParameterisedMethod.java:102)
	at org.junit.internal.runners.statements.FailOnTimeout$1.run(FailOnTimeout.java:28)
Caused by: ptolemy.kernel.util.IllegalActionException: Found a zero delay loop containing .dependencyLoop.original
  in .dependencyLoop and .dependencyLoop.original
	at ptolemy.actor.util.CausalityInterfaceForComposites._computeOutputPortDepth(CausalityInterfaceForComposites.java:759)
	at ptolemy.actor.util.CausalityInterfaceForComposites._computeInputDepth(CausalityInterfaceForComposites.java:696)
	at ptolemy.actor.util.CausalityInterfaceForComposites._computeOutputPortDepth(CausalityInterfaceForComposites.java:765)
	at ptolemy.actor.util.CausalityInterfaceForComposites._computeInputDepth(CausalityInterfaceForComposites.java:696)
	at ptolemy.actor.util.CausalityInterfaceForComposites._computeOutputPortDepth(CausalityInterfaceForComposites.java:765)
	at ptolemy.actor.util.CausalityInterfaceForComposites._computeInputDepth(CausalityInterfaceForComposites.java:696)
	at ptolemy.actor.util.CausalityInterfaceForComposites._computeActorDepth(CausalityInterfaceForComposites.java:532)
	at ptolemy.actor.util.CausalityInterfaceForComposites.checkForCycles(CausalityInterfaceForComposites.java:96)
	at ptolemy.domains.de.kernel.DEDirector.preinitialize(DEDirector.java:1338)
	at ptolemy.actor.CompositeActor.preinitialize(CompositeActor.java:1828)
	at ptolemy.actor.Manager.preinitializeAndResolveTypes(Manager.java:1040)
	at ptolemy.actor.Manager.initialize(Manager.java:710)
	at ptolemy.actor.Manager.execute(Manager.java:356)
	at ptolemy.actor.Manager.run(Manager.java:1263)
	at ptolemy.actor.Manager$PtolemyRunThread.run(Manager.java:1915)
java.lang.RuntimeException: Execution failed
	at ptolemy.moml.MoMLSimpleApplication$UnloadThread.run(MoMLSimpleApplication.java:402)
Caused by: ptolemy.kernel.util.IllegalActionException: Found a zero delay loop containing .dependencyLoop2.original
  in .dependencyLoop2 and .dependencyLoop2.original
	at ptolemy.actor.util.CausalityInterfaceForComposites._computeOutputPortDepth(CausalityInterfaceForComposites.java:759)
	at ptolemy.actor.util.CausalityInterfaceForComposites._computeInputDepth(CausalityInterfaceForComposites.java:696)
	at ptolemy.actor.util.CausalityInterfaceForComposites._computeOutputPortDepth(CausalityInterfaceForComposites.java:765)
	at ptolemy.actor.util.CausalityInterfaceForComposites._computeInputDepth(CausalityInterfaceForComposites.java:696)
	at ptolemy.actor.util.CausalityInterfaceForComposites._computeOutputPortDepth(CausalityInterfaceForComposites.java:765)
	at ptolemy.actor.util.CausalityInterfaceForComposites._computeInputDepth(CausalityInterfaceForComposites.java:696)
	at ptolemy.actor.util.CausalityInterfaceForComposites._computeActorDepth(CausalityInterfaceForComposites.java:532)
	at ptolemy.actor.util.CausalityInterfaceForComposites.checkForCycles(CausalityInterfaceForComposites.java:96)
	at ptolemy.domains.de.kernel.DEDirector.preinitialize(DEDirector.java:1338)
	at ptolemy.actor.CompositeActor.preinitialize(CompositeActor.java:1828)
	at ptolemy.actor.Manager.preinitializeAndResolveTypes(Manager.java:1040)
	at ptolemy.actor.Manager.initialize(Manager.java:710)
	at ptolemy.actor.Manager.execute(Manager.java:356)
	at ptolemy.actor.Manager.run(Manager.java:1263)
	at ptolemy.actor.Manager$PtolemyRunThread.run(Manager.java:1915)
java.lang.reflect.InvocationTargetException
	at sun.reflect.NativeConstructorAccessorImpl.newInstance0(Native Method)
	at sun.reflect.NativeConstructorAccessorImpl.newInstance(NativeConstructorAccessorImpl.java:62)
	at sun.reflect.DelegatingConstructorAccessorImpl.newInstance(DelegatingConstructorAccessorImpl.java:45)
	at java.lang.reflect.Constructor.newInstance(Constructor.java:423)
	at ptolemy.util.test.junit.AutoKnownFailedTests.RunModel(AutoKnownFailedTests.java:105)
	at sun.reflect.NativeMethodAccessorImpl.invoke0(Native Method)
	at sun.reflect.NativeMethodAccessorImpl.invoke(NativeMethodAccessorImpl.java:62)
	at sun.reflect.DelegatingMethodAccessorImpl.invoke(DelegatingMethodAccessorImpl.java:43)
	at java.lang.reflect.Method.invoke(Method.java:498)
	at org.junit.runners.model.FrameworkMethod$1.runReflectiveCall(FrameworkMethod.java:44)
	at org.junit.internal.runners.model.ReflectiveCallable.run(ReflectiveCallable.java:15)
	at org.junit.runners.model.FrameworkMethod.invokeExplosively(FrameworkMethod.java:41)
	at junitparams.internal.InvokeParameterisedMethod.evaluate(InvokeParameterisedMethod.java:102)
	at org.junit.internal.runners.statements.FailOnTimeout$1.run(FailOnTimeout.java:28)
Caused by: ptolemy.kernel.util.IllegalActionException: Found a zero delay loop containing .dependencyLoop2.original
  in .dependencyLoop2 and .dependencyLoop2.original
	at ptolemy.actor.util.CausalityInterfaceForComposites._computeOutputPortDepth(CausalityInterfaceForComposites.java:759)
	at ptolemy.actor.util.CausalityInterfaceForComposites._computeInputDepth(CausalityInterfaceForComposites.java:696)
	at ptolemy.actor.util.CausalityInterfaceForComposites._computeOutputPortDepth(CausalityInterfaceForComposites.java:765)
	at ptolemy.actor.util.CausalityInterfaceForComposites._computeInputDepth(CausalityInterfaceForComposites.java:696)
	at ptolemy.actor.util.CausalityInterfaceForComposites._computeOutputPortDepth(CausalityInterfaceForComposites.java:765)
	at ptolemy.actor.util.CausalityInterfaceForComposites._computeInputDepth(CausalityInterfaceForComposites.java:696)
	at ptolemy.actor.util.CausalityInterfaceForComposites._computeActorDepth(CausalityInterfaceForComposites.java:532)
	at ptolemy.actor.util.CausalityInterfaceForComposites.checkForCycles(CausalityInterfaceForComposites.java:96)
	at ptolemy.domains.de.kernel.DEDirector.preinitialize(DEDirector.java:1338)
	at ptolemy.actor.CompositeActor.preinitialize(CompositeActor.java:1828)
	at ptolemy.actor.Manager.preinitializeAndResolveTypes(Manager.java:1040)
	at ptolemy.actor.Manager.initialize(Manager.java:710)
	at ptolemy.actor.Manager.execute(Manager.java:356)
	at ptolemy.actor.Manager.run(Manager.java:1263)
	at ptolemy.actor.Manager$PtolemyRunThread.run(Manager.java:1915)
]]></system-err>
</testsuite>
