<?xml version="1.0" encoding="UTF-8" ?>
<testsuite errors="0" failures="0" hostname="travis-job-77cf4237-e4e4-473c-8f1c-c5808ee8eaaa" name="ptolemy.actor.lib.hoc.test.junit.JUnitTclTest" skipped="0" tests="58" time="31.486" timestamp="2020-02-05T14:39:44">
  <properties>
[...]
</properties>
  <testcase classname="ptolemy.util.test.junit.TclTests" name="[0] /home/travis/build/icyphy/ptII/ptolemy/actor/lib/hoc/test/IterateOverArray.tcl (RunTclFile)" time="0.334" />
  <testcase classname="ptolemy.util.test.junit.AutoKnownFailedTests" name="[0] /home/travis/build/icyphy/ptII/ptolemy/actor/lib/hoc/test/auto/knownFailedTests/PreinitializeMustBeInvokedRunComposite.xml (RunModel)" time="0.417" />
  <testcase classname="ptolemy.util.test.junit.AutoNameArchTests" name="[0] ThereAreNoAutoArchTests (RunModel)" time="0.007" />
  <testcase classname="ptolemy.util.test.junit.AutoTests" name="[0] /home/travis/build/icyphy/ptII/ptolemy/actor/lib/hoc/test/auto/AllToAllMultiInstanceComposite.xml (RunModel)" time="0.359" />
  <testcase classname="ptolemy.util.test.junit.AutoTests" name="[1] /home/travis/build/icyphy/ptII/ptolemy/actor/lib/hoc/test/auto/ApplyFFTTest.xml (RunModel)" time="0.399" />
  <testcase classname="ptolemy.util.test.junit.AutoTests" name="[2] /home/travis/build/icyphy/ptII/ptolemy/actor/lib/hoc/test/auto/ApplyFunction.xml (RunModel)" time="0.066" />
  <testcase classname="ptolemy.util.test.junit.AutoTests" name="[3] /home/travis/build/icyphy/ptII/ptolemy/actor/lib/hoc/test/auto/BackgroundExecution.xml (RunModel)" time="0.76" />
  <testcase classname="ptolemy.util.test.junit.AutoTests" name="[4] /home/travis/build/icyphy/ptII/ptolemy/actor/lib/hoc/test/auto/Case.xml (RunModel)" time="0.086" />
  <testcase classname="ptolemy.util.test.junit.AutoTests" name="[5] /home/travis/build/icyphy/ptII/ptolemy/actor/lib/hoc/test/auto/Case1.xml (RunModel)" time="0.03" />
  <testcase classname="ptolemy.util.test.junit.AutoTests" name="[6] /home/travis/build/icyphy/ptII/ptolemy/actor/lib/hoc/test/auto/Case2.xml (RunModel)" time="0.103" />
  <testcase classname="ptolemy.util.test.junit.AutoTests" name="[7] /home/travis/build/icyphy/ptII/ptolemy/actor/lib/hoc/test/auto/Case3.xml (RunModel)" time="0.052" />
  <testcase classname="ptolemy.util.test.junit.AutoTests" name="[8] /home/travis/build/icyphy/ptII/ptolemy/actor/lib/hoc/test/auto/Case4.xml (RunModel)" time="0.071" />
  <testcase classname="ptolemy.util.test.junit.AutoTests" name="[9] /home/travis/build/icyphy/ptII/ptolemy/actor/lib/hoc/test/auto/Case5.xml (RunModel)" time="0.086" />
  <testcase classname="ptolemy.util.test.junit.AutoTests" name="[10] /home/travis/build/icyphy/ptII/ptolemy/actor/lib/hoc/test/auto/Case6.xml (RunModel)" time="0.113" />
  <testcase classname="ptolemy.util.test.junit.AutoTests" name="[11] /home/travis/build/icyphy/ptII/ptolemy/actor/lib/hoc/test/auto/CaseString2.xml (RunModel)" time="0.04" />
  <testcase classname="ptolemy.util.test.junit.AutoTests" name="[12] /home/travis/build/icyphy/ptII/ptolemy/actor/lib/hoc/test/auto/CatchUpComposite1.xml (RunModel)" time="0.068" />
  <testcase classname="ptolemy.util.test.junit.AutoTests" name="[13] /home/travis/build/icyphy/ptII/ptolemy/actor/lib/hoc/test/auto/CatchUpComposite2.xml (RunModel)" time="0.061" />
  <testcase classname="ptolemy.util.test.junit.AutoTests" name="[14] /home/travis/build/icyphy/ptII/ptolemy/actor/lib/hoc/test/auto/CatchUpComposite3.xml (RunModel)" time="0.064" />
  <testcase classname="ptolemy.util.test.junit.AutoTests" name="[15] /home/travis/build/icyphy/ptII/ptolemy/actor/lib/hoc/test/auto/CatchUpComposite4.xml (RunModel)" time="0.061" />
  <testcase classname="ptolemy.util.test.junit.AutoTests" name="[16] /home/travis/build/icyphy/ptII/ptolemy/actor/lib/hoc/test/auto/CatchUpComposite5.xml (RunModel)" time="0.039" />
  <testcase classname="ptolemy.util.test.junit.AutoTests" name="[17] /home/travis/build/icyphy/ptII/ptolemy/actor/lib/hoc/test/auto/CatchUpComposite6.xml (RunModel)" time="0.148" />
  <testcase classname="ptolemy.util.test.junit.AutoTests" name="[18] /home/travis/build/icyphy/ptII/ptolemy/actor/lib/hoc/test/auto/CatchUpComposite7.xml (RunModel)" time="0.072" />
  <testcase classname="ptolemy.util.test.junit.AutoTests" name="[19] /home/travis/build/icyphy/ptII/ptolemy/actor/lib/hoc/test/auto/ConcurrentExecutionTimeSDF.xml (RunModel)" time="1.442" />
  <testcase classname="ptolemy.util.test.junit.AutoTests" name="[20] /home/travis/build/icyphy/ptII/ptolemy/actor/lib/hoc/test/auto/ConcurrentSleep.xml (RunModel)" time="0.763" />
  <testcase classname="ptolemy.util.test.junit.AutoTests" name="[21] /home/travis/build/icyphy/ptII/ptolemy/actor/lib/hoc/test/auto/DEInPNInRunCompositeActor.xml (RunModel)" time="0.029" />
  <testcase classname="ptolemy.util.test.junit.AutoTests" name="[22] /home/travis/build/icyphy/ptII/ptolemy/actor/lib/hoc/test/auto/DFTSubSetTest.xml (RunModel)" time="0.284" />
  <testcase classname="ptolemy.util.test.junit.AutoTests" name="[23] /home/travis/build/icyphy/ptII/ptolemy/actor/lib/hoc/test/auto/HocDE.xml (RunModel)" time="0.184" />
  <testcase classname="ptolemy.util.test.junit.AutoTests" name="[24] /home/travis/build/icyphy/ptII/ptolemy/actor/lib/hoc/test/auto/IterateOverArray.xml (RunModel)" time="0.026" />
  <testcase classname="ptolemy.util.test.junit.AutoTests" name="[25] /home/travis/build/icyphy/ptII/ptolemy/actor/lib/hoc/test/auto/IterateOverArray10.xml (RunModel)" time="0.029" />
  <testcase classname="ptolemy.util.test.junit.AutoTests" name="[26] /home/travis/build/icyphy/ptII/ptolemy/actor/lib/hoc/test/auto/IterateOverArray11.xml (RunModel)" time="0.023" />
  <testcase classname="ptolemy.util.test.junit.AutoTests" name="[27] /home/travis/build/icyphy/ptII/ptolemy/actor/lib/hoc/test/auto/IterateOverArray12.xml (RunModel)" time="0.041" />
  <testcase classname="ptolemy.util.test.junit.AutoTests" name="[28] /home/travis/build/icyphy/ptII/ptolemy/actor/lib/hoc/test/auto/IterateOverArray13.xml (RunModel)" time="0.14" />
  <testcase classname="ptolemy.util.test.junit.AutoTests" name="[29] /home/travis/build/icyphy/ptII/ptolemy/actor/lib/hoc/test/auto/IterateOverArray14.xml (RunModel)" time="0.131" />
  <testcase classname="ptolemy.util.test.junit.AutoTests" name="[30] /home/travis/build/icyphy/ptII/ptolemy/actor/lib/hoc/test/auto/IterateOverArray2.xml (RunModel)" time="0.031" />
  <testcase classname="ptolemy.util.test.junit.AutoTests" name="[31] /home/travis/build/icyphy/ptII/ptolemy/actor/lib/hoc/test/auto/IterateOverArray3.xml (RunModel)" time="0.039" />
  <testcase classname="ptolemy.util.test.junit.AutoTests" name="[32] /home/travis/build/icyphy/ptII/ptolemy/actor/lib/hoc/test/auto/IterateOverArray4.xml (RunModel)" time="0.018" />
  <testcase classname="ptolemy.util.test.junit.AutoTests" name="[33] /home/travis/build/icyphy/ptII/ptolemy/actor/lib/hoc/test/auto/IterateOverArray5.xml (RunModel)" time="0.017" />
  <testcase classname="ptolemy.util.test.junit.AutoTests" name="[34] /home/travis/build/icyphy/ptII/ptolemy/actor/lib/hoc/test/auto/IterateOverArray6.xml (RunModel)" time="0.013" />
  <testcase classname="ptolemy.util.test.junit.AutoTests" name="[35] /home/travis/build/icyphy/ptII/ptolemy/actor/lib/hoc/test/auto/IterateOverArray7.xml (RunModel)" time="0.017" />
  <testcase classname="ptolemy.util.test.junit.AutoTests" name="[36] /home/travis/build/icyphy/ptII/ptolemy/actor/lib/hoc/test/auto/IterateOverArray8.xml (RunModel)" time="0.022" />
  <testcase classname="ptolemy.util.test.junit.AutoTests" name="[37] /home/travis/build/icyphy/ptII/ptolemy/actor/lib/hoc/test/auto/IterateOverArray9.xml (RunModel)" time="0.025" />
  <testcase classname="ptolemy.util.test.junit.AutoTests" name="[38] /home/travis/build/icyphy/ptII/ptolemy/actor/lib/hoc/test/auto/IterateOverArrayCoercedOutputType.xml (RunModel)" time="0.036" />
  <testcase classname="ptolemy.util.test.junit.AutoTests" name="[39] /home/travis/build/icyphy/ptII/ptolemy/actor/lib/hoc/test/auto/IterateOverArrayInferredOutputType.xml (RunModel)" time="0.024" />
  <testcase classname="ptolemy.util.test.junit.AutoTests" name="[40] /home/travis/build/icyphy/ptII/ptolemy/actor/lib/hoc/test/auto/MobileFunctionTest.xml (RunModel)" time="0.027" />
  <testcase classname="ptolemy.util.test.junit.AutoTests" name="[41] /home/travis/build/icyphy/ptII/ptolemy/actor/lib/hoc/test/auto/MobileModelTest.xml (RunModel)" time="0.161" />
  <testcase classname="ptolemy.util.test.junit.AutoTests" name="[42] /home/travis/build/icyphy/ptII/ptolemy/actor/lib/hoc/test/auto/ModelReference.xml (RunModel)" time="0.077" />
  <testcase classname="ptolemy.util.test.junit.AutoTests" name="[43] /home/travis/build/icyphy/ptII/ptolemy/actor/lib/hoc/test/auto/ModelReference3.xml (RunModel)" time="0.039" />
  <testcase classname="ptolemy.util.test.junit.AutoTests" name="[44] /home/travis/build/icyphy/ptII/ptolemy/actor/lib/hoc/test/auto/ModelReference4.xml (RunModel)" time="10.026" />
  <testcase classname="ptolemy.util.test.junit.AutoTests" name="[45] /home/travis/build/icyphy/ptII/ptolemy/actor/lib/hoc/test/auto/MultiInstanceComposite.xml (RunModel)" time="0.057" />
  <testcase classname="ptolemy.util.test.junit.AutoTests" name="[46] /home/travis/build/icyphy/ptII/ptolemy/actor/lib/hoc/test/auto/MultiInstanceComposite2.xml (RunModel)" time="0.04" />
  <testcase classname="ptolemy.util.test.junit.AutoTests" name="[47] /home/travis/build/icyphy/ptII/ptolemy/actor/lib/hoc/test/auto/MulticoreExecution.xml (RunModel)" time="1.072" />
  <testcase classname="ptolemy.util.test.junit.AutoTests" name="[48] /home/travis/build/icyphy/ptII/ptolemy/actor/lib/hoc/test/auto/ParallelExecution.xml (RunModel)" time="0.937" />
  <testcase classname="ptolemy.util.test.junit.AutoTests" name="[49] /home/travis/build/icyphy/ptII/ptolemy/actor/lib/hoc/test/auto/RunCompositeActor.xml (RunModel)" time="0.021" />
  <testcase classname="ptolemy.util.test.junit.AutoTests" name="[50] /home/travis/build/icyphy/ptII/ptolemy/actor/lib/hoc/test/auto/RunCompositeActor2.xml (RunModel)" time="0.019" />
  <testcase classname="ptolemy.util.test.junit.AutoTests" name="[51] /home/travis/build/icyphy/ptII/ptolemy/actor/lib/hoc/test/auto/RunCompositeActor3.xml (RunModel)" time="0.02" />
  <testcase classname="ptolemy.util.test.junit.AutoTests" name="[52] /home/travis/build/icyphy/ptII/ptolemy/actor/lib/hoc/test/auto/RunCompositeActor4.xml (RunModel)" time="0.023" />
  <testcase classname="ptolemy.util.test.junit.AutoTests" name="[53] /home/travis/build/icyphy/ptII/ptolemy/actor/lib/hoc/test/auto/RunCompositeIterateOverArray.xml (RunModel)" time="0.022" />
  <testcase classname="ptolemy.util.test.junit.AutoTests" name="[54] /home/travis/build/icyphy/ptII/ptolemy/actor/lib/hoc/test/auto/ThreadedJS.xml (RunModel)" time="11.525" />
  <system-out><![CDATA[/home/travis/build/icyphy/ptII/ptolemy/actor/lib/hoc/test/IterateOverArray.tcl
testDefs.tcl: setting time out to 9000 seconds at Wed Feb 05 14:39:45 UTC 2020
02/05/20 02:39:45
Failed: 0  Total Tests: 2  ((Passed: 2, Newly Passed: 0)  Known Failed: 0) /home/travis/build/icyphy/ptII/ptolemy/actor/lib/hoc/test
----------------- testing (KnownFailure) /home/travis/build/icyphy/ptII/ptolemy/actor/lib/hoc/test/auto/knownFailedTests/PreinitializeMustBeInvokedRunComposite.xml
76 ms. Memory: 129024K Free: 86915K (67%)
Known Failure: java.lang.reflect.InvocationTargetException
No auto/linux-amd64/*.xml tests in /home/travis/build/icyphy/ptII/ptolemy/actor/lib/hoc/test
AutoTests.java: About to close Vertx.
AutoTests.java: Vertx closed.

===========================================================================================
----------------- testing Wed Feb 05 14:39:46 UTC 2020 /home/travis/build/icyphy/ptII/ptolemy/actor/lib/hoc/test/auto/AllToAllMultiInstanceComposite.xml
----------------- Instantiating /home/travis/build/icyphy/ptII/ptolemy/actor/lib/hoc/test/auto/AllToAllMultiInstanceComposite.xml
184 ms. Memory: 129024K Free: 106788K (83%)
----------------- Invoking toplevel() on ptolemy.moml.MoMLSimpleApplication@32c9a4c6
----------------- Done invoking toplevel() on ptolemy.moml.MoMLSimpleApplication@32c9a4c6
reloadAllAccessors: .AllToAllMultiInstanceComposite

===========================================================================================
----------------- testing Wed Feb 05 14:39:46 UTC 2020 /home/travis/build/icyphy/ptII/ptolemy/actor/lib/hoc/test/auto/ApplyFFTTest.xml
----------------- Instantiating /home/travis/build/icyphy/ptII/ptolemy/actor/lib/hoc/test/auto/ApplyFFTTest.xml
160 ms. Memory: 129024K Free: 88403K (69%)
----------------- Invoking toplevel() on ptolemy.moml.MoMLSimpleApplication@55790b5e
----------------- Done invoking toplevel() on ptolemy.moml.MoMLSimpleApplication@55790b5e
reloadAllAccessors: .ApplyFFTTest

===========================================================================================
----------------- testing Wed Feb 05 14:39:46 UTC 2020 /home/travis/build/icyphy/ptII/ptolemy/actor/lib/hoc/test/auto/ApplyFunction.xml
----------------- Instantiating /home/travis/build/icyphy/ptII/ptolemy/actor/lib/hoc/test/auto/ApplyFunction.xml
5 ms. Memory: 129024K Free: 85534K (66%)
----------------- Invoking toplevel() on ptolemy.moml.MoMLSimpleApplication@f8493c6
----------------- Done invoking toplevel() on ptolemy.moml.MoMLSimpleApplication@f8493c6
reloadAllAccessors: .ApplyFunction

===========================================================================================
----------------- testing Wed Feb 05 14:39:47 UTC 2020 /home/travis/build/icyphy/ptII/ptolemy/actor/lib/hoc/test/auto/BackgroundExecution.xml
----------------- Instantiating /home/travis/build/icyphy/ptII/ptolemy/actor/lib/hoc/test/auto/BackgroundExecution.xml
636 ms. Memory: 129024K Free: 110177K (85%)
----------------- Invoking toplevel() on ptolemy.moml.MoMLSimpleApplication@7ee1a485
----------------- Done invoking toplevel() on ptolemy.moml.MoMLSimpleApplication@7ee1a485
reloadAllAccessors: .BackgroundExecution

===========================================================================================
----------------- testing Wed Feb 05 14:39:47 UTC 2020 /home/travis/build/icyphy/ptII/ptolemy/actor/lib/hoc/test/auto/Case.xml
----------------- Instantiating /home/travis/build/icyphy/ptII/ptolemy/actor/lib/hoc/test/auto/Case.xml
16 ms. Memory: 129024K Free: 102782K (80%)
----------------- Invoking toplevel() on ptolemy.moml.MoMLSimpleApplication@7ab07d4b
----------------- Done invoking toplevel() on ptolemy.moml.MoMLSimpleApplication@7ab07d4b
reloadAllAccessors: .Case

===========================================================================================
----------------- testing Wed Feb 05 14:39:47 UTC 2020 /home/travis/build/icyphy/ptII/ptolemy/actor/lib/hoc/test/auto/Case1.xml
----------------- Instantiating /home/travis/build/icyphy/ptII/ptolemy/actor/lib/hoc/test/auto/Case1.xml
8 ms. Memory: 129024K Free: 96412K (75%)
----------------- Invoking toplevel() on ptolemy.moml.MoMLSimpleApplication@3310c491
----------------- Done invoking toplevel() on ptolemy.moml.MoMLSimpleApplication@3310c491
reloadAllAccessors: .Case1

===========================================================================================
----------------- testing Wed Feb 05 14:39:47 UTC 2020 /home/travis/build/icyphy/ptII/ptolemy/actor/lib/hoc/test/auto/Case2.xml
----------------- Instantiating /home/travis/build/icyphy/ptII/ptolemy/actor/lib/hoc/test/auto/Case2.xml
41 ms. Memory: 129024K Free: 85947K (67%)
----------------- Invoking toplevel() on ptolemy.moml.MoMLSimpleApplication@416f03f9
----------------- Done invoking toplevel() on ptolemy.moml.MoMLSimpleApplication@416f03f9
reloadAllAccessors: .Case2

===========================================================================================
----------------- testing Wed Feb 05 14:39:48 UTC 2020 /home/travis/build/icyphy/ptII/ptolemy/actor/lib/hoc/test/auto/Case3.xml
----------------- Instantiating /home/travis/build/icyphy/ptII/ptolemy/actor/lib/hoc/test/auto/Case3.xml
13 ms. Memory: 129024K Free: 79956K (62%)
----------------- Invoking toplevel() on ptolemy.moml.MoMLSimpleApplication@63cdd631
----------------- Done invoking toplevel() on ptolemy.moml.MoMLSimpleApplication@63cdd631
reloadAllAccessors: .Case3

===========================================================================================
----------------- testing Wed Feb 05 14:39:48 UTC 2020 /home/travis/build/icyphy/ptII/ptolemy/actor/lib/hoc/test/auto/Case4.xml
----------------- Instantiating /home/travis/build/icyphy/ptII/ptolemy/actor/lib/hoc/test/auto/Case4.xml
23 ms. Memory: 129024K Free: 72347K (56%)
----------------- Invoking toplevel() on ptolemy.moml.MoMLSimpleApplication@2737512e
----------------- Done invoking toplevel() on ptolemy.moml.MoMLSimpleApplication@2737512e
reloadAllAccessors: .Case4

===========================================================================================
----------------- testing Wed Feb 05 14:39:48 UTC 2020 /home/travis/build/icyphy/ptII/ptolemy/actor/lib/hoc/test/auto/Case5.xml
----------------- Instantiating /home/travis/build/icyphy/ptII/ptolemy/actor/lib/hoc/test/auto/Case5.xml
49 ms. Memory: 129024K Free: 110389K (86%)
----------------- Invoking toplevel() on ptolemy.moml.MoMLSimpleApplication@73827738
----------------- Done invoking toplevel() on ptolemy.moml.MoMLSimpleApplication@73827738
reloadAllAccessors: .junk

===========================================================================================
----------------- testing Wed Feb 05 14:39:48 UTC 2020 /home/travis/build/icyphy/ptII/ptolemy/actor/lib/hoc/test/auto/Case6.xml
----------------- Instantiating /home/travis/build/icyphy/ptII/ptolemy/actor/lib/hoc/test/auto/Case6.xml
40 ms. Memory: 129024K Free: 98470K (76%)
----------------- Invoking toplevel() on ptolemy.moml.MoMLSimpleApplication@7cc4a715
----------------- Done invoking toplevel() on ptolemy.moml.MoMLSimpleApplication@7cc4a715
reloadAllAccessors: .Case6

===========================================================================================
----------------- testing Wed Feb 05 14:39:48 UTC 2020 /home/travis/build/icyphy/ptII/ptolemy/actor/lib/hoc/test/auto/CaseString2.xml
----------------- Instantiating /home/travis/build/icyphy/ptII/ptolemy/actor/lib/hoc/test/auto/CaseString2.xml
11 ms. Memory: 129024K Free: 90649K (70%)
----------------- Invoking toplevel() on ptolemy.moml.MoMLSimpleApplication@7ddc2ef4
----------------- Done invoking toplevel() on ptolemy.moml.MoMLSimpleApplication@7ddc2ef4
reloadAllAccessors: .CaseString2

===========================================================================================
----------------- testing Wed Feb 05 14:39:48 UTC 2020 /home/travis/build/icyphy/ptII/ptolemy/actor/lib/hoc/test/auto/CatchUpComposite1.xml
----------------- Instantiating /home/travis/build/icyphy/ptII/ptolemy/actor/lib/hoc/test/auto/CatchUpComposite1.xml
24 ms. Memory: 129024K Free: 81717K (63%)
----------------- Invoking toplevel() on ptolemy.moml.MoMLSimpleApplication@48e94cb
----------------- Done invoking toplevel() on ptolemy.moml.MoMLSimpleApplication@48e94cb
reloadAllAccessors: .CatchUpComposite1

===========================================================================================
----------------- testing Wed Feb 05 14:39:48 UTC 2020 /home/travis/build/icyphy/ptII/ptolemy/actor/lib/hoc/test/auto/CatchUpComposite2.xml
----------------- Instantiating /home/travis/build/icyphy/ptII/ptolemy/actor/lib/hoc/test/auto/CatchUpComposite2.xml
12 ms. Memory: 129024K Free: 73241K (57%)
----------------- Invoking toplevel() on ptolemy.moml.MoMLSimpleApplication@48bc47b3
----------------- Done invoking toplevel() on ptolemy.moml.MoMLSimpleApplication@48bc47b3
reloadAllAccessors: .CatchUpComposite2

===========================================================================================
----------------- testing Wed Feb 05 14:39:48 UTC 2020 /home/travis/build/icyphy/ptII/ptolemy/actor/lib/hoc/test/auto/CatchUpComposite3.xml
----------------- Instantiating /home/travis/build/icyphy/ptII/ptolemy/actor/lib/hoc/test/auto/CatchUpComposite3.xml
23 ms. Memory: 129024K Free: 64295K (50%)
----------------- Invoking toplevel() on ptolemy.moml.MoMLSimpleApplication@7df969d8
----------------- Done invoking toplevel() on ptolemy.moml.MoMLSimpleApplication@7df969d8
reloadAllAccessors: .CatchUpComposite3

===========================================================================================
----------------- testing Wed Feb 05 14:39:48 UTC 2020 /home/travis/build/icyphy/ptII/ptolemy/actor/lib/hoc/test/auto/CatchUpComposite4.xml
----------------- Instantiating /home/travis/build/icyphy/ptII/ptolemy/actor/lib/hoc/test/auto/CatchUpComposite4.xml
15 ms. Memory: 129024K Free: 112017K (87%)
----------------- Invoking toplevel() on ptolemy.moml.MoMLSimpleApplication@35f38db1
----------------- Done invoking toplevel() on ptolemy.moml.MoMLSimpleApplication@35f38db1
reloadAllAccessors: .CatchUpComposite4

===========================================================================================
----------------- testing Wed Feb 05 14:39:48 UTC 2020 /home/travis/build/icyphy/ptII/ptolemy/actor/lib/hoc/test/auto/CatchUpComposite5.xml
----------------- Instantiating /home/travis/build/icyphy/ptII/ptolemy/actor/lib/hoc/test/auto/CatchUpComposite5.xml
11 ms. Memory: 129024K Free: 104212K (81%)
----------------- Invoking toplevel() on ptolemy.moml.MoMLSimpleApplication@3f5b80d9
----------------- Done invoking toplevel() on ptolemy.moml.MoMLSimpleApplication@3f5b80d9
reloadAllAccessors: .CatchUpComposite5

===========================================================================================
----------------- testing Wed Feb 05 14:39:48 UTC 2020 /home/travis/build/icyphy/ptII/ptolemy/actor/lib/hoc/test/auto/CatchUpComposite6.xml
----------------- Instantiating /home/travis/build/icyphy/ptII/ptolemy/actor/lib/hoc/test/auto/CatchUpComposite6.xml
WARNING: The execution aspects in this model can influence the timing of actors by delaying the 
execution, potentially changing the behavior. There is no guarantee that actors fire at the 
time they request to be fired. 
Use Ptides for deterministic DE behavior that is not influenced by execution aspects. 

81 ms. Memory: 129024K Free: 89559K (69%)
----------------- Invoking toplevel() on ptolemy.moml.MoMLSimpleApplication@6d229db5
----------------- Done invoking toplevel() on ptolemy.moml.MoMLSimpleApplication@6d229db5
reloadAllAccessors: .CatchUpComposite6

===========================================================================================
----------------- testing Wed Feb 05 14:39:48 UTC 2020 /home/travis/build/icyphy/ptII/ptolemy/actor/lib/hoc/test/auto/CatchUpComposite7.xml
----------------- Instantiating /home/travis/build/icyphy/ptII/ptolemy/actor/lib/hoc/test/auto/CatchUpComposite7.xml
WARNING: The execution aspects in this model can influence the timing of actors by delaying the 
execution, potentially changing the behavior. There is no guarantee that actors fire at the 
time they request to be fired. 
Use Ptides for deterministic DE behavior that is not influenced by execution aspects. 

21 ms. Memory: 129024K Free: 76177K (59%)
----------------- Invoking toplevel() on ptolemy.moml.MoMLSimpleApplication@22a0d5ea
----------------- Done invoking toplevel() on ptolemy.moml.MoMLSimpleApplication@22a0d5ea
reloadAllAccessors: .CatchUpComposite7

===========================================================================================
----------------- testing Wed Feb 05 14:39:48 UTC 2020 /home/travis/build/icyphy/ptII/ptolemy/actor/lib/hoc/test/auto/ConcurrentExecutionTimeSDF.xml
----------------- Instantiating /home/travis/build/icyphy/ptII/ptolemy/actor/lib/hoc/test/auto/ConcurrentExecutionTimeSDF.xml
Fired ExecutionTime: 40400000
Fired ExecutionTime: 40400000
Fired ExecutionTime: 40400000
Fired ExecutionTime: 40400000
Fired ExecutionTime: 40400000
Fired ExecutionTime: 40400000
Fired ExecutionTime: 40400000
Fired ExecutionTime: 40400000
Fired ExecutionTime: 40400000
Fired ExecutionTime: 40400000
Fired ExecutionTime: 40400000
Fired ExecutionTime: 40400000
Fired ExecutionTime: 40400000
Fired ExecutionTime: 40400000
Fired ExecutionTime: 40400000
Fired ExecutionTime: 40400000
Fired ExecutionTime: 40400000
Fired ExecutionTime: 40400000
Fired ExecutionTime: 40400000
Fired ExecutionTime: 40400000
1415 ms. Memory: 129024K Free: 69714K (54%)
----------------- Invoking toplevel() on ptolemy.moml.MoMLSimpleApplication@4b5a5e9
----------------- Done invoking toplevel() on ptolemy.moml.MoMLSimpleApplication@4b5a5e9
reloadAllAccessors: .ConcurrentExecutionTimeSDF

===========================================================================================
----------------- testing Wed Feb 05 14:39:50 UTC 2020 /home/travis/build/icyphy/ptII/ptolemy/actor/lib/hoc/test/auto/ConcurrentSleep.xml
----------------- Instantiating /home/travis/build/icyphy/ptII/ptolemy/actor/lib/hoc/test/auto/ConcurrentSleep.xml
731 ms. Memory: 129024K Free: 59793K (46%)
----------------- Invoking toplevel() on ptolemy.moml.MoMLSimpleApplication@3aa571f0
----------------- Done invoking toplevel() on ptolemy.moml.MoMLSimpleApplication@3aa571f0
reloadAllAccessors: .ConcurrentSleep

===========================================================================================
----------------- testing Wed Feb 05 14:39:51 UTC 2020 /home/travis/build/icyphy/ptII/ptolemy/actor/lib/hoc/test/auto/DEInPNInRunCompositeActor.xml
----------------- Instantiating /home/travis/build/icyphy/ptII/ptolemy/actor/lib/hoc/test/auto/DEInPNInRunCompositeActor.xml
11 ms. Memory: 129024K Free: 54673K (42%)
----------------- Invoking toplevel() on ptolemy.moml.MoMLSimpleApplication@4e727ad4
----------------- Done invoking toplevel() on ptolemy.moml.MoMLSimpleApplication@4e727ad4
reloadAllAccessors: .DEInPNInRunCompositeActor

===========================================================================================
----------------- testing Wed Feb 05 14:39:51 UTC 2020 /home/travis/build/icyphy/ptII/ptolemy/actor/lib/hoc/test/auto/DFTSubSetTest.xml
----------------- Instantiating /home/travis/build/icyphy/ptII/ptolemy/actor/lib/hoc/test/auto/DFTSubSetTest.xml
165 ms. Memory: 157696K Free: 104121K (66%)
----------------- Invoking toplevel() on ptolemy.moml.MoMLSimpleApplication@320954a0
----------------- Done invoking toplevel() on ptolemy.moml.MoMLSimpleApplication@320954a0
reloadAllAccessors: .DFTSubSetTest

===========================================================================================
----------------- testing Wed Feb 05 14:39:51 UTC 2020 /home/travis/build/icyphy/ptII/ptolemy/actor/lib/hoc/test/auto/HocDE.xml
----------------- Instantiating /home/travis/build/icyphy/ptII/ptolemy/actor/lib/hoc/test/auto/HocDE.xml
131 ms. Memory: 157696K Free: 79039K (50%)
----------------- Invoking toplevel() on ptolemy.moml.MoMLSimpleApplication@2494c98a
----------------- Done invoking toplevel() on ptolemy.moml.MoMLSimpleApplication@2494c98a
reloadAllAccessors: .HocDE

===========================================================================================
----------------- testing Wed Feb 05 14:39:51 UTC 2020 /home/travis/build/icyphy/ptII/ptolemy/actor/lib/hoc/test/auto/IterateOverArray.xml
----------------- Instantiating /home/travis/build/icyphy/ptII/ptolemy/actor/lib/hoc/test/auto/IterateOverArray.xml
7 ms. Memory: 157696K Free: 74932K (48%)
----------------- Invoking toplevel() on ptolemy.moml.MoMLSimpleApplication@18820b12
----------------- Done invoking toplevel() on ptolemy.moml.MoMLSimpleApplication@18820b12
reloadAllAccessors: .IterateOverArray

===========================================================================================
----------------- testing Wed Feb 05 14:39:51 UTC 2020 /home/travis/build/icyphy/ptII/ptolemy/actor/lib/hoc/test/auto/IterateOverArray10.xml
----------------- Instantiating /home/travis/build/icyphy/ptII/ptolemy/actor/lib/hoc/test/auto/IterateOverArray10.xml
3 ms. Memory: 157696K Free: 71860K (46%)
----------------- Invoking toplevel() on ptolemy.moml.MoMLSimpleApplication@6456ae90
----------------- Done invoking toplevel() on ptolemy.moml.MoMLSimpleApplication@6456ae90
reloadAllAccessors: .IterateOverArray10

===========================================================================================
----------------- testing Wed Feb 05 14:39:51 UTC 2020 /home/travis/build/icyphy/ptII/ptolemy/actor/lib/hoc/test/auto/IterateOverArray11.xml
----------------- Instantiating /home/travis/build/icyphy/ptII/ptolemy/actor/lib/hoc/test/auto/IterateOverArray11.xml
4 ms. Memory: 157696K Free: 67775K (43%)
----------------- Invoking toplevel() on ptolemy.moml.MoMLSimpleApplication@6d3536c5
----------------- Done invoking toplevel() on ptolemy.moml.MoMLSimpleApplication@6d3536c5
reloadAllAccessors: .IterateOverArray11

===========================================================================================
----------------- testing Wed Feb 05 14:39:51 UTC 2020 /home/travis/build/icyphy/ptII/ptolemy/actor/lib/hoc/test/auto/IterateOverArray12.xml
----------------- Instantiating /home/travis/build/icyphy/ptII/ptolemy/actor/lib/hoc/test/auto/IterateOverArray12.xml
15 ms. Memory: 157696K Free: 137607K (87%)
----------------- Invoking toplevel() on ptolemy.moml.MoMLSimpleApplication@7b00a75b
----------------- Done invoking toplevel() on ptolemy.moml.MoMLSimpleApplication@7b00a75b
reloadAllAccessors: .IterateOverArray12

===========================================================================================
----------------- testing Wed Feb 05 14:39:51 UTC 2020 /home/travis/build/icyphy/ptII/ptolemy/actor/lib/hoc/test/auto/IterateOverArray13.xml
----------------- Instantiating /home/travis/build/icyphy/ptII/ptolemy/actor/lib/hoc/test/auto/IterateOverArray13.xml
66 ms. Memory: 157696K Free: 107911K (68%)
----------------- Invoking toplevel() on ptolemy.moml.MoMLSimpleApplication@137ad66
----------------- Done invoking toplevel() on ptolemy.moml.MoMLSimpleApplication@137ad66
reloadAllAccessors: .IterateOverArray13

===========================================================================================
----------------- testing Wed Feb 05 14:39:51 UTC 2020 /home/travis/build/icyphy/ptII/ptolemy/actor/lib/hoc/test/auto/IterateOverArray14.xml
----------------- Instantiating /home/travis/build/icyphy/ptII/ptolemy/actor/lib/hoc/test/auto/IterateOverArray14.xml
61 ms. Memory: 157696K Free: 74629K (47%)
----------------- Invoking toplevel() on ptolemy.moml.MoMLSimpleApplication@4b72b945
----------------- Done invoking toplevel() on ptolemy.moml.MoMLSimpleApplication@4b72b945
reloadAllAccessors: .IterateOverArray14

===========================================================================================
----------------- testing Wed Feb 05 14:39:52 UTC 2020 /home/travis/build/icyphy/ptII/ptolemy/actor/lib/hoc/test/auto/IterateOverArray2.xml
----------------- Instantiating /home/travis/build/icyphy/ptII/ptolemy/actor/lib/hoc/test/auto/IterateOverArray2.xml
9 ms. Memory: 157696K Free: 70023K (44%)
----------------- Invoking toplevel() on ptolemy.moml.MoMLSimpleApplication@64b444a3
----------------- Done invoking toplevel() on ptolemy.moml.MoMLSimpleApplication@64b444a3
reloadAllAccessors: .IterateOverArray2

===========================================================================================
----------------- testing Wed Feb 05 14:39:52 UTC 2020 /home/travis/build/icyphy/ptII/ptolemy/actor/lib/hoc/test/auto/IterateOverArray3.xml
----------------- Instantiating /home/travis/build/icyphy/ptII/ptolemy/actor/lib/hoc/test/auto/IterateOverArray3.xml
16 ms. Memory: 157696K Free: 63365K (40%)
----------------- Invoking toplevel() on ptolemy.moml.MoMLSimpleApplication@3588153
----------------- Done invoking toplevel() on ptolemy.moml.MoMLSimpleApplication@3588153
reloadAllAccessors: .IterateOverArray3

===========================================================================================
----------------- testing Wed Feb 05 14:39:52 UTC 2020 /home/travis/build/icyphy/ptII/ptolemy/actor/lib/hoc/test/auto/IterateOverArray4.xml
----------------- Instantiating /home/travis/build/icyphy/ptII/ptolemy/actor/lib/hoc/test/auto/IterateOverArray4.xml
4 ms. Memory: 157696K Free: 59269K (38%)
----------------- Invoking toplevel() on ptolemy.moml.MoMLSimpleApplication@6518e374
----------------- Done invoking toplevel() on ptolemy.moml.MoMLSimpleApplication@6518e374
reloadAllAccessors: .IterateOverArray4

===========================================================================================
----------------- testing Wed Feb 05 14:39:52 UTC 2020 /home/travis/build/icyphy/ptII/ptolemy/actor/lib/hoc/test/auto/IterateOverArray5.xml
----------------- Instantiating /home/travis/build/icyphy/ptII/ptolemy/actor/lib/hoc/test/auto/IterateOverArray5.xml
3 ms. Memory: 157696K Free: 140009K (89%)
----------------- Invoking toplevel() on ptolemy.moml.MoMLSimpleApplication@79dd6ed3
----------------- Done invoking toplevel() on ptolemy.moml.MoMLSimpleApplication@79dd6ed3
reloadAllAccessors: .IterateOverArray5

===========================================================================================
----------------- testing Wed Feb 05 14:39:52 UTC 2020 /home/travis/build/icyphy/ptII/ptolemy/actor/lib/hoc/test/auto/IterateOverArray6.xml
----------------- Instantiating /home/travis/build/icyphy/ptII/ptolemy/actor/lib/hoc/test/auto/IterateOverArray6.xml
2 ms. Memory: 157696K Free: 136441K (87%)
----------------- Invoking toplevel() on ptolemy.moml.MoMLSimpleApplication@5796bda9
----------------- Done invoking toplevel() on ptolemy.moml.MoMLSimpleApplication@5796bda9
reloadAllAccessors: .IterateOverArray6

===========================================================================================
----------------- testing Wed Feb 05 14:39:52 UTC 2020 /home/travis/build/icyphy/ptII/ptolemy/actor/lib/hoc/test/auto/IterateOverArray7.xml
----------------- Instantiating /home/travis/build/icyphy/ptII/ptolemy/actor/lib/hoc/test/auto/IterateOverArray7.xml
5 ms. Memory: 157696K Free: 131831K (84%)
----------------- Invoking toplevel() on ptolemy.moml.MoMLSimpleApplication@20fbcf85
----------------- Done invoking toplevel() on ptolemy.moml.MoMLSimpleApplication@20fbcf85
reloadAllAccessors: .IterateOverArray7

===========================================================================================
----------------- testing Wed Feb 05 14:39:52 UTC 2020 /home/travis/build/icyphy/ptII/ptolemy/actor/lib/hoc/test/auto/IterateOverArray8.xml
----------------- Instantiating /home/travis/build/icyphy/ptII/ptolemy/actor/lib/hoc/test/auto/IterateOverArray8.xml
3 ms. Memory: 157696K Free: 127735K (81%)
----------------- Invoking toplevel() on ptolemy.moml.MoMLSimpleApplication@e012cab
----------------- Done invoking toplevel() on ptolemy.moml.MoMLSimpleApplication@e012cab
reloadAllAccessors: .IterateOverArray8

===========================================================================================
----------------- testing Wed Feb 05 14:39:52 UTC 2020 /home/travis/build/icyphy/ptII/ptolemy/actor/lib/hoc/test/auto/IterateOverArray9.xml
----------------- Instantiating /home/travis/build/icyphy/ptII/ptolemy/actor/lib/hoc/test/auto/IterateOverArray9.xml
5 ms. Memory: 157696K Free: 123609K (78%)
----------------- Invoking toplevel() on ptolemy.moml.MoMLSimpleApplication@23100bbf
----------------- Done invoking toplevel() on ptolemy.moml.MoMLSimpleApplication@23100bbf
reloadAllAccessors: .IterateOverArray9

===========================================================================================
----------------- testing Wed Feb 05 14:39:52 UTC 2020 /home/travis/build/icyphy/ptII/ptolemy/actor/lib/hoc/test/auto/IterateOverArrayCoercedOutputType.xml
----------------- Instantiating /home/travis/build/icyphy/ptII/ptolemy/actor/lib/hoc/test/auto/IterateOverArrayCoercedOutputType.xml
4 ms. Memory: 157696K Free: 118519K (75%)
----------------- Invoking toplevel() on ptolemy.moml.MoMLSimpleApplication@1e3df5df
----------------- Done invoking toplevel() on ptolemy.moml.MoMLSimpleApplication@1e3df5df
reloadAllAccessors: .IterateOverArrayCoercedOutputType

===========================================================================================
----------------- testing Wed Feb 05 14:39:52 UTC 2020 /home/travis/build/icyphy/ptII/ptolemy/actor/lib/hoc/test/auto/IterateOverArrayInferredOutputType.xml
----------------- Instantiating /home/travis/build/icyphy/ptII/ptolemy/actor/lib/hoc/test/auto/IterateOverArrayInferredOutputType.xml
10 ms. Memory: 157696K Free: 113913K (72%)
----------------- Invoking toplevel() on ptolemy.moml.MoMLSimpleApplication@378cd81c
----------------- Done invoking toplevel() on ptolemy.moml.MoMLSimpleApplication@378cd81c
reloadAllAccessors: .IterateOverArrayInferredOutputType

===========================================================================================
----------------- testing Wed Feb 05 14:39:52 UTC 2020 /home/travis/build/icyphy/ptII/ptolemy/actor/lib/hoc/test/auto/MobileFunctionTest.xml
----------------- Instantiating /home/travis/build/icyphy/ptII/ptolemy/actor/lib/hoc/test/auto/MobileFunctionTest.xml
3 ms. Memory: 157696K Free: 109273K (69%)
----------------- Invoking toplevel() on ptolemy.moml.MoMLSimpleApplication@49e0336a
----------------- Done invoking toplevel() on ptolemy.moml.MoMLSimpleApplication@49e0336a
reloadAllAccessors: .MobileFunctionTest

===========================================================================================
----------------- testing Wed Feb 05 14:39:52 UTC 2020 /home/travis/build/icyphy/ptII/ptolemy/actor/lib/hoc/test/auto/MobileModelTest.xml
----------------- Instantiating /home/travis/build/icyphy/ptII/ptolemy/actor/lib/hoc/test/auto/MobileModelTest.xml
136 ms. Memory: 157696K Free: 88313K (56%)
----------------- Invoking toplevel() on ptolemy.moml.MoMLSimpleApplication@432504c2
----------------- Done invoking toplevel() on ptolemy.moml.MoMLSimpleApplication@432504c2
reloadAllAccessors: .MobileModelTest

===========================================================================================
----------------- testing Wed Feb 05 14:39:52 UTC 2020 /home/travis/build/icyphy/ptII/ptolemy/actor/lib/hoc/test/auto/ModelReference.xml
----------------- Instantiating /home/travis/build/icyphy/ptII/ptolemy/actor/lib/hoc/test/auto/ModelReference.xml
4 ms. Memory: 157696K Free: 81655K (52%)
2 ms. Memory: 157696K Free: 81145K (51%)
2 ms. Memory: 157696K Free: 80121K (51%)
2 ms. Memory: 157696K Free: 79097K (50%)
1 ms. Memory: 157696K Free: 78553K (50%)
1 ms. Memory: 157696K Free: 77529K (49%)
1 ms. Memory: 157696K Free: 76535K (49%)
5 ms. Memory: 157696K Free: 76025K (48%)
1 ms. Memory: 157696K Free: 75001K (48%)
2 ms. Memory: 157696K Free: 74487K (47%)
33 ms. Memory: 157696K Free: 74487K (47%)
----------------- Invoking toplevel() on ptolemy.moml.MoMLSimpleApplication@4eae0af5
----------------- Done invoking toplevel() on ptolemy.moml.MoMLSimpleApplication@4eae0af5
reloadAllAccessors: .ModelReference

===========================================================================================
----------------- testing Wed Feb 05 14:39:52 UTC 2020 /home/travis/build/icyphy/ptII/ptolemy/actor/lib/hoc/test/auto/ModelReference3.xml
----------------- Instantiating /home/travis/build/icyphy/ptII/ptolemy/actor/lib/hoc/test/auto/ModelReference3.xml
1 ms. Memory: 157696K Free: 69361K (44%)
3 ms. Memory: 157696K Free: 68857K (44%)
2 ms. Memory: 157696K Free: 67833K (43%)
3 ms. Memory: 157696K Free: 67305K (43%)
2 ms. Memory: 157696K Free: 66295K (42%)
1 ms. Memory: 157696K Free: 65271K (41%)
2 ms. Memory: 157696K Free: 64761K (41%)
1 ms. Memory: 157696K Free: 63737K (40%)
1 ms. Memory: 157696K Free: 63223K (40%)
1 ms. Memory: 157696K Free: 62185K (39%)
27 ms. Memory: 157696K Free: 62185K (39%)
----------------- Invoking toplevel() on ptolemy.moml.MoMLSimpleApplication@1befe574
----------------- Done invoking toplevel() on ptolemy.moml.MoMLSimpleApplication@1befe574
reloadAllAccessors: .ModelReference3

===========================================================================================
----------------- testing Wed Feb 05 14:39:52 UTC 2020 /home/travis/build/icyphy/ptII/ptolemy/actor/lib/hoc/test/auto/ModelReference4.xml
----------------- Instantiating /home/travis/build/icyphy/ptII/ptolemy/actor/lib/hoc/test/auto/ModelReference4.xml
1 ms. Memory: 157696K Free: 57593K (37%)
2 ms. Memory: 157696K Free: 56049K (36%)
2 ms. Memory: 157696K Free: 55017K (35%)
2 ms. Memory: 157696K Free: 54007K (34%)
3 ms. Memory: 157696K Free: 52473K (33%)
3 ms. Memory: 157696K Free: 51449K (33%)
12 ms. Memory: 157696K Free: 141976K (90%)
2 ms. Memory: 157696K Free: 140776K (89%)
3 ms. Memory: 157696K Free: 139730K (89%)
2 ms. Memory: 157696K Free: 138698K (88%)
10014 ms. Memory: 157696K Free: 138698K (88%)
----------------- Invoking toplevel() on ptolemy.moml.MoMLSimpleApplication@1a89b1b8
----------------- Done invoking toplevel() on ptolemy.moml.MoMLSimpleApplication@1a89b1b8
reloadAllAccessors: .ModelReference4

===========================================================================================
----------------- testing Wed Feb 05 14:40:02 UTC 2020 /home/travis/build/icyphy/ptII/ptolemy/actor/lib/hoc/test/auto/MultiInstanceComposite.xml
----------------- Instantiating /home/travis/build/icyphy/ptII/ptolemy/actor/lib/hoc/test/auto/MultiInstanceComposite.xml
28 ms. Memory: 157696K Free: 119272K (76%)
----------------- Invoking toplevel() on ptolemy.moml.MoMLSimpleApplication@d768691
----------------- Done invoking toplevel() on ptolemy.moml.MoMLSimpleApplication@d768691
reloadAllAccessors: .MultiInstanceComposite

===========================================================================================
----------------- testing Wed Feb 05 14:40:02 UTC 2020 /home/travis/build/icyphy/ptII/ptolemy/actor/lib/hoc/test/auto/MultiInstanceComposite2.xml
----------------- Instantiating /home/travis/build/icyphy/ptII/ptolemy/actor/lib/hoc/test/auto/MultiInstanceComposite2.xml
22 ms. Memory: 157696K Free: 108008K (68%)
----------------- Invoking toplevel() on ptolemy.moml.MoMLSimpleApplication@409987ad
----------------- Done invoking toplevel() on ptolemy.moml.MoMLSimpleApplication@409987ad
reloadAllAccessors: .MultiInstanceComposite2

===========================================================================================
----------------- testing Wed Feb 05 14:40:02 UTC 2020 /home/travis/build/icyphy/ptII/ptolemy/actor/lib/hoc/test/auto/MulticoreExecution.xml
----------------- Instantiating /home/travis/build/icyphy/ptII/ptolemy/actor/lib/hoc/test/auto/MulticoreExecution.xml
Fired ExecutionTime: 2800000
Fired ExecutionTime: 2400000
Fired ExecutionTime: 92800000
Fired ExecutionTime: 90800000
Fired ExecutionTime: 110000000
Fired ExecutionTime: 110000000
Fired ExecutionTime: 108000000
Fired ExecutionTime: 108400000
Fired ExecutionTime: 107200000
Fired ExecutionTime: 108800000
Fired ExecutionTime: 107200000
Fired ExecutionTime: 107600000
Fired ExecutionTime: 106400000
Fired ExecutionTime: 108400000
Fired ExecutionTime: 107200000
Fired ExecutionTime: 108800000
Fired ExecutionTime: 108000000
Fired ExecutionTime: 107600000
Fired ExecutionTime: 106000000
Fired ExecutionTime: 110400000
1052 ms. Memory: 157696K Free: 99250K (63%)
----------------- Invoking toplevel() on ptolemy.moml.MoMLSimpleApplication@47a43d7c
----------------- Done invoking toplevel() on ptolemy.moml.MoMLSimpleApplication@47a43d7c
reloadAllAccessors: .MulticoreExecution

===========================================================================================
----------------- testing Wed Feb 05 14:40:03 UTC 2020 /home/travis/build/icyphy/ptII/ptolemy/actor/lib/hoc/test/auto/ParallelExecution.xml
----------------- Instantiating /home/travis/build/icyphy/ptII/ptolemy/actor/lib/hoc/test/auto/ParallelExecution.xml
916 ms. Memory: 157696K Free: 92082K (58%)
----------------- Invoking toplevel() on ptolemy.moml.MoMLSimpleApplication@35ee6835
----------------- Done invoking toplevel() on ptolemy.moml.MoMLSimpleApplication@35ee6835
reloadAllAccessors: .ParallelExecution

===========================================================================================
----------------- testing Wed Feb 05 14:40:04 UTC 2020 /home/travis/build/icyphy/ptII/ptolemy/actor/lib/hoc/test/auto/RunCompositeActor.xml
----------------- Instantiating /home/travis/build/icyphy/ptII/ptolemy/actor/lib/hoc/test/auto/RunCompositeActor.xml
8 ms. Memory: 157696K Free: 84954K (54%)
----------------- Invoking toplevel() on ptolemy.moml.MoMLSimpleApplication@5d61ae77
----------------- Done invoking toplevel() on ptolemy.moml.MoMLSimpleApplication@5d61ae77
reloadAllAccessors: .RunCompositeActor

===========================================================================================
----------------- testing Wed Feb 05 14:40:04 UTC 2020 /home/travis/build/icyphy/ptII/ptolemy/actor/lib/hoc/test/auto/RunCompositeActor2.xml
----------------- Instantiating /home/travis/build/icyphy/ptII/ptolemy/actor/lib/hoc/test/auto/RunCompositeActor2.xml
4 ms. Memory: 157696K Free: 78842K (50%)
----------------- Invoking toplevel() on ptolemy.moml.MoMLSimpleApplication@5cd48c2a
----------------- Done invoking toplevel() on ptolemy.moml.MoMLSimpleApplication@5cd48c2a
reloadAllAccessors: .RunCompositeActor2

===========================================================================================
----------------- testing Wed Feb 05 14:40:04 UTC 2020 /home/travis/build/icyphy/ptII/ptolemy/actor/lib/hoc/test/auto/RunCompositeActor3.xml
----------------- Instantiating /home/travis/build/icyphy/ptII/ptolemy/actor/lib/hoc/test/auto/RunCompositeActor3.xml
3 ms. Memory: 157696K Free: 73650K (47%)
----------------- Invoking toplevel() on ptolemy.moml.MoMLSimpleApplication@1401c703
----------------- Done invoking toplevel() on ptolemy.moml.MoMLSimpleApplication@1401c703
reloadAllAccessors: .RunCompositeActor3

===========================================================================================
----------------- testing Wed Feb 05 14:40:04 UTC 2020 /home/travis/build/icyphy/ptII/ptolemy/actor/lib/hoc/test/auto/RunCompositeActor4.xml
----------------- Instantiating /home/travis/build/icyphy/ptII/ptolemy/actor/lib/hoc/test/auto/RunCompositeActor4.xml
11 ms. Memory: 157696K Free: 65000K (41%)
----------------- Invoking toplevel() on ptolemy.moml.MoMLSimpleApplication@56627675
----------------- Done invoking toplevel() on ptolemy.moml.MoMLSimpleApplication@56627675
reloadAllAccessors: .RunCompositeActor4

===========================================================================================
----------------- testing Wed Feb 05 14:40:04 UTC 2020 /home/travis/build/icyphy/ptII/ptolemy/actor/lib/hoc/test/auto/RunCompositeIterateOverArray.xml
----------------- Instantiating /home/travis/build/icyphy/ptII/ptolemy/actor/lib/hoc/test/auto/RunCompositeIterateOverArray.xml
6 ms. Memory: 157696K Free: 59362K (38%)
----------------- Invoking toplevel() on ptolemy.moml.MoMLSimpleApplication@7118ba8e
----------------- Done invoking toplevel() on ptolemy.moml.MoMLSimpleApplication@7118ba8e
reloadAllAccessors: .RunCompositeIterateOverArray

===========================================================================================
----------------- testing Wed Feb 05 14:40:04 UTC 2020 /home/travis/build/icyphy/ptII/ptolemy/actor/lib/hoc/test/auto/ThreadedJS.xml
----------------- Instantiating /home/travis/build/icyphy/ptII/ptolemy/actor/lib/hoc/test/auto/ThreadedJS.xml
5437 ms. Memory: 227328K Free: 105844K (47%)
----------------- Invoking toplevel() on ptolemy.moml.MoMLSimpleApplication@7501c3ea
----------------- Done invoking toplevel() on ptolemy.moml.MoMLSimpleApplication@7501c3ea
reloadAllAccessors: .ThreadedJS
AutoTests.java: About to close Vertx.
AutoTests.java: Vertx closed.
]]></system-out>
  <system-err><![CDATA[java.lang.RuntimeException: Execution failed
	at ptolemy.moml.MoMLSimpleApplication$UnloadThread.run(MoMLSimpleApplication.java:402)
Caused by: ptolemy.kernel.util.IllegalActionException: initialize() was called after wrapup() was called but preinitialize() was not called after wrapup().
	at ptolemy.actor.lib.hoc.test.PreinitializeMustBeInvoked.initialize(PreinitializeMustBeInvoked.java:78)
	at ptolemy.actor.Director.initialize(Director.java:938)
	at ptolemy.actor.Director.initialize(Director.java:907)
	at ptolemy.actor.sched.StaticSchedulingDirector.initialize(StaticSchedulingDirector.java:159)
	at ptolemy.domains.sdf.kernel.SDFDirector.initialize(SDFDirector.java:544)
	at ptolemy.actor.CompositeActor.initialize(CompositeActor.java:935)
	at ptolemy.actor.lib.hoc.LifeCycleManager._executeInsideModel(LifeCycleManager.java:339)
	at ptolemy.actor.lib.hoc.RunCompositeActor.fire(RunCompositeActor.java:205)
	at ptolemy.actor.CompositeActor.iterate(CompositeActor.java:1146)
	at ptolemy.actor.sched.StaticSchedulingDirector.fire(StaticSchedulingDirector.java:216)
	at ptolemy.domains.sdf.kernel.SDFDirector.fire(SDFDirector.java:500)
	at ptolemy.actor.CompositeActor.fire(CompositeActor.java:455)
	at ptolemy.actor.Manager.iterate(Manager.java:851)
	at ptolemy.actor.Manager.execute(Manager.java:369)
	at ptolemy.actor.Manager.run(Manager.java:1263)
	at ptolemy.actor.Manager$PtolemyRunThread.run(Manager.java:1933)
java.lang.reflect.InvocationTargetException
	at java.base/jdk.internal.reflect.NativeConstructorAccessorImpl.newInstance0(Native Method)
	at java.base/jdk.internal.reflect.NativeConstructorAccessorImpl.newInstance(NativeConstructorAccessorImpl.java:62)
	at java.base/jdk.internal.reflect.DelegatingConstructorAccessorImpl.newInstance(DelegatingConstructorAccessorImpl.java:45)
	at java.base/java.lang.reflect.Constructor.newInstance(Constructor.java:490)
	at ptolemy.util.test.junit.AutoKnownFailedTests.RunModel(AutoKnownFailedTests.java:105)
	at java.base/jdk.internal.reflect.NativeMethodAccessorImpl.invoke0(Native Method)
	at java.base/jdk.internal.reflect.NativeMethodAccessorImpl.invoke(NativeMethodAccessorImpl.java:62)
	at java.base/jdk.internal.reflect.DelegatingMethodAccessorImpl.invoke(DelegatingMethodAccessorImpl.java:43)
	at java.base/java.lang.reflect.Method.invoke(Method.java:566)
	at org.junit.runners.model.FrameworkMethod$1.runReflectiveCall(FrameworkMethod.java:44)
	at org.junit.internal.runners.model.ReflectiveCallable.run(ReflectiveCallable.java:15)
	at org.junit.runners.model.FrameworkMethod.invokeExplosively(FrameworkMethod.java:41)
	at junitparams.internal.InvokeParameterisedMethod.evaluate(InvokeParameterisedMethod.java:102)
	at org.junit.internal.runners.statements.FailOnTimeout$1.run(FailOnTimeout.java:28)
Caused by: ptolemy.kernel.util.IllegalActionException: initialize() was called after wrapup() was called but preinitialize() was not called after wrapup().
	at ptolemy.actor.lib.hoc.test.PreinitializeMustBeInvoked.initialize(PreinitializeMustBeInvoked.java:78)
	at ptolemy.actor.Director.initialize(Director.java:938)
	at ptolemy.actor.Director.initialize(Director.java:907)
	at ptolemy.actor.sched.StaticSchedulingDirector.initialize(StaticSchedulingDirector.java:159)
	at ptolemy.domains.sdf.kernel.SDFDirector.initialize(SDFDirector.java:544)
	at ptolemy.actor.CompositeActor.initialize(CompositeActor.java:935)
	at ptolemy.actor.lib.hoc.LifeCycleManager._executeInsideModel(LifeCycleManager.java:339)
	at ptolemy.actor.lib.hoc.RunCompositeActor.fire(RunCompositeActor.java:205)
	at ptolemy.actor.CompositeActor.iterate(CompositeActor.java:1146)
	at ptolemy.actor.sched.StaticSchedulingDirector.fire(StaticSchedulingDirector.java:216)
	at ptolemy.domains.sdf.kernel.SDFDirector.fire(SDFDirector.java:500)
	at ptolemy.actor.CompositeActor.fire(CompositeActor.java:455)
	at ptolemy.actor.Manager.iterate(Manager.java:851)
	at ptolemy.actor.Manager.execute(Manager.java:369)
	at ptolemy.actor.Manager.run(Manager.java:1263)
	at ptolemy.actor.Manager$PtolemyRunThread.run(Manager.java:1933)
Warning: Nashorn engine is planned to be removed from a future JDK release
Warning: Nashorn engine is planned to be removed from a future JDK release
Warning: Nashorn engine is planned to be removed from a future JDK release
Warning: Nashorn engine is planned to be removed from a future JDK release
Warning: Nashorn engine is planned to be removed from a future JDK release
Warning: Nashorn engine is planned to be removed from a future JDK release
Warning: Nashorn engine is planned to be removed from a future JDK release
Warning: Nashorn engine is planned to be removed from a future JDK release
]]></system-err>
</testsuite>
