<?xml version="1.0" encoding="UTF-8" ?>
<testsuite errors="0" failures="0" hostname="travis-job-b130a10b-e438-4d0c-8396-e30024d54a80" name="ptolemy.domains.de.test.junit.JUnitTclTest" skipped="0" tests="101" time="128.078" timestamp="2018-10-17T02:33:21">
  <properties>
[...]
</properties>
  <testcase classname="ptolemy.util.test.junit.TclTests" name="[0] /home/travis/build/icyphy/ptII/ptolemy/domains/de/test/DependencyLoop.tcl (RunTclFile)" time="0.649" />
  <testcase classname="ptolemy.util.test.junit.TclTests" name="[1] /home/travis/build/icyphy/ptII/ptolemy/domains/de/test/RunDETestsAsQSS.tcl (RunTclFile)" time="88.956" />
  <testcase classname="ptolemy.util.test.junit.AutoKnownFailedTests" name="[0] /home/travis/build/icyphy/ptII/ptolemy/domains/de/test/auto/knownFailedTests/DESDFClockTest.xml (RunModel)" time="2.042" />
  <testcase classname="ptolemy.util.test.junit.AutoKnownFailedTests" name="[1] /home/travis/build/icyphy/ptII/ptolemy/domains/de/test/auto/knownFailedTests/DirectFeedback.xml (RunModel)" time="0.015" />
  <testcase classname="ptolemy.util.test.junit.AutoKnownFailedTests" name="[2] /home/travis/build/icyphy/ptII/ptolemy/domains/de/test/auto/knownFailedTests/FSMSource.xml (RunModel)" time="0.033" />
  <testcase classname="ptolemy.util.test.junit.AutoKnownFailedTests" name="[3] /home/travis/build/icyphy/ptII/ptolemy/domains/de/test/auto/knownFailedTests/HierarchicalModel.xml (RunModel)" time="0.046" />
  <testcase classname="ptolemy.util.test.junit.AutoKnownFailedTests" name="[4] /home/travis/build/icyphy/ptII/ptolemy/domains/de/test/auto/knownFailedTests/dependencyLoop.xml (RunModel)" time="0.024" />
  <testcase classname="ptolemy.util.test.junit.AutoKnownFailedTests" name="[5] /home/travis/build/icyphy/ptII/ptolemy/domains/de/test/auto/knownFailedTests/dependencyLoop2.xml (RunModel)" time="0.038" />
  <testcase classname="ptolemy.util.test.junit.AutoNameArchTests" name="[0] ThereAreNoAutoArchTests (RunModel)" time="0.003" />
  <testcase classname="ptolemy.util.test.junit.AutoTests" name="[0] /home/travis/build/icyphy/ptII/ptolemy/domains/de/test/auto/ActorDepthCalculation_actorWithoutPorts.xml (RunModel)" time="0.014" />
  <testcase classname="ptolemy.util.test.junit.AutoTests" name="[1] /home/travis/build/icyphy/ptII/ptolemy/domains/de/test/auto/AssemblyLine.xml (RunModel)" time="0.016" />
  <testcase classname="ptolemy.util.test.junit.AutoTests" name="[2] /home/travis/build/icyphy/ptII/ptolemy/domains/de/test/auto/CQBug1.xml (RunModel)" time="0.01" />
  <testcase classname="ptolemy.util.test.junit.AutoTests" name="[3] /home/travis/build/icyphy/ptII/ptolemy/domains/de/test/auto/CancelFireAt.xml (RunModel)" time="0.008" />
  <testcase classname="ptolemy.util.test.junit.AutoTests" name="[4] /home/travis/build/icyphy/ptII/ptolemy/domains/de/test/auto/CausalityAndComposabilityAnalysis.xml (RunModel)" time="0.01" />
  <testcase classname="ptolemy.util.test.junit.AutoTests" name="[5] /home/travis/build/icyphy/ptII/ptolemy/domains/de/test/auto/CausalityInterface1.xml (RunModel)" time="0.01" />
  <testcase classname="ptolemy.util.test.junit.AutoTests" name="[6] /home/travis/build/icyphy/ptII/ptolemy/domains/de/test/auto/CausalityInterface15.xml (RunModel)" time="0.012" />
  <testcase classname="ptolemy.util.test.junit.AutoTests" name="[7] /home/travis/build/icyphy/ptII/ptolemy/domains/de/test/auto/CausalityInterface2.xml (RunModel)" time="0.009" />
  <testcase classname="ptolemy.util.test.junit.AutoTests" name="[8] /home/travis/build/icyphy/ptII/ptolemy/domains/de/test/auto/CausalityInterface3.xml (RunModel)" time="0.008" />
  <testcase classname="ptolemy.util.test.junit.AutoTests" name="[9] /home/travis/build/icyphy/ptII/ptolemy/domains/de/test/auto/ClockDrift.xml (RunModel)" time="0.022" />
  <testcase classname="ptolemy.util.test.junit.AutoTests" name="[10] /home/travis/build/icyphy/ptII/ptolemy/domains/de/test/auto/ClockDriftAndValueChange.xml (RunModel)" time="0.021" />
  <testcase classname="ptolemy.util.test.junit.AutoTests" name="[11] /home/travis/build/icyphy/ptII/ptolemy/domains/de/test/auto/ClockDriftChange.xml (RunModel)" time="0.017" />
  <testcase classname="ptolemy.util.test.junit.AutoTests" name="[12] /home/travis/build/icyphy/ptII/ptolemy/domains/de/test/auto/ComposableCausalityAnalysis.xml (RunModel)" time="0.012" />
  <testcase classname="ptolemy.util.test.junit.AutoTests" name="[13] /home/travis/build/icyphy/ptII/ptolemy/domains/de/test/auto/DEFixedPointLimitation.xml (RunModel)" time="0.006" />
  <testcase classname="ptolemy.util.test.junit.AutoTests" name="[14] /home/travis/build/icyphy/ptII/ptolemy/domains/de/test/auto/DEScheduleTest.xml (RunModel)" time="0.006" />
  <testcase classname="ptolemy.util.test.junit.AutoTests" name="[15] /home/travis/build/icyphy/ptII/ptolemy/domains/de/test/auto/DEinDEwithStartTimes.xml (RunModel)" time="0.008" />
  <testcase classname="ptolemy.util.test.junit.AutoTests" name="[16] /home/travis/build/icyphy/ptII/ptolemy/domains/de/test/auto/DEinDEwithStartTimes2.xml (RunModel)" time="0.013" />
  <testcase classname="ptolemy.util.test.junit.AutoTests" name="[17] /home/travis/build/icyphy/ptII/ptolemy/domains/de/test/auto/DateDemo.xml (RunModel)" time="0.023" />
  <testcase classname="ptolemy.util.test.junit.AutoTests" name="[18] /home/travis/build/icyphy/ptII/ptolemy/domains/de/test/auto/DateToEvent.xml (RunModel)" time="2.031" />
  <testcase classname="ptolemy.util.test.junit.AutoTests" name="[19] /home/travis/build/icyphy/ptII/ptolemy/domains/de/test/auto/DepthTest1.xml (RunModel)" time="0.006" />
  <testcase classname="ptolemy.util.test.junit.AutoTests" name="[20] /home/travis/build/icyphy/ptII/ptolemy/domains/de/test/auto/DepthTest2.xml (RunModel)" time="0.01" />
  <testcase classname="ptolemy.util.test.junit.AutoTests" name="[21] /home/travis/build/icyphy/ptII/ptolemy/domains/de/test/auto/DepthTest3.xml (RunModel)" time="0.012" />
  <testcase classname="ptolemy.util.test.junit.AutoTests" name="[22] /home/travis/build/icyphy/ptII/ptolemy/domains/de/test/auto/DepthTest4.xml (RunModel)" time="0.008" />
  <testcase classname="ptolemy.util.test.junit.AutoTests" name="[23] /home/travis/build/icyphy/ptII/ptolemy/domains/de/test/auto/DepthTest5.xml (RunModel)" time="0.017" />
  <testcase classname="ptolemy.util.test.junit.AutoTests" name="[24] /home/travis/build/icyphy/ptII/ptolemy/domains/de/test/auto/DepthTest6.xml (RunModel)" time="0.012" />
  <testcase classname="ptolemy.util.test.junit.AutoTests" name="[25] /home/travis/build/icyphy/ptII/ptolemy/domains/de/test/auto/DepthTest7.xml (RunModel)" time="0.011" />
  <testcase classname="ptolemy.util.test.junit.AutoTests" name="[26] /home/travis/build/icyphy/ptII/ptolemy/domains/de/test/auto/EventToDate.xml (RunModel)" time="3.028" />
  <testcase classname="ptolemy.util.test.junit.AutoTests" name="[27] /home/travis/build/icyphy/ptII/ptolemy/domains/de/test/auto/FSM1.xml (RunModel)" time="0.031" />
  <testcase classname="ptolemy.util.test.junit.AutoTests" name="[28] /home/travis/build/icyphy/ptII/ptolemy/domains/de/test/auto/FSM7.xml (RunModel)" time="0.029" />
  <testcase classname="ptolemy.util.test.junit.AutoTests" name="[29] /home/travis/build/icyphy/ptII/ptolemy/domains/de/test/auto/Inspection.xml (RunModel)" time="0.036" />
  <testcase classname="ptolemy.util.test.junit.AutoTests" name="[30] /home/travis/build/icyphy/ptII/ptolemy/domains/de/test/auto/Iteration.xml (RunModel)" time="0.016" />
  <testcase classname="ptolemy.util.test.junit.AutoTests" name="[31] /home/travis/build/icyphy/ptII/ptolemy/domains/de/test/auto/LineFault.xml (RunModel)" time="0.448" />
  <testcase classname="ptolemy.util.test.junit.AutoTests" name="[32] /home/travis/build/icyphy/ptII/ptolemy/domains/de/test/auto/MergeModel1Add.xml (RunModel)" time="0.034" />
  <testcase classname="ptolemy.util.test.junit.AutoTests" name="[33] /home/travis/build/icyphy/ptII/ptolemy/domains/de/test/auto/MergeModel2Add.xml (RunModel)" time="0.027" />
  <testcase classname="ptolemy.util.test.junit.AutoTests" name="[34] /home/travis/build/icyphy/ptII/ptolemy/domains/de/test/auto/MergeModel3Add.xml (RunModel)" time="0.033" />
  <testcase classname="ptolemy.util.test.junit.AutoTests" name="[35] /home/travis/build/icyphy/ptII/ptolemy/domains/de/test/auto/MergeWithoutDiscard.xml (RunModel)" time="0.007" />
  <testcase classname="ptolemy.util.test.junit.AutoTests" name="[36] /home/travis/build/icyphy/ptII/ptolemy/domains/de/test/auto/Modal1.xml (RunModel)" time="0.021" />
  <testcase classname="ptolemy.util.test.junit.AutoTests" name="[37] /home/travis/build/icyphy/ptII/ptolemy/domains/de/test/auto/Modal2.xml (RunModel)" time="0.021" />
  <testcase classname="ptolemy.util.test.junit.AutoTests" name="[38] /home/travis/build/icyphy/ptII/ptolemy/domains/de/test/auto/Modal3.xml (RunModel)" time="0.019" />
  <testcase classname="ptolemy.util.test.junit.AutoTests" name="[39] /home/travis/build/icyphy/ptII/ptolemy/domains/de/test/auto/Modal4.xml (RunModel)" time="0.027" />
  <testcase classname="ptolemy.util.test.junit.AutoTests" name="[40] /home/travis/build/icyphy/ptII/ptolemy/domains/de/test/auto/Modal5.xml (RunModel)" time="0.021" />
  <testcase classname="ptolemy.util.test.junit.AutoTests" name="[41] /home/travis/build/icyphy/ptII/ptolemy/domains/de/test/auto/Modal6.xml (RunModel)" time="0.025" />
  <testcase classname="ptolemy.util.test.junit.AutoTests" name="[42] /home/travis/build/icyphy/ptII/ptolemy/domains/de/test/auto/Modal7.xml (RunModel)" time="0.018" />
  <testcase classname="ptolemy.util.test.junit.AutoTests" name="[43] /home/travis/build/icyphy/ptII/ptolemy/domains/de/test/auto/ModalModel.xml (RunModel)" time="0.1" />
  <testcase classname="ptolemy.util.test.junit.AutoTests" name="[44] /home/travis/build/icyphy/ptII/ptolemy/domains/de/test/auto/ModalSource.xml (RunModel)" time="0.015" />
  <testcase classname="ptolemy.util.test.junit.AutoTests" name="[45] /home/travis/build/icyphy/ptII/ptolemy/domains/de/test/auto/NonInterruptibleTimerZeroDelay.xml (RunModel)" time="0.006" />
  <testcase classname="ptolemy.util.test.junit.AutoTests" name="[46] /home/travis/build/icyphy/ptII/ptolemy/domains/de/test/auto/OpenQueueingNetwork.xml (RunModel)" time="1.972" />
  <testcase classname="ptolemy.util.test.junit.AutoTests" name="[47] /home/travis/build/icyphy/ptII/ptolemy/domains/de/test/auto/OpenQueuingNetwork.xml (RunModel)" time="0.262" />
  <testcase classname="ptolemy.util.test.junit.AutoTests" name="[48] /home/travis/build/icyphy/ptII/ptolemy/domains/de/test/auto/PeriodicSampler.xml (RunModel)" time="0.014" />
  <testcase classname="ptolemy.util.test.junit.AutoTests" name="[49] /home/travis/build/icyphy/ptII/ptolemy/domains/de/test/auto/PersistentIO.xml (RunModel)" time="0.024" />
  <testcase classname="ptolemy.util.test.junit.AutoTests" name="[50] /home/travis/build/icyphy/ptII/ptolemy/domains/de/test/auto/PortParameterResetOnInitialize.xml (RunModel)" time="0.007" />
  <testcase classname="ptolemy.util.test.junit.AutoTests" name="[51] /home/travis/build/icyphy/ptII/ptolemy/domains/de/test/auto/PortParameterUpdates.xml (RunModel)" time="0.013" />
  <testcase classname="ptolemy.util.test.junit.AutoTests" name="[52] /home/travis/build/icyphy/ptII/ptolemy/domains/de/test/auto/QueueAndServer.xml (RunModel)" time="0.017" />
  <testcase classname="ptolemy.util.test.junit.AutoTests" name="[53] /home/travis/build/icyphy/ptII/ptolemy/domains/de/test/auto/Records.xml (RunModel)" time="0.012" />
  <testcase classname="ptolemy.util.test.junit.AutoTests" name="[54] /home/travis/build/icyphy/ptII/ptolemy/domains/de/test/auto/ResetTransitionWithStartTime1.xml (RunModel)" time="0.02" />
  <testcase classname="ptolemy.util.test.junit.AutoTests" name="[55] /home/travis/build/icyphy/ptII/ptolemy/domains/de/test/auto/ResetTransitionWithStartTime2.xml (RunModel)" time="0.015" />
  <testcase classname="ptolemy.util.test.junit.AutoTests" name="[56] /home/travis/build/icyphy/ptII/ptolemy/domains/de/test/auto/ResetTransitionWithStartTime3.xml (RunModel)" time="0.017" />
  <testcase classname="ptolemy.util.test.junit.AutoTests" name="[57] /home/travis/build/icyphy/ptII/ptolemy/domains/de/test/auto/ResetTransitionWithStartTime4.xml (RunModel)" time="0.016" />
  <testcase classname="ptolemy.util.test.junit.AutoTests" name="[58] /home/travis/build/icyphy/ptII/ptolemy/domains/de/test/auto/ResettableTimer1.xml (RunModel)" time="0.01" />
  <testcase classname="ptolemy.util.test.junit.AutoTests" name="[59] /home/travis/build/icyphy/ptII/ptolemy/domains/de/test/auto/ResettableTimer2.xml (RunModel)" time="0.01" />
  <testcase classname="ptolemy.util.test.junit.AutoTests" name="[60] /home/travis/build/icyphy/ptII/ptolemy/domains/de/test/auto/ResettableTimer3.xml (RunModel)" time="0.007" />
  <testcase classname="ptolemy.util.test.junit.AutoTests" name="[61] /home/travis/build/icyphy/ptII/ptolemy/domains/de/test/auto/ResettableTimer4.xml (RunModel)" time="0.008" />
  <testcase classname="ptolemy.util.test.junit.AutoTests" name="[62] /home/travis/build/icyphy/ptII/ptolemy/domains/de/test/auto/ResettableTimer5.xml (RunModel)" time="0.008" />
  <testcase classname="ptolemy.util.test.junit.AutoTests" name="[63] /home/travis/build/icyphy/ptII/ptolemy/domains/de/test/auto/ResettableTimer6.xml (RunModel)" time="0.015" />
  <testcase classname="ptolemy.util.test.junit.AutoTests" name="[64] /home/travis/build/icyphy/ptII/ptolemy/domains/de/test/auto/ServerZeroDelay.xml (RunModel)" time="0.01" />
  <testcase classname="ptolemy.util.test.junit.AutoTests" name="[65] /home/travis/build/icyphy/ptII/ptolemy/domains/de/test/auto/SmartSender.xml (RunModel)" time="3.007" />
  <testcase classname="ptolemy.util.test.junit.AutoTests" name="[66] /home/travis/build/icyphy/ptII/ptolemy/domains/de/test/auto/ThreadedComposite.xml (RunModel)" time="0.602" />
  <testcase classname="ptolemy.util.test.junit.AutoTests" name="[67] /home/travis/build/icyphy/ptII/ptolemy/domains/de/test/auto/Time.xml (RunModel)" time="0.423" />
  <testcase classname="ptolemy.util.test.junit.AutoTests" name="[68] /home/travis/build/icyphy/ptII/ptolemy/domains/de/test/auto/TimeDelayZeroDelay.xml (RunModel)" time="0.011" />
  <testcase classname="ptolemy.util.test.junit.AutoTests" name="[69] /home/travis/build/icyphy/ptII/ptolemy/domains/de/test/auto/TimerZeroDelay.xml (RunModel)" time="0.009" />
  <testcase classname="ptolemy.util.test.junit.AutoTests" name="[70] /home/travis/build/icyphy/ptII/ptolemy/domains/de/test/auto/TimingParadox.xml (RunModel)" time="0.351" />
  <testcase classname="ptolemy.util.test.junit.AutoTests" name="[71] /home/travis/build/icyphy/ptII/ptolemy/domains/de/test/auto/TransferInputs.xml (RunModel)" time="0.014" />
  <testcase classname="ptolemy.util.test.junit.AutoTests" name="[72] /home/travis/build/icyphy/ptII/ptolemy/domains/de/test/auto/TransferOutputs2.xml (RunModel)" time="0.015" />
  <testcase classname="ptolemy.util.test.junit.AutoTests" name="[73] /home/travis/build/icyphy/ptII/ptolemy/domains/de/test/auto/Trilateration.xml (RunModel)" time="10.783" />
  <testcase classname="ptolemy.util.test.junit.AutoTests" name="[74] /home/travis/build/icyphy/ptII/ptolemy/domains/de/test/auto/TwoSigmaDelta.xml (RunModel)" time="1.872" />
  <testcase classname="ptolemy.util.test.junit.AutoTests" name="[75] /home/travis/build/icyphy/ptII/ptolemy/domains/de/test/auto/VariableDelay.xml (RunModel)" time="0.009" />
  <testcase classname="ptolemy.util.test.junit.AutoTests" name="[76] /home/travis/build/icyphy/ptII/ptolemy/domains/de/test/auto/VariableDelay2.xml (RunModel)" time="0.007" />
  <testcase classname="ptolemy.util.test.junit.AutoTests" name="[77] /home/travis/build/icyphy/ptII/ptolemy/domains/de/test/auto/VariableDelayZeroDelay.xml (RunModel)" time="0.009" />
  <testcase classname="ptolemy.util.test.junit.AutoTests" name="[78] /home/travis/build/icyphy/ptII/ptolemy/domains/de/test/auto/VariableDelayZeroDelay2.xml (RunModel)" time="0.008" />
  <testcase classname="ptolemy.util.test.junit.AutoTests" name="[79] /home/travis/build/icyphy/ptII/ptolemy/domains/de/test/auto/deInCt.xml (RunModel)" time="0.012" />
  <testcase classname="ptolemy.util.test.junit.AutoTests" name="[80] /home/travis/build/icyphy/ptII/ptolemy/domains/de/test/auto/deInCt2.xml (RunModel)" time="0.012" />
  <testcase classname="ptolemy.util.test.junit.AutoTests" name="[81] /home/travis/build/icyphy/ptII/ptolemy/domains/de/test/auto/dynamicCausalityInterface1.xml (RunModel)" time="0.016" />
  <testcase classname="ptolemy.util.test.junit.AutoTests" name="[82] /home/travis/build/icyphy/ptII/ptolemy/domains/de/test/auto/fsm_de_test.xml (RunModel)" time="0.024" />
  <testcase classname="ptolemy.util.test.junit.AutoTests" name="[83] /home/travis/build/icyphy/ptII/ptolemy/domains/de/test/auto/functionDependencyReconstruction.xml (RunModel)" time="0.033" />
  <testcase classname="ptolemy.util.test.junit.AutoTests" name="[84] /home/travis/build/icyphy/ptII/ptolemy/domains/de/test/auto/multirate.xml (RunModel)" time="0.013" />
  <testcase classname="ptolemy.util.test.junit.AutoTests" name="[85] /home/travis/build/icyphy/ptII/ptolemy/domains/de/test/auto/multirate2.xml (RunModel)" time="0.014" />
  <testcase classname="ptolemy.util.test.junit.AutoTests" name="[86] /home/travis/build/icyphy/ptII/ptolemy/domains/de/test/auto/realtime.xml (RunModel)" time="10.009" />
  <testcase classname="ptolemy.util.test.junit.AutoTests" name="[87] /home/travis/build/icyphy/ptII/ptolemy/domains/de/test/auto/relationGroup.xml (RunModel)" time="0.007" />
  <testcase classname="ptolemy.util.test.junit.AutoTests" name="[88] /home/travis/build/icyphy/ptII/ptolemy/domains/de/test/auto/relationGroup2.xml (RunModel)" time="0.006" />
  <testcase classname="ptolemy.util.test.junit.AutoTests" name="[89] /home/travis/build/icyphy/ptII/ptolemy/domains/de/test/auto/sortWithOpaquePorts.xml (RunModel)" time="0.007" />
  <testcase classname="ptolemy.util.test.junit.AutoTests" name="[90] /home/travis/build/icyphy/ptII/ptolemy/domains/de/test/auto/transferInputsandOutputs.xml (RunModel)" time="0.011" />
  <testcase classname="ptolemy.util.test.junit.AutoTests" name="[91] /home/travis/build/icyphy/ptII/ptolemy/domains/de/test/auto/triggerType.xml (RunModel)" time="0.007" />
  <system-out><![CDATA[/home/travis/build/icyphy/ptII/ptolemy/domains/de/test/DependencyLoop.tcl
testDefs.tcl: setting time out to 9000 seconds at Wed Oct 17 02:33:21 UTC 2018
20 ms. Memory: 116224K Free: 93397K (80%)
13 ms. Memory: 146944K Free: 135078K (92%)
/home/travis/build/icyphy/ptII/ptolemy/domains/de/test/RunDETestsAsQSS.tcl
Run the DE tests using ptolemy.domains.qss.test.QSSDirectorTest, which extends QSSDirector and prints a message in the constructors.
------------------ testing $PTII/ptolemy/domains/de/test/auto/knownFailedTests/dependencyLoop.xml (Known Failure) 
9 ms. Memory: 146944K Free: 131965K (90%)


==== $PTIIhome/travis/build/icyphy/ptII/ptolemy/domains/de/test/../../../../: Auto Automatic test in file $PTII/ptolemy/domains/de/test/auto/knownFailedTests/dependencyLoop.xml
==== Contents of test case:

	    # FIXME: we should use $relativeFilename here, but it
	    # might have backslashes under Windows, which causes no end
	    # of trouble.
	    createAndExecute $file
	    list {}
	
.... Test generated KNOWN error:
    while executing
ptolemy.kernel.util.IllegalActionException: Found a zero delay loop containing .dependencyLoop.original
  in .dependencyLoop and .dependencyLoop.original
	at ptolemy.actor.util.CausalityInterfaceForComposites._computeOutputPortDepth(CausalityInterfaceForComposites.java:759)
	at ptolemy.actor.util.CausalityInterfaceForComposites._computeInputDepth(CausalityInterfaceForComposites.java:696)
	at ptolemy.actor.util.CausalityInterfaceForComposites._computeOutputPortDepth(CausalityInterfaceForComposites.java:765)
	at ptolemy.actor.util.CausalityInterfaceForComposites._computeInputDepth(CausalityInterfaceForComposites.java:696)
	at ptolemy.actor.util.CausalityInterfaceForComposites._computeOutputPortDepth(CausalityInterfaceForComposites.java:765)
	at ptolemy.actor.util.CausalityInterfaceForComposites._computeInputDepth(CausalityInterfaceForComposites.java:696)
	at ptolemy.actor.util.CausalityInterfaceForComposites._computeActorDepth(CausalityInterfaceForComposites.java:532)
	at ptolemy.actor.util.CausalityInterfaceForComposites.checkForCycles(CausalityInterfaceForComposites.java:96)
	at ptolemy.domains.de.kernel.DEDirector.preinitialize(DEDirector.java:1338)
	at ptolemy.actor.CompositeActor.preinitialize(CompositeActor.java:1828)
	at ptolemy.actor.Manager.preinitializeAndResolveTypes(Manager.java:1040)
	at ptolemy.actor.Manager.initialize(Manager.java:710)
	at ptolemy.actor.Manager.execute(Manager.java:356)
	at ptolemy.actor.Manager.run(Manager.java:1263)
	at ptolemy.actor.Manager$PtolemyRunThread.run(Manager.java:1915)

    while executing
ptolemy.kernel.util.IllegalActionException: Found a zero delay loop containing .dependencyLoop.original
  in .dependencyLoop and .dependencyLoop.original
    while executing
"java::new ptolemy.moml.MoMLSimpleApplication $file
"
    (procedure "createAndExecute" line 2)
    invoked from within
"createAndExecute $file"
    ("uplevel" body line 5)
    invoked from within
"uplevel $contents_of_test"
------------------ testing $PTII/ptolemy/domains/de/test/auto/knownFailedTests/DESDFClockTest.xml (Known Failure) 
2069 ms. Memory: 146944K Free: 116476K (79%)


==== $PTIIhome/travis/build/icyphy/ptII/ptolemy/domains/de/test/../../../../: Auto Automatic test in file $PTII/ptolemy/domains/de/test/auto/knownFailedTests/DESDFClockTest.xml
==== Contents of test case:

	    # FIXME: we should use $relativeFilename here, but it
	    # might have backslashes under Windows, which causes no end
	    # of trouble.
	    createAndExecute $file
	    list {}
	
.... Test generated KNOWN error:
    while executing
ptolemy.kernel.util.IllegalActionException: Actor is not ready to fire.  Perhaps UpSample.prefire() returned false? Try debugging the actor by selecting "Listen to Actor".  Also, for SDF check moml for tokenConsumptionRate on input.
  in .DESDFClockTest.Play Bell.Copy1:SDF Director and .DESDFClockTest.Play Bell.UpSample
	at ptolemy.actor.sched.StaticSchedulingDirector.fire(StaticSchedulingDirector.java:227)
	at ptolemy.domains.sdf.kernel.SDFDirector.fire(SDFDirector.java:500)
	at ptolemy.actor.CompositeActor.fire(CompositeActor.java:455)
	at ptolemy.domains.de.kernel.DEDirector._fire(DEDirector.java:1949)
	at ptolemy.domains.de.kernel.DEDirector.fire(DEDirector.java:502)
	at ptolemy.actor.CompositeActor.fire(CompositeActor.java:455)
	at ptolemy.actor.Manager.iterate(Manager.java:851)
	at ptolemy.actor.Manager.execute(Manager.java:369)
	at ptolemy.actor.Manager.run(Manager.java:1263)
	at ptolemy.actor.Manager$PtolemyRunThread.run(Manager.java:1915)

    while executing
ptolemy.kernel.util.IllegalActionException: Actor is not ready to fire.  Perhaps UpSample.prefire() returned false? Try debugging the actor by selecting "Listen to Actor".  Also, for SDF check moml for tokenConsumptionRate on input.
  in .DESDFClockTest.Play Bell.Copy1:SDF Director and .DESDFClockTest.Play Bell.UpSample
    while executing
"java::new ptolemy.moml.MoMLSimpleApplication $file
"
    (procedure "createAndExecute" line 2)
    invoked from within
"createAndExecute $file"
    ("uplevel" body line 5)
    invoked from within
"uplevel $contents_of_test"
------------------ testing $PTII/ptolemy/domains/de/test/auto/knownFailedTests/FSMSource.xml (Known Failure) 
37 ms. Memory: 146944K Free: 107386K (73%)
!!!! Auto was marked as failing, but now passes
------------------ testing $PTII/ptolemy/domains/de/test/auto/knownFailedTests/dependencyLoop2.xml (Known Failure) 
11 ms. Memory: 146944K Free: 105510K (72%)


==== $PTIIhome/travis/build/icyphy/ptII/ptolemy/domains/de/test/../../../../: Auto Automatic test in file $PTII/ptolemy/domains/de/test/auto/knownFailedTests/dependencyLoop2.xml
==== Contents of test case:

	    # FIXME: we should use $relativeFilename here, but it
	    # might have backslashes under Windows, which causes no end
	    # of trouble.
	    createAndExecute $file
	    list {}
	
.... Test generated KNOWN error:
    while executing
ptolemy.kernel.util.IllegalActionException: Found a zero delay loop containing .dependencyLoop2.original
  in .dependencyLoop2 and .dependencyLoop2.original
	at ptolemy.actor.util.CausalityInterfaceForComposites._computeOutputPortDepth(CausalityInterfaceForComposites.java:759)
	at ptolemy.actor.util.CausalityInterfaceForComposites._computeInputDepth(CausalityInterfaceForComposites.java:696)
	at ptolemy.actor.util.CausalityInterfaceForComposites._computeOutputPortDepth(CausalityInterfaceForComposites.java:765)
	at ptolemy.actor.util.CausalityInterfaceForComposites._computeInputDepth(CausalityInterfaceForComposites.java:696)
	at ptolemy.actor.util.CausalityInterfaceForComposites._computeOutputPortDepth(CausalityInterfaceForComposites.java:765)
	at ptolemy.actor.util.CausalityInterfaceForComposites._computeInputDepth(CausalityInterfaceForComposites.java:696)
	at ptolemy.actor.util.CausalityInterfaceForComposites._computeActorDepth(CausalityInterfaceForComposites.java:532)
	at ptolemy.actor.util.CausalityInterfaceForComposites.checkForCycles(CausalityInterfaceForComposites.java:96)
	at ptolemy.domains.de.kernel.DEDirector.preinitialize(DEDirector.java:1338)
	at ptolemy.actor.CompositeActor.preinitialize(CompositeActor.java:1828)
	at ptolemy.actor.Manager.preinitializeAndResolveTypes(Manager.java:1040)
	at ptolemy.actor.Manager.initialize(Manager.java:710)
	at ptolemy.actor.Manager.execute(Manager.java:356)
	at ptolemy.actor.Manager.run(Manager.java:1263)
	at ptolemy.actor.Manager$PtolemyRunThread.run(Manager.java:1915)

    while executing
ptolemy.kernel.util.IllegalActionException: Found a zero delay loop containing .dependencyLoop2.original
  in .dependencyLoop2 and .dependencyLoop2.original
    while executing
"java::new ptolemy.moml.MoMLSimpleApplication $file
"
    (procedure "createAndExecute" line 2)
    invoked from within
"createAndExecute $file"
    ("uplevel" body line 5)
    invoked from within
"uplevel $contents_of_test"
------------------ testing $PTII/ptolemy/domains/de/test/auto/knownFailedTests/HierarchicalModel.xml (Known Failure) 
10 ms. Memory: 146944K Free: 84877K (58%)


==== $PTIIhome/travis/build/icyphy/ptII/ptolemy/domains/de/test/../../../../: Auto Automatic test in file $PTII/ptolemy/domains/de/test/auto/knownFailedTests/HierarchicalModel.xml
==== Contents of test case:

	    # FIXME: we should use $relativeFilename here, but it
	    # might have backslashes under Windows, which causes no end
	    # of trouble.
	    createAndExecute $file
	    list {}
	
.... Test generated KNOWN error:
    while executing
ptolemy.kernel.util.IllegalActionException: Found a zero delay loop containing .HierarchicalModel.A
  in .HierarchicalModel and .HierarchicalModel.A
	at ptolemy.actor.util.CausalityInterfaceForComposites._computeOutputPortDepth(CausalityInterfaceForComposites.java:759)
	at ptolemy.actor.util.CausalityInterfaceForComposites._computeInputDepth(CausalityInterfaceForComposites.java:696)
	at ptolemy.actor.util.CausalityInterfaceForComposites._computeOutputPortDepth(CausalityInterfaceForComposites.java:765)
	at ptolemy.actor.util.CausalityInterfaceForComposites._computeInputDepth(CausalityInterfaceForComposites.java:696)
	at ptolemy.actor.util.CausalityInterfaceForComposites._computeOutputPortDepth(CausalityInterfaceForComposites.java:765)
	at ptolemy.actor.util.CausalityInterfaceForComposites._computeInputDepth(CausalityInterfaceForComposites.java:696)
	at ptolemy.actor.util.CausalityInterfaceForComposites._computeActorDepth(CausalityInterfaceForComposites.java:532)
	at ptolemy.actor.util.CausalityInterfaceForComposites.checkForCycles(CausalityInterfaceForComposites.java:96)
	at ptolemy.domains.de.kernel.DEDirector.preinitialize(DEDirector.java:1338)
	at ptolemy.actor.CompositeActor.preinitialize(CompositeActor.java:1828)
	at ptolemy.actor.Manager.preinitializeAndResolveTypes(Manager.java:1040)
	at ptolemy.actor.Manager.initialize(Manager.java:710)
	at ptolemy.actor.Manager.execute(Manager.java:356)
	at ptolemy.actor.Manager.run(Manager.java:1263)
	at ptolemy.actor.Manager$PtolemyRunThread.run(Manager.java:1915)

    while executing
ptolemy.kernel.util.IllegalActionException: Found a zero delay loop containing .HierarchicalModel.A
  in .HierarchicalModel and .HierarchicalModel.A
    while executing
"java::new ptolemy.moml.MoMLSimpleApplication $file
"
    (procedure "createAndExecute" line 2)
    invoked from within
"createAndExecute $file"
    ("uplevel" body line 5)
    invoked from within
"uplevel $contents_of_test"
------------------ testing $PTII/ptolemy/domains/de/test/auto/knownFailedTests/DirectFeedback.xml (Known Failure) 
3 ms. Memory: 146944K Free: 141379K (96%)


==== $PTIIhome/travis/build/icyphy/ptII/ptolemy/domains/de/test/../../../../: Auto Automatic test in file $PTII/ptolemy/domains/de/test/auto/knownFailedTests/DirectFeedback.xml
==== Contents of test case:

	    # FIXME: we should use $relativeFilename here, but it
	    # might have backslashes under Windows, which causes no end
	    # of trouble.
	    createAndExecute $file
	    list {}
	
.... Test generated KNOWN error:
    while executing
ptolemy.kernel.util.IllegalActionException: Test fails in iteration 1.
Value was: 1.0. Should have been: 2.0
  in .DirectFeedback.Test
	at ptolemy.actor.lib.Test.fire(Test.java:268)
	at ptolemy.domains.de.kernel.DEDirector._fire(DEDirector.java:1949)
	at ptolemy.domains.de.kernel.DEDirector.fire(DEDirector.java:502)
	at ptolemy.actor.CompositeActor.fire(CompositeActor.java:455)
	at ptolemy.actor.Manager.iterate(Manager.java:851)
	at ptolemy.actor.Manager.execute(Manager.java:369)
	at ptolemy.actor.Manager.run(Manager.java:1263)
	at ptolemy.actor.Manager$PtolemyRunThread.run(Manager.java:1915)

    while executing
ptolemy.kernel.util.IllegalActionException: Test fails in iteration 1.
Value was: 1.0. Should have been: 2.0
  in .DirectFeedback.Test
    while executing
"java::new ptolemy.moml.MoMLSimpleApplication $file
"
    (procedure "createAndExecute" line 2)
    invoked from within
"createAndExecute $file"
    ("uplevel" body line 5)
    invoked from within
"uplevel $contents_of_test"
------------------ testing $PTII/ptolemy/domains/de/test/auto/ActorDepthCalculation_actorWithoutPorts.xml
auto.tcl: Setting watchdog for 200 seconds at Wed Oct 17 02:33:25 UTC 2018
3 ms. Memory: 146944K Free: 132350K (90%)
ptolemy.util.test.WatchDog.cancel(): canceling Wed Oct 17 02:33:25 UTC 2018
auto.tcl: Setting watchdog for 200 seconds at Wed Oct 17 02:33:25 UTC 2018
3 ms. Memory: 146944K Free: 131303K (89%)
ptolemy.util.test.WatchDog.cancel(): canceling Wed Oct 17 02:33:25 UTC 2018
------------------ testing $PTII/ptolemy/domains/de/test/auto/AssemblyLine.xml
auto.tcl: Setting watchdog for 200 seconds at Wed Oct 17 02:33:25 UTC 2018
10 ms. Memory: 208384K Free: 186647K (90%)
ptolemy.util.test.WatchDog.cancel(): canceling Wed Oct 17 02:33:25 UTC 2018
auto.tcl: Setting watchdog for 200 seconds at Wed Oct 17 02:33:25 UTC 2018
5 ms. Memory: 208384K Free: 186647K (90%)
ptolemy.util.test.WatchDog.cancel(): canceling Wed Oct 17 02:33:25 UTC 2018
------------------ testing $PTII/ptolemy/domains/de/test/auto/CQBug1.xml
auto.tcl: Setting watchdog for 200 seconds at Wed Oct 17 02:33:25 UTC 2018
3 ms. Memory: 208384K Free: 197716K (95%)
ptolemy.util.test.WatchDog.cancel(): canceling Wed Oct 17 02:33:25 UTC 2018
auto.tcl: Setting watchdog for 200 seconds at Wed Oct 17 02:33:25 UTC 2018
2 ms. Memory: 208384K Free: 197716K (95%)
ptolemy.util.test.WatchDog.cancel(): canceling Wed Oct 17 02:33:25 UTC 2018
------------------ testing $PTII/ptolemy/domains/de/test/auto/CancelFireAt.xml
auto.tcl: Setting watchdog for 200 seconds at Wed Oct 17 02:33:25 UTC 2018
4 ms. Memory: 208384K Free: 201022K (96%)
ptolemy.util.test.WatchDog.cancel(): canceling Wed Oct 17 02:33:25 UTC 2018
auto.tcl: Setting watchdog for 200 seconds at Wed Oct 17 02:33:25 UTC 2018
2 ms. Memory: 208384K Free: 198923K (95%)
ptolemy.util.test.WatchDog.cancel(): canceling Wed Oct 17 02:33:25 UTC 2018
------------------ testing $PTII/ptolemy/domains/de/test/auto/CausalityAndComposabilityAnalysis.xml
auto.tcl: Setting watchdog for 200 seconds at Wed Oct 17 02:33:25 UTC 2018
18 ms. Memory: 208384K Free: 196497K (94%)
ptolemy.util.test.WatchDog.cancel(): canceling Wed Oct 17 02:33:25 UTC 2018
auto.tcl: Setting watchdog for 200 seconds at Wed Oct 17 02:33:25 UTC 2018
4 ms. Memory: 208384K Free: 196497K (94%)
ptolemy.util.test.WatchDog.cancel(): canceling Wed Oct 17 02:33:25 UTC 2018
------------------ testing $PTII/ptolemy/domains/de/test/auto/CausalityInterface1.xml
auto.tcl: Setting watchdog for 200 seconds at Wed Oct 17 02:33:25 UTC 2018
19 ms. Memory: 208384K Free: 196433K (94%)
ptolemy.util.test.WatchDog.cancel(): canceling Wed Oct 17 02:33:26 UTC 2018
auto.tcl: Setting watchdog for 200 seconds at Wed Oct 17 02:33:26 UTC 2018
3 ms. Memory: 208384K Free: 196433K (94%)
ptolemy.util.test.WatchDog.cancel(): canceling Wed Oct 17 02:33:26 UTC 2018
------------------ testing $PTII/ptolemy/domains/de/test/auto/CausalityInterface15.xml
auto.tcl: Setting watchdog for 200 seconds at Wed Oct 17 02:33:26 UTC 2018
11 ms. Memory: 208384K Free: 196424K (94%)
ptolemy.util.test.WatchDog.cancel(): canceling Wed Oct 17 02:33:26 UTC 2018
auto.tcl: Setting watchdog for 200 seconds at Wed Oct 17 02:33:26 UTC 2018
7 ms. Memory: 208384K Free: 196424K (94%)
ptolemy.util.test.WatchDog.cancel(): canceling Wed Oct 17 02:33:26 UTC 2018
------------------ testing $PTII/ptolemy/domains/de/test/auto/CausalityInterface2.xml
auto.tcl: Setting watchdog for 200 seconds at Wed Oct 17 02:33:26 UTC 2018
7 ms. Memory: 208384K Free: 196408K (94%)
ptolemy.util.test.WatchDog.cancel(): canceling Wed Oct 17 02:33:26 UTC 2018
auto.tcl: Setting watchdog for 200 seconds at Wed Oct 17 02:33:26 UTC 2018
2 ms. Memory: 208384K Free: 196408K (94%)
ptolemy.util.test.WatchDog.cancel(): canceling Wed Oct 17 02:33:26 UTC 2018
------------------ testing $PTII/ptolemy/domains/de/test/auto/CausalityInterface3.xml
auto.tcl: Setting watchdog for 200 seconds at Wed Oct 17 02:33:26 UTC 2018
8 ms. Memory: 208384K Free: 196420K (94%)
ptolemy.util.test.WatchDog.cancel(): canceling Wed Oct 17 02:33:26 UTC 2018
auto.tcl: Setting watchdog for 200 seconds at Wed Oct 17 02:33:26 UTC 2018
5 ms. Memory: 208384K Free: 196420K (94%)
ptolemy.util.test.WatchDog.cancel(): canceling Wed Oct 17 02:33:26 UTC 2018
------------------ testing $PTII/ptolemy/domains/de/test/auto/ClockDrift.xml
auto.tcl: Setting watchdog for 200 seconds at Wed Oct 17 02:33:26 UTC 2018
89 ms. Memory: 208384K Free: 187659K (90%)
ptolemy.util.test.WatchDog.cancel(): canceling Wed Oct 17 02:33:26 UTC 2018
auto.tcl: Setting watchdog for 200 seconds at Wed Oct 17 02:33:26 UTC 2018
57 ms. Memory: 208384K Free: 185561K (89%)
ptolemy.util.test.WatchDog.cancel(): canceling Wed Oct 17 02:33:26 UTC 2018
------------------ testing $PTII/ptolemy/domains/de/test/auto/ClockDriftAndValueChange.xml
auto.tcl: Setting watchdog for 200 seconds at Wed Oct 17 02:33:26 UTC 2018
48 ms. Memory: 208384K Free: 187491K (90%)
ptolemy.util.test.WatchDog.cancel(): canceling Wed Oct 17 02:33:26 UTC 2018
auto.tcl: Setting watchdog for 200 seconds at Wed Oct 17 02:33:26 UTC 2018
32 ms. Memory: 208384K Free: 185394K (89%)
ptolemy.util.test.WatchDog.cancel(): canceling Wed Oct 17 02:33:26 UTC 2018
------------------ testing $PTII/ptolemy/domains/de/test/auto/ClockDriftChange.xml
auto.tcl: Setting watchdog for 200 seconds at Wed Oct 17 02:33:26 UTC 2018
26 ms. Memory: 208384K Free: 190812K (92%)
ptolemy.util.test.WatchDog.cancel(): canceling Wed Oct 17 02:33:26 UTC 2018
auto.tcl: Setting watchdog for 200 seconds at Wed Oct 17 02:33:26 UTC 2018
24 ms. Memory: 208384K Free: 188714K (91%)
ptolemy.util.test.WatchDog.cancel(): canceling Wed Oct 17 02:33:26 UTC 2018
------------------ testing $PTII/ptolemy/domains/de/test/auto/ComposableCausalityAnalysis.xml
auto.tcl: Setting watchdog for 200 seconds at Wed Oct 17 02:33:26 UTC 2018
1 ms. Memory: 208384K Free: 196613K (94%)
ptolemy.util.test.WatchDog.cancel(): canceling Wed Oct 17 02:33:26 UTC 2018
auto.tcl: Setting watchdog for 200 seconds at Wed Oct 17 02:33:26 UTC 2018
2 ms. Memory: 208384K Free: 194515K (93%)
ptolemy.util.test.WatchDog.cancel(): canceling Wed Oct 17 02:33:26 UTC 2018
------------------ testing $PTII/ptolemy/domains/de/test/auto/DEFixedPointLimitation.xml
auto.tcl: Setting watchdog for 200 seconds at Wed Oct 17 02:33:27 UTC 2018
2 ms. Memory: 208384K Free: 196153K (94%)
ptolemy.util.test.WatchDog.cancel(): canceling Wed Oct 17 02:33:27 UTC 2018
auto.tcl: Setting watchdog for 200 seconds at Wed Oct 17 02:33:27 UTC 2018
1 ms. Memory: 208384K Free: 196153K (94%)
ptolemy.util.test.WatchDog.cancel(): canceling Wed Oct 17 02:33:27 UTC 2018
------------------ testing $PTII/ptolemy/domains/de/test/auto/DEScheduleTest.xml
auto.tcl: Setting watchdog for 200 seconds at Wed Oct 17 02:33:27 UTC 2018
3 ms. Memory: 208384K Free: 198285K (95%)
ptolemy.util.test.WatchDog.cancel(): canceling Wed Oct 17 02:33:27 UTC 2018
auto.tcl: Setting watchdog for 200 seconds at Wed Oct 17 02:33:27 UTC 2018
3 ms. Memory: 208384K Free: 196187K (94%)
ptolemy.util.test.WatchDog.cancel(): canceling Wed Oct 17 02:33:27 UTC 2018
------------------ testing $PTII/ptolemy/domains/de/test/auto/DEinDEwithStartTimes.xml
auto.tcl: Setting watchdog for 200 seconds at Wed Oct 17 02:33:27 UTC 2018
5 ms. Memory: 208384K Free: 196157K (94%)
ptolemy.util.test.WatchDog.cancel(): canceling Wed Oct 17 02:33:27 UTC 2018
auto.tcl: Setting watchdog for 200 seconds at Wed Oct 17 02:33:27 UTC 2018
3 ms. Memory: 208384K Free: 194060K (93%)
ptolemy.util.test.WatchDog.cancel(): canceling Wed Oct 17 02:33:27 UTC 2018
------------------ testing $PTII/ptolemy/domains/de/test/auto/DEinDEwithStartTimes2.xml
auto.tcl: Setting watchdog for 200 seconds at Wed Oct 17 02:33:27 UTC 2018
6 ms. Memory: 208384K Free: 196475K (94%)
ptolemy.util.test.WatchDog.cancel(): canceling Wed Oct 17 02:33:27 UTC 2018
auto.tcl: Setting watchdog for 200 seconds at Wed Oct 17 02:33:27 UTC 2018
4 ms. Memory: 208384K Free: 194039K (93%)
ptolemy.util.test.WatchDog.cancel(): canceling Wed Oct 17 02:33:27 UTC 2018
------------------ testing $PTII/ptolemy/domains/de/test/auto/DateDemo.xml
auto.tcl: Setting watchdog for 200 seconds at Wed Oct 17 02:33:27 UTC 2018
14 ms. Memory: 208384K Free: 188582K (90%)
ptolemy.util.test.WatchDog.cancel(): canceling Wed Oct 17 02:33:27 UTC 2018
auto.tcl: Setting watchdog for 200 seconds at Wed Oct 17 02:33:27 UTC 2018
7 ms. Memory: 208384K Free: 186484K (89%)
ptolemy.util.test.WatchDog.cancel(): canceling Wed Oct 17 02:33:27 UTC 2018
------------------ testing $PTII/ptolemy/domains/de/test/auto/DateToEvent.xml
auto.tcl: Setting watchdog for 200 seconds at Wed Oct 17 02:33:27 UTC 2018
2015 ms. Memory: 208384K Free: 183311K (88%)
ptolemy.util.test.WatchDog.cancel(): canceling Wed Oct 17 02:33:29 UTC 2018
auto.tcl: Setting watchdog for 200 seconds at Wed Oct 17 02:33:29 UTC 2018
2006 ms. Memory: 208384K Free: 180853K (87%)
ptolemy.util.test.WatchDog.cancel(): canceling Wed Oct 17 02:33:31 UTC 2018
------------------ testing $PTII/ptolemy/domains/de/test/auto/DepthTest1.xml
auto.tcl: Setting watchdog for 200 seconds at Wed Oct 17 02:33:31 UTC 2018
2 ms. Memory: 208384K Free: 197816K (95%)
ptolemy.util.test.WatchDog.cancel(): canceling Wed Oct 17 02:33:31 UTC 2018
auto.tcl: Setting watchdog for 200 seconds at Wed Oct 17 02:33:31 UTC 2018
1 ms. Memory: 208384K Free: 197816K (95%)
ptolemy.util.test.WatchDog.cancel(): canceling Wed Oct 17 02:33:31 UTC 2018
------------------ testing $PTII/ptolemy/domains/de/test/auto/DepthTest2.xml
auto.tcl: Setting watchdog for 200 seconds at Wed Oct 17 02:33:31 UTC 2018
3 ms. Memory: 208384K Free: 194019K (93%)
ptolemy.util.test.WatchDog.cancel(): canceling Wed Oct 17 02:33:31 UTC 2018
auto.tcl: Setting watchdog for 200 seconds at Wed Oct 17 02:33:31 UTC 2018
4 ms. Memory: 208384K Free: 194019K (93%)
ptolemy.util.test.WatchDog.cancel(): canceling Wed Oct 17 02:33:31 UTC 2018
------------------ testing $PTII/ptolemy/domains/de/test/auto/DepthTest3.xml
auto.tcl: Setting watchdog for 200 seconds at Wed Oct 17 02:33:31 UTC 2018
2 ms. Memory: 208384K Free: 198486K (95%)
ptolemy.util.test.WatchDog.cancel(): canceling Wed Oct 17 02:33:31 UTC 2018
auto.tcl: Setting watchdog for 200 seconds at Wed Oct 17 02:33:31 UTC 2018
1 ms. Memory: 208384K Free: 198486K (95%)
ptolemy.util.test.WatchDog.cancel(): canceling Wed Oct 17 02:33:31 UTC 2018
------------------ testing $PTII/ptolemy/domains/de/test/auto/DepthTest4.xml
auto.tcl: Setting watchdog for 200 seconds at Wed Oct 17 02:33:31 UTC 2018
4 ms. Memory: 208384K Free: 196139K (94%)
ptolemy.util.test.WatchDog.cancel(): canceling Wed Oct 17 02:33:31 UTC 2018
auto.tcl: Setting watchdog for 200 seconds at Wed Oct 17 02:33:31 UTC 2018
3 ms. Memory: 208384K Free: 196139K (94%)
ptolemy.util.test.WatchDog.cancel(): canceling Wed Oct 17 02:33:31 UTC 2018
------------------ testing $PTII/ptolemy/domains/de/test/auto/DepthTest5.xml
auto.tcl: Setting watchdog for 200 seconds at Wed Oct 17 02:33:31 UTC 2018
3 ms. Memory: 208384K Free: 196423K (94%)
ptolemy.util.test.WatchDog.cancel(): canceling Wed Oct 17 02:33:31 UTC 2018
auto.tcl: Setting watchdog for 200 seconds at Wed Oct 17 02:33:31 UTC 2018
3 ms. Memory: 208384K Free: 196423K (94%)
ptolemy.util.test.WatchDog.cancel(): canceling Wed Oct 17 02:33:31 UTC 2018
------------------ testing $PTII/ptolemy/domains/de/test/auto/DepthTest6.xml
auto.tcl: Setting watchdog for 200 seconds at Wed Oct 17 02:33:31 UTC 2018
5 ms. Memory: 208384K Free: 196391K (94%)
ptolemy.util.test.WatchDog.cancel(): canceling Wed Oct 17 02:33:31 UTC 2018
auto.tcl: Setting watchdog for 200 seconds at Wed Oct 17 02:33:31 UTC 2018
3 ms. Memory: 208384K Free: 196391K (94%)
ptolemy.util.test.WatchDog.cancel(): canceling Wed Oct 17 02:33:31 UTC 2018
------------------ testing $PTII/ptolemy/domains/de/test/auto/DepthTest7.xml
auto.tcl: Setting watchdog for 200 seconds at Wed Oct 17 02:33:32 UTC 2018
2 ms. Memory: 208384K Free: 196042K (94%)
ptolemy.util.test.WatchDog.cancel(): canceling Wed Oct 17 02:33:32 UTC 2018
auto.tcl: Setting watchdog for 200 seconds at Wed Oct 17 02:33:32 UTC 2018
2 ms. Memory: 208384K Free: 196042K (94%)
ptolemy.util.test.WatchDog.cancel(): canceling Wed Oct 17 02:33:32 UTC 2018
------------------ testing $PTII/ptolemy/domains/de/test/auto/EventToDate.xml
auto.tcl: Setting watchdog for 200 seconds at Wed Oct 17 02:33:32 UTC 2018
3011 ms. Memory: 208384K Free: 185575K (89%)
ptolemy.util.test.WatchDog.cancel(): canceling Wed Oct 17 02:33:35 UTC 2018
auto.tcl: Setting watchdog for 200 seconds at Wed Oct 17 02:33:35 UTC 2018
3004 ms. Memory: 208384K Free: 185575K (89%)
ptolemy.util.test.WatchDog.cancel(): canceling Wed Oct 17 02:33:38 UTC 2018
------------------ testing $PTII/ptolemy/domains/de/test/auto/FSM1.xml
auto.tcl: Setting watchdog for 200 seconds at Wed Oct 17 02:33:38 UTC 2018
36 ms. Memory: 208384K Free: 189099K (91%)
ptolemy.util.test.WatchDog.cancel(): canceling Wed Oct 17 02:33:38 UTC 2018
auto.tcl: Setting watchdog for 200 seconds at Wed Oct 17 02:33:38 UTC 2018
18 ms. Memory: 208384K Free: 184904K (89%)
ptolemy.util.test.WatchDog.cancel(): canceling Wed Oct 17 02:33:38 UTC 2018
------------------ testing $PTII/ptolemy/domains/de/test/auto/FSM7.xml
auto.tcl: Setting watchdog for 200 seconds at Wed Oct 17 02:33:38 UTC 2018
18 ms. Memory: 208384K Free: 187203K (90%)
ptolemy.util.test.WatchDog.cancel(): canceling Wed Oct 17 02:33:38 UTC 2018
auto.tcl: Setting watchdog for 200 seconds at Wed Oct 17 02:33:38 UTC 2018
20 ms. Memory: 208384K Free: 185105K (89%)
ptolemy.util.test.WatchDog.cancel(): canceling Wed Oct 17 02:33:38 UTC 2018
------------------ testing $PTII/ptolemy/domains/de/test/auto/Inspection.xml
auto.tcl: Setting watchdog for 200 seconds at Wed Oct 17 02:33:38 UTC 2018
21 ms. Memory: 208384K Free: 188754K (91%)
ptolemy.util.test.WatchDog.cancel(): canceling Wed Oct 17 02:33:38 UTC 2018
auto.tcl: Setting watchdog for 200 seconds at Wed Oct 17 02:33:38 UTC 2018
18 ms. Memory: 208384K Free: 186657K (90%)
ptolemy.util.test.WatchDog.cancel(): canceling Wed Oct 17 02:33:38 UTC 2018
------------------ testing $PTII/ptolemy/domains/de/test/auto/Iteration.xml
auto.tcl: Setting watchdog for 200 seconds at Wed Oct 17 02:33:38 UTC 2018
11 ms. Memory: 208384K Free: 196186K (94%)
ptolemy.util.test.WatchDog.cancel(): canceling Wed Oct 17 02:33:38 UTC 2018
auto.tcl: Setting watchdog for 200 seconds at Wed Oct 17 02:33:38 UTC 2018
5 ms. Memory: 208384K Free: 194088K (93%)
ptolemy.util.test.WatchDog.cancel(): canceling Wed Oct 17 02:33:38 UTC 2018
------------------ testing $PTII/ptolemy/domains/de/test/auto/LineFault.xml
auto.tcl: Setting watchdog for 200 seconds at Wed Oct 17 02:33:38 UTC 2018
727 ms. Memory: 208384K Free: 196445K (94%)
ptolemy.util.test.WatchDog.cancel(): canceling Wed Oct 17 02:33:39 UTC 2018
auto.tcl: Setting watchdog for 200 seconds at Wed Oct 17 02:33:39 UTC 2018
628 ms. Memory: 208384K Free: 139172K (67%)
ptolemy.util.test.WatchDog.cancel(): canceling Wed Oct 17 02:33:40 UTC 2018
------------------ testing $PTII/ptolemy/domains/de/test/auto/MergeModel1Add.xml
auto.tcl: Setting watchdog for 200 seconds at Wed Oct 17 02:33:40 UTC 2018
22 ms. Memory: 331264K Free: 298601K (90%)
ptolemy.util.test.WatchDog.cancel(): canceling Wed Oct 17 02:33:40 UTC 2018
auto.tcl: Setting watchdog for 200 seconds at Wed Oct 17 02:33:40 UTC 2018
10 ms. Memory: 331264K Free: 298601K (90%)
ptolemy.util.test.WatchDog.cancel(): canceling Wed Oct 17 02:33:40 UTC 2018
------------------ testing $PTII/ptolemy/domains/de/test/auto/MergeModel2Add.xml
auto.tcl: Setting watchdog for 200 seconds at Wed Oct 17 02:33:40 UTC 2018
11 ms. Memory: 331264K Free: 303895K (92%)
ptolemy.util.test.WatchDog.cancel(): canceling Wed Oct 17 02:33:40 UTC 2018
auto.tcl: Setting watchdog for 200 seconds at Wed Oct 17 02:33:40 UTC 2018
9 ms. Memory: 331264K Free: 299939K (91%)
ptolemy.util.test.WatchDog.cancel(): canceling Wed Oct 17 02:33:40 UTC 2018
------------------ testing $PTII/ptolemy/domains/de/test/auto/MergeModel3Add.xml
auto.tcl: Setting watchdog for 200 seconds at Wed Oct 17 02:33:40 UTC 2018
8 ms. Memory: 331264K Free: 303905K (92%)
ptolemy.util.test.WatchDog.cancel(): canceling Wed Oct 17 02:33:40 UTC 2018
auto.tcl: Setting watchdog for 200 seconds at Wed Oct 17 02:33:40 UTC 2018
6 ms. Memory: 331264K Free: 299949K (91%)
ptolemy.util.test.WatchDog.cancel(): canceling Wed Oct 17 02:33:40 UTC 2018
------------------ testing $PTII/ptolemy/domains/de/test/auto/MergeWithoutDiscard.xml
auto.tcl: Setting watchdog for 200 seconds at Wed Oct 17 02:33:40 UTC 2018
1 ms. Memory: 331264K Free: 320014K (97%)
ptolemy.util.test.WatchDog.cancel(): canceling Wed Oct 17 02:33:40 UTC 2018
auto.tcl: Setting watchdog for 200 seconds at Wed Oct 17 02:33:40 UTC 2018
1 ms. Memory: 331264K Free: 316058K (95%)
ptolemy.util.test.WatchDog.cancel(): canceling Wed Oct 17 02:33:40 UTC 2018
------------------ testing $PTII/ptolemy/domains/de/test/auto/Modal1.xml
auto.tcl: Setting watchdog for 200 seconds at Wed Oct 17 02:33:40 UTC 2018
20 ms. Memory: 331264K Free: 309672K (93%)
ptolemy.util.test.WatchDog.cancel(): canceling Wed Oct 17 02:33:40 UTC 2018
auto.tcl: Setting watchdog for 200 seconds at Wed Oct 17 02:33:40 UTC 2018
18 ms. Memory: 331264K Free: 305715K (92%)
ptolemy.util.test.WatchDog.cancel(): canceling Wed Oct 17 02:33:40 UTC 2018
------------------ testing $PTII/ptolemy/domains/de/test/auto/Modal2.xml
auto.tcl: Setting watchdog for 200 seconds at Wed Oct 17 02:33:40 UTC 2018
16 ms. Memory: 331264K Free: 309529K (93%)
ptolemy.util.test.WatchDog.cancel(): canceling Wed Oct 17 02:33:40 UTC 2018
auto.tcl: Setting watchdog for 200 seconds at Wed Oct 17 02:33:40 UTC 2018
16 ms. Memory: 331264K Free: 305572K (92%)
ptolemy.util.test.WatchDog.cancel(): canceling Wed Oct 17 02:33:40 UTC 2018
------------------ testing $PTII/ptolemy/domains/de/test/auto/Modal3.xml
auto.tcl: Setting watchdog for 200 seconds at Wed Oct 17 02:33:41 UTC 2018
12 ms. Memory: 331264K Free: 309611K (93%)
ptolemy.util.test.WatchDog.cancel(): canceling Wed Oct 17 02:33:41 UTC 2018
auto.tcl: Setting watchdog for 200 seconds at Wed Oct 17 02:33:41 UTC 2018
9 ms. Memory: 331264K Free: 305369K (92%)
ptolemy.util.test.WatchDog.cancel(): canceling Wed Oct 17 02:33:41 UTC 2018
------------------ testing $PTII/ptolemy/domains/de/test/auto/Modal4.xml
auto.tcl: Setting watchdog for 200 seconds at Wed Oct 17 02:33:41 UTC 2018
23 ms. Memory: 331264K Free: 304415K (92%)
ptolemy.util.test.WatchDog.cancel(): canceling Wed Oct 17 02:33:41 UTC 2018
auto.tcl: Setting watchdog for 200 seconds at Wed Oct 17 02:33:41 UTC 2018
17 ms. Memory: 331264K Free: 300458K (91%)
ptolemy.util.test.WatchDog.cancel(): canceling Wed Oct 17 02:33:41 UTC 2018
------------------ testing $PTII/ptolemy/domains/de/test/auto/Modal5.xml
auto.tcl: Setting watchdog for 200 seconds at Wed Oct 17 02:33:41 UTC 2018
17 ms. Memory: 331264K Free: 309318K (93%)
ptolemy.util.test.WatchDog.cancel(): canceling Wed Oct 17 02:33:41 UTC 2018
auto.tcl: Setting watchdog for 200 seconds at Wed Oct 17 02:33:41 UTC 2018
11 ms. Memory: 331264K Free: 305361K (92%)
ptolemy.util.test.WatchDog.cancel(): canceling Wed Oct 17 02:33:41 UTC 2018
------------------ testing $PTII/ptolemy/domains/de/test/auto/Modal6.xml
auto.tcl: Setting watchdog for 200 seconds at Wed Oct 17 02:33:41 UTC 2018
13 ms. Memory: 331264K Free: 309315K (93%)
ptolemy.util.test.WatchDog.cancel(): canceling Wed Oct 17 02:33:41 UTC 2018
auto.tcl: Setting watchdog for 200 seconds at Wed Oct 17 02:33:41 UTC 2018
13 ms. Memory: 331264K Free: 305359K (92%)
ptolemy.util.test.WatchDog.cancel(): canceling Wed Oct 17 02:33:41 UTC 2018
------------------ testing $PTII/ptolemy/domains/de/test/auto/Modal7.xml
auto.tcl: Setting watchdog for 200 seconds at Wed Oct 17 02:33:41 UTC 2018
20 ms. Memory: 331264K Free: 309316K (93%)
ptolemy.util.test.WatchDog.cancel(): canceling Wed Oct 17 02:33:41 UTC 2018
auto.tcl: Setting watchdog for 200 seconds at Wed Oct 17 02:33:41 UTC 2018
23 ms. Memory: 331264K Free: 305359K (92%)
ptolemy.util.test.WatchDog.cancel(): canceling Wed Oct 17 02:33:41 UTC 2018
------------------ testing $PTII/ptolemy/domains/de/test/auto/ModalModel.xml
auto.tcl: Setting watchdog for 200 seconds at Wed Oct 17 02:33:41 UTC 2018
181 ms. Memory: 331264K Free: 245804K (74%)
ptolemy.util.test.WatchDog.cancel(): canceling Wed Oct 17 02:33:41 UTC 2018
auto.tcl: Setting watchdog for 200 seconds at Wed Oct 17 02:33:41 UTC 2018
165 ms. Memory: 331264K Free: 190412K (57%)
ptolemy.util.test.WatchDog.cancel(): canceling Wed Oct 17 02:33:41 UTC 2018
------------------ testing $PTII/ptolemy/domains/de/test/auto/ModalSource.xml
auto.tcl: Setting watchdog for 200 seconds at Wed Oct 17 02:33:42 UTC 2018
5 ms. Memory: 331264K Free: 316301K (95%)
ptolemy.util.test.WatchDog.cancel(): canceling Wed Oct 17 02:33:42 UTC 2018
auto.tcl: Setting watchdog for 200 seconds at Wed Oct 17 02:33:42 UTC 2018
5 ms. Memory: 331264K Free: 312779K (94%)
ptolemy.util.test.WatchDog.cancel(): canceling Wed Oct 17 02:33:42 UTC 2018
------------------ testing $PTII/ptolemy/domains/de/test/auto/NonInterruptibleTimerZeroDelay.xml
auto.tcl: Setting watchdog for 200 seconds at Wed Oct 17 02:33:42 UTC 2018
3 ms. Memory: 331264K Free: 320476K (97%)
ptolemy.util.test.WatchDog.cancel(): canceling Wed Oct 17 02:33:42 UTC 2018
auto.tcl: Setting watchdog for 200 seconds at Wed Oct 17 02:33:42 UTC 2018
2 ms. Memory: 331264K Free: 316954K (96%)
ptolemy.util.test.WatchDog.cancel(): canceling Wed Oct 17 02:33:42 UTC 2018
------------------ testing $PTII/ptolemy/domains/de/test/auto/OpenQueueingNetwork.xml
auto.tcl: Setting watchdog for 200 seconds at Wed Oct 17 02:33:42 UTC 2018
3202 ms. Memory: 573952K Free: 372237K (65%)
ptolemy.util.test.WatchDog.cancel(): canceling Wed Oct 17 02:33:45 UTC 2018
auto.tcl: Setting watchdog for 200 seconds at Wed Oct 17 02:33:45 UTC 2018
2632 ms. Memory: 550912K Free: 240689K (44%)
ptolemy.util.test.WatchDog.cancel(): canceling Wed Oct 17 02:33:48 UTC 2018
------------------ testing $PTII/ptolemy/domains/de/test/auto/OpenQueuingNetwork.xml
auto.tcl: Setting watchdog for 200 seconds at Wed Oct 17 02:33:48 UTC 2018
255 ms. Memory: 549888K Free: 445076K (81%)
ptolemy.util.test.WatchDog.cancel(): canceling Wed Oct 17 02:33:48 UTC 2018
auto.tcl: Setting watchdog for 200 seconds at Wed Oct 17 02:33:48 UTC 2018
230 ms. Memory: 549888K Free: 385996K (70%)
ptolemy.util.test.WatchDog.cancel(): canceling Wed Oct 17 02:33:48 UTC 2018
------------------ testing $PTII/ptolemy/domains/de/test/auto/PeriodicSampler.xml
auto.tcl: Setting watchdog for 200 seconds at Wed Oct 17 02:33:48 UTC 2018
2 ms. Memory: 551936K Free: 530366K (96%)
ptolemy.util.test.WatchDog.cancel(): canceling Wed Oct 17 02:33:48 UTC 2018
auto.tcl: Setting watchdog for 200 seconds at Wed Oct 17 02:33:48 UTC 2018
1 ms. Memory: 551936K Free: 530366K (96%)
ptolemy.util.test.WatchDog.cancel(): canceling Wed Oct 17 02:33:48 UTC 2018
------------------ testing $PTII/ptolemy/domains/de/test/auto/PersistentIO.xml
auto.tcl: Setting watchdog for 200 seconds at Wed Oct 17 02:33:48 UTC 2018
3 ms. Memory: 549376K Free: 522070K (95%)
ptolemy.util.test.WatchDog.cancel(): canceling Wed Oct 17 02:33:48 UTC 2018
auto.tcl: Setting watchdog for 200 seconds at Wed Oct 17 02:33:48 UTC 2018
4 ms. Memory: 549376K Free: 522070K (95%)
ptolemy.util.test.WatchDog.cancel(): canceling Wed Oct 17 02:33:48 UTC 2018
------------------ testing $PTII/ptolemy/domains/de/test/auto/PortParameterResetOnInitialize.xml
auto.tcl: Setting watchdog for 200 seconds at Wed Oct 17 02:33:48 UTC 2018
1 ms. Memory: 551424K Free: 534994K (97%)
ptolemy.util.test.WatchDog.cancel(): canceling Wed Oct 17 02:33:48 UTC 2018
auto.tcl: Setting watchdog for 200 seconds at Wed Oct 17 02:33:48 UTC 2018
2 ms. Memory: 551424K Free: 534994K (97%)
ptolemy.util.test.WatchDog.cancel(): canceling Wed Oct 17 02:33:48 UTC 2018
------------------ testing $PTII/ptolemy/domains/de/test/auto/PortParameterUpdates.xml
auto.tcl: Setting watchdog for 200 seconds at Wed Oct 17 02:33:49 UTC 2018
2 ms. Memory: 549376K Free: 533079K (97%)
ptolemy.util.test.WatchDog.cancel(): canceling Wed Oct 17 02:33:49 UTC 2018
auto.tcl: Setting watchdog for 200 seconds at Wed Oct 17 02:33:49 UTC 2018
3 ms. Memory: 549376K Free: 526514K (96%)
ptolemy.util.test.WatchDog.cancel(): canceling Wed Oct 17 02:33:49 UTC 2018
------------------ testing $PTII/ptolemy/domains/de/test/auto/QueueAndServer.xml
auto.tcl: Setting watchdog for 200 seconds at Wed Oct 17 02:33:49 UTC 2018
15 ms. Memory: 551424K Free: 535091K (97%)
ptolemy.util.test.WatchDog.cancel(): canceling Wed Oct 17 02:33:49 UTC 2018
auto.tcl: Setting watchdog for 200 seconds at Wed Oct 17 02:33:49 UTC 2018
6 ms. Memory: 551424K Free: 528527K (96%)
ptolemy.util.test.WatchDog.cancel(): canceling Wed Oct 17 02:33:49 UTC 2018
------------------ testing $PTII/ptolemy/domains/de/test/auto/Records.xml
auto.tcl: Setting watchdog for 200 seconds at Wed Oct 17 02:33:49 UTC 2018
5 ms. Memory: 549376K Free: 532984K (97%)
ptolemy.util.test.WatchDog.cancel(): canceling Wed Oct 17 02:33:49 UTC 2018
auto.tcl: Setting watchdog for 200 seconds at Wed Oct 17 02:33:49 UTC 2018
1 ms. Memory: 549376K Free: 532984K (97%)
ptolemy.util.test.WatchDog.cancel(): canceling Wed Oct 17 02:33:49 UTC 2018
------------------ testing $PTII/ptolemy/domains/de/test/auto/ResetTransitionWithStartTime1.xml
auto.tcl: Setting watchdog for 200 seconds at Wed Oct 17 02:33:49 UTC 2018
7 ms. Memory: 551424K Free: 528723K (96%)
ptolemy.util.test.WatchDog.cancel(): canceling Wed Oct 17 02:33:49 UTC 2018
auto.tcl: Setting watchdog for 200 seconds at Wed Oct 17 02:33:49 UTC 2018
4 ms. Memory: 551424K Free: 528494K (96%)
ptolemy.util.test.WatchDog.cancel(): canceling Wed Oct 17 02:33:49 UTC 2018
------------------ testing $PTII/ptolemy/domains/de/test/auto/ResetTransitionWithStartTime2.xml
auto.tcl: Setting watchdog for 200 seconds at Wed Oct 17 02:33:49 UTC 2018
5 ms. Memory: 549376K Free: 526667K (96%)
ptolemy.util.test.WatchDog.cancel(): canceling Wed Oct 17 02:33:49 UTC 2018
auto.tcl: Setting watchdog for 200 seconds at Wed Oct 17 02:33:49 UTC 2018
4 ms. Memory: 549376K Free: 526667K (96%)
ptolemy.util.test.WatchDog.cancel(): canceling Wed Oct 17 02:33:49 UTC 2018
------------------ testing $PTII/ptolemy/domains/de/test/auto/ResetTransitionWithStartTime3.xml
auto.tcl: Setting watchdog for 200 seconds at Wed Oct 17 02:33:49 UTC 2018
5 ms. Memory: 550912K Free: 527972K (96%)
ptolemy.util.test.WatchDog.cancel(): canceling Wed Oct 17 02:33:49 UTC 2018
auto.tcl: Setting watchdog for 200 seconds at Wed Oct 17 02:33:49 UTC 2018
5 ms. Memory: 550912K Free: 527972K (96%)
ptolemy.util.test.WatchDog.cancel(): canceling Wed Oct 17 02:33:49 UTC 2018
------------------ testing $PTII/ptolemy/domains/de/test/auto/ResetTransitionWithStartTime4.xml
auto.tcl: Setting watchdog for 200 seconds at Wed Oct 17 02:33:49 UTC 2018
4 ms. Memory: 549376K Free: 526435K (96%)
ptolemy.util.test.WatchDog.cancel(): canceling Wed Oct 17 02:33:49 UTC 2018
auto.tcl: Setting watchdog for 200 seconds at Wed Oct 17 02:33:49 UTC 2018
3 ms. Memory: 549376K Free: 526435K (96%)
ptolemy.util.test.WatchDog.cancel(): canceling Wed Oct 17 02:33:49 UTC 2018
------------------ testing $PTII/ptolemy/domains/de/test/auto/ResettableTimer1.xml
auto.tcl: Setting watchdog for 200 seconds at Wed Oct 17 02:33:49 UTC 2018
3 ms. Memory: 550912K Free: 534530K (97%)
ptolemy.util.test.WatchDog.cancel(): canceling Wed Oct 17 02:33:49 UTC 2018
auto.tcl: Setting watchdog for 200 seconds at Wed Oct 17 02:33:49 UTC 2018
1 ms. Memory: 550912K Free: 534530K (97%)
ptolemy.util.test.WatchDog.cancel(): canceling Wed Oct 17 02:33:49 UTC 2018
------------------ testing $PTII/ptolemy/domains/de/test/auto/ResettableTimer2.xml
auto.tcl: Setting watchdog for 200 seconds at Wed Oct 17 02:33:49 UTC 2018
2 ms. Memory: 549376K Free: 533282K (97%)
ptolemy.util.test.WatchDog.cancel(): canceling Wed Oct 17 02:33:49 UTC 2018
auto.tcl: Setting watchdog for 200 seconds at Wed Oct 17 02:33:49 UTC 2018
2 ms. Memory: 549376K Free: 533282K (97%)
ptolemy.util.test.WatchDog.cancel(): canceling Wed Oct 17 02:33:49 UTC 2018
------------------ testing $PTII/ptolemy/domains/de/test/auto/ResettableTimer3.xml
auto.tcl: Setting watchdog for 200 seconds at Wed Oct 17 02:33:49 UTC 2018
1 ms. Memory: 550912K Free: 534588K (97%)
ptolemy.util.test.WatchDog.cancel(): canceling Wed Oct 17 02:33:49 UTC 2018
auto.tcl: Setting watchdog for 200 seconds at Wed Oct 17 02:33:49 UTC 2018
1 ms. Memory: 550912K Free: 534588K (97%)
ptolemy.util.test.WatchDog.cancel(): canceling Wed Oct 17 02:33:49 UTC 2018
------------------ testing $PTII/ptolemy/domains/de/test/auto/ResettableTimer4.xml
auto.tcl: Setting watchdog for 200 seconds at Wed Oct 17 02:33:49 UTC 2018
1 ms. Memory: 549376K Free: 533295K (97%)
ptolemy.util.test.WatchDog.cancel(): canceling Wed Oct 17 02:33:49 UTC 2018
auto.tcl: Setting watchdog for 200 seconds at Wed Oct 17 02:33:49 UTC 2018
1 ms. Memory: 549376K Free: 533295K (97%)
ptolemy.util.test.WatchDog.cancel(): canceling Wed Oct 17 02:33:49 UTC 2018
------------------ testing $PTII/ptolemy/domains/de/test/auto/ResettableTimer5.xml
auto.tcl: Setting watchdog for 200 seconds at Wed Oct 17 02:33:49 UTC 2018
1 ms. Memory: 550400K Free: 529638K (96%)
ptolemy.util.test.WatchDog.cancel(): canceling Wed Oct 17 02:33:49 UTC 2018
auto.tcl: Setting watchdog for 200 seconds at Wed Oct 17 02:33:49 UTC 2018
1 ms. Memory: 550400K Free: 529638K (96%)
ptolemy.util.test.WatchDog.cancel(): canceling Wed Oct 17 02:33:49 UTC 2018
------------------ testing $PTII/ptolemy/domains/de/test/auto/ResettableTimer6.xml
auto.tcl: Setting watchdog for 200 seconds at Wed Oct 17 02:33:49 UTC 2018
1 ms. Memory: 549376K Free: 528333K (96%)
ptolemy.util.test.WatchDog.cancel(): canceling Wed Oct 17 02:33:49 UTC 2018
auto.tcl: Setting watchdog for 200 seconds at Wed Oct 17 02:33:49 UTC 2018
1 ms. Memory: 549376K Free: 528333K (96%)
ptolemy.util.test.WatchDog.cancel(): canceling Wed Oct 17 02:33:49 UTC 2018
------------------ testing $PTII/ptolemy/domains/de/test/auto/ServerZeroDelay.xml
auto.tcl: Setting watchdog for 200 seconds at Wed Oct 17 02:33:49 UTC 2018
2 ms. Memory: 550400K Free: 534257K (97%)
ptolemy.util.test.WatchDog.cancel(): canceling Wed Oct 17 02:33:49 UTC 2018
auto.tcl: Setting watchdog for 200 seconds at Wed Oct 17 02:33:49 UTC 2018
2 ms. Memory: 550400K Free: 534257K (97%)
ptolemy.util.test.WatchDog.cancel(): canceling Wed Oct 17 02:33:49 UTC 2018
------------------ testing $PTII/ptolemy/domains/de/test/auto/SmartSender.xml
auto.tcl: Setting watchdog for 200 seconds at Wed Oct 17 02:33:49 UTC 2018
3001 ms. Memory: 549376K Free: 528549K (96%)
ptolemy.util.test.WatchDog.cancel(): canceling Wed Oct 17 02:33:52 UTC 2018
auto.tcl: Setting watchdog for 200 seconds at Wed Oct 17 02:33:52 UTC 2018
3002 ms. Memory: 549376K Free: 528549K (96%)
ptolemy.util.test.WatchDog.cancel(): canceling Wed Oct 17 02:33:55 UTC 2018
------------------ testing $PTII/ptolemy/domains/de/test/auto/ThreadedComposite.xml
auto.tcl: Setting watchdog for 200 seconds at Wed Oct 17 02:33:55 UTC 2018
153 ms. Memory: 550400K Free: 513433K (93%)
ptolemy.util.test.WatchDog.cancel(): canceling Wed Oct 17 02:33:56 UTC 2018
auto.tcl: Setting watchdog for 200 seconds at Wed Oct 17 02:33:56 UTC 2018
108 ms. Memory: 550400K Free: 497509K (90%)
ptolemy.util.test.WatchDog.cancel(): canceling Wed Oct 17 02:33:56 UTC 2018
------------------ testing $PTII/ptolemy/domains/de/test/auto/Time.xml
auto.tcl: Setting watchdog for 200 seconds at Wed Oct 17 02:33:56 UTC 2018
492 ms. Memory: 549376K Free: 476565K (87%)
ptolemy.util.test.WatchDog.cancel(): canceling Wed Oct 17 02:33:56 UTC 2018
auto.tcl: Setting watchdog for 200 seconds at Wed Oct 17 02:33:56 UTC 2018
430 ms. Memory: 549376K Free: 417486K (76%)
ptolemy.util.test.WatchDog.cancel(): canceling Wed Oct 17 02:33:57 UTC 2018
------------------ testing $PTII/ptolemy/domains/de/test/auto/TimeDelayZeroDelay.xml
auto.tcl: Setting watchdog for 200 seconds at Wed Oct 17 02:33:57 UTC 2018
2 ms. Memory: 550400K Free: 533942K (97%)
ptolemy.util.test.WatchDog.cancel(): canceling Wed Oct 17 02:33:57 UTC 2018
auto.tcl: Setting watchdog for 200 seconds at Wed Oct 17 02:33:57 UTC 2018
1 ms. Memory: 550400K Free: 533942K (97%)
ptolemy.util.test.WatchDog.cancel(): canceling Wed Oct 17 02:33:57 UTC 2018
------------------ testing $PTII/ptolemy/domains/de/test/auto/TimerZeroDelay.xml
auto.tcl: Setting watchdog for 200 seconds at Wed Oct 17 02:33:57 UTC 2018
2 ms. Memory: 549376K Free: 533192K (97%)
ptolemy.util.test.WatchDog.cancel(): canceling Wed Oct 17 02:33:57 UTC 2018
auto.tcl: Setting watchdog for 200 seconds at Wed Oct 17 02:33:57 UTC 2018
2 ms. Memory: 549376K Free: 533192K (97%)
ptolemy.util.test.WatchDog.cancel(): canceling Wed Oct 17 02:33:57 UTC 2018
------------------ testing $PTII/ptolemy/domains/de/test/auto/TimingParadox.xml
auto.tcl: Setting watchdog for 200 seconds at Wed Oct 17 02:33:57 UTC 2018
332 ms. Memory: 549888K Free: 463190K (84%)
ptolemy.util.test.WatchDog.cancel(): canceling Wed Oct 17 02:33:57 UTC 2018
auto.tcl: Setting watchdog for 200 seconds at Wed Oct 17 02:33:57 UTC 2018
307 ms. Memory: 549888K Free: 423804K (77%)
ptolemy.util.test.WatchDog.cancel(): canceling Wed Oct 17 02:33:58 UTC 2018
------------------ testing $PTII/ptolemy/domains/de/test/auto/TransferInputs.xml
auto.tcl: Setting watchdog for 200 seconds at Wed Oct 17 02:33:58 UTC 2018
1 ms. Memory: 549888K Free: 532608K (97%)
ptolemy.util.test.WatchDog.cancel(): canceling Wed Oct 17 02:33:58 UTC 2018
auto.tcl: Setting watchdog for 200 seconds at Wed Oct 17 02:33:58 UTC 2018
1 ms. Memory: 549888K Free: 532608K (97%)
ptolemy.util.test.WatchDog.cancel(): canceling Wed Oct 17 02:33:58 UTC 2018
------------------ testing $PTII/ptolemy/domains/de/test/auto/TransferOutputs2.xml
auto.tcl: Setting watchdog for 200 seconds at Wed Oct 17 02:33:58 UTC 2018
3 ms. Memory: 549376K Free: 521937K (95%)
ptolemy.util.test.WatchDog.cancel(): canceling Wed Oct 17 02:33:58 UTC 2018
auto.tcl: Setting watchdog for 200 seconds at Wed Oct 17 02:33:58 UTC 2018
2 ms. Memory: 549376K Free: 521937K (95%)
ptolemy.util.test.WatchDog.cancel(): canceling Wed Oct 17 02:33:58 UTC 2018
------------------ testing $PTII/ptolemy/domains/de/test/auto/Trilateration.xml
auto.tcl: Setting watchdog for 200 seconds at Wed Oct 17 02:33:58 UTC 2018
14402 ms. Memory: 440832K Free: 306473K (70%)
ptolemy.util.test.WatchDog.cancel(): canceling Wed Oct 17 02:34:13 UTC 2018
auto.tcl: Setting watchdog for 200 seconds at Wed Oct 17 02:34:13 UTC 2018
11557 ms. Memory: 317952K Free: 215789K (68%)
ptolemy.util.test.WatchDog.cancel(): canceling Wed Oct 17 02:34:25 UTC 2018
------------------ testing $PTII/ptolemy/domains/de/test/auto/TwoSigmaDelta.xml
auto.tcl: Setting watchdog for 200 seconds at Wed Oct 17 02:34:25 UTC 2018
2607 ms. Memory: 308224K Free: 251899K (82%)
ptolemy.util.test.WatchDog.cancel(): canceling Wed Oct 17 02:34:28 UTC 2018
auto.tcl: Setting watchdog for 200 seconds at Wed Oct 17 02:34:28 UTC 2018
2179 ms. Memory: 297984K Free: 232908K (78%)
ptolemy.util.test.WatchDog.cancel(): canceling Wed Oct 17 02:34:30 UTC 2018
------------------ testing $PTII/ptolemy/domains/de/test/auto/VariableDelay.xml
auto.tcl: Setting watchdog for 200 seconds at Wed Oct 17 02:34:30 UTC 2018
3 ms. Memory: 297984K Free: 281819K (95%)
ptolemy.util.test.WatchDog.cancel(): canceling Wed Oct 17 02:34:30 UTC 2018
auto.tcl: Setting watchdog for 200 seconds at Wed Oct 17 02:34:30 UTC 2018
1 ms. Memory: 297984K Free: 281819K (95%)
ptolemy.util.test.WatchDog.cancel(): canceling Wed Oct 17 02:34:30 UTC 2018
------------------ testing $PTII/ptolemy/domains/de/test/auto/VariableDelay2.xml
auto.tcl: Setting watchdog for 200 seconds at Wed Oct 17 02:34:30 UTC 2018
6 ms. Memory: 299520K Free: 285934K (95%)
ptolemy.util.test.WatchDog.cancel(): canceling Wed Oct 17 02:34:30 UTC 2018
auto.tcl: Setting watchdog for 200 seconds at Wed Oct 17 02:34:30 UTC 2018
2 ms. Memory: 299520K Free: 285934K (95%)
ptolemy.util.test.WatchDog.cancel(): canceling Wed Oct 17 02:34:30 UTC 2018
------------------ testing $PTII/ptolemy/domains/de/test/auto/VariableDelayZeroDelay.xml
auto.tcl: Setting watchdog for 200 seconds at Wed Oct 17 02:34:30 UTC 2018
2 ms. Memory: 297984K Free: 285413K (96%)
ptolemy.util.test.WatchDog.cancel(): canceling Wed Oct 17 02:34:30 UTC 2018
auto.tcl: Setting watchdog for 200 seconds at Wed Oct 17 02:34:30 UTC 2018
1 ms. Memory: 297984K Free: 282232K (95%)
ptolemy.util.test.WatchDog.cancel(): canceling Wed Oct 17 02:34:30 UTC 2018
------------------ testing $PTII/ptolemy/domains/de/test/auto/VariableDelayZeroDelay2.xml
auto.tcl: Setting watchdog for 200 seconds at Wed Oct 17 02:34:30 UTC 2018
2 ms. Memory: 299520K Free: 283782K (95%)
ptolemy.util.test.WatchDog.cancel(): canceling Wed Oct 17 02:34:30 UTC 2018
auto.tcl: Setting watchdog for 200 seconds at Wed Oct 17 02:34:30 UTC 2018
2 ms. Memory: 299520K Free: 283782K (95%)
ptolemy.util.test.WatchDog.cancel(): canceling Wed Oct 17 02:34:30 UTC 2018
------------------ testing $PTII/ptolemy/domains/de/test/auto/deInCt.xml
auto.tcl: Setting watchdog for 200 seconds at Wed Oct 17 02:34:30 UTC 2018
0
1
1
1
1
0
0
0
0
1
1
1
0
0
0
0
1
1
1
0
0
0
1
1
1
1
0
0
0
1
1
1
0
0
0
1
1
1
1
0
0
0
9 ms. Memory: 297984K Free: 282219K (95%)
ptolemy.util.test.WatchDog.cancel(): canceling Wed Oct 17 02:34:30 UTC 2018
auto.tcl: Setting watchdog for 200 seconds at Wed Oct 17 02:34:30 UTC 2018
0
1
1
0
0
0
0
1
1
1
1
1
0
0
0
0
1
1
1
0
0
0
0
0
1
1
1
0
0
0
0
5 ms. Memory: 297984K Free: 282219K (95%)
ptolemy.util.test.WatchDog.cancel(): canceling Wed Oct 17 02:34:30 UTC 2018
------------------ testing $PTII/ptolemy/domains/de/test/auto/deInCt2.xml
auto.tcl: Setting watchdog for 200 seconds at Wed Oct 17 02:34:30 UTC 2018
0
1
1
1
0
0
1
1
1
0
0
1
1
1
0
0
1
1
1
0
0
1
1
1
0
0
1
1
1
0
0
1
1
1
0
0
1
1
1
0
0
0
7 ms. Memory: 299008K Free: 283243K (95%)
ptolemy.util.test.WatchDog.cancel(): canceling Wed Oct 17 02:34:30 UTC 2018
auto.tcl: Setting watchdog for 200 seconds at Wed Oct 17 02:34:30 UTC 2018
0
1
1
1
0
0
1
1
1
0
0
1
1
1
0
0
1
1
1
0
0
1
1
1
0
0
1
1
1
0
0
1
1
1
0
0
1
1
1
0
0
0
7 ms. Memory: 299008K Free: 283243K (95%)
ptolemy.util.test.WatchDog.cancel(): canceling Wed Oct 17 02:34:30 UTC 2018
------------------ testing $PTII/ptolemy/domains/de/test/auto/dynamicCausalityInterface1.xml
auto.tcl: Setting watchdog for 200 seconds at Wed Oct 17 02:34:30 UTC 2018
0 ms. Memory: 297984K Free: 278051K (93%)
ptolemy.util.test.WatchDog.cancel(): canceling Wed Oct 17 02:34:30 UTC 2018
auto.tcl: Setting watchdog for 200 seconds at Wed Oct 17 02:34:30 UTC 2018
1 ms. Memory: 297984K Free: 278051K (93%)
ptolemy.util.test.WatchDog.cancel(): canceling Wed Oct 17 02:34:30 UTC 2018
------------------ testing $PTII/ptolemy/domains/de/test/auto/fsm_de_test.xml
auto.tcl: Setting watchdog for 200 seconds at Wed Oct 17 02:34:30 UTC 2018
11 ms. Memory: 299008K Free: 279993K (94%)
ptolemy.util.test.WatchDog.cancel(): canceling Wed Oct 17 02:34:30 UTC 2018
auto.tcl: Setting watchdog for 200 seconds at Wed Oct 17 02:34:30 UTC 2018
4 ms. Memory: 299008K Free: 276828K (93%)
ptolemy.util.test.WatchDog.cancel(): canceling Wed Oct 17 02:34:30 UTC 2018
------------------ testing $PTII/ptolemy/domains/de/test/auto/functionDependencyReconstruction.xml
auto.tcl: Setting watchdog for 200 seconds at Wed Oct 17 02:34:30 UTC 2018
2 ms. Memory: 297984K Free: 272599K (91%)
ptolemy.util.test.WatchDog.cancel(): canceling Wed Oct 17 02:34:30 UTC 2018
auto.tcl: Setting watchdog for 200 seconds at Wed Oct 17 02:34:30 UTC 2018
2 ms. Memory: 297984K Free: 269418K (90%)
ptolemy.util.test.WatchDog.cancel(): canceling Wed Oct 17 02:34:30 UTC 2018
------------------ testing $PTII/ptolemy/domains/de/test/auto/multirate.xml
auto.tcl: Setting watchdog for 200 seconds at Wed Oct 17 02:34:30 UTC 2018
5 ms. Memory: 299008K Free: 285166K (95%)
ptolemy.util.test.WatchDog.cancel(): canceling Wed Oct 17 02:34:31 UTC 2018
auto.tcl: Setting watchdog for 200 seconds at Wed Oct 17 02:34:31 UTC 2018
2 ms. Memory: 299008K Free: 282002K (94%)
ptolemy.util.test.WatchDog.cancel(): canceling Wed Oct 17 02:34:31 UTC 2018
------------------ testing $PTII/ptolemy/domains/de/test/auto/multirate2.xml
auto.tcl: Setting watchdog for 200 seconds at Wed Oct 17 02:34:31 UTC 2018
2 ms. Memory: 297984K Free: 284353K (95%)
ptolemy.util.test.WatchDog.cancel(): canceling Wed Oct 17 02:34:31 UTC 2018
auto.tcl: Setting watchdog for 200 seconds at Wed Oct 17 02:34:31 UTC 2018
2 ms. Memory: 297984K Free: 281173K (94%)
ptolemy.util.test.WatchDog.cancel(): canceling Wed Oct 17 02:34:31 UTC 2018
------------------ testing $PTII/ptolemy/domains/de/test/auto/realtime.xml
auto.tcl: Setting watchdog for 200 seconds at Wed Oct 17 02:34:31 UTC 2018
10001 ms. Memory: 298496K Free: 282682K (95%)
ptolemy.util.test.WatchDog.cancel(): canceling Wed Oct 17 02:34:41 UTC 2018
auto.tcl: Setting watchdog for 200 seconds at Wed Oct 17 02:34:41 UTC 2018
10002 ms. Memory: 298496K Free: 282682K (95%)
ptolemy.util.test.WatchDog.cancel(): canceling Wed Oct 17 02:34:51 UTC 2018
------------------ testing $PTII/ptolemy/domains/de/test/auto/relationGroup.xml
auto.tcl: Setting watchdog for 200 seconds at Wed Oct 17 02:34:51 UTC 2018
1 ms. Memory: 297984K Free: 287543K (96%)
ptolemy.util.test.WatchDog.cancel(): canceling Wed Oct 17 02:34:51 UTC 2018
auto.tcl: Setting watchdog for 200 seconds at Wed Oct 17 02:34:51 UTC 2018
1 ms. Memory: 297984K Free: 284362K (95%)
ptolemy.util.test.WatchDog.cancel(): canceling Wed Oct 17 02:34:51 UTC 2018
------------------ testing $PTII/ptolemy/domains/de/test/auto/relationGroup2.xml
auto.tcl: Setting watchdog for 200 seconds at Wed Oct 17 02:34:51 UTC 2018
1 ms. Memory: 298496K Free: 285916K (96%)
ptolemy.util.test.WatchDog.cancel(): canceling Wed Oct 17 02:34:51 UTC 2018
auto.tcl: Setting watchdog for 200 seconds at Wed Oct 17 02:34:51 UTC 2018
1 ms. Memory: 298496K Free: 282735K (95%)
ptolemy.util.test.WatchDog.cancel(): canceling Wed Oct 17 02:34:51 UTC 2018
------------------ testing $PTII/ptolemy/domains/de/test/auto/sortWithOpaquePorts.xml
auto.tcl: Setting watchdog for 200 seconds at Wed Oct 17 02:34:51 UTC 2018
2 ms. Memory: 297984K Free: 282231K (95%)
ptolemy.util.test.WatchDog.cancel(): canceling Wed Oct 17 02:34:51 UTC 2018
auto.tcl: Setting watchdog for 200 seconds at Wed Oct 17 02:34:51 UTC 2018
1 ms. Memory: 297984K Free: 282231K (95%)
ptolemy.util.test.WatchDog.cancel(): canceling Wed Oct 17 02:34:51 UTC 2018
------------------ testing $PTII/ptolemy/domains/de/test/auto/transferInputsandOutputs.xml
auto.tcl: Setting watchdog for 200 seconds at Wed Oct 17 02:34:51 UTC 2018
2 ms. Memory: 298496K Free: 282722K (95%)
ptolemy.util.test.WatchDog.cancel(): canceling Wed Oct 17 02:34:51 UTC 2018
auto.tcl: Setting watchdog for 200 seconds at Wed Oct 17 02:34:51 UTC 2018
4 ms. Memory: 298496K Free: 279558K (94%)
ptolemy.util.test.WatchDog.cancel(): canceling Wed Oct 17 02:34:51 UTC 2018
------------------ testing $PTII/ptolemy/domains/de/test/auto/triggerType.xml
auto.tcl: Setting watchdog for 200 seconds at Wed Oct 17 02:34:51 UTC 2018
1 ms. Memory: 297984K Free: 282161K (95%)
ptolemy.util.test.WatchDog.cancel(): canceling Wed Oct 17 02:34:51 UTC 2018
auto.tcl: Setting watchdog for 200 seconds at Wed Oct 17 02:34:51 UTC 2018
2 ms. Memory: 297984K Free: 282161K (95%)
ptolemy.util.test.WatchDog.cancel(): canceling Wed Oct 17 02:34:51 UTC 2018
10/17/18 02:34:51
Failed: 0  Total Tests: 192  ((Passed: 187, Newly Passed: 1)  Known Failed: 5) /home/travis/build/icyphy/ptII/ptolemy/domains/de/test
10/17/18 02:34:51
Failed: 0  Total Tests: 192  ((Passed: 187, Newly Passed: 1)  Known Failed: 5) /home/travis/build/icyphy/ptII/ptolemy/domains/de/test
----------------- testing (KnownFailure) /home/travis/build/icyphy/ptII/ptolemy/domains/de/test/auto/knownFailedTests/DESDFClockTest.xml
2015 ms. Memory: 298496K Free: 272888K (91%)
Known Failure: java.lang.reflect.InvocationTargetException
----------------- testing (KnownFailure) /home/travis/build/icyphy/ptII/ptolemy/domains/de/test/auto/knownFailedTests/DirectFeedback.xml
1 ms. Memory: 298496K Free: 255562K (86%)
Known Failure: java.lang.reflect.InvocationTargetException
----------------- testing (KnownFailure) /home/travis/build/icyphy/ptII/ptolemy/domains/de/test/auto/knownFailedTests/FSMSource.xml
14 ms. Memory: 298496K Free: 233888K (78%)
----------------- testing (KnownFailure) /home/travis/build/icyphy/ptII/ptolemy/domains/de/test/auto/knownFailedTests/HierarchicalModel.xml
2 ms. Memory: 298496K Free: 212214K (71%)
Known Failure: java.lang.reflect.InvocationTargetException
----------------- testing (KnownFailure) /home/travis/build/icyphy/ptII/ptolemy/domains/de/test/auto/knownFailedTests/dependencyLoop.xml
2 ms. Memory: 298496K Free: 181877K (61%)
Known Failure: java.lang.reflect.InvocationTargetException
----------------- testing (KnownFailure) /home/travis/build/icyphy/ptII/ptolemy/domains/de/test/auto/knownFailedTests/dependencyLoop2.xml
3 ms. Memory: 298496K Free: 151524K (51%)
Known Failure: java.lang.reflect.InvocationTargetException
No auto/linux-amd64/*.xml tests in /home/travis/build/icyphy/ptII/ptolemy/domains/de/test
AutoTests.java: About to close Vertx.
AutoTests.java: Vertx closed.

===========================================================================================
----------------- testing Wed Oct 17 02:34:53 UTC 2018 /home/travis/build/icyphy/ptII/ptolemy/domains/de/test/auto/ActorDepthCalculation_actorWithoutPorts.xml
----------------- Instantiating /home/travis/build/icyphy/ptII/ptolemy/domains/de/test/auto/ActorDepthCalculation_actorWithoutPorts.xml
1 ms. Memory: 298496K Free: 125518K (42%)
----------------- Invoking toplevel() on ptolemy.moml.MoMLSimpleApplication@50c2dd7b
----------------- Done invoking toplevel() on ptolemy.moml.MoMLSimpleApplication@50c2dd7b
reloadAllAccessors: .ActorDepthCalculation_actorWithoutPorts

===========================================================================================
----------------- testing Wed Oct 17 02:34:53 UTC 2018 /home/travis/build/icyphy/ptII/ptolemy/domains/de/test/auto/AssemblyLine.xml
----------------- Instantiating /home/travis/build/icyphy/ptII/ptolemy/domains/de/test/auto/AssemblyLine.xml
2 ms. Memory: 298496K Free: 112508K (38%)
----------------- Invoking toplevel() on ptolemy.moml.MoMLSimpleApplication@3a1aed79
----------------- Done invoking toplevel() on ptolemy.moml.MoMLSimpleApplication@3a1aed79
reloadAllAccessors: .AssemblyLine

===========================================================================================
----------------- testing Wed Oct 17 02:34:53 UTC 2018 /home/travis/build/icyphy/ptII/ptolemy/domains/de/test/auto/CQBug1.xml
----------------- Instantiating /home/travis/build/icyphy/ptII/ptolemy/domains/de/test/auto/CQBug1.xml
1 ms. Memory: 298496K Free: 103845K (35%)
----------------- Invoking toplevel() on ptolemy.moml.MoMLSimpleApplication@20cc0322
----------------- Done invoking toplevel() on ptolemy.moml.MoMLSimpleApplication@20cc0322
reloadAllAccessors: .CQBug1

===========================================================================================
----------------- testing Wed Oct 17 02:34:53 UTC 2018 /home/travis/build/icyphy/ptII/ptolemy/domains/de/test/auto/CancelFireAt.xml
----------------- Instantiating /home/travis/build/icyphy/ptII/ptolemy/domains/de/test/auto/CancelFireAt.xml
1 ms. Memory: 298496K Free: 95182K (32%)
----------------- Invoking toplevel() on ptolemy.moml.MoMLSimpleApplication@633fb07b
----------------- Done invoking toplevel() on ptolemy.moml.MoMLSimpleApplication@633fb07b
reloadAllAccessors: .CancelFireAt

===========================================================================================
----------------- testing Wed Oct 17 02:34:53 UTC 2018 /home/travis/build/icyphy/ptII/ptolemy/domains/de/test/auto/CausalityAndComposabilityAnalysis.xml
----------------- Instantiating /home/travis/build/icyphy/ptII/ptolemy/domains/de/test/auto/CausalityAndComposabilityAnalysis.xml
1 ms. Memory: 298496K Free: 83354K (28%)
----------------- Invoking toplevel() on ptolemy.moml.MoMLSimpleApplication@6b503cba
----------------- Done invoking toplevel() on ptolemy.moml.MoMLSimpleApplication@6b503cba
reloadAllAccessors: .CausalityAndComposabilityAnalysis

===========================================================================================
----------------- testing Wed Oct 17 02:34:53 UTC 2018 /home/travis/build/icyphy/ptII/ptolemy/domains/de/test/auto/CausalityInterface1.xml
----------------- Instantiating /home/travis/build/icyphy/ptII/ptolemy/domains/de/test/auto/CausalityInterface1.xml
4 ms. Memory: 298496K Free: 76827K (26%)
----------------- Invoking toplevel() on ptolemy.moml.MoMLSimpleApplication@57aa8f8b
----------------- Done invoking toplevel() on ptolemy.moml.MoMLSimpleApplication@57aa8f8b
reloadAllAccessors: .CausalityInterface1

===========================================================================================
----------------- testing Wed Oct 17 02:34:53 UTC 2018 /home/travis/build/icyphy/ptII/ptolemy/domains/de/test/auto/CausalityInterface15.xml
----------------- Instantiating /home/travis/build/icyphy/ptII/ptolemy/domains/de/test/auto/CausalityInterface15.xml
1 ms. Memory: 288768K Free: 270960K (94%)
----------------- Invoking toplevel() on ptolemy.moml.MoMLSimpleApplication@7ba83cf9
----------------- Done invoking toplevel() on ptolemy.moml.MoMLSimpleApplication@7ba83cf9
reloadAllAccessors: .CausalityInterface15

[...]
java.lang.RuntimeException: Execution failed
	at ptolemy.moml.MoMLSimpleApplication$UnloadThread.run(MoMLSimpleApplication.java:402)
Caused by: ptolemy.kernel.util.IllegalActionException: Test fails in iteration 1.
Value was: 1.0. Should have been: 2.0
  in .DirectFeedback.Test
	at ptolemy.actor.lib.Test.fire(Test.java:268)
	at ptolemy.domains.de.kernel.DEDirector._fire(DEDirector.java:1949)
	at ptolemy.domains.de.kernel.DEDirector.fire(DEDirector.java:502)
	at ptolemy.actor.CompositeActor.fire(CompositeActor.java:455)
	at ptolemy.actor.Manager.iterate(Manager.java:851)
	at ptolemy.actor.Manager.execute(Manager.java:369)
	at ptolemy.actor.Manager.run(Manager.java:1263)
	at ptolemy.actor.Manager$PtolemyRunThread.run(Manager.java:1915)
java.lang.RuntimeException: Execution failed
	at ptolemy.moml.MoMLSimpleApplication$UnloadThread.run(MoMLSimpleApplication.java:402)
Caused by: ptolemy.kernel.util.IllegalActionException: Actor is not ready to fire.  Perhaps UpSample.prefire() returned false? Try debugging the actor by selecting "Listen to Actor".  Also, for SDF check moml for tokenConsumptionRate on input.
  in .DESDFClockTest.Play Bell.Copy1:SDF Director and .DESDFClockTest.Play Bell.UpSample
	at ptolemy.actor.sched.StaticSchedulingDirector.fire(StaticSchedulingDirector.java:227)
	at ptolemy.domains.sdf.kernel.SDFDirector.fire(SDFDirector.java:500)
	at ptolemy.actor.CompositeActor.fire(CompositeActor.java:455)
	at ptolemy.domains.de.kernel.DEDirector._fire(DEDirector.java:1949)
	at ptolemy.domains.de.kernel.DEDirector.fire(DEDirector.java:502)
	at ptolemy.actor.CompositeActor.fire(CompositeActor.java:455)
	at ptolemy.actor.Manager.iterate(Manager.java:851)
	at ptolemy.actor.Manager.execute(Manager.java:369)
	at ptolemy.actor.Manager.run(Manager.java:1263)
	at ptolemy.actor.Manager$PtolemyRunThread.run(Manager.java:1915)
java.lang.reflect.InvocationTargetException
	at sun.reflect.NativeConstructorAccessorImpl.newInstance0(Native Method)
	at sun.reflect.NativeConstructorAccessorImpl.newInstance(NativeConstructorAccessorImpl.java:62)
	at sun.reflect.DelegatingConstructorAccessorImpl.newInstance(DelegatingConstructorAccessorImpl.java:45)
	at java.lang.reflect.Constructor.newInstance(Constructor.java:423)
	at ptolemy.util.test.junit.AutoKnownFailedTests.RunModel(AutoKnownFailedTests.java:107)
	at sun.reflect.NativeMethodAccessorImpl.invoke0(Native Method)
	at sun.reflect.NativeMethodAccessorImpl.invoke(NativeMethodAccessorImpl.java:62)
	at sun.reflect.DelegatingMethodAccessorImpl.invoke(DelegatingMethodAccessorImpl.java:43)
	at java.lang.reflect.Method.invoke(Method.java:498)
	at org.junit.runners.model.FrameworkMethod$1.runReflectiveCall(FrameworkMethod.java:44)
	at org.junit.internal.runners.model.ReflectiveCallable.run(ReflectiveCallable.java:15)
	at org.junit.runners.model.FrameworkMethod.invokeExplosively(FrameworkMethod.java:41)
	at junitparams.internal.InvokeParameterisedMethod.evaluate(InvokeParameterisedMethod.java:102)
	at org.junit.internal.runners.statements.FailOnTimeout$1.run(FailOnTimeout.java:28)
Caused by: ptolemy.kernel.util.IllegalActionException: Actor is not ready to fire.  Perhaps UpSample.prefire() returned false? Try debugging the actor by selecting "Listen to Actor".  Also, for SDF check moml for tokenConsumptionRate on input.
  in .DESDFClockTest.Play Bell.Copy1:SDF Director and .DESDFClockTest.Play Bell.UpSample
	at ptolemy.actor.sched.StaticSchedulingDirector.fire(StaticSchedulingDirector.java:227)
	at ptolemy.domains.sdf.kernel.SDFDirector.fire(SDFDirector.java:500)
	at ptolemy.actor.CompositeActor.fire(CompositeActor.java:455)
	at ptolemy.domains.de.kernel.DEDirector._fire(DEDirector.java:1949)
	at ptolemy.domains.de.kernel.DEDirector.fire(DEDirector.java:502)
	at ptolemy.actor.CompositeActor.fire(CompositeActor.java:455)
	at ptolemy.actor.Manager.iterate(Manager.java:851)
	at ptolemy.actor.Manager.execute(Manager.java:369)
	at ptolemy.actor.Manager.run(Manager.java:1263)
	at ptolemy.actor.Manager$PtolemyRunThread.run(Manager.java:1915)
java.lang.RuntimeException: Execution failed
	at ptolemy.moml.MoMLSimpleApplication$UnloadThread.run(MoMLSimpleApplication.java:402)
Caused by: ptolemy.kernel.util.IllegalActionException: Test fails in iteration 1.
Value was: 1.0. Should have been: 2.0
  in .DirectFeedback.Test
	at ptolemy.actor.lib.Test.fire(Test.java:268)
	at ptolemy.domains.de.kernel.DEDirector._fire(DEDirector.java:1949)
	at ptolemy.domains.de.kernel.DEDirector.fire(DEDirector.java:502)
	at ptolemy.actor.CompositeActor.fire(CompositeActor.java:455)
	at ptolemy.actor.Manager.iterate(Manager.java:851)
	at ptolemy.actor.Manager.execute(Manager.java:369)
	at ptolemy.actor.Manager.run(Manager.java:1263)
	at ptolemy.actor.Manager$PtolemyRunThread.run(Manager.java:1915)
java.lang.reflect.InvocationTargetException
	at sun.reflect.NativeConstructorAccessorImpl.newInstance0(Native Method)
	at sun.reflect.NativeConstructorAccessorImpl.newInstance(NativeConstructorAccessorImpl.java:62)
	at sun.reflect.DelegatingConstructorAccessorImpl.newInstance(DelegatingConstructorAccessorImpl.java:45)
	at java.lang.reflect.Constructor.newInstance(Constructor.java:423)
	at ptolemy.util.test.junit.AutoKnownFailedTests.RunModel(AutoKnownFailedTests.java:107)
	at sun.reflect.NativeMethodAccessorImpl.invoke0(Native Method)
	at sun.reflect.NativeMethodAccessorImpl.invoke(NativeMethodAccessorImpl.java:62)
	at sun.reflect.DelegatingMethodAccessorImpl.invoke(DelegatingMethodAccessorImpl.java:43)
	at java.lang.reflect.Method.invoke(Method.java:498)
	at org.junit.runners.model.FrameworkMethod$1.runReflectiveCall(FrameworkMethod.java:44)
	at org.junit.internal.runners.model.ReflectiveCallable.run(ReflectiveCallable.java:15)
	at org.junit.runners.model.FrameworkMethod.invokeExplosively(FrameworkMethod.java:41)
	at junitparams.internal.InvokeParameterisedMethod.evaluate(InvokeParameterisedMethod.java:102)
	at org.junit.internal.runners.statements.FailOnTimeout$1.run(FailOnTimeout.java:28)
Caused by: ptolemy.kernel.util.IllegalActionException: Test fails in iteration 1.
Value was: 1.0. Should have been: 2.0
  in .DirectFeedback.Test
	at ptolemy.actor.lib.Test.fire(Test.java:268)
	at ptolemy.domains.de.kernel.DEDirector._fire(DEDirector.java:1949)
	at ptolemy.domains.de.kernel.DEDirector.fire(DEDirector.java:502)
	at ptolemy.actor.CompositeActor.fire(CompositeActor.java:455)
	at ptolemy.actor.Manager.iterate(Manager.java:851)
	at ptolemy.actor.Manager.execute(Manager.java:369)
	at ptolemy.actor.Manager.run(Manager.java:1263)
	at ptolemy.actor.Manager$PtolemyRunThread.run(Manager.java:1915)
java.lang.RuntimeException: Execution failed
	at ptolemy.moml.MoMLSimpleApplication$UnloadThread.run(MoMLSimpleApplication.java:402)
Caused by: ptolemy.kernel.util.IllegalActionException: Found a zero delay loop containing .HierarchicalModel.A
  in .HierarchicalModel and .HierarchicalModel.A
	at ptolemy.actor.util.CausalityInterfaceForComposites._computeOutputPortDepth(CausalityInterfaceForComposites.java:759)
	at ptolemy.actor.util.CausalityInterfaceForComposites._computeInputDepth(CausalityInterfaceForComposites.java:696)
	at ptolemy.actor.util.CausalityInterfaceForComposites._computeOutputPortDepth(CausalityInterfaceForComposites.java:765)
	at ptolemy.actor.util.CausalityInterfaceForComposites._computeInputDepth(CausalityInterfaceForComposites.java:696)
	at ptolemy.actor.util.CausalityInterfaceForComposites._computeOutputPortDepth(CausalityInterfaceForComposites.java:765)
	at ptolemy.actor.util.CausalityInterfaceForComposites._computeInputDepth(CausalityInterfaceForComposites.java:696)
	at ptolemy.actor.util.CausalityInterfaceForComposites._computeActorDepth(CausalityInterfaceForComposites.java:532)
	at ptolemy.actor.util.CausalityInterfaceForComposites.checkForCycles(CausalityInterfaceForComposites.java:96)
	at ptolemy.domains.de.kernel.DEDirector.preinitialize(DEDirector.java:1338)
	at ptolemy.actor.CompositeActor.preinitialize(CompositeActor.java:1828)
	at ptolemy.actor.Manager.preinitializeAndResolveTypes(Manager.java:1040)
	at ptolemy.actor.Manager.initialize(Manager.java:710)
	at ptolemy.actor.Manager.execute(Manager.java:356)
	at ptolemy.actor.Manager.run(Manager.java:1263)
	at ptolemy.actor.Manager$PtolemyRunThread.run(Manager.java:1915)
java.lang.reflect.InvocationTargetException
	at sun.reflect.NativeConstructorAccessorImpl.newInstance0(Native Method)
	at sun.reflect.NativeConstructorAccessorImpl.newInstance(NativeConstructorAccessorImpl.java:62)
	at sun.reflect.DelegatingConstructorAccessorImpl.newInstance(DelegatingConstructorAccessorImpl.java:45)
	at java.lang.reflect.Constructor.newInstance(Constructor.java:423)
	at ptolemy.util.test.junit.AutoKnownFailedTests.RunModel(AutoKnownFailedTests.java:107)
	at sun.reflect.NativeMethodAccessorImpl.invoke0(Native Method)
	at sun.reflect.NativeMethodAccessorImpl.invoke(NativeMethodAccessorImpl.java:62)
	at sun.reflect.DelegatingMethodAccessorImpl.invoke(DelegatingMethodAccessorImpl.java:43)
	at java.lang.reflect.Method.invoke(Method.java:498)
	at org.junit.runners.model.FrameworkMethod$1.runReflectiveCall(FrameworkMethod.java:44)
	at org.junit.internal.runners.model.ReflectiveCallable.run(ReflectiveCallable.java:15)
	at org.junit.runners.model.FrameworkMethod.invokeExplosively(FrameworkMethod.java:41)
	at junitparams.internal.InvokeParameterisedMethod.evaluate(InvokeParameterisedMethod.java:102)
	at org.junit.internal.runners.statements.FailOnTimeout$1.run(FailOnTimeout.java:28)
Caused by: ptolemy.kernel.util.IllegalActionException: Found a zero delay loop containing .HierarchicalModel.A
  in .HierarchicalModel and .HierarchicalModel.A
	at ptolemy.actor.util.CausalityInterfaceForComposites._computeOutputPortDepth(CausalityInterfaceForComposites.java:759)
	at ptolemy.actor.util.CausalityInterfaceForComposites._computeInputDepth(CausalityInterfaceForComposites.java:696)
	at ptolemy.actor.util.CausalityInterfaceForComposites._computeOutputPortDepth(CausalityInterfaceForComposites.java:765)
	at ptolemy.actor.util.CausalityInterfaceForComposites._computeInputDepth(CausalityInterfaceForComposites.java:696)
	at ptolemy.actor.util.CausalityInterfaceForComposites._computeOutputPortDepth(CausalityInterfaceForComposites.java:765)
	at ptolemy.actor.util.CausalityInterfaceForComposites._computeInputDepth(CausalityInterfaceForComposites.java:696)
	at ptolemy.actor.util.CausalityInterfaceForComposites._computeActorDepth(CausalityInterfaceForComposites.java:532)
	at ptolemy.actor.util.CausalityInterfaceForComposites.checkForCycles(CausalityInterfaceForComposites.java:96)
	at ptolemy.domains.de.kernel.DEDirector.preinitialize(DEDirector.java:1338)
	at ptolemy.actor.CompositeActor.preinitialize(CompositeActor.java:1828)
	at ptolemy.actor.Manager.preinitializeAndResolveTypes(Manager.java:1040)
	at ptolemy.actor.Manager.initialize(Manager.java:710)
	at ptolemy.actor.Manager.execute(Manager.java:356)
	at ptolemy.actor.Manager.run(Manager.java:1263)
	at ptolemy.actor.Manager$PtolemyRunThread.run(Manager.java:1915)
java.lang.RuntimeException: Execution failed
	at ptolemy.moml.MoMLSimpleApplication$UnloadThread.run(MoMLSimpleApplication.java:402)
Caused by: ptolemy.kernel.util.IllegalActionException: Found a zero delay loop containing .dependencyLoop.original
  in .dependencyLoop and .dependencyLoop.original
	at ptolemy.actor.util.CausalityInterfaceForComposites._computeOutputPortDepth(CausalityInterfaceForComposites.java:759)
	at ptolemy.actor.util.CausalityInterfaceForComposites._computeInputDepth(CausalityInterfaceForComposites.java:696)
	at ptolemy.actor.util.CausalityInterfaceForComposites._computeOutputPortDepth(CausalityInterfaceForComposites.java:765)
	at ptolemy.actor.util.CausalityInterfaceForComposites._computeInputDepth(CausalityInterfaceForComposites.java:696)
	at ptolemy.actor.util.CausalityInterfaceForComposites._computeOutputPortDepth(CausalityInterfaceForComposites.java:765)
	at ptolemy.actor.util.CausalityInterfaceForComposites._computeInputDepth(CausalityInterfaceForComposites.java:696)
	at ptolemy.actor.util.CausalityInterfaceForComposites._computeActorDepth(CausalityInterfaceForComposites.java:532)
	at ptolemy.actor.util.CausalityInterfaceForComposites.checkForCycles(CausalityInterfaceForComposites.java:96)
	at ptolemy.domains.de.kernel.DEDirector.preinitialize(DEDirector.java:1338)
	at ptolemy.actor.CompositeActor.preinitialize(CompositeActor.java:1828)
	at ptolemy.actor.Manager.preinitializeAndResolveTypes(Manager.java:1040)
	at ptolemy.actor.Manager.initialize(Manager.java:710)
	at ptolemy.actor.Manager.execute(Manager.java:356)
	at ptolemy.actor.Manager.run(Manager.java:1263)
	at ptolemy.actor.Manager$PtolemyRunThread.run(Manager.java:1915)
java.lang.reflect.InvocationTargetException
	at sun.reflect.NativeConstructorAccessorImpl.newInstance0(Native Method)
	at sun.reflect.NativeConstructorAccessorImpl.newInstance(NativeConstructorAccessorImpl.java:62)
	at sun.reflect.DelegatingConstructorAccessorImpl.newInstance(DelegatingConstructorAccessorImpl.java:45)
	at java.lang.reflect.Constructor.newInstance(Constructor.java:423)
	at ptolemy.util.test.junit.AutoKnownFailedTests.RunModel(AutoKnownFailedTests.java:107)
	at sun.reflect.NativeMethodAccessorImpl.invoke0(Native Method)
	at sun.reflect.NativeMethodAccessorImpl.invoke(NativeMethodAccessorImpl.java:62)
	at sun.reflect.DelegatingMethodAccessorImpl.invoke(DelegatingMethodAccessorImpl.java:43)
	at java.lang.reflect.Method.invoke(Method.java:498)
	at org.junit.runners.model.FrameworkMethod$1.runReflectiveCall(FrameworkMethod.java:44)
	at org.junit.internal.runners.model.ReflectiveCallable.run(ReflectiveCallable.java:15)
	at org.junit.runners.model.FrameworkMethod.invokeExplosively(FrameworkMethod.java:41)
	at junitparams.internal.InvokeParameterisedMethod.evaluate(InvokeParameterisedMethod.java:102)
	at org.junit.internal.runners.statements.FailOnTimeout$1.run(FailOnTimeout.java:28)
Caused by: ptolemy.kernel.util.IllegalActionException: Found a zero delay loop containing .dependencyLoop.original
  in .dependencyLoop and .dependencyLoop.original
	at ptolemy.actor.util.CausalityInterfaceForComposites._computeOutputPortDepth(CausalityInterfaceForComposites.java:759)
	at ptolemy.actor.util.CausalityInterfaceForComposites._computeInputDepth(CausalityInterfaceForComposites.java:696)
	at ptolemy.actor.util.CausalityInterfaceForComposites._computeOutputPortDepth(CausalityInterfaceForComposites.java:765)
	at ptolemy.actor.util.CausalityInterfaceForComposites._computeInputDepth(CausalityInterfaceForComposites.java:696)
	at ptolemy.actor.util.CausalityInterfaceForComposites._computeOutputPortDepth(CausalityInterfaceForComposites.java:765)
	at ptolemy.actor.util.CausalityInterfaceForComposites._computeInputDepth(CausalityInterfaceForComposites.java:696)
	at ptolemy.actor.util.CausalityInterfaceForComposites._computeActorDepth(CausalityInterfaceForComposites.java:532)
	at ptolemy.actor.util.CausalityInterfaceForComposites.checkForCycles(CausalityInterfaceForComposites.java:96)
	at ptolemy.domains.de.kernel.DEDirector.preinitialize(DEDirector.java:1338)
	at ptolemy.actor.CompositeActor.preinitialize(CompositeActor.java:1828)
	at ptolemy.actor.Manager.preinitializeAndResolveTypes(Manager.java:1040)
	at ptolemy.actor.Manager.initialize(Manager.java:710)
	at ptolemy.actor.Manager.execute(Manager.java:356)
	at ptolemy.actor.Manager.run(Manager.java:1263)
	at ptolemy.actor.Manager$PtolemyRunThread.run(Manager.java:1915)
java.lang.RuntimeException: Execution failed
	at ptolemy.moml.MoMLSimpleApplication$UnloadThread.run(MoMLSimpleApplication.java:402)
Caused by: ptolemy.kernel.util.IllegalActionException: Found a zero delay loop containing .dependencyLoop2.original
  in .dependencyLoop2 and .dependencyLoop2.original
	at ptolemy.actor.util.CausalityInterfaceForComposites._computeOutputPortDepth(CausalityInterfaceForComposites.java:759)
	at ptolemy.actor.util.CausalityInterfaceForComposites._computeInputDepth(CausalityInterfaceForComposites.java:696)
	at ptolemy.actor.util.CausalityInterfaceForComposites._computeOutputPortDepth(CausalityInterfaceForComposites.java:765)
	at ptolemy.actor.util.CausalityInterfaceForComposites._computeInputDepth(CausalityInterfaceForComposites.java:696)
	at ptolemy.actor.util.CausalityInterfaceForComposites._computeOutputPortDepth(CausalityInterfaceForComposites.java:765)
	at ptolemy.actor.util.CausalityInterfaceForComposites._computeInputDepth(CausalityInterfaceForComposites.java:696)
	at ptolemy.actor.util.CausalityInterfaceForComposites._computeActorDepth(CausalityInterfaceForComposites.java:532)
	at ptolemy.actor.util.CausalityInterfaceForComposites.checkForCycles(CausalityInterfaceForComposites.java:96)
	at ptolemy.domains.de.kernel.DEDirector.preinitialize(DEDirector.java:1338)
	at ptolemy.actor.CompositeActor.preinitialize(CompositeActor.java:1828)
	at ptolemy.actor.Manager.preinitializeAndResolveTypes(Manager.java:1040)
	at ptolemy.actor.Manager.initialize(Manager.java:710)
	at ptolemy.actor.Manager.execute(Manager.java:356)
	at ptolemy.actor.Manager.run(Manager.java:1263)
	at ptolemy.actor.Manager$PtolemyRunThread.run(Manager.java:1915)
java.lang.reflect.InvocationTargetException
	at sun.reflect.NativeConstructorAccessorImpl.newInstance0(Native Method)
	at sun.reflect.NativeConstructorAccessorImpl.newInstance(NativeConstructorAccessorImpl.java:62)
	at sun.reflect.DelegatingConstructorAccessorImpl.newInstance(DelegatingConstructorAccessorImpl.java:45)
	at java.lang.reflect.Constructor.newInstance(Constructor.java:423)
	at ptolemy.util.test.junit.AutoKnownFailedTests.RunModel(AutoKnownFailedTests.java:107)
	at sun.reflect.NativeMethodAccessorImpl.invoke0(Native Method)
	at sun.reflect.NativeMethodAccessorImpl.invoke(NativeMethodAccessorImpl.java:62)
	at sun.reflect.DelegatingMethodAccessorImpl.invoke(DelegatingMethodAccessorImpl.java:43)
	at java.lang.reflect.Method.invoke(Method.java:498)
	at org.junit.runners.model.FrameworkMethod$1.runReflectiveCall(FrameworkMethod.java:44)
	at org.junit.internal.runners.model.ReflectiveCallable.run(ReflectiveCallable.java:15)
	at org.junit.runners.model.FrameworkMethod.invokeExplosively(FrameworkMethod.java:41)
	at junitparams.internal.InvokeParameterisedMethod.evaluate(InvokeParameterisedMethod.java:102)
	at org.junit.internal.runners.statements.FailOnTimeout$1.run(FailOnTimeout.java:28)
Caused by: ptolemy.kernel.util.IllegalActionException: Found a zero delay loop containing .dependencyLoop2.original
  in .dependencyLoop2 and .dependencyLoop2.original
	at ptolemy.actor.util.CausalityInterfaceForComposites._computeOutputPortDepth(CausalityInterfaceForComposites.java:759)
	at ptolemy.actor.util.CausalityInterfaceForComposites._computeInputDepth(CausalityInterfaceForComposites.java:696)
	at ptolemy.actor.util.CausalityInterfaceForComposites._computeOutputPortDepth(CausalityInterfaceForComposites.java:765)
	at ptolemy.actor.util.CausalityInterfaceForComposites._computeInputDepth(CausalityInterfaceForComposites.java:696)
	at ptolemy.actor.util.CausalityInterfaceForComposites._computeOutputPortDepth(CausalityInterfaceForComposites.java:765)
	at ptolemy.actor.util.CausalityInterfaceForComposites._computeInputDepth(CausalityInterfaceForComposites.java:696)
	at ptolemy.actor.util.CausalityInterfaceForComposites._computeActorDepth(CausalityInterfaceForComposites.java:532)
	at ptolemy.actor.util.CausalityInterfaceForComposites.checkForCycles(CausalityInterfaceForComposites.java:96)
	at ptolemy.domains.de.kernel.DEDirector.preinitialize(DEDirector.java:1338)
	at ptolemy.actor.CompositeActor.preinitialize(CompositeActor.java:1828)
	at ptolemy.actor.Manager.preinitializeAndResolveTypes(Manager.java:1040)
	at ptolemy.actor.Manager.initialize(Manager.java:710)
	at ptolemy.actor.Manager.execute(Manager.java:356)
	at ptolemy.actor.Manager.run(Manager.java:1263)
	at ptolemy.actor.Manager$PtolemyRunThread.run(Manager.java:1915)
]]></system-err>
</testsuite>
