<?xml version="1.0" encoding="UTF-8" ?>
<testsuite errors="0" failures="0" hostname="travis-job-1e7b4171-2711-4258-8f99-17cf464e8482" name="ptolemy.domains.modal.test.junit.JUnitTclTest" skipped="0" tests="148" time="8.868" timestamp="2019-02-27T21:00:16">
  <properties>
[...]
</properties>
  <testcase classname="ptolemy.util.test.junit.TclTests" name="[0] /home/travis/build/icyphy/ptII/ptolemy/domains/modal/test/SystemLevelType.tcl (RunTclFile)" time="1.595" />
  <testcase classname="ptolemy.util.test.junit.AutoKnownFailedTests" name="[0] /home/travis/build/icyphy/ptII/ptolemy/domains/modal/test/auto/knownFailedTests/CannotAnalysisWithPreemption.xml (RunModel)" time="0.188" />
  <testcase classname="ptolemy.util.test.junit.AutoNameArchTests" name="[0] ThereAreNoAutoArchTests (RunModel)" time="0.011" />
  <testcase classname="ptolemy.util.test.junit.AutoTests" name="[0] /home/travis/build/icyphy/ptII/ptolemy/domains/modal/test/auto/ABPTest.xml (RunModel)" time="0.712" />
  <testcase classname="ptolemy.util.test.junit.AutoTests" name="[1] /home/travis/build/icyphy/ptII/ptolemy/domains/modal/test/auto/ABROFlat.xml (RunModel)" time="0.076" />
  <testcase classname="ptolemy.util.test.junit.AutoTests" name="[2] /home/travis/build/icyphy/ptII/ptolemy/domains/modal/test/auto/ABROFlat2.xml (RunModel)" time="0.072" />
  <testcase classname="ptolemy.util.test.junit.AutoTests" name="[3] /home/travis/build/icyphy/ptII/ptolemy/domains/modal/test/auto/ABRO_present_hmm.xml (RunModel)" time="0.118" />
  <testcase classname="ptolemy.util.test.junit.AutoTests" name="[4] /home/travis/build/icyphy/ptII/ptolemy/domains/modal/test/auto/AMICoderExample.xml (RunModel)" time="0.052" />
  <testcase classname="ptolemy.util.test.junit.AutoTests" name="[5] /home/travis/build/icyphy/ptII/ptolemy/domains/modal/test/auto/AbsentToPresent.xml (RunModel)" time="0.018" />
  <testcase classname="ptolemy.util.test.junit.AutoTests" name="[6] /home/travis/build/icyphy/ptII/ptolemy/domains/modal/test/auto/Blending.xml (RunModel)" time="0.226" />
  <testcase classname="ptolemy.util.test.junit.AutoTests" name="[7] /home/travis/build/icyphy/ptII/ptolemy/domains/modal/test/auto/Broadcast.xml (RunModel)" time="0.043" />
  <testcase classname="ptolemy.util.test.junit.AutoTests" name="[8] /home/travis/build/icyphy/ptII/ptolemy/domains/modal/test/auto/BroadcastHierarchy.xml (RunModel)" time="0.066" />
  <testcase classname="ptolemy.util.test.junit.AutoTests" name="[9] /home/travis/build/icyphy/ptII/ptolemy/domains/modal/test/auto/BroadcastHierarchy2.xml (RunModel)" time="0.102" />
  <testcase classname="ptolemy.util.test.junit.AutoTests" name="[10] /home/travis/build/icyphy/ptII/ptolemy/domains/modal/test/auto/BroadcastHierarchy3.xml (RunModel)" time="0.08" />
  <testcase classname="ptolemy.util.test.junit.AutoTests" name="[11] /home/travis/build/icyphy/ptII/ptolemy/domains/modal/test/auto/BroadcastHierarchy4.xml (RunModel)" time="0.122" />
  <testcase classname="ptolemy.util.test.junit.AutoTests" name="[12] /home/travis/build/icyphy/ptII/ptolemy/domains/modal/test/auto/CannotAnalysisWithPreemption2.xml (RunModel)" time="0.032" />
  <testcase classname="ptolemy.util.test.junit.AutoTests" name="[13] /home/travis/build/icyphy/ptII/ptolemy/domains/modal/test/auto/CannotAnalysisWithPreemption3.xml (RunModel)" time="0.037" />
  <testcase classname="ptolemy.util.test.junit.AutoTests" name="[14] /home/travis/build/icyphy/ptII/ptolemy/domains/modal/test/auto/CannotProduce.xml (RunModel)" time="0.028" />
  <testcase classname="ptolemy.util.test.junit.AutoTests" name="[15] /home/travis/build/icyphy/ptII/ptolemy/domains/modal/test/auto/CannotProduceModal.xml (RunModel)" time="0.025" />
  <testcase classname="ptolemy.util.test.junit.AutoTests" name="[16] /home/travis/build/icyphy/ptII/ptolemy/domains/modal/test/auto/Case.xml (RunModel)" time="0.074" />
  <testcase classname="ptolemy.util.test.junit.AutoTests" name="[17] /home/travis/build/icyphy/ptII/ptolemy/domains/modal/test/auto/Case1.xml (RunModel)" time="0.033" />
  <testcase classname="ptolemy.util.test.junit.AutoTests" name="[18] /home/travis/build/icyphy/ptII/ptolemy/domains/modal/test/auto/Case2.xml (RunModel)" time="0.07" />
  <testcase classname="ptolemy.util.test.junit.AutoTests" name="[19] /home/travis/build/icyphy/ptII/ptolemy/domains/modal/test/auto/CausalityInterface1.xml (RunModel)" time="0.025" />
  <testcase classname="ptolemy.util.test.junit.AutoTests" name="[20] /home/travis/build/icyphy/ptII/ptolemy/domains/modal/test/auto/CausalityInterface10.xml (RunModel)" time="0.069" />
  <testcase classname="ptolemy.util.test.junit.AutoTests" name="[21] /home/travis/build/icyphy/ptII/ptolemy/domains/modal/test/auto/CausalityInterface11.xml (RunModel)" time="0.049" />
  <testcase classname="ptolemy.util.test.junit.AutoTests" name="[22] /home/travis/build/icyphy/ptII/ptolemy/domains/modal/test/auto/CausalityInterface12.xml (RunModel)" time="0.045" />
  <testcase classname="ptolemy.util.test.junit.AutoTests" name="[23] /home/travis/build/icyphy/ptII/ptolemy/domains/modal/test/auto/CausalityInterface13.xml (RunModel)" time="0.055" />
  <testcase classname="ptolemy.util.test.junit.AutoTests" name="[24] /home/travis/build/icyphy/ptII/ptolemy/domains/modal/test/auto/CausalityInterface14.xml (RunModel)" time="0.047" />
  <testcase classname="ptolemy.util.test.junit.AutoTests" name="[25] /home/travis/build/icyphy/ptII/ptolemy/domains/modal/test/auto/CausalityInterface2.xml (RunModel)" time="0.03" />
  <testcase classname="ptolemy.util.test.junit.AutoTests" name="[26] /home/travis/build/icyphy/ptII/ptolemy/domains/modal/test/auto/CausalityInterface3.xml (RunModel)" time="0.025" />
  <testcase classname="ptolemy.util.test.junit.AutoTests" name="[27] /home/travis/build/icyphy/ptII/ptolemy/domains/modal/test/auto/CausalityInterface4.xml (RunModel)" time="0.021" />
  <testcase classname="ptolemy.util.test.junit.AutoTests" name="[28] /home/travis/build/icyphy/ptII/ptolemy/domains/modal/test/auto/CausalityInterface5.xml (RunModel)" time="0.028" />
  <testcase classname="ptolemy.util.test.junit.AutoTests" name="[29] /home/travis/build/icyphy/ptII/ptolemy/domains/modal/test/auto/CausalityInterface6.xml (RunModel)" time="0.03" />
  <testcase classname="ptolemy.util.test.junit.AutoTests" name="[30] /home/travis/build/icyphy/ptII/ptolemy/domains/modal/test/auto/CausalityInterface7.xml (RunModel)" time="0.038" />
  <testcase classname="ptolemy.util.test.junit.AutoTests" name="[31] /home/travis/build/icyphy/ptII/ptolemy/domains/modal/test/auto/CausalityInterface8.xml (RunModel)" time="0.064" />
  <testcase classname="ptolemy.util.test.junit.AutoTests" name="[32] /home/travis/build/icyphy/ptII/ptolemy/domains/modal/test/auto/CausalityInterface9.xml (RunModel)" time="0.03" />
  <testcase classname="ptolemy.util.test.junit.AutoTests" name="[33] /home/travis/build/icyphy/ptII/ptolemy/domains/modal/test/auto/ChainedTransitions.xml (RunModel)" time="0.098" />
  <testcase classname="ptolemy.util.test.junit.AutoTests" name="[34] /home/travis/build/icyphy/ptII/ptolemy/domains/modal/test/auto/CycleOfImmediateTransitionsFSM.xml (RunModel)" time="0.019" />
  <testcase classname="ptolemy.util.test.junit.AutoTests" name="[35] /home/travis/build/icyphy/ptII/ptolemy/domains/modal/test/auto/CycleOfImmediateTransitionsModal.xml (RunModel)" time="0.018" />
  <testcase classname="ptolemy.util.test.junit.AutoTests" name="[36] /home/travis/build/icyphy/ptII/ptolemy/domains/modal/test/auto/CycleOfImmediateTransitionsModal2.xml (RunModel)" time="0.017" />
  <testcase classname="ptolemy.util.test.junit.AutoTests" name="[37] /home/travis/build/icyphy/ptII/ptolemy/domains/modal/test/auto/CycleOfImmediateTransitionsModal3.xml (RunModel)" time="0.059" />
  <testcase classname="ptolemy.util.test.junit.AutoTests" name="[38] /home/travis/build/icyphy/ptII/ptolemy/domains/modal/test/auto/DeepModal1.xml (RunModel)" time="0.053" />
  <testcase classname="ptolemy.util.test.junit.AutoTests" name="[39] /home/travis/build/icyphy/ptII/ptolemy/domains/modal/test/auto/DeepModal2.xml (RunModel)" time="0.061" />
  <testcase classname="ptolemy.util.test.junit.AutoTests" name="[40] /home/travis/build/icyphy/ptII/ptolemy/domains/modal/test/auto/DeepModal3.xml (RunModel)" time="0.056" />
  <testcase classname="ptolemy.util.test.junit.AutoTests" name="[41] /home/travis/build/icyphy/ptII/ptolemy/domains/modal/test/auto/DeepModal4.xml (RunModel)" time="0.055" />
  <testcase classname="ptolemy.util.test.junit.AutoTests" name="[42] /home/travis/build/icyphy/ptII/ptolemy/domains/modal/test/auto/Default1.xml (RunModel)" time="0.017" />
  <testcase classname="ptolemy.util.test.junit.AutoTests" name="[43] /home/travis/build/icyphy/ptII/ptolemy/domains/modal/test/auto/Default2.xml (RunModel)" time="0.018" />
  <testcase classname="ptolemy.util.test.junit.AutoTests" name="[44] /home/travis/build/icyphy/ptII/ptolemy/domains/modal/test/auto/Default3.xml (RunModel)" time="0.018" />
  <testcase classname="ptolemy.util.test.junit.AutoTests" name="[45] /home/travis/build/icyphy/ptII/ptolemy/domains/modal/test/auto/Default4.xml (RunModel)" time="0.022" />
  <testcase classname="ptolemy.util.test.junit.AutoTests" name="[46] /home/travis/build/icyphy/ptII/ptolemy/domains/modal/test/auto/Default5.xml (RunModel)" time="0.026" />
  <testcase classname="ptolemy.util.test.junit.AutoTests" name="[47] /home/travis/build/icyphy/ptII/ptolemy/domains/modal/test/auto/EmptyGuard.xml (RunModel)" time="0.033" />
  <testcase classname="ptolemy.util.test.junit.AutoTests" name="[48] /home/travis/build/icyphy/ptII/ptolemy/domains/modal/test/auto/ErrorTransition1.xml (RunModel)" time="0.038" />
  <testcase classname="ptolemy.util.test.junit.AutoTests" name="[49] /home/travis/build/icyphy/ptII/ptolemy/domains/modal/test/auto/ErrorTransition10.xml (RunModel)" time="0.039" />
  <testcase classname="ptolemy.util.test.junit.AutoTests" name="[50] /home/travis/build/icyphy/ptII/ptolemy/domains/modal/test/auto/ErrorTransition11.xml (RunModel)" time="0.034" />
  <testcase classname="ptolemy.util.test.junit.AutoTests" name="[51] /home/travis/build/icyphy/ptII/ptolemy/domains/modal/test/auto/ErrorTransition2.xml (RunModel)" time="0.019" />
  <testcase classname="ptolemy.util.test.junit.AutoTests" name="[52] /home/travis/build/icyphy/ptII/ptolemy/domains/modal/test/auto/ErrorTransition3.xml (RunModel)" time="0.023" />
  <testcase classname="ptolemy.util.test.junit.AutoTests" name="[53] /home/travis/build/icyphy/ptII/ptolemy/domains/modal/test/auto/ErrorTransition4.xml (RunModel)" time="0.024" />
  <testcase classname="ptolemy.util.test.junit.AutoTests" name="[54] /home/travis/build/icyphy/ptII/ptolemy/domains/modal/test/auto/ErrorTransition5.xml (RunModel)" time="0.022" />
  <testcase classname="ptolemy.util.test.junit.AutoTests" name="[55] /home/travis/build/icyphy/ptII/ptolemy/domains/modal/test/auto/ErrorTransition6.xml (RunModel)" time="0.023" />
  <testcase classname="ptolemy.util.test.junit.AutoTests" name="[56] /home/travis/build/icyphy/ptII/ptolemy/domains/modal/test/auto/ErrorTransition7.xml (RunModel)" time="0.033" />
  <testcase classname="ptolemy.util.test.junit.AutoTests" name="[57] /home/travis/build/icyphy/ptII/ptolemy/domains/modal/test/auto/ErrorTransition8.xml (RunModel)" time="0.044" />
  <testcase classname="ptolemy.util.test.junit.AutoTests" name="[58] /home/travis/build/icyphy/ptII/ptolemy/domains/modal/test/auto/ErrorTransition9.xml (RunModel)" time="0.029" />
  <testcase classname="ptolemy.util.test.junit.AutoTests" name="[59] /home/travis/build/icyphy/ptII/ptolemy/domains/modal/test/auto/ExtendedFSM.xml (RunModel)" time="0.019" />
  <testcase classname="ptolemy.util.test.junit.AutoTests" name="[60] /home/travis/build/icyphy/ptII/ptolemy/domains/modal/test/auto/FinalStates.xml (RunModel)" time="0.017" />
  <testcase classname="ptolemy.util.test.junit.AutoTests" name="[61] /home/travis/build/icyphy/ptII/ptolemy/domains/modal/test/auto/FixedPointFSM.xml (RunModel)" time="0.034" />
  <testcase classname="ptolemy.util.test.junit.AutoTests" name="[62] /home/travis/build/icyphy/ptII/ptolemy/domains/modal/test/auto/FixedPointIterationFSMActor.xml (RunModel)" time="0.043" />
  <testcase classname="ptolemy.util.test.junit.AutoTests" name="[63] /home/travis/build/icyphy/ptII/ptolemy/domains/modal/test/auto/FixedPointIterationFSMActor2.xml (RunModel)" time="0.024" />
  <testcase classname="ptolemy.util.test.junit.AutoTests" name="[64] /home/travis/build/icyphy/ptII/ptolemy/domains/modal/test/auto/ForbiddenInstantanousLoop.xml (RunModel)" time="0.026" />
  <testcase classname="ptolemy.util.test.junit.AutoTests" name="[65] /home/travis/build/icyphy/ptII/ptolemy/domains/modal/test/auto/FunctionDependencyOfFSMActorTest.xml (RunModel)" time="0.026" />
  <testcase classname="ptolemy.util.test.junit.AutoTests" name="[66] /home/travis/build/icyphy/ptII/ptolemy/domains/modal/test/auto/GuardExpression.xml (RunModel)" time="0.016" />
  <testcase classname="ptolemy.util.test.junit.AutoTests" name="[67] /home/travis/build/icyphy/ptII/ptolemy/domains/modal/test/auto/GuardNotEvaluated.xml (RunModel)" time="0.028" />
  <testcase classname="ptolemy.util.test.junit.AutoTests" name="[68] /home/travis/build/icyphy/ptII/ptolemy/domains/modal/test/auto/GuardNotEvaluated2.xml (RunModel)" time="0.021" />
  <testcase classname="ptolemy.util.test.junit.AutoTests" name="[69] /home/travis/build/icyphy/ptII/ptolemy/domains/modal/test/auto/GuardOnAbsent.xml (RunModel)" time="0.021" />
  <testcase classname="ptolemy.util.test.junit.AutoTests" name="[70] /home/travis/build/icyphy/ptII/ptolemy/domains/modal/test/auto/HierarchicalFSMTypeInference.xml (RunModel)" time="0.024" />
  <testcase classname="ptolemy.util.test.junit.AutoTests" name="[71] /home/travis/build/icyphy/ptII/ptolemy/domains/modal/test/auto/Hysteresis.xml (RunModel)" time="0.035" />
  <testcase classname="ptolemy.util.test.junit.AutoTests" name="[72] /home/travis/build/icyphy/ptII/ptolemy/domains/modal/test/auto/HysteresisWithDefault.xml (RunModel)" time="0.061" />
  <testcase classname="ptolemy.util.test.junit.AutoTests" name="[73] /home/travis/build/icyphy/ptII/ptolemy/domains/modal/test/auto/HysteresisWithDefault2.xml (RunModel)" time="0.064" />
  <testcase classname="ptolemy.util.test.junit.AutoTests" name="[74] /home/travis/build/icyphy/ptII/ptolemy/domains/modal/test/auto/ImmediateNonConstructiveness.xml (RunModel)" time="0.024" />
  <testcase classname="ptolemy.util.test.junit.AutoTests" name="[75] /home/travis/build/icyphy/ptII/ptolemy/domains/modal/test/auto/ImmediateNonConstructiveness2.xml (RunModel)" time="0.018" />
  <testcase classname="ptolemy.util.test.junit.AutoTests" name="[76] /home/travis/build/icyphy/ptII/ptolemy/domains/modal/test/auto/ImmediateTransitionReset.xml (RunModel)" time="0.033" />
  <testcase classname="ptolemy.util.test.junit.AutoTests" name="[77] /home/travis/build/icyphy/ptII/ptolemy/domains/modal/test/auto/ImmediateTransitions1.xml (RunModel)" time="0.01" />
  <testcase classname="ptolemy.util.test.junit.AutoTests" name="[78] /home/travis/build/icyphy/ptII/ptolemy/domains/modal/test/auto/ImmediateTransitionsInstantaneousCommunication.xml (RunModel)" time="0.029" />
  <testcase classname="ptolemy.util.test.junit.AutoTests" name="[79] /home/travis/build/icyphy/ptII/ptolemy/domains/modal/test/auto/InitialImmediateTransition.xml (RunModel)" time="0.015" />
  <testcase classname="ptolemy.util.test.junit.AutoTests" name="[80] /home/travis/build/icyphy/ptII/ptolemy/domains/modal/test/auto/InitialOutputs.xml (RunModel)" time="0.012" />
  <testcase classname="ptolemy.util.test.junit.AutoTests" name="[81] /home/travis/build/icyphy/ptII/ptolemy/domains/modal/test/auto/InitialStateTransition1.xml (RunModel)" time="0.016" />
  <testcase classname="ptolemy.util.test.junit.AutoTests" name="[82] /home/travis/build/icyphy/ptII/ptolemy/domains/modal/test/auto/InitialStateTransition2.xml (RunModel)" time="0.019" />
  <testcase classname="ptolemy.util.test.junit.AutoTests" name="[83] /home/travis/build/icyphy/ptII/ptolemy/domains/modal/test/auto/InitialStateTransition3.xml (RunModel)" time="0.019" />
  <testcase classname="ptolemy.util.test.junit.AutoTests" name="[84] /home/travis/build/icyphy/ptII/ptolemy/domains/modal/test/auto/InitialStateTransition4.xml (RunModel)" time="0.023" />
  <testcase classname="ptolemy.util.test.junit.AutoTests" name="[85] /home/travis/build/icyphy/ptII/ptolemy/domains/modal/test/auto/MalformedGuardExpressionNotCaught.xml (RunModel)" time="0.024" />
  <testcase classname="ptolemy.util.test.junit.AutoTests" name="[86] /home/travis/build/icyphy/ptII/ptolemy/domains/modal/test/auto/ModalBSC.xml (RunModel)" time="0.09" />
  <testcase classname="ptolemy.util.test.junit.AutoTests" name="[87] /home/travis/build/icyphy/ptII/ptolemy/domains/modal/test/auto/ModalClocks.xml (RunModel)" time="0.067" />
  <testcase classname="ptolemy.util.test.junit.AutoTests" name="[88] /home/travis/build/icyphy/ptII/ptolemy/domains/modal/test/auto/ModalDelay.xml (RunModel)" time="0.037" />
  <testcase classname="ptolemy.util.test.junit.AutoTests" name="[89] /home/travis/build/icyphy/ptII/ptolemy/domains/modal/test/auto/ModalDelay2.xml (RunModel)" time="0.035" />
  <testcase classname="ptolemy.util.test.junit.AutoTests" name="[90] /home/travis/build/icyphy/ptII/ptolemy/domains/modal/test/auto/ModalModelFromMemo.xml (RunModel)" time="0.049" />
  <testcase classname="ptolemy.util.test.junit.AutoTests" name="[91] /home/travis/build/icyphy/ptII/ptolemy/domains/modal/test/auto/ModalModelWithMultirateTransient.xml (RunModel)" time="0.037" />
  <testcase classname="ptolemy.util.test.junit.AutoTests" name="[92] /home/travis/build/icyphy/ptII/ptolemy/domains/modal/test/auto/ModalModelWithReset.xml (RunModel)" time="0.031" />
  <testcase classname="ptolemy.util.test.junit.AutoTests" name="[93] /home/travis/build/icyphy/ptII/ptolemy/domains/modal/test/auto/MouseClickFSM.xml (RunModel)" time="0.034" />
  <testcase classname="ptolemy.util.test.junit.AutoTests" name="[94] /home/travis/build/icyphy/ptII/ptolemy/domains/modal/test/auto/MouseClickFSMModal.xml (RunModel)" time="0.032" />
  <testcase classname="ptolemy.util.test.junit.AutoTests" name="[95] /home/travis/build/icyphy/ptII/ptolemy/domains/modal/test/auto/NonStrictFSM_FeedbackLoop.xml (RunModel)" time="0.042" />
  <testcase classname="ptolemy.util.test.junit.AutoTests" name="[96] /home/travis/build/icyphy/ptII/ptolemy/domains/modal/test/auto/NonStrictFSM_FeedbackLoop_Refinement.xml (RunModel)" time="0.061" />
  <testcase classname="ptolemy.util.test.junit.AutoTests" name="[97] /home/travis/build/icyphy/ptII/ptolemy/domains/modal/test/auto/NonStrictFSM_FeedbackLoop_preemptive.xml (RunModel)" time="0.038" />
  <testcase classname="ptolemy.util.test.junit.AutoTests" name="[98] /home/travis/build/icyphy/ptII/ptolemy/domains/modal/test/auto/NormalTermination.xml (RunModel)" time="0.044" />
  <testcase classname="ptolemy.util.test.junit.AutoTests" name="[99] /home/travis/build/icyphy/ptII/ptolemy/domains/modal/test/auto/Pong.xml (RunModel)" time="0.068" />
  <testcase classname="ptolemy.util.test.junit.AutoTests" name="[100] /home/travis/build/icyphy/ptII/ptolemy/domains/modal/test/auto/Pong_test.xml (RunModel)" time="0.103" />
  <testcase classname="ptolemy.util.test.junit.AutoTests" name="[101] /home/travis/build/icyphy/ptII/ptolemy/domains/modal/test/auto/PreemptionHierarchy.xml (RunModel)" time="0.021" />
  <testcase classname="ptolemy.util.test.junit.AutoTests" name="[102] /home/travis/build/icyphy/ptII/ptolemy/domains/modal/test/auto/PreemptionHierarchy2.xml (RunModel)" time="0.026" />
  <testcase classname="ptolemy.util.test.junit.AutoTests" name="[103] /home/travis/build/icyphy/ptII/ptolemy/domains/modal/test/auto/PreemptiveTransition.xml (RunModel)" time="0.019" />
  <testcase classname="ptolemy.util.test.junit.AutoTests" name="[104] /home/travis/build/icyphy/ptII/ptolemy/domains/modal/test/auto/Priorities.xml (RunModel)" time="0.079" />
  <testcase classname="ptolemy.util.test.junit.AutoTests" name="[105] /home/travis/build/icyphy/ptII/ptolemy/domains/modal/test/auto/ResetFinal.xml (RunModel)" time="0.036" />
  <testcase classname="ptolemy.util.test.junit.AutoTests" name="[106] /home/travis/build/icyphy/ptII/ptolemy/domains/modal/test/auto/ResetFinal2.xml (RunModel)" time="0.025" />
  <testcase classname="ptolemy.util.test.junit.AutoTests" name="[107] /home/travis/build/icyphy/ptII/ptolemy/domains/modal/test/auto/ResetTransitionWithStartTime.xml (RunModel)" time="0.028" />
  <testcase classname="ptolemy.util.test.junit.AutoTests" name="[108] /home/travis/build/icyphy/ptII/ptolemy/domains/modal/test/auto/SDF-FSMComposite.xml (RunModel)" time="0.02" />
  <testcase classname="ptolemy.util.test.junit.AutoTests" name="[109] /home/travis/build/icyphy/ptII/ptolemy/domains/modal/test/auto/SeeminglyNondeterminate.xml (RunModel)" time="0.056" />
  <testcase classname="ptolemy.util.test.junit.AutoTests" name="[110] /home/travis/build/icyphy/ptII/ptolemy/domains/modal/test/auto/SeeminglyNondeterminate2.xml (RunModel)" time="0.059" />
  <testcase classname="ptolemy.util.test.junit.AutoTests" name="[111] /home/travis/build/icyphy/ptII/ptolemy/domains/modal/test/auto/SpontaneousFSM.xml (RunModel)" time="0.038" />
  <testcase classname="ptolemy.util.test.junit.AutoTests" name="[112] /home/travis/build/icyphy/ptII/ptolemy/domains/modal/test/auto/SpontaneousFSM2.xml (RunModel)" time="0.022" />
  <testcase classname="ptolemy.util.test.junit.AutoTests" name="[113] /home/travis/build/icyphy/ptII/ptolemy/domains/modal/test/auto/SpontaneousFSM3.xml (RunModel)" time="0.032" />
  <testcase classname="ptolemy.util.test.junit.AutoTests" name="[114] /home/travis/build/icyphy/ptII/ptolemy/domains/modal/test/auto/SpontaneousFSM4.xml (RunModel)" time="0.033" />
  <testcase classname="ptolemy.util.test.junit.AutoTests" name="[115] /home/travis/build/icyphy/ptII/ptolemy/domains/modal/test/auto/StateTrackerTest.xml (RunModel)" time="0.041" />
  <testcase classname="ptolemy.util.test.junit.AutoTests" name="[116] /home/travis/build/icyphy/ptII/ptolemy/domains/modal/test/auto/StrongImmediateTransition.xml (RunModel)" time="0.018" />
  <testcase classname="ptolemy.util.test.junit.AutoTests" name="[117] /home/travis/build/icyphy/ptII/ptolemy/domains/modal/test/auto/SustainHierarchy.xml (RunModel)" time="0.025" />
  <testcase classname="ptolemy.util.test.junit.AutoTests" name="[118] /home/travis/build/icyphy/ptII/ptolemy/domains/modal/test/auto/TerminationTransition1.xml (RunModel)" time="0.017" />
  <testcase classname="ptolemy.util.test.junit.AutoTests" name="[119] /home/travis/build/icyphy/ptII/ptolemy/domains/modal/test/auto/TerminationTransition2.xml (RunModel)" time="0.02" />
  <testcase classname="ptolemy.util.test.junit.AutoTests" name="[120] /home/travis/build/icyphy/ptII/ptolemy/domains/modal/test/auto/TerminationTransition3.xml (RunModel)" time="0.018" />
  <testcase classname="ptolemy.util.test.junit.AutoTests" name="[121] /home/travis/build/icyphy/ptII/ptolemy/domains/modal/test/auto/TerminationTransition4.xml (RunModel)" time="0.028" />
  <testcase classname="ptolemy.util.test.junit.AutoTests" name="[122] /home/travis/build/icyphy/ptII/ptolemy/domains/modal/test/auto/TerminationTransition5.xml (RunModel)" time="0.028" />
  <testcase classname="ptolemy.util.test.junit.AutoTests" name="[123] /home/travis/build/icyphy/ptII/ptolemy/domains/modal/test/auto/TerminationTransition6.xml (RunModel)" time="0.018" />
  <testcase classname="ptolemy.util.test.junit.AutoTests" name="[124] /home/travis/build/icyphy/ptII/ptolemy/domains/modal/test/auto/TerminationTransition7.xml (RunModel)" time="0.018" />
  <testcase classname="ptolemy.util.test.junit.AutoTests" name="[125] /home/travis/build/icyphy/ptII/ptolemy/domains/modal/test/auto/TerminationTransition8.xml (RunModel)" time="0.019" />
  <testcase classname="ptolemy.util.test.junit.AutoTests" name="[126] /home/travis/build/icyphy/ptII/ptolemy/domains/modal/test/auto/Thermostat_NoHysteresis.xml (RunModel)" time="0.046" />
  <testcase classname="ptolemy.util.test.junit.AutoTests" name="[127] /home/travis/build/icyphy/ptII/ptolemy/domains/modal/test/auto/TimedFSM.xml (RunModel)" time="0.025" />
  <testcase classname="ptolemy.util.test.junit.AutoTests" name="[128] /home/travis/build/icyphy/ptII/ptolemy/domains/modal/test/auto/Timeout1.xml (RunModel)" time="0.016" />
  <testcase classname="ptolemy.util.test.junit.AutoTests" name="[129] /home/travis/build/icyphy/ptII/ptolemy/domains/modal/test/auto/Timeout2.xml (RunModel)" time="0.015" />
  <testcase classname="ptolemy.util.test.junit.AutoTests" name="[130] /home/travis/build/icyphy/ptII/ptolemy/domains/modal/test/auto/Timeout3.xml (RunModel)" time="0.014" />
  <testcase classname="ptolemy.util.test.junit.AutoTests" name="[131] /home/travis/build/icyphy/ptII/ptolemy/domains/modal/test/auto/Timeout4.xml (RunModel)" time="0.009" />
  <testcase classname="ptolemy.util.test.junit.AutoTests" name="[132] /home/travis/build/icyphy/ptII/ptolemy/domains/modal/test/auto/TransientstateModelAdvanced.xml (RunModel)" time="0.023" />
  <testcase classname="ptolemy.util.test.junit.AutoTests" name="[133] /home/travis/build/icyphy/ptII/ptolemy/domains/modal/test/auto/TransientstateModelAdvanced2.xml (RunModel)" time="0.025" />
  <testcase classname="ptolemy.util.test.junit.AutoTests" name="[134] /home/travis/build/icyphy/ptII/ptolemy/domains/modal/test/auto/TransitionRefinements.xml (RunModel)" time="0.02" />
  <testcase classname="ptolemy.util.test.junit.AutoTests" name="[135] /home/travis/build/icyphy/ptII/ptolemy/domains/modal/test/auto/TwoRefinements1.xml (RunModel)" time="0.02" />
  <testcase classname="ptolemy.util.test.junit.AutoTests" name="[136] /home/travis/build/icyphy/ptII/ptolemy/domains/modal/test/auto/TwoRefinements2.xml (RunModel)" time="0.021" />
  <testcase classname="ptolemy.util.test.junit.AutoTests" name="[137] /home/travis/build/icyphy/ptII/ptolemy/domains/modal/test/auto/WeakImmediateTransition.xml (RunModel)" time="0.018" />
  <testcase classname="ptolemy.util.test.junit.AutoTests" name="[138] /home/travis/build/icyphy/ptII/ptolemy/domains/modal/test/auto/booleanSelect.xml (RunModel)" time="0.049" />
  <testcase classname="ptolemy.util.test.junit.AutoTests" name="[139] /home/travis/build/icyphy/ptII/ptolemy/domains/modal/test/auto/modalChangingParams.xml (RunModel)" time="0.192" />
  <testcase classname="ptolemy.util.test.junit.AutoTests" name="[140] /home/travis/build/icyphy/ptII/ptolemy/domains/modal/test/auto/modalModel.xml (RunModel)" time="0.018" />
  <testcase classname="ptolemy.util.test.junit.AutoTests" name="[141] /home/travis/build/icyphy/ptII/ptolemy/domains/modal/test/auto/modalModel2.xml (RunModel)" time="0.021" />
  <testcase classname="ptolemy.util.test.junit.AutoTests" name="[142] /home/travis/build/icyphy/ptII/ptolemy/domains/modal/test/auto/modalModel3.xml (RunModel)" time="0.027" />
  <testcase classname="ptolemy.util.test.junit.AutoTests" name="[143] /home/travis/build/icyphy/ptII/ptolemy/domains/modal/test/auto/model1.xml (RunModel)" time="0.019" />
  <testcase classname="ptolemy.util.test.junit.AutoTests" name="[144] /home/travis/build/icyphy/ptII/ptolemy/domains/modal/test/auto/test-direct-in-out.xml (RunModel)" time="0.016" />
  <system-out><![CDATA[/home/travis/build/icyphy/ptII/ptolemy/domains/modal/test/SystemLevelType.tcl
testDefs.tcl: setting time out to 9000 seconds at Wed Feb 27 21:00:16 UTC 2019
02/27/19 09:00:18
Failed: 0  Total Tests: 1  ((Passed: 1, Newly Passed: 0)  Known Failed: 0) /home/travis/build/icyphy/ptII/ptolemy/domains/modal/test
----------------- testing (KnownFailure) /home/travis/build/icyphy/ptII/ptolemy/domains/modal/test/auto/knownFailedTests/CannotAnalysisWithPreemption.xml
61 ms. Memory: 208384K Free: 80642K (39%)
Known Failure: java.lang.reflect.InvocationTargetException
No auto/linux-amd64/*.xml tests in /home/travis/build/icyphy/ptII/ptolemy/domains/modal/test
AutoTests.java: About to close Vertx.
AutoTests.java: Vertx closed.

===========================================================================================
----------------- testing Wed Feb 27 21:00:18 UTC 2019 /home/travis/build/icyphy/ptII/ptolemy/domains/modal/test/auto/ABPTest.xml
----------------- Instantiating /home/travis/build/icyphy/ptII/ptolemy/domains/modal/test/auto/ABPTest.xml
342 ms. Memory: 332288K Free: 315108K (95%)
----------------- Invoking toplevel() on ptolemy.moml.MoMLSimpleApplication@5d79e63a
----------------- Done invoking toplevel() on ptolemy.moml.MoMLSimpleApplication@5d79e63a
reloadAllAccessors: .ABPTest

===========================================================================================
----------------- testing Wed Feb 27 21:00:19 UTC 2019 /home/travis/build/icyphy/ptII/ptolemy/domains/modal/test/auto/ABROFlat.xml
----------------- Instantiating /home/travis/build/icyphy/ptII/ptolemy/domains/modal/test/auto/ABROFlat.xml
23 ms. Memory: 332288K Free: 293938K (88%)
----------------- Invoking toplevel() on ptolemy.moml.MoMLSimpleApplication@476d43b2
----------------- Done invoking toplevel() on ptolemy.moml.MoMLSimpleApplication@476d43b2
reloadAllAccessors: .ABROFlat

===========================================================================================
----------------- testing Wed Feb 27 21:00:19 UTC 2019 /home/travis/build/icyphy/ptII/ptolemy/domains/modal/test/auto/ABROFlat2.xml
----------------- Instantiating /home/travis/build/icyphy/ptII/ptolemy/domains/modal/test/auto/ABROFlat2.xml
20 ms. Memory: 332288K Free: 275527K (83%)
----------------- Invoking toplevel() on ptolemy.moml.MoMLSimpleApplication@15b879bb
----------------- Done invoking toplevel() on ptolemy.moml.MoMLSimpleApplication@15b879bb
reloadAllAccessors: .ABROFlat2

===========================================================================================
----------------- testing Wed Feb 27 21:00:19 UTC 2019 /home/travis/build/icyphy/ptII/ptolemy/domains/modal/test/auto/ABRO_present_hmm.xml
----------------- Instantiating /home/travis/build/icyphy/ptII/ptolemy/domains/modal/test/auto/ABRO_present_hmm.xml
31 ms. Memory: 332288K Free: 244837K (74%)
----------------- Invoking toplevel() on ptolemy.moml.MoMLSimpleApplication@522fe431
----------------- Done invoking toplevel() on ptolemy.moml.MoMLSimpleApplication@522fe431
reloadAllAccessors: .ABRO_present_hmm

===========================================================================================
----------------- testing Wed Feb 27 21:00:19 UTC 2019 /home/travis/build/icyphy/ptII/ptolemy/domains/modal/test/auto/AMICoderExample.xml
----------------- Instantiating /home/travis/build/icyphy/ptII/ptolemy/domains/modal/test/auto/AMICoderExample.xml
11 ms. Memory: 332288K Free: 235004K (71%)
----------------- Invoking toplevel() on ptolemy.moml.MoMLSimpleApplication@61826a4a
----------------- Done invoking toplevel() on ptolemy.moml.MoMLSimpleApplication@61826a4a
reloadAllAccessors: .AMICoderExample

===========================================================================================
----------------- testing Wed Feb 27 21:00:19 UTC 2019 /home/travis/build/icyphy/ptII/ptolemy/domains/modal/test/auto/AbsentToPresent.xml
----------------- Instantiating /home/travis/build/icyphy/ptII/ptolemy/domains/modal/test/auto/AbsentToPresent.xml
6 ms. Memory: 332288K Free: 226814K (68%)
----------------- Invoking toplevel() on ptolemy.moml.MoMLSimpleApplication@2fff2d7f
----------------- Done invoking toplevel() on ptolemy.moml.MoMLSimpleApplication@2fff2d7f
reloadAllAccessors: .AbsentToPresent

===========================================================================================
----------------- testing Wed Feb 27 21:00:19 UTC 2019 /home/travis/build/icyphy/ptII/ptolemy/domains/modal/test/auto/Blending.xml
----------------- Instantiating /home/travis/build/icyphy/ptII/ptolemy/domains/modal/test/auto/Blending.xml
125 ms. Memory: 332288K Free: 177662K (53%)
----------------- Invoking toplevel() on ptolemy.moml.MoMLSimpleApplication@11c4d895
----------------- Done invoking toplevel() on ptolemy.moml.MoMLSimpleApplication@11c4d895
reloadAllAccessors: .Blending

===========================================================================================
----------------- testing Wed Feb 27 21:00:20 UTC 2019 /home/travis/build/icyphy/ptII/ptolemy/domains/modal/test/auto/Broadcast.xml
----------------- Instantiating /home/travis/build/icyphy/ptII/ptolemy/domains/modal/test/auto/Broadcast.xml
10 ms. Memory: 332288K Free: 166624K (50%)
----------------- Invoking toplevel() on ptolemy.moml.MoMLSimpleApplication@581e22dd
----------------- Done invoking toplevel() on ptolemy.moml.MoMLSimpleApplication@581e22dd
reloadAllAccessors: .Broadcast

===========================================================================================
----------------- testing Wed Feb 27 21:00:20 UTC 2019 /home/travis/build/icyphy/ptII/ptolemy/domains/modal/test/auto/BroadcastHierarchy.xml
----------------- Instantiating /home/travis/build/icyphy/ptII/ptolemy/domains/modal/test/auto/BroadcastHierarchy.xml
16 ms. Memory: 332288K Free: 149511K (45%)
----------------- Invoking toplevel() on ptolemy.moml.MoMLSimpleApplication@25e81210
----------------- Done invoking toplevel() on ptolemy.moml.MoMLSimpleApplication@25e81210
reloadAllAccessors: .BroadcastHierarchy

===========================================================================================
----------------- testing Wed Feb 27 21:00:20 UTC 2019 /home/travis/build/icyphy/ptII/ptolemy/domains/modal/test/auto/BroadcastHierarchy2.xml
----------------- Instantiating /home/travis/build/icyphy/ptII/ptolemy/domains/modal/test/auto/BroadcastHierarchy2.xml
21 ms. Memory: 332288K Free: 116412K (35%)
----------------- Invoking toplevel() on ptolemy.moml.MoMLSimpleApplication@42f711e7
----------------- Done invoking toplevel() on ptolemy.moml.MoMLSimpleApplication@42f711e7
reloadAllAccessors: .BroadcastHierarchy2

===========================================================================================
----------------- testing Wed Feb 27 21:00:20 UTC 2019 /home/travis/build/icyphy/ptII/ptolemy/domains/modal/test/auto/BroadcastHierarchy3.xml
----------------- Instantiating /home/travis/build/icyphy/ptII/ptolemy/domains/modal/test/auto/BroadcastHierarchy3.xml
17 ms. Memory: 332288K Free: 87341K (26%)
----------------- Invoking toplevel() on ptolemy.moml.MoMLSimpleApplication@51c41f2b
----------------- Done invoking toplevel() on ptolemy.moml.MoMLSimpleApplication@51c41f2b
reloadAllAccessors: .BroadcastHierarchy3

===========================================================================================
----------------- testing Wed Feb 27 21:00:20 UTC 2019 /home/travis/build/icyphy/ptII/ptolemy/domains/modal/test/auto/BroadcastHierarchy4.xml
----------------- Instantiating /home/travis/build/icyphy/ptII/ptolemy/domains/modal/test/auto/BroadcastHierarchy4.xml
23 ms. Memory: 333824K Free: 304272K (91%)
----------------- Invoking toplevel() on ptolemy.moml.MoMLSimpleApplication@6e1ae530
----------------- Done invoking toplevel() on ptolemy.moml.MoMLSimpleApplication@6e1ae530
reloadAllAccessors: .BroadcastHierarchy4

===========================================================================================
----------------- testing Wed Feb 27 21:00:20 UTC 2019 /home/travis/build/icyphy/ptII/ptolemy/domains/modal/test/auto/CannotAnalysisWithPreemption2.xml
----------------- Instantiating /home/travis/build/icyphy/ptII/ptolemy/domains/modal/test/auto/CannotAnalysisWithPreemption2.xml
4 ms. Memory: 333824K Free: 293490K (88%)
----------------- Invoking toplevel() on ptolemy.moml.MoMLSimpleApplication@2b4ab8ec
----------------- Done invoking toplevel() on ptolemy.moml.MoMLSimpleApplication@2b4ab8ec
reloadAllAccessors: .CannotAnalysisWithPreemption2

===========================================================================================
----------------- testing Wed Feb 27 21:00:20 UTC 2019 /home/travis/build/icyphy/ptII/ptolemy/domains/modal/test/auto/CannotAnalysisWithPreemption3.xml
----------------- Instantiating /home/travis/build/icyphy/ptII/ptolemy/domains/modal/test/auto/CannotAnalysisWithPreemption3.xml
5 ms. Memory: 333824K Free: 281214K (84%)
----------------- Invoking toplevel() on ptolemy.moml.MoMLSimpleApplication@1748646f
----------------- Done invoking toplevel() on ptolemy.moml.MoMLSimpleApplication@1748646f
reloadAllAccessors: .CannotAnalysisWithPreemption3

===========================================================================================
----------------- testing Wed Feb 27 21:00:20 UTC 2019 /home/travis/build/icyphy/ptII/ptolemy/domains/modal/test/auto/CannotProduce.xml
----------------- Instantiating /home/travis/build/icyphy/ptII/ptolemy/domains/modal/test/auto/CannotProduce.xml
10 ms. Memory: 333824K Free: 273839K (82%)
----------------- Invoking toplevel() on ptolemy.moml.MoMLSimpleApplication@4ea8b315
----------------- Done invoking toplevel() on ptolemy.moml.MoMLSimpleApplication@4ea8b315
reloadAllAccessors: .CannotProduce

===========================================================================================
----------------- testing Wed Feb 27 21:00:20 UTC 2019 /home/travis/build/icyphy/ptII/ptolemy/domains/modal/test/auto/CannotProduceModal.xml
----------------- Instantiating /home/travis/build/icyphy/ptII/ptolemy/domains/modal/test/auto/CannotProduceModal.xml
6 ms. Memory: 333824K Free: 263072K (79%)
----------------- Invoking toplevel() on ptolemy.moml.MoMLSimpleApplication@bc833d3
----------------- Done invoking toplevel() on ptolemy.moml.MoMLSimpleApplication@bc833d3
reloadAllAccessors: .CannotProduceModal

===========================================================================================
----------------- testing Wed Feb 27 21:00:20 UTC 2019 /home/travis/build/icyphy/ptII/ptolemy/domains/modal/test/auto/Case.xml
----------------- Instantiating /home/travis/build/icyphy/ptII/ptolemy/domains/modal/test/auto/Case.xml
35 ms. Memory: 333824K Free: 250789K (75%)
----------------- Invoking toplevel() on ptolemy.moml.MoMLSimpleApplication@71ac69fe
----------------- Done invoking toplevel() on ptolemy.moml.MoMLSimpleApplication@71ac69fe
reloadAllAccessors: .Case

===========================================================================================
----------------- testing Wed Feb 27 21:00:20 UTC 2019 /home/travis/build/icyphy/ptII/ptolemy/domains/modal/test/auto/Case1.xml
----------------- Instantiating /home/travis/build/icyphy/ptII/ptolemy/domains/modal/test/auto/Case1.xml
11 ms. Memory: 333824K Free: 242209K (73%)
----------------- Invoking toplevel() on ptolemy.moml.MoMLSimpleApplication@20cc476f
----------------- Done invoking toplevel() on ptolemy.moml.MoMLSimpleApplication@20cc476f
reloadAllAccessors: .Case1

===========================================================================================
----------------- testing Wed Feb 27 21:00:20 UTC 2019 /home/travis/build/icyphy/ptII/ptolemy/domains/modal/test/auto/Case2.xml
----------------- Instantiating /home/travis/build/icyphy/ptII/ptolemy/domains/modal/test/auto/Case2.xml
22 ms. Memory: 333824K Free: 227755K (68%)
----------------- Invoking toplevel() on ptolemy.moml.MoMLSimpleApplication@7a0bfcfc
----------------- Done invoking toplevel() on ptolemy.moml.MoMLSimpleApplication@7a0bfcfc
reloadAllAccessors: .Case2

===========================================================================================
----------------- testing Wed Feb 27 21:00:20 UTC 2019 /home/travis/build/icyphy/ptII/ptolemy/domains/modal/test/auto/CausalityInterface1.xml
----------------- Instantiating /home/travis/build/icyphy/ptII/ptolemy/domains/modal/test/auto/CausalityInterface1.xml
3 ms. Memory: 333824K Free: 221625K (66%)
----------------- Invoking toplevel() on ptolemy.moml.MoMLSimpleApplication@4e7d4da3
----------------- Done invoking toplevel() on ptolemy.moml.MoMLSimpleApplication@4e7d4da3
reloadAllAccessors: .CausalityInterface1

===========================================================================================
----------------- testing Wed Feb 27 21:00:20 UTC 2019 /home/travis/build/icyphy/ptII/ptolemy/domains/modal/test/auto/CausalityInterface10.xml
----------------- Instantiating /home/travis/build/icyphy/ptII/ptolemy/domains/modal/test/auto/CausalityInterface10.xml
19 ms. Memory: 333824K Free: 205662K (62%)
----------------- Invoking toplevel() on ptolemy.moml.MoMLSimpleApplication@270871fb
----------------- Done invoking toplevel() on ptolemy.moml.MoMLSimpleApplication@270871fb
reloadAllAccessors: .CausalityInterface10

===========================================================================================
----------------- testing Wed Feb 27 21:00:21 UTC 2019 /home/travis/build/icyphy/ptII/ptolemy/domains/modal/test/auto/CausalityInterface11.xml
----------------- Instantiating /home/travis/build/icyphy/ptII/ptolemy/domains/modal/test/auto/CausalityInterface11.xml
6 ms. Memory: 333824K Free: 188742K (57%)
----------------- Invoking toplevel() on ptolemy.moml.MoMLSimpleApplication@430df77
----------------- Done invoking toplevel() on ptolemy.moml.MoMLSimpleApplication@430df77
reloadAllAccessors: .CausalityInterface11

===========================================================================================
----------------- testing Wed Feb 27 21:00:21 UTC 2019 /home/travis/build/icyphy/ptII/ptolemy/domains/modal/test/auto/CausalityInterface12.xml
----------------- Instantiating /home/travis/build/icyphy/ptII/ptolemy/domains/modal/test/auto/CausalityInterface12.xml
8 ms. Memory: 333824K Free: 174024K (52%)
----------------- Invoking toplevel() on ptolemy.moml.MoMLSimpleApplication@72f6191a
----------------- Done invoking toplevel() on ptolemy.moml.MoMLSimpleApplication@72f6191a
reloadAllAccessors: .CausalityInterface12

===========================================================================================
----------------- testing Wed Feb 27 21:00:21 UTC 2019 /home/travis/build/icyphy/ptII/ptolemy/domains/modal/test/auto/CausalityInterface13.xml
----------------- Instantiating /home/travis/build/icyphy/ptII/ptolemy/domains/modal/test/auto/CausalityInterface13.xml
10 ms. Memory: 333824K Free: 158037K (47%)
----------------- Invoking toplevel() on ptolemy.moml.MoMLSimpleApplication@6ef385b0
----------------- Done invoking toplevel() on ptolemy.moml.MoMLSimpleApplication@6ef385b0
reloadAllAccessors: .CausalityInterface13

===========================================================================================
----------------- testing Wed Feb 27 21:00:21 UTC 2019 /home/travis/build/icyphy/ptII/ptolemy/domains/modal/test/auto/CausalityInterface14.xml
----------------- Instantiating /home/travis/build/icyphy/ptII/ptolemy/domains/modal/test/auto/CausalityInterface14.xml
9 ms. Memory: 333824K Free: 139896K (42%)
----------------- Invoking toplevel() on ptolemy.moml.MoMLSimpleApplication@6e29ecfa
----------------- Done invoking toplevel() on ptolemy.moml.MoMLSimpleApplication@6e29ecfa
reloadAllAccessors: .CausalityInterface14

===========================================================================================
----------------- testing Wed Feb 27 21:00:21 UTC 2019 /home/travis/build/icyphy/ptII/ptolemy/domains/modal/test/auto/CausalityInterface2.xml
----------------- Instantiating /home/travis/build/icyphy/ptII/ptolemy/domains/modal/test/auto/CausalityInterface2.xml
5 ms. Memory: 333824K Free: 132544K (40%)
----------------- Invoking toplevel() on ptolemy.moml.MoMLSimpleApplication@7d50a13a
----------------- Done invoking toplevel() on ptolemy.moml.MoMLSimpleApplication@7d50a13a
reloadAllAccessors: .CausalityInterface2

===========================================================================================
----------------- testing Wed Feb 27 21:00:21 UTC 2019 /home/travis/build/icyphy/ptII/ptolemy/domains/modal/test/auto/CausalityInterface3.xml
----------------- Instantiating /home/travis/build/icyphy/ptII/ptolemy/domains/modal/test/auto/CausalityInterface3.xml
3 ms. Memory: 333824K Free: 125169K (37%)
----------------- Invoking toplevel() on ptolemy.moml.MoMLSimpleApplication@6bdb8c16
----------------- Done invoking toplevel() on ptolemy.moml.MoMLSimpleApplication@6bdb8c16
reloadAllAccessors: .CausalityInterface3

===========================================================================================
----------------- testing Wed Feb 27 21:00:21 UTC 2019 /home/travis/build/icyphy/ptII/ptolemy/domains/modal/test/auto/CausalityInterface4.xml
----------------- Instantiating /home/travis/build/icyphy/ptII/ptolemy/domains/modal/test/auto/CausalityInterface4.xml
3 ms. Memory: 333824K Free: 115608K (35%)
----------------- Invoking toplevel() on ptolemy.moml.MoMLSimpleApplication@4c5099ac
----------------- Done invoking toplevel() on ptolemy.moml.MoMLSimpleApplication@4c5099ac
reloadAllAccessors: .CausalityInterface4

===========================================================================================
----------------- testing Wed Feb 27 21:00:21 UTC 2019 /home/travis/build/icyphy/ptII/ptolemy/domains/modal/test/auto/CausalityInterface5.xml
----------------- Instantiating /home/travis/build/icyphy/ptII/ptolemy/domains/modal/test/auto/CausalityInterface5.xml
5 ms. Memory: 333824K Free: 105774K (32%)
----------------- Invoking toplevel() on ptolemy.moml.MoMLSimpleApplication@6b04f5e6
----------------- Done invoking toplevel() on ptolemy.moml.MoMLSimpleApplication@6b04f5e6
reloadAllAccessors: .CausalityInterface5

===========================================================================================
----------------- testing Wed Feb 27 21:00:21 UTC 2019 /home/travis/build/icyphy/ptII/ptolemy/domains/modal/test/auto/CausalityInterface6.xml
----------------- Instantiating /home/travis/build/icyphy/ptII/ptolemy/domains/modal/test/auto/CausalityInterface6.xml
4 ms. Memory: 333824K Free: 95936K (29%)
----------------- Invoking toplevel() on ptolemy.moml.MoMLSimpleApplication@12eb8ad1
----------------- Done invoking toplevel() on ptolemy.moml.MoMLSimpleApplication@12eb8ad1
reloadAllAccessors: .CausalityInterface6

===========================================================================================
----------------- testing Wed Feb 27 21:00:21 UTC 2019 /home/travis/build/icyphy/ptII/ptolemy/domains/modal/test/auto/CausalityInterface7.xml
----------------- Instantiating /home/travis/build/icyphy/ptII/ptolemy/domains/modal/test/auto/CausalityInterface7.xml
5 ms. Memory: 333824K Free: 83912K (25%)
----------------- Invoking toplevel() on ptolemy.moml.MoMLSimpleApplication@4e9dbed
----------------- Done invoking toplevel() on ptolemy.moml.MoMLSimpleApplication@4e9dbed
reloadAllAccessors: .CausalityInterface7

===========================================================================================
----------------- testing Wed Feb 27 21:00:21 UTC 2019 /home/travis/build/icyphy/ptII/ptolemy/domains/modal/test/auto/CausalityInterface8.xml
----------------- Instantiating /home/travis/build/icyphy/ptII/ptolemy/domains/modal/test/auto/CausalityInterface8.xml
6 ms. Memory: 577536K Free: 560287K (97%)
----------------- Invoking toplevel() on ptolemy.moml.MoMLSimpleApplication@4612a420
----------------- Done invoking toplevel() on ptolemy.moml.MoMLSimpleApplication@4612a420
reloadAllAccessors: .CausalityInterface8

===========================================================================================
----------------- testing Wed Feb 27 21:00:21 UTC 2019 /home/travis/build/icyphy/ptII/ptolemy/domains/modal/test/auto/CausalityInterface9.xml
----------------- Instantiating /home/travis/build/icyphy/ptII/ptolemy/domains/modal/test/auto/CausalityInterface9.xml
6 ms. Memory: 577536K Free: 543996K (94%)
----------------- Invoking toplevel() on ptolemy.moml.MoMLSimpleApplication@32ad823a
----------------- Done invoking toplevel() on ptolemy.moml.MoMLSimpleApplication@32ad823a
reloadAllAccessors: .CausalityInterface9

===========================================================================================
----------------- testing Wed Feb 27 21:00:21 UTC 2019 /home/travis/build/icyphy/ptII/ptolemy/domains/modal/test/auto/ChainedTransitions.xml
----------------- Instantiating /home/travis/build/icyphy/ptII/ptolemy/domains/modal/test/auto/ChainedTransitions.xml
52 ms. Memory: 577536K Free: 514640K (89%)
----------------- Invoking toplevel() on ptolemy.moml.MoMLSimpleApplication@3ce86a9d
----------------- Done invoking toplevel() on ptolemy.moml.MoMLSimpleApplication@3ce86a9d
reloadAllAccessors: .ChainedTransitions

===========================================================================================
----------------- testing Wed Feb 27 21:00:21 UTC 2019 /home/travis/build/icyphy/ptII/ptolemy/domains/modal/test/auto/CycleOfImmediateTransitionsFSM.xml
----------------- Instantiating /home/travis/build/icyphy/ptII/ptolemy/domains/modal/test/auto/CycleOfImmediateTransitionsFSM.xml
2 ms. Memory: 577536K Free: 504881K (87%)
----------------- Invoking toplevel() on ptolemy.moml.MoMLSimpleApplication@3b34cb75
----------------- Done invoking toplevel() on ptolemy.moml.MoMLSimpleApplication@3b34cb75
reloadAllAccessors: .CycleOfImmediateTransitionsFSM

===========================================================================================
----------------- testing Wed Feb 27 21:00:21 UTC 2019 /home/travis/build/icyphy/ptII/ptolemy/domains/modal/test/auto/CycleOfImmediateTransitionsModal.xml
----------------- Instantiating /home/travis/build/icyphy/ptII/ptolemy/domains/modal/test/auto/CycleOfImmediateTransitionsModal.xml
2 ms. Memory: 577536K Free: 495122K (86%)
----------------- Invoking toplevel() on ptolemy.moml.MoMLSimpleApplication@23045dc8
----------------- Done invoking toplevel() on ptolemy.moml.MoMLSimpleApplication@23045dc8
reloadAllAccessors: .CycleOfImmediateTransitionsModal

===========================================================================================
----------------- testing Wed Feb 27 21:00:21 UTC 2019 /home/travis/build/icyphy/ptII/ptolemy/domains/modal/test/auto/CycleOfImmediateTransitionsModal2.xml
----------------- Instantiating /home/travis/build/icyphy/ptII/ptolemy/domains/modal/test/auto/CycleOfImmediateTransitionsModal2.xml
1 ms. Memory: 577536K Free: 482308K (84%)
----------------- Invoking toplevel() on ptolemy.moml.MoMLSimpleApplication@7db9cd9f
----------------- Done invoking toplevel() on ptolemy.moml.MoMLSimpleApplication@7db9cd9f
reloadAllAccessors: .CycleOfImmediateTransitionsModal2

===========================================================================================
----------------- testing Wed Feb 27 21:00:21 UTC 2019 /home/travis/build/icyphy/ptII/ptolemy/domains/modal/test/auto/CycleOfImmediateTransitionsModal3.xml
----------------- Instantiating /home/travis/build/icyphy/ptII/ptolemy/domains/modal/test/auto/CycleOfImmediateTransitionsModal3.xml
8 ms. Memory: 577536K Free: 452991K (78%)
----------------- Invoking toplevel() on ptolemy.moml.MoMLSimpleApplication@7803953b
----------------- Done invoking toplevel() on ptolemy.moml.MoMLSimpleApplication@7803953b
reloadAllAccessors: .CycleOfImmediateTransitionsModal3

===========================================================================================
----------------- testing Wed Feb 27 21:00:21 UTC 2019 /home/travis/build/icyphy/ptII/ptolemy/domains/modal/test/auto/DeepModal1.xml
----------------- Instantiating /home/travis/build/icyphy/ptII/ptolemy/domains/modal/test/auto/DeepModal1.xml
22 ms. Memory: 577536K Free: 436695K (76%)
----------------- Invoking toplevel() on ptolemy.moml.MoMLSimpleApplication@9d7e79d
----------------- Done invoking toplevel() on ptolemy.moml.MoMLSimpleApplication@9d7e79d
reloadAllAccessors: .DeepModal1

===========================================================================================
----------------- testing Wed Feb 27 21:00:21 UTC 2019 /home/travis/build/icyphy/ptII/ptolemy/domains/modal/test/auto/DeepModal2.xml
----------------- Instantiating /home/travis/build/icyphy/ptII/ptolemy/domains/modal/test/auto/DeepModal2.xml
21 ms. Memory: 577536K Free: 413860K (72%)
----------------- Invoking toplevel() on ptolemy.moml.MoMLSimpleApplication@15df99a1
----------------- Done invoking toplevel() on ptolemy.moml.MoMLSimpleApplication@15df99a1
reloadAllAccessors: .DeepModal2

===========================================================================================
----------------- testing Wed Feb 27 21:00:21 UTC 2019 /home/travis/build/icyphy/ptII/ptolemy/domains/modal/test/auto/DeepModal3.xml
----------------- Instantiating /home/travis/build/icyphy/ptII/ptolemy/domains/modal/test/auto/DeepModal3.xml
22 ms. Memory: 577536K Free: 387986K (67%)
----------------- Invoking toplevel() on ptolemy.moml.MoMLSimpleApplication@3771cc9f
----------------- Done invoking toplevel() on ptolemy.moml.MoMLSimpleApplication@3771cc9f
reloadAllAccessors: .DeepModal3

===========================================================================================
----------------- testing Wed Feb 27 21:00:21 UTC 2019 /home/travis/build/icyphy/ptII/ptolemy/domains/modal/test/auto/DeepModal4.xml
----------------- Instantiating /home/travis/build/icyphy/ptII/ptolemy/domains/modal/test/auto/DeepModal4.xml
22 ms. Memory: 577536K Free: 365160K (63%)
----------------- Invoking toplevel() on ptolemy.moml.MoMLSimpleApplication@c210296
----------------- Done invoking toplevel() on ptolemy.moml.MoMLSimpleApplication@c210296
reloadAllAccessors: .DeepModal4

===========================================================================================
----------------- testing Wed Feb 27 21:00:22 UTC 2019 /home/travis/build/icyphy/ptII/ptolemy/domains/modal/test/auto/Default1.xml
----------------- Instantiating /home/travis/build/icyphy/ptII/ptolemy/domains/modal/test/auto/Default1.xml
4 ms. Memory: 577536K Free: 355385K (62%)
----------------- Invoking toplevel() on ptolemy.moml.MoMLSimpleApplication@57e2fd11
----------------- Done invoking toplevel() on ptolemy.moml.MoMLSimpleApplication@57e2fd11
reloadAllAccessors: .Default1

===========================================================================================
----------------- testing Wed Feb 27 21:00:22 UTC 2019 /home/travis/build/icyphy/ptII/ptolemy/domains/modal/test/auto/Default2.xml
----------------- Instantiating /home/travis/build/icyphy/ptII/ptolemy/domains/modal/test/auto/Default2.xml
2 ms. Memory: 577536K Free: 345610K (60%)
----------------- Invoking toplevel() on ptolemy.moml.MoMLSimpleApplication@6e7c6063
----------------- Done invoking toplevel() on ptolemy.moml.MoMLSimpleApplication@6e7c6063
reloadAllAccessors: .Default2

===========================================================================================
----------------- testing Wed Feb 27 21:00:22 UTC 2019 /home/travis/build/icyphy/ptII/ptolemy/domains/modal/test/auto/Default3.xml
----------------- Instantiating /home/travis/build/icyphy/ptII/ptolemy/domains/modal/test/auto/Default3.xml
2 ms. Memory: 577536K Free: 332796K (58%)
----------------- Invoking toplevel() on ptolemy.moml.MoMLSimpleApplication@37a25693
----------------- Done invoking toplevel() on ptolemy.moml.MoMLSimpleApplication@37a25693
reloadAllAccessors: .Default3

===========================================================================================
----------------- testing Wed Feb 27 21:00:22 UTC 2019 /home/travis/build/icyphy/ptII/ptolemy/domains/modal/test/auto/Default4.xml
----------------- Instantiating /home/travis/build/icyphy/ptII/ptolemy/domains/modal/test/auto/Default4.xml
2 ms. Memory: 577536K Free: 323037K (56%)
----------------- Invoking toplevel() on ptolemy.moml.MoMLSimpleApplication@47763f29
----------------- Done invoking toplevel() on ptolemy.moml.MoMLSimpleApplication@47763f29
reloadAllAccessors: .Default4

===========================================================================================
----------------- testing Wed Feb 27 21:00:22 UTC 2019 /home/travis/build/icyphy/ptII/ptolemy/domains/modal/test/auto/Default5.xml
----------------- Instantiating /home/travis/build/icyphy/ptII/ptolemy/domains/modal/test/auto/Default5.xml
6 ms. Memory: 577536K Free: 310009K (54%)
----------------- Invoking toplevel() on ptolemy.moml.MoMLSimpleApplication@774e7633
----------------- Done invoking toplevel() on ptolemy.moml.MoMLSimpleApplication@774e7633
reloadAllAccessors: .Default5

===========================================================================================
----------------- testing Wed Feb 27 21:00:22 UTC 2019 /home/travis/build/icyphy/ptII/ptolemy/domains/modal/test/auto/EmptyGuard.xml
----------------- Instantiating /home/travis/build/icyphy/ptII/ptolemy/domains/modal/test/auto/EmptyGuard.xml
11 ms. Memory: 577536K Free: 300234K (52%)
----------------- Invoking toplevel() on ptolemy.moml.MoMLSimpleApplication@65259625
----------------- Done invoking toplevel() on ptolemy.moml.MoMLSimpleApplication@65259625
reloadAllAccessors: .EmptyGuard

===========================================================================================
----------------- testing Wed Feb 27 21:00:22 UTC 2019 /home/travis/build/icyphy/ptII/ptolemy/domains/modal/test/auto/ErrorTransition1.xml
----------------- Instantiating /home/travis/build/icyphy/ptII/ptolemy/domains/modal/test/auto/ErrorTransition1.xml
7 ms. Memory: 577536K Free: 284167K (49%)
----------------- Invoking toplevel() on ptolemy.moml.MoMLSimpleApplication@1343440f
----------------- Done invoking toplevel() on ptolemy.moml.MoMLSimpleApplication@1343440f
reloadAllAccessors: .ErrorTransition1

===========================================================================================
----------------- testing Wed Feb 27 21:00:22 UTC 2019 /home/travis/build/icyphy/ptII/ptolemy/domains/modal/test/auto/ErrorTransition10.xml
----------------- Instantiating /home/travis/build/icyphy/ptII/ptolemy/domains/modal/test/auto/ErrorTransition10.xml
15 ms. Memory: 577536K Free: 267870K (46%)
----------------- Invoking toplevel() on ptolemy.moml.MoMLSimpleApplication@62fc21f0
----------------- Done invoking toplevel() on ptolemy.moml.MoMLSimpleApplication@62fc21f0
reloadAllAccessors: .ErrorTransition10

===========================================================================================
----------------- testing Wed Feb 27 21:00:22 UTC 2019 /home/travis/build/icyphy/ptII/ptolemy/domains/modal/test/auto/ErrorTransition11.xml
----------------- Instantiating /home/travis/build/icyphy/ptII/ptolemy/domains/modal/test/auto/ErrorTransition11.xml
3 ms. Memory: 577536K Free: 251574K (44%)
----------------- Invoking toplevel() on ptolemy.moml.MoMLSimpleApplication@62c2aca3
----------------- Done invoking toplevel() on ptolemy.moml.MoMLSimpleApplication@62c2aca3
reloadAllAccessors: .ErrorTransition11

===========================================================================================
----------------- testing Wed Feb 27 21:00:22 UTC 2019 /home/travis/build/icyphy/ptII/ptolemy/domains/modal/test/auto/ErrorTransition2.xml
----------------- Instantiating /home/travis/build/icyphy/ptII/ptolemy/domains/modal/test/auto/ErrorTransition2.xml
5 ms. Memory: 577536K Free: 238530K (41%)
----------------- Invoking toplevel() on ptolemy.moml.MoMLSimpleApplication@f12ed78
----------------- Done invoking toplevel() on ptolemy.moml.MoMLSimpleApplication@f12ed78
reloadAllAccessors: .ErrorTransition2

===========================================================================================
----------------- testing Wed Feb 27 21:00:22 UTC 2019 /home/travis/build/icyphy/ptII/ptolemy/domains/modal/test/auto/ErrorTransition3.xml
----------------- Instantiating /home/travis/build/icyphy/ptII/ptolemy/domains/modal/test/auto/ErrorTransition3.xml
5 ms. Memory: 577536K Free: 222455K (39%)
----------------- Invoking toplevel() on ptolemy.moml.MoMLSimpleApplication@29398b13
----------------- Done invoking toplevel() on ptolemy.moml.MoMLSimpleApplication@29398b13
reloadAllAccessors: .ErrorTransition3

===========================================================================================
----------------- testing Wed Feb 27 21:00:22 UTC 2019 /home/travis/build/icyphy/ptII/ptolemy/domains/modal/test/auto/ErrorTransition4.xml
----------------- Instantiating /home/travis/build/icyphy/ptII/ptolemy/domains/modal/test/auto/ErrorTransition4.xml
5 ms. Memory: 577536K Free: 209427K (36%)
----------------- Invoking toplevel() on ptolemy.moml.MoMLSimpleApplication@61d7e131
----------------- Done invoking toplevel() on ptolemy.moml.MoMLSimpleApplication@61d7e131
reloadAllAccessors: .ErrorTransition4

===========================================================================================
----------------- testing Wed Feb 27 21:00:22 UTC 2019 /home/travis/build/icyphy/ptII/ptolemy/domains/modal/test/auto/ErrorTransition5.xml
----------------- Instantiating /home/travis/build/icyphy/ptII/ptolemy/domains/modal/test/auto/ErrorTransition5.xml
6 ms. Memory: 577536K Free: 196415K (34%)
----------------- Invoking toplevel() on ptolemy.moml.MoMLSimpleApplication@2beb9e86
----------------- Done invoking toplevel() on ptolemy.moml.MoMLSimpleApplication@2beb9e86
reloadAllAccessors: .ErrorTransition5

===========================================================================================
----------------- testing Wed Feb 27 21:00:22 UTC 2019 /home/travis/build/icyphy/ptII/ptolemy/domains/modal/test/auto/ErrorTransition6.xml
----------------- Instantiating /home/travis/build/icyphy/ptII/ptolemy/domains/modal/test/auto/ErrorTransition6.xml
6 ms. Memory: 577536K Free: 183396K (32%)
----------------- Invoking toplevel() on ptolemy.moml.MoMLSimpleApplication@6b0b979b
----------------- Done invoking toplevel() on ptolemy.moml.MoMLSimpleApplication@6b0b979b
reloadAllAccessors: .ErrorTransition6

===========================================================================================
----------------- testing Wed Feb 27 21:00:22 UTC 2019 /home/travis/build/icyphy/ptII/ptolemy/domains/modal/test/auto/ErrorTransition7.xml
----------------- Instantiating /home/travis/build/icyphy/ptII/ptolemy/domains/modal/test/auto/ErrorTransition7.xml
8 ms. Memory: 577536K Free: 164059K (28%)
----------------- Invoking toplevel() on ptolemy.moml.MoMLSimpleApplication@23efebd2
----------------- Done invoking toplevel() on ptolemy.moml.MoMLSimpleApplication@23efebd2
reloadAllAccessors: .ErrorTransition7

===========================================================================================
----------------- testing Wed Feb 27 21:00:22 UTC 2019 /home/travis/build/icyphy/ptII/ptolemy/domains/modal/test/auto/ErrorTransition8.xml
----------------- Instantiating /home/travis/build/icyphy/ptII/ptolemy/domains/modal/test/auto/ErrorTransition8.xml
20 ms. Memory: 577536K Free: 147763K (26%)
----------------- Invoking toplevel() on ptolemy.moml.MoMLSimpleApplication@7d91da0f
----------------- Done invoking toplevel() on ptolemy.moml.MoMLSimpleApplication@7d91da0f
reloadAllAccessors: .ErrorTransition8

===========================================================================================
----------------- testing Wed Feb 27 21:00:22 UTC 2019 /home/travis/build/icyphy/ptII/ptolemy/domains/modal/test/auto/ErrorTransition9.xml
----------------- Instantiating /home/travis/build/icyphy/ptII/ptolemy/domains/modal/test/auto/ErrorTransition9.xml
7 ms. Memory: 577536K Free: 131466K (23%)
----------------- Invoking toplevel() on ptolemy.moml.MoMLSimpleApplication@34e4df9d
----------------- Done invoking toplevel() on ptolemy.moml.MoMLSimpleApplication@34e4df9d
reloadAllAccessors: .ErrorTransition9

===========================================================================================
----------------- testing Wed Feb 27 21:00:22 UTC 2019 /home/travis/build/icyphy/ptII/ptolemy/domains/modal/test/auto/ExtendedFSM.xml
----------------- Instantiating /home/travis/build/icyphy/ptII/ptolemy/domains/modal/test/auto/ExtendedFSM.xml
4 ms. Memory: 577536K Free: 121699K (21%)
----------------- Invoking toplevel() on ptolemy.moml.MoMLSimpleApplication@3558d70
----------------- Done invoking toplevel() on ptolemy.moml.MoMLSimpleApplication@3558d70
reloadAllAccessors: .ExtendedFSM

===========================================================================================
----------------- testing Wed Feb 27 21:00:22 UTC 2019 /home/travis/build/icyphy/ptII/ptolemy/domains/modal/test/auto/FinalStates.xml
----------------- Instantiating /home/travis/build/icyphy/ptII/ptolemy/domains/modal/test/auto/FinalStates.xml
4 ms. Memory: 577536K Free: 108885K (19%)
----------------- Invoking toplevel() on ptolemy.moml.MoMLSimpleApplication@5c001aee
----------------- Done invoking toplevel() on ptolemy.moml.MoMLSimpleApplication@5c001aee
reloadAllAccessors: .FinalStates

===========================================================================================
----------------- testing Wed Feb 27 21:00:22 UTC 2019 /home/travis/build/icyphy/ptII/ptolemy/domains/modal/test/auto/FixedPointFSM.xml
----------------- Instantiating /home/travis/build/icyphy/ptII/ptolemy/domains/modal/test/auto/FixedPointFSM.xml
11 ms. Memory: 577536K Free: 89336K (15%)
----------------- Invoking toplevel() on ptolemy.moml.MoMLSimpleApplication@4b5e8203
----------------- Done invoking toplevel() on ptolemy.moml.MoMLSimpleApplication@4b5e8203
reloadAllAccessors: .FixedPointFSM

===========================================================================================
----------------- testing Wed Feb 27 21:00:22 UTC 2019 /home/travis/build/icyphy/ptII/ptolemy/domains/modal/test/auto/FixedPointIterationFSMActor.xml
----------------- Instantiating /home/travis/build/icyphy/ptII/ptolemy/domains/modal/test/auto/FixedPointIterationFSMActor.xml
18 ms. Memory: 578048K Free: 564287K (98%)
----------------- Invoking toplevel() on ptolemy.moml.MoMLSimpleApplication@43737c77
----------------- Done invoking toplevel() on ptolemy.moml.MoMLSimpleApplication@43737c77
reloadAllAccessors: .FixedPointIterationFSMActor

===========================================================================================
----------------- testing Wed Feb 27 21:00:22 UTC 2019 /home/travis/build/icyphy/ptII/ptolemy/domains/modal/test/auto/FixedPointIterationFSMActor2.xml
----------------- Instantiating /home/travis/build/icyphy/ptII/ptolemy/domains/modal/test/auto/FixedPointIterationFSMActor2.xml
7 ms. Memory: 578048K Free: 545627K (94%)
----------------- Invoking toplevel() on ptolemy.moml.MoMLSimpleApplication@5a91a7e9
----------------- Done invoking toplevel() on ptolemy.moml.MoMLSimpleApplication@5a91a7e9
reloadAllAccessors: .FixedPointIterationFSMActor2

===========================================================================================
----------------- testing Wed Feb 27 21:00:22 UTC 2019 /home/travis/build/icyphy/ptII/ptolemy/domains/modal/test/auto/ForbiddenInstantanousLoop.xml
----------------- Instantiating /home/travis/build/icyphy/ptII/ptolemy/domains/modal/test/auto/ForbiddenInstantanousLoop.xml
4 ms. Memory: 578048K Free: 530941K (92%)
----------------- Invoking toplevel() on ptolemy.moml.MoMLSimpleApplication@b5236dc
----------------- Done invoking toplevel() on ptolemy.moml.MoMLSimpleApplication@b5236dc
reloadAllAccessors: .ForbiddenInstantanousLoop

===========================================================================================
----------------- testing Wed Feb 27 21:00:22 UTC 2019 /home/travis/build/icyphy/ptII/ptolemy/domains/modal/test/auto/FunctionDependencyOfFSMActorTest.xml
----------------- Instantiating /home/travis/build/icyphy/ptII/ptolemy/domains/modal/test/auto/FunctionDependencyOfFSMActorTest.xml
14 ms. Memory: 578048K Free: 521471K (90%)
----------------- Invoking toplevel() on ptolemy.moml.MoMLSimpleApplication@7bf4b4dd
----------------- Done invoking toplevel() on ptolemy.moml.MoMLSimpleApplication@7bf4b4dd
reloadAllAccessors: .FunctionDependencyOfFSMActorTest

===========================================================================================
----------------- testing Wed Feb 27 21:00:22 UTC 2019 /home/travis/build/icyphy/ptII/ptolemy/domains/modal/test/auto/GuardExpression.xml
----------------- Instantiating /home/travis/build/icyphy/ptII/ptolemy/domains/modal/test/auto/GuardExpression.xml
1 ms. Memory: 578048K Free: 514136K (89%)
----------------- Invoking toplevel() on ptolemy.moml.MoMLSimpleApplication@7d0873b9
----------------- Done invoking toplevel() on ptolemy.moml.MoMLSimpleApplication@7d0873b9
reloadAllAccessors: .GuardExpression

===========================================================================================
----------------- testing Wed Feb 27 21:00:22 UTC 2019 /home/travis/build/icyphy/ptII/ptolemy/domains/modal/test/auto/GuardNotEvaluated.xml
----------------- Instantiating /home/travis/build/icyphy/ptII/ptolemy/domains/modal/test/auto/GuardNotEvaluated.xml
9 ms. Memory: 578048K Free: 504377K (87%)
----------------- Invoking toplevel() on ptolemy.moml.MoMLSimpleApplication@5602382f
----------------- Done invoking toplevel() on ptolemy.moml.MoMLSimpleApplication@5602382f
reloadAllAccessors: .GuardNotEvaluated

===========================================================================================
----------------- testing Wed Feb 27 21:00:22 UTC 2019 /home/travis/build/icyphy/ptII/ptolemy/domains/modal/test/auto/GuardNotEvaluated2.xml
----------------- Instantiating /home/travis/build/icyphy/ptII/ptolemy/domains/modal/test/auto/GuardNotEvaluated2.xml
7 ms. Memory: 578048K Free: 492468K (85%)
----------------- Invoking toplevel() on ptolemy.moml.MoMLSimpleApplication@64a9083c
----------------- Done invoking toplevel() on ptolemy.moml.MoMLSimpleApplication@64a9083c
reloadAllAccessors: .GuardNotEvaluated2

===========================================================================================
----------------- testing Wed Feb 27 21:00:22 UTC 2019 /home/travis/build/icyphy/ptII/ptolemy/domains/modal/test/auto/GuardOnAbsent.xml
----------------- Instantiating /home/travis/build/icyphy/ptII/ptolemy/domains/modal/test/auto/GuardOnAbsent.xml
7 ms. Memory: 578048K Free: 482693K (84%)
----------------- Invoking toplevel() on ptolemy.moml.MoMLSimpleApplication@249307d5
----------------- Done invoking toplevel() on ptolemy.moml.MoMLSimpleApplication@249307d5
reloadAllAccessors: .GuardOnAbsent

===========================================================================================
----------------- testing Wed Feb 27 21:00:22 UTC 2019 /home/travis/build/icyphy/ptII/ptolemy/domains/modal/test/auto/HierarchicalFSMTypeInference.xml
----------------- Instantiating /home/travis/build/icyphy/ptII/ptolemy/domains/modal/test/auto/HierarchicalFSMTypeInference.xml
5 ms. Memory: 578048K Free: 468023K (81%)
----------------- Invoking toplevel() on ptolemy.moml.MoMLSimpleApplication@5e60b5fa
----------------- Done invoking toplevel() on ptolemy.moml.MoMLSimpleApplication@5e60b5fa
reloadAllAccessors: .HierarchicalFSMTypeInference

===========================================================================================
----------------- testing Wed Feb 27 21:00:22 UTC 2019 /home/travis/build/icyphy/ptII/ptolemy/domains/modal/test/auto/Hysteresis.xml
----------------- Instantiating /home/travis/build/icyphy/ptII/ptolemy/domains/modal/test/auto/Hysteresis.xml
7 ms. Memory: 578048K Free: 448770K (78%)
----------------- Invoking toplevel() on ptolemy.moml.MoMLSimpleApplication@7be851b7
----------------- Done invoking toplevel() on ptolemy.moml.MoMLSimpleApplication@7be851b7
reloadAllAccessors: .Hysteresis

===========================================================================================
----------------- testing Wed Feb 27 21:00:22 UTC 2019 /home/travis/build/icyphy/ptII/ptolemy/domains/modal/test/auto/HysteresisWithDefault.xml
----------------- Instantiating /home/travis/build/icyphy/ptII/ptolemy/domains/modal/test/auto/HysteresisWithDefault.xml
33 ms. Memory: 578048K Free: 421853K (73%)
----------------- Invoking toplevel() on ptolemy.moml.MoMLSimpleApplication@3aaaacde
----------------- Done invoking toplevel() on ptolemy.moml.MoMLSimpleApplication@3aaaacde
reloadAllAccessors: .HysteresisWithDefault

===========================================================================================
----------------- testing Wed Feb 27 21:00:22 UTC 2019 /home/travis/build/icyphy/ptII/ptolemy/domains/modal/test/auto/HysteresisWithDefault2.xml
----------------- Instantiating /home/travis/build/icyphy/ptII/ptolemy/domains/modal/test/auto/HysteresisWithDefault2.xml
39 ms. Memory: 578048K Free: 387890K (67%)
----------------- Invoking toplevel() on ptolemy.moml.MoMLSimpleApplication@795f8376
----------------- Done invoking toplevel() on ptolemy.moml.MoMLSimpleApplication@795f8376
reloadAllAccessors: .HysteresisWithDefault2

===========================================================================================
----------------- testing Wed Feb 27 21:00:23 UTC 2019 /home/travis/build/icyphy/ptII/ptolemy/domains/modal/test/auto/ImmediateNonConstructiveness.xml
----------------- Instantiating /home/travis/build/icyphy/ptII/ptolemy/domains/modal/test/auto/ImmediateNonConstructiveness.xml
3 ms. Memory: 578048K Free: 378115K (65%)
----------------- Invoking toplevel() on ptolemy.moml.MoMLSimpleApplication@7d0d17d6
----------------- Done invoking toplevel() on ptolemy.moml.MoMLSimpleApplication@7d0d17d6
reloadAllAccessors: .ImmediateNonConstructiveness

===========================================================================================
----------------- testing Wed Feb 27 21:00:23 UTC 2019 /home/travis/build/icyphy/ptII/ptolemy/domains/modal/test/auto/ImmediateNonConstructiveness2.xml
----------------- Instantiating /home/travis/build/icyphy/ptII/ptolemy/domains/modal/test/auto/ImmediateNonConstructiveness2.xml
2 ms. Memory: 578048K Free: 368340K (64%)
----------------- Invoking toplevel() on ptolemy.moml.MoMLSimpleApplication@33cf5884
----------------- Done invoking toplevel() on ptolemy.moml.MoMLSimpleApplication@33cf5884
reloadAllAccessors: .ImmediateNonConstructiveness2

===========================================================================================
----------------- testing Wed Feb 27 21:00:23 UTC 2019 /home/travis/build/icyphy/ptII/ptolemy/domains/modal/test/auto/ImmediateTransitionReset.xml
----------------- Instantiating /home/travis/build/icyphy/ptII/ptolemy/domains/modal/test/auto/ImmediateTransitionReset.xml
5 ms. Memory: 578048K Free: 351552K (61%)
----------------- Invoking toplevel() on ptolemy.moml.MoMLSimpleApplication@18d27040
----------------- Done invoking toplevel() on ptolemy.moml.MoMLSimpleApplication@18d27040
reloadAllAccessors: .ImmediateTransitionReset

===========================================================================================
----------------- testing Wed Feb 27 21:00:23 UTC 2019 /home/travis/build/icyphy/ptII/ptolemy/domains/modal/test/auto/ImmediateTransitions1.xml
----------------- Instantiating /home/travis/build/icyphy/ptII/ptolemy/domains/modal/test/auto/ImmediateTransitions1.xml
1 ms. Memory: 578048K Free: 344217K (60%)
----------------- Invoking toplevel() on ptolemy.moml.MoMLSimpleApplication@67b46914
----------------- Done invoking toplevel() on ptolemy.moml.MoMLSimpleApplication@67b46914
reloadAllAccessors: .ImmediateTransitions1

===========================================================================================
----------------- testing Wed Feb 27 21:00:23 UTC 2019 /home/travis/build/icyphy/ptII/ptolemy/domains/modal/test/auto/ImmediateTransitionsInstantaneousCommunication.xml
----------------- Instantiating /home/travis/build/icyphy/ptII/ptolemy/domains/modal/test/auto/ImmediateTransitionsInstantaneousCommunication.xml
3 ms. Memory: 578048K Free: 329570K (57%)
----------------- Invoking toplevel() on ptolemy.moml.MoMLSimpleApplication@3baafd69
----------------- Done invoking toplevel() on ptolemy.moml.MoMLSimpleApplication@3baafd69
reloadAllAccessors: .ImmediateTransitionsInstantaneousCommunication

===========================================================================================
----------------- testing Wed Feb 27 21:00:23 UTC 2019 /home/travis/build/icyphy/ptII/ptolemy/domains/modal/test/auto/InitialImmediateTransition.xml
----------------- Instantiating /home/travis/build/icyphy/ptII/ptolemy/domains/modal/test/auto/InitialImmediateTransition.xml
4 ms. Memory: 578048K Free: 317644K (55%)
----------------- Invoking toplevel() on ptolemy.moml.MoMLSimpleApplication@21d7c2cf
----------------- Done invoking toplevel() on ptolemy.moml.MoMLSimpleApplication@21d7c2cf
reloadAllAccessors: .InitialImmediateTransition

===========================================================================================
----------------- testing Wed Feb 27 21:00:23 UTC 2019 /home/travis/build/icyphy/ptII/ptolemy/domains/modal/test/auto/InitialOutputs.xml
----------------- Instantiating /home/travis/build/icyphy/ptII/ptolemy/domains/modal/test/auto/InitialOutputs.xml
3 ms. Memory: 578048K Free: 307854K (53%)
----------------- Invoking toplevel() on ptolemy.moml.MoMLSimpleApplication@7c46cdfc
----------------- Done invoking toplevel() on ptolemy.moml.MoMLSimpleApplication@7c46cdfc
reloadAllAccessors: .InitialOutputs

===========================================================================================
----------------- testing Wed Feb 27 21:00:23 UTC 2019 /home/travis/build/icyphy/ptII/ptolemy/domains/modal/test/auto/InitialStateTransition1.xml
----------------- Instantiating /home/travis/build/icyphy/ptII/ptolemy/domains/modal/test/auto/InitialStateTransition1.xml
3 ms. Memory: 578048K Free: 295944K (51%)
----------------- Invoking toplevel() on ptolemy.moml.MoMLSimpleApplication@12bc9503
----------------- Done invoking toplevel() on ptolemy.moml.MoMLSimpleApplication@12bc9503
reloadAllAccessors: .InitialStateTransition1

===========================================================================================
----------------- testing Wed Feb 27 21:00:23 UTC 2019 /home/travis/build/icyphy/ptII/ptolemy/domains/modal/test/auto/InitialStateTransition2.xml
----------------- Instantiating /home/travis/build/icyphy/ptII/ptolemy/domains/modal/test/auto/InitialStateTransition2.xml
.InitialStateTransition2.TestExceptionAttributeNonConstructive: initialize() was not invoked, but wrapup() was.  This is unusual, but not always a problem.  For example, exporting JNLP will do this.
1 ms. Memory: 578048K Free: 286169K (50%)
----------------- Invoking toplevel() on ptolemy.moml.MoMLSimpleApplication@74b66e95
----------------- Done invoking toplevel() on ptolemy.moml.MoMLSimpleApplication@74b66e95
reloadAllAccessors: .InitialStateTransition2

===========================================================================================
----------------- testing Wed Feb 27 21:00:23 UTC 2019 /home/travis/build/icyphy/ptII/ptolemy/domains/modal/test/auto/InitialStateTransition3.xml
----------------- Instantiating /home/travis/build/icyphy/ptII/ptolemy/domains/modal/test/auto/InitialStateTransition3.xml
3 ms. Memory: 578048K Free: 273939K (47%)
----------------- Invoking toplevel() on ptolemy.moml.MoMLSimpleApplication@6f477164
----------------- Done invoking toplevel() on ptolemy.moml.MoMLSimpleApplication@6f477164
reloadAllAccessors: .InitialStateTransition3

===========================================================================================
----------------- testing Wed Feb 27 21:00:23 UTC 2019 /home/travis/build/icyphy/ptII/ptolemy/domains/modal/test/auto/InitialStateTransition4.xml
----------------- Instantiating /home/travis/build/icyphy/ptII/ptolemy/domains/modal/test/auto/InitialStateTransition4.xml
3 ms. Memory: 578048K Free: 259574K (45%)
----------------- Invoking toplevel() on ptolemy.moml.MoMLSimpleApplication@7af122be
----------------- Done invoking toplevel() on ptolemy.moml.MoMLSimpleApplication@7af122be
[...]
----------------- Done invoking toplevel() on ptolemy.moml.MoMLSimpleApplication@780da7f6
reloadAllAccessors: .TerminationTransition3

===========================================================================================
----------------- testing Wed Feb 27 21:00:24 UTC 2019 /home/travis/build/icyphy/ptII/ptolemy/domains/modal/test/auto/TerminationTransition4.xml
----------------- Instantiating /home/travis/build/icyphy/ptII/ptolemy/domains/modal/test/auto/TerminationTransition4.xml
3 ms. Memory: 870912K Free: 201357K (23%)
----------------- Invoking toplevel() on ptolemy.moml.MoMLSimpleApplication@4760b080
----------------- Done invoking toplevel() on ptolemy.moml.MoMLSimpleApplication@4760b080
reloadAllAccessors: .TerminationTransition4

===========================================================================================
----------------- testing Wed Feb 27 21:00:24 UTC 2019 /home/travis/build/icyphy/ptII/ptolemy/domains/modal/test/auto/TerminationTransition5.xml
----------------- Instantiating /home/travis/build/icyphy/ptII/ptolemy/domains/modal/test/auto/TerminationTransition5.xml
2 ms. Memory: 870912K Free: 177963K (20%)
----------------- Invoking toplevel() on ptolemy.moml.MoMLSimpleApplication@64dab4a9
----------------- Done invoking toplevel() on ptolemy.moml.MoMLSimpleApplication@64dab4a9
reloadAllAccessors: .TerminationTransition5

===========================================================================================
----------------- testing Wed Feb 27 21:00:24 UTC 2019 /home/travis/build/icyphy/ptII/ptolemy/domains/modal/test/auto/TerminationTransition6.xml
----------------- Instantiating /home/travis/build/icyphy/ptII/ptolemy/domains/modal/test/auto/TerminationTransition6.xml
3 ms. Memory: 870912K Free: 162347K (19%)
----------------- Invoking toplevel() on ptolemy.moml.MoMLSimpleApplication@594aa3d4
----------------- Done invoking toplevel() on ptolemy.moml.MoMLSimpleApplication@594aa3d4
reloadAllAccessors: .TerminationTransition6

===========================================================================================
----------------- testing Wed Feb 27 21:00:24 UTC 2019 /home/travis/build/icyphy/ptII/ptolemy/domains/modal/test/auto/TerminationTransition7.xml
----------------- Instantiating /home/travis/build/icyphy/ptII/ptolemy/domains/modal/test/auto/TerminationTransition7.xml
2 ms. Memory: 870912K Free: 146715K (17%)
----------------- Invoking toplevel() on ptolemy.moml.MoMLSimpleApplication@47852429
----------------- Done invoking toplevel() on ptolemy.moml.MoMLSimpleApplication@47852429
reloadAllAccessors: .TerminationTransition7

===========================================================================================
----------------- testing Wed Feb 27 21:00:24 UTC 2019 /home/travis/build/icyphy/ptII/ptolemy/domains/modal/test/auto/TerminationTransition8.xml
----------------- Instantiating /home/travis/build/icyphy/ptII/ptolemy/domains/modal/test/auto/TerminationTransition8.xml
2 ms. Memory: 870912K Free: 128533K (15%)
----------------- Invoking toplevel() on ptolemy.moml.MoMLSimpleApplication@2191c446
----------------- Done invoking toplevel() on ptolemy.moml.MoMLSimpleApplication@2191c446
reloadAllAccessors: .TerminationTransition8

===========================================================================================
----------------- testing Wed Feb 27 21:00:24 UTC 2019 /home/travis/build/icyphy/ptII/ptolemy/domains/modal/test/auto/Thermostat_NoHysteresis.xml
----------------- Instantiating /home/travis/build/icyphy/ptII/ptolemy/domains/modal/test/auto/Thermostat_NoHysteresis.xml
20 ms. Memory: 870912K Free: 97277K (11%)
----------------- Invoking toplevel() on ptolemy.moml.MoMLSimpleApplication@413b5d3a
----------------- Done invoking toplevel() on ptolemy.moml.MoMLSimpleApplication@413b5d3a
reloadAllAccessors: .Thermostat_NoHysteresis

===========================================================================================
----------------- testing Wed Feb 27 21:00:24 UTC 2019 /home/travis/build/icyphy/ptII/ptolemy/domains/modal/test/auto/TimedFSM.xml
----------------- Instantiating /home/travis/build/icyphy/ptII/ptolemy/domains/modal/test/auto/TimedFSM.xml
6 ms. Memory: 870912K Free: 79350K (9%)
----------------- Invoking toplevel() on ptolemy.moml.MoMLSimpleApplication@45001843
----------------- Done invoking toplevel() on ptolemy.moml.MoMLSimpleApplication@45001843
reloadAllAccessors: .TimedFSM

===========================================================================================
----------------- testing Wed Feb 27 21:00:25 UTC 2019 /home/travis/build/icyphy/ptII/ptolemy/domains/modal/test/auto/Timeout1.xml
----------------- Instantiating /home/travis/build/icyphy/ptII/ptolemy/domains/modal/test/auto/Timeout1.xml
2 ms. Memory: 870912K Free: 849356K (98%)
----------------- Invoking toplevel() on ptolemy.moml.MoMLSimpleApplication@2425b018
----------------- Done invoking toplevel() on ptolemy.moml.MoMLSimpleApplication@2425b018
reloadAllAccessors: .Timeout1

===========================================================================================
----------------- testing Wed Feb 27 21:00:25 UTC 2019 /home/travis/build/icyphy/ptII/ptolemy/domains/modal/test/auto/Timeout2.xml
----------------- Instantiating /home/travis/build/icyphy/ptII/ptolemy/domains/modal/test/auto/Timeout2.xml
3 ms. Memory: 870912K Free: 831881K (96%)
----------------- Invoking toplevel() on ptolemy.moml.MoMLSimpleApplication@994cc3f
----------------- Done invoking toplevel() on ptolemy.moml.MoMLSimpleApplication@994cc3f
reloadAllAccessors: .Timeout2

===========================================================================================
----------------- testing Wed Feb 27 21:00:25 UTC 2019 /home/travis/build/icyphy/ptII/ptolemy/domains/modal/test/auto/Timeout3.xml
----------------- Instantiating /home/travis/build/icyphy/ptII/ptolemy/domains/modal/test/auto/Timeout3.xml
6 ms. Memory: 870912K Free: 821470K (94%)
----------------- Invoking toplevel() on ptolemy.moml.MoMLSimpleApplication@6dda852e
----------------- Done invoking toplevel() on ptolemy.moml.MoMLSimpleApplication@6dda852e
reloadAllAccessors: .Timeout3

===========================================================================================
----------------- testing Wed Feb 27 21:00:25 UTC 2019 /home/travis/build/icyphy/ptII/ptolemy/domains/modal/test/auto/Timeout4.xml
----------------- Instantiating /home/travis/build/icyphy/ptII/ptolemy/domains/modal/test/auto/Timeout4.xml
2 ms. Memory: 870912K Free: 809094K (93%)
----------------- Invoking toplevel() on ptolemy.moml.MoMLSimpleApplication@76ce6a86
----------------- Done invoking toplevel() on ptolemy.moml.MoMLSimpleApplication@76ce6a86
reloadAllAccessors: .Timeout4

===========================================================================================
----------------- testing Wed Feb 27 21:00:25 UTC 2019 /home/travis/build/icyphy/ptII/ptolemy/domains/modal/test/auto/TransientstateModelAdvanced.xml
----------------- Instantiating /home/travis/build/icyphy/ptII/ptolemy/domains/modal/test/auto/TransientstateModelAdvanced.xml
2 ms. Memory: 870912K Free: 788257K (91%)
----------------- Invoking toplevel() on ptolemy.moml.MoMLSimpleApplication@62d2f3fe
----------------- Done invoking toplevel() on ptolemy.moml.MoMLSimpleApplication@62d2f3fe
reloadAllAccessors: .TransientstateModelAdvanced

===========================================================================================
----------------- testing Wed Feb 27 21:00:25 UTC 2019 /home/travis/build/icyphy/ptII/ptolemy/domains/modal/test/auto/TransientstateModelAdvanced2.xml
----------------- Instantiating /home/travis/build/icyphy/ptII/ptolemy/domains/modal/test/auto/TransientstateModelAdvanced2.xml
2 ms. Memory: 870912K Free: 765560K (88%)
----------------- Invoking toplevel() on ptolemy.moml.MoMLSimpleApplication@115abbd2
----------------- Done invoking toplevel() on ptolemy.moml.MoMLSimpleApplication@115abbd2
reloadAllAccessors: .transientstatemodelAdvanced

===========================================================================================
----------------- testing Wed Feb 27 21:00:25 UTC 2019 /home/travis/build/icyphy/ptII/ptolemy/domains/modal/test/auto/TransitionRefinements.xml
----------------- Instantiating /home/travis/build/icyphy/ptII/ptolemy/domains/modal/test/auto/TransitionRefinements.xml
5 ms. Memory: 870912K Free: 749928K (86%)
----------------- Invoking toplevel() on ptolemy.moml.MoMLSimpleApplication@2b27e2af
----------------- Done invoking toplevel() on ptolemy.moml.MoMLSimpleApplication@2b27e2af
reloadAllAccessors: .TransitionRefinements

===========================================================================================
----------------- testing Wed Feb 27 21:00:25 UTC 2019 /home/travis/build/icyphy/ptII/ptolemy/domains/modal/test/auto/TwoRefinements1.xml
----------------- Instantiating /home/travis/build/icyphy/ptII/ptolemy/domains/modal/test/auto/TwoRefinements1.xml
2 ms. Memory: 870912K Free: 732437K (84%)
----------------- Invoking toplevel() on ptolemy.moml.MoMLSimpleApplication@564b0f0b
----------------- Done invoking toplevel() on ptolemy.moml.MoMLSimpleApplication@564b0f0b
reloadAllAccessors: .TwoRefinements1

===========================================================================================
----------------- testing Wed Feb 27 21:00:25 UTC 2019 /home/travis/build/icyphy/ptII/ptolemy/domains/modal/test/auto/TwoRefinements2.xml
----------------- Instantiating /home/travis/build/icyphy/ptII/ptolemy/domains/modal/test/auto/TwoRefinements2.xml
2 ms. Memory: 870912K Free: 716805K (82%)
----------------- Invoking toplevel() on ptolemy.moml.MoMLSimpleApplication@1223c123
----------------- Done invoking toplevel() on ptolemy.moml.MoMLSimpleApplication@1223c123
reloadAllAccessors: .TwoRefinements2

===========================================================================================
----------------- testing Wed Feb 27 21:00:25 UTC 2019 /home/travis/build/icyphy/ptII/ptolemy/domains/modal/test/auto/WeakImmediateTransition.xml
----------------- Instantiating /home/travis/build/icyphy/ptII/ptolemy/domains/modal/test/auto/WeakImmediateTransition.xml
2 ms. Memory: 870912K Free: 699321K (80%)
----------------- Invoking toplevel() on ptolemy.moml.MoMLSimpleApplication@3a264831
----------------- Done invoking toplevel() on ptolemy.moml.MoMLSimpleApplication@3a264831
reloadAllAccessors: .WeakImmediateTransition

===========================================================================================
----------------- testing Wed Feb 27 21:00:25 UTC 2019 /home/travis/build/icyphy/ptII/ptolemy/domains/modal/test/auto/booleanSelect.xml
----------------- Instantiating /home/travis/build/icyphy/ptII/ptolemy/domains/modal/test/auto/booleanSelect.xml
28 ms. Memory: 870912K Free: 673247K (77%)
----------------- Invoking toplevel() on ptolemy.moml.MoMLSimpleApplication@34f521c6
----------------- Done invoking toplevel() on ptolemy.moml.MoMLSimpleApplication@34f521c6
reloadAllAccessors: .booleanSelect

===========================================================================================
----------------- testing Wed Feb 27 21:00:25 UTC 2019 /home/travis/build/icyphy/ptII/ptolemy/domains/modal/test/auto/modalChangingParams.xml
----------------- Instantiating /home/travis/build/icyphy/ptII/ptolemy/domains/modal/test/auto/modalChangingParams.xml
0
1
0
2
4
6
8
7
0
2
4
6
8
13
0
2
4
6
8
19
0
2
4
6
8
25
0
2
4
6
8
31
0
2
4
6
8
37
0
2
4
6
8
43
0
2
4
6
8
49
0
2
4
6
8
55
0
2
4
6
8
61
0
2
4
6
8
67
0
2
4
6
8
73
0
2
4
6
8
79
0
2
4
6
8
85
0
2
4
6
8
91
0
2
4
6
8
97
0
2
4
6
8
103
0
2
4
6
8
109
0
2
4
6
8
115
0
2
4
6
8
121
0
2
4
6
8
127
0
2
4
6
8
133
0
2
4
6
8
139
0
2
4
6
8
145
0
2
4
6
8
151
0
2
4
6
8
157
0
2
4
6
8
163
0
2
4
6
8
169
0
2
4
6
8
175
0
2
4
6
8
181
0
2
4
6
8
187
0
2
4
6
8
193
0
2
4
6
8
199
0
2
4
6
8
205
0
2
4
6
8
211
0
2
4
6
8
217
0
2
4
6
8
223
0
2
4
6
8
229
0
2
4
6
8
235
0
2
4
6
8
241
0
2
4
6
8
247
0
2
4
6
8
253
0
2
4
6
8
259
0
2
4
6
8
265
0
2
4
6
8
271
0
2
4
6
8
277
0
2
4
6
8
283
0
2
4
6
8
289
0
2
4
6
8
295
0
2
4
6
8
301
0
2
4
6
8
307
0
2
4
6
8
313
0
2
4
6
8
319
0
2
4
6
8
325
0
2
4
6
8
331
0
2
4
6
8
337
0
2
4
6
8
343
0
2
4
6
8
349
0
2
4
6
8
355
0
2
4
6
8
361
0
2
4
6
8
367
0
2
4
6
8
373
0
2
4
6
8
379
0
2
4
6
8
385
0
2
4
6
8
391
0
2
4
6
8
397
0
2
4
6
8
403
0
2
4
6
8
409
0
2
4
6
8
415
0
2
4
6
8
421
0
2
4
6
8
427
0
2
4
6
8
433
0
2
4
6
8
439
0
2
4
6
8
445
0
2
4
6
8
451
0
2
4
6
8
457
0
2
4
6
8
463
0
2
4
6
8
469
0
2
4
6
8
475
0
2
4
6
8
481
0
2
4
6
8
487
0
2
4
6
8
493
0
2
4
6
8
499
0
2
4
6
8
505
0
2
4
6
8
511
0
2
4
6
8
517
0
2
4
6
8
523
0
2
4
6
8
529
0
2
4
6
8
535
0
2
4
6
8
541
0
2
4
6
8
547
0
2
4
6
8
553
0
2
4
6
8
559
0
2
4
6
8
565
0
2
4
6
8
571
0
2
4
6
8
577
0
2
4
6
8
583
0
2
4
6
8
589
0
2
4
6
8
595
0
2
4
6
8
601
0
2
4
6
8
607
0
2
4
6
8
613
0
2
4
6
8
619
0
2
4
6
8
625
0
2
4
6
8
631
0
2
4
6
8
637
0
2
4
6
8
643
0
2
4
6
8
649
0
2
4
6
8
655
0
2
4
6
8
661
0
2
4
6
8
667
0
2
4
6
8
673
0
2
4
6
8
679
0
2
4
6
8
685
0
2
4
6
8
691
0
2
4
6
8
697
0
2
4
6
8
703
0
2
4
6
8
709
0
2
4
6
8
715
0
2
4
6
8
721
0
2
4
6
8
727
0
2
4
6
8
733
0
2
4
6
8
739
0
2
4
6
8
745
0
2
4
6
8
751
0
2
4
6
8
757
0
2
4
6
8
763
0
2
4
6
8
769
0
2
4
6
8
775
0
2
4
6
8
781
0
2
4
6
8
787
0
2
4
6
8
793
0
2
4
6
8
799
0
2
4
6
8
805
0
2
4
6
8
811
0
2
4
6
8
817
0
2
4
6
8
823
0
2
4
6
8
829
0
2
4
6
8
835
0
2
4
6
8
841
0
2
4
6
8
847
0
2
4
6
8
853
0
2
4
6
8
859
0
2
4
6
8
865
0
2
4
6
8
871
0
2
4
6
8
877
0
2
4
6
8
883
0
2
4
6
8
889
0
2
4
6
8
895
0
2
4
6
8
901
0
2
4
6
8
907
0
2
4
6
8
913
0
2
4
6
8
919
0
2
4
6
8
925
0
2
4
6
8
931
0
2
4
6
8
937
0
2
4
6
8
943
0
2
4
6
8
949
0
2
4
6
8
955
0
2
4
6
8
961
0
2
4
6
8
967
0
2
4
6
8
973
0
2
4
6
8
979
0
2
4
6
8
985
0
2
4
6
8
991
0
2
4
6
8
997
0
2
163 ms. Memory: 870912K Free: 551456K (63%)
----------------- Invoking toplevel() on ptolemy.moml.MoMLSimpleApplication@74f4daa6
----------------- Done invoking toplevel() on ptolemy.moml.MoMLSimpleApplication@74f4daa6
reloadAllAccessors: .modalChangingParams

===========================================================================================
----------------- testing Wed Feb 27 21:00:25 UTC 2019 /home/travis/build/icyphy/ptII/ptolemy/domains/modal/test/auto/modalModel.xml
----------------- Instantiating /home/travis/build/icyphy/ptII/ptolemy/domains/modal/test/auto/modalModel.xml
4 ms. Memory: 870912K Free: 535824K (62%)
----------------- Invoking toplevel() on ptolemy.moml.MoMLSimpleApplication@1b1ba299
----------------- Done invoking toplevel() on ptolemy.moml.MoMLSimpleApplication@1b1ba299
reloadAllAccessors: .modalModel

===========================================================================================
----------------- testing Wed Feb 27 21:00:25 UTC 2019 /home/travis/build/icyphy/ptII/ptolemy/domains/modal/test/auto/modalModel2.xml
----------------- Instantiating /home/travis/build/icyphy/ptII/ptolemy/domains/modal/test/auto/modalModel2.xml
5 ms. Memory: 870912K Free: 518333K (60%)
----------------- Invoking toplevel() on ptolemy.moml.MoMLSimpleApplication@1af279c8
----------------- Done invoking toplevel() on ptolemy.moml.MoMLSimpleApplication@1af279c8
reloadAllAccessors: .modalModel2

===========================================================================================
----------------- testing Wed Feb 27 21:00:25 UTC 2019 /home/travis/build/icyphy/ptII/ptolemy/domains/modal/test/auto/modalModel3.xml
----------------- Instantiating /home/travis/build/icyphy/ptII/ptolemy/domains/modal/test/auto/modalModel3.xml
0	0	0
1	0	1
4	2	2
7	4	3
10	6	4
5	0	5
8	2	6
11	4	7
14	6	8
9	0	9
12	2	10
15	4	11
18	6	12
13	0	13
16	2	14
9 ms. Memory: 870912K Free: 502701K (58%)
----------------- Invoking toplevel() on ptolemy.moml.MoMLSimpleApplication@69159cef
----------------- Done invoking toplevel() on ptolemy.moml.MoMLSimpleApplication@69159cef
reloadAllAccessors: .modalModel3

===========================================================================================
----------------- testing Wed Feb 27 21:00:25 UTC 2019 /home/travis/build/icyphy/ptII/ptolemy/domains/modal/test/auto/model1.xml
----------------- Instantiating /home/travis/build/icyphy/ptII/ptolemy/domains/modal/test/auto/model1.xml
9 ms. Memory: 870912K Free: 490431K (56%)
----------------- Invoking toplevel() on ptolemy.moml.MoMLSimpleApplication@6450398d
----------------- Done invoking toplevel() on ptolemy.moml.MoMLSimpleApplication@6450398d
reloadAllAccessors: .model1

===========================================================================================
----------------- testing Wed Feb 27 21:00:25 UTC 2019 /home/travis/build/icyphy/ptII/ptolemy/domains/modal/test/auto/test-direct-in-out.xml
----------------- Instantiating /home/travis/build/icyphy/ptII/ptolemy/domains/modal/test/auto/test-direct-in-out.xml
6 ms. Memory: 870912K Free: 474807K (55%)
----------------- Invoking toplevel() on ptolemy.moml.MoMLSimpleApplication@11446a1
----------------- Done invoking toplevel() on ptolemy.moml.MoMLSimpleApplication@11446a1
reloadAllAccessors: .test-direct-in-out
AutoTests.java: About to close Vertx.
AutoTests.java: Vertx closed.
]]></system-out>
  <system-err><![CDATA[java.lang.RuntimeException: Execution failed
	at ptolemy.moml.MoMLSimpleApplication$UnloadThread.run(MoMLSimpleApplication.java:402)
Caused by: ptolemy.kernel.util.IllegalActionException: Unknown inputs remain. Possible causality loop:
L_model_1893289564i

  in .CannotAnalysisWithPreemption.model_1893289564_region_1 and .CannotAnalysisWithPreemption.model_1893289564_region_1.L_model_1893289564i
	at ptolemy.actor.sched.FixedPointDirector.postfire(FixedPointDirector.java:515)
	at ptolemy.domains.sr.kernel.SRDirector.postfire(SRDirector.java:417)
	at ptolemy.actor.CompositeActor.postfire(CompositeActor.java:1668)
	at ptolemy.actor.Manager.iterate(Manager.java:852)
	at ptolemy.actor.Manager.execute(Manager.java:369)
	at ptolemy.actor.Manager.run(Manager.java:1263)
	at ptolemy.actor.Manager$PtolemyRunThread.run(Manager.java:1915)
java.lang.reflect.InvocationTargetException
	at sun.reflect.NativeConstructorAccessorImpl.newInstance0(Native Method)
	at sun.reflect.NativeConstructorAccessorImpl.newInstance(NativeConstructorAccessorImpl.java:62)
	at sun.reflect.DelegatingConstructorAccessorImpl.newInstance(DelegatingConstructorAccessorImpl.java:45)
	at java.lang.reflect.Constructor.newInstance(Constructor.java:423)
	at ptolemy.util.test.junit.AutoKnownFailedTests.RunModel(AutoKnownFailedTests.java:105)
	at sun.reflect.NativeMethodAccessorImpl.invoke0(Native Method)
	at sun.reflect.NativeMethodAccessorImpl.invoke(NativeMethodAccessorImpl.java:62)
	at sun.reflect.DelegatingMethodAccessorImpl.invoke(DelegatingMethodAccessorImpl.java:43)
	at java.lang.reflect.Method.invoke(Method.java:498)
	at org.junit.runners.model.FrameworkMethod$1.runReflectiveCall(FrameworkMethod.java:44)
	at org.junit.internal.runners.model.ReflectiveCallable.run(ReflectiveCallable.java:15)
	at org.junit.runners.model.FrameworkMethod.invokeExplosively(FrameworkMethod.java:41)
	at junitparams.internal.InvokeParameterisedMethod.evaluate(InvokeParameterisedMethod.java:102)
	at org.junit.internal.runners.statements.FailOnTimeout$1.run(FailOnTimeout.java:28)
Caused by: ptolemy.kernel.util.IllegalActionException: Unknown inputs remain. Possible causality loop:
L_model_1893289564i

  in .CannotAnalysisWithPreemption.model_1893289564_region_1 and .CannotAnalysisWithPreemption.model_1893289564_region_1.L_model_1893289564i
	at ptolemy.actor.sched.FixedPointDirector.postfire(FixedPointDirector.java:515)
	at ptolemy.domains.sr.kernel.SRDirector.postfire(SRDirector.java:417)
	at ptolemy.actor.CompositeActor.postfire(CompositeActor.java:1668)
	at ptolemy.actor.Manager.iterate(Manager.java:852)
	at ptolemy.actor.Manager.execute(Manager.java:369)
	at ptolemy.actor.Manager.run(Manager.java:1263)
	at ptolemy.actor.Manager$PtolemyRunThread.run(Manager.java:1915)
]]></system-err>
</testsuite>
