<?xml version="1.0" encoding="UTF-8" ?>
<testsuite errors="0" failures="0" hostname="travis-job-b3365118-2633-45fc-9e32-909cdc0e1974" name="ptolemy.domains.continuous.test.junit.JUnitTclTest" skipped="0" tests="156" time="82.385" timestamp="2019-07-16T04:49:41">
  <properties>
[...]
</properties>
  <testcase classname="ptolemy.util.test.junit.TclTests" name="[0] ThereAreNoTclTests (RunTclFile)" time="0.017" />
  <testcase classname="ptolemy.util.test.junit.AutoKnownFailedTests" name="[0] ThereAreNoKnowFailedTests (RunModel)" time="0.008" />
  <testcase classname="ptolemy.util.test.junit.AutoNameArchTests" name="[0] ThereAreNoAutoArchTests (RunModel)" time="0.024" />
  <testcase classname="ptolemy.util.test.junit.AutoTests" name="[0] /home/travis/build/icyphy/ptII/ptolemy/domains/continuous/test/auto/BouncingBall.xml (RunModel)" time="3.632" />
  <testcase classname="ptolemy.util.test.junit.AutoTests" name="[1] /home/travis/build/icyphy/ptII/ptolemy/domains/continuous/test/auto/BouncingBallWithoutGR.xml (RunModel)" time="1.033" />
  <testcase classname="ptolemy.util.test.junit.AutoTests" name="[2] /home/travis/build/icyphy/ptII/ptolemy/domains/continuous/test/auto/Brownian.xml (RunModel)" time="0.118" />
  <testcase classname="ptolemy.util.test.junit.AutoTests" name="[3] /home/travis/build/icyphy/ptII/ptolemy/domains/continuous/test/auto/CarTracking.xml (RunModel)" time="4.415" />
  <testcase classname="ptolemy.util.test.junit.AutoTests" name="[4] /home/travis/build/icyphy/ptII/ptolemy/domains/continuous/test/auto/CartPendulum.xml (RunModel)" time="0.487" />
  <testcase classname="ptolemy.util.test.junit.AutoTests" name="[5] /home/travis/build/icyphy/ptII/ptolemy/domains/continuous/test/auto/CausalityInterface10.xml (RunModel)" time="0.043" />
  <testcase classname="ptolemy.util.test.junit.AutoTests" name="[6] /home/travis/build/icyphy/ptII/ptolemy/domains/continuous/test/auto/CausalityInterface11.xml (RunModel)" time="0.024" />
  <testcase classname="ptolemy.util.test.junit.AutoTests" name="[7] /home/travis/build/icyphy/ptII/ptolemy/domains/continuous/test/auto/CausalityInterface12.xml (RunModel)" time="0.025" />
  <testcase classname="ptolemy.util.test.junit.AutoTests" name="[8] /home/travis/build/icyphy/ptII/ptolemy/domains/continuous/test/auto/CausalityInterface13.xml (RunModel)" time="0.076" />
  <testcase classname="ptolemy.util.test.junit.AutoTests" name="[9] /home/travis/build/icyphy/ptII/ptolemy/domains/continuous/test/auto/CausalityInterface14.xml (RunModel)" time="0.03" />
  <testcase classname="ptolemy.util.test.junit.AutoTests" name="[10] /home/travis/build/icyphy/ptII/ptolemy/domains/continuous/test/auto/CausalityInterface4.xml (RunModel)" time="0.034" />
  <testcase classname="ptolemy.util.test.junit.AutoTests" name="[11] /home/travis/build/icyphy/ptII/ptolemy/domains/continuous/test/auto/CausalityInterface5.xml (RunModel)" time="0.04" />
  <testcase classname="ptolemy.util.test.junit.AutoTests" name="[12] /home/travis/build/icyphy/ptII/ptolemy/domains/continuous/test/auto/CausalityInterface6.xml (RunModel)" time="0.029" />
  <testcase classname="ptolemy.util.test.junit.AutoTests" name="[13] /home/travis/build/icyphy/ptII/ptolemy/domains/continuous/test/auto/CausalityInterface7.xml (RunModel)" time="0.043" />
  <testcase classname="ptolemy.util.test.junit.AutoTests" name="[14] /home/travis/build/icyphy/ptII/ptolemy/domains/continuous/test/auto/CausalityInterface8.xml (RunModel)" time="0.043" />
  <testcase classname="ptolemy.util.test.junit.AutoTests" name="[15] /home/travis/build/icyphy/ptII/ptolemy/domains/continuous/test/auto/CausalityInterface9.xml (RunModel)" time="0.042" />
  <testcase classname="ptolemy.util.test.junit.AutoTests" name="[16] /home/travis/build/icyphy/ptII/ptolemy/domains/continuous/test/auto/CausalityInterfaceFeedback1.xml (RunModel)" time="0.026" />
  <testcase classname="ptolemy.util.test.junit.AutoTests" name="[17] /home/travis/build/icyphy/ptII/ptolemy/domains/continuous/test/auto/CausalityInterfaceFeedback2.xml (RunModel)" time="0.029" />
  <testcase classname="ptolemy.util.test.junit.AutoTests" name="[18] /home/travis/build/icyphy/ptII/ptolemy/domains/continuous/test/auto/CompareWithCurrentTime.xml (RunModel)" time="0.021" />
  <testcase classname="ptolemy.util.test.junit.AutoTests" name="[19] /home/travis/build/icyphy/ptII/ptolemy/domains/continuous/test/auto/ComparedClocks.xml (RunModel)" time="0.074" />
  <testcase classname="ptolemy.util.test.junit.AutoTests" name="[20] /home/travis/build/icyphy/ptII/ptolemy/domains/continuous/test/auto/ContinuousAOCClone.xml (RunModel)" time="3.091" />
  <testcase classname="ptolemy.util.test.junit.AutoTests" name="[21] /home/travis/build/icyphy/ptII/ptolemy/domains/continuous/test/auto/ContinuousClock.xml (RunModel)" time="0.099" />
  <testcase classname="ptolemy.util.test.junit.AutoTests" name="[22] /home/travis/build/icyphy/ptII/ptolemy/domains/continuous/test/auto/ContinuousInContinuous.xml (RunModel)" time="0.095" />
  <testcase classname="ptolemy.util.test.junit.AutoTests" name="[23] /home/travis/build/icyphy/ptII/ptolemy/domains/continuous/test/auto/ContinuousInContinuousInContinuous.xml (RunModel)" time="0.027" />
  <testcase classname="ptolemy.util.test.junit.AutoTests" name="[24] /home/travis/build/icyphy/ptII/ptolemy/domains/continuous/test/auto/ContinuousInDE.xml (RunModel)" time="0.134" />
  <testcase classname="ptolemy.util.test.junit.AutoTests" name="[25] /home/travis/build/icyphy/ptII/ptolemy/domains/continuous/test/auto/ContinuousInDE2.xml (RunModel)" time="0.071" />
  <testcase classname="ptolemy.util.test.junit.AutoTests" name="[26] /home/travis/build/icyphy/ptII/ptolemy/domains/continuous/test/auto/ContinuousInDE3.xml (RunModel)" time="0.066" />
  <testcase classname="ptolemy.util.test.junit.AutoTests" name="[27] /home/travis/build/icyphy/ptII/ptolemy/domains/continuous/test/auto/ContinuousInDE4.xml (RunModel)" time="0.042" />
  <testcase classname="ptolemy.util.test.junit.AutoTests" name="[28] /home/travis/build/icyphy/ptII/ptolemy/domains/continuous/test/auto/ContinuousInDEDifferentRefinements.xml (RunModel)" time="0.128" />
  <testcase classname="ptolemy.util.test.junit.AutoTests" name="[29] /home/travis/build/icyphy/ptII/ptolemy/domains/continuous/test/auto/ContinuousInDEDifferentRefinementsPreemptive.xml (RunModel)" time="0.104" />
  <testcase classname="ptolemy.util.test.junit.AutoTests" name="[30] /home/travis/build/icyphy/ptII/ptolemy/domains/continuous/test/auto/ContinuousInDEInContinuous2.xml (RunModel)" time="0.06" />
  <testcase classname="ptolemy.util.test.junit.AutoTests" name="[31] /home/travis/build/icyphy/ptII/ptolemy/domains/continuous/test/auto/ContinuousInDEInContinuous3.xml (RunModel)" time="0.071" />
  <testcase classname="ptolemy.util.test.junit.AutoTests" name="[32] /home/travis/build/icyphy/ptII/ptolemy/domains/continuous/test/auto/ContinuousInDEInput.xml (RunModel)" time="0.039" />
  <testcase classname="ptolemy.util.test.junit.AutoTests" name="[33] /home/travis/build/icyphy/ptII/ptolemy/domains/continuous/test/auto/ContinuousInDEInput2.xml (RunModel)" time="0.038" />
  <testcase classname="ptolemy.util.test.junit.AutoTests" name="[34] /home/travis/build/icyphy/ptII/ptolemy/domains/continuous/test/auto/ContinuousInDEInput3.xml (RunModel)" time="0.036" />
  <testcase classname="ptolemy.util.test.junit.AutoTests" name="[35] /home/travis/build/icyphy/ptII/ptolemy/domains/continuous/test/auto/ContinuousInDESharingRefinement.xml (RunModel)" time="0.218" />
  <testcase classname="ptolemy.util.test.junit.AutoTests" name="[36] /home/travis/build/icyphy/ptII/ptolemy/domains/continuous/test/auto/ContinuousInDEwithNoPorts.xml (RunModel)" time="0.018" />
  <testcase classname="ptolemy.util.test.junit.AutoTests" name="[37] /home/travis/build/icyphy/ptII/ptolemy/domains/continuous/test/auto/ContinuousInsideDE.xml (RunModel)" time="0.091" />
  <testcase classname="ptolemy.util.test.junit.AutoTests" name="[38] /home/travis/build/icyphy/ptII/ptolemy/domains/continuous/test/auto/ContinuousMerge1.xml (RunModel)" time="0.024" />
  <testcase classname="ptolemy.util.test.junit.AutoTests" name="[39] /home/travis/build/icyphy/ptII/ptolemy/domains/continuous/test/auto/ContinuousMerge2.xml (RunModel)" time="0.058" />
  <testcase classname="ptolemy.util.test.junit.AutoTests" name="[40] /home/travis/build/icyphy/ptII/ptolemy/domains/continuous/test/auto/ContinuousMerge3.xml (RunModel)" time="0.079" />
  <testcase classname="ptolemy.util.test.junit.AutoTests" name="[41] /home/travis/build/icyphy/ptII/ptolemy/domains/continuous/test/auto/ContinuousWithinContinuous.xml (RunModel)" time="0.069" />
  <testcase classname="ptolemy.util.test.junit.AutoTests" name="[42] /home/travis/build/icyphy/ptII/ptolemy/domains/continuous/test/auto/ContinuousWithinContinuous2.xml (RunModel)" time="0.098" />
  <testcase classname="ptolemy.util.test.junit.AutoTests" name="[43] /home/travis/build/icyphy/ptII/ptolemy/domains/continuous/test/auto/ContinuousWithinContinuous3.xml (RunModel)" time="0.034" />
  <testcase classname="ptolemy.util.test.junit.AutoTests" name="[44] /home/travis/build/icyphy/ptII/ptolemy/domains/continuous/test/auto/ContinuousWithinContinuous4.xml (RunModel)" time="0.1" />
  <testcase classname="ptolemy.util.test.junit.AutoTests" name="[45] /home/travis/build/icyphy/ptII/ptolemy/domains/continuous/test/auto/ContinuousWithinContinuous5.xml (RunModel)" time="0.048" />
  <testcase classname="ptolemy.util.test.junit.AutoTests" name="[46] /home/travis/build/icyphy/ptII/ptolemy/domains/continuous/test/auto/ContinuousWithinContinuous6.xml (RunModel)" time="0.031" />
  <testcase classname="ptolemy.util.test.junit.AutoTests" name="[47] /home/travis/build/icyphy/ptII/ptolemy/domains/continuous/test/auto/ContinuousWithinContinuous7.xml (RunModel)" time="0.08" />
  <testcase classname="ptolemy.util.test.junit.AutoTests" name="[48] /home/travis/build/icyphy/ptII/ptolemy/domains/continuous/test/auto/DCMotor.xml (RunModel)" time="16.303" />
  <testcase classname="ptolemy.util.test.junit.AutoTests" name="[49] /home/travis/build/icyphy/ptII/ptolemy/domains/continuous/test/auto/DEInContinuous.xml (RunModel)" time="0.025" />
  <testcase classname="ptolemy.util.test.junit.AutoTests" name="[50] /home/travis/build/icyphy/ptII/ptolemy/domains/continuous/test/auto/DEinContinuous2.xml (RunModel)" time="0.029" />
  <testcase classname="ptolemy.util.test.junit.AutoTests" name="[51] /home/travis/build/icyphy/ptII/ptolemy/domains/continuous/test/auto/Derivative.xml (RunModel)" time="0.212" />
  <testcase classname="ptolemy.util.test.junit.AutoTests" name="[52] /home/travis/build/icyphy/ptII/ptolemy/domains/continuous/test/auto/Derivative1.xml (RunModel)" time="0.042" />
  <testcase classname="ptolemy.util.test.junit.AutoTests" name="[53] /home/travis/build/icyphy/ptII/ptolemy/domains/continuous/test/auto/DiscreteClock.xml (RunModel)" time="0.015" />
  <testcase classname="ptolemy.util.test.junit.AutoTests" name="[54] /home/travis/build/icyphy/ptII/ptolemy/domains/continuous/test/auto/EfficiencyCurve.xml (RunModel)" time="0.085" />
  <testcase classname="ptolemy.util.test.junit.AutoTests" name="[55] /home/travis/build/icyphy/ptII/ptolemy/domains/continuous/test/auto/ExponentialResponse.xml (RunModel)" time="0.121" />
  <testcase classname="ptolemy.util.test.junit.AutoTests" name="[56] /home/travis/build/icyphy/ptII/ptolemy/domains/continuous/test/auto/ExponentialResponseRK45.xml (RunModel)" time="0.036" />
  <testcase classname="ptolemy.util.test.junit.AutoTests" name="[57] /home/travis/build/icyphy/ptII/ptolemy/domains/continuous/test/auto/Friction.xml (RunModel)" time="1.612" />
  <testcase classname="ptolemy.util.test.junit.AutoTests" name="[58] /home/travis/build/icyphy/ptII/ptolemy/domains/continuous/test/auto/FurutaPendulum.xml (RunModel)" time="3.522" />
  <testcase classname="ptolemy.util.test.junit.AutoTests" name="[59] /home/travis/build/icyphy/ptII/ptolemy/domains/continuous/test/auto/HierarchicalExecution.xml (RunModel)" time="2.454" />
  <testcase classname="ptolemy.util.test.junit.AutoTests" name="[60] /home/travis/build/icyphy/ptII/ptolemy/domains/continuous/test/auto/HybridPlant.xml (RunModel)" time="0.556" />
  <testcase classname="ptolemy.util.test.junit.AutoTests" name="[61] /home/travis/build/icyphy/ptII/ptolemy/domains/continuous/test/auto/Hysteresis.xml (RunModel)" time="0.19" />
  <testcase classname="ptolemy.util.test.junit.AutoTests" name="[62] /home/travis/build/icyphy/ptII/ptolemy/domains/continuous/test/auto/HysteresisWithRandomDelay.xml (RunModel)" time="0.237" />
  <testcase classname="ptolemy.util.test.junit.AutoTests" name="[63] /home/travis/build/icyphy/ptII/ptolemy/domains/continuous/test/auto/HysteresisWithRandomLosses.xml (RunModel)" time="2.472" />
  <testcase classname="ptolemy.util.test.junit.AutoTests" name="[64] /home/travis/build/icyphy/ptII/ptolemy/domains/continuous/test/auto/ImmediateTransitions.xml (RunModel)" time="0.033" />
  <testcase classname="ptolemy.util.test.junit.AutoTests" name="[65] /home/travis/build/icyphy/ptII/ptolemy/domains/continuous/test/auto/ImpulseFeedback.xml (RunModel)" time="0.021" />
  <testcase classname="ptolemy.util.test.junit.AutoTests" name="[66] /home/travis/build/icyphy/ptII/ptolemy/domains/continuous/test/auto/ImpulseFeedback2.xml (RunModel)" time="0.018" />
  <testcase classname="ptolemy.util.test.junit.AutoTests" name="[67] /home/travis/build/icyphy/ptII/ptolemy/domains/continuous/test/auto/IncreasingRatePoisson.xml (RunModel)" time="0.755" />
  <testcase classname="ptolemy.util.test.junit.AutoTests" name="[68] /home/travis/build/icyphy/ptII/ptolemy/domains/continuous/test/auto/InitialStateFeedback.xml (RunModel)" time="0.015" />
  <testcase classname="ptolemy.util.test.junit.AutoTests" name="[69] /home/travis/build/icyphy/ptII/ptolemy/domains/continuous/test/auto/Integration.xml (RunModel)" time="0.012" />
  <testcase classname="ptolemy.util.test.junit.AutoTests" name="[70] /home/travis/build/icyphy/ptII/ptolemy/domains/continuous/test/auto/Integration2.xml (RunModel)" time="0.107" />
  <testcase classname="ptolemy.util.test.junit.AutoTests" name="[71] /home/travis/build/icyphy/ptII/ptolemy/domains/continuous/test/auto/Integration3.xml (RunModel)" time="0.014" />
  <testcase classname="ptolemy.util.test.junit.AutoTests" name="[72] /home/travis/build/icyphy/ptII/ptolemy/domains/continuous/test/auto/Integration5.xml (RunModel)" time="0.011" />
  <testcase classname="ptolemy.util.test.junit.AutoTests" name="[73] /home/travis/build/icyphy/ptII/ptolemy/domains/continuous/test/auto/IntegratorImpulse.xml (RunModel)" time="0.01" />
  <testcase classname="ptolemy.util.test.junit.AutoTests" name="[74] /home/travis/build/icyphy/ptII/ptolemy/domains/continuous/test/auto/IntegratorImpulse2.xml (RunModel)" time="0.011" />
  <testcase classname="ptolemy.util.test.junit.AutoTests" name="[75] /home/travis/build/icyphy/ptII/ptolemy/domains/continuous/test/auto/LevelCrossing1.xml (RunModel)" time="0.012" />
  <testcase classname="ptolemy.util.test.junit.AutoTests" name="[76] /home/travis/build/icyphy/ptII/ptolemy/domains/continuous/test/auto/LevelCrossing2.xml (RunModel)" time="0.022" />
  <testcase classname="ptolemy.util.test.junit.AutoTests" name="[77] /home/travis/build/icyphy/ptII/ptolemy/domains/continuous/test/auto/LevelCrossing3.xml (RunModel)" time="0.013" />
  <testcase classname="ptolemy.util.test.junit.AutoTests" name="[78] /home/travis/build/icyphy/ptII/ptolemy/domains/continuous/test/auto/LevelCrossing4.xml (RunModel)" time="0.017" />
  <testcase classname="ptolemy.util.test.junit.AutoTests" name="[79] /home/travis/build/icyphy/ptII/ptolemy/domains/continuous/test/auto/LevelCrossing5.xml (RunModel)" time="0.013" />
  <testcase classname="ptolemy.util.test.junit.AutoTests" name="[80] /home/travis/build/icyphy/ptII/ptolemy/domains/continuous/test/auto/LevelCrossing6.xml (RunModel)" time="0.014" />
  <testcase classname="ptolemy.util.test.junit.AutoTests" name="[81] /home/travis/build/icyphy/ptII/ptolemy/domains/continuous/test/auto/LevelCrossingDetector.xml (RunModel)" time="0.039" />
  <testcase classname="ptolemy.util.test.junit.AutoTests" name="[82] /home/travis/build/icyphy/ptII/ptolemy/domains/continuous/test/auto/LevelCrossingDetectorDetectingDirections.xml (RunModel)" time="0.089" />
  <testcase classname="ptolemy.util.test.junit.AutoTests" name="[83] /home/travis/build/icyphy/ptII/ptolemy/domains/continuous/test/auto/LevelCrossingDetectorDetectsGlitches.xml (RunModel)" time="0.069" />
  <testcase classname="ptolemy.util.test.junit.AutoTests" name="[84] /home/travis/build/icyphy/ptII/ptolemy/domains/continuous/test/auto/LevelCrossingNoInitialOuput.xml (RunModel)" time="0.017" />
  <testcase classname="ptolemy.util.test.junit.AutoTests" name="[85] /home/travis/build/icyphy/ptII/ptolemy/domains/continuous/test/auto/LinearStateSpaceExample.xml (RunModel)" time="0.079" />
  <testcase classname="ptolemy.util.test.junit.AutoTests" name="[86] /home/travis/build/icyphy/ptII/ptolemy/domains/continuous/test/auto/Lorenz.xml (RunModel)" time="4.463" />
  <testcase classname="ptolemy.util.test.junit.AutoTests" name="[87] /home/travis/build/icyphy/ptII/ptolemy/domains/continuous/test/auto/LorenzDifferentialSystem.xml (RunModel)" time="1.209" />
  <testcase classname="ptolemy.util.test.junit.AutoTests" name="[88] /home/travis/build/icyphy/ptII/ptolemy/domains/continuous/test/auto/LorenzDifferentialSystemWithInput.xml (RunModel)" time="1.427" />
  <testcase classname="ptolemy.util.test.junit.AutoTests" name="[89] /home/travis/build/icyphy/ptII/ptolemy/domains/continuous/test/auto/LorenzDifferentialSystemWithTime.xml (RunModel)" time="0.789" />
  <testcase classname="ptolemy.util.test.junit.AutoTests" name="[90] /home/travis/build/icyphy/ptII/ptolemy/domains/continuous/test/auto/Microsteps.xml (RunModel)" time="0.037" />
  <testcase classname="ptolemy.util.test.junit.AutoTests" name="[91] /home/travis/build/icyphy/ptII/ptolemy/domains/continuous/test/auto/Modal1.xml (RunModel)" time="0.057" />
  <testcase classname="ptolemy.util.test.junit.AutoTests" name="[92] /home/travis/build/icyphy/ptII/ptolemy/domains/continuous/test/auto/Modal2.xml (RunModel)" time="0.052" />
  <testcase classname="ptolemy.util.test.junit.AutoTests" name="[93] /home/travis/build/icyphy/ptII/ptolemy/domains/continuous/test/auto/ModalTransitionGuardWithReset.xml (RunModel)" time="0.027" />
  <testcase classname="ptolemy.util.test.junit.AutoTests" name="[94] /home/travis/build/icyphy/ptII/ptolemy/domains/continuous/test/auto/ModalTransitionGuardWithResetUsingPreemptiveTransition.xml (RunModel)" time="0.033" />
  <testcase classname="ptolemy.util.test.junit.AutoTests" name="[95] /home/travis/build/icyphy/ptII/ptolemy/domains/continuous/test/auto/ModalTransitionGuardWithResetUsingPreemptiveTransition2.xml (RunModel)" time="0.036" />
  <testcase classname="ptolemy.util.test.junit.AutoTests" name="[96] /home/travis/build/icyphy/ptII/ptolemy/domains/continuous/test/auto/ModalTransitionGuardWithResetUsingPreemptiveTransition3.xml (RunModel)" time="0.038" />
  <testcase classname="ptolemy.util.test.junit.AutoTests" name="[97] /home/travis/build/icyphy/ptII/ptolemy/domains/continuous/test/auto/NewtonsCradle.xml (RunModel)" time="0.871" />
  <testcase classname="ptolemy.util.test.junit.AutoTests" name="[98] /home/travis/build/icyphy/ptII/ptolemy/domains/continuous/test/auto/NewtonsCradleAnimated.xml (RunModel)" time="1.398" />
  <testcase classname="ptolemy.util.test.junit.AutoTests" name="[99] /home/travis/build/icyphy/ptII/ptolemy/domains/continuous/test/auto/NewtonsCradleComplicated.xml (RunModel)" time="0.99" />
  <testcase classname="ptolemy.util.test.junit.AutoTests" name="[100] /home/travis/build/icyphy/ptII/ptolemy/domains/continuous/test/auto/NewtonsCradleNondeterministic.xml (RunModel)" time="0.76" />
  <testcase classname="ptolemy.util.test.junit.AutoTests" name="[101] /home/travis/build/icyphy/ptII/ptolemy/domains/continuous/test/auto/NewtonsCradlePerfectlyInelastic1.xml (RunModel)" time="1.359" />
  <testcase classname="ptolemy.util.test.junit.AutoTests" name="[102] /home/travis/build/icyphy/ptII/ptolemy/domains/continuous/test/auto/Noise.xml (RunModel)" time="0.189" />
  <testcase classname="ptolemy.util.test.junit.AutoTests" name="[103] /home/travis/build/icyphy/ptII/ptolemy/domains/continuous/test/auto/NoiseSpectrum.xml (RunModel)" time="0.944" />
  <testcase classname="ptolemy.util.test.junit.AutoTests" name="[104] /home/travis/build/icyphy/ptII/ptolemy/domains/continuous/test/auto/ParameterizedNewtonsCradleAnimated.xml (RunModel)" time="0.409" />
  <testcase classname="ptolemy.util.test.junit.AutoTests" name="[105] /home/travis/build/icyphy/ptII/ptolemy/domains/continuous/test/auto/ParameterizedNewtonsCradleAnimatedNondeterministic.xml (RunModel)" time="1.215" />
  <testcase classname="ptolemy.util.test.junit.AutoTests" name="[106] /home/travis/build/icyphy/ptII/ptolemy/domains/continuous/test/auto/Pendulum3D.xml (RunModel)" time="0.171" />
  <testcase classname="ptolemy.util.test.junit.AutoTests" name="[107] /home/travis/build/icyphy/ptII/ptolemy/domains/continuous/test/auto/PeriodicSampler.xml (RunModel)" time="0.013" />
  <testcase classname="ptolemy.util.test.junit.AutoTests" name="[108] /home/travis/build/icyphy/ptII/ptolemy/domains/continuous/test/auto/PeriodicSampler1.xml (RunModel)" time="0.044" />
  <testcase classname="ptolemy.util.test.junit.AutoTests" name="[109] /home/travis/build/icyphy/ptII/ptolemy/domains/continuous/test/auto/PeriodicSampler2.xml (RunModel)" time="0.097" />
  <testcase classname="ptolemy.util.test.junit.AutoTests" name="[110] /home/travis/build/icyphy/ptII/ptolemy/domains/continuous/test/auto/Poisson.xml (RunModel)" time="0.474" />
  <testcase classname="ptolemy.util.test.junit.AutoTests" name="[111] /home/travis/build/icyphy/ptII/ptolemy/domains/continuous/test/auto/PoissonClock.xml (RunModel)" time="0.016" />
  <testcase classname="ptolemy.util.test.junit.AutoTests" name="[112] /home/travis/build/icyphy/ptII/ptolemy/domains/continuous/test/auto/PoissonClock2.xml (RunModel)" time="0.015" />
  <testcase classname="ptolemy.util.test.junit.AutoTests" name="[113] /home/travis/build/icyphy/ptII/ptolemy/domains/continuous/test/auto/PortParameterHierarchy.xml (RunModel)" time="0.033" />
  <testcase classname="ptolemy.util.test.junit.AutoTests" name="[114] /home/travis/build/icyphy/ptII/ptolemy/domains/continuous/test/auto/RandomHybridPlant.xml (RunModel)" time="0.546" />
  <testcase classname="ptolemy.util.test.junit.AutoTests" name="[115] /home/travis/build/icyphy/ptII/ptolemy/domains/continuous/test/auto/ResetTransitionWithStartTime1.xml (RunModel)" time="0.036" />
  <testcase classname="ptolemy.util.test.junit.AutoTests" name="[116] /home/travis/build/icyphy/ptII/ptolemy/domains/continuous/test/auto/ResetTransitionWithStartTime2.xml (RunModel)" time="0.037" />
  <testcase classname="ptolemy.util.test.junit.AutoTests" name="[117] /home/travis/build/icyphy/ptII/ptolemy/domains/continuous/test/auto/ResetTransitionWithStartTime3.xml (RunModel)" time="0.042" />
  <testcase classname="ptolemy.util.test.junit.AutoTests" name="[118] /home/travis/build/icyphy/ptII/ptolemy/domains/continuous/test/auto/ResetTransitionWithStartTime4.xml (RunModel)" time="0.025" />
  <testcase classname="ptolemy.util.test.junit.AutoTests" name="[119] /home/travis/build/icyphy/ptII/ptolemy/domains/continuous/test/auto/ResetTransitionWithStartTime5.xml (RunModel)" time="0.037" />
  <testcase classname="ptolemy.util.test.junit.AutoTests" name="[120] /home/travis/build/icyphy/ptII/ptolemy/domains/continuous/test/auto/ResetTransitionWithStartTime6.xml (RunModel)" time="0.029" />
  <testcase classname="ptolemy.util.test.junit.AutoTests" name="[121] /home/travis/build/icyphy/ptII/ptolemy/domains/continuous/test/auto/SRinContinuous.xml (RunModel)" time="0.026" />
  <testcase classname="ptolemy.util.test.junit.AutoTests" name="[122] /home/travis/build/icyphy/ptII/ptolemy/domains/continuous/test/auto/SampledClocks.xml (RunModel)" time="0.039" />
  <testcase classname="ptolemy.util.test.junit.AutoTests" name="[123] /home/travis/build/icyphy/ptII/ptolemy/domains/continuous/test/auto/Satellite.xml (RunModel)" time="0.876" />
  <testcase classname="ptolemy.util.test.junit.AutoTests" name="[124] /home/travis/build/icyphy/ptII/ptolemy/domains/continuous/test/auto/SigmaDelta.xml (RunModel)" time="2.498" />
  <testcase classname="ptolemy.util.test.junit.AutoTests" name="[125] /home/travis/build/icyphy/ptII/ptolemy/domains/continuous/test/auto/SingleRefinement.xml (RunModel)" time="0.425" />
  <testcase classname="ptolemy.util.test.junit.AutoTests" name="[126] /home/travis/build/icyphy/ptII/ptolemy/domains/continuous/test/auto/SinuBouncingBall.xml (RunModel)" time="0.866" />
  <testcase classname="ptolemy.util.test.junit.AutoTests" name="[127] /home/travis/build/icyphy/ptII/ptolemy/domains/continuous/test/auto/Sinusoid.xml (RunModel)" time="0.024" />
  <testcase classname="ptolemy.util.test.junit.AutoTests" name="[128] /home/travis/build/icyphy/ptII/ptolemy/domains/continuous/test/auto/SinusoidInNoise.xml (RunModel)" time="1.076" />
  <testcase classname="ptolemy.util.test.junit.AutoTests" name="[129] /home/travis/build/icyphy/ptII/ptolemy/domains/continuous/test/auto/SinusoidRK45.xml (RunModel)" time="0.013" />
  <testcase classname="ptolemy.util.test.junit.AutoTests" name="[130] /home/travis/build/icyphy/ptII/ptolemy/domains/continuous/test/auto/SinusoidWithMultipleImpulses.xml (RunModel)" time="0.012" />
  <testcase classname="ptolemy.util.test.junit.AutoTests" name="[131] /home/travis/build/icyphy/ptII/ptolemy/domains/continuous/test/auto/SquareWave.xml (RunModel)" time="0.202" />
  <testcase classname="ptolemy.util.test.junit.AutoTests" name="[132] /home/travis/build/icyphy/ptII/ptolemy/domains/continuous/test/auto/Starmac.xml (RunModel)" time="3.359" />
  <testcase classname="ptolemy.util.test.junit.AutoTests" name="[133] /home/travis/build/icyphy/ptII/ptolemy/domains/continuous/test/auto/StaticUnits.xml (RunModel)" time="2.715" />
  <testcase classname="ptolemy.util.test.junit.AutoTests" name="[134] /home/travis/build/icyphy/ptII/ptolemy/domains/continuous/test/auto/StickyMasses.xml (RunModel)" time="0.199" />
  <testcase classname="ptolemy.util.test.junit.AutoTests" name="[135] /home/travis/build/icyphy/ptII/ptolemy/domains/continuous/test/auto/StopTime.xml (RunModel)" time="0.065" />
  <testcase classname="ptolemy.util.test.junit.AutoTests" name="[136] /home/travis/build/icyphy/ptII/ptolemy/domains/continuous/test/auto/StopTime2.xml (RunModel)" time="0.057" />
  <testcase classname="ptolemy.util.test.junit.AutoTests" name="[137] /home/travis/build/icyphy/ptII/ptolemy/domains/continuous/test/auto/Switch.xml (RunModel)" time="0.067" />
  <testcase classname="ptolemy.util.test.junit.AutoTests" name="[138] /home/travis/build/icyphy/ptII/ptolemy/domains/continuous/test/auto/Thermostat.xml (RunModel)" time="0.21" />
  <testcase classname="ptolemy.util.test.junit.AutoTests" name="[139] /home/travis/build/icyphy/ptII/ptolemy/domains/continuous/test/auto/TimeDelay.xml (RunModel)" time="0.02" />
  <testcase classname="ptolemy.util.test.junit.AutoTests" name="[140] /home/travis/build/icyphy/ptII/ptolemy/domains/continuous/test/auto/TimeDelay2.xml (RunModel)" time="0.024" />
  <testcase classname="ptolemy.util.test.junit.AutoTests" name="[141] /home/travis/build/icyphy/ptII/ptolemy/domains/continuous/test/auto/TimeDelay3.xml (RunModel)" time="0.011" />
  <testcase classname="ptolemy.util.test.junit.AutoTests" name="[142] /home/travis/build/icyphy/ptII/ptolemy/domains/continuous/test/auto/TransferAbsentToInside.xml (RunModel)" time="0.141" />
  <testcase classname="ptolemy.util.test.junit.AutoTests" name="[143] /home/travis/build/icyphy/ptII/ptolemy/domains/continuous/test/auto/Transmission.xml (RunModel)" time="0.854" />
  <testcase classname="ptolemy.util.test.junit.AutoTests" name="[144] /home/travis/build/icyphy/ptII/ptolemy/domains/continuous/test/auto/TriggeredContinuousClock.xml (RunModel)" time="0.062" />
  <testcase classname="ptolemy.util.test.junit.AutoTests" name="[145] /home/travis/build/icyphy/ptII/ptolemy/domains/continuous/test/auto/TwoMachineInfiniteBusControl.xml (RunModel)" time="3.71" />
  <testcase classname="ptolemy.util.test.junit.AutoTests" name="[146] /home/travis/build/icyphy/ptII/ptolemy/domains/continuous/test/auto/V2V.xml (RunModel)" time="0.908" />
  <testcase classname="ptolemy.util.test.junit.AutoTests" name="[147] /home/travis/build/icyphy/ptII/ptolemy/domains/continuous/test/auto/hierarchicalModalModel.xml (RunModel)" time="0.031" />
  <testcase classname="ptolemy.util.test.junit.AutoTests" name="[148] /home/travis/build/icyphy/ptII/ptolemy/domains/continuous/test/auto/hierarchicalModalModel1.xml (RunModel)" time="0.03" />
  <testcase classname="ptolemy.util.test.junit.AutoTests" name="[149] /home/travis/build/icyphy/ptII/ptolemy/domains/continuous/test/auto/hierarchicalModalModel2.xml (RunModel)" time="0.027" />
  <testcase classname="ptolemy.util.test.junit.AutoTests" name="[150] /home/travis/build/icyphy/ptII/ptolemy/domains/continuous/test/auto/hierarchicalModalModel3.xml (RunModel)" time="0.023" />
  <testcase classname="ptolemy.util.test.junit.AutoTests" name="[151] /home/travis/build/icyphy/ptII/ptolemy/domains/continuous/test/auto/hierarchicalModalModel4.xml (RunModel)" time="0.027" />
  <testcase classname="ptolemy.util.test.junit.AutoTests" name="[152] /home/travis/build/icyphy/ptII/ptolemy/domains/continuous/test/auto/junk.xml (RunModel)" time="0.168" />
  <system-out><![CDATA[No tcl tests in /home/travis/build/icyphy/ptII/ptolemy/domains/continuous/test
No auto/knownFailedTests/*.xml tests in /home/travis/build/icyphy/ptII/ptolemy/domains/continuous/test
No auto/linux-amd64/*.xml tests in /home/travis/build/icyphy/ptII/ptolemy/domains/continuous/test
AutoTests.java: About to close Vertx.
AutoTests.java: Vertx closed.

===========================================================================================
----------------- testing Tue Jul 16 04:49:41 UTC 2019 /home/travis/build/icyphy/ptII/ptolemy/domains/continuous/test/auto/BouncingBall.xml
----------------- Instantiating /home/travis/build/icyphy/ptII/ptolemy/domains/continuous/test/auto/BouncingBall.xml
2835 ms. Memory: 146432K Free: 58289K (40%)
----------------- Invoking toplevel() on ptolemy.moml.MoMLSimpleApplication@59caaa6a
----------------- Done invoking toplevel() on ptolemy.moml.MoMLSimpleApplication@59caaa6a
reloadAllAccessors: .BouncingBall

===========================================================================================
----------------- testing Tue Jul 16 04:49:45 UTC 2019 /home/travis/build/icyphy/ptII/ptolemy/domains/continuous/test/auto/BouncingBallWithoutGR.xml
----------------- Instantiating /home/travis/build/icyphy/ptII/ptolemy/domains/continuous/test/auto/BouncingBallWithoutGR.xml
852 ms. Memory: 146432K Free: 50576K (35%)
----------------- Invoking toplevel() on ptolemy.moml.MoMLSimpleApplication@63002337
----------------- Done invoking toplevel() on ptolemy.moml.MoMLSimpleApplication@63002337
reloadAllAccessors: .BouncingBallWithoutGR

===========================================================================================
----------------- testing Tue Jul 16 04:49:46 UTC 2019 /home/travis/build/icyphy/ptII/ptolemy/domains/continuous/test/auto/Brownian.xml
----------------- Instantiating /home/travis/build/icyphy/ptII/ptolemy/domains/continuous/test/auto/Brownian.xml
41 ms. Memory: 176128K Free: 156539K (89%)
----------------- Invoking toplevel() on ptolemy.moml.MoMLSimpleApplication@37c4c1eb
----------------- Done invoking toplevel() on ptolemy.moml.MoMLSimpleApplication@37c4c1eb
reloadAllAccessors: .Brownian

===========================================================================================
----------------- testing Tue Jul 16 04:49:46 UTC 2019 /home/travis/build/icyphy/ptII/ptolemy/domains/continuous/test/auto/CarTracking.xml
----------------- Instantiating /home/travis/build/icyphy/ptII/ptolemy/domains/continuous/test/auto/CarTracking.xml
3940 ms. Memory: 211968K Free: 136144K (64%)
----------------- Invoking toplevel() on ptolemy.moml.MoMLSimpleApplication@7c783b66
----------------- Done invoking toplevel() on ptolemy.moml.MoMLSimpleApplication@7c783b66
reloadAllAccessors: .CarTracking

===========================================================================================
----------------- testing Tue Jul 16 04:49:50 UTC 2019 /home/travis/build/icyphy/ptII/ptolemy/domains/continuous/test/auto/CartPendulum.xml
----------------- Instantiating /home/travis/build/icyphy/ptII/ptolemy/domains/continuous/test/auto/CartPendulum.xml
387 ms. Memory: 211968K Free: 172296K (81%)
----------------- Invoking toplevel() on ptolemy.moml.MoMLSimpleApplication@51de874d
----------------- Done invoking toplevel() on ptolemy.moml.MoMLSimpleApplication@51de874d
reloadAllAccessors: .CartPendulum

===========================================================================================
----------------- testing Tue Jul 16 04:49:51 UTC 2019 /home/travis/build/icyphy/ptII/ptolemy/domains/continuous/test/auto/CausalityInterface10.xml
----------------- Instantiating /home/travis/build/icyphy/ptII/ptolemy/domains/continuous/test/auto/CausalityInterface10.xml
7 ms. Memory: 211968K Free: 161538K (76%)
----------------- Invoking toplevel() on ptolemy.moml.MoMLSimpleApplication@4720ff94
----------------- Done invoking toplevel() on ptolemy.moml.MoMLSimpleApplication@4720ff94
reloadAllAccessors: .CausalityInterface10

===========================================================================================
----------------- testing Tue Jul 16 04:49:51 UTC 2019 /home/travis/build/icyphy/ptII/ptolemy/domains/continuous/test/auto/CausalityInterface11.xml
----------------- Instantiating /home/travis/build/icyphy/ptII/ptolemy/domains/continuous/test/auto/CausalityInterface11.xml
4 ms. Memory: 211968K Free: 155912K (74%)
----------------- Invoking toplevel() on ptolemy.moml.MoMLSimpleApplication@f58c326
----------------- Done invoking toplevel() on ptolemy.moml.MoMLSimpleApplication@f58c326
reloadAllAccessors: .CausalityInterface11

===========================================================================================
----------------- testing Tue Jul 16 04:49:51 UTC 2019 /home/travis/build/icyphy/ptII/ptolemy/domains/continuous/test/auto/CausalityInterface12.xml
----------------- Instantiating /home/travis/build/icyphy/ptII/ptolemy/domains/continuous/test/auto/CausalityInterface12.xml
4 ms. Memory: 211968K Free: 149768K (71%)
----------------- Invoking toplevel() on ptolemy.moml.MoMLSimpleApplication@1bf1ccd5
----------------- Done invoking toplevel() on ptolemy.moml.MoMLSimpleApplication@1bf1ccd5
reloadAllAccessors: .CausalityInterface12

===========================================================================================
----------------- testing Tue Jul 16 04:49:51 UTC 2019 /home/travis/build/icyphy/ptII/ptolemy/domains/continuous/test/auto/CausalityInterface13.xml
----------------- Instantiating /home/travis/build/icyphy/ptII/ptolemy/domains/continuous/test/auto/CausalityInterface13.xml
5 ms. Memory: 211968K Free: 143624K (68%)
----------------- Invoking toplevel() on ptolemy.moml.MoMLSimpleApplication@45c8119e
----------------- Done invoking toplevel() on ptolemy.moml.MoMLSimpleApplication@45c8119e
reloadAllAccessors: .CausalityInterface13

===========================================================================================
----------------- testing Tue Jul 16 04:49:51 UTC 2019 /home/travis/build/icyphy/ptII/ptolemy/domains/continuous/test/auto/CausalityInterface14.xml
----------------- Instantiating /home/travis/build/icyphy/ptII/ptolemy/domains/continuous/test/auto/CausalityInterface14.xml
4 ms. Memory: 211968K Free: 137976K (65%)
----------------- Invoking toplevel() on ptolemy.moml.MoMLSimpleApplication@6a9c9c56
----------------- Done invoking toplevel() on ptolemy.moml.MoMLSimpleApplication@6a9c9c56
reloadAllAccessors: .CausalityInterface14

===========================================================================================
----------------- testing Tue Jul 16 04:49:51 UTC 2019 /home/travis/build/icyphy/ptII/ptolemy/domains/continuous/test/auto/CausalityInterface4.xml
----------------- Instantiating /home/travis/build/icyphy/ptII/ptolemy/domains/continuous/test/auto/CausalityInterface4.xml
5 ms. Memory: 211968K Free: 131336K (62%)
----------------- Invoking toplevel() on ptolemy.moml.MoMLSimpleApplication@76396d8d
----------------- Done invoking toplevel() on ptolemy.moml.MoMLSimpleApplication@76396d8d
reloadAllAccessors: .CausalityInterface4

===========================================================================================
----------------- testing Tue Jul 16 04:49:51 UTC 2019 /home/travis/build/icyphy/ptII/ptolemy/domains/continuous/test/auto/CausalityInterface5.xml
----------------- Instantiating /home/travis/build/icyphy/ptII/ptolemy/domains/continuous/test/auto/CausalityInterface5.xml
9 ms. Memory: 211968K Free: 123144K (58%)
----------------- Invoking toplevel() on ptolemy.moml.MoMLSimpleApplication@11b58c35
----------------- Done invoking toplevel() on ptolemy.moml.MoMLSimpleApplication@11b58c35
reloadAllAccessors: .CausalityInterface5

===========================================================================================
----------------- testing Tue Jul 16 04:49:51 UTC 2019 /home/travis/build/icyphy/ptII/ptolemy/domains/continuous/test/auto/CausalityInterface6.xml
----------------- Instantiating /home/travis/build/icyphy/ptII/ptolemy/domains/continuous/test/auto/CausalityInterface6.xml
6 ms. Memory: 211968K Free: 117496K (55%)
----------------- Invoking toplevel() on ptolemy.moml.MoMLSimpleApplication@22a63eec
----------------- Done invoking toplevel() on ptolemy.moml.MoMLSimpleApplication@22a63eec
reloadAllAccessors: .CausalityInterface6

===========================================================================================
----------------- testing Tue Jul 16 04:49:51 UTC 2019 /home/travis/build/icyphy/ptII/ptolemy/domains/continuous/test/auto/CausalityInterface7.xml
----------------- Instantiating /home/travis/build/icyphy/ptII/ptolemy/domains/continuous/test/auto/CausalityInterface7.xml
12 ms. Memory: 211968K Free: 108808K (51%)
----------------- Invoking toplevel() on ptolemy.moml.MoMLSimpleApplication@51e3bac9
----------------- Done invoking toplevel() on ptolemy.moml.MoMLSimpleApplication@51e3bac9
reloadAllAccessors: .CausalityInterface7

===========================================================================================
----------------- testing Tue Jul 16 04:49:51 UTC 2019 /home/travis/build/icyphy/ptII/ptolemy/domains/continuous/test/auto/CausalityInterface8.xml
----------------- Instantiating /home/travis/build/icyphy/ptII/ptolemy/domains/continuous/test/auto/CausalityInterface8.xml
4 ms. Memory: 211968K Free: 99592K (47%)
----------------- Invoking toplevel() on ptolemy.moml.MoMLSimpleApplication@687243fa
----------------- Done invoking toplevel() on ptolemy.moml.MoMLSimpleApplication@687243fa
reloadAllAccessors: .CausalityInterface8

===========================================================================================
----------------- testing Tue Jul 16 04:49:51 UTC 2019 /home/travis/build/icyphy/ptII/ptolemy/domains/continuous/test/auto/CausalityInterface9.xml
----------------- Instantiating /home/travis/build/icyphy/ptII/ptolemy/domains/continuous/test/auto/CausalityInterface9.xml
8 ms. Memory: 211968K Free: 88838K (42%)
----------------- Invoking toplevel() on ptolemy.moml.MoMLSimpleApplication@41629dae
----------------- Done invoking toplevel() on ptolemy.moml.MoMLSimpleApplication@41629dae
reloadAllAccessors: .CausalityInterface9

===========================================================================================
----------------- testing Tue Jul 16 04:49:51 UTC 2019 /home/travis/build/icyphy/ptII/ptolemy/domains/continuous/test/auto/CausalityInterfaceFeedback1.xml
----------------- Instantiating /home/travis/build/icyphy/ptII/ptolemy/domains/continuous/test/auto/CausalityInterfaceFeedback1.xml
4 ms. Memory: 211968K Free: 82184K (39%)
----------------- Invoking toplevel() on ptolemy.moml.MoMLSimpleApplication@6b884b4e
----------------- Done invoking toplevel() on ptolemy.moml.MoMLSimpleApplication@6b884b4e
reloadAllAccessors: .CausalityInterfaceFeedback1

===========================================================================================
----------------- testing Tue Jul 16 04:49:51 UTC 2019 /home/travis/build/icyphy/ptII/ptolemy/domains/continuous/test/auto/CausalityInterfaceFeedback2.xml
----------------- Instantiating /home/travis/build/icyphy/ptII/ptolemy/domains/continuous/test/auto/CausalityInterfaceFeedback2.xml
3 ms. Memory: 211968K Free: 75496K (36%)
----------------- Invoking toplevel() on ptolemy.moml.MoMLSimpleApplication@175a7815
----------------- Done invoking toplevel() on ptolemy.moml.MoMLSimpleApplication@175a7815
reloadAllAccessors: .CausalityInterfaceFeedback2

===========================================================================================
----------------- testing Tue Jul 16 04:49:51 UTC 2019 /home/travis/build/icyphy/ptII/ptolemy/domains/continuous/test/auto/CompareWithCurrentTime.xml
----------------- Instantiating /home/travis/build/icyphy/ptII/ptolemy/domains/continuous/test/auto/CompareWithCurrentTime.xml
4 ms. Memory: 263168K Free: 248575K (94%)
----------------- Invoking toplevel() on ptolemy.moml.MoMLSimpleApplication@3a497474
----------------- Done invoking toplevel() on ptolemy.moml.MoMLSimpleApplication@3a497474
reloadAllAccessors: .CompareWithCurrentTime

===========================================================================================
----------------- testing Tue Jul 16 04:49:52 UTC 2019 /home/travis/build/icyphy/ptII/ptolemy/domains/continuous/test/auto/ComparedClocks.xml
----------------- Instantiating /home/travis/build/icyphy/ptII/ptolemy/domains/continuous/test/auto/ComparedClocks.xml
11 ms. Memory: 263168K Free: 232687K (88%)
----------------- Invoking toplevel() on ptolemy.moml.MoMLSimpleApplication@5d1e2709
----------------- Done invoking toplevel() on ptolemy.moml.MoMLSimpleApplication@5d1e2709
reloadAllAccessors: .ComparedClocks

===========================================================================================
----------------- testing Tue Jul 16 04:49:52 UTC 2019 /home/travis/build/icyphy/ptII/ptolemy/domains/continuous/test/auto/ContinuousAOCClone.xml
----------------- Instantiating /home/travis/build/icyphy/ptII/ptolemy/domains/continuous/test/auto/ContinuousAOCClone.xml
2773 ms. Memory: 263168K Free: 186806K (71%)
----------------- Invoking toplevel() on ptolemy.moml.MoMLSimpleApplication@5108ecdb
----------------- Done invoking toplevel() on ptolemy.moml.MoMLSimpleApplication@5108ecdb
reloadAllAccessors: .ContinuousAOCClone

===========================================================================================
----------------- testing Tue Jul 16 04:49:55 UTC 2019 /home/travis/build/icyphy/ptII/ptolemy/domains/continuous/test/auto/ContinuousClock.xml
----------------- Instantiating /home/travis/build/icyphy/ptII/ptolemy/domains/continuous/test/auto/ContinuousClock.xml
33 ms. Memory: 263168K Free: 165830K (63%)
----------------- Invoking toplevel() on ptolemy.moml.MoMLSimpleApplication@6268ee29
----------------- Done invoking toplevel() on ptolemy.moml.MoMLSimpleApplication@6268ee29
reloadAllAccessors: .ContinuousClock

===========================================================================================
----------------- testing Tue Jul 16 04:49:55 UTC 2019 /home/travis/build/icyphy/ptII/ptolemy/domains/continuous/test/auto/ContinuousInContinuous.xml
----------------- Instantiating /home/travis/build/icyphy/ptII/ptolemy/domains/continuous/test/auto/ContinuousInContinuous.xml
44 ms. Memory: 263168K Free: 142758K (54%)
----------------- Invoking toplevel() on ptolemy.moml.MoMLSimpleApplication@20e0a1b8
----------------- Done invoking toplevel() on ptolemy.moml.MoMLSimpleApplication@20e0a1b8
reloadAllAccessors: .ContinuousInContinuous

===========================================================================================
----------------- testing Tue Jul 16 04:49:55 UTC 2019 /home/travis/build/icyphy/ptII/ptolemy/domains/continuous/test/auto/ContinuousInContinuousInContinuous.xml
----------------- Instantiating /home/travis/build/icyphy/ptII/ptolemy/domains/continuous/test/auto/ContinuousInContinuousInContinuous.xml
7 ms. Memory: 263168K Free: 134596K (51%)
----------------- Invoking toplevel() on ptolemy.moml.MoMLSimpleApplication@76ad4e82
----------------- Done invoking toplevel() on ptolemy.moml.MoMLSimpleApplication@76ad4e82
reloadAllAccessors: .ContinuousInContinuousInContinuous

===========================================================================================
----------------- testing Tue Jul 16 04:49:55 UTC 2019 /home/travis/build/icyphy/ptII/ptolemy/domains/continuous/test/auto/ContinuousInDE.xml
----------------- Instantiating /home/travis/build/icyphy/ptII/ptolemy/domains/continuous/test/auto/ContinuousInDE.xml
106 ms. Memory: 263168K Free: 123846K (47%)
----------------- Invoking toplevel() on ptolemy.moml.MoMLSimpleApplication@7372e993
----------------- Done invoking toplevel() on ptolemy.moml.MoMLSimpleApplication@7372e993
reloadAllAccessors: .ContinuousInDE

===========================================================================================
----------------- testing Tue Jul 16 04:49:55 UTC 2019 /home/travis/build/icyphy/ptII/ptolemy/domains/continuous/test/auto/ContinuousInDE2.xml
----------------- Instantiating /home/travis/build/icyphy/ptII/ptolemy/domains/continuous/test/auto/ContinuousInDE2.xml
54 ms. Memory: 263168K Free: 114116K (43%)
----------------- Invoking toplevel() on ptolemy.moml.MoMLSimpleApplication@750cc80d
----------------- Done invoking toplevel() on ptolemy.moml.MoMLSimpleApplication@750cc80d
reloadAllAccessors: .ContinuousInDE2

===========================================================================================
----------------- testing Tue Jul 16 04:49:55 UTC 2019 /home/travis/build/icyphy/ptII/ptolemy/domains/continuous/test/auto/ContinuousInDE3.xml
----------------- Instantiating /home/travis/build/icyphy/ptII/ptolemy/domains/continuous/test/auto/ContinuousInDE3.xml
39 ms. Memory: 263168K Free: 104390K (40%)
----------------- Invoking toplevel() on ptolemy.moml.MoMLSimpleApplication@785827f8
----------------- Done invoking toplevel() on ptolemy.moml.MoMLSimpleApplication@785827f8
reloadAllAccessors: .ContinuousInDE3

===========================================================================================
----------------- testing Tue Jul 16 04:49:55 UTC 2019 /home/travis/build/icyphy/ptII/ptolemy/domains/continuous/test/auto/ContinuousInDE4.xml
----------------- Instantiating /home/travis/build/icyphy/ptII/ptolemy/domains/continuous/test/auto/ContinuousInDE4.xml
19 ms. Memory: 263168K Free: 98244K (37%)
----------------- Invoking toplevel() on ptolemy.moml.MoMLSimpleApplication@389aa99b
----------------- Done invoking toplevel() on ptolemy.moml.MoMLSimpleApplication@389aa99b
reloadAllAccessors: .ContinuousInDE4

===========================================================================================
----------------- testing Tue Jul 16 04:49:55 UTC 2019 /home/travis/build/icyphy/ptII/ptolemy/domains/continuous/test/auto/ContinuousInDEDifferentRefinements.xml
----------------- Instantiating /home/travis/build/icyphy/ptII/ptolemy/domains/continuous/test/auto/ContinuousInDEDifferentRefinements.xml
64 ms. Memory: 263168K Free: 223161K (85%)
----------------- Invoking toplevel() on ptolemy.moml.MoMLSimpleApplication@4063596f
----------------- Done invoking toplevel() on ptolemy.moml.MoMLSimpleApplication@4063596f
reloadAllAccessors: .ContinuousInDEDifferentRefinements

===========================================================================================
----------------- testing Tue Jul 16 04:49:55 UTC 2019 /home/travis/build/icyphy/ptII/ptolemy/domains/continuous/test/auto/ContinuousInDEDifferentRefinementsPreemptive.xml
----------------- Instantiating /home/travis/build/icyphy/ptII/ptolemy/domains/continuous/test/auto/ContinuousInDEDifferentRefinementsPreemptive.xml
55 ms. Memory: 263168K Free: 192441K (73%)
----------------- Invoking toplevel() on ptolemy.moml.MoMLSimpleApplication@3000ec5c
----------------- Done invoking toplevel() on ptolemy.moml.MoMLSimpleApplication@3000ec5c
reloadAllAccessors: .ContinuousInDEDifferentRefinementsPreemptive

===========================================================================================
----------------- testing Tue Jul 16 04:49:55 UTC 2019 /home/travis/build/icyphy/ptII/ptolemy/domains/continuous/test/auto/ContinuousInDEInContinuous2.xml
----------------- Instantiating /home/travis/build/icyphy/ptII/ptolemy/domains/continuous/test/auto/ContinuousInDEInContinuous2.xml
34 ms. Memory: 263168K Free: 181177K (69%)
----------------- Invoking toplevel() on ptolemy.moml.MoMLSimpleApplication@58e90a
----------------- Done invoking toplevel() on ptolemy.moml.MoMLSimpleApplication@58e90a
reloadAllAccessors: .ContinuousInDEInContinuous2

===========================================================================================
----------------- testing Tue Jul 16 04:49:56 UTC 2019 /home/travis/build/icyphy/ptII/ptolemy/domains/continuous/test/auto/ContinuousInDEInContinuous3.xml
----------------- Instantiating /home/travis/build/icyphy/ptII/ptolemy/domains/continuous/test/auto/ContinuousInDEInContinuous3.xml
37 ms. Memory: 263168K Free: 168889K (64%)
----------------- Invoking toplevel() on ptolemy.moml.MoMLSimpleApplication@5a6847eb
----------------- Done invoking toplevel() on ptolemy.moml.MoMLSimpleApplication@5a6847eb
reloadAllAccessors: .ContinuousInDEInContinuous3

===========================================================================================
----------------- testing Tue Jul 16 04:49:56 UTC 2019 /home/travis/build/icyphy/ptII/ptolemy/domains/continuous/test/auto/ContinuousInDEInput.xml
----------------- Instantiating /home/travis/build/icyphy/ptII/ptolemy/domains/continuous/test/auto/ContinuousInDEInput.xml
19 ms. Memory: 263168K Free: 161721K (61%)
----------------- Invoking toplevel() on ptolemy.moml.MoMLSimpleApplication@559d0509
----------------- Done invoking toplevel() on ptolemy.moml.MoMLSimpleApplication@559d0509
reloadAllAccessors: .ContinuousInDEInput

===========================================================================================
----------------- testing Tue Jul 16 04:49:56 UTC 2019 /home/travis/build/icyphy/ptII/ptolemy/domains/continuous/test/auto/ContinuousInDEInput2.xml
----------------- Instantiating /home/travis/build/icyphy/ptII/ptolemy/domains/continuous/test/auto/ContinuousInDEInput2.xml
17 ms. Memory: 263168K Free: 154039K (59%)
----------------- Invoking toplevel() on ptolemy.moml.MoMLSimpleApplication@1e554a0d
----------------- Done invoking toplevel() on ptolemy.moml.MoMLSimpleApplication@1e554a0d
reloadAllAccessors: .ContinuousInDEInput2

===========================================================================================
----------------- testing Tue Jul 16 04:49:56 UTC 2019 /home/travis/build/icyphy/ptII/ptolemy/domains/continuous/test/auto/ContinuousInDEInput3.xml
----------------- Instantiating /home/travis/build/icyphy/ptII/ptolemy/domains/continuous/test/auto/ContinuousInDEInput3.xml
17 ms. Memory: 263168K Free: 146871K (56%)
----------------- Invoking toplevel() on ptolemy.moml.MoMLSimpleApplication@4bf470e6
----------------- Done invoking toplevel() on ptolemy.moml.MoMLSimpleApplication@4bf470e6
reloadAllAccessors: .ContinuousInDEInput3

===========================================================================================
----------------- testing Tue Jul 16 04:49:56 UTC 2019 /home/travis/build/icyphy/ptII/ptolemy/domains/continuous/test/auto/ContinuousInDESharingRefinement.xml
----------------- Instantiating /home/travis/build/icyphy/ptII/ptolemy/domains/continuous/test/auto/ContinuousInDESharingRefinement.xml
189 ms. Memory: 263168K Free: 208467K (79%)
----------------- Invoking toplevel() on ptolemy.moml.MoMLSimpleApplication@5564de88
----------------- Done invoking toplevel() on ptolemy.moml.MoMLSimpleApplication@5564de88
reloadAllAccessors: .ContinuousInDESharingRefinement

===========================================================================================
----------------- testing Tue Jul 16 04:49:56 UTC 2019 /home/travis/build/icyphy/ptII/ptolemy/domains/continuous/test/auto/ContinuousInDEwithNoPorts.xml
----------------- Instantiating /home/travis/build/icyphy/ptII/ptolemy/domains/continuous/test/auto/ContinuousInDEwithNoPorts.xml
5 ms. Memory: 263168K Free: 203843K (77%)
----------------- Invoking toplevel() on ptolemy.moml.MoMLSimpleApplication@6f808e8e
----------------- Done invoking toplevel() on ptolemy.moml.MoMLSimpleApplication@6f808e8e
reloadAllAccessors: .ContinuousInDEwithNoPorts

===========================================================================================
----------------- testing Tue Jul 16 04:49:56 UTC 2019 /home/travis/build/icyphy/ptII/ptolemy/domains/continuous/test/auto/ContinuousInsideDE.xml
----------------- Instantiating /home/travis/build/icyphy/ptII/ptolemy/domains/continuous/test/auto/ContinuousInsideDE.xml
40 ms. Memory: 263168K Free: 192593K (73%)
----------------- Invoking toplevel() on ptolemy.moml.MoMLSimpleApplication@261188cd
----------------- Done invoking toplevel() on ptolemy.moml.MoMLSimpleApplication@261188cd
reloadAllAccessors: .ContinuousInsideDE

===========================================================================================
----------------- testing Tue Jul 16 04:49:56 UTC 2019 /home/travis/build/icyphy/ptII/ptolemy/domains/continuous/test/auto/ContinuousMerge1.xml
----------------- Instantiating /home/travis/build/icyphy/ptII/ptolemy/domains/continuous/test/auto/ContinuousMerge1.xml
3 ms. Memory: 263168K Free: 188483K (72%)
----------------- Invoking toplevel() on ptolemy.moml.MoMLSimpleApplication@7652378b
----------------- Done invoking toplevel() on ptolemy.moml.MoMLSimpleApplication@7652378b
reloadAllAccessors: .ContinuousMerge1

===========================================================================================
----------------- testing Tue Jul 16 04:49:56 UTC 2019 /home/travis/build/icyphy/ptII/ptolemy/domains/continuous/test/auto/ContinuousMerge2.xml
----------------- Instantiating /home/travis/build/icyphy/ptII/ptolemy/domains/continuous/test/auto/ContinuousMerge2.xml
20 ms. Memory: 263168K Free: 178257K (68%)
----------------- Invoking toplevel() on ptolemy.moml.MoMLSimpleApplication@54b9af9c
----------------- Done invoking toplevel() on ptolemy.moml.MoMLSimpleApplication@54b9af9c
reloadAllAccessors: .ContinuousMerge2

===========================================================================================
----------------- testing Tue Jul 16 04:49:56 UTC 2019 /home/travis/build/icyphy/ptII/ptolemy/domains/continuous/test/auto/ContinuousMerge3.xml
----------------- Instantiating /home/travis/build/icyphy/ptII/ptolemy/domains/continuous/test/auto/ContinuousMerge3.xml
50 ms. Memory: 263168K Free: 167507K (64%)
----------------- Invoking toplevel() on ptolemy.moml.MoMLSimpleApplication@34c7e0ba
----------------- Done invoking toplevel() on ptolemy.moml.MoMLSimpleApplication@34c7e0ba
reloadAllAccessors: .ContinuousMerge3

===========================================================================================
----------------- testing Tue Jul 16 04:49:56 UTC 2019 /home/travis/build/icyphy/ptII/ptolemy/domains/continuous/test/auto/ContinuousWithinContinuous.xml
----------------- Instantiating /home/travis/build/icyphy/ptII/ptolemy/domains/continuous/test/auto/ContinuousWithinContinuous.xml
44 ms. Memory: 263168K Free: 157777K (60%)
----------------- Invoking toplevel() on ptolemy.moml.MoMLSimpleApplication@6447255e
----------------- Done invoking toplevel() on ptolemy.moml.MoMLSimpleApplication@6447255e
reloadAllAccessors: .ContinuousWithinContinuous

===========================================================================================
----------------- testing Tue Jul 16 04:49:56 UTC 2019 /home/travis/build/icyphy/ptII/ptolemy/domains/continuous/test/auto/ContinuousWithinContinuous2.xml
----------------- Instantiating /home/travis/build/icyphy/ptII/ptolemy/domains/continuous/test/auto/ContinuousWithinContinuous2.xml
83 ms. Memory: 263168K Free: 146513K (56%)
----------------- Invoking toplevel() on ptolemy.moml.MoMLSimpleApplication@3859e7bc
----------------- Done invoking toplevel() on ptolemy.moml.MoMLSimpleApplication@3859e7bc
reloadAllAccessors: .ContinuousWithinContinuous2

===========================================================================================
----------------- testing Tue Jul 16 04:49:56 UTC 2019 /home/travis/build/icyphy/ptII/ptolemy/domains/continuous/test/auto/ContinuousWithinContinuous3.xml
----------------- Instantiating /home/travis/build/icyphy/ptII/ptolemy/domains/continuous/test/auto/ContinuousWithinContinuous3.xml
15 ms. Memory: 263168K Free: 139859K (53%)
----------------- Invoking toplevel() on ptolemy.moml.MoMLSimpleApplication@1478435f
----------------- Done invoking toplevel() on ptolemy.moml.MoMLSimpleApplication@1478435f
reloadAllAccessors: .ContinuousWithinContinuous3

===========================================================================================
----------------- testing Tue Jul 16 04:49:56 UTC 2019 /home/travis/build/icyphy/ptII/ptolemy/domains/continuous/test/auto/ContinuousWithinContinuous4.xml
----------------- Instantiating /home/travis/build/icyphy/ptII/ptolemy/domains/continuous/test/auto/ContinuousWithinContinuous4.xml
85 ms. Memory: 263168K Free: 127571K (48%)
----------------- Invoking toplevel() on ptolemy.moml.MoMLSimpleApplication@42412167
----------------- Done invoking toplevel() on ptolemy.moml.MoMLSimpleApplication@42412167
reloadAllAccessors: .ContinuousWithinContinuous4

===========================================================================================
----------------- testing Tue Jul 16 04:49:57 UTC 2019 /home/travis/build/icyphy/ptII/ptolemy/domains/continuous/test/auto/ContinuousWithinContinuous5.xml
----------------- Instantiating /home/travis/build/icyphy/ptII/ptolemy/domains/continuous/test/auto/ContinuousWithinContinuous5.xml
14 ms. Memory: 263168K Free: 120403K (46%)
----------------- Invoking toplevel() on ptolemy.moml.MoMLSimpleApplication@21525531
----------------- Done invoking toplevel() on ptolemy.moml.MoMLSimpleApplication@21525531
reloadAllAccessors: .ContinuousWithinContinuous5

===========================================================================================
----------------- testing Tue Jul 16 04:49:57 UTC 2019 /home/travis/build/icyphy/ptII/ptolemy/domains/continuous/test/auto/ContinuousWithinContinuous6.xml
----------------- Instantiating /home/travis/build/icyphy/ptII/ptolemy/domains/continuous/test/auto/ContinuousWithinContinuous6.xml
12 ms. Memory: 263168K Free: 113745K (43%)
----------------- Invoking toplevel() on ptolemy.moml.MoMLSimpleApplication@3e318c2e
----------------- Done invoking toplevel() on ptolemy.moml.MoMLSimpleApplication@3e318c2e
reloadAllAccessors: .ContinuousWithinContinuous6

===========================================================================================
----------------- testing Tue Jul 16 04:49:57 UTC 2019 /home/travis/build/icyphy/ptII/ptolemy/domains/continuous/test/auto/ContinuousWithinContinuous7.xml
----------------- Instantiating /home/travis/build/icyphy/ptII/ptolemy/domains/continuous/test/auto/ContinuousWithinContinuous7.xml
63 ms. Memory: 263168K Free: 102481K (39%)
----------------- Invoking toplevel() on ptolemy.moml.MoMLSimpleApplication@16c53d3d
----------------- Done invoking toplevel() on ptolemy.moml.MoMLSimpleApplication@16c53d3d
reloadAllAccessors: .ContinuousWithinContinuous7

===========================================================================================
----------------- testing Tue Jul 16 04:49:57 UTC 2019 /home/travis/build/icyphy/ptII/ptolemy/domains/continuous/test/auto/DCMotor.xml
----------------- Instantiating /home/travis/build/icyphy/ptII/ptolemy/domains/continuous/test/auto/DCMotor.xml
16186 ms. Memory: 316416K Free: 162404K (51%)
----------------- Invoking toplevel() on ptolemy.moml.MoMLSimpleApplication@6cec212c
----------------- Done invoking toplevel() on ptolemy.moml.MoMLSimpleApplication@6cec212c
reloadAllAccessors: .DCMotor

===========================================================================================
----------------- testing Tue Jul 16 04:50:13 UTC 2019 /home/travis/build/icyphy/ptII/ptolemy/domains/continuous/test/auto/DEInContinuous.xml
----------------- Instantiating /home/travis/build/icyphy/ptII/ptolemy/domains/continuous/test/auto/DEInContinuous.xml
12 ms. Memory: 316416K Free: 156274K (49%)
----------------- Invoking toplevel() on ptolemy.moml.MoMLSimpleApplication@4f67d706
----------------- Done invoking toplevel() on ptolemy.moml.MoMLSimpleApplication@4f67d706
reloadAllAccessors: .DEInContinuous

===========================================================================================
----------------- testing Tue Jul 16 04:50:13 UTC 2019 /home/travis/build/icyphy/ptII/ptolemy/domains/continuous/test/auto/DEinContinuous2.xml
----------------- Instantiating /home/travis/build/icyphy/ptII/ptolemy/domains/continuous/test/auto/DEinContinuous2.xml
8 ms. Memory: 316416K Free: 148596K (47%)
----------------- Invoking toplevel() on ptolemy.moml.MoMLSimpleApplication@63c69952
----------------- Done invoking toplevel() on ptolemy.moml.MoMLSimpleApplication@63c69952
reloadAllAccessors: .DEinContinuous2

===========================================================================================
----------------- testing Tue Jul 16 04:50:13 UTC 2019 /home/travis/build/icyphy/ptII/ptolemy/domains/continuous/test/auto/Derivative.xml
----------------- Instantiating /home/travis/build/icyphy/ptII/ptolemy/domains/continuous/test/auto/Derivative.xml
159 ms. Memory: 316416K Free: 118386K (37%)
----------------- Invoking toplevel() on ptolemy.moml.MoMLSimpleApplication@6ed8a028
----------------- Done invoking toplevel() on ptolemy.moml.MoMLSimpleApplication@6ed8a028
reloadAllAccessors: .Derivative2

===========================================================================================
----------------- testing Tue Jul 16 04:50:13 UTC 2019 /home/travis/build/icyphy/ptII/ptolemy/domains/continuous/test/auto/Derivative1.xml
----------------- Instantiating /home/travis/build/icyphy/ptII/ptolemy/domains/continuous/test/auto/Derivative1.xml
14 ms. Memory: 316416K Free: 292595K (92%)
----------------- Invoking toplevel() on ptolemy.moml.MoMLSimpleApplication@5c2df31e
----------------- Done invoking toplevel() on ptolemy.moml.MoMLSimpleApplication@5c2df31e
reloadAllAccessors: .Derivative1

===========================================================================================
----------------- testing Tue Jul 16 04:50:13 UTC 2019 /home/travis/build/icyphy/ptII/ptolemy/domains/continuous/test/auto/DiscreteClock.xml
----------------- Instantiating /home/travis/build/icyphy/ptII/ptolemy/domains/continuous/test/auto/DiscreteClock.xml
4 ms. Memory: 316416K Free: 286961K (91%)
----------------- Invoking toplevel() on ptolemy.moml.MoMLSimpleApplication@16698e75
----------------- Done invoking toplevel() on ptolemy.moml.MoMLSimpleApplication@16698e75
reloadAllAccessors: .DiscreteClock

===========================================================================================
----------------- testing Tue Jul 16 04:50:13 UTC 2019 /home/travis/build/icyphy/ptII/ptolemy/domains/continuous/test/auto/EfficiencyCurve.xml
----------------- Instantiating /home/travis/build/icyphy/ptII/ptolemy/domains/continuous/test/auto/EfficiencyCurve.xml
46 ms. Memory: 316416K Free: 277745K (88%)
----------------- Invoking toplevel() on ptolemy.moml.MoMLSimpleApplication@7a3795e7
----------------- Done invoking toplevel() on ptolemy.moml.MoMLSimpleApplication@7a3795e7
reloadAllAccessors: .EfficiencyCurve

===========================================================================================
----------------- testing Tue Jul 16 04:50:13 UTC 2019 /home/travis/build/icyphy/ptII/ptolemy/domains/continuous/test/auto/ExponentialResponse.xml
----------------- Instantiating /home/travis/build/icyphy/ptII/ptolemy/domains/continuous/test/auto/ExponentialResponse.xml
111 ms. Memory: 316416K Free: 261875K (83%)
----------------- Invoking toplevel() on ptolemy.moml.MoMLSimpleApplication@6f608b2c
----------------- Done invoking toplevel() on ptolemy.moml.MoMLSimpleApplication@6f608b2c
reloadAllAccessors: .ExponentialResponse

===========================================================================================
----------------- testing Tue Jul 16 04:50:14 UTC 2019 /home/travis/build/icyphy/ptII/ptolemy/domains/continuous/test/auto/ExponentialResponseRK45.xml
----------------- Instantiating /home/travis/build/icyphy/ptII/ptolemy/domains/continuous/test/auto/ExponentialResponseRK45.xml
27 ms. Memory: 316416K Free: 255217K (81%)
----------------- Invoking toplevel() on ptolemy.moml.MoMLSimpleApplication@7c5f8ec4
----------------- Done invoking toplevel() on ptolemy.moml.MoMLSimpleApplication@7c5f8ec4
reloadAllAccessors: .ExponentialResponseRK45

===========================================================================================
----------------- testing Tue Jul 16 04:50:14 UTC 2019 /home/travis/build/icyphy/ptII/ptolemy/domains/continuous/test/auto/Friction.xml
----------------- Instantiating /home/travis/build/icyphy/ptII/ptolemy/domains/continuous/test/auto/Friction.xml
1487 ms. Memory: 316416K Free: 205144K (65%)
----------------- Invoking toplevel() on ptolemy.moml.MoMLSimpleApplication@7f19c7b7
----------------- Done invoking toplevel() on ptolemy.moml.MoMLSimpleApplication@7f19c7b7
reloadAllAccessors: .Friction

===========================================================================================
----------------- testing Tue Jul 16 04:50:15 UTC 2019 /home/travis/build/icyphy/ptII/ptolemy/domains/continuous/test/auto/FurutaPendulum.xml
----------------- Instantiating /home/travis/build/icyphy/ptII/ptolemy/domains/continuous/test/auto/FurutaPendulum.xml
3378 ms. Memory: 316416K Free: 266554K (84%)
----------------- Invoking toplevel() on ptolemy.moml.MoMLSimpleApplication@31ddb101
----------------- Done invoking toplevel() on ptolemy.moml.MoMLSimpleApplication@31ddb101
reloadAllAccessors: .FurutaPendulum

===========================================================================================
----------------- testing Tue Jul 16 04:50:19 UTC 2019 /home/travis/build/icyphy/ptII/ptolemy/domains/continuous/test/auto/HierarchicalExecution.xml
----------------- Instantiating /home/travis/build/icyphy/ptII/ptolemy/domains/continuous/test/auto/HierarchicalExecution.xml
2162 ms. Memory: 316416K Free: 179173K (57%)
----------------- Invoking toplevel() on ptolemy.moml.MoMLSimpleApplication@545d7056
----------------- Done invoking toplevel() on ptolemy.moml.MoMLSimpleApplication@545d7056
reloadAllAccessors: .HierarchicalExecution

===========================================================================================
----------------- testing Tue Jul 16 04:50:21 UTC 2019 /home/travis/build/icyphy/ptII/ptolemy/domains/continuous/test/auto/HybridPlant.xml
----------------- Instantiating /home/travis/build/icyphy/ptII/ptolemy/domains/continuous/test/auto/HybridPlant.xml
492 ms. Memory: 316416K Free: 290734K (92%)
----------------- Invoking toplevel() on ptolemy.moml.MoMLSimpleApplication@1c0e53d
----------------- Done invoking toplevel() on ptolemy.moml.MoMLSimpleApplication@1c0e53d
reloadAllAccessors: .HybridPlant

===========================================================================================
----------------- testing Tue Jul 16 04:50:22 UTC 2019 /home/travis/build/icyphy/ptII/ptolemy/domains/continuous/test/auto/Hysteresis.xml
----------------- Instantiating /home/travis/build/icyphy/ptII/ptolemy/domains/continuous/test/auto/Hysteresis.xml
138 ms. Memory: 316416K Free: 228270K (72%)
----------------- Invoking toplevel() on ptolemy.moml.MoMLSimpleApplication@681d557
----------------- Done invoking toplevel() on ptolemy.moml.MoMLSimpleApplication@681d557
reloadAllAccessors: .Hysteresis

===========================================================================================
----------------- testing Tue Jul 16 04:50:22 UTC 2019 /home/travis/build/icyphy/ptII/ptolemy/domains/continuous/test/auto/HysteresisWithRandomDelay.xml
----------------- Instantiating /home/travis/build/icyphy/ptII/ptolemy/domains/continuous/test/auto/HysteresisWithRandomDelay.xml
185 ms. Memory: 316416K Free: 157094K (50%)
----------------- Invoking toplevel() on ptolemy.moml.MoMLSimpleApplication@642fc83f
----------------- Done invoking toplevel() on ptolemy.moml.MoMLSimpleApplication@642fc83f
reloadAllAccessors: .HysteresisWithRandomDelay

===========================================================================================
----------------- testing Tue Jul 16 04:50:22 UTC 2019 /home/travis/build/icyphy/ptII/ptolemy/domains/continuous/test/auto/HysteresisWithRandomLosses.xml
----------------- Instantiating /home/travis/build/icyphy/ptII/ptolemy/domains/continuous/test/auto/HysteresisWithRandomLosses.xml
2395 ms. Memory: 379904K Free: 231713K (61%)
----------------- Invoking toplevel() on ptolemy.moml.MoMLSimpleApplication@1d4f1077
----------------- Done invoking toplevel() on ptolemy.moml.MoMLSimpleApplication@1d4f1077
reloadAllAccessors: .HysteresisWithRandomLosses

===========================================================================================
----------------- testing Tue Jul 16 04:50:25 UTC 2019 /home/travis/build/icyphy/ptII/ptolemy/domains/continuous/test/auto/ImmediateTransitions.xml
----------------- Instantiating /home/travis/build/icyphy/ptII/ptolemy/domains/continuous/test/auto/ImmediateTransitions.xml
11 ms. Memory: 379904K Free: 220977K (58%)
----------------- Invoking toplevel() on ptolemy.moml.MoMLSimpleApplication@4bcdfa3f
----------------- Done invoking toplevel() on ptolemy.moml.MoMLSimpleApplication@4bcdfa3f
reloadAllAccessors: .ImmediateTransitions

===========================================================================================
----------------- testing Tue Jul 16 04:50:25 UTC 2019 /home/travis/build/icyphy/ptII/ptolemy/domains/continuous/test/auto/ImpulseFeedback.xml
----------------- Instantiating /home/travis/build/icyphy/ptII/ptolemy/domains/continuous/test/auto/ImpulseFeedback.xml
7 ms. Memory: 379904K Free: 215343K (57%)
----------------- Invoking toplevel() on ptolemy.moml.MoMLSimpleApplication@59a54983
----------------- Done invoking toplevel() on ptolemy.moml.MoMLSimpleApplication@59a54983
reloadAllAccessors: .ImpulseFeedback

===========================================================================================
----------------- testing Tue Jul 16 04:50:25 UTC 2019 /home/travis/build/icyphy/ptII/ptolemy/domains/continuous/test/auto/ImpulseFeedback2.xml
----------------- Instantiating /home/travis/build/icyphy/ptII/ptolemy/domains/continuous/test/auto/ImpulseFeedback2.xml
6 ms. Memory: 379904K Free: 209713K (55%)
----------------- Invoking toplevel() on ptolemy.moml.MoMLSimpleApplication@66747886
----------------- Done invoking toplevel() on ptolemy.moml.MoMLSimpleApplication@66747886
reloadAllAccessors: .ImpulseFeedback2

===========================================================================================
----------------- testing Tue Jul 16 04:50:25 UTC 2019 /home/travis/build/icyphy/ptII/ptolemy/domains/continuous/test/auto/IncreasingRatePoisson.xml
----------------- Instantiating /home/travis/build/icyphy/ptII/ptolemy/domains/continuous/test/auto/IncreasingRatePoisson.xml
728 ms. Memory: 379904K Free: 356869K (94%)
----------------- Invoking toplevel() on ptolemy.moml.MoMLSimpleApplication@bca919b
----------------- Done invoking toplevel() on ptolemy.moml.MoMLSimpleApplication@bca919b
reloadAllAccessors: .IncreasingRatePoisson

===========================================================================================
----------------- testing Tue Jul 16 04:50:25 UTC 2019 /home/travis/build/icyphy/ptII/ptolemy/domains/continuous/test/auto/InitialStateFeedback.xml
----------------- Instantiating /home/travis/build/icyphy/ptII/ptolemy/domains/continuous/test/auto/InitialStateFeedback.xml
6 ms. Memory: 379904K Free: 352259K (93%)
----------------- Invoking toplevel() on ptolemy.moml.MoMLSimpleApplication@ff1c1e3
----------------- Done invoking toplevel() on ptolemy.moml.MoMLSimpleApplication@ff1c1e3
reloadAllAccessors: .InitialStateFeedback

===========================================================================================
----------------- testing Tue Jul 16 04:50:26 UTC 2019 /home/travis/build/icyphy/ptII/ptolemy/domains/continuous/test/auto/Integration.xml
----------------- Instantiating /home/travis/build/icyphy/ptII/ptolemy/domains/continuous/test/auto/Integration.xml
1 ms. Memory: 379904K Free: 348163K (92%)
----------------- Invoking toplevel() on ptolemy.moml.MoMLSimpleApplication@397f43e5
----------------- Done invoking toplevel() on ptolemy.moml.MoMLSimpleApplication@397f43e5
reloadAllAccessors: .Integration

===========================================================================================
----------------- testing Tue Jul 16 04:50:26 UTC 2019 /home/travis/build/icyphy/ptII/ptolemy/domains/continuous/test/auto/Integration2.xml
----------------- Instantiating /home/travis/build/icyphy/ptII/ptolemy/domains/continuous/test/auto/Integration2.xml
84 ms. Memory: 379904K Free: 334341K (88%)
----------------- Invoking toplevel() on ptolemy.moml.MoMLSimpleApplication@eb4b753
----------------- Done invoking toplevel() on ptolemy.moml.MoMLSimpleApplication@eb4b753
reloadAllAccessors: .Integration2

===========================================================================================
----------------- testing Tue Jul 16 04:50:26 UTC 2019 /home/travis/build/icyphy/ptII/ptolemy/domains/continuous/test/auto/Integration3.xml
----------------- Instantiating /home/travis/build/icyphy/ptII/ptolemy/domains/continuous/test/auto/Integration3.xml
2 ms. Memory: 379904K Free: 329731K (87%)
----------------- Invoking toplevel() on ptolemy.moml.MoMLSimpleApplication@7cff62fd
----------------- Done invoking toplevel() on ptolemy.moml.MoMLSimpleApplication@7cff62fd
reloadAllAccessors: .Integration3

===========================================================================================
----------------- testing Tue Jul 16 04:50:26 UTC 2019 /home/travis/build/icyphy/ptII/ptolemy/domains/continuous/test/auto/Integration5.xml
----------------- Instantiating /home/travis/build/icyphy/ptII/ptolemy/domains/continuous/test/auto/Integration5.xml
3 ms. Memory: 379904K Free: 325635K (86%)
----------------- Invoking toplevel() on ptolemy.moml.MoMLSimpleApplication@198bfce4
----------------- Done invoking toplevel() on ptolemy.moml.MoMLSimpleApplication@198bfce4
reloadAllAccessors: .Integration5

===========================================================================================
----------------- testing Tue Jul 16 04:50:26 UTC 2019 /home/travis/build/icyphy/ptII/ptolemy/domains/continuous/test/auto/IntegratorImpulse.xml
----------------- Instantiating /home/travis/build/icyphy/ptII/ptolemy/domains/continuous/test/auto/IntegratorImpulse.xml
2 ms. Memory: 379904K Free: 321525K (85%)
----------------- Invoking toplevel() on ptolemy.moml.MoMLSimpleApplication@61cd2336
----------------- Done invoking toplevel() on ptolemy.moml.MoMLSimpleApplication@61cd2336
reloadAllAccessors: .IntegratorImpulse

===========================================================================================
----------------- testing Tue Jul 16 04:50:26 UTC 2019 /home/travis/build/icyphy/ptII/ptolemy/domains/continuous/test/auto/IntegratorImpulse2.xml
----------------- Instantiating /home/travis/build/icyphy/ptII/ptolemy/domains/continuous/test/auto/IntegratorImpulse2.xml
3 ms. Memory: 379904K Free: 316933K (83%)
----------------- Invoking toplevel() on ptolemy.moml.MoMLSimpleApplication@725779fb
----------------- Done invoking toplevel() on ptolemy.moml.MoMLSimpleApplication@725779fb
reloadAllAccessors: .IntegratorImpulse2

===========================================================================================
----------------- testing Tue Jul 16 04:50:26 UTC 2019 /home/travis/build/icyphy/ptII/ptolemy/domains/continuous/test/auto/LevelCrossing1.xml
----------------- Instantiating /home/travis/build/icyphy/ptII/ptolemy/domains/continuous/test/auto/LevelCrossing1.xml
3 ms. Memory: 379904K Free: 311813K (82%)
----------------- Invoking toplevel() on ptolemy.moml.MoMLSimpleApplication@22233a4f
----------------- Done invoking toplevel() on ptolemy.moml.MoMLSimpleApplication@22233a4f
reloadAllAccessors: .LevelCrossing1

===========================================================================================
----------------- testing Tue Jul 16 04:50:26 UTC 2019 /home/travis/build/icyphy/ptII/ptolemy/domains/continuous/test/auto/LevelCrossing2.xml
----------------- Instantiating /home/travis/build/icyphy/ptII/ptolemy/domains/continuous/test/auto/LevelCrossing2.xml
9 ms. Memory: 379904K Free: 306693K (81%)
----------------- Invoking toplevel() on ptolemy.moml.MoMLSimpleApplication@13bc5532
----------------- Done invoking toplevel() on ptolemy.moml.MoMLSimpleApplication@13bc5532
reloadAllAccessors: .LevelCrossing2

===========================================================================================
----------------- testing Tue Jul 16 04:50:26 UTC 2019 /home/travis/build/icyphy/ptII/ptolemy/domains/continuous/test/auto/LevelCrossing3.xml
----------------- Instantiating /home/travis/build/icyphy/ptII/ptolemy/domains/continuous/test/auto/LevelCrossing3.xml
2 ms. Memory: 379904K Free: 301573K (79%)
----------------- Invoking toplevel() on ptolemy.moml.MoMLSimpleApplication@6de4c8d5
----------------- Done invoking toplevel() on ptolemy.moml.MoMLSimpleApplication@6de4c8d5
reloadAllAccessors: .LevelCrossing3

===========================================================================================
----------------- testing Tue Jul 16 04:50:26 UTC 2019 /home/travis/build/icyphy/ptII/ptolemy/domains/continuous/test/auto/LevelCrossing4.xml
----------------- Instantiating /home/travis/build/icyphy/ptII/ptolemy/domains/continuous/test/auto/LevelCrossing4.xml
4 ms. Memory: 379904K Free: 296453K (78%)
----------------- Invoking toplevel() on ptolemy.moml.MoMLSimpleApplication@3172a2d4
----------------- Done invoking toplevel() on ptolemy.moml.MoMLSimpleApplication@3172a2d4
reloadAllAccessors: .LevelCrossing4

===========================================================================================
----------------- testing Tue Jul 16 04:50:26 UTC 2019 /home/travis/build/icyphy/ptII/ptolemy/domains/continuous/test/auto/LevelCrossing5.xml
----------------- Instantiating /home/travis/build/icyphy/ptII/ptolemy/domains/continuous/test/auto/LevelCrossing5.xml
3 ms. Memory: 379904K Free: 291333K (77%)
----------------- Invoking toplevel() on ptolemy.moml.MoMLSimpleApplication@1e3ffa97
----------------- Done invoking toplevel() on ptolemy.moml.MoMLSimpleApplication@1e3ffa97
reloadAllAccessors: .LevelCrossing5

===========================================================================================
[...]
----------------- testing Tue Jul 16 04:50:44 UTC 2019 /home/travis/build/icyphy/ptII/ptolemy/domains/continuous/test/auto/SRinContinuous.xml
----------------- Instantiating /home/travis/build/icyphy/ptII/ptolemy/domains/continuous/test/auto/SRinContinuous.xml
10 ms. Memory: 379904K Free: 174761K (46%)
----------------- Invoking toplevel() on ptolemy.moml.MoMLSimpleApplication@10b264b6
----------------- Done invoking toplevel() on ptolemy.moml.MoMLSimpleApplication@10b264b6
reloadAllAccessors: .SRinContinuous

===========================================================================================
----------------- testing Tue Jul 16 04:50:44 UTC 2019 /home/travis/build/icyphy/ptII/ptolemy/domains/continuous/test/auto/SampledClocks.xml
----------------- Instantiating /home/travis/build/icyphy/ptII/ptolemy/domains/continuous/test/auto/SampledClocks.xml
7 ms. Memory: 379904K Free: 161959K (43%)
----------------- Invoking toplevel() on ptolemy.moml.MoMLSimpleApplication@73106175
----------------- Done invoking toplevel() on ptolemy.moml.MoMLSimpleApplication@73106175
reloadAllAccessors: .SampledClocks

===========================================================================================
----------------- testing Tue Jul 16 04:50:44 UTC 2019 /home/travis/build/icyphy/ptII/ptolemy/domains/continuous/test/auto/Satellite.xml
----------------- Instantiating /home/travis/build/icyphy/ptII/ptolemy/domains/continuous/test/auto/Satellite.xml
856 ms. Memory: 379904K Free: 193498K (51%)
----------------- Invoking toplevel() on ptolemy.moml.MoMLSimpleApplication@1263f9f1
----------------- Done invoking toplevel() on ptolemy.moml.MoMLSimpleApplication@1263f9f1
reloadAllAccessors: .Satellite

===========================================================================================
----------------- testing Tue Jul 16 04:50:45 UTC 2019 /home/travis/build/icyphy/ptII/ptolemy/domains/continuous/test/auto/SigmaDelta.xml
----------------- Instantiating /home/travis/build/icyphy/ptII/ptolemy/domains/continuous/test/auto/SigmaDelta.xml
2365 ms. Memory: 379904K Free: 155402K (41%)
----------------- Invoking toplevel() on ptolemy.moml.MoMLSimpleApplication@1e5d55ad
----------------- Done invoking toplevel() on ptolemy.moml.MoMLSimpleApplication@1e5d55ad
reloadAllAccessors: .SigmaDelta

===========================================================================================
----------------- testing Tue Jul 16 04:50:48 UTC 2019 /home/travis/build/icyphy/ptII/ptolemy/domains/continuous/test/auto/SingleRefinement.xml
----------------- Instantiating /home/travis/build/icyphy/ptII/ptolemy/domains/continuous/test/auto/SingleRefinement.xml
313 ms. Memory: 379904K Free: 198608K (52%)
----------------- Invoking toplevel() on ptolemy.moml.MoMLSimpleApplication@6334d943
----------------- Done invoking toplevel() on ptolemy.moml.MoMLSimpleApplication@6334d943
reloadAllAccessors: .SingleRefinement

===========================================================================================
----------------- testing Tue Jul 16 04:50:48 UTC 2019 /home/travis/build/icyphy/ptII/ptolemy/domains/continuous/test/auto/SinuBouncingBall.xml
----------------- Instantiating /home/travis/build/icyphy/ptII/ptolemy/domains/continuous/test/auto/SinuBouncingBall.xml
792 ms. Memory: 379904K Free: 212311K (56%)
----------------- Invoking toplevel() on ptolemy.moml.MoMLSimpleApplication@6fcf4ec7
----------------- Done invoking toplevel() on ptolemy.moml.MoMLSimpleApplication@6fcf4ec7
reloadAllAccessors: .SinuBouncingBall

===========================================================================================
----------------- testing Tue Jul 16 04:50:49 UTC 2019 /home/travis/build/icyphy/ptII/ptolemy/domains/continuous/test/auto/Sinusoid.xml
----------------- Instantiating /home/travis/build/icyphy/ptII/ptolemy/domains/continuous/test/auto/Sinusoid.xml
8 ms. Memory: 379904K Free: 207705K (55%)
----------------- Invoking toplevel() on ptolemy.moml.MoMLSimpleApplication@2406fbec
----------------- Done invoking toplevel() on ptolemy.moml.MoMLSimpleApplication@2406fbec
reloadAllAccessors: .Sinusoid

===========================================================================================
----------------- testing Tue Jul 16 04:50:49 UTC 2019 /home/travis/build/icyphy/ptII/ptolemy/domains/continuous/test/auto/SinusoidInNoise.xml
----------------- Instantiating /home/travis/build/icyphy/ptII/ptolemy/domains/continuous/test/auto/SinusoidInNoise.xml
1030 ms. Memory: 379904K Free: 291648K (77%)
----------------- Invoking toplevel() on ptolemy.moml.MoMLSimpleApplication@1592ea33
----------------- Done invoking toplevel() on ptolemy.moml.MoMLSimpleApplication@1592ea33
reloadAllAccessors: .SinusoidInNoise

===========================================================================================
----------------- testing Tue Jul 16 04:50:50 UTC 2019 /home/travis/build/icyphy/ptII/ptolemy/domains/continuous/test/auto/SinusoidRK45.xml
----------------- Instantiating /home/travis/build/icyphy/ptII/ptolemy/domains/continuous/test/auto/SinusoidRK45.xml
2 ms. Memory: 379904K Free: 287042K (76%)
----------------- Invoking toplevel() on ptolemy.moml.MoMLSimpleApplication@1dab8e4
----------------- Done invoking toplevel() on ptolemy.moml.MoMLSimpleApplication@1dab8e4
reloadAllAccessors: .SinusoidRK45

===========================================================================================
----------------- testing Tue Jul 16 04:50:50 UTC 2019 /home/travis/build/icyphy/ptII/ptolemy/domains/continuous/test/auto/SinusoidWithMultipleImpulses.xml
----------------- Instantiating /home/travis/build/icyphy/ptII/ptolemy/domains/continuous/test/auto/SinusoidWithMultipleImpulses.xml
3 ms. Memory: 379904K Free: 282432K (74%)
----------------- Invoking toplevel() on ptolemy.moml.MoMLSimpleApplication@688ecf4d
----------------- Done invoking toplevel() on ptolemy.moml.MoMLSimpleApplication@688ecf4d
reloadAllAccessors: .SinusoidWithMultipleImpulses

===========================================================================================
----------------- testing Tue Jul 16 04:50:50 UTC 2019 /home/travis/build/icyphy/ptII/ptolemy/domains/continuous/test/auto/SquareWave.xml
----------------- Instantiating /home/travis/build/icyphy/ptII/ptolemy/domains/continuous/test/auto/SquareWave.xml
172 ms. Memory: 379904K Free: 254784K (67%)
----------------- Invoking toplevel() on ptolemy.moml.MoMLSimpleApplication@4e15e16f
----------------- Done invoking toplevel() on ptolemy.moml.MoMLSimpleApplication@4e15e16f
reloadAllAccessors: .SquareWave

===========================================================================================
----------------- testing Tue Jul 16 04:50:50 UTC 2019 /home/travis/build/icyphy/ptII/ptolemy/domains/continuous/test/auto/Starmac.xml
----------------- Instantiating /home/travis/build/icyphy/ptII/ptolemy/domains/continuous/test/auto/Starmac.xml
3065 ms. Memory: 379904K Free: 165014K (43%)
----------------- Invoking toplevel() on ptolemy.moml.MoMLSimpleApplication@391ca0f3
----------------- Done invoking toplevel() on ptolemy.moml.MoMLSimpleApplication@391ca0f3
reloadAllAccessors: .Starmac

===========================================================================================
----------------- testing Tue Jul 16 04:50:54 UTC 2019 /home/travis/build/icyphy/ptII/ptolemy/domains/continuous/test/auto/StaticUnits.xml
----------------- Instantiating /home/travis/build/icyphy/ptII/ptolemy/domains/continuous/test/auto/StaticUnits.xml
2110 ms. Memory: 379904K Free: 148431K (39%)
----------------- Invoking toplevel() on ptolemy.moml.MoMLSimpleApplication@5a5dcaff
----------------- Done invoking toplevel() on ptolemy.moml.MoMLSimpleApplication@5a5dcaff
reloadAllAccessors: .StaticUnits

===========================================================================================
----------------- testing Tue Jul 16 04:50:56 UTC 2019 /home/travis/build/icyphy/ptII/ptolemy/domains/continuous/test/auto/StickyMasses.xml
----------------- Instantiating /home/travis/build/icyphy/ptII/ptolemy/domains/continuous/test/auto/StickyMasses.xml
133 ms. Memory: 379904K Free: 320440K (84%)
----------------- Invoking toplevel() on ptolemy.moml.MoMLSimpleApplication@c0f49ac
----------------- Done invoking toplevel() on ptolemy.moml.MoMLSimpleApplication@c0f49ac
reloadAllAccessors: .StickyMasses

===========================================================================================
----------------- testing Tue Jul 16 04:50:56 UTC 2019 /home/travis/build/icyphy/ptII/ptolemy/domains/continuous/test/auto/StopTime.xml
----------------- Instantiating /home/travis/build/icyphy/ptII/ptolemy/domains/continuous/test/auto/StopTime.xml
45 ms. Memory: 379904K Free: 295864K (78%)
----------------- Invoking toplevel() on ptolemy.moml.MoMLSimpleApplication@262e88c3
----------------- Done invoking toplevel() on ptolemy.moml.MoMLSimpleApplication@262e88c3
reloadAllAccessors: .StopTime

===========================================================================================
----------------- testing Tue Jul 16 04:50:57 UTC 2019 /home/travis/build/icyphy/ptII/ptolemy/domains/continuous/test/auto/StopTime2.xml
----------------- Instantiating /home/travis/build/icyphy/ptII/ptolemy/domains/continuous/test/auto/StopTime2.xml
36 ms. Memory: 379904K Free: 273320K (72%)
----------------- Invoking toplevel() on ptolemy.moml.MoMLSimpleApplication@40662c5e
----------------- Done invoking toplevel() on ptolemy.moml.MoMLSimpleApplication@40662c5e
reloadAllAccessors: .StopTime2

===========================================================================================
----------------- testing Tue Jul 16 04:50:57 UTC 2019 /home/travis/build/icyphy/ptII/ptolemy/domains/continuous/test/auto/Switch.xml
----------------- Instantiating /home/travis/build/icyphy/ptII/ptolemy/domains/continuous/test/auto/Switch.xml
43 ms. Memory: 379904K Free: 248265K (65%)
----------------- Invoking toplevel() on ptolemy.moml.MoMLSimpleApplication@19c4d748
----------------- Done invoking toplevel() on ptolemy.moml.MoMLSimpleApplication@19c4d748
reloadAllAccessors: .Switch

===========================================================================================
----------------- testing Tue Jul 16 04:50:57 UTC 2019 /home/travis/build/icyphy/ptII/ptolemy/domains/continuous/test/auto/Thermostat.xml
----------------- Instantiating /home/travis/build/icyphy/ptII/ptolemy/domains/continuous/test/auto/Thermostat.xml
187 ms. Memory: 379904K Free: 176056K (46%)
----------------- Invoking toplevel() on ptolemy.moml.MoMLSimpleApplication@5eaaa137
----------------- Done invoking toplevel() on ptolemy.moml.MoMLSimpleApplication@5eaaa137
reloadAllAccessors: .Thermostat

===========================================================================================
----------------- testing Tue Jul 16 04:50:57 UTC 2019 /home/travis/build/icyphy/ptII/ptolemy/domains/continuous/test/auto/TimeDelay.xml
----------------- Instantiating /home/travis/build/icyphy/ptII/ptolemy/domains/continuous/test/auto/TimeDelay.xml
5 ms. Memory: 379904K Free: 171465K (45%)
----------------- Invoking toplevel() on ptolemy.moml.MoMLSimpleApplication@7db826fb
----------------- Done invoking toplevel() on ptolemy.moml.MoMLSimpleApplication@7db826fb
reloadAllAccessors: .TimeDelay

===========================================================================================
----------------- testing Tue Jul 16 04:50:57 UTC 2019 /home/travis/build/icyphy/ptII/ptolemy/domains/continuous/test/auto/TimeDelay2.xml
----------------- Instantiating /home/travis/build/icyphy/ptII/ptolemy/domains/continuous/test/auto/TimeDelay2.xml
7 ms. Memory: 379904K Free: 161735K (43%)
----------------- Invoking toplevel() on ptolemy.moml.MoMLSimpleApplication@743f2c6a
----------------- Done invoking toplevel() on ptolemy.moml.MoMLSimpleApplication@743f2c6a
reloadAllAccessors: .TimeDelay2

===========================================================================================
----------------- testing Tue Jul 16 04:50:57 UTC 2019 /home/travis/build/icyphy/ptII/ptolemy/domains/continuous/test/auto/TimeDelay3.xml
----------------- Instantiating /home/travis/build/icyphy/ptII/ptolemy/domains/continuous/test/auto/TimeDelay3.xml
4 ms. Memory: 379904K Free: 157129K (41%)
----------------- Invoking toplevel() on ptolemy.moml.MoMLSimpleApplication@45ed8a25
----------------- Done invoking toplevel() on ptolemy.moml.MoMLSimpleApplication@45ed8a25
reloadAllAccessors: .TimeDelay3

===========================================================================================
----------------- testing Tue Jul 16 04:50:57 UTC 2019 /home/travis/build/icyphy/ptII/ptolemy/domains/continuous/test/auto/TransferAbsentToInside.xml
----------------- Instantiating /home/travis/build/icyphy/ptII/ptolemy/domains/continuous/test/auto/TransferAbsentToInside.xml
34 ms. Memory: 456704K Free: 400822K (88%)
----------------- Invoking toplevel() on ptolemy.moml.MoMLSimpleApplication@4f036c9
----------------- Done invoking toplevel() on ptolemy.moml.MoMLSimpleApplication@4f036c9
reloadAllAccessors: .TransferAbsentToInside

===========================================================================================
----------------- testing Tue Jul 16 04:50:57 UTC 2019 /home/travis/build/icyphy/ptII/ptolemy/domains/continuous/test/auto/Transmission.xml
----------------- Instantiating /home/travis/build/icyphy/ptII/ptolemy/domains/continuous/test/auto/Transmission.xml
818 ms. Memory: 456704K Free: 168902K (37%)
----------------- Invoking toplevel() on ptolemy.moml.MoMLSimpleApplication@60a64e5c
----------------- Done invoking toplevel() on ptolemy.moml.MoMLSimpleApplication@60a64e5c
reloadAllAccessors: .Transmission

===========================================================================================
----------------- testing Tue Jul 16 04:50:58 UTC 2019 /home/travis/build/icyphy/ptII/ptolemy/domains/continuous/test/auto/TriggeredContinuousClock.xml
----------------- Instantiating /home/travis/build/icyphy/ptII/ptolemy/domains/continuous/test/auto/TriggeredContinuousClock.xml
35 ms. Memory: 456704K Free: 406369K (89%)
----------------- Invoking toplevel() on ptolemy.moml.MoMLSimpleApplication@1cc40d34
----------------- Done invoking toplevel() on ptolemy.moml.MoMLSimpleApplication@1cc40d34
reloadAllAccessors: .TriggeredContinuousClock

===========================================================================================
----------------- testing Tue Jul 16 04:50:58 UTC 2019 /home/travis/build/icyphy/ptII/ptolemy/domains/continuous/test/auto/TwoMachineInfiniteBusControl.xml
----------------- Instantiating /home/travis/build/icyphy/ptII/ptolemy/domains/continuous/test/auto/TwoMachineInfiniteBusControl.xml
3581 ms. Memory: 456704K Free: 339792K (74%)
----------------- Invoking toplevel() on ptolemy.moml.MoMLSimpleApplication@7403b1e0
----------------- Done invoking toplevel() on ptolemy.moml.MoMLSimpleApplication@7403b1e0
reloadAllAccessors: .TwoMachineInfiniteBusControl

===========================================================================================
----------------- testing Tue Jul 16 04:51:02 UTC 2019 /home/travis/build/icyphy/ptII/ptolemy/domains/continuous/test/auto/V2V.xml
----------------- Instantiating /home/travis/build/icyphy/ptII/ptolemy/domains/continuous/test/auto/V2V.xml
831 ms. Memory: 456704K Free: 418615K (92%)
----------------- Invoking toplevel() on ptolemy.moml.MoMLSimpleApplication@be9be1e
----------------- Done invoking toplevel() on ptolemy.moml.MoMLSimpleApplication@be9be1e
reloadAllAccessors: .V2V

===========================================================================================
----------------- testing Tue Jul 16 04:51:03 UTC 2019 /home/travis/build/icyphy/ptII/ptolemy/domains/continuous/test/auto/hierarchicalModalModel.xml
----------------- Instantiating /home/travis/build/icyphy/ptII/ptolemy/domains/continuous/test/auto/hierarchicalModalModel.xml
7 ms. Memory: 456704K Free: 404295K (89%)
----------------- Invoking toplevel() on ptolemy.moml.MoMLSimpleApplication@21bfefd4
----------------- Done invoking toplevel() on ptolemy.moml.MoMLSimpleApplication@21bfefd4
reloadAllAccessors: .hierarchicalModalModel

===========================================================================================
----------------- testing Tue Jul 16 04:51:03 UTC 2019 /home/travis/build/icyphy/ptII/ptolemy/domains/continuous/test/auto/hierarchicalModalModel1.xml
----------------- Instantiating /home/travis/build/icyphy/ptII/ptolemy/domains/continuous/test/auto/hierarchicalModalModel1.xml
8 ms. Memory: 456704K Free: 389974K (85%)
----------------- Invoking toplevel() on ptolemy.moml.MoMLSimpleApplication@60420948
----------------- Done invoking toplevel() on ptolemy.moml.MoMLSimpleApplication@60420948
reloadAllAccessors: .hierarchicalModalModel1

===========================================================================================
----------------- testing Tue Jul 16 04:51:03 UTC 2019 /home/travis/build/icyphy/ptII/ptolemy/domains/continuous/test/auto/hierarchicalModalModel2.xml
----------------- Instantiating /home/travis/build/icyphy/ptII/ptolemy/domains/continuous/test/auto/hierarchicalModalModel2.xml
6 ms. Memory: 456704K Free: 377671K (83%)
----------------- Invoking toplevel() on ptolemy.moml.MoMLSimpleApplication@72d7557c
----------------- Done invoking toplevel() on ptolemy.moml.MoMLSimpleApplication@72d7557c
reloadAllAccessors: .hierarchicalModalModel2

===========================================================================================
----------------- testing Tue Jul 16 04:51:03 UTC 2019 /home/travis/build/icyphy/ptII/ptolemy/domains/continuous/test/auto/hierarchicalModalModel3.xml
----------------- Instantiating /home/travis/build/icyphy/ptII/ptolemy/domains/continuous/test/auto/hierarchicalModalModel3.xml
5 ms. Memory: 456704K Free: 366936K (80%)
----------------- Invoking toplevel() on ptolemy.moml.MoMLSimpleApplication@714b6b23
----------------- Done invoking toplevel() on ptolemy.moml.MoMLSimpleApplication@714b6b23
reloadAllAccessors: .hierarchicalModalModel3

===========================================================================================
----------------- testing Tue Jul 16 04:51:03 UTC 2019 /home/travis/build/icyphy/ptII/ptolemy/domains/continuous/test/auto/hierarchicalModalModel4.xml
----------------- Instantiating /home/travis/build/icyphy/ptII/ptolemy/domains/continuous/test/auto/hierarchicalModalModel4.xml
6 ms. Memory: 456704K Free: 355158K (78%)
----------------- Invoking toplevel() on ptolemy.moml.MoMLSimpleApplication@7a1d02e1
----------------- Done invoking toplevel() on ptolemy.moml.MoMLSimpleApplication@7a1d02e1
reloadAllAccessors: .hierarchicalModalModel4

===========================================================================================
----------------- testing Tue Jul 16 04:51:03 UTC 2019 /home/travis/build/icyphy/ptII/ptolemy/domains/continuous/test/auto/junk.xml
----------------- Instantiating /home/travis/build/icyphy/ptII/ptolemy/domains/continuous/test/auto/junk.xml
153 ms. Memory: 456704K Free: 329048K (72%)
----------------- Invoking toplevel() on ptolemy.moml.MoMLSimpleApplication@405f381d
----------------- Done invoking toplevel() on ptolemy.moml.MoMLSimpleApplication@405f381d
reloadAllAccessors: .junk
AutoTests.java: About to close Vertx.
AutoTests.java: Vertx closed.
]]></system-out>
  <system-err><![CDATA[Warning: '.HysteresisWithRandomDelay.NonStrictTest3' The test produced only 28 tokens, yet the correctValues parameter was expecting 30 tokens.
Warning: '.IncreasingRatePoisson.NonStrictTest' The test produced only 396 tokens, yet the correctValues parameter was expecting 402 tokens.
Warning: '.Poisson.NonStrictTest' The test produced only 393 tokens, yet the correctValues parameter was expecting 430 tokens.
]]></system-err>
</testsuite>
