<?xml version="1.0" encoding="UTF-8" ?>
<testsuite errors="0" failures="0" hostname="travis-job-10fe9cb0-60e1-408e-a813-5f35515e74e0" name="ptolemy.domains.continuous.test.junit.JUnitTclTest" skipped="0" tests="156" time="70.654" timestamp="2018-12-13T02:59:07">
  <properties>
[...]
</properties>
  <testcase classname="ptolemy.util.test.junit.TclTests" name="[0] ThereAreNoTclTests (RunTclFile)" time="0.001" />
  <testcase classname="ptolemy.util.test.junit.AutoKnownFailedTests" name="[0] ThereAreNoKnowFailedTests (RunModel)" time="0.003" />
  <testcase classname="ptolemy.util.test.junit.AutoNameArchTests" name="[0] ThereAreNoAutoArchTests (RunModel)" time="0.001" />
  <testcase classname="ptolemy.util.test.junit.AutoTests" name="[0] /home/travis/build/icyphy/ptII/ptolemy/domains/continuous/test/auto/BouncingBall.xml (RunModel)" time="2.834" />
  <testcase classname="ptolemy.util.test.junit.AutoTests" name="[1] /home/travis/build/icyphy/ptII/ptolemy/domains/continuous/test/auto/BouncingBallWithoutGR.xml (RunModel)" time="0.744" />
  <testcase classname="ptolemy.util.test.junit.AutoTests" name="[2] /home/travis/build/icyphy/ptII/ptolemy/domains/continuous/test/auto/Brownian.xml (RunModel)" time="0.11" />
  <testcase classname="ptolemy.util.test.junit.AutoTests" name="[3] /home/travis/build/icyphy/ptII/ptolemy/domains/continuous/test/auto/CarTracking.xml (RunModel)" time="3.684" />
  <testcase classname="ptolemy.util.test.junit.AutoTests" name="[4] /home/travis/build/icyphy/ptII/ptolemy/domains/continuous/test/auto/CartPendulum.xml (RunModel)" time="0.551" />
  <testcase classname="ptolemy.util.test.junit.AutoTests" name="[5] /home/travis/build/icyphy/ptII/ptolemy/domains/continuous/test/auto/CausalityInterface10.xml (RunModel)" time="0.042" />
  <testcase classname="ptolemy.util.test.junit.AutoTests" name="[6] /home/travis/build/icyphy/ptII/ptolemy/domains/continuous/test/auto/CausalityInterface11.xml (RunModel)" time="0.03" />
  <testcase classname="ptolemy.util.test.junit.AutoTests" name="[7] /home/travis/build/icyphy/ptII/ptolemy/domains/continuous/test/auto/CausalityInterface12.xml (RunModel)" time="0.036" />
  <testcase classname="ptolemy.util.test.junit.AutoTests" name="[8] /home/travis/build/icyphy/ptII/ptolemy/domains/continuous/test/auto/CausalityInterface13.xml (RunModel)" time="0.041" />
  <testcase classname="ptolemy.util.test.junit.AutoTests" name="[9] /home/travis/build/icyphy/ptII/ptolemy/domains/continuous/test/auto/CausalityInterface14.xml (RunModel)" time="0.03" />
  <testcase classname="ptolemy.util.test.junit.AutoTests" name="[10] /home/travis/build/icyphy/ptII/ptolemy/domains/continuous/test/auto/CausalityInterface4.xml (RunModel)" time="0.042" />
  <testcase classname="ptolemy.util.test.junit.AutoTests" name="[11] /home/travis/build/icyphy/ptII/ptolemy/domains/continuous/test/auto/CausalityInterface5.xml (RunModel)" time="0.052" />
  <testcase classname="ptolemy.util.test.junit.AutoTests" name="[12] /home/travis/build/icyphy/ptII/ptolemy/domains/continuous/test/auto/CausalityInterface6.xml (RunModel)" time="0.032" />
  <testcase classname="ptolemy.util.test.junit.AutoTests" name="[13] /home/travis/build/icyphy/ptII/ptolemy/domains/continuous/test/auto/CausalityInterface7.xml (RunModel)" time="0.044" />
  <testcase classname="ptolemy.util.test.junit.AutoTests" name="[14] /home/travis/build/icyphy/ptII/ptolemy/domains/continuous/test/auto/CausalityInterface8.xml (RunModel)" time="0.046" />
  <testcase classname="ptolemy.util.test.junit.AutoTests" name="[15] /home/travis/build/icyphy/ptII/ptolemy/domains/continuous/test/auto/CausalityInterface9.xml (RunModel)" time="0.048" />
  <testcase classname="ptolemy.util.test.junit.AutoTests" name="[16] /home/travis/build/icyphy/ptII/ptolemy/domains/continuous/test/auto/CausalityInterfaceFeedback1.xml (RunModel)" time="0.032" />
  <testcase classname="ptolemy.util.test.junit.AutoTests" name="[17] /home/travis/build/icyphy/ptII/ptolemy/domains/continuous/test/auto/CausalityInterfaceFeedback2.xml (RunModel)" time="0.039" />
  <testcase classname="ptolemy.util.test.junit.AutoTests" name="[18] /home/travis/build/icyphy/ptII/ptolemy/domains/continuous/test/auto/CompareWithCurrentTime.xml (RunModel)" time="0.032" />
  <testcase classname="ptolemy.util.test.junit.AutoTests" name="[19] /home/travis/build/icyphy/ptII/ptolemy/domains/continuous/test/auto/ComparedClocks.xml (RunModel)" time="0.073" />
  <testcase classname="ptolemy.util.test.junit.AutoTests" name="[20] /home/travis/build/icyphy/ptII/ptolemy/domains/continuous/test/auto/ContinuousAOCClone.xml (RunModel)" time="2.658" />
  <testcase classname="ptolemy.util.test.junit.AutoTests" name="[21] /home/travis/build/icyphy/ptII/ptolemy/domains/continuous/test/auto/ContinuousClock.xml (RunModel)" time="0.105" />
  <testcase classname="ptolemy.util.test.junit.AutoTests" name="[22] /home/travis/build/icyphy/ptII/ptolemy/domains/continuous/test/auto/ContinuousInContinuous.xml (RunModel)" time="0.081" />
  <testcase classname="ptolemy.util.test.junit.AutoTests" name="[23] /home/travis/build/icyphy/ptII/ptolemy/domains/continuous/test/auto/ContinuousInContinuousInContinuous.xml (RunModel)" time="0.031" />
  <testcase classname="ptolemy.util.test.junit.AutoTests" name="[24] /home/travis/build/icyphy/ptII/ptolemy/domains/continuous/test/auto/ContinuousInDE.xml (RunModel)" time="0.132" />
  <testcase classname="ptolemy.util.test.junit.AutoTests" name="[25] /home/travis/build/icyphy/ptII/ptolemy/domains/continuous/test/auto/ContinuousInDE2.xml (RunModel)" time="0.049" />
  <testcase classname="ptolemy.util.test.junit.AutoTests" name="[26] /home/travis/build/icyphy/ptII/ptolemy/domains/continuous/test/auto/ContinuousInDE3.xml (RunModel)" time="0.063" />
  <testcase classname="ptolemy.util.test.junit.AutoTests" name="[27] /home/travis/build/icyphy/ptII/ptolemy/domains/continuous/test/auto/ContinuousInDE4.xml (RunModel)" time="0.039" />
  <testcase classname="ptolemy.util.test.junit.AutoTests" name="[28] /home/travis/build/icyphy/ptII/ptolemy/domains/continuous/test/auto/ContinuousInDEDifferentRefinements.xml (RunModel)" time="0.108" />
  <testcase classname="ptolemy.util.test.junit.AutoTests" name="[29] /home/travis/build/icyphy/ptII/ptolemy/domains/continuous/test/auto/ContinuousInDEDifferentRefinementsPreemptive.xml (RunModel)" time="0.103" />
  <testcase classname="ptolemy.util.test.junit.AutoTests" name="[30] /home/travis/build/icyphy/ptII/ptolemy/domains/continuous/test/auto/ContinuousInDEInContinuous2.xml (RunModel)" time="0.061" />
  <testcase classname="ptolemy.util.test.junit.AutoTests" name="[31] /home/travis/build/icyphy/ptII/ptolemy/domains/continuous/test/auto/ContinuousInDEInContinuous3.xml (RunModel)" time="0.055" />
  <testcase classname="ptolemy.util.test.junit.AutoTests" name="[32] /home/travis/build/icyphy/ptII/ptolemy/domains/continuous/test/auto/ContinuousInDEInput.xml (RunModel)" time="0.038" />
  <testcase classname="ptolemy.util.test.junit.AutoTests" name="[33] /home/travis/build/icyphy/ptII/ptolemy/domains/continuous/test/auto/ContinuousInDEInput2.xml (RunModel)" time="0.041" />
  <testcase classname="ptolemy.util.test.junit.AutoTests" name="[34] /home/travis/build/icyphy/ptII/ptolemy/domains/continuous/test/auto/ContinuousInDEInput3.xml (RunModel)" time="0.031" />
  <testcase classname="ptolemy.util.test.junit.AutoTests" name="[35] /home/travis/build/icyphy/ptII/ptolemy/domains/continuous/test/auto/ContinuousInDESharingRefinement.xml (RunModel)" time="0.152" />
  <testcase classname="ptolemy.util.test.junit.AutoTests" name="[36] /home/travis/build/icyphy/ptII/ptolemy/domains/continuous/test/auto/ContinuousInDEwithNoPorts.xml (RunModel)" time="0.017" />
  <testcase classname="ptolemy.util.test.junit.AutoTests" name="[37] /home/travis/build/icyphy/ptII/ptolemy/domains/continuous/test/auto/ContinuousInsideDE.xml (RunModel)" time="0.085" />
  <testcase classname="ptolemy.util.test.junit.AutoTests" name="[38] /home/travis/build/icyphy/ptII/ptolemy/domains/continuous/test/auto/ContinuousMerge1.xml (RunModel)" time="0.016" />
  <testcase classname="ptolemy.util.test.junit.AutoTests" name="[39] /home/travis/build/icyphy/ptII/ptolemy/domains/continuous/test/auto/ContinuousMerge2.xml (RunModel)" time="0.05" />
  <testcase classname="ptolemy.util.test.junit.AutoTests" name="[40] /home/travis/build/icyphy/ptII/ptolemy/domains/continuous/test/auto/ContinuousMerge3.xml (RunModel)" time="0.065" />
  <testcase classname="ptolemy.util.test.junit.AutoTests" name="[41] /home/travis/build/icyphy/ptII/ptolemy/domains/continuous/test/auto/ContinuousWithinContinuous.xml (RunModel)" time="0.065" />
  <testcase classname="ptolemy.util.test.junit.AutoTests" name="[42] /home/travis/build/icyphy/ptII/ptolemy/domains/continuous/test/auto/ContinuousWithinContinuous2.xml (RunModel)" time="0.081" />
  <testcase classname="ptolemy.util.test.junit.AutoTests" name="[43] /home/travis/build/icyphy/ptII/ptolemy/domains/continuous/test/auto/ContinuousWithinContinuous3.xml (RunModel)" time="0.037" />
  <testcase classname="ptolemy.util.test.junit.AutoTests" name="[44] /home/travis/build/icyphy/ptII/ptolemy/domains/continuous/test/auto/ContinuousWithinContinuous4.xml (RunModel)" time="0.079" />
  <testcase classname="ptolemy.util.test.junit.AutoTests" name="[45] /home/travis/build/icyphy/ptII/ptolemy/domains/continuous/test/auto/ContinuousWithinContinuous5.xml (RunModel)" time="0.028" />
  <testcase classname="ptolemy.util.test.junit.AutoTests" name="[46] /home/travis/build/icyphy/ptII/ptolemy/domains/continuous/test/auto/ContinuousWithinContinuous6.xml (RunModel)" time="0.027" />
  <testcase classname="ptolemy.util.test.junit.AutoTests" name="[47] /home/travis/build/icyphy/ptII/ptolemy/domains/continuous/test/auto/ContinuousWithinContinuous7.xml (RunModel)" time="0.075" />
  <testcase classname="ptolemy.util.test.junit.AutoTests" name="[48] /home/travis/build/icyphy/ptII/ptolemy/domains/continuous/test/auto/DCMotor.xml (RunModel)" time="12.19" />
  <testcase classname="ptolemy.util.test.junit.AutoTests" name="[49] /home/travis/build/icyphy/ptII/ptolemy/domains/continuous/test/auto/DEInContinuous.xml (RunModel)" time="0.031" />
  <testcase classname="ptolemy.util.test.junit.AutoTests" name="[50] /home/travis/build/icyphy/ptII/ptolemy/domains/continuous/test/auto/DEinContinuous2.xml (RunModel)" time="0.026" />
  <testcase classname="ptolemy.util.test.junit.AutoTests" name="[51] /home/travis/build/icyphy/ptII/ptolemy/domains/continuous/test/auto/Derivative.xml (RunModel)" time="0.214" />
  <testcase classname="ptolemy.util.test.junit.AutoTests" name="[52] /home/travis/build/icyphy/ptII/ptolemy/domains/continuous/test/auto/Derivative1.xml (RunModel)" time="0.051" />
  <testcase classname="ptolemy.util.test.junit.AutoTests" name="[53] /home/travis/build/icyphy/ptII/ptolemy/domains/continuous/test/auto/DiscreteClock.xml (RunModel)" time="0.014" />
  <testcase classname="ptolemy.util.test.junit.AutoTests" name="[54] /home/travis/build/icyphy/ptII/ptolemy/domains/continuous/test/auto/EfficiencyCurve.xml (RunModel)" time="0.123" />
  <testcase classname="ptolemy.util.test.junit.AutoTests" name="[55] /home/travis/build/icyphy/ptII/ptolemy/domains/continuous/test/auto/ExponentialResponse.xml (RunModel)" time="0.103" />
  <testcase classname="ptolemy.util.test.junit.AutoTests" name="[56] /home/travis/build/icyphy/ptII/ptolemy/domains/continuous/test/auto/ExponentialResponseRK45.xml (RunModel)" time="0.031" />
  <testcase classname="ptolemy.util.test.junit.AutoTests" name="[57] /home/travis/build/icyphy/ptII/ptolemy/domains/continuous/test/auto/Friction.xml (RunModel)" time="1.425" />
  <testcase classname="ptolemy.util.test.junit.AutoTests" name="[58] /home/travis/build/icyphy/ptII/ptolemy/domains/continuous/test/auto/FurutaPendulum.xml (RunModel)" time="3.386" />
  <testcase classname="ptolemy.util.test.junit.AutoTests" name="[59] /home/travis/build/icyphy/ptII/ptolemy/domains/continuous/test/auto/HierarchicalExecution.xml (RunModel)" time="2.065" />
  <testcase classname="ptolemy.util.test.junit.AutoTests" name="[60] /home/travis/build/icyphy/ptII/ptolemy/domains/continuous/test/auto/HybridPlant.xml (RunModel)" time="0.625" />
  <testcase classname="ptolemy.util.test.junit.AutoTests" name="[61] /home/travis/build/icyphy/ptII/ptolemy/domains/continuous/test/auto/Hysteresis.xml (RunModel)" time="0.162" />
  <testcase classname="ptolemy.util.test.junit.AutoTests" name="[62] /home/travis/build/icyphy/ptII/ptolemy/domains/continuous/test/auto/HysteresisWithRandomDelay.xml (RunModel)" time="0.203" />
  <testcase classname="ptolemy.util.test.junit.AutoTests" name="[63] /home/travis/build/icyphy/ptII/ptolemy/domains/continuous/test/auto/HysteresisWithRandomLosses.xml (RunModel)" time="2.117" />
  <testcase classname="ptolemy.util.test.junit.AutoTests" name="[64] /home/travis/build/icyphy/ptII/ptolemy/domains/continuous/test/auto/ImmediateTransitions.xml (RunModel)" time="0.026" />
  <testcase classname="ptolemy.util.test.junit.AutoTests" name="[65] /home/travis/build/icyphy/ptII/ptolemy/domains/continuous/test/auto/ImpulseFeedback.xml (RunModel)" time="0.023" />
  <testcase classname="ptolemy.util.test.junit.AutoTests" name="[66] /home/travis/build/icyphy/ptII/ptolemy/domains/continuous/test/auto/ImpulseFeedback2.xml (RunModel)" time="0.019" />
  <testcase classname="ptolemy.util.test.junit.AutoTests" name="[67] /home/travis/build/icyphy/ptII/ptolemy/domains/continuous/test/auto/IncreasingRatePoisson.xml (RunModel)" time="0.695" />
  <testcase classname="ptolemy.util.test.junit.AutoTests" name="[68] /home/travis/build/icyphy/ptII/ptolemy/domains/continuous/test/auto/InitialStateFeedback.xml (RunModel)" time="0.02" />
  <testcase classname="ptolemy.util.test.junit.AutoTests" name="[69] /home/travis/build/icyphy/ptII/ptolemy/domains/continuous/test/auto/Integration.xml (RunModel)" time="0.012" />
  <testcase classname="ptolemy.util.test.junit.AutoTests" name="[70] /home/travis/build/icyphy/ptII/ptolemy/domains/continuous/test/auto/Integration2.xml (RunModel)" time="0.083" />
  <testcase classname="ptolemy.util.test.junit.AutoTests" name="[71] /home/travis/build/icyphy/ptII/ptolemy/domains/continuous/test/auto/Integration3.xml (RunModel)" time="0.011" />
  <testcase classname="ptolemy.util.test.junit.AutoTests" name="[72] /home/travis/build/icyphy/ptII/ptolemy/domains/continuous/test/auto/Integration5.xml (RunModel)" time="0.029" />
  <testcase classname="ptolemy.util.test.junit.AutoTests" name="[73] /home/travis/build/icyphy/ptII/ptolemy/domains/continuous/test/auto/IntegratorImpulse.xml (RunModel)" time="0.011" />
  <testcase classname="ptolemy.util.test.junit.AutoTests" name="[74] /home/travis/build/icyphy/ptII/ptolemy/domains/continuous/test/auto/IntegratorImpulse2.xml (RunModel)" time="0.017" />
  <testcase classname="ptolemy.util.test.junit.AutoTests" name="[75] /home/travis/build/icyphy/ptII/ptolemy/domains/continuous/test/auto/LevelCrossing1.xml (RunModel)" time="0.011" />
  <testcase classname="ptolemy.util.test.junit.AutoTests" name="[76] /home/travis/build/icyphy/ptII/ptolemy/domains/continuous/test/auto/LevelCrossing2.xml (RunModel)" time="0.014" />
  <testcase classname="ptolemy.util.test.junit.AutoTests" name="[77] /home/travis/build/icyphy/ptII/ptolemy/domains/continuous/test/auto/LevelCrossing3.xml (RunModel)" time="0.015" />
  <testcase classname="ptolemy.util.test.junit.AutoTests" name="[78] /home/travis/build/icyphy/ptII/ptolemy/domains/continuous/test/auto/LevelCrossing4.xml (RunModel)" time="0.012" />
  <testcase classname="ptolemy.util.test.junit.AutoTests" name="[79] /home/travis/build/icyphy/ptII/ptolemy/domains/continuous/test/auto/LevelCrossing5.xml (RunModel)" time="0.011" />
  <testcase classname="ptolemy.util.test.junit.AutoTests" name="[80] /home/travis/build/icyphy/ptII/ptolemy/domains/continuous/test/auto/LevelCrossing6.xml (RunModel)" time="0.011" />
  <testcase classname="ptolemy.util.test.junit.AutoTests" name="[81] /home/travis/build/icyphy/ptII/ptolemy/domains/continuous/test/auto/LevelCrossingDetector.xml (RunModel)" time="0.032" />
  <testcase classname="ptolemy.util.test.junit.AutoTests" name="[82] /home/travis/build/icyphy/ptII/ptolemy/domains/continuous/test/auto/LevelCrossingDetectorDetectingDirections.xml (RunModel)" time="0.071" />
  <testcase classname="ptolemy.util.test.junit.AutoTests" name="[83] /home/travis/build/icyphy/ptII/ptolemy/domains/continuous/test/auto/LevelCrossingDetectorDetectsGlitches.xml (RunModel)" time="0.056" />
  <testcase classname="ptolemy.util.test.junit.AutoTests" name="[84] /home/travis/build/icyphy/ptII/ptolemy/domains/continuous/test/auto/LevelCrossingNoInitialOuput.xml (RunModel)" time="0.013" />
  <testcase classname="ptolemy.util.test.junit.AutoTests" name="[85] /home/travis/build/icyphy/ptII/ptolemy/domains/continuous/test/auto/LinearStateSpaceExample.xml (RunModel)" time="0.049" />
  <testcase classname="ptolemy.util.test.junit.AutoTests" name="[86] /home/travis/build/icyphy/ptII/ptolemy/domains/continuous/test/auto/Lorenz.xml (RunModel)" time="3.903" />
  <testcase classname="ptolemy.util.test.junit.AutoTests" name="[87] /home/travis/build/icyphy/ptII/ptolemy/domains/continuous/test/auto/LorenzDifferentialSystem.xml (RunModel)" time="1.194" />
  <testcase classname="ptolemy.util.test.junit.AutoTests" name="[88] /home/travis/build/icyphy/ptII/ptolemy/domains/continuous/test/auto/LorenzDifferentialSystemWithInput.xml (RunModel)" time="1.443" />
  <testcase classname="ptolemy.util.test.junit.AutoTests" name="[89] /home/travis/build/icyphy/ptII/ptolemy/domains/continuous/test/auto/LorenzDifferentialSystemWithTime.xml (RunModel)" time="0.709" />
  <testcase classname="ptolemy.util.test.junit.AutoTests" name="[90] /home/travis/build/icyphy/ptII/ptolemy/domains/continuous/test/auto/Microsteps.xml (RunModel)" time="0.016" />
  <testcase classname="ptolemy.util.test.junit.AutoTests" name="[91] /home/travis/build/icyphy/ptII/ptolemy/domains/continuous/test/auto/Modal1.xml (RunModel)" time="0.032" />
  <testcase classname="ptolemy.util.test.junit.AutoTests" name="[92] /home/travis/build/icyphy/ptII/ptolemy/domains/continuous/test/auto/Modal2.xml (RunModel)" time="0.04" />
  <testcase classname="ptolemy.util.test.junit.AutoTests" name="[93] /home/travis/build/icyphy/ptII/ptolemy/domains/continuous/test/auto/ModalTransitionGuardWithReset.xml (RunModel)" time="0.022" />
  <testcase classname="ptolemy.util.test.junit.AutoTests" name="[94] /home/travis/build/icyphy/ptII/ptolemy/domains/continuous/test/auto/ModalTransitionGuardWithResetUsingPreemptiveTransition.xml (RunModel)" time="0.023" />
  <testcase classname="ptolemy.util.test.junit.AutoTests" name="[95] /home/travis/build/icyphy/ptII/ptolemy/domains/continuous/test/auto/ModalTransitionGuardWithResetUsingPreemptiveTransition2.xml (RunModel)" time="0.038" />
  <testcase classname="ptolemy.util.test.junit.AutoTests" name="[96] /home/travis/build/icyphy/ptII/ptolemy/domains/continuous/test/auto/ModalTransitionGuardWithResetUsingPreemptiveTransition3.xml (RunModel)" time="0.03" />
  <testcase classname="ptolemy.util.test.junit.AutoTests" name="[97] /home/travis/build/icyphy/ptII/ptolemy/domains/continuous/test/auto/NewtonsCradle.xml (RunModel)" time="0.697" />
  <testcase classname="ptolemy.util.test.junit.AutoTests" name="[98] /home/travis/build/icyphy/ptII/ptolemy/domains/continuous/test/auto/NewtonsCradleAnimated.xml (RunModel)" time="1.193" />
  <testcase classname="ptolemy.util.test.junit.AutoTests" name="[99] /home/travis/build/icyphy/ptII/ptolemy/domains/continuous/test/auto/NewtonsCradleComplicated.xml (RunModel)" time="0.94" />
  <testcase classname="ptolemy.util.test.junit.AutoTests" name="[100] /home/travis/build/icyphy/ptII/ptolemy/domains/continuous/test/auto/NewtonsCradleNondeterministic.xml (RunModel)" time="0.652" />
  <testcase classname="ptolemy.util.test.junit.AutoTests" name="[101] /home/travis/build/icyphy/ptII/ptolemy/domains/continuous/test/auto/NewtonsCradlePerfectlyInelastic1.xml (RunModel)" time="1.143" />
  <testcase classname="ptolemy.util.test.junit.AutoTests" name="[102] /home/travis/build/icyphy/ptII/ptolemy/domains/continuous/test/auto/Noise.xml (RunModel)" time="0.185" />
  <testcase classname="ptolemy.util.test.junit.AutoTests" name="[103] /home/travis/build/icyphy/ptII/ptolemy/domains/continuous/test/auto/NoiseSpectrum.xml (RunModel)" time="0.742" />
  <testcase classname="ptolemy.util.test.junit.AutoTests" name="[104] /home/travis/build/icyphy/ptII/ptolemy/domains/continuous/test/auto/ParameterizedNewtonsCradleAnimated.xml (RunModel)" time="0.337" />
  <testcase classname="ptolemy.util.test.junit.AutoTests" name="[105] /home/travis/build/icyphy/ptII/ptolemy/domains/continuous/test/auto/ParameterizedNewtonsCradleAnimatedNondeterministic.xml (RunModel)" time="1.106" />
  <testcase classname="ptolemy.util.test.junit.AutoTests" name="[106] /home/travis/build/icyphy/ptII/ptolemy/domains/continuous/test/auto/Pendulum3D.xml (RunModel)" time="0.166" />
  <testcase classname="ptolemy.util.test.junit.AutoTests" name="[107] /home/travis/build/icyphy/ptII/ptolemy/domains/continuous/test/auto/PeriodicSampler.xml (RunModel)" time="0.011" />
  <testcase classname="ptolemy.util.test.junit.AutoTests" name="[108] /home/travis/build/icyphy/ptII/ptolemy/domains/continuous/test/auto/PeriodicSampler1.xml (RunModel)" time="0.051" />
  <testcase classname="ptolemy.util.test.junit.AutoTests" name="[109] /home/travis/build/icyphy/ptII/ptolemy/domains/continuous/test/auto/PeriodicSampler2.xml (RunModel)" time="0.062" />
  <testcase classname="ptolemy.util.test.junit.AutoTests" name="[110] /home/travis/build/icyphy/ptII/ptolemy/domains/continuous/test/auto/Poisson.xml (RunModel)" time="0.395" />
  <testcase classname="ptolemy.util.test.junit.AutoTests" name="[111] /home/travis/build/icyphy/ptII/ptolemy/domains/continuous/test/auto/PoissonClock.xml (RunModel)" time="0.011" />
  <testcase classname="ptolemy.util.test.junit.AutoTests" name="[112] /home/travis/build/icyphy/ptII/ptolemy/domains/continuous/test/auto/PoissonClock2.xml (RunModel)" time="0.013" />
  <testcase classname="ptolemy.util.test.junit.AutoTests" name="[113] /home/travis/build/icyphy/ptII/ptolemy/domains/continuous/test/auto/PortParameterHierarchy.xml (RunModel)" time="0.017" />
  <testcase classname="ptolemy.util.test.junit.AutoTests" name="[114] /home/travis/build/icyphy/ptII/ptolemy/domains/continuous/test/auto/RandomHybridPlant.xml (RunModel)" time="0.499" />
  <testcase classname="ptolemy.util.test.junit.AutoTests" name="[115] /home/travis/build/icyphy/ptII/ptolemy/domains/continuous/test/auto/ResetTransitionWithStartTime1.xml (RunModel)" time="0.022" />
  <testcase classname="ptolemy.util.test.junit.AutoTests" name="[116] /home/travis/build/icyphy/ptII/ptolemy/domains/continuous/test/auto/ResetTransitionWithStartTime2.xml (RunModel)" time="0.034" />
  <testcase classname="ptolemy.util.test.junit.AutoTests" name="[117] /home/travis/build/icyphy/ptII/ptolemy/domains/continuous/test/auto/ResetTransitionWithStartTime3.xml (RunModel)" time="0.034" />
  <testcase classname="ptolemy.util.test.junit.AutoTests" name="[118] /home/travis/build/icyphy/ptII/ptolemy/domains/continuous/test/auto/ResetTransitionWithStartTime4.xml (RunModel)" time="0.021" />
  <testcase classname="ptolemy.util.test.junit.AutoTests" name="[119] /home/travis/build/icyphy/ptII/ptolemy/domains/continuous/test/auto/ResetTransitionWithStartTime5.xml (RunModel)" time="0.035" />
  <testcase classname="ptolemy.util.test.junit.AutoTests" name="[120] /home/travis/build/icyphy/ptII/ptolemy/domains/continuous/test/auto/ResetTransitionWithStartTime6.xml (RunModel)" time="0.03" />
  <testcase classname="ptolemy.util.test.junit.AutoTests" name="[121] /home/travis/build/icyphy/ptII/ptolemy/domains/continuous/test/auto/SRinContinuous.xml (RunModel)" time="0.023" />
  <testcase classname="ptolemy.util.test.junit.AutoTests" name="[122] /home/travis/build/icyphy/ptII/ptolemy/domains/continuous/test/auto/SampledClocks.xml (RunModel)" time="0.029" />
  <testcase classname="ptolemy.util.test.junit.AutoTests" name="[123] /home/travis/build/icyphy/ptII/ptolemy/domains/continuous/test/auto/Satellite.xml (RunModel)" time="0.846" />
  <testcase classname="ptolemy.util.test.junit.AutoTests" name="[124] /home/travis/build/icyphy/ptII/ptolemy/domains/continuous/test/auto/SigmaDelta.xml (RunModel)" time="2.28" />
  <testcase classname="ptolemy.util.test.junit.AutoTests" name="[125] /home/travis/build/icyphy/ptII/ptolemy/domains/continuous/test/auto/SingleRefinement.xml (RunModel)" time="0.547" />
  <testcase classname="ptolemy.util.test.junit.AutoTests" name="[126] /home/travis/build/icyphy/ptII/ptolemy/domains/continuous/test/auto/SinuBouncingBall.xml (RunModel)" time="0.785" />
  <testcase classname="ptolemy.util.test.junit.AutoTests" name="[127] /home/travis/build/icyphy/ptII/ptolemy/domains/continuous/test/auto/Sinusoid.xml (RunModel)" time="0.019" />
  <testcase classname="ptolemy.util.test.junit.AutoTests" name="[128] /home/travis/build/icyphy/ptII/ptolemy/domains/continuous/test/auto/SinusoidInNoise.xml (RunModel)" time="0.957" />
  <testcase classname="ptolemy.util.test.junit.AutoTests" name="[129] /home/travis/build/icyphy/ptII/ptolemy/domains/continuous/test/auto/SinusoidRK45.xml (RunModel)" time="0.015" />
  <testcase classname="ptolemy.util.test.junit.AutoTests" name="[130] /home/travis/build/icyphy/ptII/ptolemy/domains/continuous/test/auto/SinusoidWithMultipleImpulses.xml (RunModel)" time="0.012" />
  <testcase classname="ptolemy.util.test.junit.AutoTests" name="[131] /home/travis/build/icyphy/ptII/ptolemy/domains/continuous/test/auto/SquareWave.xml (RunModel)" time="0.184" />
  <testcase classname="ptolemy.util.test.junit.AutoTests" name="[132] /home/travis/build/icyphy/ptII/ptolemy/domains/continuous/test/auto/Starmac.xml (RunModel)" time="3.399" />
  <testcase classname="ptolemy.util.test.junit.AutoTests" name="[133] /home/travis/build/icyphy/ptII/ptolemy/domains/continuous/test/auto/StaticUnits.xml (RunModel)" time="2.6" />
  <testcase classname="ptolemy.util.test.junit.AutoTests" name="[134] /home/travis/build/icyphy/ptII/ptolemy/domains/continuous/test/auto/StickyMasses.xml (RunModel)" time="0.195" />
  <testcase classname="ptolemy.util.test.junit.AutoTests" name="[135] /home/travis/build/icyphy/ptII/ptolemy/domains/continuous/test/auto/StopTime.xml (RunModel)" time="0.077" />
  <testcase classname="ptolemy.util.test.junit.AutoTests" name="[136] /home/travis/build/icyphy/ptII/ptolemy/domains/continuous/test/auto/StopTime2.xml (RunModel)" time="0.064" />
  <testcase classname="ptolemy.util.test.junit.AutoTests" name="[137] /home/travis/build/icyphy/ptII/ptolemy/domains/continuous/test/auto/Switch.xml (RunModel)" time="0.069" />
  <testcase classname="ptolemy.util.test.junit.AutoTests" name="[138] /home/travis/build/icyphy/ptII/ptolemy/domains/continuous/test/auto/Thermostat.xml (RunModel)" time="0.191" />
  <testcase classname="ptolemy.util.test.junit.AutoTests" name="[139] /home/travis/build/icyphy/ptII/ptolemy/domains/continuous/test/auto/TimeDelay.xml (RunModel)" time="0.013" />
  <testcase classname="ptolemy.util.test.junit.AutoTests" name="[140] /home/travis/build/icyphy/ptII/ptolemy/domains/continuous/test/auto/TimeDelay2.xml (RunModel)" time="0.026" />
  <testcase classname="ptolemy.util.test.junit.AutoTests" name="[141] /home/travis/build/icyphy/ptII/ptolemy/domains/continuous/test/auto/TimeDelay3.xml (RunModel)" time="0.015" />
  <testcase classname="ptolemy.util.test.junit.AutoTests" name="[142] /home/travis/build/icyphy/ptII/ptolemy/domains/continuous/test/auto/TransferAbsentToInside.xml (RunModel)" time="0.12" />
  <testcase classname="ptolemy.util.test.junit.AutoTests" name="[143] /home/travis/build/icyphy/ptII/ptolemy/domains/continuous/test/auto/Transmission.xml (RunModel)" time="0.758" />
  <testcase classname="ptolemy.util.test.junit.AutoTests" name="[144] /home/travis/build/icyphy/ptII/ptolemy/domains/continuous/test/auto/TriggeredContinuousClock.xml (RunModel)" time="0.069" />
  <testcase classname="ptolemy.util.test.junit.AutoTests" name="[145] /home/travis/build/icyphy/ptII/ptolemy/domains/continuous/test/auto/TwoMachineInfiniteBusControl.xml (RunModel)" time="2.756" />
  <testcase classname="ptolemy.util.test.junit.AutoTests" name="[146] /home/travis/build/icyphy/ptII/ptolemy/domains/continuous/test/auto/V2V.xml (RunModel)" time="0.728" />
  <testcase classname="ptolemy.util.test.junit.AutoTests" name="[147] /home/travis/build/icyphy/ptII/ptolemy/domains/continuous/test/auto/hierarchicalModalModel.xml (RunModel)" time="0.024" />
  <testcase classname="ptolemy.util.test.junit.AutoTests" name="[148] /home/travis/build/icyphy/ptII/ptolemy/domains/continuous/test/auto/hierarchicalModalModel1.xml (RunModel)" time="0.022" />
  <testcase classname="ptolemy.util.test.junit.AutoTests" name="[149] /home/travis/build/icyphy/ptII/ptolemy/domains/continuous/test/auto/hierarchicalModalModel2.xml (RunModel)" time="0.024" />
  <testcase classname="ptolemy.util.test.junit.AutoTests" name="[150] /home/travis/build/icyphy/ptII/ptolemy/domains/continuous/test/auto/hierarchicalModalModel3.xml (RunModel)" time="0.022" />
  <testcase classname="ptolemy.util.test.junit.AutoTests" name="[151] /home/travis/build/icyphy/ptII/ptolemy/domains/continuous/test/auto/hierarchicalModalModel4.xml (RunModel)" time="0.024" />
  <testcase classname="ptolemy.util.test.junit.AutoTests" name="[152] /home/travis/build/icyphy/ptII/ptolemy/domains/continuous/test/auto/junk.xml (RunModel)" time="0.15" />
  <system-out><![CDATA[No tcl tests in /home/travis/build/icyphy/ptII/ptolemy/domains/continuous/test
No auto/knownFailedTests/*.xml tests in /home/travis/build/icyphy/ptII/ptolemy/domains/continuous/test
No auto/linux-amd64/*.xml tests in /home/travis/build/icyphy/ptII/ptolemy/domains/continuous/test
AutoTests.java: About to close Vertx.
AutoTests.java: Vertx closed.

===========================================================================================
----------------- testing Thu Dec 13 02:59:07 UTC 2018 /home/travis/build/icyphy/ptII/ptolemy/domains/continuous/test/auto/BouncingBall.xml
----------------- Instantiating /home/travis/build/icyphy/ptII/ptolemy/domains/continuous/test/auto/BouncingBall.xml
2393 ms. Memory: 331264K Free: 317209K (96%)
----------------- Invoking toplevel() on ptolemy.moml.MoMLSimpleApplication@3ac9325e
----------------- Done invoking toplevel() on ptolemy.moml.MoMLSimpleApplication@3ac9325e
reloadAllAccessors: .BouncingBall

===========================================================================================
----------------- testing Thu Dec 13 02:59:10 UTC 2018 /home/travis/build/icyphy/ptII/ptolemy/domains/continuous/test/auto/BouncingBallWithoutGR.xml
----------------- Instantiating /home/travis/build/icyphy/ptII/ptolemy/domains/continuous/test/auto/BouncingBallWithoutGR.xml
672 ms. Memory: 331264K Free: 129512K (39%)
----------------- Invoking toplevel() on ptolemy.moml.MoMLSimpleApplication@7f46b5a5
----------------- Done invoking toplevel() on ptolemy.moml.MoMLSimpleApplication@7f46b5a5
reloadAllAccessors: .BouncingBallWithoutGR

===========================================================================================
----------------- testing Thu Dec 13 02:59:11 UTC 2018 /home/travis/build/icyphy/ptII/ptolemy/domains/continuous/test/auto/Brownian.xml
----------------- Instantiating /home/travis/build/icyphy/ptII/ptolemy/domains/continuous/test/auto/Brownian.xml
26 ms. Memory: 331264K Free: 117259K (35%)
----------------- Invoking toplevel() on ptolemy.moml.MoMLSimpleApplication@30908811
----------------- Done invoking toplevel() on ptolemy.moml.MoMLSimpleApplication@30908811
reloadAllAccessors: .Brownian

===========================================================================================
----------------- testing Thu Dec 13 02:59:11 UTC 2018 /home/travis/build/icyphy/ptII/ptolemy/domains/continuous/test/auto/CarTracking.xml
----------------- Instantiating /home/travis/build/icyphy/ptII/ptolemy/domains/continuous/test/auto/CarTracking.xml
3215 ms. Memory: 478720K Free: 328120K (69%)
----------------- Invoking toplevel() on ptolemy.moml.MoMLSimpleApplication@45cf792d
----------------- Done invoking toplevel() on ptolemy.moml.MoMLSimpleApplication@45cf792d
reloadAllAccessors: .CarTracking

===========================================================================================
----------------- testing Thu Dec 13 02:59:15 UTC 2018 /home/travis/build/icyphy/ptII/ptolemy/domains/continuous/test/auto/CartPendulum.xml
----------------- Instantiating /home/travis/build/icyphy/ptII/ptolemy/domains/continuous/test/auto/CartPendulum.xml
410 ms. Memory: 478720K Free: 225507K (47%)
----------------- Invoking toplevel() on ptolemy.moml.MoMLSimpleApplication@2b7869ef
----------------- Done invoking toplevel() on ptolemy.moml.MoMLSimpleApplication@2b7869ef
reloadAllAccessors: .CartPendulum

===========================================================================================
----------------- testing Thu Dec 13 02:59:15 UTC 2018 /home/travis/build/icyphy/ptII/ptolemy/domains/continuous/test/auto/CausalityInterface10.xml
----------------- Instantiating /home/travis/build/icyphy/ptII/ptolemy/domains/continuous/test/auto/CausalityInterface10.xml
7 ms. Memory: 478720K Free: 212419K (44%)
----------------- Invoking toplevel() on ptolemy.moml.MoMLSimpleApplication@39ba7513
----------------- Done invoking toplevel() on ptolemy.moml.MoMLSimpleApplication@39ba7513
reloadAllAccessors: .CausalityInterface10

===========================================================================================
----------------- testing Thu Dec 13 02:59:15 UTC 2018 /home/travis/build/icyphy/ptII/ptolemy/domains/continuous/test/auto/CausalityInterface11.xml
----------------- Instantiating /home/travis/build/icyphy/ptII/ptolemy/domains/continuous/test/auto/CausalityInterface11.xml
9 ms. Memory: 478720K Free: 204585K (43%)
----------------- Invoking toplevel() on ptolemy.moml.MoMLSimpleApplication@6554043e
----------------- Done invoking toplevel() on ptolemy.moml.MoMLSimpleApplication@6554043e
reloadAllAccessors: .CausalityInterface11

===========================================================================================
----------------- testing Thu Dec 13 02:59:15 UTC 2018 /home/travis/build/icyphy/ptII/ptolemy/domains/continuous/test/auto/CausalityInterface12.xml
----------------- Instantiating /home/travis/build/icyphy/ptII/ptolemy/domains/continuous/test/auto/CausalityInterface12.xml
6 ms. Memory: 478720K Free: 194140K (41%)
----------------- Invoking toplevel() on ptolemy.moml.MoMLSimpleApplication@65785f88
----------------- Done invoking toplevel() on ptolemy.moml.MoMLSimpleApplication@65785f88
reloadAllAccessors: .CausalityInterface12

===========================================================================================
----------------- testing Thu Dec 13 02:59:15 UTC 2018 /home/travis/build/icyphy/ptII/ptolemy/domains/continuous/test/auto/CausalityInterface13.xml
----------------- Instantiating /home/travis/build/icyphy/ptII/ptolemy/domains/continuous/test/auto/CausalityInterface13.xml
10 ms. Memory: 478720K Free: 183695K (38%)
----------------- Invoking toplevel() on ptolemy.moml.MoMLSimpleApplication@2bdaa35e
----------------- Done invoking toplevel() on ptolemy.moml.MoMLSimpleApplication@2bdaa35e
reloadAllAccessors: .CausalityInterface13

===========================================================================================
----------------- testing Thu Dec 13 02:59:15 UTC 2018 /home/travis/build/icyphy/ptII/ptolemy/domains/continuous/test/auto/CausalityInterface14.xml
----------------- Instantiating /home/travis/build/icyphy/ptII/ptolemy/domains/continuous/test/auto/CausalityInterface14.xml
8 ms. Memory: 478720K Free: 171979K (36%)
----------------- Invoking toplevel() on ptolemy.moml.MoMLSimpleApplication@19be338
----------------- Done invoking toplevel() on ptolemy.moml.MoMLSimpleApplication@19be338
reloadAllAccessors: .CausalityInterface14

===========================================================================================
----------------- testing Thu Dec 13 02:59:15 UTC 2018 /home/travis/build/icyphy/ptII/ptolemy/domains/continuous/test/auto/CausalityInterface4.xml
----------------- Instantiating /home/travis/build/icyphy/ptII/ptolemy/domains/continuous/test/auto/CausalityInterface4.xml
5 ms. Memory: 478720K Free: 161534K (34%)
----------------- Invoking toplevel() on ptolemy.moml.MoMLSimpleApplication@6f61d293
----------------- Done invoking toplevel() on ptolemy.moml.MoMLSimpleApplication@6f61d293
reloadAllAccessors: .CausalityInterface4

===========================================================================================
----------------- testing Thu Dec 13 02:59:16 UTC 2018 /home/travis/build/icyphy/ptII/ptolemy/domains/continuous/test/auto/CausalityInterface5.xml
----------------- Instantiating /home/travis/build/icyphy/ptII/ptolemy/domains/continuous/test/auto/CausalityInterface5.xml
10 ms. Memory: 478720K Free: 151073K (32%)
----------------- Invoking toplevel() on ptolemy.moml.MoMLSimpleApplication@51452014
----------------- Done invoking toplevel() on ptolemy.moml.MoMLSimpleApplication@51452014
reloadAllAccessors: .CausalityInterface5

===========================================================================================
----------------- testing Thu Dec 13 02:59:16 UTC 2018 /home/travis/build/icyphy/ptII/ptolemy/domains/continuous/test/auto/CausalityInterface6.xml
----------------- Instantiating /home/travis/build/icyphy/ptII/ptolemy/domains/continuous/test/auto/CausalityInterface6.xml
9 ms. Memory: 478720K Free: 139307K (29%)
----------------- Invoking toplevel() on ptolemy.moml.MoMLSimpleApplication@24a7714b
----------------- Done invoking toplevel() on ptolemy.moml.MoMLSimpleApplication@24a7714b
reloadAllAccessors: .CausalityInterface6

===========================================================================================
----------------- testing Thu Dec 13 02:59:16 UTC 2018 /home/travis/build/icyphy/ptII/ptolemy/domains/continuous/test/auto/CausalityInterface7.xml
----------------- Instantiating /home/travis/build/icyphy/ptII/ptolemy/domains/continuous/test/auto/CausalityInterface7.xml
10 ms. Memory: 478720K Free: 128862K (27%)
----------------- Invoking toplevel() on ptolemy.moml.MoMLSimpleApplication@6f371646
----------------- Done invoking toplevel() on ptolemy.moml.MoMLSimpleApplication@6f371646
reloadAllAccessors: .CausalityInterface7

===========================================================================================
----------------- testing Thu Dec 13 02:59:16 UTC 2018 /home/travis/build/icyphy/ptII/ptolemy/domains/continuous/test/auto/CausalityInterface8.xml
----------------- Instantiating /home/travis/build/icyphy/ptII/ptolemy/domains/continuous/test/auto/CausalityInterface8.xml
8 ms. Memory: 478720K Free: 111924K (23%)
----------------- Invoking toplevel() on ptolemy.moml.MoMLSimpleApplication@475860ef
----------------- Done invoking toplevel() on ptolemy.moml.MoMLSimpleApplication@475860ef
reloadAllAccessors: .CausalityInterface8

===========================================================================================
----------------- testing Thu Dec 13 02:59:16 UTC 2018 /home/travis/build/icyphy/ptII/ptolemy/domains/continuous/test/auto/CausalityInterface9.xml
----------------- Instantiating /home/travis/build/icyphy/ptII/ptolemy/domains/continuous/test/auto/CausalityInterface9.xml
11 ms. Memory: 478720K Free: 98859K (21%)
----------------- Invoking toplevel() on ptolemy.moml.MoMLSimpleApplication@69e5234f
----------------- Done invoking toplevel() on ptolemy.moml.MoMLSimpleApplication@69e5234f
reloadAllAccessors: .CausalityInterface9

===========================================================================================
----------------- testing Thu Dec 13 02:59:16 UTC 2018 /home/travis/build/icyphy/ptII/ptolemy/domains/continuous/test/auto/CausalityInterfaceFeedback1.xml
----------------- Instantiating /home/travis/build/icyphy/ptII/ptolemy/domains/continuous/test/auto/CausalityInterfaceFeedback1.xml
7 ms. Memory: 478720K Free: 88396K (18%)
----------------- Invoking toplevel() on ptolemy.moml.MoMLSimpleApplication@6025714f
----------------- Done invoking toplevel() on ptolemy.moml.MoMLSimpleApplication@6025714f
reloadAllAccessors: .CausalityInterfaceFeedback1

===========================================================================================
----------------- testing Thu Dec 13 02:59:16 UTC 2018 /home/travis/build/icyphy/ptII/ptolemy/domains/continuous/test/auto/CausalityInterfaceFeedback2.xml
----------------- Instantiating /home/travis/build/icyphy/ptII/ptolemy/domains/continuous/test/auto/CausalityInterfaceFeedback2.xml
10 ms. Memory: 455168K Free: 446487K (98%)
----------------- Invoking toplevel() on ptolemy.moml.MoMLSimpleApplication@71a0bca4
----------------- Done invoking toplevel() on ptolemy.moml.MoMLSimpleApplication@71a0bca4
reloadAllAccessors: .CausalityInterfaceFeedback2

===========================================================================================
----------------- testing Thu Dec 13 02:59:16 UTC 2018 /home/travis/build/icyphy/ptII/ptolemy/domains/continuous/test/auto/CompareWithCurrentTime.xml
----------------- Instantiating /home/travis/build/icyphy/ptII/ptolemy/domains/continuous/test/auto/CompareWithCurrentTime.xml
7 ms. Memory: 455168K Free: 435200K (96%)
----------------- Invoking toplevel() on ptolemy.moml.MoMLSimpleApplication@423e56ef
----------------- Done invoking toplevel() on ptolemy.moml.MoMLSimpleApplication@423e56ef
reloadAllAccessors: .CompareWithCurrentTime

===========================================================================================
----------------- testing Thu Dec 13 02:59:16 UTC 2018 /home/travis/build/icyphy/ptII/ptolemy/domains/continuous/test/auto/ComparedClocks.xml
----------------- Instantiating /home/travis/build/icyphy/ptII/ptolemy/domains/continuous/test/auto/ComparedClocks.xml
7 ms. Memory: 455168K Free: 415218K (91%)
----------------- Invoking toplevel() on ptolemy.moml.MoMLSimpleApplication@543b308
----------------- Done invoking toplevel() on ptolemy.moml.MoMLSimpleApplication@543b308
reloadAllAccessors: .ComparedClocks

===========================================================================================
----------------- testing Thu Dec 13 02:59:16 UTC 2018 /home/travis/build/icyphy/ptII/ptolemy/domains/continuous/test/auto/ContinuousAOCClone.xml
----------------- Instantiating /home/travis/build/icyphy/ptII/ptolemy/domains/continuous/test/auto/ContinuousAOCClone.xml
2475 ms. Memory: 443392K Free: 247275K (56%)
----------------- Invoking toplevel() on ptolemy.moml.MoMLSimpleApplication@f377880
----------------- Done invoking toplevel() on ptolemy.moml.MoMLSimpleApplication@f377880
reloadAllAccessors: .ContinuousAOCClone

===========================================================================================
----------------- testing Thu Dec 13 02:59:19 UTC 2018 /home/travis/build/icyphy/ptII/ptolemy/domains/continuous/test/auto/ContinuousClock.xml
----------------- Instantiating /home/travis/build/icyphy/ptII/ptolemy/domains/continuous/test/auto/ContinuousClock.xml
34 ms. Memory: 443392K Free: 220656K (50%)
----------------- Invoking toplevel() on ptolemy.moml.MoMLSimpleApplication@4d5633f9
----------------- Done invoking toplevel() on ptolemy.moml.MoMLSimpleApplication@4d5633f9
reloadAllAccessors: .ContinuousClock

===========================================================================================
----------------- testing Thu Dec 13 02:59:19 UTC 2018 /home/travis/build/icyphy/ptII/ptolemy/domains/continuous/test/auto/ContinuousInContinuous.xml
----------------- Instantiating /home/travis/build/icyphy/ptII/ptolemy/domains/continuous/test/auto/ContinuousInContinuous.xml
38 ms. Memory: 443392K Free: 192246K (43%)
----------------- Invoking toplevel() on ptolemy.moml.MoMLSimpleApplication@40c58627
----------------- Done invoking toplevel() on ptolemy.moml.MoMLSimpleApplication@40c58627
reloadAllAccessors: .ContinuousInContinuous

===========================================================================================
----------------- testing Thu Dec 13 02:59:19 UTC 2018 /home/travis/build/icyphy/ptII/ptolemy/domains/continuous/test/auto/ContinuousInContinuousInContinuous.xml
----------------- Instantiating /home/travis/build/icyphy/ptII/ptolemy/domains/continuous/test/auto/ContinuousInContinuousInContinuous.xml
7 ms. Memory: 443392K Free: 183308K (41%)
----------------- Invoking toplevel() on ptolemy.moml.MoMLSimpleApplication@71232c90
----------------- Done invoking toplevel() on ptolemy.moml.MoMLSimpleApplication@71232c90
reloadAllAccessors: .ContinuousInContinuousInContinuous

===========================================================================================
----------------- testing Thu Dec 13 02:59:19 UTC 2018 /home/travis/build/icyphy/ptII/ptolemy/domains/continuous/test/auto/ContinuousInDE.xml
----------------- Instantiating /home/travis/build/icyphy/ptII/ptolemy/domains/continuous/test/auto/ContinuousInDE.xml
110 ms. Memory: 443392K Free: 169260K (38%)
----------------- Invoking toplevel() on ptolemy.moml.MoMLSimpleApplication@7d7e0370
----------------- Done invoking toplevel() on ptolemy.moml.MoMLSimpleApplication@7d7e0370
reloadAllAccessors: .ContinuousInDE

===========================================================================================
----------------- testing Thu Dec 13 02:59:19 UTC 2018 /home/travis/build/icyphy/ptII/ptolemy/domains/continuous/test/auto/ContinuousInDE2.xml
----------------- Instantiating /home/travis/build/icyphy/ptII/ptolemy/domains/continuous/test/auto/ContinuousInDE2.xml
33 ms. Memory: 443392K Free: 156753K (35%)
----------------- Invoking toplevel() on ptolemy.moml.MoMLSimpleApplication@14224c8c
----------------- Done invoking toplevel() on ptolemy.moml.MoMLSimpleApplication@14224c8c
reloadAllAccessors: .ContinuousInDE2

===========================================================================================
----------------- testing Thu Dec 13 02:59:19 UTC 2018 /home/travis/build/icyphy/ptII/ptolemy/domains/continuous/test/auto/ContinuousInDE3.xml
----------------- Instantiating /home/travis/build/icyphy/ptII/ptolemy/domains/continuous/test/auto/ContinuousInDE3.xml
45 ms. Memory: 443392K Free: 142706K (32%)
----------------- Invoking toplevel() on ptolemy.moml.MoMLSimpleApplication@487ab116
----------------- Done invoking toplevel() on ptolemy.moml.MoMLSimpleApplication@487ab116
reloadAllAccessors: .ContinuousInDE3

===========================================================================================
----------------- testing Thu Dec 13 02:59:19 UTC 2018 /home/travis/build/icyphy/ptII/ptolemy/domains/continuous/test/auto/ContinuousInDE4.xml
----------------- Instantiating /home/travis/build/icyphy/ptII/ptolemy/domains/continuous/test/auto/ContinuousInDE4.xml
20 ms. Memory: 443392K Free: 133768K (30%)
----------------- Invoking toplevel() on ptolemy.moml.MoMLSimpleApplication@3fe5deca
----------------- Done invoking toplevel() on ptolemy.moml.MoMLSimpleApplication@3fe5deca
reloadAllAccessors: .ContinuousInDE4

===========================================================================================
----------------- testing Thu Dec 13 02:59:19 UTC 2018 /home/travis/build/icyphy/ptII/ptolemy/domains/continuous/test/auto/ContinuousInDEDifferentRefinements.xml
----------------- Instantiating /home/travis/build/icyphy/ptII/ptolemy/domains/continuous/test/auto/ContinuousInDEDifferentRefinements.xml
56 ms. Memory: 443392K Free: 98148K (22%)
----------------- Invoking toplevel() on ptolemy.moml.MoMLSimpleApplication@77025dfa
----------------- Done invoking toplevel() on ptolemy.moml.MoMLSimpleApplication@77025dfa
reloadAllAccessors: .ContinuousInDEDifferentRefinements

===========================================================================================
----------------- testing Thu Dec 13 02:59:19 UTC 2018 /home/travis/build/icyphy/ptII/ptolemy/domains/continuous/test/auto/ContinuousInDEDifferentRefinementsPreemptive.xml
----------------- Instantiating /home/travis/build/icyphy/ptII/ptolemy/domains/continuous/test/auto/ContinuousInDEDifferentRefinementsPreemptive.xml
58 ms. Memory: 422400K Free: 399795K (95%)
----------------- Invoking toplevel() on ptolemy.moml.MoMLSimpleApplication@491db42
----------------- Done invoking toplevel() on ptolemy.moml.MoMLSimpleApplication@491db42
reloadAllAccessors: .ContinuousInDEDifferentRefinementsPreemptive

===========================================================================================
----------------- testing Thu Dec 13 02:59:19 UTC 2018 /home/travis/build/icyphy/ptII/ptolemy/domains/continuous/test/auto/ContinuousInDEInContinuous2.xml
----------------- Instantiating /home/travis/build/icyphy/ptII/ptolemy/domains/continuous/test/auto/ContinuousInDEInContinuous2.xml
38 ms. Memory: 422400K Free: 384151K (91%)
----------------- Invoking toplevel() on ptolemy.moml.MoMLSimpleApplication@31ca9b2e
----------------- Done invoking toplevel() on ptolemy.moml.MoMLSimpleApplication@31ca9b2e
reloadAllAccessors: .ContinuousInDEInContinuous2

===========================================================================================
----------------- testing Thu Dec 13 02:59:19 UTC 2018 /home/travis/build/icyphy/ptII/ptolemy/domains/continuous/test/auto/ContinuousInDEInContinuous3.xml
----------------- Instantiating /home/travis/build/icyphy/ptII/ptolemy/domains/continuous/test/auto/ContinuousInDEInContinuous3.xml
36 ms. Memory: 422400K Free: 367784K (87%)
----------------- Invoking toplevel() on ptolemy.moml.MoMLSimpleApplication@1432087f
----------------- Done invoking toplevel() on ptolemy.moml.MoMLSimpleApplication@1432087f
reloadAllAccessors: .ContinuousInDEInContinuous3

===========================================================================================
----------------- testing Thu Dec 13 02:59:19 UTC 2018 /home/travis/build/icyphy/ptII/ptolemy/domains/continuous/test/auto/ContinuousInDEInput.xml
----------------- Instantiating /home/travis/build/icyphy/ptII/ptolemy/domains/continuous/test/auto/ContinuousInDEInput.xml
14 ms. Memory: 422400K Free: 358259K (85%)
----------------- Invoking toplevel() on ptolemy.moml.MoMLSimpleApplication@58b9e1c6
----------------- Done invoking toplevel() on ptolemy.moml.MoMLSimpleApplication@58b9e1c6
reloadAllAccessors: .ContinuousInDEInput

===========================================================================================
----------------- testing Thu Dec 13 02:59:19 UTC 2018 /home/travis/build/icyphy/ptII/ptolemy/domains/continuous/test/auto/ContinuousInDEInput2.xml
----------------- Instantiating /home/travis/build/icyphy/ptII/ptolemy/domains/continuous/test/auto/ContinuousInDEInput2.xml
18 ms. Memory: 422400K Free: 348710K (83%)
----------------- Invoking toplevel() on ptolemy.moml.MoMLSimpleApplication@254d2f3a
----------------- Done invoking toplevel() on ptolemy.moml.MoMLSimpleApplication@254d2f3a
reloadAllAccessors: .ContinuousInDEInput2

===========================================================================================
----------------- testing Thu Dec 13 02:59:20 UTC 2018 /home/travis/build/icyphy/ptII/ptolemy/domains/continuous/test/auto/ContinuousInDEInput3.xml
----------------- Instantiating /home/travis/build/icyphy/ptII/ptolemy/domains/continuous/test/auto/ContinuousInDEInput3.xml
12 ms. Memory: 422400K Free: 340182K (81%)
----------------- Invoking toplevel() on ptolemy.moml.MoMLSimpleApplication@39207410
----------------- Done invoking toplevel() on ptolemy.moml.MoMLSimpleApplication@39207410
reloadAllAccessors: .ContinuousInDEInput3

===========================================================================================
----------------- testing Thu Dec 13 02:59:20 UTC 2018 /home/travis/build/icyphy/ptII/ptolemy/domains/continuous/test/auto/ContinuousInDESharingRefinement.xml
----------------- Instantiating /home/travis/build/icyphy/ptII/ptolemy/domains/continuous/test/auto/ContinuousInDESharingRefinement.xml
125 ms. Memory: 422400K Free: 241610K (57%)
----------------- Invoking toplevel() on ptolemy.moml.MoMLSimpleApplication@429a29da
----------------- Done invoking toplevel() on ptolemy.moml.MoMLSimpleApplication@429a29da
reloadAllAccessors: .ContinuousInDESharingRefinement

===========================================================================================
----------------- testing Thu Dec 13 02:59:20 UTC 2018 /home/travis/build/icyphy/ptII/ptolemy/domains/continuous/test/auto/ContinuousInDEwithNoPorts.xml
----------------- Instantiating /home/travis/build/icyphy/ptII/ptolemy/domains/continuous/test/auto/ContinuousInDEwithNoPorts.xml
5 ms. Memory: 422400K Free: 235474K (56%)
----------------- Invoking toplevel() on ptolemy.moml.MoMLSimpleApplication@54727b30
----------------- Done invoking toplevel() on ptolemy.moml.MoMLSimpleApplication@54727b30
reloadAllAccessors: .ContinuousInDEwithNoPorts

===========================================================================================
----------------- testing Thu Dec 13 02:59:20 UTC 2018 /home/travis/build/icyphy/ptII/ptolemy/domains/continuous/test/auto/ContinuousInsideDE.xml
----------------- Instantiating /home/travis/build/icyphy/ptII/ptolemy/domains/continuous/test/auto/ContinuousInsideDE.xml
46 ms. Memory: 422400K Free: 220810K (52%)
----------------- Invoking toplevel() on ptolemy.moml.MoMLSimpleApplication@6f7e22c2
----------------- Done invoking toplevel() on ptolemy.moml.MoMLSimpleApplication@6f7e22c2
reloadAllAccessors: .ContinuousInsideDE

===========================================================================================
----------------- testing Thu Dec 13 02:59:20 UTC 2018 /home/travis/build/icyphy/ptII/ptolemy/domains/continuous/test/auto/ContinuousMerge1.xml
----------------- Instantiating /home/travis/build/icyphy/ptII/ptolemy/domains/continuous/test/auto/ContinuousMerge1.xml
2 ms. Memory: 422400K Free: 214674K (51%)
----------------- Invoking toplevel() on ptolemy.moml.MoMLSimpleApplication@6f56769e
----------------- Done invoking toplevel() on ptolemy.moml.MoMLSimpleApplication@6f56769e
reloadAllAccessors: .ContinuousMerge1

===========================================================================================
----------------- testing Thu Dec 13 02:59:20 UTC 2018 /home/travis/build/icyphy/ptII/ptolemy/domains/continuous/test/auto/ContinuousMerge2.xml
----------------- Instantiating /home/travis/build/icyphy/ptII/ptolemy/domains/continuous/test/auto/ContinuousMerge2.xml
11 ms. Memory: 422400K Free: 201014K (48%)
----------------- Invoking toplevel() on ptolemy.moml.MoMLSimpleApplication@10935789
----------------- Done invoking toplevel() on ptolemy.moml.MoMLSimpleApplication@10935789
reloadAllAccessors: .ContinuousMerge2

===========================================================================================
----------------- testing Thu Dec 13 02:59:20 UTC 2018 /home/travis/build/icyphy/ptII/ptolemy/domains/continuous/test/auto/ContinuousMerge3.xml
----------------- Instantiating /home/travis/build/icyphy/ptII/ptolemy/domains/continuous/test/auto/ContinuousMerge3.xml
41 ms. Memory: 422400K Free: 188068K (45%)
----------------- Invoking toplevel() on ptolemy.moml.MoMLSimpleApplication@1d1eb507
----------------- Done invoking toplevel() on ptolemy.moml.MoMLSimpleApplication@1d1eb507
reloadAllAccessors: .ContinuousMerge3

===========================================================================================
----------------- testing Thu Dec 13 02:59:20 UTC 2018 /home/travis/build/icyphy/ptII/ptolemy/domains/continuous/test/auto/ContinuousWithinContinuous.xml
----------------- Instantiating /home/travis/build/icyphy/ptII/ptolemy/domains/continuous/test/auto/ContinuousWithinContinuous.xml
41 ms. Memory: 422400K Free: 176792K (42%)
----------------- Invoking toplevel() on ptolemy.moml.MoMLSimpleApplication@3f286e10
----------------- Done invoking toplevel() on ptolemy.moml.MoMLSimpleApplication@3f286e10
reloadAllAccessors: .ContinuousWithinContinuous

===========================================================================================
----------------- testing Thu Dec 13 02:59:20 UTC 2018 /home/travis/build/icyphy/ptII/ptolemy/domains/continuous/test/auto/ContinuousWithinContinuous2.xml
----------------- Instantiating /home/travis/build/icyphy/ptII/ptolemy/domains/continuous/test/auto/ContinuousWithinContinuous2.xml
65 ms. Memory: 422400K Free: 162152K (38%)
----------------- Invoking toplevel() on ptolemy.moml.MoMLSimpleApplication@a126c0
----------------- Done invoking toplevel() on ptolemy.moml.MoMLSimpleApplication@a126c0
reloadAllAccessors: .ContinuousWithinContinuous2

===========================================================================================
----------------- testing Thu Dec 13 02:59:20 UTC 2018 /home/travis/build/icyphy/ptII/ptolemy/domains/continuous/test/auto/ContinuousWithinContinuous3.xml
----------------- Instantiating /home/travis/build/icyphy/ptII/ptolemy/domains/continuous/test/auto/ContinuousWithinContinuous3.xml
15 ms. Memory: 422400K Free: 152595K (36%)
----------------- Invoking toplevel() on ptolemy.moml.MoMLSimpleApplication@56085b75
----------------- Done invoking toplevel() on ptolemy.moml.MoMLSimpleApplication@56085b75
reloadAllAccessors: .ContinuousWithinContinuous3

===========================================================================================
----------------- testing Thu Dec 13 02:59:20 UTC 2018 /home/travis/build/icyphy/ptII/ptolemy/domains/continuous/test/auto/ContinuousWithinContinuous4.xml
----------------- Instantiating /home/travis/build/icyphy/ptII/ptolemy/domains/continuous/test/auto/ContinuousWithinContinuous4.xml
65 ms. Memory: 422400K Free: 136252K (32%)
----------------- Invoking toplevel() on ptolemy.moml.MoMLSimpleApplication@635b42e1
----------------- Done invoking toplevel() on ptolemy.moml.MoMLSimpleApplication@635b42e1
reloadAllAccessors: .ContinuousWithinContinuous4

===========================================================================================
----------------- testing Thu Dec 13 02:59:20 UTC 2018 /home/travis/build/icyphy/ptII/ptolemy/domains/continuous/test/auto/ContinuousWithinContinuous5.xml
----------------- Instantiating /home/travis/build/icyphy/ptII/ptolemy/domains/continuous/test/auto/ContinuousWithinContinuous5.xml
11 ms. Memory: 422400K Free: 126014K (30%)
----------------- Invoking toplevel() on ptolemy.moml.MoMLSimpleApplication@712feea6
----------------- Done invoking toplevel() on ptolemy.moml.MoMLSimpleApplication@712feea6
reloadAllAccessors: .ContinuousWithinContinuous5

===========================================================================================
----------------- testing Thu Dec 13 02:59:20 UTC 2018 /home/travis/build/icyphy/ptII/ptolemy/domains/continuous/test/auto/ContinuousWithinContinuous6.xml
----------------- Instantiating /home/travis/build/icyphy/ptII/ptolemy/domains/continuous/test/auto/ContinuousWithinContinuous6.xml
11 ms. Memory: 422400K Free: 116473K (28%)
----------------- Invoking toplevel() on ptolemy.moml.MoMLSimpleApplication@115a4f2a
----------------- Done invoking toplevel() on ptolemy.moml.MoMLSimpleApplication@115a4f2a
reloadAllAccessors: .ContinuousWithinContinuous6

===========================================================================================
----------------- testing Thu Dec 13 02:59:20 UTC 2018 /home/travis/build/icyphy/ptII/ptolemy/domains/continuous/test/auto/ContinuousWithinContinuous7.xml
----------------- Instantiating /home/travis/build/icyphy/ptII/ptolemy/domains/continuous/test/auto/ContinuousWithinContinuous7.xml
52 ms. Memory: 422400K Free: 101841K (24%)
----------------- Invoking toplevel() on ptolemy.moml.MoMLSimpleApplication@6a9e3c1a
----------------- Done invoking toplevel() on ptolemy.moml.MoMLSimpleApplication@6a9e3c1a
reloadAllAccessors: .ContinuousWithinContinuous7

===========================================================================================
----------------- testing Thu Dec 13 02:59:20 UTC 2018 /home/travis/build/icyphy/ptII/ptolemy/domains/continuous/test/auto/DCMotor.xml
----------------- Instantiating /home/travis/build/icyphy/ptII/ptolemy/domains/continuous/test/auto/DCMotor.xml
12105 ms. Memory: 276992K Free: 91523K (33%)
----------------- Invoking toplevel() on ptolemy.moml.MoMLSimpleApplication@28a74a2e
----------------- Done invoking toplevel() on ptolemy.moml.MoMLSimpleApplication@28a74a2e
reloadAllAccessors: .DCMotor

===========================================================================================
----------------- testing Thu Dec 13 02:59:33 UTC 2018 /home/travis/build/icyphy/ptII/ptolemy/domains/continuous/test/auto/DEInContinuous.xml
----------------- Instantiating /home/travis/build/icyphy/ptII/ptolemy/domains/continuous/test/auto/DEInContinuous.xml
14 ms. Memory: 276992K Free: 78533K (28%)
----------------- Invoking toplevel() on ptolemy.moml.MoMLSimpleApplication@49493df9
----------------- Done invoking toplevel() on ptolemy.moml.MoMLSimpleApplication@49493df9
reloadAllAccessors: .DEInContinuous

===========================================================================================
----------------- testing Thu Dec 13 02:59:33 UTC 2018 /home/travis/build/icyphy/ptII/ptolemy/domains/continuous/test/auto/DEinContinuous2.xml
----------------- Instantiating /home/travis/build/icyphy/ptII/ptolemy/domains/continuous/test/auto/DEinContinuous2.xml
5 ms. Memory: 264192K Free: 244201K (92%)
----------------- Invoking toplevel() on ptolemy.moml.MoMLSimpleApplication@2135c450
----------------- Done invoking toplevel() on ptolemy.moml.MoMLSimpleApplication@2135c450
reloadAllAccessors: .DEinContinuous2

===========================================================================================
----------------- testing Thu Dec 13 02:59:33 UTC 2018 /home/travis/build/icyphy/ptII/ptolemy/domains/continuous/test/auto/Derivative.xml
----------------- Instantiating /home/travis/build/icyphy/ptII/ptolemy/domains/continuous/test/auto/Derivative.xml
161 ms. Memory: 264192K Free: 203118K (77%)
----------------- Invoking toplevel() on ptolemy.moml.MoMLSimpleApplication@55844d96
----------------- Done invoking toplevel() on ptolemy.moml.MoMLSimpleApplication@55844d96
reloadAllAccessors: .Derivative2

===========================================================================================
----------------- testing Thu Dec 13 02:59:33 UTC 2018 /home/travis/build/icyphy/ptII/ptolemy/domains/continuous/test/auto/Derivative1.xml
----------------- Instantiating /home/travis/build/icyphy/ptII/ptolemy/domains/continuous/test/auto/Derivative1.xml
14 ms. Memory: 264192K Free: 183973K (70%)
----------------- Invoking toplevel() on ptolemy.moml.MoMLSimpleApplication@ff9f379
----------------- Done invoking toplevel() on ptolemy.moml.MoMLSimpleApplication@ff9f379
reloadAllAccessors: .Derivative1

===========================================================================================
----------------- testing Thu Dec 13 02:59:33 UTC 2018 /home/travis/build/icyphy/ptII/ptolemy/domains/continuous/test/auto/DiscreteClock.xml
----------------- Instantiating /home/travis/build/icyphy/ptII/ptolemy/domains/continuous/test/auto/DiscreteClock.xml
5 ms. Memory: 264192K Free: 172155K (65%)
----------------- Invoking toplevel() on ptolemy.moml.MoMLSimpleApplication@6d0e6de
----------------- Done invoking toplevel() on ptolemy.moml.MoMLSimpleApplication@6d0e6de
reloadAllAccessors: .DiscreteClock

===========================================================================================
----------------- testing Thu Dec 13 02:59:33 UTC 2018 /home/travis/build/icyphy/ptII/ptolemy/domains/continuous/test/auto/EfficiencyCurve.xml
----------------- Instantiating /home/travis/build/icyphy/ptII/ptolemy/domains/continuous/test/auto/EfficiencyCurve.xml
73 ms. Memory: 264192K Free: 156699K (59%)
----------------- Invoking toplevel() on ptolemy.moml.MoMLSimpleApplication@79f8e2af
----------------- Done invoking toplevel() on ptolemy.moml.MoMLSimpleApplication@79f8e2af
reloadAllAccessors: .EfficiencyCurve

===========================================================================================
----------------- testing Thu Dec 13 02:59:33 UTC 2018 /home/travis/build/icyphy/ptII/ptolemy/domains/continuous/test/auto/ExponentialResponse.xml
----------------- Instantiating /home/travis/build/icyphy/ptII/ptolemy/domains/continuous/test/auto/ExponentialResponse.xml
93 ms. Memory: 264192K Free: 136814K (52%)
----------------- Invoking toplevel() on ptolemy.moml.MoMLSimpleApplication@65fd3a04
----------------- Done invoking toplevel() on ptolemy.moml.MoMLSimpleApplication@65fd3a04
reloadAllAccessors: .ExponentialResponse

===========================================================================================
----------------- testing Thu Dec 13 02:59:33 UTC 2018 /home/travis/build/icyphy/ptII/ptolemy/domains/continuous/test/auto/ExponentialResponseRK45.xml
----------------- Instantiating /home/travis/build/icyphy/ptII/ptolemy/domains/continuous/test/auto/ExponentialResponseRK45.xml
22 ms. Memory: 264192K Free: 128668K (49%)
----------------- Invoking toplevel() on ptolemy.moml.MoMLSimpleApplication@253cc8b8
----------------- Done invoking toplevel() on ptolemy.moml.MoMLSimpleApplication@253cc8b8
reloadAllAccessors: .ExponentialResponseRK45

===========================================================================================
----------------- testing Thu Dec 13 02:59:33 UTC 2018 /home/travis/build/icyphy/ptII/ptolemy/domains/continuous/test/auto/Friction.xml
----------------- Instantiating /home/travis/build/icyphy/ptII/ptolemy/domains/continuous/test/auto/Friction.xml
1321 ms. Memory: 246272K Free: 204031K (83%)
----------------- Invoking toplevel() on ptolemy.moml.MoMLSimpleApplication@3255ce3e
----------------- Done invoking toplevel() on ptolemy.moml.MoMLSimpleApplication@3255ce3e
reloadAllAccessors: .Friction

===========================================================================================
----------------- testing Thu Dec 13 02:59:35 UTC 2018 /home/travis/build/icyphy/ptII/ptolemy/domains/continuous/test/auto/FurutaPendulum.xml
----------------- Instantiating /home/travis/build/icyphy/ptII/ptolemy/domains/continuous/test/auto/FurutaPendulum.xml
3223 ms. Memory: 223744K Free: 153751K (69%)
----------------- Invoking toplevel() on ptolemy.moml.MoMLSimpleApplication@67c10182
----------------- Done invoking toplevel() on ptolemy.moml.MoMLSimpleApplication@67c10182
reloadAllAccessors: .FurutaPendulum

===========================================================================================
----------------- testing Thu Dec 13 02:59:38 UTC 2018 /home/travis/build/icyphy/ptII/ptolemy/domains/continuous/test/auto/HierarchicalExecution.xml
----------------- Instantiating /home/travis/build/icyphy/ptII/ptolemy/domains/continuous/test/auto/HierarchicalExecution.xml
1798 ms. Memory: 304128K Free: 242901K (80%)
----------------- Invoking toplevel() on ptolemy.moml.MoMLSimpleApplication@69fc5776
----------------- Done invoking toplevel() on ptolemy.moml.MoMLSimpleApplication@69fc5776
reloadAllAccessors: .HierarchicalExecution

===========================================================================================
----------------- testing Thu Dec 13 02:59:40 UTC 2018 /home/travis/build/icyphy/ptII/ptolemy/domains/continuous/test/auto/HybridPlant.xml
----------------- Instantiating /home/travis/build/icyphy/ptII/ptolemy/domains/continuous/test/auto/HybridPlant.xml
497 ms. Memory: 365568K Free: 250397K (68%)
----------------- Invoking toplevel() on ptolemy.moml.MoMLSimpleApplication@2455b985
----------------- Done invoking toplevel() on ptolemy.moml.MoMLSimpleApplication@2455b985
reloadAllAccessors: .HybridPlant

===========================================================================================
----------------- testing Thu Dec 13 02:59:41 UTC 2018 /home/travis/build/icyphy/ptII/ptolemy/domains/continuous/test/auto/Hysteresis.xml
----------------- Instantiating /home/travis/build/icyphy/ptII/ptolemy/domains/continuous/test/auto/Hysteresis.xml
128 ms. Memory: 365568K Free: 186259K (51%)
----------------- Invoking toplevel() on ptolemy.moml.MoMLSimpleApplication@63448138
----------------- Done invoking toplevel() on ptolemy.moml.MoMLSimpleApplication@63448138
reloadAllAccessors: .Hysteresis

===========================================================================================
----------------- testing Thu Dec 13 02:59:41 UTC 2018 /home/travis/build/icyphy/ptII/ptolemy/domains/continuous/test/auto/HysteresisWithRandomDelay.xml
----------------- Instantiating /home/travis/build/icyphy/ptII/ptolemy/domains/continuous/test/auto/HysteresisWithRandomDelay.xml
152 ms. Memory: 365568K Free: 107019K (29%)
----------------- Invoking toplevel() on ptolemy.moml.MoMLSimpleApplication@54988632
----------------- Done invoking toplevel() on ptolemy.moml.MoMLSimpleApplication@54988632
reloadAllAccessors: .HysteresisWithRandomDelay

===========================================================================================
----------------- testing Thu Dec 13 02:59:41 UTC 2018 /home/travis/build/icyphy/ptII/ptolemy/domains/continuous/test/auto/HysteresisWithRandomLosses.xml
----------------- Instantiating /home/travis/build/icyphy/ptII/ptolemy/domains/continuous/test/auto/HysteresisWithRandomLosses.xml
2056 ms. Memory: 398848K Free: 335229K (84%)
----------------- Invoking toplevel() on ptolemy.moml.MoMLSimpleApplication@5c5a0c5b
----------------- Done invoking toplevel() on ptolemy.moml.MoMLSimpleApplication@5c5a0c5b
reloadAllAccessors: .HysteresisWithRandomLosses

===========================================================================================
----------------- testing Thu Dec 13 02:59:43 UTC 2018 /home/travis/build/icyphy/ptII/ptolemy/domains/continuous/test/auto/ImmediateTransitions.xml
----------------- Instantiating /home/travis/build/icyphy/ptII/ptolemy/domains/continuous/test/auto/ImmediateTransitions.xml
8 ms. Memory: 398848K Free: 317049K (79%)
----------------- Invoking toplevel() on ptolemy.moml.MoMLSimpleApplication@5beb2e87
----------------- Done invoking toplevel() on ptolemy.moml.MoMLSimpleApplication@5beb2e87
reloadAllAccessors: .ImmediateTransitions

===========================================================================================
----------------- testing Thu Dec 13 02:59:43 UTC 2018 /home/travis/build/icyphy/ptII/ptolemy/domains/continuous/test/auto/ImpulseFeedback.xml
----------------- Instantiating /home/travis/build/icyphy/ptII/ptolemy/domains/continuous/test/auto/ImpulseFeedback.xml
7 ms. Memory: 398848K Free: 306695K (77%)
----------------- Invoking toplevel() on ptolemy.moml.MoMLSimpleApplication@2ddee7f0
----------------- Done invoking toplevel() on ptolemy.moml.MoMLSimpleApplication@2ddee7f0
reloadAllAccessors: .ImpulseFeedback

===========================================================================================
----------------- testing Thu Dec 13 02:59:43 UTC 2018 /home/travis/build/icyphy/ptII/ptolemy/domains/continuous/test/auto/ImpulseFeedback2.xml
----------------- Instantiating /home/travis/build/icyphy/ptII/ptolemy/domains/continuous/test/auto/ImpulseFeedback2.xml
7 ms. Memory: 398848K Free: 296345K (74%)
----------------- Invoking toplevel() on ptolemy.moml.MoMLSimpleApplication@3cf9971d
----------------- Done invoking toplevel() on ptolemy.moml.MoMLSimpleApplication@3cf9971d
reloadAllAccessors: .ImpulseFeedback2

===========================================================================================
----------------- testing Thu Dec 13 02:59:43 UTC 2018 /home/travis/build/icyphy/ptII/ptolemy/domains/continuous/test/auto/IncreasingRatePoisson.xml
----------------- Instantiating /home/travis/build/icyphy/ptII/ptolemy/domains/continuous/test/auto/IncreasingRatePoisson.xml
672 ms. Memory: 389632K Free: 265292K (68%)
----------------- Invoking toplevel() on ptolemy.moml.MoMLSimpleApplication@47f4a29
----------------- Done invoking toplevel() on ptolemy.moml.MoMLSimpleApplication@47f4a29
reloadAllAccessors: .IncreasingRatePoisson

===========================================================================================
----------------- testing Thu Dec 13 02:59:44 UTC 2018 /home/travis/build/icyphy/ptII/ptolemy/domains/continuous/test/auto/InitialStateFeedback.xml
----------------- Instantiating /home/travis/build/icyphy/ptII/ptolemy/domains/continuous/test/auto/InitialStateFeedback.xml
9 ms. Memory: 389632K Free: 256792K (66%)
----------------- Invoking toplevel() on ptolemy.moml.MoMLSimpleApplication@505c0d17
----------------- Done invoking toplevel() on ptolemy.moml.MoMLSimpleApplication@505c0d17
reloadAllAccessors: .InitialStateFeedback

===========================================================================================
----------------- testing Thu Dec 13 02:59:44 UTC 2018 /home/travis/build/icyphy/ptII/ptolemy/domains/continuous/test/auto/Integration.xml
----------------- Instantiating /home/travis/build/icyphy/ptII/ptolemy/domains/continuous/test/auto/Integration.xml
2 ms. Memory: 389632K Free: 249852K (64%)
----------------- Invoking toplevel() on ptolemy.moml.MoMLSimpleApplication@591eb500
----------------- Done invoking toplevel() on ptolemy.moml.MoMLSimpleApplication@591eb500
reloadAllAccessors: .Integration

===========================================================================================
----------------- testing Thu Dec 13 02:59:44 UTC 2018 /home/travis/build/icyphy/ptII/ptolemy/domains/continuous/test/auto/Integration2.xml
----------------- Instantiating /home/travis/build/icyphy/ptII/ptolemy/domains/continuous/test/auto/Integration2.xml
73 ms. Memory: 389632K Free: 232825K (60%)
----------------- Invoking toplevel() on ptolemy.moml.MoMLSimpleApplication@db099bc
----------------- Done invoking toplevel() on ptolemy.moml.MoMLSimpleApplication@db099bc
reloadAllAccessors: .Integration2

===========================================================================================
----------------- testing Thu Dec 13 02:59:44 UTC 2018 /home/travis/build/icyphy/ptII/ptolemy/domains/continuous/test/auto/Integration3.xml
----------------- Instantiating /home/travis/build/icyphy/ptII/ptolemy/domains/continuous/test/auto/Integration3.xml
2 ms. Memory: 389632K Free: 225882K (58%)
----------------- Invoking toplevel() on ptolemy.moml.MoMLSimpleApplication@1d97a930
----------------- Done invoking toplevel() on ptolemy.moml.MoMLSimpleApplication@1d97a930
reloadAllAccessors: .Integration3

===========================================================================================
----------------- testing Thu Dec 13 02:59:44 UTC 2018 /home/travis/build/icyphy/ptII/ptolemy/domains/continuous/test/auto/Integration5.xml
----------------- Instantiating /home/travis/build/icyphy/ptII/ptolemy/domains/continuous/test/auto/Integration5.xml
7 ms. Memory: 389632K Free: 218957K (56%)
----------------- Invoking toplevel() on ptolemy.moml.MoMLSimpleApplication@6071c6a5
----------------- Done invoking toplevel() on ptolemy.moml.MoMLSimpleApplication@6071c6a5
reloadAllAccessors: .Integration5

===========================================================================================
----------------- testing Thu Dec 13 02:59:44 UTC 2018 /home/travis/build/icyphy/ptII/ptolemy/domains/continuous/test/auto/IntegratorImpulse.xml
----------------- Instantiating /home/travis/build/icyphy/ptII/ptolemy/domains/continuous/test/auto/IntegratorImpulse.xml
2 ms. Memory: 389632K Free: 212032K (54%)
----------------- Invoking toplevel() on ptolemy.moml.MoMLSimpleApplication@6685f0c8
----------------- Done invoking toplevel() on ptolemy.moml.MoMLSimpleApplication@6685f0c8
reloadAllAccessors: .IntegratorImpulse

===========================================================================================
----------------- testing Thu Dec 13 02:59:44 UTC 2018 /home/travis/build/icyphy/ptII/ptolemy/domains/continuous/test/auto/IntegratorImpulse2.xml
----------------- Instantiating /home/travis/build/icyphy/ptII/ptolemy/domains/continuous/test/auto/IntegratorImpulse2.xml
4 ms. Memory: 389632K Free: 205108K (53%)
----------------- Invoking toplevel() on ptolemy.moml.MoMLSimpleApplication@d31dd74
----------------- Done invoking toplevel() on ptolemy.moml.MoMLSimpleApplication@d31dd74
reloadAllAccessors: .IntegratorImpulse2

===========================================================================================
----------------- testing Thu Dec 13 02:59:44 UTC 2018 /home/travis/build/icyphy/ptII/ptolemy/domains/continuous/test/auto/LevelCrossing1.xml
----------------- Instantiating /home/travis/build/icyphy/ptII/ptolemy/domains/continuous/test/auto/LevelCrossing1.xml
3 ms. Memory: 389632K Free: 198168K (51%)
----------------- Invoking toplevel() on ptolemy.moml.MoMLSimpleApplication@147a365
----------------- Done invoking toplevel() on ptolemy.moml.MoMLSimpleApplication@147a365
reloadAllAccessors: .LevelCrossing1

===========================================================================================
----------------- testing Thu Dec 13 02:59:44 UTC 2018 /home/travis/build/icyphy/ptII/ptolemy/domains/continuous/test/auto/LevelCrossing2.xml
----------------- Instantiating /home/travis/build/icyphy/ptII/ptolemy/domains/continuous/test/auto/LevelCrossing2.xml
3 ms. Memory: 389632K Free: 191227K (49%)
----------------- Invoking toplevel() on ptolemy.moml.MoMLSimpleApplication@3bc427b0
----------------- Done invoking toplevel() on ptolemy.moml.MoMLSimpleApplication@3bc427b0
reloadAllAccessors: .LevelCrossing2

===========================================================================================
----------------- testing Thu Dec 13 02:59:44 UTC 2018 /home/travis/build/icyphy/ptII/ptolemy/domains/continuous/test/auto/LevelCrossing3.xml
----------------- Instantiating /home/travis/build/icyphy/ptII/ptolemy/domains/continuous/test/auto/LevelCrossing3.xml
3 ms. Memory: 389632K Free: 184365K (47%)
----------------- Invoking toplevel() on ptolemy.moml.MoMLSimpleApplication@598aa16a
----------------- Done invoking toplevel() on ptolemy.moml.MoMLSimpleApplication@598aa16a
reloadAllAccessors: .LevelCrossing3

===========================================================================================
----------------- testing Thu Dec 13 02:59:44 UTC 2018 /home/travis/build/icyphy/ptII/ptolemy/domains/continuous/test/auto/LevelCrossing4.xml
----------------- Instantiating /home/travis/build/icyphy/ptII/ptolemy/domains/continuous/test/auto/LevelCrossing4.xml
3 ms. Memory: 389632K Free: 177439K (46%)
----------------- Invoking toplevel() on ptolemy.moml.MoMLSimpleApplication@5d046600
----------------- Done invoking toplevel() on ptolemy.moml.MoMLSimpleApplication@5d046600
reloadAllAccessors: .LevelCrossing4

===========================================================================================
----------------- testing Thu Dec 13 02:59:44 UTC 2018 /home/travis/build/icyphy/ptII/ptolemy/domains/continuous/test/auto/LevelCrossing5.xml
----------------- Instantiating /home/travis/build/icyphy/ptII/ptolemy/domains/continuous/test/auto/LevelCrossing5.xml
3 ms. Memory: 389632K Free: 170507K (44%)
----------------- Invoking toplevel() on ptolemy.moml.MoMLSimpleApplication@12a97a08
----------------- Done invoking toplevel() on ptolemy.moml.MoMLSimpleApplication@12a97a08
reloadAllAccessors: .LevelCrossing5

===========================================================================================
[...]
11 ms. Memory: 425472K Free: 131332K (31%)
----------------- Invoking toplevel() on ptolemy.moml.MoMLSimpleApplication@5039022b
----------------- Done invoking toplevel() on ptolemy.moml.MoMLSimpleApplication@5039022b
reloadAllAccessors: .ResetTransitionWithStartTime6

===========================================================================================
----------------- testing Thu Dec 13 03:00:00 UTC 2018 /home/travis/build/icyphy/ptII/ptolemy/domains/continuous/test/auto/SRinContinuous.xml
----------------- Instantiating /home/travis/build/icyphy/ptII/ptolemy/domains/continuous/test/auto/SRinContinuous.xml
4 ms. Memory: 425472K Free: 121771K (29%)
----------------- Invoking toplevel() on ptolemy.moml.MoMLSimpleApplication@436a8dcb
----------------- Done invoking toplevel() on ptolemy.moml.MoMLSimpleApplication@436a8dcb
reloadAllAccessors: .SRinContinuous

===========================================================================================
----------------- testing Thu Dec 13 03:00:00 UTC 2018 /home/travis/build/icyphy/ptII/ptolemy/domains/continuous/test/auto/SampledClocks.xml
----------------- Instantiating /home/travis/build/icyphy/ptII/ptolemy/domains/continuous/test/auto/SampledClocks.xml
8 ms. Memory: 425472K Free: 110559K (26%)
----------------- Invoking toplevel() on ptolemy.moml.MoMLSimpleApplication@4a9f59ae
----------------- Done invoking toplevel() on ptolemy.moml.MoMLSimpleApplication@4a9f59ae
reloadAllAccessors: .SampledClocks

===========================================================================================
----------------- testing Thu Dec 13 03:00:00 UTC 2018 /home/travis/build/icyphy/ptII/ptolemy/domains/continuous/test/auto/Satellite.xml
----------------- Instantiating /home/travis/build/icyphy/ptII/ptolemy/domains/continuous/test/auto/Satellite.xml
825 ms. Memory: 416256K Free: 261947K (63%)
----------------- Invoking toplevel() on ptolemy.moml.MoMLSimpleApplication@48e3320e
----------------- Done invoking toplevel() on ptolemy.moml.MoMLSimpleApplication@48e3320e
reloadAllAccessors: .Satellite

===========================================================================================
----------------- testing Thu Dec 13 03:00:01 UTC 2018 /home/travis/build/icyphy/ptII/ptolemy/domains/continuous/test/auto/SigmaDelta.xml
----------------- Instantiating /home/travis/build/icyphy/ptII/ptolemy/domains/continuous/test/auto/SigmaDelta.xml
2160 ms. Memory: 400896K Free: 195164K (49%)
----------------- Invoking toplevel() on ptolemy.moml.MoMLSimpleApplication@2a3bbf0b
----------------- Done invoking toplevel() on ptolemy.moml.MoMLSimpleApplication@2a3bbf0b
reloadAllAccessors: .SigmaDelta

===========================================================================================
----------------- testing Thu Dec 13 03:00:04 UTC 2018 /home/travis/build/icyphy/ptII/ptolemy/domains/continuous/test/auto/SingleRefinement.xml
----------------- Instantiating /home/travis/build/icyphy/ptII/ptolemy/domains/continuous/test/auto/SingleRefinement.xml
355 ms. Memory: 381952K Free: 300904K (79%)
----------------- Invoking toplevel() on ptolemy.moml.MoMLSimpleApplication@5826d0cd
----------------- Done invoking toplevel() on ptolemy.moml.MoMLSimpleApplication@5826d0cd
reloadAllAccessors: .SingleRefinement

===========================================================================================
----------------- testing Thu Dec 13 03:00:04 UTC 2018 /home/travis/build/icyphy/ptII/ptolemy/domains/continuous/test/auto/SinuBouncingBall.xml
----------------- Instantiating /home/travis/build/icyphy/ptII/ptolemy/domains/continuous/test/auto/SinuBouncingBall.xml
706 ms. Memory: 381952K Free: 77509K (20%)
----------------- Invoking toplevel() on ptolemy.moml.MoMLSimpleApplication@bb5135e
----------------- Done invoking toplevel() on ptolemy.moml.MoMLSimpleApplication@bb5135e
reloadAllAccessors: .SinuBouncingBall

===========================================================================================
----------------- testing Thu Dec 13 03:00:05 UTC 2018 /home/travis/build/icyphy/ptII/ptolemy/domains/continuous/test/auto/Sinusoid.xml
----------------- Instantiating /home/travis/build/icyphy/ptII/ptolemy/domains/continuous/test/auto/Sinusoid.xml
4 ms. Memory: 381952K Free: 71949K (19%)
----------------- Invoking toplevel() on ptolemy.moml.MoMLSimpleApplication@52879cb3
----------------- Done invoking toplevel() on ptolemy.moml.MoMLSimpleApplication@52879cb3
reloadAllAccessors: .Sinusoid

===========================================================================================
----------------- testing Thu Dec 13 03:00:05 UTC 2018 /home/travis/build/icyphy/ptII/ptolemy/domains/continuous/test/auto/SinusoidInNoise.xml
----------------- Instantiating /home/travis/build/icyphy/ptII/ptolemy/domains/continuous/test/auto/SinusoidInNoise.xml
923 ms. Memory: 369152K Free: 159170K (43%)
----------------- Invoking toplevel() on ptolemy.moml.MoMLSimpleApplication@5cc39d25
----------------- Done invoking toplevel() on ptolemy.moml.MoMLSimpleApplication@5cc39d25
reloadAllAccessors: .SinusoidInNoise

===========================================================================================
----------------- testing Thu Dec 13 03:00:06 UTC 2018 /home/travis/build/icyphy/ptII/ptolemy/domains/continuous/test/auto/SinusoidRK45.xml
----------------- Instantiating /home/travis/build/icyphy/ptII/ptolemy/domains/continuous/test/auto/SinusoidRK45.xml
2 ms. Memory: 369152K Free: 153094K (41%)
----------------- Invoking toplevel() on ptolemy.moml.MoMLSimpleApplication@733fa6c7
----------------- Done invoking toplevel() on ptolemy.moml.MoMLSimpleApplication@733fa6c7
reloadAllAccessors: .SinusoidRK45

===========================================================================================
----------------- testing Thu Dec 13 03:00:06 UTC 2018 /home/travis/build/icyphy/ptII/ptolemy/domains/continuous/test/auto/SinusoidWithMultipleImpulses.xml
----------------- Instantiating /home/travis/build/icyphy/ptII/ptolemy/domains/continuous/test/auto/SinusoidWithMultipleImpulses.xml
3 ms. Memory: 369152K Free: 146431K (40%)
----------------- Invoking toplevel() on ptolemy.moml.MoMLSimpleApplication@360125bb
----------------- Done invoking toplevel() on ptolemy.moml.MoMLSimpleApplication@360125bb
reloadAllAccessors: .SinusoidWithMultipleImpulses

===========================================================================================
----------------- testing Thu Dec 13 03:00:06 UTC 2018 /home/travis/build/icyphy/ptII/ptolemy/domains/continuous/test/auto/SquareWave.xml
----------------- Instantiating /home/travis/build/icyphy/ptII/ptolemy/domains/continuous/test/auto/SquareWave.xml
164 ms. Memory: 369152K Free: 118273K (32%)
----------------- Invoking toplevel() on ptolemy.moml.MoMLSimpleApplication@55a5bb51
----------------- Done invoking toplevel() on ptolemy.moml.MoMLSimpleApplication@55a5bb51
reloadAllAccessors: .SquareWave

===========================================================================================
----------------- testing Thu Dec 13 03:00:06 UTC 2018 /home/travis/build/icyphy/ptII/ptolemy/domains/continuous/test/auto/Starmac.xml
----------------- Instantiating /home/travis/build/icyphy/ptII/ptolemy/domains/continuous/test/auto/Starmac.xml
3073 ms. Memory: 428032K Free: 90506K (21%)
----------------- Invoking toplevel() on ptolemy.moml.MoMLSimpleApplication@1e484073
----------------- Done invoking toplevel() on ptolemy.moml.MoMLSimpleApplication@1e484073
reloadAllAccessors: .Starmac

===========================================================================================
----------------- testing Thu Dec 13 03:00:09 UTC 2018 /home/travis/build/icyphy/ptII/ptolemy/domains/continuous/test/auto/StaticUnits.xml
----------------- Instantiating /home/travis/build/icyphy/ptII/ptolemy/domains/continuous/test/auto/StaticUnits.xml
2071 ms. Memory: 487424K Free: 82794K (17%)
----------------- Invoking toplevel() on ptolemy.moml.MoMLSimpleApplication@1e16b8bd
----------------- Done invoking toplevel() on ptolemy.moml.MoMLSimpleApplication@1e16b8bd
reloadAllAccessors: .StaticUnits

===========================================================================================
----------------- testing Thu Dec 13 03:00:12 UTC 2018 /home/travis/build/icyphy/ptII/ptolemy/domains/continuous/test/auto/StickyMasses.xml
----------------- Instantiating /home/travis/build/icyphy/ptII/ptolemy/domains/continuous/test/auto/StickyMasses.xml
142 ms. Memory: 558080K Free: 510473K (91%)
----------------- Invoking toplevel() on ptolemy.moml.MoMLSimpleApplication@47d447eb
----------------- Done invoking toplevel() on ptolemy.moml.MoMLSimpleApplication@47d447eb
reloadAllAccessors: .StickyMasses

===========================================================================================
----------------- testing Thu Dec 13 03:00:12 UTC 2018 /home/travis/build/icyphy/ptII/ptolemy/domains/continuous/test/auto/StopTime.xml
----------------- Instantiating /home/travis/build/icyphy/ptII/ptolemy/domains/continuous/test/auto/StopTime.xml
44 ms. Memory: 558080K Free: 478930K (86%)
----------------- Invoking toplevel() on ptolemy.moml.MoMLSimpleApplication@3b8877b4
----------------- Done invoking toplevel() on ptolemy.moml.MoMLSimpleApplication@3b8877b4
reloadAllAccessors: .StopTime

===========================================================================================
----------------- testing Thu Dec 13 03:00:12 UTC 2018 /home/travis/build/icyphy/ptII/ptolemy/domains/continuous/test/auto/StopTime2.xml
----------------- Instantiating /home/travis/build/icyphy/ptII/ptolemy/domains/continuous/test/auto/StopTime2.xml
39 ms. Memory: 558080K Free: 452434K (81%)
----------------- Invoking toplevel() on ptolemy.moml.MoMLSimpleApplication@4313556b
----------------- Done invoking toplevel() on ptolemy.moml.MoMLSimpleApplication@4313556b
reloadAllAccessors: .StopTime2

===========================================================================================
----------------- testing Thu Dec 13 03:00:12 UTC 2018 /home/travis/build/icyphy/ptII/ptolemy/domains/continuous/test/auto/Switch.xml
----------------- Instantiating /home/travis/build/icyphy/ptII/ptolemy/domains/continuous/test/auto/Switch.xml
45 ms. Memory: 558080K Free: 422786K (76%)
----------------- Invoking toplevel() on ptolemy.moml.MoMLSimpleApplication@14a6f9d3
----------------- Done invoking toplevel() on ptolemy.moml.MoMLSimpleApplication@14a6f9d3
reloadAllAccessors: .Switch

===========================================================================================
----------------- testing Thu Dec 13 03:00:13 UTC 2018 /home/travis/build/icyphy/ptII/ptolemy/domains/continuous/test/auto/Thermostat.xml
----------------- Instantiating /home/travis/build/icyphy/ptII/ptolemy/domains/continuous/test/auto/Thermostat.xml
167 ms. Memory: 558080K Free: 345185K (62%)
----------------- Invoking toplevel() on ptolemy.moml.MoMLSimpleApplication@55e71fb1
----------------- Done invoking toplevel() on ptolemy.moml.MoMLSimpleApplication@55e71fb1
reloadAllAccessors: .Thermostat

===========================================================================================
----------------- testing Thu Dec 13 03:00:13 UTC 2018 /home/travis/build/icyphy/ptII/ptolemy/domains/continuous/test/auto/TimeDelay.xml
----------------- Instantiating /home/travis/build/icyphy/ptII/ptolemy/domains/continuous/test/auto/TimeDelay.xml
5 ms. Memory: 558080K Free: 334669K (60%)
----------------- Invoking toplevel() on ptolemy.moml.MoMLSimpleApplication@72c4bdcd
----------------- Done invoking toplevel() on ptolemy.moml.MoMLSimpleApplication@72c4bdcd
reloadAllAccessors: .TimeDelay

===========================================================================================
----------------- testing Thu Dec 13 03:00:13 UTC 2018 /home/travis/build/icyphy/ptII/ptolemy/domains/continuous/test/auto/TimeDelay2.xml
----------------- Instantiating /home/travis/build/icyphy/ptII/ptolemy/domains/continuous/test/auto/TimeDelay2.xml
7 ms. Memory: 558080K Free: 320992K (58%)
----------------- Invoking toplevel() on ptolemy.moml.MoMLSimpleApplication@5682365f
----------------- Done invoking toplevel() on ptolemy.moml.MoMLSimpleApplication@5682365f
reloadAllAccessors: .TimeDelay2

===========================================================================================
----------------- testing Thu Dec 13 03:00:13 UTC 2018 /home/travis/build/icyphy/ptII/ptolemy/domains/continuous/test/auto/TimeDelay3.xml
----------------- Instantiating /home/travis/build/icyphy/ptII/ptolemy/domains/continuous/test/auto/TimeDelay3.xml
6 ms. Memory: 558080K Free: 313671K (56%)
----------------- Invoking toplevel() on ptolemy.moml.MoMLSimpleApplication@a166c1
----------------- Done invoking toplevel() on ptolemy.moml.MoMLSimpleApplication@a166c1
reloadAllAccessors: .TimeDelay3

===========================================================================================
----------------- testing Thu Dec 13 03:00:13 UTC 2018 /home/travis/build/icyphy/ptII/ptolemy/domains/continuous/test/auto/TransferAbsentToInside.xml
----------------- Instantiating /home/travis/build/icyphy/ptII/ptolemy/domains/continuous/test/auto/TransferAbsentToInside.xml
43 ms. Memory: 558080K Free: 252009K (45%)
----------------- Invoking toplevel() on ptolemy.moml.MoMLSimpleApplication@be3f3ef
----------------- Done invoking toplevel() on ptolemy.moml.MoMLSimpleApplication@be3f3ef
reloadAllAccessors: .TransferAbsentToInside

===========================================================================================
----------------- testing Thu Dec 13 03:00:13 UTC 2018 /home/travis/build/icyphy/ptII/ptolemy/domains/continuous/test/auto/Transmission.xml
----------------- Instantiating /home/travis/build/icyphy/ptII/ptolemy/domains/continuous/test/auto/Transmission.xml
722 ms. Memory: 562176K Free: 492818K (88%)
----------------- Invoking toplevel() on ptolemy.moml.MoMLSimpleApplication@9868876
----------------- Done invoking toplevel() on ptolemy.moml.MoMLSimpleApplication@9868876
reloadAllAccessors: .Transmission

===========================================================================================
----------------- testing Thu Dec 13 03:00:14 UTC 2018 /home/travis/build/icyphy/ptII/ptolemy/domains/continuous/test/auto/TriggeredContinuousClock.xml
----------------- Instantiating /home/travis/build/icyphy/ptII/ptolemy/domains/continuous/test/auto/TriggeredContinuousClock.xml
33 ms. Memory: 562176K Free: 454605K (81%)
----------------- Invoking toplevel() on ptolemy.moml.MoMLSimpleApplication@4ff489a3
----------------- Done invoking toplevel() on ptolemy.moml.MoMLSimpleApplication@4ff489a3
reloadAllAccessors: .TriggeredContinuousClock

===========================================================================================
----------------- testing Thu Dec 13 03:00:14 UTC 2018 /home/travis/build/icyphy/ptII/ptolemy/domains/continuous/test/auto/TwoMachineInfiniteBusControl.xml
----------------- Instantiating /home/travis/build/icyphy/ptII/ptolemy/domains/continuous/test/auto/TwoMachineInfiniteBusControl.xml
2622 ms. Memory: 529920K Free: 339677K (64%)
----------------- Invoking toplevel() on ptolemy.moml.MoMLSimpleApplication@544141b4
----------------- Done invoking toplevel() on ptolemy.moml.MoMLSimpleApplication@544141b4
reloadAllAccessors: .TwoMachineInfiniteBusControl

===========================================================================================
----------------- testing Thu Dec 13 03:00:16 UTC 2018 /home/travis/build/icyphy/ptII/ptolemy/domains/continuous/test/auto/V2V.xml
----------------- Instantiating /home/travis/build/icyphy/ptII/ptolemy/domains/continuous/test/auto/V2V.xml
627 ms. Memory: 529920K Free: 140181K (26%)
----------------- Invoking toplevel() on ptolemy.moml.MoMLSimpleApplication@83e14b4
----------------- Done invoking toplevel() on ptolemy.moml.MoMLSimpleApplication@83e14b4
reloadAllAccessors: .V2V

===========================================================================================
----------------- testing Thu Dec 13 03:00:17 UTC 2018 /home/travis/build/icyphy/ptII/ptolemy/domains/continuous/test/auto/hierarchicalModalModel.xml
----------------- Instantiating /home/travis/build/icyphy/ptII/ptolemy/domains/continuous/test/auto/hierarchicalModalModel.xml
5 ms. Memory: 529920K Free: 120767K (23%)
----------------- Invoking toplevel() on ptolemy.moml.MoMLSimpleApplication@363d0783
----------------- Done invoking toplevel() on ptolemy.moml.MoMLSimpleApplication@363d0783
reloadAllAccessors: .hierarchicalModalModel

===========================================================================================
----------------- testing Thu Dec 13 03:00:17 UTC 2018 /home/travis/build/icyphy/ptII/ptolemy/domains/continuous/test/auto/hierarchicalModalModel1.xml
----------------- Instantiating /home/travis/build/icyphy/ptII/ptolemy/domains/continuous/test/auto/hierarchicalModalModel1.xml
5 ms. Memory: 529920K Free: 103672K (20%)
----------------- Invoking toplevel() on ptolemy.moml.MoMLSimpleApplication@c4df107
----------------- Done invoking toplevel() on ptolemy.moml.MoMLSimpleApplication@c4df107
reloadAllAccessors: .hierarchicalModalModel1

===========================================================================================
----------------- testing Thu Dec 13 03:00:17 UTC 2018 /home/travis/build/icyphy/ptII/ptolemy/domains/continuous/test/auto/hierarchicalModalModel2.xml
----------------- Instantiating /home/travis/build/icyphy/ptII/ptolemy/domains/continuous/test/auto/hierarchicalModalModel2.xml
4 ms. Memory: 529920K Free: 86538K (16%)
----------------- Invoking toplevel() on ptolemy.moml.MoMLSimpleApplication@67f483f0
----------------- Done invoking toplevel() on ptolemy.moml.MoMLSimpleApplication@67f483f0
reloadAllAccessors: .hierarchicalModalModel2

===========================================================================================
----------------- testing Thu Dec 13 03:00:17 UTC 2018 /home/travis/build/icyphy/ptII/ptolemy/domains/continuous/test/auto/hierarchicalModalModel3.xml
----------------- Instantiating /home/travis/build/icyphy/ptII/ptolemy/domains/continuous/test/auto/hierarchicalModalModel3.xml
5 ms. Memory: 529920K Free: 74067K (14%)
----------------- Invoking toplevel() on ptolemy.moml.MoMLSimpleApplication@779acd8a
----------------- Done invoking toplevel() on ptolemy.moml.MoMLSimpleApplication@779acd8a
reloadAllAccessors: .hierarchicalModalModel3

===========================================================================================
----------------- testing Thu Dec 13 03:00:17 UTC 2018 /home/travis/build/icyphy/ptII/ptolemy/domains/continuous/test/auto/hierarchicalModalModel4.xml
----------------- Instantiating /home/travis/build/icyphy/ptII/ptolemy/domains/continuous/test/auto/hierarchicalModalModel4.xml
4 ms. Memory: 529920K Free: 59292K (11%)
----------------- Invoking toplevel() on ptolemy.moml.MoMLSimpleApplication@3d486802
----------------- Done invoking toplevel() on ptolemy.moml.MoMLSimpleApplication@3d486802
reloadAllAccessors: .hierarchicalModalModel4

===========================================================================================
----------------- testing Thu Dec 13 03:00:17 UTC 2018 /home/travis/build/icyphy/ptII/ptolemy/domains/continuous/test/auto/junk.xml
----------------- Instantiating /home/travis/build/icyphy/ptII/ptolemy/domains/continuous/test/auto/junk.xml
135 ms. Memory: 508928K Free: 463034K (91%)
----------------- Invoking toplevel() on ptolemy.moml.MoMLSimpleApplication@3335bd64
----------------- Done invoking toplevel() on ptolemy.moml.MoMLSimpleApplication@3335bd64
reloadAllAccessors: .junk
AutoTests.java: About to close Vertx.
AutoTests.java: Vertx closed.
]]></system-out>
  <system-err><![CDATA[Warning: '.Poisson.NonStrictTest' The test produced only 385 tokens, yet the correctValues parameter was expecting 430 tokens.
]]></system-err>
</testsuite>
