<?xml version="1.0" encoding="UTF-8" ?>
<testsuite errors="0" failures="0" hostname="travis-job-65636803-aec3-40a0-8e8a-c89ec8662f5a" name="ptolemy.domains.de.test.junit.JUnitTclTest" skipped="0" tests="101" time="128.666" timestamp="2019-05-10T04:17:16">
  <properties>
[...]
</properties>
  <testcase classname="ptolemy.util.test.junit.TclTests" name="[0] /home/travis/build/icyphy/ptII/ptolemy/domains/de/test/DependencyLoop.tcl (RunTclFile)" time="0.782" />
  <testcase classname="ptolemy.util.test.junit.TclTests" name="[1] /home/travis/build/icyphy/ptII/ptolemy/domains/de/test/RunDETestsAsQSS.tcl (RunTclFile)" time="88.506" />
  <testcase classname="ptolemy.util.test.junit.AutoKnownFailedTests" name="[0] /home/travis/build/icyphy/ptII/ptolemy/domains/de/test/auto/knownFailedTests/DESDFClockTest.xml (RunModel)" time="2.036" />
  <testcase classname="ptolemy.util.test.junit.AutoKnownFailedTests" name="[1] /home/travis/build/icyphy/ptII/ptolemy/domains/de/test/auto/knownFailedTests/DirectFeedback.xml (RunModel)" time="0.012" />
  <testcase classname="ptolemy.util.test.junit.AutoKnownFailedTests" name="[2] /home/travis/build/icyphy/ptII/ptolemy/domains/de/test/auto/knownFailedTests/FSMSource.xml (RunModel)" time="0.025" />
  <testcase classname="ptolemy.util.test.junit.AutoKnownFailedTests" name="[3] /home/travis/build/icyphy/ptII/ptolemy/domains/de/test/auto/knownFailedTests/HierarchicalModel.xml (RunModel)" time="0.043" />
  <testcase classname="ptolemy.util.test.junit.AutoKnownFailedTests" name="[4] /home/travis/build/icyphy/ptII/ptolemy/domains/de/test/auto/knownFailedTests/dependencyLoop.xml (RunModel)" time="0.04" />
  <testcase classname="ptolemy.util.test.junit.AutoKnownFailedTests" name="[5] /home/travis/build/icyphy/ptII/ptolemy/domains/de/test/auto/knownFailedTests/dependencyLoop2.xml (RunModel)" time="0.036" />
  <testcase classname="ptolemy.util.test.junit.AutoNameArchTests" name="[0] ThereAreNoAutoArchTests (RunModel)" time="0.0" />
  <testcase classname="ptolemy.util.test.junit.AutoTests" name="[0] /home/travis/build/icyphy/ptII/ptolemy/domains/de/test/auto/ActorDepthCalculation_actorWithoutPorts.xml (RunModel)" time="0.02" />
  <testcase classname="ptolemy.util.test.junit.AutoTests" name="[1] /home/travis/build/icyphy/ptII/ptolemy/domains/de/test/auto/AssemblyLine.xml (RunModel)" time="0.023" />
  <testcase classname="ptolemy.util.test.junit.AutoTests" name="[2] /home/travis/build/icyphy/ptII/ptolemy/domains/de/test/auto/CQBug1.xml (RunModel)" time="0.013" />
  <testcase classname="ptolemy.util.test.junit.AutoTests" name="[3] /home/travis/build/icyphy/ptII/ptolemy/domains/de/test/auto/CancelFireAt.xml (RunModel)" time="0.007" />
  <testcase classname="ptolemy.util.test.junit.AutoTests" name="[4] /home/travis/build/icyphy/ptII/ptolemy/domains/de/test/auto/CausalityAndComposabilityAnalysis.xml (RunModel)" time="0.011" />
  <testcase classname="ptolemy.util.test.junit.AutoTests" name="[5] /home/travis/build/icyphy/ptII/ptolemy/domains/de/test/auto/CausalityInterface1.xml (RunModel)" time="0.012" />
  <testcase classname="ptolemy.util.test.junit.AutoTests" name="[6] /home/travis/build/icyphy/ptII/ptolemy/domains/de/test/auto/CausalityInterface15.xml (RunModel)" time="0.013" />
  <testcase classname="ptolemy.util.test.junit.AutoTests" name="[7] /home/travis/build/icyphy/ptII/ptolemy/domains/de/test/auto/CausalityInterface2.xml (RunModel)" time="0.01" />
  <testcase classname="ptolemy.util.test.junit.AutoTests" name="[8] /home/travis/build/icyphy/ptII/ptolemy/domains/de/test/auto/CausalityInterface3.xml (RunModel)" time="0.011" />
  <testcase classname="ptolemy.util.test.junit.AutoTests" name="[9] /home/travis/build/icyphy/ptII/ptolemy/domains/de/test/auto/ClockDrift.xml (RunModel)" time="0.036" />
  <testcase classname="ptolemy.util.test.junit.AutoTests" name="[10] /home/travis/build/icyphy/ptII/ptolemy/domains/de/test/auto/ClockDriftAndValueChange.xml (RunModel)" time="0.029" />
  <testcase classname="ptolemy.util.test.junit.AutoTests" name="[11] /home/travis/build/icyphy/ptII/ptolemy/domains/de/test/auto/ClockDriftChange.xml (RunModel)" time="0.019" />
  <testcase classname="ptolemy.util.test.junit.AutoTests" name="[12] /home/travis/build/icyphy/ptII/ptolemy/domains/de/test/auto/ComposableCausalityAnalysis.xml (RunModel)" time="0.012" />
  <testcase classname="ptolemy.util.test.junit.AutoTests" name="[13] /home/travis/build/icyphy/ptII/ptolemy/domains/de/test/auto/DEFixedPointLimitation.xml (RunModel)" time="0.006" />
  <testcase classname="ptolemy.util.test.junit.AutoTests" name="[14] /home/travis/build/icyphy/ptII/ptolemy/domains/de/test/auto/DEScheduleTest.xml (RunModel)" time="0.007" />
  <testcase classname="ptolemy.util.test.junit.AutoTests" name="[15] /home/travis/build/icyphy/ptII/ptolemy/domains/de/test/auto/DEinDEwithStartTimes.xml (RunModel)" time="0.008" />
  <testcase classname="ptolemy.util.test.junit.AutoTests" name="[16] /home/travis/build/icyphy/ptII/ptolemy/domains/de/test/auto/DEinDEwithStartTimes2.xml (RunModel)" time="0.009" />
  <testcase classname="ptolemy.util.test.junit.AutoTests" name="[17] /home/travis/build/icyphy/ptII/ptolemy/domains/de/test/auto/DateDemo.xml (RunModel)" time="0.019" />
  <testcase classname="ptolemy.util.test.junit.AutoTests" name="[18] /home/travis/build/icyphy/ptII/ptolemy/domains/de/test/auto/DateToEvent.xml (RunModel)" time="2.039" />
  <testcase classname="ptolemy.util.test.junit.AutoTests" name="[19] /home/travis/build/icyphy/ptII/ptolemy/domains/de/test/auto/DepthTest1.xml (RunModel)" time="0.024" />
  <testcase classname="ptolemy.util.test.junit.AutoTests" name="[20] /home/travis/build/icyphy/ptII/ptolemy/domains/de/test/auto/DepthTest2.xml (RunModel)" time="0.017" />
  <testcase classname="ptolemy.util.test.junit.AutoTests" name="[21] /home/travis/build/icyphy/ptII/ptolemy/domains/de/test/auto/DepthTest3.xml (RunModel)" time="0.008" />
  <testcase classname="ptolemy.util.test.junit.AutoTests" name="[22] /home/travis/build/icyphy/ptII/ptolemy/domains/de/test/auto/DepthTest4.xml (RunModel)" time="0.013" />
  <testcase classname="ptolemy.util.test.junit.AutoTests" name="[23] /home/travis/build/icyphy/ptII/ptolemy/domains/de/test/auto/DepthTest5.xml (RunModel)" time="0.016" />
  <testcase classname="ptolemy.util.test.junit.AutoTests" name="[24] /home/travis/build/icyphy/ptII/ptolemy/domains/de/test/auto/DepthTest6.xml (RunModel)" time="0.015" />
  <testcase classname="ptolemy.util.test.junit.AutoTests" name="[25] /home/travis/build/icyphy/ptII/ptolemy/domains/de/test/auto/DepthTest7.xml (RunModel)" time="0.021" />
  <testcase classname="ptolemy.util.test.junit.AutoTests" name="[26] /home/travis/build/icyphy/ptII/ptolemy/domains/de/test/auto/EventToDate.xml (RunModel)" time="3.04" />
  <testcase classname="ptolemy.util.test.junit.AutoTests" name="[27] /home/travis/build/icyphy/ptII/ptolemy/domains/de/test/auto/FSM1.xml (RunModel)" time="0.029" />
  <testcase classname="ptolemy.util.test.junit.AutoTests" name="[28] /home/travis/build/icyphy/ptII/ptolemy/domains/de/test/auto/FSM7.xml (RunModel)" time="0.028" />
  <testcase classname="ptolemy.util.test.junit.AutoTests" name="[29] /home/travis/build/icyphy/ptII/ptolemy/domains/de/test/auto/Inspection.xml (RunModel)" time="0.071" />
  <testcase classname="ptolemy.util.test.junit.AutoTests" name="[30] /home/travis/build/icyphy/ptII/ptolemy/domains/de/test/auto/Iteration.xml (RunModel)" time="0.018" />
  <testcase classname="ptolemy.util.test.junit.AutoTests" name="[31] /home/travis/build/icyphy/ptII/ptolemy/domains/de/test/auto/LineFault.xml (RunModel)" time="0.544" />
  <testcase classname="ptolemy.util.test.junit.AutoTests" name="[32] /home/travis/build/icyphy/ptII/ptolemy/domains/de/test/auto/MergeModel1Add.xml (RunModel)" time="0.045" />
  <testcase classname="ptolemy.util.test.junit.AutoTests" name="[33] /home/travis/build/icyphy/ptII/ptolemy/domains/de/test/auto/MergeModel2Add.xml (RunModel)" time="0.034" />
  <testcase classname="ptolemy.util.test.junit.AutoTests" name="[34] /home/travis/build/icyphy/ptII/ptolemy/domains/de/test/auto/MergeModel3Add.xml (RunModel)" time="0.041" />
  <testcase classname="ptolemy.util.test.junit.AutoTests" name="[35] /home/travis/build/icyphy/ptII/ptolemy/domains/de/test/auto/MergeWithoutDiscard.xml (RunModel)" time="0.01" />
  <testcase classname="ptolemy.util.test.junit.AutoTests" name="[36] /home/travis/build/icyphy/ptII/ptolemy/domains/de/test/auto/Modal1.xml (RunModel)" time="0.034" />
  <testcase classname="ptolemy.util.test.junit.AutoTests" name="[37] /home/travis/build/icyphy/ptII/ptolemy/domains/de/test/auto/Modal2.xml (RunModel)" time="0.033" />
  <testcase classname="ptolemy.util.test.junit.AutoTests" name="[38] /home/travis/build/icyphy/ptII/ptolemy/domains/de/test/auto/Modal3.xml (RunModel)" time="0.026" />
  <testcase classname="ptolemy.util.test.junit.AutoTests" name="[39] /home/travis/build/icyphy/ptII/ptolemy/domains/de/test/auto/Modal4.xml (RunModel)" time="0.03" />
  <testcase classname="ptolemy.util.test.junit.AutoTests" name="[40] /home/travis/build/icyphy/ptII/ptolemy/domains/de/test/auto/Modal5.xml (RunModel)" time="0.028" />
  <testcase classname="ptolemy.util.test.junit.AutoTests" name="[41] /home/travis/build/icyphy/ptII/ptolemy/domains/de/test/auto/Modal6.xml (RunModel)" time="0.024" />
  <testcase classname="ptolemy.util.test.junit.AutoTests" name="[42] /home/travis/build/icyphy/ptII/ptolemy/domains/de/test/auto/Modal7.xml (RunModel)" time="0.027" />
  <testcase classname="ptolemy.util.test.junit.AutoTests" name="[43] /home/travis/build/icyphy/ptII/ptolemy/domains/de/test/auto/ModalModel.xml (RunModel)" time="0.162" />
  <testcase classname="ptolemy.util.test.junit.AutoTests" name="[44] /home/travis/build/icyphy/ptII/ptolemy/domains/de/test/auto/ModalSource.xml (RunModel)" time="0.022" />
  <testcase classname="ptolemy.util.test.junit.AutoTests" name="[45] /home/travis/build/icyphy/ptII/ptolemy/domains/de/test/auto/NonInterruptibleTimerZeroDelay.xml (RunModel)" time="0.009" />
  <testcase classname="ptolemy.util.test.junit.AutoTests" name="[46] /home/travis/build/icyphy/ptII/ptolemy/domains/de/test/auto/OpenQueueingNetwork.xml (RunModel)" time="2.224" />
  <testcase classname="ptolemy.util.test.junit.AutoTests" name="[47] /home/travis/build/icyphy/ptII/ptolemy/domains/de/test/auto/OpenQueuingNetwork.xml (RunModel)" time="0.277" />
  <testcase classname="ptolemy.util.test.junit.AutoTests" name="[48] /home/travis/build/icyphy/ptII/ptolemy/domains/de/test/auto/PeriodicSampler.xml (RunModel)" time="0.008" />
  <testcase classname="ptolemy.util.test.junit.AutoTests" name="[49] /home/travis/build/icyphy/ptII/ptolemy/domains/de/test/auto/PersistentIO.xml (RunModel)" time="0.021" />
  <testcase classname="ptolemy.util.test.junit.AutoTests" name="[50] /home/travis/build/icyphy/ptII/ptolemy/domains/de/test/auto/PortParameterResetOnInitialize.xml (RunModel)" time="0.01" />
  <testcase classname="ptolemy.util.test.junit.AutoTests" name="[51] /home/travis/build/icyphy/ptII/ptolemy/domains/de/test/auto/PortParameterUpdates.xml (RunModel)" time="0.014" />
  <testcase classname="ptolemy.util.test.junit.AutoTests" name="[52] /home/travis/build/icyphy/ptII/ptolemy/domains/de/test/auto/QueueAndServer.xml (RunModel)" time="0.02" />
  <testcase classname="ptolemy.util.test.junit.AutoTests" name="[53] /home/travis/build/icyphy/ptII/ptolemy/domains/de/test/auto/Records.xml (RunModel)" time="0.021" />
  <testcase classname="ptolemy.util.test.junit.AutoTests" name="[54] /home/travis/build/icyphy/ptII/ptolemy/domains/de/test/auto/ResetTransitionWithStartTime1.xml (RunModel)" time="0.017" />
  <testcase classname="ptolemy.util.test.junit.AutoTests" name="[55] /home/travis/build/icyphy/ptII/ptolemy/domains/de/test/auto/ResetTransitionWithStartTime2.xml (RunModel)" time="0.018" />
  <testcase classname="ptolemy.util.test.junit.AutoTests" name="[56] /home/travis/build/icyphy/ptII/ptolemy/domains/de/test/auto/ResetTransitionWithStartTime3.xml (RunModel)" time="0.023" />
  <testcase classname="ptolemy.util.test.junit.AutoTests" name="[57] /home/travis/build/icyphy/ptII/ptolemy/domains/de/test/auto/ResetTransitionWithStartTime4.xml (RunModel)" time="0.02" />
  <testcase classname="ptolemy.util.test.junit.AutoTests" name="[58] /home/travis/build/icyphy/ptII/ptolemy/domains/de/test/auto/ResettableTimer1.xml (RunModel)" time="0.009" />
  <testcase classname="ptolemy.util.test.junit.AutoTests" name="[59] /home/travis/build/icyphy/ptII/ptolemy/domains/de/test/auto/ResettableTimer2.xml (RunModel)" time="0.013" />
  <testcase classname="ptolemy.util.test.junit.AutoTests" name="[60] /home/travis/build/icyphy/ptII/ptolemy/domains/de/test/auto/ResettableTimer3.xml (RunModel)" time="0.008" />
  <testcase classname="ptolemy.util.test.junit.AutoTests" name="[61] /home/travis/build/icyphy/ptII/ptolemy/domains/de/test/auto/ResettableTimer4.xml (RunModel)" time="0.01" />
  <testcase classname="ptolemy.util.test.junit.AutoTests" name="[62] /home/travis/build/icyphy/ptII/ptolemy/domains/de/test/auto/ResettableTimer5.xml (RunModel)" time="0.011" />
  <testcase classname="ptolemy.util.test.junit.AutoTests" name="[63] /home/travis/build/icyphy/ptII/ptolemy/domains/de/test/auto/ResettableTimer6.xml (RunModel)" time="0.018" />
  <testcase classname="ptolemy.util.test.junit.AutoTests" name="[64] /home/travis/build/icyphy/ptII/ptolemy/domains/de/test/auto/ServerZeroDelay.xml (RunModel)" time="0.009" />
  <testcase classname="ptolemy.util.test.junit.AutoTests" name="[65] /home/travis/build/icyphy/ptII/ptolemy/domains/de/test/auto/SmartSender.xml (RunModel)" time="3.009" />
  <testcase classname="ptolemy.util.test.junit.AutoTests" name="[66] /home/travis/build/icyphy/ptII/ptolemy/domains/de/test/auto/ThreadedComposite.xml (RunModel)" time="0.173" />
  <testcase classname="ptolemy.util.test.junit.AutoTests" name="[67] /home/travis/build/icyphy/ptII/ptolemy/domains/de/test/auto/Time.xml (RunModel)" time="0.41" />
  <testcase classname="ptolemy.util.test.junit.AutoTests" name="[68] /home/travis/build/icyphy/ptII/ptolemy/domains/de/test/auto/TimeDelayZeroDelay.xml (RunModel)" time="0.012" />
  <testcase classname="ptolemy.util.test.junit.AutoTests" name="[69] /home/travis/build/icyphy/ptII/ptolemy/domains/de/test/auto/TimerZeroDelay.xml (RunModel)" time="0.01" />
  <testcase classname="ptolemy.util.test.junit.AutoTests" name="[70] /home/travis/build/icyphy/ptII/ptolemy/domains/de/test/auto/TimingParadox.xml (RunModel)" time="0.342" />
  <testcase classname="ptolemy.util.test.junit.AutoTests" name="[71] /home/travis/build/icyphy/ptII/ptolemy/domains/de/test/auto/TransferInputs.xml (RunModel)" time="0.016" />
  <testcase classname="ptolemy.util.test.junit.AutoTests" name="[72] /home/travis/build/icyphy/ptII/ptolemy/domains/de/test/auto/TransferOutputs2.xml (RunModel)" time="0.017" />
  <testcase classname="ptolemy.util.test.junit.AutoTests" name="[73] /home/travis/build/icyphy/ptII/ptolemy/domains/de/test/auto/Trilateration.xml (RunModel)" time="11.239" />
  <testcase classname="ptolemy.util.test.junit.AutoTests" name="[74] /home/travis/build/icyphy/ptII/ptolemy/domains/de/test/auto/TwoSigmaDelta.xml (RunModel)" time="1.995" />
  <testcase classname="ptolemy.util.test.junit.AutoTests" name="[75] /home/travis/build/icyphy/ptII/ptolemy/domains/de/test/auto/VariableDelay.xml (RunModel)" time="0.012" />
  <testcase classname="ptolemy.util.test.junit.AutoTests" name="[76] /home/travis/build/icyphy/ptII/ptolemy/domains/de/test/auto/VariableDelay2.xml (RunModel)" time="0.008" />
  <testcase classname="ptolemy.util.test.junit.AutoTests" name="[77] /home/travis/build/icyphy/ptII/ptolemy/domains/de/test/auto/VariableDelayZeroDelay.xml (RunModel)" time="0.01" />
  <testcase classname="ptolemy.util.test.junit.AutoTests" name="[78] /home/travis/build/icyphy/ptII/ptolemy/domains/de/test/auto/VariableDelayZeroDelay2.xml (RunModel)" time="0.009" />
  <testcase classname="ptolemy.util.test.junit.AutoTests" name="[79] /home/travis/build/icyphy/ptII/ptolemy/domains/de/test/auto/deInCt.xml (RunModel)" time="0.011" />
  <testcase classname="ptolemy.util.test.junit.AutoTests" name="[80] /home/travis/build/icyphy/ptII/ptolemy/domains/de/test/auto/deInCt2.xml (RunModel)" time="0.013" />
  <testcase classname="ptolemy.util.test.junit.AutoTests" name="[81] /home/travis/build/icyphy/ptII/ptolemy/domains/de/test/auto/dynamicCausalityInterface1.xml (RunModel)" time="0.017" />
  <testcase classname="ptolemy.util.test.junit.AutoTests" name="[82] /home/travis/build/icyphy/ptII/ptolemy/domains/de/test/auto/fsm_de_test.xml (RunModel)" time="0.02" />
  <testcase classname="ptolemy.util.test.junit.AutoTests" name="[83] /home/travis/build/icyphy/ptII/ptolemy/domains/de/test/auto/functionDependencyReconstruction.xml (RunModel)" time="0.031" />
  <testcase classname="ptolemy.util.test.junit.AutoTests" name="[84] /home/travis/build/icyphy/ptII/ptolemy/domains/de/test/auto/multirate.xml (RunModel)" time="0.014" />
  <testcase classname="ptolemy.util.test.junit.AutoTests" name="[85] /home/travis/build/icyphy/ptII/ptolemy/domains/de/test/auto/multirate2.xml (RunModel)" time="0.014" />
  <testcase classname="ptolemy.util.test.junit.AutoTests" name="[86] /home/travis/build/icyphy/ptII/ptolemy/domains/de/test/auto/realtime.xml (RunModel)" time="10.01" />
  <testcase classname="ptolemy.util.test.junit.AutoTests" name="[87] /home/travis/build/icyphy/ptII/ptolemy/domains/de/test/auto/relationGroup.xml (RunModel)" time="0.008" />
  <testcase classname="ptolemy.util.test.junit.AutoTests" name="[88] /home/travis/build/icyphy/ptII/ptolemy/domains/de/test/auto/relationGroup2.xml (RunModel)" time="0.01" />
  <testcase classname="ptolemy.util.test.junit.AutoTests" name="[89] /home/travis/build/icyphy/ptII/ptolemy/domains/de/test/auto/sortWithOpaquePorts.xml (RunModel)" time="0.012" />
  <testcase classname="ptolemy.util.test.junit.AutoTests" name="[90] /home/travis/build/icyphy/ptII/ptolemy/domains/de/test/auto/transferInputsandOutputs.xml (RunModel)" time="0.046" />
  <testcase classname="ptolemy.util.test.junit.AutoTests" name="[91] /home/travis/build/icyphy/ptII/ptolemy/domains/de/test/auto/triggerType.xml (RunModel)" time="0.03" />
  <system-out><![CDATA[/home/travis/build/icyphy/ptII/ptolemy/domains/de/test/DependencyLoop.tcl
testDefs.tcl: setting time out to 9000 seconds at Fri May 10 04:17:16 UTC 2019
16 ms. Memory: 116224K Free: 97421K (84%)
23 ms. Memory: 146944K Free: 142416K (97%)
/home/travis/build/icyphy/ptII/ptolemy/domains/de/test/RunDETestsAsQSS.tcl
Run the DE tests using ptolemy.domains.qss.test.QSSDirectorTest, which extends QSSDirector and prints a message in the constructors.
------------------ testing $PTII/ptolemy/domains/de/test/auto/knownFailedTests/dependencyLoop.xml (Known Failure) 
7 ms. Memory: 146944K Free: 136937K (93%)


==== $PTIIhome/travis/build/icyphy/ptII/ptolemy/domains/de/test/../../../../: Auto Automatic test in file $PTII/ptolemy/domains/de/test/auto/knownFailedTests/dependencyLoop.xml
==== Contents of test case:

	    # FIXME: we should use $relativeFilename here, but it
	    # might have backslashes under Windows, which causes no end
	    # of trouble.
	    createAndExecute $file
	    list {}
	
.... Test generated KNOWN error:
    while executing
ptolemy.kernel.util.IllegalActionException: Found a zero delay loop containing .dependencyLoop.original
  in .dependencyLoop and .dependencyLoop.original
	at ptolemy.actor.util.CausalityInterfaceForComposites._computeOutputPortDepth(CausalityInterfaceForComposites.java:759)
	at ptolemy.actor.util.CausalityInterfaceForComposites._computeInputDepth(CausalityInterfaceForComposites.java:696)
	at ptolemy.actor.util.CausalityInterfaceForComposites._computeOutputPortDepth(CausalityInterfaceForComposites.java:765)
	at ptolemy.actor.util.CausalityInterfaceForComposites._computeInputDepth(CausalityInterfaceForComposites.java:696)
	at ptolemy.actor.util.CausalityInterfaceForComposites._computeOutputPortDepth(CausalityInterfaceForComposites.java:765)
	at ptolemy.actor.util.CausalityInterfaceForComposites._computeInputDepth(CausalityInterfaceForComposites.java:696)
	at ptolemy.actor.util.CausalityInterfaceForComposites._computeActorDepth(CausalityInterfaceForComposites.java:532)
	at ptolemy.actor.util.CausalityInterfaceForComposites.checkForCycles(CausalityInterfaceForComposites.java:96)
	at ptolemy.domains.de.kernel.DEDirector.preinitialize(DEDirector.java:1338)
	at ptolemy.actor.CompositeActor.preinitialize(CompositeActor.java:1828)
	at ptolemy.actor.Manager.preinitializeAndResolveTypes(Manager.java:1040)
	at ptolemy.actor.Manager.initialize(Manager.java:710)
	at ptolemy.actor.Manager.execute(Manager.java:356)
	at ptolemy.actor.Manager.run(Manager.java:1263)
	at ptolemy.actor.Manager$PtolemyRunThread.run(Manager.java:1915)

    while executing
ptolemy.kernel.util.IllegalActionException: Found a zero delay loop containing .dependencyLoop.original
  in .dependencyLoop and .dependencyLoop.original
    while executing
"java::new ptolemy.moml.MoMLSimpleApplication $file
"
    (procedure "createAndExecute" line 2)
    invoked from within
"createAndExecute $file"
    ("uplevel" body line 5)
    invoked from within
"uplevel $contents_of_test"
------------------ testing $PTII/ptolemy/domains/de/test/auto/knownFailedTests/DESDFClockTest.xml (Known Failure) 
2067 ms. Memory: 146944K Free: 121328K (83%)


==== $PTIIhome/travis/build/icyphy/ptII/ptolemy/domains/de/test/../../../../: Auto Automatic test in file $PTII/ptolemy/domains/de/test/auto/knownFailedTests/DESDFClockTest.xml
==== Contents of test case:

	    # FIXME: we should use $relativeFilename here, but it
	    # might have backslashes under Windows, which causes no end
	    # of trouble.
	    createAndExecute $file
	    list {}
	
.... Test generated KNOWN error:
    while executing
ptolemy.kernel.util.IllegalActionException: Actor is not ready to fire.  Perhaps UpSample.prefire() returned false? Try debugging the actor by selecting "Listen to Actor".  Also, for SDF check moml for tokenConsumptionRate on input.
  in .DESDFClockTest.Play Bell.Copy1:SDF Director and .DESDFClockTest.Play Bell.UpSample
	at ptolemy.actor.sched.StaticSchedulingDirector.fire(StaticSchedulingDirector.java:227)
	at ptolemy.domains.sdf.kernel.SDFDirector.fire(SDFDirector.java:500)
	at ptolemy.actor.CompositeActor.fire(CompositeActor.java:455)
	at ptolemy.domains.de.kernel.DEDirector._fire(DEDirector.java:1949)
	at ptolemy.domains.de.kernel.DEDirector.fire(DEDirector.java:502)
	at ptolemy.actor.CompositeActor.fire(CompositeActor.java:455)
	at ptolemy.actor.Manager.iterate(Manager.java:851)
	at ptolemy.actor.Manager.execute(Manager.java:369)
	at ptolemy.actor.Manager.run(Manager.java:1263)
	at ptolemy.actor.Manager$PtolemyRunThread.run(Manager.java:1915)

    while executing
ptolemy.kernel.util.IllegalActionException: Actor is not ready to fire.  Perhaps UpSample.prefire() returned false? Try debugging the actor by selecting "Listen to Actor".  Also, for SDF check moml for tokenConsumptionRate on input.
  in .DESDFClockTest.Play Bell.Copy1:SDF Director and .DESDFClockTest.Play Bell.UpSample
    while executing
"java::new ptolemy.moml.MoMLSimpleApplication $file
"
    (procedure "createAndExecute" line 2)
    invoked from within
"createAndExecute $file"
    ("uplevel" body line 5)
    invoked from within
"uplevel $contents_of_test"
------------------ testing $PTII/ptolemy/domains/de/test/auto/knownFailedTests/FSMSource.xml (Known Failure) 
38 ms. Memory: 146944K Free: 112411K (76%)
!!!! Auto was marked as failing, but now passes
------------------ testing $PTII/ptolemy/domains/de/test/auto/knownFailedTests/dependencyLoop2.xml (Known Failure) 
6 ms. Memory: 146944K Free: 110528K (75%)


==== $PTIIhome/travis/build/icyphy/ptII/ptolemy/domains/de/test/../../../../: Auto Automatic test in file $PTII/ptolemy/domains/de/test/auto/knownFailedTests/dependencyLoop2.xml
==== Contents of test case:

	    # FIXME: we should use $relativeFilename here, but it
	    # might have backslashes under Windows, which causes no end
	    # of trouble.
	    createAndExecute $file
	    list {}
	
.... Test generated KNOWN error:
    while executing
ptolemy.kernel.util.IllegalActionException: Found a zero delay loop containing .dependencyLoop2.original
  in .dependencyLoop2 and .dependencyLoop2.original
	at ptolemy.actor.util.CausalityInterfaceForComposites._computeOutputPortDepth(CausalityInterfaceForComposites.java:759)
	at ptolemy.actor.util.CausalityInterfaceForComposites._computeInputDepth(CausalityInterfaceForComposites.java:696)
	at ptolemy.actor.util.CausalityInterfaceForComposites._computeOutputPortDepth(CausalityInterfaceForComposites.java:765)
	at ptolemy.actor.util.CausalityInterfaceForComposites._computeInputDepth(CausalityInterfaceForComposites.java:696)
	at ptolemy.actor.util.CausalityInterfaceForComposites._computeOutputPortDepth(CausalityInterfaceForComposites.java:765)
	at ptolemy.actor.util.CausalityInterfaceForComposites._computeInputDepth(CausalityInterfaceForComposites.java:696)
	at ptolemy.actor.util.CausalityInterfaceForComposites._computeActorDepth(CausalityInterfaceForComposites.java:532)
	at ptolemy.actor.util.CausalityInterfaceForComposites.checkForCycles(CausalityInterfaceForComposites.java:96)
	at ptolemy.domains.de.kernel.DEDirector.preinitialize(DEDirector.java:1338)
	at ptolemy.actor.CompositeActor.preinitialize(CompositeActor.java:1828)
	at ptolemy.actor.Manager.preinitializeAndResolveTypes(Manager.java:1040)
	at ptolemy.actor.Manager.initialize(Manager.java:710)
	at ptolemy.actor.Manager.execute(Manager.java:356)
	at ptolemy.actor.Manager.run(Manager.java:1263)
	at ptolemy.actor.Manager$PtolemyRunThread.run(Manager.java:1915)

    while executing
ptolemy.kernel.util.IllegalActionException: Found a zero delay loop containing .dependencyLoop2.original
  in .dependencyLoop2 and .dependencyLoop2.original
    while executing
"java::new ptolemy.moml.MoMLSimpleApplication $file
"
    (procedure "createAndExecute" line 2)
    invoked from within
"createAndExecute $file"
    ("uplevel" body line 5)
    invoked from within
"uplevel $contents_of_test"
------------------ testing $PTII/ptolemy/domains/de/test/auto/knownFailedTests/HierarchicalModel.xml (Known Failure) 
5 ms. Memory: 146944K Free: 90337K (61%)


==== $PTIIhome/travis/build/icyphy/ptII/ptolemy/domains/de/test/../../../../: Auto Automatic test in file $PTII/ptolemy/domains/de/test/auto/knownFailedTests/HierarchicalModel.xml
==== Contents of test case:

	    # FIXME: we should use $relativeFilename here, but it
	    # might have backslashes under Windows, which causes no end
	    # of trouble.
	    createAndExecute $file
	    list {}
	
.... Test generated KNOWN error:
    while executing
ptolemy.kernel.util.IllegalActionException: Found a zero delay loop containing .HierarchicalModel.A
  in .HierarchicalModel and .HierarchicalModel.A
	at ptolemy.actor.util.CausalityInterfaceForComposites._computeOutputPortDepth(CausalityInterfaceForComposites.java:759)
	at ptolemy.actor.util.CausalityInterfaceForComposites._computeInputDepth(CausalityInterfaceForComposites.java:696)
	at ptolemy.actor.util.CausalityInterfaceForComposites._computeOutputPortDepth(CausalityInterfaceForComposites.java:765)
	at ptolemy.actor.util.CausalityInterfaceForComposites._computeInputDepth(CausalityInterfaceForComposites.java:696)
	at ptolemy.actor.util.CausalityInterfaceForComposites._computeOutputPortDepth(CausalityInterfaceForComposites.java:765)
	at ptolemy.actor.util.CausalityInterfaceForComposites._computeInputDepth(CausalityInterfaceForComposites.java:696)
	at ptolemy.actor.util.CausalityInterfaceForComposites._computeActorDepth(CausalityInterfaceForComposites.java:532)
	at ptolemy.actor.util.CausalityInterfaceForComposites.checkForCycles(CausalityInterfaceForComposites.java:96)
	at ptolemy.domains.de.kernel.DEDirector.preinitialize(DEDirector.java:1338)
	at ptolemy.actor.CompositeActor.preinitialize(CompositeActor.java:1828)
	at ptolemy.actor.Manager.preinitializeAndResolveTypes(Manager.java:1040)
	at ptolemy.actor.Manager.initialize(Manager.java:710)
	at ptolemy.actor.Manager.execute(Manager.java:356)
	at ptolemy.actor.Manager.run(Manager.java:1263)
	at ptolemy.actor.Manager$PtolemyRunThread.run(Manager.java:1915)

    while executing
ptolemy.kernel.util.IllegalActionException: Found a zero delay loop containing .HierarchicalModel.A
  in .HierarchicalModel and .HierarchicalModel.A
    while executing
"java::new ptolemy.moml.MoMLSimpleApplication $file
"
    (procedure "createAndExecute" line 2)
    invoked from within
"createAndExecute $file"
    ("uplevel" body line 5)
    invoked from within
"uplevel $contents_of_test"
------------------ testing $PTII/ptolemy/domains/de/test/auto/knownFailedTests/DirectFeedback.xml (Known Failure) 
4 ms. Memory: 146944K Free: 86217K (59%)


==== $PTIIhome/travis/build/icyphy/ptII/ptolemy/domains/de/test/../../../../: Auto Automatic test in file $PTII/ptolemy/domains/de/test/auto/knownFailedTests/DirectFeedback.xml
==== Contents of test case:

	    # FIXME: we should use $relativeFilename here, but it
	    # might have backslashes under Windows, which causes no end
	    # of trouble.
	    createAndExecute $file
	    list {}
	
.... Test generated KNOWN error:
    while executing
ptolemy.kernel.util.IllegalActionException: Test fails in iteration 1.
Value was: 1.0. Should have been: 2.0
  in .DirectFeedback.Test
	at ptolemy.actor.lib.Test.fire(Test.java:268)
	at ptolemy.domains.de.kernel.DEDirector._fire(DEDirector.java:1949)
	at ptolemy.domains.de.kernel.DEDirector.fire(DEDirector.java:502)
	at ptolemy.actor.CompositeActor.fire(CompositeActor.java:455)
	at ptolemy.actor.Manager.iterate(Manager.java:851)
	at ptolemy.actor.Manager.execute(Manager.java:369)
	at ptolemy.actor.Manager.run(Manager.java:1263)
	at ptolemy.actor.Manager$PtolemyRunThread.run(Manager.java:1915)

    while executing
ptolemy.kernel.util.IllegalActionException: Test fails in iteration 1.
Value was: 1.0. Should have been: 2.0
  in .DirectFeedback.Test
    while executing
"java::new ptolemy.moml.MoMLSimpleApplication $file
"
    (procedure "createAndExecute" line 2)
    invoked from within
"createAndExecute $file"
    ("uplevel" body line 5)
    invoked from within
"uplevel $contents_of_test"
------------------ testing $PTII/ptolemy/domains/de/test/auto/ActorDepthCalculation_actorWithoutPorts.xml
auto.tcl: Setting watchdog for 200 seconds at Fri May 10 04:17:19 UTC 2019
4 ms. Memory: 146944K Free: 138639K (94%)
ptolemy.util.test.WatchDog.cancel(): canceling Fri May 10 04:17:19 UTC 2019
auto.tcl: Setting watchdog for 200 seconds at Fri May 10 04:17:19 UTC 2019
4 ms. Memory: 146944K Free: 137607K (94%)
ptolemy.util.test.WatchDog.cancel(): canceling Fri May 10 04:17:19 UTC 2019
------------------ testing $PTII/ptolemy/domains/de/test/auto/AssemblyLine.xml
auto.tcl: Setting watchdog for 200 seconds at Fri May 10 04:17:20 UTC 2019
13 ms. Memory: 208384K Free: 183308K (88%)
ptolemy.util.test.WatchDog.cancel(): canceling Fri May 10 04:17:20 UTC 2019
auto.tcl: Setting watchdog for 200 seconds at Fri May 10 04:17:20 UTC 2019
11 ms. Memory: 208384K Free: 183308K (88%)
ptolemy.util.test.WatchDog.cancel(): canceling Fri May 10 04:17:20 UTC 2019
------------------ testing $PTII/ptolemy/domains/de/test/auto/CQBug1.xml
auto.tcl: Setting watchdog for 200 seconds at Fri May 10 04:17:20 UTC 2019
11 ms. Memory: 208384K Free: 197861K (95%)
ptolemy.util.test.WatchDog.cancel(): canceling Fri May 10 04:17:20 UTC 2019
auto.tcl: Setting watchdog for 200 seconds at Fri May 10 04:17:20 UTC 2019
2 ms. Memory: 208384K Free: 197861K (95%)
ptolemy.util.test.WatchDog.cancel(): canceling Fri May 10 04:17:20 UTC 2019
------------------ testing $PTII/ptolemy/domains/de/test/auto/CancelFireAt.xml
auto.tcl: Setting watchdog for 200 seconds at Fri May 10 04:17:20 UTC 2019
8 ms. Memory: 208384K Free: 201026K (96%)
ptolemy.util.test.WatchDog.cancel(): canceling Fri May 10 04:17:20 UTC 2019
auto.tcl: Setting watchdog for 200 seconds at Fri May 10 04:17:20 UTC 2019
2 ms. Memory: 208384K Free: 198962K (95%)
ptolemy.util.test.WatchDog.cancel(): canceling Fri May 10 04:17:20 UTC 2019
------------------ testing $PTII/ptolemy/domains/de/test/auto/CausalityAndComposabilityAnalysis.xml
auto.tcl: Setting watchdog for 200 seconds at Fri May 10 04:17:20 UTC 2019
14 ms. Memory: 208384K Free: 198558K (95%)
ptolemy.util.test.WatchDog.cancel(): canceling Fri May 10 04:17:20 UTC 2019
auto.tcl: Setting watchdog for 200 seconds at Fri May 10 04:17:20 UTC 2019
4 ms. Memory: 208384K Free: 196494K (94%)
ptolemy.util.test.WatchDog.cancel(): canceling Fri May 10 04:17:20 UTC 2019
------------------ testing $PTII/ptolemy/domains/de/test/auto/CausalityInterface1.xml
auto.tcl: Setting watchdog for 200 seconds at Fri May 10 04:17:20 UTC 2019
9 ms. Memory: 208384K Free: 198496K (95%)
ptolemy.util.test.WatchDog.cancel(): canceling Fri May 10 04:17:20 UTC 2019
auto.tcl: Setting watchdog for 200 seconds at Fri May 10 04:17:20 UTC 2019
8 ms. Memory: 208384K Free: 196431K (94%)
ptolemy.util.test.WatchDog.cancel(): canceling Fri May 10 04:17:20 UTC 2019
------------------ testing $PTII/ptolemy/domains/de/test/auto/CausalityInterface15.xml
auto.tcl: Setting watchdog for 200 seconds at Fri May 10 04:17:20 UTC 2019
9 ms. Memory: 208384K Free: 196421K (94%)
ptolemy.util.test.WatchDog.cancel(): canceling Fri May 10 04:17:21 UTC 2019
auto.tcl: Setting watchdog for 200 seconds at Fri May 10 04:17:21 UTC 2019
4 ms. Memory: 208384K Free: 196421K (94%)
ptolemy.util.test.WatchDog.cancel(): canceling Fri May 10 04:17:21 UTC 2019
------------------ testing $PTII/ptolemy/domains/de/test/auto/CausalityInterface2.xml
auto.tcl: Setting watchdog for 200 seconds at Fri May 10 04:17:21 UTC 2019
10 ms. Memory: 208384K Free: 196406K (94%)
ptolemy.util.test.WatchDog.cancel(): canceling Fri May 10 04:17:21 UTC 2019
auto.tcl: Setting watchdog for 200 seconds at Fri May 10 04:17:21 UTC 2019
3 ms. Memory: 208384K Free: 196406K (94%)
ptolemy.util.test.WatchDog.cancel(): canceling Fri May 10 04:17:21 UTC 2019
------------------ testing $PTII/ptolemy/domains/de/test/auto/CausalityInterface3.xml
auto.tcl: Setting watchdog for 200 seconds at Fri May 10 04:17:21 UTC 2019
7 ms. Memory: 208384K Free: 196418K (94%)
ptolemy.util.test.WatchDog.cancel(): canceling Fri May 10 04:17:21 UTC 2019
auto.tcl: Setting watchdog for 200 seconds at Fri May 10 04:17:21 UTC 2019
3 ms. Memory: 208384K Free: 196418K (94%)
ptolemy.util.test.WatchDog.cancel(): canceling Fri May 10 04:17:21 UTC 2019
------------------ testing $PTII/ptolemy/domains/de/test/auto/ClockDrift.xml
auto.tcl: Setting watchdog for 200 seconds at Fri May 10 04:17:21 UTC 2019
94 ms. Memory: 208384K Free: 187757K (90%)
ptolemy.util.test.WatchDog.cancel(): canceling Fri May 10 04:17:21 UTC 2019
auto.tcl: Setting watchdog for 200 seconds at Fri May 10 04:17:21 UTC 2019
60 ms. Memory: 208384K Free: 185693K (89%)
ptolemy.util.test.WatchDog.cancel(): canceling Fri May 10 04:17:21 UTC 2019
------------------ testing $PTII/ptolemy/domains/de/test/auto/ClockDriftAndValueChange.xml
auto.tcl: Setting watchdog for 200 seconds at Fri May 10 04:17:21 UTC 2019
45 ms. Memory: 208384K Free: 189655K (91%)
ptolemy.util.test.WatchDog.cancel(): canceling Fri May 10 04:17:21 UTC 2019
auto.tcl: Setting watchdog for 200 seconds at Fri May 10 04:17:21 UTC 2019
27 ms. Memory: 208384K Free: 185526K (89%)
ptolemy.util.test.WatchDog.cancel(): canceling Fri May 10 04:17:21 UTC 2019
------------------ testing $PTII/ptolemy/domains/de/test/auto/ClockDriftChange.xml
auto.tcl: Setting watchdog for 200 seconds at Fri May 10 04:17:21 UTC 2019
31 ms. Memory: 208384K Free: 190877K (92%)
ptolemy.util.test.WatchDog.cancel(): canceling Fri May 10 04:17:21 UTC 2019
auto.tcl: Setting watchdog for 200 seconds at Fri May 10 04:17:21 UTC 2019
26 ms. Memory: 208384K Free: 188812K (91%)
ptolemy.util.test.WatchDog.cancel(): canceling Fri May 10 04:17:21 UTC 2019
------------------ testing $PTII/ptolemy/domains/de/test/auto/ComposableCausalityAnalysis.xml
auto.tcl: Setting watchdog for 200 seconds at Fri May 10 04:17:21 UTC 2019
3 ms. Memory: 208384K Free: 196272K (94%)
ptolemy.util.test.WatchDog.cancel(): canceling Fri May 10 04:17:21 UTC 2019
auto.tcl: Setting watchdog for 200 seconds at Fri May 10 04:17:21 UTC 2019
2 ms. Memory: 208384K Free: 196272K (94%)
ptolemy.util.test.WatchDog.cancel(): canceling Fri May 10 04:17:21 UTC 2019
------------------ testing $PTII/ptolemy/domains/de/test/auto/DEFixedPointLimitation.xml
auto.tcl: Setting watchdog for 200 seconds at Fri May 10 04:17:21 UTC 2019
5 ms. Memory: 208384K Free: 198417K (95%)
ptolemy.util.test.WatchDog.cancel(): canceling Fri May 10 04:17:22 UTC 2019
auto.tcl: Setting watchdog for 200 seconds at Fri May 10 04:17:22 UTC 2019
5 ms. Memory: 208384K Free: 196353K (94%)
ptolemy.util.test.WatchDog.cancel(): canceling Fri May 10 04:17:22 UTC 2019
------------------ testing $PTII/ptolemy/domains/de/test/auto/DEScheduleTest.xml
auto.tcl: Setting watchdog for 200 seconds at Fri May 10 04:17:22 UTC 2019
5 ms. Memory: 208384K Free: 198453K (95%)
ptolemy.util.test.WatchDog.cancel(): canceling Fri May 10 04:17:22 UTC 2019
auto.tcl: Setting watchdog for 200 seconds at Fri May 10 04:17:22 UTC 2019
6 ms. Memory: 208384K Free: 196389K (94%)
ptolemy.util.test.WatchDog.cancel(): canceling Fri May 10 04:17:22 UTC 2019
------------------ testing $PTII/ptolemy/domains/de/test/auto/DEinDEwithStartTimes.xml
auto.tcl: Setting watchdog for 200 seconds at Fri May 10 04:17:22 UTC 2019
4 ms. Memory: 208384K Free: 196358K (94%)
ptolemy.util.test.WatchDog.cancel(): canceling Fri May 10 04:17:22 UTC 2019
auto.tcl: Setting watchdog for 200 seconds at Fri May 10 04:17:22 UTC 2019
3 ms. Memory: 208384K Free: 196358K (94%)
ptolemy.util.test.WatchDog.cancel(): canceling Fri May 10 04:17:22 UTC 2019
------------------ testing $PTII/ptolemy/domains/de/test/auto/DEinDEwithStartTimes2.xml
auto.tcl: Setting watchdog for 200 seconds at Fri May 10 04:17:22 UTC 2019
4 ms. Memory: 208384K Free: 196855K (94%)
ptolemy.util.test.WatchDog.cancel(): canceling Fri May 10 04:17:22 UTC 2019
auto.tcl: Setting watchdog for 200 seconds at Fri May 10 04:17:22 UTC 2019
4 ms. Memory: 208384K Free: 194272K (93%)
ptolemy.util.test.WatchDog.cancel(): canceling Fri May 10 04:17:22 UTC 2019
------------------ testing $PTII/ptolemy/domains/de/test/auto/DateDemo.xml
auto.tcl: Setting watchdog for 200 seconds at Fri May 10 04:17:22 UTC 2019
16 ms. Memory: 208384K Free: 188873K (91%)
ptolemy.util.test.WatchDog.cancel(): canceling Fri May 10 04:17:22 UTC 2019
auto.tcl: Setting watchdog for 200 seconds at Fri May 10 04:17:22 UTC 2019
10 ms. Memory: 208384K Free: 186809K (90%)
ptolemy.util.test.WatchDog.cancel(): canceling Fri May 10 04:17:22 UTC 2019
------------------ testing $PTII/ptolemy/domains/de/test/auto/DateToEvent.xml
auto.tcl: Setting watchdog for 200 seconds at Fri May 10 04:17:22 UTC 2019
2019 ms. Memory: 208384K Free: 183719K (88%)
ptolemy.util.test.WatchDog.cancel(): canceling Fri May 10 04:17:24 UTC 2019
auto.tcl: Setting watchdog for 200 seconds at Fri May 10 04:17:24 UTC 2019
2004 ms. Memory: 208384K Free: 183719K (88%)
ptolemy.util.test.WatchDog.cancel(): canceling Fri May 10 04:17:26 UTC 2019
------------------ testing $PTII/ptolemy/domains/de/test/auto/DepthTest1.xml
auto.tcl: Setting watchdog for 200 seconds at Fri May 10 04:17:26 UTC 2019
2 ms. Memory: 208384K Free: 197981K (95%)
ptolemy.util.test.WatchDog.cancel(): canceling Fri May 10 04:17:26 UTC 2019
auto.tcl: Setting watchdog for 200 seconds at Fri May 10 04:17:26 UTC 2019
2 ms. Memory: 208384K Free: 197981K (95%)
ptolemy.util.test.WatchDog.cancel(): canceling Fri May 10 04:17:26 UTC 2019
------------------ testing $PTII/ptolemy/domains/de/test/auto/DepthTest2.xml
auto.tcl: Setting watchdog for 200 seconds at Fri May 10 04:17:26 UTC 2019
11 ms. Memory: 208384K Free: 194284K (93%)
ptolemy.util.test.WatchDog.cancel(): canceling Fri May 10 04:17:26 UTC 2019
auto.tcl: Setting watchdog for 200 seconds at Fri May 10 04:17:26 UTC 2019
3 ms. Memory: 208384K Free: 194284K (93%)
ptolemy.util.test.WatchDog.cancel(): canceling Fri May 10 04:17:26 UTC 2019
------------------ testing $PTII/ptolemy/domains/de/test/auto/DepthTest3.xml
auto.tcl: Setting watchdog for 200 seconds at Fri May 10 04:17:26 UTC 2019
12 ms. Memory: 208384K Free: 198314K (95%)
ptolemy.util.test.WatchDog.cancel(): canceling Fri May 10 04:17:26 UTC 2019
auto.tcl: Setting watchdog for 200 seconds at Fri May 10 04:17:26 UTC 2019
2 ms. Memory: 208384K Free: 198314K (95%)
ptolemy.util.test.WatchDog.cancel(): canceling Fri May 10 04:17:26 UTC 2019
------------------ testing $PTII/ptolemy/domains/de/test/auto/DepthTest4.xml
auto.tcl: Setting watchdog for 200 seconds at Fri May 10 04:17:26 UTC 2019
7 ms. Memory: 208384K Free: 196337K (94%)
ptolemy.util.test.WatchDog.cancel(): canceling Fri May 10 04:17:26 UTC 2019
auto.tcl: Setting watchdog for 200 seconds at Fri May 10 04:17:26 UTC 2019
3 ms. Memory: 208384K Free: 196337K (94%)
ptolemy.util.test.WatchDog.cancel(): canceling Fri May 10 04:17:26 UTC 2019
------------------ testing $PTII/ptolemy/domains/de/test/auto/DepthTest5.xml
auto.tcl: Setting watchdog for 200 seconds at Fri May 10 04:17:26 UTC 2019
3 ms. Memory: 208384K Free: 196803K (94%)
ptolemy.util.test.WatchDog.cancel(): canceling Fri May 10 04:17:26 UTC 2019
auto.tcl: Setting watchdog for 200 seconds at Fri May 10 04:17:26 UTC 2019
3 ms. Memory: 208384K Free: 196803K (94%)
ptolemy.util.test.WatchDog.cancel(): canceling Fri May 10 04:17:26 UTC 2019
------------------ testing $PTII/ptolemy/domains/de/test/auto/DepthTest6.xml
auto.tcl: Setting watchdog for 200 seconds at Fri May 10 04:17:26 UTC 2019
8 ms. Memory: 208384K Free: 196780K (94%)
ptolemy.util.test.WatchDog.cancel(): canceling Fri May 10 04:17:26 UTC 2019
auto.tcl: Setting watchdog for 200 seconds at Fri May 10 04:17:26 UTC 2019
2 ms. Memory: 208384K Free: 196780K (94%)
ptolemy.util.test.WatchDog.cancel(): canceling Fri May 10 04:17:26 UTC 2019
------------------ testing $PTII/ptolemy/domains/de/test/auto/DepthTest7.xml
auto.tcl: Setting watchdog for 200 seconds at Fri May 10 04:17:27 UTC 2019
4 ms. Memory: 208384K Free: 195013K (94%)
ptolemy.util.test.WatchDog.cancel(): canceling Fri May 10 04:17:27 UTC 2019
auto.tcl: Setting watchdog for 200 seconds at Fri May 10 04:17:27 UTC 2019
2 ms. Memory: 208384K Free: 195013K (94%)
ptolemy.util.test.WatchDog.cancel(): canceling Fri May 10 04:17:27 UTC 2019
------------------ testing $PTII/ptolemy/domains/de/test/auto/EventToDate.xml
auto.tcl: Setting watchdog for 200 seconds at Fri May 10 04:17:27 UTC 2019
3010 ms. Memory: 208384K Free: 187991K (90%)
ptolemy.util.test.WatchDog.cancel(): canceling Fri May 10 04:17:30 UTC 2019
auto.tcl: Setting watchdog for 200 seconds at Fri May 10 04:17:30 UTC 2019
3004 ms. Memory: 208384K Free: 185926K (89%)
ptolemy.util.test.WatchDog.cancel(): canceling Fri May 10 04:17:33 UTC 2019
------------------ testing $PTII/ptolemy/domains/de/test/auto/FSM1.xml
auto.tcl: Setting watchdog for 200 seconds at Fri May 10 04:17:33 UTC 2019
25 ms. Memory: 208384K Free: 189366K (91%)
ptolemy.util.test.WatchDog.cancel(): canceling Fri May 10 04:17:33 UTC 2019
auto.tcl: Setting watchdog for 200 seconds at Fri May 10 04:17:33 UTC 2019
16 ms. Memory: 208384K Free: 185237K (89%)
ptolemy.util.test.WatchDog.cancel(): canceling Fri May 10 04:17:33 UTC 2019
------------------ testing $PTII/ptolemy/domains/de/test/auto/FSM7.xml
auto.tcl: Setting watchdog for 200 seconds at Fri May 10 04:17:33 UTC 2019
22 ms. Memory: 208384K Free: 189570K (91%)
ptolemy.util.test.WatchDog.cancel(): canceling Fri May 10 04:17:33 UTC 2019
auto.tcl: Setting watchdog for 200 seconds at Fri May 10 04:17:33 UTC 2019
14 ms. Memory: 208384K Free: 185441K (89%)
ptolemy.util.test.WatchDog.cancel(): canceling Fri May 10 04:17:33 UTC 2019
------------------ testing $PTII/ptolemy/domains/de/test/auto/Inspection.xml
auto.tcl: Setting watchdog for 200 seconds at Fri May 10 04:17:33 UTC 2019
26 ms. Memory: 208384K Free: 188718K (91%)
ptolemy.util.test.WatchDog.cancel(): canceling Fri May 10 04:17:33 UTC 2019
auto.tcl: Setting watchdog for 200 seconds at Fri May 10 04:17:33 UTC 2019
19 ms. Memory: 208384K Free: 186654K (90%)
ptolemy.util.test.WatchDog.cancel(): canceling Fri May 10 04:17:33 UTC 2019
------------------ testing $PTII/ptolemy/domains/de/test/auto/Iteration.xml
auto.tcl: Setting watchdog for 200 seconds at Fri May 10 04:17:33 UTC 2019
8 ms. Memory: 208384K Free: 196567K (94%)
ptolemy.util.test.WatchDog.cancel(): canceling Fri May 10 04:17:33 UTC 2019
auto.tcl: Setting watchdog for 200 seconds at Fri May 10 04:17:33 UTC 2019
5 ms. Memory: 208384K Free: 194503K (93%)
ptolemy.util.test.WatchDog.cancel(): canceling Fri May 10 04:17:33 UTC 2019
------------------ testing $PTII/ptolemy/domains/de/test/auto/LineFault.xml
auto.tcl: Setting watchdog for 200 seconds at Fri May 10 04:17:33 UTC 2019
734 ms. Memory: 208384K Free: 199854K (96%)
ptolemy.util.test.WatchDog.cancel(): canceling Fri May 10 04:17:34 UTC 2019
auto.tcl: Setting watchdog for 200 seconds at Fri May 10 04:17:34 UTC 2019
620 ms. Memory: 208384K Free: 143610K (69%)
ptolemy.util.test.WatchDog.cancel(): canceling Fri May 10 04:17:35 UTC 2019
------------------ testing $PTII/ptolemy/domains/de/test/auto/MergeModel1Add.xml
auto.tcl: Setting watchdog for 200 seconds at Fri May 10 04:17:35 UTC 2019
35 ms. Memory: 331264K Free: 300590K (91%)
ptolemy.util.test.WatchDog.cancel(): canceling Fri May 10 04:17:35 UTC 2019
auto.tcl: Setting watchdog for 200 seconds at Fri May 10 04:17:35 UTC 2019
15 ms. Memory: 331264K Free: 300590K (91%)
ptolemy.util.test.WatchDog.cancel(): canceling Fri May 10 04:17:35 UTC 2019
------------------ testing $PTII/ptolemy/domains/de/test/auto/MergeModel2Add.xml
auto.tcl: Setting watchdog for 200 seconds at Fri May 10 04:17:35 UTC 2019
11 ms. Memory: 331264K Free: 305536K (92%)
ptolemy.util.test.WatchDog.cancel(): canceling Fri May 10 04:17:35 UTC 2019
auto.tcl: Setting watchdog for 200 seconds at Fri May 10 04:17:35 UTC 2019
8 ms. Memory: 331264K Free: 301929K (91%)
ptolemy.util.test.WatchDog.cancel(): canceling Fri May 10 04:17:35 UTC 2019
------------------ testing $PTII/ptolemy/domains/de/test/auto/MergeModel3Add.xml
auto.tcl: Setting watchdog for 200 seconds at Fri May 10 04:17:35 UTC 2019
11 ms. Memory: 331264K Free: 305545K (92%)
ptolemy.util.test.WatchDog.cancel(): canceling Fri May 10 04:17:35 UTC 2019
auto.tcl: Setting watchdog for 200 seconds at Fri May 10 04:17:35 UTC 2019
7 ms. Memory: 331264K Free: 301938K (91%)
ptolemy.util.test.WatchDog.cancel(): canceling Fri May 10 04:17:35 UTC 2019
------------------ testing $PTII/ptolemy/domains/de/test/auto/MergeWithoutDiscard.xml
auto.tcl: Setting watchdog for 200 seconds at Fri May 10 04:17:35 UTC 2019
6 ms. Memory: 331264K Free: 317038K (96%)
ptolemy.util.test.WatchDog.cancel(): canceling Fri May 10 04:17:35 UTC 2019
auto.tcl: Setting watchdog for 200 seconds at Fri May 10 04:17:35 UTC 2019
1 ms. Memory: 331264K Free: 317038K (96%)
ptolemy.util.test.WatchDog.cancel(): canceling Fri May 10 04:17:35 UTC 2019
------------------ testing $PTII/ptolemy/domains/de/test/auto/Modal1.xml
auto.tcl: Setting watchdog for 200 seconds at Fri May 10 04:17:35 UTC 2019
13 ms. Memory: 331264K Free: 310581K (94%)
ptolemy.util.test.WatchDog.cancel(): canceling Fri May 10 04:17:35 UTC 2019
auto.tcl: Setting watchdog for 200 seconds at Fri May 10 04:17:35 UTC 2019
11 ms. Memory: 331264K Free: 306974K (93%)
ptolemy.util.test.WatchDog.cancel(): canceling Fri May 10 04:17:35 UTC 2019
------------------ testing $PTII/ptolemy/domains/de/test/auto/Modal2.xml
auto.tcl: Setting watchdog for 200 seconds at Fri May 10 04:17:35 UTC 2019
19 ms. Memory: 331264K Free: 310455K (94%)
ptolemy.util.test.WatchDog.cancel(): canceling Fri May 10 04:17:36 UTC 2019
auto.tcl: Setting watchdog for 200 seconds at Fri May 10 04:17:36 UTC 2019
20 ms. Memory: 331264K Free: 306848K (93%)
ptolemy.util.test.WatchDog.cancel(): canceling Fri May 10 04:17:36 UTC 2019
------------------ testing $PTII/ptolemy/domains/de/test/auto/Modal3.xml
auto.tcl: Setting watchdog for 200 seconds at Fri May 10 04:17:36 UTC 2019
15 ms. Memory: 331264K Free: 310453K (94%)
ptolemy.util.test.WatchDog.cancel(): canceling Fri May 10 04:17:36 UTC 2019
auto.tcl: Setting watchdog for 200 seconds at Fri May 10 04:17:36 UTC 2019
12 ms. Memory: 331264K Free: 306846K (93%)
ptolemy.util.test.WatchDog.cancel(): canceling Fri May 10 04:17:36 UTC 2019
------------------ testing $PTII/ptolemy/domains/de/test/auto/Modal4.xml
auto.tcl: Setting watchdog for 200 seconds at Fri May 10 04:17:36 UTC 2019
12 ms. Memory: 331264K Free: 311141K (94%)
ptolemy.util.test.WatchDog.cancel(): canceling Fri May 10 04:17:36 UTC 2019
auto.tcl: Setting watchdog for 200 seconds at Fri May 10 04:17:36 UTC 2019
13 ms. Memory: 331264K Free: 306859K (93%)
ptolemy.util.test.WatchDog.cancel(): canceling Fri May 10 04:17:36 UTC 2019
------------------ testing $PTII/ptolemy/domains/de/test/auto/Modal5.xml
auto.tcl: Setting watchdog for 200 seconds at Fri May 10 04:17:36 UTC 2019
16 ms. Memory: 331264K Free: 310470K (94%)
ptolemy.util.test.WatchDog.cancel(): canceling Fri May 10 04:17:36 UTC 2019
auto.tcl: Setting watchdog for 200 seconds at Fri May 10 04:17:36 UTC 2019
13 ms. Memory: 331264K Free: 306863K (93%)
ptolemy.util.test.WatchDog.cancel(): canceling Fri May 10 04:17:36 UTC 2019
------------------ testing $PTII/ptolemy/domains/de/test/auto/Modal6.xml
auto.tcl: Setting watchdog for 200 seconds at Fri May 10 04:17:36 UTC 2019
13 ms. Memory: 331264K Free: 310467K (94%)
ptolemy.util.test.WatchDog.cancel(): canceling Fri May 10 04:17:36 UTC 2019
auto.tcl: Setting watchdog for 200 seconds at Fri May 10 04:17:36 UTC 2019
14 ms. Memory: 331264K Free: 306860K (93%)
ptolemy.util.test.WatchDog.cancel(): canceling Fri May 10 04:17:36 UTC 2019
------------------ testing $PTII/ptolemy/domains/de/test/auto/Modal7.xml
auto.tcl: Setting watchdog for 200 seconds at Fri May 10 04:17:36 UTC 2019
20 ms. Memory: 331264K Free: 301944K (91%)
ptolemy.util.test.WatchDog.cancel(): canceling Fri May 10 04:17:36 UTC 2019
auto.tcl: Setting watchdog for 200 seconds at Fri May 10 04:17:36 UTC 2019
14 ms. Memory: 331264K Free: 298338K (90%)
ptolemy.util.test.WatchDog.cancel(): canceling Fri May 10 04:17:36 UTC 2019
------------------ testing $PTII/ptolemy/domains/de/test/auto/ModalModel.xml
auto.tcl: Setting watchdog for 200 seconds at Fri May 10 04:17:36 UTC 2019
183 ms. Memory: 331264K Free: 248004K (75%)
ptolemy.util.test.WatchDog.cancel(): canceling Fri May 10 04:17:36 UTC 2019
auto.tcl: Setting watchdog for 200 seconds at Fri May 10 04:17:36 UTC 2019
184 ms. Memory: 331264K Free: 190206K (57%)
ptolemy.util.test.WatchDog.cancel(): canceling Fri May 10 04:17:37 UTC 2019
------------------ testing $PTII/ptolemy/domains/de/test/auto/ModalSource.xml
auto.tcl: Setting watchdog for 200 seconds at Fri May 10 04:17:37 UTC 2019
11 ms. Memory: 331264K Free: 316800K (96%)
ptolemy.util.test.WatchDog.cancel(): canceling Fri May 10 04:17:37 UTC 2019
auto.tcl: Setting watchdog for 200 seconds at Fri May 10 04:17:37 UTC 2019
6 ms. Memory: 331264K Free: 313494K (95%)
ptolemy.util.test.WatchDog.cancel(): canceling Fri May 10 04:17:37 UTC 2019
------------------ testing $PTII/ptolemy/domains/de/test/auto/NonInterruptibleTimerZeroDelay.xml
auto.tcl: Setting watchdog for 200 seconds at Fri May 10 04:17:37 UTC 2019
3 ms. Memory: 331264K Free: 321189K (97%)
ptolemy.util.test.WatchDog.cancel(): canceling Fri May 10 04:17:37 UTC 2019
auto.tcl: Setting watchdog for 200 seconds at Fri May 10 04:17:37 UTC 2019
2 ms. Memory: 331264K Free: 317883K (96%)
ptolemy.util.test.WatchDog.cancel(): canceling Fri May 10 04:17:37 UTC 2019
------------------ testing $PTII/ptolemy/domains/de/test/auto/OpenQueueingNetwork.xml
auto.tcl: Setting watchdog for 200 seconds at Fri May 10 04:17:37 UTC 2019
2637 ms. Memory: 329216K Free: 160745K (49%)
ptolemy.util.test.WatchDog.cancel(): canceling Fri May 10 04:17:40 UTC 2019
auto.tcl: Setting watchdog for 200 seconds at Fri May 10 04:17:40 UTC 2019
2469 ms. Memory: 296960K Free: 251362K (85%)
ptolemy.util.test.WatchDog.cancel(): canceling Fri May 10 04:17:42 UTC 2019
------------------ testing $PTII/ptolemy/domains/de/test/auto/OpenQueuingNetwork.xml
auto.tcl: Setting watchdog for 200 seconds at Fri May 10 04:17:42 UTC 2019
234 ms. Memory: 296960K Free: 196444K (66%)
ptolemy.util.test.WatchDog.cancel(): canceling Fri May 10 04:17:42 UTC 2019
auto.tcl: Setting watchdog for 200 seconds at Fri May 10 04:17:42 UTC 2019
250 ms. Memory: 296960K Free: 134037K (45%)
ptolemy.util.test.WatchDog.cancel(): canceling Fri May 10 04:17:43 UTC 2019
------------------ testing $PTII/ptolemy/domains/de/test/auto/PeriodicSampler.xml
auto.tcl: Setting watchdog for 200 seconds at Fri May 10 04:17:43 UTC 2019
4 ms. Memory: 299520K Free: 287134K (96%)
ptolemy.util.test.WatchDog.cancel(): canceling Fri May 10 04:17:43 UTC 2019
auto.tcl: Setting watchdog for 200 seconds at Fri May 10 04:17:43 UTC 2019
2 ms. Memory: 299520K Free: 284130K (95%)
ptolemy.util.test.WatchDog.cancel(): canceling Fri May 10 04:17:43 UTC 2019
------------------ testing $PTII/ptolemy/domains/de/test/auto/PersistentIO.xml
auto.tcl: Setting watchdog for 200 seconds at Fri May 10 04:17:43 UTC 2019
14 ms. Memory: 296960K Free: 281499K (95%)
ptolemy.util.test.WatchDog.cancel(): canceling Fri May 10 04:17:43 UTC 2019
auto.tcl: Setting watchdog for 200 seconds at Fri May 10 04:17:43 UTC 2019
4 ms. Memory: 296960K Free: 278504K (94%)
ptolemy.util.test.WatchDog.cancel(): canceling Fri May 10 04:17:43 UTC 2019
------------------ testing $PTII/ptolemy/domains/de/test/auto/PortParameterResetOnInitialize.xml
auto.tcl: Setting watchdog for 200 seconds at Fri May 10 04:17:43 UTC 2019
3 ms. Memory: 299008K Free: 284079K (95%)
ptolemy.util.test.WatchDog.cancel(): canceling Fri May 10 04:17:43 UTC 2019
auto.tcl: Setting watchdog for 200 seconds at Fri May 10 04:17:43 UTC 2019
2 ms. Memory: 299008K Free: 284079K (95%)
ptolemy.util.test.WatchDog.cancel(): canceling Fri May 10 04:17:43 UTC 2019
------------------ testing $PTII/ptolemy/domains/de/test/auto/PortParameterUpdates.xml
auto.tcl: Setting watchdog for 200 seconds at Fri May 10 04:17:43 UTC 2019
3 ms. Memory: 296960K Free: 284335K (96%)
ptolemy.util.test.WatchDog.cancel(): canceling Fri May 10 04:17:43 UTC 2019
auto.tcl: Setting watchdog for 200 seconds at Fri May 10 04:17:43 UTC 2019
4 ms. Memory: 296960K Free: 281347K (95%)
ptolemy.util.test.WatchDog.cancel(): canceling Fri May 10 04:17:43 UTC 2019
------------------ testing $PTII/ptolemy/domains/de/test/auto/QueueAndServer.xml
auto.tcl: Setting watchdog for 200 seconds at Fri May 10 04:17:43 UTC 2019
20 ms. Memory: 299008K Free: 283335K (95%)
ptolemy.util.test.WatchDog.cancel(): canceling Fri May 10 04:17:43 UTC 2019
auto.tcl: Setting watchdog for 200 seconds at Fri May 10 04:17:43 UTC 2019
6 ms. Memory: 299008K Free: 283335K (95%)
ptolemy.util.test.WatchDog.cancel(): canceling Fri May 10 04:17:43 UTC 2019
------------------ testing $PTII/ptolemy/domains/de/test/auto/Records.xml
auto.tcl: Setting watchdog for 200 seconds at Fri May 10 04:17:43 UTC 2019
6 ms. Memory: 296960K Free: 284232K (96%)
ptolemy.util.test.WatchDog.cancel(): canceling Fri May 10 04:17:43 UTC 2019
auto.tcl: Setting watchdog for 200 seconds at Fri May 10 04:17:43 UTC 2019
2 ms. Memory: 296960K Free: 284232K (96%)
ptolemy.util.test.WatchDog.cancel(): canceling Fri May 10 04:17:43 UTC 2019
------------------ testing $PTII/ptolemy/domains/de/test/auto/ResetTransitionWithStartTime1.xml
auto.tcl: Setting watchdog for 200 seconds at Fri May 10 04:17:43 UTC 2019
6 ms. Memory: 298496K Free: 282797K (95%)
ptolemy.util.test.WatchDog.cancel(): canceling Fri May 10 04:17:43 UTC 2019
auto.tcl: Setting watchdog for 200 seconds at Fri May 10 04:17:43 UTC 2019
5 ms. Memory: 298496K Free: 282797K (95%)
ptolemy.util.test.WatchDog.cancel(): canceling Fri May 10 04:17:43 UTC 2019
------------------ testing $PTII/ptolemy/domains/de/test/auto/ResetTransitionWithStartTime2.xml
auto.tcl: Setting watchdog for 200 seconds at Fri May 10 04:17:43 UTC 2019
5 ms. Memory: 296960K Free: 281407K (95%)
ptolemy.util.test.WatchDog.cancel(): canceling Fri May 10 04:17:43 UTC 2019
auto.tcl: Setting watchdog for 200 seconds at Fri May 10 04:17:43 UTC 2019
6 ms. Memory: 296960K Free: 281407K (95%)
ptolemy.util.test.WatchDog.cancel(): canceling Fri May 10 04:17:43 UTC 2019
------------------ testing $PTII/ptolemy/domains/de/test/auto/ResetTransitionWithStartTime3.xml
auto.tcl: Setting watchdog for 200 seconds at Fri May 10 04:17:43 UTC 2019
8 ms. Memory: 298496K Free: 282779K (95%)
ptolemy.util.test.WatchDog.cancel(): canceling Fri May 10 04:17:43 UTC 2019
auto.tcl: Setting watchdog for 200 seconds at Fri May 10 04:17:43 UTC 2019
5 ms. Memory: 298496K Free: 282779K (95%)
ptolemy.util.test.WatchDog.cancel(): canceling Fri May 10 04:17:43 UTC 2019
------------------ testing $PTII/ptolemy/domains/de/test/auto/ResetTransitionWithStartTime4.xml
auto.tcl: Setting watchdog for 200 seconds at Fri May 10 04:17:43 UTC 2019
4 ms. Memory: 296960K Free: 281242K (95%)
ptolemy.util.test.WatchDog.cancel(): canceling Fri May 10 04:17:43 UTC 2019
auto.tcl: Setting watchdog for 200 seconds at Fri May 10 04:17:43 UTC 2019
4 ms. Memory: 296960K Free: 281242K (95%)
ptolemy.util.test.WatchDog.cancel(): canceling Fri May 10 04:17:43 UTC 2019
------------------ testing $PTII/ptolemy/domains/de/test/auto/ResettableTimer1.xml
auto.tcl: Setting watchdog for 200 seconds at Fri May 10 04:17:43 UTC 2019
2 ms. Memory: 298496K Free: 285769K (96%)
ptolemy.util.test.WatchDog.cancel(): canceling Fri May 10 04:17:43 UTC 2019
auto.tcl: Setting watchdog for 200 seconds at Fri May 10 04:17:43 UTC 2019
2 ms. Memory: 298496K Free: 285769K (96%)
ptolemy.util.test.WatchDog.cancel(): canceling Fri May 10 04:17:43 UTC 2019
------------------ testing $PTII/ptolemy/domains/de/test/auto/ResettableTimer2.xml
auto.tcl: Setting watchdog for 200 seconds at Fri May 10 04:17:44 UTC 2019
2 ms. Memory: 296960K Free: 284470K (96%)
ptolemy.util.test.WatchDog.cancel(): canceling Fri May 10 04:17:44 UTC 2019
auto.tcl: Setting watchdog for 200 seconds at Fri May 10 04:17:44 UTC 2019
2 ms. Memory: 296960K Free: 284470K (96%)
ptolemy.util.test.WatchDog.cancel(): canceling Fri May 10 04:17:44 UTC 2019
------------------ testing $PTII/ptolemy/domains/de/test/auto/ResettableTimer3.xml
auto.tcl: Setting watchdog for 200 seconds at Fri May 10 04:17:44 UTC 2019
1 ms. Memory: 297984K Free: 285314K (96%)
ptolemy.util.test.WatchDog.cancel(): canceling Fri May 10 04:17:44 UTC 2019
auto.tcl: Setting watchdog for 200 seconds at Fri May 10 04:17:44 UTC 2019
1 ms. Memory: 297984K Free: 285314K (96%)
ptolemy.util.test.WatchDog.cancel(): canceling Fri May 10 04:17:44 UTC 2019
------------------ testing $PTII/ptolemy/domains/de/test/auto/ResettableTimer4.xml
auto.tcl: Setting watchdog for 200 seconds at Fri May 10 04:17:44 UTC 2019
2 ms. Memory: 296960K Free: 284466K (96%)
ptolemy.util.test.WatchDog.cancel(): canceling Fri May 10 04:17:44 UTC 2019
auto.tcl: Setting watchdog for 200 seconds at Fri May 10 04:17:44 UTC 2019
1 ms. Memory: 296960K Free: 284466K (96%)
ptolemy.util.test.WatchDog.cancel(): canceling Fri May 10 04:17:44 UTC 2019
------------------ testing $PTII/ptolemy/domains/de/test/auto/ResettableTimer5.xml
auto.tcl: Setting watchdog for 200 seconds at Fri May 10 04:17:44 UTC 2019
1 ms. Memory: 297984K Free: 283170K (95%)
ptolemy.util.test.WatchDog.cancel(): canceling Fri May 10 04:17:44 UTC 2019
auto.tcl: Setting watchdog for 200 seconds at Fri May 10 04:17:44 UTC 2019
2 ms. Memory: 297984K Free: 283170K (95%)
ptolemy.util.test.WatchDog.cancel(): canceling Fri May 10 04:17:44 UTC 2019
------------------ testing $PTII/ptolemy/domains/de/test/auto/ResettableTimer6.xml
auto.tcl: Setting watchdog for 200 seconds at Fri May 10 04:17:44 UTC 2019
4 ms. Memory: 296960K Free: 284259K (96%)
ptolemy.util.test.WatchDog.cancel(): canceling Fri May 10 04:17:44 UTC 2019
auto.tcl: Setting watchdog for 200 seconds at Fri May 10 04:17:44 UTC 2019
2 ms. Memory: 296960K Free: 284259K (96%)
ptolemy.util.test.WatchDog.cancel(): canceling Fri May 10 04:17:44 UTC 2019
------------------ testing $PTII/ptolemy/domains/de/test/auto/ServerZeroDelay.xml
auto.tcl: Setting watchdog for 200 seconds at Fri May 10 04:17:44 UTC 2019
4 ms. Memory: 297984K Free: 285429K (96%)
ptolemy.util.test.WatchDog.cancel(): canceling Fri May 10 04:17:44 UTC 2019
auto.tcl: Setting watchdog for 200 seconds at Fri May 10 04:17:44 UTC 2019
2 ms. Memory: 297984K Free: 285429K (96%)
ptolemy.util.test.WatchDog.cancel(): canceling Fri May 10 04:17:44 UTC 2019
------------------ testing $PTII/ptolemy/domains/de/test/auto/SmartSender.xml
auto.tcl: Setting watchdog for 200 seconds at Fri May 10 04:17:44 UTC 2019
3002 ms. Memory: 296960K Free: 284399K (96%)
ptolemy.util.test.WatchDog.cancel(): canceling Fri May 10 04:17:47 UTC 2019
auto.tcl: Setting watchdog for 200 seconds at Fri May 10 04:17:47 UTC 2019
3001 ms. Memory: 296960K Free: 284399K (96%)
ptolemy.util.test.WatchDog.cancel(): canceling Fri May 10 04:17:50 UTC 2019
------------------ testing $PTII/ptolemy/domains/de/test/auto/ThreadedComposite.xml
auto.tcl: Setting watchdog for 200 seconds at Fri May 10 04:17:50 UTC 2019
200 ms. Memory: 297984K Free: 264210K (89%)
ptolemy.util.test.WatchDog.cancel(): canceling Fri May 10 04:17:50 UTC 2019
auto.tcl: Setting watchdog for 200 seconds at Fri May 10 04:17:50 UTC 2019
106 ms. Memory: 297984K Free: 249596K (84%)
ptolemy.util.test.WatchDog.cancel(): canceling Fri May 10 04:17:50 UTC 2019
------------------ testing $PTII/ptolemy/domains/de/test/auto/Time.xml
auto.tcl: Setting watchdog for 200 seconds at Fri May 10 04:17:50 UTC 2019
519 ms. Memory: 296960K Free: 227918K (77%)
ptolemy.util.test.WatchDog.cancel(): canceling Fri May 10 04:17:51 UTC 2019
auto.tcl: Setting watchdog for 200 seconds at Fri May 10 04:17:51 UTC 2019
512 ms. Memory: 296960K Free: 171147K (58%)
ptolemy.util.test.WatchDog.cancel(): canceling Fri May 10 04:17:51 UTC 2019
------------------ testing $PTII/ptolemy/domains/de/test/auto/TimeDelayZeroDelay.xml
auto.tcl: Setting watchdog for 200 seconds at Fri May 10 04:17:51 UTC 2019
2 ms. Memory: 297472K Free: 285346K (96%)
ptolemy.util.test.WatchDog.cancel(): canceling Fri May 10 04:17:51 UTC 2019
auto.tcl: Setting watchdog for 200 seconds at Fri May 10 04:17:51 UTC 2019
2 ms. Memory: 297472K Free: 285346K (96%)
ptolemy.util.test.WatchDog.cancel(): canceling Fri May 10 04:17:51 UTC 2019
------------------ testing $PTII/ptolemy/domains/de/test/auto/TimerZeroDelay.xml
auto.tcl: Setting watchdog for 200 seconds at Fri May 10 04:17:52 UTC 2019
2 ms. Memory: 296960K Free: 284968K (96%)
ptolemy.util.test.WatchDog.cancel(): canceling Fri May 10 04:17:52 UTC 2019
auto.tcl: Setting watchdog for 200 seconds at Fri May 10 04:17:52 UTC 2019
2 ms. Memory: 296960K Free: 284968K (96%)
ptolemy.util.test.WatchDog.cancel(): canceling Fri May 10 04:17:52 UTC 2019
------------------ testing $PTII/ptolemy/domains/de/test/auto/TimingParadox.xml
auto.tcl: Setting watchdog for 200 seconds at Fri May 10 04:17:52 UTC 2019
336 ms. Memory: 297472K Free: 219096K (74%)
ptolemy.util.test.WatchDog.cancel(): canceling Fri May 10 04:17:52 UTC 2019
auto.tcl: Setting watchdog for 200 seconds at Fri May 10 04:17:52 UTC 2019
322 ms. Memory: 297472K Free: 181483K (61%)
ptolemy.util.test.WatchDog.cancel(): canceling Fri May 10 04:17:52 UTC 2019
------------------ testing $PTII/ptolemy/domains/de/test/auto/TransferInputs.xml
auto.tcl: Setting watchdog for 200 seconds at Fri May 10 04:17:52 UTC 2019
2 ms. Memory: 297472K Free: 284439K (96%)
ptolemy.util.test.WatchDog.cancel(): canceling Fri May 10 04:17:52 UTC 2019
auto.tcl: Setting watchdog for 200 seconds at Fri May 10 04:17:52 UTC 2019
2 ms. Memory: 297472K Free: 284439K (96%)
ptolemy.util.test.WatchDog.cancel(): canceling Fri May 10 04:17:52 UTC 2019
------------------ testing $PTII/ptolemy/domains/de/test/auto/TransferOutputs2.xml
auto.tcl: Setting watchdog for 200 seconds at Fri May 10 04:17:52 UTC 2019
3 ms. Memory: 296960K Free: 280172K (94%)
ptolemy.util.test.WatchDog.cancel(): canceling Fri May 10 04:17:53 UTC 2019
auto.tcl: Setting watchdog for 200 seconds at Fri May 10 04:17:53 UTC 2019
3 ms. Memory: 296960K Free: 277481K (93%)
ptolemy.util.test.WatchDog.cancel(): canceling Fri May 10 04:17:53 UTC 2019
------------------ testing $PTII/ptolemy/domains/de/test/auto/Trilateration.xml
auto.tcl: Setting watchdog for 200 seconds at Fri May 10 04:17:53 UTC 2019
14353 ms. Memory: 562688K Free: 244084K (43%)
ptolemy.util.test.WatchDog.cancel(): canceling Fri May 10 04:18:08 UTC 2019
auto.tcl: Setting watchdog for 200 seconds at Fri May 10 04:18:08 UTC 2019
11044 ms. Memory: 444416K Free: 96907K (22%)
ptolemy.util.test.WatchDog.cancel(): canceling Fri May 10 04:18:19 UTC 2019
------------------ testing $PTII/ptolemy/domains/de/test/auto/TwoSigmaDelta.xml
auto.tcl: Setting watchdog for 200 seconds at Fri May 10 04:18:19 UTC 2019
2828 ms. Memory: 441344K Free: 127081K (29%)
ptolemy.util.test.WatchDog.cancel(): canceling Fri May 10 04:18:22 UTC 2019
auto.tcl: Setting watchdog for 200 seconds at Fri May 10 04:18:22 UTC 2019
2084 ms. Memory: 427520K Free: 236896K (55%)
ptolemy.util.test.WatchDog.cancel(): canceling Fri May 10 04:18:24 UTC 2019
------------------ testing $PTII/ptolemy/domains/de/test/auto/VariableDelay.xml
auto.tcl: Setting watchdog for 200 seconds at Fri May 10 04:18:24 UTC 2019
3 ms. Memory: 424960K Free: 407689K (96%)
ptolemy.util.test.WatchDog.cancel(): canceling Fri May 10 04:18:24 UTC 2019
auto.tcl: Setting watchdog for 200 seconds at Fri May 10 04:18:24 UTC 2019
2 ms. Memory: 424960K Free: 407689K (96%)
ptolemy.util.test.WatchDog.cancel(): canceling Fri May 10 04:18:24 UTC 2019
------------------ testing $PTII/ptolemy/domains/de/test/auto/VariableDelay2.xml
auto.tcl: Setting watchdog for 200 seconds at Fri May 10 04:18:24 UTC 2019
9 ms. Memory: 427008K Free: 413582K (97%)
ptolemy.util.test.WatchDog.cancel(): canceling Fri May 10 04:18:24 UTC 2019
auto.tcl: Setting watchdog for 200 seconds at Fri May 10 04:18:24 UTC 2019
2 ms. Memory: 427008K Free: 413582K (97%)
ptolemy.util.test.WatchDog.cancel(): canceling Fri May 10 04:18:24 UTC 2019
------------------ testing $PTII/ptolemy/domains/de/test/auto/VariableDelayZeroDelay.xml
auto.tcl: Setting watchdog for 200 seconds at Fri May 10 04:18:24 UTC 2019
2 ms. Memory: 424960K Free: 408098K (96%)
ptolemy.util.test.WatchDog.cancel(): canceling Fri May 10 04:18:24 UTC 2019
auto.tcl: Setting watchdog for 200 seconds at Fri May 10 04:18:24 UTC 2019
2 ms. Memory: 424960K Free: 408098K (96%)
ptolemy.util.test.WatchDog.cancel(): canceling Fri May 10 04:18:24 UTC 2019
------------------ testing $PTII/ptolemy/domains/de/test/auto/VariableDelayZeroDelay2.xml
auto.tcl: Setting watchdog for 200 seconds at Fri May 10 04:18:24 UTC 2019
10 ms. Memory: 427008K Free: 410144K (96%)
ptolemy.util.test.WatchDog.cancel(): canceling Fri May 10 04:18:24 UTC 2019
auto.tcl: Setting watchdog for 200 seconds at Fri May 10 04:18:24 UTC 2019
2 ms. Memory: 427008K Free: 410144K (96%)
ptolemy.util.test.WatchDog.cancel(): canceling Fri May 10 04:18:24 UTC 2019
------------------ testing $PTII/ptolemy/domains/de/test/auto/deInCt.xml
auto.tcl: Setting watchdog for 200 seconds at Fri May 10 04:18:25 UTC 2019
0
1
1
1
0
0
0
1
1
1
0
0
0
1
1
1
1
0
0
0
0
1
1
1
0
0
0
0
1
1
0
0
0
1
1
0
0
0
0
1
1
1
1
12 ms. Memory: 424960K Free: 408087K (96%)
ptolemy.util.test.WatchDog.cancel(): canceling Fri May 10 04:18:25 UTC 2019
auto.tcl: Setting watchdog for 200 seconds at Fri May 10 04:18:25 UTC 2019
0
1
1
1
0
0
0
1
1
1
0
0
0
1
1
0
0
0
0
1
1
1
1
1
0
0
0
1
1
1
0
0
0
1
1
1
0
0
0
1
1
1
0
0
0
0
1
1
0
0
0
0
18 ms. Memory: 424960K Free: 408087K (96%)
ptolemy.util.test.WatchDog.cancel(): canceling Fri May 10 04:18:25 UTC 2019
------------------ testing $PTII/ptolemy/domains/de/test/auto/deInCt2.xml
auto.tcl: Setting watchdog for 200 seconds at Fri May 10 04:18:25 UTC 2019
0
1
1
1
0
0
1
1
1
0
0
1
1
1
0
0
1
1
1
0
0
1
1
1
0
0
1
1
1
0
0
1
1
1
0
0
1
1
1
0
0
0
6 ms. Memory: 426496K Free: 409623K (96%)
ptolemy.util.test.WatchDog.cancel(): canceling Fri May 10 04:18:25 UTC 2019
auto.tcl: Setting watchdog for 200 seconds at Fri May 10 04:18:25 UTC 2019
0
1
1
1
0
0
1
1
1
0
0
1
1
1
0
0
1
1
1
0
0
1
1
1
0
0
1
1
1
0
0
1
1
1
0
0
1
1
1
0
0
0
8 ms. Memory: 426496K Free: 409623K (96%)
ptolemy.util.test.WatchDog.cancel(): canceling Fri May 10 04:18:25 UTC 2019
------------------ testing $PTII/ptolemy/domains/de/test/auto/dynamicCausalityInterface1.xml
auto.tcl: Setting watchdog for 200 seconds at Fri May 10 04:18:25 UTC 2019
1 ms. Memory: 424960K Free: 406050K (96%)
ptolemy.util.test.WatchDog.cancel(): canceling Fri May 10 04:18:25 UTC 2019
auto.tcl: Setting watchdog for 200 seconds at Fri May 10 04:18:25 UTC 2019
1 ms. Memory: 424960K Free: 406050K (96%)
ptolemy.util.test.WatchDog.cancel(): canceling Fri May 10 04:18:25 UTC 2019
------------------ testing $PTII/ptolemy/domains/de/test/auto/fsm_de_test.xml
auto.tcl: Setting watchdog for 200 seconds at Fri May 10 04:18:25 UTC 2019
7 ms. Memory: 426496K Free: 404038K (95%)
ptolemy.util.test.WatchDog.cancel(): canceling Fri May 10 04:18:25 UTC 2019
auto.tcl: Setting watchdog for 200 seconds at Fri May 10 04:18:25 UTC 2019
5 ms. Memory: 426496K Free: 404038K (95%)
ptolemy.util.test.WatchDog.cancel(): canceling Fri May 10 04:18:25 UTC 2019
------------------ testing $PTII/ptolemy/domains/de/test/auto/functionDependencyReconstruction.xml
auto.tcl: Setting watchdog for 200 seconds at Fri May 10 04:18:25 UTC 2019
3 ms. Memory: 424960K Free: 397012K (93%)
ptolemy.util.test.WatchDog.cancel(): canceling Fri May 10 04:18:25 UTC 2019
auto.tcl: Setting watchdog for 200 seconds at Fri May 10 04:18:25 UTC 2019
3 ms. Memory: 424960K Free: 397012K (93%)
ptolemy.util.test.WatchDog.cancel(): canceling Fri May 10 04:18:25 UTC 2019
------------------ testing $PTII/ptolemy/domains/de/test/auto/multirate.xml
auto.tcl: Setting watchdog for 200 seconds at Fri May 10 04:18:25 UTC 2019
3 ms. Memory: 425984K Free: 403384K (95%)
ptolemy.util.test.WatchDog.cancel(): canceling Fri May 10 04:18:25 UTC 2019
auto.tcl: Setting watchdog for 200 seconds at Fri May 10 04:18:25 UTC 2019
3 ms. Memory: 425984K Free: 403384K (95%)
ptolemy.util.test.WatchDog.cancel(): canceling Fri May 10 04:18:25 UTC 2019
------------------ testing $PTII/ptolemy/domains/de/test/auto/multirate2.xml
auto.tcl: Setting watchdog for 200 seconds at Fri May 10 04:18:25 UTC 2019
2 ms. Memory: 424960K Free: 408037K (96%)
ptolemy.util.test.WatchDog.cancel(): canceling Fri May 10 04:18:25 UTC 2019
auto.tcl: Setting watchdog for 200 seconds at Fri May 10 04:18:25 UTC 2019
2 ms. Memory: 424960K Free: 402548K (95%)
ptolemy.util.test.WatchDog.cancel(): canceling Fri May 10 04:18:25 UTC 2019
------------------ testing $PTII/ptolemy/domains/de/test/auto/realtime.xml
auto.tcl: Setting watchdog for 200 seconds at Fri May 10 04:18:25 UTC 2019
10001 ms. Memory: 425984K Free: 409054K (96%)
ptolemy.util.test.WatchDog.cancel(): canceling Fri May 10 04:18:35 UTC 2019
auto.tcl: Setting watchdog for 200 seconds at Fri May 10 04:18:35 UTC 2019
10001 ms. Memory: 425984K Free: 409054K (96%)
ptolemy.util.test.WatchDog.cancel(): canceling Fri May 10 04:18:45 UTC 2019
------------------ testing $PTII/ptolemy/domains/de/test/auto/relationGroup.xml
auto.tcl: Setting watchdog for 200 seconds at Fri May 10 04:18:45 UTC 2019
2 ms. Memory: 424960K Free: 408061K (96%)
ptolemy.util.test.WatchDog.cancel(): canceling Fri May 10 04:18:45 UTC 2019
auto.tcl: Setting watchdog for 200 seconds at Fri May 10 04:18:45 UTC 2019
2 ms. Memory: 424960K Free: 408061K (96%)
ptolemy.util.test.WatchDog.cancel(): canceling Fri May 10 04:18:45 UTC 2019
------------------ testing $PTII/ptolemy/domains/de/test/auto/relationGroup2.xml
auto.tcl: Setting watchdog for 200 seconds at Fri May 10 04:18:45 UTC 2019
2 ms. Memory: 425984K Free: 409111K (96%)
ptolemy.util.test.WatchDog.cancel(): canceling Fri May 10 04:18:45 UTC 2019
auto.tcl: Setting watchdog for 200 seconds at Fri May 10 04:18:45 UTC 2019
1 ms. Memory: 425984K Free: 409111K (96%)
ptolemy.util.test.WatchDog.cancel(): canceling Fri May 10 04:18:45 UTC 2019
------------------ testing $PTII/ptolemy/domains/de/test/auto/sortWithOpaquePorts.xml
auto.tcl: Setting watchdog for 200 seconds at Fri May 10 04:18:45 UTC 2019
1 ms. Memory: 424960K Free: 408089K (96%)
ptolemy.util.test.WatchDog.cancel(): canceling Fri May 10 04:18:45 UTC 2019
auto.tcl: Setting watchdog for 200 seconds at Fri May 10 04:18:45 UTC 2019
2 ms. Memory: 424960K Free: 408089K (96%)
ptolemy.util.test.WatchDog.cancel(): canceling Fri May 10 04:18:45 UTC 2019
------------------ testing $PTII/ptolemy/domains/de/test/auto/transferInputsandOutputs.xml
auto.tcl: Setting watchdog for 200 seconds at Fri May 10 04:18:45 UTC 2019
2 ms. Memory: 425472K Free: 403097K (95%)
ptolemy.util.test.WatchDog.cancel(): canceling Fri May 10 04:18:45 UTC 2019
auto.tcl: Setting watchdog for 200 seconds at Fri May 10 04:18:45 UTC 2019
2 ms. Memory: 425472K Free: 403097K (95%)
ptolemy.util.test.WatchDog.cancel(): canceling Fri May 10 04:18:45 UTC 2019
------------------ testing $PTII/ptolemy/domains/de/test/auto/triggerType.xml
auto.tcl: Setting watchdog for 200 seconds at Fri May 10 04:18:45 UTC 2019
2 ms. Memory: 424960K Free: 408024K (96%)
ptolemy.util.test.WatchDog.cancel(): canceling Fri May 10 04:18:45 UTC 2019
auto.tcl: Setting watchdog for 200 seconds at Fri May 10 04:18:45 UTC 2019
1 ms. Memory: 424960K Free: 408024K (96%)
ptolemy.util.test.WatchDog.cancel(): canceling Fri May 10 04:18:45 UTC 2019
05/10/19 04:18:45
Failed: 0  Total Tests: 192  ((Passed: 187, Newly Passed: 1)  Known Failed: 5) /home/travis/build/icyphy/ptII/ptolemy/domains/de/test
05/10/19 04:18:45
Failed: 0  Total Tests: 192  ((Passed: 187, Newly Passed: 1)  Known Failed: 5) /home/travis/build/icyphy/ptII/ptolemy/domains/de/test
----------------- testing (KnownFailure) /home/travis/build/icyphy/ptII/ptolemy/domains/de/test/auto/knownFailedTests/DESDFClockTest.xml
2009 ms. Memory: 425472K Free: 394826K (93%)
Known Failure: java.lang.reflect.InvocationTargetException
----------------- testing (KnownFailure) /home/travis/build/icyphy/ptII/ptolemy/domains/de/test/auto/knownFailedTests/DirectFeedback.xml
1 ms. Memory: 425472K Free: 367341K (86%)
Known Failure: java.lang.reflect.InvocationTargetException
----------------- testing (KnownFailure) /home/travis/build/icyphy/ptII/ptolemy/domains/de/test/auto/knownFailedTests/FSMSource.xml
12 ms. Memory: 425472K Free: 339857K (80%)
----------------- testing (KnownFailure) /home/travis/build/icyphy/ptII/ptolemy/domains/de/test/auto/knownFailedTests/HierarchicalModel.xml
2 ms. Memory: 425472K Free: 312357K (73%)
Known Failure: java.lang.reflect.InvocationTargetException
----------------- testing (KnownFailure) /home/travis/build/icyphy/ptII/ptolemy/domains/de/test/auto/knownFailedTests/dependencyLoop.xml
2 ms. Memory: 425472K Free: 271122K (64%)
Known Failure: java.lang.reflect.InvocationTargetException
----------------- testing (KnownFailure) /home/travis/build/icyphy/ptII/ptolemy/domains/de/test/auto/knownFailedTests/dependencyLoop2.xml
3 ms. Memory: 425472K Free: 229871K (54%)
Known Failure: java.lang.reflect.InvocationTargetException
No auto/linux-amd64/*.xml tests in /home/travis/build/icyphy/ptII/ptolemy/domains/de/test
AutoTests.java: About to close Vertx.
AutoTests.java: Vertx closed.

===========================================================================================
----------------- testing Fri May 10 04:18:48 UTC 2019 /home/travis/build/icyphy/ptII/ptolemy/domains/de/test/auto/ActorDepthCalculation_actorWithoutPorts.xml
----------------- Instantiating /home/travis/build/icyphy/ptII/ptolemy/domains/de/test/auto/ActorDepthCalculation_actorWithoutPorts.xml
2 ms. Memory: 425472K Free: 195516K (46%)
----------------- Invoking toplevel() on ptolemy.moml.MoMLSimpleApplication@4053ceae
----------------- Done invoking toplevel() on ptolemy.moml.MoMLSimpleApplication@4053ceae
reloadAllAccessors: .ActorDepthCalculation_actorWithoutPorts

===========================================================================================
----------------- testing Fri May 10 04:18:48 UTC 2019 /home/travis/build/icyphy/ptII/ptolemy/domains/de/test/auto/AssemblyLine.xml
----------------- Instantiating /home/travis/build/icyphy/ptII/ptolemy/domains/de/test/auto/AssemblyLine.xml
2 ms. Memory: 425472K Free: 181774K (43%)
----------------- Invoking toplevel() on ptolemy.moml.MoMLSimpleApplication@74881388
----------------- Done invoking toplevel() on ptolemy.moml.MoMLSimpleApplication@74881388
reloadAllAccessors: .AssemblyLine

===========================================================================================
----------------- testing Fri May 10 04:18:48 UTC 2019 /home/travis/build/icyphy/ptII/ptolemy/domains/de/test/auto/CQBug1.xml
----------------- Instantiating /home/travis/build/icyphy/ptII/ptolemy/domains/de/test/auto/CQBug1.xml
2 ms. Memory: 425472K Free: 168031K (39%)
----------------- Invoking toplevel() on ptolemy.moml.MoMLSimpleApplication@6f53d277
----------------- Done invoking toplevel() on ptolemy.moml.MoMLSimpleApplication@6f53d277
reloadAllAccessors: .CQBug1

===========================================================================================
----------------- testing Fri May 10 04:18:48 UTC 2019 /home/travis/build/icyphy/ptII/ptolemy/domains/de/test/auto/CancelFireAt.xml
----------------- Instantiating /home/travis/build/icyphy/ptII/ptolemy/domains/de/test/auto/CancelFireAt.xml
1 ms. Memory: 425472K Free: 154289K (36%)
----------------- Invoking toplevel() on ptolemy.moml.MoMLSimpleApplication@6f50a452
----------------- Done invoking toplevel() on ptolemy.moml.MoMLSimpleApplication@6f50a452
reloadAllAccessors: .CancelFireAt

===========================================================================================
----------------- testing Fri May 10 04:18:48 UTC 2019 /home/travis/build/icyphy/ptII/ptolemy/domains/de/test/auto/CausalityAndComposabilityAnalysis.xml
----------------- Instantiating /home/travis/build/icyphy/ptII/ptolemy/domains/de/test/auto/CausalityAndComposabilityAnalysis.xml
1 ms. Memory: 425472K Free: 140547K (33%)
----------------- Invoking toplevel() on ptolemy.moml.MoMLSimpleApplication@3f3583e3
----------------- Done invoking toplevel() on ptolemy.moml.MoMLSimpleApplication@3f3583e3
reloadAllAccessors: .CausalityAndComposabilityAnalysis

===========================================================================================
----------------- testing Fri May 10 04:18:48 UTC 2019 /home/travis/build/icyphy/ptII/ptolemy/domains/de/test/auto/CausalityInterface1.xml
----------------- Instantiating /home/travis/build/icyphy/ptII/ptolemy/domains/de/test/auto/CausalityInterface1.xml
3 ms. Memory: 425472K Free: 126805K (30%)
----------------- Invoking toplevel() on ptolemy.moml.MoMLSimpleApplication@3398e7ce
----------------- Done invoking toplevel() on ptolemy.moml.MoMLSimpleApplication@3398e7ce
reloadAllAccessors: .CausalityInterface1

===========================================================================================
----------------- testing Fri May 10 04:18:48 UTC 2019 /home/travis/build/icyphy/ptII/ptolemy/domains/de/test/auto/CausalityInterface15.xml
----------------- Instantiating /home/travis/build/icyphy/ptII/ptolemy/domains/de/test/auto/CausalityInterface15.xml
1 ms. Memory: 425472K Free: 113063K (27%)
----------------- Invoking toplevel() on ptolemy.moml.MoMLSimpleApplication@3d90af99
----------------- Done invoking toplevel() on ptolemy.moml.MoMLSimpleApplication@3d90af99
reloadAllAccessors: .CausalityInterface15

[...]
java.lang.RuntimeException: Execution failed
	at ptolemy.moml.MoMLSimpleApplication$UnloadThread.run(MoMLSimpleApplication.java:402)
Caused by: ptolemy.kernel.util.IllegalActionException: Test fails in iteration 1.
Value was: 1.0. Should have been: 2.0
  in .DirectFeedback.Test
	at ptolemy.actor.lib.Test.fire(Test.java:268)
	at ptolemy.domains.de.kernel.DEDirector._fire(DEDirector.java:1949)
	at ptolemy.domains.de.kernel.DEDirector.fire(DEDirector.java:502)
	at ptolemy.actor.CompositeActor.fire(CompositeActor.java:455)
	at ptolemy.actor.Manager.iterate(Manager.java:851)
	at ptolemy.actor.Manager.execute(Manager.java:369)
	at ptolemy.actor.Manager.run(Manager.java:1263)
	at ptolemy.actor.Manager$PtolemyRunThread.run(Manager.java:1915)
java.lang.RuntimeException: Execution failed
	at ptolemy.moml.MoMLSimpleApplication$UnloadThread.run(MoMLSimpleApplication.java:402)
Caused by: ptolemy.kernel.util.IllegalActionException: Actor is not ready to fire.  Perhaps UpSample.prefire() returned false? Try debugging the actor by selecting "Listen to Actor".  Also, for SDF check moml for tokenConsumptionRate on input.
  in .DESDFClockTest.Play Bell.Copy1:SDF Director and .DESDFClockTest.Play Bell.UpSample
	at ptolemy.actor.sched.StaticSchedulingDirector.fire(StaticSchedulingDirector.java:227)
	at ptolemy.domains.sdf.kernel.SDFDirector.fire(SDFDirector.java:500)
	at ptolemy.actor.CompositeActor.fire(CompositeActor.java:455)
	at ptolemy.domains.de.kernel.DEDirector._fire(DEDirector.java:1949)
	at ptolemy.domains.de.kernel.DEDirector.fire(DEDirector.java:502)
	at ptolemy.actor.CompositeActor.fire(CompositeActor.java:455)
	at ptolemy.actor.Manager.iterate(Manager.java:851)
	at ptolemy.actor.Manager.execute(Manager.java:369)
	at ptolemy.actor.Manager.run(Manager.java:1263)
	at ptolemy.actor.Manager$PtolemyRunThread.run(Manager.java:1915)
java.lang.reflect.InvocationTargetException
	at sun.reflect.NativeConstructorAccessorImpl.newInstance0(Native Method)
	at sun.reflect.NativeConstructorAccessorImpl.newInstance(NativeConstructorAccessorImpl.java:62)
	at sun.reflect.DelegatingConstructorAccessorImpl.newInstance(DelegatingConstructorAccessorImpl.java:45)
	at java.lang.reflect.Constructor.newInstance(Constructor.java:423)
	at ptolemy.util.test.junit.AutoKnownFailedTests.RunModel(AutoKnownFailedTests.java:105)
	at sun.reflect.NativeMethodAccessorImpl.invoke0(Native Method)
	at sun.reflect.NativeMethodAccessorImpl.invoke(NativeMethodAccessorImpl.java:62)
	at sun.reflect.DelegatingMethodAccessorImpl.invoke(DelegatingMethodAccessorImpl.java:43)
	at java.lang.reflect.Method.invoke(Method.java:498)
	at org.junit.runners.model.FrameworkMethod$1.runReflectiveCall(FrameworkMethod.java:44)
	at org.junit.internal.runners.model.ReflectiveCallable.run(ReflectiveCallable.java:15)
	at org.junit.runners.model.FrameworkMethod.invokeExplosively(FrameworkMethod.java:41)
	at junitparams.internal.InvokeParameterisedMethod.evaluate(InvokeParameterisedMethod.java:102)
	at org.junit.internal.runners.statements.FailOnTimeout$1.run(FailOnTimeout.java:28)
Caused by: ptolemy.kernel.util.IllegalActionException: Actor is not ready to fire.  Perhaps UpSample.prefire() returned false? Try debugging the actor by selecting "Listen to Actor".  Also, for SDF check moml for tokenConsumptionRate on input.
  in .DESDFClockTest.Play Bell.Copy1:SDF Director and .DESDFClockTest.Play Bell.UpSample
	at ptolemy.actor.sched.StaticSchedulingDirector.fire(StaticSchedulingDirector.java:227)
	at ptolemy.domains.sdf.kernel.SDFDirector.fire(SDFDirector.java:500)
	at ptolemy.actor.CompositeActor.fire(CompositeActor.java:455)
	at ptolemy.domains.de.kernel.DEDirector._fire(DEDirector.java:1949)
	at ptolemy.domains.de.kernel.DEDirector.fire(DEDirector.java:502)
	at ptolemy.actor.CompositeActor.fire(CompositeActor.java:455)
	at ptolemy.actor.Manager.iterate(Manager.java:851)
	at ptolemy.actor.Manager.execute(Manager.java:369)
	at ptolemy.actor.Manager.run(Manager.java:1263)
	at ptolemy.actor.Manager$PtolemyRunThread.run(Manager.java:1915)
java.lang.RuntimeException: Execution failed
	at ptolemy.moml.MoMLSimpleApplication$UnloadThread.run(MoMLSimpleApplication.java:402)
Caused by: ptolemy.kernel.util.IllegalActionException: Test fails in iteration 1.
Value was: 1.0. Should have been: 2.0
  in .DirectFeedback.Test
	at ptolemy.actor.lib.Test.fire(Test.java:268)
	at ptolemy.domains.de.kernel.DEDirector._fire(DEDirector.java:1949)
	at ptolemy.domains.de.kernel.DEDirector.fire(DEDirector.java:502)
	at ptolemy.actor.CompositeActor.fire(CompositeActor.java:455)
	at ptolemy.actor.Manager.iterate(Manager.java:851)
	at ptolemy.actor.Manager.execute(Manager.java:369)
	at ptolemy.actor.Manager.run(Manager.java:1263)
	at ptolemy.actor.Manager$PtolemyRunThread.run(Manager.java:1915)
java.lang.reflect.InvocationTargetException
	at sun.reflect.NativeConstructorAccessorImpl.newInstance0(Native Method)
	at sun.reflect.NativeConstructorAccessorImpl.newInstance(NativeConstructorAccessorImpl.java:62)
	at sun.reflect.DelegatingConstructorAccessorImpl.newInstance(DelegatingConstructorAccessorImpl.java:45)
	at java.lang.reflect.Constructor.newInstance(Constructor.java:423)
	at ptolemy.util.test.junit.AutoKnownFailedTests.RunModel(AutoKnownFailedTests.java:105)
	at sun.reflect.NativeMethodAccessorImpl.invoke0(Native Method)
	at sun.reflect.NativeMethodAccessorImpl.invoke(NativeMethodAccessorImpl.java:62)
	at sun.reflect.DelegatingMethodAccessorImpl.invoke(DelegatingMethodAccessorImpl.java:43)
	at java.lang.reflect.Method.invoke(Method.java:498)
	at org.junit.runners.model.FrameworkMethod$1.runReflectiveCall(FrameworkMethod.java:44)
	at org.junit.internal.runners.model.ReflectiveCallable.run(ReflectiveCallable.java:15)
	at org.junit.runners.model.FrameworkMethod.invokeExplosively(FrameworkMethod.java:41)
	at junitparams.internal.InvokeParameterisedMethod.evaluate(InvokeParameterisedMethod.java:102)
	at org.junit.internal.runners.statements.FailOnTimeout$1.run(FailOnTimeout.java:28)
Caused by: ptolemy.kernel.util.IllegalActionException: Test fails in iteration 1.
Value was: 1.0. Should have been: 2.0
  in .DirectFeedback.Test
	at ptolemy.actor.lib.Test.fire(Test.java:268)
	at ptolemy.domains.de.kernel.DEDirector._fire(DEDirector.java:1949)
	at ptolemy.domains.de.kernel.DEDirector.fire(DEDirector.java:502)
	at ptolemy.actor.CompositeActor.fire(CompositeActor.java:455)
	at ptolemy.actor.Manager.iterate(Manager.java:851)
	at ptolemy.actor.Manager.execute(Manager.java:369)
	at ptolemy.actor.Manager.run(Manager.java:1263)
	at ptolemy.actor.Manager$PtolemyRunThread.run(Manager.java:1915)
java.lang.RuntimeException: Execution failed
	at ptolemy.moml.MoMLSimpleApplication$UnloadThread.run(MoMLSimpleApplication.java:402)
Caused by: ptolemy.kernel.util.IllegalActionException: Found a zero delay loop containing .HierarchicalModel.A
  in .HierarchicalModel and .HierarchicalModel.A
	at ptolemy.actor.util.CausalityInterfaceForComposites._computeOutputPortDepth(CausalityInterfaceForComposites.java:759)
	at ptolemy.actor.util.CausalityInterfaceForComposites._computeInputDepth(CausalityInterfaceForComposites.java:696)
	at ptolemy.actor.util.CausalityInterfaceForComposites._computeOutputPortDepth(CausalityInterfaceForComposites.java:765)
	at ptolemy.actor.util.CausalityInterfaceForComposites._computeInputDepth(CausalityInterfaceForComposites.java:696)
	at ptolemy.actor.util.CausalityInterfaceForComposites._computeOutputPortDepth(CausalityInterfaceForComposites.java:765)
	at ptolemy.actor.util.CausalityInterfaceForComposites._computeInputDepth(CausalityInterfaceForComposites.java:696)
	at ptolemy.actor.util.CausalityInterfaceForComposites._computeActorDepth(CausalityInterfaceForComposites.java:532)
	at ptolemy.actor.util.CausalityInterfaceForComposites.checkForCycles(CausalityInterfaceForComposites.java:96)
	at ptolemy.domains.de.kernel.DEDirector.preinitialize(DEDirector.java:1338)
	at ptolemy.actor.CompositeActor.preinitialize(CompositeActor.java:1828)
	at ptolemy.actor.Manager.preinitializeAndResolveTypes(Manager.java:1040)
	at ptolemy.actor.Manager.initialize(Manager.java:710)
	at ptolemy.actor.Manager.execute(Manager.java:356)
	at ptolemy.actor.Manager.run(Manager.java:1263)
	at ptolemy.actor.Manager$PtolemyRunThread.run(Manager.java:1915)
java.lang.reflect.InvocationTargetException
	at sun.reflect.NativeConstructorAccessorImpl.newInstance0(Native Method)
	at sun.reflect.NativeConstructorAccessorImpl.newInstance(NativeConstructorAccessorImpl.java:62)
	at sun.reflect.DelegatingConstructorAccessorImpl.newInstance(DelegatingConstructorAccessorImpl.java:45)
	at java.lang.reflect.Constructor.newInstance(Constructor.java:423)
	at ptolemy.util.test.junit.AutoKnownFailedTests.RunModel(AutoKnownFailedTests.java:105)
	at sun.reflect.NativeMethodAccessorImpl.invoke0(Native Method)
	at sun.reflect.NativeMethodAccessorImpl.invoke(NativeMethodAccessorImpl.java:62)
	at sun.reflect.DelegatingMethodAccessorImpl.invoke(DelegatingMethodAccessorImpl.java:43)
	at java.lang.reflect.Method.invoke(Method.java:498)
	at org.junit.runners.model.FrameworkMethod$1.runReflectiveCall(FrameworkMethod.java:44)
	at org.junit.internal.runners.model.ReflectiveCallable.run(ReflectiveCallable.java:15)
	at org.junit.runners.model.FrameworkMethod.invokeExplosively(FrameworkMethod.java:41)
	at junitparams.internal.InvokeParameterisedMethod.evaluate(InvokeParameterisedMethod.java:102)
	at org.junit.internal.runners.statements.FailOnTimeout$1.run(FailOnTimeout.java:28)
Caused by: ptolemy.kernel.util.IllegalActionException: Found a zero delay loop containing .HierarchicalModel.A
  in .HierarchicalModel and .HierarchicalModel.A
	at ptolemy.actor.util.CausalityInterfaceForComposites._computeOutputPortDepth(CausalityInterfaceForComposites.java:759)
	at ptolemy.actor.util.CausalityInterfaceForComposites._computeInputDepth(CausalityInterfaceForComposites.java:696)
	at ptolemy.actor.util.CausalityInterfaceForComposites._computeOutputPortDepth(CausalityInterfaceForComposites.java:765)
	at ptolemy.actor.util.CausalityInterfaceForComposites._computeInputDepth(CausalityInterfaceForComposites.java:696)
	at ptolemy.actor.util.CausalityInterfaceForComposites._computeOutputPortDepth(CausalityInterfaceForComposites.java:765)
	at ptolemy.actor.util.CausalityInterfaceForComposites._computeInputDepth(CausalityInterfaceForComposites.java:696)
	at ptolemy.actor.util.CausalityInterfaceForComposites._computeActorDepth(CausalityInterfaceForComposites.java:532)
	at ptolemy.actor.util.CausalityInterfaceForComposites.checkForCycles(CausalityInterfaceForComposites.java:96)
	at ptolemy.domains.de.kernel.DEDirector.preinitialize(DEDirector.java:1338)
	at ptolemy.actor.CompositeActor.preinitialize(CompositeActor.java:1828)
	at ptolemy.actor.Manager.preinitializeAndResolveTypes(Manager.java:1040)
	at ptolemy.actor.Manager.initialize(Manager.java:710)
	at ptolemy.actor.Manager.execute(Manager.java:356)
	at ptolemy.actor.Manager.run(Manager.java:1263)
	at ptolemy.actor.Manager$PtolemyRunThread.run(Manager.java:1915)
java.lang.RuntimeException: Execution failed
	at ptolemy.moml.MoMLSimpleApplication$UnloadThread.run(MoMLSimpleApplication.java:402)
Caused by: ptolemy.kernel.util.IllegalActionException: Found a zero delay loop containing .dependencyLoop.original
  in .dependencyLoop and .dependencyLoop.original
	at ptolemy.actor.util.CausalityInterfaceForComposites._computeOutputPortDepth(CausalityInterfaceForComposites.java:759)
	at ptolemy.actor.util.CausalityInterfaceForComposites._computeInputDepth(CausalityInterfaceForComposites.java:696)
	at ptolemy.actor.util.CausalityInterfaceForComposites._computeOutputPortDepth(CausalityInterfaceForComposites.java:765)
	at ptolemy.actor.util.CausalityInterfaceForComposites._computeInputDepth(CausalityInterfaceForComposites.java:696)
	at ptolemy.actor.util.CausalityInterfaceForComposites._computeOutputPortDepth(CausalityInterfaceForComposites.java:765)
	at ptolemy.actor.util.CausalityInterfaceForComposites._computeInputDepth(CausalityInterfaceForComposites.java:696)
	at ptolemy.actor.util.CausalityInterfaceForComposites._computeActorDepth(CausalityInterfaceForComposites.java:532)
	at ptolemy.actor.util.CausalityInterfaceForComposites.checkForCycles(CausalityInterfaceForComposites.java:96)
	at ptolemy.domains.de.kernel.DEDirector.preinitialize(DEDirector.java:1338)
	at ptolemy.actor.CompositeActor.preinitialize(CompositeActor.java:1828)
	at ptolemy.actor.Manager.preinitializeAndResolveTypes(Manager.java:1040)
	at ptolemy.actor.Manager.initialize(Manager.java:710)
	at ptolemy.actor.Manager.execute(Manager.java:356)
	at ptolemy.actor.Manager.run(Manager.java:1263)
	at ptolemy.actor.Manager$PtolemyRunThread.run(Manager.java:1915)
java.lang.reflect.InvocationTargetException
	at sun.reflect.NativeConstructorAccessorImpl.newInstance0(Native Method)
	at sun.reflect.NativeConstructorAccessorImpl.newInstance(NativeConstructorAccessorImpl.java:62)
	at sun.reflect.DelegatingConstructorAccessorImpl.newInstance(DelegatingConstructorAccessorImpl.java:45)
	at java.lang.reflect.Constructor.newInstance(Constructor.java:423)
	at ptolemy.util.test.junit.AutoKnownFailedTests.RunModel(AutoKnownFailedTests.java:105)
	at sun.reflect.NativeMethodAccessorImpl.invoke0(Native Method)
	at sun.reflect.NativeMethodAccessorImpl.invoke(NativeMethodAccessorImpl.java:62)
	at sun.reflect.DelegatingMethodAccessorImpl.invoke(DelegatingMethodAccessorImpl.java:43)
	at java.lang.reflect.Method.invoke(Method.java:498)
	at org.junit.runners.model.FrameworkMethod$1.runReflectiveCall(FrameworkMethod.java:44)
	at org.junit.internal.runners.model.ReflectiveCallable.run(ReflectiveCallable.java:15)
	at org.junit.runners.model.FrameworkMethod.invokeExplosively(FrameworkMethod.java:41)
	at junitparams.internal.InvokeParameterisedMethod.evaluate(InvokeParameterisedMethod.java:102)
	at org.junit.internal.runners.statements.FailOnTimeout$1.run(FailOnTimeout.java:28)
Caused by: ptolemy.kernel.util.IllegalActionException: Found a zero delay loop containing .dependencyLoop.original
  in .dependencyLoop and .dependencyLoop.original
	at ptolemy.actor.util.CausalityInterfaceForComposites._computeOutputPortDepth(CausalityInterfaceForComposites.java:759)
	at ptolemy.actor.util.CausalityInterfaceForComposites._computeInputDepth(CausalityInterfaceForComposites.java:696)
	at ptolemy.actor.util.CausalityInterfaceForComposites._computeOutputPortDepth(CausalityInterfaceForComposites.java:765)
	at ptolemy.actor.util.CausalityInterfaceForComposites._computeInputDepth(CausalityInterfaceForComposites.java:696)
	at ptolemy.actor.util.CausalityInterfaceForComposites._computeOutputPortDepth(CausalityInterfaceForComposites.java:765)
	at ptolemy.actor.util.CausalityInterfaceForComposites._computeInputDepth(CausalityInterfaceForComposites.java:696)
	at ptolemy.actor.util.CausalityInterfaceForComposites._computeActorDepth(CausalityInterfaceForComposites.java:532)
	at ptolemy.actor.util.CausalityInterfaceForComposites.checkForCycles(CausalityInterfaceForComposites.java:96)
	at ptolemy.domains.de.kernel.DEDirector.preinitialize(DEDirector.java:1338)
	at ptolemy.actor.CompositeActor.preinitialize(CompositeActor.java:1828)
	at ptolemy.actor.Manager.preinitializeAndResolveTypes(Manager.java:1040)
	at ptolemy.actor.Manager.initialize(Manager.java:710)
	at ptolemy.actor.Manager.execute(Manager.java:356)
	at ptolemy.actor.Manager.run(Manager.java:1263)
	at ptolemy.actor.Manager$PtolemyRunThread.run(Manager.java:1915)
java.lang.RuntimeException: Execution failed
	at ptolemy.moml.MoMLSimpleApplication$UnloadThread.run(MoMLSimpleApplication.java:402)
Caused by: ptolemy.kernel.util.IllegalActionException: Found a zero delay loop containing .dependencyLoop2.original
  in .dependencyLoop2 and .dependencyLoop2.original
	at ptolemy.actor.util.CausalityInterfaceForComposites._computeOutputPortDepth(CausalityInterfaceForComposites.java:759)
	at ptolemy.actor.util.CausalityInterfaceForComposites._computeInputDepth(CausalityInterfaceForComposites.java:696)
	at ptolemy.actor.util.CausalityInterfaceForComposites._computeOutputPortDepth(CausalityInterfaceForComposites.java:765)
	at ptolemy.actor.util.CausalityInterfaceForComposites._computeInputDepth(CausalityInterfaceForComposites.java:696)
	at ptolemy.actor.util.CausalityInterfaceForComposites._computeOutputPortDepth(CausalityInterfaceForComposites.java:765)
	at ptolemy.actor.util.CausalityInterfaceForComposites._computeInputDepth(CausalityInterfaceForComposites.java:696)
	at ptolemy.actor.util.CausalityInterfaceForComposites._computeActorDepth(CausalityInterfaceForComposites.java:532)
	at ptolemy.actor.util.CausalityInterfaceForComposites.checkForCycles(CausalityInterfaceForComposites.java:96)
	at ptolemy.domains.de.kernel.DEDirector.preinitialize(DEDirector.java:1338)
	at ptolemy.actor.CompositeActor.preinitialize(CompositeActor.java:1828)
	at ptolemy.actor.Manager.preinitializeAndResolveTypes(Manager.java:1040)
	at ptolemy.actor.Manager.initialize(Manager.java:710)
	at ptolemy.actor.Manager.execute(Manager.java:356)
	at ptolemy.actor.Manager.run(Manager.java:1263)
	at ptolemy.actor.Manager$PtolemyRunThread.run(Manager.java:1915)
java.lang.reflect.InvocationTargetException
	at sun.reflect.NativeConstructorAccessorImpl.newInstance0(Native Method)
	at sun.reflect.NativeConstructorAccessorImpl.newInstance(NativeConstructorAccessorImpl.java:62)
	at sun.reflect.DelegatingConstructorAccessorImpl.newInstance(DelegatingConstructorAccessorImpl.java:45)
	at java.lang.reflect.Constructor.newInstance(Constructor.java:423)
	at ptolemy.util.test.junit.AutoKnownFailedTests.RunModel(AutoKnownFailedTests.java:105)
	at sun.reflect.NativeMethodAccessorImpl.invoke0(Native Method)
	at sun.reflect.NativeMethodAccessorImpl.invoke(NativeMethodAccessorImpl.java:62)
	at sun.reflect.DelegatingMethodAccessorImpl.invoke(DelegatingMethodAccessorImpl.java:43)
	at java.lang.reflect.Method.invoke(Method.java:498)
	at org.junit.runners.model.FrameworkMethod$1.runReflectiveCall(FrameworkMethod.java:44)
	at org.junit.internal.runners.model.ReflectiveCallable.run(ReflectiveCallable.java:15)
	at org.junit.runners.model.FrameworkMethod.invokeExplosively(FrameworkMethod.java:41)
	at junitparams.internal.InvokeParameterisedMethod.evaluate(InvokeParameterisedMethod.java:102)
	at org.junit.internal.runners.statements.FailOnTimeout$1.run(FailOnTimeout.java:28)
Caused by: ptolemy.kernel.util.IllegalActionException: Found a zero delay loop containing .dependencyLoop2.original
  in .dependencyLoop2 and .dependencyLoop2.original
	at ptolemy.actor.util.CausalityInterfaceForComposites._computeOutputPortDepth(CausalityInterfaceForComposites.java:759)
	at ptolemy.actor.util.CausalityInterfaceForComposites._computeInputDepth(CausalityInterfaceForComposites.java:696)
	at ptolemy.actor.util.CausalityInterfaceForComposites._computeOutputPortDepth(CausalityInterfaceForComposites.java:765)
	at ptolemy.actor.util.CausalityInterfaceForComposites._computeInputDepth(CausalityInterfaceForComposites.java:696)
	at ptolemy.actor.util.CausalityInterfaceForComposites._computeOutputPortDepth(CausalityInterfaceForComposites.java:765)
	at ptolemy.actor.util.CausalityInterfaceForComposites._computeInputDepth(CausalityInterfaceForComposites.java:696)
	at ptolemy.actor.util.CausalityInterfaceForComposites._computeActorDepth(CausalityInterfaceForComposites.java:532)
	at ptolemy.actor.util.CausalityInterfaceForComposites.checkForCycles(CausalityInterfaceForComposites.java:96)
	at ptolemy.domains.de.kernel.DEDirector.preinitialize(DEDirector.java:1338)
	at ptolemy.actor.CompositeActor.preinitialize(CompositeActor.java:1828)
	at ptolemy.actor.Manager.preinitializeAndResolveTypes(Manager.java:1040)
	at ptolemy.actor.Manager.initialize(Manager.java:710)
	at ptolemy.actor.Manager.execute(Manager.java:356)
	at ptolemy.actor.Manager.run(Manager.java:1263)
	at ptolemy.actor.Manager$PtolemyRunThread.run(Manager.java:1915)
]]></system-err>
</testsuite>
