<?xml version="1.0" encoding="UTF-8" ?>
<testsuite errors="0" failures="0" hostname="travis-job-4b6fe6d8-626e-472a-b79b-f0da0f4b4467" name="ptolemy.actor.lib.net.test.junit.JUnitTclTest" skipped="0" tests="6" time="7.297" timestamp="2019-12-25T06:27:34">
  <properties>
[...]
</properties>
  <testcase classname="ptolemy.util.test.junit.TclTests" name="[0] ThereAreNoTclTests (RunTclFile)" time="0.021" />
  <testcase classname="ptolemy.util.test.junit.AutoKnownFailedTests" name="[0] /home/travis/build/icyphy/ptII/ptolemy/actor/lib/net/test/auto/knownFailedTests/DatagramReaders.xml (RunModel)" time="0.52" />
  <testcase classname="ptolemy.util.test.junit.AutoKnownFailedTests" name="[1] /home/travis/build/icyphy/ptII/ptolemy/actor/lib/net/test/auto/knownFailedTests/DatagramReadersSynced.xml (RunModel)" time="6.12" />
  <testcase classname="ptolemy.util.test.junit.AutoNameArchTests" name="[0] ThereAreNoAutoArchTests (RunModel)" time="0.004" />
  <testcase classname="ptolemy.util.test.junit.AutoTests" name="[0] /home/travis/build/icyphy/ptII/ptolemy/actor/lib/net/test/auto/Dummy.xml (RunModel)" time="0.087" />
  <testcase classname="ptolemy.util.test.junit.AutoTests" name="[1] /home/travis/build/icyphy/ptII/ptolemy/actor/lib/net/test/auto/IPAddress.xml (RunModel)" time="0.074" />
  <system-out><![CDATA[No tcl tests in /home/travis/build/icyphy/ptII/ptolemy/actor/lib/net/test
----------------- testing (KnownFailure) /home/travis/build/icyphy/ptII/ptolemy/actor/lib/net/test/auto/knownFailedTests/DatagramReaders.xml
137 ms. Memory: 129024K Free: 89542K (69%)
Known Failure: java.lang.reflect.InvocationTargetException
----------------- testing (KnownFailure) /home/travis/build/icyphy/ptII/ptolemy/actor/lib/net/test/auto/knownFailedTests/DatagramReadersSynced.xml
6029 ms. Memory: 129024K Free: 78278K (61%)
Known Failure: java.lang.reflect.InvocationTargetException
No auto/linux-amd64/*.xml tests in /home/travis/build/icyphy/ptII/ptolemy/actor/lib/net/test
AutoTests.java: About to close Vertx.
AutoTests.java: Vertx closed.

===========================================================================================
----------------- testing Wed Dec 25 06:27:41 UTC 2019 /home/travis/build/icyphy/ptII/ptolemy/actor/lib/net/test/auto/Dummy.xml
----------------- Instantiating /home/travis/build/icyphy/ptII/ptolemy/actor/lib/net/test/auto/Dummy.xml
14 ms. Memory: 129024K Free: 109891K (85%)
----------------- Invoking toplevel() on ptolemy.moml.MoMLSimpleApplication@753f05c5
----------------- Done invoking toplevel() on ptolemy.moml.MoMLSimpleApplication@753f05c5
reloadAllAccessors: .Dummy

===========================================================================================
----------------- testing Wed Dec 25 06:27:41 UTC 2019 /home/travis/build/icyphy/ptII/ptolemy/actor/lib/net/test/auto/IPAddress.xml
----------------- Instantiating /home/travis/build/icyphy/ptII/ptolemy/actor/lib/net/test/auto/IPAddress.xml
127.0.0.1
8 ms. Memory: 129024K Free: 105524K (82%)
----------------- Invoking toplevel() on ptolemy.moml.MoMLSimpleApplication@8136575
----------------- Done invoking toplevel() on ptolemy.moml.MoMLSimpleApplication@8136575
reloadAllAccessors: .IPAddress
AutoTests.java: About to close Vertx.
AutoTests.java: Vertx closed.
]]></system-out>
  <system-err><![CDATA[java.lang.RuntimeException: Execution failed
	at ptolemy.moml.MoMLSimpleApplication$UnloadThread.run(MoMLSimpleApplication.java:402)
Caused by: ptolemy.kernel.util.IllegalActionException: Exceptions occurred during wrapup:
ptolemy.kernel.util.IllegalActionException: Exceptions occurred during wrapup:
ptolemy.kernel.util.IllegalActionException: The fire() method of this actor was never called. Usually, this is an error indicating that starvation is occurring.
  in .DatagramReaders.typed composite actor.Test

  in .DatagramReaders.typed composite actor.DE Director
Because:
The fire() method of this actor was never called. Usually, this is an error indicating that starvation is occurring.
  in .DatagramReaders.typed composite actor.Test

  in .DatagramReaders.DE Director
Because:
Exceptions occurred during wrapup:
ptolemy.kernel.util.IllegalActionException: The fire() method of this actor was never called. Usually, this is an error indicating that starvation is occurring.
  in .DatagramReaders.typed composite actor.Test

  in .DatagramReaders.typed composite actor.DE Director
Because:
The fire() method of this actor was never called. Usually, this is an error indicating that starvation is occurring.
  in .DatagramReaders.typed composite actor.Test
	at ptolemy.actor.Director.wrapup(Director.java:1736)
	at ptolemy.domains.de.kernel.DEDirector.wrapup(DEDirector.java:1527)
	at ptolemy.actor.CompositeActor.wrapup(CompositeActor.java:2755)
	at ptolemy.actor.Manager.wrapup(Manager.java:1530)
	at ptolemy.actor.Manager.execute(Manager.java:407)
	at ptolemy.actor.Manager.run(Manager.java:1263)
	at ptolemy.actor.Manager$PtolemyRunThread.run(Manager.java:1933)
Caused by: ptolemy.kernel.util.IllegalActionException: Exceptions occurred during wrapup:
ptolemy.kernel.util.IllegalActionException: The fire() method of this actor was never called. Usually, this is an error indicating that starvation is occurring.
  in .DatagramReaders.typed composite actor.Test

  in .DatagramReaders.typed composite actor.DE Director
Because:
The fire() method of this actor was never called. Usually, this is an error indicating that starvation is occurring.
  in .DatagramReaders.typed composite actor.Test
	at ptolemy.actor.Director.wrapup(Director.java:1736)
	at ptolemy.domains.de.kernel.DEDirector.wrapup(DEDirector.java:1527)
	at ptolemy.actor.CompositeActor.wrapup(CompositeActor.java:2755)
	at ptolemy.actor.Director.wrapup(Director.java:1722)
	... 6 more
Caused by: ptolemy.kernel.util.IllegalActionException: The fire() method of this actor was never called. Usually, this is an error indicating that starvation is occurring.
  in .DatagramReaders.typed composite actor.Test
	at ptolemy.actor.lib.NonStrictTest.wrapup(NonStrictTest.java:394)
	at ptolemy.actor.Director.wrapup(Director.java:1722)
	... 9 more
java.lang.reflect.InvocationTargetException
	at java.base/jdk.internal.reflect.NativeConstructorAccessorImpl.newInstance0(Native Method)
	at java.base/jdk.internal.reflect.NativeConstructorAccessorImpl.newInstance(NativeConstructorAccessorImpl.java:62)
	at java.base/jdk.internal.reflect.DelegatingConstructorAccessorImpl.newInstance(DelegatingConstructorAccessorImpl.java:45)
	at java.base/java.lang.reflect.Constructor.newInstance(Constructor.java:490)
	at ptolemy.util.test.junit.AutoKnownFailedTests.RunModel(AutoKnownFailedTests.java:105)
	at java.base/jdk.internal.reflect.NativeMethodAccessorImpl.invoke0(Native Method)
	at java.base/jdk.internal.reflect.NativeMethodAccessorImpl.invoke(NativeMethodAccessorImpl.java:62)
	at java.base/jdk.internal.reflect.DelegatingMethodAccessorImpl.invoke(DelegatingMethodAccessorImpl.java:43)
	at java.base/java.lang.reflect.Method.invoke(Method.java:566)
	at org.junit.runners.model.FrameworkMethod$1.runReflectiveCall(FrameworkMethod.java:44)
	at org.junit.internal.runners.model.ReflectiveCallable.run(ReflectiveCallable.java:15)
	at org.junit.runners.model.FrameworkMethod.invokeExplosively(FrameworkMethod.java:41)
	at junitparams.internal.InvokeParameterisedMethod.evaluate(InvokeParameterisedMethod.java:102)
	at org.junit.internal.runners.statements.FailOnTimeout$1.run(FailOnTimeout.java:28)
Caused by: ptolemy.kernel.util.IllegalActionException: Exceptions occurred during wrapup:
ptolemy.kernel.util.IllegalActionException: Exceptions occurred during wrapup:
ptolemy.kernel.util.IllegalActionException: The fire() method of this actor was never called. Usually, this is an error indicating that starvation is occurring.
  in .DatagramReaders.typed composite actor.Test

  in .DatagramReaders.typed composite actor.DE Director
Because:
The fire() method of this actor was never called. Usually, this is an error indicating that starvation is occurring.
  in .DatagramReaders.typed composite actor.Test

  in .DatagramReaders.DE Director
Because:
Exceptions occurred during wrapup:
ptolemy.kernel.util.IllegalActionException: The fire() method of this actor was never called. Usually, this is an error indicating that starvation is occurring.
  in .DatagramReaders.typed composite actor.Test

  in .DatagramReaders.typed composite actor.DE Director
Because:
The fire() method of this actor was never called. Usually, this is an error indicating that starvation is occurring.
  in .DatagramReaders.typed composite actor.Test
	at ptolemy.actor.Director.wrapup(Director.java:1736)
	at ptolemy.domains.de.kernel.DEDirector.wrapup(DEDirector.java:1527)
	at ptolemy.actor.CompositeActor.wrapup(CompositeActor.java:2755)
	at ptolemy.actor.Manager.wrapup(Manager.java:1530)
	at ptolemy.actor.Manager.execute(Manager.java:407)
	at ptolemy.actor.Manager.run(Manager.java:1263)
	at ptolemy.actor.Manager$PtolemyRunThread.run(Manager.java:1933)
Caused by: ptolemy.kernel.util.IllegalActionException: Exceptions occurred during wrapup:
ptolemy.kernel.util.IllegalActionException: The fire() method of this actor was never called. Usually, this is an error indicating that starvation is occurring.
  in .DatagramReaders.typed composite actor.Test

  in .DatagramReaders.typed composite actor.DE Director
Because:
The fire() method of this actor was never called. Usually, this is an error indicating that starvation is occurring.
  in .DatagramReaders.typed composite actor.Test
	at ptolemy.actor.Director.wrapup(Director.java:1736)
	at ptolemy.domains.de.kernel.DEDirector.wrapup(DEDirector.java:1527)
	at ptolemy.actor.CompositeActor.wrapup(CompositeActor.java:2755)
	at ptolemy.actor.Director.wrapup(Director.java:1722)
	... 6 more
Caused by: ptolemy.kernel.util.IllegalActionException: The fire() method of this actor was never called. Usually, this is an error indicating that starvation is occurring.
  in .DatagramReaders.typed composite actor.Test
	at ptolemy.actor.lib.NonStrictTest.wrapup(NonStrictTest.java:394)
	at ptolemy.actor.Director.wrapup(Director.java:1722)
	... 9 more
java.lang.RuntimeException: Execution failed
	at ptolemy.moml.MoMLSimpleApplication$UnloadThread.run(MoMLSimpleApplication.java:402)
Caused by: ptolemy.kernel.util.IllegalActionException: Exceptions occurred during wrapup:
ptolemy.kernel.util.IllegalActionException: Exceptions occurred during wrapup:
ptolemy.kernel.util.IllegalActionException: The fire() method of this actor was never called. Usually, this is an error indicating that starvation is occurring.
  in .DatagramReadersSynced.typed composite actor.Test

  in .DatagramReadersSynced.typed composite actor.DE Director
Because:
The fire() method of this actor was never called. Usually, this is an error indicating that starvation is occurring.
  in .DatagramReadersSynced.typed composite actor.Test

  in .DatagramReadersSynced.DE Director
Because:
Exceptions occurred during wrapup:
ptolemy.kernel.util.IllegalActionException: The fire() method of this actor was never called. Usually, this is an error indicating that starvation is occurring.
  in .DatagramReadersSynced.typed composite actor.Test

  in .DatagramReadersSynced.typed composite actor.DE Director
Because:
The fire() method of this actor was never called. Usually, this is an error indicating that starvation is occurring.
  in .DatagramReadersSynced.typed composite actor.Test
	at ptolemy.actor.Director.wrapup(Director.java:1736)
	at ptolemy.domains.de.kernel.DEDirector.wrapup(DEDirector.java:1527)
	at ptolemy.actor.CompositeActor.wrapup(CompositeActor.java:2755)
	at ptolemy.actor.Manager.wrapup(Manager.java:1530)
	at ptolemy.actor.Manager.execute(Manager.java:407)
	at ptolemy.actor.Manager.run(Manager.java:1263)
	at ptolemy.actor.Manager$PtolemyRunThread.run(Manager.java:1933)
Caused by: ptolemy.kernel.util.IllegalActionException: Exceptions occurred during wrapup:
ptolemy.kernel.util.IllegalActionException: The fire() method of this actor was never called. Usually, this is an error indicating that starvation is occurring.
  in .DatagramReadersSynced.typed composite actor.Test

  in .DatagramReadersSynced.typed composite actor.DE Director
Because:
The fire() method of this actor was never called. Usually, this is an error indicating that starvation is occurring.
  in .DatagramReadersSynced.typed composite actor.Test
	at ptolemy.actor.Director.wrapup(Director.java:1736)
	at ptolemy.domains.de.kernel.DEDirector.wrapup(DEDirector.java:1527)
	at ptolemy.actor.CompositeActor.wrapup(CompositeActor.java:2755)
	at ptolemy.actor.Director.wrapup(Director.java:1722)
	... 6 more
Caused by: ptolemy.kernel.util.IllegalActionException: The fire() method of this actor was never called. Usually, this is an error indicating that starvation is occurring.
  in .DatagramReadersSynced.typed composite actor.Test
	at ptolemy.actor.lib.NonStrictTest.wrapup(NonStrictTest.java:394)
	at ptolemy.actor.Director.wrapup(Director.java:1722)
	... 9 more
java.lang.reflect.InvocationTargetException
	at java.base/jdk.internal.reflect.NativeConstructorAccessorImpl.newInstance0(Native Method)
	at java.base/jdk.internal.reflect.NativeConstructorAccessorImpl.newInstance(NativeConstructorAccessorImpl.java:62)
	at java.base/jdk.internal.reflect.DelegatingConstructorAccessorImpl.newInstance(DelegatingConstructorAccessorImpl.java:45)
	at java.base/java.lang.reflect.Constructor.newInstance(Constructor.java:490)
	at ptolemy.util.test.junit.AutoKnownFailedTests.RunModel(AutoKnownFailedTests.java:105)
	at java.base/jdk.internal.reflect.NativeMethodAccessorImpl.invoke0(Native Method)
	at java.base/jdk.internal.reflect.NativeMethodAccessorImpl.invoke(NativeMethodAccessorImpl.java:62)
	at java.base/jdk.internal.reflect.DelegatingMethodAccessorImpl.invoke(DelegatingMethodAccessorImpl.java:43)
	at java.base/java.lang.reflect.Method.invoke(Method.java:566)
	at org.junit.runners.model.FrameworkMethod$1.runReflectiveCall(FrameworkMethod.java:44)
	at org.junit.internal.runners.model.ReflectiveCallable.run(ReflectiveCallable.java:15)
	at org.junit.runners.model.FrameworkMethod.invokeExplosively(FrameworkMethod.java:41)
	at junitparams.internal.InvokeParameterisedMethod.evaluate(InvokeParameterisedMethod.java:102)
	at org.junit.internal.runners.statements.FailOnTimeout$1.run(FailOnTimeout.java:28)
Caused by: ptolemy.kernel.util.IllegalActionException: Exceptions occurred during wrapup:
ptolemy.kernel.util.IllegalActionException: Exceptions occurred during wrapup:
ptolemy.kernel.util.IllegalActionException: The fire() method of this actor was never called. Usually, this is an error indicating that starvation is occurring.
  in .DatagramReadersSynced.typed composite actor.Test

  in .DatagramReadersSynced.typed composite actor.DE Director
Because:
The fire() method of this actor was never called. Usually, this is an error indicating that starvation is occurring.
  in .DatagramReadersSynced.typed composite actor.Test

  in .DatagramReadersSynced.DE Director
Because:
Exceptions occurred during wrapup:
ptolemy.kernel.util.IllegalActionException: The fire() method of this actor was never called. Usually, this is an error indicating that starvation is occurring.
  in .DatagramReadersSynced.typed composite actor.Test

  in .DatagramReadersSynced.typed composite actor.DE Director
Because:
The fire() method of this actor was never called. Usually, this is an error indicating that starvation is occurring.
  in .DatagramReadersSynced.typed composite actor.Test
	at ptolemy.actor.Director.wrapup(Director.java:1736)
	at ptolemy.domains.de.kernel.DEDirector.wrapup(DEDirector.java:1527)
	at ptolemy.actor.CompositeActor.wrapup(CompositeActor.java:2755)
	at ptolemy.actor.Manager.wrapup(Manager.java:1530)
	at ptolemy.actor.Manager.execute(Manager.java:407)
	at ptolemy.actor.Manager.run(Manager.java:1263)
	at ptolemy.actor.Manager$PtolemyRunThread.run(Manager.java:1933)
Caused by: ptolemy.kernel.util.IllegalActionException: Exceptions occurred during wrapup:
ptolemy.kernel.util.IllegalActionException: The fire() method of this actor was never called. Usually, this is an error indicating that starvation is occurring.
  in .DatagramReadersSynced.typed composite actor.Test

  in .DatagramReadersSynced.typed composite actor.DE Director
Because:
The fire() method of this actor was never called. Usually, this is an error indicating that starvation is occurring.
  in .DatagramReadersSynced.typed composite actor.Test
	at ptolemy.actor.Director.wrapup(Director.java:1736)
	at ptolemy.domains.de.kernel.DEDirector.wrapup(DEDirector.java:1527)
	at ptolemy.actor.CompositeActor.wrapup(CompositeActor.java:2755)
	at ptolemy.actor.Director.wrapup(Director.java:1722)
	... 6 more
Caused by: ptolemy.kernel.util.IllegalActionException: The fire() method of this actor was never called. Usually, this is an error indicating that starvation is occurring.
  in .DatagramReadersSynced.typed composite actor.Test
	at ptolemy.actor.lib.NonStrictTest.wrapup(NonStrictTest.java:394)
	at ptolemy.actor.Director.wrapup(Director.java:1722)
	... 9 more
]]></system-err>
</testsuite>
