<?xml version="1.0" encoding="UTF-8" ?>
<testsuite errors="0" failures="0" hostname="travis-job-feb77938-ca81-4397-9325-a84571bafa25" name="ptolemy.actor.lib.fmi.test.junit.JUnitTclTest" skipped="0" tests="63" time="18.793" timestamp="2020-10-16T15:45:47">
  <properties>
[...]
</properties>
  <testcase classname="ptolemy.util.test.junit.TclTests" name="[0] /home/travis/build/icyphy/ptII/ptolemy/actor/lib/fmi/test/FMUImport.tcl (RunTclFile)" time="2.559" />
  <testcase classname="ptolemy.util.test.junit.TclTests" name="[1] /home/travis/build/icyphy/ptII/ptolemy/actor/lib/fmi/test/FMUQSS.tcl (RunTclFile)" time="0.075" />
  <testcase classname="ptolemy.util.test.junit.AutoKnownFailedTests" name="[0] /home/travis/build/icyphy/ptII/ptolemy/actor/lib/fmi/test/auto/knownFailedTests/FMUContinuousInc20.xml (RunModel)" time="0.296" />
  <testcase classname="ptolemy.util.test.junit.AutoNameArchTests" name="[0] /home/travis/build/icyphy/ptII/ptolemy/actor/lib/fmi/test/auto/linux-amd64/FMUQSSAirOulet1_QSS1.xml (RunModel)" time="1.064" />
  <testcase classname="ptolemy.util.test.junit.AutoNameArchTests" name="[1] /home/travis/build/icyphy/ptII/ptolemy/actor/lib/fmi/test/auto/linux-amd64/FMUQSSAirToOulet1_QSS1.xml (RunModel)" time="0.488" />
  <testcase classname="ptolemy.util.test.junit.AutoNameArchTests" name="[2] /home/travis/build/icyphy/ptII/ptolemy/actor/lib/fmi/test/auto/linux-amd64/FMUQSSAirToOulet2_QSS1.xml (RunModel)" time="1.775" />
  <testcase classname="ptolemy.util.test.junit.AutoNameArchTests" name="[3] /home/travis/build/icyphy/ptII/ptolemy/actor/lib/fmi/test/auto/linux-amd64/FMUQSSStateEvent1_QSS1.xml (RunModel)" time="0.164" />
  <testcase classname="ptolemy.util.test.junit.AutoNameArchTests" name="[4] /home/travis/build/icyphy/ptII/ptolemy/actor/lib/fmi/test/auto/linux-amd64/FMUQSSStateEvent1_QSS2.xml (RunModel)" time="0.934" />
  <testcase classname="ptolemy.util.test.junit.AutoNameArchTests" name="[5] /home/travis/build/icyphy/ptII/ptolemy/actor/lib/fmi/test/auto/linux-amd64/FMUQSSStateEvent1_QSS3.xml (RunModel)" time="0.208" />
  <testcase classname="ptolemy.util.test.junit.AutoNameArchTests" name="[6] /home/travis/build/icyphy/ptII/ptolemy/actor/lib/fmi/test/auto/linux-amd64/FMUQSSStateEvent2_QSS1.xml (RunModel)" time="0.594" />
  <testcase classname="ptolemy.util.test.junit.AutoNameArchTests" name="[7] /home/travis/build/icyphy/ptII/ptolemy/actor/lib/fmi/test/auto/linux-amd64/FMUQSSStateEvent2_QSS2.xml (RunModel)" time="0.758" />
  <testcase classname="ptolemy.util.test.junit.AutoNameArchTests" name="[8] /home/travis/build/icyphy/ptII/ptolemy/actor/lib/fmi/test/auto/linux-amd64/FMUQSSStateEvent4_QSS1.xml (RunModel)" time="0.228" />
  <testcase classname="ptolemy.util.test.junit.AutoNameArchTests" name="[9] /home/travis/build/icyphy/ptII/ptolemy/actor/lib/fmi/test/auto/linux-amd64/FMUQSSStateEvent4_QSS2.xml (RunModel)" time="0.088" />
  <testcase classname="ptolemy.util.test.junit.AutoNameArchTests" name="[10] /home/travis/build/icyphy/ptII/ptolemy/actor/lib/fmi/test/auto/linux-amd64/FMUQSSStateEvent4_QSS3.xml (RunModel)" time="0.089" />
  <testcase classname="ptolemy.util.test.junit.AutoNameArchTests" name="[11] /home/travis/build/icyphy/ptII/ptolemy/actor/lib/fmi/test/auto/linux-amd64/FMUQSSStateEvent5_QSS1.xml (RunModel)" time="0.207" />
  <testcase classname="ptolemy.util.test.junit.AutoNameArchTests" name="[12] /home/travis/build/icyphy/ptII/ptolemy/actor/lib/fmi/test/auto/linux-amd64/FMUQSSStateEvent5_QSS2.xml (RunModel)" time="0.439" />
  <testcase classname="ptolemy.util.test.junit.AutoNameArchTests" name="[13] /home/travis/build/icyphy/ptII/ptolemy/actor/lib/fmi/test/auto/linux-amd64/FMUQSSStateEvent5_QSS3.xml (RunModel)" time="0.088" />
  <testcase classname="ptolemy.util.test.junit.AutoNameArchTests" name="[14] /home/travis/build/icyphy/ptII/ptolemy/actor/lib/fmi/test/auto/linux-amd64/FMUQSSStateEvent6_QSS1.xml (RunModel)" time="0.664" />
  <testcase classname="ptolemy.util.test.junit.AutoNameArchTests" name="[15] /home/travis/build/icyphy/ptII/ptolemy/actor/lib/fmi/test/auto/linux-amd64/FMUQSSStateEvent6_QSS2.xml (RunModel)" time="0.728" />
  <testcase classname="ptolemy.util.test.junit.AutoTests" name="[0] /home/travis/build/icyphy/ptII/ptolemy/actor/lib/fmi/test/auto/FMU30Inc.xml (RunModel)" time="0.457" />
  <testcase classname="ptolemy.util.test.junit.AutoTests" name="[1] /home/travis/build/icyphy/ptII/ptolemy/actor/lib/fmi/test/auto/FMUBouncingBall.xml (RunModel)" time="0.131" />
  <testcase classname="ptolemy.util.test.junit.AutoTests" name="[2] /home/travis/build/icyphy/ptII/ptolemy/actor/lib/fmi/test/auto/FMUBouncingBallME20.xml (RunModel)" time="0.205" />
  <testcase classname="ptolemy.util.test.junit.AutoTests" name="[3] /home/travis/build/icyphy/ptII/ptolemy/actor/lib/fmi/test/auto/FMUDQ.xml (RunModel)" time="0.039" />
  <testcase classname="ptolemy.util.test.junit.AutoTests" name="[4] /home/travis/build/icyphy/ptII/ptolemy/actor/lib/fmi/test/auto/FMUDq20.xml (RunModel)" time="0.083" />
  <testcase classname="ptolemy.util.test.junit.AutoTests" name="[5] /home/travis/build/icyphy/ptII/ptolemy/actor/lib/fmi/test/auto/FMUDqME20.xml (RunModel)" time="0.033" />
  <testcase classname="ptolemy.util.test.junit.AutoTests" name="[6] /home/travis/build/icyphy/ptII/ptolemy/actor/lib/fmi/test/auto/FMUFourInputsFourOutputsME20.xml (RunModel)" time="0.035" />
  <testcase classname="ptolemy.util.test.junit.AutoTests" name="[7] /home/travis/build/icyphy/ptII/ptolemy/actor/lib/fmi/test/auto/FMUHeaterFlowResistance.xml (RunModel)" time="0.345" />
  <testcase classname="ptolemy.util.test.junit.AutoTests" name="[8] /home/travis/build/icyphy/ptII/ptolemy/actor/lib/fmi/test/auto/FMUHelloWorld.xml (RunModel)" time="0.025" />
  <testcase classname="ptolemy.util.test.junit.AutoTests" name="[9] /home/travis/build/icyphy/ptII/ptolemy/actor/lib/fmi/test/auto/FMUHelloWorldUnBuilt.xml (RunModel)" time="0.081" />
  <testcase classname="ptolemy.util.test.junit.AutoTests" name="[10] /home/travis/build/icyphy/ptII/ptolemy/actor/lib/fmi/test/auto/FMUInc.xml (RunModel)" time="0.018" />
  <testcase classname="ptolemy.util.test.junit.AutoTests" name="[11] /home/travis/build/icyphy/ptII/ptolemy/actor/lib/fmi/test/auto/FMUInc2.xml (RunModel)" time="0.031" />
  <testcase classname="ptolemy.util.test.junit.AutoTests" name="[12] /home/travis/build/icyphy/ptII/ptolemy/actor/lib/fmi/test/auto/FMUIncME1.xml (RunModel)" time="0.023" />
  <testcase classname="ptolemy.util.test.junit.AutoTests" name="[13] /home/travis/build/icyphy/ptII/ptolemy/actor/lib/fmi/test/auto/FMUIncME20.xml (RunModel)" time="0.021" />
  <testcase classname="ptolemy.util.test.junit.AutoTests" name="[14] /home/travis/build/icyphy/ptII/ptolemy/actor/lib/fmi/test/auto/FMUIncScale20RC1pt.xml (RunModel)" time="0.033" />
  <testcase classname="ptolemy.util.test.junit.AutoTests" name="[15] /home/travis/build/icyphy/ptII/ptolemy/actor/lib/fmi/test/auto/FMULevelStairs.xml (RunModel)" time="0.042" />
  <testcase classname="ptolemy.util.test.junit.AutoTests" name="[16] /home/travis/build/icyphy/ptII/ptolemy/actor/lib/fmi/test/auto/FMUPumpConstantSpeed.xml (RunModel)" time="0.106" />
  <testcase classname="ptolemy.util.test.junit.AutoTests" name="[17] /home/travis/build/icyphy/ptII/ptolemy/actor/lib/fmi/test/auto/FMUQSSTankOpen.xml (RunModel)" time="2.534" />
  <testcase classname="ptolemy.util.test.junit.AutoTests" name="[18] /home/travis/build/icyphy/ptII/ptolemy/actor/lib/fmi/test/auto/FMUSDFBouncingBall.xml (RunModel)" time="0.019" />
  <testcase classname="ptolemy.util.test.junit.AutoTests" name="[19] /home/travis/build/icyphy/ptII/ptolemy/actor/lib/fmi/test/auto/FMUSDFBouncingBall20.xml (RunModel)" time="0.224" />
  <testcase classname="ptolemy.util.test.junit.AutoTests" name="[20] /home/travis/build/icyphy/ptII/ptolemy/actor/lib/fmi/test/auto/FMUSDFBouncingBall20RC1.xml (RunModel)" time="0.023" />
  <testcase classname="ptolemy.util.test.junit.AutoTests" name="[21] /home/travis/build/icyphy/ptII/ptolemy/actor/lib/fmi/test/auto/FMUSDFInc20.xml (RunModel)" time="0.025" />
  <testcase classname="ptolemy.util.test.junit.AutoTests" name="[22] /home/travis/build/icyphy/ptII/ptolemy/actor/lib/fmi/test/auto/FMUStairs.xml (RunModel)" time="0.034" />
  <testcase classname="ptolemy.util.test.junit.AutoTests" name="[23] /home/travis/build/icyphy/ptII/ptolemy/actor/lib/fmi/test/auto/FMUStepCounter1.xml (RunModel)" time="0.09" />
  <testcase classname="ptolemy.util.test.junit.AutoTests" name="[24] /home/travis/build/icyphy/ptII/ptolemy/actor/lib/fmi/test/auto/FMUStepCounter2.xml (RunModel)" time="0.102" />
  <testcase classname="ptolemy.util.test.junit.AutoTests" name="[25] /home/travis/build/icyphy/ptII/ptolemy/actor/lib/fmi/test/auto/FMUStepCounterContinuous1.xml (RunModel)" time="0.016" />
  <testcase classname="ptolemy.util.test.junit.AutoTests" name="[26] /home/travis/build/icyphy/ptII/ptolemy/actor/lib/fmi/test/auto/FMUStepCounterContinuous2.xml (RunModel)" time="0.022" />
  <testcase classname="ptolemy.util.test.junit.AutoTests" name="[27] /home/travis/build/icyphy/ptII/ptolemy/actor/lib/fmi/test/auto/FMUStepCounterContinuousTwoFMUs1.xml (RunModel)" time="0.022" />
  <testcase classname="ptolemy.util.test.junit.AutoTests" name="[28] /home/travis/build/icyphy/ptII/ptolemy/actor/lib/fmi/test/auto/FMUStepCounterContinuousTwoFMUs2.xml (RunModel)" time="0.031" />
  <testcase classname="ptolemy.util.test.junit.AutoTests" name="[29] /home/travis/build/icyphy/ptII/ptolemy/actor/lib/fmi/test/auto/FMUStepCounterExtendedFMI.xml (RunModel)" time="0.109" />
  <testcase classname="ptolemy.util.test.junit.AutoTests" name="[30] /home/travis/build/icyphy/ptII/ptolemy/actor/lib/fmi/test/auto/FMUStepCounterPeriodInNameContinuous2.xml (RunModel)" time="0.093" />
  <testcase classname="ptolemy.util.test.junit.AutoTests" name="[31] /home/travis/build/icyphy/ptII/ptolemy/actor/lib/fmi/test/auto/FMUTankOpen.xml (RunModel)" time="0.092" />
  <testcase classname="ptolemy.util.test.junit.AutoTests" name="[32] /home/travis/build/icyphy/ptII/ptolemy/actor/lib/fmi/test/auto/FMUTwoBallCollision.xml (RunModel)" time="0.33" />
  <testcase classname="ptolemy.util.test.junit.AutoTests" name="[33] /home/travis/build/icyphy/ptII/ptolemy/actor/lib/fmi/test/auto/FMUValues.xml (RunModel)" time="0.049" />
  <testcase classname="ptolemy.util.test.junit.AutoTests" name="[34] /home/travis/build/icyphy/ptII/ptolemy/actor/lib/fmi/test/auto/FMUValues20.xml (RunModel)" time="0.038" />
  <testcase classname="ptolemy.util.test.junit.AutoTests" name="[35] /home/travis/build/icyphy/ptII/ptolemy/actor/lib/fmi/test/auto/FMUValuesME20.xml (RunModel)" time="0.091" />
  <testcase classname="ptolemy.util.test.junit.AutoTests" name="[36] /home/travis/build/icyphy/ptII/ptolemy/actor/lib/fmi/test/auto/FMUVanDerPol.xml (RunModel)" time="0.026" />
  <testcase classname="ptolemy.util.test.junit.AutoTests" name="[37] /home/travis/build/icyphy/ptII/ptolemy/actor/lib/fmi/test/auto/FMUVanDerPol20.xml (RunModel)" time="0.107" />
  <testcase classname="ptolemy.util.test.junit.AutoTests" name="[38] /home/travis/build/icyphy/ptII/ptolemy/actor/lib/fmi/test/auto/FMUVanDerPolME20.xml (RunModel)" time="0.038" />
  <testcase classname="ptolemy.util.test.junit.AutoTests" name="[39] /home/travis/build/icyphy/ptII/ptolemy/actor/lib/fmi/test/auto/FMUdq20RC1.xml (RunModel)" time="0.013" />
  <testcase classname="ptolemy.util.test.junit.AutoTests" name="[40] /home/travis/build/icyphy/ptII/ptolemy/actor/lib/fmi/test/auto/FMUvalues20RC1.xml (RunModel)" time="0.033" />
  <testcase classname="ptolemy.util.test.junit.AutoTests" name="[41] /home/travis/build/icyphy/ptII/ptolemy/actor/lib/fmi/test/auto/FMUvanDerPol20RC1.xml (RunModel)" time="0.028" />
  <testcase classname="ptolemy.util.test.junit.AutoTests" name="[42] /home/travis/build/icyphy/ptII/ptolemy/actor/lib/fmi/test/auto/TestZeroDelayFeedback.xml (RunModel)" time="0.988" />
  <testcase classname="ptolemy.util.test.junit.AutoTests" name="[43] /home/travis/build/icyphy/ptII/ptolemy/actor/lib/fmi/test/auto/helloWorldME2.xml (RunModel)" time="0.017" />
  <system-out><![CDATA[/home/travis/build/icyphy/ptII/ptolemy/actor/lib/fmi/test/FMUImport.tcl
testDefs.tcl: setting time out to 9000 seconds at Fri Oct 16 15:45:47 UTC 2020
.top.qss1State1OutputNoBinaries
.top.helloWorld
FMUImport.tcl: auto/valuesME20.fmu is to be imported as a modelExchange fmu.
.top.valuesME
Warning: FMU modelDescription provides Integer representation of time, but precision is not specified
.top.HybridSequenceCheck
.top.inc
.top.values
.top.stairsB
.top.values20RC
.top.stepCounter
Warning: FMU modelDescription provides Integer representation of time, but precision is not specified
.top.HybridConstantSignalGenerator
.top.bouncingBall20RC
.top.SamplerFP
Warning: FMU modelDescription provides Integer representation of time, but precision is not specified
.top.HybridTriggeredConst
Warning: FMU modelDescription provides Integer representation of time, but precision is not specified
.top.HybridDelay
FMUImport.tcl: auto/dqME20.fmu is to be imported as a modelExchange fmu.
.top.dqME
.top.inc20pt
Warning: FMU modelDescription provides Integer representation of time, but precision is not specified
.top.ConstantIT
Warning: FMU modelDescription provides Integer representation of time, but precision is not specified
.top.SamplerIT
Warning: FMU modelDescription provides Integer representation of time, but precision is not specified
.top.ZeroCrossingDetectorIT
Warning: FMU modelDescription provides Integer representation of time, but precision is not specified
.top.HybridAdder
FMUImport.tcl: auto/incME20.fmu is to be imported as a modelExchange fmu.
.top.incME
.top.stepCounterExtendedFMI
.top.ballDynamics
.top.inc20RC
Warning: FMU modelDescription provides Integer representation of time, but precision is not specified
.top.DelayW
Warning: FMU modelDescription provides Integer representation of time, but precision is not specified
.top.Adder
FMUImport.tcl: auto/vanDerPolME1.fmu is to be imported as a modelExchange fmu.
.top.vanDerPolME
.top.bouncingBall
.top.fmuB20pt
.top.ClockFP
.top.onOffSupervisor
.top.fmuD20pt
.top.scale20pt
.top.stairsA
.top.dq
.top.pumpConstantSpeed
FMUImport.tcl: auto/bouncingBallME1.fmu is to be imported as a modelExchange fmu.
.top.bouncingBallME
FMUImport.tcl: auto/valuesME1.fmu is to be imported as a modelExchange fmu.
.top.valuesME
Warning: FMU modelDescription provides Integer representation of time, but precision is not specified
.top.CheckEqualityIT
Warning: FMU modelDescription provides Integer representation of time, but precision is not specified
.top.CTClockW
.top.dq20RC
.top.stepCounter
.top.helloWorldME
.top.scale20RC
Warning: FMU modelDescription provides Integer representation of time, but precision is not specified
.top.ClockW
Warning: FMU modelDescription provides Integer representation of time, but precision is not specified
.top.HybridIntegratorReset
Warning: FMU modelDescription provides Integer representation of time, but precision is not specified
.top.HybridZeroCrossingDetector
.top.fmuC20pt
.top.vanDerPol20RC
.top.levelStairs
.top.fmuA20pt
Warning: FMU modelDescription provides Integer representation of time, but precision is not specified
.top.CTClockIT
.top.stepCounterPeriodInName
Warning: FMU modelDescription provides Integer representation of time, but precision is not specified
.top.IntegratorIT
FMUImport.tcl: auto/fourInputsFourOutputsME20.fmu is to be imported as a modelExchange fmu.
.top.fourInputsFourOutputsME
Warning: FMU modelDescription provides Integer representation of time, but precision is not specified
.top.Clock
FMUImport.tcl: auto/dqME1.fmu is to be imported as a modelExchange fmu.
.top.dqME
FMUImport.tcl: auto/incME1.fmu is to be imported as a modelExchange fmu.
.top.incME
.top.CheckEqualityFP
.top.vanDerPol
Warning: FMU modelDescription provides Integer representation of time, but precision is not specified
.top.ClockIT
FMUImport.tcl: auto/tankOpen.fmu is to be imported as a modelExchange fmu.
.top.tankOpen
.top.heaterFlowResistance
FMUImport.tcl: auto/vanDerPolME20.fmu is to be imported as a modelExchange fmu.
.top.vanDerPolME
Warning: FMU modelDescription provides Integer representation of time, but precision is not specified
.top.Constant
Warning: FMU modelDescription provides Integer representation of time, but precision is not specified
.top.ZeroCrossingDetector
Warning: FMU modelDescription provides Integer representation of time, but precision is not specified
.top.Integrator
Warning: FMU modelDescription provides Integer representation of time, but precision is not specified
.top.AdderIT
Warning: FMU modelDescription provides Integer representation of time, but precision is not specified
.top.DelayIT
.top.out20pt
Warning: FMU modelDescription provides Integer representation of time, but precision is not specified
.top.Delay
.top.stairsA20RC1F
FMUImport.tcl: auto/bouncingBallME20.fmu is to be imported as a modelExchange fmu.
.top.bouncingBallME
.top.helloWorldUnBuilt
/home/travis/build/icyphy/ptII/ptolemy/actor/lib/fmi/test/FMUQSS.tcl
10/16/20 03:45:49
Failed: 0  Total Tests: 80  ((Passed: 80, Newly Passed: 0)  Known Failed: 0) /home/travis/build/icyphy/ptII/ptolemy/actor/lib/fmi/test
----------------- testing (KnownFailure) /home/travis/build/icyphy/ptII/ptolemy/actor/lib/fmi/test/auto/knownFailedTests/FMUContinuousInc20.xml
159 ms. Memory: 129024K Free: 104601K (81%)
Known Failure: java.lang.reflect.InvocationTargetException

===========================================================================================
----------------- testing Fri Oct 16 15:45:50 UTC 2020 /home/travis/build/icyphy/ptII/ptolemy/actor/lib/fmi/test/auto/linux-amd64/FMUQSSAirOulet1_QSS1.xml
----------------- Instantiating /home/travis/build/icyphy/ptII/ptolemy/actor/lib/fmi/test/auto/linux-amd64/FMUQSSAirOulet1_QSS1.xml
 Number of steps: 1811
  stateEvents: 3
  stepEvents: 0
  timeEvents: 0
897 ms. Memory: 129024K Free: 99812K (77%)
----------------- Invoking toplevel() on ptolemy.moml.MoMLSimpleApplication@347219a
----------------- Done invoking toplevel() on ptolemy.moml.MoMLSimpleApplication@347219a
reloadAllAccessors: .FMUQSSAirOulet1_QSS1

===========================================================================================
----------------- testing Fri Oct 16 15:45:51 UTC 2020 /home/travis/build/icyphy/ptII/ptolemy/actor/lib/fmi/test/auto/linux-amd64/FMUQSSAirToOulet1_QSS1.xml
----------------- Instantiating /home/travis/build/icyphy/ptII/ptolemy/actor/lib/fmi/test/auto/linux-amd64/FMUQSSAirToOulet1_QSS1.xml
 Number of steps: 1811
  stateEvents: 3
  stepEvents: 0
  timeEvents: 0
425 ms. Memory: 129024K Free: 52442K (41%)
----------------- Invoking toplevel() on ptolemy.moml.MoMLSimpleApplication@30fbbdf8
----------------- Done invoking toplevel() on ptolemy.moml.MoMLSimpleApplication@30fbbdf8
reloadAllAccessors: .FMUQSSAirToOulet1_QSS1

===========================================================================================
----------------- testing Fri Oct 16 15:45:51 UTC 2020 /home/travis/build/icyphy/ptII/ptolemy/actor/lib/fmi/test/auto/linux-amd64/FMUQSSAirToOulet2_QSS1.xml
----------------- Instantiating /home/travis/build/icyphy/ptII/ptolemy/actor/lib/fmi/test/auto/linux-amd64/FMUQSSAirToOulet2_QSS1.xml
 Number of steps: 9936
  stateEvents: 1
  stepEvents: 0
  timeEvents: 8
1665 ms. Memory: 160768K Free: 85118K (53%)
----------------- Invoking toplevel() on ptolemy.moml.MoMLSimpleApplication@ff02765
----------------- Done invoking toplevel() on ptolemy.moml.MoMLSimpleApplication@ff02765
reloadAllAccessors: .FMUQSSAirToOulet2_QSS1

===========================================================================================
----------------- testing Fri Oct 16 15:45:53 UTC 2020 /home/travis/build/icyphy/ptII/ptolemy/actor/lib/fmi/test/auto/linux-amd64/FMUQSSStateEvent1_QSS1.xml
----------------- Instantiating /home/travis/build/icyphy/ptII/ptolemy/actor/lib/fmi/test/auto/linux-amd64/FMUQSSStateEvent1_QSS1.xml
 Number of steps: 295
  stateEvents: 1
  stepEvents: 0
  timeEvents: 0
66 ms. Memory: 160768K Free: 72320K (45%)
----------------- Invoking toplevel() on ptolemy.moml.MoMLSimpleApplication@267e25d5
----------------- Done invoking toplevel() on ptolemy.moml.MoMLSimpleApplication@267e25d5
reloadAllAccessors: .FMUQSSStateEvent1_QSS1

===========================================================================================
----------------- testing Fri Oct 16 15:45:53 UTC 2020 /home/travis/build/icyphy/ptII/ptolemy/actor/lib/fmi/test/auto/linux-amd64/FMUQSSStateEvent1_QSS2.xml
----------------- Instantiating /home/travis/build/icyphy/ptII/ptolemy/actor/lib/fmi/test/auto/linux-amd64/FMUQSSStateEvent1_QSS2.xml
 Number of steps: 6179
  stateEvents: 1
  stepEvents: 0
  timeEvents: 0
894 ms. Memory: 215040K Free: 167616K (78%)
----------------- Invoking toplevel() on ptolemy.moml.MoMLSimpleApplication@7ef94520
----------------- Done invoking toplevel() on ptolemy.moml.MoMLSimpleApplication@7ef94520
reloadAllAccessors: .FMUQSSStateEvent1_QSS2

===========================================================================================
----------------- testing Fri Oct 16 15:45:54 UTC 2020 /home/travis/build/icyphy/ptII/ptolemy/actor/lib/fmi/test/auto/linux-amd64/FMUQSSStateEvent1_QSS3.xml
----------------- Instantiating /home/travis/build/icyphy/ptII/ptolemy/actor/lib/fmi/test/auto/linux-amd64/FMUQSSStateEvent1_QSS3.xml
 Number of steps: 1067
  stateEvents: 1
  stepEvents: 0
  timeEvents: 0
165 ms. Memory: 215040K Free: 140482K (65%)
----------------- Invoking toplevel() on ptolemy.moml.MoMLSimpleApplication@3b25d2e
----------------- Done invoking toplevel() on ptolemy.moml.MoMLSimpleApplication@3b25d2e
reloadAllAccessors: .FMUQSSStateEvent1_QSS3

===========================================================================================
----------------- testing Fri Oct 16 15:45:54 UTC 2020 /home/travis/build/icyphy/ptII/ptolemy/actor/lib/fmi/test/auto/linux-amd64/FMUQSSStateEvent2_QSS1.xml
----------------- Instantiating /home/travis/build/icyphy/ptII/ptolemy/actor/lib/fmi/test/auto/linux-amd64/FMUQSSStateEvent2_QSS1.xml
 Number of steps: 3368
  stateEvents: 8
  stepEvents: 0
  timeEvents: 0
507 ms. Memory: 215040K Free: 178278K (83%)
----------------- Invoking toplevel() on ptolemy.moml.MoMLSimpleApplication@121842ce
----------------- Done invoking toplevel() on ptolemy.moml.MoMLSimpleApplication@121842ce
reloadAllAccessors: .FMUQSSStateEvent2_QSS1

===========================================================================================
----------------- testing Fri Oct 16 15:45:55 UTC 2020 /home/travis/build/icyphy/ptII/ptolemy/actor/lib/fmi/test/auto/linux-amd64/FMUQSSStateEvent2_QSS2.xml
----------------- Instantiating /home/travis/build/icyphy/ptII/ptolemy/actor/lib/fmi/test/auto/linux-amd64/FMUQSSStateEvent2_QSS2.xml
 Number of steps: 2499
  stateEvents: 8
  stepEvents: 0
  timeEvents: 0
545 ms. Memory: 215040K Free: 73920K (34%)
----------------- Invoking toplevel() on ptolemy.moml.MoMLSimpleApplication@93481ab
----------------- Done invoking toplevel() on ptolemy.moml.MoMLSimpleApplication@93481ab
reloadAllAccessors: .FMUQSSStateEvent2_QSS2

===========================================================================================
----------------- testing Fri Oct 16 15:45:56 UTC 2020 /home/travis/build/icyphy/ptII/ptolemy/actor/lib/fmi/test/auto/linux-amd64/FMUQSSStateEvent4_QSS1.xml
----------------- Instantiating /home/travis/build/icyphy/ptII/ptolemy/actor/lib/fmi/test/auto/linux-amd64/FMUQSSStateEvent4_QSS1.xml
 Number of steps: 707
  stateEvents: 1
  stepEvents: 0
  timeEvents: 1
155 ms. Memory: 215040K Free: 170294K (79%)
----------------- Invoking toplevel() on ptolemy.moml.MoMLSimpleApplication@3376a8e3
----------------- Done invoking toplevel() on ptolemy.moml.MoMLSimpleApplication@3376a8e3
reloadAllAccessors: .FMUQSSStateEvent4_QSS1

===========================================================================================
----------------- testing Fri Oct 16 15:45:56 UTC 2020 /home/travis/build/icyphy/ptII/ptolemy/actor/lib/fmi/test/auto/linux-amd64/FMUQSSStateEvent4_QSS2.xml
----------------- Instantiating /home/travis/build/icyphy/ptII/ptolemy/actor/lib/fmi/test/auto/linux-amd64/FMUQSSStateEvent4_QSS2.xml
 Number of steps: 528
  stateEvents: 1
  stepEvents: 0
  timeEvents: 1
69 ms. Memory: 215040K Free: 153695K (71%)
----------------- Invoking toplevel() on ptolemy.moml.MoMLSimpleApplication@16931fcd
----------------- Done invoking toplevel() on ptolemy.moml.MoMLSimpleApplication@16931fcd
reloadAllAccessors: .FMUQSSStateEvent4_QSS2

===========================================================================================
----------------- testing Fri Oct 16 15:45:56 UTC 2020 /home/travis/build/icyphy/ptII/ptolemy/actor/lib/fmi/test/auto/linux-amd64/FMUQSSStateEvent4_QSS3.xml
----------------- Instantiating /home/travis/build/icyphy/ptII/ptolemy/actor/lib/fmi/test/auto/linux-amd64/FMUQSSStateEvent4_QSS3.xml
 Number of steps: 546
  stateEvents: 1
  stepEvents: 0
  timeEvents: 1
75 ms. Memory: 215040K Free: 137821K (64%)
----------------- Invoking toplevel() on ptolemy.moml.MoMLSimpleApplication@3340f568
----------------- Done invoking toplevel() on ptolemy.moml.MoMLSimpleApplication@3340f568
reloadAllAccessors: .FMUQSSStateEvent4_QSS3

===========================================================================================
----------------- testing Fri Oct 16 15:45:56 UTC 2020 /home/travis/build/icyphy/ptII/ptolemy/actor/lib/fmi/test/auto/linux-amd64/FMUQSSStateEvent5_QSS1.xml
----------------- Instantiating /home/travis/build/icyphy/ptII/ptolemy/actor/lib/fmi/test/auto/linux-amd64/FMUQSSStateEvent5_QSS1.xml
 Number of steps: 991
  stateEvents: 2
  stepEvents: 0
  timeEvents: 0
127 ms. Memory: 215040K Free: 111197K (52%)
----------------- Invoking toplevel() on ptolemy.moml.MoMLSimpleApplication@407c33f3
----------------- Done invoking toplevel() on ptolemy.moml.MoMLSimpleApplication@407c33f3
reloadAllAccessors: .FMUQSSStateEvent5_QSS1

===========================================================================================
----------------- testing Fri Oct 16 15:45:56 UTC 2020 /home/travis/build/icyphy/ptII/ptolemy/actor/lib/fmi/test/auto/linux-amd64/FMUQSSStateEvent5_QSS2.xml
----------------- Instantiating /home/travis/build/icyphy/ptII/ptolemy/actor/lib/fmi/test/auto/linux-amd64/FMUQSSStateEvent5_QSS2.xml
 Number of steps: 3082
  stateEvents: 2
  stepEvents: 0
  timeEvents: 0
415 ms. Memory: 215040K Free: 160280K (75%)
----------------- Invoking toplevel() on ptolemy.moml.MoMLSimpleApplication@2ca6bdee
----------------- Done invoking toplevel() on ptolemy.moml.MoMLSimpleApplication@2ca6bdee
reloadAllAccessors: .FMUQSSStateEvent5_QSS2

===========================================================================================
----------------- testing Fri Oct 16 15:45:57 UTC 2020 /home/travis/build/icyphy/ptII/ptolemy/actor/lib/fmi/test/auto/linux-amd64/FMUQSSStateEvent5_QSS3.xml
----------------- Instantiating /home/travis/build/icyphy/ptII/ptolemy/actor/lib/fmi/test/auto/linux-amd64/FMUQSSStateEvent5_QSS3.xml
 Number of steps: 416
  stateEvents: 2
  stepEvents: 0
  timeEvents: 0
61 ms. Memory: 215040K Free: 145944K (68%)
----------------- Invoking toplevel() on ptolemy.moml.MoMLSimpleApplication@6ab32d58
----------------- Done invoking toplevel() on ptolemy.moml.MoMLSimpleApplication@6ab32d58
reloadAllAccessors: .FMUQSSStateEvent5_QSS3

===========================================================================================
----------------- testing Fri Oct 16 15:45:57 UTC 2020 /home/travis/build/icyphy/ptII/ptolemy/actor/lib/fmi/test/auto/linux-amd64/FMUQSSStateEvent6_QSS1.xml
----------------- Instantiating /home/travis/build/icyphy/ptII/ptolemy/actor/lib/fmi/test/auto/linux-amd64/FMUQSSStateEvent6_QSS1.xml
 Number of steps: 4328
  stateEvents: 8
  stepEvents: 0
  timeEvents: 0
586 ms. Memory: 319488K Free: 269848K (84%)
----------------- Invoking toplevel() on ptolemy.moml.MoMLSimpleApplication@280bb169
----------------- Done invoking toplevel() on ptolemy.moml.MoMLSimpleApplication@280bb169
reloadAllAccessors: .FMUQSSStateEvent6_QSS1

===========================================================================================
----------------- testing Fri Oct 16 15:45:57 UTC 2020 /home/travis/build/icyphy/ptII/ptolemy/actor/lib/fmi/test/auto/linux-amd64/FMUQSSStateEvent6_QSS2.xml
----------------- Instantiating /home/travis/build/icyphy/ptII/ptolemy/actor/lib/fmi/test/auto/linux-amd64/FMUQSSStateEvent6_QSS2.xml
 Number of steps: 2682
  stateEvents: 9
  stepEvents: 0
  timeEvents: 0
591 ms. Memory: 319488K Free: 161304K (50%)
----------------- Invoking toplevel() on ptolemy.moml.MoMLSimpleApplication@49fa8a68
----------------- Done invoking toplevel() on ptolemy.moml.MoMLSimpleApplication@49fa8a68
reloadAllAccessors: .FMUQSSStateEvent6_QSS2
AutoTests.java: About to close Vertx.
AutoTests.java: Vertx closed.

===========================================================================================
----------------- testing Fri Oct 16 15:45:58 UTC 2020 /home/travis/build/icyphy/ptII/ptolemy/actor/lib/fmi/test/auto/FMU30Inc.xml
----------------- Instantiating /home/travis/build/icyphy/ptII/ptolemy/actor/lib/fmi/test/auto/FMU30Inc.xml
278 ms. Memory: 319488K Free: 279277K (87%)
----------------- Invoking toplevel() on ptolemy.moml.MoMLSimpleApplication@2ee684e5
----------------- Done invoking toplevel() on ptolemy.moml.MoMLSimpleApplication@2ee684e5
reloadAllAccessors: .FMU30Inc

===========================================================================================
----------------- testing Fri Oct 16 15:45:59 UTC 2020 /home/travis/build/icyphy/ptII/ptolemy/actor/lib/fmi/test/auto/FMUBouncingBall.xml
----------------- Instantiating /home/travis/build/icyphy/ptII/ptolemy/actor/lib/fmi/test/auto/FMUBouncingBall.xml
85 ms. Memory: 319488K Free: 268312K (84%)
----------------- Invoking toplevel() on ptolemy.moml.MoMLSimpleApplication@33533cc8
----------------- Done invoking toplevel() on ptolemy.moml.MoMLSimpleApplication@33533cc8
reloadAllAccessors: .FMUBouncingBall

===========================================================================================
----------------- testing Fri Oct 16 15:45:59 UTC 2020 /home/travis/build/icyphy/ptII/ptolemy/actor/lib/fmi/test/auto/FMUBouncingBallME20.xml
----------------- Instantiating /home/travis/build/icyphy/ptII/ptolemy/actor/lib/fmi/test/auto/FMUBouncingBallME20.xml
112 ms. Memory: 319488K Free: 253466K (79%)
----------------- Invoking toplevel() on ptolemy.moml.MoMLSimpleApplication@f824172
----------------- Done invoking toplevel() on ptolemy.moml.MoMLSimpleApplication@f824172
reloadAllAccessors: .FMUBouncingBallME20

===========================================================================================
----------------- testing Fri Oct 16 15:45:59 UTC 2020 /home/travis/build/icyphy/ptII/ptolemy/actor/lib/fmi/test/auto/FMUDQ.xml
----------------- Instantiating /home/travis/build/icyphy/ptII/ptolemy/actor/lib/fmi/test/auto/FMUDQ.xml
7 ms. Memory: 319488K Free: 248856K (78%)
----------------- Invoking toplevel() on ptolemy.moml.MoMLSimpleApplication@465749f9
----------------- Done invoking toplevel() on ptolemy.moml.MoMLSimpleApplication@465749f9
reloadAllAccessors: .FMUDQ

===========================================================================================
----------------- testing Fri Oct 16 15:45:59 UTC 2020 /home/travis/build/icyphy/ptII/ptolemy/actor/lib/fmi/test/auto/FMUDq20.xml
----------------- Instantiating /home/travis/build/icyphy/ptII/ptolemy/actor/lib/fmi/test/auto/FMUDq20.xml
37 ms. Memory: 319488K Free: 238616K (75%)
----------------- Invoking toplevel() on ptolemy.moml.MoMLSimpleApplication@3da6374a
----------------- Done invoking toplevel() on ptolemy.moml.MoMLSimpleApplication@3da6374a
reloadAllAccessors: .FMUDq20

===========================================================================================
----------------- testing Fri Oct 16 15:45:59 UTC 2020 /home/travis/build/icyphy/ptII/ptolemy/actor/lib/fmi/test/auto/FMUDqME20.xml
----------------- Instantiating /home/travis/build/icyphy/ptII/ptolemy/actor/lib/fmi/test/auto/FMUDqME20.xml
13 ms. Memory: 319488K Free: 231962K (73%)
----------------- Invoking toplevel() on ptolemy.moml.MoMLSimpleApplication@3479eb18
----------------- Done invoking toplevel() on ptolemy.moml.MoMLSimpleApplication@3479eb18
reloadAllAccessors: .FMUDqME20

===========================================================================================
----------------- testing Fri Oct 16 15:45:59 UTC 2020 /home/travis/build/icyphy/ptII/ptolemy/actor/lib/fmi/test/auto/FMUFourInputsFourOutputsME20.xml
----------------- Instantiating /home/travis/build/icyphy/ptII/ptolemy/actor/lib/fmi/test/auto/FMUFourInputsFourOutputsME20.xml
11 ms. Memory: 319488K Free: 223256K (70%)
----------------- Invoking toplevel() on ptolemy.moml.MoMLSimpleApplication@21d58155
----------------- Done invoking toplevel() on ptolemy.moml.MoMLSimpleApplication@21d58155
reloadAllAccessors: .FMUFourInputsFourOutputsME20

===========================================================================================
----------------- testing Fri Oct 16 15:45:59 UTC 2020 /home/travis/build/icyphy/ptII/ptolemy/actor/lib/fmi/test/auto/FMUHeaterFlowResistance.xml
----------------- Instantiating /home/travis/build/icyphy/ptII/ptolemy/actor/lib/fmi/test/auto/FMUHeaterFlowResistance.xml
FMU Builder messages:

Attempting to build /tmp/FMUFile11575914901131390367.tmp/binaries/linux64/heaterFlowResistance.so
architecture: linux64 isWindows: false  command: make target: linux64
make ARCH=linux64 CBITSFLAGS=-fvisibility=hidden PIC=-fPIC SHARED_LIBRARY_SUFFIX=so heaterFlowResistance.so
make[1]: Entering directory '/tmp/FMUFile11575914901131390367.tmp/sources'
echo `pwd`
/tmp/FMUFile11575914901131390367.tmp/sources
cc -g -c -fvisibility=hidden -fPIC -Wall -DFMI_COSIMULATION -I.  heaterFlowResistance.c -o heaterFlowResistance.o
Creating ../binaries/linux64/
cc -fvisibility=hidden -g -Wall -shared -Wl,-soname,heaterFlowResistance.so -DFMI_COSIMULATION -I. -o ../binaries/linux64/heaterFlowResistance.so heaterFlowResistance.o 
rm heaterFlowResistance.o
make[1]: Leaving directory '/tmp/FMUFile11575914901131390367.tmp/sources'

315 ms. Memory: 319488K Free: 213016K (67%)
----------------- Invoking toplevel() on ptolemy.moml.MoMLSimpleApplication@460fe460
----------------- Done invoking toplevel() on ptolemy.moml.MoMLSimpleApplication@460fe460
reloadAllAccessors: .FMUHeaterFlowResistance

===========================================================================================
----------------- testing Fri Oct 16 15:46:00 UTC 2020 /home/travis/build/icyphy/ptII/ptolemy/actor/lib/fmi/test/auto/FMUHelloWorld.xml
----------------- Instantiating /home/travis/build/icyphy/ptII/ptolemy/actor/lib/fmi/test/auto/FMUHelloWorld.xml
8 ms. Memory: 319488K Free: 209434K (66%)
----------------- Invoking toplevel() on ptolemy.moml.MoMLSimpleApplication@539a35be
----------------- Done invoking toplevel() on ptolemy.moml.MoMLSimpleApplication@539a35be
reloadAllAccessors: .FMUHelloWorld

===========================================================================================
----------------- testing Fri Oct 16 15:46:00 UTC 2020 /home/travis/build/icyphy/ptII/ptolemy/actor/lib/fmi/test/auto/FMUHelloWorldUnBuilt.xml
----------------- Instantiating /home/travis/build/icyphy/ptII/ptolemy/actor/lib/fmi/test/auto/FMUHelloWorldUnBuilt.xml
FMU Builder messages:

Attempting to build /tmp/FMUFile15648466124057680919.tmp/binaries/linux64/helloWorld.so
architecture: linux64 isWindows: false  command: make target: linux64
make ARCH=linux64 CBITSFLAGS=-fvisibility=hidden PIC=-fPIC SHARED_LIBRARY_SUFFIX=so helloWorld.so
make[1]: Entering directory '/tmp/FMUFile15648466124057680919.tmp/sources'
echo `pwd`
/tmp/FMUFile15648466124057680919.tmp/sources
cc -g -c -fvisibility=hidden -fPIC -Wall -DFMI_COSIMULATION -I.  helloWorld.c -o helloWorld.o
Creating ../binaries/linux64/
cc -fvisibility=hidden -g -Wall -shared -Wl,-soname,helloWorld.so -DFMI_COSIMULATION -I. -o ../binaries/linux64/helloWorld.so helloWorld.o 
rm helloWorld.o
make[1]: Leaving directory '/tmp/FMUFile15648466124057680919.tmp/sources'

70 ms. Memory: 319488K Free: 204824K (64%)
----------------- Invoking toplevel() on ptolemy.moml.MoMLSimpleApplication@1ccddb25
----------------- Done invoking toplevel() on ptolemy.moml.MoMLSimpleApplication@1ccddb25
reloadAllAccessors: .FMUHelloWorldUnBuilt

===========================================================================================
----------------- testing Fri Oct 16 15:46:00 UTC 2020 /home/travis/build/icyphy/ptII/ptolemy/actor/lib/fmi/test/auto/FMUInc.xml
----------------- Instantiating /home/travis/build/icyphy/ptII/ptolemy/actor/lib/fmi/test/auto/FMUInc.xml
5 ms. Memory: 319488K Free: 201242K (63%)
----------------- Invoking toplevel() on ptolemy.moml.MoMLSimpleApplication@70e333fe
----------------- Done invoking toplevel() on ptolemy.moml.MoMLSimpleApplication@70e333fe
reloadAllAccessors: .FMUInc

===========================================================================================
----------------- testing Fri Oct 16 15:46:00 UTC 2020 /home/travis/build/icyphy/ptII/ptolemy/actor/lib/fmi/test/auto/FMUInc2.xml
----------------- Instantiating /home/travis/build/icyphy/ptII/ptolemy/actor/lib/fmi/test/auto/FMUInc2.xml
18 ms. Memory: 319488K Free: 197146K (62%)
----------------- Invoking toplevel() on ptolemy.moml.MoMLSimpleApplication@2a4541cd
----------------- Done invoking toplevel() on ptolemy.moml.MoMLSimpleApplication@2a4541cd
reloadAllAccessors: .FMUInc2

===========================================================================================
----------------- testing Fri Oct 16 15:46:00 UTC 2020 /home/travis/build/icyphy/ptII/ptolemy/actor/lib/fmi/test/auto/FMUIncME1.xml
----------------- Instantiating /home/travis/build/icyphy/ptII/ptolemy/actor/lib/fmi/test/auto/FMUIncME1.xml
14 ms. Memory: 319488K Free: 193560K (61%)
----------------- Invoking toplevel() on ptolemy.moml.MoMLSimpleApplication@20912957
----------------- Done invoking toplevel() on ptolemy.moml.MoMLSimpleApplication@20912957
reloadAllAccessors: .FMUIncME1

===========================================================================================
----------------- testing Fri Oct 16 15:46:00 UTC 2020 /home/travis/build/icyphy/ptII/ptolemy/actor/lib/fmi/test/auto/FMUIncME20.xml
----------------- Instantiating /home/travis/build/icyphy/ptII/ptolemy/actor/lib/fmi/test/auto/FMUIncME20.xml
7 ms. Memory: 319488K Free: 189464K (59%)
----------------- Invoking toplevel() on ptolemy.moml.MoMLSimpleApplication@7ff5569c
----------------- Done invoking toplevel() on ptolemy.moml.MoMLSimpleApplication@7ff5569c
reloadAllAccessors: .FMUIncME20

===========================================================================================
----------------- testing Fri Oct 16 15:46:00 UTC 2020 /home/travis/build/icyphy/ptII/ptolemy/actor/lib/fmi/test/auto/FMUIncScale20RC1pt.xml
----------------- Instantiating /home/travis/build/icyphy/ptII/ptolemy/actor/lib/fmi/test/auto/FMUIncScale20RC1pt.xml
10 ms. Memory: 319488K Free: 184344K (58%)
----------------- Invoking toplevel() on ptolemy.moml.MoMLSimpleApplication@5ad56e88
----------------- Done invoking toplevel() on ptolemy.moml.MoMLSimpleApplication@5ad56e88
reloadAllAccessors: .FMUIncScale20RC1pt

===========================================================================================
----------------- testing Fri Oct 16 15:46:00 UTC 2020 /home/travis/build/icyphy/ptII/ptolemy/actor/lib/fmi/test/auto/FMULevelStairs.xml
----------------- Instantiating /home/travis/build/icyphy/ptII/ptolemy/actor/lib/fmi/test/auto/FMULevelStairs.xml
29 ms. Memory: 319488K Free: 179738K (56%)
----------------- Invoking toplevel() on ptolemy.moml.MoMLSimpleApplication@15ac3ad2
----------------- Done invoking toplevel() on ptolemy.moml.MoMLSimpleApplication@15ac3ad2
reloadAllAccessors: .FMULevelStairs

===========================================================================================
----------------- testing Fri Oct 16 15:46:00 UTC 2020 /home/travis/build/icyphy/ptII/ptolemy/actor/lib/fmi/test/auto/FMUPumpConstantSpeed.xml
----------------- Instantiating /home/travis/build/icyphy/ptII/ptolemy/actor/lib/fmi/test/auto/FMUPumpConstantSpeed.xml
FMU Builder messages:

Attempting to build /tmp/FMUFile4336275571331471258.tmp/binaries/linux64/pumpConstantSpeed.so
architecture: linux64 isWindows: false  command: make target: linux64
make ARCH=linux64 CBITSFLAGS=-fvisibility=hidden PIC=-fPIC SHARED_LIBRARY_SUFFIX=so pumpConstantSpeed.so
make[1]: Entering directory '/tmp/FMUFile4336275571331471258.tmp/sources'
echo `pwd`
/tmp/FMUFile4336275571331471258.tmp/sources
cc -g -c -fvisibility=hidden -fPIC -Wall -DFMI_COSIMULATION -I.  pumpConstantSpeed.c -o pumpConstantSpeed.o
Creating ../binaries/linux64/
cc -fvisibility=hidden -g -Wall -shared -Wl,-soname,pumpConstantSpeed.so -DFMI_COSIMULATION -I. -o ../binaries/linux64/pumpConstantSpeed.so pumpConstantSpeed.o 
rm pumpConstantSpeed.o
make[1]: Leaving directory '/tmp/FMUFile4336275571331471258.tmp/sources'

81 ms. Memory: 319488K Free: 171546K (54%)
----------------- Invoking toplevel() on ptolemy.moml.MoMLSimpleApplication@6890bb52
----------------- Done invoking toplevel() on ptolemy.moml.MoMLSimpleApplication@6890bb52
reloadAllAccessors: .FMUPumpConstantSpeed

===========================================================================================
----------------- testing Fri Oct 16 15:46:00 UTC 2020 /home/travis/build/icyphy/ptII/ptolemy/actor/lib/fmi/test/auto/FMUQSSTankOpen.xml
----------------- Instantiating /home/travis/build/icyphy/ptII/ptolemy/actor/lib/fmi/test/auto/FMUQSSTankOpen.xml
FMU Builder messages:

Attempting to build /tmp/FMUFile9550976626640814815.tmp/binaries/linux64/tankOpen.so
architecture: linux64 isWindows: false  command: make target: linux64
make ARCH=linux64 CBITSFLAGS=-fvisibility=hidden PIC=-fPIC SHARED_LIBRARY_SUFFIX=so tankOpen.so
make[1]: Entering directory '/tmp/FMUFile9550976626640814815.tmp/sources'
echo `pwd`
/tmp/FMUFile9550976626640814815.tmp/sources
cc -g -c -fvisibility=hidden -fPIC -Wall -DFMI_COSIMULATION -I.  tankOpen.c -o tankOpen.o
Creating ../binaries/linux64/
cc -fvisibility=hidden -g -Wall -shared -Wl,-soname,tankOpen.so -DFMI_COSIMULATION -I. -o ../binaries/linux64/tankOpen.so tankOpen.o -lm
rm tankOpen.o
make[1]: Leaving directory '/tmp/FMUFile9550976626640814815.tmp/sources'

 Number of steps: 39894
  stateEvents: 0
  stepEvents: 0
  timeEvents: 0
2464 ms. Memory: 319488K Free: 208623K (65%)
----------------- Invoking toplevel() on ptolemy.moml.MoMLSimpleApplication@63410d8f
----------------- Done invoking toplevel() on ptolemy.moml.MoMLSimpleApplication@63410d8f
reloadAllAccessors: .FMUQSSTankOpen

===========================================================================================
----------------- testing Fri Oct 16 15:46:03 UTC 2020 /home/travis/build/icyphy/ptII/ptolemy/actor/lib/fmi/test/auto/FMUSDFBouncingBall.xml
----------------- Instantiating /home/travis/build/icyphy/ptII/ptolemy/actor/lib/fmi/test/auto/FMUSDFBouncingBall.xml
7 ms. Memory: 319488K Free: 202993K (64%)
----------------- Invoking toplevel() on ptolemy.moml.MoMLSimpleApplication@154fa287
----------------- Done invoking toplevel() on ptolemy.moml.MoMLSimpleApplication@154fa287
reloadAllAccessors: .FMUSDFBouncingBall

===========================================================================================
----------------- testing Fri Oct 16 15:46:03 UTC 2020 /home/travis/build/icyphy/ptII/ptolemy/actor/lib/fmi/test/auto/FMUSDFBouncingBall20.xml
----------------- Instantiating /home/travis/build/icyphy/ptII/ptolemy/actor/lib/fmi/test/auto/FMUSDFBouncingBall20.xml
166 ms. Memory: 319488K Free: 164081K (51%)
----------------- Invoking toplevel() on ptolemy.moml.MoMLSimpleApplication@17db5405
----------------- Done invoking toplevel() on ptolemy.moml.MoMLSimpleApplication@17db5405
reloadAllAccessors: .FMUSDFBouncingBall20

===========================================================================================
----------------- testing Fri Oct 16 15:46:03 UTC 2020 /home/travis/build/icyphy/ptII/ptolemy/actor/lib/fmi/test/auto/FMUSDFBouncingBall20RC1.xml
----------------- Instantiating /home/travis/build/icyphy/ptII/ptolemy/actor/lib/fmi/test/auto/FMUSDFBouncingBall20RC1.xml
7 ms. Memory: 319488K Free: 157937K (49%)
----------------- Invoking toplevel() on ptolemy.moml.MoMLSimpleApplication@626d334d
----------------- Done invoking toplevel() on ptolemy.moml.MoMLSimpleApplication@626d334d
reloadAllAccessors: .FMUSDFBouncingBall20RC1

===========================================================================================
----------------- testing Fri Oct 16 15:46:03 UTC 2020 /home/travis/build/icyphy/ptII/ptolemy/actor/lib/fmi/test/auto/FMUSDFInc20.xml
----------------- Instantiating /home/travis/build/icyphy/ptII/ptolemy/actor/lib/fmi/test/auto/FMUSDFInc20.xml
5 ms. Memory: 319488K Free: 152303K (48%)
----------------- Invoking toplevel() on ptolemy.moml.MoMLSimpleApplication@76a9be3e
----------------- Done invoking toplevel() on ptolemy.moml.MoMLSimpleApplication@76a9be3e
reloadAllAccessors: .FMUSDFInc20

===========================================================================================
----------------- testing Fri Oct 16 15:46:03 UTC 2020 /home/travis/build/icyphy/ptII/ptolemy/actor/lib/fmi/test/auto/FMUStairs.xml
----------------- Instantiating /home/travis/build/icyphy/ptII/ptolemy/actor/lib/fmi/test/auto/FMUStairs.xml
23 ms. Memory: 319488K Free: 146159K (46%)
----------------- Invoking toplevel() on ptolemy.moml.MoMLSimpleApplication@6fce3f66
----------------- Done invoking toplevel() on ptolemy.moml.MoMLSimpleApplication@6fce3f66
reloadAllAccessors: .FMUStairs

===========================================================================================
----------------- testing Fri Oct 16 15:46:03 UTC 2020 /home/travis/build/icyphy/ptII/ptolemy/actor/lib/fmi/test/auto/FMUStepCounter1.xml
----------------- Instantiating /home/travis/build/icyphy/ptII/ptolemy/actor/lib/fmi/test/auto/FMUStepCounter1.xml
FMU Builder messages:

Attempting to build /tmp/FMUFile8582885704456624199.tmp/binaries/linux64/stepCounter1.so
architecture: linux64 isWindows: false  command: make target: linux64
make ARCH=linux64 CBITSFLAGS=-fvisibility=hidden PIC=-fPIC SHARED_LIBRARY_SUFFIX=so stepCounter1.so
make[1]: Entering directory '/tmp/FMUFile8582885704456624199.tmp/sources'
echo `pwd`
/tmp/FMUFile8582885704456624199.tmp/sources
cc -g -c -fvisibility=hidden -fPIC -Wall -DFMI_COSIMULATION -I.  stepCounter1.c -o stepCounter1.o
Creating ../binaries/linux64/
cc -fvisibility=hidden -g -Wall -shared -Wl,-soname,stepCounter1.so -DFMI_COSIMULATION -I. -o ../binaries/linux64/stepCounter1.so stepCounter1.o 
rm stepCounter1.o
make[1]: Leaving directory '/tmp/FMUFile8582885704456624199.tmp/sources'

79 ms. Memory: 319488K Free: 141039K (44%)
----------------- Invoking toplevel() on ptolemy.moml.MoMLSimpleApplication@2d4da045
----------------- Done invoking toplevel() on ptolemy.moml.MoMLSimpleApplication@2d4da045
reloadAllAccessors: .FMUStepCounter1

===========================================================================================
----------------- testing Fri Oct 16 15:46:03 UTC 2020 /home/travis/build/icyphy/ptII/ptolemy/actor/lib/fmi/test/auto/FMUStepCounter2.xml
----------------- Instantiating /home/travis/build/icyphy/ptII/ptolemy/actor/lib/fmi/test/auto/FMUStepCounter2.xml
FMU Builder messages:

Attempting to build /tmp/FMUFile7632973663441949764.tmp/binaries/linux64/stepCounter.so
architecture: linux64 isWindows: false  command: make target: linux64
make ARCH=linux64 CBITSFLAGS=-fvisibility=hidden PIC=-fPIC SHARED_LIBRARY_SUFFIX=so stepCounter.so
make[1]: Entering directory '/tmp/FMUFile7632973663441949764.tmp/sources'
echo `pwd`
/tmp/FMUFile7632973663441949764.tmp/sources
cc -g -c -fvisibility=hidden -fPIC -Wall -DFMI_COSIMULATION -I.  stepCounter.c -o stepCounter.o
Creating ../binaries/linux64/
cc -fvisibility=hidden -g -Wall -shared -Wl,-soname,stepCounter.so -DFMI_COSIMULATION -I. -o ../binaries/linux64/stepCounter.so stepCounter.o 

85 ms. Memory: 319488K Free: 135919K (43%)
----------------- Invoking toplevel() on ptolemy.moml.MoMLSimpleApplication@3e324184
----------------- Done invoking toplevel() on ptolemy.moml.MoMLSimpleApplication@3e324184
reloadAllAccessors: .FMUStepCounter2

===========================================================================================
----------------- testing Fri Oct 16 15:46:03 UTC 2020 /home/travis/build/icyphy/ptII/ptolemy/actor/lib/fmi/test/auto/FMUStepCounterContinuous1.xml
----------------- Instantiating /home/travis/build/icyphy/ptII/ptolemy/actor/lib/fmi/test/auto/FMUStepCounterContinuous1.xml
6 ms. Memory: 319488K Free: 131823K (41%)
----------------- Invoking toplevel() on ptolemy.moml.MoMLSimpleApplication@5f4af0c5
----------------- Done invoking toplevel() on ptolemy.moml.MoMLSimpleApplication@5f4af0c5
reloadAllAccessors: .FMUStepCounterContinuous

===========================================================================================
----------------- testing Fri Oct 16 15:46:03 UTC 2020 /home/travis/build/icyphy/ptII/ptolemy/actor/lib/fmi/test/auto/FMUStepCounterContinuous2.xml
----------------- Instantiating /home/travis/build/icyphy/ptII/ptolemy/actor/lib/fmi/test/auto/FMUStepCounterContinuous2.xml
9 ms. Memory: 319488K Free: 127727K (40%)
----------------- Invoking toplevel() on ptolemy.moml.MoMLSimpleApplication@39bbb9e8
----------------- Done invoking toplevel() on ptolemy.moml.MoMLSimpleApplication@39bbb9e8
reloadAllAccessors: .FMUStepCounterContinuous2

===========================================================================================
----------------- testing Fri Oct 16 15:46:03 UTC 2020 /home/travis/build/icyphy/ptII/ptolemy/actor/lib/fmi/test/auto/FMUStepCounterContinuousTwoFMUs1.xml
----------------- Instantiating /home/travis/build/icyphy/ptII/ptolemy/actor/lib/fmi/test/auto/FMUStepCounterContinuousTwoFMUs1.xml
6 ms. Memory: 319488K Free: 122607K (38%)
----------------- Invoking toplevel() on ptolemy.moml.MoMLSimpleApplication@eb44e05
----------------- Done invoking toplevel() on ptolemy.moml.MoMLSimpleApplication@eb44e05
reloadAllAccessors: .FMUStepCounterContinuousTwoFMUs

===========================================================================================
----------------- testing Fri Oct 16 15:46:03 UTC 2020 /home/travis/build/icyphy/ptII/ptolemy/actor/lib/fmi/test/auto/FMUStepCounterContinuousTwoFMUs2.xml
----------------- Instantiating /home/travis/build/icyphy/ptII/ptolemy/actor/lib/fmi/test/auto/FMUStepCounterContinuousTwoFMUs2.xml
16 ms. Memory: 319488K Free: 116977K (37%)
----------------- Invoking toplevel() on ptolemy.moml.MoMLSimpleApplication@5232925b
----------------- Done invoking toplevel() on ptolemy.moml.MoMLSimpleApplication@5232925b
reloadAllAccessors: .FMUStepCounterContinuousTwoFMUs2

===========================================================================================
----------------- testing Fri Oct 16 15:46:03 UTC 2020 /home/travis/build/icyphy/ptII/ptolemy/actor/lib/fmi/test/auto/FMUStepCounterExtendedFMI.xml
----------------- Instantiating /home/travis/build/icyphy/ptII/ptolemy/actor/lib/fmi/test/auto/FMUStepCounterExtendedFMI.xml
FMU Builder messages:

Attempting to build /tmp/FMUFile13629578417745425832.tmp/binaries/linux64/stepCounterExtendedFMI.so
architecture: linux64 isWindows: false  command: make target: linux64
make ARCH=linux64 CBITSFLAGS=-fvisibility=hidden PIC=-fPIC SHARED_LIBRARY_SUFFIX=so stepCounterExtendedFMI.so
make[1]: Entering directory '/tmp/FMUFile13629578417745425832.tmp/sources'
echo `pwd`
/tmp/FMUFile13629578417745425832.tmp/sources
cc -g -c -fvisibility=hidden -fPIC -Wall -DFMI_COSIMULATION -I.  stepCounterExtendedFMI.c -o stepCounterExtendedFMI.o
Creating ../binaries/linux64/
cc -fvisibility=hidden -g -Wall -shared -Wl,-soname,stepCounterExtendedFMI.so -DFMI_COSIMULATION -I. -o ../binaries/linux64/stepCounterExtendedFMI.so stepCounterExtendedFMI.o 
rm stepCounterExtendedFMI.o
make[1]: Leaving directory '/tmp/FMUFile13629578417745425832.tmp/sources'

96 ms. Memory: 319488K Free: 108785K (34%)
----------------- Invoking toplevel() on ptolemy.moml.MoMLSimpleApplication@670bd9c9
----------------- Done invoking toplevel() on ptolemy.moml.MoMLSimpleApplication@670bd9c9
reloadAllAccessors: .FMUStepCounterExtendedFMI

===========================================================================================
----------------- testing Fri Oct 16 15:46:03 UTC 2020 /home/travis/build/icyphy/ptII/ptolemy/actor/lib/fmi/test/auto/FMUStepCounterPeriodInNameContinuous2.xml
----------------- Instantiating /home/travis/build/icyphy/ptII/ptolemy/actor/lib/fmi/test/auto/FMUStepCounterPeriodInNameContinuous2.xml
FMU Builder messages:

Attempting to build /tmp/FMUFile3795483558018743263.tmp/binaries/linux64/stepCounterPeriodInName.so
architecture: linux64 isWindows: false  command: make target: linux64
make ARCH=linux64 CBITSFLAGS=-fvisibility=hidden PIC=-fPIC SHARED_LIBRARY_SUFFIX=so stepCounterPeriodInName.so
make[1]: Entering directory '/tmp/FMUFile3795483558018743263.tmp/sources'
echo `pwd`
/tmp/FMUFile3795483558018743263.tmp/sources
cc -g -c -fvisibility=hidden -fPIC -Wall -DFMI_COSIMULATION -I.  stepCounterPeriodInName.c -o stepCounterPeriodInName.o
Creating ../binaries/linux64/
cc -fvisibility=hidden -g -Wall -shared -Wl,-soname,stepCounterPeriodInName.so -DFMI_COSIMULATION -I. -o ../binaries/linux64/stepCounterPeriodInName.so stepCounterPeriodInName.o 
rm stepCounterPeriodInName.o
make[1]: Leaving directory '/tmp/FMUFile3795483558018743263.tmp/sources'

82 ms. Memory: 319488K Free: 103151K (32%)
----------------- Invoking toplevel() on ptolemy.moml.MoMLSimpleApplication@1ae69ade
----------------- Done invoking toplevel() on ptolemy.moml.MoMLSimpleApplication@1ae69ade
reloadAllAccessors: .FMUStepCounterPeriodInNameContinuous2

===========================================================================================
----------------- testing Fri Oct 16 15:46:03 UTC 2020 /home/travis/build/icyphy/ptII/ptolemy/actor/lib/fmi/test/auto/FMUTankOpen.xml
----------------- Instantiating /home/travis/build/icyphy/ptII/ptolemy/actor/lib/fmi/test/auto/FMUTankOpen.xml
23 ms. Memory: 487424K Free: 446670K (92%)
----------------- Invoking toplevel() on ptolemy.moml.MoMLSimpleApplication@666f10ff
----------------- Done invoking toplevel() on ptolemy.moml.MoMLSimpleApplication@666f10ff
reloadAllAccessors: .FMUTankOpen

===========================================================================================
----------------- testing Fri Oct 16 15:46:04 UTC 2020 /home/travis/build/icyphy/ptII/ptolemy/actor/lib/fmi/test/auto/FMUTwoBallCollision.xml
----------------- Instantiating /home/travis/build/icyphy/ptII/ptolemy/actor/lib/fmi/test/auto/FMUTwoBallCollision.xml
141 ms. Memory: 487424K Free: 413902K (85%)
----------------- Invoking toplevel() on ptolemy.moml.MoMLSimpleApplication@5d8c83c2
----------------- Done invoking toplevel() on ptolemy.moml.MoMLSimpleApplication@5d8c83c2
reloadAllAccessors: .FMUTwoBallCollision

===========================================================================================
----------------- testing Fri Oct 16 15:46:04 UTC 2020 /home/travis/build/icyphy/ptII/ptolemy/actor/lib/fmi/test/auto/FMUValues.xml
----------------- Instantiating /home/travis/build/icyphy/ptII/ptolemy/actor/lib/fmi/test/auto/FMUValues.xml
10 ms. Memory: 487424K Free: 406224K (83%)
----------------- Invoking toplevel() on ptolemy.moml.MoMLSimpleApplication@59d99f95
----------------- Done invoking toplevel() on ptolemy.moml.MoMLSimpleApplication@59d99f95
reloadAllAccessors: .FMUValues

===========================================================================================
----------------- testing Fri Oct 16 15:46:04 UTC 2020 /home/travis/build/icyphy/ptII/ptolemy/actor/lib/fmi/test/auto/FMUValues20.xml
----------------- Instantiating /home/travis/build/icyphy/ptII/ptolemy/actor/lib/fmi/test/auto/FMUValues20.xml
12 ms. Memory: 487424K Free: 397488K (82%)
----------------- Invoking toplevel() on ptolemy.moml.MoMLSimpleApplication@116ce95b
----------------- Done invoking toplevel() on ptolemy.moml.MoMLSimpleApplication@116ce95b
reloadAllAccessors: .FMUValues20

===========================================================================================
----------------- testing Fri Oct 16 15:46:04 UTC 2020 /home/travis/build/icyphy/ptII/ptolemy/actor/lib/fmi/test/auto/FMUValuesME20.xml
----------------- Instantiating /home/travis/build/icyphy/ptII/ptolemy/actor/lib/fmi/test/auto/FMUValuesME20.xml
53 ms. Memory: 487424K Free: 384206K (79%)
----------------- Invoking toplevel() on ptolemy.moml.MoMLSimpleApplication@e0f582b
----------------- Done invoking toplevel() on ptolemy.moml.MoMLSimpleApplication@e0f582b
reloadAllAccessors: .FMUValuesME20

===========================================================================================
----------------- testing Fri Oct 16 15:46:04 UTC 2020 /home/travis/build/icyphy/ptII/ptolemy/actor/lib/fmi/test/auto/FMUVanDerPol.xml
----------------- Instantiating /home/travis/build/icyphy/ptII/ptolemy/actor/lib/fmi/test/auto/FMUVanDerPol.xml
8 ms. Memory: 487424K Free: 379086K (78%)
----------------- Invoking toplevel() on ptolemy.moml.MoMLSimpleApplication@24699b4c
----------------- Done invoking toplevel() on ptolemy.moml.MoMLSimpleApplication@24699b4c
reloadAllAccessors: .FMUVanDerPol

===========================================================================================
----------------- testing Fri Oct 16 15:46:04 UTC 2020 /home/travis/build/icyphy/ptII/ptolemy/actor/lib/fmi/test/auto/FMUVanDerPol20.xml
----------------- Instantiating /home/travis/build/icyphy/ptII/ptolemy/actor/lib/fmi/test/auto/FMUVanDerPol20.xml
69 ms. Memory: 487424K Free: 363216K (75%)
----------------- Invoking toplevel() on ptolemy.moml.MoMLSimpleApplication@4db50132
----------------- Done invoking toplevel() on ptolemy.moml.MoMLSimpleApplication@4db50132
reloadAllAccessors: .FMUVanDerPol20

===========================================================================================
----------------- testing Fri Oct 16 15:46:04 UTC 2020 /home/travis/build/icyphy/ptII/ptolemy/actor/lib/fmi/test/auto/FMUVanDerPolME20.xml
----------------- Instantiating /home/travis/build/icyphy/ptII/ptolemy/actor/lib/fmi/test/auto/FMUVanDerPolME20.xml
11 ms. Memory: 487424K Free: 353486K (73%)
----------------- Invoking toplevel() on ptolemy.moml.MoMLSimpleApplication@3002ab2f
----------------- Done invoking toplevel() on ptolemy.moml.MoMLSimpleApplication@3002ab2f
reloadAllAccessors: .FMUVanDerPolME20

===========================================================================================
----------------- testing Fri Oct 16 15:46:04 UTC 2020 /home/travis/build/icyphy/ptII/ptolemy/actor/lib/fmi/test/auto/FMUdq20RC1.xml
----------------- Instantiating /home/travis/build/icyphy/ptII/ptolemy/actor/lib/fmi/test/auto/FMUdq20RC1.xml
3 ms. Memory: 487424K Free: 348880K (72%)
----------------- Invoking toplevel() on ptolemy.moml.MoMLSimpleApplication@22eede0d
----------------- Done invoking toplevel() on ptolemy.moml.MoMLSimpleApplication@22eede0d
reloadAllAccessors: .FMUdq20RC1

===========================================================================================
----------------- testing Fri Oct 16 15:46:04 UTC 2020 /home/travis/build/icyphy/ptII/ptolemy/actor/lib/fmi/test/auto/FMUvalues20RC1.xml
----------------- Instantiating /home/travis/build/icyphy/ptII/ptolemy/actor/lib/fmi/test/auto/FMUvalues20RC1.xml
12 ms. Memory: 487424K Free: 340688K (70%)
----------------- Invoking toplevel() on ptolemy.moml.MoMLSimpleApplication@2127216
----------------- Done invoking toplevel() on ptolemy.moml.MoMLSimpleApplication@2127216
reloadAllAccessors: .FMUvalues20RC1

===========================================================================================
----------------- testing Fri Oct 16 15:46:04 UTC 2020 /home/travis/build/icyphy/ptII/ptolemy/actor/lib/fmi/test/auto/FMUvanDerPol20RC1.xml
----------------- Instantiating /home/travis/build/icyphy/ptII/ptolemy/actor/lib/fmi/test/auto/FMUvanDerPol20RC1.xml
6 ms. Memory: 487424K Free: 334544K (69%)
----------------- Invoking toplevel() on ptolemy.moml.MoMLSimpleApplication@4d3efb6d
----------------- Done invoking toplevel() on ptolemy.moml.MoMLSimpleApplication@4d3efb6d
reloadAllAccessors: .FMUvanDerPol20RC1

===========================================================================================
----------------- testing Fri Oct 16 15:46:04 UTC 2020 /home/travis/build/icyphy/ptII/ptolemy/actor/lib/fmi/test/auto/TestZeroDelayFeedback.xml
----------------- Instantiating /home/travis/build/icyphy/ptII/ptolemy/actor/lib/fmi/test/auto/TestZeroDelayFeedback.xml
FMU Builder messages:

Attempting to build /tmp/FMUFile3704513032909263715.tmp/binaries/linux64/Constant.so
architecture: linux64 isWindows: false  command: make target: linux64
make ARCH=linux64 CBITSFLAGS=-fvisibility=hidden PIC=-fPIC SHARED_LIBRARY_SUFFIX=so Constant.so
make[1]: Entering directory '/tmp/FMUFile3704513032909263715.tmp/sources'
echo `pwd`
/tmp/FMUFile3704513032909263715.tmp/sources
cc -g -c -fvisibility=hidden -fPIC -Wall -DFMI_COSIMULATION -I.  Constant.c -o Constant.o
Creating ../binaries/linux64/
cc -fvisibility=hidden -g -Wall -shared -Wl,-soname,Constant.so -DFMI_COSIMULATION -I. -o ../binaries/linux64/Constant.so Constant.o 
rm Constant.o
make[1]: Leaving directory '/tmp/FMUFile3704513032909263715.tmp/sources'

FMU Builder messages:

Attempting to build /tmp/FMUFile808436079409145465.tmp/binaries/linux64/Integrator.so
architecture: linux64 isWindows: false  command: make target: linux64
make ARCH=linux64 CBITSFLAGS=-fvisibility=hidden PIC=-fPIC SHARED_LIBRARY_SUFFIX=so Integrator.so
make[1]: Entering directory '/tmp/FMUFile808436079409145465.tmp/sources'
echo `pwd`
/tmp/FMUFile808436079409145465.tmp/sources
cc -g -c -fvisibility=hidden -fPIC -Wall -DFMI_COSIMULATION -I.  Integrator.c -o Integrator.o
Integrator.c: In function ‘fmi2HybridGetMaxStepSize’:
Integrator.c:112:20: warning: unused variable ‘comp’ [-Wunused-variable]
     ModelInstance *comp = (ModelInstance *)c;
                    ^
In file included from Integrator.c:123:0:
fmuTemplate.c: In function ‘fmi2HybridDoStep’:
fmuTemplate.c:992:12: warning: variable ‘prevState’ set but not used [-Wunused-but-set-variable]
     double prevState[max(NUMBER_OF_STATES, 1)];
            ^
Creating ../binaries/linux64/
cc -fvisibility=hidden -g -Wall -shared -Wl,-soname,Integrator.so -DFMI_COSIMULATION -I. -o ../binaries/linux64/Integrator.so Integrator.o 

FMU Builder messages:

Attempting to build /tmp/FMUFile4208050442831695060.tmp/binaries/linux64/Adder.so
architecture: linux64 isWindows: false  command: make target: linux64
make ARCH=linux64 CBITSFLAGS=-fvisibility=hidden PIC=-fPIC SHARED_LIBRARY_SUFFIX=so Adder.so
make[1]: Entering directory '/tmp/FMUFile4208050442831695060.tmp/sources'
echo `pwd`
/tmp/FMUFile4208050442831695060.tmp/sources
cc -g -c -fvisibility=hidden -fPIC -Wall -DFMI_COSIMULATION -I.  Adder.c -o Adder.o
Creating ../binaries/linux64/
cc -fvisibility=hidden -g -Wall -shared -Wl,-soname,Adder.so -DFMI_COSIMULATION -I. -o ../binaries/linux64/Adder.so Adder.o 

FMU Builder messages:

Attempting to build /tmp/FMUFile17182147610313095975.tmp/binaries/linux64/ZeroCrossingDetector.so
architecture: linux64 isWindows: false  command: make target: linux64
make ARCH=linux64 CBITSFLAGS=-fvisibility=hidden PIC=-fPIC SHARED_LIBRARY_SUFFIX=so ZeroCrossingDetector.so
make[1]: Entering directory '/tmp/FMUFile17182147610313095975.tmp/sources'
echo `pwd`
/tmp/FMUFile17182147610313095975.tmp/sources
cc -g -c -fvisibility=hidden -fPIC -Wall -DFMI_COSIMULATION -I.  ZeroCrossingDetector.c -o ZeroCrossingDetector.o
Creating ../binaries/linux64/
cc -fvisibility=hidden -g -Wall -shared -Wl,-soname,ZeroCrossingDetector.so -DFMI_COSIMULATION -I. -o ../binaries/linux64/ZeroCrossingDetector.so ZeroCrossingDetector.o 
rm ZeroCrossingDetector.o
make[1]: Leaving directory '/tmp/FMUFile17182147610313095975.tmp/sources'

FMU Builder messages:

Attempting to build /tmp/FMUFile17366988207564291815.tmp/binaries/linux64/Delay.so
architecture: linux64 isWindows: false  command: make target: linux64
make ARCH=linux64 CBITSFLAGS=-fvisibility=hidden PIC=-fPIC SHARED_LIBRARY_SUFFIX=so Delay.so
make[1]: Entering directory '/tmp/FMUFile17366988207564291815.tmp/sources'
echo `pwd`
/tmp/FMUFile17366988207564291815.tmp/sources
cc -g -c -fvisibility=hidden -fPIC -Wall -DFMI_COSIMULATION -I.  Delay.c -o Delay.o
Creating ../binaries/linux64/
cc -fvisibility=hidden -g -Wall -shared -Wl,-soname,Delay.so -DFMI_COSIMULATION -I. -o ../binaries/linux64/Delay.so Delay.o 

961 ms. Memory: 487424K Free: 318160K (65%)
----------------- Invoking toplevel() on ptolemy.moml.MoMLSimpleApplication@32e0a9b5
----------------- Done invoking toplevel() on ptolemy.moml.MoMLSimpleApplication@32e0a9b5
reloadAllAccessors: .TestZeroDelayFeedback

===========================================================================================
----------------- testing Fri Oct 16 15:46:05 UTC 2020 /home/travis/build/icyphy/ptII/ptolemy/actor/lib/fmi/test/auto/helloWorldME2.xml
----------------- Instantiating /home/travis/build/icyphy/ptII/ptolemy/actor/lib/fmi/test/auto/helloWorldME2.xml
6 ms. Memory: 487424K Free: 314574K (65%)
----------------- Invoking toplevel() on ptolemy.moml.MoMLSimpleApplication@48349bfc
----------------- Done invoking toplevel() on ptolemy.moml.MoMLSimpleApplication@48349bfc
reloadAllAccessors: .helloWorldME2
AutoTests.java: About to close Vertx.
AutoTests.java: Vertx closed.
]]></system-out>
  <system-err><![CDATA[java.lang.RuntimeException: Execution failed
	at ptolemy.moml.MoMLSimpleApplication$UnloadThread.run(MoMLSimpleApplication.java:402)
Caused by: ptolemy.kernel.util.IllegalActionException: Could not simulate, inc20_fmiDoStep(Component, /* time */ 0.0, /* stepSize */0.0, /* newStep */ 1) returned fmiError
  in .FMUInc20.inc20
	at ptolemy.actor.lib.fmi.FMUImport._fmiDoStep(FMUImport.java:2739)
	at ptolemy.actor.lib.fmi.FMUImport.fire(FMUImport.java:675)
	at ptolemy.actor.sched.FixedPointDirector._fireActor(FixedPointDirector.java:768)
	at ptolemy.actor.sched.FixedPointDirector.fire(FixedPointDirector.java:244)
	at ptolemy.domains.continuous.kernel.ContinuousDirector.fire(ContinuousDirector.java:494)
	at ptolemy.actor.CompositeActor.fire(CompositeActor.java:455)
	at ptolemy.actor.Manager.iterate(Manager.java:851)
	at ptolemy.actor.Manager.execute(Manager.java:369)
	at ptolemy.actor.Manager.run(Manager.java:1263)
	at ptolemy.actor.Manager$PtolemyRunThread.run(Manager.java:1933)
java.lang.reflect.InvocationTargetException
	at java.base/jdk.internal.reflect.NativeConstructorAccessorImpl.newInstance0(Native Method)
	at java.base/jdk.internal.reflect.NativeConstructorAccessorImpl.newInstance(NativeConstructorAccessorImpl.java:62)
	at java.base/jdk.internal.reflect.DelegatingConstructorAccessorImpl.newInstance(DelegatingConstructorAccessorImpl.java:45)
	at java.base/java.lang.reflect.Constructor.newInstance(Constructor.java:490)
	at ptolemy.util.test.junit.AutoKnownFailedTests.RunModel(AutoKnownFailedTests.java:105)
	at java.base/jdk.internal.reflect.NativeMethodAccessorImpl.invoke0(Native Method)
	at java.base/jdk.internal.reflect.NativeMethodAccessorImpl.invoke(NativeMethodAccessorImpl.java:62)
	at java.base/jdk.internal.reflect.DelegatingMethodAccessorImpl.invoke(DelegatingMethodAccessorImpl.java:43)
	at java.base/java.lang.reflect.Method.invoke(Method.java:566)
	at org.junit.runners.model.FrameworkMethod$1.runReflectiveCall(FrameworkMethod.java:44)
	at org.junit.internal.runners.model.ReflectiveCallable.run(ReflectiveCallable.java:15)
	at org.junit.runners.model.FrameworkMethod.invokeExplosively(FrameworkMethod.java:41)
	at junitparams.internal.InvokeParameterisedMethod.evaluate(InvokeParameterisedMethod.java:102)
	at org.junit.internal.runners.statements.FailOnTimeout$1.run(FailOnTimeout.java:28)
Caused by: ptolemy.kernel.util.IllegalActionException: Could not simulate, inc20_fmiDoStep(Component, /* time */ 0.0, /* stepSize */0.0, /* newStep */ 1) returned fmiError
  in .FMUInc20.inc20
	at ptolemy.actor.lib.fmi.FMUImport._fmiDoStep(FMUImport.java:2739)
	at ptolemy.actor.lib.fmi.FMUImport.fire(FMUImport.java:675)
	at ptolemy.actor.sched.FixedPointDirector._fireActor(FixedPointDirector.java:768)
	at ptolemy.actor.sched.FixedPointDirector.fire(FixedPointDirector.java:244)
	at ptolemy.domains.continuous.kernel.ContinuousDirector.fire(ContinuousDirector.java:494)
	at ptolemy.actor.CompositeActor.fire(CompositeActor.java:455)
	at ptolemy.actor.Manager.iterate(Manager.java:851)
	at ptolemy.actor.Manager.execute(Manager.java:369)
	at ptolemy.actor.Manager.run(Manager.java:1263)
	at ptolemy.actor.Manager$PtolemyRunThread.run(Manager.java:1933)
]]></system-err>
</testsuite>
