<?xml version="1.0" encoding="UTF-8" ?>
<testsuite errors="0" failures="0" hostname="travis-job-d018913a-fa5c-4dd0-a147-ad8280e4328e" name="ptolemy.domains.modal.test.junit.JUnitTclTest" skipped="0" tests="148" time="12.114" timestamp="2019-10-13T06:20:53">
  <properties>
[...]
</properties>
  <testcase classname="ptolemy.util.test.junit.TclTests" name="[0] /home/travis/build/icyphy/ptII/ptolemy/domains/modal/test/SystemLevelType.tcl (RunTclFile)" time="2.233" />
  <testcase classname="ptolemy.util.test.junit.AutoKnownFailedTests" name="[0] /home/travis/build/icyphy/ptII/ptolemy/domains/modal/test/auto/knownFailedTests/CannotAnalysisWithPreemption.xml (RunModel)" time="0.349" />
  <testcase classname="ptolemy.util.test.junit.AutoNameArchTests" name="[0] ThereAreNoAutoArchTests (RunModel)" time="0.007" />
  <testcase classname="ptolemy.util.test.junit.AutoTests" name="[0] /home/travis/build/icyphy/ptII/ptolemy/domains/modal/test/auto/ABPTest.xml (RunModel)" time="0.825" />
  <testcase classname="ptolemy.util.test.junit.AutoTests" name="[1] /home/travis/build/icyphy/ptII/ptolemy/domains/modal/test/auto/ABROFlat.xml (RunModel)" time="0.106" />
  <testcase classname="ptolemy.util.test.junit.AutoTests" name="[2] /home/travis/build/icyphy/ptII/ptolemy/domains/modal/test/auto/ABROFlat2.xml (RunModel)" time="0.083" />
  <testcase classname="ptolemy.util.test.junit.AutoTests" name="[3] /home/travis/build/icyphy/ptII/ptolemy/domains/modal/test/auto/ABRO_present_hmm.xml (RunModel)" time="0.156" />
  <testcase classname="ptolemy.util.test.junit.AutoTests" name="[4] /home/travis/build/icyphy/ptII/ptolemy/domains/modal/test/auto/AMICoderExample.xml (RunModel)" time="0.094" />
  <testcase classname="ptolemy.util.test.junit.AutoTests" name="[5] /home/travis/build/icyphy/ptII/ptolemy/domains/modal/test/auto/AbsentToPresent.xml (RunModel)" time="0.032" />
  <testcase classname="ptolemy.util.test.junit.AutoTests" name="[6] /home/travis/build/icyphy/ptII/ptolemy/domains/modal/test/auto/Blending.xml (RunModel)" time="0.327" />
  <testcase classname="ptolemy.util.test.junit.AutoTests" name="[7] /home/travis/build/icyphy/ptII/ptolemy/domains/modal/test/auto/Broadcast.xml (RunModel)" time="0.052" />
  <testcase classname="ptolemy.util.test.junit.AutoTests" name="[8] /home/travis/build/icyphy/ptII/ptolemy/domains/modal/test/auto/BroadcastHierarchy.xml (RunModel)" time="0.09" />
  <testcase classname="ptolemy.util.test.junit.AutoTests" name="[9] /home/travis/build/icyphy/ptII/ptolemy/domains/modal/test/auto/BroadcastHierarchy2.xml (RunModel)" time="0.129" />
  <testcase classname="ptolemy.util.test.junit.AutoTests" name="[10] /home/travis/build/icyphy/ptII/ptolemy/domains/modal/test/auto/BroadcastHierarchy3.xml (RunModel)" time="0.123" />
  <testcase classname="ptolemy.util.test.junit.AutoTests" name="[11] /home/travis/build/icyphy/ptII/ptolemy/domains/modal/test/auto/BroadcastHierarchy4.xml (RunModel)" time="0.099" />
  <testcase classname="ptolemy.util.test.junit.AutoTests" name="[12] /home/travis/build/icyphy/ptII/ptolemy/domains/modal/test/auto/CannotAnalysisWithPreemption2.xml (RunModel)" time="0.036" />
  <testcase classname="ptolemy.util.test.junit.AutoTests" name="[13] /home/travis/build/icyphy/ptII/ptolemy/domains/modal/test/auto/CannotAnalysisWithPreemption3.xml (RunModel)" time="0.043" />
  <testcase classname="ptolemy.util.test.junit.AutoTests" name="[14] /home/travis/build/icyphy/ptII/ptolemy/domains/modal/test/auto/CannotProduce.xml (RunModel)" time="0.025" />
  <testcase classname="ptolemy.util.test.junit.AutoTests" name="[15] /home/travis/build/icyphy/ptII/ptolemy/domains/modal/test/auto/CannotProduceModal.xml (RunModel)" time="0.051" />
  <testcase classname="ptolemy.util.test.junit.AutoTests" name="[16] /home/travis/build/icyphy/ptII/ptolemy/domains/modal/test/auto/Case.xml (RunModel)" time="0.063" />
  <testcase classname="ptolemy.util.test.junit.AutoTests" name="[17] /home/travis/build/icyphy/ptII/ptolemy/domains/modal/test/auto/Case1.xml (RunModel)" time="0.033" />
  <testcase classname="ptolemy.util.test.junit.AutoTests" name="[18] /home/travis/build/icyphy/ptII/ptolemy/domains/modal/test/auto/Case2.xml (RunModel)" time="0.042" />
  <testcase classname="ptolemy.util.test.junit.AutoTests" name="[19] /home/travis/build/icyphy/ptII/ptolemy/domains/modal/test/auto/CausalityInterface1.xml (RunModel)" time="0.022" />
  <testcase classname="ptolemy.util.test.junit.AutoTests" name="[20] /home/travis/build/icyphy/ptII/ptolemy/domains/modal/test/auto/CausalityInterface10.xml (RunModel)" time="0.064" />
  <testcase classname="ptolemy.util.test.junit.AutoTests" name="[21] /home/travis/build/icyphy/ptII/ptolemy/domains/modal/test/auto/CausalityInterface11.xml (RunModel)" time="0.054" />
  <testcase classname="ptolemy.util.test.junit.AutoTests" name="[22] /home/travis/build/icyphy/ptII/ptolemy/domains/modal/test/auto/CausalityInterface12.xml (RunModel)" time="0.051" />
  <testcase classname="ptolemy.util.test.junit.AutoTests" name="[23] /home/travis/build/icyphy/ptII/ptolemy/domains/modal/test/auto/CausalityInterface13.xml (RunModel)" time="0.061" />
  <testcase classname="ptolemy.util.test.junit.AutoTests" name="[24] /home/travis/build/icyphy/ptII/ptolemy/domains/modal/test/auto/CausalityInterface14.xml (RunModel)" time="0.054" />
  <testcase classname="ptolemy.util.test.junit.AutoTests" name="[25] /home/travis/build/icyphy/ptII/ptolemy/domains/modal/test/auto/CausalityInterface2.xml (RunModel)" time="0.042" />
  <testcase classname="ptolemy.util.test.junit.AutoTests" name="[26] /home/travis/build/icyphy/ptII/ptolemy/domains/modal/test/auto/CausalityInterface3.xml (RunModel)" time="0.028" />
  <testcase classname="ptolemy.util.test.junit.AutoTests" name="[27] /home/travis/build/icyphy/ptII/ptolemy/domains/modal/test/auto/CausalityInterface4.xml (RunModel)" time="0.032" />
  <testcase classname="ptolemy.util.test.junit.AutoTests" name="[28] /home/travis/build/icyphy/ptII/ptolemy/domains/modal/test/auto/CausalityInterface5.xml (RunModel)" time="0.048" />
  <testcase classname="ptolemy.util.test.junit.AutoTests" name="[29] /home/travis/build/icyphy/ptII/ptolemy/domains/modal/test/auto/CausalityInterface6.xml (RunModel)" time="0.034" />
  <testcase classname="ptolemy.util.test.junit.AutoTests" name="[30] /home/travis/build/icyphy/ptII/ptolemy/domains/modal/test/auto/CausalityInterface7.xml (RunModel)" time="0.037" />
  <testcase classname="ptolemy.util.test.junit.AutoTests" name="[31] /home/travis/build/icyphy/ptII/ptolemy/domains/modal/test/auto/CausalityInterface8.xml (RunModel)" time="0.047" />
  <testcase classname="ptolemy.util.test.junit.AutoTests" name="[32] /home/travis/build/icyphy/ptII/ptolemy/domains/modal/test/auto/CausalityInterface9.xml (RunModel)" time="0.044" />
  <testcase classname="ptolemy.util.test.junit.AutoTests" name="[33] /home/travis/build/icyphy/ptII/ptolemy/domains/modal/test/auto/ChainedTransitions.xml (RunModel)" time="0.162" />
  <testcase classname="ptolemy.util.test.junit.AutoTests" name="[34] /home/travis/build/icyphy/ptII/ptolemy/domains/modal/test/auto/CycleOfImmediateTransitionsFSM.xml (RunModel)" time="0.021" />
  <testcase classname="ptolemy.util.test.junit.AutoTests" name="[35] /home/travis/build/icyphy/ptII/ptolemy/domains/modal/test/auto/CycleOfImmediateTransitionsModal.xml (RunModel)" time="0.026" />
  <testcase classname="ptolemy.util.test.junit.AutoTests" name="[36] /home/travis/build/icyphy/ptII/ptolemy/domains/modal/test/auto/CycleOfImmediateTransitionsModal2.xml (RunModel)" time="0.035" />
  <testcase classname="ptolemy.util.test.junit.AutoTests" name="[37] /home/travis/build/icyphy/ptII/ptolemy/domains/modal/test/auto/CycleOfImmediateTransitionsModal3.xml (RunModel)" time="0.087" />
  <testcase classname="ptolemy.util.test.junit.AutoTests" name="[38] /home/travis/build/icyphy/ptII/ptolemy/domains/modal/test/auto/DeepModal1.xml (RunModel)" time="0.065" />
  <testcase classname="ptolemy.util.test.junit.AutoTests" name="[39] /home/travis/build/icyphy/ptII/ptolemy/domains/modal/test/auto/DeepModal2.xml (RunModel)" time="0.065" />
  <testcase classname="ptolemy.util.test.junit.AutoTests" name="[40] /home/travis/build/icyphy/ptII/ptolemy/domains/modal/test/auto/DeepModal3.xml (RunModel)" time="0.07" />
  <testcase classname="ptolemy.util.test.junit.AutoTests" name="[41] /home/travis/build/icyphy/ptII/ptolemy/domains/modal/test/auto/DeepModal4.xml (RunModel)" time="0.079" />
  <testcase classname="ptolemy.util.test.junit.AutoTests" name="[42] /home/travis/build/icyphy/ptII/ptolemy/domains/modal/test/auto/Default1.xml (RunModel)" time="0.019" />
  <testcase classname="ptolemy.util.test.junit.AutoTests" name="[43] /home/travis/build/icyphy/ptII/ptolemy/domains/modal/test/auto/Default2.xml (RunModel)" time="0.014" />
  <testcase classname="ptolemy.util.test.junit.AutoTests" name="[44] /home/travis/build/icyphy/ptII/ptolemy/domains/modal/test/auto/Default3.xml (RunModel)" time="0.024" />
  <testcase classname="ptolemy.util.test.junit.AutoTests" name="[45] /home/travis/build/icyphy/ptII/ptolemy/domains/modal/test/auto/Default4.xml (RunModel)" time="0.016" />
  <testcase classname="ptolemy.util.test.junit.AutoTests" name="[46] /home/travis/build/icyphy/ptII/ptolemy/domains/modal/test/auto/Default5.xml (RunModel)" time="0.061" />
  <testcase classname="ptolemy.util.test.junit.AutoTests" name="[47] /home/travis/build/icyphy/ptII/ptolemy/domains/modal/test/auto/EmptyGuard.xml (RunModel)" time="0.038" />
  <testcase classname="ptolemy.util.test.junit.AutoTests" name="[48] /home/travis/build/icyphy/ptII/ptolemy/domains/modal/test/auto/ErrorTransition1.xml (RunModel)" time="0.034" />
  <testcase classname="ptolemy.util.test.junit.AutoTests" name="[49] /home/travis/build/icyphy/ptII/ptolemy/domains/modal/test/auto/ErrorTransition10.xml (RunModel)" time="0.048" />
  <testcase classname="ptolemy.util.test.junit.AutoTests" name="[50] /home/travis/build/icyphy/ptII/ptolemy/domains/modal/test/auto/ErrorTransition11.xml (RunModel)" time="0.045" />
  <testcase classname="ptolemy.util.test.junit.AutoTests" name="[51] /home/travis/build/icyphy/ptII/ptolemy/domains/modal/test/auto/ErrorTransition2.xml (RunModel)" time="0.024" />
  <testcase classname="ptolemy.util.test.junit.AutoTests" name="[52] /home/travis/build/icyphy/ptII/ptolemy/domains/modal/test/auto/ErrorTransition3.xml (RunModel)" time="0.042" />
  <testcase classname="ptolemy.util.test.junit.AutoTests" name="[53] /home/travis/build/icyphy/ptII/ptolemy/domains/modal/test/auto/ErrorTransition4.xml (RunModel)" time="0.039" />
  <testcase classname="ptolemy.util.test.junit.AutoTests" name="[54] /home/travis/build/icyphy/ptII/ptolemy/domains/modal/test/auto/ErrorTransition5.xml (RunModel)" time="0.031" />
  <testcase classname="ptolemy.util.test.junit.AutoTests" name="[55] /home/travis/build/icyphy/ptII/ptolemy/domains/modal/test/auto/ErrorTransition6.xml (RunModel)" time="0.032" />
  <testcase classname="ptolemy.util.test.junit.AutoTests" name="[56] /home/travis/build/icyphy/ptII/ptolemy/domains/modal/test/auto/ErrorTransition7.xml (RunModel)" time="0.053" />
  <testcase classname="ptolemy.util.test.junit.AutoTests" name="[57] /home/travis/build/icyphy/ptII/ptolemy/domains/modal/test/auto/ErrorTransition8.xml (RunModel)" time="0.046" />
  <testcase classname="ptolemy.util.test.junit.AutoTests" name="[58] /home/travis/build/icyphy/ptII/ptolemy/domains/modal/test/auto/ErrorTransition9.xml (RunModel)" time="0.039" />
  <testcase classname="ptolemy.util.test.junit.AutoTests" name="[59] /home/travis/build/icyphy/ptII/ptolemy/domains/modal/test/auto/ExtendedFSM.xml (RunModel)" time="0.046" />
  <testcase classname="ptolemy.util.test.junit.AutoTests" name="[60] /home/travis/build/icyphy/ptII/ptolemy/domains/modal/test/auto/FinalStates.xml (RunModel)" time="0.023" />
  <testcase classname="ptolemy.util.test.junit.AutoTests" name="[61] /home/travis/build/icyphy/ptII/ptolemy/domains/modal/test/auto/FixedPointFSM.xml (RunModel)" time="0.046" />
  <testcase classname="ptolemy.util.test.junit.AutoTests" name="[62] /home/travis/build/icyphy/ptII/ptolemy/domains/modal/test/auto/FixedPointIterationFSMActor.xml (RunModel)" time="0.026" />
  <testcase classname="ptolemy.util.test.junit.AutoTests" name="[63] /home/travis/build/icyphy/ptII/ptolemy/domains/modal/test/auto/FixedPointIterationFSMActor2.xml (RunModel)" time="0.039" />
  <testcase classname="ptolemy.util.test.junit.AutoTests" name="[64] /home/travis/build/icyphy/ptII/ptolemy/domains/modal/test/auto/ForbiddenInstantanousLoop.xml (RunModel)" time="0.038" />
  <testcase classname="ptolemy.util.test.junit.AutoTests" name="[65] /home/travis/build/icyphy/ptII/ptolemy/domains/modal/test/auto/FunctionDependencyOfFSMActorTest.xml (RunModel)" time="0.032" />
  <testcase classname="ptolemy.util.test.junit.AutoTests" name="[66] /home/travis/build/icyphy/ptII/ptolemy/domains/modal/test/auto/GuardExpression.xml (RunModel)" time="0.016" />
  <testcase classname="ptolemy.util.test.junit.AutoTests" name="[67] /home/travis/build/icyphy/ptII/ptolemy/domains/modal/test/auto/GuardNotEvaluated.xml (RunModel)" time="0.027" />
  <testcase classname="ptolemy.util.test.junit.AutoTests" name="[68] /home/travis/build/icyphy/ptII/ptolemy/domains/modal/test/auto/GuardNotEvaluated2.xml (RunModel)" time="0.027" />
  <testcase classname="ptolemy.util.test.junit.AutoTests" name="[69] /home/travis/build/icyphy/ptII/ptolemy/domains/modal/test/auto/GuardOnAbsent.xml (RunModel)" time="0.022" />
  <testcase classname="ptolemy.util.test.junit.AutoTests" name="[70] /home/travis/build/icyphy/ptII/ptolemy/domains/modal/test/auto/HierarchicalFSMTypeInference.xml (RunModel)" time="0.029" />
  <testcase classname="ptolemy.util.test.junit.AutoTests" name="[71] /home/travis/build/icyphy/ptII/ptolemy/domains/modal/test/auto/Hysteresis.xml (RunModel)" time="0.045" />
  <testcase classname="ptolemy.util.test.junit.AutoTests" name="[72] /home/travis/build/icyphy/ptII/ptolemy/domains/modal/test/auto/HysteresisWithDefault.xml (RunModel)" time="0.08" />
  <testcase classname="ptolemy.util.test.junit.AutoTests" name="[73] /home/travis/build/icyphy/ptII/ptolemy/domains/modal/test/auto/HysteresisWithDefault2.xml (RunModel)" time="0.068" />
  <testcase classname="ptolemy.util.test.junit.AutoTests" name="[74] /home/travis/build/icyphy/ptII/ptolemy/domains/modal/test/auto/ImmediateNonConstructiveness.xml (RunModel)" time="0.017" />
  <testcase classname="ptolemy.util.test.junit.AutoTests" name="[75] /home/travis/build/icyphy/ptII/ptolemy/domains/modal/test/auto/ImmediateNonConstructiveness2.xml (RunModel)" time="0.018" />
  <testcase classname="ptolemy.util.test.junit.AutoTests" name="[76] /home/travis/build/icyphy/ptII/ptolemy/domains/modal/test/auto/ImmediateTransitionReset.xml (RunModel)" time="0.039" />
  <testcase classname="ptolemy.util.test.junit.AutoTests" name="[77] /home/travis/build/icyphy/ptII/ptolemy/domains/modal/test/auto/ImmediateTransitions1.xml (RunModel)" time="0.012" />
  <testcase classname="ptolemy.util.test.junit.AutoTests" name="[78] /home/travis/build/icyphy/ptII/ptolemy/domains/modal/test/auto/ImmediateTransitionsInstantaneousCommunication.xml (RunModel)" time="0.03" />
  <testcase classname="ptolemy.util.test.junit.AutoTests" name="[79] /home/travis/build/icyphy/ptII/ptolemy/domains/modal/test/auto/InitialImmediateTransition.xml (RunModel)" time="0.023" />
  <testcase classname="ptolemy.util.test.junit.AutoTests" name="[80] /home/travis/build/icyphy/ptII/ptolemy/domains/modal/test/auto/InitialOutputs.xml (RunModel)" time="0.022" />
  <testcase classname="ptolemy.util.test.junit.AutoTests" name="[81] /home/travis/build/icyphy/ptII/ptolemy/domains/modal/test/auto/InitialStateTransition1.xml (RunModel)" time="0.026" />
  <testcase classname="ptolemy.util.test.junit.AutoTests" name="[82] /home/travis/build/icyphy/ptII/ptolemy/domains/modal/test/auto/InitialStateTransition2.xml (RunModel)" time="0.033" />
  <testcase classname="ptolemy.util.test.junit.AutoTests" name="[83] /home/travis/build/icyphy/ptII/ptolemy/domains/modal/test/auto/InitialStateTransition3.xml (RunModel)" time="0.028" />
  <testcase classname="ptolemy.util.test.junit.AutoTests" name="[84] /home/travis/build/icyphy/ptII/ptolemy/domains/modal/test/auto/InitialStateTransition4.xml (RunModel)" time="0.028" />
  <testcase classname="ptolemy.util.test.junit.AutoTests" name="[85] /home/travis/build/icyphy/ptII/ptolemy/domains/modal/test/auto/MalformedGuardExpressionNotCaught.xml (RunModel)" time="0.03" />
  <testcase classname="ptolemy.util.test.junit.AutoTests" name="[86] /home/travis/build/icyphy/ptII/ptolemy/domains/modal/test/auto/ModalBSC.xml (RunModel)" time="0.099" />
  <testcase classname="ptolemy.util.test.junit.AutoTests" name="[87] /home/travis/build/icyphy/ptII/ptolemy/domains/modal/test/auto/ModalClocks.xml (RunModel)" time="0.094" />
  <testcase classname="ptolemy.util.test.junit.AutoTests" name="[88] /home/travis/build/icyphy/ptII/ptolemy/domains/modal/test/auto/ModalDelay.xml (RunModel)" time="0.053" />
  <testcase classname="ptolemy.util.test.junit.AutoTests" name="[89] /home/travis/build/icyphy/ptII/ptolemy/domains/modal/test/auto/ModalDelay2.xml (RunModel)" time="0.047" />
  <testcase classname="ptolemy.util.test.junit.AutoTests" name="[90] /home/travis/build/icyphy/ptII/ptolemy/domains/modal/test/auto/ModalModelFromMemo.xml (RunModel)" time="0.071" />
  <testcase classname="ptolemy.util.test.junit.AutoTests" name="[91] /home/travis/build/icyphy/ptII/ptolemy/domains/modal/test/auto/ModalModelWithMultirateTransient.xml (RunModel)" time="0.057" />
  <testcase classname="ptolemy.util.test.junit.AutoTests" name="[92] /home/travis/build/icyphy/ptII/ptolemy/domains/modal/test/auto/ModalModelWithReset.xml (RunModel)" time="0.066" />
  <testcase classname="ptolemy.util.test.junit.AutoTests" name="[93] /home/travis/build/icyphy/ptII/ptolemy/domains/modal/test/auto/MouseClickFSM.xml (RunModel)" time="0.071" />
  <testcase classname="ptolemy.util.test.junit.AutoTests" name="[94] /home/travis/build/icyphy/ptII/ptolemy/domains/modal/test/auto/MouseClickFSMModal.xml (RunModel)" time="0.047" />
  <testcase classname="ptolemy.util.test.junit.AutoTests" name="[95] /home/travis/build/icyphy/ptII/ptolemy/domains/modal/test/auto/NonStrictFSM_FeedbackLoop.xml (RunModel)" time="0.053" />
  <testcase classname="ptolemy.util.test.junit.AutoTests" name="[96] /home/travis/build/icyphy/ptII/ptolemy/domains/modal/test/auto/NonStrictFSM_FeedbackLoop_Refinement.xml (RunModel)" time="0.099" />
  <testcase classname="ptolemy.util.test.junit.AutoTests" name="[97] /home/travis/build/icyphy/ptII/ptolemy/domains/modal/test/auto/NonStrictFSM_FeedbackLoop_preemptive.xml (RunModel)" time="0.05" />
  <testcase classname="ptolemy.util.test.junit.AutoTests" name="[98] /home/travis/build/icyphy/ptII/ptolemy/domains/modal/test/auto/NormalTermination.xml (RunModel)" time="0.047" />
  <testcase classname="ptolemy.util.test.junit.AutoTests" name="[99] /home/travis/build/icyphy/ptII/ptolemy/domains/modal/test/auto/Pong.xml (RunModel)" time="0.086" />
  <testcase classname="ptolemy.util.test.junit.AutoTests" name="[100] /home/travis/build/icyphy/ptII/ptolemy/domains/modal/test/auto/Pong_test.xml (RunModel)" time="0.114" />
  <testcase classname="ptolemy.util.test.junit.AutoTests" name="[101] /home/travis/build/icyphy/ptII/ptolemy/domains/modal/test/auto/PreemptionHierarchy.xml (RunModel)" time="0.028" />
  <testcase classname="ptolemy.util.test.junit.AutoTests" name="[102] /home/travis/build/icyphy/ptII/ptolemy/domains/modal/test/auto/PreemptionHierarchy2.xml (RunModel)" time="0.036" />
  <testcase classname="ptolemy.util.test.junit.AutoTests" name="[103] /home/travis/build/icyphy/ptII/ptolemy/domains/modal/test/auto/PreemptiveTransition.xml (RunModel)" time="0.027" />
  <testcase classname="ptolemy.util.test.junit.AutoTests" name="[104] /home/travis/build/icyphy/ptII/ptolemy/domains/modal/test/auto/Priorities.xml (RunModel)" time="0.101" />
  <testcase classname="ptolemy.util.test.junit.AutoTests" name="[105] /home/travis/build/icyphy/ptII/ptolemy/domains/modal/test/auto/ResetFinal.xml (RunModel)" time="0.044" />
  <testcase classname="ptolemy.util.test.junit.AutoTests" name="[106] /home/travis/build/icyphy/ptII/ptolemy/domains/modal/test/auto/ResetFinal2.xml (RunModel)" time="0.036" />
  <testcase classname="ptolemy.util.test.junit.AutoTests" name="[107] /home/travis/build/icyphy/ptII/ptolemy/domains/modal/test/auto/ResetTransitionWithStartTime.xml (RunModel)" time="0.029" />
  <testcase classname="ptolemy.util.test.junit.AutoTests" name="[108] /home/travis/build/icyphy/ptII/ptolemy/domains/modal/test/auto/SDF-FSMComposite.xml (RunModel)" time="0.024" />
  <testcase classname="ptolemy.util.test.junit.AutoTests" name="[109] /home/travis/build/icyphy/ptII/ptolemy/domains/modal/test/auto/SeeminglyNondeterminate.xml (RunModel)" time="0.073" />
  <testcase classname="ptolemy.util.test.junit.AutoTests" name="[110] /home/travis/build/icyphy/ptII/ptolemy/domains/modal/test/auto/SeeminglyNondeterminate2.xml (RunModel)" time="0.079" />
  <testcase classname="ptolemy.util.test.junit.AutoTests" name="[111] /home/travis/build/icyphy/ptII/ptolemy/domains/modal/test/auto/SpontaneousFSM.xml (RunModel)" time="0.047" />
  <testcase classname="ptolemy.util.test.junit.AutoTests" name="[112] /home/travis/build/icyphy/ptII/ptolemy/domains/modal/test/auto/SpontaneousFSM2.xml (RunModel)" time="0.036" />
  <testcase classname="ptolemy.util.test.junit.AutoTests" name="[113] /home/travis/build/icyphy/ptII/ptolemy/domains/modal/test/auto/SpontaneousFSM3.xml (RunModel)" time="0.04" />
  <testcase classname="ptolemy.util.test.junit.AutoTests" name="[114] /home/travis/build/icyphy/ptII/ptolemy/domains/modal/test/auto/SpontaneousFSM4.xml (RunModel)" time="0.074" />
  <testcase classname="ptolemy.util.test.junit.AutoTests" name="[115] /home/travis/build/icyphy/ptII/ptolemy/domains/modal/test/auto/StateTrackerTest.xml (RunModel)" time="0.053" />
  <testcase classname="ptolemy.util.test.junit.AutoTests" name="[116] /home/travis/build/icyphy/ptII/ptolemy/domains/modal/test/auto/StrongImmediateTransition.xml (RunModel)" time="0.022" />
  <testcase classname="ptolemy.util.test.junit.AutoTests" name="[117] /home/travis/build/icyphy/ptII/ptolemy/domains/modal/test/auto/SustainHierarchy.xml (RunModel)" time="0.032" />
  <testcase classname="ptolemy.util.test.junit.AutoTests" name="[118] /home/travis/build/icyphy/ptII/ptolemy/domains/modal/test/auto/TerminationTransition1.xml (RunModel)" time="0.022" />
  <testcase classname="ptolemy.util.test.junit.AutoTests" name="[119] /home/travis/build/icyphy/ptII/ptolemy/domains/modal/test/auto/TerminationTransition2.xml (RunModel)" time="0.025" />
  <testcase classname="ptolemy.util.test.junit.AutoTests" name="[120] /home/travis/build/icyphy/ptII/ptolemy/domains/modal/test/auto/TerminationTransition3.xml (RunModel)" time="0.06" />
  <testcase classname="ptolemy.util.test.junit.AutoTests" name="[121] /home/travis/build/icyphy/ptII/ptolemy/domains/modal/test/auto/TerminationTransition4.xml (RunModel)" time="0.097" />
  <testcase classname="ptolemy.util.test.junit.AutoTests" name="[122] /home/travis/build/icyphy/ptII/ptolemy/domains/modal/test/auto/TerminationTransition5.xml (RunModel)" time="0.057" />
  <testcase classname="ptolemy.util.test.junit.AutoTests" name="[123] /home/travis/build/icyphy/ptII/ptolemy/domains/modal/test/auto/TerminationTransition6.xml (RunModel)" time="0.023" />
  <testcase classname="ptolemy.util.test.junit.AutoTests" name="[124] /home/travis/build/icyphy/ptII/ptolemy/domains/modal/test/auto/TerminationTransition7.xml (RunModel)" time="0.024" />
  <testcase classname="ptolemy.util.test.junit.AutoTests" name="[125] /home/travis/build/icyphy/ptII/ptolemy/domains/modal/test/auto/TerminationTransition8.xml (RunModel)" time="0.024" />
  <testcase classname="ptolemy.util.test.junit.AutoTests" name="[126] /home/travis/build/icyphy/ptII/ptolemy/domains/modal/test/auto/Thermostat_NoHysteresis.xml (RunModel)" time="0.059" />
  <testcase classname="ptolemy.util.test.junit.AutoTests" name="[127] /home/travis/build/icyphy/ptII/ptolemy/domains/modal/test/auto/TimedFSM.xml (RunModel)" time="0.031" />
  <testcase classname="ptolemy.util.test.junit.AutoTests" name="[128] /home/travis/build/icyphy/ptII/ptolemy/domains/modal/test/auto/Timeout1.xml (RunModel)" time="0.014" />
  <testcase classname="ptolemy.util.test.junit.AutoTests" name="[129] /home/travis/build/icyphy/ptII/ptolemy/domains/modal/test/auto/Timeout2.xml (RunModel)" time="0.036" />
  <testcase classname="ptolemy.util.test.junit.AutoTests" name="[130] /home/travis/build/icyphy/ptII/ptolemy/domains/modal/test/auto/Timeout3.xml (RunModel)" time="0.016" />
  <testcase classname="ptolemy.util.test.junit.AutoTests" name="[131] /home/travis/build/icyphy/ptII/ptolemy/domains/modal/test/auto/Timeout4.xml (RunModel)" time="0.013" />
  <testcase classname="ptolemy.util.test.junit.AutoTests" name="[132] /home/travis/build/icyphy/ptII/ptolemy/domains/modal/test/auto/TransientstateModelAdvanced.xml (RunModel)" time="0.033" />
  <testcase classname="ptolemy.util.test.junit.AutoTests" name="[133] /home/travis/build/icyphy/ptII/ptolemy/domains/modal/test/auto/TransientstateModelAdvanced2.xml (RunModel)" time="0.036" />
  <testcase classname="ptolemy.util.test.junit.AutoTests" name="[134] /home/travis/build/icyphy/ptII/ptolemy/domains/modal/test/auto/TransitionRefinements.xml (RunModel)" time="0.03" />
  <testcase classname="ptolemy.util.test.junit.AutoTests" name="[135] /home/travis/build/icyphy/ptII/ptolemy/domains/modal/test/auto/TwoRefinements1.xml (RunModel)" time="0.031" />
  <testcase classname="ptolemy.util.test.junit.AutoTests" name="[136] /home/travis/build/icyphy/ptII/ptolemy/domains/modal/test/auto/TwoRefinements2.xml (RunModel)" time="0.032" />
  <testcase classname="ptolemy.util.test.junit.AutoTests" name="[137] /home/travis/build/icyphy/ptII/ptolemy/domains/modal/test/auto/WeakImmediateTransition.xml (RunModel)" time="0.029" />
  <testcase classname="ptolemy.util.test.junit.AutoTests" name="[138] /home/travis/build/icyphy/ptII/ptolemy/domains/modal/test/auto/booleanSelect.xml (RunModel)" time="0.091" />
  <testcase classname="ptolemy.util.test.junit.AutoTests" name="[139] /home/travis/build/icyphy/ptII/ptolemy/domains/modal/test/auto/modalChangingParams.xml (RunModel)" time="0.35" />
  <testcase classname="ptolemy.util.test.junit.AutoTests" name="[140] /home/travis/build/icyphy/ptII/ptolemy/domains/modal/test/auto/modalModel.xml (RunModel)" time="0.045" />
  <testcase classname="ptolemy.util.test.junit.AutoTests" name="[141] /home/travis/build/icyphy/ptII/ptolemy/domains/modal/test/auto/modalModel2.xml (RunModel)" time="0.042" />
  <testcase classname="ptolemy.util.test.junit.AutoTests" name="[142] /home/travis/build/icyphy/ptII/ptolemy/domains/modal/test/auto/modalModel3.xml (RunModel)" time="0.064" />
  <testcase classname="ptolemy.util.test.junit.AutoTests" name="[143] /home/travis/build/icyphy/ptII/ptolemy/domains/modal/test/auto/model1.xml (RunModel)" time="0.033" />
  <testcase classname="ptolemy.util.test.junit.AutoTests" name="[144] /home/travis/build/icyphy/ptII/ptolemy/domains/modal/test/auto/test-direct-in-out.xml (RunModel)" time="0.03" />
  <system-out><![CDATA[/home/travis/build/icyphy/ptII/ptolemy/domains/modal/test/SystemLevelType.tcl
testDefs.tcl: setting time out to 9000 seconds at Sun Oct 13 06:20:53 UTC 2019
10/13/19 06:20:55
Failed: 0  Total Tests: 1  ((Passed: 1, Newly Passed: 0)  Known Failed: 0) /home/travis/build/icyphy/ptII/ptolemy/domains/modal/test
----------------- testing (KnownFailure) /home/travis/build/icyphy/ptII/ptolemy/domains/modal/test/auto/knownFailedTests/CannotAnalysisWithPreemption.xml
151 ms. Memory: 154624K Free: 79002K (51%)
Known Failure: java.lang.reflect.InvocationTargetException
No auto/linux-amd64/*.xml tests in /home/travis/build/icyphy/ptII/ptolemy/domains/modal/test
AutoTests.java: About to close Vertx.
AutoTests.java: Vertx closed.

===========================================================================================
----------------- testing Sun Oct 13 06:20:56 UTC 2019 /home/travis/build/icyphy/ptII/ptolemy/domains/modal/test/auto/ABPTest.xml
----------------- Instantiating /home/travis/build/icyphy/ptII/ptolemy/domains/modal/test/auto/ABPTest.xml
457 ms. Memory: 154624K Free: 108288K (70%)
----------------- Invoking toplevel() on ptolemy.moml.MoMLSimpleApplication@152f1be5
----------------- Done invoking toplevel() on ptolemy.moml.MoMLSimpleApplication@152f1be5
reloadAllAccessors: .ABPTest

===========================================================================================
----------------- testing Sun Oct 13 06:20:57 UTC 2019 /home/travis/build/icyphy/ptII/ptolemy/domains/modal/test/auto/ABROFlat.xml
----------------- Instantiating /home/travis/build/icyphy/ptII/ptolemy/domains/modal/test/auto/ABROFlat.xml
31 ms. Memory: 154624K Free: 92384K (60%)
----------------- Invoking toplevel() on ptolemy.moml.MoMLSimpleApplication@63e813c1
----------------- Done invoking toplevel() on ptolemy.moml.MoMLSimpleApplication@63e813c1
reloadAllAccessors: .ABROFlat

===========================================================================================
----------------- testing Sun Oct 13 06:20:57 UTC 2019 /home/travis/build/icyphy/ptII/ptolemy/domains/modal/test/auto/ABROFlat2.xml
----------------- Instantiating /home/travis/build/icyphy/ptII/ptolemy/domains/modal/test/auto/ABROFlat2.xml
34 ms. Memory: 154624K Free: 75520K (49%)
----------------- Invoking toplevel() on ptolemy.moml.MoMLSimpleApplication@3c91597b
----------------- Done invoking toplevel() on ptolemy.moml.MoMLSimpleApplication@3c91597b
reloadAllAccessors: .ABROFlat2

===========================================================================================
----------------- testing Sun Oct 13 06:20:57 UTC 2019 /home/travis/build/icyphy/ptII/ptolemy/domains/modal/test/auto/ABRO_present_hmm.xml
----------------- Instantiating /home/travis/build/icyphy/ptII/ptolemy/domains/modal/test/auto/ABRO_present_hmm.xml
47 ms. Memory: 154624K Free: 128518K (83%)
----------------- Invoking toplevel() on ptolemy.moml.MoMLSimpleApplication@d29af72
----------------- Done invoking toplevel() on ptolemy.moml.MoMLSimpleApplication@d29af72
reloadAllAccessors: .ABRO_present_hmm

===========================================================================================
----------------- testing Sun Oct 13 06:20:57 UTC 2019 /home/travis/build/icyphy/ptII/ptolemy/domains/modal/test/auto/AMICoderExample.xml
----------------- Instantiating /home/travis/build/icyphy/ptII/ptolemy/domains/modal/test/auto/AMICoderExample.xml
55 ms. Memory: 154624K Free: 117764K (76%)
----------------- Invoking toplevel() on ptolemy.moml.MoMLSimpleApplication@5f143b5c
----------------- Done invoking toplevel() on ptolemy.moml.MoMLSimpleApplication@5f143b5c
reloadAllAccessors: .AMICoderExample

===========================================================================================
----------------- testing Sun Oct 13 06:20:57 UTC 2019 /home/travis/build/icyphy/ptII/ptolemy/domains/modal/test/auto/AbsentToPresent.xml
----------------- Instantiating /home/travis/build/icyphy/ptII/ptolemy/domains/modal/test/auto/AbsentToPresent.xml
6 ms. Memory: 154624K Free: 113158K (73%)
----------------- Invoking toplevel() on ptolemy.moml.MoMLSimpleApplication@65fad89
----------------- Done invoking toplevel() on ptolemy.moml.MoMLSimpleApplication@65fad89
reloadAllAccessors: .AbsentToPresent

===========================================================================================
----------------- testing Sun Oct 13 06:20:57 UTC 2019 /home/travis/build/icyphy/ptII/ptolemy/domains/modal/test/auto/Blending.xml
----------------- Instantiating /home/travis/build/icyphy/ptII/ptolemy/domains/modal/test/auto/Blending.xml
200 ms. Memory: 154624K Free: 68612K (44%)
----------------- Invoking toplevel() on ptolemy.moml.MoMLSimpleApplication@2bddaf9b
----------------- Done invoking toplevel() on ptolemy.moml.MoMLSimpleApplication@2bddaf9b
reloadAllAccessors: .Blending

===========================================================================================
----------------- testing Sun Oct 13 06:20:57 UTC 2019 /home/travis/build/icyphy/ptII/ptolemy/domains/modal/test/auto/Broadcast.xml
----------------- Instantiating /home/travis/build/icyphy/ptII/ptolemy/domains/modal/test/auto/Broadcast.xml
12 ms. Memory: 154624K Free: 58357K (38%)
----------------- Invoking toplevel() on ptolemy.moml.MoMLSimpleApplication@62cd5b1d
----------------- Done invoking toplevel() on ptolemy.moml.MoMLSimpleApplication@62cd5b1d
reloadAllAccessors: .Broadcast

===========================================================================================
----------------- testing Sun Oct 13 06:20:58 UTC 2019 /home/travis/build/icyphy/ptII/ptolemy/domains/modal/test/auto/BroadcastHierarchy.xml
----------------- Instantiating /home/travis/build/icyphy/ptII/ptolemy/domains/modal/test/auto/BroadcastHierarchy.xml
20 ms. Memory: 197632K Free: 174596K (88%)
----------------- Invoking toplevel() on ptolemy.moml.MoMLSimpleApplication@3c7be91e
----------------- Done invoking toplevel() on ptolemy.moml.MoMLSimpleApplication@3c7be91e
reloadAllAccessors: .BroadcastHierarchy

===========================================================================================
----------------- testing Sun Oct 13 06:20:58 UTC 2019 /home/travis/build/icyphy/ptII/ptolemy/domains/modal/test/auto/BroadcastHierarchy2.xml
----------------- Instantiating /home/travis/build/icyphy/ptII/ptolemy/domains/modal/test/auto/BroadcastHierarchy2.xml
18 ms. Memory: 197632K Free: 147462K (75%)
----------------- Invoking toplevel() on ptolemy.moml.MoMLSimpleApplication@5b4ea4ba
----------------- Done invoking toplevel() on ptolemy.moml.MoMLSimpleApplication@5b4ea4ba
reloadAllAccessors: .BroadcastHierarchy2

===========================================================================================
----------------- testing Sun Oct 13 06:20:58 UTC 2019 /home/travis/build/icyphy/ptII/ptolemy/domains/modal/test/auto/BroadcastHierarchy3.xml
----------------- Instantiating /home/travis/build/icyphy/ptII/ptolemy/domains/modal/test/auto/BroadcastHierarchy3.xml
37 ms. Memory: 197632K Free: 126982K (64%)
----------------- Invoking toplevel() on ptolemy.moml.MoMLSimpleApplication@4dcc621d
----------------- Done invoking toplevel() on ptolemy.moml.MoMLSimpleApplication@4dcc621d
reloadAllAccessors: .BroadcastHierarchy3

===========================================================================================
----------------- testing Sun Oct 13 06:20:58 UTC 2019 /home/travis/build/icyphy/ptII/ptolemy/domains/modal/test/auto/BroadcastHierarchy4.xml
----------------- Instantiating /home/travis/build/icyphy/ptII/ptolemy/domains/modal/test/auto/BroadcastHierarchy4.xml
25 ms. Memory: 197632K Free: 102916K (52%)
----------------- Invoking toplevel() on ptolemy.moml.MoMLSimpleApplication@676c364e
----------------- Done invoking toplevel() on ptolemy.moml.MoMLSimpleApplication@676c364e
reloadAllAccessors: .BroadcastHierarchy4

===========================================================================================
----------------- testing Sun Oct 13 06:20:58 UTC 2019 /home/travis/build/icyphy/ptII/ptolemy/domains/modal/test/auto/CannotAnalysisWithPreemption2.xml
----------------- Instantiating /home/travis/build/icyphy/ptII/ptolemy/domains/modal/test/auto/CannotAnalysisWithPreemption2.xml
5 ms. Memory: 197632K Free: 95733K (48%)
----------------- Invoking toplevel() on ptolemy.moml.MoMLSimpleApplication@16d5fa29
----------------- Done invoking toplevel() on ptolemy.moml.MoMLSimpleApplication@16d5fa29
reloadAllAccessors: .CannotAnalysisWithPreemption2

===========================================================================================
----------------- testing Sun Oct 13 06:20:58 UTC 2019 /home/travis/build/icyphy/ptII/ptolemy/domains/modal/test/auto/CannotAnalysisWithPreemption3.xml
----------------- Instantiating /home/travis/build/icyphy/ptII/ptolemy/domains/modal/test/auto/CannotAnalysisWithPreemption3.xml
7 ms. Memory: 197632K Free: 85477K (43%)
----------------- Invoking toplevel() on ptolemy.moml.MoMLSimpleApplication@4bf9ab35
----------------- Done invoking toplevel() on ptolemy.moml.MoMLSimpleApplication@4bf9ab35
reloadAllAccessors: .CannotAnalysisWithPreemption3

===========================================================================================
----------------- testing Sun Oct 13 06:20:58 UTC 2019 /home/travis/build/icyphy/ptII/ptolemy/domains/modal/test/auto/CannotProduce.xml
----------------- Instantiating /home/travis/build/icyphy/ptII/ptolemy/domains/modal/test/auto/CannotProduce.xml
9 ms. Memory: 197632K Free: 79349K (40%)
----------------- Invoking toplevel() on ptolemy.moml.MoMLSimpleApplication@14e51cc9
----------------- Done invoking toplevel() on ptolemy.moml.MoMLSimpleApplication@14e51cc9
reloadAllAccessors: .CannotProduce

===========================================================================================
----------------- testing Sun Oct 13 06:20:58 UTC 2019 /home/travis/build/icyphy/ptII/ptolemy/domains/modal/test/auto/CannotProduceModal.xml
----------------- Instantiating /home/travis/build/icyphy/ptII/ptolemy/domains/modal/test/auto/CannotProduceModal.xml
6 ms. Memory: 197632K Free: 174065K (88%)
----------------- Invoking toplevel() on ptolemy.moml.MoMLSimpleApplication@562510f2
----------------- Done invoking toplevel() on ptolemy.moml.MoMLSimpleApplication@562510f2
reloadAllAccessors: .CannotProduceModal

===========================================================================================
----------------- testing Sun Oct 13 06:20:58 UTC 2019 /home/travis/build/icyphy/ptII/ptolemy/domains/modal/test/auto/Case.xml
----------------- Instantiating /home/travis/build/icyphy/ptII/ptolemy/domains/modal/test/auto/Case.xml
32 ms. Memory: 197632K Free: 162833K (82%)
----------------- Invoking toplevel() on ptolemy.moml.MoMLSimpleApplication@4845bc55
----------------- Done invoking toplevel() on ptolemy.moml.MoMLSimpleApplication@4845bc55
reloadAllAccessors: .Case

===========================================================================================
----------------- testing Sun Oct 13 06:20:58 UTC 2019 /home/travis/build/icyphy/ptII/ptolemy/domains/modal/test/auto/Case1.xml
----------------- Instantiating /home/travis/build/icyphy/ptII/ptolemy/domains/modal/test/auto/Case1.xml
6 ms. Memory: 197632K Free: 155665K (79%)
----------------- Invoking toplevel() on ptolemy.moml.MoMLSimpleApplication@1c80bb80
----------------- Done invoking toplevel() on ptolemy.moml.MoMLSimpleApplication@1c80bb80
reloadAllAccessors: .Case1

===========================================================================================
----------------- testing Sun Oct 13 06:20:58 UTC 2019 /home/travis/build/icyphy/ptII/ptolemy/domains/modal/test/auto/Case2.xml
----------------- Instantiating /home/travis/build/icyphy/ptII/ptolemy/domains/modal/test/auto/Case2.xml
17 ms. Memory: 197632K Free: 144911K (73%)
----------------- Invoking toplevel() on ptolemy.moml.MoMLSimpleApplication@7d017c0c
----------------- Done invoking toplevel() on ptolemy.moml.MoMLSimpleApplication@7d017c0c
reloadAllAccessors: .Case2

===========================================================================================
----------------- testing Sun Oct 13 06:20:58 UTC 2019 /home/travis/build/icyphy/ptII/ptolemy/domains/modal/test/auto/CausalityInterface1.xml
----------------- Instantiating /home/travis/build/icyphy/ptII/ptolemy/domains/modal/test/auto/CausalityInterface1.xml
3 ms. Memory: 197632K Free: 139791K (71%)
----------------- Invoking toplevel() on ptolemy.moml.MoMLSimpleApplication@79ea8343
----------------- Done invoking toplevel() on ptolemy.moml.MoMLSimpleApplication@79ea8343
reloadAllAccessors: .CausalityInterface1

===========================================================================================
----------------- testing Sun Oct 13 06:20:58 UTC 2019 /home/travis/build/icyphy/ptII/ptolemy/domains/modal/test/auto/CausalityInterface10.xml
----------------- Instantiating /home/travis/build/icyphy/ptII/ptolemy/domains/modal/test/auto/CausalityInterface10.xml
21 ms. Memory: 197632K Free: 126465K (64%)
----------------- Invoking toplevel() on ptolemy.moml.MoMLSimpleApplication@7e9da004
----------------- Done invoking toplevel() on ptolemy.moml.MoMLSimpleApplication@7e9da004
reloadAllAccessors: .CausalityInterface10

===========================================================================================
----------------- testing Sun Oct 13 06:20:58 UTC 2019 /home/travis/build/icyphy/ptII/ptolemy/domains/modal/test/auto/CausalityInterface11.xml
----------------- Instantiating /home/travis/build/icyphy/ptII/ptolemy/domains/modal/test/auto/CausalityInterface11.xml
10 ms. Memory: 197632K Free: 113137K (57%)
----------------- Invoking toplevel() on ptolemy.moml.MoMLSimpleApplication@5c8cbacf
----------------- Done invoking toplevel() on ptolemy.moml.MoMLSimpleApplication@5c8cbacf
reloadAllAccessors: .CausalityInterface11

===========================================================================================
----------------- testing Sun Oct 13 06:20:58 UTC 2019 /home/travis/build/icyphy/ptII/ptolemy/domains/modal/test/auto/CausalityInterface12.xml
----------------- Instantiating /home/travis/build/icyphy/ptII/ptolemy/domains/modal/test/auto/CausalityInterface12.xml
8 ms. Memory: 197632K Free: 99825K (51%)
----------------- Invoking toplevel() on ptolemy.moml.MoMLSimpleApplication@7bd0740a
----------------- Done invoking toplevel() on ptolemy.moml.MoMLSimpleApplication@7bd0740a
reloadAllAccessors: .CausalityInterface12

===========================================================================================
----------------- testing Sun Oct 13 06:20:59 UTC 2019 /home/travis/build/icyphy/ptII/ptolemy/domains/modal/test/auto/CausalityInterface13.xml
----------------- Instantiating /home/travis/build/icyphy/ptII/ptolemy/domains/modal/test/auto/CausalityInterface13.xml
13 ms. Memory: 197632K Free: 86033K (44%)
----------------- Invoking toplevel() on ptolemy.moml.MoMLSimpleApplication@128d47d9
----------------- Done invoking toplevel() on ptolemy.moml.MoMLSimpleApplication@128d47d9
reloadAllAccessors: .CausalityInterface13

===========================================================================================
----------------- testing Sun Oct 13 06:20:59 UTC 2019 /home/travis/build/icyphy/ptII/ptolemy/domains/modal/test/auto/CausalityInterface14.xml
----------------- Instantiating /home/travis/build/icyphy/ptII/ptolemy/domains/modal/test/auto/CausalityInterface14.xml
10 ms. Memory: 197632K Free: 72193K (37%)
----------------- Invoking toplevel() on ptolemy.moml.MoMLSimpleApplication@4db14c31
----------------- Done invoking toplevel() on ptolemy.moml.MoMLSimpleApplication@4db14c31
reloadAllAccessors: .CausalityInterface14

===========================================================================================
----------------- testing Sun Oct 13 06:20:59 UTC 2019 /home/travis/build/icyphy/ptII/ptolemy/domains/modal/test/auto/CausalityInterface2.xml
----------------- Instantiating /home/travis/build/icyphy/ptII/ptolemy/domains/modal/test/auto/CausalityInterface2.xml
3 ms. Memory: 197632K Free: 178219K (90%)
----------------- Invoking toplevel() on ptolemy.moml.MoMLSimpleApplication@e137a45
----------------- Done invoking toplevel() on ptolemy.moml.MoMLSimpleApplication@e137a45
reloadAllAccessors: .CausalityInterface2

===========================================================================================
----------------- testing Sun Oct 13 06:20:59 UTC 2019 /home/travis/build/icyphy/ptII/ptolemy/domains/modal/test/auto/CausalityInterface3.xml
----------------- Instantiating /home/travis/build/icyphy/ptII/ptolemy/domains/modal/test/auto/CausalityInterface3.xml
3 ms. Memory: 197632K Free: 171565K (87%)
----------------- Invoking toplevel() on ptolemy.moml.MoMLSimpleApplication@2b8d3adb
----------------- Done invoking toplevel() on ptolemy.moml.MoMLSimpleApplication@2b8d3adb
reloadAllAccessors: .CausalityInterface3

===========================================================================================
----------------- testing Sun Oct 13 06:20:59 UTC 2019 /home/travis/build/icyphy/ptII/ptolemy/domains/modal/test/auto/CausalityInterface4.xml
----------------- Instantiating /home/travis/build/icyphy/ptII/ptolemy/domains/modal/test/auto/CausalityInterface4.xml
3 ms. Memory: 197632K Free: 164901K (83%)
----------------- Invoking toplevel() on ptolemy.moml.MoMLSimpleApplication@342631f7
----------------- Done invoking toplevel() on ptolemy.moml.MoMLSimpleApplication@342631f7
reloadAllAccessors: .CausalityInterface4

===========================================================================================
----------------- testing Sun Oct 13 06:20:59 UTC 2019 /home/travis/build/icyphy/ptII/ptolemy/domains/modal/test/auto/CausalityInterface5.xml
----------------- Instantiating /home/travis/build/icyphy/ptII/ptolemy/domains/modal/test/auto/CausalityInterface5.xml
14 ms. Memory: 197632K Free: 156701K (79%)
----------------- Invoking toplevel() on ptolemy.moml.MoMLSimpleApplication@146eaf40
----------------- Done invoking toplevel() on ptolemy.moml.MoMLSimpleApplication@146eaf40
reloadAllAccessors: .CausalityInterface5

===========================================================================================
----------------- testing Sun Oct 13 06:20:59 UTC 2019 /home/travis/build/icyphy/ptII/ptolemy/domains/modal/test/auto/CausalityInterface6.xml
----------------- Instantiating /home/travis/build/icyphy/ptII/ptolemy/domains/modal/test/auto/CausalityInterface6.xml
4 ms. Memory: 197632K Free: 148523K (75%)
----------------- Invoking toplevel() on ptolemy.moml.MoMLSimpleApplication@53b18e2e
----------------- Done invoking toplevel() on ptolemy.moml.MoMLSimpleApplication@53b18e2e
reloadAllAccessors: .CausalityInterface6

===========================================================================================
----------------- testing Sun Oct 13 06:20:59 UTC 2019 /home/travis/build/icyphy/ptII/ptolemy/domains/modal/test/auto/CausalityInterface7.xml
----------------- Instantiating /home/travis/build/icyphy/ptII/ptolemy/domains/modal/test/auto/CausalityInterface7.xml
7 ms. Memory: 197632K Free: 140331K (71%)
----------------- Invoking toplevel() on ptolemy.moml.MoMLSimpleApplication@153c05c6
----------------- Done invoking toplevel() on ptolemy.moml.MoMLSimpleApplication@153c05c6
reloadAllAccessors: .CausalityInterface7

===========================================================================================
----------------- testing Sun Oct 13 06:20:59 UTC 2019 /home/travis/build/icyphy/ptII/ptolemy/domains/modal/test/auto/CausalityInterface8.xml
----------------- Instantiating /home/travis/build/icyphy/ptII/ptolemy/domains/modal/test/auto/CausalityInterface8.xml
4 ms. Memory: 197632K Free: 131629K (67%)
----------------- Invoking toplevel() on ptolemy.moml.MoMLSimpleApplication@2d20e6cd
----------------- Done invoking toplevel() on ptolemy.moml.MoMLSimpleApplication@2d20e6cd
reloadAllAccessors: .CausalityInterface8

===========================================================================================
----------------- testing Sun Oct 13 06:20:59 UTC 2019 /home/travis/build/icyphy/ptII/ptolemy/domains/modal/test/auto/CausalityInterface9.xml
----------------- Instantiating /home/travis/build/icyphy/ptII/ptolemy/domains/modal/test/auto/CausalityInterface9.xml
7 ms. Memory: 197632K Free: 122413K (62%)
----------------- Invoking toplevel() on ptolemy.moml.MoMLSimpleApplication@91c57ef
----------------- Done invoking toplevel() on ptolemy.moml.MoMLSimpleApplication@91c57ef
reloadAllAccessors: .CausalityInterface9

===========================================================================================
----------------- testing Sun Oct 13 06:20:59 UTC 2019 /home/travis/build/icyphy/ptII/ptolemy/domains/modal/test/auto/ChainedTransitions.xml
----------------- Instantiating /home/travis/build/icyphy/ptII/ptolemy/domains/modal/test/auto/ChainedTransitions.xml
104 ms. Memory: 197632K Free: 97837K (50%)
----------------- Invoking toplevel() on ptolemy.moml.MoMLSimpleApplication@31ecab51
----------------- Done invoking toplevel() on ptolemy.moml.MoMLSimpleApplication@31ecab51
reloadAllAccessors: .ChainedTransitions

===========================================================================================
----------------- testing Sun Oct 13 06:20:59 UTC 2019 /home/travis/build/icyphy/ptII/ptolemy/domains/modal/test/auto/CycleOfImmediateTransitionsFSM.xml
----------------- Instantiating /home/travis/build/icyphy/ptII/ptolemy/domains/modal/test/auto/CycleOfImmediateTransitionsFSM.xml
4 ms. Memory: 197632K Free: 92203K (47%)
----------------- Invoking toplevel() on ptolemy.moml.MoMLSimpleApplication@575893b4
----------------- Done invoking toplevel() on ptolemy.moml.MoMLSimpleApplication@575893b4
reloadAllAccessors: .CycleOfImmediateTransitionsFSM

===========================================================================================
----------------- testing Sun Oct 13 06:20:59 UTC 2019 /home/travis/build/icyphy/ptII/ptolemy/domains/modal/test/auto/CycleOfImmediateTransitionsModal.xml
----------------- Instantiating /home/travis/build/icyphy/ptII/ptolemy/domains/modal/test/auto/CycleOfImmediateTransitionsModal.xml
3 ms. Memory: 197632K Free: 86059K (44%)
----------------- Invoking toplevel() on ptolemy.moml.MoMLSimpleApplication@6bb7aab2
----------------- Done invoking toplevel() on ptolemy.moml.MoMLSimpleApplication@6bb7aab2
reloadAllAccessors: .CycleOfImmediateTransitionsModal

===========================================================================================
----------------- testing Sun Oct 13 06:20:59 UTC 2019 /home/travis/build/icyphy/ptII/ptolemy/domains/modal/test/auto/CycleOfImmediateTransitionsModal2.xml
----------------- Instantiating /home/travis/build/icyphy/ptII/ptolemy/domains/modal/test/auto/CycleOfImmediateTransitionsModal2.xml
5 ms. Memory: 197632K Free: 79405K (40%)
----------------- Invoking toplevel() on ptolemy.moml.MoMLSimpleApplication@5b8d45d8
----------------- Done invoking toplevel() on ptolemy.moml.MoMLSimpleApplication@5b8d45d8
reloadAllAccessors: .CycleOfImmediateTransitionsModal2

===========================================================================================
----------------- testing Sun Oct 13 06:20:59 UTC 2019 /home/travis/build/icyphy/ptII/ptolemy/domains/modal/test/auto/CycleOfImmediateTransitionsModal3.xml
----------------- Instantiating /home/travis/build/icyphy/ptII/ptolemy/domains/modal/test/auto/CycleOfImmediateTransitionsModal3.xml
8 ms. Memory: 197632K Free: 167982K (85%)
----------------- Invoking toplevel() on ptolemy.moml.MoMLSimpleApplication@224dbd2c
----------------- Done invoking toplevel() on ptolemy.moml.MoMLSimpleApplication@224dbd2c
reloadAllAccessors: .CycleOfImmediateTransitionsModal3

===========================================================================================
----------------- testing Sun Oct 13 06:20:59 UTC 2019 /home/travis/build/icyphy/ptII/ptolemy/domains/modal/test/auto/DeepModal1.xml
----------------- Instantiating /home/travis/build/icyphy/ptII/ptolemy/domains/modal/test/auto/DeepModal1.xml
38 ms. Memory: 197632K Free: 154160K (78%)
----------------- Invoking toplevel() on ptolemy.moml.MoMLSimpleApplication@204e3cbc
----------------- Done invoking toplevel() on ptolemy.moml.MoMLSimpleApplication@204e3cbc
reloadAllAccessors: .DeepModal1

===========================================================================================
----------------- testing Sun Oct 13 06:20:59 UTC 2019 /home/travis/build/icyphy/ptII/ptolemy/domains/modal/test/auto/DeepModal2.xml
----------------- Instantiating /home/travis/build/icyphy/ptII/ptolemy/domains/modal/test/auto/DeepModal2.xml
28 ms. Memory: 197632K Free: 135214K (68%)
----------------- Invoking toplevel() on ptolemy.moml.MoMLSimpleApplication@2367a588
----------------- Done invoking toplevel() on ptolemy.moml.MoMLSimpleApplication@2367a588
reloadAllAccessors: .DeepModal2

===========================================================================================
----------------- testing Sun Oct 13 06:20:59 UTC 2019 /home/travis/build/icyphy/ptII/ptolemy/domains/modal/test/auto/DeepModal3.xml
----------------- Instantiating /home/travis/build/icyphy/ptII/ptolemy/domains/modal/test/auto/DeepModal3.xml
32 ms. Memory: 197632K Free: 115758K (59%)
----------------- Invoking toplevel() on ptolemy.moml.MoMLSimpleApplication@318cebdc
----------------- Done invoking toplevel() on ptolemy.moml.MoMLSimpleApplication@318cebdc
reloadAllAccessors: .DeepModal3

===========================================================================================
----------------- testing Sun Oct 13 06:21:00 UTC 2019 /home/travis/build/icyphy/ptII/ptolemy/domains/modal/test/auto/DeepModal4.xml
----------------- Instantiating /home/travis/build/icyphy/ptII/ptolemy/domains/modal/test/auto/DeepModal4.xml
29 ms. Memory: 197632K Free: 96302K (49%)
----------------- Invoking toplevel() on ptolemy.moml.MoMLSimpleApplication@16c4d320
----------------- Done invoking toplevel() on ptolemy.moml.MoMLSimpleApplication@16c4d320
reloadAllAccessors: .DeepModal4

===========================================================================================
----------------- testing Sun Oct 13 06:21:00 UTC 2019 /home/travis/build/icyphy/ptII/ptolemy/domains/modal/test/auto/Default1.xml
----------------- Instantiating /home/travis/build/icyphy/ptII/ptolemy/domains/modal/test/auto/Default1.xml
3 ms. Memory: 197632K Free: 90158K (46%)
----------------- Invoking toplevel() on ptolemy.moml.MoMLSimpleApplication@1eb06aae
----------------- Done invoking toplevel() on ptolemy.moml.MoMLSimpleApplication@1eb06aae
reloadAllAccessors: .Default1

===========================================================================================
----------------- testing Sun Oct 13 06:21:00 UTC 2019 /home/travis/build/icyphy/ptII/ptolemy/domains/modal/test/auto/Default2.xml
----------------- Instantiating /home/travis/build/icyphy/ptII/ptolemy/domains/modal/test/auto/Default2.xml
2 ms. Memory: 197632K Free: 84528K (43%)
----------------- Invoking toplevel() on ptolemy.moml.MoMLSimpleApplication@f047e1f
----------------- Done invoking toplevel() on ptolemy.moml.MoMLSimpleApplication@f047e1f
reloadAllAccessors: .Default2

===========================================================================================
----------------- testing Sun Oct 13 06:21:00 UTC 2019 /home/travis/build/icyphy/ptII/ptolemy/domains/modal/test/auto/Default3.xml
----------------- Instantiating /home/travis/build/icyphy/ptII/ptolemy/domains/modal/test/auto/Default3.xml
6 ms. Memory: 197632K Free: 77870K (39%)
----------------- Invoking toplevel() on ptolemy.moml.MoMLSimpleApplication@20d12dc2
----------------- Done invoking toplevel() on ptolemy.moml.MoMLSimpleApplication@20d12dc2
reloadAllAccessors: .Default3

===========================================================================================
----------------- testing Sun Oct 13 06:21:00 UTC 2019 /home/travis/build/icyphy/ptII/ptolemy/domains/modal/test/auto/Default4.xml
----------------- Instantiating /home/travis/build/icyphy/ptII/ptolemy/domains/modal/test/auto/Default4.xml
3 ms. Memory: 197632K Free: 71726K (36%)
----------------- Invoking toplevel() on ptolemy.moml.MoMLSimpleApplication@609c59a4
----------------- Done invoking toplevel() on ptolemy.moml.MoMLSimpleApplication@609c59a4
reloadAllAccessors: .Default4

===========================================================================================
----------------- testing Sun Oct 13 06:21:00 UTC 2019 /home/travis/build/icyphy/ptII/ptolemy/domains/modal/test/auto/Default5.xml
----------------- Instantiating /home/travis/build/icyphy/ptII/ptolemy/domains/modal/test/auto/Default5.xml
4 ms. Memory: 242688K Free: 220676K (91%)
----------------- Invoking toplevel() on ptolemy.moml.MoMLSimpleApplication@4d5d4e52
----------------- Done invoking toplevel() on ptolemy.moml.MoMLSimpleApplication@4d5d4e52
reloadAllAccessors: .Default5

===========================================================================================
----------------- testing Sun Oct 13 06:21:00 UTC 2019 /home/travis/build/icyphy/ptII/ptolemy/domains/modal/test/auto/EmptyGuard.xml
----------------- Instantiating /home/travis/build/icyphy/ptII/ptolemy/domains/modal/test/auto/EmptyGuard.xml
17 ms. Memory: 242688K Free: 212998K (88%)
----------------- Invoking toplevel() on ptolemy.moml.MoMLSimpleApplication@69429db
----------------- Done invoking toplevel() on ptolemy.moml.MoMLSimpleApplication@69429db
reloadAllAccessors: .EmptyGuard

===========================================================================================
----------------- testing Sun Oct 13 06:21:00 UTC 2019 /home/travis/build/icyphy/ptII/ptolemy/domains/modal/test/auto/ErrorTransition1.xml
----------------- Instantiating /home/travis/build/icyphy/ptII/ptolemy/domains/modal/test/auto/ErrorTransition1.xml
7 ms. Memory: 242688K Free: 204292K (84%)
----------------- Invoking toplevel() on ptolemy.moml.MoMLSimpleApplication@5fa3ca1f
----------------- Done invoking toplevel() on ptolemy.moml.MoMLSimpleApplication@5fa3ca1f
reloadAllAccessors: .ErrorTransition1

===========================================================================================
----------------- testing Sun Oct 13 06:21:00 UTC 2019 /home/travis/build/icyphy/ptII/ptolemy/domains/modal/test/auto/ErrorTransition10.xml
----------------- Instantiating /home/travis/build/icyphy/ptII/ptolemy/domains/modal/test/auto/ErrorTransition10.xml
13 ms. Memory: 242688K Free: 190470K (78%)
----------------- Invoking toplevel() on ptolemy.moml.MoMLSimpleApplication@2b0020be
----------------- Done invoking toplevel() on ptolemy.moml.MoMLSimpleApplication@2b0020be
reloadAllAccessors: .ErrorTransition10

===========================================================================================
----------------- testing Sun Oct 13 06:21:00 UTC 2019 /home/travis/build/icyphy/ptII/ptolemy/domains/modal/test/auto/ErrorTransition11.xml
----------------- Instantiating /home/travis/build/icyphy/ptII/ptolemy/domains/modal/test/auto/ErrorTransition11.xml
5 ms. Memory: 242688K Free: 178692K (74%)
----------------- Invoking toplevel() on ptolemy.moml.MoMLSimpleApplication@1f8ed04d
----------------- Done invoking toplevel() on ptolemy.moml.MoMLSimpleApplication@1f8ed04d
reloadAllAccessors: .ErrorTransition11

===========================================================================================
----------------- testing Sun Oct 13 06:21:00 UTC 2019 /home/travis/build/icyphy/ptII/ptolemy/domains/modal/test/auto/ErrorTransition2.xml
----------------- Instantiating /home/travis/build/icyphy/ptII/ptolemy/domains/modal/test/auto/ErrorTransition2.xml
6 ms. Memory: 242688K Free: 169476K (70%)
----------------- Invoking toplevel() on ptolemy.moml.MoMLSimpleApplication@5e4169ca
----------------- Done invoking toplevel() on ptolemy.moml.MoMLSimpleApplication@5e4169ca
reloadAllAccessors: .ErrorTransition2

===========================================================================================
----------------- testing Sun Oct 13 06:21:00 UTC 2019 /home/travis/build/icyphy/ptII/ptolemy/domains/modal/test/auto/ErrorTransition3.xml
----------------- Instantiating /home/travis/build/icyphy/ptII/ptolemy/domains/modal/test/auto/ErrorTransition3.xml
20 ms. Memory: 242688K Free: 159236K (66%)
----------------- Invoking toplevel() on ptolemy.moml.MoMLSimpleApplication@36c6cecd
----------------- Done invoking toplevel() on ptolemy.moml.MoMLSimpleApplication@36c6cecd
reloadAllAccessors: .ErrorTransition3

===========================================================================================
----------------- testing Sun Oct 13 06:21:00 UTC 2019 /home/travis/build/icyphy/ptII/ptolemy/domains/modal/test/auto/ErrorTransition4.xml
----------------- Instantiating /home/travis/build/icyphy/ptII/ptolemy/domains/modal/test/auto/ErrorTransition4.xml
12 ms. Memory: 242688K Free: 147972K (61%)
----------------- Invoking toplevel() on ptolemy.moml.MoMLSimpleApplication@a8ce351
----------------- Done invoking toplevel() on ptolemy.moml.MoMLSimpleApplication@a8ce351
reloadAllAccessors: .ErrorTransition4

===========================================================================================
----------------- testing Sun Oct 13 06:21:00 UTC 2019 /home/travis/build/icyphy/ptII/ptolemy/domains/modal/test/auto/ErrorTransition5.xml
----------------- Instantiating /home/travis/build/icyphy/ptII/ptolemy/domains/modal/test/auto/ErrorTransition5.xml
5 ms. Memory: 242688K Free: 137701K (57%)
----------------- Invoking toplevel() on ptolemy.moml.MoMLSimpleApplication@4246ed9f
----------------- Done invoking toplevel() on ptolemy.moml.MoMLSimpleApplication@4246ed9f
reloadAllAccessors: .ErrorTransition5

===========================================================================================
----------------- testing Sun Oct 13 06:21:00 UTC 2019 /home/travis/build/icyphy/ptII/ptolemy/domains/modal/test/auto/ErrorTransition6.xml
----------------- Instantiating /home/travis/build/icyphy/ptII/ptolemy/domains/modal/test/auto/ErrorTransition6.xml
10 ms. Memory: 242688K Free: 126982K (52%)
----------------- Invoking toplevel() on ptolemy.moml.MoMLSimpleApplication@1163754
----------------- Done invoking toplevel() on ptolemy.moml.MoMLSimpleApplication@1163754
reloadAllAccessors: .ErrorTransition6

===========================================================================================
----------------- testing Sun Oct 13 06:21:00 UTC 2019 /home/travis/build/icyphy/ptII/ptolemy/domains/modal/test/auto/ErrorTransition7.xml
----------------- Instantiating /home/travis/build/icyphy/ptII/ptolemy/domains/modal/test/auto/ErrorTransition7.xml
20 ms. Memory: 242688K Free: 114173K (47%)
----------------- Invoking toplevel() on ptolemy.moml.MoMLSimpleApplication@2235c8e6
----------------- Done invoking toplevel() on ptolemy.moml.MoMLSimpleApplication@2235c8e6
reloadAllAccessors: .ErrorTransition7

===========================================================================================
----------------- testing Sun Oct 13 06:21:00 UTC 2019 /home/travis/build/icyphy/ptII/ptolemy/domains/modal/test/auto/ErrorTransition8.xml
----------------- Instantiating /home/travis/build/icyphy/ptII/ptolemy/domains/modal/test/auto/ErrorTransition8.xml
22 ms. Memory: 242688K Free: 100868K (42%)
----------------- Invoking toplevel() on ptolemy.moml.MoMLSimpleApplication@2bdd4b10
----------------- Done invoking toplevel() on ptolemy.moml.MoMLSimpleApplication@2bdd4b10
reloadAllAccessors: .ErrorTransition8

===========================================================================================
----------------- testing Sun Oct 13 06:21:00 UTC 2019 /home/travis/build/icyphy/ptII/ptolemy/domains/modal/test/auto/ErrorTransition9.xml
----------------- Instantiating /home/travis/build/icyphy/ptII/ptolemy/domains/modal/test/auto/ErrorTransition9.xml
14 ms. Memory: 242688K Free: 87525K (36%)
----------------- Invoking toplevel() on ptolemy.moml.MoMLSimpleApplication@3a024b8f
----------------- Done invoking toplevel() on ptolemy.moml.MoMLSimpleApplication@3a024b8f
reloadAllAccessors: .ErrorTransition9

===========================================================================================
----------------- testing Sun Oct 13 06:21:00 UTC 2019 /home/travis/build/icyphy/ptII/ptolemy/domains/modal/test/auto/ExtendedFSM.xml
----------------- Instantiating /home/travis/build/icyphy/ptII/ptolemy/domains/modal/test/auto/ExtendedFSM.xml
7 ms. Memory: 242688K Free: 217104K (89%)
----------------- Invoking toplevel() on ptolemy.moml.MoMLSimpleApplication@2f5c2209
----------------- Done invoking toplevel() on ptolemy.moml.MoMLSimpleApplication@2f5c2209
reloadAllAccessors: .ExtendedFSM

===========================================================================================
----------------- testing Sun Oct 13 06:21:00 UTC 2019 /home/travis/build/icyphy/ptII/ptolemy/domains/modal/test/auto/FinalStates.xml
----------------- Instantiating /home/travis/build/icyphy/ptII/ptolemy/domains/modal/test/auto/FinalStates.xml
8 ms. Memory: 242688K Free: 208402K (86%)
----------------- Invoking toplevel() on ptolemy.moml.MoMLSimpleApplication@2c3b4d79
----------------- Done invoking toplevel() on ptolemy.moml.MoMLSimpleApplication@2c3b4d79
reloadAllAccessors: .FinalStates

===========================================================================================
----------------- testing Sun Oct 13 06:21:00 UTC 2019 /home/travis/build/icyphy/ptII/ptolemy/domains/modal/test/auto/FixedPointFSM.xml
----------------- Instantiating /home/travis/build/icyphy/ptII/ptolemy/domains/modal/test/auto/FixedPointFSM.xml
22 ms. Memory: 242688K Free: 193546K (80%)
----------------- Invoking toplevel() on ptolemy.moml.MoMLSimpleApplication@1f8a77fe
----------------- Done invoking toplevel() on ptolemy.moml.MoMLSimpleApplication@1f8a77fe
reloadAllAccessors: .FixedPointFSM

===========================================================================================
----------------- testing Sun Oct 13 06:21:00 UTC 2019 /home/travis/build/icyphy/ptII/ptolemy/domains/modal/test/auto/FixedPointIterationFSMActor.xml
----------------- Instantiating /home/travis/build/icyphy/ptII/ptolemy/domains/modal/test/auto/FixedPointIterationFSMActor.xml
7 ms. Memory: 242688K Free: 182802K (75%)
----------------- Invoking toplevel() on ptolemy.moml.MoMLSimpleApplication@4621e95d
----------------- Done invoking toplevel() on ptolemy.moml.MoMLSimpleApplication@4621e95d
reloadAllAccessors: .FixedPointIterationFSMActor

===========================================================================================
----------------- testing Sun Oct 13 06:21:00 UTC 2019 /home/travis/build/icyphy/ptII/ptolemy/domains/modal/test/auto/FixedPointIterationFSMActor2.xml
----------------- Instantiating /home/travis/build/icyphy/ptII/ptolemy/domains/modal/test/auto/FixedPointIterationFSMActor2.xml
16 ms. Memory: 242688K Free: 170514K (70%)
----------------- Invoking toplevel() on ptolemy.moml.MoMLSimpleApplication@37909aa7
----------------- Done invoking toplevel() on ptolemy.moml.MoMLSimpleApplication@37909aa7
reloadAllAccessors: .FixedPointIterationFSMActor2

===========================================================================================
----------------- testing Sun Oct 13 06:21:00 UTC 2019 /home/travis/build/icyphy/ptII/ptolemy/domains/modal/test/auto/ForbiddenInstantanousLoop.xml
----------------- Instantiating /home/travis/build/icyphy/ptII/ptolemy/domains/modal/test/auto/ForbiddenInstantanousLoop.xml
7 ms. Memory: 242688K Free: 158226K (65%)
----------------- Invoking toplevel() on ptolemy.moml.MoMLSimpleApplication@22c89cb1
----------------- Done invoking toplevel() on ptolemy.moml.MoMLSimpleApplication@22c89cb1
reloadAllAccessors: .ForbiddenInstantanousLoop

===========================================================================================
----------------- testing Sun Oct 13 06:21:00 UTC 2019 /home/travis/build/icyphy/ptII/ptolemy/domains/modal/test/auto/FunctionDependencyOfFSMActorTest.xml
----------------- Instantiating /home/travis/build/icyphy/ptII/ptolemy/domains/modal/test/auto/FunctionDependencyOfFSMActorTest.xml
13 ms. Memory: 242688K Free: 151058K (62%)
----------------- Invoking toplevel() on ptolemy.moml.MoMLSimpleApplication@1dfe8ff0
----------------- Done invoking toplevel() on ptolemy.moml.MoMLSimpleApplication@1dfe8ff0
reloadAllAccessors: .FunctionDependencyOfFSMActorTest

===========================================================================================
----------------- testing Sun Oct 13 06:21:01 UTC 2019 /home/travis/build/icyphy/ptII/ptolemy/domains/modal/test/auto/GuardExpression.xml
----------------- Instantiating /home/travis/build/icyphy/ptII/ptolemy/domains/modal/test/auto/GuardExpression.xml
2 ms. Memory: 242688K Free: 145938K (60%)
----------------- Invoking toplevel() on ptolemy.moml.MoMLSimpleApplication@32a36967
----------------- Done invoking toplevel() on ptolemy.moml.MoMLSimpleApplication@32a36967
reloadAllAccessors: .GuardExpression

===========================================================================================
----------------- testing Sun Oct 13 06:21:01 UTC 2019 /home/travis/build/icyphy/ptII/ptolemy/domains/modal/test/auto/GuardNotEvaluated.xml
----------------- Instantiating /home/travis/build/icyphy/ptII/ptolemy/domains/modal/test/auto/GuardNotEvaluated.xml
6 ms. Memory: 242688K Free: 137232K (57%)
----------------- Invoking toplevel() on ptolemy.moml.MoMLSimpleApplication@3c473f2b
----------------- Done invoking toplevel() on ptolemy.moml.MoMLSimpleApplication@3c473f2b
reloadAllAccessors: .GuardNotEvaluated

===========================================================================================
----------------- testing Sun Oct 13 06:21:01 UTC 2019 /home/travis/build/icyphy/ptII/ptolemy/domains/modal/test/auto/GuardNotEvaluated2.xml
----------------- Instantiating /home/travis/build/icyphy/ptII/ptolemy/domains/modal/test/auto/GuardNotEvaluated2.xml
10 ms. Memory: 242688K Free: 127506K (53%)
----------------- Invoking toplevel() on ptolemy.moml.MoMLSimpleApplication@415bd045
----------------- Done invoking toplevel() on ptolemy.moml.MoMLSimpleApplication@415bd045
reloadAllAccessors: .GuardNotEvaluated2

===========================================================================================
----------------- testing Sun Oct 13 06:21:01 UTC 2019 /home/travis/build/icyphy/ptII/ptolemy/domains/modal/test/auto/GuardOnAbsent.xml
----------------- Instantiating /home/travis/build/icyphy/ptII/ptolemy/domains/modal/test/auto/GuardOnAbsent.xml
8 ms. Memory: 242688K Free: 119818K (49%)
----------------- Invoking toplevel() on ptolemy.moml.MoMLSimpleApplication@28fa9ecd
----------------- Done invoking toplevel() on ptolemy.moml.MoMLSimpleApplication@28fa9ecd
reloadAllAccessors: .GuardOnAbsent

===========================================================================================
----------------- testing Sun Oct 13 06:21:01 UTC 2019 /home/travis/build/icyphy/ptII/ptolemy/domains/modal/test/auto/HierarchicalFSMTypeInference.xml
----------------- Instantiating /home/travis/build/icyphy/ptII/ptolemy/domains/modal/test/auto/HierarchicalFSMTypeInference.xml
5 ms. Memory: 242688K Free: 109584K (45%)
----------------- Invoking toplevel() on ptolemy.moml.MoMLSimpleApplication@4e15403d
----------------- Done invoking toplevel() on ptolemy.moml.MoMLSimpleApplication@4e15403d
reloadAllAccessors: .HierarchicalFSMTypeInference

===========================================================================================
----------------- testing Sun Oct 13 06:21:01 UTC 2019 /home/travis/build/icyphy/ptII/ptolemy/domains/modal/test/auto/Hysteresis.xml
----------------- Instantiating /home/travis/build/icyphy/ptII/ptolemy/domains/modal/test/auto/Hysteresis.xml
14 ms. Memory: 242688K Free: 96242K (40%)
----------------- Invoking toplevel() on ptolemy.moml.MoMLSimpleApplication@61b3e204
----------------- Done invoking toplevel() on ptolemy.moml.MoMLSimpleApplication@61b3e204
reloadAllAccessors: .Hysteresis

===========================================================================================
----------------- testing Sun Oct 13 06:21:01 UTC 2019 /home/travis/build/icyphy/ptII/ptolemy/domains/modal/test/auto/HysteresisWithDefault.xml
----------------- Instantiating /home/travis/build/icyphy/ptII/ptolemy/domains/modal/test/auto/HysteresisWithDefault.xml
54 ms. Memory: 242688K Free: 211921K (87%)
----------------- Invoking toplevel() on ptolemy.moml.MoMLSimpleApplication@6e506cae
----------------- Done invoking toplevel() on ptolemy.moml.MoMLSimpleApplication@6e506cae
reloadAllAccessors: .HysteresisWithDefault

===========================================================================================
----------------- testing Sun Oct 13 06:21:01 UTC 2019 /home/travis/build/icyphy/ptII/ptolemy/domains/modal/test/auto/HysteresisWithDefault2.xml
----------------- Instantiating /home/travis/build/icyphy/ptII/ptolemy/domains/modal/test/auto/HysteresisWithDefault2.xml
43 ms. Memory: 242688K Free: 181764K (75%)
----------------- Invoking toplevel() on ptolemy.moml.MoMLSimpleApplication@349eacf8
----------------- Done invoking toplevel() on ptolemy.moml.MoMLSimpleApplication@349eacf8
reloadAllAccessors: .HysteresisWithDefault2

===========================================================================================
----------------- testing Sun Oct 13 06:21:01 UTC 2019 /home/travis/build/icyphy/ptII/ptolemy/domains/modal/test/auto/ImmediateNonConstructiveness.xml
----------------- Instantiating /home/travis/build/icyphy/ptII/ptolemy/domains/modal/test/auto/ImmediateNonConstructiveness.xml
3 ms. Memory: 242688K Free: 174598K (72%)
----------------- Invoking toplevel() on ptolemy.moml.MoMLSimpleApplication@375faf1b
----------------- Done invoking toplevel() on ptolemy.moml.MoMLSimpleApplication@375faf1b
reloadAllAccessors: .ImmediateNonConstructiveness

===========================================================================================
----------------- testing Sun Oct 13 06:21:01 UTC 2019 /home/travis/build/icyphy/ptII/ptolemy/domains/modal/test/auto/ImmediateNonConstructiveness2.xml
----------------- Instantiating /home/travis/build/icyphy/ptII/ptolemy/domains/modal/test/auto/ImmediateNonConstructiveness2.xml
3 ms. Memory: 242688K Free: 167940K (69%)
----------------- Invoking toplevel() on ptolemy.moml.MoMLSimpleApplication@1a5a21b5
----------------- Done invoking toplevel() on ptolemy.moml.MoMLSimpleApplication@1a5a21b5
reloadAllAccessors: .ImmediateNonConstructiveness2

===========================================================================================
----------------- testing Sun Oct 13 06:21:01 UTC 2019 /home/travis/build/icyphy/ptII/ptolemy/domains/modal/test/auto/ImmediateTransitionReset.xml
----------------- Instantiating /home/travis/build/icyphy/ptII/ptolemy/domains/modal/test/auto/ImmediateTransitionReset.xml
7 ms. Memory: 242688K Free: 156166K (64%)
----------------- Invoking toplevel() on ptolemy.moml.MoMLSimpleApplication@d962851
----------------- Done invoking toplevel() on ptolemy.moml.MoMLSimpleApplication@d962851
reloadAllAccessors: .ImmediateTransitionReset

===========================================================================================
----------------- testing Sun Oct 13 06:21:01 UTC 2019 /home/travis/build/icyphy/ptII/ptolemy/domains/modal/test/auto/ImmediateTransitions1.xml
----------------- Instantiating /home/travis/build/icyphy/ptII/ptolemy/domains/modal/test/auto/ImmediateTransitions1.xml
2 ms. Memory: 242688K Free: 151046K (62%)
----------------- Invoking toplevel() on ptolemy.moml.MoMLSimpleApplication@536cbcbf
----------------- Done invoking toplevel() on ptolemy.moml.MoMLSimpleApplication@536cbcbf
reloadAllAccessors: .ImmediateTransitions1

===========================================================================================
----------------- testing Sun Oct 13 06:21:01 UTC 2019 /home/travis/build/icyphy/ptII/ptolemy/domains/modal/test/auto/ImmediateTransitionsInstantaneousCommunication.xml
----------------- Instantiating /home/travis/build/icyphy/ptII/ptolemy/domains/modal/test/auto/ImmediateTransitionsInstantaneousCommunication.xml
4 ms. Memory: 242688K Free: 138758K (57%)
----------------- Invoking toplevel() on ptolemy.moml.MoMLSimpleApplication@44a3edbb
----------------- Done invoking toplevel() on ptolemy.moml.MoMLSimpleApplication@44a3edbb
reloadAllAccessors: .ImmediateTransitionsInstantaneousCommunication

===========================================================================================
----------------- testing Sun Oct 13 06:21:01 UTC 2019 /home/travis/build/icyphy/ptII/ptolemy/domains/modal/test/auto/InitialImmediateTransition.xml
----------------- Instantiating /home/travis/build/icyphy/ptII/ptolemy/domains/modal/test/auto/InitialImmediateTransition.xml
7 ms. Memory: 242688K Free: 131590K (54%)
----------------- Invoking toplevel() on ptolemy.moml.MoMLSimpleApplication@45df4b2
----------------- Done invoking toplevel() on ptolemy.moml.MoMLSimpleApplication@45df4b2
reloadAllAccessors: .InitialImmediateTransition

===========================================================================================
----------------- testing Sun Oct 13 06:21:01 UTC 2019 /home/travis/build/icyphy/ptII/ptolemy/domains/modal/test/auto/InitialOutputs.xml
----------------- Instantiating /home/travis/build/icyphy/ptII/ptolemy/domains/modal/test/auto/InitialOutputs.xml
4 ms. Memory: 242688K Free: 124932K (51%)
----------------- Invoking toplevel() on ptolemy.moml.MoMLSimpleApplication@28f9a02
----------------- Done invoking toplevel() on ptolemy.moml.MoMLSimpleApplication@28f9a02
reloadAllAccessors: .InitialOutputs

===========================================================================================
----------------- testing Sun Oct 13 06:21:01 UTC 2019 /home/travis/build/icyphy/ptII/ptolemy/domains/modal/test/auto/InitialStateTransition1.xml
----------------- Instantiating /home/travis/build/icyphy/ptII/ptolemy/domains/modal/test/auto/InitialStateTransition1.xml
4 ms. Memory: 242688K Free: 117764K (49%)
----------------- Invoking toplevel() on ptolemy.moml.MoMLSimpleApplication@50e9c378
----------------- Done invoking toplevel() on ptolemy.moml.MoMLSimpleApplication@50e9c378
reloadAllAccessors: .InitialStateTransition1

===========================================================================================
----------------- testing Sun Oct 13 06:21:01 UTC 2019 /home/travis/build/icyphy/ptII/ptolemy/domains/modal/test/auto/InitialStateTransition2.xml
----------------- Instantiating /home/travis/build/icyphy/ptII/ptolemy/domains/modal/test/auto/InitialStateTransition2.xml
.InitialStateTransition2.TestExceptionAttributeNonConstructive: initialize() was not invoked, but wrapup() was.  This is unusual, but not always a problem.  For example, exporting JNLP will do this.
8 ms. Memory: 242688K Free: 110596K (46%)
----------------- Invoking toplevel() on ptolemy.moml.MoMLSimpleApplication@2426b2b0
----------------- Done invoking toplevel() on ptolemy.moml.MoMLSimpleApplication@2426b2b0
reloadAllAccessors: .InitialStateTransition2

===========================================================================================
----------------- testing Sun Oct 13 06:21:01 UTC 2019 /home/travis/build/icyphy/ptII/ptolemy/domains/modal/test/auto/InitialStateTransition3.xml
----------------- Instantiating /home/travis/build/icyphy/ptII/ptolemy/domains/modal/test/auto/InitialStateTransition3.xml
5 ms. Memory: 242688K Free: 102404K (42%)
----------------- Invoking toplevel() on ptolemy.moml.MoMLSimpleApplication@37fae12f
----------------- Done invoking toplevel() on ptolemy.moml.MoMLSimpleApplication@37fae12f
reloadAllAccessors: .InitialStateTransition3

===========================================================================================
----------------- testing Sun Oct 13 06:21:01 UTC 2019 /home/travis/build/icyphy/ptII/ptolemy/domains/modal/test/auto/InitialStateTransition4.xml
----------------- Instantiating /home/travis/build/icyphy/ptII/ptolemy/domains/modal/test/auto/InitialStateTransition4.xml
5 ms. Memory: 242688K Free: 92678K (38%)
----------------- Invoking toplevel() on ptolemy.moml.MoMLSimpleApplication@764707a3
----------------- Done invoking toplevel() on ptolemy.moml.MoMLSimpleApplication@764707a3
[...]
reloadAllAccessors: .TerminationTransition3

===========================================================================================
----------------- testing Sun Oct 13 06:21:03 UTC 2019 /home/travis/build/icyphy/ptII/ptolemy/domains/modal/test/auto/TerminationTransition4.xml
----------------- Instantiating /home/travis/build/icyphy/ptII/ptolemy/domains/modal/test/auto/TerminationTransition4.xml
3 ms. Memory: 301056K Free: 194202K (65%)
----------------- Invoking toplevel() on ptolemy.moml.MoMLSimpleApplication@392dd90d
----------------- Done invoking toplevel() on ptolemy.moml.MoMLSimpleApplication@392dd90d
reloadAllAccessors: .TerminationTransition4

===========================================================================================
----------------- testing Sun Oct 13 06:21:03 UTC 2019 /home/travis/build/icyphy/ptII/ptolemy/domains/modal/test/auto/TerminationTransition5.xml
----------------- Instantiating /home/travis/build/icyphy/ptII/ptolemy/domains/modal/test/auto/TerminationTransition5.xml
3 ms. Memory: 301056K Free: 180380K (60%)
----------------- Invoking toplevel() on ptolemy.moml.MoMLSimpleApplication@1977212d
----------------- Done invoking toplevel() on ptolemy.moml.MoMLSimpleApplication@1977212d
reloadAllAccessors: .TerminationTransition5

===========================================================================================
----------------- testing Sun Oct 13 06:21:03 UTC 2019 /home/travis/build/icyphy/ptII/ptolemy/domains/modal/test/auto/TerminationTransition6.xml
----------------- Instantiating /home/travis/build/icyphy/ptII/ptolemy/domains/modal/test/auto/TerminationTransition6.xml
2 ms. Memory: 301056K Free: 171674K (57%)
----------------- Invoking toplevel() on ptolemy.moml.MoMLSimpleApplication@628b5222
----------------- Done invoking toplevel() on ptolemy.moml.MoMLSimpleApplication@628b5222
reloadAllAccessors: .TerminationTransition6

===========================================================================================
----------------- testing Sun Oct 13 06:21:03 UTC 2019 /home/travis/build/icyphy/ptII/ptolemy/domains/modal/test/auto/TerminationTransition7.xml
----------------- Instantiating /home/travis/build/icyphy/ptII/ptolemy/domains/modal/test/auto/TerminationTransition7.xml
2 ms. Memory: 301056K Free: 162458K (54%)
----------------- Invoking toplevel() on ptolemy.moml.MoMLSimpleApplication@38e971f7
----------------- Done invoking toplevel() on ptolemy.moml.MoMLSimpleApplication@38e971f7
reloadAllAccessors: .TerminationTransition7

===========================================================================================
----------------- testing Sun Oct 13 06:21:03 UTC 2019 /home/travis/build/icyphy/ptII/ptolemy/domains/modal/test/auto/TerminationTransition8.xml
----------------- Instantiating /home/travis/build/icyphy/ptII/ptolemy/domains/modal/test/auto/TerminationTransition8.xml
2 ms. Memory: 301056K Free: 153242K (51%)
----------------- Invoking toplevel() on ptolemy.moml.MoMLSimpleApplication@22368791
----------------- Done invoking toplevel() on ptolemy.moml.MoMLSimpleApplication@22368791
reloadAllAccessors: .TerminationTransition8

===========================================================================================
----------------- testing Sun Oct 13 06:21:04 UTC 2019 /home/travis/build/icyphy/ptII/ptolemy/domains/modal/test/auto/Thermostat_NoHysteresis.xml
----------------- Instantiating /home/travis/build/icyphy/ptII/ptolemy/domains/modal/test/auto/Thermostat_NoHysteresis.xml
26 ms. Memory: 301056K Free: 128666K (43%)
----------------- Invoking toplevel() on ptolemy.moml.MoMLSimpleApplication@29d95f27
----------------- Done invoking toplevel() on ptolemy.moml.MoMLSimpleApplication@29d95f27
reloadAllAccessors: .Thermostat_NoHysteresis

===========================================================================================
----------------- testing Sun Oct 13 06:21:04 UTC 2019 /home/travis/build/icyphy/ptII/ptolemy/domains/modal/test/auto/TimedFSM.xml
----------------- Instantiating /home/travis/build/icyphy/ptII/ptolemy/domains/modal/test/auto/TimedFSM.xml
8 ms. Memory: 301056K Free: 116892K (39%)
----------------- Invoking toplevel() on ptolemy.moml.MoMLSimpleApplication@7350b7b9
----------------- Done invoking toplevel() on ptolemy.moml.MoMLSimpleApplication@7350b7b9
reloadAllAccessors: .TimedFSM

===========================================================================================
----------------- testing Sun Oct 13 06:21:04 UTC 2019 /home/travis/build/icyphy/ptII/ptolemy/domains/modal/test/auto/Timeout1.xml
----------------- Instantiating /home/travis/build/icyphy/ptII/ptolemy/domains/modal/test/auto/Timeout1.xml
3 ms. Memory: 301056K Free: 111243K (37%)
----------------- Invoking toplevel() on ptolemy.moml.MoMLSimpleApplication@61994db9
----------------- Done invoking toplevel() on ptolemy.moml.MoMLSimpleApplication@61994db9
reloadAllAccessors: .Timeout1

===========================================================================================
----------------- testing Sun Oct 13 06:21:04 UTC 2019 /home/travis/build/icyphy/ptII/ptolemy/domains/modal/test/auto/Timeout2.xml
----------------- Instantiating /home/travis/build/icyphy/ptII/ptolemy/domains/modal/test/auto/Timeout2.xml
8 ms. Memory: 301056K Free: 277705K (92%)
----------------- Invoking toplevel() on ptolemy.moml.MoMLSimpleApplication@1dff0ef2
----------------- Done invoking toplevel() on ptolemy.moml.MoMLSimpleApplication@1dff0ef2
reloadAllAccessors: .Timeout2

===========================================================================================
----------------- testing Sun Oct 13 06:21:04 UTC 2019 /home/travis/build/icyphy/ptII/ptolemy/domains/modal/test/auto/Timeout3.xml
----------------- Instantiating /home/travis/build/icyphy/ptII/ptolemy/domains/modal/test/auto/Timeout3.xml
2 ms. Memory: 301056K Free: 272585K (91%)
----------------- Invoking toplevel() on ptolemy.moml.MoMLSimpleApplication@69d2f540
----------------- Done invoking toplevel() on ptolemy.moml.MoMLSimpleApplication@69d2f540
reloadAllAccessors: .Timeout3

===========================================================================================
----------------- testing Sun Oct 13 06:21:04 UTC 2019 /home/travis/build/icyphy/ptII/ptolemy/domains/modal/test/auto/Timeout4.xml
----------------- Instantiating /home/travis/build/icyphy/ptII/ptolemy/domains/modal/test/auto/Timeout4.xml
2 ms. Memory: 301056K Free: 267465K (89%)
----------------- Invoking toplevel() on ptolemy.moml.MoMLSimpleApplication@156f5f0b
----------------- Done invoking toplevel() on ptolemy.moml.MoMLSimpleApplication@156f5f0b
reloadAllAccessors: .Timeout4

===========================================================================================
----------------- testing Sun Oct 13 06:21:04 UTC 2019 /home/travis/build/icyphy/ptII/ptolemy/domains/modal/test/auto/TransientstateModelAdvanced.xml
----------------- Instantiating /home/travis/build/icyphy/ptII/ptolemy/domains/modal/test/auto/TransientstateModelAdvanced.xml
4 ms. Memory: 301056K Free: 255177K (85%)
----------------- Invoking toplevel() on ptolemy.moml.MoMLSimpleApplication@73a0a15d
----------------- Done invoking toplevel() on ptolemy.moml.MoMLSimpleApplication@73a0a15d
reloadAllAccessors: .TransientstateModelAdvanced

===========================================================================================
----------------- testing Sun Oct 13 06:21:04 UTC 2019 /home/travis/build/icyphy/ptII/ptolemy/domains/modal/test/auto/TransientstateModelAdvanced2.xml
----------------- Instantiating /home/travis/build/icyphy/ptII/ptolemy/domains/modal/test/auto/TransientstateModelAdvanced2.xml
4 ms. Memory: 301056K Free: 240841K (80%)
----------------- Invoking toplevel() on ptolemy.moml.MoMLSimpleApplication@1b72b96d
----------------- Done invoking toplevel() on ptolemy.moml.MoMLSimpleApplication@1b72b96d
reloadAllAccessors: .transientstatemodelAdvanced

===========================================================================================
----------------- testing Sun Oct 13 06:21:04 UTC 2019 /home/travis/build/icyphy/ptII/ptolemy/domains/modal/test/auto/TransitionRefinements.xml
----------------- Instantiating /home/travis/build/icyphy/ptII/ptolemy/domains/modal/test/auto/TransitionRefinements.xml
9 ms. Memory: 301056K Free: 231096K (77%)
----------------- Invoking toplevel() on ptolemy.moml.MoMLSimpleApplication@11bad09e
----------------- Done invoking toplevel() on ptolemy.moml.MoMLSimpleApplication@11bad09e
reloadAllAccessors: .TransitionRefinements

===========================================================================================
----------------- testing Sun Oct 13 06:21:04 UTC 2019 /home/travis/build/icyphy/ptII/ptolemy/domains/modal/test/auto/TwoRefinements1.xml
----------------- Instantiating /home/travis/build/icyphy/ptII/ptolemy/domains/modal/test/auto/TwoRefinements1.xml
4 ms. Memory: 301056K Free: 221385K (74%)
----------------- Invoking toplevel() on ptolemy.moml.MoMLSimpleApplication@7ae3fb68
----------------- Done invoking toplevel() on ptolemy.moml.MoMLSimpleApplication@7ae3fb68
reloadAllAccessors: .TwoRefinements1

===========================================================================================
----------------- testing Sun Oct 13 06:21:04 UTC 2019 /home/travis/build/icyphy/ptII/ptolemy/domains/modal/test/auto/TwoRefinements2.xml
----------------- Instantiating /home/travis/build/icyphy/ptII/ptolemy/domains/modal/test/auto/TwoRefinements2.xml
3 ms. Memory: 301056K Free: 211655K (70%)
----------------- Invoking toplevel() on ptolemy.moml.MoMLSimpleApplication@32ac8e0
----------------- Done invoking toplevel() on ptolemy.moml.MoMLSimpleApplication@32ac8e0
reloadAllAccessors: .TwoRefinements2

===========================================================================================
----------------- testing Sun Oct 13 06:21:04 UTC 2019 /home/travis/build/icyphy/ptII/ptolemy/domains/modal/test/auto/WeakImmediateTransition.xml
----------------- Instantiating /home/travis/build/icyphy/ptII/ptolemy/domains/modal/test/auto/WeakImmediateTransition.xml
3 ms. Memory: 301056K Free: 202953K (67%)
----------------- Invoking toplevel() on ptolemy.moml.MoMLSimpleApplication@47d4de5d
----------------- Done invoking toplevel() on ptolemy.moml.MoMLSimpleApplication@47d4de5d
reloadAllAccessors: .WeakImmediateTransition

===========================================================================================
----------------- testing Sun Oct 13 06:21:04 UTC 2019 /home/travis/build/icyphy/ptII/ptolemy/domains/modal/test/auto/booleanSelect.xml
----------------- Instantiating /home/travis/build/icyphy/ptII/ptolemy/domains/modal/test/auto/booleanSelect.xml
39 ms. Memory: 301056K Free: 185016K (61%)
----------------- Invoking toplevel() on ptolemy.moml.MoMLSimpleApplication@1a8e4446
----------------- Done invoking toplevel() on ptolemy.moml.MoMLSimpleApplication@1a8e4446
reloadAllAccessors: .booleanSelect

===========================================================================================
----------------- testing Sun Oct 13 06:21:04 UTC 2019 /home/travis/build/icyphy/ptII/ptolemy/domains/modal/test/auto/modalChangingParams.xml
----------------- Instantiating /home/travis/build/icyphy/ptII/ptolemy/domains/modal/test/auto/modalChangingParams.xml
0
1
0
2
4
6
8
7
0
2
4
6
8
13
0
2
4
6
8
19
0
2
4
6
8
25
0
2
4
6
8
31
0
2
4
6
8
37
0
2
4
6
8
43
0
2
4
6
8
49
0
2
4
6
8
55
0
2
4
6
8
61
0
2
4
6
8
67
0
2
4
6
8
73
0
2
4
6
8
79
0
2
4
6
8
85
0
2
4
6
8
91
0
2
4
6
8
97
0
2
4
6
8
103
0
2
4
6
8
109
0
2
4
6
8
115
0
2
4
6
8
121
0
2
4
6
8
127
0
2
4
6
8
133
0
2
4
6
8
139
0
2
4
6
8
145
0
2
4
6
8
151
0
2
4
6
8
157
0
2
4
6
8
163
0
2
4
6
8
169
0
2
4
6
8
175
0
2
4
6
8
181
0
2
4
6
8
187
0
2
4
6
8
193
0
2
4
6
8
199
0
2
4
6
8
205
0
2
4
6
8
211
0
2
4
6
8
217
0
2
4
6
8
223
0
2
4
6
8
229
0
2
4
6
8
235
0
2
4
6
8
241
0
2
4
6
8
247
0
2
4
6
8
253
0
2
4
6
8
259
0
2
4
6
8
265
0
2
4
6
8
271
0
2
4
6
8
277
0
2
4
6
8
283
0
2
4
6
8
289
0
2
4
6
8
295
0
2
4
6
8
301
0
2
4
6
8
307
0
2
4
6
8
313
0
2
4
6
8
319
0
2
4
6
8
325
0
2
4
6
8
331
0
2
4
6
8
337
0
2
4
6
8
343
0
2
4
6
8
349
0
2
4
6
8
355
0
2
4
6
8
361
0
2
4
6
8
367
0
2
4
6
8
373
0
2
4
6
8
379
0
2
4
6
8
385
0
2
4
6
8
391
0
2
4
6
8
397
0
2
4
6
8
403
0
2
4
6
8
409
0
2
4
6
8
415
0
2
4
6
8
421
0
2
4
6
8
427
0
2
4
6
8
433
0
2
4
6
8
439
0
2
4
6
8
445
0
2
4
6
8
451
0
2
4
6
8
457
0
2
4
6
8
463
0
2
4
6
8
469
0
2
4
6
8
475
0
2
4
6
8
481
0
2
4
6
8
487
0
2
4
6
8
493
0
2
4
6
8
499
0
2
4
6
8
505
0
2
4
6
8
511
0
2
4
6
8
517
0
2
4
6
8
523
0
2
4
6
8
529
0
2
4
6
8
535
0
2
4
6
8
541
0
2
4
6
8
547
0
2
4
6
8
553
0
2
4
6
8
559
0
2
4
6
8
565
0
2
4
6
8
571
0
2
4
6
8
577
0
2
4
6
8
583
0
2
4
6
8
589
0
2
4
6
8
595
0
2
4
6
8
601
0
2
4
6
8
607
0
2
4
6
8
613
0
2
4
6
8
619
0
2
4
6
8
625
0
2
4
6
8
631
0
2
4
6
8
637
0
2
4
6
8
643
0
2
4
6
8
649
0
2
4
6
8
655
0
2
4
6
8
661
0
2
4
6
8
667
0
2
4
6
8
673
0
2
4
6
8
679
0
2
4
6
8
685
0
2
4
6
8
691
0
2
4
6
8
697
0
2
4
6
8
703
0
2
4
6
8
709
0
2
4
6
8
715
0
2
4
6
8
721
0
2
4
6
8
727
0
2
4
6
8
733
0
2
4
6
8
739
0
2
4
6
8
745
0
2
4
6
8
751
0
2
4
6
8
757
0
2
4
6
8
763
0
2
4
6
8
769
0
2
4
6
8
775
0
2
4
6
8
781
0
2
4
6
8
787
0
2
4
6
8
793
0
2
4
6
8
799
0
2
4
6
8
805
0
2
4
6
8
811
0
2
4
6
8
817
0
2
4
6
8
823
0
2
4
6
8
829
0
2
4
6
8
835
0
2
4
6
8
841
0
2
4
6
8
847
0
2
4
6
8
853
0
2
4
6
8
859
0
2
4
6
8
865
0
2
4
6
8
871
0
2
4
6
8
877
0
2
4
6
8
883
0
2
4
6
8
889
0
2
4
6
8
895
0
2
4
6
8
901
0
2
4
6
8
907
0
2
4
6
8
913
0
2
4
6
8
919
0
2
4
6
8
925
0
2
4
6
8
931
0
2
4
6
8
937
0
2
4
6
8
943
0
2
4
6
8
949
0
2
4
6
8
955
0
2
4
6
8
961
0
2
4
6
8
967
0
2
4
6
8
973
0
2
4
6
8
979
0
2
4
6
8
985
0
2
4
6
8
991
0
2
4
6
8
997
0
2
320 ms. Memory: 387072K Free: 332262K (86%)
----------------- Invoking toplevel() on ptolemy.moml.MoMLSimpleApplication@21313f7c
----------------- Done invoking toplevel() on ptolemy.moml.MoMLSimpleApplication@21313f7c
reloadAllAccessors: .modalChangingParams

===========================================================================================
----------------- testing Sun Oct 13 06:21:04 UTC 2019 /home/travis/build/icyphy/ptII/ptolemy/domains/modal/test/auto/modalModel.xml
----------------- Instantiating /home/travis/build/icyphy/ptII/ptolemy/domains/modal/test/auto/modalModel.xml
17 ms. Memory: 387072K Free: 323030K (83%)
----------------- Invoking toplevel() on ptolemy.moml.MoMLSimpleApplication@3b66c663
----------------- Done invoking toplevel() on ptolemy.moml.MoMLSimpleApplication@3b66c663
reloadAllAccessors: .modalModel

===========================================================================================
----------------- testing Sun Oct 13 06:21:04 UTC 2019 /home/travis/build/icyphy/ptII/ptolemy/domains/modal/test/auto/modalModel2.xml
----------------- Instantiating /home/travis/build/icyphy/ptII/ptolemy/domains/modal/test/auto/modalModel2.xml
15 ms. Memory: 387072K Free: 312310K (81%)
----------------- Invoking toplevel() on ptolemy.moml.MoMLSimpleApplication@4fd34c2e
----------------- Done invoking toplevel() on ptolemy.moml.MoMLSimpleApplication@4fd34c2e
reloadAllAccessors: .modalModel2

===========================================================================================
----------------- testing Sun Oct 13 06:21:04 UTC 2019 /home/travis/build/icyphy/ptII/ptolemy/domains/modal/test/auto/modalModel3.xml
----------------- Instantiating /home/travis/build/icyphy/ptII/ptolemy/domains/modal/test/auto/modalModel3.xml
0	0	0
3	2	1
6	4	2
9	6	3
4	0	4
7	2	5
10	4	6
13	6	7
8	0	8
11	2	9
14	4	10
17	6	11
12	0	12
15	2	13
18	4	14
30 ms. Memory: 387072K Free: 297446K (77%)
----------------- Invoking toplevel() on ptolemy.moml.MoMLSimpleApplication@5799fe78
----------------- Done invoking toplevel() on ptolemy.moml.MoMLSimpleApplication@5799fe78
reloadAllAccessors: .modalModel3

===========================================================================================
----------------- testing Sun Oct 13 06:21:05 UTC 2019 /home/travis/build/icyphy/ptII/ptolemy/domains/modal/test/auto/model1.xml
----------------- Instantiating /home/travis/build/icyphy/ptII/ptolemy/domains/modal/test/auto/model1.xml
14 ms. Memory: 387072K Free: 291830K (75%)
----------------- Invoking toplevel() on ptolemy.moml.MoMLSimpleApplication@272c3d92
----------------- Done invoking toplevel() on ptolemy.moml.MoMLSimpleApplication@272c3d92
reloadAllAccessors: .model1

===========================================================================================
----------------- testing Sun Oct 13 06:21:05 UTC 2019 /home/travis/build/icyphy/ptII/ptolemy/domains/modal/test/auto/test-direct-in-out.xml
----------------- Instantiating /home/travis/build/icyphy/ptII/ptolemy/domains/modal/test/auto/test-direct-in-out.xml
7 ms. Memory: 387072K Free: 284142K (73%)
----------------- Invoking toplevel() on ptolemy.moml.MoMLSimpleApplication@1a819384
----------------- Done invoking toplevel() on ptolemy.moml.MoMLSimpleApplication@1a819384
reloadAllAccessors: .test-direct-in-out
AutoTests.java: About to close Vertx.
AutoTests.java: Vertx closed.
]]></system-out>
  <system-err><![CDATA[java.lang.RuntimeException: Execution failed
	at ptolemy.moml.MoMLSimpleApplication$UnloadThread.run(MoMLSimpleApplication.java:402)
Caused by: ptolemy.kernel.util.IllegalActionException: Unknown inputs remain. Possible causality loop:
L_model_1893289564i

  in .CannotAnalysisWithPreemption.model_1893289564_region_1 and .CannotAnalysisWithPreemption.model_1893289564_region_1.L_model_1893289564i
	at ptolemy.actor.sched.FixedPointDirector.postfire(FixedPointDirector.java:515)
	at ptolemy.domains.sr.kernel.SRDirector.postfire(SRDirector.java:417)
	at ptolemy.actor.CompositeActor.postfire(CompositeActor.java:1668)
	at ptolemy.actor.Manager.iterate(Manager.java:852)
	at ptolemy.actor.Manager.execute(Manager.java:369)
	at ptolemy.actor.Manager.run(Manager.java:1263)
	at ptolemy.actor.Manager$PtolemyRunThread.run(Manager.java:1933)
java.lang.reflect.InvocationTargetException
	at java.base/jdk.internal.reflect.NativeConstructorAccessorImpl.newInstance0(Native Method)
	at java.base/jdk.internal.reflect.NativeConstructorAccessorImpl.newInstance(NativeConstructorAccessorImpl.java:62)
	at java.base/jdk.internal.reflect.DelegatingConstructorAccessorImpl.newInstance(DelegatingConstructorAccessorImpl.java:45)
	at java.base/java.lang.reflect.Constructor.newInstance(Constructor.java:490)
	at ptolemy.util.test.junit.AutoKnownFailedTests.RunModel(AutoKnownFailedTests.java:105)
	at java.base/jdk.internal.reflect.NativeMethodAccessorImpl.invoke0(Native Method)
	at java.base/jdk.internal.reflect.NativeMethodAccessorImpl.invoke(NativeMethodAccessorImpl.java:62)
	at java.base/jdk.internal.reflect.DelegatingMethodAccessorImpl.invoke(DelegatingMethodAccessorImpl.java:43)
	at java.base/java.lang.reflect.Method.invoke(Method.java:566)
	at org.junit.runners.model.FrameworkMethod$1.runReflectiveCall(FrameworkMethod.java:44)
	at org.junit.internal.runners.model.ReflectiveCallable.run(ReflectiveCallable.java:15)
	at org.junit.runners.model.FrameworkMethod.invokeExplosively(FrameworkMethod.java:41)
	at junitparams.internal.InvokeParameterisedMethod.evaluate(InvokeParameterisedMethod.java:102)
	at org.junit.internal.runners.statements.FailOnTimeout$1.run(FailOnTimeout.java:28)
Caused by: ptolemy.kernel.util.IllegalActionException: Unknown inputs remain. Possible causality loop:
L_model_1893289564i

  in .CannotAnalysisWithPreemption.model_1893289564_region_1 and .CannotAnalysisWithPreemption.model_1893289564_region_1.L_model_1893289564i
	at ptolemy.actor.sched.FixedPointDirector.postfire(FixedPointDirector.java:515)
	at ptolemy.domains.sr.kernel.SRDirector.postfire(SRDirector.java:417)
	at ptolemy.actor.CompositeActor.postfire(CompositeActor.java:1668)
	at ptolemy.actor.Manager.iterate(Manager.java:852)
	at ptolemy.actor.Manager.execute(Manager.java:369)
	at ptolemy.actor.Manager.run(Manager.java:1263)
	at ptolemy.actor.Manager$PtolemyRunThread.run(Manager.java:1933)
]]></system-err>
</testsuite>
