<?xml version="1.0" encoding="UTF-8" ?>
<testsuite errors="0" failures="0" hostname="travis-job-532556be-fee6-4842-ae4b-8c069eda2d7f" name="ptolemy.domains.sdf.lib.test.junit.JUnitTclTest" skipped="0" tests="82" time="8.242" timestamp="2019-12-21T06:47:57">
  <properties>
[...]
</properties>
  <testcase classname="ptolemy.util.test.junit.TclTests" name="[0] /home/travis/build/icyphy/ptII/ptolemy/domains/sdf/lib/test/ArrayToSequence.tcl (RunTclFile)" time="0.649" />
  <testcase classname="ptolemy.util.test.junit.TclTests" name="[1] /home/travis/build/icyphy/ptII/ptolemy/domains/sdf/lib/test/BitsToInt.tcl (RunTclFile)" time="0.068" />
  <testcase classname="ptolemy.util.test.junit.TclTests" name="[2] /home/travis/build/icyphy/ptII/ptolemy/domains/sdf/lib/test/DelayLine.tcl (RunTclFile)" time="0.041" />
  <testcase classname="ptolemy.util.test.junit.TclTests" name="[3] /home/travis/build/icyphy/ptII/ptolemy/domains/sdf/lib/test/FFT.tcl (RunTclFile)" time="0.017" />
  <testcase classname="ptolemy.util.test.junit.TclTests" name="[4] /home/travis/build/icyphy/ptII/ptolemy/domains/sdf/lib/test/FIR.tcl (RunTclFile)" time="0.196" />
  <testcase classname="ptolemy.util.test.junit.TclTests" name="[5] /home/travis/build/icyphy/ptII/ptolemy/domains/sdf/lib/test/IntToBits.tcl (RunTclFile)" time="0.043" />
  <testcase classname="ptolemy.util.test.junit.TclTests" name="[6] /home/travis/build/icyphy/ptII/ptolemy/domains/sdf/lib/test/MaximumEntropySpectrum.tcl (RunTclFile)" time="0.228" />
  <testcase classname="ptolemy.util.test.junit.TclTests" name="[7] /home/travis/build/icyphy/ptII/ptolemy/domains/sdf/lib/test/Repeat.tcl (RunTclFile)" time="0.032" />
  <testcase classname="ptolemy.util.test.junit.TclTests" name="[8] /home/travis/build/icyphy/ptII/ptolemy/domains/sdf/lib/test/SampleDelay.tcl (RunTclFile)" time="0.075" />
  <testcase classname="ptolemy.util.test.junit.TclTests" name="[9] /home/travis/build/icyphy/ptII/ptolemy/domains/sdf/lib/test/SequenceToArray.tcl (RunTclFile)" time="0.048" />
  <testcase classname="ptolemy.util.test.junit.AutoKnownFailedTests" name="[0] ThereAreNoKnowFailedTests (RunModel)" time="0.005" />
  <testcase classname="ptolemy.util.test.junit.AutoNameArchTests" name="[0] ThereAreNoAutoArchTests (RunModel)" time="0.004" />
  <testcase classname="ptolemy.util.test.junit.AutoTests" name="[0] /home/travis/build/icyphy/ptII/ptolemy/domains/sdf/lib/test/auto/ArrayToSequence.xml (RunModel)" time="0.206" />
  <testcase classname="ptolemy.util.test.junit.AutoTests" name="[1] /home/travis/build/icyphy/ptII/ptolemy/domains/sdf/lib/test/auto/ArrayToSequenceTest.xml (RunModel)" time="0.082" />
  <testcase classname="ptolemy.util.test.junit.AutoTests" name="[2] /home/travis/build/icyphy/ptII/ptolemy/domains/sdf/lib/test/auto/Autocorrelation.xml (RunModel)" time="0.054" />
  <testcase classname="ptolemy.util.test.junit.AutoTests" name="[3] /home/travis/build/icyphy/ptII/ptolemy/domains/sdf/lib/test/auto/Autocorrelation2.xml (RunModel)" time="0.044" />
  <testcase classname="ptolemy.util.test.junit.AutoTests" name="[4] /home/travis/build/icyphy/ptII/ptolemy/domains/sdf/lib/test/auto/Autocorrelation3.xml (RunModel)" time="0.044" />
  <testcase classname="ptolemy.util.test.junit.AutoTests" name="[5] /home/travis/build/icyphy/ptII/ptolemy/domains/sdf/lib/test/auto/Autocorrelation4.xml (RunModel)" time="0.037" />
  <testcase classname="ptolemy.util.test.junit.AutoTests" name="[6] /home/travis/build/icyphy/ptII/ptolemy/domains/sdf/lib/test/auto/Autocorrelation5.xml (RunModel)" time="0.111" />
  <testcase classname="ptolemy.util.test.junit.AutoTests" name="[7] /home/travis/build/icyphy/ptII/ptolemy/domains/sdf/lib/test/auto/BitsToInt.xml (RunModel)" time="0.032" />
  <testcase classname="ptolemy.util.test.junit.AutoTests" name="[8] /home/travis/build/icyphy/ptII/ptolemy/domains/sdf/lib/test/auto/BooleanJoin.xml (RunModel)" time="0.036" />
  <testcase classname="ptolemy.util.test.junit.AutoTests" name="[9] /home/travis/build/icyphy/ptII/ptolemy/domains/sdf/lib/test/auto/BootstrapSampleDelay.xml (RunModel)" time="0.039" />
  <testcase classname="ptolemy.util.test.junit.AutoTests" name="[10] /home/travis/build/icyphy/ptII/ptolemy/domains/sdf/lib/test/auto/Chop.xml (RunModel)" time="0.071" />
  <testcase classname="ptolemy.util.test.junit.AutoTests" name="[11] /home/travis/build/icyphy/ptII/ptolemy/domains/sdf/lib/test/auto/Chop2.xml (RunModel)" time="0.061" />
  <testcase classname="ptolemy.util.test.junit.AutoTests" name="[12] /home/travis/build/icyphy/ptII/ptolemy/domains/sdf/lib/test/auto/ComplexJoin.xml (RunModel)" time="0.045" />
  <testcase classname="ptolemy.util.test.junit.AutoTests" name="[13] /home/travis/build/icyphy/ptII/ptolemy/domains/sdf/lib/test/auto/CountTrues.xml (RunModel)" time="0.032" />
  <testcase classname="ptolemy.util.test.junit.AutoTests" name="[14] /home/travis/build/icyphy/ptII/ptolemy/domains/sdf/lib/test/auto/DelayLine.xml (RunModel)" time="0.055" />
  <testcase classname="ptolemy.util.test.junit.AutoTests" name="[15] /home/travis/build/icyphy/ptII/ptolemy/domains/sdf/lib/test/auto/DotProduct.xml (RunModel)" time="0.024" />
  <testcase classname="ptolemy.util.test.junit.AutoTests" name="[16] /home/travis/build/icyphy/ptII/ptolemy/domains/sdf/lib/test/auto/DotProductMatrix.xml (RunModel)" time="0.015" />
  <testcase classname="ptolemy.util.test.junit.AutoTests" name="[17] /home/travis/build/icyphy/ptII/ptolemy/domains/sdf/lib/test/auto/DownSample1.xml (RunModel)" time="0.023" />
  <testcase classname="ptolemy.util.test.junit.AutoTests" name="[18] /home/travis/build/icyphy/ptII/ptolemy/domains/sdf/lib/test/auto/DynamicRateChange.xml (RunModel)" time="0.025" />
  <testcase classname="ptolemy.util.test.junit.AutoTests" name="[19] /home/travis/build/icyphy/ptII/ptolemy/domains/sdf/lib/test/auto/DynamicRates.xml (RunModel)" time="0.03" />
  <testcase classname="ptolemy.util.test.junit.AutoTests" name="[20] /home/travis/build/icyphy/ptII/ptolemy/domains/sdf/lib/test/auto/FFT1.xml (RunModel)" time="0.027" />
  <testcase classname="ptolemy.util.test.junit.AutoTests" name="[21] /home/travis/build/icyphy/ptII/ptolemy/domains/sdf/lib/test/auto/FIR1.xml (RunModel)" time="0.05" />
  <testcase classname="ptolemy.util.test.junit.AutoTests" name="[22] /home/travis/build/icyphy/ptII/ptolemy/domains/sdf/lib/test/auto/FIR2.xml (RunModel)" time="0.023" />
  <testcase classname="ptolemy.util.test.junit.AutoTests" name="[23] /home/travis/build/icyphy/ptII/ptolemy/domains/sdf/lib/test/auto/FIR4.xml (RunModel)" time="0.047" />
  <testcase classname="ptolemy.util.test.junit.AutoTests" name="[24] /home/travis/build/icyphy/ptII/ptolemy/domains/sdf/lib/test/auto/FixJoin.xml (RunModel)" time="0.043" />
  <testcase classname="ptolemy.util.test.junit.AutoTests" name="[25] /home/travis/build/icyphy/ptII/ptolemy/domains/sdf/lib/test/auto/IntJoin1.xml (RunModel)" time="0.018" />
  <testcase classname="ptolemy.util.test.junit.AutoTests" name="[26] /home/travis/build/icyphy/ptII/ptolemy/domains/sdf/lib/test/auto/IntJoin2.xml (RunModel)" time="0.022" />
  <testcase classname="ptolemy.util.test.junit.AutoTests" name="[27] /home/travis/build/icyphy/ptII/ptolemy/domains/sdf/lib/test/auto/IntJoin3.xml (RunModel)" time="0.023" />
  <testcase classname="ptolemy.util.test.junit.AutoTests" name="[28] /home/travis/build/icyphy/ptII/ptolemy/domains/sdf/lib/test/auto/IntJoin4.xml (RunModel)" time="0.029" />
  <testcase classname="ptolemy.util.test.junit.AutoTests" name="[29] /home/travis/build/icyphy/ptII/ptolemy/domains/sdf/lib/test/auto/IntJoin5.xml (RunModel)" time="0.021" />
  <testcase classname="ptolemy.util.test.junit.AutoTests" name="[30] /home/travis/build/icyphy/ptII/ptolemy/domains/sdf/lib/test/auto/IntToBits.xml (RunModel)" time="0.025" />
  <testcase classname="ptolemy.util.test.junit.AutoTests" name="[31] /home/travis/build/icyphy/ptII/ptolemy/domains/sdf/lib/test/auto/LMSAdaptive.xml (RunModel)" time="0.078" />
  <testcase classname="ptolemy.util.test.junit.AutoTests" name="[32] /home/travis/build/icyphy/ptII/ptolemy/domains/sdf/lib/test/auto/LMSAdaptiveFIR.xml (RunModel)" time="0.35" />
  <testcase classname="ptolemy.util.test.junit.AutoTests" name="[33] /home/travis/build/icyphy/ptII/ptolemy/domains/sdf/lib/test/auto/LMSAdaptiveFIR2.xml (RunModel)" time="0.441" />
  <testcase classname="ptolemy.util.test.junit.AutoTests" name="[34] /home/travis/build/icyphy/ptII/ptolemy/domains/sdf/lib/test/auto/LongJoin.xml (RunModel)" time="0.037" />
  <testcase classname="ptolemy.util.test.junit.AutoTests" name="[35] /home/travis/build/icyphy/ptII/ptolemy/domains/sdf/lib/test/auto/Matrix1.xml (RunModel)" time="0.029" />
  <testcase classname="ptolemy.util.test.junit.AutoTests" name="[36] /home/travis/build/icyphy/ptII/ptolemy/domains/sdf/lib/test/auto/Matrix2.xml (RunModel)" time="0.023" />
  <testcase classname="ptolemy.util.test.junit.AutoTests" name="[37] /home/travis/build/icyphy/ptII/ptolemy/domains/sdf/lib/test/auto/MatrixJoin1.xml (RunModel)" time="0.028" />
  <testcase classname="ptolemy.util.test.junit.AutoTests" name="[38] /home/travis/build/icyphy/ptII/ptolemy/domains/sdf/lib/test/auto/MatrixJoin2.xml (RunModel)" time="0.028" />
  <testcase classname="ptolemy.util.test.junit.AutoTests" name="[39] /home/travis/build/icyphy/ptII/ptolemy/domains/sdf/lib/test/auto/MatrixJoin3.xml (RunModel)" time="0.02" />
  <testcase classname="ptolemy.util.test.junit.AutoTests" name="[40] /home/travis/build/icyphy/ptII/ptolemy/domains/sdf/lib/test/auto/MatrixJoin4.xml (RunModel)" time="0.015" />
  <testcase classname="ptolemy.util.test.junit.AutoTests" name="[41] /home/travis/build/icyphy/ptII/ptolemy/domains/sdf/lib/test/auto/MatrixJoin5.xml (RunModel)" time="0.017" />
  <testcase classname="ptolemy.util.test.junit.AutoTests" name="[42] /home/travis/build/icyphy/ptII/ptolemy/domains/sdf/lib/test/auto/MatrixSplit1.xml (RunModel)" time="0.025" />
  <testcase classname="ptolemy.util.test.junit.AutoTests" name="[43] /home/travis/build/icyphy/ptII/ptolemy/domains/sdf/lib/test/auto/MatrixSplit10.xml (RunModel)" time="0.013" />
  <testcase classname="ptolemy.util.test.junit.AutoTests" name="[44] /home/travis/build/icyphy/ptII/ptolemy/domains/sdf/lib/test/auto/MatrixSplit11.xml (RunModel)" time="0.01" />
  <testcase classname="ptolemy.util.test.junit.AutoTests" name="[45] /home/travis/build/icyphy/ptII/ptolemy/domains/sdf/lib/test/auto/MatrixSplit12.xml (RunModel)" time="0.016" />
  <testcase classname="ptolemy.util.test.junit.AutoTests" name="[46] /home/travis/build/icyphy/ptII/ptolemy/domains/sdf/lib/test/auto/MatrixSplit13.xml (RunModel)" time="0.02" />
  <testcase classname="ptolemy.util.test.junit.AutoTests" name="[47] /home/travis/build/icyphy/ptII/ptolemy/domains/sdf/lib/test/auto/MatrixSplit14.xml (RunModel)" time="0.013" />
  <testcase classname="ptolemy.util.test.junit.AutoTests" name="[48] /home/travis/build/icyphy/ptII/ptolemy/domains/sdf/lib/test/auto/MatrixSplit2.xml (RunModel)" time="0.01" />
  <testcase classname="ptolemy.util.test.junit.AutoTests" name="[49] /home/travis/build/icyphy/ptII/ptolemy/domains/sdf/lib/test/auto/MatrixSplit3.xml (RunModel)" time="0.01" />
  <testcase classname="ptolemy.util.test.junit.AutoTests" name="[50] /home/travis/build/icyphy/ptII/ptolemy/domains/sdf/lib/test/auto/MatrixSplit4.xml (RunModel)" time="0.012" />
  <testcase classname="ptolemy.util.test.junit.AutoTests" name="[51] /home/travis/build/icyphy/ptII/ptolemy/domains/sdf/lib/test/auto/MatrixSplit5.xml (RunModel)" time="0.019" />
  <testcase classname="ptolemy.util.test.junit.AutoTests" name="[52] /home/travis/build/icyphy/ptII/ptolemy/domains/sdf/lib/test/auto/MatrixSplit6.xml (RunModel)" time="0.012" />
  <testcase classname="ptolemy.util.test.junit.AutoTests" name="[53] /home/travis/build/icyphy/ptII/ptolemy/domains/sdf/lib/test/auto/MatrixSplit7.xml (RunModel)" time="0.01" />
  <testcase classname="ptolemy.util.test.junit.AutoTests" name="[54] /home/travis/build/icyphy/ptII/ptolemy/domains/sdf/lib/test/auto/MatrixSplit8.xml (RunModel)" time="0.012" />
  <testcase classname="ptolemy.util.test.junit.AutoTests" name="[55] /home/travis/build/icyphy/ptII/ptolemy/domains/sdf/lib/test/auto/MatrixSplit9.xml (RunModel)" time="0.023" />
  <testcase classname="ptolemy.util.test.junit.AutoTests" name="[56] /home/travis/build/icyphy/ptII/ptolemy/domains/sdf/lib/test/auto/MatrixToSequence.xml (RunModel)" time="0.036" />
  <testcase classname="ptolemy.util.test.junit.AutoTests" name="[57] /home/travis/build/icyphy/ptII/ptolemy/domains/sdf/lib/test/auto/MaximumEntropySpectrum.xml (RunModel)" time="0.087" />
  <testcase classname="ptolemy.util.test.junit.AutoTests" name="[58] /home/travis/build/icyphy/ptII/ptolemy/domains/sdf/lib/test/auto/SampleDelayConversion.xml (RunModel)" time="0.015" />
  <testcase classname="ptolemy.util.test.junit.AutoTests" name="[59] /home/travis/build/icyphy/ptII/ptolemy/domains/sdf/lib/test/auto/SequenceToArray.xml (RunModel)" time="0.033" />
  <testcase classname="ptolemy.util.test.junit.AutoTests" name="[60] /home/travis/build/icyphy/ptII/ptolemy/domains/sdf/lib/test/auto/SequenceToMatrix.xml (RunModel)" time="3.135" />
  <testcase classname="ptolemy.util.test.junit.AutoTests" name="[61] /home/travis/build/icyphy/ptII/ptolemy/domains/sdf/lib/test/auto/SmoothedPeriodogram.xml (RunModel)" time="0.047" />
  <testcase classname="ptolemy.util.test.junit.AutoTests" name="[62] /home/travis/build/icyphy/ptII/ptolemy/domains/sdf/lib/test/auto/UpDownSample1.xml (RunModel)" time="0.015" />
  <testcase classname="ptolemy.util.test.junit.AutoTests" name="[63] /home/travis/build/icyphy/ptII/ptolemy/domains/sdf/lib/test/auto/UpSample1.xml (RunModel)" time="0.015" />
  <testcase classname="ptolemy.util.test.junit.AutoTests" name="[64] /home/travis/build/icyphy/ptII/ptolemy/domains/sdf/lib/test/auto/VariableFIR.xml (RunModel)" time="0.018" />
  <testcase classname="ptolemy.util.test.junit.AutoTests" name="[65] /home/travis/build/icyphy/ptII/ptolemy/domains/sdf/lib/test/auto/VariableFIR2.xml (RunModel)" time="0.016" />
  <testcase classname="ptolemy.util.test.junit.AutoTests" name="[66] /home/travis/build/icyphy/ptII/ptolemy/domains/sdf/lib/test/auto/VariableLattice.xml (RunModel)" time="0.02" />
  <testcase classname="ptolemy.util.test.junit.AutoTests" name="[67] /home/travis/build/icyphy/ptII/ptolemy/domains/sdf/lib/test/auto/VariableLattice2.xml (RunModel)" time="0.014" />
  <testcase classname="ptolemy.util.test.junit.AutoTests" name="[68] /home/travis/build/icyphy/ptII/ptolemy/domains/sdf/lib/test/auto/VariableRecursiveLattice.xml (RunModel)" time="0.012" />
  <testcase classname="ptolemy.util.test.junit.AutoTests" name="[69] /home/travis/build/icyphy/ptII/ptolemy/domains/sdf/lib/test/auto/VariableRecursiveLattice2.xml (RunModel)" time="0.01" />
  <system-out><![CDATA[/home/travis/build/icyphy/ptII/ptolemy/domains/sdf/lib/test/ArrayToSequence.tcl
testDefs.tcl: setting time out to 9000 seconds at Sat Dec 21 06:47:58 UTC 2019
95 ms. Memory: 129024K Free: 95686K (74%)
21 ms. Memory: 129024K Free: 93638K (73%)
20 ms. Memory: 129024K Free: 91575K (71%)
19 ms. Memory: 129024K Free: 90056K (70%)
/home/travis/build/icyphy/ptII/ptolemy/domains/sdf/lib/test/BitsToInt.tcl
25 ms. Memory: 129024K Free: 88487K (69%)
9 ms. Memory: 129024K Free: 86439K (67%)
/home/travis/build/icyphy/ptII/ptolemy/domains/sdf/lib/test/DelayLine.tcl
18 ms. Memory: 129024K Free: 84936K (66%)
/home/travis/build/icyphy/ptII/ptolemy/domains/sdf/lib/test/FFT.tcl
5 ms. Memory: 129024K Free: 82888K (64%)
/home/travis/build/icyphy/ptII/ptolemy/domains/sdf/lib/test/FIR.tcl
16 ms. Memory: 129024K Free: 81350K (63%)
80 ms. Memory: 129024K Free: 76744K (59%)
ptolemy.kernel.util.IllegalActionException: multiplyReverse method not supported between ptolemy.data.FixToken 'fix(-0.0625,6,2)' and ptolemy.data.IntToken '1' because the types are incomparable.
  in .top.FIRclone
Because:
multiplyReverse method not supported between ptolemy.data.FixToken 'fix(-0.0625,6,2)' and ptolemy.data.IntToken '1' because the types are incomparable.
34 ms. Memory: 129024K Free: 74696K (58%)
/home/travis/build/icyphy/ptII/ptolemy/domains/sdf/lib/test/IntToBits.tcl
9 ms. Memory: 129024K Free: 73143K (57%)
12 ms. Memory: 129024K Free: 71624K (56%)
/home/travis/build/icyphy/ptII/ptolemy/domains/sdf/lib/test/MaximumEntropySpectrum.tcl
/home/travis/build/icyphy/ptII/ptolemy/domains/sdf/lib/test/Repeat.tcl
10 ms. Memory: 129024K Free: 50120K (39%)
/home/travis/build/icyphy/ptII/ptolemy/domains/sdf/lib/test/SampleDelay.tcl
7 ms. Memory: 129024K Free: 114632K (89%)
8 ms. Memory: 129024K Free: 113608K (88%)
10 ms. Memory: 129024K Free: 113094K (88%)
3 ms. Memory: 129024K Free: 112070K (87%)
10 ms. Memory: 129024K Free: 111560K (86%)
2 ms. Memory: 129024K Free: 111031K (86%)
/home/travis/build/icyphy/ptII/ptolemy/domains/sdf/lib/test/SequenceToArray.tcl
5 ms. Memory: 129024K Free: 109512K (85%)
4 ms. Memory: 129024K Free: 107967K (84%)
4 ms. Memory: 129024K Free: 106440K (82%)
5 ms. Memory: 129024K Free: 105416K (82%)
12/21/19 06:47:59
Failed: 0  Total Tests: 41  ((Passed: 41, Newly Passed: 0)  Known Failed: 0) /home/travis/build/icyphy/ptII/ptolemy/domains/sdf/lib/test
No auto/knownFailedTests/*.xml tests in /home/travis/build/icyphy/ptII/ptolemy/domains/sdf/lib/test
No auto/linux-amd64/*.xml tests in /home/travis/build/icyphy/ptII/ptolemy/domains/sdf/lib/test
AutoTests.java: About to close Vertx.
AutoTests.java: Vertx closed.

===========================================================================================
----------------- testing Sat Dec 21 06:47:59 UTC 2019 /home/travis/build/icyphy/ptII/ptolemy/domains/sdf/lib/test/auto/ArrayToSequence.xml
----------------- Instantiating /home/travis/build/icyphy/ptII/ptolemy/domains/sdf/lib/test/auto/ArrayToSequence.xml
40 ms. Memory: 129024K Free: 94372K (73%)
----------------- Invoking toplevel() on ptolemy.moml.MoMLSimpleApplication@3b4e5497
----------------- Done invoking toplevel() on ptolemy.moml.MoMLSimpleApplication@3b4e5497
reloadAllAccessors: .ArrayToSequence

===========================================================================================
----------------- testing Sat Dec 21 06:47:59 UTC 2019 /home/travis/build/icyphy/ptII/ptolemy/domains/sdf/lib/test/auto/ArrayToSequenceTest.xml
----------------- Instantiating /home/travis/build/icyphy/ptII/ptolemy/domains/sdf/lib/test/auto/ArrayToSequenceTest.xml
12 ms. Memory: 129024K Free: 88034K (68%)
----------------- Invoking toplevel() on ptolemy.moml.MoMLSimpleApplication@651e9faf
----------------- Done invoking toplevel() on ptolemy.moml.MoMLSimpleApplication@651e9faf
reloadAllAccessors: .ArrayToSequenceTest

===========================================================================================
----------------- testing Sat Dec 21 06:48:00 UTC 2019 /home/travis/build/icyphy/ptII/ptolemy/domains/sdf/lib/test/auto/Autocorrelation.xml
----------------- Instantiating /home/travis/build/icyphy/ptII/ptolemy/domains/sdf/lib/test/auto/Autocorrelation.xml
6 ms. Memory: 129024K Free: 112047K (87%)
----------------- Invoking toplevel() on ptolemy.moml.MoMLSimpleApplication@4abec81f
----------------- Done invoking toplevel() on ptolemy.moml.MoMLSimpleApplication@4abec81f
reloadAllAccessors: .Autocorrelation

===========================================================================================
----------------- testing Sat Dec 21 06:48:00 UTC 2019 /home/travis/build/icyphy/ptII/ptolemy/domains/sdf/lib/test/auto/Autocorrelation2.xml
----------------- Instantiating /home/travis/build/icyphy/ptII/ptolemy/domains/sdf/lib/test/auto/Autocorrelation2.xml
3 ms. Memory: 129024K Free: 107339K (83%)
----------------- Invoking toplevel() on ptolemy.moml.MoMLSimpleApplication@5c295187
----------------- Done invoking toplevel() on ptolemy.moml.MoMLSimpleApplication@5c295187
reloadAllAccessors: .Autocorrelation2

===========================================================================================
----------------- testing Sat Dec 21 06:48:00 UTC 2019 /home/travis/build/icyphy/ptII/ptolemy/domains/sdf/lib/test/auto/Autocorrelation3.xml
----------------- Instantiating /home/travis/build/icyphy/ptII/ptolemy/domains/sdf/lib/test/auto/Autocorrelation3.xml
3 ms. Memory: 129024K Free: 103855K (80%)
----------------- Invoking toplevel() on ptolemy.moml.MoMLSimpleApplication@5b2b521d
----------------- Done invoking toplevel() on ptolemy.moml.MoMLSimpleApplication@5b2b521d
reloadAllAccessors: .Autocorrelation3

===========================================================================================
----------------- testing Sat Dec 21 06:48:00 UTC 2019 /home/travis/build/icyphy/ptII/ptolemy/domains/sdf/lib/test/auto/Autocorrelation4.xml
----------------- Instantiating /home/travis/build/icyphy/ptII/ptolemy/domains/sdf/lib/test/auto/Autocorrelation4.xml
11 ms. Memory: 129024K Free: 99475K (77%)
----------------- Invoking toplevel() on ptolemy.moml.MoMLSimpleApplication@56f56944
----------------- Done invoking toplevel() on ptolemy.moml.MoMLSimpleApplication@56f56944
reloadAllAccessors: .Autocorrelation4

===========================================================================================
----------------- testing Sat Dec 21 06:48:00 UTC 2019 /home/travis/build/icyphy/ptII/ptolemy/domains/sdf/lib/test/auto/Autocorrelation5.xml
----------------- Instantiating /home/travis/build/icyphy/ptII/ptolemy/domains/sdf/lib/test/auto/Autocorrelation5.xml
46 ms. Memory: 129024K Free: 92879K (72%)
----------------- Invoking toplevel() on ptolemy.moml.MoMLSimpleApplication@1e5ccd7a
----------------- Done invoking toplevel() on ptolemy.moml.MoMLSimpleApplication@1e5ccd7a
reloadAllAccessors: .Autocorrelation5

===========================================================================================
----------------- testing Sat Dec 21 06:48:00 UTC 2019 /home/travis/build/icyphy/ptII/ptolemy/domains/sdf/lib/test/auto/BitsToInt.xml
----------------- Instantiating /home/travis/build/icyphy/ptII/ptolemy/domains/sdf/lib/test/auto/BitsToInt.xml
3 ms. Memory: 129024K Free: 89532K (69%)
----------------- Invoking toplevel() on ptolemy.moml.MoMLSimpleApplication@4aaa9d47
----------------- Done invoking toplevel() on ptolemy.moml.MoMLSimpleApplication@4aaa9d47
reloadAllAccessors: .BitsToInt

===========================================================================================
----------------- testing Sat Dec 21 06:48:00 UTC 2019 /home/travis/build/icyphy/ptII/ptolemy/domains/sdf/lib/test/auto/BooleanJoin.xml
----------------- Instantiating /home/travis/build/icyphy/ptII/ptolemy/domains/sdf/lib/test/auto/BooleanJoin.xml
6 ms. Memory: 129024K Free: 85141K (66%)
----------------- Invoking toplevel() on ptolemy.moml.MoMLSimpleApplication@414db702
----------------- Done invoking toplevel() on ptolemy.moml.MoMLSimpleApplication@414db702
reloadAllAccessors: .BooleanJoin

===========================================================================================
----------------- testing Sat Dec 21 06:48:00 UTC 2019 /home/travis/build/icyphy/ptII/ptolemy/domains/sdf/lib/test/auto/BootstrapSampleDelay.xml
----------------- Instantiating /home/travis/build/icyphy/ptII/ptolemy/domains/sdf/lib/test/auto/BootstrapSampleDelay.xml
13 ms. Memory: 129024K Free: 81794K (63%)
----------------- Invoking toplevel() on ptolemy.moml.MoMLSimpleApplication@1ada600
----------------- Done invoking toplevel() on ptolemy.moml.MoMLSimpleApplication@1ada600
reloadAllAccessors: .BootstrapSampleDelay

===========================================================================================
----------------- testing Sat Dec 21 06:48:00 UTC 2019 /home/travis/build/icyphy/ptII/ptolemy/domains/sdf/lib/test/auto/Chop.xml
----------------- Instantiating /home/travis/build/icyphy/ptII/ptolemy/domains/sdf/lib/test/auto/Chop.xml
8 ms. Memory: 129024K Free: 74634K (58%)
----------------- Invoking toplevel() on ptolemy.moml.MoMLSimpleApplication@6e0f4c86
----------------- Done invoking toplevel() on ptolemy.moml.MoMLSimpleApplication@6e0f4c86
reloadAllAccessors: .Chop

===========================================================================================
----------------- testing Sat Dec 21 06:48:00 UTC 2019 /home/travis/build/icyphy/ptII/ptolemy/domains/sdf/lib/test/auto/Chop2.xml
----------------- Instantiating /home/travis/build/icyphy/ptII/ptolemy/domains/sdf/lib/test/auto/Chop2.xml
5 ms. Memory: 155648K Free: 135817K (87%)
----------------- Invoking toplevel() on ptolemy.moml.MoMLSimpleApplication@198fd4f4
----------------- Done invoking toplevel() on ptolemy.moml.MoMLSimpleApplication@198fd4f4
reloadAllAccessors: .Chop2

===========================================================================================
----------------- testing Sat Dec 21 06:48:00 UTC 2019 /home/travis/build/icyphy/ptII/ptolemy/domains/sdf/lib/test/auto/ComplexJoin.xml
----------------- Instantiating /home/travis/build/icyphy/ptII/ptolemy/domains/sdf/lib/test/auto/ComplexJoin.xml
6 ms. Memory: 155648K Free: 131191K (84%)
----------------- Invoking toplevel() on ptolemy.moml.MoMLSimpleApplication@296c6050
----------------- Done invoking toplevel() on ptolemy.moml.MoMLSimpleApplication@296c6050
reloadAllAccessors: .ComplexJoin

===========================================================================================
----------------- testing Sat Dec 21 06:48:00 UTC 2019 /home/travis/build/icyphy/ptII/ptolemy/domains/sdf/lib/test/auto/CountTrues.xml
----------------- Instantiating /home/travis/build/icyphy/ptII/ptolemy/domains/sdf/lib/test/auto/CountTrues.xml
5 ms. Memory: 155648K Free: 128111K (82%)
----------------- Invoking toplevel() on ptolemy.moml.MoMLSimpleApplication@57d9ed49
----------------- Done invoking toplevel() on ptolemy.moml.MoMLSimpleApplication@57d9ed49
reloadAllAccessors: .CountTrues

===========================================================================================
----------------- testing Sat Dec 21 06:48:00 UTC 2019 /home/travis/build/icyphy/ptII/ptolemy/domains/sdf/lib/test/auto/DelayLine.xml
----------------- Instantiating /home/travis/build/icyphy/ptII/ptolemy/domains/sdf/lib/test/auto/DelayLine.xml
4 ms. Memory: 155648K Free: 122625K (79%)
----------------- Invoking toplevel() on ptolemy.moml.MoMLSimpleApplication@51329e21
----------------- Done invoking toplevel() on ptolemy.moml.MoMLSimpleApplication@51329e21
reloadAllAccessors: .DelayLine

===========================================================================================
----------------- testing Sat Dec 21 06:48:00 UTC 2019 /home/travis/build/icyphy/ptII/ptolemy/domains/sdf/lib/test/auto/DotProduct.xml
----------------- Instantiating /home/travis/build/icyphy/ptII/ptolemy/domains/sdf/lib/test/auto/DotProduct.xml
8 ms. Memory: 155648K Free: 119561K (77%)
----------------- Invoking toplevel() on ptolemy.moml.MoMLSimpleApplication@5c4aeafa
----------------- Done invoking toplevel() on ptolemy.moml.MoMLSimpleApplication@5c4aeafa
reloadAllAccessors: .DotProduct

===========================================================================================
----------------- testing Sat Dec 21 06:48:00 UTC 2019 /home/travis/build/icyphy/ptII/ptolemy/domains/sdf/lib/test/auto/DotProductMatrix.xml
----------------- Instantiating /home/travis/build/icyphy/ptII/ptolemy/domains/sdf/lib/test/auto/DotProductMatrix.xml
3 ms. Memory: 155648K Free: 116863K (75%)
----------------- Invoking toplevel() on ptolemy.moml.MoMLSimpleApplication@6234fcec
----------------- Done invoking toplevel() on ptolemy.moml.MoMLSimpleApplication@6234fcec
reloadAllAccessors: .DotProductMatrix

===========================================================================================
----------------- testing Sat Dec 21 06:48:00 UTC 2019 /home/travis/build/icyphy/ptII/ptolemy/domains/sdf/lib/test/auto/DownSample1.xml
----------------- Instantiating /home/travis/build/icyphy/ptII/ptolemy/domains/sdf/lib/test/auto/DownSample1.xml
3 ms. Memory: 155648K Free: 113401K (73%)
----------------- Invoking toplevel() on ptolemy.moml.MoMLSimpleApplication@63d8cae3
----------------- Done invoking toplevel() on ptolemy.moml.MoMLSimpleApplication@63d8cae3
reloadAllAccessors: .DownSample1

===========================================================================================
----------------- testing Sat Dec 21 06:48:00 UTC 2019 /home/travis/build/icyphy/ptII/ptolemy/domains/sdf/lib/test/auto/DynamicRateChange.xml
----------------- Instantiating /home/travis/build/icyphy/ptII/ptolemy/domains/sdf/lib/test/auto/DynamicRateChange.xml
9 ms. Memory: 155648K Free: 107676K (69%)
----------------- Invoking toplevel() on ptolemy.moml.MoMLSimpleApplication@6965809
----------------- Done invoking toplevel() on ptolemy.moml.MoMLSimpleApplication@6965809
reloadAllAccessors: .DynamicRateChange

===========================================================================================
----------------- testing Sat Dec 21 06:48:00 UTC 2019 /home/travis/build/icyphy/ptII/ptolemy/domains/sdf/lib/test/auto/DynamicRates.xml
----------------- Instantiating /home/travis/build/icyphy/ptII/ptolemy/domains/sdf/lib/test/auto/DynamicRates.xml
9 ms. Memory: 155648K Free: 102556K (66%)
----------------- Invoking toplevel() on ptolemy.moml.MoMLSimpleApplication@7cca9563
----------------- Done invoking toplevel() on ptolemy.moml.MoMLSimpleApplication@7cca9563
reloadAllAccessors: .DynamicRates

===========================================================================================
----------------- testing Sat Dec 21 06:48:00 UTC 2019 /home/travis/build/icyphy/ptII/ptolemy/domains/sdf/lib/test/auto/FFT1.xml
----------------- Instantiating /home/travis/build/icyphy/ptII/ptolemy/domains/sdf/lib/test/auto/FFT1.xml
8 ms. Memory: 155648K Free: 98071K (63%)
----------------- Invoking toplevel() on ptolemy.moml.MoMLSimpleApplication@5dbb5d75
----------------- Done invoking toplevel() on ptolemy.moml.MoMLSimpleApplication@5dbb5d75
reloadAllAccessors: .FFT1

===========================================================================================
----------------- testing Sat Dec 21 06:48:00 UTC 2019 /home/travis/build/icyphy/ptII/ptolemy/domains/sdf/lib/test/auto/FIR1.xml
----------------- Instantiating /home/travis/build/icyphy/ptII/ptolemy/domains/sdf/lib/test/auto/FIR1.xml
20 ms. Memory: 155648K Free: 91291K (59%)
----------------- Invoking toplevel() on ptolemy.moml.MoMLSimpleApplication@223167b7
----------------- Done invoking toplevel() on ptolemy.moml.MoMLSimpleApplication@223167b7
reloadAllAccessors: .FIR1

===========================================================================================
----------------- testing Sat Dec 21 06:48:00 UTC 2019 /home/travis/build/icyphy/ptII/ptolemy/domains/sdf/lib/test/auto/FIR2.xml
----------------- Instantiating /home/travis/build/icyphy/ptII/ptolemy/domains/sdf/lib/test/auto/FIR2.xml
2 ms. Memory: 155648K Free: 87587K (56%)
----------------- Invoking toplevel() on ptolemy.moml.MoMLSimpleApplication@1e173baf
----------------- Done invoking toplevel() on ptolemy.moml.MoMLSimpleApplication@1e173baf
reloadAllAccessors: .FIR2

===========================================================================================
----------------- testing Sat Dec 21 06:48:00 UTC 2019 /home/travis/build/icyphy/ptII/ptolemy/domains/sdf/lib/test/auto/FIR4.xml
----------------- Instantiating /home/travis/build/icyphy/ptII/ptolemy/domains/sdf/lib/test/auto/FIR4.xml
6 ms. Memory: 155648K Free: 139020K (89%)
----------------- Invoking toplevel() on ptolemy.moml.MoMLSimpleApplication@4dc510ed
----------------- Done invoking toplevel() on ptolemy.moml.MoMLSimpleApplication@4dc510ed
reloadAllAccessors: .FIR4

===========================================================================================
----------------- testing Sat Dec 21 06:48:00 UTC 2019 /home/travis/build/icyphy/ptII/ptolemy/domains/sdf/lib/test/auto/FixJoin.xml
----------------- Instantiating /home/travis/build/icyphy/ptII/ptolemy/domains/sdf/lib/test/auto/FixJoin.xml
5 ms. Memory: 155648K Free: 134488K (86%)
----------------- Invoking toplevel() on ptolemy.moml.MoMLSimpleApplication@1ea04e5c
----------------- Done invoking toplevel() on ptolemy.moml.MoMLSimpleApplication@1ea04e5c
reloadAllAccessors: .FixJoin

===========================================================================================
----------------- testing Sat Dec 21 06:48:01 UTC 2019 /home/travis/build/icyphy/ptII/ptolemy/domains/sdf/lib/test/auto/IntJoin1.xml
----------------- Instantiating /home/travis/build/icyphy/ptII/ptolemy/domains/sdf/lib/test/auto/IntJoin1.xml
2 ms. Memory: 155648K Free: 129889K (83%)
----------------- Invoking toplevel() on ptolemy.moml.MoMLSimpleApplication@6faa6099
----------------- Done invoking toplevel() on ptolemy.moml.MoMLSimpleApplication@6faa6099
reloadAllAccessors: .IntJoin1

===========================================================================================
----------------- testing Sat Dec 21 06:48:01 UTC 2019 /home/travis/build/icyphy/ptII/ptolemy/domains/sdf/lib/test/auto/IntJoin2.xml
----------------- Instantiating /home/travis/build/icyphy/ptII/ptolemy/domains/sdf/lib/test/auto/IntJoin2.xml
2 ms. Memory: 155648K Free: 125771K (81%)
----------------- Invoking toplevel() on ptolemy.moml.MoMLSimpleApplication@61518572
----------------- Done invoking toplevel() on ptolemy.moml.MoMLSimpleApplication@61518572
reloadAllAccessors: .IntJoin2

===========================================================================================
----------------- testing Sat Dec 21 06:48:01 UTC 2019 /home/travis/build/icyphy/ptII/ptolemy/domains/sdf/lib/test/auto/IntJoin3.xml
----------------- Instantiating /home/travis/build/icyphy/ptII/ptolemy/domains/sdf/lib/test/auto/IntJoin3.xml
2 ms. Memory: 155648K Free: 121675K (78%)
----------------- Invoking toplevel() on ptolemy.moml.MoMLSimpleApplication@a01cff8
----------------- Done invoking toplevel() on ptolemy.moml.MoMLSimpleApplication@a01cff8
reloadAllAccessors: .IntJoin3

===========================================================================================
----------------- testing Sat Dec 21 06:48:01 UTC 2019 /home/travis/build/icyphy/ptII/ptolemy/domains/sdf/lib/test/auto/IntJoin4.xml
----------------- Instantiating /home/travis/build/icyphy/ptII/ptolemy/domains/sdf/lib/test/auto/IntJoin4.xml
7 ms. Memory: 155648K Free: 117088K (75%)
----------------- Invoking toplevel() on ptolemy.moml.MoMLSimpleApplication@49e9f45d
----------------- Done invoking toplevel() on ptolemy.moml.MoMLSimpleApplication@49e9f45d
reloadAllAccessors: .IntJoin4

===========================================================================================
----------------- testing Sat Dec 21 06:48:01 UTC 2019 /home/travis/build/icyphy/ptII/ptolemy/domains/sdf/lib/test/auto/IntJoin5.xml
----------------- Instantiating /home/travis/build/icyphy/ptII/ptolemy/domains/sdf/lib/test/auto/IntJoin5.xml
2 ms. Memory: 155648K Free: 112976K (73%)
----------------- Invoking toplevel() on ptolemy.moml.MoMLSimpleApplication@2fd77871
----------------- Done invoking toplevel() on ptolemy.moml.MoMLSimpleApplication@2fd77871
reloadAllAccessors: .IntJoin5

===========================================================================================
----------------- testing Sat Dec 21 06:48:01 UTC 2019 /home/travis/build/icyphy/ptII/ptolemy/domains/sdf/lib/test/auto/IntToBits.xml
----------------- Instantiating /home/travis/build/icyphy/ptII/ptolemy/domains/sdf/lib/test/auto/IntToBits.xml
7 ms. Memory: 155648K Free: 109409K (70%)
----------------- Invoking toplevel() on ptolemy.moml.MoMLSimpleApplication@1ec09a28
----------------- Done invoking toplevel() on ptolemy.moml.MoMLSimpleApplication@1ec09a28
reloadAllAccessors: .IntToBits

===========================================================================================
----------------- testing Sat Dec 21 06:48:01 UTC 2019 /home/travis/build/icyphy/ptII/ptolemy/domains/sdf/lib/test/auto/LMSAdaptive.xml
----------------- Instantiating /home/travis/build/icyphy/ptII/ptolemy/domains/sdf/lib/test/auto/LMSAdaptive.xml
11 ms. Memory: 155648K Free: 101188K (65%)
----------------- Invoking toplevel() on ptolemy.moml.MoMLSimpleApplication@66220d79
----------------- Done invoking toplevel() on ptolemy.moml.MoMLSimpleApplication@66220d79
reloadAllAccessors: .LMSAdaptive

===========================================================================================
----------------- testing Sat Dec 21 06:48:01 UTC 2019 /home/travis/build/icyphy/ptII/ptolemy/domains/sdf/lib/test/auto/LMSAdaptiveFIR.xml
----------------- Instantiating /home/travis/build/icyphy/ptII/ptolemy/domains/sdf/lib/test/auto/LMSAdaptiveFIR.xml
262 ms. Memory: 155648K Free: 139328K (90%)
----------------- Invoking toplevel() on ptolemy.moml.MoMLSimpleApplication@9494571
----------------- Done invoking toplevel() on ptolemy.moml.MoMLSimpleApplication@9494571
reloadAllAccessors: .LMSAdaptiveFIR

===========================================================================================
----------------- testing Sat Dec 21 06:48:01 UTC 2019 /home/travis/build/icyphy/ptII/ptolemy/domains/sdf/lib/test/auto/LMSAdaptiveFIR2.xml
----------------- Instantiating /home/travis/build/icyphy/ptII/ptolemy/domains/sdf/lib/test/auto/LMSAdaptiveFIR2.xml
358 ms. Memory: 155648K Free: 80431K (52%)
----------------- Invoking toplevel() on ptolemy.moml.MoMLSimpleApplication@1ba25279
----------------- Done invoking toplevel() on ptolemy.moml.MoMLSimpleApplication@1ba25279
reloadAllAccessors: .LMSAdaptiveFIR2

===========================================================================================
----------------- testing Sat Dec 21 06:48:02 UTC 2019 /home/travis/build/icyphy/ptII/ptolemy/domains/sdf/lib/test/auto/LongJoin.xml
----------------- Instantiating /home/travis/build/icyphy/ptII/ptolemy/domains/sdf/lib/test/auto/LongJoin.xml
2 ms. Memory: 155648K Free: 76335K (49%)
----------------- Invoking toplevel() on ptolemy.moml.MoMLSimpleApplication@56b7a84
----------------- Done invoking toplevel() on ptolemy.moml.MoMLSimpleApplication@56b7a84
reloadAllAccessors: .LongJoin

===========================================================================================
----------------- testing Sat Dec 21 06:48:02 UTC 2019 /home/travis/build/icyphy/ptII/ptolemy/domains/sdf/lib/test/auto/Matrix1.xml
----------------- Instantiating /home/travis/build/icyphy/ptII/ptolemy/domains/sdf/lib/test/auto/Matrix1.xml
2 ms. Memory: 155648K Free: 72239K (46%)
----------------- Invoking toplevel() on ptolemy.moml.MoMLSimpleApplication@3011959e
----------------- Done invoking toplevel() on ptolemy.moml.MoMLSimpleApplication@3011959e
reloadAllAccessors: .Matrix1

===========================================================================================
----------------- testing Sat Dec 21 06:48:02 UTC 2019 /home/travis/build/icyphy/ptII/ptolemy/domains/sdf/lib/test/auto/Matrix2.xml
----------------- Instantiating /home/travis/build/icyphy/ptII/ptolemy/domains/sdf/lib/test/auto/Matrix2.xml
4 ms. Memory: 155648K Free: 68143K (44%)
----------------- Invoking toplevel() on ptolemy.moml.MoMLSimpleApplication@21fb3c11
----------------- Done invoking toplevel() on ptolemy.moml.MoMLSimpleApplication@21fb3c11
reloadAllAccessors: .Matrix2

===========================================================================================
----------------- testing Sat Dec 21 06:48:02 UTC 2019 /home/travis/build/icyphy/ptII/ptolemy/domains/sdf/lib/test/auto/MatrixJoin1.xml
----------------- Instantiating /home/travis/build/icyphy/ptII/ptolemy/domains/sdf/lib/test/auto/MatrixJoin1.xml
4 ms. Memory: 155648K Free: 63533K (41%)
----------------- Invoking toplevel() on ptolemy.moml.MoMLSimpleApplication@2a652b1d
----------------- Done invoking toplevel() on ptolemy.moml.MoMLSimpleApplication@2a652b1d
reloadAllAccessors: .MatrixJoin1

===========================================================================================
----------------- testing Sat Dec 21 06:48:02 UTC 2019 /home/travis/build/icyphy/ptII/ptolemy/domains/sdf/lib/test/auto/MatrixJoin2.xml
----------------- Instantiating /home/travis/build/icyphy/ptII/ptolemy/domains/sdf/lib/test/auto/MatrixJoin2.xml
6 ms. Memory: 155648K Free: 139012K (89%)
----------------- Invoking toplevel() on ptolemy.moml.MoMLSimpleApplication@7e3a33ad
----------------- Done invoking toplevel() on ptolemy.moml.MoMLSimpleApplication@7e3a33ad
reloadAllAccessors: .MatrixJoin2

===========================================================================================
----------------- testing Sat Dec 21 06:48:02 UTC 2019 /home/travis/build/icyphy/ptII/ptolemy/domains/sdf/lib/test/auto/MatrixJoin3.xml
----------------- Instantiating /home/travis/build/icyphy/ptII/ptolemy/domains/sdf/lib/test/auto/MatrixJoin3.xml
4 ms. Memory: 155648K Free: 134406K (86%)
----------------- Invoking toplevel() on ptolemy.moml.MoMLSimpleApplication@3a0cf688
----------------- Done invoking toplevel() on ptolemy.moml.MoMLSimpleApplication@3a0cf688
reloadAllAccessors: .MatrixJoin3

===========================================================================================
----------------- testing Sat Dec 21 06:48:02 UTC 2019 /home/travis/build/icyphy/ptII/ptolemy/domains/sdf/lib/test/auto/MatrixJoin4.xml
----------------- Instantiating /home/travis/build/icyphy/ptII/ptolemy/domains/sdf/lib/test/auto/MatrixJoin4.xml
2 ms. Memory: 155648K Free: 130310K (84%)
----------------- Invoking toplevel() on ptolemy.moml.MoMLSimpleApplication@157606ed
----------------- Done invoking toplevel() on ptolemy.moml.MoMLSimpleApplication@157606ed
reloadAllAccessors: .MatrixJoin4

===========================================================================================
----------------- testing Sat Dec 21 06:48:02 UTC 2019 /home/travis/build/icyphy/ptII/ptolemy/domains/sdf/lib/test/auto/MatrixJoin5.xml
----------------- Instantiating /home/travis/build/icyphy/ptII/ptolemy/domains/sdf/lib/test/auto/MatrixJoin5.xml
1 ms. Memory: 155648K Free: 126214K (81%)
----------------- Invoking toplevel() on ptolemy.moml.MoMLSimpleApplication@31644fb3
----------------- Done invoking toplevel() on ptolemy.moml.MoMLSimpleApplication@31644fb3
reloadAllAccessors: .MatrixJoin5

===========================================================================================
----------------- testing Sat Dec 21 06:48:02 UTC 2019 /home/travis/build/icyphy/ptII/ptolemy/domains/sdf/lib/test/auto/MatrixSplit1.xml
----------------- Instantiating /home/travis/build/icyphy/ptII/ptolemy/domains/sdf/lib/test/auto/MatrixSplit1.xml
3 ms. Memory: 155648K Free: 120580K (77%)
----------------- Invoking toplevel() on ptolemy.moml.MoMLSimpleApplication@39ce0fdf
----------------- Done invoking toplevel() on ptolemy.moml.MoMLSimpleApplication@39ce0fdf
reloadAllAccessors: .MatrixSplit1

===========================================================================================
----------------- testing Sat Dec 21 06:48:02 UTC 2019 /home/travis/build/icyphy/ptII/ptolemy/domains/sdf/lib/test/auto/MatrixSplit10.xml
----------------- Instantiating /home/travis/build/icyphy/ptII/ptolemy/domains/sdf/lib/test/auto/MatrixSplit10.xml
2 ms. Memory: 155648K Free: 116998K (75%)
----------------- Invoking toplevel() on ptolemy.moml.MoMLSimpleApplication@2f941690
----------------- Done invoking toplevel() on ptolemy.moml.MoMLSimpleApplication@2f941690
reloadAllAccessors: .MatrixSplit10

===========================================================================================
----------------- testing Sat Dec 21 06:48:02 UTC 2019 /home/travis/build/icyphy/ptII/ptolemy/domains/sdf/lib/test/auto/MatrixSplit11.xml
----------------- Instantiating /home/travis/build/icyphy/ptII/ptolemy/domains/sdf/lib/test/auto/MatrixSplit11.xml
2 ms. Memory: 155648K Free: 113412K (73%)
----------------- Invoking toplevel() on ptolemy.moml.MoMLSimpleApplication@720c6f2a
----------------- Done invoking toplevel() on ptolemy.moml.MoMLSimpleApplication@720c6f2a
reloadAllAccessors: .MatrixSplit11

===========================================================================================
----------------- testing Sat Dec 21 06:48:02 UTC 2019 /home/travis/build/icyphy/ptII/ptolemy/domains/sdf/lib/test/auto/MatrixSplit12.xml
----------------- Instantiating /home/travis/build/icyphy/ptII/ptolemy/domains/sdf/lib/test/auto/MatrixSplit12.xml
1 ms. Memory: 155648K Free: 109830K (71%)
----------------- Invoking toplevel() on ptolemy.moml.MoMLSimpleApplication@24b0bf36
----------------- Done invoking toplevel() on ptolemy.moml.MoMLSimpleApplication@24b0bf36
reloadAllAccessors: .MatrixSplit12

===========================================================================================
----------------- testing Sat Dec 21 06:48:02 UTC 2019 /home/travis/build/icyphy/ptII/ptolemy/domains/sdf/lib/test/auto/MatrixSplit13.xml
----------------- Instantiating /home/travis/build/icyphy/ptII/ptolemy/domains/sdf/lib/test/auto/MatrixSplit13.xml
2 ms. Memory: 155648K Free: 106244K (68%)
----------------- Invoking toplevel() on ptolemy.moml.MoMLSimpleApplication@64132451
----------------- Done invoking toplevel() on ptolemy.moml.MoMLSimpleApplication@64132451
reloadAllAccessors: .MatrixSplit13

===========================================================================================
----------------- testing Sat Dec 21 06:48:02 UTC 2019 /home/travis/build/icyphy/ptII/ptolemy/domains/sdf/lib/test/auto/MatrixSplit14.xml
----------------- Instantiating /home/travis/build/icyphy/ptII/ptolemy/domains/sdf/lib/test/auto/MatrixSplit14.xml
1 ms. Memory: 155648K Free: 102662K (66%)
----------------- Invoking toplevel() on ptolemy.moml.MoMLSimpleApplication@55fe3e42
----------------- Done invoking toplevel() on ptolemy.moml.MoMLSimpleApplication@55fe3e42
reloadAllAccessors: .MatrixSplit14

===========================================================================================
----------------- testing Sat Dec 21 06:48:02 UTC 2019 /home/travis/build/icyphy/ptII/ptolemy/domains/sdf/lib/test/auto/MatrixSplit2.xml
----------------- Instantiating /home/travis/build/icyphy/ptII/ptolemy/domains/sdf/lib/test/auto/MatrixSplit2.xml
2 ms. Memory: 155648K Free: 99076K (64%)
----------------- Invoking toplevel() on ptolemy.moml.MoMLSimpleApplication@743d6d7b
----------------- Done invoking toplevel() on ptolemy.moml.MoMLSimpleApplication@743d6d7b
reloadAllAccessors: .MatrixSplit2

===========================================================================================
----------------- testing Sat Dec 21 06:48:02 UTC 2019 /home/travis/build/icyphy/ptII/ptolemy/domains/sdf/lib/test/auto/MatrixSplit3.xml
----------------- Instantiating /home/travis/build/icyphy/ptII/ptolemy/domains/sdf/lib/test/auto/MatrixSplit3.xml
1 ms. Memory: 155648K Free: 95494K (61%)
----------------- Invoking toplevel() on ptolemy.moml.MoMLSimpleApplication@122c3735
----------------- Done invoking toplevel() on ptolemy.moml.MoMLSimpleApplication@122c3735
reloadAllAccessors: .MatrixSplit3

===========================================================================================
----------------- testing Sat Dec 21 06:48:02 UTC 2019 /home/travis/build/icyphy/ptII/ptolemy/domains/sdf/lib/test/auto/MatrixSplit4.xml
----------------- Instantiating /home/travis/build/icyphy/ptII/ptolemy/domains/sdf/lib/test/auto/MatrixSplit4.xml
2 ms. Memory: 155648K Free: 91908K (59%)
----------------- Invoking toplevel() on ptolemy.moml.MoMLSimpleApplication@4443d85a
----------------- Done invoking toplevel() on ptolemy.moml.MoMLSimpleApplication@4443d85a
reloadAllAccessors: .MatrixSplit4

===========================================================================================
----------------- testing Sat Dec 21 06:48:02 UTC 2019 /home/travis/build/icyphy/ptII/ptolemy/domains/sdf/lib/test/auto/MatrixSplit5.xml
----------------- Instantiating /home/travis/build/icyphy/ptII/ptolemy/domains/sdf/lib/test/auto/MatrixSplit5.xml
9 ms. Memory: 155648K Free: 88326K (57%)
----------------- Invoking toplevel() on ptolemy.moml.MoMLSimpleApplication@14b3dc19
----------------- Done invoking toplevel() on ptolemy.moml.MoMLSimpleApplication@14b3dc19
reloadAllAccessors: .MatrixSplit5

===========================================================================================
----------------- testing Sat Dec 21 06:48:02 UTC 2019 /home/travis/build/icyphy/ptII/ptolemy/domains/sdf/lib/test/auto/MatrixSplit6.xml
----------------- Instantiating /home/travis/build/icyphy/ptII/ptolemy/domains/sdf/lib/test/auto/MatrixSplit6.xml
2 ms. Memory: 155648K Free: 84740K (54%)
----------------- Invoking toplevel() on ptolemy.moml.MoMLSimpleApplication@5d02cbbd
----------------- Done invoking toplevel() on ptolemy.moml.MoMLSimpleApplication@5d02cbbd
reloadAllAccessors: .MatrixSplit6

===========================================================================================
----------------- testing Sat Dec 21 06:48:02 UTC 2019 /home/travis/build/icyphy/ptII/ptolemy/domains/sdf/lib/test/auto/MatrixSplit7.xml
----------------- Instantiating /home/travis/build/icyphy/ptII/ptolemy/domains/sdf/lib/test/auto/MatrixSplit7.xml
1 ms. Memory: 155648K Free: 81158K (52%)
----------------- Invoking toplevel() on ptolemy.moml.MoMLSimpleApplication@3b260b5e
----------------- Done invoking toplevel() on ptolemy.moml.MoMLSimpleApplication@3b260b5e
reloadAllAccessors: .MatrixSplit7

===========================================================================================
----------------- testing Sat Dec 21 06:48:02 UTC 2019 /home/travis/build/icyphy/ptII/ptolemy/domains/sdf/lib/test/auto/MatrixSplit8.xml
----------------- Instantiating /home/travis/build/icyphy/ptII/ptolemy/domains/sdf/lib/test/auto/MatrixSplit8.xml
2 ms. Memory: 155648K Free: 77572K (50%)
----------------- Invoking toplevel() on ptolemy.moml.MoMLSimpleApplication@115eda4c
----------------- Done invoking toplevel() on ptolemy.moml.MoMLSimpleApplication@115eda4c
reloadAllAccessors: .MatrixSplit8

===========================================================================================
----------------- testing Sat Dec 21 06:48:02 UTC 2019 /home/travis/build/icyphy/ptII/ptolemy/domains/sdf/lib/test/auto/MatrixSplit9.xml
----------------- Instantiating /home/travis/build/icyphy/ptII/ptolemy/domains/sdf/lib/test/auto/MatrixSplit9.xml
3 ms. Memory: 155648K Free: 73990K (48%)
----------------- Invoking toplevel() on ptolemy.moml.MoMLSimpleApplication@32a54393
----------------- Done invoking toplevel() on ptolemy.moml.MoMLSimpleApplication@32a54393
reloadAllAccessors: .MatrixSplit9

===========================================================================================
----------------- testing Sat Dec 21 06:48:02 UTC 2019 /home/travis/build/icyphy/ptII/ptolemy/domains/sdf/lib/test/auto/MatrixToSequence.xml
----------------- Instantiating /home/travis/build/icyphy/ptII/ptolemy/domains/sdf/lib/test/auto/MatrixToSequence.xml
13 ms. Memory: 155648K Free: 64774K (42%)
----------------- Invoking toplevel() on ptolemy.moml.MoMLSimpleApplication@2f9f6ca0
----------------- Done invoking toplevel() on ptolemy.moml.MoMLSimpleApplication@2f9f6ca0
reloadAllAccessors: .MatrixToSequence

===========================================================================================
----------------- testing Sat Dec 21 06:48:02 UTC 2019 /home/travis/build/icyphy/ptII/ptolemy/domains/sdf/lib/test/auto/MaximumEntropySpectrum.xml
----------------- Instantiating /home/travis/build/icyphy/ptII/ptolemy/domains/sdf/lib/test/auto/MaximumEntropySpectrum.xml
11 ms. Memory: 155648K Free: 127440K (82%)
----------------- Invoking toplevel() on ptolemy.moml.MoMLSimpleApplication@459be1a0
----------------- Done invoking toplevel() on ptolemy.moml.MoMLSimpleApplication@459be1a0
reloadAllAccessors: .MaximumEntropySpectrum

===========================================================================================
----------------- testing Sat Dec 21 06:48:02 UTC 2019 /home/travis/build/icyphy/ptII/ptolemy/domains/sdf/lib/test/auto/SampleDelayConversion.xml
----------------- Instantiating /home/travis/build/icyphy/ptII/ptolemy/domains/sdf/lib/test/auto/SampleDelayConversion.xml
2 ms. Memory: 155648K Free: 123374K (79%)
----------------- Invoking toplevel() on ptolemy.moml.MoMLSimpleApplication@4833cfc8
----------------- Done invoking toplevel() on ptolemy.moml.MoMLSimpleApplication@4833cfc8
reloadAllAccessors: .SampleDelayConversion

===========================================================================================
----------------- testing Sat Dec 21 06:48:02 UTC 2019 /home/travis/build/icyphy/ptII/ptolemy/domains/sdf/lib/test/auto/SequenceToArray.xml
----------------- Instantiating /home/travis/build/icyphy/ptII/ptolemy/domains/sdf/lib/test/auto/SequenceToArray.xml
8 ms. Memory: 155648K Free: 112624K (72%)
----------------- Invoking toplevel() on ptolemy.moml.MoMLSimpleApplication@16e80107
----------------- Done invoking toplevel() on ptolemy.moml.MoMLSimpleApplication@16e80107
reloadAllAccessors: .SequenceToArray

===========================================================================================
----------------- testing Sat Dec 21 06:48:02 UTC 2019 /home/travis/build/icyphy/ptII/ptolemy/domains/sdf/lib/test/auto/SequenceToMatrix.xml
----------------- Instantiating /home/travis/build/icyphy/ptII/ptolemy/domains/sdf/lib/test/auto/SequenceToMatrix.xml
3114 ms. Memory: 155648K Free: 134438K (86%)
----------------- Invoking toplevel() on ptolemy.moml.MoMLSimpleApplication@1e43c40b
----------------- Done invoking toplevel() on ptolemy.moml.MoMLSimpleApplication@1e43c40b
reloadAllAccessors: .SequenceToMatrix

===========================================================================================
----------------- testing Sat Dec 21 06:48:05 UTC 2019 /home/travis/build/icyphy/ptII/ptolemy/domains/sdf/lib/test/auto/SmoothedPeriodogram.xml
----------------- Instantiating /home/travis/build/icyphy/ptII/ptolemy/domains/sdf/lib/test/auto/SmoothedPeriodogram.xml
10 ms. Memory: 155648K Free: 119078K (77%)
----------------- Invoking toplevel() on ptolemy.moml.MoMLSimpleApplication@3da195cf
----------------- Done invoking toplevel() on ptolemy.moml.MoMLSimpleApplication@3da195cf
reloadAllAccessors: .SmoothedPeriodogram

===========================================================================================
----------------- testing Sat Dec 21 06:48:05 UTC 2019 /home/travis/build/icyphy/ptII/ptolemy/domains/sdf/lib/test/auto/UpDownSample1.xml
----------------- Instantiating /home/travis/build/icyphy/ptII/ptolemy/domains/sdf/lib/test/auto/UpDownSample1.xml
4 ms. Memory: 155648K Free: 114982K (74%)
----------------- Invoking toplevel() on ptolemy.moml.MoMLSimpleApplication@3a923de3
----------------- Done invoking toplevel() on ptolemy.moml.MoMLSimpleApplication@3a923de3
reloadAllAccessors: .UpDownSample1

===========================================================================================
----------------- testing Sat Dec 21 06:48:05 UTC 2019 /home/travis/build/icyphy/ptII/ptolemy/domains/sdf/lib/test/auto/UpSample1.xml
----------------- Instantiating /home/travis/build/icyphy/ptII/ptolemy/domains/sdf/lib/test/auto/UpSample1.xml
2 ms. Memory: 155648K Free: 111396K (72%)
----------------- Invoking toplevel() on ptolemy.moml.MoMLSimpleApplication@6c4c0e2a
----------------- Done invoking toplevel() on ptolemy.moml.MoMLSimpleApplication@6c4c0e2a
reloadAllAccessors: .UpSample1

===========================================================================================
----------------- testing Sat Dec 21 06:48:05 UTC 2019 /home/travis/build/icyphy/ptII/ptolemy/domains/sdf/lib/test/auto/VariableFIR.xml
----------------- Instantiating /home/travis/build/icyphy/ptII/ptolemy/domains/sdf/lib/test/auto/VariableFIR.xml
3 ms. Memory: 155648K Free: 106276K (68%)
----------------- Invoking toplevel() on ptolemy.moml.MoMLSimpleApplication@6baa8da3
----------------- Done invoking toplevel() on ptolemy.moml.MoMLSimpleApplication@6baa8da3
reloadAllAccessors: .VariableFIR

===========================================================================================
----------------- testing Sat Dec 21 06:48:05 UTC 2019 /home/travis/build/icyphy/ptII/ptolemy/domains/sdf/lib/test/auto/VariableFIR2.xml
----------------- Instantiating /home/travis/build/icyphy/ptII/ptolemy/domains/sdf/lib/test/auto/VariableFIR2.xml
2 ms. Memory: 155648K Free: 101126K (65%)
----------------- Invoking toplevel() on ptolemy.moml.MoMLSimpleApplication@35c50703
----------------- Done invoking toplevel() on ptolemy.moml.MoMLSimpleApplication@35c50703
reloadAllAccessors: .VariableFIR2

===========================================================================================
----------------- testing Sat Dec 21 06:48:05 UTC 2019 /home/travis/build/icyphy/ptII/ptolemy/domains/sdf/lib/test/auto/VariableLattice.xml
----------------- Instantiating /home/travis/build/icyphy/ptII/ptolemy/domains/sdf/lib/test/auto/VariableLattice.xml
3 ms. Memory: 155648K Free: 95012K (61%)
----------------- Invoking toplevel() on ptolemy.moml.MoMLSimpleApplication@2a9e107d
----------------- Done invoking toplevel() on ptolemy.moml.MoMLSimpleApplication@2a9e107d
reloadAllAccessors: .VariableLattice

===========================================================================================
----------------- testing Sat Dec 21 06:48:05 UTC 2019 /home/travis/build/icyphy/ptII/ptolemy/domains/sdf/lib/test/auto/VariableLattice2.xml
----------------- Instantiating /home/travis/build/icyphy/ptII/ptolemy/domains/sdf/lib/test/auto/VariableLattice2.xml
1.0
-1.999999602036
1.9099998677481
-0.9099996420674
0.205
0.0
0.0
1.0
-0.25
-0.5
0.0
0.0
0.0
0.0
3 ms. Memory: 155648K Free: 90406K (58%)
----------------- Invoking toplevel() on ptolemy.moml.MoMLSimpleApplication@5080926b
----------------- Done invoking toplevel() on ptolemy.moml.MoMLSimpleApplication@5080926b
reloadAllAccessors: .VariableLattice2

===========================================================================================
----------------- testing Sat Dec 21 06:48:05 UTC 2019 /home/travis/build/icyphy/ptII/ptolemy/domains/sdf/lib/test/auto/VariableRecursiveLattice.xml
----------------- Instantiating /home/travis/build/icyphy/ptII/ptolemy/domains/sdf/lib/test/auto/VariableRecursiveLattice.xml
2 ms. Memory: 155648K Free: 85796K (55%)
----------------- Invoking toplevel() on ptolemy.moml.MoMLSimpleApplication@68b942a0
----------------- Done invoking toplevel() on ptolemy.moml.MoMLSimpleApplication@68b942a0
reloadAllAccessors: .VariableRecursiveLattice

===========================================================================================
----------------- testing Sat Dec 21 06:48:05 UTC 2019 /home/travis/build/icyphy/ptII/ptolemy/domains/sdf/lib/test/auto/VariableRecursiveLattice2.xml
----------------- Instantiating /home/travis/build/icyphy/ptII/ptolemy/domains/sdf/lib/test/auto/VariableRecursiveLattice2.xml
1 ms. Memory: 155648K Free: 81700K (52%)
----------------- Invoking toplevel() on ptolemy.moml.MoMLSimpleApplication@72c5b9ef
----------------- Done invoking toplevel() on ptolemy.moml.MoMLSimpleApplication@72c5b9ef
reloadAllAccessors: .VariableRecursiveLattice2
AutoTests.java: About to close Vertx.
AutoTests.java: Vertx closed.
]]></system-out>
  <system-err><![CDATA[]]></system-err>
</testsuite>
