<?xml version="1.0" encoding="UTF-8" ?>
<testsuite errors="0" failures="0" hostname="travis-job-e8b5ff24-4bc4-4a1d-9f27-9ef6f2813d79" name="ptolemy.domains.continuous.test.junit.JUnitTclTest" skipped="0" tests="156" time="67.704" timestamp="2020-04-25T14:03:43">
  <properties>
[...]
</properties>
  <testcase classname="ptolemy.util.test.junit.TclTests" name="[0] ThereAreNoTclTests (RunTclFile)" time="0.007" />
  <testcase classname="ptolemy.util.test.junit.AutoKnownFailedTests" name="[0] ThereAreNoKnowFailedTests (RunModel)" time="0.001" />
  <testcase classname="ptolemy.util.test.junit.AutoNameArchTests" name="[0] ThereAreNoAutoArchTests (RunModel)" time="0.009" />
  <testcase classname="ptolemy.util.test.junit.AutoTests" name="[0] /home/travis/build/icyphy/ptII/ptolemy/domains/continuous/test/auto/BouncingBall.xml (RunModel)" time="3.0" />
  <testcase classname="ptolemy.util.test.junit.AutoTests" name="[1] /home/travis/build/icyphy/ptII/ptolemy/domains/continuous/test/auto/BouncingBallWithoutGR.xml (RunModel)" time="0.916" />
  <testcase classname="ptolemy.util.test.junit.AutoTests" name="[2] /home/travis/build/icyphy/ptII/ptolemy/domains/continuous/test/auto/Brownian.xml (RunModel)" time="0.119" />
  <testcase classname="ptolemy.util.test.junit.AutoTests" name="[3] /home/travis/build/icyphy/ptII/ptolemy/domains/continuous/test/auto/CarTracking.xml (RunModel)" time="3.753" />
  <testcase classname="ptolemy.util.test.junit.AutoTests" name="[4] /home/travis/build/icyphy/ptII/ptolemy/domains/continuous/test/auto/CartPendulum.xml (RunModel)" time="0.589" />
  <testcase classname="ptolemy.util.test.junit.AutoTests" name="[5] /home/travis/build/icyphy/ptII/ptolemy/domains/continuous/test/auto/CausalityInterface10.xml (RunModel)" time="0.05" />
  <testcase classname="ptolemy.util.test.junit.AutoTests" name="[6] /home/travis/build/icyphy/ptII/ptolemy/domains/continuous/test/auto/CausalityInterface11.xml (RunModel)" time="0.033" />
  <testcase classname="ptolemy.util.test.junit.AutoTests" name="[7] /home/travis/build/icyphy/ptII/ptolemy/domains/continuous/test/auto/CausalityInterface12.xml (RunModel)" time="0.033" />
  <testcase classname="ptolemy.util.test.junit.AutoTests" name="[8] /home/travis/build/icyphy/ptII/ptolemy/domains/continuous/test/auto/CausalityInterface13.xml (RunModel)" time="0.033" />
  <testcase classname="ptolemy.util.test.junit.AutoTests" name="[9] /home/travis/build/icyphy/ptII/ptolemy/domains/continuous/test/auto/CausalityInterface14.xml (RunModel)" time="0.027" />
  <testcase classname="ptolemy.util.test.junit.AutoTests" name="[10] /home/travis/build/icyphy/ptII/ptolemy/domains/continuous/test/auto/CausalityInterface4.xml (RunModel)" time="0.023" />
  <testcase classname="ptolemy.util.test.junit.AutoTests" name="[11] /home/travis/build/icyphy/ptII/ptolemy/domains/continuous/test/auto/CausalityInterface5.xml (RunModel)" time="0.03" />
  <testcase classname="ptolemy.util.test.junit.AutoTests" name="[12] /home/travis/build/icyphy/ptII/ptolemy/domains/continuous/test/auto/CausalityInterface6.xml (RunModel)" time="0.029" />
  <testcase classname="ptolemy.util.test.junit.AutoTests" name="[13] /home/travis/build/icyphy/ptII/ptolemy/domains/continuous/test/auto/CausalityInterface7.xml (RunModel)" time="0.037" />
  <testcase classname="ptolemy.util.test.junit.AutoTests" name="[14] /home/travis/build/icyphy/ptII/ptolemy/domains/continuous/test/auto/CausalityInterface8.xml (RunModel)" time="0.042" />
  <testcase classname="ptolemy.util.test.junit.AutoTests" name="[15] /home/travis/build/icyphy/ptII/ptolemy/domains/continuous/test/auto/CausalityInterface9.xml (RunModel)" time="0.043" />
  <testcase classname="ptolemy.util.test.junit.AutoTests" name="[16] /home/travis/build/icyphy/ptII/ptolemy/domains/continuous/test/auto/CausalityInterfaceFeedback1.xml (RunModel)" time="0.025" />
  <testcase classname="ptolemy.util.test.junit.AutoTests" name="[17] /home/travis/build/icyphy/ptII/ptolemy/domains/continuous/test/auto/CausalityInterfaceFeedback2.xml (RunModel)" time="0.037" />
  <testcase classname="ptolemy.util.test.junit.AutoTests" name="[18] /home/travis/build/icyphy/ptII/ptolemy/domains/continuous/test/auto/CompareWithCurrentTime.xml (RunModel)" time="0.021" />
  <testcase classname="ptolemy.util.test.junit.AutoTests" name="[19] /home/travis/build/icyphy/ptII/ptolemy/domains/continuous/test/auto/ComparedClocks.xml (RunModel)" time="0.069" />
  <testcase classname="ptolemy.util.test.junit.AutoTests" name="[20] /home/travis/build/icyphy/ptII/ptolemy/domains/continuous/test/auto/ContinuousAOCClone.xml (RunModel)" time="2.377" />
  <testcase classname="ptolemy.util.test.junit.AutoTests" name="[21] /home/travis/build/icyphy/ptII/ptolemy/domains/continuous/test/auto/ContinuousClock.xml (RunModel)" time="0.076" />
  <testcase classname="ptolemy.util.test.junit.AutoTests" name="[22] /home/travis/build/icyphy/ptII/ptolemy/domains/continuous/test/auto/ContinuousInContinuous.xml (RunModel)" time="0.081" />
  <testcase classname="ptolemy.util.test.junit.AutoTests" name="[23] /home/travis/build/icyphy/ptII/ptolemy/domains/continuous/test/auto/ContinuousInContinuousInContinuous.xml (RunModel)" time="0.024" />
  <testcase classname="ptolemy.util.test.junit.AutoTests" name="[24] /home/travis/build/icyphy/ptII/ptolemy/domains/continuous/test/auto/ContinuousInDE.xml (RunModel)" time="0.11" />
  <testcase classname="ptolemy.util.test.junit.AutoTests" name="[25] /home/travis/build/icyphy/ptII/ptolemy/domains/continuous/test/auto/ContinuousInDE2.xml (RunModel)" time="0.054" />
  <testcase classname="ptolemy.util.test.junit.AutoTests" name="[26] /home/travis/build/icyphy/ptII/ptolemy/domains/continuous/test/auto/ContinuousInDE3.xml (RunModel)" time="0.057" />
  <testcase classname="ptolemy.util.test.junit.AutoTests" name="[27] /home/travis/build/icyphy/ptII/ptolemy/domains/continuous/test/auto/ContinuousInDE4.xml (RunModel)" time="0.03" />
  <testcase classname="ptolemy.util.test.junit.AutoTests" name="[28] /home/travis/build/icyphy/ptII/ptolemy/domains/continuous/test/auto/ContinuousInDEDifferentRefinements.xml (RunModel)" time="0.096" />
  <testcase classname="ptolemy.util.test.junit.AutoTests" name="[29] /home/travis/build/icyphy/ptII/ptolemy/domains/continuous/test/auto/ContinuousInDEDifferentRefinementsPreemptive.xml (RunModel)" time="0.075" />
  <testcase classname="ptolemy.util.test.junit.AutoTests" name="[30] /home/travis/build/icyphy/ptII/ptolemy/domains/continuous/test/auto/ContinuousInDEInContinuous2.xml (RunModel)" time="0.053" />
  <testcase classname="ptolemy.util.test.junit.AutoTests" name="[31] /home/travis/build/icyphy/ptII/ptolemy/domains/continuous/test/auto/ContinuousInDEInContinuous3.xml (RunModel)" time="0.053" />
  <testcase classname="ptolemy.util.test.junit.AutoTests" name="[32] /home/travis/build/icyphy/ptII/ptolemy/domains/continuous/test/auto/ContinuousInDEInput.xml (RunModel)" time="0.027" />
  <testcase classname="ptolemy.util.test.junit.AutoTests" name="[33] /home/travis/build/icyphy/ptII/ptolemy/domains/continuous/test/auto/ContinuousInDEInput2.xml (RunModel)" time="0.036" />
  <testcase classname="ptolemy.util.test.junit.AutoTests" name="[34] /home/travis/build/icyphy/ptII/ptolemy/domains/continuous/test/auto/ContinuousInDEInput3.xml (RunModel)" time="0.028" />
  <testcase classname="ptolemy.util.test.junit.AutoTests" name="[35] /home/travis/build/icyphy/ptII/ptolemy/domains/continuous/test/auto/ContinuousInDESharingRefinement.xml (RunModel)" time="0.168" />
  <testcase classname="ptolemy.util.test.junit.AutoTests" name="[36] /home/travis/build/icyphy/ptII/ptolemy/domains/continuous/test/auto/ContinuousInDEwithNoPorts.xml (RunModel)" time="0.021" />
  <testcase classname="ptolemy.util.test.junit.AutoTests" name="[37] /home/travis/build/icyphy/ptII/ptolemy/domains/continuous/test/auto/ContinuousInsideDE.xml (RunModel)" time="0.076" />
  <testcase classname="ptolemy.util.test.junit.AutoTests" name="[38] /home/travis/build/icyphy/ptII/ptolemy/domains/continuous/test/auto/ContinuousMerge1.xml (RunModel)" time="0.023" />
  <testcase classname="ptolemy.util.test.junit.AutoTests" name="[39] /home/travis/build/icyphy/ptII/ptolemy/domains/continuous/test/auto/ContinuousMerge2.xml (RunModel)" time="0.051" />
  <testcase classname="ptolemy.util.test.junit.AutoTests" name="[40] /home/travis/build/icyphy/ptII/ptolemy/domains/continuous/test/auto/ContinuousMerge3.xml (RunModel)" time="0.054" />
  <testcase classname="ptolemy.util.test.junit.AutoTests" name="[41] /home/travis/build/icyphy/ptII/ptolemy/domains/continuous/test/auto/ContinuousWithinContinuous.xml (RunModel)" time="0.048" />
  <testcase classname="ptolemy.util.test.junit.AutoTests" name="[42] /home/travis/build/icyphy/ptII/ptolemy/domains/continuous/test/auto/ContinuousWithinContinuous2.xml (RunModel)" time="0.059" />
  <testcase classname="ptolemy.util.test.junit.AutoTests" name="[43] /home/travis/build/icyphy/ptII/ptolemy/domains/continuous/test/auto/ContinuousWithinContinuous3.xml (RunModel)" time="0.022" />
  <testcase classname="ptolemy.util.test.junit.AutoTests" name="[44] /home/travis/build/icyphy/ptII/ptolemy/domains/continuous/test/auto/ContinuousWithinContinuous4.xml (RunModel)" time="0.069" />
  <testcase classname="ptolemy.util.test.junit.AutoTests" name="[45] /home/travis/build/icyphy/ptII/ptolemy/domains/continuous/test/auto/ContinuousWithinContinuous5.xml (RunModel)" time="0.028" />
  <testcase classname="ptolemy.util.test.junit.AutoTests" name="[46] /home/travis/build/icyphy/ptII/ptolemy/domains/continuous/test/auto/ContinuousWithinContinuous6.xml (RunModel)" time="0.038" />
  <testcase classname="ptolemy.util.test.junit.AutoTests" name="[47] /home/travis/build/icyphy/ptII/ptolemy/domains/continuous/test/auto/ContinuousWithinContinuous7.xml (RunModel)" time="0.056" />
  <testcase classname="ptolemy.util.test.junit.AutoTests" name="[48] /home/travis/build/icyphy/ptII/ptolemy/domains/continuous/test/auto/DCMotor.xml (RunModel)" time="12.257" />
  <testcase classname="ptolemy.util.test.junit.AutoTests" name="[49] /home/travis/build/icyphy/ptII/ptolemy/domains/continuous/test/auto/DEInContinuous.xml (RunModel)" time="0.031" />
  <testcase classname="ptolemy.util.test.junit.AutoTests" name="[50] /home/travis/build/icyphy/ptII/ptolemy/domains/continuous/test/auto/DEinContinuous2.xml (RunModel)" time="0.025" />
  <testcase classname="ptolemy.util.test.junit.AutoTests" name="[51] /home/travis/build/icyphy/ptII/ptolemy/domains/continuous/test/auto/Derivative.xml (RunModel)" time="0.164" />
  <testcase classname="ptolemy.util.test.junit.AutoTests" name="[52] /home/travis/build/icyphy/ptII/ptolemy/domains/continuous/test/auto/Derivative1.xml (RunModel)" time="0.038" />
  <testcase classname="ptolemy.util.test.junit.AutoTests" name="[53] /home/travis/build/icyphy/ptII/ptolemy/domains/continuous/test/auto/DiscreteClock.xml (RunModel)" time="0.011" />
  <testcase classname="ptolemy.util.test.junit.AutoTests" name="[54] /home/travis/build/icyphy/ptII/ptolemy/domains/continuous/test/auto/EfficiencyCurve.xml (RunModel)" time="0.093" />
  <testcase classname="ptolemy.util.test.junit.AutoTests" name="[55] /home/travis/build/icyphy/ptII/ptolemy/domains/continuous/test/auto/ExponentialResponse.xml (RunModel)" time="0.098" />
  <testcase classname="ptolemy.util.test.junit.AutoTests" name="[56] /home/travis/build/icyphy/ptII/ptolemy/domains/continuous/test/auto/ExponentialResponseRK45.xml (RunModel)" time="0.031" />
  <testcase classname="ptolemy.util.test.junit.AutoTests" name="[57] /home/travis/build/icyphy/ptII/ptolemy/domains/continuous/test/auto/Friction.xml (RunModel)" time="1.483" />
  <testcase classname="ptolemy.util.test.junit.AutoTests" name="[58] /home/travis/build/icyphy/ptII/ptolemy/domains/continuous/test/auto/FurutaPendulum.xml (RunModel)" time="2.888" />
  <testcase classname="ptolemy.util.test.junit.AutoTests" name="[59] /home/travis/build/icyphy/ptII/ptolemy/domains/continuous/test/auto/HierarchicalExecution.xml (RunModel)" time="1.86" />
  <testcase classname="ptolemy.util.test.junit.AutoTests" name="[60] /home/travis/build/icyphy/ptII/ptolemy/domains/continuous/test/auto/HybridPlant.xml (RunModel)" time="0.475" />
  <testcase classname="ptolemy.util.test.junit.AutoTests" name="[61] /home/travis/build/icyphy/ptII/ptolemy/domains/continuous/test/auto/Hysteresis.xml (RunModel)" time="0.17" />
  <testcase classname="ptolemy.util.test.junit.AutoTests" name="[62] /home/travis/build/icyphy/ptII/ptolemy/domains/continuous/test/auto/HysteresisWithRandomDelay.xml (RunModel)" time="0.216" />
  <testcase classname="ptolemy.util.test.junit.AutoTests" name="[63] /home/travis/build/icyphy/ptII/ptolemy/domains/continuous/test/auto/HysteresisWithRandomLosses.xml (RunModel)" time="2.176" />
  <testcase classname="ptolemy.util.test.junit.AutoTests" name="[64] /home/travis/build/icyphy/ptII/ptolemy/domains/continuous/test/auto/ImmediateTransitions.xml (RunModel)" time="0.038" />
  <testcase classname="ptolemy.util.test.junit.AutoTests" name="[65] /home/travis/build/icyphy/ptII/ptolemy/domains/continuous/test/auto/ImpulseFeedback.xml (RunModel)" time="0.017" />
  <testcase classname="ptolemy.util.test.junit.AutoTests" name="[66] /home/travis/build/icyphy/ptII/ptolemy/domains/continuous/test/auto/ImpulseFeedback2.xml (RunModel)" time="0.014" />
  <testcase classname="ptolemy.util.test.junit.AutoTests" name="[67] /home/travis/build/icyphy/ptII/ptolemy/domains/continuous/test/auto/IncreasingRatePoisson.xml (RunModel)" time="0.729" />
  <testcase classname="ptolemy.util.test.junit.AutoTests" name="[68] /home/travis/build/icyphy/ptII/ptolemy/domains/continuous/test/auto/InitialStateFeedback.xml (RunModel)" time="0.013" />
  <testcase classname="ptolemy.util.test.junit.AutoTests" name="[69] /home/travis/build/icyphy/ptII/ptolemy/domains/continuous/test/auto/Integration.xml (RunModel)" time="0.011" />
  <testcase classname="ptolemy.util.test.junit.AutoTests" name="[70] /home/travis/build/icyphy/ptII/ptolemy/domains/continuous/test/auto/Integration2.xml (RunModel)" time="0.09" />
  <testcase classname="ptolemy.util.test.junit.AutoTests" name="[71] /home/travis/build/icyphy/ptII/ptolemy/domains/continuous/test/auto/Integration3.xml (RunModel)" time="0.01" />
  <testcase classname="ptolemy.util.test.junit.AutoTests" name="[72] /home/travis/build/icyphy/ptII/ptolemy/domains/continuous/test/auto/Integration5.xml (RunModel)" time="0.008" />
  <testcase classname="ptolemy.util.test.junit.AutoTests" name="[73] /home/travis/build/icyphy/ptII/ptolemy/domains/continuous/test/auto/IntegratorImpulse.xml (RunModel)" time="0.012" />
  <testcase classname="ptolemy.util.test.junit.AutoTests" name="[74] /home/travis/build/icyphy/ptII/ptolemy/domains/continuous/test/auto/IntegratorImpulse2.xml (RunModel)" time="0.009" />
  <testcase classname="ptolemy.util.test.junit.AutoTests" name="[75] /home/travis/build/icyphy/ptII/ptolemy/domains/continuous/test/auto/LevelCrossing1.xml (RunModel)" time="0.011" />
  <testcase classname="ptolemy.util.test.junit.AutoTests" name="[76] /home/travis/build/icyphy/ptII/ptolemy/domains/continuous/test/auto/LevelCrossing2.xml (RunModel)" time="0.014" />
  <testcase classname="ptolemy.util.test.junit.AutoTests" name="[77] /home/travis/build/icyphy/ptII/ptolemy/domains/continuous/test/auto/LevelCrossing3.xml (RunModel)" time="0.025" />
  <testcase classname="ptolemy.util.test.junit.AutoTests" name="[78] /home/travis/build/icyphy/ptII/ptolemy/domains/continuous/test/auto/LevelCrossing4.xml (RunModel)" time="0.013" />
  <testcase classname="ptolemy.util.test.junit.AutoTests" name="[79] /home/travis/build/icyphy/ptII/ptolemy/domains/continuous/test/auto/LevelCrossing5.xml (RunModel)" time="0.012" />
  <testcase classname="ptolemy.util.test.junit.AutoTests" name="[80] /home/travis/build/icyphy/ptII/ptolemy/domains/continuous/test/auto/LevelCrossing6.xml (RunModel)" time="0.011" />
  <testcase classname="ptolemy.util.test.junit.AutoTests" name="[81] /home/travis/build/icyphy/ptII/ptolemy/domains/continuous/test/auto/LevelCrossingDetector.xml (RunModel)" time="0.034" />
  <testcase classname="ptolemy.util.test.junit.AutoTests" name="[82] /home/travis/build/icyphy/ptII/ptolemy/domains/continuous/test/auto/LevelCrossingDetectorDetectingDirections.xml (RunModel)" time="0.086" />
  <testcase classname="ptolemy.util.test.junit.AutoTests" name="[83] /home/travis/build/icyphy/ptII/ptolemy/domains/continuous/test/auto/LevelCrossingDetectorDetectsGlitches.xml (RunModel)" time="0.059" />
  <testcase classname="ptolemy.util.test.junit.AutoTests" name="[84] /home/travis/build/icyphy/ptII/ptolemy/domains/continuous/test/auto/LevelCrossingNoInitialOuput.xml (RunModel)" time="0.012" />
  <testcase classname="ptolemy.util.test.junit.AutoTests" name="[85] /home/travis/build/icyphy/ptII/ptolemy/domains/continuous/test/auto/LinearStateSpaceExample.xml (RunModel)" time="0.065" />
  <testcase classname="ptolemy.util.test.junit.AutoTests" name="[86] /home/travis/build/icyphy/ptII/ptolemy/domains/continuous/test/auto/Lorenz.xml (RunModel)" time="3.302" />
  <testcase classname="ptolemy.util.test.junit.AutoTests" name="[87] /home/travis/build/icyphy/ptII/ptolemy/domains/continuous/test/auto/LorenzDifferentialSystem.xml (RunModel)" time="1.026" />
  <testcase classname="ptolemy.util.test.junit.AutoTests" name="[88] /home/travis/build/icyphy/ptII/ptolemy/domains/continuous/test/auto/LorenzDifferentialSystemWithInput.xml (RunModel)" time="1.139" />
  <testcase classname="ptolemy.util.test.junit.AutoTests" name="[89] /home/travis/build/icyphy/ptII/ptolemy/domains/continuous/test/auto/LorenzDifferentialSystemWithTime.xml (RunModel)" time="0.652" />
  <testcase classname="ptolemy.util.test.junit.AutoTests" name="[90] /home/travis/build/icyphy/ptII/ptolemy/domains/continuous/test/auto/Microsteps.xml (RunModel)" time="0.018" />
  <testcase classname="ptolemy.util.test.junit.AutoTests" name="[91] /home/travis/build/icyphy/ptII/ptolemy/domains/continuous/test/auto/Modal1.xml (RunModel)" time="0.035" />
  <testcase classname="ptolemy.util.test.junit.AutoTests" name="[92] /home/travis/build/icyphy/ptII/ptolemy/domains/continuous/test/auto/Modal2.xml (RunModel)" time="0.038" />
  <testcase classname="ptolemy.util.test.junit.AutoTests" name="[93] /home/travis/build/icyphy/ptII/ptolemy/domains/continuous/test/auto/ModalTransitionGuardWithReset.xml (RunModel)" time="0.028" />
  <testcase classname="ptolemy.util.test.junit.AutoTests" name="[94] /home/travis/build/icyphy/ptII/ptolemy/domains/continuous/test/auto/ModalTransitionGuardWithResetUsingPreemptiveTransition.xml (RunModel)" time="0.023" />
  <testcase classname="ptolemy.util.test.junit.AutoTests" name="[95] /home/travis/build/icyphy/ptII/ptolemy/domains/continuous/test/auto/ModalTransitionGuardWithResetUsingPreemptiveTransition2.xml (RunModel)" time="0.031" />
  <testcase classname="ptolemy.util.test.junit.AutoTests" name="[96] /home/travis/build/icyphy/ptII/ptolemy/domains/continuous/test/auto/ModalTransitionGuardWithResetUsingPreemptiveTransition3.xml (RunModel)" time="0.024" />
  <testcase classname="ptolemy.util.test.junit.AutoTests" name="[97] /home/travis/build/icyphy/ptII/ptolemy/domains/continuous/test/auto/NewtonsCradle.xml (RunModel)" time="0.71" />
  <testcase classname="ptolemy.util.test.junit.AutoTests" name="[98] /home/travis/build/icyphy/ptII/ptolemy/domains/continuous/test/auto/NewtonsCradleAnimated.xml (RunModel)" time="1.103" />
  <testcase classname="ptolemy.util.test.junit.AutoTests" name="[99] /home/travis/build/icyphy/ptII/ptolemy/domains/continuous/test/auto/NewtonsCradleComplicated.xml (RunModel)" time="0.859" />
  <testcase classname="ptolemy.util.test.junit.AutoTests" name="[100] /home/travis/build/icyphy/ptII/ptolemy/domains/continuous/test/auto/NewtonsCradleNondeterministic.xml (RunModel)" time="0.636" />
  <testcase classname="ptolemy.util.test.junit.AutoTests" name="[101] /home/travis/build/icyphy/ptII/ptolemy/domains/continuous/test/auto/NewtonsCradlePerfectlyInelastic1.xml (RunModel)" time="1.105" />
  <testcase classname="ptolemy.util.test.junit.AutoTests" name="[102] /home/travis/build/icyphy/ptII/ptolemy/domains/continuous/test/auto/Noise.xml (RunModel)" time="0.178" />
  <testcase classname="ptolemy.util.test.junit.AutoTests" name="[103] /home/travis/build/icyphy/ptII/ptolemy/domains/continuous/test/auto/NoiseSpectrum.xml (RunModel)" time="0.681" />
  <testcase classname="ptolemy.util.test.junit.AutoTests" name="[104] /home/travis/build/icyphy/ptII/ptolemy/domains/continuous/test/auto/ParameterizedNewtonsCradleAnimated.xml (RunModel)" time="0.33" />
  <testcase classname="ptolemy.util.test.junit.AutoTests" name="[105] /home/travis/build/icyphy/ptII/ptolemy/domains/continuous/test/auto/ParameterizedNewtonsCradleAnimatedNondeterministic.xml (RunModel)" time="1.085" />
  <testcase classname="ptolemy.util.test.junit.AutoTests" name="[106] /home/travis/build/icyphy/ptII/ptolemy/domains/continuous/test/auto/Pendulum3D.xml (RunModel)" time="0.152" />
  <testcase classname="ptolemy.util.test.junit.AutoTests" name="[107] /home/travis/build/icyphy/ptII/ptolemy/domains/continuous/test/auto/PeriodicSampler.xml (RunModel)" time="0.011" />
  <testcase classname="ptolemy.util.test.junit.AutoTests" name="[108] /home/travis/build/icyphy/ptII/ptolemy/domains/continuous/test/auto/PeriodicSampler1.xml (RunModel)" time="0.035" />
  <testcase classname="ptolemy.util.test.junit.AutoTests" name="[109] /home/travis/build/icyphy/ptII/ptolemy/domains/continuous/test/auto/PeriodicSampler2.xml (RunModel)" time="0.069" />
  <testcase classname="ptolemy.util.test.junit.AutoTests" name="[110] /home/travis/build/icyphy/ptII/ptolemy/domains/continuous/test/auto/Poisson.xml (RunModel)" time="0.46" />
  <testcase classname="ptolemy.util.test.junit.AutoTests" name="[111] /home/travis/build/icyphy/ptII/ptolemy/domains/continuous/test/auto/PoissonClock.xml (RunModel)" time="0.012" />
  <testcase classname="ptolemy.util.test.junit.AutoTests" name="[112] /home/travis/build/icyphy/ptII/ptolemy/domains/continuous/test/auto/PoissonClock2.xml (RunModel)" time="0.015" />
  <testcase classname="ptolemy.util.test.junit.AutoTests" name="[113] /home/travis/build/icyphy/ptII/ptolemy/domains/continuous/test/auto/PortParameterHierarchy.xml (RunModel)" time="0.027" />
  <testcase classname="ptolemy.util.test.junit.AutoTests" name="[114] /home/travis/build/icyphy/ptII/ptolemy/domains/continuous/test/auto/RandomHybridPlant.xml (RunModel)" time="0.581" />
  <testcase classname="ptolemy.util.test.junit.AutoTests" name="[115] /home/travis/build/icyphy/ptII/ptolemy/domains/continuous/test/auto/ResetTransitionWithStartTime1.xml (RunModel)" time="0.024" />
  <testcase classname="ptolemy.util.test.junit.AutoTests" name="[116] /home/travis/build/icyphy/ptII/ptolemy/domains/continuous/test/auto/ResetTransitionWithStartTime2.xml (RunModel)" time="0.031" />
  <testcase classname="ptolemy.util.test.junit.AutoTests" name="[117] /home/travis/build/icyphy/ptII/ptolemy/domains/continuous/test/auto/ResetTransitionWithStartTime3.xml (RunModel)" time="0.031" />
  <testcase classname="ptolemy.util.test.junit.AutoTests" name="[118] /home/travis/build/icyphy/ptII/ptolemy/domains/continuous/test/auto/ResetTransitionWithStartTime4.xml (RunModel)" time="0.026" />
  <testcase classname="ptolemy.util.test.junit.AutoTests" name="[119] /home/travis/build/icyphy/ptII/ptolemy/domains/continuous/test/auto/ResetTransitionWithStartTime5.xml (RunModel)" time="0.034" />
  <testcase classname="ptolemy.util.test.junit.AutoTests" name="[120] /home/travis/build/icyphy/ptII/ptolemy/domains/continuous/test/auto/ResetTransitionWithStartTime6.xml (RunModel)" time="0.022" />
  <testcase classname="ptolemy.util.test.junit.AutoTests" name="[121] /home/travis/build/icyphy/ptII/ptolemy/domains/continuous/test/auto/SRinContinuous.xml (RunModel)" time="0.024" />
  <testcase classname="ptolemy.util.test.junit.AutoTests" name="[122] /home/travis/build/icyphy/ptII/ptolemy/domains/continuous/test/auto/SampledClocks.xml (RunModel)" time="0.031" />
  <testcase classname="ptolemy.util.test.junit.AutoTests" name="[123] /home/travis/build/icyphy/ptII/ptolemy/domains/continuous/test/auto/Satellite.xml (RunModel)" time="0.654" />
  <testcase classname="ptolemy.util.test.junit.AutoTests" name="[124] /home/travis/build/icyphy/ptII/ptolemy/domains/continuous/test/auto/SigmaDelta.xml (RunModel)" time="2.15" />
  <testcase classname="ptolemy.util.test.junit.AutoTests" name="[125] /home/travis/build/icyphy/ptII/ptolemy/domains/continuous/test/auto/SingleRefinement.xml (RunModel)" time="0.476" />
  <testcase classname="ptolemy.util.test.junit.AutoTests" name="[126] /home/travis/build/icyphy/ptII/ptolemy/domains/continuous/test/auto/SinuBouncingBall.xml (RunModel)" time="0.799" />
  <testcase classname="ptolemy.util.test.junit.AutoTests" name="[127] /home/travis/build/icyphy/ptII/ptolemy/domains/continuous/test/auto/Sinusoid.xml (RunModel)" time="0.015" />
  <testcase classname="ptolemy.util.test.junit.AutoTests" name="[128] /home/travis/build/icyphy/ptII/ptolemy/domains/continuous/test/auto/SinusoidInNoise.xml (RunModel)" time="0.816" />
  <testcase classname="ptolemy.util.test.junit.AutoTests" name="[129] /home/travis/build/icyphy/ptII/ptolemy/domains/continuous/test/auto/SinusoidRK45.xml (RunModel)" time="0.013" />
  <testcase classname="ptolemy.util.test.junit.AutoTests" name="[130] /home/travis/build/icyphy/ptII/ptolemy/domains/continuous/test/auto/SinusoidWithMultipleImpulses.xml (RunModel)" time="0.011" />
  <testcase classname="ptolemy.util.test.junit.AutoTests" name="[131] /home/travis/build/icyphy/ptII/ptolemy/domains/continuous/test/auto/SquareWave.xml (RunModel)" time="0.158" />
  <testcase classname="ptolemy.util.test.junit.AutoTests" name="[132] /home/travis/build/icyphy/ptII/ptolemy/domains/continuous/test/auto/Starmac.xml (RunModel)" time="3.338" />
  <testcase classname="ptolemy.util.test.junit.AutoTests" name="[133] /home/travis/build/icyphy/ptII/ptolemy/domains/continuous/test/auto/StaticUnits.xml (RunModel)" time="2.345" />
  <testcase classname="ptolemy.util.test.junit.AutoTests" name="[134] /home/travis/build/icyphy/ptII/ptolemy/domains/continuous/test/auto/StickyMasses.xml (RunModel)" time="0.174" />
  <testcase classname="ptolemy.util.test.junit.AutoTests" name="[135] /home/travis/build/icyphy/ptII/ptolemy/domains/continuous/test/auto/StopTime.xml (RunModel)" time="0.07" />
  <testcase classname="ptolemy.util.test.junit.AutoTests" name="[136] /home/travis/build/icyphy/ptII/ptolemy/domains/continuous/test/auto/StopTime2.xml (RunModel)" time="0.055" />
  <testcase classname="ptolemy.util.test.junit.AutoTests" name="[137] /home/travis/build/icyphy/ptII/ptolemy/domains/continuous/test/auto/Switch.xml (RunModel)" time="0.069" />
  <testcase classname="ptolemy.util.test.junit.AutoTests" name="[138] /home/travis/build/icyphy/ptII/ptolemy/domains/continuous/test/auto/Thermostat.xml (RunModel)" time="0.213" />
  <testcase classname="ptolemy.util.test.junit.AutoTests" name="[139] /home/travis/build/icyphy/ptII/ptolemy/domains/continuous/test/auto/TimeDelay.xml (RunModel)" time="0.018" />
  <testcase classname="ptolemy.util.test.junit.AutoTests" name="[140] /home/travis/build/icyphy/ptII/ptolemy/domains/continuous/test/auto/TimeDelay2.xml (RunModel)" time="0.028" />
  <testcase classname="ptolemy.util.test.junit.AutoTests" name="[141] /home/travis/build/icyphy/ptII/ptolemy/domains/continuous/test/auto/TimeDelay3.xml (RunModel)" time="0.012" />
  <testcase classname="ptolemy.util.test.junit.AutoTests" name="[142] /home/travis/build/icyphy/ptII/ptolemy/domains/continuous/test/auto/TransferAbsentToInside.xml (RunModel)" time="0.095" />
  <testcase classname="ptolemy.util.test.junit.AutoTests" name="[143] /home/travis/build/icyphy/ptII/ptolemy/domains/continuous/test/auto/Transmission.xml (RunModel)" time="0.771" />
  <testcase classname="ptolemy.util.test.junit.AutoTests" name="[144] /home/travis/build/icyphy/ptII/ptolemy/domains/continuous/test/auto/TriggeredContinuousClock.xml (RunModel)" time="0.078" />
  <testcase classname="ptolemy.util.test.junit.AutoTests" name="[145] /home/travis/build/icyphy/ptII/ptolemy/domains/continuous/test/auto/TwoMachineInfiniteBusControl.xml (RunModel)" time="2.558" />
  <testcase classname="ptolemy.util.test.junit.AutoTests" name="[146] /home/travis/build/icyphy/ptII/ptolemy/domains/continuous/test/auto/V2V.xml (RunModel)" time="0.772" />
  <testcase classname="ptolemy.util.test.junit.AutoTests" name="[147] /home/travis/build/icyphy/ptII/ptolemy/domains/continuous/test/auto/hierarchicalModalModel.xml (RunModel)" time="0.03" />
  <testcase classname="ptolemy.util.test.junit.AutoTests" name="[148] /home/travis/build/icyphy/ptII/ptolemy/domains/continuous/test/auto/hierarchicalModalModel1.xml (RunModel)" time="0.031" />
  <testcase classname="ptolemy.util.test.junit.AutoTests" name="[149] /home/travis/build/icyphy/ptII/ptolemy/domains/continuous/test/auto/hierarchicalModalModel2.xml (RunModel)" time="0.026" />
  <testcase classname="ptolemy.util.test.junit.AutoTests" name="[150] /home/travis/build/icyphy/ptII/ptolemy/domains/continuous/test/auto/hierarchicalModalModel3.xml (RunModel)" time="0.02" />
  <testcase classname="ptolemy.util.test.junit.AutoTests" name="[151] /home/travis/build/icyphy/ptII/ptolemy/domains/continuous/test/auto/hierarchicalModalModel4.xml (RunModel)" time="0.023" />
  <testcase classname="ptolemy.util.test.junit.AutoTests" name="[152] /home/travis/build/icyphy/ptII/ptolemy/domains/continuous/test/auto/junk.xml (RunModel)" time="0.127" />
  <system-out><![CDATA[No tcl tests in /home/travis/build/icyphy/ptII/ptolemy/domains/continuous/test
No auto/knownFailedTests/*.xml tests in /home/travis/build/icyphy/ptII/ptolemy/domains/continuous/test
No auto/linux-amd64/*.xml tests in /home/travis/build/icyphy/ptII/ptolemy/domains/continuous/test
AutoTests.java: About to close Vertx.
AutoTests.java: Vertx closed.

===========================================================================================
----------------- testing Sat Apr 25 14:03:44 UTC 2020 /home/travis/build/icyphy/ptII/ptolemy/domains/continuous/test/auto/BouncingBall.xml
----------------- Instantiating /home/travis/build/icyphy/ptII/ptolemy/domains/continuous/test/auto/BouncingBall.xml
2380 ms. Memory: 129024K Free: 41226K (32%)
----------------- Invoking toplevel() on ptolemy.moml.MoMLSimpleApplication@25e296d
----------------- Done invoking toplevel() on ptolemy.moml.MoMLSimpleApplication@25e296d
reloadAllAccessors: .BouncingBall

===========================================================================================
----------------- testing Sat Apr 25 14:03:47 UTC 2020 /home/travis/build/icyphy/ptII/ptolemy/domains/continuous/test/auto/BouncingBallWithoutGR.xml
----------------- Instantiating /home/travis/build/icyphy/ptII/ptolemy/domains/continuous/test/auto/BouncingBallWithoutGR.xml
802 ms. Memory: 155648K Free: 114407K (74%)
----------------- Invoking toplevel() on ptolemy.moml.MoMLSimpleApplication@39f90d8b
----------------- Done invoking toplevel() on ptolemy.moml.MoMLSimpleApplication@39f90d8b
reloadAllAccessors: .BouncingBallWithoutGR

===========================================================================================
----------------- testing Sat Apr 25 14:03:48 UTC 2020 /home/travis/build/icyphy/ptII/ptolemy/domains/continuous/test/auto/Brownian.xml
----------------- Instantiating /home/travis/build/icyphy/ptII/ptolemy/domains/continuous/test/auto/Brownian.xml
27 ms. Memory: 155648K Free: 105701K (68%)
----------------- Invoking toplevel() on ptolemy.moml.MoMLSimpleApplication@744db198
----------------- Done invoking toplevel() on ptolemy.moml.MoMLSimpleApplication@744db198
reloadAllAccessors: .Brownian

===========================================================================================
----------------- testing Sat Apr 25 14:03:48 UTC 2020 /home/travis/build/icyphy/ptII/ptolemy/domains/continuous/test/auto/CarTracking.xml
----------------- Instantiating /home/travis/build/icyphy/ptII/ptolemy/domains/continuous/test/auto/CarTracking.xml
3362 ms. Memory: 187392K Free: 110974K (59%)
----------------- Invoking toplevel() on ptolemy.moml.MoMLSimpleApplication@5eb09f49
----------------- Done invoking toplevel() on ptolemy.moml.MoMLSimpleApplication@5eb09f49
reloadAllAccessors: .CarTracking

===========================================================================================
----------------- testing Sat Apr 25 14:03:52 UTC 2020 /home/travis/build/icyphy/ptII/ptolemy/domains/continuous/test/auto/CartPendulum.xml
----------------- Instantiating /home/travis/build/icyphy/ptII/ptolemy/domains/continuous/test/auto/CartPendulum.xml
434 ms. Memory: 225280K Free: 167716K (74%)
----------------- Invoking toplevel() on ptolemy.moml.MoMLSimpleApplication@82e8745
----------------- Done invoking toplevel() on ptolemy.moml.MoMLSimpleApplication@82e8745
reloadAllAccessors: .CartPendulum

===========================================================================================
----------------- testing Sat Apr 25 14:03:52 UTC 2020 /home/travis/build/icyphy/ptII/ptolemy/domains/continuous/test/auto/CausalityInterface10.xml
----------------- Instantiating /home/travis/build/icyphy/ptII/ptolemy/domains/continuous/test/auto/CausalityInterface10.xml
6 ms. Memory: 225280K Free: 156994K (70%)
----------------- Invoking toplevel() on ptolemy.moml.MoMLSimpleApplication@696c815
----------------- Done invoking toplevel() on ptolemy.moml.MoMLSimpleApplication@696c815
reloadAllAccessors: .CausalityInterface10

===========================================================================================
----------------- testing Sat Apr 25 14:03:53 UTC 2020 /home/travis/build/icyphy/ptII/ptolemy/domains/continuous/test/auto/CausalityInterface11.xml
----------------- Instantiating /home/travis/build/icyphy/ptII/ptolemy/domains/continuous/test/auto/CausalityInterface11.xml
8 ms. Memory: 225280K Free: 150852K (67%)
----------------- Invoking toplevel() on ptolemy.moml.MoMLSimpleApplication@43347f82
----------------- Done invoking toplevel() on ptolemy.moml.MoMLSimpleApplication@43347f82
reloadAllAccessors: .CausalityInterface11

===========================================================================================
----------------- testing Sat Apr 25 14:03:53 UTC 2020 /home/travis/build/icyphy/ptII/ptolemy/domains/continuous/test/auto/CausalityInterface12.xml
----------------- Instantiating /home/travis/build/icyphy/ptII/ptolemy/domains/continuous/test/auto/CausalityInterface12.xml
7 ms. Memory: 225280K Free: 144708K (64%)
----------------- Invoking toplevel() on ptolemy.moml.MoMLSimpleApplication@4baf26de
----------------- Done invoking toplevel() on ptolemy.moml.MoMLSimpleApplication@4baf26de
reloadAllAccessors: .CausalityInterface12

===========================================================================================
----------------- testing Sat Apr 25 14:03:53 UTC 2020 /home/travis/build/icyphy/ptII/ptolemy/domains/continuous/test/auto/CausalityInterface13.xml
----------------- Instantiating /home/travis/build/icyphy/ptII/ptolemy/domains/continuous/test/auto/CausalityInterface13.xml
6 ms. Memory: 225280K Free: 138564K (62%)
----------------- Invoking toplevel() on ptolemy.moml.MoMLSimpleApplication@fa70ce5
----------------- Done invoking toplevel() on ptolemy.moml.MoMLSimpleApplication@fa70ce5
reloadAllAccessors: .CausalityInterface13

===========================================================================================
----------------- testing Sat Apr 25 14:03:53 UTC 2020 /home/travis/build/icyphy/ptII/ptolemy/domains/continuous/test/auto/CausalityInterface14.xml
----------------- Instantiating /home/travis/build/icyphy/ptII/ptolemy/domains/continuous/test/auto/CausalityInterface14.xml
4 ms. Memory: 225280K Free: 132916K (59%)
----------------- Invoking toplevel() on ptolemy.moml.MoMLSimpleApplication@25be06d2
----------------- Done invoking toplevel() on ptolemy.moml.MoMLSimpleApplication@25be06d2
reloadAllAccessors: .CausalityInterface14

===========================================================================================
----------------- testing Sat Apr 25 14:03:53 UTC 2020 /home/travis/build/icyphy/ptII/ptolemy/domains/continuous/test/auto/CausalityInterface4.xml
----------------- Instantiating /home/travis/build/icyphy/ptII/ptolemy/domains/continuous/test/auto/CausalityInterface4.xml
3 ms. Memory: 225280K Free: 126276K (56%)
----------------- Invoking toplevel() on ptolemy.moml.MoMLSimpleApplication@550e0111
----------------- Done invoking toplevel() on ptolemy.moml.MoMLSimpleApplication@550e0111
reloadAllAccessors: .CausalityInterface4

===========================================================================================
----------------- testing Sat Apr 25 14:03:53 UTC 2020 /home/travis/build/icyphy/ptII/ptolemy/domains/continuous/test/auto/CausalityInterface5.xml
----------------- Instantiating /home/travis/build/icyphy/ptII/ptolemy/domains/continuous/test/auto/CausalityInterface5.xml
3 ms. Memory: 225280K Free: 118084K (52%)
----------------- Invoking toplevel() on ptolemy.moml.MoMLSimpleApplication@2d036795
----------------- Done invoking toplevel() on ptolemy.moml.MoMLSimpleApplication@2d036795
reloadAllAccessors: .CausalityInterface5

===========================================================================================
----------------- testing Sat Apr 25 14:03:53 UTC 2020 /home/travis/build/icyphy/ptII/ptolemy/domains/continuous/test/auto/CausalityInterface6.xml
----------------- Instantiating /home/travis/build/icyphy/ptII/ptolemy/domains/continuous/test/auto/CausalityInterface6.xml
4 ms. Memory: 225280K Free: 112964K (50%)
----------------- Invoking toplevel() on ptolemy.moml.MoMLSimpleApplication@4fccd3c3
----------------- Done invoking toplevel() on ptolemy.moml.MoMLSimpleApplication@4fccd3c3
reloadAllAccessors: .CausalityInterface6

===========================================================================================
----------------- testing Sat Apr 25 14:03:53 UTC 2020 /home/travis/build/icyphy/ptII/ptolemy/domains/continuous/test/auto/CausalityInterface7.xml
----------------- Instantiating /home/travis/build/icyphy/ptII/ptolemy/domains/continuous/test/auto/CausalityInterface7.xml
10 ms. Memory: 225280K Free: 104258K (46%)
----------------- Invoking toplevel() on ptolemy.moml.MoMLSimpleApplication@10d9c42d
----------------- Done invoking toplevel() on ptolemy.moml.MoMLSimpleApplication@10d9c42d
reloadAllAccessors: .CausalityInterface7

===========================================================================================
----------------- testing Sat Apr 25 14:03:53 UTC 2020 /home/travis/build/icyphy/ptII/ptolemy/domains/continuous/test/auto/CausalityInterface8.xml
----------------- Instantiating /home/travis/build/icyphy/ptII/ptolemy/domains/continuous/test/auto/CausalityInterface8.xml
6 ms. Memory: 225280K Free: 95556K (42%)
----------------- Invoking toplevel() on ptolemy.moml.MoMLSimpleApplication@46269b7d
----------------- Done invoking toplevel() on ptolemy.moml.MoMLSimpleApplication@46269b7d
reloadAllAccessors: .CausalityInterface8

===========================================================================================
----------------- testing Sat Apr 25 14:03:53 UTC 2020 /home/travis/build/icyphy/ptII/ptolemy/domains/continuous/test/auto/CausalityInterface9.xml
----------------- Instantiating /home/travis/build/icyphy/ptII/ptolemy/domains/continuous/test/auto/CausalityInterface9.xml
9 ms. Memory: 225280K Free: 84802K (38%)
----------------- Invoking toplevel() on ptolemy.moml.MoMLSimpleApplication@6448449f
----------------- Done invoking toplevel() on ptolemy.moml.MoMLSimpleApplication@6448449f
reloadAllAccessors: .CausalityInterface9

===========================================================================================
----------------- testing Sat Apr 25 14:03:53 UTC 2020 /home/travis/build/icyphy/ptII/ptolemy/domains/continuous/test/auto/CausalityInterfaceFeedback1.xml
----------------- Instantiating /home/travis/build/icyphy/ptII/ptolemy/domains/continuous/test/auto/CausalityInterfaceFeedback1.xml
4 ms. Memory: 225280K Free: 78148K (35%)
----------------- Invoking toplevel() on ptolemy.moml.MoMLSimpleApplication@5bae42af
----------------- Done invoking toplevel() on ptolemy.moml.MoMLSimpleApplication@5bae42af
reloadAllAccessors: .CausalityInterfaceFeedback1

===========================================================================================
----------------- testing Sat Apr 25 14:03:53 UTC 2020 /home/travis/build/icyphy/ptII/ptolemy/domains/continuous/test/auto/CausalityInterfaceFeedback2.xml
----------------- Instantiating /home/travis/build/icyphy/ptII/ptolemy/domains/continuous/test/auto/CausalityInterfaceFeedback2.xml
6 ms. Memory: 225280K Free: 205807K (91%)
----------------- Invoking toplevel() on ptolemy.moml.MoMLSimpleApplication@72e8de9a
----------------- Done invoking toplevel() on ptolemy.moml.MoMLSimpleApplication@72e8de9a
reloadAllAccessors: .CausalityInterfaceFeedback2

===========================================================================================
----------------- testing Sat Apr 25 14:03:53 UTC 2020 /home/travis/build/icyphy/ptII/ptolemy/domains/continuous/test/auto/CompareWithCurrentTime.xml
----------------- Instantiating /home/travis/build/icyphy/ptII/ptolemy/domains/continuous/test/auto/CompareWithCurrentTime.xml
4 ms. Memory: 225280K Free: 201729K (90%)
----------------- Invoking toplevel() on ptolemy.moml.MoMLSimpleApplication@1973f9e1
----------------- Done invoking toplevel() on ptolemy.moml.MoMLSimpleApplication@1973f9e1
reloadAllAccessors: .CompareWithCurrentTime

===========================================================================================
----------------- testing Sat Apr 25 14:03:53 UTC 2020 /home/travis/build/icyphy/ptII/ptolemy/domains/continuous/test/auto/ComparedClocks.xml
----------------- Instantiating /home/travis/build/icyphy/ptII/ptolemy/domains/continuous/test/auto/ComparedClocks.xml
8 ms. Memory: 225280K Free: 186355K (83%)
----------------- Invoking toplevel() on ptolemy.moml.MoMLSimpleApplication@60f97c86
----------------- Done invoking toplevel() on ptolemy.moml.MoMLSimpleApplication@60f97c86
reloadAllAccessors: .ComparedClocks

===========================================================================================
----------------- testing Sat Apr 25 14:03:53 UTC 2020 /home/travis/build/icyphy/ptII/ptolemy/domains/continuous/test/auto/ContinuousAOCClone.xml
----------------- Instantiating /home/travis/build/icyphy/ptII/ptolemy/domains/continuous/test/auto/ContinuousAOCClone.xml
2228 ms. Memory: 270336K Free: 241348K (89%)
----------------- Invoking toplevel() on ptolemy.moml.MoMLSimpleApplication@300982e8
----------------- Done invoking toplevel() on ptolemy.moml.MoMLSimpleApplication@300982e8
reloadAllAccessors: .ContinuousAOCClone

===========================================================================================
----------------- testing Sat Apr 25 14:03:55 UTC 2020 /home/travis/build/icyphy/ptII/ptolemy/domains/continuous/test/auto/ContinuousClock.xml
----------------- Instantiating /home/travis/build/icyphy/ptII/ptolemy/domains/continuous/test/auto/ContinuousClock.xml
30 ms. Memory: 270336K Free: 219844K (81%)
----------------- Invoking toplevel() on ptolemy.moml.MoMLSimpleApplication@389fe76b
----------------- Done invoking toplevel() on ptolemy.moml.MoMLSimpleApplication@389fe76b
reloadAllAccessors: .ContinuousClock

===========================================================================================
----------------- testing Sat Apr 25 14:03:56 UTC 2020 /home/travis/build/icyphy/ptII/ptolemy/domains/continuous/test/auto/ContinuousInContinuous.xml
----------------- Instantiating /home/travis/build/icyphy/ptII/ptolemy/domains/continuous/test/auto/ContinuousInContinuous.xml
37 ms. Memory: 270336K Free: 196262K (73%)
----------------- Invoking toplevel() on ptolemy.moml.MoMLSimpleApplication@6947abb4
----------------- Done invoking toplevel() on ptolemy.moml.MoMLSimpleApplication@6947abb4
reloadAllAccessors: .ContinuousInContinuous

===========================================================================================
----------------- testing Sat Apr 25 14:03:56 UTC 2020 /home/travis/build/icyphy/ptII/ptolemy/domains/continuous/test/auto/ContinuousInContinuousInContinuous.xml
----------------- Instantiating /home/travis/build/icyphy/ptII/ptolemy/domains/continuous/test/auto/ContinuousInContinuousInContinuous.xml
8 ms. Memory: 270336K Free: 189124K (70%)
----------------- Invoking toplevel() on ptolemy.moml.MoMLSimpleApplication@3a18d74c
----------------- Done invoking toplevel() on ptolemy.moml.MoMLSimpleApplication@3a18d74c
reloadAllAccessors: .ContinuousInContinuousInContinuous

===========================================================================================
----------------- testing Sat Apr 25 14:03:56 UTC 2020 /home/travis/build/icyphy/ptII/ptolemy/domains/continuous/test/auto/ContinuousInDE.xml
----------------- Instantiating /home/travis/build/icyphy/ptII/ptolemy/domains/continuous/test/auto/ContinuousInDE.xml
87 ms. Memory: 270336K Free: 178374K (66%)
----------------- Invoking toplevel() on ptolemy.moml.MoMLSimpleApplication@3de2a89a
----------------- Done invoking toplevel() on ptolemy.moml.MoMLSimpleApplication@3de2a89a
reloadAllAccessors: .ContinuousInDE

===========================================================================================
----------------- testing Sat Apr 25 14:03:56 UTC 2020 /home/travis/build/icyphy/ptII/ptolemy/domains/continuous/test/auto/ContinuousInDE2.xml
----------------- Instantiating /home/travis/build/icyphy/ptII/ptolemy/domains/continuous/test/auto/ContinuousInDE2.xml
36 ms. Memory: 270336K Free: 168644K (62%)
----------------- Invoking toplevel() on ptolemy.moml.MoMLSimpleApplication@71562035
----------------- Done invoking toplevel() on ptolemy.moml.MoMLSimpleApplication@71562035
reloadAllAccessors: .ContinuousInDE2

===========================================================================================
----------------- testing Sat Apr 25 14:03:56 UTC 2020 /home/travis/build/icyphy/ptII/ptolemy/domains/continuous/test/auto/ContinuousInDE3.xml
----------------- Instantiating /home/travis/build/icyphy/ptII/ptolemy/domains/continuous/test/auto/ContinuousInDE3.xml
38 ms. Memory: 270336K Free: 158918K (59%)
----------------- Invoking toplevel() on ptolemy.moml.MoMLSimpleApplication@68e3d58a
----------------- Done invoking toplevel() on ptolemy.moml.MoMLSimpleApplication@68e3d58a
reloadAllAccessors: .ContinuousInDE3

===========================================================================================
----------------- testing Sat Apr 25 14:03:56 UTC 2020 /home/travis/build/icyphy/ptII/ptolemy/domains/continuous/test/auto/ContinuousInDE4.xml
----------------- Instantiating /home/travis/build/icyphy/ptII/ptolemy/domains/continuous/test/auto/ContinuousInDE4.xml
12 ms. Memory: 270336K Free: 152260K (56%)
----------------- Invoking toplevel() on ptolemy.moml.MoMLSimpleApplication@1f55f5e
----------------- Done invoking toplevel() on ptolemy.moml.MoMLSimpleApplication@1f55f5e
reloadAllAccessors: .ContinuousInDE4

===========================================================================================
----------------- testing Sat Apr 25 14:03:56 UTC 2020 /home/travis/build/icyphy/ptII/ptolemy/domains/continuous/test/auto/ContinuousInDEDifferentRefinements.xml
----------------- Instantiating /home/travis/build/icyphy/ptII/ptolemy/domains/continuous/test/auto/ContinuousInDEDifferentRefinements.xml
47 ms. Memory: 270336K Free: 121510K (45%)
----------------- Invoking toplevel() on ptolemy.moml.MoMLSimpleApplication@5d64d99c
----------------- Done invoking toplevel() on ptolemy.moml.MoMLSimpleApplication@5d64d99c
reloadAllAccessors: .ContinuousInDEDifferentRefinements

===========================================================================================
----------------- testing Sat Apr 25 14:03:56 UTC 2020 /home/travis/build/icyphy/ptII/ptolemy/domains/continuous/test/auto/ContinuousInDEDifferentRefinementsPreemptive.xml
----------------- Instantiating /home/travis/build/icyphy/ptII/ptolemy/domains/continuous/test/auto/ContinuousInDEDifferentRefinementsPreemptive.xml
43 ms. Memory: 270336K Free: 251649K (93%)
----------------- Invoking toplevel() on ptolemy.moml.MoMLSimpleApplication@534a18e8
----------------- Done invoking toplevel() on ptolemy.moml.MoMLSimpleApplication@534a18e8
reloadAllAccessors: .ContinuousInDEDifferentRefinementsPreemptive

===========================================================================================
----------------- testing Sat Apr 25 14:03:56 UTC 2020 /home/travis/build/icyphy/ptII/ptolemy/domains/continuous/test/auto/ContinuousInDEInContinuous2.xml
----------------- Instantiating /home/travis/build/icyphy/ptII/ptolemy/domains/continuous/test/auto/ContinuousInDEInContinuous2.xml
30 ms. Memory: 270336K Free: 239794K (89%)
----------------- Invoking toplevel() on ptolemy.moml.MoMLSimpleApplication@462a15b3
----------------- Done invoking toplevel() on ptolemy.moml.MoMLSimpleApplication@462a15b3
reloadAllAccessors: .ContinuousInDEInContinuous2

===========================================================================================
----------------- testing Sat Apr 25 14:03:56 UTC 2020 /home/travis/build/icyphy/ptII/ptolemy/domains/continuous/test/auto/ContinuousInDEInContinuous3.xml
----------------- Instantiating /home/travis/build/icyphy/ptII/ptolemy/domains/continuous/test/auto/ContinuousInDEInContinuous3.xml
30 ms. Memory: 270336K Free: 227506K (84%)
----------------- Invoking toplevel() on ptolemy.moml.MoMLSimpleApplication@36ed170c
----------------- Done invoking toplevel() on ptolemy.moml.MoMLSimpleApplication@36ed170c
reloadAllAccessors: .ContinuousInDEInContinuous3

===========================================================================================
----------------- testing Sat Apr 25 14:03:56 UTC 2020 /home/travis/build/icyphy/ptII/ptolemy/domains/continuous/test/auto/ContinuousInDEInput.xml
----------------- Instantiating /home/travis/build/icyphy/ptII/ptolemy/domains/continuous/test/auto/ContinuousInDEInput.xml
12 ms. Memory: 270336K Free: 220338K (82%)
----------------- Invoking toplevel() on ptolemy.moml.MoMLSimpleApplication@31bdf287
----------------- Done invoking toplevel() on ptolemy.moml.MoMLSimpleApplication@31bdf287
reloadAllAccessors: .ContinuousInDEInput

===========================================================================================
----------------- testing Sat Apr 25 14:03:56 UTC 2020 /home/travis/build/icyphy/ptII/ptolemy/domains/continuous/test/auto/ContinuousInDEInput2.xml
----------------- Instantiating /home/travis/build/icyphy/ptII/ptolemy/domains/continuous/test/auto/ContinuousInDEInput2.xml
11 ms. Memory: 270336K Free: 213170K (79%)
----------------- Invoking toplevel() on ptolemy.moml.MoMLSimpleApplication@10f92088
----------------- Done invoking toplevel() on ptolemy.moml.MoMLSimpleApplication@10f92088
reloadAllAccessors: .ContinuousInDEInput2

===========================================================================================
----------------- testing Sat Apr 25 14:03:56 UTC 2020 /home/travis/build/icyphy/ptII/ptolemy/domains/continuous/test/auto/ContinuousInDEInput3.xml
----------------- Instantiating /home/travis/build/icyphy/ptII/ptolemy/domains/continuous/test/auto/ContinuousInDEInput3.xml
10 ms. Memory: 270336K Free: 206002K (76%)
----------------- Invoking toplevel() on ptolemy.moml.MoMLSimpleApplication@7c69c0bf
----------------- Done invoking toplevel() on ptolemy.moml.MoMLSimpleApplication@7c69c0bf
reloadAllAccessors: .ContinuousInDEInput3

===========================================================================================
----------------- testing Sat Apr 25 14:03:56 UTC 2020 /home/travis/build/icyphy/ptII/ptolemy/domains/continuous/test/auto/ContinuousInDESharingRefinement.xml
----------------- Instantiating /home/travis/build/icyphy/ptII/ptolemy/domains/continuous/test/auto/ContinuousInDESharingRefinement.xml
140 ms. Memory: 270336K Free: 111794K (41%)
----------------- Invoking toplevel() on ptolemy.moml.MoMLSimpleApplication@77dd7f32
----------------- Done invoking toplevel() on ptolemy.moml.MoMLSimpleApplication@77dd7f32
reloadAllAccessors: .ContinuousInDESharingRefinement

===========================================================================================
----------------- testing Sat Apr 25 14:03:56 UTC 2020 /home/travis/build/icyphy/ptII/ptolemy/domains/continuous/test/auto/ContinuousInDEwithNoPorts.xml
----------------- Instantiating /home/travis/build/icyphy/ptII/ptolemy/domains/continuous/test/auto/ContinuousInDEwithNoPorts.xml
6 ms. Memory: 270336K Free: 107698K (40%)
----------------- Invoking toplevel() on ptolemy.moml.MoMLSimpleApplication@4053daf
----------------- Done invoking toplevel() on ptolemy.moml.MoMLSimpleApplication@4053daf
reloadAllAccessors: .ContinuousInDEwithNoPorts

===========================================================================================
----------------- testing Sat Apr 25 14:03:56 UTC 2020 /home/travis/build/icyphy/ptII/ptolemy/domains/continuous/test/auto/ContinuousInsideDE.xml
----------------- Instantiating /home/travis/build/icyphy/ptII/ptolemy/domains/continuous/test/auto/ContinuousInsideDE.xml
31 ms. Memory: 270336K Free: 96434K (36%)
----------------- Invoking toplevel() on ptolemy.moml.MoMLSimpleApplication@79b6be11
----------------- Done invoking toplevel() on ptolemy.moml.MoMLSimpleApplication@79b6be11
reloadAllAccessors: .ContinuousInsideDE

===========================================================================================
----------------- testing Sat Apr 25 14:03:57 UTC 2020 /home/travis/build/icyphy/ptII/ptolemy/domains/continuous/test/auto/ContinuousMerge1.xml
----------------- Instantiating /home/travis/build/icyphy/ptII/ptolemy/domains/continuous/test/auto/ContinuousMerge1.xml
2 ms. Memory: 270336K Free: 253372K (94%)
----------------- Invoking toplevel() on ptolemy.moml.MoMLSimpleApplication@1083d0f7
----------------- Done invoking toplevel() on ptolemy.moml.MoMLSimpleApplication@1083d0f7
reloadAllAccessors: .ContinuousMerge1

===========================================================================================
----------------- testing Sat Apr 25 14:03:57 UTC 2020 /home/travis/build/icyphy/ptII/ptolemy/domains/continuous/test/auto/ContinuousMerge2.xml
----------------- Instantiating /home/travis/build/icyphy/ptII/ptolemy/domains/continuous/test/auto/ContinuousMerge2.xml
12 ms. Memory: 270336K Free: 243132K (90%)
----------------- Invoking toplevel() on ptolemy.moml.MoMLSimpleApplication@373339aa
----------------- Done invoking toplevel() on ptolemy.moml.MoMLSimpleApplication@373339aa
reloadAllAccessors: .ContinuousMerge2

===========================================================================================
----------------- testing Sat Apr 25 14:03:57 UTC 2020 /home/travis/build/icyphy/ptII/ptolemy/domains/continuous/test/auto/ContinuousMerge3.xml
----------------- Instantiating /home/travis/build/icyphy/ptII/ptolemy/domains/continuous/test/auto/ContinuousMerge3.xml
34 ms. Memory: 270336K Free: 232378K (86%)
----------------- Invoking toplevel() on ptolemy.moml.MoMLSimpleApplication@543f6b79
----------------- Done invoking toplevel() on ptolemy.moml.MoMLSimpleApplication@543f6b79
reloadAllAccessors: .ContinuousMerge3

===========================================================================================
----------------- testing Sat Apr 25 14:03:57 UTC 2020 /home/travis/build/icyphy/ptII/ptolemy/domains/continuous/test/auto/ContinuousWithinContinuous.xml
----------------- Instantiating /home/travis/build/icyphy/ptII/ptolemy/domains/continuous/test/auto/ContinuousWithinContinuous.xml
27 ms. Memory: 270336K Free: 223676K (83%)
----------------- Invoking toplevel() on ptolemy.moml.MoMLSimpleApplication@2865566e
----------------- Done invoking toplevel() on ptolemy.moml.MoMLSimpleApplication@2865566e
reloadAllAccessors: .ContinuousWithinContinuous

===========================================================================================
----------------- testing Sat Apr 25 14:03:57 UTC 2020 /home/travis/build/icyphy/ptII/ptolemy/domains/continuous/test/auto/ContinuousWithinContinuous2.xml
----------------- Instantiating /home/travis/build/icyphy/ptII/ptolemy/domains/continuous/test/auto/ContinuousWithinContinuous2.xml
48 ms. Memory: 270336K Free: 213436K (79%)
----------------- Invoking toplevel() on ptolemy.moml.MoMLSimpleApplication@13807ff1
----------------- Done invoking toplevel() on ptolemy.moml.MoMLSimpleApplication@13807ff1
reloadAllAccessors: .ContinuousWithinContinuous2

===========================================================================================
----------------- testing Sat Apr 25 14:03:57 UTC 2020 /home/travis/build/icyphy/ptII/ptolemy/domains/continuous/test/auto/ContinuousWithinContinuous3.xml
----------------- Instantiating /home/travis/build/icyphy/ptII/ptolemy/domains/continuous/test/auto/ContinuousWithinContinuous3.xml
9 ms. Memory: 270336K Free: 206268K (76%)
----------------- Invoking toplevel() on ptolemy.moml.MoMLSimpleApplication@e7212cd
----------------- Done invoking toplevel() on ptolemy.moml.MoMLSimpleApplication@e7212cd
reloadAllAccessors: .ContinuousWithinContinuous3

===========================================================================================
----------------- testing Sat Apr 25 14:03:57 UTC 2020 /home/travis/build/icyphy/ptII/ptolemy/domains/continuous/test/auto/ContinuousWithinContinuous4.xml
----------------- Instantiating /home/travis/build/icyphy/ptII/ptolemy/domains/continuous/test/auto/ContinuousWithinContinuous4.xml
54 ms. Memory: 270336K Free: 193980K (72%)
----------------- Invoking toplevel() on ptolemy.moml.MoMLSimpleApplication@2f6652a8
----------------- Done invoking toplevel() on ptolemy.moml.MoMLSimpleApplication@2f6652a8
reloadAllAccessors: .ContinuousWithinContinuous4

===========================================================================================
----------------- testing Sat Apr 25 14:03:57 UTC 2020 /home/travis/build/icyphy/ptII/ptolemy/domains/continuous/test/auto/ContinuousWithinContinuous5.xml
----------------- Instantiating /home/travis/build/icyphy/ptII/ptolemy/domains/continuous/test/auto/ContinuousWithinContinuous5.xml
10 ms. Memory: 270336K Free: 186812K (69%)
----------------- Invoking toplevel() on ptolemy.moml.MoMLSimpleApplication@1e5f0876
----------------- Done invoking toplevel() on ptolemy.moml.MoMLSimpleApplication@1e5f0876
reloadAllAccessors: .ContinuousWithinContinuous5

===========================================================================================
----------------- testing Sat Apr 25 14:03:57 UTC 2020 /home/travis/build/icyphy/ptII/ptolemy/domains/continuous/test/auto/ContinuousWithinContinuous6.xml
----------------- Instantiating /home/travis/build/icyphy/ptII/ptolemy/domains/continuous/test/auto/ContinuousWithinContinuous6.xml
9 ms. Memory: 270336K Free: 179644K (66%)
----------------- Invoking toplevel() on ptolemy.moml.MoMLSimpleApplication@15582ae8
----------------- Done invoking toplevel() on ptolemy.moml.MoMLSimpleApplication@15582ae8
reloadAllAccessors: .ContinuousWithinContinuous6

===========================================================================================
----------------- testing Sat Apr 25 14:03:57 UTC 2020 /home/travis/build/icyphy/ptII/ptolemy/domains/continuous/test/auto/ContinuousWithinContinuous7.xml
----------------- Instantiating /home/travis/build/icyphy/ptII/ptolemy/domains/continuous/test/auto/ContinuousWithinContinuous7.xml
45 ms. Memory: 270336K Free: 168890K (62%)
----------------- Invoking toplevel() on ptolemy.moml.MoMLSimpleApplication@333aa5af
----------------- Done invoking toplevel() on ptolemy.moml.MoMLSimpleApplication@333aa5af
reloadAllAccessors: .ContinuousWithinContinuous7

===========================================================================================
----------------- testing Sat Apr 25 14:03:57 UTC 2020 /home/travis/build/icyphy/ptII/ptolemy/domains/continuous/test/auto/DCMotor.xml
----------------- Instantiating /home/travis/build/icyphy/ptII/ptolemy/domains/continuous/test/auto/DCMotor.xml
12173 ms. Memory: 270336K Free: 147887K (55%)
----------------- Invoking toplevel() on ptolemy.moml.MoMLSimpleApplication@355776e3
----------------- Done invoking toplevel() on ptolemy.moml.MoMLSimpleApplication@355776e3
reloadAllAccessors: .DCMotor

===========================================================================================
----------------- testing Sat Apr 25 14:04:09 UTC 2020 /home/travis/build/icyphy/ptII/ptolemy/domains/continuous/test/auto/DEInContinuous.xml
----------------- Instantiating /home/travis/build/icyphy/ptII/ptolemy/domains/continuous/test/auto/DEInContinuous.xml
15 ms. Memory: 270336K Free: 141757K (52%)
----------------- Invoking toplevel() on ptolemy.moml.MoMLSimpleApplication@7fed2bf1
----------------- Done invoking toplevel() on ptolemy.moml.MoMLSimpleApplication@7fed2bf1
reloadAllAccessors: .DEInContinuous

===========================================================================================
----------------- testing Sat Apr 25 14:04:09 UTC 2020 /home/travis/build/icyphy/ptII/ptolemy/domains/continuous/test/auto/DEinContinuous2.xml
----------------- Instantiating /home/travis/build/icyphy/ptII/ptolemy/domains/continuous/test/auto/DEinContinuous2.xml
6 ms. Memory: 270336K Free: 134079K (50%)
----------------- Invoking toplevel() on ptolemy.moml.MoMLSimpleApplication@31ebfcc3
----------------- Done invoking toplevel() on ptolemy.moml.MoMLSimpleApplication@31ebfcc3
reloadAllAccessors: .DEinContinuous2

===========================================================================================
----------------- testing Sat Apr 25 14:04:09 UTC 2020 /home/travis/build/icyphy/ptII/ptolemy/domains/continuous/test/auto/Derivative.xml
----------------- Instantiating /home/travis/build/icyphy/ptII/ptolemy/domains/continuous/test/auto/Derivative.xml
117 ms. Memory: 270336K Free: 104893K (39%)
----------------- Invoking toplevel() on ptolemy.moml.MoMLSimpleApplication@3d77136e
----------------- Done invoking toplevel() on ptolemy.moml.MoMLSimpleApplication@3d77136e
reloadAllAccessors: .Derivative2

===========================================================================================
----------------- testing Sat Apr 25 14:04:10 UTC 2020 /home/travis/build/icyphy/ptII/ptolemy/domains/continuous/test/auto/Derivative1.xml
----------------- Instantiating /home/travis/build/icyphy/ptII/ptolemy/domains/continuous/test/auto/Derivative1.xml
16 ms. Memory: 270336K Free: 251286K (93%)
----------------- Invoking toplevel() on ptolemy.moml.MoMLSimpleApplication@59bc4f23
----------------- Done invoking toplevel() on ptolemy.moml.MoMLSimpleApplication@59bc4f23
reloadAllAccessors: .Derivative1

===========================================================================================
----------------- testing Sat Apr 25 14:04:10 UTC 2020 /home/travis/build/icyphy/ptII/ptolemy/domains/continuous/test/auto/DiscreteClock.xml
----------------- Instantiating /home/travis/build/icyphy/ptII/ptolemy/domains/continuous/test/auto/DiscreteClock.xml
2 ms. Memory: 270336K Free: 245920K (91%)
----------------- Invoking toplevel() on ptolemy.moml.MoMLSimpleApplication@fa4e2ed
----------------- Done invoking toplevel() on ptolemy.moml.MoMLSimpleApplication@fa4e2ed
reloadAllAccessors: .DiscreteClock

===========================================================================================
----------------- testing Sat Apr 25 14:04:10 UTC 2020 /home/travis/build/icyphy/ptII/ptolemy/domains/continuous/test/auto/EfficiencyCurve.xml
----------------- Instantiating /home/travis/build/icyphy/ptII/ptolemy/domains/continuous/test/auto/EfficiencyCurve.xml
52 ms. Memory: 270336K Free: 236704K (88%)
----------------- Invoking toplevel() on ptolemy.moml.MoMLSimpleApplication@2d808fc5
----------------- Done invoking toplevel() on ptolemy.moml.MoMLSimpleApplication@2d808fc5
reloadAllAccessors: .EfficiencyCurve

===========================================================================================
----------------- testing Sat Apr 25 14:04:10 UTC 2020 /home/travis/build/icyphy/ptII/ptolemy/domains/continuous/test/auto/ExponentialResponse.xml
----------------- Instantiating /home/travis/build/icyphy/ptII/ptolemy/domains/continuous/test/auto/ExponentialResponse.xml
89 ms. Memory: 270336K Free: 221344K (82%)
----------------- Invoking toplevel() on ptolemy.moml.MoMLSimpleApplication@286229a5
----------------- Done invoking toplevel() on ptolemy.moml.MoMLSimpleApplication@286229a5
reloadAllAccessors: .ExponentialResponse

===========================================================================================
----------------- testing Sat Apr 25 14:04:10 UTC 2020 /home/travis/build/icyphy/ptII/ptolemy/domains/continuous/test/auto/ExponentialResponseRK45.xml
----------------- Instantiating /home/travis/build/icyphy/ptII/ptolemy/domains/continuous/test/auto/ExponentialResponseRK45.xml
21 ms. Memory: 270336K Free: 214690K (79%)
----------------- Invoking toplevel() on ptolemy.moml.MoMLSimpleApplication@77ba492f
----------------- Done invoking toplevel() on ptolemy.moml.MoMLSimpleApplication@77ba492f
reloadAllAccessors: .ExponentialResponseRK45

===========================================================================================
----------------- testing Sat Apr 25 14:04:10 UTC 2020 /home/travis/build/icyphy/ptII/ptolemy/domains/continuous/test/auto/Friction.xml
----------------- Instantiating /home/travis/build/icyphy/ptII/ptolemy/domains/continuous/test/auto/Friction.xml
1352 ms. Memory: 270336K Free: 109761K (41%)
----------------- Invoking toplevel() on ptolemy.moml.MoMLSimpleApplication@3dea7582
----------------- Done invoking toplevel() on ptolemy.moml.MoMLSimpleApplication@3dea7582
reloadAllAccessors: .Friction

===========================================================================================
----------------- testing Sat Apr 25 14:04:11 UTC 2020 /home/travis/build/icyphy/ptII/ptolemy/domains/continuous/test/auto/FurutaPendulum.xml
----------------- Instantiating /home/travis/build/icyphy/ptII/ptolemy/domains/continuous/test/auto/FurutaPendulum.xml
2735 ms. Memory: 270336K Free: 239963K (89%)
----------------- Invoking toplevel() on ptolemy.moml.MoMLSimpleApplication@6cdb2c47
----------------- Done invoking toplevel() on ptolemy.moml.MoMLSimpleApplication@6cdb2c47
reloadAllAccessors: .FurutaPendulum

===========================================================================================
----------------- testing Sat Apr 25 14:04:14 UTC 2020 /home/travis/build/icyphy/ptII/ptolemy/domains/continuous/test/auto/HierarchicalExecution.xml
----------------- Instantiating /home/travis/build/icyphy/ptII/ptolemy/domains/continuous/test/auto/HierarchicalExecution.xml
1593 ms. Memory: 270336K Free: 118921K (44%)
----------------- Invoking toplevel() on ptolemy.moml.MoMLSimpleApplication@5891812
----------------- Done invoking toplevel() on ptolemy.moml.MoMLSimpleApplication@5891812
reloadAllAccessors: .HierarchicalExecution

===========================================================================================
----------------- testing Sat Apr 25 14:04:16 UTC 2020 /home/travis/build/icyphy/ptII/ptolemy/domains/continuous/test/auto/HybridPlant.xml
----------------- Instantiating /home/travis/build/icyphy/ptII/ptolemy/domains/continuous/test/auto/HybridPlant.xml
428 ms. Memory: 270336K Free: 175565K (65%)
----------------- Invoking toplevel() on ptolemy.moml.MoMLSimpleApplication@693f684a
----------------- Done invoking toplevel() on ptolemy.moml.MoMLSimpleApplication@693f684a
reloadAllAccessors: .HybridPlant

===========================================================================================
----------------- testing Sat Apr 25 14:04:17 UTC 2020 /home/travis/build/icyphy/ptII/ptolemy/domains/continuous/test/auto/Hysteresis.xml
----------------- Instantiating /home/travis/build/icyphy/ptII/ptolemy/domains/continuous/test/auto/Hysteresis.xml
131 ms. Memory: 270336K Free: 113086K (42%)
----------------- Invoking toplevel() on ptolemy.moml.MoMLSimpleApplication@5d4c3e52
----------------- Done invoking toplevel() on ptolemy.moml.MoMLSimpleApplication@5d4c3e52
reloadAllAccessors: .Hysteresis

===========================================================================================
----------------- testing Sat Apr 25 14:04:17 UTC 2020 /home/travis/build/icyphy/ptII/ptolemy/domains/continuous/test/auto/HysteresisWithRandomDelay.xml
----------------- Instantiating /home/travis/build/icyphy/ptII/ptolemy/domains/continuous/test/auto/HysteresisWithRandomDelay.xml
167 ms. Memory: 270336K Free: 202667K (75%)
----------------- Invoking toplevel() on ptolemy.moml.MoMLSimpleApplication@1ade0882
----------------- Done invoking toplevel() on ptolemy.moml.MoMLSimpleApplication@1ade0882
reloadAllAccessors: .HysteresisWithRandomDelay

===========================================================================================
----------------- testing Sat Apr 25 14:04:17 UTC 2020 /home/travis/build/icyphy/ptII/ptolemy/domains/continuous/test/auto/HysteresisWithRandomLosses.xml
----------------- Instantiating /home/travis/build/icyphy/ptII/ptolemy/domains/continuous/test/auto/HysteresisWithRandomLosses.xml
2110 ms. Memory: 270336K Free: 105101K (39%)
----------------- Invoking toplevel() on ptolemy.moml.MoMLSimpleApplication@281e52f9
----------------- Done invoking toplevel() on ptolemy.moml.MoMLSimpleApplication@281e52f9
reloadAllAccessors: .HysteresisWithRandomLosses

===========================================================================================
----------------- testing Sat Apr 25 14:04:19 UTC 2020 /home/travis/build/icyphy/ptII/ptolemy/domains/continuous/test/auto/ImmediateTransitions.xml
----------------- Instantiating /home/travis/build/icyphy/ptII/ptolemy/domains/continuous/test/auto/ImmediateTransitions.xml
10 ms. Memory: 270336K Free: 94333K (35%)
----------------- Invoking toplevel() on ptolemy.moml.MoMLSimpleApplication@7607a7a4
----------------- Done invoking toplevel() on ptolemy.moml.MoMLSimpleApplication@7607a7a4
reloadAllAccessors: .ImmediateTransitions

===========================================================================================
----------------- testing Sat Apr 25 14:04:19 UTC 2020 /home/travis/build/icyphy/ptII/ptolemy/domains/continuous/test/auto/ImpulseFeedback.xml
----------------- Instantiating /home/travis/build/icyphy/ptII/ptolemy/domains/continuous/test/auto/ImpulseFeedback.xml
6 ms. Memory: 270336K Free: 249143K (92%)
----------------- Invoking toplevel() on ptolemy.moml.MoMLSimpleApplication@40d6978c
----------------- Done invoking toplevel() on ptolemy.moml.MoMLSimpleApplication@40d6978c
reloadAllAccessors: .ImpulseFeedback

===========================================================================================
----------------- testing Sat Apr 25 14:04:19 UTC 2020 /home/travis/build/icyphy/ptII/ptolemy/domains/continuous/test/auto/ImpulseFeedback2.xml
----------------- Instantiating /home/travis/build/icyphy/ptII/ptolemy/domains/continuous/test/auto/ImpulseFeedback2.xml
5 ms. Memory: 270336K Free: 243509K (90%)
----------------- Invoking toplevel() on ptolemy.moml.MoMLSimpleApplication@3cbeaedf
----------------- Done invoking toplevel() on ptolemy.moml.MoMLSimpleApplication@3cbeaedf
reloadAllAccessors: .ImpulseFeedback2

===========================================================================================
----------------- testing Sat Apr 25 14:04:19 UTC 2020 /home/travis/build/icyphy/ptII/ptolemy/domains/continuous/test/auto/IncreasingRatePoisson.xml
----------------- Instantiating /home/travis/build/icyphy/ptII/ptolemy/domains/continuous/test/auto/IncreasingRatePoisson.xml
700 ms. Memory: 270336K Free: 98495K (36%)
----------------- Invoking toplevel() on ptolemy.moml.MoMLSimpleApplication@1fa04a0b
----------------- Done invoking toplevel() on ptolemy.moml.MoMLSimpleApplication@1fa04a0b
reloadAllAccessors: .IncreasingRatePoisson

===========================================================================================
----------------- testing Sat Apr 25 14:04:20 UTC 2020 /home/travis/build/icyphy/ptII/ptolemy/domains/continuous/test/auto/InitialStateFeedback.xml
----------------- Instantiating /home/travis/build/icyphy/ptII/ptolemy/domains/continuous/test/auto/InitialStateFeedback.xml
5 ms. Memory: 270336K Free: 93885K (35%)
----------------- Invoking toplevel() on ptolemy.moml.MoMLSimpleApplication@661f2a97
----------------- Done invoking toplevel() on ptolemy.moml.MoMLSimpleApplication@661f2a97
reloadAllAccessors: .InitialStateFeedback

===========================================================================================
----------------- testing Sat Apr 25 14:04:20 UTC 2020 /home/travis/build/icyphy/ptII/ptolemy/domains/continuous/test/auto/Integration.xml
----------------- Instantiating /home/travis/build/icyphy/ptII/ptolemy/domains/continuous/test/auto/Integration.xml
3 ms. Memory: 270336K Free: 250823K (93%)
----------------- Invoking toplevel() on ptolemy.moml.MoMLSimpleApplication@292078f9
----------------- Done invoking toplevel() on ptolemy.moml.MoMLSimpleApplication@292078f9
reloadAllAccessors: .Integration

===========================================================================================
----------------- testing Sat Apr 25 14:04:20 UTC 2020 /home/travis/build/icyphy/ptII/ptolemy/domains/continuous/test/auto/Integration2.xml
----------------- Instantiating /home/travis/build/icyphy/ptII/ptolemy/domains/continuous/test/auto/Integration2.xml
67 ms. Memory: 270336K Free: 236487K (87%)
----------------- Invoking toplevel() on ptolemy.moml.MoMLSimpleApplication@6c381920
----------------- Done invoking toplevel() on ptolemy.moml.MoMLSimpleApplication@6c381920
reloadAllAccessors: .Integration2

===========================================================================================
----------------- testing Sat Apr 25 14:04:20 UTC 2020 /home/travis/build/icyphy/ptII/ptolemy/domains/continuous/test/auto/Integration3.xml
----------------- Instantiating /home/travis/build/icyphy/ptII/ptolemy/domains/continuous/test/auto/Integration3.xml
2 ms. Memory: 270336K Free: 231881K (86%)
----------------- Invoking toplevel() on ptolemy.moml.MoMLSimpleApplication@594db8bf
----------------- Done invoking toplevel() on ptolemy.moml.MoMLSimpleApplication@594db8bf
reloadAllAccessors: .Integration3

===========================================================================================
----------------- testing Sat Apr 25 14:04:20 UTC 2020 /home/travis/build/icyphy/ptII/ptolemy/domains/continuous/test/auto/Integration5.xml
----------------- Instantiating /home/travis/build/icyphy/ptII/ptolemy/domains/continuous/test/auto/Integration5.xml
2 ms. Memory: 270336K Free: 227785K (84%)
----------------- Invoking toplevel() on ptolemy.moml.MoMLSimpleApplication@2e0fb72d
----------------- Done invoking toplevel() on ptolemy.moml.MoMLSimpleApplication@2e0fb72d
reloadAllAccessors: .Integration5

===========================================================================================
----------------- testing Sat Apr 25 14:04:20 UTC 2020 /home/travis/build/icyphy/ptII/ptolemy/domains/continuous/test/auto/IntegratorImpulse.xml
----------------- Instantiating /home/travis/build/icyphy/ptII/ptolemy/domains/continuous/test/auto/IntegratorImpulse.xml
5 ms. Memory: 270336K Free: 223689K (83%)
----------------- Invoking toplevel() on ptolemy.moml.MoMLSimpleApplication@62601821
----------------- Done invoking toplevel() on ptolemy.moml.MoMLSimpleApplication@62601821
reloadAllAccessors: .IntegratorImpulse

===========================================================================================
----------------- testing Sat Apr 25 14:04:20 UTC 2020 /home/travis/build/icyphy/ptII/ptolemy/domains/continuous/test/auto/IntegratorImpulse2.xml
----------------- Instantiating /home/travis/build/icyphy/ptII/ptolemy/domains/continuous/test/auto/IntegratorImpulse2.xml
4 ms. Memory: 270336K Free: 219065K (81%)
----------------- Invoking toplevel() on ptolemy.moml.MoMLSimpleApplication@5a6c594d
----------------- Done invoking toplevel() on ptolemy.moml.MoMLSimpleApplication@5a6c594d
reloadAllAccessors: .IntegratorImpulse2

===========================================================================================
----------------- testing Sat Apr 25 14:04:20 UTC 2020 /home/travis/build/icyphy/ptII/ptolemy/domains/continuous/test/auto/LevelCrossing1.xml
----------------- Instantiating /home/travis/build/icyphy/ptII/ptolemy/domains/continuous/test/auto/LevelCrossing1.xml
3 ms. Memory: 270336K Free: 213959K (79%)
----------------- Invoking toplevel() on ptolemy.moml.MoMLSimpleApplication@77d129b5
----------------- Done invoking toplevel() on ptolemy.moml.MoMLSimpleApplication@77d129b5
reloadAllAccessors: .LevelCrossing1

===========================================================================================
----------------- testing Sat Apr 25 14:04:20 UTC 2020 /home/travis/build/icyphy/ptII/ptolemy/domains/continuous/test/auto/LevelCrossing2.xml
----------------- Instantiating /home/travis/build/icyphy/ptII/ptolemy/domains/continuous/test/auto/LevelCrossing2.xml
3 ms. Memory: 270336K Free: 208839K (77%)
----------------- Invoking toplevel() on ptolemy.moml.MoMLSimpleApplication@2ad43ff
----------------- Done invoking toplevel() on ptolemy.moml.MoMLSimpleApplication@2ad43ff
reloadAllAccessors: .LevelCrossing2

===========================================================================================
----------------- testing Sat Apr 25 14:04:20 UTC 2020 /home/travis/build/icyphy/ptII/ptolemy/domains/continuous/test/auto/LevelCrossing3.xml
----------------- Instantiating /home/travis/build/icyphy/ptII/ptolemy/domains/continuous/test/auto/LevelCrossing3.xml
3 ms. Memory: 270336K Free: 203719K (75%)
----------------- Invoking toplevel() on ptolemy.moml.MoMLSimpleApplication@3c57598d
----------------- Done invoking toplevel() on ptolemy.moml.MoMLSimpleApplication@3c57598d
reloadAllAccessors: .LevelCrossing3

===========================================================================================
----------------- testing Sat Apr 25 14:04:20 UTC 2020 /home/travis/build/icyphy/ptII/ptolemy/domains/continuous/test/auto/LevelCrossing4.xml
----------------- Instantiating /home/travis/build/icyphy/ptII/ptolemy/domains/continuous/test/auto/LevelCrossing4.xml
3 ms. Memory: 270336K Free: 198599K (73%)
----------------- Invoking toplevel() on ptolemy.moml.MoMLSimpleApplication@4a327fef
----------------- Done invoking toplevel() on ptolemy.moml.MoMLSimpleApplication@4a327fef
reloadAllAccessors: .LevelCrossing4

===========================================================================================
----------------- testing Sat Apr 25 14:04:20 UTC 2020 /home/travis/build/icyphy/ptII/ptolemy/domains/continuous/test/auto/LevelCrossing5.xml
----------------- Instantiating /home/travis/build/icyphy/ptII/ptolemy/domains/continuous/test/auto/LevelCrossing5.xml
2 ms. Memory: 270336K Free: 193479K (72%)
----------------- Invoking toplevel() on ptolemy.moml.MoMLSimpleApplication@3abbe51
----------------- Done invoking toplevel() on ptolemy.moml.MoMLSimpleApplication@3abbe51
reloadAllAccessors: .LevelCrossing5

===========================================================================================
[...]
reloadAllAccessors: .ResetTransitionWithStartTime6

===========================================================================================
----------------- testing Sat Apr 25 14:04:35 UTC 2020 /home/travis/build/icyphy/ptII/ptolemy/domains/continuous/test/auto/SRinContinuous.xml
----------------- Instantiating /home/travis/build/icyphy/ptII/ptolemy/domains/continuous/test/auto/SRinContinuous.xml
7 ms. Memory: 324608K Free: 158193K (49%)
----------------- Invoking toplevel() on ptolemy.moml.MoMLSimpleApplication@25fbab6e
----------------- Done invoking toplevel() on ptolemy.moml.MoMLSimpleApplication@25fbab6e
reloadAllAccessors: .SRinContinuous

===========================================================================================
----------------- testing Sat Apr 25 14:04:35 UTC 2020 /home/travis/build/icyphy/ptII/ptolemy/domains/continuous/test/auto/SampledClocks.xml
----------------- Instantiating /home/travis/build/icyphy/ptII/ptolemy/domains/continuous/test/auto/SampledClocks.xml
6 ms. Memory: 324608K Free: 145391K (45%)
----------------- Invoking toplevel() on ptolemy.moml.MoMLSimpleApplication@49c8aeac
----------------- Done invoking toplevel() on ptolemy.moml.MoMLSimpleApplication@49c8aeac
reloadAllAccessors: .SampledClocks

===========================================================================================
----------------- testing Sat Apr 25 14:04:35 UTC 2020 /home/travis/build/icyphy/ptII/ptolemy/domains/continuous/test/auto/Satellite.xml
----------------- Instantiating /home/travis/build/icyphy/ptII/ptolemy/domains/continuous/test/auto/Satellite.xml
637 ms. Memory: 324608K Free: 138418K (43%)
----------------- Invoking toplevel() on ptolemy.moml.MoMLSimpleApplication@2504b0f
----------------- Done invoking toplevel() on ptolemy.moml.MoMLSimpleApplication@2504b0f
reloadAllAccessors: .Satellite

===========================================================================================
----------------- testing Sat Apr 25 14:04:36 UTC 2020 /home/travis/build/icyphy/ptII/ptolemy/domains/continuous/test/auto/SigmaDelta.xml
----------------- Instantiating /home/travis/build/icyphy/ptII/ptolemy/domains/continuous/test/auto/SigmaDelta.xml
2002 ms. Memory: 324608K Free: 259845K (80%)
----------------- Invoking toplevel() on ptolemy.moml.MoMLSimpleApplication@10bb2438
----------------- Done invoking toplevel() on ptolemy.moml.MoMLSimpleApplication@10bb2438
reloadAllAccessors: .SigmaDelta

===========================================================================================
----------------- testing Sat Apr 25 14:04:38 UTC 2020 /home/travis/build/icyphy/ptII/ptolemy/domains/continuous/test/auto/SingleRefinement.xml
----------------- Instantiating /home/travis/build/icyphy/ptII/ptolemy/domains/continuous/test/auto/SingleRefinement.xml
309 ms. Memory: 324608K Free: 270649K (83%)
----------------- Invoking toplevel() on ptolemy.moml.MoMLSimpleApplication@724a2b61
----------------- Done invoking toplevel() on ptolemy.moml.MoMLSimpleApplication@724a2b61
reloadAllAccessors: .SingleRefinement

===========================================================================================
----------------- testing Sat Apr 25 14:04:38 UTC 2020 /home/travis/build/icyphy/ptII/ptolemy/domains/continuous/test/auto/SinuBouncingBall.xml
----------------- Instantiating /home/travis/build/icyphy/ptII/ptolemy/domains/continuous/test/auto/SinuBouncingBall.xml
725 ms. Memory: 324608K Free: 247898K (76%)
----------------- Invoking toplevel() on ptolemy.moml.MoMLSimpleApplication@2c75bd05
----------------- Done invoking toplevel() on ptolemy.moml.MoMLSimpleApplication@2c75bd05
reloadAllAccessors: .SinuBouncingBall

===========================================================================================
----------------- testing Sat Apr 25 14:04:39 UTC 2020 /home/travis/build/icyphy/ptII/ptolemy/domains/continuous/test/auto/Sinusoid.xml
----------------- Instantiating /home/travis/build/icyphy/ptII/ptolemy/domains/continuous/test/auto/Sinusoid.xml
4 ms. Memory: 324608K Free: 243292K (75%)
----------------- Invoking toplevel() on ptolemy.moml.MoMLSimpleApplication@5416308
----------------- Done invoking toplevel() on ptolemy.moml.MoMLSimpleApplication@5416308
reloadAllAccessors: .Sinusoid

===========================================================================================
----------------- testing Sat Apr 25 14:04:39 UTC 2020 /home/travis/build/icyphy/ptII/ptolemy/domains/continuous/test/auto/SinusoidInNoise.xml
----------------- Instantiating /home/travis/build/icyphy/ptII/ptolemy/domains/continuous/test/auto/SinusoidInNoise.xml
779 ms. Memory: 324608K Free: 302198K (93%)
----------------- Invoking toplevel() on ptolemy.moml.MoMLSimpleApplication@4c8f087d
----------------- Done invoking toplevel() on ptolemy.moml.MoMLSimpleApplication@4c8f087d
reloadAllAccessors: .SinusoidInNoise

===========================================================================================
----------------- testing Sat Apr 25 14:04:40 UTC 2020 /home/travis/build/icyphy/ptII/ptolemy/domains/continuous/test/auto/SinusoidRK45.xml
----------------- Instantiating /home/travis/build/icyphy/ptII/ptolemy/domains/continuous/test/auto/SinusoidRK45.xml
2 ms. Memory: 324608K Free: 297558K (92%)
----------------- Invoking toplevel() on ptolemy.moml.MoMLSimpleApplication@78035542
----------------- Done invoking toplevel() on ptolemy.moml.MoMLSimpleApplication@78035542
reloadAllAccessors: .SinusoidRK45

===========================================================================================
----------------- testing Sat Apr 25 14:04:40 UTC 2020 /home/travis/build/icyphy/ptII/ptolemy/domains/continuous/test/auto/SinusoidWithMultipleImpulses.xml
----------------- Instantiating /home/travis/build/icyphy/ptII/ptolemy/domains/continuous/test/auto/SinusoidWithMultipleImpulses.xml
3 ms. Memory: 324608K Free: 292982K (90%)
----------------- Invoking toplevel() on ptolemy.moml.MoMLSimpleApplication@297bb60a
----------------- Done invoking toplevel() on ptolemy.moml.MoMLSimpleApplication@297bb60a
reloadAllAccessors: .SinusoidWithMultipleImpulses

===========================================================================================
----------------- testing Sat Apr 25 14:04:40 UTC 2020 /home/travis/build/icyphy/ptII/ptolemy/domains/continuous/test/auto/SquareWave.xml
----------------- Instantiating /home/travis/build/icyphy/ptII/ptolemy/domains/continuous/test/auto/SquareWave.xml
126 ms. Memory: 324608K Free: 265334K (82%)
----------------- Invoking toplevel() on ptolemy.moml.MoMLSimpleApplication@5892e07d
----------------- Done invoking toplevel() on ptolemy.moml.MoMLSimpleApplication@5892e07d
reloadAllAccessors: .SquareWave

===========================================================================================
----------------- testing Sat Apr 25 14:04:40 UTC 2020 /home/travis/build/icyphy/ptII/ptolemy/domains/continuous/test/auto/Starmac.xml
----------------- Instantiating /home/travis/build/icyphy/ptII/ptolemy/domains/continuous/test/auto/Starmac.xml
3040 ms. Memory: 324608K Free: 142161K (44%)
----------------- Invoking toplevel() on ptolemy.moml.MoMLSimpleApplication@4d09c585
----------------- Done invoking toplevel() on ptolemy.moml.MoMLSimpleApplication@4d09c585
reloadAllAccessors: .Starmac

===========================================================================================
----------------- testing Sat Apr 25 14:04:44 UTC 2020 /home/travis/build/icyphy/ptII/ptolemy/domains/continuous/test/auto/StaticUnits.xml
----------------- Instantiating /home/travis/build/icyphy/ptII/ptolemy/domains/continuous/test/auto/StaticUnits.xml
1825 ms. Memory: 324608K Free: 244791K (75%)
----------------- Invoking toplevel() on ptolemy.moml.MoMLSimpleApplication@60282441
----------------- Done invoking toplevel() on ptolemy.moml.MoMLSimpleApplication@60282441
reloadAllAccessors: .StaticUnits

===========================================================================================
----------------- testing Sat Apr 25 14:04:46 UTC 2020 /home/travis/build/icyphy/ptII/ptolemy/domains/continuous/test/auto/StickyMasses.xml
----------------- Instantiating /home/travis/build/icyphy/ptII/ptolemy/domains/continuous/test/auto/StickyMasses.xml
132 ms. Memory: 324608K Free: 195639K (60%)
----------------- Invoking toplevel() on ptolemy.moml.MoMLSimpleApplication@34e3a1dd
----------------- Done invoking toplevel() on ptolemy.moml.MoMLSimpleApplication@34e3a1dd
reloadAllAccessors: .StickyMasses

===========================================================================================
----------------- testing Sat Apr 25 14:04:46 UTC 2020 /home/travis/build/icyphy/ptII/ptolemy/domains/continuous/test/auto/StopTime.xml
----------------- Instantiating /home/travis/build/icyphy/ptII/ptolemy/domains/continuous/test/auto/StopTime.xml
46 ms. Memory: 324608K Free: 171063K (53%)
----------------- Invoking toplevel() on ptolemy.moml.MoMLSimpleApplication@2b1bb511
----------------- Done invoking toplevel() on ptolemy.moml.MoMLSimpleApplication@2b1bb511
reloadAllAccessors: .StopTime

===========================================================================================
----------------- testing Sat Apr 25 14:04:46 UTC 2020 /home/travis/build/icyphy/ptII/ptolemy/domains/continuous/test/auto/StopTime2.xml
----------------- Instantiating /home/travis/build/icyphy/ptII/ptolemy/domains/continuous/test/auto/StopTime2.xml
37 ms. Memory: 324608K Free: 149045K (46%)
----------------- Invoking toplevel() on ptolemy.moml.MoMLSimpleApplication@2b430b51
----------------- Done invoking toplevel() on ptolemy.moml.MoMLSimpleApplication@2b430b51
reloadAllAccessors: .StopTime2

===========================================================================================
----------------- testing Sat Apr 25 14:04:46 UTC 2020 /home/travis/build/icyphy/ptII/ptolemy/domains/continuous/test/auto/Switch.xml
----------------- Instantiating /home/travis/build/icyphy/ptII/ptolemy/domains/continuous/test/auto/Switch.xml
48 ms. Memory: 324608K Free: 124469K (38%)
----------------- Invoking toplevel() on ptolemy.moml.MoMLSimpleApplication@128a6b15
----------------- Done invoking toplevel() on ptolemy.moml.MoMLSimpleApplication@128a6b15
reloadAllAccessors: .Switch

===========================================================================================
----------------- testing Sat Apr 25 14:04:46 UTC 2020 /home/travis/build/icyphy/ptII/ptolemy/domains/continuous/test/auto/Thermostat.xml
----------------- Instantiating /home/travis/build/icyphy/ptII/ptolemy/domains/continuous/test/auto/Thermostat.xml
192 ms. Memory: 324608K Free: 241358K (74%)
----------------- Invoking toplevel() on ptolemy.moml.MoMLSimpleApplication@1a76c67a
----------------- Done invoking toplevel() on ptolemy.moml.MoMLSimpleApplication@1a76c67a
reloadAllAccessors: .Thermostat

===========================================================================================
----------------- testing Sat Apr 25 14:04:46 UTC 2020 /home/travis/build/icyphy/ptII/ptolemy/domains/continuous/test/auto/TimeDelay.xml
----------------- Instantiating /home/travis/build/icyphy/ptII/ptolemy/domains/continuous/test/auto/TimeDelay.xml
5 ms. Memory: 324608K Free: 236238K (73%)
----------------- Invoking toplevel() on ptolemy.moml.MoMLSimpleApplication@3670495f
----------------- Done invoking toplevel() on ptolemy.moml.MoMLSimpleApplication@3670495f
reloadAllAccessors: .TimeDelay

===========================================================================================
----------------- testing Sat Apr 25 14:04:46 UTC 2020 /home/travis/build/icyphy/ptII/ptolemy/domains/continuous/test/auto/TimeDelay2.xml
----------------- Instantiating /home/travis/build/icyphy/ptII/ptolemy/domains/continuous/test/auto/TimeDelay2.xml
12 ms. Memory: 324608K Free: 226508K (70%)
----------------- Invoking toplevel() on ptolemy.moml.MoMLSimpleApplication@cd63ab3
----------------- Done invoking toplevel() on ptolemy.moml.MoMLSimpleApplication@cd63ab3
reloadAllAccessors: .TimeDelay2

===========================================================================================
----------------- testing Sat Apr 25 14:04:47 UTC 2020 /home/travis/build/icyphy/ptII/ptolemy/domains/continuous/test/auto/TimeDelay3.xml
----------------- Instantiating /home/travis/build/icyphy/ptII/ptolemy/domains/continuous/test/auto/TimeDelay3.xml
4 ms. Memory: 324608K Free: 222409K (69%)
----------------- Invoking toplevel() on ptolemy.moml.MoMLSimpleApplication@4ed7971a
----------------- Done invoking toplevel() on ptolemy.moml.MoMLSimpleApplication@4ed7971a
reloadAllAccessors: .TimeDelay3

===========================================================================================
----------------- testing Sat Apr 25 14:04:47 UTC 2020 /home/travis/build/icyphy/ptII/ptolemy/domains/continuous/test/auto/TransferAbsentToInside.xml
----------------- Instantiating /home/travis/build/icyphy/ptII/ptolemy/domains/continuous/test/auto/TransferAbsentToInside.xml
28 ms. Memory: 324608K Free: 169678K (52%)
----------------- Invoking toplevel() on ptolemy.moml.MoMLSimpleApplication@271986e6
----------------- Done invoking toplevel() on ptolemy.moml.MoMLSimpleApplication@271986e6
reloadAllAccessors: .TransferAbsentToInside

===========================================================================================
----------------- testing Sat Apr 25 14:04:47 UTC 2020 /home/travis/build/icyphy/ptII/ptolemy/domains/continuous/test/auto/Transmission.xml
----------------- Instantiating /home/travis/build/icyphy/ptII/ptolemy/domains/continuous/test/auto/Transmission.xml
745 ms. Memory: 324608K Free: 126156K (39%)
----------------- Invoking toplevel() on ptolemy.moml.MoMLSimpleApplication@56b14298
----------------- Done invoking toplevel() on ptolemy.moml.MoMLSimpleApplication@56b14298
reloadAllAccessors: .Transmission

===========================================================================================
----------------- testing Sat Apr 25 14:04:47 UTC 2020 /home/travis/build/icyphy/ptII/ptolemy/domains/continuous/test/auto/TriggeredContinuousClock.xml
----------------- Instantiating /home/travis/build/icyphy/ptII/ptolemy/domains/continuous/test/auto/TriggeredContinuousClock.xml
32 ms. Memory: 324608K Free: 285357K (88%)
----------------- Invoking toplevel() on ptolemy.moml.MoMLSimpleApplication@3d98edad
----------------- Done invoking toplevel() on ptolemy.moml.MoMLSimpleApplication@3d98edad
reloadAllAccessors: .TriggeredContinuousClock

===========================================================================================
----------------- testing Sat Apr 25 14:04:47 UTC 2020 /home/travis/build/icyphy/ptII/ptolemy/domains/continuous/test/auto/TwoMachineInfiniteBusControl.xml
----------------- Instantiating /home/travis/build/icyphy/ptII/ptolemy/domains/continuous/test/auto/TwoMachineInfiniteBusControl.xml
2441 ms. Memory: 324608K Free: 265849K (82%)
----------------- Invoking toplevel() on ptolemy.moml.MoMLSimpleApplication@128b7aa7
----------------- Done invoking toplevel() on ptolemy.moml.MoMLSimpleApplication@128b7aa7
reloadAllAccessors: .TwoMachineInfiniteBusControl

===========================================================================================
----------------- testing Sat Apr 25 14:04:50 UTC 2020 /home/travis/build/icyphy/ptII/ptolemy/domains/continuous/test/auto/V2V.xml
----------------- Instantiating /home/travis/build/icyphy/ptII/ptolemy/domains/continuous/test/auto/V2V.xml
701 ms. Memory: 324608K Free: 266371K (82%)
----------------- Invoking toplevel() on ptolemy.moml.MoMLSimpleApplication@16088196
----------------- Done invoking toplevel() on ptolemy.moml.MoMLSimpleApplication@16088196
reloadAllAccessors: .V2V

===========================================================================================
----------------- testing Sat Apr 25 14:04:51 UTC 2020 /home/travis/build/icyphy/ptII/ptolemy/domains/continuous/test/auto/hierarchicalModalModel.xml
----------------- Instantiating /home/travis/build/icyphy/ptII/ptolemy/domains/continuous/test/auto/hierarchicalModalModel.xml
7 ms. Memory: 324608K Free: 252020K (78%)
----------------- Invoking toplevel() on ptolemy.moml.MoMLSimpleApplication@4ef263dc
----------------- Done invoking toplevel() on ptolemy.moml.MoMLSimpleApplication@4ef263dc
reloadAllAccessors: .hierarchicalModalModel

===========================================================================================
----------------- testing Sat Apr 25 14:04:51 UTC 2020 /home/travis/build/icyphy/ptII/ptolemy/domains/continuous/test/auto/hierarchicalModalModel1.xml
----------------- Instantiating /home/travis/build/icyphy/ptII/ptolemy/domains/continuous/test/auto/hierarchicalModalModel1.xml
7 ms. Memory: 324608K Free: 237699K (73%)
----------------- Invoking toplevel() on ptolemy.moml.MoMLSimpleApplication@1dd222ff
----------------- Done invoking toplevel() on ptolemy.moml.MoMLSimpleApplication@1dd222ff
reloadAllAccessors: .hierarchicalModalModel1

===========================================================================================
----------------- testing Sat Apr 25 14:04:51 UTC 2020 /home/travis/build/icyphy/ptII/ptolemy/domains/continuous/test/auto/hierarchicalModalModel2.xml
----------------- Instantiating /home/travis/build/icyphy/ptII/ptolemy/domains/continuous/test/auto/hierarchicalModalModel2.xml
7 ms. Memory: 324608K Free: 225396K (69%)
----------------- Invoking toplevel() on ptolemy.moml.MoMLSimpleApplication@6f029e05
----------------- Done invoking toplevel() on ptolemy.moml.MoMLSimpleApplication@6f029e05
reloadAllAccessors: .hierarchicalModalModel2

===========================================================================================
----------------- testing Sat Apr 25 14:04:51 UTC 2020 /home/travis/build/icyphy/ptII/ptolemy/domains/continuous/test/auto/hierarchicalModalModel3.xml
----------------- Instantiating /home/travis/build/icyphy/ptII/ptolemy/domains/continuous/test/auto/hierarchicalModalModel3.xml
5 ms. Memory: 324608K Free: 214661K (66%)
----------------- Invoking toplevel() on ptolemy.moml.MoMLSimpleApplication@392e0bc2
----------------- Done invoking toplevel() on ptolemy.moml.MoMLSimpleApplication@392e0bc2
reloadAllAccessors: .hierarchicalModalModel3

===========================================================================================
----------------- testing Sat Apr 25 14:04:51 UTC 2020 /home/travis/build/icyphy/ptII/ptolemy/domains/continuous/test/auto/hierarchicalModalModel4.xml
----------------- Instantiating /home/travis/build/icyphy/ptII/ptolemy/domains/continuous/test/auto/hierarchicalModalModel4.xml
4 ms. Memory: 324608K Free: 202883K (63%)
----------------- Invoking toplevel() on ptolemy.moml.MoMLSimpleApplication@1cc17f1e
----------------- Done invoking toplevel() on ptolemy.moml.MoMLSimpleApplication@1cc17f1e
reloadAllAccessors: .hierarchicalModalModel4

===========================================================================================
----------------- testing Sat Apr 25 14:04:51 UTC 2020 /home/travis/build/icyphy/ptII/ptolemy/domains/continuous/test/auto/junk.xml
----------------- Instantiating /home/travis/build/icyphy/ptII/ptolemy/domains/continuous/test/auto/junk.xml
112 ms. Memory: 324608K Free: 178307K (55%)
----------------- Invoking toplevel() on ptolemy.moml.MoMLSimpleApplication@11823bde
----------------- Done invoking toplevel() on ptolemy.moml.MoMLSimpleApplication@11823bde
reloadAllAccessors: .junk
AutoTests.java: About to close Vertx.
AutoTests.java: Vertx closed.
]]></system-out>
  <system-err><![CDATA[Warning: '.HysteresisWithRandomDelay.NonStrictTest3' The test produced only 23 tokens, yet the correctValues parameter was expecting 30 tokens.
Warning: '.IncreasingRatePoisson.NonStrictTest' The test produced only 398 tokens, yet the correctValues parameter was expecting 402 tokens.
]]></system-err>
</testsuite>
