<?xml version="1.0" encoding="UTF-8" ?>
<testsuite errors="0" failures="0" hostname="travis-job-346680b4-2906-42d5-ace1-9b09775cd16e" name="ptolemy.domains.de.test.junit.JUnitTclTest" skipped="0" tests="101" time="124.464" timestamp="2019-01-30T18:03:04">
  <properties>
[...]
</properties>
  <testcase classname="ptolemy.util.test.junit.TclTests" name="[0] /home/travis/build/icyphy/ptII/ptolemy/domains/de/test/DependencyLoop.tcl (RunTclFile)" time="0.785" />
  <testcase classname="ptolemy.util.test.junit.TclTests" name="[1] /home/travis/build/icyphy/ptII/ptolemy/domains/de/test/RunDETestsAsQSS.tcl (RunTclFile)" time="84.611" />
  <testcase classname="ptolemy.util.test.junit.AutoKnownFailedTests" name="[0] /home/travis/build/icyphy/ptII/ptolemy/domains/de/test/auto/knownFailedTests/DESDFClockTest.xml (RunModel)" time="2.028" />
  <testcase classname="ptolemy.util.test.junit.AutoKnownFailedTests" name="[1] /home/travis/build/icyphy/ptII/ptolemy/domains/de/test/auto/knownFailedTests/DirectFeedback.xml (RunModel)" time="0.011" />
  <testcase classname="ptolemy.util.test.junit.AutoKnownFailedTests" name="[2] /home/travis/build/icyphy/ptII/ptolemy/domains/de/test/auto/knownFailedTests/FSMSource.xml (RunModel)" time="0.018" />
  <testcase classname="ptolemy.util.test.junit.AutoKnownFailedTests" name="[3] /home/travis/build/icyphy/ptII/ptolemy/domains/de/test/auto/knownFailedTests/HierarchicalModel.xml (RunModel)" time="0.026" />
  <testcase classname="ptolemy.util.test.junit.AutoKnownFailedTests" name="[4] /home/travis/build/icyphy/ptII/ptolemy/domains/de/test/auto/knownFailedTests/dependencyLoop.xml (RunModel)" time="0.023" />
  <testcase classname="ptolemy.util.test.junit.AutoKnownFailedTests" name="[5] /home/travis/build/icyphy/ptII/ptolemy/domains/de/test/auto/knownFailedTests/dependencyLoop2.xml (RunModel)" time="0.033" />
  <testcase classname="ptolemy.util.test.junit.AutoNameArchTests" name="[0] ThereAreNoAutoArchTests (RunModel)" time="0.002" />
  <testcase classname="ptolemy.util.test.junit.AutoTests" name="[0] /home/travis/build/icyphy/ptII/ptolemy/domains/de/test/auto/ActorDepthCalculation_actorWithoutPorts.xml (RunModel)" time="0.012" />
  <testcase classname="ptolemy.util.test.junit.AutoTests" name="[1] /home/travis/build/icyphy/ptII/ptolemy/domains/de/test/auto/AssemblyLine.xml (RunModel)" time="0.018" />
  <testcase classname="ptolemy.util.test.junit.AutoTests" name="[2] /home/travis/build/icyphy/ptII/ptolemy/domains/de/test/auto/CQBug1.xml (RunModel)" time="0.009" />
  <testcase classname="ptolemy.util.test.junit.AutoTests" name="[3] /home/travis/build/icyphy/ptII/ptolemy/domains/de/test/auto/CancelFireAt.xml (RunModel)" time="0.008" />
  <testcase classname="ptolemy.util.test.junit.AutoTests" name="[4] /home/travis/build/icyphy/ptII/ptolemy/domains/de/test/auto/CausalityAndComposabilityAnalysis.xml (RunModel)" time="0.007" />
  <testcase classname="ptolemy.util.test.junit.AutoTests" name="[5] /home/travis/build/icyphy/ptII/ptolemy/domains/de/test/auto/CausalityInterface1.xml (RunModel)" time="0.009" />
  <testcase classname="ptolemy.util.test.junit.AutoTests" name="[6] /home/travis/build/icyphy/ptII/ptolemy/domains/de/test/auto/CausalityInterface15.xml (RunModel)" time="0.01" />
  <testcase classname="ptolemy.util.test.junit.AutoTests" name="[7] /home/travis/build/icyphy/ptII/ptolemy/domains/de/test/auto/CausalityInterface2.xml (RunModel)" time="0.007" />
  <testcase classname="ptolemy.util.test.junit.AutoTests" name="[8] /home/travis/build/icyphy/ptII/ptolemy/domains/de/test/auto/CausalityInterface3.xml (RunModel)" time="0.008" />
  <testcase classname="ptolemy.util.test.junit.AutoTests" name="[9] /home/travis/build/icyphy/ptII/ptolemy/domains/de/test/auto/ClockDrift.xml (RunModel)" time="0.025" />
  <testcase classname="ptolemy.util.test.junit.AutoTests" name="[10] /home/travis/build/icyphy/ptII/ptolemy/domains/de/test/auto/ClockDriftAndValueChange.xml (RunModel)" time="0.022" />
  <testcase classname="ptolemy.util.test.junit.AutoTests" name="[11] /home/travis/build/icyphy/ptII/ptolemy/domains/de/test/auto/ClockDriftChange.xml (RunModel)" time="0.019" />
  <testcase classname="ptolemy.util.test.junit.AutoTests" name="[12] /home/travis/build/icyphy/ptII/ptolemy/domains/de/test/auto/ComposableCausalityAnalysis.xml (RunModel)" time="0.014" />
  <testcase classname="ptolemy.util.test.junit.AutoTests" name="[13] /home/travis/build/icyphy/ptII/ptolemy/domains/de/test/auto/DEFixedPointLimitation.xml (RunModel)" time="0.007" />
  <testcase classname="ptolemy.util.test.junit.AutoTests" name="[14] /home/travis/build/icyphy/ptII/ptolemy/domains/de/test/auto/DEScheduleTest.xml (RunModel)" time="0.028" />
  <testcase classname="ptolemy.util.test.junit.AutoTests" name="[15] /home/travis/build/icyphy/ptII/ptolemy/domains/de/test/auto/DEinDEwithStartTimes.xml (RunModel)" time="0.013" />
  <testcase classname="ptolemy.util.test.junit.AutoTests" name="[16] /home/travis/build/icyphy/ptII/ptolemy/domains/de/test/auto/DEinDEwithStartTimes2.xml (RunModel)" time="0.014" />
  <testcase classname="ptolemy.util.test.junit.AutoTests" name="[17] /home/travis/build/icyphy/ptII/ptolemy/domains/de/test/auto/DateDemo.xml (RunModel)" time="0.018" />
  <testcase classname="ptolemy.util.test.junit.AutoTests" name="[18] /home/travis/build/icyphy/ptII/ptolemy/domains/de/test/auto/DateToEvent.xml (RunModel)" time="2.026" />
  <testcase classname="ptolemy.util.test.junit.AutoTests" name="[19] /home/travis/build/icyphy/ptII/ptolemy/domains/de/test/auto/DepthTest1.xml (RunModel)" time="0.009" />
  <testcase classname="ptolemy.util.test.junit.AutoTests" name="[20] /home/travis/build/icyphy/ptII/ptolemy/domains/de/test/auto/DepthTest2.xml (RunModel)" time="0.012" />
  <testcase classname="ptolemy.util.test.junit.AutoTests" name="[21] /home/travis/build/icyphy/ptII/ptolemy/domains/de/test/auto/DepthTest3.xml (RunModel)" time="0.006" />
  <testcase classname="ptolemy.util.test.junit.AutoTests" name="[22] /home/travis/build/icyphy/ptII/ptolemy/domains/de/test/auto/DepthTest4.xml (RunModel)" time="0.008" />
  <testcase classname="ptolemy.util.test.junit.AutoTests" name="[23] /home/travis/build/icyphy/ptII/ptolemy/domains/de/test/auto/DepthTest5.xml (RunModel)" time="0.009" />
  <testcase classname="ptolemy.util.test.junit.AutoTests" name="[24] /home/travis/build/icyphy/ptII/ptolemy/domains/de/test/auto/DepthTest6.xml (RunModel)" time="0.009" />
  <testcase classname="ptolemy.util.test.junit.AutoTests" name="[25] /home/travis/build/icyphy/ptII/ptolemy/domains/de/test/auto/DepthTest7.xml (RunModel)" time="0.008" />
  <testcase classname="ptolemy.util.test.junit.AutoTests" name="[26] /home/travis/build/icyphy/ptII/ptolemy/domains/de/test/auto/EventToDate.xml (RunModel)" time="3.025" />
  <testcase classname="ptolemy.util.test.junit.AutoTests" name="[27] /home/travis/build/icyphy/ptII/ptolemy/domains/de/test/auto/FSM1.xml (RunModel)" time="0.032" />
  <testcase classname="ptolemy.util.test.junit.AutoTests" name="[28] /home/travis/build/icyphy/ptII/ptolemy/domains/de/test/auto/FSM7.xml (RunModel)" time="0.03" />
  <testcase classname="ptolemy.util.test.junit.AutoTests" name="[29] /home/travis/build/icyphy/ptII/ptolemy/domains/de/test/auto/Inspection.xml (RunModel)" time="0.04" />
  <testcase classname="ptolemy.util.test.junit.AutoTests" name="[30] /home/travis/build/icyphy/ptII/ptolemy/domains/de/test/auto/Iteration.xml (RunModel)" time="0.013" />
  <testcase classname="ptolemy.util.test.junit.AutoTests" name="[31] /home/travis/build/icyphy/ptII/ptolemy/domains/de/test/auto/LineFault.xml (RunModel)" time="0.395" />
  <testcase classname="ptolemy.util.test.junit.AutoTests" name="[32] /home/travis/build/icyphy/ptII/ptolemy/domains/de/test/auto/MergeModel1Add.xml (RunModel)" time="0.043" />
  <testcase classname="ptolemy.util.test.junit.AutoTests" name="[33] /home/travis/build/icyphy/ptII/ptolemy/domains/de/test/auto/MergeModel2Add.xml (RunModel)" time="0.036" />
  <testcase classname="ptolemy.util.test.junit.AutoTests" name="[34] /home/travis/build/icyphy/ptII/ptolemy/domains/de/test/auto/MergeModel3Add.xml (RunModel)" time="0.035" />
  <testcase classname="ptolemy.util.test.junit.AutoTests" name="[35] /home/travis/build/icyphy/ptII/ptolemy/domains/de/test/auto/MergeWithoutDiscard.xml (RunModel)" time="0.009" />
  <testcase classname="ptolemy.util.test.junit.AutoTests" name="[36] /home/travis/build/icyphy/ptII/ptolemy/domains/de/test/auto/Modal1.xml (RunModel)" time="0.029" />
  <testcase classname="ptolemy.util.test.junit.AutoTests" name="[37] /home/travis/build/icyphy/ptII/ptolemy/domains/de/test/auto/Modal2.xml (RunModel)" time="0.029" />
  <testcase classname="ptolemy.util.test.junit.AutoTests" name="[38] /home/travis/build/icyphy/ptII/ptolemy/domains/de/test/auto/Modal3.xml (RunModel)" time="0.032" />
  <testcase classname="ptolemy.util.test.junit.AutoTests" name="[39] /home/travis/build/icyphy/ptII/ptolemy/domains/de/test/auto/Modal4.xml (RunModel)" time="0.032" />
  <testcase classname="ptolemy.util.test.junit.AutoTests" name="[40] /home/travis/build/icyphy/ptII/ptolemy/domains/de/test/auto/Modal5.xml (RunModel)" time="0.03" />
  <testcase classname="ptolemy.util.test.junit.AutoTests" name="[41] /home/travis/build/icyphy/ptII/ptolemy/domains/de/test/auto/Modal6.xml (RunModel)" time="0.021" />
  <testcase classname="ptolemy.util.test.junit.AutoTests" name="[42] /home/travis/build/icyphy/ptII/ptolemy/domains/de/test/auto/Modal7.xml (RunModel)" time="0.022" />
  <testcase classname="ptolemy.util.test.junit.AutoTests" name="[43] /home/travis/build/icyphy/ptII/ptolemy/domains/de/test/auto/ModalModel.xml (RunModel)" time="0.144" />
  <testcase classname="ptolemy.util.test.junit.AutoTests" name="[44] /home/travis/build/icyphy/ptII/ptolemy/domains/de/test/auto/ModalSource.xml (RunModel)" time="0.018" />
  <testcase classname="ptolemy.util.test.junit.AutoTests" name="[45] /home/travis/build/icyphy/ptII/ptolemy/domains/de/test/auto/NonInterruptibleTimerZeroDelay.xml (RunModel)" time="0.009" />
  <testcase classname="ptolemy.util.test.junit.AutoTests" name="[46] /home/travis/build/icyphy/ptII/ptolemy/domains/de/test/auto/OpenQueueingNetwork.xml (RunModel)" time="2.159" />
  <testcase classname="ptolemy.util.test.junit.AutoTests" name="[47] /home/travis/build/icyphy/ptII/ptolemy/domains/de/test/auto/OpenQueuingNetwork.xml (RunModel)" time="0.451" />
  <testcase classname="ptolemy.util.test.junit.AutoTests" name="[48] /home/travis/build/icyphy/ptII/ptolemy/domains/de/test/auto/PeriodicSampler.xml (RunModel)" time="0.01" />
  <testcase classname="ptolemy.util.test.junit.AutoTests" name="[49] /home/travis/build/icyphy/ptII/ptolemy/domains/de/test/auto/PersistentIO.xml (RunModel)" time="0.026" />
  <testcase classname="ptolemy.util.test.junit.AutoTests" name="[50] /home/travis/build/icyphy/ptII/ptolemy/domains/de/test/auto/PortParameterResetOnInitialize.xml (RunModel)" time="0.013" />
  <testcase classname="ptolemy.util.test.junit.AutoTests" name="[51] /home/travis/build/icyphy/ptII/ptolemy/domains/de/test/auto/PortParameterUpdates.xml (RunModel)" time="0.022" />
  <testcase classname="ptolemy.util.test.junit.AutoTests" name="[52] /home/travis/build/icyphy/ptII/ptolemy/domains/de/test/auto/QueueAndServer.xml (RunModel)" time="0.031" />
  <testcase classname="ptolemy.util.test.junit.AutoTests" name="[53] /home/travis/build/icyphy/ptII/ptolemy/domains/de/test/auto/Records.xml (RunModel)" time="0.015" />
  <testcase classname="ptolemy.util.test.junit.AutoTests" name="[54] /home/travis/build/icyphy/ptII/ptolemy/domains/de/test/auto/ResetTransitionWithStartTime1.xml (RunModel)" time="0.024" />
  <testcase classname="ptolemy.util.test.junit.AutoTests" name="[55] /home/travis/build/icyphy/ptII/ptolemy/domains/de/test/auto/ResetTransitionWithStartTime2.xml (RunModel)" time="0.017" />
  <testcase classname="ptolemy.util.test.junit.AutoTests" name="[56] /home/travis/build/icyphy/ptII/ptolemy/domains/de/test/auto/ResetTransitionWithStartTime3.xml (RunModel)" time="0.033" />
  <testcase classname="ptolemy.util.test.junit.AutoTests" name="[57] /home/travis/build/icyphy/ptII/ptolemy/domains/de/test/auto/ResetTransitionWithStartTime4.xml (RunModel)" time="0.023" />
  <testcase classname="ptolemy.util.test.junit.AutoTests" name="[58] /home/travis/build/icyphy/ptII/ptolemy/domains/de/test/auto/ResettableTimer1.xml (RunModel)" time="0.009" />
  <testcase classname="ptolemy.util.test.junit.AutoTests" name="[59] /home/travis/build/icyphy/ptII/ptolemy/domains/de/test/auto/ResettableTimer2.xml (RunModel)" time="0.009" />
  <testcase classname="ptolemy.util.test.junit.AutoTests" name="[60] /home/travis/build/icyphy/ptII/ptolemy/domains/de/test/auto/ResettableTimer3.xml (RunModel)" time="0.008" />
  <testcase classname="ptolemy.util.test.junit.AutoTests" name="[61] /home/travis/build/icyphy/ptII/ptolemy/domains/de/test/auto/ResettableTimer4.xml (RunModel)" time="0.01" />
  <testcase classname="ptolemy.util.test.junit.AutoTests" name="[62] /home/travis/build/icyphy/ptII/ptolemy/domains/de/test/auto/ResettableTimer5.xml (RunModel)" time="0.008" />
  <testcase classname="ptolemy.util.test.junit.AutoTests" name="[63] /home/travis/build/icyphy/ptII/ptolemy/domains/de/test/auto/ResettableTimer6.xml (RunModel)" time="0.017" />
  <testcase classname="ptolemy.util.test.junit.AutoTests" name="[64] /home/travis/build/icyphy/ptII/ptolemy/domains/de/test/auto/ServerZeroDelay.xml (RunModel)" time="0.009" />
  <testcase classname="ptolemy.util.test.junit.AutoTests" name="[65] /home/travis/build/icyphy/ptII/ptolemy/domains/de/test/auto/SmartSender.xml (RunModel)" time="3.007" />
  <testcase classname="ptolemy.util.test.junit.AutoTests" name="[66] /home/travis/build/icyphy/ptII/ptolemy/domains/de/test/auto/ThreadedComposite.xml (RunModel)" time="0.123" />
  <testcase classname="ptolemy.util.test.junit.AutoTests" name="[67] /home/travis/build/icyphy/ptII/ptolemy/domains/de/test/auto/Time.xml (RunModel)" time="0.42" />
  <testcase classname="ptolemy.util.test.junit.AutoTests" name="[68] /home/travis/build/icyphy/ptII/ptolemy/domains/de/test/auto/TimeDelayZeroDelay.xml (RunModel)" time="0.009" />
  <testcase classname="ptolemy.util.test.junit.AutoTests" name="[69] /home/travis/build/icyphy/ptII/ptolemy/domains/de/test/auto/TimerZeroDelay.xml (RunModel)" time="0.007" />
  <testcase classname="ptolemy.util.test.junit.AutoTests" name="[70] /home/travis/build/icyphy/ptII/ptolemy/domains/de/test/auto/TimingParadox.xml (RunModel)" time="0.329" />
  <testcase classname="ptolemy.util.test.junit.AutoTests" name="[71] /home/travis/build/icyphy/ptII/ptolemy/domains/de/test/auto/TransferInputs.xml (RunModel)" time="0.007" />
  <testcase classname="ptolemy.util.test.junit.AutoTests" name="[72] /home/travis/build/icyphy/ptII/ptolemy/domains/de/test/auto/TransferOutputs2.xml (RunModel)" time="0.013" />
  <testcase classname="ptolemy.util.test.junit.AutoTests" name="[73] /home/travis/build/icyphy/ptII/ptolemy/domains/de/test/auto/Trilateration.xml (RunModel)" time="11.227" />
  <testcase classname="ptolemy.util.test.junit.AutoTests" name="[74] /home/travis/build/icyphy/ptII/ptolemy/domains/de/test/auto/TwoSigmaDelta.xml (RunModel)" time="2.066" />
  <testcase classname="ptolemy.util.test.junit.AutoTests" name="[75] /home/travis/build/icyphy/ptII/ptolemy/domains/de/test/auto/VariableDelay.xml (RunModel)" time="0.009" />
  <testcase classname="ptolemy.util.test.junit.AutoTests" name="[76] /home/travis/build/icyphy/ptII/ptolemy/domains/de/test/auto/VariableDelay2.xml (RunModel)" time="0.007" />
  <testcase classname="ptolemy.util.test.junit.AutoTests" name="[77] /home/travis/build/icyphy/ptII/ptolemy/domains/de/test/auto/VariableDelayZeroDelay.xml (RunModel)" time="0.008" />
  <testcase classname="ptolemy.util.test.junit.AutoTests" name="[78] /home/travis/build/icyphy/ptII/ptolemy/domains/de/test/auto/VariableDelayZeroDelay2.xml (RunModel)" time="0.008" />
  <testcase classname="ptolemy.util.test.junit.AutoTests" name="[79] /home/travis/build/icyphy/ptII/ptolemy/domains/de/test/auto/deInCt.xml (RunModel)" time="0.011" />
  <testcase classname="ptolemy.util.test.junit.AutoTests" name="[80] /home/travis/build/icyphy/ptII/ptolemy/domains/de/test/auto/deInCt2.xml (RunModel)" time="0.012" />
  <testcase classname="ptolemy.util.test.junit.AutoTests" name="[81] /home/travis/build/icyphy/ptII/ptolemy/domains/de/test/auto/dynamicCausalityInterface1.xml (RunModel)" time="0.016" />
  <testcase classname="ptolemy.util.test.junit.AutoTests" name="[82] /home/travis/build/icyphy/ptII/ptolemy/domains/de/test/auto/fsm_de_test.xml (RunModel)" time="0.019" />
  <testcase classname="ptolemy.util.test.junit.AutoTests" name="[83] /home/travis/build/icyphy/ptII/ptolemy/domains/de/test/auto/functionDependencyReconstruction.xml (RunModel)" time="0.027" />
  <testcase classname="ptolemy.util.test.junit.AutoTests" name="[84] /home/travis/build/icyphy/ptII/ptolemy/domains/de/test/auto/multirate.xml (RunModel)" time="0.013" />
  <testcase classname="ptolemy.util.test.junit.AutoTests" name="[85] /home/travis/build/icyphy/ptII/ptolemy/domains/de/test/auto/multirate2.xml (RunModel)" time="0.017" />
  <testcase classname="ptolemy.util.test.junit.AutoTests" name="[86] /home/travis/build/icyphy/ptII/ptolemy/domains/de/test/auto/realtime.xml (RunModel)" time="10.009" />
  <testcase classname="ptolemy.util.test.junit.AutoTests" name="[87] /home/travis/build/icyphy/ptII/ptolemy/domains/de/test/auto/relationGroup.xml (RunModel)" time="0.006" />
  <testcase classname="ptolemy.util.test.junit.AutoTests" name="[88] /home/travis/build/icyphy/ptII/ptolemy/domains/de/test/auto/relationGroup2.xml (RunModel)" time="0.008" />
  <testcase classname="ptolemy.util.test.junit.AutoTests" name="[89] /home/travis/build/icyphy/ptII/ptolemy/domains/de/test/auto/sortWithOpaquePorts.xml (RunModel)" time="0.005" />
  <testcase classname="ptolemy.util.test.junit.AutoTests" name="[90] /home/travis/build/icyphy/ptII/ptolemy/domains/de/test/auto/transferInputsandOutputs.xml (RunModel)" time="0.012" />
  <testcase classname="ptolemy.util.test.junit.AutoTests" name="[91] /home/travis/build/icyphy/ptII/ptolemy/domains/de/test/auto/triggerType.xml (RunModel)" time="0.007" />
  <system-out><![CDATA[/home/travis/build/icyphy/ptII/ptolemy/domains/de/test/DependencyLoop.tcl
testDefs.tcl: setting time out to 9000 seconds at Wed Jan 30 18:03:04 UTC 2019
30 ms. Memory: 116224K Free: 97651K (84%)
14 ms. Memory: 146944K Free: 141158K (96%)
/home/travis/build/icyphy/ptII/ptolemy/domains/de/test/RunDETestsAsQSS.tcl
Run the DE tests using ptolemy.domains.qss.test.QSSDirectorTest, which extends QSSDirector and prints a message in the constructors.
------------------ testing $PTII/ptolemy/domains/de/test/auto/knownFailedTests/dependencyLoop.xml (Known Failure) 
12 ms. Memory: 146944K Free: 136914K (93%)


==== $PTIIhome/travis/build/icyphy/ptII/ptolemy/domains/de/test/../../../../: Auto Automatic test in file $PTII/ptolemy/domains/de/test/auto/knownFailedTests/dependencyLoop.xml
==== Contents of test case:

	    # FIXME: we should use $relativeFilename here, but it
	    # might have backslashes under Windows, which causes no end
	    # of trouble.
	    createAndExecute $file
	    list {}
	
.... Test generated KNOWN error:
    while executing
ptolemy.kernel.util.IllegalActionException: Found a zero delay loop containing .dependencyLoop.original
  in .dependencyLoop and .dependencyLoop.original
	at ptolemy.actor.util.CausalityInterfaceForComposites._computeOutputPortDepth(CausalityInterfaceForComposites.java:759)
	at ptolemy.actor.util.CausalityInterfaceForComposites._computeInputDepth(CausalityInterfaceForComposites.java:696)
	at ptolemy.actor.util.CausalityInterfaceForComposites._computeOutputPortDepth(CausalityInterfaceForComposites.java:765)
	at ptolemy.actor.util.CausalityInterfaceForComposites._computeInputDepth(CausalityInterfaceForComposites.java:696)
	at ptolemy.actor.util.CausalityInterfaceForComposites._computeOutputPortDepth(CausalityInterfaceForComposites.java:765)
	at ptolemy.actor.util.CausalityInterfaceForComposites._computeInputDepth(CausalityInterfaceForComposites.java:696)
	at ptolemy.actor.util.CausalityInterfaceForComposites._computeActorDepth(CausalityInterfaceForComposites.java:532)
	at ptolemy.actor.util.CausalityInterfaceForComposites.checkForCycles(CausalityInterfaceForComposites.java:96)
	at ptolemy.domains.de.kernel.DEDirector.preinitialize(DEDirector.java:1338)
	at ptolemy.actor.CompositeActor.preinitialize(CompositeActor.java:1828)
	at ptolemy.actor.Manager.preinitializeAndResolveTypes(Manager.java:1040)
	at ptolemy.actor.Manager.initialize(Manager.java:710)
	at ptolemy.actor.Manager.execute(Manager.java:356)
	at ptolemy.actor.Manager.run(Manager.java:1263)
	at ptolemy.actor.Manager$PtolemyRunThread.run(Manager.java:1915)

    while executing
ptolemy.kernel.util.IllegalActionException: Found a zero delay loop containing .dependencyLoop.original
  in .dependencyLoop and .dependencyLoop.original
    while executing
"java::new ptolemy.moml.MoMLSimpleApplication $file
"
    (procedure "createAndExecute" line 2)
    invoked from within
"createAndExecute $file"
    ("uplevel" body line 5)
    invoked from within
"uplevel $contents_of_test"
------------------ testing $PTII/ptolemy/domains/de/test/auto/knownFailedTests/DESDFClockTest.xml (Known Failure) 
2053 ms. Memory: 146944K Free: 121343K (83%)


==== $PTIIhome/travis/build/icyphy/ptII/ptolemy/domains/de/test/../../../../: Auto Automatic test in file $PTII/ptolemy/domains/de/test/auto/knownFailedTests/DESDFClockTest.xml
==== Contents of test case:

	    # FIXME: we should use $relativeFilename here, but it
	    # might have backslashes under Windows, which causes no end
	    # of trouble.
	    createAndExecute $file
	    list {}
	
.... Test generated KNOWN error:
    while executing
ptolemy.kernel.util.IllegalActionException: Actor is not ready to fire.  Perhaps UpSample.prefire() returned false? Try debugging the actor by selecting "Listen to Actor".  Also, for SDF check moml for tokenConsumptionRate on input.
  in .DESDFClockTest.Play Bell.Copy1:SDF Director and .DESDFClockTest.Play Bell.UpSample
	at ptolemy.actor.sched.StaticSchedulingDirector.fire(StaticSchedulingDirector.java:227)
	at ptolemy.domains.sdf.kernel.SDFDirector.fire(SDFDirector.java:500)
	at ptolemy.actor.CompositeActor.fire(CompositeActor.java:455)
	at ptolemy.domains.de.kernel.DEDirector._fire(DEDirector.java:1949)
	at ptolemy.domains.de.kernel.DEDirector.fire(DEDirector.java:502)
	at ptolemy.actor.CompositeActor.fire(CompositeActor.java:455)
	at ptolemy.actor.Manager.iterate(Manager.java:851)
	at ptolemy.actor.Manager.execute(Manager.java:369)
	at ptolemy.actor.Manager.run(Manager.java:1263)
	at ptolemy.actor.Manager$PtolemyRunThread.run(Manager.java:1915)

    while executing
ptolemy.kernel.util.IllegalActionException: Actor is not ready to fire.  Perhaps UpSample.prefire() returned false? Try debugging the actor by selecting "Listen to Actor".  Also, for SDF check moml for tokenConsumptionRate on input.
  in .DESDFClockTest.Play Bell.Copy1:SDF Director and .DESDFClockTest.Play Bell.UpSample
    while executing
"java::new ptolemy.moml.MoMLSimpleApplication $file
"
    (procedure "createAndExecute" line 2)
    invoked from within
"createAndExecute $file"
    ("uplevel" body line 5)
    invoked from within
"uplevel $contents_of_test"
------------------ testing $PTII/ptolemy/domains/de/test/auto/knownFailedTests/FSMSource.xml (Known Failure) 
38 ms. Memory: 146944K Free: 112481K (77%)
!!!! Auto was marked as failing, but now passes
------------------ testing $PTII/ptolemy/domains/de/test/auto/knownFailedTests/dependencyLoop2.xml (Known Failure) 
11 ms. Memory: 146944K Free: 110598K (75%)


==== $PTIIhome/travis/build/icyphy/ptII/ptolemy/domains/de/test/../../../../: Auto Automatic test in file $PTII/ptolemy/domains/de/test/auto/knownFailedTests/dependencyLoop2.xml
==== Contents of test case:

	    # FIXME: we should use $relativeFilename here, but it
	    # might have backslashes under Windows, which causes no end
	    # of trouble.
	    createAndExecute $file
	    list {}
	
.... Test generated KNOWN error:
    while executing
ptolemy.kernel.util.IllegalActionException: Found a zero delay loop containing .dependencyLoop2.original
  in .dependencyLoop2 and .dependencyLoop2.original
	at ptolemy.actor.util.CausalityInterfaceForComposites._computeOutputPortDepth(CausalityInterfaceForComposites.java:759)
	at ptolemy.actor.util.CausalityInterfaceForComposites._computeInputDepth(CausalityInterfaceForComposites.java:696)
	at ptolemy.actor.util.CausalityInterfaceForComposites._computeOutputPortDepth(CausalityInterfaceForComposites.java:765)
	at ptolemy.actor.util.CausalityInterfaceForComposites._computeInputDepth(CausalityInterfaceForComposites.java:696)
	at ptolemy.actor.util.CausalityInterfaceForComposites._computeOutputPortDepth(CausalityInterfaceForComposites.java:765)
	at ptolemy.actor.util.CausalityInterfaceForComposites._computeInputDepth(CausalityInterfaceForComposites.java:696)
	at ptolemy.actor.util.CausalityInterfaceForComposites._computeActorDepth(CausalityInterfaceForComposites.java:532)
	at ptolemy.actor.util.CausalityInterfaceForComposites.checkForCycles(CausalityInterfaceForComposites.java:96)
	at ptolemy.domains.de.kernel.DEDirector.preinitialize(DEDirector.java:1338)
	at ptolemy.actor.CompositeActor.preinitialize(CompositeActor.java:1828)
	at ptolemy.actor.Manager.preinitializeAndResolveTypes(Manager.java:1040)
	at ptolemy.actor.Manager.initialize(Manager.java:710)
	at ptolemy.actor.Manager.execute(Manager.java:356)
	at ptolemy.actor.Manager.run(Manager.java:1263)
	at ptolemy.actor.Manager$PtolemyRunThread.run(Manager.java:1915)

    while executing
ptolemy.kernel.util.IllegalActionException: Found a zero delay loop containing .dependencyLoop2.original
  in .dependencyLoop2 and .dependencyLoop2.original
    while executing
"java::new ptolemy.moml.MoMLSimpleApplication $file
"
    (procedure "createAndExecute" line 2)
    invoked from within
"createAndExecute $file"
    ("uplevel" body line 5)
    invoked from within
"uplevel $contents_of_test"
------------------ testing $PTII/ptolemy/domains/de/test/auto/knownFailedTests/HierarchicalModel.xml (Known Failure) 
5 ms. Memory: 146944K Free: 90468K (62%)


==== $PTIIhome/travis/build/icyphy/ptII/ptolemy/domains/de/test/../../../../: Auto Automatic test in file $PTII/ptolemy/domains/de/test/auto/knownFailedTests/HierarchicalModel.xml
==== Contents of test case:

	    # FIXME: we should use $relativeFilename here, but it
	    # might have backslashes under Windows, which causes no end
	    # of trouble.
	    createAndExecute $file
	    list {}
	
.... Test generated KNOWN error:
    while executing
ptolemy.kernel.util.IllegalActionException: Found a zero delay loop containing .HierarchicalModel.A
  in .HierarchicalModel and .HierarchicalModel.A
	at ptolemy.actor.util.CausalityInterfaceForComposites._computeOutputPortDepth(CausalityInterfaceForComposites.java:759)
	at ptolemy.actor.util.CausalityInterfaceForComposites._computeInputDepth(CausalityInterfaceForComposites.java:696)
	at ptolemy.actor.util.CausalityInterfaceForComposites._computeOutputPortDepth(CausalityInterfaceForComposites.java:765)
	at ptolemy.actor.util.CausalityInterfaceForComposites._computeInputDepth(CausalityInterfaceForComposites.java:696)
	at ptolemy.actor.util.CausalityInterfaceForComposites._computeOutputPortDepth(CausalityInterfaceForComposites.java:765)
	at ptolemy.actor.util.CausalityInterfaceForComposites._computeInputDepth(CausalityInterfaceForComposites.java:696)
	at ptolemy.actor.util.CausalityInterfaceForComposites._computeActorDepth(CausalityInterfaceForComposites.java:532)
	at ptolemy.actor.util.CausalityInterfaceForComposites.checkForCycles(CausalityInterfaceForComposites.java:96)
	at ptolemy.domains.de.kernel.DEDirector.preinitialize(DEDirector.java:1338)
	at ptolemy.actor.CompositeActor.preinitialize(CompositeActor.java:1828)
	at ptolemy.actor.Manager.preinitializeAndResolveTypes(Manager.java:1040)
	at ptolemy.actor.Manager.initialize(Manager.java:710)
	at ptolemy.actor.Manager.execute(Manager.java:356)
	at ptolemy.actor.Manager.run(Manager.java:1263)
	at ptolemy.actor.Manager$PtolemyRunThread.run(Manager.java:1915)

    while executing
ptolemy.kernel.util.IllegalActionException: Found a zero delay loop containing .HierarchicalModel.A
  in .HierarchicalModel and .HierarchicalModel.A
    while executing
"java::new ptolemy.moml.MoMLSimpleApplication $file
"
    (procedure "createAndExecute" line 2)
    invoked from within
"createAndExecute $file"
    ("uplevel" body line 5)
    invoked from within
"uplevel $contents_of_test"
------------------ testing $PTII/ptolemy/domains/de/test/auto/knownFailedTests/DirectFeedback.xml (Known Failure) 
8 ms. Memory: 146944K Free: 86360K (59%)


==== $PTIIhome/travis/build/icyphy/ptII/ptolemy/domains/de/test/../../../../: Auto Automatic test in file $PTII/ptolemy/domains/de/test/auto/knownFailedTests/DirectFeedback.xml
==== Contents of test case:

	    # FIXME: we should use $relativeFilename here, but it
	    # might have backslashes under Windows, which causes no end
	    # of trouble.
	    createAndExecute $file
	    list {}
	
.... Test generated KNOWN error:
    while executing
ptolemy.kernel.util.IllegalActionException: Test fails in iteration 1.
Value was: 1.0. Should have been: 2.0
  in .DirectFeedback.Test
	at ptolemy.actor.lib.Test.fire(Test.java:268)
	at ptolemy.domains.de.kernel.DEDirector._fire(DEDirector.java:1949)
	at ptolemy.domains.de.kernel.DEDirector.fire(DEDirector.java:502)
	at ptolemy.actor.CompositeActor.fire(CompositeActor.java:455)
	at ptolemy.actor.Manager.iterate(Manager.java:851)
	at ptolemy.actor.Manager.execute(Manager.java:369)
	at ptolemy.actor.Manager.run(Manager.java:1263)
	at ptolemy.actor.Manager$PtolemyRunThread.run(Manager.java:1915)

    while executing
ptolemy.kernel.util.IllegalActionException: Test fails in iteration 1.
Value was: 1.0. Should have been: 2.0
  in .DirectFeedback.Test
    while executing
"java::new ptolemy.moml.MoMLSimpleApplication $file
"
    (procedure "createAndExecute" line 2)
    invoked from within
"createAndExecute $file"
    ("uplevel" body line 5)
    invoked from within
"uplevel $contents_of_test"
------------------ testing $PTII/ptolemy/domains/de/test/auto/ActorDepthCalculation_actorWithoutPorts.xml
auto.tcl: Setting watchdog for 200 seconds at Wed Jan 30 18:03:07 UTC 2019
3 ms. Memory: 146944K Free: 139687K (95%)
ptolemy.util.test.WatchDog.cancel(): canceling Wed Jan 30 18:03:07 UTC 2019
auto.tcl: Setting watchdog for 200 seconds at Wed Jan 30 18:03:07 UTC 2019
5 ms. Memory: 146944K Free: 137646K (94%)
ptolemy.util.test.WatchDog.cancel(): canceling Wed Jan 30 18:03:07 UTC 2019
------------------ testing $PTII/ptolemy/domains/de/test/auto/AssemblyLine.xml
auto.tcl: Setting watchdog for 200 seconds at Wed Jan 30 18:03:07 UTC 2019
11 ms. Memory: 208384K Free: 183393K (88%)
ptolemy.util.test.WatchDog.cancel(): canceling Wed Jan 30 18:03:08 UTC 2019
auto.tcl: Setting watchdog for 200 seconds at Wed Jan 30 18:03:08 UTC 2019
7 ms. Memory: 208384K Free: 183393K (88%)
ptolemy.util.test.WatchDog.cancel(): canceling Wed Jan 30 18:03:08 UTC 2019
------------------ testing $PTII/ptolemy/domains/de/test/auto/CQBug1.xml
auto.tcl: Setting watchdog for 200 seconds at Wed Jan 30 18:03:08 UTC 2019
3 ms. Memory: 208384K Free: 197899K (95%)
ptolemy.util.test.WatchDog.cancel(): canceling Wed Jan 30 18:03:08 UTC 2019
auto.tcl: Setting watchdog for 200 seconds at Wed Jan 30 18:03:08 UTC 2019
1 ms. Memory: 208384K Free: 197899K (95%)
ptolemy.util.test.WatchDog.cancel(): canceling Wed Jan 30 18:03:08 UTC 2019
------------------ testing $PTII/ptolemy/domains/de/test/auto/CancelFireAt.xml
auto.tcl: Setting watchdog for 200 seconds at Wed Jan 30 18:03:08 UTC 2019
3 ms. Memory: 208384K Free: 201560K (97%)
ptolemy.util.test.WatchDog.cancel(): canceling Wed Jan 30 18:03:08 UTC 2019
auto.tcl: Setting watchdog for 200 seconds at Wed Jan 30 18:03:08 UTC 2019
2 ms. Memory: 208384K Free: 199000K (95%)
ptolemy.util.test.WatchDog.cancel(): canceling Wed Jan 30 18:03:08 UTC 2019
------------------ testing $PTII/ptolemy/domains/de/test/auto/CausalityAndComposabilityAnalysis.xml
auto.tcl: Setting watchdog for 200 seconds at Wed Jan 30 18:03:08 UTC 2019
9 ms. Memory: 208384K Free: 198598K (95%)
ptolemy.util.test.WatchDog.cancel(): canceling Wed Jan 30 18:03:08 UTC 2019
auto.tcl: Setting watchdog for 200 seconds at Wed Jan 30 18:03:08 UTC 2019
5 ms. Memory: 208384K Free: 196557K (94%)
ptolemy.util.test.WatchDog.cancel(): canceling Wed Jan 30 18:03:08 UTC 2019
------------------ testing $PTII/ptolemy/domains/de/test/auto/CausalityInterface1.xml
auto.tcl: Setting watchdog for 200 seconds at Wed Jan 30 18:03:08 UTC 2019
14 ms. Memory: 208384K Free: 196494K (94%)
ptolemy.util.test.WatchDog.cancel(): canceling Wed Jan 30 18:03:08 UTC 2019
auto.tcl: Setting watchdog for 200 seconds at Wed Jan 30 18:03:08 UTC 2019
3 ms. Memory: 208384K Free: 196494K (94%)
ptolemy.util.test.WatchDog.cancel(): canceling Wed Jan 30 18:03:08 UTC 2019
------------------ testing $PTII/ptolemy/domains/de/test/auto/CausalityInterface15.xml
auto.tcl: Setting watchdog for 200 seconds at Wed Jan 30 18:03:08 UTC 2019
3 ms. Memory: 208384K Free: 196454K (94%)
ptolemy.util.test.WatchDog.cancel(): canceling Wed Jan 30 18:03:08 UTC 2019
auto.tcl: Setting watchdog for 200 seconds at Wed Jan 30 18:03:08 UTC 2019
10 ms. Memory: 208384K Free: 196454K (94%)
ptolemy.util.test.WatchDog.cancel(): canceling Wed Jan 30 18:03:08 UTC 2019
------------------ testing $PTII/ptolemy/domains/de/test/auto/CausalityInterface2.xml
auto.tcl: Setting watchdog for 200 seconds at Wed Jan 30 18:03:08 UTC 2019
4 ms. Memory: 208384K Free: 196470K (94%)
ptolemy.util.test.WatchDog.cancel(): canceling Wed Jan 30 18:03:08 UTC 2019
auto.tcl: Setting watchdog for 200 seconds at Wed Jan 30 18:03:08 UTC 2019
3 ms. Memory: 208384K Free: 196470K (94%)
ptolemy.util.test.WatchDog.cancel(): canceling Wed Jan 30 18:03:08 UTC 2019
------------------ testing $PTII/ptolemy/domains/de/test/auto/CausalityInterface3.xml
auto.tcl: Setting watchdog for 200 seconds at Wed Jan 30 18:03:08 UTC 2019
4 ms. Memory: 208384K Free: 196481K (94%)
ptolemy.util.test.WatchDog.cancel(): canceling Wed Jan 30 18:03:08 UTC 2019
auto.tcl: Setting watchdog for 200 seconds at Wed Jan 30 18:03:08 UTC 2019
3 ms. Memory: 208384K Free: 196481K (94%)
ptolemy.util.test.WatchDog.cancel(): canceling Wed Jan 30 18:03:08 UTC 2019
------------------ testing $PTII/ptolemy/domains/de/test/auto/ClockDrift.xml
auto.tcl: Setting watchdog for 200 seconds at Wed Jan 30 18:03:08 UTC 2019
75 ms. Memory: 208384K Free: 187890K (90%)
ptolemy.util.test.WatchDog.cancel(): canceling Wed Jan 30 18:03:08 UTC 2019
auto.tcl: Setting watchdog for 200 seconds at Wed Jan 30 18:03:08 UTC 2019
60 ms. Memory: 208384K Free: 185850K (89%)
ptolemy.util.test.WatchDog.cancel(): canceling Wed Jan 30 18:03:08 UTC 2019
------------------ testing $PTII/ptolemy/domains/de/test/auto/ClockDriftAndValueChange.xml
auto.tcl: Setting watchdog for 200 seconds at Wed Jan 30 18:03:09 UTC 2019
45 ms. Memory: 208384K Free: 187725K (90%)
ptolemy.util.test.WatchDog.cancel(): canceling Wed Jan 30 18:03:09 UTC 2019
auto.tcl: Setting watchdog for 200 seconds at Wed Jan 30 18:03:09 UTC 2019
34 ms. Memory: 208384K Free: 185684K (89%)
ptolemy.util.test.WatchDog.cancel(): canceling Wed Jan 30 18:03:09 UTC 2019
------------------ testing $PTII/ptolemy/domains/de/test/auto/ClockDriftChange.xml
auto.tcl: Setting watchdog for 200 seconds at Wed Jan 30 18:03:09 UTC 2019
36 ms. Memory: 208384K Free: 190992K (92%)
ptolemy.util.test.WatchDog.cancel(): canceling Wed Jan 30 18:03:09 UTC 2019
auto.tcl: Setting watchdog for 200 seconds at Wed Jan 30 18:03:09 UTC 2019
20 ms. Memory: 208384K Free: 188951K (91%)
ptolemy.util.test.WatchDog.cancel(): canceling Wed Jan 30 18:03:09 UTC 2019
------------------ testing $PTII/ptolemy/domains/de/test/auto/ComposableCausalityAnalysis.xml
auto.tcl: Setting watchdog for 200 seconds at Wed Jan 30 18:03:09 UTC 2019
2 ms. Memory: 208384K Free: 196096K (94%)
ptolemy.util.test.WatchDog.cancel(): canceling Wed Jan 30 18:03:09 UTC 2019
auto.tcl: Setting watchdog for 200 seconds at Wed Jan 30 18:03:09 UTC 2019
1 ms. Memory: 208384K Free: 194055K (93%)
ptolemy.util.test.WatchDog.cancel(): canceling Wed Jan 30 18:03:09 UTC 2019
------------------ testing $PTII/ptolemy/domains/de/test/auto/DEFixedPointLimitation.xml
auto.tcl: Setting watchdog for 200 seconds at Wed Jan 30 18:03:09 UTC 2019
1 ms. Memory: 208384K Free: 198014K (95%)
ptolemy.util.test.WatchDog.cancel(): canceling Wed Jan 30 18:03:09 UTC 2019
auto.tcl: Setting watchdog for 200 seconds at Wed Jan 30 18:03:09 UTC 2019
1 ms. Memory: 208384K Free: 195974K (94%)
ptolemy.util.test.WatchDog.cancel(): canceling Wed Jan 30 18:03:09 UTC 2019
------------------ testing $PTII/ptolemy/domains/de/test/auto/DEScheduleTest.xml
auto.tcl: Setting watchdog for 200 seconds at Wed Jan 30 18:03:09 UTC 2019
4 ms. Memory: 208384K Free: 198568K (95%)
ptolemy.util.test.WatchDog.cancel(): canceling Wed Jan 30 18:03:09 UTC 2019
auto.tcl: Setting watchdog for 200 seconds at Wed Jan 30 18:03:09 UTC 2019
7 ms. Memory: 208384K Free: 196008K (94%)
ptolemy.util.test.WatchDog.cancel(): canceling Wed Jan 30 18:03:09 UTC 2019
------------------ testing $PTII/ptolemy/domains/de/test/auto/DEinDEwithStartTimes.xml
auto.tcl: Setting watchdog for 200 seconds at Wed Jan 30 18:03:09 UTC 2019
4 ms. Memory: 208384K Free: 195977K (94%)
ptolemy.util.test.WatchDog.cancel(): canceling Wed Jan 30 18:03:09 UTC 2019
auto.tcl: Setting watchdog for 200 seconds at Wed Jan 30 18:03:09 UTC 2019
4 ms. Memory: 208384K Free: 195977K (94%)
ptolemy.util.test.WatchDog.cancel(): canceling Wed Jan 30 18:03:09 UTC 2019
------------------ testing $PTII/ptolemy/domains/de/test/auto/DEinDEwithStartTimes2.xml
auto.tcl: Setting watchdog for 200 seconds at Wed Jan 30 18:03:09 UTC 2019
7 ms. Memory: 208384K Free: 195957K (94%)
ptolemy.util.test.WatchDog.cancel(): canceling Wed Jan 30 18:03:09 UTC 2019
auto.tcl: Setting watchdog for 200 seconds at Wed Jan 30 18:03:09 UTC 2019
6 ms. Memory: 208384K Free: 193917K (93%)
ptolemy.util.test.WatchDog.cancel(): canceling Wed Jan 30 18:03:09 UTC 2019
------------------ testing $PTII/ptolemy/domains/de/test/auto/DateDemo.xml
auto.tcl: Setting watchdog for 200 seconds at Wed Jan 30 18:03:09 UTC 2019
11 ms. Memory: 208384K Free: 188565K (90%)
ptolemy.util.test.WatchDog.cancel(): canceling Wed Jan 30 18:03:09 UTC 2019
auto.tcl: Setting watchdog for 200 seconds at Wed Jan 30 18:03:09 UTC 2019
5 ms. Memory: 208384K Free: 186524K (90%)
ptolemy.util.test.WatchDog.cancel(): canceling Wed Jan 30 18:03:09 UTC 2019
------------------ testing $PTII/ptolemy/domains/de/test/auto/DateToEvent.xml
auto.tcl: Setting watchdog for 200 seconds at Wed Jan 30 18:03:09 UTC 2019
2009 ms. Memory: 208384K Free: 183449K (88%)
ptolemy.util.test.WatchDog.cancel(): canceling Wed Jan 30 18:03:12 UTC 2019
auto.tcl: Setting watchdog for 200 seconds at Wed Jan 30 18:03:12 UTC 2019
2004 ms. Memory: 208384K Free: 183449K (88%)
ptolemy.util.test.WatchDog.cancel(): canceling Wed Jan 30 18:03:14 UTC 2019
------------------ testing $PTII/ptolemy/domains/de/test/auto/DepthTest1.xml
auto.tcl: Setting watchdog for 200 seconds at Wed Jan 30 18:03:14 UTC 2019
7 ms. Memory: 208384K Free: 195119K (94%)
ptolemy.util.test.WatchDog.cancel(): canceling Wed Jan 30 18:03:14 UTC 2019
auto.tcl: Setting watchdog for 200 seconds at Wed Jan 30 18:03:14 UTC 2019
2 ms. Memory: 208384K Free: 195119K (94%)
ptolemy.util.test.WatchDog.cancel(): canceling Wed Jan 30 18:03:14 UTC 2019
------------------ testing $PTII/ptolemy/domains/de/test/auto/DepthTest2.xml
auto.tcl: Setting watchdog for 200 seconds at Wed Jan 30 18:03:14 UTC 2019
11 ms. Memory: 208384K Free: 193928K (93%)
ptolemy.util.test.WatchDog.cancel(): canceling Wed Jan 30 18:03:14 UTC 2019
auto.tcl: Setting watchdog for 200 seconds at Wed Jan 30 18:03:14 UTC 2019
2 ms. Memory: 208384K Free: 193928K (93%)
ptolemy.util.test.WatchDog.cancel(): canceling Wed Jan 30 18:03:14 UTC 2019
------------------ testing $PTII/ptolemy/domains/de/test/auto/DepthTest3.xml
auto.tcl: Setting watchdog for 200 seconds at Wed Jan 30 18:03:14 UTC 2019
2 ms. Memory: 208384K Free: 197911K (95%)
ptolemy.util.test.WatchDog.cancel(): canceling Wed Jan 30 18:03:14 UTC 2019
auto.tcl: Setting watchdog for 200 seconds at Wed Jan 30 18:03:14 UTC 2019
2 ms. Memory: 208384K Free: 197911K (95%)
ptolemy.util.test.WatchDog.cancel(): canceling Wed Jan 30 18:03:14 UTC 2019
------------------ testing $PTII/ptolemy/domains/de/test/auto/DepthTest4.xml
auto.tcl: Setting watchdog for 200 seconds at Wed Jan 30 18:03:14 UTC 2019
6 ms. Memory: 208384K Free: 195957K (94%)
ptolemy.util.test.WatchDog.cancel(): canceling Wed Jan 30 18:03:14 UTC 2019
auto.tcl: Setting watchdog for 200 seconds at Wed Jan 30 18:03:14 UTC 2019
4 ms. Memory: 208384K Free: 195957K (94%)
ptolemy.util.test.WatchDog.cancel(): canceling Wed Jan 30 18:03:14 UTC 2019
------------------ testing $PTII/ptolemy/domains/de/test/auto/DepthTest5.xml
auto.tcl: Setting watchdog for 200 seconds at Wed Jan 30 18:03:14 UTC 2019
5 ms. Memory: 208384K Free: 196423K (94%)
ptolemy.util.test.WatchDog.cancel(): canceling Wed Jan 30 18:03:14 UTC 2019
auto.tcl: Setting watchdog for 200 seconds at Wed Jan 30 18:03:14 UTC 2019
2 ms. Memory: 208384K Free: 196423K (94%)
ptolemy.util.test.WatchDog.cancel(): canceling Wed Jan 30 18:03:14 UTC 2019
------------------ testing $PTII/ptolemy/domains/de/test/auto/DepthTest6.xml
auto.tcl: Setting watchdog for 200 seconds at Wed Jan 30 18:03:14 UTC 2019
7 ms. Memory: 208384K Free: 196399K (94%)
ptolemy.util.test.WatchDog.cancel(): canceling Wed Jan 30 18:03:14 UTC 2019
auto.tcl: Setting watchdog for 200 seconds at Wed Jan 30 18:03:14 UTC 2019
2 ms. Memory: 208384K Free: 196399K (94%)
ptolemy.util.test.WatchDog.cancel(): canceling Wed Jan 30 18:03:14 UTC 2019
------------------ testing $PTII/ptolemy/domains/de/test/auto/DepthTest7.xml
auto.tcl: Setting watchdog for 200 seconds at Wed Jan 30 18:03:14 UTC 2019
6 ms. Memory: 208384K Free: 195862K (94%)
ptolemy.util.test.WatchDog.cancel(): canceling Wed Jan 30 18:03:14 UTC 2019
auto.tcl: Setting watchdog for 200 seconds at Wed Jan 30 18:03:14 UTC 2019
2 ms. Memory: 208384K Free: 195862K (94%)
ptolemy.util.test.WatchDog.cancel(): canceling Wed Jan 30 18:03:14 UTC 2019
------------------ testing $PTII/ptolemy/domains/de/test/auto/EventToDate.xml
auto.tcl: Setting watchdog for 200 seconds at Wed Jan 30 18:03:14 UTC 2019
3005 ms. Memory: 208384K Free: 183214K (88%)
ptolemy.util.test.WatchDog.cancel(): canceling Wed Jan 30 18:03:17 UTC 2019
auto.tcl: Setting watchdog for 200 seconds at Wed Jan 30 18:03:17 UTC 2019
3005 ms. Memory: 208384K Free: 183214K (88%)
ptolemy.util.test.WatchDog.cancel(): canceling Wed Jan 30 18:03:20 UTC 2019
------------------ testing $PTII/ptolemy/domains/de/test/auto/FSM1.xml
auto.tcl: Setting watchdog for 200 seconds at Wed Jan 30 18:03:20 UTC 2019
39 ms. Memory: 208384K Free: 189033K (91%)
ptolemy.util.test.WatchDog.cancel(): canceling Wed Jan 30 18:03:20 UTC 2019
auto.tcl: Setting watchdog for 200 seconds at Wed Jan 30 18:03:20 UTC 2019
25 ms. Memory: 208384K Free: 184951K (89%)
ptolemy.util.test.WatchDog.cancel(): canceling Wed Jan 30 18:03:20 UTC 2019
------------------ testing $PTII/ptolemy/domains/de/test/auto/FSM7.xml
auto.tcl: Setting watchdog for 200 seconds at Wed Jan 30 18:03:20 UTC 2019
29 ms. Memory: 208384K Free: 189236K (91%)
ptolemy.util.test.WatchDog.cancel(): canceling Wed Jan 30 18:03:20 UTC 2019
auto.tcl: Setting watchdog for 200 seconds at Wed Jan 30 18:03:20 UTC 2019
15 ms. Memory: 208384K Free: 185155K (89%)
ptolemy.util.test.WatchDog.cancel(): canceling Wed Jan 30 18:03:21 UTC 2019
------------------ testing $PTII/ptolemy/domains/de/test/auto/Inspection.xml
auto.tcl: Setting watchdog for 200 seconds at Wed Jan 30 18:03:21 UTC 2019
19 ms. Memory: 208384K Free: 188410K (90%)
ptolemy.util.test.WatchDog.cancel(): canceling Wed Jan 30 18:03:21 UTC 2019
auto.tcl: Setting watchdog for 200 seconds at Wed Jan 30 18:03:21 UTC 2019
22 ms. Memory: 208384K Free: 186369K (89%)
ptolemy.util.test.WatchDog.cancel(): canceling Wed Jan 30 18:03:21 UTC 2019
------------------ testing $PTII/ptolemy/domains/de/test/auto/Iteration.xml
auto.tcl: Setting watchdog for 200 seconds at Wed Jan 30 18:03:21 UTC 2019
7 ms. Memory: 208384K Free: 195668K (94%)
ptolemy.util.test.WatchDog.cancel(): canceling Wed Jan 30 18:03:21 UTC 2019
auto.tcl: Setting watchdog for 200 seconds at Wed Jan 30 18:03:21 UTC 2019
5 ms. Memory: 208384K Free: 193627K (93%)
ptolemy.util.test.WatchDog.cancel(): canceling Wed Jan 30 18:03:21 UTC 2019
------------------ testing $PTII/ptolemy/domains/de/test/auto/LineFault.xml
auto.tcl: Setting watchdog for 200 seconds at Wed Jan 30 18:03:21 UTC 2019
662 ms. Memory: 208384K Free: 199407K (96%)
ptolemy.util.test.WatchDog.cancel(): canceling Wed Jan 30 18:03:22 UTC 2019
auto.tcl: Setting watchdog for 200 seconds at Wed Jan 30 18:03:22 UTC 2019
573 ms. Memory: 208384K Free: 142012K (68%)
ptolemy.util.test.WatchDog.cancel(): canceling Wed Jan 30 18:03:22 UTC 2019
------------------ testing $PTII/ptolemy/domains/de/test/auto/MergeModel1Add.xml
auto.tcl: Setting watchdog for 200 seconds at Wed Jan 30 18:03:22 UTC 2019
15 ms. Memory: 331264K Free: 300369K (91%)
ptolemy.util.test.WatchDog.cancel(): canceling Wed Jan 30 18:03:22 UTC 2019
auto.tcl: Setting watchdog for 200 seconds at Wed Jan 30 18:03:22 UTC 2019
9 ms. Memory: 331264K Free: 300369K (91%)
ptolemy.util.test.WatchDog.cancel(): canceling Wed Jan 30 18:03:22 UTC 2019
------------------ testing $PTII/ptolemy/domains/de/test/auto/MergeModel2Add.xml
auto.tcl: Setting watchdog for 200 seconds at Wed Jan 30 18:03:22 UTC 2019
8 ms. Memory: 331264K Free: 305289K (92%)
ptolemy.util.test.WatchDog.cancel(): canceling Wed Jan 30 18:03:23 UTC 2019
auto.tcl: Setting watchdog for 200 seconds at Wed Jan 30 18:03:23 UTC 2019
10 ms. Memory: 331264K Free: 301715K (91%)
ptolemy.util.test.WatchDog.cancel(): canceling Wed Jan 30 18:03:23 UTC 2019
------------------ testing $PTII/ptolemy/domains/de/test/auto/MergeModel3Add.xml
auto.tcl: Setting watchdog for 200 seconds at Wed Jan 30 18:03:23 UTC 2019
11 ms. Memory: 331264K Free: 305252K (92%)
ptolemy.util.test.WatchDog.cancel(): canceling Wed Jan 30 18:03:23 UTC 2019
auto.tcl: Setting watchdog for 200 seconds at Wed Jan 30 18:03:23 UTC 2019
8 ms. Memory: 331264K Free: 301670K (91%)
ptolemy.util.test.WatchDog.cancel(): canceling Wed Jan 30 18:03:23 UTC 2019
------------------ testing $PTII/ptolemy/domains/de/test/auto/MergeWithoutDiscard.xml
auto.tcl: Setting watchdog for 200 seconds at Wed Jan 30 18:03:23 UTC 2019
2 ms. Memory: 331264K Free: 316654K (96%)
ptolemy.util.test.WatchDog.cancel(): canceling Wed Jan 30 18:03:23 UTC 2019
auto.tcl: Setting watchdog for 200 seconds at Wed Jan 30 18:03:23 UTC 2019
2 ms. Memory: 331264K Free: 316654K (96%)
ptolemy.util.test.WatchDog.cancel(): canceling Wed Jan 30 18:03:23 UTC 2019
------------------ testing $PTII/ptolemy/domains/de/test/auto/Modal1.xml
auto.tcl: Setting watchdog for 200 seconds at Wed Jan 30 18:03:23 UTC 2019
13 ms. Memory: 331264K Free: 310253K (94%)
ptolemy.util.test.WatchDog.cancel(): canceling Wed Jan 30 18:03:23 UTC 2019
auto.tcl: Setting watchdog for 200 seconds at Wed Jan 30 18:03:23 UTC 2019
12 ms. Memory: 331264K Free: 306679K (93%)
ptolemy.util.test.WatchDog.cancel(): canceling Wed Jan 30 18:03:23 UTC 2019
------------------ testing $PTII/ptolemy/domains/de/test/auto/Modal2.xml
auto.tcl: Setting watchdog for 200 seconds at Wed Jan 30 18:03:23 UTC 2019
17 ms. Memory: 331264K Free: 310112K (94%)
ptolemy.util.test.WatchDog.cancel(): canceling Wed Jan 30 18:03:23 UTC 2019
auto.tcl: Setting watchdog for 200 seconds at Wed Jan 30 18:03:23 UTC 2019
11 ms. Memory: 331264K Free: 306546K (93%)
ptolemy.util.test.WatchDog.cancel(): canceling Wed Jan 30 18:03:23 UTC 2019
------------------ testing $PTII/ptolemy/domains/de/test/auto/Modal3.xml
auto.tcl: Setting watchdog for 200 seconds at Wed Jan 30 18:03:23 UTC 2019
10 ms. Memory: 331264K Free: 310125K (94%)
ptolemy.util.test.WatchDog.cancel(): canceling Wed Jan 30 18:03:23 UTC 2019
auto.tcl: Setting watchdog for 200 seconds at Wed Jan 30 18:03:23 UTC 2019
8 ms. Memory: 331264K Free: 306558K (93%)
ptolemy.util.test.WatchDog.cancel(): canceling Wed Jan 30 18:03:23 UTC 2019
------------------ testing $PTII/ptolemy/domains/de/test/auto/Modal4.xml
auto.tcl: Setting watchdog for 200 seconds at Wed Jan 30 18:03:23 UTC 2019
23 ms. Memory: 331264K Free: 310138K (94%)
ptolemy.util.test.WatchDog.cancel(): canceling Wed Jan 30 18:03:23 UTC 2019
auto.tcl: Setting watchdog for 200 seconds at Wed Jan 30 18:03:23 UTC 2019
19 ms. Memory: 331264K Free: 306572K (93%)
ptolemy.util.test.WatchDog.cancel(): canceling Wed Jan 30 18:03:23 UTC 2019
------------------ testing $PTII/ptolemy/domains/de/test/auto/Modal5.xml
auto.tcl: Setting watchdog for 200 seconds at Wed Jan 30 18:03:23 UTC 2019
20 ms. Memory: 331264K Free: 310133K (94%)
ptolemy.util.test.WatchDog.cancel(): canceling Wed Jan 30 18:03:23 UTC 2019
auto.tcl: Setting watchdog for 200 seconds at Wed Jan 30 18:03:23 UTC 2019
15 ms. Memory: 331264K Free: 306551K (93%)
ptolemy.util.test.WatchDog.cancel(): canceling Wed Jan 30 18:03:23 UTC 2019
------------------ testing $PTII/ptolemy/domains/de/test/auto/Modal6.xml
auto.tcl: Setting watchdog for 200 seconds at Wed Jan 30 18:03:23 UTC 2019
11 ms. Memory: 331264K Free: 310122K (94%)
ptolemy.util.test.WatchDog.cancel(): canceling Wed Jan 30 18:03:23 UTC 2019
auto.tcl: Setting watchdog for 200 seconds at Wed Jan 30 18:03:23 UTC 2019
12 ms. Memory: 331264K Free: 306556K (93%)
ptolemy.util.test.WatchDog.cancel(): canceling Wed Jan 30 18:03:23 UTC 2019
------------------ testing $PTII/ptolemy/domains/de/test/auto/Modal7.xml
auto.tcl: Setting watchdog for 200 seconds at Wed Jan 30 18:03:23 UTC 2019
10 ms. Memory: 331264K Free: 306541K (93%)
ptolemy.util.test.WatchDog.cancel(): canceling Wed Jan 30 18:03:23 UTC 2019
auto.tcl: Setting watchdog for 200 seconds at Wed Jan 30 18:03:23 UTC 2019
9 ms. Memory: 331264K Free: 302975K (91%)
ptolemy.util.test.WatchDog.cancel(): canceling Wed Jan 30 18:03:23 UTC 2019
------------------ testing $PTII/ptolemy/domains/de/test/auto/ModalModel.xml
auto.tcl: Setting watchdog for 200 seconds at Wed Jan 30 18:03:23 UTC 2019
157 ms. Memory: 331264K Free: 247478K (75%)
ptolemy.util.test.WatchDog.cancel(): canceling Wed Jan 30 18:03:24 UTC 2019
auto.tcl: Setting watchdog for 200 seconds at Wed Jan 30 18:03:24 UTC 2019
170 ms. Memory: 331264K Free: 190286K (57%)
ptolemy.util.test.WatchDog.cancel(): canceling Wed Jan 30 18:03:24 UTC 2019
------------------ testing $PTII/ptolemy/domains/de/test/auto/ModalSource.xml
auto.tcl: Setting watchdog for 200 seconds at Wed Jan 30 18:03:24 UTC 2019
10 ms. Memory: 331264K Free: 316840K (96%)
ptolemy.util.test.WatchDog.cancel(): canceling Wed Jan 30 18:03:24 UTC 2019
auto.tcl: Setting watchdog for 200 seconds at Wed Jan 30 18:03:24 UTC 2019
5 ms. Memory: 331264K Free: 313567K (95%)
ptolemy.util.test.WatchDog.cancel(): canceling Wed Jan 30 18:03:24 UTC 2019
------------------ testing $PTII/ptolemy/domains/de/test/auto/NonInterruptibleTimerZeroDelay.xml
auto.tcl: Setting watchdog for 200 seconds at Wed Jan 30 18:03:24 UTC 2019
4 ms. Memory: 331264K Free: 320774K (97%)
ptolemy.util.test.WatchDog.cancel(): canceling Wed Jan 30 18:03:24 UTC 2019
auto.tcl: Setting watchdog for 200 seconds at Wed Jan 30 18:03:24 UTC 2019
2 ms. Memory: 331264K Free: 317493K (96%)
ptolemy.util.test.WatchDog.cancel(): canceling Wed Jan 30 18:03:24 UTC 2019
------------------ testing $PTII/ptolemy/domains/de/test/auto/OpenQueueingNetwork.xml
auto.tcl: Setting watchdog for 200 seconds at Wed Jan 30 18:03:24 UTC 2019
2694 ms. Memory: 307712K Free: 131506K (43%)
ptolemy.util.test.WatchDog.cancel(): canceling Wed Jan 30 18:03:27 UTC 2019
auto.tcl: Setting watchdog for 200 seconds at Wed Jan 30 18:03:27 UTC 2019
2314 ms. Memory: 278528K Free: 170722K (61%)
ptolemy.util.test.WatchDog.cancel(): canceling Wed Jan 30 18:03:29 UTC 2019
------------------ testing $PTII/ptolemy/domains/de/test/auto/OpenQueuingNetwork.xml
auto.tcl: Setting watchdog for 200 seconds at Wed Jan 30 18:03:29 UTC 2019
235 ms. Memory: 278528K Free: 179900K (65%)
ptolemy.util.test.WatchDog.cancel(): canceling Wed Jan 30 18:03:30 UTC 2019
auto.tcl: Setting watchdog for 200 seconds at Wed Jan 30 18:03:30 UTC 2019
224 ms. Memory: 278528K Free: 119055K (43%)
ptolemy.util.test.WatchDog.cancel(): canceling Wed Jan 30 18:03:30 UTC 2019
------------------ testing $PTII/ptolemy/domains/de/test/auto/PeriodicSampler.xml
auto.tcl: Setting watchdog for 200 seconds at Wed Jan 30 18:03:30 UTC 2019
2 ms. Memory: 281088K Free: 270873K (96%)
ptolemy.util.test.WatchDog.cancel(): canceling Wed Jan 30 18:03:30 UTC 2019
auto.tcl: Setting watchdog for 200 seconds at Wed Jan 30 18:03:30 UTC 2019
1 ms. Memory: 281088K Free: 267996K (95%)
ptolemy.util.test.WatchDog.cancel(): canceling Wed Jan 30 18:03:30 UTC 2019
------------------ testing $PTII/ptolemy/domains/de/test/auto/PersistentIO.xml
auto.tcl: Setting watchdog for 200 seconds at Wed Jan 30 18:03:30 UTC 2019
5 ms. Memory: 278528K Free: 261195K (94%)
ptolemy.util.test.WatchDog.cancel(): canceling Wed Jan 30 18:03:30 UTC 2019
auto.tcl: Setting watchdog for 200 seconds at Wed Jan 30 18:03:30 UTC 2019
4 ms. Memory: 278528K Free: 258318K (93%)
ptolemy.util.test.WatchDog.cancel(): canceling Wed Jan 30 18:03:30 UTC 2019
------------------ testing $PTII/ptolemy/domains/de/test/auto/PortParameterResetOnInitialize.xml
auto.tcl: Setting watchdog for 200 seconds at Wed Jan 30 18:03:30 UTC 2019
2 ms. Memory: 280576K Free: 265973K (95%)
ptolemy.util.test.WatchDog.cancel(): canceling Wed Jan 30 18:03:30 UTC 2019
auto.tcl: Setting watchdog for 200 seconds at Wed Jan 30 18:03:30 UTC 2019
2 ms. Memory: 280576K Free: 265973K (95%)
ptolemy.util.test.WatchDog.cancel(): canceling Wed Jan 30 18:03:30 UTC 2019
------------------ testing $PTII/ptolemy/domains/de/test/auto/PortParameterUpdates.xml
auto.tcl: Setting watchdog for 200 seconds at Wed Jan 30 18:03:30 UTC 2019
4 ms. Memory: 278528K Free: 263910K (95%)
ptolemy.util.test.WatchDog.cancel(): canceling Wed Jan 30 18:03:30 UTC 2019
auto.tcl: Setting watchdog for 200 seconds at Wed Jan 30 18:03:30 UTC 2019
3 ms. Memory: 278528K Free: 261033K (94%)
ptolemy.util.test.WatchDog.cancel(): canceling Wed Jan 30 18:03:30 UTC 2019
------------------ testing $PTII/ptolemy/domains/de/test/auto/QueueAndServer.xml
auto.tcl: Setting watchdog for 200 seconds at Wed Jan 30 18:03:30 UTC 2019
16 ms. Memory: 280576K Free: 263052K (94%)
ptolemy.util.test.WatchDog.cancel(): canceling Wed Jan 30 18:03:30 UTC 2019
auto.tcl: Setting watchdog for 200 seconds at Wed Jan 30 18:03:30 UTC 2019
6 ms. Memory: 280576K Free: 263052K (94%)
ptolemy.util.test.WatchDog.cancel(): canceling Wed Jan 30 18:03:30 UTC 2019
------------------ testing $PTII/ptolemy/domains/de/test/auto/Records.xml
auto.tcl: Setting watchdog for 200 seconds at Wed Jan 30 18:03:30 UTC 2019
4 ms. Memory: 278528K Free: 265794K (95%)
ptolemy.util.test.WatchDog.cancel(): canceling Wed Jan 30 18:03:30 UTC 2019
auto.tcl: Setting watchdog for 200 seconds at Wed Jan 30 18:03:30 UTC 2019
1 ms. Memory: 278528K Free: 265794K (95%)
ptolemy.util.test.WatchDog.cancel(): canceling Wed Jan 30 18:03:30 UTC 2019
------------------ testing $PTII/ptolemy/domains/de/test/auto/ResetTransitionWithStartTime1.xml
auto.tcl: Setting watchdog for 200 seconds at Wed Jan 30 18:03:30 UTC 2019
12 ms. Memory: 280064K Free: 262647K (94%)
ptolemy.util.test.WatchDog.cancel(): canceling Wed Jan 30 18:03:30 UTC 2019
auto.tcl: Setting watchdog for 200 seconds at Wed Jan 30 18:03:30 UTC 2019
9 ms. Memory: 280064K Free: 262498K (94%)
ptolemy.util.test.WatchDog.cancel(): canceling Wed Jan 30 18:03:30 UTC 2019
------------------ testing $PTII/ptolemy/domains/de/test/auto/ResetTransitionWithStartTime2.xml
auto.tcl: Setting watchdog for 200 seconds at Wed Jan 30 18:03:30 UTC 2019
11 ms. Memory: 278528K Free: 261086K (94%)
ptolemy.util.test.WatchDog.cancel(): canceling Wed Jan 30 18:03:30 UTC 2019
auto.tcl: Setting watchdog for 200 seconds at Wed Jan 30 18:03:30 UTC 2019
5 ms. Memory: 278528K Free: 261086K (94%)
ptolemy.util.test.WatchDog.cancel(): canceling Wed Jan 30 18:03:30 UTC 2019
------------------ testing $PTII/ptolemy/domains/de/test/auto/ResetTransitionWithStartTime3.xml
auto.tcl: Setting watchdog for 200 seconds at Wed Jan 30 18:03:30 UTC 2019
6 ms. Memory: 280064K Free: 262473K (94%)
ptolemy.util.test.WatchDog.cancel(): canceling Wed Jan 30 18:03:31 UTC 2019
auto.tcl: Setting watchdog for 200 seconds at Wed Jan 30 18:03:31 UTC 2019
5 ms. Memory: 280064K Free: 262473K (94%)
ptolemy.util.test.WatchDog.cancel(): canceling Wed Jan 30 18:03:31 UTC 2019
------------------ testing $PTII/ptolemy/domains/de/test/auto/ResetTransitionWithStartTime4.xml
auto.tcl: Setting watchdog for 200 seconds at Wed Jan 30 18:03:31 UTC 2019
6 ms. Memory: 278528K Free: 262931K (94%)
ptolemy.util.test.WatchDog.cancel(): canceling Wed Jan 30 18:03:31 UTC 2019
auto.tcl: Setting watchdog for 200 seconds at Wed Jan 30 18:03:31 UTC 2019
3 ms. Memory: 278528K Free: 262931K (94%)
ptolemy.util.test.WatchDog.cancel(): canceling Wed Jan 30 18:03:31 UTC 2019
------------------ testing $PTII/ptolemy/domains/de/test/auto/ResettableTimer1.xml
auto.tcl: Setting watchdog for 200 seconds at Wed Jan 30 18:03:31 UTC 2019
2 ms. Memory: 280064K Free: 267331K (95%)
ptolemy.util.test.WatchDog.cancel(): canceling Wed Jan 30 18:03:31 UTC 2019
auto.tcl: Setting watchdog for 200 seconds at Wed Jan 30 18:03:31 UTC 2019
1 ms. Memory: 280064K Free: 267331K (95%)
ptolemy.util.test.WatchDog.cancel(): canceling Wed Jan 30 18:03:31 UTC 2019
------------------ testing $PTII/ptolemy/domains/de/test/auto/ResettableTimer2.xml
auto.tcl: Setting watchdog for 200 seconds at Wed Jan 30 18:03:31 UTC 2019
2 ms. Memory: 278528K Free: 266017K (96%)
ptolemy.util.test.WatchDog.cancel(): canceling Wed Jan 30 18:03:31 UTC 2019
auto.tcl: Setting watchdog for 200 seconds at Wed Jan 30 18:03:31 UTC 2019
2 ms. Memory: 278528K Free: 266017K (96%)
ptolemy.util.test.WatchDog.cancel(): canceling Wed Jan 30 18:03:31 UTC 2019
------------------ testing $PTII/ptolemy/domains/de/test/auto/ResettableTimer3.xml
auto.tcl: Setting watchdog for 200 seconds at Wed Jan 30 18:03:31 UTC 2019
2 ms. Memory: 279552K Free: 266876K (95%)
ptolemy.util.test.WatchDog.cancel(): canceling Wed Jan 30 18:03:31 UTC 2019
auto.tcl: Setting watchdog for 200 seconds at Wed Jan 30 18:03:31 UTC 2019
2 ms. Memory: 279552K Free: 266876K (95%)
ptolemy.util.test.WatchDog.cancel(): canceling Wed Jan 30 18:03:31 UTC 2019
------------------ testing $PTII/ptolemy/domains/de/test/auto/ResettableTimer4.xml
auto.tcl: Setting watchdog for 200 seconds at Wed Jan 30 18:03:31 UTC 2019
2 ms. Memory: 278528K Free: 266014K (96%)
ptolemy.util.test.WatchDog.cancel(): canceling Wed Jan 30 18:03:31 UTC 2019
auto.tcl: Setting watchdog for 200 seconds at Wed Jan 30 18:03:31 UTC 2019
1 ms. Memory: 278528K Free: 266014K (96%)
ptolemy.util.test.WatchDog.cancel(): canceling Wed Jan 30 18:03:31 UTC 2019
------------------ testing $PTII/ptolemy/domains/de/test/auto/ResettableTimer5.xml
auto.tcl: Setting watchdog for 200 seconds at Wed Jan 30 18:03:31 UTC 2019
2 ms. Memory: 279552K Free: 265065K (95%)
ptolemy.util.test.WatchDog.cancel(): canceling Wed Jan 30 18:03:31 UTC 2019
auto.tcl: Setting watchdog for 200 seconds at Wed Jan 30 18:03:31 UTC 2019
1 ms. Memory: 279552K Free: 265065K (95%)
ptolemy.util.test.WatchDog.cancel(): canceling Wed Jan 30 18:03:31 UTC 2019
------------------ testing $PTII/ptolemy/domains/de/test/auto/ResettableTimer6.xml
auto.tcl: Setting watchdog for 200 seconds at Wed Jan 30 18:03:31 UTC 2019
2 ms. Memory: 278528K Free: 263849K (95%)
ptolemy.util.test.WatchDog.cancel(): canceling Wed Jan 30 18:03:31 UTC 2019
auto.tcl: Setting watchdog for 200 seconds at Wed Jan 30 18:03:31 UTC 2019
1 ms. Memory: 278528K Free: 263849K (95%)
ptolemy.util.test.WatchDog.cancel(): canceling Wed Jan 30 18:03:31 UTC 2019
------------------ testing $PTII/ptolemy/domains/de/test/auto/ServerZeroDelay.xml
auto.tcl: Setting watchdog for 200 seconds at Wed Jan 30 18:03:31 UTC 2019
4 ms. Memory: 279552K Free: 266976K (96%)
ptolemy.util.test.WatchDog.cancel(): canceling Wed Jan 30 18:03:31 UTC 2019
auto.tcl: Setting watchdog for 200 seconds at Wed Jan 30 18:03:31 UTC 2019
2 ms. Memory: 279552K Free: 266976K (96%)
ptolemy.util.test.WatchDog.cancel(): canceling Wed Jan 30 18:03:31 UTC 2019
------------------ testing $PTII/ptolemy/domains/de/test/auto/SmartSender.xml
auto.tcl: Setting watchdog for 200 seconds at Wed Jan 30 18:03:31 UTC 2019
3001 ms. Memory: 278528K Free: 263984K (95%)
ptolemy.util.test.WatchDog.cancel(): canceling Wed Jan 30 18:03:34 UTC 2019
auto.tcl: Setting watchdog for 200 seconds at Wed Jan 30 18:03:34 UTC 2019
3001 ms. Memory: 278528K Free: 263984K (95%)
ptolemy.util.test.WatchDog.cancel(): canceling Wed Jan 30 18:03:37 UTC 2019
------------------ testing $PTII/ptolemy/domains/de/test/auto/ThreadedComposite.xml
auto.tcl: Setting watchdog for 200 seconds at Wed Jan 30 18:03:37 UTC 2019
220 ms. Memory: 279552K Free: 244463K (87%)
ptolemy.util.test.WatchDog.cancel(): canceling Wed Jan 30 18:03:37 UTC 2019
auto.tcl: Setting watchdog for 200 seconds at Wed Jan 30 18:03:37 UTC 2019
116 ms. Memory: 279552K Free: 229774K (82%)
ptolemy.util.test.WatchDog.cancel(): canceling Wed Jan 30 18:03:37 UTC 2019
------------------ testing $PTII/ptolemy/domains/de/test/auto/Time.xml
auto.tcl: Setting watchdog for 200 seconds at Wed Jan 30 18:03:38 UTC 2019
552 ms. Memory: 278528K Free: 210330K (76%)
ptolemy.util.test.WatchDog.cancel(): canceling Wed Jan 30 18:03:38 UTC 2019
auto.tcl: Setting watchdog for 200 seconds at Wed Jan 30 18:03:38 UTC 2019
527 ms. Memory: 278528K Free: 155971K (56%)
ptolemy.util.test.WatchDog.cancel(): canceling Wed Jan 30 18:03:39 UTC 2019
------------------ testing $PTII/ptolemy/domains/de/test/auto/TimeDelayZeroDelay.xml
auto.tcl: Setting watchdog for 200 seconds at Wed Jan 30 18:03:39 UTC 2019
2 ms. Memory: 279040K Free: 266952K (96%)
ptolemy.util.test.WatchDog.cancel(): canceling Wed Jan 30 18:03:39 UTC 2019
auto.tcl: Setting watchdog for 200 seconds at Wed Jan 30 18:03:39 UTC 2019
2 ms. Memory: 279040K Free: 266952K (96%)
ptolemy.util.test.WatchDog.cancel(): canceling Wed Jan 30 18:03:39 UTC 2019
------------------ testing $PTII/ptolemy/domains/de/test/auto/TimerZeroDelay.xml
auto.tcl: Setting watchdog for 200 seconds at Wed Jan 30 18:03:39 UTC 2019
4 ms. Memory: 278528K Free: 266572K (96%)
ptolemy.util.test.WatchDog.cancel(): canceling Wed Jan 30 18:03:39 UTC 2019
auto.tcl: Setting watchdog for 200 seconds at Wed Jan 30 18:03:39 UTC 2019
3 ms. Memory: 278528K Free: 266572K (96%)
ptolemy.util.test.WatchDog.cancel(): canceling Wed Jan 30 18:03:39 UTC 2019
------------------ testing $PTII/ptolemy/domains/de/test/auto/TimingParadox.xml
auto.tcl: Setting watchdog for 200 seconds at Wed Jan 30 18:03:39 UTC 2019
333 ms. Memory: 279040K Free: 202985K (73%)
ptolemy.util.test.WatchDog.cancel(): canceling Wed Jan 30 18:03:39 UTC 2019
auto.tcl: Setting watchdog for 200 seconds at Wed Jan 30 18:03:39 UTC 2019
329 ms. Memory: 279040K Free: 167533K (60%)
ptolemy.util.test.WatchDog.cancel(): canceling Wed Jan 30 18:03:40 UTC 2019
------------------ testing $PTII/ptolemy/domains/de/test/auto/TransferInputs.xml
auto.tcl: Setting watchdog for 200 seconds at Wed Jan 30 18:03:40 UTC 2019
2 ms. Memory: 279040K Free: 266047K (95%)
ptolemy.util.test.WatchDog.cancel(): canceling Wed Jan 30 18:03:40 UTC 2019
auto.tcl: Setting watchdog for 200 seconds at Wed Jan 30 18:03:40 UTC 2019
1 ms. Memory: 279040K Free: 266047K (95%)
ptolemy.util.test.WatchDog.cancel(): canceling Wed Jan 30 18:03:40 UTC 2019
------------------ testing $PTII/ptolemy/domains/de/test/auto/TransferOutputs2.xml
auto.tcl: Setting watchdog for 200 seconds at Wed Jan 30 18:03:40 UTC 2019
2 ms. Memory: 278528K Free: 262133K (94%)
ptolemy.util.test.WatchDog.cancel(): canceling Wed Jan 30 18:03:40 UTC 2019
auto.tcl: Setting watchdog for 200 seconds at Wed Jan 30 18:03:40 UTC 2019
3 ms. Memory: 278528K Free: 259601K (93%)
ptolemy.util.test.WatchDog.cancel(): canceling Wed Jan 30 18:03:40 UTC 2019
------------------ testing $PTII/ptolemy/domains/de/test/auto/Trilateration.xml
auto.tcl: Setting watchdog for 200 seconds at Wed Jan 30 18:03:40 UTC 2019
12265 ms. Memory: 846848K Free: 786708K (93%)
ptolemy.util.test.WatchDog.cancel(): canceling Wed Jan 30 18:03:53 UTC 2019
auto.tcl: Setting watchdog for 200 seconds at Wed Jan 30 18:03:53 UTC 2019
10264 ms. Memory: 742912K Free: 283729K (38%)
ptolemy.util.test.WatchDog.cancel(): canceling Wed Jan 30 18:04:03 UTC 2019
------------------ testing $PTII/ptolemy/domains/de/test/auto/TwoSigmaDelta.xml
auto.tcl: Setting watchdog for 200 seconds at Wed Jan 30 18:04:03 UTC 2019
2599 ms. Memory: 746496K Free: 440026K (59%)
ptolemy.util.test.WatchDog.cancel(): canceling Wed Jan 30 18:04:06 UTC 2019
auto.tcl: Setting watchdog for 200 seconds at Wed Jan 30 18:04:06 UTC 2019
2010 ms. Memory: 746496K Free: 203169K (27%)
ptolemy.util.test.WatchDog.cancel(): canceling Wed Jan 30 18:04:08 UTC 2019
------------------ testing $PTII/ptolemy/domains/de/test/auto/VariableDelay.xml
auto.tcl: Setting watchdog for 200 seconds at Wed Jan 30 18:04:08 UTC 2019
10 ms. Memory: 743424K Free: 721108K (97%)
ptolemy.util.test.WatchDog.cancel(): canceling Wed Jan 30 18:04:08 UTC 2019
auto.tcl: Setting watchdog for 200 seconds at Wed Jan 30 18:04:08 UTC 2019
2 ms. Memory: 743424K Free: 721108K (97%)
ptolemy.util.test.WatchDog.cancel(): canceling Wed Jan 30 18:04:08 UTC 2019
------------------ testing $PTII/ptolemy/domains/de/test/auto/VariableDelay2.xml
auto.tcl: Setting watchdog for 200 seconds at Wed Jan 30 18:04:08 UTC 2019
6 ms. Memory: 742912K Free: 721025K (97%)
ptolemy.util.test.WatchDog.cancel(): canceling Wed Jan 30 18:04:08 UTC 2019
auto.tcl: Setting watchdog for 200 seconds at Wed Jan 30 18:04:08 UTC 2019
2 ms. Memory: 742912K Free: 721025K (97%)
ptolemy.util.test.WatchDog.cancel(): canceling Wed Jan 30 18:04:08 UTC 2019
------------------ testing $PTII/ptolemy/domains/de/test/auto/VariableDelayZeroDelay.xml
auto.tcl: Setting watchdog for 200 seconds at Wed Jan 30 18:04:08 UTC 2019
2 ms. Memory: 742912K Free: 714408K (96%)
ptolemy.util.test.WatchDog.cancel(): canceling Wed Jan 30 18:04:08 UTC 2019
auto.tcl: Setting watchdog for 200 seconds at Wed Jan 30 18:04:08 UTC 2019
2 ms. Memory: 742912K Free: 714408K (96%)
ptolemy.util.test.WatchDog.cancel(): canceling Wed Jan 30 18:04:08 UTC 2019
------------------ testing $PTII/ptolemy/domains/de/test/auto/VariableDelayZeroDelay2.xml
auto.tcl: Setting watchdog for 200 seconds at Wed Jan 30 18:04:08 UTC 2019
2 ms. Memory: 745472K Free: 716966K (96%)
ptolemy.util.test.WatchDog.cancel(): canceling Wed Jan 30 18:04:08 UTC 2019
auto.tcl: Setting watchdog for 200 seconds at Wed Jan 30 18:04:08 UTC 2019
1 ms. Memory: 745472K Free: 716966K (96%)
ptolemy.util.test.WatchDog.cancel(): canceling Wed Jan 30 18:04:08 UTC 2019
------------------ testing $PTII/ptolemy/domains/de/test/auto/deInCt.xml
auto.tcl: Setting watchdog for 200 seconds at Wed Jan 30 18:04:08 UTC 2019
0
1
1
1
0
0
1
1
1
1
0
0
1
1
0
0
1
1
1
0
0
0
1
1
1
0
0
0
1
1
1
0
0
0
1
1
1
1
1
0
0
0
0
1
1
0
0
0
0
1
1
1
9 ms. Memory: 742912K Free: 714387K (96%)
ptolemy.util.test.WatchDog.cancel(): canceling Wed Jan 30 18:04:08 UTC 2019
auto.tcl: Setting watchdog for 200 seconds at Wed Jan 30 18:04:08 UTC 2019
0
1
1
1
1
0
0
0
1
1
1
0
0
0
1
1
0
0
0
0
1
1
1
0
0
0
1
1
0
0
0
0
1
1
1
1
6 ms. Memory: 742912K Free: 714387K (96%)
ptolemy.util.test.WatchDog.cancel(): canceling Wed Jan 30 18:04:08 UTC 2019
------------------ testing $PTII/ptolemy/domains/de/test/auto/deInCt2.xml
auto.tcl: Setting watchdog for 200 seconds at Wed Jan 30 18:04:08 UTC 2019
0
1
1
1
0
0
1
1
1
0
0
1
1
1
0
0
1
1
1
0
0
1
1
1
0
0
1
1
1
0
0
1
1
1
0
0
1
1
1
0
0
0
14 ms. Memory: 745472K Free: 716947K (96%)
ptolemy.util.test.WatchDog.cancel(): canceling Wed Jan 30 18:04:08 UTC 2019
auto.tcl: Setting watchdog for 200 seconds at Wed Jan 30 18:04:08 UTC 2019
0
1
1
1
0
0
1
1
1
0
0
1
1
1
0
0
1
1
1
0
0
1
1
1
0
0
1
1
1
0
0
1
1
1
0
0
1
1
1
0
0
0
5 ms. Memory: 745472K Free: 716947K (96%)
ptolemy.util.test.WatchDog.cancel(): canceling Wed Jan 30 18:04:08 UTC 2019
------------------ testing $PTII/ptolemy/domains/de/test/auto/dynamicCausalityInterface1.xml
auto.tcl: Setting watchdog for 200 seconds at Wed Jan 30 18:04:08 UTC 2019
2 ms. Memory: 742912K Free: 721013K (97%)
ptolemy.util.test.WatchDog.cancel(): canceling Wed Jan 30 18:04:08 UTC 2019
auto.tcl: Setting watchdog for 200 seconds at Wed Jan 30 18:04:08 UTC 2019
1 ms. Memory: 742912K Free: 721013K (97%)
ptolemy.util.test.WatchDog.cancel(): canceling Wed Jan 30 18:04:08 UTC 2019
------------------ testing $PTII/ptolemy/domains/de/test/auto/fsm_de_test.xml
auto.tcl: Setting watchdog for 200 seconds at Wed Jan 30 18:04:09 UTC 2019
15 ms. Memory: 744960K Free: 716341K (96%)
ptolemy.util.test.WatchDog.cancel(): canceling Wed Jan 30 18:04:09 UTC 2019
auto.tcl: Setting watchdog for 200 seconds at Wed Jan 30 18:04:09 UTC 2019
5 ms. Memory: 744960K Free: 716341K (96%)
ptolemy.util.test.WatchDog.cancel(): canceling Wed Jan 30 18:04:09 UTC 2019
------------------ testing $PTII/ptolemy/domains/de/test/auto/functionDependencyReconstruction.xml
auto.tcl: Setting watchdog for 200 seconds at Wed Jan 30 18:04:09 UTC 2019
2 ms. Memory: 742912K Free: 703972K (95%)
ptolemy.util.test.WatchDog.cancel(): canceling Wed Jan 30 18:04:09 UTC 2019
auto.tcl: Setting watchdog for 200 seconds at Wed Jan 30 18:04:09 UTC 2019
3 ms. Memory: 742912K Free: 703972K (95%)
ptolemy.util.test.WatchDog.cancel(): canceling Wed Jan 30 18:04:09 UTC 2019
------------------ testing $PTII/ptolemy/domains/de/test/auto/multirate.xml
auto.tcl: Setting watchdog for 200 seconds at Wed Jan 30 18:04:09 UTC 2019
3 ms. Memory: 744960K Free: 716208K (96%)
ptolemy.util.test.WatchDog.cancel(): canceling Wed Jan 30 18:04:09 UTC 2019
auto.tcl: Setting watchdog for 200 seconds at Wed Jan 30 18:04:09 UTC 2019
3 ms. Memory: 744960K Free: 716208K (96%)
ptolemy.util.test.WatchDog.cancel(): canceling Wed Jan 30 18:04:09 UTC 2019
------------------ testing $PTII/ptolemy/domains/de/test/auto/multirate2.xml
auto.tcl: Setting watchdog for 200 seconds at Wed Jan 30 18:04:09 UTC 2019
3 ms. Memory: 742912K Free: 714348K (96%)
ptolemy.util.test.WatchDog.cancel(): canceling Wed Jan 30 18:04:09 UTC 2019
auto.tcl: Setting watchdog for 200 seconds at Wed Jan 30 18:04:09 UTC 2019
2 ms. Memory: 742912K Free: 714348K (96%)
ptolemy.util.test.WatchDog.cancel(): canceling Wed Jan 30 18:04:09 UTC 2019
------------------ testing $PTII/ptolemy/domains/de/test/auto/realtime.xml
auto.tcl: Setting watchdog for 200 seconds at Wed Jan 30 18:04:09 UTC 2019
10002 ms. Memory: 744448K Free: 715866K (96%)
ptolemy.util.test.WatchDog.cancel(): canceling Wed Jan 30 18:04:19 UTC 2019
auto.tcl: Setting watchdog for 200 seconds at Wed Jan 30 18:04:19 UTC 2019
10001 ms. Memory: 744448K Free: 715866K (96%)
ptolemy.util.test.WatchDog.cancel(): canceling Wed Jan 30 18:04:29 UTC 2019
------------------ testing $PTII/ptolemy/domains/de/test/auto/relationGroup.xml
auto.tcl: Setting watchdog for 200 seconds at Wed Jan 30 18:04:29 UTC 2019
2 ms. Memory: 742912K Free: 714372K (96%)
ptolemy.util.test.WatchDog.cancel(): canceling Wed Jan 30 18:04:29 UTC 2019
auto.tcl: Setting watchdog for 200 seconds at Wed Jan 30 18:04:29 UTC 2019
1 ms. Memory: 742912K Free: 714372K (96%)
ptolemy.util.test.WatchDog.cancel(): canceling Wed Jan 30 18:04:29 UTC 2019
------------------ testing $PTII/ptolemy/domains/de/test/auto/relationGroup2.xml
auto.tcl: Setting watchdog for 200 seconds at Wed Jan 30 18:04:29 UTC 2019
1 ms. Memory: 744448K Free: 715933K (96%)
ptolemy.util.test.WatchDog.cancel(): canceling Wed Jan 30 18:04:29 UTC 2019
auto.tcl: Setting watchdog for 200 seconds at Wed Jan 30 18:04:29 UTC 2019
1 ms. Memory: 744448K Free: 715933K (96%)
ptolemy.util.test.WatchDog.cancel(): canceling Wed Jan 30 18:04:29 UTC 2019
------------------ testing $PTII/ptolemy/domains/de/test/auto/sortWithOpaquePorts.xml
auto.tcl: Setting watchdog for 200 seconds at Wed Jan 30 18:04:29 UTC 2019
1 ms. Memory: 742912K Free: 714398K (96%)
ptolemy.util.test.WatchDog.cancel(): canceling Wed Jan 30 18:04:29 UTC 2019
auto.tcl: Setting watchdog for 200 seconds at Wed Jan 30 18:04:29 UTC 2019
1 ms. Memory: 742912K Free: 714398K (96%)
ptolemy.util.test.WatchDog.cancel(): canceling Wed Jan 30 18:04:29 UTC 2019
------------------ testing $PTII/ptolemy/domains/de/test/auto/transferInputsandOutputs.xml
auto.tcl: Setting watchdog for 200 seconds at Wed Jan 30 18:04:29 UTC 2019
1 ms. Memory: 743936K Free: 715410K (96%)
ptolemy.util.test.WatchDog.cancel(): canceling Wed Jan 30 18:04:29 UTC 2019
auto.tcl: Setting watchdog for 200 seconds at Wed Jan 30 18:04:29 UTC 2019
2 ms. Memory: 743936K Free: 715410K (96%)
ptolemy.util.test.WatchDog.cancel(): canceling Wed Jan 30 18:04:29 UTC 2019
------------------ testing $PTII/ptolemy/domains/de/test/auto/triggerType.xml
auto.tcl: Setting watchdog for 200 seconds at Wed Jan 30 18:04:29 UTC 2019
1 ms. Memory: 742912K Free: 714336K (96%)
ptolemy.util.test.WatchDog.cancel(): canceling Wed Jan 30 18:04:29 UTC 2019
auto.tcl: Setting watchdog for 200 seconds at Wed Jan 30 18:04:29 UTC 2019
1 ms. Memory: 742912K Free: 714336K (96%)
ptolemy.util.test.WatchDog.cancel(): canceling Wed Jan 30 18:04:29 UTC 2019
01/30/19 06:04:29
Failed: 0  Total Tests: 192  ((Passed: 187, Newly Passed: 1)  Known Failed: 5) /home/travis/build/icyphy/ptII/ptolemy/domains/de/test
01/30/19 06:04:29
Failed: 0  Total Tests: 192  ((Passed: 187, Newly Passed: 1)  Known Failed: 5) /home/travis/build/icyphy/ptII/ptolemy/domains/de/test
----------------- testing (KnownFailure) /home/travis/build/icyphy/ptII/ptolemy/domains/de/test/auto/knownFailedTests/DESDFClockTest.xml
2009 ms. Memory: 743936K Free: 702167K (94%)
Known Failure: java.lang.reflect.InvocationTargetException
----------------- testing (KnownFailure) /home/travis/build/icyphy/ptII/ptolemy/domains/de/test/auto/knownFailedTests/DirectFeedback.xml
1 ms. Memory: 743936K Free: 649247K (87%)
Known Failure: java.lang.reflect.InvocationTargetException
----------------- testing (KnownFailure) /home/travis/build/icyphy/ptII/ptolemy/domains/de/test/auto/knownFailedTests/FSMSource.xml
5 ms. Memory: 743936K Free: 596326K (80%)
----------------- testing (KnownFailure) /home/travis/build/icyphy/ptII/ptolemy/domains/de/test/auto/knownFailedTests/HierarchicalModel.xml
1 ms. Memory: 743936K Free: 556628K (75%)
Known Failure: java.lang.reflect.InvocationTargetException
----------------- testing (KnownFailure) /home/travis/build/icyphy/ptII/ptolemy/domains/de/test/auto/knownFailedTests/dependencyLoop.xml
1 ms. Memory: 743936K Free: 490461K (66%)
Known Failure: java.lang.reflect.InvocationTargetException
----------------- testing (KnownFailure) /home/travis/build/icyphy/ptII/ptolemy/domains/de/test/auto/knownFailedTests/dependencyLoop2.xml
7 ms. Memory: 743936K Free: 424295K (57%)
Known Failure: java.lang.reflect.InvocationTargetException
No auto/linux-amd64/*.xml tests in /home/travis/build/icyphy/ptII/ptolemy/domains/de/test
AutoTests.java: About to close Vertx.
AutoTests.java: Vertx closed.

===========================================================================================
----------------- testing Wed Jan 30 18:04:31 UTC 2019 /home/travis/build/icyphy/ptII/ptolemy/domains/de/test/auto/ActorDepthCalculation_actorWithoutPorts.xml
----------------- Instantiating /home/travis/build/icyphy/ptII/ptolemy/domains/de/test/auto/ActorDepthCalculation_actorWithoutPorts.xml
1 ms. Memory: 743936K Free: 358144K (48%)
----------------- Invoking toplevel() on ptolemy.moml.MoMLSimpleApplication@59593c39
----------------- Done invoking toplevel() on ptolemy.moml.MoMLSimpleApplication@59593c39
reloadAllAccessors: .ActorDepthCalculation_actorWithoutPorts

===========================================================================================
----------------- testing Wed Jan 30 18:04:31 UTC 2019 /home/travis/build/icyphy/ptII/ptolemy/domains/de/test/auto/AssemblyLine.xml
----------------- Instantiating /home/travis/build/icyphy/ptII/ptolemy/domains/de/test/auto/AssemblyLine.xml
1 ms. Memory: 743936K Free: 331684K (45%)
----------------- Invoking toplevel() on ptolemy.moml.MoMLSimpleApplication@465390ce
----------------- Done invoking toplevel() on ptolemy.moml.MoMLSimpleApplication@465390ce
reloadAllAccessors: .AssemblyLine

===========================================================================================
----------------- testing Wed Jan 30 18:04:31 UTC 2019 /home/travis/build/icyphy/ptII/ptolemy/domains/de/test/auto/CQBug1.xml
----------------- Instantiating /home/travis/build/icyphy/ptII/ptolemy/domains/de/test/auto/CQBug1.xml
1 ms. Memory: 743936K Free: 305223K (41%)
----------------- Invoking toplevel() on ptolemy.moml.MoMLSimpleApplication@f09464e
----------------- Done invoking toplevel() on ptolemy.moml.MoMLSimpleApplication@f09464e
reloadAllAccessors: .CQBug1

===========================================================================================
----------------- testing Wed Jan 30 18:04:31 UTC 2019 /home/travis/build/icyphy/ptII/ptolemy/domains/de/test/auto/CancelFireAt.xml
----------------- Instantiating /home/travis/build/icyphy/ptII/ptolemy/domains/de/test/auto/CancelFireAt.xml
1 ms. Memory: 743936K Free: 278763K (37%)
----------------- Invoking toplevel() on ptolemy.moml.MoMLSimpleApplication@8705b3e
----------------- Done invoking toplevel() on ptolemy.moml.MoMLSimpleApplication@8705b3e
reloadAllAccessors: .CancelFireAt

===========================================================================================
----------------- testing Wed Jan 30 18:04:31 UTC 2019 /home/travis/build/icyphy/ptII/ptolemy/domains/de/test/auto/CausalityAndComposabilityAnalysis.xml
----------------- Instantiating /home/travis/build/icyphy/ptII/ptolemy/domains/de/test/auto/CausalityAndComposabilityAnalysis.xml
1 ms. Memory: 743936K Free: 252303K (34%)
----------------- Invoking toplevel() on ptolemy.moml.MoMLSimpleApplication@7bf58bf
----------------- Done invoking toplevel() on ptolemy.moml.MoMLSimpleApplication@7bf58bf
reloadAllAccessors: .CausalityAndComposabilityAnalysis

===========================================================================================
----------------- testing Wed Jan 30 18:04:31 UTC 2019 /home/travis/build/icyphy/ptII/ptolemy/domains/de/test/auto/CausalityInterface1.xml
----------------- Instantiating /home/travis/build/icyphy/ptII/ptolemy/domains/de/test/auto/CausalityInterface1.xml
4 ms. Memory: 743936K Free: 225843K (30%)
----------------- Invoking toplevel() on ptolemy.moml.MoMLSimpleApplication@35974126
----------------- Done invoking toplevel() on ptolemy.moml.MoMLSimpleApplication@35974126
reloadAllAccessors: .CausalityInterface1

===========================================================================================
----------------- testing Wed Jan 30 18:04:31 UTC 2019 /home/travis/build/icyphy/ptII/ptolemy/domains/de/test/auto/CausalityInterface15.xml
----------------- Instantiating /home/travis/build/icyphy/ptII/ptolemy/domains/de/test/auto/CausalityInterface15.xml
1 ms. Memory: 743936K Free: 199383K (27%)
----------------- Invoking toplevel() on ptolemy.moml.MoMLSimpleApplication@3e0e134f
----------------- Done invoking toplevel() on ptolemy.moml.MoMLSimpleApplication@3e0e134f
reloadAllAccessors: .CausalityInterface15

[...]
java.lang.RuntimeException: Execution failed
	at ptolemy.moml.MoMLSimpleApplication$UnloadThread.run(MoMLSimpleApplication.java:402)
Caused by: ptolemy.kernel.util.IllegalActionException: Test fails in iteration 1.
Value was: 1.0. Should have been: 2.0
  in .DirectFeedback.Test
	at ptolemy.actor.lib.Test.fire(Test.java:268)
	at ptolemy.domains.de.kernel.DEDirector._fire(DEDirector.java:1949)
	at ptolemy.domains.de.kernel.DEDirector.fire(DEDirector.java:502)
	at ptolemy.actor.CompositeActor.fire(CompositeActor.java:455)
	at ptolemy.actor.Manager.iterate(Manager.java:851)
	at ptolemy.actor.Manager.execute(Manager.java:369)
	at ptolemy.actor.Manager.run(Manager.java:1263)
	at ptolemy.actor.Manager$PtolemyRunThread.run(Manager.java:1915)
java.lang.RuntimeException: Execution failed
	at ptolemy.moml.MoMLSimpleApplication$UnloadThread.run(MoMLSimpleApplication.java:402)
Caused by: ptolemy.kernel.util.IllegalActionException: Actor is not ready to fire.  Perhaps UpSample.prefire() returned false? Try debugging the actor by selecting "Listen to Actor".  Also, for SDF check moml for tokenConsumptionRate on input.
  in .DESDFClockTest.Play Bell.Copy1:SDF Director and .DESDFClockTest.Play Bell.UpSample
	at ptolemy.actor.sched.StaticSchedulingDirector.fire(StaticSchedulingDirector.java:227)
	at ptolemy.domains.sdf.kernel.SDFDirector.fire(SDFDirector.java:500)
	at ptolemy.actor.CompositeActor.fire(CompositeActor.java:455)
	at ptolemy.domains.de.kernel.DEDirector._fire(DEDirector.java:1949)
	at ptolemy.domains.de.kernel.DEDirector.fire(DEDirector.java:502)
	at ptolemy.actor.CompositeActor.fire(CompositeActor.java:455)
	at ptolemy.actor.Manager.iterate(Manager.java:851)
	at ptolemy.actor.Manager.execute(Manager.java:369)
	at ptolemy.actor.Manager.run(Manager.java:1263)
	at ptolemy.actor.Manager$PtolemyRunThread.run(Manager.java:1915)
java.lang.reflect.InvocationTargetException
	at sun.reflect.NativeConstructorAccessorImpl.newInstance0(Native Method)
	at sun.reflect.NativeConstructorAccessorImpl.newInstance(NativeConstructorAccessorImpl.java:62)
	at sun.reflect.DelegatingConstructorAccessorImpl.newInstance(DelegatingConstructorAccessorImpl.java:45)
	at java.lang.reflect.Constructor.newInstance(Constructor.java:423)
	at ptolemy.util.test.junit.AutoKnownFailedTests.RunModel(AutoKnownFailedTests.java:105)
	at sun.reflect.NativeMethodAccessorImpl.invoke0(Native Method)
	at sun.reflect.NativeMethodAccessorImpl.invoke(NativeMethodAccessorImpl.java:62)
	at sun.reflect.DelegatingMethodAccessorImpl.invoke(DelegatingMethodAccessorImpl.java:43)
	at java.lang.reflect.Method.invoke(Method.java:498)
	at org.junit.runners.model.FrameworkMethod$1.runReflectiveCall(FrameworkMethod.java:44)
	at org.junit.internal.runners.model.ReflectiveCallable.run(ReflectiveCallable.java:15)
	at org.junit.runners.model.FrameworkMethod.invokeExplosively(FrameworkMethod.java:41)
	at junitparams.internal.InvokeParameterisedMethod.evaluate(InvokeParameterisedMethod.java:102)
	at org.junit.internal.runners.statements.FailOnTimeout$1.run(FailOnTimeout.java:28)
Caused by: ptolemy.kernel.util.IllegalActionException: Actor is not ready to fire.  Perhaps UpSample.prefire() returned false? Try debugging the actor by selecting "Listen to Actor".  Also, for SDF check moml for tokenConsumptionRate on input.
  in .DESDFClockTest.Play Bell.Copy1:SDF Director and .DESDFClockTest.Play Bell.UpSample
	at ptolemy.actor.sched.StaticSchedulingDirector.fire(StaticSchedulingDirector.java:227)
	at ptolemy.domains.sdf.kernel.SDFDirector.fire(SDFDirector.java:500)
	at ptolemy.actor.CompositeActor.fire(CompositeActor.java:455)
	at ptolemy.domains.de.kernel.DEDirector._fire(DEDirector.java:1949)
	at ptolemy.domains.de.kernel.DEDirector.fire(DEDirector.java:502)
	at ptolemy.actor.CompositeActor.fire(CompositeActor.java:455)
	at ptolemy.actor.Manager.iterate(Manager.java:851)
	at ptolemy.actor.Manager.execute(Manager.java:369)
	at ptolemy.actor.Manager.run(Manager.java:1263)
	at ptolemy.actor.Manager$PtolemyRunThread.run(Manager.java:1915)
java.lang.RuntimeException: Execution failed
	at ptolemy.moml.MoMLSimpleApplication$UnloadThread.run(MoMLSimpleApplication.java:402)
Caused by: ptolemy.kernel.util.IllegalActionException: Test fails in iteration 1.
Value was: 1.0. Should have been: 2.0
  in .DirectFeedback.Test
	at ptolemy.actor.lib.Test.fire(Test.java:268)
	at ptolemy.domains.de.kernel.DEDirector._fire(DEDirector.java:1949)
	at ptolemy.domains.de.kernel.DEDirector.fire(DEDirector.java:502)
	at ptolemy.actor.CompositeActor.fire(CompositeActor.java:455)
	at ptolemy.actor.Manager.iterate(Manager.java:851)
	at ptolemy.actor.Manager.execute(Manager.java:369)
	at ptolemy.actor.Manager.run(Manager.java:1263)
	at ptolemy.actor.Manager$PtolemyRunThread.run(Manager.java:1915)
java.lang.reflect.InvocationTargetException
	at sun.reflect.NativeConstructorAccessorImpl.newInstance0(Native Method)
	at sun.reflect.NativeConstructorAccessorImpl.newInstance(NativeConstructorAccessorImpl.java:62)
	at sun.reflect.DelegatingConstructorAccessorImpl.newInstance(DelegatingConstructorAccessorImpl.java:45)
	at java.lang.reflect.Constructor.newInstance(Constructor.java:423)
	at ptolemy.util.test.junit.AutoKnownFailedTests.RunModel(AutoKnownFailedTests.java:105)
	at sun.reflect.NativeMethodAccessorImpl.invoke0(Native Method)
	at sun.reflect.NativeMethodAccessorImpl.invoke(NativeMethodAccessorImpl.java:62)
	at sun.reflect.DelegatingMethodAccessorImpl.invoke(DelegatingMethodAccessorImpl.java:43)
	at java.lang.reflect.Method.invoke(Method.java:498)
	at org.junit.runners.model.FrameworkMethod$1.runReflectiveCall(FrameworkMethod.java:44)
	at org.junit.internal.runners.model.ReflectiveCallable.run(ReflectiveCallable.java:15)
	at org.junit.runners.model.FrameworkMethod.invokeExplosively(FrameworkMethod.java:41)
	at junitparams.internal.InvokeParameterisedMethod.evaluate(InvokeParameterisedMethod.java:102)
	at org.junit.internal.runners.statements.FailOnTimeout$1.run(FailOnTimeout.java:28)
Caused by: ptolemy.kernel.util.IllegalActionException: Test fails in iteration 1.
Value was: 1.0. Should have been: 2.0
  in .DirectFeedback.Test
	at ptolemy.actor.lib.Test.fire(Test.java:268)
	at ptolemy.domains.de.kernel.DEDirector._fire(DEDirector.java:1949)
	at ptolemy.domains.de.kernel.DEDirector.fire(DEDirector.java:502)
	at ptolemy.actor.CompositeActor.fire(CompositeActor.java:455)
	at ptolemy.actor.Manager.iterate(Manager.java:851)
	at ptolemy.actor.Manager.execute(Manager.java:369)
	at ptolemy.actor.Manager.run(Manager.java:1263)
	at ptolemy.actor.Manager$PtolemyRunThread.run(Manager.java:1915)
java.lang.RuntimeException: Execution failed
	at ptolemy.moml.MoMLSimpleApplication$UnloadThread.run(MoMLSimpleApplication.java:402)
Caused by: ptolemy.kernel.util.IllegalActionException: Found a zero delay loop containing .HierarchicalModel.A
  in .HierarchicalModel and .HierarchicalModel.A
	at ptolemy.actor.util.CausalityInterfaceForComposites._computeOutputPortDepth(CausalityInterfaceForComposites.java:759)
	at ptolemy.actor.util.CausalityInterfaceForComposites._computeInputDepth(CausalityInterfaceForComposites.java:696)
	at ptolemy.actor.util.CausalityInterfaceForComposites._computeOutputPortDepth(CausalityInterfaceForComposites.java:765)
	at ptolemy.actor.util.CausalityInterfaceForComposites._computeInputDepth(CausalityInterfaceForComposites.java:696)
	at ptolemy.actor.util.CausalityInterfaceForComposites._computeOutputPortDepth(CausalityInterfaceForComposites.java:765)
	at ptolemy.actor.util.CausalityInterfaceForComposites._computeInputDepth(CausalityInterfaceForComposites.java:696)
	at ptolemy.actor.util.CausalityInterfaceForComposites._computeActorDepth(CausalityInterfaceForComposites.java:532)
	at ptolemy.actor.util.CausalityInterfaceForComposites.checkForCycles(CausalityInterfaceForComposites.java:96)
	at ptolemy.domains.de.kernel.DEDirector.preinitialize(DEDirector.java:1338)
	at ptolemy.actor.CompositeActor.preinitialize(CompositeActor.java:1828)
	at ptolemy.actor.Manager.preinitializeAndResolveTypes(Manager.java:1040)
	at ptolemy.actor.Manager.initialize(Manager.java:710)
	at ptolemy.actor.Manager.execute(Manager.java:356)
	at ptolemy.actor.Manager.run(Manager.java:1263)
	at ptolemy.actor.Manager$PtolemyRunThread.run(Manager.java:1915)
java.lang.reflect.InvocationTargetException
	at sun.reflect.NativeConstructorAccessorImpl.newInstance0(Native Method)
	at sun.reflect.NativeConstructorAccessorImpl.newInstance(NativeConstructorAccessorImpl.java:62)
	at sun.reflect.DelegatingConstructorAccessorImpl.newInstance(DelegatingConstructorAccessorImpl.java:45)
	at java.lang.reflect.Constructor.newInstance(Constructor.java:423)
	at ptolemy.util.test.junit.AutoKnownFailedTests.RunModel(AutoKnownFailedTests.java:105)
	at sun.reflect.NativeMethodAccessorImpl.invoke0(Native Method)
	at sun.reflect.NativeMethodAccessorImpl.invoke(NativeMethodAccessorImpl.java:62)
	at sun.reflect.DelegatingMethodAccessorImpl.invoke(DelegatingMethodAccessorImpl.java:43)
	at java.lang.reflect.Method.invoke(Method.java:498)
	at org.junit.runners.model.FrameworkMethod$1.runReflectiveCall(FrameworkMethod.java:44)
	at org.junit.internal.runners.model.ReflectiveCallable.run(ReflectiveCallable.java:15)
	at org.junit.runners.model.FrameworkMethod.invokeExplosively(FrameworkMethod.java:41)
	at junitparams.internal.InvokeParameterisedMethod.evaluate(InvokeParameterisedMethod.java:102)
	at org.junit.internal.runners.statements.FailOnTimeout$1.run(FailOnTimeout.java:28)
Caused by: ptolemy.kernel.util.IllegalActionException: Found a zero delay loop containing .HierarchicalModel.A
  in .HierarchicalModel and .HierarchicalModel.A
	at ptolemy.actor.util.CausalityInterfaceForComposites._computeOutputPortDepth(CausalityInterfaceForComposites.java:759)
	at ptolemy.actor.util.CausalityInterfaceForComposites._computeInputDepth(CausalityInterfaceForComposites.java:696)
	at ptolemy.actor.util.CausalityInterfaceForComposites._computeOutputPortDepth(CausalityInterfaceForComposites.java:765)
	at ptolemy.actor.util.CausalityInterfaceForComposites._computeInputDepth(CausalityInterfaceForComposites.java:696)
	at ptolemy.actor.util.CausalityInterfaceForComposites._computeOutputPortDepth(CausalityInterfaceForComposites.java:765)
	at ptolemy.actor.util.CausalityInterfaceForComposites._computeInputDepth(CausalityInterfaceForComposites.java:696)
	at ptolemy.actor.util.CausalityInterfaceForComposites._computeActorDepth(CausalityInterfaceForComposites.java:532)
	at ptolemy.actor.util.CausalityInterfaceForComposites.checkForCycles(CausalityInterfaceForComposites.java:96)
	at ptolemy.domains.de.kernel.DEDirector.preinitialize(DEDirector.java:1338)
	at ptolemy.actor.CompositeActor.preinitialize(CompositeActor.java:1828)
	at ptolemy.actor.Manager.preinitializeAndResolveTypes(Manager.java:1040)
	at ptolemy.actor.Manager.initialize(Manager.java:710)
	at ptolemy.actor.Manager.execute(Manager.java:356)
	at ptolemy.actor.Manager.run(Manager.java:1263)
	at ptolemy.actor.Manager$PtolemyRunThread.run(Manager.java:1915)
java.lang.RuntimeException: Execution failed
	at ptolemy.moml.MoMLSimpleApplication$UnloadThread.run(MoMLSimpleApplication.java:402)
Caused by: ptolemy.kernel.util.IllegalActionException: Found a zero delay loop containing .dependencyLoop.original
  in .dependencyLoop and .dependencyLoop.original
	at ptolemy.actor.util.CausalityInterfaceForComposites._computeOutputPortDepth(CausalityInterfaceForComposites.java:759)
	at ptolemy.actor.util.CausalityInterfaceForComposites._computeInputDepth(CausalityInterfaceForComposites.java:696)
	at ptolemy.actor.util.CausalityInterfaceForComposites._computeOutputPortDepth(CausalityInterfaceForComposites.java:765)
	at ptolemy.actor.util.CausalityInterfaceForComposites._computeInputDepth(CausalityInterfaceForComposites.java:696)
	at ptolemy.actor.util.CausalityInterfaceForComposites._computeOutputPortDepth(CausalityInterfaceForComposites.java:765)
	at ptolemy.actor.util.CausalityInterfaceForComposites._computeInputDepth(CausalityInterfaceForComposites.java:696)
	at ptolemy.actor.util.CausalityInterfaceForComposites._computeActorDepth(CausalityInterfaceForComposites.java:532)
	at ptolemy.actor.util.CausalityInterfaceForComposites.checkForCycles(CausalityInterfaceForComposites.java:96)
	at ptolemy.domains.de.kernel.DEDirector.preinitialize(DEDirector.java:1338)
	at ptolemy.actor.CompositeActor.preinitialize(CompositeActor.java:1828)
	at ptolemy.actor.Manager.preinitializeAndResolveTypes(Manager.java:1040)
	at ptolemy.actor.Manager.initialize(Manager.java:710)
	at ptolemy.actor.Manager.execute(Manager.java:356)
	at ptolemy.actor.Manager.run(Manager.java:1263)
	at ptolemy.actor.Manager$PtolemyRunThread.run(Manager.java:1915)
java.lang.reflect.InvocationTargetException
	at sun.reflect.NativeConstructorAccessorImpl.newInstance0(Native Method)
	at sun.reflect.NativeConstructorAccessorImpl.newInstance(NativeConstructorAccessorImpl.java:62)
	at sun.reflect.DelegatingConstructorAccessorImpl.newInstance(DelegatingConstructorAccessorImpl.java:45)
	at java.lang.reflect.Constructor.newInstance(Constructor.java:423)
	at ptolemy.util.test.junit.AutoKnownFailedTests.RunModel(AutoKnownFailedTests.java:105)
	at sun.reflect.NativeMethodAccessorImpl.invoke0(Native Method)
	at sun.reflect.NativeMethodAccessorImpl.invoke(NativeMethodAccessorImpl.java:62)
	at sun.reflect.DelegatingMethodAccessorImpl.invoke(DelegatingMethodAccessorImpl.java:43)
	at java.lang.reflect.Method.invoke(Method.java:498)
	at org.junit.runners.model.FrameworkMethod$1.runReflectiveCall(FrameworkMethod.java:44)
	at org.junit.internal.runners.model.ReflectiveCallable.run(ReflectiveCallable.java:15)
	at org.junit.runners.model.FrameworkMethod.invokeExplosively(FrameworkMethod.java:41)
	at junitparams.internal.InvokeParameterisedMethod.evaluate(InvokeParameterisedMethod.java:102)
	at org.junit.internal.runners.statements.FailOnTimeout$1.run(FailOnTimeout.java:28)
Caused by: ptolemy.kernel.util.IllegalActionException: Found a zero delay loop containing .dependencyLoop.original
  in .dependencyLoop and .dependencyLoop.original
	at ptolemy.actor.util.CausalityInterfaceForComposites._computeOutputPortDepth(CausalityInterfaceForComposites.java:759)
	at ptolemy.actor.util.CausalityInterfaceForComposites._computeInputDepth(CausalityInterfaceForComposites.java:696)
	at ptolemy.actor.util.CausalityInterfaceForComposites._computeOutputPortDepth(CausalityInterfaceForComposites.java:765)
	at ptolemy.actor.util.CausalityInterfaceForComposites._computeInputDepth(CausalityInterfaceForComposites.java:696)
	at ptolemy.actor.util.CausalityInterfaceForComposites._computeOutputPortDepth(CausalityInterfaceForComposites.java:765)
	at ptolemy.actor.util.CausalityInterfaceForComposites._computeInputDepth(CausalityInterfaceForComposites.java:696)
	at ptolemy.actor.util.CausalityInterfaceForComposites._computeActorDepth(CausalityInterfaceForComposites.java:532)
	at ptolemy.actor.util.CausalityInterfaceForComposites.checkForCycles(CausalityInterfaceForComposites.java:96)
	at ptolemy.domains.de.kernel.DEDirector.preinitialize(DEDirector.java:1338)
	at ptolemy.actor.CompositeActor.preinitialize(CompositeActor.java:1828)
	at ptolemy.actor.Manager.preinitializeAndResolveTypes(Manager.java:1040)
	at ptolemy.actor.Manager.initialize(Manager.java:710)
	at ptolemy.actor.Manager.execute(Manager.java:356)
	at ptolemy.actor.Manager.run(Manager.java:1263)
	at ptolemy.actor.Manager$PtolemyRunThread.run(Manager.java:1915)
java.lang.RuntimeException: Execution failed
	at ptolemy.moml.MoMLSimpleApplication$UnloadThread.run(MoMLSimpleApplication.java:402)
Caused by: ptolemy.kernel.util.IllegalActionException: Found a zero delay loop containing .dependencyLoop2.original
  in .dependencyLoop2 and .dependencyLoop2.original
	at ptolemy.actor.util.CausalityInterfaceForComposites._computeOutputPortDepth(CausalityInterfaceForComposites.java:759)
	at ptolemy.actor.util.CausalityInterfaceForComposites._computeInputDepth(CausalityInterfaceForComposites.java:696)
	at ptolemy.actor.util.CausalityInterfaceForComposites._computeOutputPortDepth(CausalityInterfaceForComposites.java:765)
	at ptolemy.actor.util.CausalityInterfaceForComposites._computeInputDepth(CausalityInterfaceForComposites.java:696)
	at ptolemy.actor.util.CausalityInterfaceForComposites._computeOutputPortDepth(CausalityInterfaceForComposites.java:765)
	at ptolemy.actor.util.CausalityInterfaceForComposites._computeInputDepth(CausalityInterfaceForComposites.java:696)
	at ptolemy.actor.util.CausalityInterfaceForComposites._computeActorDepth(CausalityInterfaceForComposites.java:532)
	at ptolemy.actor.util.CausalityInterfaceForComposites.checkForCycles(CausalityInterfaceForComposites.java:96)
	at ptolemy.domains.de.kernel.DEDirector.preinitialize(DEDirector.java:1338)
	at ptolemy.actor.CompositeActor.preinitialize(CompositeActor.java:1828)
	at ptolemy.actor.Manager.preinitializeAndResolveTypes(Manager.java:1040)
	at ptolemy.actor.Manager.initialize(Manager.java:710)
	at ptolemy.actor.Manager.execute(Manager.java:356)
	at ptolemy.actor.Manager.run(Manager.java:1263)
	at ptolemy.actor.Manager$PtolemyRunThread.run(Manager.java:1915)
java.lang.reflect.InvocationTargetException
	at sun.reflect.NativeConstructorAccessorImpl.newInstance0(Native Method)
	at sun.reflect.NativeConstructorAccessorImpl.newInstance(NativeConstructorAccessorImpl.java:62)
	at sun.reflect.DelegatingConstructorAccessorImpl.newInstance(DelegatingConstructorAccessorImpl.java:45)
	at java.lang.reflect.Constructor.newInstance(Constructor.java:423)
	at ptolemy.util.test.junit.AutoKnownFailedTests.RunModel(AutoKnownFailedTests.java:105)
	at sun.reflect.NativeMethodAccessorImpl.invoke0(Native Method)
	at sun.reflect.NativeMethodAccessorImpl.invoke(NativeMethodAccessorImpl.java:62)
	at sun.reflect.DelegatingMethodAccessorImpl.invoke(DelegatingMethodAccessorImpl.java:43)
	at java.lang.reflect.Method.invoke(Method.java:498)
	at org.junit.runners.model.FrameworkMethod$1.runReflectiveCall(FrameworkMethod.java:44)
	at org.junit.internal.runners.model.ReflectiveCallable.run(ReflectiveCallable.java:15)
	at org.junit.runners.model.FrameworkMethod.invokeExplosively(FrameworkMethod.java:41)
	at junitparams.internal.InvokeParameterisedMethod.evaluate(InvokeParameterisedMethod.java:102)
	at org.junit.internal.runners.statements.FailOnTimeout$1.run(FailOnTimeout.java:28)
Caused by: ptolemy.kernel.util.IllegalActionException: Found a zero delay loop containing .dependencyLoop2.original
  in .dependencyLoop2 and .dependencyLoop2.original
	at ptolemy.actor.util.CausalityInterfaceForComposites._computeOutputPortDepth(CausalityInterfaceForComposites.java:759)
	at ptolemy.actor.util.CausalityInterfaceForComposites._computeInputDepth(CausalityInterfaceForComposites.java:696)
	at ptolemy.actor.util.CausalityInterfaceForComposites._computeOutputPortDepth(CausalityInterfaceForComposites.java:765)
	at ptolemy.actor.util.CausalityInterfaceForComposites._computeInputDepth(CausalityInterfaceForComposites.java:696)
	at ptolemy.actor.util.CausalityInterfaceForComposites._computeOutputPortDepth(CausalityInterfaceForComposites.java:765)
	at ptolemy.actor.util.CausalityInterfaceForComposites._computeInputDepth(CausalityInterfaceForComposites.java:696)
	at ptolemy.actor.util.CausalityInterfaceForComposites._computeActorDepth(CausalityInterfaceForComposites.java:532)
	at ptolemy.actor.util.CausalityInterfaceForComposites.checkForCycles(CausalityInterfaceForComposites.java:96)
	at ptolemy.domains.de.kernel.DEDirector.preinitialize(DEDirector.java:1338)
	at ptolemy.actor.CompositeActor.preinitialize(CompositeActor.java:1828)
	at ptolemy.actor.Manager.preinitializeAndResolveTypes(Manager.java:1040)
	at ptolemy.actor.Manager.initialize(Manager.java:710)
	at ptolemy.actor.Manager.execute(Manager.java:356)
	at ptolemy.actor.Manager.run(Manager.java:1263)
	at ptolemy.actor.Manager$PtolemyRunThread.run(Manager.java:1915)
]]></system-err>
</testsuite>
