<?xml version="1.0" encoding="UTF-8" ?>
<testsuite errors="0" failures="0" hostname="travis-job-8a77559c-21dc-4b20-af71-18949afcc838" name="ptolemy.domains.de.test.junit.JUnitTclTest" skipped="0" tests="101" time="133.235" timestamp="2019-12-16T06:27:35">
  <properties>
[...]
</properties>
  <testcase classname="ptolemy.util.test.junit.TclTests" name="[0] /home/travis/build/icyphy/ptII/ptolemy/domains/de/test/DependencyLoop.tcl (RunTclFile)" time="1.075" />
  <testcase classname="ptolemy.util.test.junit.TclTests" name="[1] /home/travis/build/icyphy/ptII/ptolemy/domains/de/test/RunDETestsAsQSS.tcl (RunTclFile)" time="90.491" />
  <testcase classname="ptolemy.util.test.junit.AutoKnownFailedTests" name="[0] /home/travis/build/icyphy/ptII/ptolemy/domains/de/test/auto/knownFailedTests/DESDFClockTest.xml (RunModel)" time="2.043" />
  <testcase classname="ptolemy.util.test.junit.AutoKnownFailedTests" name="[1] /home/travis/build/icyphy/ptII/ptolemy/domains/de/test/auto/knownFailedTests/DirectFeedback.xml (RunModel)" time="0.014" />
  <testcase classname="ptolemy.util.test.junit.AutoKnownFailedTests" name="[2] /home/travis/build/icyphy/ptII/ptolemy/domains/de/test/auto/knownFailedTests/FSMSource.xml (RunModel)" time="0.041" />
  <testcase classname="ptolemy.util.test.junit.AutoKnownFailedTests" name="[3] /home/travis/build/icyphy/ptII/ptolemy/domains/de/test/auto/knownFailedTests/HierarchicalModel.xml (RunModel)" time="0.055" />
  <testcase classname="ptolemy.util.test.junit.AutoKnownFailedTests" name="[4] /home/travis/build/icyphy/ptII/ptolemy/domains/de/test/auto/knownFailedTests/dependencyLoop.xml (RunModel)" time="0.059" />
  <testcase classname="ptolemy.util.test.junit.AutoKnownFailedTests" name="[5] /home/travis/build/icyphy/ptII/ptolemy/domains/de/test/auto/knownFailedTests/dependencyLoop2.xml (RunModel)" time="0.052" />
  <testcase classname="ptolemy.util.test.junit.AutoNameArchTests" name="[0] ThereAreNoAutoArchTests (RunModel)" time="0.005" />
  <testcase classname="ptolemy.util.test.junit.AutoTests" name="[0] /home/travis/build/icyphy/ptII/ptolemy/domains/de/test/auto/ActorDepthCalculation_actorWithoutPorts.xml (RunModel)" time="0.026" />
  <testcase classname="ptolemy.util.test.junit.AutoTests" name="[1] /home/travis/build/icyphy/ptII/ptolemy/domains/de/test/auto/AssemblyLine.xml (RunModel)" time="0.027" />
  <testcase classname="ptolemy.util.test.junit.AutoTests" name="[2] /home/travis/build/icyphy/ptII/ptolemy/domains/de/test/auto/CQBug1.xml (RunModel)" time="0.008" />
  <testcase classname="ptolemy.util.test.junit.AutoTests" name="[3] /home/travis/build/icyphy/ptII/ptolemy/domains/de/test/auto/CancelFireAt.xml (RunModel)" time="0.019" />
  <testcase classname="ptolemy.util.test.junit.AutoTests" name="[4] /home/travis/build/icyphy/ptII/ptolemy/domains/de/test/auto/CausalityAndComposabilityAnalysis.xml (RunModel)" time="0.019" />
  <testcase classname="ptolemy.util.test.junit.AutoTests" name="[5] /home/travis/build/icyphy/ptII/ptolemy/domains/de/test/auto/CausalityInterface1.xml (RunModel)" time="0.016" />
  <testcase classname="ptolemy.util.test.junit.AutoTests" name="[6] /home/travis/build/icyphy/ptII/ptolemy/domains/de/test/auto/CausalityInterface15.xml (RunModel)" time="0.024" />
  <testcase classname="ptolemy.util.test.junit.AutoTests" name="[7] /home/travis/build/icyphy/ptII/ptolemy/domains/de/test/auto/CausalityInterface2.xml (RunModel)" time="0.025" />
  <testcase classname="ptolemy.util.test.junit.AutoTests" name="[8] /home/travis/build/icyphy/ptII/ptolemy/domains/de/test/auto/CausalityInterface3.xml (RunModel)" time="0.016" />
  <testcase classname="ptolemy.util.test.junit.AutoTests" name="[9] /home/travis/build/icyphy/ptII/ptolemy/domains/de/test/auto/ClockDrift.xml (RunModel)" time="0.043" />
  <testcase classname="ptolemy.util.test.junit.AutoTests" name="[10] /home/travis/build/icyphy/ptII/ptolemy/domains/de/test/auto/ClockDriftAndValueChange.xml (RunModel)" time="0.039" />
  <testcase classname="ptolemy.util.test.junit.AutoTests" name="[11] /home/travis/build/icyphy/ptII/ptolemy/domains/de/test/auto/ClockDriftChange.xml (RunModel)" time="0.043" />
  <testcase classname="ptolemy.util.test.junit.AutoTests" name="[12] /home/travis/build/icyphy/ptII/ptolemy/domains/de/test/auto/ComposableCausalityAnalysis.xml (RunModel)" time="0.014" />
  <testcase classname="ptolemy.util.test.junit.AutoTests" name="[13] /home/travis/build/icyphy/ptII/ptolemy/domains/de/test/auto/DEFixedPointLimitation.xml (RunModel)" time="0.014" />
  <testcase classname="ptolemy.util.test.junit.AutoTests" name="[14] /home/travis/build/icyphy/ptII/ptolemy/domains/de/test/auto/DEScheduleTest.xml (RunModel)" time="0.017" />
  <testcase classname="ptolemy.util.test.junit.AutoTests" name="[15] /home/travis/build/icyphy/ptII/ptolemy/domains/de/test/auto/DEinDEwithStartTimes.xml (RunModel)" time="0.017" />
  <testcase classname="ptolemy.util.test.junit.AutoTests" name="[16] /home/travis/build/icyphy/ptII/ptolemy/domains/de/test/auto/DEinDEwithStartTimes2.xml (RunModel)" time="0.018" />
  <testcase classname="ptolemy.util.test.junit.AutoTests" name="[17] /home/travis/build/icyphy/ptII/ptolemy/domains/de/test/auto/DateDemo.xml (RunModel)" time="0.037" />
  <testcase classname="ptolemy.util.test.junit.AutoTests" name="[18] /home/travis/build/icyphy/ptII/ptolemy/domains/de/test/auto/DateToEvent.xml (RunModel)" time="2.048" />
  <testcase classname="ptolemy.util.test.junit.AutoTests" name="[19] /home/travis/build/icyphy/ptII/ptolemy/domains/de/test/auto/DepthTest1.xml (RunModel)" time="0.012" />
  <testcase classname="ptolemy.util.test.junit.AutoTests" name="[20] /home/travis/build/icyphy/ptII/ptolemy/domains/de/test/auto/DepthTest2.xml (RunModel)" time="0.028" />
  <testcase classname="ptolemy.util.test.junit.AutoTests" name="[21] /home/travis/build/icyphy/ptII/ptolemy/domains/de/test/auto/DepthTest3.xml (RunModel)" time="0.008" />
  <testcase classname="ptolemy.util.test.junit.AutoTests" name="[22] /home/travis/build/icyphy/ptII/ptolemy/domains/de/test/auto/DepthTest4.xml (RunModel)" time="0.011" />
  <testcase classname="ptolemy.util.test.junit.AutoTests" name="[23] /home/travis/build/icyphy/ptII/ptolemy/domains/de/test/auto/DepthTest5.xml (RunModel)" time="0.016" />
  <testcase classname="ptolemy.util.test.junit.AutoTests" name="[24] /home/travis/build/icyphy/ptII/ptolemy/domains/de/test/auto/DepthTest6.xml (RunModel)" time="0.016" />
  <testcase classname="ptolemy.util.test.junit.AutoTests" name="[25] /home/travis/build/icyphy/ptII/ptolemy/domains/de/test/auto/DepthTest7.xml (RunModel)" time="0.014" />
  <testcase classname="ptolemy.util.test.junit.AutoTests" name="[26] /home/travis/build/icyphy/ptII/ptolemy/domains/de/test/auto/EventToDate.xml (RunModel)" time="3.033" />
  <testcase classname="ptolemy.util.test.junit.AutoTests" name="[27] /home/travis/build/icyphy/ptII/ptolemy/domains/de/test/auto/FSM1.xml (RunModel)" time="0.05" />
  <testcase classname="ptolemy.util.test.junit.AutoTests" name="[28] /home/travis/build/icyphy/ptII/ptolemy/domains/de/test/auto/FSM7.xml (RunModel)" time="0.054" />
  <testcase classname="ptolemy.util.test.junit.AutoTests" name="[29] /home/travis/build/icyphy/ptII/ptolemy/domains/de/test/auto/Inspection.xml (RunModel)" time="0.055" />
  <testcase classname="ptolemy.util.test.junit.AutoTests" name="[30] /home/travis/build/icyphy/ptII/ptolemy/domains/de/test/auto/Iteration.xml (RunModel)" time="0.027" />
  <testcase classname="ptolemy.util.test.junit.AutoTests" name="[31] /home/travis/build/icyphy/ptII/ptolemy/domains/de/test/auto/LineFault.xml (RunModel)" time="0.681" />
  <testcase classname="ptolemy.util.test.junit.AutoTests" name="[32] /home/travis/build/icyphy/ptII/ptolemy/domains/de/test/auto/MergeModel1Add.xml (RunModel)" time="0.051" />
  <testcase classname="ptolemy.util.test.junit.AutoTests" name="[33] /home/travis/build/icyphy/ptII/ptolemy/domains/de/test/auto/MergeModel2Add.xml (RunModel)" time="0.038" />
  <testcase classname="ptolemy.util.test.junit.AutoTests" name="[34] /home/travis/build/icyphy/ptII/ptolemy/domains/de/test/auto/MergeModel3Add.xml (RunModel)" time="0.053" />
  <testcase classname="ptolemy.util.test.junit.AutoTests" name="[35] /home/travis/build/icyphy/ptII/ptolemy/domains/de/test/auto/MergeWithoutDiscard.xml (RunModel)" time="0.012" />
  <testcase classname="ptolemy.util.test.junit.AutoTests" name="[36] /home/travis/build/icyphy/ptII/ptolemy/domains/de/test/auto/Modal1.xml (RunModel)" time="0.029" />
  <testcase classname="ptolemy.util.test.junit.AutoTests" name="[37] /home/travis/build/icyphy/ptII/ptolemy/domains/de/test/auto/Modal2.xml (RunModel)" time="0.042" />
  <testcase classname="ptolemy.util.test.junit.AutoTests" name="[38] /home/travis/build/icyphy/ptII/ptolemy/domains/de/test/auto/Modal3.xml (RunModel)" time="0.042" />
  <testcase classname="ptolemy.util.test.junit.AutoTests" name="[39] /home/travis/build/icyphy/ptII/ptolemy/domains/de/test/auto/Modal4.xml (RunModel)" time="0.028" />
  <testcase classname="ptolemy.util.test.junit.AutoTests" name="[40] /home/travis/build/icyphy/ptII/ptolemy/domains/de/test/auto/Modal5.xml (RunModel)" time="0.038" />
  <testcase classname="ptolemy.util.test.junit.AutoTests" name="[41] /home/travis/build/icyphy/ptII/ptolemy/domains/de/test/auto/Modal6.xml (RunModel)" time="0.029" />
  <testcase classname="ptolemy.util.test.junit.AutoTests" name="[42] /home/travis/build/icyphy/ptII/ptolemy/domains/de/test/auto/Modal7.xml (RunModel)" time="0.03" />
  <testcase classname="ptolemy.util.test.junit.AutoTests" name="[43] /home/travis/build/icyphy/ptII/ptolemy/domains/de/test/auto/ModalModel.xml (RunModel)" time="0.16" />
  <testcase classname="ptolemy.util.test.junit.AutoTests" name="[44] /home/travis/build/icyphy/ptII/ptolemy/domains/de/test/auto/ModalSource.xml (RunModel)" time="0.028" />
  <testcase classname="ptolemy.util.test.junit.AutoTests" name="[45] /home/travis/build/icyphy/ptII/ptolemy/domains/de/test/auto/NonInterruptibleTimerZeroDelay.xml (RunModel)" time="0.013" />
  <testcase classname="ptolemy.util.test.junit.AutoTests" name="[46] /home/travis/build/icyphy/ptII/ptolemy/domains/de/test/auto/OpenQueueingNetwork.xml (RunModel)" time="2.27" />
  <testcase classname="ptolemy.util.test.junit.AutoTests" name="[47] /home/travis/build/icyphy/ptII/ptolemy/domains/de/test/auto/OpenQueuingNetwork.xml (RunModel)" time="0.283" />
  <testcase classname="ptolemy.util.test.junit.AutoTests" name="[48] /home/travis/build/icyphy/ptII/ptolemy/domains/de/test/auto/PeriodicSampler.xml (RunModel)" time="0.011" />
  <testcase classname="ptolemy.util.test.junit.AutoTests" name="[49] /home/travis/build/icyphy/ptII/ptolemy/domains/de/test/auto/PersistentIO.xml (RunModel)" time="0.021" />
  <testcase classname="ptolemy.util.test.junit.AutoTests" name="[50] /home/travis/build/icyphy/ptII/ptolemy/domains/de/test/auto/PortParameterResetOnInitialize.xml (RunModel)" time="0.008" />
  <testcase classname="ptolemy.util.test.junit.AutoTests" name="[51] /home/travis/build/icyphy/ptII/ptolemy/domains/de/test/auto/PortParameterUpdates.xml (RunModel)" time="0.016" />
  <testcase classname="ptolemy.util.test.junit.AutoTests" name="[52] /home/travis/build/icyphy/ptII/ptolemy/domains/de/test/auto/QueueAndServer.xml (RunModel)" time="0.018" />
  <testcase classname="ptolemy.util.test.junit.AutoTests" name="[53] /home/travis/build/icyphy/ptII/ptolemy/domains/de/test/auto/Records.xml (RunModel)" time="0.012" />
  <testcase classname="ptolemy.util.test.junit.AutoTests" name="[54] /home/travis/build/icyphy/ptII/ptolemy/domains/de/test/auto/ResetTransitionWithStartTime1.xml (RunModel)" time="0.02" />
  <testcase classname="ptolemy.util.test.junit.AutoTests" name="[55] /home/travis/build/icyphy/ptII/ptolemy/domains/de/test/auto/ResetTransitionWithStartTime2.xml (RunModel)" time="0.022" />
  <testcase classname="ptolemy.util.test.junit.AutoTests" name="[56] /home/travis/build/icyphy/ptII/ptolemy/domains/de/test/auto/ResetTransitionWithStartTime3.xml (RunModel)" time="0.018" />
  <testcase classname="ptolemy.util.test.junit.AutoTests" name="[57] /home/travis/build/icyphy/ptII/ptolemy/domains/de/test/auto/ResetTransitionWithStartTime4.xml (RunModel)" time="0.017" />
  <testcase classname="ptolemy.util.test.junit.AutoTests" name="[58] /home/travis/build/icyphy/ptII/ptolemy/domains/de/test/auto/ResettableTimer1.xml (RunModel)" time="0.009" />
  <testcase classname="ptolemy.util.test.junit.AutoTests" name="[59] /home/travis/build/icyphy/ptII/ptolemy/domains/de/test/auto/ResettableTimer2.xml (RunModel)" time="0.009" />
  <testcase classname="ptolemy.util.test.junit.AutoTests" name="[60] /home/travis/build/icyphy/ptII/ptolemy/domains/de/test/auto/ResettableTimer3.xml (RunModel)" time="0.013" />
  <testcase classname="ptolemy.util.test.junit.AutoTests" name="[61] /home/travis/build/icyphy/ptII/ptolemy/domains/de/test/auto/ResettableTimer4.xml (RunModel)" time="0.008" />
  <testcase classname="ptolemy.util.test.junit.AutoTests" name="[62] /home/travis/build/icyphy/ptII/ptolemy/domains/de/test/auto/ResettableTimer5.xml (RunModel)" time="0.01" />
  <testcase classname="ptolemy.util.test.junit.AutoTests" name="[63] /home/travis/build/icyphy/ptII/ptolemy/domains/de/test/auto/ResettableTimer6.xml (RunModel)" time="0.019" />
  <testcase classname="ptolemy.util.test.junit.AutoTests" name="[64] /home/travis/build/icyphy/ptII/ptolemy/domains/de/test/auto/ServerZeroDelay.xml (RunModel)" time="0.011" />
  <testcase classname="ptolemy.util.test.junit.AutoTests" name="[65] /home/travis/build/icyphy/ptII/ptolemy/domains/de/test/auto/SmartSender.xml (RunModel)" time="3.007" />
  <testcase classname="ptolemy.util.test.junit.AutoTests" name="[66] /home/travis/build/icyphy/ptII/ptolemy/domains/de/test/auto/ThreadedComposite.xml (RunModel)" time="0.148" />
  <testcase classname="ptolemy.util.test.junit.AutoTests" name="[67] /home/travis/build/icyphy/ptII/ptolemy/domains/de/test/auto/Time.xml (RunModel)" time="0.441" />
  <testcase classname="ptolemy.util.test.junit.AutoTests" name="[68] /home/travis/build/icyphy/ptII/ptolemy/domains/de/test/auto/TimeDelayZeroDelay.xml (RunModel)" time="0.014" />
  <testcase classname="ptolemy.util.test.junit.AutoTests" name="[69] /home/travis/build/icyphy/ptII/ptolemy/domains/de/test/auto/TimerZeroDelay.xml (RunModel)" time="0.012" />
  <testcase classname="ptolemy.util.test.junit.AutoTests" name="[70] /home/travis/build/icyphy/ptII/ptolemy/domains/de/test/auto/TimingParadox.xml (RunModel)" time="0.368" />
  <testcase classname="ptolemy.util.test.junit.AutoTests" name="[71] /home/travis/build/icyphy/ptII/ptolemy/domains/de/test/auto/TransferInputs.xml (RunModel)" time="0.011" />
  <testcase classname="ptolemy.util.test.junit.AutoTests" name="[72] /home/travis/build/icyphy/ptII/ptolemy/domains/de/test/auto/TransferOutputs2.xml (RunModel)" time="0.016" />
  <testcase classname="ptolemy.util.test.junit.AutoTests" name="[73] /home/travis/build/icyphy/ptII/ptolemy/domains/de/test/auto/Trilateration.xml (RunModel)" time="12.782" />
  <testcase classname="ptolemy.util.test.junit.AutoTests" name="[74] /home/travis/build/icyphy/ptII/ptolemy/domains/de/test/auto/TwoSigmaDelta.xml (RunModel)" time="2.176" />
  <testcase classname="ptolemy.util.test.junit.AutoTests" name="[75] /home/travis/build/icyphy/ptII/ptolemy/domains/de/test/auto/VariableDelay.xml (RunModel)" time="0.007" />
  <testcase classname="ptolemy.util.test.junit.AutoTests" name="[76] /home/travis/build/icyphy/ptII/ptolemy/domains/de/test/auto/VariableDelay2.xml (RunModel)" time="0.006" />
  <testcase classname="ptolemy.util.test.junit.AutoTests" name="[77] /home/travis/build/icyphy/ptII/ptolemy/domains/de/test/auto/VariableDelayZeroDelay.xml (RunModel)" time="0.013" />
  <testcase classname="ptolemy.util.test.junit.AutoTests" name="[78] /home/travis/build/icyphy/ptII/ptolemy/domains/de/test/auto/VariableDelayZeroDelay2.xml (RunModel)" time="0.009" />
  <testcase classname="ptolemy.util.test.junit.AutoTests" name="[79] /home/travis/build/icyphy/ptII/ptolemy/domains/de/test/auto/deInCt.xml (RunModel)" time="0.014" />
  <testcase classname="ptolemy.util.test.junit.AutoTests" name="[80] /home/travis/build/icyphy/ptII/ptolemy/domains/de/test/auto/deInCt2.xml (RunModel)" time="0.014" />
  <testcase classname="ptolemy.util.test.junit.AutoTests" name="[81] /home/travis/build/icyphy/ptII/ptolemy/domains/de/test/auto/dynamicCausalityInterface1.xml (RunModel)" time="0.013" />
  <testcase classname="ptolemy.util.test.junit.AutoTests" name="[82] /home/travis/build/icyphy/ptII/ptolemy/domains/de/test/auto/fsm_de_test.xml (RunModel)" time="0.022" />
  <testcase classname="ptolemy.util.test.junit.AutoTests" name="[83] /home/travis/build/icyphy/ptII/ptolemy/domains/de/test/auto/functionDependencyReconstruction.xml (RunModel)" time="0.028" />
  <testcase classname="ptolemy.util.test.junit.AutoTests" name="[84] /home/travis/build/icyphy/ptII/ptolemy/domains/de/test/auto/multirate.xml (RunModel)" time="0.014" />
  <testcase classname="ptolemy.util.test.junit.AutoTests" name="[85] /home/travis/build/icyphy/ptII/ptolemy/domains/de/test/auto/multirate2.xml (RunModel)" time="0.012" />
  <testcase classname="ptolemy.util.test.junit.AutoTests" name="[86] /home/travis/build/icyphy/ptII/ptolemy/domains/de/test/auto/realtime.xml (RunModel)" time="10.009" />
  <testcase classname="ptolemy.util.test.junit.AutoTests" name="[87] /home/travis/build/icyphy/ptII/ptolemy/domains/de/test/auto/relationGroup.xml (RunModel)" time="0.007" />
  <testcase classname="ptolemy.util.test.junit.AutoTests" name="[88] /home/travis/build/icyphy/ptII/ptolemy/domains/de/test/auto/relationGroup2.xml (RunModel)" time="0.011" />
  <testcase classname="ptolemy.util.test.junit.AutoTests" name="[89] /home/travis/build/icyphy/ptII/ptolemy/domains/de/test/auto/sortWithOpaquePorts.xml (RunModel)" time="0.008" />
  <testcase classname="ptolemy.util.test.junit.AutoTests" name="[90] /home/travis/build/icyphy/ptII/ptolemy/domains/de/test/auto/transferInputsandOutputs.xml (RunModel)" time="0.015" />
  <testcase classname="ptolemy.util.test.junit.AutoTests" name="[91] /home/travis/build/icyphy/ptII/ptolemy/domains/de/test/auto/triggerType.xml (RunModel)" time="0.009" />
  <system-out><![CDATA[/home/travis/build/icyphy/ptII/ptolemy/domains/de/test/DependencyLoop.tcl
testDefs.tcl: setting time out to 9000 seconds at Mon Dec 16 06:27:36 UTC 2019
89 ms. Memory: 120832K Free: 72132K (60%)
17 ms. Memory: 120832K Free: 54718K (45%)
/home/travis/build/icyphy/ptII/ptolemy/domains/de/test/RunDETestsAsQSS.tcl
Run the DE tests using ptolemy.domains.qss.test.QSSDirectorTest, which extends QSSDirector and prints a message in the constructors.
------------------ testing $PTII/ptolemy/domains/de/test/auto/knownFailedTests/DirectFeedback.xml (Known Failure) 
47 ms. Memory: 120832K Free: 48580K (40%)


==== $PTIIhome/travis/build/icyphy/ptII/ptolemy/domains/de/test/../../../../: Auto Automatic test in file $PTII/ptolemy/domains/de/test/auto/knownFailedTests/DirectFeedback.xml
==== Contents of test case:

	    # FIXME: we should use $relativeFilename here, but it
	    # might have backslashes under Windows, which causes no end
	    # of trouble.
	    createAndExecute $file
	    list {}
	
.... Test generated KNOWN error:
    while executing
ptolemy.kernel.util.IllegalActionException: Test fails in iteration 1.
Value was: 1.0. Should have been: 2.0
  in .DirectFeedback.Test
	at ptolemy.actor.lib.Test.fire(Test.java:268)
	at ptolemy.domains.de.kernel.DEDirector._fire(DEDirector.java:1949)
	at ptolemy.domains.de.kernel.DEDirector.fire(DEDirector.java:502)
	at ptolemy.actor.CompositeActor.fire(CompositeActor.java:455)
	at ptolemy.actor.Manager.iterate(Manager.java:851)
	at ptolemy.actor.Manager.execute(Manager.java:369)
	at ptolemy.actor.Manager.run(Manager.java:1263)
	at ptolemy.actor.Manager$PtolemyRunThread.run(Manager.java:1933)

    while executing
ptolemy.kernel.util.IllegalActionException: Test fails in iteration 1.
Value was: 1.0. Should have been: 2.0
  in .DirectFeedback.Test
    while executing
"java::new ptolemy.moml.MoMLSimpleApplication $file
"
    (procedure "createAndExecute" line 2)
    invoked from within
"createAndExecute $file"
    ("uplevel" body line 5)
    invoked from within
"uplevel $contents_of_test"
------------------ testing $PTII/ptolemy/domains/de/test/auto/knownFailedTests/dependencyLoop.xml (Known Failure) 
44 ms. Memory: 120832K Free: 108284K (90%)


==== $PTIIhome/travis/build/icyphy/ptII/ptolemy/domains/de/test/../../../../: Auto Automatic test in file $PTII/ptolemy/domains/de/test/auto/knownFailedTests/dependencyLoop.xml
==== Contents of test case:

	    # FIXME: we should use $relativeFilename here, but it
	    # might have backslashes under Windows, which causes no end
	    # of trouble.
	    createAndExecute $file
	    list {}
	
.... Test generated KNOWN error:
    while executing
ptolemy.kernel.util.IllegalActionException: Found a zero delay loop containing .dependencyLoop.original
  in .dependencyLoop and .dependencyLoop.original
	at ptolemy.actor.util.CausalityInterfaceForComposites._computeOutputPortDepth(CausalityInterfaceForComposites.java:759)
	at ptolemy.actor.util.CausalityInterfaceForComposites._computeInputDepth(CausalityInterfaceForComposites.java:696)
	at ptolemy.actor.util.CausalityInterfaceForComposites._computeOutputPortDepth(CausalityInterfaceForComposites.java:765)
	at ptolemy.actor.util.CausalityInterfaceForComposites._computeInputDepth(CausalityInterfaceForComposites.java:696)
	at ptolemy.actor.util.CausalityInterfaceForComposites._computeOutputPortDepth(CausalityInterfaceForComposites.java:765)
	at ptolemy.actor.util.CausalityInterfaceForComposites._computeInputDepth(CausalityInterfaceForComposites.java:696)
	at ptolemy.actor.util.CausalityInterfaceForComposites._computeActorDepth(CausalityInterfaceForComposites.java:532)
	at ptolemy.actor.util.CausalityInterfaceForComposites.checkForCycles(CausalityInterfaceForComposites.java:96)
	at ptolemy.domains.de.kernel.DEDirector.preinitialize(DEDirector.java:1338)
	at ptolemy.actor.CompositeActor.preinitialize(CompositeActor.java:1828)
	at ptolemy.actor.Manager.preinitializeAndResolveTypes(Manager.java:1040)
	at ptolemy.actor.Manager.initialize(Manager.java:710)
	at ptolemy.actor.Manager.execute(Manager.java:356)
	at ptolemy.actor.Manager.run(Manager.java:1263)
	at ptolemy.actor.Manager$PtolemyRunThread.run(Manager.java:1933)

    while executing
ptolemy.kernel.util.IllegalActionException: Found a zero delay loop containing .dependencyLoop.original
  in .dependencyLoop and .dependencyLoop.original
    while executing
"java::new ptolemy.moml.MoMLSimpleApplication $file
"
    (procedure "createAndExecute" line 2)
    invoked from within
"createAndExecute $file"
    ("uplevel" body line 5)
    invoked from within
"uplevel $contents_of_test"
------------------ testing $PTII/ptolemy/domains/de/test/auto/knownFailedTests/FSMSource.xml (Known Failure) 
52 ms. Memory: 120832K Free: 99128K (82%)
!!!! Auto was marked as failing, but now passes
------------------ testing $PTII/ptolemy/domains/de/test/auto/knownFailedTests/HierarchicalModel.xml (Known Failure) 
5 ms. Memory: 120832K Free: 81703K (68%)


==== $PTIIhome/travis/build/icyphy/ptII/ptolemy/domains/de/test/../../../../: Auto Automatic test in file $PTII/ptolemy/domains/de/test/auto/knownFailedTests/HierarchicalModel.xml
==== Contents of test case:

	    # FIXME: we should use $relativeFilename here, but it
	    # might have backslashes under Windows, which causes no end
	    # of trouble.
	    createAndExecute $file
	    list {}
	
.... Test generated KNOWN error:
    while executing
ptolemy.kernel.util.IllegalActionException: Found a zero delay loop containing .HierarchicalModel.A
  in .HierarchicalModel and .HierarchicalModel.A
	at ptolemy.actor.util.CausalityInterfaceForComposites._computeOutputPortDepth(CausalityInterfaceForComposites.java:759)
	at ptolemy.actor.util.CausalityInterfaceForComposites._computeInputDepth(CausalityInterfaceForComposites.java:696)
	at ptolemy.actor.util.CausalityInterfaceForComposites._computeOutputPortDepth(CausalityInterfaceForComposites.java:765)
	at ptolemy.actor.util.CausalityInterfaceForComposites._computeInputDepth(CausalityInterfaceForComposites.java:696)
	at ptolemy.actor.util.CausalityInterfaceForComposites._computeOutputPortDepth(CausalityInterfaceForComposites.java:765)
	at ptolemy.actor.util.CausalityInterfaceForComposites._computeInputDepth(CausalityInterfaceForComposites.java:696)
	at ptolemy.actor.util.CausalityInterfaceForComposites._computeActorDepth(CausalityInterfaceForComposites.java:532)
	at ptolemy.actor.util.CausalityInterfaceForComposites.checkForCycles(CausalityInterfaceForComposites.java:96)
	at ptolemy.domains.de.kernel.DEDirector.preinitialize(DEDirector.java:1338)
	at ptolemy.actor.CompositeActor.preinitialize(CompositeActor.java:1828)
	at ptolemy.actor.Manager.preinitializeAndResolveTypes(Manager.java:1040)
	at ptolemy.actor.Manager.initialize(Manager.java:710)
	at ptolemy.actor.Manager.execute(Manager.java:356)
	at ptolemy.actor.Manager.run(Manager.java:1263)
	at ptolemy.actor.Manager$PtolemyRunThread.run(Manager.java:1933)

    while executing
ptolemy.kernel.util.IllegalActionException: Found a zero delay loop containing .HierarchicalModel.A
  in .HierarchicalModel and .HierarchicalModel.A
    while executing
"java::new ptolemy.moml.MoMLSimpleApplication $file
"
    (procedure "createAndExecute" line 2)
    invoked from within
"createAndExecute $file"
    ("uplevel" body line 5)
    invoked from within
"uplevel $contents_of_test"
------------------ testing $PTII/ptolemy/domains/de/test/auto/knownFailedTests/dependencyLoop2.xml (Known Failure) 
24 ms. Memory: 120832K Free: 105941K (88%)


==== $PTIIhome/travis/build/icyphy/ptII/ptolemy/domains/de/test/../../../../: Auto Automatic test in file $PTII/ptolemy/domains/de/test/auto/knownFailedTests/dependencyLoop2.xml
==== Contents of test case:

	    # FIXME: we should use $relativeFilename here, but it
	    # might have backslashes under Windows, which causes no end
	    # of trouble.
	    createAndExecute $file
	    list {}
	
.... Test generated KNOWN error:
    while executing
ptolemy.kernel.util.IllegalActionException: Found a zero delay loop containing .dependencyLoop2.original
  in .dependencyLoop2 and .dependencyLoop2.original
	at ptolemy.actor.util.CausalityInterfaceForComposites._computeOutputPortDepth(CausalityInterfaceForComposites.java:759)
	at ptolemy.actor.util.CausalityInterfaceForComposites._computeInputDepth(CausalityInterfaceForComposites.java:696)
	at ptolemy.actor.util.CausalityInterfaceForComposites._computeOutputPortDepth(CausalityInterfaceForComposites.java:765)
	at ptolemy.actor.util.CausalityInterfaceForComposites._computeInputDepth(CausalityInterfaceForComposites.java:696)
	at ptolemy.actor.util.CausalityInterfaceForComposites._computeOutputPortDepth(CausalityInterfaceForComposites.java:765)
	at ptolemy.actor.util.CausalityInterfaceForComposites._computeInputDepth(CausalityInterfaceForComposites.java:696)
	at ptolemy.actor.util.CausalityInterfaceForComposites._computeActorDepth(CausalityInterfaceForComposites.java:532)
	at ptolemy.actor.util.CausalityInterfaceForComposites.checkForCycles(CausalityInterfaceForComposites.java:96)
	at ptolemy.domains.de.kernel.DEDirector.preinitialize(DEDirector.java:1338)
	at ptolemy.actor.CompositeActor.preinitialize(CompositeActor.java:1828)
	at ptolemy.actor.Manager.preinitializeAndResolveTypes(Manager.java:1040)
	at ptolemy.actor.Manager.initialize(Manager.java:710)
	at ptolemy.actor.Manager.execute(Manager.java:356)
	at ptolemy.actor.Manager.run(Manager.java:1263)
	at ptolemy.actor.Manager$PtolemyRunThread.run(Manager.java:1933)

    while executing
ptolemy.kernel.util.IllegalActionException: Found a zero delay loop containing .dependencyLoop2.original
  in .dependencyLoop2 and .dependencyLoop2.original
    while executing
"java::new ptolemy.moml.MoMLSimpleApplication $file
"
    (procedure "createAndExecute" line 2)
    invoked from within
"createAndExecute $file"
    ("uplevel" body line 5)
    invoked from within
"uplevel $contents_of_test"
------------------ testing $PTII/ptolemy/domains/de/test/auto/knownFailedTests/DESDFClockTest.xml (Known Failure) 
2068 ms. Memory: 120832K Free: 93282K (77%)


==== $PTIIhome/travis/build/icyphy/ptII/ptolemy/domains/de/test/../../../../: Auto Automatic test in file $PTII/ptolemy/domains/de/test/auto/knownFailedTests/DESDFClockTest.xml
==== Contents of test case:

	    # FIXME: we should use $relativeFilename here, but it
	    # might have backslashes under Windows, which causes no end
	    # of trouble.
	    createAndExecute $file
	    list {}
	
.... Test generated KNOWN error:
    while executing
ptolemy.kernel.util.IllegalActionException: Actor is not ready to fire.  Perhaps UpSample.prefire() returned false? Try debugging the actor by selecting "Listen to Actor".  Also, for SDF check moml for tokenConsumptionRate on input.
  in .DESDFClockTest.Play Bell.Copy1:SDF Director and .DESDFClockTest.Play Bell.UpSample
	at ptolemy.actor.sched.StaticSchedulingDirector.fire(StaticSchedulingDirector.java:227)
	at ptolemy.domains.sdf.kernel.SDFDirector.fire(SDFDirector.java:500)
	at ptolemy.actor.CompositeActor.fire(CompositeActor.java:455)
	at ptolemy.domains.de.kernel.DEDirector._fire(DEDirector.java:1949)
	at ptolemy.domains.de.kernel.DEDirector.fire(DEDirector.java:502)
	at ptolemy.actor.CompositeActor.fire(CompositeActor.java:455)
	at ptolemy.actor.Manager.iterate(Manager.java:851)
	at ptolemy.actor.Manager.execute(Manager.java:369)
	at ptolemy.actor.Manager.run(Manager.java:1263)
	at ptolemy.actor.Manager$PtolemyRunThread.run(Manager.java:1933)

    while executing
ptolemy.kernel.util.IllegalActionException: Actor is not ready to fire.  Perhaps UpSample.prefire() returned false? Try debugging the actor by selecting "Listen to Actor".  Also, for SDF check moml for tokenConsumptionRate on input.
  in .DESDFClockTest.Play Bell.Copy1:SDF Director and .DESDFClockTest.Play Bell.UpSample
    while executing
"java::new ptolemy.moml.MoMLSimpleApplication $file
"
    (procedure "createAndExecute" line 2)
    invoked from within
"createAndExecute $file"
    ("uplevel" body line 5)
    invoked from within
"uplevel $contents_of_test"
------------------ testing $PTII/ptolemy/domains/de/test/auto/ActorDepthCalculation_actorWithoutPorts.xml
auto.tcl: Setting watchdog for 200 seconds at Mon Dec 16 06:27:39 UTC 2019
6 ms. Memory: 120832K Free: 86075K (71%)
ptolemy.util.test.WatchDog.cancel(): canceling Mon Dec 16 06:27:39 UTC 2019
auto.tcl: Setting watchdog for 200 seconds at Mon Dec 16 06:27:39 UTC 2019
6 ms. Memory: 120832K Free: 84917K (70%)
ptolemy.util.test.WatchDog.cancel(): canceling Mon Dec 16 06:27:39 UTC 2019
------------------ testing $PTII/ptolemy/domains/de/test/auto/AssemblyLine.xml
auto.tcl: Setting watchdog for 200 seconds at Mon Dec 16 06:27:40 UTC 2019
23 ms. Memory: 48128K Free: 25764K (54%)
ptolemy.util.test.WatchDog.cancel(): canceling Mon Dec 16 06:27:40 UTC 2019
auto.tcl: Setting watchdog for 200 seconds at Mon Dec 16 06:27:40 UTC 2019
14 ms. Memory: 48128K Free: 25082K (52%)
ptolemy.util.test.WatchDog.cancel(): canceling Mon Dec 16 06:27:40 UTC 2019
------------------ testing $PTII/ptolemy/domains/de/test/auto/CQBug1.xml
auto.tcl: Setting watchdog for 200 seconds at Mon Dec 16 06:27:40 UTC 2019
3 ms. Memory: 48128K Free: 31460K (65%)
ptolemy.util.test.WatchDog.cancel(): canceling Mon Dec 16 06:27:40 UTC 2019
auto.tcl: Setting watchdog for 200 seconds at Mon Dec 16 06:27:40 UTC 2019
2 ms. Memory: 48128K Free: 30992K (64%)
ptolemy.util.test.WatchDog.cancel(): canceling Mon Dec 16 06:27:40 UTC 2019
------------------ testing $PTII/ptolemy/domains/de/test/auto/CancelFireAt.xml
auto.tcl: Setting watchdog for 200 seconds at Mon Dec 16 06:27:40 UTC 2019
3 ms. Memory: 45056K Free: 29698K (66%)
ptolemy.util.test.WatchDog.cancel(): canceling Mon Dec 16 06:27:40 UTC 2019
auto.tcl: Setting watchdog for 200 seconds at Mon Dec 16 06:27:40 UTC 2019
2 ms. Memory: 45056K Free: 29247K (65%)
ptolemy.util.test.WatchDog.cancel(): canceling Mon Dec 16 06:27:40 UTC 2019
------------------ testing $PTII/ptolemy/domains/de/test/auto/CausalityAndComposabilityAnalysis.xml
auto.tcl: Setting watchdog for 200 seconds at Mon Dec 16 06:27:40 UTC 2019
8 ms. Memory: 45056K Free: 27426K (61%)
ptolemy.util.test.WatchDog.cancel(): canceling Mon Dec 16 06:27:40 UTC 2019
auto.tcl: Setting watchdog for 200 seconds at Mon Dec 16 06:27:40 UTC 2019
6 ms. Memory: 45056K Free: 26901K (60%)
ptolemy.util.test.WatchDog.cancel(): canceling Mon Dec 16 06:27:40 UTC 2019
------------------ testing $PTII/ptolemy/domains/de/test/auto/CausalityInterface1.xml
auto.tcl: Setting watchdog for 200 seconds at Mon Dec 16 06:27:41 UTC 2019
18 ms. Memory: 45056K Free: 26365K (59%)
ptolemy.util.test.WatchDog.cancel(): canceling Mon Dec 16 06:27:41 UTC 2019
auto.tcl: Setting watchdog for 200 seconds at Mon Dec 16 06:27:41 UTC 2019
5 ms. Memory: 45056K Free: 25381K (56%)
ptolemy.util.test.WatchDog.cancel(): canceling Mon Dec 16 06:27:41 UTC 2019
------------------ testing $PTII/ptolemy/domains/de/test/auto/CausalityInterface15.xml
auto.tcl: Setting watchdog for 200 seconds at Mon Dec 16 06:27:41 UTC 2019
6 ms. Memory: 45056K Free: 26531K (59%)
ptolemy.util.test.WatchDog.cancel(): canceling Mon Dec 16 06:27:41 UTC 2019
auto.tcl: Setting watchdog for 200 seconds at Mon Dec 16 06:27:41 UTC 2019
8 ms. Memory: 45056K Free: 25363K (56%)
ptolemy.util.test.WatchDog.cancel(): canceling Mon Dec 16 06:27:41 UTC 2019
------------------ testing $PTII/ptolemy/domains/de/test/auto/CausalityInterface2.xml
auto.tcl: Setting watchdog for 200 seconds at Mon Dec 16 06:27:41 UTC 2019
7 ms. Memory: 45056K Free: 26833K (60%)
ptolemy.util.test.WatchDog.cancel(): canceling Mon Dec 16 06:27:41 UTC 2019
auto.tcl: Setting watchdog for 200 seconds at Mon Dec 16 06:27:41 UTC 2019
3 ms. Memory: 45056K Free: 25951K (58%)
ptolemy.util.test.WatchDog.cancel(): canceling Mon Dec 16 06:27:41 UTC 2019
------------------ testing $PTII/ptolemy/domains/de/test/auto/CausalityInterface3.xml
auto.tcl: Setting watchdog for 200 seconds at Mon Dec 16 06:27:41 UTC 2019
7 ms. Memory: 45056K Free: 26548K (59%)
ptolemy.util.test.WatchDog.cancel(): canceling Mon Dec 16 06:27:41 UTC 2019
auto.tcl: Setting watchdog for 200 seconds at Mon Dec 16 06:27:41 UTC 2019
3 ms. Memory: 45056K Free: 25762K (57%)
ptolemy.util.test.WatchDog.cancel(): canceling Mon Dec 16 06:27:41 UTC 2019
------------------ testing $PTII/ptolemy/domains/de/test/auto/ClockDrift.xml
auto.tcl: Setting watchdog for 200 seconds at Mon Dec 16 06:27:41 UTC 2019
86 ms. Memory: 45056K Free: 19152K (43%)
ptolemy.util.test.WatchDog.cancel(): canceling Mon Dec 16 06:27:41 UTC 2019
auto.tcl: Setting watchdog for 200 seconds at Mon Dec 16 06:27:41 UTC 2019
56 ms. Memory: 45056K Free: 16131K (36%)
ptolemy.util.test.WatchDog.cancel(): canceling Mon Dec 16 06:27:41 UTC 2019
------------------ testing $PTII/ptolemy/domains/de/test/auto/ClockDriftAndValueChange.xml
auto.tcl: Setting watchdog for 200 seconds at Mon Dec 16 06:27:41 UTC 2019
21 ms. Memory: 45056K Free: 19224K (43%)
ptolemy.util.test.WatchDog.cancel(): canceling Mon Dec 16 06:27:41 UTC 2019
auto.tcl: Setting watchdog for 200 seconds at Mon Dec 16 06:27:41 UTC 2019
28 ms. Memory: 45056K Free: 16380K (36%)
ptolemy.util.test.WatchDog.cancel(): canceling Mon Dec 16 06:27:41 UTC 2019
------------------ testing $PTII/ptolemy/domains/de/test/auto/ClockDriftChange.xml
auto.tcl: Setting watchdog for 200 seconds at Mon Dec 16 06:27:41 UTC 2019
31 ms. Memory: 45056K Free: 21273K (47%)
ptolemy.util.test.WatchDog.cancel(): canceling Mon Dec 16 06:27:41 UTC 2019
auto.tcl: Setting watchdog for 200 seconds at Mon Dec 16 06:27:41 UTC 2019
29 ms. Memory: 45056K Free: 18714K (42%)
ptolemy.util.test.WatchDog.cancel(): canceling Mon Dec 16 06:27:41 UTC 2019
------------------ testing $PTII/ptolemy/domains/de/test/auto/ComposableCausalityAnalysis.xml
auto.tcl: Setting watchdog for 200 seconds at Mon Dec 16 06:27:41 UTC 2019
2 ms. Memory: 45056K Free: 25829K (57%)
ptolemy.util.test.WatchDog.cancel(): canceling Mon Dec 16 06:27:42 UTC 2019
auto.tcl: Setting watchdog for 200 seconds at Mon Dec 16 06:27:42 UTC 2019
5 ms. Memory: 45056K Free: 24609K (55%)
ptolemy.util.test.WatchDog.cancel(): canceling Mon Dec 16 06:27:42 UTC 2019
------------------ testing $PTII/ptolemy/domains/de/test/auto/DEFixedPointLimitation.xml
auto.tcl: Setting watchdog for 200 seconds at Mon Dec 16 06:27:42 UTC 2019
3 ms. Memory: 45056K Free: 27008K (60%)
ptolemy.util.test.WatchDog.cancel(): canceling Mon Dec 16 06:27:42 UTC 2019
auto.tcl: Setting watchdog for 200 seconds at Mon Dec 16 06:27:42 UTC 2019
2 ms. Memory: 45056K Free: 26173K (58%)
ptolemy.util.test.WatchDog.cancel(): canceling Mon Dec 16 06:27:42 UTC 2019
------------------ testing $PTII/ptolemy/domains/de/test/auto/DEScheduleTest.xml
auto.tcl: Setting watchdog for 200 seconds at Mon Dec 16 06:27:42 UTC 2019
6 ms. Memory: 45056K Free: 27348K (61%)
ptolemy.util.test.WatchDog.cancel(): canceling Mon Dec 16 06:27:42 UTC 2019
auto.tcl: Setting watchdog for 200 seconds at Mon Dec 16 06:27:42 UTC 2019
3 ms. Memory: 45056K Free: 26587K (59%)
ptolemy.util.test.WatchDog.cancel(): canceling Mon Dec 16 06:27:42 UTC 2019
------------------ testing $PTII/ptolemy/domains/de/test/auto/DEinDEwithStartTimes.xml
auto.tcl: Setting watchdog for 200 seconds at Mon Dec 16 06:27:42 UTC 2019
9 ms. Memory: 45056K Free: 25592K (57%)
ptolemy.util.test.WatchDog.cancel(): canceling Mon Dec 16 06:27:42 UTC 2019
auto.tcl: Setting watchdog for 200 seconds at Mon Dec 16 06:27:42 UTC 2019
5 ms. Memory: 45056K Free: 24476K (54%)
ptolemy.util.test.WatchDog.cancel(): canceling Mon Dec 16 06:27:42 UTC 2019
------------------ testing $PTII/ptolemy/domains/de/test/auto/DEinDEwithStartTimes2.xml
auto.tcl: Setting watchdog for 200 seconds at Mon Dec 16 06:27:42 UTC 2019
5 ms. Memory: 45056K Free: 24745K (55%)
ptolemy.util.test.WatchDog.cancel(): canceling Mon Dec 16 06:27:42 UTC 2019
auto.tcl: Setting watchdog for 200 seconds at Mon Dec 16 06:27:42 UTC 2019
5 ms. Memory: 45056K Free: 23431K (52%)
ptolemy.util.test.WatchDog.cancel(): canceling Mon Dec 16 06:27:42 UTC 2019
------------------ testing $PTII/ptolemy/domains/de/test/auto/DateDemo.xml
auto.tcl: Setting watchdog for 200 seconds at Mon Dec 16 06:27:42 UTC 2019
23 ms. Memory: 45056K Free: 19083K (42%)
ptolemy.util.test.WatchDog.cancel(): canceling Mon Dec 16 06:27:42 UTC 2019
auto.tcl: Setting watchdog for 200 seconds at Mon Dec 16 06:27:42 UTC 2019
7 ms. Memory: 45056K Free: 17502K (39%)
ptolemy.util.test.WatchDog.cancel(): canceling Mon Dec 16 06:27:42 UTC 2019
------------------ testing $PTII/ptolemy/domains/de/test/auto/DateToEvent.xml
auto.tcl: Setting watchdog for 200 seconds at Mon Dec 16 06:27:42 UTC 2019
2014 ms. Memory: 45056K Free: 14996K (33%)
ptolemy.util.test.WatchDog.cancel(): canceling Mon Dec 16 06:27:44 UTC 2019
auto.tcl: Setting watchdog for 200 seconds at Mon Dec 16 06:27:44 UTC 2019
2005 ms. Memory: 45056K Free: 14046K (31%)
ptolemy.util.test.WatchDog.cancel(): canceling Mon Dec 16 06:27:46 UTC 2019
------------------ testing $PTII/ptolemy/domains/de/test/auto/DepthTest1.xml
auto.tcl: Setting watchdog for 200 seconds at Mon Dec 16 06:27:46 UTC 2019
10 ms. Memory: 45056K Free: 28278K (63%)
ptolemy.util.test.WatchDog.cancel(): canceling Mon Dec 16 06:27:46 UTC 2019
auto.tcl: Setting watchdog for 200 seconds at Mon Dec 16 06:27:46 UTC 2019
3 ms. Memory: 45056K Free: 27770K (62%)
ptolemy.util.test.WatchDog.cancel(): canceling Mon Dec 16 06:27:46 UTC 2019
------------------ testing $PTII/ptolemy/domains/de/test/auto/DepthTest2.xml
auto.tcl: Setting watchdog for 200 seconds at Mon Dec 16 06:27:46 UTC 2019
6 ms. Memory: 45056K Free: 25009K (56%)
ptolemy.util.test.WatchDog.cancel(): canceling Mon Dec 16 06:27:46 UTC 2019
auto.tcl: Setting watchdog for 200 seconds at Mon Dec 16 06:27:46 UTC 2019
3 ms. Memory: 45056K Free: 24606K (55%)
ptolemy.util.test.WatchDog.cancel(): canceling Mon Dec 16 06:27:46 UTC 2019
------------------ testing $PTII/ptolemy/domains/de/test/auto/DepthTest3.xml
auto.tcl: Setting watchdog for 200 seconds at Mon Dec 16 06:27:46 UTC 2019
4 ms. Memory: 45056K Free: 28622K (64%)
ptolemy.util.test.WatchDog.cancel(): canceling Mon Dec 16 06:27:46 UTC 2019
auto.tcl: Setting watchdog for 200 seconds at Mon Dec 16 06:27:46 UTC 2019
2 ms. Memory: 45056K Free: 28086K (62%)
ptolemy.util.test.WatchDog.cancel(): canceling Mon Dec 16 06:27:46 UTC 2019
------------------ testing $PTII/ptolemy/domains/de/test/auto/DepthTest4.xml
auto.tcl: Setting watchdog for 200 seconds at Mon Dec 16 06:27:46 UTC 2019
5 ms. Memory: 45056K Free: 26829K (60%)
ptolemy.util.test.WatchDog.cancel(): canceling Mon Dec 16 06:27:46 UTC 2019
auto.tcl: Setting watchdog for 200 seconds at Mon Dec 16 06:27:46 UTC 2019
3 ms. Memory: 45056K Free: 26121K (58%)
ptolemy.util.test.WatchDog.cancel(): canceling Mon Dec 16 06:27:46 UTC 2019
------------------ testing $PTII/ptolemy/domains/de/test/auto/DepthTest5.xml
auto.tcl: Setting watchdog for 200 seconds at Mon Dec 16 06:27:47 UTC 2019
7 ms. Memory: 45056K Free: 26233K (58%)
ptolemy.util.test.WatchDog.cancel(): canceling Mon Dec 16 06:27:47 UTC 2019
auto.tcl: Setting watchdog for 200 seconds at Mon Dec 16 06:27:47 UTC 2019
3 ms. Memory: 45056K Free: 25507K (57%)
ptolemy.util.test.WatchDog.cancel(): canceling Mon Dec 16 06:27:47 UTC 2019
------------------ testing $PTII/ptolemy/domains/de/test/auto/DepthTest6.xml
auto.tcl: Setting watchdog for 200 seconds at Mon Dec 16 06:27:47 UTC 2019
4 ms. Memory: 45056K Free: 25918K (58%)
ptolemy.util.test.WatchDog.cancel(): canceling Mon Dec 16 06:27:47 UTC 2019
auto.tcl: Setting watchdog for 200 seconds at Mon Dec 16 06:27:47 UTC 2019
3 ms. Memory: 45056K Free: 25404K (56%)
ptolemy.util.test.WatchDog.cancel(): canceling Mon Dec 16 06:27:47 UTC 2019
------------------ testing $PTII/ptolemy/domains/de/test/auto/DepthTest7.xml
auto.tcl: Setting watchdog for 200 seconds at Mon Dec 16 06:27:47 UTC 2019
3 ms. Memory: 45056K Free: 26753K (59%)
ptolemy.util.test.WatchDog.cancel(): canceling Mon Dec 16 06:27:47 UTC 2019
auto.tcl: Setting watchdog for 200 seconds at Mon Dec 16 06:27:47 UTC 2019
2 ms. Memory: 45056K Free: 26021K (58%)
ptolemy.util.test.WatchDog.cancel(): canceling Mon Dec 16 06:27:47 UTC 2019
------------------ testing $PTII/ptolemy/domains/de/test/auto/EventToDate.xml
auto.tcl: Setting watchdog for 200 seconds at Mon Dec 16 06:27:47 UTC 2019
3009 ms. Memory: 45056K Free: 17553K (39%)
ptolemy.util.test.WatchDog.cancel(): canceling Mon Dec 16 06:27:50 UTC 2019
auto.tcl: Setting watchdog for 200 seconds at Mon Dec 16 06:27:50 UTC 2019
3004 ms. Memory: 45056K Free: 16846K (37%)
ptolemy.util.test.WatchDog.cancel(): canceling Mon Dec 16 06:27:53 UTC 2019
------------------ testing $PTII/ptolemy/domains/de/test/auto/FSM1.xml
auto.tcl: Setting watchdog for 200 seconds at Mon Dec 16 06:27:53 UTC 2019
44 ms. Memory: 45056K Free: 18751K (42%)
ptolemy.util.test.WatchDog.cancel(): canceling Mon Dec 16 06:27:53 UTC 2019
auto.tcl: Setting watchdog for 200 seconds at Mon Dec 16 06:27:53 UTC 2019
20 ms. Memory: 45056K Free: 15493K (34%)
ptolemy.util.test.WatchDog.cancel(): canceling Mon Dec 16 06:27:53 UTC 2019
------------------ testing $PTII/ptolemy/domains/de/test/auto/FSM7.xml
auto.tcl: Setting watchdog for 200 seconds at Mon Dec 16 06:27:53 UTC 2019
21 ms. Memory: 45056K Free: 18460K (41%)
ptolemy.util.test.WatchDog.cancel(): canceling Mon Dec 16 06:27:53 UTC 2019
auto.tcl: Setting watchdog for 200 seconds at Mon Dec 16 06:27:53 UTC 2019
18 ms. Memory: 45056K Free: 15334K (34%)
ptolemy.util.test.WatchDog.cancel(): canceling Mon Dec 16 06:27:53 UTC 2019
------------------ testing $PTII/ptolemy/domains/de/test/auto/Inspection.xml
auto.tcl: Setting watchdog for 200 seconds at Mon Dec 16 06:27:53 UTC 2019
32 ms. Memory: 45056K Free: 18510K (41%)
ptolemy.util.test.WatchDog.cancel(): canceling Mon Dec 16 06:27:53 UTC 2019
auto.tcl: Setting watchdog for 200 seconds at Mon Dec 16 06:27:53 UTC 2019
18 ms. Memory: 45056K Free: 16758K (37%)
ptolemy.util.test.WatchDog.cancel(): canceling Mon Dec 16 06:27:53 UTC 2019
------------------ testing $PTII/ptolemy/domains/de/test/auto/Iteration.xml
auto.tcl: Setting watchdog for 200 seconds at Mon Dec 16 06:27:53 UTC 2019
9 ms. Memory: 45056K Free: 24236K (54%)
ptolemy.util.test.WatchDog.cancel(): canceling Mon Dec 16 06:27:53 UTC 2019
auto.tcl: Setting watchdog for 200 seconds at Mon Dec 16 06:27:53 UTC 2019
7 ms. Memory: 45056K Free: 22814K (51%)
ptolemy.util.test.WatchDog.cancel(): canceling Mon Dec 16 06:27:53 UTC 2019
------------------ testing $PTII/ptolemy/domains/de/test/auto/LineFault.xml
auto.tcl: Setting watchdog for 200 seconds at Mon Dec 16 06:27:53 UTC 2019
753 ms. Memory: 54272K Free: 22285K (41%)
ptolemy.util.test.WatchDog.cancel(): canceling Mon Dec 16 06:27:54 UTC 2019
auto.tcl: Setting watchdog for 200 seconds at Mon Dec 16 06:27:54 UTC 2019
608 ms. Memory: 54272K Free: 18531K (34%)
ptolemy.util.test.WatchDog.cancel(): canceling Mon Dec 16 06:27:55 UTC 2019
------------------ testing $PTII/ptolemy/domains/de/test/auto/MergeModel1Add.xml
auto.tcl: Setting watchdog for 200 seconds at Mon Dec 16 06:27:55 UTC 2019
29 ms. Memory: 54272K Free: 19385K (36%)
ptolemy.util.test.WatchDog.cancel(): canceling Mon Dec 16 06:27:55 UTC 2019
auto.tcl: Setting watchdog for 200 seconds at Mon Dec 16 06:27:55 UTC 2019
12 ms. Memory: 54272K Free: 17750K (33%)
ptolemy.util.test.WatchDog.cancel(): canceling Mon Dec 16 06:27:55 UTC 2019
------------------ testing $PTII/ptolemy/domains/de/test/auto/MergeModel2Add.xml
auto.tcl: Setting watchdog for 200 seconds at Mon Dec 16 06:27:55 UTC 2019
10 ms. Memory: 48128K Free: 15282K (32%)
ptolemy.util.test.WatchDog.cancel(): canceling Mon Dec 16 06:27:55 UTC 2019
auto.tcl: Setting watchdog for 200 seconds at Mon Dec 16 06:27:55 UTC 2019
12 ms. Memory: 48128K Free: 13339K (28%)
ptolemy.util.test.WatchDog.cancel(): canceling Mon Dec 16 06:27:55 UTC 2019
------------------ testing $PTII/ptolemy/domains/de/test/auto/MergeModel3Add.xml
auto.tcl: Setting watchdog for 200 seconds at Mon Dec 16 06:27:56 UTC 2019
10 ms. Memory: 48128K Free: 15307K (32%)
ptolemy.util.test.WatchDog.cancel(): canceling Mon Dec 16 06:27:56 UTC 2019
auto.tcl: Setting watchdog for 200 seconds at Mon Dec 16 06:27:56 UTC 2019
9 ms. Memory: 48128K Free: 13888K (29%)
ptolemy.util.test.WatchDog.cancel(): canceling Mon Dec 16 06:27:56 UTC 2019
------------------ testing $PTII/ptolemy/domains/de/test/auto/MergeWithoutDiscard.xml
auto.tcl: Setting watchdog for 200 seconds at Mon Dec 16 06:27:56 UTC 2019
1 ms. Memory: 48128K Free: 30169K (63%)
ptolemy.util.test.WatchDog.cancel(): canceling Mon Dec 16 06:27:56 UTC 2019
auto.tcl: Setting watchdog for 200 seconds at Mon Dec 16 06:27:56 UTC 2019
1 ms. Memory: 48128K Free: 29276K (61%)
ptolemy.util.test.WatchDog.cancel(): canceling Mon Dec 16 06:27:56 UTC 2019
------------------ testing $PTII/ptolemy/domains/de/test/auto/Modal1.xml
auto.tcl: Setting watchdog for 200 seconds at Mon Dec 16 06:27:56 UTC 2019
16 ms. Memory: 48128K Free: 21773K (45%)
ptolemy.util.test.WatchDog.cancel(): canceling Mon Dec 16 06:27:56 UTC 2019
auto.tcl: Setting watchdog for 200 seconds at Mon Dec 16 06:27:56 UTC 2019
21 ms. Memory: 48128K Free: 18321K (38%)
ptolemy.util.test.WatchDog.cancel(): canceling Mon Dec 16 06:27:56 UTC 2019
------------------ testing $PTII/ptolemy/domains/de/test/auto/Modal2.xml
auto.tcl: Setting watchdog for 200 seconds at Mon Dec 16 06:27:56 UTC 2019
11 ms. Memory: 48128K Free: 22164K (46%)
ptolemy.util.test.WatchDog.cancel(): canceling Mon Dec 16 06:27:56 UTC 2019
auto.tcl: Setting watchdog for 200 seconds at Mon Dec 16 06:27:56 UTC 2019
20 ms. Memory: 48128K Free: 18666K (39%)
ptolemy.util.test.WatchDog.cancel(): canceling Mon Dec 16 06:27:56 UTC 2019
------------------ testing $PTII/ptolemy/domains/de/test/auto/Modal3.xml
auto.tcl: Setting watchdog for 200 seconds at Mon Dec 16 06:27:56 UTC 2019
16 ms. Memory: 48128K Free: 21875K (45%)
ptolemy.util.test.WatchDog.cancel(): canceling Mon Dec 16 06:27:56 UTC 2019
auto.tcl: Setting watchdog for 200 seconds at Mon Dec 16 06:27:56 UTC 2019
12 ms. Memory: 48128K Free: 18647K (39%)
ptolemy.util.test.WatchDog.cancel(): canceling Mon Dec 16 06:27:56 UTC 2019
------------------ testing $PTII/ptolemy/domains/de/test/auto/Modal4.xml
auto.tcl: Setting watchdog for 200 seconds at Mon Dec 16 06:27:56 UTC 2019
25 ms. Memory: 48128K Free: 20608K (43%)
ptolemy.util.test.WatchDog.cancel(): canceling Mon Dec 16 06:27:56 UTC 2019
auto.tcl: Setting watchdog for 200 seconds at Mon Dec 16 06:27:56 UTC 2019
18 ms. Memory: 48128K Free: 16601K (34%)
ptolemy.util.test.WatchDog.cancel(): canceling Mon Dec 16 06:27:56 UTC 2019
------------------ testing $PTII/ptolemy/domains/de/test/auto/Modal5.xml
auto.tcl: Setting watchdog for 200 seconds at Mon Dec 16 06:27:56 UTC 2019
29 ms. Memory: 48128K Free: 20850K (43%)
ptolemy.util.test.WatchDog.cancel(): canceling Mon Dec 16 06:27:56 UTC 2019
auto.tcl: Setting watchdog for 200 seconds at Mon Dec 16 06:27:56 UTC 2019
16 ms. Memory: 48128K Free: 17026K (35%)
ptolemy.util.test.WatchDog.cancel(): canceling Mon Dec 16 06:27:56 UTC 2019
------------------ testing $PTII/ptolemy/domains/de/test/auto/Modal6.xml
auto.tcl: Setting watchdog for 200 seconds at Mon Dec 16 06:27:56 UTC 2019
14 ms. Memory: 48128K Free: 21616K (45%)
ptolemy.util.test.WatchDog.cancel(): canceling Mon Dec 16 06:27:56 UTC 2019
auto.tcl: Setting watchdog for 200 seconds at Mon Dec 16 06:27:56 UTC 2019
15 ms. Memory: 48128K Free: 17653K (37%)
ptolemy.util.test.WatchDog.cancel(): canceling Mon Dec 16 06:27:56 UTC 2019
------------------ testing $PTII/ptolemy/domains/de/test/auto/Modal7.xml
auto.tcl: Setting watchdog for 200 seconds at Mon Dec 16 06:27:56 UTC 2019
9 ms. Memory: 48128K Free: 20594K (43%)
ptolemy.util.test.WatchDog.cancel(): canceling Mon Dec 16 06:27:56 UTC 2019
auto.tcl: Setting watchdog for 200 seconds at Mon Dec 16 06:27:56 UTC 2019
9 ms. Memory: 48128K Free: 17026K (35%)
ptolemy.util.test.WatchDog.cancel(): canceling Mon Dec 16 06:27:56 UTC 2019
------------------ testing $PTII/ptolemy/domains/de/test/auto/ModalModel.xml
auto.tcl: Setting watchdog for 200 seconds at Mon Dec 16 06:27:56 UTC 2019
212 ms. Memory: 48128K Free: 15142K (31%)
ptolemy.util.test.WatchDog.cancel(): canceling Mon Dec 16 06:27:57 UTC 2019
auto.tcl: Setting watchdog for 200 seconds at Mon Dec 16 06:27:57 UTC 2019
223 ms. Memory: 69632K Free: 27997K (40%)
ptolemy.util.test.WatchDog.cancel(): canceling Mon Dec 16 06:27:57 UTC 2019
------------------ testing $PTII/ptolemy/domains/de/test/auto/ModalSource.xml
auto.tcl: Setting watchdog for 200 seconds at Mon Dec 16 06:27:57 UTC 2019
8 ms. Memory: 51200K Free: 28771K (56%)
ptolemy.util.test.WatchDog.cancel(): canceling Mon Dec 16 06:27:57 UTC 2019
auto.tcl: Setting watchdog for 200 seconds at Mon Dec 16 06:27:57 UTC 2019
9 ms. Memory: 51200K Free: 26723K (52%)
ptolemy.util.test.WatchDog.cancel(): canceling Mon Dec 16 06:27:57 UTC 2019
------------------ testing $PTII/ptolemy/domains/de/test/auto/NonInterruptibleTimerZeroDelay.xml
auto.tcl: Setting watchdog for 200 seconds at Mon Dec 16 06:27:57 UTC 2019
3 ms. Memory: 51200K Free: 33708K (66%)
ptolemy.util.test.WatchDog.cancel(): canceling Mon Dec 16 06:27:57 UTC 2019
auto.tcl: Setting watchdog for 200 seconds at Mon Dec 16 06:27:57 UTC 2019
2 ms. Memory: 51200K Free: 33043K (65%)
ptolemy.util.test.WatchDog.cancel(): canceling Mon Dec 16 06:27:57 UTC 2019
------------------ testing $PTII/ptolemy/domains/de/test/auto/OpenQueueingNetwork.xml
auto.tcl: Setting watchdog for 200 seconds at Mon Dec 16 06:27:57 UTC 2019
3313 ms. Memory: 102400K Free: 58941K (58%)
ptolemy.util.test.WatchDog.cancel(): canceling Mon Dec 16 06:28:01 UTC 2019
auto.tcl: Setting watchdog for 200 seconds at Mon Dec 16 06:28:01 UTC 2019
2401 ms. Memory: 122880K Free: 73158K (60%)
ptolemy.util.test.WatchDog.cancel(): canceling Mon Dec 16 06:28:03 UTC 2019
------------------ testing $PTII/ptolemy/domains/de/test/auto/OpenQueuingNetwork.xml
auto.tcl: Setting watchdog for 200 seconds at Mon Dec 16 06:28:03 UTC 2019
274 ms. Memory: 55296K Free: 25118K (45%)
ptolemy.util.test.WatchDog.cancel(): canceling Mon Dec 16 06:28:03 UTC 2019
auto.tcl: Setting watchdog for 200 seconds at Mon Dec 16 06:28:03 UTC 2019
251 ms. Memory: 55296K Free: 33336K (60%)
ptolemy.util.test.WatchDog.cancel(): canceling Mon Dec 16 06:28:04 UTC 2019
------------------ testing $PTII/ptolemy/domains/de/test/auto/PeriodicSampler.xml
auto.tcl: Setting watchdog for 200 seconds at Mon Dec 16 06:28:04 UTC 2019
4 ms. Memory: 51200K Free: 32905K (64%)
ptolemy.util.test.WatchDog.cancel(): canceling Mon Dec 16 06:28:04 UTC 2019
auto.tcl: Setting watchdog for 200 seconds at Mon Dec 16 06:28:04 UTC 2019
2 ms. Memory: 51200K Free: 32414K (63%)
ptolemy.util.test.WatchDog.cancel(): canceling Mon Dec 16 06:28:04 UTC 2019
------------------ testing $PTII/ptolemy/domains/de/test/auto/PersistentIO.xml
auto.tcl: Setting watchdog for 200 seconds at Mon Dec 16 06:28:04 UTC 2019
17 ms. Memory: 51200K Free: 27829K (54%)
ptolemy.util.test.WatchDog.cancel(): canceling Mon Dec 16 06:28:04 UTC 2019
auto.tcl: Setting watchdog for 200 seconds at Mon Dec 16 06:28:04 UTC 2019
4 ms. Memory: 51200K Free: 26317K (51%)
ptolemy.util.test.WatchDog.cancel(): canceling Mon Dec 16 06:28:04 UTC 2019
------------------ testing $PTII/ptolemy/domains/de/test/auto/PortParameterResetOnInitialize.xml
auto.tcl: Setting watchdog for 200 seconds at Mon Dec 16 06:28:04 UTC 2019
2 ms. Memory: 48128K Free: 29740K (62%)
ptolemy.util.test.WatchDog.cancel(): canceling Mon Dec 16 06:28:04 UTC 2019
auto.tcl: Setting watchdog for 200 seconds at Mon Dec 16 06:28:04 UTC 2019
2 ms. Memory: 48128K Free: 29245K (61%)
ptolemy.util.test.WatchDog.cancel(): canceling Mon Dec 16 06:28:04 UTC 2019
------------------ testing $PTII/ptolemy/domains/de/test/auto/PortParameterUpdates.xml
auto.tcl: Setting watchdog for 200 seconds at Mon Dec 16 06:28:04 UTC 2019
10 ms. Memory: 48128K Free: 28085K (58%)
ptolemy.util.test.WatchDog.cancel(): canceling Mon Dec 16 06:28:04 UTC 2019
auto.tcl: Setting watchdog for 200 seconds at Mon Dec 16 06:28:04 UTC 2019
3 ms. Memory: 48128K Free: 26852K (56%)
ptolemy.util.test.WatchDog.cancel(): canceling Mon Dec 16 06:28:04 UTC 2019
------------------ testing $PTII/ptolemy/domains/de/test/auto/QueueAndServer.xml
auto.tcl: Setting watchdog for 200 seconds at Mon Dec 16 06:28:04 UTC 2019
17 ms. Memory: 48128K Free: 26780K (56%)
ptolemy.util.test.WatchDog.cancel(): canceling Mon Dec 16 06:28:04 UTC 2019
auto.tcl: Setting watchdog for 200 seconds at Mon Dec 16 06:28:04 UTC 2019
6 ms. Memory: 48128K Free: 25321K (53%)
ptolemy.util.test.WatchDog.cancel(): canceling Mon Dec 16 06:28:04 UTC 2019
------------------ testing $PTII/ptolemy/domains/de/test/auto/Records.xml
auto.tcl: Setting watchdog for 200 seconds at Mon Dec 16 06:28:04 UTC 2019
6 ms. Memory: 48128K Free: 29304K (61%)
ptolemy.util.test.WatchDog.cancel(): canceling Mon Dec 16 06:28:04 UTC 2019
auto.tcl: Setting watchdog for 200 seconds at Mon Dec 16 06:28:04 UTC 2019
3 ms. Memory: 48128K Free: 28815K (60%)
ptolemy.util.test.WatchDog.cancel(): canceling Mon Dec 16 06:28:04 UTC 2019
------------------ testing $PTII/ptolemy/domains/de/test/auto/ResetTransitionWithStartTime1.xml
auto.tcl: Setting watchdog for 200 seconds at Mon Dec 16 06:28:04 UTC 2019
13 ms. Memory: 48128K Free: 26241K (55%)
ptolemy.util.test.WatchDog.cancel(): canceling Mon Dec 16 06:28:04 UTC 2019
auto.tcl: Setting watchdog for 200 seconds at Mon Dec 16 06:28:04 UTC 2019
6 ms. Memory: 48128K Free: 24193K (50%)
ptolemy.util.test.WatchDog.cancel(): canceling Mon Dec 16 06:28:04 UTC 2019
------------------ testing $PTII/ptolemy/domains/de/test/auto/ResetTransitionWithStartTime2.xml
auto.tcl: Setting watchdog for 200 seconds at Mon Dec 16 06:28:04 UTC 2019
6 ms. Memory: 48128K Free: 26196K (54%)
ptolemy.util.test.WatchDog.cancel(): canceling Mon Dec 16 06:28:04 UTC 2019
auto.tcl: Setting watchdog for 200 seconds at Mon Dec 16 06:28:04 UTC 2019
11 ms. Memory: 48128K Free: 23693K (49%)
ptolemy.util.test.WatchDog.cancel(): canceling Mon Dec 16 06:28:04 UTC 2019
------------------ testing $PTII/ptolemy/domains/de/test/auto/ResetTransitionWithStartTime3.xml
auto.tcl: Setting watchdog for 200 seconds at Mon Dec 16 06:28:04 UTC 2019
11 ms. Memory: 48128K Free: 26195K (54%)
ptolemy.util.test.WatchDog.cancel(): canceling Mon Dec 16 06:28:04 UTC 2019
auto.tcl: Setting watchdog for 200 seconds at Mon Dec 16 06:28:04 UTC 2019
8 ms. Memory: 48128K Free: 23669K (49%)
ptolemy.util.test.WatchDog.cancel(): canceling Mon Dec 16 06:28:04 UTC 2019
------------------ testing $PTII/ptolemy/domains/de/test/auto/ResetTransitionWithStartTime4.xml
auto.tcl: Setting watchdog for 200 seconds at Mon Dec 16 06:28:05 UTC 2019
18 ms. Memory: 48128K Free: 26683K (55%)
ptolemy.util.test.WatchDog.cancel(): canceling Mon Dec 16 06:28:05 UTC 2019
auto.tcl: Setting watchdog for 200 seconds at Mon Dec 16 06:28:05 UTC 2019
5 ms. Memory: 48128K Free: 25254K (52%)
ptolemy.util.test.WatchDog.cancel(): canceling Mon Dec 16 06:28:05 UTC 2019
------------------ testing $PTII/ptolemy/domains/de/test/auto/ResettableTimer1.xml
auto.tcl: Setting watchdog for 200 seconds at Mon Dec 16 06:28:05 UTC 2019
7 ms. Memory: 48128K Free: 30681K (64%)
ptolemy.util.test.WatchDog.cancel(): canceling Mon Dec 16 06:28:05 UTC 2019
auto.tcl: Setting watchdog for 200 seconds at Mon Dec 16 06:28:05 UTC 2019
6 ms. Memory: 48128K Free: 29814K (62%)
ptolemy.util.test.WatchDog.cancel(): canceling Mon Dec 16 06:28:05 UTC 2019
------------------ testing $PTII/ptolemy/domains/de/test/auto/ResettableTimer2.xml
auto.tcl: Setting watchdog for 200 seconds at Mon Dec 16 06:28:05 UTC 2019
5 ms. Memory: 48128K Free: 30489K (63%)
ptolemy.util.test.WatchDog.cancel(): canceling Mon Dec 16 06:28:05 UTC 2019
auto.tcl: Setting watchdog for 200 seconds at Mon Dec 16 06:28:05 UTC 2019
5 ms. Memory: 48128K Free: 29390K (61%)
ptolemy.util.test.WatchDog.cancel(): canceling Mon Dec 16 06:28:05 UTC 2019
------------------ testing $PTII/ptolemy/domains/de/test/auto/ResettableTimer3.xml
auto.tcl: Setting watchdog for 200 seconds at Mon Dec 16 06:28:05 UTC 2019
2 ms. Memory: 48128K Free: 30808K (64%)
ptolemy.util.test.WatchDog.cancel(): canceling Mon Dec 16 06:28:05 UTC 2019
auto.tcl: Setting watchdog for 200 seconds at Mon Dec 16 06:28:05 UTC 2019
1 ms. Memory: 48128K Free: 30328K (63%)
ptolemy.util.test.WatchDog.cancel(): canceling Mon Dec 16 06:28:05 UTC 2019
------------------ testing $PTII/ptolemy/domains/de/test/auto/ResettableTimer4.xml
auto.tcl: Setting watchdog for 200 seconds at Mon Dec 16 06:28:05 UTC 2019
2 ms. Memory: 48128K Free: 30366K (63%)
ptolemy.util.test.WatchDog.cancel(): canceling Mon Dec 16 06:28:05 UTC 2019
auto.tcl: Setting watchdog for 200 seconds at Mon Dec 16 06:28:05 UTC 2019
1 ms. Memory: 48128K Free: 29868K (62%)
ptolemy.util.test.WatchDog.cancel(): canceling Mon Dec 16 06:28:05 UTC 2019
------------------ testing $PTII/ptolemy/domains/de/test/auto/ResettableTimer5.xml
auto.tcl: Setting watchdog for 200 seconds at Mon Dec 16 06:28:05 UTC 2019
1 ms. Memory: 48128K Free: 29795K (62%)
ptolemy.util.test.WatchDog.cancel(): canceling Mon Dec 16 06:28:05 UTC 2019
auto.tcl: Setting watchdog for 200 seconds at Mon Dec 16 06:28:05 UTC 2019
1 ms. Memory: 48128K Free: 29325K (61%)
ptolemy.util.test.WatchDog.cancel(): canceling Mon Dec 16 06:28:05 UTC 2019
------------------ testing $PTII/ptolemy/domains/de/test/auto/ResettableTimer6.xml
auto.tcl: Setting watchdog for 200 seconds at Mon Dec 16 06:28:05 UTC 2019
2 ms. Memory: 48128K Free: 29801K (62%)
ptolemy.util.test.WatchDog.cancel(): canceling Mon Dec 16 06:28:05 UTC 2019
auto.tcl: Setting watchdog for 200 seconds at Mon Dec 16 06:28:05 UTC 2019
1 ms. Memory: 48128K Free: 29305K (61%)
ptolemy.util.test.WatchDog.cancel(): canceling Mon Dec 16 06:28:05 UTC 2019
------------------ testing $PTII/ptolemy/domains/de/test/auto/ServerZeroDelay.xml
auto.tcl: Setting watchdog for 200 seconds at Mon Dec 16 06:28:05 UTC 2019
5 ms. Memory: 48128K Free: 30321K (63%)
ptolemy.util.test.WatchDog.cancel(): canceling Mon Dec 16 06:28:05 UTC 2019
auto.tcl: Setting watchdog for 200 seconds at Mon Dec 16 06:28:05 UTC 2019
3 ms. Memory: 48128K Free: 29412K (61%)
ptolemy.util.test.WatchDog.cancel(): canceling Mon Dec 16 06:28:05 UTC 2019
------------------ testing $PTII/ptolemy/domains/de/test/auto/SmartSender.xml
auto.tcl: Setting watchdog for 200 seconds at Mon Dec 16 06:28:05 UTC 2019
3002 ms. Memory: 48128K Free: 30350K (63%)
ptolemy.util.test.WatchDog.cancel(): canceling Mon Dec 16 06:28:08 UTC 2019
auto.tcl: Setting watchdog for 200 seconds at Mon Dec 16 06:28:08 UTC 2019
3002 ms. Memory: 48128K Free: 29846K (62%)
ptolemy.util.test.WatchDog.cancel(): canceling Mon Dec 16 06:28:11 UTC 2019
------------------ testing $PTII/ptolemy/domains/de/test/auto/ThreadedComposite.xml
auto.tcl: Setting watchdog for 200 seconds at Mon Dec 16 06:28:11 UTC 2019
236 ms. Memory: 48128K Free: 10873K (23%)
ptolemy.util.test.WatchDog.cancel(): canceling Mon Dec 16 06:28:12 UTC 2019
auto.tcl: Setting watchdog for 200 seconds at Mon Dec 16 06:28:12 UTC 2019
156 ms. Memory: 48128K Free: 24050K (50%)
ptolemy.util.test.WatchDog.cancel(): canceling Mon Dec 16 06:28:12 UTC 2019
------------------ testing $PTII/ptolemy/domains/de/test/auto/Time.xml
auto.tcl: Setting watchdog for 200 seconds at Mon Dec 16 06:28:12 UTC 2019
594 ms. Memory: 80896K Free: 35515K (44%)
ptolemy.util.test.WatchDog.cancel(): canceling Mon Dec 16 06:28:12 UTC 2019
auto.tcl: Setting watchdog for 200 seconds at Mon Dec 16 06:28:12 UTC 2019
585 ms. Memory: 80896K Free: 24969K (31%)
ptolemy.util.test.WatchDog.cancel(): canceling Mon Dec 16 06:28:13 UTC 2019
------------------ testing $PTII/ptolemy/domains/de/test/auto/TimeDelayZeroDelay.xml
auto.tcl: Setting watchdog for 200 seconds at Mon Dec 16 06:28:13 UTC 2019
3 ms. Memory: 51200K Free: 33707K (66%)
ptolemy.util.test.WatchDog.cancel(): canceling Mon Dec 16 06:28:13 UTC 2019
auto.tcl: Setting watchdog for 200 seconds at Mon Dec 16 06:28:13 UTC 2019
2 ms. Memory: 51200K Free: 32941K (64%)
ptolemy.util.test.WatchDog.cancel(): canceling Mon Dec 16 06:28:13 UTC 2019
------------------ testing $PTII/ptolemy/domains/de/test/auto/TimerZeroDelay.xml
auto.tcl: Setting watchdog for 200 seconds at Mon Dec 16 06:28:13 UTC 2019
4 ms. Memory: 51200K Free: 33751K (66%)
ptolemy.util.test.WatchDog.cancel(): canceling Mon Dec 16 06:28:13 UTC 2019
auto.tcl: Setting watchdog for 200 seconds at Mon Dec 16 06:28:13 UTC 2019
2 ms. Memory: 51200K Free: 32946K (64%)
ptolemy.util.test.WatchDog.cancel(): canceling Mon Dec 16 06:28:13 UTC 2019
------------------ testing $PTII/ptolemy/domains/de/test/auto/TimingParadox.xml
auto.tcl: Setting watchdog for 200 seconds at Mon Dec 16 06:28:13 UTC 2019
463 ms. Memory: 48128K Free: 14944K (31%)
ptolemy.util.test.WatchDog.cancel(): canceling Mon Dec 16 06:28:14 UTC 2019
auto.tcl: Setting watchdog for 200 seconds at Mon Dec 16 06:28:14 UTC 2019
375 ms. Memory: 48128K Free: 28191K (59%)
ptolemy.util.test.WatchDog.cancel(): canceling Mon Dec 16 06:28:14 UTC 2019
------------------ testing $PTII/ptolemy/domains/de/test/auto/TransferInputs.xml
auto.tcl: Setting watchdog for 200 seconds at Mon Dec 16 06:28:14 UTC 2019
2 ms. Memory: 48128K Free: 28770K (60%)
ptolemy.util.test.WatchDog.cancel(): canceling Mon Dec 16 06:28:14 UTC 2019
auto.tcl: Setting watchdog for 200 seconds at Mon Dec 16 06:28:14 UTC 2019
2 ms. Memory: 48128K Free: 27885K (58%)
ptolemy.util.test.WatchDog.cancel(): canceling Mon Dec 16 06:28:14 UTC 2019
------------------ testing $PTII/ptolemy/domains/de/test/auto/TransferOutputs2.xml
auto.tcl: Setting watchdog for 200 seconds at Mon Dec 16 06:28:14 UTC 2019
2 ms. Memory: 48128K Free: 26199K (54%)
ptolemy.util.test.WatchDog.cancel(): canceling Mon Dec 16 06:28:14 UTC 2019
auto.tcl: Setting watchdog for 200 seconds at Mon Dec 16 06:28:14 UTC 2019
2 ms. Memory: 48128K Free: 24830K (52%)
ptolemy.util.test.WatchDog.cancel(): canceling Mon Dec 16 06:28:14 UTC 2019
------------------ testing $PTII/ptolemy/domains/de/test/auto/Trilateration.xml
auto.tcl: Setting watchdog for 200 seconds at Mon Dec 16 06:28:14 UTC 2019
14007 ms. Memory: 403456K Free: 273184K (68%)
ptolemy.util.test.WatchDog.cancel(): canceling Mon Dec 16 06:28:30 UTC 2019
auto.tcl: Setting watchdog for 200 seconds at Mon Dec 16 06:28:30 UTC 2019
11089 ms. Memory: 403456K Free: 261268K (65%)
ptolemy.util.test.WatchDog.cancel(): canceling Mon Dec 16 06:28:41 UTC 2019
------------------ testing $PTII/ptolemy/domains/de/test/auto/TwoSigmaDelta.xml
auto.tcl: Setting watchdog for 200 seconds at Mon Dec 16 06:28:41 UTC 2019
2797 ms. Memory: 89088K Free: 25341K (28%)
ptolemy.util.test.WatchDog.cancel(): canceling Mon Dec 16 06:28:44 UTC 2019
auto.tcl: Setting watchdog for 200 seconds at Mon Dec 16 06:28:44 UTC 2019
2052 ms. Memory: 89088K Free: 20762K (23%)
ptolemy.util.test.WatchDog.cancel(): canceling Mon Dec 16 06:28:46 UTC 2019
------------------ testing $PTII/ptolemy/domains/de/test/auto/VariableDelay.xml
auto.tcl: Setting watchdog for 200 seconds at Mon Dec 16 06:28:46 UTC 2019
3 ms. Memory: 51200K Free: 32304K (63%)
ptolemy.util.test.WatchDog.cancel(): canceling Mon Dec 16 06:28:46 UTC 2019
auto.tcl: Setting watchdog for 200 seconds at Mon Dec 16 06:28:46 UTC 2019
2 ms. Memory: 51200K Free: 31310K (61%)
ptolemy.util.test.WatchDog.cancel(): canceling Mon Dec 16 06:28:46 UTC 2019
------------------ testing $PTII/ptolemy/domains/de/test/auto/VariableDelay2.xml
auto.tcl: Setting watchdog for 200 seconds at Mon Dec 16 06:28:46 UTC 2019
8 ms. Memory: 51200K Free: 32933K (64%)
ptolemy.util.test.WatchDog.cancel(): canceling Mon Dec 16 06:28:46 UTC 2019
auto.tcl: Setting watchdog for 200 seconds at Mon Dec 16 06:28:46 UTC 2019
2 ms. Memory: 51200K Free: 32405K (63%)
ptolemy.util.test.WatchDog.cancel(): canceling Mon Dec 16 06:28:46 UTC 2019
------------------ testing $PTII/ptolemy/domains/de/test/auto/VariableDelayZeroDelay.xml
auto.tcl: Setting watchdog for 200 seconds at Mon Dec 16 06:28:46 UTC 2019
2 ms. Memory: 51200K Free: 33246K (65%)
ptolemy.util.test.WatchDog.cancel(): canceling Mon Dec 16 06:28:46 UTC 2019
auto.tcl: Setting watchdog for 200 seconds at Mon Dec 16 06:28:46 UTC 2019
2 ms. Memory: 51200K Free: 32702K (64%)
ptolemy.util.test.WatchDog.cancel(): canceling Mon Dec 16 06:28:46 UTC 2019
------------------ testing $PTII/ptolemy/domains/de/test/auto/VariableDelayZeroDelay2.xml
auto.tcl: Setting watchdog for 200 seconds at Mon Dec 16 06:28:46 UTC 2019
2 ms. Memory: 51200K Free: 33245K (65%)
ptolemy.util.test.WatchDog.cancel(): canceling Mon Dec 16 06:28:46 UTC 2019
auto.tcl: Setting watchdog for 200 seconds at Mon Dec 16 06:28:46 UTC 2019
2 ms. Memory: 51200K Free: 32221K (63%)
ptolemy.util.test.WatchDog.cancel(): canceling Mon Dec 16 06:28:46 UTC 2019
------------------ testing $PTII/ptolemy/domains/de/test/auto/deInCt.xml
auto.tcl: Setting watchdog for 200 seconds at Mon Dec 16 06:28:46 UTC 2019
0
1
1
1
0
0
0
1
1
1
0
0
0
0
0
1
1
1
0
0
0
1
1
1
1
0
0
0
1
1
1
0
0
0
0
1
1
1
0
0
0
0
0
19 ms. Memory: 51200K Free: 32218K (63%)
ptolemy.util.test.WatchDog.cancel(): canceling Mon Dec 16 06:28:46 UTC 2019
auto.tcl: Setting watchdog for 200 seconds at Mon Dec 16 06:28:46 UTC 2019
0
1
1
1
0
0
0
1
1
1
1
1
0
0
0
1
1
1
0
0
0
1
1
1
0
0
0
1
1
1
1
0
0
0
1
1
1
0
0
0
0
0
8 ms. Memory: 51200K Free: 30680K (60%)
ptolemy.util.test.WatchDog.cancel(): canceling Mon Dec 16 06:28:46 UTC 2019
------------------ testing $PTII/ptolemy/domains/de/test/auto/deInCt2.xml
auto.tcl: Setting watchdog for 200 seconds at Mon Dec 16 06:28:46 UTC 2019
0
1
1
1
0
0
1
1
1
0
0
1
1
1
0
0
1
1
1
0
0
1
1
1
0
0
1
1
1
0
0
1
1
1
0
0
1
1
1
0
0
0
15 ms. Memory: 48128K Free: 29147K (61%)
ptolemy.util.test.WatchDog.cancel(): canceling Mon Dec 16 06:28:46 UTC 2019
auto.tcl: Setting watchdog for 200 seconds at Mon Dec 16 06:28:46 UTC 2019
0
1
1
1
0
0
1
1
1
0
0
1
1
1
0
0
1
1
1
0
0
1
1
1
0
0
1
1
1
0
0
1
1
1
0
0
1
1
1
0
0
0
8 ms. Memory: 48128K Free: 27634K (57%)
ptolemy.util.test.WatchDog.cancel(): canceling Mon Dec 16 06:28:46 UTC 2019
------------------ testing $PTII/ptolemy/domains/de/test/auto/dynamicCausalityInterface1.xml
auto.tcl: Setting watchdog for 200 seconds at Mon Dec 16 06:28:46 UTC 2019
2 ms. Memory: 48128K Free: 24496K (51%)
ptolemy.util.test.WatchDog.cancel(): canceling Mon Dec 16 06:28:46 UTC 2019
auto.tcl: Setting watchdog for 200 seconds at Mon Dec 16 06:28:46 UTC 2019
1 ms. Memory: 48128K Free: 24022K (50%)
ptolemy.util.test.WatchDog.cancel(): canceling Mon Dec 16 06:28:46 UTC 2019
------------------ testing $PTII/ptolemy/domains/de/test/auto/fsm_de_test.xml
auto.tcl: Setting watchdog for 200 seconds at Mon Dec 16 06:28:46 UTC 2019
12 ms. Memory: 48128K Free: 25112K (52%)
ptolemy.util.test.WatchDog.cancel(): canceling Mon Dec 16 06:28:46 UTC 2019
auto.tcl: Setting watchdog for 200 seconds at Mon Dec 16 06:28:46 UTC 2019
6 ms. Memory: 48128K Free: 22950K (48%)
ptolemy.util.test.WatchDog.cancel(): canceling Mon Dec 16 06:28:46 UTC 2019
------------------ testing $PTII/ptolemy/domains/de/test/auto/functionDependencyReconstruction.xml
auto.tcl: Setting watchdog for 200 seconds at Mon Dec 16 06:28:46 UTC 2019
7 ms. Memory: 48128K Free: 18903K (39%)
ptolemy.util.test.WatchDog.cancel(): canceling Mon Dec 16 06:28:46 UTC 2019
auto.tcl: Setting watchdog for 200 seconds at Mon Dec 16 06:28:46 UTC 2019
2 ms. Memory: 48128K Free: 16781K (35%)
ptolemy.util.test.WatchDog.cancel(): canceling Mon Dec 16 06:28:46 UTC 2019
------------------ testing $PTII/ptolemy/domains/de/test/auto/multirate.xml
auto.tcl: Setting watchdog for 200 seconds at Mon Dec 16 06:28:46 UTC 2019
3 ms. Memory: 48128K Free: 27590K (57%)
ptolemy.util.test.WatchDog.cancel(): canceling Mon Dec 16 06:28:46 UTC 2019
auto.tcl: Setting watchdog for 200 seconds at Mon Dec 16 06:28:46 UTC 2019
3 ms. Memory: 48128K Free: 25895K (54%)
ptolemy.util.test.WatchDog.cancel(): canceling Mon Dec 16 06:28:46 UTC 2019
------------------ testing $PTII/ptolemy/domains/de/test/auto/multirate2.xml
auto.tcl: Setting watchdog for 200 seconds at Mon Dec 16 06:28:47 UTC 2019
3 ms. Memory: 48128K Free: 27771K (58%)
ptolemy.util.test.WatchDog.cancel(): canceling Mon Dec 16 06:28:47 UTC 2019
auto.tcl: Setting watchdog for 200 seconds at Mon Dec 16 06:28:47 UTC 2019
3 ms. Memory: 48128K Free: 26084K (54%)
ptolemy.util.test.WatchDog.cancel(): canceling Mon Dec 16 06:28:47 UTC 2019
------------------ testing $PTII/ptolemy/domains/de/test/auto/realtime.xml
auto.tcl: Setting watchdog for 200 seconds at Mon Dec 16 06:28:47 UTC 2019
10002 ms. Memory: 48128K Free: 29834K (62%)
ptolemy.util.test.WatchDog.cancel(): canceling Mon Dec 16 06:28:57 UTC 2019
auto.tcl: Setting watchdog for 200 seconds at Mon Dec 16 06:28:57 UTC 2019
10001 ms. Memory: 48128K Free: 29092K (60%)
ptolemy.util.test.WatchDog.cancel(): canceling Mon Dec 16 06:29:07 UTC 2019
------------------ testing $PTII/ptolemy/domains/de/test/auto/relationGroup.xml
auto.tcl: Setting watchdog for 200 seconds at Mon Dec 16 06:29:07 UTC 2019
2 ms. Memory: 48128K Free: 30895K (64%)
ptolemy.util.test.WatchDog.cancel(): canceling Mon Dec 16 06:29:07 UTC 2019
auto.tcl: Setting watchdog for 200 seconds at Mon Dec 16 06:29:07 UTC 2019
2 ms. Memory: 48128K Free: 30178K (63%)
ptolemy.util.test.WatchDog.cancel(): canceling Mon Dec 16 06:29:07 UTC 2019
------------------ testing $PTII/ptolemy/domains/de/test/auto/relationGroup2.xml
auto.tcl: Setting watchdog for 200 seconds at Mon Dec 16 06:29:07 UTC 2019
1 ms. Memory: 48128K Free: 30955K (64%)
ptolemy.util.test.WatchDog.cancel(): canceling Mon Dec 16 06:29:07 UTC 2019
auto.tcl: Setting watchdog for 200 seconds at Mon Dec 16 06:29:07 UTC 2019
1 ms. Memory: 48128K Free: 30199K (63%)
ptolemy.util.test.WatchDog.cancel(): canceling Mon Dec 16 06:29:07 UTC 2019
------------------ testing $PTII/ptolemy/domains/de/test/auto/sortWithOpaquePorts.xml
auto.tcl: Setting watchdog for 200 seconds at Mon Dec 16 06:29:07 UTC 2019
1 ms. Memory: 48128K Free: 29687K (62%)
ptolemy.util.test.WatchDog.cancel(): canceling Mon Dec 16 06:29:07 UTC 2019
auto.tcl: Setting watchdog for 200 seconds at Mon Dec 16 06:29:07 UTC 2019
2 ms. Memory: 48128K Free: 28657K (60%)
ptolemy.util.test.WatchDog.cancel(): canceling Mon Dec 16 06:29:07 UTC 2019
------------------ testing $PTII/ptolemy/domains/de/test/auto/transferInputsandOutputs.xml
auto.tcl: Setting watchdog for 200 seconds at Mon Dec 16 06:29:07 UTC 2019
2 ms. Memory: 48128K Free: 27116K (56%)
ptolemy.util.test.WatchDog.cancel(): canceling Mon Dec 16 06:29:07 UTC 2019
auto.tcl: Setting watchdog for 200 seconds at Mon Dec 16 06:29:07 UTC 2019
2 ms. Memory: 48128K Free: 26126K (54%)
ptolemy.util.test.WatchDog.cancel(): canceling Mon Dec 16 06:29:07 UTC 2019
------------------ testing $PTII/ptolemy/domains/de/test/auto/triggerType.xml
auto.tcl: Setting watchdog for 200 seconds at Mon Dec 16 06:29:07 UTC 2019
1 ms. Memory: 48128K Free: 30141K (63%)
ptolemy.util.test.WatchDog.cancel(): canceling Mon Dec 16 06:29:07 UTC 2019
auto.tcl: Setting watchdog for 200 seconds at Mon Dec 16 06:29:07 UTC 2019
1 ms. Memory: 48128K Free: 29117K (60%)
ptolemy.util.test.WatchDog.cancel(): canceling Mon Dec 16 06:29:07 UTC 2019
12/16/19 06:29:07
Failed: 0  Total Tests: 192  ((Passed: 187, Newly Passed: 1)  Known Failed: 5) /home/travis/build/icyphy/ptII/ptolemy/domains/de/test
12/16/19 06:29:07
Failed: 0  Total Tests: 192  ((Passed: 187, Newly Passed: 1)  Known Failed: 5) /home/travis/build/icyphy/ptII/ptolemy/domains/de/test
----------------- testing (KnownFailure) /home/travis/build/icyphy/ptII/ptolemy/domains/de/test/auto/knownFailedTests/DESDFClockTest.xml
2012 ms. Memory: 48128K Free: 23025K (48%)
Known Failure: java.lang.reflect.InvocationTargetException
----------------- testing (KnownFailure) /home/travis/build/icyphy/ptII/ptolemy/domains/de/test/auto/knownFailedTests/DirectFeedback.xml
2 ms. Memory: 48128K Free: 19439K (40%)
Known Failure: java.lang.reflect.InvocationTargetException
----------------- testing (KnownFailure) /home/travis/build/icyphy/ptII/ptolemy/domains/de/test/auto/knownFailedTests/FSMSource.xml
15 ms. Memory: 48128K Free: 11233K (23%)
----------------- testing (KnownFailure) /home/travis/build/icyphy/ptII/ptolemy/domains/de/test/auto/knownFailedTests/HierarchicalModel.xml
5 ms. Memory: 48128K Free: 21129K (44%)
Known Failure: java.lang.reflect.InvocationTargetException
----------------- testing (KnownFailure) /home/travis/build/icyphy/ptII/ptolemy/domains/de/test/auto/knownFailedTests/dependencyLoop.xml
3 ms. Memory: 48128K Free: 31423K (65%)
Known Failure: java.lang.reflect.InvocationTargetException
----------------- testing (KnownFailure) /home/travis/build/icyphy/ptII/ptolemy/domains/de/test/auto/knownFailedTests/dependencyLoop2.xml
3 ms. Memory: 48128K Free: 16049K (33%)
Known Failure: java.lang.reflect.InvocationTargetException
No auto/linux-amd64/*.xml tests in /home/travis/build/icyphy/ptII/ptolemy/domains/de/test
AutoTests.java: About to close Vertx.
AutoTests.java: Vertx closed.

===========================================================================================
----------------- testing Mon Dec 16 06:29:09 UTC 2019 /home/travis/build/icyphy/ptII/ptolemy/domains/de/test/auto/ActorDepthCalculation_actorWithoutPorts.xml
----------------- Instantiating /home/travis/build/icyphy/ptII/ptolemy/domains/de/test/auto/ActorDepthCalculation_actorWithoutPorts.xml
2 ms. Memory: 48128K Free: 9561K (20%)
----------------- Invoking toplevel() on ptolemy.moml.MoMLSimpleApplication@4cfe7df7
----------------- Done invoking toplevel() on ptolemy.moml.MoMLSimpleApplication@4cfe7df7
reloadAllAccessors: .ActorDepthCalculation_actorWithoutPorts

===========================================================================================
----------------- testing Mon Dec 16 06:29:09 UTC 2019 /home/travis/build/icyphy/ptII/ptolemy/domains/de/test/auto/AssemblyLine.xml
----------------- Instantiating /home/travis/build/icyphy/ptII/ptolemy/domains/de/test/auto/AssemblyLine.xml
4 ms. Memory: 48128K Free: 27763K (58%)
----------------- Invoking toplevel() on ptolemy.moml.MoMLSimpleApplication@3e810b4d
----------------- Done invoking toplevel() on ptolemy.moml.MoMLSimpleApplication@3e810b4d
reloadAllAccessors: .AssemblyLine

===========================================================================================
----------------- testing Mon Dec 16 06:29:09 UTC 2019 /home/travis/build/icyphy/ptII/ptolemy/domains/de/test/auto/CQBug1.xml
----------------- Instantiating /home/travis/build/icyphy/ptII/ptolemy/domains/de/test/auto/CQBug1.xml
1 ms. Memory: 48128K Free: 24691K (51%)
----------------- Invoking toplevel() on ptolemy.moml.MoMLSimpleApplication@5af4269d
----------------- Done invoking toplevel() on ptolemy.moml.MoMLSimpleApplication@5af4269d
reloadAllAccessors: .CQBug1

===========================================================================================
----------------- testing Mon Dec 16 06:29:09 UTC 2019 /home/travis/build/icyphy/ptII/ptolemy/domains/de/test/auto/CancelFireAt.xml
----------------- Instantiating /home/travis/build/icyphy/ptII/ptolemy/domains/de/test/auto/CancelFireAt.xml
7 ms. Memory: 48128K Free: 22097K (46%)
----------------- Invoking toplevel() on ptolemy.moml.MoMLSimpleApplication@2832df46
----------------- Done invoking toplevel() on ptolemy.moml.MoMLSimpleApplication@2832df46
reloadAllAccessors: .CancelFireAt

===========================================================================================
----------------- testing Mon Dec 16 06:29:09 UTC 2019 /home/travis/build/icyphy/ptII/ptolemy/domains/de/test/auto/CausalityAndComposabilityAnalysis.xml
----------------- Instantiating /home/travis/build/icyphy/ptII/ptolemy/domains/de/test/auto/CausalityAndComposabilityAnalysis.xml
2 ms. Memory: 48128K Free: 17993K (37%)
----------------- Invoking toplevel() on ptolemy.moml.MoMLSimpleApplication@7d041765
----------------- Done invoking toplevel() on ptolemy.moml.MoMLSimpleApplication@7d041765
reloadAllAccessors: .CausalityAndComposabilityAnalysis

===========================================================================================
----------------- testing Mon Dec 16 06:29:09 UTC 2019 /home/travis/build/icyphy/ptII/ptolemy/domains/de/test/auto/CausalityInterface1.xml
----------------- Instantiating /home/travis/build/icyphy/ptII/ptolemy/domains/de/test/auto/CausalityInterface1.xml
6 ms. Memory: 48128K Free: 12586K (26%)
----------------- Invoking toplevel() on ptolemy.moml.MoMLSimpleApplication@755df798
----------------- Done invoking toplevel() on ptolemy.moml.MoMLSimpleApplication@755df798
reloadAllAccessors: .CausalityInterface1

===========================================================================================
----------------- testing Mon Dec 16 06:29:09 UTC 2019 /home/travis/build/icyphy/ptII/ptolemy/domains/de/test/auto/CausalityInterface15.xml
----------------- Instantiating /home/travis/build/icyphy/ptII/ptolemy/domains/de/test/auto/CausalityInterface15.xml
8 ms. Memory: 48128K Free: 33019K (69%)
----------------- Invoking toplevel() on ptolemy.moml.MoMLSimpleApplication@61f967eb
----------------- Done invoking toplevel() on ptolemy.moml.MoMLSimpleApplication@61f967eb
reloadAllAccessors: .CausalityInterface15

===========================================================================================
----------------- testing Mon Dec 16 06:29:10 UTC 2019 /home/travis/build/icyphy/ptII/ptolemy/domains/de/test/auto/CausalityInterface2.xml
----------------- Instantiating /home/travis/build/icyphy/ptII/ptolemy/domains/de/test/auto/CausalityInterface2.xml
2 ms. Memory: 48128K Free: 28111K (58%)
[...]
	at ptolemy.actor.Manager.run(Manager.java:1263)
	at ptolemy.actor.Manager$PtolemyRunThread.run(Manager.java:1933)
java.lang.RuntimeException: Execution failed
	at ptolemy.moml.MoMLSimpleApplication$UnloadThread.run(MoMLSimpleApplication.java:402)
Caused by: ptolemy.kernel.util.IllegalActionException: Actor is not ready to fire.  Perhaps UpSample.prefire() returned false? Try debugging the actor by selecting "Listen to Actor".  Also, for SDF check moml for tokenConsumptionRate on input.
  in .DESDFClockTest.Play Bell.Copy1:SDF Director and .DESDFClockTest.Play Bell.UpSample
	at ptolemy.actor.sched.StaticSchedulingDirector.fire(StaticSchedulingDirector.java:227)
	at ptolemy.domains.sdf.kernel.SDFDirector.fire(SDFDirector.java:500)
	at ptolemy.actor.CompositeActor.fire(CompositeActor.java:455)
	at ptolemy.domains.de.kernel.DEDirector._fire(DEDirector.java:1949)
	at ptolemy.domains.de.kernel.DEDirector.fire(DEDirector.java:502)
	at ptolemy.actor.CompositeActor.fire(CompositeActor.java:455)
	at ptolemy.actor.Manager.iterate(Manager.java:851)
	at ptolemy.actor.Manager.execute(Manager.java:369)
	at ptolemy.actor.Manager.run(Manager.java:1263)
	at ptolemy.actor.Manager$PtolemyRunThread.run(Manager.java:1933)
java.lang.reflect.InvocationTargetException
	at java.base/jdk.internal.reflect.NativeConstructorAccessorImpl.newInstance0(Native Method)
	at java.base/jdk.internal.reflect.NativeConstructorAccessorImpl.newInstance(NativeConstructorAccessorImpl.java:62)
	at java.base/jdk.internal.reflect.DelegatingConstructorAccessorImpl.newInstance(DelegatingConstructorAccessorImpl.java:45)
	at java.base/java.lang.reflect.Constructor.newInstance(Constructor.java:490)
	at ptolemy.util.test.junit.AutoKnownFailedTests.RunModel(AutoKnownFailedTests.java:105)
	at java.base/jdk.internal.reflect.NativeMethodAccessorImpl.invoke0(Native Method)
	at java.base/jdk.internal.reflect.NativeMethodAccessorImpl.invoke(NativeMethodAccessorImpl.java:62)
	at java.base/jdk.internal.reflect.DelegatingMethodAccessorImpl.invoke(DelegatingMethodAccessorImpl.java:43)
	at java.base/java.lang.reflect.Method.invoke(Method.java:566)
	at org.junit.runners.model.FrameworkMethod$1.runReflectiveCall(FrameworkMethod.java:44)
	at org.junit.internal.runners.model.ReflectiveCallable.run(ReflectiveCallable.java:15)
	at org.junit.runners.model.FrameworkMethod.invokeExplosively(FrameworkMethod.java:41)
	at junitparams.internal.InvokeParameterisedMethod.evaluate(InvokeParameterisedMethod.java:102)
	at org.junit.internal.runners.statements.FailOnTimeout$1.run(FailOnTimeout.java:28)
Caused by: ptolemy.kernel.util.IllegalActionException: Actor is not ready to fire.  Perhaps UpSample.prefire() returned false? Try debugging the actor by selecting "Listen to Actor".  Also, for SDF check moml for tokenConsumptionRate on input.
  in .DESDFClockTest.Play Bell.Copy1:SDF Director and .DESDFClockTest.Play Bell.UpSample
	at ptolemy.actor.sched.StaticSchedulingDirector.fire(StaticSchedulingDirector.java:227)
	at ptolemy.domains.sdf.kernel.SDFDirector.fire(SDFDirector.java:500)
	at ptolemy.actor.CompositeActor.fire(CompositeActor.java:455)
	at ptolemy.domains.de.kernel.DEDirector._fire(DEDirector.java:1949)
	at ptolemy.domains.de.kernel.DEDirector.fire(DEDirector.java:502)
	at ptolemy.actor.CompositeActor.fire(CompositeActor.java:455)
	at ptolemy.actor.Manager.iterate(Manager.java:851)
	at ptolemy.actor.Manager.execute(Manager.java:369)
	at ptolemy.actor.Manager.run(Manager.java:1263)
	at ptolemy.actor.Manager$PtolemyRunThread.run(Manager.java:1933)
java.lang.RuntimeException: Execution failed
	at ptolemy.moml.MoMLSimpleApplication$UnloadThread.run(MoMLSimpleApplication.java:402)
Caused by: ptolemy.kernel.util.IllegalActionException: Test fails in iteration 1.
Value was: 1.0. Should have been: 2.0
  in .DirectFeedback.Test
	at ptolemy.actor.lib.Test.fire(Test.java:268)
	at ptolemy.domains.de.kernel.DEDirector._fire(DEDirector.java:1949)
	at ptolemy.domains.de.kernel.DEDirector.fire(DEDirector.java:502)
	at ptolemy.actor.CompositeActor.fire(CompositeActor.java:455)
	at ptolemy.actor.Manager.iterate(Manager.java:851)
	at ptolemy.actor.Manager.execute(Manager.java:369)
	at ptolemy.actor.Manager.run(Manager.java:1263)
	at ptolemy.actor.Manager$PtolemyRunThread.run(Manager.java:1933)
java.lang.reflect.InvocationTargetException
	at java.base/jdk.internal.reflect.NativeConstructorAccessorImpl.newInstance0(Native Method)
	at java.base/jdk.internal.reflect.NativeConstructorAccessorImpl.newInstance(NativeConstructorAccessorImpl.java:62)
	at java.base/jdk.internal.reflect.DelegatingConstructorAccessorImpl.newInstance(DelegatingConstructorAccessorImpl.java:45)
	at java.base/java.lang.reflect.Constructor.newInstance(Constructor.java:490)
	at ptolemy.util.test.junit.AutoKnownFailedTests.RunModel(AutoKnownFailedTests.java:105)
	at java.base/jdk.internal.reflect.NativeMethodAccessorImpl.invoke0(Native Method)
	at java.base/jdk.internal.reflect.NativeMethodAccessorImpl.invoke(NativeMethodAccessorImpl.java:62)
	at java.base/jdk.internal.reflect.DelegatingMethodAccessorImpl.invoke(DelegatingMethodAccessorImpl.java:43)
	at java.base/java.lang.reflect.Method.invoke(Method.java:566)
	at org.junit.runners.model.FrameworkMethod$1.runReflectiveCall(FrameworkMethod.java:44)
	at org.junit.internal.runners.model.ReflectiveCallable.run(ReflectiveCallable.java:15)
	at org.junit.runners.model.FrameworkMethod.invokeExplosively(FrameworkMethod.java:41)
	at junitparams.internal.InvokeParameterisedMethod.evaluate(InvokeParameterisedMethod.java:102)
	at org.junit.internal.runners.statements.FailOnTimeout$1.run(FailOnTimeout.java:28)
Caused by: ptolemy.kernel.util.IllegalActionException: Test fails in iteration 1.
Value was: 1.0. Should have been: 2.0
  in .DirectFeedback.Test
	at ptolemy.actor.lib.Test.fire(Test.java:268)
	at ptolemy.domains.de.kernel.DEDirector._fire(DEDirector.java:1949)
	at ptolemy.domains.de.kernel.DEDirector.fire(DEDirector.java:502)
	at ptolemy.actor.CompositeActor.fire(CompositeActor.java:455)
	at ptolemy.actor.Manager.iterate(Manager.java:851)
	at ptolemy.actor.Manager.execute(Manager.java:369)
	at ptolemy.actor.Manager.run(Manager.java:1263)
	at ptolemy.actor.Manager$PtolemyRunThread.run(Manager.java:1933)
java.lang.RuntimeException: Execution failed
	at ptolemy.moml.MoMLSimpleApplication$UnloadThread.run(MoMLSimpleApplication.java:402)
Caused by: ptolemy.kernel.util.IllegalActionException: Found a zero delay loop containing .HierarchicalModel.A
  in .HierarchicalModel and .HierarchicalModel.A
	at ptolemy.actor.util.CausalityInterfaceForComposites._computeOutputPortDepth(CausalityInterfaceForComposites.java:759)
	at ptolemy.actor.util.CausalityInterfaceForComposites._computeInputDepth(CausalityInterfaceForComposites.java:696)
	at ptolemy.actor.util.CausalityInterfaceForComposites._computeOutputPortDepth(CausalityInterfaceForComposites.java:765)
	at ptolemy.actor.util.CausalityInterfaceForComposites._computeInputDepth(CausalityInterfaceForComposites.java:696)
	at ptolemy.actor.util.CausalityInterfaceForComposites._computeOutputPortDepth(CausalityInterfaceForComposites.java:765)
	at ptolemy.actor.util.CausalityInterfaceForComposites._computeInputDepth(CausalityInterfaceForComposites.java:696)
	at ptolemy.actor.util.CausalityInterfaceForComposites._computeActorDepth(CausalityInterfaceForComposites.java:532)
	at ptolemy.actor.util.CausalityInterfaceForComposites.checkForCycles(CausalityInterfaceForComposites.java:96)
	at ptolemy.domains.de.kernel.DEDirector.preinitialize(DEDirector.java:1338)
	at ptolemy.actor.CompositeActor.preinitialize(CompositeActor.java:1828)
	at ptolemy.actor.Manager.preinitializeAndResolveTypes(Manager.java:1040)
	at ptolemy.actor.Manager.initialize(Manager.java:710)
	at ptolemy.actor.Manager.execute(Manager.java:356)
	at ptolemy.actor.Manager.run(Manager.java:1263)
	at ptolemy.actor.Manager$PtolemyRunThread.run(Manager.java:1933)
java.lang.reflect.InvocationTargetException
	at java.base/jdk.internal.reflect.NativeConstructorAccessorImpl.newInstance0(Native Method)
	at java.base/jdk.internal.reflect.NativeConstructorAccessorImpl.newInstance(NativeConstructorAccessorImpl.java:62)
	at java.base/jdk.internal.reflect.DelegatingConstructorAccessorImpl.newInstance(DelegatingConstructorAccessorImpl.java:45)
	at java.base/java.lang.reflect.Constructor.newInstance(Constructor.java:490)
	at ptolemy.util.test.junit.AutoKnownFailedTests.RunModel(AutoKnownFailedTests.java:105)
	at java.base/jdk.internal.reflect.NativeMethodAccessorImpl.invoke0(Native Method)
	at java.base/jdk.internal.reflect.NativeMethodAccessorImpl.invoke(NativeMethodAccessorImpl.java:62)
	at java.base/jdk.internal.reflect.DelegatingMethodAccessorImpl.invoke(DelegatingMethodAccessorImpl.java:43)
	at java.base/java.lang.reflect.Method.invoke(Method.java:566)
	at org.junit.runners.model.FrameworkMethod$1.runReflectiveCall(FrameworkMethod.java:44)
	at org.junit.internal.runners.model.ReflectiveCallable.run(ReflectiveCallable.java:15)
	at org.junit.runners.model.FrameworkMethod.invokeExplosively(FrameworkMethod.java:41)
	at junitparams.internal.InvokeParameterisedMethod.evaluate(InvokeParameterisedMethod.java:102)
	at org.junit.internal.runners.statements.FailOnTimeout$1.run(FailOnTimeout.java:28)
Caused by: ptolemy.kernel.util.IllegalActionException: Found a zero delay loop containing .HierarchicalModel.A
  in .HierarchicalModel and .HierarchicalModel.A
	at ptolemy.actor.util.CausalityInterfaceForComposites._computeOutputPortDepth(CausalityInterfaceForComposites.java:759)
	at ptolemy.actor.util.CausalityInterfaceForComposites._computeInputDepth(CausalityInterfaceForComposites.java:696)
	at ptolemy.actor.util.CausalityInterfaceForComposites._computeOutputPortDepth(CausalityInterfaceForComposites.java:765)
	at ptolemy.actor.util.CausalityInterfaceForComposites._computeInputDepth(CausalityInterfaceForComposites.java:696)
	at ptolemy.actor.util.CausalityInterfaceForComposites._computeOutputPortDepth(CausalityInterfaceForComposites.java:765)
	at ptolemy.actor.util.CausalityInterfaceForComposites._computeInputDepth(CausalityInterfaceForComposites.java:696)
	at ptolemy.actor.util.CausalityInterfaceForComposites._computeActorDepth(CausalityInterfaceForComposites.java:532)
	at ptolemy.actor.util.CausalityInterfaceForComposites.checkForCycles(CausalityInterfaceForComposites.java:96)
	at ptolemy.domains.de.kernel.DEDirector.preinitialize(DEDirector.java:1338)
	at ptolemy.actor.CompositeActor.preinitialize(CompositeActor.java:1828)
	at ptolemy.actor.Manager.preinitializeAndResolveTypes(Manager.java:1040)
	at ptolemy.actor.Manager.initialize(Manager.java:710)
	at ptolemy.actor.Manager.execute(Manager.java:356)
	at ptolemy.actor.Manager.run(Manager.java:1263)
	at ptolemy.actor.Manager$PtolemyRunThread.run(Manager.java:1933)
java.lang.RuntimeException: Execution failed
	at ptolemy.moml.MoMLSimpleApplication$UnloadThread.run(MoMLSimpleApplication.java:402)
Caused by: ptolemy.kernel.util.IllegalActionException: Found a zero delay loop containing .dependencyLoop.original
  in .dependencyLoop and .dependencyLoop.original
	at ptolemy.actor.util.CausalityInterfaceForComposites._computeOutputPortDepth(CausalityInterfaceForComposites.java:759)
	at ptolemy.actor.util.CausalityInterfaceForComposites._computeInputDepth(CausalityInterfaceForComposites.java:696)
	at ptolemy.actor.util.CausalityInterfaceForComposites._computeOutputPortDepth(CausalityInterfaceForComposites.java:765)
	at ptolemy.actor.util.CausalityInterfaceForComposites._computeInputDepth(CausalityInterfaceForComposites.java:696)
	at ptolemy.actor.util.CausalityInterfaceForComposites._computeOutputPortDepth(CausalityInterfaceForComposites.java:765)
	at ptolemy.actor.util.CausalityInterfaceForComposites._computeInputDepth(CausalityInterfaceForComposites.java:696)
	at ptolemy.actor.util.CausalityInterfaceForComposites._computeActorDepth(CausalityInterfaceForComposites.java:532)
	at ptolemy.actor.util.CausalityInterfaceForComposites.checkForCycles(CausalityInterfaceForComposites.java:96)
	at ptolemy.domains.de.kernel.DEDirector.preinitialize(DEDirector.java:1338)
	at ptolemy.actor.CompositeActor.preinitialize(CompositeActor.java:1828)
	at ptolemy.actor.Manager.preinitializeAndResolveTypes(Manager.java:1040)
	at ptolemy.actor.Manager.initialize(Manager.java:710)
	at ptolemy.actor.Manager.execute(Manager.java:356)
	at ptolemy.actor.Manager.run(Manager.java:1263)
	at ptolemy.actor.Manager$PtolemyRunThread.run(Manager.java:1933)
java.lang.reflect.InvocationTargetException
	at java.base/jdk.internal.reflect.NativeConstructorAccessorImpl.newInstance0(Native Method)
	at java.base/jdk.internal.reflect.NativeConstructorAccessorImpl.newInstance(NativeConstructorAccessorImpl.java:62)
	at java.base/jdk.internal.reflect.DelegatingConstructorAccessorImpl.newInstance(DelegatingConstructorAccessorImpl.java:45)
	at java.base/java.lang.reflect.Constructor.newInstance(Constructor.java:490)
	at ptolemy.util.test.junit.AutoKnownFailedTests.RunModel(AutoKnownFailedTests.java:105)
	at java.base/jdk.internal.reflect.NativeMethodAccessorImpl.invoke0(Native Method)
	at java.base/jdk.internal.reflect.NativeMethodAccessorImpl.invoke(NativeMethodAccessorImpl.java:62)
	at java.base/jdk.internal.reflect.DelegatingMethodAccessorImpl.invoke(DelegatingMethodAccessorImpl.java:43)
	at java.base/java.lang.reflect.Method.invoke(Method.java:566)
	at org.junit.runners.model.FrameworkMethod$1.runReflectiveCall(FrameworkMethod.java:44)
	at org.junit.internal.runners.model.ReflectiveCallable.run(ReflectiveCallable.java:15)
	at org.junit.runners.model.FrameworkMethod.invokeExplosively(FrameworkMethod.java:41)
	at junitparams.internal.InvokeParameterisedMethod.evaluate(InvokeParameterisedMethod.java:102)
	at org.junit.internal.runners.statements.FailOnTimeout$1.run(FailOnTimeout.java:28)
Caused by: ptolemy.kernel.util.IllegalActionException: Found a zero delay loop containing .dependencyLoop.original
  in .dependencyLoop and .dependencyLoop.original
	at ptolemy.actor.util.CausalityInterfaceForComposites._computeOutputPortDepth(CausalityInterfaceForComposites.java:759)
	at ptolemy.actor.util.CausalityInterfaceForComposites._computeInputDepth(CausalityInterfaceForComposites.java:696)
	at ptolemy.actor.util.CausalityInterfaceForComposites._computeOutputPortDepth(CausalityInterfaceForComposites.java:765)
	at ptolemy.actor.util.CausalityInterfaceForComposites._computeInputDepth(CausalityInterfaceForComposites.java:696)
	at ptolemy.actor.util.CausalityInterfaceForComposites._computeOutputPortDepth(CausalityInterfaceForComposites.java:765)
	at ptolemy.actor.util.CausalityInterfaceForComposites._computeInputDepth(CausalityInterfaceForComposites.java:696)
	at ptolemy.actor.util.CausalityInterfaceForComposites._computeActorDepth(CausalityInterfaceForComposites.java:532)
	at ptolemy.actor.util.CausalityInterfaceForComposites.checkForCycles(CausalityInterfaceForComposites.java:96)
	at ptolemy.domains.de.kernel.DEDirector.preinitialize(DEDirector.java:1338)
	at ptolemy.actor.CompositeActor.preinitialize(CompositeActor.java:1828)
	at ptolemy.actor.Manager.preinitializeAndResolveTypes(Manager.java:1040)
	at ptolemy.actor.Manager.initialize(Manager.java:710)
	at ptolemy.actor.Manager.execute(Manager.java:356)
	at ptolemy.actor.Manager.run(Manager.java:1263)
	at ptolemy.actor.Manager$PtolemyRunThread.run(Manager.java:1933)
java.lang.RuntimeException: Execution failed
	at ptolemy.moml.MoMLSimpleApplication$UnloadThread.run(MoMLSimpleApplication.java:402)
Caused by: ptolemy.kernel.util.IllegalActionException: Found a zero delay loop containing .dependencyLoop2.original
  in .dependencyLoop2 and .dependencyLoop2.original
	at ptolemy.actor.util.CausalityInterfaceForComposites._computeOutputPortDepth(CausalityInterfaceForComposites.java:759)
	at ptolemy.actor.util.CausalityInterfaceForComposites._computeInputDepth(CausalityInterfaceForComposites.java:696)
	at ptolemy.actor.util.CausalityInterfaceForComposites._computeOutputPortDepth(CausalityInterfaceForComposites.java:765)
	at ptolemy.actor.util.CausalityInterfaceForComposites._computeInputDepth(CausalityInterfaceForComposites.java:696)
	at ptolemy.actor.util.CausalityInterfaceForComposites._computeOutputPortDepth(CausalityInterfaceForComposites.java:765)
	at ptolemy.actor.util.CausalityInterfaceForComposites._computeInputDepth(CausalityInterfaceForComposites.java:696)
	at ptolemy.actor.util.CausalityInterfaceForComposites._computeActorDepth(CausalityInterfaceForComposites.java:532)
	at ptolemy.actor.util.CausalityInterfaceForComposites.checkForCycles(CausalityInterfaceForComposites.java:96)
	at ptolemy.domains.de.kernel.DEDirector.preinitialize(DEDirector.java:1338)
	at ptolemy.actor.CompositeActor.preinitialize(CompositeActor.java:1828)
	at ptolemy.actor.Manager.preinitializeAndResolveTypes(Manager.java:1040)
	at ptolemy.actor.Manager.initialize(Manager.java:710)
	at ptolemy.actor.Manager.execute(Manager.java:356)
	at ptolemy.actor.Manager.run(Manager.java:1263)
	at ptolemy.actor.Manager$PtolemyRunThread.run(Manager.java:1933)
java.lang.reflect.InvocationTargetException
	at java.base/jdk.internal.reflect.NativeConstructorAccessorImpl.newInstance0(Native Method)
	at java.base/jdk.internal.reflect.NativeConstructorAccessorImpl.newInstance(NativeConstructorAccessorImpl.java:62)
	at java.base/jdk.internal.reflect.DelegatingConstructorAccessorImpl.newInstance(DelegatingConstructorAccessorImpl.java:45)
	at java.base/java.lang.reflect.Constructor.newInstance(Constructor.java:490)
	at ptolemy.util.test.junit.AutoKnownFailedTests.RunModel(AutoKnownFailedTests.java:105)
	at java.base/jdk.internal.reflect.NativeMethodAccessorImpl.invoke0(Native Method)
	at java.base/jdk.internal.reflect.NativeMethodAccessorImpl.invoke(NativeMethodAccessorImpl.java:62)
	at java.base/jdk.internal.reflect.DelegatingMethodAccessorImpl.invoke(DelegatingMethodAccessorImpl.java:43)
	at java.base/java.lang.reflect.Method.invoke(Method.java:566)
	at org.junit.runners.model.FrameworkMethod$1.runReflectiveCall(FrameworkMethod.java:44)
	at org.junit.internal.runners.model.ReflectiveCallable.run(ReflectiveCallable.java:15)
	at org.junit.runners.model.FrameworkMethod.invokeExplosively(FrameworkMethod.java:41)
	at junitparams.internal.InvokeParameterisedMethod.evaluate(InvokeParameterisedMethod.java:102)
	at org.junit.internal.runners.statements.FailOnTimeout$1.run(FailOnTimeout.java:28)
Caused by: ptolemy.kernel.util.IllegalActionException: Found a zero delay loop containing .dependencyLoop2.original
  in .dependencyLoop2 and .dependencyLoop2.original
	at ptolemy.actor.util.CausalityInterfaceForComposites._computeOutputPortDepth(CausalityInterfaceForComposites.java:759)
	at ptolemy.actor.util.CausalityInterfaceForComposites._computeInputDepth(CausalityInterfaceForComposites.java:696)
	at ptolemy.actor.util.CausalityInterfaceForComposites._computeOutputPortDepth(CausalityInterfaceForComposites.java:765)
	at ptolemy.actor.util.CausalityInterfaceForComposites._computeInputDepth(CausalityInterfaceForComposites.java:696)
	at ptolemy.actor.util.CausalityInterfaceForComposites._computeOutputPortDepth(CausalityInterfaceForComposites.java:765)
	at ptolemy.actor.util.CausalityInterfaceForComposites._computeInputDepth(CausalityInterfaceForComposites.java:696)
	at ptolemy.actor.util.CausalityInterfaceForComposites._computeActorDepth(CausalityInterfaceForComposites.java:532)
	at ptolemy.actor.util.CausalityInterfaceForComposites.checkForCycles(CausalityInterfaceForComposites.java:96)
	at ptolemy.domains.de.kernel.DEDirector.preinitialize(DEDirector.java:1338)
	at ptolemy.actor.CompositeActor.preinitialize(CompositeActor.java:1828)
	at ptolemy.actor.Manager.preinitializeAndResolveTypes(Manager.java:1040)
	at ptolemy.actor.Manager.initialize(Manager.java:710)
	at ptolemy.actor.Manager.execute(Manager.java:356)
	at ptolemy.actor.Manager.run(Manager.java:1263)
	at ptolemy.actor.Manager$PtolemyRunThread.run(Manager.java:1933)
]]></system-err>
</testsuite>
