<?xml version="1.0" encoding="UTF-8" ?>
<testsuite errors="0" failures="0" hostname="travis-job-57039d3f-8947-4d16-b1ee-3d4fcfa7ab13" name="ptolemy.domains.sdf.test.junit.JUnitTclTest" skipped="0" tests="66" time="21.19" timestamp="2019-10-22T06:23:17">
  <properties>
[...]
</properties>
  <testcase classname="ptolemy.util.test.junit.TclTests" name="[0] /home/travis/build/icyphy/ptII/ptolemy/domains/sdf/test/SDFSchedulerErrors.tcl (RunTclFile)" time="1.105" />
  <testcase classname="ptolemy.util.test.junit.TclTests" name="[1] /home/travis/build/icyphy/ptII/ptolemy/domains/sdf/test/composition.tcl (RunTclFile)" time="0.2" />
  <testcase classname="ptolemy.util.test.junit.TclTests" name="[2] /home/travis/build/icyphy/ptII/ptolemy/domains/sdf/test/cycle.tcl (RunTclFile)" time="0.059" />
  <testcase classname="ptolemy.util.test.junit.AutoKnownFailedTests" name="[0] ThereAreNoKnowFailedTests (RunModel)" time="0.008" />
  <testcase classname="ptolemy.util.test.junit.AutoNameArchTests" name="[0] ThereAreNoAutoArchTests (RunModel)" time="0.003" />
  <testcase classname="ptolemy.util.test.junit.AutoTests" name="[0] /home/travis/build/icyphy/ptII/ptolemy/domains/sdf/test/auto/Array.xml (RunModel)" time="0.329" />
  <testcase classname="ptolemy.util.test.junit.AutoTests" name="[1] /home/travis/build/icyphy/ptII/ptolemy/domains/sdf/test/auto/Butterfly.xml (RunModel)" time="0.17" />
  <testcase classname="ptolemy.util.test.junit.AutoTests" name="[2] /home/travis/build/icyphy/ptII/ptolemy/domains/sdf/test/auto/Expression.xml (RunModel)" time="0.14" />
  <testcase classname="ptolemy.util.test.junit.AutoTests" name="[3] /home/travis/build/icyphy/ptII/ptolemy/domains/sdf/test/auto/Eye.xml (RunModel)" time="0.305" />
  <testcase classname="ptolemy.util.test.junit.AutoTests" name="[4] /home/travis/build/icyphy/ptII/ptolemy/domains/sdf/test/auto/FixFIR.xml (RunModel)" time="0.359" />
  <testcase classname="ptolemy.util.test.junit.AutoTests" name="[5] /home/travis/build/icyphy/ptII/ptolemy/domains/sdf/test/auto/FixPoint.xml (RunModel)" time="0.041" />
  <testcase classname="ptolemy.util.test.junit.AutoTests" name="[6] /home/travis/build/icyphy/ptII/ptolemy/domains/sdf/test/auto/Gravitation.xml (RunModel)" time="3.286" />
  <testcase classname="ptolemy.util.test.junit.AutoTests" name="[7] /home/travis/build/icyphy/ptII/ptolemy/domains/sdf/test/auto/GravitationWithCollisionDetection.xml (RunModel)" time="6.711" />
  <testcase classname="ptolemy.util.test.junit.AutoTests" name="[8] /home/travis/build/icyphy/ptII/ptolemy/domains/sdf/test/auto/HDF.xml (RunModel)" time="0.111" />
  <testcase classname="ptolemy.util.test.junit.AutoTests" name="[9] /home/travis/build/icyphy/ptII/ptolemy/domains/sdf/test/auto/HDFwithTransientStates.xml (RunModel)" time="0.101" />
  <testcase classname="ptolemy.util.test.junit.AutoTests" name="[10] /home/travis/build/icyphy/ptII/ptolemy/domains/sdf/test/auto/HTVQ.xml (RunModel)" time="0.897" />
  <testcase classname="ptolemy.util.test.junit.AutoTests" name="[11] /home/travis/build/icyphy/ptII/ptolemy/domains/sdf/test/auto/InferInitProduction.xml (RunModel)" time="0.032" />
  <testcase classname="ptolemy.util.test.junit.AutoTests" name="[12] /home/travis/build/icyphy/ptII/ptolemy/domains/sdf/test/auto/InferInitProductionDeeper.xml (RunModel)" time="0.027" />
  <testcase classname="ptolemy.util.test.junit.AutoTests" name="[13] /home/travis/build/icyphy/ptII/ptolemy/domains/sdf/test/auto/LMSAdaptive.xml (RunModel)" time="0.106" />
  <testcase classname="ptolemy.util.test.junit.AutoTests" name="[14] /home/travis/build/icyphy/ptII/ptolemy/domains/sdf/test/auto/LogisticMap.xml (RunModel)" time="0.483" />
  <testcase classname="ptolemy.util.test.junit.AutoTests" name="[15] /home/travis/build/icyphy/ptII/ptolemy/domains/sdf/test/auto/MaximumEntropySpectrum.xml (RunModel)" time="0.31" />
  <testcase classname="ptolemy.util.test.junit.AutoTests" name="[16] /home/travis/build/icyphy/ptII/ptolemy/domains/sdf/test/auto/MultirateSDF.xml (RunModel)" time="0.065" />
  <testcase classname="ptolemy.util.test.junit.AutoTests" name="[17] /home/travis/build/icyphy/ptII/ptolemy/domains/sdf/test/auto/MultirateSDFwithTransientStates.xml (RunModel)" time="0.083" />
  <testcase classname="ptolemy.util.test.junit.AutoTests" name="[18] /home/travis/build/icyphy/ptII/ptolemy/domains/sdf/test/auto/NoisySinewave.xml (RunModel)" time="0.059" />
  <testcase classname="ptolemy.util.test.junit.AutoTests" name="[19] /home/travis/build/icyphy/ptII/ptolemy/domains/sdf/test/auto/Objects.xml (RunModel)" time="0.039" />
  <testcase classname="ptolemy.util.test.junit.AutoTests" name="[20] /home/travis/build/icyphy/ptII/ptolemy/domains/sdf/test/auto/OrthogonalCom.xml (RunModel)" time="0.043" />
  <testcase classname="ptolemy.util.test.junit.AutoTests" name="[21] /home/travis/build/icyphy/ptII/ptolemy/domains/sdf/test/auto/RijndaelEncryption.xml (RunModel)" time="0.581" />
  <testcase classname="ptolemy.util.test.junit.AutoTests" name="[22] /home/travis/build/icyphy/ptII/ptolemy/domains/sdf/test/auto/SDFEmptyIterations.xml (RunModel)" time="0.025" />
  <testcase classname="ptolemy.util.test.junit.AutoTests" name="[23] /home/travis/build/icyphy/ptII/ptolemy/domains/sdf/test/auto/Spectrum.xml (RunModel)" time="0.096" />
  <testcase classname="ptolemy.util.test.junit.AutoTests" name="[24] /home/travis/build/icyphy/ptII/ptolemy/domains/sdf/test/auto/de_inside_sdf.xml (RunModel)" time="0.02" />
  <testcase classname="ptolemy.util.test.junit.AutoTests" name="[25] /home/travis/build/icyphy/ptII/ptolemy/domains/sdf/test/auto/disconnectedHierarchicalSDF.xml (RunModel)" time="0.022" />
  <testcase classname="ptolemy.util.test.junit.AutoTests" name="[26] /home/travis/build/icyphy/ptII/ptolemy/domains/sdf/test/auto/disconnectedSDF.xml (RunModel)" time="0.014" />
  <testcase classname="ptolemy.util.test.junit.AutoTests" name="[27] /home/travis/build/icyphy/ptII/ptolemy/domains/sdf/test/auto/emptyRefinement.xml (RunModel)" time="0.014" />
  <testcase classname="ptolemy.util.test.junit.AutoTests" name="[28] /home/travis/build/icyphy/ptII/ptolemy/domains/sdf/test/auto/filePortParameter.xml (RunModel)" time="0.034" />
  <testcase classname="ptolemy.util.test.junit.AutoTests" name="[29] /home/travis/build/icyphy/ptII/ptolemy/domains/sdf/test/auto/inferRelationWidth1.xml (RunModel)" time="0.017" />
  <testcase classname="ptolemy.util.test.junit.AutoTests" name="[30] /home/travis/build/icyphy/ptII/ptolemy/domains/sdf/test/auto/initProductionInference.xml (RunModel)" time="0.027" />
  <testcase classname="ptolemy.util.test.junit.AutoTests" name="[31] /home/travis/build/icyphy/ptII/ptolemy/domains/sdf/test/auto/relationGroup.xml (RunModel)" time="0.027" />
  <testcase classname="ptolemy.util.test.junit.AutoTests" name="[32] /home/travis/build/icyphy/ptII/ptolemy/domains/sdf/test/auto/relationGroup10.xml (RunModel)" time="0.013" />
  <testcase classname="ptolemy.util.test.junit.AutoTests" name="[33] /home/travis/build/icyphy/ptII/ptolemy/domains/sdf/test/auto/relationGroup11.xml (RunModel)" time="0.014" />
  <testcase classname="ptolemy.util.test.junit.AutoTests" name="[34] /home/travis/build/icyphy/ptII/ptolemy/domains/sdf/test/auto/relationGroup12.xml (RunModel)" time="0.013" />
  <testcase classname="ptolemy.util.test.junit.AutoTests" name="[35] /home/travis/build/icyphy/ptII/ptolemy/domains/sdf/test/auto/relationGroup13.xml (RunModel)" time="0.017" />
  <testcase classname="ptolemy.util.test.junit.AutoTests" name="[36] /home/travis/build/icyphy/ptII/ptolemy/domains/sdf/test/auto/relationGroup14.xml (RunModel)" time="0.013" />
  <testcase classname="ptolemy.util.test.junit.AutoTests" name="[37] /home/travis/build/icyphy/ptII/ptolemy/domains/sdf/test/auto/relationGroup15.xml (RunModel)" time="0.009" />
  <testcase classname="ptolemy.util.test.junit.AutoTests" name="[38] /home/travis/build/icyphy/ptII/ptolemy/domains/sdf/test/auto/relationGroup2.xml (RunModel)" time="0.008" />
  <testcase classname="ptolemy.util.test.junit.AutoTests" name="[39] /home/travis/build/icyphy/ptII/ptolemy/domains/sdf/test/auto/relationGroup3.xml (RunModel)" time="0.015" />
  <testcase classname="ptolemy.util.test.junit.AutoTests" name="[40] /home/travis/build/icyphy/ptII/ptolemy/domains/sdf/test/auto/relationGroup4.xml (RunModel)" time="0.016" />
  <testcase classname="ptolemy.util.test.junit.AutoTests" name="[41] /home/travis/build/icyphy/ptII/ptolemy/domains/sdf/test/auto/relationGroup5.xml (RunModel)" time="0.014" />
  <testcase classname="ptolemy.util.test.junit.AutoTests" name="[42] /home/travis/build/icyphy/ptII/ptolemy/domains/sdf/test/auto/relationGroup6.xml (RunModel)" time="0.011" />
  <testcase classname="ptolemy.util.test.junit.AutoTests" name="[43] /home/travis/build/icyphy/ptII/ptolemy/domains/sdf/test/auto/relationGroup7.xml (RunModel)" time="0.008" />
  <testcase classname="ptolemy.util.test.junit.AutoTests" name="[44] /home/travis/build/icyphy/ptII/ptolemy/domains/sdf/test/auto/relationGroup8.xml (RunModel)" time="0.015" />
  <testcase classname="ptolemy.util.test.junit.AutoTests" name="[45] /home/travis/build/icyphy/ptII/ptolemy/domains/sdf/test/auto/relationGroup9.xml (RunModel)" time="0.019" />
  <testcase classname="ptolemy.util.test.junit.AutoTests" name="[46] /home/travis/build/icyphy/ptII/ptolemy/domains/sdf/test/auto/sdf_inside_de.xml (RunModel)" time="0.038" />
  <testcase classname="ptolemy.util.test.junit.AutoTests" name="[47] /home/travis/build/icyphy/ptII/ptolemy/domains/sdf/test/auto/sdf_inside_pn.xml (RunModel)" time="0.059" />
  <testcase classname="ptolemy.util.test.junit.AutoTests" name="[48] /home/travis/build/icyphy/ptII/ptolemy/domains/sdf/test/auto/sdf_sdf1.xml (RunModel)" time="0.024" />
  <testcase classname="ptolemy.util.test.junit.AutoTests" name="[49] /home/travis/build/icyphy/ptII/ptolemy/domains/sdf/test/auto/test1.xml (RunModel)" time="0.017" />
  <testcase classname="ptolemy.util.test.junit.AutoTests" name="[50] /home/travis/build/icyphy/ptII/ptolemy/domains/sdf/test/auto/time1.xml (RunModel)" time="0.009" />
  <testcase classname="ptolemy.util.test.junit.AutoTests" name="[51] /home/travis/build/icyphy/ptII/ptolemy/domains/sdf/test/auto/time2.xml (RunModel)" time="0.008" />
  <testcase classname="ptolemy.util.test.junit.AutoTests" name="[52] /home/travis/build/icyphy/ptII/ptolemy/domains/sdf/test/auto/time3.xml (RunModel)" time="0.021" />
  <testcase classname="ptolemy.util.test.junit.AutoTests" name="[53] /home/travis/build/icyphy/ptII/ptolemy/domains/sdf/test/auto/time4.xml (RunModel)" time="0.016" />
  <testcase classname="ptolemy.util.test.junit.AutoTests" name="[54] /home/travis/build/icyphy/ptII/ptolemy/domains/sdf/test/auto/time5.xml (RunModel)" time="4.011" />
  <testcase classname="ptolemy.util.test.junit.AutoTests" name="[55] /home/travis/build/icyphy/ptII/ptolemy/domains/sdf/test/auto/typeSystem_Const_Integer_smallest_Type.xml (RunModel)" time="0.028" />
  <testcase classname="ptolemy.util.test.junit.AutoTests" name="[56] /home/travis/build/icyphy/ptII/ptolemy/domains/sdf/test/auto/typeSystem_declared_Inports_OutportTypeException.xml (RunModel)" time="0.02" />
  <testcase classname="ptolemy.util.test.junit.AutoTests" name="[57] /home/travis/build/icyphy/ptII/ptolemy/domains/sdf/test/auto/typeSystem_oneDeclaredInportType_wrongTypeOutport.xml (RunModel)" time="0.017" />
  <testcase classname="ptolemy.util.test.junit.AutoTests" name="[58] /home/travis/build/icyphy/ptII/ptolemy/domains/sdf/test/auto/width.xml (RunModel)" time="0.013" />
  <testcase classname="ptolemy.util.test.junit.AutoTests" name="[59] /home/travis/build/icyphy/ptII/ptolemy/domains/sdf/test/auto/width2.xml (RunModel)" time="0.036" />
  <testcase classname="ptolemy.util.test.junit.AutoTests" name="[60] /home/travis/build/icyphy/ptII/ptolemy/domains/sdf/test/auto/width3.xml (RunModel)" time="0.038" />
  <system-out><![CDATA[/home/travis/build/icyphy/ptII/ptolemy/domains/sdf/test/SDFSchedulerErrors.tcl
testDefs.tcl: setting time out to 9000 seconds at Tue Oct 22 06:23:17 UTC 2019
87 ms. Memory: 120832K Free: 82374K (68%)
21 ms. Memory: 120832K Free: 74696K (62%)
7 ms. Memory: 120832K Free: 68023K (56%)
4 ms. Memory: 120832K Free: 64966K (54%)
/home/travis/build/icyphy/ptII/ptolemy/domains/sdf/test/composition.tcl
64 ms. Memory: 120832K Free: 61384K (51%)
8 ms. Memory: 120832K Free: 59336K (49%)
/home/travis/build/icyphy/ptII/ptolemy/domains/sdf/test/cycle.tcl
.Toplevel.Director Preinitializing ...
Invoking preinitialize():  .Toplevel.Actor1
Invoking preinitialize():  .Toplevel.Actor2
Invoking preinitialize():  .Toplevel.Delay
.Toplevel.Director Finished preinitialize().
### Schedule:
Execute Schedule{
Fire Actor ptolemy.domains.sdf.kernel.test.SDFTestDelay {.Toplevel.Actor1}
Fire Actor ptolemy.domains.sdf.kernel.test.SDFTestDelay {.Toplevel.Actor2}
Fire Actor ptolemy.domains.sdf.lib.SampleDelay {.Toplevel.Delay}
}
### End schedule
Called initialize().
Invoking initialize():  .Toplevel.Actor1
Initializing actor: .Toplevel.Actor1.
Invoking initialize():  .Toplevel.Actor2
Initializing actor: .Toplevel.Actor2.
Invoking initialize():  .Toplevel.Delay
Initializing actor: .Toplevel.Delay.
Director: Called prefire().
-- Setting current time to 0.0
Director prefire returns true.
The actor .Toplevel.Actor1 will be iterated.
The actor .Toplevel.Actor1 was iterated.
The actor .Toplevel.Actor2 will be iterated.
The actor .Toplevel.Actor2 was iterated.
The actor .Toplevel.Delay will be iterated.
The actor .Toplevel.Delay was iterated.
Director: Called postfire().
Postfire returns: true
Director: Called prefire().
-- Setting current time to 0.0
Director prefire returns true.
The actor .Toplevel.Actor1 will be iterated.
The actor .Toplevel.Actor1 was iterated.
The actor .Toplevel.Actor2 will be iterated.
The actor .Toplevel.Actor2 was iterated.
The actor .Toplevel.Delay will be iterated.
The actor .Toplevel.Delay was iterated.
Director: Called postfire().
Postfire returns: true
Director: Called prefire().
-- Setting current time to 0.0
Director prefire returns true.
The actor .Toplevel.Actor1 will be iterated.
The actor .Toplevel.Actor1 was iterated.
The actor .Toplevel.Actor2 will be iterated.
The actor .Toplevel.Actor2 was iterated.
The actor .Toplevel.Delay will be iterated.
The actor .Toplevel.Delay was iterated.
Director: Called postfire().
Postfire returns: true
Director: Called prefire().
-- Setting current time to 0.0
Director prefire returns true.
The actor .Toplevel.Actor1 will be iterated.
The actor .Toplevel.Actor1 was iterated.
The actor .Toplevel.Actor2 will be iterated.
The actor .Toplevel.Actor2 was iterated.
The actor .Toplevel.Delay will be iterated.
The actor .Toplevel.Delay was iterated.
Director: Called postfire().
Postfire returns: true
Director: Called prefire().
-- Setting current time to 0.0
Director prefire returns true.
The actor .Toplevel.Actor1 will be iterated.
The actor .Toplevel.Actor1 was iterated.
The actor .Toplevel.Actor2 will be iterated.
The actor .Toplevel.Actor2 was iterated.
The actor .Toplevel.Delay will be iterated.
The actor .Toplevel.Delay was iterated.
Director: Called postfire().
Postfire returns: true
Director: Called prefire().
-- Setting current time to 0.0
Director prefire returns true.
The actor .Toplevel.Actor1 will be iterated.
The actor .Toplevel.Actor1 was iterated.
The actor .Toplevel.Actor2 will be iterated.
The actor .Toplevel.Actor2 was iterated.
The actor .Toplevel.Delay will be iterated.
The actor .Toplevel.Delay was iterated.
Reached specified number of iterations: 6
Director: Called wrapup().
29 ms. Memory: 120832K Free: 56264K (47%)
10/22/19 06:23:19
Failed: 0  Total Tests: 8  ((Passed: 8, Newly Passed: 0)  Known Failed: 0) /home/travis/build/icyphy/ptII/ptolemy/domains/sdf/test
No auto/knownFailedTests/*.xml tests in /home/travis/build/icyphy/ptII/ptolemy/domains/sdf/test
No auto/linux-amd64/*.xml tests in /home/travis/build/icyphy/ptII/ptolemy/domains/sdf/test
AutoTests.java: About to close Vertx.
AutoTests.java: Vertx closed.

===========================================================================================
----------------- testing Tue Oct 22 06:23:19 UTC 2019 /home/travis/build/icyphy/ptII/ptolemy/domains/sdf/test/auto/Array.xml
----------------- Instantiating /home/travis/build/icyphy/ptII/ptolemy/domains/sdf/test/auto/Array.xml
64 ms. Memory: 120832K Free: 97544K (81%)
----------------- Invoking toplevel() on ptolemy.moml.MoMLSimpleApplication@66de64db
----------------- Done invoking toplevel() on ptolemy.moml.MoMLSimpleApplication@66de64db
reloadAllAccessors: .Array

===========================================================================================
----------------- testing Tue Oct 22 06:23:19 UTC 2019 /home/travis/build/icyphy/ptII/ptolemy/domains/sdf/test/auto/Butterfly.xml
----------------- Instantiating /home/travis/build/icyphy/ptII/ptolemy/domains/sdf/test/auto/Butterfly.xml
87 ms. Memory: 120832K Free: 91821K (76%)
----------------- Invoking toplevel() on ptolemy.moml.MoMLSimpleApplication@75fd8ab2
----------------- Done invoking toplevel() on ptolemy.moml.MoMLSimpleApplication@75fd8ab2
reloadAllAccessors: .Butterfly

===========================================================================================
----------------- testing Tue Oct 22 06:23:19 UTC 2019 /home/travis/build/icyphy/ptII/ptolemy/domains/sdf/test/auto/Expression.xml
----------------- Instantiating /home/travis/build/icyphy/ptII/ptolemy/domains/sdf/test/auto/Expression.xml
80 ms. Memory: 120832K Free: 87152K (72%)
----------------- Invoking toplevel() on ptolemy.moml.MoMLSimpleApplication@2e159f52
----------------- Done invoking toplevel() on ptolemy.moml.MoMLSimpleApplication@2e159f52
reloadAllAccessors: .Expression

===========================================================================================
----------------- testing Tue Oct 22 06:23:20 UTC 2019 /home/travis/build/icyphy/ptII/ptolemy/domains/sdf/test/auto/Eye.xml
----------------- Instantiating /home/travis/build/icyphy/ptII/ptolemy/domains/sdf/test/auto/Eye.xml
173 ms. Memory: 120832K Free: 84272K (70%)
----------------- Invoking toplevel() on ptolemy.moml.MoMLSimpleApplication@48e587fa
----------------- Done invoking toplevel() on ptolemy.moml.MoMLSimpleApplication@48e587fa
reloadAllAccessors: .Eye

===========================================================================================
----------------- testing Tue Oct 22 06:23:20 UTC 2019 /home/travis/build/icyphy/ptII/ptolemy/domains/sdf/test/auto/FixFIR.xml
----------------- Instantiating /home/travis/build/icyphy/ptII/ptolemy/domains/sdf/test/auto/FixFIR.xml
146 ms. Memory: 120832K Free: 85452K (71%)
----------------- Invoking toplevel() on ptolemy.moml.MoMLSimpleApplication@1f1e4e51
----------------- Done invoking toplevel() on ptolemy.moml.MoMLSimpleApplication@1f1e4e51
reloadAllAccessors: .FixFIR

===========================================================================================
----------------- testing Tue Oct 22 06:23:20 UTC 2019 /home/travis/build/icyphy/ptII/ptolemy/domains/sdf/test/auto/FixPoint.xml
----------------- Instantiating /home/travis/build/icyphy/ptII/ptolemy/domains/sdf/test/auto/FixPoint.xml
12 ms. Memory: 120832K Free: 81356K (67%)
----------------- Invoking toplevel() on ptolemy.moml.MoMLSimpleApplication@402f6e87
----------------- Done invoking toplevel() on ptolemy.moml.MoMLSimpleApplication@402f6e87
reloadAllAccessors: .FixPoint

===========================================================================================
----------------- testing Tue Oct 22 06:23:20 UTC 2019 /home/travis/build/icyphy/ptII/ptolemy/domains/sdf/test/auto/Gravitation.xml
----------------- Instantiating /home/travis/build/icyphy/ptII/ptolemy/domains/sdf/test/auto/Gravitation.xml
3187 ms. Memory: 146432K Free: 115691K (79%)
----------------- Invoking toplevel() on ptolemy.moml.MoMLSimpleApplication@5305bd5d
----------------- Done invoking toplevel() on ptolemy.moml.MoMLSimpleApplication@5305bd5d
reloadAllAccessors: .Gravitation

===========================================================================================
----------------- testing Tue Oct 22 06:23:24 UTC 2019 /home/travis/build/icyphy/ptII/ptolemy/domains/sdf/test/auto/GravitationWithCollisionDetection.xml
----------------- Instantiating /home/travis/build/icyphy/ptII/ptolemy/domains/sdf/test/auto/GravitationWithCollisionDetection.xml
6600 ms. Memory: 309248K Free: 121292K (39%)
----------------- Invoking toplevel() on ptolemy.moml.MoMLSimpleApplication@348b3823
----------------- Done invoking toplevel() on ptolemy.moml.MoMLSimpleApplication@348b3823
reloadAllAccessors: .GravitationWithCollisionDetection

===========================================================================================
----------------- testing Tue Oct 22 06:23:30 UTC 2019 /home/travis/build/icyphy/ptII/ptolemy/domains/sdf/test/auto/HDF.xml
----------------- Instantiating /home/travis/build/icyphy/ptII/ptolemy/domains/sdf/test/auto/HDF.xml
35 ms. Memory: 309248K Free: 286194K (93%)
----------------- Invoking toplevel() on ptolemy.moml.MoMLSimpleApplication@268b3f2f
----------------- Done invoking toplevel() on ptolemy.moml.MoMLSimpleApplication@268b3f2f
reloadAllAccessors: .HDF

===========================================================================================
----------------- testing Tue Oct 22 06:23:30 UTC 2019 /home/travis/build/icyphy/ptII/ptolemy/domains/sdf/test/auto/HDFwithTransientStates.xml
----------------- Instantiating /home/travis/build/icyphy/ptII/ptolemy/domains/sdf/test/auto/HDFwithTransientStates.xml
30 ms. Memory: 309248K Free: 266752K (86%)
----------------- Invoking toplevel() on ptolemy.moml.MoMLSimpleApplication@72781c69
----------------- Done invoking toplevel() on ptolemy.moml.MoMLSimpleApplication@72781c69
reloadAllAccessors: .HDFwithTransientStates

===========================================================================================
----------------- testing Tue Oct 22 06:23:31 UTC 2019 /home/travis/build/icyphy/ptII/ptolemy/domains/sdf/test/auto/HTVQ.xml
----------------- Instantiating /home/travis/build/icyphy/ptII/ptolemy/domains/sdf/test/auto/HTVQ.xml
858 ms. Memory: 381952K Free: 355256K (93%)
----------------- Invoking toplevel() on ptolemy.moml.MoMLSimpleApplication@5783998a
----------------- Done invoking toplevel() on ptolemy.moml.MoMLSimpleApplication@5783998a
reloadAllAccessors: .HTVQ

===========================================================================================
----------------- testing Tue Oct 22 06:23:31 UTC 2019 /home/travis/build/icyphy/ptII/ptolemy/domains/sdf/test/auto/InferInitProduction.xml
----------------- Instantiating /home/travis/build/icyphy/ptII/ptolemy/domains/sdf/test/auto/InferInitProduction.xml
5 ms. Memory: 381952K Free: 349725K (92%)
----------------- Invoking toplevel() on ptolemy.moml.MoMLSimpleApplication@2e910db
----------------- Done invoking toplevel() on ptolemy.moml.MoMLSimpleApplication@2e910db
reloadAllAccessors: .InferInitProduction

===========================================================================================
----------------- testing Tue Oct 22 06:23:31 UTC 2019 /home/travis/build/icyphy/ptII/ptolemy/domains/sdf/test/auto/InferInitProductionDeeper.xml
----------------- Instantiating /home/travis/build/icyphy/ptII/ptolemy/domains/sdf/test/auto/InferInitProductionDeeper.xml
4 ms. Memory: 381952K Free: 344077K (90%)
----------------- Invoking toplevel() on ptolemy.moml.MoMLSimpleApplication@58221641
----------------- Done invoking toplevel() on ptolemy.moml.MoMLSimpleApplication@58221641
reloadAllAccessors: .InferInitProductionDeeper

===========================================================================================
----------------- testing Tue Oct 22 06:23:32 UTC 2019 /home/travis/build/icyphy/ptII/ptolemy/domains/sdf/test/auto/LMSAdaptive.xml
----------------- Instantiating /home/travis/build/icyphy/ptII/ptolemy/domains/sdf/test/auto/LMSAdaptive.xml
18 ms. Memory: 381952K Free: 334875K (88%)
----------------- Invoking toplevel() on ptolemy.moml.MoMLSimpleApplication@e373eb4
----------------- Done invoking toplevel() on ptolemy.moml.MoMLSimpleApplication@e373eb4
reloadAllAccessors: .LMSAdaptive

===========================================================================================
----------------- testing Tue Oct 22 06:23:32 UTC 2019 /home/travis/build/icyphy/ptII/ptolemy/domains/sdf/test/auto/LogisticMap.xml
----------------- Instantiating /home/travis/build/icyphy/ptII/ptolemy/domains/sdf/test/auto/LogisticMap.xml
438 ms. Memory: 381952K Free: 329245K (86%)
----------------- Invoking toplevel() on ptolemy.moml.MoMLSimpleApplication@733b8fb2
----------------- Done invoking toplevel() on ptolemy.moml.MoMLSimpleApplication@733b8fb2
reloadAllAccessors: .LogisticMap

===========================================================================================
----------------- testing Tue Oct 22 06:23:32 UTC 2019 /home/travis/build/icyphy/ptII/ptolemy/domains/sdf/test/auto/MaximumEntropySpectrum.xml
----------------- Instantiating /home/travis/build/icyphy/ptII/ptolemy/domains/sdf/test/auto/MaximumEntropySpectrum.xml
75 ms. Memory: 381952K Free: 267291K (70%)
----------------- Invoking toplevel() on ptolemy.moml.MoMLSimpleApplication@71f31f32
----------------- Done invoking toplevel() on ptolemy.moml.MoMLSimpleApplication@71f31f32
reloadAllAccessors: .MaximumEntropySpectrum

===========================================================================================
----------------- testing Tue Oct 22 06:23:32 UTC 2019 /home/travis/build/icyphy/ptII/ptolemy/domains/sdf/test/auto/MultirateSDF.xml
----------------- Instantiating /home/travis/build/icyphy/ptII/ptolemy/domains/sdf/test/auto/MultirateSDF.xml
21 ms. Memory: 381952K Free: 252925K (66%)
----------------- Invoking toplevel() on ptolemy.moml.MoMLSimpleApplication@698e6cac
----------------- Done invoking toplevel() on ptolemy.moml.MoMLSimpleApplication@698e6cac
reloadAllAccessors: .MultirateSDF

===========================================================================================
----------------- testing Tue Oct 22 06:23:32 UTC 2019 /home/travis/build/icyphy/ptII/ptolemy/domains/sdf/test/auto/MultirateSDFwithTransientStates.xml
----------------- Instantiating /home/travis/build/icyphy/ptII/ptolemy/domains/sdf/test/auto/MultirateSDFwithTransientStates.xml
23 ms. Memory: 381952K Free: 234517K (61%)
----------------- Invoking toplevel() on ptolemy.moml.MoMLSimpleApplication@5db2173e
----------------- Done invoking toplevel() on ptolemy.moml.MoMLSimpleApplication@5db2173e
reloadAllAccessors: .MultirateSDFwithTransientStates

===========================================================================================
----------------- testing Tue Oct 22 06:23:33 UTC 2019 /home/travis/build/icyphy/ptII/ptolemy/domains/sdf/test/auto/NoisySinewave.xml
----------------- Instantiating /home/travis/build/icyphy/ptII/ptolemy/domains/sdf/test/auto/NoisySinewave.xml
13 ms. Memory: 381952K Free: 218139K (57%)
----------------- Invoking toplevel() on ptolemy.moml.MoMLSimpleApplication@2232100c
----------------- Done invoking toplevel() on ptolemy.moml.MoMLSimpleApplication@2232100c
reloadAllAccessors: .NoisySinewave

===========================================================================================
----------------- testing Tue Oct 22 06:23:33 UTC 2019 /home/travis/build/icyphy/ptII/ptolemy/domains/sdf/test/auto/Objects.xml
----------------- Instantiating /home/travis/build/icyphy/ptII/ptolemy/domains/sdf/test/auto/Objects.xml
4 ms. Memory: 381952K Free: 210461K (55%)
----------------- Invoking toplevel() on ptolemy.moml.MoMLSimpleApplication@7f5fc953
----------------- Done invoking toplevel() on ptolemy.moml.MoMLSimpleApplication@7f5fc953
reloadAllAccessors: .Objects

===========================================================================================
----------------- testing Tue Oct 22 06:23:33 UTC 2019 /home/travis/build/icyphy/ptII/ptolemy/domains/sdf/test/auto/OrthogonalCom.xml
----------------- Instantiating /home/travis/build/icyphy/ptII/ptolemy/domains/sdf/test/auto/OrthogonalCom.xml
6 ms. Memory: 381952K Free: 202779K (53%)
----------------- Invoking toplevel() on ptolemy.moml.MoMLSimpleApplication@7c1bcdad
----------------- Done invoking toplevel() on ptolemy.moml.MoMLSimpleApplication@7c1bcdad
reloadAllAccessors: .OrthogonalCom

===========================================================================================
----------------- testing Tue Oct 22 06:23:33 UTC 2019 /home/travis/build/icyphy/ptII/ptolemy/domains/sdf/test/auto/RijndaelEncryption.xml
----------------- Instantiating /home/travis/build/icyphy/ptII/ptolemy/domains/sdf/test/auto/RijndaelEncryption.xml
287 ms. Memory: 381952K Free: 282266K (74%)
----------------- Invoking toplevel() on ptolemy.moml.MoMLSimpleApplication@5964fdb7
----------------- Done invoking toplevel() on ptolemy.moml.MoMLSimpleApplication@5964fdb7
reloadAllAccessors: .RijndaelEncryption

===========================================================================================
----------------- testing Tue Oct 22 06:23:33 UTC 2019 /home/travis/build/icyphy/ptII/ptolemy/domains/sdf/test/auto/SDFEmptyIterations.xml
----------------- Instantiating /home/travis/build/icyphy/ptII/ptolemy/domains/sdf/test/auto/SDFEmptyIterations.xml
5 ms. Memory: 381952K Free: 277660K (73%)
----------------- Invoking toplevel() on ptolemy.moml.MoMLSimpleApplication@27dfbd24
----------------- Done invoking toplevel() on ptolemy.moml.MoMLSimpleApplication@27dfbd24
reloadAllAccessors: .SDFEmptyIterations

===========================================================================================
----------------- testing Tue Oct 22 06:23:33 UTC 2019 /home/travis/build/icyphy/ptII/ptolemy/domains/sdf/test/auto/Spectrum.xml
----------------- Instantiating /home/travis/build/icyphy/ptII/ptolemy/domains/sdf/test/auto/Spectrum.xml
31 ms. Memory: 381952K Free: 253084K (66%)
----------------- Invoking toplevel() on ptolemy.moml.MoMLSimpleApplication@217d939c
----------------- Done invoking toplevel() on ptolemy.moml.MoMLSimpleApplication@217d939c
reloadAllAccessors: .Spectrum

===========================================================================================
----------------- testing Tue Oct 22 06:23:33 UTC 2019 /home/travis/build/icyphy/ptII/ptolemy/domains/sdf/test/auto/de_inside_sdf.xml
----------------- Instantiating /home/travis/build/icyphy/ptII/ptolemy/domains/sdf/test/auto/de_inside_sdf.xml
5 ms. Memory: 381952K Free: 247964K (65%)
----------------- Invoking toplevel() on ptolemy.moml.MoMLSimpleApplication@42cf3f7a
----------------- Done invoking toplevel() on ptolemy.moml.MoMLSimpleApplication@42cf3f7a
reloadAllAccessors: .de_inside_sdf

===========================================================================================
----------------- testing Tue Oct 22 06:23:33 UTC 2019 /home/travis/build/icyphy/ptII/ptolemy/domains/sdf/test/auto/disconnectedHierarchicalSDF.xml
----------------- Instantiating /home/travis/build/icyphy/ptII/ptolemy/domains/sdf/test/auto/disconnectedHierarchicalSDF.xml
4 ms. Memory: 381952K Free: 241820K (63%)
----------------- Invoking toplevel() on ptolemy.moml.MoMLSimpleApplication@39365235
----------------- Done invoking toplevel() on ptolemy.moml.MoMLSimpleApplication@39365235
reloadAllAccessors: .disconnectedHierarchicalSDF

===========================================================================================
----------------- testing Tue Oct 22 06:23:33 UTC 2019 /home/travis/build/icyphy/ptII/ptolemy/domains/sdf/test/auto/disconnectedSDF.xml
----------------- Instantiating /home/travis/build/icyphy/ptII/ptolemy/domains/sdf/test/auto/disconnectedSDF.xml
2 ms. Memory: 381952K Free: 237724K (62%)
----------------- Invoking toplevel() on ptolemy.moml.MoMLSimpleApplication@7b9ea8e3
----------------- Done invoking toplevel() on ptolemy.moml.MoMLSimpleApplication@7b9ea8e3
reloadAllAccessors: .disconnectedSDF

===========================================================================================
----------------- testing Tue Oct 22 06:23:33 UTC 2019 /home/travis/build/icyphy/ptII/ptolemy/domains/sdf/test/auto/emptyRefinement.xml
----------------- Instantiating /home/travis/build/icyphy/ptII/ptolemy/domains/sdf/test/auto/emptyRefinement.xml
3 ms. Memory: 381952K Free: 233114K (61%)
----------------- Invoking toplevel() on ptolemy.moml.MoMLSimpleApplication@6248dec1
----------------- Done invoking toplevel() on ptolemy.moml.MoMLSimpleApplication@6248dec1
reloadAllAccessors: .emptyRefinement

===========================================================================================
----------------- testing Tue Oct 22 06:23:34 UTC 2019 /home/travis/build/icyphy/ptII/ptolemy/domains/sdf/test/auto/filePortParameter.xml
----------------- Instantiating /home/travis/build/icyphy/ptII/ptolemy/domains/sdf/test/auto/filePortParameter.xml
7 ms. Memory: 381952K Free: 225946K (59%)
----------------- Invoking toplevel() on ptolemy.moml.MoMLSimpleApplication@304cc3f5
----------------- Done invoking toplevel() on ptolemy.moml.MoMLSimpleApplication@304cc3f5
reloadAllAccessors: .filePortParameter

===========================================================================================
----------------- testing Tue Oct 22 06:23:34 UTC 2019 /home/travis/build/icyphy/ptII/ptolemy/domains/sdf/test/auto/inferRelationWidth1.xml
----------------- Instantiating /home/travis/build/icyphy/ptII/ptolemy/domains/sdf/test/auto/inferRelationWidth1.xml
2 ms. Memory: 381952K Free: 222874K (58%)
----------------- Invoking toplevel() on ptolemy.moml.MoMLSimpleApplication@718e7e4b
----------------- Done invoking toplevel() on ptolemy.moml.MoMLSimpleApplication@718e7e4b
reloadAllAccessors: .inferRelationWidth1

===========================================================================================
----------------- testing Tue Oct 22 06:23:34 UTC 2019 /home/travis/build/icyphy/ptII/ptolemy/domains/sdf/test/auto/initProductionInference.xml
----------------- Instantiating /home/travis/build/icyphy/ptII/ptolemy/domains/sdf/test/auto/initProductionInference.xml
10 ms. Memory: 381952K Free: 218764K (57%)
----------------- Invoking toplevel() on ptolemy.moml.MoMLSimpleApplication@6a3b0208
----------------- Done invoking toplevel() on ptolemy.moml.MoMLSimpleApplication@6a3b0208
reloadAllAccessors: .initProductionInference

===========================================================================================
----------------- testing Tue Oct 22 06:23:34 UTC 2019 /home/travis/build/icyphy/ptII/ptolemy/domains/sdf/test/auto/relationGroup.xml
----------------- Instantiating /home/travis/build/icyphy/ptII/ptolemy/domains/sdf/test/auto/relationGroup.xml
2 ms. Memory: 381952K Free: 215196K (56%)
----------------- Invoking toplevel() on ptolemy.moml.MoMLSimpleApplication@72a99dbb
----------------- Done invoking toplevel() on ptolemy.moml.MoMLSimpleApplication@72a99dbb
reloadAllAccessors: .relationGroup

===========================================================================================
----------------- testing Tue Oct 22 06:23:34 UTC 2019 /home/travis/build/icyphy/ptII/ptolemy/domains/sdf/test/auto/relationGroup10.xml
----------------- Instantiating /home/travis/build/icyphy/ptII/ptolemy/domains/sdf/test/auto/relationGroup10.xml
1 ms. Memory: 381952K Free: 211610K (55%)
----------------- Invoking toplevel() on ptolemy.moml.MoMLSimpleApplication@53968080
----------------- Done invoking toplevel() on ptolemy.moml.MoMLSimpleApplication@53968080
reloadAllAccessors: .relationGroup10

===========================================================================================
----------------- testing Tue Oct 22 06:23:34 UTC 2019 /home/travis/build/icyphy/ptII/ptolemy/domains/sdf/test/auto/relationGroup11.xml
----------------- Instantiating /home/travis/build/icyphy/ptII/ptolemy/domains/sdf/test/auto/relationGroup11.xml
2 ms. Memory: 381952K Free: 208028K (54%)
----------------- Invoking toplevel() on ptolemy.moml.MoMLSimpleApplication@22617364
----------------- Done invoking toplevel() on ptolemy.moml.MoMLSimpleApplication@22617364
reloadAllAccessors: .relationGroup11

===========================================================================================
----------------- testing Tue Oct 22 06:23:34 UTC 2019 /home/travis/build/icyphy/ptII/ptolemy/domains/sdf/test/auto/relationGroup12.xml
----------------- Instantiating /home/travis/build/icyphy/ptII/ptolemy/domains/sdf/test/auto/relationGroup12.xml
1 ms. Memory: 381952K Free: 204442K (54%)
----------------- Invoking toplevel() on ptolemy.moml.MoMLSimpleApplication@6cfc776e
----------------- Done invoking toplevel() on ptolemy.moml.MoMLSimpleApplication@6cfc776e
reloadAllAccessors: .relationGroup12

===========================================================================================
----------------- testing Tue Oct 22 06:23:34 UTC 2019 /home/travis/build/icyphy/ptII/ptolemy/domains/sdf/test/auto/relationGroup13.xml
----------------- Instantiating /home/travis/build/icyphy/ptII/ptolemy/domains/sdf/test/auto/relationGroup13.xml
8 ms. Memory: 381952K Free: 199836K (52%)
----------------- Invoking toplevel() on ptolemy.moml.MoMLSimpleApplication@48c0839b
----------------- Done invoking toplevel() on ptolemy.moml.MoMLSimpleApplication@48c0839b
reloadAllAccessors: .relationGroup13

===========================================================================================
----------------- testing Tue Oct 22 06:23:34 UTC 2019 /home/travis/build/icyphy/ptII/ptolemy/domains/sdf/test/auto/relationGroup14.xml
----------------- Instantiating /home/travis/build/icyphy/ptII/ptolemy/domains/sdf/test/auto/relationGroup14.xml
3 ms. Memory: 381952K Free: 195226K (51%)
----------------- Invoking toplevel() on ptolemy.moml.MoMLSimpleApplication@63b5a056
----------------- Done invoking toplevel() on ptolemy.moml.MoMLSimpleApplication@63b5a056
reloadAllAccessors: .relationGroup14

===========================================================================================
----------------- testing Tue Oct 22 06:23:34 UTC 2019 /home/travis/build/icyphy/ptII/ptolemy/domains/sdf/test/auto/relationGroup15.xml
----------------- Instantiating /home/travis/build/icyphy/ptII/ptolemy/domains/sdf/test/auto/relationGroup15.xml
2 ms. Memory: 381952K Free: 191644K (50%)
----------------- Invoking toplevel() on ptolemy.moml.MoMLSimpleApplication@75cfa01a
----------------- Done invoking toplevel() on ptolemy.moml.MoMLSimpleApplication@75cfa01a
reloadAllAccessors: .relationGroup15

===========================================================================================
----------------- testing Tue Oct 22 06:23:34 UTC 2019 /home/travis/build/icyphy/ptII/ptolemy/domains/sdf/test/auto/relationGroup2.xml
----------------- Instantiating /home/travis/build/icyphy/ptII/ptolemy/domains/sdf/test/auto/relationGroup2.xml
2 ms. Memory: 381952K Free: 188572K (49%)
----------------- Invoking toplevel() on ptolemy.moml.MoMLSimpleApplication@501fc319
----------------- Done invoking toplevel() on ptolemy.moml.MoMLSimpleApplication@501fc319
reloadAllAccessors: .relationGroup2

===========================================================================================
----------------- testing Tue Oct 22 06:23:34 UTC 2019 /home/travis/build/icyphy/ptII/ptolemy/domains/sdf/test/auto/relationGroup3.xml
----------------- Instantiating /home/travis/build/icyphy/ptII/ptolemy/domains/sdf/test/auto/relationGroup3.xml
1 ms. Memory: 381952K Free: 185500K (49%)
----------------- Invoking toplevel() on ptolemy.moml.MoMLSimpleApplication@36d20102
----------------- Done invoking toplevel() on ptolemy.moml.MoMLSimpleApplication@36d20102
reloadAllAccessors: .relationGroup3

===========================================================================================
----------------- testing Tue Oct 22 06:23:34 UTC 2019 /home/travis/build/icyphy/ptII/ptolemy/domains/sdf/test/auto/relationGroup4.xml
----------------- Instantiating /home/travis/build/icyphy/ptII/ptolemy/domains/sdf/test/auto/relationGroup4.xml
7 ms. Memory: 381952K Free: 181404K (47%)
----------------- Invoking toplevel() on ptolemy.moml.MoMLSimpleApplication@37280999
----------------- Done invoking toplevel() on ptolemy.moml.MoMLSimpleApplication@37280999
reloadAllAccessors: .relationGroup4

===========================================================================================
----------------- testing Tue Oct 22 06:23:34 UTC 2019 /home/travis/build/icyphy/ptII/ptolemy/domains/sdf/test/auto/relationGroup5.xml
----------------- Instantiating /home/travis/build/icyphy/ptII/ptolemy/domains/sdf/test/auto/relationGroup5.xml
3 ms. Memory: 381952K Free: 176794K (46%)
----------------- Invoking toplevel() on ptolemy.moml.MoMLSimpleApplication@4875ad4e
----------------- Done invoking toplevel() on ptolemy.moml.MoMLSimpleApplication@4875ad4e
reloadAllAccessors: .relationGroup5

===========================================================================================
----------------- testing Tue Oct 22 06:23:34 UTC 2019 /home/travis/build/icyphy/ptII/ptolemy/domains/sdf/test/auto/relationGroup6.xml
----------------- Instantiating /home/travis/build/icyphy/ptII/ptolemy/domains/sdf/test/auto/relationGroup6.xml
2 ms. Memory: 381952K Free: 172188K (45%)
----------------- Invoking toplevel() on ptolemy.moml.MoMLSimpleApplication@6610b847
----------------- Done invoking toplevel() on ptolemy.moml.MoMLSimpleApplication@6610b847
reloadAllAccessors: .relationGroup6

===========================================================================================
----------------- testing Tue Oct 22 06:23:34 UTC 2019 /home/travis/build/icyphy/ptII/ptolemy/domains/sdf/test/auto/relationGroup7.xml
----------------- Instantiating /home/travis/build/icyphy/ptII/ptolemy/domains/sdf/test/auto/relationGroup7.xml
1 ms. Memory: 381952K Free: 168602K (44%)
----------------- Invoking toplevel() on ptolemy.moml.MoMLSimpleApplication@22de2795
----------------- Done invoking toplevel() on ptolemy.moml.MoMLSimpleApplication@22de2795
reloadAllAccessors: .relationGroup7

===========================================================================================
----------------- testing Tue Oct 22 06:23:34 UTC 2019 /home/travis/build/icyphy/ptII/ptolemy/domains/sdf/test/auto/relationGroup8.xml
----------------- Instantiating /home/travis/build/icyphy/ptII/ptolemy/domains/sdf/test/auto/relationGroup8.xml
2 ms. Memory: 381952K Free: 165530K (43%)
----------------- Invoking toplevel() on ptolemy.moml.MoMLSimpleApplication@242bce65
----------------- Done invoking toplevel() on ptolemy.moml.MoMLSimpleApplication@242bce65
reloadAllAccessors: .relationGroup8

===========================================================================================
----------------- testing Tue Oct 22 06:23:34 UTC 2019 /home/travis/build/icyphy/ptII/ptolemy/domains/sdf/test/auto/relationGroup9.xml
----------------- Instantiating /home/travis/build/icyphy/ptII/ptolemy/domains/sdf/test/auto/relationGroup9.xml
10 ms. Memory: 381952K Free: 160924K (42%)
----------------- Invoking toplevel() on ptolemy.moml.MoMLSimpleApplication@4921bd3f
----------------- Done invoking toplevel() on ptolemy.moml.MoMLSimpleApplication@4921bd3f
reloadAllAccessors: .relationGroup9

===========================================================================================
----------------- testing Tue Oct 22 06:23:34 UTC 2019 /home/travis/build/icyphy/ptII/ptolemy/domains/sdf/test/auto/sdf_inside_de.xml
----------------- Instantiating /home/travis/build/icyphy/ptII/ptolemy/domains/sdf/test/auto/sdf_inside_de.xml
10 ms. Memory: 381952K Free: 152218K (40%)
----------------- Invoking toplevel() on ptolemy.moml.MoMLSimpleApplication@688a34f3
----------------- Done invoking toplevel() on ptolemy.moml.MoMLSimpleApplication@688a34f3
reloadAllAccessors: .sdf_inside_de

===========================================================================================
----------------- testing Tue Oct 22 06:23:34 UTC 2019 /home/travis/build/icyphy/ptII/ptolemy/domains/sdf/test/auto/sdf_inside_pn.xml
----------------- Instantiating /home/travis/build/icyphy/ptII/ptolemy/domains/sdf/test/auto/sdf_inside_pn.xml
39 ms. Memory: 381952K Free: 142990K (37%)
----------------- Invoking toplevel() on ptolemy.moml.MoMLSimpleApplication@61678096
----------------- Done invoking toplevel() on ptolemy.moml.MoMLSimpleApplication@61678096
reloadAllAccessors: .sdf_inside_pn

===========================================================================================
----------------- testing Tue Oct 22 06:23:34 UTC 2019 /home/travis/build/icyphy/ptII/ptolemy/domains/sdf/test/auto/sdf_sdf1.xml
----------------- Instantiating /home/travis/build/icyphy/ptII/ptolemy/domains/sdf/test/auto/sdf_sdf1.xml
4 ms. Memory: 381952K Free: 137372K (36%)
----------------- Invoking toplevel() on ptolemy.moml.MoMLSimpleApplication@2547d4a5
----------------- Done invoking toplevel() on ptolemy.moml.MoMLSimpleApplication@2547d4a5
reloadAllAccessors: .sdf_sdf1

===========================================================================================
----------------- testing Tue Oct 22 06:23:34 UTC 2019 /home/travis/build/icyphy/ptII/ptolemy/domains/sdf/test/auto/test1.xml
----------------- Instantiating /home/travis/build/icyphy/ptII/ptolemy/domains/sdf/test/auto/test1.xml
3 ms. Memory: 381952K Free: 358696K (94%)
----------------- Invoking toplevel() on ptolemy.moml.MoMLSimpleApplication@487792fa
----------------- Done invoking toplevel() on ptolemy.moml.MoMLSimpleApplication@487792fa
reloadAllAccessors: .test1

===========================================================================================
----------------- testing Tue Oct 22 06:23:34 UTC 2019 /home/travis/build/icyphy/ptII/ptolemy/domains/sdf/test/auto/time1.xml
----------------- Instantiating /home/travis/build/icyphy/ptII/ptolemy/domains/sdf/test/auto/time1.xml
2 ms. Memory: 381952K Free: 355110K (93%)
----------------- Invoking toplevel() on ptolemy.moml.MoMLSimpleApplication@37ae7f60
----------------- Done invoking toplevel() on ptolemy.moml.MoMLSimpleApplication@37ae7f60
reloadAllAccessors: .time1

===========================================================================================
----------------- testing Tue Oct 22 06:23:34 UTC 2019 /home/travis/build/icyphy/ptII/ptolemy/domains/sdf/test/auto/time2.xml
----------------- Instantiating /home/travis/build/icyphy/ptII/ptolemy/domains/sdf/test/auto/time2.xml
2 ms. Memory: 381952K Free: 351528K (92%)
----------------- Invoking toplevel() on ptolemy.moml.MoMLSimpleApplication@1c15108d
----------------- Done invoking toplevel() on ptolemy.moml.MoMLSimpleApplication@1c15108d
reloadAllAccessors: .time2

===========================================================================================
----------------- testing Tue Oct 22 06:23:34 UTC 2019 /home/travis/build/icyphy/ptII/ptolemy/domains/sdf/test/auto/time3.xml
----------------- Instantiating /home/travis/build/icyphy/ptII/ptolemy/domains/sdf/test/auto/time3.xml
6 ms. Memory: 381952K Free: 345894K (91%)
----------------- Invoking toplevel() on ptolemy.moml.MoMLSimpleApplication@6c9d746d
----------------- Done invoking toplevel() on ptolemy.moml.MoMLSimpleApplication@6c9d746d
reloadAllAccessors: .time3

===========================================================================================
----------------- testing Tue Oct 22 06:23:34 UTC 2019 /home/travis/build/icyphy/ptII/ptolemy/domains/sdf/test/auto/time4.xml
----------------- Instantiating /home/travis/build/icyphy/ptII/ptolemy/domains/sdf/test/auto/time4.xml
6 ms. Memory: 381952K Free: 340264K (89%)
----------------- Invoking toplevel() on ptolemy.moml.MoMLSimpleApplication@2922bcbc
----------------- Done invoking toplevel() on ptolemy.moml.MoMLSimpleApplication@2922bcbc
reloadAllAccessors: .time4

===========================================================================================
----------------- testing Tue Oct 22 06:23:34 UTC 2019 /home/travis/build/icyphy/ptII/ptolemy/domains/sdf/test/auto/time5.xml
----------------- Instantiating /home/travis/build/icyphy/ptII/ptolemy/domains/sdf/test/auto/time5.xml
4003 ms. Memory: 381952K Free: 336678K (88%)
----------------- Invoking toplevel() on ptolemy.moml.MoMLSimpleApplication@33865a0f
----------------- Done invoking toplevel() on ptolemy.moml.MoMLSimpleApplication@33865a0f
reloadAllAccessors: .time5

===========================================================================================
----------------- testing Tue Oct 22 06:23:38 UTC 2019 /home/travis/build/icyphy/ptII/ptolemy/domains/sdf/test/auto/typeSystem_Const_Integer_smallest_Type.xml
----------------- Instantiating /home/travis/build/icyphy/ptII/ptolemy/domains/sdf/test/auto/typeSystem_Const_Integer_smallest_Type.xml
8 ms. Memory: 381952K Free: 331558K (87%)
----------------- Invoking toplevel() on ptolemy.moml.MoMLSimpleApplication@4ab419c6
----------------- Done invoking toplevel() on ptolemy.moml.MoMLSimpleApplication@4ab419c6
reloadAllAccessors: .typeSystem_Const_Integer_smallest_Type

===========================================================================================
----------------- testing Tue Oct 22 06:23:38 UTC 2019 /home/travis/build/icyphy/ptII/ptolemy/domains/sdf/test/auto/typeSystem_declared_Inports_OutportTypeException.xml
----------------- Instantiating /home/travis/build/icyphy/ptII/ptolemy/domains/sdf/test/auto/typeSystem_declared_Inports_OutportTypeException.xml
.typeSystem_declared_Inports_OutportTypeException.TestExceptionAttribute: initialize() was not invoked, but wrapup() was.  This is unusual, but not always a problem.  For example, exporting JNLP will do this.
5 ms. Memory: 381952K Free: 327462K (86%)
----------------- Invoking toplevel() on ptolemy.moml.MoMLSimpleApplication@45645cd1
----------------- Done invoking toplevel() on ptolemy.moml.MoMLSimpleApplication@45645cd1
reloadAllAccessors: .typeSystem_declared_Inports_OutportTypeException

===========================================================================================
----------------- testing Tue Oct 22 06:23:38 UTC 2019 /home/travis/build/icyphy/ptII/ptolemy/domains/sdf/test/auto/typeSystem_oneDeclaredInportType_wrongTypeOutport.xml
----------------- Instantiating /home/travis/build/icyphy/ptII/ptolemy/domains/sdf/test/auto/typeSystem_oneDeclaredInportType_wrongTypeOutport.xml
4 ms. Memory: 381952K Free: 323366K (85%)
----------------- Invoking toplevel() on ptolemy.moml.MoMLSimpleApplication@4c0a196c
----------------- Done invoking toplevel() on ptolemy.moml.MoMLSimpleApplication@4c0a196c
reloadAllAccessors: .typeSystem_oneDeclaredInportType_wrongTypeOutport

===========================================================================================
----------------- testing Tue Oct 22 06:23:38 UTC 2019 /home/travis/build/icyphy/ptII/ptolemy/domains/sdf/test/auto/width.xml
----------------- Instantiating /home/travis/build/icyphy/ptII/ptolemy/domains/sdf/test/auto/width.xml
2 ms. Memory: 381952K Free: 319784K (84%)
----------------- Invoking toplevel() on ptolemy.moml.MoMLSimpleApplication@1c10fa7c
----------------- Done invoking toplevel() on ptolemy.moml.MoMLSimpleApplication@1c10fa7c
reloadAllAccessors: .width

===========================================================================================
----------------- testing Tue Oct 22 06:23:38 UTC 2019 /home/travis/build/icyphy/ptII/ptolemy/domains/sdf/test/auto/width2.xml
----------------- Instantiating /home/travis/build/icyphy/ptII/ptolemy/domains/sdf/test/auto/width2.xml
27 ms. Memory: 381952K Free: 315174K (83%)
----------------- Invoking toplevel() on ptolemy.moml.MoMLSimpleApplication@6a8d06eb
----------------- Done invoking toplevel() on ptolemy.moml.MoMLSimpleApplication@6a8d06eb
reloadAllAccessors: .width2

===========================================================================================
----------------- testing Tue Oct 22 06:23:38 UTC 2019 /home/travis/build/icyphy/ptII/ptolemy/domains/sdf/test/auto/width3.xml
----------------- Instantiating /home/travis/build/icyphy/ptII/ptolemy/domains/sdf/test/auto/width3.xml
28 ms. Memory: 381952K Free: 310054K (81%)
----------------- Invoking toplevel() on ptolemy.moml.MoMLSimpleApplication@76c88bc1
----------------- Done invoking toplevel() on ptolemy.moml.MoMLSimpleApplication@76c88bc1
reloadAllAccessors: .width3
AutoTests.java: About to close Vertx.
AutoTests.java: Vertx closed.
]]></system-out>
  <system-err><![CDATA[java.lang.RuntimeException: Execution failed
	at ptolemy.moml.MoMLSimpleApplication$UnloadThread.run(MoMLSimpleApplication.java:402)
Caused by: ptolemy.actor.sched.NotSchedulableException: No solution exists for the balance equations.
Graph is not consistent under the SDF domain detected on external port .rateConsistency.actor.port2
  in .rateConsistency.SDF Director.Scheduler
	at ptolemy.domains.sdf.kernel.SDFScheduler._propagatePort(SDFScheduler.java:1425)
	at ptolemy.domains.sdf.kernel.SDFScheduler._solveBalanceEquations(SDFScheduler.java:710)
	at ptolemy.domains.sdf.kernel.SDFScheduler._getSchedule(SDFScheduler.java:566)
	at ptolemy.actor.sched.Scheduler.getSchedule(Scheduler.java:189)
	at ptolemy.domains.sdf.kernel.SDFDirector.createSchedule(SDFDirector.java:408)
	at ptolemy.domains.sdf.kernel.SDFDirector.preinitialize(SDFDirector.java:764)
	at ptolemy.actor.CompositeActor.preinitialize(CompositeActor.java:1828)
	at ptolemy.actor.Manager.preinitializeAndResolveTypes(Manager.java:1040)
	at ptolemy.actor.Manager.initialize(Manager.java:710)
	at ptolemy.actor.Manager.execute(Manager.java:356)
	at ptolemy.actor.Manager.run(Manager.java:1263)
	at ptolemy.actor.Manager$PtolemyRunThread.run(Manager.java:1933)
java.lang.RuntimeException: Execution failed
	at ptolemy.moml.MoMLSimpleApplication$UnloadThread.run(MoMLSimpleApplication.java:402)
Caused by: ptolemy.kernel.util.IllegalActionException: Failed to compute schedule:
  in .badRateChanges.typed composite actor.SDF Director
Because:
The SDF rate parameter may change. This is not allowed in SDF models that will be run through the code generator.  If you don't care about code generation, then you might consider setting the allowRateChanges parameter of the SDF director to false.
  in .badRateChanges.typed composite actor.Repeat.output.tokenProductionRate
	at ptolemy.domains.sdf.kernel.SDFDirector.createSchedule(SDFDirector.java:418)
	at ptolemy.domains.sdf.kernel.SDFDirector.preinitialize(SDFDirector.java:764)
	at ptolemy.actor.CompositeActor.preinitialize(CompositeActor.java:1828)
	at ptolemy.actor.Director.preinitialize(Director.java:1302)
	at ptolemy.actor.Director.preinitialize(Director.java:1257)
	at ptolemy.domains.sdf.kernel.SDFDirector.preinitialize(SDFDirector.java:763)
	at ptolemy.actor.CompositeActor.preinitialize(CompositeActor.java:1828)
	at ptolemy.actor.Manager.preinitializeAndResolveTypes(Manager.java:1040)
	at ptolemy.actor.Manager.initialize(Manager.java:710)
	at ptolemy.actor.Manager.execute(Manager.java:356)
	at ptolemy.actor.Manager.run(Manager.java:1263)
	at ptolemy.actor.Manager$PtolemyRunThread.run(Manager.java:1933)
Caused by: ptolemy.kernel.util.IllegalActionException: The SDF rate parameter may change. This is not allowed in SDF models that will be run through the code generator.  If you don't care about code generation, then you might consider setting the allowRateChanges parameter of the SDF director to false.
  in .badRateChanges.typed composite actor.Repeat.output.tokenProductionRate
	at ptolemy.domains.sdf.kernel.SDFScheduler._assertDynamicRateVariable(SDFScheduler.java:931)
	at ptolemy.domains.sdf.kernel.SDFScheduler._checkDynamicRateVariables(SDFScheduler.java:339)
	at ptolemy.domains.sdf.kernel.SDFScheduler._getSchedule(SDFScheduler.java:527)
	at ptolemy.actor.sched.Scheduler.getSchedule(Scheduler.java:189)
	at ptolemy.domains.sdf.kernel.SDFDirector.createSchedule(SDFDirector.java:408)
	... 11 more
java.lang.RuntimeException: Execution failed
	at ptolemy.moml.MoMLSimpleApplication$UnloadThread.run(MoMLSimpleApplication.java:402)
Caused by: ptolemy.kernel.util.IllegalActionException: Failed to compute schedule:
  in .badRateChanges2.typed composite actor.SDF Director
Because:
The SDF rate parameter may change. This is not allowed in SDF models that will be run through the code generator.  If you don't care about code generation, then you might consider setting the allowRateChanges parameter of the SDF director to false.
  in .badRateChanges2.typed composite actor.Repeat.output.tokenProductionRate
	at ptolemy.domains.sdf.kernel.SDFDirector.createSchedule(SDFDirector.java:418)
	at ptolemy.domains.sdf.kernel.SDFDirector.preinitialize(SDFDirector.java:764)
	at ptolemy.actor.CompositeActor.preinitialize(CompositeActor.java:1828)
	at ptolemy.actor.Director.preinitialize(Director.java:1302)
	at ptolemy.actor.Director.preinitialize(Director.java:1257)
	at ptolemy.domains.sdf.kernel.SDFDirector.preinitialize(SDFDirector.java:763)
	at ptolemy.actor.CompositeActor.preinitialize(CompositeActor.java:1828)
	at ptolemy.actor.Manager.preinitializeAndResolveTypes(Manager.java:1040)
	at ptolemy.actor.Manager.initialize(Manager.java:710)
	at ptolemy.actor.Manager.execute(Manager.java:356)
	at ptolemy.actor.Manager.run(Manager.java:1263)
	at ptolemy.actor.Manager$PtolemyRunThread.run(Manager.java:1933)
Caused by: ptolemy.kernel.util.IllegalActionException: The SDF rate parameter may change. This is not allowed in SDF models that will be run through the code generator.  If you don't care about code generation, then you might consider setting the allowRateChanges parameter of the SDF director to false.
  in .badRateChanges2.typed composite actor.Repeat.output.tokenProductionRate
	at ptolemy.domains.sdf.kernel.SDFScheduler._assertDynamicRateVariable(SDFScheduler.java:931)
	at ptolemy.domains.sdf.kernel.SDFScheduler._checkDynamicRateVariables(SDFScheduler.java:339)
	at ptolemy.domains.sdf.kernel.SDFScheduler._getSchedule(SDFScheduler.java:527)
	at ptolemy.actor.sched.Scheduler.getSchedule(Scheduler.java:189)
	at ptolemy.domains.sdf.kernel.SDFDirector.createSchedule(SDFDirector.java:408)
	... 11 more
java.lang.RuntimeException: Execution failed
	at ptolemy.moml.MoMLSimpleApplication$UnloadThread.run(MoMLSimpleApplication.java:402)
Caused by: ptolemy.actor.sched.NotSchedulableException: Actors remain that cannot be scheduled!

There are several possible reasons:
* SDF Graphs with feedback loops should have an actor with a delay in the loop, such as a SampleDelay.
* The SDF director has an "allowDisconnectedGraphs"parameter, which, when true, permits disconnected SDF graphs.
* The token consumption rate and production rates might be mismatched.
Usually, actors produce one token or consume one token on a port.  To produce or consume multiple tokens per firing, add a "tokenConsumptionRate" or "tokenProductionRate" parameter to the appropriate port.
Unscheduled actors:
.partiallyConnected.Const2 
Scheduled actors:
.partiallyConnected.Const 
  in .partiallyConnected.SDF Director.Scheduler
	at ptolemy.domains.sdf.kernel.SDFScheduler._scheduleConnectedActors(SDFScheduler.java:1828)
	at ptolemy.domains.sdf.kernel.SDFScheduler._getSchedule(SDFScheduler.java:587)
	at ptolemy.actor.sched.Scheduler.getSchedule(Scheduler.java:189)
	at ptolemy.domains.sdf.kernel.SDFDirector.createSchedule(SDFDirector.java:408)
	at ptolemy.domains.sdf.kernel.SDFDirector.preinitialize(SDFDirector.java:764)
	at ptolemy.actor.CompositeActor.preinitialize(CompositeActor.java:1828)
	at ptolemy.actor.Manager.preinitializeAndResolveTypes(Manager.java:1040)
	at ptolemy.actor.Manager.initialize(Manager.java:710)
	at ptolemy.actor.Manager.execute(Manager.java:356)
	at ptolemy.actor.Manager.run(Manager.java:1263)
	at ptolemy.actor.Manager$PtolemyRunThread.run(Manager.java:1933)
]]></system-err>
</testsuite>
