<?xml version="1.0" encoding="UTF-8" ?>
<testsuite errors="0" failures="0" hostname="travis-job-971a1748-cd36-443e-b673-b45475653e7e" name="ptolemy.domains.de.test.junit.JUnitTclTest" skipped="0" tests="101" time="127.555" timestamp="2018-12-20T03:06:35">
  <properties>
[...]
</properties>
  <testcase classname="ptolemy.util.test.junit.TclTests" name="[0] /home/travis/build/icyphy/ptII/ptolemy/domains/de/test/DependencyLoop.tcl (RunTclFile)" time="0.725" />
  <testcase classname="ptolemy.util.test.junit.TclTests" name="[1] /home/travis/build/icyphy/ptII/ptolemy/domains/de/test/RunDETestsAsQSS.tcl (RunTclFile)" time="87.331" />
  <testcase classname="ptolemy.util.test.junit.AutoKnownFailedTests" name="[0] /home/travis/build/icyphy/ptII/ptolemy/domains/de/test/auto/knownFailedTests/DESDFClockTest.xml (RunModel)" time="2.034" />
  <testcase classname="ptolemy.util.test.junit.AutoKnownFailedTests" name="[1] /home/travis/build/icyphy/ptII/ptolemy/domains/de/test/auto/knownFailedTests/DirectFeedback.xml (RunModel)" time="0.013" />
  <testcase classname="ptolemy.util.test.junit.AutoKnownFailedTests" name="[2] /home/travis/build/icyphy/ptII/ptolemy/domains/de/test/auto/knownFailedTests/FSMSource.xml (RunModel)" time="0.027" />
  <testcase classname="ptolemy.util.test.junit.AutoKnownFailedTests" name="[3] /home/travis/build/icyphy/ptII/ptolemy/domains/de/test/auto/knownFailedTests/HierarchicalModel.xml (RunModel)" time="0.04" />
  <testcase classname="ptolemy.util.test.junit.AutoKnownFailedTests" name="[4] /home/travis/build/icyphy/ptII/ptolemy/domains/de/test/auto/knownFailedTests/dependencyLoop.xml (RunModel)" time="0.037" />
  <testcase classname="ptolemy.util.test.junit.AutoKnownFailedTests" name="[5] /home/travis/build/icyphy/ptII/ptolemy/domains/de/test/auto/knownFailedTests/dependencyLoop2.xml (RunModel)" time="0.042" />
  <testcase classname="ptolemy.util.test.junit.AutoNameArchTests" name="[0] ThereAreNoAutoArchTests (RunModel)" time="0.0" />
  <testcase classname="ptolemy.util.test.junit.AutoTests" name="[0] /home/travis/build/icyphy/ptII/ptolemy/domains/de/test/auto/ActorDepthCalculation_actorWithoutPorts.xml (RunModel)" time="0.022" />
  <testcase classname="ptolemy.util.test.junit.AutoTests" name="[1] /home/travis/build/icyphy/ptII/ptolemy/domains/de/test/auto/AssemblyLine.xml (RunModel)" time="0.02" />
  <testcase classname="ptolemy.util.test.junit.AutoTests" name="[2] /home/travis/build/icyphy/ptII/ptolemy/domains/de/test/auto/CQBug1.xml (RunModel)" time="0.011" />
  <testcase classname="ptolemy.util.test.junit.AutoTests" name="[3] /home/travis/build/icyphy/ptII/ptolemy/domains/de/test/auto/CancelFireAt.xml (RunModel)" time="0.012" />
  <testcase classname="ptolemy.util.test.junit.AutoTests" name="[4] /home/travis/build/icyphy/ptII/ptolemy/domains/de/test/auto/CausalityAndComposabilityAnalysis.xml (RunModel)" time="0.012" />
  <testcase classname="ptolemy.util.test.junit.AutoTests" name="[5] /home/travis/build/icyphy/ptII/ptolemy/domains/de/test/auto/CausalityInterface1.xml (RunModel)" time="0.015" />
  <testcase classname="ptolemy.util.test.junit.AutoTests" name="[6] /home/travis/build/icyphy/ptII/ptolemy/domains/de/test/auto/CausalityInterface15.xml (RunModel)" time="0.014" />
  <testcase classname="ptolemy.util.test.junit.AutoTests" name="[7] /home/travis/build/icyphy/ptII/ptolemy/domains/de/test/auto/CausalityInterface2.xml (RunModel)" time="0.011" />
  <testcase classname="ptolemy.util.test.junit.AutoTests" name="[8] /home/travis/build/icyphy/ptII/ptolemy/domains/de/test/auto/CausalityInterface3.xml (RunModel)" time="0.011" />
  <testcase classname="ptolemy.util.test.junit.AutoTests" name="[9] /home/travis/build/icyphy/ptII/ptolemy/domains/de/test/auto/ClockDrift.xml (RunModel)" time="0.043" />
  <testcase classname="ptolemy.util.test.junit.AutoTests" name="[10] /home/travis/build/icyphy/ptII/ptolemy/domains/de/test/auto/ClockDriftAndValueChange.xml (RunModel)" time="0.031" />
  <testcase classname="ptolemy.util.test.junit.AutoTests" name="[11] /home/travis/build/icyphy/ptII/ptolemy/domains/de/test/auto/ClockDriftChange.xml (RunModel)" time="0.026" />
  <testcase classname="ptolemy.util.test.junit.AutoTests" name="[12] /home/travis/build/icyphy/ptII/ptolemy/domains/de/test/auto/ComposableCausalityAnalysis.xml (RunModel)" time="0.016" />
  <testcase classname="ptolemy.util.test.junit.AutoTests" name="[13] /home/travis/build/icyphy/ptII/ptolemy/domains/de/test/auto/DEFixedPointLimitation.xml (RunModel)" time="0.008" />
  <testcase classname="ptolemy.util.test.junit.AutoTests" name="[14] /home/travis/build/icyphy/ptII/ptolemy/domains/de/test/auto/DEScheduleTest.xml (RunModel)" time="0.01" />
  <testcase classname="ptolemy.util.test.junit.AutoTests" name="[15] /home/travis/build/icyphy/ptII/ptolemy/domains/de/test/auto/DEinDEwithStartTimes.xml (RunModel)" time="0.012" />
  <testcase classname="ptolemy.util.test.junit.AutoTests" name="[16] /home/travis/build/icyphy/ptII/ptolemy/domains/de/test/auto/DEinDEwithStartTimes2.xml (RunModel)" time="0.012" />
  <testcase classname="ptolemy.util.test.junit.AutoTests" name="[17] /home/travis/build/icyphy/ptII/ptolemy/domains/de/test/auto/DateDemo.xml (RunModel)" time="0.027" />
  <testcase classname="ptolemy.util.test.junit.AutoTests" name="[18] /home/travis/build/icyphy/ptII/ptolemy/domains/de/test/auto/DateToEvent.xml (RunModel)" time="2.041" />
  <testcase classname="ptolemy.util.test.junit.AutoTests" name="[19] /home/travis/build/icyphy/ptII/ptolemy/domains/de/test/auto/DepthTest1.xml (RunModel)" time="0.013" />
  <testcase classname="ptolemy.util.test.junit.AutoTests" name="[20] /home/travis/build/icyphy/ptII/ptolemy/domains/de/test/auto/DepthTest2.xml (RunModel)" time="0.02" />
  <testcase classname="ptolemy.util.test.junit.AutoTests" name="[21] /home/travis/build/icyphy/ptII/ptolemy/domains/de/test/auto/DepthTest3.xml (RunModel)" time="0.007" />
  <testcase classname="ptolemy.util.test.junit.AutoTests" name="[22] /home/travis/build/icyphy/ptII/ptolemy/domains/de/test/auto/DepthTest4.xml (RunModel)" time="0.012" />
  <testcase classname="ptolemy.util.test.junit.AutoTests" name="[23] /home/travis/build/icyphy/ptII/ptolemy/domains/de/test/auto/DepthTest5.xml (RunModel)" time="0.013" />
  <testcase classname="ptolemy.util.test.junit.AutoTests" name="[24] /home/travis/build/icyphy/ptII/ptolemy/domains/de/test/auto/DepthTest6.xml (RunModel)" time="0.014" />
  <testcase classname="ptolemy.util.test.junit.AutoTests" name="[25] /home/travis/build/icyphy/ptII/ptolemy/domains/de/test/auto/DepthTest7.xml (RunModel)" time="0.012" />
  <testcase classname="ptolemy.util.test.junit.AutoTests" name="[26] /home/travis/build/icyphy/ptII/ptolemy/domains/de/test/auto/EventToDate.xml (RunModel)" time="3.033" />
  <testcase classname="ptolemy.util.test.junit.AutoTests" name="[27] /home/travis/build/icyphy/ptII/ptolemy/domains/de/test/auto/FSM1.xml (RunModel)" time="0.039" />
  <testcase classname="ptolemy.util.test.junit.AutoTests" name="[28] /home/travis/build/icyphy/ptII/ptolemy/domains/de/test/auto/FSM7.xml (RunModel)" time="0.031" />
  <testcase classname="ptolemy.util.test.junit.AutoTests" name="[29] /home/travis/build/icyphy/ptII/ptolemy/domains/de/test/auto/Inspection.xml (RunModel)" time="0.037" />
  <testcase classname="ptolemy.util.test.junit.AutoTests" name="[30] /home/travis/build/icyphy/ptII/ptolemy/domains/de/test/auto/Iteration.xml (RunModel)" time="0.024" />
  <testcase classname="ptolemy.util.test.junit.AutoTests" name="[31] /home/travis/build/icyphy/ptII/ptolemy/domains/de/test/auto/LineFault.xml (RunModel)" time="0.531" />
  <testcase classname="ptolemy.util.test.junit.AutoTests" name="[32] /home/travis/build/icyphy/ptII/ptolemy/domains/de/test/auto/MergeModel1Add.xml (RunModel)" time="0.039" />
  <testcase classname="ptolemy.util.test.junit.AutoTests" name="[33] /home/travis/build/icyphy/ptII/ptolemy/domains/de/test/auto/MergeModel2Add.xml (RunModel)" time="0.034" />
  <testcase classname="ptolemy.util.test.junit.AutoTests" name="[34] /home/travis/build/icyphy/ptII/ptolemy/domains/de/test/auto/MergeModel3Add.xml (RunModel)" time="0.045" />
  <testcase classname="ptolemy.util.test.junit.AutoTests" name="[35] /home/travis/build/icyphy/ptII/ptolemy/domains/de/test/auto/MergeWithoutDiscard.xml (RunModel)" time="0.01" />
  <testcase classname="ptolemy.util.test.junit.AutoTests" name="[36] /home/travis/build/icyphy/ptII/ptolemy/domains/de/test/auto/Modal1.xml (RunModel)" time="0.035" />
  <testcase classname="ptolemy.util.test.junit.AutoTests" name="[37] /home/travis/build/icyphy/ptII/ptolemy/domains/de/test/auto/Modal2.xml (RunModel)" time="0.028" />
  <testcase classname="ptolemy.util.test.junit.AutoTests" name="[38] /home/travis/build/icyphy/ptII/ptolemy/domains/de/test/auto/Modal3.xml (RunModel)" time="0.03" />
  <testcase classname="ptolemy.util.test.junit.AutoTests" name="[39] /home/travis/build/icyphy/ptII/ptolemy/domains/de/test/auto/Modal4.xml (RunModel)" time="0.032" />
  <testcase classname="ptolemy.util.test.junit.AutoTests" name="[40] /home/travis/build/icyphy/ptII/ptolemy/domains/de/test/auto/Modal5.xml (RunModel)" time="0.025" />
  <testcase classname="ptolemy.util.test.junit.AutoTests" name="[41] /home/travis/build/icyphy/ptII/ptolemy/domains/de/test/auto/Modal6.xml (RunModel)" time="0.026" />
  <testcase classname="ptolemy.util.test.junit.AutoTests" name="[42] /home/travis/build/icyphy/ptII/ptolemy/domains/de/test/auto/Modal7.xml (RunModel)" time="0.027" />
  <testcase classname="ptolemy.util.test.junit.AutoTests" name="[43] /home/travis/build/icyphy/ptII/ptolemy/domains/de/test/auto/ModalModel.xml (RunModel)" time="0.166" />
  <testcase classname="ptolemy.util.test.junit.AutoTests" name="[44] /home/travis/build/icyphy/ptII/ptolemy/domains/de/test/auto/ModalSource.xml (RunModel)" time="0.017" />
  <testcase classname="ptolemy.util.test.junit.AutoTests" name="[45] /home/travis/build/icyphy/ptII/ptolemy/domains/de/test/auto/NonInterruptibleTimerZeroDelay.xml (RunModel)" time="0.01" />
  <testcase classname="ptolemy.util.test.junit.AutoTests" name="[46] /home/travis/build/icyphy/ptII/ptolemy/domains/de/test/auto/OpenQueueingNetwork.xml (RunModel)" time="2.01" />
  <testcase classname="ptolemy.util.test.junit.AutoTests" name="[47] /home/travis/build/icyphy/ptII/ptolemy/domains/de/test/auto/OpenQueuingNetwork.xml (RunModel)" time="0.261" />
  <testcase classname="ptolemy.util.test.junit.AutoTests" name="[48] /home/travis/build/icyphy/ptII/ptolemy/domains/de/test/auto/PeriodicSampler.xml (RunModel)" time="0.007" />
  <testcase classname="ptolemy.util.test.junit.AutoTests" name="[49] /home/travis/build/icyphy/ptII/ptolemy/domains/de/test/auto/PersistentIO.xml (RunModel)" time="0.016" />
  <testcase classname="ptolemy.util.test.junit.AutoTests" name="[50] /home/travis/build/icyphy/ptII/ptolemy/domains/de/test/auto/PortParameterResetOnInitialize.xml (RunModel)" time="0.007" />
  <testcase classname="ptolemy.util.test.junit.AutoTests" name="[51] /home/travis/build/icyphy/ptII/ptolemy/domains/de/test/auto/PortParameterUpdates.xml (RunModel)" time="0.015" />
  <testcase classname="ptolemy.util.test.junit.AutoTests" name="[52] /home/travis/build/icyphy/ptII/ptolemy/domains/de/test/auto/QueueAndServer.xml (RunModel)" time="0.017" />
  <testcase classname="ptolemy.util.test.junit.AutoTests" name="[53] /home/travis/build/icyphy/ptII/ptolemy/domains/de/test/auto/Records.xml (RunModel)" time="0.013" />
  <testcase classname="ptolemy.util.test.junit.AutoTests" name="[54] /home/travis/build/icyphy/ptII/ptolemy/domains/de/test/auto/ResetTransitionWithStartTime1.xml (RunModel)" time="0.016" />
  <testcase classname="ptolemy.util.test.junit.AutoTests" name="[55] /home/travis/build/icyphy/ptII/ptolemy/domains/de/test/auto/ResetTransitionWithStartTime2.xml (RunModel)" time="0.019" />
  <testcase classname="ptolemy.util.test.junit.AutoTests" name="[56] /home/travis/build/icyphy/ptII/ptolemy/domains/de/test/auto/ResetTransitionWithStartTime3.xml (RunModel)" time="0.017" />
  <testcase classname="ptolemy.util.test.junit.AutoTests" name="[57] /home/travis/build/icyphy/ptII/ptolemy/domains/de/test/auto/ResetTransitionWithStartTime4.xml (RunModel)" time="0.021" />
  <testcase classname="ptolemy.util.test.junit.AutoTests" name="[58] /home/travis/build/icyphy/ptII/ptolemy/domains/de/test/auto/ResettableTimer1.xml (RunModel)" time="0.009" />
  <testcase classname="ptolemy.util.test.junit.AutoTests" name="[59] /home/travis/build/icyphy/ptII/ptolemy/domains/de/test/auto/ResettableTimer2.xml (RunModel)" time="0.008" />
  <testcase classname="ptolemy.util.test.junit.AutoTests" name="[60] /home/travis/build/icyphy/ptII/ptolemy/domains/de/test/auto/ResettableTimer3.xml (RunModel)" time="0.008" />
  <testcase classname="ptolemy.util.test.junit.AutoTests" name="[61] /home/travis/build/icyphy/ptII/ptolemy/domains/de/test/auto/ResettableTimer4.xml (RunModel)" time="0.01" />
  <testcase classname="ptolemy.util.test.junit.AutoTests" name="[62] /home/travis/build/icyphy/ptII/ptolemy/domains/de/test/auto/ResettableTimer5.xml (RunModel)" time="0.01" />
  <testcase classname="ptolemy.util.test.junit.AutoTests" name="[63] /home/travis/build/icyphy/ptII/ptolemy/domains/de/test/auto/ResettableTimer6.xml (RunModel)" time="0.017" />
  <testcase classname="ptolemy.util.test.junit.AutoTests" name="[64] /home/travis/build/icyphy/ptII/ptolemy/domains/de/test/auto/ServerZeroDelay.xml (RunModel)" time="0.009" />
  <testcase classname="ptolemy.util.test.junit.AutoTests" name="[65] /home/travis/build/icyphy/ptII/ptolemy/domains/de/test/auto/SmartSender.xml (RunModel)" time="3.008" />
  <testcase classname="ptolemy.util.test.junit.AutoTests" name="[66] /home/travis/build/icyphy/ptII/ptolemy/domains/de/test/auto/ThreadedComposite.xml (RunModel)" time="0.161" />
  <testcase classname="ptolemy.util.test.junit.AutoTests" name="[67] /home/travis/build/icyphy/ptII/ptolemy/domains/de/test/auto/Time.xml (RunModel)" time="0.432" />
  <testcase classname="ptolemy.util.test.junit.AutoTests" name="[68] /home/travis/build/icyphy/ptII/ptolemy/domains/de/test/auto/TimeDelayZeroDelay.xml (RunModel)" time="0.012" />
  <testcase classname="ptolemy.util.test.junit.AutoTests" name="[69] /home/travis/build/icyphy/ptII/ptolemy/domains/de/test/auto/TimerZeroDelay.xml (RunModel)" time="0.009" />
  <testcase classname="ptolemy.util.test.junit.AutoTests" name="[70] /home/travis/build/icyphy/ptII/ptolemy/domains/de/test/auto/TimingParadox.xml (RunModel)" time="0.341" />
  <testcase classname="ptolemy.util.test.junit.AutoTests" name="[71] /home/travis/build/icyphy/ptII/ptolemy/domains/de/test/auto/TransferInputs.xml (RunModel)" time="0.02" />
  <testcase classname="ptolemy.util.test.junit.AutoTests" name="[72] /home/travis/build/icyphy/ptII/ptolemy/domains/de/test/auto/TransferOutputs2.xml (RunModel)" time="0.016" />
  <testcase classname="ptolemy.util.test.junit.AutoTests" name="[73] /home/travis/build/icyphy/ptII/ptolemy/domains/de/test/auto/Trilateration.xml (RunModel)" time="11.549" />
  <testcase classname="ptolemy.util.test.junit.AutoTests" name="[74] /home/travis/build/icyphy/ptII/ptolemy/domains/de/test/auto/TwoSigmaDelta.xml (RunModel)" time="2.047" />
  <testcase classname="ptolemy.util.test.junit.AutoTests" name="[75] /home/travis/build/icyphy/ptII/ptolemy/domains/de/test/auto/VariableDelay.xml (RunModel)" time="0.015" />
  <testcase classname="ptolemy.util.test.junit.AutoTests" name="[76] /home/travis/build/icyphy/ptII/ptolemy/domains/de/test/auto/VariableDelay2.xml (RunModel)" time="0.008" />
  <testcase classname="ptolemy.util.test.junit.AutoTests" name="[77] /home/travis/build/icyphy/ptII/ptolemy/domains/de/test/auto/VariableDelayZeroDelay.xml (RunModel)" time="0.009" />
  <testcase classname="ptolemy.util.test.junit.AutoTests" name="[78] /home/travis/build/icyphy/ptII/ptolemy/domains/de/test/auto/VariableDelayZeroDelay2.xml (RunModel)" time="0.009" />
  <testcase classname="ptolemy.util.test.junit.AutoTests" name="[79] /home/travis/build/icyphy/ptII/ptolemy/domains/de/test/auto/deInCt.xml (RunModel)" time="0.015" />
  <testcase classname="ptolemy.util.test.junit.AutoTests" name="[80] /home/travis/build/icyphy/ptII/ptolemy/domains/de/test/auto/deInCt2.xml (RunModel)" time="0.022" />
  <testcase classname="ptolemy.util.test.junit.AutoTests" name="[81] /home/travis/build/icyphy/ptII/ptolemy/domains/de/test/auto/dynamicCausalityInterface1.xml (RunModel)" time="0.024" />
  <testcase classname="ptolemy.util.test.junit.AutoTests" name="[82] /home/travis/build/icyphy/ptII/ptolemy/domains/de/test/auto/fsm_de_test.xml (RunModel)" time="0.028" />
  <testcase classname="ptolemy.util.test.junit.AutoTests" name="[83] /home/travis/build/icyphy/ptII/ptolemy/domains/de/test/auto/functionDependencyReconstruction.xml (RunModel)" time="0.032" />
  <testcase classname="ptolemy.util.test.junit.AutoTests" name="[84] /home/travis/build/icyphy/ptII/ptolemy/domains/de/test/auto/multirate.xml (RunModel)" time="0.014" />
  <testcase classname="ptolemy.util.test.junit.AutoTests" name="[85] /home/travis/build/icyphy/ptII/ptolemy/domains/de/test/auto/multirate2.xml (RunModel)" time="0.015" />
  <testcase classname="ptolemy.util.test.junit.AutoTests" name="[86] /home/travis/build/icyphy/ptII/ptolemy/domains/de/test/auto/realtime.xml (RunModel)" time="10.009" />
  <testcase classname="ptolemy.util.test.junit.AutoTests" name="[87] /home/travis/build/icyphy/ptII/ptolemy/domains/de/test/auto/relationGroup.xml (RunModel)" time="0.007" />
  <testcase classname="ptolemy.util.test.junit.AutoTests" name="[88] /home/travis/build/icyphy/ptII/ptolemy/domains/de/test/auto/relationGroup2.xml (RunModel)" time="0.006" />
  <testcase classname="ptolemy.util.test.junit.AutoTests" name="[89] /home/travis/build/icyphy/ptII/ptolemy/domains/de/test/auto/sortWithOpaquePorts.xml (RunModel)" time="0.007" />
  <testcase classname="ptolemy.util.test.junit.AutoTests" name="[90] /home/travis/build/icyphy/ptII/ptolemy/domains/de/test/auto/transferInputsandOutputs.xml (RunModel)" time="0.018" />
  <testcase classname="ptolemy.util.test.junit.AutoTests" name="[91] /home/travis/build/icyphy/ptII/ptolemy/domains/de/test/auto/triggerType.xml (RunModel)" time="0.03" />
  <system-out><![CDATA[/home/travis/build/icyphy/ptII/ptolemy/domains/de/test/DependencyLoop.tcl
testDefs.tcl: setting time out to 9000 seconds at Thu Dec 20 03:06:35 UTC 2018
15 ms. Memory: 116224K Free: 93866K (81%)
23 ms. Memory: 146944K Free: 136271K (93%)
/home/travis/build/icyphy/ptII/ptolemy/domains/de/test/RunDETestsAsQSS.tcl
Run the DE tests using ptolemy.domains.qss.test.QSSDirectorTest, which extends QSSDirector and prints a message in the constructors.
------------------ testing $PTII/ptolemy/domains/de/test/auto/knownFailedTests/dependencyLoop.xml (Known Failure) 
15 ms. Memory: 146944K Free: 133159K (91%)


==== $PTIIhome/travis/build/icyphy/ptII/ptolemy/domains/de/test/../../../../: Auto Automatic test in file $PTII/ptolemy/domains/de/test/auto/knownFailedTests/dependencyLoop.xml
==== Contents of test case:

	    # FIXME: we should use $relativeFilename here, but it
	    # might have backslashes under Windows, which causes no end
	    # of trouble.
	    createAndExecute $file
	    list {}
	
.... Test generated KNOWN error:
    while executing
ptolemy.kernel.util.IllegalActionException: Found a zero delay loop containing .dependencyLoop.original
  in .dependencyLoop and .dependencyLoop.original
	at ptolemy.actor.util.CausalityInterfaceForComposites._computeOutputPortDepth(CausalityInterfaceForComposites.java:759)
	at ptolemy.actor.util.CausalityInterfaceForComposites._computeInputDepth(CausalityInterfaceForComposites.java:696)
	at ptolemy.actor.util.CausalityInterfaceForComposites._computeOutputPortDepth(CausalityInterfaceForComposites.java:765)
	at ptolemy.actor.util.CausalityInterfaceForComposites._computeInputDepth(CausalityInterfaceForComposites.java:696)
	at ptolemy.actor.util.CausalityInterfaceForComposites._computeOutputPortDepth(CausalityInterfaceForComposites.java:765)
	at ptolemy.actor.util.CausalityInterfaceForComposites._computeInputDepth(CausalityInterfaceForComposites.java:696)
	at ptolemy.actor.util.CausalityInterfaceForComposites._computeActorDepth(CausalityInterfaceForComposites.java:532)
	at ptolemy.actor.util.CausalityInterfaceForComposites.checkForCycles(CausalityInterfaceForComposites.java:96)
	at ptolemy.domains.de.kernel.DEDirector.preinitialize(DEDirector.java:1338)
	at ptolemy.actor.CompositeActor.preinitialize(CompositeActor.java:1828)
	at ptolemy.actor.Manager.preinitializeAndResolveTypes(Manager.java:1040)
	at ptolemy.actor.Manager.initialize(Manager.java:710)
	at ptolemy.actor.Manager.execute(Manager.java:356)
	at ptolemy.actor.Manager.run(Manager.java:1263)
	at ptolemy.actor.Manager$PtolemyRunThread.run(Manager.java:1915)

    while executing
ptolemy.kernel.util.IllegalActionException: Found a zero delay loop containing .dependencyLoop.original
  in .dependencyLoop and .dependencyLoop.original
    while executing
"java::new ptolemy.moml.MoMLSimpleApplication $file
"
    (procedure "createAndExecute" line 2)
    invoked from within
"createAndExecute $file"
    ("uplevel" body line 5)
    invoked from within
"uplevel $contents_of_test"
------------------ testing $PTII/ptolemy/domains/de/test/auto/knownFailedTests/DESDFClockTest.xml (Known Failure) 
2059 ms. Memory: 146944K Free: 117719K (80%)


==== $PTIIhome/travis/build/icyphy/ptII/ptolemy/domains/de/test/../../../../: Auto Automatic test in file $PTII/ptolemy/domains/de/test/auto/knownFailedTests/DESDFClockTest.xml
==== Contents of test case:

	    # FIXME: we should use $relativeFilename here, but it
	    # might have backslashes under Windows, which causes no end
	    # of trouble.
	    createAndExecute $file
	    list {}
	
.... Test generated KNOWN error:
    while executing
ptolemy.kernel.util.IllegalActionException: Actor is not ready to fire.  Perhaps UpSample.prefire() returned false? Try debugging the actor by selecting "Listen to Actor".  Also, for SDF check moml for tokenConsumptionRate on input.
  in .DESDFClockTest.Play Bell.Copy1:SDF Director and .DESDFClockTest.Play Bell.UpSample
	at ptolemy.actor.sched.StaticSchedulingDirector.fire(StaticSchedulingDirector.java:227)
	at ptolemy.domains.sdf.kernel.SDFDirector.fire(SDFDirector.java:500)
	at ptolemy.actor.CompositeActor.fire(CompositeActor.java:455)
	at ptolemy.domains.de.kernel.DEDirector._fire(DEDirector.java:1949)
	at ptolemy.domains.de.kernel.DEDirector.fire(DEDirector.java:502)
	at ptolemy.actor.CompositeActor.fire(CompositeActor.java:455)
	at ptolemy.actor.Manager.iterate(Manager.java:851)
	at ptolemy.actor.Manager.execute(Manager.java:369)
	at ptolemy.actor.Manager.run(Manager.java:1263)
	at ptolemy.actor.Manager$PtolemyRunThread.run(Manager.java:1915)

    while executing
ptolemy.kernel.util.IllegalActionException: Actor is not ready to fire.  Perhaps UpSample.prefire() returned false? Try debugging the actor by selecting "Listen to Actor".  Also, for SDF check moml for tokenConsumptionRate on input.
  in .DESDFClockTest.Play Bell.Copy1:SDF Director and .DESDFClockTest.Play Bell.UpSample
    while executing
"java::new ptolemy.moml.MoMLSimpleApplication $file
"
    (procedure "createAndExecute" line 2)
    invoked from within
"createAndExecute $file"
    ("uplevel" body line 5)
    invoked from within
"uplevel $contents_of_test"
------------------ testing $PTII/ptolemy/domains/de/test/auto/knownFailedTests/FSMSource.xml (Known Failure) 
39 ms. Memory: 146944K Free: 108693K (74%)
!!!! Auto was marked as failing, but now passes
------------------ testing $PTII/ptolemy/domains/de/test/auto/knownFailedTests/dependencyLoop2.xml (Known Failure) 
14 ms. Memory: 146944K Free: 106810K (73%)


==== $PTIIhome/travis/build/icyphy/ptII/ptolemy/domains/de/test/../../../../: Auto Automatic test in file $PTII/ptolemy/domains/de/test/auto/knownFailedTests/dependencyLoop2.xml
==== Contents of test case:

	    # FIXME: we should use $relativeFilename here, but it
	    # might have backslashes under Windows, which causes no end
	    # of trouble.
	    createAndExecute $file
	    list {}
	
.... Test generated KNOWN error:
    while executing
ptolemy.kernel.util.IllegalActionException: Found a zero delay loop containing .dependencyLoop2.original
  in .dependencyLoop2 and .dependencyLoop2.original
	at ptolemy.actor.util.CausalityInterfaceForComposites._computeOutputPortDepth(CausalityInterfaceForComposites.java:759)
	at ptolemy.actor.util.CausalityInterfaceForComposites._computeInputDepth(CausalityInterfaceForComposites.java:696)
	at ptolemy.actor.util.CausalityInterfaceForComposites._computeOutputPortDepth(CausalityInterfaceForComposites.java:765)
	at ptolemy.actor.util.CausalityInterfaceForComposites._computeInputDepth(CausalityInterfaceForComposites.java:696)
	at ptolemy.actor.util.CausalityInterfaceForComposites._computeOutputPortDepth(CausalityInterfaceForComposites.java:765)
	at ptolemy.actor.util.CausalityInterfaceForComposites._computeInputDepth(CausalityInterfaceForComposites.java:696)
	at ptolemy.actor.util.CausalityInterfaceForComposites._computeActorDepth(CausalityInterfaceForComposites.java:532)
	at ptolemy.actor.util.CausalityInterfaceForComposites.checkForCycles(CausalityInterfaceForComposites.java:96)
	at ptolemy.domains.de.kernel.DEDirector.preinitialize(DEDirector.java:1338)
	at ptolemy.actor.CompositeActor.preinitialize(CompositeActor.java:1828)
	at ptolemy.actor.Manager.preinitializeAndResolveTypes(Manager.java:1040)
	at ptolemy.actor.Manager.initialize(Manager.java:710)
	at ptolemy.actor.Manager.execute(Manager.java:356)
	at ptolemy.actor.Manager.run(Manager.java:1263)
	at ptolemy.actor.Manager$PtolemyRunThread.run(Manager.java:1915)

    while executing
ptolemy.kernel.util.IllegalActionException: Found a zero delay loop containing .dependencyLoop2.original
  in .dependencyLoop2 and .dependencyLoop2.original
    while executing
"java::new ptolemy.moml.MoMLSimpleApplication $file
"
    (procedure "createAndExecute" line 2)
    invoked from within
"createAndExecute $file"
    ("uplevel" body line 5)
    invoked from within
"uplevel $contents_of_test"
------------------ testing $PTII/ptolemy/domains/de/test/auto/knownFailedTests/HierarchicalModel.xml (Known Failure) 
4 ms. Memory: 146944K Free: 86284K (59%)


==== $PTIIhome/travis/build/icyphy/ptII/ptolemy/domains/de/test/../../../../: Auto Automatic test in file $PTII/ptolemy/domains/de/test/auto/knownFailedTests/HierarchicalModel.xml
==== Contents of test case:

	    # FIXME: we should use $relativeFilename here, but it
	    # might have backslashes under Windows, which causes no end
	    # of trouble.
	    createAndExecute $file
	    list {}
	
.... Test generated KNOWN error:
    while executing
ptolemy.kernel.util.IllegalActionException: Found a zero delay loop containing .HierarchicalModel.A
  in .HierarchicalModel and .HierarchicalModel.A
	at ptolemy.actor.util.CausalityInterfaceForComposites._computeOutputPortDepth(CausalityInterfaceForComposites.java:759)
	at ptolemy.actor.util.CausalityInterfaceForComposites._computeInputDepth(CausalityInterfaceForComposites.java:696)
	at ptolemy.actor.util.CausalityInterfaceForComposites._computeOutputPortDepth(CausalityInterfaceForComposites.java:765)
	at ptolemy.actor.util.CausalityInterfaceForComposites._computeInputDepth(CausalityInterfaceForComposites.java:696)
	at ptolemy.actor.util.CausalityInterfaceForComposites._computeOutputPortDepth(CausalityInterfaceForComposites.java:765)
	at ptolemy.actor.util.CausalityInterfaceForComposites._computeInputDepth(CausalityInterfaceForComposites.java:696)
	at ptolemy.actor.util.CausalityInterfaceForComposites._computeActorDepth(CausalityInterfaceForComposites.java:532)
	at ptolemy.actor.util.CausalityInterfaceForComposites.checkForCycles(CausalityInterfaceForComposites.java:96)
	at ptolemy.domains.de.kernel.DEDirector.preinitialize(DEDirector.java:1338)
	at ptolemy.actor.CompositeActor.preinitialize(CompositeActor.java:1828)
	at ptolemy.actor.Manager.preinitializeAndResolveTypes(Manager.java:1040)
	at ptolemy.actor.Manager.initialize(Manager.java:710)
	at ptolemy.actor.Manager.execute(Manager.java:356)
	at ptolemy.actor.Manager.run(Manager.java:1263)
	at ptolemy.actor.Manager$PtolemyRunThread.run(Manager.java:1915)

    while executing
ptolemy.kernel.util.IllegalActionException: Found a zero delay loop containing .HierarchicalModel.A
  in .HierarchicalModel and .HierarchicalModel.A
    while executing
"java::new ptolemy.moml.MoMLSimpleApplication $file
"
    (procedure "createAndExecute" line 2)
    invoked from within
"createAndExecute $file"
    ("uplevel" body line 5)
    invoked from within
"uplevel $contents_of_test"
------------------ testing $PTII/ptolemy/domains/de/test/auto/knownFailedTests/DirectFeedback.xml (Known Failure) 
13 ms. Memory: 146944K Free: 142535K (97%)


==== $PTIIhome/travis/build/icyphy/ptII/ptolemy/domains/de/test/../../../../: Auto Automatic test in file $PTII/ptolemy/domains/de/test/auto/knownFailedTests/DirectFeedback.xml
==== Contents of test case:

	    # FIXME: we should use $relativeFilename here, but it
	    # might have backslashes under Windows, which causes no end
	    # of trouble.
	    createAndExecute $file
	    list {}
	
.... Test generated KNOWN error:
    while executing
ptolemy.kernel.util.IllegalActionException: Test fails in iteration 1.
Value was: 1.0. Should have been: 2.0
  in .DirectFeedback.Test
	at ptolemy.actor.lib.Test.fire(Test.java:268)
	at ptolemy.domains.de.kernel.DEDirector._fire(DEDirector.java:1949)
	at ptolemy.domains.de.kernel.DEDirector.fire(DEDirector.java:502)
	at ptolemy.actor.CompositeActor.fire(CompositeActor.java:455)
	at ptolemy.actor.Manager.iterate(Manager.java:851)
	at ptolemy.actor.Manager.execute(Manager.java:369)
	at ptolemy.actor.Manager.run(Manager.java:1263)
	at ptolemy.actor.Manager$PtolemyRunThread.run(Manager.java:1915)

    while executing
ptolemy.kernel.util.IllegalActionException: Test fails in iteration 1.
Value was: 1.0. Should have been: 2.0
  in .DirectFeedback.Test
    while executing
"java::new ptolemy.moml.MoMLSimpleApplication $file
"
    (procedure "createAndExecute" line 2)
    invoked from within
"createAndExecute $file"
    ("uplevel" body line 5)
    invoked from within
"uplevel $contents_of_test"
------------------ testing $PTII/ptolemy/domains/de/test/auto/ActorDepthCalculation_actorWithoutPorts.xml
auto.tcl: Setting watchdog for 200 seconds at Thu Dec 20 03:06:38 UTC 2018
7 ms. Memory: 146944K Free: 133513K (91%)
ptolemy.util.test.WatchDog.cancel(): canceling Thu Dec 20 03:06:38 UTC 2018
auto.tcl: Setting watchdog for 200 seconds at Thu Dec 20 03:06:38 UTC 2018
4 ms. Memory: 146944K Free: 132465K (90%)
ptolemy.util.test.WatchDog.cancel(): canceling Thu Dec 20 03:06:38 UTC 2018
------------------ testing $PTII/ptolemy/domains/de/test/auto/AssemblyLine.xml
auto.tcl: Setting watchdog for 200 seconds at Thu Dec 20 03:06:39 UTC 2018
10 ms. Memory: 208384K Free: 181868K (87%)
ptolemy.util.test.WatchDog.cancel(): canceling Thu Dec 20 03:06:39 UTC 2018
auto.tcl: Setting watchdog for 200 seconds at Thu Dec 20 03:06:39 UTC 2018
6 ms. Memory: 208384K Free: 181868K (87%)
ptolemy.util.test.WatchDog.cancel(): canceling Thu Dec 20 03:06:39 UTC 2018
------------------ testing $PTII/ptolemy/domains/de/test/auto/CQBug1.xml
auto.tcl: Setting watchdog for 200 seconds at Thu Dec 20 03:06:39 UTC 2018
4 ms. Memory: 208384K Free: 196029K (94%)
ptolemy.util.test.WatchDog.cancel(): canceling Thu Dec 20 03:06:39 UTC 2018
auto.tcl: Setting watchdog for 200 seconds at Thu Dec 20 03:06:39 UTC 2018
2 ms. Memory: 208384K Free: 196029K (94%)
ptolemy.util.test.WatchDog.cancel(): canceling Thu Dec 20 03:06:39 UTC 2018
------------------ testing $PTII/ptolemy/domains/de/test/auto/CancelFireAt.xml
auto.tcl: Setting watchdog for 200 seconds at Thu Dec 20 03:06:39 UTC 2018
4 ms. Memory: 208384K Free: 200656K (96%)
ptolemy.util.test.WatchDog.cancel(): canceling Thu Dec 20 03:06:39 UTC 2018
auto.tcl: Setting watchdog for 200 seconds at Thu Dec 20 03:06:39 UTC 2018
5 ms. Memory: 208384K Free: 198540K (95%)
ptolemy.util.test.WatchDog.cancel(): canceling Thu Dec 20 03:06:39 UTC 2018
------------------ testing $PTII/ptolemy/domains/de/test/auto/CausalityAndComposabilityAnalysis.xml
auto.tcl: Setting watchdog for 200 seconds at Thu Dec 20 03:06:39 UTC 2018
8 ms. Memory: 208384K Free: 198548K (95%)
ptolemy.util.test.WatchDog.cancel(): canceling Thu Dec 20 03:06:39 UTC 2018
auto.tcl: Setting watchdog for 200 seconds at Thu Dec 20 03:06:39 UTC 2018
5 ms. Memory: 208384K Free: 196433K (94%)
ptolemy.util.test.WatchDog.cancel(): canceling Thu Dec 20 03:06:39 UTC 2018
------------------ testing $PTII/ptolemy/domains/de/test/auto/CausalityInterface1.xml
auto.tcl: Setting watchdog for 200 seconds at Thu Dec 20 03:06:39 UTC 2018
9 ms. Memory: 208384K Free: 196370K (94%)
ptolemy.util.test.WatchDog.cancel(): canceling Thu Dec 20 03:06:39 UTC 2018
auto.tcl: Setting watchdog for 200 seconds at Thu Dec 20 03:06:39 UTC 2018
4 ms. Memory: 208384K Free: 196370K (94%)
ptolemy.util.test.WatchDog.cancel(): canceling Thu Dec 20 03:06:39 UTC 2018
------------------ testing $PTII/ptolemy/domains/de/test/auto/CausalityInterface15.xml
auto.tcl: Setting watchdog for 200 seconds at Thu Dec 20 03:06:39 UTC 2018
4 ms. Memory: 208384K Free: 196699K (94%)
ptolemy.util.test.WatchDog.cancel(): canceling Thu Dec 20 03:06:39 UTC 2018
auto.tcl: Setting watchdog for 200 seconds at Thu Dec 20 03:06:39 UTC 2018
3 ms. Memory: 208384K Free: 196699K (94%)
ptolemy.util.test.WatchDog.cancel(): canceling Thu Dec 20 03:06:39 UTC 2018
------------------ testing $PTII/ptolemy/domains/de/test/auto/CausalityInterface2.xml
auto.tcl: Setting watchdog for 200 seconds at Thu Dec 20 03:06:39 UTC 2018
10 ms. Memory: 208384K Free: 196346K (94%)
ptolemy.util.test.WatchDog.cancel(): canceling Thu Dec 20 03:06:39 UTC 2018
auto.tcl: Setting watchdog for 200 seconds at Thu Dec 20 03:06:39 UTC 2018
3 ms. Memory: 208384K Free: 196346K (94%)
ptolemy.util.test.WatchDog.cancel(): canceling Thu Dec 20 03:06:39 UTC 2018
------------------ testing $PTII/ptolemy/domains/de/test/auto/CausalityInterface3.xml
auto.tcl: Setting watchdog for 200 seconds at Thu Dec 20 03:06:40 UTC 2018
4 ms. Memory: 208384K Free: 196359K (94%)
ptolemy.util.test.WatchDog.cancel(): canceling Thu Dec 20 03:06:40 UTC 2018
auto.tcl: Setting watchdog for 200 seconds at Thu Dec 20 03:06:40 UTC 2018
3 ms. Memory: 208384K Free: 196359K (94%)
ptolemy.util.test.WatchDog.cancel(): canceling Thu Dec 20 03:06:40 UTC 2018
------------------ testing $PTII/ptolemy/domains/de/test/auto/ClockDrift.xml
auto.tcl: Setting watchdog for 200 seconds at Thu Dec 20 03:06:40 UTC 2018
57 ms. Memory: 208384K Free: 187545K (90%)
ptolemy.util.test.WatchDog.cancel(): canceling Thu Dec 20 03:06:40 UTC 2018
auto.tcl: Setting watchdog for 200 seconds at Thu Dec 20 03:06:40 UTC 2018
37 ms. Memory: 208384K Free: 185430K (89%)
ptolemy.util.test.WatchDog.cancel(): canceling Thu Dec 20 03:06:40 UTC 2018
------------------ testing $PTII/ptolemy/domains/de/test/auto/ClockDriftAndValueChange.xml
auto.tcl: Setting watchdog for 200 seconds at Thu Dec 20 03:06:40 UTC 2018
59 ms. Memory: 208384K Free: 187381K (90%)
ptolemy.util.test.WatchDog.cancel(): canceling Thu Dec 20 03:06:40 UTC 2018
auto.tcl: Setting watchdog for 200 seconds at Thu Dec 20 03:06:40 UTC 2018
33 ms. Memory: 208384K Free: 185266K (89%)
ptolemy.util.test.WatchDog.cancel(): canceling Thu Dec 20 03:06:40 UTC 2018
------------------ testing $PTII/ptolemy/domains/de/test/auto/ClockDriftChange.xml
auto.tcl: Setting watchdog for 200 seconds at Thu Dec 20 03:06:40 UTC 2018
20 ms. Memory: 208384K Free: 190717K (92%)
ptolemy.util.test.WatchDog.cancel(): canceling Thu Dec 20 03:06:40 UTC 2018
auto.tcl: Setting watchdog for 200 seconds at Thu Dec 20 03:06:40 UTC 2018
30 ms. Memory: 208384K Free: 188602K (91%)
ptolemy.util.test.WatchDog.cancel(): canceling Thu Dec 20 03:06:40 UTC 2018
------------------ testing $PTII/ptolemy/domains/de/test/auto/ComposableCausalityAnalysis.xml
auto.tcl: Setting watchdog for 200 seconds at Thu Dec 20 03:06:40 UTC 2018
4 ms. Memory: 208384K Free: 195968K (94%)
ptolemy.util.test.WatchDog.cancel(): canceling Thu Dec 20 03:06:40 UTC 2018
auto.tcl: Setting watchdog for 200 seconds at Thu Dec 20 03:06:40 UTC 2018
2 ms. Memory: 208384K Free: 193853K (93%)
ptolemy.util.test.WatchDog.cancel(): canceling Thu Dec 20 03:06:40 UTC 2018
------------------ testing $PTII/ptolemy/domains/de/test/auto/DEFixedPointLimitation.xml
auto.tcl: Setting watchdog for 200 seconds at Thu Dec 20 03:06:40 UTC 2018
2 ms. Memory: 208384K Free: 196048K (94%)
ptolemy.util.test.WatchDog.cancel(): canceling Thu Dec 20 03:06:40 UTC 2018
auto.tcl: Setting watchdog for 200 seconds at Thu Dec 20 03:06:40 UTC 2018
2 ms. Memory: 208384K Free: 196048K (94%)
ptolemy.util.test.WatchDog.cancel(): canceling Thu Dec 20 03:06:40 UTC 2018
------------------ testing $PTII/ptolemy/domains/de/test/auto/DEScheduleTest.xml
auto.tcl: Setting watchdog for 200 seconds at Thu Dec 20 03:06:40 UTC 2018
5 ms. Memory: 208384K Free: 198197K (95%)
ptolemy.util.test.WatchDog.cancel(): canceling Thu Dec 20 03:06:40 UTC 2018
auto.tcl: Setting watchdog for 200 seconds at Thu Dec 20 03:06:40 UTC 2018
4 ms. Memory: 208384K Free: 196081K (94%)
ptolemy.util.test.WatchDog.cancel(): canceling Thu Dec 20 03:06:40 UTC 2018
------------------ testing $PTII/ptolemy/domains/de/test/auto/DEinDEwithStartTimes.xml
auto.tcl: Setting watchdog for 200 seconds at Thu Dec 20 03:06:40 UTC 2018
3 ms. Memory: 208384K Free: 196052K (94%)
ptolemy.util.test.WatchDog.cancel(): canceling Thu Dec 20 03:06:40 UTC 2018
auto.tcl: Setting watchdog for 200 seconds at Thu Dec 20 03:06:40 UTC 2018
3 ms. Memory: 208384K Free: 193936K (93%)
ptolemy.util.test.WatchDog.cancel(): canceling Thu Dec 20 03:06:40 UTC 2018
------------------ testing $PTII/ptolemy/domains/de/test/auto/DEinDEwithStartTimes2.xml
auto.tcl: Setting watchdog for 200 seconds at Thu Dec 20 03:06:41 UTC 2018
9 ms. Memory: 208384K Free: 196031K (94%)
ptolemy.util.test.WatchDog.cancel(): canceling Thu Dec 20 03:06:41 UTC 2018
auto.tcl: Setting watchdog for 200 seconds at Thu Dec 20 03:06:41 UTC 2018
4 ms. Memory: 208384K Free: 193916K (93%)
ptolemy.util.test.WatchDog.cancel(): canceling Thu Dec 20 03:06:41 UTC 2018
------------------ testing $PTII/ptolemy/domains/de/test/auto/DateDemo.xml
auto.tcl: Setting watchdog for 200 seconds at Thu Dec 20 03:06:41 UTC 2018
10 ms. Memory: 208384K Free: 188414K (90%)
ptolemy.util.test.WatchDog.cancel(): canceling Thu Dec 20 03:06:41 UTC 2018
auto.tcl: Setting watchdog for 200 seconds at Thu Dec 20 03:06:41 UTC 2018
7 ms. Memory: 208384K Free: 186299K (89%)
ptolemy.util.test.WatchDog.cancel(): canceling Thu Dec 20 03:06:41 UTC 2018
------------------ testing $PTII/ptolemy/domains/de/test/auto/DateToEvent.xml
auto.tcl: Setting watchdog for 200 seconds at Thu Dec 20 03:06:41 UTC 2018
2023 ms. Memory: 208384K Free: 183075K (88%)
ptolemy.util.test.WatchDog.cancel(): canceling Thu Dec 20 03:06:43 UTC 2018
auto.tcl: Setting watchdog for 200 seconds at Thu Dec 20 03:06:43 UTC 2018
2005 ms. Memory: 208384K Free: 180617K (87%)
ptolemy.util.test.WatchDog.cancel(): canceling Thu Dec 20 03:06:45 UTC 2018
------------------ testing $PTII/ptolemy/domains/de/test/auto/DepthTest1.xml
auto.tcl: Setting watchdog for 200 seconds at Thu Dec 20 03:06:45 UTC 2018
3 ms. Memory: 208384K Free: 197726K (95%)
ptolemy.util.test.WatchDog.cancel(): canceling Thu Dec 20 03:06:45 UTC 2018
auto.tcl: Setting watchdog for 200 seconds at Thu Dec 20 03:06:45 UTC 2018
4 ms. Memory: 208384K Free: 197726K (95%)
ptolemy.util.test.WatchDog.cancel(): canceling Thu Dec 20 03:06:45 UTC 2018
------------------ testing $PTII/ptolemy/domains/de/test/auto/DepthTest2.xml
auto.tcl: Setting watchdog for 200 seconds at Thu Dec 20 03:06:45 UTC 2018
3 ms. Memory: 208384K Free: 193896K (93%)
ptolemy.util.test.WatchDog.cancel(): canceling Thu Dec 20 03:06:45 UTC 2018
auto.tcl: Setting watchdog for 200 seconds at Thu Dec 20 03:06:45 UTC 2018
2 ms. Memory: 208384K Free: 193896K (93%)
ptolemy.util.test.WatchDog.cancel(): canceling Thu Dec 20 03:06:45 UTC 2018
------------------ testing $PTII/ptolemy/domains/de/test/auto/DepthTest3.xml
auto.tcl: Setting watchdog for 200 seconds at Thu Dec 20 03:06:45 UTC 2018
6 ms. Memory: 208384K Free: 198058K (95%)
ptolemy.util.test.WatchDog.cancel(): canceling Thu Dec 20 03:06:45 UTC 2018
auto.tcl: Setting watchdog for 200 seconds at Thu Dec 20 03:06:45 UTC 2018
2 ms. Memory: 208384K Free: 198058K (95%)
ptolemy.util.test.WatchDog.cancel(): canceling Thu Dec 20 03:06:45 UTC 2018
------------------ testing $PTII/ptolemy/domains/de/test/auto/DepthTest4.xml
auto.tcl: Setting watchdog for 200 seconds at Thu Dec 20 03:06:45 UTC 2018
13 ms. Memory: 208384K Free: 196030K (94%)
ptolemy.util.test.WatchDog.cancel(): canceling Thu Dec 20 03:06:45 UTC 2018
auto.tcl: Setting watchdog for 200 seconds at Thu Dec 20 03:06:45 UTC 2018
2 ms. Memory: 208384K Free: 196030K (94%)
ptolemy.util.test.WatchDog.cancel(): canceling Thu Dec 20 03:06:45 UTC 2018
------------------ testing $PTII/ptolemy/domains/de/test/auto/DepthTest5.xml
auto.tcl: Setting watchdog for 200 seconds at Thu Dec 20 03:06:45 UTC 2018
2 ms. Memory: 208384K Free: 195977K (94%)
ptolemy.util.test.WatchDog.cancel(): canceling Thu Dec 20 03:06:45 UTC 2018
auto.tcl: Setting watchdog for 200 seconds at Thu Dec 20 03:06:45 UTC 2018
2 ms. Memory: 208384K Free: 195977K (94%)
ptolemy.util.test.WatchDog.cancel(): canceling Thu Dec 20 03:06:45 UTC 2018
------------------ testing $PTII/ptolemy/domains/de/test/auto/DepthTest6.xml
auto.tcl: Setting watchdog for 200 seconds at Thu Dec 20 03:06:45 UTC 2018
9 ms. Memory: 208384K Free: 195937K (94%)
ptolemy.util.test.WatchDog.cancel(): canceling Thu Dec 20 03:06:45 UTC 2018
auto.tcl: Setting watchdog for 200 seconds at Thu Dec 20 03:06:45 UTC 2018
2 ms. Memory: 208384K Free: 195937K (94%)
ptolemy.util.test.WatchDog.cancel(): canceling Thu Dec 20 03:06:45 UTC 2018
------------------ testing $PTII/ptolemy/domains/de/test/auto/DepthTest7.xml
auto.tcl: Setting watchdog for 200 seconds at Thu Dec 20 03:06:45 UTC 2018
6 ms. Memory: 208384K Free: 195934K (94%)
ptolemy.util.test.WatchDog.cancel(): canceling Thu Dec 20 03:06:45 UTC 2018
auto.tcl: Setting watchdog for 200 seconds at Thu Dec 20 03:06:45 UTC 2018
2 ms. Memory: 208384K Free: 195934K (94%)
ptolemy.util.test.WatchDog.cancel(): canceling Thu Dec 20 03:06:45 UTC 2018
------------------ testing $PTII/ptolemy/domains/de/test/auto/EventToDate.xml
auto.tcl: Setting watchdog for 200 seconds at Thu Dec 20 03:06:45 UTC 2018
3008 ms. Memory: 208384K Free: 185379K (89%)
ptolemy.util.test.WatchDog.cancel(): canceling Thu Dec 20 03:06:48 UTC 2018
auto.tcl: Setting watchdog for 200 seconds at Thu Dec 20 03:06:48 UTC 2018
3003 ms. Memory: 208384K Free: 185379K (89%)
ptolemy.util.test.WatchDog.cancel(): canceling Thu Dec 20 03:06:52 UTC 2018
------------------ testing $PTII/ptolemy/domains/de/test/auto/FSM1.xml
auto.tcl: Setting watchdog for 200 seconds at Thu Dec 20 03:06:52 UTC 2018
36 ms. Memory: 208384K Free: 188956K (91%)
ptolemy.util.test.WatchDog.cancel(): canceling Thu Dec 20 03:06:52 UTC 2018
auto.tcl: Setting watchdog for 200 seconds at Thu Dec 20 03:06:52 UTC 2018
14 ms. Memory: 208384K Free: 184725K (89%)
ptolemy.util.test.WatchDog.cancel(): canceling Thu Dec 20 03:06:52 UTC 2018
------------------ testing $PTII/ptolemy/domains/de/test/auto/FSM7.xml
auto.tcl: Setting watchdog for 200 seconds at Thu Dec 20 03:06:52 UTC 2018
12 ms. Memory: 208384K Free: 187044K (90%)
ptolemy.util.test.WatchDog.cancel(): canceling Thu Dec 20 03:06:52 UTC 2018
auto.tcl: Setting watchdog for 200 seconds at Thu Dec 20 03:06:52 UTC 2018
21 ms. Memory: 208384K Free: 184929K (89%)
ptolemy.util.test.WatchDog.cancel(): canceling Thu Dec 20 03:06:52 UTC 2018
------------------ testing $PTII/ptolemy/domains/de/test/auto/Inspection.xml
auto.tcl: Setting watchdog for 200 seconds at Thu Dec 20 03:06:52 UTC 2018
40 ms. Memory: 208384K Free: 188596K (91%)
ptolemy.util.test.WatchDog.cancel(): canceling Thu Dec 20 03:06:52 UTC 2018
auto.tcl: Setting watchdog for 200 seconds at Thu Dec 20 03:06:52 UTC 2018
16 ms. Memory: 208384K Free: 186480K (89%)
ptolemy.util.test.WatchDog.cancel(): canceling Thu Dec 20 03:06:52 UTC 2018
------------------ testing $PTII/ptolemy/domains/de/test/auto/Iteration.xml
auto.tcl: Setting watchdog for 200 seconds at Thu Dec 20 03:06:52 UTC 2018
10 ms. Memory: 208384K Free: 195742K (94%)
ptolemy.util.test.WatchDog.cancel(): canceling Thu Dec 20 03:06:52 UTC 2018
auto.tcl: Setting watchdog for 200 seconds at Thu Dec 20 03:06:52 UTC 2018
6 ms. Memory: 208384K Free: 193626K (93%)
ptolemy.util.test.WatchDog.cancel(): canceling Thu Dec 20 03:06:52 UTC 2018
------------------ testing $PTII/ptolemy/domains/de/test/auto/LineFault.xml
auto.tcl: Setting watchdog for 200 seconds at Thu Dec 20 03:06:52 UTC 2018
770 ms. Memory: 208384K Free: 194893K (94%)
ptolemy.util.test.WatchDog.cancel(): canceling Thu Dec 20 03:06:53 UTC 2018
auto.tcl: Setting watchdog for 200 seconds at Thu Dec 20 03:06:53 UTC 2018
537 ms. Memory: 208384K Free: 142736K (68%)
ptolemy.util.test.WatchDog.cancel(): canceling Thu Dec 20 03:06:54 UTC 2018
------------------ testing $PTII/ptolemy/domains/de/test/auto/MergeModel1Add.xml
auto.tcl: Setting watchdog for 200 seconds at Thu Dec 20 03:06:54 UTC 2018
15 ms. Memory: 331264K Free: 299774K (90%)
ptolemy.util.test.WatchDog.cancel(): canceling Thu Dec 20 03:06:54 UTC 2018
auto.tcl: Setting watchdog for 200 seconds at Thu Dec 20 03:06:54 UTC 2018
9 ms. Memory: 331264K Free: 299774K (90%)
ptolemy.util.test.WatchDog.cancel(): canceling Thu Dec 20 03:06:54 UTC 2018
------------------ testing $PTII/ptolemy/domains/de/test/auto/MergeModel2Add.xml
auto.tcl: Setting watchdog for 200 seconds at Thu Dec 20 03:06:54 UTC 2018
8 ms. Memory: 331264K Free: 304838K (92%)
ptolemy.util.test.WatchDog.cancel(): canceling Thu Dec 20 03:06:54 UTC 2018
auto.tcl: Setting watchdog for 200 seconds at Thu Dec 20 03:06:54 UTC 2018
7 ms. Memory: 331264K Free: 301113K (91%)
ptolemy.util.test.WatchDog.cancel(): canceling Thu Dec 20 03:06:54 UTC 2018
------------------ testing $PTII/ptolemy/domains/de/test/auto/MergeModel3Add.xml
auto.tcl: Setting watchdog for 200 seconds at Thu Dec 20 03:06:54 UTC 2018
16 ms. Memory: 331264K Free: 304832K (92%)
ptolemy.util.test.WatchDog.cancel(): canceling Thu Dec 20 03:06:54 UTC 2018
auto.tcl: Setting watchdog for 200 seconds at Thu Dec 20 03:06:54 UTC 2018
8 ms. Memory: 331264K Free: 301107K (91%)
ptolemy.util.test.WatchDog.cancel(): canceling Thu Dec 20 03:06:54 UTC 2018
------------------ testing $PTII/ptolemy/domains/de/test/auto/MergeWithoutDiscard.xml
auto.tcl: Setting watchdog for 200 seconds at Thu Dec 20 03:06:54 UTC 2018
4 ms. Memory: 331264K Free: 316022K (95%)
ptolemy.util.test.WatchDog.cancel(): canceling Thu Dec 20 03:06:54 UTC 2018
auto.tcl: Setting watchdog for 200 seconds at Thu Dec 20 03:06:54 UTC 2018
1 ms. Memory: 331264K Free: 316022K (95%)
ptolemy.util.test.WatchDog.cancel(): canceling Thu Dec 20 03:06:54 UTC 2018
------------------ testing $PTII/ptolemy/domains/de/test/auto/Modal1.xml
auto.tcl: Setting watchdog for 200 seconds at Thu Dec 20 03:06:54 UTC 2018
24 ms. Memory: 331264K Free: 310153K (94%)
ptolemy.util.test.WatchDog.cancel(): canceling Thu Dec 20 03:06:54 UTC 2018
auto.tcl: Setting watchdog for 200 seconds at Thu Dec 20 03:06:54 UTC 2018
23 ms. Memory: 331264K Free: 306427K (93%)
ptolemy.util.test.WatchDog.cancel(): canceling Thu Dec 20 03:06:54 UTC 2018
------------------ testing $PTII/ptolemy/domains/de/test/auto/Modal2.xml
auto.tcl: Setting watchdog for 200 seconds at Thu Dec 20 03:06:54 UTC 2018
13 ms. Memory: 331264K Free: 305110K (92%)
ptolemy.util.test.WatchDog.cancel(): canceling Thu Dec 20 03:06:54 UTC 2018
auto.tcl: Setting watchdog for 200 seconds at Thu Dec 20 03:06:54 UTC 2018
16 ms. Memory: 331264K Free: 301384K (91%)
ptolemy.util.test.WatchDog.cancel(): canceling Thu Dec 20 03:06:54 UTC 2018
------------------ testing $PTII/ptolemy/domains/de/test/auto/Modal3.xml
auto.tcl: Setting watchdog for 200 seconds at Thu Dec 20 03:06:54 UTC 2018
10 ms. Memory: 331264K Free: 310463K (94%)
ptolemy.util.test.WatchDog.cancel(): canceling Thu Dec 20 03:06:54 UTC 2018
auto.tcl: Setting watchdog for 200 seconds at Thu Dec 20 03:06:54 UTC 2018
9 ms. Memory: 331264K Free: 306298K (92%)
ptolemy.util.test.WatchDog.cancel(): canceling Thu Dec 20 03:06:54 UTC 2018
------------------ testing $PTII/ptolemy/domains/de/test/auto/Modal4.xml
auto.tcl: Setting watchdog for 200 seconds at Thu Dec 20 03:06:54 UTC 2018
28 ms. Memory: 331264K Free: 310021K (94%)
ptolemy.util.test.WatchDog.cancel(): canceling Thu Dec 20 03:06:55 UTC 2018
auto.tcl: Setting watchdog for 200 seconds at Thu Dec 20 03:06:55 UTC 2018
24 ms. Memory: 331264K Free: 306295K (92%)
ptolemy.util.test.WatchDog.cancel(): canceling Thu Dec 20 03:06:55 UTC 2018
------------------ testing $PTII/ptolemy/domains/de/test/auto/Modal5.xml
auto.tcl: Setting watchdog for 200 seconds at Thu Dec 20 03:06:55 UTC 2018
17 ms. Memory: 331264K Free: 310008K (94%)
ptolemy.util.test.WatchDog.cancel(): canceling Thu Dec 20 03:06:55 UTC 2018
auto.tcl: Setting watchdog for 200 seconds at Thu Dec 20 03:06:55 UTC 2018
22 ms. Memory: 331264K Free: 306283K (92%)
ptolemy.util.test.WatchDog.cancel(): canceling Thu Dec 20 03:06:55 UTC 2018
------------------ testing $PTII/ptolemy/domains/de/test/auto/Modal6.xml
auto.tcl: Setting watchdog for 200 seconds at Thu Dec 20 03:06:55 UTC 2018
13 ms. Memory: 331264K Free: 309997K (94%)
ptolemy.util.test.WatchDog.cancel(): canceling Thu Dec 20 03:06:55 UTC 2018
auto.tcl: Setting watchdog for 200 seconds at Thu Dec 20 03:06:55 UTC 2018
14 ms. Memory: 331264K Free: 306272K (92%)
ptolemy.util.test.WatchDog.cancel(): canceling Thu Dec 20 03:06:55 UTC 2018
------------------ testing $PTII/ptolemy/domains/de/test/auto/Modal7.xml
auto.tcl: Setting watchdog for 200 seconds at Thu Dec 20 03:06:55 UTC 2018
15 ms. Memory: 331264K Free: 306280K (92%)
ptolemy.util.test.WatchDog.cancel(): canceling Thu Dec 20 03:06:55 UTC 2018
auto.tcl: Setting watchdog for 200 seconds at Thu Dec 20 03:06:55 UTC 2018
9 ms. Memory: 331264K Free: 302555K (91%)
ptolemy.util.test.WatchDog.cancel(): canceling Thu Dec 20 03:06:55 UTC 2018
------------------ testing $PTII/ptolemy/domains/de/test/auto/ModalModel.xml
auto.tcl: Setting watchdog for 200 seconds at Thu Dec 20 03:06:55 UTC 2018
204 ms. Memory: 331264K Free: 249645K (75%)
ptolemy.util.test.WatchDog.cancel(): canceling Thu Dec 20 03:06:55 UTC 2018
auto.tcl: Setting watchdog for 200 seconds at Thu Dec 20 03:06:55 UTC 2018
182 ms. Memory: 331264K Free: 193626K (58%)
ptolemy.util.test.WatchDog.cancel(): canceling Thu Dec 20 03:06:55 UTC 2018
------------------ testing $PTII/ptolemy/domains/de/test/auto/ModalSource.xml
auto.tcl: Setting watchdog for 200 seconds at Thu Dec 20 03:06:55 UTC 2018
6 ms. Memory: 331264K Free: 316419K (96%)
ptolemy.util.test.WatchDog.cancel(): canceling Thu Dec 20 03:06:55 UTC 2018
auto.tcl: Setting watchdog for 200 seconds at Thu Dec 20 03:06:55 UTC 2018
5 ms. Memory: 331264K Free: 313016K (94%)
ptolemy.util.test.WatchDog.cancel(): canceling Thu Dec 20 03:06:55 UTC 2018
------------------ testing $PTII/ptolemy/domains/de/test/auto/NonInterruptibleTimerZeroDelay.xml
auto.tcl: Setting watchdog for 200 seconds at Thu Dec 20 03:06:55 UTC 2018
3 ms. Memory: 331264K Free: 320760K (97%)
ptolemy.util.test.WatchDog.cancel(): canceling Thu Dec 20 03:06:56 UTC 2018
auto.tcl: Setting watchdog for 200 seconds at Thu Dec 20 03:06:56 UTC 2018
2 ms. Memory: 331264K Free: 317373K (96%)
ptolemy.util.test.WatchDog.cancel(): canceling Thu Dec 20 03:06:56 UTC 2018
------------------ testing $PTII/ptolemy/domains/de/test/auto/OpenQueueingNetwork.xml
auto.tcl: Setting watchdog for 200 seconds at Thu Dec 20 03:06:56 UTC 2018
2672 ms. Memory: 317952K Free: 208428K (66%)
ptolemy.util.test.WatchDog.cancel(): canceling Thu Dec 20 03:06:58 UTC 2018
auto.tcl: Setting watchdog for 200 seconds at Thu Dec 20 03:06:58 UTC 2018
2081 ms. Memory: 297472K Free: 136757K (46%)
ptolemy.util.test.WatchDog.cancel(): canceling Thu Dec 20 03:07:00 UTC 2018
------------------ testing $PTII/ptolemy/domains/de/test/auto/OpenQueuingNetwork.xml
auto.tcl: Setting watchdog for 200 seconds at Thu Dec 20 03:07:01 UTC 2018
240 ms. Memory: 296448K Free: 203511K (69%)
ptolemy.util.test.WatchDog.cancel(): canceling Thu Dec 20 03:07:01 UTC 2018
auto.tcl: Setting watchdog for 200 seconds at Thu Dec 20 03:07:01 UTC 2018
216 ms. Memory: 296448K Free: 149025K (50%)
ptolemy.util.test.WatchDog.cancel(): canceling Thu Dec 20 03:07:01 UTC 2018
------------------ testing $PTII/ptolemy/domains/de/test/auto/PeriodicSampler.xml
auto.tcl: Setting watchdog for 200 seconds at Thu Dec 20 03:07:01 UTC 2018
3 ms. Memory: 296960K Free: 284303K (96%)
ptolemy.util.test.WatchDog.cancel(): canceling Thu Dec 20 03:07:01 UTC 2018
auto.tcl: Setting watchdog for 200 seconds at Thu Dec 20 03:07:01 UTC 2018
2 ms. Memory: 296960K Free: 281202K (95%)
ptolemy.util.test.WatchDog.cancel(): canceling Thu Dec 20 03:07:01 UTC 2018
------------------ testing $PTII/ptolemy/domains/de/test/auto/PersistentIO.xml
auto.tcl: Setting watchdog for 200 seconds at Thu Dec 20 03:07:01 UTC 2018
12 ms. Memory: 296448K Free: 278188K (94%)
ptolemy.util.test.WatchDog.cancel(): canceling Thu Dec 20 03:07:01 UTC 2018
auto.tcl: Setting watchdog for 200 seconds at Thu Dec 20 03:07:01 UTC 2018
5 ms. Memory: 296448K Free: 275087K (93%)
ptolemy.util.test.WatchDog.cancel(): canceling Thu Dec 20 03:07:01 UTC 2018
------------------ testing $PTII/ptolemy/domains/de/test/auto/PortParameterResetOnInitialize.xml
auto.tcl: Setting watchdog for 200 seconds at Thu Dec 20 03:07:01 UTC 2018
2 ms. Memory: 296448K Free: 280988K (95%)
ptolemy.util.test.WatchDog.cancel(): canceling Thu Dec 20 03:07:01 UTC 2018
auto.tcl: Setting watchdog for 200 seconds at Thu Dec 20 03:07:01 UTC 2018
2 ms. Memory: 296448K Free: 280988K (95%)
ptolemy.util.test.WatchDog.cancel(): canceling Thu Dec 20 03:07:01 UTC 2018
------------------ testing $PTII/ptolemy/domains/de/test/auto/PortParameterUpdates.xml
auto.tcl: Setting watchdog for 200 seconds at Thu Dec 20 03:07:01 UTC 2018
4 ms. Memory: 298496K Free: 283169K (95%)
ptolemy.util.test.WatchDog.cancel(): canceling Thu Dec 20 03:07:02 UTC 2018
auto.tcl: Setting watchdog for 200 seconds at Thu Dec 20 03:07:02 UTC 2018
3 ms. Memory: 298496K Free: 280068K (94%)
ptolemy.util.test.WatchDog.cancel(): canceling Thu Dec 20 03:07:02 UTC 2018
------------------ testing $PTII/ptolemy/domains/de/test/auto/QueueAndServer.xml
auto.tcl: Setting watchdog for 200 seconds at Thu Dec 20 03:07:02 UTC 2018
17 ms. Memory: 296448K Free: 280134K (94%)
ptolemy.util.test.WatchDog.cancel(): canceling Thu Dec 20 03:07:02 UTC 2018
auto.tcl: Setting watchdog for 200 seconds at Thu Dec 20 03:07:02 UTC 2018
7 ms. Memory: 296448K Free: 280134K (94%)
ptolemy.util.test.WatchDog.cancel(): canceling Thu Dec 20 03:07:02 UTC 2018
------------------ testing $PTII/ptolemy/domains/de/test/auto/Records.xml
auto.tcl: Setting watchdog for 200 seconds at Thu Dec 20 03:07:02 UTC 2018
4 ms. Memory: 298496K Free: 285388K (96%)
ptolemy.util.test.WatchDog.cancel(): canceling Thu Dec 20 03:07:02 UTC 2018
auto.tcl: Setting watchdog for 200 seconds at Thu Dec 20 03:07:02 UTC 2018
2 ms. Memory: 298496K Free: 285388K (96%)
ptolemy.util.test.WatchDog.cancel(): canceling Thu Dec 20 03:07:02 UTC 2018
------------------ testing $PTII/ptolemy/domains/de/test/auto/ResetTransitionWithStartTime1.xml
auto.tcl: Setting watchdog for 200 seconds at Thu Dec 20 03:07:02 UTC 2018
16 ms. Memory: 296448K Free: 278114K (94%)
ptolemy.util.test.WatchDog.cancel(): canceling Thu Dec 20 03:07:02 UTC 2018
auto.tcl: Setting watchdog for 200 seconds at Thu Dec 20 03:07:02 UTC 2018
7 ms. Memory: 296448K Free: 277952K (94%)
ptolemy.util.test.WatchDog.cancel(): canceling Thu Dec 20 03:07:02 UTC 2018
------------------ testing $PTII/ptolemy/domains/de/test/auto/ResetTransitionWithStartTime2.xml
auto.tcl: Setting watchdog for 200 seconds at Thu Dec 20 03:07:02 UTC 2018
7 ms. Memory: 297984K Free: 281791K (95%)
ptolemy.util.test.WatchDog.cancel(): canceling Thu Dec 20 03:07:02 UTC 2018
auto.tcl: Setting watchdog for 200 seconds at Thu Dec 20 03:07:02 UTC 2018
6 ms. Memory: 297984K Free: 281791K (95%)
ptolemy.util.test.WatchDog.cancel(): canceling Thu Dec 20 03:07:02 UTC 2018
------------------ testing $PTII/ptolemy/domains/de/test/auto/ResetTransitionWithStartTime3.xml
auto.tcl: Setting watchdog for 200 seconds at Thu Dec 20 03:07:02 UTC 2018
5 ms. Memory: 296448K Free: 277941K (94%)
ptolemy.util.test.WatchDog.cancel(): canceling Thu Dec 20 03:07:02 UTC 2018
auto.tcl: Setting watchdog for 200 seconds at Thu Dec 20 03:07:02 UTC 2018
6 ms. Memory: 296448K Free: 277941K (94%)
ptolemy.util.test.WatchDog.cancel(): canceling Thu Dec 20 03:07:02 UTC 2018
------------------ testing $PTII/ptolemy/domains/de/test/auto/ResetTransitionWithStartTime4.xml
auto.tcl: Setting watchdog for 200 seconds at Thu Dec 20 03:07:02 UTC 2018
4 ms. Memory: 297984K Free: 281642K (95%)
ptolemy.util.test.WatchDog.cancel(): canceling Thu Dec 20 03:07:02 UTC 2018
auto.tcl: Setting watchdog for 200 seconds at Thu Dec 20 03:07:02 UTC 2018
4 ms. Memory: 297984K Free: 281642K (95%)
ptolemy.util.test.WatchDog.cancel(): canceling Thu Dec 20 03:07:02 UTC 2018
------------------ testing $PTII/ptolemy/domains/de/test/auto/ResettableTimer1.xml
auto.tcl: Setting watchdog for 200 seconds at Thu Dec 20 03:07:02 UTC 2018
3 ms. Memory: 296448K Free: 283186K (96%)
ptolemy.util.test.WatchDog.cancel(): canceling Thu Dec 20 03:07:02 UTC 2018
auto.tcl: Setting watchdog for 200 seconds at Thu Dec 20 03:07:02 UTC 2018
2 ms. Memory: 296448K Free: 283186K (96%)
ptolemy.util.test.WatchDog.cancel(): canceling Thu Dec 20 03:07:02 UTC 2018
------------------ testing $PTII/ptolemy/domains/de/test/auto/ResettableTimer2.xml
auto.tcl: Setting watchdog for 200 seconds at Thu Dec 20 03:07:02 UTC 2018
4 ms. Memory: 297984K Free: 284943K (96%)
ptolemy.util.test.WatchDog.cancel(): canceling Thu Dec 20 03:07:02 UTC 2018
auto.tcl: Setting watchdog for 200 seconds at Thu Dec 20 03:07:02 UTC 2018
5 ms. Memory: 297984K Free: 284943K (96%)
ptolemy.util.test.WatchDog.cancel(): canceling Thu Dec 20 03:07:02 UTC 2018
------------------ testing $PTII/ptolemy/domains/de/test/auto/ResettableTimer3.xml
auto.tcl: Setting watchdog for 200 seconds at Thu Dec 20 03:07:02 UTC 2018
1 ms. Memory: 296448K Free: 283259K (96%)
ptolemy.util.test.WatchDog.cancel(): canceling Thu Dec 20 03:07:02 UTC 2018
auto.tcl: Setting watchdog for 200 seconds at Thu Dec 20 03:07:02 UTC 2018
1 ms. Memory: 296448K Free: 283259K (96%)
ptolemy.util.test.WatchDog.cancel(): canceling Thu Dec 20 03:07:02 UTC 2018
------------------ testing $PTII/ptolemy/domains/de/test/auto/ResettableTimer4.xml
auto.tcl: Setting watchdog for 200 seconds at Thu Dec 20 03:07:02 UTC 2018
1 ms. Memory: 297472K Free: 284451K (96%)
ptolemy.util.test.WatchDog.cancel(): canceling Thu Dec 20 03:07:02 UTC 2018
auto.tcl: Setting watchdog for 200 seconds at Thu Dec 20 03:07:02 UTC 2018
2 ms. Memory: 297472K Free: 284451K (96%)
ptolemy.util.test.WatchDog.cancel(): canceling Thu Dec 20 03:07:02 UTC 2018
------------------ testing $PTII/ptolemy/domains/de/test/auto/ResettableTimer5.xml
auto.tcl: Setting watchdog for 200 seconds at Thu Dec 20 03:07:02 UTC 2018
3 ms. Memory: 296448K Free: 281104K (95%)
ptolemy.util.test.WatchDog.cancel(): canceling Thu Dec 20 03:07:02 UTC 2018
auto.tcl: Setting watchdog for 200 seconds at Thu Dec 20 03:07:02 UTC 2018
1 ms. Memory: 296448K Free: 281104K (95%)
ptolemy.util.test.WatchDog.cancel(): canceling Thu Dec 20 03:07:02 UTC 2018
------------------ testing $PTII/ptolemy/domains/de/test/auto/ResettableTimer6.xml
auto.tcl: Setting watchdog for 200 seconds at Thu Dec 20 03:07:02 UTC 2018
2 ms. Memory: 297472K Free: 284236K (96%)
ptolemy.util.test.WatchDog.cancel(): canceling Thu Dec 20 03:07:02 UTC 2018
auto.tcl: Setting watchdog for 200 seconds at Thu Dec 20 03:07:02 UTC 2018
1 ms. Memory: 297472K Free: 284236K (96%)
ptolemy.util.test.WatchDog.cancel(): canceling Thu Dec 20 03:07:02 UTC 2018
------------------ testing $PTII/ptolemy/domains/de/test/auto/ServerZeroDelay.xml
auto.tcl: Setting watchdog for 200 seconds at Thu Dec 20 03:07:02 UTC 2018
2 ms. Memory: 296448K Free: 283357K (96%)
ptolemy.util.test.WatchDog.cancel(): canceling Thu Dec 20 03:07:03 UTC 2018
auto.tcl: Setting watchdog for 200 seconds at Thu Dec 20 03:07:03 UTC 2018
2 ms. Memory: 296448K Free: 283357K (96%)
ptolemy.util.test.WatchDog.cancel(): canceling Thu Dec 20 03:07:03 UTC 2018
------------------ testing $PTII/ptolemy/domains/de/test/auto/SmartSender.xml
auto.tcl: Setting watchdog for 200 seconds at Thu Dec 20 03:07:03 UTC 2018
3002 ms. Memory: 297472K Free: 284376K (96%)
ptolemy.util.test.WatchDog.cancel(): canceling Thu Dec 20 03:07:06 UTC 2018
auto.tcl: Setting watchdog for 200 seconds at Thu Dec 20 03:07:06 UTC 2018
3002 ms. Memory: 297472K Free: 284376K (96%)
ptolemy.util.test.WatchDog.cancel(): canceling Thu Dec 20 03:07:09 UTC 2018
------------------ testing $PTII/ptolemy/domains/de/test/auto/ThreadedComposite.xml
auto.tcl: Setting watchdog for 200 seconds at Thu Dec 20 03:07:09 UTC 2018
235 ms. Memory: 296448K Free: 261980K (88%)
ptolemy.util.test.WatchDog.cancel(): canceling Thu Dec 20 03:07:09 UTC 2018
auto.tcl: Setting watchdog for 200 seconds at Thu Dec 20 03:07:09 UTC 2018
122 ms. Memory: 296448K Free: 247209K (83%)
ptolemy.util.test.WatchDog.cancel(): canceling Thu Dec 20 03:07:09 UTC 2018
------------------ testing $PTII/ptolemy/domains/de/test/auto/Time.xml
auto.tcl: Setting watchdog for 200 seconds at Thu Dec 20 03:07:09 UTC 2018
537 ms. Memory: 297472K Free: 238780K (80%)
ptolemy.util.test.WatchDog.cancel(): canceling Thu Dec 20 03:07:10 UTC 2018
auto.tcl: Setting watchdog for 200 seconds at Thu Dec 20 03:07:10 UTC 2018
565 ms. Memory: 297472K Free: 192506K (65%)
ptolemy.util.test.WatchDog.cancel(): canceling Thu Dec 20 03:07:10 UTC 2018
------------------ testing $PTII/ptolemy/domains/de/test/auto/TimeDelayZeroDelay.xml
auto.tcl: Setting watchdog for 200 seconds at Thu Dec 20 03:07:10 UTC 2018
2 ms. Memory: 296448K Free: 283112K (96%)
ptolemy.util.test.WatchDog.cancel(): canceling Thu Dec 20 03:07:10 UTC 2018
auto.tcl: Setting watchdog for 200 seconds at Thu Dec 20 03:07:10 UTC 2018
2 ms. Memory: 296448K Free: 283112K (96%)
ptolemy.util.test.WatchDog.cancel(): canceling Thu Dec 20 03:07:10 UTC 2018
------------------ testing $PTII/ptolemy/domains/de/test/auto/TimerZeroDelay.xml
auto.tcl: Setting watchdog for 200 seconds at Thu Dec 20 03:07:10 UTC 2018
2 ms. Memory: 296960K Free: 286931K (97%)
ptolemy.util.test.WatchDog.cancel(): canceling Thu Dec 20 03:07:10 UTC 2018
auto.tcl: Setting watchdog for 200 seconds at Thu Dec 20 03:07:10 UTC 2018
2 ms. Memory: 296960K Free: 283846K (96%)
ptolemy.util.test.WatchDog.cancel(): canceling Thu Dec 20 03:07:10 UTC 2018
------------------ testing $PTII/ptolemy/domains/de/test/auto/TimingParadox.xml
auto.tcl: Setting watchdog for 200 seconds at Thu Dec 20 03:07:10 UTC 2018
368 ms. Memory: 296448K Free: 224248K (76%)
ptolemy.util.test.WatchDog.cancel(): canceling Thu Dec 20 03:07:11 UTC 2018
auto.tcl: Setting watchdog for 200 seconds at Thu Dec 20 03:07:11 UTC 2018
315 ms. Memory: 296448K Free: 196483K (66%)
ptolemy.util.test.WatchDog.cancel(): canceling Thu Dec 20 03:07:11 UTC 2018
------------------ testing $PTII/ptolemy/domains/de/test/auto/TransferInputs.xml
auto.tcl: Setting watchdog for 200 seconds at Thu Dec 20 03:07:11 UTC 2018
2 ms. Memory: 296960K Free: 282735K (95%)
ptolemy.util.test.WatchDog.cancel(): canceling Thu Dec 20 03:07:11 UTC 2018
auto.tcl: Setting watchdog for 200 seconds at Thu Dec 20 03:07:11 UTC 2018
1 ms. Memory: 296960K Free: 282735K (95%)
ptolemy.util.test.WatchDog.cancel(): canceling Thu Dec 20 03:07:11 UTC 2018
------------------ testing $PTII/ptolemy/domains/de/test/auto/TransferOutputs2.xml
auto.tcl: Setting watchdog for 200 seconds at Thu Dec 20 03:07:11 UTC 2018
10 ms. Memory: 296448K Free: 278090K (94%)
ptolemy.util.test.WatchDog.cancel(): canceling Thu Dec 20 03:07:11 UTC 2018
auto.tcl: Setting watchdog for 200 seconds at Thu Dec 20 03:07:11 UTC 2018
3 ms. Memory: 296448K Free: 278090K (94%)
ptolemy.util.test.WatchDog.cancel(): canceling Thu Dec 20 03:07:11 UTC 2018
------------------ testing $PTII/ptolemy/domains/de/test/auto/Trilateration.xml
auto.tcl: Setting watchdog for 200 seconds at Thu Dec 20 03:07:11 UTC 2018
13653 ms. Memory: 586752K Free: 295803K (50%)
ptolemy.util.test.WatchDog.cancel(): canceling Thu Dec 20 03:07:26 UTC 2018
auto.tcl: Setting watchdog for 200 seconds at Thu Dec 20 03:07:26 UTC 2018
10873 ms. Memory: 462336K Free: 271273K (59%)
ptolemy.util.test.WatchDog.cancel(): canceling Thu Dec 20 03:07:37 UTC 2018
------------------ testing $PTII/ptolemy/domains/de/test/auto/TwoSigmaDelta.xml
auto.tcl: Setting watchdog for 200 seconds at Thu Dec 20 03:07:37 UTC 2018
2593 ms. Memory: 458752K Free: 156100K (34%)
ptolemy.util.test.WatchDog.cancel(): canceling Thu Dec 20 03:07:40 UTC 2018
auto.tcl: Setting watchdog for 200 seconds at Thu Dec 20 03:07:40 UTC 2018
2009 ms. Memory: 444416K Free: 285889K (64%)
ptolemy.util.test.WatchDog.cancel(): canceling Thu Dec 20 03:07:42 UTC 2018
------------------ testing $PTII/ptolemy/domains/de/test/auto/VariableDelay.xml
auto.tcl: Setting watchdog for 200 seconds at Thu Dec 20 03:07:42 UTC 2018
5 ms. Memory: 441344K Free: 423572K (96%)
ptolemy.util.test.WatchDog.cancel(): canceling Thu Dec 20 03:07:42 UTC 2018
auto.tcl: Setting watchdog for 200 seconds at Thu Dec 20 03:07:42 UTC 2018
2 ms. Memory: 441344K Free: 423572K (96%)
ptolemy.util.test.WatchDog.cancel(): canceling Thu Dec 20 03:07:42 UTC 2018
------------------ testing $PTII/ptolemy/domains/de/test/auto/VariableDelay2.xml
auto.tcl: Setting watchdog for 200 seconds at Thu Dec 20 03:07:42 UTC 2018
2 ms. Memory: 443904K Free: 430157K (97%)
ptolemy.util.test.WatchDog.cancel(): canceling Thu Dec 20 03:07:42 UTC 2018
auto.tcl: Setting watchdog for 200 seconds at Thu Dec 20 03:07:42 UTC 2018
1 ms. Memory: 443904K Free: 430157K (97%)
ptolemy.util.test.WatchDog.cancel(): canceling Thu Dec 20 03:07:42 UTC 2018
------------------ testing $PTII/ptolemy/domains/de/test/auto/VariableDelayZeroDelay.xml
auto.tcl: Setting watchdog for 200 seconds at Thu Dec 20 03:07:42 UTC 2018
2 ms. Memory: 441344K Free: 423996K (96%)
ptolemy.util.test.WatchDog.cancel(): canceling Thu Dec 20 03:07:42 UTC 2018
auto.tcl: Setting watchdog for 200 seconds at Thu Dec 20 03:07:42 UTC 2018
2 ms. Memory: 441344K Free: 423996K (96%)
ptolemy.util.test.WatchDog.cancel(): canceling Thu Dec 20 03:07:42 UTC 2018
------------------ testing $PTII/ptolemy/domains/de/test/auto/VariableDelayZeroDelay2.xml
auto.tcl: Setting watchdog for 200 seconds at Thu Dec 20 03:07:42 UTC 2018
2 ms. Memory: 443392K Free: 426042K (96%)
ptolemy.util.test.WatchDog.cancel(): canceling Thu Dec 20 03:07:42 UTC 2018
auto.tcl: Setting watchdog for 200 seconds at Thu Dec 20 03:07:42 UTC 2018
2 ms. Memory: 443392K Free: 426042K (96%)
ptolemy.util.test.WatchDog.cancel(): canceling Thu Dec 20 03:07:42 UTC 2018
------------------ testing $PTII/ptolemy/domains/de/test/auto/deInCt.xml
auto.tcl: Setting watchdog for 200 seconds at Thu Dec 20 03:07:42 UTC 2018
0
1
1
1
1
0
0
0
1
1
1
0
0
0
0
1
1
1
0
0
0
1
1
1
0
0
0
1
1
1
1
0
0
0
0
1
1
1
1
8 ms. Memory: 441344K Free: 423971K (96%)
ptolemy.util.test.WatchDog.cancel(): canceling Thu Dec 20 03:07:42 UTC 2018
auto.tcl: Setting watchdog for 200 seconds at Thu Dec 20 03:07:42 UTC 2018
0
1
1
1
0
0
1
1
1
0
0
0
1
1
1
1
0
0
0
1
1
1
1
1
0
0
0
1
1
1
0
0
0
1
1
1
0
0
0
1
1
1
0
0
0
0
5 ms. Memory: 441344K Free: 418745K (95%)
ptolemy.util.test.WatchDog.cancel(): canceling Thu Dec 20 03:07:42 UTC 2018
------------------ testing $PTII/ptolemy/domains/de/test/auto/deInCt2.xml
auto.tcl: Setting watchdog for 200 seconds at Thu Dec 20 03:07:42 UTC 2018
0
1
1
1
0
0
1
1
1
0
0
1
1
1
0
0
1
1
1
0
0
1
1
1
0
0
1
1
1
0
0
1
1
1
0
0
1
1
1
0
0
0
15 ms. Memory: 443392K Free: 426039K (96%)
ptolemy.util.test.WatchDog.cancel(): canceling Thu Dec 20 03:07:42 UTC 2018
auto.tcl: Setting watchdog for 200 seconds at Thu Dec 20 03:07:42 UTC 2018
0
1
1
1
0
0
1
1
1
0
0
1
1
1
0
0
1
1
1
0
0
1
1
1
0
0
1
1
1
0
0
1
1
1
0
0
1
1
1
0
0
0
7 ms. Memory: 443392K Free: 420797K (95%)
ptolemy.util.test.WatchDog.cancel(): canceling Thu Dec 20 03:07:42 UTC 2018
------------------ testing $PTII/ptolemy/domains/de/test/auto/dynamicCausalityInterface1.xml
auto.tcl: Setting watchdog for 200 seconds at Thu Dec 20 03:07:42 UTC 2018
1 ms. Memory: 441344K Free: 418753K (95%)
ptolemy.util.test.WatchDog.cancel(): canceling Thu Dec 20 03:07:42 UTC 2018
auto.tcl: Setting watchdog for 200 seconds at Thu Dec 20 03:07:42 UTC 2018
1 ms. Memory: 441344K Free: 418753K (95%)
ptolemy.util.test.WatchDog.cancel(): canceling Thu Dec 20 03:07:42 UTC 2018
------------------ testing $PTII/ptolemy/domains/de/test/auto/fsm_de_test.xml
auto.tcl: Setting watchdog for 200 seconds at Thu Dec 20 03:07:42 UTC 2018
10 ms. Memory: 442880K Free: 420184K (95%)
ptolemy.util.test.WatchDog.cancel(): canceling Thu Dec 20 03:07:42 UTC 2018
auto.tcl: Setting watchdog for 200 seconds at Thu Dec 20 03:07:42 UTC 2018
5 ms. Memory: 442880K Free: 420184K (95%)
ptolemy.util.test.WatchDog.cancel(): canceling Thu Dec 20 03:07:42 UTC 2018
------------------ testing $PTII/ptolemy/domains/de/test/auto/functionDependencyReconstruction.xml
auto.tcl: Setting watchdog for 200 seconds at Thu Dec 20 03:07:42 UTC 2018
2 ms. Memory: 441344K Free: 413405K (94%)
ptolemy.util.test.WatchDog.cancel(): canceling Thu Dec 20 03:07:42 UTC 2018
auto.tcl: Setting watchdog for 200 seconds at Thu Dec 20 03:07:42 UTC 2018
2 ms. Memory: 441344K Free: 408178K (92%)
ptolemy.util.test.WatchDog.cancel(): canceling Thu Dec 20 03:07:42 UTC 2018
------------------ testing $PTII/ptolemy/domains/de/test/auto/multirate.xml
auto.tcl: Setting watchdog for 200 seconds at Thu Dec 20 03:07:42 UTC 2018
3 ms. Memory: 442880K Free: 420043K (95%)
ptolemy.util.test.WatchDog.cancel(): canceling Thu Dec 20 03:07:42 UTC 2018
auto.tcl: Setting watchdog for 200 seconds at Thu Dec 20 03:07:42 UTC 2018
3 ms. Memory: 442880K Free: 420043K (95%)
ptolemy.util.test.WatchDog.cancel(): canceling Thu Dec 20 03:07:42 UTC 2018
------------------ testing $PTII/ptolemy/domains/de/test/auto/multirate2.xml
auto.tcl: Setting watchdog for 200 seconds at Thu Dec 20 03:07:43 UTC 2018
2 ms. Memory: 441344K Free: 418675K (95%)
ptolemy.util.test.WatchDog.cancel(): canceling Thu Dec 20 03:07:43 UTC 2018
auto.tcl: Setting watchdog for 200 seconds at Thu Dec 20 03:07:43 UTC 2018
3 ms. Memory: 441344K Free: 418675K (95%)
ptolemy.util.test.WatchDog.cancel(): canceling Thu Dec 20 03:07:43 UTC 2018
------------------ testing $PTII/ptolemy/domains/de/test/auto/realtime.xml
auto.tcl: Setting watchdog for 200 seconds at Thu Dec 20 03:07:43 UTC 2018
10002 ms. Memory: 442368K Free: 424939K (96%)
ptolemy.util.test.WatchDog.cancel(): canceling Thu Dec 20 03:07:53 UTC 2018
auto.tcl: Setting watchdog for 200 seconds at Thu Dec 20 03:07:53 UTC 2018
10000 ms. Memory: 442368K Free: 424939K (96%)
ptolemy.util.test.WatchDog.cancel(): canceling Thu Dec 20 03:08:03 UTC 2018
------------------ testing $PTII/ptolemy/domains/de/test/auto/relationGroup.xml
auto.tcl: Setting watchdog for 200 seconds at Thu Dec 20 03:08:03 UTC 2018
2 ms. Memory: 441344K Free: 427560K (97%)
ptolemy.util.test.WatchDog.cancel(): canceling Thu Dec 20 03:08:03 UTC 2018
auto.tcl: Setting watchdog for 200 seconds at Thu Dec 20 03:08:03 UTC 2018
1 ms. Memory: 441344K Free: 427560K (97%)
ptolemy.util.test.WatchDog.cancel(): canceling Thu Dec 20 03:08:03 UTC 2018
------------------ testing $PTII/ptolemy/domains/de/test/auto/relationGroup2.xml
auto.tcl: Setting watchdog for 200 seconds at Thu Dec 20 03:08:03 UTC 2018
2 ms. Memory: 442368K Free: 425012K (96%)
ptolemy.util.test.WatchDog.cancel(): canceling Thu Dec 20 03:08:03 UTC 2018
auto.tcl: Setting watchdog for 200 seconds at Thu Dec 20 03:08:03 UTC 2018
1 ms. Memory: 442368K Free: 425012K (96%)
ptolemy.util.test.WatchDog.cancel(): canceling Thu Dec 20 03:08:03 UTC 2018
------------------ testing $PTII/ptolemy/domains/de/test/auto/sortWithOpaquePorts.xml
auto.tcl: Setting watchdog for 200 seconds at Thu Dec 20 03:08:03 UTC 2018
1 ms. Memory: 441344K Free: 423989K (96%)
ptolemy.util.test.WatchDog.cancel(): canceling Thu Dec 20 03:08:03 UTC 2018
auto.tcl: Setting watchdog for 200 seconds at Thu Dec 20 03:08:03 UTC 2018
1 ms. Memory: 441344K Free: 423989K (96%)
ptolemy.util.test.WatchDog.cancel(): canceling Thu Dec 20 03:08:03 UTC 2018
------------------ testing $PTII/ptolemy/domains/de/test/auto/transferInputsandOutputs.xml
auto.tcl: Setting watchdog for 200 seconds at Thu Dec 20 03:08:03 UTC 2018
1 ms. Memory: 442368K Free: 419774K (95%)
ptolemy.util.test.WatchDog.cancel(): canceling Thu Dec 20 03:08:03 UTC 2018
auto.tcl: Setting watchdog for 200 seconds at Thu Dec 20 03:08:03 UTC 2018
2 ms. Memory: 442368K Free: 419774K (95%)
ptolemy.util.test.WatchDog.cancel(): canceling Thu Dec 20 03:08:03 UTC 2018
------------------ testing $PTII/ptolemy/domains/de/test/auto/triggerType.xml
auto.tcl: Setting watchdog for 200 seconds at Thu Dec 20 03:08:03 UTC 2018
1 ms. Memory: 441344K Free: 423927K (96%)
ptolemy.util.test.WatchDog.cancel(): canceling Thu Dec 20 03:08:03 UTC 2018
auto.tcl: Setting watchdog for 200 seconds at Thu Dec 20 03:08:03 UTC 2018
2 ms. Memory: 441344K Free: 423927K (96%)
ptolemy.util.test.WatchDog.cancel(): canceling Thu Dec 20 03:08:03 UTC 2018
12/20/18 03:08:03
Failed: 0  Total Tests: 192  ((Passed: 187, Newly Passed: 1)  Known Failed: 5) /home/travis/build/icyphy/ptII/ptolemy/domains/de/test
12/20/18 03:08:03
Failed: 0  Total Tests: 192  ((Passed: 187, Newly Passed: 1)  Known Failed: 5) /home/travis/build/icyphy/ptII/ptolemy/domains/de/test
----------------- testing (KnownFailure) /home/travis/build/icyphy/ptII/ptolemy/domains/de/test/auto/knownFailedTests/DESDFClockTest.xml
2010 ms. Memory: 441856K Free: 410059K (93%)
Known Failure: java.lang.reflect.InvocationTargetException
----------------- testing (KnownFailure) /home/travis/build/icyphy/ptII/ptolemy/domains/de/test/auto/knownFailedTests/DirectFeedback.xml
1 ms. Memory: 441856K Free: 381264K (86%)
Known Failure: java.lang.reflect.InvocationTargetException
----------------- testing (KnownFailure) /home/travis/build/icyphy/ptII/ptolemy/domains/de/test/auto/knownFailedTests/FSMSource.xml
13 ms. Memory: 441856K Free: 352469K (80%)
----------------- testing (KnownFailure) /home/travis/build/icyphy/ptII/ptolemy/domains/de/test/auto/knownFailedTests/HierarchicalModel.xml
3 ms. Memory: 441856K Free: 323658K (73%)
Known Failure: java.lang.reflect.InvocationTargetException
----------------- testing (KnownFailure) /home/travis/build/icyphy/ptII/ptolemy/domains/de/test/auto/knownFailedTests/dependencyLoop.xml
4 ms. Memory: 441856K Free: 280465K (63%)
Known Failure: java.lang.reflect.InvocationTargetException
----------------- testing (KnownFailure) /home/travis/build/icyphy/ptII/ptolemy/domains/de/test/auto/knownFailedTests/dependencyLoop2.xml
5 ms. Memory: 441856K Free: 237256K (54%)
Known Failure: java.lang.reflect.InvocationTargetException
No auto/linux-amd64/*.xml tests in /home/travis/build/icyphy/ptII/ptolemy/domains/de/test
AutoTests.java: About to close Vertx.
AutoTests.java: Vertx closed.

===========================================================================================
----------------- testing Thu Dec 20 03:08:05 UTC 2018 /home/travis/build/icyphy/ptII/ptolemy/domains/de/test/auto/ActorDepthCalculation_actorWithoutPorts.xml
----------------- Instantiating /home/travis/build/icyphy/ptII/ptolemy/domains/de/test/auto/ActorDepthCalculation_actorWithoutPorts.xml
3 ms. Memory: 441856K Free: 201262K (46%)
----------------- Invoking toplevel() on ptolemy.moml.MoMLSimpleApplication@7c91e548
----------------- Done invoking toplevel() on ptolemy.moml.MoMLSimpleApplication@7c91e548
reloadAllAccessors: .ActorDepthCalculation_actorWithoutPorts

===========================================================================================
----------------- testing Thu Dec 20 03:08:05 UTC 2018 /home/travis/build/icyphy/ptII/ptolemy/domains/de/test/auto/AssemblyLine.xml
----------------- Instantiating /home/travis/build/icyphy/ptII/ptolemy/domains/de/test/auto/AssemblyLine.xml
4 ms. Memory: 441856K Free: 186865K (42%)
----------------- Invoking toplevel() on ptolemy.moml.MoMLSimpleApplication@3443f04b
----------------- Done invoking toplevel() on ptolemy.moml.MoMLSimpleApplication@3443f04b
reloadAllAccessors: .AssemblyLine

===========================================================================================
----------------- testing Thu Dec 20 03:08:05 UTC 2018 /home/travis/build/icyphy/ptII/ptolemy/domains/de/test/auto/CQBug1.xml
----------------- Instantiating /home/travis/build/icyphy/ptII/ptolemy/domains/de/test/auto/CQBug1.xml
1 ms. Memory: 441856K Free: 172467K (39%)
----------------- Invoking toplevel() on ptolemy.moml.MoMLSimpleApplication@5b503e27
----------------- Done invoking toplevel() on ptolemy.moml.MoMLSimpleApplication@5b503e27
reloadAllAccessors: .CQBug1

===========================================================================================
----------------- testing Thu Dec 20 03:08:05 UTC 2018 /home/travis/build/icyphy/ptII/ptolemy/domains/de/test/auto/CancelFireAt.xml
----------------- Instantiating /home/travis/build/icyphy/ptII/ptolemy/domains/de/test/auto/CancelFireAt.xml
1 ms. Memory: 441856K Free: 158070K (36%)
----------------- Invoking toplevel() on ptolemy.moml.MoMLSimpleApplication@18c714d9
----------------- Done invoking toplevel() on ptolemy.moml.MoMLSimpleApplication@18c714d9
reloadAllAccessors: .CancelFireAt

===========================================================================================
----------------- testing Thu Dec 20 03:08:05 UTC 2018 /home/travis/build/icyphy/ptII/ptolemy/domains/de/test/auto/CausalityAndComposabilityAnalysis.xml
----------------- Instantiating /home/travis/build/icyphy/ptII/ptolemy/domains/de/test/auto/CausalityAndComposabilityAnalysis.xml
2 ms. Memory: 441856K Free: 143673K (33%)
----------------- Invoking toplevel() on ptolemy.moml.MoMLSimpleApplication@5ea9a037
----------------- Done invoking toplevel() on ptolemy.moml.MoMLSimpleApplication@5ea9a037
reloadAllAccessors: .CausalityAndComposabilityAnalysis

===========================================================================================
----------------- testing Thu Dec 20 03:08:05 UTC 2018 /home/travis/build/icyphy/ptII/ptolemy/domains/de/test/auto/CausalityInterface1.xml
----------------- Instantiating /home/travis/build/icyphy/ptII/ptolemy/domains/de/test/auto/CausalityInterface1.xml
5 ms. Memory: 441856K Free: 129275K (29%)
----------------- Invoking toplevel() on ptolemy.moml.MoMLSimpleApplication@41af9256
----------------- Done invoking toplevel() on ptolemy.moml.MoMLSimpleApplication@41af9256
reloadAllAccessors: .CausalityInterface1

===========================================================================================
----------------- testing Thu Dec 20 03:08:05 UTC 2018 /home/travis/build/icyphy/ptII/ptolemy/domains/de/test/auto/CausalityInterface15.xml
----------------- Instantiating /home/travis/build/icyphy/ptII/ptolemy/domains/de/test/auto/CausalityInterface15.xml
2 ms. Memory: 441856K Free: 114878K (26%)
----------------- Invoking toplevel() on ptolemy.moml.MoMLSimpleApplication@6c5dbab1
----------------- Done invoking toplevel() on ptolemy.moml.MoMLSimpleApplication@6c5dbab1
reloadAllAccessors: .CausalityInterface15

[...]
java.lang.RuntimeException: Execution failed
	at ptolemy.moml.MoMLSimpleApplication$UnloadThread.run(MoMLSimpleApplication.java:402)
Caused by: ptolemy.kernel.util.IllegalActionException: Test fails in iteration 1.
Value was: 1.0. Should have been: 2.0
  in .DirectFeedback.Test
	at ptolemy.actor.lib.Test.fire(Test.java:268)
	at ptolemy.domains.de.kernel.DEDirector._fire(DEDirector.java:1949)
	at ptolemy.domains.de.kernel.DEDirector.fire(DEDirector.java:502)
	at ptolemy.actor.CompositeActor.fire(CompositeActor.java:455)
	at ptolemy.actor.Manager.iterate(Manager.java:851)
	at ptolemy.actor.Manager.execute(Manager.java:369)
	at ptolemy.actor.Manager.run(Manager.java:1263)
	at ptolemy.actor.Manager$PtolemyRunThread.run(Manager.java:1915)
java.lang.RuntimeException: Execution failed
	at ptolemy.moml.MoMLSimpleApplication$UnloadThread.run(MoMLSimpleApplication.java:402)
Caused by: ptolemy.kernel.util.IllegalActionException: Actor is not ready to fire.  Perhaps UpSample.prefire() returned false? Try debugging the actor by selecting "Listen to Actor".  Also, for SDF check moml for tokenConsumptionRate on input.
  in .DESDFClockTest.Play Bell.Copy1:SDF Director and .DESDFClockTest.Play Bell.UpSample
	at ptolemy.actor.sched.StaticSchedulingDirector.fire(StaticSchedulingDirector.java:227)
	at ptolemy.domains.sdf.kernel.SDFDirector.fire(SDFDirector.java:500)
	at ptolemy.actor.CompositeActor.fire(CompositeActor.java:455)
	at ptolemy.domains.de.kernel.DEDirector._fire(DEDirector.java:1949)
	at ptolemy.domains.de.kernel.DEDirector.fire(DEDirector.java:502)
	at ptolemy.actor.CompositeActor.fire(CompositeActor.java:455)
	at ptolemy.actor.Manager.iterate(Manager.java:851)
	at ptolemy.actor.Manager.execute(Manager.java:369)
	at ptolemy.actor.Manager.run(Manager.java:1263)
	at ptolemy.actor.Manager$PtolemyRunThread.run(Manager.java:1915)
java.lang.reflect.InvocationTargetException
	at sun.reflect.NativeConstructorAccessorImpl.newInstance0(Native Method)
	at sun.reflect.NativeConstructorAccessorImpl.newInstance(NativeConstructorAccessorImpl.java:62)
	at sun.reflect.DelegatingConstructorAccessorImpl.newInstance(DelegatingConstructorAccessorImpl.java:45)
	at java.lang.reflect.Constructor.newInstance(Constructor.java:423)
	at ptolemy.util.test.junit.AutoKnownFailedTests.RunModel(AutoKnownFailedTests.java:105)
	at sun.reflect.NativeMethodAccessorImpl.invoke0(Native Method)
	at sun.reflect.NativeMethodAccessorImpl.invoke(NativeMethodAccessorImpl.java:62)
	at sun.reflect.DelegatingMethodAccessorImpl.invoke(DelegatingMethodAccessorImpl.java:43)
	at java.lang.reflect.Method.invoke(Method.java:498)
	at org.junit.runners.model.FrameworkMethod$1.runReflectiveCall(FrameworkMethod.java:44)
	at org.junit.internal.runners.model.ReflectiveCallable.run(ReflectiveCallable.java:15)
	at org.junit.runners.model.FrameworkMethod.invokeExplosively(FrameworkMethod.java:41)
	at junitparams.internal.InvokeParameterisedMethod.evaluate(InvokeParameterisedMethod.java:102)
	at org.junit.internal.runners.statements.FailOnTimeout$1.run(FailOnTimeout.java:28)
Caused by: ptolemy.kernel.util.IllegalActionException: Actor is not ready to fire.  Perhaps UpSample.prefire() returned false? Try debugging the actor by selecting "Listen to Actor".  Also, for SDF check moml for tokenConsumptionRate on input.
  in .DESDFClockTest.Play Bell.Copy1:SDF Director and .DESDFClockTest.Play Bell.UpSample
	at ptolemy.actor.sched.StaticSchedulingDirector.fire(StaticSchedulingDirector.java:227)
	at ptolemy.domains.sdf.kernel.SDFDirector.fire(SDFDirector.java:500)
	at ptolemy.actor.CompositeActor.fire(CompositeActor.java:455)
	at ptolemy.domains.de.kernel.DEDirector._fire(DEDirector.java:1949)
	at ptolemy.domains.de.kernel.DEDirector.fire(DEDirector.java:502)
	at ptolemy.actor.CompositeActor.fire(CompositeActor.java:455)
	at ptolemy.actor.Manager.iterate(Manager.java:851)
	at ptolemy.actor.Manager.execute(Manager.java:369)
	at ptolemy.actor.Manager.run(Manager.java:1263)
	at ptolemy.actor.Manager$PtolemyRunThread.run(Manager.java:1915)
java.lang.RuntimeException: Execution failed
	at ptolemy.moml.MoMLSimpleApplication$UnloadThread.run(MoMLSimpleApplication.java:402)
Caused by: ptolemy.kernel.util.IllegalActionException: Test fails in iteration 1.
Value was: 1.0. Should have been: 2.0
  in .DirectFeedback.Test
	at ptolemy.actor.lib.Test.fire(Test.java:268)
	at ptolemy.domains.de.kernel.DEDirector._fire(DEDirector.java:1949)
	at ptolemy.domains.de.kernel.DEDirector.fire(DEDirector.java:502)
	at ptolemy.actor.CompositeActor.fire(CompositeActor.java:455)
	at ptolemy.actor.Manager.iterate(Manager.java:851)
	at ptolemy.actor.Manager.execute(Manager.java:369)
	at ptolemy.actor.Manager.run(Manager.java:1263)
	at ptolemy.actor.Manager$PtolemyRunThread.run(Manager.java:1915)
java.lang.reflect.InvocationTargetException
	at sun.reflect.NativeConstructorAccessorImpl.newInstance0(Native Method)
	at sun.reflect.NativeConstructorAccessorImpl.newInstance(NativeConstructorAccessorImpl.java:62)
	at sun.reflect.DelegatingConstructorAccessorImpl.newInstance(DelegatingConstructorAccessorImpl.java:45)
	at java.lang.reflect.Constructor.newInstance(Constructor.java:423)
	at ptolemy.util.test.junit.AutoKnownFailedTests.RunModel(AutoKnownFailedTests.java:105)
	at sun.reflect.NativeMethodAccessorImpl.invoke0(Native Method)
	at sun.reflect.NativeMethodAccessorImpl.invoke(NativeMethodAccessorImpl.java:62)
	at sun.reflect.DelegatingMethodAccessorImpl.invoke(DelegatingMethodAccessorImpl.java:43)
	at java.lang.reflect.Method.invoke(Method.java:498)
	at org.junit.runners.model.FrameworkMethod$1.runReflectiveCall(FrameworkMethod.java:44)
	at org.junit.internal.runners.model.ReflectiveCallable.run(ReflectiveCallable.java:15)
	at org.junit.runners.model.FrameworkMethod.invokeExplosively(FrameworkMethod.java:41)
	at junitparams.internal.InvokeParameterisedMethod.evaluate(InvokeParameterisedMethod.java:102)
	at org.junit.internal.runners.statements.FailOnTimeout$1.run(FailOnTimeout.java:28)
Caused by: ptolemy.kernel.util.IllegalActionException: Test fails in iteration 1.
Value was: 1.0. Should have been: 2.0
  in .DirectFeedback.Test
	at ptolemy.actor.lib.Test.fire(Test.java:268)
	at ptolemy.domains.de.kernel.DEDirector._fire(DEDirector.java:1949)
	at ptolemy.domains.de.kernel.DEDirector.fire(DEDirector.java:502)
	at ptolemy.actor.CompositeActor.fire(CompositeActor.java:455)
	at ptolemy.actor.Manager.iterate(Manager.java:851)
	at ptolemy.actor.Manager.execute(Manager.java:369)
	at ptolemy.actor.Manager.run(Manager.java:1263)
	at ptolemy.actor.Manager$PtolemyRunThread.run(Manager.java:1915)
java.lang.RuntimeException: Execution failed
	at ptolemy.moml.MoMLSimpleApplication$UnloadThread.run(MoMLSimpleApplication.java:402)
Caused by: ptolemy.kernel.util.IllegalActionException: Found a zero delay loop containing .HierarchicalModel.A
  in .HierarchicalModel and .HierarchicalModel.A
	at ptolemy.actor.util.CausalityInterfaceForComposites._computeOutputPortDepth(CausalityInterfaceForComposites.java:759)
	at ptolemy.actor.util.CausalityInterfaceForComposites._computeInputDepth(CausalityInterfaceForComposites.java:696)
	at ptolemy.actor.util.CausalityInterfaceForComposites._computeOutputPortDepth(CausalityInterfaceForComposites.java:765)
	at ptolemy.actor.util.CausalityInterfaceForComposites._computeInputDepth(CausalityInterfaceForComposites.java:696)
	at ptolemy.actor.util.CausalityInterfaceForComposites._computeOutputPortDepth(CausalityInterfaceForComposites.java:765)
	at ptolemy.actor.util.CausalityInterfaceForComposites._computeInputDepth(CausalityInterfaceForComposites.java:696)
	at ptolemy.actor.util.CausalityInterfaceForComposites._computeActorDepth(CausalityInterfaceForComposites.java:532)
	at ptolemy.actor.util.CausalityInterfaceForComposites.checkForCycles(CausalityInterfaceForComposites.java:96)
	at ptolemy.domains.de.kernel.DEDirector.preinitialize(DEDirector.java:1338)
	at ptolemy.actor.CompositeActor.preinitialize(CompositeActor.java:1828)
	at ptolemy.actor.Manager.preinitializeAndResolveTypes(Manager.java:1040)
	at ptolemy.actor.Manager.initialize(Manager.java:710)
	at ptolemy.actor.Manager.execute(Manager.java:356)
	at ptolemy.actor.Manager.run(Manager.java:1263)
	at ptolemy.actor.Manager$PtolemyRunThread.run(Manager.java:1915)
java.lang.reflect.InvocationTargetException
	at sun.reflect.NativeConstructorAccessorImpl.newInstance0(Native Method)
	at sun.reflect.NativeConstructorAccessorImpl.newInstance(NativeConstructorAccessorImpl.java:62)
	at sun.reflect.DelegatingConstructorAccessorImpl.newInstance(DelegatingConstructorAccessorImpl.java:45)
	at java.lang.reflect.Constructor.newInstance(Constructor.java:423)
	at ptolemy.util.test.junit.AutoKnownFailedTests.RunModel(AutoKnownFailedTests.java:105)
	at sun.reflect.NativeMethodAccessorImpl.invoke0(Native Method)
	at sun.reflect.NativeMethodAccessorImpl.invoke(NativeMethodAccessorImpl.java:62)
	at sun.reflect.DelegatingMethodAccessorImpl.invoke(DelegatingMethodAccessorImpl.java:43)
	at java.lang.reflect.Method.invoke(Method.java:498)
	at org.junit.runners.model.FrameworkMethod$1.runReflectiveCall(FrameworkMethod.java:44)
	at org.junit.internal.runners.model.ReflectiveCallable.run(ReflectiveCallable.java:15)
	at org.junit.runners.model.FrameworkMethod.invokeExplosively(FrameworkMethod.java:41)
	at junitparams.internal.InvokeParameterisedMethod.evaluate(InvokeParameterisedMethod.java:102)
	at org.junit.internal.runners.statements.FailOnTimeout$1.run(FailOnTimeout.java:28)
Caused by: ptolemy.kernel.util.IllegalActionException: Found a zero delay loop containing .HierarchicalModel.A
  in .HierarchicalModel and .HierarchicalModel.A
	at ptolemy.actor.util.CausalityInterfaceForComposites._computeOutputPortDepth(CausalityInterfaceForComposites.java:759)
	at ptolemy.actor.util.CausalityInterfaceForComposites._computeInputDepth(CausalityInterfaceForComposites.java:696)
	at ptolemy.actor.util.CausalityInterfaceForComposites._computeOutputPortDepth(CausalityInterfaceForComposites.java:765)
	at ptolemy.actor.util.CausalityInterfaceForComposites._computeInputDepth(CausalityInterfaceForComposites.java:696)
	at ptolemy.actor.util.CausalityInterfaceForComposites._computeOutputPortDepth(CausalityInterfaceForComposites.java:765)
	at ptolemy.actor.util.CausalityInterfaceForComposites._computeInputDepth(CausalityInterfaceForComposites.java:696)
	at ptolemy.actor.util.CausalityInterfaceForComposites._computeActorDepth(CausalityInterfaceForComposites.java:532)
	at ptolemy.actor.util.CausalityInterfaceForComposites.checkForCycles(CausalityInterfaceForComposites.java:96)
	at ptolemy.domains.de.kernel.DEDirector.preinitialize(DEDirector.java:1338)
	at ptolemy.actor.CompositeActor.preinitialize(CompositeActor.java:1828)
	at ptolemy.actor.Manager.preinitializeAndResolveTypes(Manager.java:1040)
	at ptolemy.actor.Manager.initialize(Manager.java:710)
	at ptolemy.actor.Manager.execute(Manager.java:356)
	at ptolemy.actor.Manager.run(Manager.java:1263)
	at ptolemy.actor.Manager$PtolemyRunThread.run(Manager.java:1915)
java.lang.RuntimeException: Execution failed
	at ptolemy.moml.MoMLSimpleApplication$UnloadThread.run(MoMLSimpleApplication.java:402)
Caused by: ptolemy.kernel.util.IllegalActionException: Found a zero delay loop containing .dependencyLoop.original
  in .dependencyLoop and .dependencyLoop.original
	at ptolemy.actor.util.CausalityInterfaceForComposites._computeOutputPortDepth(CausalityInterfaceForComposites.java:759)
	at ptolemy.actor.util.CausalityInterfaceForComposites._computeInputDepth(CausalityInterfaceForComposites.java:696)
	at ptolemy.actor.util.CausalityInterfaceForComposites._computeOutputPortDepth(CausalityInterfaceForComposites.java:765)
	at ptolemy.actor.util.CausalityInterfaceForComposites._computeInputDepth(CausalityInterfaceForComposites.java:696)
	at ptolemy.actor.util.CausalityInterfaceForComposites._computeOutputPortDepth(CausalityInterfaceForComposites.java:765)
	at ptolemy.actor.util.CausalityInterfaceForComposites._computeInputDepth(CausalityInterfaceForComposites.java:696)
	at ptolemy.actor.util.CausalityInterfaceForComposites._computeActorDepth(CausalityInterfaceForComposites.java:532)
	at ptolemy.actor.util.CausalityInterfaceForComposites.checkForCycles(CausalityInterfaceForComposites.java:96)
	at ptolemy.domains.de.kernel.DEDirector.preinitialize(DEDirector.java:1338)
	at ptolemy.actor.CompositeActor.preinitialize(CompositeActor.java:1828)
	at ptolemy.actor.Manager.preinitializeAndResolveTypes(Manager.java:1040)
	at ptolemy.actor.Manager.initialize(Manager.java:710)
	at ptolemy.actor.Manager.execute(Manager.java:356)
	at ptolemy.actor.Manager.run(Manager.java:1263)
	at ptolemy.actor.Manager$PtolemyRunThread.run(Manager.java:1915)
java.lang.reflect.InvocationTargetException
	at sun.reflect.NativeConstructorAccessorImpl.newInstance0(Native Method)
	at sun.reflect.NativeConstructorAccessorImpl.newInstance(NativeConstructorAccessorImpl.java:62)
	at sun.reflect.DelegatingConstructorAccessorImpl.newInstance(DelegatingConstructorAccessorImpl.java:45)
	at java.lang.reflect.Constructor.newInstance(Constructor.java:423)
	at ptolemy.util.test.junit.AutoKnownFailedTests.RunModel(AutoKnownFailedTests.java:105)
	at sun.reflect.NativeMethodAccessorImpl.invoke0(Native Method)
	at sun.reflect.NativeMethodAccessorImpl.invoke(NativeMethodAccessorImpl.java:62)
	at sun.reflect.DelegatingMethodAccessorImpl.invoke(DelegatingMethodAccessorImpl.java:43)
	at java.lang.reflect.Method.invoke(Method.java:498)
	at org.junit.runners.model.FrameworkMethod$1.runReflectiveCall(FrameworkMethod.java:44)
	at org.junit.internal.runners.model.ReflectiveCallable.run(ReflectiveCallable.java:15)
	at org.junit.runners.model.FrameworkMethod.invokeExplosively(FrameworkMethod.java:41)
	at junitparams.internal.InvokeParameterisedMethod.evaluate(InvokeParameterisedMethod.java:102)
	at org.junit.internal.runners.statements.FailOnTimeout$1.run(FailOnTimeout.java:28)
Caused by: ptolemy.kernel.util.IllegalActionException: Found a zero delay loop containing .dependencyLoop.original
  in .dependencyLoop and .dependencyLoop.original
	at ptolemy.actor.util.CausalityInterfaceForComposites._computeOutputPortDepth(CausalityInterfaceForComposites.java:759)
	at ptolemy.actor.util.CausalityInterfaceForComposites._computeInputDepth(CausalityInterfaceForComposites.java:696)
	at ptolemy.actor.util.CausalityInterfaceForComposites._computeOutputPortDepth(CausalityInterfaceForComposites.java:765)
	at ptolemy.actor.util.CausalityInterfaceForComposites._computeInputDepth(CausalityInterfaceForComposites.java:696)
	at ptolemy.actor.util.CausalityInterfaceForComposites._computeOutputPortDepth(CausalityInterfaceForComposites.java:765)
	at ptolemy.actor.util.CausalityInterfaceForComposites._computeInputDepth(CausalityInterfaceForComposites.java:696)
	at ptolemy.actor.util.CausalityInterfaceForComposites._computeActorDepth(CausalityInterfaceForComposites.java:532)
	at ptolemy.actor.util.CausalityInterfaceForComposites.checkForCycles(CausalityInterfaceForComposites.java:96)
	at ptolemy.domains.de.kernel.DEDirector.preinitialize(DEDirector.java:1338)
	at ptolemy.actor.CompositeActor.preinitialize(CompositeActor.java:1828)
	at ptolemy.actor.Manager.preinitializeAndResolveTypes(Manager.java:1040)
	at ptolemy.actor.Manager.initialize(Manager.java:710)
	at ptolemy.actor.Manager.execute(Manager.java:356)
	at ptolemy.actor.Manager.run(Manager.java:1263)
	at ptolemy.actor.Manager$PtolemyRunThread.run(Manager.java:1915)
java.lang.RuntimeException: Execution failed
	at ptolemy.moml.MoMLSimpleApplication$UnloadThread.run(MoMLSimpleApplication.java:402)
Caused by: ptolemy.kernel.util.IllegalActionException: Found a zero delay loop containing .dependencyLoop2.original
  in .dependencyLoop2 and .dependencyLoop2.original
	at ptolemy.actor.util.CausalityInterfaceForComposites._computeOutputPortDepth(CausalityInterfaceForComposites.java:759)
	at ptolemy.actor.util.CausalityInterfaceForComposites._computeInputDepth(CausalityInterfaceForComposites.java:696)
	at ptolemy.actor.util.CausalityInterfaceForComposites._computeOutputPortDepth(CausalityInterfaceForComposites.java:765)
	at ptolemy.actor.util.CausalityInterfaceForComposites._computeInputDepth(CausalityInterfaceForComposites.java:696)
	at ptolemy.actor.util.CausalityInterfaceForComposites._computeOutputPortDepth(CausalityInterfaceForComposites.java:765)
	at ptolemy.actor.util.CausalityInterfaceForComposites._computeInputDepth(CausalityInterfaceForComposites.java:696)
	at ptolemy.actor.util.CausalityInterfaceForComposites._computeActorDepth(CausalityInterfaceForComposites.java:532)
	at ptolemy.actor.util.CausalityInterfaceForComposites.checkForCycles(CausalityInterfaceForComposites.java:96)
	at ptolemy.domains.de.kernel.DEDirector.preinitialize(DEDirector.java:1338)
	at ptolemy.actor.CompositeActor.preinitialize(CompositeActor.java:1828)
	at ptolemy.actor.Manager.preinitializeAndResolveTypes(Manager.java:1040)
	at ptolemy.actor.Manager.initialize(Manager.java:710)
	at ptolemy.actor.Manager.execute(Manager.java:356)
	at ptolemy.actor.Manager.run(Manager.java:1263)
	at ptolemy.actor.Manager$PtolemyRunThread.run(Manager.java:1915)
java.lang.reflect.InvocationTargetException
	at sun.reflect.NativeConstructorAccessorImpl.newInstance0(Native Method)
	at sun.reflect.NativeConstructorAccessorImpl.newInstance(NativeConstructorAccessorImpl.java:62)
	at sun.reflect.DelegatingConstructorAccessorImpl.newInstance(DelegatingConstructorAccessorImpl.java:45)
	at java.lang.reflect.Constructor.newInstance(Constructor.java:423)
	at ptolemy.util.test.junit.AutoKnownFailedTests.RunModel(AutoKnownFailedTests.java:105)
	at sun.reflect.NativeMethodAccessorImpl.invoke0(Native Method)
	at sun.reflect.NativeMethodAccessorImpl.invoke(NativeMethodAccessorImpl.java:62)
	at sun.reflect.DelegatingMethodAccessorImpl.invoke(DelegatingMethodAccessorImpl.java:43)
	at java.lang.reflect.Method.invoke(Method.java:498)
	at org.junit.runners.model.FrameworkMethod$1.runReflectiveCall(FrameworkMethod.java:44)
	at org.junit.internal.runners.model.ReflectiveCallable.run(ReflectiveCallable.java:15)
	at org.junit.runners.model.FrameworkMethod.invokeExplosively(FrameworkMethod.java:41)
	at junitparams.internal.InvokeParameterisedMethod.evaluate(InvokeParameterisedMethod.java:102)
	at org.junit.internal.runners.statements.FailOnTimeout$1.run(FailOnTimeout.java:28)
Caused by: ptolemy.kernel.util.IllegalActionException: Found a zero delay loop containing .dependencyLoop2.original
  in .dependencyLoop2 and .dependencyLoop2.original
	at ptolemy.actor.util.CausalityInterfaceForComposites._computeOutputPortDepth(CausalityInterfaceForComposites.java:759)
	at ptolemy.actor.util.CausalityInterfaceForComposites._computeInputDepth(CausalityInterfaceForComposites.java:696)
	at ptolemy.actor.util.CausalityInterfaceForComposites._computeOutputPortDepth(CausalityInterfaceForComposites.java:765)
	at ptolemy.actor.util.CausalityInterfaceForComposites._computeInputDepth(CausalityInterfaceForComposites.java:696)
	at ptolemy.actor.util.CausalityInterfaceForComposites._computeOutputPortDepth(CausalityInterfaceForComposites.java:765)
	at ptolemy.actor.util.CausalityInterfaceForComposites._computeInputDepth(CausalityInterfaceForComposites.java:696)
	at ptolemy.actor.util.CausalityInterfaceForComposites._computeActorDepth(CausalityInterfaceForComposites.java:532)
	at ptolemy.actor.util.CausalityInterfaceForComposites.checkForCycles(CausalityInterfaceForComposites.java:96)
	at ptolemy.domains.de.kernel.DEDirector.preinitialize(DEDirector.java:1338)
	at ptolemy.actor.CompositeActor.preinitialize(CompositeActor.java:1828)
	at ptolemy.actor.Manager.preinitializeAndResolveTypes(Manager.java:1040)
	at ptolemy.actor.Manager.initialize(Manager.java:710)
	at ptolemy.actor.Manager.execute(Manager.java:356)
	at ptolemy.actor.Manager.run(Manager.java:1263)
	at ptolemy.actor.Manager$PtolemyRunThread.run(Manager.java:1915)
]]></system-err>
</testsuite>
