<?xml version="1.0" encoding="UTF-8" ?>
<testsuite errors="0" failures="0" hostname="travis-job-a9d68c1c-9c07-4f57-81f5-07da0d98b220" name="ptolemy.actor.lib.hoc.test.junit.JUnitTclTest" skipped="0" tests="58" time="31.864" timestamp="2019-09-03T18:04:14">
  <properties>
[...]
</properties>
  <testcase classname="ptolemy.util.test.junit.TclTests" name="[0] /home/travis/build/icyphy/ptII/ptolemy/actor/lib/hoc/test/IterateOverArray.tcl (RunTclFile)" time="0.299" />
  <testcase classname="ptolemy.util.test.junit.AutoKnownFailedTests" name="[0] /home/travis/build/icyphy/ptII/ptolemy/actor/lib/hoc/test/auto/knownFailedTests/PreinitializeMustBeInvokedRunComposite.xml (RunModel)" time="0.42" />
  <testcase classname="ptolemy.util.test.junit.AutoNameArchTests" name="[0] ThereAreNoAutoArchTests (RunModel)" time="0.002" />
  <testcase classname="ptolemy.util.test.junit.AutoTests" name="[0] /home/travis/build/icyphy/ptII/ptolemy/actor/lib/hoc/test/auto/AllToAllMultiInstanceComposite.xml (RunModel)" time="0.449" />
  <testcase classname="ptolemy.util.test.junit.AutoTests" name="[1] /home/travis/build/icyphy/ptII/ptolemy/actor/lib/hoc/test/auto/ApplyFFTTest.xml (RunModel)" time="0.431" />
  <testcase classname="ptolemy.util.test.junit.AutoTests" name="[2] /home/travis/build/icyphy/ptII/ptolemy/actor/lib/hoc/test/auto/ApplyFunction.xml (RunModel)" time="0.054" />
  <testcase classname="ptolemy.util.test.junit.AutoTests" name="[3] /home/travis/build/icyphy/ptII/ptolemy/actor/lib/hoc/test/auto/BackgroundExecution.xml (RunModel)" time="0.755" />
  <testcase classname="ptolemy.util.test.junit.AutoTests" name="[4] /home/travis/build/icyphy/ptII/ptolemy/actor/lib/hoc/test/auto/Case.xml (RunModel)" time="0.082" />
  <testcase classname="ptolemy.util.test.junit.AutoTests" name="[5] /home/travis/build/icyphy/ptII/ptolemy/actor/lib/hoc/test/auto/Case1.xml (RunModel)" time="0.068" />
  <testcase classname="ptolemy.util.test.junit.AutoTests" name="[6] /home/travis/build/icyphy/ptII/ptolemy/actor/lib/hoc/test/auto/Case2.xml (RunModel)" time="0.123" />
  <testcase classname="ptolemy.util.test.junit.AutoTests" name="[7] /home/travis/build/icyphy/ptII/ptolemy/actor/lib/hoc/test/auto/Case3.xml (RunModel)" time="0.034" />
  <testcase classname="ptolemy.util.test.junit.AutoTests" name="[8] /home/travis/build/icyphy/ptII/ptolemy/actor/lib/hoc/test/auto/Case4.xml (RunModel)" time="0.05" />
  <testcase classname="ptolemy.util.test.junit.AutoTests" name="[9] /home/travis/build/icyphy/ptII/ptolemy/actor/lib/hoc/test/auto/Case5.xml (RunModel)" time="0.061" />
  <testcase classname="ptolemy.util.test.junit.AutoTests" name="[10] /home/travis/build/icyphy/ptII/ptolemy/actor/lib/hoc/test/auto/Case6.xml (RunModel)" time="0.058" />
  <testcase classname="ptolemy.util.test.junit.AutoTests" name="[11] /home/travis/build/icyphy/ptII/ptolemy/actor/lib/hoc/test/auto/CaseString2.xml (RunModel)" time="0.036" />
  <testcase classname="ptolemy.util.test.junit.AutoTests" name="[12] /home/travis/build/icyphy/ptII/ptolemy/actor/lib/hoc/test/auto/CatchUpComposite1.xml (RunModel)" time="0.06" />
  <testcase classname="ptolemy.util.test.junit.AutoTests" name="[13] /home/travis/build/icyphy/ptII/ptolemy/actor/lib/hoc/test/auto/CatchUpComposite2.xml (RunModel)" time="0.06" />
  <testcase classname="ptolemy.util.test.junit.AutoTests" name="[14] /home/travis/build/icyphy/ptII/ptolemy/actor/lib/hoc/test/auto/CatchUpComposite3.xml (RunModel)" time="0.081" />
  <testcase classname="ptolemy.util.test.junit.AutoTests" name="[15] /home/travis/build/icyphy/ptII/ptolemy/actor/lib/hoc/test/auto/CatchUpComposite4.xml (RunModel)" time="0.075" />
  <testcase classname="ptolemy.util.test.junit.AutoTests" name="[16] /home/travis/build/icyphy/ptII/ptolemy/actor/lib/hoc/test/auto/CatchUpComposite5.xml (RunModel)" time="0.053" />
  <testcase classname="ptolemy.util.test.junit.AutoTests" name="[17] /home/travis/build/icyphy/ptII/ptolemy/actor/lib/hoc/test/auto/CatchUpComposite6.xml (RunModel)" time="0.193" />
  <testcase classname="ptolemy.util.test.junit.AutoTests" name="[18] /home/travis/build/icyphy/ptII/ptolemy/actor/lib/hoc/test/auto/CatchUpComposite7.xml (RunModel)" time="0.102" />
  <testcase classname="ptolemy.util.test.junit.AutoTests" name="[19] /home/travis/build/icyphy/ptII/ptolemy/actor/lib/hoc/test/auto/ConcurrentExecutionTimeSDF.xml (RunModel)" time="0.906" />
  <testcase classname="ptolemy.util.test.junit.AutoTests" name="[20] /home/travis/build/icyphy/ptII/ptolemy/actor/lib/hoc/test/auto/ConcurrentSleep.xml (RunModel)" time="0.765" />
  <testcase classname="ptolemy.util.test.junit.AutoTests" name="[21] /home/travis/build/icyphy/ptII/ptolemy/actor/lib/hoc/test/auto/DEInPNInRunCompositeActor.xml (RunModel)" time="0.038" />
  <testcase classname="ptolemy.util.test.junit.AutoTests" name="[22] /home/travis/build/icyphy/ptII/ptolemy/actor/lib/hoc/test/auto/DFTSubSetTest.xml (RunModel)" time="0.32" />
  <testcase classname="ptolemy.util.test.junit.AutoTests" name="[23] /home/travis/build/icyphy/ptII/ptolemy/actor/lib/hoc/test/auto/HocDE.xml (RunModel)" time="0.196" />
  <testcase classname="ptolemy.util.test.junit.AutoTests" name="[24] /home/travis/build/icyphy/ptII/ptolemy/actor/lib/hoc/test/auto/IterateOverArray.xml (RunModel)" time="0.045" />
  <testcase classname="ptolemy.util.test.junit.AutoTests" name="[25] /home/travis/build/icyphy/ptII/ptolemy/actor/lib/hoc/test/auto/IterateOverArray10.xml (RunModel)" time="0.026" />
  <testcase classname="ptolemy.util.test.junit.AutoTests" name="[26] /home/travis/build/icyphy/ptII/ptolemy/actor/lib/hoc/test/auto/IterateOverArray11.xml (RunModel)" time="0.023" />
  <testcase classname="ptolemy.util.test.junit.AutoTests" name="[27] /home/travis/build/icyphy/ptII/ptolemy/actor/lib/hoc/test/auto/IterateOverArray12.xml (RunModel)" time="0.035" />
  <testcase classname="ptolemy.util.test.junit.AutoTests" name="[28] /home/travis/build/icyphy/ptII/ptolemy/actor/lib/hoc/test/auto/IterateOverArray13.xml (RunModel)" time="0.16" />
  <testcase classname="ptolemy.util.test.junit.AutoTests" name="[29] /home/travis/build/icyphy/ptII/ptolemy/actor/lib/hoc/test/auto/IterateOverArray14.xml (RunModel)" time="0.146" />
  <testcase classname="ptolemy.util.test.junit.AutoTests" name="[30] /home/travis/build/icyphy/ptII/ptolemy/actor/lib/hoc/test/auto/IterateOverArray2.xml (RunModel)" time="0.021" />
  <testcase classname="ptolemy.util.test.junit.AutoTests" name="[31] /home/travis/build/icyphy/ptII/ptolemy/actor/lib/hoc/test/auto/IterateOverArray3.xml (RunModel)" time="0.025" />
  <testcase classname="ptolemy.util.test.junit.AutoTests" name="[32] /home/travis/build/icyphy/ptII/ptolemy/actor/lib/hoc/test/auto/IterateOverArray4.xml (RunModel)" time="0.016" />
  <testcase classname="ptolemy.util.test.junit.AutoTests" name="[33] /home/travis/build/icyphy/ptII/ptolemy/actor/lib/hoc/test/auto/IterateOverArray5.xml (RunModel)" time="0.018" />
  <testcase classname="ptolemy.util.test.junit.AutoTests" name="[34] /home/travis/build/icyphy/ptII/ptolemy/actor/lib/hoc/test/auto/IterateOverArray6.xml (RunModel)" time="0.023" />
  <testcase classname="ptolemy.util.test.junit.AutoTests" name="[35] /home/travis/build/icyphy/ptII/ptolemy/actor/lib/hoc/test/auto/IterateOverArray7.xml (RunModel)" time="0.02" />
  <testcase classname="ptolemy.util.test.junit.AutoTests" name="[36] /home/travis/build/icyphy/ptII/ptolemy/actor/lib/hoc/test/auto/IterateOverArray8.xml (RunModel)" time="0.021" />
  <testcase classname="ptolemy.util.test.junit.AutoTests" name="[37] /home/travis/build/icyphy/ptII/ptolemy/actor/lib/hoc/test/auto/IterateOverArray9.xml (RunModel)" time="0.025" />
  <testcase classname="ptolemy.util.test.junit.AutoTests" name="[38] /home/travis/build/icyphy/ptII/ptolemy/actor/lib/hoc/test/auto/IterateOverArrayCoercedOutputType.xml (RunModel)" time="0.03" />
  <testcase classname="ptolemy.util.test.junit.AutoTests" name="[39] /home/travis/build/icyphy/ptII/ptolemy/actor/lib/hoc/test/auto/IterateOverArrayInferredOutputType.xml (RunModel)" time="0.027" />
  <testcase classname="ptolemy.util.test.junit.AutoTests" name="[40] /home/travis/build/icyphy/ptII/ptolemy/actor/lib/hoc/test/auto/MobileFunctionTest.xml (RunModel)" time="0.02" />
  <testcase classname="ptolemy.util.test.junit.AutoTests" name="[41] /home/travis/build/icyphy/ptII/ptolemy/actor/lib/hoc/test/auto/MobileModelTest.xml (RunModel)" time="0.189" />
  <testcase classname="ptolemy.util.test.junit.AutoTests" name="[42] /home/travis/build/icyphy/ptII/ptolemy/actor/lib/hoc/test/auto/ModelReference.xml (RunModel)" time="0.084" />
  <testcase classname="ptolemy.util.test.junit.AutoTests" name="[43] /home/travis/build/icyphy/ptII/ptolemy/actor/lib/hoc/test/auto/ModelReference3.xml (RunModel)" time="0.042" />
  <testcase classname="ptolemy.util.test.junit.AutoTests" name="[44] /home/travis/build/icyphy/ptII/ptolemy/actor/lib/hoc/test/auto/ModelReference4.xml (RunModel)" time="10.029" />
  <testcase classname="ptolemy.util.test.junit.AutoTests" name="[45] /home/travis/build/icyphy/ptII/ptolemy/actor/lib/hoc/test/auto/MultiInstanceComposite.xml (RunModel)" time="0.064" />
  <testcase classname="ptolemy.util.test.junit.AutoTests" name="[46] /home/travis/build/icyphy/ptII/ptolemy/actor/lib/hoc/test/auto/MultiInstanceComposite2.xml (RunModel)" time="0.047" />
  <testcase classname="ptolemy.util.test.junit.AutoTests" name="[47] /home/travis/build/icyphy/ptII/ptolemy/actor/lib/hoc/test/auto/MulticoreExecution.xml (RunModel)" time="1.079" />
  <testcase classname="ptolemy.util.test.junit.AutoTests" name="[48] /home/travis/build/icyphy/ptII/ptolemy/actor/lib/hoc/test/auto/ParallelExecution.xml (RunModel)" time="0.959" />
  <testcase classname="ptolemy.util.test.junit.AutoTests" name="[49] /home/travis/build/icyphy/ptII/ptolemy/actor/lib/hoc/test/auto/RunCompositeActor.xml (RunModel)" time="0.018" />
  <testcase classname="ptolemy.util.test.junit.AutoTests" name="[50] /home/travis/build/icyphy/ptII/ptolemy/actor/lib/hoc/test/auto/RunCompositeActor2.xml (RunModel)" time="0.02" />
  <testcase classname="ptolemy.util.test.junit.AutoTests" name="[51] /home/travis/build/icyphy/ptII/ptolemy/actor/lib/hoc/test/auto/RunCompositeActor3.xml (RunModel)" time="0.015" />
  <testcase classname="ptolemy.util.test.junit.AutoTests" name="[52] /home/travis/build/icyphy/ptII/ptolemy/actor/lib/hoc/test/auto/RunCompositeActor4.xml (RunModel)" time="0.021" />
  <testcase classname="ptolemy.util.test.junit.AutoTests" name="[53] /home/travis/build/icyphy/ptII/ptolemy/actor/lib/hoc/test/auto/RunCompositeIterateOverArray.xml (RunModel)" time="0.041" />
  <testcase classname="ptolemy.util.test.junit.AutoTests" name="[54] /home/travis/build/icyphy/ptII/ptolemy/actor/lib/hoc/test/auto/ThreadedJS.xml (RunModel)" time="12.167" />
  <system-out><![CDATA[/home/travis/build/icyphy/ptII/ptolemy/actor/lib/hoc/test/IterateOverArray.tcl
testDefs.tcl: setting time out to 9000 seconds at Tue Sep 03 18:04:14 UTC 2019
09/03/19 06:04:14
Failed: 0  Total Tests: 2  ((Passed: 2, Newly Passed: 0)  Known Failed: 0) /home/travis/build/icyphy/ptII/ptolemy/actor/lib/hoc/test
----------------- testing (KnownFailure) /home/travis/build/icyphy/ptII/ptolemy/actor/lib/hoc/test/auto/knownFailedTests/PreinitializeMustBeInvokedRunComposite.xml
130 ms. Memory: 120832K Free: 79750K (66%)
Known Failure: java.lang.reflect.InvocationTargetException
No auto/linux-amd64/*.xml tests in /home/travis/build/icyphy/ptII/ptolemy/actor/lib/hoc/test
AutoTests.java: About to close Vertx.
AutoTests.java: Vertx closed.

===========================================================================================
----------------- testing Tue Sep 03 18:04:15 UTC 2019 /home/travis/build/icyphy/ptII/ptolemy/actor/lib/hoc/test/auto/AllToAllMultiInstanceComposite.xml
----------------- Instantiating /home/travis/build/icyphy/ptII/ptolemy/actor/lib/hoc/test/auto/AllToAllMultiInstanceComposite.xml
229 ms. Memory: 120832K Free: 101501K (84%)
----------------- Invoking toplevel() on ptolemy.moml.MoMLSimpleApplication@38c35462
----------------- Done invoking toplevel() on ptolemy.moml.MoMLSimpleApplication@38c35462
reloadAllAccessors: .AllToAllMultiInstanceComposite

===========================================================================================
----------------- testing Tue Sep 03 18:04:15 UTC 2019 /home/travis/build/icyphy/ptII/ptolemy/actor/lib/hoc/test/auto/ApplyFFTTest.xml
----------------- Instantiating /home/travis/build/icyphy/ptII/ptolemy/actor/lib/hoc/test/auto/ApplyFFTTest.xml
178 ms. Memory: 120832K Free: 82639K (68%)
----------------- Invoking toplevel() on ptolemy.moml.MoMLSimpleApplication@46f631c8
----------------- Done invoking toplevel() on ptolemy.moml.MoMLSimpleApplication@46f631c8
reloadAllAccessors: .ApplyFFTTest

===========================================================================================
----------------- testing Tue Sep 03 18:04:16 UTC 2019 /home/travis/build/icyphy/ptII/ptolemy/actor/lib/hoc/test/auto/ApplyFunction.xml
----------------- Instantiating /home/travis/build/icyphy/ptII/ptolemy/actor/lib/hoc/test/auto/ApplyFunction.xml
11 ms. Memory: 120832K Free: 79735K (66%)
----------------- Invoking toplevel() on ptolemy.moml.MoMLSimpleApplication@61726634
----------------- Done invoking toplevel() on ptolemy.moml.MoMLSimpleApplication@61726634
reloadAllAccessors: .ApplyFunction

===========================================================================================
----------------- testing Tue Sep 03 18:04:16 UTC 2019 /home/travis/build/icyphy/ptII/ptolemy/actor/lib/hoc/test/auto/BackgroundExecution.xml
----------------- Instantiating /home/travis/build/icyphy/ptII/ptolemy/actor/lib/hoc/test/auto/BackgroundExecution.xml
628 ms. Memory: 120832K Free: 104807K (87%)
----------------- Invoking toplevel() on ptolemy.moml.MoMLSimpleApplication@191bdb51
----------------- Done invoking toplevel() on ptolemy.moml.MoMLSimpleApplication@191bdb51
reloadAllAccessors: .BackgroundExecution

===========================================================================================
----------------- testing Tue Sep 03 18:04:17 UTC 2019 /home/travis/build/icyphy/ptII/ptolemy/actor/lib/hoc/test/auto/Case.xml
----------------- Instantiating /home/travis/build/icyphy/ptII/ptolemy/actor/lib/hoc/test/auto/Case.xml
27 ms. Memory: 120832K Free: 97378K (81%)
----------------- Invoking toplevel() on ptolemy.moml.MoMLSimpleApplication@24c71654
----------------- Done invoking toplevel() on ptolemy.moml.MoMLSimpleApplication@24c71654
reloadAllAccessors: .Case

===========================================================================================
----------------- testing Tue Sep 03 18:04:17 UTC 2019 /home/travis/build/icyphy/ptII/ptolemy/actor/lib/hoc/test/auto/Case1.xml
----------------- Instantiating /home/travis/build/icyphy/ptII/ptolemy/actor/lib/hoc/test/auto/Case1.xml
21 ms. Memory: 120832K Free: 91233K (76%)
----------------- Invoking toplevel() on ptolemy.moml.MoMLSimpleApplication@64da1563
----------------- Done invoking toplevel() on ptolemy.moml.MoMLSimpleApplication@64da1563
reloadAllAccessors: .Case1

===========================================================================================
----------------- testing Tue Sep 03 18:04:17 UTC 2019 /home/travis/build/icyphy/ptII/ptolemy/actor/lib/hoc/test/auto/Case2.xml
----------------- Instantiating /home/travis/build/icyphy/ptII/ptolemy/actor/lib/hoc/test/auto/Case2.xml
47 ms. Memory: 120832K Free: 81265K (67%)
----------------- Invoking toplevel() on ptolemy.moml.MoMLSimpleApplication@1f611b6c
----------------- Done invoking toplevel() on ptolemy.moml.MoMLSimpleApplication@1f611b6c
reloadAllAccessors: .Case2

===========================================================================================
----------------- testing Tue Sep 03 18:04:17 UTC 2019 /home/travis/build/icyphy/ptII/ptolemy/actor/lib/hoc/test/auto/Case3.xml
----------------- Instantiating /home/travis/build/icyphy/ptII/ptolemy/actor/lib/hoc/test/auto/Case3.xml
7 ms. Memory: 120832K Free: 75575K (63%)
----------------- Invoking toplevel() on ptolemy.moml.MoMLSimpleApplication@752d2f07
----------------- Done invoking toplevel() on ptolemy.moml.MoMLSimpleApplication@752d2f07
reloadAllAccessors: .Case3

===========================================================================================
----------------- testing Tue Sep 03 18:04:17 UTC 2019 /home/travis/build/icyphy/ptII/ptolemy/actor/lib/hoc/test/auto/Case4.xml
----------------- Instantiating /home/travis/build/icyphy/ptII/ptolemy/actor/lib/hoc/test/auto/Case4.xml
18 ms. Memory: 120832K Free: 67734K (56%)
----------------- Invoking toplevel() on ptolemy.moml.MoMLSimpleApplication@cdccafc
----------------- Done invoking toplevel() on ptolemy.moml.MoMLSimpleApplication@cdccafc
reloadAllAccessors: .Case4

===========================================================================================
----------------- testing Tue Sep 03 18:04:17 UTC 2019 /home/travis/build/icyphy/ptII/ptolemy/actor/lib/hoc/test/auto/Case5.xml
----------------- Instantiating /home/travis/build/icyphy/ptII/ptolemy/actor/lib/hoc/test/auto/Case5.xml
32 ms. Memory: 120832K Free: 103398K (86%)
----------------- Invoking toplevel() on ptolemy.moml.MoMLSimpleApplication@7f4ae292
----------------- Done invoking toplevel() on ptolemy.moml.MoMLSimpleApplication@7f4ae292
reloadAllAccessors: .junk

===========================================================================================
----------------- testing Tue Sep 03 18:04:17 UTC 2019 /home/travis/build/icyphy/ptII/ptolemy/actor/lib/hoc/test/auto/Case6.xml
----------------- Instantiating /home/travis/build/icyphy/ptII/ptolemy/actor/lib/hoc/test/auto/Case6.xml
23 ms. Memory: 120832K Free: 91850K (76%)
----------------- Invoking toplevel() on ptolemy.moml.MoMLSimpleApplication@11a6c01e
----------------- Done invoking toplevel() on ptolemy.moml.MoMLSimpleApplication@11a6c01e
reloadAllAccessors: .Case6

===========================================================================================
----------------- testing Tue Sep 03 18:04:17 UTC 2019 /home/travis/build/icyphy/ptII/ptolemy/actor/lib/hoc/test/auto/CaseString2.xml
----------------- Instantiating /home/travis/build/icyphy/ptII/ptolemy/actor/lib/hoc/test/auto/CaseString2.xml
9 ms. Memory: 120832K Free: 83902K (69%)
----------------- Invoking toplevel() on ptolemy.moml.MoMLSimpleApplication@16bc3313
----------------- Done invoking toplevel() on ptolemy.moml.MoMLSimpleApplication@16bc3313
reloadAllAccessors: .CaseString2

===========================================================================================
----------------- testing Tue Sep 03 18:04:17 UTC 2019 /home/travis/build/icyphy/ptII/ptolemy/actor/lib/hoc/test/auto/CatchUpComposite1.xml
----------------- Instantiating /home/travis/build/icyphy/ptII/ptolemy/actor/lib/hoc/test/auto/CatchUpComposite1.xml
27 ms. Memory: 120832K Free: 75102K (62%)
----------------- Invoking toplevel() on ptolemy.moml.MoMLSimpleApplication@697bb0e
----------------- Done invoking toplevel() on ptolemy.moml.MoMLSimpleApplication@697bb0e
reloadAllAccessors: .CatchUpComposite1

===========================================================================================
----------------- testing Tue Sep 03 18:04:17 UTC 2019 /home/travis/build/icyphy/ptII/ptolemy/actor/lib/hoc/test/auto/CatchUpComposite2.xml
----------------- Instantiating /home/travis/build/icyphy/ptII/ptolemy/actor/lib/hoc/test/auto/CatchUpComposite2.xml
17 ms. Memory: 120832K Free: 66888K (55%)
----------------- Invoking toplevel() on ptolemy.moml.MoMLSimpleApplication@1e92c052
----------------- Done invoking toplevel() on ptolemy.moml.MoMLSimpleApplication@1e92c052
reloadAllAccessors: .CatchUpComposite2

===========================================================================================
----------------- testing Tue Sep 03 18:04:17 UTC 2019 /home/travis/build/icyphy/ptII/ptolemy/actor/lib/hoc/test/auto/CatchUpComposite3.xml
----------------- Instantiating /home/travis/build/icyphy/ptII/ptolemy/actor/lib/hoc/test/auto/CatchUpComposite3.xml
28 ms. Memory: 120832K Free: 58342K (48%)
----------------- Invoking toplevel() on ptolemy.moml.MoMLSimpleApplication@31445b34
----------------- Done invoking toplevel() on ptolemy.moml.MoMLSimpleApplication@31445b34
reloadAllAccessors: .CatchUpComposite3

===========================================================================================
----------------- testing Tue Sep 03 18:04:17 UTC 2019 /home/travis/build/icyphy/ptII/ptolemy/actor/lib/hoc/test/auto/CatchUpComposite4.xml
----------------- Instantiating /home/travis/build/icyphy/ptII/ptolemy/actor/lib/hoc/test/auto/CatchUpComposite4.xml
12 ms. Memory: 120832K Free: 104426K (86%)
----------------- Invoking toplevel() on ptolemy.moml.MoMLSimpleApplication@70df4408
----------------- Done invoking toplevel() on ptolemy.moml.MoMLSimpleApplication@70df4408
reloadAllAccessors: .CatchUpComposite4

===========================================================================================
----------------- testing Tue Sep 03 18:04:17 UTC 2019 /home/travis/build/icyphy/ptII/ptolemy/actor/lib/hoc/test/auto/CatchUpComposite5.xml
----------------- Instantiating /home/travis/build/icyphy/ptII/ptolemy/actor/lib/hoc/test/auto/CatchUpComposite5.xml
14 ms. Memory: 120832K Free: 96677K (80%)
----------------- Invoking toplevel() on ptolemy.moml.MoMLSimpleApplication@64da5d4
----------------- Done invoking toplevel() on ptolemy.moml.MoMLSimpleApplication@64da5d4
reloadAllAccessors: .CatchUpComposite5

===========================================================================================
----------------- testing Tue Sep 03 18:04:17 UTC 2019 /home/travis/build/icyphy/ptII/ptolemy/actor/lib/hoc/test/auto/CatchUpComposite6.xml
----------------- Instantiating /home/travis/build/icyphy/ptII/ptolemy/actor/lib/hoc/test/auto/CatchUpComposite6.xml
WARNING: The execution aspects in this model can influence the timing of actors by delaying the 
execution, potentially changing the behavior. There is no guarantee that actors fire at the 
time they request to be fired. 
Use Ptides for deterministic DE behavior that is not influenced by execution aspects. 

101 ms. Memory: 120832K Free: 81936K (68%)
----------------- Invoking toplevel() on ptolemy.moml.MoMLSimpleApplication@584816d9
----------------- Done invoking toplevel() on ptolemy.moml.MoMLSimpleApplication@584816d9
reloadAllAccessors: .CatchUpComposite6

===========================================================================================
----------------- testing Tue Sep 03 18:04:18 UTC 2019 /home/travis/build/icyphy/ptII/ptolemy/actor/lib/hoc/test/auto/CatchUpComposite7.xml
----------------- Instantiating /home/travis/build/icyphy/ptII/ptolemy/actor/lib/hoc/test/auto/CatchUpComposite7.xml
WARNING: The execution aspects in this model can influence the timing of actors by delaying the 
execution, potentially changing the behavior. There is no guarantee that actors fire at the 
time they request to be fired. 
Use Ptides for deterministic DE behavior that is not influenced by execution aspects. 

41 ms. Memory: 120832K Free: 68221K (56%)
----------------- Invoking toplevel() on ptolemy.moml.MoMLSimpleApplication@2d705ea8
----------------- Done invoking toplevel() on ptolemy.moml.MoMLSimpleApplication@2d705ea8
reloadAllAccessors: .CatchUpComposite7

===========================================================================================
----------------- testing Tue Sep 03 18:04:18 UTC 2019 /home/travis/build/icyphy/ptII/ptolemy/actor/lib/hoc/test/auto/ConcurrentExecutionTimeSDF.xml
----------------- Instantiating /home/travis/build/icyphy/ptII/ptolemy/actor/lib/hoc/test/auto/ConcurrentExecutionTimeSDF.xml
Fired ExecutionTime: 40400000
Fired ExecutionTime: 40400000
Fired ExecutionTime: 40400000
Fired ExecutionTime: 40400000
Fired ExecutionTime: 40400000
Fired ExecutionTime: 40400000
Fired ExecutionTime: 40400000
Fired ExecutionTime: 40400000
Fired ExecutionTime: 40400000
Fired ExecutionTime: 40400000
Fired ExecutionTime: 40400000
Fired ExecutionTime: 40400000
Fired ExecutionTime: 40400000
Fired ExecutionTime: 40400000
Fired ExecutionTime: 40400000
Fired ExecutionTime: 40400000
Fired ExecutionTime: 40400000
Fired ExecutionTime: 40400000
Fired ExecutionTime: 40400000
Fired ExecutionTime: 40400000
877 ms. Memory: 120832K Free: 61456K (51%)
----------------- Invoking toplevel() on ptolemy.moml.MoMLSimpleApplication@5dd3e4a1
----------------- Done invoking toplevel() on ptolemy.moml.MoMLSimpleApplication@5dd3e4a1
reloadAllAccessors: .ConcurrentExecutionTimeSDF

===========================================================================================
----------------- testing Tue Sep 03 18:04:19 UTC 2019 /home/travis/build/icyphy/ptII/ptolemy/actor/lib/hoc/test/auto/ConcurrentSleep.xml
----------------- Instantiating /home/travis/build/icyphy/ptII/ptolemy/actor/lib/hoc/test/auto/ConcurrentSleep.xml
724 ms. Memory: 120832K Free: 50813K (42%)
----------------- Invoking toplevel() on ptolemy.moml.MoMLSimpleApplication@255ef990
----------------- Done invoking toplevel() on ptolemy.moml.MoMLSimpleApplication@255ef990
reloadAllAccessors: .ConcurrentSleep

===========================================================================================
----------------- testing Tue Sep 03 18:04:19 UTC 2019 /home/travis/build/icyphy/ptII/ptolemy/actor/lib/hoc/test/auto/DEInPNInRunCompositeActor.xml
----------------- Instantiating /home/travis/build/icyphy/ptII/ptolemy/actor/lib/hoc/test/auto/DEInPNInRunCompositeActor.xml
18 ms. Memory: 120832K Free: 105740K (88%)
----------------- Invoking toplevel() on ptolemy.moml.MoMLSimpleApplication@7d865156
----------------- Done invoking toplevel() on ptolemy.moml.MoMLSimpleApplication@7d865156
reloadAllAccessors: .DEInPNInRunCompositeActor

===========================================================================================
----------------- testing Tue Sep 03 18:04:19 UTC 2019 /home/travis/build/icyphy/ptII/ptolemy/actor/lib/hoc/test/auto/DFTSubSetTest.xml
----------------- Instantiating /home/travis/build/icyphy/ptII/ptolemy/actor/lib/hoc/test/auto/DFTSubSetTest.xml
194 ms. Memory: 120832K Free: 62629K (52%)
----------------- Invoking toplevel() on ptolemy.moml.MoMLSimpleApplication@6b5c34fc
----------------- Done invoking toplevel() on ptolemy.moml.MoMLSimpleApplication@6b5c34fc
reloadAllAccessors: .DFTSubSetTest

===========================================================================================
----------------- testing Tue Sep 03 18:04:20 UTC 2019 /home/travis/build/icyphy/ptII/ptolemy/actor/lib/hoc/test/auto/HocDE.xml
----------------- Instantiating /home/travis/build/icyphy/ptII/ptolemy/actor/lib/hoc/test/auto/HocDE.xml
146 ms. Memory: 120832K Free: 101589K (84%)
----------------- Invoking toplevel() on ptolemy.moml.MoMLSimpleApplication@39b28a41
----------------- Done invoking toplevel() on ptolemy.moml.MoMLSimpleApplication@39b28a41
reloadAllAccessors: .HocDE

===========================================================================================
----------------- testing Tue Sep 03 18:04:20 UTC 2019 /home/travis/build/icyphy/ptII/ptolemy/actor/lib/hoc/test/auto/IterateOverArray.xml
----------------- Instantiating /home/travis/build/icyphy/ptII/ptolemy/actor/lib/hoc/test/auto/IterateOverArray.xml
11 ms. Memory: 120832K Free: 97087K (80%)
----------------- Invoking toplevel() on ptolemy.moml.MoMLSimpleApplication@426e5d61
----------------- Done invoking toplevel() on ptolemy.moml.MoMLSimpleApplication@426e5d61
reloadAllAccessors: .IterateOverArray

===========================================================================================
----------------- testing Tue Sep 03 18:04:20 UTC 2019 /home/travis/build/icyphy/ptII/ptolemy/actor/lib/hoc/test/auto/IterateOverArray10.xml
----------------- Instantiating /home/travis/build/icyphy/ptII/ptolemy/actor/lib/hoc/test/auto/IterateOverArray10.xml
7 ms. Memory: 120832K Free: 93645K (78%)
----------------- Invoking toplevel() on ptolemy.moml.MoMLSimpleApplication@6456ae90
----------------- Done invoking toplevel() on ptolemy.moml.MoMLSimpleApplication@6456ae90
reloadAllAccessors: .IterateOverArray10

===========================================================================================
----------------- testing Tue Sep 03 18:04:20 UTC 2019 /home/travis/build/icyphy/ptII/ptolemy/actor/lib/hoc/test/auto/IterateOverArray11.xml
----------------- Instantiating /home/travis/build/icyphy/ptII/ptolemy/actor/lib/hoc/test/auto/IterateOverArray11.xml
6 ms. Memory: 120832K Free: 89578K (74%)
----------------- Invoking toplevel() on ptolemy.moml.MoMLSimpleApplication@3083b452
----------------- Done invoking toplevel() on ptolemy.moml.MoMLSimpleApplication@3083b452
reloadAllAccessors: .IterateOverArray11

===========================================================================================
----------------- testing Tue Sep 03 18:04:20 UTC 2019 /home/travis/build/icyphy/ptII/ptolemy/actor/lib/hoc/test/auto/IterateOverArray12.xml
----------------- Instantiating /home/travis/build/icyphy/ptII/ptolemy/actor/lib/hoc/test/auto/IterateOverArray12.xml
15 ms. Memory: 120832K Free: 84083K (70%)
----------------- Invoking toplevel() on ptolemy.moml.MoMLSimpleApplication@68621948
----------------- Done invoking toplevel() on ptolemy.moml.MoMLSimpleApplication@68621948
reloadAllAccessors: .IterateOverArray12

===========================================================================================
----------------- testing Tue Sep 03 18:04:20 UTC 2019 /home/travis/build/icyphy/ptII/ptolemy/actor/lib/hoc/test/auto/IterateOverArray13.xml
----------------- Instantiating /home/travis/build/icyphy/ptII/ptolemy/actor/lib/hoc/test/auto/IterateOverArray13.xml
74 ms. Memory: 120832K Free: 55111K (46%)
----------------- Invoking toplevel() on ptolemy.moml.MoMLSimpleApplication@5efa3fd8
----------------- Done invoking toplevel() on ptolemy.moml.MoMLSimpleApplication@5efa3fd8
reloadAllAccessors: .IterateOverArray13

===========================================================================================
----------------- testing Tue Sep 03 18:04:20 UTC 2019 /home/travis/build/icyphy/ptII/ptolemy/actor/lib/hoc/test/auto/IterateOverArray14.xml
----------------- Instantiating /home/travis/build/icyphy/ptII/ptolemy/actor/lib/hoc/test/auto/IterateOverArray14.xml
51 ms. Memory: 120832K Free: 89479K (74%)
----------------- Invoking toplevel() on ptolemy.moml.MoMLSimpleApplication@7d56a998
----------------- Done invoking toplevel() on ptolemy.moml.MoMLSimpleApplication@7d56a998
reloadAllAccessors: .IterateOverArray14

===========================================================================================
----------------- testing Tue Sep 03 18:04:20 UTC 2019 /home/travis/build/icyphy/ptII/ptolemy/actor/lib/hoc/test/auto/IterateOverArray2.xml
----------------- Instantiating /home/travis/build/icyphy/ptII/ptolemy/actor/lib/hoc/test/auto/IterateOverArray2.xml
4 ms. Memory: 120832K Free: 84817K (70%)
----------------- Invoking toplevel() on ptolemy.moml.MoMLSimpleApplication@1d4902b9
----------------- Done invoking toplevel() on ptolemy.moml.MoMLSimpleApplication@1d4902b9
reloadAllAccessors: .IterateOverArray2

===========================================================================================
----------------- testing Tue Sep 03 18:04:20 UTC 2019 /home/travis/build/icyphy/ptII/ptolemy/actor/lib/hoc/test/auto/IterateOverArray3.xml
----------------- Instantiating /home/travis/build/icyphy/ptII/ptolemy/actor/lib/hoc/test/auto/IterateOverArray3.xml
6 ms. Memory: 120832K Free: 78651K (65%)
----------------- Invoking toplevel() on ptolemy.moml.MoMLSimpleApplication@4426ae47
----------------- Done invoking toplevel() on ptolemy.moml.MoMLSimpleApplication@4426ae47
reloadAllAccessors: .IterateOverArray3

===========================================================================================
----------------- testing Tue Sep 03 18:04:20 UTC 2019 /home/travis/build/icyphy/ptII/ptolemy/actor/lib/hoc/test/auto/IterateOverArray4.xml
----------------- Instantiating /home/travis/build/icyphy/ptII/ptolemy/actor/lib/hoc/test/auto/IterateOverArray4.xml
4 ms. Memory: 120832K Free: 74577K (62%)
----------------- Invoking toplevel() on ptolemy.moml.MoMLSimpleApplication@51bbe787
----------------- Done invoking toplevel() on ptolemy.moml.MoMLSimpleApplication@51bbe787
reloadAllAccessors: .IterateOverArray4

===========================================================================================
----------------- testing Tue Sep 03 18:04:20 UTC 2019 /home/travis/build/icyphy/ptII/ptolemy/actor/lib/hoc/test/auto/IterateOverArray5.xml
----------------- Instantiating /home/travis/build/icyphy/ptII/ptolemy/actor/lib/hoc/test/auto/IterateOverArray5.xml
3 ms. Memory: 120832K Free: 70481K (58%)
----------------- Invoking toplevel() on ptolemy.moml.MoMLSimpleApplication@4e9102cb
----------------- Done invoking toplevel() on ptolemy.moml.MoMLSimpleApplication@4e9102cb
reloadAllAccessors: .IterateOverArray5

===========================================================================================
----------------- testing Tue Sep 03 18:04:20 UTC 2019 /home/travis/build/icyphy/ptII/ptolemy/actor/lib/hoc/test/auto/IterateOverArray6.xml
----------------- Instantiating /home/travis/build/icyphy/ptII/ptolemy/actor/lib/hoc/test/auto/IterateOverArray6.xml
3 ms. Memory: 120832K Free: 66929K (55%)
----------------- Invoking toplevel() on ptolemy.moml.MoMLSimpleApplication@49c6a276
----------------- Done invoking toplevel() on ptolemy.moml.MoMLSimpleApplication@49c6a276
reloadAllAccessors: .IterateOverArray6

===========================================================================================
----------------- testing Tue Sep 03 18:04:20 UTC 2019 /home/travis/build/icyphy/ptII/ptolemy/actor/lib/hoc/test/auto/IterateOverArray7.xml
----------------- Instantiating /home/travis/build/icyphy/ptII/ptolemy/actor/lib/hoc/test/auto/IterateOverArray7.xml
4 ms. Memory: 120832K Free: 62289K (52%)
----------------- Invoking toplevel() on ptolemy.moml.MoMLSimpleApplication@1e5b525c
----------------- Done invoking toplevel() on ptolemy.moml.MoMLSimpleApplication@1e5b525c
reloadAllAccessors: .IterateOverArray7

===========================================================================================
----------------- testing Tue Sep 03 18:04:20 UTC 2019 /home/travis/build/icyphy/ptII/ptolemy/actor/lib/hoc/test/auto/IterateOverArray8.xml
----------------- Instantiating /home/travis/build/icyphy/ptII/ptolemy/actor/lib/hoc/test/auto/IterateOverArray8.xml
4 ms. Memory: 120832K Free: 58193K (48%)
----------------- Invoking toplevel() on ptolemy.moml.MoMLSimpleApplication@84fbf9e
----------------- Done invoking toplevel() on ptolemy.moml.MoMLSimpleApplication@84fbf9e
reloadAllAccessors: .IterateOverArray8

===========================================================================================
----------------- testing Tue Sep 03 18:04:21 UTC 2019 /home/travis/build/icyphy/ptII/ptolemy/actor/lib/hoc/test/auto/IterateOverArray9.xml
----------------- Instantiating /home/travis/build/icyphy/ptII/ptolemy/actor/lib/hoc/test/auto/IterateOverArray9.xml
7 ms. Memory: 120832K Free: 54097K (45%)
----------------- Invoking toplevel() on ptolemy.moml.MoMLSimpleApplication@6a81c33d
----------------- Done invoking toplevel() on ptolemy.moml.MoMLSimpleApplication@6a81c33d
reloadAllAccessors: .IterateOverArray9

===========================================================================================
----------------- testing Tue Sep 03 18:04:21 UTC 2019 /home/travis/build/icyphy/ptII/ptolemy/actor/lib/hoc/test/auto/IterateOverArrayCoercedOutputType.xml
----------------- Instantiating /home/travis/build/icyphy/ptII/ptolemy/actor/lib/hoc/test/auto/IterateOverArrayCoercedOutputType.xml
5 ms. Memory: 120832K Free: 48977K (41%)
----------------- Invoking toplevel() on ptolemy.moml.MoMLSimpleApplication@15fc460
----------------- Done invoking toplevel() on ptolemy.moml.MoMLSimpleApplication@15fc460
reloadAllAccessors: .IterateOverArrayCoercedOutputType

===========================================================================================
----------------- testing Tue Sep 03 18:04:21 UTC 2019 /home/travis/build/icyphy/ptII/ptolemy/actor/lib/hoc/test/auto/IterateOverArrayInferredOutputType.xml
----------------- Instantiating /home/travis/build/icyphy/ptII/ptolemy/actor/lib/hoc/test/auto/IterateOverArrayInferredOutputType.xml
7 ms. Memory: 120832K Free: 44420K (37%)
----------------- Invoking toplevel() on ptolemy.moml.MoMLSimpleApplication@39b1a97c
----------------- Done invoking toplevel() on ptolemy.moml.MoMLSimpleApplication@39b1a97c
reloadAllAccessors: .IterateOverArrayInferredOutputType

===========================================================================================
----------------- testing Tue Sep 03 18:04:21 UTC 2019 /home/travis/build/icyphy/ptII/ptolemy/actor/lib/hoc/test/auto/MobileFunctionTest.xml
----------------- Instantiating /home/travis/build/icyphy/ptII/ptolemy/actor/lib/hoc/test/auto/MobileFunctionTest.xml
2 ms. Memory: 120832K Free: 40297K (33%)
----------------- Invoking toplevel() on ptolemy.moml.MoMLSimpleApplication@56c5653f
----------------- Done invoking toplevel() on ptolemy.moml.MoMLSimpleApplication@56c5653f
reloadAllAccessors: .MobileFunctionTest

===========================================================================================
----------------- testing Tue Sep 03 18:04:21 UTC 2019 /home/travis/build/icyphy/ptII/ptolemy/actor/lib/hoc/test/auto/MobileModelTest.xml
----------------- Instantiating /home/travis/build/icyphy/ptII/ptolemy/actor/lib/hoc/test/auto/MobileModelTest.xml
151 ms. Memory: 150528K Free: 118278K (79%)
----------------- Invoking toplevel() on ptolemy.moml.MoMLSimpleApplication@5e8f9f07
----------------- Done invoking toplevel() on ptolemy.moml.MoMLSimpleApplication@5e8f9f07
reloadAllAccessors: .MobileModelTest

===========================================================================================
----------------- testing Tue Sep 03 18:04:21 UTC 2019 /home/travis/build/icyphy/ptII/ptolemy/actor/lib/hoc/test/auto/ModelReference.xml
----------------- Instantiating /home/travis/build/icyphy/ptII/ptolemy/actor/lib/hoc/test/auto/ModelReference.xml
3 ms. Memory: 150528K Free: 111624K (74%)
4 ms. Memory: 150528K Free: 111080K (74%)
2 ms. Memory: 150528K Free: 110086K (73%)
2 ms. Memory: 150528K Free: 109062K (72%)
2 ms. Memory: 150528K Free: 108552K (72%)
2 ms. Memory: 150528K Free: 107528K (71%)
2 ms. Memory: 150528K Free: 107000K (71%)
6 ms. Memory: 150528K Free: 105976K (70%)
2 ms. Memory: 150528K Free: 104966K (70%)
1 ms. Memory: 150528K Free: 104456K (69%)
44 ms. Memory: 150528K Free: 104456K (69%)
----------------- Invoking toplevel() on ptolemy.moml.MoMLSimpleApplication@c13aab6
----------------- Done invoking toplevel() on ptolemy.moml.MoMLSimpleApplication@c13aab6
reloadAllAccessors: .ModelReference

===========================================================================================
----------------- testing Tue Sep 03 18:04:21 UTC 2019 /home/travis/build/icyphy/ptII/ptolemy/actor/lib/hoc/test/auto/ModelReference3.xml
----------------- Instantiating /home/travis/build/icyphy/ptII/ptolemy/actor/lib/hoc/test/auto/ModelReference3.xml
2 ms. Memory: 150528K Free: 99336K (66%)
4 ms. Memory: 150528K Free: 98792K (66%)
2 ms. Memory: 150528K Free: 97798K (65%)
3 ms. Memory: 150528K Free: 97288K (65%)
2 ms. Memory: 150528K Free: 96264K (64%)
1 ms. Memory: 150528K Free: 95240K (63%)
3 ms. Memory: 150528K Free: 94712K (63%)
2 ms. Memory: 150528K Free: 93702K (62%)
2 ms. Memory: 150528K Free: 93192K (62%)
2 ms. Memory: 150528K Free: 92168K (61%)
31 ms. Memory: 150528K Free: 92168K (61%)
----------------- Invoking toplevel() on ptolemy.moml.MoMLSimpleApplication@5d7b0c8
----------------- Done invoking toplevel() on ptolemy.moml.MoMLSimpleApplication@5d7b0c8
reloadAllAccessors: .ModelReference3

===========================================================================================
----------------- testing Tue Sep 03 18:04:21 UTC 2019 /home/travis/build/icyphy/ptII/ptolemy/actor/lib/hoc/test/auto/ModelReference4.xml
----------------- Instantiating /home/travis/build/icyphy/ptII/ptolemy/actor/lib/hoc/test/auto/ModelReference4.xml
2 ms. Memory: 150528K Free: 87544K (58%)
2 ms. Memory: 150528K Free: 86024K (57%)
2 ms. Memory: 150528K Free: 85000K (56%)
4 ms. Memory: 150528K Free: 83456K (55%)
2 ms. Memory: 150528K Free: 82424K (55%)
2 ms. Memory: 150528K Free: 81408K (54%)
2 ms. Memory: 150528K Free: 79880K (53%)
2 ms. Memory: 150528K Free: 78856K (52%)
3 ms. Memory: 150528K Free: 77312K (51%)
2 ms. Memory: 150528K Free: 76280K (51%)
10018 ms. Memory: 150528K Free: 76280K (51%)
----------------- Invoking toplevel() on ptolemy.moml.MoMLSimpleApplication@5280f63
----------------- Done invoking toplevel() on ptolemy.moml.MoMLSimpleApplication@5280f63
reloadAllAccessors: .ModelReference4

===========================================================================================
----------------- testing Tue Sep 03 18:04:31 UTC 2019 /home/travis/build/icyphy/ptII/ptolemy/actor/lib/hoc/test/auto/MultiInstanceComposite.xml
----------------- Instantiating /home/travis/build/icyphy/ptII/ptolemy/actor/lib/hoc/test/auto/MultiInstanceComposite.xml
23 ms. Memory: 150528K Free: 57352K (38%)
----------------- Invoking toplevel() on ptolemy.moml.MoMLSimpleApplication@5328a22f
----------------- Done invoking toplevel() on ptolemy.moml.MoMLSimpleApplication@5328a22f
reloadAllAccessors: .MultiInstanceComposite

===========================================================================================
----------------- testing Tue Sep 03 18:04:31 UTC 2019 /home/travis/build/icyphy/ptII/ptolemy/actor/lib/hoc/test/auto/MultiInstanceComposite2.xml
----------------- Instantiating /home/travis/build/icyphy/ptII/ptolemy/actor/lib/hoc/test/auto/MultiInstanceComposite2.xml
16 ms. Memory: 150528K Free: 125809K (84%)
----------------- Invoking toplevel() on ptolemy.moml.MoMLSimpleApplication@3cbfdd6e
----------------- Done invoking toplevel() on ptolemy.moml.MoMLSimpleApplication@3cbfdd6e
reloadAllAccessors: .MultiInstanceComposite2

===========================================================================================
----------------- testing Tue Sep 03 18:04:31 UTC 2019 /home/travis/build/icyphy/ptII/ptolemy/actor/lib/hoc/test/auto/MulticoreExecution.xml
----------------- Instantiating /home/travis/build/icyphy/ptII/ptolemy/actor/lib/hoc/test/auto/MulticoreExecution.xml
Fired ExecutionTime: 9200000
Fired ExecutionTime: 11600000
Fired ExecutionTime: 38000000
Fired ExecutionTime: 45600000
Fired ExecutionTime: 65200000
Fired ExecutionTime: 71200000
Fired ExecutionTime: 48000000
Fired ExecutionTime: 48000000
Fired ExecutionTime: 47600000
Fired ExecutionTime: 48000000
Fired ExecutionTime: 50800000
Fired ExecutionTime: 25600000
Fired ExecutionTime: 91600000
Fired ExecutionTime: 91600000
Fired ExecutionTime: 92000000
Fired ExecutionTime: 91600000
Fired ExecutionTime: 90400000
Fired ExecutionTime: 92000000
Fired ExecutionTime: 81200000
Fired ExecutionTime: 89200000
1056 ms. Memory: 150528K Free: 116593K (77%)
----------------- Invoking toplevel() on ptolemy.moml.MoMLSimpleApplication@31eeec94
----------------- Done invoking toplevel() on ptolemy.moml.MoMLSimpleApplication@31eeec94
reloadAllAccessors: .MulticoreExecution

===========================================================================================
----------------- testing Tue Sep 03 18:04:32 UTC 2019 /home/travis/build/icyphy/ptII/ptolemy/actor/lib/hoc/test/auto/ParallelExecution.xml
----------------- Instantiating /home/travis/build/icyphy/ptII/ptolemy/actor/lib/hoc/test/auto/ParallelExecution.xml
920 ms. Memory: 150528K Free: 108899K (72%)
----------------- Invoking toplevel() on ptolemy.moml.MoMLSimpleApplication@125fe9bb
----------------- Done invoking toplevel() on ptolemy.moml.MoMLSimpleApplication@125fe9bb
reloadAllAccessors: .ParallelExecution

===========================================================================================
----------------- testing Tue Sep 03 18:04:33 UTC 2019 /home/travis/build/icyphy/ptII/ptolemy/actor/lib/hoc/test/auto/RunCompositeActor.xml
----------------- Instantiating /home/travis/build/icyphy/ptII/ptolemy/actor/lib/hoc/test/auto/RunCompositeActor.xml
7 ms. Memory: 150528K Free: 101729K (68%)
----------------- Invoking toplevel() on ptolemy.moml.MoMLSimpleApplication@3beb5840
----------------- Done invoking toplevel() on ptolemy.moml.MoMLSimpleApplication@3beb5840
reloadAllAccessors: .RunCompositeActor

===========================================================================================
----------------- testing Tue Sep 03 18:04:33 UTC 2019 /home/travis/build/icyphy/ptII/ptolemy/actor/lib/hoc/test/auto/RunCompositeActor2.xml
----------------- Instantiating /home/travis/build/icyphy/ptII/ptolemy/actor/lib/hoc/test/auto/RunCompositeActor2.xml
6 ms. Memory: 150528K Free: 95593K (64%)
----------------- Invoking toplevel() on ptolemy.moml.MoMLSimpleApplication@785c573
----------------- Done invoking toplevel() on ptolemy.moml.MoMLSimpleApplication@785c573
reloadAllAccessors: .RunCompositeActor2

===========================================================================================
----------------- testing Tue Sep 03 18:04:33 UTC 2019 /home/travis/build/icyphy/ptII/ptolemy/actor/lib/hoc/test/auto/RunCompositeActor3.xml
----------------- Instantiating /home/travis/build/icyphy/ptII/ptolemy/actor/lib/hoc/test/auto/RunCompositeActor3.xml
3 ms. Memory: 150528K Free: 90465K (60%)
----------------- Invoking toplevel() on ptolemy.moml.MoMLSimpleApplication@59494b20
----------------- Done invoking toplevel() on ptolemy.moml.MoMLSimpleApplication@59494b20
reloadAllAccessors: .RunCompositeActor3

===========================================================================================
----------------- testing Tue Sep 03 18:04:33 UTC 2019 /home/travis/build/icyphy/ptII/ptolemy/actor/lib/hoc/test/auto/RunCompositeActor4.xml
----------------- Instantiating /home/travis/build/icyphy/ptII/ptolemy/actor/lib/hoc/test/auto/RunCompositeActor4.xml
8 ms. Memory: 150528K Free: 82281K (55%)
----------------- Invoking toplevel() on ptolemy.moml.MoMLSimpleApplication@89f7ee7
----------------- Done invoking toplevel() on ptolemy.moml.MoMLSimpleApplication@89f7ee7
reloadAllAccessors: .RunCompositeActor4

===========================================================================================
----------------- testing Tue Sep 03 18:04:33 UTC 2019 /home/travis/build/icyphy/ptII/ptolemy/actor/lib/hoc/test/auto/RunCompositeIterateOverArray.xml
----------------- Instantiating /home/travis/build/icyphy/ptII/ptolemy/actor/lib/hoc/test/auto/RunCompositeIterateOverArray.xml
8 ms. Memory: 150528K Free: 76143K (51%)
----------------- Invoking toplevel() on ptolemy.moml.MoMLSimpleApplication@4d6bf415
----------------- Done invoking toplevel() on ptolemy.moml.MoMLSimpleApplication@4d6bf415
reloadAllAccessors: .RunCompositeIterateOverArray

===========================================================================================
----------------- testing Tue Sep 03 18:04:33 UTC 2019 /home/travis/build/icyphy/ptII/ptolemy/actor/lib/hoc/test/auto/ThreadedJS.xml
----------------- Instantiating /home/travis/build/icyphy/ptII/ptolemy/actor/lib/hoc/test/auto/ThreadedJS.xml
5665 ms. Memory: 218112K Free: 122084K (56%)
----------------- Invoking toplevel() on ptolemy.moml.MoMLSimpleApplication@646b8e1c
----------------- Done invoking toplevel() on ptolemy.moml.MoMLSimpleApplication@646b8e1c
reloadAllAccessors: .ThreadedJS
AutoTests.java: About to close Vertx.
AutoTests.java: Vertx closed.
]]></system-out>
  <system-err><![CDATA[java.lang.RuntimeException: Execution failed
	at ptolemy.moml.MoMLSimpleApplication$UnloadThread.run(MoMLSimpleApplication.java:402)
Caused by: ptolemy.kernel.util.IllegalActionException: initialize() was called after wrapup() was called but preinitialize() was not called after wrapup().
	at ptolemy.actor.lib.hoc.test.PreinitializeMustBeInvoked.initialize(PreinitializeMustBeInvoked.java:78)
	at ptolemy.actor.Director.initialize(Director.java:938)
	at ptolemy.actor.Director.initialize(Director.java:907)
	at ptolemy.actor.sched.StaticSchedulingDirector.initialize(StaticSchedulingDirector.java:159)
	at ptolemy.domains.sdf.kernel.SDFDirector.initialize(SDFDirector.java:544)
	at ptolemy.actor.CompositeActor.initialize(CompositeActor.java:935)
	at ptolemy.actor.lib.hoc.LifeCycleManager._executeInsideModel(LifeCycleManager.java:339)
	at ptolemy.actor.lib.hoc.RunCompositeActor.fire(RunCompositeActor.java:205)
	at ptolemy.actor.CompositeActor.iterate(CompositeActor.java:1146)
	at ptolemy.actor.sched.StaticSchedulingDirector.fire(StaticSchedulingDirector.java:216)
	at ptolemy.domains.sdf.kernel.SDFDirector.fire(SDFDirector.java:500)
	at ptolemy.actor.CompositeActor.fire(CompositeActor.java:455)
	at ptolemy.actor.Manager.iterate(Manager.java:851)
	at ptolemy.actor.Manager.execute(Manager.java:369)
	at ptolemy.actor.Manager.run(Manager.java:1263)
	at ptolemy.actor.Manager$PtolemyRunThread.run(Manager.java:1933)
java.lang.reflect.InvocationTargetException
	at java.base/jdk.internal.reflect.NativeConstructorAccessorImpl.newInstance0(Native Method)
	at java.base/jdk.internal.reflect.NativeConstructorAccessorImpl.newInstance(NativeConstructorAccessorImpl.java:62)
	at java.base/jdk.internal.reflect.DelegatingConstructorAccessorImpl.newInstance(DelegatingConstructorAccessorImpl.java:45)
	at java.base/java.lang.reflect.Constructor.newInstance(Constructor.java:490)
	at ptolemy.util.test.junit.AutoKnownFailedTests.RunModel(AutoKnownFailedTests.java:105)
	at java.base/jdk.internal.reflect.NativeMethodAccessorImpl.invoke0(Native Method)
	at java.base/jdk.internal.reflect.NativeMethodAccessorImpl.invoke(NativeMethodAccessorImpl.java:62)
	at java.base/jdk.internal.reflect.DelegatingMethodAccessorImpl.invoke(DelegatingMethodAccessorImpl.java:43)
	at java.base/java.lang.reflect.Method.invoke(Method.java:566)
	at org.junit.runners.model.FrameworkMethod$1.runReflectiveCall(FrameworkMethod.java:44)
	at org.junit.internal.runners.model.ReflectiveCallable.run(ReflectiveCallable.java:15)
	at org.junit.runners.model.FrameworkMethod.invokeExplosively(FrameworkMethod.java:41)
	at junitparams.internal.InvokeParameterisedMethod.evaluate(InvokeParameterisedMethod.java:102)
	at org.junit.internal.runners.statements.FailOnTimeout$1.run(FailOnTimeout.java:28)
Caused by: ptolemy.kernel.util.IllegalActionException: initialize() was called after wrapup() was called but preinitialize() was not called after wrapup().
	at ptolemy.actor.lib.hoc.test.PreinitializeMustBeInvoked.initialize(PreinitializeMustBeInvoked.java:78)
	at ptolemy.actor.Director.initialize(Director.java:938)
	at ptolemy.actor.Director.initialize(Director.java:907)
	at ptolemy.actor.sched.StaticSchedulingDirector.initialize(StaticSchedulingDirector.java:159)
	at ptolemy.domains.sdf.kernel.SDFDirector.initialize(SDFDirector.java:544)
	at ptolemy.actor.CompositeActor.initialize(CompositeActor.java:935)
	at ptolemy.actor.lib.hoc.LifeCycleManager._executeInsideModel(LifeCycleManager.java:339)
	at ptolemy.actor.lib.hoc.RunCompositeActor.fire(RunCompositeActor.java:205)
	at ptolemy.actor.CompositeActor.iterate(CompositeActor.java:1146)
	at ptolemy.actor.sched.StaticSchedulingDirector.fire(StaticSchedulingDirector.java:216)
	at ptolemy.domains.sdf.kernel.SDFDirector.fire(SDFDirector.java:500)
	at ptolemy.actor.CompositeActor.fire(CompositeActor.java:455)
	at ptolemy.actor.Manager.iterate(Manager.java:851)
	at ptolemy.actor.Manager.execute(Manager.java:369)
	at ptolemy.actor.Manager.run(Manager.java:1263)
	at ptolemy.actor.Manager$PtolemyRunThread.run(Manager.java:1933)
Warning: Nashorn engine is planned to be removed from a future JDK release
Warning: Nashorn engine is planned to be removed from a future JDK release
Warning: Nashorn engine is planned to be removed from a future JDK release
Warning: Nashorn engine is planned to be removed from a future JDK release
Warning: Nashorn engine is planned to be removed from a future JDK release
Warning: Nashorn engine is planned to be removed from a future JDK release
Warning: Nashorn engine is planned to be removed from a future JDK release
Warning: Nashorn engine is planned to be removed from a future JDK release
]]></system-err>
</testsuite>
