<?xml version="1.0" encoding="UTF-8" ?>
<testsuite errors="0" failures="0" hostname="travis-job-d2019d7e-8049-4147-931c-af5f432ec087" name="ptolemy.actor.lib.hoc.test.junit.JUnitTclTest" skipped="0" tests="58" time="37.829" timestamp="2019-09-06T05:38:04">
  <properties>
[...]
</properties>
  <testcase classname="ptolemy.util.test.junit.TclTests" name="[0] /home/travis/build/icyphy/ptII/ptolemy/actor/lib/hoc/test/IterateOverArray.tcl (RunTclFile)" time="0.436" />
  <testcase classname="ptolemy.util.test.junit.AutoKnownFailedTests" name="[0] /home/travis/build/icyphy/ptII/ptolemy/actor/lib/hoc/test/auto/knownFailedTests/PreinitializeMustBeInvokedRunComposite.xml (RunModel)" time="0.504" />
  <testcase classname="ptolemy.util.test.junit.AutoNameArchTests" name="[0] ThereAreNoAutoArchTests (RunModel)" time="0.004" />
  <testcase classname="ptolemy.util.test.junit.AutoTests" name="[0] /home/travis/build/icyphy/ptII/ptolemy/actor/lib/hoc/test/auto/AllToAllMultiInstanceComposite.xml (RunModel)" time="0.626" />
  <testcase classname="ptolemy.util.test.junit.AutoTests" name="[1] /home/travis/build/icyphy/ptII/ptolemy/actor/lib/hoc/test/auto/ApplyFFTTest.xml (RunModel)" time="0.447" />
  <testcase classname="ptolemy.util.test.junit.AutoTests" name="[2] /home/travis/build/icyphy/ptII/ptolemy/actor/lib/hoc/test/auto/ApplyFunction.xml (RunModel)" time="0.062" />
  <testcase classname="ptolemy.util.test.junit.AutoTests" name="[3] /home/travis/build/icyphy/ptII/ptolemy/actor/lib/hoc/test/auto/BackgroundExecution.xml (RunModel)" time="0.771" />
  <testcase classname="ptolemy.util.test.junit.AutoTests" name="[4] /home/travis/build/icyphy/ptII/ptolemy/actor/lib/hoc/test/auto/Case.xml (RunModel)" time="0.098" />
  <testcase classname="ptolemy.util.test.junit.AutoTests" name="[5] /home/travis/build/icyphy/ptII/ptolemy/actor/lib/hoc/test/auto/Case1.xml (RunModel)" time="0.041" />
  <testcase classname="ptolemy.util.test.junit.AutoTests" name="[6] /home/travis/build/icyphy/ptII/ptolemy/actor/lib/hoc/test/auto/Case2.xml (RunModel)" time="0.078" />
  <testcase classname="ptolemy.util.test.junit.AutoTests" name="[7] /home/travis/build/icyphy/ptII/ptolemy/actor/lib/hoc/test/auto/Case3.xml (RunModel)" time="0.038" />
  <testcase classname="ptolemy.util.test.junit.AutoTests" name="[8] /home/travis/build/icyphy/ptII/ptolemy/actor/lib/hoc/test/auto/Case4.xml (RunModel)" time="0.098" />
  <testcase classname="ptolemy.util.test.junit.AutoTests" name="[9] /home/travis/build/icyphy/ptII/ptolemy/actor/lib/hoc/test/auto/Case5.xml (RunModel)" time="0.092" />
  <testcase classname="ptolemy.util.test.junit.AutoTests" name="[10] /home/travis/build/icyphy/ptII/ptolemy/actor/lib/hoc/test/auto/Case6.xml (RunModel)" time="0.167" />
  <testcase classname="ptolemy.util.test.junit.AutoTests" name="[11] /home/travis/build/icyphy/ptII/ptolemy/actor/lib/hoc/test/auto/CaseString2.xml (RunModel)" time="0.068" />
  <testcase classname="ptolemy.util.test.junit.AutoTests" name="[12] /home/travis/build/icyphy/ptII/ptolemy/actor/lib/hoc/test/auto/CatchUpComposite1.xml (RunModel)" time="0.1" />
  <testcase classname="ptolemy.util.test.junit.AutoTests" name="[13] /home/travis/build/icyphy/ptII/ptolemy/actor/lib/hoc/test/auto/CatchUpComposite2.xml (RunModel)" time="0.083" />
  <testcase classname="ptolemy.util.test.junit.AutoTests" name="[14] /home/travis/build/icyphy/ptII/ptolemy/actor/lib/hoc/test/auto/CatchUpComposite3.xml (RunModel)" time="0.059" />
  <testcase classname="ptolemy.util.test.junit.AutoTests" name="[15] /home/travis/build/icyphy/ptII/ptolemy/actor/lib/hoc/test/auto/CatchUpComposite4.xml (RunModel)" time="0.065" />
  <testcase classname="ptolemy.util.test.junit.AutoTests" name="[16] /home/travis/build/icyphy/ptII/ptolemy/actor/lib/hoc/test/auto/CatchUpComposite5.xml (RunModel)" time="0.05" />
  <testcase classname="ptolemy.util.test.junit.AutoTests" name="[17] /home/travis/build/icyphy/ptII/ptolemy/actor/lib/hoc/test/auto/CatchUpComposite6.xml (RunModel)" time="0.225" />
  <testcase classname="ptolemy.util.test.junit.AutoTests" name="[18] /home/travis/build/icyphy/ptII/ptolemy/actor/lib/hoc/test/auto/CatchUpComposite7.xml (RunModel)" time="0.132" />
  <testcase classname="ptolemy.util.test.junit.AutoTests" name="[19] /home/travis/build/icyphy/ptII/ptolemy/actor/lib/hoc/test/auto/ConcurrentExecutionTimeSDF.xml (RunModel)" time="1.475" />
  <testcase classname="ptolemy.util.test.junit.AutoTests" name="[20] /home/travis/build/icyphy/ptII/ptolemy/actor/lib/hoc/test/auto/ConcurrentSleep.xml (RunModel)" time="0.771" />
  <testcase classname="ptolemy.util.test.junit.AutoTests" name="[21] /home/travis/build/icyphy/ptII/ptolemy/actor/lib/hoc/test/auto/DEInPNInRunCompositeActor.xml (RunModel)" time="0.041" />
  <testcase classname="ptolemy.util.test.junit.AutoTests" name="[22] /home/travis/build/icyphy/ptII/ptolemy/actor/lib/hoc/test/auto/DFTSubSetTest.xml (RunModel)" time="0.468" />
  <testcase classname="ptolemy.util.test.junit.AutoTests" name="[23] /home/travis/build/icyphy/ptII/ptolemy/actor/lib/hoc/test/auto/HocDE.xml (RunModel)" time="0.27" />
  <testcase classname="ptolemy.util.test.junit.AutoTests" name="[24] /home/travis/build/icyphy/ptII/ptolemy/actor/lib/hoc/test/auto/IterateOverArray.xml (RunModel)" time="0.033" />
  <testcase classname="ptolemy.util.test.junit.AutoTests" name="[25] /home/travis/build/icyphy/ptII/ptolemy/actor/lib/hoc/test/auto/IterateOverArray10.xml (RunModel)" time="0.04" />
  <testcase classname="ptolemy.util.test.junit.AutoTests" name="[26] /home/travis/build/icyphy/ptII/ptolemy/actor/lib/hoc/test/auto/IterateOverArray11.xml (RunModel)" time="0.035" />
  <testcase classname="ptolemy.util.test.junit.AutoTests" name="[27] /home/travis/build/icyphy/ptII/ptolemy/actor/lib/hoc/test/auto/IterateOverArray12.xml (RunModel)" time="0.037" />
  <testcase classname="ptolemy.util.test.junit.AutoTests" name="[28] /home/travis/build/icyphy/ptII/ptolemy/actor/lib/hoc/test/auto/IterateOverArray13.xml (RunModel)" time="0.222" />
  <testcase classname="ptolemy.util.test.junit.AutoTests" name="[29] /home/travis/build/icyphy/ptII/ptolemy/actor/lib/hoc/test/auto/IterateOverArray14.xml (RunModel)" time="0.234" />
  <testcase classname="ptolemy.util.test.junit.AutoTests" name="[30] /home/travis/build/icyphy/ptII/ptolemy/actor/lib/hoc/test/auto/IterateOverArray2.xml (RunModel)" time="0.038" />
  <testcase classname="ptolemy.util.test.junit.AutoTests" name="[31] /home/travis/build/icyphy/ptII/ptolemy/actor/lib/hoc/test/auto/IterateOverArray3.xml (RunModel)" time="0.065" />
  <testcase classname="ptolemy.util.test.junit.AutoTests" name="[32] /home/travis/build/icyphy/ptII/ptolemy/actor/lib/hoc/test/auto/IterateOverArray4.xml (RunModel)" time="0.033" />
  <testcase classname="ptolemy.util.test.junit.AutoTests" name="[33] /home/travis/build/icyphy/ptII/ptolemy/actor/lib/hoc/test/auto/IterateOverArray5.xml (RunModel)" time="0.018" />
  <testcase classname="ptolemy.util.test.junit.AutoTests" name="[34] /home/travis/build/icyphy/ptII/ptolemy/actor/lib/hoc/test/auto/IterateOverArray6.xml (RunModel)" time="0.017" />
  <testcase classname="ptolemy.util.test.junit.AutoTests" name="[35] /home/travis/build/icyphy/ptII/ptolemy/actor/lib/hoc/test/auto/IterateOverArray7.xml (RunModel)" time="0.022" />
  <testcase classname="ptolemy.util.test.junit.AutoTests" name="[36] /home/travis/build/icyphy/ptII/ptolemy/actor/lib/hoc/test/auto/IterateOverArray8.xml (RunModel)" time="0.028" />
  <testcase classname="ptolemy.util.test.junit.AutoTests" name="[37] /home/travis/build/icyphy/ptII/ptolemy/actor/lib/hoc/test/auto/IterateOverArray9.xml (RunModel)" time="0.043" />
  <testcase classname="ptolemy.util.test.junit.AutoTests" name="[38] /home/travis/build/icyphy/ptII/ptolemy/actor/lib/hoc/test/auto/IterateOverArrayCoercedOutputType.xml (RunModel)" time="0.047" />
  <testcase classname="ptolemy.util.test.junit.AutoTests" name="[39] /home/travis/build/icyphy/ptII/ptolemy/actor/lib/hoc/test/auto/IterateOverArrayInferredOutputType.xml (RunModel)" time="0.029" />
  <testcase classname="ptolemy.util.test.junit.AutoTests" name="[40] /home/travis/build/icyphy/ptII/ptolemy/actor/lib/hoc/test/auto/MobileFunctionTest.xml (RunModel)" time="0.026" />
  <testcase classname="ptolemy.util.test.junit.AutoTests" name="[41] /home/travis/build/icyphy/ptII/ptolemy/actor/lib/hoc/test/auto/MobileModelTest.xml (RunModel)" time="0.228" />
  <testcase classname="ptolemy.util.test.junit.AutoTests" name="[42] /home/travis/build/icyphy/ptII/ptolemy/actor/lib/hoc/test/auto/ModelReference.xml (RunModel)" time="0.089" />
  <testcase classname="ptolemy.util.test.junit.AutoTests" name="[43] /home/travis/build/icyphy/ptII/ptolemy/actor/lib/hoc/test/auto/ModelReference3.xml (RunModel)" time="0.073" />
  <testcase classname="ptolemy.util.test.junit.AutoTests" name="[44] /home/travis/build/icyphy/ptII/ptolemy/actor/lib/hoc/test/auto/ModelReference4.xml (RunModel)" time="10.037" />
  <testcase classname="ptolemy.util.test.junit.AutoTests" name="[45] /home/travis/build/icyphy/ptII/ptolemy/actor/lib/hoc/test/auto/MultiInstanceComposite.xml (RunModel)" time="0.087" />
  <testcase classname="ptolemy.util.test.junit.AutoTests" name="[46] /home/travis/build/icyphy/ptII/ptolemy/actor/lib/hoc/test/auto/MultiInstanceComposite2.xml (RunModel)" time="0.048" />
  <testcase classname="ptolemy.util.test.junit.AutoTests" name="[47] /home/travis/build/icyphy/ptII/ptolemy/actor/lib/hoc/test/auto/MulticoreExecution.xml (RunModel)" time="1.111" />
  <testcase classname="ptolemy.util.test.junit.AutoTests" name="[48] /home/travis/build/icyphy/ptII/ptolemy/actor/lib/hoc/test/auto/ParallelExecution.xml (RunModel)" time="0.954" />
  <testcase classname="ptolemy.util.test.junit.AutoTests" name="[49] /home/travis/build/icyphy/ptII/ptolemy/actor/lib/hoc/test/auto/RunCompositeActor.xml (RunModel)" time="0.05" />
  <testcase classname="ptolemy.util.test.junit.AutoTests" name="[50] /home/travis/build/icyphy/ptII/ptolemy/actor/lib/hoc/test/auto/RunCompositeActor2.xml (RunModel)" time="0.029" />
  <testcase classname="ptolemy.util.test.junit.AutoTests" name="[51] /home/travis/build/icyphy/ptII/ptolemy/actor/lib/hoc/test/auto/RunCompositeActor3.xml (RunModel)" time="0.035" />
  <testcase classname="ptolemy.util.test.junit.AutoTests" name="[52] /home/travis/build/icyphy/ptII/ptolemy/actor/lib/hoc/test/auto/RunCompositeActor4.xml (RunModel)" time="0.033" />
  <testcase classname="ptolemy.util.test.junit.AutoTests" name="[53] /home/travis/build/icyphy/ptII/ptolemy/actor/lib/hoc/test/auto/RunCompositeIterateOverArray.xml (RunModel)" time="0.051" />
  <testcase classname="ptolemy.util.test.junit.AutoTests" name="[54] /home/travis/build/icyphy/ptII/ptolemy/actor/lib/hoc/test/auto/ThreadedJS.xml (RunModel)" time="15.899" />
  <system-out><![CDATA[/home/travis/build/icyphy/ptII/ptolemy/actor/lib/hoc/test/IterateOverArray.tcl
testDefs.tcl: setting time out to 9000 seconds at Fri Sep 06 05:38:04 UTC 2019
09/06/19 05:38:04
Failed: 0  Total Tests: 2  ((Passed: 2, Newly Passed: 0)  Known Failed: 0) /home/travis/build/icyphy/ptII/ptolemy/actor/lib/hoc/test
----------------- testing (KnownFailure) /home/travis/build/icyphy/ptII/ptolemy/actor/lib/hoc/test/auto/knownFailedTests/PreinitializeMustBeInvokedRunComposite.xml
163 ms. Memory: 120832K Free: 79816K (66%)
Known Failure: java.lang.reflect.InvocationTargetException
No auto/linux-amd64/*.xml tests in /home/travis/build/icyphy/ptII/ptolemy/actor/lib/hoc/test
AutoTests.java: About to close Vertx.
AutoTests.java: Vertx closed.

===========================================================================================
----------------- testing Fri Sep 06 05:38:05 UTC 2019 /home/travis/build/icyphy/ptII/ptolemy/actor/lib/hoc/test/auto/AllToAllMultiInstanceComposite.xml
----------------- Instantiating /home/travis/build/icyphy/ptII/ptolemy/actor/lib/hoc/test/auto/AllToAllMultiInstanceComposite.xml
285 ms. Memory: 120832K Free: 100663K (83%)
----------------- Invoking toplevel() on ptolemy.moml.MoMLSimpleApplication@42331f1a
----------------- Done invoking toplevel() on ptolemy.moml.MoMLSimpleApplication@42331f1a
reloadAllAccessors: .AllToAllMultiInstanceComposite

===========================================================================================
----------------- testing Fri Sep 06 05:38:06 UTC 2019 /home/travis/build/icyphy/ptII/ptolemy/actor/lib/hoc/test/auto/ApplyFFTTest.xml
----------------- Instantiating /home/travis/build/icyphy/ptII/ptolemy/actor/lib/hoc/test/auto/ApplyFFTTest.xml
160 ms. Memory: 120832K Free: 81890K (68%)
----------------- Invoking toplevel() on ptolemy.moml.MoMLSimpleApplication@5b8b0a94
----------------- Done invoking toplevel() on ptolemy.moml.MoMLSimpleApplication@5b8b0a94
reloadAllAccessors: .ApplyFFTTest

===========================================================================================
----------------- testing Fri Sep 06 05:38:06 UTC 2019 /home/travis/build/icyphy/ptII/ptolemy/actor/lib/hoc/test/auto/ApplyFunction.xml
----------------- Instantiating /home/travis/build/icyphy/ptII/ptolemy/actor/lib/hoc/test/auto/ApplyFunction.xml
14 ms. Memory: 120832K Free: 78804K (65%)
----------------- Invoking toplevel() on ptolemy.moml.MoMLSimpleApplication@2137a004
----------------- Done invoking toplevel() on ptolemy.moml.MoMLSimpleApplication@2137a004
reloadAllAccessors: .ApplyFunction

===========================================================================================
----------------- testing Fri Sep 06 05:38:06 UTC 2019 /home/travis/build/icyphy/ptII/ptolemy/actor/lib/hoc/test/auto/BackgroundExecution.xml
----------------- Instantiating /home/travis/build/icyphy/ptII/ptolemy/actor/lib/hoc/test/auto/BackgroundExecution.xml
646 ms. Memory: 120832K Free: 103279K (85%)
----------------- Invoking toplevel() on ptolemy.moml.MoMLSimpleApplication@7d5757fe
----------------- Done invoking toplevel() on ptolemy.moml.MoMLSimpleApplication@7d5757fe
reloadAllAccessors: .BackgroundExecution

===========================================================================================
----------------- testing Fri Sep 06 05:38:07 UTC 2019 /home/travis/build/icyphy/ptII/ptolemy/actor/lib/hoc/test/auto/Case.xml
----------------- Instantiating /home/travis/build/icyphy/ptII/ptolemy/actor/lib/hoc/test/auto/Case.xml
26 ms. Memory: 120832K Free: 96087K (80%)
----------------- Invoking toplevel() on ptolemy.moml.MoMLSimpleApplication@3916d32a
----------------- Done invoking toplevel() on ptolemy.moml.MoMLSimpleApplication@3916d32a
reloadAllAccessors: .Case

===========================================================================================
----------------- testing Fri Sep 06 05:38:07 UTC 2019 /home/travis/build/icyphy/ptII/ptolemy/actor/lib/hoc/test/auto/Case1.xml
----------------- Instantiating /home/travis/build/icyphy/ptII/ptolemy/actor/lib/hoc/test/auto/Case1.xml
11 ms. Memory: 120832K Free: 89440K (74%)
----------------- Invoking toplevel() on ptolemy.moml.MoMLSimpleApplication@45870af9
----------------- Done invoking toplevel() on ptolemy.moml.MoMLSimpleApplication@45870af9
reloadAllAccessors: .Case1

===========================================================================================
----------------- testing Fri Sep 06 05:38:07 UTC 2019 /home/travis/build/icyphy/ptII/ptolemy/actor/lib/hoc/test/auto/Case2.xml
----------------- Instantiating /home/travis/build/icyphy/ptII/ptolemy/actor/lib/hoc/test/auto/Case2.xml
33 ms. Memory: 120832K Free: 79427K (66%)
----------------- Invoking toplevel() on ptolemy.moml.MoMLSimpleApplication@4d4fd187
----------------- Done invoking toplevel() on ptolemy.moml.MoMLSimpleApplication@4d4fd187
reloadAllAccessors: .Case2

===========================================================================================
----------------- testing Fri Sep 06 05:38:07 UTC 2019 /home/travis/build/icyphy/ptII/ptolemy/actor/lib/hoc/test/auto/Case3.xml
----------------- Instantiating /home/travis/build/icyphy/ptII/ptolemy/actor/lib/hoc/test/auto/Case3.xml
10 ms. Memory: 120832K Free: 73283K (61%)
----------------- Invoking toplevel() on ptolemy.moml.MoMLSimpleApplication@b1e64fe
----------------- Done invoking toplevel() on ptolemy.moml.MoMLSimpleApplication@b1e64fe
reloadAllAccessors: .Case3

===========================================================================================
----------------- testing Fri Sep 06 05:38:08 UTC 2019 /home/travis/build/icyphy/ptII/ptolemy/actor/lib/hoc/test/auto/Case4.xml
----------------- Instantiating /home/travis/build/icyphy/ptII/ptolemy/actor/lib/hoc/test/auto/Case4.xml
32 ms. Memory: 120832K Free: 65888K (55%)
----------------- Invoking toplevel() on ptolemy.moml.MoMLSimpleApplication@41e5a43
----------------- Done invoking toplevel() on ptolemy.moml.MoMLSimpleApplication@41e5a43
reloadAllAccessors: .Case4

===========================================================================================
----------------- testing Fri Sep 06 05:38:08 UTC 2019 /home/travis/build/icyphy/ptII/ptolemy/actor/lib/hoc/test/auto/Case5.xml
----------------- Instantiating /home/travis/build/icyphy/ptII/ptolemy/actor/lib/hoc/test/auto/Case5.xml
36 ms. Memory: 120832K Free: 104158K (86%)
----------------- Invoking toplevel() on ptolemy.moml.MoMLSimpleApplication@39e362b5
----------------- Done invoking toplevel() on ptolemy.moml.MoMLSimpleApplication@39e362b5
reloadAllAccessors: .junk

===========================================================================================
----------------- testing Fri Sep 06 05:38:08 UTC 2019 /home/travis/build/icyphy/ptII/ptolemy/actor/lib/hoc/test/auto/Case6.xml
----------------- Instantiating /home/travis/build/icyphy/ptII/ptolemy/actor/lib/hoc/test/auto/Case6.xml
69 ms. Memory: 120832K Free: 92269K (76%)
----------------- Invoking toplevel() on ptolemy.moml.MoMLSimpleApplication@5f3276d3
----------------- Done invoking toplevel() on ptolemy.moml.MoMLSimpleApplication@5f3276d3
reloadAllAccessors: .Case6

===========================================================================================
----------------- testing Fri Sep 06 05:38:08 UTC 2019 /home/travis/build/icyphy/ptII/ptolemy/actor/lib/hoc/test/auto/CaseString2.xml
----------------- Instantiating /home/travis/build/icyphy/ptII/ptolemy/actor/lib/hoc/test/auto/CaseString2.xml
19 ms. Memory: 120832K Free: 84708K (70%)
----------------- Invoking toplevel() on ptolemy.moml.MoMLSimpleApplication@2a094b42
----------------- Done invoking toplevel() on ptolemy.moml.MoMLSimpleApplication@2a094b42
reloadAllAccessors: .CaseString2

===========================================================================================
----------------- testing Fri Sep 06 05:38:08 UTC 2019 /home/travis/build/icyphy/ptII/ptolemy/actor/lib/hoc/test/auto/CatchUpComposite1.xml
----------------- Instantiating /home/travis/build/icyphy/ptII/ptolemy/actor/lib/hoc/test/auto/CatchUpComposite1.xml
46 ms. Memory: 120832K Free: 75885K (63%)
----------------- Invoking toplevel() on ptolemy.moml.MoMLSimpleApplication@48ae4827
----------------- Done invoking toplevel() on ptolemy.moml.MoMLSimpleApplication@48ae4827
reloadAllAccessors: .CatchUpComposite1

===========================================================================================
----------------- testing Fri Sep 06 05:38:08 UTC 2019 /home/travis/build/icyphy/ptII/ptolemy/actor/lib/hoc/test/auto/CatchUpComposite2.xml
----------------- Instantiating /home/travis/build/icyphy/ptII/ptolemy/actor/lib/hoc/test/auto/CatchUpComposite2.xml
11 ms. Memory: 120832K Free: 67646K (56%)
----------------- Invoking toplevel() on ptolemy.moml.MoMLSimpleApplication@5cdb00bd
----------------- Done invoking toplevel() on ptolemy.moml.MoMLSimpleApplication@5cdb00bd
reloadAllAccessors: .CatchUpComposite2

===========================================================================================
----------------- testing Fri Sep 06 05:38:08 UTC 2019 /home/travis/build/icyphy/ptII/ptolemy/actor/lib/hoc/test/auto/CatchUpComposite3.xml
----------------- Instantiating /home/travis/build/icyphy/ptII/ptolemy/actor/lib/hoc/test/auto/CatchUpComposite3.xml
20 ms. Memory: 120832K Free: 59108K (49%)
----------------- Invoking toplevel() on ptolemy.moml.MoMLSimpleApplication@6a58fab1
----------------- Done invoking toplevel() on ptolemy.moml.MoMLSimpleApplication@6a58fab1
reloadAllAccessors: .CatchUpComposite3

===========================================================================================
----------------- testing Fri Sep 06 05:38:08 UTC 2019 /home/travis/build/icyphy/ptII/ptolemy/actor/lib/hoc/test/auto/CatchUpComposite4.xml
----------------- Instantiating /home/travis/build/icyphy/ptII/ptolemy/actor/lib/hoc/test/auto/CatchUpComposite4.xml
23 ms. Memory: 120832K Free: 105352K (87%)
----------------- Invoking toplevel() on ptolemy.moml.MoMLSimpleApplication@5efb29cb
----------------- Done invoking toplevel() on ptolemy.moml.MoMLSimpleApplication@5efb29cb
reloadAllAccessors: .CatchUpComposite4

===========================================================================================
----------------- testing Fri Sep 06 05:38:08 UTC 2019 /home/travis/build/icyphy/ptII/ptolemy/actor/lib/hoc/test/auto/CatchUpComposite5.xml
----------------- Instantiating /home/travis/build/icyphy/ptII/ptolemy/actor/lib/hoc/test/auto/CatchUpComposite5.xml
16 ms. Memory: 120832K Free: 97609K (81%)
----------------- Invoking toplevel() on ptolemy.moml.MoMLSimpleApplication@16f0ca7d
----------------- Done invoking toplevel() on ptolemy.moml.MoMLSimpleApplication@16f0ca7d
reloadAllAccessors: .CatchUpComposite5

===========================================================================================
----------------- testing Fri Sep 06 05:38:08 UTC 2019 /home/travis/build/icyphy/ptII/ptolemy/actor/lib/hoc/test/auto/CatchUpComposite6.xml
----------------- Instantiating /home/travis/build/icyphy/ptII/ptolemy/actor/lib/hoc/test/auto/CatchUpComposite6.xml
WARNING: The execution aspects in this model can influence the timing of actors by delaying the 
execution, potentially changing the behavior. There is no guarantee that actors fire at the 
time they request to be fired. 
Use Ptides for deterministic DE behavior that is not influenced by execution aspects. 

123 ms. Memory: 120832K Free: 82862K (69%)
----------------- Invoking toplevel() on ptolemy.moml.MoMLSimpleApplication@3302a2e0
----------------- Done invoking toplevel() on ptolemy.moml.MoMLSimpleApplication@3302a2e0
reloadAllAccessors: .CatchUpComposite6

===========================================================================================
----------------- testing Fri Sep 06 05:38:09 UTC 2019 /home/travis/build/icyphy/ptII/ptolemy/actor/lib/hoc/test/auto/CatchUpComposite7.xml
----------------- Instantiating /home/travis/build/icyphy/ptII/ptolemy/actor/lib/hoc/test/auto/CatchUpComposite7.xml
WARNING: The execution aspects in this model can influence the timing of actors by delaying the 
execution, potentially changing the behavior. There is no guarantee that actors fire at the 
time they request to be fired. 
Use Ptides for deterministic DE behavior that is not influenced by execution aspects. 

51 ms. Memory: 120832K Free: 69140K (57%)
----------------- Invoking toplevel() on ptolemy.moml.MoMLSimpleApplication@8ed2023
----------------- Done invoking toplevel() on ptolemy.moml.MoMLSimpleApplication@8ed2023
reloadAllAccessors: .CatchUpComposite7

===========================================================================================
----------------- testing Fri Sep 06 05:38:09 UTC 2019 /home/travis/build/icyphy/ptII/ptolemy/actor/lib/hoc/test/auto/ConcurrentExecutionTimeSDF.xml
----------------- Instantiating /home/travis/build/icyphy/ptII/ptolemy/actor/lib/hoc/test/auto/ConcurrentExecutionTimeSDF.xml
Fired ExecutionTime: 40400000
Fired ExecutionTime: 40400000
Fired ExecutionTime: 40400000
Fired ExecutionTime: 40400000
Fired ExecutionTime: 40400000
Fired ExecutionTime: 40400000
Fired ExecutionTime: 40400000
Fired ExecutionTime: 40400000
Fired ExecutionTime: 40400000
Fired ExecutionTime: 40400000
Fired ExecutionTime: 40400000
Fired ExecutionTime: 40400000
Fired ExecutionTime: 40400000
Fired ExecutionTime: 40400000
Fired ExecutionTime: 40400000
Fired ExecutionTime: 40400000
Fired ExecutionTime: 40400000
Fired ExecutionTime: 40400000
Fired ExecutionTime: 40400000
Fired ExecutionTime: 40400000
1444 ms. Memory: 120832K Free: 62382K (52%)
----------------- Invoking toplevel() on ptolemy.moml.MoMLSimpleApplication@b47296d
----------------- Done invoking toplevel() on ptolemy.moml.MoMLSimpleApplication@b47296d
reloadAllAccessors: .ConcurrentExecutionTimeSDF

===========================================================================================
----------------- testing Fri Sep 06 05:38:10 UTC 2019 /home/travis/build/icyphy/ptII/ptolemy/actor/lib/hoc/test/auto/ConcurrentSleep.xml
----------------- Instantiating /home/travis/build/icyphy/ptII/ptolemy/actor/lib/hoc/test/auto/ConcurrentSleep.xml
734 ms. Memory: 120832K Free: 51732K (43%)
----------------- Invoking toplevel() on ptolemy.moml.MoMLSimpleApplication@7ed18199
----------------- Done invoking toplevel() on ptolemy.moml.MoMLSimpleApplication@7ed18199
reloadAllAccessors: .ConcurrentSleep

===========================================================================================
----------------- testing Fri Sep 06 05:38:11 UTC 2019 /home/travis/build/icyphy/ptII/ptolemy/actor/lib/hoc/test/auto/DEInPNInRunCompositeActor.xml
----------------- Instantiating /home/travis/build/icyphy/ptII/ptolemy/actor/lib/hoc/test/auto/DEInPNInRunCompositeActor.xml
15 ms. Memory: 120832K Free: 46409K (38%)
----------------- Invoking toplevel() on ptolemy.moml.MoMLSimpleApplication@75170ed3
----------------- Done invoking toplevel() on ptolemy.moml.MoMLSimpleApplication@75170ed3
reloadAllAccessors: .DEInPNInRunCompositeActor

===========================================================================================
----------------- testing Fri Sep 06 05:38:11 UTC 2019 /home/travis/build/icyphy/ptII/ptolemy/actor/lib/hoc/test/auto/DFTSubSetTest.xml
----------------- Instantiating /home/travis/build/icyphy/ptII/ptolemy/actor/lib/hoc/test/auto/DFTSubSetTest.xml
264 ms. Memory: 146432K Free: 90466K (62%)
----------------- Invoking toplevel() on ptolemy.moml.MoMLSimpleApplication@3805801e
----------------- Done invoking toplevel() on ptolemy.moml.MoMLSimpleApplication@3805801e
reloadAllAccessors: .DFTSubSetTest

===========================================================================================
----------------- testing Fri Sep 06 05:38:11 UTC 2019 /home/travis/build/icyphy/ptII/ptolemy/actor/lib/hoc/test/auto/HocDE.xml
----------------- Instantiating /home/travis/build/icyphy/ptII/ptolemy/actor/lib/hoc/test/auto/HocDE.xml
212 ms. Memory: 146432K Free: 65351K (45%)
----------------- Invoking toplevel() on ptolemy.moml.MoMLSimpleApplication@5aeaccae
----------------- Done invoking toplevel() on ptolemy.moml.MoMLSimpleApplication@5aeaccae
reloadAllAccessors: .HocDE

===========================================================================================
----------------- testing Fri Sep 06 05:38:12 UTC 2019 /home/travis/build/icyphy/ptII/ptolemy/actor/lib/hoc/test/auto/IterateOverArray.xml
----------------- Instantiating /home/travis/build/icyphy/ptII/ptolemy/actor/lib/hoc/test/auto/IterateOverArray.xml
7 ms. Memory: 146432K Free: 60732K (41%)
----------------- Invoking toplevel() on ptolemy.moml.MoMLSimpleApplication@124d89e4
----------------- Done invoking toplevel() on ptolemy.moml.MoMLSimpleApplication@124d89e4
reloadAllAccessors: .IterateOverArray

===========================================================================================
----------------- testing Fri Sep 06 05:38:12 UTC 2019 /home/travis/build/icyphy/ptII/ptolemy/actor/lib/hoc/test/auto/IterateOverArray10.xml
----------------- Instantiating /home/travis/build/icyphy/ptII/ptolemy/actor/lib/hoc/test/auto/IterateOverArray10.xml
3 ms. Memory: 146432K Free: 129775K (89%)
----------------- Invoking toplevel() on ptolemy.moml.MoMLSimpleApplication@587fe51
----------------- Done invoking toplevel() on ptolemy.moml.MoMLSimpleApplication@587fe51
reloadAllAccessors: .IterateOverArray10

===========================================================================================
----------------- testing Fri Sep 06 05:38:12 UTC 2019 /home/travis/build/icyphy/ptII/ptolemy/actor/lib/hoc/test/auto/IterateOverArray11.xml
----------------- Instantiating /home/travis/build/icyphy/ptII/ptolemy/actor/lib/hoc/test/auto/IterateOverArray11.xml
13 ms. Memory: 146432K Free: 125639K (86%)
----------------- Invoking toplevel() on ptolemy.moml.MoMLSimpleApplication@7cab25dd
----------------- Done invoking toplevel() on ptolemy.moml.MoMLSimpleApplication@7cab25dd
reloadAllAccessors: .IterateOverArray11

===========================================================================================
----------------- testing Fri Sep 06 05:38:12 UTC 2019 /home/travis/build/icyphy/ptII/ptolemy/actor/lib/hoc/test/auto/IterateOverArray12.xml
----------------- Instantiating /home/travis/build/icyphy/ptII/ptolemy/actor/lib/hoc/test/auto/IterateOverArray12.xml
15 ms. Memory: 146432K Free: 119535K (82%)
----------------- Invoking toplevel() on ptolemy.moml.MoMLSimpleApplication@3be581dc
----------------- Done invoking toplevel() on ptolemy.moml.MoMLSimpleApplication@3be581dc
reloadAllAccessors: .IterateOverArray12

===========================================================================================
----------------- testing Fri Sep 06 05:38:12 UTC 2019 /home/travis/build/icyphy/ptII/ptolemy/actor/lib/hoc/test/auto/IterateOverArray13.xml
----------------- Instantiating /home/travis/build/icyphy/ptII/ptolemy/actor/lib/hoc/test/auto/IterateOverArray13.xml
104 ms. Memory: 146432K Free: 90353K (62%)
----------------- Invoking toplevel() on ptolemy.moml.MoMLSimpleApplication@692a9fef
----------------- Done invoking toplevel() on ptolemy.moml.MoMLSimpleApplication@692a9fef
reloadAllAccessors: .IterateOverArray13

===========================================================================================
----------------- testing Fri Sep 06 05:38:12 UTC 2019 /home/travis/build/icyphy/ptII/ptolemy/actor/lib/hoc/test/auto/IterateOverArray14.xml
----------------- Instantiating /home/travis/build/icyphy/ptII/ptolemy/actor/lib/hoc/test/auto/IterateOverArray14.xml
108 ms. Memory: 146432K Free: 57071K (39%)
----------------- Invoking toplevel() on ptolemy.moml.MoMLSimpleApplication@317ebdb7
----------------- Done invoking toplevel() on ptolemy.moml.MoMLSimpleApplication@317ebdb7
reloadAllAccessors: .IterateOverArray14

===========================================================================================
----------------- testing Fri Sep 06 05:38:12 UTC 2019 /home/travis/build/icyphy/ptII/ptolemy/actor/lib/hoc/test/auto/IterateOverArray2.xml
----------------- Instantiating /home/travis/build/icyphy/ptII/ptolemy/actor/lib/hoc/test/auto/IterateOverArray2.xml
12 ms. Memory: 146432K Free: 52465K (36%)
----------------- Invoking toplevel() on ptolemy.moml.MoMLSimpleApplication@8b20fe
----------------- Done invoking toplevel() on ptolemy.moml.MoMLSimpleApplication@8b20fe
reloadAllAccessors: .IterateOverArray2

===========================================================================================
----------------- testing Fri Sep 06 05:38:12 UTC 2019 /home/travis/build/icyphy/ptII/ptolemy/actor/lib/hoc/test/auto/IterateOverArray3.xml
----------------- Instantiating /home/travis/build/icyphy/ptII/ptolemy/actor/lib/hoc/test/auto/IterateOverArray3.xml
23 ms. Memory: 146432K Free: 127195K (87%)
----------------- Invoking toplevel() on ptolemy.moml.MoMLSimpleApplication@14631c3c
----------------- Done invoking toplevel() on ptolemy.moml.MoMLSimpleApplication@14631c3c
reloadAllAccessors: .IterateOverArray3

===========================================================================================
----------------- testing Fri Sep 06 05:38:12 UTC 2019 /home/travis/build/icyphy/ptII/ptolemy/actor/lib/hoc/test/auto/IterateOverArray4.xml
----------------- Instantiating /home/travis/build/icyphy/ptII/ptolemy/actor/lib/hoc/test/auto/IterateOverArray4.xml
8 ms. Memory: 146432K Free: 123099K (84%)
----------------- Invoking toplevel() on ptolemy.moml.MoMLSimpleApplication@7f09c129
----------------- Done invoking toplevel() on ptolemy.moml.MoMLSimpleApplication@7f09c129
reloadAllAccessors: .IterateOverArray4

===========================================================================================
----------------- testing Fri Sep 06 05:38:12 UTC 2019 /home/travis/build/icyphy/ptII/ptolemy/actor/lib/hoc/test/auto/IterateOverArray5.xml
----------------- Instantiating /home/travis/build/icyphy/ptII/ptolemy/actor/lib/hoc/test/auto/IterateOverArray5.xml
4 ms. Memory: 146432K Free: 119003K (81%)
----------------- Invoking toplevel() on ptolemy.moml.MoMLSimpleApplication@600574d9
----------------- Done invoking toplevel() on ptolemy.moml.MoMLSimpleApplication@600574d9
reloadAllAccessors: .IterateOverArray5

===========================================================================================
----------------- testing Fri Sep 06 05:38:12 UTC 2019 /home/travis/build/icyphy/ptII/ptolemy/actor/lib/hoc/test/auto/IterateOverArray6.xml
----------------- Instantiating /home/travis/build/icyphy/ptII/ptolemy/actor/lib/hoc/test/auto/IterateOverArray6.xml
3 ms. Memory: 146432K Free: 115417K (79%)
----------------- Invoking toplevel() on ptolemy.moml.MoMLSimpleApplication@4d90dc7
----------------- Done invoking toplevel() on ptolemy.moml.MoMLSimpleApplication@4d90dc7
reloadAllAccessors: .IterateOverArray6

===========================================================================================
----------------- testing Fri Sep 06 05:38:13 UTC 2019 /home/travis/build/icyphy/ptII/ptolemy/actor/lib/hoc/test/auto/IterateOverArray7.xml
----------------- Instantiating /home/travis/build/icyphy/ptII/ptolemy/actor/lib/hoc/test/auto/IterateOverArray7.xml
5 ms. Memory: 146432K Free: 110811K (76%)
----------------- Invoking toplevel() on ptolemy.moml.MoMLSimpleApplication@4b5718ce
----------------- Done invoking toplevel() on ptolemy.moml.MoMLSimpleApplication@4b5718ce
reloadAllAccessors: .IterateOverArray7

===========================================================================================
----------------- testing Fri Sep 06 05:38:13 UTC 2019 /home/travis/build/icyphy/ptII/ptolemy/actor/lib/hoc/test/auto/IterateOverArray8.xml
----------------- Instantiating /home/travis/build/icyphy/ptII/ptolemy/actor/lib/hoc/test/auto/IterateOverArray8.xml
9 ms. Memory: 146432K Free: 106715K (73%)
----------------- Invoking toplevel() on ptolemy.moml.MoMLSimpleApplication@5aa42f6a
----------------- Done invoking toplevel() on ptolemy.moml.MoMLSimpleApplication@5aa42f6a
reloadAllAccessors: .IterateOverArray8

===========================================================================================
----------------- testing Fri Sep 06 05:38:13 UTC 2019 /home/travis/build/icyphy/ptII/ptolemy/actor/lib/hoc/test/auto/IterateOverArray9.xml
----------------- Instantiating /home/travis/build/icyphy/ptII/ptolemy/actor/lib/hoc/test/auto/IterateOverArray9.xml
10 ms. Memory: 146432K Free: 102619K (70%)
----------------- Invoking toplevel() on ptolemy.moml.MoMLSimpleApplication@487d38fd
----------------- Done invoking toplevel() on ptolemy.moml.MoMLSimpleApplication@487d38fd
reloadAllAccessors: .IterateOverArray9

===========================================================================================
----------------- testing Fri Sep 06 05:38:13 UTC 2019 /home/travis/build/icyphy/ptII/ptolemy/actor/lib/hoc/test/auto/IterateOverArrayCoercedOutputType.xml
----------------- Instantiating /home/travis/build/icyphy/ptII/ptolemy/actor/lib/hoc/test/auto/IterateOverArrayCoercedOutputType.xml
8 ms. Memory: 146432K Free: 97499K (67%)
----------------- Invoking toplevel() on ptolemy.moml.MoMLSimpleApplication@313e170b
----------------- Done invoking toplevel() on ptolemy.moml.MoMLSimpleApplication@313e170b
reloadAllAccessors: .IterateOverArrayCoercedOutputType

===========================================================================================
----------------- testing Fri Sep 06 05:38:13 UTC 2019 /home/travis/build/icyphy/ptII/ptolemy/actor/lib/hoc/test/auto/IterateOverArrayInferredOutputType.xml
----------------- Instantiating /home/travis/build/icyphy/ptII/ptolemy/actor/lib/hoc/test/auto/IterateOverArrayInferredOutputType.xml
9 ms. Memory: 146432K Free: 92889K (63%)
----------------- Invoking toplevel() on ptolemy.moml.MoMLSimpleApplication@3e5f72d
----------------- Done invoking toplevel() on ptolemy.moml.MoMLSimpleApplication@3e5f72d
reloadAllAccessors: .IterateOverArrayInferredOutputType

===========================================================================================
----------------- testing Fri Sep 06 05:38:13 UTC 2019 /home/travis/build/icyphy/ptII/ptolemy/actor/lib/hoc/test/auto/MobileFunctionTest.xml
----------------- Instantiating /home/travis/build/icyphy/ptII/ptolemy/actor/lib/hoc/test/auto/MobileFunctionTest.xml
4 ms. Memory: 146432K Free: 88763K (61%)
----------------- Invoking toplevel() on ptolemy.moml.MoMLSimpleApplication@39a054cc
----------------- Done invoking toplevel() on ptolemy.moml.MoMLSimpleApplication@39a054cc
reloadAllAccessors: .MobileFunctionTest

===========================================================================================
----------------- testing Fri Sep 06 05:38:13 UTC 2019 /home/travis/build/icyphy/ptII/ptolemy/actor/lib/hoc/test/auto/MobileModelTest.xml
----------------- Instantiating /home/travis/build/icyphy/ptII/ptolemy/actor/lib/hoc/test/auto/MobileModelTest.xml
192 ms. Memory: 146432K Free: 67803K (46%)
----------------- Invoking toplevel() on ptolemy.moml.MoMLSimpleApplication@6c8bafc2
----------------- Done invoking toplevel() on ptolemy.moml.MoMLSimpleApplication@6c8bafc2
reloadAllAccessors: .MobileModelTest

===========================================================================================
----------------- testing Fri Sep 06 05:38:13 UTC 2019 /home/travis/build/icyphy/ptII/ptolemy/actor/lib/hoc/test/auto/ModelReference.xml
----------------- Instantiating /home/travis/build/icyphy/ptII/ptolemy/actor/lib/hoc/test/auto/ModelReference.xml
3 ms. Memory: 146432K Free: 61145K (42%)
4 ms. Memory: 146432K Free: 60635K (41%)
3 ms. Memory: 146432K Free: 59611K (41%)
3 ms. Memory: 146432K Free: 59067K (40%)
5 ms. Memory: 146432K Free: 58059K (40%)
2 ms. Memory: 146432K Free: 57049K (39%)
4 ms. Memory: 146432K Free: 56539K (39%)
2 ms. Memory: 146432K Free: 55515K (38%)
2 ms. Memory: 146432K Free: 54491K (37%)
1 ms. Memory: 146432K Free: 53977K (37%)
46 ms. Memory: 146432K Free: 53977K (37%)
----------------- Invoking toplevel() on ptolemy.moml.MoMLSimpleApplication@4bb423af
----------------- Done invoking toplevel() on ptolemy.moml.MoMLSimpleApplication@4bb423af
reloadAllAccessors: .ModelReference

===========================================================================================
----------------- testing Fri Sep 06 05:38:13 UTC 2019 /home/travis/build/icyphy/ptII/ptolemy/actor/lib/hoc/test/auto/ModelReference3.xml
----------------- Instantiating /home/travis/build/icyphy/ptII/ptolemy/actor/lib/hoc/test/auto/ModelReference3.xml
2 ms. Memory: 146432K Free: 49371K (34%)
4 ms. Memory: 146432K Free: 48827K (33%)
2 ms. Memory: 146432K Free: 47833K (33%)
4 ms. Memory: 146432K Free: 47323K (32%)
2 ms. Memory: 146432K Free: 130996K (89%)
1 ms. Memory: 146432K Free: 130337K (89%)
2 ms. Memory: 146432K Free: 129566K (88%)
4 ms. Memory: 146432K Free: 128613K (88%)
4 ms. Memory: 146432K Free: 127884K (87%)
2 ms. Memory: 146432K Free: 126908K (87%)
52 ms. Memory: 146432K Free: 126908K (87%)
----------------- Invoking toplevel() on ptolemy.moml.MoMLSimpleApplication@22699dcc
----------------- Done invoking toplevel() on ptolemy.moml.MoMLSimpleApplication@22699dcc
reloadAllAccessors: .ModelReference3

===========================================================================================
----------------- testing Fri Sep 06 05:38:13 UTC 2019 /home/travis/build/icyphy/ptII/ptolemy/actor/lib/hoc/test/auto/ModelReference4.xml
----------------- Instantiating /home/travis/build/icyphy/ptII/ptolemy/actor/lib/hoc/test/auto/ModelReference4.xml
3 ms. Memory: 146432K Free: 122236K (83%)
3 ms. Memory: 146432K Free: 120716K (82%)
2 ms. Memory: 146432K Free: 119692K (82%)
2 ms. Memory: 146432K Free: 118148K (81%)
3 ms. Memory: 146432K Free: 117116K (80%)
2 ms. Memory: 146432K Free: 116100K (79%)
2 ms. Memory: 146432K Free: 114572K (78%)
3 ms. Memory: 146432K Free: 113548K (78%)
9 ms. Memory: 146432K Free: 112004K (76%)
3 ms. Memory: 146432K Free: 110972K (76%)
10022 ms. Memory: 146432K Free: 110972K (76%)
----------------- Invoking toplevel() on ptolemy.moml.MoMLSimpleApplication@7f2cc926
----------------- Done invoking toplevel() on ptolemy.moml.MoMLSimpleApplication@7f2cc926
reloadAllAccessors: .ModelReference4

===========================================================================================
----------------- testing Fri Sep 06 05:38:23 UTC 2019 /home/travis/build/icyphy/ptII/ptolemy/actor/lib/hoc/test/auto/MultiInstanceComposite.xml
----------------- Instantiating /home/travis/build/icyphy/ptII/ptolemy/actor/lib/hoc/test/auto/MultiInstanceComposite.xml
38 ms. Memory: 146432K Free: 92044K (63%)
----------------- Invoking toplevel() on ptolemy.moml.MoMLSimpleApplication@583e9fb4
----------------- Done invoking toplevel() on ptolemy.moml.MoMLSimpleApplication@583e9fb4
reloadAllAccessors: .MultiInstanceComposite

===========================================================================================
----------------- testing Fri Sep 06 05:38:23 UTC 2019 /home/travis/build/icyphy/ptII/ptolemy/actor/lib/hoc/test/auto/MultiInstanceComposite2.xml
----------------- Instantiating /home/travis/build/icyphy/ptII/ptolemy/actor/lib/hoc/test/auto/MultiInstanceComposite2.xml
20 ms. Memory: 146432K Free: 80780K (55%)
----------------- Invoking toplevel() on ptolemy.moml.MoMLSimpleApplication@47c9c8eb
----------------- Done invoking toplevel() on ptolemy.moml.MoMLSimpleApplication@47c9c8eb
reloadAllAccessors: .MultiInstanceComposite2

===========================================================================================
----------------- testing Fri Sep 06 05:38:23 UTC 2019 /home/travis/build/icyphy/ptII/ptolemy/actor/lib/hoc/test/auto/MulticoreExecution.xml
----------------- Instantiating /home/travis/build/icyphy/ptII/ptolemy/actor/lib/hoc/test/auto/MulticoreExecution.xml
Fired ExecutionTime: 2400000
Fired ExecutionTime: 3200000
Fired ExecutionTime: 2800000
Fired ExecutionTime: 2400000
Fired ExecutionTime: 2400000
Fired ExecutionTime: 2400000
Fired ExecutionTime: 67200000
Fired ExecutionTime: 53200000
Fired ExecutionTime: 44400000
Fired ExecutionTime: 51200000
Fired ExecutionTime: 78400000
Fired ExecutionTime: 82800000
Fired ExecutionTime: 86400000
Fired ExecutionTime: 84400000
Fired ExecutionTime: 85200000
Fired ExecutionTime: 86800000
Fired ExecutionTime: 86000000
Fired ExecutionTime: 87200000
Fired ExecutionTime: 85600000
Fired ExecutionTime: 94800000
1088 ms. Memory: 146432K Free: 71564K (49%)
----------------- Invoking toplevel() on ptolemy.moml.MoMLSimpleApplication@4f4e8df3
----------------- Done invoking toplevel() on ptolemy.moml.MoMLSimpleApplication@4f4e8df3
reloadAllAccessors: .MulticoreExecution

===========================================================================================
----------------- testing Fri Sep 06 05:38:24 UTC 2019 /home/travis/build/icyphy/ptII/ptolemy/actor/lib/hoc/test/auto/ParallelExecution.xml
----------------- Instantiating /home/travis/build/icyphy/ptII/ptolemy/actor/lib/hoc/test/auto/ParallelExecution.xml
924 ms. Memory: 146432K Free: 63882K (44%)
----------------- Invoking toplevel() on ptolemy.moml.MoMLSimpleApplication@21664135
----------------- Done invoking toplevel() on ptolemy.moml.MoMLSimpleApplication@21664135
reloadAllAccessors: .ParallelExecution

===========================================================================================
----------------- testing Fri Sep 06 05:38:25 UTC 2019 /home/travis/build/icyphy/ptII/ptolemy/actor/lib/hoc/test/auto/RunCompositeActor.xml
----------------- Instantiating /home/travis/build/icyphy/ptII/ptolemy/actor/lib/hoc/test/auto/RunCompositeActor.xml
9 ms. Memory: 146432K Free: 56684K (39%)
----------------- Invoking toplevel() on ptolemy.moml.MoMLSimpleApplication@23a68903
----------------- Done invoking toplevel() on ptolemy.moml.MoMLSimpleApplication@23a68903
reloadAllAccessors: .RunCompositeActor

===========================================================================================
----------------- testing Fri Sep 06 05:38:25 UTC 2019 /home/travis/build/icyphy/ptII/ptolemy/actor/lib/hoc/test/auto/RunCompositeActor2.xml
----------------- Instantiating /home/travis/build/icyphy/ptII/ptolemy/actor/lib/hoc/test/auto/RunCompositeActor2.xml
11 ms. Memory: 146432K Free: 50556K (35%)
----------------- Invoking toplevel() on ptolemy.moml.MoMLSimpleApplication@4133c0b8
----------------- Done invoking toplevel() on ptolemy.moml.MoMLSimpleApplication@4133c0b8
reloadAllAccessors: .RunCompositeActor2

===========================================================================================
----------------- testing Fri Sep 06 05:38:25 UTC 2019 /home/travis/build/icyphy/ptII/ptolemy/actor/lib/hoc/test/auto/RunCompositeActor3.xml
----------------- Instantiating /home/travis/build/icyphy/ptII/ptolemy/actor/lib/hoc/test/auto/RunCompositeActor3.xml
4 ms. Memory: 146432K Free: 128891K (88%)
----------------- Invoking toplevel() on ptolemy.moml.MoMLSimpleApplication@3e202dbd
----------------- Done invoking toplevel() on ptolemy.moml.MoMLSimpleApplication@3e202dbd
reloadAllAccessors: .RunCompositeActor3

===========================================================================================
----------------- testing Fri Sep 06 05:38:25 UTC 2019 /home/travis/build/icyphy/ptII/ptolemy/actor/lib/hoc/test/auto/RunCompositeActor4.xml
----------------- Instantiating /home/travis/build/icyphy/ptII/ptolemy/actor/lib/hoc/test/auto/RunCompositeActor4.xml
14 ms. Memory: 146432K Free: 120699K (82%)
----------------- Invoking toplevel() on ptolemy.moml.MoMLSimpleApplication@4f757abf
----------------- Done invoking toplevel() on ptolemy.moml.MoMLSimpleApplication@4f757abf
reloadAllAccessors: .RunCompositeActor4

===========================================================================================
----------------- testing Fri Sep 06 05:38:26 UTC 2019 /home/travis/build/icyphy/ptII/ptolemy/actor/lib/hoc/test/auto/RunCompositeIterateOverArray.xml
----------------- Instantiating /home/travis/build/icyphy/ptII/ptolemy/actor/lib/hoc/test/auto/RunCompositeIterateOverArray.xml
4 ms. Memory: 146432K Free: 114555K (78%)
----------------- Invoking toplevel() on ptolemy.moml.MoMLSimpleApplication@41bf577b
----------------- Done invoking toplevel() on ptolemy.moml.MoMLSimpleApplication@41bf577b
reloadAllAccessors: .RunCompositeIterateOverArray

===========================================================================================
----------------- testing Fri Sep 06 05:38:26 UTC 2019 /home/travis/build/icyphy/ptII/ptolemy/actor/lib/hoc/test/auto/ThreadedJS.xml
----------------- Instantiating /home/travis/build/icyphy/ptII/ptolemy/actor/lib/hoc/test/auto/ThreadedJS.xml
7383 ms. Memory: 254976K Free: 167674K (66%)
----------------- Invoking toplevel() on ptolemy.moml.MoMLSimpleApplication@14024558
----------------- Done invoking toplevel() on ptolemy.moml.MoMLSimpleApplication@14024558
reloadAllAccessors: .ThreadedJS
AutoTests.java: About to close Vertx.
AutoTests.java: Vertx closed.
]]></system-out>
  <system-err><![CDATA[java.lang.RuntimeException: Execution failed
	at ptolemy.moml.MoMLSimpleApplication$UnloadThread.run(MoMLSimpleApplication.java:402)
Caused by: ptolemy.kernel.util.IllegalActionException: initialize() was called after wrapup() was called but preinitialize() was not called after wrapup().
	at ptolemy.actor.lib.hoc.test.PreinitializeMustBeInvoked.initialize(PreinitializeMustBeInvoked.java:78)
	at ptolemy.actor.Director.initialize(Director.java:938)
	at ptolemy.actor.Director.initialize(Director.java:907)
	at ptolemy.actor.sched.StaticSchedulingDirector.initialize(StaticSchedulingDirector.java:159)
	at ptolemy.domains.sdf.kernel.SDFDirector.initialize(SDFDirector.java:544)
	at ptolemy.actor.CompositeActor.initialize(CompositeActor.java:935)
	at ptolemy.actor.lib.hoc.LifeCycleManager._executeInsideModel(LifeCycleManager.java:339)
	at ptolemy.actor.lib.hoc.RunCompositeActor.fire(RunCompositeActor.java:205)
	at ptolemy.actor.CompositeActor.iterate(CompositeActor.java:1146)
	at ptolemy.actor.sched.StaticSchedulingDirector.fire(StaticSchedulingDirector.java:216)
	at ptolemy.domains.sdf.kernel.SDFDirector.fire(SDFDirector.java:500)
	at ptolemy.actor.CompositeActor.fire(CompositeActor.java:455)
	at ptolemy.actor.Manager.iterate(Manager.java:851)
	at ptolemy.actor.Manager.execute(Manager.java:369)
	at ptolemy.actor.Manager.run(Manager.java:1263)
	at ptolemy.actor.Manager$PtolemyRunThread.run(Manager.java:1933)
java.lang.reflect.InvocationTargetException
	at java.base/jdk.internal.reflect.NativeConstructorAccessorImpl.newInstance0(Native Method)
	at java.base/jdk.internal.reflect.NativeConstructorAccessorImpl.newInstance(NativeConstructorAccessorImpl.java:62)
	at java.base/jdk.internal.reflect.DelegatingConstructorAccessorImpl.newInstance(DelegatingConstructorAccessorImpl.java:45)
	at java.base/java.lang.reflect.Constructor.newInstance(Constructor.java:490)
	at ptolemy.util.test.junit.AutoKnownFailedTests.RunModel(AutoKnownFailedTests.java:105)
	at java.base/jdk.internal.reflect.NativeMethodAccessorImpl.invoke0(Native Method)
	at java.base/jdk.internal.reflect.NativeMethodAccessorImpl.invoke(NativeMethodAccessorImpl.java:62)
	at java.base/jdk.internal.reflect.DelegatingMethodAccessorImpl.invoke(DelegatingMethodAccessorImpl.java:43)
	at java.base/java.lang.reflect.Method.invoke(Method.java:566)
	at org.junit.runners.model.FrameworkMethod$1.runReflectiveCall(FrameworkMethod.java:44)
	at org.junit.internal.runners.model.ReflectiveCallable.run(ReflectiveCallable.java:15)
	at org.junit.runners.model.FrameworkMethod.invokeExplosively(FrameworkMethod.java:41)
	at junitparams.internal.InvokeParameterisedMethod.evaluate(InvokeParameterisedMethod.java:102)
	at org.junit.internal.runners.statements.FailOnTimeout$1.run(FailOnTimeout.java:28)
Caused by: ptolemy.kernel.util.IllegalActionException: initialize() was called after wrapup() was called but preinitialize() was not called after wrapup().
	at ptolemy.actor.lib.hoc.test.PreinitializeMustBeInvoked.initialize(PreinitializeMustBeInvoked.java:78)
	at ptolemy.actor.Director.initialize(Director.java:938)
	at ptolemy.actor.Director.initialize(Director.java:907)
	at ptolemy.actor.sched.StaticSchedulingDirector.initialize(StaticSchedulingDirector.java:159)
	at ptolemy.domains.sdf.kernel.SDFDirector.initialize(SDFDirector.java:544)
	at ptolemy.actor.CompositeActor.initialize(CompositeActor.java:935)
	at ptolemy.actor.lib.hoc.LifeCycleManager._executeInsideModel(LifeCycleManager.java:339)
	at ptolemy.actor.lib.hoc.RunCompositeActor.fire(RunCompositeActor.java:205)
	at ptolemy.actor.CompositeActor.iterate(CompositeActor.java:1146)
	at ptolemy.actor.sched.StaticSchedulingDirector.fire(StaticSchedulingDirector.java:216)
	at ptolemy.domains.sdf.kernel.SDFDirector.fire(SDFDirector.java:500)
	at ptolemy.actor.CompositeActor.fire(CompositeActor.java:455)
	at ptolemy.actor.Manager.iterate(Manager.java:851)
	at ptolemy.actor.Manager.execute(Manager.java:369)
	at ptolemy.actor.Manager.run(Manager.java:1263)
	at ptolemy.actor.Manager$PtolemyRunThread.run(Manager.java:1933)
Warning: Nashorn engine is planned to be removed from a future JDK release
Warning: Nashorn engine is planned to be removed from a future JDK release
Warning: Nashorn engine is planned to be removed from a future JDK release
Warning: Nashorn engine is planned to be removed from a future JDK release
Warning: Nashorn engine is planned to be removed from a future JDK release
Warning: Nashorn engine is planned to be removed from a future JDK release
Warning: Nashorn engine is planned to be removed from a future JDK release
Warning: Nashorn engine is planned to be removed from a future JDK release
]]></system-err>
</testsuite>
