<?xml version="1.0" encoding="UTF-8" ?>
<testsuite errors="0" failures="0" hostname="travis-job-83389aa9-44ec-414a-a6f8-fdd1489d895c" name="ptolemy.domains.de.test.junit.JUnitTclTest" skipped="0" tests="101" time="127.815" timestamp="2020-08-26T15:32:49">
  <properties>
[...]
</properties>
  <testcase classname="ptolemy.util.test.junit.TclTests" name="[0] /home/travis/build/icyphy/ptII/ptolemy/domains/de/test/DependencyLoop.tcl (RunTclFile)" time="1.028" />
  <testcase classname="ptolemy.util.test.junit.TclTests" name="[1] /home/travis/build/icyphy/ptII/ptolemy/domains/de/test/RunDETestsAsQSS.tcl (RunTclFile)" time="86.208" />
  <testcase classname="ptolemy.util.test.junit.AutoKnownFailedTests" name="[0] /home/travis/build/icyphy/ptII/ptolemy/domains/de/test/auto/knownFailedTests/DESDFClockTest.xml (RunModel)" time="2.056" />
  <testcase classname="ptolemy.util.test.junit.AutoKnownFailedTests" name="[1] /home/travis/build/icyphy/ptII/ptolemy/domains/de/test/auto/knownFailedTests/DirectFeedback.xml (RunModel)" time="0.026" />
  <testcase classname="ptolemy.util.test.junit.AutoKnownFailedTests" name="[2] /home/travis/build/icyphy/ptII/ptolemy/domains/de/test/auto/knownFailedTests/FSMSource.xml (RunModel)" time="0.051" />
  <testcase classname="ptolemy.util.test.junit.AutoKnownFailedTests" name="[3] /home/travis/build/icyphy/ptII/ptolemy/domains/de/test/auto/knownFailedTests/HierarchicalModel.xml (RunModel)" time="0.053" />
  <testcase classname="ptolemy.util.test.junit.AutoKnownFailedTests" name="[4] /home/travis/build/icyphy/ptII/ptolemy/domains/de/test/auto/knownFailedTests/dependencyLoop.xml (RunModel)" time="0.043" />
  <testcase classname="ptolemy.util.test.junit.AutoKnownFailedTests" name="[5] /home/travis/build/icyphy/ptII/ptolemy/domains/de/test/auto/knownFailedTests/dependencyLoop2.xml (RunModel)" time="0.047" />
  <testcase classname="ptolemy.util.test.junit.AutoNameArchTests" name="[0] ThereAreNoAutoArchTests (RunModel)" time="0.004" />
  <testcase classname="ptolemy.util.test.junit.AutoTests" name="[0] /home/travis/build/icyphy/ptII/ptolemy/domains/de/test/auto/ActorDepthCalculation_actorWithoutPorts.xml (RunModel)" time="0.023" />
  <testcase classname="ptolemy.util.test.junit.AutoTests" name="[1] /home/travis/build/icyphy/ptII/ptolemy/domains/de/test/auto/AssemblyLine.xml (RunModel)" time="0.022" />
  <testcase classname="ptolemy.util.test.junit.AutoTests" name="[2] /home/travis/build/icyphy/ptII/ptolemy/domains/de/test/auto/CQBug1.xml (RunModel)" time="0.01" />
  <testcase classname="ptolemy.util.test.junit.AutoTests" name="[3] /home/travis/build/icyphy/ptII/ptolemy/domains/de/test/auto/CancelFireAt.xml (RunModel)" time="0.012" />
  <testcase classname="ptolemy.util.test.junit.AutoTests" name="[4] /home/travis/build/icyphy/ptII/ptolemy/domains/de/test/auto/CausalityAndComposabilityAnalysis.xml (RunModel)" time="0.015" />
  <testcase classname="ptolemy.util.test.junit.AutoTests" name="[5] /home/travis/build/icyphy/ptII/ptolemy/domains/de/test/auto/CausalityInterface1.xml (RunModel)" time="0.019" />
  <testcase classname="ptolemy.util.test.junit.AutoTests" name="[6] /home/travis/build/icyphy/ptII/ptolemy/domains/de/test/auto/CausalityInterface15.xml (RunModel)" time="0.019" />
  <testcase classname="ptolemy.util.test.junit.AutoTests" name="[7] /home/travis/build/icyphy/ptII/ptolemy/domains/de/test/auto/CausalityInterface2.xml (RunModel)" time="0.022" />
  <testcase classname="ptolemy.util.test.junit.AutoTests" name="[8] /home/travis/build/icyphy/ptII/ptolemy/domains/de/test/auto/CausalityInterface3.xml (RunModel)" time="0.014" />
  <testcase classname="ptolemy.util.test.junit.AutoTests" name="[9] /home/travis/build/icyphy/ptII/ptolemy/domains/de/test/auto/ClockDrift.xml (RunModel)" time="0.039" />
  <testcase classname="ptolemy.util.test.junit.AutoTests" name="[10] /home/travis/build/icyphy/ptII/ptolemy/domains/de/test/auto/ClockDriftAndValueChange.xml (RunModel)" time="0.036" />
  <testcase classname="ptolemy.util.test.junit.AutoTests" name="[11] /home/travis/build/icyphy/ptII/ptolemy/domains/de/test/auto/ClockDriftChange.xml (RunModel)" time="0.035" />
  <testcase classname="ptolemy.util.test.junit.AutoTests" name="[12] /home/travis/build/icyphy/ptII/ptolemy/domains/de/test/auto/ComposableCausalityAnalysis.xml (RunModel)" time="0.015" />
  <testcase classname="ptolemy.util.test.junit.AutoTests" name="[13] /home/travis/build/icyphy/ptII/ptolemy/domains/de/test/auto/DEFixedPointLimitation.xml (RunModel)" time="0.01" />
  <testcase classname="ptolemy.util.test.junit.AutoTests" name="[14] /home/travis/build/icyphy/ptII/ptolemy/domains/de/test/auto/DEScheduleTest.xml (RunModel)" time="0.015" />
  <testcase classname="ptolemy.util.test.junit.AutoTests" name="[15] /home/travis/build/icyphy/ptII/ptolemy/domains/de/test/auto/DEinDEwithStartTimes.xml (RunModel)" time="0.016" />
  <testcase classname="ptolemy.util.test.junit.AutoTests" name="[16] /home/travis/build/icyphy/ptII/ptolemy/domains/de/test/auto/DEinDEwithStartTimes2.xml (RunModel)" time="0.021" />
  <testcase classname="ptolemy.util.test.junit.AutoTests" name="[17] /home/travis/build/icyphy/ptII/ptolemy/domains/de/test/auto/DateDemo.xml (RunModel)" time="0.035" />
  <testcase classname="ptolemy.util.test.junit.AutoTests" name="[18] /home/travis/build/icyphy/ptII/ptolemy/domains/de/test/auto/DateToEvent.xml (RunModel)" time="2.051" />
  <testcase classname="ptolemy.util.test.junit.AutoTests" name="[19] /home/travis/build/icyphy/ptII/ptolemy/domains/de/test/auto/DepthTest1.xml (RunModel)" time="0.011" />
  <testcase classname="ptolemy.util.test.junit.AutoTests" name="[20] /home/travis/build/icyphy/ptII/ptolemy/domains/de/test/auto/DepthTest2.xml (RunModel)" time="0.018" />
  <testcase classname="ptolemy.util.test.junit.AutoTests" name="[21] /home/travis/build/icyphy/ptII/ptolemy/domains/de/test/auto/DepthTest3.xml (RunModel)" time="0.011" />
  <testcase classname="ptolemy.util.test.junit.AutoTests" name="[22] /home/travis/build/icyphy/ptII/ptolemy/domains/de/test/auto/DepthTest4.xml (RunModel)" time="0.021" />
  <testcase classname="ptolemy.util.test.junit.AutoTests" name="[23] /home/travis/build/icyphy/ptII/ptolemy/domains/de/test/auto/DepthTest5.xml (RunModel)" time="0.016" />
  <testcase classname="ptolemy.util.test.junit.AutoTests" name="[24] /home/travis/build/icyphy/ptII/ptolemy/domains/de/test/auto/DepthTest6.xml (RunModel)" time="0.018" />
  <testcase classname="ptolemy.util.test.junit.AutoTests" name="[25] /home/travis/build/icyphy/ptII/ptolemy/domains/de/test/auto/DepthTest7.xml (RunModel)" time="0.012" />
  <testcase classname="ptolemy.util.test.junit.AutoTests" name="[26] /home/travis/build/icyphy/ptII/ptolemy/domains/de/test/auto/EventToDate.xml (RunModel)" time="3.049" />
  <testcase classname="ptolemy.util.test.junit.AutoTests" name="[27] /home/travis/build/icyphy/ptII/ptolemy/domains/de/test/auto/FSM1.xml (RunModel)" time="0.041" />
  <testcase classname="ptolemy.util.test.junit.AutoTests" name="[28] /home/travis/build/icyphy/ptII/ptolemy/domains/de/test/auto/FSM7.xml (RunModel)" time="0.04" />
  <testcase classname="ptolemy.util.test.junit.AutoTests" name="[29] /home/travis/build/icyphy/ptII/ptolemy/domains/de/test/auto/Inspection.xml (RunModel)" time="0.042" />
  <testcase classname="ptolemy.util.test.junit.AutoTests" name="[30] /home/travis/build/icyphy/ptII/ptolemy/domains/de/test/auto/Iteration.xml (RunModel)" time="0.025" />
  <testcase classname="ptolemy.util.test.junit.AutoTests" name="[31] /home/travis/build/icyphy/ptII/ptolemy/domains/de/test/auto/LineFault.xml (RunModel)" time="0.57" />
  <testcase classname="ptolemy.util.test.junit.AutoTests" name="[32] /home/travis/build/icyphy/ptII/ptolemy/domains/de/test/auto/MergeModel1Add.xml (RunModel)" time="0.053" />
  <testcase classname="ptolemy.util.test.junit.AutoTests" name="[33] /home/travis/build/icyphy/ptII/ptolemy/domains/de/test/auto/MergeModel2Add.xml (RunModel)" time="0.034" />
  <testcase classname="ptolemy.util.test.junit.AutoTests" name="[34] /home/travis/build/icyphy/ptII/ptolemy/domains/de/test/auto/MergeModel3Add.xml (RunModel)" time="0.043" />
  <testcase classname="ptolemy.util.test.junit.AutoTests" name="[35] /home/travis/build/icyphy/ptII/ptolemy/domains/de/test/auto/MergeWithoutDiscard.xml (RunModel)" time="0.012" />
  <testcase classname="ptolemy.util.test.junit.AutoTests" name="[36] /home/travis/build/icyphy/ptII/ptolemy/domains/de/test/auto/Modal1.xml (RunModel)" time="0.042" />
  <testcase classname="ptolemy.util.test.junit.AutoTests" name="[37] /home/travis/build/icyphy/ptII/ptolemy/domains/de/test/auto/Modal2.xml (RunModel)" time="0.028" />
  <testcase classname="ptolemy.util.test.junit.AutoTests" name="[38] /home/travis/build/icyphy/ptII/ptolemy/domains/de/test/auto/Modal3.xml (RunModel)" time="0.03" />
  <testcase classname="ptolemy.util.test.junit.AutoTests" name="[39] /home/travis/build/icyphy/ptII/ptolemy/domains/de/test/auto/Modal4.xml (RunModel)" time="0.028" />
  <testcase classname="ptolemy.util.test.junit.AutoTests" name="[40] /home/travis/build/icyphy/ptII/ptolemy/domains/de/test/auto/Modal5.xml (RunModel)" time="0.034" />
  <testcase classname="ptolemy.util.test.junit.AutoTests" name="[41] /home/travis/build/icyphy/ptII/ptolemy/domains/de/test/auto/Modal6.xml (RunModel)" time="0.027" />
  <testcase classname="ptolemy.util.test.junit.AutoTests" name="[42] /home/travis/build/icyphy/ptII/ptolemy/domains/de/test/auto/Modal7.xml (RunModel)" time="0.036" />
  <testcase classname="ptolemy.util.test.junit.AutoTests" name="[43] /home/travis/build/icyphy/ptII/ptolemy/domains/de/test/auto/ModalModel.xml (RunModel)" time="0.164" />
  <testcase classname="ptolemy.util.test.junit.AutoTests" name="[44] /home/travis/build/icyphy/ptII/ptolemy/domains/de/test/auto/ModalSource.xml (RunModel)" time="0.034" />
  <testcase classname="ptolemy.util.test.junit.AutoTests" name="[45] /home/travis/build/icyphy/ptII/ptolemy/domains/de/test/auto/NonInterruptibleTimerZeroDelay.xml (RunModel)" time="0.012" />
  <testcase classname="ptolemy.util.test.junit.AutoTests" name="[46] /home/travis/build/icyphy/ptII/ptolemy/domains/de/test/auto/OpenQueueingNetwork.xml (RunModel)" time="2.433" />
  <testcase classname="ptolemy.util.test.junit.AutoTests" name="[47] /home/travis/build/icyphy/ptII/ptolemy/domains/de/test/auto/OpenQueuingNetwork.xml (RunModel)" time="0.295" />
  <testcase classname="ptolemy.util.test.junit.AutoTests" name="[48] /home/travis/build/icyphy/ptII/ptolemy/domains/de/test/auto/PeriodicSampler.xml (RunModel)" time="0.009" />
  <testcase classname="ptolemy.util.test.junit.AutoTests" name="[49] /home/travis/build/icyphy/ptII/ptolemy/domains/de/test/auto/PersistentIO.xml (RunModel)" time="0.021" />
  <testcase classname="ptolemy.util.test.junit.AutoTests" name="[50] /home/travis/build/icyphy/ptII/ptolemy/domains/de/test/auto/PortParameterResetOnInitialize.xml (RunModel)" time="0.011" />
  <testcase classname="ptolemy.util.test.junit.AutoTests" name="[51] /home/travis/build/icyphy/ptII/ptolemy/domains/de/test/auto/PortParameterUpdates.xml (RunModel)" time="0.017" />
  <testcase classname="ptolemy.util.test.junit.AutoTests" name="[52] /home/travis/build/icyphy/ptII/ptolemy/domains/de/test/auto/QueueAndServer.xml (RunModel)" time="0.021" />
  <testcase classname="ptolemy.util.test.junit.AutoTests" name="[53] /home/travis/build/icyphy/ptII/ptolemy/domains/de/test/auto/Records.xml (RunModel)" time="0.02" />
  <testcase classname="ptolemy.util.test.junit.AutoTests" name="[54] /home/travis/build/icyphy/ptII/ptolemy/domains/de/test/auto/ResetTransitionWithStartTime1.xml (RunModel)" time="0.022" />
  <testcase classname="ptolemy.util.test.junit.AutoTests" name="[55] /home/travis/build/icyphy/ptII/ptolemy/domains/de/test/auto/ResetTransitionWithStartTime2.xml (RunModel)" time="0.023" />
  <testcase classname="ptolemy.util.test.junit.AutoTests" name="[56] /home/travis/build/icyphy/ptII/ptolemy/domains/de/test/auto/ResetTransitionWithStartTime3.xml (RunModel)" time="0.022" />
  <testcase classname="ptolemy.util.test.junit.AutoTests" name="[57] /home/travis/build/icyphy/ptII/ptolemy/domains/de/test/auto/ResetTransitionWithStartTime4.xml (RunModel)" time="0.018" />
  <testcase classname="ptolemy.util.test.junit.AutoTests" name="[58] /home/travis/build/icyphy/ptII/ptolemy/domains/de/test/auto/ResettableTimer1.xml (RunModel)" time="0.013" />
  <testcase classname="ptolemy.util.test.junit.AutoTests" name="[59] /home/travis/build/icyphy/ptII/ptolemy/domains/de/test/auto/ResettableTimer2.xml (RunModel)" time="0.011" />
  <testcase classname="ptolemy.util.test.junit.AutoTests" name="[60] /home/travis/build/icyphy/ptII/ptolemy/domains/de/test/auto/ResettableTimer3.xml (RunModel)" time="0.009" />
  <testcase classname="ptolemy.util.test.junit.AutoTests" name="[61] /home/travis/build/icyphy/ptII/ptolemy/domains/de/test/auto/ResettableTimer4.xml (RunModel)" time="0.01" />
  <testcase classname="ptolemy.util.test.junit.AutoTests" name="[62] /home/travis/build/icyphy/ptII/ptolemy/domains/de/test/auto/ResettableTimer5.xml (RunModel)" time="0.01" />
  <testcase classname="ptolemy.util.test.junit.AutoTests" name="[63] /home/travis/build/icyphy/ptII/ptolemy/domains/de/test/auto/ResettableTimer6.xml (RunModel)" time="0.015" />
  <testcase classname="ptolemy.util.test.junit.AutoTests" name="[64] /home/travis/build/icyphy/ptII/ptolemy/domains/de/test/auto/ServerZeroDelay.xml (RunModel)" time="0.009" />
  <testcase classname="ptolemy.util.test.junit.AutoTests" name="[65] /home/travis/build/icyphy/ptII/ptolemy/domains/de/test/auto/SmartSender.xml (RunModel)" time="3.009" />
  <testcase classname="ptolemy.util.test.junit.AutoTests" name="[66] /home/travis/build/icyphy/ptII/ptolemy/domains/de/test/auto/ThreadedComposite.xml (RunModel)" time="0.174" />
  <testcase classname="ptolemy.util.test.junit.AutoTests" name="[67] /home/travis/build/icyphy/ptII/ptolemy/domains/de/test/auto/Time.xml (RunModel)" time="0.405" />
  <testcase classname="ptolemy.util.test.junit.AutoTests" name="[68] /home/travis/build/icyphy/ptII/ptolemy/domains/de/test/auto/TimeDelayZeroDelay.xml (RunModel)" time="0.013" />
  <testcase classname="ptolemy.util.test.junit.AutoTests" name="[69] /home/travis/build/icyphy/ptII/ptolemy/domains/de/test/auto/TimerZeroDelay.xml (RunModel)" time="0.015" />
  <testcase classname="ptolemy.util.test.junit.AutoTests" name="[70] /home/travis/build/icyphy/ptII/ptolemy/domains/de/test/auto/TimingParadox.xml (RunModel)" time="0.323" />
  <testcase classname="ptolemy.util.test.junit.AutoTests" name="[71] /home/travis/build/icyphy/ptII/ptolemy/domains/de/test/auto/TransferInputs.xml (RunModel)" time="0.013" />
  <testcase classname="ptolemy.util.test.junit.AutoTests" name="[72] /home/travis/build/icyphy/ptII/ptolemy/domains/de/test/auto/TransferOutputs2.xml (RunModel)" time="0.017" />
  <testcase classname="ptolemy.util.test.junit.AutoTests" name="[73] /home/travis/build/icyphy/ptII/ptolemy/domains/de/test/auto/Trilateration.xml (RunModel)" time="11.899" />
  <testcase classname="ptolemy.util.test.junit.AutoTests" name="[74] /home/travis/build/icyphy/ptII/ptolemy/domains/de/test/auto/TwoSigmaDelta.xml (RunModel)" time="1.766" />
  <testcase classname="ptolemy.util.test.junit.AutoTests" name="[75] /home/travis/build/icyphy/ptII/ptolemy/domains/de/test/auto/VariableDelay.xml (RunModel)" time="0.013" />
  <testcase classname="ptolemy.util.test.junit.AutoTests" name="[76] /home/travis/build/icyphy/ptII/ptolemy/domains/de/test/auto/VariableDelay2.xml (RunModel)" time="0.009" />
  <testcase classname="ptolemy.util.test.junit.AutoTests" name="[77] /home/travis/build/icyphy/ptII/ptolemy/domains/de/test/auto/VariableDelayZeroDelay.xml (RunModel)" time="0.012" />
  <testcase classname="ptolemy.util.test.junit.AutoTests" name="[78] /home/travis/build/icyphy/ptII/ptolemy/domains/de/test/auto/VariableDelayZeroDelay2.xml (RunModel)" time="0.009" />
  <testcase classname="ptolemy.util.test.junit.AutoTests" name="[79] /home/travis/build/icyphy/ptII/ptolemy/domains/de/test/auto/deInCt.xml (RunModel)" time="0.015" />
  <testcase classname="ptolemy.util.test.junit.AutoTests" name="[80] /home/travis/build/icyphy/ptII/ptolemy/domains/de/test/auto/deInCt2.xml (RunModel)" time="0.015" />
  <testcase classname="ptolemy.util.test.junit.AutoTests" name="[81] /home/travis/build/icyphy/ptII/ptolemy/domains/de/test/auto/dynamicCausalityInterface1.xml (RunModel)" time="0.05" />
  <testcase classname="ptolemy.util.test.junit.AutoTests" name="[82] /home/travis/build/icyphy/ptII/ptolemy/domains/de/test/auto/fsm_de_test.xml (RunModel)" time="0.055" />
  <testcase classname="ptolemy.util.test.junit.AutoTests" name="[83] /home/travis/build/icyphy/ptII/ptolemy/domains/de/test/auto/functionDependencyReconstruction.xml (RunModel)" time="0.07" />
  <testcase classname="ptolemy.util.test.junit.AutoTests" name="[84] /home/travis/build/icyphy/ptII/ptolemy/domains/de/test/auto/multirate.xml (RunModel)" time="0.043" />
  <testcase classname="ptolemy.util.test.junit.AutoTests" name="[85] /home/travis/build/icyphy/ptII/ptolemy/domains/de/test/auto/multirate2.xml (RunModel)" time="0.045" />
  <testcase classname="ptolemy.util.test.junit.AutoTests" name="[86] /home/travis/build/icyphy/ptII/ptolemy/domains/de/test/auto/realtime.xml (RunModel)" time="10.029" />
  <testcase classname="ptolemy.util.test.junit.AutoTests" name="[87] /home/travis/build/icyphy/ptII/ptolemy/domains/de/test/auto/relationGroup.xml (RunModel)" time="0.011" />
  <testcase classname="ptolemy.util.test.junit.AutoTests" name="[88] /home/travis/build/icyphy/ptII/ptolemy/domains/de/test/auto/relationGroup2.xml (RunModel)" time="0.012" />
  <testcase classname="ptolemy.util.test.junit.AutoTests" name="[89] /home/travis/build/icyphy/ptII/ptolemy/domains/de/test/auto/sortWithOpaquePorts.xml (RunModel)" time="0.018" />
  <testcase classname="ptolemy.util.test.junit.AutoTests" name="[90] /home/travis/build/icyphy/ptII/ptolemy/domains/de/test/auto/transferInputsandOutputs.xml (RunModel)" time="0.022" />
  <testcase classname="ptolemy.util.test.junit.AutoTests" name="[91] /home/travis/build/icyphy/ptII/ptolemy/domains/de/test/auto/triggerType.xml (RunModel)" time="0.009" />
  <system-out><![CDATA[/home/travis/build/icyphy/ptII/ptolemy/domains/de/test/DependencyLoop.tcl
testDefs.tcl: setting time out to 9000 seconds at Wed Aug 26 15:32:49 UTC 2020
63 ms. Memory: 129024K Free: 78788K (61%)
29 ms. Memory: 129024K Free: 61380K (48%)
/home/travis/build/icyphy/ptII/ptolemy/domains/de/test/RunDETestsAsQSS.tcl
Run the DE tests using ptolemy.domains.qss.test.QSSDirectorTest, which extends QSSDirector and prints a message in the constructors.
------------------ testing $PTII/ptolemy/domains/de/test/auto/knownFailedTests/DirectFeedback.xml (Known Failure) 
57 ms. Memory: 129024K Free: 56260K (44%)


==== $PTIIhome/travis/build/icyphy/ptII/ptolemy/domains/de/test/../../../../: Auto Automatic test in file $PTII/ptolemy/domains/de/test/auto/knownFailedTests/DirectFeedback.xml
==== Contents of test case:

	    # FIXME: we should use $relativeFilename here, but it
	    # might have backslashes under Windows, which causes no end
	    # of trouble.
	    createAndExecute $file
	    list {}
	
.... Test generated KNOWN error:
    while executing
ptolemy.kernel.util.IllegalActionException: Test fails in iteration 1.
Value was: 1.0. Should have been: 2.0
  in .DirectFeedback.Test
	at ptolemy.actor.lib.Test.fire(Test.java:268)
	at ptolemy.domains.de.kernel.DEDirector._fire(DEDirector.java:1949)
	at ptolemy.domains.de.kernel.DEDirector.fire(DEDirector.java:502)
	at ptolemy.actor.CompositeActor.fire(CompositeActor.java:455)
	at ptolemy.actor.Manager.iterate(Manager.java:851)
	at ptolemy.actor.Manager.execute(Manager.java:369)
	at ptolemy.actor.Manager.run(Manager.java:1263)
	at ptolemy.actor.Manager$PtolemyRunThread.run(Manager.java:1933)

    while executing
ptolemy.kernel.util.IllegalActionException: Test fails in iteration 1.
Value was: 1.0. Should have been: 2.0
  in .DirectFeedback.Test
    while executing
"java::new ptolemy.moml.MoMLSimpleApplication $file
"
    (procedure "createAndExecute" line 2)
    invoked from within
"createAndExecute $file"
    ("uplevel" body line 5)
    invoked from within
"uplevel $contents_of_test"
------------------ testing $PTII/ptolemy/domains/de/test/auto/knownFailedTests/dependencyLoop.xml (Known Failure) 
17 ms. Memory: 129024K Free: 53188K (41%)


==== $PTIIhome/travis/build/icyphy/ptII/ptolemy/domains/de/test/../../../../: Auto Automatic test in file $PTII/ptolemy/domains/de/test/auto/knownFailedTests/dependencyLoop.xml
==== Contents of test case:

	    # FIXME: we should use $relativeFilename here, but it
	    # might have backslashes under Windows, which causes no end
	    # of trouble.
	    createAndExecute $file
	    list {}
	
.... Test generated KNOWN error:
    while executing
ptolemy.kernel.util.IllegalActionException: Found a zero delay loop containing .dependencyLoop.original
  in .dependencyLoop and .dependencyLoop.original
	at ptolemy.actor.util.CausalityInterfaceForComposites._computeOutputPortDepth(CausalityInterfaceForComposites.java:759)
	at ptolemy.actor.util.CausalityInterfaceForComposites._computeInputDepth(CausalityInterfaceForComposites.java:696)
	at ptolemy.actor.util.CausalityInterfaceForComposites._computeOutputPortDepth(CausalityInterfaceForComposites.java:765)
	at ptolemy.actor.util.CausalityInterfaceForComposites._computeInputDepth(CausalityInterfaceForComposites.java:696)
	at ptolemy.actor.util.CausalityInterfaceForComposites._computeOutputPortDepth(CausalityInterfaceForComposites.java:765)
	at ptolemy.actor.util.CausalityInterfaceForComposites._computeInputDepth(CausalityInterfaceForComposites.java:696)
	at ptolemy.actor.util.CausalityInterfaceForComposites._computeActorDepth(CausalityInterfaceForComposites.java:532)
	at ptolemy.actor.util.CausalityInterfaceForComposites.checkForCycles(CausalityInterfaceForComposites.java:96)
	at ptolemy.domains.de.kernel.DEDirector.preinitialize(DEDirector.java:1338)
	at ptolemy.actor.CompositeActor.preinitialize(CompositeActor.java:1828)
	at ptolemy.actor.Manager.preinitializeAndResolveTypes(Manager.java:1040)
	at ptolemy.actor.Manager.initialize(Manager.java:710)
	at ptolemy.actor.Manager.execute(Manager.java:356)
	at ptolemy.actor.Manager.run(Manager.java:1263)
	at ptolemy.actor.Manager$PtolemyRunThread.run(Manager.java:1933)

    while executing
ptolemy.kernel.util.IllegalActionException: Found a zero delay loop containing .dependencyLoop.original
  in .dependencyLoop and .dependencyLoop.original
    while executing
"java::new ptolemy.moml.MoMLSimpleApplication $file
"
    (procedure "createAndExecute" line 2)
    invoked from within
"createAndExecute $file"
    ("uplevel" body line 5)
    invoked from within
"uplevel $contents_of_test"
------------------ testing $PTII/ptolemy/domains/de/test/auto/knownFailedTests/FSMSource.xml (Known Failure) 
72 ms. Memory: 129024K Free: 111751K (87%)
!!!! Auto was marked as failing, but now passes
------------------ testing $PTII/ptolemy/domains/de/test/auto/knownFailedTests/HierarchicalModel.xml (Known Failure) 
12 ms. Memory: 129024K Free: 94372K (73%)


==== $PTIIhome/travis/build/icyphy/ptII/ptolemy/domains/de/test/../../../../: Auto Automatic test in file $PTII/ptolemy/domains/de/test/auto/knownFailedTests/HierarchicalModel.xml
==== Contents of test case:

	    # FIXME: we should use $relativeFilename here, but it
	    # might have backslashes under Windows, which causes no end
	    # of trouble.
	    createAndExecute $file
	    list {}
	
.... Test generated KNOWN error:
    while executing
ptolemy.kernel.util.IllegalActionException: Found a zero delay loop containing .HierarchicalModel.A
  in .HierarchicalModel and .HierarchicalModel.A
	at ptolemy.actor.util.CausalityInterfaceForComposites._computeOutputPortDepth(CausalityInterfaceForComposites.java:759)
	at ptolemy.actor.util.CausalityInterfaceForComposites._computeInputDepth(CausalityInterfaceForComposites.java:696)
	at ptolemy.actor.util.CausalityInterfaceForComposites._computeOutputPortDepth(CausalityInterfaceForComposites.java:765)
	at ptolemy.actor.util.CausalityInterfaceForComposites._computeInputDepth(CausalityInterfaceForComposites.java:696)
	at ptolemy.actor.util.CausalityInterfaceForComposites._computeOutputPortDepth(CausalityInterfaceForComposites.java:765)
	at ptolemy.actor.util.CausalityInterfaceForComposites._computeInputDepth(CausalityInterfaceForComposites.java:696)
	at ptolemy.actor.util.CausalityInterfaceForComposites._computeActorDepth(CausalityInterfaceForComposites.java:532)
	at ptolemy.actor.util.CausalityInterfaceForComposites.checkForCycles(CausalityInterfaceForComposites.java:96)
	at ptolemy.domains.de.kernel.DEDirector.preinitialize(DEDirector.java:1338)
	at ptolemy.actor.CompositeActor.preinitialize(CompositeActor.java:1828)
	at ptolemy.actor.Manager.preinitializeAndResolveTypes(Manager.java:1040)
	at ptolemy.actor.Manager.initialize(Manager.java:710)
	at ptolemy.actor.Manager.execute(Manager.java:356)
	at ptolemy.actor.Manager.run(Manager.java:1263)
	at ptolemy.actor.Manager$PtolemyRunThread.run(Manager.java:1933)

    while executing
ptolemy.kernel.util.IllegalActionException: Found a zero delay loop containing .HierarchicalModel.A
  in .HierarchicalModel and .HierarchicalModel.A
    while executing
"java::new ptolemy.moml.MoMLSimpleApplication $file
"
    (procedure "createAndExecute" line 2)
    invoked from within
"createAndExecute $file"
    ("uplevel" body line 5)
    invoked from within
"uplevel $contents_of_test"
------------------ testing $PTII/ptolemy/domains/de/test/auto/knownFailedTests/dependencyLoop2.xml (Known Failure) 
12 ms. Memory: 129024K Free: 78282K (61%)


==== $PTIIhome/travis/build/icyphy/ptII/ptolemy/domains/de/test/../../../../: Auto Automatic test in file $PTII/ptolemy/domains/de/test/auto/knownFailedTests/dependencyLoop2.xml
==== Contents of test case:

	    # FIXME: we should use $relativeFilename here, but it
	    # might have backslashes under Windows, which causes no end
	    # of trouble.
	    createAndExecute $file
	    list {}
	
.... Test generated KNOWN error:
    while executing
ptolemy.kernel.util.IllegalActionException: Found a zero delay loop containing .dependencyLoop2.original
  in .dependencyLoop2 and .dependencyLoop2.original
	at ptolemy.actor.util.CausalityInterfaceForComposites._computeOutputPortDepth(CausalityInterfaceForComposites.java:759)
	at ptolemy.actor.util.CausalityInterfaceForComposites._computeInputDepth(CausalityInterfaceForComposites.java:696)
	at ptolemy.actor.util.CausalityInterfaceForComposites._computeOutputPortDepth(CausalityInterfaceForComposites.java:765)
	at ptolemy.actor.util.CausalityInterfaceForComposites._computeInputDepth(CausalityInterfaceForComposites.java:696)
	at ptolemy.actor.util.CausalityInterfaceForComposites._computeOutputPortDepth(CausalityInterfaceForComposites.java:765)
	at ptolemy.actor.util.CausalityInterfaceForComposites._computeInputDepth(CausalityInterfaceForComposites.java:696)
	at ptolemy.actor.util.CausalityInterfaceForComposites._computeActorDepth(CausalityInterfaceForComposites.java:532)
	at ptolemy.actor.util.CausalityInterfaceForComposites.checkForCycles(CausalityInterfaceForComposites.java:96)
	at ptolemy.domains.de.kernel.DEDirector.preinitialize(DEDirector.java:1338)
	at ptolemy.actor.CompositeActor.preinitialize(CompositeActor.java:1828)
	at ptolemy.actor.Manager.preinitializeAndResolveTypes(Manager.java:1040)
	at ptolemy.actor.Manager.initialize(Manager.java:710)
	at ptolemy.actor.Manager.execute(Manager.java:356)
	at ptolemy.actor.Manager.run(Manager.java:1263)
	at ptolemy.actor.Manager$PtolemyRunThread.run(Manager.java:1933)

    while executing
ptolemy.kernel.util.IllegalActionException: Found a zero delay loop containing .dependencyLoop2.original
  in .dependencyLoop2 and .dependencyLoop2.original
    while executing
"java::new ptolemy.moml.MoMLSimpleApplication $file
"
    (procedure "createAndExecute" line 2)
    invoked from within
"createAndExecute $file"
    ("uplevel" body line 5)
    invoked from within
"uplevel $contents_of_test"
------------------ testing $PTII/ptolemy/domains/de/test/auto/knownFailedTests/DESDFClockTest.xml (Known Failure) 
2041 ms. Memory: 129024K Free: 107634K (83%)


==== $PTIIhome/travis/build/icyphy/ptII/ptolemy/domains/de/test/../../../../: Auto Automatic test in file $PTII/ptolemy/domains/de/test/auto/knownFailedTests/DESDFClockTest.xml
==== Contents of test case:

	    # FIXME: we should use $relativeFilename here, but it
	    # might have backslashes under Windows, which causes no end
	    # of trouble.
	    createAndExecute $file
	    list {}
	
.... Test generated KNOWN error:
    while executing
ptolemy.kernel.util.IllegalActionException: Actor is not ready to fire.  Perhaps UpSample.prefire() returned false? Try debugging the actor by selecting "Listen to Actor".  Also, for SDF check moml for tokenConsumptionRate on input.
  in .DESDFClockTest.Play Bell.Copy1:SDF Director and .DESDFClockTest.Play Bell.UpSample
	at ptolemy.actor.sched.StaticSchedulingDirector.fire(StaticSchedulingDirector.java:227)
	at ptolemy.domains.sdf.kernel.SDFDirector.fire(SDFDirector.java:500)
	at ptolemy.actor.CompositeActor.fire(CompositeActor.java:455)
	at ptolemy.domains.de.kernel.DEDirector._fire(DEDirector.java:1949)
	at ptolemy.domains.de.kernel.DEDirector.fire(DEDirector.java:502)
	at ptolemy.actor.CompositeActor.fire(CompositeActor.java:455)
	at ptolemy.actor.Manager.iterate(Manager.java:851)
	at ptolemy.actor.Manager.execute(Manager.java:369)
	at ptolemy.actor.Manager.run(Manager.java:1263)
	at ptolemy.actor.Manager$PtolemyRunThread.run(Manager.java:1933)

    while executing
ptolemy.kernel.util.IllegalActionException: Actor is not ready to fire.  Perhaps UpSample.prefire() returned false? Try debugging the actor by selecting "Listen to Actor".  Also, for SDF check moml for tokenConsumptionRate on input.
  in .DESDFClockTest.Play Bell.Copy1:SDF Director and .DESDFClockTest.Play Bell.UpSample
    while executing
"java::new ptolemy.moml.MoMLSimpleApplication $file
"
    (procedure "createAndExecute" line 2)
    invoked from within
"createAndExecute $file"
    ("uplevel" body line 5)
    invoked from within
"uplevel $contents_of_test"
------------------ testing $PTII/ptolemy/domains/de/test/auto/ActorDepthCalculation_actorWithoutPorts.xml
auto.tcl: Setting watchdog for 200 seconds at Wed Aug 26 15:32:53 UTC 2020
10 ms. Memory: 129024K Free: 100451K (78%)
ptolemy.util.test.WatchDog.cancel(): canceling Wed Aug 26 15:32:53 UTC 2020
auto.tcl: Setting watchdog for 200 seconds at Wed Aug 26 15:32:53 UTC 2020
4 ms. Memory: 129024K Free: 98891K (77%)
ptolemy.util.test.WatchDog.cancel(): canceling Wed Aug 26 15:32:53 UTC 2020
------------------ testing $PTII/ptolemy/domains/de/test/auto/AssemblyLine.xml
auto.tcl: Setting watchdog for 200 seconds at Wed Aug 26 15:32:53 UTC 2020
37 ms. Memory: 51200K Free: 27757K (54%)
ptolemy.util.test.WatchDog.cancel(): canceling Wed Aug 26 15:32:53 UTC 2020
auto.tcl: Setting watchdog for 200 seconds at Wed Aug 26 15:32:53 UTC 2020
8 ms. Memory: 51200K Free: 26800K (52%)
ptolemy.util.test.WatchDog.cancel(): canceling Wed Aug 26 15:32:53 UTC 2020
------------------ testing $PTII/ptolemy/domains/de/test/auto/CQBug1.xml
auto.tcl: Setting watchdog for 200 seconds at Wed Aug 26 15:32:53 UTC 2020
2 ms. Memory: 51200K Free: 33248K (65%)
ptolemy.util.test.WatchDog.cancel(): canceling Wed Aug 26 15:32:53 UTC 2020
auto.tcl: Setting watchdog for 200 seconds at Wed Aug 26 15:32:53 UTC 2020
2 ms. Memory: 51200K Free: 32804K (64%)
ptolemy.util.test.WatchDog.cancel(): canceling Wed Aug 26 15:32:53 UTC 2020
------------------ testing $PTII/ptolemy/domains/de/test/auto/CancelFireAt.xml
auto.tcl: Setting watchdog for 200 seconds at Wed Aug 26 15:32:53 UTC 2020
15 ms. Memory: 51200K Free: 34479K (67%)
ptolemy.util.test.WatchDog.cancel(): canceling Wed Aug 26 15:32:53 UTC 2020
auto.tcl: Setting watchdog for 200 seconds at Wed Aug 26 15:32:53 UTC 2020
1 ms. Memory: 51200K Free: 34004K (66%)
ptolemy.util.test.WatchDog.cancel(): canceling Wed Aug 26 15:32:53 UTC 2020
------------------ testing $PTII/ptolemy/domains/de/test/auto/CausalityAndComposabilityAnalysis.xml
auto.tcl: Setting watchdog for 200 seconds at Wed Aug 26 15:32:53 UTC 2020
9 ms. Memory: 51200K Free: 32719K (64%)
ptolemy.util.test.WatchDog.cancel(): canceling Wed Aug 26 15:32:54 UTC 2020
auto.tcl: Setting watchdog for 200 seconds at Wed Aug 26 15:32:54 UTC 2020
5 ms. Memory: 51200K Free: 31963K (62%)
ptolemy.util.test.WatchDog.cancel(): canceling Wed Aug 26 15:32:54 UTC 2020
------------------ testing $PTII/ptolemy/domains/de/test/auto/CausalityInterface1.xml
auto.tcl: Setting watchdog for 200 seconds at Wed Aug 26 15:32:54 UTC 2020
27 ms. Memory: 51200K Free: 31101K (61%)
ptolemy.util.test.WatchDog.cancel(): canceling Wed Aug 26 15:32:54 UTC 2020
auto.tcl: Setting watchdog for 200 seconds at Wed Aug 26 15:32:54 UTC 2020
4 ms. Memory: 51200K Free: 30405K (59%)
ptolemy.util.test.WatchDog.cancel(): canceling Wed Aug 26 15:32:54 UTC 2020
------------------ testing $PTII/ptolemy/domains/de/test/auto/CausalityInterface15.xml
auto.tcl: Setting watchdog for 200 seconds at Wed Aug 26 15:32:54 UTC 2020
15 ms. Memory: 51200K Free: 30947K (60%)
ptolemy.util.test.WatchDog.cancel(): canceling Wed Aug 26 15:32:54 UTC 2020
auto.tcl: Setting watchdog for 200 seconds at Wed Aug 26 15:32:54 UTC 2020
5 ms. Memory: 51200K Free: 30358K (59%)
ptolemy.util.test.WatchDog.cancel(): canceling Wed Aug 26 15:32:54 UTC 2020
------------------ testing $PTII/ptolemy/domains/de/test/auto/CausalityInterface2.xml
auto.tcl: Setting watchdog for 200 seconds at Wed Aug 26 15:32:54 UTC 2020
4 ms. Memory: 51200K Free: 32014K (63%)
ptolemy.util.test.WatchDog.cancel(): canceling Wed Aug 26 15:32:54 UTC 2020
auto.tcl: Setting watchdog for 200 seconds at Wed Aug 26 15:32:54 UTC 2020
3 ms. Memory: 51200K Free: 31342K (61%)
ptolemy.util.test.WatchDog.cancel(): canceling Wed Aug 26 15:32:54 UTC 2020
------------------ testing $PTII/ptolemy/domains/de/test/auto/CausalityInterface3.xml
auto.tcl: Setting watchdog for 200 seconds at Wed Aug 26 15:32:54 UTC 2020
5 ms. Memory: 51200K Free: 31540K (62%)
ptolemy.util.test.WatchDog.cancel(): canceling Wed Aug 26 15:32:54 UTC 2020
auto.tcl: Setting watchdog for 200 seconds at Wed Aug 26 15:32:54 UTC 2020
3 ms. Memory: 51200K Free: 31054K (61%)
ptolemy.util.test.WatchDog.cancel(): canceling Wed Aug 26 15:32:54 UTC 2020
------------------ testing $PTII/ptolemy/domains/de/test/auto/ClockDrift.xml
auto.tcl: Setting watchdog for 200 seconds at Wed Aug 26 15:32:54 UTC 2020
86 ms. Memory: 51200K Free: 23642K (46%)
ptolemy.util.test.WatchDog.cancel(): canceling Wed Aug 26 15:32:54 UTC 2020
auto.tcl: Setting watchdog for 200 seconds at Wed Aug 26 15:32:54 UTC 2020
53 ms. Memory: 51200K Free: 20651K (40%)
ptolemy.util.test.WatchDog.cancel(): canceling Wed Aug 26 15:32:54 UTC 2020
------------------ testing $PTII/ptolemy/domains/de/test/auto/ClockDriftAndValueChange.xml
auto.tcl: Setting watchdog for 200 seconds at Wed Aug 26 15:32:54 UTC 2020
29 ms. Memory: 51200K Free: 24249K (47%)
ptolemy.util.test.WatchDog.cancel(): canceling Wed Aug 26 15:32:54 UTC 2020
auto.tcl: Setting watchdog for 200 seconds at Wed Aug 26 15:32:54 UTC 2020
23 ms. Memory: 51200K Free: 21435K (42%)
ptolemy.util.test.WatchDog.cancel(): canceling Wed Aug 26 15:32:54 UTC 2020
------------------ testing $PTII/ptolemy/domains/de/test/auto/ClockDriftChange.xml
auto.tcl: Setting watchdog for 200 seconds at Wed Aug 26 15:32:54 UTC 2020
21 ms. Memory: 51200K Free: 26040K (51%)
ptolemy.util.test.WatchDog.cancel(): canceling Wed Aug 26 15:32:54 UTC 2020
auto.tcl: Setting watchdog for 200 seconds at Wed Aug 26 15:32:54 UTC 2020
25 ms. Memory: 51200K Free: 23482K (46%)
ptolemy.util.test.WatchDog.cancel(): canceling Wed Aug 26 15:32:54 UTC 2020
------------------ testing $PTII/ptolemy/domains/de/test/auto/ComposableCausalityAnalysis.xml
auto.tcl: Setting watchdog for 200 seconds at Wed Aug 26 15:32:54 UTC 2020
2 ms. Memory: 51200K Free: 30824K (60%)
ptolemy.util.test.WatchDog.cancel(): canceling Wed Aug 26 15:32:54 UTC 2020
auto.tcl: Setting watchdog for 200 seconds at Wed Aug 26 15:32:54 UTC 2020
3 ms. Memory: 51200K Free: 29861K (58%)
ptolemy.util.test.WatchDog.cancel(): canceling Wed Aug 26 15:32:54 UTC 2020
------------------ testing $PTII/ptolemy/domains/de/test/auto/DEFixedPointLimitation.xml
auto.tcl: Setting watchdog for 200 seconds at Wed Aug 26 15:32:54 UTC 2020
4 ms. Memory: 51200K Free: 32228K (63%)
ptolemy.util.test.WatchDog.cancel(): canceling Wed Aug 26 15:32:55 UTC 2020
auto.tcl: Setting watchdog for 200 seconds at Wed Aug 26 15:32:55 UTC 2020
2 ms. Memory: 51200K Free: 31369K (61%)
ptolemy.util.test.WatchDog.cancel(): canceling Wed Aug 26 15:32:55 UTC 2020
------------------ testing $PTII/ptolemy/domains/de/test/auto/DEScheduleTest.xml
auto.tcl: Setting watchdog for 200 seconds at Wed Aug 26 15:32:55 UTC 2020
8 ms. Memory: 51200K Free: 32593K (64%)
ptolemy.util.test.WatchDog.cancel(): canceling Wed Aug 26 15:32:55 UTC 2020
auto.tcl: Setting watchdog for 200 seconds at Wed Aug 26 15:32:55 UTC 2020
4 ms. Memory: 51200K Free: 31827K (62%)
ptolemy.util.test.WatchDog.cancel(): canceling Wed Aug 26 15:32:55 UTC 2020
------------------ testing $PTII/ptolemy/domains/de/test/auto/DEinDEwithStartTimes.xml
auto.tcl: Setting watchdog for 200 seconds at Wed Aug 26 15:32:55 UTC 2020
5 ms. Memory: 51200K Free: 30754K (60%)
ptolemy.util.test.WatchDog.cancel(): canceling Wed Aug 26 15:32:55 UTC 2020
auto.tcl: Setting watchdog for 200 seconds at Wed Aug 26 15:32:55 UTC 2020
3 ms. Memory: 51200K Free: 29730K (58%)
ptolemy.util.test.WatchDog.cancel(): canceling Wed Aug 26 15:32:55 UTC 2020
------------------ testing $PTII/ptolemy/domains/de/test/auto/DEinDEwithStartTimes2.xml
auto.tcl: Setting watchdog for 200 seconds at Wed Aug 26 15:32:55 UTC 2020
4 ms. Memory: 51200K Free: 29854K (58%)
ptolemy.util.test.WatchDog.cancel(): canceling Wed Aug 26 15:32:55 UTC 2020
auto.tcl: Setting watchdog for 200 seconds at Wed Aug 26 15:32:55 UTC 2020
4 ms. Memory: 51200K Free: 28686K (56%)
ptolemy.util.test.WatchDog.cancel(): canceling Wed Aug 26 15:32:55 UTC 2020
------------------ testing $PTII/ptolemy/domains/de/test/auto/DateDemo.xml
auto.tcl: Setting watchdog for 200 seconds at Wed Aug 26 15:32:55 UTC 2020
15 ms. Memory: 51200K Free: 24297K (47%)
ptolemy.util.test.WatchDog.cancel(): canceling Wed Aug 26 15:32:55 UTC 2020
auto.tcl: Setting watchdog for 200 seconds at Wed Aug 26 15:32:55 UTC 2020
7 ms. Memory: 51200K Free: 22660K (44%)
ptolemy.util.test.WatchDog.cancel(): canceling Wed Aug 26 15:32:55 UTC 2020
------------------ testing $PTII/ptolemy/domains/de/test/auto/DateToEvent.xml
auto.tcl: Setting watchdog for 200 seconds at Wed Aug 26 15:32:55 UTC 2020
2009 ms. Memory: 51200K Free: 20245K (40%)
ptolemy.util.test.WatchDog.cancel(): canceling Wed Aug 26 15:32:57 UTC 2020
auto.tcl: Setting watchdog for 200 seconds at Wed Aug 26 15:32:57 UTC 2020
2006 ms. Memory: 51200K Free: 19390K (38%)
ptolemy.util.test.WatchDog.cancel(): canceling Wed Aug 26 15:32:59 UTC 2020
------------------ testing $PTII/ptolemy/domains/de/test/auto/DepthTest1.xml
auto.tcl: Setting watchdog for 200 seconds at Wed Aug 26 15:32:59 UTC 2020
3 ms. Memory: 51200K Free: 33400K (65%)
ptolemy.util.test.WatchDog.cancel(): canceling Wed Aug 26 15:32:59 UTC 2020
auto.tcl: Setting watchdog for 200 seconds at Wed Aug 26 15:32:59 UTC 2020
2 ms. Memory: 51200K Free: 32939K (64%)
ptolemy.util.test.WatchDog.cancel(): canceling Wed Aug 26 15:32:59 UTC 2020
------------------ testing $PTII/ptolemy/domains/de/test/auto/DepthTest2.xml
auto.tcl: Setting watchdog for 200 seconds at Wed Aug 26 15:32:59 UTC 2020
5 ms. Memory: 51200K Free: 30197K (59%)
ptolemy.util.test.WatchDog.cancel(): canceling Wed Aug 26 15:32:59 UTC 2020
auto.tcl: Setting watchdog for 200 seconds at Wed Aug 26 15:32:59 UTC 2020
6 ms. Memory: 51200K Free: 29752K (58%)
ptolemy.util.test.WatchDog.cancel(): canceling Wed Aug 26 15:32:59 UTC 2020
------------------ testing $PTII/ptolemy/domains/de/test/auto/DepthTest3.xml
auto.tcl: Setting watchdog for 200 seconds at Wed Aug 26 15:32:59 UTC 2020
3 ms. Memory: 51200K Free: 33723K (66%)
ptolemy.util.test.WatchDog.cancel(): canceling Wed Aug 26 15:32:59 UTC 2020
auto.tcl: Setting watchdog for 200 seconds at Wed Aug 26 15:32:59 UTC 2020
2 ms. Memory: 51200K Free: 33251K (65%)
ptolemy.util.test.WatchDog.cancel(): canceling Wed Aug 26 15:32:59 UTC 2020
------------------ testing $PTII/ptolemy/domains/de/test/auto/DepthTest4.xml
auto.tcl: Setting watchdog for 200 seconds at Wed Aug 26 15:32:59 UTC 2020
6 ms. Memory: 51200K Free: 31966K (62%)
ptolemy.util.test.WatchDog.cancel(): canceling Wed Aug 26 15:32:59 UTC 2020
auto.tcl: Setting watchdog for 200 seconds at Wed Aug 26 15:32:59 UTC 2020
4 ms. Memory: 51200K Free: 31302K (61%)
ptolemy.util.test.WatchDog.cancel(): canceling Wed Aug 26 15:32:59 UTC 2020
------------------ testing $PTII/ptolemy/domains/de/test/auto/DepthTest5.xml
auto.tcl: Setting watchdog for 200 seconds at Wed Aug 26 15:32:59 UTC 2020
4 ms. Memory: 51200K Free: 31426K (61%)
ptolemy.util.test.WatchDog.cancel(): canceling Wed Aug 26 15:32:59 UTC 2020
auto.tcl: Setting watchdog for 200 seconds at Wed Aug 26 15:32:59 UTC 2020
2 ms. Memory: 51200K Free: 30685K (60%)
ptolemy.util.test.WatchDog.cancel(): canceling Wed Aug 26 15:32:59 UTC 2020
------------------ testing $PTII/ptolemy/domains/de/test/auto/DepthTest6.xml
auto.tcl: Setting watchdog for 200 seconds at Wed Aug 26 15:32:59 UTC 2020
4 ms. Memory: 51200K Free: 31150K (61%)
ptolemy.util.test.WatchDog.cancel(): canceling Wed Aug 26 15:33:00 UTC 2020
auto.tcl: Setting watchdog for 200 seconds at Wed Aug 26 15:33:00 UTC 2020
3 ms. Memory: 51200K Free: 30697K (60%)
ptolemy.util.test.WatchDog.cancel(): canceling Wed Aug 26 15:33:00 UTC 2020
------------------ testing $PTII/ptolemy/domains/de/test/auto/DepthTest7.xml
auto.tcl: Setting watchdog for 200 seconds at Wed Aug 26 15:33:00 UTC 2020
8 ms. Memory: 51200K Free: 31891K (62%)
ptolemy.util.test.WatchDog.cancel(): canceling Wed Aug 26 15:33:00 UTC 2020
auto.tcl: Setting watchdog for 200 seconds at Wed Aug 26 15:33:00 UTC 2020
2 ms. Memory: 51200K Free: 31227K (61%)
ptolemy.util.test.WatchDog.cancel(): canceling Wed Aug 26 15:33:00 UTC 2020
------------------ testing $PTII/ptolemy/domains/de/test/auto/EventToDate.xml
auto.tcl: Setting watchdog for 200 seconds at Wed Aug 26 15:33:00 UTC 2020
3006 ms. Memory: 51200K Free: 22487K (44%)
ptolemy.util.test.WatchDog.cancel(): canceling Wed Aug 26 15:33:03 UTC 2020
auto.tcl: Setting watchdog for 200 seconds at Wed Aug 26 15:33:03 UTC 2020
3003 ms. Memory: 51200K Free: 22040K (43%)
ptolemy.util.test.WatchDog.cancel(): canceling Wed Aug 26 15:33:06 UTC 2020
------------------ testing $PTII/ptolemy/domains/de/test/auto/FSM1.xml
auto.tcl: Setting watchdog for 200 seconds at Wed Aug 26 15:33:06 UTC 2020
50 ms. Memory: 51200K Free: 23940K (47%)
ptolemy.util.test.WatchDog.cancel(): canceling Wed Aug 26 15:33:06 UTC 2020
auto.tcl: Setting watchdog for 200 seconds at Wed Aug 26 15:33:06 UTC 2020
18 ms. Memory: 51200K Free: 20696K (40%)
ptolemy.util.test.WatchDog.cancel(): canceling Wed Aug 26 15:33:06 UTC 2020
------------------ testing $PTII/ptolemy/domains/de/test/auto/FSM7.xml
auto.tcl: Setting watchdog for 200 seconds at Wed Aug 26 15:33:06 UTC 2020
28 ms. Memory: 51200K Free: 23849K (47%)
ptolemy.util.test.WatchDog.cancel(): canceling Wed Aug 26 15:33:06 UTC 2020
auto.tcl: Setting watchdog for 200 seconds at Wed Aug 26 15:33:06 UTC 2020
27 ms. Memory: 51200K Free: 20454K (40%)
ptolemy.util.test.WatchDog.cancel(): canceling Wed Aug 26 15:33:06 UTC 2020
------------------ testing $PTII/ptolemy/domains/de/test/auto/Inspection.xml
auto.tcl: Setting watchdog for 200 seconds at Wed Aug 26 15:33:06 UTC 2020
28 ms. Memory: 51200K Free: 23615K (46%)
ptolemy.util.test.WatchDog.cancel(): canceling Wed Aug 26 15:33:06 UTC 2020
auto.tcl: Setting watchdog for 200 seconds at Wed Aug 26 15:33:06 UTC 2020
29 ms. Memory: 51200K Free: 21934K (43%)
ptolemy.util.test.WatchDog.cancel(): canceling Wed Aug 26 15:33:06 UTC 2020
------------------ testing $PTII/ptolemy/domains/de/test/auto/Iteration.xml
auto.tcl: Setting watchdog for 200 seconds at Wed Aug 26 15:33:06 UTC 2020
8 ms. Memory: 51200K Free: 29182K (57%)
ptolemy.util.test.WatchDog.cancel(): canceling Wed Aug 26 15:33:06 UTC 2020
auto.tcl: Setting watchdog for 200 seconds at Wed Aug 26 15:33:06 UTC 2020
7 ms. Memory: 51200K Free: 27991K (55%)
ptolemy.util.test.WatchDog.cancel(): canceling Wed Aug 26 15:33:06 UTC 2020
------------------ testing $PTII/ptolemy/domains/de/test/auto/LineFault.xml
auto.tcl: Setting watchdog for 200 seconds at Wed Aug 26 15:33:06 UTC 2020
663 ms. Memory: 51200K Free: 13266K (26%)
ptolemy.util.test.WatchDog.cancel(): canceling Wed Aug 26 15:33:07 UTC 2020
auto.tcl: Setting watchdog for 200 seconds at Wed Aug 26 15:33:07 UTC 2020
567 ms. Memory: 62464K Free: 38073K (61%)
ptolemy.util.test.WatchDog.cancel(): canceling Wed Aug 26 15:33:08 UTC 2020
------------------ testing $PTII/ptolemy/domains/de/test/auto/MergeModel1Add.xml
auto.tcl: Setting watchdog for 200 seconds at Wed Aug 26 15:33:08 UTC 2020
31 ms. Memory: 55296K Free: 19531K (35%)
ptolemy.util.test.WatchDog.cancel(): canceling Wed Aug 26 15:33:08 UTC 2020
auto.tcl: Setting watchdog for 200 seconds at Wed Aug 26 15:33:08 UTC 2020
11 ms. Memory: 55296K Free: 17931K (32%)
ptolemy.util.test.WatchDog.cancel(): canceling Wed Aug 26 15:33:08 UTC 2020
------------------ testing $PTII/ptolemy/domains/de/test/auto/MergeModel2Add.xml
auto.tcl: Setting watchdog for 200 seconds at Wed Aug 26 15:33:08 UTC 2020
11 ms. Memory: 55296K Free: 21336K (39%)
ptolemy.util.test.WatchDog.cancel(): canceling Wed Aug 26 15:33:08 UTC 2020
auto.tcl: Setting watchdog for 200 seconds at Wed Aug 26 15:33:08 UTC 2020
9 ms. Memory: 55296K Free: 19627K (35%)
ptolemy.util.test.WatchDog.cancel(): canceling Wed Aug 26 15:33:08 UTC 2020
------------------ testing $PTII/ptolemy/domains/de/test/auto/MergeModel3Add.xml
auto.tcl: Setting watchdog for 200 seconds at Wed Aug 26 15:33:08 UTC 2020
11 ms. Memory: 55296K Free: 21587K (39%)
ptolemy.util.test.WatchDog.cancel(): canceling Wed Aug 26 15:33:08 UTC 2020
auto.tcl: Setting watchdog for 200 seconds at Wed Aug 26 15:33:08 UTC 2020
10 ms. Memory: 55296K Free: 20181K (36%)
ptolemy.util.test.WatchDog.cancel(): canceling Wed Aug 26 15:33:08 UTC 2020
------------------ testing $PTII/ptolemy/domains/de/test/auto/MergeWithoutDiscard.xml
auto.tcl: Setting watchdog for 200 seconds at Wed Aug 26 15:33:08 UTC 2020
2 ms. Memory: 55296K Free: 36450K (66%)
ptolemy.util.test.WatchDog.cancel(): canceling Wed Aug 26 15:33:08 UTC 2020
auto.tcl: Setting watchdog for 200 seconds at Wed Aug 26 15:33:08 UTC 2020
1 ms. Memory: 55296K Free: 35564K (64%)
ptolemy.util.test.WatchDog.cancel(): canceling Wed Aug 26 15:33:08 UTC 2020
------------------ testing $PTII/ptolemy/domains/de/test/auto/Modal1.xml
auto.tcl: Setting watchdog for 200 seconds at Wed Aug 26 15:33:08 UTC 2020
12 ms. Memory: 55296K Free: 28047K (51%)
ptolemy.util.test.WatchDog.cancel(): canceling Wed Aug 26 15:33:08 UTC 2020
auto.tcl: Setting watchdog for 200 seconds at Wed Aug 26 15:33:08 UTC 2020
13 ms. Memory: 55296K Free: 24609K (45%)
ptolemy.util.test.WatchDog.cancel(): canceling Wed Aug 26 15:33:08 UTC 2020
------------------ testing $PTII/ptolemy/domains/de/test/auto/Modal2.xml
auto.tcl: Setting watchdog for 200 seconds at Wed Aug 26 15:33:08 UTC 2020
12 ms. Memory: 51200K Free: 24349K (48%)
ptolemy.util.test.WatchDog.cancel(): canceling Wed Aug 26 15:33:08 UTC 2020
auto.tcl: Setting watchdog for 200 seconds at Wed Aug 26 15:33:08 UTC 2020
21 ms. Memory: 51200K Free: 20869K (41%)
ptolemy.util.test.WatchDog.cancel(): canceling Wed Aug 26 15:33:09 UTC 2020
------------------ testing $PTII/ptolemy/domains/de/test/auto/Modal3.xml
auto.tcl: Setting watchdog for 200 seconds at Wed Aug 26 15:33:09 UTC 2020
14 ms. Memory: 51200K Free: 23854K (47%)
ptolemy.util.test.WatchDog.cancel(): canceling Wed Aug 26 15:33:09 UTC 2020
auto.tcl: Setting watchdog for 200 seconds at Wed Aug 26 15:33:09 UTC 2020
18 ms. Memory: 51200K Free: 20880K (41%)
ptolemy.util.test.WatchDog.cancel(): canceling Wed Aug 26 15:33:09 UTC 2020
------------------ testing $PTII/ptolemy/domains/de/test/auto/Modal4.xml
auto.tcl: Setting watchdog for 200 seconds at Wed Aug 26 15:33:09 UTC 2020
30 ms. Memory: 51200K Free: 23042K (45%)
ptolemy.util.test.WatchDog.cancel(): canceling Wed Aug 26 15:33:09 UTC 2020
auto.tcl: Setting watchdog for 200 seconds at Wed Aug 26 15:33:09 UTC 2020
32 ms. Memory: 51200K Free: 19224K (38%)
ptolemy.util.test.WatchDog.cancel(): canceling Wed Aug 26 15:33:09 UTC 2020
------------------ testing $PTII/ptolemy/domains/de/test/auto/Modal5.xml
auto.tcl: Setting watchdog for 200 seconds at Wed Aug 26 15:33:09 UTC 2020
13 ms. Memory: 51200K Free: 23037K (45%)
ptolemy.util.test.WatchDog.cancel(): canceling Wed Aug 26 15:33:09 UTC 2020
auto.tcl: Setting watchdog for 200 seconds at Wed Aug 26 15:33:09 UTC 2020
13 ms. Memory: 51200K Free: 19211K (38%)
ptolemy.util.test.WatchDog.cancel(): canceling Wed Aug 26 15:33:09 UTC 2020
------------------ testing $PTII/ptolemy/domains/de/test/auto/Modal6.xml
auto.tcl: Setting watchdog for 200 seconds at Wed Aug 26 15:33:09 UTC 2020
12 ms. Memory: 51200K Free: 23835K (47%)
ptolemy.util.test.WatchDog.cancel(): canceling Wed Aug 26 15:33:09 UTC 2020
auto.tcl: Setting watchdog for 200 seconds at Wed Aug 26 15:33:09 UTC 2020
13 ms. Memory: 51200K Free: 19837K (39%)
ptolemy.util.test.WatchDog.cancel(): canceling Wed Aug 26 15:33:09 UTC 2020
------------------ testing $PTII/ptolemy/domains/de/test/auto/Modal7.xml
auto.tcl: Setting watchdog for 200 seconds at Wed Aug 26 15:33:09 UTC 2020
10 ms. Memory: 51200K Free: 22783K (44%)
ptolemy.util.test.WatchDog.cancel(): canceling Wed Aug 26 15:33:09 UTC 2020
auto.tcl: Setting watchdog for 200 seconds at Wed Aug 26 15:33:09 UTC 2020
12 ms. Memory: 51200K Free: 19210K (38%)
ptolemy.util.test.WatchDog.cancel(): canceling Wed Aug 26 15:33:09 UTC 2020
------------------ testing $PTII/ptolemy/domains/de/test/auto/ModalModel.xml
auto.tcl: Setting watchdog for 200 seconds at Wed Aug 26 15:33:09 UTC 2020
179 ms. Memory: 51200K Free: 15220K (30%)
ptolemy.util.test.WatchDog.cancel(): canceling Wed Aug 26 15:33:09 UTC 2020
auto.tcl: Setting watchdog for 200 seconds at Wed Aug 26 15:33:09 UTC 2020
197 ms. Memory: 62464K Free: 18242K (29%)
ptolemy.util.test.WatchDog.cancel(): canceling Wed Aug 26 15:33:10 UTC 2020
------------------ testing $PTII/ptolemy/domains/de/test/auto/ModalSource.xml
auto.tcl: Setting watchdog for 200 seconds at Wed Aug 26 15:33:10 UTC 2020
6 ms. Memory: 51200K Free: 27885K (54%)
ptolemy.util.test.WatchDog.cancel(): canceling Wed Aug 26 15:33:10 UTC 2020
auto.tcl: Setting watchdog for 200 seconds at Wed Aug 26 15:33:10 UTC 2020
5 ms. Memory: 51200K Free: 25837K (50%)
ptolemy.util.test.WatchDog.cancel(): canceling Wed Aug 26 15:33:10 UTC 2020
------------------ testing $PTII/ptolemy/domains/de/test/auto/NonInterruptibleTimerZeroDelay.xml
auto.tcl: Setting watchdog for 200 seconds at Wed Aug 26 15:33:10 UTC 2020
3 ms. Memory: 51200K Free: 33045K (65%)
ptolemy.util.test.WatchDog.cancel(): canceling Wed Aug 26 15:33:10 UTC 2020
auto.tcl: Setting watchdog for 200 seconds at Wed Aug 26 15:33:10 UTC 2020
3 ms. Memory: 51200K Free: 32184K (63%)
ptolemy.util.test.WatchDog.cancel(): canceling Wed Aug 26 15:33:10 UTC 2020
------------------ testing $PTII/ptolemy/domains/de/test/auto/OpenQueueingNetwork.xml
auto.tcl: Setting watchdog for 200 seconds at Wed Aug 26 15:33:10 UTC 2020
2798 ms. Memory: 115712K Free: 50960K (44%)
ptolemy.util.test.WatchDog.cancel(): canceling Wed Aug 26 15:33:13 UTC 2020
auto.tcl: Setting watchdog for 200 seconds at Wed Aug 26 15:33:13 UTC 2020
2340 ms. Memory: 142336K Free: 42117K (30%)
ptolemy.util.test.WatchDog.cancel(): canceling Wed Aug 26 15:33:15 UTC 2020
------------------ testing $PTII/ptolemy/domains/de/test/auto/OpenQueuingNetwork.xml
auto.tcl: Setting watchdog for 200 seconds at Wed Aug 26 15:33:15 UTC 2020
280 ms. Memory: 66560K Free: 36089K (54%)
ptolemy.util.test.WatchDog.cancel(): canceling Wed Aug 26 15:33:15 UTC 2020
auto.tcl: Setting watchdog for 200 seconds at Wed Aug 26 15:33:15 UTC 2020
232 ms. Memory: 66560K Free: 21146K (32%)
ptolemy.util.test.WatchDog.cancel(): canceling Wed Aug 26 15:33:16 UTC 2020
------------------ testing $PTII/ptolemy/domains/de/test/auto/PeriodicSampler.xml
auto.tcl: Setting watchdog for 200 seconds at Wed Aug 26 15:33:16 UTC 2020
4 ms. Memory: 55296K Free: 36115K (65%)
ptolemy.util.test.WatchDog.cancel(): canceling Wed Aug 26 15:33:16 UTC 2020
auto.tcl: Setting watchdog for 200 seconds at Wed Aug 26 15:33:16 UTC 2020
3 ms. Memory: 55296K Free: 35595K (64%)
ptolemy.util.test.WatchDog.cancel(): canceling Wed Aug 26 15:33:16 UTC 2020
------------------ testing $PTII/ptolemy/domains/de/test/auto/PersistentIO.xml
auto.tcl: Setting watchdog for 200 seconds at Wed Aug 26 15:33:16 UTC 2020
15 ms. Memory: 55296K Free: 31039K (56%)
ptolemy.util.test.WatchDog.cancel(): canceling Wed Aug 26 15:33:16 UTC 2020
auto.tcl: Setting watchdog for 200 seconds at Wed Aug 26 15:33:16 UTC 2020
4 ms. Memory: 55296K Free: 29519K (53%)
ptolemy.util.test.WatchDog.cancel(): canceling Wed Aug 26 15:33:16 UTC 2020
------------------ testing $PTII/ptolemy/domains/de/test/auto/PortParameterResetOnInitialize.xml
auto.tcl: Setting watchdog for 200 seconds at Wed Aug 26 15:33:16 UTC 2020
8 ms. Memory: 55296K Free: 36034K (65%)
ptolemy.util.test.WatchDog.cancel(): canceling Wed Aug 26 15:33:16 UTC 2020
auto.tcl: Setting watchdog for 200 seconds at Wed Aug 26 15:33:16 UTC 2020
2 ms. Memory: 55296K Free: 35527K (64%)
ptolemy.util.test.WatchDog.cancel(): canceling Wed Aug 26 15:33:16 UTC 2020
------------------ testing $PTII/ptolemy/domains/de/test/auto/PortParameterUpdates.xml
auto.tcl: Setting watchdog for 200 seconds at Wed Aug 26 15:33:16 UTC 2020
4 ms. Memory: 51200K Free: 30210K (59%)
ptolemy.util.test.WatchDog.cancel(): canceling Wed Aug 26 15:33:16 UTC 2020
auto.tcl: Setting watchdog for 200 seconds at Wed Aug 26 15:33:16 UTC 2020
3 ms. Memory: 51200K Free: 28985K (57%)
ptolemy.util.test.WatchDog.cancel(): canceling Wed Aug 26 15:33:16 UTC 2020
------------------ testing $PTII/ptolemy/domains/de/test/auto/QueueAndServer.xml
auto.tcl: Setting watchdog for 200 seconds at Wed Aug 26 15:33:16 UTC 2020
5 ms. Memory: 51200K Free: 29179K (57%)
ptolemy.util.test.WatchDog.cancel(): canceling Wed Aug 26 15:33:16 UTC 2020
auto.tcl: Setting watchdog for 200 seconds at Wed Aug 26 15:33:16 UTC 2020
6 ms. Memory: 51200K Free: 27430K (54%)
ptolemy.util.test.WatchDog.cancel(): canceling Wed Aug 26 15:33:16 UTC 2020
------------------ testing $PTII/ptolemy/domains/de/test/auto/Records.xml
auto.tcl: Setting watchdog for 200 seconds at Wed Aug 26 15:33:16 UTC 2020
5 ms. Memory: 51200K Free: 31179K (61%)
ptolemy.util.test.WatchDog.cancel(): canceling Wed Aug 26 15:33:16 UTC 2020
auto.tcl: Setting watchdog for 200 seconds at Wed Aug 26 15:33:16 UTC 2020
2 ms. Memory: 51200K Free: 30667K (60%)
ptolemy.util.test.WatchDog.cancel(): canceling Wed Aug 26 15:33:16 UTC 2020
------------------ testing $PTII/ptolemy/domains/de/test/auto/ResetTransitionWithStartTime1.xml
auto.tcl: Setting watchdog for 200 seconds at Wed Aug 26 15:33:16 UTC 2020
7 ms. Memory: 51200K Free: 28427K (56%)
ptolemy.util.test.WatchDog.cancel(): canceling Wed Aug 26 15:33:16 UTC 2020
auto.tcl: Setting watchdog for 200 seconds at Wed Aug 26 15:33:16 UTC 2020
5 ms. Memory: 51200K Free: 26379K (52%)
ptolemy.util.test.WatchDog.cancel(): canceling Wed Aug 26 15:33:16 UTC 2020
------------------ testing $PTII/ptolemy/domains/de/test/auto/ResetTransitionWithStartTime2.xml
auto.tcl: Setting watchdog for 200 seconds at Wed Aug 26 15:33:16 UTC 2020
5 ms. Memory: 51200K Free: 28382K (55%)
ptolemy.util.test.WatchDog.cancel(): canceling Wed Aug 26 15:33:16 UTC 2020
auto.tcl: Setting watchdog for 200 seconds at Wed Aug 26 15:33:16 UTC 2020
4 ms. Memory: 51200K Free: 26341K (51%)
ptolemy.util.test.WatchDog.cancel(): canceling Wed Aug 26 15:33:16 UTC 2020
------------------ testing $PTII/ptolemy/domains/de/test/auto/ResetTransitionWithStartTime3.xml
auto.tcl: Setting watchdog for 200 seconds at Wed Aug 26 15:33:16 UTC 2020
6 ms. Memory: 51200K Free: 28380K (55%)
ptolemy.util.test.WatchDog.cancel(): canceling Wed Aug 26 15:33:16 UTC 2020
auto.tcl: Setting watchdog for 200 seconds at Wed Aug 26 15:33:16 UTC 2020
6 ms. Memory: 51200K Free: 26361K (51%)
ptolemy.util.test.WatchDog.cancel(): canceling Wed Aug 26 15:33:16 UTC 2020
------------------ testing $PTII/ptolemy/domains/de/test/auto/ResetTransitionWithStartTime4.xml
auto.tcl: Setting watchdog for 200 seconds at Wed Aug 26 15:33:16 UTC 2020
8 ms. Memory: 51200K Free: 28786K (56%)
ptolemy.util.test.WatchDog.cancel(): canceling Wed Aug 26 15:33:16 UTC 2020
auto.tcl: Setting watchdog for 200 seconds at Wed Aug 26 15:33:16 UTC 2020
3 ms. Memory: 51200K Free: 27369K (53%)
ptolemy.util.test.WatchDog.cancel(): canceling Wed Aug 26 15:33:16 UTC 2020
------------------ testing $PTII/ptolemy/domains/de/test/auto/ResettableTimer1.xml
auto.tcl: Setting watchdog for 200 seconds at Wed Aug 26 15:33:17 UTC 2020
2 ms. Memory: 51200K Free: 32557K (64%)
ptolemy.util.test.WatchDog.cancel(): canceling Wed Aug 26 15:33:17 UTC 2020
auto.tcl: Setting watchdog for 200 seconds at Wed Aug 26 15:33:17 UTC 2020
2 ms. Memory: 51200K Free: 31929K (62%)
ptolemy.util.test.WatchDog.cancel(): canceling Wed Aug 26 15:33:17 UTC 2020
------------------ testing $PTII/ptolemy/domains/de/test/auto/ResettableTimer2.xml
auto.tcl: Setting watchdog for 200 seconds at Wed Aug 26 15:33:17 UTC 2020
3 ms. Memory: 51200K Free: 32651K (64%)
ptolemy.util.test.WatchDog.cancel(): canceling Wed Aug 26 15:33:17 UTC 2020
auto.tcl: Setting watchdog for 200 seconds at Wed Aug 26 15:33:17 UTC 2020
5 ms. Memory: 51200K Free: 32001K (63%)
ptolemy.util.test.WatchDog.cancel(): canceling Wed Aug 26 15:33:17 UTC 2020
------------------ testing $PTII/ptolemy/domains/de/test/auto/ResettableTimer3.xml
auto.tcl: Setting watchdog for 200 seconds at Wed Aug 26 15:33:17 UTC 2020
2 ms. Memory: 51200K Free: 32513K (64%)
ptolemy.util.test.WatchDog.cancel(): canceling Wed Aug 26 15:33:17 UTC 2020
auto.tcl: Setting watchdog for 200 seconds at Wed Aug 26 15:33:17 UTC 2020
1 ms. Memory: 51200K Free: 32513K (64%)
ptolemy.util.test.WatchDog.cancel(): canceling Wed Aug 26 15:33:17 UTC 2020
------------------ testing $PTII/ptolemy/domains/de/test/auto/ResettableTimer4.xml
auto.tcl: Setting watchdog for 200 seconds at Wed Aug 26 15:33:17 UTC 2020
1 ms. Memory: 51200K Free: 32527K (64%)
ptolemy.util.test.WatchDog.cancel(): canceling Wed Aug 26 15:33:17 UTC 2020
auto.tcl: Setting watchdog for 200 seconds at Wed Aug 26 15:33:17 UTC 2020
1 ms. Memory: 51200K Free: 32013K (63%)
ptolemy.util.test.WatchDog.cancel(): canceling Wed Aug 26 15:33:17 UTC 2020
------------------ testing $PTII/ptolemy/domains/de/test/auto/ResettableTimer5.xml
auto.tcl: Setting watchdog for 200 seconds at Wed Aug 26 15:33:17 UTC 2020
1 ms. Memory: 51200K Free: 32005K (63%)
ptolemy.util.test.WatchDog.cancel(): canceling Wed Aug 26 15:33:17 UTC 2020
auto.tcl: Setting watchdog for 200 seconds at Wed Aug 26 15:33:17 UTC 2020
1 ms. Memory: 51200K Free: 31508K (62%)
ptolemy.util.test.WatchDog.cancel(): canceling Wed Aug 26 15:33:17 UTC 2020
------------------ testing $PTII/ptolemy/domains/de/test/auto/ResettableTimer6.xml
auto.tcl: Setting watchdog for 200 seconds at Wed Aug 26 15:33:17 UTC 2020
2 ms. Memory: 51200K Free: 32001K (63%)
ptolemy.util.test.WatchDog.cancel(): canceling Wed Aug 26 15:33:17 UTC 2020
auto.tcl: Setting watchdog for 200 seconds at Wed Aug 26 15:33:17 UTC 2020
2 ms. Memory: 51200K Free: 31497K (62%)
ptolemy.util.test.WatchDog.cancel(): canceling Wed Aug 26 15:33:17 UTC 2020
------------------ testing $PTII/ptolemy/domains/de/test/auto/ServerZeroDelay.xml
auto.tcl: Setting watchdog for 200 seconds at Wed Aug 26 15:33:17 UTC 2020
4 ms. Memory: 51200K Free: 32507K (63%)
ptolemy.util.test.WatchDog.cancel(): canceling Wed Aug 26 15:33:17 UTC 2020
auto.tcl: Setting watchdog for 200 seconds at Wed Aug 26 15:33:17 UTC 2020
3 ms. Memory: 51200K Free: 31483K (61%)
ptolemy.util.test.WatchDog.cancel(): canceling Wed Aug 26 15:33:17 UTC 2020
------------------ testing $PTII/ptolemy/domains/de/test/auto/SmartSender.xml
auto.tcl: Setting watchdog for 200 seconds at Wed Aug 26 15:33:17 UTC 2020
3001 ms. Memory: 51200K Free: 32501K (63%)
ptolemy.util.test.WatchDog.cancel(): canceling Wed Aug 26 15:33:20 UTC 2020
auto.tcl: Setting watchdog for 200 seconds at Wed Aug 26 15:33:20 UTC 2020
3003 ms. Memory: 51200K Free: 32003K (63%)
ptolemy.util.test.WatchDog.cancel(): canceling Wed Aug 26 15:33:23 UTC 2020
------------------ testing $PTII/ptolemy/domains/de/test/auto/ThreadedComposite.xml
auto.tcl: Setting watchdog for 200 seconds at Wed Aug 26 15:33:23 UTC 2020
268 ms. Memory: 51200K Free: 12545K (25%)
ptolemy.util.test.WatchDog.cancel(): canceling Wed Aug 26 15:33:23 UTC 2020
auto.tcl: Setting watchdog for 200 seconds at Wed Aug 26 15:33:23 UTC 2020
146 ms. Memory: 51200K Free: 28093K (55%)
ptolemy.util.test.WatchDog.cancel(): canceling Wed Aug 26 15:33:23 UTC 2020
------------------ testing $PTII/ptolemy/domains/de/test/auto/Time.xml
auto.tcl: Setting watchdog for 200 seconds at Wed Aug 26 15:33:24 UTC 2020
539 ms. Memory: 51200K Free: 35732K (70%)
ptolemy.util.test.WatchDog.cancel(): canceling Wed Aug 26 15:33:24 UTC 2020
auto.tcl: Setting watchdog for 200 seconds at Wed Aug 26 15:33:24 UTC 2020
503 ms. Memory: 51200K Free: 9533K (19%)
ptolemy.util.test.WatchDog.cancel(): canceling Wed Aug 26 15:33:25 UTC 2020
------------------ testing $PTII/ptolemy/domains/de/test/auto/TimeDelayZeroDelay.xml
auto.tcl: Setting watchdog for 200 seconds at Wed Aug 26 15:33:25 UTC 2020
3 ms. Memory: 51200K Free: 32432K (63%)
ptolemy.util.test.WatchDog.cancel(): canceling Wed Aug 26 15:33:25 UTC 2020
auto.tcl: Setting watchdog for 200 seconds at Wed Aug 26 15:33:25 UTC 2020
2 ms. Memory: 51200K Free: 31945K (62%)
ptolemy.util.test.WatchDog.cancel(): canceling Wed Aug 26 15:33:25 UTC 2020
------------------ testing $PTII/ptolemy/domains/de/test/auto/TimerZeroDelay.xml
auto.tcl: Setting watchdog for 200 seconds at Wed Aug 26 15:33:25 UTC 2020
4 ms. Memory: 51200K Free: 32832K (64%)
ptolemy.util.test.WatchDog.cancel(): canceling Wed Aug 26 15:33:25 UTC 2020
auto.tcl: Setting watchdog for 200 seconds at Wed Aug 26 15:33:25 UTC 2020
2 ms. Memory: 51200K Free: 32009K (63%)
ptolemy.util.test.WatchDog.cancel(): canceling Wed Aug 26 15:33:25 UTC 2020
------------------ testing $PTII/ptolemy/domains/de/test/auto/TimingParadox.xml
auto.tcl: Setting watchdog for 200 seconds at Wed Aug 26 15:33:25 UTC 2020
375 ms. Memory: 51200K Free: 19680K (38%)
ptolemy.util.test.WatchDog.cancel(): canceling Wed Aug 26 15:33:25 UTC 2020
auto.tcl: Setting watchdog for 200 seconds at Wed Aug 26 15:33:25 UTC 2020
340 ms. Memory: 51200K Free: 10003K (20%)
ptolemy.util.test.WatchDog.cancel(): canceling Wed Aug 26 15:33:26 UTC 2020
------------------ testing $PTII/ptolemy/domains/de/test/auto/TransferInputs.xml
auto.tcl: Setting watchdog for 200 seconds at Wed Aug 26 15:33:26 UTC 2020
2 ms. Memory: 51200K Free: 30954K (60%)
ptolemy.util.test.WatchDog.cancel(): canceling Wed Aug 26 15:33:26 UTC 2020
auto.tcl: Setting watchdog for 200 seconds at Wed Aug 26 15:33:26 UTC 2020
1 ms. Memory: 51200K Free: 30032K (59%)
ptolemy.util.test.WatchDog.cancel(): canceling Wed Aug 26 15:33:26 UTC 2020
------------------ testing $PTII/ptolemy/domains/de/test/auto/TransferOutputs2.xml
auto.tcl: Setting watchdog for 200 seconds at Wed Aug 26 15:33:26 UTC 2020
3 ms. Memory: 51200K Free: 28382K (55%)
ptolemy.util.test.WatchDog.cancel(): canceling Wed Aug 26 15:33:26 UTC 2020
auto.tcl: Setting watchdog for 200 seconds at Wed Aug 26 15:33:26 UTC 2020
3 ms. Memory: 51200K Free: 26962K (53%)
ptolemy.util.test.WatchDog.cancel(): canceling Wed Aug 26 15:33:26 UTC 2020
------------------ testing $PTII/ptolemy/domains/de/test/auto/Trilateration.xml
auto.tcl: Setting watchdog for 200 seconds at Wed Aug 26 15:33:26 UTC 2020
13798 ms. Memory: 484352K Free: 247385K (51%)
ptolemy.util.test.WatchDog.cancel(): canceling Wed Aug 26 15:33:41 UTC 2020
auto.tcl: Setting watchdog for 200 seconds at Wed Aug 26 15:33:41 UTC 2020
9836 ms. Memory: 484352K Free: 202293K (42%)
ptolemy.util.test.WatchDog.cancel(): canceling Wed Aug 26 15:33:50 UTC 2020
------------------ testing $PTII/ptolemy/domains/de/test/auto/TwoSigmaDelta.xml
auto.tcl: Setting watchdog for 200 seconds at Wed Aug 26 15:33:51 UTC 2020
2271 ms. Memory: 92160K Free: 24506K (27%)
ptolemy.util.test.WatchDog.cancel(): canceling Wed Aug 26 15:33:53 UTC 2020
auto.tcl: Setting watchdog for 200 seconds at Wed Aug 26 15:33:53 UTC 2020
1758 ms. Memory: 92160K Free: 29141K (32%)
ptolemy.util.test.WatchDog.cancel(): canceling Wed Aug 26 15:33:55 UTC 2020
------------------ testing $PTII/ptolemy/domains/de/test/auto/VariableDelay.xml
auto.tcl: Setting watchdog for 200 seconds at Wed Aug 26 15:33:55 UTC 2020
2 ms. Memory: 55296K Free: 35531K (64%)
ptolemy.util.test.WatchDog.cancel(): canceling Wed Aug 26 15:33:55 UTC 2020
auto.tcl: Setting watchdog for 200 seconds at Wed Aug 26 15:33:55 UTC 2020
2 ms. Memory: 55296K Free: 34515K (62%)
ptolemy.util.test.WatchDog.cancel(): canceling Wed Aug 26 15:33:55 UTC 2020
------------------ testing $PTII/ptolemy/domains/de/test/auto/VariableDelay2.xml
auto.tcl: Setting watchdog for 200 seconds at Wed Aug 26 15:33:55 UTC 2020
8 ms. Memory: 55296K Free: 36117K (65%)
ptolemy.util.test.WatchDog.cancel(): canceling Wed Aug 26 15:33:55 UTC 2020
auto.tcl: Setting watchdog for 200 seconds at Wed Aug 26 15:33:55 UTC 2020
2 ms. Memory: 55296K Free: 35605K (64%)
ptolemy.util.test.WatchDog.cancel(): canceling Wed Aug 26 15:33:55 UTC 2020
------------------ testing $PTII/ptolemy/domains/de/test/auto/VariableDelayZeroDelay.xml
auto.tcl: Setting watchdog for 200 seconds at Wed Aug 26 15:33:55 UTC 2020
2 ms. Memory: 55296K Free: 36469K (66%)
ptolemy.util.test.WatchDog.cancel(): canceling Wed Aug 26 15:33:55 UTC 2020
auto.tcl: Setting watchdog for 200 seconds at Wed Aug 26 15:33:55 UTC 2020
3 ms. Memory: 55296K Free: 35928K (65%)
ptolemy.util.test.WatchDog.cancel(): canceling Wed Aug 26 15:33:55 UTC 2020
------------------ testing $PTII/ptolemy/domains/de/test/auto/VariableDelayZeroDelay2.xml
auto.tcl: Setting watchdog for 200 seconds at Wed Aug 26 15:33:55 UTC 2020
5 ms. Memory: 51200K Free: 32360K (63%)
ptolemy.util.test.WatchDog.cancel(): canceling Wed Aug 26 15:33:55 UTC 2020
auto.tcl: Setting watchdog for 200 seconds at Wed Aug 26 15:33:55 UTC 2020
2 ms. Memory: 51200K Free: 31336K (61%)
ptolemy.util.test.WatchDog.cancel(): canceling Wed Aug 26 15:33:55 UTC 2020
------------------ testing $PTII/ptolemy/domains/de/test/auto/deInCt.xml
auto.tcl: Setting watchdog for 200 seconds at Wed Aug 26 15:33:55 UTC 2020
0
1
1
1
0
0
0
1
1
0
0
1
1
1
0
0
0
1
1
1
1
0
0
0
0
1
1
1
1
0
0
1
1
1
1
1
0
0
0
0
16 ms. Memory: 51200K Free: 31333K (61%)
ptolemy.util.test.WatchDog.cancel(): canceling Wed Aug 26 15:33:55 UTC 2020
auto.tcl: Setting watchdog for 200 seconds at Wed Aug 26 15:33:55 UTC 2020
0
1
1
1
0
0
0
1
1
1
0
0
0
1
1
1
0
0
0
1
1
1
0
0
0
0
1
1
1
0
0
0
1
1
0
0
0
1
1
1
0
0
0
0
0
0
0
15 ms. Memory: 51200K Free: 29805K (58%)
ptolemy.util.test.WatchDog.cancel(): canceling Wed Aug 26 15:33:55 UTC 2020
------------------ testing $PTII/ptolemy/domains/de/test/auto/deInCt2.xml
auto.tcl: Setting watchdog for 200 seconds at Wed Aug 26 15:33:55 UTC 2020
0
1
1
1
0
0
1
1
1
0
0
1
1
1
0
0
1
1
1
0
0
1
1
1
0
0
1
1
1
0
0
1
1
1
0
0
1
1
1
0
0
0
8 ms. Memory: 51200K Free: 31336K (61%)
ptolemy.util.test.WatchDog.cancel(): canceling Wed Aug 26 15:33:55 UTC 2020
auto.tcl: Setting watchdog for 200 seconds at Wed Aug 26 15:33:55 UTC 2020
0
1
1
1
0
0
1
1
1
0
0
1
1
1
0
0
1
1
1
0
0
1
1
1
0
0
1
1
1
0
0
1
1
1
0
0
1
1
1
0
0
0
5 ms. Memory: 51200K Free: 29807K (58%)
ptolemy.util.test.WatchDog.cancel(): canceling Wed Aug 26 15:33:55 UTC 2020
------------------ testing $PTII/ptolemy/domains/de/test/auto/dynamicCausalityInterface1.xml
auto.tcl: Setting watchdog for 200 seconds at Wed Aug 26 15:33:55 UTC 2020
2 ms. Memory: 51200K Free: 27234K (53%)
ptolemy.util.test.WatchDog.cancel(): canceling Wed Aug 26 15:33:55 UTC 2020
auto.tcl: Setting watchdog for 200 seconds at Wed Aug 26 15:33:55 UTC 2020
1 ms. Memory: 51200K Free: 26729K (52%)
ptolemy.util.test.WatchDog.cancel(): canceling Wed Aug 26 15:33:55 UTC 2020
------------------ testing $PTII/ptolemy/domains/de/test/auto/fsm_de_test.xml
auto.tcl: Setting watchdog for 200 seconds at Wed Aug 26 15:33:55 UTC 2020
10 ms. Memory: 51200K Free: 27133K (53%)
ptolemy.util.test.WatchDog.cancel(): canceling Wed Aug 26 15:33:55 UTC 2020
auto.tcl: Setting watchdog for 200 seconds at Wed Aug 26 15:33:55 UTC 2020
8 ms. Memory: 51200K Free: 25085K (49%)
ptolemy.util.test.WatchDog.cancel(): canceling Wed Aug 26 15:33:55 UTC 2020
------------------ testing $PTII/ptolemy/domains/de/test/auto/functionDependencyReconstruction.xml
auto.tcl: Setting watchdog for 200 seconds at Wed Aug 26 15:33:55 UTC 2020
8 ms. Memory: 51200K Free: 20978K (41%)
ptolemy.util.test.WatchDog.cancel(): canceling Wed Aug 26 15:33:55 UTC 2020
auto.tcl: Setting watchdog for 200 seconds at Wed Aug 26 15:33:55 UTC 2020
3 ms. Memory: 51200K Free: 18930K (37%)
ptolemy.util.test.WatchDog.cancel(): canceling Wed Aug 26 15:33:55 UTC 2020
------------------ testing $PTII/ptolemy/domains/de/test/auto/multirate.xml
auto.tcl: Setting watchdog for 200 seconds at Wed Aug 26 15:33:55 UTC 2020
7 ms. Memory: 51200K Free: 29773K (58%)
ptolemy.util.test.WatchDog.cancel(): canceling Wed Aug 26 15:33:56 UTC 2020
auto.tcl: Setting watchdog for 200 seconds at Wed Aug 26 15:33:56 UTC 2020
3 ms. Memory: 51200K Free: 28041K (55%)
ptolemy.util.test.WatchDog.cancel(): canceling Wed Aug 26 15:33:56 UTC 2020
------------------ testing $PTII/ptolemy/domains/de/test/auto/multirate2.xml
auto.tcl: Setting watchdog for 200 seconds at Wed Aug 26 15:33:56 UTC 2020
2 ms. Memory: 51200K Free: 29929K (58%)
ptolemy.util.test.WatchDog.cancel(): canceling Wed Aug 26 15:33:56 UTC 2020
auto.tcl: Setting watchdog for 200 seconds at Wed Aug 26 15:33:56 UTC 2020
4 ms. Memory: 51200K Free: 28210K (55%)
ptolemy.util.test.WatchDog.cancel(): canceling Wed Aug 26 15:33:56 UTC 2020
------------------ testing $PTII/ptolemy/domains/de/test/auto/realtime.xml
auto.tcl: Setting watchdog for 200 seconds at Wed Aug 26 15:33:56 UTC 2020
10002 ms. Memory: 51200K Free: 32005K (63%)
ptolemy.util.test.WatchDog.cancel(): canceling Wed Aug 26 15:34:06 UTC 2020
auto.tcl: Setting watchdog for 200 seconds at Wed Aug 26 15:34:06 UTC 2020
10002 ms. Memory: 51200K Free: 31461K (61%)
ptolemy.util.test.WatchDog.cancel(): canceling Wed Aug 26 15:34:16 UTC 2020
------------------ testing $PTII/ptolemy/domains/de/test/auto/relationGroup.xml
auto.tcl: Setting watchdog for 200 seconds at Wed Aug 26 15:34:16 UTC 2020
2 ms. Memory: 51200K Free: 33096K (65%)
ptolemy.util.test.WatchDog.cancel(): canceling Wed Aug 26 15:34:16 UTC 2020
auto.tcl: Setting watchdog for 200 seconds at Wed Aug 26 15:34:16 UTC 2020
1 ms. Memory: 51200K Free: 32360K (63%)
ptolemy.util.test.WatchDog.cancel(): canceling Wed Aug 26 15:34:16 UTC 2020
------------------ testing $PTII/ptolemy/domains/de/test/auto/relationGroup2.xml
auto.tcl: Setting watchdog for 200 seconds at Wed Aug 26 15:34:16 UTC 2020
1 ms. Memory: 51200K Free: 33121K (65%)
ptolemy.util.test.WatchDog.cancel(): canceling Wed Aug 26 15:34:16 UTC 2020
auto.tcl: Setting watchdog for 200 seconds at Wed Aug 26 15:34:16 UTC 2020
2 ms. Memory: 51200K Free: 32623K (64%)
ptolemy.util.test.WatchDog.cancel(): canceling Wed Aug 26 15:34:16 UTC 2020
------------------ testing $PTII/ptolemy/domains/de/test/auto/sortWithOpaquePorts.xml
auto.tcl: Setting watchdog for 200 seconds at Wed Aug 26 15:34:16 UTC 2020
2 ms. Memory: 51200K Free: 31859K (62%)
ptolemy.util.test.WatchDog.cancel(): canceling Wed Aug 26 15:34:16 UTC 2020
auto.tcl: Setting watchdog for 200 seconds at Wed Aug 26 15:34:16 UTC 2020
2 ms. Memory: 51200K Free: 30833K (60%)
ptolemy.util.test.WatchDog.cancel(): canceling Wed Aug 26 15:34:16 UTC 2020
------------------ testing $PTII/ptolemy/domains/de/test/auto/transferInputsandOutputs.xml
auto.tcl: Setting watchdog for 200 seconds at Wed Aug 26 15:34:16 UTC 2020
3 ms. Memory: 51200K Free: 29302K (57%)
ptolemy.util.test.WatchDog.cancel(): canceling Wed Aug 26 15:34:16 UTC 2020
auto.tcl: Setting watchdog for 200 seconds at Wed Aug 26 15:34:16 UTC 2020
2 ms. Memory: 51200K Free: 28290K (55%)
ptolemy.util.test.WatchDog.cancel(): canceling Wed Aug 26 15:34:16 UTC 2020
------------------ testing $PTII/ptolemy/domains/de/test/auto/triggerType.xml
auto.tcl: Setting watchdog for 200 seconds at Wed Aug 26 15:34:16 UTC 2020
1 ms. Memory: 51200K Free: 32326K (63%)
ptolemy.util.test.WatchDog.cancel(): canceling Wed Aug 26 15:34:16 UTC 2020
auto.tcl: Setting watchdog for 200 seconds at Wed Aug 26 15:34:16 UTC 2020
1 ms. Memory: 51200K Free: 31302K (61%)
ptolemy.util.test.WatchDog.cancel(): canceling Wed Aug 26 15:34:16 UTC 2020
08/26/20 03:34:16
Failed: 0  Total Tests: 192  ((Passed: 187, Newly Passed: 1)  Known Failed: 5) /home/travis/build/icyphy/ptII/ptolemy/domains/de/test
08/26/20 03:34:16
Failed: 0  Total Tests: 192  ((Passed: 187, Newly Passed: 1)  Known Failed: 5) /home/travis/build/icyphy/ptII/ptolemy/domains/de/test
----------------- testing (KnownFailure) /home/travis/build/icyphy/ptII/ptolemy/domains/de/test/auto/knownFailedTests/DESDFClockTest.xml
2011 ms. Memory: 51200K Free: 25212K (49%)
Known Failure: java.lang.reflect.InvocationTargetException
----------------- testing (KnownFailure) /home/travis/build/icyphy/ptII/ptolemy/domains/de/test/auto/knownFailedTests/DirectFeedback.xml
2 ms. Memory: 51200K Free: 21116K (41%)
Known Failure: java.lang.reflect.InvocationTargetException
----------------- testing (KnownFailure) /home/travis/build/icyphy/ptII/ptolemy/domains/de/test/auto/knownFailedTests/FSMSource.xml
17 ms. Memory: 51200K Free: 13948K (27%)
----------------- testing (KnownFailure) /home/travis/build/icyphy/ptII/ptolemy/domains/de/test/auto/knownFailedTests/HierarchicalModel.xml
3 ms. Memory: 51200K Free: 27119K (53%)
Known Failure: java.lang.reflect.InvocationTargetException
----------------- testing (KnownFailure) /home/travis/build/icyphy/ptII/ptolemy/domains/de/test/auto/knownFailedTests/dependencyLoop.xml
2 ms. Memory: 51200K Free: 11465K (22%)
Known Failure: java.lang.reflect.InvocationTargetException
----------------- testing (KnownFailure) /home/travis/build/icyphy/ptII/ptolemy/domains/de/test/auto/knownFailedTests/dependencyLoop2.xml
7 ms. Memory: 51200K Free: 25458K (50%)
Known Failure: java.lang.reflect.InvocationTargetException
No auto/linux-amd64/*.xml tests in /home/travis/build/icyphy/ptII/ptolemy/domains/de/test
AutoTests.java: About to close Vertx.
AutoTests.java: Vertx closed.

===========================================================================================
----------------- testing Wed Aug 26 15:34:18 UTC 2020 /home/travis/build/icyphy/ptII/ptolemy/domains/de/test/auto/ActorDepthCalculation_actorWithoutPorts.xml
----------------- Instantiating /home/travis/build/icyphy/ptII/ptolemy/domains/de/test/auto/ActorDepthCalculation_actorWithoutPorts.xml
2 ms. Memory: 51200K Free: 18260K (36%)
----------------- Invoking toplevel() on ptolemy.moml.MoMLSimpleApplication@1f7f34a3
----------------- Done invoking toplevel() on ptolemy.moml.MoMLSimpleApplication@1f7f34a3
reloadAllAccessors: .ActorDepthCalculation_actorWithoutPorts

===========================================================================================
----------------- testing Wed Aug 26 15:34:18 UTC 2020 /home/travis/build/icyphy/ptII/ptolemy/domains/de/test/auto/AssemblyLine.xml
----------------- Instantiating /home/travis/build/icyphy/ptII/ptolemy/domains/de/test/auto/AssemblyLine.xml
2 ms. Memory: 51200K Free: 11122K (22%)
----------------- Invoking toplevel() on ptolemy.moml.MoMLSimpleApplication@2c2a1a83
----------------- Done invoking toplevel() on ptolemy.moml.MoMLSimpleApplication@2c2a1a83
reloadAllAccessors: .AssemblyLine

===========================================================================================
----------------- testing Wed Aug 26 15:34:18 UTC 2020 /home/travis/build/icyphy/ptII/ptolemy/domains/de/test/auto/CQBug1.xml
----------------- Instantiating /home/travis/build/icyphy/ptII/ptolemy/domains/de/test/auto/CQBug1.xml
1 ms. Memory: 51200K Free: 8339K (16%)
----------------- Invoking toplevel() on ptolemy.moml.MoMLSimpleApplication@1f8a81ca
----------------- Done invoking toplevel() on ptolemy.moml.MoMLSimpleApplication@1f8a81ca
reloadAllAccessors: .CQBug1

===========================================================================================
----------------- testing Wed Aug 26 15:34:18 UTC 2020 /home/travis/build/icyphy/ptII/ptolemy/domains/de/test/auto/CancelFireAt.xml
----------------- Instantiating /home/travis/build/icyphy/ptII/ptolemy/domains/de/test/auto/CancelFireAt.xml
2 ms. Memory: 51200K Free: 34761K (68%)
----------------- Invoking toplevel() on ptolemy.moml.MoMLSimpleApplication@699eebfb
----------------- Done invoking toplevel() on ptolemy.moml.MoMLSimpleApplication@699eebfb
reloadAllAccessors: .CancelFireAt

===========================================================================================
----------------- testing Wed Aug 26 15:34:18 UTC 2020 /home/travis/build/icyphy/ptII/ptolemy/domains/de/test/auto/CausalityAndComposabilityAnalysis.xml
----------------- Instantiating /home/travis/build/icyphy/ptII/ptolemy/domains/de/test/auto/CausalityAndComposabilityAnalysis.xml
2 ms. Memory: 51200K Free: 30386K (59%)
----------------- Invoking toplevel() on ptolemy.moml.MoMLSimpleApplication@6f44638f
----------------- Done invoking toplevel() on ptolemy.moml.MoMLSimpleApplication@6f44638f
reloadAllAccessors: .CausalityAndComposabilityAnalysis

===========================================================================================
----------------- testing Wed Aug 26 15:34:18 UTC 2020 /home/travis/build/icyphy/ptII/ptolemy/domains/de/test/auto/CausalityInterface1.xml
----------------- Instantiating /home/travis/build/icyphy/ptII/ptolemy/domains/de/test/auto/CausalityInterface1.xml
7 ms. Memory: 51200K Free: 25274K (49%)
----------------- Invoking toplevel() on ptolemy.moml.MoMLSimpleApplication@4a30e188
----------------- Done invoking toplevel() on ptolemy.moml.MoMLSimpleApplication@4a30e188
reloadAllAccessors: .CausalityInterface1

===========================================================================================
----------------- testing Wed Aug 26 15:34:18 UTC 2020 /home/travis/build/icyphy/ptII/ptolemy/domains/de/test/auto/CausalityInterface15.xml
----------------- Instantiating /home/travis/build/icyphy/ptII/ptolemy/domains/de/test/auto/CausalityInterface15.xml
2 ms. Memory: 51200K Free: 19787K (39%)
----------------- Invoking toplevel() on ptolemy.moml.MoMLSimpleApplication@764b1df3
----------------- Done invoking toplevel() on ptolemy.moml.MoMLSimpleApplication@764b1df3
reloadAllAccessors: .CausalityInterface15

===========================================================================================
----------------- testing Wed Aug 26 15:34:18 UTC 2020 /home/travis/build/icyphy/ptII/ptolemy/domains/de/test/auto/CausalityInterface2.xml
----------------- Instantiating /home/travis/build/icyphy/ptII/ptolemy/domains/de/test/auto/CausalityInterface2.xml
2 ms. Memory: 51200K Free: 15313K (30%)
[...]
	at ptolemy.actor.Manager.run(Manager.java:1263)
	at ptolemy.actor.Manager$PtolemyRunThread.run(Manager.java:1933)
java.lang.RuntimeException: Execution failed
	at ptolemy.moml.MoMLSimpleApplication$UnloadThread.run(MoMLSimpleApplication.java:402)
Caused by: ptolemy.kernel.util.IllegalActionException: Actor is not ready to fire.  Perhaps UpSample.prefire() returned false? Try debugging the actor by selecting "Listen to Actor".  Also, for SDF check moml for tokenConsumptionRate on input.
  in .DESDFClockTest.Play Bell.Copy1:SDF Director and .DESDFClockTest.Play Bell.UpSample
	at ptolemy.actor.sched.StaticSchedulingDirector.fire(StaticSchedulingDirector.java:227)
	at ptolemy.domains.sdf.kernel.SDFDirector.fire(SDFDirector.java:500)
	at ptolemy.actor.CompositeActor.fire(CompositeActor.java:455)
	at ptolemy.domains.de.kernel.DEDirector._fire(DEDirector.java:1949)
	at ptolemy.domains.de.kernel.DEDirector.fire(DEDirector.java:502)
	at ptolemy.actor.CompositeActor.fire(CompositeActor.java:455)
	at ptolemy.actor.Manager.iterate(Manager.java:851)
	at ptolemy.actor.Manager.execute(Manager.java:369)
	at ptolemy.actor.Manager.run(Manager.java:1263)
	at ptolemy.actor.Manager$PtolemyRunThread.run(Manager.java:1933)
java.lang.reflect.InvocationTargetException
	at java.base/jdk.internal.reflect.NativeConstructorAccessorImpl.newInstance0(Native Method)
	at java.base/jdk.internal.reflect.NativeConstructorAccessorImpl.newInstance(NativeConstructorAccessorImpl.java:62)
	at java.base/jdk.internal.reflect.DelegatingConstructorAccessorImpl.newInstance(DelegatingConstructorAccessorImpl.java:45)
	at java.base/java.lang.reflect.Constructor.newInstance(Constructor.java:490)
	at ptolemy.util.test.junit.AutoKnownFailedTests.RunModel(AutoKnownFailedTests.java:105)
	at java.base/jdk.internal.reflect.NativeMethodAccessorImpl.invoke0(Native Method)
	at java.base/jdk.internal.reflect.NativeMethodAccessorImpl.invoke(NativeMethodAccessorImpl.java:62)
	at java.base/jdk.internal.reflect.DelegatingMethodAccessorImpl.invoke(DelegatingMethodAccessorImpl.java:43)
	at java.base/java.lang.reflect.Method.invoke(Method.java:566)
	at org.junit.runners.model.FrameworkMethod$1.runReflectiveCall(FrameworkMethod.java:44)
	at org.junit.internal.runners.model.ReflectiveCallable.run(ReflectiveCallable.java:15)
	at org.junit.runners.model.FrameworkMethod.invokeExplosively(FrameworkMethod.java:41)
	at junitparams.internal.InvokeParameterisedMethod.evaluate(InvokeParameterisedMethod.java:102)
	at org.junit.internal.runners.statements.FailOnTimeout$1.run(FailOnTimeout.java:28)
Caused by: ptolemy.kernel.util.IllegalActionException: Actor is not ready to fire.  Perhaps UpSample.prefire() returned false? Try debugging the actor by selecting "Listen to Actor".  Also, for SDF check moml for tokenConsumptionRate on input.
  in .DESDFClockTest.Play Bell.Copy1:SDF Director and .DESDFClockTest.Play Bell.UpSample
	at ptolemy.actor.sched.StaticSchedulingDirector.fire(StaticSchedulingDirector.java:227)
	at ptolemy.domains.sdf.kernel.SDFDirector.fire(SDFDirector.java:500)
	at ptolemy.actor.CompositeActor.fire(CompositeActor.java:455)
	at ptolemy.domains.de.kernel.DEDirector._fire(DEDirector.java:1949)
	at ptolemy.domains.de.kernel.DEDirector.fire(DEDirector.java:502)
	at ptolemy.actor.CompositeActor.fire(CompositeActor.java:455)
	at ptolemy.actor.Manager.iterate(Manager.java:851)
	at ptolemy.actor.Manager.execute(Manager.java:369)
	at ptolemy.actor.Manager.run(Manager.java:1263)
	at ptolemy.actor.Manager$PtolemyRunThread.run(Manager.java:1933)
java.lang.RuntimeException: Execution failed
	at ptolemy.moml.MoMLSimpleApplication$UnloadThread.run(MoMLSimpleApplication.java:402)
Caused by: ptolemy.kernel.util.IllegalActionException: Test fails in iteration 1.
Value was: 1.0. Should have been: 2.0
  in .DirectFeedback.Test
	at ptolemy.actor.lib.Test.fire(Test.java:268)
	at ptolemy.domains.de.kernel.DEDirector._fire(DEDirector.java:1949)
	at ptolemy.domains.de.kernel.DEDirector.fire(DEDirector.java:502)
	at ptolemy.actor.CompositeActor.fire(CompositeActor.java:455)
	at ptolemy.actor.Manager.iterate(Manager.java:851)
	at ptolemy.actor.Manager.execute(Manager.java:369)
	at ptolemy.actor.Manager.run(Manager.java:1263)
	at ptolemy.actor.Manager$PtolemyRunThread.run(Manager.java:1933)
java.lang.reflect.InvocationTargetException
	at java.base/jdk.internal.reflect.NativeConstructorAccessorImpl.newInstance0(Native Method)
	at java.base/jdk.internal.reflect.NativeConstructorAccessorImpl.newInstance(NativeConstructorAccessorImpl.java:62)
	at java.base/jdk.internal.reflect.DelegatingConstructorAccessorImpl.newInstance(DelegatingConstructorAccessorImpl.java:45)
	at java.base/java.lang.reflect.Constructor.newInstance(Constructor.java:490)
	at ptolemy.util.test.junit.AutoKnownFailedTests.RunModel(AutoKnownFailedTests.java:105)
	at java.base/jdk.internal.reflect.NativeMethodAccessorImpl.invoke0(Native Method)
	at java.base/jdk.internal.reflect.NativeMethodAccessorImpl.invoke(NativeMethodAccessorImpl.java:62)
	at java.base/jdk.internal.reflect.DelegatingMethodAccessorImpl.invoke(DelegatingMethodAccessorImpl.java:43)
	at java.base/java.lang.reflect.Method.invoke(Method.java:566)
	at org.junit.runners.model.FrameworkMethod$1.runReflectiveCall(FrameworkMethod.java:44)
	at org.junit.internal.runners.model.ReflectiveCallable.run(ReflectiveCallable.java:15)
	at org.junit.runners.model.FrameworkMethod.invokeExplosively(FrameworkMethod.java:41)
	at junitparams.internal.InvokeParameterisedMethod.evaluate(InvokeParameterisedMethod.java:102)
	at org.junit.internal.runners.statements.FailOnTimeout$1.run(FailOnTimeout.java:28)
Caused by: ptolemy.kernel.util.IllegalActionException: Test fails in iteration 1.
Value was: 1.0. Should have been: 2.0
  in .DirectFeedback.Test
	at ptolemy.actor.lib.Test.fire(Test.java:268)
	at ptolemy.domains.de.kernel.DEDirector._fire(DEDirector.java:1949)
	at ptolemy.domains.de.kernel.DEDirector.fire(DEDirector.java:502)
	at ptolemy.actor.CompositeActor.fire(CompositeActor.java:455)
	at ptolemy.actor.Manager.iterate(Manager.java:851)
	at ptolemy.actor.Manager.execute(Manager.java:369)
	at ptolemy.actor.Manager.run(Manager.java:1263)
	at ptolemy.actor.Manager$PtolemyRunThread.run(Manager.java:1933)
java.lang.RuntimeException: Execution failed
	at ptolemy.moml.MoMLSimpleApplication$UnloadThread.run(MoMLSimpleApplication.java:402)
Caused by: ptolemy.kernel.util.IllegalActionException: Found a zero delay loop containing .HierarchicalModel.A
  in .HierarchicalModel and .HierarchicalModel.A
	at ptolemy.actor.util.CausalityInterfaceForComposites._computeOutputPortDepth(CausalityInterfaceForComposites.java:759)
	at ptolemy.actor.util.CausalityInterfaceForComposites._computeInputDepth(CausalityInterfaceForComposites.java:696)
	at ptolemy.actor.util.CausalityInterfaceForComposites._computeOutputPortDepth(CausalityInterfaceForComposites.java:765)
	at ptolemy.actor.util.CausalityInterfaceForComposites._computeInputDepth(CausalityInterfaceForComposites.java:696)
	at ptolemy.actor.util.CausalityInterfaceForComposites._computeOutputPortDepth(CausalityInterfaceForComposites.java:765)
	at ptolemy.actor.util.CausalityInterfaceForComposites._computeInputDepth(CausalityInterfaceForComposites.java:696)
	at ptolemy.actor.util.CausalityInterfaceForComposites._computeActorDepth(CausalityInterfaceForComposites.java:532)
	at ptolemy.actor.util.CausalityInterfaceForComposites.checkForCycles(CausalityInterfaceForComposites.java:96)
	at ptolemy.domains.de.kernel.DEDirector.preinitialize(DEDirector.java:1338)
	at ptolemy.actor.CompositeActor.preinitialize(CompositeActor.java:1828)
	at ptolemy.actor.Manager.preinitializeAndResolveTypes(Manager.java:1040)
	at ptolemy.actor.Manager.initialize(Manager.java:710)
	at ptolemy.actor.Manager.execute(Manager.java:356)
	at ptolemy.actor.Manager.run(Manager.java:1263)
	at ptolemy.actor.Manager$PtolemyRunThread.run(Manager.java:1933)
java.lang.reflect.InvocationTargetException
	at java.base/jdk.internal.reflect.NativeConstructorAccessorImpl.newInstance0(Native Method)
	at java.base/jdk.internal.reflect.NativeConstructorAccessorImpl.newInstance(NativeConstructorAccessorImpl.java:62)
	at java.base/jdk.internal.reflect.DelegatingConstructorAccessorImpl.newInstance(DelegatingConstructorAccessorImpl.java:45)
	at java.base/java.lang.reflect.Constructor.newInstance(Constructor.java:490)
	at ptolemy.util.test.junit.AutoKnownFailedTests.RunModel(AutoKnownFailedTests.java:105)
	at java.base/jdk.internal.reflect.NativeMethodAccessorImpl.invoke0(Native Method)
	at java.base/jdk.internal.reflect.NativeMethodAccessorImpl.invoke(NativeMethodAccessorImpl.java:62)
	at java.base/jdk.internal.reflect.DelegatingMethodAccessorImpl.invoke(DelegatingMethodAccessorImpl.java:43)
	at java.base/java.lang.reflect.Method.invoke(Method.java:566)
	at org.junit.runners.model.FrameworkMethod$1.runReflectiveCall(FrameworkMethod.java:44)
	at org.junit.internal.runners.model.ReflectiveCallable.run(ReflectiveCallable.java:15)
	at org.junit.runners.model.FrameworkMethod.invokeExplosively(FrameworkMethod.java:41)
	at junitparams.internal.InvokeParameterisedMethod.evaluate(InvokeParameterisedMethod.java:102)
	at org.junit.internal.runners.statements.FailOnTimeout$1.run(FailOnTimeout.java:28)
Caused by: ptolemy.kernel.util.IllegalActionException: Found a zero delay loop containing .HierarchicalModel.A
  in .HierarchicalModel and .HierarchicalModel.A
	at ptolemy.actor.util.CausalityInterfaceForComposites._computeOutputPortDepth(CausalityInterfaceForComposites.java:759)
	at ptolemy.actor.util.CausalityInterfaceForComposites._computeInputDepth(CausalityInterfaceForComposites.java:696)
	at ptolemy.actor.util.CausalityInterfaceForComposites._computeOutputPortDepth(CausalityInterfaceForComposites.java:765)
	at ptolemy.actor.util.CausalityInterfaceForComposites._computeInputDepth(CausalityInterfaceForComposites.java:696)
	at ptolemy.actor.util.CausalityInterfaceForComposites._computeOutputPortDepth(CausalityInterfaceForComposites.java:765)
	at ptolemy.actor.util.CausalityInterfaceForComposites._computeInputDepth(CausalityInterfaceForComposites.java:696)
	at ptolemy.actor.util.CausalityInterfaceForComposites._computeActorDepth(CausalityInterfaceForComposites.java:532)
	at ptolemy.actor.util.CausalityInterfaceForComposites.checkForCycles(CausalityInterfaceForComposites.java:96)
	at ptolemy.domains.de.kernel.DEDirector.preinitialize(DEDirector.java:1338)
	at ptolemy.actor.CompositeActor.preinitialize(CompositeActor.java:1828)
	at ptolemy.actor.Manager.preinitializeAndResolveTypes(Manager.java:1040)
	at ptolemy.actor.Manager.initialize(Manager.java:710)
	at ptolemy.actor.Manager.execute(Manager.java:356)
	at ptolemy.actor.Manager.run(Manager.java:1263)
	at ptolemy.actor.Manager$PtolemyRunThread.run(Manager.java:1933)
java.lang.RuntimeException: Execution failed
	at ptolemy.moml.MoMLSimpleApplication$UnloadThread.run(MoMLSimpleApplication.java:402)
Caused by: ptolemy.kernel.util.IllegalActionException: Found a zero delay loop containing .dependencyLoop.original
  in .dependencyLoop and .dependencyLoop.original
	at ptolemy.actor.util.CausalityInterfaceForComposites._computeOutputPortDepth(CausalityInterfaceForComposites.java:759)
	at ptolemy.actor.util.CausalityInterfaceForComposites._computeInputDepth(CausalityInterfaceForComposites.java:696)
	at ptolemy.actor.util.CausalityInterfaceForComposites._computeOutputPortDepth(CausalityInterfaceForComposites.java:765)
	at ptolemy.actor.util.CausalityInterfaceForComposites._computeInputDepth(CausalityInterfaceForComposites.java:696)
	at ptolemy.actor.util.CausalityInterfaceForComposites._computeOutputPortDepth(CausalityInterfaceForComposites.java:765)
	at ptolemy.actor.util.CausalityInterfaceForComposites._computeInputDepth(CausalityInterfaceForComposites.java:696)
	at ptolemy.actor.util.CausalityInterfaceForComposites._computeActorDepth(CausalityInterfaceForComposites.java:532)
	at ptolemy.actor.util.CausalityInterfaceForComposites.checkForCycles(CausalityInterfaceForComposites.java:96)
	at ptolemy.domains.de.kernel.DEDirector.preinitialize(DEDirector.java:1338)
	at ptolemy.actor.CompositeActor.preinitialize(CompositeActor.java:1828)
	at ptolemy.actor.Manager.preinitializeAndResolveTypes(Manager.java:1040)
	at ptolemy.actor.Manager.initialize(Manager.java:710)
	at ptolemy.actor.Manager.execute(Manager.java:356)
	at ptolemy.actor.Manager.run(Manager.java:1263)
	at ptolemy.actor.Manager$PtolemyRunThread.run(Manager.java:1933)
java.lang.reflect.InvocationTargetException
	at java.base/jdk.internal.reflect.NativeConstructorAccessorImpl.newInstance0(Native Method)
	at java.base/jdk.internal.reflect.NativeConstructorAccessorImpl.newInstance(NativeConstructorAccessorImpl.java:62)
	at java.base/jdk.internal.reflect.DelegatingConstructorAccessorImpl.newInstance(DelegatingConstructorAccessorImpl.java:45)
	at java.base/java.lang.reflect.Constructor.newInstance(Constructor.java:490)
	at ptolemy.util.test.junit.AutoKnownFailedTests.RunModel(AutoKnownFailedTests.java:105)
	at java.base/jdk.internal.reflect.NativeMethodAccessorImpl.invoke0(Native Method)
	at java.base/jdk.internal.reflect.NativeMethodAccessorImpl.invoke(NativeMethodAccessorImpl.java:62)
	at java.base/jdk.internal.reflect.DelegatingMethodAccessorImpl.invoke(DelegatingMethodAccessorImpl.java:43)
	at java.base/java.lang.reflect.Method.invoke(Method.java:566)
	at org.junit.runners.model.FrameworkMethod$1.runReflectiveCall(FrameworkMethod.java:44)
	at org.junit.internal.runners.model.ReflectiveCallable.run(ReflectiveCallable.java:15)
	at org.junit.runners.model.FrameworkMethod.invokeExplosively(FrameworkMethod.java:41)
	at junitparams.internal.InvokeParameterisedMethod.evaluate(InvokeParameterisedMethod.java:102)
	at org.junit.internal.runners.statements.FailOnTimeout$1.run(FailOnTimeout.java:28)
Caused by: ptolemy.kernel.util.IllegalActionException: Found a zero delay loop containing .dependencyLoop.original
  in .dependencyLoop and .dependencyLoop.original
	at ptolemy.actor.util.CausalityInterfaceForComposites._computeOutputPortDepth(CausalityInterfaceForComposites.java:759)
	at ptolemy.actor.util.CausalityInterfaceForComposites._computeInputDepth(CausalityInterfaceForComposites.java:696)
	at ptolemy.actor.util.CausalityInterfaceForComposites._computeOutputPortDepth(CausalityInterfaceForComposites.java:765)
	at ptolemy.actor.util.CausalityInterfaceForComposites._computeInputDepth(CausalityInterfaceForComposites.java:696)
	at ptolemy.actor.util.CausalityInterfaceForComposites._computeOutputPortDepth(CausalityInterfaceForComposites.java:765)
	at ptolemy.actor.util.CausalityInterfaceForComposites._computeInputDepth(CausalityInterfaceForComposites.java:696)
	at ptolemy.actor.util.CausalityInterfaceForComposites._computeActorDepth(CausalityInterfaceForComposites.java:532)
	at ptolemy.actor.util.CausalityInterfaceForComposites.checkForCycles(CausalityInterfaceForComposites.java:96)
	at ptolemy.domains.de.kernel.DEDirector.preinitialize(DEDirector.java:1338)
	at ptolemy.actor.CompositeActor.preinitialize(CompositeActor.java:1828)
	at ptolemy.actor.Manager.preinitializeAndResolveTypes(Manager.java:1040)
	at ptolemy.actor.Manager.initialize(Manager.java:710)
	at ptolemy.actor.Manager.execute(Manager.java:356)
	at ptolemy.actor.Manager.run(Manager.java:1263)
	at ptolemy.actor.Manager$PtolemyRunThread.run(Manager.java:1933)
java.lang.RuntimeException: Execution failed
	at ptolemy.moml.MoMLSimpleApplication$UnloadThread.run(MoMLSimpleApplication.java:402)
Caused by: ptolemy.kernel.util.IllegalActionException: Found a zero delay loop containing .dependencyLoop2.original
  in .dependencyLoop2 and .dependencyLoop2.original
	at ptolemy.actor.util.CausalityInterfaceForComposites._computeOutputPortDepth(CausalityInterfaceForComposites.java:759)
	at ptolemy.actor.util.CausalityInterfaceForComposites._computeInputDepth(CausalityInterfaceForComposites.java:696)
	at ptolemy.actor.util.CausalityInterfaceForComposites._computeOutputPortDepth(CausalityInterfaceForComposites.java:765)
	at ptolemy.actor.util.CausalityInterfaceForComposites._computeInputDepth(CausalityInterfaceForComposites.java:696)
	at ptolemy.actor.util.CausalityInterfaceForComposites._computeOutputPortDepth(CausalityInterfaceForComposites.java:765)
	at ptolemy.actor.util.CausalityInterfaceForComposites._computeInputDepth(CausalityInterfaceForComposites.java:696)
	at ptolemy.actor.util.CausalityInterfaceForComposites._computeActorDepth(CausalityInterfaceForComposites.java:532)
	at ptolemy.actor.util.CausalityInterfaceForComposites.checkForCycles(CausalityInterfaceForComposites.java:96)
	at ptolemy.domains.de.kernel.DEDirector.preinitialize(DEDirector.java:1338)
	at ptolemy.actor.CompositeActor.preinitialize(CompositeActor.java:1828)
	at ptolemy.actor.Manager.preinitializeAndResolveTypes(Manager.java:1040)
	at ptolemy.actor.Manager.initialize(Manager.java:710)
	at ptolemy.actor.Manager.execute(Manager.java:356)
	at ptolemy.actor.Manager.run(Manager.java:1263)
	at ptolemy.actor.Manager$PtolemyRunThread.run(Manager.java:1933)
java.lang.reflect.InvocationTargetException
	at java.base/jdk.internal.reflect.NativeConstructorAccessorImpl.newInstance0(Native Method)
	at java.base/jdk.internal.reflect.NativeConstructorAccessorImpl.newInstance(NativeConstructorAccessorImpl.java:62)
	at java.base/jdk.internal.reflect.DelegatingConstructorAccessorImpl.newInstance(DelegatingConstructorAccessorImpl.java:45)
	at java.base/java.lang.reflect.Constructor.newInstance(Constructor.java:490)
	at ptolemy.util.test.junit.AutoKnownFailedTests.RunModel(AutoKnownFailedTests.java:105)
	at java.base/jdk.internal.reflect.NativeMethodAccessorImpl.invoke0(Native Method)
	at java.base/jdk.internal.reflect.NativeMethodAccessorImpl.invoke(NativeMethodAccessorImpl.java:62)
	at java.base/jdk.internal.reflect.DelegatingMethodAccessorImpl.invoke(DelegatingMethodAccessorImpl.java:43)
	at java.base/java.lang.reflect.Method.invoke(Method.java:566)
	at org.junit.runners.model.FrameworkMethod$1.runReflectiveCall(FrameworkMethod.java:44)
	at org.junit.internal.runners.model.ReflectiveCallable.run(ReflectiveCallable.java:15)
	at org.junit.runners.model.FrameworkMethod.invokeExplosively(FrameworkMethod.java:41)
	at junitparams.internal.InvokeParameterisedMethod.evaluate(InvokeParameterisedMethod.java:102)
	at org.junit.internal.runners.statements.FailOnTimeout$1.run(FailOnTimeout.java:28)
Caused by: ptolemy.kernel.util.IllegalActionException: Found a zero delay loop containing .dependencyLoop2.original
  in .dependencyLoop2 and .dependencyLoop2.original
	at ptolemy.actor.util.CausalityInterfaceForComposites._computeOutputPortDepth(CausalityInterfaceForComposites.java:759)
	at ptolemy.actor.util.CausalityInterfaceForComposites._computeInputDepth(CausalityInterfaceForComposites.java:696)
	at ptolemy.actor.util.CausalityInterfaceForComposites._computeOutputPortDepth(CausalityInterfaceForComposites.java:765)
	at ptolemy.actor.util.CausalityInterfaceForComposites._computeInputDepth(CausalityInterfaceForComposites.java:696)
	at ptolemy.actor.util.CausalityInterfaceForComposites._computeOutputPortDepth(CausalityInterfaceForComposites.java:765)
	at ptolemy.actor.util.CausalityInterfaceForComposites._computeInputDepth(CausalityInterfaceForComposites.java:696)
	at ptolemy.actor.util.CausalityInterfaceForComposites._computeActorDepth(CausalityInterfaceForComposites.java:532)
	at ptolemy.actor.util.CausalityInterfaceForComposites.checkForCycles(CausalityInterfaceForComposites.java:96)
	at ptolemy.domains.de.kernel.DEDirector.preinitialize(DEDirector.java:1338)
	at ptolemy.actor.CompositeActor.preinitialize(CompositeActor.java:1828)
	at ptolemy.actor.Manager.preinitializeAndResolveTypes(Manager.java:1040)
	at ptolemy.actor.Manager.initialize(Manager.java:710)
	at ptolemy.actor.Manager.execute(Manager.java:356)
	at ptolemy.actor.Manager.run(Manager.java:1263)
	at ptolemy.actor.Manager$PtolemyRunThread.run(Manager.java:1933)
]]></system-err>
</testsuite>
