<?xml version="1.0" encoding="UTF-8" ?>
<testsuite errors="0" failures="0" hostname="travis-job-001bcc1f-a1c8-4c51-bebf-708ee029da61" name="ptolemy.domains.de.test.junit.JUnitTclTest" skipped="0" tests="101" time="133.885" timestamp="2018-10-02T02:21:54">
  <properties>
[...]
</properties>
  <testcase classname="ptolemy.util.test.junit.TclTests" name="[0] /home/travis/build/icyphy/ptII/ptolemy/domains/de/test/DependencyLoop.tcl (RunTclFile)" time="0.758" />
  <testcase classname="ptolemy.util.test.junit.TclTests" name="[1] /home/travis/build/icyphy/ptII/ptolemy/domains/de/test/RunDETestsAsQSS.tcl (RunTclFile)" time="92.795" />
  <testcase classname="ptolemy.util.test.junit.AutoKnownFailedTests" name="[0] /home/travis/build/icyphy/ptII/ptolemy/domains/de/test/auto/knownFailedTests/DESDFClockTest.xml (RunModel)" time="2.03" />
  <testcase classname="ptolemy.util.test.junit.AutoKnownFailedTests" name="[1] /home/travis/build/icyphy/ptII/ptolemy/domains/de/test/auto/knownFailedTests/DirectFeedback.xml (RunModel)" time="0.012" />
  <testcase classname="ptolemy.util.test.junit.AutoKnownFailedTests" name="[2] /home/travis/build/icyphy/ptII/ptolemy/domains/de/test/auto/knownFailedTests/FSMSource.xml (RunModel)" time="0.012" />
  <testcase classname="ptolemy.util.test.junit.AutoKnownFailedTests" name="[3] /home/travis/build/icyphy/ptII/ptolemy/domains/de/test/auto/knownFailedTests/HierarchicalModel.xml (RunModel)" time="0.025" />
  <testcase classname="ptolemy.util.test.junit.AutoKnownFailedTests" name="[4] /home/travis/build/icyphy/ptII/ptolemy/domains/de/test/auto/knownFailedTests/dependencyLoop.xml (RunModel)" time="0.031" />
  <testcase classname="ptolemy.util.test.junit.AutoKnownFailedTests" name="[5] /home/travis/build/icyphy/ptII/ptolemy/domains/de/test/auto/knownFailedTests/dependencyLoop2.xml (RunModel)" time="0.03" />
  <testcase classname="ptolemy.util.test.junit.AutoNameArchTests" name="[0] ThereAreNoAutoArchTests (RunModel)" time="0.004" />
  <testcase classname="ptolemy.util.test.junit.AutoTests" name="[0] /home/travis/build/icyphy/ptII/ptolemy/domains/de/test/auto/ActorDepthCalculation_actorWithoutPorts.xml (RunModel)" time="0.01" />
  <testcase classname="ptolemy.util.test.junit.AutoTests" name="[1] /home/travis/build/icyphy/ptII/ptolemy/domains/de/test/auto/AssemblyLine.xml (RunModel)" time="0.012" />
  <testcase classname="ptolemy.util.test.junit.AutoTests" name="[2] /home/travis/build/icyphy/ptII/ptolemy/domains/de/test/auto/CQBug1.xml (RunModel)" time="0.006" />
  <testcase classname="ptolemy.util.test.junit.AutoTests" name="[3] /home/travis/build/icyphy/ptII/ptolemy/domains/de/test/auto/CancelFireAt.xml (RunModel)" time="0.007" />
  <testcase classname="ptolemy.util.test.junit.AutoTests" name="[4] /home/travis/build/icyphy/ptII/ptolemy/domains/de/test/auto/CausalityAndComposabilityAnalysis.xml (RunModel)" time="0.008" />
  <testcase classname="ptolemy.util.test.junit.AutoTests" name="[5] /home/travis/build/icyphy/ptII/ptolemy/domains/de/test/auto/CausalityInterface1.xml (RunModel)" time="0.01" />
  <testcase classname="ptolemy.util.test.junit.AutoTests" name="[6] /home/travis/build/icyphy/ptII/ptolemy/domains/de/test/auto/CausalityInterface15.xml (RunModel)" time="0.01" />
  <testcase classname="ptolemy.util.test.junit.AutoTests" name="[7] /home/travis/build/icyphy/ptII/ptolemy/domains/de/test/auto/CausalityInterface2.xml (RunModel)" time="0.009" />
  <testcase classname="ptolemy.util.test.junit.AutoTests" name="[8] /home/travis/build/icyphy/ptII/ptolemy/domains/de/test/auto/CausalityInterface3.xml (RunModel)" time="0.009" />
  <testcase classname="ptolemy.util.test.junit.AutoTests" name="[9] /home/travis/build/icyphy/ptII/ptolemy/domains/de/test/auto/ClockDrift.xml (RunModel)" time="0.026" />
  <testcase classname="ptolemy.util.test.junit.AutoTests" name="[10] /home/travis/build/icyphy/ptII/ptolemy/domains/de/test/auto/ClockDriftAndValueChange.xml (RunModel)" time="0.026" />
  <testcase classname="ptolemy.util.test.junit.AutoTests" name="[11] /home/travis/build/icyphy/ptII/ptolemy/domains/de/test/auto/ClockDriftChange.xml (RunModel)" time="0.022" />
  <testcase classname="ptolemy.util.test.junit.AutoTests" name="[12] /home/travis/build/icyphy/ptII/ptolemy/domains/de/test/auto/ComposableCausalityAnalysis.xml (RunModel)" time="0.016" />
  <testcase classname="ptolemy.util.test.junit.AutoTests" name="[13] /home/travis/build/icyphy/ptII/ptolemy/domains/de/test/auto/DEFixedPointLimitation.xml (RunModel)" time="0.007" />
  <testcase classname="ptolemy.util.test.junit.AutoTests" name="[14] /home/travis/build/icyphy/ptII/ptolemy/domains/de/test/auto/DEScheduleTest.xml (RunModel)" time="0.011" />
  <testcase classname="ptolemy.util.test.junit.AutoTests" name="[15] /home/travis/build/icyphy/ptII/ptolemy/domains/de/test/auto/DEinDEwithStartTimes.xml (RunModel)" time="0.009" />
  <testcase classname="ptolemy.util.test.junit.AutoTests" name="[16] /home/travis/build/icyphy/ptII/ptolemy/domains/de/test/auto/DEinDEwithStartTimes2.xml (RunModel)" time="0.01" />
  <testcase classname="ptolemy.util.test.junit.AutoTests" name="[17] /home/travis/build/icyphy/ptII/ptolemy/domains/de/test/auto/DateDemo.xml (RunModel)" time="0.021" />
  <testcase classname="ptolemy.util.test.junit.AutoTests" name="[18] /home/travis/build/icyphy/ptII/ptolemy/domains/de/test/auto/DateToEvent.xml (RunModel)" time="2.032" />
  <testcase classname="ptolemy.util.test.junit.AutoTests" name="[19] /home/travis/build/icyphy/ptII/ptolemy/domains/de/test/auto/DepthTest1.xml (RunModel)" time="0.006" />
  <testcase classname="ptolemy.util.test.junit.AutoTests" name="[20] /home/travis/build/icyphy/ptII/ptolemy/domains/de/test/auto/DepthTest2.xml (RunModel)" time="0.012" />
  <testcase classname="ptolemy.util.test.junit.AutoTests" name="[21] /home/travis/build/icyphy/ptII/ptolemy/domains/de/test/auto/DepthTest3.xml (RunModel)" time="0.006" />
  <testcase classname="ptolemy.util.test.junit.AutoTests" name="[22] /home/travis/build/icyphy/ptII/ptolemy/domains/de/test/auto/DepthTest4.xml (RunModel)" time="0.009" />
  <testcase classname="ptolemy.util.test.junit.AutoTests" name="[23] /home/travis/build/icyphy/ptII/ptolemy/domains/de/test/auto/DepthTest5.xml (RunModel)" time="0.01" />
  <testcase classname="ptolemy.util.test.junit.AutoTests" name="[24] /home/travis/build/icyphy/ptII/ptolemy/domains/de/test/auto/DepthTest6.xml (RunModel)" time="0.009" />
  <testcase classname="ptolemy.util.test.junit.AutoTests" name="[25] /home/travis/build/icyphy/ptII/ptolemy/domains/de/test/auto/DepthTest7.xml (RunModel)" time="0.009" />
  <testcase classname="ptolemy.util.test.junit.AutoTests" name="[26] /home/travis/build/icyphy/ptII/ptolemy/domains/de/test/auto/EventToDate.xml (RunModel)" time="3.026" />
  <testcase classname="ptolemy.util.test.junit.AutoTests" name="[27] /home/travis/build/icyphy/ptII/ptolemy/domains/de/test/auto/FSM1.xml (RunModel)" time="0.02" />
  <testcase classname="ptolemy.util.test.junit.AutoTests" name="[28] /home/travis/build/icyphy/ptII/ptolemy/domains/de/test/auto/FSM7.xml (RunModel)" time="0.029" />
  <testcase classname="ptolemy.util.test.junit.AutoTests" name="[29] /home/travis/build/icyphy/ptII/ptolemy/domains/de/test/auto/Inspection.xml (RunModel)" time="0.041" />
  <testcase classname="ptolemy.util.test.junit.AutoTests" name="[30] /home/travis/build/icyphy/ptII/ptolemy/domains/de/test/auto/Iteration.xml (RunModel)" time="0.022" />
  <testcase classname="ptolemy.util.test.junit.AutoTests" name="[31] /home/travis/build/icyphy/ptII/ptolemy/domains/de/test/auto/LineFault.xml (RunModel)" time="0.403" />
  <testcase classname="ptolemy.util.test.junit.AutoTests" name="[32] /home/travis/build/icyphy/ptII/ptolemy/domains/de/test/auto/MergeModel1Add.xml (RunModel)" time="0.032" />
  <testcase classname="ptolemy.util.test.junit.AutoTests" name="[33] /home/travis/build/icyphy/ptII/ptolemy/domains/de/test/auto/MergeModel2Add.xml (RunModel)" time="0.026" />
  <testcase classname="ptolemy.util.test.junit.AutoTests" name="[34] /home/travis/build/icyphy/ptII/ptolemy/domains/de/test/auto/MergeModel3Add.xml (RunModel)" time="0.026" />
  <testcase classname="ptolemy.util.test.junit.AutoTests" name="[35] /home/travis/build/icyphy/ptII/ptolemy/domains/de/test/auto/MergeWithoutDiscard.xml (RunModel)" time="0.011" />
  <testcase classname="ptolemy.util.test.junit.AutoTests" name="[36] /home/travis/build/icyphy/ptII/ptolemy/domains/de/test/auto/Modal1.xml (RunModel)" time="0.023" />
  <testcase classname="ptolemy.util.test.junit.AutoTests" name="[37] /home/travis/build/icyphy/ptII/ptolemy/domains/de/test/auto/Modal2.xml (RunModel)" time="0.026" />
  <testcase classname="ptolemy.util.test.junit.AutoTests" name="[38] /home/travis/build/icyphy/ptII/ptolemy/domains/de/test/auto/Modal3.xml (RunModel)" time="0.024" />
  <testcase classname="ptolemy.util.test.junit.AutoTests" name="[39] /home/travis/build/icyphy/ptII/ptolemy/domains/de/test/auto/Modal4.xml (RunModel)" time="0.021" />
  <testcase classname="ptolemy.util.test.junit.AutoTests" name="[40] /home/travis/build/icyphy/ptII/ptolemy/domains/de/test/auto/Modal5.xml (RunModel)" time="0.02" />
  <testcase classname="ptolemy.util.test.junit.AutoTests" name="[41] /home/travis/build/icyphy/ptII/ptolemy/domains/de/test/auto/Modal6.xml (RunModel)" time="0.019" />
  <testcase classname="ptolemy.util.test.junit.AutoTests" name="[42] /home/travis/build/icyphy/ptII/ptolemy/domains/de/test/auto/Modal7.xml (RunModel)" time="0.019" />
  <testcase classname="ptolemy.util.test.junit.AutoTests" name="[43] /home/travis/build/icyphy/ptII/ptolemy/domains/de/test/auto/ModalModel.xml (RunModel)" time="0.109" />
  <testcase classname="ptolemy.util.test.junit.AutoTests" name="[44] /home/travis/build/icyphy/ptII/ptolemy/domains/de/test/auto/ModalSource.xml (RunModel)" time="0.012" />
  <testcase classname="ptolemy.util.test.junit.AutoTests" name="[45] /home/travis/build/icyphy/ptII/ptolemy/domains/de/test/auto/NonInterruptibleTimerZeroDelay.xml (RunModel)" time="0.007" />
  <testcase classname="ptolemy.util.test.junit.AutoTests" name="[46] /home/travis/build/icyphy/ptII/ptolemy/domains/de/test/auto/OpenQueueingNetwork.xml (RunModel)" time="2.233" />
  <testcase classname="ptolemy.util.test.junit.AutoTests" name="[47] /home/travis/build/icyphy/ptII/ptolemy/domains/de/test/auto/OpenQueuingNetwork.xml (RunModel)" time="0.316" />
  <testcase classname="ptolemy.util.test.junit.AutoTests" name="[48] /home/travis/build/icyphy/ptII/ptolemy/domains/de/test/auto/PeriodicSampler.xml (RunModel)" time="0.011" />
  <testcase classname="ptolemy.util.test.junit.AutoTests" name="[49] /home/travis/build/icyphy/ptII/ptolemy/domains/de/test/auto/PersistentIO.xml (RunModel)" time="0.025" />
  <testcase classname="ptolemy.util.test.junit.AutoTests" name="[50] /home/travis/build/icyphy/ptII/ptolemy/domains/de/test/auto/PortParameterResetOnInitialize.xml (RunModel)" time="0.009" />
  <testcase classname="ptolemy.util.test.junit.AutoTests" name="[51] /home/travis/build/icyphy/ptII/ptolemy/domains/de/test/auto/PortParameterUpdates.xml (RunModel)" time="0.019" />
  <testcase classname="ptolemy.util.test.junit.AutoTests" name="[52] /home/travis/build/icyphy/ptII/ptolemy/domains/de/test/auto/QueueAndServer.xml (RunModel)" time="0.024" />
  <testcase classname="ptolemy.util.test.junit.AutoTests" name="[53] /home/travis/build/icyphy/ptII/ptolemy/domains/de/test/auto/Records.xml (RunModel)" time="0.022" />
  <testcase classname="ptolemy.util.test.junit.AutoTests" name="[54] /home/travis/build/icyphy/ptII/ptolemy/domains/de/test/auto/ResetTransitionWithStartTime1.xml (RunModel)" time="0.027" />
  <testcase classname="ptolemy.util.test.junit.AutoTests" name="[55] /home/travis/build/icyphy/ptII/ptolemy/domains/de/test/auto/ResetTransitionWithStartTime2.xml (RunModel)" time="0.021" />
  <testcase classname="ptolemy.util.test.junit.AutoTests" name="[56] /home/travis/build/icyphy/ptII/ptolemy/domains/de/test/auto/ResetTransitionWithStartTime3.xml (RunModel)" time="0.02" />
  <testcase classname="ptolemy.util.test.junit.AutoTests" name="[57] /home/travis/build/icyphy/ptII/ptolemy/domains/de/test/auto/ResetTransitionWithStartTime4.xml (RunModel)" time="0.022" />
  <testcase classname="ptolemy.util.test.junit.AutoTests" name="[58] /home/travis/build/icyphy/ptII/ptolemy/domains/de/test/auto/ResettableTimer1.xml (RunModel)" time="0.012" />
  <testcase classname="ptolemy.util.test.junit.AutoTests" name="[59] /home/travis/build/icyphy/ptII/ptolemy/domains/de/test/auto/ResettableTimer2.xml (RunModel)" time="0.01" />
  <testcase classname="ptolemy.util.test.junit.AutoTests" name="[60] /home/travis/build/icyphy/ptII/ptolemy/domains/de/test/auto/ResettableTimer3.xml (RunModel)" time="0.01" />
  <testcase classname="ptolemy.util.test.junit.AutoTests" name="[61] /home/travis/build/icyphy/ptII/ptolemy/domains/de/test/auto/ResettableTimer4.xml (RunModel)" time="0.012" />
  <testcase classname="ptolemy.util.test.junit.AutoTests" name="[62] /home/travis/build/icyphy/ptII/ptolemy/domains/de/test/auto/ResettableTimer5.xml (RunModel)" time="0.01" />
  <testcase classname="ptolemy.util.test.junit.AutoTests" name="[63] /home/travis/build/icyphy/ptII/ptolemy/domains/de/test/auto/ResettableTimer6.xml (RunModel)" time="0.021" />
  <testcase classname="ptolemy.util.test.junit.AutoTests" name="[64] /home/travis/build/icyphy/ptII/ptolemy/domains/de/test/auto/ServerZeroDelay.xml (RunModel)" time="0.019" />
  <testcase classname="ptolemy.util.test.junit.AutoTests" name="[65] /home/travis/build/icyphy/ptII/ptolemy/domains/de/test/auto/SmartSender.xml (RunModel)" time="3.01" />
  <testcase classname="ptolemy.util.test.junit.AutoTests" name="[66] /home/travis/build/icyphy/ptII/ptolemy/domains/de/test/auto/ThreadedComposite.xml (RunModel)" time="0.197" />
  <testcase classname="ptolemy.util.test.junit.AutoTests" name="[67] /home/travis/build/icyphy/ptII/ptolemy/domains/de/test/auto/Time.xml (RunModel)" time="0.511" />
  <testcase classname="ptolemy.util.test.junit.AutoTests" name="[68] /home/travis/build/icyphy/ptII/ptolemy/domains/de/test/auto/TimeDelayZeroDelay.xml (RunModel)" time="0.013" />
  <testcase classname="ptolemy.util.test.junit.AutoTests" name="[69] /home/travis/build/icyphy/ptII/ptolemy/domains/de/test/auto/TimerZeroDelay.xml (RunModel)" time="0.01" />
  <testcase classname="ptolemy.util.test.junit.AutoTests" name="[70] /home/travis/build/icyphy/ptII/ptolemy/domains/de/test/auto/TimingParadox.xml (RunModel)" time="0.393" />
  <testcase classname="ptolemy.util.test.junit.AutoTests" name="[71] /home/travis/build/icyphy/ptII/ptolemy/domains/de/test/auto/TransferInputs.xml (RunModel)" time="0.017" />
  <testcase classname="ptolemy.util.test.junit.AutoTests" name="[72] /home/travis/build/icyphy/ptII/ptolemy/domains/de/test/auto/TransferOutputs2.xml (RunModel)" time="0.018" />
  <testcase classname="ptolemy.util.test.junit.AutoTests" name="[73] /home/travis/build/icyphy/ptII/ptolemy/domains/de/test/auto/Trilateration.xml (RunModel)" time="11.945" />
  <testcase classname="ptolemy.util.test.junit.AutoTests" name="[74] /home/travis/build/icyphy/ptII/ptolemy/domains/de/test/auto/TwoSigmaDelta.xml (RunModel)" time="2.46" />
  <testcase classname="ptolemy.util.test.junit.AutoTests" name="[75] /home/travis/build/icyphy/ptII/ptolemy/domains/de/test/auto/VariableDelay.xml (RunModel)" time="0.011" />
  <testcase classname="ptolemy.util.test.junit.AutoTests" name="[76] /home/travis/build/icyphy/ptII/ptolemy/domains/de/test/auto/VariableDelay2.xml (RunModel)" time="0.015" />
  <testcase classname="ptolemy.util.test.junit.AutoTests" name="[77] /home/travis/build/icyphy/ptII/ptolemy/domains/de/test/auto/VariableDelayZeroDelay.xml (RunModel)" time="0.012" />
  <testcase classname="ptolemy.util.test.junit.AutoTests" name="[78] /home/travis/build/icyphy/ptII/ptolemy/domains/de/test/auto/VariableDelayZeroDelay2.xml (RunModel)" time="0.01" />
  <testcase classname="ptolemy.util.test.junit.AutoTests" name="[79] /home/travis/build/icyphy/ptII/ptolemy/domains/de/test/auto/deInCt.xml (RunModel)" time="0.016" />
  <testcase classname="ptolemy.util.test.junit.AutoTests" name="[80] /home/travis/build/icyphy/ptII/ptolemy/domains/de/test/auto/deInCt2.xml (RunModel)" time="0.015" />
  <testcase classname="ptolemy.util.test.junit.AutoTests" name="[81] /home/travis/build/icyphy/ptII/ptolemy/domains/de/test/auto/dynamicCausalityInterface1.xml (RunModel)" time="0.018" />
  <testcase classname="ptolemy.util.test.junit.AutoTests" name="[82] /home/travis/build/icyphy/ptII/ptolemy/domains/de/test/auto/fsm_de_test.xml (RunModel)" time="0.026" />
  <testcase classname="ptolemy.util.test.junit.AutoTests" name="[83] /home/travis/build/icyphy/ptII/ptolemy/domains/de/test/auto/functionDependencyReconstruction.xml (RunModel)" time="0.035" />
  <testcase classname="ptolemy.util.test.junit.AutoTests" name="[84] /home/travis/build/icyphy/ptII/ptolemy/domains/de/test/auto/multirate.xml (RunModel)" time="0.018" />
  <testcase classname="ptolemy.util.test.junit.AutoTests" name="[85] /home/travis/build/icyphy/ptII/ptolemy/domains/de/test/auto/multirate2.xml (RunModel)" time="0.017" />
  <testcase classname="ptolemy.util.test.junit.AutoTests" name="[86] /home/travis/build/icyphy/ptII/ptolemy/domains/de/test/auto/realtime.xml (RunModel)" time="10.012" />
  <testcase classname="ptolemy.util.test.junit.AutoTests" name="[87] /home/travis/build/icyphy/ptII/ptolemy/domains/de/test/auto/relationGroup.xml (RunModel)" time="0.008" />
  <testcase classname="ptolemy.util.test.junit.AutoTests" name="[88] /home/travis/build/icyphy/ptII/ptolemy/domains/de/test/auto/relationGroup2.xml (RunModel)" time="0.009" />
  <testcase classname="ptolemy.util.test.junit.AutoTests" name="[89] /home/travis/build/icyphy/ptII/ptolemy/domains/de/test/auto/sortWithOpaquePorts.xml (RunModel)" time="0.01" />
  <testcase classname="ptolemy.util.test.junit.AutoTests" name="[90] /home/travis/build/icyphy/ptII/ptolemy/domains/de/test/auto/transferInputsandOutputs.xml (RunModel)" time="0.018" />
  <testcase classname="ptolemy.util.test.junit.AutoTests" name="[91] /home/travis/build/icyphy/ptII/ptolemy/domains/de/test/auto/triggerType.xml (RunModel)" time="0.013" />
  <system-out><![CDATA[/home/travis/build/icyphy/ptII/ptolemy/domains/de/test/DependencyLoop.tcl
testDefs.tcl: setting time out to 9000 seconds at Tue Oct 02 02:21:54 UTC 2018
15 ms. Memory: 116224K Free: 93380K (80%)
11 ms. Memory: 146944K Free: 135487K (92%)
/home/travis/build/icyphy/ptII/ptolemy/domains/de/test/RunDETestsAsQSS.tcl
Run the DE tests using ptolemy.domains.qss.test.QSSDirectorTest, which extends QSSDirector and prints a message in the constructors.
------------------ testing $PTII/ptolemy/domains/de/test/auto/knownFailedTests/dependencyLoop.xml (Known Failure) 
16 ms. Memory: 146944K Free: 132375K (90%)


==== $PTIIhome/travis/build/icyphy/ptII/ptolemy/domains/de/test/../../../../: Auto Automatic test in file $PTII/ptolemy/domains/de/test/auto/knownFailedTests/dependencyLoop.xml
==== Contents of test case:

	    # FIXME: we should use $relativeFilename here, but it
	    # might have backslashes under Windows, which causes no end
	    # of trouble.
	    createAndExecute $file
	    list {}
	
.... Test generated KNOWN error:
    while executing
ptolemy.kernel.util.IllegalActionException: Found a zero delay loop containing .dependencyLoop.original
  in .dependencyLoop and .dependencyLoop.original
	at ptolemy.actor.util.CausalityInterfaceForComposites._computeOutputPortDepth(CausalityInterfaceForComposites.java:759)
	at ptolemy.actor.util.CausalityInterfaceForComposites._computeInputDepth(CausalityInterfaceForComposites.java:696)
	at ptolemy.actor.util.CausalityInterfaceForComposites._computeOutputPortDepth(CausalityInterfaceForComposites.java:765)
	at ptolemy.actor.util.CausalityInterfaceForComposites._computeInputDepth(CausalityInterfaceForComposites.java:696)
	at ptolemy.actor.util.CausalityInterfaceForComposites._computeOutputPortDepth(CausalityInterfaceForComposites.java:765)
	at ptolemy.actor.util.CausalityInterfaceForComposites._computeInputDepth(CausalityInterfaceForComposites.java:696)
	at ptolemy.actor.util.CausalityInterfaceForComposites._computeActorDepth(CausalityInterfaceForComposites.java:532)
	at ptolemy.actor.util.CausalityInterfaceForComposites.checkForCycles(CausalityInterfaceForComposites.java:96)
	at ptolemy.domains.de.kernel.DEDirector.preinitialize(DEDirector.java:1338)
	at ptolemy.actor.CompositeActor.preinitialize(CompositeActor.java:1828)
	at ptolemy.actor.Manager.preinitializeAndResolveTypes(Manager.java:1040)
	at ptolemy.actor.Manager.initialize(Manager.java:710)
	at ptolemy.actor.Manager.execute(Manager.java:356)
	at ptolemy.actor.Manager.run(Manager.java:1263)
	at ptolemy.actor.Manager$PtolemyRunThread.run(Manager.java:1915)

    while executing
ptolemy.kernel.util.IllegalActionException: Found a zero delay loop containing .dependencyLoop.original
  in .dependencyLoop and .dependencyLoop.original
    while executing
"java::new ptolemy.moml.MoMLSimpleApplication $file
"
    (procedure "createAndExecute" line 2)
    invoked from within
"createAndExecute $file"
    ("uplevel" body line 5)
    invoked from within
"uplevel $contents_of_test"
------------------ testing $PTII/ptolemy/domains/de/test/auto/knownFailedTests/DESDFClockTest.xml (Known Failure) 
2094 ms. Memory: 146944K Free: 116579K (79%)


==== $PTIIhome/travis/build/icyphy/ptII/ptolemy/domains/de/test/../../../../: Auto Automatic test in file $PTII/ptolemy/domains/de/test/auto/knownFailedTests/DESDFClockTest.xml
==== Contents of test case:

	    # FIXME: we should use $relativeFilename here, but it
	    # might have backslashes under Windows, which causes no end
	    # of trouble.
	    createAndExecute $file
	    list {}
	
.... Test generated KNOWN error:
    while executing
ptolemy.kernel.util.IllegalActionException: Actor is not ready to fire.  Perhaps UpSample.prefire() returned false? Try debugging the actor by selecting "Listen to Actor".  Also, for SDF check moml for tokenConsumptionRate on input.
  in .DESDFClockTest.Play Bell.Copy1:SDF Director and .DESDFClockTest.Play Bell.UpSample
	at ptolemy.actor.sched.StaticSchedulingDirector.fire(StaticSchedulingDirector.java:227)
	at ptolemy.domains.sdf.kernel.SDFDirector.fire(SDFDirector.java:500)
	at ptolemy.actor.CompositeActor.fire(CompositeActor.java:455)
	at ptolemy.domains.de.kernel.DEDirector._fire(DEDirector.java:1949)
	at ptolemy.domains.de.kernel.DEDirector.fire(DEDirector.java:502)
	at ptolemy.actor.CompositeActor.fire(CompositeActor.java:455)
	at ptolemy.actor.Manager.iterate(Manager.java:851)
	at ptolemy.actor.Manager.execute(Manager.java:369)
	at ptolemy.actor.Manager.run(Manager.java:1263)
	at ptolemy.actor.Manager$PtolemyRunThread.run(Manager.java:1915)

    while executing
ptolemy.kernel.util.IllegalActionException: Actor is not ready to fire.  Perhaps UpSample.prefire() returned false? Try debugging the actor by selecting "Listen to Actor".  Also, for SDF check moml for tokenConsumptionRate on input.
  in .DESDFClockTest.Play Bell.Copy1:SDF Director and .DESDFClockTest.Play Bell.UpSample
    while executing
"java::new ptolemy.moml.MoMLSimpleApplication $file
"
    (procedure "createAndExecute" line 2)
    invoked from within
"createAndExecute $file"
    ("uplevel" body line 5)
    invoked from within
"uplevel $contents_of_test"
------------------ testing $PTII/ptolemy/domains/de/test/auto/knownFailedTests/FSMSource.xml (Known Failure) 
21 ms. Memory: 146944K Free: 107587K (73%)
!!!! Auto was marked as failing, but now passes
------------------ testing $PTII/ptolemy/domains/de/test/auto/knownFailedTests/dependencyLoop2.xml (Known Failure) 
7 ms. Memory: 146944K Free: 105704K (72%)


==== $PTIIhome/travis/build/icyphy/ptII/ptolemy/domains/de/test/../../../../: Auto Automatic test in file $PTII/ptolemy/domains/de/test/auto/knownFailedTests/dependencyLoop2.xml
==== Contents of test case:

	    # FIXME: we should use $relativeFilename here, but it
	    # might have backslashes under Windows, which causes no end
	    # of trouble.
	    createAndExecute $file
	    list {}
	
.... Test generated KNOWN error:
    while executing
ptolemy.kernel.util.IllegalActionException: Found a zero delay loop containing .dependencyLoop2.original
  in .dependencyLoop2 and .dependencyLoop2.original
	at ptolemy.actor.util.CausalityInterfaceForComposites._computeOutputPortDepth(CausalityInterfaceForComposites.java:759)
	at ptolemy.actor.util.CausalityInterfaceForComposites._computeInputDepth(CausalityInterfaceForComposites.java:696)
	at ptolemy.actor.util.CausalityInterfaceForComposites._computeOutputPortDepth(CausalityInterfaceForComposites.java:765)
	at ptolemy.actor.util.CausalityInterfaceForComposites._computeInputDepth(CausalityInterfaceForComposites.java:696)
	at ptolemy.actor.util.CausalityInterfaceForComposites._computeOutputPortDepth(CausalityInterfaceForComposites.java:765)
	at ptolemy.actor.util.CausalityInterfaceForComposites._computeInputDepth(CausalityInterfaceForComposites.java:696)
	at ptolemy.actor.util.CausalityInterfaceForComposites._computeActorDepth(CausalityInterfaceForComposites.java:532)
	at ptolemy.actor.util.CausalityInterfaceForComposites.checkForCycles(CausalityInterfaceForComposites.java:96)
	at ptolemy.domains.de.kernel.DEDirector.preinitialize(DEDirector.java:1338)
	at ptolemy.actor.CompositeActor.preinitialize(CompositeActor.java:1828)
	at ptolemy.actor.Manager.preinitializeAndResolveTypes(Manager.java:1040)
	at ptolemy.actor.Manager.initialize(Manager.java:710)
	at ptolemy.actor.Manager.execute(Manager.java:356)
	at ptolemy.actor.Manager.run(Manager.java:1263)
	at ptolemy.actor.Manager$PtolemyRunThread.run(Manager.java:1915)

    while executing
ptolemy.kernel.util.IllegalActionException: Found a zero delay loop containing .dependencyLoop2.original
  in .dependencyLoop2 and .dependencyLoop2.original
    while executing
"java::new ptolemy.moml.MoMLSimpleApplication $file
"
    (procedure "createAndExecute" line 2)
    invoked from within
"createAndExecute $file"
    ("uplevel" body line 5)
    invoked from within
"uplevel $contents_of_test"
------------------ testing $PTII/ptolemy/domains/de/test/auto/knownFailedTests/HierarchicalModel.xml (Known Failure) 
8 ms. Memory: 146944K Free: 84031K (57%)


==== $PTIIhome/travis/build/icyphy/ptII/ptolemy/domains/de/test/../../../../: Auto Automatic test in file $PTII/ptolemy/domains/de/test/auto/knownFailedTests/HierarchicalModel.xml
==== Contents of test case:

	    # FIXME: we should use $relativeFilename here, but it
	    # might have backslashes under Windows, which causes no end
	    # of trouble.
	    createAndExecute $file
	    list {}
	
.... Test generated KNOWN error:
    while executing
ptolemy.kernel.util.IllegalActionException: Found a zero delay loop containing .HierarchicalModel.A
  in .HierarchicalModel and .HierarchicalModel.A
	at ptolemy.actor.util.CausalityInterfaceForComposites._computeOutputPortDepth(CausalityInterfaceForComposites.java:759)
	at ptolemy.actor.util.CausalityInterfaceForComposites._computeInputDepth(CausalityInterfaceForComposites.java:696)
	at ptolemy.actor.util.CausalityInterfaceForComposites._computeOutputPortDepth(CausalityInterfaceForComposites.java:765)
	at ptolemy.actor.util.CausalityInterfaceForComposites._computeInputDepth(CausalityInterfaceForComposites.java:696)
	at ptolemy.actor.util.CausalityInterfaceForComposites._computeOutputPortDepth(CausalityInterfaceForComposites.java:765)
	at ptolemy.actor.util.CausalityInterfaceForComposites._computeInputDepth(CausalityInterfaceForComposites.java:696)
	at ptolemy.actor.util.CausalityInterfaceForComposites._computeActorDepth(CausalityInterfaceForComposites.java:532)
	at ptolemy.actor.util.CausalityInterfaceForComposites.checkForCycles(CausalityInterfaceForComposites.java:96)
	at ptolemy.domains.de.kernel.DEDirector.preinitialize(DEDirector.java:1338)
	at ptolemy.actor.CompositeActor.preinitialize(CompositeActor.java:1828)
	at ptolemy.actor.Manager.preinitializeAndResolveTypes(Manager.java:1040)
	at ptolemy.actor.Manager.initialize(Manager.java:710)
	at ptolemy.actor.Manager.execute(Manager.java:356)
	at ptolemy.actor.Manager.run(Manager.java:1263)
	at ptolemy.actor.Manager$PtolemyRunThread.run(Manager.java:1915)

    while executing
ptolemy.kernel.util.IllegalActionException: Found a zero delay loop containing .HierarchicalModel.A
  in .HierarchicalModel and .HierarchicalModel.A
    while executing
"java::new ptolemy.moml.MoMLSimpleApplication $file
"
    (procedure "createAndExecute" line 2)
    invoked from within
"createAndExecute $file"
    ("uplevel" body line 5)
    invoked from within
"uplevel $contents_of_test"
------------------ testing $PTII/ptolemy/domains/de/test/auto/knownFailedTests/DirectFeedback.xml (Known Failure) 
7 ms. Memory: 146944K Free: 141172K (96%)


==== $PTIIhome/travis/build/icyphy/ptII/ptolemy/domains/de/test/../../../../: Auto Automatic test in file $PTII/ptolemy/domains/de/test/auto/knownFailedTests/DirectFeedback.xml
==== Contents of test case:

	    # FIXME: we should use $relativeFilename here, but it
	    # might have backslashes under Windows, which causes no end
	    # of trouble.
	    createAndExecute $file
	    list {}
	
.... Test generated KNOWN error:
    while executing
ptolemy.kernel.util.IllegalActionException: Test fails in iteration 1.
Value was: 1.0. Should have been: 2.0
  in .DirectFeedback.Test
	at ptolemy.actor.lib.Test.fire(Test.java:268)
	at ptolemy.domains.de.kernel.DEDirector._fire(DEDirector.java:1949)
	at ptolemy.domains.de.kernel.DEDirector.fire(DEDirector.java:502)
	at ptolemy.actor.CompositeActor.fire(CompositeActor.java:455)
	at ptolemy.actor.Manager.iterate(Manager.java:851)
	at ptolemy.actor.Manager.execute(Manager.java:369)
	at ptolemy.actor.Manager.run(Manager.java:1263)
	at ptolemy.actor.Manager$PtolemyRunThread.run(Manager.java:1915)

    while executing
ptolemy.kernel.util.IllegalActionException: Test fails in iteration 1.
Value was: 1.0. Should have been: 2.0
  in .DirectFeedback.Test
    while executing
"java::new ptolemy.moml.MoMLSimpleApplication $file
"
    (procedure "createAndExecute" line 2)
    invoked from within
"createAndExecute $file"
    ("uplevel" body line 5)
    invoked from within
"uplevel $contents_of_test"
------------------ testing $PTII/ptolemy/domains/de/test/auto/ActorDepthCalculation_actorWithoutPorts.xml
auto.tcl: Setting watchdog for 200 seconds at Tue Oct 02 02:21:58 UTC 2018
8 ms. Memory: 146944K Free: 132420K (90%)
ptolemy.util.test.WatchDog.cancel(): canceling Tue Oct 02 02:21:58 UTC 2018
auto.tcl: Setting watchdog for 200 seconds at Tue Oct 02 02:21:58 UTC 2018
4 ms. Memory: 146944K Free: 131376K (89%)
ptolemy.util.test.WatchDog.cancel(): canceling Tue Oct 02 02:21:58 UTC 2018
------------------ testing $PTII/ptolemy/domains/de/test/auto/AssemblyLine.xml
auto.tcl: Setting watchdog for 200 seconds at Tue Oct 02 02:21:58 UTC 2018
13 ms. Memory: 208384K Free: 186336K (89%)
ptolemy.util.test.WatchDog.cancel(): canceling Tue Oct 02 02:21:58 UTC 2018
auto.tcl: Setting watchdog for 200 seconds at Tue Oct 02 02:21:58 UTC 2018
17 ms. Memory: 208384K Free: 186336K (89%)
ptolemy.util.test.WatchDog.cancel(): canceling Tue Oct 02 02:21:58 UTC 2018
------------------ testing $PTII/ptolemy/domains/de/test/auto/CQBug1.xml
auto.tcl: Setting watchdog for 200 seconds at Tue Oct 02 02:21:59 UTC 2018
11 ms. Memory: 208384K Free: 197717K (95%)
ptolemy.util.test.WatchDog.cancel(): canceling Tue Oct 02 02:21:59 UTC 2018
auto.tcl: Setting watchdog for 200 seconds at Tue Oct 02 02:21:59 UTC 2018
2 ms. Memory: 208384K Free: 197717K (95%)
ptolemy.util.test.WatchDog.cancel(): canceling Tue Oct 02 02:21:59 UTC 2018
------------------ testing $PTII/ptolemy/domains/de/test/auto/CancelFireAt.xml
auto.tcl: Setting watchdog for 200 seconds at Tue Oct 02 02:21:59 UTC 2018
4 ms. Memory: 208384K Free: 201432K (97%)
ptolemy.util.test.WatchDog.cancel(): canceling Tue Oct 02 02:21:59 UTC 2018
auto.tcl: Setting watchdog for 200 seconds at Tue Oct 02 02:21:59 UTC 2018
6 ms. Memory: 208384K Free: 199337K (96%)
ptolemy.util.test.WatchDog.cancel(): canceling Tue Oct 02 02:21:59 UTC 2018
------------------ testing $PTII/ptolemy/domains/de/test/auto/CausalityAndComposabilityAnalysis.xml
auto.tcl: Setting watchdog for 200 seconds at Tue Oct 02 02:21:59 UTC 2018
16 ms. Memory: 208384K Free: 196504K (94%)
ptolemy.util.test.WatchDog.cancel(): canceling Tue Oct 02 02:21:59 UTC 2018
auto.tcl: Setting watchdog for 200 seconds at Tue Oct 02 02:21:59 UTC 2018
7 ms. Memory: 208384K Free: 196504K (94%)
ptolemy.util.test.WatchDog.cancel(): canceling Tue Oct 02 02:21:59 UTC 2018
------------------ testing $PTII/ptolemy/domains/de/test/auto/CausalityInterface1.xml
auto.tcl: Setting watchdog for 200 seconds at Tue Oct 02 02:21:59 UTC 2018
16 ms. Memory: 208384K Free: 196440K (94%)
ptolemy.util.test.WatchDog.cancel(): canceling Tue Oct 02 02:21:59 UTC 2018
auto.tcl: Setting watchdog for 200 seconds at Tue Oct 02 02:21:59 UTC 2018
4 ms. Memory: 208384K Free: 196440K (94%)
ptolemy.util.test.WatchDog.cancel(): canceling Tue Oct 02 02:21:59 UTC 2018
------------------ testing $PTII/ptolemy/domains/de/test/auto/CausalityInterface15.xml
auto.tcl: Setting watchdog for 200 seconds at Tue Oct 02 02:21:59 UTC 2018
8 ms. Memory: 208384K Free: 196330K (94%)
ptolemy.util.test.WatchDog.cancel(): canceling Tue Oct 02 02:21:59 UTC 2018
auto.tcl: Setting watchdog for 200 seconds at Tue Oct 02 02:21:59 UTC 2018
3 ms. Memory: 208384K Free: 196330K (94%)
ptolemy.util.test.WatchDog.cancel(): canceling Tue Oct 02 02:21:59 UTC 2018
------------------ testing $PTII/ptolemy/domains/de/test/auto/CausalityInterface2.xml
auto.tcl: Setting watchdog for 200 seconds at Tue Oct 02 02:21:59 UTC 2018
8 ms. Memory: 208384K Free: 196314K (94%)
ptolemy.util.test.WatchDog.cancel(): canceling Tue Oct 02 02:21:59 UTC 2018
auto.tcl: Setting watchdog for 200 seconds at Tue Oct 02 02:21:59 UTC 2018
3 ms. Memory: 208384K Free: 196314K (94%)
ptolemy.util.test.WatchDog.cancel(): canceling Tue Oct 02 02:21:59 UTC 2018
------------------ testing $PTII/ptolemy/domains/de/test/auto/CausalityInterface3.xml
auto.tcl: Setting watchdog for 200 seconds at Tue Oct 02 02:21:59 UTC 2018
6 ms. Memory: 208384K Free: 196327K (94%)
ptolemy.util.test.WatchDog.cancel(): canceling Tue Oct 02 02:21:59 UTC 2018
auto.tcl: Setting watchdog for 200 seconds at Tue Oct 02 02:21:59 UTC 2018
5 ms. Memory: 208384K Free: 196327K (94%)
ptolemy.util.test.WatchDog.cancel(): canceling Tue Oct 02 02:21:59 UTC 2018
------------------ testing $PTII/ptolemy/domains/de/test/auto/ClockDrift.xml
auto.tcl: Setting watchdog for 200 seconds at Tue Oct 02 02:21:59 UTC 2018
76 ms. Memory: 208384K Free: 187576K (90%)
ptolemy.util.test.WatchDog.cancel(): canceling Tue Oct 02 02:21:59 UTC 2018
auto.tcl: Setting watchdog for 200 seconds at Tue Oct 02 02:21:59 UTC 2018
85 ms. Memory: 208384K Free: 185482K (89%)
ptolemy.util.test.WatchDog.cancel(): canceling Tue Oct 02 02:22:00 UTC 2018
------------------ testing $PTII/ptolemy/domains/de/test/auto/ClockDriftAndValueChange.xml
auto.tcl: Setting watchdog for 200 seconds at Tue Oct 02 02:22:00 UTC 2018
60 ms. Memory: 208384K Free: 187411K (90%)
ptolemy.util.test.WatchDog.cancel(): canceling Tue Oct 02 02:22:00 UTC 2018
auto.tcl: Setting watchdog for 200 seconds at Tue Oct 02 02:22:00 UTC 2018
36 ms. Memory: 208384K Free: 185317K (89%)
ptolemy.util.test.WatchDog.cancel(): canceling Tue Oct 02 02:22:00 UTC 2018
------------------ testing $PTII/ptolemy/domains/de/test/auto/ClockDriftChange.xml
auto.tcl: Setting watchdog for 200 seconds at Tue Oct 02 02:22:00 UTC 2018
48 ms. Memory: 208384K Free: 190726K (92%)
ptolemy.util.test.WatchDog.cancel(): canceling Tue Oct 02 02:22:00 UTC 2018
auto.tcl: Setting watchdog for 200 seconds at Tue Oct 02 02:22:00 UTC 2018
27 ms. Memory: 208384K Free: 188632K (91%)
ptolemy.util.test.WatchDog.cancel(): canceling Tue Oct 02 02:22:00 UTC 2018
------------------ testing $PTII/ptolemy/domains/de/test/auto/ComposableCausalityAnalysis.xml
auto.tcl: Setting watchdog for 200 seconds at Tue Oct 02 02:22:00 UTC 2018
2 ms. Memory: 208384K Free: 196182K (94%)
ptolemy.util.test.WatchDog.cancel(): canceling Tue Oct 02 02:22:00 UTC 2018
auto.tcl: Setting watchdog for 200 seconds at Tue Oct 02 02:22:00 UTC 2018
3 ms. Memory: 208384K Free: 194088K (93%)
ptolemy.util.test.WatchDog.cancel(): canceling Tue Oct 02 02:22:00 UTC 2018
------------------ testing $PTII/ptolemy/domains/de/test/auto/DEFixedPointLimitation.xml
auto.tcl: Setting watchdog for 200 seconds at Tue Oct 02 02:22:00 UTC 2018
2 ms. Memory: 208384K Free: 196263K (94%)
ptolemy.util.test.WatchDog.cancel(): canceling Tue Oct 02 02:22:00 UTC 2018
auto.tcl: Setting watchdog for 200 seconds at Tue Oct 02 02:22:00 UTC 2018
2 ms. Memory: 208384K Free: 196263K (94%)
ptolemy.util.test.WatchDog.cancel(): canceling Tue Oct 02 02:22:00 UTC 2018
------------------ testing $PTII/ptolemy/domains/de/test/auto/DEScheduleTest.xml
auto.tcl: Setting watchdog for 200 seconds at Tue Oct 02 02:22:00 UTC 2018
5 ms. Memory: 208384K Free: 198392K (95%)
ptolemy.util.test.WatchDog.cancel(): canceling Tue Oct 02 02:22:00 UTC 2018
auto.tcl: Setting watchdog for 200 seconds at Tue Oct 02 02:22:00 UTC 2018
5 ms. Memory: 208384K Free: 196298K (94%)
ptolemy.util.test.WatchDog.cancel(): canceling Tue Oct 02 02:22:00 UTC 2018
------------------ testing $PTII/ptolemy/domains/de/test/auto/DEinDEwithStartTimes.xml
auto.tcl: Setting watchdog for 200 seconds at Tue Oct 02 02:22:00 UTC 2018
8 ms. Memory: 208384K Free: 196268K (94%)
ptolemy.util.test.WatchDog.cancel(): canceling Tue Oct 02 02:22:00 UTC 2018
auto.tcl: Setting watchdog for 200 seconds at Tue Oct 02 02:22:00 UTC 2018
4 ms. Memory: 208384K Free: 194174K (93%)
ptolemy.util.test.WatchDog.cancel(): canceling Tue Oct 02 02:22:00 UTC 2018
------------------ testing $PTII/ptolemy/domains/de/test/auto/DEinDEwithStartTimes2.xml
auto.tcl: Setting watchdog for 200 seconds at Tue Oct 02 02:22:00 UTC 2018
6 ms. Memory: 208384K Free: 196247K (94%)
ptolemy.util.test.WatchDog.cancel(): canceling Tue Oct 02 02:22:00 UTC 2018
auto.tcl: Setting watchdog for 200 seconds at Tue Oct 02 02:22:00 UTC 2018
8 ms. Memory: 208384K Free: 194153K (93%)
ptolemy.util.test.WatchDog.cancel(): canceling Tue Oct 02 02:22:00 UTC 2018
------------------ testing $PTII/ptolemy/domains/de/test/auto/DateDemo.xml
auto.tcl: Setting watchdog for 200 seconds at Tue Oct 02 02:22:00 UTC 2018
19 ms. Memory: 208384K Free: 188711K (91%)
ptolemy.util.test.WatchDog.cancel(): canceling Tue Oct 02 02:22:01 UTC 2018
auto.tcl: Setting watchdog for 200 seconds at Tue Oct 02 02:22:01 UTC 2018
13 ms. Memory: 208384K Free: 186616K (90%)
ptolemy.util.test.WatchDog.cancel(): canceling Tue Oct 02 02:22:01 UTC 2018
------------------ testing $PTII/ptolemy/domains/de/test/auto/DateToEvent.xml
auto.tcl: Setting watchdog for 200 seconds at Tue Oct 02 02:22:01 UTC 2018
2010 ms. Memory: 208384K Free: 183450K (88%)
ptolemy.util.test.WatchDog.cancel(): canceling Tue Oct 02 02:22:03 UTC 2018
auto.tcl: Setting watchdog for 200 seconds at Tue Oct 02 02:22:03 UTC 2018
2004 ms. Memory: 208384K Free: 183450K (88%)
ptolemy.util.test.WatchDog.cancel(): canceling Tue Oct 02 02:22:05 UTC 2018
------------------ testing $PTII/ptolemy/domains/de/test/auto/DepthTest1.xml
auto.tcl: Setting watchdog for 200 seconds at Tue Oct 02 02:22:05 UTC 2018
2 ms. Memory: 208384K Free: 197919K (95%)
ptolemy.util.test.WatchDog.cancel(): canceling Tue Oct 02 02:22:05 UTC 2018
auto.tcl: Setting watchdog for 200 seconds at Tue Oct 02 02:22:05 UTC 2018
3 ms. Memory: 208384K Free: 197919K (95%)
ptolemy.util.test.WatchDog.cancel(): canceling Tue Oct 02 02:22:05 UTC 2018
------------------ testing $PTII/ptolemy/domains/de/test/auto/DepthTest2.xml
auto.tcl: Setting watchdog for 200 seconds at Tue Oct 02 02:22:05 UTC 2018
3 ms. Memory: 208384K Free: 194471K (93%)
ptolemy.util.test.WatchDog.cancel(): canceling Tue Oct 02 02:22:05 UTC 2018
auto.tcl: Setting watchdog for 200 seconds at Tue Oct 02 02:22:05 UTC 2018
2 ms. Memory: 208384K Free: 194471K (93%)
ptolemy.util.test.WatchDog.cancel(): canceling Tue Oct 02 02:22:05 UTC 2018
------------------ testing $PTII/ptolemy/domains/de/test/auto/DepthTest3.xml
auto.tcl: Setting watchdog for 200 seconds at Tue Oct 02 02:22:05 UTC 2018
4 ms. Memory: 208384K Free: 198255K (95%)
ptolemy.util.test.WatchDog.cancel(): canceling Tue Oct 02 02:22:05 UTC 2018
auto.tcl: Setting watchdog for 200 seconds at Tue Oct 02 02:22:05 UTC 2018
2 ms. Memory: 208384K Free: 198255K (95%)
ptolemy.util.test.WatchDog.cancel(): canceling Tue Oct 02 02:22:05 UTC 2018
------------------ testing $PTII/ptolemy/domains/de/test/auto/DepthTest4.xml
auto.tcl: Setting watchdog for 200 seconds at Tue Oct 02 02:22:05 UTC 2018
3 ms. Memory: 208384K Free: 196249K (94%)
ptolemy.util.test.WatchDog.cancel(): canceling Tue Oct 02 02:22:05 UTC 2018
auto.tcl: Setting watchdog for 200 seconds at Tue Oct 02 02:22:05 UTC 2018
2 ms. Memory: 208384K Free: 196249K (94%)
ptolemy.util.test.WatchDog.cancel(): canceling Tue Oct 02 02:22:05 UTC 2018
------------------ testing $PTII/ptolemy/domains/de/test/auto/DepthTest5.xml
auto.tcl: Setting watchdog for 200 seconds at Tue Oct 02 02:22:05 UTC 2018
4 ms. Memory: 208384K Free: 196196K (94%)
ptolemy.util.test.WatchDog.cancel(): canceling Tue Oct 02 02:22:05 UTC 2018
auto.tcl: Setting watchdog for 200 seconds at Tue Oct 02 02:22:05 UTC 2018
2 ms. Memory: 208384K Free: 196196K (94%)
ptolemy.util.test.WatchDog.cancel(): canceling Tue Oct 02 02:22:05 UTC 2018
------------------ testing $PTII/ptolemy/domains/de/test/auto/DepthTest6.xml
auto.tcl: Setting watchdog for 200 seconds at Tue Oct 02 02:22:05 UTC 2018
8 ms. Memory: 208384K Free: 196501K (94%)
ptolemy.util.test.WatchDog.cancel(): canceling Tue Oct 02 02:22:05 UTC 2018
auto.tcl: Setting watchdog for 200 seconds at Tue Oct 02 02:22:05 UTC 2018
2 ms. Memory: 208384K Free: 196501K (94%)
ptolemy.util.test.WatchDog.cancel(): canceling Tue Oct 02 02:22:05 UTC 2018
------------------ testing $PTII/ptolemy/domains/de/test/auto/DepthTest7.xml
auto.tcl: Setting watchdog for 200 seconds at Tue Oct 02 02:22:05 UTC 2018
4 ms. Memory: 208384K Free: 196153K (94%)
ptolemy.util.test.WatchDog.cancel(): canceling Tue Oct 02 02:22:05 UTC 2018
auto.tcl: Setting watchdog for 200 seconds at Tue Oct 02 02:22:05 UTC 2018
2 ms. Memory: 208384K Free: 196153K (94%)
ptolemy.util.test.WatchDog.cancel(): canceling Tue Oct 02 02:22:05 UTC 2018
------------------ testing $PTII/ptolemy/domains/de/test/auto/EventToDate.xml
auto.tcl: Setting watchdog for 200 seconds at Tue Oct 02 02:22:05 UTC 2018
3011 ms. Memory: 208384K Free: 183247K (88%)
ptolemy.util.test.WatchDog.cancel(): canceling Tue Oct 02 02:22:08 UTC 2018
auto.tcl: Setting watchdog for 200 seconds at Tue Oct 02 02:22:08 UTC 2018
3004 ms. Memory: 208384K Free: 183247K (88%)
ptolemy.util.test.WatchDog.cancel(): canceling Tue Oct 02 02:22:11 UTC 2018
------------------ testing $PTII/ptolemy/domains/de/test/auto/FSM1.xml
auto.tcl: Setting watchdog for 200 seconds at Tue Oct 02 02:22:11 UTC 2018
36 ms. Memory: 208384K Free: 189217K (91%)
ptolemy.util.test.WatchDog.cancel(): canceling Tue Oct 02 02:22:11 UTC 2018
auto.tcl: Setting watchdog for 200 seconds at Tue Oct 02 02:22:11 UTC 2018
33 ms. Memory: 208384K Free: 185028K (89%)
ptolemy.util.test.WatchDog.cancel(): canceling Tue Oct 02 02:22:12 UTC 2018
------------------ testing $PTII/ptolemy/domains/de/test/auto/FSM7.xml
auto.tcl: Setting watchdog for 200 seconds at Tue Oct 02 02:22:12 UTC 2018
14 ms. Memory: 208384K Free: 187325K (90%)
ptolemy.util.test.WatchDog.cancel(): canceling Tue Oct 02 02:22:12 UTC 2018
auto.tcl: Setting watchdog for 200 seconds at Tue Oct 02 02:22:12 UTC 2018
15 ms. Memory: 208384K Free: 185231K (89%)
ptolemy.util.test.WatchDog.cancel(): canceling Tue Oct 02 02:22:12 UTC 2018
------------------ testing $PTII/ptolemy/domains/de/test/auto/Inspection.xml
auto.tcl: Setting watchdog for 200 seconds at Tue Oct 02 02:22:12 UTC 2018
44 ms. Memory: 208384K Free: 188539K (90%)
ptolemy.util.test.WatchDog.cancel(): canceling Tue Oct 02 02:22:12 UTC 2018
auto.tcl: Setting watchdog for 200 seconds at Tue Oct 02 02:22:12 UTC 2018
32 ms. Memory: 208384K Free: 186445K (89%)
ptolemy.util.test.WatchDog.cancel(): canceling Tue Oct 02 02:22:12 UTC 2018
------------------ testing $PTII/ptolemy/domains/de/test/auto/Iteration.xml
auto.tcl: Setting watchdog for 200 seconds at Tue Oct 02 02:22:12 UTC 2018
21 ms. Memory: 208384K Free: 195959K (94%)
ptolemy.util.test.WatchDog.cancel(): canceling Tue Oct 02 02:22:12 UTC 2018
auto.tcl: Setting watchdog for 200 seconds at Tue Oct 02 02:22:12 UTC 2018
9 ms. Memory: 208384K Free: 193865K (93%)
ptolemy.util.test.WatchDog.cancel(): canceling Tue Oct 02 02:22:12 UTC 2018
------------------ testing $PTII/ptolemy/domains/de/test/auto/LineFault.xml
auto.tcl: Setting watchdog for 200 seconds at Tue Oct 02 02:22:12 UTC 2018
870 ms. Memory: 208384K Free: 196111K (94%)
ptolemy.util.test.WatchDog.cancel(): canceling Tue Oct 02 02:22:13 UTC 2018
auto.tcl: Setting watchdog for 200 seconds at Tue Oct 02 02:22:13 UTC 2018
742 ms. Memory: 208384K Free: 138935K (67%)
ptolemy.util.test.WatchDog.cancel(): canceling Tue Oct 02 02:22:14 UTC 2018
------------------ testing $PTII/ptolemy/domains/de/test/auto/MergeModel1Add.xml
auto.tcl: Setting watchdog for 200 seconds at Tue Oct 02 02:22:14 UTC 2018
22 ms. Memory: 331264K Free: 298767K (90%)
ptolemy.util.test.WatchDog.cancel(): canceling Tue Oct 02 02:22:14 UTC 2018
auto.tcl: Setting watchdog for 200 seconds at Tue Oct 02 02:22:14 UTC 2018
10 ms. Memory: 331264K Free: 298767K (90%)
ptolemy.util.test.WatchDog.cancel(): canceling Tue Oct 02 02:22:14 UTC 2018
------------------ testing $PTII/ptolemy/domains/de/test/auto/MergeModel2Add.xml
auto.tcl: Setting watchdog for 200 seconds at Tue Oct 02 02:22:14 UTC 2018
15 ms. Memory: 331264K Free: 304051K (92%)
ptolemy.util.test.WatchDog.cancel(): canceling Tue Oct 02 02:22:14 UTC 2018
auto.tcl: Setting watchdog for 200 seconds at Tue Oct 02 02:22:14 UTC 2018
14 ms. Memory: 331264K Free: 300106K (91%)
ptolemy.util.test.WatchDog.cancel(): canceling Tue Oct 02 02:22:14 UTC 2018
------------------ testing $PTII/ptolemy/domains/de/test/auto/MergeModel3Add.xml
auto.tcl: Setting watchdog for 200 seconds at Tue Oct 02 02:22:14 UTC 2018
11 ms. Memory: 331264K Free: 304060K (92%)
ptolemy.util.test.WatchDog.cancel(): canceling Tue Oct 02 02:22:14 UTC 2018
auto.tcl: Setting watchdog for 200 seconds at Tue Oct 02 02:22:14 UTC 2018
11 ms. Memory: 331264K Free: 300115K (91%)
ptolemy.util.test.WatchDog.cancel(): canceling Tue Oct 02 02:22:14 UTC 2018
------------------ testing $PTII/ptolemy/domains/de/test/auto/MergeWithoutDiscard.xml
auto.tcl: Setting watchdog for 200 seconds at Tue Oct 02 02:22:14 UTC 2018
8 ms. Memory: 331264K Free: 320124K (97%)
ptolemy.util.test.WatchDog.cancel(): canceling Tue Oct 02 02:22:14 UTC 2018
auto.tcl: Setting watchdog for 200 seconds at Tue Oct 02 02:22:14 UTC 2018
1 ms. Memory: 331264K Free: 316179K (95%)
ptolemy.util.test.WatchDog.cancel(): canceling Tue Oct 02 02:22:14 UTC 2018
------------------ testing $PTII/ptolemy/domains/de/test/auto/Modal1.xml
auto.tcl: Setting watchdog for 200 seconds at Tue Oct 02 02:22:15 UTC 2018
21 ms. Memory: 331264K Free: 309789K (94%)
ptolemy.util.test.WatchDog.cancel(): canceling Tue Oct 02 02:22:15 UTC 2018
auto.tcl: Setting watchdog for 200 seconds at Tue Oct 02 02:22:15 UTC 2018
33 ms. Memory: 331264K Free: 300929K (91%)
ptolemy.util.test.WatchDog.cancel(): canceling Tue Oct 02 02:22:15 UTC 2018
------------------ testing $PTII/ptolemy/domains/de/test/auto/Modal2.xml
auto.tcl: Setting watchdog for 200 seconds at Tue Oct 02 02:22:15 UTC 2018
22 ms. Memory: 331264K Free: 309670K (93%)
ptolemy.util.test.WatchDog.cancel(): canceling Tue Oct 02 02:22:15 UTC 2018
auto.tcl: Setting watchdog for 200 seconds at Tue Oct 02 02:22:15 UTC 2018
16 ms. Memory: 331264K Free: 305725K (92%)
ptolemy.util.test.WatchDog.cancel(): canceling Tue Oct 02 02:22:15 UTC 2018
------------------ testing $PTII/ptolemy/domains/de/test/auto/Modal3.xml
auto.tcl: Setting watchdog for 200 seconds at Tue Oct 02 02:22:15 UTC 2018
18 ms. Memory: 331264K Free: 309946K (94%)
ptolemy.util.test.WatchDog.cancel(): canceling Tue Oct 02 02:22:15 UTC 2018
auto.tcl: Setting watchdog for 200 seconds at Tue Oct 02 02:22:15 UTC 2018
19 ms. Memory: 331264K Free: 305715K (92%)
ptolemy.util.test.WatchDog.cancel(): canceling Tue Oct 02 02:22:15 UTC 2018
------------------ testing $PTII/ptolemy/domains/de/test/auto/Modal4.xml
auto.tcl: Setting watchdog for 200 seconds at Tue Oct 02 02:22:15 UTC 2018
18 ms. Memory: 331264K Free: 309674K (93%)
ptolemy.util.test.WatchDog.cancel(): canceling Tue Oct 02 02:22:15 UTC 2018
auto.tcl: Setting watchdog for 200 seconds at Tue Oct 02 02:22:15 UTC 2018
15 ms. Memory: 331264K Free: 305729K (92%)
ptolemy.util.test.WatchDog.cancel(): canceling Tue Oct 02 02:22:15 UTC 2018
------------------ testing $PTII/ptolemy/domains/de/test/auto/Modal5.xml
auto.tcl: Setting watchdog for 200 seconds at Tue Oct 02 02:22:15 UTC 2018
19 ms. Memory: 331264K Free: 309661K (93%)
ptolemy.util.test.WatchDog.cancel(): canceling Tue Oct 02 02:22:15 UTC 2018
auto.tcl: Setting watchdog for 200 seconds at Tue Oct 02 02:22:15 UTC 2018
16 ms. Memory: 331264K Free: 305716K (92%)
ptolemy.util.test.WatchDog.cancel(): canceling Tue Oct 02 02:22:15 UTC 2018
------------------ testing $PTII/ptolemy/domains/de/test/auto/Modal6.xml
auto.tcl: Setting watchdog for 200 seconds at Tue Oct 02 02:22:15 UTC 2018
13 ms. Memory: 331264K Free: 309659K (93%)
ptolemy.util.test.WatchDog.cancel(): canceling Tue Oct 02 02:22:15 UTC 2018
auto.tcl: Setting watchdog for 200 seconds at Tue Oct 02 02:22:15 UTC 2018
16 ms. Memory: 331264K Free: 305714K (92%)
ptolemy.util.test.WatchDog.cancel(): canceling Tue Oct 02 02:22:15 UTC 2018
------------------ testing $PTII/ptolemy/domains/de/test/auto/Modal7.xml
auto.tcl: Setting watchdog for 200 seconds at Tue Oct 02 02:22:15 UTC 2018
19 ms. Memory: 331264K Free: 309659K (93%)
ptolemy.util.test.WatchDog.cancel(): canceling Tue Oct 02 02:22:15 UTC 2018
auto.tcl: Setting watchdog for 200 seconds at Tue Oct 02 02:22:15 UTC 2018
12 ms. Memory: 331264K Free: 305713K (92%)
ptolemy.util.test.WatchDog.cancel(): canceling Tue Oct 02 02:22:15 UTC 2018
------------------ testing $PTII/ptolemy/domains/de/test/auto/ModalModel.xml
auto.tcl: Setting watchdog for 200 seconds at Tue Oct 02 02:22:15 UTC 2018
235 ms. Memory: 331264K Free: 246182K (74%)
ptolemy.util.test.WatchDog.cancel(): canceling Tue Oct 02 02:22:16 UTC 2018
auto.tcl: Setting watchdog for 200 seconds at Tue Oct 02 02:22:16 UTC 2018
214 ms. Memory: 331264K Free: 190949K (58%)
ptolemy.util.test.WatchDog.cancel(): canceling Tue Oct 02 02:22:16 UTC 2018
------------------ testing $PTII/ptolemy/domains/de/test/auto/ModalSource.xml
auto.tcl: Setting watchdog for 200 seconds at Tue Oct 02 02:22:16 UTC 2018
10 ms. Memory: 331264K Free: 316442K (96%)
ptolemy.util.test.WatchDog.cancel(): canceling Tue Oct 02 02:22:16 UTC 2018
auto.tcl: Setting watchdog for 200 seconds at Tue Oct 02 02:22:16 UTC 2018
6 ms. Memory: 331264K Free: 312928K (94%)
ptolemy.util.test.WatchDog.cancel(): canceling Tue Oct 02 02:22:16 UTC 2018
------------------ testing $PTII/ptolemy/domains/de/test/auto/NonInterruptibleTimerZeroDelay.xml
auto.tcl: Setting watchdog for 200 seconds at Tue Oct 02 02:22:16 UTC 2018
5 ms. Memory: 331264K Free: 320793K (97%)
ptolemy.util.test.WatchDog.cancel(): canceling Tue Oct 02 02:22:16 UTC 2018
auto.tcl: Setting watchdog for 200 seconds at Tue Oct 02 02:22:16 UTC 2018
2 ms. Memory: 331264K Free: 317280K (96%)
ptolemy.util.test.WatchDog.cancel(): canceling Tue Oct 02 02:22:16 UTC 2018
------------------ testing $PTII/ptolemy/domains/de/test/auto/OpenQueueingNetwork.xml
auto.tcl: Setting watchdog for 200 seconds at Tue Oct 02 02:22:16 UTC 2018
3544 ms. Memory: 573952K Free: 406033K (71%)
ptolemy.util.test.WatchDog.cancel(): canceling Tue Oct 02 02:22:20 UTC 2018
auto.tcl: Setting watchdog for 200 seconds at Tue Oct 02 02:22:20 UTC 2018
2558 ms. Memory: 550912K Free: 319420K (58%)
ptolemy.util.test.WatchDog.cancel(): canceling Tue Oct 02 02:22:22 UTC 2018
------------------ testing $PTII/ptolemy/domains/de/test/auto/OpenQueuingNetwork.xml
auto.tcl: Setting watchdog for 200 seconds at Tue Oct 02 02:22:22 UTC 2018
250 ms. Memory: 549888K Free: 446010K (81%)
ptolemy.util.test.WatchDog.cancel(): canceling Tue Oct 02 02:22:23 UTC 2018
auto.tcl: Setting watchdog for 200 seconds at Tue Oct 02 02:22:23 UTC 2018
244 ms. Memory: 549888K Free: 387045K (70%)
ptolemy.util.test.WatchDog.cancel(): canceling Tue Oct 02 02:22:23 UTC 2018
------------------ testing $PTII/ptolemy/domains/de/test/auto/PeriodicSampler.xml
auto.tcl: Setting watchdog for 200 seconds at Tue Oct 02 02:22:23 UTC 2018
2 ms. Memory: 551936K Free: 532098K (96%)
ptolemy.util.test.WatchDog.cancel(): canceling Tue Oct 02 02:22:23 UTC 2018
auto.tcl: Setting watchdog for 200 seconds at Tue Oct 02 02:22:23 UTC 2018
2 ms. Memory: 551936K Free: 532098K (96%)
ptolemy.util.test.WatchDog.cancel(): canceling Tue Oct 02 02:22:23 UTC 2018
------------------ testing $PTII/ptolemy/domains/de/test/auto/PersistentIO.xml
auto.tcl: Setting watchdog for 200 seconds at Tue Oct 02 02:22:23 UTC 2018
10 ms. Memory: 549376K Free: 524761K (96%)
ptolemy.util.test.WatchDog.cancel(): canceling Tue Oct 02 02:22:23 UTC 2018
auto.tcl: Setting watchdog for 200 seconds at Tue Oct 02 02:22:23 UTC 2018
4 ms. Memory: 549376K Free: 524761K (96%)
ptolemy.util.test.WatchDog.cancel(): canceling Tue Oct 02 02:22:23 UTC 2018
------------------ testing $PTII/ptolemy/domains/de/test/auto/PortParameterResetOnInitialize.xml
auto.tcl: Setting watchdog for 200 seconds at Tue Oct 02 02:22:23 UTC 2018
2 ms. Memory: 551424K Free: 531817K (96%)
ptolemy.util.test.WatchDog.cancel(): canceling Tue Oct 02 02:22:23 UTC 2018
auto.tcl: Setting watchdog for 200 seconds at Tue Oct 02 02:22:23 UTC 2018
2 ms. Memory: 551424K Free: 531817K (96%)
ptolemy.util.test.WatchDog.cancel(): canceling Tue Oct 02 02:22:23 UTC 2018
------------------ testing $PTII/ptolemy/domains/de/test/auto/PortParameterUpdates.xml
auto.tcl: Setting watchdog for 200 seconds at Tue Oct 02 02:22:23 UTC 2018
4 ms. Memory: 549376K Free: 524772K (96%)
ptolemy.util.test.WatchDog.cancel(): canceling Tue Oct 02 02:22:23 UTC 2018
auto.tcl: Setting watchdog for 200 seconds at Tue Oct 02 02:22:23 UTC 2018
5 ms. Memory: 549376K Free: 524772K (96%)
ptolemy.util.test.WatchDog.cancel(): canceling Tue Oct 02 02:22:23 UTC 2018
------------------ testing $PTII/ptolemy/domains/de/test/auto/QueueAndServer.xml
auto.tcl: Setting watchdog for 200 seconds at Tue Oct 02 02:22:23 UTC 2018
18 ms. Memory: 551424K Free: 531232K (96%)
ptolemy.util.test.WatchDog.cancel(): canceling Tue Oct 02 02:22:23 UTC 2018
auto.tcl: Setting watchdog for 200 seconds at Tue Oct 02 02:22:23 UTC 2018
7 ms. Memory: 551424K Free: 531232K (96%)
ptolemy.util.test.WatchDog.cancel(): canceling Tue Oct 02 02:22:23 UTC 2018
------------------ testing $PTII/ptolemy/domains/de/test/auto/Records.xml
auto.tcl: Setting watchdog for 200 seconds at Tue Oct 02 02:22:23 UTC 2018
6 ms. Memory: 549376K Free: 534488K (97%)
ptolemy.util.test.WatchDog.cancel(): canceling Tue Oct 02 02:22:23 UTC 2018
auto.tcl: Setting watchdog for 200 seconds at Tue Oct 02 02:22:23 UTC 2018
4 ms. Memory: 549376K Free: 529128K (96%)
ptolemy.util.test.WatchDog.cancel(): canceling Tue Oct 02 02:22:23 UTC 2018
------------------ testing $PTII/ptolemy/domains/de/test/auto/ResetTransitionWithStartTime1.xml
auto.tcl: Setting watchdog for 200 seconds at Tue Oct 02 02:22:23 UTC 2018
12 ms. Memory: 551424K Free: 531414K (96%)
ptolemy.util.test.WatchDog.cancel(): canceling Tue Oct 02 02:22:24 UTC 2018
auto.tcl: Setting watchdog for 200 seconds at Tue Oct 02 02:22:24 UTC 2018
6 ms. Memory: 551424K Free: 531185K (96%)
ptolemy.util.test.WatchDog.cancel(): canceling Tue Oct 02 02:22:24 UTC 2018
------------------ testing $PTII/ptolemy/domains/de/test/auto/ResetTransitionWithStartTime2.xml
auto.tcl: Setting watchdog for 200 seconds at Tue Oct 02 02:22:24 UTC 2018
5 ms. Memory: 549376K Free: 529357K (96%)
ptolemy.util.test.WatchDog.cancel(): canceling Tue Oct 02 02:22:24 UTC 2018
auto.tcl: Setting watchdog for 200 seconds at Tue Oct 02 02:22:24 UTC 2018
6 ms. Memory: 549376K Free: 529357K (96%)
ptolemy.util.test.WatchDog.cancel(): canceling Tue Oct 02 02:22:24 UTC 2018
------------------ testing $PTII/ptolemy/domains/de/test/auto/ResetTransitionWithStartTime3.xml
auto.tcl: Setting watchdog for 200 seconds at Tue Oct 02 02:22:24 UTC 2018
6 ms. Memory: 550912K Free: 530662K (96%)
ptolemy.util.test.WatchDog.cancel(): canceling Tue Oct 02 02:22:24 UTC 2018
auto.tcl: Setting watchdog for 200 seconds at Tue Oct 02 02:22:24 UTC 2018
7 ms. Memory: 550912K Free: 530662K (96%)
ptolemy.util.test.WatchDog.cancel(): canceling Tue Oct 02 02:22:24 UTC 2018
------------------ testing $PTII/ptolemy/domains/de/test/auto/ResetTransitionWithStartTime4.xml
auto.tcl: Setting watchdog for 200 seconds at Tue Oct 02 02:22:24 UTC 2018
4 ms. Memory: 549376K Free: 529370K (96%)
ptolemy.util.test.WatchDog.cancel(): canceling Tue Oct 02 02:22:24 UTC 2018
auto.tcl: Setting watchdog for 200 seconds at Tue Oct 02 02:22:24 UTC 2018
4 ms. Memory: 549376K Free: 529370K (96%)
ptolemy.util.test.WatchDog.cancel(): canceling Tue Oct 02 02:22:24 UTC 2018
------------------ testing $PTII/ptolemy/domains/de/test/auto/ResettableTimer1.xml
auto.tcl: Setting watchdog for 200 seconds at Tue Oct 02 02:22:24 UTC 2018
4 ms. Memory: 550912K Free: 531352K (96%)
ptolemy.util.test.WatchDog.cancel(): canceling Tue Oct 02 02:22:24 UTC 2018
auto.tcl: Setting watchdog for 200 seconds at Tue Oct 02 02:22:24 UTC 2018
2 ms. Memory: 550912K Free: 531352K (96%)
ptolemy.util.test.WatchDog.cancel(): canceling Tue Oct 02 02:22:24 UTC 2018
------------------ testing $PTII/ptolemy/domains/de/test/auto/ResettableTimer2.xml
auto.tcl: Setting watchdog for 200 seconds at Tue Oct 02 02:22:24 UTC 2018
4 ms. Memory: 549376K Free: 534783K (97%)
ptolemy.util.test.WatchDog.cancel(): canceling Tue Oct 02 02:22:24 UTC 2018
auto.tcl: Setting watchdog for 200 seconds at Tue Oct 02 02:22:24 UTC 2018
3 ms. Memory: 549376K Free: 534783K (97%)
ptolemy.util.test.WatchDog.cancel(): canceling Tue Oct 02 02:22:24 UTC 2018
------------------ testing $PTII/ptolemy/domains/de/test/auto/ResettableTimer3.xml
auto.tcl: Setting watchdog for 200 seconds at Tue Oct 02 02:22:24 UTC 2018
1 ms. Memory: 550912K Free: 531410K (96%)
ptolemy.util.test.WatchDog.cancel(): canceling Tue Oct 02 02:22:24 UTC 2018
auto.tcl: Setting watchdog for 200 seconds at Tue Oct 02 02:22:24 UTC 2018
1 ms. Memory: 550912K Free: 531410K (96%)
ptolemy.util.test.WatchDog.cancel(): canceling Tue Oct 02 02:22:24 UTC 2018
------------------ testing $PTII/ptolemy/domains/de/test/auto/ResettableTimer4.xml
auto.tcl: Setting watchdog for 200 seconds at Tue Oct 02 02:22:24 UTC 2018
1 ms. Memory: 549376K Free: 534796K (97%)
ptolemy.util.test.WatchDog.cancel(): canceling Tue Oct 02 02:22:24 UTC 2018
auto.tcl: Setting watchdog for 200 seconds at Tue Oct 02 02:22:24 UTC 2018
1 ms. Memory: 549376K Free: 534796K (97%)
ptolemy.util.test.WatchDog.cancel(): canceling Tue Oct 02 02:22:24 UTC 2018
------------------ testing $PTII/ptolemy/domains/de/test/auto/ResettableTimer5.xml
auto.tcl: Setting watchdog for 200 seconds at Tue Oct 02 02:22:24 UTC 2018
1 ms. Memory: 550400K Free: 530909K (96%)
ptolemy.util.test.WatchDog.cancel(): canceling Tue Oct 02 02:22:24 UTC 2018
auto.tcl: Setting watchdog for 200 seconds at Tue Oct 02 02:22:24 UTC 2018
1 ms. Memory: 550400K Free: 530909K (96%)
ptolemy.util.test.WatchDog.cancel(): canceling Tue Oct 02 02:22:24 UTC 2018
------------------ testing $PTII/ptolemy/domains/de/test/auto/ResettableTimer6.xml
auto.tcl: Setting watchdog for 200 seconds at Tue Oct 02 02:22:24 UTC 2018
2 ms. Memory: 549376K Free: 534514K (97%)
ptolemy.util.test.WatchDog.cancel(): canceling Tue Oct 02 02:22:24 UTC 2018
auto.tcl: Setting watchdog for 200 seconds at Tue Oct 02 02:22:24 UTC 2018
2 ms. Memory: 549376K Free: 534514K (97%)
ptolemy.util.test.WatchDog.cancel(): canceling Tue Oct 02 02:22:24 UTC 2018
------------------ testing $PTII/ptolemy/domains/de/test/auto/ServerZeroDelay.xml
auto.tcl: Setting watchdog for 200 seconds at Tue Oct 02 02:22:24 UTC 2018
2 ms. Memory: 550400K Free: 535758K (97%)
ptolemy.util.test.WatchDog.cancel(): canceling Tue Oct 02 02:22:24 UTC 2018
auto.tcl: Setting watchdog for 200 seconds at Tue Oct 02 02:22:24 UTC 2018
3 ms. Memory: 550400K Free: 535758K (97%)
ptolemy.util.test.WatchDog.cancel(): canceling Tue Oct 02 02:22:24 UTC 2018
------------------ testing $PTII/ptolemy/domains/de/test/auto/SmartSender.xml
auto.tcl: Setting watchdog for 200 seconds at Tue Oct 02 02:22:24 UTC 2018
3001 ms. Memory: 549376K Free: 530050K (96%)
ptolemy.util.test.WatchDog.cancel(): canceling Tue Oct 02 02:22:27 UTC 2018
auto.tcl: Setting watchdog for 200 seconds at Tue Oct 02 02:22:27 UTC 2018
3001 ms. Memory: 549376K Free: 530050K (96%)
ptolemy.util.test.WatchDog.cancel(): canceling Tue Oct 02 02:22:30 UTC 2018
------------------ testing $PTII/ptolemy/domains/de/test/auto/ThreadedComposite.xml
auto.tcl: Setting watchdog for 200 seconds at Tue Oct 02 02:22:30 UTC 2018
383 ms. Memory: 550400K Free: 501402K (91%)
ptolemy.util.test.WatchDog.cancel(): canceling Tue Oct 02 02:22:31 UTC 2018
auto.tcl: Setting watchdog for 200 seconds at Tue Oct 02 02:22:31 UTC 2018
247 ms. Memory: 550400K Free: 477323K (87%)
ptolemy.util.test.WatchDog.cancel(): canceling Tue Oct 02 02:22:31 UTC 2018
------------------ testing $PTII/ptolemy/domains/de/test/auto/Time.xml
auto.tcl: Setting watchdog for 200 seconds at Tue Oct 02 02:22:31 UTC 2018
651 ms. Memory: 549376K Free: 482748K (88%)
ptolemy.util.test.WatchDog.cancel(): canceling Tue Oct 02 02:22:32 UTC 2018
auto.tcl: Setting watchdog for 200 seconds at Tue Oct 02 02:22:32 UTC 2018
552 ms. Memory: 549376K Free: 429144K (78%)
ptolemy.util.test.WatchDog.cancel(): canceling Tue Oct 02 02:22:32 UTC 2018
------------------ testing $PTII/ptolemy/domains/de/test/auto/TimeDelayZeroDelay.xml
auto.tcl: Setting watchdog for 200 seconds at Tue Oct 02 02:22:32 UTC 2018
2 ms. Memory: 550400K Free: 535446K (97%)
ptolemy.util.test.WatchDog.cancel(): canceling Tue Oct 02 02:22:32 UTC 2018
auto.tcl: Setting watchdog for 200 seconds at Tue Oct 02 02:22:32 UTC 2018
2 ms. Memory: 550400K Free: 535446K (97%)
ptolemy.util.test.WatchDog.cancel(): canceling Tue Oct 02 02:22:32 UTC 2018
------------------ testing $PTII/ptolemy/domains/de/test/auto/TimerZeroDelay.xml
auto.tcl: Setting watchdog for 200 seconds at Tue Oct 02 02:22:32 UTC 2018
5 ms. Memory: 549376K Free: 534695K (97%)
ptolemy.util.test.WatchDog.cancel(): canceling Tue Oct 02 02:22:32 UTC 2018
auto.tcl: Setting watchdog for 200 seconds at Tue Oct 02 02:22:32 UTC 2018
2 ms. Memory: 549376K Free: 534695K (97%)
ptolemy.util.test.WatchDog.cancel(): canceling Tue Oct 02 02:22:32 UTC 2018
------------------ testing $PTII/ptolemy/domains/de/test/auto/TimingParadox.xml
auto.tcl: Setting watchdog for 200 seconds at Tue Oct 02 02:22:32 UTC 2018
375 ms. Memory: 549888K Free: 470017K (85%)
ptolemy.util.test.WatchDog.cancel(): canceling Tue Oct 02 02:22:33 UTC 2018
auto.tcl: Setting watchdog for 200 seconds at Tue Oct 02 02:22:33 UTC 2018
366 ms. Memory: 549888K Free: 432494K (79%)
ptolemy.util.test.WatchDog.cancel(): canceling Tue Oct 02 02:22:33 UTC 2018
------------------ testing $PTII/ptolemy/domains/de/test/auto/TransferInputs.xml
auto.tcl: Setting watchdog for 200 seconds at Tue Oct 02 02:22:33 UTC 2018
2 ms. Memory: 549888K Free: 534112K (97%)
ptolemy.util.test.WatchDog.cancel(): canceling Tue Oct 02 02:22:33 UTC 2018
auto.tcl: Setting watchdog for 200 seconds at Tue Oct 02 02:22:33 UTC 2018
2 ms. Memory: 549888K Free: 534112K (97%)
ptolemy.util.test.WatchDog.cancel(): canceling Tue Oct 02 02:22:33 UTC 2018
------------------ testing $PTII/ptolemy/domains/de/test/auto/TransferOutputs2.xml
auto.tcl: Setting watchdog for 200 seconds at Tue Oct 02 02:22:33 UTC 2018
4 ms. Memory: 549376K Free: 524654K (95%)
ptolemy.util.test.WatchDog.cancel(): canceling Tue Oct 02 02:22:33 UTC 2018
auto.tcl: Setting watchdog for 200 seconds at Tue Oct 02 02:22:33 UTC 2018
6 ms. Memory: 549376K Free: 524654K (95%)
ptolemy.util.test.WatchDog.cancel(): canceling Tue Oct 02 02:22:34 UTC 2018
------------------ testing $PTII/ptolemy/domains/de/test/auto/Trilateration.xml
auto.tcl: Setting watchdog for 200 seconds at Tue Oct 02 02:22:34 UTC 2018
15250 ms. Memory: 766976K Free: 227330K (30%)
ptolemy.util.test.WatchDog.cancel(): canceling Tue Oct 02 02:22:50 UTC 2018
auto.tcl: Setting watchdog for 200 seconds at Tue Oct 02 02:22:50 UTC 2018
10967 ms. Memory: 646144K Free: 90195K (14%)
ptolemy.util.test.WatchDog.cancel(): canceling Tue Oct 02 02:23:01 UTC 2018
------------------ testing $PTII/ptolemy/domains/de/test/auto/TwoSigmaDelta.xml
auto.tcl: Setting watchdog for 200 seconds at Tue Oct 02 02:23:01 UTC 2018
3082 ms. Memory: 649728K Free: 342470K (53%)
ptolemy.util.test.WatchDog.cancel(): canceling Tue Oct 02 02:23:04 UTC 2018
auto.tcl: Setting watchdog for 200 seconds at Tue Oct 02 02:23:04 UTC 2018
2151 ms. Memory: 649728K Free: 117095K (18%)
ptolemy.util.test.WatchDog.cancel(): canceling Tue Oct 02 02:23:07 UTC 2018
------------------ testing $PTII/ptolemy/domains/de/test/auto/VariableDelay.xml
auto.tcl: Setting watchdog for 200 seconds at Tue Oct 02 02:23:07 UTC 2018
7 ms. Memory: 646656K Free: 627254K (97%)
ptolemy.util.test.WatchDog.cancel(): canceling Tue Oct 02 02:23:07 UTC 2018
auto.tcl: Setting watchdog for 200 seconds at Tue Oct 02 02:23:07 UTC 2018
2 ms. Memory: 646656K Free: 627254K (97%)
ptolemy.util.test.WatchDog.cancel(): canceling Tue Oct 02 02:23:07 UTC 2018
------------------ testing $PTII/ptolemy/domains/de/test/auto/VariableDelay2.xml
auto.tcl: Setting watchdog for 200 seconds at Tue Oct 02 02:23:07 UTC 2018
8 ms. Memory: 646144K Free: 627188K (97%)
ptolemy.util.test.WatchDog.cancel(): canceling Tue Oct 02 02:23:07 UTC 2018
auto.tcl: Setting watchdog for 200 seconds at Tue Oct 02 02:23:07 UTC 2018
2 ms. Memory: 646144K Free: 627188K (97%)
ptolemy.util.test.WatchDog.cancel(): canceling Tue Oct 02 02:23:07 UTC 2018
------------------ testing $PTII/ptolemy/domains/de/test/auto/VariableDelayZeroDelay.xml
auto.tcl: Setting watchdog for 200 seconds at Tue Oct 02 02:23:07 UTC 2018
2 ms. Memory: 646144K Free: 621539K (96%)
ptolemy.util.test.WatchDog.cancel(): canceling Tue Oct 02 02:23:07 UTC 2018
auto.tcl: Setting watchdog for 200 seconds at Tue Oct 02 02:23:07 UTC 2018
1 ms. Memory: 646144K Free: 621539K (96%)
ptolemy.util.test.WatchDog.cancel(): canceling Tue Oct 02 02:23:07 UTC 2018
------------------ testing $PTII/ptolemy/domains/de/test/auto/VariableDelayZeroDelay2.xml
auto.tcl: Setting watchdog for 200 seconds at Tue Oct 02 02:23:07 UTC 2018
2 ms. Memory: 649216K Free: 624610K (96%)
ptolemy.util.test.WatchDog.cancel(): canceling Tue Oct 02 02:23:07 UTC 2018
auto.tcl: Setting watchdog for 200 seconds at Tue Oct 02 02:23:07 UTC 2018
1 ms. Memory: 649216K Free: 624610K (96%)
ptolemy.util.test.WatchDog.cancel(): canceling Tue Oct 02 02:23:07 UTC 2018
------------------ testing $PTII/ptolemy/domains/de/test/auto/deInCt.xml
auto.tcl: Setting watchdog for 200 seconds at Tue Oct 02 02:23:07 UTC 2018
0
1
1
0
0
0
1
1
1
1
1
0
0
0
1
1
1
1
0
0
1
1
1
0
0
0
1
1
1
0
0
0
1
1
1
0
0
0
0
0
10 ms. Memory: 646144K Free: 621503K (96%)
ptolemy.util.test.WatchDog.cancel(): canceling Tue Oct 02 02:23:07 UTC 2018
auto.tcl: Setting watchdog for 200 seconds at Tue Oct 02 02:23:07 UTC 2018
0
1
1
1
0
0
0
0
0
1
1
1
0
0
0
1
1
0
0
0
1
1
1
1
1
1
0
0
0
0
0
6 ms. Memory: 646144K Free: 621503K (96%)
ptolemy.util.test.WatchDog.cancel(): canceling Tue Oct 02 02:23:07 UTC 2018
------------------ testing $PTII/ptolemy/domains/de/test/auto/deInCt2.xml
auto.tcl: Setting watchdog for 200 seconds at Tue Oct 02 02:23:07 UTC 2018
0
1
1
1
0
0
1
1
1
0
0
1
1
1
0
0
1
1
1
0
0
1
1
1
0
0
1
1
1
0
0
1
1
1
0
0
1
1
1
0
0
0
6 ms. Memory: 648704K Free: 624063K (96%)
ptolemy.util.test.WatchDog.cancel(): canceling Tue Oct 02 02:23:07 UTC 2018
auto.tcl: Setting watchdog for 200 seconds at Tue Oct 02 02:23:07 UTC 2018
0
1
1
1
0
0
1
1
1
0
0
1
1
1
0
0
1
1
1
0
0
1
1
1
0
0
1
1
1
0
0
1
1
1
0
0
1
1
1
0
0
0
9 ms. Memory: 648704K Free: 624063K (96%)
ptolemy.util.test.WatchDog.cancel(): canceling Tue Oct 02 02:23:07 UTC 2018
------------------ testing $PTII/ptolemy/domains/de/test/auto/dynamicCausalityInterface1.xml
auto.tcl: Setting watchdog for 200 seconds at Tue Oct 02 02:23:07 UTC 2018
3 ms. Memory: 646144K Free: 618635K (96%)
ptolemy.util.test.WatchDog.cancel(): canceling Tue Oct 02 02:23:07 UTC 2018
auto.tcl: Setting watchdog for 200 seconds at Tue Oct 02 02:23:07 UTC 2018
1 ms. Memory: 646144K Free: 618635K (96%)
ptolemy.util.test.WatchDog.cancel(): canceling Tue Oct 02 02:23:07 UTC 2018
------------------ testing $PTII/ptolemy/domains/de/test/auto/fsm_de_test.xml
auto.tcl: Setting watchdog for 200 seconds at Tue Oct 02 02:23:07 UTC 2018
18 ms. Memory: 648192K Free: 623473K (96%)
ptolemy.util.test.WatchDog.cancel(): canceling Tue Oct 02 02:23:07 UTC 2018
auto.tcl: Setting watchdog for 200 seconds at Tue Oct 02 02:23:07 UTC 2018
5 ms. Memory: 648192K Free: 614923K (95%)
ptolemy.util.test.WatchDog.cancel(): canceling Tue Oct 02 02:23:07 UTC 2018
------------------ testing $PTII/ptolemy/domains/de/test/auto/functionDependencyReconstruction.xml
auto.tcl: Setting watchdog for 200 seconds at Tue Oct 02 02:23:07 UTC 2018
5 ms. Memory: 646144K Free: 612873K (95%)
ptolemy.util.test.WatchDog.cancel(): canceling Tue Oct 02 02:23:07 UTC 2018
auto.tcl: Setting watchdog for 200 seconds at Tue Oct 02 02:23:07 UTC 2018
3 ms. Memory: 646144K Free: 604323K (94%)
ptolemy.util.test.WatchDog.cancel(): canceling Tue Oct 02 02:23:07 UTC 2018
------------------ testing $PTII/ptolemy/domains/de/test/auto/multirate.xml
auto.tcl: Setting watchdog for 200 seconds at Tue Oct 02 02:23:07 UTC 2018
4 ms. Memory: 648192K Free: 623340K (96%)
ptolemy.util.test.WatchDog.cancel(): canceling Tue Oct 02 02:23:07 UTC 2018
auto.tcl: Setting watchdog for 200 seconds at Tue Oct 02 02:23:07 UTC 2018
3 ms. Memory: 648192K Free: 623340K (96%)
ptolemy.util.test.WatchDog.cancel(): canceling Tue Oct 02 02:23:07 UTC 2018
------------------ testing $PTII/ptolemy/domains/de/test/auto/multirate2.xml
auto.tcl: Setting watchdog for 200 seconds at Tue Oct 02 02:23:08 UTC 2018
2 ms. Memory: 646144K Free: 621481K (96%)
ptolemy.util.test.WatchDog.cancel(): canceling Tue Oct 02 02:23:08 UTC 2018
auto.tcl: Setting watchdog for 200 seconds at Tue Oct 02 02:23:08 UTC 2018
3 ms. Memory: 646144K Free: 621481K (96%)
ptolemy.util.test.WatchDog.cancel(): canceling Tue Oct 02 02:23:08 UTC 2018
------------------ testing $PTII/ptolemy/domains/de/test/auto/realtime.xml
auto.tcl: Setting watchdog for 200 seconds at Tue Oct 02 02:23:08 UTC 2018
10001 ms. Memory: 647680K Free: 622983K (96%)
ptolemy.util.test.WatchDog.cancel(): canceling Tue Oct 02 02:23:18 UTC 2018
auto.tcl: Setting watchdog for 200 seconds at Tue Oct 02 02:23:18 UTC 2018
10001 ms. Memory: 647680K Free: 622983K (96%)
ptolemy.util.test.WatchDog.cancel(): canceling Tue Oct 02 02:23:28 UTC 2018
------------------ testing $PTII/ptolemy/domains/de/test/auto/relationGroup.xml
auto.tcl: Setting watchdog for 200 seconds at Tue Oct 02 02:23:28 UTC 2018
4 ms. Memory: 646144K Free: 621505K (96%)
ptolemy.util.test.WatchDog.cancel(): canceling Tue Oct 02 02:23:28 UTC 2018
auto.tcl: Setting watchdog for 200 seconds at Tue Oct 02 02:23:28 UTC 2018
1 ms. Memory: 646144K Free: 621505K (96%)
ptolemy.util.test.WatchDog.cancel(): canceling Tue Oct 02 02:23:28 UTC 2018
------------------ testing $PTII/ptolemy/domains/de/test/auto/relationGroup2.xml
auto.tcl: Setting watchdog for 200 seconds at Tue Oct 02 02:23:28 UTC 2018
2 ms. Memory: 647680K Free: 623068K (96%)
ptolemy.util.test.WatchDog.cancel(): canceling Tue Oct 02 02:23:28 UTC 2018
auto.tcl: Setting watchdog for 200 seconds at Tue Oct 02 02:23:28 UTC 2018
1 ms. Memory: 647680K Free: 623068K (96%)
ptolemy.util.test.WatchDog.cancel(): canceling Tue Oct 02 02:23:28 UTC 2018
------------------ testing $PTII/ptolemy/domains/de/test/auto/sortWithOpaquePorts.xml
auto.tcl: Setting watchdog for 200 seconds at Tue Oct 02 02:23:28 UTC 2018
2 ms. Memory: 646144K Free: 621533K (96%)
ptolemy.util.test.WatchDog.cancel(): canceling Tue Oct 02 02:23:28 UTC 2018
auto.tcl: Setting watchdog for 200 seconds at Tue Oct 02 02:23:28 UTC 2018
2 ms. Memory: 646144K Free: 621533K (96%)
ptolemy.util.test.WatchDog.cancel(): canceling Tue Oct 02 02:23:28 UTC 2018
------------------ testing $PTII/ptolemy/domains/de/test/auto/transferInputsandOutputs.xml
auto.tcl: Setting watchdog for 200 seconds at Tue Oct 02 02:23:28 UTC 2018
2 ms. Memory: 647168K Free: 622544K (96%)
ptolemy.util.test.WatchDog.cancel(): canceling Tue Oct 02 02:23:28 UTC 2018
auto.tcl: Setting watchdog for 200 seconds at Tue Oct 02 02:23:28 UTC 2018
5 ms. Memory: 647168K Free: 622544K (96%)
ptolemy.util.test.WatchDog.cancel(): canceling Tue Oct 02 02:23:28 UTC 2018
------------------ testing $PTII/ptolemy/domains/de/test/auto/triggerType.xml
auto.tcl: Setting watchdog for 200 seconds at Tue Oct 02 02:23:28 UTC 2018
1 ms. Memory: 646144K Free: 621471K (96%)
ptolemy.util.test.WatchDog.cancel(): canceling Tue Oct 02 02:23:28 UTC 2018
auto.tcl: Setting watchdog for 200 seconds at Tue Oct 02 02:23:28 UTC 2018
1 ms. Memory: 646144K Free: 621471K (96%)
ptolemy.util.test.WatchDog.cancel(): canceling Tue Oct 02 02:23:28 UTC 2018
10/02/18 02:23:28
Failed: 0  Total Tests: 192  ((Passed: 187, Newly Passed: 1)  Known Failed: 5) /home/travis/build/icyphy/ptII/ptolemy/domains/de/test
10/02/18 02:23:28
Failed: 0  Total Tests: 192  ((Passed: 187, Newly Passed: 1)  Known Failed: 5) /home/travis/build/icyphy/ptII/ptolemy/domains/de/test
----------------- testing (KnownFailure) /home/travis/build/icyphy/ptII/ptolemy/domains/de/test/auto/knownFailedTests/DESDFClockTest.xml
2015 ms. Memory: 647168K Free: 611253K (94%)
Known Failure: java.lang.reflect.InvocationTargetException
----------------- testing (KnownFailure) /home/travis/build/icyphy/ptII/ptolemy/domains/de/test/auto/knownFailedTests/DirectFeedback.xml
1 ms. Memory: 647168K Free: 566074K (87%)
Known Failure: java.lang.reflect.InvocationTargetException
----------------- testing (KnownFailure) /home/travis/build/icyphy/ptII/ptolemy/domains/de/test/auto/knownFailedTests/FSMSource.xml
5 ms. Memory: 647168K Free: 520895K (80%)
----------------- testing (KnownFailure) /home/travis/build/icyphy/ptII/ptolemy/domains/de/test/auto/knownFailedTests/HierarchicalModel.xml
1 ms. Memory: 647168K Free: 486995K (75%)
Known Failure: java.lang.reflect.InvocationTargetException
----------------- testing (KnownFailure) /home/travis/build/icyphy/ptII/ptolemy/domains/de/test/auto/knownFailedTests/dependencyLoop.xml
1 ms. Memory: 647168K Free: 430473K (67%)
Known Failure: java.lang.reflect.InvocationTargetException
----------------- testing (KnownFailure) /home/travis/build/icyphy/ptII/ptolemy/domains/de/test/auto/knownFailedTests/dependencyLoop2.xml
2 ms. Memory: 647168K Free: 373991K (58%)
Known Failure: java.lang.reflect.InvocationTargetException
No auto/linux-amd64/*.xml tests in /home/travis/build/icyphy/ptII/ptolemy/domains/de/test
AutoTests.java: About to close Vertx.
AutoTests.java: Vertx closed.

===========================================================================================
----------------- testing Tue Oct 02 02:23:30 UTC 2018 /home/travis/build/icyphy/ptII/ptolemy/domains/de/test/auto/ActorDepthCalculation_actorWithoutPorts.xml
----------------- Instantiating /home/travis/build/icyphy/ptII/ptolemy/domains/de/test/auto/ActorDepthCalculation_actorWithoutPorts.xml
1 ms. Memory: 647168K Free: 317517K (49%)
----------------- Invoking toplevel() on ptolemy.moml.MoMLSimpleApplication@6dc69042
----------------- Done invoking toplevel() on ptolemy.moml.MoMLSimpleApplication@6dc69042
reloadAllAccessors: .ActorDepthCalculation_actorWithoutPorts

===========================================================================================
----------------- testing Tue Oct 02 02:23:30 UTC 2018 /home/travis/build/icyphy/ptII/ptolemy/domains/de/test/auto/AssemblyLine.xml
----------------- Instantiating /home/travis/build/icyphy/ptII/ptolemy/domains/de/test/auto/AssemblyLine.xml
2 ms. Memory: 647168K Free: 294928K (46%)
----------------- Invoking toplevel() on ptolemy.moml.MoMLSimpleApplication@521d24cf
----------------- Done invoking toplevel() on ptolemy.moml.MoMLSimpleApplication@521d24cf
reloadAllAccessors: .AssemblyLine

===========================================================================================
----------------- testing Tue Oct 02 02:23:30 UTC 2018 /home/travis/build/icyphy/ptII/ptolemy/domains/de/test/auto/CQBug1.xml
----------------- Instantiating /home/travis/build/icyphy/ptII/ptolemy/domains/de/test/auto/CQBug1.xml
2 ms. Memory: 647168K Free: 272338K (42%)
----------------- Invoking toplevel() on ptolemy.moml.MoMLSimpleApplication@4d61c063
----------------- Done invoking toplevel() on ptolemy.moml.MoMLSimpleApplication@4d61c063
reloadAllAccessors: .CQBug1

===========================================================================================
----------------- testing Tue Oct 02 02:23:30 UTC 2018 /home/travis/build/icyphy/ptII/ptolemy/domains/de/test/auto/CancelFireAt.xml
----------------- Instantiating /home/travis/build/icyphy/ptII/ptolemy/domains/de/test/auto/CancelFireAt.xml
1 ms. Memory: 647168K Free: 249749K (39%)
----------------- Invoking toplevel() on ptolemy.moml.MoMLSimpleApplication@6eada20
----------------- Done invoking toplevel() on ptolemy.moml.MoMLSimpleApplication@6eada20
reloadAllAccessors: .CancelFireAt

===========================================================================================
----------------- testing Tue Oct 02 02:23:30 UTC 2018 /home/travis/build/icyphy/ptII/ptolemy/domains/de/test/auto/CausalityAndComposabilityAnalysis.xml
----------------- Instantiating /home/travis/build/icyphy/ptII/ptolemy/domains/de/test/auto/CausalityAndComposabilityAnalysis.xml
1 ms. Memory: 647168K Free: 227159K (35%)
----------------- Invoking toplevel() on ptolemy.moml.MoMLSimpleApplication@6f0db993
----------------- Done invoking toplevel() on ptolemy.moml.MoMLSimpleApplication@6f0db993
reloadAllAccessors: .CausalityAndComposabilityAnalysis

===========================================================================================
----------------- testing Tue Oct 02 02:23:30 UTC 2018 /home/travis/build/icyphy/ptII/ptolemy/domains/de/test/auto/CausalityInterface1.xml
----------------- Instantiating /home/travis/build/icyphy/ptII/ptolemy/domains/de/test/auto/CausalityInterface1.xml
3 ms. Memory: 647168K Free: 204570K (32%)
----------------- Invoking toplevel() on ptolemy.moml.MoMLSimpleApplication@274ebfe
----------------- Done invoking toplevel() on ptolemy.moml.MoMLSimpleApplication@274ebfe
reloadAllAccessors: .CausalityInterface1

===========================================================================================
----------------- testing Tue Oct 02 02:23:30 UTC 2018 /home/travis/build/icyphy/ptII/ptolemy/domains/de/test/auto/CausalityInterface15.xml
----------------- Instantiating /home/travis/build/icyphy/ptII/ptolemy/domains/de/test/auto/CausalityInterface15.xml
1 ms. Memory: 647168K Free: 181980K (28%)
----------------- Invoking toplevel() on ptolemy.moml.MoMLSimpleApplication@3f3089b9
----------------- Done invoking toplevel() on ptolemy.moml.MoMLSimpleApplication@3f3089b9
reloadAllAccessors: .CausalityInterface15

[...]
java.lang.RuntimeException: Execution failed
	at ptolemy.moml.MoMLSimpleApplication$UnloadThread.run(MoMLSimpleApplication.java:402)
Caused by: ptolemy.kernel.util.IllegalActionException: Test fails in iteration 1.
Value was: 1.0. Should have been: 2.0
  in .DirectFeedback.Test
	at ptolemy.actor.lib.Test.fire(Test.java:268)
	at ptolemy.domains.de.kernel.DEDirector._fire(DEDirector.java:1949)
	at ptolemy.domains.de.kernel.DEDirector.fire(DEDirector.java:502)
	at ptolemy.actor.CompositeActor.fire(CompositeActor.java:455)
	at ptolemy.actor.Manager.iterate(Manager.java:851)
	at ptolemy.actor.Manager.execute(Manager.java:369)
	at ptolemy.actor.Manager.run(Manager.java:1263)
	at ptolemy.actor.Manager$PtolemyRunThread.run(Manager.java:1915)
java.lang.RuntimeException: Execution failed
	at ptolemy.moml.MoMLSimpleApplication$UnloadThread.run(MoMLSimpleApplication.java:402)
Caused by: ptolemy.kernel.util.IllegalActionException: Actor is not ready to fire.  Perhaps UpSample.prefire() returned false? Try debugging the actor by selecting "Listen to Actor".  Also, for SDF check moml for tokenConsumptionRate on input.
  in .DESDFClockTest.Play Bell.Copy1:SDF Director and .DESDFClockTest.Play Bell.UpSample
	at ptolemy.actor.sched.StaticSchedulingDirector.fire(StaticSchedulingDirector.java:227)
	at ptolemy.domains.sdf.kernel.SDFDirector.fire(SDFDirector.java:500)
	at ptolemy.actor.CompositeActor.fire(CompositeActor.java:455)
	at ptolemy.domains.de.kernel.DEDirector._fire(DEDirector.java:1949)
	at ptolemy.domains.de.kernel.DEDirector.fire(DEDirector.java:502)
	at ptolemy.actor.CompositeActor.fire(CompositeActor.java:455)
	at ptolemy.actor.Manager.iterate(Manager.java:851)
	at ptolemy.actor.Manager.execute(Manager.java:369)
	at ptolemy.actor.Manager.run(Manager.java:1263)
	at ptolemy.actor.Manager$PtolemyRunThread.run(Manager.java:1915)
java.lang.reflect.InvocationTargetException
	at sun.reflect.NativeConstructorAccessorImpl.newInstance0(Native Method)
	at sun.reflect.NativeConstructorAccessorImpl.newInstance(NativeConstructorAccessorImpl.java:62)
	at sun.reflect.DelegatingConstructorAccessorImpl.newInstance(DelegatingConstructorAccessorImpl.java:45)
	at java.lang.reflect.Constructor.newInstance(Constructor.java:423)
	at ptolemy.util.test.junit.AutoKnownFailedTests.RunModel(AutoKnownFailedTests.java:107)
	at sun.reflect.NativeMethodAccessorImpl.invoke0(Native Method)
	at sun.reflect.NativeMethodAccessorImpl.invoke(NativeMethodAccessorImpl.java:62)
	at sun.reflect.DelegatingMethodAccessorImpl.invoke(DelegatingMethodAccessorImpl.java:43)
	at java.lang.reflect.Method.invoke(Method.java:498)
	at org.junit.runners.model.FrameworkMethod$1.runReflectiveCall(FrameworkMethod.java:44)
	at org.junit.internal.runners.model.ReflectiveCallable.run(ReflectiveCallable.java:15)
	at org.junit.runners.model.FrameworkMethod.invokeExplosively(FrameworkMethod.java:41)
	at junitparams.internal.InvokeParameterisedMethod.evaluate(InvokeParameterisedMethod.java:102)
	at org.junit.internal.runners.statements.FailOnTimeout$1.run(FailOnTimeout.java:28)
Caused by: ptolemy.kernel.util.IllegalActionException: Actor is not ready to fire.  Perhaps UpSample.prefire() returned false? Try debugging the actor by selecting "Listen to Actor".  Also, for SDF check moml for tokenConsumptionRate on input.
  in .DESDFClockTest.Play Bell.Copy1:SDF Director and .DESDFClockTest.Play Bell.UpSample
	at ptolemy.actor.sched.StaticSchedulingDirector.fire(StaticSchedulingDirector.java:227)
	at ptolemy.domains.sdf.kernel.SDFDirector.fire(SDFDirector.java:500)
	at ptolemy.actor.CompositeActor.fire(CompositeActor.java:455)
	at ptolemy.domains.de.kernel.DEDirector._fire(DEDirector.java:1949)
	at ptolemy.domains.de.kernel.DEDirector.fire(DEDirector.java:502)
	at ptolemy.actor.CompositeActor.fire(CompositeActor.java:455)
	at ptolemy.actor.Manager.iterate(Manager.java:851)
	at ptolemy.actor.Manager.execute(Manager.java:369)
	at ptolemy.actor.Manager.run(Manager.java:1263)
	at ptolemy.actor.Manager$PtolemyRunThread.run(Manager.java:1915)
java.lang.RuntimeException: Execution failed
	at ptolemy.moml.MoMLSimpleApplication$UnloadThread.run(MoMLSimpleApplication.java:402)
Caused by: ptolemy.kernel.util.IllegalActionException: Test fails in iteration 1.
Value was: 1.0. Should have been: 2.0
  in .DirectFeedback.Test
	at ptolemy.actor.lib.Test.fire(Test.java:268)
	at ptolemy.domains.de.kernel.DEDirector._fire(DEDirector.java:1949)
	at ptolemy.domains.de.kernel.DEDirector.fire(DEDirector.java:502)
	at ptolemy.actor.CompositeActor.fire(CompositeActor.java:455)
	at ptolemy.actor.Manager.iterate(Manager.java:851)
	at ptolemy.actor.Manager.execute(Manager.java:369)
	at ptolemy.actor.Manager.run(Manager.java:1263)
	at ptolemy.actor.Manager$PtolemyRunThread.run(Manager.java:1915)
java.lang.reflect.InvocationTargetException
	at sun.reflect.NativeConstructorAccessorImpl.newInstance0(Native Method)
	at sun.reflect.NativeConstructorAccessorImpl.newInstance(NativeConstructorAccessorImpl.java:62)
	at sun.reflect.DelegatingConstructorAccessorImpl.newInstance(DelegatingConstructorAccessorImpl.java:45)
	at java.lang.reflect.Constructor.newInstance(Constructor.java:423)
	at ptolemy.util.test.junit.AutoKnownFailedTests.RunModel(AutoKnownFailedTests.java:107)
	at sun.reflect.NativeMethodAccessorImpl.invoke0(Native Method)
	at sun.reflect.NativeMethodAccessorImpl.invoke(NativeMethodAccessorImpl.java:62)
	at sun.reflect.DelegatingMethodAccessorImpl.invoke(DelegatingMethodAccessorImpl.java:43)
	at java.lang.reflect.Method.invoke(Method.java:498)
	at org.junit.runners.model.FrameworkMethod$1.runReflectiveCall(FrameworkMethod.java:44)
	at org.junit.internal.runners.model.ReflectiveCallable.run(ReflectiveCallable.java:15)
	at org.junit.runners.model.FrameworkMethod.invokeExplosively(FrameworkMethod.java:41)
	at junitparams.internal.InvokeParameterisedMethod.evaluate(InvokeParameterisedMethod.java:102)
	at org.junit.internal.runners.statements.FailOnTimeout$1.run(FailOnTimeout.java:28)
Caused by: ptolemy.kernel.util.IllegalActionException: Test fails in iteration 1.
Value was: 1.0. Should have been: 2.0
  in .DirectFeedback.Test
	at ptolemy.actor.lib.Test.fire(Test.java:268)
	at ptolemy.domains.de.kernel.DEDirector._fire(DEDirector.java:1949)
	at ptolemy.domains.de.kernel.DEDirector.fire(DEDirector.java:502)
	at ptolemy.actor.CompositeActor.fire(CompositeActor.java:455)
	at ptolemy.actor.Manager.iterate(Manager.java:851)
	at ptolemy.actor.Manager.execute(Manager.java:369)
	at ptolemy.actor.Manager.run(Manager.java:1263)
	at ptolemy.actor.Manager$PtolemyRunThread.run(Manager.java:1915)
java.lang.RuntimeException: Execution failed
	at ptolemy.moml.MoMLSimpleApplication$UnloadThread.run(MoMLSimpleApplication.java:402)
Caused by: ptolemy.kernel.util.IllegalActionException: Found a zero delay loop containing .HierarchicalModel.A
  in .HierarchicalModel and .HierarchicalModel.A
	at ptolemy.actor.util.CausalityInterfaceForComposites._computeOutputPortDepth(CausalityInterfaceForComposites.java:759)
	at ptolemy.actor.util.CausalityInterfaceForComposites._computeInputDepth(CausalityInterfaceForComposites.java:696)
	at ptolemy.actor.util.CausalityInterfaceForComposites._computeOutputPortDepth(CausalityInterfaceForComposites.java:765)
	at ptolemy.actor.util.CausalityInterfaceForComposites._computeInputDepth(CausalityInterfaceForComposites.java:696)
	at ptolemy.actor.util.CausalityInterfaceForComposites._computeOutputPortDepth(CausalityInterfaceForComposites.java:765)
	at ptolemy.actor.util.CausalityInterfaceForComposites._computeInputDepth(CausalityInterfaceForComposites.java:696)
	at ptolemy.actor.util.CausalityInterfaceForComposites._computeActorDepth(CausalityInterfaceForComposites.java:532)
	at ptolemy.actor.util.CausalityInterfaceForComposites.checkForCycles(CausalityInterfaceForComposites.java:96)
	at ptolemy.domains.de.kernel.DEDirector.preinitialize(DEDirector.java:1338)
	at ptolemy.actor.CompositeActor.preinitialize(CompositeActor.java:1828)
	at ptolemy.actor.Manager.preinitializeAndResolveTypes(Manager.java:1040)
	at ptolemy.actor.Manager.initialize(Manager.java:710)
	at ptolemy.actor.Manager.execute(Manager.java:356)
	at ptolemy.actor.Manager.run(Manager.java:1263)
	at ptolemy.actor.Manager$PtolemyRunThread.run(Manager.java:1915)
java.lang.reflect.InvocationTargetException
	at sun.reflect.NativeConstructorAccessorImpl.newInstance0(Native Method)
	at sun.reflect.NativeConstructorAccessorImpl.newInstance(NativeConstructorAccessorImpl.java:62)
	at sun.reflect.DelegatingConstructorAccessorImpl.newInstance(DelegatingConstructorAccessorImpl.java:45)
	at java.lang.reflect.Constructor.newInstance(Constructor.java:423)
	at ptolemy.util.test.junit.AutoKnownFailedTests.RunModel(AutoKnownFailedTests.java:107)
	at sun.reflect.NativeMethodAccessorImpl.invoke0(Native Method)
	at sun.reflect.NativeMethodAccessorImpl.invoke(NativeMethodAccessorImpl.java:62)
	at sun.reflect.DelegatingMethodAccessorImpl.invoke(DelegatingMethodAccessorImpl.java:43)
	at java.lang.reflect.Method.invoke(Method.java:498)
	at org.junit.runners.model.FrameworkMethod$1.runReflectiveCall(FrameworkMethod.java:44)
	at org.junit.internal.runners.model.ReflectiveCallable.run(ReflectiveCallable.java:15)
	at org.junit.runners.model.FrameworkMethod.invokeExplosively(FrameworkMethod.java:41)
	at junitparams.internal.InvokeParameterisedMethod.evaluate(InvokeParameterisedMethod.java:102)
	at org.junit.internal.runners.statements.FailOnTimeout$1.run(FailOnTimeout.java:28)
Caused by: ptolemy.kernel.util.IllegalActionException: Found a zero delay loop containing .HierarchicalModel.A
  in .HierarchicalModel and .HierarchicalModel.A
	at ptolemy.actor.util.CausalityInterfaceForComposites._computeOutputPortDepth(CausalityInterfaceForComposites.java:759)
	at ptolemy.actor.util.CausalityInterfaceForComposites._computeInputDepth(CausalityInterfaceForComposites.java:696)
	at ptolemy.actor.util.CausalityInterfaceForComposites._computeOutputPortDepth(CausalityInterfaceForComposites.java:765)
	at ptolemy.actor.util.CausalityInterfaceForComposites._computeInputDepth(CausalityInterfaceForComposites.java:696)
	at ptolemy.actor.util.CausalityInterfaceForComposites._computeOutputPortDepth(CausalityInterfaceForComposites.java:765)
	at ptolemy.actor.util.CausalityInterfaceForComposites._computeInputDepth(CausalityInterfaceForComposites.java:696)
	at ptolemy.actor.util.CausalityInterfaceForComposites._computeActorDepth(CausalityInterfaceForComposites.java:532)
	at ptolemy.actor.util.CausalityInterfaceForComposites.checkForCycles(CausalityInterfaceForComposites.java:96)
	at ptolemy.domains.de.kernel.DEDirector.preinitialize(DEDirector.java:1338)
	at ptolemy.actor.CompositeActor.preinitialize(CompositeActor.java:1828)
	at ptolemy.actor.Manager.preinitializeAndResolveTypes(Manager.java:1040)
	at ptolemy.actor.Manager.initialize(Manager.java:710)
	at ptolemy.actor.Manager.execute(Manager.java:356)
	at ptolemy.actor.Manager.run(Manager.java:1263)
	at ptolemy.actor.Manager$PtolemyRunThread.run(Manager.java:1915)
java.lang.RuntimeException: Execution failed
	at ptolemy.moml.MoMLSimpleApplication$UnloadThread.run(MoMLSimpleApplication.java:402)
Caused by: ptolemy.kernel.util.IllegalActionException: Found a zero delay loop containing .dependencyLoop.original
  in .dependencyLoop and .dependencyLoop.original
	at ptolemy.actor.util.CausalityInterfaceForComposites._computeOutputPortDepth(CausalityInterfaceForComposites.java:759)
	at ptolemy.actor.util.CausalityInterfaceForComposites._computeInputDepth(CausalityInterfaceForComposites.java:696)
	at ptolemy.actor.util.CausalityInterfaceForComposites._computeOutputPortDepth(CausalityInterfaceForComposites.java:765)
	at ptolemy.actor.util.CausalityInterfaceForComposites._computeInputDepth(CausalityInterfaceForComposites.java:696)
	at ptolemy.actor.util.CausalityInterfaceForComposites._computeOutputPortDepth(CausalityInterfaceForComposites.java:765)
	at ptolemy.actor.util.CausalityInterfaceForComposites._computeInputDepth(CausalityInterfaceForComposites.java:696)
	at ptolemy.actor.util.CausalityInterfaceForComposites._computeActorDepth(CausalityInterfaceForComposites.java:532)
	at ptolemy.actor.util.CausalityInterfaceForComposites.checkForCycles(CausalityInterfaceForComposites.java:96)
	at ptolemy.domains.de.kernel.DEDirector.preinitialize(DEDirector.java:1338)
	at ptolemy.actor.CompositeActor.preinitialize(CompositeActor.java:1828)
	at ptolemy.actor.Manager.preinitializeAndResolveTypes(Manager.java:1040)
	at ptolemy.actor.Manager.initialize(Manager.java:710)
	at ptolemy.actor.Manager.execute(Manager.java:356)
	at ptolemy.actor.Manager.run(Manager.java:1263)
	at ptolemy.actor.Manager$PtolemyRunThread.run(Manager.java:1915)
java.lang.reflect.InvocationTargetException
	at sun.reflect.NativeConstructorAccessorImpl.newInstance0(Native Method)
	at sun.reflect.NativeConstructorAccessorImpl.newInstance(NativeConstructorAccessorImpl.java:62)
	at sun.reflect.DelegatingConstructorAccessorImpl.newInstance(DelegatingConstructorAccessorImpl.java:45)
	at java.lang.reflect.Constructor.newInstance(Constructor.java:423)
	at ptolemy.util.test.junit.AutoKnownFailedTests.RunModel(AutoKnownFailedTests.java:107)
	at sun.reflect.NativeMethodAccessorImpl.invoke0(Native Method)
	at sun.reflect.NativeMethodAccessorImpl.invoke(NativeMethodAccessorImpl.java:62)
	at sun.reflect.DelegatingMethodAccessorImpl.invoke(DelegatingMethodAccessorImpl.java:43)
	at java.lang.reflect.Method.invoke(Method.java:498)
	at org.junit.runners.model.FrameworkMethod$1.runReflectiveCall(FrameworkMethod.java:44)
	at org.junit.internal.runners.model.ReflectiveCallable.run(ReflectiveCallable.java:15)
	at org.junit.runners.model.FrameworkMethod.invokeExplosively(FrameworkMethod.java:41)
	at junitparams.internal.InvokeParameterisedMethod.evaluate(InvokeParameterisedMethod.java:102)
	at org.junit.internal.runners.statements.FailOnTimeout$1.run(FailOnTimeout.java:28)
Caused by: ptolemy.kernel.util.IllegalActionException: Found a zero delay loop containing .dependencyLoop.original
  in .dependencyLoop and .dependencyLoop.original
	at ptolemy.actor.util.CausalityInterfaceForComposites._computeOutputPortDepth(CausalityInterfaceForComposites.java:759)
	at ptolemy.actor.util.CausalityInterfaceForComposites._computeInputDepth(CausalityInterfaceForComposites.java:696)
	at ptolemy.actor.util.CausalityInterfaceForComposites._computeOutputPortDepth(CausalityInterfaceForComposites.java:765)
	at ptolemy.actor.util.CausalityInterfaceForComposites._computeInputDepth(CausalityInterfaceForComposites.java:696)
	at ptolemy.actor.util.CausalityInterfaceForComposites._computeOutputPortDepth(CausalityInterfaceForComposites.java:765)
	at ptolemy.actor.util.CausalityInterfaceForComposites._computeInputDepth(CausalityInterfaceForComposites.java:696)
	at ptolemy.actor.util.CausalityInterfaceForComposites._computeActorDepth(CausalityInterfaceForComposites.java:532)
	at ptolemy.actor.util.CausalityInterfaceForComposites.checkForCycles(CausalityInterfaceForComposites.java:96)
	at ptolemy.domains.de.kernel.DEDirector.preinitialize(DEDirector.java:1338)
	at ptolemy.actor.CompositeActor.preinitialize(CompositeActor.java:1828)
	at ptolemy.actor.Manager.preinitializeAndResolveTypes(Manager.java:1040)
	at ptolemy.actor.Manager.initialize(Manager.java:710)
	at ptolemy.actor.Manager.execute(Manager.java:356)
	at ptolemy.actor.Manager.run(Manager.java:1263)
	at ptolemy.actor.Manager$PtolemyRunThread.run(Manager.java:1915)
java.lang.RuntimeException: Execution failed
	at ptolemy.moml.MoMLSimpleApplication$UnloadThread.run(MoMLSimpleApplication.java:402)
Caused by: ptolemy.kernel.util.IllegalActionException: Found a zero delay loop containing .dependencyLoop2.original
  in .dependencyLoop2 and .dependencyLoop2.original
	at ptolemy.actor.util.CausalityInterfaceForComposites._computeOutputPortDepth(CausalityInterfaceForComposites.java:759)
	at ptolemy.actor.util.CausalityInterfaceForComposites._computeInputDepth(CausalityInterfaceForComposites.java:696)
	at ptolemy.actor.util.CausalityInterfaceForComposites._computeOutputPortDepth(CausalityInterfaceForComposites.java:765)
	at ptolemy.actor.util.CausalityInterfaceForComposites._computeInputDepth(CausalityInterfaceForComposites.java:696)
	at ptolemy.actor.util.CausalityInterfaceForComposites._computeOutputPortDepth(CausalityInterfaceForComposites.java:765)
	at ptolemy.actor.util.CausalityInterfaceForComposites._computeInputDepth(CausalityInterfaceForComposites.java:696)
	at ptolemy.actor.util.CausalityInterfaceForComposites._computeActorDepth(CausalityInterfaceForComposites.java:532)
	at ptolemy.actor.util.CausalityInterfaceForComposites.checkForCycles(CausalityInterfaceForComposites.java:96)
	at ptolemy.domains.de.kernel.DEDirector.preinitialize(DEDirector.java:1338)
	at ptolemy.actor.CompositeActor.preinitialize(CompositeActor.java:1828)
	at ptolemy.actor.Manager.preinitializeAndResolveTypes(Manager.java:1040)
	at ptolemy.actor.Manager.initialize(Manager.java:710)
	at ptolemy.actor.Manager.execute(Manager.java:356)
	at ptolemy.actor.Manager.run(Manager.java:1263)
	at ptolemy.actor.Manager$PtolemyRunThread.run(Manager.java:1915)
java.lang.reflect.InvocationTargetException
	at sun.reflect.NativeConstructorAccessorImpl.newInstance0(Native Method)
	at sun.reflect.NativeConstructorAccessorImpl.newInstance(NativeConstructorAccessorImpl.java:62)
	at sun.reflect.DelegatingConstructorAccessorImpl.newInstance(DelegatingConstructorAccessorImpl.java:45)
	at java.lang.reflect.Constructor.newInstance(Constructor.java:423)
	at ptolemy.util.test.junit.AutoKnownFailedTests.RunModel(AutoKnownFailedTests.java:107)
	at sun.reflect.NativeMethodAccessorImpl.invoke0(Native Method)
	at sun.reflect.NativeMethodAccessorImpl.invoke(NativeMethodAccessorImpl.java:62)
	at sun.reflect.DelegatingMethodAccessorImpl.invoke(DelegatingMethodAccessorImpl.java:43)
	at java.lang.reflect.Method.invoke(Method.java:498)
	at org.junit.runners.model.FrameworkMethod$1.runReflectiveCall(FrameworkMethod.java:44)
	at org.junit.internal.runners.model.ReflectiveCallable.run(ReflectiveCallable.java:15)
	at org.junit.runners.model.FrameworkMethod.invokeExplosively(FrameworkMethod.java:41)
	at junitparams.internal.InvokeParameterisedMethod.evaluate(InvokeParameterisedMethod.java:102)
	at org.junit.internal.runners.statements.FailOnTimeout$1.run(FailOnTimeout.java:28)
Caused by: ptolemy.kernel.util.IllegalActionException: Found a zero delay loop containing .dependencyLoop2.original
  in .dependencyLoop2 and .dependencyLoop2.original
	at ptolemy.actor.util.CausalityInterfaceForComposites._computeOutputPortDepth(CausalityInterfaceForComposites.java:759)
	at ptolemy.actor.util.CausalityInterfaceForComposites._computeInputDepth(CausalityInterfaceForComposites.java:696)
	at ptolemy.actor.util.CausalityInterfaceForComposites._computeOutputPortDepth(CausalityInterfaceForComposites.java:765)
	at ptolemy.actor.util.CausalityInterfaceForComposites._computeInputDepth(CausalityInterfaceForComposites.java:696)
	at ptolemy.actor.util.CausalityInterfaceForComposites._computeOutputPortDepth(CausalityInterfaceForComposites.java:765)
	at ptolemy.actor.util.CausalityInterfaceForComposites._computeInputDepth(CausalityInterfaceForComposites.java:696)
	at ptolemy.actor.util.CausalityInterfaceForComposites._computeActorDepth(CausalityInterfaceForComposites.java:532)
	at ptolemy.actor.util.CausalityInterfaceForComposites.checkForCycles(CausalityInterfaceForComposites.java:96)
	at ptolemy.domains.de.kernel.DEDirector.preinitialize(DEDirector.java:1338)
	at ptolemy.actor.CompositeActor.preinitialize(CompositeActor.java:1828)
	at ptolemy.actor.Manager.preinitializeAndResolveTypes(Manager.java:1040)
	at ptolemy.actor.Manager.initialize(Manager.java:710)
	at ptolemy.actor.Manager.execute(Manager.java:356)
	at ptolemy.actor.Manager.run(Manager.java:1263)
	at ptolemy.actor.Manager$PtolemyRunThread.run(Manager.java:1915)
]]></system-err>
</testsuite>
