<?xml version="1.0" encoding="UTF-8" ?>
<testsuite errors="0" failures="0" hostname="travis-job-2ec3ea96-bff0-4b57-bdce-7fb581768e2c" name="ptolemy.domains.modal.test.junit.JUnitTclTest" skipped="0" tests="148" time="11.139" timestamp="2019-07-15T06:41:04">
  <properties>
[...]
</properties>
  <testcase classname="ptolemy.util.test.junit.TclTests" name="[0] /home/travis/build/icyphy/ptII/ptolemy/domains/modal/test/SystemLevelType.tcl (RunTclFile)" time="2.056" />
  <testcase classname="ptolemy.util.test.junit.AutoKnownFailedTests" name="[0] /home/travis/build/icyphy/ptII/ptolemy/domains/modal/test/auto/knownFailedTests/CannotAnalysisWithPreemption.xml (RunModel)" time="0.356" />
  <testcase classname="ptolemy.util.test.junit.AutoNameArchTests" name="[0] ThereAreNoAutoArchTests (RunModel)" time="0.001" />
  <testcase classname="ptolemy.util.test.junit.AutoTests" name="[0] /home/travis/build/icyphy/ptII/ptolemy/domains/modal/test/auto/ABPTest.xml (RunModel)" time="0.874" />
  <testcase classname="ptolemy.util.test.junit.AutoTests" name="[1] /home/travis/build/icyphy/ptII/ptolemy/domains/modal/test/auto/ABROFlat.xml (RunModel)" time="0.129" />
  <testcase classname="ptolemy.util.test.junit.AutoTests" name="[2] /home/travis/build/icyphy/ptII/ptolemy/domains/modal/test/auto/ABROFlat2.xml (RunModel)" time="0.05" />
  <testcase classname="ptolemy.util.test.junit.AutoTests" name="[3] /home/travis/build/icyphy/ptII/ptolemy/domains/modal/test/auto/ABRO_present_hmm.xml (RunModel)" time="0.12" />
  <testcase classname="ptolemy.util.test.junit.AutoTests" name="[4] /home/travis/build/icyphy/ptII/ptolemy/domains/modal/test/auto/AMICoderExample.xml (RunModel)" time="0.107" />
  <testcase classname="ptolemy.util.test.junit.AutoTests" name="[5] /home/travis/build/icyphy/ptII/ptolemy/domains/modal/test/auto/AbsentToPresent.xml (RunModel)" time="0.027" />
  <testcase classname="ptolemy.util.test.junit.AutoTests" name="[6] /home/travis/build/icyphy/ptII/ptolemy/domains/modal/test/auto/Blending.xml (RunModel)" time="0.335" />
  <testcase classname="ptolemy.util.test.junit.AutoTests" name="[7] /home/travis/build/icyphy/ptII/ptolemy/domains/modal/test/auto/Broadcast.xml (RunModel)" time="0.058" />
  <testcase classname="ptolemy.util.test.junit.AutoTests" name="[8] /home/travis/build/icyphy/ptII/ptolemy/domains/modal/test/auto/BroadcastHierarchy.xml (RunModel)" time="0.076" />
  <testcase classname="ptolemy.util.test.junit.AutoTests" name="[9] /home/travis/build/icyphy/ptII/ptolemy/domains/modal/test/auto/BroadcastHierarchy2.xml (RunModel)" time="0.147" />
  <testcase classname="ptolemy.util.test.junit.AutoTests" name="[10] /home/travis/build/icyphy/ptII/ptolemy/domains/modal/test/auto/BroadcastHierarchy3.xml (RunModel)" time="0.1" />
  <testcase classname="ptolemy.util.test.junit.AutoTests" name="[11] /home/travis/build/icyphy/ptII/ptolemy/domains/modal/test/auto/BroadcastHierarchy4.xml (RunModel)" time="0.118" />
  <testcase classname="ptolemy.util.test.junit.AutoTests" name="[12] /home/travis/build/icyphy/ptII/ptolemy/domains/modal/test/auto/CannotAnalysisWithPreemption2.xml (RunModel)" time="0.034" />
  <testcase classname="ptolemy.util.test.junit.AutoTests" name="[13] /home/travis/build/icyphy/ptII/ptolemy/domains/modal/test/auto/CannotAnalysisWithPreemption3.xml (RunModel)" time="0.034" />
  <testcase classname="ptolemy.util.test.junit.AutoTests" name="[14] /home/travis/build/icyphy/ptII/ptolemy/domains/modal/test/auto/CannotProduce.xml (RunModel)" time="0.035" />
  <testcase classname="ptolemy.util.test.junit.AutoTests" name="[15] /home/travis/build/icyphy/ptII/ptolemy/domains/modal/test/auto/CannotProduceModal.xml (RunModel)" time="0.041" />
  <testcase classname="ptolemy.util.test.junit.AutoTests" name="[16] /home/travis/build/icyphy/ptII/ptolemy/domains/modal/test/auto/Case.xml (RunModel)" time="0.074" />
  <testcase classname="ptolemy.util.test.junit.AutoTests" name="[17] /home/travis/build/icyphy/ptII/ptolemy/domains/modal/test/auto/Case1.xml (RunModel)" time="0.037" />
  <testcase classname="ptolemy.util.test.junit.AutoTests" name="[18] /home/travis/build/icyphy/ptII/ptolemy/domains/modal/test/auto/Case2.xml (RunModel)" time="0.079" />
  <testcase classname="ptolemy.util.test.junit.AutoTests" name="[19] /home/travis/build/icyphy/ptII/ptolemy/domains/modal/test/auto/CausalityInterface1.xml (RunModel)" time="0.037" />
  <testcase classname="ptolemy.util.test.junit.AutoTests" name="[20] /home/travis/build/icyphy/ptII/ptolemy/domains/modal/test/auto/CausalityInterface10.xml (RunModel)" time="0.046" />
  <testcase classname="ptolemy.util.test.junit.AutoTests" name="[21] /home/travis/build/icyphy/ptII/ptolemy/domains/modal/test/auto/CausalityInterface11.xml (RunModel)" time="0.055" />
  <testcase classname="ptolemy.util.test.junit.AutoTests" name="[22] /home/travis/build/icyphy/ptII/ptolemy/domains/modal/test/auto/CausalityInterface12.xml (RunModel)" time="0.057" />
  <testcase classname="ptolemy.util.test.junit.AutoTests" name="[23] /home/travis/build/icyphy/ptII/ptolemy/domains/modal/test/auto/CausalityInterface13.xml (RunModel)" time="0.066" />
  <testcase classname="ptolemy.util.test.junit.AutoTests" name="[24] /home/travis/build/icyphy/ptII/ptolemy/domains/modal/test/auto/CausalityInterface14.xml (RunModel)" time="0.06" />
  <testcase classname="ptolemy.util.test.junit.AutoTests" name="[25] /home/travis/build/icyphy/ptII/ptolemy/domains/modal/test/auto/CausalityInterface2.xml (RunModel)" time="0.036" />
  <testcase classname="ptolemy.util.test.junit.AutoTests" name="[26] /home/travis/build/icyphy/ptII/ptolemy/domains/modal/test/auto/CausalityInterface3.xml (RunModel)" time="0.026" />
  <testcase classname="ptolemy.util.test.junit.AutoTests" name="[27] /home/travis/build/icyphy/ptII/ptolemy/domains/modal/test/auto/CausalityInterface4.xml (RunModel)" time="0.021" />
  <testcase classname="ptolemy.util.test.junit.AutoTests" name="[28] /home/travis/build/icyphy/ptII/ptolemy/domains/modal/test/auto/CausalityInterface5.xml (RunModel)" time="0.03" />
  <testcase classname="ptolemy.util.test.junit.AutoTests" name="[29] /home/travis/build/icyphy/ptII/ptolemy/domains/modal/test/auto/CausalityInterface6.xml (RunModel)" time="0.039" />
  <testcase classname="ptolemy.util.test.junit.AutoTests" name="[30] /home/travis/build/icyphy/ptII/ptolemy/domains/modal/test/auto/CausalityInterface7.xml (RunModel)" time="0.055" />
  <testcase classname="ptolemy.util.test.junit.AutoTests" name="[31] /home/travis/build/icyphy/ptII/ptolemy/domains/modal/test/auto/CausalityInterface8.xml (RunModel)" time="0.038" />
  <testcase classname="ptolemy.util.test.junit.AutoTests" name="[32] /home/travis/build/icyphy/ptII/ptolemy/domains/modal/test/auto/CausalityInterface9.xml (RunModel)" time="0.038" />
  <testcase classname="ptolemy.util.test.junit.AutoTests" name="[33] /home/travis/build/icyphy/ptII/ptolemy/domains/modal/test/auto/ChainedTransitions.xml (RunModel)" time="0.166" />
  <testcase classname="ptolemy.util.test.junit.AutoTests" name="[34] /home/travis/build/icyphy/ptII/ptolemy/domains/modal/test/auto/CycleOfImmediateTransitionsFSM.xml (RunModel)" time="0.027" />
  <testcase classname="ptolemy.util.test.junit.AutoTests" name="[35] /home/travis/build/icyphy/ptII/ptolemy/domains/modal/test/auto/CycleOfImmediateTransitionsModal.xml (RunModel)" time="0.027" />
  <testcase classname="ptolemy.util.test.junit.AutoTests" name="[36] /home/travis/build/icyphy/ptII/ptolemy/domains/modal/test/auto/CycleOfImmediateTransitionsModal2.xml (RunModel)" time="0.031" />
  <testcase classname="ptolemy.util.test.junit.AutoTests" name="[37] /home/travis/build/icyphy/ptII/ptolemy/domains/modal/test/auto/CycleOfImmediateTransitionsModal3.xml (RunModel)" time="0.074" />
  <testcase classname="ptolemy.util.test.junit.AutoTests" name="[38] /home/travis/build/icyphy/ptII/ptolemy/domains/modal/test/auto/DeepModal1.xml (RunModel)" time="0.053" />
  <testcase classname="ptolemy.util.test.junit.AutoTests" name="[39] /home/travis/build/icyphy/ptII/ptolemy/domains/modal/test/auto/DeepModal2.xml (RunModel)" time="0.072" />
  <testcase classname="ptolemy.util.test.junit.AutoTests" name="[40] /home/travis/build/icyphy/ptII/ptolemy/domains/modal/test/auto/DeepModal3.xml (RunModel)" time="0.063" />
  <testcase classname="ptolemy.util.test.junit.AutoTests" name="[41] /home/travis/build/icyphy/ptII/ptolemy/domains/modal/test/auto/DeepModal4.xml (RunModel)" time="0.083" />
  <testcase classname="ptolemy.util.test.junit.AutoTests" name="[42] /home/travis/build/icyphy/ptII/ptolemy/domains/modal/test/auto/Default1.xml (RunModel)" time="0.019" />
  <testcase classname="ptolemy.util.test.junit.AutoTests" name="[43] /home/travis/build/icyphy/ptII/ptolemy/domains/modal/test/auto/Default2.xml (RunModel)" time="0.02" />
  <testcase classname="ptolemy.util.test.junit.AutoTests" name="[44] /home/travis/build/icyphy/ptII/ptolemy/domains/modal/test/auto/Default3.xml (RunModel)" time="0.02" />
  <testcase classname="ptolemy.util.test.junit.AutoTests" name="[45] /home/travis/build/icyphy/ptII/ptolemy/domains/modal/test/auto/Default4.xml (RunModel)" time="0.022" />
  <testcase classname="ptolemy.util.test.junit.AutoTests" name="[46] /home/travis/build/icyphy/ptII/ptolemy/domains/modal/test/auto/Default5.xml (RunModel)" time="0.025" />
  <testcase classname="ptolemy.util.test.junit.AutoTests" name="[47] /home/travis/build/icyphy/ptII/ptolemy/domains/modal/test/auto/EmptyGuard.xml (RunModel)" time="0.028" />
  <testcase classname="ptolemy.util.test.junit.AutoTests" name="[48] /home/travis/build/icyphy/ptII/ptolemy/domains/modal/test/auto/ErrorTransition1.xml (RunModel)" time="0.034" />
  <testcase classname="ptolemy.util.test.junit.AutoTests" name="[49] /home/travis/build/icyphy/ptII/ptolemy/domains/modal/test/auto/ErrorTransition10.xml (RunModel)" time="0.038" />
  <testcase classname="ptolemy.util.test.junit.AutoTests" name="[50] /home/travis/build/icyphy/ptII/ptolemy/domains/modal/test/auto/ErrorTransition11.xml (RunModel)" time="0.033" />
  <testcase classname="ptolemy.util.test.junit.AutoTests" name="[51] /home/travis/build/icyphy/ptII/ptolemy/domains/modal/test/auto/ErrorTransition2.xml (RunModel)" time="0.058" />
  <testcase classname="ptolemy.util.test.junit.AutoTests" name="[52] /home/travis/build/icyphy/ptII/ptolemy/domains/modal/test/auto/ErrorTransition3.xml (RunModel)" time="0.053" />
  <testcase classname="ptolemy.util.test.junit.AutoTests" name="[53] /home/travis/build/icyphy/ptII/ptolemy/domains/modal/test/auto/ErrorTransition4.xml (RunModel)" time="0.047" />
  <testcase classname="ptolemy.util.test.junit.AutoTests" name="[54] /home/travis/build/icyphy/ptII/ptolemy/domains/modal/test/auto/ErrorTransition5.xml (RunModel)" time="0.032" />
  <testcase classname="ptolemy.util.test.junit.AutoTests" name="[55] /home/travis/build/icyphy/ptII/ptolemy/domains/modal/test/auto/ErrorTransition6.xml (RunModel)" time="0.036" />
  <testcase classname="ptolemy.util.test.junit.AutoTests" name="[56] /home/travis/build/icyphy/ptII/ptolemy/domains/modal/test/auto/ErrorTransition7.xml (RunModel)" time="0.046" />
  <testcase classname="ptolemy.util.test.junit.AutoTests" name="[57] /home/travis/build/icyphy/ptII/ptolemy/domains/modal/test/auto/ErrorTransition8.xml (RunModel)" time="0.054" />
  <testcase classname="ptolemy.util.test.junit.AutoTests" name="[58] /home/travis/build/icyphy/ptII/ptolemy/domains/modal/test/auto/ErrorTransition9.xml (RunModel)" time="0.046" />
  <testcase classname="ptolemy.util.test.junit.AutoTests" name="[59] /home/travis/build/icyphy/ptII/ptolemy/domains/modal/test/auto/ExtendedFSM.xml (RunModel)" time="0.025" />
  <testcase classname="ptolemy.util.test.junit.AutoTests" name="[60] /home/travis/build/icyphy/ptII/ptolemy/domains/modal/test/auto/FinalStates.xml (RunModel)" time="0.021" />
  <testcase classname="ptolemy.util.test.junit.AutoTests" name="[61] /home/travis/build/icyphy/ptII/ptolemy/domains/modal/test/auto/FixedPointFSM.xml (RunModel)" time="0.045" />
  <testcase classname="ptolemy.util.test.junit.AutoTests" name="[62] /home/travis/build/icyphy/ptII/ptolemy/domains/modal/test/auto/FixedPointIterationFSMActor.xml (RunModel)" time="0.032" />
  <testcase classname="ptolemy.util.test.junit.AutoTests" name="[63] /home/travis/build/icyphy/ptII/ptolemy/domains/modal/test/auto/FixedPointIterationFSMActor2.xml (RunModel)" time="0.037" />
  <testcase classname="ptolemy.util.test.junit.AutoTests" name="[64] /home/travis/build/icyphy/ptII/ptolemy/domains/modal/test/auto/ForbiddenInstantanousLoop.xml (RunModel)" time="0.061" />
  <testcase classname="ptolemy.util.test.junit.AutoTests" name="[65] /home/travis/build/icyphy/ptII/ptolemy/domains/modal/test/auto/FunctionDependencyOfFSMActorTest.xml (RunModel)" time="0.029" />
  <testcase classname="ptolemy.util.test.junit.AutoTests" name="[66] /home/travis/build/icyphy/ptII/ptolemy/domains/modal/test/auto/GuardExpression.xml (RunModel)" time="0.023" />
  <testcase classname="ptolemy.util.test.junit.AutoTests" name="[67] /home/travis/build/icyphy/ptII/ptolemy/domains/modal/test/auto/GuardNotEvaluated.xml (RunModel)" time="0.026" />
  <testcase classname="ptolemy.util.test.junit.AutoTests" name="[68] /home/travis/build/icyphy/ptII/ptolemy/domains/modal/test/auto/GuardNotEvaluated2.xml (RunModel)" time="0.023" />
  <testcase classname="ptolemy.util.test.junit.AutoTests" name="[69] /home/travis/build/icyphy/ptII/ptolemy/domains/modal/test/auto/GuardOnAbsent.xml (RunModel)" time="0.024" />
  <testcase classname="ptolemy.util.test.junit.AutoTests" name="[70] /home/travis/build/icyphy/ptII/ptolemy/domains/modal/test/auto/HierarchicalFSMTypeInference.xml (RunModel)" time="0.03" />
  <testcase classname="ptolemy.util.test.junit.AutoTests" name="[71] /home/travis/build/icyphy/ptII/ptolemy/domains/modal/test/auto/Hysteresis.xml (RunModel)" time="0.041" />
  <testcase classname="ptolemy.util.test.junit.AutoTests" name="[72] /home/travis/build/icyphy/ptII/ptolemy/domains/modal/test/auto/HysteresisWithDefault.xml (RunModel)" time="0.065" />
  <testcase classname="ptolemy.util.test.junit.AutoTests" name="[73] /home/travis/build/icyphy/ptII/ptolemy/domains/modal/test/auto/HysteresisWithDefault2.xml (RunModel)" time="0.074" />
  <testcase classname="ptolemy.util.test.junit.AutoTests" name="[74] /home/travis/build/icyphy/ptII/ptolemy/domains/modal/test/auto/ImmediateNonConstructiveness.xml (RunModel)" time="0.021" />
  <testcase classname="ptolemy.util.test.junit.AutoTests" name="[75] /home/travis/build/icyphy/ptII/ptolemy/domains/modal/test/auto/ImmediateNonConstructiveness2.xml (RunModel)" time="0.021" />
  <testcase classname="ptolemy.util.test.junit.AutoTests" name="[76] /home/travis/build/icyphy/ptII/ptolemy/domains/modal/test/auto/ImmediateTransitionReset.xml (RunModel)" time="0.047" />
  <testcase classname="ptolemy.util.test.junit.AutoTests" name="[77] /home/travis/build/icyphy/ptII/ptolemy/domains/modal/test/auto/ImmediateTransitions1.xml (RunModel)" time="0.013" />
  <testcase classname="ptolemy.util.test.junit.AutoTests" name="[78] /home/travis/build/icyphy/ptII/ptolemy/domains/modal/test/auto/ImmediateTransitionsInstantaneousCommunication.xml (RunModel)" time="0.032" />
  <testcase classname="ptolemy.util.test.junit.AutoTests" name="[79] /home/travis/build/icyphy/ptII/ptolemy/domains/modal/test/auto/InitialImmediateTransition.xml (RunModel)" time="0.02" />
  <testcase classname="ptolemy.util.test.junit.AutoTests" name="[80] /home/travis/build/icyphy/ptII/ptolemy/domains/modal/test/auto/InitialOutputs.xml (RunModel)" time="0.016" />
  <testcase classname="ptolemy.util.test.junit.AutoTests" name="[81] /home/travis/build/icyphy/ptII/ptolemy/domains/modal/test/auto/InitialStateTransition1.xml (RunModel)" time="0.025" />
  <testcase classname="ptolemy.util.test.junit.AutoTests" name="[82] /home/travis/build/icyphy/ptII/ptolemy/domains/modal/test/auto/InitialStateTransition2.xml (RunModel)" time="0.025" />
  <testcase classname="ptolemy.util.test.junit.AutoTests" name="[83] /home/travis/build/icyphy/ptII/ptolemy/domains/modal/test/auto/InitialStateTransition3.xml (RunModel)" time="0.025" />
  <testcase classname="ptolemy.util.test.junit.AutoTests" name="[84] /home/travis/build/icyphy/ptII/ptolemy/domains/modal/test/auto/InitialStateTransition4.xml (RunModel)" time="0.027" />
  <testcase classname="ptolemy.util.test.junit.AutoTests" name="[85] /home/travis/build/icyphy/ptII/ptolemy/domains/modal/test/auto/MalformedGuardExpressionNotCaught.xml (RunModel)" time="0.041" />
  <testcase classname="ptolemy.util.test.junit.AutoTests" name="[86] /home/travis/build/icyphy/ptII/ptolemy/domains/modal/test/auto/ModalBSC.xml (RunModel)" time="0.101" />
  <testcase classname="ptolemy.util.test.junit.AutoTests" name="[87] /home/travis/build/icyphy/ptII/ptolemy/domains/modal/test/auto/ModalClocks.xml (RunModel)" time="0.071" />
  <testcase classname="ptolemy.util.test.junit.AutoTests" name="[88] /home/travis/build/icyphy/ptII/ptolemy/domains/modal/test/auto/ModalDelay.xml (RunModel)" time="0.037" />
  <testcase classname="ptolemy.util.test.junit.AutoTests" name="[89] /home/travis/build/icyphy/ptII/ptolemy/domains/modal/test/auto/ModalDelay2.xml (RunModel)" time="0.052" />
  <testcase classname="ptolemy.util.test.junit.AutoTests" name="[90] /home/travis/build/icyphy/ptII/ptolemy/domains/modal/test/auto/ModalModelFromMemo.xml (RunModel)" time="0.051" />
  <testcase classname="ptolemy.util.test.junit.AutoTests" name="[91] /home/travis/build/icyphy/ptII/ptolemy/domains/modal/test/auto/ModalModelWithMultirateTransient.xml (RunModel)" time="0.055" />
  <testcase classname="ptolemy.util.test.junit.AutoTests" name="[92] /home/travis/build/icyphy/ptII/ptolemy/domains/modal/test/auto/ModalModelWithReset.xml (RunModel)" time="0.048" />
  <testcase classname="ptolemy.util.test.junit.AutoTests" name="[93] /home/travis/build/icyphy/ptII/ptolemy/domains/modal/test/auto/MouseClickFSM.xml (RunModel)" time="0.039" />
  <testcase classname="ptolemy.util.test.junit.AutoTests" name="[94] /home/travis/build/icyphy/ptII/ptolemy/domains/modal/test/auto/MouseClickFSMModal.xml (RunModel)" time="0.036" />
  <testcase classname="ptolemy.util.test.junit.AutoTests" name="[95] /home/travis/build/icyphy/ptII/ptolemy/domains/modal/test/auto/NonStrictFSM_FeedbackLoop.xml (RunModel)" time="0.054" />
  <testcase classname="ptolemy.util.test.junit.AutoTests" name="[96] /home/travis/build/icyphy/ptII/ptolemy/domains/modal/test/auto/NonStrictFSM_FeedbackLoop_Refinement.xml (RunModel)" time="0.082" />
  <testcase classname="ptolemy.util.test.junit.AutoTests" name="[97] /home/travis/build/icyphy/ptII/ptolemy/domains/modal/test/auto/NonStrictFSM_FeedbackLoop_preemptive.xml (RunModel)" time="0.048" />
  <testcase classname="ptolemy.util.test.junit.AutoTests" name="[98] /home/travis/build/icyphy/ptII/ptolemy/domains/modal/test/auto/NormalTermination.xml (RunModel)" time="0.044" />
  <testcase classname="ptolemy.util.test.junit.AutoTests" name="[99] /home/travis/build/icyphy/ptII/ptolemy/domains/modal/test/auto/Pong.xml (RunModel)" time="0.1" />
  <testcase classname="ptolemy.util.test.junit.AutoTests" name="[100] /home/travis/build/icyphy/ptII/ptolemy/domains/modal/test/auto/Pong_test.xml (RunModel)" time="0.109" />
  <testcase classname="ptolemy.util.test.junit.AutoTests" name="[101] /home/travis/build/icyphy/ptII/ptolemy/domains/modal/test/auto/PreemptionHierarchy.xml (RunModel)" time="0.028" />
  <testcase classname="ptolemy.util.test.junit.AutoTests" name="[102] /home/travis/build/icyphy/ptII/ptolemy/domains/modal/test/auto/PreemptionHierarchy2.xml (RunModel)" time="0.032" />
  <testcase classname="ptolemy.util.test.junit.AutoTests" name="[103] /home/travis/build/icyphy/ptII/ptolemy/domains/modal/test/auto/PreemptiveTransition.xml (RunModel)" time="0.023" />
  <testcase classname="ptolemy.util.test.junit.AutoTests" name="[104] /home/travis/build/icyphy/ptII/ptolemy/domains/modal/test/auto/Priorities.xml (RunModel)" time="0.079" />
  <testcase classname="ptolemy.util.test.junit.AutoTests" name="[105] /home/travis/build/icyphy/ptII/ptolemy/domains/modal/test/auto/ResetFinal.xml (RunModel)" time="0.04" />
  <testcase classname="ptolemy.util.test.junit.AutoTests" name="[106] /home/travis/build/icyphy/ptII/ptolemy/domains/modal/test/auto/ResetFinal2.xml (RunModel)" time="0.027" />
  <testcase classname="ptolemy.util.test.junit.AutoTests" name="[107] /home/travis/build/icyphy/ptII/ptolemy/domains/modal/test/auto/ResetTransitionWithStartTime.xml (RunModel)" time="0.029" />
  <testcase classname="ptolemy.util.test.junit.AutoTests" name="[108] /home/travis/build/icyphy/ptII/ptolemy/domains/modal/test/auto/SDF-FSMComposite.xml (RunModel)" time="0.022" />
  <testcase classname="ptolemy.util.test.junit.AutoTests" name="[109] /home/travis/build/icyphy/ptII/ptolemy/domains/modal/test/auto/SeeminglyNondeterminate.xml (RunModel)" time="0.089" />
  <testcase classname="ptolemy.util.test.junit.AutoTests" name="[110] /home/travis/build/icyphy/ptII/ptolemy/domains/modal/test/auto/SeeminglyNondeterminate2.xml (RunModel)" time="0.074" />
  <testcase classname="ptolemy.util.test.junit.AutoTests" name="[111] /home/travis/build/icyphy/ptII/ptolemy/domains/modal/test/auto/SpontaneousFSM.xml (RunModel)" time="0.044" />
  <testcase classname="ptolemy.util.test.junit.AutoTests" name="[112] /home/travis/build/icyphy/ptII/ptolemy/domains/modal/test/auto/SpontaneousFSM2.xml (RunModel)" time="0.027" />
  <testcase classname="ptolemy.util.test.junit.AutoTests" name="[113] /home/travis/build/icyphy/ptII/ptolemy/domains/modal/test/auto/SpontaneousFSM3.xml (RunModel)" time="0.036" />
  <testcase classname="ptolemy.util.test.junit.AutoTests" name="[114] /home/travis/build/icyphy/ptII/ptolemy/domains/modal/test/auto/SpontaneousFSM4.xml (RunModel)" time="0.041" />
  <testcase classname="ptolemy.util.test.junit.AutoTests" name="[115] /home/travis/build/icyphy/ptII/ptolemy/domains/modal/test/auto/StateTrackerTest.xml (RunModel)" time="0.05" />
  <testcase classname="ptolemy.util.test.junit.AutoTests" name="[116] /home/travis/build/icyphy/ptII/ptolemy/domains/modal/test/auto/StrongImmediateTransition.xml (RunModel)" time="0.021" />
  <testcase classname="ptolemy.util.test.junit.AutoTests" name="[117] /home/travis/build/icyphy/ptII/ptolemy/domains/modal/test/auto/SustainHierarchy.xml (RunModel)" time="0.03" />
  <testcase classname="ptolemy.util.test.junit.AutoTests" name="[118] /home/travis/build/icyphy/ptII/ptolemy/domains/modal/test/auto/TerminationTransition1.xml (RunModel)" time="0.017" />
  <testcase classname="ptolemy.util.test.junit.AutoTests" name="[119] /home/travis/build/icyphy/ptII/ptolemy/domains/modal/test/auto/TerminationTransition2.xml (RunModel)" time="0.024" />
  <testcase classname="ptolemy.util.test.junit.AutoTests" name="[120] /home/travis/build/icyphy/ptII/ptolemy/domains/modal/test/auto/TerminationTransition3.xml (RunModel)" time="0.02" />
  <testcase classname="ptolemy.util.test.junit.AutoTests" name="[121] /home/travis/build/icyphy/ptII/ptolemy/domains/modal/test/auto/TerminationTransition4.xml (RunModel)" time="0.031" />
  <testcase classname="ptolemy.util.test.junit.AutoTests" name="[122] /home/travis/build/icyphy/ptII/ptolemy/domains/modal/test/auto/TerminationTransition5.xml (RunModel)" time="0.028" />
  <testcase classname="ptolemy.util.test.junit.AutoTests" name="[123] /home/travis/build/icyphy/ptII/ptolemy/domains/modal/test/auto/TerminationTransition6.xml (RunModel)" time="0.038" />
  <testcase classname="ptolemy.util.test.junit.AutoTests" name="[124] /home/travis/build/icyphy/ptII/ptolemy/domains/modal/test/auto/TerminationTransition7.xml (RunModel)" time="0.019" />
  <testcase classname="ptolemy.util.test.junit.AutoTests" name="[125] /home/travis/build/icyphy/ptII/ptolemy/domains/modal/test/auto/TerminationTransition8.xml (RunModel)" time="0.023" />
  <testcase classname="ptolemy.util.test.junit.AutoTests" name="[126] /home/travis/build/icyphy/ptII/ptolemy/domains/modal/test/auto/Thermostat_NoHysteresis.xml (RunModel)" time="0.08" />
  <testcase classname="ptolemy.util.test.junit.AutoTests" name="[127] /home/travis/build/icyphy/ptII/ptolemy/domains/modal/test/auto/TimedFSM.xml (RunModel)" time="0.032" />
  <testcase classname="ptolemy.util.test.junit.AutoTests" name="[128] /home/travis/build/icyphy/ptII/ptolemy/domains/modal/test/auto/Timeout1.xml (RunModel)" time="0.014" />
  <testcase classname="ptolemy.util.test.junit.AutoTests" name="[129] /home/travis/build/icyphy/ptII/ptolemy/domains/modal/test/auto/Timeout2.xml (RunModel)" time="0.021" />
  <testcase classname="ptolemy.util.test.junit.AutoTests" name="[130] /home/travis/build/icyphy/ptII/ptolemy/domains/modal/test/auto/Timeout3.xml (RunModel)" time="0.016" />
  <testcase classname="ptolemy.util.test.junit.AutoTests" name="[131] /home/travis/build/icyphy/ptII/ptolemy/domains/modal/test/auto/Timeout4.xml (RunModel)" time="0.011" />
  <testcase classname="ptolemy.util.test.junit.AutoTests" name="[132] /home/travis/build/icyphy/ptII/ptolemy/domains/modal/test/auto/TransientstateModelAdvanced.xml (RunModel)" time="0.026" />
  <testcase classname="ptolemy.util.test.junit.AutoTests" name="[133] /home/travis/build/icyphy/ptII/ptolemy/domains/modal/test/auto/TransientstateModelAdvanced2.xml (RunModel)" time="0.028" />
  <testcase classname="ptolemy.util.test.junit.AutoTests" name="[134] /home/travis/build/icyphy/ptII/ptolemy/domains/modal/test/auto/TransitionRefinements.xml (RunModel)" time="0.022" />
  <testcase classname="ptolemy.util.test.junit.AutoTests" name="[135] /home/travis/build/icyphy/ptII/ptolemy/domains/modal/test/auto/TwoRefinements1.xml (RunModel)" time="0.023" />
  <testcase classname="ptolemy.util.test.junit.AutoTests" name="[136] /home/travis/build/icyphy/ptII/ptolemy/domains/modal/test/auto/TwoRefinements2.xml (RunModel)" time="0.022" />
  <testcase classname="ptolemy.util.test.junit.AutoTests" name="[137] /home/travis/build/icyphy/ptII/ptolemy/domains/modal/test/auto/WeakImmediateTransition.xml (RunModel)" time="0.026" />
  <testcase classname="ptolemy.util.test.junit.AutoTests" name="[138] /home/travis/build/icyphy/ptII/ptolemy/domains/modal/test/auto/booleanSelect.xml (RunModel)" time="0.093" />
  <testcase classname="ptolemy.util.test.junit.AutoTests" name="[139] /home/travis/build/icyphy/ptII/ptolemy/domains/modal/test/auto/modalChangingParams.xml (RunModel)" time="0.289" />
  <testcase classname="ptolemy.util.test.junit.AutoTests" name="[140] /home/travis/build/icyphy/ptII/ptolemy/domains/modal/test/auto/modalModel.xml (RunModel)" time="0.021" />
  <testcase classname="ptolemy.util.test.junit.AutoTests" name="[141] /home/travis/build/icyphy/ptII/ptolemy/domains/modal/test/auto/modalModel2.xml (RunModel)" time="0.03" />
  <testcase classname="ptolemy.util.test.junit.AutoTests" name="[142] /home/travis/build/icyphy/ptII/ptolemy/domains/modal/test/auto/modalModel3.xml (RunModel)" time="0.037" />
  <testcase classname="ptolemy.util.test.junit.AutoTests" name="[143] /home/travis/build/icyphy/ptII/ptolemy/domains/modal/test/auto/model1.xml (RunModel)" time="0.019" />
  <testcase classname="ptolemy.util.test.junit.AutoTests" name="[144] /home/travis/build/icyphy/ptII/ptolemy/domains/modal/test/auto/test-direct-in-out.xml (RunModel)" time="0.026" />
  <system-out><![CDATA[/home/travis/build/icyphy/ptII/ptolemy/domains/modal/test/SystemLevelType.tcl
testDefs.tcl: setting time out to 9000 seconds at Mon Jul 15 06:41:05 UTC 2019
07/15/19 06:41:07
Failed: 0  Total Tests: 1  ((Passed: 1, Newly Passed: 0)  Known Failed: 0) /home/travis/build/icyphy/ptII/ptolemy/domains/modal/test
----------------- testing (KnownFailure) /home/travis/build/icyphy/ptII/ptolemy/domains/modal/test/auto/knownFailedTests/CannotAnalysisWithPreemption.xml
158 ms. Memory: 120832K Free: 41231K (34%)
Known Failure: java.lang.reflect.InvocationTargetException
No auto/linux-amd64/*.xml tests in /home/travis/build/icyphy/ptII/ptolemy/domains/modal/test
AutoTests.java: About to close Vertx.
AutoTests.java: Vertx closed.

===========================================================================================
----------------- testing Mon Jul 15 06:41:07 UTC 2019 /home/travis/build/icyphy/ptII/ptolemy/domains/modal/test/auto/ABPTest.xml
----------------- Instantiating /home/travis/build/icyphy/ptII/ptolemy/domains/modal/test/auto/ABPTest.xml
386 ms. Memory: 162816K Free: 118874K (73%)
----------------- Invoking toplevel() on ptolemy.moml.MoMLSimpleApplication@20993580
----------------- Done invoking toplevel() on ptolemy.moml.MoMLSimpleApplication@20993580
reloadAllAccessors: .ABPTest

===========================================================================================
----------------- testing Mon Jul 15 06:41:08 UTC 2019 /home/travis/build/icyphy/ptII/ptolemy/domains/modal/test/auto/ABROFlat.xml
----------------- Instantiating /home/travis/build/icyphy/ptII/ptolemy/domains/modal/test/auto/ABROFlat.xml
31 ms. Memory: 162816K Free: 102650K (63%)
----------------- Invoking toplevel() on ptolemy.moml.MoMLSimpleApplication@530e9ba0
----------------- Done invoking toplevel() on ptolemy.moml.MoMLSimpleApplication@530e9ba0
reloadAllAccessors: .ABROFlat

===========================================================================================
----------------- testing Mon Jul 15 06:41:08 UTC 2019 /home/travis/build/icyphy/ptII/ptolemy/domains/modal/test/auto/ABROFlat2.xml
----------------- Instantiating /home/travis/build/icyphy/ptII/ptolemy/domains/modal/test/auto/ABROFlat2.xml
14 ms. Memory: 162816K Free: 86258K (53%)
----------------- Invoking toplevel() on ptolemy.moml.MoMLSimpleApplication@42c6a4f8
----------------- Done invoking toplevel() on ptolemy.moml.MoMLSimpleApplication@42c6a4f8
reloadAllAccessors: .ABROFlat2

===========================================================================================
----------------- testing Mon Jul 15 06:41:08 UTC 2019 /home/travis/build/icyphy/ptII/ptolemy/domains/modal/test/auto/ABRO_present_hmm.xml
----------------- Instantiating /home/travis/build/icyphy/ptII/ptolemy/domains/modal/test/auto/ABRO_present_hmm.xml
35 ms. Memory: 162816K Free: 60062K (37%)
----------------- Invoking toplevel() on ptolemy.moml.MoMLSimpleApplication@20aaa433
----------------- Done invoking toplevel() on ptolemy.moml.MoMLSimpleApplication@20aaa433
reloadAllAccessors: .ABRO_present_hmm

===========================================================================================
----------------- testing Mon Jul 15 06:41:09 UTC 2019 /home/travis/build/icyphy/ptII/ptolemy/domains/modal/test/auto/AMICoderExample.xml
----------------- Instantiating /home/travis/build/icyphy/ptII/ptolemy/domains/modal/test/auto/AMICoderExample.xml
42 ms. Memory: 162816K Free: 135921K (83%)
----------------- Invoking toplevel() on ptolemy.moml.MoMLSimpleApplication@38460133
----------------- Done invoking toplevel() on ptolemy.moml.MoMLSimpleApplication@38460133
reloadAllAccessors: .AMICoderExample

===========================================================================================
----------------- testing Mon Jul 15 06:41:09 UTC 2019 /home/travis/build/icyphy/ptII/ptolemy/domains/modal/test/auto/AbsentToPresent.xml
----------------- Instantiating /home/travis/build/icyphy/ptII/ptolemy/domains/modal/test/auto/AbsentToPresent.xml
4 ms. Memory: 162816K Free: 131270K (81%)
----------------- Invoking toplevel() on ptolemy.moml.MoMLSimpleApplication@2218e435
----------------- Done invoking toplevel() on ptolemy.moml.MoMLSimpleApplication@2218e435
reloadAllAccessors: .AbsentToPresent

===========================================================================================
----------------- testing Mon Jul 15 06:41:09 UTC 2019 /home/travis/build/icyphy/ptII/ptolemy/domains/modal/test/auto/Blending.xml
----------------- Instantiating /home/travis/build/icyphy/ptII/ptolemy/domains/modal/test/auto/Blending.xml
184 ms. Memory: 162816K Free: 86222K (53%)
----------------- Invoking toplevel() on ptolemy.moml.MoMLSimpleApplication@6c2a2150
----------------- Done invoking toplevel() on ptolemy.moml.MoMLSimpleApplication@6c2a2150
reloadAllAccessors: .Blending

===========================================================================================
----------------- testing Mon Jul 15 06:41:09 UTC 2019 /home/travis/build/icyphy/ptII/ptolemy/domains/modal/test/auto/Broadcast.xml
----------------- Instantiating /home/travis/build/icyphy/ptII/ptolemy/domains/modal/test/auto/Broadcast.xml
13 ms. Memory: 162816K Free: 76003K (47%)
----------------- Invoking toplevel() on ptolemy.moml.MoMLSimpleApplication@4aade62b
----------------- Done invoking toplevel() on ptolemy.moml.MoMLSimpleApplication@4aade62b
reloadAllAccessors: .Broadcast

===========================================================================================
----------------- testing Mon Jul 15 06:41:09 UTC 2019 /home/travis/build/icyphy/ptII/ptolemy/domains/modal/test/auto/BroadcastHierarchy.xml
----------------- Instantiating /home/travis/build/icyphy/ptII/ptolemy/domains/modal/test/auto/BroadcastHierarchy.xml
19 ms. Memory: 162816K Free: 62231K (38%)
----------------- Invoking toplevel() on ptolemy.moml.MoMLSimpleApplication@7575c8e8
----------------- Done invoking toplevel() on ptolemy.moml.MoMLSimpleApplication@7575c8e8
reloadAllAccessors: .BroadcastHierarchy

===========================================================================================
----------------- testing Mon Jul 15 06:41:09 UTC 2019 /home/travis/build/icyphy/ptII/ptolemy/domains/modal/test/auto/BroadcastHierarchy2.xml
----------------- Instantiating /home/travis/build/icyphy/ptII/ptolemy/domains/modal/test/auto/BroadcastHierarchy2.xml
36 ms. Memory: 205824K Free: 169174K (82%)
----------------- Invoking toplevel() on ptolemy.moml.MoMLSimpleApplication@15f81a31
----------------- Done invoking toplevel() on ptolemy.moml.MoMLSimpleApplication@15f81a31
reloadAllAccessors: .BroadcastHierarchy2

===========================================================================================
----------------- testing Mon Jul 15 06:41:09 UTC 2019 /home/travis/build/icyphy/ptII/ptolemy/domains/modal/test/auto/BroadcastHierarchy3.xml
----------------- Instantiating /home/travis/build/icyphy/ptII/ptolemy/domains/modal/test/auto/BroadcastHierarchy3.xml
27 ms. Memory: 205824K Free: 148694K (72%)
----------------- Invoking toplevel() on ptolemy.moml.MoMLSimpleApplication@6b60f32d
----------------- Done invoking toplevel() on ptolemy.moml.MoMLSimpleApplication@6b60f32d
reloadAllAccessors: .BroadcastHierarchy3

===========================================================================================
----------------- testing Mon Jul 15 06:41:09 UTC 2019 /home/travis/build/icyphy/ptII/ptolemy/domains/modal/test/auto/BroadcastHierarchy4.xml
----------------- Instantiating /home/travis/build/icyphy/ptII/ptolemy/domains/modal/test/auto/BroadcastHierarchy4.xml
13 ms. Memory: 205824K Free: 124112K (60%)
----------------- Invoking toplevel() on ptolemy.moml.MoMLSimpleApplication@2f982525
----------------- Done invoking toplevel() on ptolemy.moml.MoMLSimpleApplication@2f982525
reloadAllAccessors: .BroadcastHierarchy4

===========================================================================================
----------------- testing Mon Jul 15 06:41:10 UTC 2019 /home/travis/build/icyphy/ptII/ptolemy/domains/modal/test/auto/CannotAnalysisWithPreemption2.xml
----------------- Instantiating /home/travis/build/icyphy/ptII/ptolemy/domains/modal/test/auto/CannotAnalysisWithPreemption2.xml
7 ms. Memory: 205824K Free: 116936K (57%)
----------------- Invoking toplevel() on ptolemy.moml.MoMLSimpleApplication@70097741
----------------- Done invoking toplevel() on ptolemy.moml.MoMLSimpleApplication@70097741
reloadAllAccessors: .CannotAnalysisWithPreemption2

===========================================================================================
----------------- testing Mon Jul 15 06:41:10 UTC 2019 /home/travis/build/icyphy/ptII/ptolemy/domains/modal/test/auto/CannotAnalysisWithPreemption3.xml
----------------- Instantiating /home/travis/build/icyphy/ptII/ptolemy/domains/modal/test/auto/CannotAnalysisWithPreemption3.xml
4 ms. Memory: 205824K Free: 106696K (52%)
----------------- Invoking toplevel() on ptolemy.moml.MoMLSimpleApplication@3ff52ac0
----------------- Done invoking toplevel() on ptolemy.moml.MoMLSimpleApplication@3ff52ac0
reloadAllAccessors: .CannotAnalysisWithPreemption3

===========================================================================================
----------------- testing Mon Jul 15 06:41:10 UTC 2019 /home/travis/build/icyphy/ptII/ptolemy/domains/modal/test/auto/CannotProduce.xml
----------------- Instantiating /home/travis/build/icyphy/ptII/ptolemy/domains/modal/test/auto/CannotProduce.xml
16 ms. Memory: 205824K Free: 100056K (49%)
----------------- Invoking toplevel() on ptolemy.moml.MoMLSimpleApplication@2a504c8e
----------------- Done invoking toplevel() on ptolemy.moml.MoMLSimpleApplication@2a504c8e
reloadAllAccessors: .CannotProduce

===========================================================================================
----------------- testing Mon Jul 15 06:41:10 UTC 2019 /home/travis/build/icyphy/ptII/ptolemy/domains/modal/test/auto/CannotProduceModal.xml
----------------- Instantiating /home/travis/build/icyphy/ptII/ptolemy/domains/modal/test/auto/CannotProduceModal.xml
9 ms. Memory: 205824K Free: 93912K (46%)
----------------- Invoking toplevel() on ptolemy.moml.MoMLSimpleApplication@6303b55f
----------------- Done invoking toplevel() on ptolemy.moml.MoMLSimpleApplication@6303b55f
reloadAllAccessors: .CannotProduceModal

===========================================================================================
----------------- testing Mon Jul 15 06:41:10 UTC 2019 /home/travis/build/icyphy/ptII/ptolemy/domains/modal/test/auto/Case.xml
----------------- Instantiating /home/travis/build/icyphy/ptII/ptolemy/domains/modal/test/auto/Case.xml
29 ms. Memory: 205824K Free: 82134K (40%)
----------------- Invoking toplevel() on ptolemy.moml.MoMLSimpleApplication@269db5ef
----------------- Done invoking toplevel() on ptolemy.moml.MoMLSimpleApplication@269db5ef
reloadAllAccessors: .Case

===========================================================================================
----------------- testing Mon Jul 15 06:41:10 UTC 2019 /home/travis/build/icyphy/ptII/ptolemy/domains/modal/test/auto/Case1.xml
----------------- Instantiating /home/travis/build/icyphy/ptII/ptolemy/domains/modal/test/auto/Case1.xml
6 ms. Memory: 205824K Free: 74966K (36%)
----------------- Invoking toplevel() on ptolemy.moml.MoMLSimpleApplication@1d15bd36
----------------- Done invoking toplevel() on ptolemy.moml.MoMLSimpleApplication@1d15bd36
reloadAllAccessors: .Case1

===========================================================================================
----------------- testing Mon Jul 15 06:41:10 UTC 2019 /home/travis/build/icyphy/ptII/ptolemy/domains/modal/test/auto/Case2.xml
----------------- Instantiating /home/travis/build/icyphy/ptII/ptolemy/domains/modal/test/auto/Case2.xml
29 ms. Memory: 205824K Free: 181461K (88%)
----------------- Invoking toplevel() on ptolemy.moml.MoMLSimpleApplication@6537e498
----------------- Done invoking toplevel() on ptolemy.moml.MoMLSimpleApplication@6537e498
reloadAllAccessors: .Case2

===========================================================================================
----------------- testing Mon Jul 15 06:41:10 UTC 2019 /home/travis/build/icyphy/ptII/ptolemy/domains/modal/test/auto/CausalityInterface1.xml
----------------- Instantiating /home/travis/build/icyphy/ptII/ptolemy/domains/modal/test/auto/CausalityInterface1.xml
4 ms. Memory: 205824K Free: 176341K (86%)
----------------- Invoking toplevel() on ptolemy.moml.MoMLSimpleApplication@759920d2
----------------- Done invoking toplevel() on ptolemy.moml.MoMLSimpleApplication@759920d2
reloadAllAccessors: .CausalityInterface1

===========================================================================================
----------------- testing Mon Jul 15 06:41:10 UTC 2019 /home/travis/build/icyphy/ptII/ptolemy/domains/modal/test/auto/CausalityInterface10.xml
----------------- Instantiating /home/travis/build/icyphy/ptII/ptolemy/domains/modal/test/auto/CausalityInterface10.xml
6 ms. Memory: 205824K Free: 163029K (79%)
----------------- Invoking toplevel() on ptolemy.moml.MoMLSimpleApplication@6fd4dd87
----------------- Done invoking toplevel() on ptolemy.moml.MoMLSimpleApplication@6fd4dd87
reloadAllAccessors: .CausalityInterface10

===========================================================================================
----------------- testing Mon Jul 15 06:41:10 UTC 2019 /home/travis/build/icyphy/ptII/ptolemy/domains/modal/test/auto/CausalityInterface11.xml
----------------- Instantiating /home/travis/build/icyphy/ptII/ptolemy/domains/modal/test/auto/CausalityInterface11.xml
8 ms. Memory: 205824K Free: 149717K (73%)
----------------- Invoking toplevel() on ptolemy.moml.MoMLSimpleApplication@179c1505
----------------- Done invoking toplevel() on ptolemy.moml.MoMLSimpleApplication@179c1505
reloadAllAccessors: .CausalityInterface11

===========================================================================================
----------------- testing Mon Jul 15 06:41:10 UTC 2019 /home/travis/build/icyphy/ptII/ptolemy/domains/modal/test/auto/CausalityInterface12.xml
----------------- Instantiating /home/travis/build/icyphy/ptII/ptolemy/domains/modal/test/auto/CausalityInterface12.xml
8 ms. Memory: 205824K Free: 136405K (66%)
----------------- Invoking toplevel() on ptolemy.moml.MoMLSimpleApplication@36fcb68b
----------------- Done invoking toplevel() on ptolemy.moml.MoMLSimpleApplication@36fcb68b
reloadAllAccessors: .CausalityInterface12

===========================================================================================
----------------- testing Mon Jul 15 06:41:10 UTC 2019 /home/travis/build/icyphy/ptII/ptolemy/domains/modal/test/auto/CausalityInterface13.xml
----------------- Instantiating /home/travis/build/icyphy/ptII/ptolemy/domains/modal/test/auto/CausalityInterface13.xml
12 ms. Memory: 205824K Free: 122565K (60%)
----------------- Invoking toplevel() on ptolemy.moml.MoMLSimpleApplication@25b18350
----------------- Done invoking toplevel() on ptolemy.moml.MoMLSimpleApplication@25b18350
reloadAllAccessors: .CausalityInterface13

===========================================================================================
----------------- testing Mon Jul 15 06:41:10 UTC 2019 /home/travis/build/icyphy/ptII/ptolemy/domains/modal/test/auto/CausalityInterface14.xml
----------------- Instantiating /home/travis/build/icyphy/ptII/ptolemy/domains/modal/test/auto/CausalityInterface14.xml
8 ms. Memory: 205824K Free: 108757K (53%)
----------------- Invoking toplevel() on ptolemy.moml.MoMLSimpleApplication@382239fc
----------------- Done invoking toplevel() on ptolemy.moml.MoMLSimpleApplication@382239fc
reloadAllAccessors: .CausalityInterface14

===========================================================================================
----------------- testing Mon Jul 15 06:41:10 UTC 2019 /home/travis/build/icyphy/ptII/ptolemy/domains/modal/test/auto/CausalityInterface2.xml
----------------- Instantiating /home/travis/build/icyphy/ptII/ptolemy/domains/modal/test/auto/CausalityInterface2.xml
8 ms. Memory: 205824K Free: 102085K (50%)
----------------- Invoking toplevel() on ptolemy.moml.MoMLSimpleApplication@5983ebc6
----------------- Done invoking toplevel() on ptolemy.moml.MoMLSimpleApplication@5983ebc6
reloadAllAccessors: .CausalityInterface2

===========================================================================================
----------------- testing Mon Jul 15 06:41:10 UTC 2019 /home/travis/build/icyphy/ptII/ptolemy/domains/modal/test/auto/CausalityInterface3.xml
----------------- Instantiating /home/travis/build/icyphy/ptII/ptolemy/domains/modal/test/auto/CausalityInterface3.xml
4 ms. Memory: 205824K Free: 95445K (46%)
----------------- Invoking toplevel() on ptolemy.moml.MoMLSimpleApplication@78e12930
----------------- Done invoking toplevel() on ptolemy.moml.MoMLSimpleApplication@78e12930
reloadAllAccessors: .CausalityInterface3

===========================================================================================
----------------- testing Mon Jul 15 06:41:10 UTC 2019 /home/travis/build/icyphy/ptII/ptolemy/domains/modal/test/auto/CausalityInterface4.xml
----------------- Instantiating /home/travis/build/icyphy/ptII/ptolemy/domains/modal/test/auto/CausalityInterface4.xml
4 ms. Memory: 205824K Free: 89301K (43%)
----------------- Invoking toplevel() on ptolemy.moml.MoMLSimpleApplication@76029dd9
----------------- Done invoking toplevel() on ptolemy.moml.MoMLSimpleApplication@76029dd9
reloadAllAccessors: .CausalityInterface4

===========================================================================================
----------------- testing Mon Jul 15 06:41:10 UTC 2019 /home/travis/build/icyphy/ptII/ptolemy/domains/modal/test/auto/CausalityInterface5.xml
----------------- Instantiating /home/travis/build/icyphy/ptII/ptolemy/domains/modal/test/auto/CausalityInterface5.xml
5 ms. Memory: 205824K Free: 81109K (39%)
----------------- Invoking toplevel() on ptolemy.moml.MoMLSimpleApplication@2c773ac0
----------------- Done invoking toplevel() on ptolemy.moml.MoMLSimpleApplication@2c773ac0
reloadAllAccessors: .CausalityInterface5

===========================================================================================
----------------- testing Mon Jul 15 06:41:10 UTC 2019 /home/travis/build/icyphy/ptII/ptolemy/domains/modal/test/auto/CausalityInterface6.xml
----------------- Instantiating /home/travis/build/icyphy/ptII/ptolemy/domains/modal/test/auto/CausalityInterface6.xml
4 ms. Memory: 205824K Free: 72917K (35%)
----------------- Invoking toplevel() on ptolemy.moml.MoMLSimpleApplication@ddf3122
----------------- Done invoking toplevel() on ptolemy.moml.MoMLSimpleApplication@ddf3122
reloadAllAccessors: .CausalityInterface6

===========================================================================================
----------------- testing Mon Jul 15 06:41:10 UTC 2019 /home/travis/build/icyphy/ptII/ptolemy/domains/modal/test/auto/CausalityInterface7.xml
----------------- Instantiating /home/travis/build/icyphy/ptII/ptolemy/domains/modal/test/auto/CausalityInterface7.xml
9 ms. Memory: 205824K Free: 182512K (89%)
----------------- Invoking toplevel() on ptolemy.moml.MoMLSimpleApplication@4e826ee0
----------------- Done invoking toplevel() on ptolemy.moml.MoMLSimpleApplication@4e826ee0
reloadAllAccessors: .CausalityInterface7

===========================================================================================
----------------- testing Mon Jul 15 06:41:10 UTC 2019 /home/travis/build/icyphy/ptII/ptolemy/domains/modal/test/auto/CausalityInterface8.xml
----------------- Instantiating /home/travis/build/icyphy/ptII/ptolemy/domains/modal/test/auto/CausalityInterface8.xml
6 ms. Memory: 205824K Free: 173776K (84%)
----------------- Invoking toplevel() on ptolemy.moml.MoMLSimpleApplication@76c5218a
----------------- Done invoking toplevel() on ptolemy.moml.MoMLSimpleApplication@76c5218a
reloadAllAccessors: .CausalityInterface8

===========================================================================================
----------------- testing Mon Jul 15 06:41:10 UTC 2019 /home/travis/build/icyphy/ptII/ptolemy/domains/modal/test/auto/CausalityInterface9.xml
----------------- Instantiating /home/travis/build/icyphy/ptII/ptolemy/domains/modal/test/auto/CausalityInterface9.xml
8 ms. Memory: 205824K Free: 164576K (80%)
----------------- Invoking toplevel() on ptolemy.moml.MoMLSimpleApplication@ac59728
----------------- Done invoking toplevel() on ptolemy.moml.MoMLSimpleApplication@ac59728
reloadAllAccessors: .CausalityInterface9

===========================================================================================
----------------- testing Mon Jul 15 06:41:10 UTC 2019 /home/travis/build/icyphy/ptII/ptolemy/domains/modal/test/auto/ChainedTransitions.xml
----------------- Instantiating /home/travis/build/icyphy/ptII/ptolemy/domains/modal/test/auto/ChainedTransitions.xml
98 ms. Memory: 205824K Free: 140014K (68%)
----------------- Invoking toplevel() on ptolemy.moml.MoMLSimpleApplication@4541131a
----------------- Done invoking toplevel() on ptolemy.moml.MoMLSimpleApplication@4541131a
reloadAllAccessors: .ChainedTransitions

===========================================================================================
----------------- testing Mon Jul 15 06:41:11 UTC 2019 /home/travis/build/icyphy/ptII/ptolemy/domains/modal/test/auto/CycleOfImmediateTransitionsFSM.xml
----------------- Instantiating /home/travis/build/icyphy/ptII/ptolemy/domains/modal/test/auto/CycleOfImmediateTransitionsFSM.xml
3 ms. Memory: 205824K Free: 134384K (65%)
----------------- Invoking toplevel() on ptolemy.moml.MoMLSimpleApplication@5f518263
----------------- Done invoking toplevel() on ptolemy.moml.MoMLSimpleApplication@5f518263
reloadAllAccessors: .CycleOfImmediateTransitionsFSM

===========================================================================================
----------------- testing Mon Jul 15 06:41:11 UTC 2019 /home/travis/build/icyphy/ptII/ptolemy/domains/modal/test/auto/CycleOfImmediateTransitionsModal.xml
----------------- Instantiating /home/travis/build/icyphy/ptII/ptolemy/domains/modal/test/auto/CycleOfImmediateTransitionsModal.xml
4 ms. Memory: 205824K Free: 127726K (62%)
----------------- Invoking toplevel() on ptolemy.moml.MoMLSimpleApplication@29fc1815
----------------- Done invoking toplevel() on ptolemy.moml.MoMLSimpleApplication@29fc1815
reloadAllAccessors: .CycleOfImmediateTransitionsModal

===========================================================================================
----------------- testing Mon Jul 15 06:41:11 UTC 2019 /home/travis/build/icyphy/ptII/ptolemy/domains/modal/test/auto/CycleOfImmediateTransitionsModal2.xml
----------------- Instantiating /home/travis/build/icyphy/ptII/ptolemy/domains/modal/test/auto/CycleOfImmediateTransitionsModal2.xml
9 ms. Memory: 205824K Free: 121582K (59%)
----------------- Invoking toplevel() on ptolemy.moml.MoMLSimpleApplication@702707d2
----------------- Done invoking toplevel() on ptolemy.moml.MoMLSimpleApplication@702707d2
reloadAllAccessors: .CycleOfImmediateTransitionsModal2

===========================================================================================
----------------- testing Mon Jul 15 06:41:11 UTC 2019 /home/travis/build/icyphy/ptII/ptolemy/domains/modal/test/auto/CycleOfImmediateTransitionsModal3.xml
----------------- Instantiating /home/travis/build/icyphy/ptII/ptolemy/domains/modal/test/auto/CycleOfImmediateTransitionsModal3.xml
13 ms. Memory: 205824K Free: 99040K (48%)
----------------- Invoking toplevel() on ptolemy.moml.MoMLSimpleApplication@78089ddf
----------------- Done invoking toplevel() on ptolemy.moml.MoMLSimpleApplication@78089ddf
reloadAllAccessors: .CycleOfImmediateTransitionsModal3

===========================================================================================
----------------- testing Mon Jul 15 06:41:11 UTC 2019 /home/travis/build/icyphy/ptII/ptolemy/domains/modal/test/auto/DeepModal1.xml
----------------- Instantiating /home/travis/build/icyphy/ptII/ptolemy/domains/modal/test/auto/DeepModal1.xml
29 ms. Memory: 205824K Free: 85232K (41%)
----------------- Invoking toplevel() on ptolemy.moml.MoMLSimpleApplication@1401a50e
----------------- Done invoking toplevel() on ptolemy.moml.MoMLSimpleApplication@1401a50e
reloadAllAccessors: .DeepModal1

===========================================================================================
----------------- testing Mon Jul 15 06:41:11 UTC 2019 /home/travis/build/icyphy/ptII/ptolemy/domains/modal/test/auto/DeepModal2.xml
----------------- Instantiating /home/travis/build/icyphy/ptII/ptolemy/domains/modal/test/auto/DeepModal2.xml
37 ms. Memory: 205824K Free: 183726K (89%)
----------------- Invoking toplevel() on ptolemy.moml.MoMLSimpleApplication@637f6d76
----------------- Done invoking toplevel() on ptolemy.moml.MoMLSimpleApplication@637f6d76
reloadAllAccessors: .DeepModal2

===========================================================================================
----------------- testing Mon Jul 15 06:41:11 UTC 2019 /home/travis/build/icyphy/ptII/ptolemy/domains/modal/test/auto/DeepModal3.xml
----------------- Instantiating /home/travis/build/icyphy/ptII/ptolemy/domains/modal/test/auto/DeepModal3.xml
30 ms. Memory: 205824K Free: 164035K (80%)
----------------- Invoking toplevel() on ptolemy.moml.MoMLSimpleApplication@245b95c1
----------------- Done invoking toplevel() on ptolemy.moml.MoMLSimpleApplication@245b95c1
reloadAllAccessors: .DeepModal3

===========================================================================================
----------------- testing Mon Jul 15 06:41:11 UTC 2019 /home/travis/build/icyphy/ptII/ptolemy/domains/modal/test/auto/DeepModal4.xml
----------------- Instantiating /home/travis/build/icyphy/ptII/ptolemy/domains/modal/test/auto/DeepModal4.xml
34 ms. Memory: 205824K Free: 144579K (70%)
----------------- Invoking toplevel() on ptolemy.moml.MoMLSimpleApplication@600290eb
----------------- Done invoking toplevel() on ptolemy.moml.MoMLSimpleApplication@600290eb
reloadAllAccessors: .DeepModal4

===========================================================================================
----------------- testing Mon Jul 15 06:41:11 UTC 2019 /home/travis/build/icyphy/ptII/ptolemy/domains/modal/test/auto/Default1.xml
----------------- Instantiating /home/travis/build/icyphy/ptII/ptolemy/domains/modal/test/auto/Default1.xml
3 ms. Memory: 205824K Free: 138449K (67%)
----------------- Invoking toplevel() on ptolemy.moml.MoMLSimpleApplication@eb6766e
----------------- Done invoking toplevel() on ptolemy.moml.MoMLSimpleApplication@eb6766e
reloadAllAccessors: .Default1

===========================================================================================
----------------- testing Mon Jul 15 06:41:11 UTC 2019 /home/travis/build/icyphy/ptII/ptolemy/domains/modal/test/auto/Default2.xml
----------------- Instantiating /home/travis/build/icyphy/ptII/ptolemy/domains/modal/test/auto/Default2.xml
9 ms. Memory: 205824K Free: 132817K (65%)
----------------- Invoking toplevel() on ptolemy.moml.MoMLSimpleApplication@39886038
----------------- Done invoking toplevel() on ptolemy.moml.MoMLSimpleApplication@39886038
reloadAllAccessors: .Default2

===========================================================================================
----------------- testing Mon Jul 15 06:41:11 UTC 2019 /home/travis/build/icyphy/ptII/ptolemy/domains/modal/test/auto/Default3.xml
----------------- Instantiating /home/travis/build/icyphy/ptII/ptolemy/domains/modal/test/auto/Default3.xml
5 ms. Memory: 205824K Free: 127185K (62%)
----------------- Invoking toplevel() on ptolemy.moml.MoMLSimpleApplication@57c7b886
----------------- Done invoking toplevel() on ptolemy.moml.MoMLSimpleApplication@57c7b886
reloadAllAccessors: .Default3

===========================================================================================
----------------- testing Mon Jul 15 06:41:11 UTC 2019 /home/travis/build/icyphy/ptII/ptolemy/domains/modal/test/auto/Default4.xml
----------------- Instantiating /home/travis/build/icyphy/ptII/ptolemy/domains/modal/test/auto/Default4.xml
8 ms. Memory: 205824K Free: 121041K (59%)
----------------- Invoking toplevel() on ptolemy.moml.MoMLSimpleApplication@7e4a00ff
----------------- Done invoking toplevel() on ptolemy.moml.MoMLSimpleApplication@7e4a00ff
reloadAllAccessors: .Default4

===========================================================================================
----------------- testing Mon Jul 15 06:41:11 UTC 2019 /home/travis/build/icyphy/ptII/ptolemy/domains/modal/test/auto/Default5.xml
----------------- Instantiating /home/travis/build/icyphy/ptII/ptolemy/domains/modal/test/auto/Default5.xml
7 ms. Memory: 205824K Free: 112835K (55%)
----------------- Invoking toplevel() on ptolemy.moml.MoMLSimpleApplication@2c2dcf42
----------------- Done invoking toplevel() on ptolemy.moml.MoMLSimpleApplication@2c2dcf42
reloadAllAccessors: .Default5

===========================================================================================
----------------- testing Mon Jul 15 06:41:11 UTC 2019 /home/travis/build/icyphy/ptII/ptolemy/domains/modal/test/auto/EmptyGuard.xml
----------------- Instantiating /home/travis/build/icyphy/ptII/ptolemy/domains/modal/test/auto/EmptyGuard.xml
12 ms. Memory: 205824K Free: 105171K (51%)
----------------- Invoking toplevel() on ptolemy.moml.MoMLSimpleApplication@94c7a2d
----------------- Done invoking toplevel() on ptolemy.moml.MoMLSimpleApplication@94c7a2d
reloadAllAccessors: .EmptyGuard

===========================================================================================
----------------- testing Mon Jul 15 06:41:11 UTC 2019 /home/travis/build/icyphy/ptII/ptolemy/domains/modal/test/auto/ErrorTransition1.xml
----------------- Instantiating /home/travis/build/icyphy/ptII/ptolemy/domains/modal/test/auto/ErrorTransition1.xml
8 ms. Memory: 205824K Free: 96465K (47%)
----------------- Invoking toplevel() on ptolemy.moml.MoMLSimpleApplication@232b85ba
----------------- Done invoking toplevel() on ptolemy.moml.MoMLSimpleApplication@232b85ba
reloadAllAccessors: .ErrorTransition1

===========================================================================================
----------------- testing Mon Jul 15 06:41:11 UTC 2019 /home/travis/build/icyphy/ptII/ptolemy/domains/modal/test/auto/ErrorTransition10.xml
----------------- Instantiating /home/travis/build/icyphy/ptII/ptolemy/domains/modal/test/auto/ErrorTransition10.xml
11 ms. Memory: 205824K Free: 82643K (40%)
----------------- Invoking toplevel() on ptolemy.moml.MoMLSimpleApplication@3964304c
----------------- Done invoking toplevel() on ptolemy.moml.MoMLSimpleApplication@3964304c
reloadAllAccessors: .ErrorTransition10

===========================================================================================
----------------- testing Mon Jul 15 06:41:11 UTC 2019 /home/travis/build/icyphy/ptII/ptolemy/domains/modal/test/auto/ErrorTransition11.xml
----------------- Instantiating /home/travis/build/icyphy/ptII/ptolemy/domains/modal/test/auto/ErrorTransition11.xml
4 ms. Memory: 205824K Free: 71379K (35%)
----------------- Invoking toplevel() on ptolemy.moml.MoMLSimpleApplication@60c4affe
----------------- Done invoking toplevel() on ptolemy.moml.MoMLSimpleApplication@60c4affe
reloadAllAccessors: .ErrorTransition11

===========================================================================================
----------------- testing Mon Jul 15 06:41:11 UTC 2019 /home/travis/build/icyphy/ptII/ptolemy/domains/modal/test/auto/ErrorTransition2.xml
----------------- Instantiating /home/travis/build/icyphy/ptII/ptolemy/domains/modal/test/auto/ErrorTransition2.xml
8 ms. Memory: 257024K Free: 230593K (90%)
----------------- Invoking toplevel() on ptolemy.moml.MoMLSimpleApplication@1ac25359
----------------- Done invoking toplevel() on ptolemy.moml.MoMLSimpleApplication@1ac25359
reloadAllAccessors: .ErrorTransition2

===========================================================================================
----------------- testing Mon Jul 15 06:41:11 UTC 2019 /home/travis/build/icyphy/ptII/ptolemy/domains/modal/test/auto/ErrorTransition3.xml
----------------- Instantiating /home/travis/build/icyphy/ptII/ptolemy/domains/modal/test/auto/ErrorTransition3.xml
21 ms. Memory: 257024K Free: 220353K (86%)
----------------- Invoking toplevel() on ptolemy.moml.MoMLSimpleApplication@2e7788c
----------------- Done invoking toplevel() on ptolemy.moml.MoMLSimpleApplication@2e7788c
reloadAllAccessors: .ErrorTransition3

===========================================================================================
----------------- testing Mon Jul 15 06:41:11 UTC 2019 /home/travis/build/icyphy/ptII/ptolemy/domains/modal/test/auto/ErrorTransition4.xml
----------------- Instantiating /home/travis/build/icyphy/ptII/ptolemy/domains/modal/test/auto/ErrorTransition4.xml
15 ms. Memory: 257024K Free: 209075K (81%)
----------------- Invoking toplevel() on ptolemy.moml.MoMLSimpleApplication@2a5dca0f
----------------- Done invoking toplevel() on ptolemy.moml.MoMLSimpleApplication@2a5dca0f
reloadAllAccessors: .ErrorTransition4

===========================================================================================
----------------- testing Mon Jul 15 06:41:12 UTC 2019 /home/travis/build/icyphy/ptII/ptolemy/domains/modal/test/auto/ErrorTransition5.xml
----------------- Instantiating /home/travis/build/icyphy/ptII/ptolemy/domains/modal/test/auto/ErrorTransition5.xml
6 ms. Memory: 257024K Free: 198819K (77%)
----------------- Invoking toplevel() on ptolemy.moml.MoMLSimpleApplication@153e8574
----------------- Done invoking toplevel() on ptolemy.moml.MoMLSimpleApplication@153e8574
reloadAllAccessors: .ErrorTransition5

===========================================================================================
----------------- testing Mon Jul 15 06:41:12 UTC 2019 /home/travis/build/icyphy/ptII/ptolemy/domains/modal/test/auto/ErrorTransition6.xml
----------------- Instantiating /home/travis/build/icyphy/ptII/ptolemy/domains/modal/test/auto/ErrorTransition6.xml
11 ms. Memory: 257024K Free: 188099K (73%)
----------------- Invoking toplevel() on ptolemy.moml.MoMLSimpleApplication@5ab42aad
----------------- Done invoking toplevel() on ptolemy.moml.MoMLSimpleApplication@5ab42aad
reloadAllAccessors: .ErrorTransition6

===========================================================================================
----------------- testing Mon Jul 15 06:41:12 UTC 2019 /home/travis/build/icyphy/ptII/ptolemy/domains/modal/test/auto/ErrorTransition7.xml
----------------- Instantiating /home/travis/build/icyphy/ptII/ptolemy/domains/modal/test/auto/ErrorTransition7.xml
13 ms. Memory: 257024K Free: 175291K (68%)
----------------- Invoking toplevel() on ptolemy.moml.MoMLSimpleApplication@b92c6bf
----------------- Done invoking toplevel() on ptolemy.moml.MoMLSimpleApplication@b92c6bf
reloadAllAccessors: .ErrorTransition7

===========================================================================================
----------------- testing Mon Jul 15 06:41:12 UTC 2019 /home/travis/build/icyphy/ptII/ptolemy/domains/modal/test/auto/ErrorTransition8.xml
----------------- Instantiating /home/travis/build/icyphy/ptII/ptolemy/domains/modal/test/auto/ErrorTransition8.xml
28 ms. Memory: 257024K Free: 161985K (63%)
----------------- Invoking toplevel() on ptolemy.moml.MoMLSimpleApplication@1311dbbf
----------------- Done invoking toplevel() on ptolemy.moml.MoMLSimpleApplication@1311dbbf
reloadAllAccessors: .ErrorTransition8

===========================================================================================
----------------- testing Mon Jul 15 06:41:12 UTC 2019 /home/travis/build/icyphy/ptII/ptolemy/domains/modal/test/auto/ErrorTransition9.xml
----------------- Instantiating /home/travis/build/icyphy/ptII/ptolemy/domains/modal/test/auto/ErrorTransition9.xml
15 ms. Memory: 257024K Free: 148673K (58%)
----------------- Invoking toplevel() on ptolemy.moml.MoMLSimpleApplication@4995cf7d
----------------- Done invoking toplevel() on ptolemy.moml.MoMLSimpleApplication@4995cf7d
reloadAllAccessors: .ErrorTransition9

===========================================================================================
----------------- testing Mon Jul 15 06:41:12 UTC 2019 /home/travis/build/icyphy/ptII/ptolemy/domains/modal/test/auto/ExtendedFSM.xml
----------------- Instantiating /home/travis/build/icyphy/ptII/ptolemy/domains/modal/test/auto/ExtendedFSM.xml
8 ms. Memory: 257024K Free: 139971K (54%)
----------------- Invoking toplevel() on ptolemy.moml.MoMLSimpleApplication@3058e33
----------------- Done invoking toplevel() on ptolemy.moml.MoMLSimpleApplication@3058e33
reloadAllAccessors: .ExtendedFSM

===========================================================================================
----------------- testing Mon Jul 15 06:41:12 UTC 2019 /home/travis/build/icyphy/ptII/ptolemy/domains/modal/test/auto/FinalStates.xml
----------------- Instantiating /home/travis/build/icyphy/ptII/ptolemy/domains/modal/test/auto/FinalStates.xml
7 ms. Memory: 257024K Free: 131779K (51%)
----------------- Invoking toplevel() on ptolemy.moml.MoMLSimpleApplication@379ae384
----------------- Done invoking toplevel() on ptolemy.moml.MoMLSimpleApplication@379ae384
reloadAllAccessors: .FinalStates

===========================================================================================
----------------- testing Mon Jul 15 06:41:12 UTC 2019 /home/travis/build/icyphy/ptII/ptolemy/domains/modal/test/auto/FixedPointFSM.xml
----------------- Instantiating /home/travis/build/icyphy/ptII/ptolemy/domains/modal/test/auto/FixedPointFSM.xml
21 ms. Memory: 257024K Free: 116923K (45%)
----------------- Invoking toplevel() on ptolemy.moml.MoMLSimpleApplication@340e68d9
----------------- Done invoking toplevel() on ptolemy.moml.MoMLSimpleApplication@340e68d9
reloadAllAccessors: .FixedPointFSM

===========================================================================================
----------------- testing Mon Jul 15 06:41:12 UTC 2019 /home/travis/build/icyphy/ptII/ptolemy/domains/modal/test/auto/FixedPointIterationFSMActor.xml
----------------- Instantiating /home/travis/build/icyphy/ptII/ptolemy/domains/modal/test/auto/FixedPointIterationFSMActor.xml
9 ms. Memory: 257024K Free: 106683K (42%)
----------------- Invoking toplevel() on ptolemy.moml.MoMLSimpleApplication@32be848a
----------------- Done invoking toplevel() on ptolemy.moml.MoMLSimpleApplication@32be848a
reloadAllAccessors: .FixedPointIterationFSMActor

===========================================================================================
----------------- testing Mon Jul 15 06:41:12 UTC 2019 /home/travis/build/icyphy/ptII/ptolemy/domains/modal/test/auto/FixedPointIterationFSMActor2.xml
----------------- Instantiating /home/travis/build/icyphy/ptII/ptolemy/domains/modal/test/auto/FixedPointIterationFSMActor2.xml
12 ms. Memory: 257024K Free: 93891K (37%)
----------------- Invoking toplevel() on ptolemy.moml.MoMLSimpleApplication@21b87d6a
----------------- Done invoking toplevel() on ptolemy.moml.MoMLSimpleApplication@21b87d6a
reloadAllAccessors: .FixedPointIterationFSMActor2

===========================================================================================
----------------- testing Mon Jul 15 06:41:12 UTC 2019 /home/travis/build/icyphy/ptII/ptolemy/domains/modal/test/auto/ForbiddenInstantanousLoop.xml
----------------- Instantiating /home/travis/build/icyphy/ptII/ptolemy/domains/modal/test/auto/ForbiddenInstantanousLoop.xml
12 ms. Memory: 257024K Free: 229574K (89%)
----------------- Invoking toplevel() on ptolemy.moml.MoMLSimpleApplication@2ac902ff
----------------- Done invoking toplevel() on ptolemy.moml.MoMLSimpleApplication@2ac902ff
reloadAllAccessors: .ForbiddenInstantanousLoop

===========================================================================================
----------------- testing Mon Jul 15 06:41:12 UTC 2019 /home/travis/build/icyphy/ptII/ptolemy/domains/modal/test/auto/FunctionDependencyOfFSMActorTest.xml
----------------- Instantiating /home/travis/build/icyphy/ptII/ptolemy/domains/modal/test/auto/FunctionDependencyOfFSMActorTest.xml
14 ms. Memory: 257024K Free: 222374K (87%)
----------------- Invoking toplevel() on ptolemy.moml.MoMLSimpleApplication@7680b634
----------------- Done invoking toplevel() on ptolemy.moml.MoMLSimpleApplication@7680b634
reloadAllAccessors: .FunctionDependencyOfFSMActorTest

===========================================================================================
----------------- testing Mon Jul 15 06:41:12 UTC 2019 /home/travis/build/icyphy/ptII/ptolemy/domains/modal/test/auto/GuardExpression.xml
----------------- Instantiating /home/travis/build/icyphy/ptII/ptolemy/domains/modal/test/auto/GuardExpression.xml
2 ms. Memory: 257024K Free: 217286K (85%)
----------------- Invoking toplevel() on ptolemy.moml.MoMLSimpleApplication@3d2dba84
----------------- Done invoking toplevel() on ptolemy.moml.MoMLSimpleApplication@3d2dba84
reloadAllAccessors: .GuardExpression

===========================================================================================
----------------- testing Mon Jul 15 06:41:12 UTC 2019 /home/travis/build/icyphy/ptII/ptolemy/domains/modal/test/auto/GuardNotEvaluated.xml
----------------- Instantiating /home/travis/build/icyphy/ptII/ptolemy/domains/modal/test/auto/GuardNotEvaluated.xml
7 ms. Memory: 257024K Free: 208584K (81%)
----------------- Invoking toplevel() on ptolemy.moml.MoMLSimpleApplication@50e77c9e
----------------- Done invoking toplevel() on ptolemy.moml.MoMLSimpleApplication@50e77c9e
reloadAllAccessors: .GuardNotEvaluated

===========================================================================================
----------------- testing Mon Jul 15 06:41:12 UTC 2019 /home/travis/build/icyphy/ptII/ptolemy/domains/modal/test/auto/GuardNotEvaluated2.xml
----------------- Instantiating /home/travis/build/icyphy/ptII/ptolemy/domains/modal/test/auto/GuardNotEvaluated2.xml
7 ms. Memory: 257024K Free: 198854K (77%)
----------------- Invoking toplevel() on ptolemy.moml.MoMLSimpleApplication@5230b13e
----------------- Done invoking toplevel() on ptolemy.moml.MoMLSimpleApplication@5230b13e
reloadAllAccessors: .GuardNotEvaluated2

===========================================================================================
----------------- testing Mon Jul 15 06:41:12 UTC 2019 /home/travis/build/icyphy/ptII/ptolemy/domains/modal/test/auto/GuardOnAbsent.xml
----------------- Instantiating /home/travis/build/icyphy/ptII/ptolemy/domains/modal/test/auto/GuardOnAbsent.xml
9 ms. Memory: 257024K Free: 191176K (74%)
----------------- Invoking toplevel() on ptolemy.moml.MoMLSimpleApplication@5055ac3d
----------------- Done invoking toplevel() on ptolemy.moml.MoMLSimpleApplication@5055ac3d
reloadAllAccessors: .GuardOnAbsent

===========================================================================================
----------------- testing Mon Jul 15 06:41:12 UTC 2019 /home/travis/build/icyphy/ptII/ptolemy/domains/modal/test/auto/HierarchicalFSMTypeInference.xml
----------------- Instantiating /home/travis/build/icyphy/ptII/ptolemy/domains/modal/test/auto/HierarchicalFSMTypeInference.xml
5 ms. Memory: 257024K Free: 180422K (70%)
----------------- Invoking toplevel() on ptolemy.moml.MoMLSimpleApplication@a71149a
----------------- Done invoking toplevel() on ptolemy.moml.MoMLSimpleApplication@a71149a
reloadAllAccessors: .HierarchicalFSMTypeInference

===========================================================================================
----------------- testing Mon Jul 15 06:41:12 UTC 2019 /home/travis/build/icyphy/ptII/ptolemy/domains/modal/test/auto/Hysteresis.xml
----------------- Instantiating /home/travis/build/icyphy/ptII/ptolemy/domains/modal/test/auto/Hysteresis.xml
13 ms. Memory: 257024K Free: 167096K (65%)
----------------- Invoking toplevel() on ptolemy.moml.MoMLSimpleApplication@2a41b1a
----------------- Done invoking toplevel() on ptolemy.moml.MoMLSimpleApplication@2a41b1a
reloadAllAccessors: .Hysteresis

===========================================================================================
----------------- testing Mon Jul 15 06:41:12 UTC 2019 /home/travis/build/icyphy/ptII/ptolemy/domains/modal/test/auto/HysteresisWithDefault.xml
----------------- Instantiating /home/travis/build/icyphy/ptII/ptolemy/domains/modal/test/auto/HysteresisWithDefault.xml
37 ms. Memory: 257024K Free: 144072K (56%)
----------------- Invoking toplevel() on ptolemy.moml.MoMLSimpleApplication@7916cd2
----------------- Done invoking toplevel() on ptolemy.moml.MoMLSimpleApplication@7916cd2
reloadAllAccessors: .HysteresisWithDefault

===========================================================================================
----------------- testing Mon Jul 15 06:41:12 UTC 2019 /home/travis/build/icyphy/ptII/ptolemy/domains/modal/test/auto/HysteresisWithDefault2.xml
----------------- Instantiating /home/travis/build/icyphy/ptII/ptolemy/domains/modal/test/auto/HysteresisWithDefault2.xml
45 ms. Memory: 257024K Free: 114376K (45%)
----------------- Invoking toplevel() on ptolemy.moml.MoMLSimpleApplication@57ab2d7e
----------------- Done invoking toplevel() on ptolemy.moml.MoMLSimpleApplication@57ab2d7e
reloadAllAccessors: .HysteresisWithDefault2

===========================================================================================
----------------- testing Mon Jul 15 06:41:12 UTC 2019 /home/travis/build/icyphy/ptII/ptolemy/domains/modal/test/auto/ImmediateNonConstructiveness.xml
----------------- Instantiating /home/travis/build/icyphy/ptII/ptolemy/domains/modal/test/auto/ImmediateNonConstructiveness.xml
3 ms. Memory: 257024K Free: 107718K (42%)
----------------- Invoking toplevel() on ptolemy.moml.MoMLSimpleApplication@5d738e0d
----------------- Done invoking toplevel() on ptolemy.moml.MoMLSimpleApplication@5d738e0d
reloadAllAccessors: .ImmediateNonConstructiveness

===========================================================================================
----------------- testing Mon Jul 15 06:41:12 UTC 2019 /home/travis/build/icyphy/ptII/ptolemy/domains/modal/test/auto/ImmediateNonConstructiveness2.xml
----------------- Instantiating /home/travis/build/icyphy/ptII/ptolemy/domains/modal/test/auto/ImmediateNonConstructiveness2.xml
3 ms. Memory: 257024K Free: 101064K (39%)
----------------- Invoking toplevel() on ptolemy.moml.MoMLSimpleApplication@3a941438
----------------- Done invoking toplevel() on ptolemy.moml.MoMLSimpleApplication@3a941438
reloadAllAccessors: .ImmediateNonConstructiveness2

===========================================================================================
----------------- testing Mon Jul 15 06:41:12 UTC 2019 /home/travis/build/icyphy/ptII/ptolemy/domains/modal/test/auto/ImmediateTransitionReset.xml
----------------- Instantiating /home/travis/build/icyphy/ptII/ptolemy/domains/modal/test/auto/ImmediateTransitionReset.xml
6 ms. Memory: 257024K Free: 236209K (92%)
----------------- Invoking toplevel() on ptolemy.moml.MoMLSimpleApplication@3a666472
----------------- Done invoking toplevel() on ptolemy.moml.MoMLSimpleApplication@3a666472
reloadAllAccessors: .ImmediateTransitionReset

===========================================================================================
----------------- testing Mon Jul 15 06:41:12 UTC 2019 /home/travis/build/icyphy/ptII/ptolemy/domains/modal/test/auto/ImmediateTransitions1.xml
----------------- Instantiating /home/travis/build/icyphy/ptII/ptolemy/domains/modal/test/auto/ImmediateTransitions1.xml
2 ms. Memory: 257024K Free: 231089K (90%)
----------------- Invoking toplevel() on ptolemy.moml.MoMLSimpleApplication@5388fc40
----------------- Done invoking toplevel() on ptolemy.moml.MoMLSimpleApplication@5388fc40
reloadAllAccessors: .ImmediateTransitions1

===========================================================================================
----------------- testing Mon Jul 15 06:41:12 UTC 2019 /home/travis/build/icyphy/ptII/ptolemy/domains/modal/test/auto/ImmediateTransitionsInstantaneousCommunication.xml
----------------- Instantiating /home/travis/build/icyphy/ptII/ptolemy/domains/modal/test/auto/ImmediateTransitionsInstantaneousCommunication.xml
5 ms. Memory: 257024K Free: 218794K (85%)
----------------- Invoking toplevel() on ptolemy.moml.MoMLSimpleApplication@65ca33e5
----------------- Done invoking toplevel() on ptolemy.moml.MoMLSimpleApplication@65ca33e5
reloadAllAccessors: .ImmediateTransitionsInstantaneousCommunication

===========================================================================================
----------------- testing Mon Jul 15 06:41:13 UTC 2019 /home/travis/build/icyphy/ptII/ptolemy/domains/modal/test/auto/InitialImmediateTransition.xml
----------------- Instantiating /home/travis/build/icyphy/ptII/ptolemy/domains/modal/test/auto/InitialImmediateTransition.xml
5 ms. Memory: 257024K Free: 211626K (82%)
----------------- Invoking toplevel() on ptolemy.moml.MoMLSimpleApplication@5a49f510
----------------- Done invoking toplevel() on ptolemy.moml.MoMLSimpleApplication@5a49f510
reloadAllAccessors: .InitialImmediateTransition

===========================================================================================
----------------- testing Mon Jul 15 06:41:13 UTC 2019 /home/travis/build/icyphy/ptII/ptolemy/domains/modal/test/auto/InitialOutputs.xml
----------------- Instantiating /home/travis/build/icyphy/ptII/ptolemy/domains/modal/test/auto/InitialOutputs.xml
4 ms. Memory: 257024K Free: 204979K (80%)
----------------- Invoking toplevel() on ptolemy.moml.MoMLSimpleApplication@22a7b5f7
----------------- Done invoking toplevel() on ptolemy.moml.MoMLSimpleApplication@22a7b5f7
reloadAllAccessors: .InitialOutputs

===========================================================================================
----------------- testing Mon Jul 15 06:41:13 UTC 2019 /home/travis/build/icyphy/ptII/ptolemy/domains/modal/test/auto/InitialStateTransition1.xml
----------------- Instantiating /home/travis/build/icyphy/ptII/ptolemy/domains/modal/test/auto/InitialStateTransition1.xml
2 ms. Memory: 257024K Free: 197811K (77%)
----------------- Invoking toplevel() on ptolemy.moml.MoMLSimpleApplication@3994afbb
----------------- Done invoking toplevel() on ptolemy.moml.MoMLSimpleApplication@3994afbb
reloadAllAccessors: .InitialStateTransition1

===========================================================================================
----------------- testing Mon Jul 15 06:41:13 UTC 2019 /home/travis/build/icyphy/ptII/ptolemy/domains/modal/test/auto/InitialStateTransition2.xml
----------------- Instantiating /home/travis/build/icyphy/ptII/ptolemy/domains/modal/test/auto/InitialStateTransition2.xml
.InitialStateTransition2.TestExceptionAttributeNonConstructive: initialize() was not invoked, but wrapup() was.  This is unusual, but not always a problem.  For example, exporting JNLP will do this.
4 ms. Memory: 257024K Free: 190641K (74%)
----------------- Invoking toplevel() on ptolemy.moml.MoMLSimpleApplication@6de625d9
----------------- Done invoking toplevel() on ptolemy.moml.MoMLSimpleApplication@6de625d9
reloadAllAccessors: .InitialStateTransition2

===========================================================================================
----------------- testing Mon Jul 15 06:41:13 UTC 2019 /home/travis/build/icyphy/ptII/ptolemy/domains/modal/test/auto/InitialStateTransition3.xml
----------------- Instantiating /home/travis/build/icyphy/ptII/ptolemy/domains/modal/test/auto/InitialStateTransition3.xml
4 ms. Memory: 257024K Free: 181937K (71%)
----------------- Invoking toplevel() on ptolemy.moml.MoMLSimpleApplication@5e245df0
----------------- Done invoking toplevel() on ptolemy.moml.MoMLSimpleApplication@5e245df0
reloadAllAccessors: .InitialStateTransition3

===========================================================================================
----------------- testing Mon Jul 15 06:41:13 UTC 2019 /home/travis/build/icyphy/ptII/ptolemy/domains/modal/test/auto/InitialStateTransition4.xml
----------------- Instantiating /home/travis/build/icyphy/ptII/ptolemy/domains/modal/test/auto/InitialStateTransition4.xml
4 ms. Memory: 257024K Free: 172211K (67%)
----------------- Invoking toplevel() on ptolemy.moml.MoMLSimpleApplication@656e53ed
----------------- Done invoking toplevel() on ptolemy.moml.MoMLSimpleApplication@656e53ed
[...]
reloadAllAccessors: .TerminationTransition3

===========================================================================================
----------------- testing Mon Jul 15 06:41:14 UTC 2019 /home/travis/build/icyphy/ptII/ptolemy/domains/modal/test/auto/TerminationTransition4.xml
----------------- Instantiating /home/travis/build/icyphy/ptII/ptolemy/domains/modal/test/auto/TerminationTransition4.xml
6 ms. Memory: 319488K Free: 129785K (41%)
----------------- Invoking toplevel() on ptolemy.moml.MoMLSimpleApplication@43cbe218
----------------- Done invoking toplevel() on ptolemy.moml.MoMLSimpleApplication@43cbe218
reloadAllAccessors: .TerminationTransition4

===========================================================================================
----------------- testing Mon Jul 15 06:41:15 UTC 2019 /home/travis/build/icyphy/ptII/ptolemy/domains/modal/test/auto/TerminationTransition5.xml
----------------- Instantiating /home/travis/build/icyphy/ptII/ptolemy/domains/modal/test/auto/TerminationTransition5.xml
3 ms. Memory: 319488K Free: 115959K (36%)
----------------- Invoking toplevel() on ptolemy.moml.MoMLSimpleApplication@48c0dc0d
----------------- Done invoking toplevel() on ptolemy.moml.MoMLSimpleApplication@48c0dc0d
reloadAllAccessors: .TerminationTransition5

===========================================================================================
----------------- testing Mon Jul 15 06:41:15 UTC 2019 /home/travis/build/icyphy/ptII/ptolemy/domains/modal/test/auto/TerminationTransition6.xml
----------------- Instantiating /home/travis/build/icyphy/ptII/ptolemy/domains/modal/test/auto/TerminationTransition6.xml
2 ms. Memory: 319488K Free: 293381K (92%)
----------------- Invoking toplevel() on ptolemy.moml.MoMLSimpleApplication@1abea157
----------------- Done invoking toplevel() on ptolemy.moml.MoMLSimpleApplication@1abea157
reloadAllAccessors: .TerminationTransition6

===========================================================================================
----------------- testing Mon Jul 15 06:41:15 UTC 2019 /home/travis/build/icyphy/ptII/ptolemy/domains/modal/test/auto/TerminationTransition7.xml
----------------- Instantiating /home/travis/build/icyphy/ptII/ptolemy/domains/modal/test/auto/TerminationTransition7.xml
1 ms. Memory: 319488K Free: 283655K (89%)
----------------- Invoking toplevel() on ptolemy.moml.MoMLSimpleApplication@7c8f0afa
----------------- Done invoking toplevel() on ptolemy.moml.MoMLSimpleApplication@7c8f0afa
reloadAllAccessors: .TerminationTransition7

===========================================================================================
----------------- testing Mon Jul 15 06:41:15 UTC 2019 /home/travis/build/icyphy/ptII/ptolemy/domains/modal/test/auto/TerminationTransition8.xml
----------------- Instantiating /home/travis/build/icyphy/ptII/ptolemy/domains/modal/test/auto/TerminationTransition8.xml
1 ms. Memory: 319488K Free: 274439K (86%)
----------------- Invoking toplevel() on ptolemy.moml.MoMLSimpleApplication@962973e
----------------- Done invoking toplevel() on ptolemy.moml.MoMLSimpleApplication@962973e
reloadAllAccessors: .TerminationTransition8

===========================================================================================
----------------- testing Mon Jul 15 06:41:15 UTC 2019 /home/travis/build/icyphy/ptII/ptolemy/domains/modal/test/auto/Thermostat_NoHysteresis.xml
----------------- Instantiating /home/travis/build/icyphy/ptII/ptolemy/domains/modal/test/auto/Thermostat_NoHysteresis.xml
37 ms. Memory: 319488K Free: 249863K (78%)
----------------- Invoking toplevel() on ptolemy.moml.MoMLSimpleApplication@2d941443
----------------- Done invoking toplevel() on ptolemy.moml.MoMLSimpleApplication@2d941443
reloadAllAccessors: .Thermostat_NoHysteresis

===========================================================================================
----------------- testing Mon Jul 15 06:41:15 UTC 2019 /home/travis/build/icyphy/ptII/ptolemy/domains/modal/test/auto/TimedFSM.xml
----------------- Instantiating /home/travis/build/icyphy/ptII/ptolemy/domains/modal/test/auto/TimedFSM.xml
7 ms. Memory: 319488K Free: 238085K (75%)
----------------- Invoking toplevel() on ptolemy.moml.MoMLSimpleApplication@1143a7a5
----------------- Done invoking toplevel() on ptolemy.moml.MoMLSimpleApplication@1143a7a5
reloadAllAccessors: .TimedFSM

===========================================================================================
----------------- testing Mon Jul 15 06:41:15 UTC 2019 /home/travis/build/icyphy/ptII/ptolemy/domains/modal/test/auto/Timeout1.xml
----------------- Instantiating /home/travis/build/icyphy/ptII/ptolemy/domains/modal/test/auto/Timeout1.xml
3 ms. Memory: 319488K Free: 232455K (73%)
----------------- Invoking toplevel() on ptolemy.moml.MoMLSimpleApplication@140f0894
----------------- Done invoking toplevel() on ptolemy.moml.MoMLSimpleApplication@140f0894
reloadAllAccessors: .Timeout1

===========================================================================================
----------------- testing Mon Jul 15 06:41:15 UTC 2019 /home/travis/build/icyphy/ptII/ptolemy/domains/modal/test/auto/Timeout2.xml
----------------- Instantiating /home/travis/build/icyphy/ptII/ptolemy/domains/modal/test/auto/Timeout2.xml
8 ms. Memory: 319488K Free: 223735K (70%)
----------------- Invoking toplevel() on ptolemy.moml.MoMLSimpleApplication@abb6ec2
----------------- Done invoking toplevel() on ptolemy.moml.MoMLSimpleApplication@abb6ec2
reloadAllAccessors: .Timeout2

===========================================================================================
----------------- testing Mon Jul 15 06:41:15 UTC 2019 /home/travis/build/icyphy/ptII/ptolemy/domains/modal/test/auto/Timeout3.xml
----------------- Instantiating /home/travis/build/icyphy/ptII/ptolemy/domains/modal/test/auto/Timeout3.xml
2 ms. Memory: 319488K Free: 218615K (68%)
----------------- Invoking toplevel() on ptolemy.moml.MoMLSimpleApplication@610dd5b0
----------------- Done invoking toplevel() on ptolemy.moml.MoMLSimpleApplication@610dd5b0
reloadAllAccessors: .Timeout3

===========================================================================================
----------------- testing Mon Jul 15 06:41:15 UTC 2019 /home/travis/build/icyphy/ptII/ptolemy/domains/modal/test/auto/Timeout4.xml
----------------- Instantiating /home/travis/build/icyphy/ptII/ptolemy/domains/modal/test/auto/Timeout4.xml
2 ms. Memory: 319488K Free: 213495K (67%)
----------------- Invoking toplevel() on ptolemy.moml.MoMLSimpleApplication@1d571fab
----------------- Done invoking toplevel() on ptolemy.moml.MoMLSimpleApplication@1d571fab
reloadAllAccessors: .Timeout4

===========================================================================================
----------------- testing Mon Jul 15 06:41:15 UTC 2019 /home/travis/build/icyphy/ptII/ptolemy/domains/modal/test/auto/TransientstateModelAdvanced.xml
----------------- Instantiating /home/travis/build/icyphy/ptII/ptolemy/domains/modal/test/auto/TransientstateModelAdvanced.xml
3 ms. Memory: 319488K Free: 201207K (63%)
----------------- Invoking toplevel() on ptolemy.moml.MoMLSimpleApplication@316a83e6
----------------- Done invoking toplevel() on ptolemy.moml.MoMLSimpleApplication@316a83e6
reloadAllAccessors: .TransientstateModelAdvanced

===========================================================================================
----------------- testing Mon Jul 15 06:41:15 UTC 2019 /home/travis/build/icyphy/ptII/ptolemy/domains/modal/test/auto/TransientstateModelAdvanced2.xml
----------------- Instantiating /home/travis/build/icyphy/ptII/ptolemy/domains/modal/test/auto/TransientstateModelAdvanced2.xml
3 ms. Memory: 319488K Free: 186871K (58%)
----------------- Invoking toplevel() on ptolemy.moml.MoMLSimpleApplication@7d12f03
----------------- Done invoking toplevel() on ptolemy.moml.MoMLSimpleApplication@7d12f03
reloadAllAccessors: .transientstatemodelAdvanced

===========================================================================================
----------------- testing Mon Jul 15 06:41:15 UTC 2019 /home/travis/build/icyphy/ptII/ptolemy/domains/modal/test/auto/TransitionRefinements.xml
----------------- Instantiating /home/travis/build/icyphy/ptII/ptolemy/domains/modal/test/auto/TransitionRefinements.xml
6 ms. Memory: 319488K Free: 177159K (55%)
----------------- Invoking toplevel() on ptolemy.moml.MoMLSimpleApplication@56fb0709
----------------- Done invoking toplevel() on ptolemy.moml.MoMLSimpleApplication@56fb0709
reloadAllAccessors: .TransitionRefinements

===========================================================================================
----------------- testing Mon Jul 15 06:41:15 UTC 2019 /home/travis/build/icyphy/ptII/ptolemy/domains/modal/test/auto/TwoRefinements1.xml
----------------- Instantiating /home/travis/build/icyphy/ptII/ptolemy/domains/modal/test/auto/TwoRefinements1.xml
3 ms. Memory: 319488K Free: 166919K (52%)
----------------- Invoking toplevel() on ptolemy.moml.MoMLSimpleApplication@2a494a28
----------------- Done invoking toplevel() on ptolemy.moml.MoMLSimpleApplication@2a494a28
reloadAllAccessors: .TwoRefinements1

===========================================================================================
----------------- testing Mon Jul 15 06:41:15 UTC 2019 /home/travis/build/icyphy/ptII/ptolemy/domains/modal/test/auto/TwoRefinements2.xml
----------------- Instantiating /home/travis/build/icyphy/ptII/ptolemy/domains/modal/test/auto/TwoRefinements2.xml
2 ms. Memory: 319488K Free: 156679K (49%)
----------------- Invoking toplevel() on ptolemy.moml.MoMLSimpleApplication@3fa87c50
----------------- Done invoking toplevel() on ptolemy.moml.MoMLSimpleApplication@3fa87c50
reloadAllAccessors: .TwoRefinements2

===========================================================================================
----------------- testing Mon Jul 15 06:41:15 UTC 2019 /home/travis/build/icyphy/ptII/ptolemy/domains/modal/test/auto/WeakImmediateTransition.xml
----------------- Instantiating /home/travis/build/icyphy/ptII/ptolemy/domains/modal/test/auto/WeakImmediateTransition.xml
3 ms. Memory: 319488K Free: 147973K (46%)
----------------- Invoking toplevel() on ptolemy.moml.MoMLSimpleApplication@536619e8
----------------- Done invoking toplevel() on ptolemy.moml.MoMLSimpleApplication@536619e8
reloadAllAccessors: .WeakImmediateTransition

===========================================================================================
----------------- testing Mon Jul 15 06:41:15 UTC 2019 /home/travis/build/icyphy/ptII/ptolemy/domains/modal/test/auto/booleanSelect.xml
----------------- Instantiating /home/travis/build/icyphy/ptII/ptolemy/domains/modal/test/auto/booleanSelect.xml
50 ms. Memory: 319488K Free: 130055K (41%)
----------------- Invoking toplevel() on ptolemy.moml.MoMLSimpleApplication@1b0a2752
----------------- Done invoking toplevel() on ptolemy.moml.MoMLSimpleApplication@1b0a2752
reloadAllAccessors: .booleanSelect

===========================================================================================
----------------- testing Mon Jul 15 06:41:15 UTC 2019 /home/travis/build/icyphy/ptII/ptolemy/domains/modal/test/auto/modalChangingParams.xml
----------------- Instantiating /home/travis/build/icyphy/ptII/ptolemy/domains/modal/test/auto/modalChangingParams.xml
0
1
0
2
4
6
8
7
0
2
4
6
8
13
0
2
4
6
8
19
0
2
4
6
8
25
0
2
4
6
8
31
0
2
4
6
8
37
0
2
4
6
8
43
0
2
4
6
8
49
0
2
4
6
8
55
0
2
4
6
8
61
0
2
4
6
8
67
0
2
4
6
8
73
0
2
4
6
8
79
0
2
4
6
8
85
0
2
4
6
8
91
0
2
4
6
8
97
0
2
4
6
8
103
0
2
4
6
8
109
0
2
4
6
8
115
0
2
4
6
8
121
0
2
4
6
8
127
0
2
4
6
8
133
0
2
4
6
8
139
0
2
4
6
8
145
0
2
4
6
8
151
0
2
4
6
8
157
0
2
4
6
8
163
0
2
4
6
8
169
0
2
4
6
8
175
0
2
4
6
8
181
0
2
4
6
8
187
0
2
4
6
8
193
0
2
4
6
8
199
0
2
4
6
8
205
0
2
4
6
8
211
0
2
4
6
8
217
0
2
4
6
8
223
0
2
4
6
8
229
0
2
4
6
8
235
0
2
4
6
8
241
0
2
4
6
8
247
0
2
4
6
8
253
0
2
4
6
8
259
0
2
4
6
8
265
0
2
4
6
8
271
0
2
4
6
8
277
0
2
4
6
8
283
0
2
4
6
8
289
0
2
4
6
8
295
0
2
4
6
8
301
0
2
4
6
8
307
0
2
4
6
8
313
0
2
4
6
8
319
0
2
4
6
8
325
0
2
4
6
8
331
0
2
4
6
8
337
0
2
4
6
8
343
0
2
4
6
8
349
0
2
4
6
8
355
0
2
4
6
8
361
0
2
4
6
8
367
0
2
4
6
8
373
0
2
4
6
8
379
0
2
4
6
8
385
0
2
4
6
8
391
0
2
4
6
8
397
0
2
4
6
8
403
0
2
4
6
8
409
0
2
4
6
8
415
0
2
4
6
8
421
0
2
4
6
8
427
0
2
4
6
8
433
0
2
4
6
8
439
0
2
4
6
8
445
0
2
4
6
8
451
0
2
4
6
8
457
0
2
4
6
8
463
0
2
4
6
8
469
0
2
4
6
8
475
0
2
4
6
8
481
0
2
4
6
8
487
0
2
4
6
8
493
0
2
4
6
8
499
0
2
4
6
8
505
0
2
4
6
8
511
0
2
4
6
8
517
0
2
4
6
8
523
0
2
4
6
8
529
0
2
4
6
8
535
0
2
4
6
8
541
0
2
4
6
8
547
0
2
4
6
8
553
0
2
4
6
8
559
0
2
4
6
8
565
0
2
4
6
8
571
0
2
4
6
8
577
0
2
4
6
8
583
0
2
4
6
8
589
0
2
4
6
8
595
0
2
4
6
8
601
0
2
4
6
8
607
0
2
4
6
8
613
0
2
4
6
8
619
0
2
4
6
8
625
0
2
4
6
8
631
0
2
4
6
8
637
0
2
4
6
8
643
0
2
4
6
8
649
0
2
4
6
8
655
0
2
4
6
8
661
0
2
4
6
8
667
0
2
4
6
8
673
0
2
4
6
8
679
0
2
4
6
8
685
0
2
4
6
8
691
0
2
4
6
8
697
0
2
4
6
8
703
0
2
4
6
8
709
0
2
4
6
8
715
0
2
4
6
8
721
0
2
4
6
8
727
0
2
4
6
8
733
0
2
4
6
8
739
0
2
4
6
8
745
0
2
4
6
8
751
0
2
4
6
8
757
0
2
4
6
8
763
0
2
4
6
8
769
0
2
4
6
8
775
0
2
4
6
8
781
0
2
4
6
8
787
0
2
4
6
8
793
0
2
4
6
8
799
0
2
4
6
8
805
0
2
4
6
8
811
0
2
4
6
8
817
0
2
4
6
8
823
0
2
4
6
8
829
0
2
4
6
8
835
0
2
4
6
8
841
0
2
4
6
8
847
0
2
4
6
8
853
0
2
4
6
8
859
0
2
4
6
8
865
0
2
4
6
8
871
0
2
4
6
8
877
0
2
4
6
8
883
0
2
4
6
8
889
0
2
4
6
8
895
0
2
4
6
8
901
0
2
4
6
8
907
0
2
4
6
8
913
0
2
4
6
8
919
0
2
4
6
8
925
0
2
4
6
8
931
0
2
4
6
8
937
0
2
4
6
8
943
0
2
4
6
8
949
0
2
4
6
8
955
0
2
4
6
8
961
0
2
4
6
8
967
0
2
4
6
8
973
0
2
4
6
8
979
0
2
4
6
8
985
0
2
4
6
8
991
0
2
4
6
8
997
0
2
260 ms. Memory: 319488K Free: 203101K (64%)
----------------- Invoking toplevel() on ptolemy.moml.MoMLSimpleApplication@614c1341
----------------- Done invoking toplevel() on ptolemy.moml.MoMLSimpleApplication@614c1341
reloadAllAccessors: .modalChangingParams

===========================================================================================
----------------- testing Mon Jul 15 06:41:15 UTC 2019 /home/travis/build/icyphy/ptII/ptolemy/domains/modal/test/auto/modalModel.xml
----------------- Instantiating /home/travis/build/icyphy/ptII/ptolemy/domains/modal/test/auto/modalModel.xml
5 ms. Memory: 319488K Free: 193699K (61%)
----------------- Invoking toplevel() on ptolemy.moml.MoMLSimpleApplication@3b7fe41d
----------------- Done invoking toplevel() on ptolemy.moml.MoMLSimpleApplication@3b7fe41d
reloadAllAccessors: .modalModel

===========================================================================================
----------------- testing Mon Jul 15 06:41:15 UTC 2019 /home/travis/build/icyphy/ptII/ptolemy/domains/modal/test/auto/modalModel2.xml
----------------- Instantiating /home/travis/build/icyphy/ptII/ptolemy/domains/modal/test/auto/modalModel2.xml
10 ms. Memory: 319488K Free: 182980K (57%)
----------------- Invoking toplevel() on ptolemy.moml.MoMLSimpleApplication@1e2a6d2c
----------------- Done invoking toplevel() on ptolemy.moml.MoMLSimpleApplication@1e2a6d2c
reloadAllAccessors: .modalModel2

===========================================================================================
----------------- testing Mon Jul 15 06:41:15 UTC 2019 /home/travis/build/icyphy/ptII/ptolemy/domains/modal/test/auto/modalModel3.xml
----------------- Instantiating /home/travis/build/icyphy/ptII/ptolemy/domains/modal/test/auto/modalModel3.xml
0	0	0
1	0	1
4	2	2
7	4	3
10	6	4
5	0	5
8	2	6
11	4	7
14	6	8
9	0	9
12	2	10
15	4	11
18	6	12
13	0	13
16	2	14
16 ms. Memory: 319488K Free: 168644K (53%)
----------------- Invoking toplevel() on ptolemy.moml.MoMLSimpleApplication@18c5a25
----------------- Done invoking toplevel() on ptolemy.moml.MoMLSimpleApplication@18c5a25
reloadAllAccessors: .modalModel3

===========================================================================================
----------------- testing Mon Jul 15 06:41:15 UTC 2019 /home/travis/build/icyphy/ptII/ptolemy/domains/modal/test/auto/model1.xml
----------------- Instantiating /home/travis/build/icyphy/ptII/ptolemy/domains/modal/test/auto/model1.xml
11 ms. Memory: 319488K Free: 161971K (51%)
----------------- Invoking toplevel() on ptolemy.moml.MoMLSimpleApplication@1c3bc470
----------------- Done invoking toplevel() on ptolemy.moml.MoMLSimpleApplication@1c3bc470
reloadAllAccessors: .model1

===========================================================================================
----------------- testing Mon Jul 15 06:41:15 UTC 2019 /home/travis/build/icyphy/ptII/ptolemy/domains/modal/test/auto/test-direct-in-out.xml
----------------- Instantiating /home/travis/build/icyphy/ptII/ptolemy/domains/modal/test/auto/test-direct-in-out.xml
5 ms. Memory: 319488K Free: 154308K (48%)
----------------- Invoking toplevel() on ptolemy.moml.MoMLSimpleApplication@3b898d01
----------------- Done invoking toplevel() on ptolemy.moml.MoMLSimpleApplication@3b898d01
reloadAllAccessors: .test-direct-in-out
AutoTests.java: About to close Vertx.
AutoTests.java: Vertx closed.
]]></system-out>
  <system-err><![CDATA[java.lang.RuntimeException: Execution failed
	at ptolemy.moml.MoMLSimpleApplication$UnloadThread.run(MoMLSimpleApplication.java:402)
Caused by: ptolemy.kernel.util.IllegalActionException: Unknown inputs remain. Possible causality loop:
L_model_1893289564i

  in .CannotAnalysisWithPreemption.model_1893289564_region_1 and .CannotAnalysisWithPreemption.model_1893289564_region_1.L_model_1893289564i
	at ptolemy.actor.sched.FixedPointDirector.postfire(FixedPointDirector.java:515)
	at ptolemy.domains.sr.kernel.SRDirector.postfire(SRDirector.java:417)
	at ptolemy.actor.CompositeActor.postfire(CompositeActor.java:1668)
	at ptolemy.actor.Manager.iterate(Manager.java:852)
	at ptolemy.actor.Manager.execute(Manager.java:369)
	at ptolemy.actor.Manager.run(Manager.java:1263)
	at ptolemy.actor.Manager$PtolemyRunThread.run(Manager.java:1915)
java.lang.reflect.InvocationTargetException
	at java.base/jdk.internal.reflect.NativeConstructorAccessorImpl.newInstance0(Native Method)
	at java.base/jdk.internal.reflect.NativeConstructorAccessorImpl.newInstance(NativeConstructorAccessorImpl.java:62)
	at java.base/jdk.internal.reflect.DelegatingConstructorAccessorImpl.newInstance(DelegatingConstructorAccessorImpl.java:45)
	at java.base/java.lang.reflect.Constructor.newInstance(Constructor.java:490)
	at ptolemy.util.test.junit.AutoKnownFailedTests.RunModel(AutoKnownFailedTests.java:105)
	at java.base/jdk.internal.reflect.NativeMethodAccessorImpl.invoke0(Native Method)
	at java.base/jdk.internal.reflect.NativeMethodAccessorImpl.invoke(NativeMethodAccessorImpl.java:62)
	at java.base/jdk.internal.reflect.DelegatingMethodAccessorImpl.invoke(DelegatingMethodAccessorImpl.java:43)
	at java.base/java.lang.reflect.Method.invoke(Method.java:566)
	at org.junit.runners.model.FrameworkMethod$1.runReflectiveCall(FrameworkMethod.java:44)
	at org.junit.internal.runners.model.ReflectiveCallable.run(ReflectiveCallable.java:15)
	at org.junit.runners.model.FrameworkMethod.invokeExplosively(FrameworkMethod.java:41)
	at junitparams.internal.InvokeParameterisedMethod.evaluate(InvokeParameterisedMethod.java:102)
	at org.junit.internal.runners.statements.FailOnTimeout$1.run(FailOnTimeout.java:28)
Caused by: ptolemy.kernel.util.IllegalActionException: Unknown inputs remain. Possible causality loop:
L_model_1893289564i

  in .CannotAnalysisWithPreemption.model_1893289564_region_1 and .CannotAnalysisWithPreemption.model_1893289564_region_1.L_model_1893289564i
	at ptolemy.actor.sched.FixedPointDirector.postfire(FixedPointDirector.java:515)
	at ptolemy.domains.sr.kernel.SRDirector.postfire(SRDirector.java:417)
	at ptolemy.actor.CompositeActor.postfire(CompositeActor.java:1668)
	at ptolemy.actor.Manager.iterate(Manager.java:852)
	at ptolemy.actor.Manager.execute(Manager.java:369)
	at ptolemy.actor.Manager.run(Manager.java:1263)
	at ptolemy.actor.Manager$PtolemyRunThread.run(Manager.java:1915)
]]></system-err>
</testsuite>
