<?xml version="1.0" encoding="UTF-8" ?>
<testsuite errors="0" failures="0" hostname="travis-job-575f6dd6-88cc-4bee-8ef1-baedc7d76760" name="ptolemy.domains.de.test.junit.JUnitTclTest" skipped="0" tests="101" time="131.826" timestamp="2019-08-13T05:19:52">
  <properties>
[...]
</properties>
  <testcase classname="ptolemy.util.test.junit.TclTests" name="[0] /home/travis/build/icyphy/ptII/ptolemy/domains/de/test/DependencyLoop.tcl (RunTclFile)" time="1.043" />
  <testcase classname="ptolemy.util.test.junit.TclTests" name="[1] /home/travis/build/icyphy/ptII/ptolemy/domains/de/test/RunDETestsAsQSS.tcl (RunTclFile)" time="89.37" />
  <testcase classname="ptolemy.util.test.junit.AutoKnownFailedTests" name="[0] /home/travis/build/icyphy/ptII/ptolemy/domains/de/test/auto/knownFailedTests/DESDFClockTest.xml (RunModel)" time="2.039" />
  <testcase classname="ptolemy.util.test.junit.AutoKnownFailedTests" name="[1] /home/travis/build/icyphy/ptII/ptolemy/domains/de/test/auto/knownFailedTests/DirectFeedback.xml (RunModel)" time="0.019" />
  <testcase classname="ptolemy.util.test.junit.AutoKnownFailedTests" name="[2] /home/travis/build/icyphy/ptII/ptolemy/domains/de/test/auto/knownFailedTests/FSMSource.xml (RunModel)" time="0.023" />
  <testcase classname="ptolemy.util.test.junit.AutoKnownFailedTests" name="[3] /home/travis/build/icyphy/ptII/ptolemy/domains/de/test/auto/knownFailedTests/HierarchicalModel.xml (RunModel)" time="0.045" />
  <testcase classname="ptolemy.util.test.junit.AutoKnownFailedTests" name="[4] /home/travis/build/icyphy/ptII/ptolemy/domains/de/test/auto/knownFailedTests/dependencyLoop.xml (RunModel)" time="0.041" />
  <testcase classname="ptolemy.util.test.junit.AutoKnownFailedTests" name="[5] /home/travis/build/icyphy/ptII/ptolemy/domains/de/test/auto/knownFailedTests/dependencyLoop2.xml (RunModel)" time="0.047" />
  <testcase classname="ptolemy.util.test.junit.AutoNameArchTests" name="[0] ThereAreNoAutoArchTests (RunModel)" time="0.001" />
  <testcase classname="ptolemy.util.test.junit.AutoTests" name="[0] /home/travis/build/icyphy/ptII/ptolemy/domains/de/test/auto/ActorDepthCalculation_actorWithoutPorts.xml (RunModel)" time="0.032" />
  <testcase classname="ptolemy.util.test.junit.AutoTests" name="[1] /home/travis/build/icyphy/ptII/ptolemy/domains/de/test/auto/AssemblyLine.xml (RunModel)" time="0.025" />
  <testcase classname="ptolemy.util.test.junit.AutoTests" name="[2] /home/travis/build/icyphy/ptII/ptolemy/domains/de/test/auto/CQBug1.xml (RunModel)" time="0.01" />
  <testcase classname="ptolemy.util.test.junit.AutoTests" name="[3] /home/travis/build/icyphy/ptII/ptolemy/domains/de/test/auto/CancelFireAt.xml (RunModel)" time="0.027" />
  <testcase classname="ptolemy.util.test.junit.AutoTests" name="[4] /home/travis/build/icyphy/ptII/ptolemy/domains/de/test/auto/CausalityAndComposabilityAnalysis.xml (RunModel)" time="0.023" />
  <testcase classname="ptolemy.util.test.junit.AutoTests" name="[5] /home/travis/build/icyphy/ptII/ptolemy/domains/de/test/auto/CausalityInterface1.xml (RunModel)" time="0.02" />
  <testcase classname="ptolemy.util.test.junit.AutoTests" name="[6] /home/travis/build/icyphy/ptII/ptolemy/domains/de/test/auto/CausalityInterface15.xml (RunModel)" time="0.02" />
  <testcase classname="ptolemy.util.test.junit.AutoTests" name="[7] /home/travis/build/icyphy/ptII/ptolemy/domains/de/test/auto/CausalityInterface2.xml (RunModel)" time="0.02" />
  <testcase classname="ptolemy.util.test.junit.AutoTests" name="[8] /home/travis/build/icyphy/ptII/ptolemy/domains/de/test/auto/CausalityInterface3.xml (RunModel)" time="0.014" />
  <testcase classname="ptolemy.util.test.junit.AutoTests" name="[9] /home/travis/build/icyphy/ptII/ptolemy/domains/de/test/auto/ClockDrift.xml (RunModel)" time="0.042" />
  <testcase classname="ptolemy.util.test.junit.AutoTests" name="[10] /home/travis/build/icyphy/ptII/ptolemy/domains/de/test/auto/ClockDriftAndValueChange.xml (RunModel)" time="0.033" />
  <testcase classname="ptolemy.util.test.junit.AutoTests" name="[11] /home/travis/build/icyphy/ptII/ptolemy/domains/de/test/auto/ClockDriftChange.xml (RunModel)" time="0.026" />
  <testcase classname="ptolemy.util.test.junit.AutoTests" name="[12] /home/travis/build/icyphy/ptII/ptolemy/domains/de/test/auto/ComposableCausalityAnalysis.xml (RunModel)" time="0.015" />
  <testcase classname="ptolemy.util.test.junit.AutoTests" name="[13] /home/travis/build/icyphy/ptII/ptolemy/domains/de/test/auto/DEFixedPointLimitation.xml (RunModel)" time="0.015" />
  <testcase classname="ptolemy.util.test.junit.AutoTests" name="[14] /home/travis/build/icyphy/ptII/ptolemy/domains/de/test/auto/DEScheduleTest.xml (RunModel)" time="0.021" />
  <testcase classname="ptolemy.util.test.junit.AutoTests" name="[15] /home/travis/build/icyphy/ptII/ptolemy/domains/de/test/auto/DEinDEwithStartTimes.xml (RunModel)" time="0.016" />
  <testcase classname="ptolemy.util.test.junit.AutoTests" name="[16] /home/travis/build/icyphy/ptII/ptolemy/domains/de/test/auto/DEinDEwithStartTimes2.xml (RunModel)" time="0.024" />
  <testcase classname="ptolemy.util.test.junit.AutoTests" name="[17] /home/travis/build/icyphy/ptII/ptolemy/domains/de/test/auto/DateDemo.xml (RunModel)" time="0.033" />
  <testcase classname="ptolemy.util.test.junit.AutoTests" name="[18] /home/travis/build/icyphy/ptII/ptolemy/domains/de/test/auto/DateToEvent.xml (RunModel)" time="2.04" />
  <testcase classname="ptolemy.util.test.junit.AutoTests" name="[19] /home/travis/build/icyphy/ptII/ptolemy/domains/de/test/auto/DepthTest1.xml (RunModel)" time="0.015" />
  <testcase classname="ptolemy.util.test.junit.AutoTests" name="[20] /home/travis/build/icyphy/ptII/ptolemy/domains/de/test/auto/DepthTest2.xml (RunModel)" time="0.026" />
  <testcase classname="ptolemy.util.test.junit.AutoTests" name="[21] /home/travis/build/icyphy/ptII/ptolemy/domains/de/test/auto/DepthTest3.xml (RunModel)" time="0.009" />
  <testcase classname="ptolemy.util.test.junit.AutoTests" name="[22] /home/travis/build/icyphy/ptII/ptolemy/domains/de/test/auto/DepthTest4.xml (RunModel)" time="0.021" />
  <testcase classname="ptolemy.util.test.junit.AutoTests" name="[23] /home/travis/build/icyphy/ptII/ptolemy/domains/de/test/auto/DepthTest5.xml (RunModel)" time="0.013" />
  <testcase classname="ptolemy.util.test.junit.AutoTests" name="[24] /home/travis/build/icyphy/ptII/ptolemy/domains/de/test/auto/DepthTest6.xml (RunModel)" time="0.016" />
  <testcase classname="ptolemy.util.test.junit.AutoTests" name="[25] /home/travis/build/icyphy/ptII/ptolemy/domains/de/test/auto/DepthTest7.xml (RunModel)" time="0.02" />
  <testcase classname="ptolemy.util.test.junit.AutoTests" name="[26] /home/travis/build/icyphy/ptII/ptolemy/domains/de/test/auto/EventToDate.xml (RunModel)" time="3.042" />
  <testcase classname="ptolemy.util.test.junit.AutoTests" name="[27] /home/travis/build/icyphy/ptII/ptolemy/domains/de/test/auto/FSM1.xml (RunModel)" time="0.042" />
  <testcase classname="ptolemy.util.test.junit.AutoTests" name="[28] /home/travis/build/icyphy/ptII/ptolemy/domains/de/test/auto/FSM7.xml (RunModel)" time="0.04" />
  <testcase classname="ptolemy.util.test.junit.AutoTests" name="[29] /home/travis/build/icyphy/ptII/ptolemy/domains/de/test/auto/Inspection.xml (RunModel)" time="0.052" />
  <testcase classname="ptolemy.util.test.junit.AutoTests" name="[30] /home/travis/build/icyphy/ptII/ptolemy/domains/de/test/auto/Iteration.xml (RunModel)" time="0.018" />
  <testcase classname="ptolemy.util.test.junit.AutoTests" name="[31] /home/travis/build/icyphy/ptII/ptolemy/domains/de/test/auto/LineFault.xml (RunModel)" time="0.589" />
  <testcase classname="ptolemy.util.test.junit.AutoTests" name="[32] /home/travis/build/icyphy/ptII/ptolemy/domains/de/test/auto/MergeModel1Add.xml (RunModel)" time="0.051" />
  <testcase classname="ptolemy.util.test.junit.AutoTests" name="[33] /home/travis/build/icyphy/ptII/ptolemy/domains/de/test/auto/MergeModel2Add.xml (RunModel)" time="0.04" />
  <testcase classname="ptolemy.util.test.junit.AutoTests" name="[34] /home/travis/build/icyphy/ptII/ptolemy/domains/de/test/auto/MergeModel3Add.xml (RunModel)" time="0.043" />
  <testcase classname="ptolemy.util.test.junit.AutoTests" name="[35] /home/travis/build/icyphy/ptII/ptolemy/domains/de/test/auto/MergeWithoutDiscard.xml (RunModel)" time="0.021" />
  <testcase classname="ptolemy.util.test.junit.AutoTests" name="[36] /home/travis/build/icyphy/ptII/ptolemy/domains/de/test/auto/Modal1.xml (RunModel)" time="0.027" />
  <testcase classname="ptolemy.util.test.junit.AutoTests" name="[37] /home/travis/build/icyphy/ptII/ptolemy/domains/de/test/auto/Modal2.xml (RunModel)" time="0.032" />
  <testcase classname="ptolemy.util.test.junit.AutoTests" name="[38] /home/travis/build/icyphy/ptII/ptolemy/domains/de/test/auto/Modal3.xml (RunModel)" time="0.031" />
  <testcase classname="ptolemy.util.test.junit.AutoTests" name="[39] /home/travis/build/icyphy/ptII/ptolemy/domains/de/test/auto/Modal4.xml (RunModel)" time="0.031" />
  <testcase classname="ptolemy.util.test.junit.AutoTests" name="[40] /home/travis/build/icyphy/ptII/ptolemy/domains/de/test/auto/Modal5.xml (RunModel)" time="0.028" />
  <testcase classname="ptolemy.util.test.junit.AutoTests" name="[41] /home/travis/build/icyphy/ptII/ptolemy/domains/de/test/auto/Modal6.xml (RunModel)" time="0.034" />
  <testcase classname="ptolemy.util.test.junit.AutoTests" name="[42] /home/travis/build/icyphy/ptII/ptolemy/domains/de/test/auto/Modal7.xml (RunModel)" time="0.043" />
  <testcase classname="ptolemy.util.test.junit.AutoTests" name="[43] /home/travis/build/icyphy/ptII/ptolemy/domains/de/test/auto/ModalModel.xml (RunModel)" time="0.177" />
  <testcase classname="ptolemy.util.test.junit.AutoTests" name="[44] /home/travis/build/icyphy/ptII/ptolemy/domains/de/test/auto/ModalSource.xml (RunModel)" time="0.026" />
  <testcase classname="ptolemy.util.test.junit.AutoTests" name="[45] /home/travis/build/icyphy/ptII/ptolemy/domains/de/test/auto/NonInterruptibleTimerZeroDelay.xml (RunModel)" time="0.009" />
  <testcase classname="ptolemy.util.test.junit.AutoTests" name="[46] /home/travis/build/icyphy/ptII/ptolemy/domains/de/test/auto/OpenQueueingNetwork.xml (RunModel)" time="2.513" />
  <testcase classname="ptolemy.util.test.junit.AutoTests" name="[47] /home/travis/build/icyphy/ptII/ptolemy/domains/de/test/auto/OpenQueuingNetwork.xml (RunModel)" time="0.284" />
  <testcase classname="ptolemy.util.test.junit.AutoTests" name="[48] /home/travis/build/icyphy/ptII/ptolemy/domains/de/test/auto/PeriodicSampler.xml (RunModel)" time="0.01" />
  <testcase classname="ptolemy.util.test.junit.AutoTests" name="[49] /home/travis/build/icyphy/ptII/ptolemy/domains/de/test/auto/PersistentIO.xml (RunModel)" time="0.02" />
  <testcase classname="ptolemy.util.test.junit.AutoTests" name="[50] /home/travis/build/icyphy/ptII/ptolemy/domains/de/test/auto/PortParameterResetOnInitialize.xml (RunModel)" time="0.012" />
  <testcase classname="ptolemy.util.test.junit.AutoTests" name="[51] /home/travis/build/icyphy/ptII/ptolemy/domains/de/test/auto/PortParameterUpdates.xml (RunModel)" time="0.014" />
  <testcase classname="ptolemy.util.test.junit.AutoTests" name="[52] /home/travis/build/icyphy/ptII/ptolemy/domains/de/test/auto/QueueAndServer.xml (RunModel)" time="0.026" />
  <testcase classname="ptolemy.util.test.junit.AutoTests" name="[53] /home/travis/build/icyphy/ptII/ptolemy/domains/de/test/auto/Records.xml (RunModel)" time="0.019" />
  <testcase classname="ptolemy.util.test.junit.AutoTests" name="[54] /home/travis/build/icyphy/ptII/ptolemy/domains/de/test/auto/ResetTransitionWithStartTime1.xml (RunModel)" time="0.018" />
  <testcase classname="ptolemy.util.test.junit.AutoTests" name="[55] /home/travis/build/icyphy/ptII/ptolemy/domains/de/test/auto/ResetTransitionWithStartTime2.xml (RunModel)" time="0.023" />
  <testcase classname="ptolemy.util.test.junit.AutoTests" name="[56] /home/travis/build/icyphy/ptII/ptolemy/domains/de/test/auto/ResetTransitionWithStartTime3.xml (RunModel)" time="0.02" />
  <testcase classname="ptolemy.util.test.junit.AutoTests" name="[57] /home/travis/build/icyphy/ptII/ptolemy/domains/de/test/auto/ResetTransitionWithStartTime4.xml (RunModel)" time="0.022" />
  <testcase classname="ptolemy.util.test.junit.AutoTests" name="[58] /home/travis/build/icyphy/ptII/ptolemy/domains/de/test/auto/ResettableTimer1.xml (RunModel)" time="0.01" />
  <testcase classname="ptolemy.util.test.junit.AutoTests" name="[59] /home/travis/build/icyphy/ptII/ptolemy/domains/de/test/auto/ResettableTimer2.xml (RunModel)" time="0.013" />
  <testcase classname="ptolemy.util.test.junit.AutoTests" name="[60] /home/travis/build/icyphy/ptII/ptolemy/domains/de/test/auto/ResettableTimer3.xml (RunModel)" time="0.009" />
  <testcase classname="ptolemy.util.test.junit.AutoTests" name="[61] /home/travis/build/icyphy/ptII/ptolemy/domains/de/test/auto/ResettableTimer4.xml (RunModel)" time="0.012" />
  <testcase classname="ptolemy.util.test.junit.AutoTests" name="[62] /home/travis/build/icyphy/ptII/ptolemy/domains/de/test/auto/ResettableTimer5.xml (RunModel)" time="0.01" />
  <testcase classname="ptolemy.util.test.junit.AutoTests" name="[63] /home/travis/build/icyphy/ptII/ptolemy/domains/de/test/auto/ResettableTimer6.xml (RunModel)" time="0.016" />
  <testcase classname="ptolemy.util.test.junit.AutoTests" name="[64] /home/travis/build/icyphy/ptII/ptolemy/domains/de/test/auto/ServerZeroDelay.xml (RunModel)" time="0.01" />
  <testcase classname="ptolemy.util.test.junit.AutoTests" name="[65] /home/travis/build/icyphy/ptII/ptolemy/domains/de/test/auto/SmartSender.xml (RunModel)" time="3.01" />
  <testcase classname="ptolemy.util.test.junit.AutoTests" name="[66] /home/travis/build/icyphy/ptII/ptolemy/domains/de/test/auto/ThreadedComposite.xml (RunModel)" time="0.12" />
  <testcase classname="ptolemy.util.test.junit.AutoTests" name="[67] /home/travis/build/icyphy/ptII/ptolemy/domains/de/test/auto/Time.xml (RunModel)" time="0.436" />
  <testcase classname="ptolemy.util.test.junit.AutoTests" name="[68] /home/travis/build/icyphy/ptII/ptolemy/domains/de/test/auto/TimeDelayZeroDelay.xml (RunModel)" time="0.015" />
  <testcase classname="ptolemy.util.test.junit.AutoTests" name="[69] /home/travis/build/icyphy/ptII/ptolemy/domains/de/test/auto/TimerZeroDelay.xml (RunModel)" time="0.01" />
  <testcase classname="ptolemy.util.test.junit.AutoTests" name="[70] /home/travis/build/icyphy/ptII/ptolemy/domains/de/test/auto/TimingParadox.xml (RunModel)" time="0.398" />
  <testcase classname="ptolemy.util.test.junit.AutoTests" name="[71] /home/travis/build/icyphy/ptII/ptolemy/domains/de/test/auto/TransferInputs.xml (RunModel)" time="0.009" />
  <testcase classname="ptolemy.util.test.junit.AutoTests" name="[72] /home/travis/build/icyphy/ptII/ptolemy/domains/de/test/auto/TransferOutputs2.xml (RunModel)" time="0.014" />
  <testcase classname="ptolemy.util.test.junit.AutoTests" name="[73] /home/travis/build/icyphy/ptII/ptolemy/domains/de/test/auto/Trilateration.xml (RunModel)" time="12.176" />
  <testcase classname="ptolemy.util.test.junit.AutoTests" name="[74] /home/travis/build/icyphy/ptII/ptolemy/domains/de/test/auto/TwoSigmaDelta.xml (RunModel)" time="2.389" />
  <testcase classname="ptolemy.util.test.junit.AutoTests" name="[75] /home/travis/build/icyphy/ptII/ptolemy/domains/de/test/auto/VariableDelay.xml (RunModel)" time="0.012" />
  <testcase classname="ptolemy.util.test.junit.AutoTests" name="[76] /home/travis/build/icyphy/ptII/ptolemy/domains/de/test/auto/VariableDelay2.xml (RunModel)" time="0.009" />
  <testcase classname="ptolemy.util.test.junit.AutoTests" name="[77] /home/travis/build/icyphy/ptII/ptolemy/domains/de/test/auto/VariableDelayZeroDelay.xml (RunModel)" time="0.014" />
  <testcase classname="ptolemy.util.test.junit.AutoTests" name="[78] /home/travis/build/icyphy/ptII/ptolemy/domains/de/test/auto/VariableDelayZeroDelay2.xml (RunModel)" time="0.01" />
  <testcase classname="ptolemy.util.test.junit.AutoTests" name="[79] /home/travis/build/icyphy/ptII/ptolemy/domains/de/test/auto/deInCt.xml (RunModel)" time="0.016" />
  <testcase classname="ptolemy.util.test.junit.AutoTests" name="[80] /home/travis/build/icyphy/ptII/ptolemy/domains/de/test/auto/deInCt2.xml (RunModel)" time="0.021" />
  <testcase classname="ptolemy.util.test.junit.AutoTests" name="[81] /home/travis/build/icyphy/ptII/ptolemy/domains/de/test/auto/dynamicCausalityInterface1.xml (RunModel)" time="0.022" />
  <testcase classname="ptolemy.util.test.junit.AutoTests" name="[82] /home/travis/build/icyphy/ptII/ptolemy/domains/de/test/auto/fsm_de_test.xml (RunModel)" time="0.027" />
  <testcase classname="ptolemy.util.test.junit.AutoTests" name="[83] /home/travis/build/icyphy/ptII/ptolemy/domains/de/test/auto/functionDependencyReconstruction.xml (RunModel)" time="0.031" />
  <testcase classname="ptolemy.util.test.junit.AutoTests" name="[84] /home/travis/build/icyphy/ptII/ptolemy/domains/de/test/auto/multirate.xml (RunModel)" time="0.016" />
  <testcase classname="ptolemy.util.test.junit.AutoTests" name="[85] /home/travis/build/icyphy/ptII/ptolemy/domains/de/test/auto/multirate2.xml (RunModel)" time="0.019" />
  <testcase classname="ptolemy.util.test.junit.AutoTests" name="[86] /home/travis/build/icyphy/ptII/ptolemy/domains/de/test/auto/realtime.xml (RunModel)" time="10.01" />
  <testcase classname="ptolemy.util.test.junit.AutoTests" name="[87] /home/travis/build/icyphy/ptII/ptolemy/domains/de/test/auto/relationGroup.xml (RunModel)" time="0.008" />
  <testcase classname="ptolemy.util.test.junit.AutoTests" name="[88] /home/travis/build/icyphy/ptII/ptolemy/domains/de/test/auto/relationGroup2.xml (RunModel)" time="0.006" />
  <testcase classname="ptolemy.util.test.junit.AutoTests" name="[89] /home/travis/build/icyphy/ptII/ptolemy/domains/de/test/auto/sortWithOpaquePorts.xml (RunModel)" time="0.009" />
  <testcase classname="ptolemy.util.test.junit.AutoTests" name="[90] /home/travis/build/icyphy/ptII/ptolemy/domains/de/test/auto/transferInputsandOutputs.xml (RunModel)" time="0.021" />
  <testcase classname="ptolemy.util.test.junit.AutoTests" name="[91] /home/travis/build/icyphy/ptII/ptolemy/domains/de/test/auto/triggerType.xml (RunModel)" time="0.01" />
  <system-out><![CDATA[/home/travis/build/icyphy/ptII/ptolemy/domains/de/test/DependencyLoop.tcl
testDefs.tcl: setting time out to 9000 seconds at Tue Aug 13 05:19:52 UTC 2019
90 ms. Memory: 120832K Free: 72130K (60%)
31 ms. Memory: 120832K Free: 54707K (45%)
/home/travis/build/icyphy/ptII/ptolemy/domains/de/test/RunDETestsAsQSS.tcl
Run the DE tests using ptolemy.domains.qss.test.QSSDirectorTest, which extends QSSDirector and prints a message in the constructors.
------------------ testing $PTII/ptolemy/domains/de/test/auto/knownFailedTests/DirectFeedback.xml (Known Failure) 
56 ms. Memory: 120832K Free: 48578K (40%)


==== $PTIIhome/travis/build/icyphy/ptII/ptolemy/domains/de/test/../../../../: Auto Automatic test in file $PTII/ptolemy/domains/de/test/auto/knownFailedTests/DirectFeedback.xml
==== Contents of test case:

	    # FIXME: we should use $relativeFilename here, but it
	    # might have backslashes under Windows, which causes no end
	    # of trouble.
	    createAndExecute $file
	    list {}
	
.... Test generated KNOWN error:
    while executing
ptolemy.kernel.util.IllegalActionException: Test fails in iteration 1.
Value was: 1.0. Should have been: 2.0
  in .DirectFeedback.Test
	at ptolemy.actor.lib.Test.fire(Test.java:268)
	at ptolemy.domains.de.kernel.DEDirector._fire(DEDirector.java:1949)
	at ptolemy.domains.de.kernel.DEDirector.fire(DEDirector.java:502)
	at ptolemy.actor.CompositeActor.fire(CompositeActor.java:455)
	at ptolemy.actor.Manager.iterate(Manager.java:851)
	at ptolemy.actor.Manager.execute(Manager.java:369)
	at ptolemy.actor.Manager.run(Manager.java:1263)
	at ptolemy.actor.Manager$PtolemyRunThread.run(Manager.java:1933)

    while executing
ptolemy.kernel.util.IllegalActionException: Test fails in iteration 1.
Value was: 1.0. Should have been: 2.0
  in .DirectFeedback.Test
    while executing
"java::new ptolemy.moml.MoMLSimpleApplication $file
"
    (procedure "createAndExecute" line 2)
    invoked from within
"createAndExecute $file"
    ("uplevel" body line 5)
    invoked from within
"uplevel $contents_of_test"
------------------ testing $PTII/ptolemy/domains/de/test/auto/knownFailedTests/dependencyLoop.xml (Known Failure) 
65 ms. Memory: 120832K Free: 108308K (90%)


==== $PTIIhome/travis/build/icyphy/ptII/ptolemy/domains/de/test/../../../../: Auto Automatic test in file $PTII/ptolemy/domains/de/test/auto/knownFailedTests/dependencyLoop.xml
==== Contents of test case:

	    # FIXME: we should use $relativeFilename here, but it
	    # might have backslashes under Windows, which causes no end
	    # of trouble.
	    createAndExecute $file
	    list {}
	
.... Test generated KNOWN error:
    while executing
ptolemy.kernel.util.IllegalActionException: Found a zero delay loop containing .dependencyLoop.original
  in .dependencyLoop and .dependencyLoop.original
	at ptolemy.actor.util.CausalityInterfaceForComposites._computeOutputPortDepth(CausalityInterfaceForComposites.java:759)
	at ptolemy.actor.util.CausalityInterfaceForComposites._computeInputDepth(CausalityInterfaceForComposites.java:696)
	at ptolemy.actor.util.CausalityInterfaceForComposites._computeOutputPortDepth(CausalityInterfaceForComposites.java:765)
	at ptolemy.actor.util.CausalityInterfaceForComposites._computeInputDepth(CausalityInterfaceForComposites.java:696)
	at ptolemy.actor.util.CausalityInterfaceForComposites._computeOutputPortDepth(CausalityInterfaceForComposites.java:765)
	at ptolemy.actor.util.CausalityInterfaceForComposites._computeInputDepth(CausalityInterfaceForComposites.java:696)
	at ptolemy.actor.util.CausalityInterfaceForComposites._computeActorDepth(CausalityInterfaceForComposites.java:532)
	at ptolemy.actor.util.CausalityInterfaceForComposites.checkForCycles(CausalityInterfaceForComposites.java:96)
	at ptolemy.domains.de.kernel.DEDirector.preinitialize(DEDirector.java:1338)
	at ptolemy.actor.CompositeActor.preinitialize(CompositeActor.java:1828)
	at ptolemy.actor.Manager.preinitializeAndResolveTypes(Manager.java:1040)
	at ptolemy.actor.Manager.initialize(Manager.java:710)
	at ptolemy.actor.Manager.execute(Manager.java:356)
	at ptolemy.actor.Manager.run(Manager.java:1263)
	at ptolemy.actor.Manager$PtolemyRunThread.run(Manager.java:1933)

    while executing
ptolemy.kernel.util.IllegalActionException: Found a zero delay loop containing .dependencyLoop.original
  in .dependencyLoop and .dependencyLoop.original
    while executing
"java::new ptolemy.moml.MoMLSimpleApplication $file
"
    (procedure "createAndExecute" line 2)
    invoked from within
"createAndExecute $file"
    ("uplevel" body line 5)
    invoked from within
"uplevel $contents_of_test"
------------------ testing $PTII/ptolemy/domains/de/test/auto/knownFailedTests/FSMSource.xml (Known Failure) 
62 ms. Memory: 120832K Free: 99152K (82%)
!!!! Auto was marked as failing, but now passes
------------------ testing $PTII/ptolemy/domains/de/test/auto/knownFailedTests/HierarchicalModel.xml (Known Failure) 
7 ms. Memory: 120832K Free: 81727K (68%)


==== $PTIIhome/travis/build/icyphy/ptII/ptolemy/domains/de/test/../../../../: Auto Automatic test in file $PTII/ptolemy/domains/de/test/auto/knownFailedTests/HierarchicalModel.xml
==== Contents of test case:

	    # FIXME: we should use $relativeFilename here, but it
	    # might have backslashes under Windows, which causes no end
	    # of trouble.
	    createAndExecute $file
	    list {}
	
.... Test generated KNOWN error:
    while executing
ptolemy.kernel.util.IllegalActionException: Found a zero delay loop containing .HierarchicalModel.A
  in .HierarchicalModel and .HierarchicalModel.A
	at ptolemy.actor.util.CausalityInterfaceForComposites._computeOutputPortDepth(CausalityInterfaceForComposites.java:759)
	at ptolemy.actor.util.CausalityInterfaceForComposites._computeInputDepth(CausalityInterfaceForComposites.java:696)
	at ptolemy.actor.util.CausalityInterfaceForComposites._computeOutputPortDepth(CausalityInterfaceForComposites.java:765)
	at ptolemy.actor.util.CausalityInterfaceForComposites._computeInputDepth(CausalityInterfaceForComposites.java:696)
	at ptolemy.actor.util.CausalityInterfaceForComposites._computeOutputPortDepth(CausalityInterfaceForComposites.java:765)
	at ptolemy.actor.util.CausalityInterfaceForComposites._computeInputDepth(CausalityInterfaceForComposites.java:696)
	at ptolemy.actor.util.CausalityInterfaceForComposites._computeActorDepth(CausalityInterfaceForComposites.java:532)
	at ptolemy.actor.util.CausalityInterfaceForComposites.checkForCycles(CausalityInterfaceForComposites.java:96)
	at ptolemy.domains.de.kernel.DEDirector.preinitialize(DEDirector.java:1338)
	at ptolemy.actor.CompositeActor.preinitialize(CompositeActor.java:1828)
	at ptolemy.actor.Manager.preinitializeAndResolveTypes(Manager.java:1040)
	at ptolemy.actor.Manager.initialize(Manager.java:710)
	at ptolemy.actor.Manager.execute(Manager.java:356)
	at ptolemy.actor.Manager.run(Manager.java:1263)
	at ptolemy.actor.Manager$PtolemyRunThread.run(Manager.java:1933)

    while executing
ptolemy.kernel.util.IllegalActionException: Found a zero delay loop containing .HierarchicalModel.A
  in .HierarchicalModel and .HierarchicalModel.A
    while executing
"java::new ptolemy.moml.MoMLSimpleApplication $file
"
    (procedure "createAndExecute" line 2)
    invoked from within
"createAndExecute $file"
    ("uplevel" body line 5)
    invoked from within
"uplevel $contents_of_test"
------------------ testing $PTII/ptolemy/domains/de/test/auto/knownFailedTests/dependencyLoop2.xml (Known Failure) 
14 ms. Memory: 120832K Free: 104323K (86%)


==== $PTIIhome/travis/build/icyphy/ptII/ptolemy/domains/de/test/../../../../: Auto Automatic test in file $PTII/ptolemy/domains/de/test/auto/knownFailedTests/dependencyLoop2.xml
==== Contents of test case:

	    # FIXME: we should use $relativeFilename here, but it
	    # might have backslashes under Windows, which causes no end
	    # of trouble.
	    createAndExecute $file
	    list {}
	
.... Test generated KNOWN error:
    while executing
ptolemy.kernel.util.IllegalActionException: Found a zero delay loop containing .dependencyLoop2.original
  in .dependencyLoop2 and .dependencyLoop2.original
	at ptolemy.actor.util.CausalityInterfaceForComposites._computeOutputPortDepth(CausalityInterfaceForComposites.java:759)
	at ptolemy.actor.util.CausalityInterfaceForComposites._computeInputDepth(CausalityInterfaceForComposites.java:696)
	at ptolemy.actor.util.CausalityInterfaceForComposites._computeOutputPortDepth(CausalityInterfaceForComposites.java:765)
	at ptolemy.actor.util.CausalityInterfaceForComposites._computeInputDepth(CausalityInterfaceForComposites.java:696)
	at ptolemy.actor.util.CausalityInterfaceForComposites._computeOutputPortDepth(CausalityInterfaceForComposites.java:765)
	at ptolemy.actor.util.CausalityInterfaceForComposites._computeInputDepth(CausalityInterfaceForComposites.java:696)
	at ptolemy.actor.util.CausalityInterfaceForComposites._computeActorDepth(CausalityInterfaceForComposites.java:532)
	at ptolemy.actor.util.CausalityInterfaceForComposites.checkForCycles(CausalityInterfaceForComposites.java:96)
	at ptolemy.domains.de.kernel.DEDirector.preinitialize(DEDirector.java:1338)
	at ptolemy.actor.CompositeActor.preinitialize(CompositeActor.java:1828)
	at ptolemy.actor.Manager.preinitializeAndResolveTypes(Manager.java:1040)
	at ptolemy.actor.Manager.initialize(Manager.java:710)
	at ptolemy.actor.Manager.execute(Manager.java:356)
	at ptolemy.actor.Manager.run(Manager.java:1263)
	at ptolemy.actor.Manager$PtolemyRunThread.run(Manager.java:1933)

    while executing
ptolemy.kernel.util.IllegalActionException: Found a zero delay loop containing .dependencyLoop2.original
  in .dependencyLoop2 and .dependencyLoop2.original
    while executing
"java::new ptolemy.moml.MoMLSimpleApplication $file
"
    (procedure "createAndExecute" line 2)
    invoked from within
"createAndExecute $file"
    ("uplevel" body line 5)
    invoked from within
"uplevel $contents_of_test"
------------------ testing $PTII/ptolemy/domains/de/test/auto/knownFailedTests/DESDFClockTest.xml (Known Failure) 
2045 ms. Memory: 120832K Free: 91521K (76%)


==== $PTIIhome/travis/build/icyphy/ptII/ptolemy/domains/de/test/../../../../: Auto Automatic test in file $PTII/ptolemy/domains/de/test/auto/knownFailedTests/DESDFClockTest.xml
==== Contents of test case:

	    # FIXME: we should use $relativeFilename here, but it
	    # might have backslashes under Windows, which causes no end
	    # of trouble.
	    createAndExecute $file
	    list {}
	
.... Test generated KNOWN error:
    while executing
ptolemy.kernel.util.IllegalActionException: Actor is not ready to fire.  Perhaps UpSample.prefire() returned false? Try debugging the actor by selecting "Listen to Actor".  Also, for SDF check moml for tokenConsumptionRate on input.
  in .DESDFClockTest.Play Bell.Copy1:SDF Director and .DESDFClockTest.Play Bell.UpSample
	at ptolemy.actor.sched.StaticSchedulingDirector.fire(StaticSchedulingDirector.java:227)
	at ptolemy.domains.sdf.kernel.SDFDirector.fire(SDFDirector.java:500)
	at ptolemy.actor.CompositeActor.fire(CompositeActor.java:455)
	at ptolemy.domains.de.kernel.DEDirector._fire(DEDirector.java:1949)
	at ptolemy.domains.de.kernel.DEDirector.fire(DEDirector.java:502)
	at ptolemy.actor.CompositeActor.fire(CompositeActor.java:455)
	at ptolemy.actor.Manager.iterate(Manager.java:851)
	at ptolemy.actor.Manager.execute(Manager.java:369)
	at ptolemy.actor.Manager.run(Manager.java:1263)
	at ptolemy.actor.Manager$PtolemyRunThread.run(Manager.java:1933)

    while executing
ptolemy.kernel.util.IllegalActionException: Actor is not ready to fire.  Perhaps UpSample.prefire() returned false? Try debugging the actor by selecting "Listen to Actor".  Also, for SDF check moml for tokenConsumptionRate on input.
  in .DESDFClockTest.Play Bell.Copy1:SDF Director and .DESDFClockTest.Play Bell.UpSample
    while executing
"java::new ptolemy.moml.MoMLSimpleApplication $file
"
    (procedure "createAndExecute" line 2)
    invoked from within
"createAndExecute $file"
    ("uplevel" body line 5)
    invoked from within
"uplevel $contents_of_test"
------------------ testing $PTII/ptolemy/domains/de/test/auto/ActorDepthCalculation_actorWithoutPorts.xml
auto.tcl: Setting watchdog for 200 seconds at Tue Aug 13 05:19:56 UTC 2019
5 ms. Memory: 120832K Free: 83843K (69%)
ptolemy.util.test.WatchDog.cancel(): canceling Tue Aug 13 05:19:56 UTC 2019
auto.tcl: Setting watchdog for 200 seconds at Tue Aug 13 05:19:56 UTC 2019
5 ms. Memory: 120832K Free: 82291K (68%)
ptolemy.util.test.WatchDog.cancel(): canceling Tue Aug 13 05:19:56 UTC 2019
------------------ testing $PTII/ptolemy/domains/de/test/auto/AssemblyLine.xml
auto.tcl: Setting watchdog for 200 seconds at Tue Aug 13 05:19:56 UTC 2019
8 ms. Memory: 48128K Free: 26018K (54%)
ptolemy.util.test.WatchDog.cancel(): canceling Tue Aug 13 05:19:57 UTC 2019
auto.tcl: Setting watchdog for 200 seconds at Tue Aug 13 05:19:57 UTC 2019
18 ms. Memory: 48128K Free: 25360K (53%)
ptolemy.util.test.WatchDog.cancel(): canceling Tue Aug 13 05:19:57 UTC 2019
------------------ testing $PTII/ptolemy/domains/de/test/auto/CQBug1.xml
auto.tcl: Setting watchdog for 200 seconds at Tue Aug 13 05:19:57 UTC 2019
3 ms. Memory: 48128K Free: 31556K (66%)
ptolemy.util.test.WatchDog.cancel(): canceling Tue Aug 13 05:19:57 UTC 2019
auto.tcl: Setting watchdog for 200 seconds at Tue Aug 13 05:19:57 UTC 2019
3 ms. Memory: 48128K Free: 31159K (65%)
ptolemy.util.test.WatchDog.cancel(): canceling Tue Aug 13 05:19:57 UTC 2019
------------------ testing $PTII/ptolemy/domains/de/test/auto/CancelFireAt.xml
auto.tcl: Setting watchdog for 200 seconds at Tue Aug 13 05:19:57 UTC 2019
2 ms. Memory: 45056K Free: 29698K (66%)
ptolemy.util.test.WatchDog.cancel(): canceling Tue Aug 13 05:19:57 UTC 2019
auto.tcl: Setting watchdog for 200 seconds at Tue Aug 13 05:19:57 UTC 2019
3 ms. Memory: 45056K Free: 29333K (65%)
ptolemy.util.test.WatchDog.cancel(): canceling Tue Aug 13 05:19:57 UTC 2019
------------------ testing $PTII/ptolemy/domains/de/test/auto/CausalityAndComposabilityAnalysis.xml
auto.tcl: Setting watchdog for 200 seconds at Tue Aug 13 05:19:57 UTC 2019
17 ms. Memory: 45056K Free: 27455K (61%)
ptolemy.util.test.WatchDog.cancel(): canceling Tue Aug 13 05:19:57 UTC 2019
auto.tcl: Setting watchdog for 200 seconds at Tue Aug 13 05:19:57 UTC 2019
6 ms. Memory: 45056K Free: 27067K (60%)
ptolemy.util.test.WatchDog.cancel(): canceling Tue Aug 13 05:19:57 UTC 2019
------------------ testing $PTII/ptolemy/domains/de/test/auto/CausalityInterface1.xml
auto.tcl: Setting watchdog for 200 seconds at Tue Aug 13 05:19:57 UTC 2019
16 ms. Memory: 45056K Free: 26393K (59%)
ptolemy.util.test.WatchDog.cancel(): canceling Tue Aug 13 05:19:57 UTC 2019
auto.tcl: Setting watchdog for 200 seconds at Tue Aug 13 05:19:57 UTC 2019
4 ms. Memory: 45056K Free: 25455K (56%)
ptolemy.util.test.WatchDog.cancel(): canceling Tue Aug 13 05:19:57 UTC 2019
------------------ testing $PTII/ptolemy/domains/de/test/auto/CausalityInterface15.xml
auto.tcl: Setting watchdog for 200 seconds at Tue Aug 13 05:19:57 UTC 2019
5 ms. Memory: 45056K Free: 26029K (58%)
ptolemy.util.test.WatchDog.cancel(): canceling Tue Aug 13 05:19:57 UTC 2019
auto.tcl: Setting watchdog for 200 seconds at Tue Aug 13 05:19:57 UTC 2019
10 ms. Memory: 45056K Free: 25381K (56%)
ptolemy.util.test.WatchDog.cancel(): canceling Tue Aug 13 05:19:57 UTC 2019
------------------ testing $PTII/ptolemy/domains/de/test/auto/CausalityInterface2.xml
auto.tcl: Setting watchdog for 200 seconds at Tue Aug 13 05:19:57 UTC 2019
9 ms. Memory: 45056K Free: 27100K (60%)
ptolemy.util.test.WatchDog.cancel(): canceling Tue Aug 13 05:19:57 UTC 2019
auto.tcl: Setting watchdog for 200 seconds at Tue Aug 13 05:19:57 UTC 2019
3 ms. Memory: 45056K Free: 26405K (59%)
ptolemy.util.test.WatchDog.cancel(): canceling Tue Aug 13 05:19:57 UTC 2019
------------------ testing $PTII/ptolemy/domains/de/test/auto/CausalityInterface3.xml
auto.tcl: Setting watchdog for 200 seconds at Tue Aug 13 05:19:57 UTC 2019
6 ms. Memory: 45056K Free: 26563K (59%)
ptolemy.util.test.WatchDog.cancel(): canceling Tue Aug 13 05:19:57 UTC 2019
auto.tcl: Setting watchdog for 200 seconds at Tue Aug 13 05:19:57 UTC 2019
3 ms. Memory: 45056K Free: 25795K (57%)
ptolemy.util.test.WatchDog.cancel(): canceling Tue Aug 13 05:19:57 UTC 2019
------------------ testing $PTII/ptolemy/domains/de/test/auto/ClockDrift.xml
auto.tcl: Setting watchdog for 200 seconds at Tue Aug 13 05:19:57 UTC 2019
103 ms. Memory: 45056K Free: 19157K (43%)
ptolemy.util.test.WatchDog.cancel(): canceling Tue Aug 13 05:19:58 UTC 2019
auto.tcl: Setting watchdog for 200 seconds at Tue Aug 13 05:19:58 UTC 2019
69 ms. Memory: 45056K Free: 16172K (36%)
ptolemy.util.test.WatchDog.cancel(): canceling Tue Aug 13 05:19:58 UTC 2019
------------------ testing $PTII/ptolemy/domains/de/test/auto/ClockDriftAndValueChange.xml
auto.tcl: Setting watchdog for 200 seconds at Tue Aug 13 05:19:58 UTC 2019
32 ms. Memory: 45056K Free: 19229K (43%)
ptolemy.util.test.WatchDog.cancel(): canceling Tue Aug 13 05:19:58 UTC 2019
auto.tcl: Setting watchdog for 200 seconds at Tue Aug 13 05:19:58 UTC 2019
30 ms. Memory: 45056K Free: 16384K (36%)
ptolemy.util.test.WatchDog.cancel(): canceling Tue Aug 13 05:19:58 UTC 2019
------------------ testing $PTII/ptolemy/domains/de/test/auto/ClockDriftChange.xml
auto.tcl: Setting watchdog for 200 seconds at Tue Aug 13 05:19:58 UTC 2019
21 ms. Memory: 45056K Free: 21028K (47%)
ptolemy.util.test.WatchDog.cancel(): canceling Tue Aug 13 05:19:58 UTC 2019
auto.tcl: Setting watchdog for 200 seconds at Tue Aug 13 05:19:58 UTC 2019
28 ms. Memory: 45056K Free: 18183K (40%)
ptolemy.util.test.WatchDog.cancel(): canceling Tue Aug 13 05:19:58 UTC 2019
------------------ testing $PTII/ptolemy/domains/de/test/auto/ComposableCausalityAnalysis.xml
auto.tcl: Setting watchdog for 200 seconds at Tue Aug 13 05:19:58 UTC 2019
2 ms. Memory: 45056K Free: 25698K (57%)
ptolemy.util.test.WatchDog.cancel(): canceling Tue Aug 13 05:19:58 UTC 2019
auto.tcl: Setting watchdog for 200 seconds at Tue Aug 13 05:19:58 UTC 2019
2 ms. Memory: 45056K Free: 24612K (55%)
ptolemy.util.test.WatchDog.cancel(): canceling Tue Aug 13 05:19:58 UTC 2019
------------------ testing $PTII/ptolemy/domains/de/test/auto/DEFixedPointLimitation.xml
auto.tcl: Setting watchdog for 200 seconds at Tue Aug 13 05:19:58 UTC 2019
3 ms. Memory: 45056K Free: 27032K (60%)
ptolemy.util.test.WatchDog.cancel(): canceling Tue Aug 13 05:19:58 UTC 2019
auto.tcl: Setting watchdog for 200 seconds at Tue Aug 13 05:19:58 UTC 2019
1 ms. Memory: 45056K Free: 26117K (58%)
ptolemy.util.test.WatchDog.cancel(): canceling Tue Aug 13 05:19:58 UTC 2019
------------------ testing $PTII/ptolemy/domains/de/test/auto/DEScheduleTest.xml
auto.tcl: Setting watchdog for 200 seconds at Tue Aug 13 05:19:58 UTC 2019
7 ms. Memory: 45056K Free: 27289K (61%)
ptolemy.util.test.WatchDog.cancel(): canceling Tue Aug 13 05:19:58 UTC 2019
auto.tcl: Setting watchdog for 200 seconds at Tue Aug 13 05:19:58 UTC 2019
3 ms. Memory: 45056K Free: 26541K (59%)
ptolemy.util.test.WatchDog.cancel(): canceling Tue Aug 13 05:19:58 UTC 2019
------------------ testing $PTII/ptolemy/domains/de/test/auto/DEinDEwithStartTimes.xml
auto.tcl: Setting watchdog for 200 seconds at Tue Aug 13 05:19:58 UTC 2019
7 ms. Memory: 45056K Free: 25509K (57%)
ptolemy.util.test.WatchDog.cancel(): canceling Tue Aug 13 05:19:58 UTC 2019
auto.tcl: Setting watchdog for 200 seconds at Tue Aug 13 05:19:58 UTC 2019
5 ms. Memory: 45056K Free: 24425K (54%)
ptolemy.util.test.WatchDog.cancel(): canceling Tue Aug 13 05:19:58 UTC 2019
------------------ testing $PTII/ptolemy/domains/de/test/auto/DEinDEwithStartTimes2.xml
auto.tcl: Setting watchdog for 200 seconds at Tue Aug 13 05:19:58 UTC 2019
8 ms. Memory: 45056K Free: 24751K (55%)
ptolemy.util.test.WatchDog.cancel(): canceling Tue Aug 13 05:19:58 UTC 2019
auto.tcl: Setting watchdog for 200 seconds at Tue Aug 13 05:19:58 UTC 2019
4 ms. Memory: 45056K Free: 23381K (52%)
ptolemy.util.test.WatchDog.cancel(): canceling Tue Aug 13 05:19:58 UTC 2019
------------------ testing $PTII/ptolemy/domains/de/test/auto/DateDemo.xml
auto.tcl: Setting watchdog for 200 seconds at Tue Aug 13 05:19:58 UTC 2019
17 ms. Memory: 45056K Free: 19033K (42%)
ptolemy.util.test.WatchDog.cancel(): canceling Tue Aug 13 05:19:59 UTC 2019
auto.tcl: Setting watchdog for 200 seconds at Tue Aug 13 05:19:59 UTC 2019
7 ms. Memory: 45056K Free: 17497K (39%)
ptolemy.util.test.WatchDog.cancel(): canceling Tue Aug 13 05:19:59 UTC 2019
------------------ testing $PTII/ptolemy/domains/de/test/auto/DateToEvent.xml
auto.tcl: Setting watchdog for 200 seconds at Tue Aug 13 05:19:59 UTC 2019
2022 ms. Memory: 45056K Free: 14945K (33%)
ptolemy.util.test.WatchDog.cancel(): canceling Tue Aug 13 05:20:01 UTC 2019
auto.tcl: Setting watchdog for 200 seconds at Tue Aug 13 05:20:01 UTC 2019
2006 ms. Memory: 45056K Free: 14216K (32%)
ptolemy.util.test.WatchDog.cancel(): canceling Tue Aug 13 05:20:03 UTC 2019
------------------ testing $PTII/ptolemy/domains/de/test/auto/DepthTest1.xml
auto.tcl: Setting watchdog for 200 seconds at Tue Aug 13 05:20:03 UTC 2019
4 ms. Memory: 45056K Free: 28232K (63%)
ptolemy.util.test.WatchDog.cancel(): canceling Tue Aug 13 05:20:03 UTC 2019
auto.tcl: Setting watchdog for 200 seconds at Tue Aug 13 05:20:03 UTC 2019
1 ms. Memory: 45056K Free: 27725K (62%)
ptolemy.util.test.WatchDog.cancel(): canceling Tue Aug 13 05:20:03 UTC 2019
------------------ testing $PTII/ptolemy/domains/de/test/auto/DepthTest2.xml
auto.tcl: Setting watchdog for 200 seconds at Tue Aug 13 05:20:03 UTC 2019
8 ms. Memory: 45056K Free: 24970K (55%)
ptolemy.util.test.WatchDog.cancel(): canceling Tue Aug 13 05:20:03 UTC 2019
auto.tcl: Setting watchdog for 200 seconds at Tue Aug 13 05:20:03 UTC 2019
7 ms. Memory: 45056K Free: 24586K (55%)
ptolemy.util.test.WatchDog.cancel(): canceling Tue Aug 13 05:20:03 UTC 2019
------------------ testing $PTII/ptolemy/domains/de/test/auto/DepthTest3.xml
auto.tcl: Setting watchdog for 200 seconds at Tue Aug 13 05:20:03 UTC 2019
3 ms. Memory: 45056K Free: 28576K (63%)
ptolemy.util.test.WatchDog.cancel(): canceling Tue Aug 13 05:20:03 UTC 2019
auto.tcl: Setting watchdog for 200 seconds at Tue Aug 13 05:20:03 UTC 2019
2 ms. Memory: 45056K Free: 28041K (62%)
ptolemy.util.test.WatchDog.cancel(): canceling Tue Aug 13 05:20:03 UTC 2019
------------------ testing $PTII/ptolemy/domains/de/test/auto/DepthTest4.xml
auto.tcl: Setting watchdog for 200 seconds at Tue Aug 13 05:20:03 UTC 2019
3 ms. Memory: 45056K Free: 26786K (59%)
ptolemy.util.test.WatchDog.cancel(): canceling Tue Aug 13 05:20:03 UTC 2019
auto.tcl: Setting watchdog for 200 seconds at Tue Aug 13 05:20:03 UTC 2019
2 ms. Memory: 45056K Free: 26075K (58%)
ptolemy.util.test.WatchDog.cancel(): canceling Tue Aug 13 05:20:03 UTC 2019
------------------ testing $PTII/ptolemy/domains/de/test/auto/DepthTest5.xml
auto.tcl: Setting watchdog for 200 seconds at Tue Aug 13 05:20:03 UTC 2019
8 ms. Memory: 45056K Free: 25933K (58%)
ptolemy.util.test.WatchDog.cancel(): canceling Tue Aug 13 05:20:03 UTC 2019
auto.tcl: Setting watchdog for 200 seconds at Tue Aug 13 05:20:03 UTC 2019
3 ms. Memory: 45056K Free: 25542K (57%)
ptolemy.util.test.WatchDog.cancel(): canceling Tue Aug 13 05:20:03 UTC 2019
------------------ testing $PTII/ptolemy/domains/de/test/auto/DepthTest6.xml
auto.tcl: Setting watchdog for 200 seconds at Tue Aug 13 05:20:03 UTC 2019
4 ms. Memory: 45056K Free: 25867K (57%)
ptolemy.util.test.WatchDog.cancel(): canceling Tue Aug 13 05:20:03 UTC 2019
auto.tcl: Setting watchdog for 200 seconds at Tue Aug 13 05:20:03 UTC 2019
2 ms. Memory: 45056K Free: 25361K (56%)
ptolemy.util.test.WatchDog.cancel(): canceling Tue Aug 13 05:20:03 UTC 2019
------------------ testing $PTII/ptolemy/domains/de/test/auto/DepthTest7.xml
auto.tcl: Setting watchdog for 200 seconds at Tue Aug 13 05:20:03 UTC 2019
11 ms. Memory: 45056K Free: 26704K (59%)
ptolemy.util.test.WatchDog.cancel(): canceling Tue Aug 13 05:20:03 UTC 2019
auto.tcl: Setting watchdog for 200 seconds at Tue Aug 13 05:20:03 UTC 2019
3 ms. Memory: 45056K Free: 25959K (58%)
ptolemy.util.test.WatchDog.cancel(): canceling Tue Aug 13 05:20:03 UTC 2019
------------------ testing $PTII/ptolemy/domains/de/test/auto/EventToDate.xml
auto.tcl: Setting watchdog for 200 seconds at Tue Aug 13 05:20:03 UTC 2019
3015 ms. Memory: 45056K Free: 17510K (39%)
ptolemy.util.test.WatchDog.cancel(): canceling Tue Aug 13 05:20:06 UTC 2019
auto.tcl: Setting watchdog for 200 seconds at Tue Aug 13 05:20:06 UTC 2019
3005 ms. Memory: 45056K Free: 16801K (37%)
ptolemy.util.test.WatchDog.cancel(): canceling Tue Aug 13 05:20:09 UTC 2019
------------------ testing $PTII/ptolemy/domains/de/test/auto/FSM1.xml
auto.tcl: Setting watchdog for 200 seconds at Tue Aug 13 05:20:10 UTC 2019
44 ms. Memory: 45056K Free: 18710K (42%)
ptolemy.util.test.WatchDog.cancel(): canceling Tue Aug 13 05:20:10 UTC 2019
auto.tcl: Setting watchdog for 200 seconds at Tue Aug 13 05:20:10 UTC 2019
33 ms. Memory: 45056K Free: 15480K (34%)
ptolemy.util.test.WatchDog.cancel(): canceling Tue Aug 13 05:20:10 UTC 2019
------------------ testing $PTII/ptolemy/domains/de/test/auto/FSM7.xml
auto.tcl: Setting watchdog for 200 seconds at Tue Aug 13 05:20:10 UTC 2019
21 ms. Memory: 45056K Free: 18417K (41%)
ptolemy.util.test.WatchDog.cancel(): canceling Tue Aug 13 05:20:10 UTC 2019
auto.tcl: Setting watchdog for 200 seconds at Tue Aug 13 05:20:10 UTC 2019
20 ms. Memory: 45056K Free: 15302K (34%)
ptolemy.util.test.WatchDog.cancel(): canceling Tue Aug 13 05:20:10 UTC 2019
------------------ testing $PTII/ptolemy/domains/de/test/auto/Inspection.xml
auto.tcl: Setting watchdog for 200 seconds at Tue Aug 13 05:20:10 UTC 2019
25 ms. Memory: 45056K Free: 18438K (41%)
ptolemy.util.test.WatchDog.cancel(): canceling Tue Aug 13 05:20:10 UTC 2019
auto.tcl: Setting watchdog for 200 seconds at Tue Aug 13 05:20:10 UTC 2019
19 ms. Memory: 45056K Free: 16701K (37%)
ptolemy.util.test.WatchDog.cancel(): canceling Tue Aug 13 05:20:10 UTC 2019
------------------ testing $PTII/ptolemy/domains/de/test/auto/Iteration.xml
auto.tcl: Setting watchdog for 200 seconds at Tue Aug 13 05:20:10 UTC 2019
8 ms. Memory: 45056K Free: 24170K (54%)
ptolemy.util.test.WatchDog.cancel(): canceling Tue Aug 13 05:20:10 UTC 2019
auto.tcl: Setting watchdog for 200 seconds at Tue Aug 13 05:20:10 UTC 2019
7 ms. Memory: 45056K Free: 22756K (51%)
ptolemy.util.test.WatchDog.cancel(): canceling Tue Aug 13 05:20:10 UTC 2019
------------------ testing $PTII/ptolemy/domains/de/test/auto/LineFault.xml
auto.tcl: Setting watchdog for 200 seconds at Tue Aug 13 05:20:10 UTC 2019
786 ms. Memory: 57344K Free: 23774K (41%)
ptolemy.util.test.WatchDog.cancel(): canceling Tue Aug 13 05:20:11 UTC 2019
auto.tcl: Setting watchdog for 200 seconds at Tue Aug 13 05:20:11 UTC 2019
574 ms. Memory: 57344K Free: 16847K (29%)
ptolemy.util.test.WatchDog.cancel(): canceling Tue Aug 13 05:20:12 UTC 2019
------------------ testing $PTII/ptolemy/domains/de/test/auto/MergeModel1Add.xml
auto.tcl: Setting watchdog for 200 seconds at Tue Aug 13 05:20:12 UTC 2019
17 ms. Memory: 55296K Free: 20375K (37%)
ptolemy.util.test.WatchDog.cancel(): canceling Tue Aug 13 05:20:12 UTC 2019
auto.tcl: Setting watchdog for 200 seconds at Tue Aug 13 05:20:12 UTC 2019
13 ms. Memory: 55296K Free: 18717K (34%)
ptolemy.util.test.WatchDog.cancel(): canceling Tue Aug 13 05:20:12 UTC 2019
------------------ testing $PTII/ptolemy/domains/de/test/auto/MergeModel2Add.xml
auto.tcl: Setting watchdog for 200 seconds at Tue Aug 13 05:20:12 UTC 2019
10 ms. Memory: 48128K Free: 15027K (31%)
ptolemy.util.test.WatchDog.cancel(): canceling Tue Aug 13 05:20:12 UTC 2019
auto.tcl: Setting watchdog for 200 seconds at Tue Aug 13 05:20:12 UTC 2019
8 ms. Memory: 48128K Free: 13299K (28%)
ptolemy.util.test.WatchDog.cancel(): canceling Tue Aug 13 05:20:12 UTC 2019
------------------ testing $PTII/ptolemy/domains/de/test/auto/MergeModel3Add.xml
auto.tcl: Setting watchdog for 200 seconds at Tue Aug 13 05:20:12 UTC 2019
12 ms. Memory: 48128K Free: 15284K (32%)
ptolemy.util.test.WatchDog.cancel(): canceling Tue Aug 13 05:20:12 UTC 2019
auto.tcl: Setting watchdog for 200 seconds at Tue Aug 13 05:20:12 UTC 2019
8 ms. Memory: 48128K Free: 13866K (29%)
ptolemy.util.test.WatchDog.cancel(): canceling Tue Aug 13 05:20:12 UTC 2019
------------------ testing $PTII/ptolemy/domains/de/test/auto/MergeWithoutDiscard.xml
auto.tcl: Setting watchdog for 200 seconds at Tue Aug 13 05:20:12 UTC 2019
2 ms. Memory: 48128K Free: 29645K (62%)
ptolemy.util.test.WatchDog.cancel(): canceling Tue Aug 13 05:20:12 UTC 2019
auto.tcl: Setting watchdog for 200 seconds at Tue Aug 13 05:20:12 UTC 2019
2 ms. Memory: 48128K Free: 29214K (61%)
ptolemy.util.test.WatchDog.cancel(): canceling Tue Aug 13 05:20:12 UTC 2019
------------------ testing $PTII/ptolemy/domains/de/test/auto/Modal1.xml
auto.tcl: Setting watchdog for 200 seconds at Tue Aug 13 05:20:12 UTC 2019
11 ms. Memory: 48128K Free: 21996K (46%)
ptolemy.util.test.WatchDog.cancel(): canceling Tue Aug 13 05:20:12 UTC 2019
auto.tcl: Setting watchdog for 200 seconds at Tue Aug 13 05:20:12 UTC 2019
18 ms. Memory: 48128K Free: 18737K (39%)
ptolemy.util.test.WatchDog.cancel(): canceling Tue Aug 13 05:20:12 UTC 2019
------------------ testing $PTII/ptolemy/domains/de/test/auto/Modal2.xml
auto.tcl: Setting watchdog for 200 seconds at Tue Aug 13 05:20:12 UTC 2019
12 ms. Memory: 48128K Free: 21883K (45%)
ptolemy.util.test.WatchDog.cancel(): canceling Tue Aug 13 05:20:12 UTC 2019
auto.tcl: Setting watchdog for 200 seconds at Tue Aug 13 05:20:12 UTC 2019
13 ms. Memory: 48128K Free: 18650K (39%)
ptolemy.util.test.WatchDog.cancel(): canceling Tue Aug 13 05:20:12 UTC 2019
------------------ testing $PTII/ptolemy/domains/de/test/auto/Modal3.xml
auto.tcl: Setting watchdog for 200 seconds at Tue Aug 13 05:20:12 UTC 2019
15 ms. Memory: 48128K Free: 21860K (45%)
ptolemy.util.test.WatchDog.cancel(): canceling Tue Aug 13 05:20:13 UTC 2019
auto.tcl: Setting watchdog for 200 seconds at Tue Aug 13 05:20:13 UTC 2019
13 ms. Memory: 48128K Free: 18264K (38%)
ptolemy.util.test.WatchDog.cancel(): canceling Tue Aug 13 05:20:13 UTC 2019
------------------ testing $PTII/ptolemy/domains/de/test/auto/Modal4.xml
auto.tcl: Setting watchdog for 200 seconds at Tue Aug 13 05:20:13 UTC 2019
28 ms. Memory: 48128K Free: 20569K (43%)
ptolemy.util.test.WatchDog.cancel(): canceling Tue Aug 13 05:20:13 UTC 2019
auto.tcl: Setting watchdog for 200 seconds at Tue Aug 13 05:20:13 UTC 2019
15 ms. Memory: 48128K Free: 16574K (34%)
ptolemy.util.test.WatchDog.cancel(): canceling Tue Aug 13 05:20:13 UTC 2019
------------------ testing $PTII/ptolemy/domains/de/test/auto/Modal5.xml
auto.tcl: Setting watchdog for 200 seconds at Tue Aug 13 05:20:13 UTC 2019
16 ms. Memory: 48128K Free: 20803K (43%)
ptolemy.util.test.WatchDog.cancel(): canceling Tue Aug 13 05:20:13 UTC 2019
auto.tcl: Setting watchdog for 200 seconds at Tue Aug 13 05:20:13 UTC 2019
17 ms. Memory: 48128K Free: 16983K (35%)
ptolemy.util.test.WatchDog.cancel(): canceling Tue Aug 13 05:20:13 UTC 2019
------------------ testing $PTII/ptolemy/domains/de/test/auto/Modal6.xml
auto.tcl: Setting watchdog for 200 seconds at Tue Aug 13 05:20:13 UTC 2019
12 ms. Memory: 48128K Free: 21628K (45%)
ptolemy.util.test.WatchDog.cancel(): canceling Tue Aug 13 05:20:13 UTC 2019
auto.tcl: Setting watchdog for 200 seconds at Tue Aug 13 05:20:13 UTC 2019
14 ms. Memory: 48128K Free: 17616K (37%)
ptolemy.util.test.WatchDog.cancel(): canceling Tue Aug 13 05:20:13 UTC 2019
------------------ testing $PTII/ptolemy/domains/de/test/auto/Modal7.xml
auto.tcl: Setting watchdog for 200 seconds at Tue Aug 13 05:20:13 UTC 2019
10 ms. Memory: 48128K Free: 20787K (43%)
ptolemy.util.test.WatchDog.cancel(): canceling Tue Aug 13 05:20:13 UTC 2019
auto.tcl: Setting watchdog for 200 seconds at Tue Aug 13 05:20:13 UTC 2019
10 ms. Memory: 48128K Free: 17256K (36%)
ptolemy.util.test.WatchDog.cancel(): canceling Tue Aug 13 05:20:13 UTC 2019
------------------ testing $PTII/ptolemy/domains/de/test/auto/ModalModel.xml
auto.tcl: Setting watchdog for 200 seconds at Tue Aug 13 05:20:13 UTC 2019
186 ms. Memory: 58368K Free: 22272K (38%)
ptolemy.util.test.WatchDog.cancel(): canceling Tue Aug 13 05:20:13 UTC 2019
auto.tcl: Setting watchdog for 200 seconds at Tue Aug 13 05:20:13 UTC 2019
195 ms. Memory: 58368K Free: 19721K (34%)
ptolemy.util.test.WatchDog.cancel(): canceling Tue Aug 13 05:20:13 UTC 2019
------------------ testing $PTII/ptolemy/domains/de/test/auto/ModalSource.xml
auto.tcl: Setting watchdog for 200 seconds at Tue Aug 13 05:20:13 UTC 2019
8 ms. Memory: 55296K Free: 32824K (59%)
ptolemy.util.test.WatchDog.cancel(): canceling Tue Aug 13 05:20:14 UTC 2019
auto.tcl: Setting watchdog for 200 seconds at Tue Aug 13 05:20:14 UTC 2019
10 ms. Memory: 55296K Free: 30776K (56%)
ptolemy.util.test.WatchDog.cancel(): canceling Tue Aug 13 05:20:14 UTC 2019
------------------ testing $PTII/ptolemy/domains/de/test/auto/NonInterruptibleTimerZeroDelay.xml
auto.tcl: Setting watchdog for 200 seconds at Tue Aug 13 05:20:14 UTC 2019
4 ms. Memory: 51200K Free: 33921K (66%)
ptolemy.util.test.WatchDog.cancel(): canceling Tue Aug 13 05:20:14 UTC 2019
auto.tcl: Setting watchdog for 200 seconds at Tue Aug 13 05:20:14 UTC 2019
2 ms. Memory: 51200K Free: 33032K (65%)
ptolemy.util.test.WatchDog.cancel(): canceling Tue Aug 13 05:20:14 UTC 2019
------------------ testing $PTII/ptolemy/domains/de/test/auto/OpenQueueingNetwork.xml
auto.tcl: Setting watchdog for 200 seconds at Tue Aug 13 05:20:14 UTC 2019
3323 ms. Memory: 115712K Free: 49758K (43%)
ptolemy.util.test.WatchDog.cancel(): canceling Tue Aug 13 05:20:17 UTC 2019
auto.tcl: Setting watchdog for 200 seconds at Tue Aug 13 05:20:17 UTC 2019
2519 ms. Memory: 139264K Free: 57775K (41%)
ptolemy.util.test.WatchDog.cancel(): canceling Tue Aug 13 05:20:20 UTC 2019
------------------ testing $PTII/ptolemy/domains/de/test/auto/OpenQueuingNetwork.xml
auto.tcl: Setting watchdog for 200 seconds at Tue Aug 13 05:20:20 UTC 2019
250 ms. Memory: 55296K Free: 27140K (49%)
ptolemy.util.test.WatchDog.cancel(): canceling Tue Aug 13 05:20:20 UTC 2019
auto.tcl: Setting watchdog for 200 seconds at Tue Aug 13 05:20:20 UTC 2019
239 ms. Memory: 55296K Free: 37375K (68%)
ptolemy.util.test.WatchDog.cancel(): canceling Tue Aug 13 05:20:20 UTC 2019
------------------ testing $PTII/ptolemy/domains/de/test/auto/PeriodicSampler.xml
auto.tcl: Setting watchdog for 200 seconds at Tue Aug 13 05:20:20 UTC 2019
3 ms. Memory: 51200K Free: 32862K (64%)
ptolemy.util.test.WatchDog.cancel(): canceling Tue Aug 13 05:20:20 UTC 2019
auto.tcl: Setting watchdog for 200 seconds at Tue Aug 13 05:20:20 UTC 2019
2 ms. Memory: 51200K Free: 32364K (63%)
ptolemy.util.test.WatchDog.cancel(): canceling Tue Aug 13 05:20:20 UTC 2019
------------------ testing $PTII/ptolemy/domains/de/test/auto/PersistentIO.xml
auto.tcl: Setting watchdog for 200 seconds at Tue Aug 13 05:20:20 UTC 2019
18 ms. Memory: 51200K Free: 27771K (54%)
ptolemy.util.test.WatchDog.cancel(): canceling Tue Aug 13 05:20:21 UTC 2019
auto.tcl: Setting watchdog for 200 seconds at Tue Aug 13 05:20:21 UTC 2019
4 ms. Memory: 51200K Free: 26267K (51%)
ptolemy.util.test.WatchDog.cancel(): canceling Tue Aug 13 05:20:21 UTC 2019
------------------ testing $PTII/ptolemy/domains/de/test/auto/PortParameterResetOnInitialize.xml
auto.tcl: Setting watchdog for 200 seconds at Tue Aug 13 05:20:21 UTC 2019
2 ms. Memory: 48128K Free: 29701K (62%)
ptolemy.util.test.WatchDog.cancel(): canceling Tue Aug 13 05:20:21 UTC 2019
auto.tcl: Setting watchdog for 200 seconds at Tue Aug 13 05:20:21 UTC 2019
2 ms. Memory: 48128K Free: 29204K (61%)
ptolemy.util.test.WatchDog.cancel(): canceling Tue Aug 13 05:20:21 UTC 2019
------------------ testing $PTII/ptolemy/domains/de/test/auto/PortParameterUpdates.xml
auto.tcl: Setting watchdog for 200 seconds at Tue Aug 13 05:20:21 UTC 2019
4 ms. Memory: 48128K Free: 27782K (58%)
ptolemy.util.test.WatchDog.cancel(): canceling Tue Aug 13 05:20:21 UTC 2019
auto.tcl: Setting watchdog for 200 seconds at Tue Aug 13 05:20:21 UTC 2019
4 ms. Memory: 48128K Free: 26332K (55%)
ptolemy.util.test.WatchDog.cancel(): canceling Tue Aug 13 05:20:21 UTC 2019
------------------ testing $PTII/ptolemy/domains/de/test/auto/QueueAndServer.xml
auto.tcl: Setting watchdog for 200 seconds at Tue Aug 13 05:20:21 UTC 2019
21 ms. Memory: 48128K Free: 26736K (56%)
ptolemy.util.test.WatchDog.cancel(): canceling Tue Aug 13 05:20:21 UTC 2019
auto.tcl: Setting watchdog for 200 seconds at Tue Aug 13 05:20:21 UTC 2019
6 ms. Memory: 48128K Free: 25272K (53%)
ptolemy.util.test.WatchDog.cancel(): canceling Tue Aug 13 05:20:21 UTC 2019
------------------ testing $PTII/ptolemy/domains/de/test/auto/Records.xml
auto.tcl: Setting watchdog for 200 seconds at Tue Aug 13 05:20:21 UTC 2019
3 ms. Memory: 48128K Free: 29256K (61%)
ptolemy.util.test.WatchDog.cancel(): canceling Tue Aug 13 05:20:21 UTC 2019
auto.tcl: Setting watchdog for 200 seconds at Tue Aug 13 05:20:21 UTC 2019
2 ms. Memory: 48128K Free: 28764K (60%)
ptolemy.util.test.WatchDog.cancel(): canceling Tue Aug 13 05:20:21 UTC 2019
------------------ testing $PTII/ptolemy/domains/de/test/auto/ResetTransitionWithStartTime1.xml
auto.tcl: Setting watchdog for 200 seconds at Tue Aug 13 05:20:21 UTC 2019
7 ms. Memory: 48128K Free: 26198K (54%)
ptolemy.util.test.WatchDog.cancel(): canceling Tue Aug 13 05:20:21 UTC 2019
auto.tcl: Setting watchdog for 200 seconds at Tue Aug 13 05:20:21 UTC 2019
6 ms. Memory: 48128K Free: 23688K (49%)
ptolemy.util.test.WatchDog.cancel(): canceling Tue Aug 13 05:20:21 UTC 2019
------------------ testing $PTII/ptolemy/domains/de/test/auto/ResetTransitionWithStartTime2.xml
auto.tcl: Setting watchdog for 200 seconds at Tue Aug 13 05:20:21 UTC 2019
5 ms. Memory: 48128K Free: 26153K (54%)
ptolemy.util.test.WatchDog.cancel(): canceling Tue Aug 13 05:20:21 UTC 2019
auto.tcl: Setting watchdog for 200 seconds at Tue Aug 13 05:20:21 UTC 2019
6 ms. Memory: 48128K Free: 23629K (49%)
ptolemy.util.test.WatchDog.cancel(): canceling Tue Aug 13 05:20:21 UTC 2019
------------------ testing $PTII/ptolemy/domains/de/test/auto/ResetTransitionWithStartTime3.xml
auto.tcl: Setting watchdog for 200 seconds at Tue Aug 13 05:20:21 UTC 2019
6 ms. Memory: 48128K Free: 26152K (54%)
ptolemy.util.test.WatchDog.cancel(): canceling Tue Aug 13 05:20:21 UTC 2019
auto.tcl: Setting watchdog for 200 seconds at Tue Aug 13 05:20:21 UTC 2019
7 ms. Memory: 48128K Free: 23628K (49%)
ptolemy.util.test.WatchDog.cancel(): canceling Tue Aug 13 05:20:21 UTC 2019
------------------ testing $PTII/ptolemy/domains/de/test/auto/ResetTransitionWithStartTime4.xml
auto.tcl: Setting watchdog for 200 seconds at Tue Aug 13 05:20:21 UTC 2019
10 ms. Memory: 48128K Free: 26852K (56%)
ptolemy.util.test.WatchDog.cancel(): canceling Tue Aug 13 05:20:21 UTC 2019
auto.tcl: Setting watchdog for 200 seconds at Tue Aug 13 05:20:21 UTC 2019
4 ms. Memory: 48128K Free: 25199K (52%)
ptolemy.util.test.WatchDog.cancel(): canceling Tue Aug 13 05:20:21 UTC 2019
------------------ testing $PTII/ptolemy/domains/de/test/auto/ResettableTimer1.xml
auto.tcl: Setting watchdog for 200 seconds at Tue Aug 13 05:20:21 UTC 2019
3 ms. Memory: 48128K Free: 30614K (64%)
ptolemy.util.test.WatchDog.cancel(): canceling Tue Aug 13 05:20:21 UTC 2019
auto.tcl: Setting watchdog for 200 seconds at Tue Aug 13 05:20:21 UTC 2019
3 ms. Memory: 48128K Free: 29743K (62%)
ptolemy.util.test.WatchDog.cancel(): canceling Tue Aug 13 05:20:21 UTC 2019
------------------ testing $PTII/ptolemy/domains/de/test/auto/ResettableTimer2.xml
auto.tcl: Setting watchdog for 200 seconds at Tue Aug 13 05:20:21 UTC 2019
4 ms. Memory: 48128K Free: 30454K (63%)
ptolemy.util.test.WatchDog.cancel(): canceling Tue Aug 13 05:20:21 UTC 2019
auto.tcl: Setting watchdog for 200 seconds at Tue Aug 13 05:20:21 UTC 2019
1 ms. Memory: 48128K Free: 29342K (61%)
ptolemy.util.test.WatchDog.cancel(): canceling Tue Aug 13 05:20:21 UTC 2019
------------------ testing $PTII/ptolemy/domains/de/test/auto/ResettableTimer3.xml
auto.tcl: Setting watchdog for 200 seconds at Tue Aug 13 05:20:21 UTC 2019
1 ms. Memory: 48128K Free: 30321K (63%)
ptolemy.util.test.WatchDog.cancel(): canceling Tue Aug 13 05:20:21 UTC 2019
auto.tcl: Setting watchdog for 200 seconds at Tue Aug 13 05:20:21 UTC 2019
1 ms. Memory: 48128K Free: 30285K (63%)
ptolemy.util.test.WatchDog.cancel(): canceling Tue Aug 13 05:20:21 UTC 2019
------------------ testing $PTII/ptolemy/domains/de/test/auto/ResettableTimer4.xml
auto.tcl: Setting watchdog for 200 seconds at Tue Aug 13 05:20:21 UTC 2019
1 ms. Memory: 48128K Free: 30318K (63%)
ptolemy.util.test.WatchDog.cancel(): canceling Tue Aug 13 05:20:21 UTC 2019
auto.tcl: Setting watchdog for 200 seconds at Tue Aug 13 05:20:21 UTC 2019
1 ms. Memory: 48128K Free: 29822K (62%)
ptolemy.util.test.WatchDog.cancel(): canceling Tue Aug 13 05:20:21 UTC 2019
------------------ testing $PTII/ptolemy/domains/de/test/auto/ResettableTimer5.xml
auto.tcl: Setting watchdog for 200 seconds at Tue Aug 13 05:20:21 UTC 2019
2 ms. Memory: 48128K Free: 29768K (62%)
ptolemy.util.test.WatchDog.cancel(): canceling Tue Aug 13 05:20:21 UTC 2019
auto.tcl: Setting watchdog for 200 seconds at Tue Aug 13 05:20:21 UTC 2019
1 ms. Memory: 48128K Free: 29291K (61%)
ptolemy.util.test.WatchDog.cancel(): canceling Tue Aug 13 05:20:21 UTC 2019
------------------ testing $PTII/ptolemy/domains/de/test/auto/ResettableTimer6.xml
auto.tcl: Setting watchdog for 200 seconds at Tue Aug 13 05:20:22 UTC 2019
1 ms. Memory: 48128K Free: 29759K (62%)
ptolemy.util.test.WatchDog.cancel(): canceling Tue Aug 13 05:20:22 UTC 2019
auto.tcl: Setting watchdog for 200 seconds at Tue Aug 13 05:20:22 UTC 2019
1 ms. Memory: 48128K Free: 29265K (61%)
ptolemy.util.test.WatchDog.cancel(): canceling Tue Aug 13 05:20:22 UTC 2019
------------------ testing $PTII/ptolemy/domains/de/test/auto/ServerZeroDelay.xml
auto.tcl: Setting watchdog for 200 seconds at Tue Aug 13 05:20:22 UTC 2019
6 ms. Memory: 48128K Free: 30278K (63%)
ptolemy.util.test.WatchDog.cancel(): canceling Tue Aug 13 05:20:22 UTC 2019
auto.tcl: Setting watchdog for 200 seconds at Tue Aug 13 05:20:22 UTC 2019
2 ms. Memory: 48128K Free: 29326K (61%)
ptolemy.util.test.WatchDog.cancel(): canceling Tue Aug 13 05:20:22 UTC 2019
------------------ testing $PTII/ptolemy/domains/de/test/auto/SmartSender.xml
auto.tcl: Setting watchdog for 200 seconds at Tue Aug 13 05:20:22 UTC 2019
3002 ms. Memory: 48128K Free: 30293K (63%)
ptolemy.util.test.WatchDog.cancel(): canceling Tue Aug 13 05:20:25 UTC 2019
auto.tcl: Setting watchdog for 200 seconds at Tue Aug 13 05:20:25 UTC 2019
3003 ms. Memory: 48128K Free: 29797K (62%)
ptolemy.util.test.WatchDog.cancel(): canceling Tue Aug 13 05:20:28 UTC 2019
------------------ testing $PTII/ptolemy/domains/de/test/auto/ThreadedComposite.xml
auto.tcl: Setting watchdog for 200 seconds at Tue Aug 13 05:20:28 UTC 2019
484 ms. Memory: 58368K Free: 32534K (56%)
ptolemy.util.test.WatchDog.cancel(): canceling Tue Aug 13 05:20:28 UTC 2019
auto.tcl: Setting watchdog for 200 seconds at Tue Aug 13 05:20:28 UTC 2019
143 ms. Memory: 58368K Free: 20338K (35%)
ptolemy.util.test.WatchDog.cancel(): canceling Tue Aug 13 05:20:28 UTC 2019
------------------ testing $PTII/ptolemy/domains/de/test/auto/Time.xml
auto.tcl: Setting watchdog for 200 seconds at Tue Aug 13 05:20:28 UTC 2019
487 ms. Memory: 51200K Free: 12636K (25%)
ptolemy.util.test.WatchDog.cancel(): canceling Tue Aug 13 05:20:29 UTC 2019
auto.tcl: Setting watchdog for 200 seconds at Tue Aug 13 05:20:29 UTC 2019
476 ms. Memory: 51200K Free: 21024K (41%)
ptolemy.util.test.WatchDog.cancel(): canceling Tue Aug 13 05:20:29 UTC 2019
------------------ testing $PTII/ptolemy/domains/de/test/auto/TimeDelayZeroDelay.xml
auto.tcl: Setting watchdog for 200 seconds at Tue Aug 13 05:20:29 UTC 2019
2 ms. Memory: 51200K Free: 33778K (66%)
ptolemy.util.test.WatchDog.cancel(): canceling Tue Aug 13 05:20:29 UTC 2019
auto.tcl: Setting watchdog for 200 seconds at Tue Aug 13 05:20:29 UTC 2019
2 ms. Memory: 51200K Free: 32873K (64%)
ptolemy.util.test.WatchDog.cancel(): canceling Tue Aug 13 05:20:29 UTC 2019
------------------ testing $PTII/ptolemy/domains/de/test/auto/TimerZeroDelay.xml
auto.tcl: Setting watchdog for 200 seconds at Tue Aug 13 05:20:30 UTC 2019
3 ms. Memory: 51200K Free: 33727K (66%)
ptolemy.util.test.WatchDog.cancel(): canceling Tue Aug 13 05:20:30 UTC 2019
auto.tcl: Setting watchdog for 200 seconds at Tue Aug 13 05:20:30 UTC 2019
3 ms. Memory: 51200K Free: 32915K (64%)
ptolemy.util.test.WatchDog.cancel(): canceling Tue Aug 13 05:20:30 UTC 2019
------------------ testing $PTII/ptolemy/domains/de/test/auto/TimingParadox.xml
auto.tcl: Setting watchdog for 200 seconds at Tue Aug 13 05:20:30 UTC 2019
357 ms. Memory: 51200K Free: 22456K (44%)
ptolemy.util.test.WatchDog.cancel(): canceling Tue Aug 13 05:20:30 UTC 2019
auto.tcl: Setting watchdog for 200 seconds at Tue Aug 13 05:20:30 UTC 2019
349 ms. Memory: 51200K Free: 14784K (29%)
ptolemy.util.test.WatchDog.cancel(): canceling Tue Aug 13 05:20:30 UTC 2019
------------------ testing $PTII/ptolemy/domains/de/test/auto/TransferInputs.xml
auto.tcl: Setting watchdog for 200 seconds at Tue Aug 13 05:20:30 UTC 2019
2 ms. Memory: 51200K Free: 31798K (62%)
ptolemy.util.test.WatchDog.cancel(): canceling Tue Aug 13 05:20:30 UTC 2019
auto.tcl: Setting watchdog for 200 seconds at Tue Aug 13 05:20:30 UTC 2019
1 ms. Memory: 51200K Free: 30889K (60%)
ptolemy.util.test.WatchDog.cancel(): canceling Tue Aug 13 05:20:30 UTC 2019
------------------ testing $PTII/ptolemy/domains/de/test/auto/TransferOutputs2.xml
auto.tcl: Setting watchdog for 200 seconds at Tue Aug 13 05:20:31 UTC 2019
10 ms. Memory: 51200K Free: 29227K (57%)
ptolemy.util.test.WatchDog.cancel(): canceling Tue Aug 13 05:20:31 UTC 2019
auto.tcl: Setting watchdog for 200 seconds at Tue Aug 13 05:20:31 UTC 2019
4 ms. Memory: 51200K Free: 27789K (54%)
ptolemy.util.test.WatchDog.cancel(): canceling Tue Aug 13 05:20:31 UTC 2019
------------------ testing $PTII/ptolemy/domains/de/test/auto/Trilateration.xml
auto.tcl: Setting watchdog for 200 seconds at Tue Aug 13 05:20:31 UTC 2019
13210 ms. Memory: 421888K Free: 257401K (61%)
ptolemy.util.test.WatchDog.cancel(): canceling Tue Aug 13 05:20:45 UTC 2019
auto.tcl: Setting watchdog for 200 seconds at Tue Aug 13 05:20:45 UTC 2019
10848 ms. Memory: 421888K Free: 391473K (93%)
ptolemy.util.test.WatchDog.cancel(): canceling Tue Aug 13 05:20:56 UTC 2019
------------------ testing $PTII/ptolemy/domains/de/test/auto/TwoSigmaDelta.xml
auto.tcl: Setting watchdog for 200 seconds at Tue Aug 13 05:20:56 UTC 2019
2855 ms. Memory: 89088K Free: 18640K (21%)
ptolemy.util.test.WatchDog.cancel(): canceling Tue Aug 13 05:20:59 UTC 2019
auto.tcl: Setting watchdog for 200 seconds at Tue Aug 13 05:20:59 UTC 2019
2182 ms. Memory: 89088K Free: 18152K (20%)
ptolemy.util.test.WatchDog.cancel(): canceling Tue Aug 13 05:21:01 UTC 2019
------------------ testing $PTII/ptolemy/domains/de/test/auto/VariableDelay.xml
auto.tcl: Setting watchdog for 200 seconds at Tue Aug 13 05:21:01 UTC 2019
4 ms. Memory: 51200K Free: 32259K (63%)
ptolemy.util.test.WatchDog.cancel(): canceling Tue Aug 13 05:21:01 UTC 2019
auto.tcl: Setting watchdog for 200 seconds at Tue Aug 13 05:21:01 UTC 2019
2 ms. Memory: 51200K Free: 31265K (61%)
ptolemy.util.test.WatchDog.cancel(): canceling Tue Aug 13 05:21:01 UTC 2019
------------------ testing $PTII/ptolemy/domains/de/test/auto/VariableDelay2.xml
auto.tcl: Setting watchdog for 200 seconds at Tue Aug 13 05:21:01 UTC 2019
7 ms. Memory: 51200K Free: 32889K (64%)
ptolemy.util.test.WatchDog.cancel(): canceling Tue Aug 13 05:21:01 UTC 2019
auto.tcl: Setting watchdog for 200 seconds at Tue Aug 13 05:21:01 UTC 2019
1 ms. Memory: 51200K Free: 32361K (63%)
ptolemy.util.test.WatchDog.cancel(): canceling Tue Aug 13 05:21:01 UTC 2019
------------------ testing $PTII/ptolemy/domains/de/test/auto/VariableDelayZeroDelay.xml
auto.tcl: Setting watchdog for 200 seconds at Tue Aug 13 05:21:01 UTC 2019
3 ms. Memory: 51200K Free: 33201K (65%)
ptolemy.util.test.WatchDog.cancel(): canceling Tue Aug 13 05:21:01 UTC 2019
auto.tcl: Setting watchdog for 200 seconds at Tue Aug 13 05:21:01 UTC 2019
2 ms. Memory: 51200K Free: 32657K (64%)
ptolemy.util.test.WatchDog.cancel(): canceling Tue Aug 13 05:21:01 UTC 2019
------------------ testing $PTII/ptolemy/domains/de/test/auto/VariableDelayZeroDelay2.xml
auto.tcl: Setting watchdog for 200 seconds at Tue Aug 13 05:21:01 UTC 2019
2 ms. Memory: 51200K Free: 33200K (65%)
ptolemy.util.test.WatchDog.cancel(): canceling Tue Aug 13 05:21:01 UTC 2019
auto.tcl: Setting watchdog for 200 seconds at Tue Aug 13 05:21:01 UTC 2019
2 ms. Memory: 51200K Free: 32176K (63%)
ptolemy.util.test.WatchDog.cancel(): canceling Tue Aug 13 05:21:01 UTC 2019
------------------ testing $PTII/ptolemy/domains/de/test/auto/deInCt.xml
auto.tcl: Setting watchdog for 200 seconds at Tue Aug 13 05:21:01 UTC 2019
0
1
1
1
1
0
0
0
1
1
1
0
0
0
0
0
0
1
1
1
0
0
0
1
1
1
1
0
0
1
1
1
0
0
0
1
1
1
1
14 ms. Memory: 51200K Free: 32173K (63%)
ptolemy.util.test.WatchDog.cancel(): canceling Tue Aug 13 05:21:01 UTC 2019
auto.tcl: Setting watchdog for 200 seconds at Tue Aug 13 05:21:01 UTC 2019
0
1
1
0
0
0
1
1
1
0
0
0
0
1
1
1
1
0
0
0
0
0
0
1
1
1
1
0
0
0
1
1
1
1
9 ms. Memory: 51200K Free: 30635K (60%)
ptolemy.util.test.WatchDog.cancel(): canceling Tue Aug 13 05:21:01 UTC 2019
------------------ testing $PTII/ptolemy/domains/de/test/auto/deInCt2.xml
auto.tcl: Setting watchdog for 200 seconds at Tue Aug 13 05:21:01 UTC 2019
0
1
1
1
0
0
1
1
1
0
0
1
1
1
0
0
1
1
1
0
0
1
1
1
0
0
1
1
1
0
0
1
1
1
0
0
1
1
1
0
0
0
14 ms. Memory: 51200K Free: 32175K (63%)
ptolemy.util.test.WatchDog.cancel(): canceling Tue Aug 13 05:21:02 UTC 2019
auto.tcl: Setting watchdog for 200 seconds at Tue Aug 13 05:21:02 UTC 2019
0
1
1
1
0
0
1
1
1
0
0
1
1
1
0
0
1
1
1
0
0
1
1
1
0
0
1
1
1
0
0
1
1
1
0
0
1
1
1
0
0
0
8 ms. Memory: 51200K Free: 30623K (60%)
ptolemy.util.test.WatchDog.cancel(): canceling Tue Aug 13 05:21:02 UTC 2019
------------------ testing $PTII/ptolemy/domains/de/test/auto/dynamicCausalityInterface1.xml
auto.tcl: Setting watchdog for 200 seconds at Tue Aug 13 05:21:02 UTC 2019
1 ms. Memory: 48128K Free: 24400K (51%)
ptolemy.util.test.WatchDog.cancel(): canceling Tue Aug 13 05:21:02 UTC 2019
auto.tcl: Setting watchdog for 200 seconds at Tue Aug 13 05:21:02 UTC 2019
1 ms. Memory: 48128K Free: 23978K (50%)
ptolemy.util.test.WatchDog.cancel(): canceling Tue Aug 13 05:21:02 UTC 2019
------------------ testing $PTII/ptolemy/domains/de/test/auto/fsm_de_test.xml
auto.tcl: Setting watchdog for 200 seconds at Tue Aug 13 05:21:02 UTC 2019
8 ms. Memory: 48128K Free: 24900K (52%)
ptolemy.util.test.WatchDog.cancel(): canceling Tue Aug 13 05:21:02 UTC 2019
auto.tcl: Setting watchdog for 200 seconds at Tue Aug 13 05:21:02 UTC 2019
6 ms. Memory: 48128K Free: 22937K (48%)
ptolemy.util.test.WatchDog.cancel(): canceling Tue Aug 13 05:21:02 UTC 2019
------------------ testing $PTII/ptolemy/domains/de/test/auto/functionDependencyReconstruction.xml
auto.tcl: Setting watchdog for 200 seconds at Tue Aug 13 05:21:02 UTC 2019
9 ms. Memory: 48128K Free: 18746K (39%)
ptolemy.util.test.WatchDog.cancel(): canceling Tue Aug 13 05:21:02 UTC 2019
auto.tcl: Setting watchdog for 200 seconds at Tue Aug 13 05:21:02 UTC 2019
3 ms. Memory: 48128K Free: 16769K (35%)
ptolemy.util.test.WatchDog.cancel(): canceling Tue Aug 13 05:21:02 UTC 2019
------------------ testing $PTII/ptolemy/domains/de/test/auto/multirate.xml
auto.tcl: Setting watchdog for 200 seconds at Tue Aug 13 05:21:02 UTC 2019
4 ms. Memory: 48128K Free: 27561K (57%)
ptolemy.util.test.WatchDog.cancel(): canceling Tue Aug 13 05:21:02 UTC 2019
auto.tcl: Setting watchdog for 200 seconds at Tue Aug 13 05:21:02 UTC 2019
3 ms. Memory: 48128K Free: 25893K (54%)
ptolemy.util.test.WatchDog.cancel(): canceling Tue Aug 13 05:21:02 UTC 2019
------------------ testing $PTII/ptolemy/domains/de/test/auto/multirate2.xml
auto.tcl: Setting watchdog for 200 seconds at Tue Aug 13 05:21:02 UTC 2019
3 ms. Memory: 48128K Free: 27727K (58%)
ptolemy.util.test.WatchDog.cancel(): canceling Tue Aug 13 05:21:02 UTC 2019
auto.tcl: Setting watchdog for 200 seconds at Tue Aug 13 05:21:02 UTC 2019
3 ms. Memory: 48128K Free: 26059K (54%)
ptolemy.util.test.WatchDog.cancel(): canceling Tue Aug 13 05:21:02 UTC 2019
------------------ testing $PTII/ptolemy/domains/de/test/auto/realtime.xml
auto.tcl: Setting watchdog for 200 seconds at Tue Aug 13 05:21:02 UTC 2019
10001 ms. Memory: 48128K Free: 29789K (62%)
ptolemy.util.test.WatchDog.cancel(): canceling Tue Aug 13 05:21:12 UTC 2019
auto.tcl: Setting watchdog for 200 seconds at Tue Aug 13 05:21:12 UTC 2019
10001 ms. Memory: 48128K Free: 29047K (60%)
ptolemy.util.test.WatchDog.cancel(): canceling Tue Aug 13 05:21:22 UTC 2019
------------------ testing $PTII/ptolemy/domains/de/test/auto/relationGroup.xml
auto.tcl: Setting watchdog for 200 seconds at Tue Aug 13 05:21:22 UTC 2019
2 ms. Memory: 48128K Free: 30837K (64%)
ptolemy.util.test.WatchDog.cancel(): canceling Tue Aug 13 05:21:22 UTC 2019
auto.tcl: Setting watchdog for 200 seconds at Tue Aug 13 05:21:22 UTC 2019
2 ms. Memory: 48128K Free: 30128K (63%)
ptolemy.util.test.WatchDog.cancel(): canceling Tue Aug 13 05:21:22 UTC 2019
------------------ testing $PTII/ptolemy/domains/de/test/auto/relationGroup2.xml
auto.tcl: Setting watchdog for 200 seconds at Tue Aug 13 05:21:22 UTC 2019
2 ms. Memory: 48128K Free: 30871K (64%)
ptolemy.util.test.WatchDog.cancel(): canceling Tue Aug 13 05:21:22 UTC 2019
auto.tcl: Setting watchdog for 200 seconds at Tue Aug 13 05:21:22 UTC 2019
2 ms. Memory: 48128K Free: 30369K (63%)
ptolemy.util.test.WatchDog.cancel(): canceling Tue Aug 13 05:21:22 UTC 2019
------------------ testing $PTII/ptolemy/domains/de/test/auto/sortWithOpaquePorts.xml
auto.tcl: Setting watchdog for 200 seconds at Tue Aug 13 05:21:22 UTC 2019
3 ms. Memory: 48128K Free: 29565K (61%)
ptolemy.util.test.WatchDog.cancel(): canceling Tue Aug 13 05:21:22 UTC 2019
auto.tcl: Setting watchdog for 200 seconds at Tue Aug 13 05:21:22 UTC 2019
2 ms. Memory: 48128K Free: 28666K (60%)
ptolemy.util.test.WatchDog.cancel(): canceling Tue Aug 13 05:21:22 UTC 2019
------------------ testing $PTII/ptolemy/domains/de/test/auto/transferInputsandOutputs.xml
auto.tcl: Setting watchdog for 200 seconds at Tue Aug 13 05:21:22 UTC 2019
3 ms. Memory: 48128K Free: 27070K (56%)
ptolemy.util.test.WatchDog.cancel(): canceling Tue Aug 13 05:21:22 UTC 2019
auto.tcl: Setting watchdog for 200 seconds at Tue Aug 13 05:21:22 UTC 2019
2 ms. Memory: 48128K Free: 26054K (54%)
ptolemy.util.test.WatchDog.cancel(): canceling Tue Aug 13 05:21:22 UTC 2019
------------------ testing $PTII/ptolemy/domains/de/test/auto/triggerType.xml
auto.tcl: Setting watchdog for 200 seconds at Tue Aug 13 05:21:22 UTC 2019
4 ms. Memory: 48128K Free: 30095K (63%)
ptolemy.util.test.WatchDog.cancel(): canceling Tue Aug 13 05:21:22 UTC 2019
auto.tcl: Setting watchdog for 200 seconds at Tue Aug 13 05:21:22 UTC 2019
2 ms. Memory: 48128K Free: 29138K (61%)
ptolemy.util.test.WatchDog.cancel(): canceling Tue Aug 13 05:21:22 UTC 2019
08/13/19 05:21:23
Failed: 0  Total Tests: 192  ((Passed: 187, Newly Passed: 1)  Known Failed: 5) /home/travis/build/icyphy/ptII/ptolemy/domains/de/test
08/13/19 05:21:23
Failed: 0  Total Tests: 192  ((Passed: 187, Newly Passed: 1)  Known Failed: 5) /home/travis/build/icyphy/ptII/ptolemy/domains/de/test
----------------- testing (KnownFailure) /home/travis/build/icyphy/ptII/ptolemy/domains/de/test/auto/knownFailedTests/DESDFClockTest.xml
2011 ms. Memory: 48128K Free: 23489K (49%)
Known Failure: java.lang.reflect.InvocationTargetException
----------------- testing (KnownFailure) /home/travis/build/icyphy/ptII/ptolemy/domains/de/test/auto/knownFailedTests/DirectFeedback.xml
2 ms. Memory: 48128K Free: 19907K (41%)
Known Failure: java.lang.reflect.InvocationTargetException
----------------- testing (KnownFailure) /home/travis/build/icyphy/ptII/ptolemy/domains/de/test/auto/knownFailedTests/FSMSource.xml
6 ms. Memory: 48128K Free: 12739K (26%)
----------------- testing (KnownFailure) /home/travis/build/icyphy/ptII/ptolemy/domains/de/test/auto/knownFailedTests/HierarchicalModel.xml
2 ms. Memory: 48128K Free: 22739K (47%)
Known Failure: java.lang.reflect.InvocationTargetException
----------------- testing (KnownFailure) /home/travis/build/icyphy/ptII/ptolemy/domains/de/test/auto/knownFailedTests/dependencyLoop.xml
7 ms. Memory: 48128K Free: 32944K (68%)
Known Failure: java.lang.reflect.InvocationTargetException
----------------- testing (KnownFailure) /home/travis/build/icyphy/ptII/ptolemy/domains/de/test/auto/knownFailedTests/dependencyLoop2.xml
7 ms. Memory: 48128K Free: 17677K (37%)
Known Failure: java.lang.reflect.InvocationTargetException
No auto/linux-amd64/*.xml tests in /home/travis/build/icyphy/ptII/ptolemy/domains/de/test
AutoTests.java: About to close Vertx.
AutoTests.java: Vertx closed.

===========================================================================================
----------------- testing Tue Aug 13 05:21:25 UTC 2019 /home/travis/build/icyphy/ptII/ptolemy/domains/de/test/auto/ActorDepthCalculation_actorWithoutPorts.xml
----------------- Instantiating /home/travis/build/icyphy/ptII/ptolemy/domains/de/test/auto/ActorDepthCalculation_actorWithoutPorts.xml
4 ms. Memory: 48128K Free: 11677K (24%)
----------------- Invoking toplevel() on ptolemy.moml.MoMLSimpleApplication@2b8e8b26
----------------- Done invoking toplevel() on ptolemy.moml.MoMLSimpleApplication@2b8e8b26
reloadAllAccessors: .ActorDepthCalculation_actorWithoutPorts

===========================================================================================
----------------- testing Tue Aug 13 05:21:25 UTC 2019 /home/travis/build/icyphy/ptII/ptolemy/domains/de/test/auto/AssemblyLine.xml
----------------- Instantiating /home/travis/build/icyphy/ptII/ptolemy/domains/de/test/auto/AssemblyLine.xml
4 ms. Memory: 48128K Free: 30435K (63%)
----------------- Invoking toplevel() on ptolemy.moml.MoMLSimpleApplication@70440ac5
----------------- Done invoking toplevel() on ptolemy.moml.MoMLSimpleApplication@70440ac5
reloadAllAccessors: .AssemblyLine

===========================================================================================
----------------- testing Tue Aug 13 05:21:25 UTC 2019 /home/travis/build/icyphy/ptII/ptolemy/domains/de/test/auto/CQBug1.xml
----------------- Instantiating /home/travis/build/icyphy/ptII/ptolemy/domains/de/test/auto/CQBug1.xml
1 ms. Memory: 48128K Free: 27464K (57%)
----------------- Invoking toplevel() on ptolemy.moml.MoMLSimpleApplication@61d3b455
----------------- Done invoking toplevel() on ptolemy.moml.MoMLSimpleApplication@61d3b455
reloadAllAccessors: .CQBug1

===========================================================================================
----------------- testing Tue Aug 13 05:21:25 UTC 2019 /home/travis/build/icyphy/ptII/ptolemy/domains/de/test/auto/CancelFireAt.xml
----------------- Instantiating /home/travis/build/icyphy/ptII/ptolemy/domains/de/test/auto/CancelFireAt.xml
11 ms. Memory: 48128K Free: 25090K (52%)
----------------- Invoking toplevel() on ptolemy.moml.MoMLSimpleApplication@102e5a40
----------------- Done invoking toplevel() on ptolemy.moml.MoMLSimpleApplication@102e5a40
reloadAllAccessors: .CancelFireAt

===========================================================================================
----------------- testing Tue Aug 13 05:21:25 UTC 2019 /home/travis/build/icyphy/ptII/ptolemy/domains/de/test/auto/CausalityAndComposabilityAnalysis.xml
----------------- Instantiating /home/travis/build/icyphy/ptII/ptolemy/domains/de/test/auto/CausalityAndComposabilityAnalysis.xml
2 ms. Memory: 48128K Free: 20978K (44%)
----------------- Invoking toplevel() on ptolemy.moml.MoMLSimpleApplication@17894450
----------------- Done invoking toplevel() on ptolemy.moml.MoMLSimpleApplication@17894450
reloadAllAccessors: .CausalityAndComposabilityAnalysis

===========================================================================================
----------------- testing Tue Aug 13 05:21:25 UTC 2019 /home/travis/build/icyphy/ptII/ptolemy/domains/de/test/auto/CausalityInterface1.xml
----------------- Instantiating /home/travis/build/icyphy/ptII/ptolemy/domains/de/test/auto/CausalityInterface1.xml
6 ms. Memory: 48128K Free: 16083K (33%)
----------------- Invoking toplevel() on ptolemy.moml.MoMLSimpleApplication@27233759
----------------- Done invoking toplevel() on ptolemy.moml.MoMLSimpleApplication@27233759
reloadAllAccessors: .CausalityInterface1

===========================================================================================
----------------- testing Tue Aug 13 05:21:25 UTC 2019 /home/travis/build/icyphy/ptII/ptolemy/domains/de/test/auto/CausalityInterface15.xml
----------------- Instantiating /home/travis/build/icyphy/ptII/ptolemy/domains/de/test/auto/CausalityInterface15.xml
2 ms. Memory: 48128K Free: 10568K (22%)
----------------- Invoking toplevel() on ptolemy.moml.MoMLSimpleApplication@278eb1af
----------------- Done invoking toplevel() on ptolemy.moml.MoMLSimpleApplication@278eb1af
reloadAllAccessors: .CausalityInterface15

===========================================================================================
----------------- testing Tue Aug 13 05:21:25 UTC 2019 /home/travis/build/icyphy/ptII/ptolemy/domains/de/test/auto/CausalityInterface2.xml
----------------- Instantiating /home/travis/build/icyphy/ptII/ptolemy/domains/de/test/auto/CausalityInterface2.xml
2 ms. Memory: 48128K Free: 31697K (66%)
[...]
	at ptolemy.actor.Manager.run(Manager.java:1263)
	at ptolemy.actor.Manager$PtolemyRunThread.run(Manager.java:1933)
java.lang.RuntimeException: Execution failed
	at ptolemy.moml.MoMLSimpleApplication$UnloadThread.run(MoMLSimpleApplication.java:402)
Caused by: ptolemy.kernel.util.IllegalActionException: Actor is not ready to fire.  Perhaps UpSample.prefire() returned false? Try debugging the actor by selecting "Listen to Actor".  Also, for SDF check moml for tokenConsumptionRate on input.
  in .DESDFClockTest.Play Bell.Copy1:SDF Director and .DESDFClockTest.Play Bell.UpSample
	at ptolemy.actor.sched.StaticSchedulingDirector.fire(StaticSchedulingDirector.java:227)
	at ptolemy.domains.sdf.kernel.SDFDirector.fire(SDFDirector.java:500)
	at ptolemy.actor.CompositeActor.fire(CompositeActor.java:455)
	at ptolemy.domains.de.kernel.DEDirector._fire(DEDirector.java:1949)
	at ptolemy.domains.de.kernel.DEDirector.fire(DEDirector.java:502)
	at ptolemy.actor.CompositeActor.fire(CompositeActor.java:455)
	at ptolemy.actor.Manager.iterate(Manager.java:851)
	at ptolemy.actor.Manager.execute(Manager.java:369)
	at ptolemy.actor.Manager.run(Manager.java:1263)
	at ptolemy.actor.Manager$PtolemyRunThread.run(Manager.java:1933)
java.lang.reflect.InvocationTargetException
	at java.base/jdk.internal.reflect.NativeConstructorAccessorImpl.newInstance0(Native Method)
	at java.base/jdk.internal.reflect.NativeConstructorAccessorImpl.newInstance(NativeConstructorAccessorImpl.java:62)
	at java.base/jdk.internal.reflect.DelegatingConstructorAccessorImpl.newInstance(DelegatingConstructorAccessorImpl.java:45)
	at java.base/java.lang.reflect.Constructor.newInstance(Constructor.java:490)
	at ptolemy.util.test.junit.AutoKnownFailedTests.RunModel(AutoKnownFailedTests.java:105)
	at java.base/jdk.internal.reflect.NativeMethodAccessorImpl.invoke0(Native Method)
	at java.base/jdk.internal.reflect.NativeMethodAccessorImpl.invoke(NativeMethodAccessorImpl.java:62)
	at java.base/jdk.internal.reflect.DelegatingMethodAccessorImpl.invoke(DelegatingMethodAccessorImpl.java:43)
	at java.base/java.lang.reflect.Method.invoke(Method.java:566)
	at org.junit.runners.model.FrameworkMethod$1.runReflectiveCall(FrameworkMethod.java:44)
	at org.junit.internal.runners.model.ReflectiveCallable.run(ReflectiveCallable.java:15)
	at org.junit.runners.model.FrameworkMethod.invokeExplosively(FrameworkMethod.java:41)
	at junitparams.internal.InvokeParameterisedMethod.evaluate(InvokeParameterisedMethod.java:102)
	at org.junit.internal.runners.statements.FailOnTimeout$1.run(FailOnTimeout.java:28)
Caused by: ptolemy.kernel.util.IllegalActionException: Actor is not ready to fire.  Perhaps UpSample.prefire() returned false? Try debugging the actor by selecting "Listen to Actor".  Also, for SDF check moml for tokenConsumptionRate on input.
  in .DESDFClockTest.Play Bell.Copy1:SDF Director and .DESDFClockTest.Play Bell.UpSample
	at ptolemy.actor.sched.StaticSchedulingDirector.fire(StaticSchedulingDirector.java:227)
	at ptolemy.domains.sdf.kernel.SDFDirector.fire(SDFDirector.java:500)
	at ptolemy.actor.CompositeActor.fire(CompositeActor.java:455)
	at ptolemy.domains.de.kernel.DEDirector._fire(DEDirector.java:1949)
	at ptolemy.domains.de.kernel.DEDirector.fire(DEDirector.java:502)
	at ptolemy.actor.CompositeActor.fire(CompositeActor.java:455)
	at ptolemy.actor.Manager.iterate(Manager.java:851)
	at ptolemy.actor.Manager.execute(Manager.java:369)
	at ptolemy.actor.Manager.run(Manager.java:1263)
	at ptolemy.actor.Manager$PtolemyRunThread.run(Manager.java:1933)
java.lang.RuntimeException: Execution failed
	at ptolemy.moml.MoMLSimpleApplication$UnloadThread.run(MoMLSimpleApplication.java:402)
Caused by: ptolemy.kernel.util.IllegalActionException: Test fails in iteration 1.
Value was: 1.0. Should have been: 2.0
  in .DirectFeedback.Test
	at ptolemy.actor.lib.Test.fire(Test.java:268)
	at ptolemy.domains.de.kernel.DEDirector._fire(DEDirector.java:1949)
	at ptolemy.domains.de.kernel.DEDirector.fire(DEDirector.java:502)
	at ptolemy.actor.CompositeActor.fire(CompositeActor.java:455)
	at ptolemy.actor.Manager.iterate(Manager.java:851)
	at ptolemy.actor.Manager.execute(Manager.java:369)
	at ptolemy.actor.Manager.run(Manager.java:1263)
	at ptolemy.actor.Manager$PtolemyRunThread.run(Manager.java:1933)
java.lang.reflect.InvocationTargetException
	at java.base/jdk.internal.reflect.NativeConstructorAccessorImpl.newInstance0(Native Method)
	at java.base/jdk.internal.reflect.NativeConstructorAccessorImpl.newInstance(NativeConstructorAccessorImpl.java:62)
	at java.base/jdk.internal.reflect.DelegatingConstructorAccessorImpl.newInstance(DelegatingConstructorAccessorImpl.java:45)
	at java.base/java.lang.reflect.Constructor.newInstance(Constructor.java:490)
	at ptolemy.util.test.junit.AutoKnownFailedTests.RunModel(AutoKnownFailedTests.java:105)
	at java.base/jdk.internal.reflect.NativeMethodAccessorImpl.invoke0(Native Method)
	at java.base/jdk.internal.reflect.NativeMethodAccessorImpl.invoke(NativeMethodAccessorImpl.java:62)
	at java.base/jdk.internal.reflect.DelegatingMethodAccessorImpl.invoke(DelegatingMethodAccessorImpl.java:43)
	at java.base/java.lang.reflect.Method.invoke(Method.java:566)
	at org.junit.runners.model.FrameworkMethod$1.runReflectiveCall(FrameworkMethod.java:44)
	at org.junit.internal.runners.model.ReflectiveCallable.run(ReflectiveCallable.java:15)
	at org.junit.runners.model.FrameworkMethod.invokeExplosively(FrameworkMethod.java:41)
	at junitparams.internal.InvokeParameterisedMethod.evaluate(InvokeParameterisedMethod.java:102)
	at org.junit.internal.runners.statements.FailOnTimeout$1.run(FailOnTimeout.java:28)
Caused by: ptolemy.kernel.util.IllegalActionException: Test fails in iteration 1.
Value was: 1.0. Should have been: 2.0
  in .DirectFeedback.Test
	at ptolemy.actor.lib.Test.fire(Test.java:268)
	at ptolemy.domains.de.kernel.DEDirector._fire(DEDirector.java:1949)
	at ptolemy.domains.de.kernel.DEDirector.fire(DEDirector.java:502)
	at ptolemy.actor.CompositeActor.fire(CompositeActor.java:455)
	at ptolemy.actor.Manager.iterate(Manager.java:851)
	at ptolemy.actor.Manager.execute(Manager.java:369)
	at ptolemy.actor.Manager.run(Manager.java:1263)
	at ptolemy.actor.Manager$PtolemyRunThread.run(Manager.java:1933)
java.lang.RuntimeException: Execution failed
	at ptolemy.moml.MoMLSimpleApplication$UnloadThread.run(MoMLSimpleApplication.java:402)
Caused by: ptolemy.kernel.util.IllegalActionException: Found a zero delay loop containing .HierarchicalModel.A
  in .HierarchicalModel and .HierarchicalModel.A
	at ptolemy.actor.util.CausalityInterfaceForComposites._computeOutputPortDepth(CausalityInterfaceForComposites.java:759)
	at ptolemy.actor.util.CausalityInterfaceForComposites._computeInputDepth(CausalityInterfaceForComposites.java:696)
	at ptolemy.actor.util.CausalityInterfaceForComposites._computeOutputPortDepth(CausalityInterfaceForComposites.java:765)
	at ptolemy.actor.util.CausalityInterfaceForComposites._computeInputDepth(CausalityInterfaceForComposites.java:696)
	at ptolemy.actor.util.CausalityInterfaceForComposites._computeOutputPortDepth(CausalityInterfaceForComposites.java:765)
	at ptolemy.actor.util.CausalityInterfaceForComposites._computeInputDepth(CausalityInterfaceForComposites.java:696)
	at ptolemy.actor.util.CausalityInterfaceForComposites._computeActorDepth(CausalityInterfaceForComposites.java:532)
	at ptolemy.actor.util.CausalityInterfaceForComposites.checkForCycles(CausalityInterfaceForComposites.java:96)
	at ptolemy.domains.de.kernel.DEDirector.preinitialize(DEDirector.java:1338)
	at ptolemy.actor.CompositeActor.preinitialize(CompositeActor.java:1828)
	at ptolemy.actor.Manager.preinitializeAndResolveTypes(Manager.java:1040)
	at ptolemy.actor.Manager.initialize(Manager.java:710)
	at ptolemy.actor.Manager.execute(Manager.java:356)
	at ptolemy.actor.Manager.run(Manager.java:1263)
	at ptolemy.actor.Manager$PtolemyRunThread.run(Manager.java:1933)
java.lang.reflect.InvocationTargetException
	at java.base/jdk.internal.reflect.NativeConstructorAccessorImpl.newInstance0(Native Method)
	at java.base/jdk.internal.reflect.NativeConstructorAccessorImpl.newInstance(NativeConstructorAccessorImpl.java:62)
	at java.base/jdk.internal.reflect.DelegatingConstructorAccessorImpl.newInstance(DelegatingConstructorAccessorImpl.java:45)
	at java.base/java.lang.reflect.Constructor.newInstance(Constructor.java:490)
	at ptolemy.util.test.junit.AutoKnownFailedTests.RunModel(AutoKnownFailedTests.java:105)
	at java.base/jdk.internal.reflect.NativeMethodAccessorImpl.invoke0(Native Method)
	at java.base/jdk.internal.reflect.NativeMethodAccessorImpl.invoke(NativeMethodAccessorImpl.java:62)
	at java.base/jdk.internal.reflect.DelegatingMethodAccessorImpl.invoke(DelegatingMethodAccessorImpl.java:43)
	at java.base/java.lang.reflect.Method.invoke(Method.java:566)
	at org.junit.runners.model.FrameworkMethod$1.runReflectiveCall(FrameworkMethod.java:44)
	at org.junit.internal.runners.model.ReflectiveCallable.run(ReflectiveCallable.java:15)
	at org.junit.runners.model.FrameworkMethod.invokeExplosively(FrameworkMethod.java:41)
	at junitparams.internal.InvokeParameterisedMethod.evaluate(InvokeParameterisedMethod.java:102)
	at org.junit.internal.runners.statements.FailOnTimeout$1.run(FailOnTimeout.java:28)
Caused by: ptolemy.kernel.util.IllegalActionException: Found a zero delay loop containing .HierarchicalModel.A
  in .HierarchicalModel and .HierarchicalModel.A
	at ptolemy.actor.util.CausalityInterfaceForComposites._computeOutputPortDepth(CausalityInterfaceForComposites.java:759)
	at ptolemy.actor.util.CausalityInterfaceForComposites._computeInputDepth(CausalityInterfaceForComposites.java:696)
	at ptolemy.actor.util.CausalityInterfaceForComposites._computeOutputPortDepth(CausalityInterfaceForComposites.java:765)
	at ptolemy.actor.util.CausalityInterfaceForComposites._computeInputDepth(CausalityInterfaceForComposites.java:696)
	at ptolemy.actor.util.CausalityInterfaceForComposites._computeOutputPortDepth(CausalityInterfaceForComposites.java:765)
	at ptolemy.actor.util.CausalityInterfaceForComposites._computeInputDepth(CausalityInterfaceForComposites.java:696)
	at ptolemy.actor.util.CausalityInterfaceForComposites._computeActorDepth(CausalityInterfaceForComposites.java:532)
	at ptolemy.actor.util.CausalityInterfaceForComposites.checkForCycles(CausalityInterfaceForComposites.java:96)
	at ptolemy.domains.de.kernel.DEDirector.preinitialize(DEDirector.java:1338)
	at ptolemy.actor.CompositeActor.preinitialize(CompositeActor.java:1828)
	at ptolemy.actor.Manager.preinitializeAndResolveTypes(Manager.java:1040)
	at ptolemy.actor.Manager.initialize(Manager.java:710)
	at ptolemy.actor.Manager.execute(Manager.java:356)
	at ptolemy.actor.Manager.run(Manager.java:1263)
	at ptolemy.actor.Manager$PtolemyRunThread.run(Manager.java:1933)
java.lang.RuntimeException: Execution failed
	at ptolemy.moml.MoMLSimpleApplication$UnloadThread.run(MoMLSimpleApplication.java:402)
Caused by: ptolemy.kernel.util.IllegalActionException: Found a zero delay loop containing .dependencyLoop.original
  in .dependencyLoop and .dependencyLoop.original
	at ptolemy.actor.util.CausalityInterfaceForComposites._computeOutputPortDepth(CausalityInterfaceForComposites.java:759)
	at ptolemy.actor.util.CausalityInterfaceForComposites._computeInputDepth(CausalityInterfaceForComposites.java:696)
	at ptolemy.actor.util.CausalityInterfaceForComposites._computeOutputPortDepth(CausalityInterfaceForComposites.java:765)
	at ptolemy.actor.util.CausalityInterfaceForComposites._computeInputDepth(CausalityInterfaceForComposites.java:696)
	at ptolemy.actor.util.CausalityInterfaceForComposites._computeOutputPortDepth(CausalityInterfaceForComposites.java:765)
	at ptolemy.actor.util.CausalityInterfaceForComposites._computeInputDepth(CausalityInterfaceForComposites.java:696)
	at ptolemy.actor.util.CausalityInterfaceForComposites._computeActorDepth(CausalityInterfaceForComposites.java:532)
	at ptolemy.actor.util.CausalityInterfaceForComposites.checkForCycles(CausalityInterfaceForComposites.java:96)
	at ptolemy.domains.de.kernel.DEDirector.preinitialize(DEDirector.java:1338)
	at ptolemy.actor.CompositeActor.preinitialize(CompositeActor.java:1828)
	at ptolemy.actor.Manager.preinitializeAndResolveTypes(Manager.java:1040)
	at ptolemy.actor.Manager.initialize(Manager.java:710)
	at ptolemy.actor.Manager.execute(Manager.java:356)
	at ptolemy.actor.Manager.run(Manager.java:1263)
	at ptolemy.actor.Manager$PtolemyRunThread.run(Manager.java:1933)
java.lang.reflect.InvocationTargetException
	at java.base/jdk.internal.reflect.NativeConstructorAccessorImpl.newInstance0(Native Method)
	at java.base/jdk.internal.reflect.NativeConstructorAccessorImpl.newInstance(NativeConstructorAccessorImpl.java:62)
	at java.base/jdk.internal.reflect.DelegatingConstructorAccessorImpl.newInstance(DelegatingConstructorAccessorImpl.java:45)
	at java.base/java.lang.reflect.Constructor.newInstance(Constructor.java:490)
	at ptolemy.util.test.junit.AutoKnownFailedTests.RunModel(AutoKnownFailedTests.java:105)
	at java.base/jdk.internal.reflect.NativeMethodAccessorImpl.invoke0(Native Method)
	at java.base/jdk.internal.reflect.NativeMethodAccessorImpl.invoke(NativeMethodAccessorImpl.java:62)
	at java.base/jdk.internal.reflect.DelegatingMethodAccessorImpl.invoke(DelegatingMethodAccessorImpl.java:43)
	at java.base/java.lang.reflect.Method.invoke(Method.java:566)
	at org.junit.runners.model.FrameworkMethod$1.runReflectiveCall(FrameworkMethod.java:44)
	at org.junit.internal.runners.model.ReflectiveCallable.run(ReflectiveCallable.java:15)
	at org.junit.runners.model.FrameworkMethod.invokeExplosively(FrameworkMethod.java:41)
	at junitparams.internal.InvokeParameterisedMethod.evaluate(InvokeParameterisedMethod.java:102)
	at org.junit.internal.runners.statements.FailOnTimeout$1.run(FailOnTimeout.java:28)
Caused by: ptolemy.kernel.util.IllegalActionException: Found a zero delay loop containing .dependencyLoop.original
  in .dependencyLoop and .dependencyLoop.original
	at ptolemy.actor.util.CausalityInterfaceForComposites._computeOutputPortDepth(CausalityInterfaceForComposites.java:759)
	at ptolemy.actor.util.CausalityInterfaceForComposites._computeInputDepth(CausalityInterfaceForComposites.java:696)
	at ptolemy.actor.util.CausalityInterfaceForComposites._computeOutputPortDepth(CausalityInterfaceForComposites.java:765)
	at ptolemy.actor.util.CausalityInterfaceForComposites._computeInputDepth(CausalityInterfaceForComposites.java:696)
	at ptolemy.actor.util.CausalityInterfaceForComposites._computeOutputPortDepth(CausalityInterfaceForComposites.java:765)
	at ptolemy.actor.util.CausalityInterfaceForComposites._computeInputDepth(CausalityInterfaceForComposites.java:696)
	at ptolemy.actor.util.CausalityInterfaceForComposites._computeActorDepth(CausalityInterfaceForComposites.java:532)
	at ptolemy.actor.util.CausalityInterfaceForComposites.checkForCycles(CausalityInterfaceForComposites.java:96)
	at ptolemy.domains.de.kernel.DEDirector.preinitialize(DEDirector.java:1338)
	at ptolemy.actor.CompositeActor.preinitialize(CompositeActor.java:1828)
	at ptolemy.actor.Manager.preinitializeAndResolveTypes(Manager.java:1040)
	at ptolemy.actor.Manager.initialize(Manager.java:710)
	at ptolemy.actor.Manager.execute(Manager.java:356)
	at ptolemy.actor.Manager.run(Manager.java:1263)
	at ptolemy.actor.Manager$PtolemyRunThread.run(Manager.java:1933)
java.lang.RuntimeException: Execution failed
	at ptolemy.moml.MoMLSimpleApplication$UnloadThread.run(MoMLSimpleApplication.java:402)
Caused by: ptolemy.kernel.util.IllegalActionException: Found a zero delay loop containing .dependencyLoop2.original
  in .dependencyLoop2 and .dependencyLoop2.original
	at ptolemy.actor.util.CausalityInterfaceForComposites._computeOutputPortDepth(CausalityInterfaceForComposites.java:759)
	at ptolemy.actor.util.CausalityInterfaceForComposites._computeInputDepth(CausalityInterfaceForComposites.java:696)
	at ptolemy.actor.util.CausalityInterfaceForComposites._computeOutputPortDepth(CausalityInterfaceForComposites.java:765)
	at ptolemy.actor.util.CausalityInterfaceForComposites._computeInputDepth(CausalityInterfaceForComposites.java:696)
	at ptolemy.actor.util.CausalityInterfaceForComposites._computeOutputPortDepth(CausalityInterfaceForComposites.java:765)
	at ptolemy.actor.util.CausalityInterfaceForComposites._computeInputDepth(CausalityInterfaceForComposites.java:696)
	at ptolemy.actor.util.CausalityInterfaceForComposites._computeActorDepth(CausalityInterfaceForComposites.java:532)
	at ptolemy.actor.util.CausalityInterfaceForComposites.checkForCycles(CausalityInterfaceForComposites.java:96)
	at ptolemy.domains.de.kernel.DEDirector.preinitialize(DEDirector.java:1338)
	at ptolemy.actor.CompositeActor.preinitialize(CompositeActor.java:1828)
	at ptolemy.actor.Manager.preinitializeAndResolveTypes(Manager.java:1040)
	at ptolemy.actor.Manager.initialize(Manager.java:710)
	at ptolemy.actor.Manager.execute(Manager.java:356)
	at ptolemy.actor.Manager.run(Manager.java:1263)
	at ptolemy.actor.Manager$PtolemyRunThread.run(Manager.java:1933)
java.lang.reflect.InvocationTargetException
	at java.base/jdk.internal.reflect.NativeConstructorAccessorImpl.newInstance0(Native Method)
	at java.base/jdk.internal.reflect.NativeConstructorAccessorImpl.newInstance(NativeConstructorAccessorImpl.java:62)
	at java.base/jdk.internal.reflect.DelegatingConstructorAccessorImpl.newInstance(DelegatingConstructorAccessorImpl.java:45)
	at java.base/java.lang.reflect.Constructor.newInstance(Constructor.java:490)
	at ptolemy.util.test.junit.AutoKnownFailedTests.RunModel(AutoKnownFailedTests.java:105)
	at java.base/jdk.internal.reflect.NativeMethodAccessorImpl.invoke0(Native Method)
	at java.base/jdk.internal.reflect.NativeMethodAccessorImpl.invoke(NativeMethodAccessorImpl.java:62)
	at java.base/jdk.internal.reflect.DelegatingMethodAccessorImpl.invoke(DelegatingMethodAccessorImpl.java:43)
	at java.base/java.lang.reflect.Method.invoke(Method.java:566)
	at org.junit.runners.model.FrameworkMethod$1.runReflectiveCall(FrameworkMethod.java:44)
	at org.junit.internal.runners.model.ReflectiveCallable.run(ReflectiveCallable.java:15)
	at org.junit.runners.model.FrameworkMethod.invokeExplosively(FrameworkMethod.java:41)
	at junitparams.internal.InvokeParameterisedMethod.evaluate(InvokeParameterisedMethod.java:102)
	at org.junit.internal.runners.statements.FailOnTimeout$1.run(FailOnTimeout.java:28)
Caused by: ptolemy.kernel.util.IllegalActionException: Found a zero delay loop containing .dependencyLoop2.original
  in .dependencyLoop2 and .dependencyLoop2.original
	at ptolemy.actor.util.CausalityInterfaceForComposites._computeOutputPortDepth(CausalityInterfaceForComposites.java:759)
	at ptolemy.actor.util.CausalityInterfaceForComposites._computeInputDepth(CausalityInterfaceForComposites.java:696)
	at ptolemy.actor.util.CausalityInterfaceForComposites._computeOutputPortDepth(CausalityInterfaceForComposites.java:765)
	at ptolemy.actor.util.CausalityInterfaceForComposites._computeInputDepth(CausalityInterfaceForComposites.java:696)
	at ptolemy.actor.util.CausalityInterfaceForComposites._computeOutputPortDepth(CausalityInterfaceForComposites.java:765)
	at ptolemy.actor.util.CausalityInterfaceForComposites._computeInputDepth(CausalityInterfaceForComposites.java:696)
	at ptolemy.actor.util.CausalityInterfaceForComposites._computeActorDepth(CausalityInterfaceForComposites.java:532)
	at ptolemy.actor.util.CausalityInterfaceForComposites.checkForCycles(CausalityInterfaceForComposites.java:96)
	at ptolemy.domains.de.kernel.DEDirector.preinitialize(DEDirector.java:1338)
	at ptolemy.actor.CompositeActor.preinitialize(CompositeActor.java:1828)
	at ptolemy.actor.Manager.preinitializeAndResolveTypes(Manager.java:1040)
	at ptolemy.actor.Manager.initialize(Manager.java:710)
	at ptolemy.actor.Manager.execute(Manager.java:356)
	at ptolemy.actor.Manager.run(Manager.java:1263)
	at ptolemy.actor.Manager$PtolemyRunThread.run(Manager.java:1933)
]]></system-err>
</testsuite>
