<?xml version="1.0" encoding="UTF-8" ?>
<testsuite errors="0" failures="0" hostname="travis-job-ef70f553-187a-4c3c-81e4-6e8c321fd036" name="ptolemy.domains.de.test.junit.JUnitTclTest" skipped="0" tests="101" time="133.333" timestamp="2018-10-27T02:34:26">
  <properties>
[...]
</properties>
  <testcase classname="ptolemy.util.test.junit.TclTests" name="[0] /home/travis/build/icyphy/ptII/ptolemy/domains/de/test/DependencyLoop.tcl (RunTclFile)" time="0.758" />
  <testcase classname="ptolemy.util.test.junit.TclTests" name="[1] /home/travis/build/icyphy/ptII/ptolemy/domains/de/test/RunDETestsAsQSS.tcl (RunTclFile)" time="90.89" />
  <testcase classname="ptolemy.util.test.junit.AutoKnownFailedTests" name="[0] /home/travis/build/icyphy/ptII/ptolemy/domains/de/test/auto/knownFailedTests/DESDFClockTest.xml (RunModel)" time="2.031" />
  <testcase classname="ptolemy.util.test.junit.AutoKnownFailedTests" name="[1] /home/travis/build/icyphy/ptII/ptolemy/domains/de/test/auto/knownFailedTests/DirectFeedback.xml (RunModel)" time="0.018" />
  <testcase classname="ptolemy.util.test.junit.AutoKnownFailedTests" name="[2] /home/travis/build/icyphy/ptII/ptolemy/domains/de/test/auto/knownFailedTests/FSMSource.xml (RunModel)" time="0.031" />
  <testcase classname="ptolemy.util.test.junit.AutoKnownFailedTests" name="[3] /home/travis/build/icyphy/ptII/ptolemy/domains/de/test/auto/knownFailedTests/HierarchicalModel.xml (RunModel)" time="0.051" />
  <testcase classname="ptolemy.util.test.junit.AutoKnownFailedTests" name="[4] /home/travis/build/icyphy/ptII/ptolemy/domains/de/test/auto/knownFailedTests/dependencyLoop.xml (RunModel)" time="0.052" />
  <testcase classname="ptolemy.util.test.junit.AutoKnownFailedTests" name="[5] /home/travis/build/icyphy/ptII/ptolemy/domains/de/test/auto/knownFailedTests/dependencyLoop2.xml (RunModel)" time="0.034" />
  <testcase classname="ptolemy.util.test.junit.AutoNameArchTests" name="[0] ThereAreNoAutoArchTests (RunModel)" time="0.004" />
  <testcase classname="ptolemy.util.test.junit.AutoTests" name="[0] /home/travis/build/icyphy/ptII/ptolemy/domains/de/test/auto/ActorDepthCalculation_actorWithoutPorts.xml (RunModel)" time="0.014" />
  <testcase classname="ptolemy.util.test.junit.AutoTests" name="[1] /home/travis/build/icyphy/ptII/ptolemy/domains/de/test/auto/AssemblyLine.xml (RunModel)" time="0.02" />
  <testcase classname="ptolemy.util.test.junit.AutoTests" name="[2] /home/travis/build/icyphy/ptII/ptolemy/domains/de/test/auto/CQBug1.xml (RunModel)" time="0.013" />
  <testcase classname="ptolemy.util.test.junit.AutoTests" name="[3] /home/travis/build/icyphy/ptII/ptolemy/domains/de/test/auto/CancelFireAt.xml (RunModel)" time="0.013" />
  <testcase classname="ptolemy.util.test.junit.AutoTests" name="[4] /home/travis/build/icyphy/ptII/ptolemy/domains/de/test/auto/CausalityAndComposabilityAnalysis.xml (RunModel)" time="0.012" />
  <testcase classname="ptolemy.util.test.junit.AutoTests" name="[5] /home/travis/build/icyphy/ptII/ptolemy/domains/de/test/auto/CausalityInterface1.xml (RunModel)" time="0.013" />
  <testcase classname="ptolemy.util.test.junit.AutoTests" name="[6] /home/travis/build/icyphy/ptII/ptolemy/domains/de/test/auto/CausalityInterface15.xml (RunModel)" time="0.014" />
  <testcase classname="ptolemy.util.test.junit.AutoTests" name="[7] /home/travis/build/icyphy/ptII/ptolemy/domains/de/test/auto/CausalityInterface2.xml (RunModel)" time="0.012" />
  <testcase classname="ptolemy.util.test.junit.AutoTests" name="[8] /home/travis/build/icyphy/ptII/ptolemy/domains/de/test/auto/CausalityInterface3.xml (RunModel)" time="0.012" />
  <testcase classname="ptolemy.util.test.junit.AutoTests" name="[9] /home/travis/build/icyphy/ptII/ptolemy/domains/de/test/auto/ClockDrift.xml (RunModel)" time="0.034" />
  <testcase classname="ptolemy.util.test.junit.AutoTests" name="[10] /home/travis/build/icyphy/ptII/ptolemy/domains/de/test/auto/ClockDriftAndValueChange.xml (RunModel)" time="0.03" />
  <testcase classname="ptolemy.util.test.junit.AutoTests" name="[11] /home/travis/build/icyphy/ptII/ptolemy/domains/de/test/auto/ClockDriftChange.xml (RunModel)" time="0.026" />
  <testcase classname="ptolemy.util.test.junit.AutoTests" name="[12] /home/travis/build/icyphy/ptII/ptolemy/domains/de/test/auto/ComposableCausalityAnalysis.xml (RunModel)" time="0.018" />
  <testcase classname="ptolemy.util.test.junit.AutoTests" name="[13] /home/travis/build/icyphy/ptII/ptolemy/domains/de/test/auto/DEFixedPointLimitation.xml (RunModel)" time="0.009" />
  <testcase classname="ptolemy.util.test.junit.AutoTests" name="[14] /home/travis/build/icyphy/ptII/ptolemy/domains/de/test/auto/DEScheduleTest.xml (RunModel)" time="0.011" />
  <testcase classname="ptolemy.util.test.junit.AutoTests" name="[15] /home/travis/build/icyphy/ptII/ptolemy/domains/de/test/auto/DEinDEwithStartTimes.xml (RunModel)" time="0.03" />
  <testcase classname="ptolemy.util.test.junit.AutoTests" name="[16] /home/travis/build/icyphy/ptII/ptolemy/domains/de/test/auto/DEinDEwithStartTimes2.xml (RunModel)" time="0.016" />
  <testcase classname="ptolemy.util.test.junit.AutoTests" name="[17] /home/travis/build/icyphy/ptII/ptolemy/domains/de/test/auto/DateDemo.xml (RunModel)" time="0.029" />
  <testcase classname="ptolemy.util.test.junit.AutoTests" name="[18] /home/travis/build/icyphy/ptII/ptolemy/domains/de/test/auto/DateToEvent.xml (RunModel)" time="2.043" />
  <testcase classname="ptolemy.util.test.junit.AutoTests" name="[19] /home/travis/build/icyphy/ptII/ptolemy/domains/de/test/auto/DepthTest1.xml (RunModel)" time="0.007" />
  <testcase classname="ptolemy.util.test.junit.AutoTests" name="[20] /home/travis/build/icyphy/ptII/ptolemy/domains/de/test/auto/DepthTest2.xml (RunModel)" time="0.017" />
  <testcase classname="ptolemy.util.test.junit.AutoTests" name="[21] /home/travis/build/icyphy/ptII/ptolemy/domains/de/test/auto/DepthTest3.xml (RunModel)" time="0.007" />
  <testcase classname="ptolemy.util.test.junit.AutoTests" name="[22] /home/travis/build/icyphy/ptII/ptolemy/domains/de/test/auto/DepthTest4.xml (RunModel)" time="0.012" />
  <testcase classname="ptolemy.util.test.junit.AutoTests" name="[23] /home/travis/build/icyphy/ptII/ptolemy/domains/de/test/auto/DepthTest5.xml (RunModel)" time="0.013" />
  <testcase classname="ptolemy.util.test.junit.AutoTests" name="[24] /home/travis/build/icyphy/ptII/ptolemy/domains/de/test/auto/DepthTest6.xml (RunModel)" time="0.012" />
  <testcase classname="ptolemy.util.test.junit.AutoTests" name="[25] /home/travis/build/icyphy/ptII/ptolemy/domains/de/test/auto/DepthTest7.xml (RunModel)" time="0.013" />
  <testcase classname="ptolemy.util.test.junit.AutoTests" name="[26] /home/travis/build/icyphy/ptII/ptolemy/domains/de/test/auto/EventToDate.xml (RunModel)" time="3.034" />
  <testcase classname="ptolemy.util.test.junit.AutoTests" name="[27] /home/travis/build/icyphy/ptII/ptolemy/domains/de/test/auto/FSM1.xml (RunModel)" time="0.03" />
  <testcase classname="ptolemy.util.test.junit.AutoTests" name="[28] /home/travis/build/icyphy/ptII/ptolemy/domains/de/test/auto/FSM7.xml (RunModel)" time="0.029" />
  <testcase classname="ptolemy.util.test.junit.AutoTests" name="[29] /home/travis/build/icyphy/ptII/ptolemy/domains/de/test/auto/Inspection.xml (RunModel)" time="0.038" />
  <testcase classname="ptolemy.util.test.junit.AutoTests" name="[30] /home/travis/build/icyphy/ptII/ptolemy/domains/de/test/auto/Iteration.xml (RunModel)" time="0.018" />
  <testcase classname="ptolemy.util.test.junit.AutoTests" name="[31] /home/travis/build/icyphy/ptII/ptolemy/domains/de/test/auto/LineFault.xml (RunModel)" time="0.55" />
  <testcase classname="ptolemy.util.test.junit.AutoTests" name="[32] /home/travis/build/icyphy/ptII/ptolemy/domains/de/test/auto/MergeModel1Add.xml (RunModel)" time="0.047" />
  <testcase classname="ptolemy.util.test.junit.AutoTests" name="[33] /home/travis/build/icyphy/ptII/ptolemy/domains/de/test/auto/MergeModel2Add.xml (RunModel)" time="0.037" />
  <testcase classname="ptolemy.util.test.junit.AutoTests" name="[34] /home/travis/build/icyphy/ptII/ptolemy/domains/de/test/auto/MergeModel3Add.xml (RunModel)" time="0.04" />
  <testcase classname="ptolemy.util.test.junit.AutoTests" name="[35] /home/travis/build/icyphy/ptII/ptolemy/domains/de/test/auto/MergeWithoutDiscard.xml (RunModel)" time="0.014" />
  <testcase classname="ptolemy.util.test.junit.AutoTests" name="[36] /home/travis/build/icyphy/ptII/ptolemy/domains/de/test/auto/Modal1.xml (RunModel)" time="0.027" />
  <testcase classname="ptolemy.util.test.junit.AutoTests" name="[37] /home/travis/build/icyphy/ptII/ptolemy/domains/de/test/auto/Modal2.xml (RunModel)" time="0.034" />
  <testcase classname="ptolemy.util.test.junit.AutoTests" name="[38] /home/travis/build/icyphy/ptII/ptolemy/domains/de/test/auto/Modal3.xml (RunModel)" time="0.026" />
  <testcase classname="ptolemy.util.test.junit.AutoTests" name="[39] /home/travis/build/icyphy/ptII/ptolemy/domains/de/test/auto/Modal4.xml (RunModel)" time="0.034" />
  <testcase classname="ptolemy.util.test.junit.AutoTests" name="[40] /home/travis/build/icyphy/ptII/ptolemy/domains/de/test/auto/Modal5.xml (RunModel)" time="0.029" />
  <testcase classname="ptolemy.util.test.junit.AutoTests" name="[41] /home/travis/build/icyphy/ptII/ptolemy/domains/de/test/auto/Modal6.xml (RunModel)" time="0.027" />
  <testcase classname="ptolemy.util.test.junit.AutoTests" name="[42] /home/travis/build/icyphy/ptII/ptolemy/domains/de/test/auto/Modal7.xml (RunModel)" time="0.027" />
  <testcase classname="ptolemy.util.test.junit.AutoTests" name="[43] /home/travis/build/icyphy/ptII/ptolemy/domains/de/test/auto/ModalModel.xml (RunModel)" time="0.133" />
  <testcase classname="ptolemy.util.test.junit.AutoTests" name="[44] /home/travis/build/icyphy/ptII/ptolemy/domains/de/test/auto/ModalSource.xml (RunModel)" time="0.016" />
  <testcase classname="ptolemy.util.test.junit.AutoTests" name="[45] /home/travis/build/icyphy/ptII/ptolemy/domains/de/test/auto/NonInterruptibleTimerZeroDelay.xml (RunModel)" time="0.009" />
  <testcase classname="ptolemy.util.test.junit.AutoTests" name="[46] /home/travis/build/icyphy/ptII/ptolemy/domains/de/test/auto/OpenQueueingNetwork.xml (RunModel)" time="2.183" />
  <testcase classname="ptolemy.util.test.junit.AutoTests" name="[47] /home/travis/build/icyphy/ptII/ptolemy/domains/de/test/auto/OpenQueuingNetwork.xml (RunModel)" time="0.265" />
  <testcase classname="ptolemy.util.test.junit.AutoTests" name="[48] /home/travis/build/icyphy/ptII/ptolemy/domains/de/test/auto/PeriodicSampler.xml (RunModel)" time="0.008" />
  <testcase classname="ptolemy.util.test.junit.AutoTests" name="[49] /home/travis/build/icyphy/ptII/ptolemy/domains/de/test/auto/PersistentIO.xml (RunModel)" time="0.018" />
  <testcase classname="ptolemy.util.test.junit.AutoTests" name="[50] /home/travis/build/icyphy/ptII/ptolemy/domains/de/test/auto/PortParameterResetOnInitialize.xml (RunModel)" time="0.008" />
  <testcase classname="ptolemy.util.test.junit.AutoTests" name="[51] /home/travis/build/icyphy/ptII/ptolemy/domains/de/test/auto/PortParameterUpdates.xml (RunModel)" time="0.015" />
  <testcase classname="ptolemy.util.test.junit.AutoTests" name="[52] /home/travis/build/icyphy/ptII/ptolemy/domains/de/test/auto/QueueAndServer.xml (RunModel)" time="0.022" />
  <testcase classname="ptolemy.util.test.junit.AutoTests" name="[53] /home/travis/build/icyphy/ptII/ptolemy/domains/de/test/auto/Records.xml (RunModel)" time="0.023" />
  <testcase classname="ptolemy.util.test.junit.AutoTests" name="[54] /home/travis/build/icyphy/ptII/ptolemy/domains/de/test/auto/ResetTransitionWithStartTime1.xml (RunModel)" time="0.023" />
  <testcase classname="ptolemy.util.test.junit.AutoTests" name="[55] /home/travis/build/icyphy/ptII/ptolemy/domains/de/test/auto/ResetTransitionWithStartTime2.xml (RunModel)" time="0.021" />
  <testcase classname="ptolemy.util.test.junit.AutoTests" name="[56] /home/travis/build/icyphy/ptII/ptolemy/domains/de/test/auto/ResetTransitionWithStartTime3.xml (RunModel)" time="0.023" />
  <testcase classname="ptolemy.util.test.junit.AutoTests" name="[57] /home/travis/build/icyphy/ptII/ptolemy/domains/de/test/auto/ResetTransitionWithStartTime4.xml (RunModel)" time="0.019" />
  <testcase classname="ptolemy.util.test.junit.AutoTests" name="[58] /home/travis/build/icyphy/ptII/ptolemy/domains/de/test/auto/ResettableTimer1.xml (RunModel)" time="0.01" />
  <testcase classname="ptolemy.util.test.junit.AutoTests" name="[59] /home/travis/build/icyphy/ptII/ptolemy/domains/de/test/auto/ResettableTimer2.xml (RunModel)" time="0.01" />
  <testcase classname="ptolemy.util.test.junit.AutoTests" name="[60] /home/travis/build/icyphy/ptII/ptolemy/domains/de/test/auto/ResettableTimer3.xml (RunModel)" time="0.009" />
  <testcase classname="ptolemy.util.test.junit.AutoTests" name="[61] /home/travis/build/icyphy/ptII/ptolemy/domains/de/test/auto/ResettableTimer4.xml (RunModel)" time="0.009" />
  <testcase classname="ptolemy.util.test.junit.AutoTests" name="[62] /home/travis/build/icyphy/ptII/ptolemy/domains/de/test/auto/ResettableTimer5.xml (RunModel)" time="0.01" />
  <testcase classname="ptolemy.util.test.junit.AutoTests" name="[63] /home/travis/build/icyphy/ptII/ptolemy/domains/de/test/auto/ResettableTimer6.xml (RunModel)" time="0.021" />
  <testcase classname="ptolemy.util.test.junit.AutoTests" name="[64] /home/travis/build/icyphy/ptII/ptolemy/domains/de/test/auto/ServerZeroDelay.xml (RunModel)" time="0.011" />
  <testcase classname="ptolemy.util.test.junit.AutoTests" name="[65] /home/travis/build/icyphy/ptII/ptolemy/domains/de/test/auto/SmartSender.xml (RunModel)" time="3.009" />
  <testcase classname="ptolemy.util.test.junit.AutoTests" name="[66] /home/travis/build/icyphy/ptII/ptolemy/domains/de/test/auto/ThreadedComposite.xml (RunModel)" time="2.074" />
  <testcase classname="ptolemy.util.test.junit.AutoTests" name="[67] /home/travis/build/icyphy/ptII/ptolemy/domains/de/test/auto/Time.xml (RunModel)" time="0.424" />
  <testcase classname="ptolemy.util.test.junit.AutoTests" name="[68] /home/travis/build/icyphy/ptII/ptolemy/domains/de/test/auto/TimeDelayZeroDelay.xml (RunModel)" time="0.012" />
  <testcase classname="ptolemy.util.test.junit.AutoTests" name="[69] /home/travis/build/icyphy/ptII/ptolemy/domains/de/test/auto/TimerZeroDelay.xml (RunModel)" time="0.01" />
  <testcase classname="ptolemy.util.test.junit.AutoTests" name="[70] /home/travis/build/icyphy/ptII/ptolemy/domains/de/test/auto/TimingParadox.xml (RunModel)" time="0.354" />
  <testcase classname="ptolemy.util.test.junit.AutoTests" name="[71] /home/travis/build/icyphy/ptII/ptolemy/domains/de/test/auto/TransferInputs.xml (RunModel)" time="0.017" />
  <testcase classname="ptolemy.util.test.junit.AutoTests" name="[72] /home/travis/build/icyphy/ptII/ptolemy/domains/de/test/auto/TransferOutputs2.xml (RunModel)" time="0.018" />
  <testcase classname="ptolemy.util.test.junit.AutoTests" name="[73] /home/travis/build/icyphy/ptII/ptolemy/domains/de/test/auto/Trilateration.xml (RunModel)" time="11.634" />
  <testcase classname="ptolemy.util.test.junit.AutoTests" name="[74] /home/travis/build/icyphy/ptII/ptolemy/domains/de/test/auto/TwoSigmaDelta.xml (RunModel)" time="2.006" />
  <testcase classname="ptolemy.util.test.junit.AutoTests" name="[75] /home/travis/build/icyphy/ptII/ptolemy/domains/de/test/auto/VariableDelay.xml (RunModel)" time="0.013" />
  <testcase classname="ptolemy.util.test.junit.AutoTests" name="[76] /home/travis/build/icyphy/ptII/ptolemy/domains/de/test/auto/VariableDelay2.xml (RunModel)" time="0.017" />
  <testcase classname="ptolemy.util.test.junit.AutoTests" name="[77] /home/travis/build/icyphy/ptII/ptolemy/domains/de/test/auto/VariableDelayZeroDelay.xml (RunModel)" time="0.011" />
  <testcase classname="ptolemy.util.test.junit.AutoTests" name="[78] /home/travis/build/icyphy/ptII/ptolemy/domains/de/test/auto/VariableDelayZeroDelay2.xml (RunModel)" time="0.01" />
  <testcase classname="ptolemy.util.test.junit.AutoTests" name="[79] /home/travis/build/icyphy/ptII/ptolemy/domains/de/test/auto/deInCt.xml (RunModel)" time="0.019" />
  <testcase classname="ptolemy.util.test.junit.AutoTests" name="[80] /home/travis/build/icyphy/ptII/ptolemy/domains/de/test/auto/deInCt2.xml (RunModel)" time="0.013" />
  <testcase classname="ptolemy.util.test.junit.AutoTests" name="[81] /home/travis/build/icyphy/ptII/ptolemy/domains/de/test/auto/dynamicCausalityInterface1.xml (RunModel)" time="0.021" />
  <testcase classname="ptolemy.util.test.junit.AutoTests" name="[82] /home/travis/build/icyphy/ptII/ptolemy/domains/de/test/auto/fsm_de_test.xml (RunModel)" time="0.021" />
  <testcase classname="ptolemy.util.test.junit.AutoTests" name="[83] /home/travis/build/icyphy/ptII/ptolemy/domains/de/test/auto/functionDependencyReconstruction.xml (RunModel)" time="0.032" />
  <testcase classname="ptolemy.util.test.junit.AutoTests" name="[84] /home/travis/build/icyphy/ptII/ptolemy/domains/de/test/auto/multirate.xml (RunModel)" time="0.017" />
  <testcase classname="ptolemy.util.test.junit.AutoTests" name="[85] /home/travis/build/icyphy/ptII/ptolemy/domains/de/test/auto/multirate2.xml (RunModel)" time="0.016" />
  <testcase classname="ptolemy.util.test.junit.AutoTests" name="[86] /home/travis/build/icyphy/ptII/ptolemy/domains/de/test/auto/realtime.xml (RunModel)" time="10.01" />
  <testcase classname="ptolemy.util.test.junit.AutoTests" name="[87] /home/travis/build/icyphy/ptII/ptolemy/domains/de/test/auto/relationGroup.xml (RunModel)" time="0.008" />
  <testcase classname="ptolemy.util.test.junit.AutoTests" name="[88] /home/travis/build/icyphy/ptII/ptolemy/domains/de/test/auto/relationGroup2.xml (RunModel)" time="0.012" />
  <testcase classname="ptolemy.util.test.junit.AutoTests" name="[89] /home/travis/build/icyphy/ptII/ptolemy/domains/de/test/auto/sortWithOpaquePorts.xml (RunModel)" time="0.015" />
  <testcase classname="ptolemy.util.test.junit.AutoTests" name="[90] /home/travis/build/icyphy/ptII/ptolemy/domains/de/test/auto/transferInputsandOutputs.xml (RunModel)" time="0.019" />
  <testcase classname="ptolemy.util.test.junit.AutoTests" name="[91] /home/travis/build/icyphy/ptII/ptolemy/domains/de/test/auto/triggerType.xml (RunModel)" time="0.009" />
  <system-out><![CDATA[/home/travis/build/icyphy/ptII/ptolemy/domains/de/test/DependencyLoop.tcl
testDefs.tcl: setting time out to 9000 seconds at Sat Oct 27 02:34:26 UTC 2018
19 ms. Memory: 116224K Free: 93371K (80%)
13 ms. Memory: 146944K Free: 135113K (92%)
/home/travis/build/icyphy/ptII/ptolemy/domains/de/test/RunDETestsAsQSS.tcl
Run the DE tests using ptolemy.domains.qss.test.QSSDirectorTest, which extends QSSDirector and prints a message in the constructors.
------------------ testing $PTII/ptolemy/domains/de/test/auto/knownFailedTests/dependencyLoop.xml (Known Failure) 
10 ms. Memory: 146944K Free: 132001K (90%)


==== $PTIIhome/travis/build/icyphy/ptII/ptolemy/domains/de/test/../../../../: Auto Automatic test in file $PTII/ptolemy/domains/de/test/auto/knownFailedTests/dependencyLoop.xml
==== Contents of test case:

	    # FIXME: we should use $relativeFilename here, but it
	    # might have backslashes under Windows, which causes no end
	    # of trouble.
	    createAndExecute $file
	    list {}
	
.... Test generated KNOWN error:
    while executing
ptolemy.kernel.util.IllegalActionException: Found a zero delay loop containing .dependencyLoop.original
  in .dependencyLoop and .dependencyLoop.original
	at ptolemy.actor.util.CausalityInterfaceForComposites._computeOutputPortDepth(CausalityInterfaceForComposites.java:759)
	at ptolemy.actor.util.CausalityInterfaceForComposites._computeInputDepth(CausalityInterfaceForComposites.java:696)
	at ptolemy.actor.util.CausalityInterfaceForComposites._computeOutputPortDepth(CausalityInterfaceForComposites.java:765)
	at ptolemy.actor.util.CausalityInterfaceForComposites._computeInputDepth(CausalityInterfaceForComposites.java:696)
	at ptolemy.actor.util.CausalityInterfaceForComposites._computeOutputPortDepth(CausalityInterfaceForComposites.java:765)
	at ptolemy.actor.util.CausalityInterfaceForComposites._computeInputDepth(CausalityInterfaceForComposites.java:696)
	at ptolemy.actor.util.CausalityInterfaceForComposites._computeActorDepth(CausalityInterfaceForComposites.java:532)
	at ptolemy.actor.util.CausalityInterfaceForComposites.checkForCycles(CausalityInterfaceForComposites.java:96)
	at ptolemy.domains.de.kernel.DEDirector.preinitialize(DEDirector.java:1338)
	at ptolemy.actor.CompositeActor.preinitialize(CompositeActor.java:1828)
	at ptolemy.actor.Manager.preinitializeAndResolveTypes(Manager.java:1040)
	at ptolemy.actor.Manager.initialize(Manager.java:710)
	at ptolemy.actor.Manager.execute(Manager.java:356)
	at ptolemy.actor.Manager.run(Manager.java:1263)
	at ptolemy.actor.Manager$PtolemyRunThread.run(Manager.java:1915)

    while executing
ptolemy.kernel.util.IllegalActionException: Found a zero delay loop containing .dependencyLoop.original
  in .dependencyLoop and .dependencyLoop.original
    while executing
"java::new ptolemy.moml.MoMLSimpleApplication $file
"
    (procedure "createAndExecute" line 2)
    invoked from within
"createAndExecute $file"
    ("uplevel" body line 5)
    invoked from within
"uplevel $contents_of_test"
------------------ testing $PTII/ptolemy/domains/de/test/auto/knownFailedTests/DESDFClockTest.xml (Known Failure) 
2050 ms. Memory: 146944K Free: 116591K (79%)


==== $PTIIhome/travis/build/icyphy/ptII/ptolemy/domains/de/test/../../../../: Auto Automatic test in file $PTII/ptolemy/domains/de/test/auto/knownFailedTests/DESDFClockTest.xml
==== Contents of test case:

	    # FIXME: we should use $relativeFilename here, but it
	    # might have backslashes under Windows, which causes no end
	    # of trouble.
	    createAndExecute $file
	    list {}
	
.... Test generated KNOWN error:
    while executing
ptolemy.kernel.util.IllegalActionException: Actor is not ready to fire.  Perhaps UpSample.prefire() returned false? Try debugging the actor by selecting "Listen to Actor".  Also, for SDF check moml for tokenConsumptionRate on input.
  in .DESDFClockTest.Play Bell.Copy1:SDF Director and .DESDFClockTest.Play Bell.UpSample
	at ptolemy.actor.sched.StaticSchedulingDirector.fire(StaticSchedulingDirector.java:227)
	at ptolemy.domains.sdf.kernel.SDFDirector.fire(SDFDirector.java:500)
	at ptolemy.actor.CompositeActor.fire(CompositeActor.java:455)
	at ptolemy.domains.de.kernel.DEDirector._fire(DEDirector.java:1949)
	at ptolemy.domains.de.kernel.DEDirector.fire(DEDirector.java:502)
	at ptolemy.actor.CompositeActor.fire(CompositeActor.java:455)
	at ptolemy.actor.Manager.iterate(Manager.java:851)
	at ptolemy.actor.Manager.execute(Manager.java:369)
	at ptolemy.actor.Manager.run(Manager.java:1263)
	at ptolemy.actor.Manager$PtolemyRunThread.run(Manager.java:1915)

    while executing
ptolemy.kernel.util.IllegalActionException: Actor is not ready to fire.  Perhaps UpSample.prefire() returned false? Try debugging the actor by selecting "Listen to Actor".  Also, for SDF check moml for tokenConsumptionRate on input.
  in .DESDFClockTest.Play Bell.Copy1:SDF Director and .DESDFClockTest.Play Bell.UpSample
    while executing
"java::new ptolemy.moml.MoMLSimpleApplication $file
"
    (procedure "createAndExecute" line 2)
    invoked from within
"createAndExecute $file"
    ("uplevel" body line 5)
    invoked from within
"uplevel $contents_of_test"
------------------ testing $PTII/ptolemy/domains/de/test/auto/knownFailedTests/FSMSource.xml (Known Failure) 
22 ms. Memory: 146944K Free: 107646K (73%)
!!!! Auto was marked as failing, but now passes
------------------ testing $PTII/ptolemy/domains/de/test/auto/knownFailedTests/dependencyLoop2.xml (Known Failure) 
6 ms. Memory: 146944K Free: 105762K (72%)


==== $PTIIhome/travis/build/icyphy/ptII/ptolemy/domains/de/test/../../../../: Auto Automatic test in file $PTII/ptolemy/domains/de/test/auto/knownFailedTests/dependencyLoop2.xml
==== Contents of test case:

	    # FIXME: we should use $relativeFilename here, but it
	    # might have backslashes under Windows, which causes no end
	    # of trouble.
	    createAndExecute $file
	    list {}
	
.... Test generated KNOWN error:
    while executing
ptolemy.kernel.util.IllegalActionException: Found a zero delay loop containing .dependencyLoop2.original
  in .dependencyLoop2 and .dependencyLoop2.original
	at ptolemy.actor.util.CausalityInterfaceForComposites._computeOutputPortDepth(CausalityInterfaceForComposites.java:759)
	at ptolemy.actor.util.CausalityInterfaceForComposites._computeInputDepth(CausalityInterfaceForComposites.java:696)
	at ptolemy.actor.util.CausalityInterfaceForComposites._computeOutputPortDepth(CausalityInterfaceForComposites.java:765)
	at ptolemy.actor.util.CausalityInterfaceForComposites._computeInputDepth(CausalityInterfaceForComposites.java:696)
	at ptolemy.actor.util.CausalityInterfaceForComposites._computeOutputPortDepth(CausalityInterfaceForComposites.java:765)
	at ptolemy.actor.util.CausalityInterfaceForComposites._computeInputDepth(CausalityInterfaceForComposites.java:696)
	at ptolemy.actor.util.CausalityInterfaceForComposites._computeActorDepth(CausalityInterfaceForComposites.java:532)
	at ptolemy.actor.util.CausalityInterfaceForComposites.checkForCycles(CausalityInterfaceForComposites.java:96)
	at ptolemy.domains.de.kernel.DEDirector.preinitialize(DEDirector.java:1338)
	at ptolemy.actor.CompositeActor.preinitialize(CompositeActor.java:1828)
	at ptolemy.actor.Manager.preinitializeAndResolveTypes(Manager.java:1040)
	at ptolemy.actor.Manager.initialize(Manager.java:710)
	at ptolemy.actor.Manager.execute(Manager.java:356)
	at ptolemy.actor.Manager.run(Manager.java:1263)
	at ptolemy.actor.Manager$PtolemyRunThread.run(Manager.java:1915)

    while executing
ptolemy.kernel.util.IllegalActionException: Found a zero delay loop containing .dependencyLoop2.original
  in .dependencyLoop2 and .dependencyLoop2.original
    while executing
"java::new ptolemy.moml.MoMLSimpleApplication $file
"
    (procedure "createAndExecute" line 2)
    invoked from within
"createAndExecute $file"
    ("uplevel" body line 5)
    invoked from within
"uplevel $contents_of_test"
------------------ testing $PTII/ptolemy/domains/de/test/auto/knownFailedTests/HierarchicalModel.xml (Known Failure) 
5 ms. Memory: 146944K Free: 84085K (57%)


==== $PTIIhome/travis/build/icyphy/ptII/ptolemy/domains/de/test/../../../../: Auto Automatic test in file $PTII/ptolemy/domains/de/test/auto/knownFailedTests/HierarchicalModel.xml
==== Contents of test case:

	    # FIXME: we should use $relativeFilename here, but it
	    # might have backslashes under Windows, which causes no end
	    # of trouble.
	    createAndExecute $file
	    list {}
	
.... Test generated KNOWN error:
    while executing
ptolemy.kernel.util.IllegalActionException: Found a zero delay loop containing .HierarchicalModel.A
  in .HierarchicalModel and .HierarchicalModel.A
	at ptolemy.actor.util.CausalityInterfaceForComposites._computeOutputPortDepth(CausalityInterfaceForComposites.java:759)
	at ptolemy.actor.util.CausalityInterfaceForComposites._computeInputDepth(CausalityInterfaceForComposites.java:696)
	at ptolemy.actor.util.CausalityInterfaceForComposites._computeOutputPortDepth(CausalityInterfaceForComposites.java:765)
	at ptolemy.actor.util.CausalityInterfaceForComposites._computeInputDepth(CausalityInterfaceForComposites.java:696)
	at ptolemy.actor.util.CausalityInterfaceForComposites._computeOutputPortDepth(CausalityInterfaceForComposites.java:765)
	at ptolemy.actor.util.CausalityInterfaceForComposites._computeInputDepth(CausalityInterfaceForComposites.java:696)
	at ptolemy.actor.util.CausalityInterfaceForComposites._computeActorDepth(CausalityInterfaceForComposites.java:532)
	at ptolemy.actor.util.CausalityInterfaceForComposites.checkForCycles(CausalityInterfaceForComposites.java:96)
	at ptolemy.domains.de.kernel.DEDirector.preinitialize(DEDirector.java:1338)
	at ptolemy.actor.CompositeActor.preinitialize(CompositeActor.java:1828)
	at ptolemy.actor.Manager.preinitializeAndResolveTypes(Manager.java:1040)
	at ptolemy.actor.Manager.initialize(Manager.java:710)
	at ptolemy.actor.Manager.execute(Manager.java:356)
	at ptolemy.actor.Manager.run(Manager.java:1263)
	at ptolemy.actor.Manager$PtolemyRunThread.run(Manager.java:1915)

    while executing
ptolemy.kernel.util.IllegalActionException: Found a zero delay loop containing .HierarchicalModel.A
  in .HierarchicalModel and .HierarchicalModel.A
    while executing
"java::new ptolemy.moml.MoMLSimpleApplication $file
"
    (procedure "createAndExecute" line 2)
    invoked from within
"createAndExecute $file"
    ("uplevel" body line 5)
    invoked from within
"uplevel $contents_of_test"
------------------ testing $PTII/ptolemy/domains/de/test/auto/knownFailedTests/DirectFeedback.xml (Known Failure) 
3 ms. Memory: 146944K Free: 141363K (96%)


==== $PTIIhome/travis/build/icyphy/ptII/ptolemy/domains/de/test/../../../../: Auto Automatic test in file $PTII/ptolemy/domains/de/test/auto/knownFailedTests/DirectFeedback.xml
==== Contents of test case:

	    # FIXME: we should use $relativeFilename here, but it
	    # might have backslashes under Windows, which causes no end
	    # of trouble.
	    createAndExecute $file
	    list {}
	
.... Test generated KNOWN error:
    while executing
ptolemy.kernel.util.IllegalActionException: Test fails in iteration 1.
Value was: 1.0. Should have been: 2.0
  in .DirectFeedback.Test
	at ptolemy.actor.lib.Test.fire(Test.java:268)
	at ptolemy.domains.de.kernel.DEDirector._fire(DEDirector.java:1949)
	at ptolemy.domains.de.kernel.DEDirector.fire(DEDirector.java:502)
	at ptolemy.actor.CompositeActor.fire(CompositeActor.java:455)
	at ptolemy.actor.Manager.iterate(Manager.java:851)
	at ptolemy.actor.Manager.execute(Manager.java:369)
	at ptolemy.actor.Manager.run(Manager.java:1263)
	at ptolemy.actor.Manager$PtolemyRunThread.run(Manager.java:1915)

    while executing
ptolemy.kernel.util.IllegalActionException: Test fails in iteration 1.
Value was: 1.0. Should have been: 2.0
  in .DirectFeedback.Test
    while executing
"java::new ptolemy.moml.MoMLSimpleApplication $file
"
    (procedure "createAndExecute" line 2)
    invoked from within
"createAndExecute $file"
    ("uplevel" body line 5)
    invoked from within
"uplevel $contents_of_test"
------------------ testing $PTII/ptolemy/domains/de/test/auto/ActorDepthCalculation_actorWithoutPorts.xml
auto.tcl: Setting watchdog for 200 seconds at Sat Oct 27 02:34:30 UTC 2018
3 ms. Memory: 146944K Free: 132325K (90%)
ptolemy.util.test.WatchDog.cancel(): canceling Sat Oct 27 02:34:30 UTC 2018
auto.tcl: Setting watchdog for 200 seconds at Sat Oct 27 02:34:30 UTC 2018
4 ms. Memory: 146944K Free: 131273K (89%)
ptolemy.util.test.WatchDog.cancel(): canceling Sat Oct 27 02:34:30 UTC 2018
------------------ testing $PTII/ptolemy/domains/de/test/auto/AssemblyLine.xml
auto.tcl: Setting watchdog for 200 seconds at Sat Oct 27 02:34:30 UTC 2018
17 ms. Memory: 208384K Free: 186290K (89%)
ptolemy.util.test.WatchDog.cancel(): canceling Sat Oct 27 02:34:30 UTC 2018
auto.tcl: Setting watchdog for 200 seconds at Sat Oct 27 02:34:30 UTC 2018
7 ms. Memory: 208384K Free: 186290K (89%)
ptolemy.util.test.WatchDog.cancel(): canceling Sat Oct 27 02:34:30 UTC 2018
------------------ testing $PTII/ptolemy/domains/de/test/auto/CQBug1.xml
auto.tcl: Setting watchdog for 200 seconds at Sat Oct 27 02:34:30 UTC 2018
3 ms. Memory: 208384K Free: 197693K (95%)
ptolemy.util.test.WatchDog.cancel(): canceling Sat Oct 27 02:34:30 UTC 2018
auto.tcl: Setting watchdog for 200 seconds at Sat Oct 27 02:34:30 UTC 2018
2 ms. Memory: 208384K Free: 197693K (95%)
ptolemy.util.test.WatchDog.cancel(): canceling Sat Oct 27 02:34:30 UTC 2018
------------------ testing $PTII/ptolemy/domains/de/test/auto/CancelFireAt.xml
auto.tcl: Setting watchdog for 200 seconds at Sat Oct 27 02:34:30 UTC 2018
5 ms. Memory: 208384K Free: 201418K (97%)
ptolemy.util.test.WatchDog.cancel(): canceling Sat Oct 27 02:34:30 UTC 2018
auto.tcl: Setting watchdog for 200 seconds at Sat Oct 27 02:34:30 UTC 2018
2 ms. Memory: 208384K Free: 199314K (96%)
ptolemy.util.test.WatchDog.cancel(): canceling Sat Oct 27 02:34:30 UTC 2018
------------------ testing $PTII/ptolemy/domains/de/test/auto/CausalityAndComposabilityAnalysis.xml
auto.tcl: Setting watchdog for 200 seconds at Sat Oct 27 02:34:30 UTC 2018
12 ms. Memory: 208384K Free: 196452K (94%)
ptolemy.util.test.WatchDog.cancel(): canceling Sat Oct 27 02:34:31 UTC 2018
auto.tcl: Setting watchdog for 200 seconds at Sat Oct 27 02:34:31 UTC 2018
6 ms. Memory: 208384K Free: 196452K (94%)
ptolemy.util.test.WatchDog.cancel(): canceling Sat Oct 27 02:34:31 UTC 2018
------------------ testing $PTII/ptolemy/domains/de/test/auto/CausalityInterface1.xml
auto.tcl: Setting watchdog for 200 seconds at Sat Oct 27 02:34:31 UTC 2018
17 ms. Memory: 208384K Free: 196404K (94%)
ptolemy.util.test.WatchDog.cancel(): canceling Sat Oct 27 02:34:31 UTC 2018
auto.tcl: Setting watchdog for 200 seconds at Sat Oct 27 02:34:31 UTC 2018
4 ms. Memory: 208384K Free: 196404K (94%)
ptolemy.util.test.WatchDog.cancel(): canceling Sat Oct 27 02:34:31 UTC 2018
------------------ testing $PTII/ptolemy/domains/de/test/auto/CausalityInterface15.xml
auto.tcl: Setting watchdog for 200 seconds at Sat Oct 27 02:34:31 UTC 2018
7 ms. Memory: 208384K Free: 196396K (94%)
ptolemy.util.test.WatchDog.cancel(): canceling Sat Oct 27 02:34:31 UTC 2018
auto.tcl: Setting watchdog for 200 seconds at Sat Oct 27 02:34:31 UTC 2018
11 ms. Memory: 208384K Free: 196396K (94%)
ptolemy.util.test.WatchDog.cancel(): canceling Sat Oct 27 02:34:31 UTC 2018
------------------ testing $PTII/ptolemy/domains/de/test/auto/CausalityInterface2.xml
auto.tcl: Setting watchdog for 200 seconds at Sat Oct 27 02:34:31 UTC 2018
3 ms. Memory: 208384K Free: 196378K (94%)
ptolemy.util.test.WatchDog.cancel(): canceling Sat Oct 27 02:34:31 UTC 2018
auto.tcl: Setting watchdog for 200 seconds at Sat Oct 27 02:34:31 UTC 2018
3 ms. Memory: 208384K Free: 196378K (94%)
ptolemy.util.test.WatchDog.cancel(): canceling Sat Oct 27 02:34:31 UTC 2018
------------------ testing $PTII/ptolemy/domains/de/test/auto/CausalityInterface3.xml
auto.tcl: Setting watchdog for 200 seconds at Sat Oct 27 02:34:31 UTC 2018
4 ms. Memory: 208384K Free: 196391K (94%)
ptolemy.util.test.WatchDog.cancel(): canceling Sat Oct 27 02:34:31 UTC 2018
auto.tcl: Setting watchdog for 200 seconds at Sat Oct 27 02:34:31 UTC 2018
4 ms. Memory: 208384K Free: 196391K (94%)
ptolemy.util.test.WatchDog.cancel(): canceling Sat Oct 27 02:34:31 UTC 2018
------------------ testing $PTII/ptolemy/domains/de/test/auto/ClockDrift.xml
auto.tcl: Setting watchdog for 200 seconds at Sat Oct 27 02:34:31 UTC 2018
97 ms. Memory: 208384K Free: 187562K (90%)
ptolemy.util.test.WatchDog.cancel(): canceling Sat Oct 27 02:34:31 UTC 2018
auto.tcl: Setting watchdog for 200 seconds at Sat Oct 27 02:34:31 UTC 2018
63 ms. Memory: 208384K Free: 185457K (89%)
ptolemy.util.test.WatchDog.cancel(): canceling Sat Oct 27 02:34:31 UTC 2018
------------------ testing $PTII/ptolemy/domains/de/test/auto/ClockDriftAndValueChange.xml
auto.tcl: Setting watchdog for 200 seconds at Sat Oct 27 02:34:31 UTC 2018
24 ms. Memory: 208384K Free: 187396K (90%)
ptolemy.util.test.WatchDog.cancel(): canceling Sat Oct 27 02:34:31 UTC 2018
auto.tcl: Setting watchdog for 200 seconds at Sat Oct 27 02:34:31 UTC 2018
42 ms. Memory: 208384K Free: 185291K (89%)
ptolemy.util.test.WatchDog.cancel(): canceling Sat Oct 27 02:34:31 UTC 2018
------------------ testing $PTII/ptolemy/domains/de/test/auto/ClockDriftChange.xml
auto.tcl: Setting watchdog for 200 seconds at Sat Oct 27 02:34:31 UTC 2018
41 ms. Memory: 208384K Free: 191082K (92%)
ptolemy.util.test.WatchDog.cancel(): canceling Sat Oct 27 02:34:32 UTC 2018
auto.tcl: Setting watchdog for 200 seconds at Sat Oct 27 02:34:32 UTC 2018
28 ms. Memory: 208384K Free: 188640K (91%)
ptolemy.util.test.WatchDog.cancel(): canceling Sat Oct 27 02:34:32 UTC 2018
------------------ testing $PTII/ptolemy/domains/de/test/auto/ComposableCausalityAnalysis.xml
auto.tcl: Setting watchdog for 200 seconds at Sat Oct 27 02:34:32 UTC 2018
3 ms. Memory: 208384K Free: 196252K (94%)
ptolemy.util.test.WatchDog.cancel(): canceling Sat Oct 27 02:34:32 UTC 2018
auto.tcl: Setting watchdog for 200 seconds at Sat Oct 27 02:34:32 UTC 2018
2 ms. Memory: 208384K Free: 194131K (93%)
ptolemy.util.test.WatchDog.cancel(): canceling Sat Oct 27 02:34:32 UTC 2018
------------------ testing $PTII/ptolemy/domains/de/test/auto/DEFixedPointLimitation.xml
auto.tcl: Setting watchdog for 200 seconds at Sat Oct 27 02:34:32 UTC 2018
2 ms. Memory: 208384K Free: 198421K (95%)
ptolemy.util.test.WatchDog.cancel(): canceling Sat Oct 27 02:34:32 UTC 2018
auto.tcl: Setting watchdog for 200 seconds at Sat Oct 27 02:34:32 UTC 2018
2 ms. Memory: 208384K Free: 196317K (94%)
ptolemy.util.test.WatchDog.cancel(): canceling Sat Oct 27 02:34:32 UTC 2018
------------------ testing $PTII/ptolemy/domains/de/test/auto/DEScheduleTest.xml
auto.tcl: Setting watchdog for 200 seconds at Sat Oct 27 02:34:32 UTC 2018
6 ms. Memory: 208384K Free: 198795K (95%)
ptolemy.util.test.WatchDog.cancel(): canceling Sat Oct 27 02:34:32 UTC 2018
auto.tcl: Setting watchdog for 200 seconds at Sat Oct 27 02:34:32 UTC 2018
3 ms. Memory: 208384K Free: 196674K (94%)
ptolemy.util.test.WatchDog.cancel(): canceling Sat Oct 27 02:34:32 UTC 2018
------------------ testing $PTII/ptolemy/domains/de/test/auto/DEinDEwithStartTimes.xml
auto.tcl: Setting watchdog for 200 seconds at Sat Oct 27 02:34:32 UTC 2018
6 ms. Memory: 208384K Free: 196322K (94%)
ptolemy.util.test.WatchDog.cancel(): canceling Sat Oct 27 02:34:32 UTC 2018
auto.tcl: Setting watchdog for 200 seconds at Sat Oct 27 02:34:32 UTC 2018
4 ms. Memory: 208384K Free: 194218K (93%)
ptolemy.util.test.WatchDog.cancel(): canceling Sat Oct 27 02:34:32 UTC 2018
------------------ testing $PTII/ptolemy/domains/de/test/auto/DEinDEwithStartTimes2.xml
auto.tcl: Setting watchdog for 200 seconds at Sat Oct 27 02:34:32 UTC 2018
4 ms. Memory: 208384K Free: 196302K (94%)
ptolemy.util.test.WatchDog.cancel(): canceling Sat Oct 27 02:34:32 UTC 2018
auto.tcl: Setting watchdog for 200 seconds at Sat Oct 27 02:34:32 UTC 2018
8 ms. Memory: 208384K Free: 194182K (93%)
ptolemy.util.test.WatchDog.cancel(): canceling Sat Oct 27 02:34:32 UTC 2018
------------------ testing $PTII/ptolemy/domains/de/test/auto/DateDemo.xml
auto.tcl: Setting watchdog for 200 seconds at Sat Oct 27 02:34:32 UTC 2018
8 ms. Memory: 208384K Free: 188709K (91%)
ptolemy.util.test.WatchDog.cancel(): canceling Sat Oct 27 02:34:32 UTC 2018
auto.tcl: Setting watchdog for 200 seconds at Sat Oct 27 02:34:32 UTC 2018
7 ms. Memory: 208384K Free: 186588K (90%)
ptolemy.util.test.WatchDog.cancel(): canceling Sat Oct 27 02:34:32 UTC 2018
------------------ testing $PTII/ptolemy/domains/de/test/auto/DateToEvent.xml
auto.tcl: Setting watchdog for 200 seconds at Sat Oct 27 02:34:32 UTC 2018
2010 ms. Memory: 208384K Free: 183394K (88%)
ptolemy.util.test.WatchDog.cancel(): canceling Sat Oct 27 02:34:34 UTC 2018
auto.tcl: Setting watchdog for 200 seconds at Sat Oct 27 02:34:34 UTC 2018
2007 ms. Memory: 208384K Free: 183394K (88%)
ptolemy.util.test.WatchDog.cancel(): canceling Sat Oct 27 02:34:36 UTC 2018
------------------ testing $PTII/ptolemy/domains/de/test/auto/DepthTest1.xml
auto.tcl: Setting watchdog for 200 seconds at Sat Oct 27 02:34:36 UTC 2018
4 ms. Memory: 208384K Free: 197984K (95%)
ptolemy.util.test.WatchDog.cancel(): canceling Sat Oct 27 02:34:36 UTC 2018
auto.tcl: Setting watchdog for 200 seconds at Sat Oct 27 02:34:36 UTC 2018
2 ms. Memory: 208384K Free: 197984K (95%)
ptolemy.util.test.WatchDog.cancel(): canceling Sat Oct 27 02:34:36 UTC 2018
------------------ testing $PTII/ptolemy/domains/de/test/auto/DepthTest2.xml
auto.tcl: Setting watchdog for 200 seconds at Sat Oct 27 02:34:36 UTC 2018
2 ms. Memory: 208384K Free: 194506K (93%)
ptolemy.util.test.WatchDog.cancel(): canceling Sat Oct 27 02:34:36 UTC 2018
auto.tcl: Setting watchdog for 200 seconds at Sat Oct 27 02:34:36 UTC 2018
7 ms. Memory: 208384K Free: 194506K (93%)
ptolemy.util.test.WatchDog.cancel(): canceling Sat Oct 27 02:34:36 UTC 2018
------------------ testing $PTII/ptolemy/domains/de/test/auto/DepthTest3.xml
auto.tcl: Setting watchdog for 200 seconds at Sat Oct 27 02:34:36 UTC 2018
1 ms. Memory: 208384K Free: 198335K (95%)
ptolemy.util.test.WatchDog.cancel(): canceling Sat Oct 27 02:34:36 UTC 2018
auto.tcl: Setting watchdog for 200 seconds at Sat Oct 27 02:34:36 UTC 2018
2 ms. Memory: 208384K Free: 198335K (95%)
ptolemy.util.test.WatchDog.cancel(): canceling Sat Oct 27 02:34:36 UTC 2018
------------------ testing $PTII/ptolemy/domains/de/test/auto/DepthTest4.xml
auto.tcl: Setting watchdog for 200 seconds at Sat Oct 27 02:34:36 UTC 2018
6 ms. Memory: 208384K Free: 196318K (94%)
ptolemy.util.test.WatchDog.cancel(): canceling Sat Oct 27 02:34:37 UTC 2018
auto.tcl: Setting watchdog for 200 seconds at Sat Oct 27 02:34:37 UTC 2018
2 ms. Memory: 208384K Free: 196318K (94%)
ptolemy.util.test.WatchDog.cancel(): canceling Sat Oct 27 02:34:37 UTC 2018
------------------ testing $PTII/ptolemy/domains/de/test/auto/DepthTest5.xml
auto.tcl: Setting watchdog for 200 seconds at Sat Oct 27 02:34:37 UTC 2018
6 ms. Memory: 208384K Free: 196587K (94%)
ptolemy.util.test.WatchDog.cancel(): canceling Sat Oct 27 02:34:37 UTC 2018
auto.tcl: Setting watchdog for 200 seconds at Sat Oct 27 02:34:37 UTC 2018
3 ms. Memory: 208384K Free: 196249K (94%)
ptolemy.util.test.WatchDog.cancel(): canceling Sat Oct 27 02:34:37 UTC 2018
------------------ testing $PTII/ptolemy/domains/de/test/auto/DepthTest6.xml
auto.tcl: Setting watchdog for 200 seconds at Sat Oct 27 02:34:37 UTC 2018
7 ms. Memory: 208384K Free: 196570K (94%)
ptolemy.util.test.WatchDog.cancel(): canceling Sat Oct 27 02:34:37 UTC 2018
auto.tcl: Setting watchdog for 200 seconds at Sat Oct 27 02:34:37 UTC 2018
3 ms. Memory: 208384K Free: 196570K (94%)
ptolemy.util.test.WatchDog.cancel(): canceling Sat Oct 27 02:34:37 UTC 2018
------------------ testing $PTII/ptolemy/domains/de/test/auto/DepthTest7.xml
auto.tcl: Setting watchdog for 200 seconds at Sat Oct 27 02:34:37 UTC 2018
7 ms. Memory: 208384K Free: 196206K (94%)
ptolemy.util.test.WatchDog.cancel(): canceling Sat Oct 27 02:34:37 UTC 2018
auto.tcl: Setting watchdog for 200 seconds at Sat Oct 27 02:34:37 UTC 2018
2 ms. Memory: 208384K Free: 196206K (94%)
ptolemy.util.test.WatchDog.cancel(): canceling Sat Oct 27 02:34:37 UTC 2018
------------------ testing $PTII/ptolemy/domains/de/test/auto/EventToDate.xml
auto.tcl: Setting watchdog for 200 seconds at Sat Oct 27 02:34:37 UTC 2018
3006 ms. Memory: 208384K Free: 185665K (89%)
ptolemy.util.test.WatchDog.cancel(): canceling Sat Oct 27 02:34:40 UTC 2018
auto.tcl: Setting watchdog for 200 seconds at Sat Oct 27 02:34:40 UTC 2018
3005 ms. Memory: 208384K Free: 185665K (89%)
ptolemy.util.test.WatchDog.cancel(): canceling Sat Oct 27 02:34:43 UTC 2018
------------------ testing $PTII/ptolemy/domains/de/test/auto/FSM1.xml
auto.tcl: Setting watchdog for 200 seconds at Sat Oct 27 02:34:43 UTC 2018
17 ms. Memory: 208384K Free: 189217K (91%)
ptolemy.util.test.WatchDog.cancel(): canceling Sat Oct 27 02:34:43 UTC 2018
auto.tcl: Setting watchdog for 200 seconds at Sat Oct 27 02:34:43 UTC 2018
15 ms. Memory: 208384K Free: 184976K (89%)
ptolemy.util.test.WatchDog.cancel(): canceling Sat Oct 27 02:34:43 UTC 2018
------------------ testing $PTII/ptolemy/domains/de/test/auto/FSM7.xml
auto.tcl: Setting watchdog for 200 seconds at Sat Oct 27 02:34:43 UTC 2018
37 ms. Memory: 208384K Free: 187324K (90%)
ptolemy.util.test.WatchDog.cancel(): canceling Sat Oct 27 02:34:43 UTC 2018
auto.tcl: Setting watchdog for 200 seconds at Sat Oct 27 02:34:43 UTC 2018
15 ms. Memory: 208384K Free: 185212K (89%)
ptolemy.util.test.WatchDog.cancel(): canceling Sat Oct 27 02:34:43 UTC 2018
------------------ testing $PTII/ptolemy/domains/de/test/auto/Inspection.xml
auto.tcl: Setting watchdog for 200 seconds at Sat Oct 27 02:34:43 UTC 2018
41 ms. Memory: 208384K Free: 188536K (90%)
ptolemy.util.test.WatchDog.cancel(): canceling Sat Oct 27 02:34:43 UTC 2018
auto.tcl: Setting watchdog for 200 seconds at Sat Oct 27 02:34:43 UTC 2018
34 ms. Memory: 208384K Free: 186423K (89%)
ptolemy.util.test.WatchDog.cancel(): canceling Sat Oct 27 02:34:43 UTC 2018
------------------ testing $PTII/ptolemy/domains/de/test/auto/Iteration.xml
auto.tcl: Setting watchdog for 200 seconds at Sat Oct 27 02:34:43 UTC 2018
7 ms. Memory: 208384K Free: 196364K (94%)
ptolemy.util.test.WatchDog.cancel(): canceling Sat Oct 27 02:34:43 UTC 2018
auto.tcl: Setting watchdog for 200 seconds at Sat Oct 27 02:34:43 UTC 2018
7 ms. Memory: 208384K Free: 194244K (93%)
ptolemy.util.test.WatchDog.cancel(): canceling Sat Oct 27 02:34:43 UTC 2018
------------------ testing $PTII/ptolemy/domains/de/test/auto/LineFault.xml
auto.tcl: Setting watchdog for 200 seconds at Sat Oct 27 02:34:43 UTC 2018
874 ms. Memory: 208384K Free: 196317K (94%)
ptolemy.util.test.WatchDog.cancel(): canceling Sat Oct 27 02:34:45 UTC 2018
auto.tcl: Setting watchdog for 200 seconds at Sat Oct 27 02:34:45 UTC 2018
618 ms. Memory: 208384K Free: 138777K (67%)
ptolemy.util.test.WatchDog.cancel(): canceling Sat Oct 27 02:34:45 UTC 2018
------------------ testing $PTII/ptolemy/domains/de/test/auto/MergeModel1Add.xml
auto.tcl: Setting watchdog for 200 seconds at Sat Oct 27 02:34:45 UTC 2018
29 ms. Memory: 331264K Free: 298838K (90%)
ptolemy.util.test.WatchDog.cancel(): canceling Sat Oct 27 02:34:45 UTC 2018
auto.tcl: Setting watchdog for 200 seconds at Sat Oct 27 02:34:45 UTC 2018
10 ms. Memory: 331264K Free: 298838K (90%)
ptolemy.util.test.WatchDog.cancel(): canceling Sat Oct 27 02:34:45 UTC 2018
------------------ testing $PTII/ptolemy/domains/de/test/auto/MergeModel2Add.xml
auto.tcl: Setting watchdog for 200 seconds at Sat Oct 27 02:34:45 UTC 2018
9 ms. Memory: 331264K Free: 304130K (92%)
ptolemy.util.test.WatchDog.cancel(): canceling Sat Oct 27 02:34:46 UTC 2018
auto.tcl: Setting watchdog for 200 seconds at Sat Oct 27 02:34:46 UTC 2018
11 ms. Memory: 331264K Free: 300169K (91%)
ptolemy.util.test.WatchDog.cancel(): canceling Sat Oct 27 02:34:46 UTC 2018
------------------ testing $PTII/ptolemy/domains/de/test/auto/MergeModel3Add.xml
auto.tcl: Setting watchdog for 200 seconds at Sat Oct 27 02:34:46 UTC 2018
9 ms. Memory: 331264K Free: 304133K (92%)
ptolemy.util.test.WatchDog.cancel(): canceling Sat Oct 27 02:34:46 UTC 2018
auto.tcl: Setting watchdog for 200 seconds at Sat Oct 27 02:34:46 UTC 2018
8 ms. Memory: 331264K Free: 300187K (91%)
ptolemy.util.test.WatchDog.cancel(): canceling Sat Oct 27 02:34:46 UTC 2018
------------------ testing $PTII/ptolemy/domains/de/test/auto/MergeWithoutDiscard.xml
auto.tcl: Setting watchdog for 200 seconds at Sat Oct 27 02:34:46 UTC 2018
2 ms. Memory: 331264K Free: 320227K (97%)
ptolemy.util.test.WatchDog.cancel(): canceling Sat Oct 27 02:34:46 UTC 2018
auto.tcl: Setting watchdog for 200 seconds at Sat Oct 27 02:34:46 UTC 2018
1 ms. Memory: 331264K Free: 316282K (95%)
ptolemy.util.test.WatchDog.cancel(): canceling Sat Oct 27 02:34:46 UTC 2018
------------------ testing $PTII/ptolemy/domains/de/test/auto/Modal1.xml
auto.tcl: Setting watchdog for 200 seconds at Sat Oct 27 02:34:46 UTC 2018
19 ms. Memory: 331264K Free: 309876K (94%)
ptolemy.util.test.WatchDog.cancel(): canceling Sat Oct 27 02:34:46 UTC 2018
auto.tcl: Setting watchdog for 200 seconds at Sat Oct 27 02:34:46 UTC 2018
22 ms. Memory: 331264K Free: 305931K (92%)
ptolemy.util.test.WatchDog.cancel(): canceling Sat Oct 27 02:34:46 UTC 2018
------------------ testing $PTII/ptolemy/domains/de/test/auto/Modal2.xml
auto.tcl: Setting watchdog for 200 seconds at Sat Oct 27 02:34:46 UTC 2018
10 ms. Memory: 331264K Free: 309765K (94%)
ptolemy.util.test.WatchDog.cancel(): canceling Sat Oct 27 02:34:46 UTC 2018
auto.tcl: Setting watchdog for 200 seconds at Sat Oct 27 02:34:46 UTC 2018
10 ms. Memory: 331264K Free: 305820K (92%)
ptolemy.util.test.WatchDog.cancel(): canceling Sat Oct 27 02:34:46 UTC 2018
------------------ testing $PTII/ptolemy/domains/de/test/auto/Modal3.xml
auto.tcl: Setting watchdog for 200 seconds at Sat Oct 27 02:34:46 UTC 2018
11 ms. Memory: 331264K Free: 310033K (94%)
ptolemy.util.test.WatchDog.cancel(): canceling Sat Oct 27 02:34:46 UTC 2018
auto.tcl: Setting watchdog for 200 seconds at Sat Oct 27 02:34:46 UTC 2018
11 ms. Memory: 331264K Free: 305786K (92%)
ptolemy.util.test.WatchDog.cancel(): canceling Sat Oct 27 02:34:46 UTC 2018
------------------ testing $PTII/ptolemy/domains/de/test/auto/Modal4.xml
auto.tcl: Setting watchdog for 200 seconds at Sat Oct 27 02:34:46 UTC 2018
12 ms. Memory: 331264K Free: 309769K (94%)
ptolemy.util.test.WatchDog.cancel(): canceling Sat Oct 27 02:34:46 UTC 2018
auto.tcl: Setting watchdog for 200 seconds at Sat Oct 27 02:34:46 UTC 2018
12 ms. Memory: 331264K Free: 305816K (92%)
ptolemy.util.test.WatchDog.cancel(): canceling Sat Oct 27 02:34:46 UTC 2018
------------------ testing $PTII/ptolemy/domains/de/test/auto/Modal5.xml
auto.tcl: Setting watchdog for 200 seconds at Sat Oct 27 02:34:46 UTC 2018
18 ms. Memory: 331264K Free: 309764K (94%)
ptolemy.util.test.WatchDog.cancel(): canceling Sat Oct 27 02:34:46 UTC 2018
auto.tcl: Setting watchdog for 200 seconds at Sat Oct 27 02:34:46 UTC 2018
9 ms. Memory: 331264K Free: 305818K (92%)
ptolemy.util.test.WatchDog.cancel(): canceling Sat Oct 27 02:34:46 UTC 2018
------------------ testing $PTII/ptolemy/domains/de/test/auto/Modal6.xml
auto.tcl: Setting watchdog for 200 seconds at Sat Oct 27 02:34:46 UTC 2018
11 ms. Memory: 331264K Free: 309761K (94%)
ptolemy.util.test.WatchDog.cancel(): canceling Sat Oct 27 02:34:46 UTC 2018
auto.tcl: Setting watchdog for 200 seconds at Sat Oct 27 02:34:46 UTC 2018
12 ms. Memory: 331264K Free: 305816K (92%)
ptolemy.util.test.WatchDog.cancel(): canceling Sat Oct 27 02:34:46 UTC 2018
------------------ testing $PTII/ptolemy/domains/de/test/auto/Modal7.xml
auto.tcl: Setting watchdog for 200 seconds at Sat Oct 27 02:34:46 UTC 2018
14 ms. Memory: 331264K Free: 309729K (93%)
ptolemy.util.test.WatchDog.cancel(): canceling Sat Oct 27 02:34:46 UTC 2018
auto.tcl: Setting watchdog for 200 seconds at Sat Oct 27 02:34:46 UTC 2018
11 ms. Memory: 331264K Free: 305784K (92%)
ptolemy.util.test.WatchDog.cancel(): canceling Sat Oct 27 02:34:47 UTC 2018
------------------ testing $PTII/ptolemy/domains/de/test/auto/ModalModel.xml
auto.tcl: Setting watchdog for 200 seconds at Sat Oct 27 02:34:47 UTC 2018
164 ms. Memory: 331264K Free: 248541K (75%)
ptolemy.util.test.WatchDog.cancel(): canceling Sat Oct 27 02:34:47 UTC 2018
auto.tcl: Setting watchdog for 200 seconds at Sat Oct 27 02:34:47 UTC 2018
180 ms. Memory: 331264K Free: 188250K (57%)
ptolemy.util.test.WatchDog.cancel(): canceling Sat Oct 27 02:34:47 UTC 2018
------------------ testing $PTII/ptolemy/domains/de/test/auto/ModalSource.xml
auto.tcl: Setting watchdog for 200 seconds at Sat Oct 27 02:34:47 UTC 2018
5 ms. Memory: 331264K Free: 316571K (96%)
ptolemy.util.test.WatchDog.cancel(): canceling Sat Oct 27 02:34:47 UTC 2018
auto.tcl: Setting watchdog for 200 seconds at Sat Oct 27 02:34:47 UTC 2018
6 ms. Memory: 331264K Free: 313075K (95%)
ptolemy.util.test.WatchDog.cancel(): canceling Sat Oct 27 02:34:47 UTC 2018
------------------ testing $PTII/ptolemy/domains/de/test/auto/NonInterruptibleTimerZeroDelay.xml
auto.tcl: Setting watchdog for 200 seconds at Sat Oct 27 02:34:47 UTC 2018
3 ms. Memory: 331264K Free: 320913K (97%)
ptolemy.util.test.WatchDog.cancel(): canceling Sat Oct 27 02:34:47 UTC 2018
auto.tcl: Setting watchdog for 200 seconds at Sat Oct 27 02:34:47 UTC 2018
2 ms. Memory: 331264K Free: 317417K (96%)
ptolemy.util.test.WatchDog.cancel(): canceling Sat Oct 27 02:34:47 UTC 2018
------------------ testing $PTII/ptolemy/domains/de/test/auto/OpenQueueingNetwork.xml
auto.tcl: Setting watchdog for 200 seconds at Sat Oct 27 02:34:47 UTC 2018
2559 ms. Memory: 317952K Free: 168463K (53%)
ptolemy.util.test.WatchDog.cancel(): canceling Sat Oct 27 02:34:50 UTC 2018
auto.tcl: Setting watchdog for 200 seconds at Sat Oct 27 02:34:50 UTC 2018
2436 ms. Memory: 287232K Free: 232994K (81%)
ptolemy.util.test.WatchDog.cancel(): canceling Sat Oct 27 02:34:52 UTC 2018
------------------ testing $PTII/ptolemy/domains/de/test/auto/OpenQueuingNetwork.xml
auto.tcl: Setting watchdog for 200 seconds at Sat Oct 27 02:34:52 UTC 2018
221 ms. Memory: 287232K Free: 185297K (65%)
ptolemy.util.test.WatchDog.cancel(): canceling Sat Oct 27 02:34:53 UTC 2018
auto.tcl: Setting watchdog for 200 seconds at Sat Oct 27 02:34:53 UTC 2018
227 ms. Memory: 287232K Free: 127701K (44%)
ptolemy.util.test.WatchDog.cancel(): canceling Sat Oct 27 02:34:53 UTC 2018
------------------ testing $PTII/ptolemy/domains/de/test/auto/PeriodicSampler.xml
auto.tcl: Setting watchdog for 200 seconds at Sat Oct 27 02:34:53 UTC 2018
2 ms. Memory: 289792K Free: 274756K (95%)
ptolemy.util.test.WatchDog.cancel(): canceling Sat Oct 27 02:34:53 UTC 2018
auto.tcl: Setting watchdog for 200 seconds at Sat Oct 27 02:34:53 UTC 2018
2 ms. Memory: 289792K Free: 274756K (95%)
ptolemy.util.test.WatchDog.cancel(): canceling Sat Oct 27 02:34:53 UTC 2018
------------------ testing $PTII/ptolemy/domains/de/test/auto/PersistentIO.xml
auto.tcl: Setting watchdog for 200 seconds at Sat Oct 27 02:34:53 UTC 2018
5 ms. Memory: 287232K Free: 269129K (94%)
ptolemy.util.test.WatchDog.cancel(): canceling Sat Oct 27 02:34:53 UTC 2018
auto.tcl: Setting watchdog for 200 seconds at Sat Oct 27 02:34:53 UTC 2018
4 ms. Memory: 287232K Free: 269129K (94%)
ptolemy.util.test.WatchDog.cancel(): canceling Sat Oct 27 02:34:53 UTC 2018
------------------ testing $PTII/ptolemy/domains/de/test/auto/PortParameterResetOnInitialize.xml
auto.tcl: Setting watchdog for 200 seconds at Sat Oct 27 02:34:53 UTC 2018
3 ms. Memory: 289280K Free: 274789K (95%)
ptolemy.util.test.WatchDog.cancel(): canceling Sat Oct 27 02:34:53 UTC 2018
auto.tcl: Setting watchdog for 200 seconds at Sat Oct 27 02:34:53 UTC 2018
3 ms. Memory: 289280K Free: 274789K (95%)
ptolemy.util.test.WatchDog.cancel(): canceling Sat Oct 27 02:34:53 UTC 2018
------------------ testing $PTII/ptolemy/domains/de/test/auto/PortParameterUpdates.xml
auto.tcl: Setting watchdog for 200 seconds at Sat Oct 27 02:34:53 UTC 2018
3 ms. Memory: 287232K Free: 274848K (96%)
ptolemy.util.test.WatchDog.cancel(): canceling Sat Oct 27 02:34:53 UTC 2018
auto.tcl: Setting watchdog for 200 seconds at Sat Oct 27 02:34:53 UTC 2018
4 ms. Memory: 287232K Free: 271928K (95%)
ptolemy.util.test.WatchDog.cancel(): canceling Sat Oct 27 02:34:53 UTC 2018
------------------ testing $PTII/ptolemy/domains/de/test/auto/QueueAndServer.xml
auto.tcl: Setting watchdog for 200 seconds at Sat Oct 27 02:34:53 UTC 2018
7 ms. Memory: 289280K Free: 273947K (95%)
ptolemy.util.test.WatchDog.cancel(): canceling Sat Oct 27 02:34:53 UTC 2018
auto.tcl: Setting watchdog for 200 seconds at Sat Oct 27 02:34:53 UTC 2018
6 ms. Memory: 289280K Free: 273947K (95%)
ptolemy.util.test.WatchDog.cancel(): canceling Sat Oct 27 02:34:53 UTC 2018
------------------ testing $PTII/ptolemy/domains/de/test/auto/Records.xml
auto.tcl: Setting watchdog for 200 seconds at Sat Oct 27 02:34:53 UTC 2018
9 ms. Memory: 287232K Free: 274838K (96%)
ptolemy.util.test.WatchDog.cancel(): canceling Sat Oct 27 02:34:53 UTC 2018
auto.tcl: Setting watchdog for 200 seconds at Sat Oct 27 02:34:53 UTC 2018
2 ms. Memory: 287232K Free: 274838K (96%)
ptolemy.util.test.WatchDog.cancel(): canceling Sat Oct 27 02:34:53 UTC 2018
------------------ testing $PTII/ptolemy/domains/de/test/auto/ResetTransitionWithStartTime1.xml
auto.tcl: Setting watchdog for 200 seconds at Sat Oct 27 02:34:53 UTC 2018
11 ms. Memory: 288768K Free: 273480K (95%)
ptolemy.util.test.WatchDog.cancel(): canceling Sat Oct 27 02:34:53 UTC 2018
auto.tcl: Setting watchdog for 200 seconds at Sat Oct 27 02:34:53 UTC 2018
7 ms. Memory: 288768K Free: 270459K (94%)
ptolemy.util.test.WatchDog.cancel(): canceling Sat Oct 27 02:34:53 UTC 2018
------------------ testing $PTII/ptolemy/domains/de/test/auto/ResetTransitionWithStartTime2.xml
auto.tcl: Setting watchdog for 200 seconds at Sat Oct 27 02:34:53 UTC 2018
5 ms. Memory: 287232K Free: 271935K (95%)
ptolemy.util.test.WatchDog.cancel(): canceling Sat Oct 27 02:34:53 UTC 2018
auto.tcl: Setting watchdog for 200 seconds at Sat Oct 27 02:34:53 UTC 2018
6 ms. Memory: 287232K Free: 269015K (94%)
ptolemy.util.test.WatchDog.cancel(): canceling Sat Oct 27 02:34:53 UTC 2018
------------------ testing $PTII/ptolemy/domains/de/test/auto/ResetTransitionWithStartTime3.xml
auto.tcl: Setting watchdog for 200 seconds at Sat Oct 27 02:34:53 UTC 2018
11 ms. Memory: 288768K Free: 273385K (95%)
ptolemy.util.test.WatchDog.cancel(): canceling Sat Oct 27 02:34:54 UTC 2018
auto.tcl: Setting watchdog for 200 seconds at Sat Oct 27 02:34:54 UTC 2018
5 ms. Memory: 288768K Free: 270465K (94%)
ptolemy.util.test.WatchDog.cancel(): canceling Sat Oct 27 02:34:54 UTC 2018
------------------ testing $PTII/ptolemy/domains/de/test/auto/ResetTransitionWithStartTime4.xml
auto.tcl: Setting watchdog for 200 seconds at Sat Oct 27 02:34:54 UTC 2018
4 ms. Memory: 287232K Free: 271846K (95%)
ptolemy.util.test.WatchDog.cancel(): canceling Sat Oct 27 02:34:54 UTC 2018
auto.tcl: Setting watchdog for 200 seconds at Sat Oct 27 02:34:54 UTC 2018
4 ms. Memory: 287232K Free: 271846K (95%)
ptolemy.util.test.WatchDog.cancel(): canceling Sat Oct 27 02:34:54 UTC 2018
------------------ testing $PTII/ptolemy/domains/de/test/auto/ResettableTimer1.xml
auto.tcl: Setting watchdog for 200 seconds at Sat Oct 27 02:34:54 UTC 2018
4 ms. Memory: 288768K Free: 276298K (96%)
ptolemy.util.test.WatchDog.cancel(): canceling Sat Oct 27 02:34:54 UTC 2018
auto.tcl: Setting watchdog for 200 seconds at Sat Oct 27 02:34:54 UTC 2018
2 ms. Memory: 288768K Free: 276298K (96%)
ptolemy.util.test.WatchDog.cancel(): canceling Sat Oct 27 02:34:54 UTC 2018
------------------ testing $PTII/ptolemy/domains/de/test/auto/ResettableTimer2.xml
auto.tcl: Setting watchdog for 200 seconds at Sat Oct 27 02:34:54 UTC 2018
2 ms. Memory: 287232K Free: 274905K (96%)
ptolemy.util.test.WatchDog.cancel(): canceling Sat Oct 27 02:34:54 UTC 2018
auto.tcl: Setting watchdog for 200 seconds at Sat Oct 27 02:34:54 UTC 2018
2 ms. Memory: 287232K Free: 274905K (96%)
ptolemy.util.test.WatchDog.cancel(): canceling Sat Oct 27 02:34:54 UTC 2018
------------------ testing $PTII/ptolemy/domains/de/test/auto/ResettableTimer3.xml
auto.tcl: Setting watchdog for 200 seconds at Sat Oct 27 02:34:54 UTC 2018
1 ms. Memory: 288256K Free: 275828K (96%)
ptolemy.util.test.WatchDog.cancel(): canceling Sat Oct 27 02:34:54 UTC 2018
auto.tcl: Setting watchdog for 200 seconds at Sat Oct 27 02:34:54 UTC 2018
2 ms. Memory: 288256K Free: 275828K (96%)
ptolemy.util.test.WatchDog.cancel(): canceling Sat Oct 27 02:34:54 UTC 2018
------------------ testing $PTII/ptolemy/domains/de/test/auto/ResettableTimer4.xml
auto.tcl: Setting watchdog for 200 seconds at Sat Oct 27 02:34:54 UTC 2018
1 ms. Memory: 287232K Free: 274918K (96%)
ptolemy.util.test.WatchDog.cancel(): canceling Sat Oct 27 02:34:54 UTC 2018
auto.tcl: Setting watchdog for 200 seconds at Sat Oct 27 02:34:54 UTC 2018
1 ms. Memory: 287232K Free: 274918K (96%)
ptolemy.util.test.WatchDog.cancel(): canceling Sat Oct 27 02:34:54 UTC 2018
------------------ testing $PTII/ptolemy/domains/de/test/auto/ResettableTimer5.xml
auto.tcl: Setting watchdog for 200 seconds at Sat Oct 27 02:34:54 UTC 2018
1 ms. Memory: 288256K Free: 273882K (95%)
ptolemy.util.test.WatchDog.cancel(): canceling Sat Oct 27 02:34:54 UTC 2018
auto.tcl: Setting watchdog for 200 seconds at Sat Oct 27 02:34:54 UTC 2018
2 ms. Memory: 288256K Free: 273882K (95%)
ptolemy.util.test.WatchDog.cancel(): canceling Sat Oct 27 02:34:54 UTC 2018
------------------ testing $PTII/ptolemy/domains/de/test/auto/ResettableTimer6.xml
auto.tcl: Setting watchdog for 200 seconds at Sat Oct 27 02:34:54 UTC 2018
2 ms. Memory: 287232K Free: 272706K (95%)
ptolemy.util.test.WatchDog.cancel(): canceling Sat Oct 27 02:34:54 UTC 2018
auto.tcl: Setting watchdog for 200 seconds at Sat Oct 27 02:34:54 UTC 2018
1 ms. Memory: 287232K Free: 272706K (95%)
ptolemy.util.test.WatchDog.cancel(): canceling Sat Oct 27 02:34:54 UTC 2018
------------------ testing $PTII/ptolemy/domains/de/test/auto/ServerZeroDelay.xml
auto.tcl: Setting watchdog for 200 seconds at Sat Oct 27 02:34:54 UTC 2018
2 ms. Memory: 288256K Free: 275896K (96%)
ptolemy.util.test.WatchDog.cancel(): canceling Sat Oct 27 02:34:54 UTC 2018
auto.tcl: Setting watchdog for 200 seconds at Sat Oct 27 02:34:54 UTC 2018
2 ms. Memory: 288256K Free: 275896K (96%)
ptolemy.util.test.WatchDog.cancel(): canceling Sat Oct 27 02:34:54 UTC 2018
------------------ testing $PTII/ptolemy/domains/de/test/auto/SmartSender.xml
auto.tcl: Setting watchdog for 200 seconds at Sat Oct 27 02:34:54 UTC 2018
3002 ms. Memory: 287232K Free: 272793K (95%)
ptolemy.util.test.WatchDog.cancel(): canceling Sat Oct 27 02:34:57 UTC 2018
auto.tcl: Setting watchdog for 200 seconds at Sat Oct 27 02:34:57 UTC 2018
3002 ms. Memory: 287232K Free: 272793K (95%)
ptolemy.util.test.WatchDog.cancel(): canceling Sat Oct 27 02:35:00 UTC 2018
------------------ testing $PTII/ptolemy/domains/de/test/auto/ThreadedComposite.xml
auto.tcl: Setting watchdog for 200 seconds at Sat Oct 27 02:35:00 UTC 2018
254 ms. Memory: 288256K Free: 252636K (88%)
ptolemy.util.test.WatchDog.cancel(): canceling Sat Oct 27 02:35:00 UTC 2018
auto.tcl: Setting watchdog for 200 seconds at Sat Oct 27 02:35:00 UTC 2018
148 ms. Memory: 288256K Free: 234478K (81%)
ptolemy.util.test.WatchDog.cancel(): canceling Sat Oct 27 02:35:01 UTC 2018
------------------ testing $PTII/ptolemy/domains/de/test/auto/Time.xml
auto.tcl: Setting watchdog for 200 seconds at Sat Oct 27 02:35:01 UTC 2018
514 ms. Memory: 287232K Free: 220960K (77%)
ptolemy.util.test.WatchDog.cancel(): canceling Sat Oct 27 02:35:01 UTC 2018
auto.tcl: Setting watchdog for 200 seconds at Sat Oct 27 02:35:01 UTC 2018
478 ms. Memory: 287232K Free: 165783K (58%)
ptolemy.util.test.WatchDog.cancel(): canceling Sat Oct 27 02:35:02 UTC 2018
------------------ testing $PTII/ptolemy/domains/de/test/auto/TimeDelayZeroDelay.xml
auto.tcl: Setting watchdog for 200 seconds at Sat Oct 27 02:35:02 UTC 2018
2 ms. Memory: 287744K Free: 275817K (96%)
ptolemy.util.test.WatchDog.cancel(): canceling Sat Oct 27 02:35:02 UTC 2018
auto.tcl: Setting watchdog for 200 seconds at Sat Oct 27 02:35:02 UTC 2018
2 ms. Memory: 287744K Free: 275817K (96%)
ptolemy.util.test.WatchDog.cancel(): canceling Sat Oct 27 02:35:02 UTC 2018
------------------ testing $PTII/ptolemy/domains/de/test/auto/TimerZeroDelay.xml
auto.tcl: Setting watchdog for 200 seconds at Sat Oct 27 02:35:02 UTC 2018
2 ms. Memory: 287232K Free: 275431K (96%)
ptolemy.util.test.WatchDog.cancel(): canceling Sat Oct 27 02:35:02 UTC 2018
auto.tcl: Setting watchdog for 200 seconds at Sat Oct 27 02:35:02 UTC 2018
2 ms. Memory: 287232K Free: 275431K (96%)
ptolemy.util.test.WatchDog.cancel(): canceling Sat Oct 27 02:35:02 UTC 2018
------------------ testing $PTII/ptolemy/domains/de/test/auto/TimingParadox.xml
auto.tcl: Setting watchdog for 200 seconds at Sat Oct 27 02:35:02 UTC 2018
371 ms. Memory: 287744K Free: 207498K (72%)
ptolemy.util.test.WatchDog.cancel(): canceling Sat Oct 27 02:35:02 UTC 2018
auto.tcl: Setting watchdog for 200 seconds at Sat Oct 27 02:35:02 UTC 2018
329 ms. Memory: 287744K Free: 171030K (59%)
ptolemy.util.test.WatchDog.cancel(): canceling Sat Oct 27 02:35:03 UTC 2018
------------------ testing $PTII/ptolemy/domains/de/test/auto/TransferInputs.xml
auto.tcl: Setting watchdog for 200 seconds at Sat Oct 27 02:35:03 UTC 2018
1 ms. Memory: 287744K Free: 274861K (96%)
ptolemy.util.test.WatchDog.cancel(): canceling Sat Oct 27 02:35:03 UTC 2018
auto.tcl: Setting watchdog for 200 seconds at Sat Oct 27 02:35:03 UTC 2018
2 ms. Memory: 287744K Free: 274861K (96%)
ptolemy.util.test.WatchDog.cancel(): canceling Sat Oct 27 02:35:03 UTC 2018
------------------ testing $PTII/ptolemy/domains/de/test/auto/TransferOutputs2.xml
auto.tcl: Setting watchdog for 200 seconds at Sat Oct 27 02:35:03 UTC 2018
6 ms. Memory: 287232K Free: 270780K (94%)
ptolemy.util.test.WatchDog.cancel(): canceling Sat Oct 27 02:35:03 UTC 2018
auto.tcl: Setting watchdog for 200 seconds at Sat Oct 27 02:35:03 UTC 2018
3 ms. Memory: 287232K Free: 268167K (93%)
ptolemy.util.test.WatchDog.cancel(): canceling Sat Oct 27 02:35:03 UTC 2018
------------------ testing $PTII/ptolemy/domains/de/test/auto/Trilateration.xml
auto.tcl: Setting watchdog for 200 seconds at Sat Oct 27 02:35:03 UTC 2018
15293 ms. Memory: 793088K Free: 64119K (8%)
ptolemy.util.test.WatchDog.cancel(): canceling Sat Oct 27 02:35:19 UTC 2018
auto.tcl: Setting watchdog for 200 seconds at Sat Oct 27 02:35:19 UTC 2018
12285 ms. Memory: 639488K Free: 561457K (88%)
ptolemy.util.test.WatchDog.cancel(): canceling Sat Oct 27 02:35:31 UTC 2018
------------------ testing $PTII/ptolemy/domains/de/test/auto/TwoSigmaDelta.xml
auto.tcl: Setting watchdog for 200 seconds at Sat Oct 27 02:35:32 UTC 2018
2833 ms. Memory: 643072K Free: 317216K (49%)
ptolemy.util.test.WatchDog.cancel(): canceling Sat Oct 27 02:35:35 UTC 2018
auto.tcl: Setting watchdog for 200 seconds at Sat Oct 27 02:35:35 UTC 2018
2202 ms. Memory: 643072K Free: 85811K (13%)
ptolemy.util.test.WatchDog.cancel(): canceling Sat Oct 27 02:35:37 UTC 2018
------------------ testing $PTII/ptolemy/domains/de/test/auto/VariableDelay.xml
auto.tcl: Setting watchdog for 200 seconds at Sat Oct 27 02:35:37 UTC 2018
2 ms. Memory: 640000K Free: 620977K (97%)
ptolemy.util.test.WatchDog.cancel(): canceling Sat Oct 27 02:35:37 UTC 2018
auto.tcl: Setting watchdog for 200 seconds at Sat Oct 27 02:35:37 UTC 2018
2 ms. Memory: 640000K Free: 620977K (97%)
ptolemy.util.test.WatchDog.cancel(): canceling Sat Oct 27 02:35:37 UTC 2018
------------------ testing $PTII/ptolemy/domains/de/test/auto/VariableDelay2.xml
auto.tcl: Setting watchdog for 200 seconds at Sat Oct 27 02:35:37 UTC 2018
3 ms. Memory: 639488K Free: 620887K (97%)
ptolemy.util.test.WatchDog.cancel(): canceling Sat Oct 27 02:35:37 UTC 2018
auto.tcl: Setting watchdog for 200 seconds at Sat Oct 27 02:35:37 UTC 2018
2 ms. Memory: 639488K Free: 620887K (97%)
ptolemy.util.test.WatchDog.cancel(): canceling Sat Oct 27 02:35:37 UTC 2018
------------------ testing $PTII/ptolemy/domains/de/test/auto/VariableDelayZeroDelay.xml
auto.tcl: Setting watchdog for 200 seconds at Sat Oct 27 02:35:37 UTC 2018
2 ms. Memory: 639488K Free: 615305K (96%)
ptolemy.util.test.WatchDog.cancel(): canceling Sat Oct 27 02:35:37 UTC 2018
auto.tcl: Setting watchdog for 200 seconds at Sat Oct 27 02:35:37 UTC 2018
1 ms. Memory: 639488K Free: 615305K (96%)
ptolemy.util.test.WatchDog.cancel(): canceling Sat Oct 27 02:35:37 UTC 2018
------------------ testing $PTII/ptolemy/domains/de/test/auto/VariableDelayZeroDelay2.xml
auto.tcl: Setting watchdog for 200 seconds at Sat Oct 27 02:35:37 UTC 2018
2 ms. Memory: 642048K Free: 617862K (96%)
ptolemy.util.test.WatchDog.cancel(): canceling Sat Oct 27 02:35:37 UTC 2018
auto.tcl: Setting watchdog for 200 seconds at Sat Oct 27 02:35:37 UTC 2018
1 ms. Memory: 642048K Free: 617862K (96%)
ptolemy.util.test.WatchDog.cancel(): canceling Sat Oct 27 02:35:37 UTC 2018
------------------ testing $PTII/ptolemy/domains/de/test/auto/deInCt.xml
auto.tcl: Setting watchdog for 200 seconds at Sat Oct 27 02:35:37 UTC 2018
0
1
1
1
1
1
0
0
0
1
1
1
0
0
0
1
1
1
1
1
0
0
0
1
1
1
0
0
0
0
5 ms. Memory: 639488K Free: 615291K (96%)
ptolemy.util.test.WatchDog.cancel(): canceling Sat Oct 27 02:35:37 UTC 2018
auto.tcl: Setting watchdog for 200 seconds at Sat Oct 27 02:35:37 UTC 2018
0
1
1
1
1
0
0
0
0
1
1
1
0
0
0
1
1
1
1
1
0
0
0
1
1
1
0
0
0
1
1
1
0
0
0
0
7 ms. Memory: 639488K Free: 615291K (96%)
ptolemy.util.test.WatchDog.cancel(): canceling Sat Oct 27 02:35:37 UTC 2018
------------------ testing $PTII/ptolemy/domains/de/test/auto/deInCt2.xml
auto.tcl: Setting watchdog for 200 seconds at Sat Oct 27 02:35:37 UTC 2018
0
1
1
1
0
0
1
1
1
0
0
1
1
1
0
0
1
1
1
0
0
1
1
1
0
0
1
1
1
0
0
1
1
1
0
0
1
1
1
0
0
0
13 ms. Memory: 642048K Free: 617851K (96%)
ptolemy.util.test.WatchDog.cancel(): canceling Sat Oct 27 02:35:37 UTC 2018
auto.tcl: Setting watchdog for 200 seconds at Sat Oct 27 02:35:37 UTC 2018
0
1
1
1
0
0
1
1
1
0
0
1
1
1
0
0
1
1
1
0
0
1
1
1
0
0
1
1
1
0
0
1
1
1
0
0
1
1
1
0
0
0
11 ms. Memory: 642048K Free: 617851K (96%)
ptolemy.util.test.WatchDog.cancel(): canceling Sat Oct 27 02:35:37 UTC 2018
------------------ testing $PTII/ptolemy/domains/de/test/auto/dynamicCausalityInterface1.xml
auto.tcl: Setting watchdog for 200 seconds at Sat Oct 27 02:35:37 UTC 2018
2 ms. Memory: 639488K Free: 612503K (96%)
ptolemy.util.test.WatchDog.cancel(): canceling Sat Oct 27 02:35:37 UTC 2018
auto.tcl: Setting watchdog for 200 seconds at Sat Oct 27 02:35:37 UTC 2018
1 ms. Memory: 639488K Free: 612503K (96%)
ptolemy.util.test.WatchDog.cancel(): canceling Sat Oct 27 02:35:37 UTC 2018
------------------ testing $PTII/ptolemy/domains/de/test/auto/fsm_de_test.xml
auto.tcl: Setting watchdog for 200 seconds at Sat Oct 27 02:35:37 UTC 2018
10 ms. Memory: 641536K Free: 617238K (96%)
ptolemy.util.test.WatchDog.cancel(): canceling Sat Oct 27 02:35:37 UTC 2018
auto.tcl: Setting watchdog for 200 seconds at Sat Oct 27 02:35:37 UTC 2018
4 ms. Memory: 641536K Free: 608865K (95%)
ptolemy.util.test.WatchDog.cancel(): canceling Sat Oct 27 02:35:37 UTC 2018
------------------ testing $PTII/ptolemy/domains/de/test/auto/functionDependencyReconstruction.xml
auto.tcl: Setting watchdog for 200 seconds at Sat Oct 27 02:35:37 UTC 2018
3 ms. Memory: 639488K Free: 606808K (95%)
ptolemy.util.test.WatchDog.cancel(): canceling Sat Oct 27 02:35:37 UTC 2018
auto.tcl: Setting watchdog for 200 seconds at Sat Oct 27 02:35:37 UTC 2018
3 ms. Memory: 639488K Free: 598451K (94%)
ptolemy.util.test.WatchDog.cancel(): canceling Sat Oct 27 02:35:37 UTC 2018
------------------ testing $PTII/ptolemy/domains/de/test/auto/multirate.xml
auto.tcl: Setting watchdog for 200 seconds at Sat Oct 27 02:35:37 UTC 2018
7 ms. Memory: 641536K Free: 617105K (96%)
ptolemy.util.test.WatchDog.cancel(): canceling Sat Oct 27 02:35:38 UTC 2018
auto.tcl: Setting watchdog for 200 seconds at Sat Oct 27 02:35:38 UTC 2018
3 ms. Memory: 641536K Free: 617105K (96%)
ptolemy.util.test.WatchDog.cancel(): canceling Sat Oct 27 02:35:38 UTC 2018
------------------ testing $PTII/ptolemy/domains/de/test/auto/multirate2.xml
auto.tcl: Setting watchdog for 200 seconds at Sat Oct 27 02:35:38 UTC 2018
3 ms. Memory: 639488K Free: 615237K (96%)
ptolemy.util.test.WatchDog.cancel(): canceling Sat Oct 27 02:35:38 UTC 2018
auto.tcl: Setting watchdog for 200 seconds at Sat Oct 27 02:35:38 UTC 2018
2 ms. Memory: 639488K Free: 615237K (96%)
ptolemy.util.test.WatchDog.cancel(): canceling Sat Oct 27 02:35:38 UTC 2018
------------------ testing $PTII/ptolemy/domains/de/test/auto/realtime.xml
auto.tcl: Setting watchdog for 200 seconds at Sat Oct 27 02:35:38 UTC 2018
10001 ms. Memory: 641024K Free: 616771K (96%)
ptolemy.util.test.WatchDog.cancel(): canceling Sat Oct 27 02:35:48 UTC 2018
auto.tcl: Setting watchdog for 200 seconds at Sat Oct 27 02:35:48 UTC 2018
10001 ms. Memory: 641024K Free: 616771K (96%)
ptolemy.util.test.WatchDog.cancel(): canceling Sat Oct 27 02:35:58 UTC 2018
------------------ testing $PTII/ptolemy/domains/de/test/auto/relationGroup.xml
auto.tcl: Setting watchdog for 200 seconds at Sat Oct 27 02:35:58 UTC 2018
1 ms. Memory: 639488K Free: 620851K (97%)
ptolemy.util.test.WatchDog.cancel(): canceling Sat Oct 27 02:35:58 UTC 2018
auto.tcl: Setting watchdog for 200 seconds at Sat Oct 27 02:35:58 UTC 2018
2 ms. Memory: 639488K Free: 620851K (97%)
ptolemy.util.test.WatchDog.cancel(): canceling Sat Oct 27 02:35:58 UTC 2018
------------------ testing $PTII/ptolemy/domains/de/test/auto/relationGroup2.xml
auto.tcl: Setting watchdog for 200 seconds at Sat Oct 27 02:35:58 UTC 2018
1 ms. Memory: 641024K Free: 616832K (96%)
ptolemy.util.test.WatchDog.cancel(): canceling Sat Oct 27 02:35:58 UTC 2018
auto.tcl: Setting watchdog for 200 seconds at Sat Oct 27 02:35:58 UTC 2018
1 ms. Memory: 641024K Free: 616832K (96%)
ptolemy.util.test.WatchDog.cancel(): canceling Sat Oct 27 02:35:58 UTC 2018
------------------ testing $PTII/ptolemy/domains/de/test/auto/sortWithOpaquePorts.xml
auto.tcl: Setting watchdog for 200 seconds at Sat Oct 27 02:35:58 UTC 2018
1 ms. Memory: 639488K Free: 615297K (96%)
ptolemy.util.test.WatchDog.cancel(): canceling Sat Oct 27 02:35:58 UTC 2018
auto.tcl: Setting watchdog for 200 seconds at Sat Oct 27 02:35:58 UTC 2018
2 ms. Memory: 639488K Free: 615297K (96%)
ptolemy.util.test.WatchDog.cancel(): canceling Sat Oct 27 02:35:58 UTC 2018
------------------ testing $PTII/ptolemy/domains/de/test/auto/transferInputsandOutputs.xml
auto.tcl: Setting watchdog for 200 seconds at Sat Oct 27 02:35:58 UTC 2018
4 ms. Memory: 640512K Free: 616309K (96%)
ptolemy.util.test.WatchDog.cancel(): canceling Sat Oct 27 02:35:58 UTC 2018
auto.tcl: Setting watchdog for 200 seconds at Sat Oct 27 02:35:58 UTC 2018
3 ms. Memory: 640512K Free: 616309K (96%)
ptolemy.util.test.WatchDog.cancel(): canceling Sat Oct 27 02:35:58 UTC 2018
------------------ testing $PTII/ptolemy/domains/de/test/auto/triggerType.xml
auto.tcl: Setting watchdog for 200 seconds at Sat Oct 27 02:35:58 UTC 2018
1 ms. Memory: 639488K Free: 615233K (96%)
ptolemy.util.test.WatchDog.cancel(): canceling Sat Oct 27 02:35:58 UTC 2018
auto.tcl: Setting watchdog for 200 seconds at Sat Oct 27 02:35:58 UTC 2018
1 ms. Memory: 639488K Free: 615233K (96%)
ptolemy.util.test.WatchDog.cancel(): canceling Sat Oct 27 02:35:58 UTC 2018
10/27/18 02:35:58
Failed: 0  Total Tests: 192  ((Passed: 187, Newly Passed: 1)  Known Failed: 5) /home/travis/build/icyphy/ptII/ptolemy/domains/de/test
10/27/18 02:35:58
Failed: 0  Total Tests: 192  ((Passed: 187, Newly Passed: 1)  Known Failed: 5) /home/travis/build/icyphy/ptII/ptolemy/domains/de/test
----------------- testing (KnownFailure) /home/travis/build/icyphy/ptII/ptolemy/domains/de/test/auto/knownFailedTests/DESDFClockTest.xml
2011 ms. Memory: 640512K Free: 605141K (94%)
Known Failure: java.lang.reflect.InvocationTargetException
----------------- testing (KnownFailure) /home/travis/build/icyphy/ptII/ptolemy/domains/de/test/auto/knownFailedTests/DirectFeedback.xml
1 ms. Memory: 640512K Free: 560494K (88%)
Known Failure: java.lang.reflect.InvocationTargetException
----------------- testing (KnownFailure) /home/travis/build/icyphy/ptII/ptolemy/domains/de/test/auto/knownFailedTests/FSMSource.xml
15 ms. Memory: 640512K Free: 515848K (81%)
----------------- testing (KnownFailure) /home/travis/build/icyphy/ptII/ptolemy/domains/de/test/auto/knownFailedTests/HierarchicalModel.xml
3 ms. Memory: 640512K Free: 482347K (75%)
Known Failure: java.lang.reflect.InvocationTargetException
----------------- testing (KnownFailure) /home/travis/build/icyphy/ptII/ptolemy/domains/de/test/auto/knownFailedTests/dependencyLoop.xml
1 ms. Memory: 640512K Free: 426523K (67%)
Known Failure: java.lang.reflect.InvocationTargetException
----------------- testing (KnownFailure) /home/travis/build/icyphy/ptII/ptolemy/domains/de/test/auto/knownFailedTests/dependencyLoop2.xml
2 ms. Memory: 640512K Free: 370698K (58%)
Known Failure: java.lang.reflect.InvocationTargetException
No auto/linux-amd64/*.xml tests in /home/travis/build/icyphy/ptII/ptolemy/domains/de/test
AutoTests.java: About to close Vertx.
AutoTests.java: Vertx closed.

===========================================================================================
----------------- testing Sat Oct 27 02:36:00 UTC 2018 /home/travis/build/icyphy/ptII/ptolemy/domains/de/test/auto/ActorDepthCalculation_actorWithoutPorts.xml
----------------- Instantiating /home/travis/build/icyphy/ptII/ptolemy/domains/de/test/auto/ActorDepthCalculation_actorWithoutPorts.xml
2 ms. Memory: 640512K Free: 314890K (49%)
----------------- Invoking toplevel() on ptolemy.moml.MoMLSimpleApplication@1ea5c58c
----------------- Done invoking toplevel() on ptolemy.moml.MoMLSimpleApplication@1ea5c58c
reloadAllAccessors: .ActorDepthCalculation_actorWithoutPorts

===========================================================================================
----------------- testing Sat Oct 27 02:36:00 UTC 2018 /home/travis/build/icyphy/ptII/ptolemy/domains/de/test/auto/AssemblyLine.xml
----------------- Instantiating /home/travis/build/icyphy/ptII/ptolemy/domains/de/test/auto/AssemblyLine.xml
2 ms. Memory: 640512K Free: 292567K (46%)
----------------- Invoking toplevel() on ptolemy.moml.MoMLSimpleApplication@4001b0df
----------------- Done invoking toplevel() on ptolemy.moml.MoMLSimpleApplication@4001b0df
reloadAllAccessors: .AssemblyLine

===========================================================================================
----------------- testing Sat Oct 27 02:36:00 UTC 2018 /home/travis/build/icyphy/ptII/ptolemy/domains/de/test/auto/CQBug1.xml
----------------- Instantiating /home/travis/build/icyphy/ptII/ptolemy/domains/de/test/auto/CQBug1.xml
1 ms. Memory: 640512K Free: 270244K (42%)
----------------- Invoking toplevel() on ptolemy.moml.MoMLSimpleApplication@31b077d2
----------------- Done invoking toplevel() on ptolemy.moml.MoMLSimpleApplication@31b077d2
reloadAllAccessors: .CQBug1

===========================================================================================
----------------- testing Sat Oct 27 02:36:00 UTC 2018 /home/travis/build/icyphy/ptII/ptolemy/domains/de/test/auto/CancelFireAt.xml
----------------- Instantiating /home/travis/build/icyphy/ptII/ptolemy/domains/de/test/auto/CancelFireAt.xml
1 ms. Memory: 640512K Free: 247920K (39%)
----------------- Invoking toplevel() on ptolemy.moml.MoMLSimpleApplication@1db57dfc
----------------- Done invoking toplevel() on ptolemy.moml.MoMLSimpleApplication@1db57dfc
reloadAllAccessors: .CancelFireAt

===========================================================================================
----------------- testing Sat Oct 27 02:36:00 UTC 2018 /home/travis/build/icyphy/ptII/ptolemy/domains/de/test/auto/CausalityAndComposabilityAnalysis.xml
----------------- Instantiating /home/travis/build/icyphy/ptII/ptolemy/domains/de/test/auto/CausalityAndComposabilityAnalysis.xml
2 ms. Memory: 640512K Free: 225597K (35%)
----------------- Invoking toplevel() on ptolemy.moml.MoMLSimpleApplication@507f00e1
----------------- Done invoking toplevel() on ptolemy.moml.MoMLSimpleApplication@507f00e1
reloadAllAccessors: .CausalityAndComposabilityAnalysis

===========================================================================================
----------------- testing Sat Oct 27 02:36:00 UTC 2018 /home/travis/build/icyphy/ptII/ptolemy/domains/de/test/auto/CausalityInterface1.xml
----------------- Instantiating /home/travis/build/icyphy/ptII/ptolemy/domains/de/test/auto/CausalityInterface1.xml
4 ms. Memory: 640512K Free: 203274K (32%)
----------------- Invoking toplevel() on ptolemy.moml.MoMLSimpleApplication@749f1ee6
----------------- Done invoking toplevel() on ptolemy.moml.MoMLSimpleApplication@749f1ee6
reloadAllAccessors: .CausalityInterface1

===========================================================================================
----------------- testing Sat Oct 27 02:36:00 UTC 2018 /home/travis/build/icyphy/ptII/ptolemy/domains/de/test/auto/CausalityInterface15.xml
----------------- Instantiating /home/travis/build/icyphy/ptII/ptolemy/domains/de/test/auto/CausalityInterface15.xml
1 ms. Memory: 640512K Free: 180951K (28%)
----------------- Invoking toplevel() on ptolemy.moml.MoMLSimpleApplication@3947668f
----------------- Done invoking toplevel() on ptolemy.moml.MoMLSimpleApplication@3947668f
reloadAllAccessors: .CausalityInterface15

[...]
java.lang.RuntimeException: Execution failed
	at ptolemy.moml.MoMLSimpleApplication$UnloadThread.run(MoMLSimpleApplication.java:402)
Caused by: ptolemy.kernel.util.IllegalActionException: Test fails in iteration 1.
Value was: 1.0. Should have been: 2.0
  in .DirectFeedback.Test
	at ptolemy.actor.lib.Test.fire(Test.java:268)
	at ptolemy.domains.de.kernel.DEDirector._fire(DEDirector.java:1949)
	at ptolemy.domains.de.kernel.DEDirector.fire(DEDirector.java:502)
	at ptolemy.actor.CompositeActor.fire(CompositeActor.java:455)
	at ptolemy.actor.Manager.iterate(Manager.java:851)
	at ptolemy.actor.Manager.execute(Manager.java:369)
	at ptolemy.actor.Manager.run(Manager.java:1263)
	at ptolemy.actor.Manager$PtolemyRunThread.run(Manager.java:1915)
java.lang.RuntimeException: Execution failed
	at ptolemy.moml.MoMLSimpleApplication$UnloadThread.run(MoMLSimpleApplication.java:402)
Caused by: ptolemy.kernel.util.IllegalActionException: Actor is not ready to fire.  Perhaps UpSample.prefire() returned false? Try debugging the actor by selecting "Listen to Actor".  Also, for SDF check moml for tokenConsumptionRate on input.
  in .DESDFClockTest.Play Bell.Copy1:SDF Director and .DESDFClockTest.Play Bell.UpSample
	at ptolemy.actor.sched.StaticSchedulingDirector.fire(StaticSchedulingDirector.java:227)
	at ptolemy.domains.sdf.kernel.SDFDirector.fire(SDFDirector.java:500)
	at ptolemy.actor.CompositeActor.fire(CompositeActor.java:455)
	at ptolemy.domains.de.kernel.DEDirector._fire(DEDirector.java:1949)
	at ptolemy.domains.de.kernel.DEDirector.fire(DEDirector.java:502)
	at ptolemy.actor.CompositeActor.fire(CompositeActor.java:455)
	at ptolemy.actor.Manager.iterate(Manager.java:851)
	at ptolemy.actor.Manager.execute(Manager.java:369)
	at ptolemy.actor.Manager.run(Manager.java:1263)
	at ptolemy.actor.Manager$PtolemyRunThread.run(Manager.java:1915)
java.lang.reflect.InvocationTargetException
	at sun.reflect.NativeConstructorAccessorImpl.newInstance0(Native Method)
	at sun.reflect.NativeConstructorAccessorImpl.newInstance(NativeConstructorAccessorImpl.java:62)
	at sun.reflect.DelegatingConstructorAccessorImpl.newInstance(DelegatingConstructorAccessorImpl.java:45)
	at java.lang.reflect.Constructor.newInstance(Constructor.java:423)
	at ptolemy.util.test.junit.AutoKnownFailedTests.RunModel(AutoKnownFailedTests.java:105)
	at sun.reflect.NativeMethodAccessorImpl.invoke0(Native Method)
	at sun.reflect.NativeMethodAccessorImpl.invoke(NativeMethodAccessorImpl.java:62)
	at sun.reflect.DelegatingMethodAccessorImpl.invoke(DelegatingMethodAccessorImpl.java:43)
	at java.lang.reflect.Method.invoke(Method.java:498)
	at org.junit.runners.model.FrameworkMethod$1.runReflectiveCall(FrameworkMethod.java:44)
	at org.junit.internal.runners.model.ReflectiveCallable.run(ReflectiveCallable.java:15)
	at org.junit.runners.model.FrameworkMethod.invokeExplosively(FrameworkMethod.java:41)
	at junitparams.internal.InvokeParameterisedMethod.evaluate(InvokeParameterisedMethod.java:102)
	at org.junit.internal.runners.statements.FailOnTimeout$1.run(FailOnTimeout.java:28)
Caused by: ptolemy.kernel.util.IllegalActionException: Actor is not ready to fire.  Perhaps UpSample.prefire() returned false? Try debugging the actor by selecting "Listen to Actor".  Also, for SDF check moml for tokenConsumptionRate on input.
  in .DESDFClockTest.Play Bell.Copy1:SDF Director and .DESDFClockTest.Play Bell.UpSample
	at ptolemy.actor.sched.StaticSchedulingDirector.fire(StaticSchedulingDirector.java:227)
	at ptolemy.domains.sdf.kernel.SDFDirector.fire(SDFDirector.java:500)
	at ptolemy.actor.CompositeActor.fire(CompositeActor.java:455)
	at ptolemy.domains.de.kernel.DEDirector._fire(DEDirector.java:1949)
	at ptolemy.domains.de.kernel.DEDirector.fire(DEDirector.java:502)
	at ptolemy.actor.CompositeActor.fire(CompositeActor.java:455)
	at ptolemy.actor.Manager.iterate(Manager.java:851)
	at ptolemy.actor.Manager.execute(Manager.java:369)
	at ptolemy.actor.Manager.run(Manager.java:1263)
	at ptolemy.actor.Manager$PtolemyRunThread.run(Manager.java:1915)
java.lang.RuntimeException: Execution failed
	at ptolemy.moml.MoMLSimpleApplication$UnloadThread.run(MoMLSimpleApplication.java:402)
Caused by: ptolemy.kernel.util.IllegalActionException: Test fails in iteration 1.
Value was: 1.0. Should have been: 2.0
  in .DirectFeedback.Test
	at ptolemy.actor.lib.Test.fire(Test.java:268)
	at ptolemy.domains.de.kernel.DEDirector._fire(DEDirector.java:1949)
	at ptolemy.domains.de.kernel.DEDirector.fire(DEDirector.java:502)
	at ptolemy.actor.CompositeActor.fire(CompositeActor.java:455)
	at ptolemy.actor.Manager.iterate(Manager.java:851)
	at ptolemy.actor.Manager.execute(Manager.java:369)
	at ptolemy.actor.Manager.run(Manager.java:1263)
	at ptolemy.actor.Manager$PtolemyRunThread.run(Manager.java:1915)
java.lang.reflect.InvocationTargetException
	at sun.reflect.NativeConstructorAccessorImpl.newInstance0(Native Method)
	at sun.reflect.NativeConstructorAccessorImpl.newInstance(NativeConstructorAccessorImpl.java:62)
	at sun.reflect.DelegatingConstructorAccessorImpl.newInstance(DelegatingConstructorAccessorImpl.java:45)
	at java.lang.reflect.Constructor.newInstance(Constructor.java:423)
	at ptolemy.util.test.junit.AutoKnownFailedTests.RunModel(AutoKnownFailedTests.java:105)
	at sun.reflect.NativeMethodAccessorImpl.invoke0(Native Method)
	at sun.reflect.NativeMethodAccessorImpl.invoke(NativeMethodAccessorImpl.java:62)
	at sun.reflect.DelegatingMethodAccessorImpl.invoke(DelegatingMethodAccessorImpl.java:43)
	at java.lang.reflect.Method.invoke(Method.java:498)
	at org.junit.runners.model.FrameworkMethod$1.runReflectiveCall(FrameworkMethod.java:44)
	at org.junit.internal.runners.model.ReflectiveCallable.run(ReflectiveCallable.java:15)
	at org.junit.runners.model.FrameworkMethod.invokeExplosively(FrameworkMethod.java:41)
	at junitparams.internal.InvokeParameterisedMethod.evaluate(InvokeParameterisedMethod.java:102)
	at org.junit.internal.runners.statements.FailOnTimeout$1.run(FailOnTimeout.java:28)
Caused by: ptolemy.kernel.util.IllegalActionException: Test fails in iteration 1.
Value was: 1.0. Should have been: 2.0
  in .DirectFeedback.Test
	at ptolemy.actor.lib.Test.fire(Test.java:268)
	at ptolemy.domains.de.kernel.DEDirector._fire(DEDirector.java:1949)
	at ptolemy.domains.de.kernel.DEDirector.fire(DEDirector.java:502)
	at ptolemy.actor.CompositeActor.fire(CompositeActor.java:455)
	at ptolemy.actor.Manager.iterate(Manager.java:851)
	at ptolemy.actor.Manager.execute(Manager.java:369)
	at ptolemy.actor.Manager.run(Manager.java:1263)
	at ptolemy.actor.Manager$PtolemyRunThread.run(Manager.java:1915)
java.lang.RuntimeException: Execution failed
	at ptolemy.moml.MoMLSimpleApplication$UnloadThread.run(MoMLSimpleApplication.java:402)
Caused by: ptolemy.kernel.util.IllegalActionException: Found a zero delay loop containing .HierarchicalModel.A
  in .HierarchicalModel and .HierarchicalModel.A
	at ptolemy.actor.util.CausalityInterfaceForComposites._computeOutputPortDepth(CausalityInterfaceForComposites.java:759)
	at ptolemy.actor.util.CausalityInterfaceForComposites._computeInputDepth(CausalityInterfaceForComposites.java:696)
	at ptolemy.actor.util.CausalityInterfaceForComposites._computeOutputPortDepth(CausalityInterfaceForComposites.java:765)
	at ptolemy.actor.util.CausalityInterfaceForComposites._computeInputDepth(CausalityInterfaceForComposites.java:696)
	at ptolemy.actor.util.CausalityInterfaceForComposites._computeOutputPortDepth(CausalityInterfaceForComposites.java:765)
	at ptolemy.actor.util.CausalityInterfaceForComposites._computeInputDepth(CausalityInterfaceForComposites.java:696)
	at ptolemy.actor.util.CausalityInterfaceForComposites._computeActorDepth(CausalityInterfaceForComposites.java:532)
	at ptolemy.actor.util.CausalityInterfaceForComposites.checkForCycles(CausalityInterfaceForComposites.java:96)
	at ptolemy.domains.de.kernel.DEDirector.preinitialize(DEDirector.java:1338)
	at ptolemy.actor.CompositeActor.preinitialize(CompositeActor.java:1828)
	at ptolemy.actor.Manager.preinitializeAndResolveTypes(Manager.java:1040)
	at ptolemy.actor.Manager.initialize(Manager.java:710)
	at ptolemy.actor.Manager.execute(Manager.java:356)
	at ptolemy.actor.Manager.run(Manager.java:1263)
	at ptolemy.actor.Manager$PtolemyRunThread.run(Manager.java:1915)
java.lang.reflect.InvocationTargetException
	at sun.reflect.NativeConstructorAccessorImpl.newInstance0(Native Method)
	at sun.reflect.NativeConstructorAccessorImpl.newInstance(NativeConstructorAccessorImpl.java:62)
	at sun.reflect.DelegatingConstructorAccessorImpl.newInstance(DelegatingConstructorAccessorImpl.java:45)
	at java.lang.reflect.Constructor.newInstance(Constructor.java:423)
	at ptolemy.util.test.junit.AutoKnownFailedTests.RunModel(AutoKnownFailedTests.java:105)
	at sun.reflect.NativeMethodAccessorImpl.invoke0(Native Method)
	at sun.reflect.NativeMethodAccessorImpl.invoke(NativeMethodAccessorImpl.java:62)
	at sun.reflect.DelegatingMethodAccessorImpl.invoke(DelegatingMethodAccessorImpl.java:43)
	at java.lang.reflect.Method.invoke(Method.java:498)
	at org.junit.runners.model.FrameworkMethod$1.runReflectiveCall(FrameworkMethod.java:44)
	at org.junit.internal.runners.model.ReflectiveCallable.run(ReflectiveCallable.java:15)
	at org.junit.runners.model.FrameworkMethod.invokeExplosively(FrameworkMethod.java:41)
	at junitparams.internal.InvokeParameterisedMethod.evaluate(InvokeParameterisedMethod.java:102)
	at org.junit.internal.runners.statements.FailOnTimeout$1.run(FailOnTimeout.java:28)
Caused by: ptolemy.kernel.util.IllegalActionException: Found a zero delay loop containing .HierarchicalModel.A
  in .HierarchicalModel and .HierarchicalModel.A
	at ptolemy.actor.util.CausalityInterfaceForComposites._computeOutputPortDepth(CausalityInterfaceForComposites.java:759)
	at ptolemy.actor.util.CausalityInterfaceForComposites._computeInputDepth(CausalityInterfaceForComposites.java:696)
	at ptolemy.actor.util.CausalityInterfaceForComposites._computeOutputPortDepth(CausalityInterfaceForComposites.java:765)
	at ptolemy.actor.util.CausalityInterfaceForComposites._computeInputDepth(CausalityInterfaceForComposites.java:696)
	at ptolemy.actor.util.CausalityInterfaceForComposites._computeOutputPortDepth(CausalityInterfaceForComposites.java:765)
	at ptolemy.actor.util.CausalityInterfaceForComposites._computeInputDepth(CausalityInterfaceForComposites.java:696)
	at ptolemy.actor.util.CausalityInterfaceForComposites._computeActorDepth(CausalityInterfaceForComposites.java:532)
	at ptolemy.actor.util.CausalityInterfaceForComposites.checkForCycles(CausalityInterfaceForComposites.java:96)
	at ptolemy.domains.de.kernel.DEDirector.preinitialize(DEDirector.java:1338)
	at ptolemy.actor.CompositeActor.preinitialize(CompositeActor.java:1828)
	at ptolemy.actor.Manager.preinitializeAndResolveTypes(Manager.java:1040)
	at ptolemy.actor.Manager.initialize(Manager.java:710)
	at ptolemy.actor.Manager.execute(Manager.java:356)
	at ptolemy.actor.Manager.run(Manager.java:1263)
	at ptolemy.actor.Manager$PtolemyRunThread.run(Manager.java:1915)
java.lang.RuntimeException: Execution failed
	at ptolemy.moml.MoMLSimpleApplication$UnloadThread.run(MoMLSimpleApplication.java:402)
Caused by: ptolemy.kernel.util.IllegalActionException: Found a zero delay loop containing .dependencyLoop.original
  in .dependencyLoop and .dependencyLoop.original
	at ptolemy.actor.util.CausalityInterfaceForComposites._computeOutputPortDepth(CausalityInterfaceForComposites.java:759)
	at ptolemy.actor.util.CausalityInterfaceForComposites._computeInputDepth(CausalityInterfaceForComposites.java:696)
	at ptolemy.actor.util.CausalityInterfaceForComposites._computeOutputPortDepth(CausalityInterfaceForComposites.java:765)
	at ptolemy.actor.util.CausalityInterfaceForComposites._computeInputDepth(CausalityInterfaceForComposites.java:696)
	at ptolemy.actor.util.CausalityInterfaceForComposites._computeOutputPortDepth(CausalityInterfaceForComposites.java:765)
	at ptolemy.actor.util.CausalityInterfaceForComposites._computeInputDepth(CausalityInterfaceForComposites.java:696)
	at ptolemy.actor.util.CausalityInterfaceForComposites._computeActorDepth(CausalityInterfaceForComposites.java:532)
	at ptolemy.actor.util.CausalityInterfaceForComposites.checkForCycles(CausalityInterfaceForComposites.java:96)
	at ptolemy.domains.de.kernel.DEDirector.preinitialize(DEDirector.java:1338)
	at ptolemy.actor.CompositeActor.preinitialize(CompositeActor.java:1828)
	at ptolemy.actor.Manager.preinitializeAndResolveTypes(Manager.java:1040)
	at ptolemy.actor.Manager.initialize(Manager.java:710)
	at ptolemy.actor.Manager.execute(Manager.java:356)
	at ptolemy.actor.Manager.run(Manager.java:1263)
	at ptolemy.actor.Manager$PtolemyRunThread.run(Manager.java:1915)
java.lang.reflect.InvocationTargetException
	at sun.reflect.NativeConstructorAccessorImpl.newInstance0(Native Method)
	at sun.reflect.NativeConstructorAccessorImpl.newInstance(NativeConstructorAccessorImpl.java:62)
	at sun.reflect.DelegatingConstructorAccessorImpl.newInstance(DelegatingConstructorAccessorImpl.java:45)
	at java.lang.reflect.Constructor.newInstance(Constructor.java:423)
	at ptolemy.util.test.junit.AutoKnownFailedTests.RunModel(AutoKnownFailedTests.java:105)
	at sun.reflect.NativeMethodAccessorImpl.invoke0(Native Method)
	at sun.reflect.NativeMethodAccessorImpl.invoke(NativeMethodAccessorImpl.java:62)
	at sun.reflect.DelegatingMethodAccessorImpl.invoke(DelegatingMethodAccessorImpl.java:43)
	at java.lang.reflect.Method.invoke(Method.java:498)
	at org.junit.runners.model.FrameworkMethod$1.runReflectiveCall(FrameworkMethod.java:44)
	at org.junit.internal.runners.model.ReflectiveCallable.run(ReflectiveCallable.java:15)
	at org.junit.runners.model.FrameworkMethod.invokeExplosively(FrameworkMethod.java:41)
	at junitparams.internal.InvokeParameterisedMethod.evaluate(InvokeParameterisedMethod.java:102)
	at org.junit.internal.runners.statements.FailOnTimeout$1.run(FailOnTimeout.java:28)
Caused by: ptolemy.kernel.util.IllegalActionException: Found a zero delay loop containing .dependencyLoop.original
  in .dependencyLoop and .dependencyLoop.original
	at ptolemy.actor.util.CausalityInterfaceForComposites._computeOutputPortDepth(CausalityInterfaceForComposites.java:759)
	at ptolemy.actor.util.CausalityInterfaceForComposites._computeInputDepth(CausalityInterfaceForComposites.java:696)
	at ptolemy.actor.util.CausalityInterfaceForComposites._computeOutputPortDepth(CausalityInterfaceForComposites.java:765)
	at ptolemy.actor.util.CausalityInterfaceForComposites._computeInputDepth(CausalityInterfaceForComposites.java:696)
	at ptolemy.actor.util.CausalityInterfaceForComposites._computeOutputPortDepth(CausalityInterfaceForComposites.java:765)
	at ptolemy.actor.util.CausalityInterfaceForComposites._computeInputDepth(CausalityInterfaceForComposites.java:696)
	at ptolemy.actor.util.CausalityInterfaceForComposites._computeActorDepth(CausalityInterfaceForComposites.java:532)
	at ptolemy.actor.util.CausalityInterfaceForComposites.checkForCycles(CausalityInterfaceForComposites.java:96)
	at ptolemy.domains.de.kernel.DEDirector.preinitialize(DEDirector.java:1338)
	at ptolemy.actor.CompositeActor.preinitialize(CompositeActor.java:1828)
	at ptolemy.actor.Manager.preinitializeAndResolveTypes(Manager.java:1040)
	at ptolemy.actor.Manager.initialize(Manager.java:710)
	at ptolemy.actor.Manager.execute(Manager.java:356)
	at ptolemy.actor.Manager.run(Manager.java:1263)
	at ptolemy.actor.Manager$PtolemyRunThread.run(Manager.java:1915)
java.lang.RuntimeException: Execution failed
	at ptolemy.moml.MoMLSimpleApplication$UnloadThread.run(MoMLSimpleApplication.java:402)
Caused by: ptolemy.kernel.util.IllegalActionException: Found a zero delay loop containing .dependencyLoop2.original
  in .dependencyLoop2 and .dependencyLoop2.original
	at ptolemy.actor.util.CausalityInterfaceForComposites._computeOutputPortDepth(CausalityInterfaceForComposites.java:759)
	at ptolemy.actor.util.CausalityInterfaceForComposites._computeInputDepth(CausalityInterfaceForComposites.java:696)
	at ptolemy.actor.util.CausalityInterfaceForComposites._computeOutputPortDepth(CausalityInterfaceForComposites.java:765)
	at ptolemy.actor.util.CausalityInterfaceForComposites._computeInputDepth(CausalityInterfaceForComposites.java:696)
	at ptolemy.actor.util.CausalityInterfaceForComposites._computeOutputPortDepth(CausalityInterfaceForComposites.java:765)
	at ptolemy.actor.util.CausalityInterfaceForComposites._computeInputDepth(CausalityInterfaceForComposites.java:696)
	at ptolemy.actor.util.CausalityInterfaceForComposites._computeActorDepth(CausalityInterfaceForComposites.java:532)
	at ptolemy.actor.util.CausalityInterfaceForComposites.checkForCycles(CausalityInterfaceForComposites.java:96)
	at ptolemy.domains.de.kernel.DEDirector.preinitialize(DEDirector.java:1338)
	at ptolemy.actor.CompositeActor.preinitialize(CompositeActor.java:1828)
	at ptolemy.actor.Manager.preinitializeAndResolveTypes(Manager.java:1040)
	at ptolemy.actor.Manager.initialize(Manager.java:710)
	at ptolemy.actor.Manager.execute(Manager.java:356)
	at ptolemy.actor.Manager.run(Manager.java:1263)
	at ptolemy.actor.Manager$PtolemyRunThread.run(Manager.java:1915)
java.lang.reflect.InvocationTargetException
	at sun.reflect.NativeConstructorAccessorImpl.newInstance0(Native Method)
	at sun.reflect.NativeConstructorAccessorImpl.newInstance(NativeConstructorAccessorImpl.java:62)
	at sun.reflect.DelegatingConstructorAccessorImpl.newInstance(DelegatingConstructorAccessorImpl.java:45)
	at java.lang.reflect.Constructor.newInstance(Constructor.java:423)
	at ptolemy.util.test.junit.AutoKnownFailedTests.RunModel(AutoKnownFailedTests.java:105)
	at sun.reflect.NativeMethodAccessorImpl.invoke0(Native Method)
	at sun.reflect.NativeMethodAccessorImpl.invoke(NativeMethodAccessorImpl.java:62)
	at sun.reflect.DelegatingMethodAccessorImpl.invoke(DelegatingMethodAccessorImpl.java:43)
	at java.lang.reflect.Method.invoke(Method.java:498)
	at org.junit.runners.model.FrameworkMethod$1.runReflectiveCall(FrameworkMethod.java:44)
	at org.junit.internal.runners.model.ReflectiveCallable.run(ReflectiveCallable.java:15)
	at org.junit.runners.model.FrameworkMethod.invokeExplosively(FrameworkMethod.java:41)
	at junitparams.internal.InvokeParameterisedMethod.evaluate(InvokeParameterisedMethod.java:102)
	at org.junit.internal.runners.statements.FailOnTimeout$1.run(FailOnTimeout.java:28)
Caused by: ptolemy.kernel.util.IllegalActionException: Found a zero delay loop containing .dependencyLoop2.original
  in .dependencyLoop2 and .dependencyLoop2.original
	at ptolemy.actor.util.CausalityInterfaceForComposites._computeOutputPortDepth(CausalityInterfaceForComposites.java:759)
	at ptolemy.actor.util.CausalityInterfaceForComposites._computeInputDepth(CausalityInterfaceForComposites.java:696)
	at ptolemy.actor.util.CausalityInterfaceForComposites._computeOutputPortDepth(CausalityInterfaceForComposites.java:765)
	at ptolemy.actor.util.CausalityInterfaceForComposites._computeInputDepth(CausalityInterfaceForComposites.java:696)
	at ptolemy.actor.util.CausalityInterfaceForComposites._computeOutputPortDepth(CausalityInterfaceForComposites.java:765)
	at ptolemy.actor.util.CausalityInterfaceForComposites._computeInputDepth(CausalityInterfaceForComposites.java:696)
	at ptolemy.actor.util.CausalityInterfaceForComposites._computeActorDepth(CausalityInterfaceForComposites.java:532)
	at ptolemy.actor.util.CausalityInterfaceForComposites.checkForCycles(CausalityInterfaceForComposites.java:96)
	at ptolemy.domains.de.kernel.DEDirector.preinitialize(DEDirector.java:1338)
	at ptolemy.actor.CompositeActor.preinitialize(CompositeActor.java:1828)
	at ptolemy.actor.Manager.preinitializeAndResolveTypes(Manager.java:1040)
	at ptolemy.actor.Manager.initialize(Manager.java:710)
	at ptolemy.actor.Manager.execute(Manager.java:356)
	at ptolemy.actor.Manager.run(Manager.java:1263)
	at ptolemy.actor.Manager$PtolemyRunThread.run(Manager.java:1915)
]]></system-err>
</testsuite>
