<?xml version="1.0" encoding="UTF-8" ?>
<testsuite errors="0" failures="0" hostname="travis-job-97085057-badb-4501-bc7d-34b5094aabfc" name="ptolemy.domains.de.test.junit.JUnitTclTest" skipped="0" tests="101" time="129.722" timestamp="2018-06-18T01:23:13">
  <properties>
[...]
</properties>
  <testcase classname="ptolemy.util.test.junit.TclTests" name="[0] /home/travis/build/icyphy/ptII/ptolemy/domains/de/test/DependencyLoop.tcl (RunTclFile)" time="0.708" />
  <testcase classname="ptolemy.util.test.junit.TclTests" name="[1] /home/travis/build/icyphy/ptII/ptolemy/domains/de/test/RunDETestsAsQSS.tcl (RunTclFile)" time="89.536" />
  <testcase classname="ptolemy.util.test.junit.AutoKnownFailedTests" name="[0] /home/travis/build/icyphy/ptII/ptolemy/domains/de/test/auto/knownFailedTests/DESDFClockTest.xml (RunModel)" time="2.028" />
  <testcase classname="ptolemy.util.test.junit.AutoKnownFailedTests" name="[1] /home/travis/build/icyphy/ptII/ptolemy/domains/de/test/auto/knownFailedTests/DirectFeedback.xml (RunModel)" time="0.006" />
  <testcase classname="ptolemy.util.test.junit.AutoKnownFailedTests" name="[2] /home/travis/build/icyphy/ptII/ptolemy/domains/de/test/auto/knownFailedTests/FSMSource.xml (RunModel)" time="0.012" />
  <testcase classname="ptolemy.util.test.junit.AutoKnownFailedTests" name="[3] /home/travis/build/icyphy/ptII/ptolemy/domains/de/test/auto/knownFailedTests/HierarchicalModel.xml (RunModel)" time="0.026" />
  <testcase classname="ptolemy.util.test.junit.AutoKnownFailedTests" name="[4] /home/travis/build/icyphy/ptII/ptolemy/domains/de/test/auto/knownFailedTests/dependencyLoop.xml (RunModel)" time="0.024" />
  <testcase classname="ptolemy.util.test.junit.AutoKnownFailedTests" name="[5] /home/travis/build/icyphy/ptII/ptolemy/domains/de/test/auto/knownFailedTests/dependencyLoop2.xml (RunModel)" time="0.029" />
  <testcase classname="ptolemy.util.test.junit.AutoNameArchTests" name="[0] ThereAreNoAutoArchTests (RunModel)" time="0.0" />
  <testcase classname="ptolemy.util.test.junit.AutoTests" name="[0] /home/travis/build/icyphy/ptII/ptolemy/domains/de/test/auto/ActorDepthCalculation_actorWithoutPorts.xml (RunModel)" time="0.014" />
  <testcase classname="ptolemy.util.test.junit.AutoTests" name="[1] /home/travis/build/icyphy/ptII/ptolemy/domains/de/test/auto/AssemblyLine.xml (RunModel)" time="0.011" />
  <testcase classname="ptolemy.util.test.junit.AutoTests" name="[2] /home/travis/build/icyphy/ptII/ptolemy/domains/de/test/auto/CQBug1.xml (RunModel)" time="0.009" />
  <testcase classname="ptolemy.util.test.junit.AutoTests" name="[3] /home/travis/build/icyphy/ptII/ptolemy/domains/de/test/auto/CancelFireAt.xml (RunModel)" time="0.006" />
  <testcase classname="ptolemy.util.test.junit.AutoTests" name="[4] /home/travis/build/icyphy/ptII/ptolemy/domains/de/test/auto/CausalityAndComposabilityAnalysis.xml (RunModel)" time="0.008" />
  <testcase classname="ptolemy.util.test.junit.AutoTests" name="[5] /home/travis/build/icyphy/ptII/ptolemy/domains/de/test/auto/CausalityInterface1.xml (RunModel)" time="0.01" />
  <testcase classname="ptolemy.util.test.junit.AutoTests" name="[6] /home/travis/build/icyphy/ptII/ptolemy/domains/de/test/auto/CausalityInterface15.xml (RunModel)" time="0.013" />
  <testcase classname="ptolemy.util.test.junit.AutoTests" name="[7] /home/travis/build/icyphy/ptII/ptolemy/domains/de/test/auto/CausalityInterface2.xml (RunModel)" time="0.01" />
  <testcase classname="ptolemy.util.test.junit.AutoTests" name="[8] /home/travis/build/icyphy/ptII/ptolemy/domains/de/test/auto/CausalityInterface3.xml (RunModel)" time="0.01" />
  <testcase classname="ptolemy.util.test.junit.AutoTests" name="[9] /home/travis/build/icyphy/ptII/ptolemy/domains/de/test/auto/ClockDrift.xml (RunModel)" time="0.032" />
  <testcase classname="ptolemy.util.test.junit.AutoTests" name="[10] /home/travis/build/icyphy/ptII/ptolemy/domains/de/test/auto/ClockDriftAndValueChange.xml (RunModel)" time="0.021" />
  <testcase classname="ptolemy.util.test.junit.AutoTests" name="[11] /home/travis/build/icyphy/ptII/ptolemy/domains/de/test/auto/ClockDriftChange.xml (RunModel)" time="0.021" />
  <testcase classname="ptolemy.util.test.junit.AutoTests" name="[12] /home/travis/build/icyphy/ptII/ptolemy/domains/de/test/auto/ComposableCausalityAnalysis.xml (RunModel)" time="0.013" />
  <testcase classname="ptolemy.util.test.junit.AutoTests" name="[13] /home/travis/build/icyphy/ptII/ptolemy/domains/de/test/auto/DEFixedPointLimitation.xml (RunModel)" time="0.006" />
  <testcase classname="ptolemy.util.test.junit.AutoTests" name="[14] /home/travis/build/icyphy/ptII/ptolemy/domains/de/test/auto/DEScheduleTest.xml (RunModel)" time="0.007" />
  <testcase classname="ptolemy.util.test.junit.AutoTests" name="[15] /home/travis/build/icyphy/ptII/ptolemy/domains/de/test/auto/DEinDEwithStartTimes.xml (RunModel)" time="0.012" />
  <testcase classname="ptolemy.util.test.junit.AutoTests" name="[16] /home/travis/build/icyphy/ptII/ptolemy/domains/de/test/auto/DEinDEwithStartTimes2.xml (RunModel)" time="0.009" />
  <testcase classname="ptolemy.util.test.junit.AutoTests" name="[17] /home/travis/build/icyphy/ptII/ptolemy/domains/de/test/auto/DateDemo.xml (RunModel)" time="0.018" />
  <testcase classname="ptolemy.util.test.junit.AutoTests" name="[18] /home/travis/build/icyphy/ptII/ptolemy/domains/de/test/auto/DateToEvent.xml (RunModel)" time="2.028" />
  <testcase classname="ptolemy.util.test.junit.AutoTests" name="[19] /home/travis/build/icyphy/ptII/ptolemy/domains/de/test/auto/DepthTest1.xml (RunModel)" time="0.006" />
  <testcase classname="ptolemy.util.test.junit.AutoTests" name="[20] /home/travis/build/icyphy/ptII/ptolemy/domains/de/test/auto/DepthTest2.xml (RunModel)" time="0.009" />
  <testcase classname="ptolemy.util.test.junit.AutoTests" name="[21] /home/travis/build/icyphy/ptII/ptolemy/domains/de/test/auto/DepthTest3.xml (RunModel)" time="0.004" />
  <testcase classname="ptolemy.util.test.junit.AutoTests" name="[22] /home/travis/build/icyphy/ptII/ptolemy/domains/de/test/auto/DepthTest4.xml (RunModel)" time="0.008" />
  <testcase classname="ptolemy.util.test.junit.AutoTests" name="[23] /home/travis/build/icyphy/ptII/ptolemy/domains/de/test/auto/DepthTest5.xml (RunModel)" time="0.008" />
  <testcase classname="ptolemy.util.test.junit.AutoTests" name="[24] /home/travis/build/icyphy/ptII/ptolemy/domains/de/test/auto/DepthTest6.xml (RunModel)" time="0.008" />
  <testcase classname="ptolemy.util.test.junit.AutoTests" name="[25] /home/travis/build/icyphy/ptII/ptolemy/domains/de/test/auto/DepthTest7.xml (RunModel)" time="0.007" />
  <testcase classname="ptolemy.util.test.junit.AutoTests" name="[26] /home/travis/build/icyphy/ptII/ptolemy/domains/de/test/auto/EventToDate.xml (RunModel)" time="3.03" />
  <testcase classname="ptolemy.util.test.junit.AutoTests" name="[27] /home/travis/build/icyphy/ptII/ptolemy/domains/de/test/auto/FSM1.xml (RunModel)" time="0.022" />
  <testcase classname="ptolemy.util.test.junit.AutoTests" name="[28] /home/travis/build/icyphy/ptII/ptolemy/domains/de/test/auto/FSM7.xml (RunModel)" time="0.019" />
  <testcase classname="ptolemy.util.test.junit.AutoTests" name="[29] /home/travis/build/icyphy/ptII/ptolemy/domains/de/test/auto/Inspection.xml (RunModel)" time="0.027" />
  <testcase classname="ptolemy.util.test.junit.AutoTests" name="[30] /home/travis/build/icyphy/ptII/ptolemy/domains/de/test/auto/Iteration.xml (RunModel)" time="0.018" />
  <testcase classname="ptolemy.util.test.junit.AutoTests" name="[31] /home/travis/build/icyphy/ptII/ptolemy/domains/de/test/auto/LineFault.xml (RunModel)" time="0.387" />
  <testcase classname="ptolemy.util.test.junit.AutoTests" name="[32] /home/travis/build/icyphy/ptII/ptolemy/domains/de/test/auto/MergeModel1Add.xml (RunModel)" time="0.034" />
  <testcase classname="ptolemy.util.test.junit.AutoTests" name="[33] /home/travis/build/icyphy/ptII/ptolemy/domains/de/test/auto/MergeModel2Add.xml (RunModel)" time="0.026" />
  <testcase classname="ptolemy.util.test.junit.AutoTests" name="[34] /home/travis/build/icyphy/ptII/ptolemy/domains/de/test/auto/MergeModel3Add.xml (RunModel)" time="0.026" />
  <testcase classname="ptolemy.util.test.junit.AutoTests" name="[35] /home/travis/build/icyphy/ptII/ptolemy/domains/de/test/auto/MergeWithoutDiscard.xml (RunModel)" time="0.007" />
  <testcase classname="ptolemy.util.test.junit.AutoTests" name="[36] /home/travis/build/icyphy/ptII/ptolemy/domains/de/test/auto/Modal1.xml (RunModel)" time="0.018" />
  <testcase classname="ptolemy.util.test.junit.AutoTests" name="[37] /home/travis/build/icyphy/ptII/ptolemy/domains/de/test/auto/Modal2.xml (RunModel)" time="0.021" />
  <testcase classname="ptolemy.util.test.junit.AutoTests" name="[38] /home/travis/build/icyphy/ptII/ptolemy/domains/de/test/auto/Modal3.xml (RunModel)" time="0.017" />
  <testcase classname="ptolemy.util.test.junit.AutoTests" name="[39] /home/travis/build/icyphy/ptII/ptolemy/domains/de/test/auto/Modal4.xml (RunModel)" time="0.023" />
  <testcase classname="ptolemy.util.test.junit.AutoTests" name="[40] /home/travis/build/icyphy/ptII/ptolemy/domains/de/test/auto/Modal5.xml (RunModel)" time="0.021" />
  <testcase classname="ptolemy.util.test.junit.AutoTests" name="[41] /home/travis/build/icyphy/ptII/ptolemy/domains/de/test/auto/Modal6.xml (RunModel)" time="0.019" />
  <testcase classname="ptolemy.util.test.junit.AutoTests" name="[42] /home/travis/build/icyphy/ptII/ptolemy/domains/de/test/auto/Modal7.xml (RunModel)" time="0.018" />
  <testcase classname="ptolemy.util.test.junit.AutoTests" name="[43] /home/travis/build/icyphy/ptII/ptolemy/domains/de/test/auto/ModalModel.xml (RunModel)" time="0.131" />
  <testcase classname="ptolemy.util.test.junit.AutoTests" name="[44] /home/travis/build/icyphy/ptII/ptolemy/domains/de/test/auto/ModalSource.xml (RunModel)" time="0.016" />
  <testcase classname="ptolemy.util.test.junit.AutoTests" name="[45] /home/travis/build/icyphy/ptII/ptolemy/domains/de/test/auto/NonInterruptibleTimerZeroDelay.xml (RunModel)" time="0.008" />
  <testcase classname="ptolemy.util.test.junit.AutoTests" name="[46] /home/travis/build/icyphy/ptII/ptolemy/domains/de/test/auto/OpenQueueingNetwork.xml (RunModel)" time="2.138" />
  <testcase classname="ptolemy.util.test.junit.AutoTests" name="[47] /home/travis/build/icyphy/ptII/ptolemy/domains/de/test/auto/OpenQueuingNetwork.xml (RunModel)" time="0.31" />
  <testcase classname="ptolemy.util.test.junit.AutoTests" name="[48] /home/travis/build/icyphy/ptII/ptolemy/domains/de/test/auto/PeriodicSampler.xml (RunModel)" time="0.009" />
  <testcase classname="ptolemy.util.test.junit.AutoTests" name="[49] /home/travis/build/icyphy/ptII/ptolemy/domains/de/test/auto/PersistentIO.xml (RunModel)" time="0.024" />
  <testcase classname="ptolemy.util.test.junit.AutoTests" name="[50] /home/travis/build/icyphy/ptII/ptolemy/domains/de/test/auto/PortParameterResetOnInitialize.xml (RunModel)" time="0.009" />
  <testcase classname="ptolemy.util.test.junit.AutoTests" name="[51] /home/travis/build/icyphy/ptII/ptolemy/domains/de/test/auto/PortParameterUpdates.xml (RunModel)" time="0.014" />
  <testcase classname="ptolemy.util.test.junit.AutoTests" name="[52] /home/travis/build/icyphy/ptII/ptolemy/domains/de/test/auto/QueueAndServer.xml (RunModel)" time="0.022" />
  <testcase classname="ptolemy.util.test.junit.AutoTests" name="[53] /home/travis/build/icyphy/ptII/ptolemy/domains/de/test/auto/Records.xml (RunModel)" time="0.014" />
  <testcase classname="ptolemy.util.test.junit.AutoTests" name="[54] /home/travis/build/icyphy/ptII/ptolemy/domains/de/test/auto/ResetTransitionWithStartTime1.xml (RunModel)" time="0.019" />
  <testcase classname="ptolemy.util.test.junit.AutoTests" name="[55] /home/travis/build/icyphy/ptII/ptolemy/domains/de/test/auto/ResetTransitionWithStartTime2.xml (RunModel)" time="0.019" />
  <testcase classname="ptolemy.util.test.junit.AutoTests" name="[56] /home/travis/build/icyphy/ptII/ptolemy/domains/de/test/auto/ResetTransitionWithStartTime3.xml (RunModel)" time="0.018" />
  <testcase classname="ptolemy.util.test.junit.AutoTests" name="[57] /home/travis/build/icyphy/ptII/ptolemy/domains/de/test/auto/ResetTransitionWithStartTime4.xml (RunModel)" time="0.02" />
  <testcase classname="ptolemy.util.test.junit.AutoTests" name="[58] /home/travis/build/icyphy/ptII/ptolemy/domains/de/test/auto/ResettableTimer1.xml (RunModel)" time="0.011" />
  <testcase classname="ptolemy.util.test.junit.AutoTests" name="[59] /home/travis/build/icyphy/ptII/ptolemy/domains/de/test/auto/ResettableTimer2.xml (RunModel)" time="0.009" />
  <testcase classname="ptolemy.util.test.junit.AutoTests" name="[60] /home/travis/build/icyphy/ptII/ptolemy/domains/de/test/auto/ResettableTimer3.xml (RunModel)" time="0.009" />
  <testcase classname="ptolemy.util.test.junit.AutoTests" name="[61] /home/travis/build/icyphy/ptII/ptolemy/domains/de/test/auto/ResettableTimer4.xml (RunModel)" time="0.009" />
  <testcase classname="ptolemy.util.test.junit.AutoTests" name="[62] /home/travis/build/icyphy/ptII/ptolemy/domains/de/test/auto/ResettableTimer5.xml (RunModel)" time="0.014" />
  <testcase classname="ptolemy.util.test.junit.AutoTests" name="[63] /home/travis/build/icyphy/ptII/ptolemy/domains/de/test/auto/ResettableTimer6.xml (RunModel)" time="0.019" />
  <testcase classname="ptolemy.util.test.junit.AutoTests" name="[64] /home/travis/build/icyphy/ptII/ptolemy/domains/de/test/auto/ServerZeroDelay.xml (RunModel)" time="0.009" />
  <testcase classname="ptolemy.util.test.junit.AutoTests" name="[65] /home/travis/build/icyphy/ptII/ptolemy/domains/de/test/auto/SmartSender.xml (RunModel)" time="3.009" />
  <testcase classname="ptolemy.util.test.junit.AutoTests" name="[66] /home/travis/build/icyphy/ptII/ptolemy/domains/de/test/auto/ThreadedComposite.xml (RunModel)" time="0.155" />
  <testcase classname="ptolemy.util.test.junit.AutoTests" name="[67] /home/travis/build/icyphy/ptII/ptolemy/domains/de/test/auto/Time.xml (RunModel)" time="0.499" />
  <testcase classname="ptolemy.util.test.junit.AutoTests" name="[68] /home/travis/build/icyphy/ptII/ptolemy/domains/de/test/auto/TimeDelayZeroDelay.xml (RunModel)" time="0.011" />
  <testcase classname="ptolemy.util.test.junit.AutoTests" name="[69] /home/travis/build/icyphy/ptII/ptolemy/domains/de/test/auto/TimerZeroDelay.xml (RunModel)" time="0.009" />
  <testcase classname="ptolemy.util.test.junit.AutoTests" name="[70] /home/travis/build/icyphy/ptII/ptolemy/domains/de/test/auto/TimingParadox.xml (RunModel)" time="0.409" />
  <testcase classname="ptolemy.util.test.junit.AutoTests" name="[71] /home/travis/build/icyphy/ptII/ptolemy/domains/de/test/auto/TransferInputs.xml (RunModel)" time="0.017" />
  <testcase classname="ptolemy.util.test.junit.AutoTests" name="[72] /home/travis/build/icyphy/ptII/ptolemy/domains/de/test/auto/TransferOutputs2.xml (RunModel)" time="0.016" />
  <testcase classname="ptolemy.util.test.junit.AutoTests" name="[73] /home/travis/build/icyphy/ptII/ptolemy/domains/de/test/auto/Trilateration.xml (RunModel)" time="11.54" />
  <testcase classname="ptolemy.util.test.junit.AutoTests" name="[74] /home/travis/build/icyphy/ptII/ptolemy/domains/de/test/auto/TwoSigmaDelta.xml (RunModel)" time="2.317" />
  <testcase classname="ptolemy.util.test.junit.AutoTests" name="[75] /home/travis/build/icyphy/ptII/ptolemy/domains/de/test/auto/VariableDelay.xml (RunModel)" time="0.011" />
  <testcase classname="ptolemy.util.test.junit.AutoTests" name="[76] /home/travis/build/icyphy/ptII/ptolemy/domains/de/test/auto/VariableDelay2.xml (RunModel)" time="0.009" />
  <testcase classname="ptolemy.util.test.junit.AutoTests" name="[77] /home/travis/build/icyphy/ptII/ptolemy/domains/de/test/auto/VariableDelayZeroDelay.xml (RunModel)" time="0.01" />
  <testcase classname="ptolemy.util.test.junit.AutoTests" name="[78] /home/travis/build/icyphy/ptII/ptolemy/domains/de/test/auto/VariableDelayZeroDelay2.xml (RunModel)" time="0.01" />
  <testcase classname="ptolemy.util.test.junit.AutoTests" name="[79] /home/travis/build/icyphy/ptII/ptolemy/domains/de/test/auto/deInCt.xml (RunModel)" time="0.014" />
  <testcase classname="ptolemy.util.test.junit.AutoTests" name="[80] /home/travis/build/icyphy/ptII/ptolemy/domains/de/test/auto/deInCt2.xml (RunModel)" time="0.013" />
  <testcase classname="ptolemy.util.test.junit.AutoTests" name="[81] /home/travis/build/icyphy/ptII/ptolemy/domains/de/test/auto/dynamicCausalityInterface1.xml (RunModel)" time="0.018" />
  <testcase classname="ptolemy.util.test.junit.AutoTests" name="[82] /home/travis/build/icyphy/ptII/ptolemy/domains/de/test/auto/fsm_de_test.xml (RunModel)" time="0.028" />
  <testcase classname="ptolemy.util.test.junit.AutoTests" name="[83] /home/travis/build/icyphy/ptII/ptolemy/domains/de/test/auto/functionDependencyReconstruction.xml (RunModel)" time="0.033" />
  <testcase classname="ptolemy.util.test.junit.AutoTests" name="[84] /home/travis/build/icyphy/ptII/ptolemy/domains/de/test/auto/multirate.xml (RunModel)" time="0.015" />
  <testcase classname="ptolemy.util.test.junit.AutoTests" name="[85] /home/travis/build/icyphy/ptII/ptolemy/domains/de/test/auto/multirate2.xml (RunModel)" time="0.015" />
  <testcase classname="ptolemy.util.test.junit.AutoTests" name="[86] /home/travis/build/icyphy/ptII/ptolemy/domains/de/test/auto/realtime.xml (RunModel)" time="10.011" />
  <testcase classname="ptolemy.util.test.junit.AutoTests" name="[87] /home/travis/build/icyphy/ptII/ptolemy/domains/de/test/auto/relationGroup.xml (RunModel)" time="0.008" />
  <testcase classname="ptolemy.util.test.junit.AutoTests" name="[88] /home/travis/build/icyphy/ptII/ptolemy/domains/de/test/auto/relationGroup2.xml (RunModel)" time="0.005" />
  <testcase classname="ptolemy.util.test.junit.AutoTests" name="[89] /home/travis/build/icyphy/ptII/ptolemy/domains/de/test/auto/sortWithOpaquePorts.xml (RunModel)" time="0.006" />
  <testcase classname="ptolemy.util.test.junit.AutoTests" name="[90] /home/travis/build/icyphy/ptII/ptolemy/domains/de/test/auto/transferInputsandOutputs.xml (RunModel)" time="0.01" />
  <testcase classname="ptolemy.util.test.junit.AutoTests" name="[91] /home/travis/build/icyphy/ptII/ptolemy/domains/de/test/auto/triggerType.xml (RunModel)" time="0.007" />
  <system-out><![CDATA[/home/travis/build/icyphy/ptII/ptolemy/domains/de/test/DependencyLoop.tcl
testDefs.tcl: setting time out to 9000 seconds at Mon Jun 18 01:23:13 UTC 2018
15 ms. Memory: 116224K Free: 93898K (81%)
6 ms. Memory: 146944K Free: 135049K (92%)
/home/travis/build/icyphy/ptII/ptolemy/domains/de/test/RunDETestsAsQSS.tcl
Run the DE tests using ptolemy.domains.qss.test.QSSDirectorTest, which extends QSSDirector and prints a message in the constructors.
------------------ testing $PTII/ptolemy/domains/de/test/auto/knownFailedTests/dependencyLoop.xml (Known Failure) 
14 ms. Memory: 146944K Free: 131936K (90%)


==== $PTIIhome/travis/build/icyphy/ptII/ptolemy/domains/de/test/../../../../: Auto Automatic test in file $PTII/ptolemy/domains/de/test/auto/knownFailedTests/dependencyLoop.xml
==== Contents of test case:

	    # FIXME: we should use $relativeFilename here, but it
	    # might have backslashes under Windows, which causes no end
	    # of trouble.
	    createAndExecute $file
	    list {}
	
.... Test generated KNOWN error:
    while executing
ptolemy.kernel.util.IllegalActionException: Found a zero delay loop containing .dependencyLoop.original
  in .dependencyLoop and .dependencyLoop.original
	at ptolemy.actor.util.CausalityInterfaceForComposites._computeOutputPortDepth(CausalityInterfaceForComposites.java:759)
	at ptolemy.actor.util.CausalityInterfaceForComposites._computeInputDepth(CausalityInterfaceForComposites.java:696)
	at ptolemy.actor.util.CausalityInterfaceForComposites._computeOutputPortDepth(CausalityInterfaceForComposites.java:765)
	at ptolemy.actor.util.CausalityInterfaceForComposites._computeInputDepth(CausalityInterfaceForComposites.java:696)
	at ptolemy.actor.util.CausalityInterfaceForComposites._computeOutputPortDepth(CausalityInterfaceForComposites.java:765)
	at ptolemy.actor.util.CausalityInterfaceForComposites._computeInputDepth(CausalityInterfaceForComposites.java:696)
	at ptolemy.actor.util.CausalityInterfaceForComposites._computeActorDepth(CausalityInterfaceForComposites.java:532)
	at ptolemy.actor.util.CausalityInterfaceForComposites.checkForCycles(CausalityInterfaceForComposites.java:96)
	at ptolemy.domains.de.kernel.DEDirector.preinitialize(DEDirector.java:1338)
	at ptolemy.actor.CompositeActor.preinitialize(CompositeActor.java:1828)
	at ptolemy.actor.Manager.preinitializeAndResolveTypes(Manager.java:1040)
	at ptolemy.actor.Manager.initialize(Manager.java:710)
	at ptolemy.actor.Manager.execute(Manager.java:356)
	at ptolemy.actor.Manager.run(Manager.java:1263)
	at ptolemy.actor.Manager$PtolemyRunThread.run(Manager.java:1915)

    while executing
ptolemy.kernel.util.IllegalActionException: Found a zero delay loop containing .dependencyLoop.original
  in .dependencyLoop and .dependencyLoop.original
    while executing
"java::new ptolemy.moml.MoMLSimpleApplication $file
"
    (procedure "createAndExecute" line 2)
    invoked from within
"createAndExecute $file"
    ("uplevel" body line 5)
    invoked from within
"uplevel $contents_of_test"
------------------ testing $PTII/ptolemy/domains/de/test/auto/knownFailedTests/DESDFClockTest.xml (Known Failure) 
2085 ms. Memory: 146944K Free: 116419K (79%)


==== $PTIIhome/travis/build/icyphy/ptII/ptolemy/domains/de/test/../../../../: Auto Automatic test in file $PTII/ptolemy/domains/de/test/auto/knownFailedTests/DESDFClockTest.xml
==== Contents of test case:

	    # FIXME: we should use $relativeFilename here, but it
	    # might have backslashes under Windows, which causes no end
	    # of trouble.
	    createAndExecute $file
	    list {}
	
.... Test generated KNOWN error:
    while executing
ptolemy.kernel.util.IllegalActionException: Actor is not ready to fire.  Perhaps UpSample.prefire() returned false? Try debugging the actor by selecting "Listen to Actor".  Also, for SDF check moml for tokenConsumptionRate on input.
  in .DESDFClockTest.Play Bell.Copy1:SDF Director and .DESDFClockTest.Play Bell.UpSample
	at ptolemy.actor.sched.StaticSchedulingDirector.fire(StaticSchedulingDirector.java:227)
	at ptolemy.domains.sdf.kernel.SDFDirector.fire(SDFDirector.java:500)
	at ptolemy.actor.CompositeActor.fire(CompositeActor.java:455)
	at ptolemy.domains.de.kernel.DEDirector._fire(DEDirector.java:1949)
	at ptolemy.domains.de.kernel.DEDirector.fire(DEDirector.java:502)
	at ptolemy.actor.CompositeActor.fire(CompositeActor.java:455)
	at ptolemy.actor.Manager.iterate(Manager.java:851)
	at ptolemy.actor.Manager.execute(Manager.java:369)
	at ptolemy.actor.Manager.run(Manager.java:1263)
	at ptolemy.actor.Manager$PtolemyRunThread.run(Manager.java:1915)

    while executing
ptolemy.kernel.util.IllegalActionException: Actor is not ready to fire.  Perhaps UpSample.prefire() returned false? Try debugging the actor by selecting "Listen to Actor".  Also, for SDF check moml for tokenConsumptionRate on input.
  in .DESDFClockTest.Play Bell.Copy1:SDF Director and .DESDFClockTest.Play Bell.UpSample
    while executing
"java::new ptolemy.moml.MoMLSimpleApplication $file
"
    (procedure "createAndExecute" line 2)
    invoked from within
"createAndExecute $file"
    ("uplevel" body line 5)
    invoked from within
"uplevel $contents_of_test"
------------------ testing $PTII/ptolemy/domains/de/test/auto/knownFailedTests/FSMSource.xml (Known Failure) 
45 ms. Memory: 146944K Free: 107361K (73%)
!!!! Auto was marked as failing, but now passes
------------------ testing $PTII/ptolemy/domains/de/test/auto/knownFailedTests/dependencyLoop2.xml (Known Failure) 
10 ms. Memory: 146944K Free: 105478K (72%)


==== $PTIIhome/travis/build/icyphy/ptII/ptolemy/domains/de/test/../../../../: Auto Automatic test in file $PTII/ptolemy/domains/de/test/auto/knownFailedTests/dependencyLoop2.xml
==== Contents of test case:

	    # FIXME: we should use $relativeFilename here, but it
	    # might have backslashes under Windows, which causes no end
	    # of trouble.
	    createAndExecute $file
	    list {}
	
.... Test generated KNOWN error:
    while executing
ptolemy.kernel.util.IllegalActionException: Found a zero delay loop containing .dependencyLoop2.original
  in .dependencyLoop2 and .dependencyLoop2.original
	at ptolemy.actor.util.CausalityInterfaceForComposites._computeOutputPortDepth(CausalityInterfaceForComposites.java:759)
	at ptolemy.actor.util.CausalityInterfaceForComposites._computeInputDepth(CausalityInterfaceForComposites.java:696)
	at ptolemy.actor.util.CausalityInterfaceForComposites._computeOutputPortDepth(CausalityInterfaceForComposites.java:765)
	at ptolemy.actor.util.CausalityInterfaceForComposites._computeInputDepth(CausalityInterfaceForComposites.java:696)
	at ptolemy.actor.util.CausalityInterfaceForComposites._computeOutputPortDepth(CausalityInterfaceForComposites.java:765)
	at ptolemy.actor.util.CausalityInterfaceForComposites._computeInputDepth(CausalityInterfaceForComposites.java:696)
	at ptolemy.actor.util.CausalityInterfaceForComposites._computeActorDepth(CausalityInterfaceForComposites.java:532)
	at ptolemy.actor.util.CausalityInterfaceForComposites.checkForCycles(CausalityInterfaceForComposites.java:96)
	at ptolemy.domains.de.kernel.DEDirector.preinitialize(DEDirector.java:1338)
	at ptolemy.actor.CompositeActor.preinitialize(CompositeActor.java:1828)
	at ptolemy.actor.Manager.preinitializeAndResolveTypes(Manager.java:1040)
	at ptolemy.actor.Manager.initialize(Manager.java:710)
	at ptolemy.actor.Manager.execute(Manager.java:356)
	at ptolemy.actor.Manager.run(Manager.java:1263)
	at ptolemy.actor.Manager$PtolemyRunThread.run(Manager.java:1915)

    while executing
ptolemy.kernel.util.IllegalActionException: Found a zero delay loop containing .dependencyLoop2.original
  in .dependencyLoop2 and .dependencyLoop2.original
    while executing
"java::new ptolemy.moml.MoMLSimpleApplication $file
"
    (procedure "createAndExecute" line 2)
    invoked from within
"createAndExecute $file"
    ("uplevel" body line 5)
    invoked from within
"uplevel $contents_of_test"
------------------ testing $PTII/ptolemy/domains/de/test/auto/knownFailedTests/HierarchicalModel.xml (Known Failure) 
8 ms. Memory: 146944K Free: 84810K (58%)


==== $PTIIhome/travis/build/icyphy/ptII/ptolemy/domains/de/test/../../../../: Auto Automatic test in file $PTII/ptolemy/domains/de/test/auto/knownFailedTests/HierarchicalModel.xml
==== Contents of test case:

	    # FIXME: we should use $relativeFilename here, but it
	    # might have backslashes under Windows, which causes no end
	    # of trouble.
	    createAndExecute $file
	    list {}
	
.... Test generated KNOWN error:
    while executing
ptolemy.kernel.util.IllegalActionException: Found a zero delay loop containing .HierarchicalModel.A
  in .HierarchicalModel and .HierarchicalModel.A
	at ptolemy.actor.util.CausalityInterfaceForComposites._computeOutputPortDepth(CausalityInterfaceForComposites.java:759)
	at ptolemy.actor.util.CausalityInterfaceForComposites._computeInputDepth(CausalityInterfaceForComposites.java:696)
	at ptolemy.actor.util.CausalityInterfaceForComposites._computeOutputPortDepth(CausalityInterfaceForComposites.java:765)
	at ptolemy.actor.util.CausalityInterfaceForComposites._computeInputDepth(CausalityInterfaceForComposites.java:696)
	at ptolemy.actor.util.CausalityInterfaceForComposites._computeOutputPortDepth(CausalityInterfaceForComposites.java:765)
	at ptolemy.actor.util.CausalityInterfaceForComposites._computeInputDepth(CausalityInterfaceForComposites.java:696)
	at ptolemy.actor.util.CausalityInterfaceForComposites._computeActorDepth(CausalityInterfaceForComposites.java:532)
	at ptolemy.actor.util.CausalityInterfaceForComposites.checkForCycles(CausalityInterfaceForComposites.java:96)
	at ptolemy.domains.de.kernel.DEDirector.preinitialize(DEDirector.java:1338)
	at ptolemy.actor.CompositeActor.preinitialize(CompositeActor.java:1828)
	at ptolemy.actor.Manager.preinitializeAndResolveTypes(Manager.java:1040)
	at ptolemy.actor.Manager.initialize(Manager.java:710)
	at ptolemy.actor.Manager.execute(Manager.java:356)
	at ptolemy.actor.Manager.run(Manager.java:1263)
	at ptolemy.actor.Manager$PtolemyRunThread.run(Manager.java:1915)

    while executing
ptolemy.kernel.util.IllegalActionException: Found a zero delay loop containing .HierarchicalModel.A
  in .HierarchicalModel and .HierarchicalModel.A
    while executing
"java::new ptolemy.moml.MoMLSimpleApplication $file
"
    (procedure "createAndExecute" line 2)
    invoked from within
"createAndExecute $file"
    ("uplevel" body line 5)
    invoked from within
"uplevel $contents_of_test"
------------------ testing $PTII/ptolemy/domains/de/test/auto/knownFailedTests/DirectFeedback.xml (Known Failure) 
4 ms. Memory: 146944K Free: 141136K (96%)


==== $PTIIhome/travis/build/icyphy/ptII/ptolemy/domains/de/test/../../../../: Auto Automatic test in file $PTII/ptolemy/domains/de/test/auto/knownFailedTests/DirectFeedback.xml
==== Contents of test case:

	    # FIXME: we should use $relativeFilename here, but it
	    # might have backslashes under Windows, which causes no end
	    # of trouble.
	    createAndExecute $file
	    list {}
	
.... Test generated KNOWN error:
    while executing
ptolemy.kernel.util.IllegalActionException: Test fails in iteration 1.
Value was: 1.0. Should have been: 2.0
  in .DirectFeedback.Test
	at ptolemy.actor.lib.Test.fire(Test.java:268)
	at ptolemy.domains.de.kernel.DEDirector._fire(DEDirector.java:1949)
	at ptolemy.domains.de.kernel.DEDirector.fire(DEDirector.java:502)
	at ptolemy.actor.CompositeActor.fire(CompositeActor.java:455)
	at ptolemy.actor.Manager.iterate(Manager.java:851)
	at ptolemy.actor.Manager.execute(Manager.java:369)
	at ptolemy.actor.Manager.run(Manager.java:1263)
	at ptolemy.actor.Manager$PtolemyRunThread.run(Manager.java:1915)

    while executing
ptolemy.kernel.util.IllegalActionException: Test fails in iteration 1.
Value was: 1.0. Should have been: 2.0
  in .DirectFeedback.Test
    while executing
"java::new ptolemy.moml.MoMLSimpleApplication $file
"
    (procedure "createAndExecute" line 2)
    invoked from within
"createAndExecute $file"
    ("uplevel" body line 5)
    invoked from within
"uplevel $contents_of_test"
------------------ testing $PTII/ptolemy/domains/de/test/auto/ActorDepthCalculation_actorWithoutPorts.xml
auto.tcl: Setting watchdog for 200 seconds at Mon Jun 18 01:23:16 UTC 2018
4 ms. Memory: 146944K Free: 132346K (90%)
ptolemy.util.test.WatchDog.cancel(): canceling Mon Jun 18 01:23:16 UTC 2018
auto.tcl: Setting watchdog for 200 seconds at Mon Jun 18 01:23:16 UTC 2018
5 ms. Memory: 146944K Free: 131290K (89%)
ptolemy.util.test.WatchDog.cancel(): canceling Mon Jun 18 01:23:16 UTC 2018
------------------ testing $PTII/ptolemy/domains/de/test/auto/AssemblyLine.xml
auto.tcl: Setting watchdog for 200 seconds at Mon Jun 18 01:23:17 UTC 2018
24 ms. Memory: 208384K Free: 182752K (88%)
ptolemy.util.test.WatchDog.cancel(): canceling Mon Jun 18 01:23:17 UTC 2018
auto.tcl: Setting watchdog for 200 seconds at Mon Jun 18 01:23:17 UTC 2018
10 ms. Memory: 208384K Free: 182752K (88%)
ptolemy.util.test.WatchDog.cancel(): canceling Mon Jun 18 01:23:17 UTC 2018
------------------ testing $PTII/ptolemy/domains/de/test/auto/CQBug1.xml
auto.tcl: Setting watchdog for 200 seconds at Mon Jun 18 01:23:17 UTC 2018
10 ms. Memory: 208384K Free: 197671K (95%)
ptolemy.util.test.WatchDog.cancel(): canceling Mon Jun 18 01:23:17 UTC 2018
auto.tcl: Setting watchdog for 200 seconds at Mon Jun 18 01:23:17 UTC 2018
2 ms. Memory: 208384K Free: 197671K (95%)
ptolemy.util.test.WatchDog.cancel(): canceling Mon Jun 18 01:23:17 UTC 2018
------------------ testing $PTII/ptolemy/domains/de/test/auto/CancelFireAt.xml
auto.tcl: Setting watchdog for 200 seconds at Mon Jun 18 01:23:17 UTC 2018
9 ms. Memory: 208384K Free: 201415K (97%)
ptolemy.util.test.WatchDog.cancel(): canceling Mon Jun 18 01:23:17 UTC 2018
auto.tcl: Setting watchdog for 200 seconds at Mon Jun 18 01:23:17 UTC 2018
10 ms. Memory: 208384K Free: 198954K (95%)
ptolemy.util.test.WatchDog.cancel(): canceling Mon Jun 18 01:23:17 UTC 2018
------------------ testing $PTII/ptolemy/domains/de/test/auto/CausalityAndComposabilityAnalysis.xml
auto.tcl: Setting watchdog for 200 seconds at Mon Jun 18 01:23:17 UTC 2018
15 ms. Memory: 208384K Free: 198551K (95%)
ptolemy.util.test.WatchDog.cancel(): canceling Mon Jun 18 01:23:17 UTC 2018
auto.tcl: Setting watchdog for 200 seconds at Mon Jun 18 01:23:17 UTC 2018
6 ms. Memory: 208384K Free: 196427K (94%)
ptolemy.util.test.WatchDog.cancel(): canceling Mon Jun 18 01:23:17 UTC 2018
------------------ testing $PTII/ptolemy/domains/de/test/auto/CausalityInterface1.xml
auto.tcl: Setting watchdog for 200 seconds at Mon Jun 18 01:23:17 UTC 2018
17 ms. Memory: 208384K Free: 196364K (94%)
ptolemy.util.test.WatchDog.cancel(): canceling Mon Jun 18 01:23:17 UTC 2018
auto.tcl: Setting watchdog for 200 seconds at Mon Jun 18 01:23:17 UTC 2018
4 ms. Memory: 208384K Free: 196364K (94%)
ptolemy.util.test.WatchDog.cancel(): canceling Mon Jun 18 01:23:17 UTC 2018
------------------ testing $PTII/ptolemy/domains/de/test/auto/CausalityInterface15.xml
auto.tcl: Setting watchdog for 200 seconds at Mon Jun 18 01:23:17 UTC 2018
7 ms. Memory: 208384K Free: 196355K (94%)
ptolemy.util.test.WatchDog.cancel(): canceling Mon Jun 18 01:23:17 UTC 2018
auto.tcl: Setting watchdog for 200 seconds at Mon Jun 18 01:23:17 UTC 2018
4 ms. Memory: 208384K Free: 196355K (94%)
ptolemy.util.test.WatchDog.cancel(): canceling Mon Jun 18 01:23:17 UTC 2018
------------------ testing $PTII/ptolemy/domains/de/test/auto/CausalityInterface2.xml
auto.tcl: Setting watchdog for 200 seconds at Mon Jun 18 01:23:17 UTC 2018
9 ms. Memory: 208384K Free: 196339K (94%)
ptolemy.util.test.WatchDog.cancel(): canceling Mon Jun 18 01:23:17 UTC 2018
auto.tcl: Setting watchdog for 200 seconds at Mon Jun 18 01:23:17 UTC 2018
4 ms. Memory: 208384K Free: 196339K (94%)
ptolemy.util.test.WatchDog.cancel(): canceling Mon Jun 18 01:23:18 UTC 2018
------------------ testing $PTII/ptolemy/domains/de/test/auto/CausalityInterface3.xml
auto.tcl: Setting watchdog for 200 seconds at Mon Jun 18 01:23:18 UTC 2018
10 ms. Memory: 208384K Free: 196352K (94%)
ptolemy.util.test.WatchDog.cancel(): canceling Mon Jun 18 01:23:18 UTC 2018
auto.tcl: Setting watchdog for 200 seconds at Mon Jun 18 01:23:18 UTC 2018
4 ms. Memory: 208384K Free: 196352K (94%)
ptolemy.util.test.WatchDog.cancel(): canceling Mon Jun 18 01:23:18 UTC 2018
------------------ testing $PTII/ptolemy/domains/de/test/auto/ClockDrift.xml
auto.tcl: Setting watchdog for 200 seconds at Mon Jun 18 01:23:18 UTC 2018
115 ms. Memory: 208384K Free: 187513K (90%)
ptolemy.util.test.WatchDog.cancel(): canceling Mon Jun 18 01:23:18 UTC 2018
auto.tcl: Setting watchdog for 200 seconds at Mon Jun 18 01:23:18 UTC 2018
43 ms. Memory: 208384K Free: 185389K (89%)
ptolemy.util.test.WatchDog.cancel(): canceling Mon Jun 18 01:23:18 UTC 2018
------------------ testing $PTII/ptolemy/domains/de/test/auto/ClockDriftAndValueChange.xml
auto.tcl: Setting watchdog for 200 seconds at Mon Jun 18 01:23:18 UTC 2018
58 ms. Memory: 208384K Free: 187345K (90%)
ptolemy.util.test.WatchDog.cancel(): canceling Mon Jun 18 01:23:18 UTC 2018
auto.tcl: Setting watchdog for 200 seconds at Mon Jun 18 01:23:18 UTC 2018
45 ms. Memory: 208384K Free: 185222K (89%)
ptolemy.util.test.WatchDog.cancel(): canceling Mon Jun 18 01:23:18 UTC 2018
------------------ testing $PTII/ptolemy/domains/de/test/auto/ClockDriftChange.xml
auto.tcl: Setting watchdog for 200 seconds at Mon Jun 18 01:23:18 UTC 2018
20 ms. Memory: 208384K Free: 190440K (91%)
ptolemy.util.test.WatchDog.cancel(): canceling Mon Jun 18 01:23:18 UTC 2018
auto.tcl: Setting watchdog for 200 seconds at Mon Jun 18 01:23:18 UTC 2018
21 ms. Memory: 208384K Free: 188316K (90%)
ptolemy.util.test.WatchDog.cancel(): canceling Mon Jun 18 01:23:18 UTC 2018
------------------ testing $PTII/ptolemy/domains/de/test/auto/ComposableCausalityAnalysis.xml
auto.tcl: Setting watchdog for 200 seconds at Mon Jun 18 01:23:18 UTC 2018
2 ms. Memory: 208384K Free: 195954K (94%)
ptolemy.util.test.WatchDog.cancel(): canceling Mon Jun 18 01:23:18 UTC 2018
auto.tcl: Setting watchdog for 200 seconds at Mon Jun 18 01:23:18 UTC 2018
3 ms. Memory: 208384K Free: 193830K (93%)
ptolemy.util.test.WatchDog.cancel(): canceling Mon Jun 18 01:23:18 UTC 2018
------------------ testing $PTII/ptolemy/domains/de/test/auto/DEFixedPointLimitation.xml
auto.tcl: Setting watchdog for 200 seconds at Mon Jun 18 01:23:18 UTC 2018
2 ms. Memory: 208384K Free: 198159K (95%)
ptolemy.util.test.WatchDog.cancel(): canceling Mon Jun 18 01:23:18 UTC 2018
auto.tcl: Setting watchdog for 200 seconds at Mon Jun 18 01:23:18 UTC 2018
2 ms. Memory: 208384K Free: 196035K (94%)
ptolemy.util.test.WatchDog.cancel(): canceling Mon Jun 18 01:23:18 UTC 2018
------------------ testing $PTII/ptolemy/domains/de/test/auto/DEScheduleTest.xml
auto.tcl: Setting watchdog for 200 seconds at Mon Jun 18 01:23:18 UTC 2018
4 ms. Memory: 208384K Free: 198194K (95%)
ptolemy.util.test.WatchDog.cancel(): canceling Mon Jun 18 01:23:18 UTC 2018
auto.tcl: Setting watchdog for 200 seconds at Mon Jun 18 01:23:18 UTC 2018
3 ms. Memory: 208384K Free: 196071K (94%)
ptolemy.util.test.WatchDog.cancel(): canceling Mon Jun 18 01:23:19 UTC 2018
------------------ testing $PTII/ptolemy/domains/de/test/auto/DEinDEwithStartTimes.xml
auto.tcl: Setting watchdog for 200 seconds at Mon Jun 18 01:23:19 UTC 2018
5 ms. Memory: 208384K Free: 196041K (94%)
ptolemy.util.test.WatchDog.cancel(): canceling Mon Jun 18 01:23:19 UTC 2018
auto.tcl: Setting watchdog for 200 seconds at Mon Jun 18 01:23:19 UTC 2018
4 ms. Memory: 208384K Free: 193917K (93%)
ptolemy.util.test.WatchDog.cancel(): canceling Mon Jun 18 01:23:19 UTC 2018
------------------ testing $PTII/ptolemy/domains/de/test/auto/DEinDEwithStartTimes2.xml
auto.tcl: Setting watchdog for 200 seconds at Mon Jun 18 01:23:19 UTC 2018
8 ms. Memory: 208384K Free: 196358K (94%)
ptolemy.util.test.WatchDog.cancel(): canceling Mon Jun 18 01:23:19 UTC 2018
auto.tcl: Setting watchdog for 200 seconds at Mon Jun 18 01:23:19 UTC 2018
5 ms. Memory: 208384K Free: 193897K (93%)
ptolemy.util.test.WatchDog.cancel(): canceling Mon Jun 18 01:23:19 UTC 2018
------------------ testing $PTII/ptolemy/domains/de/test/auto/DateDemo.xml
auto.tcl: Setting watchdog for 200 seconds at Mon Jun 18 01:23:19 UTC 2018
15 ms. Memory: 208384K Free: 188387K (90%)
ptolemy.util.test.WatchDog.cancel(): canceling Mon Jun 18 01:23:19 UTC 2018
auto.tcl: Setting watchdog for 200 seconds at Mon Jun 18 01:23:19 UTC 2018
8 ms. Memory: 208384K Free: 186263K (89%)
ptolemy.util.test.WatchDog.cancel(): canceling Mon Jun 18 01:23:19 UTC 2018
------------------ testing $PTII/ptolemy/domains/de/test/auto/DateToEvent.xml
auto.tcl: Setting watchdog for 200 seconds at Mon Jun 18 01:23:19 UTC 2018
2022 ms. Memory: 208384K Free: 183014K (88%)
ptolemy.util.test.WatchDog.cancel(): canceling Mon Jun 18 01:23:21 UTC 2018
auto.tcl: Setting watchdog for 200 seconds at Mon Jun 18 01:23:21 UTC 2018
2007 ms. Memory: 208384K Free: 180556K (87%)
ptolemy.util.test.WatchDog.cancel(): canceling Mon Jun 18 01:23:23 UTC 2018
------------------ testing $PTII/ptolemy/domains/de/test/auto/DepthTest1.xml
auto.tcl: Setting watchdog for 200 seconds at Mon Jun 18 01:23:23 UTC 2018
10 ms. Memory: 208384K Free: 198062K (95%)
ptolemy.util.test.WatchDog.cancel(): canceling Mon Jun 18 01:23:23 UTC 2018
auto.tcl: Setting watchdog for 200 seconds at Mon Jun 18 01:23:23 UTC 2018
2 ms. Memory: 208384K Free: 198062K (95%)
ptolemy.util.test.WatchDog.cancel(): canceling Mon Jun 18 01:23:23 UTC 2018
------------------ testing $PTII/ptolemy/domains/de/test/auto/DepthTest2.xml
auto.tcl: Setting watchdog for 200 seconds at Mon Jun 18 01:23:23 UTC 2018
7 ms. Memory: 208384K Free: 193910K (93%)
ptolemy.util.test.WatchDog.cancel(): canceling Mon Jun 18 01:23:23 UTC 2018
auto.tcl: Setting watchdog for 200 seconds at Mon Jun 18 01:23:23 UTC 2018
7 ms. Memory: 208384K Free: 193910K (93%)
ptolemy.util.test.WatchDog.cancel(): canceling Mon Jun 18 01:23:23 UTC 2018
------------------ testing $PTII/ptolemy/domains/de/test/auto/DepthTest3.xml
auto.tcl: Setting watchdog for 200 seconds at Mon Jun 18 01:23:23 UTC 2018
2 ms. Memory: 208384K Free: 198059K (95%)
ptolemy.util.test.WatchDog.cancel(): canceling Mon Jun 18 01:23:23 UTC 2018
auto.tcl: Setting watchdog for 200 seconds at Mon Jun 18 01:23:23 UTC 2018
1 ms. Memory: 208384K Free: 198059K (95%)
ptolemy.util.test.WatchDog.cancel(): canceling Mon Jun 18 01:23:23 UTC 2018
------------------ testing $PTII/ptolemy/domains/de/test/auto/DepthTest4.xml
auto.tcl: Setting watchdog for 200 seconds at Mon Jun 18 01:23:23 UTC 2018
7 ms. Memory: 208384K Free: 196022K (94%)
ptolemy.util.test.WatchDog.cancel(): canceling Mon Jun 18 01:23:23 UTC 2018
auto.tcl: Setting watchdog for 200 seconds at Mon Jun 18 01:23:23 UTC 2018
2 ms. Memory: 208384K Free: 196022K (94%)
ptolemy.util.test.WatchDog.cancel(): canceling Mon Jun 18 01:23:23 UTC 2018
------------------ testing $PTII/ptolemy/domains/de/test/auto/DepthTest5.xml
auto.tcl: Setting watchdog for 200 seconds at Mon Jun 18 01:23:23 UTC 2018
5 ms. Memory: 208384K Free: 195970K (94%)
ptolemy.util.test.WatchDog.cancel(): canceling Mon Jun 18 01:23:23 UTC 2018
auto.tcl: Setting watchdog for 200 seconds at Mon Jun 18 01:23:23 UTC 2018
3 ms. Memory: 208384K Free: 195970K (94%)
ptolemy.util.test.WatchDog.cancel(): canceling Mon Jun 18 01:23:23 UTC 2018
------------------ testing $PTII/ptolemy/domains/de/test/auto/DepthTest6.xml
auto.tcl: Setting watchdog for 200 seconds at Mon Jun 18 01:23:23 UTC 2018
7 ms. Memory: 208384K Free: 196266K (94%)
ptolemy.util.test.WatchDog.cancel(): canceling Mon Jun 18 01:23:23 UTC 2018
auto.tcl: Setting watchdog for 200 seconds at Mon Jun 18 01:23:23 UTC 2018
2 ms. Memory: 208384K Free: 196266K (94%)
ptolemy.util.test.WatchDog.cancel(): canceling Mon Jun 18 01:23:23 UTC 2018
------------------ testing $PTII/ptolemy/domains/de/test/auto/DepthTest7.xml
auto.tcl: Setting watchdog for 200 seconds at Mon Jun 18 01:23:24 UTC 2018
3 ms. Memory: 208384K Free: 195926K (94%)
ptolemy.util.test.WatchDog.cancel(): canceling Mon Jun 18 01:23:24 UTC 2018
auto.tcl: Setting watchdog for 200 seconds at Mon Jun 18 01:23:24 UTC 2018
2 ms. Memory: 208384K Free: 195926K (94%)
ptolemy.util.test.WatchDog.cancel(): canceling Mon Jun 18 01:23:24 UTC 2018
------------------ testing $PTII/ptolemy/domains/de/test/auto/EventToDate.xml
auto.tcl: Setting watchdog for 200 seconds at Mon Jun 18 01:23:24 UTC 2018
3006 ms. Memory: 208384K Free: 185328K (89%)
ptolemy.util.test.WatchDog.cancel(): canceling Mon Jun 18 01:23:27 UTC 2018
auto.tcl: Setting watchdog for 200 seconds at Mon Jun 18 01:23:27 UTC 2018
3004 ms. Memory: 208384K Free: 185328K (89%)
ptolemy.util.test.WatchDog.cancel(): canceling Mon Jun 18 01:23:30 UTC 2018
------------------ testing $PTII/ptolemy/domains/de/test/auto/FSM1.xml
auto.tcl: Setting watchdog for 200 seconds at Mon Jun 18 01:23:30 UTC 2018
30 ms. Memory: 208384K Free: 188930K (91%)
ptolemy.util.test.WatchDog.cancel(): canceling Mon Jun 18 01:23:30 UTC 2018
auto.tcl: Setting watchdog for 200 seconds at Mon Jun 18 01:23:30 UTC 2018
33 ms. Memory: 208384K Free: 184682K (89%)
ptolemy.util.test.WatchDog.cancel(): canceling Mon Jun 18 01:23:30 UTC 2018
------------------ testing $PTII/ptolemy/domains/de/test/auto/FSM7.xml
auto.tcl: Setting watchdog for 200 seconds at Mon Jun 18 01:23:30 UTC 2018
30 ms. Memory: 208384K Free: 187010K (90%)
ptolemy.util.test.WatchDog.cancel(): canceling Mon Jun 18 01:23:30 UTC 2018
auto.tcl: Setting watchdog for 200 seconds at Mon Jun 18 01:23:30 UTC 2018
23 ms. Memory: 208384K Free: 184886K (89%)
ptolemy.util.test.WatchDog.cancel(): canceling Mon Jun 18 01:23:30 UTC 2018
------------------ testing $PTII/ptolemy/domains/de/test/auto/Inspection.xml
auto.tcl: Setting watchdog for 200 seconds at Mon Jun 18 01:23:30 UTC 2018
32 ms. Memory: 208384K Free: 188561K (90%)
ptolemy.util.test.WatchDog.cancel(): canceling Mon Jun 18 01:23:30 UTC 2018
auto.tcl: Setting watchdog for 200 seconds at Mon Jun 18 01:23:30 UTC 2018
19 ms. Memory: 208384K Free: 186099K (89%)
ptolemy.util.test.WatchDog.cancel(): canceling Mon Jun 18 01:23:30 UTC 2018
------------------ testing $PTII/ptolemy/domains/de/test/auto/Iteration.xml
auto.tcl: Setting watchdog for 200 seconds at Mon Jun 18 01:23:30 UTC 2018
11 ms. Memory: 208384K Free: 196069K (94%)
ptolemy.util.test.WatchDog.cancel(): canceling Mon Jun 18 01:23:30 UTC 2018
auto.tcl: Setting watchdog for 200 seconds at Mon Jun 18 01:23:30 UTC 2018
8 ms. Memory: 208384K Free: 193608K (93%)
ptolemy.util.test.WatchDog.cancel(): canceling Mon Jun 18 01:23:30 UTC 2018
------------------ testing $PTII/ptolemy/domains/de/test/auto/LineFault.xml
auto.tcl: Setting watchdog for 200 seconds at Mon Jun 18 01:23:30 UTC 2018
828 ms. Memory: 208384K Free: 194792K (93%)
ptolemy.util.test.WatchDog.cancel(): canceling Mon Jun 18 01:23:31 UTC 2018
auto.tcl: Setting watchdog for 200 seconds at Mon Jun 18 01:23:31 UTC 2018
674 ms. Memory: 208384K Free: 138675K (67%)
ptolemy.util.test.WatchDog.cancel(): canceling Mon Jun 18 01:23:32 UTC 2018
------------------ testing $PTII/ptolemy/domains/de/test/auto/MergeModel1Add.xml
auto.tcl: Setting watchdog for 200 seconds at Mon Jun 18 01:23:32 UTC 2018
28 ms. Memory: 331264K Free: 298736K (90%)
ptolemy.util.test.WatchDog.cancel(): canceling Mon Jun 18 01:23:32 UTC 2018
auto.tcl: Setting watchdog for 200 seconds at Mon Jun 18 01:23:32 UTC 2018
17 ms. Memory: 331264K Free: 298736K (90%)
ptolemy.util.test.WatchDog.cancel(): canceling Mon Jun 18 01:23:32 UTC 2018
------------------ testing $PTII/ptolemy/domains/de/test/auto/MergeModel2Add.xml
auto.tcl: Setting watchdog for 200 seconds at Mon Jun 18 01:23:32 UTC 2018
10 ms. Memory: 331264K Free: 302229K (91%)
ptolemy.util.test.WatchDog.cancel(): canceling Mon Jun 18 01:23:32 UTC 2018
auto.tcl: Setting watchdog for 200 seconds at Mon Jun 18 01:23:32 UTC 2018
11 ms. Memory: 331264K Free: 298302K (90%)
ptolemy.util.test.WatchDog.cancel(): canceling Mon Jun 18 01:23:33 UTC 2018
------------------ testing $PTII/ptolemy/domains/de/test/auto/MergeModel3Add.xml
auto.tcl: Setting watchdog for 200 seconds at Mon Jun 18 01:23:33 UTC 2018
9 ms. Memory: 331264K Free: 302238K (91%)
ptolemy.util.test.WatchDog.cancel(): canceling Mon Jun 18 01:23:33 UTC 2018
auto.tcl: Setting watchdog for 200 seconds at Mon Jun 18 01:23:33 UTC 2018
8 ms. Memory: 331264K Free: 298311K (90%)
ptolemy.util.test.WatchDog.cancel(): canceling Mon Jun 18 01:23:33 UTC 2018
------------------ testing $PTII/ptolemy/domains/de/test/auto/MergeWithoutDiscard.xml
auto.tcl: Setting watchdog for 200 seconds at Mon Jun 18 01:23:33 UTC 2018
3 ms. Memory: 331264K Free: 318230K (96%)
ptolemy.util.test.WatchDog.cancel(): canceling Mon Jun 18 01:23:33 UTC 2018
auto.tcl: Setting watchdog for 200 seconds at Mon Jun 18 01:23:33 UTC 2018
1 ms. Memory: 331264K Free: 314303K (95%)
ptolemy.util.test.WatchDog.cancel(): canceling Mon Jun 18 01:23:33 UTC 2018
------------------ testing $PTII/ptolemy/domains/de/test/auto/Modal1.xml
auto.tcl: Setting watchdog for 200 seconds at Mon Jun 18 01:23:33 UTC 2018
17 ms. Memory: 331264K Free: 307939K (93%)
ptolemy.util.test.WatchDog.cancel(): canceling Mon Jun 18 01:23:33 UTC 2018
auto.tcl: Setting watchdog for 200 seconds at Mon Jun 18 01:23:33 UTC 2018
25 ms. Memory: 331264K Free: 304011K (92%)
ptolemy.util.test.WatchDog.cancel(): canceling Mon Jun 18 01:23:33 UTC 2018
------------------ testing $PTII/ptolemy/domains/de/test/auto/Modal2.xml
auto.tcl: Setting watchdog for 200 seconds at Mon Jun 18 01:23:33 UTC 2018
18 ms. Memory: 331264K Free: 307804K (93%)
ptolemy.util.test.WatchDog.cancel(): canceling Mon Jun 18 01:23:33 UTC 2018
auto.tcl: Setting watchdog for 200 seconds at Mon Jun 18 01:23:33 UTC 2018
20 ms. Memory: 331264K Free: 303877K (92%)
ptolemy.util.test.WatchDog.cancel(): canceling Mon Jun 18 01:23:33 UTC 2018
------------------ testing $PTII/ptolemy/domains/de/test/auto/Modal3.xml
auto.tcl: Setting watchdog for 200 seconds at Mon Jun 18 01:23:33 UTC 2018
15 ms. Memory: 331264K Free: 308103K (93%)
ptolemy.util.test.WatchDog.cancel(): canceling Mon Jun 18 01:23:33 UTC 2018
auto.tcl: Setting watchdog for 200 seconds at Mon Jun 18 01:23:33 UTC 2018
10 ms. Memory: 331264K Free: 298975K (90%)
ptolemy.util.test.WatchDog.cancel(): canceling Mon Jun 18 01:23:33 UTC 2018
------------------ testing $PTII/ptolemy/domains/de/test/auto/Modal4.xml
auto.tcl: Setting watchdog for 200 seconds at Mon Jun 18 01:23:33 UTC 2018
29 ms. Memory: 331264K Free: 307815K (93%)
ptolemy.util.test.WatchDog.cancel(): canceling Mon Jun 18 01:23:33 UTC 2018
auto.tcl: Setting watchdog for 200 seconds at Mon Jun 18 01:23:33 UTC 2018
19 ms. Memory: 331264K Free: 303888K (92%)
ptolemy.util.test.WatchDog.cancel(): canceling Mon Jun 18 01:23:33 UTC 2018
------------------ testing $PTII/ptolemy/domains/de/test/auto/Modal5.xml
auto.tcl: Setting watchdog for 200 seconds at Mon Jun 18 01:23:33 UTC 2018
16 ms. Memory: 331264K Free: 307803K (93%)
ptolemy.util.test.WatchDog.cancel(): canceling Mon Jun 18 01:23:33 UTC 2018
auto.tcl: Setting watchdog for 200 seconds at Mon Jun 18 01:23:33 UTC 2018
13 ms. Memory: 331264K Free: 303875K (92%)
ptolemy.util.test.WatchDog.cancel(): canceling Mon Jun 18 01:23:33 UTC 2018
------------------ testing $PTII/ptolemy/domains/de/test/auto/Modal6.xml
auto.tcl: Setting watchdog for 200 seconds at Mon Jun 18 01:23:33 UTC 2018
14 ms. Memory: 331264K Free: 307800K (93%)
ptolemy.util.test.WatchDog.cancel(): canceling Mon Jun 18 01:23:33 UTC 2018
auto.tcl: Setting watchdog for 200 seconds at Mon Jun 18 01:23:33 UTC 2018
15 ms. Memory: 331264K Free: 303872K (92%)
ptolemy.util.test.WatchDog.cancel(): canceling Mon Jun 18 01:23:33 UTC 2018
------------------ testing $PTII/ptolemy/domains/de/test/auto/Modal7.xml
auto.tcl: Setting watchdog for 200 seconds at Mon Jun 18 01:23:34 UTC 2018
10 ms. Memory: 331264K Free: 307800K (93%)
ptolemy.util.test.WatchDog.cancel(): canceling Mon Jun 18 01:23:34 UTC 2018
auto.tcl: Setting watchdog for 200 seconds at Mon Jun 18 01:23:34 UTC 2018
11 ms. Memory: 331264K Free: 303873K (92%)
ptolemy.util.test.WatchDog.cancel(): canceling Mon Jun 18 01:23:34 UTC 2018
------------------ testing $PTII/ptolemy/domains/de/test/auto/ModalModel.xml
auto.tcl: Setting watchdog for 200 seconds at Mon Jun 18 01:23:34 UTC 2018
201 ms. Memory: 331264K Free: 244376K (74%)
ptolemy.util.test.WatchDog.cancel(): canceling Mon Jun 18 01:23:34 UTC 2018
auto.tcl: Setting watchdog for 200 seconds at Mon Jun 18 01:23:34 UTC 2018
216 ms. Memory: 331264K Free: 189394K (57%)
ptolemy.util.test.WatchDog.cancel(): canceling Mon Jun 18 01:23:34 UTC 2018
------------------ testing $PTII/ptolemy/domains/de/test/auto/ModalSource.xml
auto.tcl: Setting watchdog for 200 seconds at Mon Jun 18 01:23:34 UTC 2018
7 ms. Memory: 331264K Free: 314556K (95%)
ptolemy.util.test.WatchDog.cancel(): canceling Mon Jun 18 01:23:34 UTC 2018
auto.tcl: Setting watchdog for 200 seconds at Mon Jun 18 01:23:34 UTC 2018
6 ms. Memory: 331264K Free: 311056K (94%)
ptolemy.util.test.WatchDog.cancel(): canceling Mon Jun 18 01:23:34 UTC 2018
------------------ testing $PTII/ptolemy/domains/de/test/auto/NonInterruptibleTimerZeroDelay.xml
auto.tcl: Setting watchdog for 200 seconds at Mon Jun 18 01:23:34 UTC 2018
5 ms. Memory: 331264K Free: 318709K (96%)
ptolemy.util.test.WatchDog.cancel(): canceling Mon Jun 18 01:23:34 UTC 2018
auto.tcl: Setting watchdog for 200 seconds at Mon Jun 18 01:23:34 UTC 2018
3 ms. Memory: 331264K Free: 315208K (95%)
ptolemy.util.test.WatchDog.cancel(): canceling Mon Jun 18 01:23:34 UTC 2018
------------------ testing $PTII/ptolemy/domains/de/test/auto/OpenQueueingNetwork.xml
auto.tcl: Setting watchdog for 200 seconds at Mon Jun 18 01:23:34 UTC 2018
3188 ms. Memory: 573952K Free: 435222K (76%)
ptolemy.util.test.WatchDog.cancel(): canceling Mon Jun 18 01:23:38 UTC 2018
auto.tcl: Setting watchdog for 200 seconds at Mon Jun 18 01:23:38 UTC 2018
2008 ms. Memory: 550912K Free: 364845K (66%)
ptolemy.util.test.WatchDog.cancel(): canceling Mon Jun 18 01:23:40 UTC 2018
------------------ testing $PTII/ptolemy/domains/de/test/auto/OpenQueuingNetwork.xml
auto.tcl: Setting watchdog for 200 seconds at Mon Jun 18 01:23:40 UTC 2018
260 ms. Memory: 549888K Free: 442956K (81%)
ptolemy.util.test.WatchDog.cancel(): canceling Mon Jun 18 01:23:40 UTC 2018
auto.tcl: Setting watchdog for 200 seconds at Mon Jun 18 01:23:40 UTC 2018
282 ms. Memory: 549888K Free: 387401K (70%)
ptolemy.util.test.WatchDog.cancel(): canceling Mon Jun 18 01:23:40 UTC 2018
------------------ testing $PTII/ptolemy/domains/de/test/auto/PeriodicSampler.xml
auto.tcl: Setting watchdog for 200 seconds at Mon Jun 18 01:23:41 UTC 2018
3 ms. Memory: 551936K Free: 529991K (96%)
ptolemy.util.test.WatchDog.cancel(): canceling Mon Jun 18 01:23:41 UTC 2018
auto.tcl: Setting watchdog for 200 seconds at Mon Jun 18 01:23:41 UTC 2018
2 ms. Memory: 551936K Free: 529991K (96%)
ptolemy.util.test.WatchDog.cancel(): canceling Mon Jun 18 01:23:41 UTC 2018
------------------ testing $PTII/ptolemy/domains/de/test/auto/PersistentIO.xml
auto.tcl: Setting watchdog for 200 seconds at Mon Jun 18 01:23:41 UTC 2018
11 ms. Memory: 549376K Free: 522475K (95%)
ptolemy.util.test.WatchDog.cancel(): canceling Mon Jun 18 01:23:41 UTC 2018
auto.tcl: Setting watchdog for 200 seconds at Mon Jun 18 01:23:41 UTC 2018
4 ms. Memory: 549376K Free: 522475K (95%)
ptolemy.util.test.WatchDog.cancel(): canceling Mon Jun 18 01:23:41 UTC 2018
------------------ testing $PTII/ptolemy/domains/de/test/auto/PortParameterResetOnInitialize.xml
auto.tcl: Setting watchdog for 200 seconds at Mon Jun 18 01:23:41 UTC 2018
2 ms. Memory: 551424K Free: 529711K (96%)
ptolemy.util.test.WatchDog.cancel(): canceling Mon Jun 18 01:23:41 UTC 2018
auto.tcl: Setting watchdog for 200 seconds at Mon Jun 18 01:23:41 UTC 2018
2 ms. Memory: 551424K Free: 529711K (96%)
ptolemy.util.test.WatchDog.cancel(): canceling Mon Jun 18 01:23:41 UTC 2018
------------------ testing $PTII/ptolemy/domains/de/test/auto/PortParameterUpdates.xml
auto.tcl: Setting watchdog for 200 seconds at Mon Jun 18 01:23:41 UTC 2018
4 ms. Memory: 549376K Free: 527796K (96%)
ptolemy.util.test.WatchDog.cancel(): canceling Mon Jun 18 01:23:41 UTC 2018
auto.tcl: Setting watchdog for 200 seconds at Mon Jun 18 01:23:41 UTC 2018
4 ms. Memory: 549376K Free: 522241K (95%)
ptolemy.util.test.WatchDog.cancel(): canceling Mon Jun 18 01:23:41 UTC 2018
------------------ testing $PTII/ptolemy/domains/de/test/auto/QueueAndServer.xml
auto.tcl: Setting watchdog for 200 seconds at Mon Jun 18 01:23:41 UTC 2018
11 ms. Memory: 551424K Free: 528932K (96%)
ptolemy.util.test.WatchDog.cancel(): canceling Mon Jun 18 01:23:41 UTC 2018
auto.tcl: Setting watchdog for 200 seconds at Mon Jun 18 01:23:41 UTC 2018
7 ms. Memory: 551424K Free: 528932K (96%)
ptolemy.util.test.WatchDog.cancel(): canceling Mon Jun 18 01:23:41 UTC 2018
------------------ testing $PTII/ptolemy/domains/de/test/auto/Records.xml
auto.tcl: Setting watchdog for 200 seconds at Mon Jun 18 01:23:41 UTC 2018
3 ms. Memory: 549376K Free: 532381K (97%)
ptolemy.util.test.WatchDog.cancel(): canceling Mon Jun 18 01:23:41 UTC 2018
auto.tcl: Setting watchdog for 200 seconds at Mon Jun 18 01:23:41 UTC 2018
2 ms. Memory: 549376K Free: 532381K (97%)
ptolemy.util.test.WatchDog.cancel(): canceling Mon Jun 18 01:23:41 UTC 2018
------------------ testing $PTII/ptolemy/domains/de/test/auto/ResetTransitionWithStartTime1.xml
auto.tcl: Setting watchdog for 200 seconds at Mon Jun 18 01:23:41 UTC 2018
16 ms. Memory: 551424K Free: 528899K (96%)
ptolemy.util.test.WatchDog.cancel(): canceling Mon Jun 18 01:23:41 UTC 2018
auto.tcl: Setting watchdog for 200 seconds at Mon Jun 18 01:23:41 UTC 2018
5 ms. Memory: 551424K Free: 528899K (96%)
ptolemy.util.test.WatchDog.cancel(): canceling Mon Jun 18 01:23:41 UTC 2018
------------------ testing $PTII/ptolemy/domains/de/test/auto/ResetTransitionWithStartTime2.xml
auto.tcl: Setting watchdog for 200 seconds at Mon Jun 18 01:23:41 UTC 2018
5 ms. Memory: 549376K Free: 527072K (96%)
ptolemy.util.test.WatchDog.cancel(): canceling Mon Jun 18 01:23:41 UTC 2018
auto.tcl: Setting watchdog for 200 seconds at Mon Jun 18 01:23:41 UTC 2018
7 ms. Memory: 549376K Free: 527072K (96%)
ptolemy.util.test.WatchDog.cancel(): canceling Mon Jun 18 01:23:41 UTC 2018
------------------ testing $PTII/ptolemy/domains/de/test/auto/ResetTransitionWithStartTime3.xml
auto.tcl: Setting watchdog for 200 seconds at Mon Jun 18 01:23:41 UTC 2018
5 ms. Memory: 550912K Free: 528377K (96%)
ptolemy.util.test.WatchDog.cancel(): canceling Mon Jun 18 01:23:41 UTC 2018
auto.tcl: Setting watchdog for 200 seconds at Mon Jun 18 01:23:41 UTC 2018
6 ms. Memory: 550912K Free: 528377K (96%)
ptolemy.util.test.WatchDog.cancel(): canceling Mon Jun 18 01:23:41 UTC 2018
------------------ testing $PTII/ptolemy/domains/de/test/auto/ResetTransitionWithStartTime4.xml
auto.tcl: Setting watchdog for 200 seconds at Mon Jun 18 01:23:41 UTC 2018
3 ms. Memory: 549376K Free: 526823K (96%)
ptolemy.util.test.WatchDog.cancel(): canceling Mon Jun 18 01:23:41 UTC 2018
auto.tcl: Setting watchdog for 200 seconds at Mon Jun 18 01:23:41 UTC 2018
4 ms. Memory: 549376K Free: 526823K (96%)
ptolemy.util.test.WatchDog.cancel(): canceling Mon Jun 18 01:23:41 UTC 2018
------------------ testing $PTII/ptolemy/domains/de/test/auto/ResettableTimer1.xml
auto.tcl: Setting watchdog for 200 seconds at Mon Jun 18 01:23:41 UTC 2018
3 ms. Memory: 550912K Free: 533926K (97%)
ptolemy.util.test.WatchDog.cancel(): canceling Mon Jun 18 01:23:41 UTC 2018
auto.tcl: Setting watchdog for 200 seconds at Mon Jun 18 01:23:41 UTC 2018
2 ms. Memory: 550912K Free: 533926K (97%)
ptolemy.util.test.WatchDog.cancel(): canceling Mon Jun 18 01:23:41 UTC 2018
------------------ testing $PTII/ptolemy/domains/de/test/auto/ResettableTimer2.xml
auto.tcl: Setting watchdog for 200 seconds at Mon Jun 18 01:23:41 UTC 2018
3 ms. Memory: 549376K Free: 532677K (97%)
ptolemy.util.test.WatchDog.cancel(): canceling Mon Jun 18 01:23:41 UTC 2018
auto.tcl: Setting watchdog for 200 seconds at Mon Jun 18 01:23:41 UTC 2018
3 ms. Memory: 549376K Free: 532677K (97%)
ptolemy.util.test.WatchDog.cancel(): canceling Mon Jun 18 01:23:41 UTC 2018
------------------ testing $PTII/ptolemy/domains/de/test/auto/ResettableTimer3.xml
auto.tcl: Setting watchdog for 200 seconds at Mon Jun 18 01:23:41 UTC 2018
1 ms. Memory: 550912K Free: 533983K (97%)
ptolemy.util.test.WatchDog.cancel(): canceling Mon Jun 18 01:23:41 UTC 2018
auto.tcl: Setting watchdog for 200 seconds at Mon Jun 18 01:23:41 UTC 2018
1 ms. Memory: 550912K Free: 533983K (97%)
ptolemy.util.test.WatchDog.cancel(): canceling Mon Jun 18 01:23:41 UTC 2018
------------------ testing $PTII/ptolemy/domains/de/test/auto/ResettableTimer4.xml
auto.tcl: Setting watchdog for 200 seconds at Mon Jun 18 01:23:42 UTC 2018
2 ms. Memory: 549376K Free: 532690K (97%)
ptolemy.util.test.WatchDog.cancel(): canceling Mon Jun 18 01:23:42 UTC 2018
auto.tcl: Setting watchdog for 200 seconds at Mon Jun 18 01:23:42 UTC 2018
1 ms. Memory: 549376K Free: 532690K (97%)
ptolemy.util.test.WatchDog.cancel(): canceling Mon Jun 18 01:23:42 UTC 2018
------------------ testing $PTII/ptolemy/domains/de/test/auto/ResettableTimer5.xml
auto.tcl: Setting watchdog for 200 seconds at Mon Jun 18 01:23:42 UTC 2018
1 ms. Memory: 550400K Free: 529032K (96%)
ptolemy.util.test.WatchDog.cancel(): canceling Mon Jun 18 01:23:42 UTC 2018
auto.tcl: Setting watchdog for 200 seconds at Mon Jun 18 01:23:42 UTC 2018
1 ms. Memory: 550400K Free: 529032K (96%)
ptolemy.util.test.WatchDog.cancel(): canceling Mon Jun 18 01:23:42 UTC 2018
------------------ testing $PTII/ptolemy/domains/de/test/auto/ResettableTimer6.xml
auto.tcl: Setting watchdog for 200 seconds at Mon Jun 18 01:23:42 UTC 2018
2 ms. Memory: 549376K Free: 527728K (96%)
ptolemy.util.test.WatchDog.cancel(): canceling Mon Jun 18 01:23:42 UTC 2018
auto.tcl: Setting watchdog for 200 seconds at Mon Jun 18 01:23:42 UTC 2018
1 ms. Memory: 549376K Free: 527728K (96%)
ptolemy.util.test.WatchDog.cancel(): canceling Mon Jun 18 01:23:42 UTC 2018
------------------ testing $PTII/ptolemy/domains/de/test/auto/ServerZeroDelay.xml
auto.tcl: Setting watchdog for 200 seconds at Mon Jun 18 01:23:42 UTC 2018
2 ms. Memory: 550400K Free: 533653K (97%)
ptolemy.util.test.WatchDog.cancel(): canceling Mon Jun 18 01:23:42 UTC 2018
auto.tcl: Setting watchdog for 200 seconds at Mon Jun 18 01:23:42 UTC 2018
3 ms. Memory: 550400K Free: 533653K (97%)
ptolemy.util.test.WatchDog.cancel(): canceling Mon Jun 18 01:23:42 UTC 2018
------------------ testing $PTII/ptolemy/domains/de/test/auto/SmartSender.xml
auto.tcl: Setting watchdog for 200 seconds at Mon Jun 18 01:23:42 UTC 2018
3001 ms. Memory: 549376K Free: 527944K (96%)
ptolemy.util.test.WatchDog.cancel(): canceling Mon Jun 18 01:23:45 UTC 2018
auto.tcl: Setting watchdog for 200 seconds at Mon Jun 18 01:23:45 UTC 2018
3001 ms. Memory: 549376K Free: 527944K (96%)
ptolemy.util.test.WatchDog.cancel(): canceling Mon Jun 18 01:23:48 UTC 2018
------------------ testing $PTII/ptolemy/domains/de/test/auto/ThreadedComposite.xml
auto.tcl: Setting watchdog for 200 seconds at Mon Jun 18 01:23:48 UTC 2018
222 ms. Memory: 550400K Free: 508249K (92%)
ptolemy.util.test.WatchDog.cancel(): canceling Mon Jun 18 01:23:48 UTC 2018
auto.tcl: Setting watchdog for 200 seconds at Mon Jun 18 01:23:48 UTC 2018
218 ms. Memory: 550400K Free: 493334K (90%)
ptolemy.util.test.WatchDog.cancel(): canceling Mon Jun 18 01:23:48 UTC 2018
------------------ testing $PTII/ptolemy/domains/de/test/auto/Time.xml
auto.tcl: Setting watchdog for 200 seconds at Mon Jun 18 01:23:48 UTC 2018
592 ms. Memory: 549376K Free: 480642K (87%)
ptolemy.util.test.WatchDog.cancel(): canceling Mon Jun 18 01:23:49 UTC 2018
auto.tcl: Setting watchdog for 200 seconds at Mon Jun 18 01:23:49 UTC 2018
541 ms. Memory: 549376K Free: 425087K (77%)
ptolemy.util.test.WatchDog.cancel(): canceling Mon Jun 18 01:23:50 UTC 2018
------------------ testing $PTII/ptolemy/domains/de/test/auto/TimeDelayZeroDelay.xml
auto.tcl: Setting watchdog for 200 seconds at Mon Jun 18 01:23:50 UTC 2018
2 ms. Memory: 550400K Free: 533340K (97%)
ptolemy.util.test.WatchDog.cancel(): canceling Mon Jun 18 01:23:50 UTC 2018
auto.tcl: Setting watchdog for 200 seconds at Mon Jun 18 01:23:50 UTC 2018
3 ms. Memory: 550400K Free: 533340K (97%)
ptolemy.util.test.WatchDog.cancel(): canceling Mon Jun 18 01:23:50 UTC 2018
------------------ testing $PTII/ptolemy/domains/de/test/auto/TimerZeroDelay.xml
auto.tcl: Setting watchdog for 200 seconds at Mon Jun 18 01:23:50 UTC 2018
2 ms. Memory: 549376K Free: 532589K (97%)
ptolemy.util.test.WatchDog.cancel(): canceling Mon Jun 18 01:23:50 UTC 2018
auto.tcl: Setting watchdog for 200 seconds at Mon Jun 18 01:23:50 UTC 2018
2 ms. Memory: 549376K Free: 532589K (97%)
ptolemy.util.test.WatchDog.cancel(): canceling Mon Jun 18 01:23:50 UTC 2018
------------------ testing $PTII/ptolemy/domains/de/test/auto/TimingParadox.xml
auto.tcl: Setting watchdog for 200 seconds at Mon Jun 18 01:23:50 UTC 2018
345 ms. Memory: 549888K Free: 466701K (85%)
ptolemy.util.test.WatchDog.cancel(): canceling Mon Jun 18 01:23:50 UTC 2018
auto.tcl: Setting watchdog for 200 seconds at Mon Jun 18 01:23:50 UTC 2018
336 ms. Memory: 549888K Free: 433368K (79%)
ptolemy.util.test.WatchDog.cancel(): canceling Mon Jun 18 01:23:51 UTC 2018
------------------ testing $PTII/ptolemy/domains/de/test/auto/TransferInputs.xml
auto.tcl: Setting watchdog for 200 seconds at Mon Jun 18 01:23:51 UTC 2018
6 ms. Memory: 549888K Free: 532005K (97%)
ptolemy.util.test.WatchDog.cancel(): canceling Mon Jun 18 01:23:51 UTC 2018
auto.tcl: Setting watchdog for 200 seconds at Mon Jun 18 01:23:51 UTC 2018
2 ms. Memory: 549888K Free: 532005K (97%)
ptolemy.util.test.WatchDog.cancel(): canceling Mon Jun 18 01:23:51 UTC 2018
------------------ testing $PTII/ptolemy/domains/de/test/auto/TransferOutputs2.xml
auto.tcl: Setting watchdog for 200 seconds at Mon Jun 18 01:23:51 UTC 2018
5 ms. Memory: 549376K Free: 522344K (95%)
ptolemy.util.test.WatchDog.cancel(): canceling Mon Jun 18 01:23:51 UTC 2018
auto.tcl: Setting watchdog for 200 seconds at Mon Jun 18 01:23:51 UTC 2018
3 ms. Memory: 549376K Free: 522344K (95%)
ptolemy.util.test.WatchDog.cancel(): canceling Mon Jun 18 01:23:51 UTC 2018
------------------ testing $PTII/ptolemy/domains/de/test/auto/Trilateration.xml
auto.tcl: Setting watchdog for 200 seconds at Mon Jun 18 01:23:51 UTC 2018
13634 ms. Memory: 453632K Free: 132473K (29%)
ptolemy.util.test.WatchDog.cancel(): canceling Mon Jun 18 01:24:06 UTC 2018
auto.tcl: Setting watchdog for 200 seconds at Mon Jun 18 01:24:06 UTC 2018
10195 ms. Memory: 331264K Free: 248715K (75%)
ptolemy.util.test.WatchDog.cancel(): canceling Mon Jun 18 01:24:16 UTC 2018
------------------ testing $PTII/ptolemy/domains/de/test/auto/TwoSigmaDelta.xml
auto.tcl: Setting watchdog for 200 seconds at Mon Jun 18 01:24:16 UTC 2018
3182 ms. Memory: 320000K Free: 260305K (81%)
ptolemy.util.test.WatchDog.cancel(): canceling Mon Jun 18 01:24:19 UTC 2018
auto.tcl: Setting watchdog for 200 seconds at Mon Jun 18 01:24:19 UTC 2018
2239 ms. Memory: 307712K Free: 245801K (80%)
ptolemy.util.test.WatchDog.cancel(): canceling Mon Jun 18 01:24:22 UTC 2018
------------------ testing $PTII/ptolemy/domains/de/test/auto/VariableDelay.xml
auto.tcl: Setting watchdog for 200 seconds at Mon Jun 18 01:24:22 UTC 2018
2 ms. Memory: 309760K Free: 291553K (94%)
ptolemy.util.test.WatchDog.cancel(): canceling Mon Jun 18 01:24:22 UTC 2018
auto.tcl: Setting watchdog for 200 seconds at Mon Jun 18 01:24:22 UTC 2018
2 ms. Memory: 309760K Free: 291553K (94%)
ptolemy.util.test.WatchDog.cancel(): canceling Mon Jun 18 01:24:22 UTC 2018
------------------ testing $PTII/ptolemy/domains/de/test/auto/VariableDelay2.xml
auto.tcl: Setting watchdog for 200 seconds at Mon Jun 18 01:24:22 UTC 2018
4 ms. Memory: 307712K Free: 292199K (95%)
ptolemy.util.test.WatchDog.cancel(): canceling Mon Jun 18 01:24:22 UTC 2018
auto.tcl: Setting watchdog for 200 seconds at Mon Jun 18 01:24:22 UTC 2018
1 ms. Memory: 307712K Free: 292199K (95%)
ptolemy.util.test.WatchDog.cancel(): canceling Mon Jun 18 01:24:22 UTC 2018
------------------ testing $PTII/ptolemy/domains/de/test/auto/VariableDelayZeroDelay.xml
auto.tcl: Setting watchdog for 200 seconds at Mon Jun 18 01:24:22 UTC 2018
2 ms. Memory: 309248K Free: 294758K (95%)
ptolemy.util.test.WatchDog.cancel(): canceling Mon Jun 18 01:24:22 UTC 2018
auto.tcl: Setting watchdog for 200 seconds at Mon Jun 18 01:24:22 UTC 2018
2 ms. Memory: 309248K Free: 291455K (94%)
ptolemy.util.test.WatchDog.cancel(): canceling Mon Jun 18 01:24:22 UTC 2018
------------------ testing $PTII/ptolemy/domains/de/test/auto/VariableDelayZeroDelay2.xml
auto.tcl: Setting watchdog for 200 seconds at Mon Jun 18 01:24:22 UTC 2018
2 ms. Memory: 307712K Free: 289917K (94%)
ptolemy.util.test.WatchDog.cancel(): canceling Mon Jun 18 01:24:22 UTC 2018
auto.tcl: Setting watchdog for 200 seconds at Mon Jun 18 01:24:22 UTC 2018
2 ms. Memory: 307712K Free: 289917K (94%)
ptolemy.util.test.WatchDog.cancel(): canceling Mon Jun 18 01:24:22 UTC 2018
------------------ testing $PTII/ptolemy/domains/de/test/auto/deInCt.xml
auto.tcl: Setting watchdog for 200 seconds at Mon Jun 18 01:24:22 UTC 2018
0
1
1
1
0
0
0
0
1
1
1
1
0
0
1
1
1
1
1
0
0
0
0
1
1
1
1
0
0
0
0
9 ms. Memory: 309248K Free: 291442K (94%)
ptolemy.util.test.WatchDog.cancel(): canceling Mon Jun 18 01:24:22 UTC 2018
auto.tcl: Setting watchdog for 200 seconds at Mon Jun 18 01:24:22 UTC 2018
0
1
1
1
0
0
0
1
1
1
1
1
0
0
0
0
1
1
1
1
1
0
0
1
1
1
0
0
0
0
0
9 ms. Memory: 309248K Free: 291442K (94%)
ptolemy.util.test.WatchDog.cancel(): canceling Mon Jun 18 01:24:22 UTC 2018
------------------ testing $PTII/ptolemy/domains/de/test/auto/deInCt2.xml
auto.tcl: Setting watchdog for 200 seconds at Mon Jun 18 01:24:22 UTC 2018
0
1
1
1
0
0
1
1
1
0
0
1
1
1
0
0
1
1
1
0
0
1
1
1
0
0
1
1
1
0
0
1
1
1
0
0
1
1
1
0
0
0
12 ms. Memory: 307712K Free: 289906K (94%)
ptolemy.util.test.WatchDog.cancel(): canceling Mon Jun 18 01:24:22 UTC 2018
auto.tcl: Setting watchdog for 200 seconds at Mon Jun 18 01:24:22 UTC 2018
0
1
1
1
0
0
1
1
1
0
0
1
1
1
0
0
1
1
1
0
0
1
1
1
0
0
1
1
1
0
0
1
1
1
0
0
1
1
1
0
0
0
9 ms. Memory: 307712K Free: 289906K (94%)
ptolemy.util.test.WatchDog.cancel(): canceling Mon Jun 18 01:24:22 UTC 2018
------------------ testing $PTII/ptolemy/domains/de/test/auto/dynamicCausalityInterface1.xml
auto.tcl: Setting watchdog for 200 seconds at Mon Jun 18 01:24:22 UTC 2018
1 ms. Memory: 308736K Free: 289909K (94%)
ptolemy.util.test.WatchDog.cancel(): canceling Mon Jun 18 01:24:22 UTC 2018
auto.tcl: Setting watchdog for 200 seconds at Mon Jun 18 01:24:22 UTC 2018
1 ms. Memory: 308736K Free: 286606K (93%)
ptolemy.util.test.WatchDog.cancel(): canceling Mon Jun 18 01:24:22 UTC 2018
------------------ testing $PTII/ptolemy/domains/de/test/auto/fsm_de_test.xml
auto.tcl: Setting watchdog for 200 seconds at Mon Jun 18 01:24:22 UTC 2018
12 ms. Memory: 307712K Free: 286533K (93%)
ptolemy.util.test.WatchDog.cancel(): canceling Mon Jun 18 01:24:22 UTC 2018
auto.tcl: Setting watchdog for 200 seconds at Mon Jun 18 01:24:22 UTC 2018
5 ms. Memory: 307712K Free: 283246K (92%)
ptolemy.util.test.WatchDog.cancel(): canceling Mon Jun 18 01:24:22 UTC 2018
------------------ testing $PTII/ptolemy/domains/de/test/auto/functionDependencyReconstruction.xml
auto.tcl: Setting watchdog for 200 seconds at Mon Jun 18 01:24:22 UTC 2018
2 ms. Memory: 308736K Free: 280941K (91%)
ptolemy.util.test.WatchDog.cancel(): canceling Mon Jun 18 01:24:22 UTC 2018
auto.tcl: Setting watchdog for 200 seconds at Mon Jun 18 01:24:22 UTC 2018
3 ms. Memory: 308736K Free: 277654K (90%)
ptolemy.util.test.WatchDog.cancel(): canceling Mon Jun 18 01:24:22 UTC 2018
------------------ testing $PTII/ptolemy/domains/de/test/auto/multirate.xml
auto.tcl: Setting watchdog for 200 seconds at Mon Jun 18 01:24:23 UTC 2018
8 ms. Memory: 307712K Free: 289688K (94%)
ptolemy.util.test.WatchDog.cancel(): canceling Mon Jun 18 01:24:23 UTC 2018
auto.tcl: Setting watchdog for 200 seconds at Mon Jun 18 01:24:23 UTC 2018
3 ms. Memory: 307712K Free: 286376K (93%)
ptolemy.util.test.WatchDog.cancel(): canceling Mon Jun 18 01:24:23 UTC 2018
------------------ testing $PTII/ptolemy/domains/de/test/auto/multirate2.xml
auto.tcl: Setting watchdog for 200 seconds at Mon Jun 18 01:24:23 UTC 2018
3 ms. Memory: 308736K Free: 290884K (94%)
ptolemy.util.test.WatchDog.cancel(): canceling Mon Jun 18 01:24:23 UTC 2018
auto.tcl: Setting watchdog for 200 seconds at Mon Jun 18 01:24:23 UTC 2018
3 ms. Memory: 308736K Free: 287597K (93%)
ptolemy.util.test.WatchDog.cancel(): canceling Mon Jun 18 01:24:23 UTC 2018
------------------ testing $PTII/ptolemy/domains/de/test/auto/realtime.xml
auto.tcl: Setting watchdog for 200 seconds at Mon Jun 18 01:24:23 UTC 2018
10002 ms. Memory: 307712K Free: 289850K (94%)
ptolemy.util.test.WatchDog.cancel(): canceling Mon Jun 18 01:24:33 UTC 2018
auto.tcl: Setting watchdog for 200 seconds at Mon Jun 18 01:24:33 UTC 2018
10002 ms. Memory: 307712K Free: 289850K (94%)
ptolemy.util.test.WatchDog.cancel(): canceling Mon Jun 18 01:24:43 UTC 2018
------------------ testing $PTII/ptolemy/domains/de/test/auto/relationGroup.xml
auto.tcl: Setting watchdog for 200 seconds at Mon Jun 18 01:24:43 UTC 2018
1 ms. Memory: 308224K Free: 295963K (96%)
ptolemy.util.test.WatchDog.cancel(): canceling Mon Jun 18 01:24:43 UTC 2018
auto.tcl: Setting watchdog for 200 seconds at Mon Jun 18 01:24:43 UTC 2018
1 ms. Memory: 308224K Free: 295963K (96%)
ptolemy.util.test.WatchDog.cancel(): canceling Mon Jun 18 01:24:43 UTC 2018
------------------ testing $PTII/ptolemy/domains/de/test/auto/relationGroup2.xml
auto.tcl: Setting watchdog for 200 seconds at Mon Jun 18 01:24:43 UTC 2018
1 ms. Memory: 307712K Free: 293214K (95%)
ptolemy.util.test.WatchDog.cancel(): canceling Mon Jun 18 01:24:43 UTC 2018
auto.tcl: Setting watchdog for 200 seconds at Mon Jun 18 01:24:43 UTC 2018
1 ms. Memory: 307712K Free: 293214K (95%)
ptolemy.util.test.WatchDog.cancel(): canceling Mon Jun 18 01:24:43 UTC 2018
------------------ testing $PTII/ptolemy/domains/de/test/auto/sortWithOpaquePorts.xml
auto.tcl: Setting watchdog for 200 seconds at Mon Jun 18 01:24:43 UTC 2018
1 ms. Memory: 308224K Free: 290416K (94%)
ptolemy.util.test.WatchDog.cancel(): canceling Mon Jun 18 01:24:43 UTC 2018
auto.tcl: Setting watchdog for 200 seconds at Mon Jun 18 01:24:43 UTC 2018
2 ms. Memory: 308224K Free: 290416K (94%)
ptolemy.util.test.WatchDog.cancel(): canceling Mon Jun 18 01:24:43 UTC 2018
------------------ testing $PTII/ptolemy/domains/de/test/auto/transferInputsandOutputs.xml
auto.tcl: Setting watchdog for 200 seconds at Mon Jun 18 01:24:43 UTC 2018
2 ms. Memory: 307712K Free: 292178K (95%)
ptolemy.util.test.WatchDog.cancel(): canceling Mon Jun 18 01:24:43 UTC 2018
auto.tcl: Setting watchdog for 200 seconds at Mon Jun 18 01:24:43 UTC 2018
1 ms. Memory: 307712K Free: 288875K (94%)
ptolemy.util.test.WatchDog.cancel(): canceling Mon Jun 18 01:24:43 UTC 2018
------------------ testing $PTII/ptolemy/domains/de/test/auto/triggerType.xml
auto.tcl: Setting watchdog for 200 seconds at Mon Jun 18 01:24:43 UTC 2018
1 ms. Memory: 308224K Free: 290376K (94%)
ptolemy.util.test.WatchDog.cancel(): canceling Mon Jun 18 01:24:43 UTC 2018
auto.tcl: Setting watchdog for 200 seconds at Mon Jun 18 01:24:43 UTC 2018
1 ms. Memory: 308224K Free: 290376K (94%)
ptolemy.util.test.WatchDog.cancel(): canceling Mon Jun 18 01:24:43 UTC 2018
06/18/18 01:24:43
Failed: 0  Total Tests: 192  ((Passed: 187, Newly Passed: 1)  Known Failed: 5) /home/travis/build/icyphy/ptII/ptolemy/domains/de/test
06/18/18 01:24:43
Failed: 0  Total Tests: 192  ((Passed: 187, Newly Passed: 1)  Known Failed: 5) /home/travis/build/icyphy/ptII/ptolemy/domains/de/test
----------------- testing (KnownFailure) /home/travis/build/icyphy/ptII/ptolemy/domains/de/test/auto/knownFailedTests/DESDFClockTest.xml
2012 ms. Memory: 307712K Free: 284137K (92%)
Known Failure: java.lang.reflect.InvocationTargetException
----------------- testing (KnownFailure) /home/travis/build/icyphy/ptII/ptolemy/domains/de/test/auto/knownFailedTests/DirectFeedback.xml
1 ms. Memory: 307712K Free: 266032K (86%)
Known Failure: java.lang.reflect.InvocationTargetException
----------------- testing (KnownFailure) /home/travis/build/icyphy/ptII/ptolemy/domains/de/test/auto/knownFailedTests/FSMSource.xml
4 ms. Memory: 307712K Free: 243386K (79%)
----------------- testing (KnownFailure) /home/travis/build/icyphy/ptII/ptolemy/domains/de/test/auto/knownFailedTests/HierarchicalModel.xml
2 ms. Memory: 307712K Free: 220731K (72%)
Known Failure: java.lang.reflect.InvocationTargetException
----------------- testing (KnownFailure) /home/travis/build/icyphy/ptII/ptolemy/domains/de/test/auto/knownFailedTests/dependencyLoop.xml
1 ms. Memory: 307712K Free: 189016K (61%)
Known Failure: java.lang.reflect.InvocationTargetException
----------------- testing (KnownFailure) /home/travis/build/icyphy/ptII/ptolemy/domains/de/test/auto/knownFailedTests/dependencyLoop2.xml
2 ms. Memory: 307712K Free: 157301K (51%)
Known Failure: java.lang.reflect.InvocationTargetException
No auto/linux-amd64/*.xml tests in /home/travis/build/icyphy/ptII/ptolemy/domains/de/test
AutoTests.java: About to close Vertx.
AutoTests.java: Vertx closed.

===========================================================================================
----------------- testing Mon Jun 18 01:24:45 UTC 2018 /home/travis/build/icyphy/ptII/ptolemy/domains/de/test/auto/ActorDepthCalculation_actorWithoutPorts.xml
----------------- Instantiating /home/travis/build/icyphy/ptII/ptolemy/domains/de/test/auto/ActorDepthCalculation_actorWithoutPorts.xml
1 ms. Memory: 307712K Free: 130128K (42%)
----------------- Invoking toplevel() on ptolemy.moml.MoMLSimpleApplication@769942c5
----------------- Done invoking toplevel() on ptolemy.moml.MoMLSimpleApplication@769942c5
reloadAllAccessors: .ActorDepthCalculation_actorWithoutPorts

===========================================================================================
----------------- testing Mon Jun 18 01:24:45 UTC 2018 /home/travis/build/icyphy/ptII/ptolemy/domains/de/test/auto/AssemblyLine.xml
----------------- Instantiating /home/travis/build/icyphy/ptII/ptolemy/domains/de/test/auto/AssemblyLine.xml
1 ms. Memory: 307712K Free: 116550K (38%)
----------------- Invoking toplevel() on ptolemy.moml.MoMLSimpleApplication@5c7cc40c
----------------- Done invoking toplevel() on ptolemy.moml.MoMLSimpleApplication@5c7cc40c
reloadAllAccessors: .AssemblyLine

===========================================================================================
----------------- testing Mon Jun 18 01:24:45 UTC 2018 /home/travis/build/icyphy/ptII/ptolemy/domains/de/test/auto/CQBug1.xml
----------------- Instantiating /home/travis/build/icyphy/ptII/ptolemy/domains/de/test/auto/CQBug1.xml
1 ms. Memory: 307712K Free: 107497K (35%)
----------------- Invoking toplevel() on ptolemy.moml.MoMLSimpleApplication@6556e2a6
----------------- Done invoking toplevel() on ptolemy.moml.MoMLSimpleApplication@6556e2a6
reloadAllAccessors: .CQBug1

===========================================================================================
----------------- testing Mon Jun 18 01:24:45 UTC 2018 /home/travis/build/icyphy/ptII/ptolemy/domains/de/test/auto/CancelFireAt.xml
----------------- Instantiating /home/travis/build/icyphy/ptII/ptolemy/domains/de/test/auto/CancelFireAt.xml
1 ms. Memory: 307712K Free: 98445K (32%)
----------------- Invoking toplevel() on ptolemy.moml.MoMLSimpleApplication@1078f127
----------------- Done invoking toplevel() on ptolemy.moml.MoMLSimpleApplication@1078f127
reloadAllAccessors: .CancelFireAt

===========================================================================================
----------------- testing Mon Jun 18 01:24:45 UTC 2018 /home/travis/build/icyphy/ptII/ptolemy/domains/de/test/auto/CausalityAndComposabilityAnalysis.xml
----------------- Instantiating /home/travis/build/icyphy/ptII/ptolemy/domains/de/test/auto/CausalityAndComposabilityAnalysis.xml
1 ms. Memory: 307712K Free: 89393K (29%)
----------------- Invoking toplevel() on ptolemy.moml.MoMLSimpleApplication@65928e29
----------------- Done invoking toplevel() on ptolemy.moml.MoMLSimpleApplication@65928e29
reloadAllAccessors: .CausalityAndComposabilityAnalysis

===========================================================================================
----------------- testing Mon Jun 18 01:24:45 UTC 2018 /home/travis/build/icyphy/ptII/ptolemy/domains/de/test/auto/CausalityInterface1.xml
----------------- Instantiating /home/travis/build/icyphy/ptII/ptolemy/domains/de/test/auto/CausalityInterface1.xml
4 ms. Memory: 307712K Free: 77053K (25%)
----------------- Invoking toplevel() on ptolemy.moml.MoMLSimpleApplication@1e985136
----------------- Done invoking toplevel() on ptolemy.moml.MoMLSimpleApplication@1e985136
reloadAllAccessors: .CausalityInterface1

===========================================================================================
----------------- testing Mon Jun 18 01:24:45 UTC 2018 /home/travis/build/icyphy/ptII/ptolemy/domains/de/test/auto/CausalityInterface15.xml
----------------- Instantiating /home/travis/build/icyphy/ptII/ptolemy/domains/de/test/auto/CausalityInterface15.xml
1 ms. Memory: 298496K Free: 284795K (95%)
----------------- Invoking toplevel() on ptolemy.moml.MoMLSimpleApplication@6fa3f872
----------------- Done invoking toplevel() on ptolemy.moml.MoMLSimpleApplication@6fa3f872
reloadAllAccessors: .CausalityInterface15

[...]
java.lang.RuntimeException: Execution failed
	at ptolemy.moml.MoMLSimpleApplication$UnloadThread.run(MoMLSimpleApplication.java:402)
Caused by: ptolemy.kernel.util.IllegalActionException: Test fails in iteration 1.
Value was: 1.0. Should have been: 2.0
  in .DirectFeedback.Test
	at ptolemy.actor.lib.Test.fire(Test.java:268)
	at ptolemy.domains.de.kernel.DEDirector._fire(DEDirector.java:1949)
	at ptolemy.domains.de.kernel.DEDirector.fire(DEDirector.java:502)
	at ptolemy.actor.CompositeActor.fire(CompositeActor.java:455)
	at ptolemy.actor.Manager.iterate(Manager.java:851)
	at ptolemy.actor.Manager.execute(Manager.java:369)
	at ptolemy.actor.Manager.run(Manager.java:1263)
	at ptolemy.actor.Manager$PtolemyRunThread.run(Manager.java:1915)
java.lang.RuntimeException: Execution failed
	at ptolemy.moml.MoMLSimpleApplication$UnloadThread.run(MoMLSimpleApplication.java:402)
Caused by: ptolemy.kernel.util.IllegalActionException: Actor is not ready to fire.  Perhaps UpSample.prefire() returned false? Try debugging the actor by selecting "Listen to Actor".  Also, for SDF check moml for tokenConsumptionRate on input.
  in .DESDFClockTest.Play Bell.Copy1:SDF Director and .DESDFClockTest.Play Bell.UpSample
	at ptolemy.actor.sched.StaticSchedulingDirector.fire(StaticSchedulingDirector.java:227)
	at ptolemy.domains.sdf.kernel.SDFDirector.fire(SDFDirector.java:500)
	at ptolemy.actor.CompositeActor.fire(CompositeActor.java:455)
	at ptolemy.domains.de.kernel.DEDirector._fire(DEDirector.java:1949)
	at ptolemy.domains.de.kernel.DEDirector.fire(DEDirector.java:502)
	at ptolemy.actor.CompositeActor.fire(CompositeActor.java:455)
	at ptolemy.actor.Manager.iterate(Manager.java:851)
	at ptolemy.actor.Manager.execute(Manager.java:369)
	at ptolemy.actor.Manager.run(Manager.java:1263)
	at ptolemy.actor.Manager$PtolemyRunThread.run(Manager.java:1915)
java.lang.reflect.InvocationTargetException
	at sun.reflect.NativeConstructorAccessorImpl.newInstance0(Native Method)
	at sun.reflect.NativeConstructorAccessorImpl.newInstance(NativeConstructorAccessorImpl.java:62)
	at sun.reflect.DelegatingConstructorAccessorImpl.newInstance(DelegatingConstructorAccessorImpl.java:45)
	at java.lang.reflect.Constructor.newInstance(Constructor.java:423)
	at ptolemy.util.test.junit.AutoKnownFailedTests.RunModel(AutoKnownFailedTests.java:107)
	at sun.reflect.NativeMethodAccessorImpl.invoke0(Native Method)
	at sun.reflect.NativeMethodAccessorImpl.invoke(NativeMethodAccessorImpl.java:62)
	at sun.reflect.DelegatingMethodAccessorImpl.invoke(DelegatingMethodAccessorImpl.java:43)
	at java.lang.reflect.Method.invoke(Method.java:498)
	at org.junit.runners.model.FrameworkMethod$1.runReflectiveCall(FrameworkMethod.java:44)
	at org.junit.internal.runners.model.ReflectiveCallable.run(ReflectiveCallable.java:15)
	at org.junit.runners.model.FrameworkMethod.invokeExplosively(FrameworkMethod.java:41)
	at junitparams.internal.InvokeParameterisedMethod.evaluate(InvokeParameterisedMethod.java:102)
	at org.junit.internal.runners.statements.FailOnTimeout$1.run(FailOnTimeout.java:28)
Caused by: ptolemy.kernel.util.IllegalActionException: Actor is not ready to fire.  Perhaps UpSample.prefire() returned false? Try debugging the actor by selecting "Listen to Actor".  Also, for SDF check moml for tokenConsumptionRate on input.
  in .DESDFClockTest.Play Bell.Copy1:SDF Director and .DESDFClockTest.Play Bell.UpSample
	at ptolemy.actor.sched.StaticSchedulingDirector.fire(StaticSchedulingDirector.java:227)
	at ptolemy.domains.sdf.kernel.SDFDirector.fire(SDFDirector.java:500)
	at ptolemy.actor.CompositeActor.fire(CompositeActor.java:455)
	at ptolemy.domains.de.kernel.DEDirector._fire(DEDirector.java:1949)
	at ptolemy.domains.de.kernel.DEDirector.fire(DEDirector.java:502)
	at ptolemy.actor.CompositeActor.fire(CompositeActor.java:455)
	at ptolemy.actor.Manager.iterate(Manager.java:851)
	at ptolemy.actor.Manager.execute(Manager.java:369)
	at ptolemy.actor.Manager.run(Manager.java:1263)
	at ptolemy.actor.Manager$PtolemyRunThread.run(Manager.java:1915)
java.lang.RuntimeException: Execution failed
	at ptolemy.moml.MoMLSimpleApplication$UnloadThread.run(MoMLSimpleApplication.java:402)
Caused by: ptolemy.kernel.util.IllegalActionException: Test fails in iteration 1.
Value was: 1.0. Should have been: 2.0
  in .DirectFeedback.Test
	at ptolemy.actor.lib.Test.fire(Test.java:268)
	at ptolemy.domains.de.kernel.DEDirector._fire(DEDirector.java:1949)
	at ptolemy.domains.de.kernel.DEDirector.fire(DEDirector.java:502)
	at ptolemy.actor.CompositeActor.fire(CompositeActor.java:455)
	at ptolemy.actor.Manager.iterate(Manager.java:851)
	at ptolemy.actor.Manager.execute(Manager.java:369)
	at ptolemy.actor.Manager.run(Manager.java:1263)
	at ptolemy.actor.Manager$PtolemyRunThread.run(Manager.java:1915)
java.lang.reflect.InvocationTargetException
	at sun.reflect.NativeConstructorAccessorImpl.newInstance0(Native Method)
	at sun.reflect.NativeConstructorAccessorImpl.newInstance(NativeConstructorAccessorImpl.java:62)
	at sun.reflect.DelegatingConstructorAccessorImpl.newInstance(DelegatingConstructorAccessorImpl.java:45)
	at java.lang.reflect.Constructor.newInstance(Constructor.java:423)
	at ptolemy.util.test.junit.AutoKnownFailedTests.RunModel(AutoKnownFailedTests.java:107)
	at sun.reflect.NativeMethodAccessorImpl.invoke0(Native Method)
	at sun.reflect.NativeMethodAccessorImpl.invoke(NativeMethodAccessorImpl.java:62)
	at sun.reflect.DelegatingMethodAccessorImpl.invoke(DelegatingMethodAccessorImpl.java:43)
	at java.lang.reflect.Method.invoke(Method.java:498)
	at org.junit.runners.model.FrameworkMethod$1.runReflectiveCall(FrameworkMethod.java:44)
	at org.junit.internal.runners.model.ReflectiveCallable.run(ReflectiveCallable.java:15)
	at org.junit.runners.model.FrameworkMethod.invokeExplosively(FrameworkMethod.java:41)
	at junitparams.internal.InvokeParameterisedMethod.evaluate(InvokeParameterisedMethod.java:102)
	at org.junit.internal.runners.statements.FailOnTimeout$1.run(FailOnTimeout.java:28)
Caused by: ptolemy.kernel.util.IllegalActionException: Test fails in iteration 1.
Value was: 1.0. Should have been: 2.0
  in .DirectFeedback.Test
	at ptolemy.actor.lib.Test.fire(Test.java:268)
	at ptolemy.domains.de.kernel.DEDirector._fire(DEDirector.java:1949)
	at ptolemy.domains.de.kernel.DEDirector.fire(DEDirector.java:502)
	at ptolemy.actor.CompositeActor.fire(CompositeActor.java:455)
	at ptolemy.actor.Manager.iterate(Manager.java:851)
	at ptolemy.actor.Manager.execute(Manager.java:369)
	at ptolemy.actor.Manager.run(Manager.java:1263)
	at ptolemy.actor.Manager$PtolemyRunThread.run(Manager.java:1915)
java.lang.RuntimeException: Execution failed
	at ptolemy.moml.MoMLSimpleApplication$UnloadThread.run(MoMLSimpleApplication.java:402)
Caused by: ptolemy.kernel.util.IllegalActionException: Found a zero delay loop containing .HierarchicalModel.A
  in .HierarchicalModel and .HierarchicalModel.A
	at ptolemy.actor.util.CausalityInterfaceForComposites._computeOutputPortDepth(CausalityInterfaceForComposites.java:759)
	at ptolemy.actor.util.CausalityInterfaceForComposites._computeInputDepth(CausalityInterfaceForComposites.java:696)
	at ptolemy.actor.util.CausalityInterfaceForComposites._computeOutputPortDepth(CausalityInterfaceForComposites.java:765)
	at ptolemy.actor.util.CausalityInterfaceForComposites._computeInputDepth(CausalityInterfaceForComposites.java:696)
	at ptolemy.actor.util.CausalityInterfaceForComposites._computeOutputPortDepth(CausalityInterfaceForComposites.java:765)
	at ptolemy.actor.util.CausalityInterfaceForComposites._computeInputDepth(CausalityInterfaceForComposites.java:696)
	at ptolemy.actor.util.CausalityInterfaceForComposites._computeActorDepth(CausalityInterfaceForComposites.java:532)
	at ptolemy.actor.util.CausalityInterfaceForComposites.checkForCycles(CausalityInterfaceForComposites.java:96)
	at ptolemy.domains.de.kernel.DEDirector.preinitialize(DEDirector.java:1338)
	at ptolemy.actor.CompositeActor.preinitialize(CompositeActor.java:1828)
	at ptolemy.actor.Manager.preinitializeAndResolveTypes(Manager.java:1040)
	at ptolemy.actor.Manager.initialize(Manager.java:710)
	at ptolemy.actor.Manager.execute(Manager.java:356)
	at ptolemy.actor.Manager.run(Manager.java:1263)
	at ptolemy.actor.Manager$PtolemyRunThread.run(Manager.java:1915)
java.lang.reflect.InvocationTargetException
	at sun.reflect.NativeConstructorAccessorImpl.newInstance0(Native Method)
	at sun.reflect.NativeConstructorAccessorImpl.newInstance(NativeConstructorAccessorImpl.java:62)
	at sun.reflect.DelegatingConstructorAccessorImpl.newInstance(DelegatingConstructorAccessorImpl.java:45)
	at java.lang.reflect.Constructor.newInstance(Constructor.java:423)
	at ptolemy.util.test.junit.AutoKnownFailedTests.RunModel(AutoKnownFailedTests.java:107)
	at sun.reflect.NativeMethodAccessorImpl.invoke0(Native Method)
	at sun.reflect.NativeMethodAccessorImpl.invoke(NativeMethodAccessorImpl.java:62)
	at sun.reflect.DelegatingMethodAccessorImpl.invoke(DelegatingMethodAccessorImpl.java:43)
	at java.lang.reflect.Method.invoke(Method.java:498)
	at org.junit.runners.model.FrameworkMethod$1.runReflectiveCall(FrameworkMethod.java:44)
	at org.junit.internal.runners.model.ReflectiveCallable.run(ReflectiveCallable.java:15)
	at org.junit.runners.model.FrameworkMethod.invokeExplosively(FrameworkMethod.java:41)
	at junitparams.internal.InvokeParameterisedMethod.evaluate(InvokeParameterisedMethod.java:102)
	at org.junit.internal.runners.statements.FailOnTimeout$1.run(FailOnTimeout.java:28)
Caused by: ptolemy.kernel.util.IllegalActionException: Found a zero delay loop containing .HierarchicalModel.A
  in .HierarchicalModel and .HierarchicalModel.A
	at ptolemy.actor.util.CausalityInterfaceForComposites._computeOutputPortDepth(CausalityInterfaceForComposites.java:759)
	at ptolemy.actor.util.CausalityInterfaceForComposites._computeInputDepth(CausalityInterfaceForComposites.java:696)
	at ptolemy.actor.util.CausalityInterfaceForComposites._computeOutputPortDepth(CausalityInterfaceForComposites.java:765)
	at ptolemy.actor.util.CausalityInterfaceForComposites._computeInputDepth(CausalityInterfaceForComposites.java:696)
	at ptolemy.actor.util.CausalityInterfaceForComposites._computeOutputPortDepth(CausalityInterfaceForComposites.java:765)
	at ptolemy.actor.util.CausalityInterfaceForComposites._computeInputDepth(CausalityInterfaceForComposites.java:696)
	at ptolemy.actor.util.CausalityInterfaceForComposites._computeActorDepth(CausalityInterfaceForComposites.java:532)
	at ptolemy.actor.util.CausalityInterfaceForComposites.checkForCycles(CausalityInterfaceForComposites.java:96)
	at ptolemy.domains.de.kernel.DEDirector.preinitialize(DEDirector.java:1338)
	at ptolemy.actor.CompositeActor.preinitialize(CompositeActor.java:1828)
	at ptolemy.actor.Manager.preinitializeAndResolveTypes(Manager.java:1040)
	at ptolemy.actor.Manager.initialize(Manager.java:710)
	at ptolemy.actor.Manager.execute(Manager.java:356)
	at ptolemy.actor.Manager.run(Manager.java:1263)
	at ptolemy.actor.Manager$PtolemyRunThread.run(Manager.java:1915)
java.lang.RuntimeException: Execution failed
	at ptolemy.moml.MoMLSimpleApplication$UnloadThread.run(MoMLSimpleApplication.java:402)
Caused by: ptolemy.kernel.util.IllegalActionException: Found a zero delay loop containing .dependencyLoop.original
  in .dependencyLoop and .dependencyLoop.original
	at ptolemy.actor.util.CausalityInterfaceForComposites._computeOutputPortDepth(CausalityInterfaceForComposites.java:759)
	at ptolemy.actor.util.CausalityInterfaceForComposites._computeInputDepth(CausalityInterfaceForComposites.java:696)
	at ptolemy.actor.util.CausalityInterfaceForComposites._computeOutputPortDepth(CausalityInterfaceForComposites.java:765)
	at ptolemy.actor.util.CausalityInterfaceForComposites._computeInputDepth(CausalityInterfaceForComposites.java:696)
	at ptolemy.actor.util.CausalityInterfaceForComposites._computeOutputPortDepth(CausalityInterfaceForComposites.java:765)
	at ptolemy.actor.util.CausalityInterfaceForComposites._computeInputDepth(CausalityInterfaceForComposites.java:696)
	at ptolemy.actor.util.CausalityInterfaceForComposites._computeActorDepth(CausalityInterfaceForComposites.java:532)
	at ptolemy.actor.util.CausalityInterfaceForComposites.checkForCycles(CausalityInterfaceForComposites.java:96)
	at ptolemy.domains.de.kernel.DEDirector.preinitialize(DEDirector.java:1338)
	at ptolemy.actor.CompositeActor.preinitialize(CompositeActor.java:1828)
	at ptolemy.actor.Manager.preinitializeAndResolveTypes(Manager.java:1040)
	at ptolemy.actor.Manager.initialize(Manager.java:710)
	at ptolemy.actor.Manager.execute(Manager.java:356)
	at ptolemy.actor.Manager.run(Manager.java:1263)
	at ptolemy.actor.Manager$PtolemyRunThread.run(Manager.java:1915)
java.lang.reflect.InvocationTargetException
	at sun.reflect.NativeConstructorAccessorImpl.newInstance0(Native Method)
	at sun.reflect.NativeConstructorAccessorImpl.newInstance(NativeConstructorAccessorImpl.java:62)
	at sun.reflect.DelegatingConstructorAccessorImpl.newInstance(DelegatingConstructorAccessorImpl.java:45)
	at java.lang.reflect.Constructor.newInstance(Constructor.java:423)
	at ptolemy.util.test.junit.AutoKnownFailedTests.RunModel(AutoKnownFailedTests.java:107)
	at sun.reflect.NativeMethodAccessorImpl.invoke0(Native Method)
	at sun.reflect.NativeMethodAccessorImpl.invoke(NativeMethodAccessorImpl.java:62)
	at sun.reflect.DelegatingMethodAccessorImpl.invoke(DelegatingMethodAccessorImpl.java:43)
	at java.lang.reflect.Method.invoke(Method.java:498)
	at org.junit.runners.model.FrameworkMethod$1.runReflectiveCall(FrameworkMethod.java:44)
	at org.junit.internal.runners.model.ReflectiveCallable.run(ReflectiveCallable.java:15)
	at org.junit.runners.model.FrameworkMethod.invokeExplosively(FrameworkMethod.java:41)
	at junitparams.internal.InvokeParameterisedMethod.evaluate(InvokeParameterisedMethod.java:102)
	at org.junit.internal.runners.statements.FailOnTimeout$1.run(FailOnTimeout.java:28)
Caused by: ptolemy.kernel.util.IllegalActionException: Found a zero delay loop containing .dependencyLoop.original
  in .dependencyLoop and .dependencyLoop.original
	at ptolemy.actor.util.CausalityInterfaceForComposites._computeOutputPortDepth(CausalityInterfaceForComposites.java:759)
	at ptolemy.actor.util.CausalityInterfaceForComposites._computeInputDepth(CausalityInterfaceForComposites.java:696)
	at ptolemy.actor.util.CausalityInterfaceForComposites._computeOutputPortDepth(CausalityInterfaceForComposites.java:765)
	at ptolemy.actor.util.CausalityInterfaceForComposites._computeInputDepth(CausalityInterfaceForComposites.java:696)
	at ptolemy.actor.util.CausalityInterfaceForComposites._computeOutputPortDepth(CausalityInterfaceForComposites.java:765)
	at ptolemy.actor.util.CausalityInterfaceForComposites._computeInputDepth(CausalityInterfaceForComposites.java:696)
	at ptolemy.actor.util.CausalityInterfaceForComposites._computeActorDepth(CausalityInterfaceForComposites.java:532)
	at ptolemy.actor.util.CausalityInterfaceForComposites.checkForCycles(CausalityInterfaceForComposites.java:96)
	at ptolemy.domains.de.kernel.DEDirector.preinitialize(DEDirector.java:1338)
	at ptolemy.actor.CompositeActor.preinitialize(CompositeActor.java:1828)
	at ptolemy.actor.Manager.preinitializeAndResolveTypes(Manager.java:1040)
	at ptolemy.actor.Manager.initialize(Manager.java:710)
	at ptolemy.actor.Manager.execute(Manager.java:356)
	at ptolemy.actor.Manager.run(Manager.java:1263)
	at ptolemy.actor.Manager$PtolemyRunThread.run(Manager.java:1915)
java.lang.RuntimeException: Execution failed
	at ptolemy.moml.MoMLSimpleApplication$UnloadThread.run(MoMLSimpleApplication.java:402)
Caused by: ptolemy.kernel.util.IllegalActionException: Found a zero delay loop containing .dependencyLoop2.original
  in .dependencyLoop2 and .dependencyLoop2.original
	at ptolemy.actor.util.CausalityInterfaceForComposites._computeOutputPortDepth(CausalityInterfaceForComposites.java:759)
	at ptolemy.actor.util.CausalityInterfaceForComposites._computeInputDepth(CausalityInterfaceForComposites.java:696)
	at ptolemy.actor.util.CausalityInterfaceForComposites._computeOutputPortDepth(CausalityInterfaceForComposites.java:765)
	at ptolemy.actor.util.CausalityInterfaceForComposites._computeInputDepth(CausalityInterfaceForComposites.java:696)
	at ptolemy.actor.util.CausalityInterfaceForComposites._computeOutputPortDepth(CausalityInterfaceForComposites.java:765)
	at ptolemy.actor.util.CausalityInterfaceForComposites._computeInputDepth(CausalityInterfaceForComposites.java:696)
	at ptolemy.actor.util.CausalityInterfaceForComposites._computeActorDepth(CausalityInterfaceForComposites.java:532)
	at ptolemy.actor.util.CausalityInterfaceForComposites.checkForCycles(CausalityInterfaceForComposites.java:96)
	at ptolemy.domains.de.kernel.DEDirector.preinitialize(DEDirector.java:1338)
	at ptolemy.actor.CompositeActor.preinitialize(CompositeActor.java:1828)
	at ptolemy.actor.Manager.preinitializeAndResolveTypes(Manager.java:1040)
	at ptolemy.actor.Manager.initialize(Manager.java:710)
	at ptolemy.actor.Manager.execute(Manager.java:356)
	at ptolemy.actor.Manager.run(Manager.java:1263)
	at ptolemy.actor.Manager$PtolemyRunThread.run(Manager.java:1915)
java.lang.reflect.InvocationTargetException
	at sun.reflect.NativeConstructorAccessorImpl.newInstance0(Native Method)
	at sun.reflect.NativeConstructorAccessorImpl.newInstance(NativeConstructorAccessorImpl.java:62)
	at sun.reflect.DelegatingConstructorAccessorImpl.newInstance(DelegatingConstructorAccessorImpl.java:45)
	at java.lang.reflect.Constructor.newInstance(Constructor.java:423)
	at ptolemy.util.test.junit.AutoKnownFailedTests.RunModel(AutoKnownFailedTests.java:107)
	at sun.reflect.NativeMethodAccessorImpl.invoke0(Native Method)
	at sun.reflect.NativeMethodAccessorImpl.invoke(NativeMethodAccessorImpl.java:62)
	at sun.reflect.DelegatingMethodAccessorImpl.invoke(DelegatingMethodAccessorImpl.java:43)
	at java.lang.reflect.Method.invoke(Method.java:498)
	at org.junit.runners.model.FrameworkMethod$1.runReflectiveCall(FrameworkMethod.java:44)
	at org.junit.internal.runners.model.ReflectiveCallable.run(ReflectiveCallable.java:15)
	at org.junit.runners.model.FrameworkMethod.invokeExplosively(FrameworkMethod.java:41)
	at junitparams.internal.InvokeParameterisedMethod.evaluate(InvokeParameterisedMethod.java:102)
	at org.junit.internal.runners.statements.FailOnTimeout$1.run(FailOnTimeout.java:28)
Caused by: ptolemy.kernel.util.IllegalActionException: Found a zero delay loop containing .dependencyLoop2.original
  in .dependencyLoop2 and .dependencyLoop2.original
	at ptolemy.actor.util.CausalityInterfaceForComposites._computeOutputPortDepth(CausalityInterfaceForComposites.java:759)
	at ptolemy.actor.util.CausalityInterfaceForComposites._computeInputDepth(CausalityInterfaceForComposites.java:696)
	at ptolemy.actor.util.CausalityInterfaceForComposites._computeOutputPortDepth(CausalityInterfaceForComposites.java:765)
	at ptolemy.actor.util.CausalityInterfaceForComposites._computeInputDepth(CausalityInterfaceForComposites.java:696)
	at ptolemy.actor.util.CausalityInterfaceForComposites._computeOutputPortDepth(CausalityInterfaceForComposites.java:765)
	at ptolemy.actor.util.CausalityInterfaceForComposites._computeInputDepth(CausalityInterfaceForComposites.java:696)
	at ptolemy.actor.util.CausalityInterfaceForComposites._computeActorDepth(CausalityInterfaceForComposites.java:532)
	at ptolemy.actor.util.CausalityInterfaceForComposites.checkForCycles(CausalityInterfaceForComposites.java:96)
	at ptolemy.domains.de.kernel.DEDirector.preinitialize(DEDirector.java:1338)
	at ptolemy.actor.CompositeActor.preinitialize(CompositeActor.java:1828)
	at ptolemy.actor.Manager.preinitializeAndResolveTypes(Manager.java:1040)
	at ptolemy.actor.Manager.initialize(Manager.java:710)
	at ptolemy.actor.Manager.execute(Manager.java:356)
	at ptolemy.actor.Manager.run(Manager.java:1263)
	at ptolemy.actor.Manager$PtolemyRunThread.run(Manager.java:1915)
]]></system-err>
</testsuite>
