<?xml version="1.0" encoding="UTF-8" ?>
<testsuite errors="0" failures="0" hostname="travis-job-c373131a-a80b-4985-b60e-5a19ec529792" name="ptolemy.domains.continuous.test.junit.JUnitTclTest" skipped="0" tests="155" time="72.764" timestamp="2018-06-12T02:42:40">
  <properties>
[...]
</properties>
  <testcase classname="ptolemy.util.test.junit.TclTests" name="[0] ThereAreNoTclTests (RunTclFile)" time="0.001" />
  <testcase classname="ptolemy.util.test.junit.AutoKnownFailedTests" name="[0] ThereAreNoKnowFailedTests (RunModel)" time="0.0" />
  <testcase classname="ptolemy.util.test.junit.AutoNameArchTests" name="[0] ThereAreNoAutoArchTests (RunModel)" time="0.001" />
  <testcase classname="ptolemy.util.test.junit.AutoTests" name="[0] /home/travis/build/icyphy/ptII/ptolemy/domains/continuous/test/auto/BouncingBall.xml (RunModel)" time="2.795" />
  <testcase classname="ptolemy.util.test.junit.AutoTests" name="[1] /home/travis/build/icyphy/ptII/ptolemy/domains/continuous/test/auto/BouncingBallWithoutGR.xml (RunModel)" time="0.937" />
  <testcase classname="ptolemy.util.test.junit.AutoTests" name="[2] /home/travis/build/icyphy/ptII/ptolemy/domains/continuous/test/auto/Brownian.xml (RunModel)" time="0.095" />
  <testcase classname="ptolemy.util.test.junit.AutoTests" name="[3] /home/travis/build/icyphy/ptII/ptolemy/domains/continuous/test/auto/CarTracking.xml (RunModel)" time="3.518" />
  <testcase classname="ptolemy.util.test.junit.AutoTests" name="[4] /home/travis/build/icyphy/ptII/ptolemy/domains/continuous/test/auto/CartPendulum.xml (RunModel)" time="0.53" />
  <testcase classname="ptolemy.util.test.junit.AutoTests" name="[5] /home/travis/build/icyphy/ptII/ptolemy/domains/continuous/test/auto/CausalityInterface10.xml (RunModel)" time="0.058" />
  <testcase classname="ptolemy.util.test.junit.AutoTests" name="[6] /home/travis/build/icyphy/ptII/ptolemy/domains/continuous/test/auto/CausalityInterface11.xml (RunModel)" time="0.036" />
  <testcase classname="ptolemy.util.test.junit.AutoTests" name="[7] /home/travis/build/icyphy/ptII/ptolemy/domains/continuous/test/auto/CausalityInterface12.xml (RunModel)" time="0.041" />
  <testcase classname="ptolemy.util.test.junit.AutoTests" name="[8] /home/travis/build/icyphy/ptII/ptolemy/domains/continuous/test/auto/CausalityInterface13.xml (RunModel)" time="0.048" />
  <testcase classname="ptolemy.util.test.junit.AutoTests" name="[9] /home/travis/build/icyphy/ptII/ptolemy/domains/continuous/test/auto/CausalityInterface14.xml (RunModel)" time="0.028" />
  <testcase classname="ptolemy.util.test.junit.AutoTests" name="[10] /home/travis/build/icyphy/ptII/ptolemy/domains/continuous/test/auto/CausalityInterface4.xml (RunModel)" time="0.038" />
  <testcase classname="ptolemy.util.test.junit.AutoTests" name="[11] /home/travis/build/icyphy/ptII/ptolemy/domains/continuous/test/auto/CausalityInterface5.xml (RunModel)" time="0.047" />
  <testcase classname="ptolemy.util.test.junit.AutoTests" name="[12] /home/travis/build/icyphy/ptII/ptolemy/domains/continuous/test/auto/CausalityInterface6.xml (RunModel)" time="0.029" />
  <testcase classname="ptolemy.util.test.junit.AutoTests" name="[13] /home/travis/build/icyphy/ptII/ptolemy/domains/continuous/test/auto/CausalityInterface7.xml (RunModel)" time="0.054" />
  <testcase classname="ptolemy.util.test.junit.AutoTests" name="[14] /home/travis/build/icyphy/ptII/ptolemy/domains/continuous/test/auto/CausalityInterface8.xml (RunModel)" time="0.035" />
  <testcase classname="ptolemy.util.test.junit.AutoTests" name="[15] /home/travis/build/icyphy/ptII/ptolemy/domains/continuous/test/auto/CausalityInterface9.xml (RunModel)" time="0.041" />
  <testcase classname="ptolemy.util.test.junit.AutoTests" name="[16] /home/travis/build/icyphy/ptII/ptolemy/domains/continuous/test/auto/CausalityInterfaceFeedback1.xml (RunModel)" time="0.034" />
  <testcase classname="ptolemy.util.test.junit.AutoTests" name="[17] /home/travis/build/icyphy/ptII/ptolemy/domains/continuous/test/auto/CausalityInterfaceFeedback2.xml (RunModel)" time="0.028" />
  <testcase classname="ptolemy.util.test.junit.AutoTests" name="[18] /home/travis/build/icyphy/ptII/ptolemy/domains/continuous/test/auto/CompareWithCurrentTime.xml (RunModel)" time="0.031" />
  <testcase classname="ptolemy.util.test.junit.AutoTests" name="[19] /home/travis/build/icyphy/ptII/ptolemy/domains/continuous/test/auto/ComparedClocks.xml (RunModel)" time="0.083" />
  <testcase classname="ptolemy.util.test.junit.AutoTests" name="[20] /home/travis/build/icyphy/ptII/ptolemy/domains/continuous/test/auto/ContinuousAOCClone.xml (RunModel)" time="2.53" />
  <testcase classname="ptolemy.util.test.junit.AutoTests" name="[21] /home/travis/build/icyphy/ptII/ptolemy/domains/continuous/test/auto/ContinuousClock.xml (RunModel)" time="0.075" />
  <testcase classname="ptolemy.util.test.junit.AutoTests" name="[22] /home/travis/build/icyphy/ptII/ptolemy/domains/continuous/test/auto/ContinuousInContinuous.xml (RunModel)" time="0.084" />
  <testcase classname="ptolemy.util.test.junit.AutoTests" name="[23] /home/travis/build/icyphy/ptII/ptolemy/domains/continuous/test/auto/ContinuousInContinuousInContinuous.xml (RunModel)" time="0.032" />
  <testcase classname="ptolemy.util.test.junit.AutoTests" name="[24] /home/travis/build/icyphy/ptII/ptolemy/domains/continuous/test/auto/ContinuousInDE.xml (RunModel)" time="0.152" />
  <testcase classname="ptolemy.util.test.junit.AutoTests" name="[25] /home/travis/build/icyphy/ptII/ptolemy/domains/continuous/test/auto/ContinuousInDE2.xml (RunModel)" time="0.058" />
  <testcase classname="ptolemy.util.test.junit.AutoTests" name="[26] /home/travis/build/icyphy/ptII/ptolemy/domains/continuous/test/auto/ContinuousInDE3.xml (RunModel)" time="0.061" />
  <testcase classname="ptolemy.util.test.junit.AutoTests" name="[27] /home/travis/build/icyphy/ptII/ptolemy/domains/continuous/test/auto/ContinuousInDE4.xml (RunModel)" time="0.036" />
  <testcase classname="ptolemy.util.test.junit.AutoTests" name="[28] /home/travis/build/icyphy/ptII/ptolemy/domains/continuous/test/auto/ContinuousInDEDifferentRefinements.xml (RunModel)" time="0.133" />
  <testcase classname="ptolemy.util.test.junit.AutoTests" name="[29] /home/travis/build/icyphy/ptII/ptolemy/domains/continuous/test/auto/ContinuousInDEDifferentRefinementsPreemptive.xml (RunModel)" time="0.091" />
  <testcase classname="ptolemy.util.test.junit.AutoTests" name="[30] /home/travis/build/icyphy/ptII/ptolemy/domains/continuous/test/auto/ContinuousInDEInContinuous2.xml (RunModel)" time="0.073" />
  <testcase classname="ptolemy.util.test.junit.AutoTests" name="[31] /home/travis/build/icyphy/ptII/ptolemy/domains/continuous/test/auto/ContinuousInDEInContinuous3.xml (RunModel)" time="0.061" />
  <testcase classname="ptolemy.util.test.junit.AutoTests" name="[32] /home/travis/build/icyphy/ptII/ptolemy/domains/continuous/test/auto/ContinuousInDEInput.xml (RunModel)" time="0.037" />
  <testcase classname="ptolemy.util.test.junit.AutoTests" name="[33] /home/travis/build/icyphy/ptII/ptolemy/domains/continuous/test/auto/ContinuousInDEInput2.xml (RunModel)" time="0.033" />
  <testcase classname="ptolemy.util.test.junit.AutoTests" name="[34] /home/travis/build/icyphy/ptII/ptolemy/domains/continuous/test/auto/ContinuousInDEInput3.xml (RunModel)" time="0.033" />
  <testcase classname="ptolemy.util.test.junit.AutoTests" name="[35] /home/travis/build/icyphy/ptII/ptolemy/domains/continuous/test/auto/ContinuousInDESharingRefinement.xml (RunModel)" time="0.167" />
  <testcase classname="ptolemy.util.test.junit.AutoTests" name="[36] /home/travis/build/icyphy/ptII/ptolemy/domains/continuous/test/auto/ContinuousInDEwithNoPorts.xml (RunModel)" time="0.025" />
  <testcase classname="ptolemy.util.test.junit.AutoTests" name="[37] /home/travis/build/icyphy/ptII/ptolemy/domains/continuous/test/auto/ContinuousInsideDE.xml (RunModel)" time="0.104" />
  <testcase classname="ptolemy.util.test.junit.AutoTests" name="[38] /home/travis/build/icyphy/ptII/ptolemy/domains/continuous/test/auto/ContinuousMerge1.xml (RunModel)" time="0.016" />
  <testcase classname="ptolemy.util.test.junit.AutoTests" name="[39] /home/travis/build/icyphy/ptII/ptolemy/domains/continuous/test/auto/ContinuousMerge2.xml (RunModel)" time="0.049" />
  <testcase classname="ptolemy.util.test.junit.AutoTests" name="[40] /home/travis/build/icyphy/ptII/ptolemy/domains/continuous/test/auto/ContinuousMerge3.xml (RunModel)" time="0.075" />
  <testcase classname="ptolemy.util.test.junit.AutoTests" name="[41] /home/travis/build/icyphy/ptII/ptolemy/domains/continuous/test/auto/ContinuousWithinContinuous.xml (RunModel)" time="0.062" />
  <testcase classname="ptolemy.util.test.junit.AutoTests" name="[42] /home/travis/build/icyphy/ptII/ptolemy/domains/continuous/test/auto/ContinuousWithinContinuous2.xml (RunModel)" time="0.091" />
  <testcase classname="ptolemy.util.test.junit.AutoTests" name="[43] /home/travis/build/icyphy/ptII/ptolemy/domains/continuous/test/auto/ContinuousWithinContinuous3.xml (RunModel)" time="0.025" />
  <testcase classname="ptolemy.util.test.junit.AutoTests" name="[44] /home/travis/build/icyphy/ptII/ptolemy/domains/continuous/test/auto/ContinuousWithinContinuous4.xml (RunModel)" time="0.129" />
  <testcase classname="ptolemy.util.test.junit.AutoTests" name="[45] /home/travis/build/icyphy/ptII/ptolemy/domains/continuous/test/auto/ContinuousWithinContinuous5.xml (RunModel)" time="0.031" />
  <testcase classname="ptolemy.util.test.junit.AutoTests" name="[46] /home/travis/build/icyphy/ptII/ptolemy/domains/continuous/test/auto/ContinuousWithinContinuous6.xml (RunModel)" time="0.029" />
  <testcase classname="ptolemy.util.test.junit.AutoTests" name="[47] /home/travis/build/icyphy/ptII/ptolemy/domains/continuous/test/auto/ContinuousWithinContinuous7.xml (RunModel)" time="0.072" />
  <testcase classname="ptolemy.util.test.junit.AutoTests" name="[48] /home/travis/build/icyphy/ptII/ptolemy/domains/continuous/test/auto/DCMotor.xml (RunModel)" time="14.121" />
  <testcase classname="ptolemy.util.test.junit.AutoTests" name="[49] /home/travis/build/icyphy/ptII/ptolemy/domains/continuous/test/auto/DEInContinuous.xml (RunModel)" time="0.047" />
  <testcase classname="ptolemy.util.test.junit.AutoTests" name="[50] /home/travis/build/icyphy/ptII/ptolemy/domains/continuous/test/auto/DEinContinuous2.xml (RunModel)" time="0.036" />
  <testcase classname="ptolemy.util.test.junit.AutoTests" name="[51] /home/travis/build/icyphy/ptII/ptolemy/domains/continuous/test/auto/Derivative.xml (RunModel)" time="0.178" />
  <testcase classname="ptolemy.util.test.junit.AutoTests" name="[52] /home/travis/build/icyphy/ptII/ptolemy/domains/continuous/test/auto/Derivative1.xml (RunModel)" time="0.049" />
  <testcase classname="ptolemy.util.test.junit.AutoTests" name="[53] /home/travis/build/icyphy/ptII/ptolemy/domains/continuous/test/auto/DiscreteClock.xml (RunModel)" time="0.022" />
  <testcase classname="ptolemy.util.test.junit.AutoTests" name="[54] /home/travis/build/icyphy/ptII/ptolemy/domains/continuous/test/auto/EfficiencyCurve.xml (RunModel)" time="0.12" />
  <testcase classname="ptolemy.util.test.junit.AutoTests" name="[55] /home/travis/build/icyphy/ptII/ptolemy/domains/continuous/test/auto/ExponentialResponse.xml (RunModel)" time="0.12" />
  <testcase classname="ptolemy.util.test.junit.AutoTests" name="[56] /home/travis/build/icyphy/ptII/ptolemy/domains/continuous/test/auto/ExponentialResponseRK45.xml (RunModel)" time="0.047" />
  <testcase classname="ptolemy.util.test.junit.AutoTests" name="[57] /home/travis/build/icyphy/ptII/ptolemy/domains/continuous/test/auto/Friction.xml (RunModel)" time="1.449" />
  <testcase classname="ptolemy.util.test.junit.AutoTests" name="[58] /home/travis/build/icyphy/ptII/ptolemy/domains/continuous/test/auto/FurutaPendulum.xml (RunModel)" time="3.488" />
  <testcase classname="ptolemy.util.test.junit.AutoTests" name="[59] /home/travis/build/icyphy/ptII/ptolemy/domains/continuous/test/auto/HierarchicalExecution.xml (RunModel)" time="2.056" />
  <testcase classname="ptolemy.util.test.junit.AutoTests" name="[60] /home/travis/build/icyphy/ptII/ptolemy/domains/continuous/test/auto/HybridPlant.xml (RunModel)" time="0.555" />
  <testcase classname="ptolemy.util.test.junit.AutoTests" name="[61] /home/travis/build/icyphy/ptII/ptolemy/domains/continuous/test/auto/Hysteresis.xml (RunModel)" time="0.178" />
  <testcase classname="ptolemy.util.test.junit.AutoTests" name="[62] /home/travis/build/icyphy/ptII/ptolemy/domains/continuous/test/auto/HysteresisWithRandomDelay.xml (RunModel)" time="0.214" />
  <testcase classname="ptolemy.util.test.junit.AutoTests" name="[63] /home/travis/build/icyphy/ptII/ptolemy/domains/continuous/test/auto/HysteresisWithRandomLosses.xml (RunModel)" time="2.279" />
  <testcase classname="ptolemy.util.test.junit.AutoTests" name="[64] /home/travis/build/icyphy/ptII/ptolemy/domains/continuous/test/auto/ImmediateTransitions.xml (RunModel)" time="0.039" />
  <testcase classname="ptolemy.util.test.junit.AutoTests" name="[65] /home/travis/build/icyphy/ptII/ptolemy/domains/continuous/test/auto/ImpulseFeedback.xml (RunModel)" time="0.023" />
  <testcase classname="ptolemy.util.test.junit.AutoTests" name="[66] /home/travis/build/icyphy/ptII/ptolemy/domains/continuous/test/auto/ImpulseFeedback2.xml (RunModel)" time="0.015" />
  <testcase classname="ptolemy.util.test.junit.AutoTests" name="[67] /home/travis/build/icyphy/ptII/ptolemy/domains/continuous/test/auto/IncreasingRatePoisson.xml (RunModel)" time="0.715" />
  <testcase classname="ptolemy.util.test.junit.AutoTests" name="[68] /home/travis/build/icyphy/ptII/ptolemy/domains/continuous/test/auto/InitialStateFeedback.xml (RunModel)" time="0.017" />
  <testcase classname="ptolemy.util.test.junit.AutoTests" name="[69] /home/travis/build/icyphy/ptII/ptolemy/domains/continuous/test/auto/Integration.xml (RunModel)" time="0.009" />
  <testcase classname="ptolemy.util.test.junit.AutoTests" name="[70] /home/travis/build/icyphy/ptII/ptolemy/domains/continuous/test/auto/Integration2.xml (RunModel)" time="0.093" />
  <testcase classname="ptolemy.util.test.junit.AutoTests" name="[71] /home/travis/build/icyphy/ptII/ptolemy/domains/continuous/test/auto/Integration3.xml (RunModel)" time="0.034" />
  <testcase classname="ptolemy.util.test.junit.AutoTests" name="[72] /home/travis/build/icyphy/ptII/ptolemy/domains/continuous/test/auto/Integration5.xml (RunModel)" time="0.012" />
  <testcase classname="ptolemy.util.test.junit.AutoTests" name="[73] /home/travis/build/icyphy/ptII/ptolemy/domains/continuous/test/auto/IntegratorImpulse.xml (RunModel)" time="0.011" />
  <testcase classname="ptolemy.util.test.junit.AutoTests" name="[74] /home/travis/build/icyphy/ptII/ptolemy/domains/continuous/test/auto/IntegratorImpulse2.xml (RunModel)" time="0.012" />
  <testcase classname="ptolemy.util.test.junit.AutoTests" name="[75] /home/travis/build/icyphy/ptII/ptolemy/domains/continuous/test/auto/LevelCrossing1.xml (RunModel)" time="0.014" />
  <testcase classname="ptolemy.util.test.junit.AutoTests" name="[76] /home/travis/build/icyphy/ptII/ptolemy/domains/continuous/test/auto/LevelCrossing2.xml (RunModel)" time="0.013" />
  <testcase classname="ptolemy.util.test.junit.AutoTests" name="[77] /home/travis/build/icyphy/ptII/ptolemy/domains/continuous/test/auto/LevelCrossing3.xml (RunModel)" time="0.012" />
  <testcase classname="ptolemy.util.test.junit.AutoTests" name="[78] /home/travis/build/icyphy/ptII/ptolemy/domains/continuous/test/auto/LevelCrossing4.xml (RunModel)" time="0.014" />
  <testcase classname="ptolemy.util.test.junit.AutoTests" name="[79] /home/travis/build/icyphy/ptII/ptolemy/domains/continuous/test/auto/LevelCrossing5.xml (RunModel)" time="0.016" />
  <testcase classname="ptolemy.util.test.junit.AutoTests" name="[80] /home/travis/build/icyphy/ptII/ptolemy/domains/continuous/test/auto/LevelCrossing6.xml (RunModel)" time="0.018" />
  <testcase classname="ptolemy.util.test.junit.AutoTests" name="[81] /home/travis/build/icyphy/ptII/ptolemy/domains/continuous/test/auto/LevelCrossingDetector.xml (RunModel)" time="0.045" />
  <testcase classname="ptolemy.util.test.junit.AutoTests" name="[82] /home/travis/build/icyphy/ptII/ptolemy/domains/continuous/test/auto/LevelCrossingDetectorDetectingDirections.xml (RunModel)" time="0.083" />
  <testcase classname="ptolemy.util.test.junit.AutoTests" name="[83] /home/travis/build/icyphy/ptII/ptolemy/domains/continuous/test/auto/LevelCrossingDetectorDetectsGlitches.xml (RunModel)" time="0.06" />
  <testcase classname="ptolemy.util.test.junit.AutoTests" name="[84] /home/travis/build/icyphy/ptII/ptolemy/domains/continuous/test/auto/LevelCrossingNoInitialOuput.xml (RunModel)" time="0.013" />
  <testcase classname="ptolemy.util.test.junit.AutoTests" name="[85] /home/travis/build/icyphy/ptII/ptolemy/domains/continuous/test/auto/LinearStateSpaceExample.xml (RunModel)" time="0.048" />
  <testcase classname="ptolemy.util.test.junit.AutoTests" name="[86] /home/travis/build/icyphy/ptII/ptolemy/domains/continuous/test/auto/Lorenz.xml (RunModel)" time="4.341" />
  <testcase classname="ptolemy.util.test.junit.AutoTests" name="[87] /home/travis/build/icyphy/ptII/ptolemy/domains/continuous/test/auto/LorenzDifferentialSystem.xml (RunModel)" time="1.084" />
  <testcase classname="ptolemy.util.test.junit.AutoTests" name="[88] /home/travis/build/icyphy/ptII/ptolemy/domains/continuous/test/auto/LorenzDifferentialSystemWithInput.xml (RunModel)" time="1.437" />
  <testcase classname="ptolemy.util.test.junit.AutoTests" name="[89] /home/travis/build/icyphy/ptII/ptolemy/domains/continuous/test/auto/LorenzDifferentialSystemWithTime.xml (RunModel)" time="0.703" />
  <testcase classname="ptolemy.util.test.junit.AutoTests" name="[90] /home/travis/build/icyphy/ptII/ptolemy/domains/continuous/test/auto/Microsteps.xml (RunModel)" time="0.035" />
  <testcase classname="ptolemy.util.test.junit.AutoTests" name="[91] /home/travis/build/icyphy/ptII/ptolemy/domains/continuous/test/auto/Modal1.xml (RunModel)" time="0.046" />
  <testcase classname="ptolemy.util.test.junit.AutoTests" name="[92] /home/travis/build/icyphy/ptII/ptolemy/domains/continuous/test/auto/Modal2.xml (RunModel)" time="0.045" />
  <testcase classname="ptolemy.util.test.junit.AutoTests" name="[93] /home/travis/build/icyphy/ptII/ptolemy/domains/continuous/test/auto/ModalTransitionGuardWithReset.xml (RunModel)" time="0.038" />
  <testcase classname="ptolemy.util.test.junit.AutoTests" name="[94] /home/travis/build/icyphy/ptII/ptolemy/domains/continuous/test/auto/ModalTransitionGuardWithResetUsingPreemptiveTransition.xml (RunModel)" time="0.041" />
  <testcase classname="ptolemy.util.test.junit.AutoTests" name="[95] /home/travis/build/icyphy/ptII/ptolemy/domains/continuous/test/auto/ModalTransitionGuardWithResetUsingPreemptiveTransition2.xml (RunModel)" time="0.036" />
  <testcase classname="ptolemy.util.test.junit.AutoTests" name="[96] /home/travis/build/icyphy/ptII/ptolemy/domains/continuous/test/auto/ModalTransitionGuardWithResetUsingPreemptiveTransition3.xml (RunModel)" time="0.033" />
  <testcase classname="ptolemy.util.test.junit.AutoTests" name="[97] /home/travis/build/icyphy/ptII/ptolemy/domains/continuous/test/auto/NewtonsCradle.xml (RunModel)" time="0.729" />
  <testcase classname="ptolemy.util.test.junit.AutoTests" name="[98] /home/travis/build/icyphy/ptII/ptolemy/domains/continuous/test/auto/NewtonsCradleAnimated.xml (RunModel)" time="1.069" />
  <testcase classname="ptolemy.util.test.junit.AutoTests" name="[99] /home/travis/build/icyphy/ptII/ptolemy/domains/continuous/test/auto/NewtonsCradleComplicated.xml (RunModel)" time="0.867" />
  <testcase classname="ptolemy.util.test.junit.AutoTests" name="[100] /home/travis/build/icyphy/ptII/ptolemy/domains/continuous/test/auto/NewtonsCradleNondeterministic.xml (RunModel)" time="0.653" />
  <testcase classname="ptolemy.util.test.junit.AutoTests" name="[101] /home/travis/build/icyphy/ptII/ptolemy/domains/continuous/test/auto/NewtonsCradlePerfectlyInelastic1.xml (RunModel)" time="1.245" />
  <testcase classname="ptolemy.util.test.junit.AutoTests" name="[102] /home/travis/build/icyphy/ptII/ptolemy/domains/continuous/test/auto/Noise.xml (RunModel)" time="0.179" />
  <testcase classname="ptolemy.util.test.junit.AutoTests" name="[103] /home/travis/build/icyphy/ptII/ptolemy/domains/continuous/test/auto/NoiseSpectrum.xml (RunModel)" time="0.755" />
  <testcase classname="ptolemy.util.test.junit.AutoTests" name="[104] /home/travis/build/icyphy/ptII/ptolemy/domains/continuous/test/auto/ParameterizedNewtonsCradleAnimated.xml (RunModel)" time="0.371" />
  <testcase classname="ptolemy.util.test.junit.AutoTests" name="[105] /home/travis/build/icyphy/ptII/ptolemy/domains/continuous/test/auto/ParameterizedNewtonsCradleAnimatedNondeterministic.xml (RunModel)" time="1.072" />
  <testcase classname="ptolemy.util.test.junit.AutoTests" name="[106] /home/travis/build/icyphy/ptII/ptolemy/domains/continuous/test/auto/Pendulum3D.xml (RunModel)" time="0.181" />
  <testcase classname="ptolemy.util.test.junit.AutoTests" name="[107] /home/travis/build/icyphy/ptII/ptolemy/domains/continuous/test/auto/PeriodicSampler.xml (RunModel)" time="0.015" />
  <testcase classname="ptolemy.util.test.junit.AutoTests" name="[108] /home/travis/build/icyphy/ptII/ptolemy/domains/continuous/test/auto/PeriodicSampler1.xml (RunModel)" time="0.047" />
  <testcase classname="ptolemy.util.test.junit.AutoTests" name="[109] /home/travis/build/icyphy/ptII/ptolemy/domains/continuous/test/auto/PeriodicSampler2.xml (RunModel)" time="0.063" />
  <testcase classname="ptolemy.util.test.junit.AutoTests" name="[110] /home/travis/build/icyphy/ptII/ptolemy/domains/continuous/test/auto/Poisson.xml (RunModel)" time="0.414" />
  <testcase classname="ptolemy.util.test.junit.AutoTests" name="[111] /home/travis/build/icyphy/ptII/ptolemy/domains/continuous/test/auto/PoissonClock.xml (RunModel)" time="0.012" />
  <testcase classname="ptolemy.util.test.junit.AutoTests" name="[112] /home/travis/build/icyphy/ptII/ptolemy/domains/continuous/test/auto/PoissonClock2.xml (RunModel)" time="0.02" />
  <testcase classname="ptolemy.util.test.junit.AutoTests" name="[113] /home/travis/build/icyphy/ptII/ptolemy/domains/continuous/test/auto/PortParameterHierarchy.xml (RunModel)" time="0.021" />
  <testcase classname="ptolemy.util.test.junit.AutoTests" name="[114] /home/travis/build/icyphy/ptII/ptolemy/domains/continuous/test/auto/RandomHybridPlant.xml (RunModel)" time="0.518" />
  <testcase classname="ptolemy.util.test.junit.AutoTests" name="[115] /home/travis/build/icyphy/ptII/ptolemy/domains/continuous/test/auto/ResetTransitionWithStartTime1.xml (RunModel)" time="0.038" />
  <testcase classname="ptolemy.util.test.junit.AutoTests" name="[116] /home/travis/build/icyphy/ptII/ptolemy/domains/continuous/test/auto/ResetTransitionWithStartTime2.xml (RunModel)" time="0.044" />
  <testcase classname="ptolemy.util.test.junit.AutoTests" name="[117] /home/travis/build/icyphy/ptII/ptolemy/domains/continuous/test/auto/ResetTransitionWithStartTime3.xml (RunModel)" time="0.038" />
  <testcase classname="ptolemy.util.test.junit.AutoTests" name="[118] /home/travis/build/icyphy/ptII/ptolemy/domains/continuous/test/auto/ResetTransitionWithStartTime4.xml (RunModel)" time="0.024" />
  <testcase classname="ptolemy.util.test.junit.AutoTests" name="[119] /home/travis/build/icyphy/ptII/ptolemy/domains/continuous/test/auto/ResetTransitionWithStartTime5.xml (RunModel)" time="0.034" />
  <testcase classname="ptolemy.util.test.junit.AutoTests" name="[120] /home/travis/build/icyphy/ptII/ptolemy/domains/continuous/test/auto/ResetTransitionWithStartTime6.xml (RunModel)" time="0.024" />
  <testcase classname="ptolemy.util.test.junit.AutoTests" name="[121] /home/travis/build/icyphy/ptII/ptolemy/domains/continuous/test/auto/SRinContinuous.xml (RunModel)" time="0.025" />
  <testcase classname="ptolemy.util.test.junit.AutoTests" name="[122] /home/travis/build/icyphy/ptII/ptolemy/domains/continuous/test/auto/SampledClocks.xml (RunModel)" time="0.028" />
  <testcase classname="ptolemy.util.test.junit.AutoTests" name="[123] /home/travis/build/icyphy/ptII/ptolemy/domains/continuous/test/auto/Satellite.xml (RunModel)" time="0.734" />
  <testcase classname="ptolemy.util.test.junit.AutoTests" name="[124] /home/travis/build/icyphy/ptII/ptolemy/domains/continuous/test/auto/SigmaDelta.xml (RunModel)" time="2.318" />
  <testcase classname="ptolemy.util.test.junit.AutoTests" name="[125] /home/travis/build/icyphy/ptII/ptolemy/domains/continuous/test/auto/SinuBouncingBall.xml (RunModel)" time="0.84" />
  <testcase classname="ptolemy.util.test.junit.AutoTests" name="[126] /home/travis/build/icyphy/ptII/ptolemy/domains/continuous/test/auto/Sinusoid.xml (RunModel)" time="0.014" />
  <testcase classname="ptolemy.util.test.junit.AutoTests" name="[127] /home/travis/build/icyphy/ptII/ptolemy/domains/continuous/test/auto/SinusoidInNoise.xml (RunModel)" time="0.864" />
  <testcase classname="ptolemy.util.test.junit.AutoTests" name="[128] /home/travis/build/icyphy/ptII/ptolemy/domains/continuous/test/auto/SinusoidRK45.xml (RunModel)" time="0.014" />
  <testcase classname="ptolemy.util.test.junit.AutoTests" name="[129] /home/travis/build/icyphy/ptII/ptolemy/domains/continuous/test/auto/SinusoidWithMultipleImpulses.xml (RunModel)" time="0.011" />
  <testcase classname="ptolemy.util.test.junit.AutoTests" name="[130] /home/travis/build/icyphy/ptII/ptolemy/domains/continuous/test/auto/SquareWave.xml (RunModel)" time="0.18" />
  <testcase classname="ptolemy.util.test.junit.AutoTests" name="[131] /home/travis/build/icyphy/ptII/ptolemy/domains/continuous/test/auto/Starmac.xml (RunModel)" time="3.404" />
  <testcase classname="ptolemy.util.test.junit.AutoTests" name="[132] /home/travis/build/icyphy/ptII/ptolemy/domains/continuous/test/auto/StaticUnits.xml (RunModel)" time="2.455" />
  <testcase classname="ptolemy.util.test.junit.AutoTests" name="[133] /home/travis/build/icyphy/ptII/ptolemy/domains/continuous/test/auto/StickyMasses.xml (RunModel)" time="0.185" />
  <testcase classname="ptolemy.util.test.junit.AutoTests" name="[134] /home/travis/build/icyphy/ptII/ptolemy/domains/continuous/test/auto/StopTime.xml (RunModel)" time="0.073" />
  <testcase classname="ptolemy.util.test.junit.AutoTests" name="[135] /home/travis/build/icyphy/ptII/ptolemy/domains/continuous/test/auto/StopTime2.xml (RunModel)" time="0.051" />
  <testcase classname="ptolemy.util.test.junit.AutoTests" name="[136] /home/travis/build/icyphy/ptII/ptolemy/domains/continuous/test/auto/Switch.xml (RunModel)" time="0.072" />
  <testcase classname="ptolemy.util.test.junit.AutoTests" name="[137] /home/travis/build/icyphy/ptII/ptolemy/domains/continuous/test/auto/Thermostat.xml (RunModel)" time="0.208" />
  <testcase classname="ptolemy.util.test.junit.AutoTests" name="[138] /home/travis/build/icyphy/ptII/ptolemy/domains/continuous/test/auto/TimeDelay.xml (RunModel)" time="0.016" />
  <testcase classname="ptolemy.util.test.junit.AutoTests" name="[139] /home/travis/build/icyphy/ptII/ptolemy/domains/continuous/test/auto/TimeDelay2.xml (RunModel)" time="0.016" />
  <testcase classname="ptolemy.util.test.junit.AutoTests" name="[140] /home/travis/build/icyphy/ptII/ptolemy/domains/continuous/test/auto/TimeDelay3.xml (RunModel)" time="0.014" />
  <testcase classname="ptolemy.util.test.junit.AutoTests" name="[141] /home/travis/build/icyphy/ptII/ptolemy/domains/continuous/test/auto/TransferAbsentToInside.xml (RunModel)" time="0.126" />
  <testcase classname="ptolemy.util.test.junit.AutoTests" name="[142] /home/travis/build/icyphy/ptII/ptolemy/domains/continuous/test/auto/Transmission.xml (RunModel)" time="0.73" />
  <testcase classname="ptolemy.util.test.junit.AutoTests" name="[143] /home/travis/build/icyphy/ptII/ptolemy/domains/continuous/test/auto/TriggeredContinuousClock.xml (RunModel)" time="0.062" />
  <testcase classname="ptolemy.util.test.junit.AutoTests" name="[144] /home/travis/build/icyphy/ptII/ptolemy/domains/continuous/test/auto/TwoMachineInfiniteBusControl.xml (RunModel)" time="3.039" />
  <testcase classname="ptolemy.util.test.junit.AutoTests" name="[145] /home/travis/build/icyphy/ptII/ptolemy/domains/continuous/test/auto/V2V.xml (RunModel)" time="0.716" />
  <testcase classname="ptolemy.util.test.junit.AutoTests" name="[146] /home/travis/build/icyphy/ptII/ptolemy/domains/continuous/test/auto/hierarchicalModalModel.xml (RunModel)" time="0.031" />
  <testcase classname="ptolemy.util.test.junit.AutoTests" name="[147] /home/travis/build/icyphy/ptII/ptolemy/domains/continuous/test/auto/hierarchicalModalModel1.xml (RunModel)" time="0.032" />
  <testcase classname="ptolemy.util.test.junit.AutoTests" name="[148] /home/travis/build/icyphy/ptII/ptolemy/domains/continuous/test/auto/hierarchicalModalModel2.xml (RunModel)" time="0.027" />
  <testcase classname="ptolemy.util.test.junit.AutoTests" name="[149] /home/travis/build/icyphy/ptII/ptolemy/domains/continuous/test/auto/hierarchicalModalModel3.xml (RunModel)" time="0.024" />
  <testcase classname="ptolemy.util.test.junit.AutoTests" name="[150] /home/travis/build/icyphy/ptII/ptolemy/domains/continuous/test/auto/hierarchicalModalModel4.xml (RunModel)" time="0.033" />
  <testcase classname="ptolemy.util.test.junit.AutoTests" name="[151] /home/travis/build/icyphy/ptII/ptolemy/domains/continuous/test/auto/junk.xml (RunModel)" time="0.148" />
  <system-out><![CDATA[No tcl tests in /home/travis/build/icyphy/ptII/ptolemy/domains/continuous/test
No auto/knownFailedTests/*.xml tests in /home/travis/build/icyphy/ptII/ptolemy/domains/continuous/test
No auto/linux-amd64/*.xml tests in /home/travis/build/icyphy/ptII/ptolemy/domains/continuous/test
AutoTests.java: About to close Vertx.
AutoTests.java: Vertx closed.

===========================================================================================
----------------- testing Tue Jun 12 02:42:41 UTC 2018 /home/travis/build/icyphy/ptII/ptolemy/domains/continuous/test/auto/BouncingBall.xml
----------------- Instantiating /home/travis/build/icyphy/ptII/ptolemy/domains/continuous/test/auto/BouncingBall.xml
2232 ms. Memory: 331776K Free: 258871K (78%)
----------------- Invoking toplevel() on ptolemy.moml.MoMLSimpleApplication@6402e10e
----------------- Done invoking toplevel() on ptolemy.moml.MoMLSimpleApplication@6402e10e
reloadAllAccessors: .BouncingBall

===========================================================================================
----------------- testing Tue Jun 12 02:42:44 UTC 2018 /home/travis/build/icyphy/ptII/ptolemy/domains/continuous/test/auto/BouncingBallWithoutGR.xml
----------------- Instantiating /home/travis/build/icyphy/ptII/ptolemy/domains/continuous/test/auto/BouncingBallWithoutGR.xml
805 ms. Memory: 331776K Free: 314905K (95%)
----------------- Invoking toplevel() on ptolemy.moml.MoMLSimpleApplication@ebd92ad
----------------- Done invoking toplevel() on ptolemy.moml.MoMLSimpleApplication@ebd92ad
reloadAllAccessors: .BouncingBallWithoutGR

===========================================================================================
----------------- testing Tue Jun 12 02:42:45 UTC 2018 /home/travis/build/icyphy/ptII/ptolemy/domains/continuous/test/auto/Brownian.xml
----------------- Instantiating /home/travis/build/icyphy/ptII/ptolemy/domains/continuous/test/auto/Brownian.xml
42 ms. Memory: 331776K Free: 301027K (91%)
----------------- Invoking toplevel() on ptolemy.moml.MoMLSimpleApplication@1bf96c87
----------------- Done invoking toplevel() on ptolemy.moml.MoMLSimpleApplication@1bf96c87
reloadAllAccessors: .Brownian

===========================================================================================
----------------- testing Tue Jun 12 02:42:45 UTC 2018 /home/travis/build/icyphy/ptII/ptolemy/domains/continuous/test/auto/CarTracking.xml
----------------- Instantiating /home/travis/build/icyphy/ptII/ptolemy/domains/continuous/test/auto/CarTracking.xml
3128 ms. Memory: 578560K Free: 452748K (78%)
----------------- Invoking toplevel() on ptolemy.moml.MoMLSimpleApplication@6255d086
----------------- Done invoking toplevel() on ptolemy.moml.MoMLSimpleApplication@6255d086
reloadAllAccessors: .CarTracking

===========================================================================================
----------------- testing Tue Jun 12 02:42:48 UTC 2018 /home/travis/build/icyphy/ptII/ptolemy/domains/continuous/test/auto/CartPendulum.xml
----------------- Instantiating /home/travis/build/icyphy/ptII/ptolemy/domains/continuous/test/auto/CartPendulum.xml
409 ms. Memory: 578560K Free: 344851K (60%)
----------------- Invoking toplevel() on ptolemy.moml.MoMLSimpleApplication@3f2f4090
----------------- Done invoking toplevel() on ptolemy.moml.MoMLSimpleApplication@3f2f4090
reloadAllAccessors: .CartPendulum

===========================================================================================
----------------- testing Tue Jun 12 02:42:49 UTC 2018 /home/travis/build/icyphy/ptII/ptolemy/domains/continuous/test/auto/CausalityInterface10.xml
----------------- Instantiating /home/travis/build/icyphy/ptII/ptolemy/domains/continuous/test/auto/CausalityInterface10.xml
7 ms. Memory: 578560K Free: 331728K (57%)
----------------- Invoking toplevel() on ptolemy.moml.MoMLSimpleApplication@8fcfd38
----------------- Done invoking toplevel() on ptolemy.moml.MoMLSimpleApplication@8fcfd38
reloadAllAccessors: .CausalityInterface10

===========================================================================================
----------------- testing Tue Jun 12 02:42:49 UTC 2018 /home/travis/build/icyphy/ptII/ptolemy/domains/continuous/test/auto/CausalityInterface11.xml
----------------- Instantiating /home/travis/build/icyphy/ptII/ptolemy/domains/continuous/test/auto/CausalityInterface11.xml
8 ms. Memory: 578560K Free: 321881K (56%)
----------------- Invoking toplevel() on ptolemy.moml.MoMLSimpleApplication@61eae01a
----------------- Done invoking toplevel() on ptolemy.moml.MoMLSimpleApplication@61eae01a
reloadAllAccessors: .CausalityInterface11

===========================================================================================
----------------- testing Tue Jun 12 02:42:49 UTC 2018 /home/travis/build/icyphy/ptII/ptolemy/domains/continuous/test/auto/CausalityInterface12.xml
----------------- Instantiating /home/travis/build/icyphy/ptII/ptolemy/domains/continuous/test/auto/CausalityInterface12.xml
10 ms. Memory: 578560K Free: 312043K (54%)
----------------- Invoking toplevel() on ptolemy.moml.MoMLSimpleApplication@415db88b
----------------- Done invoking toplevel() on ptolemy.moml.MoMLSimpleApplication@415db88b
reloadAllAccessors: .CausalityInterface12

===========================================================================================
----------------- testing Tue Jun 12 02:42:49 UTC 2018 /home/travis/build/icyphy/ptII/ptolemy/domains/continuous/test/auto/CausalityInterface13.xml
----------------- Instantiating /home/travis/build/icyphy/ptII/ptolemy/domains/continuous/test/auto/CausalityInterface13.xml
12 ms. Memory: 578560K Free: 299073K (52%)
----------------- Invoking toplevel() on ptolemy.moml.MoMLSimpleApplication@6664cd51
----------------- Done invoking toplevel() on ptolemy.moml.MoMLSimpleApplication@6664cd51
reloadAllAccessors: .CausalityInterface13

===========================================================================================
----------------- testing Tue Jun 12 02:42:49 UTC 2018 /home/travis/build/icyphy/ptII/ptolemy/domains/continuous/test/auto/CausalityInterface14.xml
----------------- Instantiating /home/travis/build/icyphy/ptII/ptolemy/domains/continuous/test/auto/CausalityInterface14.xml
3 ms. Memory: 578560K Free: 289227K (50%)
----------------- Invoking toplevel() on ptolemy.moml.MoMLSimpleApplication@141940b4
----------------- Done invoking toplevel() on ptolemy.moml.MoMLSimpleApplication@141940b4
reloadAllAccessors: .CausalityInterface14

===========================================================================================
----------------- testing Tue Jun 12 02:42:49 UTC 2018 /home/travis/build/icyphy/ptII/ptolemy/domains/continuous/test/auto/CausalityInterface4.xml
----------------- Instantiating /home/travis/build/icyphy/ptII/ptolemy/domains/continuous/test/auto/CausalityInterface4.xml
6 ms. Memory: 578560K Free: 279396K (48%)
----------------- Invoking toplevel() on ptolemy.moml.MoMLSimpleApplication@36cdbcd
----------------- Done invoking toplevel() on ptolemy.moml.MoMLSimpleApplication@36cdbcd
reloadAllAccessors: .CausalityInterface4

===========================================================================================
----------------- testing Tue Jun 12 02:42:49 UTC 2018 /home/travis/build/icyphy/ptII/ptolemy/domains/continuous/test/auto/CausalityInterface5.xml
----------------- Instantiating /home/travis/build/icyphy/ptII/ptolemy/domains/continuous/test/auto/CausalityInterface5.xml
8 ms. Memory: 578560K Free: 266288K (46%)
----------------- Invoking toplevel() on ptolemy.moml.MoMLSimpleApplication@23a9f505
----------------- Done invoking toplevel() on ptolemy.moml.MoMLSimpleApplication@23a9f505
reloadAllAccessors: .CausalityInterface5

===========================================================================================
----------------- testing Tue Jun 12 02:42:49 UTC 2018 /home/travis/build/icyphy/ptII/ptolemy/domains/continuous/test/auto/CausalityInterface6.xml
----------------- Instantiating /home/travis/build/icyphy/ptII/ptolemy/domains/continuous/test/auto/CausalityInterface6.xml
6 ms. Memory: 578560K Free: 253303K (44%)
----------------- Invoking toplevel() on ptolemy.moml.MoMLSimpleApplication@2e5ad67d
----------------- Done invoking toplevel() on ptolemy.moml.MoMLSimpleApplication@2e5ad67d
reloadAllAccessors: .CausalityInterface6

===========================================================================================
----------------- testing Tue Jun 12 02:42:49 UTC 2018 /home/travis/build/icyphy/ptII/ptolemy/domains/continuous/test/auto/CausalityInterface7.xml
----------------- Instantiating /home/travis/build/icyphy/ptII/ptolemy/domains/continuous/test/auto/CausalityInterface7.xml
13 ms. Memory: 578560K Free: 240195K (42%)
----------------- Invoking toplevel() on ptolemy.moml.MoMLSimpleApplication@b98a0fe
----------------- Done invoking toplevel() on ptolemy.moml.MoMLSimpleApplication@b98a0fe
reloadAllAccessors: .CausalityInterface7

===========================================================================================
----------------- testing Tue Jun 12 02:42:49 UTC 2018 /home/travis/build/icyphy/ptII/ptolemy/domains/continuous/test/auto/CausalityInterface8.xml
----------------- Instantiating /home/travis/build/icyphy/ptII/ptolemy/domains/continuous/test/auto/CausalityInterface8.xml
5 ms. Memory: 578560K Free: 227071K (39%)
----------------- Invoking toplevel() on ptolemy.moml.MoMLSimpleApplication@475860ef
----------------- Done invoking toplevel() on ptolemy.moml.MoMLSimpleApplication@475860ef
reloadAllAccessors: .CausalityInterface8

===========================================================================================
----------------- testing Tue Jun 12 02:42:49 UTC 2018 /home/travis/build/icyphy/ptII/ptolemy/domains/continuous/test/auto/CausalityInterface9.xml
----------------- Instantiating /home/travis/build/icyphy/ptII/ptolemy/domains/continuous/test/auto/CausalityInterface9.xml
5 ms. Memory: 578560K Free: 210663K (36%)
----------------- Invoking toplevel() on ptolemy.moml.MoMLSimpleApplication@69e5234f
----------------- Done invoking toplevel() on ptolemy.moml.MoMLSimpleApplication@69e5234f
reloadAllAccessors: .CausalityInterface9

===========================================================================================
----------------- testing Tue Jun 12 02:42:49 UTC 2018 /home/travis/build/icyphy/ptII/ptolemy/domains/continuous/test/auto/CausalityInterfaceFeedback1.xml
----------------- Instantiating /home/travis/build/icyphy/ptII/ptolemy/domains/continuous/test/auto/CausalityInterfaceFeedback1.xml
3 ms. Memory: 578560K Free: 197677K (34%)
----------------- Invoking toplevel() on ptolemy.moml.MoMLSimpleApplication@67d41f96
----------------- Done invoking toplevel() on ptolemy.moml.MoMLSimpleApplication@67d41f96
reloadAllAccessors: .CausalityInterfaceFeedback1

===========================================================================================
----------------- testing Tue Jun 12 02:42:49 UTC 2018 /home/travis/build/icyphy/ptII/ptolemy/domains/continuous/test/auto/CausalityInterfaceFeedback2.xml
----------------- Instantiating /home/travis/build/icyphy/ptII/ptolemy/domains/continuous/test/auto/CausalityInterfaceFeedback2.xml
3 ms. Memory: 578560K Free: 187847K (32%)
----------------- Invoking toplevel() on ptolemy.moml.MoMLSimpleApplication@45051e64
----------------- Done invoking toplevel() on ptolemy.moml.MoMLSimpleApplication@45051e64
reloadAllAccessors: .CausalityInterfaceFeedback2

===========================================================================================
----------------- testing Tue Jun 12 02:42:49 UTC 2018 /home/travis/build/icyphy/ptII/ptolemy/domains/continuous/test/auto/CompareWithCurrentTime.xml
----------------- Instantiating /home/travis/build/icyphy/ptII/ptolemy/domains/continuous/test/auto/CompareWithCurrentTime.xml
4 ms. Memory: 578560K Free: 181293K (31%)
----------------- Invoking toplevel() on ptolemy.moml.MoMLSimpleApplication@51b8ac48
----------------- Done invoking toplevel() on ptolemy.moml.MoMLSimpleApplication@51b8ac48
reloadAllAccessors: .CompareWithCurrentTime

===========================================================================================
----------------- testing Tue Jun 12 02:42:49 UTC 2018 /home/travis/build/icyphy/ptII/ptolemy/domains/continuous/test/auto/ComparedClocks.xml
----------------- Instantiating /home/travis/build/icyphy/ptII/ptolemy/domains/continuous/test/auto/ComparedClocks.xml
11 ms. Memory: 578560K Free: 161616K (28%)
----------------- Invoking toplevel() on ptolemy.moml.MoMLSimpleApplication@253c80a8
----------------- Done invoking toplevel() on ptolemy.moml.MoMLSimpleApplication@253c80a8
reloadAllAccessors: .ComparedClocks

===========================================================================================
----------------- testing Tue Jun 12 02:42:49 UTC 2018 /home/travis/build/icyphy/ptII/ptolemy/domains/continuous/test/auto/ContinuousAOCClone.xml
----------------- Instantiating /home/travis/build/icyphy/ptII/ptolemy/domains/continuous/test/auto/ContinuousAOCClone.xml
2307 ms. Memory: 872960K Free: 414470K (47%)
----------------- Invoking toplevel() on ptolemy.moml.MoMLSimpleApplication@283985ad
----------------- Done invoking toplevel() on ptolemy.moml.MoMLSimpleApplication@283985ad
reloadAllAccessors: .ContinuousAOCClone

===========================================================================================
----------------- testing Tue Jun 12 02:42:52 UTC 2018 /home/travis/build/icyphy/ptII/ptolemy/domains/continuous/test/auto/ContinuousClock.xml
----------------- Instantiating /home/travis/build/icyphy/ptII/ptolemy/domains/continuous/test/auto/ContinuousClock.xml
20 ms. Memory: 872960K Free: 381290K (44%)
----------------- Invoking toplevel() on ptolemy.moml.MoMLSimpleApplication@7bbc56ef
----------------- Done invoking toplevel() on ptolemy.moml.MoMLSimpleApplication@7bbc56ef
reloadAllAccessors: .ContinuousClock

===========================================================================================
----------------- testing Tue Jun 12 02:42:52 UTC 2018 /home/travis/build/icyphy/ptII/ptolemy/domains/continuous/test/auto/ContinuousInContinuous.xml
----------------- Instantiating /home/travis/build/icyphy/ptII/ptolemy/domains/continuous/test/auto/ContinuousInContinuous.xml
37 ms. Memory: 872960K Free: 349837K (40%)
----------------- Invoking toplevel() on ptolemy.moml.MoMLSimpleApplication@218e4508
----------------- Done invoking toplevel() on ptolemy.moml.MoMLSimpleApplication@218e4508
reloadAllAccessors: .ContinuousInContinuous

===========================================================================================
----------------- testing Tue Jun 12 02:42:52 UTC 2018 /home/travis/build/icyphy/ptII/ptolemy/domains/continuous/test/auto/ContinuousInContinuousInContinuous.xml
----------------- Instantiating /home/travis/build/icyphy/ptII/ptolemy/domains/continuous/test/auto/ContinuousInContinuousInContinuous.xml
7 ms. Memory: 872960K Free: 334102K (38%)
----------------- Invoking toplevel() on ptolemy.moml.MoMLSimpleApplication@211def1a
----------------- Done invoking toplevel() on ptolemy.moml.MoMLSimpleApplication@211def1a
reloadAllAccessors: .ContinuousInContinuousInContinuous

===========================================================================================
----------------- testing Tue Jun 12 02:42:52 UTC 2018 /home/travis/build/icyphy/ptII/ptolemy/domains/continuous/test/auto/ContinuousInDE.xml
----------------- Instantiating /home/travis/build/icyphy/ptII/ptolemy/domains/continuous/test/auto/ContinuousInDE.xml
128 ms. Memory: 872960K Free: 318384K (36%)
----------------- Invoking toplevel() on ptolemy.moml.MoMLSimpleApplication@76b60111
----------------- Done invoking toplevel() on ptolemy.moml.MoMLSimpleApplication@76b60111
reloadAllAccessors: .ContinuousInDE

===========================================================================================
----------------- testing Tue Jun 12 02:42:52 UTC 2018 /home/travis/build/icyphy/ptII/ptolemy/domains/continuous/test/auto/ContinuousInDE2.xml
----------------- Instantiating /home/travis/build/icyphy/ptII/ptolemy/domains/continuous/test/auto/ContinuousInDE2.xml
36 ms. Memory: 872960K Free: 299262K (34%)
----------------- Invoking toplevel() on ptolemy.moml.MoMLSimpleApplication@64d9d86a
----------------- Done invoking toplevel() on ptolemy.moml.MoMLSimpleApplication@64d9d86a
reloadAllAccessors: .ContinuousInDE2

===========================================================================================
----------------- testing Tue Jun 12 02:42:52 UTC 2018 /home/travis/build/icyphy/ptII/ptolemy/domains/continuous/test/auto/ContinuousInDE3.xml
----------------- Instantiating /home/travis/build/icyphy/ptII/ptolemy/domains/continuous/test/auto/ContinuousInDE3.xml
40 ms. Memory: 872960K Free: 283544K (32%)
----------------- Invoking toplevel() on ptolemy.moml.MoMLSimpleApplication@7204584b
----------------- Done invoking toplevel() on ptolemy.moml.MoMLSimpleApplication@7204584b
reloadAllAccessors: .ContinuousInDE3

===========================================================================================
----------------- testing Tue Jun 12 02:42:52 UTC 2018 /home/travis/build/icyphy/ptII/ptolemy/domains/continuous/test/auto/ContinuousInDE4.xml
----------------- Instantiating /home/travis/build/icyphy/ptII/ptolemy/domains/continuous/test/auto/ContinuousInDE4.xml
17 ms. Memory: 872960K Free: 273065K (31%)
----------------- Invoking toplevel() on ptolemy.moml.MoMLSimpleApplication@3c77cde3
----------------- Done invoking toplevel() on ptolemy.moml.MoMLSimpleApplication@3c77cde3
reloadAllAccessors: .ContinuousInDE4

===========================================================================================
----------------- testing Tue Jun 12 02:42:52 UTC 2018 /home/travis/build/icyphy/ptII/ptolemy/domains/continuous/test/auto/ContinuousInDEDifferentRefinements.xml
----------------- Instantiating /home/travis/build/icyphy/ptII/ptolemy/domains/continuous/test/auto/ContinuousInDEDifferentRefinements.xml
77 ms. Memory: 872960K Free: 236348K (27%)
----------------- Invoking toplevel() on ptolemy.moml.MoMLSimpleApplication@5aca6a36
----------------- Done invoking toplevel() on ptolemy.moml.MoMLSimpleApplication@5aca6a36
reloadAllAccessors: .ContinuousInDEDifferentRefinements

===========================================================================================
----------------- testing Tue Jun 12 02:42:53 UTC 2018 /home/travis/build/icyphy/ptII/ptolemy/domains/continuous/test/auto/ContinuousInDEDifferentRefinementsPreemptive.xml
----------------- Instantiating /home/travis/build/icyphy/ptII/ptolemy/domains/continuous/test/auto/ContinuousInDEDifferentRefinementsPreemptive.xml
48 ms. Memory: 872960K Free: 196268K (22%)
----------------- Invoking toplevel() on ptolemy.moml.MoMLSimpleApplication@1ee9fc27
----------------- Done invoking toplevel() on ptolemy.moml.MoMLSimpleApplication@1ee9fc27
reloadAllAccessors: .ContinuousInDEDifferentRefinementsPreemptive

===========================================================================================
----------------- testing Tue Jun 12 02:42:53 UTC 2018 /home/travis/build/icyphy/ptII/ptolemy/domains/continuous/test/auto/ContinuousInDEInContinuous2.xml
----------------- Instantiating /home/travis/build/icyphy/ptII/ptolemy/domains/continuous/test/auto/ContinuousInDEInContinuous2.xml
47 ms. Memory: 872960K Free: 180534K (21%)
----------------- Invoking toplevel() on ptolemy.moml.MoMLSimpleApplication@74bd0498
----------------- Done invoking toplevel() on ptolemy.moml.MoMLSimpleApplication@74bd0498
reloadAllAccessors: .ContinuousInDEInContinuous2

===========================================================================================
----------------- testing Tue Jun 12 02:42:53 UTC 2018 /home/travis/build/icyphy/ptII/ptolemy/domains/continuous/test/auto/ContinuousInDEInContinuous3.xml
----------------- Instantiating /home/travis/build/icyphy/ptII/ptolemy/domains/continuous/test/auto/ContinuousInDEInContinuous3.xml
37 ms. Memory: 872960K Free: 159560K (18%)
----------------- Invoking toplevel() on ptolemy.moml.MoMLSimpleApplication@d0e1087
----------------- Done invoking toplevel() on ptolemy.moml.MoMLSimpleApplication@d0e1087
reloadAllAccessors: .ContinuousInDEInContinuous3

===========================================================================================
----------------- testing Tue Jun 12 02:42:53 UTC 2018 /home/travis/build/icyphy/ptII/ptolemy/domains/continuous/test/auto/ContinuousInDEInput.xml
----------------- Instantiating /home/travis/build/icyphy/ptII/ptolemy/domains/continuous/test/auto/ContinuousInDEInput.xml
20 ms. Memory: 872960K Free: 149081K (17%)
----------------- Invoking toplevel() on ptolemy.moml.MoMLSimpleApplication@77f7c500
----------------- Done invoking toplevel() on ptolemy.moml.MoMLSimpleApplication@77f7c500
reloadAllAccessors: .ContinuousInDEInput

===========================================================================================
----------------- testing Tue Jun 12 02:42:53 UTC 2018 /home/travis/build/icyphy/ptII/ptolemy/domains/continuous/test/auto/ContinuousInDEInput2.xml
----------------- Instantiating /home/travis/build/icyphy/ptII/ptolemy/domains/continuous/test/auto/ContinuousInDEInput2.xml
13 ms. Memory: 872960K Free: 135199K (15%)
----------------- Invoking toplevel() on ptolemy.moml.MoMLSimpleApplication@51b1d1b7
----------------- Done invoking toplevel() on ptolemy.moml.MoMLSimpleApplication@51b1d1b7
reloadAllAccessors: .ContinuousInDEInput2

===========================================================================================
----------------- testing Tue Jun 12 02:42:53 UTC 2018 /home/travis/build/icyphy/ptII/ptolemy/domains/continuous/test/auto/ContinuousInDEInput3.xml
----------------- Instantiating /home/travis/build/icyphy/ptII/ptolemy/domains/continuous/test/auto/ContinuousInDEInput3.xml
14 ms. Memory: 872960K Free: 124720K (14%)
----------------- Invoking toplevel() on ptolemy.moml.MoMLSimpleApplication@45347ae5
----------------- Done invoking toplevel() on ptolemy.moml.MoMLSimpleApplication@45347ae5
reloadAllAccessors: .ContinuousInDEInput3

===========================================================================================
----------------- testing Tue Jun 12 02:42:53 UTC 2018 /home/travis/build/icyphy/ptII/ptolemy/domains/continuous/test/auto/ContinuousInDESharingRefinement.xml
----------------- Instantiating /home/travis/build/icyphy/ptII/ptolemy/domains/continuous/test/auto/ContinuousInDESharingRefinement.xml
139 ms. Memory: 873472K Free: 811374K (93%)
----------------- Invoking toplevel() on ptolemy.moml.MoMLSimpleApplication@2a35ad47
----------------- Done invoking toplevel() on ptolemy.moml.MoMLSimpleApplication@2a35ad47
reloadAllAccessors: .ContinuousInDESharingRefinement

===========================================================================================
----------------- testing Tue Jun 12 02:42:53 UTC 2018 /home/travis/build/icyphy/ptII/ptolemy/domains/continuous/test/auto/ContinuousInDEwithNoPorts.xml
----------------- Instantiating /home/travis/build/icyphy/ptII/ptolemy/domains/continuous/test/auto/ContinuousInDEwithNoPorts.xml
6 ms. Memory: 873472K Free: 798556K (91%)
----------------- Invoking toplevel() on ptolemy.moml.MoMLSimpleApplication@2fb1f033
----------------- Done invoking toplevel() on ptolemy.moml.MoMLSimpleApplication@2fb1f033
reloadAllAccessors: .ContinuousInDEwithNoPorts

===========================================================================================
----------------- testing Tue Jun 12 02:42:53 UTC 2018 /home/travis/build/icyphy/ptII/ptolemy/domains/continuous/test/auto/ContinuousInsideDE.xml
----------------- Instantiating /home/travis/build/icyphy/ptII/ptolemy/domains/continuous/test/auto/ContinuousInsideDE.xml
65 ms. Memory: 873472K Free: 778891K (89%)
----------------- Invoking toplevel() on ptolemy.moml.MoMLSimpleApplication@2ab89e45
----------------- Done invoking toplevel() on ptolemy.moml.MoMLSimpleApplication@2ab89e45
reloadAllAccessors: .ContinuousInsideDE

===========================================================================================
----------------- testing Tue Jun 12 02:42:53 UTC 2018 /home/travis/build/icyphy/ptII/ptolemy/domains/continuous/test/auto/ContinuousMerge1.xml
----------------- Instantiating /home/travis/build/icyphy/ptII/ptolemy/domains/continuous/test/auto/ContinuousMerge1.xml
2 ms. Memory: 873472K Free: 768744K (88%)
----------------- Invoking toplevel() on ptolemy.moml.MoMLSimpleApplication@be493bc
----------------- Done invoking toplevel() on ptolemy.moml.MoMLSimpleApplication@be493bc
reloadAllAccessors: .ContinuousMerge1

===========================================================================================
----------------- testing Tue Jun 12 02:42:53 UTC 2018 /home/travis/build/icyphy/ptII/ptolemy/domains/continuous/test/auto/ContinuousMerge2.xml
----------------- Instantiating /home/travis/build/icyphy/ptII/ptolemy/domains/continuous/test/auto/ContinuousMerge2.xml
13 ms. Memory: 873472K Free: 752847K (86%)
----------------- Invoking toplevel() on ptolemy.moml.MoMLSimpleApplication@206fab70
----------------- Done invoking toplevel() on ptolemy.moml.MoMLSimpleApplication@206fab70
reloadAllAccessors: .ContinuousMerge2

===========================================================================================
----------------- testing Tue Jun 12 02:42:53 UTC 2018 /home/travis/build/icyphy/ptII/ptolemy/domains/continuous/test/auto/ContinuousMerge3.xml
----------------- Instantiating /home/travis/build/icyphy/ptII/ptolemy/domains/continuous/test/auto/ContinuousMerge3.xml
48 ms. Memory: 873472K Free: 737112K (84%)
----------------- Invoking toplevel() on ptolemy.moml.MoMLSimpleApplication@691efcac
----------------- Done invoking toplevel() on ptolemy.moml.MoMLSimpleApplication@691efcac
reloadAllAccessors: .ContinuousMerge3

===========================================================================================
----------------- testing Tue Jun 12 02:42:53 UTC 2018 /home/travis/build/icyphy/ptII/ptolemy/domains/continuous/test/auto/ContinuousWithinContinuous.xml
----------------- Instantiating /home/travis/build/icyphy/ptII/ptolemy/domains/continuous/test/auto/ContinuousWithinContinuous.xml
38 ms. Memory: 873472K Free: 719098K (82%)
----------------- Invoking toplevel() on ptolemy.moml.MoMLSimpleApplication@61ce66d5
----------------- Done invoking toplevel() on ptolemy.moml.MoMLSimpleApplication@61ce66d5
reloadAllAccessors: .ContinuousWithinContinuous

===========================================================================================
----------------- testing Tue Jun 12 02:42:53 UTC 2018 /home/travis/build/icyphy/ptII/ptolemy/domains/continuous/test/auto/ContinuousWithinContinuous2.xml
----------------- Instantiating /home/travis/build/icyphy/ptII/ptolemy/domains/continuous/test/auto/ContinuousWithinContinuous2.xml
75 ms. Memory: 873472K Free: 707310K (81%)
----------------- Invoking toplevel() on ptolemy.moml.MoMLSimpleApplication@7d9a4b54
----------------- Done invoking toplevel() on ptolemy.moml.MoMLSimpleApplication@7d9a4b54
reloadAllAccessors: .ContinuousWithinContinuous2

===========================================================================================
----------------- testing Tue Jun 12 02:42:54 UTC 2018 /home/travis/build/icyphy/ptII/ptolemy/domains/continuous/test/auto/ContinuousWithinContinuous3.xml
----------------- Instantiating /home/travis/build/icyphy/ptII/ptolemy/domains/continuous/test/auto/ContinuousWithinContinuous3.xml
11 ms. Memory: 873472K Free: 695505K (80%)
----------------- Invoking toplevel() on ptolemy.moml.MoMLSimpleApplication@3cea4508
----------------- Done invoking toplevel() on ptolemy.moml.MoMLSimpleApplication@3cea4508
reloadAllAccessors: .ContinuousWithinContinuous3

===========================================================================================
----------------- testing Tue Jun 12 02:42:54 UTC 2018 /home/travis/build/icyphy/ptII/ptolemy/domains/continuous/test/auto/ContinuousWithinContinuous4.xml
----------------- Instantiating /home/travis/build/icyphy/ptII/ptolemy/domains/continuous/test/auto/ContinuousWithinContinuous4.xml
89 ms. Memory: 873472K Free: 673553K (77%)
----------------- Invoking toplevel() on ptolemy.moml.MoMLSimpleApplication@789bc8b5
----------------- Done invoking toplevel() on ptolemy.moml.MoMLSimpleApplication@789bc8b5
reloadAllAccessors: .ContinuousWithinContinuous4

===========================================================================================
----------------- testing Tue Jun 12 02:42:54 UTC 2018 /home/travis/build/icyphy/ptII/ptolemy/domains/continuous/test/auto/ContinuousWithinContinuous5.xml
----------------- Instantiating /home/travis/build/icyphy/ptII/ptolemy/domains/continuous/test/auto/ContinuousWithinContinuous5.xml
13 ms. Memory: 873472K Free: 661749K (76%)
----------------- Invoking toplevel() on ptolemy.moml.MoMLSimpleApplication@7f18f863
----------------- Done invoking toplevel() on ptolemy.moml.MoMLSimpleApplication@7f18f863
reloadAllAccessors: .ContinuousWithinContinuous5

===========================================================================================
----------------- testing Tue Jun 12 02:42:54 UTC 2018 /home/travis/build/icyphy/ptII/ptolemy/domains/continuous/test/auto/ContinuousWithinContinuous6.xml
----------------- Instantiating /home/travis/build/icyphy/ptII/ptolemy/domains/continuous/test/auto/ContinuousWithinContinuous6.xml
13 ms. Memory: 873472K Free: 649944K (74%)
----------------- Invoking toplevel() on ptolemy.moml.MoMLSimpleApplication@4cb6b379
----------------- Done invoking toplevel() on ptolemy.moml.MoMLSimpleApplication@4cb6b379
reloadAllAccessors: .ContinuousWithinContinuous6

===========================================================================================
----------------- testing Tue Jun 12 02:42:54 UTC 2018 /home/travis/build/icyphy/ptII/ptolemy/domains/continuous/test/auto/ContinuousWithinContinuous7.xml
----------------- Instantiating /home/travis/build/icyphy/ptII/ptolemy/domains/continuous/test/auto/ContinuousWithinContinuous7.xml
57 ms. Memory: 873472K Free: 635867K (73%)
----------------- Invoking toplevel() on ptolemy.moml.MoMLSimpleApplication@486a6412
----------------- Done invoking toplevel() on ptolemy.moml.MoMLSimpleApplication@486a6412
reloadAllAccessors: .ContinuousWithinContinuous7

===========================================================================================
----------------- testing Tue Jun 12 02:42:54 UTC 2018 /home/travis/build/icyphy/ptII/ptolemy/domains/continuous/test/auto/DCMotor.xml
----------------- Instantiating /home/travis/build/icyphy/ptII/ptolemy/domains/continuous/test/auto/DCMotor.xml
14032 ms. Memory: 734720K Free: 92867K (13%)
----------------- Invoking toplevel() on ptolemy.moml.MoMLSimpleApplication@1b5addbe
----------------- Done invoking toplevel() on ptolemy.moml.MoMLSimpleApplication@1b5addbe
reloadAllAccessors: .DCMotor

===========================================================================================
----------------- testing Tue Jun 12 02:43:08 UTC 2018 /home/travis/build/icyphy/ptII/ptolemy/domains/continuous/test/auto/DEInContinuous.xml
----------------- Instantiating /home/travis/build/icyphy/ptII/ptolemy/domains/continuous/test/auto/DEInContinuous.xml
22 ms. Memory: 734720K Free: 76773K (10%)
----------------- Invoking toplevel() on ptolemy.moml.MoMLSimpleApplication@5e3d4a85
----------------- Done invoking toplevel() on ptolemy.moml.MoMLSimpleApplication@5e3d4a85
reloadAllAccessors: .DEInContinuous

===========================================================================================
----------------- testing Tue Jun 12 02:43:08 UTC 2018 /home/travis/build/icyphy/ptII/ptolemy/domains/continuous/test/auto/DEinContinuous2.xml
----------------- Instantiating /home/travis/build/icyphy/ptII/ptolemy/domains/continuous/test/auto/DEinContinuous2.xml
6 ms. Memory: 697344K Free: 670788K (96%)
----------------- Invoking toplevel() on ptolemy.moml.MoMLSimpleApplication@14e354a2
----------------- Done invoking toplevel() on ptolemy.moml.MoMLSimpleApplication@14e354a2
reloadAllAccessors: .DEinContinuous2

===========================================================================================
----------------- testing Tue Jun 12 02:43:08 UTC 2018 /home/travis/build/icyphy/ptII/ptolemy/domains/continuous/test/auto/Derivative.xml
----------------- Instantiating /home/travis/build/icyphy/ptII/ptolemy/domains/continuous/test/auto/Derivative.xml
131 ms. Memory: 697344K Free: 632152K (91%)
----------------- Invoking toplevel() on ptolemy.moml.MoMLSimpleApplication@4a47d07c
----------------- Done invoking toplevel() on ptolemy.moml.MoMLSimpleApplication@4a47d07c
reloadAllAccessors: .Derivative2

===========================================================================================
----------------- testing Tue Jun 12 02:43:08 UTC 2018 /home/travis/build/icyphy/ptII/ptolemy/domains/continuous/test/auto/Derivative1.xml
----------------- Instantiating /home/travis/build/icyphy/ptII/ptolemy/domains/continuous/test/auto/Derivative1.xml
23 ms. Memory: 697344K Free: 612862K (88%)
----------------- Invoking toplevel() on ptolemy.moml.MoMLSimpleApplication@371d1ca0
----------------- Done invoking toplevel() on ptolemy.moml.MoMLSimpleApplication@371d1ca0
reloadAllAccessors: .Derivative1

===========================================================================================
----------------- testing Tue Jun 12 02:43:08 UTC 2018 /home/travis/build/icyphy/ptII/ptolemy/domains/continuous/test/auto/DiscreteClock.xml
----------------- Instantiating /home/travis/build/icyphy/ptII/ptolemy/domains/continuous/test/auto/DiscreteClock.xml
4 ms. Memory: 697344K Free: 599738K (86%)
----------------- Invoking toplevel() on ptolemy.moml.MoMLSimpleApplication@28ddc57
----------------- Done invoking toplevel() on ptolemy.moml.MoMLSimpleApplication@28ddc57
reloadAllAccessors: .DiscreteClock

===========================================================================================
----------------- testing Tue Jun 12 02:43:08 UTC 2018 /home/travis/build/icyphy/ptII/ptolemy/domains/continuous/test/auto/EfficiencyCurve.xml
----------------- Instantiating /home/travis/build/icyphy/ptII/ptolemy/domains/continuous/test/auto/EfficiencyCurve.xml
65 ms. Memory: 697344K Free: 586615K (84%)
----------------- Invoking toplevel() on ptolemy.moml.MoMLSimpleApplication@3c802cc2
----------------- Done invoking toplevel() on ptolemy.moml.MoMLSimpleApplication@3c802cc2
reloadAllAccessors: .EfficiencyCurve

===========================================================================================
----------------- testing Tue Jun 12 02:43:08 UTC 2018 /home/travis/build/icyphy/ptII/ptolemy/domains/continuous/test/auto/ExponentialResponse.xml
----------------- Instantiating /home/travis/build/icyphy/ptII/ptolemy/domains/continuous/test/auto/ExponentialResponse.xml
100 ms. Memory: 697344K Free: 561172K (80%)
----------------- Invoking toplevel() on ptolemy.moml.MoMLSimpleApplication@1421cbd4
----------------- Done invoking toplevel() on ptolemy.moml.MoMLSimpleApplication@1421cbd4
reloadAllAccessors: .ExponentialResponse

===========================================================================================
----------------- testing Tue Jun 12 02:43:09 UTC 2018 /home/travis/build/icyphy/ptII/ptolemy/domains/continuous/test/auto/ExponentialResponseRK45.xml
----------------- Instantiating /home/travis/build/icyphy/ptII/ptolemy/domains/continuous/test/auto/ExponentialResponseRK45.xml
25 ms. Memory: 697344K Free: 548049K (79%)
----------------- Invoking toplevel() on ptolemy.moml.MoMLSimpleApplication@3bd8741
----------------- Done invoking toplevel() on ptolemy.moml.MoMLSimpleApplication@3bd8741
reloadAllAccessors: .ExponentialResponseRK45

===========================================================================================
----------------- testing Tue Jun 12 02:43:09 UTC 2018 /home/travis/build/icyphy/ptII/ptolemy/domains/continuous/test/auto/Friction.xml
----------------- Instantiating /home/travis/build/icyphy/ptII/ptolemy/domains/continuous/test/auto/Friction.xml
1336 ms. Memory: 697344K Free: 91009K (13%)
----------------- Invoking toplevel() on ptolemy.moml.MoMLSimpleApplication@788a1502
----------------- Done invoking toplevel() on ptolemy.moml.MoMLSimpleApplication@788a1502
reloadAllAccessors: .Friction

===========================================================================================
----------------- testing Tue Jun 12 02:43:10 UTC 2018 /home/travis/build/icyphy/ptII/ptolemy/domains/continuous/test/auto/FurutaPendulum.xml
----------------- Instantiating /home/travis/build/icyphy/ptII/ptolemy/domains/continuous/test/auto/FurutaPendulum.xml
3326 ms. Memory: 674816K Free: 181997K (27%)
----------------- Invoking toplevel() on ptolemy.moml.MoMLSimpleApplication@7deeca76
----------------- Done invoking toplevel() on ptolemy.moml.MoMLSimpleApplication@7deeca76
reloadAllAccessors: .FurutaPendulum

===========================================================================================
----------------- testing Tue Jun 12 02:43:14 UTC 2018 /home/travis/build/icyphy/ptII/ptolemy/domains/continuous/test/auto/HierarchicalExecution.xml
----------------- Instantiating /home/travis/build/icyphy/ptII/ptolemy/domains/continuous/test/auto/HierarchicalExecution.xml
1784 ms. Memory: 646656K Free: 427727K (66%)
----------------- Invoking toplevel() on ptolemy.moml.MoMLSimpleApplication@714650f4
----------------- Done invoking toplevel() on ptolemy.moml.MoMLSimpleApplication@714650f4
reloadAllAccessors: .HierarchicalExecution

===========================================================================================
----------------- testing Tue Jun 12 02:43:16 UTC 2018 /home/travis/build/icyphy/ptII/ptolemy/domains/continuous/test/auto/HybridPlant.xml
----------------- Instantiating /home/travis/build/icyphy/ptII/ptolemy/domains/continuous/test/auto/HybridPlant.xml
496 ms. Memory: 646656K Free: 147622K (23%)
----------------- Invoking toplevel() on ptolemy.moml.MoMLSimpleApplication@24f6b09f
----------------- Done invoking toplevel() on ptolemy.moml.MoMLSimpleApplication@24f6b09f
reloadAllAccessors: .HybridPlant

===========================================================================================
----------------- testing Tue Jun 12 02:43:16 UTC 2018 /home/travis/build/icyphy/ptII/ptolemy/domains/continuous/test/auto/Hysteresis.xml
----------------- Instantiating /home/travis/build/icyphy/ptII/ptolemy/domains/continuous/test/auto/Hysteresis.xml
130 ms. Memory: 646656K Free: 75989K (12%)
----------------- Invoking toplevel() on ptolemy.moml.MoMLSimpleApplication@33a62953
----------------- Done invoking toplevel() on ptolemy.moml.MoMLSimpleApplication@33a62953
reloadAllAccessors: .Hysteresis

===========================================================================================
----------------- testing Tue Jun 12 02:43:16 UTC 2018 /home/travis/build/icyphy/ptII/ptolemy/domains/continuous/test/auto/HysteresisWithRandomDelay.xml
----------------- Instantiating /home/travis/build/icyphy/ptII/ptolemy/domains/continuous/test/auto/HysteresisWithRandomDelay.xml
148 ms. Memory: 615424K Free: 522875K (85%)
----------------- Invoking toplevel() on ptolemy.moml.MoMLSimpleApplication@ccb8abb
----------------- Done invoking toplevel() on ptolemy.moml.MoMLSimpleApplication@ccb8abb
reloadAllAccessors: .HysteresisWithRandomDelay

===========================================================================================
----------------- testing Tue Jun 12 02:43:17 UTC 2018 /home/travis/build/icyphy/ptII/ptolemy/domains/continuous/test/auto/HysteresisWithRandomLosses.xml
----------------- Instantiating /home/travis/build/icyphy/ptII/ptolemy/domains/continuous/test/auto/HysteresisWithRandomLosses.xml
2197 ms. Memory: 591872K Free: 264466K (45%)
----------------- Invoking toplevel() on ptolemy.moml.MoMLSimpleApplication@78f3cec5
----------------- Done invoking toplevel() on ptolemy.moml.MoMLSimpleApplication@78f3cec5
reloadAllAccessors: .HysteresisWithRandomLosses

===========================================================================================
----------------- testing Tue Jun 12 02:43:19 UTC 2018 /home/travis/build/icyphy/ptII/ptolemy/domains/continuous/test/auto/ImmediateTransitions.xml
----------------- Instantiating /home/travis/build/icyphy/ptII/ptolemy/domains/continuous/test/auto/ImmediateTransitions.xml
15 ms. Memory: 591872K Free: 248081K (42%)
----------------- Invoking toplevel() on ptolemy.moml.MoMLSimpleApplication@c542140
----------------- Done invoking toplevel() on ptolemy.moml.MoMLSimpleApplication@c542140
reloadAllAccessors: .ImmediateTransitions

===========================================================================================
----------------- testing Tue Jun 12 02:43:19 UTC 2018 /home/travis/build/icyphy/ptII/ptolemy/domains/continuous/test/auto/ImpulseFeedback.xml
----------------- Instantiating /home/travis/build/icyphy/ptII/ptolemy/domains/continuous/test/auto/ImpulseFeedback.xml
8 ms. Memory: 591872K Free: 237024K (40%)
----------------- Invoking toplevel() on ptolemy.moml.MoMLSimpleApplication@619ead85
----------------- Done invoking toplevel() on ptolemy.moml.MoMLSimpleApplication@619ead85
reloadAllAccessors: .ImpulseFeedback

===========================================================================================
----------------- testing Tue Jun 12 02:43:19 UTC 2018 /home/travis/build/icyphy/ptII/ptolemy/domains/continuous/test/auto/ImpulseFeedback2.xml
----------------- Instantiating /home/travis/build/icyphy/ptII/ptolemy/domains/continuous/test/auto/ImpulseFeedback2.xml
4 ms. Memory: 591872K Free: 225965K (38%)
----------------- Invoking toplevel() on ptolemy.moml.MoMLSimpleApplication@3ef6e6ba
----------------- Done invoking toplevel() on ptolemy.moml.MoMLSimpleApplication@3ef6e6ba
reloadAllAccessors: .ImpulseFeedback2

===========================================================================================
----------------- testing Tue Jun 12 02:43:19 UTC 2018 /home/travis/build/icyphy/ptII/ptolemy/domains/continuous/test/auto/IncreasingRatePoisson.xml
----------------- Instantiating /home/travis/build/icyphy/ptII/ptolemy/domains/continuous/test/auto/IncreasingRatePoisson.xml
693 ms. Memory: 565760K Free: 373397K (66%)
----------------- Invoking toplevel() on ptolemy.moml.MoMLSimpleApplication@14aaa808
----------------- Done invoking toplevel() on ptolemy.moml.MoMLSimpleApplication@14aaa808
reloadAllAccessors: .IncreasingRatePoisson

===========================================================================================
----------------- testing Tue Jun 12 02:43:20 UTC 2018 /home/travis/build/icyphy/ptII/ptolemy/domains/continuous/test/auto/InitialStateFeedback.xml
----------------- Instantiating /home/travis/build/icyphy/ptII/ptolemy/domains/continuous/test/auto/InitialStateFeedback.xml
8 ms. Memory: 565760K Free: 364345K (64%)
----------------- Invoking toplevel() on ptolemy.moml.MoMLSimpleApplication@6f8b335e
----------------- Done invoking toplevel() on ptolemy.moml.MoMLSimpleApplication@6f8b335e
reloadAllAccessors: .InitialStateFeedback

===========================================================================================
----------------- testing Tue Jun 12 02:43:20 UTC 2018 /home/travis/build/icyphy/ptII/ptolemy/domains/continuous/test/auto/Integration.xml
----------------- Instantiating /home/travis/build/icyphy/ptII/ptolemy/domains/continuous/test/auto/Integration.xml
2 ms. Memory: 565760K Free: 357086K (63%)
----------------- Invoking toplevel() on ptolemy.moml.MoMLSimpleApplication@6092ad4d
----------------- Done invoking toplevel() on ptolemy.moml.MoMLSimpleApplication@6092ad4d
reloadAllAccessors: .Integration

===========================================================================================
----------------- testing Tue Jun 12 02:43:20 UTC 2018 /home/travis/build/icyphy/ptII/ptolemy/domains/continuous/test/auto/Integration2.xml
----------------- Instantiating /home/travis/build/icyphy/ptII/ptolemy/domains/continuous/test/auto/Integration2.xml
81 ms. Memory: 565760K Free: 336789K (60%)
----------------- Invoking toplevel() on ptolemy.moml.MoMLSimpleApplication@209d05ce
----------------- Done invoking toplevel() on ptolemy.moml.MoMLSimpleApplication@209d05ce
reloadAllAccessors: .Integration2

===========================================================================================
----------------- testing Tue Jun 12 02:43:20 UTC 2018 /home/travis/build/icyphy/ptII/ptolemy/domains/continuous/test/auto/Integration3.xml
----------------- Instantiating /home/travis/build/icyphy/ptII/ptolemy/domains/continuous/test/auto/Integration3.xml
2 ms. Memory: 565760K Free: 329531K (58%)
----------------- Invoking toplevel() on ptolemy.moml.MoMLSimpleApplication@43dcc9dc
----------------- Done invoking toplevel() on ptolemy.moml.MoMLSimpleApplication@43dcc9dc
reloadAllAccessors: .Integration3

===========================================================================================
----------------- testing Tue Jun 12 02:43:20 UTC 2018 /home/travis/build/icyphy/ptII/ptolemy/domains/continuous/test/auto/Integration5.xml
----------------- Instantiating /home/travis/build/icyphy/ptII/ptolemy/domains/continuous/test/auto/Integration5.xml
2 ms. Memory: 565760K Free: 322158K (57%)
----------------- Invoking toplevel() on ptolemy.moml.MoMLSimpleApplication@410bda6e
----------------- Done invoking toplevel() on ptolemy.moml.MoMLSimpleApplication@410bda6e
reloadAllAccessors: .Integration5

===========================================================================================
----------------- testing Tue Jun 12 02:43:20 UTC 2018 /home/travis/build/icyphy/ptII/ptolemy/domains/continuous/test/auto/IntegratorImpulse.xml
----------------- Instantiating /home/travis/build/icyphy/ptII/ptolemy/domains/continuous/test/auto/IntegratorImpulse.xml
2 ms. Memory: 565760K Free: 314900K (56%)
----------------- Invoking toplevel() on ptolemy.moml.MoMLSimpleApplication@445c84fd
----------------- Done invoking toplevel() on ptolemy.moml.MoMLSimpleApplication@445c84fd
reloadAllAccessors: .IntegratorImpulse

===========================================================================================
----------------- testing Tue Jun 12 02:43:20 UTC 2018 /home/travis/build/icyphy/ptII/ptolemy/domains/continuous/test/auto/IntegratorImpulse2.xml
----------------- Instantiating /home/travis/build/icyphy/ptII/ptolemy/domains/continuous/test/auto/IntegratorImpulse2.xml
3 ms. Memory: 565760K Free: 307527K (54%)
----------------- Invoking toplevel() on ptolemy.moml.MoMLSimpleApplication@4d2c14f6
----------------- Done invoking toplevel() on ptolemy.moml.MoMLSimpleApplication@4d2c14f6
reloadAllAccessors: .IntegratorImpulse2

===========================================================================================
----------------- testing Tue Jun 12 02:43:20 UTC 2018 /home/travis/build/icyphy/ptII/ptolemy/domains/continuous/test/auto/LevelCrossing1.xml
----------------- Instantiating /home/travis/build/icyphy/ptII/ptolemy/domains/continuous/test/auto/LevelCrossing1.xml
2 ms. Memory: 565760K Free: 297039K (53%)
----------------- Invoking toplevel() on ptolemy.moml.MoMLSimpleApplication@7f06e0
----------------- Done invoking toplevel() on ptolemy.moml.MoMLSimpleApplication@7f06e0
reloadAllAccessors: .LevelCrossing1

===========================================================================================
----------------- testing Tue Jun 12 02:43:20 UTC 2018 /home/travis/build/icyphy/ptII/ptolemy/domains/continuous/test/auto/LevelCrossing2.xml
----------------- Instantiating /home/travis/build/icyphy/ptII/ptolemy/domains/continuous/test/auto/LevelCrossing2.xml
3 ms. Memory: 565760K Free: 286438K (51%)
----------------- Invoking toplevel() on ptolemy.moml.MoMLSimpleApplication@7152fceb
----------------- Done invoking toplevel() on ptolemy.moml.MoMLSimpleApplication@7152fceb
reloadAllAccessors: .LevelCrossing2

===========================================================================================
----------------- testing Tue Jun 12 02:43:20 UTC 2018 /home/travis/build/icyphy/ptII/ptolemy/domains/continuous/test/auto/LevelCrossing3.xml
----------------- Instantiating /home/travis/build/icyphy/ptII/ptolemy/domains/continuous/test/auto/LevelCrossing3.xml
2 ms. Memory: 565760K Free: 275950K (49%)
----------------- Invoking toplevel() on ptolemy.moml.MoMLSimpleApplication@7212b83d
----------------- Done invoking toplevel() on ptolemy.moml.MoMLSimpleApplication@7212b83d
reloadAllAccessors: .LevelCrossing3

===========================================================================================
----------------- testing Tue Jun 12 02:43:20 UTC 2018 /home/travis/build/icyphy/ptII/ptolemy/domains/continuous/test/auto/LevelCrossing4.xml
----------------- Instantiating /home/travis/build/icyphy/ptII/ptolemy/domains/continuous/test/auto/LevelCrossing4.xml
3 ms. Memory: 565760K Free: 265332K (47%)
----------------- Invoking toplevel() on ptolemy.moml.MoMLSimpleApplication@55961308
----------------- Done invoking toplevel() on ptolemy.moml.MoMLSimpleApplication@55961308
reloadAllAccessors: .LevelCrossing4

===========================================================================================
----------------- testing Tue Jun 12 02:43:20 UTC 2018 /home/travis/build/icyphy/ptII/ptolemy/domains/continuous/test/auto/LevelCrossing5.xml
----------------- Instantiating /home/travis/build/icyphy/ptII/ptolemy/domains/continuous/test/auto/LevelCrossing5.xml
3 ms. Memory: 565760K Free: 254844K (45%)
----------------- Invoking toplevel() on ptolemy.moml.MoMLSimpleApplication@5723d8d8
----------------- Done invoking toplevel() on ptolemy.moml.MoMLSimpleApplication@5723d8d8
reloadAllAccessors: .LevelCrossing5

===========================================================================================
----------------- testing Tue Jun 12 02:43:20 UTC 2018 /home/travis/build/icyphy/ptII/ptolemy/domains/continuous/test/auto/LevelCrossing6.xml
----------------- Instantiating /home/travis/build/icyphy/ptII/ptolemy/domains/continuous/test/auto/LevelCrossing6.xml
[...]
----------------- Invoking toplevel() on ptolemy.moml.MoMLSimpleApplication@13fdbdca
----------------- Done invoking toplevel() on ptolemy.moml.MoMLSimpleApplication@13fdbdca
reloadAllAccessors: .ResetTransitionWithStartTime5

===========================================================================================
----------------- testing Tue Jun 12 02:43:36 UTC 2018 /home/travis/build/icyphy/ptII/ptolemy/domains/continuous/test/auto/ResetTransitionWithStartTime6.xml
----------------- Instantiating /home/travis/build/icyphy/ptII/ptolemy/domains/continuous/test/auto/ResetTransitionWithStartTime6.xml
9 ms. Memory: 371712K Free: 131116K (35%)
----------------- Invoking toplevel() on ptolemy.moml.MoMLSimpleApplication@1e2a58e2
----------------- Done invoking toplevel() on ptolemy.moml.MoMLSimpleApplication@1e2a58e2
reloadAllAccessors: .ResetTransitionWithStartTime6

===========================================================================================
----------------- testing Tue Jun 12 02:43:37 UTC 2018 /home/travis/build/icyphy/ptII/ptolemy/domains/continuous/test/auto/SRinContinuous.xml
----------------- Instantiating /home/travis/build/icyphy/ptII/ptolemy/domains/continuous/test/auto/SRinContinuous.xml
4 ms. Memory: 371712K Free: 121488K (33%)
----------------- Invoking toplevel() on ptolemy.moml.MoMLSimpleApplication@39056fc9
----------------- Done invoking toplevel() on ptolemy.moml.MoMLSimpleApplication@39056fc9
reloadAllAccessors: .SRinContinuous

===========================================================================================
----------------- testing Tue Jun 12 02:43:37 UTC 2018 /home/travis/build/icyphy/ptII/ptolemy/domains/continuous/test/auto/SampledClocks.xml
----------------- Instantiating /home/travis/build/icyphy/ptII/ptolemy/domains/continuous/test/auto/SampledClocks.xml
3 ms. Memory: 371712K Free: 105989K (29%)
----------------- Invoking toplevel() on ptolemy.moml.MoMLSimpleApplication@28d40bbb
----------------- Done invoking toplevel() on ptolemy.moml.MoMLSimpleApplication@28d40bbb
reloadAllAccessors: .SampledClocks

===========================================================================================
----------------- testing Tue Jun 12 02:43:37 UTC 2018 /home/travis/build/icyphy/ptII/ptolemy/domains/continuous/test/auto/Satellite.xml
----------------- Instantiating /home/travis/build/icyphy/ptII/ptolemy/domains/continuous/test/auto/Satellite.xml
715 ms. Memory: 364032K Free: 206008K (57%)
----------------- Invoking toplevel() on ptolemy.moml.MoMLSimpleApplication@5730b02e
----------------- Done invoking toplevel() on ptolemy.moml.MoMLSimpleApplication@5730b02e
reloadAllAccessors: .Satellite

===========================================================================================
----------------- testing Tue Jun 12 02:43:37 UTC 2018 /home/travis/build/icyphy/ptII/ptolemy/domains/continuous/test/auto/SigmaDelta.xml
----------------- Instantiating /home/travis/build/icyphy/ptII/ptolemy/domains/continuous/test/auto/SigmaDelta.xml
2191 ms. Memory: 433152K Free: 169665K (39%)
----------------- Invoking toplevel() on ptolemy.moml.MoMLSimpleApplication@7a2e6a82
----------------- Done invoking toplevel() on ptolemy.moml.MoMLSimpleApplication@7a2e6a82
reloadAllAccessors: .SigmaDelta

===========================================================================================
----------------- testing Tue Jun 12 02:43:40 UTC 2018 /home/travis/build/icyphy/ptII/ptolemy/domains/continuous/test/auto/SinuBouncingBall.xml
----------------- Instantiating /home/travis/build/icyphy/ptII/ptolemy/domains/continuous/test/auto/SinuBouncingBall.xml
762 ms. Memory: 516608K Free: 372621K (72%)
----------------- Invoking toplevel() on ptolemy.moml.MoMLSimpleApplication@2e8e8dd3
----------------- Done invoking toplevel() on ptolemy.moml.MoMLSimpleApplication@2e8e8dd3
reloadAllAccessors: .SinuBouncingBall

===========================================================================================
----------------- testing Tue Jun 12 02:43:40 UTC 2018 /home/travis/build/icyphy/ptII/ptolemy/domains/continuous/test/auto/Sinusoid.xml
----------------- Instantiating /home/travis/build/icyphy/ptII/ptolemy/domains/continuous/test/auto/Sinusoid.xml
4 ms. Memory: 516608K Free: 363598K (70%)
----------------- Invoking toplevel() on ptolemy.moml.MoMLSimpleApplication@c356b04
----------------- Done invoking toplevel() on ptolemy.moml.MoMLSimpleApplication@c356b04
reloadAllAccessors: .Sinusoid

===========================================================================================
----------------- testing Tue Jun 12 02:43:40 UTC 2018 /home/travis/build/icyphy/ptII/ptolemy/domains/continuous/test/auto/SinusoidInNoise.xml
----------------- Instantiating /home/travis/build/icyphy/ptII/ptolemy/domains/continuous/test/auto/SinusoidInNoise.xml
827 ms. Memory: 516608K Free: 161038K (31%)
----------------- Invoking toplevel() on ptolemy.moml.MoMLSimpleApplication@1cc599b0
----------------- Done invoking toplevel() on ptolemy.moml.MoMLSimpleApplication@1cc599b0
reloadAllAccessors: .SinusoidInNoise

===========================================================================================
----------------- testing Tue Jun 12 02:43:41 UTC 2018 /home/travis/build/icyphy/ptII/ptolemy/domains/continuous/test/auto/SinusoidRK45.xml
----------------- Instantiating /home/travis/build/icyphy/ptII/ptolemy/domains/continuous/test/auto/SinusoidRK45.xml
2 ms. Memory: 516608K Free: 153554K (30%)
----------------- Invoking toplevel() on ptolemy.moml.MoMLSimpleApplication@74e8faf7
----------------- Done invoking toplevel() on ptolemy.moml.MoMLSimpleApplication@74e8faf7
reloadAllAccessors: .SinusoidRK45

===========================================================================================
----------------- testing Tue Jun 12 02:43:41 UTC 2018 /home/travis/build/icyphy/ptII/ptolemy/domains/continuous/test/auto/SinusoidWithMultipleImpulses.xml
----------------- Instantiating /home/travis/build/icyphy/ptII/ptolemy/domains/continuous/test/auto/SinusoidWithMultipleImpulses.xml
3 ms. Memory: 516608K Free: 146160K (28%)
----------------- Invoking toplevel() on ptolemy.moml.MoMLSimpleApplication@2f73b928
----------------- Done invoking toplevel() on ptolemy.moml.MoMLSimpleApplication@2f73b928
reloadAllAccessors: .SinusoidWithMultipleImpulses

===========================================================================================
----------------- testing Tue Jun 12 02:43:41 UTC 2018 /home/travis/build/icyphy/ptII/ptolemy/domains/continuous/test/auto/SquareWave.xml
----------------- Instantiating /home/travis/build/icyphy/ptII/ptolemy/domains/continuous/test/auto/SquareWave.xml
139 ms. Memory: 516608K Free: 112632K (22%)
----------------- Invoking toplevel() on ptolemy.moml.MoMLSimpleApplication@3acb756f
----------------- Done invoking toplevel() on ptolemy.moml.MoMLSimpleApplication@3acb756f
reloadAllAccessors: .SquareWave

===========================================================================================
----------------- testing Tue Jun 12 02:43:42 UTC 2018 /home/travis/build/icyphy/ptII/ptolemy/domains/continuous/test/auto/Starmac.xml
----------------- Instantiating /home/travis/build/icyphy/ptII/ptolemy/domains/continuous/test/auto/Starmac.xml
3075 ms. Memory: 498176K Free: 157043K (32%)
----------------- Invoking toplevel() on ptolemy.moml.MoMLSimpleApplication@5e8d701
----------------- Done invoking toplevel() on ptolemy.moml.MoMLSimpleApplication@5e8d701
reloadAllAccessors: .Starmac

===========================================================================================
----------------- testing Tue Jun 12 02:43:45 UTC 2018 /home/travis/build/icyphy/ptII/ptolemy/domains/continuous/test/auto/StaticUnits.xml
----------------- Instantiating /home/travis/build/icyphy/ptII/ptolemy/domains/continuous/test/auto/StaticUnits.xml
2080 ms. Memory: 482816K Free: 83581K (17%)
----------------- Invoking toplevel() on ptolemy.moml.MoMLSimpleApplication@2120c74c
----------------- Done invoking toplevel() on ptolemy.moml.MoMLSimpleApplication@2120c74c
reloadAllAccessors: .StaticUnits

===========================================================================================
----------------- testing Tue Jun 12 02:43:47 UTC 2018 /home/travis/build/icyphy/ptII/ptolemy/domains/continuous/test/auto/StickyMasses.xml
----------------- Instantiating /home/travis/build/icyphy/ptII/ptolemy/domains/continuous/test/auto/StickyMasses.xml
125 ms. Memory: 482816K Free: 25072K (5%)
----------------- Invoking toplevel() on ptolemy.moml.MoMLSimpleApplication@6a7b4bc2
----------------- Done invoking toplevel() on ptolemy.moml.MoMLSimpleApplication@6a7b4bc2
reloadAllAccessors: .StickyMasses

===========================================================================================
----------------- testing Tue Jun 12 02:43:48 UTC 2018 /home/travis/build/icyphy/ptII/ptolemy/domains/continuous/test/auto/StopTime.xml
----------------- Instantiating /home/travis/build/icyphy/ptII/ptolemy/domains/continuous/test/auto/StopTime.xml
36 ms. Memory: 458240K Free: 365693K (80%)
----------------- Invoking toplevel() on ptolemy.moml.MoMLSimpleApplication@53d6624f
----------------- Done invoking toplevel() on ptolemy.moml.MoMLSimpleApplication@53d6624f
reloadAllAccessors: .StopTime

===========================================================================================
----------------- testing Tue Jun 12 02:43:48 UTC 2018 /home/travis/build/icyphy/ptII/ptolemy/domains/continuous/test/auto/StopTime2.xml
----------------- Instantiating /home/travis/build/icyphy/ptII/ptolemy/domains/continuous/test/auto/StopTime2.xml
29 ms. Memory: 458240K Free: 339538K (74%)
----------------- Invoking toplevel() on ptolemy.moml.MoMLSimpleApplication@7033b975
----------------- Done invoking toplevel() on ptolemy.moml.MoMLSimpleApplication@7033b975
reloadAllAccessors: .StopTime2

===========================================================================================
----------------- testing Tue Jun 12 02:43:48 UTC 2018 /home/travis/build/icyphy/ptII/ptolemy/domains/continuous/test/auto/Switch.xml
----------------- Instantiating /home/travis/build/icyphy/ptII/ptolemy/domains/continuous/test/auto/Switch.xml
45 ms. Memory: 458240K Free: 308423K (67%)
----------------- Invoking toplevel() on ptolemy.moml.MoMLSimpleApplication@42b5377e
----------------- Done invoking toplevel() on ptolemy.moml.MoMLSimpleApplication@42b5377e
reloadAllAccessors: .Switch

===========================================================================================
----------------- testing Tue Jun 12 02:43:48 UTC 2018 /home/travis/build/icyphy/ptII/ptolemy/domains/continuous/test/auto/Thermostat.xml
----------------- Instantiating /home/travis/build/icyphy/ptII/ptolemy/domains/continuous/test/auto/Thermostat.xml
183 ms. Memory: 458240K Free: 231863K (51%)
----------------- Invoking toplevel() on ptolemy.moml.MoMLSimpleApplication@4a83e6a5
----------------- Done invoking toplevel() on ptolemy.moml.MoMLSimpleApplication@4a83e6a5
reloadAllAccessors: .Thermostat

===========================================================================================
----------------- testing Tue Jun 12 02:43:48 UTC 2018 /home/travis/build/icyphy/ptII/ptolemy/domains/continuous/test/auto/TimeDelay.xml
----------------- Instantiating /home/travis/build/icyphy/ptII/ptolemy/domains/continuous/test/auto/TimeDelay.xml
7 ms. Memory: 458240K Free: 223383K (49%)
----------------- Invoking toplevel() on ptolemy.moml.MoMLSimpleApplication@384aac8d
----------------- Done invoking toplevel() on ptolemy.moml.MoMLSimpleApplication@384aac8d
reloadAllAccessors: .TimeDelay

===========================================================================================
----------------- testing Tue Jun 12 02:43:48 UTC 2018 /home/travis/build/icyphy/ptII/ptolemy/domains/continuous/test/auto/TimeDelay2.xml
----------------- Instantiating /home/travis/build/icyphy/ptII/ptolemy/domains/continuous/test/auto/TimeDelay2.xml
7 ms. Memory: 458240K Free: 214871K (47%)
----------------- Invoking toplevel() on ptolemy.moml.MoMLSimpleApplication@6202117e
----------------- Done invoking toplevel() on ptolemy.moml.MoMLSimpleApplication@6202117e
reloadAllAccessors: .TimeDelay2

===========================================================================================
----------------- testing Tue Jun 12 02:43:48 UTC 2018 /home/travis/build/icyphy/ptII/ptolemy/domains/continuous/test/auto/TimeDelay3.xml
----------------- Instantiating /home/travis/build/icyphy/ptII/ptolemy/domains/continuous/test/auto/TimeDelay3.xml
8 ms. Memory: 458240K Free: 206397K (45%)
----------------- Invoking toplevel() on ptolemy.moml.MoMLSimpleApplication@593133da
----------------- Done invoking toplevel() on ptolemy.moml.MoMLSimpleApplication@593133da
reloadAllAccessors: .TimeDelay3

===========================================================================================
----------------- testing Tue Jun 12 02:43:48 UTC 2018 /home/travis/build/icyphy/ptII/ptolemy/domains/continuous/test/auto/TransferAbsentToInside.xml
----------------- Instantiating /home/travis/build/icyphy/ptII/ptolemy/domains/continuous/test/auto/TransferAbsentToInside.xml
44 ms. Memory: 458240K Free: 144950K (32%)
----------------- Invoking toplevel() on ptolemy.moml.MoMLSimpleApplication@7952a5e0
----------------- Done invoking toplevel() on ptolemy.moml.MoMLSimpleApplication@7952a5e0
reloadAllAccessors: .TransferAbsentToInside

===========================================================================================
----------------- testing Tue Jun 12 02:43:48 UTC 2018 /home/travis/build/icyphy/ptII/ptolemy/domains/continuous/test/auto/Transmission.xml
----------------- Instantiating /home/travis/build/icyphy/ptII/ptolemy/domains/continuous/test/auto/Transmission.xml
696 ms. Memory: 448512K Free: 272114K (61%)
----------------- Invoking toplevel() on ptolemy.moml.MoMLSimpleApplication@32d0bc13
----------------- Done invoking toplevel() on ptolemy.moml.MoMLSimpleApplication@32d0bc13
reloadAllAccessors: .Transmission

===========================================================================================
----------------- testing Tue Jun 12 02:43:49 UTC 2018 /home/travis/build/icyphy/ptII/ptolemy/domains/continuous/test/auto/TriggeredContinuousClock.xml
----------------- Instantiating /home/travis/build/icyphy/ptII/ptolemy/domains/continuous/test/auto/TriggeredContinuousClock.xml
31 ms. Memory: 448512K Free: 236172K (53%)
----------------- Invoking toplevel() on ptolemy.moml.MoMLSimpleApplication@4fb1bebe
----------------- Done invoking toplevel() on ptolemy.moml.MoMLSimpleApplication@4fb1bebe
reloadAllAccessors: .TriggeredContinuousClock

===========================================================================================
----------------- testing Tue Jun 12 02:43:49 UTC 2018 /home/travis/build/icyphy/ptII/ptolemy/domains/continuous/test/auto/TwoMachineInfiniteBusControl.xml
----------------- Instantiating /home/travis/build/icyphy/ptII/ptolemy/domains/continuous/test/auto/TwoMachineInfiniteBusControl.xml
2906 ms. Memory: 409088K Free: 327082K (80%)
----------------- Invoking toplevel() on ptolemy.moml.MoMLSimpleApplication@70fe4760
----------------- Done invoking toplevel() on ptolemy.moml.MoMLSimpleApplication@70fe4760
reloadAllAccessors: .TwoMachineInfiniteBusControl

===========================================================================================
----------------- testing Tue Jun 12 02:43:52 UTC 2018 /home/travis/build/icyphy/ptII/ptolemy/domains/continuous/test/auto/V2V.xml
----------------- Instantiating /home/travis/build/icyphy/ptII/ptolemy/domains/continuous/test/auto/V2V.xml
654 ms. Memory: 409088K Free: 131712K (32%)
----------------- Invoking toplevel() on ptolemy.moml.MoMLSimpleApplication@3f009e5b
----------------- Done invoking toplevel() on ptolemy.moml.MoMLSimpleApplication@3f009e5b
reloadAllAccessors: .V2V

===========================================================================================
----------------- testing Tue Jun 12 02:43:53 UTC 2018 /home/travis/build/icyphy/ptII/ptolemy/domains/continuous/test/auto/hierarchicalModalModel.xml
----------------- Instantiating /home/travis/build/icyphy/ptII/ptolemy/domains/continuous/test/auto/hierarchicalModalModel.xml
8 ms. Memory: 409088K Free: 113240K (28%)
----------------- Invoking toplevel() on ptolemy.moml.MoMLSimpleApplication@6a7282a4
----------------- Done invoking toplevel() on ptolemy.moml.MoMLSimpleApplication@6a7282a4
reloadAllAccessors: .hierarchicalModalModel

===========================================================================================
----------------- testing Tue Jun 12 02:43:53 UTC 2018 /home/travis/build/icyphy/ptII/ptolemy/domains/continuous/test/auto/hierarchicalModalModel1.xml
----------------- Instantiating /home/travis/build/icyphy/ptII/ptolemy/domains/continuous/test/auto/hierarchicalModalModel1.xml
7 ms. Memory: 409088K Free: 94758K (23%)
----------------- Invoking toplevel() on ptolemy.moml.MoMLSimpleApplication@580b7ab
----------------- Done invoking toplevel() on ptolemy.moml.MoMLSimpleApplication@580b7ab
reloadAllAccessors: .hierarchicalModalModel1

===========================================================================================
----------------- testing Tue Jun 12 02:43:53 UTC 2018 /home/travis/build/icyphy/ptII/ptolemy/domains/continuous/test/auto/hierarchicalModalModel2.xml
----------------- Instantiating /home/travis/build/icyphy/ptII/ptolemy/domains/continuous/test/auto/hierarchicalModalModel2.xml
6 ms. Memory: 409088K Free: 78554K (19%)
----------------- Invoking toplevel() on ptolemy.moml.MoMLSimpleApplication@4a73fb4
----------------- Done invoking toplevel() on ptolemy.moml.MoMLSimpleApplication@4a73fb4
reloadAllAccessors: .hierarchicalModalModel2

===========================================================================================
----------------- testing Tue Jun 12 02:43:53 UTC 2018 /home/travis/build/icyphy/ptII/ptolemy/domains/continuous/test/auto/hierarchicalModalModel3.xml
----------------- Instantiating /home/travis/build/icyphy/ptII/ptolemy/domains/continuous/test/auto/hierarchicalModalModel3.xml
5 ms. Memory: 409088K Free: 64535K (16%)
----------------- Invoking toplevel() on ptolemy.moml.MoMLSimpleApplication@28ae170f
----------------- Done invoking toplevel() on ptolemy.moml.MoMLSimpleApplication@28ae170f
reloadAllAccessors: .hierarchicalModalModel3

===========================================================================================
----------------- testing Tue Jun 12 02:43:53 UTC 2018 /home/travis/build/icyphy/ptII/ptolemy/domains/continuous/test/auto/hierarchicalModalModel4.xml
----------------- Instantiating /home/travis/build/icyphy/ptII/ptolemy/domains/continuous/test/auto/hierarchicalModalModel4.xml
7 ms. Memory: 409088K Free: 50454K (12%)
----------------- Invoking toplevel() on ptolemy.moml.MoMLSimpleApplication@733d7989
----------------- Done invoking toplevel() on ptolemy.moml.MoMLSimpleApplication@733d7989
reloadAllAccessors: .hierarchicalModalModel4

===========================================================================================
----------------- testing Tue Jun 12 02:43:53 UTC 2018 /home/travis/build/icyphy/ptII/ptolemy/domains/continuous/test/auto/junk.xml
----------------- Instantiating /home/travis/build/icyphy/ptII/ptolemy/domains/continuous/test/auto/junk.xml
132 ms. Memory: 409088K Free: 16780K (4%)
----------------- Invoking toplevel() on ptolemy.moml.MoMLSimpleApplication@25e631c9
----------------- Done invoking toplevel() on ptolemy.moml.MoMLSimpleApplication@25e631c9
reloadAllAccessors: .junk
AutoTests.java: About to close Vertx.
AutoTests.java: Vertx closed.
]]></system-out>
  <system-err><![CDATA[Warning: '.HysteresisWithRandomDelay.NonStrictTest3' The test produced only 19 tokens, yet the correctValues parameter was expecting 30 tokens.
]]></system-err>
</testsuite>
