<?xml version="1.0" encoding="UTF-8" ?>
<testsuite errors="0" failures="0" hostname="travis-job-173c6be9-7976-44e5-b680-5306f4b7ebc8" name="ptolemy.domains.de.test.junit.JUnitTclTest" skipped="0" tests="101" time="137.372" timestamp="2018-06-09T01:34:30">
  <properties>
[...]
</properties>
  <testcase classname="ptolemy.util.test.junit.TclTests" name="[0] /home/travis/build/icyphy/ptII/ptolemy/domains/de/test/DependencyLoop.tcl (RunTclFile)" time="0.879" />
  <testcase classname="ptolemy.util.test.junit.TclTests" name="[1] /home/travis/build/icyphy/ptII/ptolemy/domains/de/test/RunDETestsAsQSS.tcl (RunTclFile)" time="94.887" />
  <testcase classname="ptolemy.util.test.junit.AutoKnownFailedTests" name="[0] /home/travis/build/icyphy/ptII/ptolemy/domains/de/test/auto/knownFailedTests/DESDFClockTest.xml (RunModel)" time="2.025" />
  <testcase classname="ptolemy.util.test.junit.AutoKnownFailedTests" name="[1] /home/travis/build/icyphy/ptII/ptolemy/domains/de/test/auto/knownFailedTests/DirectFeedback.xml (RunModel)" time="0.012" />
  <testcase classname="ptolemy.util.test.junit.AutoKnownFailedTests" name="[2] /home/travis/build/icyphy/ptII/ptolemy/domains/de/test/auto/knownFailedTests/FSMSource.xml (RunModel)" time="0.026" />
  <testcase classname="ptolemy.util.test.junit.AutoKnownFailedTests" name="[3] /home/travis/build/icyphy/ptII/ptolemy/domains/de/test/auto/knownFailedTests/HierarchicalModel.xml (RunModel)" time="0.036" />
  <testcase classname="ptolemy.util.test.junit.AutoKnownFailedTests" name="[4] /home/travis/build/icyphy/ptII/ptolemy/domains/de/test/auto/knownFailedTests/dependencyLoop.xml (RunModel)" time="0.041" />
  <testcase classname="ptolemy.util.test.junit.AutoKnownFailedTests" name="[5] /home/travis/build/icyphy/ptII/ptolemy/domains/de/test/auto/knownFailedTests/dependencyLoop2.xml (RunModel)" time="0.037" />
  <testcase classname="ptolemy.util.test.junit.AutoNameArchTests" name="[0] ThereAreNoAutoArchTests (RunModel)" time="0.001" />
  <testcase classname="ptolemy.util.test.junit.AutoTests" name="[0] /home/travis/build/icyphy/ptII/ptolemy/domains/de/test/auto/ActorDepthCalculation_actorWithoutPorts.xml (RunModel)" time="0.015" />
  <testcase classname="ptolemy.util.test.junit.AutoTests" name="[1] /home/travis/build/icyphy/ptII/ptolemy/domains/de/test/auto/AssemblyLine.xml (RunModel)" time="0.021" />
  <testcase classname="ptolemy.util.test.junit.AutoTests" name="[2] /home/travis/build/icyphy/ptII/ptolemy/domains/de/test/auto/CQBug1.xml (RunModel)" time="0.006" />
  <testcase classname="ptolemy.util.test.junit.AutoTests" name="[3] /home/travis/build/icyphy/ptII/ptolemy/domains/de/test/auto/CancelFireAt.xml (RunModel)" time="0.005" />
  <testcase classname="ptolemy.util.test.junit.AutoTests" name="[4] /home/travis/build/icyphy/ptII/ptolemy/domains/de/test/auto/CausalityAndComposabilityAnalysis.xml (RunModel)" time="0.009" />
  <testcase classname="ptolemy.util.test.junit.AutoTests" name="[5] /home/travis/build/icyphy/ptII/ptolemy/domains/de/test/auto/CausalityInterface1.xml (RunModel)" time="0.013" />
  <testcase classname="ptolemy.util.test.junit.AutoTests" name="[6] /home/travis/build/icyphy/ptII/ptolemy/domains/de/test/auto/CausalityInterface15.xml (RunModel)" time="0.012" />
  <testcase classname="ptolemy.util.test.junit.AutoTests" name="[7] /home/travis/build/icyphy/ptII/ptolemy/domains/de/test/auto/CausalityInterface2.xml (RunModel)" time="0.008" />
  <testcase classname="ptolemy.util.test.junit.AutoTests" name="[8] /home/travis/build/icyphy/ptII/ptolemy/domains/de/test/auto/CausalityInterface3.xml (RunModel)" time="0.01" />
  <testcase classname="ptolemy.util.test.junit.AutoTests" name="[9] /home/travis/build/icyphy/ptII/ptolemy/domains/de/test/auto/ClockDrift.xml (RunModel)" time="0.029" />
  <testcase classname="ptolemy.util.test.junit.AutoTests" name="[10] /home/travis/build/icyphy/ptII/ptolemy/domains/de/test/auto/ClockDriftAndValueChange.xml (RunModel)" time="0.025" />
  <testcase classname="ptolemy.util.test.junit.AutoTests" name="[11] /home/travis/build/icyphy/ptII/ptolemy/domains/de/test/auto/ClockDriftChange.xml (RunModel)" time="0.02" />
  <testcase classname="ptolemy.util.test.junit.AutoTests" name="[12] /home/travis/build/icyphy/ptII/ptolemy/domains/de/test/auto/ComposableCausalityAnalysis.xml (RunModel)" time="0.013" />
  <testcase classname="ptolemy.util.test.junit.AutoTests" name="[13] /home/travis/build/icyphy/ptII/ptolemy/domains/de/test/auto/DEFixedPointLimitation.xml (RunModel)" time="0.008" />
  <testcase classname="ptolemy.util.test.junit.AutoTests" name="[14] /home/travis/build/icyphy/ptII/ptolemy/domains/de/test/auto/DEScheduleTest.xml (RunModel)" time="0.011" />
  <testcase classname="ptolemy.util.test.junit.AutoTests" name="[15] /home/travis/build/icyphy/ptII/ptolemy/domains/de/test/auto/DEinDEwithStartTimes.xml (RunModel)" time="0.012" />
  <testcase classname="ptolemy.util.test.junit.AutoTests" name="[16] /home/travis/build/icyphy/ptII/ptolemy/domains/de/test/auto/DEinDEwithStartTimes2.xml (RunModel)" time="0.015" />
  <testcase classname="ptolemy.util.test.junit.AutoTests" name="[17] /home/travis/build/icyphy/ptII/ptolemy/domains/de/test/auto/DateDemo.xml (RunModel)" time="0.02" />
  <testcase classname="ptolemy.util.test.junit.AutoTests" name="[18] /home/travis/build/icyphy/ptII/ptolemy/domains/de/test/auto/DateToEvent.xml (RunModel)" time="2.028" />
  <testcase classname="ptolemy.util.test.junit.AutoTests" name="[19] /home/travis/build/icyphy/ptII/ptolemy/domains/de/test/auto/DepthTest1.xml (RunModel)" time="0.01" />
  <testcase classname="ptolemy.util.test.junit.AutoTests" name="[20] /home/travis/build/icyphy/ptII/ptolemy/domains/de/test/auto/DepthTest2.xml (RunModel)" time="0.021" />
  <testcase classname="ptolemy.util.test.junit.AutoTests" name="[21] /home/travis/build/icyphy/ptII/ptolemy/domains/de/test/auto/DepthTest3.xml (RunModel)" time="0.01" />
  <testcase classname="ptolemy.util.test.junit.AutoTests" name="[22] /home/travis/build/icyphy/ptII/ptolemy/domains/de/test/auto/DepthTest4.xml (RunModel)" time="0.013" />
  <testcase classname="ptolemy.util.test.junit.AutoTests" name="[23] /home/travis/build/icyphy/ptII/ptolemy/domains/de/test/auto/DepthTest5.xml (RunModel)" time="0.015" />
  <testcase classname="ptolemy.util.test.junit.AutoTests" name="[24] /home/travis/build/icyphy/ptII/ptolemy/domains/de/test/auto/DepthTest6.xml (RunModel)" time="0.022" />
  <testcase classname="ptolemy.util.test.junit.AutoTests" name="[25] /home/travis/build/icyphy/ptII/ptolemy/domains/de/test/auto/DepthTest7.xml (RunModel)" time="0.019" />
  <testcase classname="ptolemy.util.test.junit.AutoTests" name="[26] /home/travis/build/icyphy/ptII/ptolemy/domains/de/test/auto/EventToDate.xml (RunModel)" time="3.043" />
  <testcase classname="ptolemy.util.test.junit.AutoTests" name="[27] /home/travis/build/icyphy/ptII/ptolemy/domains/de/test/auto/FSM1.xml (RunModel)" time="0.037" />
  <testcase classname="ptolemy.util.test.junit.AutoTests" name="[28] /home/travis/build/icyphy/ptII/ptolemy/domains/de/test/auto/FSM7.xml (RunModel)" time="0.051" />
  <testcase classname="ptolemy.util.test.junit.AutoTests" name="[29] /home/travis/build/icyphy/ptII/ptolemy/domains/de/test/auto/Inspection.xml (RunModel)" time="0.064" />
  <testcase classname="ptolemy.util.test.junit.AutoTests" name="[30] /home/travis/build/icyphy/ptII/ptolemy/domains/de/test/auto/Iteration.xml (RunModel)" time="0.022" />
  <testcase classname="ptolemy.util.test.junit.AutoTests" name="[31] /home/travis/build/icyphy/ptII/ptolemy/domains/de/test/auto/LineFault.xml (RunModel)" time="0.592" />
  <testcase classname="ptolemy.util.test.junit.AutoTests" name="[32] /home/travis/build/icyphy/ptII/ptolemy/domains/de/test/auto/MergeModel1Add.xml (RunModel)" time="0.055" />
  <testcase classname="ptolemy.util.test.junit.AutoTests" name="[33] /home/travis/build/icyphy/ptII/ptolemy/domains/de/test/auto/MergeModel2Add.xml (RunModel)" time="0.042" />
  <testcase classname="ptolemy.util.test.junit.AutoTests" name="[34] /home/travis/build/icyphy/ptII/ptolemy/domains/de/test/auto/MergeModel3Add.xml (RunModel)" time="0.046" />
  <testcase classname="ptolemy.util.test.junit.AutoTests" name="[35] /home/travis/build/icyphy/ptII/ptolemy/domains/de/test/auto/MergeWithoutDiscard.xml (RunModel)" time="0.01" />
  <testcase classname="ptolemy.util.test.junit.AutoTests" name="[36] /home/travis/build/icyphy/ptII/ptolemy/domains/de/test/auto/Modal1.xml (RunModel)" time="0.048" />
  <testcase classname="ptolemy.util.test.junit.AutoTests" name="[37] /home/travis/build/icyphy/ptII/ptolemy/domains/de/test/auto/Modal2.xml (RunModel)" time="0.033" />
  <testcase classname="ptolemy.util.test.junit.AutoTests" name="[38] /home/travis/build/icyphy/ptII/ptolemy/domains/de/test/auto/Modal3.xml (RunModel)" time="0.034" />
  <testcase classname="ptolemy.util.test.junit.AutoTests" name="[39] /home/travis/build/icyphy/ptII/ptolemy/domains/de/test/auto/Modal4.xml (RunModel)" time="0.035" />
  <testcase classname="ptolemy.util.test.junit.AutoTests" name="[40] /home/travis/build/icyphy/ptII/ptolemy/domains/de/test/auto/Modal5.xml (RunModel)" time="0.033" />
  <testcase classname="ptolemy.util.test.junit.AutoTests" name="[41] /home/travis/build/icyphy/ptII/ptolemy/domains/de/test/auto/Modal6.xml (RunModel)" time="0.035" />
  <testcase classname="ptolemy.util.test.junit.AutoTests" name="[42] /home/travis/build/icyphy/ptII/ptolemy/domains/de/test/auto/Modal7.xml (RunModel)" time="0.037" />
  <testcase classname="ptolemy.util.test.junit.AutoTests" name="[43] /home/travis/build/icyphy/ptII/ptolemy/domains/de/test/auto/ModalModel.xml (RunModel)" time="0.211" />
  <testcase classname="ptolemy.util.test.junit.AutoTests" name="[44] /home/travis/build/icyphy/ptII/ptolemy/domains/de/test/auto/ModalSource.xml (RunModel)" time="0.022" />
  <testcase classname="ptolemy.util.test.junit.AutoTests" name="[45] /home/travis/build/icyphy/ptII/ptolemy/domains/de/test/auto/NonInterruptibleTimerZeroDelay.xml (RunModel)" time="0.011" />
  <testcase classname="ptolemy.util.test.junit.AutoTests" name="[46] /home/travis/build/icyphy/ptII/ptolemy/domains/de/test/auto/OpenQueueingNetwork.xml (RunModel)" time="2.869" />
  <testcase classname="ptolemy.util.test.junit.AutoTests" name="[47] /home/travis/build/icyphy/ptII/ptolemy/domains/de/test/auto/OpenQueuingNetwork.xml (RunModel)" time="0.31" />
  <testcase classname="ptolemy.util.test.junit.AutoTests" name="[48] /home/travis/build/icyphy/ptII/ptolemy/domains/de/test/auto/PeriodicSampler.xml (RunModel)" time="0.01" />
  <testcase classname="ptolemy.util.test.junit.AutoTests" name="[49] /home/travis/build/icyphy/ptII/ptolemy/domains/de/test/auto/PersistentIO.xml (RunModel)" time="0.033" />
  <testcase classname="ptolemy.util.test.junit.AutoTests" name="[50] /home/travis/build/icyphy/ptII/ptolemy/domains/de/test/auto/PortParameterResetOnInitialize.xml (RunModel)" time="0.01" />
  <testcase classname="ptolemy.util.test.junit.AutoTests" name="[51] /home/travis/build/icyphy/ptII/ptolemy/domains/de/test/auto/PortParameterUpdates.xml (RunModel)" time="0.021" />
  <testcase classname="ptolemy.util.test.junit.AutoTests" name="[52] /home/travis/build/icyphy/ptII/ptolemy/domains/de/test/auto/QueueAndServer.xml (RunModel)" time="0.024" />
  <testcase classname="ptolemy.util.test.junit.AutoTests" name="[53] /home/travis/build/icyphy/ptII/ptolemy/domains/de/test/auto/Records.xml (RunModel)" time="0.022" />
  <testcase classname="ptolemy.util.test.junit.AutoTests" name="[54] /home/travis/build/icyphy/ptII/ptolemy/domains/de/test/auto/ResetTransitionWithStartTime1.xml (RunModel)" time="0.021" />
  <testcase classname="ptolemy.util.test.junit.AutoTests" name="[55] /home/travis/build/icyphy/ptII/ptolemy/domains/de/test/auto/ResetTransitionWithStartTime2.xml (RunModel)" time="0.024" />
  <testcase classname="ptolemy.util.test.junit.AutoTests" name="[56] /home/travis/build/icyphy/ptII/ptolemy/domains/de/test/auto/ResetTransitionWithStartTime3.xml (RunModel)" time="0.021" />
  <testcase classname="ptolemy.util.test.junit.AutoTests" name="[57] /home/travis/build/icyphy/ptII/ptolemy/domains/de/test/auto/ResetTransitionWithStartTime4.xml (RunModel)" time="0.023" />
  <testcase classname="ptolemy.util.test.junit.AutoTests" name="[58] /home/travis/build/icyphy/ptII/ptolemy/domains/de/test/auto/ResettableTimer1.xml (RunModel)" time="0.011" />
  <testcase classname="ptolemy.util.test.junit.AutoTests" name="[59] /home/travis/build/icyphy/ptII/ptolemy/domains/de/test/auto/ResettableTimer2.xml (RunModel)" time="0.01" />
  <testcase classname="ptolemy.util.test.junit.AutoTests" name="[60] /home/travis/build/icyphy/ptII/ptolemy/domains/de/test/auto/ResettableTimer3.xml (RunModel)" time="0.01" />
  <testcase classname="ptolemy.util.test.junit.AutoTests" name="[61] /home/travis/build/icyphy/ptII/ptolemy/domains/de/test/auto/ResettableTimer4.xml (RunModel)" time="0.01" />
  <testcase classname="ptolemy.util.test.junit.AutoTests" name="[62] /home/travis/build/icyphy/ptII/ptolemy/domains/de/test/auto/ResettableTimer5.xml (RunModel)" time="0.015" />
  <testcase classname="ptolemy.util.test.junit.AutoTests" name="[63] /home/travis/build/icyphy/ptII/ptolemy/domains/de/test/auto/ResettableTimer6.xml (RunModel)" time="0.018" />
  <testcase classname="ptolemy.util.test.junit.AutoTests" name="[64] /home/travis/build/icyphy/ptII/ptolemy/domains/de/test/auto/ServerZeroDelay.xml (RunModel)" time="0.021" />
  <testcase classname="ptolemy.util.test.junit.AutoTests" name="[65] /home/travis/build/icyphy/ptII/ptolemy/domains/de/test/auto/SmartSender.xml (RunModel)" time="3.01" />
  <testcase classname="ptolemy.util.test.junit.AutoTests" name="[66] /home/travis/build/icyphy/ptII/ptolemy/domains/de/test/auto/ThreadedComposite.xml (RunModel)" time="0.191" />
  <testcase classname="ptolemy.util.test.junit.AutoTests" name="[67] /home/travis/build/icyphy/ptII/ptolemy/domains/de/test/auto/Time.xml (RunModel)" time="0.499" />
  <testcase classname="ptolemy.util.test.junit.AutoTests" name="[68] /home/travis/build/icyphy/ptII/ptolemy/domains/de/test/auto/TimeDelayZeroDelay.xml (RunModel)" time="0.013" />
  <testcase classname="ptolemy.util.test.junit.AutoTests" name="[69] /home/travis/build/icyphy/ptII/ptolemy/domains/de/test/auto/TimerZeroDelay.xml (RunModel)" time="0.01" />
  <testcase classname="ptolemy.util.test.junit.AutoTests" name="[70] /home/travis/build/icyphy/ptII/ptolemy/domains/de/test/auto/TimingParadox.xml (RunModel)" time="0.378" />
  <testcase classname="ptolemy.util.test.junit.AutoTests" name="[71] /home/travis/build/icyphy/ptII/ptolemy/domains/de/test/auto/TransferInputs.xml (RunModel)" time="0.016" />
  <testcase classname="ptolemy.util.test.junit.AutoTests" name="[72] /home/travis/build/icyphy/ptII/ptolemy/domains/de/test/auto/TransferOutputs2.xml (RunModel)" time="0.018" />
  <testcase classname="ptolemy.util.test.junit.AutoTests" name="[73] /home/travis/build/icyphy/ptII/ptolemy/domains/de/test/auto/Trilateration.xml (RunModel)" time="12.071" />
  <testcase classname="ptolemy.util.test.junit.AutoTests" name="[74] /home/travis/build/icyphy/ptII/ptolemy/domains/de/test/auto/TwoSigmaDelta.xml (RunModel)" time="2.323" />
  <testcase classname="ptolemy.util.test.junit.AutoTests" name="[75] /home/travis/build/icyphy/ptII/ptolemy/domains/de/test/auto/VariableDelay.xml (RunModel)" time="0.013" />
  <testcase classname="ptolemy.util.test.junit.AutoTests" name="[76] /home/travis/build/icyphy/ptII/ptolemy/domains/de/test/auto/VariableDelay2.xml (RunModel)" time="0.008" />
  <testcase classname="ptolemy.util.test.junit.AutoTests" name="[77] /home/travis/build/icyphy/ptII/ptolemy/domains/de/test/auto/VariableDelayZeroDelay.xml (RunModel)" time="0.014" />
  <testcase classname="ptolemy.util.test.junit.AutoTests" name="[78] /home/travis/build/icyphy/ptII/ptolemy/domains/de/test/auto/VariableDelayZeroDelay2.xml (RunModel)" time="0.011" />
  <testcase classname="ptolemy.util.test.junit.AutoTests" name="[79] /home/travis/build/icyphy/ptII/ptolemy/domains/de/test/auto/deInCt.xml (RunModel)" time="0.017" />
  <testcase classname="ptolemy.util.test.junit.AutoTests" name="[80] /home/travis/build/icyphy/ptII/ptolemy/domains/de/test/auto/deInCt2.xml (RunModel)" time="0.016" />
  <testcase classname="ptolemy.util.test.junit.AutoTests" name="[81] /home/travis/build/icyphy/ptII/ptolemy/domains/de/test/auto/dynamicCausalityInterface1.xml (RunModel)" time="0.02" />
  <testcase classname="ptolemy.util.test.junit.AutoTests" name="[82] /home/travis/build/icyphy/ptII/ptolemy/domains/de/test/auto/fsm_de_test.xml (RunModel)" time="0.027" />
  <testcase classname="ptolemy.util.test.junit.AutoTests" name="[83] /home/travis/build/icyphy/ptII/ptolemy/domains/de/test/auto/functionDependencyReconstruction.xml (RunModel)" time="0.034" />
  <testcase classname="ptolemy.util.test.junit.AutoTests" name="[84] /home/travis/build/icyphy/ptII/ptolemy/domains/de/test/auto/multirate.xml (RunModel)" time="0.018" />
  <testcase classname="ptolemy.util.test.junit.AutoTests" name="[85] /home/travis/build/icyphy/ptII/ptolemy/domains/de/test/auto/multirate2.xml (RunModel)" time="0.017" />
  <testcase classname="ptolemy.util.test.junit.AutoTests" name="[86] /home/travis/build/icyphy/ptII/ptolemy/domains/de/test/auto/realtime.xml (RunModel)" time="10.012" />
  <testcase classname="ptolemy.util.test.junit.AutoTests" name="[87] /home/travis/build/icyphy/ptII/ptolemy/domains/de/test/auto/relationGroup.xml (RunModel)" time="0.012" />
  <testcase classname="ptolemy.util.test.junit.AutoTests" name="[88] /home/travis/build/icyphy/ptII/ptolemy/domains/de/test/auto/relationGroup2.xml (RunModel)" time="0.009" />
  <testcase classname="ptolemy.util.test.junit.AutoTests" name="[89] /home/travis/build/icyphy/ptII/ptolemy/domains/de/test/auto/sortWithOpaquePorts.xml (RunModel)" time="0.014" />
  <testcase classname="ptolemy.util.test.junit.AutoTests" name="[90] /home/travis/build/icyphy/ptII/ptolemy/domains/de/test/auto/transferInputsandOutputs.xml (RunModel)" time="0.021" />
  <testcase classname="ptolemy.util.test.junit.AutoTests" name="[91] /home/travis/build/icyphy/ptII/ptolemy/domains/de/test/auto/triggerType.xml (RunModel)" time="0.011" />
  <system-out><![CDATA[/home/travis/build/icyphy/ptII/ptolemy/domains/de/test/DependencyLoop.tcl
testDefs.tcl: setting time out to 9000 seconds at Sat Jun 09 01:34:30 UTC 2018
18 ms. Memory: 116224K Free: 95031K (82%)
12 ms. Memory: 146944K Free: 137813K (94%)
/home/travis/build/icyphy/ptII/ptolemy/domains/de/test/RunDETestsAsQSS.tcl
Run the DE tests using ptolemy.domains.qss.test.QSSDirectorTest, which extends QSSDirector and prints a message in the constructors.
------------------ testing $PTII/ptolemy/domains/de/test/auto/knownFailedTests/dependencyLoop.xml (Known Failure) 
12 ms. Memory: 146944K Free: 133540K (91%)


==== $PTIIhome/travis/build/icyphy/ptII/ptolemy/domains/de/test/../../../../: Auto Automatic test in file $PTII/ptolemy/domains/de/test/auto/knownFailedTests/dependencyLoop.xml
==== Contents of test case:

	    # FIXME: we should use $relativeFilename here, but it
	    # might have backslashes under Windows, which causes no end
	    # of trouble.
	    createAndExecute $file
	    list {}
	
.... Test generated KNOWN error:
    while executing
ptolemy.kernel.util.IllegalActionException: Found a zero delay loop containing .dependencyLoop.original
  in .dependencyLoop and .dependencyLoop.original
	at ptolemy.actor.util.CausalityInterfaceForComposites._computeOutputPortDepth(CausalityInterfaceForComposites.java:759)
	at ptolemy.actor.util.CausalityInterfaceForComposites._computeInputDepth(CausalityInterfaceForComposites.java:696)
	at ptolemy.actor.util.CausalityInterfaceForComposites._computeOutputPortDepth(CausalityInterfaceForComposites.java:765)
	at ptolemy.actor.util.CausalityInterfaceForComposites._computeInputDepth(CausalityInterfaceForComposites.java:696)
	at ptolemy.actor.util.CausalityInterfaceForComposites._computeOutputPortDepth(CausalityInterfaceForComposites.java:765)
	at ptolemy.actor.util.CausalityInterfaceForComposites._computeInputDepth(CausalityInterfaceForComposites.java:696)
	at ptolemy.actor.util.CausalityInterfaceForComposites._computeActorDepth(CausalityInterfaceForComposites.java:532)
	at ptolemy.actor.util.CausalityInterfaceForComposites.checkForCycles(CausalityInterfaceForComposites.java:96)
	at ptolemy.domains.de.kernel.DEDirector.preinitialize(DEDirector.java:1338)
	at ptolemy.actor.CompositeActor.preinitialize(CompositeActor.java:1828)
	at ptolemy.actor.Manager.preinitializeAndResolveTypes(Manager.java:1040)
	at ptolemy.actor.Manager.initialize(Manager.java:710)
	at ptolemy.actor.Manager.execute(Manager.java:356)
	at ptolemy.actor.Manager.run(Manager.java:1263)
	at ptolemy.actor.Manager$PtolemyRunThread.run(Manager.java:1915)

    while executing
ptolemy.kernel.util.IllegalActionException: Found a zero delay loop containing .dependencyLoop.original
  in .dependencyLoop and .dependencyLoop.original
    while executing
"java::new ptolemy.moml.MoMLSimpleApplication $file
"
    (procedure "createAndExecute" line 2)
    invoked from within
"createAndExecute $file"
    ("uplevel" body line 5)
    invoked from within
"uplevel $contents_of_test"
------------------ testing $PTII/ptolemy/domains/de/test/auto/knownFailedTests/DESDFClockTest.xml (Known Failure) 
2072 ms. Memory: 146944K Free: 117664K (80%)


==== $PTIIhome/travis/build/icyphy/ptII/ptolemy/domains/de/test/../../../../: Auto Automatic test in file $PTII/ptolemy/domains/de/test/auto/knownFailedTests/DESDFClockTest.xml
==== Contents of test case:

	    # FIXME: we should use $relativeFilename here, but it
	    # might have backslashes under Windows, which causes no end
	    # of trouble.
	    createAndExecute $file
	    list {}
	
.... Test generated KNOWN error:
    while executing
ptolemy.kernel.util.IllegalActionException: Actor is not ready to fire.  Perhaps UpSample.prefire() returned false? Try debugging the actor by selecting "Listen to Actor".  Also, for SDF check moml for tokenConsumptionRate on input.
  in .DESDFClockTest.Play Bell.Copy1:SDF Director and .DESDFClockTest.Play Bell.UpSample
	at ptolemy.actor.sched.StaticSchedulingDirector.fire(StaticSchedulingDirector.java:227)
	at ptolemy.domains.sdf.kernel.SDFDirector.fire(SDFDirector.java:500)
	at ptolemy.actor.CompositeActor.fire(CompositeActor.java:455)
	at ptolemy.domains.de.kernel.DEDirector._fire(DEDirector.java:1949)
	at ptolemy.domains.de.kernel.DEDirector.fire(DEDirector.java:502)
	at ptolemy.actor.CompositeActor.fire(CompositeActor.java:455)
	at ptolemy.actor.Manager.iterate(Manager.java:851)
	at ptolemy.actor.Manager.execute(Manager.java:369)
	at ptolemy.actor.Manager.run(Manager.java:1263)
	at ptolemy.actor.Manager$PtolemyRunThread.run(Manager.java:1915)

    while executing
ptolemy.kernel.util.IllegalActionException: Actor is not ready to fire.  Perhaps UpSample.prefire() returned false? Try debugging the actor by selecting "Listen to Actor".  Also, for SDF check moml for tokenConsumptionRate on input.
  in .DESDFClockTest.Play Bell.Copy1:SDF Director and .DESDFClockTest.Play Bell.UpSample
    while executing
"java::new ptolemy.moml.MoMLSimpleApplication $file
"
    (procedure "createAndExecute" line 2)
    invoked from within
"createAndExecute $file"
    ("uplevel" body line 5)
    invoked from within
"uplevel $contents_of_test"
------------------ testing $PTII/ptolemy/domains/de/test/auto/knownFailedTests/FSMSource.xml (Known Failure) 
46 ms. Memory: 146944K Free: 108650K (74%)
!!!! Auto was marked as failing, but now passes
------------------ testing $PTII/ptolemy/domains/de/test/auto/knownFailedTests/dependencyLoop2.xml (Known Failure) 
17 ms. Memory: 146944K Free: 106791K (73%)


==== $PTIIhome/travis/build/icyphy/ptII/ptolemy/domains/de/test/../../../../: Auto Automatic test in file $PTII/ptolemy/domains/de/test/auto/knownFailedTests/dependencyLoop2.xml
==== Contents of test case:

	    # FIXME: we should use $relativeFilename here, but it
	    # might have backslashes under Windows, which causes no end
	    # of trouble.
	    createAndExecute $file
	    list {}
	
.... Test generated KNOWN error:
    while executing
ptolemy.kernel.util.IllegalActionException: Found a zero delay loop containing .dependencyLoop2.original
  in .dependencyLoop2 and .dependencyLoop2.original
	at ptolemy.actor.util.CausalityInterfaceForComposites._computeOutputPortDepth(CausalityInterfaceForComposites.java:759)
	at ptolemy.actor.util.CausalityInterfaceForComposites._computeInputDepth(CausalityInterfaceForComposites.java:696)
	at ptolemy.actor.util.CausalityInterfaceForComposites._computeOutputPortDepth(CausalityInterfaceForComposites.java:765)
	at ptolemy.actor.util.CausalityInterfaceForComposites._computeInputDepth(CausalityInterfaceForComposites.java:696)
	at ptolemy.actor.util.CausalityInterfaceForComposites._computeOutputPortDepth(CausalityInterfaceForComposites.java:765)
	at ptolemy.actor.util.CausalityInterfaceForComposites._computeInputDepth(CausalityInterfaceForComposites.java:696)
	at ptolemy.actor.util.CausalityInterfaceForComposites._computeActorDepth(CausalityInterfaceForComposites.java:532)
	at ptolemy.actor.util.CausalityInterfaceForComposites.checkForCycles(CausalityInterfaceForComposites.java:96)
	at ptolemy.domains.de.kernel.DEDirector.preinitialize(DEDirector.java:1338)
	at ptolemy.actor.CompositeActor.preinitialize(CompositeActor.java:1828)
	at ptolemy.actor.Manager.preinitializeAndResolveTypes(Manager.java:1040)
	at ptolemy.actor.Manager.initialize(Manager.java:710)
	at ptolemy.actor.Manager.execute(Manager.java:356)
	at ptolemy.actor.Manager.run(Manager.java:1263)
	at ptolemy.actor.Manager$PtolemyRunThread.run(Manager.java:1915)

    while executing
ptolemy.kernel.util.IllegalActionException: Found a zero delay loop containing .dependencyLoop2.original
  in .dependencyLoop2 and .dependencyLoop2.original
    while executing
"java::new ptolemy.moml.MoMLSimpleApplication $file
"
    (procedure "createAndExecute" line 2)
    invoked from within
"createAndExecute $file"
    ("uplevel" body line 5)
    invoked from within
"uplevel $contents_of_test"
------------------ testing $PTII/ptolemy/domains/de/test/auto/knownFailedTests/HierarchicalModel.xml (Known Failure) 
5 ms. Memory: 146944K Free: 86287K (59%)


==== $PTIIhome/travis/build/icyphy/ptII/ptolemy/domains/de/test/../../../../: Auto Automatic test in file $PTII/ptolemy/domains/de/test/auto/knownFailedTests/HierarchicalModel.xml
==== Contents of test case:

	    # FIXME: we should use $relativeFilename here, but it
	    # might have backslashes under Windows, which causes no end
	    # of trouble.
	    createAndExecute $file
	    list {}
	
.... Test generated KNOWN error:
    while executing
ptolemy.kernel.util.IllegalActionException: Found a zero delay loop containing .HierarchicalModel.A
  in .HierarchicalModel and .HierarchicalModel.A
	at ptolemy.actor.util.CausalityInterfaceForComposites._computeOutputPortDepth(CausalityInterfaceForComposites.java:759)
	at ptolemy.actor.util.CausalityInterfaceForComposites._computeInputDepth(CausalityInterfaceForComposites.java:696)
	at ptolemy.actor.util.CausalityInterfaceForComposites._computeOutputPortDepth(CausalityInterfaceForComposites.java:765)
	at ptolemy.actor.util.CausalityInterfaceForComposites._computeInputDepth(CausalityInterfaceForComposites.java:696)
	at ptolemy.actor.util.CausalityInterfaceForComposites._computeOutputPortDepth(CausalityInterfaceForComposites.java:765)
	at ptolemy.actor.util.CausalityInterfaceForComposites._computeInputDepth(CausalityInterfaceForComposites.java:696)
	at ptolemy.actor.util.CausalityInterfaceForComposites._computeActorDepth(CausalityInterfaceForComposites.java:532)
	at ptolemy.actor.util.CausalityInterfaceForComposites.checkForCycles(CausalityInterfaceForComposites.java:96)
	at ptolemy.domains.de.kernel.DEDirector.preinitialize(DEDirector.java:1338)
	at ptolemy.actor.CompositeActor.preinitialize(CompositeActor.java:1828)
	at ptolemy.actor.Manager.preinitializeAndResolveTypes(Manager.java:1040)
	at ptolemy.actor.Manager.initialize(Manager.java:710)
	at ptolemy.actor.Manager.execute(Manager.java:356)
	at ptolemy.actor.Manager.run(Manager.java:1263)
	at ptolemy.actor.Manager$PtolemyRunThread.run(Manager.java:1915)

    while executing
ptolemy.kernel.util.IllegalActionException: Found a zero delay loop containing .HierarchicalModel.A
  in .HierarchicalModel and .HierarchicalModel.A
    while executing
"java::new ptolemy.moml.MoMLSimpleApplication $file
"
    (procedure "createAndExecute" line 2)
    invoked from within
"createAndExecute $file"
    ("uplevel" body line 5)
    invoked from within
"uplevel $contents_of_test"
------------------ testing $PTII/ptolemy/domains/de/test/auto/knownFailedTests/DirectFeedback.xml (Known Failure) 
13 ms. Memory: 146944K Free: 142543K (97%)


==== $PTIIhome/travis/build/icyphy/ptII/ptolemy/domains/de/test/../../../../: Auto Automatic test in file $PTII/ptolemy/domains/de/test/auto/knownFailedTests/DirectFeedback.xml
==== Contents of test case:

	    # FIXME: we should use $relativeFilename here, but it
	    # might have backslashes under Windows, which causes no end
	    # of trouble.
	    createAndExecute $file
	    list {}
	
.... Test generated KNOWN error:
    while executing
ptolemy.kernel.util.IllegalActionException: Test fails in iteration 1.
Value was: 1.0. Should have been: 2.0
  in .DirectFeedback.Test
	at ptolemy.actor.lib.Test.fire(Test.java:268)
	at ptolemy.domains.de.kernel.DEDirector._fire(DEDirector.java:1949)
	at ptolemy.domains.de.kernel.DEDirector.fire(DEDirector.java:502)
	at ptolemy.actor.CompositeActor.fire(CompositeActor.java:455)
	at ptolemy.actor.Manager.iterate(Manager.java:851)
	at ptolemy.actor.Manager.execute(Manager.java:369)
	at ptolemy.actor.Manager.run(Manager.java:1263)
	at ptolemy.actor.Manager$PtolemyRunThread.run(Manager.java:1915)

    while executing
ptolemy.kernel.util.IllegalActionException: Test fails in iteration 1.
Value was: 1.0. Should have been: 2.0
  in .DirectFeedback.Test
    while executing
"java::new ptolemy.moml.MoMLSimpleApplication $file
"
    (procedure "createAndExecute" line 2)
    invoked from within
"createAndExecute $file"
    ("uplevel" body line 5)
    invoked from within
"uplevel $contents_of_test"
------------------ testing $PTII/ptolemy/domains/de/test/auto/ActorDepthCalculation_actorWithoutPorts.xml
auto.tcl: Setting watchdog for 200 seconds at Sat Jun 09 01:34:33 UTC 2018
10 ms. Memory: 146944K Free: 133571K (91%)
ptolemy.util.test.WatchDog.cancel(): canceling Sat Jun 09 01:34:33 UTC 2018
auto.tcl: Setting watchdog for 200 seconds at Sat Jun 09 01:34:33 UTC 2018
10 ms. Memory: 146944K Free: 132532K (90%)
ptolemy.util.test.WatchDog.cancel(): canceling Sat Jun 09 01:34:33 UTC 2018
------------------ testing $PTII/ptolemy/domains/de/test/auto/AssemblyLine.xml
auto.tcl: Setting watchdog for 200 seconds at Sat Jun 09 01:34:34 UTC 2018
34 ms. Memory: 208384K Free: 186357K (89%)
ptolemy.util.test.WatchDog.cancel(): canceling Sat Jun 09 01:34:34 UTC 2018
auto.tcl: Setting watchdog for 200 seconds at Sat Jun 09 01:34:34 UTC 2018
16 ms. Memory: 208384K Free: 186357K (89%)
ptolemy.util.test.WatchDog.cancel(): canceling Sat Jun 09 01:34:34 UTC 2018
------------------ testing $PTII/ptolemy/domains/de/test/auto/CQBug1.xml
auto.tcl: Setting watchdog for 200 seconds at Sat Jun 09 01:34:34 UTC 2018
11 ms. Memory: 208384K Free: 197743K (95%)
ptolemy.util.test.WatchDog.cancel(): canceling Sat Jun 09 01:34:34 UTC 2018
auto.tcl: Setting watchdog for 200 seconds at Sat Jun 09 01:34:34 UTC 2018
3 ms. Memory: 208384K Free: 197743K (95%)
ptolemy.util.test.WatchDog.cancel(): canceling Sat Jun 09 01:34:34 UTC 2018
------------------ testing $PTII/ptolemy/domains/de/test/auto/CancelFireAt.xml
auto.tcl: Setting watchdog for 200 seconds at Sat Jun 09 01:34:34 UTC 2018
4 ms. Memory: 208384K Free: 201448K (97%)
ptolemy.util.test.WatchDog.cancel(): canceling Sat Jun 09 01:34:34 UTC 2018
auto.tcl: Setting watchdog for 200 seconds at Sat Jun 09 01:34:34 UTC 2018
3 ms. Memory: 208384K Free: 199362K (96%)
ptolemy.util.test.WatchDog.cancel(): canceling Sat Jun 09 01:34:34 UTC 2018
------------------ testing $PTII/ptolemy/domains/de/test/auto/CausalityAndComposabilityAnalysis.xml
auto.tcl: Setting watchdog for 200 seconds at Sat Jun 09 01:34:34 UTC 2018
10 ms. Memory: 208384K Free: 196535K (94%)
ptolemy.util.test.WatchDog.cancel(): canceling Sat Jun 09 01:34:34 UTC 2018
auto.tcl: Setting watchdog for 200 seconds at Sat Jun 09 01:34:34 UTC 2018
19 ms. Memory: 208384K Free: 196535K (94%)
ptolemy.util.test.WatchDog.cancel(): canceling Sat Jun 09 01:34:34 UTC 2018
------------------ testing $PTII/ptolemy/domains/de/test/auto/CausalityInterface1.xml
auto.tcl: Setting watchdog for 200 seconds at Sat Jun 09 01:34:34 UTC 2018
16 ms. Memory: 208384K Free: 196472K (94%)
ptolemy.util.test.WatchDog.cancel(): canceling Sat Jun 09 01:34:34 UTC 2018
auto.tcl: Setting watchdog for 200 seconds at Sat Jun 09 01:34:34 UTC 2018
7 ms. Memory: 208384K Free: 196472K (94%)
ptolemy.util.test.WatchDog.cancel(): canceling Sat Jun 09 01:34:34 UTC 2018
------------------ testing $PTII/ptolemy/domains/de/test/auto/CausalityInterface15.xml
auto.tcl: Setting watchdog for 200 seconds at Sat Jun 09 01:34:35 UTC 2018
6 ms. Memory: 208384K Free: 196461K (94%)
ptolemy.util.test.WatchDog.cancel(): canceling Sat Jun 09 01:34:35 UTC 2018
auto.tcl: Setting watchdog for 200 seconds at Sat Jun 09 01:34:35 UTC 2018
7 ms. Memory: 208384K Free: 194374K (93%)
ptolemy.util.test.WatchDog.cancel(): canceling Sat Jun 09 01:34:35 UTC 2018
------------------ testing $PTII/ptolemy/domains/de/test/auto/CausalityInterface2.xml
auto.tcl: Setting watchdog for 200 seconds at Sat Jun 09 01:34:35 UTC 2018
9 ms. Memory: 208384K Free: 196443K (94%)
ptolemy.util.test.WatchDog.cancel(): canceling Sat Jun 09 01:34:35 UTC 2018
auto.tcl: Setting watchdog for 200 seconds at Sat Jun 09 01:34:35 UTC 2018
3 ms. Memory: 208384K Free: 196443K (94%)
ptolemy.util.test.WatchDog.cancel(): canceling Sat Jun 09 01:34:35 UTC 2018
------------------ testing $PTII/ptolemy/domains/de/test/auto/CausalityInterface3.xml
auto.tcl: Setting watchdog for 200 seconds at Sat Jun 09 01:34:35 UTC 2018
5 ms. Memory: 208384K Free: 196456K (94%)
ptolemy.util.test.WatchDog.cancel(): canceling Sat Jun 09 01:34:35 UTC 2018
auto.tcl: Setting watchdog for 200 seconds at Sat Jun 09 01:34:35 UTC 2018
7 ms. Memory: 208384K Free: 196456K (94%)
ptolemy.util.test.WatchDog.cancel(): canceling Sat Jun 09 01:34:35 UTC 2018
------------------ testing $PTII/ptolemy/domains/de/test/auto/ClockDrift.xml
auto.tcl: Setting watchdog for 200 seconds at Sat Jun 09 01:34:35 UTC 2018
125 ms. Memory: 208384K Free: 187728K (90%)
ptolemy.util.test.WatchDog.cancel(): canceling Sat Jun 09 01:34:35 UTC 2018
auto.tcl: Setting watchdog for 200 seconds at Sat Jun 09 01:34:35 UTC 2018
80 ms. Memory: 208384K Free: 185641K (89%)
ptolemy.util.test.WatchDog.cancel(): canceling Sat Jun 09 01:34:35 UTC 2018
------------------ testing $PTII/ptolemy/domains/de/test/auto/ClockDriftAndValueChange.xml
auto.tcl: Setting watchdog for 200 seconds at Sat Jun 09 01:34:35 UTC 2018
68 ms. Memory: 208384K Free: 187562K (90%)
ptolemy.util.test.WatchDog.cancel(): canceling Sat Jun 09 01:34:35 UTC 2018
auto.tcl: Setting watchdog for 200 seconds at Sat Jun 09 01:34:35 UTC 2018
46 ms. Memory: 208384K Free: 185475K (89%)
ptolemy.util.test.WatchDog.cancel(): canceling Sat Jun 09 01:34:35 UTC 2018
------------------ testing $PTII/ptolemy/domains/de/test/auto/ClockDriftChange.xml
auto.tcl: Setting watchdog for 200 seconds at Sat Jun 09 01:34:35 UTC 2018
29 ms. Memory: 208384K Free: 190876K (92%)
ptolemy.util.test.WatchDog.cancel(): canceling Sat Jun 09 01:34:35 UTC 2018
auto.tcl: Setting watchdog for 200 seconds at Sat Jun 09 01:34:35 UTC 2018
33 ms. Memory: 208384K Free: 188790K (91%)
ptolemy.util.test.WatchDog.cancel(): canceling Sat Jun 09 01:34:36 UTC 2018
------------------ testing $PTII/ptolemy/domains/de/test/auto/ComposableCausalityAnalysis.xml
auto.tcl: Setting watchdog for 200 seconds at Sat Jun 09 01:34:36 UTC 2018
8 ms. Memory: 208384K Free: 196317K (94%)
ptolemy.util.test.WatchDog.cancel(): canceling Sat Jun 09 01:34:36 UTC 2018
auto.tcl: Setting watchdog for 200 seconds at Sat Jun 09 01:34:36 UTC 2018
3 ms. Memory: 208384K Free: 194230K (93%)
ptolemy.util.test.WatchDog.cancel(): canceling Sat Jun 09 01:34:36 UTC 2018
------------------ testing $PTII/ptolemy/domains/de/test/auto/DEFixedPointLimitation.xml
auto.tcl: Setting watchdog for 200 seconds at Sat Jun 09 01:34:36 UTC 2018
10 ms. Memory: 208384K Free: 196397K (94%)
ptolemy.util.test.WatchDog.cancel(): canceling Sat Jun 09 01:34:36 UTC 2018
auto.tcl: Setting watchdog for 200 seconds at Sat Jun 09 01:34:36 UTC 2018
1 ms. Memory: 208384K Free: 196397K (94%)
ptolemy.util.test.WatchDog.cancel(): canceling Sat Jun 09 01:34:36 UTC 2018
------------------ testing $PTII/ptolemy/domains/de/test/auto/DEScheduleTest.xml
auto.tcl: Setting watchdog for 200 seconds at Sat Jun 09 01:34:36 UTC 2018
3 ms. Memory: 208384K Free: 198519K (95%)
ptolemy.util.test.WatchDog.cancel(): canceling Sat Jun 09 01:34:36 UTC 2018
auto.tcl: Setting watchdog for 200 seconds at Sat Jun 09 01:34:36 UTC 2018
3 ms. Memory: 208384K Free: 196432K (94%)
ptolemy.util.test.WatchDog.cancel(): canceling Sat Jun 09 01:34:36 UTC 2018
------------------ testing $PTII/ptolemy/domains/de/test/auto/DEinDEwithStartTimes.xml
auto.tcl: Setting watchdog for 200 seconds at Sat Jun 09 01:34:36 UTC 2018
7 ms. Memory: 208384K Free: 196402K (94%)
ptolemy.util.test.WatchDog.cancel(): canceling Sat Jun 09 01:34:36 UTC 2018
auto.tcl: Setting watchdog for 200 seconds at Sat Jun 09 01:34:36 UTC 2018
4 ms. Memory: 208384K Free: 194315K (93%)
ptolemy.util.test.WatchDog.cancel(): canceling Sat Jun 09 01:34:36 UTC 2018
------------------ testing $PTII/ptolemy/domains/de/test/auto/DEinDEwithStartTimes2.xml
auto.tcl: Setting watchdog for 200 seconds at Sat Jun 09 01:34:36 UTC 2018
9 ms. Memory: 208384K Free: 196381K (94%)
ptolemy.util.test.WatchDog.cancel(): canceling Sat Jun 09 01:34:36 UTC 2018
auto.tcl: Setting watchdog for 200 seconds at Sat Jun 09 01:34:36 UTC 2018
7 ms. Memory: 208384K Free: 194294K (93%)
ptolemy.util.test.WatchDog.cancel(): canceling Sat Jun 09 01:34:36 UTC 2018
------------------ testing $PTII/ptolemy/domains/de/test/auto/DateDemo.xml
auto.tcl: Setting watchdog for 200 seconds at Sat Jun 09 01:34:36 UTC 2018
19 ms. Memory: 208384K Free: 188859K (91%)
ptolemy.util.test.WatchDog.cancel(): canceling Sat Jun 09 01:34:36 UTC 2018
auto.tcl: Setting watchdog for 200 seconds at Sat Jun 09 01:34:36 UTC 2018
7 ms. Memory: 208384K Free: 186773K (90%)
ptolemy.util.test.WatchDog.cancel(): canceling Sat Jun 09 01:34:36 UTC 2018
------------------ testing $PTII/ptolemy/domains/de/test/auto/DateToEvent.xml
auto.tcl: Setting watchdog for 200 seconds at Sat Jun 09 01:34:36 UTC 2018
2022 ms. Memory: 208384K Free: 183612K (88%)
ptolemy.util.test.WatchDog.cancel(): canceling Sat Jun 09 01:34:38 UTC 2018
auto.tcl: Setting watchdog for 200 seconds at Sat Jun 09 01:34:38 UTC 2018
2010 ms. Memory: 208384K Free: 183612K (88%)
ptolemy.util.test.WatchDog.cancel(): canceling Sat Jun 09 01:34:40 UTC 2018
------------------ testing $PTII/ptolemy/domains/de/test/auto/DepthTest1.xml
auto.tcl: Setting watchdog for 200 seconds at Sat Jun 09 01:34:40 UTC 2018
7 ms. Memory: 208384K Free: 198061K (95%)
ptolemy.util.test.WatchDog.cancel(): canceling Sat Jun 09 01:34:40 UTC 2018
auto.tcl: Setting watchdog for 200 seconds at Sat Jun 09 01:34:40 UTC 2018
3 ms. Memory: 208384K Free: 198061K (95%)
ptolemy.util.test.WatchDog.cancel(): canceling Sat Jun 09 01:34:40 UTC 2018
------------------ testing $PTII/ptolemy/domains/de/test/auto/DepthTest2.xml
auto.tcl: Setting watchdog for 200 seconds at Sat Jun 09 01:34:40 UTC 2018
4 ms. Memory: 208384K Free: 193981K (93%)
ptolemy.util.test.WatchDog.cancel(): canceling Sat Jun 09 01:34:40 UTC 2018
auto.tcl: Setting watchdog for 200 seconds at Sat Jun 09 01:34:40 UTC 2018
3 ms. Memory: 208384K Free: 193981K (93%)
ptolemy.util.test.WatchDog.cancel(): canceling Sat Jun 09 01:34:40 UTC 2018
------------------ testing $PTII/ptolemy/domains/de/test/auto/DepthTest3.xml
auto.tcl: Setting watchdog for 200 seconds at Sat Jun 09 01:34:41 UTC 2018
3 ms. Memory: 208384K Free: 198056K (95%)
ptolemy.util.test.WatchDog.cancel(): canceling Sat Jun 09 01:34:41 UTC 2018
auto.tcl: Setting watchdog for 200 seconds at Sat Jun 09 01:34:41 UTC 2018
2 ms. Memory: 208384K Free: 198056K (95%)
ptolemy.util.test.WatchDog.cancel(): canceling Sat Jun 09 01:34:41 UTC 2018
------------------ testing $PTII/ptolemy/domains/de/test/auto/DepthTest4.xml
auto.tcl: Setting watchdog for 200 seconds at Sat Jun 09 01:34:41 UTC 2018
6 ms. Memory: 208384K Free: 196057K (94%)
ptolemy.util.test.WatchDog.cancel(): canceling Sat Jun 09 01:34:41 UTC 2018
auto.tcl: Setting watchdog for 200 seconds at Sat Jun 09 01:34:41 UTC 2018
3 ms. Memory: 208384K Free: 196057K (94%)
ptolemy.util.test.WatchDog.cancel(): canceling Sat Jun 09 01:34:41 UTC 2018
------------------ testing $PTII/ptolemy/domains/de/test/auto/DepthTest5.xml
auto.tcl: Setting watchdog for 200 seconds at Sat Jun 09 01:34:41 UTC 2018
3 ms. Memory: 208384K Free: 196342K (94%)
ptolemy.util.test.WatchDog.cancel(): canceling Sat Jun 09 01:34:41 UTC 2018
auto.tcl: Setting watchdog for 200 seconds at Sat Jun 09 01:34:41 UTC 2018
2 ms. Memory: 208384K Free: 196342K (94%)
ptolemy.util.test.WatchDog.cancel(): canceling Sat Jun 09 01:34:41 UTC 2018
------------------ testing $PTII/ptolemy/domains/de/test/auto/DepthTest6.xml
auto.tcl: Setting watchdog for 200 seconds at Sat Jun 09 01:34:41 UTC 2018
7 ms. Memory: 208384K Free: 195981K (94%)
ptolemy.util.test.WatchDog.cancel(): canceling Sat Jun 09 01:34:41 UTC 2018
auto.tcl: Setting watchdog for 200 seconds at Sat Jun 09 01:34:41 UTC 2018
2 ms. Memory: 208384K Free: 195981K (94%)
ptolemy.util.test.WatchDog.cancel(): canceling Sat Jun 09 01:34:41 UTC 2018
------------------ testing $PTII/ptolemy/domains/de/test/auto/DepthTest7.xml
auto.tcl: Setting watchdog for 200 seconds at Sat Jun 09 01:34:41 UTC 2018
3 ms. Memory: 208384K Free: 195961K (94%)
ptolemy.util.test.WatchDog.cancel(): canceling Sat Jun 09 01:34:41 UTC 2018
auto.tcl: Setting watchdog for 200 seconds at Sat Jun 09 01:34:41 UTC 2018
2 ms. Memory: 208384K Free: 195961K (94%)
ptolemy.util.test.WatchDog.cancel(): canceling Sat Jun 09 01:34:41 UTC 2018
------------------ testing $PTII/ptolemy/domains/de/test/auto/EventToDate.xml
auto.tcl: Setting watchdog for 200 seconds at Sat Jun 09 01:34:41 UTC 2018
3008 ms. Memory: 208384K Free: 185548K (89%)
ptolemy.util.test.WatchDog.cancel(): canceling Sat Jun 09 01:34:44 UTC 2018
auto.tcl: Setting watchdog for 200 seconds at Sat Jun 09 01:34:44 UTC 2018
3004 ms. Memory: 208384K Free: 185548K (89%)
ptolemy.util.test.WatchDog.cancel(): canceling Sat Jun 09 01:34:47 UTC 2018
------------------ testing $PTII/ptolemy/domains/de/test/auto/FSM1.xml
auto.tcl: Setting watchdog for 200 seconds at Sat Jun 09 01:34:47 UTC 2018
41 ms. Memory: 208384K Free: 186953K (90%)
ptolemy.util.test.WatchDog.cancel(): canceling Sat Jun 09 01:34:47 UTC 2018
auto.tcl: Setting watchdog for 200 seconds at Sat Jun 09 01:34:47 UTC 2018
28 ms. Memory: 208384K Free: 184850K (89%)
ptolemy.util.test.WatchDog.cancel(): canceling Sat Jun 09 01:34:47 UTC 2018
------------------ testing $PTII/ptolemy/domains/de/test/auto/FSM7.xml
auto.tcl: Setting watchdog for 200 seconds at Sat Jun 09 01:34:47 UTC 2018
26 ms. Memory: 208384K Free: 187090K (90%)
ptolemy.util.test.WatchDog.cancel(): canceling Sat Jun 09 01:34:47 UTC 2018
auto.tcl: Setting watchdog for 200 seconds at Sat Jun 09 01:34:47 UTC 2018
15 ms. Memory: 208384K Free: 184988K (89%)
ptolemy.util.test.WatchDog.cancel(): canceling Sat Jun 09 01:34:47 UTC 2018
------------------ testing $PTII/ptolemy/domains/de/test/auto/Inspection.xml
auto.tcl: Setting watchdog for 200 seconds at Sat Jun 09 01:34:47 UTC 2018
39 ms. Memory: 208384K Free: 188680K (91%)
ptolemy.util.test.WatchDog.cancel(): canceling Sat Jun 09 01:34:47 UTC 2018
auto.tcl: Setting watchdog for 200 seconds at Sat Jun 09 01:34:47 UTC 2018
23 ms. Memory: 208384K Free: 186578K (90%)
ptolemy.util.test.WatchDog.cancel(): canceling Sat Jun 09 01:34:47 UTC 2018
------------------ testing $PTII/ptolemy/domains/de/test/auto/Iteration.xml
auto.tcl: Setting watchdog for 200 seconds at Sat Jun 09 01:34:47 UTC 2018
14 ms. Memory: 208384K Free: 193654K (93%)
ptolemy.util.test.WatchDog.cancel(): canceling Sat Jun 09 01:34:48 UTC 2018
auto.tcl: Setting watchdog for 200 seconds at Sat Jun 09 01:34:48 UTC 2018
10 ms. Memory: 208384K Free: 193654K (93%)
ptolemy.util.test.WatchDog.cancel(): canceling Sat Jun 09 01:34:48 UTC 2018
------------------ testing $PTII/ptolemy/domains/de/test/auto/LineFault.xml
auto.tcl: Setting watchdog for 200 seconds at Sat Jun 09 01:34:48 UTC 2018
879 ms. Memory: 208384K Free: 195890K (94%)
ptolemy.util.test.WatchDog.cancel(): canceling Sat Jun 09 01:34:49 UTC 2018
auto.tcl: Setting watchdog for 200 seconds at Sat Jun 09 01:34:49 UTC 2018
715 ms. Memory: 208384K Free: 138785K (67%)
ptolemy.util.test.WatchDog.cancel(): canceling Sat Jun 09 01:34:50 UTC 2018
------------------ testing $PTII/ptolemy/domains/de/test/auto/MergeModel1Add.xml
auto.tcl: Setting watchdog for 200 seconds at Sat Jun 09 01:34:50 UTC 2018
31 ms. Memory: 208384K Free: 179637K (86%)
ptolemy.util.test.WatchDog.cancel(): canceling Sat Jun 09 01:34:50 UTC 2018
auto.tcl: Setting watchdog for 200 seconds at Sat Jun 09 01:34:50 UTC 2018
19 ms. Memory: 208384K Free: 177660K (85%)
ptolemy.util.test.WatchDog.cancel(): canceling Sat Jun 09 01:34:50 UTC 2018
------------------ testing $PTII/ptolemy/domains/de/test/auto/MergeModel2Add.xml
auto.tcl: Setting watchdog for 200 seconds at Sat Jun 09 01:34:50 UTC 2018
11 ms. Memory: 208384K Free: 180953K (87%)
ptolemy.util.test.WatchDog.cancel(): canceling Sat Jun 09 01:34:50 UTC 2018
auto.tcl: Setting watchdog for 200 seconds at Sat Jun 09 01:34:50 UTC 2018
14 ms. Memory: 208384K Free: 178976K (86%)
ptolemy.util.test.WatchDog.cancel(): canceling Sat Jun 09 01:34:50 UTC 2018
------------------ testing $PTII/ptolemy/domains/de/test/auto/MergeModel3Add.xml
auto.tcl: Setting watchdog for 200 seconds at Sat Jun 09 01:34:50 UTC 2018
9 ms. Memory: 208384K Free: 180987K (87%)
ptolemy.util.test.WatchDog.cancel(): canceling Sat Jun 09 01:34:50 UTC 2018
auto.tcl: Setting watchdog for 200 seconds at Sat Jun 09 01:34:50 UTC 2018
9 ms. Memory: 208384K Free: 178994K (86%)
ptolemy.util.test.WatchDog.cancel(): canceling Sat Jun 09 01:34:50 UTC 2018
------------------ testing $PTII/ptolemy/domains/de/test/auto/MergeWithoutDiscard.xml
auto.tcl: Setting watchdog for 200 seconds at Sat Jun 09 01:34:50 UTC 2018
3 ms. Memory: 208384K Free: 198236K (95%)
ptolemy.util.test.WatchDog.cancel(): canceling Sat Jun 09 01:34:50 UTC 2018
auto.tcl: Setting watchdog for 200 seconds at Sat Jun 09 01:34:50 UTC 2018
2 ms. Memory: 208384K Free: 196255K (94%)
ptolemy.util.test.WatchDog.cancel(): canceling Sat Jun 09 01:34:50 UTC 2018
------------------ testing $PTII/ptolemy/domains/de/test/auto/Modal1.xml
auto.tcl: Setting watchdog for 200 seconds at Sat Jun 09 01:34:50 UTC 2018
13 ms. Memory: 208384K Free: 188010K (90%)
ptolemy.util.test.WatchDog.cancel(): canceling Sat Jun 09 01:34:50 UTC 2018
auto.tcl: Setting watchdog for 200 seconds at Sat Jun 09 01:34:50 UTC 2018
15 ms. Memory: 208384K Free: 186033K (89%)
ptolemy.util.test.WatchDog.cancel(): canceling Sat Jun 09 01:34:50 UTC 2018
------------------ testing $PTII/ptolemy/domains/de/test/auto/Modal2.xml
auto.tcl: Setting watchdog for 200 seconds at Sat Jun 09 01:34:50 UTC 2018
19 ms. Memory: 208384K Free: 187851K (90%)
ptolemy.util.test.WatchDog.cancel(): canceling Sat Jun 09 01:34:50 UTC 2018
auto.tcl: Setting watchdog for 200 seconds at Sat Jun 09 01:34:50 UTC 2018
22 ms. Memory: 208384K Free: 185875K (89%)
ptolemy.util.test.WatchDog.cancel(): canceling Sat Jun 09 01:34:50 UTC 2018
------------------ testing $PTII/ptolemy/domains/de/test/auto/Modal3.xml
auto.tcl: Setting watchdog for 200 seconds at Sat Jun 09 01:34:50 UTC 2018
16 ms. Memory: 208384K Free: 187882K (90%)
ptolemy.util.test.WatchDog.cancel(): canceling Sat Jun 09 01:34:50 UTC 2018
auto.tcl: Setting watchdog for 200 seconds at Sat Jun 09 01:34:50 UTC 2018
18 ms. Memory: 208384K Free: 183912K (88%)
ptolemy.util.test.WatchDog.cancel(): canceling Sat Jun 09 01:34:50 UTC 2018
------------------ testing $PTII/ptolemy/domains/de/test/auto/Modal4.xml
auto.tcl: Setting watchdog for 200 seconds at Sat Jun 09 01:34:51 UTC 2018
34 ms. Memory: 208384K Free: 186634K (90%)
ptolemy.util.test.WatchDog.cancel(): canceling Sat Jun 09 01:34:51 UTC 2018
auto.tcl: Setting watchdog for 200 seconds at Sat Jun 09 01:34:51 UTC 2018
32 ms. Memory: 208384K Free: 182672K (88%)
ptolemy.util.test.WatchDog.cancel(): canceling Sat Jun 09 01:34:51 UTC 2018
------------------ testing $PTII/ptolemy/domains/de/test/auto/Modal5.xml
auto.tcl: Setting watchdog for 200 seconds at Sat Jun 09 01:34:51 UTC 2018
15 ms. Memory: 208384K Free: 186621K (90%)
ptolemy.util.test.WatchDog.cancel(): canceling Sat Jun 09 01:34:51 UTC 2018
auto.tcl: Setting watchdog for 200 seconds at Sat Jun 09 01:34:51 UTC 2018
17 ms. Memory: 208384K Free: 182652K (88%)
ptolemy.util.test.WatchDog.cancel(): canceling Sat Jun 09 01:34:51 UTC 2018
------------------ testing $PTII/ptolemy/domains/de/test/auto/Modal6.xml
auto.tcl: Setting watchdog for 200 seconds at Sat Jun 09 01:34:51 UTC 2018
14 ms. Memory: 208384K Free: 186626K (90%)
ptolemy.util.test.WatchDog.cancel(): canceling Sat Jun 09 01:34:51 UTC 2018
auto.tcl: Setting watchdog for 200 seconds at Sat Jun 09 01:34:51 UTC 2018
18 ms. Memory: 208384K Free: 182672K (88%)
ptolemy.util.test.WatchDog.cancel(): canceling Sat Jun 09 01:34:51 UTC 2018
------------------ testing $PTII/ptolemy/domains/de/test/auto/Modal7.xml
auto.tcl: Setting watchdog for 200 seconds at Sat Jun 09 01:34:51 UTC 2018
21 ms. Memory: 208384K Free: 187879K (90%)
ptolemy.util.test.WatchDog.cancel(): canceling Sat Jun 09 01:34:51 UTC 2018
auto.tcl: Setting watchdog for 200 seconds at Sat Jun 09 01:34:51 UTC 2018
15 ms. Memory: 208384K Free: 183901K (88%)
ptolemy.util.test.WatchDog.cancel(): canceling Sat Jun 09 01:34:51 UTC 2018
------------------ testing $PTII/ptolemy/domains/de/test/auto/ModalModel.xml
auto.tcl: Setting watchdog for 200 seconds at Sat Jun 09 01:34:51 UTC 2018
237 ms. Memory: 208384K Free: 127172K (61%)
ptolemy.util.test.WatchDog.cancel(): canceling Sat Jun 09 01:34:51 UTC 2018
auto.tcl: Setting watchdog for 200 seconds at Sat Jun 09 01:34:51 UTC 2018
258 ms. Memory: 200192K Free: 184189K (92%)
ptolemy.util.test.WatchDog.cancel(): canceling Sat Jun 09 01:34:52 UTC 2018
------------------ testing $PTII/ptolemy/domains/de/test/auto/ModalSource.xml
auto.tcl: Setting watchdog for 200 seconds at Sat Jun 09 01:34:52 UTC 2018
12 ms. Memory: 200192K Free: 185575K (93%)
ptolemy.util.test.WatchDog.cancel(): canceling Sat Jun 09 01:34:52 UTC 2018
auto.tcl: Setting watchdog for 200 seconds at Sat Jun 09 01:34:52 UTC 2018
8 ms. Memory: 200192K Free: 182167K (91%)
ptolemy.util.test.WatchDog.cancel(): canceling Sat Jun 09 01:34:52 UTC 2018
------------------ testing $PTII/ptolemy/domains/de/test/auto/NonInterruptibleTimerZeroDelay.xml
auto.tcl: Setting watchdog for 200 seconds at Sat Jun 09 01:34:52 UTC 2018
4 ms. Memory: 199680K Free: 190393K (95%)
ptolemy.util.test.WatchDog.cancel(): canceling Sat Jun 09 01:34:52 UTC 2018
auto.tcl: Setting watchdog for 200 seconds at Sat Jun 09 01:34:52 UTC 2018
3 ms. Memory: 199680K Free: 188680K (94%)
ptolemy.util.test.WatchDog.cancel(): canceling Sat Jun 09 01:34:52 UTC 2018
------------------ testing $PTII/ptolemy/domains/de/test/auto/OpenQueueingNetwork.xml
auto.tcl: Setting watchdog for 200 seconds at Sat Jun 09 01:34:52 UTC 2018
4746 ms. Memory: 177664K Free: 158056K (89%)
ptolemy.util.test.WatchDog.cancel(): canceling Sat Jun 09 01:34:57 UTC 2018
auto.tcl: Setting watchdog for 200 seconds at Sat Jun 09 01:34:57 UTC 2018
3680 ms. Memory: 159744K Free: 91997K (58%)
ptolemy.util.test.WatchDog.cancel(): canceling Sat Jun 09 01:35:00 UTC 2018
------------------ testing $PTII/ptolemy/domains/de/test/auto/OpenQueuingNetwork.xml
auto.tcl: Setting watchdog for 200 seconds at Sat Jun 09 01:35:01 UTC 2018
328 ms. Memory: 157184K Free: 135552K (86%)
ptolemy.util.test.WatchDog.cancel(): canceling Sat Jun 09 01:35:01 UTC 2018
auto.tcl: Setting watchdog for 200 seconds at Sat Jun 09 01:35:01 UTC 2018
329 ms. Memory: 153600K Free: 145325K (95%)
ptolemy.util.test.WatchDog.cancel(): canceling Sat Jun 09 01:35:01 UTC 2018
------------------ testing $PTII/ptolemy/domains/de/test/auto/PeriodicSampler.xml
auto.tcl: Setting watchdog for 200 seconds at Sat Jun 09 01:35:01 UTC 2018
3 ms. Memory: 154624K Free: 144478K (93%)
ptolemy.util.test.WatchDog.cancel(): canceling Sat Jun 09 01:35:01 UTC 2018
auto.tcl: Setting watchdog for 200 seconds at Sat Jun 09 01:35:01 UTC 2018
2 ms. Memory: 154624K Free: 143340K (93%)
ptolemy.util.test.WatchDog.cancel(): canceling Sat Jun 09 01:35:01 UTC 2018
------------------ testing $PTII/ptolemy/domains/de/test/auto/PersistentIO.xml
auto.tcl: Setting watchdog for 200 seconds at Sat Jun 09 01:35:01 UTC 2018
5 ms. Memory: 153600K Free: 138417K (90%)
ptolemy.util.test.WatchDog.cancel(): canceling Sat Jun 09 01:35:01 UTC 2018
auto.tcl: Setting watchdog for 200 seconds at Sat Jun 09 01:35:01 UTC 2018
4 ms. Memory: 153600K Free: 136170K (89%)
ptolemy.util.test.WatchDog.cancel(): canceling Sat Jun 09 01:35:01 UTC 2018
------------------ testing $PTII/ptolemy/domains/de/test/auto/PortParameterResetOnInitialize.xml
auto.tcl: Setting watchdog for 200 seconds at Sat Jun 09 01:35:02 UTC 2018
3 ms. Memory: 154624K Free: 143757K (93%)
ptolemy.util.test.WatchDog.cancel(): canceling Sat Jun 09 01:35:02 UTC 2018
auto.tcl: Setting watchdog for 200 seconds at Sat Jun 09 01:35:02 UTC 2018
2 ms. Memory: 154624K Free: 143757K (93%)
ptolemy.util.test.WatchDog.cancel(): canceling Sat Jun 09 01:35:02 UTC 2018
------------------ testing $PTII/ptolemy/domains/de/test/auto/PortParameterUpdates.xml
auto.tcl: Setting watchdog for 200 seconds at Sat Jun 09 01:35:02 UTC 2018
4 ms. Memory: 153600K Free: 141795K (92%)
ptolemy.util.test.WatchDog.cancel(): canceling Sat Jun 09 01:35:02 UTC 2018
auto.tcl: Setting watchdog for 200 seconds at Sat Jun 09 01:35:02 UTC 2018
3 ms. Memory: 153600K Free: 139535K (91%)
ptolemy.util.test.WatchDog.cancel(): canceling Sat Jun 09 01:35:02 UTC 2018
------------------ testing $PTII/ptolemy/domains/de/test/auto/QueueAndServer.xml
auto.tcl: Setting watchdog for 200 seconds at Sat Jun 09 01:35:02 UTC 2018
15 ms. Memory: 154624K Free: 141601K (92%)
ptolemy.util.test.WatchDog.cancel(): canceling Sat Jun 09 01:35:02 UTC 2018
auto.tcl: Setting watchdog for 200 seconds at Sat Jun 09 01:35:02 UTC 2018
11 ms. Memory: 154624K Free: 140463K (91%)
ptolemy.util.test.WatchDog.cancel(): canceling Sat Jun 09 01:35:02 UTC 2018
------------------ testing $PTII/ptolemy/domains/de/test/auto/Records.xml
auto.tcl: Setting watchdog for 200 seconds at Sat Jun 09 01:35:02 UTC 2018
10 ms. Memory: 153600K Free: 142362K (93%)
ptolemy.util.test.WatchDog.cancel(): canceling Sat Jun 09 01:35:02 UTC 2018
auto.tcl: Setting watchdog for 200 seconds at Sat Jun 09 01:35:02 UTC 2018
3 ms. Memory: 153600K Free: 142362K (93%)
ptolemy.util.test.WatchDog.cancel(): canceling Sat Jun 09 01:35:02 UTC 2018
------------------ testing $PTII/ptolemy/domains/de/test/auto/ResetTransitionWithStartTime1.xml
auto.tcl: Setting watchdog for 200 seconds at Sat Jun 09 01:35:02 UTC 2018
16 ms. Memory: 154112K Free: 140325K (91%)
ptolemy.util.test.WatchDog.cancel(): canceling Sat Jun 09 01:35:02 UTC 2018
auto.tcl: Setting watchdog for 200 seconds at Sat Jun 09 01:35:02 UTC 2018
7 ms. Memory: 154112K Free: 138063K (90%)
ptolemy.util.test.WatchDog.cancel(): canceling Sat Jun 09 01:35:02 UTC 2018
------------------ testing $PTII/ptolemy/domains/de/test/auto/ResetTransitionWithStartTime2.xml
auto.tcl: Setting watchdog for 200 seconds at Sat Jun 09 01:35:02 UTC 2018
10 ms. Memory: 153600K Free: 138717K (90%)
ptolemy.util.test.WatchDog.cancel(): canceling Sat Jun 09 01:35:02 UTC 2018
auto.tcl: Setting watchdog for 200 seconds at Sat Jun 09 01:35:02 UTC 2018
9 ms. Memory: 153600K Free: 137579K (90%)
ptolemy.util.test.WatchDog.cancel(): canceling Sat Jun 09 01:35:02 UTC 2018
------------------ testing $PTII/ptolemy/domains/de/test/auto/ResetTransitionWithStartTime3.xml
auto.tcl: Setting watchdog for 200 seconds at Sat Jun 09 01:35:02 UTC 2018
8 ms. Memory: 154112K Free: 139168K (90%)
ptolemy.util.test.WatchDog.cancel(): canceling Sat Jun 09 01:35:02 UTC 2018
auto.tcl: Setting watchdog for 200 seconds at Sat Jun 09 01:35:02 UTC 2018
6 ms. Memory: 154112K Free: 138046K (90%)
ptolemy.util.test.WatchDog.cancel(): canceling Sat Jun 09 01:35:02 UTC 2018
------------------ testing $PTII/ptolemy/domains/de/test/auto/ResetTransitionWithStartTime4.xml
auto.tcl: Setting watchdog for 200 seconds at Sat Jun 09 01:35:02 UTC 2018
6 ms. Memory: 153600K Free: 139427K (91%)
ptolemy.util.test.WatchDog.cancel(): canceling Sat Jun 09 01:35:02 UTC 2018
auto.tcl: Setting watchdog for 200 seconds at Sat Jun 09 01:35:02 UTC 2018
4 ms. Memory: 153600K Free: 138305K (90%)
ptolemy.util.test.WatchDog.cancel(): canceling Sat Jun 09 01:35:02 UTC 2018
------------------ testing $PTII/ptolemy/domains/de/test/auto/ResettableTimer1.xml
auto.tcl: Setting watchdog for 200 seconds at Sat Jun 09 01:35:02 UTC 2018
3 ms. Memory: 154112K Free: 144471K (94%)
ptolemy.util.test.WatchDog.cancel(): canceling Sat Jun 09 01:35:02 UTC 2018
auto.tcl: Setting watchdog for 200 seconds at Sat Jun 09 01:35:02 UTC 2018
3 ms. Memory: 154112K Free: 143349K (93%)
ptolemy.util.test.WatchDog.cancel(): canceling Sat Jun 09 01:35:02 UTC 2018
------------------ testing $PTII/ptolemy/domains/de/test/auto/ResettableTimer2.xml
auto.tcl: Setting watchdog for 200 seconds at Sat Jun 09 01:35:02 UTC 2018
2 ms. Memory: 153600K Free: 142912K (93%)
ptolemy.util.test.WatchDog.cancel(): canceling Sat Jun 09 01:35:02 UTC 2018
auto.tcl: Setting watchdog for 200 seconds at Sat Jun 09 01:35:02 UTC 2018
3 ms. Memory: 153600K Free: 142912K (93%)
ptolemy.util.test.WatchDog.cancel(): canceling Sat Jun 09 01:35:02 UTC 2018
------------------ testing $PTII/ptolemy/domains/de/test/auto/ResettableTimer3.xml
auto.tcl: Setting watchdog for 200 seconds at Sat Jun 09 01:35:02 UTC 2018
1 ms. Memory: 154112K Free: 143355K (93%)
ptolemy.util.test.WatchDog.cancel(): canceling Sat Jun 09 01:35:02 UTC 2018
auto.tcl: Setting watchdog for 200 seconds at Sat Jun 09 01:35:02 UTC 2018
1 ms. Memory: 154112K Free: 143355K (93%)
ptolemy.util.test.WatchDog.cancel(): canceling Sat Jun 09 01:35:02 UTC 2018
------------------ testing $PTII/ptolemy/domains/de/test/auto/ResettableTimer4.xml
auto.tcl: Setting watchdog for 200 seconds at Sat Jun 09 01:35:02 UTC 2018
2 ms. Memory: 153600K Free: 142908K (93%)
ptolemy.util.test.WatchDog.cancel(): canceling Sat Jun 09 01:35:02 UTC 2018
auto.tcl: Setting watchdog for 200 seconds at Sat Jun 09 01:35:02 UTC 2018
1 ms. Memory: 153600K Free: 142908K (93%)
ptolemy.util.test.WatchDog.cancel(): canceling Sat Jun 09 01:35:02 UTC 2018
------------------ testing $PTII/ptolemy/domains/de/test/auto/ResettableTimer5.xml
auto.tcl: Setting watchdog for 200 seconds at Sat Jun 09 01:35:03 UTC 2018
1 ms. Memory: 154112K Free: 143402K (93%)
ptolemy.util.test.WatchDog.cancel(): canceling Sat Jun 09 01:35:03 UTC 2018
auto.tcl: Setting watchdog for 200 seconds at Sat Jun 09 01:35:03 UTC 2018
1 ms. Memory: 154112K Free: 142280K (92%)
ptolemy.util.test.WatchDog.cancel(): canceling Sat Jun 09 01:35:03 UTC 2018
------------------ testing $PTII/ptolemy/domains/de/test/auto/ResettableTimer6.xml
auto.tcl: Setting watchdog for 200 seconds at Sat Jun 09 01:35:03 UTC 2018
1 ms. Memory: 153600K Free: 142819K (93%)
ptolemy.util.test.WatchDog.cancel(): canceling Sat Jun 09 01:35:03 UTC 2018
auto.tcl: Setting watchdog for 200 seconds at Sat Jun 09 01:35:03 UTC 2018
1 ms. Memory: 153600K Free: 141681K (92%)
ptolemy.util.test.WatchDog.cancel(): canceling Sat Jun 09 01:35:03 UTC 2018
------------------ testing $PTII/ptolemy/domains/de/test/auto/ServerZeroDelay.xml
auto.tcl: Setting watchdog for 200 seconds at Sat Jun 09 01:35:03 UTC 2018
4 ms. Memory: 153600K Free: 143976K (94%)
ptolemy.util.test.WatchDog.cancel(): canceling Sat Jun 09 01:35:03 UTC 2018
auto.tcl: Setting watchdog for 200 seconds at Sat Jun 09 01:35:03 UTC 2018
3 ms. Memory: 153600K Free: 142846K (93%)
ptolemy.util.test.WatchDog.cancel(): canceling Sat Jun 09 01:35:03 UTC 2018
------------------ testing $PTII/ptolemy/domains/de/test/auto/SmartSender.xml
auto.tcl: Setting watchdog for 200 seconds at Sat Jun 09 01:35:03 UTC 2018
3002 ms. Memory: 153600K Free: 142824K (93%)
ptolemy.util.test.WatchDog.cancel(): canceling Sat Jun 09 01:35:06 UTC 2018
auto.tcl: Setting watchdog for 200 seconds at Sat Jun 09 01:35:06 UTC 2018
3003 ms. Memory: 153600K Free: 142824K (93%)
ptolemy.util.test.WatchDog.cancel(): canceling Sat Jun 09 01:35:09 UTC 2018
------------------ testing $PTII/ptolemy/domains/de/test/auto/ThreadedComposite.xml
auto.tcl: Setting watchdog for 200 seconds at Sat Jun 09 01:35:09 UTC 2018
233 ms. Memory: 153600K Free: 121911K (79%)
ptolemy.util.test.WatchDog.cancel(): canceling Sat Jun 09 01:35:09 UTC 2018
auto.tcl: Setting watchdog for 200 seconds at Sat Jun 09 01:35:09 UTC 2018
235 ms. Memory: 153600K Free: 107629K (70%)
ptolemy.util.test.WatchDog.cancel(): canceling Sat Jun 09 01:35:09 UTC 2018
------------------ testing $PTII/ptolemy/domains/de/test/auto/Time.xml
auto.tcl: Setting watchdog for 200 seconds at Sat Jun 09 01:35:09 UTC 2018
659 ms. Memory: 153600K Free: 88210K (57%)
ptolemy.util.test.WatchDog.cancel(): canceling Sat Jun 09 01:35:10 UTC 2018
auto.tcl: Setting watchdog for 200 seconds at Sat Jun 09 01:35:10 UTC 2018
608 ms. Memory: 152064K Free: 103825K (68%)
ptolemy.util.test.WatchDog.cancel(): canceling Sat Jun 09 01:35:11 UTC 2018
------------------ testing $PTII/ptolemy/domains/de/test/auto/TimeDelayZeroDelay.xml
auto.tcl: Setting watchdog for 200 seconds at Sat Jun 09 01:35:11 UTC 2018
2 ms. Memory: 151552K Free: 142145K (94%)
ptolemy.util.test.WatchDog.cancel(): canceling Sat Jun 09 01:35:11 UTC 2018
auto.tcl: Setting watchdog for 200 seconds at Sat Jun 09 01:35:11 UTC 2018
2 ms. Memory: 151552K Free: 141188K (93%)
ptolemy.util.test.WatchDog.cancel(): canceling Sat Jun 09 01:35:11 UTC 2018
------------------ testing $PTII/ptolemy/domains/de/test/auto/TimerZeroDelay.xml
auto.tcl: Setting watchdog for 200 seconds at Sat Jun 09 01:35:11 UTC 2018
3 ms. Memory: 151552K Free: 142234K (94%)
ptolemy.util.test.WatchDog.cancel(): canceling Sat Jun 09 01:35:11 UTC 2018
auto.tcl: Setting watchdog for 200 seconds at Sat Jun 09 01:35:11 UTC 2018
2 ms. Memory: 151552K Free: 142234K (94%)
ptolemy.util.test.WatchDog.cancel(): canceling Sat Jun 09 01:35:11 UTC 2018
------------------ testing $PTII/ptolemy/domains/de/test/auto/TimingParadox.xml
auto.tcl: Setting watchdog for 200 seconds at Sat Jun 09 01:35:11 UTC 2018
413 ms. Memory: 149504K Free: 141384K (95%)
ptolemy.util.test.WatchDog.cancel(): canceling Sat Jun 09 01:35:11 UTC 2018
auto.tcl: Setting watchdog for 200 seconds at Sat Jun 09 01:35:11 UTC 2018
403 ms. Memory: 149504K Free: 105080K (70%)
ptolemy.util.test.WatchDog.cancel(): canceling Sat Jun 09 01:35:12 UTC 2018
------------------ testing $PTII/ptolemy/domains/de/test/auto/TransferInputs.xml
auto.tcl: Setting watchdog for 200 seconds at Sat Jun 09 01:35:12 UTC 2018
2 ms. Memory: 149504K Free: 138255K (92%)
ptolemy.util.test.WatchDog.cancel(): canceling Sat Jun 09 01:35:12 UTC 2018
auto.tcl: Setting watchdog for 200 seconds at Sat Jun 09 01:35:12 UTC 2018
3 ms. Memory: 149504K Free: 137253K (92%)
ptolemy.util.test.WatchDog.cancel(): canceling Sat Jun 09 01:35:12 UTC 2018
------------------ testing $PTII/ptolemy/domains/de/test/auto/TransferOutputs2.xml
auto.tcl: Setting watchdog for 200 seconds at Sat Jun 09 01:35:12 UTC 2018
4 ms. Memory: 150016K Free: 135897K (91%)
ptolemy.util.test.WatchDog.cancel(): canceling Sat Jun 09 01:35:12 UTC 2018
auto.tcl: Setting watchdog for 200 seconds at Sat Jun 09 01:35:12 UTC 2018
3 ms. Memory: 150016K Free: 134910K (90%)
ptolemy.util.test.WatchDog.cancel(): canceling Sat Jun 09 01:35:12 UTC 2018
------------------ testing $PTII/ptolemy/domains/de/test/auto/Trilateration.xml
auto.tcl: Setting watchdog for 200 seconds at Sat Jun 09 01:35:12 UTC 2018
13959 ms. Memory: 244224K Free: 126497K (52%)
ptolemy.util.test.WatchDog.cancel(): canceling Sat Jun 09 01:35:27 UTC 2018
auto.tcl: Setting watchdog for 200 seconds at Sat Jun 09 01:35:27 UTC 2018
11229 ms. Memory: 146432K Free: 90071K (62%)
ptolemy.util.test.WatchDog.cancel(): canceling Sat Jun 09 01:35:39 UTC 2018
------------------ testing $PTII/ptolemy/domains/de/test/auto/TwoSigmaDelta.xml
auto.tcl: Setting watchdog for 200 seconds at Sat Jun 09 01:35:39 UTC 2018
2896 ms. Memory: 139264K Free: 100766K (72%)
ptolemy.util.test.WatchDog.cancel(): canceling Sat Jun 09 01:35:42 UTC 2018
auto.tcl: Setting watchdog for 200 seconds at Sat Jun 09 01:35:42 UTC 2018
2393 ms. Memory: 133120K Free: 89845K (67%)
ptolemy.util.test.WatchDog.cancel(): canceling Sat Jun 09 01:35:44 UTC 2018
------------------ testing $PTII/ptolemy/domains/de/test/auto/VariableDelay.xml
auto.tcl: Setting watchdog for 200 seconds at Sat Jun 09 01:35:44 UTC 2018
3 ms. Memory: 133120K Free: 122786K (92%)
ptolemy.util.test.WatchDog.cancel(): canceling Sat Jun 09 01:35:44 UTC 2018
auto.tcl: Setting watchdog for 200 seconds at Sat Jun 09 01:35:44 UTC 2018
2 ms. Memory: 133120K Free: 121809K (92%)
ptolemy.util.test.WatchDog.cancel(): canceling Sat Jun 09 01:35:44 UTC 2018
------------------ testing $PTII/ptolemy/domains/de/test/auto/VariableDelay2.xml
auto.tcl: Setting watchdog for 200 seconds at Sat Jun 09 01:35:44 UTC 2018
2 ms. Memory: 133120K Free: 123209K (93%)
ptolemy.util.test.WatchDog.cancel(): canceling Sat Jun 09 01:35:44 UTC 2018
auto.tcl: Setting watchdog for 200 seconds at Sat Jun 09 01:35:44 UTC 2018
2 ms. Memory: 133120K Free: 122225K (92%)
ptolemy.util.test.WatchDog.cancel(): canceling Sat Jun 09 01:35:44 UTC 2018
------------------ testing $PTII/ptolemy/domains/de/test/auto/VariableDelayZeroDelay.xml
auto.tcl: Setting watchdog for 200 seconds at Sat Jun 09 01:35:44 UTC 2018
2 ms. Memory: 133120K Free: 123161K (93%)
ptolemy.util.test.WatchDog.cancel(): canceling Sat Jun 09 01:35:44 UTC 2018
auto.tcl: Setting watchdog for 200 seconds at Sat Jun 09 01:35:44 UTC 2018
2 ms. Memory: 133120K Free: 123161K (93%)
ptolemy.util.test.WatchDog.cancel(): canceling Sat Jun 09 01:35:44 UTC 2018
------------------ testing $PTII/ptolemy/domains/de/test/auto/VariableDelayZeroDelay2.xml
auto.tcl: Setting watchdog for 200 seconds at Sat Jun 09 01:35:44 UTC 2018
2 ms. Memory: 133120K Free: 123191K (93%)
ptolemy.util.test.WatchDog.cancel(): canceling Sat Jun 09 01:35:44 UTC 2018
auto.tcl: Setting watchdog for 200 seconds at Sat Jun 09 01:35:44 UTC 2018
2 ms. Memory: 133120K Free: 122222K (92%)
ptolemy.util.test.WatchDog.cancel(): canceling Sat Jun 09 01:35:44 UTC 2018
------------------ testing $PTII/ptolemy/domains/de/test/auto/deInCt.xml
auto.tcl: Setting watchdog for 200 seconds at Sat Jun 09 01:35:44 UTC 2018
0
1
1
1
0
0
0
0
0
1
1
1
1
0
0
0
1
1
1
0
0
0
0
1
1
1
1
0
0
1
1
0
0
0
1
1
1
1
12 ms. Memory: 133120K Free: 121191K (91%)
ptolemy.util.test.WatchDog.cancel(): canceling Sat Jun 09 01:35:45 UTC 2018
auto.tcl: Setting watchdog for 200 seconds at Sat Jun 09 01:35:45 UTC 2018
0
1
1
1
0
0
0
0
1
1
1
1
1
1
1
0
0
0
1
1
1
0
0
0
0
0
11 ms. Memory: 133120K Free: 120207K (90%)
ptolemy.util.test.WatchDog.cancel(): canceling Sat Jun 09 01:35:45 UTC 2018
------------------ testing $PTII/ptolemy/domains/de/test/auto/deInCt2.xml
auto.tcl: Setting watchdog for 200 seconds at Sat Jun 09 01:35:45 UTC 2018
0
1
1
1
0
0
1
1
1
0
0
1
1
1
0
0
1
1
1
0
0
1
1
1
0
0
1
1
1
0
0
1
1
1
0
0
1
1
1
0
0
0
19 ms. Memory: 133120K Free: 121183K (91%)
ptolemy.util.test.WatchDog.cancel(): canceling Sat Jun 09 01:35:45 UTC 2018
auto.tcl: Setting watchdog for 200 seconds at Sat Jun 09 01:35:45 UTC 2018
0
1
1
1
0
0
1
1
1
0
0
1
1
1
0
0
1
1
1
0
0
1
1
1
0
0
1
1
1
0
0
1
1
1
0
0
1
1
1
0
0
0
9 ms. Memory: 133120K Free: 120175K (90%)
ptolemy.util.test.WatchDog.cancel(): canceling Sat Jun 09 01:35:45 UTC 2018
------------------ testing $PTII/ptolemy/domains/de/test/auto/dynamicCausalityInterface1.xml
auto.tcl: Setting watchdog for 200 seconds at Sat Jun 09 01:35:45 UTC 2018
1 ms. Memory: 133120K Free: 117857K (89%)
ptolemy.util.test.WatchDog.cancel(): canceling Sat Jun 09 01:35:45 UTC 2018
auto.tcl: Setting watchdog for 200 seconds at Sat Jun 09 01:35:45 UTC 2018
1 ms. Memory: 133120K Free: 116873K (88%)
ptolemy.util.test.WatchDog.cancel(): canceling Sat Jun 09 01:35:45 UTC 2018
------------------ testing $PTII/ptolemy/domains/de/test/auto/fsm_de_test.xml
auto.tcl: Setting watchdog for 200 seconds at Sat Jun 09 01:35:45 UTC 2018
8 ms. Memory: 133120K Free: 117170K (88%)
ptolemy.util.test.WatchDog.cancel(): canceling Sat Jun 09 01:35:45 UTC 2018
auto.tcl: Setting watchdog for 200 seconds at Sat Jun 09 01:35:45 UTC 2018
6 ms. Memory: 133120K Free: 115210K (87%)
ptolemy.util.test.WatchDog.cancel(): canceling Sat Jun 09 01:35:45 UTC 2018
------------------ testing $PTII/ptolemy/domains/de/test/auto/functionDependencyReconstruction.xml
auto.tcl: Setting watchdog for 200 seconds at Sat Jun 09 01:35:45 UTC 2018
3 ms. Memory: 133120K Free: 110351K (83%)
ptolemy.util.test.WatchDog.cancel(): canceling Sat Jun 09 01:35:45 UTC 2018
auto.tcl: Setting watchdog for 200 seconds at Sat Jun 09 01:35:45 UTC 2018
3 ms. Memory: 133120K Free: 108383K (81%)
ptolemy.util.test.WatchDog.cancel(): canceling Sat Jun 09 01:35:45 UTC 2018
------------------ testing $PTII/ptolemy/domains/de/test/auto/multirate.xml
auto.tcl: Setting watchdog for 200 seconds at Sat Jun 09 01:35:45 UTC 2018
9 ms. Memory: 133120K Free: 119959K (90%)
ptolemy.util.test.WatchDog.cancel(): canceling Sat Jun 09 01:35:45 UTC 2018
auto.tcl: Setting watchdog for 200 seconds at Sat Jun 09 01:35:45 UTC 2018
4 ms. Memory: 133120K Free: 117996K (89%)
ptolemy.util.test.WatchDog.cancel(): canceling Sat Jun 09 01:35:45 UTC 2018
------------------ testing $PTII/ptolemy/domains/de/test/auto/multirate2.xml
auto.tcl: Setting watchdog for 200 seconds at Sat Jun 09 01:35:45 UTC 2018
9 ms. Memory: 133120K Free: 120153K (90%)
ptolemy.util.test.WatchDog.cancel(): canceling Sat Jun 09 01:35:45 UTC 2018
auto.tcl: Setting watchdog for 200 seconds at Sat Jun 09 01:35:45 UTC 2018
3 ms. Memory: 133120K Free: 119168K (90%)
ptolemy.util.test.WatchDog.cancel(): canceling Sat Jun 09 01:35:45 UTC 2018
------------------ testing $PTII/ptolemy/domains/de/test/auto/realtime.xml
auto.tcl: Setting watchdog for 200 seconds at Sat Jun 09 01:35:45 UTC 2018
10001 ms. Memory: 133120K Free: 122160K (92%)
ptolemy.util.test.WatchDog.cancel(): canceling Sat Jun 09 01:35:55 UTC 2018
auto.tcl: Setting watchdog for 200 seconds at Sat Jun 09 01:35:55 UTC 2018
10001 ms. Memory: 133120K Free: 122160K (92%)
ptolemy.util.test.WatchDog.cancel(): canceling Sat Jun 09 01:36:05 UTC 2018
------------------ testing $PTII/ptolemy/domains/de/test/auto/relationGroup.xml
auto.tcl: Setting watchdog for 200 seconds at Sat Jun 09 01:36:05 UTC 2018
1 ms. Memory: 133120K Free: 124124K (93%)
ptolemy.util.test.WatchDog.cancel(): canceling Sat Jun 09 01:36:05 UTC 2018
auto.tcl: Setting watchdog for 200 seconds at Sat Jun 09 01:36:05 UTC 2018
1 ms. Memory: 133120K Free: 123140K (93%)
ptolemy.util.test.WatchDog.cancel(): canceling Sat Jun 09 01:36:05 UTC 2018
------------------ testing $PTII/ptolemy/domains/de/test/auto/relationGroup2.xml
auto.tcl: Setting watchdog for 200 seconds at Sat Jun 09 01:36:05 UTC 2018
1 ms. Memory: 133120K Free: 124160K (93%)
ptolemy.util.test.WatchDog.cancel(): canceling Sat Jun 09 01:36:05 UTC 2018
auto.tcl: Setting watchdog for 200 seconds at Sat Jun 09 01:36:05 UTC 2018
1 ms. Memory: 133120K Free: 123175K (93%)
ptolemy.util.test.WatchDog.cancel(): canceling Sat Jun 09 01:36:05 UTC 2018
------------------ testing $PTII/ptolemy/domains/de/test/auto/sortWithOpaquePorts.xml
auto.tcl: Setting watchdog for 200 seconds at Sat Jun 09 01:36:05 UTC 2018
1 ms. Memory: 133120K Free: 123184K (93%)
ptolemy.util.test.WatchDog.cancel(): canceling Sat Jun 09 01:36:05 UTC 2018
auto.tcl: Setting watchdog for 200 seconds at Sat Jun 09 01:36:05 UTC 2018
2 ms. Memory: 133120K Free: 122216K (92%)
ptolemy.util.test.WatchDog.cancel(): canceling Sat Jun 09 01:36:05 UTC 2018
------------------ testing $PTII/ptolemy/domains/de/test/auto/transferInputsandOutputs.xml
auto.tcl: Setting watchdog for 200 seconds at Sat Jun 09 01:36:05 UTC 2018
2 ms. Memory: 133120K Free: 119224K (90%)
ptolemy.util.test.WatchDog.cancel(): canceling Sat Jun 09 01:36:05 UTC 2018
auto.tcl: Setting watchdog for 200 seconds at Sat Jun 09 01:36:05 UTC 2018
1 ms. Memory: 133120K Free: 118240K (89%)
ptolemy.util.test.WatchDog.cancel(): canceling Sat Jun 09 01:36:05 UTC 2018
------------------ testing $PTII/ptolemy/domains/de/test/auto/triggerType.xml
auto.tcl: Setting watchdog for 200 seconds at Sat Jun 09 01:36:05 UTC 2018
3 ms. Memory: 133120K Free: 123122K (92%)
ptolemy.util.test.WatchDog.cancel(): canceling Sat Jun 09 01:36:05 UTC 2018
auto.tcl: Setting watchdog for 200 seconds at Sat Jun 09 01:36:05 UTC 2018
1 ms. Memory: 133120K Free: 122146K (92%)
ptolemy.util.test.WatchDog.cancel(): canceling Sat Jun 09 01:36:05 UTC 2018
06/09/18 01:36:05
Failed: 0  Total Tests: 192  ((Passed: 187, Newly Passed: 1)  Known Failed: 5) /home/travis/build/icyphy/ptII/ptolemy/domains/de/test
06/09/18 01:36:05
Failed: 0  Total Tests: 192  ((Passed: 187, Newly Passed: 1)  Known Failed: 5) /home/travis/build/icyphy/ptII/ptolemy/domains/de/test
----------------- testing (KnownFailure) /home/travis/build/icyphy/ptII/ptolemy/domains/de/test/auto/knownFailedTests/DESDFClockTest.xml
2008 ms. Memory: 133120K Free: 114648K (86%)
Known Failure: java.lang.reflect.InvocationTargetException
----------------- testing (KnownFailure) /home/travis/build/icyphy/ptII/ptolemy/domains/de/test/auto/knownFailedTests/DirectFeedback.xml
2 ms. Memory: 133120K Free: 108424K (81%)
Known Failure: java.lang.reflect.InvocationTargetException
----------------- testing (KnownFailure) /home/travis/build/icyphy/ptII/ptolemy/domains/de/test/auto/knownFailedTests/FSMSource.xml
11 ms. Memory: 133120K Free: 99027K (74%)
----------------- testing (KnownFailure) /home/travis/build/icyphy/ptII/ptolemy/domains/de/test/auto/knownFailedTests/HierarchicalModel.xml
1 ms. Memory: 133120K Free: 80313K (60%)
Known Failure: java.lang.reflect.InvocationTargetException
----------------- testing (KnownFailure) /home/travis/build/icyphy/ptII/ptolemy/domains/de/test/auto/knownFailedTests/dependencyLoop.xml
6 ms. Memory: 131584K Free: 110659K (84%)
Known Failure: java.lang.reflect.InvocationTargetException
----------------- testing (KnownFailure) /home/travis/build/icyphy/ptII/ptolemy/domains/de/test/auto/knownFailedTests/dependencyLoop2.xml
3 ms. Memory: 131584K Free: 91964K (70%)
Known Failure: java.lang.reflect.InvocationTargetException
No auto/linux-amd64/*.xml tests in /home/travis/build/icyphy/ptII/ptolemy/domains/de/test
AutoTests.java: About to close Vertx.
AutoTests.java: Vertx closed.

===========================================================================================
----------------- testing Sat Jun 09 01:36:08 UTC 2018 /home/travis/build/icyphy/ptII/ptolemy/domains/de/test/auto/ActorDepthCalculation_actorWithoutPorts.xml
----------------- Instantiating /home/travis/build/icyphy/ptII/ptolemy/domains/de/test/auto/ActorDepthCalculation_actorWithoutPorts.xml
1 ms. Memory: 131584K Free: 83675K (64%)
----------------- Invoking toplevel() on ptolemy.moml.MoMLSimpleApplication@364d555b
----------------- Done invoking toplevel() on ptolemy.moml.MoMLSimpleApplication@364d555b
reloadAllAccessors: .ActorDepthCalculation_actorWithoutPorts

===========================================================================================
----------------- testing Sat Jun 09 01:36:08 UTC 2018 /home/travis/build/icyphy/ptII/ptolemy/domains/de/test/auto/AssemblyLine.xml
----------------- Instantiating /home/travis/build/icyphy/ptII/ptolemy/domains/de/test/auto/AssemblyLine.xml
8 ms. Memory: 130048K Free: 123616K (95%)
----------------- Invoking toplevel() on ptolemy.moml.MoMLSimpleApplication@724b8d7
----------------- Done invoking toplevel() on ptolemy.moml.MoMLSimpleApplication@724b8d7
reloadAllAccessors: .AssemblyLine

===========================================================================================
----------------- testing Sat Jun 09 01:36:08 UTC 2018 /home/travis/build/icyphy/ptII/ptolemy/domains/de/test/auto/CQBug1.xml
----------------- Instantiating /home/travis/build/icyphy/ptII/ptolemy/domains/de/test/auto/CQBug1.xml
1 ms. Memory: 130048K Free: 119576K (92%)
----------------- Invoking toplevel() on ptolemy.moml.MoMLSimpleApplication@39d3d821
----------------- Done invoking toplevel() on ptolemy.moml.MoMLSimpleApplication@39d3d821
reloadAllAccessors: .CQBug1

===========================================================================================
----------------- testing Sat Jun 09 01:36:08 UTC 2018 /home/travis/build/icyphy/ptII/ptolemy/domains/de/test/auto/CancelFireAt.xml
----------------- Instantiating /home/travis/build/icyphy/ptII/ptolemy/domains/de/test/auto/CancelFireAt.xml
1 ms. Memory: 130048K Free: 116690K (90%)
----------------- Invoking toplevel() on ptolemy.moml.MoMLSimpleApplication@432faea8
----------------- Done invoking toplevel() on ptolemy.moml.MoMLSimpleApplication@432faea8
reloadAllAccessors: .CancelFireAt

===========================================================================================
----------------- testing Sat Jun 09 01:36:08 UTC 2018 /home/travis/build/icyphy/ptII/ptolemy/domains/de/test/auto/CausalityAndComposabilityAnalysis.xml
----------------- Instantiating /home/travis/build/icyphy/ptII/ptolemy/domains/de/test/auto/CausalityAndComposabilityAnalysis.xml
1 ms. Memory: 130048K Free: 110877K (85%)
----------------- Invoking toplevel() on ptolemy.moml.MoMLSimpleApplication@44205485
----------------- Done invoking toplevel() on ptolemy.moml.MoMLSimpleApplication@44205485
reloadAllAccessors: .CausalityAndComposabilityAnalysis

===========================================================================================
----------------- testing Sat Jun 09 01:36:08 UTC 2018 /home/travis/build/icyphy/ptII/ptolemy/domains/de/test/auto/CausalityInterface1.xml
----------------- Instantiating /home/travis/build/icyphy/ptII/ptolemy/domains/de/test/auto/CausalityInterface1.xml
3 ms. Memory: 130048K Free: 104539K (80%)
----------------- Invoking toplevel() on ptolemy.moml.MoMLSimpleApplication@7f9a51ec
----------------- Done invoking toplevel() on ptolemy.moml.MoMLSimpleApplication@7f9a51ec
reloadAllAccessors: .CausalityInterface1

===========================================================================================
----------------- testing Sat Jun 09 01:36:08 UTC 2018 /home/travis/build/icyphy/ptII/ptolemy/domains/de/test/auto/CausalityInterface15.xml
----------------- Instantiating /home/travis/build/icyphy/ptII/ptolemy/domains/de/test/auto/CausalityInterface15.xml
1 ms. Memory: 130048K Free: 97705K (75%)
----------------- Invoking toplevel() on ptolemy.moml.MoMLSimpleApplication@60c0b8b9
----------------- Done invoking toplevel() on ptolemy.moml.MoMLSimpleApplication@60c0b8b9
reloadAllAccessors: .CausalityInterface15

[...]
java.lang.RuntimeException: Execution failed
	at ptolemy.moml.MoMLSimpleApplication$UnloadThread.run(MoMLSimpleApplication.java:402)
Caused by: ptolemy.kernel.util.IllegalActionException: Test fails in iteration 1.
Value was: 1.0. Should have been: 2.0
  in .DirectFeedback.Test
	at ptolemy.actor.lib.Test.fire(Test.java:268)
	at ptolemy.domains.de.kernel.DEDirector._fire(DEDirector.java:1949)
	at ptolemy.domains.de.kernel.DEDirector.fire(DEDirector.java:502)
	at ptolemy.actor.CompositeActor.fire(CompositeActor.java:455)
	at ptolemy.actor.Manager.iterate(Manager.java:851)
	at ptolemy.actor.Manager.execute(Manager.java:369)
	at ptolemy.actor.Manager.run(Manager.java:1263)
	at ptolemy.actor.Manager$PtolemyRunThread.run(Manager.java:1915)
java.lang.RuntimeException: Execution failed
	at ptolemy.moml.MoMLSimpleApplication$UnloadThread.run(MoMLSimpleApplication.java:402)
Caused by: ptolemy.kernel.util.IllegalActionException: Actor is not ready to fire.  Perhaps UpSample.prefire() returned false? Try debugging the actor by selecting "Listen to Actor".  Also, for SDF check moml for tokenConsumptionRate on input.
  in .DESDFClockTest.Play Bell.Copy1:SDF Director and .DESDFClockTest.Play Bell.UpSample
	at ptolemy.actor.sched.StaticSchedulingDirector.fire(StaticSchedulingDirector.java:227)
	at ptolemy.domains.sdf.kernel.SDFDirector.fire(SDFDirector.java:500)
	at ptolemy.actor.CompositeActor.fire(CompositeActor.java:455)
	at ptolemy.domains.de.kernel.DEDirector._fire(DEDirector.java:1949)
	at ptolemy.domains.de.kernel.DEDirector.fire(DEDirector.java:502)
	at ptolemy.actor.CompositeActor.fire(CompositeActor.java:455)
	at ptolemy.actor.Manager.iterate(Manager.java:851)
	at ptolemy.actor.Manager.execute(Manager.java:369)
	at ptolemy.actor.Manager.run(Manager.java:1263)
	at ptolemy.actor.Manager$PtolemyRunThread.run(Manager.java:1915)
java.lang.reflect.InvocationTargetException
	at sun.reflect.NativeConstructorAccessorImpl.newInstance0(Native Method)
	at sun.reflect.NativeConstructorAccessorImpl.newInstance(NativeConstructorAccessorImpl.java:62)
	at sun.reflect.DelegatingConstructorAccessorImpl.newInstance(DelegatingConstructorAccessorImpl.java:45)
	at java.lang.reflect.Constructor.newInstance(Constructor.java:423)
	at ptolemy.util.test.junit.AutoKnownFailedTests.RunModel(AutoKnownFailedTests.java:107)
	at sun.reflect.NativeMethodAccessorImpl.invoke0(Native Method)
	at sun.reflect.NativeMethodAccessorImpl.invoke(NativeMethodAccessorImpl.java:62)
	at sun.reflect.DelegatingMethodAccessorImpl.invoke(DelegatingMethodAccessorImpl.java:43)
	at java.lang.reflect.Method.invoke(Method.java:498)
	at org.junit.runners.model.FrameworkMethod$1.runReflectiveCall(FrameworkMethod.java:44)
	at org.junit.internal.runners.model.ReflectiveCallable.run(ReflectiveCallable.java:15)
	at org.junit.runners.model.FrameworkMethod.invokeExplosively(FrameworkMethod.java:41)
	at junitparams.internal.InvokeParameterisedMethod.evaluate(InvokeParameterisedMethod.java:102)
	at org.junit.internal.runners.statements.FailOnTimeout$1.run(FailOnTimeout.java:28)
Caused by: ptolemy.kernel.util.IllegalActionException: Actor is not ready to fire.  Perhaps UpSample.prefire() returned false? Try debugging the actor by selecting "Listen to Actor".  Also, for SDF check moml for tokenConsumptionRate on input.
  in .DESDFClockTest.Play Bell.Copy1:SDF Director and .DESDFClockTest.Play Bell.UpSample
	at ptolemy.actor.sched.StaticSchedulingDirector.fire(StaticSchedulingDirector.java:227)
	at ptolemy.domains.sdf.kernel.SDFDirector.fire(SDFDirector.java:500)
	at ptolemy.actor.CompositeActor.fire(CompositeActor.java:455)
	at ptolemy.domains.de.kernel.DEDirector._fire(DEDirector.java:1949)
	at ptolemy.domains.de.kernel.DEDirector.fire(DEDirector.java:502)
	at ptolemy.actor.CompositeActor.fire(CompositeActor.java:455)
	at ptolemy.actor.Manager.iterate(Manager.java:851)
	at ptolemy.actor.Manager.execute(Manager.java:369)
	at ptolemy.actor.Manager.run(Manager.java:1263)
	at ptolemy.actor.Manager$PtolemyRunThread.run(Manager.java:1915)
java.lang.RuntimeException: Execution failed
	at ptolemy.moml.MoMLSimpleApplication$UnloadThread.run(MoMLSimpleApplication.java:402)
Caused by: ptolemy.kernel.util.IllegalActionException: Test fails in iteration 1.
Value was: 1.0. Should have been: 2.0
  in .DirectFeedback.Test
	at ptolemy.actor.lib.Test.fire(Test.java:268)
	at ptolemy.domains.de.kernel.DEDirector._fire(DEDirector.java:1949)
	at ptolemy.domains.de.kernel.DEDirector.fire(DEDirector.java:502)
	at ptolemy.actor.CompositeActor.fire(CompositeActor.java:455)
	at ptolemy.actor.Manager.iterate(Manager.java:851)
	at ptolemy.actor.Manager.execute(Manager.java:369)
	at ptolemy.actor.Manager.run(Manager.java:1263)
	at ptolemy.actor.Manager$PtolemyRunThread.run(Manager.java:1915)
java.lang.reflect.InvocationTargetException
	at sun.reflect.NativeConstructorAccessorImpl.newInstance0(Native Method)
	at sun.reflect.NativeConstructorAccessorImpl.newInstance(NativeConstructorAccessorImpl.java:62)
	at sun.reflect.DelegatingConstructorAccessorImpl.newInstance(DelegatingConstructorAccessorImpl.java:45)
	at java.lang.reflect.Constructor.newInstance(Constructor.java:423)
	at ptolemy.util.test.junit.AutoKnownFailedTests.RunModel(AutoKnownFailedTests.java:107)
	at sun.reflect.NativeMethodAccessorImpl.invoke0(Native Method)
	at sun.reflect.NativeMethodAccessorImpl.invoke(NativeMethodAccessorImpl.java:62)
	at sun.reflect.DelegatingMethodAccessorImpl.invoke(DelegatingMethodAccessorImpl.java:43)
	at java.lang.reflect.Method.invoke(Method.java:498)
	at org.junit.runners.model.FrameworkMethod$1.runReflectiveCall(FrameworkMethod.java:44)
	at org.junit.internal.runners.model.ReflectiveCallable.run(ReflectiveCallable.java:15)
	at org.junit.runners.model.FrameworkMethod.invokeExplosively(FrameworkMethod.java:41)
	at junitparams.internal.InvokeParameterisedMethod.evaluate(InvokeParameterisedMethod.java:102)
	at org.junit.internal.runners.statements.FailOnTimeout$1.run(FailOnTimeout.java:28)
Caused by: ptolemy.kernel.util.IllegalActionException: Test fails in iteration 1.
Value was: 1.0. Should have been: 2.0
  in .DirectFeedback.Test
	at ptolemy.actor.lib.Test.fire(Test.java:268)
	at ptolemy.domains.de.kernel.DEDirector._fire(DEDirector.java:1949)
	at ptolemy.domains.de.kernel.DEDirector.fire(DEDirector.java:502)
	at ptolemy.actor.CompositeActor.fire(CompositeActor.java:455)
	at ptolemy.actor.Manager.iterate(Manager.java:851)
	at ptolemy.actor.Manager.execute(Manager.java:369)
	at ptolemy.actor.Manager.run(Manager.java:1263)
	at ptolemy.actor.Manager$PtolemyRunThread.run(Manager.java:1915)
java.lang.RuntimeException: Execution failed
	at ptolemy.moml.MoMLSimpleApplication$UnloadThread.run(MoMLSimpleApplication.java:402)
Caused by: ptolemy.kernel.util.IllegalActionException: Found a zero delay loop containing .HierarchicalModel.A
  in .HierarchicalModel and .HierarchicalModel.A
	at ptolemy.actor.util.CausalityInterfaceForComposites._computeOutputPortDepth(CausalityInterfaceForComposites.java:759)
	at ptolemy.actor.util.CausalityInterfaceForComposites._computeInputDepth(CausalityInterfaceForComposites.java:696)
	at ptolemy.actor.util.CausalityInterfaceForComposites._computeOutputPortDepth(CausalityInterfaceForComposites.java:765)
	at ptolemy.actor.util.CausalityInterfaceForComposites._computeInputDepth(CausalityInterfaceForComposites.java:696)
	at ptolemy.actor.util.CausalityInterfaceForComposites._computeOutputPortDepth(CausalityInterfaceForComposites.java:765)
	at ptolemy.actor.util.CausalityInterfaceForComposites._computeInputDepth(CausalityInterfaceForComposites.java:696)
	at ptolemy.actor.util.CausalityInterfaceForComposites._computeActorDepth(CausalityInterfaceForComposites.java:532)
	at ptolemy.actor.util.CausalityInterfaceForComposites.checkForCycles(CausalityInterfaceForComposites.java:96)
	at ptolemy.domains.de.kernel.DEDirector.preinitialize(DEDirector.java:1338)
	at ptolemy.actor.CompositeActor.preinitialize(CompositeActor.java:1828)
	at ptolemy.actor.Manager.preinitializeAndResolveTypes(Manager.java:1040)
	at ptolemy.actor.Manager.initialize(Manager.java:710)
	at ptolemy.actor.Manager.execute(Manager.java:356)
	at ptolemy.actor.Manager.run(Manager.java:1263)
	at ptolemy.actor.Manager$PtolemyRunThread.run(Manager.java:1915)
java.lang.reflect.InvocationTargetException
	at sun.reflect.NativeConstructorAccessorImpl.newInstance0(Native Method)
	at sun.reflect.NativeConstructorAccessorImpl.newInstance(NativeConstructorAccessorImpl.java:62)
	at sun.reflect.DelegatingConstructorAccessorImpl.newInstance(DelegatingConstructorAccessorImpl.java:45)
	at java.lang.reflect.Constructor.newInstance(Constructor.java:423)
	at ptolemy.util.test.junit.AutoKnownFailedTests.RunModel(AutoKnownFailedTests.java:107)
	at sun.reflect.NativeMethodAccessorImpl.invoke0(Native Method)
	at sun.reflect.NativeMethodAccessorImpl.invoke(NativeMethodAccessorImpl.java:62)
	at sun.reflect.DelegatingMethodAccessorImpl.invoke(DelegatingMethodAccessorImpl.java:43)
	at java.lang.reflect.Method.invoke(Method.java:498)
	at org.junit.runners.model.FrameworkMethod$1.runReflectiveCall(FrameworkMethod.java:44)
	at org.junit.internal.runners.model.ReflectiveCallable.run(ReflectiveCallable.java:15)
	at org.junit.runners.model.FrameworkMethod.invokeExplosively(FrameworkMethod.java:41)
	at junitparams.internal.InvokeParameterisedMethod.evaluate(InvokeParameterisedMethod.java:102)
	at org.junit.internal.runners.statements.FailOnTimeout$1.run(FailOnTimeout.java:28)
Caused by: ptolemy.kernel.util.IllegalActionException: Found a zero delay loop containing .HierarchicalModel.A
  in .HierarchicalModel and .HierarchicalModel.A
	at ptolemy.actor.util.CausalityInterfaceForComposites._computeOutputPortDepth(CausalityInterfaceForComposites.java:759)
	at ptolemy.actor.util.CausalityInterfaceForComposites._computeInputDepth(CausalityInterfaceForComposites.java:696)
	at ptolemy.actor.util.CausalityInterfaceForComposites._computeOutputPortDepth(CausalityInterfaceForComposites.java:765)
	at ptolemy.actor.util.CausalityInterfaceForComposites._computeInputDepth(CausalityInterfaceForComposites.java:696)
	at ptolemy.actor.util.CausalityInterfaceForComposites._computeOutputPortDepth(CausalityInterfaceForComposites.java:765)
	at ptolemy.actor.util.CausalityInterfaceForComposites._computeInputDepth(CausalityInterfaceForComposites.java:696)
	at ptolemy.actor.util.CausalityInterfaceForComposites._computeActorDepth(CausalityInterfaceForComposites.java:532)
	at ptolemy.actor.util.CausalityInterfaceForComposites.checkForCycles(CausalityInterfaceForComposites.java:96)
	at ptolemy.domains.de.kernel.DEDirector.preinitialize(DEDirector.java:1338)
	at ptolemy.actor.CompositeActor.preinitialize(CompositeActor.java:1828)
	at ptolemy.actor.Manager.preinitializeAndResolveTypes(Manager.java:1040)
	at ptolemy.actor.Manager.initialize(Manager.java:710)
	at ptolemy.actor.Manager.execute(Manager.java:356)
	at ptolemy.actor.Manager.run(Manager.java:1263)
	at ptolemy.actor.Manager$PtolemyRunThread.run(Manager.java:1915)
java.lang.RuntimeException: Execution failed
	at ptolemy.moml.MoMLSimpleApplication$UnloadThread.run(MoMLSimpleApplication.java:402)
Caused by: ptolemy.kernel.util.IllegalActionException: Found a zero delay loop containing .dependencyLoop.original
  in .dependencyLoop and .dependencyLoop.original
	at ptolemy.actor.util.CausalityInterfaceForComposites._computeOutputPortDepth(CausalityInterfaceForComposites.java:759)
	at ptolemy.actor.util.CausalityInterfaceForComposites._computeInputDepth(CausalityInterfaceForComposites.java:696)
	at ptolemy.actor.util.CausalityInterfaceForComposites._computeOutputPortDepth(CausalityInterfaceForComposites.java:765)
	at ptolemy.actor.util.CausalityInterfaceForComposites._computeInputDepth(CausalityInterfaceForComposites.java:696)
	at ptolemy.actor.util.CausalityInterfaceForComposites._computeOutputPortDepth(CausalityInterfaceForComposites.java:765)
	at ptolemy.actor.util.CausalityInterfaceForComposites._computeInputDepth(CausalityInterfaceForComposites.java:696)
	at ptolemy.actor.util.CausalityInterfaceForComposites._computeActorDepth(CausalityInterfaceForComposites.java:532)
	at ptolemy.actor.util.CausalityInterfaceForComposites.checkForCycles(CausalityInterfaceForComposites.java:96)
	at ptolemy.domains.de.kernel.DEDirector.preinitialize(DEDirector.java:1338)
	at ptolemy.actor.CompositeActor.preinitialize(CompositeActor.java:1828)
	at ptolemy.actor.Manager.preinitializeAndResolveTypes(Manager.java:1040)
	at ptolemy.actor.Manager.initialize(Manager.java:710)
	at ptolemy.actor.Manager.execute(Manager.java:356)
	at ptolemy.actor.Manager.run(Manager.java:1263)
	at ptolemy.actor.Manager$PtolemyRunThread.run(Manager.java:1915)
java.lang.reflect.InvocationTargetException
	at sun.reflect.NativeConstructorAccessorImpl.newInstance0(Native Method)
	at sun.reflect.NativeConstructorAccessorImpl.newInstance(NativeConstructorAccessorImpl.java:62)
	at sun.reflect.DelegatingConstructorAccessorImpl.newInstance(DelegatingConstructorAccessorImpl.java:45)
	at java.lang.reflect.Constructor.newInstance(Constructor.java:423)
	at ptolemy.util.test.junit.AutoKnownFailedTests.RunModel(AutoKnownFailedTests.java:107)
	at sun.reflect.NativeMethodAccessorImpl.invoke0(Native Method)
	at sun.reflect.NativeMethodAccessorImpl.invoke(NativeMethodAccessorImpl.java:62)
	at sun.reflect.DelegatingMethodAccessorImpl.invoke(DelegatingMethodAccessorImpl.java:43)
	at java.lang.reflect.Method.invoke(Method.java:498)
	at org.junit.runners.model.FrameworkMethod$1.runReflectiveCall(FrameworkMethod.java:44)
	at org.junit.internal.runners.model.ReflectiveCallable.run(ReflectiveCallable.java:15)
	at org.junit.runners.model.FrameworkMethod.invokeExplosively(FrameworkMethod.java:41)
	at junitparams.internal.InvokeParameterisedMethod.evaluate(InvokeParameterisedMethod.java:102)
	at org.junit.internal.runners.statements.FailOnTimeout$1.run(FailOnTimeout.java:28)
Caused by: ptolemy.kernel.util.IllegalActionException: Found a zero delay loop containing .dependencyLoop.original
  in .dependencyLoop and .dependencyLoop.original
	at ptolemy.actor.util.CausalityInterfaceForComposites._computeOutputPortDepth(CausalityInterfaceForComposites.java:759)
	at ptolemy.actor.util.CausalityInterfaceForComposites._computeInputDepth(CausalityInterfaceForComposites.java:696)
	at ptolemy.actor.util.CausalityInterfaceForComposites._computeOutputPortDepth(CausalityInterfaceForComposites.java:765)
	at ptolemy.actor.util.CausalityInterfaceForComposites._computeInputDepth(CausalityInterfaceForComposites.java:696)
	at ptolemy.actor.util.CausalityInterfaceForComposites._computeOutputPortDepth(CausalityInterfaceForComposites.java:765)
	at ptolemy.actor.util.CausalityInterfaceForComposites._computeInputDepth(CausalityInterfaceForComposites.java:696)
	at ptolemy.actor.util.CausalityInterfaceForComposites._computeActorDepth(CausalityInterfaceForComposites.java:532)
	at ptolemy.actor.util.CausalityInterfaceForComposites.checkForCycles(CausalityInterfaceForComposites.java:96)
	at ptolemy.domains.de.kernel.DEDirector.preinitialize(DEDirector.java:1338)
	at ptolemy.actor.CompositeActor.preinitialize(CompositeActor.java:1828)
	at ptolemy.actor.Manager.preinitializeAndResolveTypes(Manager.java:1040)
	at ptolemy.actor.Manager.initialize(Manager.java:710)
	at ptolemy.actor.Manager.execute(Manager.java:356)
	at ptolemy.actor.Manager.run(Manager.java:1263)
	at ptolemy.actor.Manager$PtolemyRunThread.run(Manager.java:1915)
java.lang.RuntimeException: Execution failed
	at ptolemy.moml.MoMLSimpleApplication$UnloadThread.run(MoMLSimpleApplication.java:402)
Caused by: ptolemy.kernel.util.IllegalActionException: Found a zero delay loop containing .dependencyLoop2.original
  in .dependencyLoop2 and .dependencyLoop2.original
	at ptolemy.actor.util.CausalityInterfaceForComposites._computeOutputPortDepth(CausalityInterfaceForComposites.java:759)
	at ptolemy.actor.util.CausalityInterfaceForComposites._computeInputDepth(CausalityInterfaceForComposites.java:696)
	at ptolemy.actor.util.CausalityInterfaceForComposites._computeOutputPortDepth(CausalityInterfaceForComposites.java:765)
	at ptolemy.actor.util.CausalityInterfaceForComposites._computeInputDepth(CausalityInterfaceForComposites.java:696)
	at ptolemy.actor.util.CausalityInterfaceForComposites._computeOutputPortDepth(CausalityInterfaceForComposites.java:765)
	at ptolemy.actor.util.CausalityInterfaceForComposites._computeInputDepth(CausalityInterfaceForComposites.java:696)
	at ptolemy.actor.util.CausalityInterfaceForComposites._computeActorDepth(CausalityInterfaceForComposites.java:532)
	at ptolemy.actor.util.CausalityInterfaceForComposites.checkForCycles(CausalityInterfaceForComposites.java:96)
	at ptolemy.domains.de.kernel.DEDirector.preinitialize(DEDirector.java:1338)
	at ptolemy.actor.CompositeActor.preinitialize(CompositeActor.java:1828)
	at ptolemy.actor.Manager.preinitializeAndResolveTypes(Manager.java:1040)
	at ptolemy.actor.Manager.initialize(Manager.java:710)
	at ptolemy.actor.Manager.execute(Manager.java:356)
	at ptolemy.actor.Manager.run(Manager.java:1263)
	at ptolemy.actor.Manager$PtolemyRunThread.run(Manager.java:1915)
java.lang.reflect.InvocationTargetException
	at sun.reflect.NativeConstructorAccessorImpl.newInstance0(Native Method)
	at sun.reflect.NativeConstructorAccessorImpl.newInstance(NativeConstructorAccessorImpl.java:62)
	at sun.reflect.DelegatingConstructorAccessorImpl.newInstance(DelegatingConstructorAccessorImpl.java:45)
	at java.lang.reflect.Constructor.newInstance(Constructor.java:423)
	at ptolemy.util.test.junit.AutoKnownFailedTests.RunModel(AutoKnownFailedTests.java:107)
	at sun.reflect.NativeMethodAccessorImpl.invoke0(Native Method)
	at sun.reflect.NativeMethodAccessorImpl.invoke(NativeMethodAccessorImpl.java:62)
	at sun.reflect.DelegatingMethodAccessorImpl.invoke(DelegatingMethodAccessorImpl.java:43)
	at java.lang.reflect.Method.invoke(Method.java:498)
	at org.junit.runners.model.FrameworkMethod$1.runReflectiveCall(FrameworkMethod.java:44)
	at org.junit.internal.runners.model.ReflectiveCallable.run(ReflectiveCallable.java:15)
	at org.junit.runners.model.FrameworkMethod.invokeExplosively(FrameworkMethod.java:41)
	at junitparams.internal.InvokeParameterisedMethod.evaluate(InvokeParameterisedMethod.java:102)
	at org.junit.internal.runners.statements.FailOnTimeout$1.run(FailOnTimeout.java:28)
Caused by: ptolemy.kernel.util.IllegalActionException: Found a zero delay loop containing .dependencyLoop2.original
  in .dependencyLoop2 and .dependencyLoop2.original
	at ptolemy.actor.util.CausalityInterfaceForComposites._computeOutputPortDepth(CausalityInterfaceForComposites.java:759)
	at ptolemy.actor.util.CausalityInterfaceForComposites._computeInputDepth(CausalityInterfaceForComposites.java:696)
	at ptolemy.actor.util.CausalityInterfaceForComposites._computeOutputPortDepth(CausalityInterfaceForComposites.java:765)
	at ptolemy.actor.util.CausalityInterfaceForComposites._computeInputDepth(CausalityInterfaceForComposites.java:696)
	at ptolemy.actor.util.CausalityInterfaceForComposites._computeOutputPortDepth(CausalityInterfaceForComposites.java:765)
	at ptolemy.actor.util.CausalityInterfaceForComposites._computeInputDepth(CausalityInterfaceForComposites.java:696)
	at ptolemy.actor.util.CausalityInterfaceForComposites._computeActorDepth(CausalityInterfaceForComposites.java:532)
	at ptolemy.actor.util.CausalityInterfaceForComposites.checkForCycles(CausalityInterfaceForComposites.java:96)
	at ptolemy.domains.de.kernel.DEDirector.preinitialize(DEDirector.java:1338)
	at ptolemy.actor.CompositeActor.preinitialize(CompositeActor.java:1828)
	at ptolemy.actor.Manager.preinitializeAndResolveTypes(Manager.java:1040)
	at ptolemy.actor.Manager.initialize(Manager.java:710)
	at ptolemy.actor.Manager.execute(Manager.java:356)
	at ptolemy.actor.Manager.run(Manager.java:1263)
	at ptolemy.actor.Manager$PtolemyRunThread.run(Manager.java:1915)
]]></system-err>
</testsuite>
