<?xml version="1.0" encoding="UTF-8" ?>
<testsuite errors="0" failures="0" hostname="travis-job-e5441af2-a51c-4a61-a4c4-3969c378271c" name="ptolemy.domains.sdf.lib.test.junit.JUnitTclTest" skipped="0" tests="82" time="8.175" timestamp="2020-08-15T17:17:05">
  <properties>
[...]
</properties>
  <testcase classname="ptolemy.util.test.junit.TclTests" name="[0] /home/travis/build/icyphy/ptII/ptolemy/domains/sdf/lib/test/ArrayToSequence.tcl (RunTclFile)" time="0.569" />
  <testcase classname="ptolemy.util.test.junit.TclTests" name="[1] /home/travis/build/icyphy/ptII/ptolemy/domains/sdf/lib/test/BitsToInt.tcl (RunTclFile)" time="0.048" />
  <testcase classname="ptolemy.util.test.junit.TclTests" name="[2] /home/travis/build/icyphy/ptII/ptolemy/domains/sdf/lib/test/DelayLine.tcl (RunTclFile)" time="0.047" />
  <testcase classname="ptolemy.util.test.junit.TclTests" name="[3] /home/travis/build/icyphy/ptII/ptolemy/domains/sdf/lib/test/FFT.tcl (RunTclFile)" time="0.043" />
  <testcase classname="ptolemy.util.test.junit.TclTests" name="[4] /home/travis/build/icyphy/ptII/ptolemy/domains/sdf/lib/test/FIR.tcl (RunTclFile)" time="0.175" />
  <testcase classname="ptolemy.util.test.junit.TclTests" name="[5] /home/travis/build/icyphy/ptII/ptolemy/domains/sdf/lib/test/IntToBits.tcl (RunTclFile)" time="0.048" />
  <testcase classname="ptolemy.util.test.junit.TclTests" name="[6] /home/travis/build/icyphy/ptII/ptolemy/domains/sdf/lib/test/MaximumEntropySpectrum.tcl (RunTclFile)" time="0.327" />
  <testcase classname="ptolemy.util.test.junit.TclTests" name="[7] /home/travis/build/icyphy/ptII/ptolemy/domains/sdf/lib/test/Repeat.tcl (RunTclFile)" time="0.048" />
  <testcase classname="ptolemy.util.test.junit.TclTests" name="[8] /home/travis/build/icyphy/ptII/ptolemy/domains/sdf/lib/test/SampleDelay.tcl (RunTclFile)" time="0.108" />
  <testcase classname="ptolemy.util.test.junit.TclTests" name="[9] /home/travis/build/icyphy/ptII/ptolemy/domains/sdf/lib/test/SequenceToArray.tcl (RunTclFile)" time="0.075" />
  <testcase classname="ptolemy.util.test.junit.AutoKnownFailedTests" name="[0] ThereAreNoKnowFailedTests (RunModel)" time="0.004" />
  <testcase classname="ptolemy.util.test.junit.AutoNameArchTests" name="[0] ThereAreNoAutoArchTests (RunModel)" time="0.005" />
  <testcase classname="ptolemy.util.test.junit.AutoTests" name="[0] /home/travis/build/icyphy/ptII/ptolemy/domains/sdf/lib/test/auto/ArrayToSequence.xml (RunModel)" time="0.238" />
  <testcase classname="ptolemy.util.test.junit.AutoTests" name="[1] /home/travis/build/icyphy/ptII/ptolemy/domains/sdf/lib/test/auto/ArrayToSequenceTest.xml (RunModel)" time="0.061" />
  <testcase classname="ptolemy.util.test.junit.AutoTests" name="[2] /home/travis/build/icyphy/ptII/ptolemy/domains/sdf/lib/test/auto/Autocorrelation.xml (RunModel)" time="0.037" />
  <testcase classname="ptolemy.util.test.junit.AutoTests" name="[3] /home/travis/build/icyphy/ptII/ptolemy/domains/sdf/lib/test/auto/Autocorrelation2.xml (RunModel)" time="0.068" />
  <testcase classname="ptolemy.util.test.junit.AutoTests" name="[4] /home/travis/build/icyphy/ptII/ptolemy/domains/sdf/lib/test/auto/Autocorrelation3.xml (RunModel)" time="0.059" />
  <testcase classname="ptolemy.util.test.junit.AutoTests" name="[5] /home/travis/build/icyphy/ptII/ptolemy/domains/sdf/lib/test/auto/Autocorrelation4.xml (RunModel)" time="0.067" />
  <testcase classname="ptolemy.util.test.junit.AutoTests" name="[6] /home/travis/build/icyphy/ptII/ptolemy/domains/sdf/lib/test/auto/Autocorrelation5.xml (RunModel)" time="0.119" />
  <testcase classname="ptolemy.util.test.junit.AutoTests" name="[7] /home/travis/build/icyphy/ptII/ptolemy/domains/sdf/lib/test/auto/BitsToInt.xml (RunModel)" time="0.038" />
  <testcase classname="ptolemy.util.test.junit.AutoTests" name="[8] /home/travis/build/icyphy/ptII/ptolemy/domains/sdf/lib/test/auto/BooleanJoin.xml (RunModel)" time="0.051" />
  <testcase classname="ptolemy.util.test.junit.AutoTests" name="[9] /home/travis/build/icyphy/ptII/ptolemy/domains/sdf/lib/test/auto/BootstrapSampleDelay.xml (RunModel)" time="0.05" />
  <testcase classname="ptolemy.util.test.junit.AutoTests" name="[10] /home/travis/build/icyphy/ptII/ptolemy/domains/sdf/lib/test/auto/Chop.xml (RunModel)" time="0.037" />
  <testcase classname="ptolemy.util.test.junit.AutoTests" name="[11] /home/travis/build/icyphy/ptII/ptolemy/domains/sdf/lib/test/auto/Chop2.xml (RunModel)" time="0.05" />
  <testcase classname="ptolemy.util.test.junit.AutoTests" name="[12] /home/travis/build/icyphy/ptII/ptolemy/domains/sdf/lib/test/auto/ComplexJoin.xml (RunModel)" time="0.05" />
  <testcase classname="ptolemy.util.test.junit.AutoTests" name="[13] /home/travis/build/icyphy/ptII/ptolemy/domains/sdf/lib/test/auto/CountTrues.xml (RunModel)" time="0.033" />
  <testcase classname="ptolemy.util.test.junit.AutoTests" name="[14] /home/travis/build/icyphy/ptII/ptolemy/domains/sdf/lib/test/auto/DelayLine.xml (RunModel)" time="0.043" />
  <testcase classname="ptolemy.util.test.junit.AutoTests" name="[15] /home/travis/build/icyphy/ptII/ptolemy/domains/sdf/lib/test/auto/DotProduct.xml (RunModel)" time="0.03" />
  <testcase classname="ptolemy.util.test.junit.AutoTests" name="[16] /home/travis/build/icyphy/ptII/ptolemy/domains/sdf/lib/test/auto/DotProductMatrix.xml (RunModel)" time="0.019" />
  <testcase classname="ptolemy.util.test.junit.AutoTests" name="[17] /home/travis/build/icyphy/ptII/ptolemy/domains/sdf/lib/test/auto/DownSample1.xml (RunModel)" time="0.031" />
  <testcase classname="ptolemy.util.test.junit.AutoTests" name="[18] /home/travis/build/icyphy/ptII/ptolemy/domains/sdf/lib/test/auto/DynamicRateChange.xml (RunModel)" time="0.036" />
  <testcase classname="ptolemy.util.test.junit.AutoTests" name="[19] /home/travis/build/icyphy/ptII/ptolemy/domains/sdf/lib/test/auto/DynamicRates.xml (RunModel)" time="0.037" />
  <testcase classname="ptolemy.util.test.junit.AutoTests" name="[20] /home/travis/build/icyphy/ptII/ptolemy/domains/sdf/lib/test/auto/FFT1.xml (RunModel)" time="0.036" />
  <testcase classname="ptolemy.util.test.junit.AutoTests" name="[21] /home/travis/build/icyphy/ptII/ptolemy/domains/sdf/lib/test/auto/FIR1.xml (RunModel)" time="0.063" />
  <testcase classname="ptolemy.util.test.junit.AutoTests" name="[22] /home/travis/build/icyphy/ptII/ptolemy/domains/sdf/lib/test/auto/FIR2.xml (RunModel)" time="0.028" />
  <testcase classname="ptolemy.util.test.junit.AutoTests" name="[23] /home/travis/build/icyphy/ptII/ptolemy/domains/sdf/lib/test/auto/FIR4.xml (RunModel)" time="0.057" />
  <testcase classname="ptolemy.util.test.junit.AutoTests" name="[24] /home/travis/build/icyphy/ptII/ptolemy/domains/sdf/lib/test/auto/FixJoin.xml (RunModel)" time="0.065" />
  <testcase classname="ptolemy.util.test.junit.AutoTests" name="[25] /home/travis/build/icyphy/ptII/ptolemy/domains/sdf/lib/test/auto/IntJoin1.xml (RunModel)" time="0.024" />
  <testcase classname="ptolemy.util.test.junit.AutoTests" name="[26] /home/travis/build/icyphy/ptII/ptolemy/domains/sdf/lib/test/auto/IntJoin2.xml (RunModel)" time="0.022" />
  <testcase classname="ptolemy.util.test.junit.AutoTests" name="[27] /home/travis/build/icyphy/ptII/ptolemy/domains/sdf/lib/test/auto/IntJoin3.xml (RunModel)" time="0.022" />
  <testcase classname="ptolemy.util.test.junit.AutoTests" name="[28] /home/travis/build/icyphy/ptII/ptolemy/domains/sdf/lib/test/auto/IntJoin4.xml (RunModel)" time="0.022" />
  <testcase classname="ptolemy.util.test.junit.AutoTests" name="[29] /home/travis/build/icyphy/ptII/ptolemy/domains/sdf/lib/test/auto/IntJoin5.xml (RunModel)" time="0.022" />
  <testcase classname="ptolemy.util.test.junit.AutoTests" name="[30] /home/travis/build/icyphy/ptII/ptolemy/domains/sdf/lib/test/auto/IntToBits.xml (RunModel)" time="0.028" />
  <testcase classname="ptolemy.util.test.junit.AutoTests" name="[31] /home/travis/build/icyphy/ptII/ptolemy/domains/sdf/lib/test/auto/LMSAdaptive.xml (RunModel)" time="0.07" />
  <testcase classname="ptolemy.util.test.junit.AutoTests" name="[32] /home/travis/build/icyphy/ptII/ptolemy/domains/sdf/lib/test/auto/LMSAdaptiveFIR.xml (RunModel)" time="0.38" />
  <testcase classname="ptolemy.util.test.junit.AutoTests" name="[33] /home/travis/build/icyphy/ptII/ptolemy/domains/sdf/lib/test/auto/LMSAdaptiveFIR2.xml (RunModel)" time="0.394" />
  <testcase classname="ptolemy.util.test.junit.AutoTests" name="[34] /home/travis/build/icyphy/ptII/ptolemy/domains/sdf/lib/test/auto/LongJoin.xml (RunModel)" time="0.044" />
  <testcase classname="ptolemy.util.test.junit.AutoTests" name="[35] /home/travis/build/icyphy/ptII/ptolemy/domains/sdf/lib/test/auto/Matrix1.xml (RunModel)" time="0.023" />
  <testcase classname="ptolemy.util.test.junit.AutoTests" name="[36] /home/travis/build/icyphy/ptII/ptolemy/domains/sdf/lib/test/auto/Matrix2.xml (RunModel)" time="0.023" />
  <testcase classname="ptolemy.util.test.junit.AutoTests" name="[37] /home/travis/build/icyphy/ptII/ptolemy/domains/sdf/lib/test/auto/MatrixJoin1.xml (RunModel)" time="0.025" />
  <testcase classname="ptolemy.util.test.junit.AutoTests" name="[38] /home/travis/build/icyphy/ptII/ptolemy/domains/sdf/lib/test/auto/MatrixJoin2.xml (RunModel)" time="0.026" />
  <testcase classname="ptolemy.util.test.junit.AutoTests" name="[39] /home/travis/build/icyphy/ptII/ptolemy/domains/sdf/lib/test/auto/MatrixJoin3.xml (RunModel)" time="0.024" />
  <testcase classname="ptolemy.util.test.junit.AutoTests" name="[40] /home/travis/build/icyphy/ptII/ptolemy/domains/sdf/lib/test/auto/MatrixJoin4.xml (RunModel)" time="0.017" />
  <testcase classname="ptolemy.util.test.junit.AutoTests" name="[41] /home/travis/build/icyphy/ptII/ptolemy/domains/sdf/lib/test/auto/MatrixJoin5.xml (RunModel)" time="0.016" />
  <testcase classname="ptolemy.util.test.junit.AutoTests" name="[42] /home/travis/build/icyphy/ptII/ptolemy/domains/sdf/lib/test/auto/MatrixSplit1.xml (RunModel)" time="0.023" />
  <testcase classname="ptolemy.util.test.junit.AutoTests" name="[43] /home/travis/build/icyphy/ptII/ptolemy/domains/sdf/lib/test/auto/MatrixSplit10.xml (RunModel)" time="0.017" />
  <testcase classname="ptolemy.util.test.junit.AutoTests" name="[44] /home/travis/build/icyphy/ptII/ptolemy/domains/sdf/lib/test/auto/MatrixSplit11.xml (RunModel)" time="0.033" />
  <testcase classname="ptolemy.util.test.junit.AutoTests" name="[45] /home/travis/build/icyphy/ptII/ptolemy/domains/sdf/lib/test/auto/MatrixSplit12.xml (RunModel)" time="0.028" />
  <testcase classname="ptolemy.util.test.junit.AutoTests" name="[46] /home/travis/build/icyphy/ptII/ptolemy/domains/sdf/lib/test/auto/MatrixSplit13.xml (RunModel)" time="0.035" />
  <testcase classname="ptolemy.util.test.junit.AutoTests" name="[47] /home/travis/build/icyphy/ptII/ptolemy/domains/sdf/lib/test/auto/MatrixSplit14.xml (RunModel)" time="0.018" />
  <testcase classname="ptolemy.util.test.junit.AutoTests" name="[48] /home/travis/build/icyphy/ptII/ptolemy/domains/sdf/lib/test/auto/MatrixSplit2.xml (RunModel)" time="0.014" />
  <testcase classname="ptolemy.util.test.junit.AutoTests" name="[49] /home/travis/build/icyphy/ptII/ptolemy/domains/sdf/lib/test/auto/MatrixSplit3.xml (RunModel)" time="0.015" />
  <testcase classname="ptolemy.util.test.junit.AutoTests" name="[50] /home/travis/build/icyphy/ptII/ptolemy/domains/sdf/lib/test/auto/MatrixSplit4.xml (RunModel)" time="0.015" />
  <testcase classname="ptolemy.util.test.junit.AutoTests" name="[51] /home/travis/build/icyphy/ptII/ptolemy/domains/sdf/lib/test/auto/MatrixSplit5.xml (RunModel)" time="0.024" />
  <testcase classname="ptolemy.util.test.junit.AutoTests" name="[52] /home/travis/build/icyphy/ptII/ptolemy/domains/sdf/lib/test/auto/MatrixSplit6.xml (RunModel)" time="0.014" />
  <testcase classname="ptolemy.util.test.junit.AutoTests" name="[53] /home/travis/build/icyphy/ptII/ptolemy/domains/sdf/lib/test/auto/MatrixSplit7.xml (RunModel)" time="0.017" />
  <testcase classname="ptolemy.util.test.junit.AutoTests" name="[54] /home/travis/build/icyphy/ptII/ptolemy/domains/sdf/lib/test/auto/MatrixSplit8.xml (RunModel)" time="0.014" />
  <testcase classname="ptolemy.util.test.junit.AutoTests" name="[55] /home/travis/build/icyphy/ptII/ptolemy/domains/sdf/lib/test/auto/MatrixSplit9.xml (RunModel)" time="0.029" />
  <testcase classname="ptolemy.util.test.junit.AutoTests" name="[56] /home/travis/build/icyphy/ptII/ptolemy/domains/sdf/lib/test/auto/MatrixToSequence.xml (RunModel)" time="0.04" />
  <testcase classname="ptolemy.util.test.junit.AutoTests" name="[57] /home/travis/build/icyphy/ptII/ptolemy/domains/sdf/lib/test/auto/MaximumEntropySpectrum.xml (RunModel)" time="0.105" />
  <testcase classname="ptolemy.util.test.junit.AutoTests" name="[58] /home/travis/build/icyphy/ptII/ptolemy/domains/sdf/lib/test/auto/SampleDelayConversion.xml (RunModel)" time="0.017" />
  <testcase classname="ptolemy.util.test.junit.AutoTests" name="[59] /home/travis/build/icyphy/ptII/ptolemy/domains/sdf/lib/test/auto/SequenceToArray.xml (RunModel)" time="0.041" />
  <testcase classname="ptolemy.util.test.junit.AutoTests" name="[60] /home/travis/build/icyphy/ptII/ptolemy/domains/sdf/lib/test/auto/SequenceToMatrix.xml (RunModel)" time="2.672" />
  <testcase classname="ptolemy.util.test.junit.AutoTests" name="[61] /home/travis/build/icyphy/ptII/ptolemy/domains/sdf/lib/test/auto/SmoothedPeriodogram.xml (RunModel)" time="0.073" />
  <testcase classname="ptolemy.util.test.junit.AutoTests" name="[62] /home/travis/build/icyphy/ptII/ptolemy/domains/sdf/lib/test/auto/UpDownSample1.xml (RunModel)" time="0.021" />
  <testcase classname="ptolemy.util.test.junit.AutoTests" name="[63] /home/travis/build/icyphy/ptII/ptolemy/domains/sdf/lib/test/auto/UpSample1.xml (RunModel)" time="0.017" />
  <testcase classname="ptolemy.util.test.junit.AutoTests" name="[64] /home/travis/build/icyphy/ptII/ptolemy/domains/sdf/lib/test/auto/VariableFIR.xml (RunModel)" time="0.023" />
  <testcase classname="ptolemy.util.test.junit.AutoTests" name="[65] /home/travis/build/icyphy/ptII/ptolemy/domains/sdf/lib/test/auto/VariableFIR2.xml (RunModel)" time="0.024" />
  <testcase classname="ptolemy.util.test.junit.AutoTests" name="[66] /home/travis/build/icyphy/ptII/ptolemy/domains/sdf/lib/test/auto/VariableLattice.xml (RunModel)" time="0.033" />
  <testcase classname="ptolemy.util.test.junit.AutoTests" name="[67] /home/travis/build/icyphy/ptII/ptolemy/domains/sdf/lib/test/auto/VariableLattice2.xml (RunModel)" time="0.022" />
  <testcase classname="ptolemy.util.test.junit.AutoTests" name="[68] /home/travis/build/icyphy/ptII/ptolemy/domains/sdf/lib/test/auto/VariableRecursiveLattice.xml (RunModel)" time="0.017" />
  <testcase classname="ptolemy.util.test.junit.AutoTests" name="[69] /home/travis/build/icyphy/ptII/ptolemy/domains/sdf/lib/test/auto/VariableRecursiveLattice2.xml (RunModel)" time="0.016" />
  <system-out><![CDATA[/home/travis/build/icyphy/ptII/ptolemy/domains/sdf/lib/test/ArrayToSequence.tcl
testDefs.tcl: setting time out to 9000 seconds at Sat Aug 15 17:17:05 UTC 2020
73 ms. Memory: 129024K Free: 94152K (73%)
11 ms. Memory: 129024K Free: 92104K (71%)
32 ms. Memory: 129024K Free: 90056K (70%)
13 ms. Memory: 129024K Free: 88518K (69%)
/home/travis/build/icyphy/ptII/ptolemy/domains/sdf/lib/test/BitsToInt.tcl
11 ms. Memory: 129024K Free: 86984K (67%)
15 ms. Memory: 129024K Free: 84936K (66%)
/home/travis/build/icyphy/ptII/ptolemy/domains/sdf/lib/test/DelayLine.tcl
10 ms. Memory: 129024K Free: 83383K (65%)
/home/travis/build/icyphy/ptII/ptolemy/domains/sdf/lib/test/FFT.tcl
16 ms. Memory: 129024K Free: 81350K (63%)
/home/travis/build/icyphy/ptII/ptolemy/domains/sdf/lib/test/FIR.tcl
23 ms. Memory: 129024K Free: 79816K (62%)
83 ms. Memory: 129024K Free: 75720K (59%)
ptolemy.kernel.util.IllegalActionException: multiplyReverse method not supported between ptolemy.data.FixToken 'fix(-0.0625,6,2)' and ptolemy.data.IntToken '1' because the types are incomparable.
  in .top.FIRclone
Because:
multiplyReverse method not supported between ptolemy.data.FixToken 'fix(-0.0625,6,2)' and ptolemy.data.IntToken '1' because the types are incomparable.
19 ms. Memory: 129024K Free: 73158K (57%)
/home/travis/build/icyphy/ptII/ptolemy/domains/sdf/lib/test/IntToBits.tcl
6 ms. Memory: 129024K Free: 71624K (56%)
16 ms. Memory: 129024K Free: 70086K (54%)
/home/travis/build/icyphy/ptII/ptolemy/domains/sdf/lib/test/MaximumEntropySpectrum.tcl
/home/travis/build/icyphy/ptII/ptolemy/domains/sdf/lib/test/Repeat.tcl
28 ms. Memory: 129024K Free: 48567K (38%)
/home/travis/build/icyphy/ptII/ptolemy/domains/sdf/lib/test/SampleDelay.tcl
6 ms. Memory: 129024K Free: 112930K (88%)
7 ms. Memory: 129024K Free: 111906K (87%)
13 ms. Memory: 129024K Free: 110882K (86%)
4 ms. Memory: 129024K Free: 110372K (86%)
3 ms. Memory: 129024K Free: 109844K (85%)
2 ms. Memory: 129024K Free: 109348K (85%)
/home/travis/build/icyphy/ptII/ptolemy/domains/sdf/lib/test/SequenceToArray.tcl
6 ms. Memory: 129024K Free: 107300K (83%)
17 ms. Memory: 129024K Free: 106276K (82%)
12 ms. Memory: 129024K Free: 104738K (81%)
12 ms. Memory: 129024K Free: 103684K (80%)
08/15/20 05:17:06
Failed: 0  Total Tests: 41  ((Passed: 41, Newly Passed: 0)  Known Failed: 0) /home/travis/build/icyphy/ptII/ptolemy/domains/sdf/lib/test
No auto/knownFailedTests/*.xml tests in /home/travis/build/icyphy/ptII/ptolemy/domains/sdf/lib/test
No auto/linux-amd64/*.xml tests in /home/travis/build/icyphy/ptII/ptolemy/domains/sdf/lib/test
AutoTests.java: About to close Vertx.
AutoTests.java: Vertx closed.

===========================================================================================
----------------- testing Sat Aug 15 17:17:07 UTC 2020 /home/travis/build/icyphy/ptII/ptolemy/domains/sdf/lib/test/auto/ArrayToSequence.xml
----------------- Instantiating /home/travis/build/icyphy/ptII/ptolemy/domains/sdf/lib/test/auto/ArrayToSequence.xml
46 ms. Memory: 129024K Free: 93186K (72%)
----------------- Invoking toplevel() on ptolemy.moml.MoMLSimpleApplication@6d810e6d
----------------- Done invoking toplevel() on ptolemy.moml.MoMLSimpleApplication@6d810e6d
reloadAllAccessors: .ArrayToSequence

===========================================================================================
----------------- testing Sat Aug 15 17:17:07 UTC 2020 /home/travis/build/icyphy/ptII/ptolemy/domains/sdf/lib/test/auto/ArrayToSequenceTest.xml
----------------- Instantiating /home/travis/build/icyphy/ptII/ptolemy/domains/sdf/lib/test/auto/ArrayToSequenceTest.xml
15 ms. Memory: 129024K Free: 86812K (67%)
----------------- Invoking toplevel() on ptolemy.moml.MoMLSimpleApplication@f8207ee
----------------- Done invoking toplevel() on ptolemy.moml.MoMLSimpleApplication@f8207ee
reloadAllAccessors: .ArrayToSequenceTest

===========================================================================================
----------------- testing Sat Aug 15 17:17:07 UTC 2020 /home/travis/build/icyphy/ptII/ptolemy/domains/sdf/lib/test/auto/Autocorrelation.xml
----------------- Instantiating /home/travis/build/icyphy/ptII/ptolemy/domains/sdf/lib/test/auto/Autocorrelation.xml
5 ms. Memory: 129024K Free: 112305K (87%)
----------------- Invoking toplevel() on ptolemy.moml.MoMLSimpleApplication@3a4abea2
----------------- Done invoking toplevel() on ptolemy.moml.MoMLSimpleApplication@3a4abea2
reloadAllAccessors: .Autocorrelation

===========================================================================================
----------------- testing Sat Aug 15 17:17:07 UTC 2020 /home/travis/build/icyphy/ptII/ptolemy/domains/sdf/lib/test/auto/Autocorrelation2.xml
----------------- Instantiating /home/travis/build/icyphy/ptII/ptolemy/domains/sdf/lib/test/auto/Autocorrelation2.xml
4 ms. Memory: 129024K Free: 107588K (83%)
----------------- Invoking toplevel() on ptolemy.moml.MoMLSimpleApplication@446bd113
----------------- Done invoking toplevel() on ptolemy.moml.MoMLSimpleApplication@446bd113
reloadAllAccessors: .Autocorrelation2

===========================================================================================
----------------- testing Sat Aug 15 17:17:07 UTC 2020 /home/travis/build/icyphy/ptII/ptolemy/domains/sdf/lib/test/auto/Autocorrelation3.xml
----------------- Instantiating /home/travis/build/icyphy/ptII/ptolemy/domains/sdf/lib/test/auto/Autocorrelation3.xml
9 ms. Memory: 129024K Free: 103826K (80%)
----------------- Invoking toplevel() on ptolemy.moml.MoMLSimpleApplication@15db155a
----------------- Done invoking toplevel() on ptolemy.moml.MoMLSimpleApplication@15db155a
reloadAllAccessors: .Autocorrelation3

===========================================================================================
----------------- testing Sat Aug 15 17:17:07 UTC 2020 /home/travis/build/icyphy/ptII/ptolemy/domains/sdf/lib/test/auto/Autocorrelation4.xml
----------------- Instantiating /home/travis/build/icyphy/ptII/ptolemy/domains/sdf/lib/test/auto/Autocorrelation4.xml
16 ms. Memory: 129024K Free: 99126K (77%)
----------------- Invoking toplevel() on ptolemy.moml.MoMLSimpleApplication@5a38f40
----------------- Done invoking toplevel() on ptolemy.moml.MoMLSimpleApplication@5a38f40
reloadAllAccessors: .Autocorrelation4

===========================================================================================
----------------- testing Sat Aug 15 17:17:07 UTC 2020 /home/travis/build/icyphy/ptII/ptolemy/domains/sdf/lib/test/auto/Autocorrelation5.xml
----------------- Instantiating /home/travis/build/icyphy/ptII/ptolemy/domains/sdf/lib/test/auto/Autocorrelation5.xml
51 ms. Memory: 129024K Free: 92569K (72%)
----------------- Invoking toplevel() on ptolemy.moml.MoMLSimpleApplication@93a2a01
----------------- Done invoking toplevel() on ptolemy.moml.MoMLSimpleApplication@93a2a01
reloadAllAccessors: .Autocorrelation5

===========================================================================================
----------------- testing Sat Aug 15 17:17:07 UTC 2020 /home/travis/build/icyphy/ptII/ptolemy/domains/sdf/lib/test/auto/BitsToInt.xml
----------------- Instantiating /home/travis/build/icyphy/ptII/ptolemy/domains/sdf/lib/test/auto/BitsToInt.xml
4 ms. Memory: 129024K Free: 89203K (69%)
----------------- Invoking toplevel() on ptolemy.moml.MoMLSimpleApplication@871167b
----------------- Done invoking toplevel() on ptolemy.moml.MoMLSimpleApplication@871167b
reloadAllAccessors: .BitsToInt

===========================================================================================
----------------- testing Sat Aug 15 17:17:07 UTC 2020 /home/travis/build/icyphy/ptII/ptolemy/domains/sdf/lib/test/auto/BooleanJoin.xml
----------------- Instantiating /home/travis/build/icyphy/ptII/ptolemy/domains/sdf/lib/test/auto/BooleanJoin.xml
9 ms. Memory: 129024K Free: 85082K (66%)
----------------- Invoking toplevel() on ptolemy.moml.MoMLSimpleApplication@6c0f7cc1
----------------- Done invoking toplevel() on ptolemy.moml.MoMLSimpleApplication@6c0f7cc1
reloadAllAccessors: .BooleanJoin

===========================================================================================
----------------- testing Sat Aug 15 17:17:07 UTC 2020 /home/travis/build/icyphy/ptII/ptolemy/domains/sdf/lib/test/auto/BootstrapSampleDelay.xml
----------------- Instantiating /home/travis/build/icyphy/ptII/ptolemy/domains/sdf/lib/test/auto/BootstrapSampleDelay.xml
9 ms. Memory: 129024K Free: 81305K (63%)
----------------- Invoking toplevel() on ptolemy.moml.MoMLSimpleApplication@31a1acc0
----------------- Done invoking toplevel() on ptolemy.moml.MoMLSimpleApplication@31a1acc0
reloadAllAccessors: .BootstrapSampleDelay

===========================================================================================
----------------- testing Sat Aug 15 17:17:07 UTC 2020 /home/travis/build/icyphy/ptII/ptolemy/domains/sdf/lib/test/auto/Chop.xml
----------------- Instantiating /home/travis/build/icyphy/ptII/ptolemy/domains/sdf/lib/test/auto/Chop.xml
7 ms. Memory: 129024K Free: 73546K (57%)
----------------- Invoking toplevel() on ptolemy.moml.MoMLSimpleApplication@7e560fdf
----------------- Done invoking toplevel() on ptolemy.moml.MoMLSimpleApplication@7e560fdf
reloadAllAccessors: .Chop

===========================================================================================
----------------- testing Sat Aug 15 17:17:07 UTC 2020 /home/travis/build/icyphy/ptII/ptolemy/domains/sdf/lib/test/auto/Chop2.xml
----------------- Instantiating /home/travis/build/icyphy/ptII/ptolemy/domains/sdf/lib/test/auto/Chop2.xml
12 ms. Memory: 129024K Free: 107827K (84%)
----------------- Invoking toplevel() on ptolemy.moml.MoMLSimpleApplication@59c1b686
----------------- Done invoking toplevel() on ptolemy.moml.MoMLSimpleApplication@59c1b686
reloadAllAccessors: .Chop2

===========================================================================================
----------------- testing Sat Aug 15 17:17:08 UTC 2020 /home/travis/build/icyphy/ptII/ptolemy/domains/sdf/lib/test/auto/ComplexJoin.xml
----------------- Instantiating /home/travis/build/icyphy/ptII/ptolemy/domains/sdf/lib/test/auto/ComplexJoin.xml
8 ms. Memory: 129024K Free: 102852K (80%)
----------------- Invoking toplevel() on ptolemy.moml.MoMLSimpleApplication@48b25330
----------------- Done invoking toplevel() on ptolemy.moml.MoMLSimpleApplication@48b25330
reloadAllAccessors: .ComplexJoin

===========================================================================================
----------------- testing Sat Aug 15 17:17:08 UTC 2020 /home/travis/build/icyphy/ptII/ptolemy/domains/sdf/lib/test/auto/CountTrues.xml
----------------- Instantiating /home/travis/build/icyphy/ptII/ptolemy/domains/sdf/lib/test/auto/CountTrues.xml
6 ms. Memory: 129024K Free: 100139K (78%)
----------------- Invoking toplevel() on ptolemy.moml.MoMLSimpleApplication@64217f42
----------------- Done invoking toplevel() on ptolemy.moml.MoMLSimpleApplication@64217f42
reloadAllAccessors: .CountTrues

===========================================================================================
----------------- testing Sat Aug 15 17:17:08 UTC 2020 /home/travis/build/icyphy/ptII/ptolemy/domains/sdf/lib/test/auto/DelayLine.xml
----------------- Instantiating /home/travis/build/icyphy/ptII/ptolemy/domains/sdf/lib/test/auto/DelayLine.xml
8 ms. Memory: 129024K Free: 94630K (73%)
----------------- Invoking toplevel() on ptolemy.moml.MoMLSimpleApplication@70716ac
----------------- Done invoking toplevel() on ptolemy.moml.MoMLSimpleApplication@70716ac
reloadAllAccessors: .DelayLine

===========================================================================================
----------------- testing Sat Aug 15 17:17:08 UTC 2020 /home/travis/build/icyphy/ptII/ptolemy/domains/sdf/lib/test/auto/DotProduct.xml
----------------- Instantiating /home/travis/build/icyphy/ptII/ptolemy/domains/sdf/lib/test/auto/DotProduct.xml
4 ms. Memory: 129024K Free: 91574K (71%)
----------------- Invoking toplevel() on ptolemy.moml.MoMLSimpleApplication@687193e5
----------------- Done invoking toplevel() on ptolemy.moml.MoMLSimpleApplication@687193e5
reloadAllAccessors: .DotProduct

===========================================================================================
----------------- testing Sat Aug 15 17:17:08 UTC 2020 /home/travis/build/icyphy/ptII/ptolemy/domains/sdf/lib/test/auto/DotProductMatrix.xml
----------------- Instantiating /home/travis/build/icyphy/ptII/ptolemy/domains/sdf/lib/test/auto/DotProductMatrix.xml
5 ms. Memory: 129024K Free: 88272K (68%)
----------------- Invoking toplevel() on ptolemy.moml.MoMLSimpleApplication@71d76278
----------------- Done invoking toplevel() on ptolemy.moml.MoMLSimpleApplication@71d76278
reloadAllAccessors: .DotProductMatrix

===========================================================================================
----------------- testing Sat Aug 15 17:17:08 UTC 2020 /home/travis/build/icyphy/ptII/ptolemy/domains/sdf/lib/test/auto/DownSample1.xml
----------------- Instantiating /home/travis/build/icyphy/ptII/ptolemy/domains/sdf/lib/test/auto/DownSample1.xml
5 ms. Memory: 129024K Free: 85404K (66%)
----------------- Invoking toplevel() on ptolemy.moml.MoMLSimpleApplication@13d9030d
----------------- Done invoking toplevel() on ptolemy.moml.MoMLSimpleApplication@13d9030d
reloadAllAccessors: .DownSample1

===========================================================================================
----------------- testing Sat Aug 15 17:17:08 UTC 2020 /home/travis/build/icyphy/ptII/ptolemy/domains/sdf/lib/test/auto/DynamicRateChange.xml
----------------- Instantiating /home/travis/build/icyphy/ptII/ptolemy/domains/sdf/lib/test/auto/DynamicRateChange.xml
12 ms. Memory: 129024K Free: 79689K (62%)
----------------- Invoking toplevel() on ptolemy.moml.MoMLSimpleApplication@bcedbc3
----------------- Done invoking toplevel() on ptolemy.moml.MoMLSimpleApplication@bcedbc3
reloadAllAccessors: .DynamicRateChange

===========================================================================================
----------------- testing Sat Aug 15 17:17:08 UTC 2020 /home/travis/build/icyphy/ptII/ptolemy/domains/sdf/lib/test/auto/DynamicRates.xml
----------------- Instantiating /home/travis/build/icyphy/ptII/ptolemy/domains/sdf/lib/test/auto/DynamicRates.xml
11 ms. Memory: 129024K Free: 74576K (58%)
----------------- Invoking toplevel() on ptolemy.moml.MoMLSimpleApplication@39c6b813
----------------- Done invoking toplevel() on ptolemy.moml.MoMLSimpleApplication@39c6b813
reloadAllAccessors: .DynamicRates

===========================================================================================
----------------- testing Sat Aug 15 17:17:08 UTC 2020 /home/travis/build/icyphy/ptII/ptolemy/domains/sdf/lib/test/auto/FFT1.xml
----------------- Instantiating /home/travis/build/icyphy/ptII/ptolemy/domains/sdf/lib/test/auto/FFT1.xml
10 ms. Memory: 129024K Free: 70067K (54%)
----------------- Invoking toplevel() on ptolemy.moml.MoMLSimpleApplication@c1b37c7
----------------- Done invoking toplevel() on ptolemy.moml.MoMLSimpleApplication@c1b37c7
reloadAllAccessors: .FFT1

===========================================================================================
----------------- testing Sat Aug 15 17:17:08 UTC 2020 /home/travis/build/icyphy/ptII/ptolemy/domains/sdf/lib/test/auto/FIR1.xml
----------------- Instantiating /home/travis/build/icyphy/ptII/ptolemy/domains/sdf/lib/test/auto/FIR1.xml
23 ms. Memory: 129024K Free: 63311K (49%)
----------------- Invoking toplevel() on ptolemy.moml.MoMLSimpleApplication@2eb69abe
----------------- Done invoking toplevel() on ptolemy.moml.MoMLSimpleApplication@2eb69abe
reloadAllAccessors: .FIR1

===========================================================================================
----------------- testing Sat Aug 15 17:17:08 UTC 2020 /home/travis/build/icyphy/ptII/ptolemy/domains/sdf/lib/test/auto/FIR2.xml
----------------- Instantiating /home/travis/build/icyphy/ptII/ptolemy/domains/sdf/lib/test/auto/FIR2.xml
2 ms. Memory: 129024K Free: 59600K (46%)
----------------- Invoking toplevel() on ptolemy.moml.MoMLSimpleApplication@11f57068
----------------- Done invoking toplevel() on ptolemy.moml.MoMLSimpleApplication@11f57068
reloadAllAccessors: .FIR2

===========================================================================================
----------------- testing Sat Aug 15 17:17:08 UTC 2020 /home/travis/build/icyphy/ptII/ptolemy/domains/sdf/lib/test/auto/FIR4.xml
----------------- Instantiating /home/travis/build/icyphy/ptII/ptolemy/domains/sdf/lib/test/auto/FIR4.xml
7 ms. Memory: 155648K Free: 136411K (88%)
----------------- Invoking toplevel() on ptolemy.moml.MoMLSimpleApplication@b4e5ada
----------------- Done invoking toplevel() on ptolemy.moml.MoMLSimpleApplication@b4e5ada
reloadAllAccessors: .FIR4

===========================================================================================
----------------- testing Sat Aug 15 17:17:08 UTC 2020 /home/travis/build/icyphy/ptII/ptolemy/domains/sdf/lib/test/auto/FixJoin.xml
----------------- Instantiating /home/travis/build/icyphy/ptII/ptolemy/domains/sdf/lib/test/auto/FixJoin.xml
9 ms. Memory: 155648K Free: 131308K (84%)
----------------- Invoking toplevel() on ptolemy.moml.MoMLSimpleApplication@72c2563a
----------------- Done invoking toplevel() on ptolemy.moml.MoMLSimpleApplication@72c2563a
reloadAllAccessors: .FixJoin

===========================================================================================
----------------- testing Sat Aug 15 17:17:08 UTC 2020 /home/travis/build/icyphy/ptII/ptolemy/domains/sdf/lib/test/auto/IntJoin1.xml
----------------- Instantiating /home/travis/build/icyphy/ptII/ptolemy/domains/sdf/lib/test/auto/IntJoin1.xml
3 ms. Memory: 155648K Free: 127220K (82%)
----------------- Invoking toplevel() on ptolemy.moml.MoMLSimpleApplication@6baa16be
----------------- Done invoking toplevel() on ptolemy.moml.MoMLSimpleApplication@6baa16be
reloadAllAccessors: .IntJoin1

===========================================================================================
----------------- testing Sat Aug 15 17:17:08 UTC 2020 /home/travis/build/icyphy/ptII/ptolemy/domains/sdf/lib/test/auto/IntJoin2.xml
----------------- Instantiating /home/travis/build/icyphy/ptII/ptolemy/domains/sdf/lib/test/auto/IntJoin2.xml
3 ms. Memory: 155648K Free: 122583K (79%)
----------------- Invoking toplevel() on ptolemy.moml.MoMLSimpleApplication@77eac668
----------------- Done invoking toplevel() on ptolemy.moml.MoMLSimpleApplication@77eac668
reloadAllAccessors: .IntJoin2

===========================================================================================
----------------- testing Sat Aug 15 17:17:08 UTC 2020 /home/travis/build/icyphy/ptII/ptolemy/domains/sdf/lib/test/auto/IntJoin3.xml
----------------- Instantiating /home/travis/build/icyphy/ptII/ptolemy/domains/sdf/lib/test/auto/IntJoin3.xml
3 ms. Memory: 155648K Free: 118471K (76%)
----------------- Invoking toplevel() on ptolemy.moml.MoMLSimpleApplication@6562e2f0
----------------- Done invoking toplevel() on ptolemy.moml.MoMLSimpleApplication@6562e2f0
reloadAllAccessors: .IntJoin3

===========================================================================================
----------------- testing Sat Aug 15 17:17:08 UTC 2020 /home/travis/build/icyphy/ptII/ptolemy/domains/sdf/lib/test/auto/IntJoin4.xml
----------------- Instantiating /home/travis/build/icyphy/ptII/ptolemy/domains/sdf/lib/test/auto/IntJoin4.xml
2 ms. Memory: 155648K Free: 113908K (73%)
----------------- Invoking toplevel() on ptolemy.moml.MoMLSimpleApplication@5dc88349
----------------- Done invoking toplevel() on ptolemy.moml.MoMLSimpleApplication@5dc88349
reloadAllAccessors: .IntJoin4

===========================================================================================
----------------- testing Sat Aug 15 17:17:08 UTC 2020 /home/travis/build/icyphy/ptII/ptolemy/domains/sdf/lib/test/auto/IntJoin5.xml
----------------- Instantiating /home/travis/build/icyphy/ptII/ptolemy/domains/sdf/lib/test/auto/IntJoin5.xml
3 ms. Memory: 155648K Free: 109826K (71%)
----------------- Invoking toplevel() on ptolemy.moml.MoMLSimpleApplication@5430dda2
----------------- Done invoking toplevel() on ptolemy.moml.MoMLSimpleApplication@5430dda2
reloadAllAccessors: .IntJoin5

===========================================================================================
----------------- testing Sat Aug 15 17:17:08 UTC 2020 /home/travis/build/icyphy/ptII/ptolemy/domains/sdf/lib/test/auto/IntToBits.xml
----------------- Instantiating /home/travis/build/icyphy/ptII/ptolemy/domains/sdf/lib/test/auto/IntToBits.xml
3 ms. Memory: 155648K Free: 106199K (68%)
----------------- Invoking toplevel() on ptolemy.moml.MoMLSimpleApplication@1e36ff90
----------------- Done invoking toplevel() on ptolemy.moml.MoMLSimpleApplication@1e36ff90
reloadAllAccessors: .IntToBits

===========================================================================================
----------------- testing Sat Aug 15 17:17:08 UTC 2020 /home/travis/build/icyphy/ptII/ptolemy/domains/sdf/lib/test/auto/LMSAdaptive.xml
----------------- Instantiating /home/travis/build/icyphy/ptII/ptolemy/domains/sdf/lib/test/auto/LMSAdaptive.xml
7 ms. Memory: 155648K Free: 98014K (63%)
----------------- Invoking toplevel() on ptolemy.moml.MoMLSimpleApplication@6ba50725
----------------- Done invoking toplevel() on ptolemy.moml.MoMLSimpleApplication@6ba50725
reloadAllAccessors: .LMSAdaptive

===========================================================================================
----------------- testing Sat Aug 15 17:17:08 UTC 2020 /home/travis/build/icyphy/ptII/ptolemy/domains/sdf/lib/test/auto/LMSAdaptiveFIR.xml
----------------- Instantiating /home/travis/build/icyphy/ptII/ptolemy/domains/sdf/lib/test/auto/LMSAdaptiveFIR.xml
285 ms. Memory: 155648K Free: 135634K (87%)
----------------- Invoking toplevel() on ptolemy.moml.MoMLSimpleApplication@36f603fe
----------------- Done invoking toplevel() on ptolemy.moml.MoMLSimpleApplication@36f603fe
reloadAllAccessors: .LMSAdaptiveFIR

===========================================================================================
----------------- testing Sat Aug 15 17:17:09 UTC 2020 /home/travis/build/icyphy/ptII/ptolemy/domains/sdf/lib/test/auto/LMSAdaptiveFIR2.xml
----------------- Instantiating /home/travis/build/icyphy/ptII/ptolemy/domains/sdf/lib/test/auto/LMSAdaptiveFIR2.xml
336 ms. Memory: 155648K Free: 77678K (50%)
----------------- Invoking toplevel() on ptolemy.moml.MoMLSimpleApplication@3815cd14
----------------- Done invoking toplevel() on ptolemy.moml.MoMLSimpleApplication@3815cd14
reloadAllAccessors: .LMSAdaptiveFIR2

===========================================================================================
----------------- testing Sat Aug 15 17:17:09 UTC 2020 /home/travis/build/icyphy/ptII/ptolemy/domains/sdf/lib/test/auto/LongJoin.xml
----------------- Instantiating /home/travis/build/icyphy/ptII/ptolemy/domains/sdf/lib/test/auto/LongJoin.xml
4 ms. Memory: 155648K Free: 73072K (47%)
----------------- Invoking toplevel() on ptolemy.moml.MoMLSimpleApplication@791148c7
----------------- Done invoking toplevel() on ptolemy.moml.MoMLSimpleApplication@791148c7
reloadAllAccessors: .LongJoin

===========================================================================================
----------------- testing Sat Aug 15 17:17:09 UTC 2020 /home/travis/build/icyphy/ptII/ptolemy/domains/sdf/lib/test/auto/Matrix1.xml
----------------- Instantiating /home/travis/build/icyphy/ptII/ptolemy/domains/sdf/lib/test/auto/Matrix1.xml
4 ms. Memory: 155648K Free: 68976K (44%)
----------------- Invoking toplevel() on ptolemy.moml.MoMLSimpleApplication@1cdf2208
----------------- Done invoking toplevel() on ptolemy.moml.MoMLSimpleApplication@1cdf2208
reloadAllAccessors: .Matrix1

===========================================================================================
----------------- testing Sat Aug 15 17:17:09 UTC 2020 /home/travis/build/icyphy/ptII/ptolemy/domains/sdf/lib/test/auto/Matrix2.xml
----------------- Instantiating /home/travis/build/icyphy/ptII/ptolemy/domains/sdf/lib/test/auto/Matrix2.xml
5 ms. Memory: 155648K Free: 65390K (42%)
----------------- Invoking toplevel() on ptolemy.moml.MoMLSimpleApplication@6f1a2d86
----------------- Done invoking toplevel() on ptolemy.moml.MoMLSimpleApplication@6f1a2d86
reloadAllAccessors: .Matrix2

===========================================================================================
----------------- testing Sat Aug 15 17:17:09 UTC 2020 /home/travis/build/icyphy/ptII/ptolemy/domains/sdf/lib/test/auto/MatrixJoin1.xml
----------------- Instantiating /home/travis/build/icyphy/ptII/ptolemy/domains/sdf/lib/test/auto/MatrixJoin1.xml
2 ms. Memory: 155648K Free: 60784K (39%)
----------------- Invoking toplevel() on ptolemy.moml.MoMLSimpleApplication@43c52ed9
----------------- Done invoking toplevel() on ptolemy.moml.MoMLSimpleApplication@43c52ed9
reloadAllAccessors: .MatrixJoin1

===========================================================================================
----------------- testing Sat Aug 15 17:17:09 UTC 2020 /home/travis/build/icyphy/ptII/ptolemy/domains/sdf/lib/test/auto/MatrixJoin2.xml
----------------- Instantiating /home/travis/build/icyphy/ptII/ptolemy/domains/sdf/lib/test/auto/MatrixJoin2.xml
2 ms. Memory: 155648K Free: 134763K (87%)
----------------- Invoking toplevel() on ptolemy.moml.MoMLSimpleApplication@54a366e6
----------------- Done invoking toplevel() on ptolemy.moml.MoMLSimpleApplication@54a366e6
reloadAllAccessors: .MatrixJoin2

===========================================================================================
----------------- testing Sat Aug 15 17:17:09 UTC 2020 /home/travis/build/icyphy/ptII/ptolemy/domains/sdf/lib/test/auto/MatrixJoin3.xml
----------------- Instantiating /home/travis/build/icyphy/ptII/ptolemy/domains/sdf/lib/test/auto/MatrixJoin3.xml
6 ms. Memory: 155648K Free: 130637K (84%)
----------------- Invoking toplevel() on ptolemy.moml.MoMLSimpleApplication@2b427e0d
----------------- Done invoking toplevel() on ptolemy.moml.MoMLSimpleApplication@2b427e0d
reloadAllAccessors: .MatrixJoin3

===========================================================================================
----------------- testing Sat Aug 15 17:17:09 UTC 2020 /home/travis/build/icyphy/ptII/ptolemy/domains/sdf/lib/test/auto/MatrixJoin4.xml
----------------- Instantiating /home/travis/build/icyphy/ptII/ptolemy/domains/sdf/lib/test/auto/MatrixJoin4.xml
2 ms. Memory: 155648K Free: 126061K (81%)
----------------- Invoking toplevel() on ptolemy.moml.MoMLSimpleApplication@33dcafcd
----------------- Done invoking toplevel() on ptolemy.moml.MoMLSimpleApplication@33dcafcd
reloadAllAccessors: .MatrixJoin4

===========================================================================================
----------------- testing Sat Aug 15 17:17:09 UTC 2020 /home/travis/build/icyphy/ptII/ptolemy/domains/sdf/lib/test/auto/MatrixJoin5.xml
----------------- Instantiating /home/travis/build/icyphy/ptII/ptolemy/domains/sdf/lib/test/auto/MatrixJoin5.xml
2 ms. Memory: 155648K Free: 121965K (78%)
----------------- Invoking toplevel() on ptolemy.moml.MoMLSimpleApplication@21f543e
----------------- Done invoking toplevel() on ptolemy.moml.MoMLSimpleApplication@21f543e
reloadAllAccessors: .MatrixJoin5

===========================================================================================
----------------- testing Sat Aug 15 17:17:09 UTC 2020 /home/travis/build/icyphy/ptII/ptolemy/domains/sdf/lib/test/auto/MatrixSplit1.xml
----------------- Instantiating /home/travis/build/icyphy/ptII/ptolemy/domains/sdf/lib/test/auto/MatrixSplit1.xml
3 ms. Memory: 155648K Free: 116845K (75%)
----------------- Invoking toplevel() on ptolemy.moml.MoMLSimpleApplication@321a7a85
----------------- Done invoking toplevel() on ptolemy.moml.MoMLSimpleApplication@321a7a85
reloadAllAccessors: .MatrixSplit1

===========================================================================================
----------------- testing Sat Aug 15 17:17:09 UTC 2020 /home/travis/build/icyphy/ptII/ptolemy/domains/sdf/lib/test/auto/MatrixSplit10.xml
----------------- Instantiating /home/travis/build/icyphy/ptII/ptolemy/domains/sdf/lib/test/auto/MatrixSplit10.xml
3 ms. Memory: 155648K Free: 113259K (73%)
----------------- Invoking toplevel() on ptolemy.moml.MoMLSimpleApplication@502ef045
----------------- Done invoking toplevel() on ptolemy.moml.MoMLSimpleApplication@502ef045
reloadAllAccessors: .MatrixSplit10

===========================================================================================
----------------- testing Sat Aug 15 17:17:09 UTC 2020 /home/travis/build/icyphy/ptII/ptolemy/domains/sdf/lib/test/auto/MatrixSplit11.xml
----------------- Instantiating /home/travis/build/icyphy/ptII/ptolemy/domains/sdf/lib/test/auto/MatrixSplit11.xml
2 ms. Memory: 155648K Free: 109677K (70%)
----------------- Invoking toplevel() on ptolemy.moml.MoMLSimpleApplication@63ee01f6
----------------- Done invoking toplevel() on ptolemy.moml.MoMLSimpleApplication@63ee01f6
reloadAllAccessors: .MatrixSplit11

===========================================================================================
----------------- testing Sat Aug 15 17:17:09 UTC 2020 /home/travis/build/icyphy/ptII/ptolemy/domains/sdf/lib/test/auto/MatrixSplit12.xml
----------------- Instantiating /home/travis/build/icyphy/ptII/ptolemy/domains/sdf/lib/test/auto/MatrixSplit12.xml
12 ms. Memory: 155648K Free: 106091K (68%)
----------------- Invoking toplevel() on ptolemy.moml.MoMLSimpleApplication@131f032c
----------------- Done invoking toplevel() on ptolemy.moml.MoMLSimpleApplication@131f032c
reloadAllAccessors: .MatrixSplit12

===========================================================================================
----------------- testing Sat Aug 15 17:17:09 UTC 2020 /home/travis/build/icyphy/ptII/ptolemy/domains/sdf/lib/test/auto/MatrixSplit13.xml
----------------- Instantiating /home/travis/build/icyphy/ptII/ptolemy/domains/sdf/lib/test/auto/MatrixSplit13.xml
6 ms. Memory: 155648K Free: 102509K (66%)
----------------- Invoking toplevel() on ptolemy.moml.MoMLSimpleApplication@69bd9175
----------------- Done invoking toplevel() on ptolemy.moml.MoMLSimpleApplication@69bd9175
reloadAllAccessors: .MatrixSplit13

===========================================================================================
----------------- testing Sat Aug 15 17:17:09 UTC 2020 /home/travis/build/icyphy/ptII/ptolemy/domains/sdf/lib/test/auto/MatrixSplit14.xml
----------------- Instantiating /home/travis/build/icyphy/ptII/ptolemy/domains/sdf/lib/test/auto/MatrixSplit14.xml
2 ms. Memory: 155648K Free: 98923K (64%)
----------------- Invoking toplevel() on ptolemy.moml.MoMLSimpleApplication@45533ec8
----------------- Done invoking toplevel() on ptolemy.moml.MoMLSimpleApplication@45533ec8
reloadAllAccessors: .MatrixSplit14

===========================================================================================
----------------- testing Sat Aug 15 17:17:09 UTC 2020 /home/travis/build/icyphy/ptII/ptolemy/domains/sdf/lib/test/auto/MatrixSplit2.xml
----------------- Instantiating /home/travis/build/icyphy/ptII/ptolemy/domains/sdf/lib/test/auto/MatrixSplit2.xml
2 ms. Memory: 155648K Free: 95341K (61%)
----------------- Invoking toplevel() on ptolemy.moml.MoMLSimpleApplication@c434459
----------------- Done invoking toplevel() on ptolemy.moml.MoMLSimpleApplication@c434459
reloadAllAccessors: .MatrixSplit2

===========================================================================================
----------------- testing Sat Aug 15 17:17:09 UTC 2020 /home/travis/build/icyphy/ptII/ptolemy/domains/sdf/lib/test/auto/MatrixSplit3.xml
----------------- Instantiating /home/travis/build/icyphy/ptII/ptolemy/domains/sdf/lib/test/auto/MatrixSplit3.xml
1 ms. Memory: 155648K Free: 91755K (59%)
----------------- Invoking toplevel() on ptolemy.moml.MoMLSimpleApplication@1f1d76aa
----------------- Done invoking toplevel() on ptolemy.moml.MoMLSimpleApplication@1f1d76aa
reloadAllAccessors: .MatrixSplit3

===========================================================================================
----------------- testing Sat Aug 15 17:17:09 UTC 2020 /home/travis/build/icyphy/ptII/ptolemy/domains/sdf/lib/test/auto/MatrixSplit4.xml
----------------- Instantiating /home/travis/build/icyphy/ptII/ptolemy/domains/sdf/lib/test/auto/MatrixSplit4.xml
2 ms. Memory: 155648K Free: 88653K (57%)
----------------- Invoking toplevel() on ptolemy.moml.MoMLSimpleApplication@2c179290
----------------- Done invoking toplevel() on ptolemy.moml.MoMLSimpleApplication@2c179290
reloadAllAccessors: .MatrixSplit4

===========================================================================================
----------------- testing Sat Aug 15 17:17:10 UTC 2020 /home/travis/build/icyphy/ptII/ptolemy/domains/sdf/lib/test/auto/MatrixSplit5.xml
----------------- Instantiating /home/travis/build/icyphy/ptII/ptolemy/domains/sdf/lib/test/auto/MatrixSplit5.xml
9 ms. Memory: 155648K Free: 85101K (55%)
----------------- Invoking toplevel() on ptolemy.moml.MoMLSimpleApplication@575fbc09
----------------- Done invoking toplevel() on ptolemy.moml.MoMLSimpleApplication@575fbc09
reloadAllAccessors: .MatrixSplit5

===========================================================================================
----------------- testing Sat Aug 15 17:17:10 UTC 2020 /home/travis/build/icyphy/ptII/ptolemy/domains/sdf/lib/test/auto/MatrixSplit6.xml
----------------- Instantiating /home/travis/build/icyphy/ptII/ptolemy/domains/sdf/lib/test/auto/MatrixSplit6.xml
2 ms. Memory: 155648K Free: 81515K (52%)
----------------- Invoking toplevel() on ptolemy.moml.MoMLSimpleApplication@3f3b0d87
----------------- Done invoking toplevel() on ptolemy.moml.MoMLSimpleApplication@3f3b0d87
reloadAllAccessors: .MatrixSplit6

===========================================================================================
----------------- testing Sat Aug 15 17:17:10 UTC 2020 /home/travis/build/icyphy/ptII/ptolemy/domains/sdf/lib/test/auto/MatrixSplit7.xml
----------------- Instantiating /home/travis/build/icyphy/ptII/ptolemy/domains/sdf/lib/test/auto/MatrixSplit7.xml
5 ms. Memory: 155648K Free: 77933K (50%)
----------------- Invoking toplevel() on ptolemy.moml.MoMLSimpleApplication@55429498
----------------- Done invoking toplevel() on ptolemy.moml.MoMLSimpleApplication@55429498
reloadAllAccessors: .MatrixSplit7

===========================================================================================
----------------- testing Sat Aug 15 17:17:10 UTC 2020 /home/travis/build/icyphy/ptII/ptolemy/domains/sdf/lib/test/auto/MatrixSplit8.xml
----------------- Instantiating /home/travis/build/icyphy/ptII/ptolemy/domains/sdf/lib/test/auto/MatrixSplit8.xml
3 ms. Memory: 155648K Free: 74347K (48%)
----------------- Invoking toplevel() on ptolemy.moml.MoMLSimpleApplication@59638282
----------------- Done invoking toplevel() on ptolemy.moml.MoMLSimpleApplication@59638282
reloadAllAccessors: .MatrixSplit8

===========================================================================================
----------------- testing Sat Aug 15 17:17:10 UTC 2020 /home/travis/build/icyphy/ptII/ptolemy/domains/sdf/lib/test/auto/MatrixSplit9.xml
----------------- Instantiating /home/travis/build/icyphy/ptII/ptolemy/domains/sdf/lib/test/auto/MatrixSplit9.xml
1 ms. Memory: 155648K Free: 70765K (45%)
----------------- Invoking toplevel() on ptolemy.moml.MoMLSimpleApplication@b1a6785
----------------- Done invoking toplevel() on ptolemy.moml.MoMLSimpleApplication@b1a6785
reloadAllAccessors: .MatrixSplit9

===========================================================================================
----------------- testing Sat Aug 15 17:17:10 UTC 2020 /home/travis/build/icyphy/ptII/ptolemy/domains/sdf/lib/test/auto/MatrixToSequence.xml
----------------- Instantiating /home/travis/build/icyphy/ptII/ptolemy/domains/sdf/lib/test/auto/MatrixToSequence.xml
12 ms. Memory: 155648K Free: 61549K (40%)
----------------- Invoking toplevel() on ptolemy.moml.MoMLSimpleApplication@52d4660
----------------- Done invoking toplevel() on ptolemy.moml.MoMLSimpleApplication@52d4660
reloadAllAccessors: .MatrixToSequence

===========================================================================================
----------------- testing Sat Aug 15 17:17:10 UTC 2020 /home/travis/build/icyphy/ptII/ptolemy/domains/sdf/lib/test/auto/MaximumEntropySpectrum.xml
----------------- Instantiating /home/travis/build/icyphy/ptII/ptolemy/domains/sdf/lib/test/auto/MaximumEntropySpectrum.xml
14 ms. Memory: 155648K Free: 121649K (78%)
----------------- Invoking toplevel() on ptolemy.moml.MoMLSimpleApplication@4a55067b
----------------- Done invoking toplevel() on ptolemy.moml.MoMLSimpleApplication@4a55067b
reloadAllAccessors: .MaximumEntropySpectrum

===========================================================================================
----------------- testing Sat Aug 15 17:17:10 UTC 2020 /home/travis/build/icyphy/ptII/ptolemy/domains/sdf/lib/test/auto/SampleDelayConversion.xml
----------------- Instantiating /home/travis/build/icyphy/ptII/ptolemy/domains/sdf/lib/test/auto/SampleDelayConversion.xml
2 ms. Memory: 155648K Free: 117553K (76%)
----------------- Invoking toplevel() on ptolemy.moml.MoMLSimpleApplication@7e72f6f1
----------------- Done invoking toplevel() on ptolemy.moml.MoMLSimpleApplication@7e72f6f1
reloadAllAccessors: .SampleDelayConversion

===========================================================================================
----------------- testing Sat Aug 15 17:17:10 UTC 2020 /home/travis/build/icyphy/ptII/ptolemy/domains/sdf/lib/test/auto/SequenceToArray.xml
----------------- Instantiating /home/travis/build/icyphy/ptII/ptolemy/domains/sdf/lib/test/auto/SequenceToArray.xml
8 ms. Memory: 155648K Free: 106793K (69%)
----------------- Invoking toplevel() on ptolemy.moml.MoMLSimpleApplication@53a0ec13
----------------- Done invoking toplevel() on ptolemy.moml.MoMLSimpleApplication@53a0ec13
reloadAllAccessors: .SequenceToArray

===========================================================================================
----------------- testing Sat Aug 15 17:17:10 UTC 2020 /home/travis/build/icyphy/ptII/ptolemy/domains/sdf/lib/test/auto/SequenceToMatrix.xml
----------------- Instantiating /home/travis/build/icyphy/ptII/ptolemy/domains/sdf/lib/test/auto/SequenceToMatrix.xml
2650 ms. Memory: 155648K Free: 50653K (33%)
----------------- Invoking toplevel() on ptolemy.moml.MoMLSimpleApplication@cabea32
----------------- Done invoking toplevel() on ptolemy.moml.MoMLSimpleApplication@cabea32
reloadAllAccessors: .SequenceToMatrix

===========================================================================================
----------------- testing Sat Aug 15 17:17:13 UTC 2020 /home/travis/build/icyphy/ptII/ptolemy/domains/sdf/lib/test/auto/SmoothedPeriodogram.xml
----------------- Instantiating /home/travis/build/icyphy/ptII/ptolemy/domains/sdf/lib/test/auto/SmoothedPeriodogram.xml
19 ms. Memory: 155648K Free: 126249K (81%)
----------------- Invoking toplevel() on ptolemy.moml.MoMLSimpleApplication@4707eb87
----------------- Done invoking toplevel() on ptolemy.moml.MoMLSimpleApplication@4707eb87
reloadAllAccessors: .SmoothedPeriodogram

===========================================================================================
----------------- testing Sat Aug 15 17:17:13 UTC 2020 /home/travis/build/icyphy/ptII/ptolemy/domains/sdf/lib/test/auto/UpDownSample1.xml
----------------- Instantiating /home/travis/build/icyphy/ptII/ptolemy/domains/sdf/lib/test/auto/UpDownSample1.xml
8 ms. Memory: 155648K Free: 122153K (78%)
----------------- Invoking toplevel() on ptolemy.moml.MoMLSimpleApplication@5118f9f5
----------------- Done invoking toplevel() on ptolemy.moml.MoMLSimpleApplication@5118f9f5
reloadAllAccessors: .UpDownSample1

===========================================================================================
----------------- testing Sat Aug 15 17:17:13 UTC 2020 /home/travis/build/icyphy/ptII/ptolemy/domains/sdf/lib/test/auto/UpSample1.xml
----------------- Instantiating /home/travis/build/icyphy/ptII/ptolemy/domains/sdf/lib/test/auto/UpSample1.xml
2 ms. Memory: 155648K Free: 118571K (76%)
----------------- Invoking toplevel() on ptolemy.moml.MoMLSimpleApplication@1115e17
----------------- Done invoking toplevel() on ptolemy.moml.MoMLSimpleApplication@1115e17
reloadAllAccessors: .UpSample1

===========================================================================================
----------------- testing Sat Aug 15 17:17:13 UTC 2020 /home/travis/build/icyphy/ptII/ptolemy/domains/sdf/lib/test/auto/VariableFIR.xml
----------------- Instantiating /home/travis/build/icyphy/ptII/ptolemy/domains/sdf/lib/test/auto/VariableFIR.xml
4 ms. Memory: 155648K Free: 113451K (73%)
----------------- Invoking toplevel() on ptolemy.moml.MoMLSimpleApplication@7e10b6db
----------------- Done invoking toplevel() on ptolemy.moml.MoMLSimpleApplication@7e10b6db
reloadAllAccessors: .VariableFIR

===========================================================================================
----------------- testing Sat Aug 15 17:17:13 UTC 2020 /home/travis/build/icyphy/ptII/ptolemy/domains/sdf/lib/test/auto/VariableFIR2.xml
----------------- Instantiating /home/travis/build/icyphy/ptII/ptolemy/domains/sdf/lib/test/auto/VariableFIR2.xml
7 ms. Memory: 155648K Free: 108331K (70%)
----------------- Invoking toplevel() on ptolemy.moml.MoMLSimpleApplication@4b18b0e1
----------------- Done invoking toplevel() on ptolemy.moml.MoMLSimpleApplication@4b18b0e1
reloadAllAccessors: .VariableFIR2

===========================================================================================
----------------- testing Sat Aug 15 17:17:13 UTC 2020 /home/travis/build/icyphy/ptII/ptolemy/domains/sdf/lib/test/auto/VariableLattice.xml
----------------- Instantiating /home/travis/build/icyphy/ptII/ptolemy/domains/sdf/lib/test/auto/VariableLattice.xml
4 ms. Memory: 155648K Free: 102187K (66%)
----------------- Invoking toplevel() on ptolemy.moml.MoMLSimpleApplication@23ba1a4b
----------------- Done invoking toplevel() on ptolemy.moml.MoMLSimpleApplication@23ba1a4b
reloadAllAccessors: .VariableLattice

===========================================================================================
----------------- testing Sat Aug 15 17:17:13 UTC 2020 /home/travis/build/icyphy/ptII/ptolemy/domains/sdf/lib/test/auto/VariableLattice2.xml
----------------- Instantiating /home/travis/build/icyphy/ptII/ptolemy/domains/sdf/lib/test/auto/VariableLattice2.xml
1.0
-1.999999602036
1.9099998677481
-0.9099996420674
0.205
0.0
0.0
1.0
-0.25
-0.5
0.0
0.0
0.0
0.0
8 ms. Memory: 155648K Free: 97577K (63%)
----------------- Invoking toplevel() on ptolemy.moml.MoMLSimpleApplication@7ef7eebb
----------------- Done invoking toplevel() on ptolemy.moml.MoMLSimpleApplication@7ef7eebb
reloadAllAccessors: .VariableLattice2

===========================================================================================
----------------- testing Sat Aug 15 17:17:13 UTC 2020 /home/travis/build/icyphy/ptII/ptolemy/domains/sdf/lib/test/auto/VariableRecursiveLattice.xml
----------------- Instantiating /home/travis/build/icyphy/ptII/ptolemy/domains/sdf/lib/test/auto/VariableRecursiveLattice.xml
4 ms. Memory: 155648K Free: 92971K (60%)
----------------- Invoking toplevel() on ptolemy.moml.MoMLSimpleApplication@3937f5c0
----------------- Done invoking toplevel() on ptolemy.moml.MoMLSimpleApplication@3937f5c0
reloadAllAccessors: .VariableRecursiveLattice

===========================================================================================
----------------- testing Sat Aug 15 17:17:13 UTC 2020 /home/travis/build/icyphy/ptII/ptolemy/domains/sdf/lib/test/auto/VariableRecursiveLattice2.xml
----------------- Instantiating /home/travis/build/icyphy/ptII/ptolemy/domains/sdf/lib/test/auto/VariableRecursiveLattice2.xml
3 ms. Memory: 155648K Free: 88875K (57%)
----------------- Invoking toplevel() on ptolemy.moml.MoMLSimpleApplication@343cc5a4
----------------- Done invoking toplevel() on ptolemy.moml.MoMLSimpleApplication@343cc5a4
reloadAllAccessors: .VariableRecursiveLattice2
AutoTests.java: About to close Vertx.
AutoTests.java: Vertx closed.
]]></system-out>
  <system-err><![CDATA[]]></system-err>
</testsuite>
