<?xml version="1.0" encoding="UTF-8" ?>
<testsuite errors="0" failures="0" hostname="travis-job-405c94fa-75e8-404a-b3e3-8c92d1327ade" name="ptolemy.domains.de.test.junit.JUnitTclTest" skipped="0" tests="101" time="128.33" timestamp="2019-01-08T03:14:15">
  <properties>
[...]
</properties>
  <testcase classname="ptolemy.util.test.junit.TclTests" name="[0] /home/travis/build/icyphy/ptII/ptolemy/domains/de/test/DependencyLoop.tcl (RunTclFile)" time="0.627" />
  <testcase classname="ptolemy.util.test.junit.TclTests" name="[1] /home/travis/build/icyphy/ptII/ptolemy/domains/de/test/RunDETestsAsQSS.tcl (RunTclFile)" time="88.627" />
  <testcase classname="ptolemy.util.test.junit.AutoKnownFailedTests" name="[0] /home/travis/build/icyphy/ptII/ptolemy/domains/de/test/auto/knownFailedTests/DESDFClockTest.xml (RunModel)" time="2.034" />
  <testcase classname="ptolemy.util.test.junit.AutoKnownFailedTests" name="[1] /home/travis/build/icyphy/ptII/ptolemy/domains/de/test/auto/knownFailedTests/DirectFeedback.xml (RunModel)" time="0.011" />
  <testcase classname="ptolemy.util.test.junit.AutoKnownFailedTests" name="[2] /home/travis/build/icyphy/ptII/ptolemy/domains/de/test/auto/knownFailedTests/FSMSource.xml (RunModel)" time="0.013" />
  <testcase classname="ptolemy.util.test.junit.AutoKnownFailedTests" name="[3] /home/travis/build/icyphy/ptII/ptolemy/domains/de/test/auto/knownFailedTests/HierarchicalModel.xml (RunModel)" time="0.028" />
  <testcase classname="ptolemy.util.test.junit.AutoKnownFailedTests" name="[4] /home/travis/build/icyphy/ptII/ptolemy/domains/de/test/auto/knownFailedTests/dependencyLoop.xml (RunModel)" time="0.026" />
  <testcase classname="ptolemy.util.test.junit.AutoKnownFailedTests" name="[5] /home/travis/build/icyphy/ptII/ptolemy/domains/de/test/auto/knownFailedTests/dependencyLoop2.xml (RunModel)" time="0.033" />
  <testcase classname="ptolemy.util.test.junit.AutoNameArchTests" name="[0] ThereAreNoAutoArchTests (RunModel)" time="0.0" />
  <testcase classname="ptolemy.util.test.junit.AutoTests" name="[0] /home/travis/build/icyphy/ptII/ptolemy/domains/de/test/auto/ActorDepthCalculation_actorWithoutPorts.xml (RunModel)" time="0.019" />
  <testcase classname="ptolemy.util.test.junit.AutoTests" name="[1] /home/travis/build/icyphy/ptII/ptolemy/domains/de/test/auto/AssemblyLine.xml (RunModel)" time="0.011" />
  <testcase classname="ptolemy.util.test.junit.AutoTests" name="[2] /home/travis/build/icyphy/ptII/ptolemy/domains/de/test/auto/CQBug1.xml (RunModel)" time="0.009" />
  <testcase classname="ptolemy.util.test.junit.AutoTests" name="[3] /home/travis/build/icyphy/ptII/ptolemy/domains/de/test/auto/CancelFireAt.xml (RunModel)" time="0.005" />
  <testcase classname="ptolemy.util.test.junit.AutoTests" name="[4] /home/travis/build/icyphy/ptII/ptolemy/domains/de/test/auto/CausalityAndComposabilityAnalysis.xml (RunModel)" time="0.007" />
  <testcase classname="ptolemy.util.test.junit.AutoTests" name="[5] /home/travis/build/icyphy/ptII/ptolemy/domains/de/test/auto/CausalityInterface1.xml (RunModel)" time="0.008" />
  <testcase classname="ptolemy.util.test.junit.AutoTests" name="[6] /home/travis/build/icyphy/ptII/ptolemy/domains/de/test/auto/CausalityInterface15.xml (RunModel)" time="0.009" />
  <testcase classname="ptolemy.util.test.junit.AutoTests" name="[7] /home/travis/build/icyphy/ptII/ptolemy/domains/de/test/auto/CausalityInterface2.xml (RunModel)" time="0.007" />
  <testcase classname="ptolemy.util.test.junit.AutoTests" name="[8] /home/travis/build/icyphy/ptII/ptolemy/domains/de/test/auto/CausalityInterface3.xml (RunModel)" time="0.008" />
  <testcase classname="ptolemy.util.test.junit.AutoTests" name="[9] /home/travis/build/icyphy/ptII/ptolemy/domains/de/test/auto/ClockDrift.xml (RunModel)" time="0.023" />
  <testcase classname="ptolemy.util.test.junit.AutoTests" name="[10] /home/travis/build/icyphy/ptII/ptolemy/domains/de/test/auto/ClockDriftAndValueChange.xml (RunModel)" time="0.025" />
  <testcase classname="ptolemy.util.test.junit.AutoTests" name="[11] /home/travis/build/icyphy/ptII/ptolemy/domains/de/test/auto/ClockDriftChange.xml (RunModel)" time="0.02" />
  <testcase classname="ptolemy.util.test.junit.AutoTests" name="[12] /home/travis/build/icyphy/ptII/ptolemy/domains/de/test/auto/ComposableCausalityAnalysis.xml (RunModel)" time="0.026" />
  <testcase classname="ptolemy.util.test.junit.AutoTests" name="[13] /home/travis/build/icyphy/ptII/ptolemy/domains/de/test/auto/DEFixedPointLimitation.xml (RunModel)" time="0.011" />
  <testcase classname="ptolemy.util.test.junit.AutoTests" name="[14] /home/travis/build/icyphy/ptII/ptolemy/domains/de/test/auto/DEScheduleTest.xml (RunModel)" time="0.011" />
  <testcase classname="ptolemy.util.test.junit.AutoTests" name="[15] /home/travis/build/icyphy/ptII/ptolemy/domains/de/test/auto/DEinDEwithStartTimes.xml (RunModel)" time="0.014" />
  <testcase classname="ptolemy.util.test.junit.AutoTests" name="[16] /home/travis/build/icyphy/ptII/ptolemy/domains/de/test/auto/DEinDEwithStartTimes2.xml (RunModel)" time="0.016" />
  <testcase classname="ptolemy.util.test.junit.AutoTests" name="[17] /home/travis/build/icyphy/ptII/ptolemy/domains/de/test/auto/DateDemo.xml (RunModel)" time="0.031" />
  <testcase classname="ptolemy.util.test.junit.AutoTests" name="[18] /home/travis/build/icyphy/ptII/ptolemy/domains/de/test/auto/DateToEvent.xml (RunModel)" time="2.042" />
  <testcase classname="ptolemy.util.test.junit.AutoTests" name="[19] /home/travis/build/icyphy/ptII/ptolemy/domains/de/test/auto/DepthTest1.xml (RunModel)" time="0.009" />
  <testcase classname="ptolemy.util.test.junit.AutoTests" name="[20] /home/travis/build/icyphy/ptII/ptolemy/domains/de/test/auto/DepthTest2.xml (RunModel)" time="0.017" />
  <testcase classname="ptolemy.util.test.junit.AutoTests" name="[21] /home/travis/build/icyphy/ptII/ptolemy/domains/de/test/auto/DepthTest3.xml (RunModel)" time="0.008" />
  <testcase classname="ptolemy.util.test.junit.AutoTests" name="[22] /home/travis/build/icyphy/ptII/ptolemy/domains/de/test/auto/DepthTest4.xml (RunModel)" time="0.012" />
  <testcase classname="ptolemy.util.test.junit.AutoTests" name="[23] /home/travis/build/icyphy/ptII/ptolemy/domains/de/test/auto/DepthTest5.xml (RunModel)" time="0.014" />
  <testcase classname="ptolemy.util.test.junit.AutoTests" name="[24] /home/travis/build/icyphy/ptII/ptolemy/domains/de/test/auto/DepthTest6.xml (RunModel)" time="0.015" />
  <testcase classname="ptolemy.util.test.junit.AutoTests" name="[25] /home/travis/build/icyphy/ptII/ptolemy/domains/de/test/auto/DepthTest7.xml (RunModel)" time="0.012" />
  <testcase classname="ptolemy.util.test.junit.AutoTests" name="[26] /home/travis/build/icyphy/ptII/ptolemy/domains/de/test/auto/EventToDate.xml (RunModel)" time="3.037" />
  <testcase classname="ptolemy.util.test.junit.AutoTests" name="[27] /home/travis/build/icyphy/ptII/ptolemy/domains/de/test/auto/FSM1.xml (RunModel)" time="0.037" />
  <testcase classname="ptolemy.util.test.junit.AutoTests" name="[28] /home/travis/build/icyphy/ptII/ptolemy/domains/de/test/auto/FSM7.xml (RunModel)" time="0.046" />
  <testcase classname="ptolemy.util.test.junit.AutoTests" name="[29] /home/travis/build/icyphy/ptII/ptolemy/domains/de/test/auto/Inspection.xml (RunModel)" time="0.049" />
  <testcase classname="ptolemy.util.test.junit.AutoTests" name="[30] /home/travis/build/icyphy/ptII/ptolemy/domains/de/test/auto/Iteration.xml (RunModel)" time="0.02" />
  <testcase classname="ptolemy.util.test.junit.AutoTests" name="[31] /home/travis/build/icyphy/ptII/ptolemy/domains/de/test/auto/LineFault.xml (RunModel)" time="0.5" />
  <testcase classname="ptolemy.util.test.junit.AutoTests" name="[32] /home/travis/build/icyphy/ptII/ptolemy/domains/de/test/auto/MergeModel1Add.xml (RunModel)" time="0.054" />
  <testcase classname="ptolemy.util.test.junit.AutoTests" name="[33] /home/travis/build/icyphy/ptII/ptolemy/domains/de/test/auto/MergeModel2Add.xml (RunModel)" time="0.037" />
  <testcase classname="ptolemy.util.test.junit.AutoTests" name="[34] /home/travis/build/icyphy/ptII/ptolemy/domains/de/test/auto/MergeModel3Add.xml (RunModel)" time="0.04" />
  <testcase classname="ptolemy.util.test.junit.AutoTests" name="[35] /home/travis/build/icyphy/ptII/ptolemy/domains/de/test/auto/MergeWithoutDiscard.xml (RunModel)" time="0.01" />
  <testcase classname="ptolemy.util.test.junit.AutoTests" name="[36] /home/travis/build/icyphy/ptII/ptolemy/domains/de/test/auto/Modal1.xml (RunModel)" time="0.029" />
  <testcase classname="ptolemy.util.test.junit.AutoTests" name="[37] /home/travis/build/icyphy/ptII/ptolemy/domains/de/test/auto/Modal2.xml (RunModel)" time="0.028" />
  <testcase classname="ptolemy.util.test.junit.AutoTests" name="[38] /home/travis/build/icyphy/ptII/ptolemy/domains/de/test/auto/Modal3.xml (RunModel)" time="0.027" />
  <testcase classname="ptolemy.util.test.junit.AutoTests" name="[39] /home/travis/build/icyphy/ptII/ptolemy/domains/de/test/auto/Modal4.xml (RunModel)" time="0.029" />
  <testcase classname="ptolemy.util.test.junit.AutoTests" name="[40] /home/travis/build/icyphy/ptII/ptolemy/domains/de/test/auto/Modal5.xml (RunModel)" time="0.028" />
  <testcase classname="ptolemy.util.test.junit.AutoTests" name="[41] /home/travis/build/icyphy/ptII/ptolemy/domains/de/test/auto/Modal6.xml (RunModel)" time="0.026" />
  <testcase classname="ptolemy.util.test.junit.AutoTests" name="[42] /home/travis/build/icyphy/ptII/ptolemy/domains/de/test/auto/Modal7.xml (RunModel)" time="0.029" />
  <testcase classname="ptolemy.util.test.junit.AutoTests" name="[43] /home/travis/build/icyphy/ptII/ptolemy/domains/de/test/auto/ModalModel.xml (RunModel)" time="0.161" />
  <testcase classname="ptolemy.util.test.junit.AutoTests" name="[44] /home/travis/build/icyphy/ptII/ptolemy/domains/de/test/auto/ModalSource.xml (RunModel)" time="0.02" />
  <testcase classname="ptolemy.util.test.junit.AutoTests" name="[45] /home/travis/build/icyphy/ptII/ptolemy/domains/de/test/auto/NonInterruptibleTimerZeroDelay.xml (RunModel)" time="0.012" />
  <testcase classname="ptolemy.util.test.junit.AutoTests" name="[46] /home/travis/build/icyphy/ptII/ptolemy/domains/de/test/auto/OpenQueueingNetwork.xml (RunModel)" time="2.234" />
  <testcase classname="ptolemy.util.test.junit.AutoTests" name="[47] /home/travis/build/icyphy/ptII/ptolemy/domains/de/test/auto/OpenQueuingNetwork.xml (RunModel)" time="0.263" />
  <testcase classname="ptolemy.util.test.junit.AutoTests" name="[48] /home/travis/build/icyphy/ptII/ptolemy/domains/de/test/auto/PeriodicSampler.xml (RunModel)" time="0.008" />
  <testcase classname="ptolemy.util.test.junit.AutoTests" name="[49] /home/travis/build/icyphy/ptII/ptolemy/domains/de/test/auto/PersistentIO.xml (RunModel)" time="0.02" />
  <testcase classname="ptolemy.util.test.junit.AutoTests" name="[50] /home/travis/build/icyphy/ptII/ptolemy/domains/de/test/auto/PortParameterResetOnInitialize.xml (RunModel)" time="0.008" />
  <testcase classname="ptolemy.util.test.junit.AutoTests" name="[51] /home/travis/build/icyphy/ptII/ptolemy/domains/de/test/auto/PortParameterUpdates.xml (RunModel)" time="0.012" />
  <testcase classname="ptolemy.util.test.junit.AutoTests" name="[52] /home/travis/build/icyphy/ptII/ptolemy/domains/de/test/auto/QueueAndServer.xml (RunModel)" time="0.019" />
  <testcase classname="ptolemy.util.test.junit.AutoTests" name="[53] /home/travis/build/icyphy/ptII/ptolemy/domains/de/test/auto/Records.xml (RunModel)" time="0.013" />
  <testcase classname="ptolemy.util.test.junit.AutoTests" name="[54] /home/travis/build/icyphy/ptII/ptolemy/domains/de/test/auto/ResetTransitionWithStartTime1.xml (RunModel)" time="0.016" />
  <testcase classname="ptolemy.util.test.junit.AutoTests" name="[55] /home/travis/build/icyphy/ptII/ptolemy/domains/de/test/auto/ResetTransitionWithStartTime2.xml (RunModel)" time="0.015" />
  <testcase classname="ptolemy.util.test.junit.AutoTests" name="[56] /home/travis/build/icyphy/ptII/ptolemy/domains/de/test/auto/ResetTransitionWithStartTime3.xml (RunModel)" time="0.015" />
  <testcase classname="ptolemy.util.test.junit.AutoTests" name="[57] /home/travis/build/icyphy/ptII/ptolemy/domains/de/test/auto/ResetTransitionWithStartTime4.xml (RunModel)" time="0.017" />
  <testcase classname="ptolemy.util.test.junit.AutoTests" name="[58] /home/travis/build/icyphy/ptII/ptolemy/domains/de/test/auto/ResettableTimer1.xml (RunModel)" time="0.009" />
  <testcase classname="ptolemy.util.test.junit.AutoTests" name="[59] /home/travis/build/icyphy/ptII/ptolemy/domains/de/test/auto/ResettableTimer2.xml (RunModel)" time="0.009" />
  <testcase classname="ptolemy.util.test.junit.AutoTests" name="[60] /home/travis/build/icyphy/ptII/ptolemy/domains/de/test/auto/ResettableTimer3.xml (RunModel)" time="0.009" />
  <testcase classname="ptolemy.util.test.junit.AutoTests" name="[61] /home/travis/build/icyphy/ptII/ptolemy/domains/de/test/auto/ResettableTimer4.xml (RunModel)" time="0.008" />
  <testcase classname="ptolemy.util.test.junit.AutoTests" name="[62] /home/travis/build/icyphy/ptII/ptolemy/domains/de/test/auto/ResettableTimer5.xml (RunModel)" time="0.008" />
  <testcase classname="ptolemy.util.test.junit.AutoTests" name="[63] /home/travis/build/icyphy/ptII/ptolemy/domains/de/test/auto/ResettableTimer6.xml (RunModel)" time="0.021" />
  <testcase classname="ptolemy.util.test.junit.AutoTests" name="[64] /home/travis/build/icyphy/ptII/ptolemy/domains/de/test/auto/ServerZeroDelay.xml (RunModel)" time="0.01" />
  <testcase classname="ptolemy.util.test.junit.AutoTests" name="[65] /home/travis/build/icyphy/ptII/ptolemy/domains/de/test/auto/SmartSender.xml (RunModel)" time="3.008" />
  <testcase classname="ptolemy.util.test.junit.AutoTests" name="[66] /home/travis/build/icyphy/ptII/ptolemy/domains/de/test/auto/ThreadedComposite.xml (RunModel)" time="0.108" />
  <testcase classname="ptolemy.util.test.junit.AutoTests" name="[67] /home/travis/build/icyphy/ptII/ptolemy/domains/de/test/auto/Time.xml (RunModel)" time="0.422" />
  <testcase classname="ptolemy.util.test.junit.AutoTests" name="[68] /home/travis/build/icyphy/ptII/ptolemy/domains/de/test/auto/TimeDelayZeroDelay.xml (RunModel)" time="0.013" />
  <testcase classname="ptolemy.util.test.junit.AutoTests" name="[69] /home/travis/build/icyphy/ptII/ptolemy/domains/de/test/auto/TimerZeroDelay.xml (RunModel)" time="0.008" />
  <testcase classname="ptolemy.util.test.junit.AutoTests" name="[70] /home/travis/build/icyphy/ptII/ptolemy/domains/de/test/auto/TimingParadox.xml (RunModel)" time="0.326" />
  <testcase classname="ptolemy.util.test.junit.AutoTests" name="[71] /home/travis/build/icyphy/ptII/ptolemy/domains/de/test/auto/TransferInputs.xml (RunModel)" time="0.008" />
  <testcase classname="ptolemy.util.test.junit.AutoTests" name="[72] /home/travis/build/icyphy/ptII/ptolemy/domains/de/test/auto/TransferOutputs2.xml (RunModel)" time="0.014" />
  <testcase classname="ptolemy.util.test.junit.AutoTests" name="[73] /home/travis/build/icyphy/ptII/ptolemy/domains/de/test/auto/Trilateration.xml (RunModel)" time="11.263" />
  <testcase classname="ptolemy.util.test.junit.AutoTests" name="[74] /home/travis/build/icyphy/ptII/ptolemy/domains/de/test/auto/TwoSigmaDelta.xml (RunModel)" time="1.953" />
  <testcase classname="ptolemy.util.test.junit.AutoTests" name="[75] /home/travis/build/icyphy/ptII/ptolemy/domains/de/test/auto/VariableDelay.xml (RunModel)" time="0.01" />
  <testcase classname="ptolemy.util.test.junit.AutoTests" name="[76] /home/travis/build/icyphy/ptII/ptolemy/domains/de/test/auto/VariableDelay2.xml (RunModel)" time="0.008" />
  <testcase classname="ptolemy.util.test.junit.AutoTests" name="[77] /home/travis/build/icyphy/ptII/ptolemy/domains/de/test/auto/VariableDelayZeroDelay.xml (RunModel)" time="0.01" />
  <testcase classname="ptolemy.util.test.junit.AutoTests" name="[78] /home/travis/build/icyphy/ptII/ptolemy/domains/de/test/auto/VariableDelayZeroDelay2.xml (RunModel)" time="0.009" />
  <testcase classname="ptolemy.util.test.junit.AutoTests" name="[79] /home/travis/build/icyphy/ptII/ptolemy/domains/de/test/auto/deInCt.xml (RunModel)" time="0.015" />
  <testcase classname="ptolemy.util.test.junit.AutoTests" name="[80] /home/travis/build/icyphy/ptII/ptolemy/domains/de/test/auto/deInCt2.xml (RunModel)" time="0.012" />
  <testcase classname="ptolemy.util.test.junit.AutoTests" name="[81] /home/travis/build/icyphy/ptII/ptolemy/domains/de/test/auto/dynamicCausalityInterface1.xml (RunModel)" time="0.018" />
  <testcase classname="ptolemy.util.test.junit.AutoTests" name="[82] /home/travis/build/icyphy/ptII/ptolemy/domains/de/test/auto/fsm_de_test.xml (RunModel)" time="0.02" />
  <testcase classname="ptolemy.util.test.junit.AutoTests" name="[83] /home/travis/build/icyphy/ptII/ptolemy/domains/de/test/auto/functionDependencyReconstruction.xml (RunModel)" time="0.031" />
  <testcase classname="ptolemy.util.test.junit.AutoTests" name="[84] /home/travis/build/icyphy/ptII/ptolemy/domains/de/test/auto/multirate.xml (RunModel)" time="0.014" />
  <testcase classname="ptolemy.util.test.junit.AutoTests" name="[85] /home/travis/build/icyphy/ptII/ptolemy/domains/de/test/auto/multirate2.xml (RunModel)" time="0.013" />
  <testcase classname="ptolemy.util.test.junit.AutoTests" name="[86] /home/travis/build/icyphy/ptII/ptolemy/domains/de/test/auto/realtime.xml (RunModel)" time="10.009" />
  <testcase classname="ptolemy.util.test.junit.AutoTests" name="[87] /home/travis/build/icyphy/ptII/ptolemy/domains/de/test/auto/relationGroup.xml (RunModel)" time="0.014" />
  <testcase classname="ptolemy.util.test.junit.AutoTests" name="[88] /home/travis/build/icyphy/ptII/ptolemy/domains/de/test/auto/relationGroup2.xml (RunModel)" time="0.008" />
  <testcase classname="ptolemy.util.test.junit.AutoTests" name="[89] /home/travis/build/icyphy/ptII/ptolemy/domains/de/test/auto/sortWithOpaquePorts.xml (RunModel)" time="0.012" />
  <testcase classname="ptolemy.util.test.junit.AutoTests" name="[90] /home/travis/build/icyphy/ptII/ptolemy/domains/de/test/auto/transferInputsandOutputs.xml (RunModel)" time="0.018" />
  <testcase classname="ptolemy.util.test.junit.AutoTests" name="[91] /home/travis/build/icyphy/ptII/ptolemy/domains/de/test/auto/triggerType.xml (RunModel)" time="0.01" />
  <system-out><![CDATA[/home/travis/build/icyphy/ptII/ptolemy/domains/de/test/DependencyLoop.tcl
testDefs.tcl: setting time out to 9000 seconds at Tue Jan 08 03:14:15 UTC 2019
14 ms. Memory: 116224K Free: 93968K (81%)
6 ms. Memory: 146944K Free: 135080K (92%)
/home/travis/build/icyphy/ptII/ptolemy/domains/de/test/RunDETestsAsQSS.tcl
Run the DE tests using ptolemy.domains.qss.test.QSSDirectorTest, which extends QSSDirector and prints a message in the constructors.
------------------ testing $PTII/ptolemy/domains/de/test/auto/knownFailedTests/dependencyLoop.xml (Known Failure) 
16 ms. Memory: 146944K Free: 131968K (90%)


==== $PTIIhome/travis/build/icyphy/ptII/ptolemy/domains/de/test/../../../../: Auto Automatic test in file $PTII/ptolemy/domains/de/test/auto/knownFailedTests/dependencyLoop.xml
==== Contents of test case:

	    # FIXME: we should use $relativeFilename here, but it
	    # might have backslashes under Windows, which causes no end
	    # of trouble.
	    createAndExecute $file
	    list {}
	
.... Test generated KNOWN error:
    while executing
ptolemy.kernel.util.IllegalActionException: Found a zero delay loop containing .dependencyLoop.original
  in .dependencyLoop and .dependencyLoop.original
	at ptolemy.actor.util.CausalityInterfaceForComposites._computeOutputPortDepth(CausalityInterfaceForComposites.java:759)
	at ptolemy.actor.util.CausalityInterfaceForComposites._computeInputDepth(CausalityInterfaceForComposites.java:696)
	at ptolemy.actor.util.CausalityInterfaceForComposites._computeOutputPortDepth(CausalityInterfaceForComposites.java:765)
	at ptolemy.actor.util.CausalityInterfaceForComposites._computeInputDepth(CausalityInterfaceForComposites.java:696)
	at ptolemy.actor.util.CausalityInterfaceForComposites._computeOutputPortDepth(CausalityInterfaceForComposites.java:765)
	at ptolemy.actor.util.CausalityInterfaceForComposites._computeInputDepth(CausalityInterfaceForComposites.java:696)
	at ptolemy.actor.util.CausalityInterfaceForComposites._computeActorDepth(CausalityInterfaceForComposites.java:532)
	at ptolemy.actor.util.CausalityInterfaceForComposites.checkForCycles(CausalityInterfaceForComposites.java:96)
	at ptolemy.domains.de.kernel.DEDirector.preinitialize(DEDirector.java:1338)
	at ptolemy.actor.CompositeActor.preinitialize(CompositeActor.java:1828)
	at ptolemy.actor.Manager.preinitializeAndResolveTypes(Manager.java:1040)
	at ptolemy.actor.Manager.initialize(Manager.java:710)
	at ptolemy.actor.Manager.execute(Manager.java:356)
	at ptolemy.actor.Manager.run(Manager.java:1263)
	at ptolemy.actor.Manager$PtolemyRunThread.run(Manager.java:1915)

    while executing
ptolemy.kernel.util.IllegalActionException: Found a zero delay loop containing .dependencyLoop.original
  in .dependencyLoop and .dependencyLoop.original
    while executing
"java::new ptolemy.moml.MoMLSimpleApplication $file
"
    (procedure "createAndExecute" line 2)
    invoked from within
"createAndExecute $file"
    ("uplevel" body line 5)
    invoked from within
"uplevel $contents_of_test"
------------------ testing $PTII/ptolemy/domains/de/test/auto/knownFailedTests/DESDFClockTest.xml (Known Failure) 
2058 ms. Memory: 146944K Free: 116534K (79%)


==== $PTIIhome/travis/build/icyphy/ptII/ptolemy/domains/de/test/../../../../: Auto Automatic test in file $PTII/ptolemy/domains/de/test/auto/knownFailedTests/DESDFClockTest.xml
==== Contents of test case:

	    # FIXME: we should use $relativeFilename here, but it
	    # might have backslashes under Windows, which causes no end
	    # of trouble.
	    createAndExecute $file
	    list {}
	
.... Test generated KNOWN error:
    while executing
ptolemy.kernel.util.IllegalActionException: Actor is not ready to fire.  Perhaps UpSample.prefire() returned false? Try debugging the actor by selecting "Listen to Actor".  Also, for SDF check moml for tokenConsumptionRate on input.
  in .DESDFClockTest.Play Bell.Copy1:SDF Director and .DESDFClockTest.Play Bell.UpSample
	at ptolemy.actor.sched.StaticSchedulingDirector.fire(StaticSchedulingDirector.java:227)
	at ptolemy.domains.sdf.kernel.SDFDirector.fire(SDFDirector.java:500)
	at ptolemy.actor.CompositeActor.fire(CompositeActor.java:455)
	at ptolemy.domains.de.kernel.DEDirector._fire(DEDirector.java:1949)
	at ptolemy.domains.de.kernel.DEDirector.fire(DEDirector.java:502)
	at ptolemy.actor.CompositeActor.fire(CompositeActor.java:455)
	at ptolemy.actor.Manager.iterate(Manager.java:851)
	at ptolemy.actor.Manager.execute(Manager.java:369)
	at ptolemy.actor.Manager.run(Manager.java:1263)
	at ptolemy.actor.Manager$PtolemyRunThread.run(Manager.java:1915)

    while executing
ptolemy.kernel.util.IllegalActionException: Actor is not ready to fire.  Perhaps UpSample.prefire() returned false? Try debugging the actor by selecting "Listen to Actor".  Also, for SDF check moml for tokenConsumptionRate on input.
  in .DESDFClockTest.Play Bell.Copy1:SDF Director and .DESDFClockTest.Play Bell.UpSample
    while executing
"java::new ptolemy.moml.MoMLSimpleApplication $file
"
    (procedure "createAndExecute" line 2)
    invoked from within
"createAndExecute $file"
    ("uplevel" body line 5)
    invoked from within
"uplevel $contents_of_test"
------------------ testing $PTII/ptolemy/domains/de/test/auto/knownFailedTests/FSMSource.xml (Known Failure) 
28 ms. Memory: 146944K Free: 107581K (73%)
!!!! Auto was marked as failing, but now passes
------------------ testing $PTII/ptolemy/domains/de/test/auto/knownFailedTests/dependencyLoop2.xml (Known Failure) 
5 ms. Memory: 146944K Free: 105698K (72%)


==== $PTIIhome/travis/build/icyphy/ptII/ptolemy/domains/de/test/../../../../: Auto Automatic test in file $PTII/ptolemy/domains/de/test/auto/knownFailedTests/dependencyLoop2.xml
==== Contents of test case:

	    # FIXME: we should use $relativeFilename here, but it
	    # might have backslashes under Windows, which causes no end
	    # of trouble.
	    createAndExecute $file
	    list {}
	
.... Test generated KNOWN error:
    while executing
ptolemy.kernel.util.IllegalActionException: Found a zero delay loop containing .dependencyLoop2.original
  in .dependencyLoop2 and .dependencyLoop2.original
	at ptolemy.actor.util.CausalityInterfaceForComposites._computeOutputPortDepth(CausalityInterfaceForComposites.java:759)
	at ptolemy.actor.util.CausalityInterfaceForComposites._computeInputDepth(CausalityInterfaceForComposites.java:696)
	at ptolemy.actor.util.CausalityInterfaceForComposites._computeOutputPortDepth(CausalityInterfaceForComposites.java:765)
	at ptolemy.actor.util.CausalityInterfaceForComposites._computeInputDepth(CausalityInterfaceForComposites.java:696)
	at ptolemy.actor.util.CausalityInterfaceForComposites._computeOutputPortDepth(CausalityInterfaceForComposites.java:765)
	at ptolemy.actor.util.CausalityInterfaceForComposites._computeInputDepth(CausalityInterfaceForComposites.java:696)
	at ptolemy.actor.util.CausalityInterfaceForComposites._computeActorDepth(CausalityInterfaceForComposites.java:532)
	at ptolemy.actor.util.CausalityInterfaceForComposites.checkForCycles(CausalityInterfaceForComposites.java:96)
	at ptolemy.domains.de.kernel.DEDirector.preinitialize(DEDirector.java:1338)
	at ptolemy.actor.CompositeActor.preinitialize(CompositeActor.java:1828)
	at ptolemy.actor.Manager.preinitializeAndResolveTypes(Manager.java:1040)
	at ptolemy.actor.Manager.initialize(Manager.java:710)
	at ptolemy.actor.Manager.execute(Manager.java:356)
	at ptolemy.actor.Manager.run(Manager.java:1263)
	at ptolemy.actor.Manager$PtolemyRunThread.run(Manager.java:1915)

    while executing
ptolemy.kernel.util.IllegalActionException: Found a zero delay loop containing .dependencyLoop2.original
  in .dependencyLoop2 and .dependencyLoop2.original
    while executing
"java::new ptolemy.moml.MoMLSimpleApplication $file
"
    (procedure "createAndExecute" line 2)
    invoked from within
"createAndExecute $file"
    ("uplevel" body line 5)
    invoked from within
"uplevel $contents_of_test"
------------------ testing $PTII/ptolemy/domains/de/test/auto/knownFailedTests/HierarchicalModel.xml (Known Failure) 
4 ms. Memory: 146944K Free: 84010K (57%)


==== $PTIIhome/travis/build/icyphy/ptII/ptolemy/domains/de/test/../../../../: Auto Automatic test in file $PTII/ptolemy/domains/de/test/auto/knownFailedTests/HierarchicalModel.xml
==== Contents of test case:

	    # FIXME: we should use $relativeFilename here, but it
	    # might have backslashes under Windows, which causes no end
	    # of trouble.
	    createAndExecute $file
	    list {}
	
.... Test generated KNOWN error:
    while executing
ptolemy.kernel.util.IllegalActionException: Found a zero delay loop containing .HierarchicalModel.A
  in .HierarchicalModel and .HierarchicalModel.A
	at ptolemy.actor.util.CausalityInterfaceForComposites._computeOutputPortDepth(CausalityInterfaceForComposites.java:759)
	at ptolemy.actor.util.CausalityInterfaceForComposites._computeInputDepth(CausalityInterfaceForComposites.java:696)
	at ptolemy.actor.util.CausalityInterfaceForComposites._computeOutputPortDepth(CausalityInterfaceForComposites.java:765)
	at ptolemy.actor.util.CausalityInterfaceForComposites._computeInputDepth(CausalityInterfaceForComposites.java:696)
	at ptolemy.actor.util.CausalityInterfaceForComposites._computeOutputPortDepth(CausalityInterfaceForComposites.java:765)
	at ptolemy.actor.util.CausalityInterfaceForComposites._computeInputDepth(CausalityInterfaceForComposites.java:696)
	at ptolemy.actor.util.CausalityInterfaceForComposites._computeActorDepth(CausalityInterfaceForComposites.java:532)
	at ptolemy.actor.util.CausalityInterfaceForComposites.checkForCycles(CausalityInterfaceForComposites.java:96)
	at ptolemy.domains.de.kernel.DEDirector.preinitialize(DEDirector.java:1338)
	at ptolemy.actor.CompositeActor.preinitialize(CompositeActor.java:1828)
	at ptolemy.actor.Manager.preinitializeAndResolveTypes(Manager.java:1040)
	at ptolemy.actor.Manager.initialize(Manager.java:710)
	at ptolemy.actor.Manager.execute(Manager.java:356)
	at ptolemy.actor.Manager.run(Manager.java:1263)
	at ptolemy.actor.Manager$PtolemyRunThread.run(Manager.java:1915)

    while executing
ptolemy.kernel.util.IllegalActionException: Found a zero delay loop containing .HierarchicalModel.A
  in .HierarchicalModel and .HierarchicalModel.A
    while executing
"java::new ptolemy.moml.MoMLSimpleApplication $file
"
    (procedure "createAndExecute" line 2)
    invoked from within
"createAndExecute $file"
    ("uplevel" body line 5)
    invoked from within
"uplevel $contents_of_test"
------------------ testing $PTII/ptolemy/domains/de/test/auto/knownFailedTests/DirectFeedback.xml (Known Failure) 
4 ms. Memory: 146944K Free: 141154K (96%)


==== $PTIIhome/travis/build/icyphy/ptII/ptolemy/domains/de/test/../../../../: Auto Automatic test in file $PTII/ptolemy/domains/de/test/auto/knownFailedTests/DirectFeedback.xml
==== Contents of test case:

	    # FIXME: we should use $relativeFilename here, but it
	    # might have backslashes under Windows, which causes no end
	    # of trouble.
	    createAndExecute $file
	    list {}
	
.... Test generated KNOWN error:
    while executing
ptolemy.kernel.util.IllegalActionException: Test fails in iteration 1.
Value was: 1.0. Should have been: 2.0
  in .DirectFeedback.Test
	at ptolemy.actor.lib.Test.fire(Test.java:268)
	at ptolemy.domains.de.kernel.DEDirector._fire(DEDirector.java:1949)
	at ptolemy.domains.de.kernel.DEDirector.fire(DEDirector.java:502)
	at ptolemy.actor.CompositeActor.fire(CompositeActor.java:455)
	at ptolemy.actor.Manager.iterate(Manager.java:851)
	at ptolemy.actor.Manager.execute(Manager.java:369)
	at ptolemy.actor.Manager.run(Manager.java:1263)
	at ptolemy.actor.Manager$PtolemyRunThread.run(Manager.java:1915)

    while executing
ptolemy.kernel.util.IllegalActionException: Test fails in iteration 1.
Value was: 1.0. Should have been: 2.0
  in .DirectFeedback.Test
    while executing
"java::new ptolemy.moml.MoMLSimpleApplication $file
"
    (procedure "createAndExecute" line 2)
    invoked from within
"createAndExecute $file"
    ("uplevel" body line 5)
    invoked from within
"uplevel $contents_of_test"
------------------ testing $PTII/ptolemy/domains/de/test/auto/ActorDepthCalculation_actorWithoutPorts.xml
auto.tcl: Setting watchdog for 200 seconds at Tue Jan 08 03:14:18 UTC 2019
3 ms. Memory: 146944K Free: 132401K (90%)
ptolemy.util.test.WatchDog.cancel(): canceling Tue Jan 08 03:14:18 UTC 2019
auto.tcl: Setting watchdog for 200 seconds at Tue Jan 08 03:14:18 UTC 2019
4 ms. Memory: 146944K Free: 131358K (89%)
ptolemy.util.test.WatchDog.cancel(): canceling Tue Jan 08 03:14:18 UTC 2019
------------------ testing $PTII/ptolemy/domains/de/test/auto/AssemblyLine.xml
auto.tcl: Setting watchdog for 200 seconds at Tue Jan 08 03:14:19 UTC 2019
20 ms. Memory: 208384K Free: 182806K (88%)
ptolemy.util.test.WatchDog.cancel(): canceling Tue Jan 08 03:14:19 UTC 2019
auto.tcl: Setting watchdog for 200 seconds at Tue Jan 08 03:14:19 UTC 2019
10 ms. Memory: 208384K Free: 182806K (88%)
ptolemy.util.test.WatchDog.cancel(): canceling Tue Jan 08 03:14:19 UTC 2019
------------------ testing $PTII/ptolemy/domains/de/test/auto/CQBug1.xml
auto.tcl: Setting watchdog for 200 seconds at Tue Jan 08 03:14:19 UTC 2019
3 ms. Memory: 208384K Free: 197695K (95%)
ptolemy.util.test.WatchDog.cancel(): canceling Tue Jan 08 03:14:19 UTC 2019
auto.tcl: Setting watchdog for 200 seconds at Tue Jan 08 03:14:19 UTC 2019
2 ms. Memory: 208384K Free: 197695K (95%)
ptolemy.util.test.WatchDog.cancel(): canceling Tue Jan 08 03:14:19 UTC 2019
------------------ testing $PTII/ptolemy/domains/de/test/auto/CancelFireAt.xml
auto.tcl: Setting watchdog for 200 seconds at Tue Jan 08 03:14:19 UTC 2019
3 ms. Memory: 208384K Free: 201423K (97%)
ptolemy.util.test.WatchDog.cancel(): canceling Tue Jan 08 03:14:19 UTC 2019
auto.tcl: Setting watchdog for 200 seconds at Tue Jan 08 03:14:19 UTC 2019
8 ms. Memory: 208384K Free: 198978K (95%)
ptolemy.util.test.WatchDog.cancel(): canceling Tue Jan 08 03:14:19 UTC 2019
------------------ testing $PTII/ptolemy/domains/de/test/auto/CausalityAndComposabilityAnalysis.xml
auto.tcl: Setting watchdog for 200 seconds at Tue Jan 08 03:14:19 UTC 2019
15 ms. Memory: 208384K Free: 196468K (94%)
ptolemy.util.test.WatchDog.cancel(): canceling Tue Jan 08 03:14:19 UTC 2019
auto.tcl: Setting watchdog for 200 seconds at Tue Jan 08 03:14:19 UTC 2019
6 ms. Memory: 208384K Free: 196468K (94%)
ptolemy.util.test.WatchDog.cancel(): canceling Tue Jan 08 03:14:19 UTC 2019
------------------ testing $PTII/ptolemy/domains/de/test/auto/CausalityInterface1.xml
auto.tcl: Setting watchdog for 200 seconds at Tue Jan 08 03:14:19 UTC 2019
12 ms. Memory: 208384K Free: 196404K (94%)
ptolemy.util.test.WatchDog.cancel(): canceling Tue Jan 08 03:14:19 UTC 2019
auto.tcl: Setting watchdog for 200 seconds at Tue Jan 08 03:14:19 UTC 2019
5 ms. Memory: 208384K Free: 196404K (94%)
ptolemy.util.test.WatchDog.cancel(): canceling Tue Jan 08 03:14:19 UTC 2019
------------------ testing $PTII/ptolemy/domains/de/test/auto/CausalityInterface15.xml
auto.tcl: Setting watchdog for 200 seconds at Tue Jan 08 03:14:19 UTC 2019
7 ms. Memory: 208384K Free: 196395K (94%)
ptolemy.util.test.WatchDog.cancel(): canceling Tue Jan 08 03:14:19 UTC 2019
auto.tcl: Setting watchdog for 200 seconds at Tue Jan 08 03:14:19 UTC 2019
7 ms. Memory: 208384K Free: 196395K (94%)
ptolemy.util.test.WatchDog.cancel(): canceling Tue Jan 08 03:14:19 UTC 2019
------------------ testing $PTII/ptolemy/domains/de/test/auto/CausalityInterface2.xml
auto.tcl: Setting watchdog for 200 seconds at Tue Jan 08 03:14:19 UTC 2019
7 ms. Memory: 208384K Free: 196716K (94%)
ptolemy.util.test.WatchDog.cancel(): canceling Tue Jan 08 03:14:19 UTC 2019
auto.tcl: Setting watchdog for 200 seconds at Tue Jan 08 03:14:19 UTC 2019
2 ms. Memory: 208384K Free: 196378K (94%)
ptolemy.util.test.WatchDog.cancel(): canceling Tue Jan 08 03:14:19 UTC 2019
------------------ testing $PTII/ptolemy/domains/de/test/auto/CausalityInterface3.xml
auto.tcl: Setting watchdog for 200 seconds at Tue Jan 08 03:14:19 UTC 2019
3 ms. Memory: 208384K Free: 196391K (94%)
ptolemy.util.test.WatchDog.cancel(): canceling Tue Jan 08 03:14:20 UTC 2019
auto.tcl: Setting watchdog for 200 seconds at Tue Jan 08 03:14:20 UTC 2019
4 ms. Memory: 208384K Free: 196391K (94%)
ptolemy.util.test.WatchDog.cancel(): canceling Tue Jan 08 03:14:20 UTC 2019
------------------ testing $PTII/ptolemy/domains/de/test/auto/ClockDrift.xml
auto.tcl: Setting watchdog for 200 seconds at Tue Jan 08 03:14:20 UTC 2019
72 ms. Memory: 208384K Free: 187600K (90%)
ptolemy.util.test.WatchDog.cancel(): canceling Tue Jan 08 03:14:20 UTC 2019
auto.tcl: Setting watchdog for 200 seconds at Tue Jan 08 03:14:20 UTC 2019
48 ms. Memory: 208384K Free: 185492K (89%)
ptolemy.util.test.WatchDog.cancel(): canceling Tue Jan 08 03:14:20 UTC 2019
------------------ testing $PTII/ptolemy/domains/de/test/auto/ClockDriftAndValueChange.xml
auto.tcl: Setting watchdog for 200 seconds at Tue Jan 08 03:14:20 UTC 2019
39 ms. Memory: 208384K Free: 187434K (90%)
ptolemy.util.test.WatchDog.cancel(): canceling Tue Jan 08 03:14:20 UTC 2019
auto.tcl: Setting watchdog for 200 seconds at Tue Jan 08 03:14:20 UTC 2019
28 ms. Memory: 208384K Free: 185326K (89%)
ptolemy.util.test.WatchDog.cancel(): canceling Tue Jan 08 03:14:20 UTC 2019
------------------ testing $PTII/ptolemy/domains/de/test/auto/ClockDriftChange.xml
auto.tcl: Setting watchdog for 200 seconds at Tue Jan 08 03:14:20 UTC 2019
39 ms. Memory: 208384K Free: 190513K (91%)
ptolemy.util.test.WatchDog.cancel(): canceling Tue Jan 08 03:14:20 UTC 2019
auto.tcl: Setting watchdog for 200 seconds at Tue Jan 08 03:14:20 UTC 2019
26 ms. Memory: 208384K Free: 188405K (90%)
ptolemy.util.test.WatchDog.cancel(): canceling Tue Jan 08 03:14:20 UTC 2019
------------------ testing $PTII/ptolemy/domains/de/test/auto/ComposableCausalityAnalysis.xml
auto.tcl: Setting watchdog for 200 seconds at Tue Jan 08 03:14:20 UTC 2019
2 ms. Memory: 208384K Free: 195986K (94%)
ptolemy.util.test.WatchDog.cancel(): canceling Tue Jan 08 03:14:20 UTC 2019
auto.tcl: Setting watchdog for 200 seconds at Tue Jan 08 03:14:20 UTC 2019
1 ms. Memory: 208384K Free: 193878K (93%)
ptolemy.util.test.WatchDog.cancel(): canceling Tue Jan 08 03:14:20 UTC 2019
------------------ testing $PTII/ptolemy/domains/de/test/auto/DEFixedPointLimitation.xml
auto.tcl: Setting watchdog for 200 seconds at Tue Jan 08 03:14:20 UTC 2019
2 ms. Memory: 208384K Free: 195863K (94%)
ptolemy.util.test.WatchDog.cancel(): canceling Tue Jan 08 03:14:20 UTC 2019
auto.tcl: Setting watchdog for 200 seconds at Tue Jan 08 03:14:20 UTC 2019
2 ms. Memory: 208384K Free: 195863K (94%)
ptolemy.util.test.WatchDog.cancel(): canceling Tue Jan 08 03:14:20 UTC 2019
------------------ testing $PTII/ptolemy/domains/de/test/auto/DEScheduleTest.xml
auto.tcl: Setting watchdog for 200 seconds at Tue Jan 08 03:14:20 UTC 2019
3 ms. Memory: 208384K Free: 198006K (95%)
ptolemy.util.test.WatchDog.cancel(): canceling Tue Jan 08 03:14:20 UTC 2019
auto.tcl: Setting watchdog for 200 seconds at Tue Jan 08 03:14:20 UTC 2019
6 ms. Memory: 208384K Free: 195898K (94%)
ptolemy.util.test.WatchDog.cancel(): canceling Tue Jan 08 03:14:20 UTC 2019
------------------ testing $PTII/ptolemy/domains/de/test/auto/DEinDEwithStartTimes.xml
auto.tcl: Setting watchdog for 200 seconds at Tue Jan 08 03:14:20 UTC 2019
3 ms. Memory: 208384K Free: 195868K (94%)
ptolemy.util.test.WatchDog.cancel(): canceling Tue Jan 08 03:14:20 UTC 2019
auto.tcl: Setting watchdog for 200 seconds at Tue Jan 08 03:14:20 UTC 2019
4 ms. Memory: 208384K Free: 193760K (93%)
ptolemy.util.test.WatchDog.cancel(): canceling Tue Jan 08 03:14:20 UTC 2019
------------------ testing $PTII/ptolemy/domains/de/test/auto/DEinDEwithStartTimes2.xml
auto.tcl: Setting watchdog for 200 seconds at Tue Jan 08 03:14:20 UTC 2019
9 ms. Memory: 208384K Free: 195848K (94%)
ptolemy.util.test.WatchDog.cancel(): canceling Tue Jan 08 03:14:21 UTC 2019
auto.tcl: Setting watchdog for 200 seconds at Tue Jan 08 03:14:21 UTC 2019
5 ms. Memory: 208384K Free: 193740K (93%)
ptolemy.util.test.WatchDog.cancel(): canceling Tue Jan 08 03:14:21 UTC 2019
------------------ testing $PTII/ptolemy/domains/de/test/auto/DateDemo.xml
auto.tcl: Setting watchdog for 200 seconds at Tue Jan 08 03:14:21 UTC 2019
15 ms. Memory: 208384K Free: 188254K (90%)
ptolemy.util.test.WatchDog.cancel(): canceling Tue Jan 08 03:14:21 UTC 2019
auto.tcl: Setting watchdog for 200 seconds at Tue Jan 08 03:14:21 UTC 2019
6 ms. Memory: 208384K Free: 186146K (89%)
ptolemy.util.test.WatchDog.cancel(): canceling Tue Jan 08 03:14:21 UTC 2019
------------------ testing $PTII/ptolemy/domains/de/test/auto/DateToEvent.xml
auto.tcl: Setting watchdog for 200 seconds at Tue Jan 08 03:14:21 UTC 2019
2019 ms. Memory: 208384K Free: 182938K (88%)
ptolemy.util.test.WatchDog.cancel(): canceling Tue Jan 08 03:14:23 UTC 2019
auto.tcl: Setting watchdog for 200 seconds at Tue Jan 08 03:14:23 UTC 2019
2006 ms. Memory: 208384K Free: 182938K (88%)
ptolemy.util.test.WatchDog.cancel(): canceling Tue Jan 08 03:14:25 UTC 2019
------------------ testing $PTII/ptolemy/domains/de/test/auto/DepthTest1.xml
auto.tcl: Setting watchdog for 200 seconds at Tue Jan 08 03:14:25 UTC 2019
4 ms. Memory: 208384K Free: 195414K (94%)
ptolemy.util.test.WatchDog.cancel(): canceling Tue Jan 08 03:14:25 UTC 2019
auto.tcl: Setting watchdog for 200 seconds at Tue Jan 08 03:14:25 UTC 2019
2 ms. Memory: 208384K Free: 195414K (94%)
ptolemy.util.test.WatchDog.cancel(): canceling Tue Jan 08 03:14:25 UTC 2019
------------------ testing $PTII/ptolemy/domains/de/test/auto/DepthTest2.xml
auto.tcl: Setting watchdog for 200 seconds at Tue Jan 08 03:14:25 UTC 2019
6 ms. Memory: 208384K Free: 193721K (93%)
ptolemy.util.test.WatchDog.cancel(): canceling Tue Jan 08 03:14:25 UTC 2019
auto.tcl: Setting watchdog for 200 seconds at Tue Jan 08 03:14:25 UTC 2019
5 ms. Memory: 208384K Free: 193721K (93%)
ptolemy.util.test.WatchDog.cancel(): canceling Tue Jan 08 03:14:25 UTC 2019
------------------ testing $PTII/ptolemy/domains/de/test/auto/DepthTest3.xml
auto.tcl: Setting watchdog for 200 seconds at Tue Jan 08 03:14:25 UTC 2019
3 ms. Memory: 208384K Free: 197870K (95%)
ptolemy.util.test.WatchDog.cancel(): canceling Tue Jan 08 03:14:25 UTC 2019
auto.tcl: Setting watchdog for 200 seconds at Tue Jan 08 03:14:25 UTC 2019
2 ms. Memory: 208384K Free: 197870K (95%)
ptolemy.util.test.WatchDog.cancel(): canceling Tue Jan 08 03:14:25 UTC 2019
------------------ testing $PTII/ptolemy/domains/de/test/auto/DepthTest4.xml
auto.tcl: Setting watchdog for 200 seconds at Tue Jan 08 03:14:25 UTC 2019
6 ms. Memory: 208384K Free: 195847K (94%)
ptolemy.util.test.WatchDog.cancel(): canceling Tue Jan 08 03:14:25 UTC 2019
auto.tcl: Setting watchdog for 200 seconds at Tue Jan 08 03:14:25 UTC 2019
2 ms. Memory: 208384K Free: 195847K (94%)
ptolemy.util.test.WatchDog.cancel(): canceling Tue Jan 08 03:14:25 UTC 2019
------------------ testing $PTII/ptolemy/domains/de/test/auto/DepthTest5.xml
auto.tcl: Setting watchdog for 200 seconds at Tue Jan 08 03:14:25 UTC 2019
5 ms. Memory: 208384K Free: 196134K (94%)
ptolemy.util.test.WatchDog.cancel(): canceling Tue Jan 08 03:14:25 UTC 2019
auto.tcl: Setting watchdog for 200 seconds at Tue Jan 08 03:14:25 UTC 2019
2 ms. Memory: 208384K Free: 196134K (94%)
ptolemy.util.test.WatchDog.cancel(): canceling Tue Jan 08 03:14:25 UTC 2019
------------------ testing $PTII/ptolemy/domains/de/test/auto/DepthTest6.xml
auto.tcl: Setting watchdog for 200 seconds at Tue Jan 08 03:14:25 UTC 2019
9 ms. Memory: 208384K Free: 196094K (94%)
ptolemy.util.test.WatchDog.cancel(): canceling Tue Jan 08 03:14:25 UTC 2019
auto.tcl: Setting watchdog for 200 seconds at Tue Jan 08 03:14:25 UTC 2019
3 ms. Memory: 208384K Free: 196094K (94%)
ptolemy.util.test.WatchDog.cancel(): canceling Tue Jan 08 03:14:25 UTC 2019
------------------ testing $PTII/ptolemy/domains/de/test/auto/DepthTest7.xml
auto.tcl: Setting watchdog for 200 seconds at Tue Jan 08 03:14:25 UTC 2019
2 ms. Memory: 208384K Free: 194525K (93%)
ptolemy.util.test.WatchDog.cancel(): canceling Tue Jan 08 03:14:25 UTC 2019
auto.tcl: Setting watchdog for 200 seconds at Tue Jan 08 03:14:25 UTC 2019
2 ms. Memory: 208384K Free: 194525K (93%)
ptolemy.util.test.WatchDog.cancel(): canceling Tue Jan 08 03:14:25 UTC 2019
------------------ testing $PTII/ptolemy/domains/de/test/auto/EventToDate.xml
auto.tcl: Setting watchdog for 200 seconds at Tue Jan 08 03:14:25 UTC 2019
3009 ms. Memory: 208384K Free: 185237K (89%)
ptolemy.util.test.WatchDog.cancel(): canceling Tue Jan 08 03:14:28 UTC 2019
auto.tcl: Setting watchdog for 200 seconds at Tue Jan 08 03:14:28 UTC 2019
3003 ms. Memory: 208384K Free: 185237K (89%)
ptolemy.util.test.WatchDog.cancel(): canceling Tue Jan 08 03:14:31 UTC 2019
------------------ testing $PTII/ptolemy/domains/de/test/auto/FSM1.xml
auto.tcl: Setting watchdog for 200 seconds at Tue Jan 08 03:14:31 UTC 2019
15 ms. Memory: 208384K Free: 188791K (91%)
ptolemy.util.test.WatchDog.cancel(): canceling Tue Jan 08 03:14:32 UTC 2019
auto.tcl: Setting watchdog for 200 seconds at Tue Jan 08 03:14:32 UTC 2019
13 ms. Memory: 208384K Free: 184576K (89%)
ptolemy.util.test.WatchDog.cancel(): canceling Tue Jan 08 03:14:32 UTC 2019
------------------ testing $PTII/ptolemy/domains/de/test/auto/FSM7.xml
auto.tcl: Setting watchdog for 200 seconds at Tue Jan 08 03:14:32 UTC 2019
31 ms. Memory: 208384K Free: 186886K (90%)
ptolemy.util.test.WatchDog.cancel(): canceling Tue Jan 08 03:14:32 UTC 2019
auto.tcl: Setting watchdog for 200 seconds at Tue Jan 08 03:14:32 UTC 2019
20 ms. Memory: 208384K Free: 184778K (89%)
ptolemy.util.test.WatchDog.cancel(): canceling Tue Jan 08 03:14:32 UTC 2019
------------------ testing $PTII/ptolemy/domains/de/test/auto/Inspection.xml
auto.tcl: Setting watchdog for 200 seconds at Tue Jan 08 03:14:32 UTC 2019
30 ms. Memory: 208384K Free: 188098K (90%)
ptolemy.util.test.WatchDog.cancel(): canceling Tue Jan 08 03:14:32 UTC 2019
auto.tcl: Setting watchdog for 200 seconds at Tue Jan 08 03:14:32 UTC 2019
21 ms. Memory: 208384K Free: 185991K (89%)
ptolemy.util.test.WatchDog.cancel(): canceling Tue Jan 08 03:14:32 UTC 2019
------------------ testing $PTII/ptolemy/domains/de/test/auto/Iteration.xml
auto.tcl: Setting watchdog for 200 seconds at Tue Jan 08 03:14:32 UTC 2019
8 ms. Memory: 208384K Free: 195896K (94%)
ptolemy.util.test.WatchDog.cancel(): canceling Tue Jan 08 03:14:32 UTC 2019
auto.tcl: Setting watchdog for 200 seconds at Tue Jan 08 03:14:32 UTC 2019
7 ms. Memory: 208384K Free: 193451K (93%)
ptolemy.util.test.WatchDog.cancel(): canceling Tue Jan 08 03:14:32 UTC 2019
------------------ testing $PTII/ptolemy/domains/de/test/auto/LineFault.xml
auto.tcl: Setting watchdog for 200 seconds at Tue Jan 08 03:14:32 UTC 2019
751 ms. Memory: 208384K Free: 195718K (94%)
ptolemy.util.test.WatchDog.cancel(): canceling Tue Jan 08 03:14:33 UTC 2019
auto.tcl: Setting watchdog for 200 seconds at Tue Jan 08 03:14:33 UTC 2019
563 ms. Memory: 208384K Free: 138173K (66%)
ptolemy.util.test.WatchDog.cancel(): canceling Tue Jan 08 03:14:34 UTC 2019
------------------ testing $PTII/ptolemy/domains/de/test/auto/MergeModel1Add.xml
auto.tcl: Setting watchdog for 200 seconds at Tue Jan 08 03:14:34 UTC 2019
29 ms. Memory: 331264K Free: 298396K (90%)
ptolemy.util.test.WatchDog.cancel(): canceling Tue Jan 08 03:14:34 UTC 2019
auto.tcl: Setting watchdog for 200 seconds at Tue Jan 08 03:14:34 UTC 2019
9 ms. Memory: 331264K Free: 298396K (90%)
ptolemy.util.test.WatchDog.cancel(): canceling Tue Jan 08 03:14:34 UTC 2019
------------------ testing $PTII/ptolemy/domains/de/test/auto/MergeModel2Add.xml
auto.tcl: Setting watchdog for 200 seconds at Tue Jan 08 03:14:34 UTC 2019
8 ms. Memory: 331264K Free: 303680K (92%)
ptolemy.util.test.WatchDog.cancel(): canceling Tue Jan 08 03:14:34 UTC 2019
auto.tcl: Setting watchdog for 200 seconds at Tue Jan 08 03:14:34 UTC 2019
11 ms. Memory: 331264K Free: 299733K (90%)
ptolemy.util.test.WatchDog.cancel(): canceling Tue Jan 08 03:14:34 UTC 2019
------------------ testing $PTII/ptolemy/domains/de/test/auto/MergeModel3Add.xml
auto.tcl: Setting watchdog for 200 seconds at Tue Jan 08 03:14:34 UTC 2019
10 ms. Memory: 331264K Free: 303691K (92%)
ptolemy.util.test.WatchDog.cancel(): canceling Tue Jan 08 03:14:34 UTC 2019
auto.tcl: Setting watchdog for 200 seconds at Tue Jan 08 03:14:34 UTC 2019
9 ms. Memory: 331264K Free: 299744K (90%)
ptolemy.util.test.WatchDog.cancel(): canceling Tue Jan 08 03:14:34 UTC 2019
------------------ testing $PTII/ptolemy/domains/de/test/auto/MergeWithoutDiscard.xml
auto.tcl: Setting watchdog for 200 seconds at Tue Jan 08 03:14:34 UTC 2019
4 ms. Memory: 331264K Free: 319762K (97%)
ptolemy.util.test.WatchDog.cancel(): canceling Tue Jan 08 03:14:34 UTC 2019
auto.tcl: Setting watchdog for 200 seconds at Tue Jan 08 03:14:34 UTC 2019
2 ms. Memory: 331264K Free: 315815K (95%)
ptolemy.util.test.WatchDog.cancel(): canceling Tue Jan 08 03:14:34 UTC 2019
------------------ testing $PTII/ptolemy/domains/de/test/auto/Modal1.xml
auto.tcl: Setting watchdog for 200 seconds at Tue Jan 08 03:14:34 UTC 2019
19 ms. Memory: 331264K Free: 309021K (93%)
ptolemy.util.test.WatchDog.cancel(): canceling Tue Jan 08 03:14:34 UTC 2019
auto.tcl: Setting watchdog for 200 seconds at Tue Jan 08 03:14:34 UTC 2019
11 ms. Memory: 331264K Free: 305074K (92%)
ptolemy.util.test.WatchDog.cancel(): canceling Tue Jan 08 03:14:34 UTC 2019
------------------ testing $PTII/ptolemy/domains/de/test/auto/Modal2.xml
auto.tcl: Setting watchdog for 200 seconds at Tue Jan 08 03:14:34 UTC 2019
16 ms. Memory: 331264K Free: 308903K (93%)
ptolemy.util.test.WatchDog.cancel(): canceling Tue Jan 08 03:14:34 UTC 2019
auto.tcl: Setting watchdog for 200 seconds at Tue Jan 08 03:14:34 UTC 2019
19 ms. Memory: 331264K Free: 304955K (92%)
ptolemy.util.test.WatchDog.cancel(): canceling Tue Jan 08 03:14:34 UTC 2019
------------------ testing $PTII/ptolemy/domains/de/test/auto/Modal3.xml
auto.tcl: Setting watchdog for 200 seconds at Tue Jan 08 03:14:34 UTC 2019
12 ms. Memory: 331264K Free: 308893K (93%)
ptolemy.util.test.WatchDog.cancel(): canceling Tue Jan 08 03:14:34 UTC 2019
auto.tcl: Setting watchdog for 200 seconds at Tue Jan 08 03:14:34 UTC 2019
9 ms. Memory: 331264K Free: 304945K (92%)
ptolemy.util.test.WatchDog.cancel(): canceling Tue Jan 08 03:14:34 UTC 2019
------------------ testing $PTII/ptolemy/domains/de/test/auto/Modal4.xml
auto.tcl: Setting watchdog for 200 seconds at Tue Jan 08 03:14:34 UTC 2019
18 ms. Memory: 331264K Free: 308906K (93%)
ptolemy.util.test.WatchDog.cancel(): canceling Tue Jan 08 03:14:34 UTC 2019
auto.tcl: Setting watchdog for 200 seconds at Tue Jan 08 03:14:34 UTC 2019
12 ms. Memory: 331264K Free: 304959K (92%)
ptolemy.util.test.WatchDog.cancel(): canceling Tue Jan 08 03:14:35 UTC 2019
------------------ testing $PTII/ptolemy/domains/de/test/auto/Modal5.xml
auto.tcl: Setting watchdog for 200 seconds at Tue Jan 08 03:14:35 UTC 2019
23 ms. Memory: 331264K Free: 308893K (93%)
ptolemy.util.test.WatchDog.cancel(): canceling Tue Jan 08 03:14:35 UTC 2019
auto.tcl: Setting watchdog for 200 seconds at Tue Jan 08 03:14:35 UTC 2019
14 ms. Memory: 331264K Free: 304946K (92%)
ptolemy.util.test.WatchDog.cancel(): canceling Tue Jan 08 03:14:35 UTC 2019
------------------ testing $PTII/ptolemy/domains/de/test/auto/Modal6.xml
auto.tcl: Setting watchdog for 200 seconds at Tue Jan 08 03:14:35 UTC 2019
17 ms. Memory: 331264K Free: 308890K (93%)
ptolemy.util.test.WatchDog.cancel(): canceling Tue Jan 08 03:14:35 UTC 2019
auto.tcl: Setting watchdog for 200 seconds at Tue Jan 08 03:14:35 UTC 2019
13 ms. Memory: 331264K Free: 304943K (92%)
ptolemy.util.test.WatchDog.cancel(): canceling Tue Jan 08 03:14:35 UTC 2019
------------------ testing $PTII/ptolemy/domains/de/test/auto/Modal7.xml
auto.tcl: Setting watchdog for 200 seconds at Tue Jan 08 03:14:35 UTC 2019
17 ms. Memory: 331264K Free: 308890K (93%)
ptolemy.util.test.WatchDog.cancel(): canceling Tue Jan 08 03:14:35 UTC 2019
auto.tcl: Setting watchdog for 200 seconds at Tue Jan 08 03:14:35 UTC 2019
17 ms. Memory: 331264K Free: 304942K (92%)
ptolemy.util.test.WatchDog.cancel(): canceling Tue Jan 08 03:14:35 UTC 2019
------------------ testing $PTII/ptolemy/domains/de/test/auto/ModalModel.xml
auto.tcl: Setting watchdog for 200 seconds at Tue Jan 08 03:14:35 UTC 2019
192 ms. Memory: 331264K Free: 245406K (74%)
ptolemy.util.test.WatchDog.cancel(): canceling Tue Jan 08 03:14:35 UTC 2019
auto.tcl: Setting watchdog for 200 seconds at Tue Jan 08 03:14:35 UTC 2019
158 ms. Memory: 331264K Free: 190143K (57%)
ptolemy.util.test.WatchDog.cancel(): canceling Tue Jan 08 03:14:35 UTC 2019
------------------ testing $PTII/ptolemy/domains/de/test/auto/ModalSource.xml
auto.tcl: Setting watchdog for 200 seconds at Tue Jan 08 03:14:35 UTC 2019
11 ms. Memory: 331264K Free: 315862K (95%)
ptolemy.util.test.WatchDog.cancel(): canceling Tue Jan 08 03:14:35 UTC 2019
auto.tcl: Setting watchdog for 200 seconds at Tue Jan 08 03:14:35 UTC 2019
5 ms. Memory: 331264K Free: 312347K (94%)
ptolemy.util.test.WatchDog.cancel(): canceling Tue Jan 08 03:14:35 UTC 2019
------------------ testing $PTII/ptolemy/domains/de/test/auto/NonInterruptibleTimerZeroDelay.xml
auto.tcl: Setting watchdog for 200 seconds at Tue Jan 08 03:14:35 UTC 2019
4 ms. Memory: 331264K Free: 320030K (97%)
ptolemy.util.test.WatchDog.cancel(): canceling Tue Jan 08 03:14:35 UTC 2019
auto.tcl: Setting watchdog for 200 seconds at Tue Jan 08 03:14:35 UTC 2019
2 ms. Memory: 331264K Free: 316515K (96%)
ptolemy.util.test.WatchDog.cancel(): canceling Tue Jan 08 03:14:35 UTC 2019
------------------ testing $PTII/ptolemy/domains/de/test/auto/OpenQueueingNetwork.xml
auto.tcl: Setting watchdog for 200 seconds at Tue Jan 08 03:14:35 UTC 2019
2744 ms. Memory: 573952K Free: 408190K (71%)
ptolemy.util.test.WatchDog.cancel(): canceling Tue Jan 08 03:14:38 UTC 2019
auto.tcl: Setting watchdog for 200 seconds at Tue Jan 08 03:14:38 UTC 2019
2485 ms. Memory: 550912K Free: 296217K (54%)
ptolemy.util.test.WatchDog.cancel(): canceling Tue Jan 08 03:14:41 UTC 2019
------------------ testing $PTII/ptolemy/domains/de/test/auto/OpenQueuingNetwork.xml
auto.tcl: Setting watchdog for 200 seconds at Tue Jan 08 03:14:41 UTC 2019
229 ms. Memory: 549888K Free: 443888K (81%)
ptolemy.util.test.WatchDog.cancel(): canceling Tue Jan 08 03:14:41 UTC 2019
auto.tcl: Setting watchdog for 200 seconds at Tue Jan 08 03:14:41 UTC 2019
225 ms. Memory: 549888K Free: 383564K (70%)
ptolemy.util.test.WatchDog.cancel(): canceling Tue Jan 08 03:14:41 UTC 2019
------------------ testing $PTII/ptolemy/domains/de/test/auto/PeriodicSampler.xml
auto.tcl: Setting watchdog for 200 seconds at Tue Jan 08 03:14:42 UTC 2019
2 ms. Memory: 551936K Free: 529998K (96%)
ptolemy.util.test.WatchDog.cancel(): canceling Tue Jan 08 03:14:42 UTC 2019
auto.tcl: Setting watchdog for 200 seconds at Tue Jan 08 03:14:42 UTC 2019
2 ms. Memory: 551936K Free: 529998K (96%)
ptolemy.util.test.WatchDog.cancel(): canceling Tue Jan 08 03:14:42 UTC 2019
------------------ testing $PTII/ptolemy/domains/de/test/auto/PersistentIO.xml
auto.tcl: Setting watchdog for 200 seconds at Tue Jan 08 03:14:42 UTC 2019
5 ms. Memory: 549376K Free: 521335K (95%)
ptolemy.util.test.WatchDog.cancel(): canceling Tue Jan 08 03:14:42 UTC 2019
auto.tcl: Setting watchdog for 200 seconds at Tue Jan 08 03:14:42 UTC 2019
3 ms. Memory: 549376K Free: 521335K (95%)
ptolemy.util.test.WatchDog.cancel(): canceling Tue Jan 08 03:14:42 UTC 2019
------------------ testing $PTII/ptolemy/domains/de/test/auto/PortParameterResetOnInitialize.xml
auto.tcl: Setting watchdog for 200 seconds at Tue Jan 08 03:14:42 UTC 2019
3 ms. Memory: 551424K Free: 529717K (96%)
ptolemy.util.test.WatchDog.cancel(): canceling Tue Jan 08 03:14:42 UTC 2019
auto.tcl: Setting watchdog for 200 seconds at Tue Jan 08 03:14:42 UTC 2019
2 ms. Memory: 551424K Free: 529717K (96%)
ptolemy.util.test.WatchDog.cancel(): canceling Tue Jan 08 03:14:42 UTC 2019
------------------ testing $PTII/ptolemy/domains/de/test/auto/PortParameterUpdates.xml
auto.tcl: Setting watchdog for 200 seconds at Tue Jan 08 03:14:42 UTC 2019
4 ms. Memory: 549376K Free: 528032K (96%)
ptolemy.util.test.WatchDog.cancel(): canceling Tue Jan 08 03:14:42 UTC 2019
auto.tcl: Setting watchdog for 200 seconds at Tue Jan 08 03:14:42 UTC 2019
3 ms. Memory: 549376K Free: 521330K (95%)
ptolemy.util.test.WatchDog.cancel(): canceling Tue Jan 08 03:14:42 UTC 2019
------------------ testing $PTII/ptolemy/domains/de/test/auto/QueueAndServer.xml
auto.tcl: Setting watchdog for 200 seconds at Tue Jan 08 03:14:42 UTC 2019
7 ms. Memory: 551424K Free: 534494K (97%)
ptolemy.util.test.WatchDog.cancel(): canceling Tue Jan 08 03:14:42 UTC 2019
auto.tcl: Setting watchdog for 200 seconds at Tue Jan 08 03:14:42 UTC 2019
6 ms. Memory: 551424K Free: 527775K (96%)
ptolemy.util.test.WatchDog.cancel(): canceling Tue Jan 08 03:14:42 UTC 2019
------------------ testing $PTII/ptolemy/domains/de/test/auto/Records.xml
auto.tcl: Setting watchdog for 200 seconds at Tue Jan 08 03:14:42 UTC 2019
5 ms. Memory: 549376K Free: 532387K (97%)
ptolemy.util.test.WatchDog.cancel(): canceling Tue Jan 08 03:14:42 UTC 2019
auto.tcl: Setting watchdog for 200 seconds at Tue Jan 08 03:14:42 UTC 2019
3 ms. Memory: 549376K Free: 532387K (97%)
ptolemy.util.test.WatchDog.cancel(): canceling Tue Jan 08 03:14:42 UTC 2019
------------------ testing $PTII/ptolemy/domains/de/test/auto/ResetTransitionWithStartTime1.xml
auto.tcl: Setting watchdog for 200 seconds at Tue Jan 08 03:14:42 UTC 2019
12 ms. Memory: 551424K Free: 534461K (97%)
ptolemy.util.test.WatchDog.cancel(): canceling Tue Jan 08 03:14:42 UTC 2019
auto.tcl: Setting watchdog for 200 seconds at Tue Jan 08 03:14:42 UTC 2019
5 ms. Memory: 551424K Free: 527755K (96%)
ptolemy.util.test.WatchDog.cancel(): canceling Tue Jan 08 03:14:42 UTC 2019
------------------ testing $PTII/ptolemy/domains/de/test/auto/ResetTransitionWithStartTime2.xml
auto.tcl: Setting watchdog for 200 seconds at Tue Jan 08 03:14:42 UTC 2019
5 ms. Memory: 549376K Free: 525924K (96%)
ptolemy.util.test.WatchDog.cancel(): canceling Tue Jan 08 03:14:42 UTC 2019
auto.tcl: Setting watchdog for 200 seconds at Tue Jan 08 03:14:42 UTC 2019
5 ms. Memory: 549376K Free: 525924K (96%)
ptolemy.util.test.WatchDog.cancel(): canceling Tue Jan 08 03:14:42 UTC 2019
------------------ testing $PTII/ptolemy/domains/de/test/auto/ResetTransitionWithStartTime3.xml
auto.tcl: Setting watchdog for 200 seconds at Tue Jan 08 03:14:42 UTC 2019
5 ms. Memory: 550912K Free: 533939K (97%)
ptolemy.util.test.WatchDog.cancel(): canceling Tue Jan 08 03:14:42 UTC 2019
auto.tcl: Setting watchdog for 200 seconds at Tue Jan 08 03:14:42 UTC 2019
6 ms. Memory: 550912K Free: 527237K (96%)
ptolemy.util.test.WatchDog.cancel(): canceling Tue Jan 08 03:14:42 UTC 2019
------------------ testing $PTII/ptolemy/domains/de/test/auto/ResetTransitionWithStartTime4.xml
auto.tcl: Setting watchdog for 200 seconds at Tue Jan 08 03:14:42 UTC 2019
5 ms. Memory: 549376K Free: 525683K (96%)
ptolemy.util.test.WatchDog.cancel(): canceling Tue Jan 08 03:14:42 UTC 2019
auto.tcl: Setting watchdog for 200 seconds at Tue Jan 08 03:14:42 UTC 2019
3 ms. Memory: 549376K Free: 525683K (96%)
ptolemy.util.test.WatchDog.cancel(): canceling Tue Jan 08 03:14:42 UTC 2019
------------------ testing $PTII/ptolemy/domains/de/test/auto/ResettableTimer1.xml
auto.tcl: Setting watchdog for 200 seconds at Tue Jan 08 03:14:42 UTC 2019
3 ms. Memory: 550912K Free: 533932K (97%)
ptolemy.util.test.WatchDog.cancel(): canceling Tue Jan 08 03:14:42 UTC 2019
auto.tcl: Setting watchdog for 200 seconds at Tue Jan 08 03:14:42 UTC 2019
2 ms. Memory: 550912K Free: 533932K (97%)
ptolemy.util.test.WatchDog.cancel(): canceling Tue Jan 08 03:14:42 UTC 2019
------------------ testing $PTII/ptolemy/domains/de/test/auto/ResettableTimer2.xml
auto.tcl: Setting watchdog for 200 seconds at Tue Jan 08 03:14:42 UTC 2019
4 ms. Memory: 549376K Free: 532684K (97%)
ptolemy.util.test.WatchDog.cancel(): canceling Tue Jan 08 03:14:42 UTC 2019
auto.tcl: Setting watchdog for 200 seconds at Tue Jan 08 03:14:42 UTC 2019
2 ms. Memory: 549376K Free: 532684K (97%)
ptolemy.util.test.WatchDog.cancel(): canceling Tue Jan 08 03:14:42 UTC 2019
------------------ testing $PTII/ptolemy/domains/de/test/auto/ResettableTimer3.xml
auto.tcl: Setting watchdog for 200 seconds at Tue Jan 08 03:14:42 UTC 2019
1 ms. Memory: 550912K Free: 533991K (97%)
ptolemy.util.test.WatchDog.cancel(): canceling Tue Jan 08 03:14:42 UTC 2019
auto.tcl: Setting watchdog for 200 seconds at Tue Jan 08 03:14:42 UTC 2019
1 ms. Memory: 550912K Free: 533991K (97%)
ptolemy.util.test.WatchDog.cancel(): canceling Tue Jan 08 03:14:42 UTC 2019
------------------ testing $PTII/ptolemy/domains/de/test/auto/ResettableTimer4.xml
auto.tcl: Setting watchdog for 200 seconds at Tue Jan 08 03:14:42 UTC 2019
1 ms. Memory: 549376K Free: 532697K (97%)
ptolemy.util.test.WatchDog.cancel(): canceling Tue Jan 08 03:14:42 UTC 2019
auto.tcl: Setting watchdog for 200 seconds at Tue Jan 08 03:14:42 UTC 2019
2 ms. Memory: 549376K Free: 532697K (97%)
ptolemy.util.test.WatchDog.cancel(): canceling Tue Jan 08 03:14:42 UTC 2019
------------------ testing $PTII/ptolemy/domains/de/test/auto/ResettableTimer5.xml
auto.tcl: Setting watchdog for 200 seconds at Tue Jan 08 03:14:43 UTC 2019
1 ms. Memory: 550400K Free: 529040K (96%)
ptolemy.util.test.WatchDog.cancel(): canceling Tue Jan 08 03:14:43 UTC 2019
auto.tcl: Setting watchdog for 200 seconds at Tue Jan 08 03:14:43 UTC 2019
1 ms. Memory: 550400K Free: 529040K (96%)
ptolemy.util.test.WatchDog.cancel(): canceling Tue Jan 08 03:14:43 UTC 2019
------------------ testing $PTII/ptolemy/domains/de/test/auto/ResettableTimer6.xml
auto.tcl: Setting watchdog for 200 seconds at Tue Jan 08 03:14:43 UTC 2019
2 ms. Memory: 549376K Free: 527736K (96%)
ptolemy.util.test.WatchDog.cancel(): canceling Tue Jan 08 03:14:43 UTC 2019
auto.tcl: Setting watchdog for 200 seconds at Tue Jan 08 03:14:43 UTC 2019
1 ms. Memory: 549376K Free: 527736K (96%)
ptolemy.util.test.WatchDog.cancel(): canceling Tue Jan 08 03:14:43 UTC 2019
------------------ testing $PTII/ptolemy/domains/de/test/auto/ServerZeroDelay.xml
auto.tcl: Setting watchdog for 200 seconds at Tue Jan 08 03:14:43 UTC 2019
2 ms. Memory: 550400K Free: 533660K (97%)
ptolemy.util.test.WatchDog.cancel(): canceling Tue Jan 08 03:14:43 UTC 2019
auto.tcl: Setting watchdog for 200 seconds at Tue Jan 08 03:14:43 UTC 2019
2 ms. Memory: 550400K Free: 533660K (97%)
ptolemy.util.test.WatchDog.cancel(): canceling Tue Jan 08 03:14:43 UTC 2019
------------------ testing $PTII/ptolemy/domains/de/test/auto/SmartSender.xml
auto.tcl: Setting watchdog for 200 seconds at Tue Jan 08 03:14:43 UTC 2019
3001 ms. Memory: 549376K Free: 527951K (96%)
ptolemy.util.test.WatchDog.cancel(): canceling Tue Jan 08 03:14:46 UTC 2019
auto.tcl: Setting watchdog for 200 seconds at Tue Jan 08 03:14:46 UTC 2019
3002 ms. Memory: 549376K Free: 527951K (96%)
ptolemy.util.test.WatchDog.cancel(): canceling Tue Jan 08 03:14:49 UTC 2019
------------------ testing $PTII/ptolemy/domains/de/test/auto/ThreadedComposite.xml
auto.tcl: Setting watchdog for 200 seconds at Tue Jan 08 03:14:49 UTC 2019
183 ms. Memory: 550400K Free: 512697K (93%)
ptolemy.util.test.WatchDog.cancel(): canceling Tue Jan 08 03:14:49 UTC 2019
auto.tcl: Setting watchdog for 200 seconds at Tue Jan 08 03:14:49 UTC 2019
201 ms. Memory: 550400K Free: 487260K (89%)
ptolemy.util.test.WatchDog.cancel(): canceling Tue Jan 08 03:14:49 UTC 2019
------------------ testing $PTII/ptolemy/domains/de/test/auto/Time.xml
auto.tcl: Setting watchdog for 200 seconds at Tue Jan 08 03:14:49 UTC 2019
479 ms. Memory: 549376K Free: 480648K (87%)
ptolemy.util.test.WatchDog.cancel(): canceling Tue Jan 08 03:14:50 UTC 2019
auto.tcl: Setting watchdog for 200 seconds at Tue Jan 08 03:14:50 UTC 2019
463 ms. Memory: 549376K Free: 427027K (78%)
ptolemy.util.test.WatchDog.cancel(): canceling Tue Jan 08 03:14:50 UTC 2019
------------------ testing $PTII/ptolemy/domains/de/test/auto/TimeDelayZeroDelay.xml
auto.tcl: Setting watchdog for 200 seconds at Tue Jan 08 03:14:50 UTC 2019
2 ms. Memory: 550400K Free: 533346K (97%)
ptolemy.util.test.WatchDog.cancel(): canceling Tue Jan 08 03:14:50 UTC 2019
auto.tcl: Setting watchdog for 200 seconds at Tue Jan 08 03:14:50 UTC 2019
1 ms. Memory: 550400K Free: 533346K (97%)
ptolemy.util.test.WatchDog.cancel(): canceling Tue Jan 08 03:14:50 UTC 2019
------------------ testing $PTII/ptolemy/domains/de/test/auto/TimerZeroDelay.xml
auto.tcl: Setting watchdog for 200 seconds at Tue Jan 08 03:14:50 UTC 2019
2 ms. Memory: 549376K Free: 532596K (97%)
ptolemy.util.test.WatchDog.cancel(): canceling Tue Jan 08 03:14:50 UTC 2019
auto.tcl: Setting watchdog for 200 seconds at Tue Jan 08 03:14:50 UTC 2019
2 ms. Memory: 549376K Free: 532596K (97%)
ptolemy.util.test.WatchDog.cancel(): canceling Tue Jan 08 03:14:50 UTC 2019
------------------ testing $PTII/ptolemy/domains/de/test/auto/TimingParadox.xml
auto.tcl: Setting watchdog for 200 seconds at Tue Jan 08 03:14:50 UTC 2019
356 ms. Memory: 549888K Free: 466567K (85%)
ptolemy.util.test.WatchDog.cancel(): canceling Tue Jan 08 03:14:51 UTC 2019
auto.tcl: Setting watchdog for 200 seconds at Tue Jan 08 03:14:51 UTC 2019
349 ms. Memory: 549888K Free: 433054K (79%)
ptolemy.util.test.WatchDog.cancel(): canceling Tue Jan 08 03:14:51 UTC 2019
------------------ testing $PTII/ptolemy/domains/de/test/auto/TransferInputs.xml
auto.tcl: Setting watchdog for 200 seconds at Tue Jan 08 03:14:51 UTC 2019
2 ms. Memory: 549888K Free: 532012K (97%)
ptolemy.util.test.WatchDog.cancel(): canceling Tue Jan 08 03:14:51 UTC 2019
auto.tcl: Setting watchdog for 200 seconds at Tue Jan 08 03:14:51 UTC 2019
2 ms. Memory: 549888K Free: 532012K (97%)
ptolemy.util.test.WatchDog.cancel(): canceling Tue Jan 08 03:14:51 UTC 2019
------------------ testing $PTII/ptolemy/domains/de/test/auto/TransferOutputs2.xml
auto.tcl: Setting watchdog for 200 seconds at Tue Jan 08 03:14:51 UTC 2019
3 ms. Memory: 549376K Free: 521204K (95%)
ptolemy.util.test.WatchDog.cancel(): canceling Tue Jan 08 03:14:51 UTC 2019
auto.tcl: Setting watchdog for 200 seconds at Tue Jan 08 03:14:51 UTC 2019
3 ms. Memory: 549376K Free: 521204K (95%)
ptolemy.util.test.WatchDog.cancel(): canceling Tue Jan 08 03:14:51 UTC 2019
------------------ testing $PTII/ptolemy/domains/de/test/auto/Trilateration.xml
auto.tcl: Setting watchdog for 200 seconds at Tue Jan 08 03:14:51 UTC 2019
14374 ms. Memory: 766976K Free: 157170K (20%)
ptolemy.util.test.WatchDog.cancel(): canceling Tue Jan 08 03:15:07 UTC 2019
auto.tcl: Setting watchdog for 200 seconds at Tue Jan 08 03:15:07 UTC 2019
11291 ms. Memory: 623104K Free: 486471K (78%)
ptolemy.util.test.WatchDog.cancel(): canceling Tue Jan 08 03:15:18 UTC 2019
------------------ testing $PTII/ptolemy/domains/de/test/auto/TwoSigmaDelta.xml
auto.tcl: Setting watchdog for 200 seconds at Tue Jan 08 03:15:18 UTC 2019
2697 ms. Memory: 619520K Free: 303282K (49%)
ptolemy.util.test.WatchDog.cancel(): canceling Tue Jan 08 03:15:21 UTC 2019
auto.tcl: Setting watchdog for 200 seconds at Tue Jan 08 03:15:21 UTC 2019
2155 ms. Memory: 619520K Free: 76175K (12%)
ptolemy.util.test.WatchDog.cancel(): canceling Tue Jan 08 03:15:23 UTC 2019
------------------ testing $PTII/ptolemy/domains/de/test/auto/VariableDelay.xml
auto.tcl: Setting watchdog for 200 seconds at Tue Jan 08 03:15:23 UTC 2019
2 ms. Memory: 623104K Free: 598186K (96%)
ptolemy.util.test.WatchDog.cancel(): canceling Tue Jan 08 03:15:23 UTC 2019
auto.tcl: Setting watchdog for 200 seconds at Tue Jan 08 03:15:23 UTC 2019
2 ms. Memory: 623104K Free: 598186K (96%)
ptolemy.util.test.WatchDog.cancel(): canceling Tue Jan 08 03:15:23 UTC 2019
------------------ testing $PTII/ptolemy/domains/de/test/auto/VariableDelay2.xml
auto.tcl: Setting watchdog for 200 seconds at Tue Jan 08 03:15:23 UTC 2019
7 ms. Memory: 619520K Free: 600427K (97%)
ptolemy.util.test.WatchDog.cancel(): canceling Tue Jan 08 03:15:23 UTC 2019
auto.tcl: Setting watchdog for 200 seconds at Tue Jan 08 03:15:23 UTC 2019
2 ms. Memory: 619520K Free: 600427K (97%)
ptolemy.util.test.WatchDog.cancel(): canceling Tue Jan 08 03:15:23 UTC 2019
------------------ testing $PTII/ptolemy/domains/de/test/auto/VariableDelayZeroDelay.xml
auto.tcl: Setting watchdog for 200 seconds at Tue Jan 08 03:15:23 UTC 2019
2 ms. Memory: 622592K Free: 598117K (96%)
ptolemy.util.test.WatchDog.cancel(): canceling Tue Jan 08 03:15:23 UTC 2019
auto.tcl: Setting watchdog for 200 seconds at Tue Jan 08 03:15:23 UTC 2019
2 ms. Memory: 622592K Free: 598117K (96%)
ptolemy.util.test.WatchDog.cancel(): canceling Tue Jan 08 03:15:23 UTC 2019
------------------ testing $PTII/ptolemy/domains/de/test/auto/VariableDelayZeroDelay2.xml
auto.tcl: Setting watchdog for 200 seconds at Tue Jan 08 03:15:23 UTC 2019
2 ms. Memory: 619520K Free: 595044K (96%)
ptolemy.util.test.WatchDog.cancel(): canceling Tue Jan 08 03:15:23 UTC 2019
auto.tcl: Setting watchdog for 200 seconds at Tue Jan 08 03:15:23 UTC 2019
2 ms. Memory: 619520K Free: 595044K (96%)
ptolemy.util.test.WatchDog.cancel(): canceling Tue Jan 08 03:15:23 UTC 2019
------------------ testing $PTII/ptolemy/domains/de/test/auto/deInCt.xml
auto.tcl: Setting watchdog for 200 seconds at Tue Jan 08 03:15:23 UTC 2019
0
1
1
1
1
0
0
0
0
0
1
1
1
0
0
0
0
1
1
1
1
0
0
0
1
1
1
0
0
0
1
1
1
1
1
11 ms. Memory: 622080K Free: 597570K (96%)
ptolemy.util.test.WatchDog.cancel(): canceling Tue Jan 08 03:15:23 UTC 2019
auto.tcl: Setting watchdog for 200 seconds at Tue Jan 08 03:15:23 UTC 2019
0
1
1
1
0
0
1
1
1
1
0
0
0
1
1
0
0
0
0
0
1
1
1
1
1
0
0
1
1
1
0
0
0
0
4 ms. Memory: 622080K Free: 597570K (96%)
ptolemy.util.test.WatchDog.cancel(): canceling Tue Jan 08 03:15:23 UTC 2019
------------------ testing $PTII/ptolemy/domains/de/test/auto/deInCt2.xml
auto.tcl: Setting watchdog for 200 seconds at Tue Jan 08 03:15:23 UTC 2019
0
1
1
1
0
0
1
1
1
0
0
1
1
1
0
0
1
1
1
0
0
1
1
1
0
0
1
1
1
0
0
1
1
1
0
0
1
1
1
0
0
0
15 ms. Memory: 619520K Free: 595010K (96%)
ptolemy.util.test.WatchDog.cancel(): canceling Tue Jan 08 03:15:23 UTC 2019
auto.tcl: Setting watchdog for 200 seconds at Tue Jan 08 03:15:23 UTC 2019
0
1
1
1
0
0
1
1
1
0
0
1
1
1
0
0
1
1
1
0
0
1
1
1
0
0
1
1
1
0
0
1
1
1
0
0
1
1
1
0
0
0
5 ms. Memory: 619520K Free: 595010K (96%)
ptolemy.util.test.WatchDog.cancel(): canceling Tue Jan 08 03:15:23 UTC 2019
------------------ testing $PTII/ptolemy/domains/de/test/auto/dynamicCausalityInterface1.xml
auto.tcl: Setting watchdog for 200 seconds at Tue Jan 08 03:15:24 UTC 2019
2 ms. Memory: 621568K Free: 594278K (96%)
ptolemy.util.test.WatchDog.cancel(): canceling Tue Jan 08 03:15:24 UTC 2019
auto.tcl: Setting watchdog for 200 seconds at Tue Jan 08 03:15:24 UTC 2019
1 ms. Memory: 621568K Free: 594278K (96%)
ptolemy.util.test.WatchDog.cancel(): canceling Tue Jan 08 03:15:24 UTC 2019
------------------ testing $PTII/ptolemy/domains/de/test/auto/fsm_de_test.xml
auto.tcl: Setting watchdog for 200 seconds at Tue Jan 08 03:15:24 UTC 2019
10 ms. Memory: 619520K Free: 594931K (96%)
ptolemy.util.test.WatchDog.cancel(): canceling Tue Jan 08 03:15:24 UTC 2019
auto.tcl: Setting watchdog for 200 seconds at Tue Jan 08 03:15:24 UTC 2019
6 ms. Memory: 619520K Free: 586729K (95%)
ptolemy.util.test.WatchDog.cancel(): canceling Tue Jan 08 03:15:24 UTC 2019
------------------ testing $PTII/ptolemy/domains/de/test/auto/functionDependencyReconstruction.xml
auto.tcl: Setting watchdog for 200 seconds at Tue Jan 08 03:15:24 UTC 2019
3 ms. Memory: 621568K Free: 588767K (95%)
ptolemy.util.test.WatchDog.cancel(): canceling Tue Jan 08 03:15:24 UTC 2019
auto.tcl: Setting watchdog for 200 seconds at Tue Jan 08 03:15:24 UTC 2019
3 ms. Memory: 621568K Free: 580565K (93%)
ptolemy.util.test.WatchDog.cancel(): canceling Tue Jan 08 03:15:24 UTC 2019
------------------ testing $PTII/ptolemy/domains/de/test/auto/multirate.xml
auto.tcl: Setting watchdog for 200 seconds at Tue Jan 08 03:15:24 UTC 2019
4 ms. Memory: 619520K Free: 594798K (96%)
ptolemy.util.test.WatchDog.cancel(): canceling Tue Jan 08 03:15:24 UTC 2019
auto.tcl: Setting watchdog for 200 seconds at Tue Jan 08 03:15:24 UTC 2019
3 ms. Memory: 619520K Free: 594798K (96%)
ptolemy.util.test.WatchDog.cancel(): canceling Tue Jan 08 03:15:24 UTC 2019
------------------ testing $PTII/ptolemy/domains/de/test/auto/multirate2.xml
auto.tcl: Setting watchdog for 200 seconds at Tue Jan 08 03:15:24 UTC 2019
3 ms. Memory: 621056K Free: 596522K (96%)
ptolemy.util.test.WatchDog.cancel(): canceling Tue Jan 08 03:15:24 UTC 2019
auto.tcl: Setting watchdog for 200 seconds at Tue Jan 08 03:15:24 UTC 2019
2 ms. Memory: 621056K Free: 596522K (96%)
ptolemy.util.test.WatchDog.cancel(): canceling Tue Jan 08 03:15:24 UTC 2019
------------------ testing $PTII/ptolemy/domains/de/test/auto/realtime.xml
auto.tcl: Setting watchdog for 200 seconds at Tue Jan 08 03:15:24 UTC 2019
10002 ms. Memory: 619520K Free: 594954K (96%)
ptolemy.util.test.WatchDog.cancel(): canceling Tue Jan 08 03:15:34 UTC 2019
auto.tcl: Setting watchdog for 200 seconds at Tue Jan 08 03:15:34 UTC 2019
10001 ms. Memory: 619520K Free: 594954K (96%)
ptolemy.util.test.WatchDog.cancel(): canceling Tue Jan 08 03:15:44 UTC 2019
------------------ testing $PTII/ptolemy/domains/de/test/auto/relationGroup.xml
auto.tcl: Setting watchdog for 200 seconds at Tue Jan 08 03:15:44 UTC 2019
2 ms. Memory: 621056K Free: 596546K (96%)
ptolemy.util.test.WatchDog.cancel(): canceling Tue Jan 08 03:15:44 UTC 2019
auto.tcl: Setting watchdog for 200 seconds at Tue Jan 08 03:15:44 UTC 2019
1 ms. Memory: 621056K Free: 596546K (96%)
ptolemy.util.test.WatchDog.cancel(): canceling Tue Jan 08 03:15:44 UTC 2019
------------------ testing $PTII/ptolemy/domains/de/test/auto/relationGroup2.xml
auto.tcl: Setting watchdog for 200 seconds at Tue Jan 08 03:15:44 UTC 2019
1 ms. Memory: 619520K Free: 595037K (96%)
ptolemy.util.test.WatchDog.cancel(): canceling Tue Jan 08 03:15:44 UTC 2019
auto.tcl: Setting watchdog for 200 seconds at Tue Jan 08 03:15:44 UTC 2019
1 ms. Memory: 619520K Free: 595037K (96%)
ptolemy.util.test.WatchDog.cancel(): canceling Tue Jan 08 03:15:44 UTC 2019
------------------ testing $PTII/ptolemy/domains/de/test/auto/sortWithOpaquePorts.xml
auto.tcl: Setting watchdog for 200 seconds at Tue Jan 08 03:15:44 UTC 2019
1 ms. Memory: 620544K Free: 596062K (96%)
ptolemy.util.test.WatchDog.cancel(): canceling Tue Jan 08 03:15:44 UTC 2019
auto.tcl: Setting watchdog for 200 seconds at Tue Jan 08 03:15:44 UTC 2019
1 ms. Memory: 620544K Free: 596062K (96%)
ptolemy.util.test.WatchDog.cancel(): canceling Tue Jan 08 03:15:44 UTC 2019
------------------ testing $PTII/ptolemy/domains/de/test/auto/transferInputsandOutputs.xml
auto.tcl: Setting watchdog for 200 seconds at Tue Jan 08 03:15:44 UTC 2019
2 ms. Memory: 619520K Free: 595025K (96%)
ptolemy.util.test.WatchDog.cancel(): canceling Tue Jan 08 03:15:44 UTC 2019
auto.tcl: Setting watchdog for 200 seconds at Tue Jan 08 03:15:44 UTC 2019
1 ms. Memory: 619520K Free: 595025K (96%)
ptolemy.util.test.WatchDog.cancel(): canceling Tue Jan 08 03:15:44 UTC 2019
------------------ testing $PTII/ptolemy/domains/de/test/auto/triggerType.xml
auto.tcl: Setting watchdog for 200 seconds at Tue Jan 08 03:15:44 UTC 2019
1 ms. Memory: 620544K Free: 596000K (96%)
ptolemy.util.test.WatchDog.cancel(): canceling Tue Jan 08 03:15:44 UTC 2019
auto.tcl: Setting watchdog for 200 seconds at Tue Jan 08 03:15:44 UTC 2019
1 ms. Memory: 620544K Free: 596000K (96%)
ptolemy.util.test.WatchDog.cancel(): canceling Tue Jan 08 03:15:44 UTC 2019
01/08/19 03:15:44
Failed: 0  Total Tests: 192  ((Passed: 187, Newly Passed: 1)  Known Failed: 5) /home/travis/build/icyphy/ptII/ptolemy/domains/de/test
01/08/19 03:15:44
Failed: 0  Total Tests: 192  ((Passed: 187, Newly Passed: 1)  Known Failed: 5) /home/travis/build/icyphy/ptII/ptolemy/domains/de/test
----------------- testing (KnownFailure) /home/travis/build/icyphy/ptII/ptolemy/domains/de/test/auto/knownFailedTests/DESDFClockTest.xml
2013 ms. Memory: 619520K Free: 584237K (94%)
Known Failure: java.lang.reflect.InvocationTargetException
----------------- testing (KnownFailure) /home/travis/build/icyphy/ptII/ptolemy/domains/de/test/auto/knownFailedTests/DirectFeedback.xml
1 ms. Memory: 619520K Free: 541188K (87%)
Known Failure: java.lang.reflect.InvocationTargetException
----------------- testing (KnownFailure) /home/travis/build/icyphy/ptII/ptolemy/domains/de/test/auto/knownFailedTests/FSMSource.xml
5 ms. Memory: 619520K Free: 498138K (80%)
----------------- testing (KnownFailure) /home/travis/build/icyphy/ptII/ptolemy/domains/de/test/auto/knownFailedTests/HierarchicalModel.xml
2 ms. Memory: 619520K Free: 465844K (75%)
Known Failure: java.lang.reflect.InvocationTargetException
----------------- testing (KnownFailure) /home/travis/build/icyphy/ptII/ptolemy/domains/de/test/auto/knownFailedTests/dependencyLoop.xml
2 ms. Memory: 619520K Free: 412016K (67%)
Known Failure: java.lang.reflect.InvocationTargetException
----------------- testing (KnownFailure) /home/travis/build/icyphy/ptII/ptolemy/domains/de/test/auto/knownFailedTests/dependencyLoop2.xml
2 ms. Memory: 619520K Free: 358197K (58%)
Known Failure: java.lang.reflect.InvocationTargetException
No auto/linux-amd64/*.xml tests in /home/travis/build/icyphy/ptII/ptolemy/domains/de/test
AutoTests.java: About to close Vertx.
AutoTests.java: Vertx closed.

===========================================================================================
----------------- testing Tue Jan 08 03:15:47 UTC 2019 /home/travis/build/icyphy/ptII/ptolemy/domains/de/test/auto/ActorDepthCalculation_actorWithoutPorts.xml
----------------- Instantiating /home/travis/build/icyphy/ptII/ptolemy/domains/de/test/auto/ActorDepthCalculation_actorWithoutPorts.xml
2 ms. Memory: 619520K Free: 304385K (49%)
----------------- Invoking toplevel() on ptolemy.moml.MoMLSimpleApplication@501351b9
----------------- Done invoking toplevel() on ptolemy.moml.MoMLSimpleApplication@501351b9
reloadAllAccessors: .ActorDepthCalculation_actorWithoutPorts

===========================================================================================
----------------- testing Tue Jan 08 03:15:47 UTC 2019 /home/travis/build/icyphy/ptII/ptolemy/domains/de/test/auto/AssemblyLine.xml
----------------- Instantiating /home/travis/build/icyphy/ptII/ptolemy/domains/de/test/auto/AssemblyLine.xml
2 ms. Memory: 619520K Free: 282861K (46%)
----------------- Invoking toplevel() on ptolemy.moml.MoMLSimpleApplication@949e2e3
----------------- Done invoking toplevel() on ptolemy.moml.MoMLSimpleApplication@949e2e3
reloadAllAccessors: .AssemblyLine

===========================================================================================
----------------- testing Tue Jan 08 03:15:47 UTC 2019 /home/travis/build/icyphy/ptII/ptolemy/domains/de/test/auto/CQBug1.xml
----------------- Instantiating /home/travis/build/icyphy/ptII/ptolemy/domains/de/test/auto/CQBug1.xml
0 ms. Memory: 619520K Free: 261336K (42%)
----------------- Invoking toplevel() on ptolemy.moml.MoMLSimpleApplication@5fc2729a
----------------- Done invoking toplevel() on ptolemy.moml.MoMLSimpleApplication@5fc2729a
reloadAllAccessors: .CQBug1

===========================================================================================
----------------- testing Tue Jan 08 03:15:47 UTC 2019 /home/travis/build/icyphy/ptII/ptolemy/domains/de/test/auto/CancelFireAt.xml
----------------- Instantiating /home/travis/build/icyphy/ptII/ptolemy/domains/de/test/auto/CancelFireAt.xml
0 ms. Memory: 619520K Free: 239812K (39%)
----------------- Invoking toplevel() on ptolemy.moml.MoMLSimpleApplication@78eaaf79
----------------- Done invoking toplevel() on ptolemy.moml.MoMLSimpleApplication@78eaaf79
reloadAllAccessors: .CancelFireAt

===========================================================================================
----------------- testing Tue Jan 08 03:15:47 UTC 2019 /home/travis/build/icyphy/ptII/ptolemy/domains/de/test/auto/CausalityAndComposabilityAnalysis.xml
----------------- Instantiating /home/travis/build/icyphy/ptII/ptolemy/domains/de/test/auto/CausalityAndComposabilityAnalysis.xml
1 ms. Memory: 619520K Free: 218287K (35%)
----------------- Invoking toplevel() on ptolemy.moml.MoMLSimpleApplication@1b10345
----------------- Done invoking toplevel() on ptolemy.moml.MoMLSimpleApplication@1b10345
reloadAllAccessors: .CausalityAndComposabilityAnalysis

===========================================================================================
----------------- testing Tue Jan 08 03:15:47 UTC 2019 /home/travis/build/icyphy/ptII/ptolemy/domains/de/test/auto/CausalityInterface1.xml
----------------- Instantiating /home/travis/build/icyphy/ptII/ptolemy/domains/de/test/auto/CausalityInterface1.xml
2 ms. Memory: 619520K Free: 196763K (32%)
----------------- Invoking toplevel() on ptolemy.moml.MoMLSimpleApplication@1fa7f428
----------------- Done invoking toplevel() on ptolemy.moml.MoMLSimpleApplication@1fa7f428
reloadAllAccessors: .CausalityInterface1

===========================================================================================
----------------- testing Tue Jan 08 03:15:47 UTC 2019 /home/travis/build/icyphy/ptII/ptolemy/domains/de/test/auto/CausalityInterface15.xml
----------------- Instantiating /home/travis/build/icyphy/ptII/ptolemy/domains/de/test/auto/CausalityInterface15.xml
2 ms. Memory: 619520K Free: 175238K (28%)
----------------- Invoking toplevel() on ptolemy.moml.MoMLSimpleApplication@6def98f8
----------------- Done invoking toplevel() on ptolemy.moml.MoMLSimpleApplication@6def98f8
reloadAllAccessors: .CausalityInterface15

[...]
java.lang.RuntimeException: Execution failed
	at ptolemy.moml.MoMLSimpleApplication$UnloadThread.run(MoMLSimpleApplication.java:402)
Caused by: ptolemy.kernel.util.IllegalActionException: Test fails in iteration 1.
Value was: 1.0. Should have been: 2.0
  in .DirectFeedback.Test
	at ptolemy.actor.lib.Test.fire(Test.java:268)
	at ptolemy.domains.de.kernel.DEDirector._fire(DEDirector.java:1949)
	at ptolemy.domains.de.kernel.DEDirector.fire(DEDirector.java:502)
	at ptolemy.actor.CompositeActor.fire(CompositeActor.java:455)
	at ptolemy.actor.Manager.iterate(Manager.java:851)
	at ptolemy.actor.Manager.execute(Manager.java:369)
	at ptolemy.actor.Manager.run(Manager.java:1263)
	at ptolemy.actor.Manager$PtolemyRunThread.run(Manager.java:1915)
java.lang.RuntimeException: Execution failed
	at ptolemy.moml.MoMLSimpleApplication$UnloadThread.run(MoMLSimpleApplication.java:402)
Caused by: ptolemy.kernel.util.IllegalActionException: Actor is not ready to fire.  Perhaps UpSample.prefire() returned false? Try debugging the actor by selecting "Listen to Actor".  Also, for SDF check moml for tokenConsumptionRate on input.
  in .DESDFClockTest.Play Bell.Copy1:SDF Director and .DESDFClockTest.Play Bell.UpSample
	at ptolemy.actor.sched.StaticSchedulingDirector.fire(StaticSchedulingDirector.java:227)
	at ptolemy.domains.sdf.kernel.SDFDirector.fire(SDFDirector.java:500)
	at ptolemy.actor.CompositeActor.fire(CompositeActor.java:455)
	at ptolemy.domains.de.kernel.DEDirector._fire(DEDirector.java:1949)
	at ptolemy.domains.de.kernel.DEDirector.fire(DEDirector.java:502)
	at ptolemy.actor.CompositeActor.fire(CompositeActor.java:455)
	at ptolemy.actor.Manager.iterate(Manager.java:851)
	at ptolemy.actor.Manager.execute(Manager.java:369)
	at ptolemy.actor.Manager.run(Manager.java:1263)
	at ptolemy.actor.Manager$PtolemyRunThread.run(Manager.java:1915)
java.lang.reflect.InvocationTargetException
	at sun.reflect.NativeConstructorAccessorImpl.newInstance0(Native Method)
	at sun.reflect.NativeConstructorAccessorImpl.newInstance(NativeConstructorAccessorImpl.java:62)
	at sun.reflect.DelegatingConstructorAccessorImpl.newInstance(DelegatingConstructorAccessorImpl.java:45)
	at java.lang.reflect.Constructor.newInstance(Constructor.java:423)
	at ptolemy.util.test.junit.AutoKnownFailedTests.RunModel(AutoKnownFailedTests.java:105)
	at sun.reflect.NativeMethodAccessorImpl.invoke0(Native Method)
	at sun.reflect.NativeMethodAccessorImpl.invoke(NativeMethodAccessorImpl.java:62)
	at sun.reflect.DelegatingMethodAccessorImpl.invoke(DelegatingMethodAccessorImpl.java:43)
	at java.lang.reflect.Method.invoke(Method.java:498)
	at org.junit.runners.model.FrameworkMethod$1.runReflectiveCall(FrameworkMethod.java:44)
	at org.junit.internal.runners.model.ReflectiveCallable.run(ReflectiveCallable.java:15)
	at org.junit.runners.model.FrameworkMethod.invokeExplosively(FrameworkMethod.java:41)
	at junitparams.internal.InvokeParameterisedMethod.evaluate(InvokeParameterisedMethod.java:102)
	at org.junit.internal.runners.statements.FailOnTimeout$1.run(FailOnTimeout.java:28)
Caused by: ptolemy.kernel.util.IllegalActionException: Actor is not ready to fire.  Perhaps UpSample.prefire() returned false? Try debugging the actor by selecting "Listen to Actor".  Also, for SDF check moml for tokenConsumptionRate on input.
  in .DESDFClockTest.Play Bell.Copy1:SDF Director and .DESDFClockTest.Play Bell.UpSample
	at ptolemy.actor.sched.StaticSchedulingDirector.fire(StaticSchedulingDirector.java:227)
	at ptolemy.domains.sdf.kernel.SDFDirector.fire(SDFDirector.java:500)
	at ptolemy.actor.CompositeActor.fire(CompositeActor.java:455)
	at ptolemy.domains.de.kernel.DEDirector._fire(DEDirector.java:1949)
	at ptolemy.domains.de.kernel.DEDirector.fire(DEDirector.java:502)
	at ptolemy.actor.CompositeActor.fire(CompositeActor.java:455)
	at ptolemy.actor.Manager.iterate(Manager.java:851)
	at ptolemy.actor.Manager.execute(Manager.java:369)
	at ptolemy.actor.Manager.run(Manager.java:1263)
	at ptolemy.actor.Manager$PtolemyRunThread.run(Manager.java:1915)
java.lang.RuntimeException: Execution failed
	at ptolemy.moml.MoMLSimpleApplication$UnloadThread.run(MoMLSimpleApplication.java:402)
Caused by: ptolemy.kernel.util.IllegalActionException: Test fails in iteration 1.
Value was: 1.0. Should have been: 2.0
  in .DirectFeedback.Test
	at ptolemy.actor.lib.Test.fire(Test.java:268)
	at ptolemy.domains.de.kernel.DEDirector._fire(DEDirector.java:1949)
	at ptolemy.domains.de.kernel.DEDirector.fire(DEDirector.java:502)
	at ptolemy.actor.CompositeActor.fire(CompositeActor.java:455)
	at ptolemy.actor.Manager.iterate(Manager.java:851)
	at ptolemy.actor.Manager.execute(Manager.java:369)
	at ptolemy.actor.Manager.run(Manager.java:1263)
	at ptolemy.actor.Manager$PtolemyRunThread.run(Manager.java:1915)
java.lang.reflect.InvocationTargetException
	at sun.reflect.NativeConstructorAccessorImpl.newInstance0(Native Method)
	at sun.reflect.NativeConstructorAccessorImpl.newInstance(NativeConstructorAccessorImpl.java:62)
	at sun.reflect.DelegatingConstructorAccessorImpl.newInstance(DelegatingConstructorAccessorImpl.java:45)
	at java.lang.reflect.Constructor.newInstance(Constructor.java:423)
	at ptolemy.util.test.junit.AutoKnownFailedTests.RunModel(AutoKnownFailedTests.java:105)
	at sun.reflect.NativeMethodAccessorImpl.invoke0(Native Method)
	at sun.reflect.NativeMethodAccessorImpl.invoke(NativeMethodAccessorImpl.java:62)
	at sun.reflect.DelegatingMethodAccessorImpl.invoke(DelegatingMethodAccessorImpl.java:43)
	at java.lang.reflect.Method.invoke(Method.java:498)
	at org.junit.runners.model.FrameworkMethod$1.runReflectiveCall(FrameworkMethod.java:44)
	at org.junit.internal.runners.model.ReflectiveCallable.run(ReflectiveCallable.java:15)
	at org.junit.runners.model.FrameworkMethod.invokeExplosively(FrameworkMethod.java:41)
	at junitparams.internal.InvokeParameterisedMethod.evaluate(InvokeParameterisedMethod.java:102)
	at org.junit.internal.runners.statements.FailOnTimeout$1.run(FailOnTimeout.java:28)
Caused by: ptolemy.kernel.util.IllegalActionException: Test fails in iteration 1.
Value was: 1.0. Should have been: 2.0
  in .DirectFeedback.Test
	at ptolemy.actor.lib.Test.fire(Test.java:268)
	at ptolemy.domains.de.kernel.DEDirector._fire(DEDirector.java:1949)
	at ptolemy.domains.de.kernel.DEDirector.fire(DEDirector.java:502)
	at ptolemy.actor.CompositeActor.fire(CompositeActor.java:455)
	at ptolemy.actor.Manager.iterate(Manager.java:851)
	at ptolemy.actor.Manager.execute(Manager.java:369)
	at ptolemy.actor.Manager.run(Manager.java:1263)
	at ptolemy.actor.Manager$PtolemyRunThread.run(Manager.java:1915)
java.lang.RuntimeException: Execution failed
	at ptolemy.moml.MoMLSimpleApplication$UnloadThread.run(MoMLSimpleApplication.java:402)
Caused by: ptolemy.kernel.util.IllegalActionException: Found a zero delay loop containing .HierarchicalModel.A
  in .HierarchicalModel and .HierarchicalModel.A
	at ptolemy.actor.util.CausalityInterfaceForComposites._computeOutputPortDepth(CausalityInterfaceForComposites.java:759)
	at ptolemy.actor.util.CausalityInterfaceForComposites._computeInputDepth(CausalityInterfaceForComposites.java:696)
	at ptolemy.actor.util.CausalityInterfaceForComposites._computeOutputPortDepth(CausalityInterfaceForComposites.java:765)
	at ptolemy.actor.util.CausalityInterfaceForComposites._computeInputDepth(CausalityInterfaceForComposites.java:696)
	at ptolemy.actor.util.CausalityInterfaceForComposites._computeOutputPortDepth(CausalityInterfaceForComposites.java:765)
	at ptolemy.actor.util.CausalityInterfaceForComposites._computeInputDepth(CausalityInterfaceForComposites.java:696)
	at ptolemy.actor.util.CausalityInterfaceForComposites._computeActorDepth(CausalityInterfaceForComposites.java:532)
	at ptolemy.actor.util.CausalityInterfaceForComposites.checkForCycles(CausalityInterfaceForComposites.java:96)
	at ptolemy.domains.de.kernel.DEDirector.preinitialize(DEDirector.java:1338)
	at ptolemy.actor.CompositeActor.preinitialize(CompositeActor.java:1828)
	at ptolemy.actor.Manager.preinitializeAndResolveTypes(Manager.java:1040)
	at ptolemy.actor.Manager.initialize(Manager.java:710)
	at ptolemy.actor.Manager.execute(Manager.java:356)
	at ptolemy.actor.Manager.run(Manager.java:1263)
	at ptolemy.actor.Manager$PtolemyRunThread.run(Manager.java:1915)
java.lang.reflect.InvocationTargetException
	at sun.reflect.NativeConstructorAccessorImpl.newInstance0(Native Method)
	at sun.reflect.NativeConstructorAccessorImpl.newInstance(NativeConstructorAccessorImpl.java:62)
	at sun.reflect.DelegatingConstructorAccessorImpl.newInstance(DelegatingConstructorAccessorImpl.java:45)
	at java.lang.reflect.Constructor.newInstance(Constructor.java:423)
	at ptolemy.util.test.junit.AutoKnownFailedTests.RunModel(AutoKnownFailedTests.java:105)
	at sun.reflect.NativeMethodAccessorImpl.invoke0(Native Method)
	at sun.reflect.NativeMethodAccessorImpl.invoke(NativeMethodAccessorImpl.java:62)
	at sun.reflect.DelegatingMethodAccessorImpl.invoke(DelegatingMethodAccessorImpl.java:43)
	at java.lang.reflect.Method.invoke(Method.java:498)
	at org.junit.runners.model.FrameworkMethod$1.runReflectiveCall(FrameworkMethod.java:44)
	at org.junit.internal.runners.model.ReflectiveCallable.run(ReflectiveCallable.java:15)
	at org.junit.runners.model.FrameworkMethod.invokeExplosively(FrameworkMethod.java:41)
	at junitparams.internal.InvokeParameterisedMethod.evaluate(InvokeParameterisedMethod.java:102)
	at org.junit.internal.runners.statements.FailOnTimeout$1.run(FailOnTimeout.java:28)
Caused by: ptolemy.kernel.util.IllegalActionException: Found a zero delay loop containing .HierarchicalModel.A
  in .HierarchicalModel and .HierarchicalModel.A
	at ptolemy.actor.util.CausalityInterfaceForComposites._computeOutputPortDepth(CausalityInterfaceForComposites.java:759)
	at ptolemy.actor.util.CausalityInterfaceForComposites._computeInputDepth(CausalityInterfaceForComposites.java:696)
	at ptolemy.actor.util.CausalityInterfaceForComposites._computeOutputPortDepth(CausalityInterfaceForComposites.java:765)
	at ptolemy.actor.util.CausalityInterfaceForComposites._computeInputDepth(CausalityInterfaceForComposites.java:696)
	at ptolemy.actor.util.CausalityInterfaceForComposites._computeOutputPortDepth(CausalityInterfaceForComposites.java:765)
	at ptolemy.actor.util.CausalityInterfaceForComposites._computeInputDepth(CausalityInterfaceForComposites.java:696)
	at ptolemy.actor.util.CausalityInterfaceForComposites._computeActorDepth(CausalityInterfaceForComposites.java:532)
	at ptolemy.actor.util.CausalityInterfaceForComposites.checkForCycles(CausalityInterfaceForComposites.java:96)
	at ptolemy.domains.de.kernel.DEDirector.preinitialize(DEDirector.java:1338)
	at ptolemy.actor.CompositeActor.preinitialize(CompositeActor.java:1828)
	at ptolemy.actor.Manager.preinitializeAndResolveTypes(Manager.java:1040)
	at ptolemy.actor.Manager.initialize(Manager.java:710)
	at ptolemy.actor.Manager.execute(Manager.java:356)
	at ptolemy.actor.Manager.run(Manager.java:1263)
	at ptolemy.actor.Manager$PtolemyRunThread.run(Manager.java:1915)
java.lang.RuntimeException: Execution failed
	at ptolemy.moml.MoMLSimpleApplication$UnloadThread.run(MoMLSimpleApplication.java:402)
Caused by: ptolemy.kernel.util.IllegalActionException: Found a zero delay loop containing .dependencyLoop.original
  in .dependencyLoop and .dependencyLoop.original
	at ptolemy.actor.util.CausalityInterfaceForComposites._computeOutputPortDepth(CausalityInterfaceForComposites.java:759)
	at ptolemy.actor.util.CausalityInterfaceForComposites._computeInputDepth(CausalityInterfaceForComposites.java:696)
	at ptolemy.actor.util.CausalityInterfaceForComposites._computeOutputPortDepth(CausalityInterfaceForComposites.java:765)
	at ptolemy.actor.util.CausalityInterfaceForComposites._computeInputDepth(CausalityInterfaceForComposites.java:696)
	at ptolemy.actor.util.CausalityInterfaceForComposites._computeOutputPortDepth(CausalityInterfaceForComposites.java:765)
	at ptolemy.actor.util.CausalityInterfaceForComposites._computeInputDepth(CausalityInterfaceForComposites.java:696)
	at ptolemy.actor.util.CausalityInterfaceForComposites._computeActorDepth(CausalityInterfaceForComposites.java:532)
	at ptolemy.actor.util.CausalityInterfaceForComposites.checkForCycles(CausalityInterfaceForComposites.java:96)
	at ptolemy.domains.de.kernel.DEDirector.preinitialize(DEDirector.java:1338)
	at ptolemy.actor.CompositeActor.preinitialize(CompositeActor.java:1828)
	at ptolemy.actor.Manager.preinitializeAndResolveTypes(Manager.java:1040)
	at ptolemy.actor.Manager.initialize(Manager.java:710)
	at ptolemy.actor.Manager.execute(Manager.java:356)
	at ptolemy.actor.Manager.run(Manager.java:1263)
	at ptolemy.actor.Manager$PtolemyRunThread.run(Manager.java:1915)
java.lang.reflect.InvocationTargetException
	at sun.reflect.NativeConstructorAccessorImpl.newInstance0(Native Method)
	at sun.reflect.NativeConstructorAccessorImpl.newInstance(NativeConstructorAccessorImpl.java:62)
	at sun.reflect.DelegatingConstructorAccessorImpl.newInstance(DelegatingConstructorAccessorImpl.java:45)
	at java.lang.reflect.Constructor.newInstance(Constructor.java:423)
	at ptolemy.util.test.junit.AutoKnownFailedTests.RunModel(AutoKnownFailedTests.java:105)
	at sun.reflect.NativeMethodAccessorImpl.invoke0(Native Method)
	at sun.reflect.NativeMethodAccessorImpl.invoke(NativeMethodAccessorImpl.java:62)
	at sun.reflect.DelegatingMethodAccessorImpl.invoke(DelegatingMethodAccessorImpl.java:43)
	at java.lang.reflect.Method.invoke(Method.java:498)
	at org.junit.runners.model.FrameworkMethod$1.runReflectiveCall(FrameworkMethod.java:44)
	at org.junit.internal.runners.model.ReflectiveCallable.run(ReflectiveCallable.java:15)
	at org.junit.runners.model.FrameworkMethod.invokeExplosively(FrameworkMethod.java:41)
	at junitparams.internal.InvokeParameterisedMethod.evaluate(InvokeParameterisedMethod.java:102)
	at org.junit.internal.runners.statements.FailOnTimeout$1.run(FailOnTimeout.java:28)
Caused by: ptolemy.kernel.util.IllegalActionException: Found a zero delay loop containing .dependencyLoop.original
  in .dependencyLoop and .dependencyLoop.original
	at ptolemy.actor.util.CausalityInterfaceForComposites._computeOutputPortDepth(CausalityInterfaceForComposites.java:759)
	at ptolemy.actor.util.CausalityInterfaceForComposites._computeInputDepth(CausalityInterfaceForComposites.java:696)
	at ptolemy.actor.util.CausalityInterfaceForComposites._computeOutputPortDepth(CausalityInterfaceForComposites.java:765)
	at ptolemy.actor.util.CausalityInterfaceForComposites._computeInputDepth(CausalityInterfaceForComposites.java:696)
	at ptolemy.actor.util.CausalityInterfaceForComposites._computeOutputPortDepth(CausalityInterfaceForComposites.java:765)
	at ptolemy.actor.util.CausalityInterfaceForComposites._computeInputDepth(CausalityInterfaceForComposites.java:696)
	at ptolemy.actor.util.CausalityInterfaceForComposites._computeActorDepth(CausalityInterfaceForComposites.java:532)
	at ptolemy.actor.util.CausalityInterfaceForComposites.checkForCycles(CausalityInterfaceForComposites.java:96)
	at ptolemy.domains.de.kernel.DEDirector.preinitialize(DEDirector.java:1338)
	at ptolemy.actor.CompositeActor.preinitialize(CompositeActor.java:1828)
	at ptolemy.actor.Manager.preinitializeAndResolveTypes(Manager.java:1040)
	at ptolemy.actor.Manager.initialize(Manager.java:710)
	at ptolemy.actor.Manager.execute(Manager.java:356)
	at ptolemy.actor.Manager.run(Manager.java:1263)
	at ptolemy.actor.Manager$PtolemyRunThread.run(Manager.java:1915)
java.lang.RuntimeException: Execution failed
	at ptolemy.moml.MoMLSimpleApplication$UnloadThread.run(MoMLSimpleApplication.java:402)
Caused by: ptolemy.kernel.util.IllegalActionException: Found a zero delay loop containing .dependencyLoop2.original
  in .dependencyLoop2 and .dependencyLoop2.original
	at ptolemy.actor.util.CausalityInterfaceForComposites._computeOutputPortDepth(CausalityInterfaceForComposites.java:759)
	at ptolemy.actor.util.CausalityInterfaceForComposites._computeInputDepth(CausalityInterfaceForComposites.java:696)
	at ptolemy.actor.util.CausalityInterfaceForComposites._computeOutputPortDepth(CausalityInterfaceForComposites.java:765)
	at ptolemy.actor.util.CausalityInterfaceForComposites._computeInputDepth(CausalityInterfaceForComposites.java:696)
	at ptolemy.actor.util.CausalityInterfaceForComposites._computeOutputPortDepth(CausalityInterfaceForComposites.java:765)
	at ptolemy.actor.util.CausalityInterfaceForComposites._computeInputDepth(CausalityInterfaceForComposites.java:696)
	at ptolemy.actor.util.CausalityInterfaceForComposites._computeActorDepth(CausalityInterfaceForComposites.java:532)
	at ptolemy.actor.util.CausalityInterfaceForComposites.checkForCycles(CausalityInterfaceForComposites.java:96)
	at ptolemy.domains.de.kernel.DEDirector.preinitialize(DEDirector.java:1338)
	at ptolemy.actor.CompositeActor.preinitialize(CompositeActor.java:1828)
	at ptolemy.actor.Manager.preinitializeAndResolveTypes(Manager.java:1040)
	at ptolemy.actor.Manager.initialize(Manager.java:710)
	at ptolemy.actor.Manager.execute(Manager.java:356)
	at ptolemy.actor.Manager.run(Manager.java:1263)
	at ptolemy.actor.Manager$PtolemyRunThread.run(Manager.java:1915)
java.lang.reflect.InvocationTargetException
	at sun.reflect.NativeConstructorAccessorImpl.newInstance0(Native Method)
	at sun.reflect.NativeConstructorAccessorImpl.newInstance(NativeConstructorAccessorImpl.java:62)
	at sun.reflect.DelegatingConstructorAccessorImpl.newInstance(DelegatingConstructorAccessorImpl.java:45)
	at java.lang.reflect.Constructor.newInstance(Constructor.java:423)
	at ptolemy.util.test.junit.AutoKnownFailedTests.RunModel(AutoKnownFailedTests.java:105)
	at sun.reflect.NativeMethodAccessorImpl.invoke0(Native Method)
	at sun.reflect.NativeMethodAccessorImpl.invoke(NativeMethodAccessorImpl.java:62)
	at sun.reflect.DelegatingMethodAccessorImpl.invoke(DelegatingMethodAccessorImpl.java:43)
	at java.lang.reflect.Method.invoke(Method.java:498)
	at org.junit.runners.model.FrameworkMethod$1.runReflectiveCall(FrameworkMethod.java:44)
	at org.junit.internal.runners.model.ReflectiveCallable.run(ReflectiveCallable.java:15)
	at org.junit.runners.model.FrameworkMethod.invokeExplosively(FrameworkMethod.java:41)
	at junitparams.internal.InvokeParameterisedMethod.evaluate(InvokeParameterisedMethod.java:102)
	at org.junit.internal.runners.statements.FailOnTimeout$1.run(FailOnTimeout.java:28)
Caused by: ptolemy.kernel.util.IllegalActionException: Found a zero delay loop containing .dependencyLoop2.original
  in .dependencyLoop2 and .dependencyLoop2.original
	at ptolemy.actor.util.CausalityInterfaceForComposites._computeOutputPortDepth(CausalityInterfaceForComposites.java:759)
	at ptolemy.actor.util.CausalityInterfaceForComposites._computeInputDepth(CausalityInterfaceForComposites.java:696)
	at ptolemy.actor.util.CausalityInterfaceForComposites._computeOutputPortDepth(CausalityInterfaceForComposites.java:765)
	at ptolemy.actor.util.CausalityInterfaceForComposites._computeInputDepth(CausalityInterfaceForComposites.java:696)
	at ptolemy.actor.util.CausalityInterfaceForComposites._computeOutputPortDepth(CausalityInterfaceForComposites.java:765)
	at ptolemy.actor.util.CausalityInterfaceForComposites._computeInputDepth(CausalityInterfaceForComposites.java:696)
	at ptolemy.actor.util.CausalityInterfaceForComposites._computeActorDepth(CausalityInterfaceForComposites.java:532)
	at ptolemy.actor.util.CausalityInterfaceForComposites.checkForCycles(CausalityInterfaceForComposites.java:96)
	at ptolemy.domains.de.kernel.DEDirector.preinitialize(DEDirector.java:1338)
	at ptolemy.actor.CompositeActor.preinitialize(CompositeActor.java:1828)
	at ptolemy.actor.Manager.preinitializeAndResolveTypes(Manager.java:1040)
	at ptolemy.actor.Manager.initialize(Manager.java:710)
	at ptolemy.actor.Manager.execute(Manager.java:356)
	at ptolemy.actor.Manager.run(Manager.java:1263)
	at ptolemy.actor.Manager$PtolemyRunThread.run(Manager.java:1915)
]]></system-err>
</testsuite>
