<?xml version="1.0" encoding="UTF-8" ?>
<testsuite errors="0" failures="0" hostname="travis-job-a99a0d48-2156-475f-a6ae-1856eee0b6c6" name="ptolemy.domains.continuous.test.junit.JUnitTclTest" skipped="0" tests="156" time="74.002" timestamp="2019-03-29T03:51:28">
  <properties>
[...]
</properties>
  <testcase classname="ptolemy.util.test.junit.TclTests" name="[0] ThereAreNoTclTests (RunTclFile)" time="0.002" />
  <testcase classname="ptolemy.util.test.junit.AutoKnownFailedTests" name="[0] ThereAreNoKnowFailedTests (RunModel)" time="0.001" />
  <testcase classname="ptolemy.util.test.junit.AutoNameArchTests" name="[0] ThereAreNoAutoArchTests (RunModel)" time="0.001" />
  <testcase classname="ptolemy.util.test.junit.AutoTests" name="[0] /home/travis/build/icyphy/ptII/ptolemy/domains/continuous/test/auto/BouncingBall.xml (RunModel)" time="2.928" />
  <testcase classname="ptolemy.util.test.junit.AutoTests" name="[1] /home/travis/build/icyphy/ptII/ptolemy/domains/continuous/test/auto/BouncingBallWithoutGR.xml (RunModel)" time="0.873" />
  <testcase classname="ptolemy.util.test.junit.AutoTests" name="[2] /home/travis/build/icyphy/ptII/ptolemy/domains/continuous/test/auto/Brownian.xml (RunModel)" time="0.078" />
  <testcase classname="ptolemy.util.test.junit.AutoTests" name="[3] /home/travis/build/icyphy/ptII/ptolemy/domains/continuous/test/auto/CarTracking.xml (RunModel)" time="3.708" />
  <testcase classname="ptolemy.util.test.junit.AutoTests" name="[4] /home/travis/build/icyphy/ptII/ptolemy/domains/continuous/test/auto/CartPendulum.xml (RunModel)" time="0.574" />
  <testcase classname="ptolemy.util.test.junit.AutoTests" name="[5] /home/travis/build/icyphy/ptII/ptolemy/domains/continuous/test/auto/CausalityInterface10.xml (RunModel)" time="0.058" />
  <testcase classname="ptolemy.util.test.junit.AutoTests" name="[6] /home/travis/build/icyphy/ptII/ptolemy/domains/continuous/test/auto/CausalityInterface11.xml (RunModel)" time="0.039" />
  <testcase classname="ptolemy.util.test.junit.AutoTests" name="[7] /home/travis/build/icyphy/ptII/ptolemy/domains/continuous/test/auto/CausalityInterface12.xml (RunModel)" time="0.047" />
  <testcase classname="ptolemy.util.test.junit.AutoTests" name="[8] /home/travis/build/icyphy/ptII/ptolemy/domains/continuous/test/auto/CausalityInterface13.xml (RunModel)" time="0.044" />
  <testcase classname="ptolemy.util.test.junit.AutoTests" name="[9] /home/travis/build/icyphy/ptII/ptolemy/domains/continuous/test/auto/CausalityInterface14.xml (RunModel)" time="0.03" />
  <testcase classname="ptolemy.util.test.junit.AutoTests" name="[10] /home/travis/build/icyphy/ptII/ptolemy/domains/continuous/test/auto/CausalityInterface4.xml (RunModel)" time="0.034" />
  <testcase classname="ptolemy.util.test.junit.AutoTests" name="[11] /home/travis/build/icyphy/ptII/ptolemy/domains/continuous/test/auto/CausalityInterface5.xml (RunModel)" time="0.047" />
  <testcase classname="ptolemy.util.test.junit.AutoTests" name="[12] /home/travis/build/icyphy/ptII/ptolemy/domains/continuous/test/auto/CausalityInterface6.xml (RunModel)" time="0.027" />
  <testcase classname="ptolemy.util.test.junit.AutoTests" name="[13] /home/travis/build/icyphy/ptII/ptolemy/domains/continuous/test/auto/CausalityInterface7.xml (RunModel)" time="0.065" />
  <testcase classname="ptolemy.util.test.junit.AutoTests" name="[14] /home/travis/build/icyphy/ptII/ptolemy/domains/continuous/test/auto/CausalityInterface8.xml (RunModel)" time="0.038" />
  <testcase classname="ptolemy.util.test.junit.AutoTests" name="[15] /home/travis/build/icyphy/ptII/ptolemy/domains/continuous/test/auto/CausalityInterface9.xml (RunModel)" time="0.045" />
  <testcase classname="ptolemy.util.test.junit.AutoTests" name="[16] /home/travis/build/icyphy/ptII/ptolemy/domains/continuous/test/auto/CausalityInterfaceFeedback1.xml (RunModel)" time="0.039" />
  <testcase classname="ptolemy.util.test.junit.AutoTests" name="[17] /home/travis/build/icyphy/ptII/ptolemy/domains/continuous/test/auto/CausalityInterfaceFeedback2.xml (RunModel)" time="0.046" />
  <testcase classname="ptolemy.util.test.junit.AutoTests" name="[18] /home/travis/build/icyphy/ptII/ptolemy/domains/continuous/test/auto/CompareWithCurrentTime.xml (RunModel)" time="0.019" />
  <testcase classname="ptolemy.util.test.junit.AutoTests" name="[19] /home/travis/build/icyphy/ptII/ptolemy/domains/continuous/test/auto/ComparedClocks.xml (RunModel)" time="0.077" />
  <testcase classname="ptolemy.util.test.junit.AutoTests" name="[20] /home/travis/build/icyphy/ptII/ptolemy/domains/continuous/test/auto/ContinuousAOCClone.xml (RunModel)" time="2.687" />
  <testcase classname="ptolemy.util.test.junit.AutoTests" name="[21] /home/travis/build/icyphy/ptII/ptolemy/domains/continuous/test/auto/ContinuousClock.xml (RunModel)" time="0.109" />
  <testcase classname="ptolemy.util.test.junit.AutoTests" name="[22] /home/travis/build/icyphy/ptII/ptolemy/domains/continuous/test/auto/ContinuousInContinuous.xml (RunModel)" time="0.101" />
  <testcase classname="ptolemy.util.test.junit.AutoTests" name="[23] /home/travis/build/icyphy/ptII/ptolemy/domains/continuous/test/auto/ContinuousInContinuousInContinuous.xml (RunModel)" time="0.031" />
  <testcase classname="ptolemy.util.test.junit.AutoTests" name="[24] /home/travis/build/icyphy/ptII/ptolemy/domains/continuous/test/auto/ContinuousInDE.xml (RunModel)" time="0.153" />
  <testcase classname="ptolemy.util.test.junit.AutoTests" name="[25] /home/travis/build/icyphy/ptII/ptolemy/domains/continuous/test/auto/ContinuousInDE2.xml (RunModel)" time="0.06" />
  <testcase classname="ptolemy.util.test.junit.AutoTests" name="[26] /home/travis/build/icyphy/ptII/ptolemy/domains/continuous/test/auto/ContinuousInDE3.xml (RunModel)" time="0.051" />
  <testcase classname="ptolemy.util.test.junit.AutoTests" name="[27] /home/travis/build/icyphy/ptII/ptolemy/domains/continuous/test/auto/ContinuousInDE4.xml (RunModel)" time="0.033" />
  <testcase classname="ptolemy.util.test.junit.AutoTests" name="[28] /home/travis/build/icyphy/ptII/ptolemy/domains/continuous/test/auto/ContinuousInDEDifferentRefinements.xml (RunModel)" time="0.119" />
  <testcase classname="ptolemy.util.test.junit.AutoTests" name="[29] /home/travis/build/icyphy/ptII/ptolemy/domains/continuous/test/auto/ContinuousInDEDifferentRefinementsPreemptive.xml (RunModel)" time="0.092" />
  <testcase classname="ptolemy.util.test.junit.AutoTests" name="[30] /home/travis/build/icyphy/ptII/ptolemy/domains/continuous/test/auto/ContinuousInDEInContinuous2.xml (RunModel)" time="0.06" />
  <testcase classname="ptolemy.util.test.junit.AutoTests" name="[31] /home/travis/build/icyphy/ptII/ptolemy/domains/continuous/test/auto/ContinuousInDEInContinuous3.xml (RunModel)" time="0.056" />
  <testcase classname="ptolemy.util.test.junit.AutoTests" name="[32] /home/travis/build/icyphy/ptII/ptolemy/domains/continuous/test/auto/ContinuousInDEInput.xml (RunModel)" time="0.032" />
  <testcase classname="ptolemy.util.test.junit.AutoTests" name="[33] /home/travis/build/icyphy/ptII/ptolemy/domains/continuous/test/auto/ContinuousInDEInput2.xml (RunModel)" time="0.036" />
  <testcase classname="ptolemy.util.test.junit.AutoTests" name="[34] /home/travis/build/icyphy/ptII/ptolemy/domains/continuous/test/auto/ContinuousInDEInput3.xml (RunModel)" time="0.037" />
  <testcase classname="ptolemy.util.test.junit.AutoTests" name="[35] /home/travis/build/icyphy/ptII/ptolemy/domains/continuous/test/auto/ContinuousInDESharingRefinement.xml (RunModel)" time="0.204" />
  <testcase classname="ptolemy.util.test.junit.AutoTests" name="[36] /home/travis/build/icyphy/ptII/ptolemy/domains/continuous/test/auto/ContinuousInDEwithNoPorts.xml (RunModel)" time="0.042" />
  <testcase classname="ptolemy.util.test.junit.AutoTests" name="[37] /home/travis/build/icyphy/ptII/ptolemy/domains/continuous/test/auto/ContinuousInsideDE.xml (RunModel)" time="0.096" />
  <testcase classname="ptolemy.util.test.junit.AutoTests" name="[38] /home/travis/build/icyphy/ptII/ptolemy/domains/continuous/test/auto/ContinuousMerge1.xml (RunModel)" time="0.018" />
  <testcase classname="ptolemy.util.test.junit.AutoTests" name="[39] /home/travis/build/icyphy/ptII/ptolemy/domains/continuous/test/auto/ContinuousMerge2.xml (RunModel)" time="0.054" />
  <testcase classname="ptolemy.util.test.junit.AutoTests" name="[40] /home/travis/build/icyphy/ptII/ptolemy/domains/continuous/test/auto/ContinuousMerge3.xml (RunModel)" time="0.075" />
  <testcase classname="ptolemy.util.test.junit.AutoTests" name="[41] /home/travis/build/icyphy/ptII/ptolemy/domains/continuous/test/auto/ContinuousWithinContinuous.xml (RunModel)" time="0.068" />
  <testcase classname="ptolemy.util.test.junit.AutoTests" name="[42] /home/travis/build/icyphy/ptII/ptolemy/domains/continuous/test/auto/ContinuousWithinContinuous2.xml (RunModel)" time="0.103" />
  <testcase classname="ptolemy.util.test.junit.AutoTests" name="[43] /home/travis/build/icyphy/ptII/ptolemy/domains/continuous/test/auto/ContinuousWithinContinuous3.xml (RunModel)" time="0.04" />
  <testcase classname="ptolemy.util.test.junit.AutoTests" name="[44] /home/travis/build/icyphy/ptII/ptolemy/domains/continuous/test/auto/ContinuousWithinContinuous4.xml (RunModel)" time="0.101" />
  <testcase classname="ptolemy.util.test.junit.AutoTests" name="[45] /home/travis/build/icyphy/ptII/ptolemy/domains/continuous/test/auto/ContinuousWithinContinuous5.xml (RunModel)" time="0.034" />
  <testcase classname="ptolemy.util.test.junit.AutoTests" name="[46] /home/travis/build/icyphy/ptII/ptolemy/domains/continuous/test/auto/ContinuousWithinContinuous6.xml (RunModel)" time="0.033" />
  <testcase classname="ptolemy.util.test.junit.AutoTests" name="[47] /home/travis/build/icyphy/ptII/ptolemy/domains/continuous/test/auto/ContinuousWithinContinuous7.xml (RunModel)" time="0.085" />
  <testcase classname="ptolemy.util.test.junit.AutoTests" name="[48] /home/travis/build/icyphy/ptII/ptolemy/domains/continuous/test/auto/DCMotor.xml (RunModel)" time="14.236" />
  <testcase classname="ptolemy.util.test.junit.AutoTests" name="[49] /home/travis/build/icyphy/ptII/ptolemy/domains/continuous/test/auto/DEInContinuous.xml (RunModel)" time="0.048" />
  <testcase classname="ptolemy.util.test.junit.AutoTests" name="[50] /home/travis/build/icyphy/ptII/ptolemy/domains/continuous/test/auto/DEinContinuous2.xml (RunModel)" time="0.035" />
  <testcase classname="ptolemy.util.test.junit.AutoTests" name="[51] /home/travis/build/icyphy/ptII/ptolemy/domains/continuous/test/auto/Derivative.xml (RunModel)" time="0.204" />
  <testcase classname="ptolemy.util.test.junit.AutoTests" name="[52] /home/travis/build/icyphy/ptII/ptolemy/domains/continuous/test/auto/Derivative1.xml (RunModel)" time="0.071" />
  <testcase classname="ptolemy.util.test.junit.AutoTests" name="[53] /home/travis/build/icyphy/ptII/ptolemy/domains/continuous/test/auto/DiscreteClock.xml (RunModel)" time="0.028" />
  <testcase classname="ptolemy.util.test.junit.AutoTests" name="[54] /home/travis/build/icyphy/ptII/ptolemy/domains/continuous/test/auto/EfficiencyCurve.xml (RunModel)" time="0.116" />
  <testcase classname="ptolemy.util.test.junit.AutoTests" name="[55] /home/travis/build/icyphy/ptII/ptolemy/domains/continuous/test/auto/ExponentialResponse.xml (RunModel)" time="0.113" />
  <testcase classname="ptolemy.util.test.junit.AutoTests" name="[56] /home/travis/build/icyphy/ptII/ptolemy/domains/continuous/test/auto/ExponentialResponseRK45.xml (RunModel)" time="0.041" />
  <testcase classname="ptolemy.util.test.junit.AutoTests" name="[57] /home/travis/build/icyphy/ptII/ptolemy/domains/continuous/test/auto/Friction.xml (RunModel)" time="1.566" />
  <testcase classname="ptolemy.util.test.junit.AutoTests" name="[58] /home/travis/build/icyphy/ptII/ptolemy/domains/continuous/test/auto/FurutaPendulum.xml (RunModel)" time="3.541" />
  <testcase classname="ptolemy.util.test.junit.AutoTests" name="[59] /home/travis/build/icyphy/ptII/ptolemy/domains/continuous/test/auto/HierarchicalExecution.xml (RunModel)" time="1.932" />
  <testcase classname="ptolemy.util.test.junit.AutoTests" name="[60] /home/travis/build/icyphy/ptII/ptolemy/domains/continuous/test/auto/HybridPlant.xml (RunModel)" time="0.559" />
  <testcase classname="ptolemy.util.test.junit.AutoTests" name="[61] /home/travis/build/icyphy/ptII/ptolemy/domains/continuous/test/auto/Hysteresis.xml (RunModel)" time="0.19" />
  <testcase classname="ptolemy.util.test.junit.AutoTests" name="[62] /home/travis/build/icyphy/ptII/ptolemy/domains/continuous/test/auto/HysteresisWithRandomDelay.xml (RunModel)" time="0.231" />
  <testcase classname="ptolemy.util.test.junit.AutoTests" name="[63] /home/travis/build/icyphy/ptII/ptolemy/domains/continuous/test/auto/HysteresisWithRandomLosses.xml (RunModel)" time="2.258" />
  <testcase classname="ptolemy.util.test.junit.AutoTests" name="[64] /home/travis/build/icyphy/ptII/ptolemy/domains/continuous/test/auto/ImmediateTransitions.xml (RunModel)" time="0.029" />
  <testcase classname="ptolemy.util.test.junit.AutoTests" name="[65] /home/travis/build/icyphy/ptII/ptolemy/domains/continuous/test/auto/ImpulseFeedback.xml (RunModel)" time="0.022" />
  <testcase classname="ptolemy.util.test.junit.AutoTests" name="[66] /home/travis/build/icyphy/ptII/ptolemy/domains/continuous/test/auto/ImpulseFeedback2.xml (RunModel)" time="0.023" />
  <testcase classname="ptolemy.util.test.junit.AutoTests" name="[67] /home/travis/build/icyphy/ptII/ptolemy/domains/continuous/test/auto/IncreasingRatePoisson.xml (RunModel)" time="0.739" />
  <testcase classname="ptolemy.util.test.junit.AutoTests" name="[68] /home/travis/build/icyphy/ptII/ptolemy/domains/continuous/test/auto/InitialStateFeedback.xml (RunModel)" time="0.019" />
  <testcase classname="ptolemy.util.test.junit.AutoTests" name="[69] /home/travis/build/icyphy/ptII/ptolemy/domains/continuous/test/auto/Integration.xml (RunModel)" time="0.013" />
  <testcase classname="ptolemy.util.test.junit.AutoTests" name="[70] /home/travis/build/icyphy/ptII/ptolemy/domains/continuous/test/auto/Integration2.xml (RunModel)" time="0.1" />
  <testcase classname="ptolemy.util.test.junit.AutoTests" name="[71] /home/travis/build/icyphy/ptII/ptolemy/domains/continuous/test/auto/Integration3.xml (RunModel)" time="0.013" />
  <testcase classname="ptolemy.util.test.junit.AutoTests" name="[72] /home/travis/build/icyphy/ptII/ptolemy/domains/continuous/test/auto/Integration5.xml (RunModel)" time="0.015" />
  <testcase classname="ptolemy.util.test.junit.AutoTests" name="[73] /home/travis/build/icyphy/ptII/ptolemy/domains/continuous/test/auto/IntegratorImpulse.xml (RunModel)" time="0.011" />
  <testcase classname="ptolemy.util.test.junit.AutoTests" name="[74] /home/travis/build/icyphy/ptII/ptolemy/domains/continuous/test/auto/IntegratorImpulse2.xml (RunModel)" time="0.011" />
  <testcase classname="ptolemy.util.test.junit.AutoTests" name="[75] /home/travis/build/icyphy/ptII/ptolemy/domains/continuous/test/auto/LevelCrossing1.xml (RunModel)" time="0.011" />
  <testcase classname="ptolemy.util.test.junit.AutoTests" name="[76] /home/travis/build/icyphy/ptII/ptolemy/domains/continuous/test/auto/LevelCrossing2.xml (RunModel)" time="0.015" />
  <testcase classname="ptolemy.util.test.junit.AutoTests" name="[77] /home/travis/build/icyphy/ptII/ptolemy/domains/continuous/test/auto/LevelCrossing3.xml (RunModel)" time="0.013" />
  <testcase classname="ptolemy.util.test.junit.AutoTests" name="[78] /home/travis/build/icyphy/ptII/ptolemy/domains/continuous/test/auto/LevelCrossing4.xml (RunModel)" time="0.014" />
  <testcase classname="ptolemy.util.test.junit.AutoTests" name="[79] /home/travis/build/icyphy/ptII/ptolemy/domains/continuous/test/auto/LevelCrossing5.xml (RunModel)" time="0.012" />
  <testcase classname="ptolemy.util.test.junit.AutoTests" name="[80] /home/travis/build/icyphy/ptII/ptolemy/domains/continuous/test/auto/LevelCrossing6.xml (RunModel)" time="0.015" />
  <testcase classname="ptolemy.util.test.junit.AutoTests" name="[81] /home/travis/build/icyphy/ptII/ptolemy/domains/continuous/test/auto/LevelCrossingDetector.xml (RunModel)" time="0.038" />
  <testcase classname="ptolemy.util.test.junit.AutoTests" name="[82] /home/travis/build/icyphy/ptII/ptolemy/domains/continuous/test/auto/LevelCrossingDetectorDetectingDirections.xml (RunModel)" time="0.079" />
  <testcase classname="ptolemy.util.test.junit.AutoTests" name="[83] /home/travis/build/icyphy/ptII/ptolemy/domains/continuous/test/auto/LevelCrossingDetectorDetectsGlitches.xml (RunModel)" time="0.087" />
  <testcase classname="ptolemy.util.test.junit.AutoTests" name="[84] /home/travis/build/icyphy/ptII/ptolemy/domains/continuous/test/auto/LevelCrossingNoInitialOuput.xml (RunModel)" time="0.018" />
  <testcase classname="ptolemy.util.test.junit.AutoTests" name="[85] /home/travis/build/icyphy/ptII/ptolemy/domains/continuous/test/auto/LinearStateSpaceExample.xml (RunModel)" time="0.056" />
  <testcase classname="ptolemy.util.test.junit.AutoTests" name="[86] /home/travis/build/icyphy/ptII/ptolemy/domains/continuous/test/auto/Lorenz.xml (RunModel)" time="4.046" />
  <testcase classname="ptolemy.util.test.junit.AutoTests" name="[87] /home/travis/build/icyphy/ptII/ptolemy/domains/continuous/test/auto/LorenzDifferentialSystem.xml (RunModel)" time="1.13" />
  <testcase classname="ptolemy.util.test.junit.AutoTests" name="[88] /home/travis/build/icyphy/ptII/ptolemy/domains/continuous/test/auto/LorenzDifferentialSystemWithInput.xml (RunModel)" time="1.342" />
  <testcase classname="ptolemy.util.test.junit.AutoTests" name="[89] /home/travis/build/icyphy/ptII/ptolemy/domains/continuous/test/auto/LorenzDifferentialSystemWithTime.xml (RunModel)" time="0.734" />
  <testcase classname="ptolemy.util.test.junit.AutoTests" name="[90] /home/travis/build/icyphy/ptII/ptolemy/domains/continuous/test/auto/Microsteps.xml (RunModel)" time="0.029" />
  <testcase classname="ptolemy.util.test.junit.AutoTests" name="[91] /home/travis/build/icyphy/ptII/ptolemy/domains/continuous/test/auto/Modal1.xml (RunModel)" time="0.045" />
  <testcase classname="ptolemy.util.test.junit.AutoTests" name="[92] /home/travis/build/icyphy/ptII/ptolemy/domains/continuous/test/auto/Modal2.xml (RunModel)" time="0.049" />
  <testcase classname="ptolemy.util.test.junit.AutoTests" name="[93] /home/travis/build/icyphy/ptII/ptolemy/domains/continuous/test/auto/ModalTransitionGuardWithReset.xml (RunModel)" time="0.032" />
  <testcase classname="ptolemy.util.test.junit.AutoTests" name="[94] /home/travis/build/icyphy/ptII/ptolemy/domains/continuous/test/auto/ModalTransitionGuardWithResetUsingPreemptiveTransition.xml (RunModel)" time="0.033" />
  <testcase classname="ptolemy.util.test.junit.AutoTests" name="[95] /home/travis/build/icyphy/ptII/ptolemy/domains/continuous/test/auto/ModalTransitionGuardWithResetUsingPreemptiveTransition2.xml (RunModel)" time="0.023" />
  <testcase classname="ptolemy.util.test.junit.AutoTests" name="[96] /home/travis/build/icyphy/ptII/ptolemy/domains/continuous/test/auto/ModalTransitionGuardWithResetUsingPreemptiveTransition3.xml (RunModel)" time="0.023" />
  <testcase classname="ptolemy.util.test.junit.AutoTests" name="[97] /home/travis/build/icyphy/ptII/ptolemy/domains/continuous/test/auto/NewtonsCradle.xml (RunModel)" time="0.647" />
  <testcase classname="ptolemy.util.test.junit.AutoTests" name="[98] /home/travis/build/icyphy/ptII/ptolemy/domains/continuous/test/auto/NewtonsCradleAnimated.xml (RunModel)" time="1.091" />
  <testcase classname="ptolemy.util.test.junit.AutoTests" name="[99] /home/travis/build/icyphy/ptII/ptolemy/domains/continuous/test/auto/NewtonsCradleComplicated.xml (RunModel)" time="1.022" />
  <testcase classname="ptolemy.util.test.junit.AutoTests" name="[100] /home/travis/build/icyphy/ptII/ptolemy/domains/continuous/test/auto/NewtonsCradleNondeterministic.xml (RunModel)" time="0.665" />
  <testcase classname="ptolemy.util.test.junit.AutoTests" name="[101] /home/travis/build/icyphy/ptII/ptolemy/domains/continuous/test/auto/NewtonsCradlePerfectlyInelastic1.xml (RunModel)" time="1.188" />
  <testcase classname="ptolemy.util.test.junit.AutoTests" name="[102] /home/travis/build/icyphy/ptII/ptolemy/domains/continuous/test/auto/Noise.xml (RunModel)" time="0.181" />
  <testcase classname="ptolemy.util.test.junit.AutoTests" name="[103] /home/travis/build/icyphy/ptII/ptolemy/domains/continuous/test/auto/NoiseSpectrum.xml (RunModel)" time="0.819" />
  <testcase classname="ptolemy.util.test.junit.AutoTests" name="[104] /home/travis/build/icyphy/ptII/ptolemy/domains/continuous/test/auto/ParameterizedNewtonsCradleAnimated.xml (RunModel)" time="0.365" />
  <testcase classname="ptolemy.util.test.junit.AutoTests" name="[105] /home/travis/build/icyphy/ptII/ptolemy/domains/continuous/test/auto/ParameterizedNewtonsCradleAnimatedNondeterministic.xml (RunModel)" time="1.181" />
  <testcase classname="ptolemy.util.test.junit.AutoTests" name="[106] /home/travis/build/icyphy/ptII/ptolemy/domains/continuous/test/auto/Pendulum3D.xml (RunModel)" time="0.188" />
  <testcase classname="ptolemy.util.test.junit.AutoTests" name="[107] /home/travis/build/icyphy/ptII/ptolemy/domains/continuous/test/auto/PeriodicSampler.xml (RunModel)" time="0.011" />
  <testcase classname="ptolemy.util.test.junit.AutoTests" name="[108] /home/travis/build/icyphy/ptII/ptolemy/domains/continuous/test/auto/PeriodicSampler1.xml (RunModel)" time="0.05" />
  <testcase classname="ptolemy.util.test.junit.AutoTests" name="[109] /home/travis/build/icyphy/ptII/ptolemy/domains/continuous/test/auto/PeriodicSampler2.xml (RunModel)" time="0.076" />
  <testcase classname="ptolemy.util.test.junit.AutoTests" name="[110] /home/travis/build/icyphy/ptII/ptolemy/domains/continuous/test/auto/Poisson.xml (RunModel)" time="0.424" />
  <testcase classname="ptolemy.util.test.junit.AutoTests" name="[111] /home/travis/build/icyphy/ptII/ptolemy/domains/continuous/test/auto/PoissonClock.xml (RunModel)" time="0.011" />
  <testcase classname="ptolemy.util.test.junit.AutoTests" name="[112] /home/travis/build/icyphy/ptII/ptolemy/domains/continuous/test/auto/PoissonClock2.xml (RunModel)" time="0.014" />
  <testcase classname="ptolemy.util.test.junit.AutoTests" name="[113] /home/travis/build/icyphy/ptII/ptolemy/domains/continuous/test/auto/PortParameterHierarchy.xml (RunModel)" time="0.016" />
  <testcase classname="ptolemy.util.test.junit.AutoTests" name="[114] /home/travis/build/icyphy/ptII/ptolemy/domains/continuous/test/auto/RandomHybridPlant.xml (RunModel)" time="0.538" />
  <testcase classname="ptolemy.util.test.junit.AutoTests" name="[115] /home/travis/build/icyphy/ptII/ptolemy/domains/continuous/test/auto/ResetTransitionWithStartTime1.xml (RunModel)" time="0.027" />
  <testcase classname="ptolemy.util.test.junit.AutoTests" name="[116] /home/travis/build/icyphy/ptII/ptolemy/domains/continuous/test/auto/ResetTransitionWithStartTime2.xml (RunModel)" time="0.034" />
  <testcase classname="ptolemy.util.test.junit.AutoTests" name="[117] /home/travis/build/icyphy/ptII/ptolemy/domains/continuous/test/auto/ResetTransitionWithStartTime3.xml (RunModel)" time="0.033" />
  <testcase classname="ptolemy.util.test.junit.AutoTests" name="[118] /home/travis/build/icyphy/ptII/ptolemy/domains/continuous/test/auto/ResetTransitionWithStartTime4.xml (RunModel)" time="0.024" />
  <testcase classname="ptolemy.util.test.junit.AutoTests" name="[119] /home/travis/build/icyphy/ptII/ptolemy/domains/continuous/test/auto/ResetTransitionWithStartTime5.xml (RunModel)" time="0.031" />
  <testcase classname="ptolemy.util.test.junit.AutoTests" name="[120] /home/travis/build/icyphy/ptII/ptolemy/domains/continuous/test/auto/ResetTransitionWithStartTime6.xml (RunModel)" time="0.023" />
  <testcase classname="ptolemy.util.test.junit.AutoTests" name="[121] /home/travis/build/icyphy/ptII/ptolemy/domains/continuous/test/auto/SRinContinuous.xml (RunModel)" time="0.023" />
  <testcase classname="ptolemy.util.test.junit.AutoTests" name="[122] /home/travis/build/icyphy/ptII/ptolemy/domains/continuous/test/auto/SampledClocks.xml (RunModel)" time="0.039" />
  <testcase classname="ptolemy.util.test.junit.AutoTests" name="[123] /home/travis/build/icyphy/ptII/ptolemy/domains/continuous/test/auto/Satellite.xml (RunModel)" time="0.805" />
  <testcase classname="ptolemy.util.test.junit.AutoTests" name="[124] /home/travis/build/icyphy/ptII/ptolemy/domains/continuous/test/auto/SigmaDelta.xml (RunModel)" time="2.269" />
  <testcase classname="ptolemy.util.test.junit.AutoTests" name="[125] /home/travis/build/icyphy/ptII/ptolemy/domains/continuous/test/auto/SingleRefinement.xml (RunModel)" time="0.425" />
  <testcase classname="ptolemy.util.test.junit.AutoTests" name="[126] /home/travis/build/icyphy/ptII/ptolemy/domains/continuous/test/auto/SinuBouncingBall.xml (RunModel)" time="0.843" />
  <testcase classname="ptolemy.util.test.junit.AutoTests" name="[127] /home/travis/build/icyphy/ptII/ptolemy/domains/continuous/test/auto/Sinusoid.xml (RunModel)" time="0.02" />
  <testcase classname="ptolemy.util.test.junit.AutoTests" name="[128] /home/travis/build/icyphy/ptII/ptolemy/domains/continuous/test/auto/SinusoidInNoise.xml (RunModel)" time="0.949" />
  <testcase classname="ptolemy.util.test.junit.AutoTests" name="[129] /home/travis/build/icyphy/ptII/ptolemy/domains/continuous/test/auto/SinusoidRK45.xml (RunModel)" time="0.009" />
  <testcase classname="ptolemy.util.test.junit.AutoTests" name="[130] /home/travis/build/icyphy/ptII/ptolemy/domains/continuous/test/auto/SinusoidWithMultipleImpulses.xml (RunModel)" time="0.013" />
  <testcase classname="ptolemy.util.test.junit.AutoTests" name="[131] /home/travis/build/icyphy/ptII/ptolemy/domains/continuous/test/auto/SquareWave.xml (RunModel)" time="0.182" />
  <testcase classname="ptolemy.util.test.junit.AutoTests" name="[132] /home/travis/build/icyphy/ptII/ptolemy/domains/continuous/test/auto/Starmac.xml (RunModel)" time="3.387" />
  <testcase classname="ptolemy.util.test.junit.AutoTests" name="[133] /home/travis/build/icyphy/ptII/ptolemy/domains/continuous/test/auto/StaticUnits.xml (RunModel)" time="2.407" />
  <testcase classname="ptolemy.util.test.junit.AutoTests" name="[134] /home/travis/build/icyphy/ptII/ptolemy/domains/continuous/test/auto/StickyMasses.xml (RunModel)" time="0.174" />
  <testcase classname="ptolemy.util.test.junit.AutoTests" name="[135] /home/travis/build/icyphy/ptII/ptolemy/domains/continuous/test/auto/StopTime.xml (RunModel)" time="0.058" />
  <testcase classname="ptolemy.util.test.junit.AutoTests" name="[136] /home/travis/build/icyphy/ptII/ptolemy/domains/continuous/test/auto/StopTime2.xml (RunModel)" time="0.053" />
  <testcase classname="ptolemy.util.test.junit.AutoTests" name="[137] /home/travis/build/icyphy/ptII/ptolemy/domains/continuous/test/auto/Switch.xml (RunModel)" time="0.073" />
  <testcase classname="ptolemy.util.test.junit.AutoTests" name="[138] /home/travis/build/icyphy/ptII/ptolemy/domains/continuous/test/auto/Thermostat.xml (RunModel)" time="0.186" />
  <testcase classname="ptolemy.util.test.junit.AutoTests" name="[139] /home/travis/build/icyphy/ptII/ptolemy/domains/continuous/test/auto/TimeDelay.xml (RunModel)" time="0.013" />
  <testcase classname="ptolemy.util.test.junit.AutoTests" name="[140] /home/travis/build/icyphy/ptII/ptolemy/domains/continuous/test/auto/TimeDelay2.xml (RunModel)" time="0.017" />
  <testcase classname="ptolemy.util.test.junit.AutoTests" name="[141] /home/travis/build/icyphy/ptII/ptolemy/domains/continuous/test/auto/TimeDelay3.xml (RunModel)" time="0.011" />
  <testcase classname="ptolemy.util.test.junit.AutoTests" name="[142] /home/travis/build/icyphy/ptII/ptolemy/domains/continuous/test/auto/TransferAbsentToInside.xml (RunModel)" time="0.095" />
  <testcase classname="ptolemy.util.test.junit.AutoTests" name="[143] /home/travis/build/icyphy/ptII/ptolemy/domains/continuous/test/auto/Transmission.xml (RunModel)" time="0.841" />
  <testcase classname="ptolemy.util.test.junit.AutoTests" name="[144] /home/travis/build/icyphy/ptII/ptolemy/domains/continuous/test/auto/TriggeredContinuousClock.xml (RunModel)" time="0.069" />
  <testcase classname="ptolemy.util.test.junit.AutoTests" name="[145] /home/travis/build/icyphy/ptII/ptolemy/domains/continuous/test/auto/TwoMachineInfiniteBusControl.xml (RunModel)" time="2.897" />
  <testcase classname="ptolemy.util.test.junit.AutoTests" name="[146] /home/travis/build/icyphy/ptII/ptolemy/domains/continuous/test/auto/V2V.xml (RunModel)" time="0.814" />
  <testcase classname="ptolemy.util.test.junit.AutoTests" name="[147] /home/travis/build/icyphy/ptII/ptolemy/domains/continuous/test/auto/hierarchicalModalModel.xml (RunModel)" time="0.03" />
  <testcase classname="ptolemy.util.test.junit.AutoTests" name="[148] /home/travis/build/icyphy/ptII/ptolemy/domains/continuous/test/auto/hierarchicalModalModel1.xml (RunModel)" time="0.032" />
  <testcase classname="ptolemy.util.test.junit.AutoTests" name="[149] /home/travis/build/icyphy/ptII/ptolemy/domains/continuous/test/auto/hierarchicalModalModel2.xml (RunModel)" time="0.026" />
  <testcase classname="ptolemy.util.test.junit.AutoTests" name="[150] /home/travis/build/icyphy/ptII/ptolemy/domains/continuous/test/auto/hierarchicalModalModel3.xml (RunModel)" time="0.023" />
  <testcase classname="ptolemy.util.test.junit.AutoTests" name="[151] /home/travis/build/icyphy/ptII/ptolemy/domains/continuous/test/auto/hierarchicalModalModel4.xml (RunModel)" time="0.038" />
  <testcase classname="ptolemy.util.test.junit.AutoTests" name="[152] /home/travis/build/icyphy/ptII/ptolemy/domains/continuous/test/auto/junk.xml (RunModel)" time="0.158" />
  <system-out><![CDATA[No tcl tests in /home/travis/build/icyphy/ptII/ptolemy/domains/continuous/test
No auto/knownFailedTests/*.xml tests in /home/travis/build/icyphy/ptII/ptolemy/domains/continuous/test
No auto/linux-amd64/*.xml tests in /home/travis/build/icyphy/ptII/ptolemy/domains/continuous/test
AutoTests.java: About to close Vertx.
AutoTests.java: Vertx closed.

===========================================================================================
----------------- testing Fri Mar 29 03:51:28 UTC 2019 /home/travis/build/icyphy/ptII/ptolemy/domains/continuous/test/auto/BouncingBall.xml
----------------- Instantiating /home/travis/build/icyphy/ptII/ptolemy/domains/continuous/test/auto/BouncingBall.xml
2397 ms. Memory: 332288K Free: 263136K (79%)
----------------- Invoking toplevel() on ptolemy.moml.MoMLSimpleApplication@6adf623d
----------------- Done invoking toplevel() on ptolemy.moml.MoMLSimpleApplication@6adf623d
reloadAllAccessors: .BouncingBall

===========================================================================================
----------------- testing Fri Mar 29 03:51:31 UTC 2019 /home/travis/build/icyphy/ptII/ptolemy/domains/continuous/test/auto/BouncingBallWithoutGR.xml
----------------- Instantiating /home/travis/build/icyphy/ptII/ptolemy/domains/continuous/test/auto/BouncingBallWithoutGR.xml
775 ms. Memory: 332288K Free: 321242K (97%)
----------------- Invoking toplevel() on ptolemy.moml.MoMLSimpleApplication@22500d19
----------------- Done invoking toplevel() on ptolemy.moml.MoMLSimpleApplication@22500d19
reloadAllAccessors: .BouncingBallWithoutGR

===========================================================================================
----------------- testing Fri Mar 29 03:51:32 UTC 2019 /home/travis/build/icyphy/ptII/ptolemy/domains/continuous/test/auto/Brownian.xml
----------------- Instantiating /home/travis/build/icyphy/ptII/ptolemy/domains/continuous/test/auto/Brownian.xml
22 ms. Memory: 332288K Free: 307572K (93%)
----------------- Invoking toplevel() on ptolemy.moml.MoMLSimpleApplication@5b4525f6
----------------- Done invoking toplevel() on ptolemy.moml.MoMLSimpleApplication@5b4525f6
reloadAllAccessors: .Brownian

===========================================================================================
----------------- testing Fri Mar 29 03:51:32 UTC 2019 /home/travis/build/icyphy/ptII/ptolemy/domains/continuous/test/auto/CarTracking.xml
----------------- Instantiating /home/travis/build/icyphy/ptII/ptolemy/domains/continuous/test/auto/CarTracking.xml
3344 ms. Memory: 578560K Free: 470937K (81%)
----------------- Invoking toplevel() on ptolemy.moml.MoMLSimpleApplication@7a20cf5
----------------- Done invoking toplevel() on ptolemy.moml.MoMLSimpleApplication@7a20cf5
reloadAllAccessors: .CarTracking

===========================================================================================
----------------- testing Fri Mar 29 03:51:36 UTC 2019 /home/travis/build/icyphy/ptII/ptolemy/domains/continuous/test/auto/CartPendulum.xml
----------------- Instantiating /home/travis/build/icyphy/ptII/ptolemy/domains/continuous/test/auto/CartPendulum.xml
435 ms. Memory: 578560K Free: 369902K (64%)
----------------- Invoking toplevel() on ptolemy.moml.MoMLSimpleApplication@580885cc
----------------- Done invoking toplevel() on ptolemy.moml.MoMLSimpleApplication@580885cc
reloadAllAccessors: .CartPendulum

===========================================================================================
----------------- testing Fri Mar 29 03:51:36 UTC 2019 /home/travis/build/icyphy/ptII/ptolemy/domains/continuous/test/auto/CausalityInterface10.xml
----------------- Instantiating /home/travis/build/icyphy/ptII/ptolemy/domains/continuous/test/auto/CausalityInterface10.xml
11 ms. Memory: 578560K Free: 356779K (62%)
----------------- Invoking toplevel() on ptolemy.moml.MoMLSimpleApplication@7aac5c8a
----------------- Done invoking toplevel() on ptolemy.moml.MoMLSimpleApplication@7aac5c8a
reloadAllAccessors: .CausalityInterface10

===========================================================================================
----------------- testing Fri Mar 29 03:51:36 UTC 2019 /home/travis/build/icyphy/ptII/ptolemy/domains/continuous/test/auto/CausalityInterface11.xml
----------------- Instantiating /home/travis/build/icyphy/ptII/ptolemy/domains/continuous/test/auto/CausalityInterface11.xml
8 ms. Memory: 578560K Free: 346948K (60%)
----------------- Invoking toplevel() on ptolemy.moml.MoMLSimpleApplication@32448dda
----------------- Done invoking toplevel() on ptolemy.moml.MoMLSimpleApplication@32448dda
reloadAllAccessors: .CausalityInterface11

===========================================================================================
----------------- testing Fri Mar 29 03:51:36 UTC 2019 /home/travis/build/icyphy/ptII/ptolemy/domains/continuous/test/auto/CausalityInterface12.xml
----------------- Instantiating /home/travis/build/icyphy/ptII/ptolemy/domains/continuous/test/auto/CausalityInterface12.xml
11 ms. Memory: 578560K Free: 334249K (58%)
----------------- Invoking toplevel() on ptolemy.moml.MoMLSimpleApplication@5d8de8f1
----------------- Done invoking toplevel() on ptolemy.moml.MoMLSimpleApplication@5d8de8f1
reloadAllAccessors: .CausalityInterface12

===========================================================================================
----------------- testing Fri Mar 29 03:51:36 UTC 2019 /home/travis/build/icyphy/ptII/ptolemy/domains/continuous/test/auto/CausalityInterface13.xml
----------------- Instantiating /home/travis/build/icyphy/ptII/ptolemy/domains/continuous/test/auto/CausalityInterface13.xml
10 ms. Memory: 578560K Free: 324418K (56%)
----------------- Invoking toplevel() on ptolemy.moml.MoMLSimpleApplication@ce0c5d8
----------------- Done invoking toplevel() on ptolemy.moml.MoMLSimpleApplication@ce0c5d8
reloadAllAccessors: .CausalityInterface13

===========================================================================================
----------------- testing Fri Mar 29 03:51:36 UTC 2019 /home/travis/build/icyphy/ptII/ptolemy/domains/continuous/test/auto/CausalityInterface14.xml
----------------- Instantiating /home/travis/build/icyphy/ptII/ptolemy/domains/continuous/test/auto/CausalityInterface14.xml
5 ms. Memory: 578560K Free: 314572K (54%)
----------------- Invoking toplevel() on ptolemy.moml.MoMLSimpleApplication@6fe00256
----------------- Done invoking toplevel() on ptolemy.moml.MoMLSimpleApplication@6fe00256
reloadAllAccessors: .CausalityInterface14

===========================================================================================
----------------- testing Fri Mar 29 03:51:36 UTC 2019 /home/travis/build/icyphy/ptII/ptolemy/domains/continuous/test/auto/CausalityInterface4.xml
----------------- Instantiating /home/travis/build/icyphy/ptII/ptolemy/domains/continuous/test/auto/CausalityInterface4.xml
7 ms. Memory: 578560K Free: 304741K (53%)
----------------- Invoking toplevel() on ptolemy.moml.MoMLSimpleApplication@158c76c2
----------------- Done invoking toplevel() on ptolemy.moml.MoMLSimpleApplication@158c76c2
reloadAllAccessors: .CausalityInterface4

===========================================================================================
----------------- testing Fri Mar 29 03:51:37 UTC 2019 /home/travis/build/icyphy/ptII/ptolemy/domains/continuous/test/auto/CausalityInterface5.xml
----------------- Instantiating /home/travis/build/icyphy/ptII/ptolemy/domains/continuous/test/auto/CausalityInterface5.xml
10 ms. Memory: 578560K Free: 288749K (50%)
----------------- Invoking toplevel() on ptolemy.moml.MoMLSimpleApplication@45886f55
----------------- Done invoking toplevel() on ptolemy.moml.MoMLSimpleApplication@45886f55
reloadAllAccessors: .CausalityInterface5

===========================================================================================
----------------- testing Fri Mar 29 03:51:37 UTC 2019 /home/travis/build/icyphy/ptII/ptolemy/domains/continuous/test/auto/CausalityInterface6.xml
----------------- Instantiating /home/travis/build/icyphy/ptII/ptolemy/domains/continuous/test/auto/CausalityInterface6.xml
6 ms. Memory: 578560K Free: 269088K (47%)
----------------- Invoking toplevel() on ptolemy.moml.MoMLSimpleApplication@51a0c7de
----------------- Done invoking toplevel() on ptolemy.moml.MoMLSimpleApplication@51a0c7de
reloadAllAccessors: .CausalityInterface6

===========================================================================================
----------------- testing Fri Mar 29 03:51:37 UTC 2019 /home/travis/build/icyphy/ptII/ptolemy/domains/continuous/test/auto/CausalityInterface7.xml
----------------- Instantiating /home/travis/build/icyphy/ptII/ptolemy/domains/continuous/test/auto/CausalityInterface7.xml
21 ms. Memory: 578560K Free: 255973K (44%)
----------------- Invoking toplevel() on ptolemy.moml.MoMLSimpleApplication@1270fdca
----------------- Done invoking toplevel() on ptolemy.moml.MoMLSimpleApplication@1270fdca
reloadAllAccessors: .CausalityInterface7

===========================================================================================
----------------- testing Fri Mar 29 03:51:37 UTC 2019 /home/travis/build/icyphy/ptII/ptolemy/domains/continuous/test/auto/CausalityInterface8.xml
----------------- Instantiating /home/travis/build/icyphy/ptII/ptolemy/domains/continuous/test/auto/CausalityInterface8.xml
8 ms. Memory: 578560K Free: 242818K (42%)
----------------- Invoking toplevel() on ptolemy.moml.MoMLSimpleApplication@575a44e0
----------------- Done invoking toplevel() on ptolemy.moml.MoMLSimpleApplication@575a44e0
reloadAllAccessors: .CausalityInterface8

===========================================================================================
----------------- testing Fri Mar 29 03:51:37 UTC 2019 /home/travis/build/icyphy/ptII/ptolemy/domains/continuous/test/auto/CausalityInterface9.xml
----------------- Instantiating /home/travis/build/icyphy/ptII/ptolemy/domains/continuous/test/auto/CausalityInterface9.xml
4 ms. Memory: 578560K Free: 226841K (39%)
----------------- Invoking toplevel() on ptolemy.moml.MoMLSimpleApplication@f8710a4
----------------- Done invoking toplevel() on ptolemy.moml.MoMLSimpleApplication@f8710a4
reloadAllAccessors: .CausalityInterface9

===========================================================================================
----------------- testing Fri Mar 29 03:51:37 UTC 2019 /home/travis/build/icyphy/ptII/ptolemy/domains/continuous/test/auto/CausalityInterfaceFeedback1.xml
----------------- Instantiating /home/travis/build/icyphy/ptII/ptolemy/domains/continuous/test/auto/CausalityInterfaceFeedback1.xml
7 ms. Memory: 578560K Free: 217011K (38%)
----------------- Invoking toplevel() on ptolemy.moml.MoMLSimpleApplication@43412e3d
----------------- Done invoking toplevel() on ptolemy.moml.MoMLSimpleApplication@43412e3d
reloadAllAccessors: .CausalityInterfaceFeedback1

===========================================================================================
----------------- testing Fri Mar 29 03:51:37 UTC 2019 /home/travis/build/icyphy/ptII/ptolemy/domains/continuous/test/auto/CausalityInterfaceFeedback2.xml
----------------- Instantiating /home/travis/build/icyphy/ptII/ptolemy/domains/continuous/test/auto/CausalityInterfaceFeedback2.xml
6 ms. Memory: 578560K Free: 207164K (36%)
----------------- Invoking toplevel() on ptolemy.moml.MoMLSimpleApplication@6eb18d22
----------------- Done invoking toplevel() on ptolemy.moml.MoMLSimpleApplication@6eb18d22
reloadAllAccessors: .CausalityInterfaceFeedback2

===========================================================================================
----------------- testing Fri Mar 29 03:51:37 UTC 2019 /home/travis/build/icyphy/ptII/ptolemy/domains/continuous/test/auto/CompareWithCurrentTime.xml
----------------- Instantiating /home/travis/build/icyphy/ptII/ptolemy/domains/continuous/test/auto/CompareWithCurrentTime.xml
3 ms. Memory: 578560K Free: 197757K (34%)
----------------- Invoking toplevel() on ptolemy.moml.MoMLSimpleApplication@467281bb
----------------- Done invoking toplevel() on ptolemy.moml.MoMLSimpleApplication@467281bb
reloadAllAccessors: .CompareWithCurrentTime

===========================================================================================
----------------- testing Fri Mar 29 03:51:37 UTC 2019 /home/travis/build/icyphy/ptII/ptolemy/domains/continuous/test/auto/ComparedClocks.xml
----------------- Instantiating /home/travis/build/icyphy/ptII/ptolemy/domains/continuous/test/auto/ComparedClocks.xml
9 ms. Memory: 578560K Free: 178048K (31%)
----------------- Invoking toplevel() on ptolemy.moml.MoMLSimpleApplication@13c51f1d
----------------- Done invoking toplevel() on ptolemy.moml.MoMLSimpleApplication@13c51f1d
reloadAllAccessors: .ComparedClocks

===========================================================================================
----------------- testing Fri Mar 29 03:51:37 UTC 2019 /home/travis/build/icyphy/ptII/ptolemy/domains/continuous/test/auto/ContinuousAOCClone.xml
----------------- Instantiating /home/travis/build/icyphy/ptII/ptolemy/domains/continuous/test/auto/ContinuousAOCClone.xml
2503 ms. Memory: 872960K Free: 441576K (51%)
----------------- Invoking toplevel() on ptolemy.moml.MoMLSimpleApplication@17db9f60
----------------- Done invoking toplevel() on ptolemy.moml.MoMLSimpleApplication@17db9f60
reloadAllAccessors: .ContinuousAOCClone

===========================================================================================
----------------- testing Fri Mar 29 03:51:40 UTC 2019 /home/travis/build/icyphy/ptII/ptolemy/domains/continuous/test/auto/ContinuousClock.xml
----------------- Instantiating /home/travis/build/icyphy/ptII/ptolemy/domains/continuous/test/auto/ContinuousClock.xml
28 ms. Memory: 872960K Free: 407372K (47%)
----------------- Invoking toplevel() on ptolemy.moml.MoMLSimpleApplication@9c76771
----------------- Done invoking toplevel() on ptolemy.moml.MoMLSimpleApplication@9c76771
reloadAllAccessors: .ContinuousClock

===========================================================================================
----------------- testing Fri Mar 29 03:51:40 UTC 2019 /home/travis/build/icyphy/ptII/ptolemy/domains/continuous/test/auto/ContinuousInContinuous.xml
----------------- Instantiating /home/travis/build/icyphy/ptII/ptolemy/domains/continuous/test/auto/ContinuousInContinuous.xml
50 ms. Memory: 872960K Free: 379832K (44%)
----------------- Invoking toplevel() on ptolemy.moml.MoMLSimpleApplication@22cab728
----------------- Done invoking toplevel() on ptolemy.moml.MoMLSimpleApplication@22cab728
reloadAllAccessors: .ContinuousInContinuous

===========================================================================================
----------------- testing Fri Mar 29 03:51:40 UTC 2019 /home/travis/build/icyphy/ptII/ptolemy/domains/continuous/test/auto/ContinuousInContinuousInContinuous.xml
----------------- Instantiating /home/travis/build/icyphy/ptII/ptolemy/domains/continuous/test/auto/ContinuousInContinuousInContinuous.xml
12 ms. Memory: 872960K Free: 368027K (42%)
----------------- Invoking toplevel() on ptolemy.moml.MoMLSimpleApplication@3116e5
----------------- Done invoking toplevel() on ptolemy.moml.MoMLSimpleApplication@3116e5
reloadAllAccessors: .ContinuousInContinuousInContinuous

===========================================================================================
----------------- testing Fri Mar 29 03:51:40 UTC 2019 /home/travis/build/icyphy/ptII/ptolemy/domains/continuous/test/auto/ContinuousInDE.xml
----------------- Instantiating /home/travis/build/icyphy/ptII/ptolemy/domains/continuous/test/auto/ContinuousInDE.xml
120 ms. Memory: 872960K Free: 349200K (40%)
----------------- Invoking toplevel() on ptolemy.moml.MoMLSimpleApplication@38cfc04c
----------------- Done invoking toplevel() on ptolemy.moml.MoMLSimpleApplication@38cfc04c
reloadAllAccessors: .ContinuousInDE

===========================================================================================
----------------- testing Fri Mar 29 03:51:40 UTC 2019 /home/travis/build/icyphy/ptII/ptolemy/domains/continuous/test/auto/ContinuousInDE2.xml
----------------- Instantiating /home/travis/build/icyphy/ptII/ptolemy/domains/continuous/test/auto/ContinuousInDE2.xml
44 ms. Memory: 872960K Free: 337411K (39%)
----------------- Invoking toplevel() on ptolemy.moml.MoMLSimpleApplication@5cc0abf6
----------------- Done invoking toplevel() on ptolemy.moml.MoMLSimpleApplication@5cc0abf6
reloadAllAccessors: .ContinuousInDE2

===========================================================================================
----------------- testing Fri Mar 29 03:51:40 UTC 2019 /home/travis/build/icyphy/ptII/ptolemy/domains/continuous/test/auto/ContinuousInDE3.xml
----------------- Instantiating /home/travis/build/icyphy/ptII/ptolemy/domains/continuous/test/auto/ContinuousInDE3.xml
33 ms. Memory: 872960K Free: 325622K (37%)
----------------- Invoking toplevel() on ptolemy.moml.MoMLSimpleApplication@631435af
----------------- Done invoking toplevel() on ptolemy.moml.MoMLSimpleApplication@631435af
reloadAllAccessors: .ContinuousInDE3

===========================================================================================
----------------- testing Fri Mar 29 03:51:40 UTC 2019 /home/travis/build/icyphy/ptII/ptolemy/domains/continuous/test/auto/ContinuousInDE4.xml
----------------- Instantiating /home/travis/build/icyphy/ptII/ptolemy/domains/continuous/test/auto/ContinuousInDE4.xml
21 ms. Memory: 872960K Free: 317763K (36%)
----------------- Invoking toplevel() on ptolemy.moml.MoMLSimpleApplication@3fe5deca
----------------- Done invoking toplevel() on ptolemy.moml.MoMLSimpleApplication@3fe5deca
reloadAllAccessors: .ContinuousInDE4

===========================================================================================
----------------- testing Fri Mar 29 03:51:40 UTC 2019 /home/travis/build/icyphy/ptII/ptolemy/domains/continuous/test/auto/ContinuousInDEDifferentRefinements.xml
----------------- Instantiating /home/travis/build/icyphy/ptII/ptolemy/domains/continuous/test/auto/ContinuousInDEDifferentRefinements.xml
59 ms. Memory: 872960K Free: 279231K (32%)
----------------- Invoking toplevel() on ptolemy.moml.MoMLSimpleApplication@12c07e74
----------------- Done invoking toplevel() on ptolemy.moml.MoMLSimpleApplication@12c07e74
reloadAllAccessors: .ContinuousInDEDifferentRefinements

===========================================================================================
----------------- testing Fri Mar 29 03:51:40 UTC 2019 /home/travis/build/icyphy/ptII/ptolemy/domains/continuous/test/auto/ContinuousInDEDifferentRefinementsPreemptive.xml
----------------- Instantiating /home/travis/build/icyphy/ptII/ptolemy/domains/continuous/test/auto/ContinuousInDEDifferentRefinementsPreemptive.xml
45 ms. Memory: 872960K Free: 243801K (28%)
----------------- Invoking toplevel() on ptolemy.moml.MoMLSimpleApplication@75b547f9
----------------- Done invoking toplevel() on ptolemy.moml.MoMLSimpleApplication@75b547f9
reloadAllAccessors: .ContinuousInDEDifferentRefinementsPreemptive

===========================================================================================
----------------- testing Fri Mar 29 03:51:40 UTC 2019 /home/travis/build/icyphy/ptII/ptolemy/domains/continuous/test/auto/ContinuousInDEInContinuous2.xml
----------------- Instantiating /home/travis/build/icyphy/ptII/ptolemy/domains/continuous/test/auto/ContinuousInDEInContinuous2.xml
36 ms. Memory: 872960K Free: 228066K (26%)
----------------- Invoking toplevel() on ptolemy.moml.MoMLSimpleApplication@fc81b7e
----------------- Done invoking toplevel() on ptolemy.moml.MoMLSimpleApplication@fc81b7e
reloadAllAccessors: .ContinuousInDEInContinuous2

===========================================================================================
----------------- testing Fri Mar 29 03:51:40 UTC 2019 /home/travis/build/icyphy/ptII/ptolemy/domains/continuous/test/auto/ContinuousInDEInContinuous3.xml
----------------- Instantiating /home/travis/build/icyphy/ptII/ptolemy/domains/continuous/test/auto/ContinuousInDEInContinuous3.xml
35 ms. Memory: 872960K Free: 212332K (24%)
----------------- Invoking toplevel() on ptolemy.moml.MoMLSimpleApplication@4e28480b
----------------- Done invoking toplevel() on ptolemy.moml.MoMLSimpleApplication@4e28480b
reloadAllAccessors: .ContinuousInDEInContinuous3

===========================================================================================
----------------- testing Fri Mar 29 03:51:41 UTC 2019 /home/travis/build/icyphy/ptII/ptolemy/domains/continuous/test/auto/ContinuousInDEInput.xml
----------------- Instantiating /home/travis/build/icyphy/ptII/ptolemy/domains/continuous/test/auto/ContinuousInDEInput.xml
18 ms. Memory: 872960K Free: 197434K (23%)
----------------- Invoking toplevel() on ptolemy.moml.MoMLSimpleApplication@43cfe201
----------------- Done invoking toplevel() on ptolemy.moml.MoMLSimpleApplication@43cfe201
reloadAllAccessors: .ContinuousInDEInput

===========================================================================================
----------------- testing Fri Mar 29 03:51:41 UTC 2019 /home/travis/build/icyphy/ptII/ptolemy/domains/continuous/test/auto/ContinuousInDEInput2.xml
----------------- Instantiating /home/travis/build/icyphy/ptII/ptolemy/domains/continuous/test/auto/ContinuousInDEInput2.xml
19 ms. Memory: 872960K Free: 185645K (21%)
----------------- Invoking toplevel() on ptolemy.moml.MoMLSimpleApplication@53e61056
----------------- Done invoking toplevel() on ptolemy.moml.MoMLSimpleApplication@53e61056
reloadAllAccessors: .ContinuousInDEInput2

===========================================================================================
----------------- testing Fri Mar 29 03:51:41 UTC 2019 /home/travis/build/icyphy/ptII/ptolemy/domains/continuous/test/auto/ContinuousInDEInput3.xml
----------------- Instantiating /home/travis/build/icyphy/ptII/ptolemy/domains/continuous/test/auto/ContinuousInDEInput3.xml
19 ms. Memory: 872960K Free: 173856K (20%)
----------------- Invoking toplevel() on ptolemy.moml.MoMLSimpleApplication@219e62a
----------------- Done invoking toplevel() on ptolemy.moml.MoMLSimpleApplication@219e62a
reloadAllAccessors: .ContinuousInDEInput3

===========================================================================================
----------------- testing Fri Mar 29 03:51:41 UTC 2019 /home/travis/build/icyphy/ptII/ptolemy/domains/continuous/test/auto/ContinuousInDESharingRefinement.xml
----------------- Instantiating /home/travis/build/icyphy/ptII/ptolemy/domains/continuous/test/auto/ContinuousInDESharingRefinement.xml
172 ms. Memory: 872960K Free: 75430K (9%)
----------------- Invoking toplevel() on ptolemy.moml.MoMLSimpleApplication@5de5b821
----------------- Done invoking toplevel() on ptolemy.moml.MoMLSimpleApplication@5de5b821
reloadAllAccessors: .ContinuousInDESharingRefinement

===========================================================================================
----------------- testing Fri Mar 29 03:51:41 UTC 2019 /home/travis/build/icyphy/ptII/ptolemy/domains/continuous/test/auto/ContinuousInDEwithNoPorts.xml
----------------- Instantiating /home/travis/build/icyphy/ptII/ptolemy/domains/continuous/test/auto/ContinuousInDEwithNoPorts.xml
6 ms. Memory: 873472K Free: 851577K (97%)
----------------- Invoking toplevel() on ptolemy.moml.MoMLSimpleApplication@3443cb87
----------------- Done invoking toplevel() on ptolemy.moml.MoMLSimpleApplication@3443cb87
reloadAllAccessors: .ContinuousInDEwithNoPorts

===========================================================================================
----------------- testing Fri Mar 29 03:51:41 UTC 2019 /home/travis/build/icyphy/ptII/ptolemy/domains/continuous/test/auto/ContinuousInsideDE.xml
----------------- Instantiating /home/travis/build/icyphy/ptII/ptolemy/domains/continuous/test/auto/ContinuousInsideDE.xml
49 ms. Memory: 873472K Free: 833728K (95%)
----------------- Invoking toplevel() on ptolemy.moml.MoMLSimpleApplication@36389c20
----------------- Done invoking toplevel() on ptolemy.moml.MoMLSimpleApplication@36389c20
reloadAllAccessors: .ContinuousInsideDE

===========================================================================================
----------------- testing Fri Mar 29 03:51:41 UTC 2019 /home/travis/build/icyphy/ptII/ptolemy/domains/continuous/test/auto/ContinuousMerge1.xml
----------------- Instantiating /home/travis/build/icyphy/ptII/ptolemy/domains/continuous/test/auto/ContinuousMerge1.xml
3 ms. Memory: 873472K Free: 823249K (94%)
----------------- Invoking toplevel() on ptolemy.moml.MoMLSimpleApplication@4a8519c8
----------------- Done invoking toplevel() on ptolemy.moml.MoMLSimpleApplication@4a8519c8
reloadAllAccessors: .ContinuousMerge1

===========================================================================================
----------------- testing Fri Mar 29 03:51:41 UTC 2019 /home/travis/build/icyphy/ptII/ptolemy/domains/continuous/test/auto/ContinuousMerge2.xml
----------------- Instantiating /home/travis/build/icyphy/ptII/ptolemy/domains/continuous/test/auto/ContinuousMerge2.xml
16 ms. Memory: 873472K Free: 805235K (92%)
----------------- Invoking toplevel() on ptolemy.moml.MoMLSimpleApplication@285afb8d
----------------- Done invoking toplevel() on ptolemy.moml.MoMLSimpleApplication@285afb8d
reloadAllAccessors: .ContinuousMerge2

===========================================================================================
----------------- testing Fri Mar 29 03:51:41 UTC 2019 /home/travis/build/icyphy/ptII/ptolemy/domains/continuous/test/auto/ContinuousMerge3.xml
----------------- Instantiating /home/travis/build/icyphy/ptII/ptolemy/domains/continuous/test/auto/ContinuousMerge3.xml
53 ms. Memory: 873472K Free: 789501K (90%)
----------------- Invoking toplevel() on ptolemy.moml.MoMLSimpleApplication@4269e290
----------------- Done invoking toplevel() on ptolemy.moml.MoMLSimpleApplication@4269e290
reloadAllAccessors: .ContinuousMerge3

===========================================================================================
----------------- testing Fri Mar 29 03:51:41 UTC 2019 /home/travis/build/icyphy/ptII/ptolemy/domains/continuous/test/auto/ContinuousWithinContinuous.xml
----------------- Instantiating /home/travis/build/icyphy/ptII/ptolemy/domains/continuous/test/auto/ContinuousWithinContinuous.xml
48 ms. Memory: 873472K Free: 779022K (89%)
----------------- Invoking toplevel() on ptolemy.moml.MoMLSimpleApplication@189cbce
----------------- Done invoking toplevel() on ptolemy.moml.MoMLSimpleApplication@189cbce
reloadAllAccessors: .ContinuousWithinContinuous

===========================================================================================
----------------- testing Fri Mar 29 03:51:41 UTC 2019 /home/travis/build/icyphy/ptII/ptolemy/domains/continuous/test/auto/ContinuousWithinContinuous2.xml
----------------- Instantiating /home/travis/build/icyphy/ptII/ptolemy/domains/continuous/test/auto/ContinuousWithinContinuous2.xml
87 ms. Memory: 873472K Free: 761172K (87%)
----------------- Invoking toplevel() on ptolemy.moml.MoMLSimpleApplication@1c46e241
----------------- Done invoking toplevel() on ptolemy.moml.MoMLSimpleApplication@1c46e241
reloadAllAccessors: .ContinuousWithinContinuous2

===========================================================================================
----------------- testing Fri Mar 29 03:51:41 UTC 2019 /home/travis/build/icyphy/ptII/ptolemy/domains/continuous/test/auto/ContinuousWithinContinuous3.xml
----------------- Instantiating /home/travis/build/icyphy/ptII/ptolemy/domains/continuous/test/auto/ContinuousWithinContinuous3.xml
20 ms. Memory: 873472K Free: 750693K (86%)
----------------- Invoking toplevel() on ptolemy.moml.MoMLSimpleApplication@706b2e42
----------------- Done invoking toplevel() on ptolemy.moml.MoMLSimpleApplication@706b2e42
reloadAllAccessors: .ContinuousWithinContinuous3

===========================================================================================
----------------- testing Fri Mar 29 03:51:41 UTC 2019 /home/travis/build/icyphy/ptII/ptolemy/domains/continuous/test/auto/ContinuousWithinContinuous4.xml
----------------- Instantiating /home/travis/build/icyphy/ptII/ptolemy/domains/continuous/test/auto/ContinuousWithinContinuous4.xml
86 ms. Memory: 873472K Free: 732843K (84%)
----------------- Invoking toplevel() on ptolemy.moml.MoMLSimpleApplication@283f7d7f
----------------- Done invoking toplevel() on ptolemy.moml.MoMLSimpleApplication@283f7d7f
reloadAllAccessors: .ContinuousWithinContinuous4

===========================================================================================
----------------- testing Fri Mar 29 03:51:41 UTC 2019 /home/travis/build/icyphy/ptII/ptolemy/domains/continuous/test/auto/ContinuousWithinContinuous5.xml
----------------- Instantiating /home/travis/build/icyphy/ptII/ptolemy/domains/continuous/test/auto/ContinuousWithinContinuous5.xml
14 ms. Memory: 873472K Free: 722364K (83%)
----------------- Invoking toplevel() on ptolemy.moml.MoMLSimpleApplication@73b41401
----------------- Done invoking toplevel() on ptolemy.moml.MoMLSimpleApplication@73b41401
reloadAllAccessors: .ContinuousWithinContinuous5

===========================================================================================
----------------- testing Fri Mar 29 03:51:42 UTC 2019 /home/travis/build/icyphy/ptII/ptolemy/domains/continuous/test/auto/ContinuousWithinContinuous6.xml
----------------- Instantiating /home/travis/build/icyphy/ptII/ptolemy/domains/continuous/test/auto/ContinuousWithinContinuous6.xml
18 ms. Memory: 873472K Free: 711885K (82%)
----------------- Invoking toplevel() on ptolemy.moml.MoMLSimpleApplication@1709ebb3
----------------- Done invoking toplevel() on ptolemy.moml.MoMLSimpleApplication@1709ebb3
reloadAllAccessors: .ContinuousWithinContinuous6

===========================================================================================
----------------- testing Fri Mar 29 03:51:42 UTC 2019 /home/travis/build/icyphy/ptII/ptolemy/domains/continuous/test/auto/ContinuousWithinContinuous7.xml
----------------- Instantiating /home/travis/build/icyphy/ptII/ptolemy/domains/continuous/test/auto/ContinuousWithinContinuous7.xml
70 ms. Memory: 873472K Free: 694035K (79%)
----------------- Invoking toplevel() on ptolemy.moml.MoMLSimpleApplication@a126c0
----------------- Done invoking toplevel() on ptolemy.moml.MoMLSimpleApplication@a126c0
reloadAllAccessors: .ContinuousWithinContinuous7

===========================================================================================
----------------- testing Fri Mar 29 03:51:42 UTC 2019 /home/travis/build/icyphy/ptII/ptolemy/domains/continuous/test/auto/DCMotor.xml
----------------- Instantiating /home/travis/build/icyphy/ptII/ptolemy/domains/continuous/test/auto/DCMotor.xml
14148 ms. Memory: 734720K Free: 144851K (20%)
----------------- Invoking toplevel() on ptolemy.moml.MoMLSimpleApplication@6075440f
----------------- Done invoking toplevel() on ptolemy.moml.MoMLSimpleApplication@6075440f
reloadAllAccessors: .DCMotor

===========================================================================================
----------------- testing Fri Mar 29 03:51:56 UTC 2019 /home/travis/build/icyphy/ptII/ptolemy/domains/continuous/test/auto/DEInContinuous.xml
----------------- Instantiating /home/travis/build/icyphy/ptII/ptolemy/domains/continuous/test/auto/DEInContinuous.xml
15 ms. Memory: 734720K Free: 128355K (17%)
----------------- Invoking toplevel() on ptolemy.moml.MoMLSimpleApplication@18bc60ea
----------------- Done invoking toplevel() on ptolemy.moml.MoMLSimpleApplication@18bc60ea
reloadAllAccessors: .DEInContinuous

===========================================================================================
----------------- testing Fri Mar 29 03:51:56 UTC 2019 /home/travis/build/icyphy/ptII/ptolemy/domains/continuous/test/auto/DEinContinuous2.xml
----------------- Instantiating /home/travis/build/icyphy/ptII/ptolemy/domains/continuous/test/auto/DEinContinuous2.xml
8 ms. Memory: 734720K Free: 114230K (16%)
----------------- Invoking toplevel() on ptolemy.moml.MoMLSimpleApplication@42102b50
----------------- Done invoking toplevel() on ptolemy.moml.MoMLSimpleApplication@42102b50
reloadAllAccessors: .DEinContinuous2

===========================================================================================
----------------- testing Fri Mar 29 03:51:56 UTC 2019 /home/travis/build/icyphy/ptII/ptolemy/domains/continuous/test/auto/Derivative.xml
----------------- Instantiating /home/travis/build/icyphy/ptII/ptolemy/domains/continuous/test/auto/Derivative.xml
155 ms. Memory: 734720K Free: 74570K (10%)
----------------- Invoking toplevel() on ptolemy.moml.MoMLSimpleApplication@328faa52
----------------- Done invoking toplevel() on ptolemy.moml.MoMLSimpleApplication@328faa52
reloadAllAccessors: .Derivative2

===========================================================================================
----------------- testing Fri Mar 29 03:51:56 UTC 2019 /home/travis/build/icyphy/ptII/ptolemy/domains/continuous/test/auto/Derivative1.xml
----------------- Instantiating /home/travis/build/icyphy/ptII/ptolemy/domains/continuous/test/auto/Derivative1.xml
34 ms. Memory: 697344K Free: 665268K (95%)
----------------- Invoking toplevel() on ptolemy.moml.MoMLSimpleApplication@5b13a422
----------------- Done invoking toplevel() on ptolemy.moml.MoMLSimpleApplication@5b13a422
reloadAllAccessors: .Derivative1

===========================================================================================
----------------- testing Fri Mar 29 03:51:56 UTC 2019 /home/travis/build/icyphy/ptII/ptolemy/domains/continuous/test/auto/DiscreteClock.xml
----------------- Instantiating /home/travis/build/icyphy/ptII/ptolemy/domains/continuous/test/auto/DiscreteClock.xml
7 ms. Memory: 697344K Free: 651408K (93%)
----------------- Invoking toplevel() on ptolemy.moml.MoMLSimpleApplication@60450d
----------------- Done invoking toplevel() on ptolemy.moml.MoMLSimpleApplication@60450d
reloadAllAccessors: .DiscreteClock

===========================================================================================
----------------- testing Fri Mar 29 03:51:56 UTC 2019 /home/travis/build/icyphy/ptII/ptolemy/domains/continuous/test/auto/EfficiencyCurve.xml
----------------- Instantiating /home/travis/build/icyphy/ptII/ptolemy/domains/continuous/test/auto/EfficiencyCurve.xml
72 ms. Memory: 697344K Free: 632176K (91%)
----------------- Invoking toplevel() on ptolemy.moml.MoMLSimpleApplication@37842443
----------------- Done invoking toplevel() on ptolemy.moml.MoMLSimpleApplication@37842443
reloadAllAccessors: .EfficiencyCurve

===========================================================================================
----------------- testing Fri Mar 29 03:51:56 UTC 2019 /home/travis/build/icyphy/ptII/ptolemy/domains/continuous/test/auto/ExponentialResponse.xml
----------------- Instantiating /home/travis/build/icyphy/ptII/ptolemy/domains/continuous/test/auto/ExponentialResponse.xml
102 ms. Memory: 697344K Free: 606785K (87%)
----------------- Invoking toplevel() on ptolemy.moml.MoMLSimpleApplication@292251c0
----------------- Done invoking toplevel() on ptolemy.moml.MoMLSimpleApplication@292251c0
reloadAllAccessors: .ExponentialResponse

===========================================================================================
----------------- testing Fri Mar 29 03:51:57 UTC 2019 /home/travis/build/icyphy/ptII/ptolemy/domains/continuous/test/auto/ExponentialResponseRK45.xml
----------------- Instantiating /home/travis/build/icyphy/ptII/ptolemy/domains/continuous/test/auto/ExponentialResponseRK45.xml
23 ms. Memory: 697344K Free: 593712K (85%)
----------------- Invoking toplevel() on ptolemy.moml.MoMLSimpleApplication@74eb9b7
----------------- Done invoking toplevel() on ptolemy.moml.MoMLSimpleApplication@74eb9b7
reloadAllAccessors: .ExponentialResponseRK45

===========================================================================================
----------------- testing Fri Mar 29 03:51:57 UTC 2019 /home/travis/build/icyphy/ptII/ptolemy/domains/continuous/test/auto/Friction.xml
----------------- Instantiating /home/travis/build/icyphy/ptII/ptolemy/domains/continuous/test/auto/Friction.xml
1449 ms. Memory: 697344K Free: 142746K (20%)
----------------- Invoking toplevel() on ptolemy.moml.MoMLSimpleApplication@c2f63bd
----------------- Done invoking toplevel() on ptolemy.moml.MoMLSimpleApplication@c2f63bd
reloadAllAccessors: .Friction

===========================================================================================
----------------- testing Fri Mar 29 03:51:58 UTC 2019 /home/travis/build/icyphy/ptII/ptolemy/domains/continuous/test/auto/FurutaPendulum.xml
----------------- Instantiating /home/travis/build/icyphy/ptII/ptolemy/domains/continuous/test/auto/FurutaPendulum.xml
3400 ms. Memory: 674816K Free: 221438K (33%)
----------------- Invoking toplevel() on ptolemy.moml.MoMLSimpleApplication@152e73b
----------------- Done invoking toplevel() on ptolemy.moml.MoMLSimpleApplication@152e73b
reloadAllAccessors: .FurutaPendulum

===========================================================================================
----------------- testing Fri Mar 29 03:52:02 UTC 2019 /home/travis/build/icyphy/ptII/ptolemy/domains/continuous/test/auto/HierarchicalExecution.xml
----------------- Instantiating /home/travis/build/icyphy/ptII/ptolemy/domains/continuous/test/auto/HierarchicalExecution.xml
1638 ms. Memory: 647168K Free: 475161K (73%)
----------------- Invoking toplevel() on ptolemy.moml.MoMLSimpleApplication@9faf9ce
----------------- Done invoking toplevel() on ptolemy.moml.MoMLSimpleApplication@9faf9ce
reloadAllAccessors: .HierarchicalExecution

===========================================================================================
----------------- testing Fri Mar 29 03:52:04 UTC 2019 /home/travis/build/icyphy/ptII/ptolemy/domains/continuous/test/auto/HybridPlant.xml
----------------- Instantiating /home/travis/build/icyphy/ptII/ptolemy/domains/continuous/test/auto/HybridPlant.xml
492 ms. Memory: 647168K Free: 199492K (31%)
----------------- Invoking toplevel() on ptolemy.moml.MoMLSimpleApplication@58aa4259
----------------- Done invoking toplevel() on ptolemy.moml.MoMLSimpleApplication@58aa4259
reloadAllAccessors: .HybridPlant

===========================================================================================
----------------- testing Fri Mar 29 03:52:04 UTC 2019 /home/travis/build/icyphy/ptII/ptolemy/domains/continuous/test/auto/Hysteresis.xml
----------------- Instantiating /home/travis/build/icyphy/ptII/ptolemy/domains/continuous/test/auto/Hysteresis.xml
133 ms. Memory: 647168K Free: 131261K (20%)
----------------- Invoking toplevel() on ptolemy.moml.MoMLSimpleApplication@1f3dce47
----------------- Done invoking toplevel() on ptolemy.moml.MoMLSimpleApplication@1f3dce47
reloadAllAccessors: .Hysteresis

===========================================================================================
----------------- testing Fri Mar 29 03:52:04 UTC 2019 /home/travis/build/icyphy/ptII/ptolemy/domains/continuous/test/auto/HysteresisWithRandomDelay.xml
----------------- Instantiating /home/travis/build/icyphy/ptII/ptolemy/domains/continuous/test/auto/HysteresisWithRandomDelay.xml
177 ms. Memory: 615424K Free: 580991K (94%)
----------------- Invoking toplevel() on ptolemy.moml.MoMLSimpleApplication@60927717
----------------- Done invoking toplevel() on ptolemy.moml.MoMLSimpleApplication@60927717
reloadAllAccessors: .HysteresisWithRandomDelay

===========================================================================================
----------------- testing Fri Mar 29 03:52:05 UTC 2019 /home/travis/build/icyphy/ptII/ptolemy/domains/continuous/test/auto/HysteresisWithRandomLosses.xml
----------------- Instantiating /home/travis/build/icyphy/ptII/ptolemy/domains/continuous/test/auto/HysteresisWithRandomLosses.xml
2168 ms. Memory: 591872K Free: 324374K (55%)
----------------- Invoking toplevel() on ptolemy.moml.MoMLSimpleApplication@11631fe9
----------------- Done invoking toplevel() on ptolemy.moml.MoMLSimpleApplication@11631fe9
reloadAllAccessors: .HysteresisWithRandomLosses

===========================================================================================
----------------- testing Fri Mar 29 03:52:07 UTC 2019 /home/travis/build/icyphy/ptII/ptolemy/domains/continuous/test/auto/ImmediateTransitions.xml
----------------- Instantiating /home/travis/build/icyphy/ptII/ptolemy/domains/continuous/test/auto/ImmediateTransitions.xml
9 ms. Memory: 591872K Free: 309171K (52%)
----------------- Invoking toplevel() on ptolemy.moml.MoMLSimpleApplication@1c54fdeb
----------------- Done invoking toplevel() on ptolemy.moml.MoMLSimpleApplication@1c54fdeb
reloadAllAccessors: .ImmediateTransitions

===========================================================================================
----------------- testing Fri Mar 29 03:52:07 UTC 2019 /home/travis/build/icyphy/ptII/ptolemy/domains/continuous/test/auto/ImpulseFeedback.xml
----------------- Instantiating /home/travis/build/icyphy/ptII/ptolemy/domains/continuous/test/auto/ImpulseFeedback.xml
9 ms. Memory: 591872K Free: 300694K (51%)
----------------- Invoking toplevel() on ptolemy.moml.MoMLSimpleApplication@5b94e1de
----------------- Done invoking toplevel() on ptolemy.moml.MoMLSimpleApplication@5b94e1de
reloadAllAccessors: .ImpulseFeedback

===========================================================================================
----------------- testing Fri Mar 29 03:52:07 UTC 2019 /home/travis/build/icyphy/ptII/ptolemy/domains/continuous/test/auto/ImpulseFeedback2.xml
----------------- Instantiating /home/travis/build/icyphy/ptII/ptolemy/domains/continuous/test/auto/ImpulseFeedback2.xml
9 ms. Memory: 591872K Free: 292225K (49%)
----------------- Invoking toplevel() on ptolemy.moml.MoMLSimpleApplication@69860dd8
----------------- Done invoking toplevel() on ptolemy.moml.MoMLSimpleApplication@69860dd8
reloadAllAccessors: .ImpulseFeedback2

===========================================================================================
----------------- testing Fri Mar 29 03:52:07 UTC 2019 /home/travis/build/icyphy/ptII/ptolemy/domains/continuous/test/auto/IncreasingRatePoisson.xml
----------------- Instantiating /home/travis/build/icyphy/ptII/ptolemy/domains/continuous/test/auto/IncreasingRatePoisson.xml
710 ms. Memory: 565760K Free: 439910K (78%)
----------------- Invoking toplevel() on ptolemy.moml.MoMLSimpleApplication@14aaa808
----------------- Done invoking toplevel() on ptolemy.moml.MoMLSimpleApplication@14aaa808
reloadAllAccessors: .IncreasingRatePoisson

===========================================================================================
----------------- testing Fri Mar 29 03:52:08 UTC 2019 /home/travis/build/icyphy/ptII/ptolemy/domains/continuous/test/auto/InitialStateFeedback.xml
----------------- Instantiating /home/travis/build/icyphy/ptII/ptolemy/domains/continuous/test/auto/InitialStateFeedback.xml
9 ms. Memory: 565760K Free: 430466K (76%)
----------------- Invoking toplevel() on ptolemy.moml.MoMLSimpleApplication@37672c58
----------------- Done invoking toplevel() on ptolemy.moml.MoMLSimpleApplication@37672c58
reloadAllAccessors: .InitialStateFeedback

===========================================================================================
----------------- testing Fri Mar 29 03:52:08 UTC 2019 /home/travis/build/icyphy/ptII/ptolemy/domains/continuous/test/auto/Integration.xml
----------------- Instantiating /home/travis/build/icyphy/ptII/ptolemy/domains/continuous/test/auto/Integration.xml
2 ms. Memory: 565760K Free: 422304K (75%)
----------------- Invoking toplevel() on ptolemy.moml.MoMLSimpleApplication@417fd85b
----------------- Done invoking toplevel() on ptolemy.moml.MoMLSimpleApplication@417fd85b
reloadAllAccessors: .Integration

===========================================================================================
----------------- testing Fri Mar 29 03:52:08 UTC 2019 /home/travis/build/icyphy/ptII/ptolemy/domains/continuous/test/auto/Integration2.xml
----------------- Instantiating /home/travis/build/icyphy/ptII/ptolemy/domains/continuous/test/auto/Integration2.xml
77 ms. Memory: 565760K Free: 404472K (71%)
----------------- Invoking toplevel() on ptolemy.moml.MoMLSimpleApplication@216024a6
----------------- Done invoking toplevel() on ptolemy.moml.MoMLSimpleApplication@216024a6
reloadAllAccessors: .Integration2

===========================================================================================
----------------- testing Fri Mar 29 03:52:08 UTC 2019 /home/travis/build/icyphy/ptII/ptolemy/domains/continuous/test/auto/Integration3.xml
----------------- Instantiating /home/travis/build/icyphy/ptII/ptolemy/domains/continuous/test/auto/Integration3.xml
2 ms. Memory: 565760K Free: 396320K (70%)
----------------- Invoking toplevel() on ptolemy.moml.MoMLSimpleApplication@7c9936e2
----------------- Done invoking toplevel() on ptolemy.moml.MoMLSimpleApplication@7c9936e2
reloadAllAccessors: .Integration3

===========================================================================================
----------------- testing Fri Mar 29 03:52:08 UTC 2019 /home/travis/build/icyphy/ptII/ptolemy/domains/continuous/test/auto/Integration5.xml
----------------- Instantiating /home/travis/build/icyphy/ptII/ptolemy/domains/continuous/test/auto/Integration5.xml
2 ms. Memory: 565760K Free: 388276K (69%)
----------------- Invoking toplevel() on ptolemy.moml.MoMLSimpleApplication@28242917
----------------- Done invoking toplevel() on ptolemy.moml.MoMLSimpleApplication@28242917
reloadAllAccessors: .Integration5

===========================================================================================
----------------- testing Fri Mar 29 03:52:08 UTC 2019 /home/travis/build/icyphy/ptII/ptolemy/domains/continuous/test/auto/IntegratorImpulse.xml
----------------- Instantiating /home/travis/build/icyphy/ptII/ptolemy/domains/continuous/test/auto/IntegratorImpulse.xml
2 ms. Memory: 565760K Free: 380110K (67%)
----------------- Invoking toplevel() on ptolemy.moml.MoMLSimpleApplication@cacb6a2
----------------- Done invoking toplevel() on ptolemy.moml.MoMLSimpleApplication@cacb6a2
reloadAllAccessors: .IntegratorImpulse

===========================================================================================
----------------- testing Fri Mar 29 03:52:08 UTC 2019 /home/travis/build/icyphy/ptII/ptolemy/domains/continuous/test/auto/IntegratorImpulse2.xml
----------------- Instantiating /home/travis/build/icyphy/ptII/ptolemy/domains/continuous/test/auto/IntegratorImpulse2.xml
4 ms. Memory: 565760K Free: 371950K (66%)
----------------- Invoking toplevel() on ptolemy.moml.MoMLSimpleApplication@3a7f1c18
----------------- Done invoking toplevel() on ptolemy.moml.MoMLSimpleApplication@3a7f1c18
reloadAllAccessors: .IntegratorImpulse2

===========================================================================================
----------------- testing Fri Mar 29 03:52:08 UTC 2019 /home/travis/build/icyphy/ptII/ptolemy/domains/continuous/test/auto/LevelCrossing1.xml
----------------- Instantiating /home/travis/build/icyphy/ptII/ptolemy/domains/continuous/test/auto/LevelCrossing1.xml
2 ms. Memory: 565760K Free: 363789K (64%)
----------------- Invoking toplevel() on ptolemy.moml.MoMLSimpleApplication@7152fceb
----------------- Done invoking toplevel() on ptolemy.moml.MoMLSimpleApplication@7152fceb
reloadAllAccessors: .LevelCrossing1

===========================================================================================
----------------- testing Fri Mar 29 03:52:08 UTC 2019 /home/travis/build/icyphy/ptII/ptolemy/domains/continuous/test/auto/LevelCrossing2.xml
----------------- Instantiating /home/travis/build/icyphy/ptII/ptolemy/domains/continuous/test/auto/LevelCrossing2.xml
3 ms. Memory: 565760K Free: 355628K (63%)
----------------- Invoking toplevel() on ptolemy.moml.MoMLSimpleApplication@7212b83d
----------------- Done invoking toplevel() on ptolemy.moml.MoMLSimpleApplication@7212b83d
reloadAllAccessors: .LevelCrossing2

===========================================================================================
----------------- testing Fri Mar 29 03:52:08 UTC 2019 /home/travis/build/icyphy/ptII/ptolemy/domains/continuous/test/auto/LevelCrossing3.xml
----------------- Instantiating /home/travis/build/icyphy/ptII/ptolemy/domains/continuous/test/auto/LevelCrossing3.xml
2 ms. Memory: 565760K Free: 347467K (61%)
----------------- Invoking toplevel() on ptolemy.moml.MoMLSimpleApplication@d08df74
----------------- Done invoking toplevel() on ptolemy.moml.MoMLSimpleApplication@d08df74
reloadAllAccessors: .LevelCrossing3

===========================================================================================
----------------- testing Fri Mar 29 03:52:08 UTC 2019 /home/travis/build/icyphy/ptII/ptolemy/domains/continuous/test/auto/LevelCrossing4.xml
----------------- Instantiating /home/travis/build/icyphy/ptII/ptolemy/domains/continuous/test/auto/LevelCrossing4.xml
3 ms. Memory: 565760K Free: 339306K (60%)
----------------- Invoking toplevel() on ptolemy.moml.MoMLSimpleApplication@50e56729
----------------- Done invoking toplevel() on ptolemy.moml.MoMLSimpleApplication@50e56729
reloadAllAccessors: .LevelCrossing4

===========================================================================================
----------------- testing Fri Mar 29 03:52:08 UTC 2019 /home/travis/build/icyphy/ptII/ptolemy/domains/continuous/test/auto/LevelCrossing5.xml
----------------- Instantiating /home/travis/build/icyphy/ptII/ptolemy/domains/continuous/test/auto/LevelCrossing5.xml
3 ms. Memory: 565760K Free: 331255K (59%)
----------------- Invoking toplevel() on ptolemy.moml.MoMLSimpleApplication@449a5fb7
----------------- Done invoking toplevel() on ptolemy.moml.MoMLSimpleApplication@449a5fb7
reloadAllAccessors: .LevelCrossing5

===========================================================================================
[...]
reloadAllAccessors: .ResetTransitionWithStartTime6

===========================================================================================
----------------- testing Fri Mar 29 03:52:24 UTC 2019 /home/travis/build/icyphy/ptII/ptolemy/domains/continuous/test/auto/SRinContinuous.xml
----------------- Instantiating /home/travis/build/icyphy/ptII/ptolemy/domains/continuous/test/auto/SRinContinuous.xml
7 ms. Memory: 371712K Free: 209853K (56%)
----------------- Invoking toplevel() on ptolemy.moml.MoMLSimpleApplication@59ce3c6c
----------------- Done invoking toplevel() on ptolemy.moml.MoMLSimpleApplication@59ce3c6c
reloadAllAccessors: .SRinContinuous

===========================================================================================
----------------- testing Fri Mar 29 03:52:25 UTC 2019 /home/travis/build/icyphy/ptII/ptolemy/domains/continuous/test/auto/SampledClocks.xml
----------------- Instantiating /home/travis/build/icyphy/ptII/ptolemy/domains/continuous/test/auto/SampledClocks.xml
8 ms. Memory: 371712K Free: 193433K (52%)
----------------- Invoking toplevel() on ptolemy.moml.MoMLSimpleApplication@49455271
----------------- Done invoking toplevel() on ptolemy.moml.MoMLSimpleApplication@49455271
reloadAllAccessors: .SampledClocks

===========================================================================================
----------------- testing Fri Mar 29 03:52:25 UTC 2019 /home/travis/build/icyphy/ptII/ptolemy/domains/continuous/test/auto/Satellite.xml
----------------- Instantiating /home/travis/build/icyphy/ptII/ptolemy/domains/continuous/test/auto/Satellite.xml
778 ms. Memory: 358912K Free: 286751K (80%)
----------------- Invoking toplevel() on ptolemy.moml.MoMLSimpleApplication@549fed0
----------------- Done invoking toplevel() on ptolemy.moml.MoMLSimpleApplication@549fed0
reloadAllAccessors: .Satellite

===========================================================================================
----------------- testing Fri Mar 29 03:52:25 UTC 2019 /home/travis/build/icyphy/ptII/ptolemy/domains/continuous/test/auto/SigmaDelta.xml
----------------- Instantiating /home/travis/build/icyphy/ptII/ptolemy/domains/continuous/test/auto/SigmaDelta.xml
2132 ms. Memory: 434688K Free: 257169K (59%)
----------------- Invoking toplevel() on ptolemy.moml.MoMLSimpleApplication@120b02bb
----------------- Done invoking toplevel() on ptolemy.moml.MoMLSimpleApplication@120b02bb
reloadAllAccessors: .SigmaDelta

===========================================================================================
----------------- testing Fri Mar 29 03:52:28 UTC 2019 /home/travis/build/icyphy/ptII/ptolemy/domains/continuous/test/auto/SingleRefinement.xml
----------------- Instantiating /home/travis/build/icyphy/ptII/ptolemy/domains/continuous/test/auto/SingleRefinement.xml
297 ms. Memory: 434688K Free: 71543K (16%)
----------------- Invoking toplevel() on ptolemy.moml.MoMLSimpleApplication@28b92142
----------------- Done invoking toplevel() on ptolemy.moml.MoMLSimpleApplication@28b92142
reloadAllAccessors: .SingleRefinement

===========================================================================================
----------------- testing Fri Mar 29 03:52:28 UTC 2019 /home/travis/build/icyphy/ptII/ptolemy/domains/continuous/test/auto/SinuBouncingBall.xml
----------------- Instantiating /home/travis/build/icyphy/ptII/ptolemy/domains/continuous/test/auto/SinuBouncingBall.xml
763 ms. Memory: 516608K Free: 277174K (54%)
----------------- Invoking toplevel() on ptolemy.moml.MoMLSimpleApplication@20e8bd00
----------------- Done invoking toplevel() on ptolemy.moml.MoMLSimpleApplication@20e8bd00
reloadAllAccessors: .SinuBouncingBall

===========================================================================================
----------------- testing Fri Mar 29 03:52:29 UTC 2019 /home/travis/build/icyphy/ptII/ptolemy/domains/continuous/test/auto/Sinusoid.xml
----------------- Instantiating /home/travis/build/icyphy/ptII/ptolemy/domains/continuous/test/auto/Sinusoid.xml
4 ms. Memory: 516608K Free: 268915K (52%)
----------------- Invoking toplevel() on ptolemy.moml.MoMLSimpleApplication@7fffa836
----------------- Done invoking toplevel() on ptolemy.moml.MoMLSimpleApplication@7fffa836
reloadAllAccessors: .Sinusoid

===========================================================================================
----------------- testing Fri Mar 29 03:52:29 UTC 2019 /home/travis/build/icyphy/ptII/ptolemy/domains/continuous/test/auto/SinusoidInNoise.xml
----------------- Instantiating /home/travis/build/icyphy/ptII/ptolemy/domains/continuous/test/auto/SinusoidInNoise.xml
909 ms. Memory: 516608K Free: 65539K (13%)
----------------- Invoking toplevel() on ptolemy.moml.MoMLSimpleApplication@747d8a9f
----------------- Done invoking toplevel() on ptolemy.moml.MoMLSimpleApplication@747d8a9f
reloadAllAccessors: .SinusoidInNoise

===========================================================================================
----------------- testing Fri Mar 29 03:52:30 UTC 2019 /home/travis/build/icyphy/ptII/ptolemy/domains/continuous/test/auto/SinusoidRK45.xml
----------------- Instantiating /home/travis/build/icyphy/ptII/ptolemy/domains/continuous/test/auto/SinusoidRK45.xml
2 ms. Memory: 516608K Free: 58878K (11%)
----------------- Invoking toplevel() on ptolemy.moml.MoMLSimpleApplication@130a144d
----------------- Done invoking toplevel() on ptolemy.moml.MoMLSimpleApplication@130a144d
reloadAllAccessors: .SinusoidRK45

===========================================================================================
----------------- testing Fri Mar 29 03:52:30 UTC 2019 /home/travis/build/icyphy/ptII/ptolemy/domains/continuous/test/auto/SinusoidWithMultipleImpulses.xml
----------------- Instantiating /home/travis/build/icyphy/ptII/ptolemy/domains/continuous/test/auto/SinusoidWithMultipleImpulses.xml
3 ms. Memory: 516608K Free: 49237K (10%)
----------------- Invoking toplevel() on ptolemy.moml.MoMLSimpleApplication@7f2aaf5d
----------------- Done invoking toplevel() on ptolemy.moml.MoMLSimpleApplication@7f2aaf5d
reloadAllAccessors: .SinusoidWithMultipleImpulses

===========================================================================================
----------------- testing Fri Mar 29 03:52:30 UTC 2019 /home/travis/build/icyphy/ptII/ptolemy/domains/continuous/test/auto/SquareWave.xml
----------------- Instantiating /home/travis/build/icyphy/ptII/ptolemy/domains/continuous/test/auto/SquareWave.xml
150 ms. Memory: 495616K Free: 427605K (86%)
----------------- Invoking toplevel() on ptolemy.moml.MoMLSimpleApplication@2b1b567f
----------------- Done invoking toplevel() on ptolemy.moml.MoMLSimpleApplication@2b1b567f
reloadAllAccessors: .SquareWave

===========================================================================================
----------------- testing Fri Mar 29 03:52:30 UTC 2019 /home/travis/build/icyphy/ptII/ptolemy/domains/continuous/test/auto/Starmac.xml
----------------- Instantiating /home/travis/build/icyphy/ptII/ptolemy/domains/continuous/test/auto/Starmac.xml
3073 ms. Memory: 495616K Free: 68936K (14%)
----------------- Invoking toplevel() on ptolemy.moml.MoMLSimpleApplication@773df0d0
----------------- Done invoking toplevel() on ptolemy.moml.MoMLSimpleApplication@773df0d0
reloadAllAccessors: .Starmac

===========================================================================================
----------------- testing Fri Mar 29 03:52:33 UTC 2019 /home/travis/build/icyphy/ptII/ptolemy/domains/continuous/test/auto/StaticUnits.xml
----------------- Instantiating /home/travis/build/icyphy/ptII/ptolemy/domains/continuous/test/auto/StaticUnits.xml
2006 ms. Memory: 463872K Free: 384130K (83%)
----------------- Invoking toplevel() on ptolemy.moml.MoMLSimpleApplication@421a7b80
----------------- Done invoking toplevel() on ptolemy.moml.MoMLSimpleApplication@421a7b80
reloadAllAccessors: .StaticUnits

===========================================================================================
----------------- testing Fri Mar 29 03:52:36 UTC 2019 /home/travis/build/icyphy/ptII/ptolemy/domains/continuous/test/auto/StickyMasses.xml
----------------- Instantiating /home/travis/build/icyphy/ptII/ptolemy/domains/continuous/test/auto/StickyMasses.xml
124 ms. Memory: 463872K Free: 326757K (70%)
----------------- Invoking toplevel() on ptolemy.moml.MoMLSimpleApplication@5e8dbf8e
----------------- Done invoking toplevel() on ptolemy.moml.MoMLSimpleApplication@5e8dbf8e
reloadAllAccessors: .StickyMasses

===========================================================================================
----------------- testing Fri Mar 29 03:52:36 UTC 2019 /home/travis/build/icyphy/ptII/ptolemy/domains/continuous/test/auto/StopTime.xml
----------------- Instantiating /home/travis/build/icyphy/ptII/ptolemy/domains/continuous/test/auto/StopTime.xml
36 ms. Memory: 463872K Free: 298140K (64%)
----------------- Invoking toplevel() on ptolemy.moml.MoMLSimpleApplication@3c44b8cf
----------------- Done invoking toplevel() on ptolemy.moml.MoMLSimpleApplication@3c44b8cf
reloadAllAccessors: .StopTime

===========================================================================================
----------------- testing Fri Mar 29 03:52:36 UTC 2019 /home/travis/build/icyphy/ptII/ptolemy/domains/continuous/test/auto/StopTime2.xml
----------------- Instantiating /home/travis/build/icyphy/ptII/ptolemy/domains/continuous/test/auto/StopTime2.xml
31 ms. Memory: 463872K Free: 274558K (59%)
----------------- Invoking toplevel() on ptolemy.moml.MoMLSimpleApplication@2f446d78
----------------- Done invoking toplevel() on ptolemy.moml.MoMLSimpleApplication@2f446d78
reloadAllAccessors: .StopTime2

===========================================================================================
----------------- testing Fri Mar 29 03:52:36 UTC 2019 /home/travis/build/icyphy/ptII/ptolemy/domains/continuous/test/auto/Switch.xml
----------------- Instantiating /home/travis/build/icyphy/ptII/ptolemy/domains/continuous/test/auto/Switch.xml
52 ms. Memory: 463872K Free: 245975K (53%)
----------------- Invoking toplevel() on ptolemy.moml.MoMLSimpleApplication@689a212a
----------------- Done invoking toplevel() on ptolemy.moml.MoMLSimpleApplication@689a212a
reloadAllAccessors: .Switch

===========================================================================================
----------------- testing Fri Mar 29 03:52:36 UTC 2019 /home/travis/build/icyphy/ptII/ptolemy/domains/continuous/test/auto/Thermostat.xml
----------------- Instantiating /home/travis/build/icyphy/ptII/ptolemy/domains/continuous/test/auto/Thermostat.xml
164 ms. Memory: 463872K Free: 169360K (37%)
----------------- Invoking toplevel() on ptolemy.moml.MoMLSimpleApplication@78baebdc
----------------- Done invoking toplevel() on ptolemy.moml.MoMLSimpleApplication@78baebdc
reloadAllAccessors: .Thermostat

===========================================================================================
----------------- testing Fri Mar 29 03:52:36 UTC 2019 /home/travis/build/icyphy/ptII/ptolemy/domains/continuous/test/auto/TimeDelay.xml
----------------- Instantiating /home/travis/build/icyphy/ptII/ptolemy/domains/continuous/test/auto/TimeDelay.xml
5 ms. Memory: 463872K Free: 160930K (35%)
----------------- Invoking toplevel() on ptolemy.moml.MoMLSimpleApplication@6c4322c7
----------------- Done invoking toplevel() on ptolemy.moml.MoMLSimpleApplication@6c4322c7
reloadAllAccessors: .TimeDelay

===========================================================================================
----------------- testing Fri Mar 29 03:52:36 UTC 2019 /home/travis/build/icyphy/ptII/ptolemy/domains/continuous/test/auto/TimeDelay2.xml
----------------- Instantiating /home/travis/build/icyphy/ptII/ptolemy/domains/continuous/test/auto/TimeDelay2.xml
7 ms. Memory: 463872K Free: 152485K (33%)
----------------- Invoking toplevel() on ptolemy.moml.MoMLSimpleApplication@17b3383a
----------------- Done invoking toplevel() on ptolemy.moml.MoMLSimpleApplication@17b3383a
reloadAllAccessors: .TimeDelay2

===========================================================================================
----------------- testing Fri Mar 29 03:52:36 UTC 2019 /home/travis/build/icyphy/ptII/ptolemy/domains/continuous/test/auto/TimeDelay3.xml
----------------- Instantiating /home/travis/build/icyphy/ptII/ptolemy/domains/continuous/test/auto/TimeDelay3.xml
2 ms. Memory: 463872K Free: 144049K (31%)
----------------- Invoking toplevel() on ptolemy.moml.MoMLSimpleApplication@5bc3ca67
----------------- Done invoking toplevel() on ptolemy.moml.MoMLSimpleApplication@5bc3ca67
reloadAllAccessors: .TimeDelay3

===========================================================================================
----------------- testing Fri Mar 29 03:52:37 UTC 2019 /home/travis/build/icyphy/ptII/ptolemy/domains/continuous/test/auto/TransferAbsentToInside.xml
----------------- Instantiating /home/travis/build/icyphy/ptII/ptolemy/domains/continuous/test/auto/TransferAbsentToInside.xml
24 ms. Memory: 463872K Free: 85115K (18%)
----------------- Invoking toplevel() on ptolemy.moml.MoMLSimpleApplication@63372b4a
----------------- Done invoking toplevel() on ptolemy.moml.MoMLSimpleApplication@63372b4a
reloadAllAccessors: .TransferAbsentToInside

===========================================================================================
----------------- testing Fri Mar 29 03:52:37 UTC 2019 /home/travis/build/icyphy/ptII/ptolemy/domains/continuous/test/auto/Transmission.xml
----------------- Instantiating /home/travis/build/icyphy/ptII/ptolemy/domains/continuous/test/auto/Transmission.xml
811 ms. Memory: 525824K Free: 347327K (66%)
----------------- Invoking toplevel() on ptolemy.moml.MoMLSimpleApplication@54d92caa
----------------- Done invoking toplevel() on ptolemy.moml.MoMLSimpleApplication@54d92caa
reloadAllAccessors: .Transmission

===========================================================================================
----------------- testing Fri Mar 29 03:52:37 UTC 2019 /home/travis/build/icyphy/ptII/ptolemy/domains/continuous/test/auto/TriggeredContinuousClock.xml
----------------- Instantiating /home/travis/build/icyphy/ptII/ptolemy/domains/continuous/test/auto/TriggeredContinuousClock.xml
38 ms. Memory: 525824K Free: 313133K (60%)
----------------- Invoking toplevel() on ptolemy.moml.MoMLSimpleApplication@727d609f
----------------- Done invoking toplevel() on ptolemy.moml.MoMLSimpleApplication@727d609f
reloadAllAccessors: .TriggeredContinuousClock

===========================================================================================
----------------- testing Fri Mar 29 03:52:38 UTC 2019 /home/travis/build/icyphy/ptII/ptolemy/domains/continuous/test/auto/TwoMachineInfiniteBusControl.xml
----------------- Instantiating /home/travis/build/icyphy/ptII/ptolemy/domains/continuous/test/auto/TwoMachineInfiniteBusControl.xml
2767 ms. Memory: 632320K Free: 315530K (50%)
----------------- Invoking toplevel() on ptolemy.moml.MoMLSimpleApplication@32d3d420
----------------- Done invoking toplevel() on ptolemy.moml.MoMLSimpleApplication@32d3d420
reloadAllAccessors: .TwoMachineInfiniteBusControl

===========================================================================================
----------------- testing Fri Mar 29 03:52:40 UTC 2019 /home/travis/build/icyphy/ptII/ptolemy/domains/continuous/test/auto/V2V.xml
----------------- Instantiating /home/travis/build/icyphy/ptII/ptolemy/domains/continuous/test/auto/V2V.xml
728 ms. Memory: 632320K Free: 115450K (18%)
----------------- Invoking toplevel() on ptolemy.moml.MoMLSimpleApplication@77af6fb3
----------------- Done invoking toplevel() on ptolemy.moml.MoMLSimpleApplication@77af6fb3
reloadAllAccessors: .V2V

===========================================================================================
----------------- testing Fri Mar 29 03:52:41 UTC 2019 /home/travis/build/icyphy/ptII/ptolemy/domains/continuous/test/auto/hierarchicalModalModel.xml
----------------- Instantiating /home/travis/build/icyphy/ptII/ptolemy/domains/continuous/test/auto/hierarchicalModalModel.xml
7 ms. Memory: 632320K Free: 97216K (15%)
----------------- Invoking toplevel() on ptolemy.moml.MoMLSimpleApplication@1b712af0
----------------- Done invoking toplevel() on ptolemy.moml.MoMLSimpleApplication@1b712af0
reloadAllAccessors: .hierarchicalModalModel

===========================================================================================
----------------- testing Fri Mar 29 03:52:41 UTC 2019 /home/travis/build/icyphy/ptII/ptolemy/domains/continuous/test/auto/hierarchicalModalModel1.xml
----------------- Instantiating /home/travis/build/icyphy/ptII/ptolemy/domains/continuous/test/auto/hierarchicalModalModel1.xml
7 ms. Memory: 632320K Free: 78957K (12%)
----------------- Invoking toplevel() on ptolemy.moml.MoMLSimpleApplication@255fd377
----------------- Done invoking toplevel() on ptolemy.moml.MoMLSimpleApplication@255fd377
reloadAllAccessors: .hierarchicalModalModel1

===========================================================================================
----------------- testing Fri Mar 29 03:52:41 UTC 2019 /home/travis/build/icyphy/ptII/ptolemy/domains/continuous/test/auto/hierarchicalModalModel2.xml
----------------- Instantiating /home/travis/build/icyphy/ptII/ptolemy/domains/continuous/test/auto/hierarchicalModalModel2.xml
6 ms. Memory: 632320K Free: 63588K (10%)
----------------- Invoking toplevel() on ptolemy.moml.MoMLSimpleApplication@6177f5ce
----------------- Done invoking toplevel() on ptolemy.moml.MoMLSimpleApplication@6177f5ce
reloadAllAccessors: .hierarchicalModalModel2

===========================================================================================
----------------- testing Fri Mar 29 03:52:41 UTC 2019 /home/travis/build/icyphy/ptII/ptolemy/domains/continuous/test/auto/hierarchicalModalModel3.xml
----------------- Instantiating /home/travis/build/icyphy/ptII/ptolemy/domains/continuous/test/auto/hierarchicalModalModel3.xml
5 ms. Memory: 632320K Free: 51112K (8%)
----------------- Invoking toplevel() on ptolemy.moml.MoMLSimpleApplication@16129010
----------------- Done invoking toplevel() on ptolemy.moml.MoMLSimpleApplication@16129010
reloadAllAccessors: .hierarchicalModalModel3

===========================================================================================
----------------- testing Fri Mar 29 03:52:41 UTC 2019 /home/travis/build/icyphy/ptII/ptolemy/domains/continuous/test/auto/hierarchicalModalModel4.xml
----------------- Instantiating /home/travis/build/icyphy/ptII/ptolemy/domains/continuous/test/auto/hierarchicalModalModel4.xml
4 ms. Memory: 604160K Free: 581847K (96%)
----------------- Invoking toplevel() on ptolemy.moml.MoMLSimpleApplication@1828f564
----------------- Done invoking toplevel() on ptolemy.moml.MoMLSimpleApplication@1828f564
reloadAllAccessors: .hierarchicalModalModel4

===========================================================================================
----------------- testing Fri Mar 29 03:52:41 UTC 2019 /home/travis/build/icyphy/ptII/ptolemy/domains/continuous/test/auto/junk.xml
----------------- Instantiating /home/travis/build/icyphy/ptII/ptolemy/domains/continuous/test/auto/junk.xml
129 ms. Memory: 604160K Free: 544211K (90%)
----------------- Invoking toplevel() on ptolemy.moml.MoMLSimpleApplication@e63c45f
----------------- Done invoking toplevel() on ptolemy.moml.MoMLSimpleApplication@e63c45f
reloadAllAccessors: .junk
AutoTests.java: About to close Vertx.
AutoTests.java: Vertx closed.
]]></system-out>
  <system-err><![CDATA[Warning: '.HysteresisWithRandomDelay.NonStrictTest3' The test produced only 28 tokens, yet the correctValues parameter was expecting 30 tokens.
Warning: '.Poisson.NonStrictTest' The test produced only 390 tokens, yet the correctValues parameter was expecting 430 tokens.
]]></system-err>
</testsuite>
