<?xml version="1.0" encoding="UTF-8" ?>
<testsuite errors="0" failures="0" hostname="travis-job-518f23fb-b39e-49e5-974e-0fb5f4471e97" name="ptolemy.domains.modal.test.junit.JUnitTclTest" skipped="0" tests="148" time="9.966" timestamp="2018-11-18T02:50:56">
  <properties>
[...]
</properties>
  <testcase classname="ptolemy.util.test.junit.TclTests" name="[0] /home/travis/build/icyphy/ptII/ptolemy/domains/modal/test/SystemLevelType.tcl (RunTclFile)" time="1.834" />
  <testcase classname="ptolemy.util.test.junit.AutoKnownFailedTests" name="[0] /home/travis/build/icyphy/ptII/ptolemy/domains/modal/test/auto/knownFailedTests/CannotAnalysisWithPreemption.xml (RunModel)" time="0.171" />
  <testcase classname="ptolemy.util.test.junit.AutoNameArchTests" name="[0] ThereAreNoAutoArchTests (RunModel)" time="0.014" />
  <testcase classname="ptolemy.util.test.junit.AutoTests" name="[0] /home/travis/build/icyphy/ptII/ptolemy/domains/modal/test/auto/ABPTest.xml (RunModel)" time="0.652" />
  <testcase classname="ptolemy.util.test.junit.AutoTests" name="[1] /home/travis/build/icyphy/ptII/ptolemy/domains/modal/test/auto/ABROFlat.xml (RunModel)" time="0.102" />
  <testcase classname="ptolemy.util.test.junit.AutoTests" name="[2] /home/travis/build/icyphy/ptII/ptolemy/domains/modal/test/auto/ABROFlat2.xml (RunModel)" time="0.083" />
  <testcase classname="ptolemy.util.test.junit.AutoTests" name="[3] /home/travis/build/icyphy/ptII/ptolemy/domains/modal/test/auto/ABRO_present_hmm.xml (RunModel)" time="0.159" />
  <testcase classname="ptolemy.util.test.junit.AutoTests" name="[4] /home/travis/build/icyphy/ptII/ptolemy/domains/modal/test/auto/AMICoderExample.xml (RunModel)" time="0.063" />
  <testcase classname="ptolemy.util.test.junit.AutoTests" name="[5] /home/travis/build/icyphy/ptII/ptolemy/domains/modal/test/auto/AbsentToPresent.xml (RunModel)" time="0.02" />
  <testcase classname="ptolemy.util.test.junit.AutoTests" name="[6] /home/travis/build/icyphy/ptII/ptolemy/domains/modal/test/auto/Blending.xml (RunModel)" time="0.264" />
  <testcase classname="ptolemy.util.test.junit.AutoTests" name="[7] /home/travis/build/icyphy/ptII/ptolemy/domains/modal/test/auto/Broadcast.xml (RunModel)" time="0.065" />
  <testcase classname="ptolemy.util.test.junit.AutoTests" name="[8] /home/travis/build/icyphy/ptII/ptolemy/domains/modal/test/auto/BroadcastHierarchy.xml (RunModel)" time="0.071" />
  <testcase classname="ptolemy.util.test.junit.AutoTests" name="[9] /home/travis/build/icyphy/ptII/ptolemy/domains/modal/test/auto/BroadcastHierarchy2.xml (RunModel)" time="0.116" />
  <testcase classname="ptolemy.util.test.junit.AutoTests" name="[10] /home/travis/build/icyphy/ptII/ptolemy/domains/modal/test/auto/BroadcastHierarchy3.xml (RunModel)" time="0.1" />
  <testcase classname="ptolemy.util.test.junit.AutoTests" name="[11] /home/travis/build/icyphy/ptII/ptolemy/domains/modal/test/auto/BroadcastHierarchy4.xml (RunModel)" time="0.089" />
  <testcase classname="ptolemy.util.test.junit.AutoTests" name="[12] /home/travis/build/icyphy/ptII/ptolemy/domains/modal/test/auto/CannotAnalysisWithPreemption2.xml (RunModel)" time="0.026" />
  <testcase classname="ptolemy.util.test.junit.AutoTests" name="[13] /home/travis/build/icyphy/ptII/ptolemy/domains/modal/test/auto/CannotAnalysisWithPreemption3.xml (RunModel)" time="0.036" />
  <testcase classname="ptolemy.util.test.junit.AutoTests" name="[14] /home/travis/build/icyphy/ptII/ptolemy/domains/modal/test/auto/CannotProduce.xml (RunModel)" time="0.037" />
  <testcase classname="ptolemy.util.test.junit.AutoTests" name="[15] /home/travis/build/icyphy/ptII/ptolemy/domains/modal/test/auto/CannotProduceModal.xml (RunModel)" time="0.036" />
  <testcase classname="ptolemy.util.test.junit.AutoTests" name="[16] /home/travis/build/icyphy/ptII/ptolemy/domains/modal/test/auto/Case.xml (RunModel)" time="0.078" />
  <testcase classname="ptolemy.util.test.junit.AutoTests" name="[17] /home/travis/build/icyphy/ptII/ptolemy/domains/modal/test/auto/Case1.xml (RunModel)" time="0.038" />
  <testcase classname="ptolemy.util.test.junit.AutoTests" name="[18] /home/travis/build/icyphy/ptII/ptolemy/domains/modal/test/auto/Case2.xml (RunModel)" time="0.058" />
  <testcase classname="ptolemy.util.test.junit.AutoTests" name="[19] /home/travis/build/icyphy/ptII/ptolemy/domains/modal/test/auto/CausalityInterface1.xml (RunModel)" time="0.025" />
  <testcase classname="ptolemy.util.test.junit.AutoTests" name="[20] /home/travis/build/icyphy/ptII/ptolemy/domains/modal/test/auto/CausalityInterface10.xml (RunModel)" time="0.055" />
  <testcase classname="ptolemy.util.test.junit.AutoTests" name="[21] /home/travis/build/icyphy/ptII/ptolemy/domains/modal/test/auto/CausalityInterface11.xml (RunModel)" time="0.055" />
  <testcase classname="ptolemy.util.test.junit.AutoTests" name="[22] /home/travis/build/icyphy/ptII/ptolemy/domains/modal/test/auto/CausalityInterface12.xml (RunModel)" time="0.051" />
  <testcase classname="ptolemy.util.test.junit.AutoTests" name="[23] /home/travis/build/icyphy/ptII/ptolemy/domains/modal/test/auto/CausalityInterface13.xml (RunModel)" time="0.056" />
  <testcase classname="ptolemy.util.test.junit.AutoTests" name="[24] /home/travis/build/icyphy/ptII/ptolemy/domains/modal/test/auto/CausalityInterface14.xml (RunModel)" time="0.053" />
  <testcase classname="ptolemy.util.test.junit.AutoTests" name="[25] /home/travis/build/icyphy/ptII/ptolemy/domains/modal/test/auto/CausalityInterface2.xml (RunModel)" time="0.029" />
  <testcase classname="ptolemy.util.test.junit.AutoTests" name="[26] /home/travis/build/icyphy/ptII/ptolemy/domains/modal/test/auto/CausalityInterface3.xml (RunModel)" time="0.022" />
  <testcase classname="ptolemy.util.test.junit.AutoTests" name="[27] /home/travis/build/icyphy/ptII/ptolemy/domains/modal/test/auto/CausalityInterface4.xml (RunModel)" time="0.055" />
  <testcase classname="ptolemy.util.test.junit.AutoTests" name="[28] /home/travis/build/icyphy/ptII/ptolemy/domains/modal/test/auto/CausalityInterface5.xml (RunModel)" time="0.041" />
  <testcase classname="ptolemy.util.test.junit.AutoTests" name="[29] /home/travis/build/icyphy/ptII/ptolemy/domains/modal/test/auto/CausalityInterface6.xml (RunModel)" time="0.04" />
  <testcase classname="ptolemy.util.test.junit.AutoTests" name="[30] /home/travis/build/icyphy/ptII/ptolemy/domains/modal/test/auto/CausalityInterface7.xml (RunModel)" time="0.038" />
  <testcase classname="ptolemy.util.test.junit.AutoTests" name="[31] /home/travis/build/icyphy/ptII/ptolemy/domains/modal/test/auto/CausalityInterface8.xml (RunModel)" time="0.034" />
  <testcase classname="ptolemy.util.test.junit.AutoTests" name="[32] /home/travis/build/icyphy/ptII/ptolemy/domains/modal/test/auto/CausalityInterface9.xml (RunModel)" time="0.038" />
  <testcase classname="ptolemy.util.test.junit.AutoTests" name="[33] /home/travis/build/icyphy/ptII/ptolemy/domains/modal/test/auto/ChainedTransitions.xml (RunModel)" time="0.131" />
  <testcase classname="ptolemy.util.test.junit.AutoTests" name="[34] /home/travis/build/icyphy/ptII/ptolemy/domains/modal/test/auto/CycleOfImmediateTransitionsFSM.xml (RunModel)" time="0.016" />
  <testcase classname="ptolemy.util.test.junit.AutoTests" name="[35] /home/travis/build/icyphy/ptII/ptolemy/domains/modal/test/auto/CycleOfImmediateTransitionsModal.xml (RunModel)" time="0.02" />
  <testcase classname="ptolemy.util.test.junit.AutoTests" name="[36] /home/travis/build/icyphy/ptII/ptolemy/domains/modal/test/auto/CycleOfImmediateTransitionsModal2.xml (RunModel)" time="0.031" />
  <testcase classname="ptolemy.util.test.junit.AutoTests" name="[37] /home/travis/build/icyphy/ptII/ptolemy/domains/modal/test/auto/CycleOfImmediateTransitionsModal3.xml (RunModel)" time="0.073" />
  <testcase classname="ptolemy.util.test.junit.AutoTests" name="[38] /home/travis/build/icyphy/ptII/ptolemy/domains/modal/test/auto/DeepModal1.xml (RunModel)" time="0.057" />
  <testcase classname="ptolemy.util.test.junit.AutoTests" name="[39] /home/travis/build/icyphy/ptII/ptolemy/domains/modal/test/auto/DeepModal2.xml (RunModel)" time="0.068" />
  <testcase classname="ptolemy.util.test.junit.AutoTests" name="[40] /home/travis/build/icyphy/ptII/ptolemy/domains/modal/test/auto/DeepModal3.xml (RunModel)" time="0.055" />
  <testcase classname="ptolemy.util.test.junit.AutoTests" name="[41] /home/travis/build/icyphy/ptII/ptolemy/domains/modal/test/auto/DeepModal4.xml (RunModel)" time="0.069" />
  <testcase classname="ptolemy.util.test.junit.AutoTests" name="[42] /home/travis/build/icyphy/ptII/ptolemy/domains/modal/test/auto/Default1.xml (RunModel)" time="0.027" />
  <testcase classname="ptolemy.util.test.junit.AutoTests" name="[43] /home/travis/build/icyphy/ptII/ptolemy/domains/modal/test/auto/Default2.xml (RunModel)" time="0.02" />
  <testcase classname="ptolemy.util.test.junit.AutoTests" name="[44] /home/travis/build/icyphy/ptII/ptolemy/domains/modal/test/auto/Default3.xml (RunModel)" time="0.017" />
  <testcase classname="ptolemy.util.test.junit.AutoTests" name="[45] /home/travis/build/icyphy/ptII/ptolemy/domains/modal/test/auto/Default4.xml (RunModel)" time="0.02" />
  <testcase classname="ptolemy.util.test.junit.AutoTests" name="[46] /home/travis/build/icyphy/ptII/ptolemy/domains/modal/test/auto/Default5.xml (RunModel)" time="0.029" />
  <testcase classname="ptolemy.util.test.junit.AutoTests" name="[47] /home/travis/build/icyphy/ptII/ptolemy/domains/modal/test/auto/EmptyGuard.xml (RunModel)" time="0.024" />
  <testcase classname="ptolemy.util.test.junit.AutoTests" name="[48] /home/travis/build/icyphy/ptII/ptolemy/domains/modal/test/auto/ErrorTransition1.xml (RunModel)" time="0.024" />
  <testcase classname="ptolemy.util.test.junit.AutoTests" name="[49] /home/travis/build/icyphy/ptII/ptolemy/domains/modal/test/auto/ErrorTransition10.xml (RunModel)" time="0.035" />
  <testcase classname="ptolemy.util.test.junit.AutoTests" name="[50] /home/travis/build/icyphy/ptII/ptolemy/domains/modal/test/auto/ErrorTransition11.xml (RunModel)" time="0.033" />
  <testcase classname="ptolemy.util.test.junit.AutoTests" name="[51] /home/travis/build/icyphy/ptII/ptolemy/domains/modal/test/auto/ErrorTransition2.xml (RunModel)" time="0.022" />
  <testcase classname="ptolemy.util.test.junit.AutoTests" name="[52] /home/travis/build/icyphy/ptII/ptolemy/domains/modal/test/auto/ErrorTransition3.xml (RunModel)" time="0.027" />
  <testcase classname="ptolemy.util.test.junit.AutoTests" name="[53] /home/travis/build/icyphy/ptII/ptolemy/domains/modal/test/auto/ErrorTransition4.xml (RunModel)" time="0.028" />
  <testcase classname="ptolemy.util.test.junit.AutoTests" name="[54] /home/travis/build/icyphy/ptII/ptolemy/domains/modal/test/auto/ErrorTransition5.xml (RunModel)" time="0.025" />
  <testcase classname="ptolemy.util.test.junit.AutoTests" name="[55] /home/travis/build/icyphy/ptII/ptolemy/domains/modal/test/auto/ErrorTransition6.xml (RunModel)" time="0.028" />
  <testcase classname="ptolemy.util.test.junit.AutoTests" name="[56] /home/travis/build/icyphy/ptII/ptolemy/domains/modal/test/auto/ErrorTransition7.xml (RunModel)" time="0.039" />
  <testcase classname="ptolemy.util.test.junit.AutoTests" name="[57] /home/travis/build/icyphy/ptII/ptolemy/domains/modal/test/auto/ErrorTransition8.xml (RunModel)" time="0.061" />
  <testcase classname="ptolemy.util.test.junit.AutoTests" name="[58] /home/travis/build/icyphy/ptII/ptolemy/domains/modal/test/auto/ErrorTransition9.xml (RunModel)" time="0.034" />
  <testcase classname="ptolemy.util.test.junit.AutoTests" name="[59] /home/travis/build/icyphy/ptII/ptolemy/domains/modal/test/auto/ExtendedFSM.xml (RunModel)" time="0.025" />
  <testcase classname="ptolemy.util.test.junit.AutoTests" name="[60] /home/travis/build/icyphy/ptII/ptolemy/domains/modal/test/auto/FinalStates.xml (RunModel)" time="0.032" />
  <testcase classname="ptolemy.util.test.junit.AutoTests" name="[61] /home/travis/build/icyphy/ptII/ptolemy/domains/modal/test/auto/FixedPointFSM.xml (RunModel)" time="0.041" />
  <testcase classname="ptolemy.util.test.junit.AutoTests" name="[62] /home/travis/build/icyphy/ptII/ptolemy/domains/modal/test/auto/FixedPointIterationFSMActor.xml (RunModel)" time="0.03" />
  <testcase classname="ptolemy.util.test.junit.AutoTests" name="[63] /home/travis/build/icyphy/ptII/ptolemy/domains/modal/test/auto/FixedPointIterationFSMActor2.xml (RunModel)" time="0.034" />
  <testcase classname="ptolemy.util.test.junit.AutoTests" name="[64] /home/travis/build/icyphy/ptII/ptolemy/domains/modal/test/auto/ForbiddenInstantanousLoop.xml (RunModel)" time="0.038" />
  <testcase classname="ptolemy.util.test.junit.AutoTests" name="[65] /home/travis/build/icyphy/ptII/ptolemy/domains/modal/test/auto/FunctionDependencyOfFSMActorTest.xml (RunModel)" time="0.03" />
  <testcase classname="ptolemy.util.test.junit.AutoTests" name="[66] /home/travis/build/icyphy/ptII/ptolemy/domains/modal/test/auto/GuardExpression.xml (RunModel)" time="0.015" />
  <testcase classname="ptolemy.util.test.junit.AutoTests" name="[67] /home/travis/build/icyphy/ptII/ptolemy/domains/modal/test/auto/GuardNotEvaluated.xml (RunModel)" time="0.031" />
  <testcase classname="ptolemy.util.test.junit.AutoTests" name="[68] /home/travis/build/icyphy/ptII/ptolemy/domains/modal/test/auto/GuardNotEvaluated2.xml (RunModel)" time="0.026" />
  <testcase classname="ptolemy.util.test.junit.AutoTests" name="[69] /home/travis/build/icyphy/ptII/ptolemy/domains/modal/test/auto/GuardOnAbsent.xml (RunModel)" time="0.033" />
  <testcase classname="ptolemy.util.test.junit.AutoTests" name="[70] /home/travis/build/icyphy/ptII/ptolemy/domains/modal/test/auto/HierarchicalFSMTypeInference.xml (RunModel)" time="0.031" />
  <testcase classname="ptolemy.util.test.junit.AutoTests" name="[71] /home/travis/build/icyphy/ptII/ptolemy/domains/modal/test/auto/Hysteresis.xml (RunModel)" time="0.048" />
  <testcase classname="ptolemy.util.test.junit.AutoTests" name="[72] /home/travis/build/icyphy/ptII/ptolemy/domains/modal/test/auto/HysteresisWithDefault.xml (RunModel)" time="0.066" />
  <testcase classname="ptolemy.util.test.junit.AutoTests" name="[73] /home/travis/build/icyphy/ptII/ptolemy/domains/modal/test/auto/HysteresisWithDefault2.xml (RunModel)" time="0.068" />
  <testcase classname="ptolemy.util.test.junit.AutoTests" name="[74] /home/travis/build/icyphy/ptII/ptolemy/domains/modal/test/auto/ImmediateNonConstructiveness.xml (RunModel)" time="0.019" />
  <testcase classname="ptolemy.util.test.junit.AutoTests" name="[75] /home/travis/build/icyphy/ptII/ptolemy/domains/modal/test/auto/ImmediateNonConstructiveness2.xml (RunModel)" time="0.019" />
  <testcase classname="ptolemy.util.test.junit.AutoTests" name="[76] /home/travis/build/icyphy/ptII/ptolemy/domains/modal/test/auto/ImmediateTransitionReset.xml (RunModel)" time="0.037" />
  <testcase classname="ptolemy.util.test.junit.AutoTests" name="[77] /home/travis/build/icyphy/ptII/ptolemy/domains/modal/test/auto/ImmediateTransitions1.xml (RunModel)" time="0.013" />
  <testcase classname="ptolemy.util.test.junit.AutoTests" name="[78] /home/travis/build/icyphy/ptII/ptolemy/domains/modal/test/auto/ImmediateTransitionsInstantaneousCommunication.xml (RunModel)" time="0.034" />
  <testcase classname="ptolemy.util.test.junit.AutoTests" name="[79] /home/travis/build/icyphy/ptII/ptolemy/domains/modal/test/auto/InitialImmediateTransition.xml (RunModel)" time="0.02" />
  <testcase classname="ptolemy.util.test.junit.AutoTests" name="[80] /home/travis/build/icyphy/ptII/ptolemy/domains/modal/test/auto/InitialOutputs.xml (RunModel)" time="0.014" />
  <testcase classname="ptolemy.util.test.junit.AutoTests" name="[81] /home/travis/build/icyphy/ptII/ptolemy/domains/modal/test/auto/InitialStateTransition1.xml (RunModel)" time="0.02" />
  <testcase classname="ptolemy.util.test.junit.AutoTests" name="[82] /home/travis/build/icyphy/ptII/ptolemy/domains/modal/test/auto/InitialStateTransition2.xml (RunModel)" time="0.024" />
  <testcase classname="ptolemy.util.test.junit.AutoTests" name="[83] /home/travis/build/icyphy/ptII/ptolemy/domains/modal/test/auto/InitialStateTransition3.xml (RunModel)" time="0.024" />
  <testcase classname="ptolemy.util.test.junit.AutoTests" name="[84] /home/travis/build/icyphy/ptII/ptolemy/domains/modal/test/auto/InitialStateTransition4.xml (RunModel)" time="0.027" />
  <testcase classname="ptolemy.util.test.junit.AutoTests" name="[85] /home/travis/build/icyphy/ptII/ptolemy/domains/modal/test/auto/MalformedGuardExpressionNotCaught.xml (RunModel)" time="0.019" />
  <testcase classname="ptolemy.util.test.junit.AutoTests" name="[86] /home/travis/build/icyphy/ptII/ptolemy/domains/modal/test/auto/ModalBSC.xml (RunModel)" time="0.082" />
  <testcase classname="ptolemy.util.test.junit.AutoTests" name="[87] /home/travis/build/icyphy/ptII/ptolemy/domains/modal/test/auto/ModalClocks.xml (RunModel)" time="0.076" />
  <testcase classname="ptolemy.util.test.junit.AutoTests" name="[88] /home/travis/build/icyphy/ptII/ptolemy/domains/modal/test/auto/ModalDelay.xml (RunModel)" time="0.048" />
  <testcase classname="ptolemy.util.test.junit.AutoTests" name="[89] /home/travis/build/icyphy/ptII/ptolemy/domains/modal/test/auto/ModalDelay2.xml (RunModel)" time="0.042" />
  <testcase classname="ptolemy.util.test.junit.AutoTests" name="[90] /home/travis/build/icyphy/ptII/ptolemy/domains/modal/test/auto/ModalModelFromMemo.xml (RunModel)" time="0.067" />
  <testcase classname="ptolemy.util.test.junit.AutoTests" name="[91] /home/travis/build/icyphy/ptII/ptolemy/domains/modal/test/auto/ModalModelWithMultirateTransient.xml (RunModel)" time="0.048" />
  <testcase classname="ptolemy.util.test.junit.AutoTests" name="[92] /home/travis/build/icyphy/ptII/ptolemy/domains/modal/test/auto/ModalModelWithReset.xml (RunModel)" time="0.048" />
  <testcase classname="ptolemy.util.test.junit.AutoTests" name="[93] /home/travis/build/icyphy/ptII/ptolemy/domains/modal/test/auto/MouseClickFSM.xml (RunModel)" time="0.047" />
  <testcase classname="ptolemy.util.test.junit.AutoTests" name="[94] /home/travis/build/icyphy/ptII/ptolemy/domains/modal/test/auto/MouseClickFSMModal.xml (RunModel)" time="0.035" />
  <testcase classname="ptolemy.util.test.junit.AutoTests" name="[95] /home/travis/build/icyphy/ptII/ptolemy/domains/modal/test/auto/NonStrictFSM_FeedbackLoop.xml (RunModel)" time="0.05" />
  <testcase classname="ptolemy.util.test.junit.AutoTests" name="[96] /home/travis/build/icyphy/ptII/ptolemy/domains/modal/test/auto/NonStrictFSM_FeedbackLoop_Refinement.xml (RunModel)" time="0.072" />
  <testcase classname="ptolemy.util.test.junit.AutoTests" name="[97] /home/travis/build/icyphy/ptII/ptolemy/domains/modal/test/auto/NonStrictFSM_FeedbackLoop_preemptive.xml (RunModel)" time="0.039" />
  <testcase classname="ptolemy.util.test.junit.AutoTests" name="[98] /home/travis/build/icyphy/ptII/ptolemy/domains/modal/test/auto/NormalTermination.xml (RunModel)" time="0.046" />
  <testcase classname="ptolemy.util.test.junit.AutoTests" name="[99] /home/travis/build/icyphy/ptII/ptolemy/domains/modal/test/auto/Pong.xml (RunModel)" time="0.058" />
  <testcase classname="ptolemy.util.test.junit.AutoTests" name="[100] /home/travis/build/icyphy/ptII/ptolemy/domains/modal/test/auto/Pong_test.xml (RunModel)" time="0.075" />
  <testcase classname="ptolemy.util.test.junit.AutoTests" name="[101] /home/travis/build/icyphy/ptII/ptolemy/domains/modal/test/auto/PreemptionHierarchy.xml (RunModel)" time="0.024" />
  <testcase classname="ptolemy.util.test.junit.AutoTests" name="[102] /home/travis/build/icyphy/ptII/ptolemy/domains/modal/test/auto/PreemptionHierarchy2.xml (RunModel)" time="0.029" />
  <testcase classname="ptolemy.util.test.junit.AutoTests" name="[103] /home/travis/build/icyphy/ptII/ptolemy/domains/modal/test/auto/PreemptiveTransition.xml (RunModel)" time="0.017" />
  <testcase classname="ptolemy.util.test.junit.AutoTests" name="[104] /home/travis/build/icyphy/ptII/ptolemy/domains/modal/test/auto/Priorities.xml (RunModel)" time="0.061" />
  <testcase classname="ptolemy.util.test.junit.AutoTests" name="[105] /home/travis/build/icyphy/ptII/ptolemy/domains/modal/test/auto/ResetFinal.xml (RunModel)" time="0.038" />
  <testcase classname="ptolemy.util.test.junit.AutoTests" name="[106] /home/travis/build/icyphy/ptII/ptolemy/domains/modal/test/auto/ResetFinal2.xml (RunModel)" time="0.025" />
  <testcase classname="ptolemy.util.test.junit.AutoTests" name="[107] /home/travis/build/icyphy/ptII/ptolemy/domains/modal/test/auto/ResetTransitionWithStartTime.xml (RunModel)" time="0.029" />
  <testcase classname="ptolemy.util.test.junit.AutoTests" name="[108] /home/travis/build/icyphy/ptII/ptolemy/domains/modal/test/auto/SDF-FSMComposite.xml (RunModel)" time="0.021" />
  <testcase classname="ptolemy.util.test.junit.AutoTests" name="[109] /home/travis/build/icyphy/ptII/ptolemy/domains/modal/test/auto/SeeminglyNondeterminate.xml (RunModel)" time="0.069" />
  <testcase classname="ptolemy.util.test.junit.AutoTests" name="[110] /home/travis/build/icyphy/ptII/ptolemy/domains/modal/test/auto/SeeminglyNondeterminate2.xml (RunModel)" time="0.066" />
  <testcase classname="ptolemy.util.test.junit.AutoTests" name="[111] /home/travis/build/icyphy/ptII/ptolemy/domains/modal/test/auto/SpontaneousFSM.xml (RunModel)" time="0.044" />
  <testcase classname="ptolemy.util.test.junit.AutoTests" name="[112] /home/travis/build/icyphy/ptII/ptolemy/domains/modal/test/auto/SpontaneousFSM2.xml (RunModel)" time="0.033" />
  <testcase classname="ptolemy.util.test.junit.AutoTests" name="[113] /home/travis/build/icyphy/ptII/ptolemy/domains/modal/test/auto/SpontaneousFSM3.xml (RunModel)" time="0.042" />
  <testcase classname="ptolemy.util.test.junit.AutoTests" name="[114] /home/travis/build/icyphy/ptII/ptolemy/domains/modal/test/auto/SpontaneousFSM4.xml (RunModel)" time="0.042" />
  <testcase classname="ptolemy.util.test.junit.AutoTests" name="[115] /home/travis/build/icyphy/ptII/ptolemy/domains/modal/test/auto/StateTrackerTest.xml (RunModel)" time="0.059" />
  <testcase classname="ptolemy.util.test.junit.AutoTests" name="[116] /home/travis/build/icyphy/ptII/ptolemy/domains/modal/test/auto/StrongImmediateTransition.xml (RunModel)" time="0.028" />
  <testcase classname="ptolemy.util.test.junit.AutoTests" name="[117] /home/travis/build/icyphy/ptII/ptolemy/domains/modal/test/auto/SustainHierarchy.xml (RunModel)" time="0.036" />
  <testcase classname="ptolemy.util.test.junit.AutoTests" name="[118] /home/travis/build/icyphy/ptII/ptolemy/domains/modal/test/auto/TerminationTransition1.xml (RunModel)" time="0.037" />
  <testcase classname="ptolemy.util.test.junit.AutoTests" name="[119] /home/travis/build/icyphy/ptII/ptolemy/domains/modal/test/auto/TerminationTransition2.xml (RunModel)" time="0.029" />
  <testcase classname="ptolemy.util.test.junit.AutoTests" name="[120] /home/travis/build/icyphy/ptII/ptolemy/domains/modal/test/auto/TerminationTransition3.xml (RunModel)" time="0.026" />
  <testcase classname="ptolemy.util.test.junit.AutoTests" name="[121] /home/travis/build/icyphy/ptII/ptolemy/domains/modal/test/auto/TerminationTransition4.xml (RunModel)" time="0.037" />
  <testcase classname="ptolemy.util.test.junit.AutoTests" name="[122] /home/travis/build/icyphy/ptII/ptolemy/domains/modal/test/auto/TerminationTransition5.xml (RunModel)" time="0.034" />
  <testcase classname="ptolemy.util.test.junit.AutoTests" name="[123] /home/travis/build/icyphy/ptII/ptolemy/domains/modal/test/auto/TerminationTransition6.xml (RunModel)" time="0.031" />
  <testcase classname="ptolemy.util.test.junit.AutoTests" name="[124] /home/travis/build/icyphy/ptII/ptolemy/domains/modal/test/auto/TerminationTransition7.xml (RunModel)" time="0.02" />
  <testcase classname="ptolemy.util.test.junit.AutoTests" name="[125] /home/travis/build/icyphy/ptII/ptolemy/domains/modal/test/auto/TerminationTransition8.xml (RunModel)" time="0.022" />
  <testcase classname="ptolemy.util.test.junit.AutoTests" name="[126] /home/travis/build/icyphy/ptII/ptolemy/domains/modal/test/auto/Thermostat_NoHysteresis.xml (RunModel)" time="0.056" />
  <testcase classname="ptolemy.util.test.junit.AutoTests" name="[127] /home/travis/build/icyphy/ptII/ptolemy/domains/modal/test/auto/TimedFSM.xml (RunModel)" time="0.061" />
  <testcase classname="ptolemy.util.test.junit.AutoTests" name="[128] /home/travis/build/icyphy/ptII/ptolemy/domains/modal/test/auto/Timeout1.xml (RunModel)" time="0.012" />
  <testcase classname="ptolemy.util.test.junit.AutoTests" name="[129] /home/travis/build/icyphy/ptII/ptolemy/domains/modal/test/auto/Timeout2.xml (RunModel)" time="0.018" />
  <testcase classname="ptolemy.util.test.junit.AutoTests" name="[130] /home/travis/build/icyphy/ptII/ptolemy/domains/modal/test/auto/Timeout3.xml (RunModel)" time="0.016" />
  <testcase classname="ptolemy.util.test.junit.AutoTests" name="[131] /home/travis/build/icyphy/ptII/ptolemy/domains/modal/test/auto/Timeout4.xml (RunModel)" time="0.033" />
  <testcase classname="ptolemy.util.test.junit.AutoTests" name="[132] /home/travis/build/icyphy/ptII/ptolemy/domains/modal/test/auto/TransientstateModelAdvanced.xml (RunModel)" time="0.049" />
  <testcase classname="ptolemy.util.test.junit.AutoTests" name="[133] /home/travis/build/icyphy/ptII/ptolemy/domains/modal/test/auto/TransientstateModelAdvanced2.xml (RunModel)" time="0.031" />
  <testcase classname="ptolemy.util.test.junit.AutoTests" name="[134] /home/travis/build/icyphy/ptII/ptolemy/domains/modal/test/auto/TransitionRefinements.xml (RunModel)" time="0.025" />
  <testcase classname="ptolemy.util.test.junit.AutoTests" name="[135] /home/travis/build/icyphy/ptII/ptolemy/domains/modal/test/auto/TwoRefinements1.xml (RunModel)" time="0.027" />
  <testcase classname="ptolemy.util.test.junit.AutoTests" name="[136] /home/travis/build/icyphy/ptII/ptolemy/domains/modal/test/auto/TwoRefinements2.xml (RunModel)" time="0.024" />
  <testcase classname="ptolemy.util.test.junit.AutoTests" name="[137] /home/travis/build/icyphy/ptII/ptolemy/domains/modal/test/auto/WeakImmediateTransition.xml (RunModel)" time="0.03" />
  <testcase classname="ptolemy.util.test.junit.AutoTests" name="[138] /home/travis/build/icyphy/ptII/ptolemy/domains/modal/test/auto/booleanSelect.xml (RunModel)" time="0.101" />
  <testcase classname="ptolemy.util.test.junit.AutoTests" name="[139] /home/travis/build/icyphy/ptII/ptolemy/domains/modal/test/auto/modalChangingParams.xml (RunModel)" time="0.269" />
  <testcase classname="ptolemy.util.test.junit.AutoTests" name="[140] /home/travis/build/icyphy/ptII/ptolemy/domains/modal/test/auto/modalModel.xml (RunModel)" time="0.02" />
  <testcase classname="ptolemy.util.test.junit.AutoTests" name="[141] /home/travis/build/icyphy/ptII/ptolemy/domains/modal/test/auto/modalModel2.xml (RunModel)" time="0.03" />
  <testcase classname="ptolemy.util.test.junit.AutoTests" name="[142] /home/travis/build/icyphy/ptII/ptolemy/domains/modal/test/auto/modalModel3.xml (RunModel)" time="0.032" />
  <testcase classname="ptolemy.util.test.junit.AutoTests" name="[143] /home/travis/build/icyphy/ptII/ptolemy/domains/modal/test/auto/model1.xml (RunModel)" time="0.018" />
  <testcase classname="ptolemy.util.test.junit.AutoTests" name="[144] /home/travis/build/icyphy/ptII/ptolemy/domains/modal/test/auto/test-direct-in-out.xml (RunModel)" time="0.019" />
  <system-out><![CDATA[/home/travis/build/icyphy/ptII/ptolemy/domains/modal/test/SystemLevelType.tcl
testDefs.tcl: setting time out to 9000 seconds at Sun Nov 18 02:50:56 UTC 2018
11/18/18 02:50:58
Failed: 0  Total Tests: 1  ((Passed: 1, Newly Passed: 0)  Known Failed: 0) /home/travis/build/icyphy/ptII/ptolemy/domains/modal/test
----------------- testing (KnownFailure) /home/travis/build/icyphy/ptII/ptolemy/domains/modal/test/auto/knownFailedTests/CannotAnalysisWithPreemption.xml
53 ms. Memory: 208384K Free: 189243K (91%)
Known Failure: java.lang.reflect.InvocationTargetException
No auto/linux-amd64/*.xml tests in /home/travis/build/icyphy/ptII/ptolemy/domains/modal/test
AutoTests.java: About to close Vertx.
AutoTests.java: Vertx closed.

===========================================================================================
----------------- testing Sun Nov 18 02:50:59 UTC 2018 /home/travis/build/icyphy/ptII/ptolemy/domains/modal/test/auto/ABPTest.xml
----------------- Instantiating /home/travis/build/icyphy/ptII/ptolemy/domains/modal/test/auto/ABPTest.xml
403 ms. Memory: 332288K Free: 291263K (88%)
----------------- Invoking toplevel() on ptolemy.moml.MoMLSimpleApplication@1cd8b341
----------------- Done invoking toplevel() on ptolemy.moml.MoMLSimpleApplication@1cd8b341
reloadAllAccessors: .ABPTest

===========================================================================================
----------------- testing Sun Nov 18 02:50:59 UTC 2018 /home/travis/build/icyphy/ptII/ptolemy/domains/modal/test/auto/ABROFlat.xml
----------------- Instantiating /home/travis/build/icyphy/ptII/ptolemy/domains/modal/test/auto/ABROFlat.xml
24 ms. Memory: 332288K Free: 269036K (81%)
----------------- Invoking toplevel() on ptolemy.moml.MoMLSimpleApplication@786e86e9
----------------- Done invoking toplevel() on ptolemy.moml.MoMLSimpleApplication@786e86e9
reloadAllAccessors: .ABROFlat

===========================================================================================
----------------- testing Sun Nov 18 02:50:59 UTC 2018 /home/travis/build/icyphy/ptII/ptolemy/domains/modal/test/auto/ABROFlat2.xml
----------------- Instantiating /home/travis/build/icyphy/ptII/ptolemy/domains/modal/test/auto/ABROFlat2.xml
10 ms. Memory: 332288K Free: 251046K (76%)
----------------- Invoking toplevel() on ptolemy.moml.MoMLSimpleApplication@13a2e316
----------------- Done invoking toplevel() on ptolemy.moml.MoMLSimpleApplication@13a2e316
reloadAllAccessors: .ABROFlat2

===========================================================================================
----------------- testing Sun Nov 18 02:50:59 UTC 2018 /home/travis/build/icyphy/ptII/ptolemy/domains/modal/test/auto/ABRO_present_hmm.xml
----------------- Instantiating /home/travis/build/icyphy/ptII/ptolemy/domains/modal/test/auto/ABRO_present_hmm.xml
35 ms. Memory: 332288K Free: 220013K (66%)
----------------- Invoking toplevel() on ptolemy.moml.MoMLSimpleApplication@9217827
----------------- Done invoking toplevel() on ptolemy.moml.MoMLSimpleApplication@9217827
reloadAllAccessors: .ABRO_present_hmm

===========================================================================================
----------------- testing Sun Nov 18 02:51:00 UTC 2018 /home/travis/build/icyphy/ptII/ptolemy/domains/modal/test/auto/AMICoderExample.xml
----------------- Instantiating /home/travis/build/icyphy/ptII/ptolemy/domains/modal/test/auto/AMICoderExample.xml
26 ms. Memory: 332288K Free: 208584K (63%)
----------------- Invoking toplevel() on ptolemy.moml.MoMLSimpleApplication@1f2d1f00
----------------- Done invoking toplevel() on ptolemy.moml.MoMLSimpleApplication@1f2d1f00
reloadAllAccessors: .AMICoderExample

===========================================================================================
----------------- testing Sun Nov 18 02:51:00 UTC 2018 /home/travis/build/icyphy/ptII/ptolemy/domains/modal/test/auto/AbsentToPresent.xml
----------------- Instantiating /home/travis/build/icyphy/ptII/ptolemy/domains/modal/test/auto/AbsentToPresent.xml
7 ms. Memory: 332288K Free: 198610K (60%)
----------------- Invoking toplevel() on ptolemy.moml.MoMLSimpleApplication@49a82f85
----------------- Done invoking toplevel() on ptolemy.moml.MoMLSimpleApplication@49a82f85
reloadAllAccessors: .AbsentToPresent

===========================================================================================
----------------- testing Sun Nov 18 02:51:00 UTC 2018 /home/travis/build/icyphy/ptII/ptolemy/domains/modal/test/auto/Blending.xml
----------------- Instantiating /home/travis/build/icyphy/ptII/ptolemy/domains/modal/test/auto/Blending.xml
148 ms. Memory: 332288K Free: 147840K (44%)
----------------- Invoking toplevel() on ptolemy.moml.MoMLSimpleApplication@7be67f20
----------------- Done invoking toplevel() on ptolemy.moml.MoMLSimpleApplication@7be67f20
reloadAllAccessors: .Blending

===========================================================================================
----------------- testing Sun Nov 18 02:51:00 UTC 2018 /home/travis/build/icyphy/ptII/ptolemy/domains/modal/test/auto/Broadcast.xml
----------------- Instantiating /home/travis/build/icyphy/ptII/ptolemy/domains/modal/test/auto/Broadcast.xml
15 ms. Memory: 332288K Free: 134766K (41%)
----------------- Invoking toplevel() on ptolemy.moml.MoMLSimpleApplication@22b15227
----------------- Done invoking toplevel() on ptolemy.moml.MoMLSimpleApplication@22b15227
reloadAllAccessors: .Broadcast

===========================================================================================
----------------- testing Sun Nov 18 02:51:00 UTC 2018 /home/travis/build/icyphy/ptII/ptolemy/domains/modal/test/auto/BroadcastHierarchy.xml
----------------- Instantiating /home/travis/build/icyphy/ptII/ptolemy/domains/modal/test/auto/BroadcastHierarchy.xml
12 ms. Memory: 332288K Free: 116792K (35%)
----------------- Invoking toplevel() on ptolemy.moml.MoMLSimpleApplication@3fc7fac2
----------------- Done invoking toplevel() on ptolemy.moml.MoMLSimpleApplication@3fc7fac2
reloadAllAccessors: .BroadcastHierarchy

===========================================================================================
----------------- testing Sun Nov 18 02:51:00 UTC 2018 /home/travis/build/icyphy/ptII/ptolemy/domains/modal/test/auto/BroadcastHierarchy2.xml
----------------- Instantiating /home/travis/build/icyphy/ptII/ptolemy/domains/modal/test/auto/BroadcastHierarchy2.xml
17 ms. Memory: 332288K Free: 80836K (24%)
----------------- Invoking toplevel() on ptolemy.moml.MoMLSimpleApplication@39d2f134
----------------- Done invoking toplevel() on ptolemy.moml.MoMLSimpleApplication@39d2f134
reloadAllAccessors: .BroadcastHierarchy2

===========================================================================================
----------------- testing Sun Nov 18 02:51:00 UTC 2018 /home/travis/build/icyphy/ptII/ptolemy/domains/modal/test/auto/BroadcastHierarchy3.xml
----------------- Instantiating /home/travis/build/icyphy/ptII/ptolemy/domains/modal/test/auto/BroadcastHierarchy3.xml
11 ms. Memory: 333824K Free: 295678K (89%)
----------------- Invoking toplevel() on ptolemy.moml.MoMLSimpleApplication@603fe2d0
----------------- Done invoking toplevel() on ptolemy.moml.MoMLSimpleApplication@603fe2d0
reloadAllAccessors: .BroadcastHierarchy3

===========================================================================================
----------------- testing Sun Nov 18 02:51:00 UTC 2018 /home/travis/build/icyphy/ptII/ptolemy/domains/modal/test/auto/BroadcastHierarchy4.xml
----------------- Instantiating /home/travis/build/icyphy/ptII/ptolemy/domains/modal/test/auto/BroadcastHierarchy4.xml
14 ms. Memory: 333824K Free: 262692K (79%)
----------------- Invoking toplevel() on ptolemy.moml.MoMLSimpleApplication@4266d416
----------------- Done invoking toplevel() on ptolemy.moml.MoMLSimpleApplication@4266d416
reloadAllAccessors: .BroadcastHierarchy4

===========================================================================================
----------------- testing Sun Nov 18 02:51:00 UTC 2018 /home/travis/build/icyphy/ptII/ptolemy/domains/modal/test/auto/CannotAnalysisWithPreemption2.xml
----------------- Instantiating /home/travis/build/icyphy/ptII/ptolemy/domains/modal/test/auto/CannotAnalysisWithPreemption2.xml
2 ms. Memory: 333824K Free: 254088K (76%)
----------------- Invoking toplevel() on ptolemy.moml.MoMLSimpleApplication@304d7e60
----------------- Done invoking toplevel() on ptolemy.moml.MoMLSimpleApplication@304d7e60
reloadAllAccessors: .CannotAnalysisWithPreemption2

===========================================================================================
----------------- testing Sun Nov 18 02:51:00 UTC 2018 /home/travis/build/icyphy/ptII/ptolemy/domains/modal/test/auto/CannotAnalysisWithPreemption3.xml
----------------- Instantiating /home/travis/build/icyphy/ptII/ptolemy/domains/modal/test/auto/CannotAnalysisWithPreemption3.xml
2 ms. Memory: 333824K Free: 241829K (72%)
----------------- Invoking toplevel() on ptolemy.moml.MoMLSimpleApplication@11709920
----------------- Done invoking toplevel() on ptolemy.moml.MoMLSimpleApplication@11709920
reloadAllAccessors: .CannotAnalysisWithPreemption3

===========================================================================================
----------------- testing Sun Nov 18 02:51:01 UTC 2018 /home/travis/build/icyphy/ptII/ptolemy/domains/modal/test/auto/CannotProduce.xml
----------------- Instantiating /home/travis/build/icyphy/ptII/ptolemy/domains/modal/test/auto/CannotProduce.xml
10 ms. Memory: 333824K Free: 232158K (70%)
----------------- Invoking toplevel() on ptolemy.moml.MoMLSimpleApplication@24aad2c5
----------------- Done invoking toplevel() on ptolemy.moml.MoMLSimpleApplication@24aad2c5
reloadAllAccessors: .CannotProduce

===========================================================================================
----------------- testing Sun Nov 18 02:51:01 UTC 2018 /home/travis/build/icyphy/ptII/ptolemy/domains/modal/test/auto/CannotProduceModal.xml
----------------- Instantiating /home/travis/build/icyphy/ptII/ptolemy/domains/modal/test/auto/CannotProduceModal.xml
8 ms. Memory: 333824K Free: 223562K (67%)
----------------- Invoking toplevel() on ptolemy.moml.MoMLSimpleApplication@13665d8
----------------- Done invoking toplevel() on ptolemy.moml.MoMLSimpleApplication@13665d8
reloadAllAccessors: .CannotProduceModal

===========================================================================================
----------------- testing Sun Nov 18 02:51:01 UTC 2018 /home/travis/build/icyphy/ptII/ptolemy/domains/modal/test/auto/Case.xml
----------------- Instantiating /home/travis/build/icyphy/ptII/ptolemy/domains/modal/test/auto/Case.xml
29 ms. Memory: 333824K Free: 211286K (63%)
----------------- Invoking toplevel() on ptolemy.moml.MoMLSimpleApplication@621edb9d
----------------- Done invoking toplevel() on ptolemy.moml.MoMLSimpleApplication@621edb9d
reloadAllAccessors: .Case

===========================================================================================
----------------- testing Sun Nov 18 02:51:01 UTC 2018 /home/travis/build/icyphy/ptII/ptolemy/domains/modal/test/auto/Case1.xml
----------------- Instantiating /home/travis/build/icyphy/ptII/ptolemy/domains/modal/test/auto/Case1.xml
9 ms. Memory: 333824K Free: 200394K (60%)
----------------- Invoking toplevel() on ptolemy.moml.MoMLSimpleApplication@700a77c1
----------------- Done invoking toplevel() on ptolemy.moml.MoMLSimpleApplication@700a77c1
reloadAllAccessors: .Case1

===========================================================================================
----------------- testing Sun Nov 18 02:51:01 UTC 2018 /home/travis/build/icyphy/ptII/ptolemy/domains/modal/test/auto/Case2.xml
----------------- Instantiating /home/travis/build/icyphy/ptII/ptolemy/domains/modal/test/auto/Case2.xml
27 ms. Memory: 333824K Free: 188102K (56%)
----------------- Invoking toplevel() on ptolemy.moml.MoMLSimpleApplication@1863019d
----------------- Done invoking toplevel() on ptolemy.moml.MoMLSimpleApplication@1863019d
reloadAllAccessors: .Case2

===========================================================================================
----------------- testing Sun Nov 18 02:51:01 UTC 2018 /home/travis/build/icyphy/ptII/ptolemy/domains/modal/test/auto/CausalityInterface1.xml
----------------- Instantiating /home/travis/build/icyphy/ptII/ptolemy/domains/modal/test/auto/CausalityInterface1.xml
4 ms. Memory: 333824K Free: 181981K (55%)
----------------- Invoking toplevel() on ptolemy.moml.MoMLSimpleApplication@50e1731a
----------------- Done invoking toplevel() on ptolemy.moml.MoMLSimpleApplication@50e1731a
reloadAllAccessors: .CausalityInterface1

===========================================================================================
----------------- testing Sun Nov 18 02:51:01 UTC 2018 /home/travis/build/icyphy/ptII/ptolemy/domains/modal/test/auto/CausalityInterface10.xml
----------------- Instantiating /home/travis/build/icyphy/ptII/ptolemy/domains/modal/test/auto/CausalityInterface10.xml
6 ms. Memory: 333824K Free: 163721K (49%)
----------------- Invoking toplevel() on ptolemy.moml.MoMLSimpleApplication@1cfe05de
----------------- Done invoking toplevel() on ptolemy.moml.MoMLSimpleApplication@1cfe05de
reloadAllAccessors: .CausalityInterface10

===========================================================================================
----------------- testing Sun Nov 18 02:51:01 UTC 2018 /home/travis/build/icyphy/ptII/ptolemy/domains/modal/test/auto/CausalityInterface11.xml
----------------- Instantiating /home/travis/build/icyphy/ptII/ptolemy/domains/modal/test/auto/CausalityInterface11.xml
9 ms. Memory: 333824K Free: 148947K (45%)
----------------- Invoking toplevel() on ptolemy.moml.MoMLSimpleApplication@3d6e047a
----------------- Done invoking toplevel() on ptolemy.moml.MoMLSimpleApplication@3d6e047a
reloadAllAccessors: .CausalityInterface11

===========================================================================================
----------------- testing Sun Nov 18 02:51:01 UTC 2018 /home/travis/build/icyphy/ptII/ptolemy/domains/modal/test/auto/CausalityInterface12.xml
----------------- Instantiating /home/travis/build/icyphy/ptII/ptolemy/domains/modal/test/auto/CausalityInterface12.xml
9 ms. Memory: 333824K Free: 134189K (40%)
----------------- Invoking toplevel() on ptolemy.moml.MoMLSimpleApplication@5aaf6f8b
----------------- Done invoking toplevel() on ptolemy.moml.MoMLSimpleApplication@5aaf6f8b
reloadAllAccessors: .CausalityInterface12

===========================================================================================
----------------- testing Sun Nov 18 02:51:01 UTC 2018 /home/travis/build/icyphy/ptII/ptolemy/domains/modal/test/auto/CausalityInterface13.xml
----------------- Instantiating /home/travis/build/icyphy/ptII/ptolemy/domains/modal/test/auto/CausalityInterface13.xml
13 ms. Memory: 333824K Free: 114653K (34%)
----------------- Invoking toplevel() on ptolemy.moml.MoMLSimpleApplication@78a96240
----------------- Done invoking toplevel() on ptolemy.moml.MoMLSimpleApplication@78a96240
reloadAllAccessors: .CausalityInterface13

===========================================================================================
----------------- testing Sun Nov 18 02:51:01 UTC 2018 /home/travis/build/icyphy/ptII/ptolemy/domains/modal/test/auto/CausalityInterface14.xml
----------------- Instantiating /home/travis/build/icyphy/ptII/ptolemy/domains/modal/test/auto/CausalityInterface14.xml
10 ms. Memory: 333824K Free: 97460K (29%)
----------------- Invoking toplevel() on ptolemy.moml.MoMLSimpleApplication@641dfcf6
----------------- Done invoking toplevel() on ptolemy.moml.MoMLSimpleApplication@641dfcf6
reloadAllAccessors: .CausalityInterface14

===========================================================================================
----------------- testing Sun Nov 18 02:51:01 UTC 2018 /home/travis/build/icyphy/ptII/ptolemy/domains/modal/test/auto/CausalityInterface2.xml
----------------- Instantiating /home/travis/build/icyphy/ptII/ptolemy/domains/modal/test/auto/CausalityInterface2.xml
3 ms. Memory: 333824K Free: 90117K (27%)
----------------- Invoking toplevel() on ptolemy.moml.MoMLSimpleApplication@634773a0
----------------- Done invoking toplevel() on ptolemy.moml.MoMLSimpleApplication@634773a0
reloadAllAccessors: .CausalityInterface2

===========================================================================================
----------------- testing Sun Nov 18 02:51:01 UTC 2018 /home/travis/build/icyphy/ptII/ptolemy/domains/modal/test/auto/CausalityInterface3.xml
----------------- Instantiating /home/travis/build/icyphy/ptII/ptolemy/domains/modal/test/auto/CausalityInterface3.xml
2 ms. Memory: 333824K Free: 80462K (24%)
----------------- Invoking toplevel() on ptolemy.moml.MoMLSimpleApplication@3cf58e47
----------------- Done invoking toplevel() on ptolemy.moml.MoMLSimpleApplication@3cf58e47
reloadAllAccessors: .CausalityInterface3

===========================================================================================
----------------- testing Sun Nov 18 02:51:01 UTC 2018 /home/travis/build/icyphy/ptII/ptolemy/domains/modal/test/auto/CausalityInterface4.xml
----------------- Instantiating /home/travis/build/icyphy/ptII/ptolemy/domains/modal/test/auto/CausalityInterface4.xml
4 ms. Memory: 578048K Free: 560241K (97%)
----------------- Invoking toplevel() on ptolemy.moml.MoMLSimpleApplication@74dbf984
----------------- Done invoking toplevel() on ptolemy.moml.MoMLSimpleApplication@74dbf984
reloadAllAccessors: .CausalityInterface4

===========================================================================================
----------------- testing Sun Nov 18 02:51:01 UTC 2018 /home/travis/build/icyphy/ptII/ptolemy/domains/modal/test/auto/CausalityInterface5.xml
----------------- Instantiating /home/travis/build/icyphy/ptII/ptolemy/domains/modal/test/auto/CausalityInterface5.xml
5 ms. Memory: 578048K Free: 544851K (94%)
----------------- Invoking toplevel() on ptolemy.moml.MoMLSimpleApplication@76409948
----------------- Done invoking toplevel() on ptolemy.moml.MoMLSimpleApplication@76409948
reloadAllAccessors: .CausalityInterface5

===========================================================================================
----------------- testing Sun Nov 18 02:51:01 UTC 2018 /home/travis/build/icyphy/ptII/ptolemy/domains/modal/test/auto/CausalityInterface6.xml
----------------- Instantiating /home/travis/build/icyphy/ptII/ptolemy/domains/modal/test/auto/CausalityInterface6.xml
5 ms. Memory: 578048K Free: 532383K (92%)
----------------- Invoking toplevel() on ptolemy.moml.MoMLSimpleApplication@437fede5
----------------- Done invoking toplevel() on ptolemy.moml.MoMLSimpleApplication@437fede5
reloadAllAccessors: .CausalityInterface6

===========================================================================================
----------------- testing Sun Nov 18 02:51:01 UTC 2018 /home/travis/build/icyphy/ptII/ptolemy/domains/modal/test/auto/CausalityInterface7.xml
----------------- Instantiating /home/travis/build/icyphy/ptII/ptolemy/domains/modal/test/auto/CausalityInterface7.xml
6 ms. Memory: 578048K Free: 520156K (90%)
----------------- Invoking toplevel() on ptolemy.moml.MoMLSimpleApplication@1fad509e
----------------- Done invoking toplevel() on ptolemy.moml.MoMLSimpleApplication@1fad509e
reloadAllAccessors: .CausalityInterface7

===========================================================================================
----------------- testing Sun Nov 18 02:51:01 UTC 2018 /home/travis/build/icyphy/ptII/ptolemy/domains/modal/test/auto/CausalityInterface8.xml
----------------- Instantiating /home/travis/build/icyphy/ptII/ptolemy/domains/modal/test/auto/CausalityInterface8.xml
7 ms. Memory: 578048K Free: 507913K (88%)
----------------- Invoking toplevel() on ptolemy.moml.MoMLSimpleApplication@5572f4ec
----------------- Done invoking toplevel() on ptolemy.moml.MoMLSimpleApplication@5572f4ec
reloadAllAccessors: .CausalityInterface8

===========================================================================================
----------------- testing Sun Nov 18 02:51:01 UTC 2018 /home/travis/build/icyphy/ptII/ptolemy/domains/modal/test/auto/CausalityInterface9.xml
----------------- Instantiating /home/travis/build/icyphy/ptII/ptolemy/domains/modal/test/auto/CausalityInterface9.xml
7 ms. Memory: 578048K Free: 492522K (85%)
----------------- Invoking toplevel() on ptolemy.moml.MoMLSimpleApplication@216efdca
----------------- Done invoking toplevel() on ptolemy.moml.MoMLSimpleApplication@216efdca
reloadAllAccessors: .CausalityInterface9

===========================================================================================
----------------- testing Sun Nov 18 02:51:01 UTC 2018 /home/travis/build/icyphy/ptII/ptolemy/domains/modal/test/auto/ChainedTransitions.xml
----------------- Instantiating /home/travis/build/icyphy/ptII/ptolemy/domains/modal/test/auto/ChainedTransitions.xml
73 ms. Memory: 578048K Free: 463135K (80%)
----------------- Invoking toplevel() on ptolemy.moml.MoMLSimpleApplication@250680c6
----------------- Done invoking toplevel() on ptolemy.moml.MoMLSimpleApplication@250680c6
reloadAllAccessors: .ChainedTransitions

===========================================================================================
----------------- testing Sun Nov 18 02:51:02 UTC 2018 /home/travis/build/icyphy/ptII/ptolemy/domains/modal/test/auto/CycleOfImmediateTransitionsFSM.xml
----------------- Instantiating /home/travis/build/icyphy/ptII/ptolemy/domains/modal/test/auto/CycleOfImmediateTransitionsFSM.xml
2 ms. Memory: 578048K Free: 453334K (78%)
----------------- Invoking toplevel() on ptolemy.moml.MoMLSimpleApplication@5f3ed5d4
----------------- Done invoking toplevel() on ptolemy.moml.MoMLSimpleApplication@5f3ed5d4
reloadAllAccessors: .CycleOfImmediateTransitionsFSM

===========================================================================================
----------------- testing Sun Nov 18 02:51:02 UTC 2018 /home/travis/build/icyphy/ptII/ptolemy/domains/modal/test/auto/CycleOfImmediateTransitionsModal.xml
----------------- Instantiating /home/travis/build/icyphy/ptII/ptolemy/domains/modal/test/auto/CycleOfImmediateTransitionsModal.xml
1 ms. Memory: 578048K Free: 443565K (77%)
----------------- Invoking toplevel() on ptolemy.moml.MoMLSimpleApplication@56acd31b
----------------- Done invoking toplevel() on ptolemy.moml.MoMLSimpleApplication@56acd31b
reloadAllAccessors: .CycleOfImmediateTransitionsModal

===========================================================================================
----------------- testing Sun Nov 18 02:51:02 UTC 2018 /home/travis/build/icyphy/ptII/ptolemy/domains/modal/test/auto/CycleOfImmediateTransitionsModal2.xml
----------------- Instantiating /home/travis/build/icyphy/ptII/ptolemy/domains/modal/test/auto/CycleOfImmediateTransitionsModal2.xml
4 ms. Memory: 578048K Free: 430649K (75%)
----------------- Invoking toplevel() on ptolemy.moml.MoMLSimpleApplication@3a08a3ae
----------------- Done invoking toplevel() on ptolemy.moml.MoMLSimpleApplication@3a08a3ae
reloadAllAccessors: .CycleOfImmediateTransitionsModal2

===========================================================================================
----------------- testing Sun Nov 18 02:51:02 UTC 2018 /home/travis/build/icyphy/ptII/ptolemy/domains/modal/test/auto/CycleOfImmediateTransitionsModal3.xml
----------------- Instantiating /home/travis/build/icyphy/ptII/ptolemy/domains/modal/test/auto/CycleOfImmediateTransitionsModal3.xml
8 ms. Memory: 578048K Free: 401292K (69%)
----------------- Invoking toplevel() on ptolemy.moml.MoMLSimpleApplication@6df3b3eb
----------------- Done invoking toplevel() on ptolemy.moml.MoMLSimpleApplication@6df3b3eb
reloadAllAccessors: .CycleOfImmediateTransitionsModal3

===========================================================================================
----------------- testing Sun Nov 18 02:51:02 UTC 2018 /home/travis/build/icyphy/ptII/ptolemy/domains/modal/test/auto/DeepModal1.xml
----------------- Instantiating /home/travis/build/icyphy/ptII/ptolemy/domains/modal/test/auto/DeepModal1.xml
27 ms. Memory: 578048K Free: 384156K (66%)
----------------- Invoking toplevel() on ptolemy.moml.MoMLSimpleApplication@2ce109d5
----------------- Done invoking toplevel() on ptolemy.moml.MoMLSimpleApplication@2ce109d5
reloadAllAccessors: .DeepModal1

===========================================================================================
----------------- testing Sun Nov 18 02:51:02 UTC 2018 /home/travis/build/icyphy/ptII/ptolemy/domains/modal/test/auto/DeepModal2.xml
----------------- Instantiating /home/travis/build/icyphy/ptII/ptolemy/domains/modal/test/auto/DeepModal2.xml
24 ms. Memory: 578048K Free: 362112K (63%)
----------------- Invoking toplevel() on ptolemy.moml.MoMLSimpleApplication@4fadb181
----------------- Done invoking toplevel() on ptolemy.moml.MoMLSimpleApplication@4fadb181
reloadAllAccessors: .DeepModal2

===========================================================================================
----------------- testing Sun Nov 18 02:51:02 UTC 2018 /home/travis/build/icyphy/ptII/ptolemy/domains/modal/test/auto/DeepModal3.xml
----------------- Instantiating /home/travis/build/icyphy/ptII/ptolemy/domains/modal/test/auto/DeepModal3.xml
18 ms. Memory: 578048K Free: 336920K (58%)
----------------- Invoking toplevel() on ptolemy.moml.MoMLSimpleApplication@c1c50f3
----------------- Done invoking toplevel() on ptolemy.moml.MoMLSimpleApplication@c1c50f3
reloadAllAccessors: .DeepModal3

===========================================================================================
----------------- testing Sun Nov 18 02:51:02 UTC 2018 /home/travis/build/icyphy/ptII/ptolemy/domains/modal/test/auto/DeepModal4.xml
----------------- Instantiating /home/travis/build/icyphy/ptII/ptolemy/domains/modal/test/auto/DeepModal4.xml
27 ms. Memory: 578048K Free: 314891K (54%)
----------------- Invoking toplevel() on ptolemy.moml.MoMLSimpleApplication@133c4ef5
----------------- Done invoking toplevel() on ptolemy.moml.MoMLSimpleApplication@133c4ef5
reloadAllAccessors: .DeepModal4

===========================================================================================
----------------- testing Sun Nov 18 02:51:02 UTC 2018 /home/travis/build/icyphy/ptII/ptolemy/domains/modal/test/auto/Default1.xml
----------------- Instantiating /home/travis/build/icyphy/ptII/ptolemy/domains/modal/test/auto/Default1.xml
2 ms. Memory: 578048K Free: 305090K (53%)
----------------- Invoking toplevel() on ptolemy.moml.MoMLSimpleApplication@34426cb3
----------------- Done invoking toplevel() on ptolemy.moml.MoMLSimpleApplication@34426cb3
reloadAllAccessors: .Default1

===========================================================================================
----------------- testing Sun Nov 18 02:51:02 UTC 2018 /home/travis/build/icyphy/ptII/ptolemy/domains/modal/test/auto/Default2.xml
----------------- Instantiating /home/travis/build/icyphy/ptII/ptolemy/domains/modal/test/auto/Default2.xml
2 ms. Memory: 578048K Free: 295289K (51%)
----------------- Invoking toplevel() on ptolemy.moml.MoMLSimpleApplication@367fd4b4
----------------- Done invoking toplevel() on ptolemy.moml.MoMLSimpleApplication@367fd4b4
reloadAllAccessors: .Default2

===========================================================================================
----------------- testing Sun Nov 18 02:51:02 UTC 2018 /home/travis/build/icyphy/ptII/ptolemy/domains/modal/test/auto/Default3.xml
----------------- Instantiating /home/travis/build/icyphy/ptII/ptolemy/domains/modal/test/auto/Default3.xml
2 ms. Memory: 578048K Free: 282364K (49%)
----------------- Invoking toplevel() on ptolemy.moml.MoMLSimpleApplication@75c62f13
----------------- Done invoking toplevel() on ptolemy.moml.MoMLSimpleApplication@75c62f13
reloadAllAccessors: .Default3

===========================================================================================
----------------- testing Sun Nov 18 02:51:02 UTC 2018 /home/travis/build/icyphy/ptII/ptolemy/domains/modal/test/auto/Default4.xml
----------------- Instantiating /home/travis/build/icyphy/ptII/ptolemy/domains/modal/test/auto/Default4.xml
3 ms. Memory: 578048K Free: 272563K (47%)
----------------- Invoking toplevel() on ptolemy.moml.MoMLSimpleApplication@62da9fe3
----------------- Done invoking toplevel() on ptolemy.moml.MoMLSimpleApplication@62da9fe3
reloadAllAccessors: .Default4

===========================================================================================
----------------- testing Sun Nov 18 02:51:02 UTC 2018 /home/travis/build/icyphy/ptII/ptolemy/domains/modal/test/auto/Default5.xml
----------------- Instantiating /home/travis/build/icyphy/ptII/ptolemy/domains/modal/test/auto/Default5.xml
7 ms. Memory: 578048K Free: 262786K (45%)
----------------- Invoking toplevel() on ptolemy.moml.MoMLSimpleApplication@6eed091b
----------------- Done invoking toplevel() on ptolemy.moml.MoMLSimpleApplication@6eed091b
reloadAllAccessors: .Default5

===========================================================================================
----------------- testing Sun Nov 18 02:51:02 UTC 2018 /home/travis/build/icyphy/ptII/ptolemy/domains/modal/test/auto/EmptyGuard.xml
----------------- Instantiating /home/travis/build/icyphy/ptII/ptolemy/domains/modal/test/auto/EmptyGuard.xml
5 ms. Memory: 578048K Free: 253001K (44%)
----------------- Invoking toplevel() on ptolemy.moml.MoMLSimpleApplication@289b6475
----------------- Done invoking toplevel() on ptolemy.moml.MoMLSimpleApplication@289b6475
reloadAllAccessors: .EmptyGuard

===========================================================================================
----------------- testing Sun Nov 18 02:51:02 UTC 2018 /home/travis/build/icyphy/ptII/ptolemy/domains/modal/test/auto/ErrorTransition1.xml
----------------- Instantiating /home/travis/build/icyphy/ptII/ptolemy/domains/modal/test/auto/ErrorTransition1.xml
5 ms. Memory: 578048K Free: 240061K (42%)
----------------- Invoking toplevel() on ptolemy.moml.MoMLSimpleApplication@2c75136a
----------------- Done invoking toplevel() on ptolemy.moml.MoMLSimpleApplication@2c75136a
reloadAllAccessors: .ErrorTransition1

===========================================================================================
----------------- testing Sun Nov 18 02:51:02 UTC 2018 /home/travis/build/icyphy/ptII/ptolemy/domains/modal/test/auto/ErrorTransition10.xml
----------------- Instantiating /home/travis/build/icyphy/ptII/ptolemy/domains/modal/test/auto/ErrorTransition10.xml
7 ms. Memory: 578048K Free: 222917K (39%)
----------------- Invoking toplevel() on ptolemy.moml.MoMLSimpleApplication@1777cee1
----------------- Done invoking toplevel() on ptolemy.moml.MoMLSimpleApplication@1777cee1
reloadAllAccessors: .ErrorTransition10

===========================================================================================
----------------- testing Sun Nov 18 02:51:02 UTC 2018 /home/travis/build/icyphy/ptII/ptolemy/domains/modal/test/auto/ErrorTransition11.xml
----------------- Instantiating /home/travis/build/icyphy/ptII/ptolemy/domains/modal/test/auto/ErrorTransition11.xml
4 ms. Memory: 578048K Free: 208240K (36%)
----------------- Invoking toplevel() on ptolemy.moml.MoMLSimpleApplication@435490a6
----------------- Done invoking toplevel() on ptolemy.moml.MoMLSimpleApplication@435490a6
reloadAllAccessors: .ErrorTransition11

===========================================================================================
----------------- testing Sun Nov 18 02:51:02 UTC 2018 /home/travis/build/icyphy/ptII/ptolemy/domains/modal/test/auto/ErrorTransition2.xml
----------------- Instantiating /home/travis/build/icyphy/ptII/ptolemy/domains/modal/test/auto/ErrorTransition2.xml
4 ms. Memory: 578048K Free: 198463K (34%)
----------------- Invoking toplevel() on ptolemy.moml.MoMLSimpleApplication@2b5aa397
----------------- Done invoking toplevel() on ptolemy.moml.MoMLSimpleApplication@2b5aa397
reloadAllAccessors: .ErrorTransition2

===========================================================================================
----------------- testing Sun Nov 18 02:51:02 UTC 2018 /home/travis/build/icyphy/ptII/ptolemy/domains/modal/test/auto/ErrorTransition3.xml
----------------- Instantiating /home/travis/build/icyphy/ptII/ptolemy/domains/modal/test/auto/ErrorTransition3.xml
6 ms. Memory: 578048K Free: 186227K (32%)
----------------- Invoking toplevel() on ptolemy.moml.MoMLSimpleApplication@366cce34
----------------- Done invoking toplevel() on ptolemy.moml.MoMLSimpleApplication@366cce34
reloadAllAccessors: .ErrorTransition3

===========================================================================================
----------------- testing Sun Nov 18 02:51:02 UTC 2018 /home/travis/build/icyphy/ptII/ptolemy/domains/modal/test/auto/ErrorTransition4.xml
----------------- Instantiating /home/travis/build/icyphy/ptII/ptolemy/domains/modal/test/auto/ErrorTransition4.xml
5 ms. Memory: 578048K Free: 170837K (30%)
----------------- Invoking toplevel() on ptolemy.moml.MoMLSimpleApplication@13919844
----------------- Done invoking toplevel() on ptolemy.moml.MoMLSimpleApplication@13919844
reloadAllAccessors: .ErrorTransition4

===========================================================================================
----------------- testing Sun Nov 18 02:51:02 UTC 2018 /home/travis/build/icyphy/ptII/ptolemy/domains/modal/test/auto/ErrorTransition5.xml
----------------- Instantiating /home/travis/build/icyphy/ptII/ptolemy/domains/modal/test/auto/ErrorTransition5.xml
5 ms. Memory: 578048K Free: 158594K (27%)
----------------- Invoking toplevel() on ptolemy.moml.MoMLSimpleApplication@737a014d
----------------- Done invoking toplevel() on ptolemy.moml.MoMLSimpleApplication@737a014d
reloadAllAccessors: .ErrorTransition5

===========================================================================================
----------------- testing Sun Nov 18 02:51:02 UTC 2018 /home/travis/build/icyphy/ptII/ptolemy/domains/modal/test/auto/ErrorTransition6.xml
----------------- Instantiating /home/travis/build/icyphy/ptII/ptolemy/domains/modal/test/auto/ErrorTransition6.xml
6 ms. Memory: 578048K Free: 146350K (25%)
----------------- Invoking toplevel() on ptolemy.moml.MoMLSimpleApplication@2101d535
----------------- Done invoking toplevel() on ptolemy.moml.MoMLSimpleApplication@2101d535
reloadAllAccessors: .ErrorTransition6

===========================================================================================
----------------- testing Sun Nov 18 02:51:02 UTC 2018 /home/travis/build/icyphy/ptII/ptolemy/domains/modal/test/auto/ErrorTransition7.xml
----------------- Instantiating /home/travis/build/icyphy/ptII/ptolemy/domains/modal/test/auto/ErrorTransition7.xml
10 ms. Memory: 578048K Free: 129206K (22%)
----------------- Invoking toplevel() on ptolemy.moml.MoMLSimpleApplication@4ea37c87
----------------- Done invoking toplevel() on ptolemy.moml.MoMLSimpleApplication@4ea37c87
reloadAllAccessors: .ErrorTransition7

===========================================================================================
----------------- testing Sun Nov 18 02:51:02 UTC 2018 /home/travis/build/icyphy/ptII/ptolemy/domains/modal/test/auto/ErrorTransition8.xml
----------------- Instantiating /home/travis/build/icyphy/ptII/ptolemy/domains/modal/test/auto/ErrorTransition8.xml
32 ms. Memory: 578048K Free: 108923K (19%)
----------------- Invoking toplevel() on ptolemy.moml.MoMLSimpleApplication@3cebc9ca
----------------- Done invoking toplevel() on ptolemy.moml.MoMLSimpleApplication@3cebc9ca
reloadAllAccessors: .ErrorTransition8

===========================================================================================
----------------- testing Sun Nov 18 02:51:02 UTC 2018 /home/travis/build/icyphy/ptII/ptolemy/domains/modal/test/auto/ErrorTransition9.xml
----------------- Instantiating /home/travis/build/icyphy/ptII/ptolemy/domains/modal/test/auto/ErrorTransition9.xml
8 ms. Memory: 578048K Free: 91795K (16%)
----------------- Invoking toplevel() on ptolemy.moml.MoMLSimpleApplication@455bca6c
----------------- Done invoking toplevel() on ptolemy.moml.MoMLSimpleApplication@455bca6c
reloadAllAccessors: .ErrorTransition9

===========================================================================================
----------------- testing Sun Nov 18 02:51:02 UTC 2018 /home/travis/build/icyphy/ptII/ptolemy/domains/modal/test/auto/ExtendedFSM.xml
----------------- Instantiating /home/travis/build/icyphy/ptII/ptolemy/domains/modal/test/auto/ExtendedFSM.xml
9 ms. Memory: 578048K Free: 82018K (14%)
----------------- Invoking toplevel() on ptolemy.moml.MoMLSimpleApplication@299cffa8
----------------- Done invoking toplevel() on ptolemy.moml.MoMLSimpleApplication@299cffa8
reloadAllAccessors: .ExtendedFSM

===========================================================================================
----------------- testing Sun Nov 18 02:51:03 UTC 2018 /home/travis/build/icyphy/ptII/ptolemy/domains/modal/test/auto/FinalStates.xml
----------------- Instantiating /home/travis/build/icyphy/ptII/ptolemy/domains/modal/test/auto/FinalStates.xml
5 ms. Memory: 578048K Free: 559940K (97%)
----------------- Invoking toplevel() on ptolemy.moml.MoMLSimpleApplication@3378de32
----------------- Done invoking toplevel() on ptolemy.moml.MoMLSimpleApplication@3378de32
reloadAllAccessors: .FinalStates

===========================================================================================
----------------- testing Sun Nov 18 02:51:03 UTC 2018 /home/travis/build/icyphy/ptII/ptolemy/domains/modal/test/auto/FixedPointFSM.xml
----------------- Instantiating /home/travis/build/icyphy/ptII/ptolemy/domains/modal/test/auto/FixedPointFSM.xml
18 ms. Memory: 578048K Free: 538148K (93%)
----------------- Invoking toplevel() on ptolemy.moml.MoMLSimpleApplication@23474440
----------------- Done invoking toplevel() on ptolemy.moml.MoMLSimpleApplication@23474440
reloadAllAccessors: .FixedPointFSM

===========================================================================================
----------------- testing Sun Nov 18 02:51:03 UTC 2018 /home/travis/build/icyphy/ptII/ptolemy/domains/modal/test/auto/FixedPointIterationFSMActor.xml
----------------- Instantiating /home/travis/build/icyphy/ptII/ptolemy/domains/modal/test/auto/FixedPointIterationFSMActor.xml
5 ms. Memory: 578048K Free: 525107K (91%)
----------------- Invoking toplevel() on ptolemy.moml.MoMLSimpleApplication@63fa6ba6
----------------- Done invoking toplevel() on ptolemy.moml.MoMLSimpleApplication@63fa6ba6
reloadAllAccessors: .FixedPointIterationFSMActor

===========================================================================================
----------------- testing Sun Nov 18 02:51:03 UTC 2018 /home/travis/build/icyphy/ptII/ptolemy/domains/modal/test/auto/FixedPointIterationFSMActor2.xml
----------------- Instantiating /home/travis/build/icyphy/ptII/ptolemy/domains/modal/test/auto/FixedPointIterationFSMActor2.xml
12 ms. Memory: 578048K Free: 506447K (88%)
----------------- Invoking toplevel() on ptolemy.moml.MoMLSimpleApplication@141b0b1e
----------------- Done invoking toplevel() on ptolemy.moml.MoMLSimpleApplication@141b0b1e
reloadAllAccessors: .FixedPointIterationFSMActor2

===========================================================================================
----------------- testing Sun Nov 18 02:51:03 UTC 2018 /home/travis/build/icyphy/ptII/ptolemy/domains/modal/test/auto/ForbiddenInstantanousLoop.xml
----------------- Instantiating /home/travis/build/icyphy/ptII/ptolemy/domains/modal/test/auto/ForbiddenInstantanousLoop.xml
14 ms. Memory: 578048K Free: 490149K (85%)
----------------- Invoking toplevel() on ptolemy.moml.MoMLSimpleApplication@79e78158
----------------- Done invoking toplevel() on ptolemy.moml.MoMLSimpleApplication@79e78158
reloadAllAccessors: .ForbiddenInstantanousLoop

===========================================================================================
----------------- testing Sun Nov 18 02:51:03 UTC 2018 /home/travis/build/icyphy/ptII/ptolemy/domains/modal/test/auto/FunctionDependencyOfFSMActorTest.xml
----------------- Instantiating /home/travis/build/icyphy/ptII/ptolemy/domains/modal/test/auto/FunctionDependencyOfFSMActorTest.xml
11 ms. Memory: 578048K Free: 480365K (83%)
----------------- Invoking toplevel() on ptolemy.moml.MoMLSimpleApplication@43c693a9
----------------- Done invoking toplevel() on ptolemy.moml.MoMLSimpleApplication@43c693a9
reloadAllAccessors: .FunctionDependencyOfFSMActorTest

===========================================================================================
----------------- testing Sun Nov 18 02:51:03 UTC 2018 /home/travis/build/icyphy/ptII/ptolemy/domains/modal/test/auto/GuardExpression.xml
----------------- Instantiating /home/travis/build/icyphy/ptII/ptolemy/domains/modal/test/auto/GuardExpression.xml
2 ms. Memory: 578048K Free: 468381K (81%)
----------------- Invoking toplevel() on ptolemy.moml.MoMLSimpleApplication@412c2065
----------------- Done invoking toplevel() on ptolemy.moml.MoMLSimpleApplication@412c2065
reloadAllAccessors: .GuardExpression

===========================================================================================
----------------- testing Sun Nov 18 02:51:03 UTC 2018 /home/travis/build/icyphy/ptII/ptolemy/domains/modal/test/auto/GuardNotEvaluated.xml
----------------- Instantiating /home/travis/build/icyphy/ptII/ptolemy/domains/modal/test/auto/GuardNotEvaluated.xml
12 ms. Memory: 578048K Free: 455340K (79%)
----------------- Invoking toplevel() on ptolemy.moml.MoMLSimpleApplication@5037239b
----------------- Done invoking toplevel() on ptolemy.moml.MoMLSimpleApplication@5037239b
reloadAllAccessors: .GuardNotEvaluated

===========================================================================================
----------------- testing Sun Nov 18 02:51:03 UTC 2018 /home/travis/build/icyphy/ptII/ptolemy/domains/modal/test/auto/GuardNotEvaluated2.xml
----------------- Instantiating /home/travis/build/icyphy/ptII/ptolemy/domains/modal/test/auto/GuardNotEvaluated2.xml
8 ms. Memory: 578048K Free: 442299K (77%)
----------------- Invoking toplevel() on ptolemy.moml.MoMLSimpleApplication@4dbd294
----------------- Done invoking toplevel() on ptolemy.moml.MoMLSimpleApplication@4dbd294
reloadAllAccessors: .GuardNotEvaluated2

===========================================================================================
----------------- testing Sun Nov 18 02:51:03 UTC 2018 /home/travis/build/icyphy/ptII/ptolemy/domains/modal/test/auto/GuardOnAbsent.xml
----------------- Instantiating /home/travis/build/icyphy/ptII/ptolemy/domains/modal/test/auto/GuardOnAbsent.xml
6 ms. Memory: 578048K Free: 430308K (74%)
----------------- Invoking toplevel() on ptolemy.moml.MoMLSimpleApplication@33a01868
----------------- Done invoking toplevel() on ptolemy.moml.MoMLSimpleApplication@33a01868
reloadAllAccessors: .GuardOnAbsent

===========================================================================================
----------------- testing Sun Nov 18 02:51:03 UTC 2018 /home/travis/build/icyphy/ptII/ptolemy/domains/modal/test/auto/HierarchicalFSMTypeInference.xml
----------------- Instantiating /home/travis/build/icyphy/ptII/ptolemy/domains/modal/test/auto/HierarchicalFSMTypeInference.xml
6 ms. Memory: 578048K Free: 413994K (72%)
----------------- Invoking toplevel() on ptolemy.moml.MoMLSimpleApplication@5129b8ab
----------------- Done invoking toplevel() on ptolemy.moml.MoMLSimpleApplication@5129b8ab
reloadAllAccessors: .HierarchicalFSMTypeInference

===========================================================================================
----------------- testing Sun Nov 18 02:51:03 UTC 2018 /home/travis/build/icyphy/ptII/ptolemy/domains/modal/test/auto/Hysteresis.xml
----------------- Instantiating /home/travis/build/icyphy/ptII/ptolemy/domains/modal/test/auto/Hysteresis.xml
11 ms. Memory: 578048K Free: 394408K (68%)
----------------- Invoking toplevel() on ptolemy.moml.MoMLSimpleApplication@142c9e6b
----------------- Done invoking toplevel() on ptolemy.moml.MoMLSimpleApplication@142c9e6b
reloadAllAccessors: .Hysteresis

===========================================================================================
----------------- testing Sun Nov 18 02:51:03 UTC 2018 /home/travis/build/icyphy/ptII/ptolemy/domains/modal/test/auto/HysteresisWithDefault.xml
----------------- Instantiating /home/travis/build/icyphy/ptII/ptolemy/domains/modal/test/auto/HysteresisWithDefault.xml
35 ms. Memory: 578048K Free: 366079K (63%)
----------------- Invoking toplevel() on ptolemy.moml.MoMLSimpleApplication@3ef35f98
----------------- Done invoking toplevel() on ptolemy.moml.MoMLSimpleApplication@3ef35f98
reloadAllAccessors: .HysteresisWithDefault

===========================================================================================
----------------- testing Sun Nov 18 02:51:03 UTC 2018 /home/travis/build/icyphy/ptII/ptolemy/domains/modal/test/auto/HysteresisWithDefault2.xml
----------------- Instantiating /home/travis/build/icyphy/ptII/ptolemy/domains/modal/test/auto/HysteresisWithDefault2.xml
40 ms. Memory: 578048K Free: 333444K (58%)
----------------- Invoking toplevel() on ptolemy.moml.MoMLSimpleApplication@1f80c3c2
----------------- Done invoking toplevel() on ptolemy.moml.MoMLSimpleApplication@1f80c3c2
reloadAllAccessors: .HysteresisWithDefault2

===========================================================================================
----------------- testing Sun Nov 18 02:51:03 UTC 2018 /home/travis/build/icyphy/ptII/ptolemy/domains/modal/test/auto/ImmediateNonConstructiveness.xml
----------------- Instantiating /home/travis/build/icyphy/ptII/ptolemy/domains/modal/test/auto/ImmediateNonConstructiveness.xml
4 ms. Memory: 578048K Free: 321453K (56%)
----------------- Invoking toplevel() on ptolemy.moml.MoMLSimpleApplication@1619c64f
----------------- Done invoking toplevel() on ptolemy.moml.MoMLSimpleApplication@1619c64f
reloadAllAccessors: .ImmediateNonConstructiveness

===========================================================================================
----------------- testing Sun Nov 18 02:51:03 UTC 2018 /home/travis/build/icyphy/ptII/ptolemy/domains/modal/test/auto/ImmediateNonConstructiveness2.xml
----------------- Instantiating /home/travis/build/icyphy/ptII/ptolemy/domains/modal/test/auto/ImmediateNonConstructiveness2.xml
2 ms. Memory: 578048K Free: 311668K (54%)
----------------- Invoking toplevel() on ptolemy.moml.MoMLSimpleApplication@d527752
----------------- Done invoking toplevel() on ptolemy.moml.MoMLSimpleApplication@d527752
reloadAllAccessors: .ImmediateNonConstructiveness2

===========================================================================================
----------------- testing Sun Nov 18 02:51:03 UTC 2018 /home/travis/build/icyphy/ptII/ptolemy/domains/modal/test/auto/ImmediateTransitionReset.xml
----------------- Instantiating /home/travis/build/icyphy/ptII/ptolemy/domains/modal/test/auto/ImmediateTransitionReset.xml
5 ms. Memory: 578048K Free: 295370K (51%)
----------------- Invoking toplevel() on ptolemy.moml.MoMLSimpleApplication@1012b875
----------------- Done invoking toplevel() on ptolemy.moml.MoMLSimpleApplication@1012b875
reloadAllAccessors: .ImmediateTransitionReset

===========================================================================================
----------------- testing Sun Nov 18 02:51:03 UTC 2018 /home/travis/build/icyphy/ptII/ptolemy/domains/modal/test/auto/ImmediateTransitions1.xml
----------------- Instantiating /home/travis/build/icyphy/ptII/ptolemy/domains/modal/test/auto/ImmediateTransitions1.xml
1 ms. Memory: 578048K Free: 283379K (49%)
----------------- Invoking toplevel() on ptolemy.moml.MoMLSimpleApplication@5b463995
----------------- Done invoking toplevel() on ptolemy.moml.MoMLSimpleApplication@5b463995
reloadAllAccessors: .ImmediateTransitions1

===========================================================================================
----------------- testing Sun Nov 18 02:51:03 UTC 2018 /home/travis/build/icyphy/ptII/ptolemy/domains/modal/test/auto/ImmediateTransitionsInstantaneousCommunication.xml
----------------- Instantiating /home/travis/build/icyphy/ptII/ptolemy/domains/modal/test/auto/ImmediateTransitionsInstantaneousCommunication.xml
6 ms. Memory: 578048K Free: 267082K (46%)
----------------- Invoking toplevel() on ptolemy.moml.MoMLSimpleApplication@78fc8e32
----------------- Done invoking toplevel() on ptolemy.moml.MoMLSimpleApplication@78fc8e32
reloadAllAccessors: .ImmediateTransitionsInstantaneousCommunication

===========================================================================================
----------------- testing Sun Nov 18 02:51:03 UTC 2018 /home/travis/build/icyphy/ptII/ptolemy/domains/modal/test/auto/InitialImmediateTransition.xml
----------------- Instantiating /home/travis/build/icyphy/ptII/ptolemy/domains/modal/test/auto/InitialImmediateTransition.xml
3 ms. Memory: 578048K Free: 257297K (45%)
----------------- Invoking toplevel() on ptolemy.moml.MoMLSimpleApplication@4bc3714b
----------------- Done invoking toplevel() on ptolemy.moml.MoMLSimpleApplication@4bc3714b
reloadAllAccessors: .InitialImmediateTransition

===========================================================================================
----------------- testing Sun Nov 18 02:51:03 UTC 2018 /home/travis/build/icyphy/ptII/ptolemy/domains/modal/test/auto/InitialOutputs.xml
----------------- Instantiating /home/travis/build/icyphy/ptII/ptolemy/domains/modal/test/auto/InitialOutputs.xml
2 ms. Memory: 578048K Free: 245314K (42%)
----------------- Invoking toplevel() on ptolemy.moml.MoMLSimpleApplication@3b1341f0
----------------- Done invoking toplevel() on ptolemy.moml.MoMLSimpleApplication@3b1341f0
reloadAllAccessors: .InitialOutputs

===========================================================================================
----------------- testing Sun Nov 18 02:51:03 UTC 2018 /home/travis/build/icyphy/ptII/ptolemy/domains/modal/test/auto/InitialStateTransition1.xml
----------------- Instantiating /home/travis/build/icyphy/ptII/ptolemy/domains/modal/test/auto/InitialStateTransition1.xml
3 ms. Memory: 578048K Free: 232272K (40%)
----------------- Invoking toplevel() on ptolemy.moml.MoMLSimpleApplication@42df948f
----------------- Done invoking toplevel() on ptolemy.moml.MoMLSimpleApplication@42df948f
reloadAllAccessors: .InitialStateTransition1

===========================================================================================
----------------- testing Sun Nov 18 02:51:03 UTC 2018 /home/travis/build/icyphy/ptII/ptolemy/domains/modal/test/auto/InitialStateTransition2.xml
----------------- Instantiating /home/travis/build/icyphy/ptII/ptolemy/domains/modal/test/auto/InitialStateTransition2.xml
.InitialStateTransition2.TestExceptionAttributeNonConstructive: initialize() was not invoked, but wrapup() was.  This is unusual, but not always a problem.  For example, exporting JNLP will do this.
1 ms. Memory: 578048K Free: 219231K (38%)
----------------- Invoking toplevel() on ptolemy.moml.MoMLSimpleApplication@5f97515b
----------------- Done invoking toplevel() on ptolemy.moml.MoMLSimpleApplication@5f97515b
reloadAllAccessors: .InitialStateTransition2

===========================================================================================
----------------- testing Sun Nov 18 02:51:03 UTC 2018 /home/travis/build/icyphy/ptII/ptolemy/domains/modal/test/auto/InitialStateTransition3.xml
----------------- Instantiating /home/travis/build/icyphy/ptII/ptolemy/domains/modal/test/auto/InitialStateTransition3.xml
4 ms. Memory: 578048K Free: 203984K (35%)
----------------- Invoking toplevel() on ptolemy.moml.MoMLSimpleApplication@164050f6
----------------- Done invoking toplevel() on ptolemy.moml.MoMLSimpleApplication@164050f6
reloadAllAccessors: .InitialStateTransition3

===========================================================================================
----------------- testing Sun Nov 18 02:51:03 UTC 2018 /home/travis/build/icyphy/ptII/ptolemy/domains/modal/test/auto/InitialStateTransition4.xml
----------------- Instantiating /home/travis/build/icyphy/ptII/ptolemy/domains/modal/test/auto/InitialStateTransition4.xml
4 ms. Memory: 578048K Free: 190942K (33%)
----------------- Invoking toplevel() on ptolemy.moml.MoMLSimpleApplication@5178f4c0
----------------- Done invoking toplevel() on ptolemy.moml.MoMLSimpleApplication@5178f4c0
[...]
----------------- Done invoking toplevel() on ptolemy.moml.MoMLSimpleApplication@60d73030
reloadAllAccessors: .TerminationTransition3

===========================================================================================
----------------- testing Sun Nov 18 02:51:05 UTC 2018 /home/travis/build/icyphy/ptII/ptolemy/domains/modal/test/auto/TerminationTransition4.xml
----------------- Instantiating /home/travis/build/icyphy/ptII/ptolemy/domains/modal/test/auto/TerminationTransition4.xml
4 ms. Memory: 871936K Free: 102084K (12%)
----------------- Invoking toplevel() on ptolemy.moml.MoMLSimpleApplication@1bca8188
----------------- Done invoking toplevel() on ptolemy.moml.MoMLSimpleApplication@1bca8188
reloadAllAccessors: .TerminationTransition4

===========================================================================================
----------------- testing Sun Nov 18 02:51:05 UTC 2018 /home/travis/build/icyphy/ptII/ptolemy/domains/modal/test/auto/TerminationTransition5.xml
----------------- Instantiating /home/travis/build/icyphy/ptII/ptolemy/domains/modal/test/auto/TerminationTransition5.xml
3 ms. Memory: 871936K Free: 81219K (9%)
----------------- Invoking toplevel() on ptolemy.moml.MoMLSimpleApplication@7a7c8e1d
----------------- Done invoking toplevel() on ptolemy.moml.MoMLSimpleApplication@7a7c8e1d
reloadAllAccessors: .TerminationTransition5

===========================================================================================
----------------- testing Sun Nov 18 02:51:05 UTC 2018 /home/travis/build/icyphy/ptII/ptolemy/domains/modal/test/auto/TerminationTransition6.xml
----------------- Instantiating /home/travis/build/icyphy/ptII/ptolemy/domains/modal/test/auto/TerminationTransition6.xml
1 ms. Memory: 871936K Free: 847328K (97%)
----------------- Invoking toplevel() on ptolemy.moml.MoMLSimpleApplication@7e90dc56
----------------- Done invoking toplevel() on ptolemy.moml.MoMLSimpleApplication@7e90dc56
reloadAllAccessors: .TerminationTransition6

===========================================================================================
----------------- testing Sun Nov 18 02:51:05 UTC 2018 /home/travis/build/icyphy/ptII/ptolemy/domains/modal/test/auto/TerminationTransition7.xml
----------------- Instantiating /home/travis/build/icyphy/ptII/ptolemy/domains/modal/test/auto/TerminationTransition7.xml
2 ms. Memory: 871936K Free: 829702K (95%)
----------------- Invoking toplevel() on ptolemy.moml.MoMLSimpleApplication@4911c76c
----------------- Done invoking toplevel() on ptolemy.moml.MoMLSimpleApplication@4911c76c
reloadAllAccessors: .TerminationTransition7

===========================================================================================
----------------- testing Sun Nov 18 02:51:05 UTC 2018 /home/travis/build/icyphy/ptII/ptolemy/domains/modal/test/auto/TerminationTransition8.xml
----------------- Instantiating /home/travis/build/icyphy/ptII/ptolemy/domains/modal/test/auto/TerminationTransition8.xml
1 ms. Memory: 871936K Free: 814049K (93%)
----------------- Invoking toplevel() on ptolemy.moml.MoMLSimpleApplication@1ade66c8
----------------- Done invoking toplevel() on ptolemy.moml.MoMLSimpleApplication@1ade66c8
reloadAllAccessors: .TerminationTransition8

===========================================================================================
----------------- testing Sun Nov 18 02:51:05 UTC 2018 /home/travis/build/icyphy/ptII/ptolemy/domains/modal/test/auto/Thermostat_NoHysteresis.xml
----------------- Instantiating /home/travis/build/icyphy/ptII/ptolemy/domains/modal/test/auto/Thermostat_NoHysteresis.xml
22 ms. Memory: 871936K Free: 780892K (90%)
----------------- Invoking toplevel() on ptolemy.moml.MoMLSimpleApplication@3c774da
----------------- Done invoking toplevel() on ptolemy.moml.MoMLSimpleApplication@3c774da
reloadAllAccessors: .Thermostat_NoHysteresis

===========================================================================================
----------------- testing Sun Nov 18 02:51:05 UTC 2018 /home/travis/build/icyphy/ptII/ptolemy/domains/modal/test/auto/TimedFSM.xml
----------------- Instantiating /home/travis/build/icyphy/ptII/ptolemy/domains/modal/test/auto/TimedFSM.xml
6 ms. Memory: 871936K Free: 765247K (88%)
----------------- Invoking toplevel() on ptolemy.moml.MoMLSimpleApplication@6f1d551f
----------------- Done invoking toplevel() on ptolemy.moml.MoMLSimpleApplication@6f1d551f
reloadAllAccessors: .TimedFSM

===========================================================================================
----------------- testing Sun Nov 18 02:51:05 UTC 2018 /home/travis/build/icyphy/ptII/ptolemy/domains/modal/test/auto/Timeout1.xml
----------------- Instantiating /home/travis/build/icyphy/ptII/ptolemy/domains/modal/test/auto/Timeout1.xml
2 ms. Memory: 871936K Free: 752955K (86%)
----------------- Invoking toplevel() on ptolemy.moml.MoMLSimpleApplication@771bdfbb
----------------- Done invoking toplevel() on ptolemy.moml.MoMLSimpleApplication@771bdfbb
reloadAllAccessors: .Timeout1

===========================================================================================
----------------- testing Sun Nov 18 02:51:05 UTC 2018 /home/travis/build/icyphy/ptII/ptolemy/domains/modal/test/auto/Timeout2.xml
----------------- Instantiating /home/travis/build/icyphy/ptII/ptolemy/domains/modal/test/auto/Timeout2.xml
4 ms. Memory: 871936K Free: 737310K (85%)
----------------- Invoking toplevel() on ptolemy.moml.MoMLSimpleApplication@72929c73
----------------- Done invoking toplevel() on ptolemy.moml.MoMLSimpleApplication@72929c73
reloadAllAccessors: .Timeout2

===========================================================================================
----------------- testing Sun Nov 18 02:51:05 UTC 2018 /home/travis/build/icyphy/ptII/ptolemy/domains/modal/test/auto/Timeout3.xml
----------------- Instantiating /home/travis/build/icyphy/ptII/ptolemy/domains/modal/test/auto/Timeout3.xml
6 ms. Memory: 871936K Free: 725018K (83%)
----------------- Invoking toplevel() on ptolemy.moml.MoMLSimpleApplication@349dbaf5
----------------- Done invoking toplevel() on ptolemy.moml.MoMLSimpleApplication@349dbaf5
reloadAllAccessors: .Timeout3

===========================================================================================
----------------- testing Sun Nov 18 02:51:05 UTC 2018 /home/travis/build/icyphy/ptII/ptolemy/domains/modal/test/auto/Timeout4.xml
----------------- Instantiating /home/travis/build/icyphy/ptII/ptolemy/domains/modal/test/auto/Timeout4.xml
5 ms. Memory: 871936K Free: 714594K (82%)
----------------- Invoking toplevel() on ptolemy.moml.MoMLSimpleApplication@4b913249
----------------- Done invoking toplevel() on ptolemy.moml.MoMLSimpleApplication@4b913249
reloadAllAccessors: .Timeout4

===========================================================================================
----------------- testing Sun Nov 18 02:51:05 UTC 2018 /home/travis/build/icyphy/ptII/ptolemy/domains/modal/test/auto/TransientstateModelAdvanced.xml
----------------- Instantiating /home/travis/build/icyphy/ptII/ptolemy/domains/modal/test/auto/TransientstateModelAdvanced.xml
2 ms. Memory: 871936K Free: 691876K (79%)
----------------- Invoking toplevel() on ptolemy.moml.MoMLSimpleApplication@5d3495eb
----------------- Done invoking toplevel() on ptolemy.moml.MoMLSimpleApplication@5d3495eb
reloadAllAccessors: .TransientstateModelAdvanced

===========================================================================================
----------------- testing Sun Nov 18 02:51:06 UTC 2018 /home/travis/build/icyphy/ptII/ptolemy/domains/modal/test/auto/TransientstateModelAdvanced2.xml
----------------- Instantiating /home/travis/build/icyphy/ptII/ptolemy/domains/modal/test/auto/TransientstateModelAdvanced2.xml
3 ms. Memory: 871936K Free: 671027K (77%)
----------------- Invoking toplevel() on ptolemy.moml.MoMLSimpleApplication@2828893b
----------------- Done invoking toplevel() on ptolemy.moml.MoMLSimpleApplication@2828893b
reloadAllAccessors: .transientstatemodelAdvanced

===========================================================================================
----------------- testing Sun Nov 18 02:51:06 UTC 2018 /home/travis/build/icyphy/ptII/ptolemy/domains/modal/test/auto/TransitionRefinements.xml
----------------- Instantiating /home/travis/build/icyphy/ptII/ptolemy/domains/modal/test/auto/TransitionRefinements.xml
8 ms. Memory: 871936K Free: 637870K (73%)
----------------- Invoking toplevel() on ptolemy.moml.MoMLSimpleApplication@3b904f0
----------------- Done invoking toplevel() on ptolemy.moml.MoMLSimpleApplication@3b904f0
reloadAllAccessors: .TransitionRefinements

===========================================================================================
----------------- testing Sun Nov 18 02:51:06 UTC 2018 /home/travis/build/icyphy/ptII/ptolemy/domains/modal/test/auto/TwoRefinements1.xml
----------------- Instantiating /home/travis/build/icyphy/ptII/ptolemy/domains/modal/test/auto/TwoRefinements1.xml
3 ms. Memory: 871936K Free: 622218K (71%)
----------------- Invoking toplevel() on ptolemy.moml.MoMLSimpleApplication@2db4ae9d
----------------- Done invoking toplevel() on ptolemy.moml.MoMLSimpleApplication@2db4ae9d
reloadAllAccessors: .TwoRefinements1

===========================================================================================
----------------- testing Sun Nov 18 02:51:06 UTC 2018 /home/travis/build/icyphy/ptII/ptolemy/domains/modal/test/auto/TwoRefinements2.xml
----------------- Instantiating /home/travis/build/icyphy/ptII/ptolemy/domains/modal/test/auto/TwoRefinements2.xml
2 ms. Memory: 871936K Free: 604697K (69%)
----------------- Invoking toplevel() on ptolemy.moml.MoMLSimpleApplication@19ea4729
----------------- Done invoking toplevel() on ptolemy.moml.MoMLSimpleApplication@19ea4729
reloadAllAccessors: .TwoRefinements2

===========================================================================================
----------------- testing Sun Nov 18 02:51:06 UTC 2018 /home/travis/build/icyphy/ptII/ptolemy/domains/modal/test/auto/WeakImmediateTransition.xml
----------------- Instantiating /home/travis/build/icyphy/ptII/ptolemy/domains/modal/test/auto/WeakImmediateTransition.xml
3 ms. Memory: 871936K Free: 589045K (68%)
----------------- Invoking toplevel() on ptolemy.moml.MoMLSimpleApplication@4a68a883
----------------- Done invoking toplevel() on ptolemy.moml.MoMLSimpleApplication@4a68a883
reloadAllAccessors: .WeakImmediateTransition

===========================================================================================
----------------- testing Sun Nov 18 02:51:06 UTC 2018 /home/travis/build/icyphy/ptII/ptolemy/domains/modal/test/auto/booleanSelect.xml
----------------- Instantiating /home/travis/build/icyphy/ptII/ptolemy/domains/modal/test/auto/booleanSelect.xml
55 ms. Memory: 871936K Free: 561099K (64%)
----------------- Invoking toplevel() on ptolemy.moml.MoMLSimpleApplication@2c13bf66
----------------- Done invoking toplevel() on ptolemy.moml.MoMLSimpleApplication@2c13bf66
reloadAllAccessors: .booleanSelect

===========================================================================================
----------------- testing Sun Nov 18 02:51:06 UTC 2018 /home/travis/build/icyphy/ptII/ptolemy/domains/modal/test/auto/modalChangingParams.xml
----------------- Instantiating /home/travis/build/icyphy/ptII/ptolemy/domains/modal/test/auto/modalChangingParams.xml
0
1
0
2
4
6
8
7
0
2
4
6
8
13
0
2
4
6
8
19
0
2
4
6
8
25
0
2
4
6
8
31
0
2
4
6
8
37
0
2
4
6
8
43
0
2
4
6
8
49
0
2
4
6
8
55
0
2
4
6
8
61
0
2
4
6
8
67
0
2
4
6
8
73
0
2
4
6
8
79
0
2
4
6
8
85
0
2
4
6
8
91
0
2
4
6
8
97
0
2
4
6
8
103
0
2
4
6
8
109
0
2
4
6
8
115
0
2
4
6
8
121
0
2
4
6
8
127
0
2
4
6
8
133
0
2
4
6
8
139
0
2
4
6
8
145
0
2
4
6
8
151
0
2
4
6
8
157
0
2
4
6
8
163
0
2
4
6
8
169
0
2
4
6
8
175
0
2
4
6
8
181
0
2
4
6
8
187
0
2
4
6
8
193
0
2
4
6
8
199
0
2
4
6
8
205
0
2
4
6
8
211
0
2
4
6
8
217
0
2
4
6
8
223
0
2
4
6
8
229
0
2
4
6
8
235
0
2
4
6
8
241
0
2
4
6
8
247
0
2
4
6
8
253
0
2
4
6
8
259
0
2
4
6
8
265
0
2
4
6
8
271
0
2
4
6
8
277
0
2
4
6
8
283
0
2
4
6
8
289
0
2
4
6
8
295
0
2
4
6
8
301
0
2
4
6
8
307
0
2
4
6
8
313
0
2
4
6
8
319
0
2
4
6
8
325
0
2
4
6
8
331
0
2
4
6
8
337
0
2
4
6
8
343
0
2
4
6
8
349
0
2
4
6
8
355
0
2
4
6
8
361
0
2
4
6
8
367
0
2
4
6
8
373
0
2
4
6
8
379
0
2
4
6
8
385
0
2
4
6
8
391
0
2
4
6
8
397
0
2
4
6
8
403
0
2
4
6
8
409
0
2
4
6
8
415
0
2
4
6
8
421
0
2
4
6
8
427
0
2
4
6
8
433
0
2
4
6
8
439
0
2
4
6
8
445
0
2
4
6
8
451
0
2
4
6
8
457
0
2
4
6
8
463
0
2
4
6
8
469
0
2
4
6
8
475
0
2
4
6
8
481
0
2
4
6
8
487
0
2
4
6
8
493
0
2
4
6
8
499
0
2
4
6
8
505
0
2
4
6
8
511
0
2
4
6
8
517
0
2
4
6
8
523
0
2
4
6
8
529
0
2
4
6
8
535
0
2
4
6
8
541
0
2
4
6
8
547
0
2
4
6
8
553
0
2
4
6
8
559
0
2
4
6
8
565
0
2
4
6
8
571
0
2
4
6
8
577
0
2
4
6
8
583
0
2
4
6
8
589
0
2
4
6
8
595
0
2
4
6
8
601
0
2
4
6
8
607
0
2
4
6
8
613
0
2
4
6
8
619
0
2
4
6
8
625
0
2
4
6
8
631
0
2
4
6
8
637
0
2
4
6
8
643
0
2
4
6
8
649
0
2
4
6
8
655
0
2
4
6
8
661
0
2
4
6
8
667
0
2
4
6
8
673
0
2
4
6
8
679
0
2
4
6
8
685
0
2
4
6
8
691
0
2
4
6
8
697
0
2
4
6
8
703
0
2
4
6
8
709
0
2
4
6
8
715
0
2
4
6
8
721
0
2
4
6
8
727
0
2
4
6
8
733
0
2
4
6
8
739
0
2
4
6
8
745
0
2
4
6
8
751
0
2
4
6
8
757
0
2
4
6
8
763
0
2
4
6
8
769
0
2
4
6
8
775
0
2
4
6
8
781
0
2
4
6
8
787
0
2
4
6
8
793
0
2
4
6
8
799
0
2
4
6
8
805
0
2
4
6
8
811
0
2
4
6
8
817
0
2
4
6
8
823
0
2
4
6
8
829
0
2
4
6
8
835
0
2
4
6
8
841
0
2
4
6
8
847
0
2
4
6
8
853
0
2
4
6
8
859
0
2
4
6
8
865
0
2
4
6
8
871
0
2
4
6
8
877
0
2
4
6
8
883
0
2
4
6
8
889
0
2
4
6
8
895
0
2
4
6
8
901
0
2
4
6
8
907
0
2
4
6
8
913
0
2
4
6
8
919
0
2
4
6
8
925
0
2
4
6
8
931
0
2
4
6
8
937
0
2
4
6
8
943
0
2
4
6
8
949
0
2
4
6
8
955
0
2
4
6
8
961
0
2
4
6
8
967
0
2
4
6
8
973
0
2
4
6
8
979
0
2
4
6
8
985
0
2
4
6
8
991
0
2
4
6
8
997
0
2
235 ms. Memory: 871936K Free: 446287K (51%)
----------------- Invoking toplevel() on ptolemy.moml.MoMLSimpleApplication@22702da9
----------------- Done invoking toplevel() on ptolemy.moml.MoMLSimpleApplication@22702da9
reloadAllAccessors: .modalChangingParams

===========================================================================================
----------------- testing Sun Nov 18 02:51:06 UTC 2018 /home/travis/build/icyphy/ptII/ptolemy/domains/modal/test/auto/modalModel.xml
----------------- Instantiating /home/travis/build/icyphy/ptII/ptolemy/domains/modal/test/auto/modalModel.xml
5 ms. Memory: 871936K Free: 430634K (49%)
----------------- Invoking toplevel() on ptolemy.moml.MoMLSimpleApplication@42654712
----------------- Done invoking toplevel() on ptolemy.moml.MoMLSimpleApplication@42654712
reloadAllAccessors: .modalModel

===========================================================================================
----------------- testing Sun Nov 18 02:51:06 UTC 2018 /home/travis/build/icyphy/ptII/ptolemy/domains/modal/test/auto/modalModel2.xml
----------------- Instantiating /home/travis/build/icyphy/ptII/ptolemy/domains/modal/test/auto/modalModel2.xml
6 ms. Memory: 871936K Free: 413113K (47%)
----------------- Invoking toplevel() on ptolemy.moml.MoMLSimpleApplication@164099c7
----------------- Done invoking toplevel() on ptolemy.moml.MoMLSimpleApplication@164099c7
reloadAllAccessors: .modalModel2

===========================================================================================
----------------- testing Sun Nov 18 02:51:06 UTC 2018 /home/travis/build/icyphy/ptII/ptolemy/domains/modal/test/auto/modalModel3.xml
----------------- Instantiating /home/travis/build/icyphy/ptII/ptolemy/domains/modal/test/auto/modalModel3.xml
0	0	0
3	2	1
6	4	2
9	6	3
4	0	4
7	2	5
10	4	6
13	6	7
8	0	8
11	2	9
14	4	10
17	6	11
12	0	12
15	2	13
18	4	14
10 ms. Memory: 871936K Free: 397461K (46%)
----------------- Invoking toplevel() on ptolemy.moml.MoMLSimpleApplication@2304301c
----------------- Done invoking toplevel() on ptolemy.moml.MoMLSimpleApplication@2304301c
reloadAllAccessors: .modalModel3

===========================================================================================
----------------- testing Sun Nov 18 02:51:06 UTC 2018 /home/travis/build/icyphy/ptII/ptolemy/domains/modal/test/auto/model1.xml
----------------- Instantiating /home/travis/build/icyphy/ptII/ptolemy/domains/modal/test/auto/model1.xml
9 ms. Memory: 871936K Free: 385168K (44%)
----------------- Invoking toplevel() on ptolemy.moml.MoMLSimpleApplication@3eee5d4e
----------------- Done invoking toplevel() on ptolemy.moml.MoMLSimpleApplication@3eee5d4e
reloadAllAccessors: .model1

===========================================================================================
----------------- testing Sun Nov 18 02:51:06 UTC 2018 /home/travis/build/icyphy/ptII/ptolemy/domains/modal/test/auto/test-direct-in-out.xml
----------------- Instantiating /home/travis/build/icyphy/ptII/ptolemy/domains/modal/test/auto/test-direct-in-out.xml
3 ms. Memory: 871936K Free: 369516K (42%)
----------------- Invoking toplevel() on ptolemy.moml.MoMLSimpleApplication@3cd867f1
----------------- Done invoking toplevel() on ptolemy.moml.MoMLSimpleApplication@3cd867f1
reloadAllAccessors: .test-direct-in-out
AutoTests.java: About to close Vertx.
AutoTests.java: Vertx closed.
]]></system-out>
  <system-err><![CDATA[java.lang.RuntimeException: Execution failed
	at ptolemy.moml.MoMLSimpleApplication$UnloadThread.run(MoMLSimpleApplication.java:402)
Caused by: ptolemy.kernel.util.IllegalActionException: Unknown inputs remain. Possible causality loop:
L_model_1893289564i

  in .CannotAnalysisWithPreemption.model_1893289564_region_1 and .CannotAnalysisWithPreemption.model_1893289564_region_1.L_model_1893289564i
	at ptolemy.actor.sched.FixedPointDirector.postfire(FixedPointDirector.java:515)
	at ptolemy.domains.sr.kernel.SRDirector.postfire(SRDirector.java:417)
	at ptolemy.actor.CompositeActor.postfire(CompositeActor.java:1668)
	at ptolemy.actor.Manager.iterate(Manager.java:852)
	at ptolemy.actor.Manager.execute(Manager.java:369)
	at ptolemy.actor.Manager.run(Manager.java:1263)
	at ptolemy.actor.Manager$PtolemyRunThread.run(Manager.java:1915)
java.lang.reflect.InvocationTargetException
	at sun.reflect.NativeConstructorAccessorImpl.newInstance0(Native Method)
	at sun.reflect.NativeConstructorAccessorImpl.newInstance(NativeConstructorAccessorImpl.java:62)
	at sun.reflect.DelegatingConstructorAccessorImpl.newInstance(DelegatingConstructorAccessorImpl.java:45)
	at java.lang.reflect.Constructor.newInstance(Constructor.java:423)
	at ptolemy.util.test.junit.AutoKnownFailedTests.RunModel(AutoKnownFailedTests.java:105)
	at sun.reflect.NativeMethodAccessorImpl.invoke0(Native Method)
	at sun.reflect.NativeMethodAccessorImpl.invoke(NativeMethodAccessorImpl.java:62)
	at sun.reflect.DelegatingMethodAccessorImpl.invoke(DelegatingMethodAccessorImpl.java:43)
	at java.lang.reflect.Method.invoke(Method.java:498)
	at org.junit.runners.model.FrameworkMethod$1.runReflectiveCall(FrameworkMethod.java:44)
	at org.junit.internal.runners.model.ReflectiveCallable.run(ReflectiveCallable.java:15)
	at org.junit.runners.model.FrameworkMethod.invokeExplosively(FrameworkMethod.java:41)
	at junitparams.internal.InvokeParameterisedMethod.evaluate(InvokeParameterisedMethod.java:102)
	at org.junit.internal.runners.statements.FailOnTimeout$1.run(FailOnTimeout.java:28)
Caused by: ptolemy.kernel.util.IllegalActionException: Unknown inputs remain. Possible causality loop:
L_model_1893289564i

  in .CannotAnalysisWithPreemption.model_1893289564_region_1 and .CannotAnalysisWithPreemption.model_1893289564_region_1.L_model_1893289564i
	at ptolemy.actor.sched.FixedPointDirector.postfire(FixedPointDirector.java:515)
	at ptolemy.domains.sr.kernel.SRDirector.postfire(SRDirector.java:417)
	at ptolemy.actor.CompositeActor.postfire(CompositeActor.java:1668)
	at ptolemy.actor.Manager.iterate(Manager.java:852)
	at ptolemy.actor.Manager.execute(Manager.java:369)
	at ptolemy.actor.Manager.run(Manager.java:1263)
	at ptolemy.actor.Manager$PtolemyRunThread.run(Manager.java:1915)
]]></system-err>
</testsuite>
