<?xml version="1.0" encoding="UTF-8" ?>
<testsuite errors="0" failures="0" hostname="travis-job-ba25d338-efb8-4acb-b4fa-3c1dc1f347f9" name="ptolemy.domains.de.test.junit.JUnitTclTest" skipped="0" tests="101" time="126.897" timestamp="2018-12-10T02:59:34">
  <properties>
[...]
</properties>
  <testcase classname="ptolemy.util.test.junit.TclTests" name="[0] /home/travis/build/icyphy/ptII/ptolemy/domains/de/test/DependencyLoop.tcl (RunTclFile)" time="0.745" />
  <testcase classname="ptolemy.util.test.junit.TclTests" name="[1] /home/travis/build/icyphy/ptII/ptolemy/domains/de/test/RunDETestsAsQSS.tcl (RunTclFile)" time="86.739" />
  <testcase classname="ptolemy.util.test.junit.AutoKnownFailedTests" name="[0] /home/travis/build/icyphy/ptII/ptolemy/domains/de/test/auto/knownFailedTests/DESDFClockTest.xml (RunModel)" time="2.024" />
  <testcase classname="ptolemy.util.test.junit.AutoKnownFailedTests" name="[1] /home/travis/build/icyphy/ptII/ptolemy/domains/de/test/auto/knownFailedTests/DirectFeedback.xml (RunModel)" time="0.008" />
  <testcase classname="ptolemy.util.test.junit.AutoKnownFailedTests" name="[2] /home/travis/build/icyphy/ptII/ptolemy/domains/de/test/auto/knownFailedTests/FSMSource.xml (RunModel)" time="0.014" />
  <testcase classname="ptolemy.util.test.junit.AutoKnownFailedTests" name="[3] /home/travis/build/icyphy/ptII/ptolemy/domains/de/test/auto/knownFailedTests/HierarchicalModel.xml (RunModel)" time="0.027" />
  <testcase classname="ptolemy.util.test.junit.AutoKnownFailedTests" name="[4] /home/travis/build/icyphy/ptII/ptolemy/domains/de/test/auto/knownFailedTests/dependencyLoop.xml (RunModel)" time="0.031" />
  <testcase classname="ptolemy.util.test.junit.AutoKnownFailedTests" name="[5] /home/travis/build/icyphy/ptII/ptolemy/domains/de/test/auto/knownFailedTests/dependencyLoop2.xml (RunModel)" time="0.035" />
  <testcase classname="ptolemy.util.test.junit.AutoNameArchTests" name="[0] ThereAreNoAutoArchTests (RunModel)" time="0.005" />
  <testcase classname="ptolemy.util.test.junit.AutoTests" name="[0] /home/travis/build/icyphy/ptII/ptolemy/domains/de/test/auto/ActorDepthCalculation_actorWithoutPorts.xml (RunModel)" time="0.013" />
  <testcase classname="ptolemy.util.test.junit.AutoTests" name="[1] /home/travis/build/icyphy/ptII/ptolemy/domains/de/test/auto/AssemblyLine.xml (RunModel)" time="0.024" />
  <testcase classname="ptolemy.util.test.junit.AutoTests" name="[2] /home/travis/build/icyphy/ptII/ptolemy/domains/de/test/auto/CQBug1.xml (RunModel)" time="0.012" />
  <testcase classname="ptolemy.util.test.junit.AutoTests" name="[3] /home/travis/build/icyphy/ptII/ptolemy/domains/de/test/auto/CancelFireAt.xml (RunModel)" time="0.007" />
  <testcase classname="ptolemy.util.test.junit.AutoTests" name="[4] /home/travis/build/icyphy/ptII/ptolemy/domains/de/test/auto/CausalityAndComposabilityAnalysis.xml (RunModel)" time="0.008" />
  <testcase classname="ptolemy.util.test.junit.AutoTests" name="[5] /home/travis/build/icyphy/ptII/ptolemy/domains/de/test/auto/CausalityInterface1.xml (RunModel)" time="0.008" />
  <testcase classname="ptolemy.util.test.junit.AutoTests" name="[6] /home/travis/build/icyphy/ptII/ptolemy/domains/de/test/auto/CausalityInterface15.xml (RunModel)" time="0.008" />
  <testcase classname="ptolemy.util.test.junit.AutoTests" name="[7] /home/travis/build/icyphy/ptII/ptolemy/domains/de/test/auto/CausalityInterface2.xml (RunModel)" time="0.007" />
  <testcase classname="ptolemy.util.test.junit.AutoTests" name="[8] /home/travis/build/icyphy/ptII/ptolemy/domains/de/test/auto/CausalityInterface3.xml (RunModel)" time="0.008" />
  <testcase classname="ptolemy.util.test.junit.AutoTests" name="[9] /home/travis/build/icyphy/ptII/ptolemy/domains/de/test/auto/ClockDrift.xml (RunModel)" time="0.022" />
  <testcase classname="ptolemy.util.test.junit.AutoTests" name="[10] /home/travis/build/icyphy/ptII/ptolemy/domains/de/test/auto/ClockDriftAndValueChange.xml (RunModel)" time="0.021" />
  <testcase classname="ptolemy.util.test.junit.AutoTests" name="[11] /home/travis/build/icyphy/ptII/ptolemy/domains/de/test/auto/ClockDriftChange.xml (RunModel)" time="0.018" />
  <testcase classname="ptolemy.util.test.junit.AutoTests" name="[12] /home/travis/build/icyphy/ptII/ptolemy/domains/de/test/auto/ComposableCausalityAnalysis.xml (RunModel)" time="0.013" />
  <testcase classname="ptolemy.util.test.junit.AutoTests" name="[13] /home/travis/build/icyphy/ptII/ptolemy/domains/de/test/auto/DEFixedPointLimitation.xml (RunModel)" time="0.009" />
  <testcase classname="ptolemy.util.test.junit.AutoTests" name="[14] /home/travis/build/icyphy/ptII/ptolemy/domains/de/test/auto/DEScheduleTest.xml (RunModel)" time="0.023" />
  <testcase classname="ptolemy.util.test.junit.AutoTests" name="[15] /home/travis/build/icyphy/ptII/ptolemy/domains/de/test/auto/DEinDEwithStartTimes.xml (RunModel)" time="0.011" />
  <testcase classname="ptolemy.util.test.junit.AutoTests" name="[16] /home/travis/build/icyphy/ptII/ptolemy/domains/de/test/auto/DEinDEwithStartTimes2.xml (RunModel)" time="0.012" />
  <testcase classname="ptolemy.util.test.junit.AutoTests" name="[17] /home/travis/build/icyphy/ptII/ptolemy/domains/de/test/auto/DateDemo.xml (RunModel)" time="0.023" />
  <testcase classname="ptolemy.util.test.junit.AutoTests" name="[18] /home/travis/build/icyphy/ptII/ptolemy/domains/de/test/auto/DateToEvent.xml (RunModel)" time="2.032" />
  <testcase classname="ptolemy.util.test.junit.AutoTests" name="[19] /home/travis/build/icyphy/ptII/ptolemy/domains/de/test/auto/DepthTest1.xml (RunModel)" time="0.006" />
  <testcase classname="ptolemy.util.test.junit.AutoTests" name="[20] /home/travis/build/icyphy/ptII/ptolemy/domains/de/test/auto/DepthTest2.xml (RunModel)" time="0.012" />
  <testcase classname="ptolemy.util.test.junit.AutoTests" name="[21] /home/travis/build/icyphy/ptII/ptolemy/domains/de/test/auto/DepthTest3.xml (RunModel)" time="0.006" />
  <testcase classname="ptolemy.util.test.junit.AutoTests" name="[22] /home/travis/build/icyphy/ptII/ptolemy/domains/de/test/auto/DepthTest4.xml (RunModel)" time="0.009" />
  <testcase classname="ptolemy.util.test.junit.AutoTests" name="[23] /home/travis/build/icyphy/ptII/ptolemy/domains/de/test/auto/DepthTest5.xml (RunModel)" time="0.012" />
  <testcase classname="ptolemy.util.test.junit.AutoTests" name="[24] /home/travis/build/icyphy/ptII/ptolemy/domains/de/test/auto/DepthTest6.xml (RunModel)" time="0.01" />
  <testcase classname="ptolemy.util.test.junit.AutoTests" name="[25] /home/travis/build/icyphy/ptII/ptolemy/domains/de/test/auto/DepthTest7.xml (RunModel)" time="0.009" />
  <testcase classname="ptolemy.util.test.junit.AutoTests" name="[26] /home/travis/build/icyphy/ptII/ptolemy/domains/de/test/auto/EventToDate.xml (RunModel)" time="3.027" />
  <testcase classname="ptolemy.util.test.junit.AutoTests" name="[27] /home/travis/build/icyphy/ptII/ptolemy/domains/de/test/auto/FSM1.xml (RunModel)" time="0.024" />
  <testcase classname="ptolemy.util.test.junit.AutoTests" name="[28] /home/travis/build/icyphy/ptII/ptolemy/domains/de/test/auto/FSM7.xml (RunModel)" time="0.021" />
  <testcase classname="ptolemy.util.test.junit.AutoTests" name="[29] /home/travis/build/icyphy/ptII/ptolemy/domains/de/test/auto/Inspection.xml (RunModel)" time="0.027" />
  <testcase classname="ptolemy.util.test.junit.AutoTests" name="[30] /home/travis/build/icyphy/ptII/ptolemy/domains/de/test/auto/Iteration.xml (RunModel)" time="0.014" />
  <testcase classname="ptolemy.util.test.junit.AutoTests" name="[31] /home/travis/build/icyphy/ptII/ptolemy/domains/de/test/auto/LineFault.xml (RunModel)" time="0.39" />
  <testcase classname="ptolemy.util.test.junit.AutoTests" name="[32] /home/travis/build/icyphy/ptII/ptolemy/domains/de/test/auto/MergeModel1Add.xml (RunModel)" time="0.029" />
  <testcase classname="ptolemy.util.test.junit.AutoTests" name="[33] /home/travis/build/icyphy/ptII/ptolemy/domains/de/test/auto/MergeModel2Add.xml (RunModel)" time="0.029" />
  <testcase classname="ptolemy.util.test.junit.AutoTests" name="[34] /home/travis/build/icyphy/ptII/ptolemy/domains/de/test/auto/MergeModel3Add.xml (RunModel)" time="0.03" />
  <testcase classname="ptolemy.util.test.junit.AutoTests" name="[35] /home/travis/build/icyphy/ptII/ptolemy/domains/de/test/auto/MergeWithoutDiscard.xml (RunModel)" time="0.007" />
  <testcase classname="ptolemy.util.test.junit.AutoTests" name="[36] /home/travis/build/icyphy/ptII/ptolemy/domains/de/test/auto/Modal1.xml (RunModel)" time="0.021" />
  <testcase classname="ptolemy.util.test.junit.AutoTests" name="[37] /home/travis/build/icyphy/ptII/ptolemy/domains/de/test/auto/Modal2.xml (RunModel)" time="0.02" />
  <testcase classname="ptolemy.util.test.junit.AutoTests" name="[38] /home/travis/build/icyphy/ptII/ptolemy/domains/de/test/auto/Modal3.xml (RunModel)" time="0.02" />
  <testcase classname="ptolemy.util.test.junit.AutoTests" name="[39] /home/travis/build/icyphy/ptII/ptolemy/domains/de/test/auto/Modal4.xml (RunModel)" time="0.021" />
  <testcase classname="ptolemy.util.test.junit.AutoTests" name="[40] /home/travis/build/icyphy/ptII/ptolemy/domains/de/test/auto/Modal5.xml (RunModel)" time="0.02" />
  <testcase classname="ptolemy.util.test.junit.AutoTests" name="[41] /home/travis/build/icyphy/ptII/ptolemy/domains/de/test/auto/Modal6.xml (RunModel)" time="0.02" />
  <testcase classname="ptolemy.util.test.junit.AutoTests" name="[42] /home/travis/build/icyphy/ptII/ptolemy/domains/de/test/auto/Modal7.xml (RunModel)" time="0.021" />
  <testcase classname="ptolemy.util.test.junit.AutoTests" name="[43] /home/travis/build/icyphy/ptII/ptolemy/domains/de/test/auto/ModalModel.xml (RunModel)" time="0.106" />
  <testcase classname="ptolemy.util.test.junit.AutoTests" name="[44] /home/travis/build/icyphy/ptII/ptolemy/domains/de/test/auto/ModalSource.xml (RunModel)" time="0.013" />
  <testcase classname="ptolemy.util.test.junit.AutoTests" name="[45] /home/travis/build/icyphy/ptII/ptolemy/domains/de/test/auto/NonInterruptibleTimerZeroDelay.xml (RunModel)" time="0.007" />
  <testcase classname="ptolemy.util.test.junit.AutoTests" name="[46] /home/travis/build/icyphy/ptII/ptolemy/domains/de/test/auto/OpenQueueingNetwork.xml (RunModel)" time="1.964" />
  <testcase classname="ptolemy.util.test.junit.AutoTests" name="[47] /home/travis/build/icyphy/ptII/ptolemy/domains/de/test/auto/OpenQueuingNetwork.xml (RunModel)" time="0.266" />
  <testcase classname="ptolemy.util.test.junit.AutoTests" name="[48] /home/travis/build/icyphy/ptII/ptolemy/domains/de/test/auto/PeriodicSampler.xml (RunModel)" time="0.007" />
  <testcase classname="ptolemy.util.test.junit.AutoTests" name="[49] /home/travis/build/icyphy/ptII/ptolemy/domains/de/test/auto/PersistentIO.xml (RunModel)" time="0.02" />
  <testcase classname="ptolemy.util.test.junit.AutoTests" name="[50] /home/travis/build/icyphy/ptII/ptolemy/domains/de/test/auto/PortParameterResetOnInitialize.xml (RunModel)" time="0.01" />
  <testcase classname="ptolemy.util.test.junit.AutoTests" name="[51] /home/travis/build/icyphy/ptII/ptolemy/domains/de/test/auto/PortParameterUpdates.xml (RunModel)" time="0.016" />
  <testcase classname="ptolemy.util.test.junit.AutoTests" name="[52] /home/travis/build/icyphy/ptII/ptolemy/domains/de/test/auto/QueueAndServer.xml (RunModel)" time="0.019" />
  <testcase classname="ptolemy.util.test.junit.AutoTests" name="[53] /home/travis/build/icyphy/ptII/ptolemy/domains/de/test/auto/Records.xml (RunModel)" time="0.015" />
  <testcase classname="ptolemy.util.test.junit.AutoTests" name="[54] /home/travis/build/icyphy/ptII/ptolemy/domains/de/test/auto/ResetTransitionWithStartTime1.xml (RunModel)" time="0.023" />
  <testcase classname="ptolemy.util.test.junit.AutoTests" name="[55] /home/travis/build/icyphy/ptII/ptolemy/domains/de/test/auto/ResetTransitionWithStartTime2.xml (RunModel)" time="0.015" />
  <testcase classname="ptolemy.util.test.junit.AutoTests" name="[56] /home/travis/build/icyphy/ptII/ptolemy/domains/de/test/auto/ResetTransitionWithStartTime3.xml (RunModel)" time="0.018" />
  <testcase classname="ptolemy.util.test.junit.AutoTests" name="[57] /home/travis/build/icyphy/ptII/ptolemy/domains/de/test/auto/ResetTransitionWithStartTime4.xml (RunModel)" time="0.02" />
  <testcase classname="ptolemy.util.test.junit.AutoTests" name="[58] /home/travis/build/icyphy/ptII/ptolemy/domains/de/test/auto/ResettableTimer1.xml (RunModel)" time="0.012" />
  <testcase classname="ptolemy.util.test.junit.AutoTests" name="[59] /home/travis/build/icyphy/ptII/ptolemy/domains/de/test/auto/ResettableTimer2.xml (RunModel)" time="0.01" />
  <testcase classname="ptolemy.util.test.junit.AutoTests" name="[60] /home/travis/build/icyphy/ptII/ptolemy/domains/de/test/auto/ResettableTimer3.xml (RunModel)" time="0.007" />
  <testcase classname="ptolemy.util.test.junit.AutoTests" name="[61] /home/travis/build/icyphy/ptII/ptolemy/domains/de/test/auto/ResettableTimer4.xml (RunModel)" time="0.009" />
  <testcase classname="ptolemy.util.test.junit.AutoTests" name="[62] /home/travis/build/icyphy/ptII/ptolemy/domains/de/test/auto/ResettableTimer5.xml (RunModel)" time="0.009" />
  <testcase classname="ptolemy.util.test.junit.AutoTests" name="[63] /home/travis/build/icyphy/ptII/ptolemy/domains/de/test/auto/ResettableTimer6.xml (RunModel)" time="0.018" />
  <testcase classname="ptolemy.util.test.junit.AutoTests" name="[64] /home/travis/build/icyphy/ptII/ptolemy/domains/de/test/auto/ServerZeroDelay.xml (RunModel)" time="0.008" />
  <testcase classname="ptolemy.util.test.junit.AutoTests" name="[65] /home/travis/build/icyphy/ptII/ptolemy/domains/de/test/auto/SmartSender.xml (RunModel)" time="3.008" />
  <testcase classname="ptolemy.util.test.junit.AutoTests" name="[66] /home/travis/build/icyphy/ptII/ptolemy/domains/de/test/auto/ThreadedComposite.xml (RunModel)" time="0.124" />
  <testcase classname="ptolemy.util.test.junit.AutoTests" name="[67] /home/travis/build/icyphy/ptII/ptolemy/domains/de/test/auto/Time.xml (RunModel)" time="0.461" />
  <testcase classname="ptolemy.util.test.junit.AutoTests" name="[68] /home/travis/build/icyphy/ptII/ptolemy/domains/de/test/auto/TimeDelayZeroDelay.xml (RunModel)" time="0.01" />
  <testcase classname="ptolemy.util.test.junit.AutoTests" name="[69] /home/travis/build/icyphy/ptII/ptolemy/domains/de/test/auto/TimerZeroDelay.xml (RunModel)" time="0.009" />
  <testcase classname="ptolemy.util.test.junit.AutoTests" name="[70] /home/travis/build/icyphy/ptII/ptolemy/domains/de/test/auto/TimingParadox.xml (RunModel)" time="0.379" />
  <testcase classname="ptolemy.util.test.junit.AutoTests" name="[71] /home/travis/build/icyphy/ptII/ptolemy/domains/de/test/auto/TransferInputs.xml (RunModel)" time="0.014" />
  <testcase classname="ptolemy.util.test.junit.AutoTests" name="[72] /home/travis/build/icyphy/ptII/ptolemy/domains/de/test/auto/TransferOutputs2.xml (RunModel)" time="0.018" />
  <testcase classname="ptolemy.util.test.junit.AutoTests" name="[73] /home/travis/build/icyphy/ptII/ptolemy/domains/de/test/auto/Trilateration.xml (RunModel)" time="12.102" />
  <testcase classname="ptolemy.util.test.junit.AutoTests" name="[74] /home/travis/build/icyphy/ptII/ptolemy/domains/de/test/auto/TwoSigmaDelta.xml (RunModel)" time="1.95" />
  <testcase classname="ptolemy.util.test.junit.AutoTests" name="[75] /home/travis/build/icyphy/ptII/ptolemy/domains/de/test/auto/VariableDelay.xml (RunModel)" time="0.017" />
  <testcase classname="ptolemy.util.test.junit.AutoTests" name="[76] /home/travis/build/icyphy/ptII/ptolemy/domains/de/test/auto/VariableDelay2.xml (RunModel)" time="0.009" />
  <testcase classname="ptolemy.util.test.junit.AutoTests" name="[77] /home/travis/build/icyphy/ptII/ptolemy/domains/de/test/auto/VariableDelayZeroDelay.xml (RunModel)" time="0.014" />
  <testcase classname="ptolemy.util.test.junit.AutoTests" name="[78] /home/travis/build/icyphy/ptII/ptolemy/domains/de/test/auto/VariableDelayZeroDelay2.xml (RunModel)" time="0.015" />
  <testcase classname="ptolemy.util.test.junit.AutoTests" name="[79] /home/travis/build/icyphy/ptII/ptolemy/domains/de/test/auto/deInCt.xml (RunModel)" time="0.018" />
  <testcase classname="ptolemy.util.test.junit.AutoTests" name="[80] /home/travis/build/icyphy/ptII/ptolemy/domains/de/test/auto/deInCt2.xml (RunModel)" time="0.019" />
  <testcase classname="ptolemy.util.test.junit.AutoTests" name="[81] /home/travis/build/icyphy/ptII/ptolemy/domains/de/test/auto/dynamicCausalityInterface1.xml (RunModel)" time="0.017" />
  <testcase classname="ptolemy.util.test.junit.AutoTests" name="[82] /home/travis/build/icyphy/ptII/ptolemy/domains/de/test/auto/fsm_de_test.xml (RunModel)" time="0.029" />
  <testcase classname="ptolemy.util.test.junit.AutoTests" name="[83] /home/travis/build/icyphy/ptII/ptolemy/domains/de/test/auto/functionDependencyReconstruction.xml (RunModel)" time="0.03" />
  <testcase classname="ptolemy.util.test.junit.AutoTests" name="[84] /home/travis/build/icyphy/ptII/ptolemy/domains/de/test/auto/multirate.xml (RunModel)" time="0.016" />
  <testcase classname="ptolemy.util.test.junit.AutoTests" name="[85] /home/travis/build/icyphy/ptII/ptolemy/domains/de/test/auto/multirate2.xml (RunModel)" time="0.015" />
  <testcase classname="ptolemy.util.test.junit.AutoTests" name="[86] /home/travis/build/icyphy/ptII/ptolemy/domains/de/test/auto/realtime.xml (RunModel)" time="10.01" />
  <testcase classname="ptolemy.util.test.junit.AutoTests" name="[87] /home/travis/build/icyphy/ptII/ptolemy/domains/de/test/auto/relationGroup.xml (RunModel)" time="0.007" />
  <testcase classname="ptolemy.util.test.junit.AutoTests" name="[88] /home/travis/build/icyphy/ptII/ptolemy/domains/de/test/auto/relationGroup2.xml (RunModel)" time="0.01" />
  <testcase classname="ptolemy.util.test.junit.AutoTests" name="[89] /home/travis/build/icyphy/ptII/ptolemy/domains/de/test/auto/sortWithOpaquePorts.xml (RunModel)" time="0.015" />
  <testcase classname="ptolemy.util.test.junit.AutoTests" name="[90] /home/travis/build/icyphy/ptII/ptolemy/domains/de/test/auto/transferInputsandOutputs.xml (RunModel)" time="0.013" />
  <testcase classname="ptolemy.util.test.junit.AutoTests" name="[91] /home/travis/build/icyphy/ptII/ptolemy/domains/de/test/auto/triggerType.xml (RunModel)" time="0.008" />
  <system-out><![CDATA[/home/travis/build/icyphy/ptII/ptolemy/domains/de/test/DependencyLoop.tcl
testDefs.tcl: setting time out to 9000 seconds at Mon Dec 10 02:59:34 UTC 2018
13 ms. Memory: 116224K Free: 93478K (80%)
7 ms. Memory: 146944K Free: 135485K (92%)
/home/travis/build/icyphy/ptII/ptolemy/domains/de/test/RunDETestsAsQSS.tcl
Run the DE tests using ptolemy.domains.qss.test.QSSDirectorTest, which extends QSSDirector and prints a message in the constructors.
------------------ testing $PTII/ptolemy/domains/de/test/auto/knownFailedTests/dependencyLoop.xml (Known Failure) 
6 ms. Memory: 146944K Free: 132373K (90%)


==== $PTIIhome/travis/build/icyphy/ptII/ptolemy/domains/de/test/../../../../: Auto Automatic test in file $PTII/ptolemy/domains/de/test/auto/knownFailedTests/dependencyLoop.xml
==== Contents of test case:

	    # FIXME: we should use $relativeFilename here, but it
	    # might have backslashes under Windows, which causes no end
	    # of trouble.
	    createAndExecute $file
	    list {}
	
.... Test generated KNOWN error:
    while executing
ptolemy.kernel.util.IllegalActionException: Found a zero delay loop containing .dependencyLoop.original
  in .dependencyLoop and .dependencyLoop.original
	at ptolemy.actor.util.CausalityInterfaceForComposites._computeOutputPortDepth(CausalityInterfaceForComposites.java:759)
	at ptolemy.actor.util.CausalityInterfaceForComposites._computeInputDepth(CausalityInterfaceForComposites.java:696)
	at ptolemy.actor.util.CausalityInterfaceForComposites._computeOutputPortDepth(CausalityInterfaceForComposites.java:765)
	at ptolemy.actor.util.CausalityInterfaceForComposites._computeInputDepth(CausalityInterfaceForComposites.java:696)
	at ptolemy.actor.util.CausalityInterfaceForComposites._computeOutputPortDepth(CausalityInterfaceForComposites.java:765)
	at ptolemy.actor.util.CausalityInterfaceForComposites._computeInputDepth(CausalityInterfaceForComposites.java:696)
	at ptolemy.actor.util.CausalityInterfaceForComposites._computeActorDepth(CausalityInterfaceForComposites.java:532)
	at ptolemy.actor.util.CausalityInterfaceForComposites.checkForCycles(CausalityInterfaceForComposites.java:96)
	at ptolemy.domains.de.kernel.DEDirector.preinitialize(DEDirector.java:1338)
	at ptolemy.actor.CompositeActor.preinitialize(CompositeActor.java:1828)
	at ptolemy.actor.Manager.preinitializeAndResolveTypes(Manager.java:1040)
	at ptolemy.actor.Manager.initialize(Manager.java:710)
	at ptolemy.actor.Manager.execute(Manager.java:356)
	at ptolemy.actor.Manager.run(Manager.java:1263)
	at ptolemy.actor.Manager$PtolemyRunThread.run(Manager.java:1915)

    while executing
ptolemy.kernel.util.IllegalActionException: Found a zero delay loop containing .dependencyLoop.original
  in .dependencyLoop and .dependencyLoop.original
    while executing
"java::new ptolemy.moml.MoMLSimpleApplication $file
"
    (procedure "createAndExecute" line 2)
    invoked from within
"createAndExecute $file"
    ("uplevel" body line 5)
    invoked from within
"uplevel $contents_of_test"
------------------ testing $PTII/ptolemy/domains/de/test/auto/knownFailedTests/DESDFClockTest.xml (Known Failure) 
2067 ms. Memory: 146944K Free: 116641K (79%)


==== $PTIIhome/travis/build/icyphy/ptII/ptolemy/domains/de/test/../../../../: Auto Automatic test in file $PTII/ptolemy/domains/de/test/auto/knownFailedTests/DESDFClockTest.xml
==== Contents of test case:

	    # FIXME: we should use $relativeFilename here, but it
	    # might have backslashes under Windows, which causes no end
	    # of trouble.
	    createAndExecute $file
	    list {}
	
.... Test generated KNOWN error:
    while executing
ptolemy.kernel.util.IllegalActionException: Actor is not ready to fire.  Perhaps UpSample.prefire() returned false? Try debugging the actor by selecting "Listen to Actor".  Also, for SDF check moml for tokenConsumptionRate on input.
  in .DESDFClockTest.Play Bell.Copy1:SDF Director and .DESDFClockTest.Play Bell.UpSample
	at ptolemy.actor.sched.StaticSchedulingDirector.fire(StaticSchedulingDirector.java:227)
	at ptolemy.domains.sdf.kernel.SDFDirector.fire(SDFDirector.java:500)
	at ptolemy.actor.CompositeActor.fire(CompositeActor.java:455)
	at ptolemy.domains.de.kernel.DEDirector._fire(DEDirector.java:1949)
	at ptolemy.domains.de.kernel.DEDirector.fire(DEDirector.java:502)
	at ptolemy.actor.CompositeActor.fire(CompositeActor.java:455)
	at ptolemy.actor.Manager.iterate(Manager.java:851)
	at ptolemy.actor.Manager.execute(Manager.java:369)
	at ptolemy.actor.Manager.run(Manager.java:1263)
	at ptolemy.actor.Manager$PtolemyRunThread.run(Manager.java:1915)

    while executing
ptolemy.kernel.util.IllegalActionException: Actor is not ready to fire.  Perhaps UpSample.prefire() returned false? Try debugging the actor by selecting "Listen to Actor".  Also, for SDF check moml for tokenConsumptionRate on input.
  in .DESDFClockTest.Play Bell.Copy1:SDF Director and .DESDFClockTest.Play Bell.UpSample
    while executing
"java::new ptolemy.moml.MoMLSimpleApplication $file
"
    (procedure "createAndExecute" line 2)
    invoked from within
"createAndExecute $file"
    ("uplevel" body line 5)
    invoked from within
"uplevel $contents_of_test"
------------------ testing $PTII/ptolemy/domains/de/test/auto/knownFailedTests/FSMSource.xml (Known Failure) 
19 ms. Memory: 146944K Free: 107761K (73%)
!!!! Auto was marked as failing, but now passes
------------------ testing $PTII/ptolemy/domains/de/test/auto/knownFailedTests/dependencyLoop2.xml (Known Failure) 
5 ms. Memory: 146944K Free: 105878K (72%)


==== $PTIIhome/travis/build/icyphy/ptII/ptolemy/domains/de/test/../../../../: Auto Automatic test in file $PTII/ptolemy/domains/de/test/auto/knownFailedTests/dependencyLoop2.xml
==== Contents of test case:

	    # FIXME: we should use $relativeFilename here, but it
	    # might have backslashes under Windows, which causes no end
	    # of trouble.
	    createAndExecute $file
	    list {}
	
.... Test generated KNOWN error:
    while executing
ptolemy.kernel.util.IllegalActionException: Found a zero delay loop containing .dependencyLoop2.original
  in .dependencyLoop2 and .dependencyLoop2.original
	at ptolemy.actor.util.CausalityInterfaceForComposites._computeOutputPortDepth(CausalityInterfaceForComposites.java:759)
	at ptolemy.actor.util.CausalityInterfaceForComposites._computeInputDepth(CausalityInterfaceForComposites.java:696)
	at ptolemy.actor.util.CausalityInterfaceForComposites._computeOutputPortDepth(CausalityInterfaceForComposites.java:765)
	at ptolemy.actor.util.CausalityInterfaceForComposites._computeInputDepth(CausalityInterfaceForComposites.java:696)
	at ptolemy.actor.util.CausalityInterfaceForComposites._computeOutputPortDepth(CausalityInterfaceForComposites.java:765)
	at ptolemy.actor.util.CausalityInterfaceForComposites._computeInputDepth(CausalityInterfaceForComposites.java:696)
	at ptolemy.actor.util.CausalityInterfaceForComposites._computeActorDepth(CausalityInterfaceForComposites.java:532)
	at ptolemy.actor.util.CausalityInterfaceForComposites.checkForCycles(CausalityInterfaceForComposites.java:96)
	at ptolemy.domains.de.kernel.DEDirector.preinitialize(DEDirector.java:1338)
	at ptolemy.actor.CompositeActor.preinitialize(CompositeActor.java:1828)
	at ptolemy.actor.Manager.preinitializeAndResolveTypes(Manager.java:1040)
	at ptolemy.actor.Manager.initialize(Manager.java:710)
	at ptolemy.actor.Manager.execute(Manager.java:356)
	at ptolemy.actor.Manager.run(Manager.java:1263)
	at ptolemy.actor.Manager$PtolemyRunThread.run(Manager.java:1915)

    while executing
ptolemy.kernel.util.IllegalActionException: Found a zero delay loop containing .dependencyLoop2.original
  in .dependencyLoop2 and .dependencyLoop2.original
    while executing
"java::new ptolemy.moml.MoMLSimpleApplication $file
"
    (procedure "createAndExecute" line 2)
    invoked from within
"createAndExecute $file"
    ("uplevel" body line 5)
    invoked from within
"uplevel $contents_of_test"
------------------ testing $PTII/ptolemy/domains/de/test/auto/knownFailedTests/HierarchicalModel.xml (Known Failure) 
5 ms. Memory: 146944K Free: 84269K (57%)


==== $PTIIhome/travis/build/icyphy/ptII/ptolemy/domains/de/test/../../../../: Auto Automatic test in file $PTII/ptolemy/domains/de/test/auto/knownFailedTests/HierarchicalModel.xml
==== Contents of test case:

	    # FIXME: we should use $relativeFilename here, but it
	    # might have backslashes under Windows, which causes no end
	    # of trouble.
	    createAndExecute $file
	    list {}
	
.... Test generated KNOWN error:
    while executing
ptolemy.kernel.util.IllegalActionException: Found a zero delay loop containing .HierarchicalModel.A
  in .HierarchicalModel and .HierarchicalModel.A
	at ptolemy.actor.util.CausalityInterfaceForComposites._computeOutputPortDepth(CausalityInterfaceForComposites.java:759)
	at ptolemy.actor.util.CausalityInterfaceForComposites._computeInputDepth(CausalityInterfaceForComposites.java:696)
	at ptolemy.actor.util.CausalityInterfaceForComposites._computeOutputPortDepth(CausalityInterfaceForComposites.java:765)
	at ptolemy.actor.util.CausalityInterfaceForComposites._computeInputDepth(CausalityInterfaceForComposites.java:696)
	at ptolemy.actor.util.CausalityInterfaceForComposites._computeOutputPortDepth(CausalityInterfaceForComposites.java:765)
	at ptolemy.actor.util.CausalityInterfaceForComposites._computeInputDepth(CausalityInterfaceForComposites.java:696)
	at ptolemy.actor.util.CausalityInterfaceForComposites._computeActorDepth(CausalityInterfaceForComposites.java:532)
	at ptolemy.actor.util.CausalityInterfaceForComposites.checkForCycles(CausalityInterfaceForComposites.java:96)
	at ptolemy.domains.de.kernel.DEDirector.preinitialize(DEDirector.java:1338)
	at ptolemy.actor.CompositeActor.preinitialize(CompositeActor.java:1828)
	at ptolemy.actor.Manager.preinitializeAndResolveTypes(Manager.java:1040)
	at ptolemy.actor.Manager.initialize(Manager.java:710)
	at ptolemy.actor.Manager.execute(Manager.java:356)
	at ptolemy.actor.Manager.run(Manager.java:1263)
	at ptolemy.actor.Manager$PtolemyRunThread.run(Manager.java:1915)

    while executing
ptolemy.kernel.util.IllegalActionException: Found a zero delay loop containing .HierarchicalModel.A
  in .HierarchicalModel and .HierarchicalModel.A
    while executing
"java::new ptolemy.moml.MoMLSimpleApplication $file
"
    (procedure "createAndExecute" line 2)
    invoked from within
"createAndExecute $file"
    ("uplevel" body line 5)
    invoked from within
"uplevel $contents_of_test"
------------------ testing $PTII/ptolemy/domains/de/test/auto/knownFailedTests/DirectFeedback.xml (Known Failure) 
4 ms. Memory: 146944K Free: 141157K (96%)


==== $PTIIhome/travis/build/icyphy/ptII/ptolemy/domains/de/test/../../../../: Auto Automatic test in file $PTII/ptolemy/domains/de/test/auto/knownFailedTests/DirectFeedback.xml
==== Contents of test case:

	    # FIXME: we should use $relativeFilename here, but it
	    # might have backslashes under Windows, which causes no end
	    # of trouble.
	    createAndExecute $file
	    list {}
	
.... Test generated KNOWN error:
    while executing
ptolemy.kernel.util.IllegalActionException: Test fails in iteration 1.
Value was: 1.0. Should have been: 2.0
  in .DirectFeedback.Test
	at ptolemy.actor.lib.Test.fire(Test.java:268)
	at ptolemy.domains.de.kernel.DEDirector._fire(DEDirector.java:1949)
	at ptolemy.domains.de.kernel.DEDirector.fire(DEDirector.java:502)
	at ptolemy.actor.CompositeActor.fire(CompositeActor.java:455)
	at ptolemy.actor.Manager.iterate(Manager.java:851)
	at ptolemy.actor.Manager.execute(Manager.java:369)
	at ptolemy.actor.Manager.run(Manager.java:1263)
	at ptolemy.actor.Manager$PtolemyRunThread.run(Manager.java:1915)

    while executing
ptolemy.kernel.util.IllegalActionException: Test fails in iteration 1.
Value was: 1.0. Should have been: 2.0
  in .DirectFeedback.Test
    while executing
"java::new ptolemy.moml.MoMLSimpleApplication $file
"
    (procedure "createAndExecute" line 2)
    invoked from within
"createAndExecute $file"
    ("uplevel" body line 5)
    invoked from within
"uplevel $contents_of_test"
------------------ testing $PTII/ptolemy/domains/de/test/auto/ActorDepthCalculation_actorWithoutPorts.xml
auto.tcl: Setting watchdog for 200 seconds at Mon Dec 10 02:59:37 UTC 2018
8 ms. Memory: 146944K Free: 132505K (90%)
ptolemy.util.test.WatchDog.cancel(): canceling Mon Dec 10 02:59:37 UTC 2018
auto.tcl: Setting watchdog for 200 seconds at Mon Dec 10 02:59:37 UTC 2018
4 ms. Memory: 146944K Free: 131473K (89%)
ptolemy.util.test.WatchDog.cancel(): canceling Mon Dec 10 02:59:37 UTC 2018
------------------ testing $PTII/ptolemy/domains/de/test/auto/AssemblyLine.xml
auto.tcl: Setting watchdog for 200 seconds at Mon Dec 10 02:59:38 UTC 2018
16 ms. Memory: 208384K Free: 186549K (90%)
ptolemy.util.test.WatchDog.cancel(): canceling Mon Dec 10 02:59:38 UTC 2018
auto.tcl: Setting watchdog for 200 seconds at Mon Dec 10 02:59:38 UTC 2018
19 ms. Memory: 208384K Free: 182862K (88%)
ptolemy.util.test.WatchDog.cancel(): canceling Mon Dec 10 02:59:38 UTC 2018
------------------ testing $PTII/ptolemy/domains/de/test/auto/CQBug1.xml
auto.tcl: Setting watchdog for 200 seconds at Mon Dec 10 02:59:38 UTC 2018
4 ms. Memory: 208384K Free: 197718K (95%)
ptolemy.util.test.WatchDog.cancel(): canceling Mon Dec 10 02:59:38 UTC 2018
auto.tcl: Setting watchdog for 200 seconds at Mon Dec 10 02:59:38 UTC 2018
2 ms. Memory: 208384K Free: 197718K (95%)
ptolemy.util.test.WatchDog.cancel(): canceling Mon Dec 10 02:59:38 UTC 2018
------------------ testing $PTII/ptolemy/domains/de/test/auto/CancelFireAt.xml
auto.tcl: Setting watchdog for 200 seconds at Mon Dec 10 02:59:38 UTC 2018
3 ms. Memory: 208384K Free: 201431K (97%)
ptolemy.util.test.WatchDog.cancel(): canceling Mon Dec 10 02:59:38 UTC 2018
auto.tcl: Setting watchdog for 200 seconds at Mon Dec 10 02:59:38 UTC 2018
2 ms. Memory: 208384K Free: 199340K (96%)
ptolemy.util.test.WatchDog.cancel(): canceling Mon Dec 10 02:59:38 UTC 2018
------------------ testing $PTII/ptolemy/domains/de/test/auto/CausalityAndComposabilityAnalysis.xml
auto.tcl: Setting watchdog for 200 seconds at Mon Dec 10 02:59:38 UTC 2018
14 ms. Memory: 208384K Free: 196846K (94%)
ptolemy.util.test.WatchDog.cancel(): canceling Mon Dec 10 02:59:38 UTC 2018
auto.tcl: Setting watchdog for 200 seconds at Mon Dec 10 02:59:38 UTC 2018
6 ms. Memory: 208384K Free: 196846K (94%)
ptolemy.util.test.WatchDog.cancel(): canceling Mon Dec 10 02:59:38 UTC 2018
------------------ testing $PTII/ptolemy/domains/de/test/auto/CausalityInterface1.xml
auto.tcl: Setting watchdog for 200 seconds at Mon Dec 10 02:59:38 UTC 2018
15 ms. Memory: 208384K Free: 196446K (94%)
ptolemy.util.test.WatchDog.cancel(): canceling Mon Dec 10 02:59:38 UTC 2018
auto.tcl: Setting watchdog for 200 seconds at Mon Dec 10 02:59:38 UTC 2018
5 ms. Memory: 208384K Free: 196446K (94%)
ptolemy.util.test.WatchDog.cancel(): canceling Mon Dec 10 02:59:38 UTC 2018
------------------ testing $PTII/ptolemy/domains/de/test/auto/CausalityInterface15.xml
auto.tcl: Setting watchdog for 200 seconds at Mon Dec 10 02:59:38 UTC 2018
10 ms. Memory: 208384K Free: 196437K (94%)
ptolemy.util.test.WatchDog.cancel(): canceling Mon Dec 10 02:59:38 UTC 2018
auto.tcl: Setting watchdog for 200 seconds at Mon Dec 10 02:59:38 UTC 2018
4 ms. Memory: 208384K Free: 194346K (93%)
ptolemy.util.test.WatchDog.cancel(): canceling Mon Dec 10 02:59:38 UTC 2018
------------------ testing $PTII/ptolemy/domains/de/test/auto/CausalityInterface2.xml
auto.tcl: Setting watchdog for 200 seconds at Mon Dec 10 02:59:38 UTC 2018
9 ms. Memory: 208384K Free: 196421K (94%)
ptolemy.util.test.WatchDog.cancel(): canceling Mon Dec 10 02:59:38 UTC 2018
auto.tcl: Setting watchdog for 200 seconds at Mon Dec 10 02:59:38 UTC 2018
3 ms. Memory: 208384K Free: 196421K (94%)
ptolemy.util.test.WatchDog.cancel(): canceling Mon Dec 10 02:59:38 UTC 2018
------------------ testing $PTII/ptolemy/domains/de/test/auto/CausalityInterface3.xml
auto.tcl: Setting watchdog for 200 seconds at Mon Dec 10 02:59:38 UTC 2018
12 ms. Memory: 208384K Free: 196432K (94%)
ptolemy.util.test.WatchDog.cancel(): canceling Mon Dec 10 02:59:38 UTC 2018
auto.tcl: Setting watchdog for 200 seconds at Mon Dec 10 02:59:38 UTC 2018
4 ms. Memory: 208384K Free: 196432K (94%)
ptolemy.util.test.WatchDog.cancel(): canceling Mon Dec 10 02:59:39 UTC 2018
------------------ testing $PTII/ptolemy/domains/de/test/auto/ClockDrift.xml
auto.tcl: Setting watchdog for 200 seconds at Mon Dec 10 02:59:39 UTC 2018
92 ms. Memory: 208384K Free: 187689K (90%)
ptolemy.util.test.WatchDog.cancel(): canceling Mon Dec 10 02:59:39 UTC 2018
auto.tcl: Setting watchdog for 200 seconds at Mon Dec 10 02:59:39 UTC 2018
49 ms. Memory: 208384K Free: 185598K (89%)
ptolemy.util.test.WatchDog.cancel(): canceling Mon Dec 10 02:59:39 UTC 2018
------------------ testing $PTII/ptolemy/domains/de/test/auto/ClockDriftAndValueChange.xml
auto.tcl: Setting watchdog for 200 seconds at Mon Dec 10 02:59:39 UTC 2018
26 ms. Memory: 208384K Free: 187521K (90%)
ptolemy.util.test.WatchDog.cancel(): canceling Mon Dec 10 02:59:39 UTC 2018
auto.tcl: Setting watchdog for 200 seconds at Mon Dec 10 02:59:39 UTC 2018
29 ms. Memory: 208384K Free: 185430K (89%)
ptolemy.util.test.WatchDog.cancel(): canceling Mon Dec 10 02:59:39 UTC 2018
------------------ testing $PTII/ptolemy/domains/de/test/auto/ClockDriftChange.xml
auto.tcl: Setting watchdog for 200 seconds at Mon Dec 10 02:59:39 UTC 2018
35 ms. Memory: 208384K Free: 190838K (92%)
ptolemy.util.test.WatchDog.cancel(): canceling Mon Dec 10 02:59:39 UTC 2018
auto.tcl: Setting watchdog for 200 seconds at Mon Dec 10 02:59:39 UTC 2018
24 ms. Memory: 208384K Free: 188746K (91%)
ptolemy.util.test.WatchDog.cancel(): canceling Mon Dec 10 02:59:39 UTC 2018
------------------ testing $PTII/ptolemy/domains/de/test/auto/ComposableCausalityAnalysis.xml
auto.tcl: Setting watchdog for 200 seconds at Mon Dec 10 02:59:39 UTC 2018
2 ms. Memory: 208384K Free: 196625K (94%)
ptolemy.util.test.WatchDog.cancel(): canceling Mon Dec 10 02:59:39 UTC 2018
auto.tcl: Setting watchdog for 200 seconds at Mon Dec 10 02:59:39 UTC 2018
3 ms. Memory: 208384K Free: 194195K (93%)
ptolemy.util.test.WatchDog.cancel(): canceling Mon Dec 10 02:59:39 UTC 2018
------------------ testing $PTII/ptolemy/domains/de/test/auto/DEFixedPointLimitation.xml
auto.tcl: Setting watchdog for 200 seconds at Mon Dec 10 02:59:39 UTC 2018
2 ms. Memory: 208384K Free: 196165K (94%)
ptolemy.util.test.WatchDog.cancel(): canceling Mon Dec 10 02:59:39 UTC 2018
auto.tcl: Setting watchdog for 200 seconds at Mon Dec 10 02:59:39 UTC 2018
1 ms. Memory: 208384K Free: 196165K (94%)
ptolemy.util.test.WatchDog.cancel(): canceling Mon Dec 10 02:59:39 UTC 2018
------------------ testing $PTII/ptolemy/domains/de/test/auto/DEScheduleTest.xml
auto.tcl: Setting watchdog for 200 seconds at Mon Dec 10 02:59:39 UTC 2018
3 ms. Memory: 208384K Free: 198291K (95%)
ptolemy.util.test.WatchDog.cancel(): canceling Mon Dec 10 02:59:39 UTC 2018
auto.tcl: Setting watchdog for 200 seconds at Mon Dec 10 02:59:39 UTC 2018
5 ms. Memory: 208384K Free: 196199K (94%)
ptolemy.util.test.WatchDog.cancel(): canceling Mon Dec 10 02:59:39 UTC 2018
------------------ testing $PTII/ptolemy/domains/de/test/auto/DEinDEwithStartTimes.xml
auto.tcl: Setting watchdog for 200 seconds at Mon Dec 10 02:59:39 UTC 2018
6 ms. Memory: 208384K Free: 196169K (94%)
ptolemy.util.test.WatchDog.cancel(): canceling Mon Dec 10 02:59:39 UTC 2018
auto.tcl: Setting watchdog for 200 seconds at Mon Dec 10 02:59:39 UTC 2018
3 ms. Memory: 208384K Free: 194077K (93%)
ptolemy.util.test.WatchDog.cancel(): canceling Mon Dec 10 02:59:39 UTC 2018
------------------ testing $PTII/ptolemy/domains/de/test/auto/DEinDEwithStartTimes2.xml
auto.tcl: Setting watchdog for 200 seconds at Mon Dec 10 02:59:39 UTC 2018
4 ms. Memory: 208384K Free: 196149K (94%)
ptolemy.util.test.WatchDog.cancel(): canceling Mon Dec 10 02:59:40 UTC 2018
auto.tcl: Setting watchdog for 200 seconds at Mon Dec 10 02:59:40 UTC 2018
4 ms. Memory: 208384K Free: 194057K (93%)
ptolemy.util.test.WatchDog.cancel(): canceling Mon Dec 10 02:59:40 UTC 2018
------------------ testing $PTII/ptolemy/domains/de/test/auto/DateDemo.xml
auto.tcl: Setting watchdog for 200 seconds at Mon Dec 10 02:59:40 UTC 2018
7 ms. Memory: 208384K Free: 188612K (91%)
ptolemy.util.test.WatchDog.cancel(): canceling Mon Dec 10 02:59:40 UTC 2018
auto.tcl: Setting watchdog for 200 seconds at Mon Dec 10 02:59:40 UTC 2018
5 ms. Memory: 208384K Free: 186521K (90%)
ptolemy.util.test.WatchDog.cancel(): canceling Mon Dec 10 02:59:40 UTC 2018
------------------ testing $PTII/ptolemy/domains/de/test/auto/DateToEvent.xml
auto.tcl: Setting watchdog for 200 seconds at Mon Dec 10 02:59:40 UTC 2018
2019 ms. Memory: 208384K Free: 183350K (88%)
ptolemy.util.test.WatchDog.cancel(): canceling Mon Dec 10 02:59:42 UTC 2018
auto.tcl: Setting watchdog for 200 seconds at Mon Dec 10 02:59:42 UTC 2018
2005 ms. Memory: 208384K Free: 180893K (87%)
ptolemy.util.test.WatchDog.cancel(): canceling Mon Dec 10 02:59:44 UTC 2018
------------------ testing $PTII/ptolemy/domains/de/test/auto/DepthTest1.xml
auto.tcl: Setting watchdog for 200 seconds at Mon Dec 10 02:59:44 UTC 2018
3 ms. Memory: 208384K Free: 197819K (95%)
ptolemy.util.test.WatchDog.cancel(): canceling Mon Dec 10 02:59:44 UTC 2018
auto.tcl: Setting watchdog for 200 seconds at Mon Dec 10 02:59:44 UTC 2018
2 ms. Memory: 208384K Free: 197819K (95%)
ptolemy.util.test.WatchDog.cancel(): canceling Mon Dec 10 02:59:44 UTC 2018
------------------ testing $PTII/ptolemy/domains/de/test/auto/DepthTest2.xml
auto.tcl: Setting watchdog for 200 seconds at Mon Dec 10 02:59:44 UTC 2018
8 ms. Memory: 208384K Free: 194037K (93%)
ptolemy.util.test.WatchDog.cancel(): canceling Mon Dec 10 02:59:44 UTC 2018
auto.tcl: Setting watchdog for 200 seconds at Mon Dec 10 02:59:44 UTC 2018
5 ms. Memory: 208384K Free: 194037K (93%)
ptolemy.util.test.WatchDog.cancel(): canceling Mon Dec 10 02:59:44 UTC 2018
------------------ testing $PTII/ptolemy/domains/de/test/auto/DepthTest3.xml
auto.tcl: Setting watchdog for 200 seconds at Mon Dec 10 02:59:44 UTC 2018
3 ms. Memory: 208384K Free: 198154K (95%)
ptolemy.util.test.WatchDog.cancel(): canceling Mon Dec 10 02:59:44 UTC 2018
auto.tcl: Setting watchdog for 200 seconds at Mon Dec 10 02:59:44 UTC 2018
1 ms. Memory: 208384K Free: 198154K (95%)
ptolemy.util.test.WatchDog.cancel(): canceling Mon Dec 10 02:59:44 UTC 2018
------------------ testing $PTII/ptolemy/domains/de/test/auto/DepthTest4.xml
auto.tcl: Setting watchdog for 200 seconds at Mon Dec 10 02:59:44 UTC 2018
5 ms. Memory: 208384K Free: 196149K (94%)
ptolemy.util.test.WatchDog.cancel(): canceling Mon Dec 10 02:59:44 UTC 2018
auto.tcl: Setting watchdog for 200 seconds at Mon Dec 10 02:59:44 UTC 2018
2 ms. Memory: 208384K Free: 196149K (94%)
ptolemy.util.test.WatchDog.cancel(): canceling Mon Dec 10 02:59:44 UTC 2018
------------------ testing $PTII/ptolemy/domains/de/test/auto/DepthTest5.xml
auto.tcl: Setting watchdog for 200 seconds at Mon Dec 10 02:59:44 UTC 2018
3 ms. Memory: 208384K Free: 196096K (94%)
ptolemy.util.test.WatchDog.cancel(): canceling Mon Dec 10 02:59:44 UTC 2018
auto.tcl: Setting watchdog for 200 seconds at Mon Dec 10 02:59:44 UTC 2018
2 ms. Memory: 208384K Free: 196096K (94%)
ptolemy.util.test.WatchDog.cancel(): canceling Mon Dec 10 02:59:44 UTC 2018
------------------ testing $PTII/ptolemy/domains/de/test/auto/DepthTest6.xml
auto.tcl: Setting watchdog for 200 seconds at Mon Dec 10 02:59:44 UTC 2018
6 ms. Memory: 208384K Free: 196409K (94%)
ptolemy.util.test.WatchDog.cancel(): canceling Mon Dec 10 02:59:44 UTC 2018
auto.tcl: Setting watchdog for 200 seconds at Mon Dec 10 02:59:44 UTC 2018
2 ms. Memory: 208384K Free: 196409K (94%)
ptolemy.util.test.WatchDog.cancel(): canceling Mon Dec 10 02:59:44 UTC 2018
------------------ testing $PTII/ptolemy/domains/de/test/auto/DepthTest7.xml
auto.tcl: Setting watchdog for 200 seconds at Mon Dec 10 02:59:44 UTC 2018
6 ms. Memory: 208384K Free: 196054K (94%)
ptolemy.util.test.WatchDog.cancel(): canceling Mon Dec 10 02:59:44 UTC 2018
auto.tcl: Setting watchdog for 200 seconds at Mon Dec 10 02:59:44 UTC 2018
2 ms. Memory: 208384K Free: 196054K (94%)
ptolemy.util.test.WatchDog.cancel(): canceling Mon Dec 10 02:59:44 UTC 2018
------------------ testing $PTII/ptolemy/domains/de/test/auto/EventToDate.xml
auto.tcl: Setting watchdog for 200 seconds at Mon Dec 10 02:59:44 UTC 2018
3005 ms. Memory: 208384K Free: 185616K (89%)
ptolemy.util.test.WatchDog.cancel(): canceling Mon Dec 10 02:59:47 UTC 2018
auto.tcl: Setting watchdog for 200 seconds at Mon Dec 10 02:59:47 UTC 2018
3004 ms. Memory: 208384K Free: 185616K (89%)
ptolemy.util.test.WatchDog.cancel(): canceling Mon Dec 10 02:59:50 UTC 2018
------------------ testing $PTII/ptolemy/domains/de/test/auto/FSM1.xml
auto.tcl: Setting watchdog for 200 seconds at Mon Dec 10 02:59:50 UTC 2018
16 ms. Memory: 208384K Free: 189066K (91%)
ptolemy.util.test.WatchDog.cancel(): canceling Mon Dec 10 02:59:50 UTC 2018
auto.tcl: Setting watchdog for 200 seconds at Mon Dec 10 02:59:50 UTC 2018
15 ms. Memory: 208384K Free: 184874K (89%)
ptolemy.util.test.WatchDog.cancel(): canceling Mon Dec 10 02:59:50 UTC 2018
------------------ testing $PTII/ptolemy/domains/de/test/auto/FSM7.xml
auto.tcl: Setting watchdog for 200 seconds at Mon Dec 10 02:59:51 UTC 2018
28 ms. Memory: 208384K Free: 187185K (90%)
ptolemy.util.test.WatchDog.cancel(): canceling Mon Dec 10 02:59:51 UTC 2018
auto.tcl: Setting watchdog for 200 seconds at Mon Dec 10 02:59:51 UTC 2018
20 ms. Memory: 208384K Free: 185078K (89%)
ptolemy.util.test.WatchDog.cancel(): canceling Mon Dec 10 02:59:51 UTC 2018
------------------ testing $PTII/ptolemy/domains/de/test/auto/Inspection.xml
auto.tcl: Setting watchdog for 200 seconds at Mon Dec 10 02:59:51 UTC 2018
42 ms. Memory: 208384K Free: 188729K (91%)
ptolemy.util.test.WatchDog.cancel(): canceling Mon Dec 10 02:59:51 UTC 2018
auto.tcl: Setting watchdog for 200 seconds at Mon Dec 10 02:59:51 UTC 2018
26 ms. Memory: 208384K Free: 186621K (90%)
ptolemy.util.test.WatchDog.cancel(): canceling Mon Dec 10 02:59:51 UTC 2018
------------------ testing $PTII/ptolemy/domains/de/test/auto/Iteration.xml
auto.tcl: Setting watchdog for 200 seconds at Mon Dec 10 02:59:51 UTC 2018
13 ms. Memory: 208384K Free: 196182K (94%)
ptolemy.util.test.WatchDog.cancel(): canceling Mon Dec 10 02:59:51 UTC 2018
auto.tcl: Setting watchdog for 200 seconds at Mon Dec 10 02:59:51 UTC 2018
6 ms. Memory: 208384K Free: 194074K (93%)
ptolemy.util.test.WatchDog.cancel(): canceling Mon Dec 10 02:59:51 UTC 2018
------------------ testing $PTII/ptolemy/domains/de/test/auto/LineFault.xml
auto.tcl: Setting watchdog for 200 seconds at Mon Dec 10 02:59:51 UTC 2018
670 ms. Memory: 208384K Free: 196506K (94%)
ptolemy.util.test.WatchDog.cancel(): canceling Mon Dec 10 02:59:52 UTC 2018
auto.tcl: Setting watchdog for 200 seconds at Mon Dec 10 02:59:52 UTC 2018
619 ms. Memory: 208384K Free: 139287K (67%)
ptolemy.util.test.WatchDog.cancel(): canceling Mon Dec 10 02:59:52 UTC 2018
------------------ testing $PTII/ptolemy/domains/de/test/auto/MergeModel1Add.xml
auto.tcl: Setting watchdog for 200 seconds at Mon Dec 10 02:59:53 UTC 2018
29 ms. Memory: 331264K Free: 298603K (90%)
ptolemy.util.test.WatchDog.cancel(): canceling Mon Dec 10 02:59:53 UTC 2018
auto.tcl: Setting watchdog for 200 seconds at Mon Dec 10 02:59:53 UTC 2018
7 ms. Memory: 331264K Free: 298603K (90%)
ptolemy.util.test.WatchDog.cancel(): canceling Mon Dec 10 02:59:53 UTC 2018
------------------ testing $PTII/ptolemy/domains/de/test/auto/MergeModel2Add.xml
auto.tcl: Setting watchdog for 200 seconds at Mon Dec 10 02:59:53 UTC 2018
11 ms. Memory: 331264K Free: 303878K (92%)
ptolemy.util.test.WatchDog.cancel(): canceling Mon Dec 10 02:59:53 UTC 2018
auto.tcl: Setting watchdog for 200 seconds at Mon Dec 10 02:59:53 UTC 2018
7 ms. Memory: 331264K Free: 299909K (91%)
ptolemy.util.test.WatchDog.cancel(): canceling Mon Dec 10 02:59:53 UTC 2018
------------------ testing $PTII/ptolemy/domains/de/test/auto/MergeModel3Add.xml
auto.tcl: Setting watchdog for 200 seconds at Mon Dec 10 02:59:53 UTC 2018
11 ms. Memory: 331264K Free: 303492K (92%)
ptolemy.util.test.WatchDog.cancel(): canceling Mon Dec 10 02:59:53 UTC 2018
auto.tcl: Setting watchdog for 200 seconds at Mon Dec 10 02:59:53 UTC 2018
9 ms. Memory: 331264K Free: 299540K (90%)
ptolemy.util.test.WatchDog.cancel(): canceling Mon Dec 10 02:59:53 UTC 2018
------------------ testing $PTII/ptolemy/domains/de/test/auto/MergeWithoutDiscard.xml
auto.tcl: Setting watchdog for 200 seconds at Mon Dec 10 02:59:53 UTC 2018
6 ms. Memory: 331264K Free: 319600K (96%)
ptolemy.util.test.WatchDog.cancel(): canceling Mon Dec 10 02:59:53 UTC 2018
auto.tcl: Setting watchdog for 200 seconds at Mon Dec 10 02:59:53 UTC 2018
1 ms. Memory: 331264K Free: 315648K (95%)
ptolemy.util.test.WatchDog.cancel(): canceling Mon Dec 10 02:59:53 UTC 2018
------------------ testing $PTII/ptolemy/domains/de/test/auto/Modal1.xml
auto.tcl: Setting watchdog for 200 seconds at Mon Dec 10 02:59:53 UTC 2018
12 ms. Memory: 331264K Free: 309243K (93%)
ptolemy.util.test.WatchDog.cancel(): canceling Mon Dec 10 02:59:53 UTC 2018
auto.tcl: Setting watchdog for 200 seconds at Mon Dec 10 02:59:53 UTC 2018
10 ms. Memory: 331264K Free: 305290K (92%)
ptolemy.util.test.WatchDog.cancel(): canceling Mon Dec 10 02:59:53 UTC 2018
------------------ testing $PTII/ptolemy/domains/de/test/auto/Modal2.xml
auto.tcl: Setting watchdog for 200 seconds at Mon Dec 10 02:59:53 UTC 2018
10 ms. Memory: 331264K Free: 309109K (93%)
ptolemy.util.test.WatchDog.cancel(): canceling Mon Dec 10 02:59:53 UTC 2018
auto.tcl: Setting watchdog for 200 seconds at Mon Dec 10 02:59:53 UTC 2018
10 ms. Memory: 331264K Free: 305156K (92%)
ptolemy.util.test.WatchDog.cancel(): canceling Mon Dec 10 02:59:53 UTC 2018
------------------ testing $PTII/ptolemy/domains/de/test/auto/Modal3.xml
auto.tcl: Setting watchdog for 200 seconds at Mon Dec 10 02:59:53 UTC 2018
14 ms. Memory: 331264K Free: 309138K (93%)
ptolemy.util.test.WatchDog.cancel(): canceling Mon Dec 10 02:59:53 UTC 2018
auto.tcl: Setting watchdog for 200 seconds at Mon Dec 10 02:59:53 UTC 2018
14 ms. Memory: 331264K Free: 305170K (92%)
ptolemy.util.test.WatchDog.cancel(): canceling Mon Dec 10 02:59:53 UTC 2018
------------------ testing $PTII/ptolemy/domains/de/test/auto/Modal4.xml
auto.tcl: Setting watchdog for 200 seconds at Mon Dec 10 02:59:53 UTC 2018
25 ms. Memory: 331264K Free: 309120K (93%)
ptolemy.util.test.WatchDog.cancel(): canceling Mon Dec 10 02:59:53 UTC 2018
auto.tcl: Setting watchdog for 200 seconds at Mon Dec 10 02:59:53 UTC 2018
21 ms. Memory: 331264K Free: 305152K (92%)
ptolemy.util.test.WatchDog.cancel(): canceling Mon Dec 10 02:59:53 UTC 2018
------------------ testing $PTII/ptolemy/domains/de/test/auto/Modal5.xml
auto.tcl: Setting watchdog for 200 seconds at Mon Dec 10 02:59:53 UTC 2018
14 ms. Memory: 331264K Free: 309106K (93%)
ptolemy.util.test.WatchDog.cancel(): canceling Mon Dec 10 02:59:54 UTC 2018
auto.tcl: Setting watchdog for 200 seconds at Mon Dec 10 02:59:54 UTC 2018
12 ms. Memory: 331264K Free: 305138K (92%)
ptolemy.util.test.WatchDog.cancel(): canceling Mon Dec 10 02:59:54 UTC 2018
------------------ testing $PTII/ptolemy/domains/de/test/auto/Modal6.xml
auto.tcl: Setting watchdog for 200 seconds at Mon Dec 10 02:59:54 UTC 2018
10 ms. Memory: 331264K Free: 309088K (93%)
ptolemy.util.test.WatchDog.cancel(): canceling Mon Dec 10 02:59:54 UTC 2018
auto.tcl: Setting watchdog for 200 seconds at Mon Dec 10 02:59:54 UTC 2018
11 ms. Memory: 331264K Free: 305119K (92%)
ptolemy.util.test.WatchDog.cancel(): canceling Mon Dec 10 02:59:54 UTC 2018
------------------ testing $PTII/ptolemy/domains/de/test/auto/Modal7.xml
auto.tcl: Setting watchdog for 200 seconds at Mon Dec 10 02:59:54 UTC 2018
17 ms. Memory: 331264K Free: 309104K (93%)
ptolemy.util.test.WatchDog.cancel(): canceling Mon Dec 10 02:59:54 UTC 2018
auto.tcl: Setting watchdog for 200 seconds at Mon Dec 10 02:59:54 UTC 2018
12 ms. Memory: 331264K Free: 305135K (92%)
ptolemy.util.test.WatchDog.cancel(): canceling Mon Dec 10 02:59:54 UTC 2018
------------------ testing $PTII/ptolemy/domains/de/test/auto/ModalModel.xml
auto.tcl: Setting watchdog for 200 seconds at Mon Dec 10 02:59:54 UTC 2018
200 ms. Memory: 331264K Free: 245356K (74%)
ptolemy.util.test.WatchDog.cancel(): canceling Mon Dec 10 02:59:54 UTC 2018
auto.tcl: Setting watchdog for 200 seconds at Mon Dec 10 02:59:54 UTC 2018
181 ms. Memory: 331264K Free: 189829K (57%)
ptolemy.util.test.WatchDog.cancel(): canceling Mon Dec 10 02:59:54 UTC 2018
------------------ testing $PTII/ptolemy/domains/de/test/auto/ModalSource.xml
auto.tcl: Setting watchdog for 200 seconds at Mon Dec 10 02:59:54 UTC 2018
5 ms. Memory: 331264K Free: 315900K (95%)
ptolemy.util.test.WatchDog.cancel(): canceling Mon Dec 10 02:59:54 UTC 2018
auto.tcl: Setting watchdog for 200 seconds at Mon Dec 10 02:59:54 UTC 2018
5 ms. Memory: 331264K Free: 312366K (94%)
ptolemy.util.test.WatchDog.cancel(): canceling Mon Dec 10 02:59:54 UTC 2018
------------------ testing $PTII/ptolemy/domains/de/test/auto/NonInterruptibleTimerZeroDelay.xml
auto.tcl: Setting watchdog for 200 seconds at Mon Dec 10 02:59:54 UTC 2018
4 ms. Memory: 331264K Free: 320272K (97%)
ptolemy.util.test.WatchDog.cancel(): canceling Mon Dec 10 02:59:54 UTC 2018
auto.tcl: Setting watchdog for 200 seconds at Mon Dec 10 02:59:54 UTC 2018
2 ms. Memory: 331264K Free: 316738K (96%)
ptolemy.util.test.WatchDog.cancel(): canceling Mon Dec 10 02:59:54 UTC 2018
------------------ testing $PTII/ptolemy/domains/de/test/auto/OpenQueueingNetwork.xml
auto.tcl: Setting watchdog for 200 seconds at Mon Dec 10 02:59:54 UTC 2018
2907 ms. Memory: 573952K Free: 413665K (72%)
ptolemy.util.test.WatchDog.cancel(): canceling Mon Dec 10 02:59:57 UTC 2018
auto.tcl: Setting watchdog for 200 seconds at Mon Dec 10 02:59:57 UTC 2018
2664 ms. Memory: 574464K Free: 315797K (55%)
ptolemy.util.test.WatchDog.cancel(): canceling Mon Dec 10 03:00:00 UTC 2018
------------------ testing $PTII/ptolemy/domains/de/test/auto/OpenQueuingNetwork.xml
auto.tcl: Setting watchdog for 200 seconds at Mon Dec 10 03:00:00 UTC 2018
244 ms. Memory: 1064960K Free: 937284K (88%)
ptolemy.util.test.WatchDog.cancel(): canceling Mon Dec 10 03:00:01 UTC 2018
auto.tcl: Setting watchdog for 200 seconds at Mon Dec 10 03:00:01 UTC 2018
244 ms. Memory: 1064960K Free: 880687K (83%)
ptolemy.util.test.WatchDog.cancel(): canceling Mon Dec 10 03:00:01 UTC 2018
------------------ testing $PTII/ptolemy/domains/de/test/auto/PeriodicSampler.xml
auto.tcl: Setting watchdog for 200 seconds at Mon Dec 10 03:00:01 UTC 2018
4 ms. Memory: 1065472K Free: 1025585K (96%)
ptolemy.util.test.WatchDog.cancel(): canceling Mon Dec 10 03:00:01 UTC 2018
auto.tcl: Setting watchdog for 200 seconds at Mon Dec 10 03:00:01 UTC 2018
2 ms. Memory: 1065472K Free: 1025585K (96%)
ptolemy.util.test.WatchDog.cancel(): canceling Mon Dec 10 03:00:01 UTC 2018
------------------ testing $PTII/ptolemy/domains/de/test/auto/PersistentIO.xml
auto.tcl: Setting watchdog for 200 seconds at Mon Dec 10 03:00:01 UTC 2018
5 ms. Memory: 1065472K Free: 1026646K (96%)
ptolemy.util.test.WatchDog.cancel(): canceling Mon Dec 10 03:00:01 UTC 2018
auto.tcl: Setting watchdog for 200 seconds at Mon Dec 10 03:00:01 UTC 2018
3 ms. Memory: 1065472K Free: 1026646K (96%)
ptolemy.util.test.WatchDog.cancel(): canceling Mon Dec 10 03:00:01 UTC 2018
------------------ testing $PTII/ptolemy/domains/de/test/auto/PortParameterResetOnInitialize.xml
auto.tcl: Setting watchdog for 200 seconds at Mon Dec 10 03:00:01 UTC 2018
2 ms. Memory: 1065472K Free: 1035846K (97%)
ptolemy.util.test.WatchDog.cancel(): canceling Mon Dec 10 03:00:01 UTC 2018
auto.tcl: Setting watchdog for 200 seconds at Mon Dec 10 03:00:01 UTC 2018
2 ms. Memory: 1065472K Free: 1035846K (97%)
ptolemy.util.test.WatchDog.cancel(): canceling Mon Dec 10 03:00:01 UTC 2018
------------------ testing $PTII/ptolemy/domains/de/test/auto/PortParameterUpdates.xml
auto.tcl: Setting watchdog for 200 seconds at Mon Dec 10 03:00:01 UTC 2018
3 ms. Memory: 1065472K Free: 1036461K (97%)
ptolemy.util.test.WatchDog.cancel(): canceling Mon Dec 10 03:00:01 UTC 2018
auto.tcl: Setting watchdog for 200 seconds at Mon Dec 10 03:00:01 UTC 2018
6 ms. Memory: 1065472K Free: 1036461K (97%)
ptolemy.util.test.WatchDog.cancel(): canceling Mon Dec 10 03:00:01 UTC 2018
------------------ testing $PTII/ptolemy/domains/de/test/auto/QueueAndServer.xml
auto.tcl: Setting watchdog for 200 seconds at Mon Dec 10 03:00:01 UTC 2018
10 ms. Memory: 1065472K Free: 1035941K (97%)
ptolemy.util.test.WatchDog.cancel(): canceling Mon Dec 10 03:00:01 UTC 2018
auto.tcl: Setting watchdog for 200 seconds at Mon Dec 10 03:00:01 UTC 2018
6 ms. Memory: 1065472K Free: 1035941K (97%)
ptolemy.util.test.WatchDog.cancel(): canceling Mon Dec 10 03:00:01 UTC 2018
------------------ testing $PTII/ptolemy/domains/de/test/auto/Records.xml
auto.tcl: Setting watchdog for 200 seconds at Mon Dec 10 03:00:01 UTC 2018
5 ms. Memory: 1065472K Free: 1035883K (97%)
ptolemy.util.test.WatchDog.cancel(): canceling Mon Dec 10 03:00:01 UTC 2018
auto.tcl: Setting watchdog for 200 seconds at Mon Dec 10 03:00:01 UTC 2018
1 ms. Memory: 1065472K Free: 1035883K (97%)
ptolemy.util.test.WatchDog.cancel(): canceling Mon Dec 10 03:00:01 UTC 2018
------------------ testing $PTII/ptolemy/domains/de/test/auto/ResetTransitionWithStartTime1.xml
auto.tcl: Setting watchdog for 200 seconds at Mon Dec 10 03:00:01 UTC 2018
13 ms. Memory: 1065472K Free: 1036391K (97%)
ptolemy.util.test.WatchDog.cancel(): canceling Mon Dec 10 03:00:01 UTC 2018
auto.tcl: Setting watchdog for 200 seconds at Mon Dec 10 03:00:01 UTC 2018
5 ms. Memory: 1065472K Free: 1035909K (97%)
ptolemy.util.test.WatchDog.cancel(): canceling Mon Dec 10 03:00:01 UTC 2018
------------------ testing $PTII/ptolemy/domains/de/test/auto/ResetTransitionWithStartTime2.xml
auto.tcl: Setting watchdog for 200 seconds at Mon Dec 10 03:00:01 UTC 2018
5 ms. Memory: 1064448K Free: 1035357K (97%)
ptolemy.util.test.WatchDog.cancel(): canceling Mon Dec 10 03:00:01 UTC 2018
auto.tcl: Setting watchdog for 200 seconds at Mon Dec 10 03:00:01 UTC 2018
5 ms. Memory: 1064448K Free: 1035357K (97%)
ptolemy.util.test.WatchDog.cancel(): canceling Mon Dec 10 03:00:01 UTC 2018
------------------ testing $PTII/ptolemy/domains/de/test/auto/ResetTransitionWithStartTime3.xml
auto.tcl: Setting watchdog for 200 seconds at Mon Dec 10 03:00:01 UTC 2018
7 ms. Memory: 1064960K Free: 1035248K (97%)
ptolemy.util.test.WatchDog.cancel(): canceling Mon Dec 10 03:00:01 UTC 2018
auto.tcl: Setting watchdog for 200 seconds at Mon Dec 10 03:00:01 UTC 2018
6 ms. Memory: 1064960K Free: 1035248K (97%)
ptolemy.util.test.WatchDog.cancel(): canceling Mon Dec 10 03:00:01 UTC 2018
------------------ testing $PTII/ptolemy/domains/de/test/auto/ResetTransitionWithStartTime4.xml
auto.tcl: Setting watchdog for 200 seconds at Mon Dec 10 03:00:02 UTC 2018
4 ms. Memory: 1064960K Free: 1015606K (95%)
ptolemy.util.test.WatchDog.cancel(): canceling Mon Dec 10 03:00:02 UTC 2018
auto.tcl: Setting watchdog for 200 seconds at Mon Dec 10 03:00:02 UTC 2018
4 ms. Memory: 1064960K Free: 1015606K (95%)
ptolemy.util.test.WatchDog.cancel(): canceling Mon Dec 10 03:00:02 UTC 2018
------------------ testing $PTII/ptolemy/domains/de/test/auto/ResettableTimer1.xml
auto.tcl: Setting watchdog for 200 seconds at Mon Dec 10 03:00:02 UTC 2018
2 ms. Memory: 1064960K Free: 1035241K (97%)
ptolemy.util.test.WatchDog.cancel(): canceling Mon Dec 10 03:00:02 UTC 2018
auto.tcl: Setting watchdog for 200 seconds at Mon Dec 10 03:00:02 UTC 2018
2 ms. Memory: 1064960K Free: 1035241K (97%)
ptolemy.util.test.WatchDog.cancel(): canceling Mon Dec 10 03:00:02 UTC 2018
------------------ testing $PTII/ptolemy/domains/de/test/auto/ResettableTimer2.xml
auto.tcl: Setting watchdog for 200 seconds at Mon Dec 10 03:00:02 UTC 2018
6 ms. Memory: 1064960K Free: 1035781K (97%)
ptolemy.util.test.WatchDog.cancel(): canceling Mon Dec 10 03:00:02 UTC 2018
auto.tcl: Setting watchdog for 200 seconds at Mon Dec 10 03:00:02 UTC 2018
2 ms. Memory: 1064960K Free: 1035781K (97%)
ptolemy.util.test.WatchDog.cancel(): canceling Mon Dec 10 03:00:02 UTC 2018
------------------ testing $PTII/ptolemy/domains/de/test/auto/ResettableTimer3.xml
auto.tcl: Setting watchdog for 200 seconds at Mon Dec 10 03:00:02 UTC 2018
2 ms. Memory: 1064960K Free: 1035299K (97%)
ptolemy.util.test.WatchDog.cancel(): canceling Mon Dec 10 03:00:02 UTC 2018
auto.tcl: Setting watchdog for 200 seconds at Mon Dec 10 03:00:02 UTC 2018
1 ms. Memory: 1064960K Free: 1035299K (97%)
ptolemy.util.test.WatchDog.cancel(): canceling Mon Dec 10 03:00:02 UTC 2018
------------------ testing $PTII/ptolemy/domains/de/test/auto/ResettableTimer4.xml
auto.tcl: Setting watchdog for 200 seconds at Mon Dec 10 03:00:02 UTC 2018
1 ms. Memory: 1063936K Free: 1034770K (97%)
ptolemy.util.test.WatchDog.cancel(): canceling Mon Dec 10 03:00:02 UTC 2018
auto.tcl: Setting watchdog for 200 seconds at Mon Dec 10 03:00:02 UTC 2018
1 ms. Memory: 1063936K Free: 1034770K (97%)
ptolemy.util.test.WatchDog.cancel(): canceling Mon Dec 10 03:00:02 UTC 2018
------------------ testing $PTII/ptolemy/domains/de/test/auto/ResettableTimer5.xml
auto.tcl: Setting watchdog for 200 seconds at Mon Dec 10 03:00:02 UTC 2018
2 ms. Memory: 1064448K Free: 1035280K (97%)
ptolemy.util.test.WatchDog.cancel(): canceling Mon Dec 10 03:00:02 UTC 2018
auto.tcl: Setting watchdog for 200 seconds at Mon Dec 10 03:00:02 UTC 2018
1 ms. Memory: 1064448K Free: 1035280K (97%)
ptolemy.util.test.WatchDog.cancel(): canceling Mon Dec 10 03:00:02 UTC 2018
------------------ testing $PTII/ptolemy/domains/de/test/auto/ResettableTimer6.xml
auto.tcl: Setting watchdog for 200 seconds at Mon Dec 10 03:00:02 UTC 2018
1 ms. Memory: 1064448K Free: 1024927K (96%)
ptolemy.util.test.WatchDog.cancel(): canceling Mon Dec 10 03:00:02 UTC 2018
auto.tcl: Setting watchdog for 200 seconds at Mon Dec 10 03:00:02 UTC 2018
2 ms. Memory: 1064448K Free: 1024927K (96%)
ptolemy.util.test.WatchDog.cancel(): canceling Mon Dec 10 03:00:02 UTC 2018
------------------ testing $PTII/ptolemy/domains/de/test/auto/ServerZeroDelay.xml
auto.tcl: Setting watchdog for 200 seconds at Mon Dec 10 03:00:02 UTC 2018
3 ms. Memory: 1064448K Free: 1035220K (97%)
ptolemy.util.test.WatchDog.cancel(): canceling Mon Dec 10 03:00:02 UTC 2018
auto.tcl: Setting watchdog for 200 seconds at Mon Dec 10 03:00:02 UTC 2018
2 ms. Memory: 1064448K Free: 1035220K (97%)
ptolemy.util.test.WatchDog.cancel(): canceling Mon Dec 10 03:00:02 UTC 2018
------------------ testing $PTII/ptolemy/domains/de/test/auto/SmartSender.xml
auto.tcl: Setting watchdog for 200 seconds at Mon Dec 10 03:00:02 UTC 2018
3001 ms. Memory: 1064448K Free: 1025396K (96%)
ptolemy.util.test.WatchDog.cancel(): canceling Mon Dec 10 03:00:05 UTC 2018
auto.tcl: Setting watchdog for 200 seconds at Mon Dec 10 03:00:05 UTC 2018
3001 ms. Memory: 1064448K Free: 1025396K (96%)
ptolemy.util.test.WatchDog.cancel(): canceling Mon Dec 10 03:00:08 UTC 2018
------------------ testing $PTII/ptolemy/domains/de/test/auto/ThreadedComposite.xml
auto.tcl: Setting watchdog for 200 seconds at Mon Dec 10 03:00:08 UTC 2018
154 ms. Memory: 1064448K Free: 1005287K (94%)
ptolemy.util.test.WatchDog.cancel(): canceling Mon Dec 10 03:00:08 UTC 2018
auto.tcl: Setting watchdog for 200 seconds at Mon Dec 10 03:00:08 UTC 2018
99 ms. Memory: 1064448K Free: 971482K (91%)
ptolemy.util.test.WatchDog.cancel(): canceling Mon Dec 10 03:00:08 UTC 2018
------------------ testing $PTII/ptolemy/domains/de/test/auto/Time.xml
auto.tcl: Setting watchdog for 200 seconds at Mon Dec 10 03:00:08 UTC 2018
487 ms. Memory: 1064448K Free: 985356K (93%)
ptolemy.util.test.WatchDog.cancel(): canceling Mon Dec 10 03:00:09 UTC 2018
auto.tcl: Setting watchdog for 200 seconds at Mon Dec 10 03:00:09 UTC 2018
439 ms. Memory: 1064448K Free: 928729K (87%)
ptolemy.util.test.WatchDog.cancel(): canceling Mon Dec 10 03:00:09 UTC 2018
------------------ testing $PTII/ptolemy/domains/de/test/auto/TimeDelayZeroDelay.xml
auto.tcl: Setting watchdog for 200 seconds at Mon Dec 10 03:00:09 UTC 2018
2 ms. Memory: 1064448K Free: 1034654K (97%)
ptolemy.util.test.WatchDog.cancel(): canceling Mon Dec 10 03:00:09 UTC 2018
auto.tcl: Setting watchdog for 200 seconds at Mon Dec 10 03:00:09 UTC 2018
2 ms. Memory: 1064448K Free: 1034654K (97%)
ptolemy.util.test.WatchDog.cancel(): canceling Mon Dec 10 03:00:09 UTC 2018
------------------ testing $PTII/ptolemy/domains/de/test/auto/TimerZeroDelay.xml
auto.tcl: Setting watchdog for 200 seconds at Mon Dec 10 03:00:09 UTC 2018
2 ms. Memory: 1063424K Free: 1034156K (97%)
ptolemy.util.test.WatchDog.cancel(): canceling Mon Dec 10 03:00:10 UTC 2018
auto.tcl: Setting watchdog for 200 seconds at Mon Dec 10 03:00:10 UTC 2018
2 ms. Memory: 1063424K Free: 1034156K (97%)
ptolemy.util.test.WatchDog.cancel(): canceling Mon Dec 10 03:00:10 UTC 2018
------------------ testing $PTII/ptolemy/domains/de/test/auto/TimingParadox.xml
auto.tcl: Setting watchdog for 200 seconds at Mon Dec 10 03:00:10 UTC 2018
313 ms. Memory: 1063936K Free: 976380K (92%)
ptolemy.util.test.WatchDog.cancel(): canceling Mon Dec 10 03:00:10 UTC 2018
auto.tcl: Setting watchdog for 200 seconds at Mon Dec 10 03:00:10 UTC 2018
315 ms. Memory: 1063936K Free: 933910K (88%)
ptolemy.util.test.WatchDog.cancel(): canceling Mon Dec 10 03:00:10 UTC 2018
------------------ testing $PTII/ptolemy/domains/de/test/auto/TransferInputs.xml
auto.tcl: Setting watchdog for 200 seconds at Mon Dec 10 03:00:10 UTC 2018
2 ms. Memory: 1063424K Free: 1033073K (97%)
ptolemy.util.test.WatchDog.cancel(): canceling Mon Dec 10 03:00:10 UTC 2018
auto.tcl: Setting watchdog for 200 seconds at Mon Dec 10 03:00:10 UTC 2018
1 ms. Memory: 1063424K Free: 1033073K (97%)
ptolemy.util.test.WatchDog.cancel(): canceling Mon Dec 10 03:00:10 UTC 2018
------------------ testing $PTII/ptolemy/domains/de/test/auto/TransferOutputs2.xml
auto.tcl: Setting watchdog for 200 seconds at Mon Dec 10 03:00:10 UTC 2018
3 ms. Memory: 1063936K Free: 1024872K (96%)
ptolemy.util.test.WatchDog.cancel(): canceling Mon Dec 10 03:00:10 UTC 2018
auto.tcl: Setting watchdog for 200 seconds at Mon Dec 10 03:00:10 UTC 2018
3 ms. Memory: 1063936K Free: 1024872K (96%)
ptolemy.util.test.WatchDog.cancel(): canceling Mon Dec 10 03:00:10 UTC 2018
------------------ testing $PTII/ptolemy/domains/de/test/auto/Trilateration.xml
auto.tcl: Setting watchdog for 200 seconds at Mon Dec 10 03:00:11 UTC 2018
13162 ms. Memory: 976384K Free: 893802K (92%)
ptolemy.util.test.WatchDog.cancel(): canceling Mon Dec 10 03:00:25 UTC 2018
auto.tcl: Setting watchdog for 200 seconds at Mon Dec 10 03:00:25 UTC 2018
10438 ms. Memory: 849408K Free: 736649K (87%)
ptolemy.util.test.WatchDog.cancel(): canceling Mon Dec 10 03:00:35 UTC 2018
------------------ testing $PTII/ptolemy/domains/de/test/auto/TwoSigmaDelta.xml
auto.tcl: Setting watchdog for 200 seconds at Mon Dec 10 03:00:35 UTC 2018
2753 ms. Memory: 853504K Free: 532504K (62%)
ptolemy.util.test.WatchDog.cancel(): canceling Mon Dec 10 03:00:38 UTC 2018
auto.tcl: Setting watchdog for 200 seconds at Mon Dec 10 03:00:38 UTC 2018
2148 ms. Memory: 853504K Free: 302240K (35%)
ptolemy.util.test.WatchDog.cancel(): canceling Mon Dec 10 03:00:40 UTC 2018
------------------ testing $PTII/ptolemy/domains/de/test/auto/VariableDelay.xml
auto.tcl: Setting watchdog for 200 seconds at Mon Dec 10 03:00:40 UTC 2018
2 ms. Memory: 849920K Free: 825029K (97%)
ptolemy.util.test.WatchDog.cancel(): canceling Mon Dec 10 03:00:40 UTC 2018
auto.tcl: Setting watchdog for 200 seconds at Mon Dec 10 03:00:40 UTC 2018
2 ms. Memory: 849920K Free: 825029K (97%)
ptolemy.util.test.WatchDog.cancel(): canceling Mon Dec 10 03:00:40 UTC 2018
------------------ testing $PTII/ptolemy/domains/de/test/auto/VariableDelay2.xml
auto.tcl: Setting watchdog for 200 seconds at Mon Dec 10 03:00:40 UTC 2018
1 ms. Memory: 849408K Free: 824974K (97%)
ptolemy.util.test.WatchDog.cancel(): canceling Mon Dec 10 03:00:40 UTC 2018
auto.tcl: Setting watchdog for 200 seconds at Mon Dec 10 03:00:40 UTC 2018
2 ms. Memory: 849408K Free: 824974K (97%)
ptolemy.util.test.WatchDog.cancel(): canceling Mon Dec 10 03:00:40 UTC 2018
------------------ testing $PTII/ptolemy/domains/de/test/auto/VariableDelayZeroDelay.xml
auto.tcl: Setting watchdog for 200 seconds at Mon Dec 10 03:00:40 UTC 2018
2 ms. Memory: 849408K Free: 824973K (97%)
ptolemy.util.test.WatchDog.cancel(): canceling Mon Dec 10 03:00:40 UTC 2018
auto.tcl: Setting watchdog for 200 seconds at Mon Dec 10 03:00:40 UTC 2018
2 ms. Memory: 849408K Free: 824973K (97%)
ptolemy.util.test.WatchDog.cancel(): canceling Mon Dec 10 03:00:40 UTC 2018
------------------ testing $PTII/ptolemy/domains/de/test/auto/VariableDelayZeroDelay2.xml
auto.tcl: Setting watchdog for 200 seconds at Mon Dec 10 03:00:40 UTC 2018
2 ms. Memory: 852480K Free: 820363K (96%)
ptolemy.util.test.WatchDog.cancel(): canceling Mon Dec 10 03:00:40 UTC 2018
auto.tcl: Setting watchdog for 200 seconds at Mon Dec 10 03:00:40 UTC 2018
2 ms. Memory: 852480K Free: 820363K (96%)
ptolemy.util.test.WatchDog.cancel(): canceling Mon Dec 10 03:00:40 UTC 2018
------------------ testing $PTII/ptolemy/domains/de/test/auto/deInCt.xml
auto.tcl: Setting watchdog for 200 seconds at Mon Dec 10 03:00:40 UTC 2018
0
1
1
1
1
0
0
0
1
1
0
0
0
0
1
1
1
0
0
0
0
0
1
1
1
0
0
0
0
0
0
9 ms. Memory: 849408K Free: 817244K (96%)
ptolemy.util.test.WatchDog.cancel(): canceling Mon Dec 10 03:00:41 UTC 2018
auto.tcl: Setting watchdog for 200 seconds at Mon Dec 10 03:00:41 UTC 2018
0
1
1
1
0
0
0
1
1
1
0
0
0
1
1
1
1
0
0
0
1
1
1
0
0
1
1
1
1
1
1
0
0
0
0
1
1
1
5 ms. Memory: 849408K Free: 817244K (96%)
ptolemy.util.test.WatchDog.cancel(): canceling Mon Dec 10 03:00:41 UTC 2018
------------------ testing $PTII/ptolemy/domains/de/test/auto/deInCt2.xml
auto.tcl: Setting watchdog for 200 seconds at Mon Dec 10 03:00:41 UTC 2018
0
1
1
1
0
0
1
1
1
0
0
1
1
1
0
0
1
1
1
0
0
1
1
1
0
0
1
1
1
0
0
1
1
1
0
0
1
1
1
0
0
0
9 ms. Memory: 852480K Free: 820360K (96%)
ptolemy.util.test.WatchDog.cancel(): canceling Mon Dec 10 03:00:41 UTC 2018
auto.tcl: Setting watchdog for 200 seconds at Mon Dec 10 03:00:41 UTC 2018
0
1
1
1
0
0
1
1
1
0
0
1
1
1
0
0
1
1
1
0
0
1
1
1
0
0
1
1
1
0
0
1
1
1
0
0
1
1
1
0
0
0
5 ms. Memory: 852480K Free: 820360K (96%)
ptolemy.util.test.WatchDog.cancel(): canceling Mon Dec 10 03:00:41 UTC 2018
------------------ testing $PTII/ptolemy/domains/de/test/auto/dynamicCausalityInterface1.xml
auto.tcl: Setting watchdog for 200 seconds at Mon Dec 10 03:00:41 UTC 2018
1 ms. Memory: 849408K Free: 817284K (96%)
ptolemy.util.test.WatchDog.cancel(): canceling Mon Dec 10 03:00:41 UTC 2018
auto.tcl: Setting watchdog for 200 seconds at Mon Dec 10 03:00:41 UTC 2018
1 ms. Memory: 849408K Free: 817284K (96%)
ptolemy.util.test.WatchDog.cancel(): canceling Mon Dec 10 03:00:41 UTC 2018
------------------ testing $PTII/ptolemy/domains/de/test/auto/fsm_de_test.xml
auto.tcl: Setting watchdog for 200 seconds at Mon Dec 10 03:00:41 UTC 2018
7 ms. Memory: 851968K Free: 819739K (96%)
ptolemy.util.test.WatchDog.cancel(): canceling Mon Dec 10 03:00:41 UTC 2018
auto.tcl: Setting watchdog for 200 seconds at Mon Dec 10 03:00:41 UTC 2018
5 ms. Memory: 851968K Free: 819739K (96%)
ptolemy.util.test.WatchDog.cancel(): canceling Mon Dec 10 03:00:41 UTC 2018
------------------ testing $PTII/ptolemy/domains/de/test/auto/functionDependencyReconstruction.xml
auto.tcl: Setting watchdog for 200 seconds at Mon Dec 10 03:00:41 UTC 2018
2 ms. Memory: 849408K Free: 805838K (95%)
ptolemy.util.test.WatchDog.cancel(): canceling Mon Dec 10 03:00:41 UTC 2018
auto.tcl: Setting watchdog for 200 seconds at Mon Dec 10 03:00:41 UTC 2018
2 ms. Memory: 849408K Free: 805838K (95%)
ptolemy.util.test.WatchDog.cancel(): canceling Mon Dec 10 03:00:41 UTC 2018
------------------ testing $PTII/ptolemy/domains/de/test/auto/multirate.xml
auto.tcl: Setting watchdog for 200 seconds at Mon Dec 10 03:00:41 UTC 2018
3 ms. Memory: 851456K Free: 819094K (96%)
ptolemy.util.test.WatchDog.cancel(): canceling Mon Dec 10 03:00:41 UTC 2018
auto.tcl: Setting watchdog for 200 seconds at Mon Dec 10 03:00:41 UTC 2018
3 ms. Memory: 851456K Free: 819094K (96%)
ptolemy.util.test.WatchDog.cancel(): canceling Mon Dec 10 03:00:41 UTC 2018
------------------ testing $PTII/ptolemy/domains/de/test/auto/multirate2.xml
auto.tcl: Setting watchdog for 200 seconds at Mon Dec 10 03:00:41 UTC 2018
3 ms. Memory: 849408K Free: 817235K (96%)
ptolemy.util.test.WatchDog.cancel(): canceling Mon Dec 10 03:00:41 UTC 2018
auto.tcl: Setting watchdog for 200 seconds at Mon Dec 10 03:00:41 UTC 2018
3 ms. Memory: 849408K Free: 817235K (96%)
ptolemy.util.test.WatchDog.cancel(): canceling Mon Dec 10 03:00:41 UTC 2018
------------------ testing $PTII/ptolemy/domains/de/test/auto/realtime.xml
auto.tcl: Setting watchdog for 200 seconds at Mon Dec 10 03:00:41 UTC 2018
10001 ms. Memory: 851456K Free: 819237K (96%)
ptolemy.util.test.WatchDog.cancel(): canceling Mon Dec 10 03:00:51 UTC 2018
auto.tcl: Setting watchdog for 200 seconds at Mon Dec 10 03:00:51 UTC 2018
10002 ms. Memory: 851456K Free: 819237K (96%)
ptolemy.util.test.WatchDog.cancel(): canceling Mon Dec 10 03:01:01 UTC 2018
------------------ testing $PTII/ptolemy/domains/de/test/auto/relationGroup.xml
auto.tcl: Setting watchdog for 200 seconds at Mon Dec 10 03:01:01 UTC 2018
1 ms. Memory: 849408K Free: 817259K (96%)
ptolemy.util.test.WatchDog.cancel(): canceling Mon Dec 10 03:01:01 UTC 2018
auto.tcl: Setting watchdog for 200 seconds at Mon Dec 10 03:01:01 UTC 2018
1 ms. Memory: 849408K Free: 817259K (96%)
ptolemy.util.test.WatchDog.cancel(): canceling Mon Dec 10 03:01:01 UTC 2018
------------------ testing $PTII/ptolemy/domains/de/test/auto/relationGroup2.xml
auto.tcl: Setting watchdog for 200 seconds at Mon Dec 10 03:01:01 UTC 2018
1 ms. Memory: 850944K Free: 818821K (96%)
ptolemy.util.test.WatchDog.cancel(): canceling Mon Dec 10 03:01:01 UTC 2018
auto.tcl: Setting watchdog for 200 seconds at Mon Dec 10 03:01:01 UTC 2018
1 ms. Memory: 850944K Free: 818821K (96%)
ptolemy.util.test.WatchDog.cancel(): canceling Mon Dec 10 03:01:01 UTC 2018
------------------ testing $PTII/ptolemy/domains/de/test/auto/sortWithOpaquePorts.xml
auto.tcl: Setting watchdog for 200 seconds at Mon Dec 10 03:01:01 UTC 2018
1 ms. Memory: 849408K Free: 817287K (96%)
ptolemy.util.test.WatchDog.cancel(): canceling Mon Dec 10 03:01:01 UTC 2018
auto.tcl: Setting watchdog for 200 seconds at Mon Dec 10 03:01:01 UTC 2018
1 ms. Memory: 849408K Free: 817287K (96%)
ptolemy.util.test.WatchDog.cancel(): canceling Mon Dec 10 03:01:01 UTC 2018
------------------ testing $PTII/ptolemy/domains/de/test/auto/transferInputsandOutputs.xml
auto.tcl: Setting watchdog for 200 seconds at Mon Dec 10 03:01:01 UTC 2018
1 ms. Memory: 850944K Free: 818811K (96%)
ptolemy.util.test.WatchDog.cancel(): canceling Mon Dec 10 03:01:01 UTC 2018
auto.tcl: Setting watchdog for 200 seconds at Mon Dec 10 03:01:01 UTC 2018
2 ms. Memory: 850944K Free: 818811K (96%)
ptolemy.util.test.WatchDog.cancel(): canceling Mon Dec 10 03:01:01 UTC 2018
------------------ testing $PTII/ptolemy/domains/de/test/auto/triggerType.xml
auto.tcl: Setting watchdog for 200 seconds at Mon Dec 10 03:01:01 UTC 2018
1 ms. Memory: 849408K Free: 817224K (96%)
ptolemy.util.test.WatchDog.cancel(): canceling Mon Dec 10 03:01:01 UTC 2018
auto.tcl: Setting watchdog for 200 seconds at Mon Dec 10 03:01:01 UTC 2018
1 ms. Memory: 849408K Free: 817224K (96%)
ptolemy.util.test.WatchDog.cancel(): canceling Mon Dec 10 03:01:01 UTC 2018
12/10/18 03:01:01
Failed: 0  Total Tests: 192  ((Passed: 187, Newly Passed: 1)  Known Failed: 5) /home/travis/build/icyphy/ptII/ptolemy/domains/de/test
12/10/18 03:01:01
Failed: 0  Total Tests: 192  ((Passed: 187, Newly Passed: 1)  Known Failed: 5) /home/travis/build/icyphy/ptII/ptolemy/domains/de/test
----------------- testing (KnownFailure) /home/travis/build/icyphy/ptII/ptolemy/domains/de/test/auto/knownFailedTests/DESDFClockTest.xml
2008 ms. Memory: 850432K Free: 802898K (94%)
Known Failure: java.lang.reflect.InvocationTargetException
----------------- testing (KnownFailure) /home/travis/build/icyphy/ptII/ptolemy/domains/de/test/auto/knownFailedTests/DirectFeedback.xml
1 ms. Memory: 850432K Free: 741458K (87%)
Known Failure: java.lang.reflect.InvocationTargetException
----------------- testing (KnownFailure) /home/travis/build/icyphy/ptII/ptolemy/domains/de/test/auto/knownFailedTests/FSMSource.xml
4 ms. Memory: 850432K Free: 680017K (80%)
----------------- testing (KnownFailure) /home/travis/build/icyphy/ptII/ptolemy/domains/de/test/auto/knownFailedTests/HierarchicalModel.xml
2 ms. Memory: 850432K Free: 633921K (75%)
Known Failure: java.lang.reflect.InvocationTargetException
----------------- testing (KnownFailure) /home/travis/build/icyphy/ptII/ptolemy/domains/de/test/auto/knownFailedTests/dependencyLoop.xml
2 ms. Memory: 850432K Free: 572481K (67%)
Known Failure: java.lang.reflect.InvocationTargetException
----------------- testing (KnownFailure) /home/travis/build/icyphy/ptII/ptolemy/domains/de/test/auto/knownFailedTests/dependencyLoop2.xml
2 ms. Memory: 850432K Free: 511041K (60%)
Known Failure: java.lang.reflect.InvocationTargetException
No auto/linux-amd64/*.xml tests in /home/travis/build/icyphy/ptII/ptolemy/domains/de/test
AutoTests.java: About to close Vertx.
AutoTests.java: Vertx closed.

===========================================================================================
----------------- testing Mon Dec 10 03:01:04 UTC 2018 /home/travis/build/icyphy/ptII/ptolemy/domains/de/test/auto/ActorDepthCalculation_actorWithoutPorts.xml
----------------- Instantiating /home/travis/build/icyphy/ptII/ptolemy/domains/de/test/auto/ActorDepthCalculation_actorWithoutPorts.xml
1 ms. Memory: 850432K Free: 434240K (51%)
----------------- Invoking toplevel() on ptolemy.moml.MoMLSimpleApplication@42a2343f
----------------- Done invoking toplevel() on ptolemy.moml.MoMLSimpleApplication@42a2343f
reloadAllAccessors: .ActorDepthCalculation_actorWithoutPorts

===========================================================================================
----------------- testing Mon Dec 10 03:01:04 UTC 2018 /home/travis/build/icyphy/ptII/ptolemy/domains/de/test/auto/AssemblyLine.xml
----------------- Instantiating /home/travis/build/icyphy/ptII/ptolemy/domains/de/test/auto/AssemblyLine.xml
2 ms. Memory: 850432K Free: 403520K (47%)
----------------- Invoking toplevel() on ptolemy.moml.MoMLSimpleApplication@5b8c298f
----------------- Done invoking toplevel() on ptolemy.moml.MoMLSimpleApplication@5b8c298f
reloadAllAccessors: .AssemblyLine

===========================================================================================
----------------- testing Mon Dec 10 03:01:04 UTC 2018 /home/travis/build/icyphy/ptII/ptolemy/domains/de/test/auto/CQBug1.xml
----------------- Instantiating /home/travis/build/icyphy/ptII/ptolemy/domains/de/test/auto/CQBug1.xml
1 ms. Memory: 850432K Free: 372800K (44%)
----------------- Invoking toplevel() on ptolemy.moml.MoMLSimpleApplication@69038702
----------------- Done invoking toplevel() on ptolemy.moml.MoMLSimpleApplication@69038702
reloadAllAccessors: .CQBug1

===========================================================================================
----------------- testing Mon Dec 10 03:01:04 UTC 2018 /home/travis/build/icyphy/ptII/ptolemy/domains/de/test/auto/CancelFireAt.xml
----------------- Instantiating /home/travis/build/icyphy/ptII/ptolemy/domains/de/test/auto/CancelFireAt.xml
1 ms. Memory: 850432K Free: 342080K (40%)
----------------- Invoking toplevel() on ptolemy.moml.MoMLSimpleApplication@440cea1a
----------------- Done invoking toplevel() on ptolemy.moml.MoMLSimpleApplication@440cea1a
reloadAllAccessors: .CancelFireAt

===========================================================================================
----------------- testing Mon Dec 10 03:01:04 UTC 2018 /home/travis/build/icyphy/ptII/ptolemy/domains/de/test/auto/CausalityAndComposabilityAnalysis.xml
----------------- Instantiating /home/travis/build/icyphy/ptII/ptolemy/domains/de/test/auto/CausalityAndComposabilityAnalysis.xml
1 ms. Memory: 850432K Free: 311360K (37%)
----------------- Invoking toplevel() on ptolemy.moml.MoMLSimpleApplication@2ed7c29a
----------------- Done invoking toplevel() on ptolemy.moml.MoMLSimpleApplication@2ed7c29a
reloadAllAccessors: .CausalityAndComposabilityAnalysis

===========================================================================================
----------------- testing Mon Dec 10 03:01:04 UTC 2018 /home/travis/build/icyphy/ptII/ptolemy/domains/de/test/auto/CausalityInterface1.xml
----------------- Instantiating /home/travis/build/icyphy/ptII/ptolemy/domains/de/test/auto/CausalityInterface1.xml
2 ms. Memory: 850432K Free: 280640K (33%)
----------------- Invoking toplevel() on ptolemy.moml.MoMLSimpleApplication@80c428
----------------- Done invoking toplevel() on ptolemy.moml.MoMLSimpleApplication@80c428
reloadAllAccessors: .CausalityInterface1

===========================================================================================
----------------- testing Mon Dec 10 03:01:04 UTC 2018 /home/travis/build/icyphy/ptII/ptolemy/domains/de/test/auto/CausalityInterface15.xml
----------------- Instantiating /home/travis/build/icyphy/ptII/ptolemy/domains/de/test/auto/CausalityInterface15.xml
1 ms. Memory: 850432K Free: 249920K (29%)
----------------- Invoking toplevel() on ptolemy.moml.MoMLSimpleApplication@775c7bcd
----------------- Done invoking toplevel() on ptolemy.moml.MoMLSimpleApplication@775c7bcd
[...]
java.lang.RuntimeException: Execution failed
	at ptolemy.moml.MoMLSimpleApplication$UnloadThread.run(MoMLSimpleApplication.java:402)
Caused by: ptolemy.kernel.util.IllegalActionException: Test fails in iteration 1.
Value was: 1.0. Should have been: 2.0
  in .DirectFeedback.Test
	at ptolemy.actor.lib.Test.fire(Test.java:268)
	at ptolemy.domains.de.kernel.DEDirector._fire(DEDirector.java:1949)
	at ptolemy.domains.de.kernel.DEDirector.fire(DEDirector.java:502)
	at ptolemy.actor.CompositeActor.fire(CompositeActor.java:455)
	at ptolemy.actor.Manager.iterate(Manager.java:851)
	at ptolemy.actor.Manager.execute(Manager.java:369)
	at ptolemy.actor.Manager.run(Manager.java:1263)
	at ptolemy.actor.Manager$PtolemyRunThread.run(Manager.java:1915)
java.lang.RuntimeException: Execution failed
	at ptolemy.moml.MoMLSimpleApplication$UnloadThread.run(MoMLSimpleApplication.java:402)
Caused by: ptolemy.kernel.util.IllegalActionException: Actor is not ready to fire.  Perhaps UpSample.prefire() returned false? Try debugging the actor by selecting "Listen to Actor".  Also, for SDF check moml for tokenConsumptionRate on input.
  in .DESDFClockTest.Play Bell.Copy1:SDF Director and .DESDFClockTest.Play Bell.UpSample
	at ptolemy.actor.sched.StaticSchedulingDirector.fire(StaticSchedulingDirector.java:227)
	at ptolemy.domains.sdf.kernel.SDFDirector.fire(SDFDirector.java:500)
	at ptolemy.actor.CompositeActor.fire(CompositeActor.java:455)
	at ptolemy.domains.de.kernel.DEDirector._fire(DEDirector.java:1949)
	at ptolemy.domains.de.kernel.DEDirector.fire(DEDirector.java:502)
	at ptolemy.actor.CompositeActor.fire(CompositeActor.java:455)
	at ptolemy.actor.Manager.iterate(Manager.java:851)
	at ptolemy.actor.Manager.execute(Manager.java:369)
	at ptolemy.actor.Manager.run(Manager.java:1263)
	at ptolemy.actor.Manager$PtolemyRunThread.run(Manager.java:1915)
java.lang.reflect.InvocationTargetException
	at sun.reflect.NativeConstructorAccessorImpl.newInstance0(Native Method)
	at sun.reflect.NativeConstructorAccessorImpl.newInstance(NativeConstructorAccessorImpl.java:62)
	at sun.reflect.DelegatingConstructorAccessorImpl.newInstance(DelegatingConstructorAccessorImpl.java:45)
	at java.lang.reflect.Constructor.newInstance(Constructor.java:423)
	at ptolemy.util.test.junit.AutoKnownFailedTests.RunModel(AutoKnownFailedTests.java:105)
	at sun.reflect.NativeMethodAccessorImpl.invoke0(Native Method)
	at sun.reflect.NativeMethodAccessorImpl.invoke(NativeMethodAccessorImpl.java:62)
	at sun.reflect.DelegatingMethodAccessorImpl.invoke(DelegatingMethodAccessorImpl.java:43)
	at java.lang.reflect.Method.invoke(Method.java:498)
	at org.junit.runners.model.FrameworkMethod$1.runReflectiveCall(FrameworkMethod.java:44)
	at org.junit.internal.runners.model.ReflectiveCallable.run(ReflectiveCallable.java:15)
	at org.junit.runners.model.FrameworkMethod.invokeExplosively(FrameworkMethod.java:41)
	at junitparams.internal.InvokeParameterisedMethod.evaluate(InvokeParameterisedMethod.java:102)
	at org.junit.internal.runners.statements.FailOnTimeout$1.run(FailOnTimeout.java:28)
Caused by: ptolemy.kernel.util.IllegalActionException: Actor is not ready to fire.  Perhaps UpSample.prefire() returned false? Try debugging the actor by selecting "Listen to Actor".  Also, for SDF check moml for tokenConsumptionRate on input.
  in .DESDFClockTest.Play Bell.Copy1:SDF Director and .DESDFClockTest.Play Bell.UpSample
	at ptolemy.actor.sched.StaticSchedulingDirector.fire(StaticSchedulingDirector.java:227)
	at ptolemy.domains.sdf.kernel.SDFDirector.fire(SDFDirector.java:500)
	at ptolemy.actor.CompositeActor.fire(CompositeActor.java:455)
	at ptolemy.domains.de.kernel.DEDirector._fire(DEDirector.java:1949)
	at ptolemy.domains.de.kernel.DEDirector.fire(DEDirector.java:502)
	at ptolemy.actor.CompositeActor.fire(CompositeActor.java:455)
	at ptolemy.actor.Manager.iterate(Manager.java:851)
	at ptolemy.actor.Manager.execute(Manager.java:369)
	at ptolemy.actor.Manager.run(Manager.java:1263)
	at ptolemy.actor.Manager$PtolemyRunThread.run(Manager.java:1915)
java.lang.RuntimeException: Execution failed
	at ptolemy.moml.MoMLSimpleApplication$UnloadThread.run(MoMLSimpleApplication.java:402)
Caused by: ptolemy.kernel.util.IllegalActionException: Test fails in iteration 1.
Value was: 1.0. Should have been: 2.0
  in .DirectFeedback.Test
	at ptolemy.actor.lib.Test.fire(Test.java:268)
	at ptolemy.domains.de.kernel.DEDirector._fire(DEDirector.java:1949)
	at ptolemy.domains.de.kernel.DEDirector.fire(DEDirector.java:502)
	at ptolemy.actor.CompositeActor.fire(CompositeActor.java:455)
	at ptolemy.actor.Manager.iterate(Manager.java:851)
	at ptolemy.actor.Manager.execute(Manager.java:369)
	at ptolemy.actor.Manager.run(Manager.java:1263)
	at ptolemy.actor.Manager$PtolemyRunThread.run(Manager.java:1915)
java.lang.reflect.InvocationTargetException
	at sun.reflect.NativeConstructorAccessorImpl.newInstance0(Native Method)
	at sun.reflect.NativeConstructorAccessorImpl.newInstance(NativeConstructorAccessorImpl.java:62)
	at sun.reflect.DelegatingConstructorAccessorImpl.newInstance(DelegatingConstructorAccessorImpl.java:45)
	at java.lang.reflect.Constructor.newInstance(Constructor.java:423)
	at ptolemy.util.test.junit.AutoKnownFailedTests.RunModel(AutoKnownFailedTests.java:105)
	at sun.reflect.NativeMethodAccessorImpl.invoke0(Native Method)
	at sun.reflect.NativeMethodAccessorImpl.invoke(NativeMethodAccessorImpl.java:62)
	at sun.reflect.DelegatingMethodAccessorImpl.invoke(DelegatingMethodAccessorImpl.java:43)
	at java.lang.reflect.Method.invoke(Method.java:498)
	at org.junit.runners.model.FrameworkMethod$1.runReflectiveCall(FrameworkMethod.java:44)
	at org.junit.internal.runners.model.ReflectiveCallable.run(ReflectiveCallable.java:15)
	at org.junit.runners.model.FrameworkMethod.invokeExplosively(FrameworkMethod.java:41)
	at junitparams.internal.InvokeParameterisedMethod.evaluate(InvokeParameterisedMethod.java:102)
	at org.junit.internal.runners.statements.FailOnTimeout$1.run(FailOnTimeout.java:28)
Caused by: ptolemy.kernel.util.IllegalActionException: Test fails in iteration 1.
Value was: 1.0. Should have been: 2.0
  in .DirectFeedback.Test
	at ptolemy.actor.lib.Test.fire(Test.java:268)
	at ptolemy.domains.de.kernel.DEDirector._fire(DEDirector.java:1949)
	at ptolemy.domains.de.kernel.DEDirector.fire(DEDirector.java:502)
	at ptolemy.actor.CompositeActor.fire(CompositeActor.java:455)
	at ptolemy.actor.Manager.iterate(Manager.java:851)
	at ptolemy.actor.Manager.execute(Manager.java:369)
	at ptolemy.actor.Manager.run(Manager.java:1263)
	at ptolemy.actor.Manager$PtolemyRunThread.run(Manager.java:1915)
java.lang.RuntimeException: Execution failed
	at ptolemy.moml.MoMLSimpleApplication$UnloadThread.run(MoMLSimpleApplication.java:402)
Caused by: ptolemy.kernel.util.IllegalActionException: Found a zero delay loop containing .HierarchicalModel.A
  in .HierarchicalModel and .HierarchicalModel.A
	at ptolemy.actor.util.CausalityInterfaceForComposites._computeOutputPortDepth(CausalityInterfaceForComposites.java:759)
	at ptolemy.actor.util.CausalityInterfaceForComposites._computeInputDepth(CausalityInterfaceForComposites.java:696)
	at ptolemy.actor.util.CausalityInterfaceForComposites._computeOutputPortDepth(CausalityInterfaceForComposites.java:765)
	at ptolemy.actor.util.CausalityInterfaceForComposites._computeInputDepth(CausalityInterfaceForComposites.java:696)
	at ptolemy.actor.util.CausalityInterfaceForComposites._computeOutputPortDepth(CausalityInterfaceForComposites.java:765)
	at ptolemy.actor.util.CausalityInterfaceForComposites._computeInputDepth(CausalityInterfaceForComposites.java:696)
	at ptolemy.actor.util.CausalityInterfaceForComposites._computeActorDepth(CausalityInterfaceForComposites.java:532)
	at ptolemy.actor.util.CausalityInterfaceForComposites.checkForCycles(CausalityInterfaceForComposites.java:96)
	at ptolemy.domains.de.kernel.DEDirector.preinitialize(DEDirector.java:1338)
	at ptolemy.actor.CompositeActor.preinitialize(CompositeActor.java:1828)
	at ptolemy.actor.Manager.preinitializeAndResolveTypes(Manager.java:1040)
	at ptolemy.actor.Manager.initialize(Manager.java:710)
	at ptolemy.actor.Manager.execute(Manager.java:356)
	at ptolemy.actor.Manager.run(Manager.java:1263)
	at ptolemy.actor.Manager$PtolemyRunThread.run(Manager.java:1915)
java.lang.reflect.InvocationTargetException
	at sun.reflect.NativeConstructorAccessorImpl.newInstance0(Native Method)
	at sun.reflect.NativeConstructorAccessorImpl.newInstance(NativeConstructorAccessorImpl.java:62)
	at sun.reflect.DelegatingConstructorAccessorImpl.newInstance(DelegatingConstructorAccessorImpl.java:45)
	at java.lang.reflect.Constructor.newInstance(Constructor.java:423)
	at ptolemy.util.test.junit.AutoKnownFailedTests.RunModel(AutoKnownFailedTests.java:105)
	at sun.reflect.NativeMethodAccessorImpl.invoke0(Native Method)
	at sun.reflect.NativeMethodAccessorImpl.invoke(NativeMethodAccessorImpl.java:62)
	at sun.reflect.DelegatingMethodAccessorImpl.invoke(DelegatingMethodAccessorImpl.java:43)
	at java.lang.reflect.Method.invoke(Method.java:498)
	at org.junit.runners.model.FrameworkMethod$1.runReflectiveCall(FrameworkMethod.java:44)
	at org.junit.internal.runners.model.ReflectiveCallable.run(ReflectiveCallable.java:15)
	at org.junit.runners.model.FrameworkMethod.invokeExplosively(FrameworkMethod.java:41)
	at junitparams.internal.InvokeParameterisedMethod.evaluate(InvokeParameterisedMethod.java:102)
	at org.junit.internal.runners.statements.FailOnTimeout$1.run(FailOnTimeout.java:28)
Caused by: ptolemy.kernel.util.IllegalActionException: Found a zero delay loop containing .HierarchicalModel.A
  in .HierarchicalModel and .HierarchicalModel.A
	at ptolemy.actor.util.CausalityInterfaceForComposites._computeOutputPortDepth(CausalityInterfaceForComposites.java:759)
	at ptolemy.actor.util.CausalityInterfaceForComposites._computeInputDepth(CausalityInterfaceForComposites.java:696)
	at ptolemy.actor.util.CausalityInterfaceForComposites._computeOutputPortDepth(CausalityInterfaceForComposites.java:765)
	at ptolemy.actor.util.CausalityInterfaceForComposites._computeInputDepth(CausalityInterfaceForComposites.java:696)
	at ptolemy.actor.util.CausalityInterfaceForComposites._computeOutputPortDepth(CausalityInterfaceForComposites.java:765)
	at ptolemy.actor.util.CausalityInterfaceForComposites._computeInputDepth(CausalityInterfaceForComposites.java:696)
	at ptolemy.actor.util.CausalityInterfaceForComposites._computeActorDepth(CausalityInterfaceForComposites.java:532)
	at ptolemy.actor.util.CausalityInterfaceForComposites.checkForCycles(CausalityInterfaceForComposites.java:96)
	at ptolemy.domains.de.kernel.DEDirector.preinitialize(DEDirector.java:1338)
	at ptolemy.actor.CompositeActor.preinitialize(CompositeActor.java:1828)
	at ptolemy.actor.Manager.preinitializeAndResolveTypes(Manager.java:1040)
	at ptolemy.actor.Manager.initialize(Manager.java:710)
	at ptolemy.actor.Manager.execute(Manager.java:356)
	at ptolemy.actor.Manager.run(Manager.java:1263)
	at ptolemy.actor.Manager$PtolemyRunThread.run(Manager.java:1915)
java.lang.RuntimeException: Execution failed
	at ptolemy.moml.MoMLSimpleApplication$UnloadThread.run(MoMLSimpleApplication.java:402)
Caused by: ptolemy.kernel.util.IllegalActionException: Found a zero delay loop containing .dependencyLoop.original
  in .dependencyLoop and .dependencyLoop.original
	at ptolemy.actor.util.CausalityInterfaceForComposites._computeOutputPortDepth(CausalityInterfaceForComposites.java:759)
	at ptolemy.actor.util.CausalityInterfaceForComposites._computeInputDepth(CausalityInterfaceForComposites.java:696)
	at ptolemy.actor.util.CausalityInterfaceForComposites._computeOutputPortDepth(CausalityInterfaceForComposites.java:765)
	at ptolemy.actor.util.CausalityInterfaceForComposites._computeInputDepth(CausalityInterfaceForComposites.java:696)
	at ptolemy.actor.util.CausalityInterfaceForComposites._computeOutputPortDepth(CausalityInterfaceForComposites.java:765)
	at ptolemy.actor.util.CausalityInterfaceForComposites._computeInputDepth(CausalityInterfaceForComposites.java:696)
	at ptolemy.actor.util.CausalityInterfaceForComposites._computeActorDepth(CausalityInterfaceForComposites.java:532)
	at ptolemy.actor.util.CausalityInterfaceForComposites.checkForCycles(CausalityInterfaceForComposites.java:96)
	at ptolemy.domains.de.kernel.DEDirector.preinitialize(DEDirector.java:1338)
	at ptolemy.actor.CompositeActor.preinitialize(CompositeActor.java:1828)
	at ptolemy.actor.Manager.preinitializeAndResolveTypes(Manager.java:1040)
	at ptolemy.actor.Manager.initialize(Manager.java:710)
	at ptolemy.actor.Manager.execute(Manager.java:356)
	at ptolemy.actor.Manager.run(Manager.java:1263)
	at ptolemy.actor.Manager$PtolemyRunThread.run(Manager.java:1915)
java.lang.reflect.InvocationTargetException
	at sun.reflect.NativeConstructorAccessorImpl.newInstance0(Native Method)
	at sun.reflect.NativeConstructorAccessorImpl.newInstance(NativeConstructorAccessorImpl.java:62)
	at sun.reflect.DelegatingConstructorAccessorImpl.newInstance(DelegatingConstructorAccessorImpl.java:45)
	at java.lang.reflect.Constructor.newInstance(Constructor.java:423)
	at ptolemy.util.test.junit.AutoKnownFailedTests.RunModel(AutoKnownFailedTests.java:105)
	at sun.reflect.NativeMethodAccessorImpl.invoke0(Native Method)
	at sun.reflect.NativeMethodAccessorImpl.invoke(NativeMethodAccessorImpl.java:62)
	at sun.reflect.DelegatingMethodAccessorImpl.invoke(DelegatingMethodAccessorImpl.java:43)
	at java.lang.reflect.Method.invoke(Method.java:498)
	at org.junit.runners.model.FrameworkMethod$1.runReflectiveCall(FrameworkMethod.java:44)
	at org.junit.internal.runners.model.ReflectiveCallable.run(ReflectiveCallable.java:15)
	at org.junit.runners.model.FrameworkMethod.invokeExplosively(FrameworkMethod.java:41)
	at junitparams.internal.InvokeParameterisedMethod.evaluate(InvokeParameterisedMethod.java:102)
	at org.junit.internal.runners.statements.FailOnTimeout$1.run(FailOnTimeout.java:28)
Caused by: ptolemy.kernel.util.IllegalActionException: Found a zero delay loop containing .dependencyLoop.original
  in .dependencyLoop and .dependencyLoop.original
	at ptolemy.actor.util.CausalityInterfaceForComposites._computeOutputPortDepth(CausalityInterfaceForComposites.java:759)
	at ptolemy.actor.util.CausalityInterfaceForComposites._computeInputDepth(CausalityInterfaceForComposites.java:696)
	at ptolemy.actor.util.CausalityInterfaceForComposites._computeOutputPortDepth(CausalityInterfaceForComposites.java:765)
	at ptolemy.actor.util.CausalityInterfaceForComposites._computeInputDepth(CausalityInterfaceForComposites.java:696)
	at ptolemy.actor.util.CausalityInterfaceForComposites._computeOutputPortDepth(CausalityInterfaceForComposites.java:765)
	at ptolemy.actor.util.CausalityInterfaceForComposites._computeInputDepth(CausalityInterfaceForComposites.java:696)
	at ptolemy.actor.util.CausalityInterfaceForComposites._computeActorDepth(CausalityInterfaceForComposites.java:532)
	at ptolemy.actor.util.CausalityInterfaceForComposites.checkForCycles(CausalityInterfaceForComposites.java:96)
	at ptolemy.domains.de.kernel.DEDirector.preinitialize(DEDirector.java:1338)
	at ptolemy.actor.CompositeActor.preinitialize(CompositeActor.java:1828)
	at ptolemy.actor.Manager.preinitializeAndResolveTypes(Manager.java:1040)
	at ptolemy.actor.Manager.initialize(Manager.java:710)
	at ptolemy.actor.Manager.execute(Manager.java:356)
	at ptolemy.actor.Manager.run(Manager.java:1263)
	at ptolemy.actor.Manager$PtolemyRunThread.run(Manager.java:1915)
java.lang.RuntimeException: Execution failed
	at ptolemy.moml.MoMLSimpleApplication$UnloadThread.run(MoMLSimpleApplication.java:402)
Caused by: ptolemy.kernel.util.IllegalActionException: Found a zero delay loop containing .dependencyLoop2.original
  in .dependencyLoop2 and .dependencyLoop2.original
	at ptolemy.actor.util.CausalityInterfaceForComposites._computeOutputPortDepth(CausalityInterfaceForComposites.java:759)
	at ptolemy.actor.util.CausalityInterfaceForComposites._computeInputDepth(CausalityInterfaceForComposites.java:696)
	at ptolemy.actor.util.CausalityInterfaceForComposites._computeOutputPortDepth(CausalityInterfaceForComposites.java:765)
	at ptolemy.actor.util.CausalityInterfaceForComposites._computeInputDepth(CausalityInterfaceForComposites.java:696)
	at ptolemy.actor.util.CausalityInterfaceForComposites._computeOutputPortDepth(CausalityInterfaceForComposites.java:765)
	at ptolemy.actor.util.CausalityInterfaceForComposites._computeInputDepth(CausalityInterfaceForComposites.java:696)
	at ptolemy.actor.util.CausalityInterfaceForComposites._computeActorDepth(CausalityInterfaceForComposites.java:532)
	at ptolemy.actor.util.CausalityInterfaceForComposites.checkForCycles(CausalityInterfaceForComposites.java:96)
	at ptolemy.domains.de.kernel.DEDirector.preinitialize(DEDirector.java:1338)
	at ptolemy.actor.CompositeActor.preinitialize(CompositeActor.java:1828)
	at ptolemy.actor.Manager.preinitializeAndResolveTypes(Manager.java:1040)
	at ptolemy.actor.Manager.initialize(Manager.java:710)
	at ptolemy.actor.Manager.execute(Manager.java:356)
	at ptolemy.actor.Manager.run(Manager.java:1263)
	at ptolemy.actor.Manager$PtolemyRunThread.run(Manager.java:1915)
java.lang.reflect.InvocationTargetException
	at sun.reflect.NativeConstructorAccessorImpl.newInstance0(Native Method)
	at sun.reflect.NativeConstructorAccessorImpl.newInstance(NativeConstructorAccessorImpl.java:62)
	at sun.reflect.DelegatingConstructorAccessorImpl.newInstance(DelegatingConstructorAccessorImpl.java:45)
	at java.lang.reflect.Constructor.newInstance(Constructor.java:423)
	at ptolemy.util.test.junit.AutoKnownFailedTests.RunModel(AutoKnownFailedTests.java:105)
	at sun.reflect.NativeMethodAccessorImpl.invoke0(Native Method)
	at sun.reflect.NativeMethodAccessorImpl.invoke(NativeMethodAccessorImpl.java:62)
	at sun.reflect.DelegatingMethodAccessorImpl.invoke(DelegatingMethodAccessorImpl.java:43)
	at java.lang.reflect.Method.invoke(Method.java:498)
	at org.junit.runners.model.FrameworkMethod$1.runReflectiveCall(FrameworkMethod.java:44)
	at org.junit.internal.runners.model.ReflectiveCallable.run(ReflectiveCallable.java:15)
	at org.junit.runners.model.FrameworkMethod.invokeExplosively(FrameworkMethod.java:41)
	at junitparams.internal.InvokeParameterisedMethod.evaluate(InvokeParameterisedMethod.java:102)
	at org.junit.internal.runners.statements.FailOnTimeout$1.run(FailOnTimeout.java:28)
Caused by: ptolemy.kernel.util.IllegalActionException: Found a zero delay loop containing .dependencyLoop2.original
  in .dependencyLoop2 and .dependencyLoop2.original
	at ptolemy.actor.util.CausalityInterfaceForComposites._computeOutputPortDepth(CausalityInterfaceForComposites.java:759)
	at ptolemy.actor.util.CausalityInterfaceForComposites._computeInputDepth(CausalityInterfaceForComposites.java:696)
	at ptolemy.actor.util.CausalityInterfaceForComposites._computeOutputPortDepth(CausalityInterfaceForComposites.java:765)
	at ptolemy.actor.util.CausalityInterfaceForComposites._computeInputDepth(CausalityInterfaceForComposites.java:696)
	at ptolemy.actor.util.CausalityInterfaceForComposites._computeOutputPortDepth(CausalityInterfaceForComposites.java:765)
	at ptolemy.actor.util.CausalityInterfaceForComposites._computeInputDepth(CausalityInterfaceForComposites.java:696)
	at ptolemy.actor.util.CausalityInterfaceForComposites._computeActorDepth(CausalityInterfaceForComposites.java:532)
	at ptolemy.actor.util.CausalityInterfaceForComposites.checkForCycles(CausalityInterfaceForComposites.java:96)
	at ptolemy.domains.de.kernel.DEDirector.preinitialize(DEDirector.java:1338)
	at ptolemy.actor.CompositeActor.preinitialize(CompositeActor.java:1828)
	at ptolemy.actor.Manager.preinitializeAndResolveTypes(Manager.java:1040)
	at ptolemy.actor.Manager.initialize(Manager.java:710)
	at ptolemy.actor.Manager.execute(Manager.java:356)
	at ptolemy.actor.Manager.run(Manager.java:1263)
	at ptolemy.actor.Manager$PtolemyRunThread.run(Manager.java:1915)
]]></system-err>
</testsuite>
